<?xml version="1.0" encoding="UTF-8"?>
<testsuite xmlns:xsi="http://www.w3.org/2001/XMLSchema-instance" xsi:noNamespaceSchemaLocation="https://maven.apache.org/surefire/maven-surefire-plugin/xsd/surefire-test-report.xsd" name="org.apache.hadoop.ozone.scm.node.TestDecommissionAndMaintenance" time="454.335" tests="11" errors="0" skipped="0" failures="2">
  <properties>
    <property name="awt.toolkit" value="sun.awt.X11.XToolkit"/>
    <property name="file.encoding.pkg" value="sun.io"/>
    <property name="java.specification.version" value="1.8"/>
    <property name="sun.cpu.isalist" value=""/>
    <property name="sun.jnu.encoding" value="ANSI_X3.4-1968"/>
    <property name="java.class.path" value="/github/workspace/mnt/ozone/hadoop-ozone/integration-test/target/test-classes:/github/workspace/mnt/ozone/hadoop-ozone/integration-test/target/classes:/home/user/.m2/repository/org/apache/hadoop/hadoop-ozone-common/1.1.0-SNAPSHOT/hadoop-ozone-common-1.1.0-SNAPSHOT.jar:/home/user/.m2/repository/org/apache/commons/commons-compress/1.4.1/commons-compress-1.4.1.jar:/home/user/.m2/repository/org/tukaani/xz/1.0/xz-1.0.jar:/home/user/.m2/repository/org/apache/hadoop/hadoop-hdds-common/1.1.0-SNAPSHOT/hadoop-hdds-common-1.1.0-SNAPSHOT.jar:/home/user/.m2/repository/org/apache/hadoop/hadoop-hdds-client/1.1.0-SNAPSHOT/hadoop-hdds-client-1.1.0-SNAPSHOT.jar:/home/user/.m2/repository/org/apache/hadoop/hadoop-ozone-interface-client/1.1.0-SNAPSHOT/hadoop-ozone-interface-client-1.1.0-SNAPSHOT.jar:/home/user/.m2/repository/org/apache/hadoop/hadoop-hdds-test-utils/1.1.0-SNAPSHOT/hadoop-hdds-test-utils-1.1.0-SNAPSHOT.jar:/home/user/.m2/repository/com/google/guava/guava/28.2-jre/guava-28.2-jre.jar:/home/user/.m2/repository/com/google/guava/failureaccess/1.0.1/failureaccess-1.0.1.jar:/home/user/.m2/repository/com/google/guava/listenablefuture/9999.0-empty-to-avoid-conflict-with-guava/listenablefuture-9999.0-empty-to-avoid-conflict-with-guava.jar:/home/user/.m2/repository/com/google/code/findbugs/jsr305/3.0.0/jsr305-3.0.0.jar:/home/user/.m2/repository/org/checkerframework/checker-qual/2.10.0/checker-qual-2.10.0.jar:/home/user/.m2/repository/com/google/errorprone/error_prone_annotations/2.2.0/error_prone_annotations-2.2.0.jar:/home/user/.m2/repository/com/google/j2objc/j2objc-annotations/1.3/j2objc-annotations-1.3.jar:/home/user/.m2/repository/commons-io/commons-io/2.5/commons-io-2.5.jar:/home/user/.m2/repository/commons-logging/commons-logging/1.2/commons-logging-1.2.jar:/home/user/.m2/repository/log4j/log4j/1.2.17/log4j-1.2.17.jar:/home/user/.m2/repository/org/slf4j/slf4j-api/1.7.30/slf4j-api-1.7.30.jar:/home/user/.m2/repository/org/apache/hadoop/hadoop-hdds-server-scm/1.1.0-SNAPSHOT/hadoop-hdds-server-scm-1.1.0-SNAPSHOT.jar:/home/user/.m2/repository/org/apache/hadoop/hadoop-hdds-container-service/1.1.0-SNAPSHOT/hadoop-hdds-container-service-1.1.0-SNAPSHOT.jar:/home/user/.m2/repository/org/apache/hadoop/hadoop-hdds-hadoop-dependency-server/1.1.0-SNAPSHOT/hadoop-hdds-hadoop-dependency-server-1.1.0-SNAPSHOT.jar:/home/user/.m2/repository/org/apache/hadoop/hadoop-hdfs/3.2.1/hadoop-hdfs-3.2.1.jar:/home/user/.m2/repository/org/apache/hadoop/hadoop-hdds-server-framework/1.1.0-SNAPSHOT/hadoop-hdds-server-framework-1.1.0-SNAPSHOT.jar:/home/user/.m2/repository/org/apache/hadoop/hadoop-hdds-interface-server/1.1.0-SNAPSHOT/hadoop-hdds-interface-server-1.1.0-SNAPSHOT.jar:/home/user/.m2/repository/org/apache/hadoop/hadoop-hdds-interface-admin/1.1.0-SNAPSHOT/hadoop-hdds-interface-admin-1.1.0-SNAPSHOT.jar:/home/user/.m2/repository/org/eclipse/jetty/jetty-servlet/9.4.34.v20201102/jetty-servlet-9.4.34.v20201102.jar:/home/user/.m2/repository/org/eclipse/jetty/jetty-security/9.4.34.v20201102/jetty-security-9.4.34.v20201102.jar:/home/user/.m2/repository/org/rocksdb/rocksdbjni/6.8.1/rocksdbjni-6.8.1.jar:/home/user/.m2/repository/io/prometheus/simpleclient_dropwizard/0.7.0/simpleclient_dropwizard-0.7.0.jar:/home/user/.m2/repository/io/prometheus/simpleclient/0.7.0/simpleclient-0.7.0.jar:/home/user/.m2/repository/io/prometheus/simpleclient_common/0.7.0/simpleclient_common-0.7.0.jar:/home/user/.m2/repository/com/fasterxml/jackson/datatype/jackson-datatype-jsr310/2.10.3/jackson-datatype-jsr310-2.10.3.jar:/home/user/.m2/repository/io/dropwizard/metrics/metrics-core/3.2.4/metrics-core-3.2.4.jar:/home/user/.m2/repository/org/apache/hadoop/hadoop-hdfs-client/3.2.1/hadoop-hdfs-client-3.2.1.jar:/home/user/.m2/repository/org/bouncycastle/bcprov-jdk15on/1.60/bcprov-jdk15on-1.60.jar:/home/user/.m2/repository/org/apache/hadoop/hadoop-ozone-ozone-manager/1.1.0-SNAPSHOT/hadoop-ozone-ozone-manager-1.1.0-SNAPSHOT.jar:/home/user/.m2/repository/org/apache/hadoop/hadoop-hdds-interface-client/1.1.0-SNAPSHOT/hadoop-hdds-interface-client-1.1.0-SNAPSHOT.jar:/home/user/.m2/repository/org/apache/ratis/ratis-thirdparty-misc/0.6.0-SNAPSHOT/ratis-thirdparty-misc-0.6.0-SNAPSHOT.jar:/home/user/.m2/repository/org/apache/hadoop/hadoop-ozone-interface-storage/1.1.0-SNAPSHOT/hadoop-ozone-interface-storage-1.1.0-SNAPSHOT.jar:/home/user/.m2/repository/org/apache/hadoop/hadoop-minikdc/3.2.1/hadoop-minikdc-3.2.1.jar:/home/user/.m2/repository/org/apache/kerby/kerb-simplekdc/1.0.1/kerb-simplekdc-1.0.1.jar:/home/user/.m2/repository/org/apache/kerby/kerb-client/1.0.1/kerb-client-1.0.1.jar:/home/user/.m2/repository/org/apache/kerby/kerby-config/1.0.1/kerby-config-1.0.1.jar:/home/user/.m2/repository/org/apache/kerby/kerb-core/1.0.1/kerb-core-1.0.1.jar:/home/user/.m2/repository/org/apache/kerby/kerby-pkix/1.0.1/kerby-pkix-1.0.1.jar:/home/user/.m2/repository/org/apache/kerby/kerby-asn1/1.0.1/kerby-asn1-1.0.1.jar:/home/user/.m2/repository/org/apache/kerby/kerby-util/1.0.1/kerby-util-1.0.1.jar:/home/user/.m2/repository/org/apache/kerby/kerb-common/1.0.1/kerb-common-1.0.1.jar:/home/user/.m2/repository/org/apache/kerby/kerb-crypto/1.0.1/kerb-crypto-1.0.1.jar:/home/user/.m2/repository/org/apache/kerby/kerb-util/1.0.1/kerb-util-1.0.1.jar:/home/user/.m2/repository/org/apache/kerby/token-provider/1.0.1/token-provider-1.0.1.jar:/home/user/.m2/repository/org/apache/kerby/kerb-admin/1.0.1/kerb-admin-1.0.1.jar:/home/user/.m2/repository/org/apache/kerby/kerb-server/1.0.1/kerb-server-1.0.1.jar:/home/user/.m2/repository/org/apache/kerby/kerb-identity/1.0.1/kerb-identity-1.0.1.jar:/home/user/.m2/repository/org/apache/kerby/kerby-xdr/1.0.1/kerby-xdr-1.0.1.jar:/home/user/.m2/repository/org/slf4j/slf4j-log4j12/1.7.30/slf4j-log4j12-1.7.30.jar:/home/user/.m2/repository/org/apache/hadoop/hadoop-ozone-s3gateway/1.1.0-SNAPSHOT/hadoop-ozone-s3gateway-1.1.0-SNAPSHOT.jar:/home/user/.m2/repository/org/jboss/weld/servlet/weld-servlet/2.4.7.Final/weld-servlet-2.4.7.Final.jar:/home/user/.m2/repository/org/glassfish/jersey/containers/jersey-container-servlet-core/2.27/jersey-container-servlet-core-2.27.jar:/home/user/.m2/repository/org/glassfish/hk2/external/javax.inject/2.5.0-b42/javax.inject-2.5.0-b42.jar:/home/user/.m2/repository/org/glassfish/jersey/core/jersey-common/2.27/jersey-common-2.27.jar:/home/user/.m2/repository/org/glassfish/hk2/osgi-resource-locator/1.0.1/osgi-resource-locator-1.0.1.jar:/home/user/.m2/repository/javax/ws/rs/javax.ws.rs-api/2.1/javax.ws.rs-api-2.1.jar:/home/user/.m2/repository/org/glassfish/jersey/ext/cdi/jersey-cdi1x/2.27/jersey-cdi1x-2.27.jar:/home/user/.m2/repository/org/glassfish/jersey/inject/jersey-hk2/2.27/jersey-hk2-2.27.jar:/home/user/.m2/repository/org/glassfish/hk2/hk2-locator/2.5.0-b42/hk2-locator-2.5.0-b42.jar:/home/user/.m2/repository/org/javassist/javassist/3.22.0-CR2/javassist-3.22.0-CR2.jar:/home/user/.m2/repository/org/glassfish/hk2/hk2-api/2.5.0/hk2-api-2.5.0.jar:/home/user/.m2/repository/org/glassfish/hk2/external/jakarta.inject/2.5.0/jakarta.inject-2.5.0.jar:/home/user/.m2/repository/org/glassfish/hk2/hk2-utils/2.5.0/hk2-utils-2.5.0.jar:/home/user/.m2/repository/jakarta/annotation/jakarta.annotation-api/1.3.4/jakarta.annotation-api-1.3.4.jar:/home/user/.m2/repository/org/glassfish/hk2/external/aopalliance-repackaged/2.5.0/aopalliance-repackaged-2.5.0.jar:/home/user/.m2/repository/com/fasterxml/jackson/dataformat/jackson-dataformat-xml/2.10.3/jackson-dataformat-xml-2.10.3.jar:/home/user/.m2/repository/com/fasterxml/jackson/core/jackson-core/2.10.3/jackson-core-2.10.3.jar:/home/user/.m2/repository/com/fasterxml/jackson/module/jackson-module-jaxb-annotations/2.10.3/jackson-module-jaxb-annotations-2.10.3.jar:/home/user/.m2/repository/jakarta/xml/bind/jakarta.xml.bind-api/2.3.2/jakarta.xml.bind-api-2.3.2.jar:/home/user/.m2/repository/jakarta/activation/jakarta.activation-api/1.2.1/jakarta.activation-api-1.2.1.jar:/home/user/.m2/repository/org/codehaus/woodstox/stax2-api/3.1.4/stax2-api-3.1.4.jar:/home/user/.m2/repository/com/fasterxml/woodstox/woodstox-core/5.0.3/woodstox-core-5.0.3.jar:/home/user/.m2/repository/javax/enterprise/cdi-api/1.2/cdi-api-1.2.jar:/home/user/.m2/repository/javax/el/javax.el-api/3.0.0/javax.el-api-3.0.0.jar:/home/user/.m2/repository/javax/interceptor/javax.interceptor-api/1.2/javax.interceptor-api-1.2.jar:/home/user/.m2/repository/javax/inject/javax.inject/1/javax.inject-1.jar:/home/user/.m2/repository/com/sun/xml/bind/jaxb-impl/2.3.0.1/jaxb-impl-2.3.0.1.jar:/home/user/.m2/repository/com/sun/xml/bind/jaxb-core/2.3.0.1/jaxb-core-2.3.0.1.jar:/home/user/.m2/repository/javax/xml/bind/jaxb-api/2.3.0/jaxb-api-2.3.0.jar:/home/user/.m2/repository/javax/activation/activation/1.1.1/activation-1.1.1.jar:/home/user/.m2/repository/org/apache/hadoop/hadoop-ozone-csi/1.1.0-SNAPSHOT/hadoop-ozone-csi-1.1.0-SNAPSHOT.jar:/home/user/.m2/repository/com/google/protobuf/protobuf-java-util/3.11.0/protobuf-java-util-3.11.0.jar:/home/user/.m2/repository/com/google/code/gson/gson/2.2.4/gson-2.2.4.jar:/home/user/.m2/repository/org/apache/hadoop/hadoop-hdds-config/1.1.0-SNAPSHOT/hadoop-hdds-config-1.1.0-SNAPSHOT.jar:/home/user/.m2/repository/com/google/protobuf/protobuf-java/2.5.0/protobuf-java-2.5.0.jar:/home/user/.m2/repository/io/grpc/grpc-netty/1.29.0/grpc-netty-1.29.0.jar:/home/user/.m2/repository/io/grpc/grpc-core/1.29.0/grpc-core-1.29.0.jar:/home/user/.m2/repository/com/google/android/annotations/4.1.1.4/annotations-4.1.1.4.jar:/home/user/.m2/repository/io/perfmark/perfmark-api/0.19.0/perfmark-api-0.19.0.jar:/home/user/.m2/repository/io/netty/netty-codec-http2/4.1.48.Final/netty-codec-http2-4.1.48.Final.jar:/home/user/.m2/repository/io/netty/netty-codec/4.1.48.Final/netty-codec-4.1.48.Final.jar:/home/user/.m2/repository/io/netty/netty-handler/4.1.48.Final/netty-handler-4.1.48.Final.jar:/home/user/.m2/repository/io/netty/netty-codec-http/4.1.48.Final/netty-codec-http-4.1.48.Final.jar:/home/user/.m2/repository/io/netty/netty-handler-proxy/4.1.48.Final/netty-handler-proxy-4.1.48.Final.jar:/home/user/.m2/repository/io/netty/netty-codec-socks/4.1.48.Final/netty-codec-socks-4.1.48.Final.jar:/home/user/.m2/repository/io/netty/netty-transport-native-epoll/4.1.48.Final/netty-transport-native-epoll-4.1.48.Final.jar:/home/user/.m2/repository/io/netty/netty-common/4.1.48.Final/netty-common-4.1.48.Final.jar:/home/user/.m2/repository/io/netty/netty-buffer/4.1.48.Final/netty-buffer-4.1.48.Final.jar:/home/user/.m2/repository/io/netty/netty-transport/4.1.48.Final/netty-transport-4.1.48.Final.jar:/home/user/.m2/repository/io/netty/netty-resolver/4.1.48.Final/netty-resolver-4.1.48.Final.jar:/home/user/.m2/repository/io/netty/netty-transport-native-unix-common/4.1.48.Final/netty-transport-native-unix-common-4.1.48.Final.jar:/home/user/.m2/repository/io/grpc/grpc-protobuf/1.29.0/grpc-protobuf-1.29.0.jar:/home/user/.m2/repository/io/grpc/grpc-api/1.29.0/grpc-api-1.29.0.jar:/home/user/.m2/repository/io/grpc/grpc-context/1.29.0/grpc-context-1.29.0.jar:/home/user/.m2/repository/org/codehaus/mojo/animal-sniffer-annotations/1.18/animal-sniffer-annotations-1.18.jar:/home/user/.m2/repository/com/google/api/grpc/proto-google-common-protos/1.17.0/proto-google-common-protos-1.17.0.jar:/home/user/.m2/repository/io/grpc/grpc-protobuf-lite/1.29.0/grpc-protobuf-lite-1.29.0.jar:/home/user/.m2/repository/io/grpc/grpc-stub/1.29.0/grpc-stub-1.29.0.jar:/home/user/.m2/repository/org/apache/hadoop/hadoop-ozone-recon/1.1.0-SNAPSHOT/hadoop-ozone-recon-1.1.0-SNAPSHOT.jar:/home/user/.m2/repository/org/apache/hadoop/hadoop-ozone-reconcodegen/1.1.0-SNAPSHOT/hadoop-ozone-reconcodegen-1.1.0-SNAPSHOT.jar:/home/user/.m2/repository/com/google/inject/extensions/guice-multibindings/4.0/guice-multibindings-4.0.jar:/home/user/.m2/repository/com/google/inject/guice/4.0/guice-4.0.jar:/home/user/.m2/repository/aopalliance/aopalliance/1.0/aopalliance-1.0.jar:/home/user/.m2/repository/com/google/inject/extensions/guice-assistedinject/4.0/guice-assistedinject-4.0.jar:/home/user/.m2/repository/com/google/inject/extensions/guice-servlet/4.0/guice-servlet-4.0.jar:/home/user/.m2/repository/org/glassfish/jersey/containers/jersey-container-servlet/2.27/jersey-container-servlet-2.27.jar:/home/user/.m2/repository/org/glassfish/hk2/guice-bridge/2.5.0/guice-bridge-2.5.0.jar:/home/user/.m2/repository/org/glassfish/jersey/core/jersey-server/2.27/jersey-server-2.27.jar:/home/user/.m2/repository/org/glassfish/jersey/core/jersey-client/2.27/jersey-client-2.27.jar:/home/user/.m2/repository/org/glassfish/jersey/media/jersey-media-jaxb/2.27/jersey-media-jaxb-2.27.jar:/home/user/.m2/repository/javax/validation/validation-api/1.1.0.Final/validation-api-1.1.0.Final.jar:/home/user/.m2/repository/org/glassfish/jersey/media/jersey-media-json-jackson/2.27/jersey-media-json-jackson-2.27.jar:/home/user/.m2/repository/org/glassfish/jersey/ext/jersey-entity-filtering/2.27/jersey-entity-filtering-2.27.jar:/home/user/.m2/repository/org/jooq/jooq/3.11.10/jooq-3.11.10.jar:/home/user/.m2/repository/org/jooq/jooq-meta/3.11.10/jooq-meta-3.11.10.jar:/home/user/.m2/repository/org/jooq/jooq-codegen/3.11.10/jooq-codegen-3.11.10.jar:/home/user/.m2/repository/com/jolbox/bonecp/0.8.0.RELEASE/bonecp-0.8.0.RELEASE.jar:/home/user/.m2/repository/org/apache/derby/derby/10.14.2.0/derby-10.14.2.0.jar:/home/user/.m2/repository/org/xerial/sqlite-jdbc/3.25.2/sqlite-jdbc-3.25.2.jar:/home/user/.m2/repository/org/springframework/spring-jdbc/5.2.11.RELEASE/spring-jdbc-5.2.11.RELEASE.jar:/home/user/.m2/repository/org/springframework/spring-beans/5.2.11.RELEASE/spring-beans-5.2.11.RELEASE.jar:/home/user/.m2/repository/org/springframework/spring-core/5.2.11.RELEASE/spring-core-5.2.11.RELEASE.jar:/home/user/.m2/repository/org/springframework/spring-jcl/5.2.11.RELEASE/spring-jcl-5.2.11.RELEASE.jar:/home/user/.m2/repository/org/springframework/spring-tx/5.2.11.RELEASE/spring-tx-5.2.11.RELEASE.jar:/home/user/.m2/repository/org/apache/hadoop/hadoop-ozone-client/1.1.0-SNAPSHOT/hadoop-ozone-client-1.1.0-SNAPSHOT.jar:/home/user/.m2/repository/org/apache/hadoop/hadoop-ozone-filesystem/1.1.0-SNAPSHOT/hadoop-ozone-filesystem-1.1.0-SNAPSHOT.jar:/home/user/.m2/repository/org/apache/hadoop/hadoop-ozone-filesystem-common/1.1.0-SNAPSHOT/hadoop-ozone-filesystem-common-1.1.0-SNAPSHOT.jar:/home/user/.m2/repository/org/apache/hadoop/hadoop-ozone-tools/1.1.0-SNAPSHOT/hadoop-ozone-tools-1.1.0-SNAPSHOT.jar:/home/user/.m2/repository/org/apache/ratis/ratis-tools/1.1.0-913f5a4-SNAPSHOT/ratis-tools-1.1.0-913f5a4-SNAPSHOT.jar:/home/user/.m2/repository/org/apache/ratis/ratis-proto/1.1.0-913f5a4-SNAPSHOT/ratis-proto-1.1.0-913f5a4-SNAPSHOT.jar:/home/user/.m2/repository/org/apache/ratis/ratis-common/1.1.0-913f5a4-SNAPSHOT/ratis-common-1.1.0-913f5a4-SNAPSHOT.jar:/home/user/.m2/repository/com/amazonaws/aws-java-sdk-core/1.11.901/aws-java-sdk-core-1.11.901.jar:/home/user/.m2/repository/org/apache/httpcomponents/httpclient/4.5.13/httpclient-4.5.13.jar:/home/user/.m2/repository/org/apache/httpcomponents/httpcore/4.4.13/httpcore-4.4.13.jar:/home/user/.m2/repository/software/amazon/ion/ion-java/1.0.2/ion-java-1.0.2.jar:/home/user/.m2/repository/com/fasterxml/jackson/dataformat/jackson-dataformat-cbor/2.10.3/jackson-dataformat-cbor-2.10.3.jar:/home/user/.m2/repository/joda-time/joda-time/2.8.1/joda-time-2.8.1.jar:/home/user/.m2/repository/com/amazonaws/aws-java-sdk-s3/1.11.901/aws-java-sdk-s3-1.11.901.jar:/home/user/.m2/repository/com/amazonaws/aws-java-sdk-kms/1.11.901/aws-java-sdk-kms-1.11.901.jar:/home/user/.m2/repository/com/amazonaws/jmespath-java/1.11.901/jmespath-java-1.11.901.jar:/home/user/.m2/repository/org/kohsuke/metainf-services/metainf-services/1.8/metainf-services-1.8.jar:/home/user/.m2/repository/org/apache/hadoop/hadoop-hdds-tools/1.1.0-SNAPSHOT/hadoop-hdds-tools-1.1.0-SNAPSHOT.jar:/home/user/.m2/repository/commons-cli/commons-cli/1.2/commons-cli-1.2.jar:/home/user/.m2/repository/org/apache/commons/commons-lang3/3.7/commons-lang3-3.7.jar:/home/user/.m2/repository/org/apache/hadoop/hadoop-ozone-ozone-manager/1.1.0-SNAPSHOT/hadoop-ozone-ozone-manager-1.1.0-SNAPSHOT-tests.jar:/home/user/.m2/repository/org/apache/hadoop/hadoop-hdds-common/1.1.0-SNAPSHOT/hadoop-hdds-common-1.1.0-SNAPSHOT-tests.jar:/home/user/.m2/repository/org/apache/hadoop/hadoop-hdds-hadoop-dependency-client/1.1.0-SNAPSHOT/hadoop-hdds-hadoop-dependency-client-1.1.0-SNAPSHOT.jar:/home/user/.m2/repository/info/picocli/picocli/4.4.0/picocli-4.4.0.jar:/home/user/.m2/repository/com/fasterxml/jackson/core/jackson-annotations/2.10.3/jackson-annotations-2.10.3.jar:/home/user/.m2/repository/javax/annotation/javax.annotation-api/1.2/javax.annotation-api-1.2.jar:/home/user/.m2/repository/org/fusesource/leveldbjni/leveldbjni-all/1.8/leveldbjni-all-1.8.jar:/home/user/.m2/repository/org/apache/ratis/ratis-server/1.1.0-913f5a4-SNAPSHOT/ratis-server-1.1.0-913f5a4-SNAPSHOT.jar:/home/user/.m2/repository/org/apache/ratis/ratis-client/1.1.0-913f5a4-SNAPSHOT/ratis-client-1.1.0-913f5a4-SNAPSHOT.jar:/home/user/.m2/repository/org/apache/ratis/ratis-metrics/1.1.0-913f5a4-SNAPSHOT/ratis-metrics-1.1.0-913f5a4-SNAPSHOT.jar:/home/user/.m2/repository/org/apache/ratis/ratis-netty/1.1.0-913f5a4-SNAPSHOT/ratis-netty-1.1.0-913f5a4-SNAPSHOT.jar:/home/user/.m2/repository/org/apache/ratis/ratis-grpc/1.1.0-913f5a4-SNAPSHOT/ratis-grpc-1.1.0-913f5a4-SNAPSHOT.jar:/home/user/.m2/repository/org/apache/logging/log4j/log4j-api/2.13.3/log4j-api-2.13.3.jar:/home/user/.m2/repository/org/apache/logging/log4j/log4j-core/2.13.3/log4j-core-2.13.3.jar:/home/user/.m2/repository/com/lmax/disruptor/3.4.2/disruptor-3.4.2.jar:/home/user/.m2/repository/org/apache/commons/commons-pool2/2.6.0/commons-pool2-2.6.0.jar:/home/user/.m2/repository/org/bouncycastle/bcpkix-jdk15on/1.60/bcpkix-jdk15on-1.60.jar:/home/user/.m2/repository/commons-validator/commons-validator/1.6/commons-validator-1.6.jar:/home/user/.m2/repository/commons-beanutils/commons-beanutils/1.9.4/commons-beanutils-1.9.4.jar:/home/user/.m2/repository/commons-digester/commons-digester/1.8.1/commons-digester-1.8.1.jar:/home/user/.m2/repository/commons-collections/commons-collections/3.2.2/commons-collections-3.2.2.jar:/home/user/.m2/repository/io/jaegertracing/jaeger-client/1.2.0/jaeger-client-1.2.0.jar:/home/user/.m2/repository/io/jaegertracing/jaeger-thrift/1.2.0/jaeger-thrift-1.2.0.jar:/home/user/.m2/repository/org/apache/thrift/libthrift/0.13.0/libthrift-0.13.0.jar:/home/user/.m2/repository/com/squareup/okhttp3/okhttp/4.2.2/okhttp-4.2.2.jar:/home/user/.m2/repository/com/squareup/okio/okio/2.2.2/okio-2.2.2.jar:/home/user/.m2/repository/org/jetbrains/kotlin/kotlin-stdlib/1.3.50/kotlin-stdlib-1.3.50.jar:/home/user/.m2/repository/org/jetbrains/kotlin/kotlin-stdlib-common/1.3.50/kotlin-stdlib-common-1.3.50.jar:/home/user/.m2/repository/org/jetbrains/annotations/13.0/annotations-13.0.jar:/home/user/.m2/repository/io/jaegertracing/jaeger-core/1.2.0/jaeger-core-1.2.0.jar:/home/user/.m2/repository/io/jaegertracing/jaeger-tracerresolver/1.2.0/jaeger-tracerresolver-1.2.0.jar:/home/user/.m2/repository/io/opentracing/contrib/opentracing-tracerresolver/0.1.8/opentracing-tracerresolver-0.1.8.jar:/home/user/.m2/repository/io/opentracing/opentracing-util/0.33.0/opentracing-util-0.33.0.jar:/home/user/.m2/repository/io/opentracing/opentracing-api/0.33.0/opentracing-api-0.33.0.jar:/home/user/.m2/repository/io/opentracing/opentracing-noop/0.33.0/opentracing-noop-0.33.0.jar:/home/user/.m2/repository/org/yaml/snakeyaml/1.26/snakeyaml-1.26.jar:/home/user/.m2/repository/junit/junit/4.11/junit-4.11.jar:/home/user/.m2/repository/org/hamcrest/hamcrest-core/1.3/hamcrest-core-1.3.jar:/home/user/.m2/repository/org/openjdk/jmh/jmh-core/1.19/jmh-core-1.19.jar:/home/user/.m2/repository/net/sf/jopt-simple/jopt-simple/4.6/jopt-simple-4.6.jar:/home/user/.m2/repository/org/apache/commons/commons-math3/3.1.1/commons-math3-3.1.1.jar:/home/user/.m2/repository/org/openjdk/jmh/jmh-generator-annprocess/1.19/jmh-generator-annprocess-1.19.jar:/home/user/.m2/repository/org/mockito/mockito-all/1.8.5/mockito-all-1.8.5.jar:/home/user/.m2/repository/org/apache/hadoop/hadoop-kms/3.2.1/hadoop-kms-3.2.1.jar:/home/user/.m2/repository/org/apache/hadoop/hadoop-auth/3.2.1/hadoop-auth-3.2.1.jar:/home/user/.m2/repository/com/nimbusds/nimbus-jose-jwt/7.9/nimbus-jose-jwt-7.9.jar:/home/user/.m2/repository/com/github/stephenc/jcip/jcip-annotations/1.0-1/jcip-annotations-1.0-1.jar:/home/user/.m2/repository/net/minidev/json-smart/2.3/json-smart-2.3.jar:/home/user/.m2/repository/net/minidev/accessors-smart/1.2/accessors-smart-1.2.jar:/home/user/.m2/repository/org/ow2/asm/asm/5.0.4/asm-5.0.4.jar:/home/user/.m2/repository/org/apache/zookeeper/zookeeper/3.4.13/zookeeper-3.4.13.jar:/home/user/.m2/repository/org/apache/yetus/audience-annotations/0.5.0/audience-annotations-0.5.0.jar:/home/user/.m2/repository/org/apache/curator/curator-framework/2.13.0/curator-framework-2.13.0.jar:/home/user/.m2/repository/com/sun/jersey/jersey-core/1.19/jersey-core-1.19.jar:/home/user/.m2/repository/javax/ws/rs/jsr311-api/1.1.1/jsr311-api-1.1.1.jar:/home/user/.m2/repository/com/sun/jersey/jersey-server/1.19/jersey-server-1.19.jar:/home/user/.m2/repository/javax/servlet/javax.servlet-api/3.1.0/javax.servlet-api-3.1.0.jar:/home/user/.m2/repository/org/eclipse/jetty/jetty-server/9.4.34.v20201102/jetty-server-9.4.34.v20201102.jar:/home/user/.m2/repository/org/eclipse/jetty/jetty-http/9.4.34.v20201102/jetty-http-9.4.34.v20201102.jar:/home/user/.m2/repository/org/eclipse/jetty/jetty-io/9.4.34.v20201102/jetty-io-9.4.34.v20201102.jar:/home/user/.m2/repository/org/eclipse/jetty/jetty-webapp/9.4.34.v20201102/jetty-webapp-9.4.34.v20201102.jar:/home/user/.m2/repository/org/eclipse/jetty/jetty-xml/9.4.34.v20201102/jetty-xml-9.4.34.v20201102.jar:/home/user/.m2/repository/org/apache/hadoop/hadoop-common/3.2.1/hadoop-common-3.2.1.jar:/home/user/.m2/repository/commons-net/commons-net/3.6/commons-net-3.6.jar:/home/user/.m2/repository/com/sun/jersey/jersey-servlet/1.19/jersey-servlet-1.19.jar:/home/user/.m2/repository/com/sun/jersey/jersey-json/1.19/jersey-json-1.19.jar:/home/user/.m2/repository/org/codehaus/jettison/jettison/1.1/jettison-1.1.jar:/home/user/.m2/repository/org/codehaus/jackson/jackson-jaxrs/1.9.2/jackson-jaxrs-1.9.2.jar:/home/user/.m2/repository/org/codehaus/jackson/jackson-xc/1.9.2/jackson-xc-1.9.2.jar:/home/user/.m2/repository/org/apache/commons/commons-configuration2/2.1.1/commons-configuration2-2.1.1.jar:/home/user/.m2/repository/org/apache/commons/commons-text/1.4/commons-text-1.4.jar:/home/user/.m2/repository/com/google/re2j/re2j/1.1/re2j-1.1.jar:/home/user/.m2/repository/com/jcraft/jsch/0.1.54/jsch-0.1.54.jar:/home/user/.m2/repository/org/apache/curator/curator-client/2.13.0/curator-client-2.13.0.jar:/home/user/.m2/repository/org/apache/curator/curator-recipes/2.13.0/curator-recipes-2.13.0.jar:/home/user/.m2/repository/dnsjava/dnsjava/2.1.7/dnsjava-2.1.7.jar:/home/user/.m2/repository/org/slf4j/jul-to-slf4j/1.7.30/jul-to-slf4j-1.7.30.jar:/home/user/.m2/repository/org/eclipse/jetty/jetty-util/9.4.34.v20201102/jetty-util-9.4.34.v20201102.jar:/home/user/.m2/repository/com/fasterxml/jackson/core/jackson-databind/2.10.3/jackson-databind-2.10.3.jar:/home/user/.m2/repository/org/apache/hadoop/hadoop-kms/3.2.1/hadoop-kms-3.2.1-tests.jar:/home/user/.m2/repository/org/apache/hadoop/hadoop-hdds-server-scm/1.1.0-SNAPSHOT/hadoop-hdds-server-scm-1.1.0-SNAPSHOT-tests.jar:/home/user/.m2/repository/org/apache/hadoop/hadoop-hdds-container-service/1.1.0-SNAPSHOT/hadoop-hdds-container-service-1.1.0-SNAPSHOT-tests.jar:/home/user/.m2/repository/commons-codec/commons-codec/1.11/commons-codec-1.11.jar:/home/user/.m2/repository/org/apache/hadoop/hadoop-hdds-hadoop-dependency-test/1.1.0-SNAPSHOT/hadoop-hdds-hadoop-dependency-test-1.1.0-SNAPSHOT.jar:/home/user/.m2/repository/org/apache/hadoop/hadoop-common/3.2.1/hadoop-common-3.2.1-tests.jar:/home/user/.m2/repository/org/apache/hadoop/hadoop-hdfs/3.2.1/hadoop-hdfs-3.2.1-tests.jar:/home/user/.m2/repository/org/eclipse/jetty/jetty-util-ajax/9.4.34.v20201102/jetty-util-ajax-9.4.34.v20201102.jar:/home/user/.m2/repository/commons-daemon/commons-daemon/1.0.13/commons-daemon-1.0.13.jar:/home/user/.m2/repository/io/netty/netty/3.10.5.Final/netty-3.10.5.Final.jar:/home/user/.m2/repository/io/netty/netty-all/4.1.48.Final/netty-all-4.1.48.Final.jar:/home/user/.m2/repository/org/apache/htrace/htrace-core4/4.1.0-incubating/htrace-core4-4.1.0-incubating.jar:/home/user/.m2/repository/org/apache/hadoop/hadoop-distcp/3.2.1/hadoop-distcp-3.2.1.jar:/home/user/.m2/repository/org/apache/hadoop/hadoop-mapreduce-client-jobclient/3.2.1/hadoop-mapreduce-client-jobclient-3.2.1.jar:/home/user/.m2/repository/org/apache/hadoop/hadoop-mapreduce-client-common/3.2.1/hadoop-mapreduce-client-common-3.2.1.jar:/home/user/.m2/repository/org/apache/hadoop/hadoop-yarn-common/3.2.1/hadoop-yarn-common-3.2.1.jar:/home/user/.m2/repository/org/apache/hadoop/hadoop-yarn-api/3.2.1/hadoop-yarn-api-3.2.1.jar:/home/user/.m2/repository/com/sun/jersey/jersey-client/1.19/jersey-client-1.19.jar:/home/user/.m2/repository/com/sun/jersey/contribs/jersey-guice/1.19/jersey-guice-1.19.jar:/home/user/.m2/repository/com/fasterxml/jackson/jaxrs/jackson-jaxrs-json-provider/2.10.3/jackson-jaxrs-json-provider-2.10.3.jar:/home/user/.m2/repository/com/fasterxml/jackson/jaxrs/jackson-jaxrs-base/2.10.3/jackson-jaxrs-base-2.10.3.jar:/home/user/.m2/repository/org/apache/hadoop/hadoop-yarn-client/3.2.1/hadoop-yarn-client-3.2.1.jar:/home/user/.m2/repository/org/apache/hadoop/hadoop-mapreduce-client-core/3.2.1/hadoop-mapreduce-client-core-3.2.1.jar:/home/user/.m2/repository/org/apache/avro/avro/1.7.7/avro-1.7.7.jar:/home/user/.m2/repository/org/codehaus/jackson/jackson-core-asl/1.9.13/jackson-core-asl-1.9.13.jar:/home/user/.m2/repository/org/codehaus/jackson/jackson-mapper-asl/1.9.13/jackson-mapper-asl-1.9.13.jar:/home/user/.m2/repository/com/thoughtworks/paranamer/paranamer/2.3/paranamer-2.3.jar:/home/user/.m2/repository/org/xerial/snappy/snappy-java/1.0.5/snappy-java-1.0.5.jar:/home/user/.m2/repository/org/apache/hadoop/hadoop-annotations/3.2.1/hadoop-annotations-3.2.1.jar:/usr/lib/jvm/java-1.8.0-openjdk-1.8.0.232.b09-0.el7_7.x86_64/jre/../lib/tools.jar:/home/user/.m2/repository/org/apache/hadoop/hadoop-distcp/3.2.1/hadoop-distcp-3.2.1-tests.jar:"/>
    <property name="java.vm.vendor" value="Oracle Corporation"/>
    <property name="sun.arch.data.model" value="64"/>
    <property name="test.build.dir" value="/github/workspace/mnt/ozone/hadoop-ozone/integration-test/target/test-dir"/>
    <property name="test.cache.data" value=""/>
    <property name="java.vendor.url" value="http://java.oracle.com/"/>
    <property name="user.timezone" value=""/>
    <property name="java.vm.specification.version" value="1.8"/>
    <property name="os.name" value="Linux"/>
    <property name="test.build.data" value="/github/workspace/mnt/ozone/hadoop-ozone/integration-test/target/test-dir"/>
    <property name="user.country" value="US"/>
    <property name="sun.java.launcher" value="SUN_STANDARD"/>
    <property name="sun.boot.library.path" value="/usr/lib/jvm/java-1.8.0-openjdk-1.8.0.232.b09-0.el7_7.x86_64/jre/lib/amd64"/>
    <property name="sun.java.command" value="/github/workspace/mnt/ozone/hadoop-ozone/integration-test/target/surefire/surefirebooter6408253329551579091.jar /github/workspace/mnt/ozone/hadoop-ozone/integration-test/target/surefire 2020-12-18T01-41-17_272-jvmRun1 surefire6067331630434087285tmp surefire_153790308025433139276tmp"/>
    <property name="surefire.test.class.path" value="/github/workspace/mnt/ozone/hadoop-ozone/integration-test/target/test-classes:/github/workspace/mnt/ozone/hadoop-ozone/integration-test/target/classes:/home/user/.m2/repository/org/apache/hadoop/hadoop-ozone-common/1.1.0-SNAPSHOT/hadoop-ozone-common-1.1.0-SNAPSHOT.jar:/home/user/.m2/repository/org/apache/commons/commons-compress/1.4.1/commons-compress-1.4.1.jar:/home/user/.m2/repository/org/tukaani/xz/1.0/xz-1.0.jar:/home/user/.m2/repository/org/apache/hadoop/hadoop-hdds-common/1.1.0-SNAPSHOT/hadoop-hdds-common-1.1.0-SNAPSHOT.jar:/home/user/.m2/repository/org/apache/hadoop/hadoop-hdds-client/1.1.0-SNAPSHOT/hadoop-hdds-client-1.1.0-SNAPSHOT.jar:/home/user/.m2/repository/org/apache/hadoop/hadoop-ozone-interface-client/1.1.0-SNAPSHOT/hadoop-ozone-interface-client-1.1.0-SNAPSHOT.jar:/home/user/.m2/repository/org/apache/hadoop/hadoop-hdds-test-utils/1.1.0-SNAPSHOT/hadoop-hdds-test-utils-1.1.0-SNAPSHOT.jar:/home/user/.m2/repository/com/google/guava/guava/28.2-jre/guava-28.2-jre.jar:/home/user/.m2/repository/com/google/guava/failureaccess/1.0.1/failureaccess-1.0.1.jar:/home/user/.m2/repository/com/google/guava/listenablefuture/9999.0-empty-to-avoid-conflict-with-guava/listenablefuture-9999.0-empty-to-avoid-conflict-with-guava.jar:/home/user/.m2/repository/com/google/code/findbugs/jsr305/3.0.0/jsr305-3.0.0.jar:/home/user/.m2/repository/org/checkerframework/checker-qual/2.10.0/checker-qual-2.10.0.jar:/home/user/.m2/repository/com/google/errorprone/error_prone_annotations/2.2.0/error_prone_annotations-2.2.0.jar:/home/user/.m2/repository/com/google/j2objc/j2objc-annotations/1.3/j2objc-annotations-1.3.jar:/home/user/.m2/repository/commons-io/commons-io/2.5/commons-io-2.5.jar:/home/user/.m2/repository/commons-logging/commons-logging/1.2/commons-logging-1.2.jar:/home/user/.m2/repository/log4j/log4j/1.2.17/log4j-1.2.17.jar:/home/user/.m2/repository/org/slf4j/slf4j-api/1.7.30/slf4j-api-1.7.30.jar:/home/user/.m2/repository/org/apache/hadoop/hadoop-hdds-server-scm/1.1.0-SNAPSHOT/hadoop-hdds-server-scm-1.1.0-SNAPSHOT.jar:/home/user/.m2/repository/org/apache/hadoop/hadoop-hdds-container-service/1.1.0-SNAPSHOT/hadoop-hdds-container-service-1.1.0-SNAPSHOT.jar:/home/user/.m2/repository/org/apache/hadoop/hadoop-hdds-hadoop-dependency-server/1.1.0-SNAPSHOT/hadoop-hdds-hadoop-dependency-server-1.1.0-SNAPSHOT.jar:/home/user/.m2/repository/org/apache/hadoop/hadoop-hdfs/3.2.1/hadoop-hdfs-3.2.1.jar:/home/user/.m2/repository/org/apache/hadoop/hadoop-hdds-server-framework/1.1.0-SNAPSHOT/hadoop-hdds-server-framework-1.1.0-SNAPSHOT.jar:/home/user/.m2/repository/org/apache/hadoop/hadoop-hdds-interface-server/1.1.0-SNAPSHOT/hadoop-hdds-interface-server-1.1.0-SNAPSHOT.jar:/home/user/.m2/repository/org/apache/hadoop/hadoop-hdds-interface-admin/1.1.0-SNAPSHOT/hadoop-hdds-interface-admin-1.1.0-SNAPSHOT.jar:/home/user/.m2/repository/org/eclipse/jetty/jetty-servlet/9.4.34.v20201102/jetty-servlet-9.4.34.v20201102.jar:/home/user/.m2/repository/org/eclipse/jetty/jetty-security/9.4.34.v20201102/jetty-security-9.4.34.v20201102.jar:/home/user/.m2/repository/org/rocksdb/rocksdbjni/6.8.1/rocksdbjni-6.8.1.jar:/home/user/.m2/repository/io/prometheus/simpleclient_dropwizard/0.7.0/simpleclient_dropwizard-0.7.0.jar:/home/user/.m2/repository/io/prometheus/simpleclient/0.7.0/simpleclient-0.7.0.jar:/home/user/.m2/repository/io/prometheus/simpleclient_common/0.7.0/simpleclient_common-0.7.0.jar:/home/user/.m2/repository/com/fasterxml/jackson/datatype/jackson-datatype-jsr310/2.10.3/jackson-datatype-jsr310-2.10.3.jar:/home/user/.m2/repository/io/dropwizard/metrics/metrics-core/3.2.4/metrics-core-3.2.4.jar:/home/user/.m2/repository/org/apache/hadoop/hadoop-hdfs-client/3.2.1/hadoop-hdfs-client-3.2.1.jar:/home/user/.m2/repository/org/bouncycastle/bcprov-jdk15on/1.60/bcprov-jdk15on-1.60.jar:/home/user/.m2/repository/org/apache/hadoop/hadoop-ozone-ozone-manager/1.1.0-SNAPSHOT/hadoop-ozone-ozone-manager-1.1.0-SNAPSHOT.jar:/home/user/.m2/repository/org/apache/hadoop/hadoop-hdds-interface-client/1.1.0-SNAPSHOT/hadoop-hdds-interface-client-1.1.0-SNAPSHOT.jar:/home/user/.m2/repository/org/apache/ratis/ratis-thirdparty-misc/0.6.0-SNAPSHOT/ratis-thirdparty-misc-0.6.0-SNAPSHOT.jar:/home/user/.m2/repository/org/apache/hadoop/hadoop-ozone-interface-storage/1.1.0-SNAPSHOT/hadoop-ozone-interface-storage-1.1.0-SNAPSHOT.jar:/home/user/.m2/repository/org/apache/hadoop/hadoop-minikdc/3.2.1/hadoop-minikdc-3.2.1.jar:/home/user/.m2/repository/org/apache/kerby/kerb-simplekdc/1.0.1/kerb-simplekdc-1.0.1.jar:/home/user/.m2/repository/org/apache/kerby/kerb-client/1.0.1/kerb-client-1.0.1.jar:/home/user/.m2/repository/org/apache/kerby/kerby-config/1.0.1/kerby-config-1.0.1.jar:/home/user/.m2/repository/org/apache/kerby/kerb-core/1.0.1/kerb-core-1.0.1.jar:/home/user/.m2/repository/org/apache/kerby/kerby-pkix/1.0.1/kerby-pkix-1.0.1.jar:/home/user/.m2/repository/org/apache/kerby/kerby-asn1/1.0.1/kerby-asn1-1.0.1.jar:/home/user/.m2/repository/org/apache/kerby/kerby-util/1.0.1/kerby-util-1.0.1.jar:/home/user/.m2/repository/org/apache/kerby/kerb-common/1.0.1/kerb-common-1.0.1.jar:/home/user/.m2/repository/org/apache/kerby/kerb-crypto/1.0.1/kerb-crypto-1.0.1.jar:/home/user/.m2/repository/org/apache/kerby/kerb-util/1.0.1/kerb-util-1.0.1.jar:/home/user/.m2/repository/org/apache/kerby/token-provider/1.0.1/token-provider-1.0.1.jar:/home/user/.m2/repository/org/apache/kerby/kerb-admin/1.0.1/kerb-admin-1.0.1.jar:/home/user/.m2/repository/org/apache/kerby/kerb-server/1.0.1/kerb-server-1.0.1.jar:/home/user/.m2/repository/org/apache/kerby/kerb-identity/1.0.1/kerb-identity-1.0.1.jar:/home/user/.m2/repository/org/apache/kerby/kerby-xdr/1.0.1/kerby-xdr-1.0.1.jar:/home/user/.m2/repository/org/slf4j/slf4j-log4j12/1.7.30/slf4j-log4j12-1.7.30.jar:/home/user/.m2/repository/org/apache/hadoop/hadoop-ozone-s3gateway/1.1.0-SNAPSHOT/hadoop-ozone-s3gateway-1.1.0-SNAPSHOT.jar:/home/user/.m2/repository/org/jboss/weld/servlet/weld-servlet/2.4.7.Final/weld-servlet-2.4.7.Final.jar:/home/user/.m2/repository/org/glassfish/jersey/containers/jersey-container-servlet-core/2.27/jersey-container-servlet-core-2.27.jar:/home/user/.m2/repository/org/glassfish/hk2/external/javax.inject/2.5.0-b42/javax.inject-2.5.0-b42.jar:/home/user/.m2/repository/org/glassfish/jersey/core/jersey-common/2.27/jersey-common-2.27.jar:/home/user/.m2/repository/org/glassfish/hk2/osgi-resource-locator/1.0.1/osgi-resource-locator-1.0.1.jar:/home/user/.m2/repository/javax/ws/rs/javax.ws.rs-api/2.1/javax.ws.rs-api-2.1.jar:/home/user/.m2/repository/org/glassfish/jersey/ext/cdi/jersey-cdi1x/2.27/jersey-cdi1x-2.27.jar:/home/user/.m2/repository/org/glassfish/jersey/inject/jersey-hk2/2.27/jersey-hk2-2.27.jar:/home/user/.m2/repository/org/glassfish/hk2/hk2-locator/2.5.0-b42/hk2-locator-2.5.0-b42.jar:/home/user/.m2/repository/org/javassist/javassist/3.22.0-CR2/javassist-3.22.0-CR2.jar:/home/user/.m2/repository/org/glassfish/hk2/hk2-api/2.5.0/hk2-api-2.5.0.jar:/home/user/.m2/repository/org/glassfish/hk2/external/jakarta.inject/2.5.0/jakarta.inject-2.5.0.jar:/home/user/.m2/repository/org/glassfish/hk2/hk2-utils/2.5.0/hk2-utils-2.5.0.jar:/home/user/.m2/repository/jakarta/annotation/jakarta.annotation-api/1.3.4/jakarta.annotation-api-1.3.4.jar:/home/user/.m2/repository/org/glassfish/hk2/external/aopalliance-repackaged/2.5.0/aopalliance-repackaged-2.5.0.jar:/home/user/.m2/repository/com/fasterxml/jackson/dataformat/jackson-dataformat-xml/2.10.3/jackson-dataformat-xml-2.10.3.jar:/home/user/.m2/repository/com/fasterxml/jackson/core/jackson-core/2.10.3/jackson-core-2.10.3.jar:/home/user/.m2/repository/com/fasterxml/jackson/module/jackson-module-jaxb-annotations/2.10.3/jackson-module-jaxb-annotations-2.10.3.jar:/home/user/.m2/repository/jakarta/xml/bind/jakarta.xml.bind-api/2.3.2/jakarta.xml.bind-api-2.3.2.jar:/home/user/.m2/repository/jakarta/activation/jakarta.activation-api/1.2.1/jakarta.activation-api-1.2.1.jar:/home/user/.m2/repository/org/codehaus/woodstox/stax2-api/3.1.4/stax2-api-3.1.4.jar:/home/user/.m2/repository/com/fasterxml/woodstox/woodstox-core/5.0.3/woodstox-core-5.0.3.jar:/home/user/.m2/repository/javax/enterprise/cdi-api/1.2/cdi-api-1.2.jar:/home/user/.m2/repository/javax/el/javax.el-api/3.0.0/javax.el-api-3.0.0.jar:/home/user/.m2/repository/javax/interceptor/javax.interceptor-api/1.2/javax.interceptor-api-1.2.jar:/home/user/.m2/repository/javax/inject/javax.inject/1/javax.inject-1.jar:/home/user/.m2/repository/com/sun/xml/bind/jaxb-impl/2.3.0.1/jaxb-impl-2.3.0.1.jar:/home/user/.m2/repository/com/sun/xml/bind/jaxb-core/2.3.0.1/jaxb-core-2.3.0.1.jar:/home/user/.m2/repository/javax/xml/bind/jaxb-api/2.3.0/jaxb-api-2.3.0.jar:/home/user/.m2/repository/javax/activation/activation/1.1.1/activation-1.1.1.jar:/home/user/.m2/repository/org/apache/hadoop/hadoop-ozone-csi/1.1.0-SNAPSHOT/hadoop-ozone-csi-1.1.0-SNAPSHOT.jar:/home/user/.m2/repository/com/google/protobuf/protobuf-java-util/3.11.0/protobuf-java-util-3.11.0.jar:/home/user/.m2/repository/com/google/code/gson/gson/2.2.4/gson-2.2.4.jar:/home/user/.m2/repository/org/apache/hadoop/hadoop-hdds-config/1.1.0-SNAPSHOT/hadoop-hdds-config-1.1.0-SNAPSHOT.jar:/home/user/.m2/repository/com/google/protobuf/protobuf-java/2.5.0/protobuf-java-2.5.0.jar:/home/user/.m2/repository/io/grpc/grpc-netty/1.29.0/grpc-netty-1.29.0.jar:/home/user/.m2/repository/io/grpc/grpc-core/1.29.0/grpc-core-1.29.0.jar:/home/user/.m2/repository/com/google/android/annotations/4.1.1.4/annotations-4.1.1.4.jar:/home/user/.m2/repository/io/perfmark/perfmark-api/0.19.0/perfmark-api-0.19.0.jar:/home/user/.m2/repository/io/netty/netty-codec-http2/4.1.48.Final/netty-codec-http2-4.1.48.Final.jar:/home/user/.m2/repository/io/netty/netty-codec/4.1.48.Final/netty-codec-4.1.48.Final.jar:/home/user/.m2/repository/io/netty/netty-handler/4.1.48.Final/netty-handler-4.1.48.Final.jar:/home/user/.m2/repository/io/netty/netty-codec-http/4.1.48.Final/netty-codec-http-4.1.48.Final.jar:/home/user/.m2/repository/io/netty/netty-handler-proxy/4.1.48.Final/netty-handler-proxy-4.1.48.Final.jar:/home/user/.m2/repository/io/netty/netty-codec-socks/4.1.48.Final/netty-codec-socks-4.1.48.Final.jar:/home/user/.m2/repository/io/netty/netty-transport-native-epoll/4.1.48.Final/netty-transport-native-epoll-4.1.48.Final.jar:/home/user/.m2/repository/io/netty/netty-common/4.1.48.Final/netty-common-4.1.48.Final.jar:/home/user/.m2/repository/io/netty/netty-buffer/4.1.48.Final/netty-buffer-4.1.48.Final.jar:/home/user/.m2/repository/io/netty/netty-transport/4.1.48.Final/netty-transport-4.1.48.Final.jar:/home/user/.m2/repository/io/netty/netty-resolver/4.1.48.Final/netty-resolver-4.1.48.Final.jar:/home/user/.m2/repository/io/netty/netty-transport-native-unix-common/4.1.48.Final/netty-transport-native-unix-common-4.1.48.Final.jar:/home/user/.m2/repository/io/grpc/grpc-protobuf/1.29.0/grpc-protobuf-1.29.0.jar:/home/user/.m2/repository/io/grpc/grpc-api/1.29.0/grpc-api-1.29.0.jar:/home/user/.m2/repository/io/grpc/grpc-context/1.29.0/grpc-context-1.29.0.jar:/home/user/.m2/repository/org/codehaus/mojo/animal-sniffer-annotations/1.18/animal-sniffer-annotations-1.18.jar:/home/user/.m2/repository/com/google/api/grpc/proto-google-common-protos/1.17.0/proto-google-common-protos-1.17.0.jar:/home/user/.m2/repository/io/grpc/grpc-protobuf-lite/1.29.0/grpc-protobuf-lite-1.29.0.jar:/home/user/.m2/repository/io/grpc/grpc-stub/1.29.0/grpc-stub-1.29.0.jar:/home/user/.m2/repository/org/apache/hadoop/hadoop-ozone-recon/1.1.0-SNAPSHOT/hadoop-ozone-recon-1.1.0-SNAPSHOT.jar:/home/user/.m2/repository/org/apache/hadoop/hadoop-ozone-reconcodegen/1.1.0-SNAPSHOT/hadoop-ozone-reconcodegen-1.1.0-SNAPSHOT.jar:/home/user/.m2/repository/com/google/inject/extensions/guice-multibindings/4.0/guice-multibindings-4.0.jar:/home/user/.m2/repository/com/google/inject/guice/4.0/guice-4.0.jar:/home/user/.m2/repository/aopalliance/aopalliance/1.0/aopalliance-1.0.jar:/home/user/.m2/repository/com/google/inject/extensions/guice-assistedinject/4.0/guice-assistedinject-4.0.jar:/home/user/.m2/repository/com/google/inject/extensions/guice-servlet/4.0/guice-servlet-4.0.jar:/home/user/.m2/repository/org/glassfish/jersey/containers/jersey-container-servlet/2.27/jersey-container-servlet-2.27.jar:/home/user/.m2/repository/org/glassfish/hk2/guice-bridge/2.5.0/guice-bridge-2.5.0.jar:/home/user/.m2/repository/org/glassfish/jersey/core/jersey-server/2.27/jersey-server-2.27.jar:/home/user/.m2/repository/org/glassfish/jersey/core/jersey-client/2.27/jersey-client-2.27.jar:/home/user/.m2/repository/org/glassfish/jersey/media/jersey-media-jaxb/2.27/jersey-media-jaxb-2.27.jar:/home/user/.m2/repository/javax/validation/validation-api/1.1.0.Final/validation-api-1.1.0.Final.jar:/home/user/.m2/repository/org/glassfish/jersey/media/jersey-media-json-jackson/2.27/jersey-media-json-jackson-2.27.jar:/home/user/.m2/repository/org/glassfish/jersey/ext/jersey-entity-filtering/2.27/jersey-entity-filtering-2.27.jar:/home/user/.m2/repository/org/jooq/jooq/3.11.10/jooq-3.11.10.jar:/home/user/.m2/repository/org/jooq/jooq-meta/3.11.10/jooq-meta-3.11.10.jar:/home/user/.m2/repository/org/jooq/jooq-codegen/3.11.10/jooq-codegen-3.11.10.jar:/home/user/.m2/repository/com/jolbox/bonecp/0.8.0.RELEASE/bonecp-0.8.0.RELEASE.jar:/home/user/.m2/repository/org/apache/derby/derby/10.14.2.0/derby-10.14.2.0.jar:/home/user/.m2/repository/org/xerial/sqlite-jdbc/3.25.2/sqlite-jdbc-3.25.2.jar:/home/user/.m2/repository/org/springframework/spring-jdbc/5.2.11.RELEASE/spring-jdbc-5.2.11.RELEASE.jar:/home/user/.m2/repository/org/springframework/spring-beans/5.2.11.RELEASE/spring-beans-5.2.11.RELEASE.jar:/home/user/.m2/repository/org/springframework/spring-core/5.2.11.RELEASE/spring-core-5.2.11.RELEASE.jar:/home/user/.m2/repository/org/springframework/spring-jcl/5.2.11.RELEASE/spring-jcl-5.2.11.RELEASE.jar:/home/user/.m2/repository/org/springframework/spring-tx/5.2.11.RELEASE/spring-tx-5.2.11.RELEASE.jar:/home/user/.m2/repository/org/apache/hadoop/hadoop-ozone-client/1.1.0-SNAPSHOT/hadoop-ozone-client-1.1.0-SNAPSHOT.jar:/home/user/.m2/repository/org/apache/hadoop/hadoop-ozone-filesystem/1.1.0-SNAPSHOT/hadoop-ozone-filesystem-1.1.0-SNAPSHOT.jar:/home/user/.m2/repository/org/apache/hadoop/hadoop-ozone-filesystem-common/1.1.0-SNAPSHOT/hadoop-ozone-filesystem-common-1.1.0-SNAPSHOT.jar:/home/user/.m2/repository/org/apache/hadoop/hadoop-ozone-tools/1.1.0-SNAPSHOT/hadoop-ozone-tools-1.1.0-SNAPSHOT.jar:/home/user/.m2/repository/org/apache/ratis/ratis-tools/1.1.0-913f5a4-SNAPSHOT/ratis-tools-1.1.0-913f5a4-SNAPSHOT.jar:/home/user/.m2/repository/org/apache/ratis/ratis-proto/1.1.0-913f5a4-SNAPSHOT/ratis-proto-1.1.0-913f5a4-SNAPSHOT.jar:/home/user/.m2/repository/org/apache/ratis/ratis-common/1.1.0-913f5a4-SNAPSHOT/ratis-common-1.1.0-913f5a4-SNAPSHOT.jar:/home/user/.m2/repository/com/amazonaws/aws-java-sdk-core/1.11.901/aws-java-sdk-core-1.11.901.jar:/home/user/.m2/repository/org/apache/httpcomponents/httpclient/4.5.13/httpclient-4.5.13.jar:/home/user/.m2/repository/org/apache/httpcomponents/httpcore/4.4.13/httpcore-4.4.13.jar:/home/user/.m2/repository/software/amazon/ion/ion-java/1.0.2/ion-java-1.0.2.jar:/home/user/.m2/repository/com/fasterxml/jackson/dataformat/jackson-dataformat-cbor/2.10.3/jackson-dataformat-cbor-2.10.3.jar:/home/user/.m2/repository/joda-time/joda-time/2.8.1/joda-time-2.8.1.jar:/home/user/.m2/repository/com/amazonaws/aws-java-sdk-s3/1.11.901/aws-java-sdk-s3-1.11.901.jar:/home/user/.m2/repository/com/amazonaws/aws-java-sdk-kms/1.11.901/aws-java-sdk-kms-1.11.901.jar:/home/user/.m2/repository/com/amazonaws/jmespath-java/1.11.901/jmespath-java-1.11.901.jar:/home/user/.m2/repository/org/kohsuke/metainf-services/metainf-services/1.8/metainf-services-1.8.jar:/home/user/.m2/repository/org/apache/hadoop/hadoop-hdds-tools/1.1.0-SNAPSHOT/hadoop-hdds-tools-1.1.0-SNAPSHOT.jar:/home/user/.m2/repository/commons-cli/commons-cli/1.2/commons-cli-1.2.jar:/home/user/.m2/repository/org/apache/commons/commons-lang3/3.7/commons-lang3-3.7.jar:/home/user/.m2/repository/org/apache/hadoop/hadoop-ozone-ozone-manager/1.1.0-SNAPSHOT/hadoop-ozone-ozone-manager-1.1.0-SNAPSHOT-tests.jar:/home/user/.m2/repository/org/apache/hadoop/hadoop-hdds-common/1.1.0-SNAPSHOT/hadoop-hdds-common-1.1.0-SNAPSHOT-tests.jar:/home/user/.m2/repository/org/apache/hadoop/hadoop-hdds-hadoop-dependency-client/1.1.0-SNAPSHOT/hadoop-hdds-hadoop-dependency-client-1.1.0-SNAPSHOT.jar:/home/user/.m2/repository/info/picocli/picocli/4.4.0/picocli-4.4.0.jar:/home/user/.m2/repository/com/fasterxml/jackson/core/jackson-annotations/2.10.3/jackson-annotations-2.10.3.jar:/home/user/.m2/repository/javax/annotation/javax.annotation-api/1.2/javax.annotation-api-1.2.jar:/home/user/.m2/repository/org/fusesource/leveldbjni/leveldbjni-all/1.8/leveldbjni-all-1.8.jar:/home/user/.m2/repository/org/apache/ratis/ratis-server/1.1.0-913f5a4-SNAPSHOT/ratis-server-1.1.0-913f5a4-SNAPSHOT.jar:/home/user/.m2/repository/org/apache/ratis/ratis-client/1.1.0-913f5a4-SNAPSHOT/ratis-client-1.1.0-913f5a4-SNAPSHOT.jar:/home/user/.m2/repository/org/apache/ratis/ratis-metrics/1.1.0-913f5a4-SNAPSHOT/ratis-metrics-1.1.0-913f5a4-SNAPSHOT.jar:/home/user/.m2/repository/org/apache/ratis/ratis-netty/1.1.0-913f5a4-SNAPSHOT/ratis-netty-1.1.0-913f5a4-SNAPSHOT.jar:/home/user/.m2/repository/org/apache/ratis/ratis-grpc/1.1.0-913f5a4-SNAPSHOT/ratis-grpc-1.1.0-913f5a4-SNAPSHOT.jar:/home/user/.m2/repository/org/apache/logging/log4j/log4j-api/2.13.3/log4j-api-2.13.3.jar:/home/user/.m2/repository/org/apache/logging/log4j/log4j-core/2.13.3/log4j-core-2.13.3.jar:/home/user/.m2/repository/com/lmax/disruptor/3.4.2/disruptor-3.4.2.jar:/home/user/.m2/repository/org/apache/commons/commons-pool2/2.6.0/commons-pool2-2.6.0.jar:/home/user/.m2/repository/org/bouncycastle/bcpkix-jdk15on/1.60/bcpkix-jdk15on-1.60.jar:/home/user/.m2/repository/commons-validator/commons-validator/1.6/commons-validator-1.6.jar:/home/user/.m2/repository/commons-beanutils/commons-beanutils/1.9.4/commons-beanutils-1.9.4.jar:/home/user/.m2/repository/commons-digester/commons-digester/1.8.1/commons-digester-1.8.1.jar:/home/user/.m2/repository/commons-collections/commons-collections/3.2.2/commons-collections-3.2.2.jar:/home/user/.m2/repository/io/jaegertracing/jaeger-client/1.2.0/jaeger-client-1.2.0.jar:/home/user/.m2/repository/io/jaegertracing/jaeger-thrift/1.2.0/jaeger-thrift-1.2.0.jar:/home/user/.m2/repository/org/apache/thrift/libthrift/0.13.0/libthrift-0.13.0.jar:/home/user/.m2/repository/com/squareup/okhttp3/okhttp/4.2.2/okhttp-4.2.2.jar:/home/user/.m2/repository/com/squareup/okio/okio/2.2.2/okio-2.2.2.jar:/home/user/.m2/repository/org/jetbrains/kotlin/kotlin-stdlib/1.3.50/kotlin-stdlib-1.3.50.jar:/home/user/.m2/repository/org/jetbrains/kotlin/kotlin-stdlib-common/1.3.50/kotlin-stdlib-common-1.3.50.jar:/home/user/.m2/repository/org/jetbrains/annotations/13.0/annotations-13.0.jar:/home/user/.m2/repository/io/jaegertracing/jaeger-core/1.2.0/jaeger-core-1.2.0.jar:/home/user/.m2/repository/io/jaegertracing/jaeger-tracerresolver/1.2.0/jaeger-tracerresolver-1.2.0.jar:/home/user/.m2/repository/io/opentracing/contrib/opentracing-tracerresolver/0.1.8/opentracing-tracerresolver-0.1.8.jar:/home/user/.m2/repository/io/opentracing/opentracing-util/0.33.0/opentracing-util-0.33.0.jar:/home/user/.m2/repository/io/opentracing/opentracing-api/0.33.0/opentracing-api-0.33.0.jar:/home/user/.m2/repository/io/opentracing/opentracing-noop/0.33.0/opentracing-noop-0.33.0.jar:/home/user/.m2/repository/org/yaml/snakeyaml/1.26/snakeyaml-1.26.jar:/home/user/.m2/repository/junit/junit/4.11/junit-4.11.jar:/home/user/.m2/repository/org/hamcrest/hamcrest-core/1.3/hamcrest-core-1.3.jar:/home/user/.m2/repository/org/openjdk/jmh/jmh-core/1.19/jmh-core-1.19.jar:/home/user/.m2/repository/net/sf/jopt-simple/jopt-simple/4.6/jopt-simple-4.6.jar:/home/user/.m2/repository/org/apache/commons/commons-math3/3.1.1/commons-math3-3.1.1.jar:/home/user/.m2/repository/org/openjdk/jmh/jmh-generator-annprocess/1.19/jmh-generator-annprocess-1.19.jar:/home/user/.m2/repository/org/mockito/mockito-all/1.8.5/mockito-all-1.8.5.jar:/home/user/.m2/repository/org/apache/hadoop/hadoop-kms/3.2.1/hadoop-kms-3.2.1.jar:/home/user/.m2/repository/org/apache/hadoop/hadoop-auth/3.2.1/hadoop-auth-3.2.1.jar:/home/user/.m2/repository/com/nimbusds/nimbus-jose-jwt/7.9/nimbus-jose-jwt-7.9.jar:/home/user/.m2/repository/com/github/stephenc/jcip/jcip-annotations/1.0-1/jcip-annotations-1.0-1.jar:/home/user/.m2/repository/net/minidev/json-smart/2.3/json-smart-2.3.jar:/home/user/.m2/repository/net/minidev/accessors-smart/1.2/accessors-smart-1.2.jar:/home/user/.m2/repository/org/ow2/asm/asm/5.0.4/asm-5.0.4.jar:/home/user/.m2/repository/org/apache/zookeeper/zookeeper/3.4.13/zookeeper-3.4.13.jar:/home/user/.m2/repository/org/apache/yetus/audience-annotations/0.5.0/audience-annotations-0.5.0.jar:/home/user/.m2/repository/org/apache/curator/curator-framework/2.13.0/curator-framework-2.13.0.jar:/home/user/.m2/repository/com/sun/jersey/jersey-core/1.19/jersey-core-1.19.jar:/home/user/.m2/repository/javax/ws/rs/jsr311-api/1.1.1/jsr311-api-1.1.1.jar:/home/user/.m2/repository/com/sun/jersey/jersey-server/1.19/jersey-server-1.19.jar:/home/user/.m2/repository/javax/servlet/javax.servlet-api/3.1.0/javax.servlet-api-3.1.0.jar:/home/user/.m2/repository/org/eclipse/jetty/jetty-server/9.4.34.v20201102/jetty-server-9.4.34.v20201102.jar:/home/user/.m2/repository/org/eclipse/jetty/jetty-http/9.4.34.v20201102/jetty-http-9.4.34.v20201102.jar:/home/user/.m2/repository/org/eclipse/jetty/jetty-io/9.4.34.v20201102/jetty-io-9.4.34.v20201102.jar:/home/user/.m2/repository/org/eclipse/jetty/jetty-webapp/9.4.34.v20201102/jetty-webapp-9.4.34.v20201102.jar:/home/user/.m2/repository/org/eclipse/jetty/jetty-xml/9.4.34.v20201102/jetty-xml-9.4.34.v20201102.jar:/home/user/.m2/repository/org/apache/hadoop/hadoop-common/3.2.1/hadoop-common-3.2.1.jar:/home/user/.m2/repository/commons-net/commons-net/3.6/commons-net-3.6.jar:/home/user/.m2/repository/com/sun/jersey/jersey-servlet/1.19/jersey-servlet-1.19.jar:/home/user/.m2/repository/com/sun/jersey/jersey-json/1.19/jersey-json-1.19.jar:/home/user/.m2/repository/org/codehaus/jettison/jettison/1.1/jettison-1.1.jar:/home/user/.m2/repository/org/codehaus/jackson/jackson-jaxrs/1.9.2/jackson-jaxrs-1.9.2.jar:/home/user/.m2/repository/org/codehaus/jackson/jackson-xc/1.9.2/jackson-xc-1.9.2.jar:/home/user/.m2/repository/org/apache/commons/commons-configuration2/2.1.1/commons-configuration2-2.1.1.jar:/home/user/.m2/repository/org/apache/commons/commons-text/1.4/commons-text-1.4.jar:/home/user/.m2/repository/com/google/re2j/re2j/1.1/re2j-1.1.jar:/home/user/.m2/repository/com/jcraft/jsch/0.1.54/jsch-0.1.54.jar:/home/user/.m2/repository/org/apache/curator/curator-client/2.13.0/curator-client-2.13.0.jar:/home/user/.m2/repository/org/apache/curator/curator-recipes/2.13.0/curator-recipes-2.13.0.jar:/home/user/.m2/repository/dnsjava/dnsjava/2.1.7/dnsjava-2.1.7.jar:/home/user/.m2/repository/org/slf4j/jul-to-slf4j/1.7.30/jul-to-slf4j-1.7.30.jar:/home/user/.m2/repository/org/eclipse/jetty/jetty-util/9.4.34.v20201102/jetty-util-9.4.34.v20201102.jar:/home/user/.m2/repository/com/fasterxml/jackson/core/jackson-databind/2.10.3/jackson-databind-2.10.3.jar:/home/user/.m2/repository/org/apache/hadoop/hadoop-kms/3.2.1/hadoop-kms-3.2.1-tests.jar:/home/user/.m2/repository/org/apache/hadoop/hadoop-hdds-server-scm/1.1.0-SNAPSHOT/hadoop-hdds-server-scm-1.1.0-SNAPSHOT-tests.jar:/home/user/.m2/repository/org/apache/hadoop/hadoop-hdds-container-service/1.1.0-SNAPSHOT/hadoop-hdds-container-service-1.1.0-SNAPSHOT-tests.jar:/home/user/.m2/repository/commons-codec/commons-codec/1.11/commons-codec-1.11.jar:/home/user/.m2/repository/org/apache/hadoop/hadoop-hdds-hadoop-dependency-test/1.1.0-SNAPSHOT/hadoop-hdds-hadoop-dependency-test-1.1.0-SNAPSHOT.jar:/home/user/.m2/repository/org/apache/hadoop/hadoop-common/3.2.1/hadoop-common-3.2.1-tests.jar:/home/user/.m2/repository/org/apache/hadoop/hadoop-hdfs/3.2.1/hadoop-hdfs-3.2.1-tests.jar:/home/user/.m2/repository/org/eclipse/jetty/jetty-util-ajax/9.4.34.v20201102/jetty-util-ajax-9.4.34.v20201102.jar:/home/user/.m2/repository/commons-daemon/commons-daemon/1.0.13/commons-daemon-1.0.13.jar:/home/user/.m2/repository/io/netty/netty/3.10.5.Final/netty-3.10.5.Final.jar:/home/user/.m2/repository/io/netty/netty-all/4.1.48.Final/netty-all-4.1.48.Final.jar:/home/user/.m2/repository/org/apache/htrace/htrace-core4/4.1.0-incubating/htrace-core4-4.1.0-incubating.jar:/home/user/.m2/repository/org/apache/hadoop/hadoop-distcp/3.2.1/hadoop-distcp-3.2.1.jar:/home/user/.m2/repository/org/apache/hadoop/hadoop-mapreduce-client-jobclient/3.2.1/hadoop-mapreduce-client-jobclient-3.2.1.jar:/home/user/.m2/repository/org/apache/hadoop/hadoop-mapreduce-client-common/3.2.1/hadoop-mapreduce-client-common-3.2.1.jar:/home/user/.m2/repository/org/apache/hadoop/hadoop-yarn-common/3.2.1/hadoop-yarn-common-3.2.1.jar:/home/user/.m2/repository/org/apache/hadoop/hadoop-yarn-api/3.2.1/hadoop-yarn-api-3.2.1.jar:/home/user/.m2/repository/com/sun/jersey/jersey-client/1.19/jersey-client-1.19.jar:/home/user/.m2/repository/com/sun/jersey/contribs/jersey-guice/1.19/jersey-guice-1.19.jar:/home/user/.m2/repository/com/fasterxml/jackson/jaxrs/jackson-jaxrs-json-provider/2.10.3/jackson-jaxrs-json-provider-2.10.3.jar:/home/user/.m2/repository/com/fasterxml/jackson/jaxrs/jackson-jaxrs-base/2.10.3/jackson-jaxrs-base-2.10.3.jar:/home/user/.m2/repository/org/apache/hadoop/hadoop-yarn-client/3.2.1/hadoop-yarn-client-3.2.1.jar:/home/user/.m2/repository/org/apache/hadoop/hadoop-mapreduce-client-core/3.2.1/hadoop-mapreduce-client-core-3.2.1.jar:/home/user/.m2/repository/org/apache/avro/avro/1.7.7/avro-1.7.7.jar:/home/user/.m2/repository/org/codehaus/jackson/jackson-core-asl/1.9.13/jackson-core-asl-1.9.13.jar:/home/user/.m2/repository/org/codehaus/jackson/jackson-mapper-asl/1.9.13/jackson-mapper-asl-1.9.13.jar:/home/user/.m2/repository/com/thoughtworks/paranamer/paranamer/2.3/paranamer-2.3.jar:/home/user/.m2/repository/org/xerial/snappy/snappy-java/1.0.5/snappy-java-1.0.5.jar:/home/user/.m2/repository/org/apache/hadoop/hadoop-annotations/3.2.1/hadoop-annotations-3.2.1.jar:/usr/lib/jvm/java-1.8.0-openjdk-1.8.0.232.b09-0.el7_7.x86_64/jre/../lib/tools.jar:/home/user/.m2/repository/org/apache/hadoop/hadoop-distcp/3.2.1/hadoop-distcp-3.2.1-tests.jar:"/>
    <property name="sun.cpu.endian" value="little"/>
    <property name="user.home" value="/home/user"/>
    <property name="user.language" value="en"/>
    <property name="java.specification.vendor" value="Oracle Corporation"/>
    <property name="java.home" value="/usr/lib/jvm/java-1.8.0-openjdk-1.8.0.232.b09-0.el7_7.x86_64/jre"/>
    <property name="java.security.krb5.conf" value="/github/workspace/mnt/ozone/hadoop-ozone/integration-test/target/test-classes/krb5.conf"/>
    <property name="basedir" value="/github/workspace/mnt/ozone/hadoop-ozone/integration-test"/>
    <property name="file.separator" value="/"/>
    <property name="line.separator" value="&#10;"/>
    <property name="java.vm.specification.vendor" value="Oracle Corporation"/>
    <property name="java.specification.name" value="Java Platform API Specification"/>
    <property name="java.awt.graphicsenv" value="sun.awt.X11GraphicsEnvironment"/>
    <property name="skip.installnpx" value="true"/>
    <property name="surefire.real.class.path" value="/github/workspace/mnt/ozone/hadoop-ozone/integration-test/target/surefire/surefirebooter6408253329551579091.jar:/home/user/.m2/repository/org/jacoco/org.jacoco.agent/0.8.5/org.jacoco.agent-0.8.5-runtime.jar"/>
    <property name="hadoop.log.dir" value="/github/workspace/mnt/ozone/hadoop-ozone/integration-test/target/log"/>
    <property name="sun.boot.class.path" value="/usr/lib/jvm/java-1.8.0-openjdk-1.8.0.232.b09-0.el7_7.x86_64/jre/lib/resources.jar:/usr/lib/jvm/java-1.8.0-openjdk-1.8.0.232.b09-0.el7_7.x86_64/jre/lib/rt.jar:/usr/lib/jvm/java-1.8.0-openjdk-1.8.0.232.b09-0.el7_7.x86_64/jre/lib/sunrsasign.jar:/usr/lib/jvm/java-1.8.0-openjdk-1.8.0.232.b09-0.el7_7.x86_64/jre/lib/jsse.jar:/usr/lib/jvm/java-1.8.0-openjdk-1.8.0.232.b09-0.el7_7.x86_64/jre/lib/jce.jar:/usr/lib/jvm/java-1.8.0-openjdk-1.8.0.232.b09-0.el7_7.x86_64/jre/lib/charsets.jar:/usr/lib/jvm/java-1.8.0-openjdk-1.8.0.232.b09-0.el7_7.x86_64/jre/lib/jfr.jar:/usr/lib/jvm/java-1.8.0-openjdk-1.8.0.232.b09-0.el7_7.x86_64/jre/classes"/>
    <property name="sun.management.compiler" value="HotSpot 64-Bit Tiered Compilers"/>
    <property name="skip.npx" value="true"/>
    <property name="java.runtime.version" value="1.8.0_232-b09"/>
    <property name="java.net.preferIPv4Stack" value="true"/>
    <property name="user.name" value="jenkins1001"/>
    <property name="path.separator" value=":"/>
    <property name="java.security.egd" value="file:///dev/urandom"/>
    <property name="os.version" value="5.4.0-1032-azure"/>
    <property name="java.endorsed.dirs" value="/usr/lib/jvm/java-1.8.0-openjdk-1.8.0.232.b09-0.el7_7.x86_64/jre/lib/endorsed"/>
    <property name="java.runtime.name" value="OpenJDK Runtime Environment"/>
    <property name="file.encoding" value="ANSI_X3.4-1968"/>
    <property name="java.vm.name" value="OpenJDK 64-Bit Server VM"/>
    <property name="test.build.webapps" value=""/>
    <property name="localRepository" value="/home/user/.m2/repository"/>
    <property name="java.vendor.url.bug" value="http://bugreport.sun.com/bugreport/"/>
    <property name="java.io.tmpdir" value="/tmp"/>
    <property name="require.test.libhadoop" value=""/>
    <property name="java.version" value="1.8.0_232"/>
    <property name="user.dir" value="/github/workspace/mnt/ozone/hadoop-ozone/integration-test"/>
    <property name="os.arch" value="amd64"/>
    <property name="java.vm.specification.name" value="Java Virtual Machine Specification"/>
    <property name="test.build.classes" value="/github/workspace/mnt/ozone/hadoop-ozone/integration-test/target/test-classes"/>
    <property name="java.awt.printerjob" value="sun.print.PSPrinterJob"/>
    <property name="sun.os.patch.level" value="unknown"/>
    <property name="hadoop.tmp.dir" value="/github/workspace/mnt/ozone/hadoop-ozone/integration-test/target/tmp"/>
    <property name="java.library.path" value="/usr/lib:/usr/java/packages/lib/amd64:/usr/lib64:/lib64:/lib:/usr/lib"/>
    <property name="java.vm.info" value="mixed mode"/>
    <property name="java.vendor" value="Oracle Corporation"/>
    <property name="java.vm.version" value="25.232-b09"/>
    <property name="java.ext.dirs" value="/usr/lib/jvm/java-1.8.0-openjdk-1.8.0.232.b09-0.el7_7.x86_64/jre/lib/ext:/usr/java/packages/lib/ext"/>
    <property name="sun.io.unicode.encoding" value="UnicodeLittle"/>
    <property name="java.class.version" value="52.0"/>
  </properties>
  <testcase name="testStoppedMaintenanceNodeTakesScmStateOnRestart" classname="org.apache.hadoop.ozone.scm.node.TestDecommissionAndMaintenance" time="48.948"/>
  <testcase name="testContainerIsReplicatedWhenAllNodesGotoMaintenance" classname="org.apache.hadoop.ozone.scm.node.TestDecommissionAndMaintenance" time="38.36">
    <failure message="expected:&lt;5&gt; but was:&lt;6&gt;" type="junit.framework.AssertionFailedError"><![CDATA[junit.framework.AssertionFailedError: expected:<5> but was:<6>
	at junit.framework.Assert.fail(Assert.java:57)
	at junit.framework.Assert.failNotEquals(Assert.java:329)
	at junit.framework.Assert.assertEquals(Assert.java:78)
	at junit.framework.Assert.assertEquals(Assert.java:234)
	at junit.framework.Assert.assertEquals(Assert.java:241)
	at junit.framework.TestCase.assertEquals(TestCase.java:409)
	at org.apache.hadoop.ozone.scm.node.TestDecommissionAndMaintenance.testContainerIsReplicatedWhenAllNodesGotoMaintenance(TestDecommissionAndMaintenance.java:394)
	at sun.reflect.NativeMethodAccessorImpl.invoke0(Native Method)
	at sun.reflect.NativeMethodAccessorImpl.invoke(NativeMethodAccessorImpl.java:62)
	at sun.reflect.DelegatingMethodAccessorImpl.invoke(DelegatingMethodAccessorImpl.java:43)
	at java.lang.reflect.Method.invoke(Method.java:498)
	at org.junit.runners.model.FrameworkMethod$1.runReflectiveCall(FrameworkMethod.java:47)
	at org.junit.internal.runners.model.ReflectiveCallable.run(ReflectiveCallable.java:12)
	at org.junit.runners.model.FrameworkMethod.invokeExplosively(FrameworkMethod.java:44)
	at org.junit.internal.runners.statements.InvokeMethod.evaluate(InvokeMethod.java:17)
	at org.junit.internal.runners.statements.RunBefores.evaluate(RunBefores.java:26)
	at org.junit.internal.runners.statements.RunAfters.evaluate(RunAfters.java:27)
	at org.junit.runners.ParentRunner.runLeaf(ParentRunner.java:271)
	at org.junit.runners.BlockJUnit4ClassRunner.runChild(BlockJUnit4ClassRunner.java:70)
	at org.junit.runners.BlockJUnit4ClassRunner.runChild(BlockJUnit4ClassRunner.java:50)
	at org.junit.runners.ParentRunner$3.run(ParentRunner.java:238)
	at org.junit.runners.ParentRunner$1.schedule(ParentRunner.java:63)
	at org.junit.runners.ParentRunner.runChildren(ParentRunner.java:236)
	at org.junit.runners.ParentRunner.access$000(ParentRunner.java:53)
	at org.junit.runners.ParentRunner$2.evaluate(ParentRunner.java:229)
	at org.junit.runners.ParentRunner.run(ParentRunner.java:309)
	at org.apache.maven.surefire.junit4.JUnit4Provider.execute(JUnit4Provider.java:365)
	at org.apache.maven.surefire.junit4.JUnit4Provider.executeWithRerun(JUnit4Provider.java:273)
	at org.apache.maven.surefire.junit4.JUnit4Provider.executeTestSet(JUnit4Provider.java:238)
	at org.apache.maven.surefire.junit4.JUnit4Provider.invoke(JUnit4Provider.java:159)
	at org.apache.maven.surefire.booter.ForkedBooter.invokeProviderInSameClassLoader(ForkedBooter.java:384)
	at org.apache.maven.surefire.booter.ForkedBooter.runSuitesInProcess(ForkedBooter.java:345)
	at org.apache.maven.surefire.booter.ForkedBooter.execute(ForkedBooter.java:126)
	at org.apache.maven.surefire.booter.ForkedBooter.main(ForkedBooter.java:418)
]]></failure>
    <system-out><![CDATA[2020-12-18 01:51:13,508 [Listener at 127.0.0.1/38419] WARN  server.ServerUtils (ServerUtils.java:getScmDbDir(148)) - ozone.scm.db.dirs is not configured. We recommend adding this setting. Falling back to ozone.metadata.dirs instead.
2020-12-18 01:51:13,510 [Listener at 127.0.0.1/38419] WARN  server.ServerUtils (ServerUtils.java:getScmDbDir(148)) - ozone.scm.db.dirs is not configured. We recommend adding this setting. Falling back to ozone.metadata.dirs instead.
2020-12-18 01:51:13,511 [Listener at 127.0.0.1/38419] WARN  db.DBStoreBuilder (DBStoreBuilder.java:applyDBDefinition(145)) - ozone.scm.db.dirs is not configured. We recommend adding this setting. Falling back to ozone.metadata.dirs instead.
2020-12-18 01:51:13,532 [Listener at 127.0.0.1/38419] INFO  net.NodeSchemaLoader (NodeSchemaLoader.java:loadSchemaFromFile(126)) - Loading file from sun.misc.CompoundEnumeration@3693deae
2020-12-18 01:51:13,532 [Listener at 127.0.0.1/38419] INFO  net.NodeSchemaLoader (NodeSchemaLoader.java:loadSchema(172)) - Loading network topology layer schema file
2020-12-18 01:51:13,534 [Listener at 127.0.0.1/38419] INFO  node.SCMNodeManager (SCMNodeManager.java:<init>(123)) - Entering startup safe mode.
2020-12-18 01:51:13,535 [Listener at 127.0.0.1/38419] INFO  algorithms.ContainerPlacementPolicyFactory (ContainerPlacementPolicyFactory.java:getPolicy(60)) - Create container placement policy of type org.apache.hadoop.hdds.scm.container.placement.algorithms.SCMContainerPlacementRandom
2020-12-18 01:51:13,535 [Listener at 127.0.0.1/38419] INFO  algorithms.LeaderChoosePolicyFactory (LeaderChoosePolicyFactory.java:getPolicy(57)) - Create leader choose policy of type org.apache.hadoop.hdds.scm.pipeline.leader.choose.algorithms.DefaultLeaderChoosePolicy
2020-12-18 01:51:13,535 [Listener at 127.0.0.1/38419] INFO  pipeline.SCMPipelineManager (SCMPipelineManager.java:initializePipelineState(161)) - No pipeline exists in current db
2020-12-18 01:51:13,536 [Listener at 127.0.0.1/38419] INFO  algorithms.PipelineChoosePolicyFactory (PipelineChoosePolicyFactory.java:createPipelineChoosePolicyFromClass(75)) - Create pipeline choose policy of type org.apache.hadoop.hdds.scm.pipeline.choose.algorithms.RandomPipelineChoosePolicy
2020-12-18 01:51:13,537 [Listener at 127.0.0.1/38419] INFO  safemode.HealthyPipelineSafeModeRule (HealthyPipelineSafeModeRule.java:<init>(89)) - Total pipeline count is 0, healthy pipeline threshold count is 0
2020-12-18 01:51:13,537 [Listener at 127.0.0.1/38419] INFO  safemode.OneReplicaPipelineSafeModeRule (OneReplicaPipelineSafeModeRule.java:<init>(84)) - Total pipeline count is 0, pipeline's with at least one datanode reported threshold count is 0
2020-12-18 01:51:13,542 [Listener at 127.0.0.1/38419] INFO  ipc.CallQueueManager (CallQueueManager.java:<init>(84)) - Using callQueue: class java.util.concurrent.LinkedBlockingQueue, queueCapacity: 2000, scheduler: class org.apache.hadoop.ipc.DefaultRpcScheduler, ipcBackoff: false.
2020-12-18 01:51:13,542 [Socket Reader #1 for port 0] INFO  ipc.Server (Server.java:run(1219)) - Starting Socket Reader #1 for port 0
2020-12-18 01:51:13,544 [Listener at 0.0.0.0/35861] INFO  ipc.CallQueueManager (CallQueueManager.java:<init>(84)) - Using callQueue: class java.util.concurrent.LinkedBlockingQueue, queueCapacity: 2000, scheduler: class org.apache.hadoop.ipc.DefaultRpcScheduler, ipcBackoff: false.
2020-12-18 01:51:13,545 [Socket Reader #1 for port 0] INFO  ipc.Server (Server.java:run(1219)) - Starting Socket Reader #1 for port 0
2020-12-18 01:51:13,548 [Listener at 0.0.0.0/44375] INFO  ipc.CallQueueManager (CallQueueManager.java:<init>(84)) - Using callQueue: class java.util.concurrent.LinkedBlockingQueue, queueCapacity: 2000, scheduler: class org.apache.hadoop.ipc.DefaultRpcScheduler, ipcBackoff: false.
2020-12-18 01:51:13,548 [Socket Reader #1 for port 0] INFO  ipc.Server (Server.java:run(1219)) - Starting Socket Reader #1 for port 0
2020-12-18 01:51:13,568 [Listener at 0.0.0.0/37007] INFO  http.BaseHttpServer (BaseHttpServer.java:newHttpServer2BuilderForOzone(207)) - Starting Web-server for scm at: http://0.0.0.0:0
2020-12-18 01:51:13,568 [Listener at 0.0.0.0/37007] INFO  http.BaseHttpServer (BaseHttpServer.java:<init>(106)) - Hadoop Security Enabled: false Ozone Security Enabled: false Ozone HTTP Security Enabled: false 
2020-12-18 01:51:13,570 [Listener at 0.0.0.0/37007] INFO  server.AuthenticationFilter (AuthenticationFilter.java:constructSecretProvider(240)) - Unable to initialize FileSignerSecretProvider, falling back to use random secrets.
2020-12-18 01:51:13,570 [Listener at 0.0.0.0/37007] WARN  http.HttpRequestLog (HttpRequestLog.java:getRequestLog(103)) - Jetty request log can only be enabled using Log4j
2020-12-18 01:51:13,571 [Listener at 0.0.0.0/37007] INFO  http.HttpServer2 (HttpServer2.java:addGlobalFilter(1020)) - Added global filter 'safety' (class=org.apache.hadoop.hdds.server.http.HttpServer2$QuotingInputFilter)
2020-12-18 01:51:13,572 [Listener at 0.0.0.0/37007] INFO  http.HttpServer2 (HttpServer2.java:addFilter(996)) - Added filter static_user_filter (class=org.apache.hadoop.http.lib.StaticUserWebFilter$StaticUserFilter) to context scm
2020-12-18 01:51:13,572 [Listener at 0.0.0.0/37007] INFO  http.HttpServer2 (HttpServer2.java:addFilter(1004)) - Added filter static_user_filter (class=org.apache.hadoop.http.lib.StaticUserWebFilter$StaticUserFilter) to context logs
2020-12-18 01:51:13,572 [Listener at 0.0.0.0/37007] INFO  http.HttpServer2 (HttpServer2.java:addFilter(1004)) - Added filter static_user_filter (class=org.apache.hadoop.http.lib.StaticUserWebFilter$StaticUserFilter) to context static
2020-12-18 01:51:13,574 [Listener at 0.0.0.0/37007] INFO  server.StorageContainerManager (StorageContainerManager.java:start(789)) - StorageContainerLocationProtocol RPC server is listening at /0.0.0.0:37007
2020-12-18 01:51:13,576 [Listener at 0.0.0.0/37007] WARN  impl.MetricsConfig (MetricsConfig.java:loadFirst(134)) - Cannot locate configuration: tried hadoop-metrics2-storagecontainermanager.properties,hadoop-metrics2.properties
2020-12-18 01:51:13,576 [Listener at 0.0.0.0/37007] INFO  impl.MetricsSystemImpl (MetricsSystemImpl.java:startTimer(374)) - Scheduled Metric snapshot period at 10 second(s).
2020-12-18 01:51:13,576 [Listener at 0.0.0.0/37007] INFO  impl.MetricsSystemImpl (MetricsSystemImpl.java:start(191)) - StorageContainerManager metrics system started
2020-12-18 01:51:13,587 [Listener at 0.0.0.0/37007] WARN  impl.MetricsSystemImpl (MetricsSystemImpl.java:register(276)) - Sink prometheus already exists!
2020-12-18 01:51:13,600 [Listener at 0.0.0.0/37007] INFO  server.SCMClientProtocolServer (SCMClientProtocolServer.java:start(159)) - RPC server for Client  is listening at /0.0.0.0:37007
2020-12-18 01:51:13,600 [IPC Server Responder] INFO  ipc.Server (Server.java:run(1460)) - IPC Server Responder: starting
2020-12-18 01:51:13,604 [IPC Server listener on 0] INFO  ipc.Server (Server.java:run(1298)) - IPC Server listener on 0: starting
2020-12-18 01:51:13,608 [Listener at 0.0.0.0/37007] INFO  server.StorageContainerManager (StorageContainerManager.java:start(801)) - ScmBlockLocationProtocol RPC server is listening at /0.0.0.0:44375
2020-12-18 01:51:13,608 [Listener at 0.0.0.0/37007] INFO  server.SCMBlockProtocolServer (SCMBlockProtocolServer.java:start(150)) - RPC server for Block Protocol is listening at /0.0.0.0:44375
2020-12-18 01:51:13,609 [IPC Server Responder] INFO  ipc.Server (Server.java:run(1460)) - IPC Server Responder: starting
2020-12-18 01:51:13,612 [IPC Server listener on 0] INFO  ipc.Server (Server.java:run(1298)) - IPC Server listener on 0: starting
2020-12-18 01:51:13,619 [Listener at 0.0.0.0/37007] INFO  server.StorageContainerManager (StorageContainerManager.java:start(807)) - ScmDatanodeProtocl RPC server is listening at /0.0.0.0:35861
2020-12-18 01:51:13,619 [Listener at 0.0.0.0/37007] INFO  server.SCMDatanodeProtocolServer (SCMDatanodeProtocolServer.java:start(174)) - RPC server for DataNodes is listening at /0.0.0.0:35861
2020-12-18 01:51:13,619 [IPC Server Responder] INFO  ipc.Server (Server.java:run(1460)) - IPC Server Responder: starting
2020-12-18 01:51:13,620 [IPC Server listener on 0] INFO  ipc.Server (Server.java:run(1298)) - IPC Server listener on 0: starting
2020-12-18 01:51:13,629 [Listener at 0.0.0.0/37007] INFO  http.HttpServer2 (HttpServer2.java:bindListener(1238)) - Jetty bound to port 34123
2020-12-18 01:51:13,629 [Listener at 0.0.0.0/37007] INFO  server.Server (Server.java:doStart(375)) - jetty-9.4.34.v20201102; built: 2020-11-02T14:15:39.302Z; git: e46af88704a893fc12cb0e3bf46e2c7b48a009e7; jvm 1.8.0_232-b09
2020-12-18 01:51:13,630 [Listener at 0.0.0.0/37007] INFO  server.session (DefaultSessionIdManager.java:doStart(334)) - DefaultSessionIdManager workerName=node0
2020-12-18 01:51:13,630 [Listener at 0.0.0.0/37007] INFO  server.session (DefaultSessionIdManager.java:doStart(339)) - No SessionScavenger set, using defaults
2020-12-18 01:51:13,630 [Listener at 0.0.0.0/37007] INFO  server.session (HouseKeeper.java:startScavenging(132)) - node0 Scavenging every 660000ms
2020-12-18 01:51:13,632 [Listener at 0.0.0.0/37007] INFO  handler.ContextHandler (ContextHandler.java:doStart(916)) - Started o.e.j.s.ServletContextHandler@242270ae{logs,/logs,file:///github/workspace/mnt/ozone/hadoop-ozone/integration-test/target/log,AVAILABLE}
2020-12-18 01:51:13,632 [Listener at 0.0.0.0/37007] INFO  handler.ContextHandler (ContextHandler.java:doStart(916)) - Started o.e.j.s.ServletContextHandler@46ccf22{static,/static,file:///github/workspace/mnt/ozone/hadoop-ozone/integration-test/target/test-classes/webapps/static,AVAILABLE}
2020-12-18 01:51:13,635 [Listener at 0.0.0.0/37007] INFO  handler.ContextHandler (ContextHandler.java:doStart(916)) - Started o.e.j.w.WebAppContext@11675922{scm,/,file:///github/workspace/mnt/ozone/hadoop-ozone/integration-test/target/test-classes/webapps/scm/,AVAILABLE}{file:/github/workspace/mnt/ozone/hadoop-ozone/integration-test/target/test-classes/webapps/scm}
2020-12-18 01:51:13,636 [Listener at 0.0.0.0/37007] INFO  server.AbstractConnector (AbstractConnector.java:doStart(331)) - Started ServerConnector@27b27f3c{HTTP/1.1, (http/1.1)}{0.0.0.0:34123}
2020-12-18 01:51:13,636 [Listener at 0.0.0.0/37007] INFO  server.Server (Server.java:doStart(415)) - Started @49826ms
2020-12-18 01:51:13,636 [Listener at 0.0.0.0/37007] WARN  impl.MetricsSystemImpl (MetricsSystemImpl.java:register(276)) - Sink prometheus already exists!
2020-12-18 01:51:13,639 [Listener at 0.0.0.0/37007] INFO  http.BaseHttpServer (BaseHttpServer.java:updateConnectorAddress(327)) - HTTP server of scm listening at http://0.0.0.0:34123
2020-12-18 01:51:13,644 [Listener at 0.0.0.0/37007] WARN  server.ServerUtils (ServerUtils.java:getDBPath(225)) - ozone.om.db.dirs is not configured. We recommend adding this setting. Falling back to ozone.metadata.dirs instead.
2020-12-18 01:51:13,644 [org.apache.hadoop.util.JvmPauseMonitor$Monitor@3d2bb013] INFO  util.JvmPauseMonitor (JvmPauseMonitor.java:run(188)) - Starting JVM pause monitor
2020-12-18 01:51:13,645 [Listener at 0.0.0.0/37007] INFO  ha.OMHANodeDetails (OMHANodeDetails.java:loadOMHAConfig(104)) - ozone.om.internal.service.id is not defined, falling back to ozone.om.service.ids to find serviceID for OzoneManager if it is HA enabled cluster
2020-12-18 01:51:13,645 [Listener at 0.0.0.0/37007] INFO  ha.OMHANodeDetails (OMHANodeDetails.java:loadOMHAConfig(213)) - Configuration either no ozone.om.address set. Falling back to the default OM address /127.0.0.1:0
2020-12-18 01:51:13,645 [Listener at 0.0.0.0/37007] INFO  ha.OMHANodeDetails (OMHANodeDetails.java:getOMNodeDetails(241)) - OM Service ID is not set. Setting it to the default ID: omServiceIdDefault
2020-12-18 01:51:13,645 [Listener at 0.0.0.0/37007] WARN  server.ServerUtils (ServerUtils.java:getDBPath(225)) - ozone.om.db.dirs is not configured. We recommend adding this setting. Falling back to ozone.metadata.dirs instead.
2020-12-18 01:51:13,645 [Listener at 0.0.0.0/37007] WARN  server.ServerUtils (ServerUtils.java:getDBPath(225)) - ozone.om.db.dirs is not configured. We recommend adding this setting. Falling back to ozone.metadata.dirs instead.
2020-12-18 01:51:13,653 [Listener at 0.0.0.0/37007] WARN  server.ServerUtils (ServerUtils.java:getDBPath(225)) - ozone.om.db.dirs is not configured. We recommend adding this setting. Falling back to ozone.metadata.dirs instead.
2020-12-18 01:51:13,653 [Listener at 0.0.0.0/37007] INFO  codec.OmKeyInfoCodec (OmKeyInfoCodec.java:<init>(41)) - OmKeyInfoCodec ignorePipeline = true
2020-12-18 01:51:13,653 [Listener at 0.0.0.0/37007] INFO  codec.RepeatedOmKeyInfoCodec (RepeatedOmKeyInfoCodec.java:<init>(40)) - RepeatedOmKeyInfoCodec ignorePipeline = true
2020-12-18 01:51:13,692 [Listener at 0.0.0.0/37007] INFO  om.OzoneManager (OzoneManager.java:addS3GVolumeToDB(3737)) - Created Volume s3v With Owner jenkins1001 required for S3Gateway operations.
2020-12-18 01:51:13,694 [Listener at 0.0.0.0/37007] INFO  ipc.CallQueueManager (CallQueueManager.java:<init>(84)) - Using callQueue: class java.util.concurrent.LinkedBlockingQueue, queueCapacity: 2000, scheduler: class org.apache.hadoop.ipc.DefaultRpcScheduler, ipcBackoff: false.
2020-12-18 01:51:13,694 [Socket Reader #1 for port 0] INFO  ipc.Server (Server.java:run(1219)) - Starting Socket Reader #1 for port 0
2020-12-18 01:51:13,708 [Listener at 127.0.0.1/40197] INFO  impl.MetricsSystemImpl (MetricsSystemImpl.java:init(158)) - OzoneManager metrics system started (again)
2020-12-18 01:51:13,709 [Listener at 127.0.0.1/40197] INFO  om.OzoneManager (OzoneManager.java:start(1144)) - OzoneManager RPC server is listening at localhost/127.0.0.1:40197
2020-12-18 01:51:13,718 [Listener at 127.0.0.1/40197] INFO  http.BaseHttpServer (BaseHttpServer.java:newHttpServer2BuilderForOzone(207)) - Starting Web-server for ozoneManager at: http://0.0.0.0:0
2020-12-18 01:51:13,718 [Listener at 127.0.0.1/40197] INFO  http.BaseHttpServer (BaseHttpServer.java:<init>(106)) - Hadoop Security Enabled: false Ozone Security Enabled: false Ozone HTTP Security Enabled: false 
2020-12-18 01:51:13,719 [Listener at 127.0.0.1/40197] INFO  server.AuthenticationFilter (AuthenticationFilter.java:constructSecretProvider(240)) - Unable to initialize FileSignerSecretProvider, falling back to use random secrets.
2020-12-18 01:51:13,724 [Listener at 127.0.0.1/40197] WARN  http.HttpRequestLog (HttpRequestLog.java:getRequestLog(103)) - Jetty request log can only be enabled using Log4j
2020-12-18 01:51:13,724 [Listener at 127.0.0.1/40197] INFO  http.HttpServer2 (HttpServer2.java:addGlobalFilter(1020)) - Added global filter 'safety' (class=org.apache.hadoop.hdds.server.http.HttpServer2$QuotingInputFilter)
2020-12-18 01:51:13,725 [Listener at 127.0.0.1/40197] INFO  http.HttpServer2 (HttpServer2.java:addFilter(996)) - Added filter static_user_filter (class=org.apache.hadoop.http.lib.StaticUserWebFilter$StaticUserFilter) to context ozoneManager
2020-12-18 01:51:13,725 [Listener at 127.0.0.1/40197] INFO  http.HttpServer2 (HttpServer2.java:addFilter(1004)) - Added filter static_user_filter (class=org.apache.hadoop.http.lib.StaticUserWebFilter$StaticUserFilter) to context logs
2020-12-18 01:51:13,725 [Listener at 127.0.0.1/40197] INFO  http.HttpServer2 (HttpServer2.java:addFilter(1004)) - Added filter static_user_filter (class=org.apache.hadoop.http.lib.StaticUserWebFilter$StaticUserFilter) to context static
2020-12-18 01:51:13,726 [Listener at 127.0.0.1/40197] INFO  http.HttpServer2 (HttpServer2.java:bindListener(1238)) - Jetty bound to port 43443
2020-12-18 01:51:13,726 [Listener at 127.0.0.1/40197] INFO  server.Server (Server.java:doStart(375)) - jetty-9.4.34.v20201102; built: 2020-11-02T14:15:39.302Z; git: e46af88704a893fc12cb0e3bf46e2c7b48a009e7; jvm 1.8.0_232-b09
2020-12-18 01:51:13,727 [Listener at 127.0.0.1/40197] INFO  server.session (DefaultSessionIdManager.java:doStart(334)) - DefaultSessionIdManager workerName=node0
2020-12-18 01:51:13,727 [Listener at 127.0.0.1/40197] INFO  server.session (DefaultSessionIdManager.java:doStart(339)) - No SessionScavenger set, using defaults
2020-12-18 01:51:13,728 [Listener at 127.0.0.1/40197] INFO  server.session (HouseKeeper.java:startScavenging(132)) - node0 Scavenging every 660000ms
2020-12-18 01:51:13,728 [Listener at 127.0.0.1/40197] INFO  handler.ContextHandler (ContextHandler.java:doStart(916)) - Started o.e.j.s.ServletContextHandler@66716c60{logs,/logs,file:///github/workspace/mnt/ozone/hadoop-ozone/integration-test/target/log,AVAILABLE}
2020-12-18 01:51:13,729 [Listener at 127.0.0.1/40197] INFO  handler.ContextHandler (ContextHandler.java:doStart(916)) - Started o.e.j.s.ServletContextHandler@31b9a628{static,/static,file:///github/workspace/mnt/ozone/hadoop-ozone/integration-test/target/test-classes/webapps/static,AVAILABLE}
2020-12-18 01:51:13,731 [Listener at 127.0.0.1/40197] INFO  handler.ContextHandler (ContextHandler.java:doStart(916)) - Started o.e.j.w.WebAppContext@4433e4e2{ozoneManager,/,file:///github/workspace/mnt/ozone/hadoop-ozone/integration-test/target/test-classes/webapps/ozoneManager/,AVAILABLE}{file:/github/workspace/mnt/ozone/hadoop-ozone/integration-test/target/test-classes/webapps/ozoneManager}
2020-12-18 01:51:13,733 [Listener at 127.0.0.1/40197] INFO  server.AbstractConnector (AbstractConnector.java:doStart(331)) - Started ServerConnector@2ff35182{HTTP/1.1, (http/1.1)}{0.0.0.0:43443}
2020-12-18 01:51:13,733 [Listener at 127.0.0.1/40197] INFO  server.Server (Server.java:doStart(415)) - Started @49923ms
2020-12-18 01:51:13,733 [Listener at 127.0.0.1/40197] WARN  impl.MetricsSystemImpl (MetricsSystemImpl.java:register(276)) - Sink prometheus already exists!
2020-12-18 01:51:13,736 [Listener at 127.0.0.1/40197] INFO  http.BaseHttpServer (BaseHttpServer.java:updateConnectorAddress(327)) - HTTP server of ozoneManager listening at http://0.0.0.0:43443
2020-12-18 01:51:13,736 [IPC Server Responder] INFO  ipc.Server (Server.java:run(1460)) - IPC Server Responder: starting
2020-12-18 01:51:13,740 [IPC Server listener on 0] INFO  ipc.Server (Server.java:run(1298)) - IPC Server listener on 0: starting
2020-12-18 01:51:13,748 [Listener at 127.0.0.1/40197] INFO  om.OzoneManager (OzoneManager.java:startTrashEmptier(1265)) - Trash Interval set to 0. Files deleted will not move to trash
2020-12-18 01:51:13,748 [org.apache.hadoop.util.JvmPauseMonitor$Monitor@77d01d83] INFO  util.JvmPauseMonitor (JvmPauseMonitor.java:run(188)) - Starting JVM pause monitor
2020-12-18 01:51:13,761 [Listener at 127.0.0.1/40197] INFO  impl.MetricsSystemImpl (MetricsSystemImpl.java:init(158)) - HddsDatanode metrics system started (again)
2020-12-18 01:51:13,762 [Listener at 127.0.0.1/40197] INFO  ozone.HddsDatanodeService (HddsDatanodeService.java:start(217)) - HddsDatanodeService host:1fad9502c7b4 ip:172.17.0.2
2020-12-18 01:51:13,763 [Listener at 127.0.0.1/40197] INFO  volume.HddsVolume (HddsVolume.java:<init>(176)) - Creating Volume: /github/workspace/mnt/ozone/hadoop-ozone/integration-test/target/test-dir/MiniOzoneClusterImpl-4564f03c-bda0-461a-b884-74ed0c78bad0/datanode-0/data-0/containers/hdds of storage type : DISK and capacity : 9223372036854775807
2020-12-18 01:51:13,763 [Listener at 127.0.0.1/40197] INFO  volume.MutableVolumeSet (MutableVolumeSet.java:initializeVolumeSet(179)) - Added Volume : /github/workspace/mnt/ozone/hadoop-ozone/integration-test/target/test-dir/MiniOzoneClusterImpl-4564f03c-bda0-461a-b884-74ed0c78bad0/datanode-0/data-0/containers/hdds to VolumeSet
2020-12-18 01:51:13,763 [Listener at 127.0.0.1/40197] INFO  volume.ThrottledAsyncChecker (ThrottledAsyncChecker.java:schedule(141)) - Scheduling a check for /github/workspace/mnt/ozone/hadoop-ozone/integration-test/target/test-dir/MiniOzoneClusterImpl-4564f03c-bda0-461a-b884-74ed0c78bad0/datanode-0/data-0/containers/hdds
2020-12-18 01:51:13,764 [Listener at 127.0.0.1/40197] INFO  volume.HddsVolumeChecker (HddsVolumeChecker.java:checkAllVolumes(200)) - Scheduled health check for volume /github/workspace/mnt/ozone/hadoop-ozone/integration-test/target/test-dir/MiniOzoneClusterImpl-4564f03c-bda0-461a-b884-74ed0c78bad0/datanode-0/data-0/containers/hdds
2020-12-18 01:51:13,780 [Thread-718] INFO  ozoneimpl.ContainerReader (ContainerReader.java:readVolume(123)) - Start to verify containers on volume /github/workspace/mnt/ozone/hadoop-ozone/integration-test/target/test-dir/MiniOzoneClusterImpl-4564f03c-bda0-461a-b884-74ed0c78bad0/datanode-0/data-0/containers/hdds
2020-12-18 01:51:13,780 [Thread-718] INFO  ozoneimpl.ContainerReader (ContainerReader.java:readVolume(148)) - Finish verifying containers on volume /github/workspace/mnt/ozone/hadoop-ozone/integration-test/target/test-dir/MiniOzoneClusterImpl-4564f03c-bda0-461a-b884-74ed0c78bad0/datanode-0/data-0/containers/hdds
2020-12-18 01:51:13,780 [Listener at 127.0.0.1/40197] INFO  ozoneimpl.OzoneContainer (OzoneContainer.java:buildContainerSet(194)) - Build ContainerSet costs 0s
2020-12-18 01:51:13,782 [Listener at 127.0.0.1/40197] INFO  impl.RaftServerProxy (ConfUtils.java:logGet(44)) - raft.rpc.type = GRPC (default)
2020-12-18 01:51:13,782 [Listener at 127.0.0.1/40197] INFO  grpc.GrpcFactory (GrpcFactory.java:checkPooledByteBufAllocatorUseCacheForAllThreads(45)) - PERFORMANCE WARNING: useCacheForAllThreads is true that may cause Netty to create a lot garbage objects and, as a result, trigger GC.
	It is recommended to disable useCacheForAllThreads by setting -Dorg.apache.ratis.thirdparty.io.netty.allocator.useCacheForAllThreads=false in command line.
2020-12-18 01:51:13,782 [Listener at 127.0.0.1/40197] INFO  grpc.GrpcConfigKeys (ConfUtils.java:logGet(44)) - raft.grpc.server.port = 0 (default)
2020-12-18 01:51:13,782 [Listener at 127.0.0.1/40197] INFO  server.GrpcService (ConfUtils.java:logGet(44)) - raft.grpc.message.size.max = 32MB (=33554432) (custom)
2020-12-18 01:51:13,782 [Listener at 127.0.0.1/40197] INFO  server.RaftServerConfigKeys (ConfUtils.java:logGet(44)) - raft.server.log.appender.buffer.byte-limit = 33554432 (custom)
2020-12-18 01:51:13,782 [Listener at 127.0.0.1/40197] INFO  server.GrpcService (ConfUtils.java:logGet(44)) - raft.grpc.flow.control.window = 5MB (=5242880) (custom)
2020-12-18 01:51:13,783 [Listener at 127.0.0.1/40197] INFO  server.RaftServerConfigKeys (ConfUtils.java:logGet(44)) - raft.server.rpc.request.timeout = 60s (custom)
2020-12-18 01:51:13,783 [Listener at 127.0.0.1/40197] INFO  impl.DataStreamServerImpl (ConfUtils.java:logGet(44)) - raft.datastream.type = DISABLED (default)
2020-12-18 01:51:13,784 [Listener at 127.0.0.1/40197] INFO  server.RaftServerConfigKeys (ConfUtils.java:logGet(44)) - raft.server.storage.dir = [/github/workspace/mnt/ozone/hadoop-ozone/integration-test/target/test-dir/MiniOzoneClusterImpl-4564f03c-bda0-461a-b884-74ed0c78bad0/datanode-0/data/ratis] (custom)
2020-12-18 01:51:13,788 [Listener at 127.0.0.1/40197] INFO  http.BaseHttpServer (BaseHttpServer.java:newHttpServer2BuilderForOzone(207)) - Starting Web-server for hddsDatanode at: http://0.0.0.0:0
2020-12-18 01:51:13,788 [Listener at 127.0.0.1/40197] INFO  http.BaseHttpServer (BaseHttpServer.java:<init>(106)) - Hadoop Security Enabled: false Ozone Security Enabled: false Ozone HTTP Security Enabled: false 
2020-12-18 01:51:13,789 [Listener at 127.0.0.1/40197] INFO  server.AuthenticationFilter (AuthenticationFilter.java:constructSecretProvider(240)) - Unable to initialize FileSignerSecretProvider, falling back to use random secrets.
2020-12-18 01:51:13,789 [Listener at 127.0.0.1/40197] WARN  http.HttpRequestLog (HttpRequestLog.java:getRequestLog(103)) - Jetty request log can only be enabled using Log4j
2020-12-18 01:51:13,791 [Listener at 127.0.0.1/40197] INFO  http.HttpServer2 (HttpServer2.java:addGlobalFilter(1020)) - Added global filter 'safety' (class=org.apache.hadoop.hdds.server.http.HttpServer2$QuotingInputFilter)
2020-12-18 01:51:13,791 [Listener at 127.0.0.1/40197] INFO  http.HttpServer2 (HttpServer2.java:addFilter(996)) - Added filter static_user_filter (class=org.apache.hadoop.http.lib.StaticUserWebFilter$StaticUserFilter) to context hddsDatanode
2020-12-18 01:51:13,791 [Listener at 127.0.0.1/40197] INFO  http.HttpServer2 (HttpServer2.java:addFilter(1004)) - Added filter static_user_filter (class=org.apache.hadoop.http.lib.StaticUserWebFilter$StaticUserFilter) to context static
2020-12-18 01:51:13,791 [Listener at 127.0.0.1/40197] INFO  http.HttpServer2 (HttpServer2.java:addFilter(1004)) - Added filter static_user_filter (class=org.apache.hadoop.http.lib.StaticUserWebFilter$StaticUserFilter) to context logs
2020-12-18 01:51:13,792 [Listener at 127.0.0.1/40197] INFO  http.HttpServer2 (HttpServer2.java:bindListener(1238)) - Jetty bound to port 38225
2020-12-18 01:51:13,792 [Listener at 127.0.0.1/40197] INFO  server.Server (Server.java:doStart(375)) - jetty-9.4.34.v20201102; built: 2020-11-02T14:15:39.302Z; git: e46af88704a893fc12cb0e3bf46e2c7b48a009e7; jvm 1.8.0_232-b09
2020-12-18 01:51:13,793 [Listener at 127.0.0.1/40197] INFO  server.session (DefaultSessionIdManager.java:doStart(334)) - DefaultSessionIdManager workerName=node0
2020-12-18 01:51:13,793 [Listener at 127.0.0.1/40197] INFO  server.session (DefaultSessionIdManager.java:doStart(339)) - No SessionScavenger set, using defaults
2020-12-18 01:51:13,793 [Listener at 127.0.0.1/40197] INFO  server.session (HouseKeeper.java:startScavenging(132)) - node0 Scavenging every 600000ms
2020-12-18 01:51:13,794 [Listener at 127.0.0.1/40197] INFO  handler.ContextHandler (ContextHandler.java:doStart(916)) - Started o.e.j.s.ServletContextHandler@796a1cd1{logs,/logs,file:///github/workspace/mnt/ozone/hadoop-ozone/integration-test/target/log,AVAILABLE}
2020-12-18 01:51:13,794 [Listener at 127.0.0.1/40197] INFO  handler.ContextHandler (ContextHandler.java:doStart(916)) - Started o.e.j.s.ServletContextHandler@17acd4c5{static,/static,jar:file:/home/user/.m2/repository/org/apache/hadoop/hadoop-hdds-container-service/1.1.0-SNAPSHOT/hadoop-hdds-container-service-1.1.0-SNAPSHOT.jar!/webapps/static,AVAILABLE}
2020-12-18 01:51:13,930 [Listener at 127.0.0.1/40197] INFO  handler.ContextHandler (ContextHandler.java:doStart(916)) - Started o.e.j.w.WebAppContext@47dfbba3{hddsDatanode,/,file:///tmp/jetty-0_0_0_0-38225-hadoop-hdds-container-service-1_1_0-SNAPSHOT_jar-_-any-8717413443215384728/webapp/,AVAILABLE}{jar:file:/home/user/.m2/repository/org/apache/hadoop/hadoop-hdds-container-service/1.1.0-SNAPSHOT/hadoop-hdds-container-service-1.1.0-SNAPSHOT.jar!/webapps/hddsDatanode}
2020-12-18 01:51:13,931 [Listener at 127.0.0.1/40197] INFO  server.AbstractConnector (AbstractConnector.java:doStart(331)) - Started ServerConnector@5ee29735{HTTP/1.1, (http/1.1)}{0.0.0.0:38225}
2020-12-18 01:51:13,931 [Listener at 127.0.0.1/40197] INFO  server.Server (Server.java:doStart(415)) - Started @50121ms
2020-12-18 01:51:13,931 [Listener at 127.0.0.1/40197] WARN  impl.MetricsSystemImpl (MetricsSystemImpl.java:register(276)) - Sink prometheus already exists!
2020-12-18 01:51:13,934 [Listener at 127.0.0.1/40197] INFO  http.BaseHttpServer (BaseHttpServer.java:updateConnectorAddress(327)) - HTTP server of hddsDatanode listening at http://0.0.0.0:38225
2020-12-18 01:51:13,936 [Listener at 127.0.0.1/40197] INFO  impl.MetricsSystemImpl (MetricsSystemImpl.java:init(158)) - HddsDatanode metrics system started (again)
2020-12-18 01:51:13,937 [Listener at 127.0.0.1/40197] INFO  ozone.HddsDatanodeService (HddsDatanodeService.java:start(217)) - HddsDatanodeService host:1fad9502c7b4 ip:172.17.0.2
2020-12-18 01:51:13,942 [org.apache.hadoop.util.JvmPauseMonitor$Monitor@5f204778] INFO  util.JvmPauseMonitor (JvmPauseMonitor.java:run(188)) - Starting JVM pause monitor
2020-12-18 01:51:13,942 [Listener at 127.0.0.1/40197] INFO  volume.HddsVolume (HddsVolume.java:<init>(176)) - Creating Volume: /github/workspace/mnt/ozone/hadoop-ozone/integration-test/target/test-dir/MiniOzoneClusterImpl-4564f03c-bda0-461a-b884-74ed0c78bad0/datanode-1/data-0/containers/hdds of storage type : DISK and capacity : 9223372036854775807
2020-12-18 01:51:13,942 [Listener at 127.0.0.1/40197] INFO  volume.MutableVolumeSet (MutableVolumeSet.java:initializeVolumeSet(179)) - Added Volume : /github/workspace/mnt/ozone/hadoop-ozone/integration-test/target/test-dir/MiniOzoneClusterImpl-4564f03c-bda0-461a-b884-74ed0c78bad0/datanode-1/data-0/containers/hdds to VolumeSet
2020-12-18 01:51:13,942 [Listener at 127.0.0.1/40197] INFO  volume.ThrottledAsyncChecker (ThrottledAsyncChecker.java:schedule(141)) - Scheduling a check for /github/workspace/mnt/ozone/hadoop-ozone/integration-test/target/test-dir/MiniOzoneClusterImpl-4564f03c-bda0-461a-b884-74ed0c78bad0/datanode-1/data-0/containers/hdds
2020-12-18 01:51:13,943 [Datanode State Machine Task Thread - 0] INFO  datanode.InitDatanodeState (InitDatanodeState.java:persistContainerDatanodeDetails(145)) - DatanodeDetails is persisted to /github/workspace/mnt/ozone/hadoop-ozone/integration-test/target/test-dir/MiniOzoneClusterImpl-4564f03c-bda0-461a-b884-74ed0c78bad0/datanode-0/meta/datanode.id
2020-12-18 01:51:13,944 [Listener at 127.0.0.1/40197] INFO  volume.HddsVolumeChecker (HddsVolumeChecker.java:checkAllVolumes(200)) - Scheduled health check for volume /github/workspace/mnt/ozone/hadoop-ozone/integration-test/target/test-dir/MiniOzoneClusterImpl-4564f03c-bda0-461a-b884-74ed0c78bad0/datanode-1/data-0/containers/hdds
2020-12-18 01:51:13,956 [Thread-729] INFO  ozoneimpl.ContainerReader (ContainerReader.java:readVolume(123)) - Start to verify containers on volume /github/workspace/mnt/ozone/hadoop-ozone/integration-test/target/test-dir/MiniOzoneClusterImpl-4564f03c-bda0-461a-b884-74ed0c78bad0/datanode-1/data-0/containers/hdds
2020-12-18 01:51:13,956 [Thread-729] INFO  ozoneimpl.ContainerReader (ContainerReader.java:readVolume(148)) - Finish verifying containers on volume /github/workspace/mnt/ozone/hadoop-ozone/integration-test/target/test-dir/MiniOzoneClusterImpl-4564f03c-bda0-461a-b884-74ed0c78bad0/datanode-1/data-0/containers/hdds
2020-12-18 01:51:13,956 [Listener at 127.0.0.1/40197] INFO  ozoneimpl.OzoneContainer (OzoneContainer.java:buildContainerSet(194)) - Build ContainerSet costs 0s
2020-12-18 01:51:13,958 [Listener at 127.0.0.1/40197] INFO  impl.RaftServerProxy (ConfUtils.java:logGet(44)) - raft.rpc.type = GRPC (default)
2020-12-18 01:51:13,958 [Listener at 127.0.0.1/40197] INFO  grpc.GrpcFactory (GrpcFactory.java:checkPooledByteBufAllocatorUseCacheForAllThreads(45)) - PERFORMANCE WARNING: useCacheForAllThreads is true that may cause Netty to create a lot garbage objects and, as a result, trigger GC.
	It is recommended to disable useCacheForAllThreads by setting -Dorg.apache.ratis.thirdparty.io.netty.allocator.useCacheForAllThreads=false in command line.
2020-12-18 01:51:13,958 [Listener at 127.0.0.1/40197] INFO  grpc.GrpcConfigKeys (ConfUtils.java:logGet(44)) - raft.grpc.server.port = 0 (default)
2020-12-18 01:51:13,958 [Listener at 127.0.0.1/40197] INFO  server.GrpcService (ConfUtils.java:logGet(44)) - raft.grpc.message.size.max = 32MB (=33554432) (custom)
2020-12-18 01:51:13,958 [Listener at 127.0.0.1/40197] INFO  server.RaftServerConfigKeys (ConfUtils.java:logGet(44)) - raft.server.log.appender.buffer.byte-limit = 33554432 (custom)
2020-12-18 01:51:13,958 [Listener at 127.0.0.1/40197] INFO  server.GrpcService (ConfUtils.java:logGet(44)) - raft.grpc.flow.control.window = 5MB (=5242880) (custom)
2020-12-18 01:51:13,959 [Listener at 127.0.0.1/40197] INFO  server.RaftServerConfigKeys (ConfUtils.java:logGet(44)) - raft.server.rpc.request.timeout = 60s (custom)
2020-12-18 01:51:13,959 [Listener at 127.0.0.1/40197] INFO  impl.DataStreamServerImpl (ConfUtils.java:logGet(44)) - raft.datastream.type = DISABLED (default)
2020-12-18 01:51:13,960 [Listener at 127.0.0.1/40197] INFO  server.RaftServerConfigKeys (ConfUtils.java:logGet(44)) - raft.server.storage.dir = [/github/workspace/mnt/ozone/hadoop-ozone/integration-test/target/test-dir/MiniOzoneClusterImpl-4564f03c-bda0-461a-b884-74ed0c78bad0/datanode-1/data/ratis] (custom)
2020-12-18 01:51:13,964 [Listener at 127.0.0.1/40197] INFO  http.BaseHttpServer (BaseHttpServer.java:newHttpServer2BuilderForOzone(207)) - Starting Web-server for hddsDatanode at: http://0.0.0.0:0
2020-12-18 01:51:13,964 [Listener at 127.0.0.1/40197] INFO  http.BaseHttpServer (BaseHttpServer.java:<init>(106)) - Hadoop Security Enabled: false Ozone Security Enabled: false Ozone HTTP Security Enabled: false 
2020-12-18 01:51:13,965 [Listener at 127.0.0.1/40197] INFO  server.AuthenticationFilter (AuthenticationFilter.java:constructSecretProvider(240)) - Unable to initialize FileSignerSecretProvider, falling back to use random secrets.
2020-12-18 01:51:13,965 [Listener at 127.0.0.1/40197] WARN  http.HttpRequestLog (HttpRequestLog.java:getRequestLog(103)) - Jetty request log can only be enabled using Log4j
2020-12-18 01:51:13,966 [Listener at 127.0.0.1/40197] INFO  http.HttpServer2 (HttpServer2.java:addGlobalFilter(1020)) - Added global filter 'safety' (class=org.apache.hadoop.hdds.server.http.HttpServer2$QuotingInputFilter)
2020-12-18 01:51:13,966 [Listener at 127.0.0.1/40197] INFO  http.HttpServer2 (HttpServer2.java:addFilter(996)) - Added filter static_user_filter (class=org.apache.hadoop.http.lib.StaticUserWebFilter$StaticUserFilter) to context hddsDatanode
2020-12-18 01:51:13,966 [Listener at 127.0.0.1/40197] INFO  http.HttpServer2 (HttpServer2.java:addFilter(1004)) - Added filter static_user_filter (class=org.apache.hadoop.http.lib.StaticUserWebFilter$StaticUserFilter) to context logs
2020-12-18 01:51:13,966 [Listener at 127.0.0.1/40197] INFO  http.HttpServer2 (HttpServer2.java:addFilter(1004)) - Added filter static_user_filter (class=org.apache.hadoop.http.lib.StaticUserWebFilter$StaticUserFilter) to context static
2020-12-18 01:51:13,967 [Listener at 127.0.0.1/40197] INFO  http.HttpServer2 (HttpServer2.java:bindListener(1238)) - Jetty bound to port 39463
2020-12-18 01:51:13,967 [Listener at 127.0.0.1/40197] INFO  server.Server (Server.java:doStart(375)) - jetty-9.4.34.v20201102; built: 2020-11-02T14:15:39.302Z; git: e46af88704a893fc12cb0e3bf46e2c7b48a009e7; jvm 1.8.0_232-b09
2020-12-18 01:51:13,968 [Listener at 127.0.0.1/40197] INFO  server.session (DefaultSessionIdManager.java:doStart(334)) - DefaultSessionIdManager workerName=node0
2020-12-18 01:51:13,968 [Listener at 127.0.0.1/40197] INFO  server.session (DefaultSessionIdManager.java:doStart(339)) - No SessionScavenger set, using defaults
2020-12-18 01:51:13,969 [Listener at 127.0.0.1/40197] INFO  server.session (HouseKeeper.java:startScavenging(132)) - node0 Scavenging every 600000ms
2020-12-18 01:51:13,969 [Listener at 127.0.0.1/40197] INFO  handler.ContextHandler (ContextHandler.java:doStart(916)) - Started o.e.j.s.ServletContextHandler@794ca18b{logs,/logs,file:///github/workspace/mnt/ozone/hadoop-ozone/integration-test/target/log,AVAILABLE}
2020-12-18 01:51:13,969 [Listener at 127.0.0.1/40197] INFO  handler.ContextHandler (ContextHandler.java:doStart(916)) - Started o.e.j.s.ServletContextHandler@5ddc077b{static,/static,jar:file:/home/user/.m2/repository/org/apache/hadoop/hadoop-hdds-container-service/1.1.0-SNAPSHOT/hadoop-hdds-container-service-1.1.0-SNAPSHOT.jar!/webapps/static,AVAILABLE}
2020-12-18 01:51:14,105 [Listener at 127.0.0.1/40197] INFO  handler.ContextHandler (ContextHandler.java:doStart(916)) - Started o.e.j.w.WebAppContext@355c236b{hddsDatanode,/,file:///tmp/jetty-0_0_0_0-39463-hadoop-hdds-container-service-1_1_0-SNAPSHOT_jar-_-any-6230789480129289427/webapp/,AVAILABLE}{jar:file:/home/user/.m2/repository/org/apache/hadoop/hadoop-hdds-container-service/1.1.0-SNAPSHOT/hadoop-hdds-container-service-1.1.0-SNAPSHOT.jar!/webapps/hddsDatanode}
2020-12-18 01:51:14,106 [Listener at 127.0.0.1/40197] INFO  server.AbstractConnector (AbstractConnector.java:doStart(331)) - Started ServerConnector@1ad7892{HTTP/1.1, (http/1.1)}{0.0.0.0:39463}
2020-12-18 01:51:14,106 [Listener at 127.0.0.1/40197] INFO  server.Server (Server.java:doStart(415)) - Started @50296ms
2020-12-18 01:51:14,106 [Listener at 127.0.0.1/40197] WARN  impl.MetricsSystemImpl (MetricsSystemImpl.java:register(276)) - Sink prometheus already exists!
2020-12-18 01:51:14,124 [Listener at 127.0.0.1/40197] INFO  http.BaseHttpServer (BaseHttpServer.java:updateConnectorAddress(327)) - HTTP server of hddsDatanode listening at http://0.0.0.0:39463
2020-12-18 01:51:14,125 [Listener at 127.0.0.1/40197] INFO  impl.MetricsSystemImpl (MetricsSystemImpl.java:init(158)) - HddsDatanode metrics system started (again)
2020-12-18 01:51:14,127 [org.apache.hadoop.util.JvmPauseMonitor$Monitor@6379a44a] INFO  util.JvmPauseMonitor (JvmPauseMonitor.java:run(188)) - Starting JVM pause monitor
2020-12-18 01:51:14,128 [Datanode State Machine Task Thread - 0] INFO  datanode.InitDatanodeState (InitDatanodeState.java:persistContainerDatanodeDetails(145)) - DatanodeDetails is persisted to /github/workspace/mnt/ozone/hadoop-ozone/integration-test/target/test-dir/MiniOzoneClusterImpl-4564f03c-bda0-461a-b884-74ed0c78bad0/datanode-1/meta/datanode.id
2020-12-18 01:51:14,131 [Listener at 127.0.0.1/40197] INFO  ozone.HddsDatanodeService (HddsDatanodeService.java:start(217)) - HddsDatanodeService host:1fad9502c7b4 ip:172.17.0.2
2020-12-18 01:51:14,132 [Listener at 127.0.0.1/40197] INFO  volume.HddsVolume (HddsVolume.java:<init>(176)) - Creating Volume: /github/workspace/mnt/ozone/hadoop-ozone/integration-test/target/test-dir/MiniOzoneClusterImpl-4564f03c-bda0-461a-b884-74ed0c78bad0/datanode-2/data-0/containers/hdds of storage type : DISK and capacity : 9223372036854775807
2020-12-18 01:51:14,132 [Listener at 127.0.0.1/40197] INFO  volume.MutableVolumeSet (MutableVolumeSet.java:initializeVolumeSet(179)) - Added Volume : /github/workspace/mnt/ozone/hadoop-ozone/integration-test/target/test-dir/MiniOzoneClusterImpl-4564f03c-bda0-461a-b884-74ed0c78bad0/datanode-2/data-0/containers/hdds to VolumeSet
2020-12-18 01:51:14,132 [Listener at 127.0.0.1/40197] INFO  volume.ThrottledAsyncChecker (ThrottledAsyncChecker.java:schedule(141)) - Scheduling a check for /github/workspace/mnt/ozone/hadoop-ozone/integration-test/target/test-dir/MiniOzoneClusterImpl-4564f03c-bda0-461a-b884-74ed0c78bad0/datanode-2/data-0/containers/hdds
2020-12-18 01:51:14,133 [Listener at 127.0.0.1/40197] INFO  volume.HddsVolumeChecker (HddsVolumeChecker.java:checkAllVolumes(200)) - Scheduled health check for volume /github/workspace/mnt/ozone/hadoop-ozone/integration-test/target/test-dir/MiniOzoneClusterImpl-4564f03c-bda0-461a-b884-74ed0c78bad0/datanode-2/data-0/containers/hdds
2020-12-18 01:51:14,145 [Thread-740] INFO  ozoneimpl.ContainerReader (ContainerReader.java:readVolume(123)) - Start to verify containers on volume /github/workspace/mnt/ozone/hadoop-ozone/integration-test/target/test-dir/MiniOzoneClusterImpl-4564f03c-bda0-461a-b884-74ed0c78bad0/datanode-2/data-0/containers/hdds
2020-12-18 01:51:14,146 [Thread-740] INFO  ozoneimpl.ContainerReader (ContainerReader.java:readVolume(148)) - Finish verifying containers on volume /github/workspace/mnt/ozone/hadoop-ozone/integration-test/target/test-dir/MiniOzoneClusterImpl-4564f03c-bda0-461a-b884-74ed0c78bad0/datanode-2/data-0/containers/hdds
2020-12-18 01:51:14,146 [Listener at 127.0.0.1/40197] INFO  ozoneimpl.OzoneContainer (OzoneContainer.java:buildContainerSet(194)) - Build ContainerSet costs 0s
2020-12-18 01:51:14,149 [Listener at 127.0.0.1/40197] INFO  impl.RaftServerProxy (ConfUtils.java:logGet(44)) - raft.rpc.type = GRPC (default)
2020-12-18 01:51:14,150 [Listener at 127.0.0.1/40197] INFO  grpc.GrpcFactory (GrpcFactory.java:checkPooledByteBufAllocatorUseCacheForAllThreads(45)) - PERFORMANCE WARNING: useCacheForAllThreads is true that may cause Netty to create a lot garbage objects and, as a result, trigger GC.
	It is recommended to disable useCacheForAllThreads by setting -Dorg.apache.ratis.thirdparty.io.netty.allocator.useCacheForAllThreads=false in command line.
2020-12-18 01:51:14,150 [Listener at 127.0.0.1/40197] INFO  grpc.GrpcConfigKeys (ConfUtils.java:logGet(44)) - raft.grpc.server.port = 0 (default)
2020-12-18 01:51:14,150 [Listener at 127.0.0.1/40197] INFO  server.GrpcService (ConfUtils.java:logGet(44)) - raft.grpc.message.size.max = 32MB (=33554432) (custom)
2020-12-18 01:51:14,150 [Listener at 127.0.0.1/40197] INFO  server.RaftServerConfigKeys (ConfUtils.java:logGet(44)) - raft.server.log.appender.buffer.byte-limit = 33554432 (custom)
2020-12-18 01:51:14,150 [Listener at 127.0.0.1/40197] INFO  server.GrpcService (ConfUtils.java:logGet(44)) - raft.grpc.flow.control.window = 5MB (=5242880) (custom)
2020-12-18 01:51:14,150 [Listener at 127.0.0.1/40197] INFO  server.RaftServerConfigKeys (ConfUtils.java:logGet(44)) - raft.server.rpc.request.timeout = 60s (custom)
2020-12-18 01:51:14,151 [Listener at 127.0.0.1/40197] INFO  impl.DataStreamServerImpl (ConfUtils.java:logGet(44)) - raft.datastream.type = DISABLED (default)
2020-12-18 01:51:14,151 [Listener at 127.0.0.1/40197] INFO  server.RaftServerConfigKeys (ConfUtils.java:logGet(44)) - raft.server.storage.dir = [/github/workspace/mnt/ozone/hadoop-ozone/integration-test/target/test-dir/MiniOzoneClusterImpl-4564f03c-bda0-461a-b884-74ed0c78bad0/datanode-2/data/ratis] (custom)
2020-12-18 01:51:14,159 [Listener at 127.0.0.1/40197] INFO  http.BaseHttpServer (BaseHttpServer.java:newHttpServer2BuilderForOzone(207)) - Starting Web-server for hddsDatanode at: http://0.0.0.0:0
2020-12-18 01:51:14,159 [Listener at 127.0.0.1/40197] INFO  http.BaseHttpServer (BaseHttpServer.java:<init>(106)) - Hadoop Security Enabled: false Ozone Security Enabled: false Ozone HTTP Security Enabled: false 
2020-12-18 01:51:14,160 [Listener at 127.0.0.1/40197] INFO  server.AuthenticationFilter (AuthenticationFilter.java:constructSecretProvider(240)) - Unable to initialize FileSignerSecretProvider, falling back to use random secrets.
2020-12-18 01:51:14,160 [Listener at 127.0.0.1/40197] WARN  http.HttpRequestLog (HttpRequestLog.java:getRequestLog(103)) - Jetty request log can only be enabled using Log4j
2020-12-18 01:51:14,161 [Listener at 127.0.0.1/40197] INFO  http.HttpServer2 (HttpServer2.java:addGlobalFilter(1020)) - Added global filter 'safety' (class=org.apache.hadoop.hdds.server.http.HttpServer2$QuotingInputFilter)
2020-12-18 01:51:14,161 [Listener at 127.0.0.1/40197] INFO  http.HttpServer2 (HttpServer2.java:addFilter(996)) - Added filter static_user_filter (class=org.apache.hadoop.http.lib.StaticUserWebFilter$StaticUserFilter) to context hddsDatanode
2020-12-18 01:51:14,162 [Listener at 127.0.0.1/40197] INFO  http.HttpServer2 (HttpServer2.java:addFilter(1004)) - Added filter static_user_filter (class=org.apache.hadoop.http.lib.StaticUserWebFilter$StaticUserFilter) to context static
2020-12-18 01:51:14,162 [Listener at 127.0.0.1/40197] INFO  http.HttpServer2 (HttpServer2.java:addFilter(1004)) - Added filter static_user_filter (class=org.apache.hadoop.http.lib.StaticUserWebFilter$StaticUserFilter) to context logs
2020-12-18 01:51:14,163 [Listener at 127.0.0.1/40197] INFO  http.HttpServer2 (HttpServer2.java:bindListener(1238)) - Jetty bound to port 35107
2020-12-18 01:51:14,163 [Listener at 127.0.0.1/40197] INFO  server.Server (Server.java:doStart(375)) - jetty-9.4.34.v20201102; built: 2020-11-02T14:15:39.302Z; git: e46af88704a893fc12cb0e3bf46e2c7b48a009e7; jvm 1.8.0_232-b09
2020-12-18 01:51:14,167 [Listener at 127.0.0.1/40197] INFO  server.session (DefaultSessionIdManager.java:doStart(334)) - DefaultSessionIdManager workerName=node0
2020-12-18 01:51:14,167 [Listener at 127.0.0.1/40197] INFO  server.session (DefaultSessionIdManager.java:doStart(339)) - No SessionScavenger set, using defaults
2020-12-18 01:51:14,167 [Listener at 127.0.0.1/40197] INFO  server.session (HouseKeeper.java:startScavenging(132)) - node0 Scavenging every 600000ms
2020-12-18 01:51:14,176 [Listener at 127.0.0.1/40197] INFO  handler.ContextHandler (ContextHandler.java:doStart(916)) - Started o.e.j.s.ServletContextHandler@56e7f92f{logs,/logs,file:///github/workspace/mnt/ozone/hadoop-ozone/integration-test/target/log,AVAILABLE}
2020-12-18 01:51:14,176 [Listener at 127.0.0.1/40197] INFO  handler.ContextHandler (ContextHandler.java:doStart(916)) - Started o.e.j.s.ServletContextHandler@5379839c{static,/static,jar:file:/home/user/.m2/repository/org/apache/hadoop/hadoop-hdds-container-service/1.1.0-SNAPSHOT/hadoop-hdds-container-service-1.1.0-SNAPSHOT.jar!/webapps/static,AVAILABLE}
2020-12-18 01:51:14,312 [Listener at 127.0.0.1/40197] INFO  handler.ContextHandler (ContextHandler.java:doStart(916)) - Started o.e.j.w.WebAppContext@63e67888{hddsDatanode,/,file:///tmp/jetty-0_0_0_0-35107-hadoop-hdds-container-service-1_1_0-SNAPSHOT_jar-_-any-7431590749875880439/webapp/,AVAILABLE}{jar:file:/home/user/.m2/repository/org/apache/hadoop/hadoop-hdds-container-service/1.1.0-SNAPSHOT/hadoop-hdds-container-service-1.1.0-SNAPSHOT.jar!/webapps/hddsDatanode}
2020-12-18 01:51:14,314 [Listener at 127.0.0.1/40197] INFO  server.AbstractConnector (AbstractConnector.java:doStart(331)) - Started ServerConnector@1d2fd73c{HTTP/1.1, (http/1.1)}{0.0.0.0:35107}
2020-12-18 01:51:14,314 [Listener at 127.0.0.1/40197] INFO  server.Server (Server.java:doStart(415)) - Started @50504ms
2020-12-18 01:51:14,314 [Listener at 127.0.0.1/40197] WARN  impl.MetricsSystemImpl (MetricsSystemImpl.java:register(276)) - Sink prometheus already exists!
2020-12-18 01:51:14,318 [Listener at 127.0.0.1/40197] INFO  http.BaseHttpServer (BaseHttpServer.java:updateConnectorAddress(327)) - HTTP server of hddsDatanode listening at http://0.0.0.0:35107
2020-12-18 01:51:14,320 [Listener at 127.0.0.1/40197] INFO  impl.MetricsSystemImpl (MetricsSystemImpl.java:init(158)) - HddsDatanode metrics system started (again)
2020-12-18 01:51:14,324 [Listener at 127.0.0.1/40197] INFO  ozone.HddsDatanodeService (HddsDatanodeService.java:start(217)) - HddsDatanodeService host:1fad9502c7b4 ip:172.17.0.2
2020-12-18 01:51:14,325 [org.apache.hadoop.util.JvmPauseMonitor$Monitor@12e4cb3d] INFO  util.JvmPauseMonitor (JvmPauseMonitor.java:run(188)) - Starting JVM pause monitor
2020-12-18 01:51:14,324 [Datanode State Machine Task Thread - 0] INFO  datanode.InitDatanodeState (InitDatanodeState.java:persistContainerDatanodeDetails(145)) - DatanodeDetails is persisted to /github/workspace/mnt/ozone/hadoop-ozone/integration-test/target/test-dir/MiniOzoneClusterImpl-4564f03c-bda0-461a-b884-74ed0c78bad0/datanode-2/meta/datanode.id
2020-12-18 01:51:14,326 [Listener at 127.0.0.1/40197] INFO  volume.HddsVolume (HddsVolume.java:<init>(176)) - Creating Volume: /github/workspace/mnt/ozone/hadoop-ozone/integration-test/target/test-dir/MiniOzoneClusterImpl-4564f03c-bda0-461a-b884-74ed0c78bad0/datanode-3/data-0/containers/hdds of storage type : DISK and capacity : 9223372036854775807
2020-12-18 01:51:14,326 [Listener at 127.0.0.1/40197] INFO  volume.MutableVolumeSet (MutableVolumeSet.java:initializeVolumeSet(179)) - Added Volume : /github/workspace/mnt/ozone/hadoop-ozone/integration-test/target/test-dir/MiniOzoneClusterImpl-4564f03c-bda0-461a-b884-74ed0c78bad0/datanode-3/data-0/containers/hdds to VolumeSet
2020-12-18 01:51:14,326 [Listener at 127.0.0.1/40197] INFO  volume.ThrottledAsyncChecker (ThrottledAsyncChecker.java:schedule(141)) - Scheduling a check for /github/workspace/mnt/ozone/hadoop-ozone/integration-test/target/test-dir/MiniOzoneClusterImpl-4564f03c-bda0-461a-b884-74ed0c78bad0/datanode-3/data-0/containers/hdds
2020-12-18 01:51:14,326 [Listener at 127.0.0.1/40197] INFO  volume.HddsVolumeChecker (HddsVolumeChecker.java:checkAllVolumes(200)) - Scheduled health check for volume /github/workspace/mnt/ozone/hadoop-ozone/integration-test/target/test-dir/MiniOzoneClusterImpl-4564f03c-bda0-461a-b884-74ed0c78bad0/datanode-3/data-0/containers/hdds
2020-12-18 01:51:14,338 [Thread-751] INFO  ozoneimpl.ContainerReader (ContainerReader.java:readVolume(123)) - Start to verify containers on volume /github/workspace/mnt/ozone/hadoop-ozone/integration-test/target/test-dir/MiniOzoneClusterImpl-4564f03c-bda0-461a-b884-74ed0c78bad0/datanode-3/data-0/containers/hdds
2020-12-18 01:51:14,338 [Thread-751] INFO  ozoneimpl.ContainerReader (ContainerReader.java:readVolume(148)) - Finish verifying containers on volume /github/workspace/mnt/ozone/hadoop-ozone/integration-test/target/test-dir/MiniOzoneClusterImpl-4564f03c-bda0-461a-b884-74ed0c78bad0/datanode-3/data-0/containers/hdds
2020-12-18 01:51:14,338 [Listener at 127.0.0.1/40197] INFO  ozoneimpl.OzoneContainer (OzoneContainer.java:buildContainerSet(194)) - Build ContainerSet costs 0s
2020-12-18 01:51:14,340 [Listener at 127.0.0.1/40197] INFO  impl.RaftServerProxy (ConfUtils.java:logGet(44)) - raft.rpc.type = GRPC (default)
2020-12-18 01:51:14,340 [Listener at 127.0.0.1/40197] INFO  grpc.GrpcFactory (GrpcFactory.java:checkPooledByteBufAllocatorUseCacheForAllThreads(45)) - PERFORMANCE WARNING: useCacheForAllThreads is true that may cause Netty to create a lot garbage objects and, as a result, trigger GC.
	It is recommended to disable useCacheForAllThreads by setting -Dorg.apache.ratis.thirdparty.io.netty.allocator.useCacheForAllThreads=false in command line.
2020-12-18 01:51:14,340 [Listener at 127.0.0.1/40197] INFO  grpc.GrpcConfigKeys (ConfUtils.java:logGet(44)) - raft.grpc.server.port = 0 (default)
2020-12-18 01:51:14,340 [Listener at 127.0.0.1/40197] INFO  server.GrpcService (ConfUtils.java:logGet(44)) - raft.grpc.message.size.max = 32MB (=33554432) (custom)
2020-12-18 01:51:14,341 [Listener at 127.0.0.1/40197] INFO  server.RaftServerConfigKeys (ConfUtils.java:logGet(44)) - raft.server.log.appender.buffer.byte-limit = 33554432 (custom)
2020-12-18 01:51:14,341 [Listener at 127.0.0.1/40197] INFO  server.GrpcService (ConfUtils.java:logGet(44)) - raft.grpc.flow.control.window = 5MB (=5242880) (custom)
2020-12-18 01:51:14,341 [Listener at 127.0.0.1/40197] INFO  server.RaftServerConfigKeys (ConfUtils.java:logGet(44)) - raft.server.rpc.request.timeout = 60s (custom)
2020-12-18 01:51:14,342 [Listener at 127.0.0.1/40197] INFO  impl.DataStreamServerImpl (ConfUtils.java:logGet(44)) - raft.datastream.type = DISABLED (default)
2020-12-18 01:51:14,342 [Listener at 127.0.0.1/40197] INFO  server.RaftServerConfigKeys (ConfUtils.java:logGet(44)) - raft.server.storage.dir = [/github/workspace/mnt/ozone/hadoop-ozone/integration-test/target/test-dir/MiniOzoneClusterImpl-4564f03c-bda0-461a-b884-74ed0c78bad0/datanode-3/data/ratis] (custom)
2020-12-18 01:51:14,346 [Listener at 127.0.0.1/40197] INFO  http.BaseHttpServer (BaseHttpServer.java:newHttpServer2BuilderForOzone(207)) - Starting Web-server for hddsDatanode at: http://0.0.0.0:0
2020-12-18 01:51:14,346 [Listener at 127.0.0.1/40197] INFO  http.BaseHttpServer (BaseHttpServer.java:<init>(106)) - Hadoop Security Enabled: false Ozone Security Enabled: false Ozone HTTP Security Enabled: false 
2020-12-18 01:51:14,347 [Listener at 127.0.0.1/40197] INFO  server.AuthenticationFilter (AuthenticationFilter.java:constructSecretProvider(240)) - Unable to initialize FileSignerSecretProvider, falling back to use random secrets.
2020-12-18 01:51:14,347 [Listener at 127.0.0.1/40197] WARN  http.HttpRequestLog (HttpRequestLog.java:getRequestLog(103)) - Jetty request log can only be enabled using Log4j
2020-12-18 01:51:14,348 [Listener at 127.0.0.1/40197] INFO  http.HttpServer2 (HttpServer2.java:addGlobalFilter(1020)) - Added global filter 'safety' (class=org.apache.hadoop.hdds.server.http.HttpServer2$QuotingInputFilter)
2020-12-18 01:51:14,348 [Listener at 127.0.0.1/40197] INFO  http.HttpServer2 (HttpServer2.java:addFilter(996)) - Added filter static_user_filter (class=org.apache.hadoop.http.lib.StaticUserWebFilter$StaticUserFilter) to context hddsDatanode
2020-12-18 01:51:14,348 [Listener at 127.0.0.1/40197] INFO  http.HttpServer2 (HttpServer2.java:addFilter(1004)) - Added filter static_user_filter (class=org.apache.hadoop.http.lib.StaticUserWebFilter$StaticUserFilter) to context static
2020-12-18 01:51:14,349 [Listener at 127.0.0.1/40197] INFO  http.HttpServer2 (HttpServer2.java:addFilter(1004)) - Added filter static_user_filter (class=org.apache.hadoop.http.lib.StaticUserWebFilter$StaticUserFilter) to context logs
2020-12-18 01:51:14,349 [Listener at 127.0.0.1/40197] INFO  http.HttpServer2 (HttpServer2.java:bindListener(1238)) - Jetty bound to port 34029
2020-12-18 01:51:14,349 [Listener at 127.0.0.1/40197] INFO  server.Server (Server.java:doStart(375)) - jetty-9.4.34.v20201102; built: 2020-11-02T14:15:39.302Z; git: e46af88704a893fc12cb0e3bf46e2c7b48a009e7; jvm 1.8.0_232-b09
2020-12-18 01:51:14,351 [Listener at 127.0.0.1/40197] INFO  server.session (DefaultSessionIdManager.java:doStart(334)) - DefaultSessionIdManager workerName=node0
2020-12-18 01:51:14,351 [Listener at 127.0.0.1/40197] INFO  server.session (DefaultSessionIdManager.java:doStart(339)) - No SessionScavenger set, using defaults
2020-12-18 01:51:14,351 [Listener at 127.0.0.1/40197] INFO  server.session (HouseKeeper.java:startScavenging(132)) - node0 Scavenging every 600000ms
2020-12-18 01:51:14,351 [Listener at 127.0.0.1/40197] INFO  handler.ContextHandler (ContextHandler.java:doStart(916)) - Started o.e.j.s.ServletContextHandler@de58d71{logs,/logs,file:///github/workspace/mnt/ozone/hadoop-ozone/integration-test/target/log,AVAILABLE}
2020-12-18 01:51:14,352 [Listener at 127.0.0.1/40197] INFO  handler.ContextHandler (ContextHandler.java:doStart(916)) - Started o.e.j.s.ServletContextHandler@50235133{static,/static,jar:file:/home/user/.m2/repository/org/apache/hadoop/hadoop-hdds-container-service/1.1.0-SNAPSHOT/hadoop-hdds-container-service-1.1.0-SNAPSHOT.jar!/webapps/static,AVAILABLE}
2020-12-18 01:51:14,488 [Listener at 127.0.0.1/40197] INFO  handler.ContextHandler (ContextHandler.java:doStart(916)) - Started o.e.j.w.WebAppContext@7aa146e5{hddsDatanode,/,file:///tmp/jetty-0_0_0_0-34029-hadoop-hdds-container-service-1_1_0-SNAPSHOT_jar-_-any-2021896491064967735/webapp/,AVAILABLE}{jar:file:/home/user/.m2/repository/org/apache/hadoop/hadoop-hdds-container-service/1.1.0-SNAPSHOT/hadoop-hdds-container-service-1.1.0-SNAPSHOT.jar!/webapps/hddsDatanode}
2020-12-18 01:51:14,492 [Listener at 127.0.0.1/40197] INFO  server.AbstractConnector (AbstractConnector.java:doStart(331)) - Started ServerConnector@49b00b5{HTTP/1.1, (http/1.1)}{0.0.0.0:34029}
2020-12-18 01:51:14,493 [Listener at 127.0.0.1/40197] INFO  server.Server (Server.java:doStart(415)) - Started @50683ms
2020-12-18 01:51:14,493 [Listener at 127.0.0.1/40197] WARN  impl.MetricsSystemImpl (MetricsSystemImpl.java:register(276)) - Sink prometheus already exists!
2020-12-18 01:51:14,496 [Listener at 127.0.0.1/40197] INFO  http.BaseHttpServer (BaseHttpServer.java:updateConnectorAddress(327)) - HTTP server of hddsDatanode listening at http://0.0.0.0:34029
2020-12-18 01:51:14,496 [Listener at 127.0.0.1/40197] INFO  impl.MetricsSystemImpl (MetricsSystemImpl.java:init(158)) - HddsDatanode metrics system started (again)
2020-12-18 01:51:14,498 [Listener at 127.0.0.1/40197] INFO  ozone.HddsDatanodeService (HddsDatanodeService.java:start(217)) - HddsDatanodeService host:1fad9502c7b4 ip:172.17.0.2
2020-12-18 01:51:14,508 [org.apache.hadoop.util.JvmPauseMonitor$Monitor@4e722a7d] INFO  util.JvmPauseMonitor (JvmPauseMonitor.java:run(188)) - Starting JVM pause monitor
2020-12-18 01:51:14,510 [Listener at 127.0.0.1/40197] INFO  volume.HddsVolume (HddsVolume.java:<init>(176)) - Creating Volume: /github/workspace/mnt/ozone/hadoop-ozone/integration-test/target/test-dir/MiniOzoneClusterImpl-4564f03c-bda0-461a-b884-74ed0c78bad0/datanode-4/data-0/containers/hdds of storage type : DISK and capacity : 9223372036854775807
2020-12-18 01:51:14,510 [Listener at 127.0.0.1/40197] INFO  volume.MutableVolumeSet (MutableVolumeSet.java:initializeVolumeSet(179)) - Added Volume : /github/workspace/mnt/ozone/hadoop-ozone/integration-test/target/test-dir/MiniOzoneClusterImpl-4564f03c-bda0-461a-b884-74ed0c78bad0/datanode-4/data-0/containers/hdds to VolumeSet
2020-12-18 01:51:14,510 [Listener at 127.0.0.1/40197] INFO  volume.ThrottledAsyncChecker (ThrottledAsyncChecker.java:schedule(141)) - Scheduling a check for /github/workspace/mnt/ozone/hadoop-ozone/integration-test/target/test-dir/MiniOzoneClusterImpl-4564f03c-bda0-461a-b884-74ed0c78bad0/datanode-4/data-0/containers/hdds
2020-12-18 01:51:14,513 [Datanode State Machine Task Thread - 0] INFO  datanode.InitDatanodeState (InitDatanodeState.java:persistContainerDatanodeDetails(145)) - DatanodeDetails is persisted to /github/workspace/mnt/ozone/hadoop-ozone/integration-test/target/test-dir/MiniOzoneClusterImpl-4564f03c-bda0-461a-b884-74ed0c78bad0/datanode-3/meta/datanode.id
2020-12-18 01:51:14,513 [Listener at 127.0.0.1/40197] INFO  volume.HddsVolumeChecker (HddsVolumeChecker.java:checkAllVolumes(200)) - Scheduled health check for volume /github/workspace/mnt/ozone/hadoop-ozone/integration-test/target/test-dir/MiniOzoneClusterImpl-4564f03c-bda0-461a-b884-74ed0c78bad0/datanode-4/data-0/containers/hdds
2020-12-18 01:51:14,525 [Thread-762] INFO  ozoneimpl.ContainerReader (ContainerReader.java:readVolume(123)) - Start to verify containers on volume /github/workspace/mnt/ozone/hadoop-ozone/integration-test/target/test-dir/MiniOzoneClusterImpl-4564f03c-bda0-461a-b884-74ed0c78bad0/datanode-4/data-0/containers/hdds
2020-12-18 01:51:14,525 [Thread-762] INFO  ozoneimpl.ContainerReader (ContainerReader.java:readVolume(148)) - Finish verifying containers on volume /github/workspace/mnt/ozone/hadoop-ozone/integration-test/target/test-dir/MiniOzoneClusterImpl-4564f03c-bda0-461a-b884-74ed0c78bad0/datanode-4/data-0/containers/hdds
2020-12-18 01:51:14,525 [Listener at 127.0.0.1/40197] INFO  ozoneimpl.OzoneContainer (OzoneContainer.java:buildContainerSet(194)) - Build ContainerSet costs 0s
2020-12-18 01:51:14,527 [Listener at 127.0.0.1/40197] INFO  impl.RaftServerProxy (ConfUtils.java:logGet(44)) - raft.rpc.type = GRPC (default)
2020-12-18 01:51:14,527 [Listener at 127.0.0.1/40197] INFO  grpc.GrpcFactory (GrpcFactory.java:checkPooledByteBufAllocatorUseCacheForAllThreads(45)) - PERFORMANCE WARNING: useCacheForAllThreads is true that may cause Netty to create a lot garbage objects and, as a result, trigger GC.
	It is recommended to disable useCacheForAllThreads by setting -Dorg.apache.ratis.thirdparty.io.netty.allocator.useCacheForAllThreads=false in command line.
2020-12-18 01:51:14,527 [Listener at 127.0.0.1/40197] INFO  grpc.GrpcConfigKeys (ConfUtils.java:logGet(44)) - raft.grpc.server.port = 0 (default)
2020-12-18 01:51:14,527 [Listener at 127.0.0.1/40197] INFO  server.GrpcService (ConfUtils.java:logGet(44)) - raft.grpc.message.size.max = 32MB (=33554432) (custom)
2020-12-18 01:51:14,527 [Listener at 127.0.0.1/40197] INFO  server.RaftServerConfigKeys (ConfUtils.java:logGet(44)) - raft.server.log.appender.buffer.byte-limit = 33554432 (custom)
2020-12-18 01:51:14,527 [Listener at 127.0.0.1/40197] INFO  server.GrpcService (ConfUtils.java:logGet(44)) - raft.grpc.flow.control.window = 5MB (=5242880) (custom)
2020-12-18 01:51:14,528 [Listener at 127.0.0.1/40197] INFO  server.RaftServerConfigKeys (ConfUtils.java:logGet(44)) - raft.server.rpc.request.timeout = 60s (custom)
2020-12-18 01:51:14,528 [Listener at 127.0.0.1/40197] INFO  impl.DataStreamServerImpl (ConfUtils.java:logGet(44)) - raft.datastream.type = DISABLED (default)
2020-12-18 01:51:14,529 [Listener at 127.0.0.1/40197] INFO  server.RaftServerConfigKeys (ConfUtils.java:logGet(44)) - raft.server.storage.dir = [/github/workspace/mnt/ozone/hadoop-ozone/integration-test/target/test-dir/MiniOzoneClusterImpl-4564f03c-bda0-461a-b884-74ed0c78bad0/datanode-4/data/ratis] (custom)
2020-12-18 01:51:14,533 [Listener at 127.0.0.1/40197] INFO  http.BaseHttpServer (BaseHttpServer.java:newHttpServer2BuilderForOzone(207)) - Starting Web-server for hddsDatanode at: http://0.0.0.0:0
2020-12-18 01:51:14,534 [Listener at 127.0.0.1/40197] INFO  http.BaseHttpServer (BaseHttpServer.java:<init>(106)) - Hadoop Security Enabled: false Ozone Security Enabled: false Ozone HTTP Security Enabled: false 
2020-12-18 01:51:14,535 [Listener at 127.0.0.1/40197] INFO  server.AuthenticationFilter (AuthenticationFilter.java:constructSecretProvider(240)) - Unable to initialize FileSignerSecretProvider, falling back to use random secrets.
2020-12-18 01:51:14,535 [Listener at 127.0.0.1/40197] WARN  http.HttpRequestLog (HttpRequestLog.java:getRequestLog(103)) - Jetty request log can only be enabled using Log4j
2020-12-18 01:51:14,536 [Listener at 127.0.0.1/40197] INFO  http.HttpServer2 (HttpServer2.java:addGlobalFilter(1020)) - Added global filter 'safety' (class=org.apache.hadoop.hdds.server.http.HttpServer2$QuotingInputFilter)
2020-12-18 01:51:14,536 [Listener at 127.0.0.1/40197] INFO  http.HttpServer2 (HttpServer2.java:addFilter(996)) - Added filter static_user_filter (class=org.apache.hadoop.http.lib.StaticUserWebFilter$StaticUserFilter) to context hddsDatanode
2020-12-18 01:51:14,537 [Listener at 127.0.0.1/40197] INFO  http.HttpServer2 (HttpServer2.java:addFilter(1004)) - Added filter static_user_filter (class=org.apache.hadoop.http.lib.StaticUserWebFilter$StaticUserFilter) to context static
2020-12-18 01:51:14,537 [Listener at 127.0.0.1/40197] INFO  http.HttpServer2 (HttpServer2.java:addFilter(1004)) - Added filter static_user_filter (class=org.apache.hadoop.http.lib.StaticUserWebFilter$StaticUserFilter) to context logs
2020-12-18 01:51:14,537 [Listener at 127.0.0.1/40197] INFO  http.HttpServer2 (HttpServer2.java:bindListener(1238)) - Jetty bound to port 39003
2020-12-18 01:51:14,537 [Listener at 127.0.0.1/40197] INFO  server.Server (Server.java:doStart(375)) - jetty-9.4.34.v20201102; built: 2020-11-02T14:15:39.302Z; git: e46af88704a893fc12cb0e3bf46e2c7b48a009e7; jvm 1.8.0_232-b09
2020-12-18 01:51:14,539 [Listener at 127.0.0.1/40197] INFO  server.session (DefaultSessionIdManager.java:doStart(334)) - DefaultSessionIdManager workerName=node0
2020-12-18 01:51:14,539 [Listener at 127.0.0.1/40197] INFO  server.session (DefaultSessionIdManager.java:doStart(339)) - No SessionScavenger set, using defaults
2020-12-18 01:51:14,539 [Listener at 127.0.0.1/40197] INFO  server.session (HouseKeeper.java:startScavenging(132)) - node0 Scavenging every 600000ms
2020-12-18 01:51:14,540 [Listener at 127.0.0.1/40197] INFO  handler.ContextHandler (ContextHandler.java:doStart(916)) - Started o.e.j.s.ServletContextHandler@4e6a75a3{logs,/logs,file:///github/workspace/mnt/ozone/hadoop-ozone/integration-test/target/log,AVAILABLE}
2020-12-18 01:51:14,540 [Listener at 127.0.0.1/40197] INFO  handler.ContextHandler (ContextHandler.java:doStart(916)) - Started o.e.j.s.ServletContextHandler@c32b8b0{static,/static,jar:file:/home/user/.m2/repository/org/apache/hadoop/hadoop-hdds-container-service/1.1.0-SNAPSHOT/hadoop-hdds-container-service-1.1.0-SNAPSHOT.jar!/webapps/static,AVAILABLE}
2020-12-18 01:51:14,677 [Listener at 127.0.0.1/40197] INFO  handler.ContextHandler (ContextHandler.java:doStart(916)) - Started o.e.j.w.WebAppContext@3977c7e4{hddsDatanode,/,file:///tmp/jetty-0_0_0_0-39003-hadoop-hdds-container-service-1_1_0-SNAPSHOT_jar-_-any-1229381182911892261/webapp/,AVAILABLE}{jar:file:/home/user/.m2/repository/org/apache/hadoop/hadoop-hdds-container-service/1.1.0-SNAPSHOT/hadoop-hdds-container-service-1.1.0-SNAPSHOT.jar!/webapps/hddsDatanode}
2020-12-18 01:51:14,678 [Listener at 127.0.0.1/40197] INFO  server.AbstractConnector (AbstractConnector.java:doStart(331)) - Started ServerConnector@7ebda858{HTTP/1.1, (http/1.1)}{0.0.0.0:39003}
2020-12-18 01:51:14,678 [Listener at 127.0.0.1/40197] INFO  server.Server (Server.java:doStart(415)) - Started @50869ms
2020-12-18 01:51:14,678 [Listener at 127.0.0.1/40197] WARN  impl.MetricsSystemImpl (MetricsSystemImpl.java:register(276)) - Sink prometheus already exists!
2020-12-18 01:51:14,681 [Listener at 127.0.0.1/40197] INFO  http.BaseHttpServer (BaseHttpServer.java:updateConnectorAddress(327)) - HTTP server of hddsDatanode listening at http://0.0.0.0:39003
2020-12-18 01:51:14,685 [Listener at 127.0.0.1/40197] INFO  impl.MetricsSystemImpl (MetricsSystemImpl.java:init(158)) - HddsDatanode metrics system started (again)
2020-12-18 01:51:14,695 [Listener at 127.0.0.1/40197] INFO  ozone.HddsDatanodeService (HddsDatanodeService.java:start(217)) - HddsDatanodeService host:1fad9502c7b4 ip:172.17.0.2
2020-12-18 01:51:14,705 [Datanode State Machine Task Thread - 0] INFO  datanode.InitDatanodeState (InitDatanodeState.java:persistContainerDatanodeDetails(145)) - DatanodeDetails is persisted to /github/workspace/mnt/ozone/hadoop-ozone/integration-test/target/test-dir/MiniOzoneClusterImpl-4564f03c-bda0-461a-b884-74ed0c78bad0/datanode-4/meta/datanode.id
2020-12-18 01:51:14,705 [Listener at 127.0.0.1/40197] INFO  volume.HddsVolume (HddsVolume.java:<init>(176)) - Creating Volume: /github/workspace/mnt/ozone/hadoop-ozone/integration-test/target/test-dir/MiniOzoneClusterImpl-4564f03c-bda0-461a-b884-74ed0c78bad0/datanode-5/data-0/containers/hdds of storage type : DISK and capacity : 9223372036854775807
2020-12-18 01:51:14,706 [Listener at 127.0.0.1/40197] INFO  volume.MutableVolumeSet (MutableVolumeSet.java:initializeVolumeSet(179)) - Added Volume : /github/workspace/mnt/ozone/hadoop-ozone/integration-test/target/test-dir/MiniOzoneClusterImpl-4564f03c-bda0-461a-b884-74ed0c78bad0/datanode-5/data-0/containers/hdds to VolumeSet
2020-12-18 01:51:14,706 [Listener at 127.0.0.1/40197] INFO  volume.ThrottledAsyncChecker (ThrottledAsyncChecker.java:schedule(141)) - Scheduling a check for /github/workspace/mnt/ozone/hadoop-ozone/integration-test/target/test-dir/MiniOzoneClusterImpl-4564f03c-bda0-461a-b884-74ed0c78bad0/datanode-5/data-0/containers/hdds
2020-12-18 01:51:14,705 [org.apache.hadoop.util.JvmPauseMonitor$Monitor@8a1108] INFO  util.JvmPauseMonitor (JvmPauseMonitor.java:run(188)) - Starting JVM pause monitor
2020-12-18 01:51:14,706 [Listener at 127.0.0.1/40197] INFO  volume.HddsVolumeChecker (HddsVolumeChecker.java:checkAllVolumes(200)) - Scheduled health check for volume /github/workspace/mnt/ozone/hadoop-ozone/integration-test/target/test-dir/MiniOzoneClusterImpl-4564f03c-bda0-461a-b884-74ed0c78bad0/datanode-5/data-0/containers/hdds
2020-12-18 01:51:14,718 [Thread-773] INFO  ozoneimpl.ContainerReader (ContainerReader.java:readVolume(123)) - Start to verify containers on volume /github/workspace/mnt/ozone/hadoop-ozone/integration-test/target/test-dir/MiniOzoneClusterImpl-4564f03c-bda0-461a-b884-74ed0c78bad0/datanode-5/data-0/containers/hdds
2020-12-18 01:51:14,718 [Thread-773] INFO  ozoneimpl.ContainerReader (ContainerReader.java:readVolume(148)) - Finish verifying containers on volume /github/workspace/mnt/ozone/hadoop-ozone/integration-test/target/test-dir/MiniOzoneClusterImpl-4564f03c-bda0-461a-b884-74ed0c78bad0/datanode-5/data-0/containers/hdds
2020-12-18 01:51:14,718 [Listener at 127.0.0.1/40197] INFO  ozoneimpl.OzoneContainer (OzoneContainer.java:buildContainerSet(194)) - Build ContainerSet costs 0s
2020-12-18 01:51:14,720 [Listener at 127.0.0.1/40197] INFO  impl.RaftServerProxy (ConfUtils.java:logGet(44)) - raft.rpc.type = GRPC (default)
2020-12-18 01:51:14,720 [Listener at 127.0.0.1/40197] INFO  grpc.GrpcFactory (GrpcFactory.java:checkPooledByteBufAllocatorUseCacheForAllThreads(45)) - PERFORMANCE WARNING: useCacheForAllThreads is true that may cause Netty to create a lot garbage objects and, as a result, trigger GC.
	It is recommended to disable useCacheForAllThreads by setting -Dorg.apache.ratis.thirdparty.io.netty.allocator.useCacheForAllThreads=false in command line.
2020-12-18 01:51:14,720 [Listener at 127.0.0.1/40197] INFO  grpc.GrpcConfigKeys (ConfUtils.java:logGet(44)) - raft.grpc.server.port = 0 (default)
2020-12-18 01:51:14,720 [Listener at 127.0.0.1/40197] INFO  server.GrpcService (ConfUtils.java:logGet(44)) - raft.grpc.message.size.max = 32MB (=33554432) (custom)
2020-12-18 01:51:14,720 [Listener at 127.0.0.1/40197] INFO  server.RaftServerConfigKeys (ConfUtils.java:logGet(44)) - raft.server.log.appender.buffer.byte-limit = 33554432 (custom)
2020-12-18 01:51:14,720 [Listener at 127.0.0.1/40197] INFO  server.GrpcService (ConfUtils.java:logGet(44)) - raft.grpc.flow.control.window = 5MB (=5242880) (custom)
2020-12-18 01:51:14,720 [Listener at 127.0.0.1/40197] INFO  server.RaftServerConfigKeys (ConfUtils.java:logGet(44)) - raft.server.rpc.request.timeout = 60s (custom)
2020-12-18 01:51:14,721 [Listener at 127.0.0.1/40197] INFO  impl.DataStreamServerImpl (ConfUtils.java:logGet(44)) - raft.datastream.type = DISABLED (default)
2020-12-18 01:51:14,721 [Listener at 127.0.0.1/40197] INFO  server.RaftServerConfigKeys (ConfUtils.java:logGet(44)) - raft.server.storage.dir = [/github/workspace/mnt/ozone/hadoop-ozone/integration-test/target/test-dir/MiniOzoneClusterImpl-4564f03c-bda0-461a-b884-74ed0c78bad0/datanode-5/data/ratis] (custom)
2020-12-18 01:51:14,725 [Listener at 127.0.0.1/40197] INFO  http.BaseHttpServer (BaseHttpServer.java:newHttpServer2BuilderForOzone(207)) - Starting Web-server for hddsDatanode at: http://0.0.0.0:0
2020-12-18 01:51:14,725 [Listener at 127.0.0.1/40197] INFO  http.BaseHttpServer (BaseHttpServer.java:<init>(106)) - Hadoop Security Enabled: false Ozone Security Enabled: false Ozone HTTP Security Enabled: false 
2020-12-18 01:51:14,726 [Listener at 127.0.0.1/40197] INFO  server.AuthenticationFilter (AuthenticationFilter.java:constructSecretProvider(240)) - Unable to initialize FileSignerSecretProvider, falling back to use random secrets.
2020-12-18 01:51:14,726 [Listener at 127.0.0.1/40197] WARN  http.HttpRequestLog (HttpRequestLog.java:getRequestLog(103)) - Jetty request log can only be enabled using Log4j
2020-12-18 01:51:14,727 [Listener at 127.0.0.1/40197] INFO  http.HttpServer2 (HttpServer2.java:addGlobalFilter(1020)) - Added global filter 'safety' (class=org.apache.hadoop.hdds.server.http.HttpServer2$QuotingInputFilter)
2020-12-18 01:51:14,728 [Listener at 127.0.0.1/40197] INFO  http.HttpServer2 (HttpServer2.java:addFilter(996)) - Added filter static_user_filter (class=org.apache.hadoop.http.lib.StaticUserWebFilter$StaticUserFilter) to context hddsDatanode
2020-12-18 01:51:14,728 [Listener at 127.0.0.1/40197] INFO  http.HttpServer2 (HttpServer2.java:addFilter(1004)) - Added filter static_user_filter (class=org.apache.hadoop.http.lib.StaticUserWebFilter$StaticUserFilter) to context static
2020-12-18 01:51:14,728 [Listener at 127.0.0.1/40197] INFO  http.HttpServer2 (HttpServer2.java:addFilter(1004)) - Added filter static_user_filter (class=org.apache.hadoop.http.lib.StaticUserWebFilter$StaticUserFilter) to context logs
2020-12-18 01:51:14,728 [Listener at 127.0.0.1/40197] INFO  http.HttpServer2 (HttpServer2.java:bindListener(1238)) - Jetty bound to port 38149
2020-12-18 01:51:14,728 [Listener at 127.0.0.1/40197] INFO  server.Server (Server.java:doStart(375)) - jetty-9.4.34.v20201102; built: 2020-11-02T14:15:39.302Z; git: e46af88704a893fc12cb0e3bf46e2c7b48a009e7; jvm 1.8.0_232-b09
2020-12-18 01:51:14,730 [Listener at 127.0.0.1/40197] INFO  server.session (DefaultSessionIdManager.java:doStart(334)) - DefaultSessionIdManager workerName=node0
2020-12-18 01:51:14,730 [Listener at 127.0.0.1/40197] INFO  server.session (DefaultSessionIdManager.java:doStart(339)) - No SessionScavenger set, using defaults
2020-12-18 01:51:14,730 [Listener at 127.0.0.1/40197] INFO  server.session (HouseKeeper.java:startScavenging(132)) - node0 Scavenging every 660000ms
2020-12-18 01:51:14,730 [Listener at 127.0.0.1/40197] INFO  handler.ContextHandler (ContextHandler.java:doStart(916)) - Started o.e.j.s.ServletContextHandler@51c4bfea{logs,/logs,file:///github/workspace/mnt/ozone/hadoop-ozone/integration-test/target/log,AVAILABLE}
2020-12-18 01:51:14,731 [Listener at 127.0.0.1/40197] INFO  handler.ContextHandler (ContextHandler.java:doStart(916)) - Started o.e.j.s.ServletContextHandler@56101f06{static,/static,jar:file:/home/user/.m2/repository/org/apache/hadoop/hadoop-hdds-container-service/1.1.0-SNAPSHOT/hadoop-hdds-container-service-1.1.0-SNAPSHOT.jar!/webapps/static,AVAILABLE}
2020-12-18 01:51:14,866 [Listener at 127.0.0.1/40197] INFO  handler.ContextHandler (ContextHandler.java:doStart(916)) - Started o.e.j.w.WebAppContext@61207d28{hddsDatanode,/,file:///tmp/jetty-0_0_0_0-38149-hadoop-hdds-container-service-1_1_0-SNAPSHOT_jar-_-any-5293048937104286871/webapp/,AVAILABLE}{jar:file:/home/user/.m2/repository/org/apache/hadoop/hadoop-hdds-container-service/1.1.0-SNAPSHOT/hadoop-hdds-container-service-1.1.0-SNAPSHOT.jar!/webapps/hddsDatanode}
2020-12-18 01:51:14,872 [Listener at 127.0.0.1/40197] INFO  server.AbstractConnector (AbstractConnector.java:doStart(331)) - Started ServerConnector@379bc95e{HTTP/1.1, (http/1.1)}{0.0.0.0:38149}
2020-12-18 01:51:14,872 [Listener at 127.0.0.1/40197] INFO  server.Server (Server.java:doStart(415)) - Started @51062ms
2020-12-18 01:51:14,872 [Listener at 127.0.0.1/40197] WARN  impl.MetricsSystemImpl (MetricsSystemImpl.java:register(276)) - Sink prometheus already exists!
2020-12-18 01:51:14,875 [Listener at 127.0.0.1/40197] INFO  http.BaseHttpServer (BaseHttpServer.java:updateConnectorAddress(327)) - HTTP server of hddsDatanode listening at http://0.0.0.0:38149
2020-12-18 01:51:14,875 [Listener at 127.0.0.1/40197] INFO  ozone.MiniOzoneClusterImpl (MiniOzoneClusterImpl.java:lambda$waitForClusterToBeReady$0(178)) - Waiting for nodes to be ready. Got 0 of 6 DN Heartbeats.
2020-12-18 01:51:14,875 [Listener at 127.0.0.1/40197] INFO  ozone.MiniOzoneClusterImpl (MiniOzoneClusterImpl.java:lambda$waitForClusterToBeReady$0(181)) - Waiting for cluster to exit safe mode
2020-12-18 01:51:14,888 [org.apache.hadoop.util.JvmPauseMonitor$Monitor@6016fb9a] INFO  util.JvmPauseMonitor (JvmPauseMonitor.java:run(188)) - Starting JVM pause monitor
2020-12-18 01:51:14,889 [Datanode State Machine Task Thread - 0] INFO  datanode.InitDatanodeState (InitDatanodeState.java:persistContainerDatanodeDetails(145)) - DatanodeDetails is persisted to /github/workspace/mnt/ozone/hadoop-ozone/integration-test/target/test-dir/MiniOzoneClusterImpl-4564f03c-bda0-461a-b884-74ed0c78bad0/datanode-5/meta/datanode.id
2020-12-18 01:51:15,876 [Listener at 127.0.0.1/40197] INFO  ozone.MiniOzoneClusterImpl (MiniOzoneClusterImpl.java:lambda$waitForClusterToBeReady$0(178)) - Waiting for nodes to be ready. Got 0 of 6 DN Heartbeats.
2020-12-18 01:51:15,876 [Listener at 127.0.0.1/40197] INFO  ozone.MiniOzoneClusterImpl (MiniOzoneClusterImpl.java:lambda$waitForClusterToBeReady$0(181)) - Waiting for cluster to exit safe mode
2020-12-18 01:51:15,956 [EndpointStateMachine task thread for /0.0.0.0:35861 - 0 ] INFO  ozoneimpl.OzoneContainer (OzoneContainer.java:start(243)) - Attempting to start container services.
2020-12-18 01:51:15,957 [EndpointStateMachine task thread for /0.0.0.0:35861 - 0 ] INFO  ozoneimpl.OzoneContainer (OzoneContainer.java:startContainerScrub(207)) - Background container scanner has been disabled.
2020-12-18 01:51:15,957 [EndpointStateMachine task thread for /0.0.0.0:35861 - 0 ] INFO  ratis.XceiverServerRatis (XceiverServerRatis.java:start(456)) - Starting XceiverServerRatis 2abc6dfe-890a-4d70-ad0b-3558951658f5 at port 0
2020-12-18 01:51:15,958 [EndpointStateMachine task thread for /0.0.0.0:35861 - 0 ] INFO  impl.RaftServerProxy (RaftServerProxy.java:lambda$start$3(321)) - 2abc6dfe-890a-4d70-ad0b-3558951658f5: start RPC server
2020-12-18 01:51:15,960 [EndpointStateMachine task thread for /0.0.0.0:35861 - 0 ] INFO  server.GrpcService (GrpcService.java:startImpl(177)) - 2abc6dfe-890a-4d70-ad0b-3558951658f5: GrpcService started, listening on 0.0.0.0/0.0.0.0:44191
2020-12-18 01:51:15,960 [EndpointStateMachine task thread for /0.0.0.0:35861 - 0 ] INFO  ratis.XceiverServerRatis (XceiverServerRatis.java:start(468)) - XceiverServerRatis 2abc6dfe-890a-4d70-ad0b-3558951658f5 is started using port 44191
2020-12-18 01:51:15,964 [EndpointStateMachine task thread for /0.0.0.0:35861 - 0 ] INFO  server.XceiverServerGrpc (XceiverServerGrpc.java:start(145)) - XceiverServerGrpc 2abc6dfe-890a-4d70-ad0b-3558951658f5 is started using port 42909
2020-12-18 01:51:15,968 [org.apache.ratis.server.JvmPauseMonitor@e01aee9-Monitor] INFO  server.RaftServerConfigKeys (ConfUtils.java:logGet(44)) - raft.server.leaderelection.leader.step-down.wait-time = 10s (default)
2020-12-18 01:51:15,968 [org.apache.ratis.server.JvmPauseMonitor@e01aee9-Monitor] INFO  server.RaftServerConfigKeys (ConfUtils.java:logGet(44)) - raft.server.rpc.slowness.timeout = 300s (custom)
2020-12-18 01:51:15,968 [org.apache.ratis.server.JvmPauseMonitor@e01aee9-Monitor] INFO  server.JvmPauseMonitor (JvmPauseMonitor.java:run(129)) - Starting Ratis JVM pause monitor
2020-12-18 01:51:16,130 [EndpointStateMachine task thread for /0.0.0.0:35861 - 0 ] INFO  ozoneimpl.OzoneContainer (OzoneContainer.java:start(243)) - Attempting to start container services.
2020-12-18 01:51:16,131 [EndpointStateMachine task thread for /0.0.0.0:35861 - 0 ] INFO  ozoneimpl.OzoneContainer (OzoneContainer.java:startContainerScrub(207)) - Background container scanner has been disabled.
2020-12-18 01:51:16,131 [EndpointStateMachine task thread for /0.0.0.0:35861 - 0 ] INFO  ratis.XceiverServerRatis (XceiverServerRatis.java:start(456)) - Starting XceiverServerRatis 0411c1e5-01dd-41ac-a234-123af2469892 at port 0
2020-12-18 01:51:16,136 [EndpointStateMachine task thread for /0.0.0.0:35861 - 0 ] INFO  impl.RaftServerProxy (RaftServerProxy.java:lambda$start$3(321)) - 0411c1e5-01dd-41ac-a234-123af2469892: start RPC server
2020-12-18 01:51:16,138 [EndpointStateMachine task thread for /0.0.0.0:35861 - 0 ] INFO  server.GrpcService (GrpcService.java:startImpl(177)) - 0411c1e5-01dd-41ac-a234-123af2469892: GrpcService started, listening on 0.0.0.0/0.0.0.0:39213
2020-12-18 01:51:16,138 [EndpointStateMachine task thread for /0.0.0.0:35861 - 0 ] INFO  ratis.XceiverServerRatis (XceiverServerRatis.java:start(468)) - XceiverServerRatis 0411c1e5-01dd-41ac-a234-123af2469892 is started using port 39213
2020-12-18 01:51:16,138 [org.apache.ratis.server.JvmPauseMonitor@12dd940d-Monitor] INFO  server.RaftServerConfigKeys (ConfUtils.java:logGet(44)) - raft.server.leaderelection.leader.step-down.wait-time = 10s (default)
2020-12-18 01:51:16,138 [org.apache.ratis.server.JvmPauseMonitor@12dd940d-Monitor] INFO  server.RaftServerConfigKeys (ConfUtils.java:logGet(44)) - raft.server.rpc.slowness.timeout = 300s (custom)
2020-12-18 01:51:16,138 [org.apache.ratis.server.JvmPauseMonitor@12dd940d-Monitor] INFO  server.JvmPauseMonitor (JvmPauseMonitor.java:run(129)) - Starting Ratis JVM pause monitor
2020-12-18 01:51:16,139 [EndpointStateMachine task thread for /0.0.0.0:35861 - 0 ] INFO  server.XceiverServerGrpc (XceiverServerGrpc.java:start(145)) - XceiverServerGrpc 0411c1e5-01dd-41ac-a234-123af2469892 is started using port 33453
2020-12-18 01:51:16,326 [EndpointStateMachine task thread for /0.0.0.0:35861 - 0 ] INFO  ozoneimpl.OzoneContainer (OzoneContainer.java:start(243)) - Attempting to start container services.
2020-12-18 01:51:16,327 [EndpointStateMachine task thread for /0.0.0.0:35861 - 0 ] INFO  ozoneimpl.OzoneContainer (OzoneContainer.java:startContainerScrub(207)) - Background container scanner has been disabled.
2020-12-18 01:51:16,327 [EndpointStateMachine task thread for /0.0.0.0:35861 - 0 ] INFO  ratis.XceiverServerRatis (XceiverServerRatis.java:start(456)) - Starting XceiverServerRatis 5a6704fc-15bd-4230-8cbe-d21da4b813be at port 0
2020-12-18 01:51:16,332 [EndpointStateMachine task thread for /0.0.0.0:35861 - 0 ] INFO  impl.RaftServerProxy (RaftServerProxy.java:lambda$start$3(321)) - 5a6704fc-15bd-4230-8cbe-d21da4b813be: start RPC server
2020-12-18 01:51:16,333 [EndpointStateMachine task thread for /0.0.0.0:35861 - 0 ] INFO  server.GrpcService (GrpcService.java:startImpl(177)) - 5a6704fc-15bd-4230-8cbe-d21da4b813be: GrpcService started, listening on 0.0.0.0/0.0.0.0:42589
2020-12-18 01:51:16,333 [EndpointStateMachine task thread for /0.0.0.0:35861 - 0 ] INFO  ratis.XceiverServerRatis (XceiverServerRatis.java:start(468)) - XceiverServerRatis 5a6704fc-15bd-4230-8cbe-d21da4b813be is started using port 42589
2020-12-18 01:51:16,334 [org.apache.ratis.server.JvmPauseMonitor@89baeb4-Monitor] INFO  server.RaftServerConfigKeys (ConfUtils.java:logGet(44)) - raft.server.leaderelection.leader.step-down.wait-time = 10s (default)
2020-12-18 01:51:16,336 [EndpointStateMachine task thread for /0.0.0.0:35861 - 0 ] INFO  server.XceiverServerGrpc (XceiverServerGrpc.java:start(145)) - XceiverServerGrpc 5a6704fc-15bd-4230-8cbe-d21da4b813be is started using port 44941
2020-12-18 01:51:16,337 [org.apache.ratis.server.JvmPauseMonitor@89baeb4-Monitor] INFO  server.RaftServerConfigKeys (ConfUtils.java:logGet(44)) - raft.server.rpc.slowness.timeout = 300s (custom)
2020-12-18 01:51:16,337 [org.apache.ratis.server.JvmPauseMonitor@89baeb4-Monitor] INFO  server.JvmPauseMonitor (JvmPauseMonitor.java:run(129)) - Starting Ratis JVM pause monitor
2020-12-18 01:51:16,510 [EndpointStateMachine task thread for /0.0.0.0:35861 - 0 ] INFO  ozoneimpl.OzoneContainer (OzoneContainer.java:start(243)) - Attempting to start container services.
2020-12-18 01:51:16,511 [EndpointStateMachine task thread for /0.0.0.0:35861 - 0 ] INFO  ozoneimpl.OzoneContainer (OzoneContainer.java:startContainerScrub(207)) - Background container scanner has been disabled.
2020-12-18 01:51:16,511 [EndpointStateMachine task thread for /0.0.0.0:35861 - 0 ] INFO  ratis.XceiverServerRatis (XceiverServerRatis.java:start(456)) - Starting XceiverServerRatis ebd34426-50bd-4b83-bb6a-fbb1ddb02546 at port 0
2020-12-18 01:51:16,518 [EndpointStateMachine task thread for /0.0.0.0:35861 - 0 ] INFO  impl.RaftServerProxy (RaftServerProxy.java:lambda$start$3(321)) - ebd34426-50bd-4b83-bb6a-fbb1ddb02546: start RPC server
2020-12-18 01:51:16,519 [EndpointStateMachine task thread for /0.0.0.0:35861 - 0 ] INFO  server.GrpcService (GrpcService.java:startImpl(177)) - ebd34426-50bd-4b83-bb6a-fbb1ddb02546: GrpcService started, listening on 0.0.0.0/0.0.0.0:40781
2020-12-18 01:51:16,519 [EndpointStateMachine task thread for /0.0.0.0:35861 - 0 ] INFO  ratis.XceiverServerRatis (XceiverServerRatis.java:start(468)) - XceiverServerRatis ebd34426-50bd-4b83-bb6a-fbb1ddb02546 is started using port 40781
2020-12-18 01:51:16,520 [org.apache.ratis.server.JvmPauseMonitor@3e8e78cb-Monitor] INFO  server.RaftServerConfigKeys (ConfUtils.java:logGet(44)) - raft.server.leaderelection.leader.step-down.wait-time = 10s (default)
2020-12-18 01:51:16,521 [org.apache.ratis.server.JvmPauseMonitor@3e8e78cb-Monitor] INFO  server.RaftServerConfigKeys (ConfUtils.java:logGet(44)) - raft.server.rpc.slowness.timeout = 300s (custom)
2020-12-18 01:51:16,522 [org.apache.ratis.server.JvmPauseMonitor@3e8e78cb-Monitor] INFO  server.JvmPauseMonitor (JvmPauseMonitor.java:run(129)) - Starting Ratis JVM pause monitor
2020-12-18 01:51:16,521 [EndpointStateMachine task thread for /0.0.0.0:35861 - 0 ] INFO  server.XceiverServerGrpc (XceiverServerGrpc.java:start(145)) - XceiverServerGrpc ebd34426-50bd-4b83-bb6a-fbb1ddb02546 is started using port 46419
2020-12-18 01:51:16,703 [EndpointStateMachine task thread for /0.0.0.0:35861 - 0 ] INFO  ozoneimpl.OzoneContainer (OzoneContainer.java:start(243)) - Attempting to start container services.
2020-12-18 01:51:16,703 [EndpointStateMachine task thread for /0.0.0.0:35861 - 0 ] INFO  ozoneimpl.OzoneContainer (OzoneContainer.java:startContainerScrub(207)) - Background container scanner has been disabled.
2020-12-18 01:51:16,703 [EndpointStateMachine task thread for /0.0.0.0:35861 - 0 ] INFO  ratis.XceiverServerRatis (XceiverServerRatis.java:start(456)) - Starting XceiverServerRatis 30321cca-a230-403c-ae60-27735093aac3 at port 0
2020-12-18 01:51:16,708 [EndpointStateMachine task thread for /0.0.0.0:35861 - 0 ] INFO  impl.RaftServerProxy (RaftServerProxy.java:lambda$start$3(321)) - 30321cca-a230-403c-ae60-27735093aac3: start RPC server
2020-12-18 01:51:16,709 [EndpointStateMachine task thread for /0.0.0.0:35861 - 0 ] INFO  server.GrpcService (GrpcService.java:startImpl(177)) - 30321cca-a230-403c-ae60-27735093aac3: GrpcService started, listening on 0.0.0.0/0.0.0.0:39317
2020-12-18 01:51:16,709 [EndpointStateMachine task thread for /0.0.0.0:35861 - 0 ] INFO  ratis.XceiverServerRatis (XceiverServerRatis.java:start(468)) - XceiverServerRatis 30321cca-a230-403c-ae60-27735093aac3 is started using port 39317
2020-12-18 01:51:16,709 [org.apache.ratis.server.JvmPauseMonitor@751e2f1b-Monitor] INFO  server.RaftServerConfigKeys (ConfUtils.java:logGet(44)) - raft.server.leaderelection.leader.step-down.wait-time = 10s (default)
2020-12-18 01:51:16,710 [EndpointStateMachine task thread for /0.0.0.0:35861 - 0 ] INFO  server.XceiverServerGrpc (XceiverServerGrpc.java:start(145)) - XceiverServerGrpc 30321cca-a230-403c-ae60-27735093aac3 is started using port 40355
2020-12-18 01:51:16,710 [org.apache.ratis.server.JvmPauseMonitor@751e2f1b-Monitor] INFO  server.RaftServerConfigKeys (ConfUtils.java:logGet(44)) - raft.server.rpc.slowness.timeout = 300s (custom)
2020-12-18 01:51:16,710 [org.apache.ratis.server.JvmPauseMonitor@751e2f1b-Monitor] INFO  server.JvmPauseMonitor (JvmPauseMonitor.java:run(129)) - Starting Ratis JVM pause monitor
2020-12-18 01:51:16,876 [Listener at 127.0.0.1/40197] INFO  ozone.MiniOzoneClusterImpl (MiniOzoneClusterImpl.java:lambda$waitForClusterToBeReady$0(178)) - Waiting for nodes to be ready. Got 0 of 6 DN Heartbeats.
2020-12-18 01:51:16,876 [Listener at 127.0.0.1/40197] INFO  ozone.MiniOzoneClusterImpl (MiniOzoneClusterImpl.java:lambda$waitForClusterToBeReady$0(181)) - Waiting for cluster to exit safe mode
2020-12-18 01:51:16,891 [EndpointStateMachine task thread for /0.0.0.0:35861 - 0 ] INFO  ozoneimpl.OzoneContainer (OzoneContainer.java:start(243)) - Attempting to start container services.
2020-12-18 01:51:16,891 [EndpointStateMachine task thread for /0.0.0.0:35861 - 0 ] INFO  ozoneimpl.OzoneContainer (OzoneContainer.java:startContainerScrub(207)) - Background container scanner has been disabled.
2020-12-18 01:51:16,891 [EndpointStateMachine task thread for /0.0.0.0:35861 - 0 ] INFO  ratis.XceiverServerRatis (XceiverServerRatis.java:start(456)) - Starting XceiverServerRatis 3269f5d2-042c-40e4-98fc-53bb9834c825 at port 0
2020-12-18 01:51:16,892 [EndpointStateMachine task thread for /0.0.0.0:35861 - 0 ] INFO  impl.RaftServerProxy (RaftServerProxy.java:lambda$start$3(321)) - 3269f5d2-042c-40e4-98fc-53bb9834c825: start RPC server
2020-12-18 01:51:16,893 [EndpointStateMachine task thread for /0.0.0.0:35861 - 0 ] INFO  server.GrpcService (GrpcService.java:startImpl(177)) - 3269f5d2-042c-40e4-98fc-53bb9834c825: GrpcService started, listening on 0.0.0.0/0.0.0.0:44561
2020-12-18 01:51:16,894 [EndpointStateMachine task thread for /0.0.0.0:35861 - 0 ] INFO  ratis.XceiverServerRatis (XceiverServerRatis.java:start(468)) - XceiverServerRatis 3269f5d2-042c-40e4-98fc-53bb9834c825 is started using port 44561
2020-12-18 01:51:16,896 [org.apache.ratis.server.JvmPauseMonitor@7812e101-Monitor] INFO  server.RaftServerConfigKeys (ConfUtils.java:logGet(44)) - raft.server.leaderelection.leader.step-down.wait-time = 10s (default)
2020-12-18 01:51:16,896 [org.apache.ratis.server.JvmPauseMonitor@7812e101-Monitor] INFO  server.RaftServerConfigKeys (ConfUtils.java:logGet(44)) - raft.server.rpc.slowness.timeout = 300s (custom)
2020-12-18 01:51:16,896 [org.apache.ratis.server.JvmPauseMonitor@7812e101-Monitor] INFO  server.JvmPauseMonitor (JvmPauseMonitor.java:run(129)) - Starting Ratis JVM pause monitor
2020-12-18 01:51:16,897 [EndpointStateMachine task thread for /0.0.0.0:35861 - 0 ] INFO  server.XceiverServerGrpc (XceiverServerGrpc.java:start(145)) - XceiverServerGrpc 3269f5d2-042c-40e4-98fc-53bb9834c825 is started using port 41971
2020-12-18 01:51:17,877 [Listener at 127.0.0.1/40197] INFO  ozone.MiniOzoneClusterImpl (MiniOzoneClusterImpl.java:lambda$waitForClusterToBeReady$0(178)) - Waiting for nodes to be ready. Got 0 of 6 DN Heartbeats.
2020-12-18 01:51:17,877 [Listener at 127.0.0.1/40197] INFO  ozone.MiniOzoneClusterImpl (MiniOzoneClusterImpl.java:lambda$waitForClusterToBeReady$0(181)) - Waiting for cluster to exit safe mode
2020-12-18 01:51:17,944 [IPC Server handler 2 on default port 35861] INFO  net.NetworkTopologyImpl (NetworkTopologyImpl.java:add(111)) - Added a new node: /default-rack/2abc6dfe-890a-4d70-ad0b-3558951658f5
2020-12-18 01:51:17,945 [IPC Server handler 2 on default port 35861] INFO  node.SCMNodeManager (SCMNodeManager.java:register(341)) - Registered Data node : 2abc6dfe-890a-4d70-ad0b-3558951658f5{ip: 172.17.0.2, host: 1fad9502c7b4, networkLocation: /default-rack, certSerialId: null, persistedOpState: IN_SERVICE, persistedOpStateExpiryEpochSec: 0}
2020-12-18 01:51:17,946 [EventQueue-NodeRegistrationContainerReportForContainerSafeModeRule] INFO  safemode.SCMSafeModeManager (SCMSafeModeManager.java:validateSafeModeExitRules(214)) - ContainerSafeModeRule rule is successfully validated
2020-12-18 01:51:17,946 [EventQueue-NodeRegistrationContainerReportForDataNodeSafeModeRule] INFO  safemode.SCMSafeModeManager (DataNodeSafeModeRule.java:process(71)) - SCM in safe mode. 1 DataNodes registered, 1 required.
2020-12-18 01:51:17,947 [EventQueue-NodeRegistrationContainerReportForDataNodeSafeModeRule] INFO  safemode.SCMSafeModeManager (SCMSafeModeManager.java:validateSafeModeExitRules(214)) - DataNodeSafeModeRule rule is successfully validated
2020-12-18 01:51:17,948 [RatisPipelineUtilsThread] INFO  pipeline.RatisPipelineProvider (RatisPipelineProvider.java:lambda$create$0(161)) - Sending CreatePipelineCommand for pipeline:PipelineID=d4e7e20d-0633-4858-ab6d-f18240b2db4e to datanode:2abc6dfe-890a-4d70-ad0b-3558951658f5
2020-12-18 01:51:17,948 [EventQueue-NodeRegistrationContainerReportForDataNodeSafeModeRule] INFO  safemode.SCMSafeModeManager (SCMSafeModeManager.java:completePreCheck(242)) - All SCM safe mode pre check rules have passed
2020-12-18 01:51:17,948 [EventQueue-PipelineReportForOneReplicaPipelineSafeModeRule] INFO  safemode.SCMSafeModeManager (SCMSafeModeManager.java:validateSafeModeExitRules(214)) - AtleastOneDatanodeReportedRule rule is successfully validated
2020-12-18 01:51:17,948 [RatisPipelineUtilsThread] INFO  pipeline.PipelineStateManager (PipelineStateManager.java:addPipeline(54)) - Created pipeline Pipeline[ Id: d4e7e20d-0633-4858-ab6d-f18240b2db4e, Nodes: 2abc6dfe-890a-4d70-ad0b-3558951658f5{ip: 172.17.0.2, host: 1fad9502c7b4, networkLocation: /default-rack, certSerialId: null, persistedOpState: IN_SERVICE, persistedOpStateExpiryEpochSec: 0}, Type:RATIS, Factor:ONE, State:ALLOCATED, leaderId:, CreationTimestamp2020-12-18T01:51:17.948Z]
2020-12-18 01:51:17,948 [RatisPipelineUtilsThread] WARN  pipeline.PipelinePlacementPolicy (PipelinePlacementPolicy.java:filterViableNodes(139)) - Pipeline creation failed due to no sufficient healthy datanodes. Required 3. Found 1.
2020-12-18 01:51:18,129 [IPC Server handler 3 on default port 35861] INFO  net.NetworkTopologyImpl (NetworkTopologyImpl.java:add(111)) - Added a new node: /default-rack/0411c1e5-01dd-41ac-a234-123af2469892
2020-12-18 01:51:18,130 [IPC Server handler 3 on default port 35861] INFO  node.SCMNodeManager (SCMNodeManager.java:register(341)) - Registered Data node : 0411c1e5-01dd-41ac-a234-123af2469892{ip: 172.17.0.2, host: 1fad9502c7b4, networkLocation: /default-rack, certSerialId: null, persistedOpState: IN_SERVICE, persistedOpStateExpiryEpochSec: 0}
2020-12-18 01:51:18,130 [EventQueue-NodeRegistrationContainerReportForDataNodeSafeModeRule] INFO  safemode.SCMSafeModeManager (SCMSafeModeManager.java:validateSafeModeExitRules(214)) - DataNodeSafeModeRule rule is successfully validated
2020-12-18 01:51:18,130 [EventQueue-NodeRegistrationContainerReportForContainerSafeModeRule] INFO  safemode.SCMSafeModeManager (SCMSafeModeManager.java:validateSafeModeExitRules(214)) - ContainerSafeModeRule rule is successfully validated
2020-12-18 01:51:18,130 [EventQueue-PipelineReportForOneReplicaPipelineSafeModeRule] INFO  safemode.SCMSafeModeManager (SCMSafeModeManager.java:validateSafeModeExitRules(214)) - AtleastOneDatanodeReportedRule rule is successfully validated
2020-12-18 01:51:18,131 [RatisPipelineUtilsThread] INFO  pipeline.RatisPipelineProvider (RatisPipelineProvider.java:lambda$create$0(161)) - Sending CreatePipelineCommand for pipeline:PipelineID=725c8b97-cdf9-47d8-a168-2a352d3fab4f to datanode:0411c1e5-01dd-41ac-a234-123af2469892
2020-12-18 01:51:18,131 [RatisPipelineUtilsThread] INFO  pipeline.PipelineStateManager (PipelineStateManager.java:addPipeline(54)) - Created pipeline Pipeline[ Id: 725c8b97-cdf9-47d8-a168-2a352d3fab4f, Nodes: 0411c1e5-01dd-41ac-a234-123af2469892{ip: 172.17.0.2, host: 1fad9502c7b4, networkLocation: /default-rack, certSerialId: null, persistedOpState: IN_SERVICE, persistedOpStateExpiryEpochSec: 0}, Type:RATIS, Factor:ONE, State:ALLOCATED, leaderId:, CreationTimestamp2020-12-18T01:51:18.131Z]
2020-12-18 01:51:18,132 [RatisPipelineUtilsThread] WARN  pipeline.PipelinePlacementPolicy (PipelinePlacementPolicy.java:filterViableNodes(139)) - Pipeline creation failed due to no sufficient healthy datanodes. Required 3. Found 2.
2020-12-18 01:51:18,325 [IPC Server handler 4 on default port 35861] INFO  net.NetworkTopologyImpl (NetworkTopologyImpl.java:add(111)) - Added a new node: /default-rack/5a6704fc-15bd-4230-8cbe-d21da4b813be
2020-12-18 01:51:18,326 [IPC Server handler 4 on default port 35861] INFO  node.SCMNodeManager (SCMNodeManager.java:register(341)) - Registered Data node : 5a6704fc-15bd-4230-8cbe-d21da4b813be{ip: 172.17.0.2, host: 1fad9502c7b4, networkLocation: /default-rack, certSerialId: null, persistedOpState: IN_SERVICE, persistedOpStateExpiryEpochSec: 0}
2020-12-18 01:51:18,326 [RatisPipelineUtilsThread] INFO  pipeline.RatisPipelineProvider (RatisPipelineProvider.java:lambda$create$0(161)) - Sending CreatePipelineCommand for pipeline:PipelineID=70a2e279-6926-480c-b182-fbcafe0c4231 to datanode:5a6704fc-15bd-4230-8cbe-d21da4b813be
2020-12-18 01:51:18,326 [EventQueue-PipelineReportForOneReplicaPipelineSafeModeRule] INFO  safemode.SCMSafeModeManager (SCMSafeModeManager.java:validateSafeModeExitRules(214)) - AtleastOneDatanodeReportedRule rule is successfully validated
2020-12-18 01:51:18,326 [RatisPipelineUtilsThread] INFO  pipeline.PipelineStateManager (PipelineStateManager.java:addPipeline(54)) - Created pipeline Pipeline[ Id: 70a2e279-6926-480c-b182-fbcafe0c4231, Nodes: 5a6704fc-15bd-4230-8cbe-d21da4b813be{ip: 172.17.0.2, host: 1fad9502c7b4, networkLocation: /default-rack, certSerialId: null, persistedOpState: IN_SERVICE, persistedOpStateExpiryEpochSec: 0}, Type:RATIS, Factor:ONE, State:ALLOCATED, leaderId:, CreationTimestamp2020-12-18T01:51:18.326Z]
2020-12-18 01:51:18,327 [RatisPipelineUtilsThread] INFO  pipeline.RatisPipelineProvider (RatisPipelineProvider.java:lambda$create$0(161)) - Sending CreatePipelineCommand for pipeline:PipelineID=31dce71a-1f0f-4077-895d-c718e5e6b254 to datanode:5a6704fc-15bd-4230-8cbe-d21da4b813be
2020-12-18 01:51:18,327 [RatisPipelineUtilsThread] INFO  pipeline.RatisPipelineProvider (RatisPipelineProvider.java:lambda$create$0(161)) - Sending CreatePipelineCommand for pipeline:PipelineID=31dce71a-1f0f-4077-895d-c718e5e6b254 to datanode:2abc6dfe-890a-4d70-ad0b-3558951658f5
2020-12-18 01:51:18,327 [RatisPipelineUtilsThread] INFO  pipeline.RatisPipelineProvider (RatisPipelineProvider.java:lambda$create$0(161)) - Sending CreatePipelineCommand for pipeline:PipelineID=31dce71a-1f0f-4077-895d-c718e5e6b254 to datanode:0411c1e5-01dd-41ac-a234-123af2469892
2020-12-18 01:51:18,327 [RatisPipelineUtilsThread] INFO  pipeline.PipelineStateManager (PipelineStateManager.java:addPipeline(54)) - Created pipeline Pipeline[ Id: 31dce71a-1f0f-4077-895d-c718e5e6b254, Nodes: 5a6704fc-15bd-4230-8cbe-d21da4b813be{ip: 172.17.0.2, host: 1fad9502c7b4, networkLocation: /default-rack, certSerialId: null, persistedOpState: IN_SERVICE, persistedOpStateExpiryEpochSec: 0}2abc6dfe-890a-4d70-ad0b-3558951658f5{ip: 172.17.0.2, host: 1fad9502c7b4, networkLocation: /default-rack, certSerialId: null, persistedOpState: IN_SERVICE, persistedOpStateExpiryEpochSec: 0}0411c1e5-01dd-41ac-a234-123af2469892{ip: 172.17.0.2, host: 1fad9502c7b4, networkLocation: /default-rack, certSerialId: null, persistedOpState: IN_SERVICE, persistedOpStateExpiryEpochSec: 0}, Type:RATIS, Factor:THREE, State:ALLOCATED, leaderId:, CreationTimestamp2020-12-18T01:51:18.327Z]
2020-12-18 01:51:18,327 [EventQueue-NodeRegistrationContainerReportForContainerSafeModeRule] INFO  safemode.SCMSafeModeManager (SCMSafeModeManager.java:validateSafeModeExitRules(214)) - ContainerSafeModeRule rule is successfully validated
2020-12-18 01:51:18,327 [EventQueue-NodeRegistrationContainerReportForDataNodeSafeModeRule] INFO  safemode.SCMSafeModeManager (SCMSafeModeManager.java:validateSafeModeExitRules(214)) - DataNodeSafeModeRule rule is successfully validated
2020-12-18 01:51:18,509 [IPC Server handler 5 on default port 35861] INFO  net.NetworkTopologyImpl (NetworkTopologyImpl.java:add(111)) - Added a new node: /default-rack/ebd34426-50bd-4b83-bb6a-fbb1ddb02546
2020-12-18 01:51:18,509 [IPC Server handler 5 on default port 35861] INFO  node.SCMNodeManager (SCMNodeManager.java:register(341)) - Registered Data node : ebd34426-50bd-4b83-bb6a-fbb1ddb02546{ip: 172.17.0.2, host: 1fad9502c7b4, networkLocation: /default-rack, certSerialId: null, persistedOpState: IN_SERVICE, persistedOpStateExpiryEpochSec: 0}
2020-12-18 01:51:18,510 [EventQueue-PipelineReportForOneReplicaPipelineSafeModeRule] INFO  safemode.SCMSafeModeManager (SCMSafeModeManager.java:validateSafeModeExitRules(214)) - AtleastOneDatanodeReportedRule rule is successfully validated
2020-12-18 01:51:18,510 [EventQueue-NodeRegistrationContainerReportForContainerSafeModeRule] INFO  safemode.SCMSafeModeManager (SCMSafeModeManager.java:validateSafeModeExitRules(214)) - ContainerSafeModeRule rule is successfully validated
2020-12-18 01:51:18,510 [EventQueue-NodeRegistrationContainerReportForDataNodeSafeModeRule] INFO  safemode.SCMSafeModeManager (SCMSafeModeManager.java:validateSafeModeExitRules(214)) - DataNodeSafeModeRule rule is successfully validated
2020-12-18 01:51:18,510 [RatisPipelineUtilsThread] INFO  pipeline.RatisPipelineProvider (RatisPipelineProvider.java:lambda$create$0(161)) - Sending CreatePipelineCommand for pipeline:PipelineID=4bca456e-5f78-4f02-9a4c-59712b5b9203 to datanode:ebd34426-50bd-4b83-bb6a-fbb1ddb02546
2020-12-18 01:51:18,511 [RatisPipelineUtilsThread] INFO  pipeline.PipelineStateManager (PipelineStateManager.java:addPipeline(54)) - Created pipeline Pipeline[ Id: 4bca456e-5f78-4f02-9a4c-59712b5b9203, Nodes: ebd34426-50bd-4b83-bb6a-fbb1ddb02546{ip: 172.17.0.2, host: 1fad9502c7b4, networkLocation: /default-rack, certSerialId: null, persistedOpState: IN_SERVICE, persistedOpStateExpiryEpochSec: 0}, Type:RATIS, Factor:ONE, State:ALLOCATED, leaderId:, CreationTimestamp2020-12-18T01:51:18.510Z]
2020-12-18 01:51:18,702 [IPC Server handler 0 on default port 35861] INFO  net.NetworkTopologyImpl (NetworkTopologyImpl.java:add(111)) - Added a new node: /default-rack/30321cca-a230-403c-ae60-27735093aac3
2020-12-18 01:51:18,702 [IPC Server handler 0 on default port 35861] INFO  node.SCMNodeManager (SCMNodeManager.java:register(341)) - Registered Data node : 30321cca-a230-403c-ae60-27735093aac3{ip: 172.17.0.2, host: 1fad9502c7b4, networkLocation: /default-rack, certSerialId: null, persistedOpState: IN_SERVICE, persistedOpStateExpiryEpochSec: 0}
2020-12-18 01:51:18,702 [EventQueue-NodeRegistrationContainerReportForContainerSafeModeRule] INFO  safemode.SCMSafeModeManager (SCMSafeModeManager.java:validateSafeModeExitRules(214)) - ContainerSafeModeRule rule is successfully validated
2020-12-18 01:51:18,703 [EventQueue-PipelineReportForOneReplicaPipelineSafeModeRule] INFO  safemode.SCMSafeModeManager (SCMSafeModeManager.java:validateSafeModeExitRules(214)) - AtleastOneDatanodeReportedRule rule is successfully validated
2020-12-18 01:51:18,703 [EventQueue-NodeRegistrationContainerReportForDataNodeSafeModeRule] INFO  safemode.SCMSafeModeManager (SCMSafeModeManager.java:validateSafeModeExitRules(214)) - DataNodeSafeModeRule rule is successfully validated
2020-12-18 01:51:18,703 [RatisPipelineUtilsThread] INFO  pipeline.RatisPipelineProvider (RatisPipelineProvider.java:lambda$create$0(161)) - Sending CreatePipelineCommand for pipeline:PipelineID=c2c6d9b5-a836-404e-9307-1f2427009ccd to datanode:30321cca-a230-403c-ae60-27735093aac3
2020-12-18 01:51:18,703 [RatisPipelineUtilsThread] INFO  pipeline.PipelineStateManager (PipelineStateManager.java:addPipeline(54)) - Created pipeline Pipeline[ Id: c2c6d9b5-a836-404e-9307-1f2427009ccd, Nodes: 30321cca-a230-403c-ae60-27735093aac3{ip: 172.17.0.2, host: 1fad9502c7b4, networkLocation: /default-rack, certSerialId: null, persistedOpState: IN_SERVICE, persistedOpStateExpiryEpochSec: 0}, Type:RATIS, Factor:ONE, State:ALLOCATED, leaderId:, CreationTimestamp2020-12-18T01:51:18.703Z]
2020-12-18 01:51:18,877 [Listener at 127.0.0.1/40197] INFO  ozone.MiniOzoneClusterImpl (MiniOzoneClusterImpl.java:lambda$waitForClusterToBeReady$0(178)) - Waiting for nodes to be ready. Got 5 of 6 DN Heartbeats.
2020-12-18 01:51:18,878 [Listener at 127.0.0.1/40197] INFO  ozone.MiniOzoneClusterImpl (MiniOzoneClusterImpl.java:lambda$waitForClusterToBeReady$0(181)) - Waiting for cluster to exit safe mode
2020-12-18 01:51:18,889 [IPC Server handler 1 on default port 35861] INFO  net.NetworkTopologyImpl (NetworkTopologyImpl.java:add(111)) - Added a new node: /default-rack/3269f5d2-042c-40e4-98fc-53bb9834c825
2020-12-18 01:51:18,890 [IPC Server handler 1 on default port 35861] INFO  node.SCMNodeManager (SCMNodeManager.java:register(341)) - Registered Data node : 3269f5d2-042c-40e4-98fc-53bb9834c825{ip: 172.17.0.2, host: 1fad9502c7b4, networkLocation: /default-rack, certSerialId: null, persistedOpState: IN_SERVICE, persistedOpStateExpiryEpochSec: 0}
2020-12-18 01:51:18,890 [EventQueue-NodeRegistrationContainerReportForContainerSafeModeRule] INFO  safemode.SCMSafeModeManager (SCMSafeModeManager.java:validateSafeModeExitRules(214)) - ContainerSafeModeRule rule is successfully validated
2020-12-18 01:51:18,890 [RatisPipelineUtilsThread] INFO  pipeline.RatisPipelineProvider (RatisPipelineProvider.java:lambda$create$0(161)) - Sending CreatePipelineCommand for pipeline:PipelineID=86e14c97-cb80-4e1c-9cd8-efc59497a950 to datanode:3269f5d2-042c-40e4-98fc-53bb9834c825
2020-12-18 01:51:18,891 [EventQueue-NodeRegistrationContainerReportForDataNodeSafeModeRule] INFO  safemode.SCMSafeModeManager (SCMSafeModeManager.java:validateSafeModeExitRules(214)) - DataNodeSafeModeRule rule is successfully validated
2020-12-18 01:51:18,891 [RatisPipelineUtilsThread] INFO  pipeline.PipelineStateManager (PipelineStateManager.java:addPipeline(54)) - Created pipeline Pipeline[ Id: 86e14c97-cb80-4e1c-9cd8-efc59497a950, Nodes: 3269f5d2-042c-40e4-98fc-53bb9834c825{ip: 172.17.0.2, host: 1fad9502c7b4, networkLocation: /default-rack, certSerialId: null, persistedOpState: IN_SERVICE, persistedOpStateExpiryEpochSec: 0}, Type:RATIS, Factor:ONE, State:ALLOCATED, leaderId:, CreationTimestamp2020-12-18T01:51:18.890Z]
2020-12-18 01:51:18,891 [EventQueue-PipelineReportForOneReplicaPipelineSafeModeRule] INFO  safemode.SCMSafeModeManager (SCMSafeModeManager.java:validateSafeModeExitRules(214)) - AtleastOneDatanodeReportedRule rule is successfully validated
2020-12-18 01:51:18,891 [RatisPipelineUtilsThread] INFO  pipeline.RatisPipelineProvider (RatisPipelineProvider.java:lambda$create$0(161)) - Sending CreatePipelineCommand for pipeline:PipelineID=6eadbec1-4054-4a55-8ca7-088b413a0819 to datanode:3269f5d2-042c-40e4-98fc-53bb9834c825
2020-12-18 01:51:18,891 [RatisPipelineUtilsThread] INFO  pipeline.RatisPipelineProvider (RatisPipelineProvider.java:lambda$create$0(161)) - Sending CreatePipelineCommand for pipeline:PipelineID=6eadbec1-4054-4a55-8ca7-088b413a0819 to datanode:ebd34426-50bd-4b83-bb6a-fbb1ddb02546
2020-12-18 01:51:18,891 [RatisPipelineUtilsThread] INFO  pipeline.RatisPipelineProvider (RatisPipelineProvider.java:lambda$create$0(161)) - Sending CreatePipelineCommand for pipeline:PipelineID=6eadbec1-4054-4a55-8ca7-088b413a0819 to datanode:30321cca-a230-403c-ae60-27735093aac3
2020-12-18 01:51:18,892 [RatisPipelineUtilsThread] INFO  pipeline.PipelineStateManager (PipelineStateManager.java:addPipeline(54)) - Created pipeline Pipeline[ Id: 6eadbec1-4054-4a55-8ca7-088b413a0819, Nodes: 3269f5d2-042c-40e4-98fc-53bb9834c825{ip: 172.17.0.2, host: 1fad9502c7b4, networkLocation: /default-rack, certSerialId: null, persistedOpState: IN_SERVICE, persistedOpStateExpiryEpochSec: 0}ebd34426-50bd-4b83-bb6a-fbb1ddb02546{ip: 172.17.0.2, host: 1fad9502c7b4, networkLocation: /default-rack, certSerialId: null, persistedOpState: IN_SERVICE, persistedOpStateExpiryEpochSec: 0}30321cca-a230-403c-ae60-27735093aac3{ip: 172.17.0.2, host: 1fad9502c7b4, networkLocation: /default-rack, certSerialId: null, persistedOpState: IN_SERVICE, persistedOpStateExpiryEpochSec: 0}, Type:RATIS, Factor:THREE, State:ALLOCATED, leaderId:, CreationTimestamp2020-12-18T01:51:18.891Z]
2020-12-18 01:51:19,878 [Listener at 127.0.0.1/40197] INFO  ozone.MiniOzoneClusterImpl (MiniOzoneClusterImpl.java:lambda$waitForClusterToBeReady$0(178)) - Nodes are ready. Got 6 of 6 DN Heartbeats.
2020-12-18 01:51:19,878 [Listener at 127.0.0.1/40197] INFO  ozone.MiniOzoneClusterImpl (MiniOzoneClusterImpl.java:lambda$waitForClusterToBeReady$0(181)) - Waiting for cluster to exit safe mode
2020-12-18 01:51:19,943 [EventQueue-PipelineReportForOneReplicaPipelineSafeModeRule] INFO  safemode.SCMSafeModeManager (SCMSafeModeManager.java:validateSafeModeExitRules(214)) - AtleastOneDatanodeReportedRule rule is successfully validated
2020-12-18 01:51:20,129 [EventQueue-PipelineReportForOneReplicaPipelineSafeModeRule] INFO  safemode.SCMSafeModeManager (SCMSafeModeManager.java:validateSafeModeExitRules(214)) - AtleastOneDatanodeReportedRule rule is successfully validated
2020-12-18 01:51:20,325 [EventQueue-PipelineReportForOneReplicaPipelineSafeModeRule] INFO  safemode.SCMSafeModeManager (SCMSafeModeManager.java:validateSafeModeExitRules(214)) - AtleastOneDatanodeReportedRule rule is successfully validated
2020-12-18 01:51:20,509 [EventQueue-PipelineReportForOneReplicaPipelineSafeModeRule] INFO  safemode.SCMSafeModeManager (SCMSafeModeManager.java:validateSafeModeExitRules(214)) - AtleastOneDatanodeReportedRule rule is successfully validated
2020-12-18 01:51:20,702 [EventQueue-PipelineReportForOneReplicaPipelineSafeModeRule] INFO  safemode.SCMSafeModeManager (SCMSafeModeManager.java:validateSafeModeExitRules(214)) - AtleastOneDatanodeReportedRule rule is successfully validated
2020-12-18 01:51:20,879 [Listener at 127.0.0.1/40197] INFO  ozone.MiniOzoneClusterImpl (MiniOzoneClusterImpl.java:lambda$waitForClusterToBeReady$0(178)) - Nodes are ready. Got 6 of 6 DN Heartbeats.
2020-12-18 01:51:20,879 [Listener at 127.0.0.1/40197] INFO  ozone.MiniOzoneClusterImpl (MiniOzoneClusterImpl.java:lambda$waitForClusterToBeReady$0(181)) - Waiting for cluster to exit safe mode
2020-12-18 01:51:20,889 [EventQueue-PipelineReportForOneReplicaPipelineSafeModeRule] INFO  safemode.SCMSafeModeManager (SCMSafeModeManager.java:validateSafeModeExitRules(214)) - AtleastOneDatanodeReportedRule rule is successfully validated
2020-12-18 01:51:20,942 [Command processor thread] INFO  impl.RaftServerProxy (RaftServerProxy.java:addNew(93)) - 2abc6dfe-890a-4d70-ad0b-3558951658f5: addNew group-F18240B2DB4E:[2abc6dfe-890a-4d70-ad0b-3558951658f5|rpc:172.17.0.2:44191] returns group-F18240B2DB4E:java.util.concurrent.CompletableFuture@78824b6a[Not completed]
2020-12-18 01:51:20,943 [EventQueue-PipelineReportForOneReplicaPipelineSafeModeRule] INFO  safemode.SCMSafeModeManager (SCMSafeModeManager.java:validateSafeModeExitRules(214)) - AtleastOneDatanodeReportedRule rule is successfully validated
2020-12-18 01:51:20,944 [pool-237-thread-1] INFO  impl.RaftServerImpl (RaftServerImpl.java:<init>(121)) - 2abc6dfe-890a-4d70-ad0b-3558951658f5: new RaftServerImpl for group-F18240B2DB4E:[2abc6dfe-890a-4d70-ad0b-3558951658f5|rpc:172.17.0.2:44191] with ContainerStateMachine:uninitialized
2020-12-18 01:51:20,946 [pool-237-thread-1] INFO  server.RaftServerConfigKeys (ConfUtils.java:logGet(44)) - raft.server.rpc.timeout.min = 5s (custom)
2020-12-18 01:51:20,946 [pool-237-thread-1] INFO  server.RaftServerConfigKeys (ConfUtils.java:logGet(44)) - raft.server.rpc.timeout.max = 5200ms (custom)
2020-12-18 01:51:20,946 [pool-237-thread-1] INFO  server.RaftServerConfigKeys (ConfUtils.java:logGet(44)) - raft.server.rpc.slowness.timeout = 300s (custom)
2020-12-18 01:51:20,946 [pool-237-thread-1] INFO  server.RaftServerConfigKeys (ConfUtils.java:logGet(44)) - raft.server.leaderelection.leader.step-down.wait-time = 10s (default)
2020-12-18 01:51:20,946 [pool-237-thread-1] INFO  server.RaftServerConfigKeys (ConfUtils.java:logGet(44)) - raft.server.sleep.deviation.threshold = 300 (default)
2020-12-18 01:51:20,946 [pool-237-thread-1] INFO  server.RaftServerConfigKeys (ConfUtils.java:logGet(44)) - raft.server.log.appender.install.snapshot.enabled = false (custom)
2020-12-18 01:51:20,946 [pool-237-thread-1] INFO  impl.RaftServerImpl (ServerState.java:<init>(104)) - 2abc6dfe-890a-4d70-ad0b-3558951658f5@group-F18240B2DB4E: ConfigurationManager, init=-1: [2abc6dfe-890a-4d70-ad0b-3558951658f5|rpc:172.17.0.2:44191], old=null, confs=<EMPTY_MAP>
2020-12-18 01:51:20,946 [pool-237-thread-1] INFO  server.RaftServerConfigKeys (ConfUtils.java:logGet(44)) - raft.server.storage.dir = [/github/workspace/mnt/ozone/hadoop-ozone/integration-test/target/test-dir/MiniOzoneClusterImpl-4564f03c-bda0-461a-b884-74ed0c78bad0/datanode-0/data/ratis] (custom)
2020-12-18 01:51:20,947 [pool-237-thread-1] INFO  server.RaftServerConfigKeys (ConfUtils.java:logGet(44)) - raft.server.log.corruption.policy = EXCEPTION (default)
2020-12-18 01:51:20,947 [pool-237-thread-1] INFO  storage.RaftStorageDirectory (RaftStorageDirectory.java:analyzeStorage(261)) - The storage directory /github/workspace/mnt/ozone/hadoop-ozone/integration-test/target/test-dir/MiniOzoneClusterImpl-4564f03c-bda0-461a-b884-74ed0c78bad0/datanode-0/data/ratis/d4e7e20d-0633-4858-ab6d-f18240b2db4e does not exist. Creating ...
2020-12-18 01:51:20,948 [pool-237-thread-1] INFO  storage.RaftStorageDirectory (RaftStorageDirectory.java:tryLock(343)) - Lock on /github/workspace/mnt/ozone/hadoop-ozone/integration-test/target/test-dir/MiniOzoneClusterImpl-4564f03c-bda0-461a-b884-74ed0c78bad0/datanode-0/data/ratis/d4e7e20d-0633-4858-ab6d-f18240b2db4e/in_use.lock acquired by nodename 9953@1fad9502c7b4
2020-12-18 01:51:20,949 [pool-237-thread-1] INFO  storage.RaftStorage (RaftStorage.java:format(85)) - Storage directory /github/workspace/mnt/ozone/hadoop-ozone/integration-test/target/test-dir/MiniOzoneClusterImpl-4564f03c-bda0-461a-b884-74ed0c78bad0/datanode-0/data/ratis/d4e7e20d-0633-4858-ab6d-f18240b2db4e has been successfully formatted.
2020-12-18 01:51:20,949 [pool-237-thread-1] INFO  ratis.ContainerStateMachine (ContainerStateMachine.java:loadSnapshot(225)) - group-F18240B2DB4E: The snapshot info is null. Setting the last applied indexto:(t:0, i:~)
2020-12-18 01:51:20,949 [pool-237-thread-1] INFO  server.RaftServerConfigKeys (ConfUtils.java:logGet(44)) - raft.server.notification.no-leader.timeout = 300s (custom)
2020-12-18 01:51:20,949 [pool-237-thread-1] INFO  server.RaftServerConfigKeys (ConfUtils.java:logGet(44)) - raft.server.log.use.memory = false (default)
2020-12-18 01:51:20,949 [pool-237-thread-1] INFO  server.RaftServerConfigKeys (ConfUtils.java:logGet(44)) - raft.server.log.purge.gap = 1000000 (custom)
2020-12-18 01:51:20,949 [pool-237-thread-1] INFO  metrics.RatisMetrics (RatisMetrics.java:lambda$create$0(36)) - Creating Metrics Registry : ratis.log_worker.2abc6dfe-890a-4d70-ad0b-3558951658f5@group-F18240B2DB4E
2020-12-18 01:51:20,949 [pool-237-thread-1] INFO  server.RaftServerConfigKeys (ConfUtils.java:logGet(44)) - raft.server.log.appender.buffer.byte-limit = 33554432 (custom)
2020-12-18 01:51:20,949 [pool-237-thread-1] INFO  server.RaftServerConfigKeys (ConfUtils.java:logGet(44)) - raft.server.log.segment.size.max = 1048576 (custom)
2020-12-18 01:51:20,950 [EventQueue-PipelineReportForOneReplicaPipelineSafeModeRule] INFO  safemode.SCMSafeModeManager (SCMSafeModeManager.java:validateSafeModeExitRules(214)) - AtleastOneDatanodeReportedRule rule is successfully validated
2020-12-18 01:51:20,950 [EventQueue-PipelineReportForPipelineReportHandler] INFO  pipeline.PipelineStateManager (PipelineStateManager.java:openPipeline(132)) - Pipeline Pipeline[ Id: d4e7e20d-0633-4858-ab6d-f18240b2db4e, Nodes: 2abc6dfe-890a-4d70-ad0b-3558951658f5{ip: 172.17.0.2, host: 1fad9502c7b4, networkLocation: /default-rack, certSerialId: null, persistedOpState: IN_SERVICE, persistedOpStateExpiryEpochSec: 0}, Type:RATIS, Factor:ONE, State:ALLOCATED, leaderId:2abc6dfe-890a-4d70-ad0b-3558951658f5, CreationTimestamp2020-12-18T01:51:17.948Z] moved to OPEN state
2020-12-18 01:51:20,950 [pool-237-thread-1] INFO  server.RaftServerConfigKeys (ConfUtils.java:logGet(44)) - raft.server.log.segment.cache.num.max = 2 (custom)
2020-12-18 01:51:20,950 [pool-237-thread-1] INFO  segmented.SegmentedRaftLogWorker (SegmentedRaftLogWorker.java:<init>(180)) - new 2abc6dfe-890a-4d70-ad0b-3558951658f5@group-F18240B2DB4E-SegmentedRaftLogWorker for RaftStorage:Storage Directory /github/workspace/mnt/ozone/hadoop-ozone/integration-test/target/test-dir/MiniOzoneClusterImpl-4564f03c-bda0-461a-b884-74ed0c78bad0/datanode-0/data/ratis/d4e7e20d-0633-4858-ab6d-f18240b2db4e
2020-12-18 01:51:20,950 [pool-237-thread-1] INFO  server.RaftServerConfigKeys (ConfUtils.java:logGet(44)) - raft.server.log.queue.byte-limit = 2147483647 (custom)
2020-12-18 01:51:20,950 [pool-237-thread-1] INFO  server.RaftServerConfigKeys (ConfUtils.java:logGet(44)) - raft.server.log.queue.element-limit = 1024 (custom)
2020-12-18 01:51:20,951 [pool-237-thread-1] INFO  server.RaftServerConfigKeys (ConfUtils.java:logGet(44)) - raft.server.log.segment.size.max = 1048576 (custom)
2020-12-18 01:51:20,951 [pool-237-thread-1] INFO  server.RaftServerConfigKeys (ConfUtils.java:logGet(44)) - raft.server.log.preallocated.size = 16384 (custom)
2020-12-18 01:51:20,951 [pool-237-thread-1] INFO  server.RaftServerConfigKeys (ConfUtils.java:logGet(44)) - raft.server.log.write.buffer.size = 1048576 (custom)
2020-12-18 01:51:20,951 [pool-237-thread-1] INFO  server.RaftServerConfigKeys (ConfUtils.java:logGet(44)) - raft.server.log.force.sync.num = 128 (default)
2020-12-18 01:51:20,951 [pool-237-thread-1] INFO  server.RaftServerConfigKeys (ConfUtils.java:logGet(44)) - raft.server.log.statemachine.data.sync = true (default)
2020-12-18 01:51:20,951 [pool-237-thread-1] INFO  server.RaftServerConfigKeys (ConfUtils.java:logGet(44)) - raft.server.log.statemachine.data.sync.timeout = 10s (default)
2020-12-18 01:51:20,951 [pool-237-thread-1] INFO  server.RaftServerConfigKeys (ConfUtils.java:logGet(44)) - raft.server.log.statemachine.data.sync.timeout.retry = -1 (default)
2020-12-18 01:51:20,953 [pool-237-thread-1] INFO  server.RaftServerConfigKeys (ConfUtils.java:logGet(44)) - raft.server.log.statemachine.data.caching.enabled = true (custom)
2020-12-18 01:51:20,953 [pool-237-thread-1] INFO  segmented.SegmentedRaftLogWorker (SegmentedRaftLogWorker.java:lambda$new$0(129)) - 2abc6dfe-890a-4d70-ad0b-3558951658f5@group-F18240B2DB4E-SegmentedRaftLogWorker: flushIndex: setUnconditionally 0 -> -1
2020-12-18 01:51:20,953 [pool-237-thread-1] INFO  segmented.SegmentedRaftLogWorker (SegmentedRaftLogWorker.java:lambda$new$0(129)) - 2abc6dfe-890a-4d70-ad0b-3558951658f5@group-F18240B2DB4E-SegmentedRaftLogWorker: safeCacheEvictIndex: setUnconditionally 0 -> -1
2020-12-18 01:51:20,953 [pool-237-thread-1] INFO  server.RaftServerConfigKeys (ConfUtils.java:logGet(44)) - raft.server.snapshot.auto.trigger.enabled = true (custom)
2020-12-18 01:51:20,953 [pool-237-thread-1] INFO  server.RaftServerConfigKeys (ConfUtils.java:logGet(44)) - raft.server.snapshot.auto.trigger.threshold = 10000 (custom)
2020-12-18 01:51:20,953 [pool-237-thread-1] INFO  server.RaftServerConfigKeys (ConfUtils.java:logGet(44)) - raft.server.snapshot.retention.file.num = 5 (custom)
2020-12-18 01:51:20,953 [pool-237-thread-1] INFO  server.RaftServerConfigKeys (ConfUtils.java:logGet(44)) - raft.server.log.purge.upto.snapshot.index = false (default)
2020-12-18 01:51:20,953 [pool-237-thread-1] INFO  server.RaftServerConfigKeys (ConfUtils.java:logGet(44)) - raft.server.retrycache.expirytime = 600000ms (custom)
2020-12-18 01:51:20,953 [pool-237-thread-1] INFO  metrics.RatisMetrics (RatisMetrics.java:lambda$create$0(36)) - Creating Metrics Registry : ratis.leader_election.2abc6dfe-890a-4d70-ad0b-3558951658f5@group-F18240B2DB4E
2020-12-18 01:51:20,954 [pool-237-thread-1] INFO  metrics.RatisMetrics (RatisMetrics.java:lambda$create$0(36)) - Creating Metrics Registry : ratis.server.2abc6dfe-890a-4d70-ad0b-3558951658f5@group-F18240B2DB4E
2020-12-18 01:51:20,954 [pool-237-thread-1] INFO  impl.RaftServerImpl (RaftServerImpl.java:start(215)) - 2abc6dfe-890a-4d70-ad0b-3558951658f5@group-F18240B2DB4E: start as a follower, conf=-1: [2abc6dfe-890a-4d70-ad0b-3558951658f5|rpc:172.17.0.2:44191], old=null
2020-12-18 01:51:20,955 [pool-237-thread-1] INFO  impl.RaftServerImpl (RaftServerImpl.java:setRole(204)) - 2abc6dfe-890a-4d70-ad0b-3558951658f5@group-F18240B2DB4E: changes role from      null to FOLLOWER at term 0 for startAsFollower
2020-12-18 01:51:20,955 [pool-237-thread-1] INFO  impl.RoleInfo (RoleInfo.java:updateAndGet(143)) - 2abc6dfe-890a-4d70-ad0b-3558951658f5: start 2abc6dfe-890a-4d70-ad0b-3558951658f5@group-F18240B2DB4E-FollowerState
2020-12-18 01:51:20,955 [EventQueue-OpenPipelineForHealthyPipelineSafeModeRule] INFO  safemode.SCMSafeModeManager (HealthyPipelineSafeModeRule.java:process(128)) - SCM in safe mode. Healthy pipelines reported count is 0, required healthy pipeline reported count is 1
2020-12-18 01:51:20,960 [pool-237-thread-1] INFO  util.JmxRegister (JmxRegister.java:tryRegister(44)) - Successfully registered JMX Bean with object name Ratis:service=RaftServer,group=group-F18240B2DB4E,id=2abc6dfe-890a-4d70-ad0b-3558951658f5
2020-12-18 01:51:20,961 [pool-237-thread-1] INFO  metrics.RatisMetrics (RatisMetrics.java:lambda$create$0(36)) - Creating Metrics Registry : ratis.state_machine.2abc6dfe-890a-4d70-ad0b-3558951658f5@group-F18240B2DB4E
2020-12-18 01:51:20,962 [Command processor thread] INFO  commandhandler.CreatePipelineCommandHandler (CreatePipelineCommandHandler.java:handle(106)) - Created Pipeline RATIS ONE PipelineID=d4e7e20d-0633-4858-ab6d-f18240b2db4e.
2020-12-18 01:51:20,962 [Command processor thread] INFO  impl.RaftServerProxy (RaftServerProxy.java:addNew(93)) - 2abc6dfe-890a-4d70-ad0b-3558951658f5: addNew group-C718E5E6B254:[2abc6dfe-890a-4d70-ad0b-3558951658f5|rpc:172.17.0.2:44191, 0411c1e5-01dd-41ac-a234-123af2469892|rpc:172.17.0.2:39213, 5a6704fc-15bd-4230-8cbe-d21da4b813be|rpc:172.17.0.2:42589] returns group-C718E5E6B254:java.util.concurrent.CompletableFuture@7cbdd0a2[Not completed]
2020-12-18 01:51:20,963 [pool-237-thread-1] INFO  impl.RaftServerImpl (RaftServerImpl.java:<init>(121)) - 2abc6dfe-890a-4d70-ad0b-3558951658f5: new RaftServerImpl for group-C718E5E6B254:[2abc6dfe-890a-4d70-ad0b-3558951658f5|rpc:172.17.0.2:44191, 0411c1e5-01dd-41ac-a234-123af2469892|rpc:172.17.0.2:39213, 5a6704fc-15bd-4230-8cbe-d21da4b813be|rpc:172.17.0.2:42589] with ContainerStateMachine:uninitialized
2020-12-18 01:51:20,963 [pool-237-thread-1] INFO  server.RaftServerConfigKeys (ConfUtils.java:logGet(44)) - raft.server.rpc.timeout.min = 5s (custom)
2020-12-18 01:51:20,963 [pool-237-thread-1] INFO  server.RaftServerConfigKeys (ConfUtils.java:logGet(44)) - raft.server.rpc.timeout.max = 5200ms (custom)
2020-12-18 01:51:20,963 [pool-237-thread-1] INFO  server.RaftServerConfigKeys (ConfUtils.java:logGet(44)) - raft.server.rpc.slowness.timeout = 300s (custom)
2020-12-18 01:51:20,963 [pool-237-thread-1] INFO  server.RaftServerConfigKeys (ConfUtils.java:logGet(44)) - raft.server.leaderelection.leader.step-down.wait-time = 10s (default)
2020-12-18 01:51:20,963 [pool-237-thread-1] INFO  server.RaftServerConfigKeys (ConfUtils.java:logGet(44)) - raft.server.sleep.deviation.threshold = 300 (default)
2020-12-18 01:51:20,963 [pool-237-thread-1] INFO  server.RaftServerConfigKeys (ConfUtils.java:logGet(44)) - raft.server.log.appender.install.snapshot.enabled = false (custom)
2020-12-18 01:51:20,963 [pool-237-thread-1] INFO  impl.RaftServerImpl (ServerState.java:<init>(104)) - 2abc6dfe-890a-4d70-ad0b-3558951658f5@group-C718E5E6B254: ConfigurationManager, init=-1: [2abc6dfe-890a-4d70-ad0b-3558951658f5|rpc:172.17.0.2:44191, 0411c1e5-01dd-41ac-a234-123af2469892|rpc:172.17.0.2:39213, 5a6704fc-15bd-4230-8cbe-d21da4b813be|rpc:172.17.0.2:42589], old=null, confs=<EMPTY_MAP>
2020-12-18 01:51:20,963 [pool-237-thread-1] INFO  server.RaftServerConfigKeys (ConfUtils.java:logGet(44)) - raft.server.storage.dir = [/github/workspace/mnt/ozone/hadoop-ozone/integration-test/target/test-dir/MiniOzoneClusterImpl-4564f03c-bda0-461a-b884-74ed0c78bad0/datanode-0/data/ratis] (custom)
2020-12-18 01:51:20,963 [pool-237-thread-1] INFO  server.RaftServerConfigKeys (ConfUtils.java:logGet(44)) - raft.server.log.corruption.policy = EXCEPTION (default)
2020-12-18 01:51:20,963 [pool-237-thread-1] INFO  storage.RaftStorageDirectory (RaftStorageDirectory.java:analyzeStorage(261)) - The storage directory /github/workspace/mnt/ozone/hadoop-ozone/integration-test/target/test-dir/MiniOzoneClusterImpl-4564f03c-bda0-461a-b884-74ed0c78bad0/datanode-0/data/ratis/31dce71a-1f0f-4077-895d-c718e5e6b254 does not exist. Creating ...
2020-12-18 01:51:20,964 [pool-237-thread-1] INFO  storage.RaftStorageDirectory (RaftStorageDirectory.java:tryLock(343)) - Lock on /github/workspace/mnt/ozone/hadoop-ozone/integration-test/target/test-dir/MiniOzoneClusterImpl-4564f03c-bda0-461a-b884-74ed0c78bad0/datanode-0/data/ratis/31dce71a-1f0f-4077-895d-c718e5e6b254/in_use.lock acquired by nodename 9953@1fad9502c7b4
2020-12-18 01:51:20,965 [pool-237-thread-1] INFO  storage.RaftStorage (RaftStorage.java:format(85)) - Storage directory /github/workspace/mnt/ozone/hadoop-ozone/integration-test/target/test-dir/MiniOzoneClusterImpl-4564f03c-bda0-461a-b884-74ed0c78bad0/datanode-0/data/ratis/31dce71a-1f0f-4077-895d-c718e5e6b254 has been successfully formatted.
2020-12-18 01:51:20,965 [pool-237-thread-1] INFO  ratis.ContainerStateMachine (ContainerStateMachine.java:loadSnapshot(225)) - group-C718E5E6B254: The snapshot info is null. Setting the last applied indexto:(t:0, i:~)
2020-12-18 01:51:20,965 [pool-237-thread-1] INFO  server.RaftServerConfigKeys (ConfUtils.java:logGet(44)) - raft.server.notification.no-leader.timeout = 300s (custom)
2020-12-18 01:51:20,965 [pool-237-thread-1] INFO  server.RaftServerConfigKeys (ConfUtils.java:logGet(44)) - raft.server.log.use.memory = false (default)
2020-12-18 01:51:20,965 [pool-237-thread-1] INFO  server.RaftServerConfigKeys (ConfUtils.java:logGet(44)) - raft.server.log.purge.gap = 1000000 (custom)
2020-12-18 01:51:20,965 [pool-237-thread-1] INFO  metrics.RatisMetrics (RatisMetrics.java:lambda$create$0(36)) - Creating Metrics Registry : ratis.log_worker.2abc6dfe-890a-4d70-ad0b-3558951658f5@group-C718E5E6B254
2020-12-18 01:51:20,965 [EventQueue-PipelineReportForOneReplicaPipelineSafeModeRule] INFO  safemode.SCMSafeModeManager (SCMSafeModeManager.java:validateSafeModeExitRules(214)) - AtleastOneDatanodeReportedRule rule is successfully validated
2020-12-18 01:51:20,966 [EventQueue-OpenPipelineForHealthyPipelineSafeModeRule] INFO  safemode.SCMSafeModeManager (HealthyPipelineSafeModeRule.java:process(128)) - SCM in safe mode. Healthy pipelines reported count is 0, required healthy pipeline reported count is 1
2020-12-18 01:51:20,966 [pool-237-thread-1] INFO  server.RaftServerConfigKeys (ConfUtils.java:logGet(44)) - raft.server.log.appender.buffer.byte-limit = 33554432 (custom)
2020-12-18 01:51:20,966 [pool-237-thread-1] INFO  server.RaftServerConfigKeys (ConfUtils.java:logGet(44)) - raft.server.log.segment.size.max = 1048576 (custom)
2020-12-18 01:51:20,966 [pool-237-thread-1] INFO  server.RaftServerConfigKeys (ConfUtils.java:logGet(44)) - raft.server.log.segment.cache.num.max = 2 (custom)
2020-12-18 01:51:20,966 [pool-237-thread-1] INFO  segmented.SegmentedRaftLogWorker (SegmentedRaftLogWorker.java:<init>(180)) - new 2abc6dfe-890a-4d70-ad0b-3558951658f5@group-C718E5E6B254-SegmentedRaftLogWorker for RaftStorage:Storage Directory /github/workspace/mnt/ozone/hadoop-ozone/integration-test/target/test-dir/MiniOzoneClusterImpl-4564f03c-bda0-461a-b884-74ed0c78bad0/datanode-0/data/ratis/31dce71a-1f0f-4077-895d-c718e5e6b254
2020-12-18 01:51:20,966 [pool-237-thread-1] INFO  server.RaftServerConfigKeys (ConfUtils.java:logGet(44)) - raft.server.log.queue.byte-limit = 2147483647 (custom)
2020-12-18 01:51:20,966 [pool-237-thread-1] INFO  server.RaftServerConfigKeys (ConfUtils.java:logGet(44)) - raft.server.log.queue.element-limit = 1024 (custom)
2020-12-18 01:51:20,967 [pool-237-thread-1] INFO  server.RaftServerConfigKeys (ConfUtils.java:logGet(44)) - raft.server.log.segment.size.max = 1048576 (custom)
2020-12-18 01:51:20,967 [pool-237-thread-1] INFO  server.RaftServerConfigKeys (ConfUtils.java:logGet(44)) - raft.server.log.preallocated.size = 16384 (custom)
2020-12-18 01:51:20,967 [pool-237-thread-1] INFO  server.RaftServerConfigKeys (ConfUtils.java:logGet(44)) - raft.server.log.write.buffer.size = 1048576 (custom)
2020-12-18 01:51:20,967 [pool-237-thread-1] INFO  server.RaftServerConfigKeys (ConfUtils.java:logGet(44)) - raft.server.log.force.sync.num = 128 (default)
2020-12-18 01:51:20,967 [pool-237-thread-1] INFO  server.RaftServerConfigKeys (ConfUtils.java:logGet(44)) - raft.server.log.statemachine.data.sync = true (default)
2020-12-18 01:51:20,967 [pool-237-thread-1] INFO  server.RaftServerConfigKeys (ConfUtils.java:logGet(44)) - raft.server.log.statemachine.data.sync.timeout = 10s (default)
2020-12-18 01:51:20,967 [pool-237-thread-1] INFO  server.RaftServerConfigKeys (ConfUtils.java:logGet(44)) - raft.server.log.statemachine.data.sync.timeout.retry = -1 (default)
2020-12-18 01:51:20,968 [pool-237-thread-1] INFO  server.RaftServerConfigKeys (ConfUtils.java:logGet(44)) - raft.server.log.statemachine.data.caching.enabled = true (custom)
2020-12-18 01:51:20,968 [pool-237-thread-1] INFO  segmented.SegmentedRaftLogWorker (SegmentedRaftLogWorker.java:lambda$new$0(129)) - 2abc6dfe-890a-4d70-ad0b-3558951658f5@group-C718E5E6B254-SegmentedRaftLogWorker: flushIndex: setUnconditionally 0 -> -1
2020-12-18 01:51:20,969 [pool-237-thread-1] INFO  segmented.SegmentedRaftLogWorker (SegmentedRaftLogWorker.java:lambda$new$0(129)) - 2abc6dfe-890a-4d70-ad0b-3558951658f5@group-C718E5E6B254-SegmentedRaftLogWorker: safeCacheEvictIndex: setUnconditionally 0 -> -1
2020-12-18 01:51:20,969 [pool-237-thread-1] INFO  server.RaftServerConfigKeys (ConfUtils.java:logGet(44)) - raft.server.snapshot.auto.trigger.enabled = true (custom)
2020-12-18 01:51:20,969 [pool-237-thread-1] INFO  server.RaftServerConfigKeys (ConfUtils.java:logGet(44)) - raft.server.snapshot.auto.trigger.threshold = 10000 (custom)
2020-12-18 01:51:20,969 [pool-237-thread-1] INFO  server.RaftServerConfigKeys (ConfUtils.java:logGet(44)) - raft.server.snapshot.retention.file.num = 5 (custom)
2020-12-18 01:51:20,969 [pool-237-thread-1] INFO  server.RaftServerConfigKeys (ConfUtils.java:logGet(44)) - raft.server.log.purge.upto.snapshot.index = false (default)
2020-12-18 01:51:20,969 [pool-237-thread-1] INFO  server.RaftServerConfigKeys (ConfUtils.java:logGet(44)) - raft.server.retrycache.expirytime = 600000ms (custom)
2020-12-18 01:51:20,969 [pool-237-thread-1] INFO  metrics.RatisMetrics (RatisMetrics.java:lambda$create$0(36)) - Creating Metrics Registry : ratis.leader_election.2abc6dfe-890a-4d70-ad0b-3558951658f5@group-C718E5E6B254
2020-12-18 01:51:20,971 [pool-237-thread-1] INFO  metrics.RatisMetrics (RatisMetrics.java:lambda$create$0(36)) - Creating Metrics Registry : ratis.server.2abc6dfe-890a-4d70-ad0b-3558951658f5@group-C718E5E6B254
2020-12-18 01:51:20,972 [pool-237-thread-1] INFO  impl.RaftServerImpl (RaftServerImpl.java:start(215)) - 2abc6dfe-890a-4d70-ad0b-3558951658f5@group-C718E5E6B254: start as a follower, conf=-1: [2abc6dfe-890a-4d70-ad0b-3558951658f5|rpc:172.17.0.2:44191, 0411c1e5-01dd-41ac-a234-123af2469892|rpc:172.17.0.2:39213, 5a6704fc-15bd-4230-8cbe-d21da4b813be|rpc:172.17.0.2:42589], old=null
2020-12-18 01:51:20,972 [pool-237-thread-1] INFO  impl.RaftServerImpl (RaftServerImpl.java:setRole(204)) - 2abc6dfe-890a-4d70-ad0b-3558951658f5@group-C718E5E6B254: changes role from      null to FOLLOWER at term 0 for startAsFollower
2020-12-18 01:51:20,972 [pool-237-thread-1] INFO  impl.RoleInfo (RoleInfo.java:updateAndGet(143)) - 2abc6dfe-890a-4d70-ad0b-3558951658f5: start 2abc6dfe-890a-4d70-ad0b-3558951658f5@group-C718E5E6B254-FollowerState
2020-12-18 01:51:20,972 [pool-237-thread-1] INFO  util.JmxRegister (JmxRegister.java:tryRegister(44)) - Successfully registered JMX Bean with object name Ratis:service=RaftServer,group=group-C718E5E6B254,id=2abc6dfe-890a-4d70-ad0b-3558951658f5
2020-12-18 01:51:20,972 [pool-237-thread-1] INFO  metrics.RatisMetrics (RatisMetrics.java:lambda$create$0(36)) - Creating Metrics Registry : ratis.state_machine.2abc6dfe-890a-4d70-ad0b-3558951658f5@group-C718E5E6B254
2020-12-18 01:51:20,977 [Command processor thread] INFO  metrics.RatisMetrics (RatisMetrics.java:lambda$create$0(36)) - Creating Metrics Registry : ratis.client_message_metrics.client-316845299FE1->5a6704fc-15bd-4230-8cbe-d21da4b813be
2020-12-18 01:51:20,983 [grpc-default-executor-0] INFO  metrics.RatisMetrics (RatisMetrics.java:lambda$create$0(36)) - Creating Metrics Registry : ratis.server_message_metrics.5a6704fc-15bd-4230-8cbe-d21da4b813be
2020-12-18 01:51:20,984 [grpc-default-executor-0] INFO  impl.RaftServerProxy (RaftServerProxy.java:addNew(93)) - 5a6704fc-15bd-4230-8cbe-d21da4b813be: addNew group-C718E5E6B254:[2abc6dfe-890a-4d70-ad0b-3558951658f5|rpc:172.17.0.2:44191|dataStream:, 0411c1e5-01dd-41ac-a234-123af2469892|rpc:172.17.0.2:39213|dataStream:, 5a6704fc-15bd-4230-8cbe-d21da4b813be|rpc:172.17.0.2:42589|dataStream:] returns group-C718E5E6B254:java.util.concurrent.CompletableFuture@3f0e5ebd[Not completed]
2020-12-18 01:51:20,985 [pool-269-thread-1] INFO  impl.RaftServerImpl (RaftServerImpl.java:<init>(121)) - 5a6704fc-15bd-4230-8cbe-d21da4b813be: new RaftServerImpl for group-C718E5E6B254:[2abc6dfe-890a-4d70-ad0b-3558951658f5|rpc:172.17.0.2:44191|dataStream:, 0411c1e5-01dd-41ac-a234-123af2469892|rpc:172.17.0.2:39213|dataStream:, 5a6704fc-15bd-4230-8cbe-d21da4b813be|rpc:172.17.0.2:42589|dataStream:] with ContainerStateMachine:uninitialized
2020-12-18 01:51:20,985 [pool-269-thread-1] INFO  server.RaftServerConfigKeys (ConfUtils.java:logGet(44)) - raft.server.rpc.timeout.min = 5s (custom)
2020-12-18 01:51:20,986 [pool-269-thread-1] INFO  server.RaftServerConfigKeys (ConfUtils.java:logGet(44)) - raft.server.rpc.timeout.max = 5200ms (custom)
2020-12-18 01:51:20,986 [pool-269-thread-1] INFO  server.RaftServerConfigKeys (ConfUtils.java:logGet(44)) - raft.server.rpc.slowness.timeout = 300s (custom)
2020-12-18 01:51:20,986 [pool-269-thread-1] INFO  server.RaftServerConfigKeys (ConfUtils.java:logGet(44)) - raft.server.leaderelection.leader.step-down.wait-time = 10s (default)
2020-12-18 01:51:20,986 [pool-269-thread-1] INFO  server.RaftServerConfigKeys (ConfUtils.java:logGet(44)) - raft.server.sleep.deviation.threshold = 300 (default)
2020-12-18 01:51:20,986 [pool-269-thread-1] INFO  server.RaftServerConfigKeys (ConfUtils.java:logGet(44)) - raft.server.log.appender.install.snapshot.enabled = false (custom)
2020-12-18 01:51:20,986 [pool-269-thread-1] INFO  impl.RaftServerImpl (ServerState.java:<init>(104)) - 5a6704fc-15bd-4230-8cbe-d21da4b813be@group-C718E5E6B254: ConfigurationManager, init=-1: [2abc6dfe-890a-4d70-ad0b-3558951658f5|rpc:172.17.0.2:44191|dataStream:, 0411c1e5-01dd-41ac-a234-123af2469892|rpc:172.17.0.2:39213|dataStream:, 5a6704fc-15bd-4230-8cbe-d21da4b813be|rpc:172.17.0.2:42589|dataStream:], old=null, confs=<EMPTY_MAP>
2020-12-18 01:51:20,986 [pool-269-thread-1] INFO  server.RaftServerConfigKeys (ConfUtils.java:logGet(44)) - raft.server.storage.dir = [/github/workspace/mnt/ozone/hadoop-ozone/integration-test/target/test-dir/MiniOzoneClusterImpl-4564f03c-bda0-461a-b884-74ed0c78bad0/datanode-2/data/ratis] (custom)
2020-12-18 01:51:20,986 [pool-269-thread-1] INFO  server.RaftServerConfigKeys (ConfUtils.java:logGet(44)) - raft.server.log.corruption.policy = EXCEPTION (default)
2020-12-18 01:51:20,986 [pool-269-thread-1] INFO  storage.RaftStorageDirectory (RaftStorageDirectory.java:analyzeStorage(261)) - The storage directory /github/workspace/mnt/ozone/hadoop-ozone/integration-test/target/test-dir/MiniOzoneClusterImpl-4564f03c-bda0-461a-b884-74ed0c78bad0/datanode-2/data/ratis/31dce71a-1f0f-4077-895d-c718e5e6b254 does not exist. Creating ...
2020-12-18 01:51:20,987 [pool-269-thread-1] INFO  storage.RaftStorageDirectory (RaftStorageDirectory.java:tryLock(343)) - Lock on /github/workspace/mnt/ozone/hadoop-ozone/integration-test/target/test-dir/MiniOzoneClusterImpl-4564f03c-bda0-461a-b884-74ed0c78bad0/datanode-2/data/ratis/31dce71a-1f0f-4077-895d-c718e5e6b254/in_use.lock acquired by nodename 9953@1fad9502c7b4
2020-12-18 01:51:20,988 [pool-269-thread-1] INFO  storage.RaftStorage (RaftStorage.java:format(85)) - Storage directory /github/workspace/mnt/ozone/hadoop-ozone/integration-test/target/test-dir/MiniOzoneClusterImpl-4564f03c-bda0-461a-b884-74ed0c78bad0/datanode-2/data/ratis/31dce71a-1f0f-4077-895d-c718e5e6b254 has been successfully formatted.
2020-12-18 01:51:20,988 [pool-269-thread-1] INFO  ratis.ContainerStateMachine (ContainerStateMachine.java:loadSnapshot(225)) - group-C718E5E6B254: The snapshot info is null. Setting the last applied indexto:(t:0, i:~)
2020-12-18 01:51:20,988 [pool-269-thread-1] INFO  server.RaftServerConfigKeys (ConfUtils.java:logGet(44)) - raft.server.notification.no-leader.timeout = 300s (custom)
2020-12-18 01:51:20,988 [pool-269-thread-1] INFO  server.RaftServerConfigKeys (ConfUtils.java:logGet(44)) - raft.server.log.use.memory = false (default)
2020-12-18 01:51:20,989 [EventQueue-PipelineReportForOneReplicaPipelineSafeModeRule] INFO  safemode.SCMSafeModeManager (SCMSafeModeManager.java:validateSafeModeExitRules(214)) - AtleastOneDatanodeReportedRule rule is successfully validated
2020-12-18 01:51:20,990 [pool-269-thread-1] INFO  server.RaftServerConfigKeys (ConfUtils.java:logGet(44)) - raft.server.log.purge.gap = 1000000 (custom)
2020-12-18 01:51:20,990 [pool-269-thread-1] INFO  metrics.RatisMetrics (RatisMetrics.java:lambda$create$0(36)) - Creating Metrics Registry : ratis.log_worker.5a6704fc-15bd-4230-8cbe-d21da4b813be@group-C718E5E6B254
2020-12-18 01:51:20,990 [pool-269-thread-1] INFO  server.RaftServerConfigKeys (ConfUtils.java:logGet(44)) - raft.server.log.appender.buffer.byte-limit = 33554432 (custom)
2020-12-18 01:51:20,990 [pool-269-thread-1] INFO  server.RaftServerConfigKeys (ConfUtils.java:logGet(44)) - raft.server.log.segment.size.max = 1048576 (custom)
2020-12-18 01:51:20,990 [pool-269-thread-1] INFO  server.RaftServerConfigKeys (ConfUtils.java:logGet(44)) - raft.server.log.segment.cache.num.max = 2 (custom)
2020-12-18 01:51:20,990 [pool-269-thread-1] INFO  segmented.SegmentedRaftLogWorker (SegmentedRaftLogWorker.java:<init>(180)) - new 5a6704fc-15bd-4230-8cbe-d21da4b813be@group-C718E5E6B254-SegmentedRaftLogWorker for RaftStorage:Storage Directory /github/workspace/mnt/ozone/hadoop-ozone/integration-test/target/test-dir/MiniOzoneClusterImpl-4564f03c-bda0-461a-b884-74ed0c78bad0/datanode-2/data/ratis/31dce71a-1f0f-4077-895d-c718e5e6b254
2020-12-18 01:51:20,990 [pool-269-thread-1] INFO  server.RaftServerConfigKeys (ConfUtils.java:logGet(44)) - raft.server.log.queue.byte-limit = 2147483647 (custom)
2020-12-18 01:51:20,990 [pool-269-thread-1] INFO  server.RaftServerConfigKeys (ConfUtils.java:logGet(44)) - raft.server.log.queue.element-limit = 1024 (custom)
2020-12-18 01:51:20,990 [pool-269-thread-1] INFO  server.RaftServerConfigKeys (ConfUtils.java:logGet(44)) - raft.server.log.segment.size.max = 1048576 (custom)
2020-12-18 01:51:20,990 [pool-269-thread-1] INFO  server.RaftServerConfigKeys (ConfUtils.java:logGet(44)) - raft.server.log.preallocated.size = 16384 (custom)
2020-12-18 01:51:20,990 [pool-269-thread-1] INFO  server.RaftServerConfigKeys (ConfUtils.java:logGet(44)) - raft.server.log.write.buffer.size = 1048576 (custom)
2020-12-18 01:51:20,991 [pool-269-thread-1] INFO  server.RaftServerConfigKeys (ConfUtils.java:logGet(44)) - raft.server.log.force.sync.num = 128 (default)
2020-12-18 01:51:20,991 [pool-269-thread-1] INFO  server.RaftServerConfigKeys (ConfUtils.java:logGet(44)) - raft.server.log.statemachine.data.sync = true (default)
2020-12-18 01:51:20,991 [pool-269-thread-1] INFO  server.RaftServerConfigKeys (ConfUtils.java:logGet(44)) - raft.server.log.statemachine.data.sync.timeout = 10s (default)
2020-12-18 01:51:20,991 [pool-269-thread-1] INFO  server.RaftServerConfigKeys (ConfUtils.java:logGet(44)) - raft.server.log.statemachine.data.sync.timeout.retry = -1 (default)
2020-12-18 01:51:20,992 [pool-269-thread-1] INFO  server.RaftServerConfigKeys (ConfUtils.java:logGet(44)) - raft.server.log.statemachine.data.caching.enabled = true (custom)
2020-12-18 01:51:20,992 [pool-269-thread-1] INFO  segmented.SegmentedRaftLogWorker (SegmentedRaftLogWorker.java:lambda$new$0(129)) - 5a6704fc-15bd-4230-8cbe-d21da4b813be@group-C718E5E6B254-SegmentedRaftLogWorker: flushIndex: setUnconditionally 0 -> -1
2020-12-18 01:51:20,992 [pool-269-thread-1] INFO  segmented.SegmentedRaftLogWorker (SegmentedRaftLogWorker.java:lambda$new$0(129)) - 5a6704fc-15bd-4230-8cbe-d21da4b813be@group-C718E5E6B254-SegmentedRaftLogWorker: safeCacheEvictIndex: setUnconditionally 0 -> -1
2020-12-18 01:51:20,996 [pool-269-thread-1] INFO  server.RaftServerConfigKeys (ConfUtils.java:logGet(44)) - raft.server.snapshot.auto.trigger.enabled = true (custom)
2020-12-18 01:51:20,996 [pool-269-thread-1] INFO  server.RaftServerConfigKeys (ConfUtils.java:logGet(44)) - raft.server.snapshot.auto.trigger.threshold = 10000 (custom)
2020-12-18 01:51:20,996 [pool-269-thread-1] INFO  server.RaftServerConfigKeys (ConfUtils.java:logGet(44)) - raft.server.snapshot.retention.file.num = 5 (custom)
2020-12-18 01:51:20,996 [pool-269-thread-1] INFO  server.RaftServerConfigKeys (ConfUtils.java:logGet(44)) - raft.server.log.purge.upto.snapshot.index = false (default)
2020-12-18 01:51:20,996 [pool-269-thread-1] INFO  server.RaftServerConfigKeys (ConfUtils.java:logGet(44)) - raft.server.retrycache.expirytime = 600000ms (custom)
2020-12-18 01:51:20,996 [pool-269-thread-1] INFO  metrics.RatisMetrics (RatisMetrics.java:lambda$create$0(36)) - Creating Metrics Registry : ratis.leader_election.5a6704fc-15bd-4230-8cbe-d21da4b813be@group-C718E5E6B254
2020-12-18 01:51:20,996 [pool-269-thread-1] INFO  metrics.RatisMetrics (RatisMetrics.java:lambda$create$0(36)) - Creating Metrics Registry : ratis.server.5a6704fc-15bd-4230-8cbe-d21da4b813be@group-C718E5E6B254
2020-12-18 01:51:20,997 [pool-269-thread-1] INFO  impl.RaftServerImpl (RaftServerImpl.java:start(215)) - 5a6704fc-15bd-4230-8cbe-d21da4b813be@group-C718E5E6B254: start as a follower, conf=-1: [2abc6dfe-890a-4d70-ad0b-3558951658f5|rpc:172.17.0.2:44191|dataStream:, 0411c1e5-01dd-41ac-a234-123af2469892|rpc:172.17.0.2:39213|dataStream:, 5a6704fc-15bd-4230-8cbe-d21da4b813be|rpc:172.17.0.2:42589|dataStream:], old=null
2020-12-18 01:51:20,997 [pool-269-thread-1] INFO  impl.RaftServerImpl (RaftServerImpl.java:setRole(204)) - 5a6704fc-15bd-4230-8cbe-d21da4b813be@group-C718E5E6B254: changes role from      null to FOLLOWER at term 0 for startAsFollower
2020-12-18 01:51:20,997 [pool-269-thread-1] INFO  impl.RoleInfo (RoleInfo.java:updateAndGet(143)) - 5a6704fc-15bd-4230-8cbe-d21da4b813be: start 5a6704fc-15bd-4230-8cbe-d21da4b813be@group-C718E5E6B254-FollowerState
2020-12-18 01:51:20,997 [pool-269-thread-1] INFO  util.JmxRegister (JmxRegister.java:tryRegister(44)) - Successfully registered JMX Bean with object name Ratis:service=RaftServer,group=group-C718E5E6B254,id=5a6704fc-15bd-4230-8cbe-d21da4b813be
2020-12-18 01:51:20,997 [pool-269-thread-1] INFO  metrics.RatisMetrics (RatisMetrics.java:lambda$create$0(36)) - Creating Metrics Registry : ratis.state_machine.5a6704fc-15bd-4230-8cbe-d21da4b813be@group-C718E5E6B254
2020-12-18 01:51:21,005 [Command processor thread] INFO  metrics.RatisMetrics (RatisMetrics.java:lambda$create$0(36)) - Creating Metrics Registry : ratis.client_message_metrics.client-F6DDCD213C88->0411c1e5-01dd-41ac-a234-123af2469892
2020-12-18 01:51:21,010 [grpc-default-executor-0] INFO  metrics.RatisMetrics (RatisMetrics.java:lambda$create$0(36)) - Creating Metrics Registry : ratis.server_message_metrics.0411c1e5-01dd-41ac-a234-123af2469892
2020-12-18 01:51:21,011 [grpc-default-executor-0] INFO  impl.RaftServerProxy (RaftServerProxy.java:addNew(93)) - 0411c1e5-01dd-41ac-a234-123af2469892: addNew group-C718E5E6B254:[2abc6dfe-890a-4d70-ad0b-3558951658f5|rpc:172.17.0.2:44191|dataStream:, 0411c1e5-01dd-41ac-a234-123af2469892|rpc:172.17.0.2:39213|dataStream:, 5a6704fc-15bd-4230-8cbe-d21da4b813be|rpc:172.17.0.2:42589|dataStream:] returns group-C718E5E6B254:java.util.concurrent.CompletableFuture@6f4d4f90[Not completed]
2020-12-18 01:51:21,016 [pool-253-thread-1] INFO  impl.RaftServerImpl (RaftServerImpl.java:<init>(121)) - 0411c1e5-01dd-41ac-a234-123af2469892: new RaftServerImpl for group-C718E5E6B254:[2abc6dfe-890a-4d70-ad0b-3558951658f5|rpc:172.17.0.2:44191|dataStream:, 0411c1e5-01dd-41ac-a234-123af2469892|rpc:172.17.0.2:39213|dataStream:, 5a6704fc-15bd-4230-8cbe-d21da4b813be|rpc:172.17.0.2:42589|dataStream:] with ContainerStateMachine:uninitialized
2020-12-18 01:51:21,016 [pool-253-thread-1] INFO  server.RaftServerConfigKeys (ConfUtils.java:logGet(44)) - raft.server.rpc.timeout.min = 5s (custom)
2020-12-18 01:51:21,016 [pool-253-thread-1] INFO  server.RaftServerConfigKeys (ConfUtils.java:logGet(44)) - raft.server.rpc.timeout.max = 5200ms (custom)
2020-12-18 01:51:21,016 [pool-253-thread-1] INFO  server.RaftServerConfigKeys (ConfUtils.java:logGet(44)) - raft.server.rpc.slowness.timeout = 300s (custom)
2020-12-18 01:51:21,017 [pool-253-thread-1] INFO  server.RaftServerConfigKeys (ConfUtils.java:logGet(44)) - raft.server.leaderelection.leader.step-down.wait-time = 10s (default)
2020-12-18 01:51:21,017 [pool-253-thread-1] INFO  server.RaftServerConfigKeys (ConfUtils.java:logGet(44)) - raft.server.sleep.deviation.threshold = 300 (default)
2020-12-18 01:51:21,018 [pool-253-thread-1] INFO  server.RaftServerConfigKeys (ConfUtils.java:logGet(44)) - raft.server.log.appender.install.snapshot.enabled = false (custom)
2020-12-18 01:51:21,018 [pool-253-thread-1] INFO  impl.RaftServerImpl (ServerState.java:<init>(104)) - 0411c1e5-01dd-41ac-a234-123af2469892@group-C718E5E6B254: ConfigurationManager, init=-1: [2abc6dfe-890a-4d70-ad0b-3558951658f5|rpc:172.17.0.2:44191|dataStream:, 0411c1e5-01dd-41ac-a234-123af2469892|rpc:172.17.0.2:39213|dataStream:, 5a6704fc-15bd-4230-8cbe-d21da4b813be|rpc:172.17.0.2:42589|dataStream:], old=null, confs=<EMPTY_MAP>
2020-12-18 01:51:21,018 [pool-253-thread-1] INFO  server.RaftServerConfigKeys (ConfUtils.java:logGet(44)) - raft.server.storage.dir = [/github/workspace/mnt/ozone/hadoop-ozone/integration-test/target/test-dir/MiniOzoneClusterImpl-4564f03c-bda0-461a-b884-74ed0c78bad0/datanode-1/data/ratis] (custom)
2020-12-18 01:51:21,018 [pool-253-thread-1] INFO  server.RaftServerConfigKeys (ConfUtils.java:logGet(44)) - raft.server.log.corruption.policy = EXCEPTION (default)
2020-12-18 01:51:21,018 [pool-253-thread-1] INFO  storage.RaftStorageDirectory (RaftStorageDirectory.java:analyzeStorage(261)) - The storage directory /github/workspace/mnt/ozone/hadoop-ozone/integration-test/target/test-dir/MiniOzoneClusterImpl-4564f03c-bda0-461a-b884-74ed0c78bad0/datanode-1/data/ratis/31dce71a-1f0f-4077-895d-c718e5e6b254 does not exist. Creating ...
2020-12-18 01:51:21,019 [pool-253-thread-1] INFO  storage.RaftStorageDirectory (RaftStorageDirectory.java:tryLock(343)) - Lock on /github/workspace/mnt/ozone/hadoop-ozone/integration-test/target/test-dir/MiniOzoneClusterImpl-4564f03c-bda0-461a-b884-74ed0c78bad0/datanode-1/data/ratis/31dce71a-1f0f-4077-895d-c718e5e6b254/in_use.lock acquired by nodename 9953@1fad9502c7b4
2020-12-18 01:51:21,020 [pool-253-thread-1] INFO  storage.RaftStorage (RaftStorage.java:format(85)) - Storage directory /github/workspace/mnt/ozone/hadoop-ozone/integration-test/target/test-dir/MiniOzoneClusterImpl-4564f03c-bda0-461a-b884-74ed0c78bad0/datanode-1/data/ratis/31dce71a-1f0f-4077-895d-c718e5e6b254 has been successfully formatted.
2020-12-18 01:51:21,020 [pool-253-thread-1] INFO  ratis.ContainerStateMachine (ContainerStateMachine.java:loadSnapshot(225)) - group-C718E5E6B254: The snapshot info is null. Setting the last applied indexto:(t:0, i:~)
2020-12-18 01:51:21,020 [pool-253-thread-1] INFO  server.RaftServerConfigKeys (ConfUtils.java:logGet(44)) - raft.server.notification.no-leader.timeout = 300s (custom)
2020-12-18 01:51:21,021 [EventQueue-PipelineReportForOneReplicaPipelineSafeModeRule] INFO  safemode.SCMSafeModeManager (SCMSafeModeManager.java:validateSafeModeExitRules(214)) - AtleastOneDatanodeReportedRule rule is successfully validated
2020-12-18 01:51:21,022 [pool-253-thread-1] INFO  server.RaftServerConfigKeys (ConfUtils.java:logGet(44)) - raft.server.log.use.memory = false (default)
2020-12-18 01:51:21,022 [pool-253-thread-1] INFO  server.RaftServerConfigKeys (ConfUtils.java:logGet(44)) - raft.server.log.purge.gap = 1000000 (custom)
2020-12-18 01:51:21,022 [pool-253-thread-1] INFO  metrics.RatisMetrics (RatisMetrics.java:lambda$create$0(36)) - Creating Metrics Registry : ratis.log_worker.0411c1e5-01dd-41ac-a234-123af2469892@group-C718E5E6B254
2020-12-18 01:51:21,022 [pool-253-thread-1] INFO  server.RaftServerConfigKeys (ConfUtils.java:logGet(44)) - raft.server.log.appender.buffer.byte-limit = 33554432 (custom)
2020-12-18 01:51:21,022 [pool-253-thread-1] INFO  server.RaftServerConfigKeys (ConfUtils.java:logGet(44)) - raft.server.log.segment.size.max = 1048576 (custom)
2020-12-18 01:51:21,023 [pool-253-thread-1] INFO  server.RaftServerConfigKeys (ConfUtils.java:logGet(44)) - raft.server.log.segment.cache.num.max = 2 (custom)
2020-12-18 01:51:21,023 [pool-253-thread-1] INFO  segmented.SegmentedRaftLogWorker (SegmentedRaftLogWorker.java:<init>(180)) - new 0411c1e5-01dd-41ac-a234-123af2469892@group-C718E5E6B254-SegmentedRaftLogWorker for RaftStorage:Storage Directory /github/workspace/mnt/ozone/hadoop-ozone/integration-test/target/test-dir/MiniOzoneClusterImpl-4564f03c-bda0-461a-b884-74ed0c78bad0/datanode-1/data/ratis/31dce71a-1f0f-4077-895d-c718e5e6b254
2020-12-18 01:51:21,023 [pool-253-thread-1] INFO  server.RaftServerConfigKeys (ConfUtils.java:logGet(44)) - raft.server.log.queue.byte-limit = 2147483647 (custom)
2020-12-18 01:51:21,023 [pool-253-thread-1] INFO  server.RaftServerConfigKeys (ConfUtils.java:logGet(44)) - raft.server.log.queue.element-limit = 1024 (custom)
2020-12-18 01:51:21,023 [pool-253-thread-1] INFO  server.RaftServerConfigKeys (ConfUtils.java:logGet(44)) - raft.server.log.segment.size.max = 1048576 (custom)
2020-12-18 01:51:21,023 [pool-253-thread-1] INFO  server.RaftServerConfigKeys (ConfUtils.java:logGet(44)) - raft.server.log.preallocated.size = 16384 (custom)
2020-12-18 01:51:21,023 [pool-253-thread-1] INFO  server.RaftServerConfigKeys (ConfUtils.java:logGet(44)) - raft.server.log.write.buffer.size = 1048576 (custom)
2020-12-18 01:51:21,023 [pool-253-thread-1] INFO  server.RaftServerConfigKeys (ConfUtils.java:logGet(44)) - raft.server.log.force.sync.num = 128 (default)
2020-12-18 01:51:21,023 [pool-253-thread-1] INFO  server.RaftServerConfigKeys (ConfUtils.java:logGet(44)) - raft.server.log.statemachine.data.sync = true (default)
2020-12-18 01:51:21,023 [pool-253-thread-1] INFO  server.RaftServerConfigKeys (ConfUtils.java:logGet(44)) - raft.server.log.statemachine.data.sync.timeout = 10s (default)
2020-12-18 01:51:21,023 [pool-253-thread-1] INFO  server.RaftServerConfigKeys (ConfUtils.java:logGet(44)) - raft.server.log.statemachine.data.sync.timeout.retry = -1 (default)
2020-12-18 01:51:21,025 [pool-253-thread-1] INFO  server.RaftServerConfigKeys (ConfUtils.java:logGet(44)) - raft.server.log.statemachine.data.caching.enabled = true (custom)
2020-12-18 01:51:21,025 [pool-253-thread-1] INFO  segmented.SegmentedRaftLogWorker (SegmentedRaftLogWorker.java:lambda$new$0(129)) - 0411c1e5-01dd-41ac-a234-123af2469892@group-C718E5E6B254-SegmentedRaftLogWorker: flushIndex: setUnconditionally 0 -> -1
2020-12-18 01:51:21,025 [pool-253-thread-1] INFO  segmented.SegmentedRaftLogWorker (SegmentedRaftLogWorker.java:lambda$new$0(129)) - 0411c1e5-01dd-41ac-a234-123af2469892@group-C718E5E6B254-SegmentedRaftLogWorker: safeCacheEvictIndex: setUnconditionally 0 -> -1
2020-12-18 01:51:21,028 [pool-253-thread-1] INFO  server.RaftServerConfigKeys (ConfUtils.java:logGet(44)) - raft.server.snapshot.auto.trigger.enabled = true (custom)
2020-12-18 01:51:21,028 [pool-253-thread-1] INFO  server.RaftServerConfigKeys (ConfUtils.java:logGet(44)) - raft.server.snapshot.auto.trigger.threshold = 10000 (custom)
2020-12-18 01:51:21,028 [pool-253-thread-1] INFO  server.RaftServerConfigKeys (ConfUtils.java:logGet(44)) - raft.server.snapshot.retention.file.num = 5 (custom)
2020-12-18 01:51:21,028 [pool-253-thread-1] INFO  server.RaftServerConfigKeys (ConfUtils.java:logGet(44)) - raft.server.log.purge.upto.snapshot.index = false (default)
2020-12-18 01:51:21,028 [pool-253-thread-1] INFO  server.RaftServerConfigKeys (ConfUtils.java:logGet(44)) - raft.server.retrycache.expirytime = 600000ms (custom)
2020-12-18 01:51:21,028 [pool-253-thread-1] INFO  metrics.RatisMetrics (RatisMetrics.java:lambda$create$0(36)) - Creating Metrics Registry : ratis.leader_election.0411c1e5-01dd-41ac-a234-123af2469892@group-C718E5E6B254
2020-12-18 01:51:21,028 [pool-253-thread-1] INFO  metrics.RatisMetrics (RatisMetrics.java:lambda$create$0(36)) - Creating Metrics Registry : ratis.server.0411c1e5-01dd-41ac-a234-123af2469892@group-C718E5E6B254
2020-12-18 01:51:21,029 [pool-253-thread-1] INFO  impl.RaftServerImpl (RaftServerImpl.java:start(215)) - 0411c1e5-01dd-41ac-a234-123af2469892@group-C718E5E6B254: start as a follower, conf=-1: [2abc6dfe-890a-4d70-ad0b-3558951658f5|rpc:172.17.0.2:44191|dataStream:, 0411c1e5-01dd-41ac-a234-123af2469892|rpc:172.17.0.2:39213|dataStream:, 5a6704fc-15bd-4230-8cbe-d21da4b813be|rpc:172.17.0.2:42589|dataStream:], old=null
2020-12-18 01:51:21,029 [pool-253-thread-1] INFO  impl.RaftServerImpl (RaftServerImpl.java:setRole(204)) - 0411c1e5-01dd-41ac-a234-123af2469892@group-C718E5E6B254: changes role from      null to FOLLOWER at term 0 for startAsFollower
2020-12-18 01:51:21,029 [pool-253-thread-1] INFO  impl.RoleInfo (RoleInfo.java:updateAndGet(143)) - 0411c1e5-01dd-41ac-a234-123af2469892: start 0411c1e5-01dd-41ac-a234-123af2469892@group-C718E5E6B254-FollowerState
2020-12-18 01:51:21,034 [pool-253-thread-1] INFO  util.JmxRegister (JmxRegister.java:tryRegister(44)) - Successfully registered JMX Bean with object name Ratis:service=RaftServer,group=group-C718E5E6B254,id=0411c1e5-01dd-41ac-a234-123af2469892
2020-12-18 01:51:21,034 [pool-253-thread-1] INFO  metrics.RatisMetrics (RatisMetrics.java:lambda$create$0(36)) - Creating Metrics Registry : ratis.state_machine.0411c1e5-01dd-41ac-a234-123af2469892@group-C718E5E6B254
2020-12-18 01:51:21,049 [Command processor thread] INFO  commandhandler.CreatePipelineCommandHandler (CreatePipelineCommandHandler.java:handle(106)) - Created Pipeline RATIS THREE PipelineID=31dce71a-1f0f-4077-895d-c718e5e6b254.
2020-12-18 01:51:21,128 [Command processor thread] INFO  impl.RaftServerProxy (RaftServerProxy.java:addNew(93)) - 0411c1e5-01dd-41ac-a234-123af2469892: addNew group-2A352D3FAB4F:[0411c1e5-01dd-41ac-a234-123af2469892|rpc:172.17.0.2:39213] returns group-2A352D3FAB4F:java.util.concurrent.CompletableFuture@1fbabac9[Not completed]
2020-12-18 01:51:21,129 [pool-253-thread-1] INFO  impl.RaftServerImpl (RaftServerImpl.java:<init>(121)) - 0411c1e5-01dd-41ac-a234-123af2469892: new RaftServerImpl for group-2A352D3FAB4F:[0411c1e5-01dd-41ac-a234-123af2469892|rpc:172.17.0.2:39213] with ContainerStateMachine:uninitialized
2020-12-18 01:51:21,129 [pool-253-thread-1] INFO  server.RaftServerConfigKeys (ConfUtils.java:logGet(44)) - raft.server.rpc.timeout.min = 5s (custom)
2020-12-18 01:51:21,129 [pool-253-thread-1] INFO  server.RaftServerConfigKeys (ConfUtils.java:logGet(44)) - raft.server.rpc.timeout.max = 5200ms (custom)
2020-12-18 01:51:21,129 [pool-253-thread-1] INFO  server.RaftServerConfigKeys (ConfUtils.java:logGet(44)) - raft.server.rpc.slowness.timeout = 300s (custom)
2020-12-18 01:51:21,129 [pool-253-thread-1] INFO  server.RaftServerConfigKeys (ConfUtils.java:logGet(44)) - raft.server.leaderelection.leader.step-down.wait-time = 10s (default)
2020-12-18 01:51:21,129 [pool-253-thread-1] INFO  server.RaftServerConfigKeys (ConfUtils.java:logGet(44)) - raft.server.sleep.deviation.threshold = 300 (default)
2020-12-18 01:51:21,129 [pool-253-thread-1] INFO  server.RaftServerConfigKeys (ConfUtils.java:logGet(44)) - raft.server.log.appender.install.snapshot.enabled = false (custom)
2020-12-18 01:51:21,129 [pool-253-thread-1] INFO  impl.RaftServerImpl (ServerState.java:<init>(104)) - 0411c1e5-01dd-41ac-a234-123af2469892@group-2A352D3FAB4F: ConfigurationManager, init=-1: [0411c1e5-01dd-41ac-a234-123af2469892|rpc:172.17.0.2:39213], old=null, confs=<EMPTY_MAP>
2020-12-18 01:51:21,129 [pool-253-thread-1] INFO  server.RaftServerConfigKeys (ConfUtils.java:logGet(44)) - raft.server.storage.dir = [/github/workspace/mnt/ozone/hadoop-ozone/integration-test/target/test-dir/MiniOzoneClusterImpl-4564f03c-bda0-461a-b884-74ed0c78bad0/datanode-1/data/ratis] (custom)
2020-12-18 01:51:21,129 [pool-253-thread-1] INFO  server.RaftServerConfigKeys (ConfUtils.java:logGet(44)) - raft.server.log.corruption.policy = EXCEPTION (default)
2020-12-18 01:51:21,130 [pool-253-thread-1] INFO  storage.RaftStorageDirectory (RaftStorageDirectory.java:analyzeStorage(261)) - The storage directory /github/workspace/mnt/ozone/hadoop-ozone/integration-test/target/test-dir/MiniOzoneClusterImpl-4564f03c-bda0-461a-b884-74ed0c78bad0/datanode-1/data/ratis/725c8b97-cdf9-47d8-a168-2a352d3fab4f does not exist. Creating ...
2020-12-18 01:51:21,130 [pool-253-thread-1] INFO  storage.RaftStorageDirectory (RaftStorageDirectory.java:tryLock(343)) - Lock on /github/workspace/mnt/ozone/hadoop-ozone/integration-test/target/test-dir/MiniOzoneClusterImpl-4564f03c-bda0-461a-b884-74ed0c78bad0/datanode-1/data/ratis/725c8b97-cdf9-47d8-a168-2a352d3fab4f/in_use.lock acquired by nodename 9953@1fad9502c7b4
2020-12-18 01:51:21,131 [pool-253-thread-1] INFO  storage.RaftStorage (RaftStorage.java:format(85)) - Storage directory /github/workspace/mnt/ozone/hadoop-ozone/integration-test/target/test-dir/MiniOzoneClusterImpl-4564f03c-bda0-461a-b884-74ed0c78bad0/datanode-1/data/ratis/725c8b97-cdf9-47d8-a168-2a352d3fab4f has been successfully formatted.
2020-12-18 01:51:21,132 [pool-253-thread-1] INFO  ratis.ContainerStateMachine (ContainerStateMachine.java:loadSnapshot(225)) - group-2A352D3FAB4F: The snapshot info is null. Setting the last applied indexto:(t:0, i:~)
2020-12-18 01:51:21,132 [pool-253-thread-1] INFO  server.RaftServerConfigKeys (ConfUtils.java:logGet(44)) - raft.server.notification.no-leader.timeout = 300s (custom)
2020-12-18 01:51:21,132 [pool-253-thread-1] INFO  server.RaftServerConfigKeys (ConfUtils.java:logGet(44)) - raft.server.log.use.memory = false (default)
2020-12-18 01:51:21,132 [pool-253-thread-1] INFO  server.RaftServerConfigKeys (ConfUtils.java:logGet(44)) - raft.server.log.purge.gap = 1000000 (custom)
2020-12-18 01:51:21,133 [EventQueue-PipelineReportForPipelineReportHandler] INFO  pipeline.PipelineStateManager (PipelineStateManager.java:openPipeline(132)) - Pipeline Pipeline[ Id: 725c8b97-cdf9-47d8-a168-2a352d3fab4f, Nodes: 0411c1e5-01dd-41ac-a234-123af2469892{ip: 172.17.0.2, host: 1fad9502c7b4, networkLocation: /default-rack, certSerialId: null, persistedOpState: IN_SERVICE, persistedOpStateExpiryEpochSec: 0}, Type:RATIS, Factor:ONE, State:ALLOCATED, leaderId:0411c1e5-01dd-41ac-a234-123af2469892, CreationTimestamp2020-12-18T01:51:18.131Z] moved to OPEN state
2020-12-18 01:51:21,132 [EventQueue-PipelineReportForOneReplicaPipelineSafeModeRule] INFO  safemode.SCMSafeModeManager (SCMSafeModeManager.java:validateSafeModeExitRules(214)) - AtleastOneDatanodeReportedRule rule is successfully validated
2020-12-18 01:51:21,133 [EventQueue-OpenPipelineForHealthyPipelineSafeModeRule] INFO  safemode.SCMSafeModeManager (HealthyPipelineSafeModeRule.java:process(128)) - SCM in safe mode. Healthy pipelines reported count is 0, required healthy pipeline reported count is 1
2020-12-18 01:51:21,133 [pool-253-thread-1] INFO  metrics.RatisMetrics (RatisMetrics.java:lambda$create$0(36)) - Creating Metrics Registry : ratis.log_worker.0411c1e5-01dd-41ac-a234-123af2469892@group-2A352D3FAB4F
2020-12-18 01:51:21,135 [pool-253-thread-1] INFO  server.RaftServerConfigKeys (ConfUtils.java:logGet(44)) - raft.server.log.appender.buffer.byte-limit = 33554432 (custom)
2020-12-18 01:51:21,135 [pool-253-thread-1] INFO  server.RaftServerConfigKeys (ConfUtils.java:logGet(44)) - raft.server.log.segment.size.max = 1048576 (custom)
2020-12-18 01:51:21,135 [pool-253-thread-1] INFO  server.RaftServerConfigKeys (ConfUtils.java:logGet(44)) - raft.server.log.segment.cache.num.max = 2 (custom)
2020-12-18 01:51:21,135 [pool-253-thread-1] INFO  segmented.SegmentedRaftLogWorker (SegmentedRaftLogWorker.java:<init>(180)) - new 0411c1e5-01dd-41ac-a234-123af2469892@group-2A352D3FAB4F-SegmentedRaftLogWorker for RaftStorage:Storage Directory /github/workspace/mnt/ozone/hadoop-ozone/integration-test/target/test-dir/MiniOzoneClusterImpl-4564f03c-bda0-461a-b884-74ed0c78bad0/datanode-1/data/ratis/725c8b97-cdf9-47d8-a168-2a352d3fab4f
2020-12-18 01:51:21,135 [pool-253-thread-1] INFO  server.RaftServerConfigKeys (ConfUtils.java:logGet(44)) - raft.server.log.queue.byte-limit = 2147483647 (custom)
2020-12-18 01:51:21,136 [pool-253-thread-1] INFO  server.RaftServerConfigKeys (ConfUtils.java:logGet(44)) - raft.server.log.queue.element-limit = 1024 (custom)
2020-12-18 01:51:21,136 [pool-253-thread-1] INFO  server.RaftServerConfigKeys (ConfUtils.java:logGet(44)) - raft.server.log.segment.size.max = 1048576 (custom)
2020-12-18 01:51:21,136 [pool-253-thread-1] INFO  server.RaftServerConfigKeys (ConfUtils.java:logGet(44)) - raft.server.log.preallocated.size = 16384 (custom)
2020-12-18 01:51:21,136 [pool-253-thread-1] INFO  server.RaftServerConfigKeys (ConfUtils.java:logGet(44)) - raft.server.log.write.buffer.size = 1048576 (custom)
2020-12-18 01:51:21,136 [pool-253-thread-1] INFO  server.RaftServerConfigKeys (ConfUtils.java:logGet(44)) - raft.server.log.force.sync.num = 128 (default)
2020-12-18 01:51:21,136 [pool-253-thread-1] INFO  server.RaftServerConfigKeys (ConfUtils.java:logGet(44)) - raft.server.log.statemachine.data.sync = true (default)
2020-12-18 01:51:21,136 [pool-253-thread-1] INFO  server.RaftServerConfigKeys (ConfUtils.java:logGet(44)) - raft.server.log.statemachine.data.sync.timeout = 10s (default)
2020-12-18 01:51:21,136 [pool-253-thread-1] INFO  server.RaftServerConfigKeys (ConfUtils.java:logGet(44)) - raft.server.log.statemachine.data.sync.timeout.retry = -1 (default)
2020-12-18 01:51:21,137 [pool-253-thread-1] INFO  server.RaftServerConfigKeys (ConfUtils.java:logGet(44)) - raft.server.log.statemachine.data.caching.enabled = true (custom)
2020-12-18 01:51:21,138 [pool-253-thread-1] INFO  segmented.SegmentedRaftLogWorker (SegmentedRaftLogWorker.java:lambda$new$0(129)) - 0411c1e5-01dd-41ac-a234-123af2469892@group-2A352D3FAB4F-SegmentedRaftLogWorker: flushIndex: setUnconditionally 0 -> -1
2020-12-18 01:51:21,138 [pool-253-thread-1] INFO  segmented.SegmentedRaftLogWorker (SegmentedRaftLogWorker.java:lambda$new$0(129)) - 0411c1e5-01dd-41ac-a234-123af2469892@group-2A352D3FAB4F-SegmentedRaftLogWorker: safeCacheEvictIndex: setUnconditionally 0 -> -1
2020-12-18 01:51:21,138 [pool-253-thread-1] INFO  server.RaftServerConfigKeys (ConfUtils.java:logGet(44)) - raft.server.snapshot.auto.trigger.enabled = true (custom)
2020-12-18 01:51:21,138 [pool-253-thread-1] INFO  server.RaftServerConfigKeys (ConfUtils.java:logGet(44)) - raft.server.snapshot.auto.trigger.threshold = 10000 (custom)
2020-12-18 01:51:21,138 [pool-253-thread-1] INFO  server.RaftServerConfigKeys (ConfUtils.java:logGet(44)) - raft.server.snapshot.retention.file.num = 5 (custom)
2020-12-18 01:51:21,138 [pool-253-thread-1] INFO  server.RaftServerConfigKeys (ConfUtils.java:logGet(44)) - raft.server.log.purge.upto.snapshot.index = false (default)
2020-12-18 01:51:21,138 [pool-253-thread-1] INFO  server.RaftServerConfigKeys (ConfUtils.java:logGet(44)) - raft.server.retrycache.expirytime = 600000ms (custom)
2020-12-18 01:51:21,138 [pool-253-thread-1] INFO  metrics.RatisMetrics (RatisMetrics.java:lambda$create$0(36)) - Creating Metrics Registry : ratis.leader_election.0411c1e5-01dd-41ac-a234-123af2469892@group-2A352D3FAB4F
2020-12-18 01:51:21,139 [pool-253-thread-1] INFO  metrics.RatisMetrics (RatisMetrics.java:lambda$create$0(36)) - Creating Metrics Registry : ratis.server.0411c1e5-01dd-41ac-a234-123af2469892@group-2A352D3FAB4F
2020-12-18 01:51:21,139 [pool-253-thread-1] INFO  impl.RaftServerImpl (RaftServerImpl.java:start(215)) - 0411c1e5-01dd-41ac-a234-123af2469892@group-2A352D3FAB4F: start as a follower, conf=-1: [0411c1e5-01dd-41ac-a234-123af2469892|rpc:172.17.0.2:39213], old=null
2020-12-18 01:51:21,139 [pool-253-thread-1] INFO  impl.RaftServerImpl (RaftServerImpl.java:setRole(204)) - 0411c1e5-01dd-41ac-a234-123af2469892@group-2A352D3FAB4F: changes role from      null to FOLLOWER at term 0 for startAsFollower
2020-12-18 01:51:21,139 [pool-253-thread-1] INFO  impl.RoleInfo (RoleInfo.java:updateAndGet(143)) - 0411c1e5-01dd-41ac-a234-123af2469892: start 0411c1e5-01dd-41ac-a234-123af2469892@group-2A352D3FAB4F-FollowerState
2020-12-18 01:51:21,140 [pool-253-thread-1] INFO  util.JmxRegister (JmxRegister.java:tryRegister(44)) - Successfully registered JMX Bean with object name Ratis:service=RaftServer,group=group-2A352D3FAB4F,id=0411c1e5-01dd-41ac-a234-123af2469892
2020-12-18 01:51:21,140 [pool-253-thread-1] INFO  metrics.RatisMetrics (RatisMetrics.java:lambda$create$0(36)) - Creating Metrics Registry : ratis.state_machine.0411c1e5-01dd-41ac-a234-123af2469892@group-2A352D3FAB4F
2020-12-18 01:51:21,140 [Command processor thread] INFO  commandhandler.CreatePipelineCommandHandler (CreatePipelineCommandHandler.java:handle(106)) - Created Pipeline RATIS ONE PipelineID=725c8b97-cdf9-47d8-a168-2a352d3fab4f.
2020-12-18 01:51:21,324 [Command processor thread] INFO  impl.RaftServerProxy (RaftServerProxy.java:addNew(93)) - 5a6704fc-15bd-4230-8cbe-d21da4b813be: addNew group-FBCAFE0C4231:[5a6704fc-15bd-4230-8cbe-d21da4b813be|rpc:172.17.0.2:42589] returns group-FBCAFE0C4231:java.util.concurrent.CompletableFuture@58f1a76b[Not completed]
2020-12-18 01:51:21,325 [pool-269-thread-1] INFO  impl.RaftServerImpl (RaftServerImpl.java:<init>(121)) - 5a6704fc-15bd-4230-8cbe-d21da4b813be: new RaftServerImpl for group-FBCAFE0C4231:[5a6704fc-15bd-4230-8cbe-d21da4b813be|rpc:172.17.0.2:42589] with ContainerStateMachine:uninitialized
2020-12-18 01:51:21,325 [pool-269-thread-1] INFO  server.RaftServerConfigKeys (ConfUtils.java:logGet(44)) - raft.server.rpc.timeout.min = 5s (custom)
2020-12-18 01:51:21,325 [pool-269-thread-1] INFO  server.RaftServerConfigKeys (ConfUtils.java:logGet(44)) - raft.server.rpc.timeout.max = 5200ms (custom)
2020-12-18 01:51:21,325 [pool-269-thread-1] INFO  server.RaftServerConfigKeys (ConfUtils.java:logGet(44)) - raft.server.rpc.slowness.timeout = 300s (custom)
2020-12-18 01:51:21,325 [pool-269-thread-1] INFO  server.RaftServerConfigKeys (ConfUtils.java:logGet(44)) - raft.server.leaderelection.leader.step-down.wait-time = 10s (default)
2020-12-18 01:51:21,325 [pool-269-thread-1] INFO  server.RaftServerConfigKeys (ConfUtils.java:logGet(44)) - raft.server.sleep.deviation.threshold = 300 (default)
2020-12-18 01:51:21,325 [pool-269-thread-1] INFO  server.RaftServerConfigKeys (ConfUtils.java:logGet(44)) - raft.server.log.appender.install.snapshot.enabled = false (custom)
2020-12-18 01:51:21,325 [pool-269-thread-1] INFO  impl.RaftServerImpl (ServerState.java:<init>(104)) - 5a6704fc-15bd-4230-8cbe-d21da4b813be@group-FBCAFE0C4231: ConfigurationManager, init=-1: [5a6704fc-15bd-4230-8cbe-d21da4b813be|rpc:172.17.0.2:42589], old=null, confs=<EMPTY_MAP>
2020-12-18 01:51:21,325 [pool-269-thread-1] INFO  server.RaftServerConfigKeys (ConfUtils.java:logGet(44)) - raft.server.storage.dir = [/github/workspace/mnt/ozone/hadoop-ozone/integration-test/target/test-dir/MiniOzoneClusterImpl-4564f03c-bda0-461a-b884-74ed0c78bad0/datanode-2/data/ratis] (custom)
2020-12-18 01:51:21,325 [pool-269-thread-1] INFO  server.RaftServerConfigKeys (ConfUtils.java:logGet(44)) - raft.server.log.corruption.policy = EXCEPTION (default)
2020-12-18 01:51:21,326 [pool-269-thread-1] INFO  storage.RaftStorageDirectory (RaftStorageDirectory.java:analyzeStorage(261)) - The storage directory /github/workspace/mnt/ozone/hadoop-ozone/integration-test/target/test-dir/MiniOzoneClusterImpl-4564f03c-bda0-461a-b884-74ed0c78bad0/datanode-2/data/ratis/70a2e279-6926-480c-b182-fbcafe0c4231 does not exist. Creating ...
2020-12-18 01:51:21,327 [pool-269-thread-1] INFO  storage.RaftStorageDirectory (RaftStorageDirectory.java:tryLock(343)) - Lock on /github/workspace/mnt/ozone/hadoop-ozone/integration-test/target/test-dir/MiniOzoneClusterImpl-4564f03c-bda0-461a-b884-74ed0c78bad0/datanode-2/data/ratis/70a2e279-6926-480c-b182-fbcafe0c4231/in_use.lock acquired by nodename 9953@1fad9502c7b4
2020-12-18 01:51:21,328 [pool-269-thread-1] INFO  storage.RaftStorage (RaftStorage.java:format(85)) - Storage directory /github/workspace/mnt/ozone/hadoop-ozone/integration-test/target/test-dir/MiniOzoneClusterImpl-4564f03c-bda0-461a-b884-74ed0c78bad0/datanode-2/data/ratis/70a2e279-6926-480c-b182-fbcafe0c4231 has been successfully formatted.
2020-12-18 01:51:21,328 [pool-269-thread-1] INFO  ratis.ContainerStateMachine (ContainerStateMachine.java:loadSnapshot(225)) - group-FBCAFE0C4231: The snapshot info is null. Setting the last applied indexto:(t:0, i:~)
2020-12-18 01:51:21,328 [pool-269-thread-1] INFO  server.RaftServerConfigKeys (ConfUtils.java:logGet(44)) - raft.server.notification.no-leader.timeout = 300s (custom)
2020-12-18 01:51:21,328 [pool-269-thread-1] INFO  server.RaftServerConfigKeys (ConfUtils.java:logGet(44)) - raft.server.log.use.memory = false (default)
2020-12-18 01:51:21,328 [pool-269-thread-1] INFO  server.RaftServerConfigKeys (ConfUtils.java:logGet(44)) - raft.server.log.purge.gap = 1000000 (custom)
2020-12-18 01:51:21,328 [pool-269-thread-1] INFO  metrics.RatisMetrics (RatisMetrics.java:lambda$create$0(36)) - Creating Metrics Registry : ratis.log_worker.5a6704fc-15bd-4230-8cbe-d21da4b813be@group-FBCAFE0C4231
2020-12-18 01:51:21,328 [pool-269-thread-1] INFO  server.RaftServerConfigKeys (ConfUtils.java:logGet(44)) - raft.server.log.appender.buffer.byte-limit = 33554432 (custom)
2020-12-18 01:51:21,328 [pool-269-thread-1] INFO  server.RaftServerConfigKeys (ConfUtils.java:logGet(44)) - raft.server.log.segment.size.max = 1048576 (custom)
2020-12-18 01:51:21,329 [EventQueue-PipelineReportForPipelineReportHandler] INFO  pipeline.PipelineStateManager (PipelineStateManager.java:openPipeline(132)) - Pipeline Pipeline[ Id: 70a2e279-6926-480c-b182-fbcafe0c4231, Nodes: 5a6704fc-15bd-4230-8cbe-d21da4b813be{ip: 172.17.0.2, host: 1fad9502c7b4, networkLocation: /default-rack, certSerialId: null, persistedOpState: IN_SERVICE, persistedOpStateExpiryEpochSec: 0}, Type:RATIS, Factor:ONE, State:ALLOCATED, leaderId:5a6704fc-15bd-4230-8cbe-d21da4b813be, CreationTimestamp2020-12-18T01:51:18.326Z] moved to OPEN state
2020-12-18 01:51:21,329 [EventQueue-PipelineReportForOneReplicaPipelineSafeModeRule] INFO  safemode.SCMSafeModeManager (SCMSafeModeManager.java:validateSafeModeExitRules(214)) - AtleastOneDatanodeReportedRule rule is successfully validated
2020-12-18 01:51:21,329 [EventQueue-OpenPipelineForHealthyPipelineSafeModeRule] INFO  safemode.SCMSafeModeManager (HealthyPipelineSafeModeRule.java:process(128)) - SCM in safe mode. Healthy pipelines reported count is 0, required healthy pipeline reported count is 1
2020-12-18 01:51:21,331 [pool-269-thread-1] INFO  server.RaftServerConfigKeys (ConfUtils.java:logGet(44)) - raft.server.log.segment.cache.num.max = 2 (custom)
2020-12-18 01:51:21,331 [pool-269-thread-1] INFO  segmented.SegmentedRaftLogWorker (SegmentedRaftLogWorker.java:<init>(180)) - new 5a6704fc-15bd-4230-8cbe-d21da4b813be@group-FBCAFE0C4231-SegmentedRaftLogWorker for RaftStorage:Storage Directory /github/workspace/mnt/ozone/hadoop-ozone/integration-test/target/test-dir/MiniOzoneClusterImpl-4564f03c-bda0-461a-b884-74ed0c78bad0/datanode-2/data/ratis/70a2e279-6926-480c-b182-fbcafe0c4231
2020-12-18 01:51:21,331 [pool-269-thread-1] INFO  server.RaftServerConfigKeys (ConfUtils.java:logGet(44)) - raft.server.log.queue.byte-limit = 2147483647 (custom)
2020-12-18 01:51:21,332 [pool-269-thread-1] INFO  server.RaftServerConfigKeys (ConfUtils.java:logGet(44)) - raft.server.log.queue.element-limit = 1024 (custom)
2020-12-18 01:51:21,332 [pool-269-thread-1] INFO  server.RaftServerConfigKeys (ConfUtils.java:logGet(44)) - raft.server.log.segment.size.max = 1048576 (custom)
2020-12-18 01:51:21,332 [pool-269-thread-1] INFO  server.RaftServerConfigKeys (ConfUtils.java:logGet(44)) - raft.server.log.preallocated.size = 16384 (custom)
2020-12-18 01:51:21,332 [pool-269-thread-1] INFO  server.RaftServerConfigKeys (ConfUtils.java:logGet(44)) - raft.server.log.write.buffer.size = 1048576 (custom)
2020-12-18 01:51:21,332 [pool-269-thread-1] INFO  server.RaftServerConfigKeys (ConfUtils.java:logGet(44)) - raft.server.log.force.sync.num = 128 (default)
2020-12-18 01:51:21,332 [pool-269-thread-1] INFO  server.RaftServerConfigKeys (ConfUtils.java:logGet(44)) - raft.server.log.statemachine.data.sync = true (default)
2020-12-18 01:51:21,332 [pool-269-thread-1] INFO  server.RaftServerConfigKeys (ConfUtils.java:logGet(44)) - raft.server.log.statemachine.data.sync.timeout = 10s (default)
2020-12-18 01:51:21,332 [pool-269-thread-1] INFO  server.RaftServerConfigKeys (ConfUtils.java:logGet(44)) - raft.server.log.statemachine.data.sync.timeout.retry = -1 (default)
2020-12-18 01:51:21,333 [pool-269-thread-1] INFO  server.RaftServerConfigKeys (ConfUtils.java:logGet(44)) - raft.server.log.statemachine.data.caching.enabled = true (custom)
2020-12-18 01:51:21,334 [pool-269-thread-1] INFO  segmented.SegmentedRaftLogWorker (SegmentedRaftLogWorker.java:lambda$new$0(129)) - 5a6704fc-15bd-4230-8cbe-d21da4b813be@group-FBCAFE0C4231-SegmentedRaftLogWorker: flushIndex: setUnconditionally 0 -> -1
2020-12-18 01:51:21,334 [pool-269-thread-1] INFO  segmented.SegmentedRaftLogWorker (SegmentedRaftLogWorker.java:lambda$new$0(129)) - 5a6704fc-15bd-4230-8cbe-d21da4b813be@group-FBCAFE0C4231-SegmentedRaftLogWorker: safeCacheEvictIndex: setUnconditionally 0 -> -1
2020-12-18 01:51:21,334 [pool-269-thread-1] INFO  server.RaftServerConfigKeys (ConfUtils.java:logGet(44)) - raft.server.snapshot.auto.trigger.enabled = true (custom)
2020-12-18 01:51:21,334 [pool-269-thread-1] INFO  server.RaftServerConfigKeys (ConfUtils.java:logGet(44)) - raft.server.snapshot.auto.trigger.threshold = 10000 (custom)
2020-12-18 01:51:21,334 [pool-269-thread-1] INFO  server.RaftServerConfigKeys (ConfUtils.java:logGet(44)) - raft.server.snapshot.retention.file.num = 5 (custom)
2020-12-18 01:51:21,334 [pool-269-thread-1] INFO  server.RaftServerConfigKeys (ConfUtils.java:logGet(44)) - raft.server.log.purge.upto.snapshot.index = false (default)
2020-12-18 01:51:21,334 [pool-269-thread-1] INFO  server.RaftServerConfigKeys (ConfUtils.java:logGet(44)) - raft.server.retrycache.expirytime = 600000ms (custom)
2020-12-18 01:51:21,334 [pool-269-thread-1] INFO  metrics.RatisMetrics (RatisMetrics.java:lambda$create$0(36)) - Creating Metrics Registry : ratis.leader_election.5a6704fc-15bd-4230-8cbe-d21da4b813be@group-FBCAFE0C4231
2020-12-18 01:51:21,334 [pool-269-thread-1] INFO  metrics.RatisMetrics (RatisMetrics.java:lambda$create$0(36)) - Creating Metrics Registry : ratis.server.5a6704fc-15bd-4230-8cbe-d21da4b813be@group-FBCAFE0C4231
2020-12-18 01:51:21,335 [pool-269-thread-1] INFO  impl.RaftServerImpl (RaftServerImpl.java:start(215)) - 5a6704fc-15bd-4230-8cbe-d21da4b813be@group-FBCAFE0C4231: start as a follower, conf=-1: [5a6704fc-15bd-4230-8cbe-d21da4b813be|rpc:172.17.0.2:42589], old=null
2020-12-18 01:51:21,335 [pool-269-thread-1] INFO  impl.RaftServerImpl (RaftServerImpl.java:setRole(204)) - 5a6704fc-15bd-4230-8cbe-d21da4b813be@group-FBCAFE0C4231: changes role from      null to FOLLOWER at term 0 for startAsFollower
2020-12-18 01:51:21,335 [pool-269-thread-1] INFO  impl.RoleInfo (RoleInfo.java:updateAndGet(143)) - 5a6704fc-15bd-4230-8cbe-d21da4b813be: start 5a6704fc-15bd-4230-8cbe-d21da4b813be@group-FBCAFE0C4231-FollowerState
2020-12-18 01:51:21,336 [pool-269-thread-1] INFO  util.JmxRegister (JmxRegister.java:tryRegister(44)) - Successfully registered JMX Bean with object name Ratis:service=RaftServer,group=group-FBCAFE0C4231,id=5a6704fc-15bd-4230-8cbe-d21da4b813be
2020-12-18 01:51:21,336 [pool-269-thread-1] INFO  metrics.RatisMetrics (RatisMetrics.java:lambda$create$0(36)) - Creating Metrics Registry : ratis.state_machine.5a6704fc-15bd-4230-8cbe-d21da4b813be@group-FBCAFE0C4231
2020-12-18 01:51:21,337 [Command processor thread] INFO  commandhandler.CreatePipelineCommandHandler (CreatePipelineCommandHandler.java:handle(106)) - Created Pipeline RATIS ONE PipelineID=70a2e279-6926-480c-b182-fbcafe0c4231.
2020-12-18 01:51:21,509 [Command processor thread] INFO  impl.RaftServerProxy (RaftServerProxy.java:addNew(93)) - ebd34426-50bd-4b83-bb6a-fbb1ddb02546: addNew group-59712B5B9203:[ebd34426-50bd-4b83-bb6a-fbb1ddb02546|rpc:172.17.0.2:40781] returns group-59712B5B9203:java.util.concurrent.CompletableFuture@6324bea3[Not completed]
2020-12-18 01:51:21,510 [EventQueue-PipelineReportForOneReplicaPipelineSafeModeRule] INFO  safemode.SCMSafeModeManager (SCMSafeModeManager.java:validateSafeModeExitRules(214)) - AtleastOneDatanodeReportedRule rule is successfully validated
2020-12-18 01:51:21,511 [pool-285-thread-1] INFO  impl.RaftServerImpl (RaftServerImpl.java:<init>(121)) - ebd34426-50bd-4b83-bb6a-fbb1ddb02546: new RaftServerImpl for group-59712B5B9203:[ebd34426-50bd-4b83-bb6a-fbb1ddb02546|rpc:172.17.0.2:40781] with ContainerStateMachine:uninitialized
2020-12-18 01:51:21,512 [pool-285-thread-1] INFO  server.RaftServerConfigKeys (ConfUtils.java:logGet(44)) - raft.server.rpc.timeout.min = 5s (custom)
2020-12-18 01:51:21,512 [pool-285-thread-1] INFO  server.RaftServerConfigKeys (ConfUtils.java:logGet(44)) - raft.server.rpc.timeout.max = 5200ms (custom)
2020-12-18 01:51:21,512 [pool-285-thread-1] INFO  server.RaftServerConfigKeys (ConfUtils.java:logGet(44)) - raft.server.rpc.slowness.timeout = 300s (custom)
2020-12-18 01:51:21,512 [pool-285-thread-1] INFO  server.RaftServerConfigKeys (ConfUtils.java:logGet(44)) - raft.server.leaderelection.leader.step-down.wait-time = 10s (default)
2020-12-18 01:51:21,512 [pool-285-thread-1] INFO  server.RaftServerConfigKeys (ConfUtils.java:logGet(44)) - raft.server.sleep.deviation.threshold = 300 (default)
2020-12-18 01:51:21,512 [pool-285-thread-1] INFO  server.RaftServerConfigKeys (ConfUtils.java:logGet(44)) - raft.server.log.appender.install.snapshot.enabled = false (custom)
2020-12-18 01:51:21,513 [pool-285-thread-1] INFO  impl.RaftServerImpl (ServerState.java:<init>(104)) - ebd34426-50bd-4b83-bb6a-fbb1ddb02546@group-59712B5B9203: ConfigurationManager, init=-1: [ebd34426-50bd-4b83-bb6a-fbb1ddb02546|rpc:172.17.0.2:40781], old=null, confs=<EMPTY_MAP>
2020-12-18 01:51:21,513 [pool-285-thread-1] INFO  server.RaftServerConfigKeys (ConfUtils.java:logGet(44)) - raft.server.storage.dir = [/github/workspace/mnt/ozone/hadoop-ozone/integration-test/target/test-dir/MiniOzoneClusterImpl-4564f03c-bda0-461a-b884-74ed0c78bad0/datanode-3/data/ratis] (custom)
2020-12-18 01:51:21,513 [pool-285-thread-1] INFO  server.RaftServerConfigKeys (ConfUtils.java:logGet(44)) - raft.server.log.corruption.policy = EXCEPTION (default)
2020-12-18 01:51:21,513 [pool-285-thread-1] INFO  storage.RaftStorageDirectory (RaftStorageDirectory.java:analyzeStorage(261)) - The storage directory /github/workspace/mnt/ozone/hadoop-ozone/integration-test/target/test-dir/MiniOzoneClusterImpl-4564f03c-bda0-461a-b884-74ed0c78bad0/datanode-3/data/ratis/4bca456e-5f78-4f02-9a4c-59712b5b9203 does not exist. Creating ...
2020-12-18 01:51:21,514 [pool-285-thread-1] INFO  storage.RaftStorageDirectory (RaftStorageDirectory.java:tryLock(343)) - Lock on /github/workspace/mnt/ozone/hadoop-ozone/integration-test/target/test-dir/MiniOzoneClusterImpl-4564f03c-bda0-461a-b884-74ed0c78bad0/datanode-3/data/ratis/4bca456e-5f78-4f02-9a4c-59712b5b9203/in_use.lock acquired by nodename 9953@1fad9502c7b4
2020-12-18 01:51:21,515 [pool-285-thread-1] INFO  storage.RaftStorage (RaftStorage.java:format(85)) - Storage directory /github/workspace/mnt/ozone/hadoop-ozone/integration-test/target/test-dir/MiniOzoneClusterImpl-4564f03c-bda0-461a-b884-74ed0c78bad0/datanode-3/data/ratis/4bca456e-5f78-4f02-9a4c-59712b5b9203 has been successfully formatted.
2020-12-18 01:51:21,515 [pool-285-thread-1] INFO  ratis.ContainerStateMachine (ContainerStateMachine.java:loadSnapshot(225)) - group-59712B5B9203: The snapshot info is null. Setting the last applied indexto:(t:0, i:~)
2020-12-18 01:51:21,516 [pool-285-thread-1] INFO  server.RaftServerConfigKeys (ConfUtils.java:logGet(44)) - raft.server.notification.no-leader.timeout = 300s (custom)
2020-12-18 01:51:21,516 [pool-285-thread-1] INFO  server.RaftServerConfigKeys (ConfUtils.java:logGet(44)) - raft.server.log.use.memory = false (default)
2020-12-18 01:51:21,516 [pool-285-thread-1] INFO  server.RaftServerConfigKeys (ConfUtils.java:logGet(44)) - raft.server.log.purge.gap = 1000000 (custom)
2020-12-18 01:51:21,516 [pool-285-thread-1] INFO  metrics.RatisMetrics (RatisMetrics.java:lambda$create$0(36)) - Creating Metrics Registry : ratis.log_worker.ebd34426-50bd-4b83-bb6a-fbb1ddb02546@group-59712B5B9203
2020-12-18 01:51:21,516 [EventQueue-PipelineReportForOneReplicaPipelineSafeModeRule] INFO  safemode.SCMSafeModeManager (SCMSafeModeManager.java:validateSafeModeExitRules(214)) - AtleastOneDatanodeReportedRule rule is successfully validated
2020-12-18 01:51:21,516 [pool-285-thread-1] INFO  server.RaftServerConfigKeys (ConfUtils.java:logGet(44)) - raft.server.log.appender.buffer.byte-limit = 33554432 (custom)
2020-12-18 01:51:21,516 [pool-285-thread-1] INFO  server.RaftServerConfigKeys (ConfUtils.java:logGet(44)) - raft.server.log.segment.size.max = 1048576 (custom)
2020-12-18 01:51:21,516 [EventQueue-PipelineReportForPipelineReportHandler] INFO  pipeline.PipelineStateManager (PipelineStateManager.java:openPipeline(132)) - Pipeline Pipeline[ Id: 4bca456e-5f78-4f02-9a4c-59712b5b9203, Nodes: ebd34426-50bd-4b83-bb6a-fbb1ddb02546{ip: 172.17.0.2, host: 1fad9502c7b4, networkLocation: /default-rack, certSerialId: null, persistedOpState: IN_SERVICE, persistedOpStateExpiryEpochSec: 0}, Type:RATIS, Factor:ONE, State:ALLOCATED, leaderId:ebd34426-50bd-4b83-bb6a-fbb1ddb02546, CreationTimestamp2020-12-18T01:51:18.510Z] moved to OPEN state
2020-12-18 01:51:21,517 [pool-285-thread-1] INFO  server.RaftServerConfigKeys (ConfUtils.java:logGet(44)) - raft.server.log.segment.cache.num.max = 2 (custom)
2020-12-18 01:51:21,517 [EventQueue-OpenPipelineForHealthyPipelineSafeModeRule] INFO  safemode.SCMSafeModeManager (HealthyPipelineSafeModeRule.java:process(128)) - SCM in safe mode. Healthy pipelines reported count is 0, required healthy pipeline reported count is 1
2020-12-18 01:51:21,517 [pool-285-thread-1] INFO  segmented.SegmentedRaftLogWorker (SegmentedRaftLogWorker.java:<init>(180)) - new ebd34426-50bd-4b83-bb6a-fbb1ddb02546@group-59712B5B9203-SegmentedRaftLogWorker for RaftStorage:Storage Directory /github/workspace/mnt/ozone/hadoop-ozone/integration-test/target/test-dir/MiniOzoneClusterImpl-4564f03c-bda0-461a-b884-74ed0c78bad0/datanode-3/data/ratis/4bca456e-5f78-4f02-9a4c-59712b5b9203
2020-12-18 01:51:21,518 [pool-285-thread-1] INFO  server.RaftServerConfigKeys (ConfUtils.java:logGet(44)) - raft.server.log.queue.byte-limit = 2147483647 (custom)
2020-12-18 01:51:21,518 [pool-285-thread-1] INFO  server.RaftServerConfigKeys (ConfUtils.java:logGet(44)) - raft.server.log.queue.element-limit = 1024 (custom)
2020-12-18 01:51:21,518 [pool-285-thread-1] INFO  server.RaftServerConfigKeys (ConfUtils.java:logGet(44)) - raft.server.log.segment.size.max = 1048576 (custom)
2020-12-18 01:51:21,518 [pool-285-thread-1] INFO  server.RaftServerConfigKeys (ConfUtils.java:logGet(44)) - raft.server.log.preallocated.size = 16384 (custom)
2020-12-18 01:51:21,518 [pool-285-thread-1] INFO  server.RaftServerConfigKeys (ConfUtils.java:logGet(44)) - raft.server.log.write.buffer.size = 1048576 (custom)
2020-12-18 01:51:21,518 [pool-285-thread-1] INFO  server.RaftServerConfigKeys (ConfUtils.java:logGet(44)) - raft.server.log.force.sync.num = 128 (default)
2020-12-18 01:51:21,518 [pool-285-thread-1] INFO  server.RaftServerConfigKeys (ConfUtils.java:logGet(44)) - raft.server.log.statemachine.data.sync = true (default)
2020-12-18 01:51:21,518 [pool-285-thread-1] INFO  server.RaftServerConfigKeys (ConfUtils.java:logGet(44)) - raft.server.log.statemachine.data.sync.timeout = 10s (default)
2020-12-18 01:51:21,518 [pool-285-thread-1] INFO  server.RaftServerConfigKeys (ConfUtils.java:logGet(44)) - raft.server.log.statemachine.data.sync.timeout.retry = -1 (default)
2020-12-18 01:51:21,520 [pool-285-thread-1] INFO  server.RaftServerConfigKeys (ConfUtils.java:logGet(44)) - raft.server.log.statemachine.data.caching.enabled = true (custom)
2020-12-18 01:51:21,520 [pool-285-thread-1] INFO  segmented.SegmentedRaftLogWorker (SegmentedRaftLogWorker.java:lambda$new$0(129)) - ebd34426-50bd-4b83-bb6a-fbb1ddb02546@group-59712B5B9203-SegmentedRaftLogWorker: flushIndex: setUnconditionally 0 -> -1
2020-12-18 01:51:21,520 [pool-285-thread-1] INFO  segmented.SegmentedRaftLogWorker (SegmentedRaftLogWorker.java:lambda$new$0(129)) - ebd34426-50bd-4b83-bb6a-fbb1ddb02546@group-59712B5B9203-SegmentedRaftLogWorker: safeCacheEvictIndex: setUnconditionally 0 -> -1
2020-12-18 01:51:21,523 [pool-285-thread-1] INFO  server.RaftServerConfigKeys (ConfUtils.java:logGet(44)) - raft.server.snapshot.auto.trigger.enabled = true (custom)
2020-12-18 01:51:21,523 [pool-285-thread-1] INFO  server.RaftServerConfigKeys (ConfUtils.java:logGet(44)) - raft.server.snapshot.auto.trigger.threshold = 10000 (custom)
2020-12-18 01:51:21,523 [pool-285-thread-1] INFO  server.RaftServerConfigKeys (ConfUtils.java:logGet(44)) - raft.server.snapshot.retention.file.num = 5 (custom)
2020-12-18 01:51:21,523 [pool-285-thread-1] INFO  server.RaftServerConfigKeys (ConfUtils.java:logGet(44)) - raft.server.log.purge.upto.snapshot.index = false (default)
2020-12-18 01:51:21,528 [pool-285-thread-1] INFO  server.RaftServerConfigKeys (ConfUtils.java:logGet(44)) - raft.server.retrycache.expirytime = 600000ms (custom)
2020-12-18 01:51:21,528 [pool-285-thread-1] INFO  metrics.RatisMetrics (RatisMetrics.java:lambda$create$0(36)) - Creating Metrics Registry : ratis.leader_election.ebd34426-50bd-4b83-bb6a-fbb1ddb02546@group-59712B5B9203
2020-12-18 01:51:21,528 [pool-285-thread-1] INFO  metrics.RatisMetrics (RatisMetrics.java:lambda$create$0(36)) - Creating Metrics Registry : ratis.server.ebd34426-50bd-4b83-bb6a-fbb1ddb02546@group-59712B5B9203
2020-12-18 01:51:21,529 [pool-285-thread-1] INFO  impl.RaftServerImpl (RaftServerImpl.java:start(215)) - ebd34426-50bd-4b83-bb6a-fbb1ddb02546@group-59712B5B9203: start as a follower, conf=-1: [ebd34426-50bd-4b83-bb6a-fbb1ddb02546|rpc:172.17.0.2:40781], old=null
2020-12-18 01:51:21,529 [pool-285-thread-1] INFO  impl.RaftServerImpl (RaftServerImpl.java:setRole(204)) - ebd34426-50bd-4b83-bb6a-fbb1ddb02546@group-59712B5B9203: changes role from      null to FOLLOWER at term 0 for startAsFollower
2020-12-18 01:51:21,529 [pool-285-thread-1] INFO  impl.RoleInfo (RoleInfo.java:updateAndGet(143)) - ebd34426-50bd-4b83-bb6a-fbb1ddb02546: start ebd34426-50bd-4b83-bb6a-fbb1ddb02546@group-59712B5B9203-FollowerState
2020-12-18 01:51:21,530 [pool-285-thread-1] INFO  util.JmxRegister (JmxRegister.java:tryRegister(44)) - Successfully registered JMX Bean with object name Ratis:service=RaftServer,group=group-59712B5B9203,id=ebd34426-50bd-4b83-bb6a-fbb1ddb02546
2020-12-18 01:51:21,530 [pool-285-thread-1] INFO  metrics.RatisMetrics (RatisMetrics.java:lambda$create$0(36)) - Creating Metrics Registry : ratis.state_machine.ebd34426-50bd-4b83-bb6a-fbb1ddb02546@group-59712B5B9203
2020-12-18 01:51:21,530 [Command processor thread] INFO  commandhandler.CreatePipelineCommandHandler (CreatePipelineCommandHandler.java:handle(106)) - Created Pipeline RATIS ONE PipelineID=4bca456e-5f78-4f02-9a4c-59712b5b9203.
2020-12-18 01:51:21,531 [Command processor thread] INFO  impl.RaftServerProxy (RaftServerProxy.java:addNew(93)) - ebd34426-50bd-4b83-bb6a-fbb1ddb02546: addNew group-088B413A0819:[30321cca-a230-403c-ae60-27735093aac3|rpc:172.17.0.2:39317, 3269f5d2-042c-40e4-98fc-53bb9834c825|rpc:172.17.0.2:44561, ebd34426-50bd-4b83-bb6a-fbb1ddb02546|rpc:172.17.0.2:40781] returns group-088B413A0819:java.util.concurrent.CompletableFuture@671b261f[Not completed]
2020-12-18 01:51:21,532 [pool-285-thread-1] INFO  impl.RaftServerImpl (RaftServerImpl.java:<init>(121)) - ebd34426-50bd-4b83-bb6a-fbb1ddb02546: new RaftServerImpl for group-088B413A0819:[30321cca-a230-403c-ae60-27735093aac3|rpc:172.17.0.2:39317, 3269f5d2-042c-40e4-98fc-53bb9834c825|rpc:172.17.0.2:44561, ebd34426-50bd-4b83-bb6a-fbb1ddb02546|rpc:172.17.0.2:40781] with ContainerStateMachine:uninitialized
2020-12-18 01:51:21,532 [pool-285-thread-1] INFO  server.RaftServerConfigKeys (ConfUtils.java:logGet(44)) - raft.server.rpc.timeout.min = 5s (custom)
2020-12-18 01:51:21,532 [pool-285-thread-1] INFO  server.RaftServerConfigKeys (ConfUtils.java:logGet(44)) - raft.server.rpc.timeout.max = 5200ms (custom)
2020-12-18 01:51:21,532 [pool-285-thread-1] INFO  server.RaftServerConfigKeys (ConfUtils.java:logGet(44)) - raft.server.rpc.slowness.timeout = 300s (custom)
2020-12-18 01:51:21,532 [pool-285-thread-1] INFO  server.RaftServerConfigKeys (ConfUtils.java:logGet(44)) - raft.server.leaderelection.leader.step-down.wait-time = 10s (default)
2020-12-18 01:51:21,532 [pool-285-thread-1] INFO  server.RaftServerConfigKeys (ConfUtils.java:logGet(44)) - raft.server.sleep.deviation.threshold = 300 (default)
2020-12-18 01:51:21,532 [pool-285-thread-1] INFO  server.RaftServerConfigKeys (ConfUtils.java:logGet(44)) - raft.server.log.appender.install.snapshot.enabled = false (custom)
2020-12-18 01:51:21,532 [pool-285-thread-1] INFO  impl.RaftServerImpl (ServerState.java:<init>(104)) - ebd34426-50bd-4b83-bb6a-fbb1ddb02546@group-088B413A0819: ConfigurationManager, init=-1: [30321cca-a230-403c-ae60-27735093aac3|rpc:172.17.0.2:39317, 3269f5d2-042c-40e4-98fc-53bb9834c825|rpc:172.17.0.2:44561, ebd34426-50bd-4b83-bb6a-fbb1ddb02546|rpc:172.17.0.2:40781], old=null, confs=<EMPTY_MAP>
2020-12-18 01:51:21,532 [pool-285-thread-1] INFO  server.RaftServerConfigKeys (ConfUtils.java:logGet(44)) - raft.server.storage.dir = [/github/workspace/mnt/ozone/hadoop-ozone/integration-test/target/test-dir/MiniOzoneClusterImpl-4564f03c-bda0-461a-b884-74ed0c78bad0/datanode-3/data/ratis] (custom)
2020-12-18 01:51:21,532 [pool-285-thread-1] INFO  server.RaftServerConfigKeys (ConfUtils.java:logGet(44)) - raft.server.log.corruption.policy = EXCEPTION (default)
2020-12-18 01:51:21,532 [pool-285-thread-1] INFO  storage.RaftStorageDirectory (RaftStorageDirectory.java:analyzeStorage(261)) - The storage directory /github/workspace/mnt/ozone/hadoop-ozone/integration-test/target/test-dir/MiniOzoneClusterImpl-4564f03c-bda0-461a-b884-74ed0c78bad0/datanode-3/data/ratis/6eadbec1-4054-4a55-8ca7-088b413a0819 does not exist. Creating ...
2020-12-18 01:51:21,533 [pool-285-thread-1] INFO  storage.RaftStorageDirectory (RaftStorageDirectory.java:tryLock(343)) - Lock on /github/workspace/mnt/ozone/hadoop-ozone/integration-test/target/test-dir/MiniOzoneClusterImpl-4564f03c-bda0-461a-b884-74ed0c78bad0/datanode-3/data/ratis/6eadbec1-4054-4a55-8ca7-088b413a0819/in_use.lock acquired by nodename 9953@1fad9502c7b4
2020-12-18 01:51:21,534 [pool-285-thread-1] INFO  storage.RaftStorage (RaftStorage.java:format(85)) - Storage directory /github/workspace/mnt/ozone/hadoop-ozone/integration-test/target/test-dir/MiniOzoneClusterImpl-4564f03c-bda0-461a-b884-74ed0c78bad0/datanode-3/data/ratis/6eadbec1-4054-4a55-8ca7-088b413a0819 has been successfully formatted.
2020-12-18 01:51:21,534 [pool-285-thread-1] INFO  ratis.ContainerStateMachine (ContainerStateMachine.java:loadSnapshot(225)) - group-088B413A0819: The snapshot info is null. Setting the last applied indexto:(t:0, i:~)
2020-12-18 01:51:21,534 [pool-285-thread-1] INFO  server.RaftServerConfigKeys (ConfUtils.java:logGet(44)) - raft.server.notification.no-leader.timeout = 300s (custom)
2020-12-18 01:51:21,535 [EventQueue-PipelineReportForOneReplicaPipelineSafeModeRule] INFO  safemode.SCMSafeModeManager (SCMSafeModeManager.java:validateSafeModeExitRules(214)) - AtleastOneDatanodeReportedRule rule is successfully validated
2020-12-18 01:51:21,535 [EventQueue-OpenPipelineForHealthyPipelineSafeModeRule] INFO  safemode.SCMSafeModeManager (HealthyPipelineSafeModeRule.java:process(128)) - SCM in safe mode. Healthy pipelines reported count is 0, required healthy pipeline reported count is 1
2020-12-18 01:51:21,536 [pool-285-thread-1] INFO  server.RaftServerConfigKeys (ConfUtils.java:logGet(44)) - raft.server.log.use.memory = false (default)
2020-12-18 01:51:21,536 [pool-285-thread-1] INFO  server.RaftServerConfigKeys (ConfUtils.java:logGet(44)) - raft.server.log.purge.gap = 1000000 (custom)
2020-12-18 01:51:21,536 [pool-285-thread-1] INFO  metrics.RatisMetrics (RatisMetrics.java:lambda$create$0(36)) - Creating Metrics Registry : ratis.log_worker.ebd34426-50bd-4b83-bb6a-fbb1ddb02546@group-088B413A0819
2020-12-18 01:51:21,537 [pool-285-thread-1] INFO  server.RaftServerConfigKeys (ConfUtils.java:logGet(44)) - raft.server.log.appender.buffer.byte-limit = 33554432 (custom)
2020-12-18 01:51:21,537 [pool-285-thread-1] INFO  server.RaftServerConfigKeys (ConfUtils.java:logGet(44)) - raft.server.log.segment.size.max = 1048576 (custom)
2020-12-18 01:51:21,537 [pool-285-thread-1] INFO  server.RaftServerConfigKeys (ConfUtils.java:logGet(44)) - raft.server.log.segment.cache.num.max = 2 (custom)
2020-12-18 01:51:21,537 [pool-285-thread-1] INFO  segmented.SegmentedRaftLogWorker (SegmentedRaftLogWorker.java:<init>(180)) - new ebd34426-50bd-4b83-bb6a-fbb1ddb02546@group-088B413A0819-SegmentedRaftLogWorker for RaftStorage:Storage Directory /github/workspace/mnt/ozone/hadoop-ozone/integration-test/target/test-dir/MiniOzoneClusterImpl-4564f03c-bda0-461a-b884-74ed0c78bad0/datanode-3/data/ratis/6eadbec1-4054-4a55-8ca7-088b413a0819
2020-12-18 01:51:21,537 [pool-285-thread-1] INFO  server.RaftServerConfigKeys (ConfUtils.java:logGet(44)) - raft.server.log.queue.byte-limit = 2147483647 (custom)
2020-12-18 01:51:21,537 [pool-285-thread-1] INFO  server.RaftServerConfigKeys (ConfUtils.java:logGet(44)) - raft.server.log.queue.element-limit = 1024 (custom)
2020-12-18 01:51:21,537 [pool-285-thread-1] INFO  server.RaftServerConfigKeys (ConfUtils.java:logGet(44)) - raft.server.log.segment.size.max = 1048576 (custom)
2020-12-18 01:51:21,537 [pool-285-thread-1] INFO  server.RaftServerConfigKeys (ConfUtils.java:logGet(44)) - raft.server.log.preallocated.size = 16384 (custom)
2020-12-18 01:51:21,537 [pool-285-thread-1] INFO  server.RaftServerConfigKeys (ConfUtils.java:logGet(44)) - raft.server.log.write.buffer.size = 1048576 (custom)
2020-12-18 01:51:21,537 [pool-285-thread-1] INFO  server.RaftServerConfigKeys (ConfUtils.java:logGet(44)) - raft.server.log.force.sync.num = 128 (default)
2020-12-18 01:51:21,537 [pool-285-thread-1] INFO  server.RaftServerConfigKeys (ConfUtils.java:logGet(44)) - raft.server.log.statemachine.data.sync = true (default)
2020-12-18 01:51:21,538 [pool-285-thread-1] INFO  server.RaftServerConfigKeys (ConfUtils.java:logGet(44)) - raft.server.log.statemachine.data.sync.timeout = 10s (default)
2020-12-18 01:51:21,538 [pool-285-thread-1] INFO  server.RaftServerConfigKeys (ConfUtils.java:logGet(44)) - raft.server.log.statemachine.data.sync.timeout.retry = -1 (default)
2020-12-18 01:51:21,539 [pool-285-thread-1] INFO  server.RaftServerConfigKeys (ConfUtils.java:logGet(44)) - raft.server.log.statemachine.data.caching.enabled = true (custom)
2020-12-18 01:51:21,540 [pool-285-thread-1] INFO  segmented.SegmentedRaftLogWorker (SegmentedRaftLogWorker.java:lambda$new$0(129)) - ebd34426-50bd-4b83-bb6a-fbb1ddb02546@group-088B413A0819-SegmentedRaftLogWorker: flushIndex: setUnconditionally 0 -> -1
2020-12-18 01:51:21,540 [pool-285-thread-1] INFO  segmented.SegmentedRaftLogWorker (SegmentedRaftLogWorker.java:lambda$new$0(129)) - ebd34426-50bd-4b83-bb6a-fbb1ddb02546@group-088B413A0819-SegmentedRaftLogWorker: safeCacheEvictIndex: setUnconditionally 0 -> -1
2020-12-18 01:51:21,544 [pool-285-thread-1] INFO  server.RaftServerConfigKeys (ConfUtils.java:logGet(44)) - raft.server.snapshot.auto.trigger.enabled = true (custom)
2020-12-18 01:51:21,544 [pool-285-thread-1] INFO  server.RaftServerConfigKeys (ConfUtils.java:logGet(44)) - raft.server.snapshot.auto.trigger.threshold = 10000 (custom)
2020-12-18 01:51:21,544 [pool-285-thread-1] INFO  server.RaftServerConfigKeys (ConfUtils.java:logGet(44)) - raft.server.snapshot.retention.file.num = 5 (custom)
2020-12-18 01:51:21,544 [pool-285-thread-1] INFO  server.RaftServerConfigKeys (ConfUtils.java:logGet(44)) - raft.server.log.purge.upto.snapshot.index = false (default)
2020-12-18 01:51:21,544 [pool-285-thread-1] INFO  server.RaftServerConfigKeys (ConfUtils.java:logGet(44)) - raft.server.retrycache.expirytime = 600000ms (custom)
2020-12-18 01:51:21,544 [pool-285-thread-1] INFO  metrics.RatisMetrics (RatisMetrics.java:lambda$create$0(36)) - Creating Metrics Registry : ratis.leader_election.ebd34426-50bd-4b83-bb6a-fbb1ddb02546@group-088B413A0819
2020-12-18 01:51:21,544 [pool-285-thread-1] INFO  metrics.RatisMetrics (RatisMetrics.java:lambda$create$0(36)) - Creating Metrics Registry : ratis.server.ebd34426-50bd-4b83-bb6a-fbb1ddb02546@group-088B413A0819
2020-12-18 01:51:21,545 [pool-285-thread-1] INFO  impl.RaftServerImpl (RaftServerImpl.java:start(215)) - ebd34426-50bd-4b83-bb6a-fbb1ddb02546@group-088B413A0819: start as a follower, conf=-1: [30321cca-a230-403c-ae60-27735093aac3|rpc:172.17.0.2:39317, 3269f5d2-042c-40e4-98fc-53bb9834c825|rpc:172.17.0.2:44561, ebd34426-50bd-4b83-bb6a-fbb1ddb02546|rpc:172.17.0.2:40781], old=null
2020-12-18 01:51:21,545 [pool-285-thread-1] INFO  impl.RaftServerImpl (RaftServerImpl.java:setRole(204)) - ebd34426-50bd-4b83-bb6a-fbb1ddb02546@group-088B413A0819: changes role from      null to FOLLOWER at term 0 for startAsFollower
2020-12-18 01:51:21,545 [pool-285-thread-1] INFO  impl.RoleInfo (RoleInfo.java:updateAndGet(143)) - ebd34426-50bd-4b83-bb6a-fbb1ddb02546: start ebd34426-50bd-4b83-bb6a-fbb1ddb02546@group-088B413A0819-FollowerState
2020-12-18 01:51:21,545 [pool-285-thread-1] INFO  util.JmxRegister (JmxRegister.java:tryRegister(44)) - Successfully registered JMX Bean with object name Ratis:service=RaftServer,group=group-088B413A0819,id=ebd34426-50bd-4b83-bb6a-fbb1ddb02546
2020-12-18 01:51:21,545 [pool-285-thread-1] INFO  metrics.RatisMetrics (RatisMetrics.java:lambda$create$0(36)) - Creating Metrics Registry : ratis.state_machine.ebd34426-50bd-4b83-bb6a-fbb1ddb02546@group-088B413A0819
2020-12-18 01:51:21,547 [Command processor thread] INFO  metrics.RatisMetrics (RatisMetrics.java:lambda$create$0(36)) - Creating Metrics Registry : ratis.client_message_metrics.client-2AE7A7BC7774->3269f5d2-042c-40e4-98fc-53bb9834c825
2020-12-18 01:51:21,562 [grpc-default-executor-0] INFO  metrics.RatisMetrics (RatisMetrics.java:lambda$create$0(36)) - Creating Metrics Registry : ratis.server_message_metrics.3269f5d2-042c-40e4-98fc-53bb9834c825
2020-12-18 01:51:21,564 [grpc-default-executor-0] INFO  impl.RaftServerProxy (RaftServerProxy.java:addNew(93)) - 3269f5d2-042c-40e4-98fc-53bb9834c825: addNew group-088B413A0819:[30321cca-a230-403c-ae60-27735093aac3|rpc:172.17.0.2:39317|dataStream:, 3269f5d2-042c-40e4-98fc-53bb9834c825|rpc:172.17.0.2:44561|dataStream:, ebd34426-50bd-4b83-bb6a-fbb1ddb02546|rpc:172.17.0.2:40781|dataStream:] returns group-088B413A0819:java.util.concurrent.CompletableFuture@223b015d[Not completed]
2020-12-18 01:51:21,565 [pool-317-thread-1] INFO  impl.RaftServerImpl (RaftServerImpl.java:<init>(121)) - 3269f5d2-042c-40e4-98fc-53bb9834c825: new RaftServerImpl for group-088B413A0819:[30321cca-a230-403c-ae60-27735093aac3|rpc:172.17.0.2:39317|dataStream:, 3269f5d2-042c-40e4-98fc-53bb9834c825|rpc:172.17.0.2:44561|dataStream:, ebd34426-50bd-4b83-bb6a-fbb1ddb02546|rpc:172.17.0.2:40781|dataStream:] with ContainerStateMachine:uninitialized
2020-12-18 01:51:21,565 [pool-317-thread-1] INFO  server.RaftServerConfigKeys (ConfUtils.java:logGet(44)) - raft.server.rpc.timeout.min = 5s (custom)
2020-12-18 01:51:21,565 [pool-317-thread-1] INFO  server.RaftServerConfigKeys (ConfUtils.java:logGet(44)) - raft.server.rpc.timeout.max = 5200ms (custom)
2020-12-18 01:51:21,565 [pool-317-thread-1] INFO  server.RaftServerConfigKeys (ConfUtils.java:logGet(44)) - raft.server.rpc.slowness.timeout = 300s (custom)
2020-12-18 01:51:21,565 [pool-317-thread-1] INFO  server.RaftServerConfigKeys (ConfUtils.java:logGet(44)) - raft.server.leaderelection.leader.step-down.wait-time = 10s (default)
2020-12-18 01:51:21,565 [pool-317-thread-1] INFO  server.RaftServerConfigKeys (ConfUtils.java:logGet(44)) - raft.server.sleep.deviation.threshold = 300 (default)
2020-12-18 01:51:21,565 [pool-317-thread-1] INFO  server.RaftServerConfigKeys (ConfUtils.java:logGet(44)) - raft.server.log.appender.install.snapshot.enabled = false (custom)
2020-12-18 01:51:21,565 [pool-317-thread-1] INFO  impl.RaftServerImpl (ServerState.java:<init>(104)) - 3269f5d2-042c-40e4-98fc-53bb9834c825@group-088B413A0819: ConfigurationManager, init=-1: [30321cca-a230-403c-ae60-27735093aac3|rpc:172.17.0.2:39317|dataStream:, 3269f5d2-042c-40e4-98fc-53bb9834c825|rpc:172.17.0.2:44561|dataStream:, ebd34426-50bd-4b83-bb6a-fbb1ddb02546|rpc:172.17.0.2:40781|dataStream:], old=null, confs=<EMPTY_MAP>
2020-12-18 01:51:21,565 [pool-317-thread-1] INFO  server.RaftServerConfigKeys (ConfUtils.java:logGet(44)) - raft.server.storage.dir = [/github/workspace/mnt/ozone/hadoop-ozone/integration-test/target/test-dir/MiniOzoneClusterImpl-4564f03c-bda0-461a-b884-74ed0c78bad0/datanode-5/data/ratis] (custom)
2020-12-18 01:51:21,566 [pool-317-thread-1] INFO  server.RaftServerConfigKeys (ConfUtils.java:logGet(44)) - raft.server.log.corruption.policy = EXCEPTION (default)
2020-12-18 01:51:21,566 [pool-317-thread-1] INFO  storage.RaftStorageDirectory (RaftStorageDirectory.java:analyzeStorage(261)) - The storage directory /github/workspace/mnt/ozone/hadoop-ozone/integration-test/target/test-dir/MiniOzoneClusterImpl-4564f03c-bda0-461a-b884-74ed0c78bad0/datanode-5/data/ratis/6eadbec1-4054-4a55-8ca7-088b413a0819 does not exist. Creating ...
2020-12-18 01:51:21,567 [pool-317-thread-1] INFO  storage.RaftStorageDirectory (RaftStorageDirectory.java:tryLock(343)) - Lock on /github/workspace/mnt/ozone/hadoop-ozone/integration-test/target/test-dir/MiniOzoneClusterImpl-4564f03c-bda0-461a-b884-74ed0c78bad0/datanode-5/data/ratis/6eadbec1-4054-4a55-8ca7-088b413a0819/in_use.lock acquired by nodename 9953@1fad9502c7b4
2020-12-18 01:51:21,567 [pool-317-thread-1] INFO  storage.RaftStorage (RaftStorage.java:format(85)) - Storage directory /github/workspace/mnt/ozone/hadoop-ozone/integration-test/target/test-dir/MiniOzoneClusterImpl-4564f03c-bda0-461a-b884-74ed0c78bad0/datanode-5/data/ratis/6eadbec1-4054-4a55-8ca7-088b413a0819 has been successfully formatted.
2020-12-18 01:51:21,568 [pool-317-thread-1] INFO  ratis.ContainerStateMachine (ContainerStateMachine.java:loadSnapshot(225)) - group-088B413A0819: The snapshot info is null. Setting the last applied indexto:(t:0, i:~)
2020-12-18 01:51:21,568 [pool-317-thread-1] INFO  server.RaftServerConfigKeys (ConfUtils.java:logGet(44)) - raft.server.notification.no-leader.timeout = 300s (custom)
2020-12-18 01:51:21,568 [pool-317-thread-1] INFO  server.RaftServerConfigKeys (ConfUtils.java:logGet(44)) - raft.server.log.use.memory = false (default)
2020-12-18 01:51:21,568 [pool-317-thread-1] INFO  server.RaftServerConfigKeys (ConfUtils.java:logGet(44)) - raft.server.log.purge.gap = 1000000 (custom)
2020-12-18 01:51:21,568 [pool-317-thread-1] INFO  metrics.RatisMetrics (RatisMetrics.java:lambda$create$0(36)) - Creating Metrics Registry : ratis.log_worker.3269f5d2-042c-40e4-98fc-53bb9834c825@group-088B413A0819
2020-12-18 01:51:21,568 [pool-317-thread-1] INFO  server.RaftServerConfigKeys (ConfUtils.java:logGet(44)) - raft.server.log.appender.buffer.byte-limit = 33554432 (custom)
2020-12-18 01:51:21,568 [pool-317-thread-1] INFO  server.RaftServerConfigKeys (ConfUtils.java:logGet(44)) - raft.server.log.segment.size.max = 1048576 (custom)
2020-12-18 01:51:21,568 [pool-317-thread-1] INFO  server.RaftServerConfigKeys (ConfUtils.java:logGet(44)) - raft.server.log.segment.cache.num.max = 2 (custom)
2020-12-18 01:51:21,568 [pool-317-thread-1] INFO  segmented.SegmentedRaftLogWorker (SegmentedRaftLogWorker.java:<init>(180)) - new 3269f5d2-042c-40e4-98fc-53bb9834c825@group-088B413A0819-SegmentedRaftLogWorker for RaftStorage:Storage Directory /github/workspace/mnt/ozone/hadoop-ozone/integration-test/target/test-dir/MiniOzoneClusterImpl-4564f03c-bda0-461a-b884-74ed0c78bad0/datanode-5/data/ratis/6eadbec1-4054-4a55-8ca7-088b413a0819
2020-12-18 01:51:21,568 [pool-317-thread-1] INFO  server.RaftServerConfigKeys (ConfUtils.java:logGet(44)) - raft.server.log.queue.byte-limit = 2147483647 (custom)
2020-12-18 01:51:21,569 [pool-317-thread-1] INFO  server.RaftServerConfigKeys (ConfUtils.java:logGet(44)) - raft.server.log.queue.element-limit = 1024 (custom)
2020-12-18 01:51:21,569 [pool-317-thread-1] INFO  server.RaftServerConfigKeys (ConfUtils.java:logGet(44)) - raft.server.log.segment.size.max = 1048576 (custom)
2020-12-18 01:51:21,569 [pool-317-thread-1] INFO  server.RaftServerConfigKeys (ConfUtils.java:logGet(44)) - raft.server.log.preallocated.size = 16384 (custom)
2020-12-18 01:51:21,569 [pool-317-thread-1] INFO  server.RaftServerConfigKeys (ConfUtils.java:logGet(44)) - raft.server.log.write.buffer.size = 1048576 (custom)
2020-12-18 01:51:21,569 [pool-317-thread-1] INFO  server.RaftServerConfigKeys (ConfUtils.java:logGet(44)) - raft.server.log.force.sync.num = 128 (default)
2020-12-18 01:51:21,569 [pool-317-thread-1] INFO  server.RaftServerConfigKeys (ConfUtils.java:logGet(44)) - raft.server.log.statemachine.data.sync = true (default)
2020-12-18 01:51:21,569 [pool-317-thread-1] INFO  server.RaftServerConfigKeys (ConfUtils.java:logGet(44)) - raft.server.log.statemachine.data.sync.timeout = 10s (default)
2020-12-18 01:51:21,569 [EventQueue-PipelineReportForOneReplicaPipelineSafeModeRule] INFO  safemode.SCMSafeModeManager (SCMSafeModeManager.java:validateSafeModeExitRules(214)) - AtleastOneDatanodeReportedRule rule is successfully validated
2020-12-18 01:51:21,569 [pool-317-thread-1] INFO  server.RaftServerConfigKeys (ConfUtils.java:logGet(44)) - raft.server.log.statemachine.data.sync.timeout.retry = -1 (default)
2020-12-18 01:51:21,571 [pool-317-thread-1] INFO  server.RaftServerConfigKeys (ConfUtils.java:logGet(44)) - raft.server.log.statemachine.data.caching.enabled = true (custom)
2020-12-18 01:51:21,571 [pool-317-thread-1] INFO  segmented.SegmentedRaftLogWorker (SegmentedRaftLogWorker.java:lambda$new$0(129)) - 3269f5d2-042c-40e4-98fc-53bb9834c825@group-088B413A0819-SegmentedRaftLogWorker: flushIndex: setUnconditionally 0 -> -1
2020-12-18 01:51:21,571 [pool-317-thread-1] INFO  segmented.SegmentedRaftLogWorker (SegmentedRaftLogWorker.java:lambda$new$0(129)) - 3269f5d2-042c-40e4-98fc-53bb9834c825@group-088B413A0819-SegmentedRaftLogWorker: safeCacheEvictIndex: setUnconditionally 0 -> -1
2020-12-18 01:51:21,571 [pool-317-thread-1] INFO  server.RaftServerConfigKeys (ConfUtils.java:logGet(44)) - raft.server.snapshot.auto.trigger.enabled = true (custom)
2020-12-18 01:51:21,571 [pool-317-thread-1] INFO  server.RaftServerConfigKeys (ConfUtils.java:logGet(44)) - raft.server.snapshot.auto.trigger.threshold = 10000 (custom)
2020-12-18 01:51:21,571 [pool-317-thread-1] INFO  server.RaftServerConfigKeys (ConfUtils.java:logGet(44)) - raft.server.snapshot.retention.file.num = 5 (custom)
2020-12-18 01:51:21,571 [pool-317-thread-1] INFO  server.RaftServerConfigKeys (ConfUtils.java:logGet(44)) - raft.server.log.purge.upto.snapshot.index = false (default)
2020-12-18 01:51:21,571 [pool-317-thread-1] INFO  server.RaftServerConfigKeys (ConfUtils.java:logGet(44)) - raft.server.retrycache.expirytime = 600000ms (custom)
2020-12-18 01:51:21,571 [pool-317-thread-1] INFO  metrics.RatisMetrics (RatisMetrics.java:lambda$create$0(36)) - Creating Metrics Registry : ratis.leader_election.3269f5d2-042c-40e4-98fc-53bb9834c825@group-088B413A0819
2020-12-18 01:51:21,572 [pool-317-thread-1] INFO  metrics.RatisMetrics (RatisMetrics.java:lambda$create$0(36)) - Creating Metrics Registry : ratis.server.3269f5d2-042c-40e4-98fc-53bb9834c825@group-088B413A0819
2020-12-18 01:51:21,572 [pool-317-thread-1] INFO  impl.RaftServerImpl (RaftServerImpl.java:start(215)) - 3269f5d2-042c-40e4-98fc-53bb9834c825@group-088B413A0819: start as a follower, conf=-1: [30321cca-a230-403c-ae60-27735093aac3|rpc:172.17.0.2:39317|dataStream:, 3269f5d2-042c-40e4-98fc-53bb9834c825|rpc:172.17.0.2:44561|dataStream:, ebd34426-50bd-4b83-bb6a-fbb1ddb02546|rpc:172.17.0.2:40781|dataStream:], old=null
2020-12-18 01:51:21,573 [pool-317-thread-1] INFO  impl.RaftServerImpl (RaftServerImpl.java:setRole(204)) - 3269f5d2-042c-40e4-98fc-53bb9834c825@group-088B413A0819: changes role from      null to FOLLOWER at term 0 for startAsFollower
2020-12-18 01:51:21,573 [pool-317-thread-1] INFO  impl.RoleInfo (RoleInfo.java:updateAndGet(143)) - 3269f5d2-042c-40e4-98fc-53bb9834c825: start 3269f5d2-042c-40e4-98fc-53bb9834c825@group-088B413A0819-FollowerState
2020-12-18 01:51:21,573 [pool-317-thread-1] INFO  util.JmxRegister (JmxRegister.java:tryRegister(44)) - Successfully registered JMX Bean with object name Ratis:service=RaftServer,group=group-088B413A0819,id=3269f5d2-042c-40e4-98fc-53bb9834c825
2020-12-18 01:51:21,573 [pool-317-thread-1] INFO  metrics.RatisMetrics (RatisMetrics.java:lambda$create$0(36)) - Creating Metrics Registry : ratis.state_machine.3269f5d2-042c-40e4-98fc-53bb9834c825@group-088B413A0819
2020-12-18 01:51:21,580 [Command processor thread] INFO  metrics.RatisMetrics (RatisMetrics.java:lambda$create$0(36)) - Creating Metrics Registry : ratis.client_message_metrics.client-7D9C65801005->30321cca-a230-403c-ae60-27735093aac3
2020-12-18 01:51:21,587 [grpc-default-executor-0] INFO  metrics.RatisMetrics (RatisMetrics.java:lambda$create$0(36)) - Creating Metrics Registry : ratis.server_message_metrics.30321cca-a230-403c-ae60-27735093aac3
2020-12-18 01:51:21,588 [grpc-default-executor-0] INFO  impl.RaftServerProxy (RaftServerProxy.java:addNew(93)) - 30321cca-a230-403c-ae60-27735093aac3: addNew group-088B413A0819:[30321cca-a230-403c-ae60-27735093aac3|rpc:172.17.0.2:39317|dataStream:, 3269f5d2-042c-40e4-98fc-53bb9834c825|rpc:172.17.0.2:44561|dataStream:, ebd34426-50bd-4b83-bb6a-fbb1ddb02546|rpc:172.17.0.2:40781|dataStream:] returns group-088B413A0819:java.util.concurrent.CompletableFuture@3704e580[Not completed]
2020-12-18 01:51:21,590 [pool-301-thread-1] INFO  impl.RaftServerImpl (RaftServerImpl.java:<init>(121)) - 30321cca-a230-403c-ae60-27735093aac3: new RaftServerImpl for group-088B413A0819:[30321cca-a230-403c-ae60-27735093aac3|rpc:172.17.0.2:39317|dataStream:, 3269f5d2-042c-40e4-98fc-53bb9834c825|rpc:172.17.0.2:44561|dataStream:, ebd34426-50bd-4b83-bb6a-fbb1ddb02546|rpc:172.17.0.2:40781|dataStream:] with ContainerStateMachine:uninitialized
2020-12-18 01:51:21,590 [pool-301-thread-1] INFO  server.RaftServerConfigKeys (ConfUtils.java:logGet(44)) - raft.server.rpc.timeout.min = 5s (custom)
2020-12-18 01:51:21,590 [pool-301-thread-1] INFO  server.RaftServerConfigKeys (ConfUtils.java:logGet(44)) - raft.server.rpc.timeout.max = 5200ms (custom)
2020-12-18 01:51:21,590 [pool-301-thread-1] INFO  server.RaftServerConfigKeys (ConfUtils.java:logGet(44)) - raft.server.rpc.slowness.timeout = 300s (custom)
2020-12-18 01:51:21,590 [pool-301-thread-1] INFO  server.RaftServerConfigKeys (ConfUtils.java:logGet(44)) - raft.server.leaderelection.leader.step-down.wait-time = 10s (default)
2020-12-18 01:51:21,590 [pool-301-thread-1] INFO  server.RaftServerConfigKeys (ConfUtils.java:logGet(44)) - raft.server.sleep.deviation.threshold = 300 (default)
2020-12-18 01:51:21,590 [pool-301-thread-1] INFO  server.RaftServerConfigKeys (ConfUtils.java:logGet(44)) - raft.server.log.appender.install.snapshot.enabled = false (custom)
2020-12-18 01:51:21,591 [pool-301-thread-1] INFO  impl.RaftServerImpl (ServerState.java:<init>(104)) - 30321cca-a230-403c-ae60-27735093aac3@group-088B413A0819: ConfigurationManager, init=-1: [30321cca-a230-403c-ae60-27735093aac3|rpc:172.17.0.2:39317|dataStream:, 3269f5d2-042c-40e4-98fc-53bb9834c825|rpc:172.17.0.2:44561|dataStream:, ebd34426-50bd-4b83-bb6a-fbb1ddb02546|rpc:172.17.0.2:40781|dataStream:], old=null, confs=<EMPTY_MAP>
2020-12-18 01:51:21,591 [pool-301-thread-1] INFO  server.RaftServerConfigKeys (ConfUtils.java:logGet(44)) - raft.server.storage.dir = [/github/workspace/mnt/ozone/hadoop-ozone/integration-test/target/test-dir/MiniOzoneClusterImpl-4564f03c-bda0-461a-b884-74ed0c78bad0/datanode-4/data/ratis] (custom)
2020-12-18 01:51:21,592 [pool-301-thread-1] INFO  server.RaftServerConfigKeys (ConfUtils.java:logGet(44)) - raft.server.log.corruption.policy = EXCEPTION (default)
2020-12-18 01:51:21,592 [pool-301-thread-1] INFO  storage.RaftStorageDirectory (RaftStorageDirectory.java:analyzeStorage(261)) - The storage directory /github/workspace/mnt/ozone/hadoop-ozone/integration-test/target/test-dir/MiniOzoneClusterImpl-4564f03c-bda0-461a-b884-74ed0c78bad0/datanode-4/data/ratis/6eadbec1-4054-4a55-8ca7-088b413a0819 does not exist. Creating ...
2020-12-18 01:51:21,593 [pool-301-thread-1] INFO  storage.RaftStorageDirectory (RaftStorageDirectory.java:tryLock(343)) - Lock on /github/workspace/mnt/ozone/hadoop-ozone/integration-test/target/test-dir/MiniOzoneClusterImpl-4564f03c-bda0-461a-b884-74ed0c78bad0/datanode-4/data/ratis/6eadbec1-4054-4a55-8ca7-088b413a0819/in_use.lock acquired by nodename 9953@1fad9502c7b4
2020-12-18 01:51:21,593 [pool-301-thread-1] INFO  storage.RaftStorage (RaftStorage.java:format(85)) - Storage directory /github/workspace/mnt/ozone/hadoop-ozone/integration-test/target/test-dir/MiniOzoneClusterImpl-4564f03c-bda0-461a-b884-74ed0c78bad0/datanode-4/data/ratis/6eadbec1-4054-4a55-8ca7-088b413a0819 has been successfully formatted.
2020-12-18 01:51:21,594 [pool-301-thread-1] INFO  ratis.ContainerStateMachine (ContainerStateMachine.java:loadSnapshot(225)) - group-088B413A0819: The snapshot info is null. Setting the last applied indexto:(t:0, i:~)
2020-12-18 01:51:21,594 [pool-301-thread-1] INFO  server.RaftServerConfigKeys (ConfUtils.java:logGet(44)) - raft.server.notification.no-leader.timeout = 300s (custom)
2020-12-18 01:51:21,594 [pool-301-thread-1] INFO  server.RaftServerConfigKeys (ConfUtils.java:logGet(44)) - raft.server.log.use.memory = false (default)
2020-12-18 01:51:21,594 [pool-301-thread-1] INFO  server.RaftServerConfigKeys (ConfUtils.java:logGet(44)) - raft.server.log.purge.gap = 1000000 (custom)
2020-12-18 01:51:21,594 [pool-301-thread-1] INFO  metrics.RatisMetrics (RatisMetrics.java:lambda$create$0(36)) - Creating Metrics Registry : ratis.log_worker.30321cca-a230-403c-ae60-27735093aac3@group-088B413A0819
2020-12-18 01:51:21,594 [pool-301-thread-1] INFO  server.RaftServerConfigKeys (ConfUtils.java:logGet(44)) - raft.server.log.appender.buffer.byte-limit = 33554432 (custom)
2020-12-18 01:51:21,594 [pool-301-thread-1] INFO  server.RaftServerConfigKeys (ConfUtils.java:logGet(44)) - raft.server.log.segment.size.max = 1048576 (custom)
2020-12-18 01:51:21,594 [pool-301-thread-1] INFO  server.RaftServerConfigKeys (ConfUtils.java:logGet(44)) - raft.server.log.segment.cache.num.max = 2 (custom)
2020-12-18 01:51:21,594 [pool-301-thread-1] INFO  segmented.SegmentedRaftLogWorker (SegmentedRaftLogWorker.java:<init>(180)) - new 30321cca-a230-403c-ae60-27735093aac3@group-088B413A0819-SegmentedRaftLogWorker for RaftStorage:Storage Directory /github/workspace/mnt/ozone/hadoop-ozone/integration-test/target/test-dir/MiniOzoneClusterImpl-4564f03c-bda0-461a-b884-74ed0c78bad0/datanode-4/data/ratis/6eadbec1-4054-4a55-8ca7-088b413a0819
2020-12-18 01:51:21,595 [pool-301-thread-1] INFO  server.RaftServerConfigKeys (ConfUtils.java:logGet(44)) - raft.server.log.queue.byte-limit = 2147483647 (custom)
2020-12-18 01:51:21,596 [EventQueue-PipelineReportForOneReplicaPipelineSafeModeRule] INFO  safemode.SCMSafeModeManager (SCMSafeModeManager.java:validateSafeModeExitRules(214)) - AtleastOneDatanodeReportedRule rule is successfully validated
2020-12-18 01:51:21,599 [pool-301-thread-1] INFO  server.RaftServerConfigKeys (ConfUtils.java:logGet(44)) - raft.server.log.queue.element-limit = 1024 (custom)
2020-12-18 01:51:21,599 [pool-301-thread-1] INFO  server.RaftServerConfigKeys (ConfUtils.java:logGet(44)) - raft.server.log.segment.size.max = 1048576 (custom)
2020-12-18 01:51:21,600 [pool-301-thread-1] INFO  server.RaftServerConfigKeys (ConfUtils.java:logGet(44)) - raft.server.log.preallocated.size = 16384 (custom)
2020-12-18 01:51:21,600 [pool-301-thread-1] INFO  server.RaftServerConfigKeys (ConfUtils.java:logGet(44)) - raft.server.log.write.buffer.size = 1048576 (custom)
2020-12-18 01:51:21,600 [pool-301-thread-1] INFO  server.RaftServerConfigKeys (ConfUtils.java:logGet(44)) - raft.server.log.force.sync.num = 128 (default)
2020-12-18 01:51:21,600 [pool-301-thread-1] INFO  server.RaftServerConfigKeys (ConfUtils.java:logGet(44)) - raft.server.log.statemachine.data.sync = true (default)
2020-12-18 01:51:21,600 [pool-301-thread-1] INFO  server.RaftServerConfigKeys (ConfUtils.java:logGet(44)) - raft.server.log.statemachine.data.sync.timeout = 10s (default)
2020-12-18 01:51:21,600 [pool-301-thread-1] INFO  server.RaftServerConfigKeys (ConfUtils.java:logGet(44)) - raft.server.log.statemachine.data.sync.timeout.retry = -1 (default)
2020-12-18 01:51:21,602 [pool-301-thread-1] INFO  server.RaftServerConfigKeys (ConfUtils.java:logGet(44)) - raft.server.log.statemachine.data.caching.enabled = true (custom)
2020-12-18 01:51:21,602 [pool-301-thread-1] INFO  segmented.SegmentedRaftLogWorker (SegmentedRaftLogWorker.java:lambda$new$0(129)) - 30321cca-a230-403c-ae60-27735093aac3@group-088B413A0819-SegmentedRaftLogWorker: flushIndex: setUnconditionally 0 -> -1
2020-12-18 01:51:21,602 [pool-301-thread-1] INFO  segmented.SegmentedRaftLogWorker (SegmentedRaftLogWorker.java:lambda$new$0(129)) - 30321cca-a230-403c-ae60-27735093aac3@group-088B413A0819-SegmentedRaftLogWorker: safeCacheEvictIndex: setUnconditionally 0 -> -1
2020-12-18 01:51:21,602 [pool-301-thread-1] INFO  server.RaftServerConfigKeys (ConfUtils.java:logGet(44)) - raft.server.snapshot.auto.trigger.enabled = true (custom)
2020-12-18 01:51:21,602 [pool-301-thread-1] INFO  server.RaftServerConfigKeys (ConfUtils.java:logGet(44)) - raft.server.snapshot.auto.trigger.threshold = 10000 (custom)
2020-12-18 01:51:21,602 [pool-301-thread-1] INFO  server.RaftServerConfigKeys (ConfUtils.java:logGet(44)) - raft.server.snapshot.retention.file.num = 5 (custom)
2020-12-18 01:51:21,602 [pool-301-thread-1] INFO  server.RaftServerConfigKeys (ConfUtils.java:logGet(44)) - raft.server.log.purge.upto.snapshot.index = false (default)
2020-12-18 01:51:21,603 [pool-301-thread-1] INFO  server.RaftServerConfigKeys (ConfUtils.java:logGet(44)) - raft.server.retrycache.expirytime = 600000ms (custom)
2020-12-18 01:51:21,603 [pool-301-thread-1] INFO  metrics.RatisMetrics (RatisMetrics.java:lambda$create$0(36)) - Creating Metrics Registry : ratis.leader_election.30321cca-a230-403c-ae60-27735093aac3@group-088B413A0819
2020-12-18 01:51:21,603 [pool-301-thread-1] INFO  metrics.RatisMetrics (RatisMetrics.java:lambda$create$0(36)) - Creating Metrics Registry : ratis.server.30321cca-a230-403c-ae60-27735093aac3@group-088B413A0819
2020-12-18 01:51:21,604 [pool-301-thread-1] INFO  impl.RaftServerImpl (RaftServerImpl.java:start(215)) - 30321cca-a230-403c-ae60-27735093aac3@group-088B413A0819: start as a follower, conf=-1: [30321cca-a230-403c-ae60-27735093aac3|rpc:172.17.0.2:39317|dataStream:, 3269f5d2-042c-40e4-98fc-53bb9834c825|rpc:172.17.0.2:44561|dataStream:, ebd34426-50bd-4b83-bb6a-fbb1ddb02546|rpc:172.17.0.2:40781|dataStream:], old=null
2020-12-18 01:51:21,604 [pool-301-thread-1] INFO  impl.RaftServerImpl (RaftServerImpl.java:setRole(204)) - 30321cca-a230-403c-ae60-27735093aac3@group-088B413A0819: changes role from      null to FOLLOWER at term 0 for startAsFollower
2020-12-18 01:51:21,604 [pool-301-thread-1] INFO  impl.RoleInfo (RoleInfo.java:updateAndGet(143)) - 30321cca-a230-403c-ae60-27735093aac3: start 30321cca-a230-403c-ae60-27735093aac3@group-088B413A0819-FollowerState
2020-12-18 01:51:21,605 [pool-301-thread-1] INFO  util.JmxRegister (JmxRegister.java:tryRegister(44)) - Successfully registered JMX Bean with object name Ratis:service=RaftServer,group=group-088B413A0819,id=30321cca-a230-403c-ae60-27735093aac3
2020-12-18 01:51:21,605 [pool-301-thread-1] INFO  metrics.RatisMetrics (RatisMetrics.java:lambda$create$0(36)) - Creating Metrics Registry : ratis.state_machine.30321cca-a230-403c-ae60-27735093aac3@group-088B413A0819
2020-12-18 01:51:21,617 [Command processor thread] INFO  commandhandler.CreatePipelineCommandHandler (CreatePipelineCommandHandler.java:handle(106)) - Created Pipeline RATIS THREE PipelineID=6eadbec1-4054-4a55-8ca7-088b413a0819.
2020-12-18 01:51:21,702 [Command processor thread] INFO  impl.RaftServerProxy (RaftServerProxy.java:addNew(93)) - 30321cca-a230-403c-ae60-27735093aac3: addNew group-1F2427009CCD:[30321cca-a230-403c-ae60-27735093aac3|rpc:172.17.0.2:39317] returns group-1F2427009CCD:java.util.concurrent.CompletableFuture@69f5ac90[Not completed]
2020-12-18 01:51:21,702 [pool-301-thread-1] INFO  impl.RaftServerImpl (RaftServerImpl.java:<init>(121)) - 30321cca-a230-403c-ae60-27735093aac3: new RaftServerImpl for group-1F2427009CCD:[30321cca-a230-403c-ae60-27735093aac3|rpc:172.17.0.2:39317] with ContainerStateMachine:uninitialized
2020-12-18 01:51:21,702 [pool-301-thread-1] INFO  server.RaftServerConfigKeys (ConfUtils.java:logGet(44)) - raft.server.rpc.timeout.min = 5s (custom)
2020-12-18 01:51:21,702 [pool-301-thread-1] INFO  server.RaftServerConfigKeys (ConfUtils.java:logGet(44)) - raft.server.rpc.timeout.max = 5200ms (custom)
2020-12-18 01:51:21,703 [pool-301-thread-1] INFO  server.RaftServerConfigKeys (ConfUtils.java:logGet(44)) - raft.server.rpc.slowness.timeout = 300s (custom)
2020-12-18 01:51:21,703 [pool-301-thread-1] INFO  server.RaftServerConfigKeys (ConfUtils.java:logGet(44)) - raft.server.leaderelection.leader.step-down.wait-time = 10s (default)
2020-12-18 01:51:21,703 [pool-301-thread-1] INFO  server.RaftServerConfigKeys (ConfUtils.java:logGet(44)) - raft.server.sleep.deviation.threshold = 300 (default)
2020-12-18 01:51:21,703 [pool-301-thread-1] INFO  server.RaftServerConfigKeys (ConfUtils.java:logGet(44)) - raft.server.log.appender.install.snapshot.enabled = false (custom)
2020-12-18 01:51:21,703 [pool-301-thread-1] INFO  impl.RaftServerImpl (ServerState.java:<init>(104)) - 30321cca-a230-403c-ae60-27735093aac3@group-1F2427009CCD: ConfigurationManager, init=-1: [30321cca-a230-403c-ae60-27735093aac3|rpc:172.17.0.2:39317], old=null, confs=<EMPTY_MAP>
2020-12-18 01:51:21,703 [pool-301-thread-1] INFO  server.RaftServerConfigKeys (ConfUtils.java:logGet(44)) - raft.server.storage.dir = [/github/workspace/mnt/ozone/hadoop-ozone/integration-test/target/test-dir/MiniOzoneClusterImpl-4564f03c-bda0-461a-b884-74ed0c78bad0/datanode-4/data/ratis] (custom)
2020-12-18 01:51:21,703 [pool-301-thread-1] INFO  server.RaftServerConfigKeys (ConfUtils.java:logGet(44)) - raft.server.log.corruption.policy = EXCEPTION (default)
2020-12-18 01:51:21,703 [pool-301-thread-1] INFO  storage.RaftStorageDirectory (RaftStorageDirectory.java:analyzeStorage(261)) - The storage directory /github/workspace/mnt/ozone/hadoop-ozone/integration-test/target/test-dir/MiniOzoneClusterImpl-4564f03c-bda0-461a-b884-74ed0c78bad0/datanode-4/data/ratis/c2c6d9b5-a836-404e-9307-1f2427009ccd does not exist. Creating ...
2020-12-18 01:51:21,704 [pool-301-thread-1] INFO  storage.RaftStorageDirectory (RaftStorageDirectory.java:tryLock(343)) - Lock on /github/workspace/mnt/ozone/hadoop-ozone/integration-test/target/test-dir/MiniOzoneClusterImpl-4564f03c-bda0-461a-b884-74ed0c78bad0/datanode-4/data/ratis/c2c6d9b5-a836-404e-9307-1f2427009ccd/in_use.lock acquired by nodename 9953@1fad9502c7b4
2020-12-18 01:51:21,705 [pool-301-thread-1] INFO  storage.RaftStorage (RaftStorage.java:format(85)) - Storage directory /github/workspace/mnt/ozone/hadoop-ozone/integration-test/target/test-dir/MiniOzoneClusterImpl-4564f03c-bda0-461a-b884-74ed0c78bad0/datanode-4/data/ratis/c2c6d9b5-a836-404e-9307-1f2427009ccd has been successfully formatted.
2020-12-18 01:51:21,705 [pool-301-thread-1] INFO  ratis.ContainerStateMachine (ContainerStateMachine.java:loadSnapshot(225)) - group-1F2427009CCD: The snapshot info is null. Setting the last applied indexto:(t:0, i:~)
2020-12-18 01:51:21,705 [pool-301-thread-1] INFO  server.RaftServerConfigKeys (ConfUtils.java:logGet(44)) - raft.server.notification.no-leader.timeout = 300s (custom)
2020-12-18 01:51:21,705 [pool-301-thread-1] INFO  server.RaftServerConfigKeys (ConfUtils.java:logGet(44)) - raft.server.log.use.memory = false (default)
2020-12-18 01:51:21,705 [pool-301-thread-1] INFO  server.RaftServerConfigKeys (ConfUtils.java:logGet(44)) - raft.server.log.purge.gap = 1000000 (custom)
2020-12-18 01:51:21,705 [pool-301-thread-1] INFO  metrics.RatisMetrics (RatisMetrics.java:lambda$create$0(36)) - Creating Metrics Registry : ratis.log_worker.30321cca-a230-403c-ae60-27735093aac3@group-1F2427009CCD
2020-12-18 01:51:21,706 [pool-301-thread-1] INFO  server.RaftServerConfigKeys (ConfUtils.java:logGet(44)) - raft.server.log.appender.buffer.byte-limit = 33554432 (custom)
2020-12-18 01:51:21,706 [pool-301-thread-1] INFO  server.RaftServerConfigKeys (ConfUtils.java:logGet(44)) - raft.server.log.segment.size.max = 1048576 (custom)
2020-12-18 01:51:21,706 [pool-301-thread-1] INFO  server.RaftServerConfigKeys (ConfUtils.java:logGet(44)) - raft.server.log.segment.cache.num.max = 2 (custom)
2020-12-18 01:51:21,706 [pool-301-thread-1] INFO  segmented.SegmentedRaftLogWorker (SegmentedRaftLogWorker.java:<init>(180)) - new 30321cca-a230-403c-ae60-27735093aac3@group-1F2427009CCD-SegmentedRaftLogWorker for RaftStorage:Storage Directory /github/workspace/mnt/ozone/hadoop-ozone/integration-test/target/test-dir/MiniOzoneClusterImpl-4564f03c-bda0-461a-b884-74ed0c78bad0/datanode-4/data/ratis/c2c6d9b5-a836-404e-9307-1f2427009ccd
2020-12-18 01:51:21,706 [EventQueue-PipelineReportForOneReplicaPipelineSafeModeRule] INFO  safemode.SCMSafeModeManager (SCMSafeModeManager.java:validateSafeModeExitRules(214)) - AtleastOneDatanodeReportedRule rule is successfully validated
2020-12-18 01:51:21,706 [pool-301-thread-1] INFO  server.RaftServerConfigKeys (ConfUtils.java:logGet(44)) - raft.server.log.queue.byte-limit = 2147483647 (custom)
2020-12-18 01:51:21,706 [pool-301-thread-1] INFO  server.RaftServerConfigKeys (ConfUtils.java:logGet(44)) - raft.server.log.queue.element-limit = 1024 (custom)
2020-12-18 01:51:21,706 [EventQueue-PipelineReportForPipelineReportHandler] INFO  pipeline.PipelineStateManager (PipelineStateManager.java:openPipeline(132)) - Pipeline Pipeline[ Id: c2c6d9b5-a836-404e-9307-1f2427009ccd, Nodes: 30321cca-a230-403c-ae60-27735093aac3{ip: 172.17.0.2, host: 1fad9502c7b4, networkLocation: /default-rack, certSerialId: null, persistedOpState: IN_SERVICE, persistedOpStateExpiryEpochSec: 0}, Type:RATIS, Factor:ONE, State:ALLOCATED, leaderId:30321cca-a230-403c-ae60-27735093aac3, CreationTimestamp2020-12-18T01:51:18.703Z] moved to OPEN state
2020-12-18 01:51:21,706 [pool-301-thread-1] INFO  server.RaftServerConfigKeys (ConfUtils.java:logGet(44)) - raft.server.log.segment.size.max = 1048576 (custom)
2020-12-18 01:51:21,706 [pool-301-thread-1] INFO  server.RaftServerConfigKeys (ConfUtils.java:logGet(44)) - raft.server.log.preallocated.size = 16384 (custom)
2020-12-18 01:51:21,707 [pool-301-thread-1] INFO  server.RaftServerConfigKeys (ConfUtils.java:logGet(44)) - raft.server.log.write.buffer.size = 1048576 (custom)
2020-12-18 01:51:21,707 [pool-301-thread-1] INFO  server.RaftServerConfigKeys (ConfUtils.java:logGet(44)) - raft.server.log.force.sync.num = 128 (default)
2020-12-18 01:51:21,707 [pool-301-thread-1] INFO  server.RaftServerConfigKeys (ConfUtils.java:logGet(44)) - raft.server.log.statemachine.data.sync = true (default)
2020-12-18 01:51:21,707 [pool-301-thread-1] INFO  server.RaftServerConfigKeys (ConfUtils.java:logGet(44)) - raft.server.log.statemachine.data.sync.timeout = 10s (default)
2020-12-18 01:51:21,707 [EventQueue-OpenPipelineForHealthyPipelineSafeModeRule] INFO  safemode.SCMSafeModeManager (HealthyPipelineSafeModeRule.java:process(128)) - SCM in safe mode. Healthy pipelines reported count is 0, required healthy pipeline reported count is 1
2020-12-18 01:51:21,709 [pool-301-thread-1] INFO  server.RaftServerConfigKeys (ConfUtils.java:logGet(44)) - raft.server.log.statemachine.data.sync.timeout.retry = -1 (default)
2020-12-18 01:51:21,710 [pool-301-thread-1] INFO  server.RaftServerConfigKeys (ConfUtils.java:logGet(44)) - raft.server.log.statemachine.data.caching.enabled = true (custom)
2020-12-18 01:51:21,710 [pool-301-thread-1] INFO  segmented.SegmentedRaftLogWorker (SegmentedRaftLogWorker.java:lambda$new$0(129)) - 30321cca-a230-403c-ae60-27735093aac3@group-1F2427009CCD-SegmentedRaftLogWorker: flushIndex: setUnconditionally 0 -> -1
2020-12-18 01:51:21,710 [pool-301-thread-1] INFO  segmented.SegmentedRaftLogWorker (SegmentedRaftLogWorker.java:lambda$new$0(129)) - 30321cca-a230-403c-ae60-27735093aac3@group-1F2427009CCD-SegmentedRaftLogWorker: safeCacheEvictIndex: setUnconditionally 0 -> -1
2020-12-18 01:51:21,710 [pool-301-thread-1] INFO  server.RaftServerConfigKeys (ConfUtils.java:logGet(44)) - raft.server.snapshot.auto.trigger.enabled = true (custom)
2020-12-18 01:51:21,710 [pool-301-thread-1] INFO  server.RaftServerConfigKeys (ConfUtils.java:logGet(44)) - raft.server.snapshot.auto.trigger.threshold = 10000 (custom)
2020-12-18 01:51:21,710 [pool-301-thread-1] INFO  server.RaftServerConfigKeys (ConfUtils.java:logGet(44)) - raft.server.snapshot.retention.file.num = 5 (custom)
2020-12-18 01:51:21,711 [pool-301-thread-1] INFO  server.RaftServerConfigKeys (ConfUtils.java:logGet(44)) - raft.server.log.purge.upto.snapshot.index = false (default)
2020-12-18 01:51:21,711 [pool-301-thread-1] INFO  server.RaftServerConfigKeys (ConfUtils.java:logGet(44)) - raft.server.retrycache.expirytime = 600000ms (custom)
2020-12-18 01:51:21,711 [pool-301-thread-1] INFO  metrics.RatisMetrics (RatisMetrics.java:lambda$create$0(36)) - Creating Metrics Registry : ratis.leader_election.30321cca-a230-403c-ae60-27735093aac3@group-1F2427009CCD
2020-12-18 01:51:21,711 [pool-301-thread-1] INFO  metrics.RatisMetrics (RatisMetrics.java:lambda$create$0(36)) - Creating Metrics Registry : ratis.server.30321cca-a230-403c-ae60-27735093aac3@group-1F2427009CCD
2020-12-18 01:51:21,712 [pool-301-thread-1] INFO  impl.RaftServerImpl (RaftServerImpl.java:start(215)) - 30321cca-a230-403c-ae60-27735093aac3@group-1F2427009CCD: start as a follower, conf=-1: [30321cca-a230-403c-ae60-27735093aac3|rpc:172.17.0.2:39317], old=null
2020-12-18 01:51:21,712 [pool-301-thread-1] INFO  impl.RaftServerImpl (RaftServerImpl.java:setRole(204)) - 30321cca-a230-403c-ae60-27735093aac3@group-1F2427009CCD: changes role from      null to FOLLOWER at term 0 for startAsFollower
2020-12-18 01:51:21,712 [pool-301-thread-1] INFO  impl.RoleInfo (RoleInfo.java:updateAndGet(143)) - 30321cca-a230-403c-ae60-27735093aac3: start 30321cca-a230-403c-ae60-27735093aac3@group-1F2427009CCD-FollowerState
2020-12-18 01:51:21,720 [pool-301-thread-1] INFO  util.JmxRegister (JmxRegister.java:tryRegister(44)) - Successfully registered JMX Bean with object name Ratis:service=RaftServer,group=group-1F2427009CCD,id=30321cca-a230-403c-ae60-27735093aac3
2020-12-18 01:51:21,720 [pool-301-thread-1] INFO  metrics.RatisMetrics (RatisMetrics.java:lambda$create$0(36)) - Creating Metrics Registry : ratis.state_machine.30321cca-a230-403c-ae60-27735093aac3@group-1F2427009CCD
2020-12-18 01:51:21,720 [Command processor thread] INFO  commandhandler.CreatePipelineCommandHandler (CreatePipelineCommandHandler.java:handle(106)) - Created Pipeline RATIS ONE PipelineID=c2c6d9b5-a836-404e-9307-1f2427009ccd.
2020-12-18 01:51:21,879 [Listener at 127.0.0.1/40197] INFO  ozone.MiniOzoneClusterImpl (MiniOzoneClusterImpl.java:lambda$waitForClusterToBeReady$0(178)) - Nodes are ready. Got 6 of 6 DN Heartbeats.
2020-12-18 01:51:21,879 [Listener at 127.0.0.1/40197] INFO  ozone.MiniOzoneClusterImpl (MiniOzoneClusterImpl.java:lambda$waitForClusterToBeReady$0(181)) - Waiting for cluster to exit safe mode
2020-12-18 01:51:21,888 [Command processor thread] INFO  impl.RaftServerProxy (RaftServerProxy.java:addNew(93)) - 3269f5d2-042c-40e4-98fc-53bb9834c825: addNew group-EFC59497A950:[3269f5d2-042c-40e4-98fc-53bb9834c825|rpc:172.17.0.2:44561] returns group-EFC59497A950:java.util.concurrent.CompletableFuture@3ef9ac2f[Not completed]
2020-12-18 01:51:21,889 [pool-317-thread-1] INFO  impl.RaftServerImpl (RaftServerImpl.java:<init>(121)) - 3269f5d2-042c-40e4-98fc-53bb9834c825: new RaftServerImpl for group-EFC59497A950:[3269f5d2-042c-40e4-98fc-53bb9834c825|rpc:172.17.0.2:44561] with ContainerStateMachine:uninitialized
2020-12-18 01:51:21,889 [pool-317-thread-1] INFO  server.RaftServerConfigKeys (ConfUtils.java:logGet(44)) - raft.server.rpc.timeout.min = 5s (custom)
2020-12-18 01:51:21,889 [pool-317-thread-1] INFO  server.RaftServerConfigKeys (ConfUtils.java:logGet(44)) - raft.server.rpc.timeout.max = 5200ms (custom)
2020-12-18 01:51:21,889 [pool-317-thread-1] INFO  server.RaftServerConfigKeys (ConfUtils.java:logGet(44)) - raft.server.rpc.slowness.timeout = 300s (custom)
2020-12-18 01:51:21,889 [pool-317-thread-1] INFO  server.RaftServerConfigKeys (ConfUtils.java:logGet(44)) - raft.server.leaderelection.leader.step-down.wait-time = 10s (default)
2020-12-18 01:51:21,889 [pool-317-thread-1] INFO  server.RaftServerConfigKeys (ConfUtils.java:logGet(44)) - raft.server.sleep.deviation.threshold = 300 (default)
2020-12-18 01:51:21,889 [pool-317-thread-1] INFO  server.RaftServerConfigKeys (ConfUtils.java:logGet(44)) - raft.server.log.appender.install.snapshot.enabled = false (custom)
2020-12-18 01:51:21,889 [pool-317-thread-1] INFO  impl.RaftServerImpl (ServerState.java:<init>(104)) - 3269f5d2-042c-40e4-98fc-53bb9834c825@group-EFC59497A950: ConfigurationManager, init=-1: [3269f5d2-042c-40e4-98fc-53bb9834c825|rpc:172.17.0.2:44561], old=null, confs=<EMPTY_MAP>
2020-12-18 01:51:21,889 [pool-317-thread-1] INFO  server.RaftServerConfigKeys (ConfUtils.java:logGet(44)) - raft.server.storage.dir = [/github/workspace/mnt/ozone/hadoop-ozone/integration-test/target/test-dir/MiniOzoneClusterImpl-4564f03c-bda0-461a-b884-74ed0c78bad0/datanode-5/data/ratis] (custom)
2020-12-18 01:51:21,890 [pool-317-thread-1] INFO  server.RaftServerConfigKeys (ConfUtils.java:logGet(44)) - raft.server.log.corruption.policy = EXCEPTION (default)
2020-12-18 01:51:21,890 [pool-317-thread-1] INFO  storage.RaftStorageDirectory (RaftStorageDirectory.java:analyzeStorage(261)) - The storage directory /github/workspace/mnt/ozone/hadoop-ozone/integration-test/target/test-dir/MiniOzoneClusterImpl-4564f03c-bda0-461a-b884-74ed0c78bad0/datanode-5/data/ratis/86e14c97-cb80-4e1c-9cd8-efc59497a950 does not exist. Creating ...
2020-12-18 01:51:21,891 [pool-317-thread-1] INFO  storage.RaftStorageDirectory (RaftStorageDirectory.java:tryLock(343)) - Lock on /github/workspace/mnt/ozone/hadoop-ozone/integration-test/target/test-dir/MiniOzoneClusterImpl-4564f03c-bda0-461a-b884-74ed0c78bad0/datanode-5/data/ratis/86e14c97-cb80-4e1c-9cd8-efc59497a950/in_use.lock acquired by nodename 9953@1fad9502c7b4
2020-12-18 01:51:21,892 [pool-317-thread-1] INFO  storage.RaftStorage (RaftStorage.java:format(85)) - Storage directory /github/workspace/mnt/ozone/hadoop-ozone/integration-test/target/test-dir/MiniOzoneClusterImpl-4564f03c-bda0-461a-b884-74ed0c78bad0/datanode-5/data/ratis/86e14c97-cb80-4e1c-9cd8-efc59497a950 has been successfully formatted.
2020-12-18 01:51:21,892 [pool-317-thread-1] INFO  ratis.ContainerStateMachine (ContainerStateMachine.java:loadSnapshot(225)) - group-EFC59497A950: The snapshot info is null. Setting the last applied indexto:(t:0, i:~)
2020-12-18 01:51:21,892 [pool-317-thread-1] INFO  server.RaftServerConfigKeys (ConfUtils.java:logGet(44)) - raft.server.notification.no-leader.timeout = 300s (custom)
2020-12-18 01:51:21,892 [pool-317-thread-1] INFO  server.RaftServerConfigKeys (ConfUtils.java:logGet(44)) - raft.server.log.use.memory = false (default)
2020-12-18 01:51:21,892 [pool-317-thread-1] INFO  server.RaftServerConfigKeys (ConfUtils.java:logGet(44)) - raft.server.log.purge.gap = 1000000 (custom)
2020-12-18 01:51:21,892 [pool-317-thread-1] INFO  metrics.RatisMetrics (RatisMetrics.java:lambda$create$0(36)) - Creating Metrics Registry : ratis.log_worker.3269f5d2-042c-40e4-98fc-53bb9834c825@group-EFC59497A950
2020-12-18 01:51:21,892 [pool-317-thread-1] INFO  server.RaftServerConfigKeys (ConfUtils.java:logGet(44)) - raft.server.log.appender.buffer.byte-limit = 33554432 (custom)
2020-12-18 01:51:21,892 [pool-317-thread-1] INFO  server.RaftServerConfigKeys (ConfUtils.java:logGet(44)) - raft.server.log.segment.size.max = 1048576 (custom)
2020-12-18 01:51:21,893 [pool-317-thread-1] INFO  server.RaftServerConfigKeys (ConfUtils.java:logGet(44)) - raft.server.log.segment.cache.num.max = 2 (custom)
2020-12-18 01:51:21,893 [pool-317-thread-1] INFO  segmented.SegmentedRaftLogWorker (SegmentedRaftLogWorker.java:<init>(180)) - new 3269f5d2-042c-40e4-98fc-53bb9834c825@group-EFC59497A950-SegmentedRaftLogWorker for RaftStorage:Storage Directory /github/workspace/mnt/ozone/hadoop-ozone/integration-test/target/test-dir/MiniOzoneClusterImpl-4564f03c-bda0-461a-b884-74ed0c78bad0/datanode-5/data/ratis/86e14c97-cb80-4e1c-9cd8-efc59497a950
2020-12-18 01:51:21,893 [pool-317-thread-1] INFO  server.RaftServerConfigKeys (ConfUtils.java:logGet(44)) - raft.server.log.queue.byte-limit = 2147483647 (custom)
2020-12-18 01:51:21,893 [EventQueue-PipelineReportForPipelineReportHandler] INFO  pipeline.PipelineStateManager (PipelineStateManager.java:openPipeline(132)) - Pipeline Pipeline[ Id: 86e14c97-cb80-4e1c-9cd8-efc59497a950, Nodes: 3269f5d2-042c-40e4-98fc-53bb9834c825{ip: 172.17.0.2, host: 1fad9502c7b4, networkLocation: /default-rack, certSerialId: null, persistedOpState: IN_SERVICE, persistedOpStateExpiryEpochSec: 0}, Type:RATIS, Factor:ONE, State:ALLOCATED, leaderId:3269f5d2-042c-40e4-98fc-53bb9834c825, CreationTimestamp2020-12-18T01:51:18.890Z] moved to OPEN state
2020-12-18 01:51:21,893 [EventQueue-OpenPipelineForHealthyPipelineSafeModeRule] INFO  safemode.SCMSafeModeManager (HealthyPipelineSafeModeRule.java:process(128)) - SCM in safe mode. Healthy pipelines reported count is 0, required healthy pipeline reported count is 1
2020-12-18 01:51:21,893 [EventQueue-PipelineReportForOneReplicaPipelineSafeModeRule] INFO  safemode.SCMSafeModeManager (SCMSafeModeManager.java:validateSafeModeExitRules(214)) - AtleastOneDatanodeReportedRule rule is successfully validated
2020-12-18 01:51:21,893 [pool-317-thread-1] INFO  server.RaftServerConfigKeys (ConfUtils.java:logGet(44)) - raft.server.log.queue.element-limit = 1024 (custom)
2020-12-18 01:51:21,895 [pool-317-thread-1] INFO  server.RaftServerConfigKeys (ConfUtils.java:logGet(44)) - raft.server.log.segment.size.max = 1048576 (custom)
2020-12-18 01:51:21,895 [pool-317-thread-1] INFO  server.RaftServerConfigKeys (ConfUtils.java:logGet(44)) - raft.server.log.preallocated.size = 16384 (custom)
2020-12-18 01:51:21,895 [pool-317-thread-1] INFO  server.RaftServerConfigKeys (ConfUtils.java:logGet(44)) - raft.server.log.write.buffer.size = 1048576 (custom)
2020-12-18 01:51:21,895 [pool-317-thread-1] INFO  server.RaftServerConfigKeys (ConfUtils.java:logGet(44)) - raft.server.log.force.sync.num = 128 (default)
2020-12-18 01:51:21,895 [pool-317-thread-1] INFO  server.RaftServerConfigKeys (ConfUtils.java:logGet(44)) - raft.server.log.statemachine.data.sync = true (default)
2020-12-18 01:51:21,895 [pool-317-thread-1] INFO  server.RaftServerConfigKeys (ConfUtils.java:logGet(44)) - raft.server.log.statemachine.data.sync.timeout = 10s (default)
2020-12-18 01:51:21,895 [pool-317-thread-1] INFO  server.RaftServerConfigKeys (ConfUtils.java:logGet(44)) - raft.server.log.statemachine.data.sync.timeout.retry = -1 (default)
2020-12-18 01:51:21,897 [pool-317-thread-1] INFO  server.RaftServerConfigKeys (ConfUtils.java:logGet(44)) - raft.server.log.statemachine.data.caching.enabled = true (custom)
2020-12-18 01:51:21,897 [pool-317-thread-1] INFO  segmented.SegmentedRaftLogWorker (SegmentedRaftLogWorker.java:lambda$new$0(129)) - 3269f5d2-042c-40e4-98fc-53bb9834c825@group-EFC59497A950-SegmentedRaftLogWorker: flushIndex: setUnconditionally 0 -> -1
2020-12-18 01:51:21,897 [pool-317-thread-1] INFO  segmented.SegmentedRaftLogWorker (SegmentedRaftLogWorker.java:lambda$new$0(129)) - 3269f5d2-042c-40e4-98fc-53bb9834c825@group-EFC59497A950-SegmentedRaftLogWorker: safeCacheEvictIndex: setUnconditionally 0 -> -1
2020-12-18 01:51:21,904 [pool-317-thread-1] INFO  server.RaftServerConfigKeys (ConfUtils.java:logGet(44)) - raft.server.snapshot.auto.trigger.enabled = true (custom)
2020-12-18 01:51:21,904 [pool-317-thread-1] INFO  server.RaftServerConfigKeys (ConfUtils.java:logGet(44)) - raft.server.snapshot.auto.trigger.threshold = 10000 (custom)
2020-12-18 01:51:21,904 [pool-317-thread-1] INFO  server.RaftServerConfigKeys (ConfUtils.java:logGet(44)) - raft.server.snapshot.retention.file.num = 5 (custom)
2020-12-18 01:51:21,904 [pool-317-thread-1] INFO  server.RaftServerConfigKeys (ConfUtils.java:logGet(44)) - raft.server.log.purge.upto.snapshot.index = false (default)
2020-12-18 01:51:21,904 [pool-317-thread-1] INFO  server.RaftServerConfigKeys (ConfUtils.java:logGet(44)) - raft.server.retrycache.expirytime = 600000ms (custom)
2020-12-18 01:51:21,904 [pool-317-thread-1] INFO  metrics.RatisMetrics (RatisMetrics.java:lambda$create$0(36)) - Creating Metrics Registry : ratis.leader_election.3269f5d2-042c-40e4-98fc-53bb9834c825@group-EFC59497A950
2020-12-18 01:51:21,904 [pool-317-thread-1] INFO  metrics.RatisMetrics (RatisMetrics.java:lambda$create$0(36)) - Creating Metrics Registry : ratis.server.3269f5d2-042c-40e4-98fc-53bb9834c825@group-EFC59497A950
2020-12-18 01:51:21,905 [pool-317-thread-1] INFO  impl.RaftServerImpl (RaftServerImpl.java:start(215)) - 3269f5d2-042c-40e4-98fc-53bb9834c825@group-EFC59497A950: start as a follower, conf=-1: [3269f5d2-042c-40e4-98fc-53bb9834c825|rpc:172.17.0.2:44561], old=null
2020-12-18 01:51:21,905 [pool-317-thread-1] INFO  impl.RaftServerImpl (RaftServerImpl.java:setRole(204)) - 3269f5d2-042c-40e4-98fc-53bb9834c825@group-EFC59497A950: changes role from      null to FOLLOWER at term 0 for startAsFollower
2020-12-18 01:51:21,905 [pool-317-thread-1] INFO  impl.RoleInfo (RoleInfo.java:updateAndGet(143)) - 3269f5d2-042c-40e4-98fc-53bb9834c825: start 3269f5d2-042c-40e4-98fc-53bb9834c825@group-EFC59497A950-FollowerState
2020-12-18 01:51:21,905 [pool-317-thread-1] INFO  util.JmxRegister (JmxRegister.java:tryRegister(44)) - Successfully registered JMX Bean with object name Ratis:service=RaftServer,group=group-EFC59497A950,id=3269f5d2-042c-40e4-98fc-53bb9834c825
2020-12-18 01:51:21,905 [pool-317-thread-1] INFO  metrics.RatisMetrics (RatisMetrics.java:lambda$create$0(36)) - Creating Metrics Registry : ratis.state_machine.3269f5d2-042c-40e4-98fc-53bb9834c825@group-EFC59497A950
2020-12-18 01:51:21,906 [Command processor thread] INFO  commandhandler.CreatePipelineCommandHandler (CreatePipelineCommandHandler.java:handle(106)) - Created Pipeline RATIS ONE PipelineID=86e14c97-cb80-4e1c-9cd8-efc59497a950.
2020-12-18 01:51:21,966 [EventQueue-PipelineReportForOneReplicaPipelineSafeModeRule] INFO  safemode.SCMSafeModeManager (SCMSafeModeManager.java:validateSafeModeExitRules(214)) - AtleastOneDatanodeReportedRule rule is successfully validated
2020-12-18 01:51:21,966 [EventQueue-OpenPipelineForHealthyPipelineSafeModeRule] INFO  safemode.SCMSafeModeManager (HealthyPipelineSafeModeRule.java:process(128)) - SCM in safe mode. Healthy pipelines reported count is 0, required healthy pipeline reported count is 1
2020-12-18 01:51:22,133 [EventQueue-OpenPipelineForHealthyPipelineSafeModeRule] INFO  safemode.SCMSafeModeManager (HealthyPipelineSafeModeRule.java:process(128)) - SCM in safe mode. Healthy pipelines reported count is 0, required healthy pipeline reported count is 1
2020-12-18 01:51:22,133 [EventQueue-PipelineReportForOneReplicaPipelineSafeModeRule] INFO  safemode.SCMSafeModeManager (SCMSafeModeManager.java:validateSafeModeExitRules(214)) - AtleastOneDatanodeReportedRule rule is successfully validated
2020-12-18 01:51:22,328 [EventQueue-PipelineReportForOneReplicaPipelineSafeModeRule] INFO  safemode.SCMSafeModeManager (SCMSafeModeManager.java:validateSafeModeExitRules(214)) - AtleastOneDatanodeReportedRule rule is successfully validated
2020-12-18 01:51:22,329 [EventQueue-OpenPipelineForHealthyPipelineSafeModeRule] INFO  safemode.SCMSafeModeManager (HealthyPipelineSafeModeRule.java:process(128)) - SCM in safe mode. Healthy pipelines reported count is 0, required healthy pipeline reported count is 1
2020-12-18 01:51:22,535 [EventQueue-OpenPipelineForHealthyPipelineSafeModeRule] INFO  safemode.SCMSafeModeManager (HealthyPipelineSafeModeRule.java:process(128)) - SCM in safe mode. Healthy pipelines reported count is 0, required healthy pipeline reported count is 1
2020-12-18 01:51:22,535 [EventQueue-PipelineReportForOneReplicaPipelineSafeModeRule] INFO  safemode.SCMSafeModeManager (SCMSafeModeManager.java:validateSafeModeExitRules(214)) - AtleastOneDatanodeReportedRule rule is successfully validated
2020-12-18 01:51:22,706 [EventQueue-OpenPipelineForHealthyPipelineSafeModeRule] INFO  safemode.SCMSafeModeManager (HealthyPipelineSafeModeRule.java:process(128)) - SCM in safe mode. Healthy pipelines reported count is 0, required healthy pipeline reported count is 1
2020-12-18 01:51:22,706 [EventQueue-PipelineReportForOneReplicaPipelineSafeModeRule] INFO  safemode.SCMSafeModeManager (SCMSafeModeManager.java:validateSafeModeExitRules(214)) - AtleastOneDatanodeReportedRule rule is successfully validated
2020-12-18 01:51:22,879 [Listener at 127.0.0.1/40197] INFO  ozone.MiniOzoneClusterImpl (MiniOzoneClusterImpl.java:lambda$waitForClusterToBeReady$0(178)) - Nodes are ready. Got 6 of 6 DN Heartbeats.
2020-12-18 01:51:22,880 [Listener at 127.0.0.1/40197] INFO  ozone.MiniOzoneClusterImpl (MiniOzoneClusterImpl.java:lambda$waitForClusterToBeReady$0(181)) - Waiting for cluster to exit safe mode
2020-12-18 01:51:22,894 [EventQueue-OpenPipelineForHealthyPipelineSafeModeRule] INFO  safemode.SCMSafeModeManager (HealthyPipelineSafeModeRule.java:process(128)) - SCM in safe mode. Healthy pipelines reported count is 0, required healthy pipeline reported count is 1
2020-12-18 01:51:22,894 [EventQueue-PipelineReportForOneReplicaPipelineSafeModeRule] INFO  safemode.SCMSafeModeManager (SCMSafeModeManager.java:validateSafeModeExitRules(214)) - AtleastOneDatanodeReportedRule rule is successfully validated
2020-12-18 01:51:22,966 [EventQueue-OpenPipelineForHealthyPipelineSafeModeRule] INFO  safemode.SCMSafeModeManager (HealthyPipelineSafeModeRule.java:process(128)) - SCM in safe mode. Healthy pipelines reported count is 0, required healthy pipeline reported count is 1
2020-12-18 01:51:22,966 [EventQueue-PipelineReportForOneReplicaPipelineSafeModeRule] INFO  safemode.SCMSafeModeManager (SCMSafeModeManager.java:validateSafeModeExitRules(214)) - AtleastOneDatanodeReportedRule rule is successfully validated
2020-12-18 01:51:23,133 [EventQueue-OpenPipelineForHealthyPipelineSafeModeRule] INFO  safemode.SCMSafeModeManager (HealthyPipelineSafeModeRule.java:process(128)) - SCM in safe mode. Healthy pipelines reported count is 0, required healthy pipeline reported count is 1
2020-12-18 01:51:23,133 [EventQueue-PipelineReportForOneReplicaPipelineSafeModeRule] INFO  safemode.SCMSafeModeManager (SCMSafeModeManager.java:validateSafeModeExitRules(214)) - AtleastOneDatanodeReportedRule rule is successfully validated
2020-12-18 01:51:23,329 [EventQueue-PipelineReportForOneReplicaPipelineSafeModeRule] INFO  safemode.SCMSafeModeManager (SCMSafeModeManager.java:validateSafeModeExitRules(214)) - AtleastOneDatanodeReportedRule rule is successfully validated
2020-12-18 01:51:23,329 [EventQueue-OpenPipelineForHealthyPipelineSafeModeRule] INFO  safemode.SCMSafeModeManager (HealthyPipelineSafeModeRule.java:process(128)) - SCM in safe mode. Healthy pipelines reported count is 0, required healthy pipeline reported count is 1
2020-12-18 01:51:23,535 [EventQueue-PipelineReportForOneReplicaPipelineSafeModeRule] INFO  safemode.SCMSafeModeManager (SCMSafeModeManager.java:validateSafeModeExitRules(214)) - AtleastOneDatanodeReportedRule rule is successfully validated
2020-12-18 01:51:23,536 [EventQueue-OpenPipelineForHealthyPipelineSafeModeRule] INFO  safemode.SCMSafeModeManager (HealthyPipelineSafeModeRule.java:process(128)) - SCM in safe mode. Healthy pipelines reported count is 0, required healthy pipeline reported count is 1
2020-12-18 01:51:23,706 [EventQueue-PipelineReportForOneReplicaPipelineSafeModeRule] INFO  safemode.SCMSafeModeManager (SCMSafeModeManager.java:validateSafeModeExitRules(214)) - AtleastOneDatanodeReportedRule rule is successfully validated
2020-12-18 01:51:23,707 [EventQueue-OpenPipelineForHealthyPipelineSafeModeRule] INFO  safemode.SCMSafeModeManager (HealthyPipelineSafeModeRule.java:process(128)) - SCM in safe mode. Healthy pipelines reported count is 0, required healthy pipeline reported count is 1
2020-12-18 01:51:23,880 [Listener at 127.0.0.1/40197] INFO  ozone.MiniOzoneClusterImpl (MiniOzoneClusterImpl.java:lambda$waitForClusterToBeReady$0(178)) - Nodes are ready. Got 6 of 6 DN Heartbeats.
2020-12-18 01:51:23,880 [Listener at 127.0.0.1/40197] INFO  ozone.MiniOzoneClusterImpl (MiniOzoneClusterImpl.java:lambda$waitForClusterToBeReady$0(181)) - Waiting for cluster to exit safe mode
2020-12-18 01:51:23,894 [EventQueue-OpenPipelineForHealthyPipelineSafeModeRule] INFO  safemode.SCMSafeModeManager (HealthyPipelineSafeModeRule.java:process(128)) - SCM in safe mode. Healthy pipelines reported count is 0, required healthy pipeline reported count is 1
2020-12-18 01:51:23,894 [EventQueue-PipelineReportForOneReplicaPipelineSafeModeRule] INFO  safemode.SCMSafeModeManager (SCMSafeModeManager.java:validateSafeModeExitRules(214)) - AtleastOneDatanodeReportedRule rule is successfully validated
2020-12-18 01:51:23,966 [EventQueue-PipelineReportForOneReplicaPipelineSafeModeRule] INFO  safemode.SCMSafeModeManager (SCMSafeModeManager.java:validateSafeModeExitRules(214)) - AtleastOneDatanodeReportedRule rule is successfully validated
2020-12-18 01:51:23,966 [EventQueue-OpenPipelineForHealthyPipelineSafeModeRule] INFO  safemode.SCMSafeModeManager (HealthyPipelineSafeModeRule.java:process(128)) - SCM in safe mode. Healthy pipelines reported count is 0, required healthy pipeline reported count is 1
2020-12-18 01:51:24,134 [EventQueue-OpenPipelineForHealthyPipelineSafeModeRule] INFO  safemode.SCMSafeModeManager (HealthyPipelineSafeModeRule.java:process(128)) - SCM in safe mode. Healthy pipelines reported count is 0, required healthy pipeline reported count is 1
2020-12-18 01:51:24,134 [EventQueue-PipelineReportForOneReplicaPipelineSafeModeRule] INFO  safemode.SCMSafeModeManager (SCMSafeModeManager.java:validateSafeModeExitRules(214)) - AtleastOneDatanodeReportedRule rule is successfully validated
2020-12-18 01:51:24,329 [EventQueue-PipelineReportForOneReplicaPipelineSafeModeRule] INFO  safemode.SCMSafeModeManager (SCMSafeModeManager.java:validateSafeModeExitRules(214)) - AtleastOneDatanodeReportedRule rule is successfully validated
2020-12-18 01:51:24,329 [EventQueue-OpenPipelineForHealthyPipelineSafeModeRule] INFO  safemode.SCMSafeModeManager (HealthyPipelineSafeModeRule.java:process(128)) - SCM in safe mode. Healthy pipelines reported count is 0, required healthy pipeline reported count is 1
2020-12-18 01:51:24,535 [EventQueue-OpenPipelineForHealthyPipelineSafeModeRule] INFO  safemode.SCMSafeModeManager (HealthyPipelineSafeModeRule.java:process(128)) - SCM in safe mode. Healthy pipelines reported count is 0, required healthy pipeline reported count is 1
2020-12-18 01:51:24,535 [EventQueue-PipelineReportForOneReplicaPipelineSafeModeRule] INFO  safemode.SCMSafeModeManager (SCMSafeModeManager.java:validateSafeModeExitRules(214)) - AtleastOneDatanodeReportedRule rule is successfully validated
2020-12-18 01:51:24,707 [EventQueue-OpenPipelineForHealthyPipelineSafeModeRule] INFO  safemode.SCMSafeModeManager (HealthyPipelineSafeModeRule.java:process(128)) - SCM in safe mode. Healthy pipelines reported count is 0, required healthy pipeline reported count is 1
2020-12-18 01:51:24,707 [EventQueue-PipelineReportForOneReplicaPipelineSafeModeRule] INFO  safemode.SCMSafeModeManager (SCMSafeModeManager.java:validateSafeModeExitRules(214)) - AtleastOneDatanodeReportedRule rule is successfully validated
2020-12-18 01:51:24,880 [Listener at 127.0.0.1/40197] INFO  ozone.MiniOzoneClusterImpl (MiniOzoneClusterImpl.java:lambda$waitForClusterToBeReady$0(178)) - Nodes are ready. Got 6 of 6 DN Heartbeats.
2020-12-18 01:51:24,880 [Listener at 127.0.0.1/40197] INFO  ozone.MiniOzoneClusterImpl (MiniOzoneClusterImpl.java:lambda$waitForClusterToBeReady$0(181)) - Waiting for cluster to exit safe mode
2020-12-18 01:51:24,894 [EventQueue-OpenPipelineForHealthyPipelineSafeModeRule] INFO  safemode.SCMSafeModeManager (HealthyPipelineSafeModeRule.java:process(128)) - SCM in safe mode. Healthy pipelines reported count is 0, required healthy pipeline reported count is 1
2020-12-18 01:51:24,894 [EventQueue-PipelineReportForOneReplicaPipelineSafeModeRule] INFO  safemode.SCMSafeModeManager (SCMSafeModeManager.java:validateSafeModeExitRules(214)) - AtleastOneDatanodeReportedRule rule is successfully validated
2020-12-18 01:51:24,965 [EventQueue-PipelineReportForOneReplicaPipelineSafeModeRule] INFO  safemode.SCMSafeModeManager (SCMSafeModeManager.java:validateSafeModeExitRules(214)) - AtleastOneDatanodeReportedRule rule is successfully validated
2020-12-18 01:51:24,966 [EventQueue-OpenPipelineForHealthyPipelineSafeModeRule] INFO  safemode.SCMSafeModeManager (HealthyPipelineSafeModeRule.java:process(128)) - SCM in safe mode. Healthy pipelines reported count is 0, required healthy pipeline reported count is 1
2020-12-18 01:51:25,133 [EventQueue-OpenPipelineForHealthyPipelineSafeModeRule] INFO  safemode.SCMSafeModeManager (HealthyPipelineSafeModeRule.java:process(128)) - SCM in safe mode. Healthy pipelines reported count is 0, required healthy pipeline reported count is 1
2020-12-18 01:51:25,133 [EventQueue-PipelineReportForOneReplicaPipelineSafeModeRule] INFO  safemode.SCMSafeModeManager (SCMSafeModeManager.java:validateSafeModeExitRules(214)) - AtleastOneDatanodeReportedRule rule is successfully validated
2020-12-18 01:51:25,329 [EventQueue-PipelineReportForOneReplicaPipelineSafeModeRule] INFO  safemode.SCMSafeModeManager (SCMSafeModeManager.java:validateSafeModeExitRules(214)) - AtleastOneDatanodeReportedRule rule is successfully validated
2020-12-18 01:51:25,329 [EventQueue-OpenPipelineForHealthyPipelineSafeModeRule] INFO  safemode.SCMSafeModeManager (HealthyPipelineSafeModeRule.java:process(128)) - SCM in safe mode. Healthy pipelines reported count is 0, required healthy pipeline reported count is 1
2020-12-18 01:51:25,535 [EventQueue-PipelineReportForOneReplicaPipelineSafeModeRule] INFO  safemode.SCMSafeModeManager (SCMSafeModeManager.java:validateSafeModeExitRules(214)) - AtleastOneDatanodeReportedRule rule is successfully validated
2020-12-18 01:51:25,536 [EventQueue-OpenPipelineForHealthyPipelineSafeModeRule] INFO  safemode.SCMSafeModeManager (HealthyPipelineSafeModeRule.java:process(128)) - SCM in safe mode. Healthy pipelines reported count is 0, required healthy pipeline reported count is 1
2020-12-18 01:51:25,707 [EventQueue-OpenPipelineForHealthyPipelineSafeModeRule] INFO  safemode.SCMSafeModeManager (HealthyPipelineSafeModeRule.java:process(128)) - SCM in safe mode. Healthy pipelines reported count is 0, required healthy pipeline reported count is 1
2020-12-18 01:51:25,707 [EventQueue-PipelineReportForOneReplicaPipelineSafeModeRule] INFO  safemode.SCMSafeModeManager (SCMSafeModeManager.java:validateSafeModeExitRules(214)) - AtleastOneDatanodeReportedRule rule is successfully validated
2020-12-18 01:51:25,881 [Listener at 127.0.0.1/40197] INFO  ozone.MiniOzoneClusterImpl (MiniOzoneClusterImpl.java:lambda$waitForClusterToBeReady$0(178)) - Nodes are ready. Got 6 of 6 DN Heartbeats.
2020-12-18 01:51:25,881 [Listener at 127.0.0.1/40197] INFO  ozone.MiniOzoneClusterImpl (MiniOzoneClusterImpl.java:lambda$waitForClusterToBeReady$0(181)) - Waiting for cluster to exit safe mode
2020-12-18 01:51:25,894 [EventQueue-PipelineReportForOneReplicaPipelineSafeModeRule] INFO  safemode.SCMSafeModeManager (SCMSafeModeManager.java:validateSafeModeExitRules(214)) - AtleastOneDatanodeReportedRule rule is successfully validated
2020-12-18 01:51:25,894 [EventQueue-OpenPipelineForHealthyPipelineSafeModeRule] INFO  safemode.SCMSafeModeManager (HealthyPipelineSafeModeRule.java:process(128)) - SCM in safe mode. Healthy pipelines reported count is 0, required healthy pipeline reported count is 1
2020-12-18 01:51:25,963 [Thread-813] INFO  impl.FollowerState (FollowerState.java:run(128)) - 2abc6dfe-890a-4d70-ad0b-3558951658f5@group-F18240B2DB4E-FollowerState: change to CANDIDATE, lastRpcTime:5008ms, electionTimeout:5002ms
2020-12-18 01:51:25,964 [Thread-813] INFO  impl.RoleInfo (RoleInfo.java:shutdownFollowerState(121)) - 2abc6dfe-890a-4d70-ad0b-3558951658f5: shutdown 2abc6dfe-890a-4d70-ad0b-3558951658f5@group-F18240B2DB4E-FollowerState
2020-12-18 01:51:25,964 [Thread-813] INFO  impl.RaftServerImpl (RaftServerImpl.java:setRole(204)) - 2abc6dfe-890a-4d70-ad0b-3558951658f5@group-F18240B2DB4E: changes role from  FOLLOWER to CANDIDATE at term 0 for changeToCandidate
2020-12-18 01:51:25,964 [Thread-813] INFO  impl.RoleInfo (RoleInfo.java:updateAndGet(143)) - 2abc6dfe-890a-4d70-ad0b-3558951658f5: start 2abc6dfe-890a-4d70-ad0b-3558951658f5@group-F18240B2DB4E-LeaderElection9
2020-12-18 01:51:25,966 [EventQueue-PipelineReportForOneReplicaPipelineSafeModeRule] INFO  safemode.SCMSafeModeManager (SCMSafeModeManager.java:validateSafeModeExitRules(214)) - AtleastOneDatanodeReportedRule rule is successfully validated
2020-12-18 01:51:25,966 [EventQueue-OpenPipelineForHealthyPipelineSafeModeRule] INFO  safemode.SCMSafeModeManager (HealthyPipelineSafeModeRule.java:process(128)) - SCM in safe mode. Healthy pipelines reported count is 0, required healthy pipeline reported count is 1
2020-12-18 01:51:25,968 [2abc6dfe-890a-4d70-ad0b-3558951658f5@group-F18240B2DB4E-LeaderElection9] INFO  impl.LeaderElection (LeaderElection.java:askForVotes(215)) - 2abc6dfe-890a-4d70-ad0b-3558951658f5@group-F18240B2DB4E-LeaderElection9: begin an election at term 1 for -1: [2abc6dfe-890a-4d70-ad0b-3558951658f5|rpc:172.17.0.2:44191], old=null
2020-12-18 01:51:25,968 [2abc6dfe-890a-4d70-ad0b-3558951658f5@group-F18240B2DB4E-LeaderElection9] INFO  impl.RoleInfo (RoleInfo.java:shutdownLeaderElection(134)) - 2abc6dfe-890a-4d70-ad0b-3558951658f5: shutdown 2abc6dfe-890a-4d70-ad0b-3558951658f5@group-F18240B2DB4E-LeaderElection9
2020-12-18 01:51:25,968 [2abc6dfe-890a-4d70-ad0b-3558951658f5@group-F18240B2DB4E-LeaderElection9] INFO  impl.RaftServerImpl (RaftServerImpl.java:setRole(204)) - 2abc6dfe-890a-4d70-ad0b-3558951658f5@group-F18240B2DB4E: changes role from CANDIDATE to LEADER at term 1 for changeToLeader
2020-12-18 01:51:25,968 [2abc6dfe-890a-4d70-ad0b-3558951658f5@group-F18240B2DB4E-LeaderElection9] INFO  ratis.XceiverServerRatis (XceiverServerRatis.java:handleLeaderChangedNotification(854)) - Leader change notification received for group: group-F18240B2DB4E with new leaderId: 2abc6dfe-890a-4d70-ad0b-3558951658f5
2020-12-18 01:51:25,968 [2abc6dfe-890a-4d70-ad0b-3558951658f5@group-F18240B2DB4E-LeaderElection9] INFO  impl.RaftServerImpl (ServerState.java:setLeader(256)) - 2abc6dfe-890a-4d70-ad0b-3558951658f5@group-F18240B2DB4E: change Leader from null to 2abc6dfe-890a-4d70-ad0b-3558951658f5 at term 1 for becomeLeader, leader elected after 5019ms
2020-12-18 01:51:25,968 [2abc6dfe-890a-4d70-ad0b-3558951658f5@group-F18240B2DB4E-LeaderElection9] INFO  server.RaftServerConfigKeys (ConfUtils.java:logGet(44)) - raft.server.staging.catchup.gap = 1000 (default)
2020-12-18 01:51:25,968 [2abc6dfe-890a-4d70-ad0b-3558951658f5@group-F18240B2DB4E-LeaderElection9] INFO  server.RaftServerConfigKeys (ConfUtils.java:logGet(44)) - raft.server.rpc.sleep.time = 25ms (default)
2020-12-18 01:51:25,969 [2abc6dfe-890a-4d70-ad0b-3558951658f5@group-F18240B2DB4E-LeaderElection9] INFO  metrics.RatisMetrics (RatisMetrics.java:lambda$create$0(36)) - Creating Metrics Registry : ratis.log_appender.2abc6dfe-890a-4d70-ad0b-3558951658f5@group-F18240B2DB4E
2020-12-18 01:51:25,969 [EventQueue-PipelineReportForOneReplicaPipelineSafeModeRule] INFO  safemode.SCMSafeModeManager (SCMSafeModeManager.java:validateSafeModeExitRules(214)) - AtleastOneDatanodeReportedRule rule is successfully validated
2020-12-18 01:51:25,969 [EventQueue-OpenPipelineForHealthyPipelineSafeModeRule] INFO  safemode.SCMSafeModeManager (HealthyPipelineSafeModeRule.java:process(128)) - SCM in safe mode. Healthy pipelines reported count is 0, required healthy pipeline reported count is 1
2020-12-18 01:51:25,969 [2abc6dfe-890a-4d70-ad0b-3558951658f5@group-F18240B2DB4E-LeaderElection9] INFO  server.RaftServerConfigKeys (ConfUtils.java:logGet(44)) - raft.server.write.element-limit = 1024 (custom)
2020-12-18 01:51:25,969 [2abc6dfe-890a-4d70-ad0b-3558951658f5@group-F18240B2DB4E-LeaderElection9] INFO  server.RaftServerConfigKeys (ConfUtils.java:logGet(44)) - raft.server.write.byte-limit = 1073741824 (custom)
2020-12-18 01:51:25,970 [2abc6dfe-890a-4d70-ad0b-3558951658f5@group-F18240B2DB4E-LeaderElection9] INFO  server.RaftServerConfigKeys (ConfUtils.java:logGet(44)) - raft.server.watch.timeout = 180s (custom)
2020-12-18 01:51:25,970 [2abc6dfe-890a-4d70-ad0b-3558951658f5@group-F18240B2DB4E-LeaderElection9] INFO  server.RaftServerConfigKeys (ConfUtils.java:logGet(44)) - raft.server.watch.timeout.denomination = 1s (default)
2020-12-18 01:51:25,970 [2abc6dfe-890a-4d70-ad0b-3558951658f5@group-F18240B2DB4E-LeaderElection9] INFO  server.RaftServerConfigKeys (ConfUtils.java:logGet(44)) - raft.server.watch.element-limit = 65536 (default)
2020-12-18 01:51:25,970 [2abc6dfe-890a-4d70-ad0b-3558951658f5@group-F18240B2DB4E-LeaderElection9] INFO  impl.RoleInfo (RoleInfo.java:updateAndGet(143)) - 2abc6dfe-890a-4d70-ad0b-3558951658f5: start 2abc6dfe-890a-4d70-ad0b-3558951658f5@group-F18240B2DB4E-LeaderState
2020-12-18 01:51:25,970 [2abc6dfe-890a-4d70-ad0b-3558951658f5@group-F18240B2DB4E-LeaderElection9] INFO  segmented.SegmentedRaftLogWorker (SegmentedRaftLogWorker.java:startLogSegment(398)) - 2abc6dfe-890a-4d70-ad0b-3558951658f5@group-F18240B2DB4E-SegmentedRaftLogWorker: Starting segment from index:0
2020-12-18 01:51:25,971 [2abc6dfe-890a-4d70-ad0b-3558951658f5@group-F18240B2DB4E-LeaderElection9] INFO  impl.RaftServerImpl (ServerState.java:setRaftConf(374)) - 2abc6dfe-890a-4d70-ad0b-3558951658f5@group-F18240B2DB4E: set configuration 0: [2abc6dfe-890a-4d70-ad0b-3558951658f5|rpc:172.17.0.2:44191|dataStream:], old=null at 0
2020-12-18 01:51:25,972 [2abc6dfe-890a-4d70-ad0b-3558951658f5@group-F18240B2DB4E-SegmentedRaftLogWorker] INFO  segmented.SegmentedRaftLogWorker (SegmentedRaftLogWorker.java:execute(597)) - 2abc6dfe-890a-4d70-ad0b-3558951658f5@group-F18240B2DB4E-SegmentedRaftLogWorker: created new log segment /github/workspace/mnt/ozone/hadoop-ozone/integration-test/target/test-dir/MiniOzoneClusterImpl-4564f03c-bda0-461a-b884-74ed0c78bad0/datanode-0/data/ratis/d4e7e20d-0633-4858-ab6d-f18240b2db4e/current/log_inprogress_0
2020-12-18 01:51:26,106 [Thread-820] INFO  impl.FollowerState (FollowerState.java:run(128)) - 0411c1e5-01dd-41ac-a234-123af2469892@group-C718E5E6B254-FollowerState: change to CANDIDATE, lastRpcTime:5076ms, electionTimeout:5071ms
2020-12-18 01:51:26,106 [Thread-820] INFO  impl.RoleInfo (RoleInfo.java:shutdownFollowerState(121)) - 0411c1e5-01dd-41ac-a234-123af2469892: shutdown 0411c1e5-01dd-41ac-a234-123af2469892@group-C718E5E6B254-FollowerState
2020-12-18 01:51:26,106 [Thread-820] INFO  impl.RaftServerImpl (RaftServerImpl.java:setRole(204)) - 0411c1e5-01dd-41ac-a234-123af2469892@group-C718E5E6B254: changes role from  FOLLOWER to CANDIDATE at term 0 for changeToCandidate
2020-12-18 01:51:26,106 [Thread-820] INFO  impl.RoleInfo (RoleInfo.java:updateAndGet(143)) - 0411c1e5-01dd-41ac-a234-123af2469892: start 0411c1e5-01dd-41ac-a234-123af2469892@group-C718E5E6B254-LeaderElection10
2020-12-18 01:51:26,109 [0411c1e5-01dd-41ac-a234-123af2469892@group-C718E5E6B254-LeaderElection10] INFO  impl.LeaderElection (LeaderElection.java:askForVotes(215)) - 0411c1e5-01dd-41ac-a234-123af2469892@group-C718E5E6B254-LeaderElection10: begin an election at term 1 for -1: [2abc6dfe-890a-4d70-ad0b-3558951658f5|rpc:172.17.0.2:44191|dataStream:, 0411c1e5-01dd-41ac-a234-123af2469892|rpc:172.17.0.2:39213|dataStream:, 5a6704fc-15bd-4230-8cbe-d21da4b813be|rpc:172.17.0.2:42589|dataStream:], old=null
2020-12-18 01:51:26,125 [grpc-default-executor-0] INFO  metrics.RatisMetrics (RatisMetrics.java:lambda$create$0(36)) - Creating Metrics Registry : ratis.server_message_metrics.2abc6dfe-890a-4d70-ad0b-3558951658f5
2020-12-18 01:51:26,132 [grpc-default-executor-0] INFO  impl.RaftServerImpl (RaftServerImpl.java:setRole(204)) - 2abc6dfe-890a-4d70-ad0b-3558951658f5@group-C718E5E6B254: changes role from  FOLLOWER to FOLLOWER at term 1 for recognizeCandidate:0411c1e5-01dd-41ac-a234-123af2469892
2020-12-18 01:51:26,133 [grpc-default-executor-0] INFO  impl.RoleInfo (RoleInfo.java:shutdownFollowerState(121)) - 2abc6dfe-890a-4d70-ad0b-3558951658f5: shutdown 2abc6dfe-890a-4d70-ad0b-3558951658f5@group-C718E5E6B254-FollowerState
2020-12-18 01:51:26,133 [grpc-default-executor-0] INFO  impl.RoleInfo (RoleInfo.java:updateAndGet(143)) - 2abc6dfe-890a-4d70-ad0b-3558951658f5: start 2abc6dfe-890a-4d70-ad0b-3558951658f5@group-C718E5E6B254-FollowerState
2020-12-18 01:51:26,133 [Thread-815] INFO  impl.FollowerState (FollowerState.java:run(137)) - 2abc6dfe-890a-4d70-ad0b-3558951658f5@group-C718E5E6B254-FollowerState was interrupted: {}
java.lang.InterruptedException: sleep interrupted
	at java.lang.Thread.sleep(Native Method)
	at org.apache.ratis.util.JavaUtils.sleep(JavaUtils.java:250)
	at org.apache.ratis.server.impl.FollowerState.run(FollowerState.java:116)
2020-12-18 01:51:26,133 [grpc-default-executor-1] INFO  impl.RaftServerImpl (RaftServerImpl.java:setRole(204)) - 5a6704fc-15bd-4230-8cbe-d21da4b813be@group-C718E5E6B254: changes role from  FOLLOWER to FOLLOWER at term 1 for recognizeCandidate:0411c1e5-01dd-41ac-a234-123af2469892
2020-12-18 01:51:26,133 [grpc-default-executor-1] INFO  impl.RoleInfo (RoleInfo.java:shutdownFollowerState(121)) - 5a6704fc-15bd-4230-8cbe-d21da4b813be: shutdown 5a6704fc-15bd-4230-8cbe-d21da4b813be@group-C718E5E6B254-FollowerState
2020-12-18 01:51:26,133 [grpc-default-executor-0] INFO  impl.RaftServerImpl (RaftServerImpl.java:requestVote(963)) -  FOLLOWER 2abc6dfe-890a-4d70-ad0b-3558951658f5@group-C718E5E6B254:t1, leader=null, voted=null, raftlog=2abc6dfe-890a-4d70-ad0b-3558951658f5@group-C718E5E6B254-SegmentedRaftLog:OPENED:c-1,f-1,i0, conf=-1: [2abc6dfe-890a-4d70-ad0b-3558951658f5|rpc:172.17.0.2:44191, 0411c1e5-01dd-41ac-a234-123af2469892|rpc:172.17.0.2:39213, 5a6704fc-15bd-4230-8cbe-d21da4b813be|rpc:172.17.0.2:42589], old=null RUNNING priority:0 candidate:0411c1e5-01dd-41ac-a234-123af2469892|rpc:172.17.0.2:39213 candidatePriority:0 compare:0
2020-12-18 01:51:26,133 [EventQueue-PipelineReportForOneReplicaPipelineSafeModeRule] INFO  safemode.SCMSafeModeManager (SCMSafeModeManager.java:validateSafeModeExitRules(214)) - AtleastOneDatanodeReportedRule rule is successfully validated
2020-12-18 01:51:26,134 [EventQueue-OpenPipelineForHealthyPipelineSafeModeRule] INFO  safemode.SCMSafeModeManager (HealthyPipelineSafeModeRule.java:process(128)) - SCM in safe mode. Healthy pipelines reported count is 0, required healthy pipeline reported count is 1
2020-12-18 01:51:26,139 [Thread-817] INFO  impl.FollowerState (FollowerState.java:run(137)) - 5a6704fc-15bd-4230-8cbe-d21da4b813be@group-C718E5E6B254-FollowerState was interrupted: {}
java.lang.InterruptedException: sleep interrupted
	at java.lang.Thread.sleep(Native Method)
	at org.apache.ratis.util.JavaUtils.sleep(JavaUtils.java:250)
	at org.apache.ratis.server.impl.FollowerState.run(FollowerState.java:116)
2020-12-18 01:51:26,139 [grpc-default-executor-1] INFO  impl.RoleInfo (RoleInfo.java:updateAndGet(143)) - 5a6704fc-15bd-4230-8cbe-d21da4b813be: start 5a6704fc-15bd-4230-8cbe-d21da4b813be@group-C718E5E6B254-FollowerState
2020-12-18 01:51:26,140 [grpc-default-executor-1] INFO  impl.RaftServerImpl (RaftServerImpl.java:requestVote(963)) -  FOLLOWER 5a6704fc-15bd-4230-8cbe-d21da4b813be@group-C718E5E6B254:t1, leader=null, voted=null, raftlog=5a6704fc-15bd-4230-8cbe-d21da4b813be@group-C718E5E6B254-SegmentedRaftLog:OPENED:c-1,f-1,i0, conf=-1: [2abc6dfe-890a-4d70-ad0b-3558951658f5|rpc:172.17.0.2:44191|dataStream:, 0411c1e5-01dd-41ac-a234-123af2469892|rpc:172.17.0.2:39213|dataStream:, 5a6704fc-15bd-4230-8cbe-d21da4b813be|rpc:172.17.0.2:42589|dataStream:], old=null RUNNING priority:0 candidate:0411c1e5-01dd-41ac-a234-123af2469892|rpc:172.17.0.2:39213|dataStream: candidatePriority:0 compare:0
2020-12-18 01:51:26,142 [0411c1e5-01dd-41ac-a234-123af2469892@group-C718E5E6B254-LeaderElection10] INFO  impl.LeaderElection (LeaderElection.java:logAndReturn(65)) - 0411c1e5-01dd-41ac-a234-123af2469892@group-C718E5E6B254-LeaderElection10: Election PASSED; received 1 response(s) [0411c1e5-01dd-41ac-a234-123af2469892<-5a6704fc-15bd-4230-8cbe-d21da4b813be#0:OK-t1] and 0 exception(s); 0411c1e5-01dd-41ac-a234-123af2469892@group-C718E5E6B254:t1, leader=null, voted=0411c1e5-01dd-41ac-a234-123af2469892, raftlog=0411c1e5-01dd-41ac-a234-123af2469892@group-C718E5E6B254-SegmentedRaftLog:OPENED:c-1,f-1,i0, conf=-1: [2abc6dfe-890a-4d70-ad0b-3558951658f5|rpc:172.17.0.2:44191|dataStream:, 0411c1e5-01dd-41ac-a234-123af2469892|rpc:172.17.0.2:39213|dataStream:, 5a6704fc-15bd-4230-8cbe-d21da4b813be|rpc:172.17.0.2:42589|dataStream:], old=null
2020-12-18 01:51:26,142 [0411c1e5-01dd-41ac-a234-123af2469892@group-C718E5E6B254-LeaderElection10] INFO  impl.RoleInfo (RoleInfo.java:shutdownLeaderElection(134)) - 0411c1e5-01dd-41ac-a234-123af2469892: shutdown 0411c1e5-01dd-41ac-a234-123af2469892@group-C718E5E6B254-LeaderElection10
2020-12-18 01:51:26,142 [0411c1e5-01dd-41ac-a234-123af2469892@group-C718E5E6B254-LeaderElection10] INFO  impl.RaftServerImpl (RaftServerImpl.java:setRole(204)) - 0411c1e5-01dd-41ac-a234-123af2469892@group-C718E5E6B254: changes role from CANDIDATE to LEADER at term 1 for changeToLeader
2020-12-18 01:51:26,143 [0411c1e5-01dd-41ac-a234-123af2469892@group-C718E5E6B254-LeaderElection10] INFO  ratis.XceiverServerRatis (XceiverServerRatis.java:handleLeaderChangedNotification(854)) - Leader change notification received for group: group-C718E5E6B254 with new leaderId: 0411c1e5-01dd-41ac-a234-123af2469892
2020-12-18 01:51:26,143 [0411c1e5-01dd-41ac-a234-123af2469892@group-C718E5E6B254-LeaderElection10] INFO  impl.RaftServerImpl (ServerState.java:setLeader(256)) - 0411c1e5-01dd-41ac-a234-123af2469892@group-C718E5E6B254: change Leader from null to 0411c1e5-01dd-41ac-a234-123af2469892 at term 1 for becomeLeader, leader elected after 5122ms
2020-12-18 01:51:26,143 [0411c1e5-01dd-41ac-a234-123af2469892@group-C718E5E6B254-LeaderElection10] INFO  server.RaftServerConfigKeys (ConfUtils.java:logGet(44)) - raft.server.staging.catchup.gap = 1000 (default)
2020-12-18 01:51:26,143 [0411c1e5-01dd-41ac-a234-123af2469892@group-C718E5E6B254-LeaderElection10] INFO  server.RaftServerConfigKeys (ConfUtils.java:logGet(44)) - raft.server.rpc.sleep.time = 25ms (default)
2020-12-18 01:51:26,143 [0411c1e5-01dd-41ac-a234-123af2469892@group-C718E5E6B254-LeaderElection10] INFO  metrics.RatisMetrics (RatisMetrics.java:lambda$create$0(36)) - Creating Metrics Registry : ratis.log_appender.0411c1e5-01dd-41ac-a234-123af2469892@group-C718E5E6B254
2020-12-18 01:51:26,143 [0411c1e5-01dd-41ac-a234-123af2469892@group-C718E5E6B254-LeaderElection10] INFO  server.RaftServerConfigKeys (ConfUtils.java:logGet(44)) - raft.server.write.element-limit = 1024 (custom)
2020-12-18 01:51:26,143 [0411c1e5-01dd-41ac-a234-123af2469892@group-C718E5E6B254-LeaderElection10] INFO  server.RaftServerConfigKeys (ConfUtils.java:logGet(44)) - raft.server.write.byte-limit = 1073741824 (custom)
2020-12-18 01:51:26,143 [0411c1e5-01dd-41ac-a234-123af2469892@group-C718E5E6B254-LeaderElection10] INFO  server.RaftServerConfigKeys (ConfUtils.java:logGet(44)) - raft.server.watch.timeout = 180s (custom)
2020-12-18 01:51:26,143 [0411c1e5-01dd-41ac-a234-123af2469892@group-C718E5E6B254-LeaderElection10] INFO  server.RaftServerConfigKeys (ConfUtils.java:logGet(44)) - raft.server.watch.timeout.denomination = 1s (default)
2020-12-18 01:51:26,143 [0411c1e5-01dd-41ac-a234-123af2469892@group-C718E5E6B254-LeaderElection10] INFO  server.RaftServerConfigKeys (ConfUtils.java:logGet(44)) - raft.server.watch.element-limit = 65536 (default)
2020-12-18 01:51:26,148 [EventQueue-OpenPipelineForHealthyPipelineSafeModeRule] INFO  safemode.SCMSafeModeManager (HealthyPipelineSafeModeRule.java:process(128)) - SCM in safe mode. Healthy pipelines reported count is 0, required healthy pipeline reported count is 1
2020-12-18 01:51:26,148 [EventQueue-PipelineReportForOneReplicaPipelineSafeModeRule] INFO  safemode.SCMSafeModeManager (SCMSafeModeManager.java:validateSafeModeExitRules(214)) - AtleastOneDatanodeReportedRule rule is successfully validated
2020-12-18 01:51:26,148 [EventQueue-PipelineReportForPipelineReportHandler] INFO  pipeline.PipelineStateManager (PipelineStateManager.java:openPipeline(132)) - Pipeline Pipeline[ Id: 31dce71a-1f0f-4077-895d-c718e5e6b254, Nodes: 5a6704fc-15bd-4230-8cbe-d21da4b813be{ip: 172.17.0.2, host: 1fad9502c7b4, networkLocation: /default-rack, certSerialId: null, persistedOpState: IN_SERVICE, persistedOpStateExpiryEpochSec: 0}2abc6dfe-890a-4d70-ad0b-3558951658f5{ip: 172.17.0.2, host: 1fad9502c7b4, networkLocation: /default-rack, certSerialId: null, persistedOpState: IN_SERVICE, persistedOpStateExpiryEpochSec: 0}0411c1e5-01dd-41ac-a234-123af2469892{ip: 172.17.0.2, host: 1fad9502c7b4, networkLocation: /default-rack, certSerialId: null, persistedOpState: IN_SERVICE, persistedOpStateExpiryEpochSec: 0}, Type:RATIS, Factor:THREE, State:ALLOCATED, leaderId:0411c1e5-01dd-41ac-a234-123af2469892, CreationTimestamp2020-12-18T01:51:18.327Z] moved to OPEN state
2020-12-18 01:51:26,149 [0411c1e5-01dd-41ac-a234-123af2469892@group-C718E5E6B254-LeaderElection10] INFO  server.RaftServerConfigKeys (ConfUtils.java:logGet(44)) - raft.server.log.appender.snapshot.chunk.size.max = 16MB (=16777216) (default)
2020-12-18 01:51:26,149 [0411c1e5-01dd-41ac-a234-123af2469892@group-C718E5E6B254-LeaderElection10] INFO  server.RaftServerConfigKeys (ConfUtils.java:logGet(44)) - raft.server.log.appender.buffer.byte-limit = 33554432 (custom)
2020-12-18 01:51:26,149 [0411c1e5-01dd-41ac-a234-123af2469892@group-C718E5E6B254-LeaderElection10] INFO  server.RaftServerConfigKeys (ConfUtils.java:logGet(44)) - raft.server.log.appender.buffer.element-limit = 1 (custom)
2020-12-18 01:51:26,149 [0411c1e5-01dd-41ac-a234-123af2469892@group-C718E5E6B254-LeaderElection10] INFO  grpc.GrpcConfigKeys (ConfUtils.java:logGet(44)) - raft.grpc.server.leader.outstanding.appends.max = 128 (default)
2020-12-18 01:51:26,149 [0411c1e5-01dd-41ac-a234-123af2469892@group-C718E5E6B254-LeaderElection10] INFO  server.RaftServerConfigKeys (ConfUtils.java:logGet(44)) - raft.server.rpc.request.timeout = 60s (custom)
2020-12-18 01:51:26,149 [0411c1e5-01dd-41ac-a234-123af2469892@group-C718E5E6B254-LeaderElection10] INFO  server.RaftServerConfigKeys (ConfUtils.java:logGet(44)) - raft.server.log.appender.install.snapshot.enabled = false (custom)
2020-12-18 01:51:26,149 [0411c1e5-01dd-41ac-a234-123af2469892@group-C718E5E6B254-LeaderElection10] INFO  metrics.RatisMetrics (RatisMetrics.java:lambda$create$0(36)) - Creating Metrics Registry : ratis_grpc.log_appender.0411c1e5-01dd-41ac-a234-123af2469892@group-C718E5E6B254
2020-12-18 01:51:26,150 [0411c1e5-01dd-41ac-a234-123af2469892@group-C718E5E6B254-LeaderElection10] INFO  server.RaftServerConfigKeys (ConfUtils.java:logGet(44)) - raft.server.log.appender.snapshot.chunk.size.max = 16MB (=16777216) (default)
2020-12-18 01:51:26,150 [0411c1e5-01dd-41ac-a234-123af2469892@group-C718E5E6B254-LeaderElection10] INFO  server.RaftServerConfigKeys (ConfUtils.java:logGet(44)) - raft.server.log.appender.buffer.byte-limit = 33554432 (custom)
2020-12-18 01:51:26,150 [0411c1e5-01dd-41ac-a234-123af2469892@group-C718E5E6B254-LeaderElection10] INFO  server.RaftServerConfigKeys (ConfUtils.java:logGet(44)) - raft.server.log.appender.buffer.element-limit = 1 (custom)
2020-12-18 01:51:26,150 [0411c1e5-01dd-41ac-a234-123af2469892@group-C718E5E6B254-LeaderElection10] INFO  grpc.GrpcConfigKeys (ConfUtils.java:logGet(44)) - raft.grpc.server.leader.outstanding.appends.max = 128 (default)
2020-12-18 01:51:26,150 [0411c1e5-01dd-41ac-a234-123af2469892@group-C718E5E6B254-LeaderElection10] INFO  server.RaftServerConfigKeys (ConfUtils.java:logGet(44)) - raft.server.rpc.request.timeout = 60s (custom)
2020-12-18 01:51:26,150 [0411c1e5-01dd-41ac-a234-123af2469892@group-C718E5E6B254-LeaderElection10] INFO  server.RaftServerConfigKeys (ConfUtils.java:logGet(44)) - raft.server.log.appender.install.snapshot.enabled = false (custom)
2020-12-18 01:51:26,151 [0411c1e5-01dd-41ac-a234-123af2469892@group-C718E5E6B254-LeaderElection10] INFO  impl.RoleInfo (RoleInfo.java:updateAndGet(143)) - 0411c1e5-01dd-41ac-a234-123af2469892: start 0411c1e5-01dd-41ac-a234-123af2469892@group-C718E5E6B254-LeaderState
2020-12-18 01:51:26,152 [EventQueue-OpenPipelineForHealthyPipelineSafeModeRule] INFO  safemode.SCMSafeModeManager (HealthyPipelineSafeModeRule.java:process(128)) - SCM in safe mode. Healthy pipelines reported count is 1, required healthy pipeline reported count is 1
2020-12-18 01:51:26,152 [EventQueue-OpenPipelineForHealthyPipelineSafeModeRule] INFO  safemode.SCMSafeModeManager (SCMSafeModeManager.java:validateSafeModeExitRules(214)) - HealthyPipelineSafeModeRule rule is successfully validated
2020-12-18 01:51:26,152 [EventQueue-OpenPipelineForHealthyPipelineSafeModeRule] INFO  safemode.SCMSafeModeManager (SCMSafeModeManager.java:validateSafeModeExitRules(228)) - ScmSafeModeManager, all rules are successfully validated
2020-12-18 01:51:26,152 [EventQueue-OpenPipelineForHealthyPipelineSafeModeRule] INFO  safemode.SCMSafeModeManager (SCMSafeModeManager.java:exitSafeMode(257)) - SCM exiting safe mode.
2020-12-18 01:51:26,153 [0411c1e5-01dd-41ac-a234-123af2469892@group-C718E5E6B254-LeaderElection10] INFO  segmented.SegmentedRaftLogWorker (SegmentedRaftLogWorker.java:startLogSegment(398)) - 0411c1e5-01dd-41ac-a234-123af2469892@group-C718E5E6B254-SegmentedRaftLogWorker: Starting segment from index:0
2020-12-18 01:51:26,154 [0411c1e5-01dd-41ac-a234-123af2469892@group-C718E5E6B254-SegmentedRaftLogWorker] INFO  segmented.SegmentedRaftLogWorker (SegmentedRaftLogWorker.java:execute(597)) - 0411c1e5-01dd-41ac-a234-123af2469892@group-C718E5E6B254-SegmentedRaftLogWorker: created new log segment /github/workspace/mnt/ozone/hadoop-ozone/integration-test/target/test-dir/MiniOzoneClusterImpl-4564f03c-bda0-461a-b884-74ed0c78bad0/datanode-1/data/ratis/31dce71a-1f0f-4077-895d-c718e5e6b254/current/log_inprogress_0
2020-12-18 01:51:26,160 [0411c1e5-01dd-41ac-a234-123af2469892@group-C718E5E6B254-LeaderElection10] INFO  impl.RaftServerImpl (ServerState.java:setRaftConf(374)) - 0411c1e5-01dd-41ac-a234-123af2469892@group-C718E5E6B254: set configuration 0: [2abc6dfe-890a-4d70-ad0b-3558951658f5|rpc:172.17.0.2:44191|dataStream:, 0411c1e5-01dd-41ac-a234-123af2469892|rpc:172.17.0.2:39213|dataStream:, 5a6704fc-15bd-4230-8cbe-d21da4b813be|rpc:172.17.0.2:42589|dataStream:], old=null at 0
2020-12-18 01:51:26,163 [grpc-default-executor-0] INFO  ratis.XceiverServerRatis (XceiverServerRatis.java:handleLeaderChangedNotification(854)) - Leader change notification received for group: group-C718E5E6B254 with new leaderId: 0411c1e5-01dd-41ac-a234-123af2469892
2020-12-18 01:51:26,163 [grpc-default-executor-0] INFO  impl.RaftServerImpl (ServerState.java:setLeader(256)) - 2abc6dfe-890a-4d70-ad0b-3558951658f5@group-C718E5E6B254: change Leader from null to 0411c1e5-01dd-41ac-a234-123af2469892 at term 1 for appendEntries, leader elected after 5198ms
2020-12-18 01:51:26,169 [grpc-default-executor-0] INFO  impl.RaftServerImpl (ServerState.java:setRaftConf(374)) - 2abc6dfe-890a-4d70-ad0b-3558951658f5@group-C718E5E6B254: set configuration 0: [2abc6dfe-890a-4d70-ad0b-3558951658f5|rpc:172.17.0.2:44191|dataStream:, 0411c1e5-01dd-41ac-a234-123af2469892|rpc:172.17.0.2:39213|dataStream:, 5a6704fc-15bd-4230-8cbe-d21da4b813be|rpc:172.17.0.2:42589|dataStream:], old=null at 0
2020-12-18 01:51:26,169 [grpc-default-executor-0] INFO  segmented.SegmentedRaftLogWorker (SegmentedRaftLogWorker.java:startLogSegment(398)) - 2abc6dfe-890a-4d70-ad0b-3558951658f5@group-C718E5E6B254-SegmentedRaftLogWorker: Starting segment from index:0
2020-12-18 01:51:26,172 [2abc6dfe-890a-4d70-ad0b-3558951658f5@group-C718E5E6B254-SegmentedRaftLogWorker] INFO  segmented.SegmentedRaftLogWorker (SegmentedRaftLogWorker.java:execute(597)) - 2abc6dfe-890a-4d70-ad0b-3558951658f5@group-C718E5E6B254-SegmentedRaftLogWorker: created new log segment /github/workspace/mnt/ozone/hadoop-ozone/integration-test/target/test-dir/MiniOzoneClusterImpl-4564f03c-bda0-461a-b884-74ed0c78bad0/datanode-0/data/ratis/31dce71a-1f0f-4077-895d-c718e5e6b254/current/log_inprogress_0
2020-12-18 01:51:26,176 [grpc-default-executor-1] INFO  ratis.XceiverServerRatis (XceiverServerRatis.java:handleLeaderChangedNotification(854)) - Leader change notification received for group: group-C718E5E6B254 with new leaderId: 0411c1e5-01dd-41ac-a234-123af2469892
2020-12-18 01:51:26,176 [grpc-default-executor-1] INFO  impl.RaftServerImpl (ServerState.java:setLeader(256)) - 5a6704fc-15bd-4230-8cbe-d21da4b813be@group-C718E5E6B254: change Leader from null to 0411c1e5-01dd-41ac-a234-123af2469892 at term 1 for appendEntries, leader elected after 5187ms
2020-12-18 01:51:26,180 [grpc-default-executor-1] INFO  impl.RaftServerImpl (ServerState.java:setRaftConf(374)) - 5a6704fc-15bd-4230-8cbe-d21da4b813be@group-C718E5E6B254: set configuration 0: [2abc6dfe-890a-4d70-ad0b-3558951658f5|rpc:172.17.0.2:44191|dataStream:, 0411c1e5-01dd-41ac-a234-123af2469892|rpc:172.17.0.2:39213|dataStream:, 5a6704fc-15bd-4230-8cbe-d21da4b813be|rpc:172.17.0.2:42589|dataStream:], old=null at 0
2020-12-18 01:51:26,180 [grpc-default-executor-1] INFO  segmented.SegmentedRaftLogWorker (SegmentedRaftLogWorker.java:startLogSegment(398)) - 5a6704fc-15bd-4230-8cbe-d21da4b813be@group-C718E5E6B254-SegmentedRaftLogWorker: Starting segment from index:0
2020-12-18 01:51:26,181 [5a6704fc-15bd-4230-8cbe-d21da4b813be@group-C718E5E6B254-SegmentedRaftLogWorker] INFO  segmented.SegmentedRaftLogWorker (SegmentedRaftLogWorker.java:execute(597)) - 5a6704fc-15bd-4230-8cbe-d21da4b813be@group-C718E5E6B254-SegmentedRaftLogWorker: created new log segment /github/workspace/mnt/ozone/hadoop-ozone/integration-test/target/test-dir/MiniOzoneClusterImpl-4564f03c-bda0-461a-b884-74ed0c78bad0/datanode-2/data/ratis/31dce71a-1f0f-4077-895d-c718e5e6b254/current/log_inprogress_0
2020-12-18 01:51:26,330 [Thread-823] INFO  impl.FollowerState (FollowerState.java:run(128)) - 0411c1e5-01dd-41ac-a234-123af2469892@group-2A352D3FAB4F-FollowerState: change to CANDIDATE, lastRpcTime:5190ms, electionTimeout:5190ms
2020-12-18 01:51:26,331 [Thread-823] INFO  impl.RoleInfo (RoleInfo.java:shutdownFollowerState(121)) - 0411c1e5-01dd-41ac-a234-123af2469892: shutdown 0411c1e5-01dd-41ac-a234-123af2469892@group-2A352D3FAB4F-FollowerState
2020-12-18 01:51:26,331 [Thread-823] INFO  impl.RaftServerImpl (RaftServerImpl.java:setRole(204)) - 0411c1e5-01dd-41ac-a234-123af2469892@group-2A352D3FAB4F: changes role from  FOLLOWER to CANDIDATE at term 0 for changeToCandidate
2020-12-18 01:51:26,331 [Thread-823] INFO  impl.RoleInfo (RoleInfo.java:updateAndGet(143)) - 0411c1e5-01dd-41ac-a234-123af2469892: start 0411c1e5-01dd-41ac-a234-123af2469892@group-2A352D3FAB4F-LeaderElection11
2020-12-18 01:51:26,335 [0411c1e5-01dd-41ac-a234-123af2469892@group-2A352D3FAB4F-LeaderElection11] INFO  impl.LeaderElection (LeaderElection.java:askForVotes(215)) - 0411c1e5-01dd-41ac-a234-123af2469892@group-2A352D3FAB4F-LeaderElection11: begin an election at term 1 for -1: [0411c1e5-01dd-41ac-a234-123af2469892|rpc:172.17.0.2:39213], old=null
2020-12-18 01:51:26,335 [0411c1e5-01dd-41ac-a234-123af2469892@group-2A352D3FAB4F-LeaderElection11] INFO  impl.RoleInfo (RoleInfo.java:shutdownLeaderElection(134)) - 0411c1e5-01dd-41ac-a234-123af2469892: shutdown 0411c1e5-01dd-41ac-a234-123af2469892@group-2A352D3FAB4F-LeaderElection11
2020-12-18 01:51:26,335 [0411c1e5-01dd-41ac-a234-123af2469892@group-2A352D3FAB4F-LeaderElection11] INFO  impl.RaftServerImpl (RaftServerImpl.java:setRole(204)) - 0411c1e5-01dd-41ac-a234-123af2469892@group-2A352D3FAB4F: changes role from CANDIDATE to LEADER at term 1 for changeToLeader
2020-12-18 01:51:26,335 [0411c1e5-01dd-41ac-a234-123af2469892@group-2A352D3FAB4F-LeaderElection11] INFO  ratis.XceiverServerRatis (XceiverServerRatis.java:handleLeaderChangedNotification(854)) - Leader change notification received for group: group-2A352D3FAB4F with new leaderId: 0411c1e5-01dd-41ac-a234-123af2469892
2020-12-18 01:51:26,335 [0411c1e5-01dd-41ac-a234-123af2469892@group-2A352D3FAB4F-LeaderElection11] INFO  impl.RaftServerImpl (ServerState.java:setLeader(256)) - 0411c1e5-01dd-41ac-a234-123af2469892@group-2A352D3FAB4F: change Leader from null to 0411c1e5-01dd-41ac-a234-123af2469892 at term 1 for becomeLeader, leader elected after 5203ms
2020-12-18 01:51:26,335 [0411c1e5-01dd-41ac-a234-123af2469892@group-2A352D3FAB4F-LeaderElection11] INFO  server.RaftServerConfigKeys (ConfUtils.java:logGet(44)) - raft.server.staging.catchup.gap = 1000 (default)
2020-12-18 01:51:26,335 [0411c1e5-01dd-41ac-a234-123af2469892@group-2A352D3FAB4F-LeaderElection11] INFO  server.RaftServerConfigKeys (ConfUtils.java:logGet(44)) - raft.server.rpc.sleep.time = 25ms (default)
2020-12-18 01:51:26,335 [0411c1e5-01dd-41ac-a234-123af2469892@group-2A352D3FAB4F-LeaderElection11] INFO  metrics.RatisMetrics (RatisMetrics.java:lambda$create$0(36)) - Creating Metrics Registry : ratis.log_appender.0411c1e5-01dd-41ac-a234-123af2469892@group-2A352D3FAB4F
2020-12-18 01:51:26,336 [0411c1e5-01dd-41ac-a234-123af2469892@group-2A352D3FAB4F-LeaderElection11] INFO  server.RaftServerConfigKeys (ConfUtils.java:logGet(44)) - raft.server.write.element-limit = 1024 (custom)
2020-12-18 01:51:26,336 [0411c1e5-01dd-41ac-a234-123af2469892@group-2A352D3FAB4F-LeaderElection11] INFO  server.RaftServerConfigKeys (ConfUtils.java:logGet(44)) - raft.server.write.byte-limit = 1073741824 (custom)
2020-12-18 01:51:26,336 [0411c1e5-01dd-41ac-a234-123af2469892@group-2A352D3FAB4F-LeaderElection11] INFO  server.RaftServerConfigKeys (ConfUtils.java:logGet(44)) - raft.server.watch.timeout = 180s (custom)
2020-12-18 01:51:26,336 [0411c1e5-01dd-41ac-a234-123af2469892@group-2A352D3FAB4F-LeaderElection11] INFO  server.RaftServerConfigKeys (ConfUtils.java:logGet(44)) - raft.server.watch.timeout.denomination = 1s (default)
2020-12-18 01:51:26,336 [0411c1e5-01dd-41ac-a234-123af2469892@group-2A352D3FAB4F-LeaderElection11] INFO  server.RaftServerConfigKeys (ConfUtils.java:logGet(44)) - raft.server.watch.element-limit = 65536 (default)
2020-12-18 01:51:26,336 [0411c1e5-01dd-41ac-a234-123af2469892@group-2A352D3FAB4F-LeaderElection11] INFO  impl.RoleInfo (RoleInfo.java:updateAndGet(143)) - 0411c1e5-01dd-41ac-a234-123af2469892: start 0411c1e5-01dd-41ac-a234-123af2469892@group-2A352D3FAB4F-LeaderState
2020-12-18 01:51:26,337 [0411c1e5-01dd-41ac-a234-123af2469892@group-2A352D3FAB4F-LeaderElection11] INFO  segmented.SegmentedRaftLogWorker (SegmentedRaftLogWorker.java:startLogSegment(398)) - 0411c1e5-01dd-41ac-a234-123af2469892@group-2A352D3FAB4F-SegmentedRaftLogWorker: Starting segment from index:0
2020-12-18 01:51:26,338 [0411c1e5-01dd-41ac-a234-123af2469892@group-2A352D3FAB4F-LeaderElection11] INFO  impl.RaftServerImpl (ServerState.java:setRaftConf(374)) - 0411c1e5-01dd-41ac-a234-123af2469892@group-2A352D3FAB4F: set configuration 0: [0411c1e5-01dd-41ac-a234-123af2469892|rpc:172.17.0.2:39213|dataStream:], old=null at 0
2020-12-18 01:51:26,338 [0411c1e5-01dd-41ac-a234-123af2469892@group-2A352D3FAB4F-SegmentedRaftLogWorker] INFO  segmented.SegmentedRaftLogWorker (SegmentedRaftLogWorker.java:execute(597)) - 0411c1e5-01dd-41ac-a234-123af2469892@group-2A352D3FAB4F-SegmentedRaftLogWorker: created new log segment /github/workspace/mnt/ozone/hadoop-ozone/integration-test/target/test-dir/MiniOzoneClusterImpl-4564f03c-bda0-461a-b884-74ed0c78bad0/datanode-1/data/ratis/725c8b97-cdf9-47d8-a168-2a352d3fab4f/current/log_inprogress_0
2020-12-18 01:51:26,451 [Thread-825] INFO  impl.FollowerState (FollowerState.java:run(128)) - 5a6704fc-15bd-4230-8cbe-d21da4b813be@group-FBCAFE0C4231-FollowerState: change to CANDIDATE, lastRpcTime:5115ms, electionTimeout:5115ms
2020-12-18 01:51:26,451 [Thread-825] INFO  impl.RoleInfo (RoleInfo.java:shutdownFollowerState(121)) - 5a6704fc-15bd-4230-8cbe-d21da4b813be: shutdown 5a6704fc-15bd-4230-8cbe-d21da4b813be@group-FBCAFE0C4231-FollowerState
2020-12-18 01:51:26,451 [Thread-825] INFO  impl.RaftServerImpl (RaftServerImpl.java:setRole(204)) - 5a6704fc-15bd-4230-8cbe-d21da4b813be@group-FBCAFE0C4231: changes role from  FOLLOWER to CANDIDATE at term 0 for changeToCandidate
2020-12-18 01:51:26,451 [Thread-825] INFO  impl.RoleInfo (RoleInfo.java:updateAndGet(143)) - 5a6704fc-15bd-4230-8cbe-d21da4b813be: start 5a6704fc-15bd-4230-8cbe-d21da4b813be@group-FBCAFE0C4231-LeaderElection12
2020-12-18 01:51:26,454 [5a6704fc-15bd-4230-8cbe-d21da4b813be@group-FBCAFE0C4231-LeaderElection12] INFO  impl.LeaderElection (LeaderElection.java:askForVotes(215)) - 5a6704fc-15bd-4230-8cbe-d21da4b813be@group-FBCAFE0C4231-LeaderElection12: begin an election at term 1 for -1: [5a6704fc-15bd-4230-8cbe-d21da4b813be|rpc:172.17.0.2:42589], old=null
2020-12-18 01:51:26,454 [5a6704fc-15bd-4230-8cbe-d21da4b813be@group-FBCAFE0C4231-LeaderElection12] INFO  impl.RoleInfo (RoleInfo.java:shutdownLeaderElection(134)) - 5a6704fc-15bd-4230-8cbe-d21da4b813be: shutdown 5a6704fc-15bd-4230-8cbe-d21da4b813be@group-FBCAFE0C4231-LeaderElection12
2020-12-18 01:51:26,454 [5a6704fc-15bd-4230-8cbe-d21da4b813be@group-FBCAFE0C4231-LeaderElection12] INFO  impl.RaftServerImpl (RaftServerImpl.java:setRole(204)) - 5a6704fc-15bd-4230-8cbe-d21da4b813be@group-FBCAFE0C4231: changes role from CANDIDATE to LEADER at term 1 for changeToLeader
2020-12-18 01:51:26,454 [5a6704fc-15bd-4230-8cbe-d21da4b813be@group-FBCAFE0C4231-LeaderElection12] INFO  ratis.XceiverServerRatis (XceiverServerRatis.java:handleLeaderChangedNotification(854)) - Leader change notification received for group: group-FBCAFE0C4231 with new leaderId: 5a6704fc-15bd-4230-8cbe-d21da4b813be
2020-12-18 01:51:26,455 [5a6704fc-15bd-4230-8cbe-d21da4b813be@group-FBCAFE0C4231-LeaderElection12] INFO  impl.RaftServerImpl (ServerState.java:setLeader(256)) - 5a6704fc-15bd-4230-8cbe-d21da4b813be@group-FBCAFE0C4231: change Leader from null to 5a6704fc-15bd-4230-8cbe-d21da4b813be at term 1 for becomeLeader, leader elected after 5126ms
2020-12-18 01:51:26,457 [5a6704fc-15bd-4230-8cbe-d21da4b813be@group-FBCAFE0C4231-LeaderElection12] INFO  server.RaftServerConfigKeys (ConfUtils.java:logGet(44)) - raft.server.staging.catchup.gap = 1000 (default)
2020-12-18 01:51:26,458 [5a6704fc-15bd-4230-8cbe-d21da4b813be@group-FBCAFE0C4231-LeaderElection12] INFO  server.RaftServerConfigKeys (ConfUtils.java:logGet(44)) - raft.server.rpc.sleep.time = 25ms (default)
2020-12-18 01:51:26,458 [5a6704fc-15bd-4230-8cbe-d21da4b813be@group-FBCAFE0C4231-LeaderElection12] INFO  metrics.RatisMetrics (RatisMetrics.java:lambda$create$0(36)) - Creating Metrics Registry : ratis.log_appender.5a6704fc-15bd-4230-8cbe-d21da4b813be@group-FBCAFE0C4231
2020-12-18 01:51:26,458 [5a6704fc-15bd-4230-8cbe-d21da4b813be@group-FBCAFE0C4231-LeaderElection12] INFO  server.RaftServerConfigKeys (ConfUtils.java:logGet(44)) - raft.server.write.element-limit = 1024 (custom)
2020-12-18 01:51:26,458 [5a6704fc-15bd-4230-8cbe-d21da4b813be@group-FBCAFE0C4231-LeaderElection12] INFO  server.RaftServerConfigKeys (ConfUtils.java:logGet(44)) - raft.server.write.byte-limit = 1073741824 (custom)
2020-12-18 01:51:26,458 [5a6704fc-15bd-4230-8cbe-d21da4b813be@group-FBCAFE0C4231-LeaderElection12] INFO  server.RaftServerConfigKeys (ConfUtils.java:logGet(44)) - raft.server.watch.timeout = 180s (custom)
2020-12-18 01:51:26,459 [5a6704fc-15bd-4230-8cbe-d21da4b813be@group-FBCAFE0C4231-LeaderElection12] INFO  server.RaftServerConfigKeys (ConfUtils.java:logGet(44)) - raft.server.watch.timeout.denomination = 1s (default)
2020-12-18 01:51:26,459 [5a6704fc-15bd-4230-8cbe-d21da4b813be@group-FBCAFE0C4231-LeaderElection12] INFO  server.RaftServerConfigKeys (ConfUtils.java:logGet(44)) - raft.server.watch.element-limit = 65536 (default)
2020-12-18 01:51:26,459 [5a6704fc-15bd-4230-8cbe-d21da4b813be@group-FBCAFE0C4231-LeaderElection12] INFO  impl.RoleInfo (RoleInfo.java:updateAndGet(143)) - 5a6704fc-15bd-4230-8cbe-d21da4b813be: start 5a6704fc-15bd-4230-8cbe-d21da4b813be@group-FBCAFE0C4231-LeaderState
2020-12-18 01:51:26,459 [5a6704fc-15bd-4230-8cbe-d21da4b813be@group-FBCAFE0C4231-LeaderElection12] INFO  segmented.SegmentedRaftLogWorker (SegmentedRaftLogWorker.java:startLogSegment(398)) - 5a6704fc-15bd-4230-8cbe-d21da4b813be@group-FBCAFE0C4231-SegmentedRaftLogWorker: Starting segment from index:0
2020-12-18 01:51:26,460 [5a6704fc-15bd-4230-8cbe-d21da4b813be@group-FBCAFE0C4231-SegmentedRaftLogWorker] INFO  segmented.SegmentedRaftLogWorker (SegmentedRaftLogWorker.java:execute(597)) - 5a6704fc-15bd-4230-8cbe-d21da4b813be@group-FBCAFE0C4231-SegmentedRaftLogWorker: created new log segment /github/workspace/mnt/ozone/hadoop-ozone/integration-test/target/test-dir/MiniOzoneClusterImpl-4564f03c-bda0-461a-b884-74ed0c78bad0/datanode-2/data/ratis/70a2e279-6926-480c-b182-fbcafe0c4231/current/log_inprogress_0
2020-12-18 01:51:26,460 [5a6704fc-15bd-4230-8cbe-d21da4b813be@group-FBCAFE0C4231-LeaderElection12] INFO  impl.RaftServerImpl (ServerState.java:setRaftConf(374)) - 5a6704fc-15bd-4230-8cbe-d21da4b813be@group-FBCAFE0C4231: set configuration 0: [5a6704fc-15bd-4230-8cbe-d21da4b813be|rpc:172.17.0.2:42589|dataStream:], old=null at 0
2020-12-18 01:51:26,534 [Thread-827] INFO  impl.FollowerState (FollowerState.java:run(128)) - ebd34426-50bd-4b83-bb6a-fbb1ddb02546@group-59712B5B9203-FollowerState: change to CANDIDATE, lastRpcTime:5004ms, electionTimeout:5003ms
2020-12-18 01:51:26,534 [Thread-827] INFO  impl.RoleInfo (RoleInfo.java:shutdownFollowerState(121)) - ebd34426-50bd-4b83-bb6a-fbb1ddb02546: shutdown ebd34426-50bd-4b83-bb6a-fbb1ddb02546@group-59712B5B9203-FollowerState
2020-12-18 01:51:26,534 [Thread-827] INFO  impl.RaftServerImpl (RaftServerImpl.java:setRole(204)) - ebd34426-50bd-4b83-bb6a-fbb1ddb02546@group-59712B5B9203: changes role from  FOLLOWER to CANDIDATE at term 0 for changeToCandidate
2020-12-18 01:51:26,534 [Thread-827] INFO  impl.RoleInfo (RoleInfo.java:updateAndGet(143)) - ebd34426-50bd-4b83-bb6a-fbb1ddb02546: start ebd34426-50bd-4b83-bb6a-fbb1ddb02546@group-59712B5B9203-LeaderElection13
2020-12-18 01:51:26,539 [ebd34426-50bd-4b83-bb6a-fbb1ddb02546@group-59712B5B9203-LeaderElection13] INFO  impl.LeaderElection (LeaderElection.java:askForVotes(215)) - ebd34426-50bd-4b83-bb6a-fbb1ddb02546@group-59712B5B9203-LeaderElection13: begin an election at term 1 for -1: [ebd34426-50bd-4b83-bb6a-fbb1ddb02546|rpc:172.17.0.2:40781], old=null
2020-12-18 01:51:26,539 [ebd34426-50bd-4b83-bb6a-fbb1ddb02546@group-59712B5B9203-LeaderElection13] INFO  impl.RoleInfo (RoleInfo.java:shutdownLeaderElection(134)) - ebd34426-50bd-4b83-bb6a-fbb1ddb02546: shutdown ebd34426-50bd-4b83-bb6a-fbb1ddb02546@group-59712B5B9203-LeaderElection13
2020-12-18 01:51:26,539 [ebd34426-50bd-4b83-bb6a-fbb1ddb02546@group-59712B5B9203-LeaderElection13] INFO  impl.RaftServerImpl (RaftServerImpl.java:setRole(204)) - ebd34426-50bd-4b83-bb6a-fbb1ddb02546@group-59712B5B9203: changes role from CANDIDATE to LEADER at term 1 for changeToLeader
2020-12-18 01:51:26,539 [ebd34426-50bd-4b83-bb6a-fbb1ddb02546@group-59712B5B9203-LeaderElection13] INFO  ratis.XceiverServerRatis (XceiverServerRatis.java:handleLeaderChangedNotification(854)) - Leader change notification received for group: group-59712B5B9203 with new leaderId: ebd34426-50bd-4b83-bb6a-fbb1ddb02546
2020-12-18 01:51:26,539 [ebd34426-50bd-4b83-bb6a-fbb1ddb02546@group-59712B5B9203-LeaderElection13] INFO  impl.RaftServerImpl (ServerState.java:setLeader(256)) - ebd34426-50bd-4b83-bb6a-fbb1ddb02546@group-59712B5B9203: change Leader from null to ebd34426-50bd-4b83-bb6a-fbb1ddb02546 at term 1 for becomeLeader, leader elected after 5023ms
2020-12-18 01:51:26,539 [ebd34426-50bd-4b83-bb6a-fbb1ddb02546@group-59712B5B9203-LeaderElection13] INFO  server.RaftServerConfigKeys (ConfUtils.java:logGet(44)) - raft.server.staging.catchup.gap = 1000 (default)
2020-12-18 01:51:26,539 [ebd34426-50bd-4b83-bb6a-fbb1ddb02546@group-59712B5B9203-LeaderElection13] INFO  server.RaftServerConfigKeys (ConfUtils.java:logGet(44)) - raft.server.rpc.sleep.time = 25ms (default)
2020-12-18 01:51:26,539 [ebd34426-50bd-4b83-bb6a-fbb1ddb02546@group-59712B5B9203-LeaderElection13] INFO  metrics.RatisMetrics (RatisMetrics.java:lambda$create$0(36)) - Creating Metrics Registry : ratis.log_appender.ebd34426-50bd-4b83-bb6a-fbb1ddb02546@group-59712B5B9203
2020-12-18 01:51:26,542 [ebd34426-50bd-4b83-bb6a-fbb1ddb02546@group-59712B5B9203-LeaderElection13] INFO  server.RaftServerConfigKeys (ConfUtils.java:logGet(44)) - raft.server.write.element-limit = 1024 (custom)
2020-12-18 01:51:26,542 [ebd34426-50bd-4b83-bb6a-fbb1ddb02546@group-59712B5B9203-LeaderElection13] INFO  server.RaftServerConfigKeys (ConfUtils.java:logGet(44)) - raft.server.write.byte-limit = 1073741824 (custom)
2020-12-18 01:51:26,542 [ebd34426-50bd-4b83-bb6a-fbb1ddb02546@group-59712B5B9203-LeaderElection13] INFO  server.RaftServerConfigKeys (ConfUtils.java:logGet(44)) - raft.server.watch.timeout = 180s (custom)
2020-12-18 01:51:26,542 [ebd34426-50bd-4b83-bb6a-fbb1ddb02546@group-59712B5B9203-LeaderElection13] INFO  server.RaftServerConfigKeys (ConfUtils.java:logGet(44)) - raft.server.watch.timeout.denomination = 1s (default)
2020-12-18 01:51:26,542 [ebd34426-50bd-4b83-bb6a-fbb1ddb02546@group-59712B5B9203-LeaderElection13] INFO  server.RaftServerConfigKeys (ConfUtils.java:logGet(44)) - raft.server.watch.element-limit = 65536 (default)
2020-12-18 01:51:26,542 [ebd34426-50bd-4b83-bb6a-fbb1ddb02546@group-59712B5B9203-LeaderElection13] INFO  impl.RoleInfo (RoleInfo.java:updateAndGet(143)) - ebd34426-50bd-4b83-bb6a-fbb1ddb02546: start ebd34426-50bd-4b83-bb6a-fbb1ddb02546@group-59712B5B9203-LeaderState
2020-12-18 01:51:26,542 [ebd34426-50bd-4b83-bb6a-fbb1ddb02546@group-59712B5B9203-LeaderElection13] INFO  segmented.SegmentedRaftLogWorker (SegmentedRaftLogWorker.java:startLogSegment(398)) - ebd34426-50bd-4b83-bb6a-fbb1ddb02546@group-59712B5B9203-SegmentedRaftLogWorker: Starting segment from index:0
2020-12-18 01:51:26,546 [ebd34426-50bd-4b83-bb6a-fbb1ddb02546@group-59712B5B9203-SegmentedRaftLogWorker] INFO  segmented.SegmentedRaftLogWorker (SegmentedRaftLogWorker.java:execute(597)) - ebd34426-50bd-4b83-bb6a-fbb1ddb02546@group-59712B5B9203-SegmentedRaftLogWorker: created new log segment /github/workspace/mnt/ozone/hadoop-ozone/integration-test/target/test-dir/MiniOzoneClusterImpl-4564f03c-bda0-461a-b884-74ed0c78bad0/datanode-3/data/ratis/4bca456e-5f78-4f02-9a4c-59712b5b9203/current/log_inprogress_0
2020-12-18 01:51:26,551 [ebd34426-50bd-4b83-bb6a-fbb1ddb02546@group-59712B5B9203-LeaderElection13] INFO  impl.RaftServerImpl (ServerState.java:setRaftConf(374)) - ebd34426-50bd-4b83-bb6a-fbb1ddb02546@group-59712B5B9203: set configuration 0: [ebd34426-50bd-4b83-bb6a-fbb1ddb02546|rpc:172.17.0.2:40781|dataStream:], old=null at 0
2020-12-18 01:51:26,622 [Thread-831] INFO  impl.FollowerState (FollowerState.java:run(128)) - 3269f5d2-042c-40e4-98fc-53bb9834c825@group-088B413A0819-FollowerState: change to CANDIDATE, lastRpcTime:5049ms, electionTimeout:5049ms
2020-12-18 01:51:26,623 [Thread-831] INFO  impl.RoleInfo (RoleInfo.java:shutdownFollowerState(121)) - 3269f5d2-042c-40e4-98fc-53bb9834c825: shutdown 3269f5d2-042c-40e4-98fc-53bb9834c825@group-088B413A0819-FollowerState
2020-12-18 01:51:26,623 [Thread-831] INFO  impl.RaftServerImpl (RaftServerImpl.java:setRole(204)) - 3269f5d2-042c-40e4-98fc-53bb9834c825@group-088B413A0819: changes role from  FOLLOWER to CANDIDATE at term 0 for changeToCandidate
2020-12-18 01:51:26,623 [Thread-831] INFO  impl.RoleInfo (RoleInfo.java:updateAndGet(143)) - 3269f5d2-042c-40e4-98fc-53bb9834c825: start 3269f5d2-042c-40e4-98fc-53bb9834c825@group-088B413A0819-LeaderElection14
2020-12-18 01:51:26,633 [3269f5d2-042c-40e4-98fc-53bb9834c825@group-088B413A0819-LeaderElection14] INFO  impl.LeaderElection (LeaderElection.java:askForVotes(215)) - 3269f5d2-042c-40e4-98fc-53bb9834c825@group-088B413A0819-LeaderElection14: begin an election at term 1 for -1: [30321cca-a230-403c-ae60-27735093aac3|rpc:172.17.0.2:39317|dataStream:, 3269f5d2-042c-40e4-98fc-53bb9834c825|rpc:172.17.0.2:44561|dataStream:, ebd34426-50bd-4b83-bb6a-fbb1ddb02546|rpc:172.17.0.2:40781|dataStream:], old=null
2020-12-18 01:51:26,642 [org.apache.ratis.server.JvmPauseMonitor@12dd940d-Monitor] WARN  server.JvmPauseMonitor (JvmPauseMonitor.java:run(141)) - Detected pause in JVM or host machine (eg GC): pause of approximately 1ms
No GCs detected
2020-12-18 01:51:26,645 [grpc-default-executor-1] INFO  metrics.RatisMetrics (RatisMetrics.java:lambda$create$0(36)) - Creating Metrics Registry : ratis.server_message_metrics.ebd34426-50bd-4b83-bb6a-fbb1ddb02546
2020-12-18 01:51:26,647 [grpc-default-executor-0] INFO  impl.RaftServerImpl (RaftServerImpl.java:setRole(204)) - 30321cca-a230-403c-ae60-27735093aac3@group-088B413A0819: changes role from  FOLLOWER to FOLLOWER at term 1 for recognizeCandidate:3269f5d2-042c-40e4-98fc-53bb9834c825
2020-12-18 01:51:26,647 [grpc-default-executor-0] INFO  impl.RoleInfo (RoleInfo.java:shutdownFollowerState(121)) - 30321cca-a230-403c-ae60-27735093aac3: shutdown 30321cca-a230-403c-ae60-27735093aac3@group-088B413A0819-FollowerState
2020-12-18 01:51:26,647 [grpc-default-executor-0] INFO  impl.RoleInfo (RoleInfo.java:updateAndGet(143)) - 30321cca-a230-403c-ae60-27735093aac3: start 30321cca-a230-403c-ae60-27735093aac3@group-088B413A0819-FollowerState
2020-12-18 01:51:26,647 [Thread-834] INFO  impl.FollowerState (FollowerState.java:run(137)) - 30321cca-a230-403c-ae60-27735093aac3@group-088B413A0819-FollowerState was interrupted: {}
java.lang.InterruptedException: sleep interrupted
	at java.lang.Thread.sleep(Native Method)
	at org.apache.ratis.util.JavaUtils.sleep(JavaUtils.java:250)
	at org.apache.ratis.server.impl.FollowerState.run(FollowerState.java:116)
2020-12-18 01:51:26,647 [grpc-default-executor-0] INFO  impl.RaftServerImpl (RaftServerImpl.java:requestVote(963)) -  FOLLOWER 30321cca-a230-403c-ae60-27735093aac3@group-088B413A0819:t1, leader=null, voted=null, raftlog=30321cca-a230-403c-ae60-27735093aac3@group-088B413A0819-SegmentedRaftLog:OPENED:c-1,f-1,i0, conf=-1: [30321cca-a230-403c-ae60-27735093aac3|rpc:172.17.0.2:39317|dataStream:, 3269f5d2-042c-40e4-98fc-53bb9834c825|rpc:172.17.0.2:44561|dataStream:, ebd34426-50bd-4b83-bb6a-fbb1ddb02546|rpc:172.17.0.2:40781|dataStream:], old=null RUNNING priority:0 candidate:3269f5d2-042c-40e4-98fc-53bb9834c825|rpc:172.17.0.2:44561|dataStream: candidatePriority:0 compare:0
2020-12-18 01:51:26,649 [grpc-default-executor-1] INFO  impl.RaftServerImpl (RaftServerImpl.java:setRole(204)) - ebd34426-50bd-4b83-bb6a-fbb1ddb02546@group-088B413A0819: changes role from  FOLLOWER to FOLLOWER at term 1 for recognizeCandidate:3269f5d2-042c-40e4-98fc-53bb9834c825
2020-12-18 01:51:26,649 [grpc-default-executor-1] INFO  impl.RoleInfo (RoleInfo.java:shutdownFollowerState(121)) - ebd34426-50bd-4b83-bb6a-fbb1ddb02546: shutdown ebd34426-50bd-4b83-bb6a-fbb1ddb02546@group-088B413A0819-FollowerState
2020-12-18 01:51:26,649 [grpc-default-executor-1] INFO  impl.RoleInfo (RoleInfo.java:updateAndGet(143)) - ebd34426-50bd-4b83-bb6a-fbb1ddb02546: start ebd34426-50bd-4b83-bb6a-fbb1ddb02546@group-088B413A0819-FollowerState
2020-12-18 01:51:26,649 [Thread-829] INFO  impl.FollowerState (FollowerState.java:run(137)) - ebd34426-50bd-4b83-bb6a-fbb1ddb02546@group-088B413A0819-FollowerState was interrupted: {}
java.lang.InterruptedException: sleep interrupted
	at java.lang.Thread.sleep(Native Method)
	at org.apache.ratis.util.JavaUtils.sleep(JavaUtils.java:250)
	at org.apache.ratis.server.impl.FollowerState.run(FollowerState.java:116)
2020-12-18 01:51:26,650 [grpc-default-executor-1] INFO  impl.RaftServerImpl (RaftServerImpl.java:requestVote(963)) -  FOLLOWER ebd34426-50bd-4b83-bb6a-fbb1ddb02546@group-088B413A0819:t1, leader=null, voted=null, raftlog=ebd34426-50bd-4b83-bb6a-fbb1ddb02546@group-088B413A0819-SegmentedRaftLog:OPENED:c-1,f-1,i0, conf=-1: [30321cca-a230-403c-ae60-27735093aac3|rpc:172.17.0.2:39317, 3269f5d2-042c-40e4-98fc-53bb9834c825|rpc:172.17.0.2:44561, ebd34426-50bd-4b83-bb6a-fbb1ddb02546|rpc:172.17.0.2:40781], old=null RUNNING priority:0 candidate:3269f5d2-042c-40e4-98fc-53bb9834c825|rpc:172.17.0.2:44561 candidatePriority:0 compare:0
2020-12-18 01:51:26,653 [3269f5d2-042c-40e4-98fc-53bb9834c825@group-088B413A0819-LeaderElection14] INFO  impl.LeaderElection (LeaderElection.java:logAndReturn(65)) - 3269f5d2-042c-40e4-98fc-53bb9834c825@group-088B413A0819-LeaderElection14: Election PASSED; received 1 response(s) [3269f5d2-042c-40e4-98fc-53bb9834c825<-30321cca-a230-403c-ae60-27735093aac3#0:OK-t1] and 0 exception(s); 3269f5d2-042c-40e4-98fc-53bb9834c825@group-088B413A0819:t1, leader=null, voted=3269f5d2-042c-40e4-98fc-53bb9834c825, raftlog=3269f5d2-042c-40e4-98fc-53bb9834c825@group-088B413A0819-SegmentedRaftLog:OPENED:c-1,f-1,i0, conf=-1: [30321cca-a230-403c-ae60-27735093aac3|rpc:172.17.0.2:39317|dataStream:, 3269f5d2-042c-40e4-98fc-53bb9834c825|rpc:172.17.0.2:44561|dataStream:, ebd34426-50bd-4b83-bb6a-fbb1ddb02546|rpc:172.17.0.2:40781|dataStream:], old=null
2020-12-18 01:51:26,653 [3269f5d2-042c-40e4-98fc-53bb9834c825@group-088B413A0819-LeaderElection14] INFO  impl.RoleInfo (RoleInfo.java:shutdownLeaderElection(134)) - 3269f5d2-042c-40e4-98fc-53bb9834c825: shutdown 3269f5d2-042c-40e4-98fc-53bb9834c825@group-088B413A0819-LeaderElection14
2020-12-18 01:51:26,653 [3269f5d2-042c-40e4-98fc-53bb9834c825@group-088B413A0819-LeaderElection14] INFO  impl.RaftServerImpl (RaftServerImpl.java:setRole(204)) - 3269f5d2-042c-40e4-98fc-53bb9834c825@group-088B413A0819: changes role from CANDIDATE to LEADER at term 1 for changeToLeader
2020-12-18 01:51:26,653 [3269f5d2-042c-40e4-98fc-53bb9834c825@group-088B413A0819-LeaderElection14] INFO  ratis.XceiverServerRatis (XceiverServerRatis.java:handleLeaderChangedNotification(854)) - Leader change notification received for group: group-088B413A0819 with new leaderId: 3269f5d2-042c-40e4-98fc-53bb9834c825
2020-12-18 01:51:26,654 [3269f5d2-042c-40e4-98fc-53bb9834c825@group-088B413A0819-LeaderElection14] INFO  impl.RaftServerImpl (ServerState.java:setLeader(256)) - 3269f5d2-042c-40e4-98fc-53bb9834c825@group-088B413A0819: change Leader from null to 3269f5d2-042c-40e4-98fc-53bb9834c825 at term 1 for becomeLeader, leader elected after 5085ms
2020-12-18 01:51:26,654 [3269f5d2-042c-40e4-98fc-53bb9834c825@group-088B413A0819-LeaderElection14] INFO  server.RaftServerConfigKeys (ConfUtils.java:logGet(44)) - raft.server.staging.catchup.gap = 1000 (default)
2020-12-18 01:51:26,654 [3269f5d2-042c-40e4-98fc-53bb9834c825@group-088B413A0819-LeaderElection14] INFO  server.RaftServerConfigKeys (ConfUtils.java:logGet(44)) - raft.server.rpc.sleep.time = 25ms (default)
2020-12-18 01:51:26,654 [3269f5d2-042c-40e4-98fc-53bb9834c825@group-088B413A0819-LeaderElection14] INFO  metrics.RatisMetrics (RatisMetrics.java:lambda$create$0(36)) - Creating Metrics Registry : ratis.log_appender.3269f5d2-042c-40e4-98fc-53bb9834c825@group-088B413A0819
2020-12-18 01:51:26,654 [3269f5d2-042c-40e4-98fc-53bb9834c825@group-088B413A0819-LeaderElection14] INFO  server.RaftServerConfigKeys (ConfUtils.java:logGet(44)) - raft.server.write.element-limit = 1024 (custom)
2020-12-18 01:51:26,654 [3269f5d2-042c-40e4-98fc-53bb9834c825@group-088B413A0819-LeaderElection14] INFO  server.RaftServerConfigKeys (ConfUtils.java:logGet(44)) - raft.server.write.byte-limit = 1073741824 (custom)
2020-12-18 01:51:26,654 [3269f5d2-042c-40e4-98fc-53bb9834c825@group-088B413A0819-LeaderElection14] INFO  server.RaftServerConfigKeys (ConfUtils.java:logGet(44)) - raft.server.watch.timeout = 180s (custom)
2020-12-18 01:51:26,654 [3269f5d2-042c-40e4-98fc-53bb9834c825@group-088B413A0819-LeaderElection14] INFO  server.RaftServerConfigKeys (ConfUtils.java:logGet(44)) - raft.server.watch.timeout.denomination = 1s (default)
2020-12-18 01:51:26,655 [3269f5d2-042c-40e4-98fc-53bb9834c825@group-088B413A0819-LeaderElection14] INFO  server.RaftServerConfigKeys (ConfUtils.java:logGet(44)) - raft.server.watch.element-limit = 65536 (default)
2020-12-18 01:51:26,655 [3269f5d2-042c-40e4-98fc-53bb9834c825@group-088B413A0819-LeaderElection14] INFO  server.RaftServerConfigKeys (ConfUtils.java:logGet(44)) - raft.server.log.appender.snapshot.chunk.size.max = 16MB (=16777216) (default)
2020-12-18 01:51:26,655 [3269f5d2-042c-40e4-98fc-53bb9834c825@group-088B413A0819-LeaderElection14] INFO  server.RaftServerConfigKeys (ConfUtils.java:logGet(44)) - raft.server.log.appender.buffer.byte-limit = 33554432 (custom)
2020-12-18 01:51:26,655 [3269f5d2-042c-40e4-98fc-53bb9834c825@group-088B413A0819-LeaderElection14] INFO  server.RaftServerConfigKeys (ConfUtils.java:logGet(44)) - raft.server.log.appender.buffer.element-limit = 1 (custom)
2020-12-18 01:51:26,655 [3269f5d2-042c-40e4-98fc-53bb9834c825@group-088B413A0819-LeaderElection14] INFO  grpc.GrpcConfigKeys (ConfUtils.java:logGet(44)) - raft.grpc.server.leader.outstanding.appends.max = 128 (default)
2020-12-18 01:51:26,655 [3269f5d2-042c-40e4-98fc-53bb9834c825@group-088B413A0819-LeaderElection14] INFO  server.RaftServerConfigKeys (ConfUtils.java:logGet(44)) - raft.server.rpc.request.timeout = 60s (custom)
2020-12-18 01:51:26,655 [3269f5d2-042c-40e4-98fc-53bb9834c825@group-088B413A0819-LeaderElection14] INFO  server.RaftServerConfigKeys (ConfUtils.java:logGet(44)) - raft.server.log.appender.install.snapshot.enabled = false (custom)
2020-12-18 01:51:26,655 [3269f5d2-042c-40e4-98fc-53bb9834c825@group-088B413A0819-LeaderElection14] INFO  metrics.RatisMetrics (RatisMetrics.java:lambda$create$0(36)) - Creating Metrics Registry : ratis_grpc.log_appender.3269f5d2-042c-40e4-98fc-53bb9834c825@group-088B413A0819
2020-12-18 01:51:26,657 [3269f5d2-042c-40e4-98fc-53bb9834c825@group-088B413A0819-LeaderElection14] INFO  server.RaftServerConfigKeys (ConfUtils.java:logGet(44)) - raft.server.log.appender.snapshot.chunk.size.max = 16MB (=16777216) (default)
2020-12-18 01:51:26,657 [3269f5d2-042c-40e4-98fc-53bb9834c825@group-088B413A0819-LeaderElection14] INFO  server.RaftServerConfigKeys (ConfUtils.java:logGet(44)) - raft.server.log.appender.buffer.byte-limit = 33554432 (custom)
2020-12-18 01:51:26,657 [3269f5d2-042c-40e4-98fc-53bb9834c825@group-088B413A0819-LeaderElection14] INFO  server.RaftServerConfigKeys (ConfUtils.java:logGet(44)) - raft.server.log.appender.buffer.element-limit = 1 (custom)
2020-12-18 01:51:26,657 [EventQueue-PipelineReportForPipelineReportHandler] INFO  pipeline.PipelineStateManager (PipelineStateManager.java:openPipeline(132)) - Pipeline Pipeline[ Id: 6eadbec1-4054-4a55-8ca7-088b413a0819, Nodes: 3269f5d2-042c-40e4-98fc-53bb9834c825{ip: 172.17.0.2, host: 1fad9502c7b4, networkLocation: /default-rack, certSerialId: null, persistedOpState: IN_SERVICE, persistedOpStateExpiryEpochSec: 0}ebd34426-50bd-4b83-bb6a-fbb1ddb02546{ip: 172.17.0.2, host: 1fad9502c7b4, networkLocation: /default-rack, certSerialId: null, persistedOpState: IN_SERVICE, persistedOpStateExpiryEpochSec: 0}30321cca-a230-403c-ae60-27735093aac3{ip: 172.17.0.2, host: 1fad9502c7b4, networkLocation: /default-rack, certSerialId: null, persistedOpState: IN_SERVICE, persistedOpStateExpiryEpochSec: 0}, Type:RATIS, Factor:THREE, State:ALLOCATED, leaderId:3269f5d2-042c-40e4-98fc-53bb9834c825, CreationTimestamp2020-12-18T01:51:18.891Z] moved to OPEN state
2020-12-18 01:51:26,657 [3269f5d2-042c-40e4-98fc-53bb9834c825@group-088B413A0819-LeaderElection14] INFO  grpc.GrpcConfigKeys (ConfUtils.java:logGet(44)) - raft.grpc.server.leader.outstanding.appends.max = 128 (default)
2020-12-18 01:51:26,658 [3269f5d2-042c-40e4-98fc-53bb9834c825@group-088B413A0819-LeaderElection14] INFO  server.RaftServerConfigKeys (ConfUtils.java:logGet(44)) - raft.server.rpc.request.timeout = 60s (custom)
2020-12-18 01:51:26,658 [3269f5d2-042c-40e4-98fc-53bb9834c825@group-088B413A0819-LeaderElection14] INFO  server.RaftServerConfigKeys (ConfUtils.java:logGet(44)) - raft.server.log.appender.install.snapshot.enabled = false (custom)
2020-12-18 01:51:26,659 [3269f5d2-042c-40e4-98fc-53bb9834c825@group-088B413A0819-LeaderElection14] INFO  impl.RoleInfo (RoleInfo.java:updateAndGet(143)) - 3269f5d2-042c-40e4-98fc-53bb9834c825: start 3269f5d2-042c-40e4-98fc-53bb9834c825@group-088B413A0819-LeaderState
2020-12-18 01:51:26,659 [3269f5d2-042c-40e4-98fc-53bb9834c825@group-088B413A0819-LeaderElection14] INFO  segmented.SegmentedRaftLogWorker (SegmentedRaftLogWorker.java:startLogSegment(398)) - 3269f5d2-042c-40e4-98fc-53bb9834c825@group-088B413A0819-SegmentedRaftLogWorker: Starting segment from index:0
2020-12-18 01:51:26,664 [3269f5d2-042c-40e4-98fc-53bb9834c825@group-088B413A0819-LeaderElection14] INFO  impl.RaftServerImpl (ServerState.java:setRaftConf(374)) - 3269f5d2-042c-40e4-98fc-53bb9834c825@group-088B413A0819: set configuration 0: [30321cca-a230-403c-ae60-27735093aac3|rpc:172.17.0.2:39317|dataStream:, 3269f5d2-042c-40e4-98fc-53bb9834c825|rpc:172.17.0.2:44561|dataStream:, ebd34426-50bd-4b83-bb6a-fbb1ddb02546|rpc:172.17.0.2:40781|dataStream:], old=null at 0
2020-12-18 01:51:26,664 [3269f5d2-042c-40e4-98fc-53bb9834c825@group-088B413A0819-SegmentedRaftLogWorker] INFO  segmented.SegmentedRaftLogWorker (SegmentedRaftLogWorker.java:execute(597)) - 3269f5d2-042c-40e4-98fc-53bb9834c825@group-088B413A0819-SegmentedRaftLogWorker: created new log segment /github/workspace/mnt/ozone/hadoop-ozone/integration-test/target/test-dir/MiniOzoneClusterImpl-4564f03c-bda0-461a-b884-74ed0c78bad0/datanode-5/data/ratis/6eadbec1-4054-4a55-8ca7-088b413a0819/current/log_inprogress_0
2020-12-18 01:51:26,678 [grpc-default-executor-1] INFO  ratis.XceiverServerRatis (XceiverServerRatis.java:handleLeaderChangedNotification(854)) - Leader change notification received for group: group-088B413A0819 with new leaderId: 3269f5d2-042c-40e4-98fc-53bb9834c825
2020-12-18 01:51:26,678 [grpc-default-executor-1] INFO  impl.RaftServerImpl (ServerState.java:setLeader(256)) - ebd34426-50bd-4b83-bb6a-fbb1ddb02546@group-088B413A0819: change Leader from null to 3269f5d2-042c-40e4-98fc-53bb9834c825 at term 1 for appendEntries, leader elected after 5143ms
2020-12-18 01:51:26,679 [grpc-default-executor-1] INFO  impl.RaftServerImpl (ServerState.java:setRaftConf(374)) - ebd34426-50bd-4b83-bb6a-fbb1ddb02546@group-088B413A0819: set configuration 0: [30321cca-a230-403c-ae60-27735093aac3|rpc:172.17.0.2:39317|dataStream:, 3269f5d2-042c-40e4-98fc-53bb9834c825|rpc:172.17.0.2:44561|dataStream:, ebd34426-50bd-4b83-bb6a-fbb1ddb02546|rpc:172.17.0.2:40781|dataStream:], old=null at 0
2020-12-18 01:51:26,679 [grpc-default-executor-1] INFO  segmented.SegmentedRaftLogWorker (SegmentedRaftLogWorker.java:startLogSegment(398)) - ebd34426-50bd-4b83-bb6a-fbb1ddb02546@group-088B413A0819-SegmentedRaftLogWorker: Starting segment from index:0
2020-12-18 01:51:26,680 [ebd34426-50bd-4b83-bb6a-fbb1ddb02546@group-088B413A0819-SegmentedRaftLogWorker] INFO  segmented.SegmentedRaftLogWorker (SegmentedRaftLogWorker.java:execute(597)) - ebd34426-50bd-4b83-bb6a-fbb1ddb02546@group-088B413A0819-SegmentedRaftLogWorker: created new log segment /github/workspace/mnt/ozone/hadoop-ozone/integration-test/target/test-dir/MiniOzoneClusterImpl-4564f03c-bda0-461a-b884-74ed0c78bad0/datanode-3/data/ratis/6eadbec1-4054-4a55-8ca7-088b413a0819/current/log_inprogress_0
2020-12-18 01:51:26,688 [grpc-default-executor-2] INFO  ratis.XceiverServerRatis (XceiverServerRatis.java:handleLeaderChangedNotification(854)) - Leader change notification received for group: group-088B413A0819 with new leaderId: 3269f5d2-042c-40e4-98fc-53bb9834c825
2020-12-18 01:51:26,688 [grpc-default-executor-2] INFO  impl.RaftServerImpl (ServerState.java:setLeader(256)) - 30321cca-a230-403c-ae60-27735093aac3@group-088B413A0819: change Leader from null to 3269f5d2-042c-40e4-98fc-53bb9834c825 at term 1 for appendEntries, leader elected after 5094ms
2020-12-18 01:51:26,697 [grpc-default-executor-2] INFO  impl.RaftServerImpl (ServerState.java:setRaftConf(374)) - 30321cca-a230-403c-ae60-27735093aac3@group-088B413A0819: set configuration 0: [30321cca-a230-403c-ae60-27735093aac3|rpc:172.17.0.2:39317|dataStream:, 3269f5d2-042c-40e4-98fc-53bb9834c825|rpc:172.17.0.2:44561|dataStream:, ebd34426-50bd-4b83-bb6a-fbb1ddb02546|rpc:172.17.0.2:40781|dataStream:], old=null at 0
2020-12-18 01:51:26,697 [grpc-default-executor-2] INFO  segmented.SegmentedRaftLogWorker (SegmentedRaftLogWorker.java:startLogSegment(398)) - 30321cca-a230-403c-ae60-27735093aac3@group-088B413A0819-SegmentedRaftLogWorker: Starting segment from index:0
2020-12-18 01:51:26,698 [30321cca-a230-403c-ae60-27735093aac3@group-088B413A0819-SegmentedRaftLogWorker] INFO  segmented.SegmentedRaftLogWorker (SegmentedRaftLogWorker.java:execute(597)) - 30321cca-a230-403c-ae60-27735093aac3@group-088B413A0819-SegmentedRaftLogWorker: created new log segment /github/workspace/mnt/ozone/hadoop-ozone/integration-test/target/test-dir/MiniOzoneClusterImpl-4564f03c-bda0-461a-b884-74ed0c78bad0/datanode-4/data/ratis/6eadbec1-4054-4a55-8ca7-088b413a0819/current/log_inprogress_0
2020-12-18 01:51:26,862 [Thread-837] INFO  impl.FollowerState (FollowerState.java:run(128)) - 30321cca-a230-403c-ae60-27735093aac3@group-1F2427009CCD-FollowerState: change to CANDIDATE, lastRpcTime:5150ms, electionTimeout:5142ms
2020-12-18 01:51:26,863 [Thread-837] INFO  impl.RoleInfo (RoleInfo.java:shutdownFollowerState(121)) - 30321cca-a230-403c-ae60-27735093aac3: shutdown 30321cca-a230-403c-ae60-27735093aac3@group-1F2427009CCD-FollowerState
2020-12-18 01:51:26,863 [Thread-837] INFO  impl.RaftServerImpl (RaftServerImpl.java:setRole(204)) - 30321cca-a230-403c-ae60-27735093aac3@group-1F2427009CCD: changes role from  FOLLOWER to CANDIDATE at term 0 for changeToCandidate
2020-12-18 01:51:26,863 [Thread-837] INFO  impl.RoleInfo (RoleInfo.java:updateAndGet(143)) - 30321cca-a230-403c-ae60-27735093aac3: start 30321cca-a230-403c-ae60-27735093aac3@group-1F2427009CCD-LeaderElection15
2020-12-18 01:51:26,867 [30321cca-a230-403c-ae60-27735093aac3@group-1F2427009CCD-LeaderElection15] INFO  impl.LeaderElection (LeaderElection.java:askForVotes(215)) - 30321cca-a230-403c-ae60-27735093aac3@group-1F2427009CCD-LeaderElection15: begin an election at term 1 for -1: [30321cca-a230-403c-ae60-27735093aac3|rpc:172.17.0.2:39317], old=null
2020-12-18 01:51:26,867 [30321cca-a230-403c-ae60-27735093aac3@group-1F2427009CCD-LeaderElection15] INFO  impl.RoleInfo (RoleInfo.java:shutdownLeaderElection(134)) - 30321cca-a230-403c-ae60-27735093aac3: shutdown 30321cca-a230-403c-ae60-27735093aac3@group-1F2427009CCD-LeaderElection15
2020-12-18 01:51:26,867 [30321cca-a230-403c-ae60-27735093aac3@group-1F2427009CCD-LeaderElection15] INFO  impl.RaftServerImpl (RaftServerImpl.java:setRole(204)) - 30321cca-a230-403c-ae60-27735093aac3@group-1F2427009CCD: changes role from CANDIDATE to LEADER at term 1 for changeToLeader
2020-12-18 01:51:26,867 [30321cca-a230-403c-ae60-27735093aac3@group-1F2427009CCD-LeaderElection15] INFO  ratis.XceiverServerRatis (XceiverServerRatis.java:handleLeaderChangedNotification(854)) - Leader change notification received for group: group-1F2427009CCD with new leaderId: 30321cca-a230-403c-ae60-27735093aac3
2020-12-18 01:51:26,870 [30321cca-a230-403c-ae60-27735093aac3@group-1F2427009CCD-LeaderElection15] INFO  impl.RaftServerImpl (ServerState.java:setLeader(256)) - 30321cca-a230-403c-ae60-27735093aac3@group-1F2427009CCD: change Leader from null to 30321cca-a230-403c-ae60-27735093aac3 at term 1 for becomeLeader, leader elected after 5161ms
2020-12-18 01:51:26,870 [30321cca-a230-403c-ae60-27735093aac3@group-1F2427009CCD-LeaderElection15] INFO  server.RaftServerConfigKeys (ConfUtils.java:logGet(44)) - raft.server.staging.catchup.gap = 1000 (default)
2020-12-18 01:51:26,870 [30321cca-a230-403c-ae60-27735093aac3@group-1F2427009CCD-LeaderElection15] INFO  server.RaftServerConfigKeys (ConfUtils.java:logGet(44)) - raft.server.rpc.sleep.time = 25ms (default)
2020-12-18 01:51:26,870 [30321cca-a230-403c-ae60-27735093aac3@group-1F2427009CCD-LeaderElection15] INFO  metrics.RatisMetrics (RatisMetrics.java:lambda$create$0(36)) - Creating Metrics Registry : ratis.log_appender.30321cca-a230-403c-ae60-27735093aac3@group-1F2427009CCD
2020-12-18 01:51:26,870 [30321cca-a230-403c-ae60-27735093aac3@group-1F2427009CCD-LeaderElection15] INFO  server.RaftServerConfigKeys (ConfUtils.java:logGet(44)) - raft.server.write.element-limit = 1024 (custom)
2020-12-18 01:51:26,870 [30321cca-a230-403c-ae60-27735093aac3@group-1F2427009CCD-LeaderElection15] INFO  server.RaftServerConfigKeys (ConfUtils.java:logGet(44)) - raft.server.write.byte-limit = 1073741824 (custom)
2020-12-18 01:51:26,871 [30321cca-a230-403c-ae60-27735093aac3@group-1F2427009CCD-LeaderElection15] INFO  server.RaftServerConfigKeys (ConfUtils.java:logGet(44)) - raft.server.watch.timeout = 180s (custom)
2020-12-18 01:51:26,871 [30321cca-a230-403c-ae60-27735093aac3@group-1F2427009CCD-LeaderElection15] INFO  server.RaftServerConfigKeys (ConfUtils.java:logGet(44)) - raft.server.watch.timeout.denomination = 1s (default)
2020-12-18 01:51:26,871 [30321cca-a230-403c-ae60-27735093aac3@group-1F2427009CCD-LeaderElection15] INFO  server.RaftServerConfigKeys (ConfUtils.java:logGet(44)) - raft.server.watch.element-limit = 65536 (default)
2020-12-18 01:51:26,871 [30321cca-a230-403c-ae60-27735093aac3@group-1F2427009CCD-LeaderElection15] INFO  impl.RoleInfo (RoleInfo.java:updateAndGet(143)) - 30321cca-a230-403c-ae60-27735093aac3: start 30321cca-a230-403c-ae60-27735093aac3@group-1F2427009CCD-LeaderState
2020-12-18 01:51:26,871 [30321cca-a230-403c-ae60-27735093aac3@group-1F2427009CCD-LeaderElection15] INFO  segmented.SegmentedRaftLogWorker (SegmentedRaftLogWorker.java:startLogSegment(398)) - 30321cca-a230-403c-ae60-27735093aac3@group-1F2427009CCD-SegmentedRaftLogWorker: Starting segment from index:0
2020-12-18 01:51:26,872 [30321cca-a230-403c-ae60-27735093aac3@group-1F2427009CCD-LeaderElection15] INFO  impl.RaftServerImpl (ServerState.java:setRaftConf(374)) - 30321cca-a230-403c-ae60-27735093aac3@group-1F2427009CCD: set configuration 0: [30321cca-a230-403c-ae60-27735093aac3|rpc:172.17.0.2:39317|dataStream:], old=null at 0
2020-12-18 01:51:26,872 [30321cca-a230-403c-ae60-27735093aac3@group-1F2427009CCD-SegmentedRaftLogWorker] INFO  segmented.SegmentedRaftLogWorker (SegmentedRaftLogWorker.java:execute(597)) - 30321cca-a230-403c-ae60-27735093aac3@group-1F2427009CCD-SegmentedRaftLogWorker: created new log segment /github/workspace/mnt/ozone/hadoop-ozone/integration-test/target/test-dir/MiniOzoneClusterImpl-4564f03c-bda0-461a-b884-74ed0c78bad0/datanode-4/data/ratis/c2c6d9b5-a836-404e-9307-1f2427009ccd/current/log_inprogress_0
2020-12-18 01:51:26,881 [Listener at 127.0.0.1/40197] INFO  ozone.MiniOzoneClusterImpl (MiniOzoneClusterImpl.java:lambda$waitForClusterToBeReady$0(178)) - Nodes are ready. Got 6 of 6 DN Heartbeats.
2020-12-18 01:51:26,882 [Listener at 127.0.0.1/40197] INFO  ozone.MiniOzoneClusterImpl (MiniOzoneClusterImpl.java:lambda$waitForClusterToBeReady$0(181)) - Cluster exits safe mode
2020-12-18 01:51:26,898 [Listener at 127.0.0.1/40197] INFO  rpc.RpcClient (RpcClient.java:createVolume(273)) - Creating Volume: vol1, with user92361 as owner.
2020-12-18 01:51:26,899 [IPC Server handler 1 on default port 40197] INFO  volume.OMVolumeCreateRequest (OMVolumeCreateRequest.java:validateAndUpdateCache(196)) - created volume:vol1 for user:user92361
2020-12-18 01:51:26,900 [org.apache.ratis.server.JvmPauseMonitor@7812e101-Monitor] WARN  server.JvmPauseMonitor (JvmPauseMonitor.java:run(141)) - Detected pause in JVM or host machine (eg GC): pause of approximately 1ms
No GCs detected
2020-12-18 01:51:26,903 [Listener at 127.0.0.1/40197] INFO  rpc.RpcClient (RpcClient.java:createBucket(429)) - Creating Bucket: vol1/bucket1, with Versioning false and Storage Type set to DISK and Encryption set to false 
2020-12-18 01:51:26,923 [Listener at 127.0.0.1/40197] INFO  metrics.RatisMetrics (RatisMetrics.java:lambda$create$0(36)) - Creating Metrics Registry : ratis.client_message_metrics.client-6842CF358935->0411c1e5-01dd-41ac-a234-123af2469892
2020-12-18 01:51:27,054 [Thread-839] INFO  impl.FollowerState (FollowerState.java:run(128)) - 3269f5d2-042c-40e4-98fc-53bb9834c825@group-EFC59497A950-FollowerState: change to CANDIDATE, lastRpcTime:5148ms, electionTimeout:5147ms
2020-12-18 01:51:27,054 [Thread-839] INFO  impl.RoleInfo (RoleInfo.java:shutdownFollowerState(121)) - 3269f5d2-042c-40e4-98fc-53bb9834c825: shutdown 3269f5d2-042c-40e4-98fc-53bb9834c825@group-EFC59497A950-FollowerState
2020-12-18 01:51:27,054 [Thread-839] INFO  impl.RaftServerImpl (RaftServerImpl.java:setRole(204)) - 3269f5d2-042c-40e4-98fc-53bb9834c825@group-EFC59497A950: changes role from  FOLLOWER to CANDIDATE at term 0 for changeToCandidate
2020-12-18 01:51:27,056 [Thread-839] INFO  impl.RoleInfo (RoleInfo.java:updateAndGet(143)) - 3269f5d2-042c-40e4-98fc-53bb9834c825: start 3269f5d2-042c-40e4-98fc-53bb9834c825@group-EFC59497A950-LeaderElection16
2020-12-18 01:51:27,061 [3269f5d2-042c-40e4-98fc-53bb9834c825@group-EFC59497A950-LeaderElection16] INFO  impl.LeaderElection (LeaderElection.java:askForVotes(215)) - 3269f5d2-042c-40e4-98fc-53bb9834c825@group-EFC59497A950-LeaderElection16: begin an election at term 1 for -1: [3269f5d2-042c-40e4-98fc-53bb9834c825|rpc:172.17.0.2:44561], old=null
2020-12-18 01:51:27,061 [3269f5d2-042c-40e4-98fc-53bb9834c825@group-EFC59497A950-LeaderElection16] INFO  impl.RoleInfo (RoleInfo.java:shutdownLeaderElection(134)) - 3269f5d2-042c-40e4-98fc-53bb9834c825: shutdown 3269f5d2-042c-40e4-98fc-53bb9834c825@group-EFC59497A950-LeaderElection16
2020-12-18 01:51:27,061 [3269f5d2-042c-40e4-98fc-53bb9834c825@group-EFC59497A950-LeaderElection16] INFO  impl.RaftServerImpl (RaftServerImpl.java:setRole(204)) - 3269f5d2-042c-40e4-98fc-53bb9834c825@group-EFC59497A950: changes role from CANDIDATE to LEADER at term 1 for changeToLeader
2020-12-18 01:51:27,061 [3269f5d2-042c-40e4-98fc-53bb9834c825@group-EFC59497A950-LeaderElection16] INFO  ratis.XceiverServerRatis (XceiverServerRatis.java:handleLeaderChangedNotification(854)) - Leader change notification received for group: group-EFC59497A950 with new leaderId: 3269f5d2-042c-40e4-98fc-53bb9834c825
2020-12-18 01:51:27,061 [3269f5d2-042c-40e4-98fc-53bb9834c825@group-EFC59497A950-LeaderElection16] INFO  impl.RaftServerImpl (ServerState.java:setLeader(256)) - 3269f5d2-042c-40e4-98fc-53bb9834c825@group-EFC59497A950: change Leader from null to 3269f5d2-042c-40e4-98fc-53bb9834c825 at term 1 for becomeLeader, leader elected after 5169ms
2020-12-18 01:51:27,061 [3269f5d2-042c-40e4-98fc-53bb9834c825@group-EFC59497A950-LeaderElection16] INFO  server.RaftServerConfigKeys (ConfUtils.java:logGet(44)) - raft.server.staging.catchup.gap = 1000 (default)
2020-12-18 01:51:27,061 [3269f5d2-042c-40e4-98fc-53bb9834c825@group-EFC59497A950-LeaderElection16] INFO  server.RaftServerConfigKeys (ConfUtils.java:logGet(44)) - raft.server.rpc.sleep.time = 25ms (default)
2020-12-18 01:51:27,061 [3269f5d2-042c-40e4-98fc-53bb9834c825@group-EFC59497A950-LeaderElection16] INFO  metrics.RatisMetrics (RatisMetrics.java:lambda$create$0(36)) - Creating Metrics Registry : ratis.log_appender.3269f5d2-042c-40e4-98fc-53bb9834c825@group-EFC59497A950
2020-12-18 01:51:27,062 [3269f5d2-042c-40e4-98fc-53bb9834c825@group-EFC59497A950-LeaderElection16] INFO  server.RaftServerConfigKeys (ConfUtils.java:logGet(44)) - raft.server.write.element-limit = 1024 (custom)
2020-12-18 01:51:27,062 [3269f5d2-042c-40e4-98fc-53bb9834c825@group-EFC59497A950-LeaderElection16] INFO  server.RaftServerConfigKeys (ConfUtils.java:logGet(44)) - raft.server.write.byte-limit = 1073741824 (custom)
2020-12-18 01:51:27,062 [3269f5d2-042c-40e4-98fc-53bb9834c825@group-EFC59497A950-LeaderElection16] INFO  server.RaftServerConfigKeys (ConfUtils.java:logGet(44)) - raft.server.watch.timeout = 180s (custom)
2020-12-18 01:51:27,062 [3269f5d2-042c-40e4-98fc-53bb9834c825@group-EFC59497A950-LeaderElection16] INFO  server.RaftServerConfigKeys (ConfUtils.java:logGet(44)) - raft.server.watch.timeout.denomination = 1s (default)
2020-12-18 01:51:27,062 [3269f5d2-042c-40e4-98fc-53bb9834c825@group-EFC59497A950-LeaderElection16] INFO  server.RaftServerConfigKeys (ConfUtils.java:logGet(44)) - raft.server.watch.element-limit = 65536 (default)
2020-12-18 01:51:27,063 [3269f5d2-042c-40e4-98fc-53bb9834c825@group-EFC59497A950-LeaderElection16] INFO  impl.RoleInfo (RoleInfo.java:updateAndGet(143)) - 3269f5d2-042c-40e4-98fc-53bb9834c825: start 3269f5d2-042c-40e4-98fc-53bb9834c825@group-EFC59497A950-LeaderState
2020-12-18 01:51:27,063 [3269f5d2-042c-40e4-98fc-53bb9834c825@group-EFC59497A950-LeaderElection16] INFO  segmented.SegmentedRaftLogWorker (SegmentedRaftLogWorker.java:startLogSegment(398)) - 3269f5d2-042c-40e4-98fc-53bb9834c825@group-EFC59497A950-SegmentedRaftLogWorker: Starting segment from index:0
2020-12-18 01:51:27,063 [3269f5d2-042c-40e4-98fc-53bb9834c825@group-EFC59497A950-LeaderElection16] INFO  impl.RaftServerImpl (ServerState.java:setRaftConf(374)) - 3269f5d2-042c-40e4-98fc-53bb9834c825@group-EFC59497A950: set configuration 0: [3269f5d2-042c-40e4-98fc-53bb9834c825|rpc:172.17.0.2:44561|dataStream:], old=null at 0
2020-12-18 01:51:27,063 [3269f5d2-042c-40e4-98fc-53bb9834c825@group-EFC59497A950-SegmentedRaftLogWorker] INFO  segmented.SegmentedRaftLogWorker (SegmentedRaftLogWorker.java:execute(597)) - 3269f5d2-042c-40e4-98fc-53bb9834c825@group-EFC59497A950-SegmentedRaftLogWorker: created new log segment /github/workspace/mnt/ozone/hadoop-ozone/integration-test/target/test-dir/MiniOzoneClusterImpl-4564f03c-bda0-461a-b884-74ed0c78bad0/datanode-5/data/ratis/86e14c97-cb80-4e1c-9cd8-efc59497a950/current/log_inprogress_0
2020-12-18 01:51:27,101 [Listener at 127.0.0.1/40197] INFO  metrics.RatisMetrics (RatisMetrics.java:lambda$create$0(36)) - Creating Metrics Registry : ratis.client_message_metrics.client-FAA452C286A8->3269f5d2-042c-40e4-98fc-53bb9834c825
2020-12-18 01:51:27,403 [org.apache.ratis.server.JvmPauseMonitor@7812e101-Monitor] WARN  server.JvmPauseMonitor (JvmPauseMonitor.java:run(141)) - Detected pause in JVM or host machine (eg GC): pause of approximately 1ms
No GCs detected
2020-12-18 01:51:27,971 [org.apache.ratis.server.JvmPauseMonitor@e01aee9-Monitor] WARN  server.JvmPauseMonitor (JvmPauseMonitor.java:run(141)) - Detected pause in JVM or host machine (eg GC): pause of approximately 1ms
GC pool 'PS Scavenge' had collection(s): count=1 time=42ms
2020-12-18 01:51:29,160 [EventQueue-Delayed safe mode statusForReplicationManager] INFO  container.ReplicationManager (ReplicationManager.java:start(186)) - Starting Replication Monitor Thread.
2020-12-18 01:51:29,161 [ReplicationMonitor] INFO  container.ReplicationManager (ReplicationManager.java:run(250)) - Replication Monitor Thread took 0 milliseconds for processing 4 containers.
2020-12-18 01:51:30,162 [ReplicationMonitor] INFO  container.ReplicationManager (ReplicationManager.java:run(250)) - Replication Monitor Thread took 0 milliseconds for processing 4 containers.
2020-12-18 01:51:30,870 [IPC Server handler 2 on default port 37007] INFO  node.NodeDecommissionManager (NodeDecommissionManager.java:startMaintenance(344)) - Starting Maintenance for node 2abc6dfe-890a-4d70-ad0b-3558951658f5{ip: 172.17.0.2, host: 1fad9502c7b4, networkLocation: /default-rack, certSerialId: null, persistedOpState: IN_SERVICE, persistedOpStateExpiryEpochSec: 0}
2020-12-18 01:51:30,870 [IPC Server handler 2 on default port 37007] INFO  node.NodeDecommissionManager (NodeDecommissionManager.java:startMaintenance(344)) - Starting Maintenance for node 5a6704fc-15bd-4230-8cbe-d21da4b813be{ip: 172.17.0.2, host: 1fad9502c7b4, networkLocation: /default-rack, certSerialId: null, persistedOpState: IN_SERVICE, persistedOpStateExpiryEpochSec: 0}
2020-12-18 01:51:30,870 [IPC Server handler 2 on default port 37007] INFO  node.NodeDecommissionManager (NodeDecommissionManager.java:startMaintenance(344)) - Starting Maintenance for node 0411c1e5-01dd-41ac-a234-123af2469892{ip: 172.17.0.2, host: 1fad9502c7b4, networkLocation: /default-rack, certSerialId: null, persistedOpState: IN_SERVICE, persistedOpStateExpiryEpochSec: 0}
2020-12-18 01:51:31,056 [IPC Server handler 11 on default port 35861] INFO  node.SCMNodeManager (SCMNodeManager.java:updateDatanodeOpState(419)) - Scheduling a command to update the operationalState persisted on the datanode as the reported value (IN_SERVICE, 0) does not match the value stored in SCM (ENTERING_MAINTENANCE, 0)
2020-12-18 01:51:31,065 [IPC Server handler 13 on default port 35861] INFO  node.SCMNodeManager (SCMNodeManager.java:updateDatanodeOpState(419)) - Scheduling a command to update the operationalState persisted on the datanode as the reported value (IN_SERVICE, 0) does not match the value stored in SCM (ENTERING_MAINTENANCE, 0)
2020-12-18 01:51:31,070 [IPC Server handler 14 on default port 35861] INFO  node.SCMNodeManager (SCMNodeManager.java:updateDatanodeOpState(419)) - Scheduling a command to update the operationalState persisted on the datanode as the reported value (IN_SERVICE, 0) does not match the value stored in SCM (ENTERING_MAINTENANCE, 0)
2020-12-18 01:51:31,163 [ReplicationMonitor] INFO  container.ReplicationManager (ReplicationManager.java:run(250)) - Replication Monitor Thread took 0 milliseconds for processing 4 containers.
2020-12-18 01:51:31,538 [DatanodeAdminManager-0] INFO  node.DatanodeAdminMonitorImpl (DatanodeAdminMonitorImpl.java:checkPipelinesClosedOnNode(267)) - Waiting for pipelines to close for 5a6704fc-15bd-4230-8cbe-d21da4b813be{ip: 172.17.0.2, host: 1fad9502c7b4, networkLocation: /default-rack, certSerialId: null, persistedOpState: IN_SERVICE, persistedOpStateExpiryEpochSec: 0}. There are 2 pipelines
2020-12-18 01:51:31,538 [DatanodeAdminManager-0] INFO  node.DatanodeAdminMonitorImpl (DatanodeAdminMonitorImpl.java:checkPipelinesClosedOnNode(267)) - Waiting for pipelines to close for 2abc6dfe-890a-4d70-ad0b-3558951658f5{ip: 172.17.0.2, host: 1fad9502c7b4, networkLocation: /default-rack, certSerialId: null, persistedOpState: IN_SERVICE, persistedOpStateExpiryEpochSec: 0}. There are 2 pipelines
2020-12-18 01:51:31,538 [DatanodeAdminManager-0] INFO  node.DatanodeAdminMonitorImpl (DatanodeAdminMonitorImpl.java:checkPipelinesClosedOnNode(267)) - Waiting for pipelines to close for 0411c1e5-01dd-41ac-a234-123af2469892{ip: 172.17.0.2, host: 1fad9502c7b4, networkLocation: /default-rack, certSerialId: null, persistedOpState: IN_SERVICE, persistedOpStateExpiryEpochSec: 0}. There are 2 pipelines
2020-12-18 01:51:31,538 [DatanodeAdminManager-0] INFO  node.DatanodeAdminMonitorImpl (DatanodeAdminMonitorImpl.java:run(136)) - There are 3 nodes tracked for decommission and maintenance. 0 pending nodes.
2020-12-18 01:51:31,538 [EventQueue-StartAdminOnNodeForStartDatanodeAdminHandler] INFO  node.StartDatanodeAdminHandler (StartDatanodeAdminHandler.java:onMessage(56)) - Admin start on datanode 2abc6dfe-890a-4d70-ad0b-3558951658f5{ip: 172.17.0.2, host: 1fad9502c7b4, networkLocation: /default-rack, certSerialId: null, persistedOpState: IN_SERVICE, persistedOpStateExpiryEpochSec: 0}. Finalizing its pipelines [PipelineID=d4e7e20d-0633-4858-ab6d-f18240b2db4e, PipelineID=31dce71a-1f0f-4077-895d-c718e5e6b254]
2020-12-18 01:51:31,540 [EventQueue-StartAdminOnNodeForStartDatanodeAdminHandler] INFO  pipeline.SCMPipelineManager (SCMPipelineManager.java:finalizeAndDestroyPipeline(482)) - Destroying pipeline:Pipeline[ Id: d4e7e20d-0633-4858-ab6d-f18240b2db4e, Nodes: 2abc6dfe-890a-4d70-ad0b-3558951658f5{ip: 172.17.0.2, host: 1fad9502c7b4, networkLocation: /default-rack, certSerialId: null, persistedOpState: IN_SERVICE, persistedOpStateExpiryEpochSec: 0}, Type:RATIS, Factor:ONE, State:OPEN, leaderId:2abc6dfe-890a-4d70-ad0b-3558951658f5, CreationTimestamp2020-12-18T01:51:17.948Z]
2020-12-18 01:51:31,540 [EventQueue-StartAdminOnNodeForStartDatanodeAdminHandler] INFO  pipeline.PipelineStateManager (PipelineStateManager.java:finalizePipeline(121)) - Pipeline Pipeline[ Id: d4e7e20d-0633-4858-ab6d-f18240b2db4e, Nodes: 2abc6dfe-890a-4d70-ad0b-3558951658f5{ip: 172.17.0.2, host: 1fad9502c7b4, networkLocation: /default-rack, certSerialId: null, persistedOpState: IN_SERVICE, persistedOpStateExpiryEpochSec: 0}, Type:RATIS, Factor:ONE, State:CLOSED, leaderId:2abc6dfe-890a-4d70-ad0b-3558951658f5, CreationTimestamp2020-12-18T01:51:17.948Z] moved to CLOSED state
2020-12-18 01:51:31,540 [EventQueue-StartAdminOnNodeForStartDatanodeAdminHandler] INFO  pipeline.RatisPipelineProvider (RatisPipelineProvider.java:lambda$close$1(199)) - Send pipeline:PipelineID=d4e7e20d-0633-4858-ab6d-f18240b2db4e close command to datanode 2abc6dfe-890a-4d70-ad0b-3558951658f5
2020-12-18 01:51:31,540 [EventQueue-StartAdminOnNodeForStartDatanodeAdminHandler] INFO  pipeline.PipelineStateManager (PipelineStateManager.java:removePipeline(106)) - Pipeline Pipeline[ Id: d4e7e20d-0633-4858-ab6d-f18240b2db4e, Nodes: 2abc6dfe-890a-4d70-ad0b-3558951658f5{ip: 172.17.0.2, host: 1fad9502c7b4, networkLocation: /default-rack, certSerialId: null, persistedOpState: IN_SERVICE, persistedOpStateExpiryEpochSec: 0}, Type:RATIS, Factor:ONE, State:CLOSED, leaderId:2abc6dfe-890a-4d70-ad0b-3558951658f5, CreationTimestamp2020-12-18T01:51:17.948Z] removed from db
2020-12-18 01:51:31,542 [EventQueue-StartAdminOnNodeForStartDatanodeAdminHandler] INFO  pipeline.SCMPipelineManager (SCMPipelineManager.java:finalizeAndDestroyPipeline(482)) - Destroying pipeline:Pipeline[ Id: 31dce71a-1f0f-4077-895d-c718e5e6b254, Nodes: 5a6704fc-15bd-4230-8cbe-d21da4b813be{ip: 172.17.0.2, host: 1fad9502c7b4, networkLocation: /default-rack, certSerialId: null, persistedOpState: IN_SERVICE, persistedOpStateExpiryEpochSec: 0}2abc6dfe-890a-4d70-ad0b-3558951658f5{ip: 172.17.0.2, host: 1fad9502c7b4, networkLocation: /default-rack, certSerialId: null, persistedOpState: IN_SERVICE, persistedOpStateExpiryEpochSec: 0}0411c1e5-01dd-41ac-a234-123af2469892{ip: 172.17.0.2, host: 1fad9502c7b4, networkLocation: /default-rack, certSerialId: null, persistedOpState: IN_SERVICE, persistedOpStateExpiryEpochSec: 0}, Type:RATIS, Factor:THREE, State:OPEN, leaderId:0411c1e5-01dd-41ac-a234-123af2469892, CreationTimestamp2020-12-18T01:51:18.327Z]
2020-12-18 01:51:31,542 [EventQueue-StartAdminOnNodeForStartDatanodeAdminHandler] INFO  pipeline.PipelineStateManager (PipelineStateManager.java:finalizePipeline(121)) - Pipeline Pipeline[ Id: 31dce71a-1f0f-4077-895d-c718e5e6b254, Nodes: 5a6704fc-15bd-4230-8cbe-d21da4b813be{ip: 172.17.0.2, host: 1fad9502c7b4, networkLocation: /default-rack, certSerialId: null, persistedOpState: IN_SERVICE, persistedOpStateExpiryEpochSec: 0}2abc6dfe-890a-4d70-ad0b-3558951658f5{ip: 172.17.0.2, host: 1fad9502c7b4, networkLocation: /default-rack, certSerialId: null, persistedOpState: IN_SERVICE, persistedOpStateExpiryEpochSec: 0}0411c1e5-01dd-41ac-a234-123af2469892{ip: 172.17.0.2, host: 1fad9502c7b4, networkLocation: /default-rack, certSerialId: null, persistedOpState: IN_SERVICE, persistedOpStateExpiryEpochSec: 0}, Type:RATIS, Factor:THREE, State:CLOSED, leaderId:0411c1e5-01dd-41ac-a234-123af2469892, CreationTimestamp2020-12-18T01:51:18.327Z] moved to CLOSED state
2020-12-18 01:51:31,545 [EventQueue-StartAdminOnNodeForStartDatanodeAdminHandler] INFO  pipeline.RatisPipelineProvider (RatisPipelineProvider.java:lambda$close$1(199)) - Send pipeline:PipelineID=31dce71a-1f0f-4077-895d-c718e5e6b254 close command to datanode 5a6704fc-15bd-4230-8cbe-d21da4b813be
2020-12-18 01:51:31,545 [EventQueue-StartAdminOnNodeForStartDatanodeAdminHandler] INFO  pipeline.RatisPipelineProvider (RatisPipelineProvider.java:lambda$close$1(199)) - Send pipeline:PipelineID=31dce71a-1f0f-4077-895d-c718e5e6b254 close command to datanode 2abc6dfe-890a-4d70-ad0b-3558951658f5
2020-12-18 01:51:31,545 [EventQueue-StartAdminOnNodeForStartDatanodeAdminHandler] INFO  pipeline.RatisPipelineProvider (RatisPipelineProvider.java:lambda$close$1(199)) - Send pipeline:PipelineID=31dce71a-1f0f-4077-895d-c718e5e6b254 close command to datanode 0411c1e5-01dd-41ac-a234-123af2469892
2020-12-18 01:51:31,546 [EventQueue-StartAdminOnNodeForStartDatanodeAdminHandler] INFO  pipeline.PipelineStateManager (PipelineStateManager.java:removePipeline(106)) - Pipeline Pipeline[ Id: 31dce71a-1f0f-4077-895d-c718e5e6b254, Nodes: 5a6704fc-15bd-4230-8cbe-d21da4b813be{ip: 172.17.0.2, host: 1fad9502c7b4, networkLocation: /default-rack, certSerialId: null, persistedOpState: IN_SERVICE, persistedOpStateExpiryEpochSec: 0}2abc6dfe-890a-4d70-ad0b-3558951658f5{ip: 172.17.0.2, host: 1fad9502c7b4, networkLocation: /default-rack, certSerialId: null, persistedOpState: IN_SERVICE, persistedOpStateExpiryEpochSec: 0}0411c1e5-01dd-41ac-a234-123af2469892{ip: 172.17.0.2, host: 1fad9502c7b4, networkLocation: /default-rack, certSerialId: null, persistedOpState: IN_SERVICE, persistedOpStateExpiryEpochSec: 0}, Type:RATIS, Factor:THREE, State:CLOSED, leaderId:0411c1e5-01dd-41ac-a234-123af2469892, CreationTimestamp2020-12-18T01:51:18.327Z] removed from db
2020-12-18 01:51:31,546 [EventQueue-StartAdminOnNodeForStartDatanodeAdminHandler] INFO  node.StartDatanodeAdminHandler (StartDatanodeAdminHandler.java:onMessage(56)) - Admin start on datanode 5a6704fc-15bd-4230-8cbe-d21da4b813be{ip: 172.17.0.2, host: 1fad9502c7b4, networkLocation: /default-rack, certSerialId: null, persistedOpState: IN_SERVICE, persistedOpStateExpiryEpochSec: 0}. Finalizing its pipelines [PipelineID=70a2e279-6926-480c-b182-fbcafe0c4231]
2020-12-18 01:51:31,546 [EventQueue-StartAdminOnNodeForStartDatanodeAdminHandler] INFO  pipeline.SCMPipelineManager (SCMPipelineManager.java:finalizeAndDestroyPipeline(482)) - Destroying pipeline:Pipeline[ Id: 70a2e279-6926-480c-b182-fbcafe0c4231, Nodes: 5a6704fc-15bd-4230-8cbe-d21da4b813be{ip: 172.17.0.2, host: 1fad9502c7b4, networkLocation: /default-rack, certSerialId: null, persistedOpState: IN_SERVICE, persistedOpStateExpiryEpochSec: 0}, Type:RATIS, Factor:ONE, State:OPEN, leaderId:5a6704fc-15bd-4230-8cbe-d21da4b813be, CreationTimestamp2020-12-18T01:51:18.326Z]
2020-12-18 01:51:31,546 [EventQueue-StartAdminOnNodeForStartDatanodeAdminHandler] INFO  pipeline.PipelineStateManager (PipelineStateManager.java:finalizePipeline(121)) - Pipeline Pipeline[ Id: 70a2e279-6926-480c-b182-fbcafe0c4231, Nodes: 5a6704fc-15bd-4230-8cbe-d21da4b813be{ip: 172.17.0.2, host: 1fad9502c7b4, networkLocation: /default-rack, certSerialId: null, persistedOpState: IN_SERVICE, persistedOpStateExpiryEpochSec: 0}, Type:RATIS, Factor:ONE, State:CLOSED, leaderId:5a6704fc-15bd-4230-8cbe-d21da4b813be, CreationTimestamp2020-12-18T01:51:18.326Z] moved to CLOSED state
2020-12-18 01:51:31,546 [EventQueue-StartAdminOnNodeForStartDatanodeAdminHandler] INFO  pipeline.RatisPipelineProvider (RatisPipelineProvider.java:lambda$close$1(199)) - Send pipeline:PipelineID=70a2e279-6926-480c-b182-fbcafe0c4231 close command to datanode 5a6704fc-15bd-4230-8cbe-d21da4b813be
2020-12-18 01:51:31,546 [EventQueue-StartAdminOnNodeForStartDatanodeAdminHandler] INFO  pipeline.PipelineStateManager (PipelineStateManager.java:removePipeline(106)) - Pipeline Pipeline[ Id: 70a2e279-6926-480c-b182-fbcafe0c4231, Nodes: 5a6704fc-15bd-4230-8cbe-d21da4b813be{ip: 172.17.0.2, host: 1fad9502c7b4, networkLocation: /default-rack, certSerialId: null, persistedOpState: IN_SERVICE, persistedOpStateExpiryEpochSec: 0}, Type:RATIS, Factor:ONE, State:CLOSED, leaderId:5a6704fc-15bd-4230-8cbe-d21da4b813be, CreationTimestamp2020-12-18T01:51:18.326Z] removed from db
2020-12-18 01:51:31,546 [EventQueue-StartAdminOnNodeForStartDatanodeAdminHandler] INFO  node.StartDatanodeAdminHandler (StartDatanodeAdminHandler.java:onMessage(56)) - Admin start on datanode 0411c1e5-01dd-41ac-a234-123af2469892{ip: 172.17.0.2, host: 1fad9502c7b4, networkLocation: /default-rack, certSerialId: null, persistedOpState: IN_SERVICE, persistedOpStateExpiryEpochSec: 0}. Finalizing its pipelines [PipelineID=725c8b97-cdf9-47d8-a168-2a352d3fab4f]
2020-12-18 01:51:31,546 [EventQueue-StartAdminOnNodeForStartDatanodeAdminHandler] INFO  pipeline.SCMPipelineManager (SCMPipelineManager.java:finalizeAndDestroyPipeline(482)) - Destroying pipeline:Pipeline[ Id: 725c8b97-cdf9-47d8-a168-2a352d3fab4f, Nodes: 0411c1e5-01dd-41ac-a234-123af2469892{ip: 172.17.0.2, host: 1fad9502c7b4, networkLocation: /default-rack, certSerialId: null, persistedOpState: IN_SERVICE, persistedOpStateExpiryEpochSec: 0}, Type:RATIS, Factor:ONE, State:OPEN, leaderId:0411c1e5-01dd-41ac-a234-123af2469892, CreationTimestamp2020-12-18T01:51:18.131Z]
2020-12-18 01:51:31,546 [EventQueue-StartAdminOnNodeForStartDatanodeAdminHandler] INFO  pipeline.PipelineStateManager (PipelineStateManager.java:finalizePipeline(121)) - Pipeline Pipeline[ Id: 725c8b97-cdf9-47d8-a168-2a352d3fab4f, Nodes: 0411c1e5-01dd-41ac-a234-123af2469892{ip: 172.17.0.2, host: 1fad9502c7b4, networkLocation: /default-rack, certSerialId: null, persistedOpState: IN_SERVICE, persistedOpStateExpiryEpochSec: 0}, Type:RATIS, Factor:ONE, State:CLOSED, leaderId:0411c1e5-01dd-41ac-a234-123af2469892, CreationTimestamp2020-12-18T01:51:18.131Z] moved to CLOSED state
2020-12-18 01:51:31,546 [EventQueue-CloseContainerForCloseContainerEventHandler] INFO  container.CloseContainerEventHandler (CloseContainerEventHandler.java:onMessage(61)) - Close container Event triggered for container : #1
2020-12-18 01:51:31,549 [EventQueue-StartAdminOnNodeForStartDatanodeAdminHandler] INFO  pipeline.RatisPipelineProvider (RatisPipelineProvider.java:lambda$close$1(199)) - Send pipeline:PipelineID=725c8b97-cdf9-47d8-a168-2a352d3fab4f close command to datanode 0411c1e5-01dd-41ac-a234-123af2469892
2020-12-18 01:51:31,557 [EventQueue-CloseContainerForCloseContainerEventHandler] WARN  container.SCMContainerManager (SCMContainerManager.java:updateContainerState(367)) - Unable to remove container #1 from pipeline PipelineID=31dce71a-1f0f-4077-895d-c718e5e6b254  as the pipeline no longer exists
2020-12-18 01:51:31,557 [EventQueue-StartAdminOnNodeForStartDatanodeAdminHandler] INFO  pipeline.PipelineStateManager (PipelineStateManager.java:removePipeline(106)) - Pipeline Pipeline[ Id: 725c8b97-cdf9-47d8-a168-2a352d3fab4f, Nodes: 0411c1e5-01dd-41ac-a234-123af2469892{ip: 172.17.0.2, host: 1fad9502c7b4, networkLocation: /default-rack, certSerialId: null, persistedOpState: IN_SERVICE, persistedOpStateExpiryEpochSec: 0}, Type:RATIS, Factor:ONE, State:CLOSED, leaderId:0411c1e5-01dd-41ac-a234-123af2469892, CreationTimestamp2020-12-18T01:51:18.131Z] removed from db
2020-12-18 01:51:31,557 [EventQueue-CloseContainerForCloseContainerEventHandler] INFO  container.CloseContainerEventHandler (CloseContainerEventHandler.java:onMessage(61)) - Close container Event triggered for container : #2
2020-12-18 01:51:31,557 [EventQueue-CloseContainerForCloseContainerEventHandler] WARN  container.SCMContainerManager (SCMContainerManager.java:updateContainerState(367)) - Unable to remove container #2 from pipeline PipelineID=31dce71a-1f0f-4077-895d-c718e5e6b254  as the pipeline no longer exists
2020-12-18 01:51:32,056 [IPC Server handler 11 on default port 35861] INFO  node.SCMNodeManager (SCMNodeManager.java:updateDatanodeOpState(419)) - Scheduling a command to update the operationalState persisted on the datanode as the reported value (IN_SERVICE, 0) does not match the value stored in SCM (ENTERING_MAINTENANCE, 0)
2020-12-18 01:51:32,064 [IPC Server handler 13 on default port 35861] INFO  node.SCMNodeManager (SCMNodeManager.java:updateDatanodeOpState(419)) - Scheduling a command to update the operationalState persisted on the datanode as the reported value (IN_SERVICE, 0) does not match the value stored in SCM (ENTERING_MAINTENANCE, 0)
2020-12-18 01:51:32,071 [IPC Server handler 9 on default port 35861] INFO  node.SCMNodeManager (SCMNodeManager.java:updateDatanodeOpState(419)) - Scheduling a command to update the operationalState persisted on the datanode as the reported value (IN_SERVICE, 0) does not match the value stored in SCM (ENTERING_MAINTENANCE, 0)
2020-12-18 01:51:32,163 [ReplicationMonitor] INFO  container.ReplicationManager (ReplicationManager.java:sendCloseCommand(948)) - Sending close container command for container #1 to datanode 2abc6dfe-890a-4d70-ad0b-3558951658f5{ip: 172.17.0.2, host: 1fad9502c7b4, networkLocation: /default-rack, certSerialId: null, persistedOpState: IN_SERVICE, persistedOpStateExpiryEpochSec: 0}.
2020-12-18 01:51:32,163 [ReplicationMonitor] INFO  container.ReplicationManager (ReplicationManager.java:sendCloseCommand(948)) - Sending close container command for container #1 to datanode 5a6704fc-15bd-4230-8cbe-d21da4b813be{ip: 172.17.0.2, host: 1fad9502c7b4, networkLocation: /default-rack, certSerialId: null, persistedOpState: IN_SERVICE, persistedOpStateExpiryEpochSec: 0}.
2020-12-18 01:51:32,163 [ReplicationMonitor] INFO  container.ReplicationManager (ReplicationManager.java:sendCloseCommand(948)) - Sending close container command for container #1 to datanode 0411c1e5-01dd-41ac-a234-123af2469892{ip: 172.17.0.2, host: 1fad9502c7b4, networkLocation: /default-rack, certSerialId: null, persistedOpState: IN_SERVICE, persistedOpStateExpiryEpochSec: 0}.
2020-12-18 01:51:32,163 [ReplicationMonitor] INFO  container.ReplicationManager (ReplicationManager.java:sendCloseCommand(948)) - Sending close container command for container #2 to datanode 5a6704fc-15bd-4230-8cbe-d21da4b813be{ip: 172.17.0.2, host: 1fad9502c7b4, networkLocation: /default-rack, certSerialId: null, persistedOpState: IN_SERVICE, persistedOpStateExpiryEpochSec: 0}.
2020-12-18 01:51:32,164 [ReplicationMonitor] INFO  container.ReplicationManager (ReplicationManager.java:sendCloseCommand(948)) - Sending close container command for container #2 to datanode 0411c1e5-01dd-41ac-a234-123af2469892{ip: 172.17.0.2, host: 1fad9502c7b4, networkLocation: /default-rack, certSerialId: null, persistedOpState: IN_SERVICE, persistedOpStateExpiryEpochSec: 0}.
2020-12-18 01:51:32,164 [ReplicationMonitor] INFO  container.ReplicationManager (ReplicationManager.java:sendCloseCommand(948)) - Sending close container command for container #2 to datanode 2abc6dfe-890a-4d70-ad0b-3558951658f5{ip: 172.17.0.2, host: 1fad9502c7b4, networkLocation: /default-rack, certSerialId: null, persistedOpState: IN_SERVICE, persistedOpStateExpiryEpochSec: 0}.
2020-12-18 01:51:32,164 [ReplicationMonitor] INFO  container.ReplicationManager (ReplicationManager.java:run(250)) - Replication Monitor Thread took 1 milliseconds for processing 4 containers.
2020-12-18 01:51:32,537 [DatanodeAdminManager-0] INFO  node.DatanodeAdminMonitorImpl (DatanodeAdminMonitorImpl.java:run(136)) - There are 3 nodes tracked for decommission and maintenance. 0 pending nodes.
2020-12-18 01:51:33,056 [Command processor thread] INFO  impl.RaftServerProxy (RaftServerProxy.java:remove(104)) - 5a6704fc-15bd-4230-8cbe-d21da4b813be: remove  FOLLOWER 5a6704fc-15bd-4230-8cbe-d21da4b813be@group-C718E5E6B254:t1, leader=0411c1e5-01dd-41ac-a234-123af2469892, voted=0411c1e5-01dd-41ac-a234-123af2469892, raftlog=5a6704fc-15bd-4230-8cbe-d21da4b813be@group-C718E5E6B254-SegmentedRaftLog:OPENED:c41,f43,i43, conf=0: [2abc6dfe-890a-4d70-ad0b-3558951658f5|rpc:172.17.0.2:44191|dataStream:, 0411c1e5-01dd-41ac-a234-123af2469892|rpc:172.17.0.2:39213|dataStream:, 5a6704fc-15bd-4230-8cbe-d21da4b813be|rpc:172.17.0.2:42589|dataStream:], old=null RUNNING
2020-12-18 01:51:33,056 [Command processor thread] INFO  impl.RaftServerImpl (RaftServerImpl.java:lambda$shutdown$3(328)) - 5a6704fc-15bd-4230-8cbe-d21da4b813be@group-C718E5E6B254: shutdown
2020-12-18 01:51:33,056 [Command processor thread] INFO  util.JmxRegister (JmxRegister.java:unregister(73)) - Successfully un-registered JMX Bean with object name Ratis:service=RaftServer,group=group-C718E5E6B254,id=5a6704fc-15bd-4230-8cbe-d21da4b813be
2020-12-18 01:51:33,056 [Command processor thread] INFO  impl.RoleInfo (RoleInfo.java:shutdownFollowerState(121)) - 5a6704fc-15bd-4230-8cbe-d21da4b813be: shutdown 5a6704fc-15bd-4230-8cbe-d21da4b813be@group-C718E5E6B254-FollowerState
2020-12-18 01:51:33,056 [Command processor thread] INFO  impl.StateMachineUpdater (StateMachineUpdater.java:stopAndJoin(147)) - 5a6704fc-15bd-4230-8cbe-d21da4b813be@group-C718E5E6B254-StateMachineUpdater: set stopIndex = 41
2020-12-18 01:51:33,057 [5a6704fc-15bd-4230-8cbe-d21da4b813be@group-C718E5E6B254-StateMachineUpdater] INFO  ratis.ContainerStateMachine (ContainerStateMachine.java:takeSnapshot(293)) - group-C718E5E6B254: Taking a snapshot at:(t:1, i:41) file /github/workspace/mnt/ozone/hadoop-ozone/integration-test/target/test-dir/MiniOzoneClusterImpl-4564f03c-bda0-461a-b884-74ed0c78bad0/datanode-2/data/ratis/31dce71a-1f0f-4077-895d-c718e5e6b254/sm/snapshot.1_41
2020-12-18 01:51:33,058 [Thread-846] INFO  impl.FollowerState (FollowerState.java:run(137)) - 5a6704fc-15bd-4230-8cbe-d21da4b813be@group-C718E5E6B254-FollowerState was interrupted: {}
java.lang.InterruptedException: sleep interrupted
	at java.lang.Thread.sleep(Native Method)
	at org.apache.ratis.util.JavaUtils.sleep(JavaUtils.java:250)
	at org.apache.ratis.server.impl.FollowerState.run(FollowerState.java:116)
2020-12-18 01:51:33,060 [5a6704fc-15bd-4230-8cbe-d21da4b813be@group-C718E5E6B254-StateMachineUpdater] INFO  ratis.ContainerStateMachine (ContainerStateMachine.java:takeSnapshot(304)) - group-C718E5E6B254: Finished taking a snapshot at:(t:1, i:41) file:/github/workspace/mnt/ozone/hadoop-ozone/integration-test/target/test-dir/MiniOzoneClusterImpl-4564f03c-bda0-461a-b884-74ed0c78bad0/datanode-2/data/ratis/31dce71a-1f0f-4077-895d-c718e5e6b254/sm/snapshot.1_41 time:3
2020-12-18 01:51:33,060 [5a6704fc-15bd-4230-8cbe-d21da4b813be@group-C718E5E6B254-StateMachineUpdater] INFO  impl.StateMachineUpdater (StateMachineUpdater.java:takeSnapshot(278)) - 5a6704fc-15bd-4230-8cbe-d21da4b813be@group-C718E5E6B254-StateMachineUpdater: Took a snapshot at index 41
2020-12-18 01:51:33,060 [5a6704fc-15bd-4230-8cbe-d21da4b813be@group-C718E5E6B254-StateMachineUpdater] INFO  impl.StateMachineUpdater (StateMachineUpdater.java:lambda$new$0(87)) - 5a6704fc-15bd-4230-8cbe-d21da4b813be@group-C718E5E6B254-StateMachineUpdater: snapshotIndex: updateIncreasingly -1 -> 41
2020-12-18 01:51:33,061 [5a6704fc-15bd-4230-8cbe-d21da4b813be@group-C718E5E6B254-StateMachineUpdater] INFO  metrics.RatisMetrics (RatisMetrics.java:unregister(43)) - Unregistering Metrics Registry : ratis.state_machine.5a6704fc-15bd-4230-8cbe-d21da4b813be@group-C718E5E6B254
2020-12-18 01:51:33,061 [Command processor thread] INFO  impl.RaftServerImpl (ServerState.java:close(406)) - 5a6704fc-15bd-4230-8cbe-d21da4b813be@group-C718E5E6B254: closes. applyIndex: 41
2020-12-18 01:51:33,061 [5a6704fc-15bd-4230-8cbe-d21da4b813be@group-C718E5E6B254-SegmentedRaftLogWorker] INFO  segmented.SegmentedRaftLogWorker (SegmentedRaftLogWorker.java:run(329)) - 5a6704fc-15bd-4230-8cbe-d21da4b813be@group-C718E5E6B254-SegmentedRaftLogWorker was interrupted, exiting. There are 0 tasks remaining in the queue.
2020-12-18 01:51:33,061 [Command processor thread] INFO  segmented.SegmentedRaftLogWorker (SegmentedRaftLogWorker.java:close(235)) - 5a6704fc-15bd-4230-8cbe-d21da4b813be@group-C718E5E6B254-SegmentedRaftLogWorker close()
2020-12-18 01:51:33,062 [Command processor thread] INFO  metrics.RatisMetrics (RatisMetrics.java:unregister(43)) - Unregistering Metrics Registry : ratis.log_worker.5a6704fc-15bd-4230-8cbe-d21da4b813be@group-C718E5E6B254
2020-12-18 01:51:33,062 [Command processor thread] INFO  metrics.RatisMetrics (RatisMetrics.java:unregister(43)) - Unregistering Metrics Registry : ratis.leader_election.5a6704fc-15bd-4230-8cbe-d21da4b813be@group-C718E5E6B254
2020-12-18 01:51:33,062 [Command processor thread] INFO  metrics.RatisMetrics (RatisMetrics.java:unregister(43)) - Unregistering Metrics Registry : ratis.server.5a6704fc-15bd-4230-8cbe-d21da4b813be@group-C718E5E6B254
2020-12-18 01:51:33,064 [IPC Server handler 13 on default port 35861] INFO  node.SCMNodeManager (SCMNodeManager.java:updateDatanodeOpState(419)) - Scheduling a command to update the operationalState persisted on the datanode as the reported value (IN_SERVICE, 0) does not match the value stored in SCM (ENTERING_MAINTENANCE, 0)
2020-12-18 01:51:33,066 [Command processor thread] INFO  impl.RaftServerProxy (RaftServerProxy.java:remove(104)) - 0411c1e5-01dd-41ac-a234-123af2469892: remove    LEADER 0411c1e5-01dd-41ac-a234-123af2469892@group-C718E5E6B254:t1, leader=0411c1e5-01dd-41ac-a234-123af2469892, voted=0411c1e5-01dd-41ac-a234-123af2469892, raftlog=0411c1e5-01dd-41ac-a234-123af2469892@group-C718E5E6B254-SegmentedRaftLog:OPENED:c43,f43,i43, conf=0: [2abc6dfe-890a-4d70-ad0b-3558951658f5|rpc:172.17.0.2:44191|dataStream:, 0411c1e5-01dd-41ac-a234-123af2469892|rpc:172.17.0.2:39213|dataStream:, 5a6704fc-15bd-4230-8cbe-d21da4b813be|rpc:172.17.0.2:42589|dataStream:], old=null RUNNING
2020-12-18 01:51:33,066 [Command processor thread] INFO  impl.RaftServerImpl (RaftServerImpl.java:lambda$shutdown$3(328)) - 0411c1e5-01dd-41ac-a234-123af2469892@group-C718E5E6B254: shutdown
2020-12-18 01:51:33,066 [Command processor thread] INFO  util.JmxRegister (JmxRegister.java:unregister(73)) - Successfully un-registered JMX Bean with object name Ratis:service=RaftServer,group=group-C718E5E6B254,id=0411c1e5-01dd-41ac-a234-123af2469892
2020-12-18 01:51:33,066 [Command processor thread] INFO  impl.RoleInfo (RoleInfo.java:shutdownLeaderState(104)) - 0411c1e5-01dd-41ac-a234-123af2469892: shutdown 0411c1e5-01dd-41ac-a234-123af2469892@group-C718E5E6B254-LeaderState
2020-12-18 01:51:33,066 [Command processor thread] INFO  metrics.RatisMetrics (RatisMetrics.java:unregister(43)) - Unregistering Metrics Registry : ratis_grpc.log_appender.0411c1e5-01dd-41ac-a234-123af2469892@group-C718E5E6B254
2020-12-18 01:51:33,066 [Command processor thread] INFO  metrics.RatisMetrics (RatisMetrics.java:unregister(43)) - Unregistering Metrics Registry : ratis_grpc.log_appender.0411c1e5-01dd-41ac-a234-123af2469892@group-C718E5E6B254
2020-12-18 01:51:33,066 [org.apache.ratis.server.impl.LogAppender$AppenderDaemon$$Lambda$504/845674730@43676b88] WARN  server.GrpcLogAppender (GrpcLogAppender.java:mayWait(168)) - 0411c1e5-01dd-41ac-a234-123af2469892@group-C718E5E6B254->2abc6dfe-890a-4d70-ad0b-3558951658f5-GrpcLogAppender: Wait interrupted by java.lang.InterruptedException
2020-12-18 01:51:33,066 [org.apache.ratis.server.impl.LogAppender$AppenderDaemon$$Lambda$504/845674730@78b7dec3] WARN  server.GrpcLogAppender (GrpcLogAppender.java:mayWait(168)) - 0411c1e5-01dd-41ac-a234-123af2469892@group-C718E5E6B254->5a6704fc-15bd-4230-8cbe-d21da4b813be-GrpcLogAppender: Wait interrupted by java.lang.InterruptedException
2020-12-18 01:51:33,066 [Command processor thread] INFO  impl.PendingRequests (PendingRequests.java:sendNotLeaderResponses(250)) - 0411c1e5-01dd-41ac-a234-123af2469892@group-C718E5E6B254-PendingRequests: sendNotLeaderResponses
2020-12-18 01:51:33,068 [grpc-default-executor-0] INFO  server.GrpcServerProtocolService (GrpcServerProtocolService.java:onCompleted(138)) - 2abc6dfe-890a-4d70-ad0b-3558951658f5: Completed APPEND_ENTRIES, lastRequest: 0411c1e5-01dd-41ac-a234-123af2469892->2abc6dfe-890a-4d70-ad0b-3558951658f5#459-t1, previous=(t:1, i:42), leaderCommit=41, initializing? false, entries: size=1, first=(t:1, i:43), METADATAENTRY(c:41)
2020-12-18 01:51:33,068 [grpc-default-executor-1] INFO  server.GrpcServerProtocolService (GrpcServerProtocolService.java:onCompleted(138)) - 5a6704fc-15bd-4230-8cbe-d21da4b813be: Completed APPEND_ENTRIES, lastRequest: 0411c1e5-01dd-41ac-a234-123af2469892->5a6704fc-15bd-4230-8cbe-d21da4b813be#454-t1, previous=(t:1, i:42), leaderCommit=41, initializing? false, entries: size=1, first=(t:1, i:43), METADATAENTRY(c:41)
2020-12-18 01:51:33,070 [Command processor thread] INFO  metrics.RatisMetrics (RatisMetrics.java:unregister(43)) - Unregistering Metrics Registry : ratis.log_appender.0411c1e5-01dd-41ac-a234-123af2469892@group-C718E5E6B254
2020-12-18 01:51:33,070 [Command processor thread] INFO  metrics.RatisMetrics (RatisMetrics.java:unregister(43)) - Unregistering Metrics Registry : ratis.server.0411c1e5-01dd-41ac-a234-123af2469892@group-C718E5E6B254
2020-12-18 01:51:33,070 [Command processor thread] INFO  impl.StateMachineUpdater (StateMachineUpdater.java:stopAndJoin(147)) - 0411c1e5-01dd-41ac-a234-123af2469892@group-C718E5E6B254-StateMachineUpdater: set stopIndex = 43
2020-12-18 01:51:33,070 [0411c1e5-01dd-41ac-a234-123af2469892@group-C718E5E6B254-StateMachineUpdater] INFO  ratis.ContainerStateMachine (ContainerStateMachine.java:takeSnapshot(293)) - group-C718E5E6B254: Taking a snapshot at:(t:1, i:43) file /github/workspace/mnt/ozone/hadoop-ozone/integration-test/target/test-dir/MiniOzoneClusterImpl-4564f03c-bda0-461a-b884-74ed0c78bad0/datanode-1/data/ratis/31dce71a-1f0f-4077-895d-c718e5e6b254/sm/snapshot.1_43
2020-12-18 01:51:33,071 [0411c1e5-01dd-41ac-a234-123af2469892@group-C718E5E6B254-StateMachineUpdater] INFO  ratis.ContainerStateMachine (ContainerStateMachine.java:takeSnapshot(304)) - group-C718E5E6B254: Finished taking a snapshot at:(t:1, i:43) file:/github/workspace/mnt/ozone/hadoop-ozone/integration-test/target/test-dir/MiniOzoneClusterImpl-4564f03c-bda0-461a-b884-74ed0c78bad0/datanode-1/data/ratis/31dce71a-1f0f-4077-895d-c718e5e6b254/sm/snapshot.1_43 time:0
2020-12-18 01:51:33,071 [0411c1e5-01dd-41ac-a234-123af2469892@group-C718E5E6B254-StateMachineUpdater] INFO  impl.StateMachineUpdater (StateMachineUpdater.java:takeSnapshot(278)) - 0411c1e5-01dd-41ac-a234-123af2469892@group-C718E5E6B254-StateMachineUpdater: Took a snapshot at index 43
2020-12-18 01:51:33,072 [0411c1e5-01dd-41ac-a234-123af2469892@group-C718E5E6B254-StateMachineUpdater] INFO  impl.StateMachineUpdater (StateMachineUpdater.java:lambda$new$0(87)) - 0411c1e5-01dd-41ac-a234-123af2469892@group-C718E5E6B254-StateMachineUpdater: snapshotIndex: updateIncreasingly -1 -> 43
2020-12-18 01:51:33,072 [Command processor thread] INFO  impl.RaftServerProxy (RaftServerProxy.java:remove(104)) - 2abc6dfe-890a-4d70-ad0b-3558951658f5: remove    LEADER 2abc6dfe-890a-4d70-ad0b-3558951658f5@group-F18240B2DB4E:t1, leader=2abc6dfe-890a-4d70-ad0b-3558951658f5, voted=2abc6dfe-890a-4d70-ad0b-3558951658f5, raftlog=2abc6dfe-890a-4d70-ad0b-3558951658f5@group-F18240B2DB4E-SegmentedRaftLog:OPENED:c0,f0,i0, conf=0: [2abc6dfe-890a-4d70-ad0b-3558951658f5|rpc:172.17.0.2:44191|dataStream:], old=null RUNNING
2020-12-18 01:51:33,072 [Command processor thread] INFO  impl.RaftServerImpl (RaftServerImpl.java:lambda$shutdown$3(328)) - 2abc6dfe-890a-4d70-ad0b-3558951658f5@group-F18240B2DB4E: shutdown
2020-12-18 01:51:33,072 [Command processor thread] INFO  util.JmxRegister (JmxRegister.java:unregister(73)) - Successfully un-registered JMX Bean with object name Ratis:service=RaftServer,group=group-F18240B2DB4E,id=2abc6dfe-890a-4d70-ad0b-3558951658f5
2020-12-18 01:51:33,072 [Command processor thread] INFO  impl.RoleInfo (RoleInfo.java:shutdownLeaderState(104)) - 2abc6dfe-890a-4d70-ad0b-3558951658f5: shutdown 2abc6dfe-890a-4d70-ad0b-3558951658f5@group-F18240B2DB4E-LeaderState
2020-12-18 01:51:33,072 [Command processor thread] INFO  impl.PendingRequests (PendingRequests.java:sendNotLeaderResponses(250)) - 2abc6dfe-890a-4d70-ad0b-3558951658f5@group-F18240B2DB4E-PendingRequests: sendNotLeaderResponses
2020-12-18 01:51:33,072 [Command processor thread] INFO  metrics.RatisMetrics (RatisMetrics.java:unregister(43)) - Unregistering Metrics Registry : ratis.log_appender.2abc6dfe-890a-4d70-ad0b-3558951658f5@group-F18240B2DB4E
2020-12-18 01:51:33,072 [Command processor thread] INFO  metrics.RatisMetrics (RatisMetrics.java:unregister(43)) - Unregistering Metrics Registry : ratis.server.2abc6dfe-890a-4d70-ad0b-3558951658f5@group-F18240B2DB4E
2020-12-18 01:51:33,073 [Command processor thread] INFO  impl.StateMachineUpdater (StateMachineUpdater.java:stopAndJoin(147)) - 2abc6dfe-890a-4d70-ad0b-3558951658f5@group-F18240B2DB4E-StateMachineUpdater: set stopIndex = 0
2020-12-18 01:51:33,073 [2abc6dfe-890a-4d70-ad0b-3558951658f5@group-F18240B2DB4E-StateMachineUpdater] INFO  ratis.ContainerStateMachine (ContainerStateMachine.java:takeSnapshot(293)) - group-F18240B2DB4E: Taking a snapshot at:(t:1, i:0) file /github/workspace/mnt/ozone/hadoop-ozone/integration-test/target/test-dir/MiniOzoneClusterImpl-4564f03c-bda0-461a-b884-74ed0c78bad0/datanode-0/data/ratis/d4e7e20d-0633-4858-ab6d-f18240b2db4e/sm/snapshot.1_0
2020-12-18 01:51:33,073 [IPC Server handler 9 on default port 35861] INFO  node.SCMNodeManager (SCMNodeManager.java:updateDatanodeOpState(419)) - Scheduling a command to update the operationalState persisted on the datanode as the reported value (IN_SERVICE, 0) does not match the value stored in SCM (ENTERING_MAINTENANCE, 0)
2020-12-18 01:51:33,075 [2abc6dfe-890a-4d70-ad0b-3558951658f5@group-F18240B2DB4E-StateMachineUpdater] INFO  ratis.ContainerStateMachine (ContainerStateMachine.java:takeSnapshot(304)) - group-F18240B2DB4E: Finished taking a snapshot at:(t:1, i:0) file:/github/workspace/mnt/ozone/hadoop-ozone/integration-test/target/test-dir/MiniOzoneClusterImpl-4564f03c-bda0-461a-b884-74ed0c78bad0/datanode-0/data/ratis/d4e7e20d-0633-4858-ab6d-f18240b2db4e/sm/snapshot.1_0 time:2
2020-12-18 01:51:33,075 [2abc6dfe-890a-4d70-ad0b-3558951658f5@group-F18240B2DB4E-StateMachineUpdater] INFO  impl.StateMachineUpdater (StateMachineUpdater.java:takeSnapshot(278)) - 2abc6dfe-890a-4d70-ad0b-3558951658f5@group-F18240B2DB4E-StateMachineUpdater: Took a snapshot at index 0
2020-12-18 01:51:33,075 [2abc6dfe-890a-4d70-ad0b-3558951658f5@group-F18240B2DB4E-StateMachineUpdater] INFO  impl.StateMachineUpdater (StateMachineUpdater.java:lambda$new$0(87)) - 2abc6dfe-890a-4d70-ad0b-3558951658f5@group-F18240B2DB4E-StateMachineUpdater: snapshotIndex: updateIncreasingly -1 -> 0
2020-12-18 01:51:33,075 [2abc6dfe-890a-4d70-ad0b-3558951658f5@group-F18240B2DB4E-StateMachineUpdater] INFO  metrics.RatisMetrics (RatisMetrics.java:unregister(43)) - Unregistering Metrics Registry : ratis.state_machine.2abc6dfe-890a-4d70-ad0b-3558951658f5@group-F18240B2DB4E
2020-12-18 01:51:33,075 [Command processor thread] INFO  impl.RaftServerImpl (ServerState.java:close(406)) - 2abc6dfe-890a-4d70-ad0b-3558951658f5@group-F18240B2DB4E: closes. applyIndex: 0
2020-12-18 01:51:33,075 [2abc6dfe-890a-4d70-ad0b-3558951658f5@group-F18240B2DB4E-SegmentedRaftLogWorker] INFO  segmented.SegmentedRaftLogWorker (SegmentedRaftLogWorker.java:run(329)) - 2abc6dfe-890a-4d70-ad0b-3558951658f5@group-F18240B2DB4E-SegmentedRaftLogWorker was interrupted, exiting. There are 0 tasks remaining in the queue.
2020-12-18 01:51:33,076 [Command processor thread] INFO  segmented.SegmentedRaftLogWorker (SegmentedRaftLogWorker.java:close(235)) - 2abc6dfe-890a-4d70-ad0b-3558951658f5@group-F18240B2DB4E-SegmentedRaftLogWorker close()
2020-12-18 01:51:33,076 [Command processor thread] INFO  metrics.RatisMetrics (RatisMetrics.java:unregister(43)) - Unregistering Metrics Registry : ratis.log_worker.2abc6dfe-890a-4d70-ad0b-3558951658f5@group-F18240B2DB4E
2020-12-18 01:51:33,076 [Command processor thread] INFO  metrics.RatisMetrics (RatisMetrics.java:unregister(43)) - Unregistering Metrics Registry : ratis.leader_election.2abc6dfe-890a-4d70-ad0b-3558951658f5@group-F18240B2DB4E
2020-12-18 01:51:33,076 [Command processor thread] INFO  metrics.RatisMetrics (RatisMetrics.java:unregister(43)) - Unregistering Metrics Registry : ratis.server.2abc6dfe-890a-4d70-ad0b-3558951658f5@group-F18240B2DB4E
2020-12-18 01:51:33,077 [Command processor thread] INFO  impl.RaftServerImpl (RaftServerImpl.java:groupRemove(299)) - 2abc6dfe-890a-4d70-ad0b-3558951658f5@group-F18240B2DB4E: Succeed to remove RaftStorageDirectory Storage Directory /github/workspace/mnt/ozone/hadoop-ozone/integration-test/target/test-dir/MiniOzoneClusterImpl-4564f03c-bda0-461a-b884-74ed0c78bad0/datanode-0/data/ratis/d4e7e20d-0633-4858-ab6d-f18240b2db4e
2020-12-18 01:51:33,077 [Command processor thread] INFO  commandhandler.ClosePipelineCommandHandler (ClosePipelineCommandHandler.java:handle(75)) - Close Pipeline PipelineID=d4e7e20d-0633-4858-ab6d-f18240b2db4e command on datanode 2abc6dfe-890a-4d70-ad0b-3558951658f5.
2020-12-18 01:51:33,077 [Command processor thread] INFO  impl.RaftServerProxy (RaftServerProxy.java:remove(104)) - 2abc6dfe-890a-4d70-ad0b-3558951658f5: remove  FOLLOWER 2abc6dfe-890a-4d70-ad0b-3558951658f5@group-C718E5E6B254:t1, leader=0411c1e5-01dd-41ac-a234-123af2469892, voted=0411c1e5-01dd-41ac-a234-123af2469892, raftlog=2abc6dfe-890a-4d70-ad0b-3558951658f5@group-C718E5E6B254-SegmentedRaftLog:OPENED:c41,f43,i43, conf=0: [2abc6dfe-890a-4d70-ad0b-3558951658f5|rpc:172.17.0.2:44191|dataStream:, 0411c1e5-01dd-41ac-a234-123af2469892|rpc:172.17.0.2:39213|dataStream:, 5a6704fc-15bd-4230-8cbe-d21da4b813be|rpc:172.17.0.2:42589|dataStream:], old=null RUNNING
2020-12-18 01:51:33,077 [Command processor thread] INFO  impl.RaftServerImpl (RaftServerImpl.java:lambda$shutdown$3(328)) - 2abc6dfe-890a-4d70-ad0b-3558951658f5@group-C718E5E6B254: shutdown
2020-12-18 01:51:33,077 [Command processor thread] INFO  util.JmxRegister (JmxRegister.java:unregister(73)) - Successfully un-registered JMX Bean with object name Ratis:service=RaftServer,group=group-C718E5E6B254,id=2abc6dfe-890a-4d70-ad0b-3558951658f5
2020-12-18 01:51:33,077 [Command processor thread] INFO  impl.RoleInfo (RoleInfo.java:shutdownFollowerState(121)) - 2abc6dfe-890a-4d70-ad0b-3558951658f5: shutdown 2abc6dfe-890a-4d70-ad0b-3558951658f5@group-C718E5E6B254-FollowerState
2020-12-18 01:51:33,077 [Thread-845] INFO  impl.FollowerState (FollowerState.java:run(137)) - 2abc6dfe-890a-4d70-ad0b-3558951658f5@group-C718E5E6B254-FollowerState was interrupted: {}
java.lang.InterruptedException: sleep interrupted
	at java.lang.Thread.sleep(Native Method)
	at org.apache.ratis.util.JavaUtils.sleep(JavaUtils.java:250)
	at org.apache.ratis.server.impl.FollowerState.run(FollowerState.java:116)
2020-12-18 01:51:33,078 [0411c1e5-01dd-41ac-a234-123af2469892@group-C718E5E6B254-StateMachineUpdater] INFO  metrics.RatisMetrics (RatisMetrics.java:unregister(43)) - Unregistering Metrics Registry : ratis.state_machine.0411c1e5-01dd-41ac-a234-123af2469892@group-C718E5E6B254
2020-12-18 01:51:33,084 [Command processor thread] INFO  impl.RaftServerImpl (ServerState.java:close(406)) - 0411c1e5-01dd-41ac-a234-123af2469892@group-C718E5E6B254: closes. applyIndex: 43
2020-12-18 01:51:33,084 [0411c1e5-01dd-41ac-a234-123af2469892@group-C718E5E6B254-SegmentedRaftLogWorker] INFO  segmented.SegmentedRaftLogWorker (SegmentedRaftLogWorker.java:run(329)) - 0411c1e5-01dd-41ac-a234-123af2469892@group-C718E5E6B254-SegmentedRaftLogWorker was interrupted, exiting. There are 0 tasks remaining in the queue.
2020-12-18 01:51:33,085 [Command processor thread] INFO  segmented.SegmentedRaftLogWorker (SegmentedRaftLogWorker.java:close(235)) - 0411c1e5-01dd-41ac-a234-123af2469892@group-C718E5E6B254-SegmentedRaftLogWorker close()
2020-12-18 01:51:33,079 [Command processor thread] INFO  keyvalue.KeyValueContainer (KeyValueContainer.java:flushAndSyncDB(388)) - Container 1 is synced with bcsId 41.
2020-12-18 01:51:33,079 [grpc-default-executor-2] INFO  server.GrpcLogAppender (GrpcLogAppender.java:onCompleted(337)) - 0411c1e5-01dd-41ac-a234-123af2469892@group-C718E5E6B254->5a6704fc-15bd-4230-8cbe-d21da4b813be-AppendLogResponseHandler: follower responses appendEntries COMPLETED
2020-12-18 01:51:33,085 [grpc-default-executor-2] INFO  impl.FollowerInfo (FollowerInfo.java:lambda$new$0(51)) - 0411c1e5-01dd-41ac-a234-123af2469892@group-C718E5E6B254->5a6704fc-15bd-4230-8cbe-d21da4b813be: nextIndex: updateUnconditionally 44 -> 43
2020-12-18 01:51:33,078 [2abc6dfe-890a-4d70-ad0b-3558951658f5@group-C718E5E6B254-StateMachineUpdater] INFO  ratis.ContainerStateMachine (ContainerStateMachine.java:takeSnapshot(293)) - group-C718E5E6B254: Taking a snapshot at:(t:1, i:41) file /github/workspace/mnt/ozone/hadoop-ozone/integration-test/target/test-dir/MiniOzoneClusterImpl-4564f03c-bda0-461a-b884-74ed0c78bad0/datanode-0/data/ratis/31dce71a-1f0f-4077-895d-c718e5e6b254/sm/snapshot.1_41
2020-12-18 01:51:33,078 [Command processor thread] INFO  impl.StateMachineUpdater (StateMachineUpdater.java:stopAndJoin(147)) - 2abc6dfe-890a-4d70-ad0b-3558951658f5@group-C718E5E6B254-StateMachineUpdater: set stopIndex = 41
2020-12-18 01:51:33,078 [grpc-default-executor-0] INFO  server.GrpcLogAppender (GrpcLogAppender.java:onCompleted(337)) - 0411c1e5-01dd-41ac-a234-123af2469892@group-C718E5E6B254->2abc6dfe-890a-4d70-ad0b-3558951658f5-AppendLogResponseHandler: follower responses appendEntries COMPLETED
2020-12-18 01:51:33,085 [Command processor thread] INFO  metrics.RatisMetrics (RatisMetrics.java:unregister(43)) - Unregistering Metrics Registry : ratis.log_worker.0411c1e5-01dd-41ac-a234-123af2469892@group-C718E5E6B254
2020-12-18 01:51:33,086 [Command processor thread] INFO  metrics.RatisMetrics (RatisMetrics.java:unregister(43)) - Unregistering Metrics Registry : ratis.leader_election.0411c1e5-01dd-41ac-a234-123af2469892@group-C718E5E6B254
2020-12-18 01:51:33,086 [Command processor thread] INFO  metrics.RatisMetrics (RatisMetrics.java:unregister(43)) - Unregistering Metrics Registry : ratis.server.0411c1e5-01dd-41ac-a234-123af2469892@group-C718E5E6B254
2020-12-18 01:51:33,086 [grpc-default-executor-0] INFO  impl.FollowerInfo (FollowerInfo.java:lambda$new$0(51)) - 0411c1e5-01dd-41ac-a234-123af2469892@group-C718E5E6B254->2abc6dfe-890a-4d70-ad0b-3558951658f5: nextIndex: updateUnconditionally 44 -> 43
2020-12-18 01:51:33,086 [Command processor thread] INFO  keyvalue.KeyValueContainer (KeyValueContainer.java:flushAndSyncDB(388)) - Container 1 is synced with bcsId 41.
2020-12-18 01:51:33,086 [2abc6dfe-890a-4d70-ad0b-3558951658f5@group-C718E5E6B254-StateMachineUpdater] INFO  ratis.ContainerStateMachine (ContainerStateMachine.java:takeSnapshot(304)) - group-C718E5E6B254: Finished taking a snapshot at:(t:1, i:41) file:/github/workspace/mnt/ozone/hadoop-ozone/integration-test/target/test-dir/MiniOzoneClusterImpl-4564f03c-bda0-461a-b884-74ed0c78bad0/datanode-0/data/ratis/31dce71a-1f0f-4077-895d-c718e5e6b254/sm/snapshot.1_41 time:7
2020-12-18 01:51:33,087 [2abc6dfe-890a-4d70-ad0b-3558951658f5@group-C718E5E6B254-StateMachineUpdater] INFO  impl.StateMachineUpdater (StateMachineUpdater.java:takeSnapshot(278)) - 2abc6dfe-890a-4d70-ad0b-3558951658f5@group-C718E5E6B254-StateMachineUpdater: Took a snapshot at index 41
2020-12-18 01:51:33,087 [2abc6dfe-890a-4d70-ad0b-3558951658f5@group-C718E5E6B254-StateMachineUpdater] INFO  impl.StateMachineUpdater (StateMachineUpdater.java:lambda$new$0(87)) - 2abc6dfe-890a-4d70-ad0b-3558951658f5@group-C718E5E6B254-StateMachineUpdater: snapshotIndex: updateIncreasingly -1 -> 41
2020-12-18 01:51:33,087 [2abc6dfe-890a-4d70-ad0b-3558951658f5@group-C718E5E6B254-StateMachineUpdater] INFO  metrics.RatisMetrics (RatisMetrics.java:unregister(43)) - Unregistering Metrics Registry : ratis.state_machine.2abc6dfe-890a-4d70-ad0b-3558951658f5@group-C718E5E6B254
2020-12-18 01:51:33,088 [Command processor thread] INFO  impl.RaftServerImpl (ServerState.java:close(406)) - 2abc6dfe-890a-4d70-ad0b-3558951658f5@group-C718E5E6B254: closes. applyIndex: 41
2020-12-18 01:51:33,089 [2abc6dfe-890a-4d70-ad0b-3558951658f5@group-C718E5E6B254-SegmentedRaftLogWorker] INFO  segmented.SegmentedRaftLogWorker (SegmentedRaftLogWorker.java:run(329)) - 2abc6dfe-890a-4d70-ad0b-3558951658f5@group-C718E5E6B254-SegmentedRaftLogWorker was interrupted, exiting. There are 0 tasks remaining in the queue.
2020-12-18 01:51:33,089 [Command processor thread] INFO  segmented.SegmentedRaftLogWorker (SegmentedRaftLogWorker.java:close(235)) - 2abc6dfe-890a-4d70-ad0b-3558951658f5@group-C718E5E6B254-SegmentedRaftLogWorker close()
2020-12-18 01:51:33,091 [Command processor thread] INFO  metrics.RatisMetrics (RatisMetrics.java:unregister(43)) - Unregistering Metrics Registry : ratis.log_worker.2abc6dfe-890a-4d70-ad0b-3558951658f5@group-C718E5E6B254
2020-12-18 01:51:33,091 [Command processor thread] INFO  metrics.RatisMetrics (RatisMetrics.java:unregister(43)) - Unregistering Metrics Registry : ratis.leader_election.2abc6dfe-890a-4d70-ad0b-3558951658f5@group-C718E5E6B254
2020-12-18 01:51:33,091 [Command processor thread] INFO  metrics.RatisMetrics (RatisMetrics.java:unregister(43)) - Unregistering Metrics Registry : ratis.server.2abc6dfe-890a-4d70-ad0b-3558951658f5@group-C718E5E6B254
2020-12-18 01:51:33,093 [EventQueue-IncrementalContainerReportForIncrementalContainerReportHandler] INFO  container.IncrementalContainerReportHandler (AbstractContainerReportHandler.java:updateContainerState(208)) - Moving container #1 to QUASI_CLOSED state, datanode 5a6704fc-15bd-4230-8cbe-d21da4b813be{ip: 172.17.0.2, host: 1fad9502c7b4, networkLocation: /default-rack, certSerialId: null, persistedOpState: ENTERING_MAINTENANCE, persistedOpStateExpiryEpochSec: 0} reported QUASI_CLOSED replica.
2020-12-18 01:51:33,094 [Command processor thread] INFO  keyvalue.KeyValueContainer (KeyValueContainer.java:flushAndSyncDB(388)) - Container 1 is synced with bcsId 41.
2020-12-18 01:51:33,095 [Command processor thread] INFO  keyvalue.KeyValueContainer (KeyValueContainer.java:flushAndSyncDB(388)) - Container 1 is synced with bcsId 41.
2020-12-18 01:51:33,097 [Command processor thread] INFO  keyvalue.KeyValueContainer (KeyValueContainer.java:flushAndSyncDB(388)) - Container 1 is synced with bcsId 41.
2020-12-18 01:51:33,097 [Command processor thread] INFO  keyvalue.KeyValueContainer (KeyValueContainer.java:flushAndSyncDB(388)) - Container 1 is synced with bcsId 41.
2020-12-18 01:51:33,098 [Command processor thread] INFO  keyvalue.KeyValueContainer (KeyValueContainer.java:flushAndSyncDB(388)) - Container 2 is synced with bcsId 37.
2020-12-18 01:51:33,098 [Command processor thread] INFO  keyvalue.KeyValueContainer (KeyValueContainer.java:flushAndSyncDB(388)) - Container 2 is synced with bcsId 37.
2020-12-18 01:51:33,102 [EventQueue-IncrementalContainerReportForIncrementalContainerReportHandler] INFO  container.IncrementalContainerReportHandler (AbstractContainerReportHandler.java:updateContainerState(208)) - Moving container #2 to QUASI_CLOSED state, datanode 5a6704fc-15bd-4230-8cbe-d21da4b813be{ip: 172.17.0.2, host: 1fad9502c7b4, networkLocation: /default-rack, certSerialId: null, persistedOpState: ENTERING_MAINTENANCE, persistedOpStateExpiryEpochSec: 0} reported QUASI_CLOSED replica.
2020-12-18 01:51:33,103 [Command processor thread] INFO  keyvalue.KeyValueContainer (KeyValueContainer.java:flushAndSyncDB(388)) - Container 2 is synced with bcsId 37.
2020-12-18 01:51:33,103 [Command processor thread] INFO  keyvalue.KeyValueContainer (KeyValueContainer.java:flushAndSyncDB(388)) - Container 2 is synced with bcsId 37.
2020-12-18 01:51:33,104 [Command processor thread] INFO  impl.RaftServerImpl (RaftServerImpl.java:groupRemove(299)) - 5a6704fc-15bd-4230-8cbe-d21da4b813be@group-C718E5E6B254: Succeed to remove RaftStorageDirectory Storage Directory /github/workspace/mnt/ozone/hadoop-ozone/integration-test/target/test-dir/MiniOzoneClusterImpl-4564f03c-bda0-461a-b884-74ed0c78bad0/datanode-2/data/ratis/31dce71a-1f0f-4077-895d-c718e5e6b254
2020-12-18 01:51:33,104 [Command processor thread] INFO  commandhandler.ClosePipelineCommandHandler (ClosePipelineCommandHandler.java:handle(75)) - Close Pipeline PipelineID=31dce71a-1f0f-4077-895d-c718e5e6b254 command on datanode 5a6704fc-15bd-4230-8cbe-d21da4b813be.
2020-12-18 01:51:33,104 [Command processor thread] INFO  impl.RaftServerProxy (RaftServerProxy.java:remove(104)) - 5a6704fc-15bd-4230-8cbe-d21da4b813be: remove    LEADER 5a6704fc-15bd-4230-8cbe-d21da4b813be@group-FBCAFE0C4231:t1, leader=5a6704fc-15bd-4230-8cbe-d21da4b813be, voted=5a6704fc-15bd-4230-8cbe-d21da4b813be, raftlog=5a6704fc-15bd-4230-8cbe-d21da4b813be@group-FBCAFE0C4231-SegmentedRaftLog:OPENED:c0,f0,i0, conf=0: [5a6704fc-15bd-4230-8cbe-d21da4b813be|rpc:172.17.0.2:42589|dataStream:], old=null RUNNING
2020-12-18 01:51:33,105 [Command processor thread] INFO  impl.RaftServerImpl (RaftServerImpl.java:lambda$shutdown$3(328)) - 5a6704fc-15bd-4230-8cbe-d21da4b813be@group-FBCAFE0C4231: shutdown
2020-12-18 01:51:33,105 [Command processor thread] INFO  util.JmxRegister (JmxRegister.java:unregister(73)) - Successfully un-registered JMX Bean with object name Ratis:service=RaftServer,group=group-FBCAFE0C4231,id=5a6704fc-15bd-4230-8cbe-d21da4b813be
2020-12-18 01:51:33,106 [Command processor thread] INFO  impl.RoleInfo (RoleInfo.java:shutdownLeaderState(104)) - 5a6704fc-15bd-4230-8cbe-d21da4b813be: shutdown 5a6704fc-15bd-4230-8cbe-d21da4b813be@group-FBCAFE0C4231-LeaderState
2020-12-18 01:51:33,106 [Command processor thread] INFO  impl.PendingRequests (PendingRequests.java:sendNotLeaderResponses(250)) - 5a6704fc-15bd-4230-8cbe-d21da4b813be@group-FBCAFE0C4231-PendingRequests: sendNotLeaderResponses
2020-12-18 01:51:33,106 [Command processor thread] INFO  metrics.RatisMetrics (RatisMetrics.java:unregister(43)) - Unregistering Metrics Registry : ratis.log_appender.5a6704fc-15bd-4230-8cbe-d21da4b813be@group-FBCAFE0C4231
2020-12-18 01:51:33,106 [Command processor thread] INFO  metrics.RatisMetrics (RatisMetrics.java:unregister(43)) - Unregistering Metrics Registry : ratis.server.5a6704fc-15bd-4230-8cbe-d21da4b813be@group-FBCAFE0C4231
2020-12-18 01:51:33,106 [Command processor thread] INFO  impl.StateMachineUpdater (StateMachineUpdater.java:stopAndJoin(147)) - 5a6704fc-15bd-4230-8cbe-d21da4b813be@group-FBCAFE0C4231-StateMachineUpdater: set stopIndex = 0
2020-12-18 01:51:33,108 [Command processor thread] INFO  keyvalue.KeyValueContainer (KeyValueContainer.java:flushAndSyncDB(388)) - Container 2 is synced with bcsId 37.
2020-12-18 01:51:33,110 [Command processor thread] INFO  keyvalue.KeyValueContainer (KeyValueContainer.java:flushAndSyncDB(388)) - Container 2 is synced with bcsId 37.
2020-12-18 01:51:33,109 [Command processor thread] INFO  impl.RaftServerImpl (RaftServerImpl.java:groupRemove(299)) - 0411c1e5-01dd-41ac-a234-123af2469892@group-C718E5E6B254: Succeed to remove RaftStorageDirectory Storage Directory /github/workspace/mnt/ozone/hadoop-ozone/integration-test/target/test-dir/MiniOzoneClusterImpl-4564f03c-bda0-461a-b884-74ed0c78bad0/datanode-1/data/ratis/31dce71a-1f0f-4077-895d-c718e5e6b254
2020-12-18 01:51:33,109 [5a6704fc-15bd-4230-8cbe-d21da4b813be@group-FBCAFE0C4231-StateMachineUpdater] INFO  ratis.ContainerStateMachine (ContainerStateMachine.java:takeSnapshot(293)) - group-FBCAFE0C4231: Taking a snapshot at:(t:1, i:0) file /github/workspace/mnt/ozone/hadoop-ozone/integration-test/target/test-dir/MiniOzoneClusterImpl-4564f03c-bda0-461a-b884-74ed0c78bad0/datanode-2/data/ratis/70a2e279-6926-480c-b182-fbcafe0c4231/sm/snapshot.1_0
2020-12-18 01:51:33,111 [Command processor thread] INFO  commandhandler.ClosePipelineCommandHandler (ClosePipelineCommandHandler.java:handle(75)) - Close Pipeline PipelineID=31dce71a-1f0f-4077-895d-c718e5e6b254 command on datanode 0411c1e5-01dd-41ac-a234-123af2469892.
2020-12-18 01:51:33,112 [Command processor thread] INFO  impl.RaftServerProxy (RaftServerProxy.java:remove(104)) - 0411c1e5-01dd-41ac-a234-123af2469892: remove    LEADER 0411c1e5-01dd-41ac-a234-123af2469892@group-2A352D3FAB4F:t1, leader=0411c1e5-01dd-41ac-a234-123af2469892, voted=0411c1e5-01dd-41ac-a234-123af2469892, raftlog=0411c1e5-01dd-41ac-a234-123af2469892@group-2A352D3FAB4F-SegmentedRaftLog:OPENED:c0,f0,i0, conf=0: [0411c1e5-01dd-41ac-a234-123af2469892|rpc:172.17.0.2:39213|dataStream:], old=null RUNNING
2020-12-18 01:51:33,112 [Command processor thread] INFO  impl.RaftServerImpl (RaftServerImpl.java:lambda$shutdown$3(328)) - 0411c1e5-01dd-41ac-a234-123af2469892@group-2A352D3FAB4F: shutdown
2020-12-18 01:51:33,112 [Command processor thread] INFO  util.JmxRegister (JmxRegister.java:unregister(73)) - Successfully un-registered JMX Bean with object name Ratis:service=RaftServer,group=group-2A352D3FAB4F,id=0411c1e5-01dd-41ac-a234-123af2469892
2020-12-18 01:51:33,112 [Command processor thread] INFO  impl.RoleInfo (RoleInfo.java:shutdownLeaderState(104)) - 0411c1e5-01dd-41ac-a234-123af2469892: shutdown 0411c1e5-01dd-41ac-a234-123af2469892@group-2A352D3FAB4F-LeaderState
2020-12-18 01:51:33,112 [5a6704fc-15bd-4230-8cbe-d21da4b813be@group-FBCAFE0C4231-StateMachineUpdater] INFO  ratis.ContainerStateMachine (ContainerStateMachine.java:takeSnapshot(304)) - group-FBCAFE0C4231: Finished taking a snapshot at:(t:1, i:0) file:/github/workspace/mnt/ozone/hadoop-ozone/integration-test/target/test-dir/MiniOzoneClusterImpl-4564f03c-bda0-461a-b884-74ed0c78bad0/datanode-2/data/ratis/70a2e279-6926-480c-b182-fbcafe0c4231/sm/snapshot.1_0 time:3
2020-12-18 01:51:33,113 [5a6704fc-15bd-4230-8cbe-d21da4b813be@group-FBCAFE0C4231-StateMachineUpdater] INFO  impl.StateMachineUpdater (StateMachineUpdater.java:takeSnapshot(278)) - 5a6704fc-15bd-4230-8cbe-d21da4b813be@group-FBCAFE0C4231-StateMachineUpdater: Took a snapshot at index 0
2020-12-18 01:51:33,114 [5a6704fc-15bd-4230-8cbe-d21da4b813be@group-FBCAFE0C4231-StateMachineUpdater] INFO  impl.StateMachineUpdater (StateMachineUpdater.java:lambda$new$0(87)) - 5a6704fc-15bd-4230-8cbe-d21da4b813be@group-FBCAFE0C4231-StateMachineUpdater: snapshotIndex: updateIncreasingly -1 -> 0
2020-12-18 01:51:33,114 [5a6704fc-15bd-4230-8cbe-d21da4b813be@group-FBCAFE0C4231-StateMachineUpdater] INFO  metrics.RatisMetrics (RatisMetrics.java:unregister(43)) - Unregistering Metrics Registry : ratis.state_machine.5a6704fc-15bd-4230-8cbe-d21da4b813be@group-FBCAFE0C4231
2020-12-18 01:51:33,114 [Command processor thread] INFO  impl.RaftServerImpl (ServerState.java:close(406)) - 5a6704fc-15bd-4230-8cbe-d21da4b813be@group-FBCAFE0C4231: closes. applyIndex: 0
2020-12-18 01:51:33,112 [Command processor thread] INFO  impl.PendingRequests (PendingRequests.java:sendNotLeaderResponses(250)) - 0411c1e5-01dd-41ac-a234-123af2469892@group-2A352D3FAB4F-PendingRequests: sendNotLeaderResponses
2020-12-18 01:51:33,114 [5a6704fc-15bd-4230-8cbe-d21da4b813be@group-FBCAFE0C4231-SegmentedRaftLogWorker] INFO  segmented.SegmentedRaftLogWorker (SegmentedRaftLogWorker.java:run(329)) - 5a6704fc-15bd-4230-8cbe-d21da4b813be@group-FBCAFE0C4231-SegmentedRaftLogWorker was interrupted, exiting. There are 0 tasks remaining in the queue.
2020-12-18 01:51:33,116 [Command processor thread] INFO  impl.RaftServerImpl (RaftServerImpl.java:groupRemove(299)) - 2abc6dfe-890a-4d70-ad0b-3558951658f5@group-C718E5E6B254: Succeed to remove RaftStorageDirectory Storage Directory /github/workspace/mnt/ozone/hadoop-ozone/integration-test/target/test-dir/MiniOzoneClusterImpl-4564f03c-bda0-461a-b884-74ed0c78bad0/datanode-0/data/ratis/31dce71a-1f0f-4077-895d-c718e5e6b254
2020-12-18 01:51:33,116 [Command processor thread] INFO  commandhandler.ClosePipelineCommandHandler (ClosePipelineCommandHandler.java:handle(75)) - Close Pipeline PipelineID=31dce71a-1f0f-4077-895d-c718e5e6b254 command on datanode 2abc6dfe-890a-4d70-ad0b-3558951658f5.
2020-12-18 01:51:33,116 [Command processor thread] WARN  impl.RaftServerProxy (RaftServerProxy.java:remove(99)) - 2abc6dfe-890a-4d70-ad0b-3558951658f5: does not contain group: group-F18240B2DB4E
2020-12-18 01:51:33,117 [Command processor thread] ERROR commandhandler.ClosePipelineCommandHandler (ClosePipelineCommandHandler.java:handle(78)) - Can't close pipeline PipelineID=d4e7e20d-0633-4858-ab6d-f18240b2db4e
java.io.IOException: 2abc6dfe-890a-4d70-ad0b-3558951658f5: Group group-F18240B2DB4E not found.
	at org.apache.hadoop.ozone.container.common.transport.server.ratis.XceiverServerRatis.removeGroup(XceiverServerRatis.java:774)
	at org.apache.hadoop.ozone.container.common.statemachine.commandhandler.ClosePipelineCommandHandler.handle(ClosePipelineCommandHandler.java:74)
	at org.apache.hadoop.ozone.container.common.statemachine.commandhandler.CommandDispatcher.handle(CommandDispatcher.java:99)
	at org.apache.hadoop.ozone.container.common.statemachine.DatanodeStateMachine.lambda$initCommandHandlerThread$2(DatanodeStateMachine.java:498)
	at java.lang.Thread.run(Thread.java:748)
Caused by: org.apache.ratis.protocol.exceptions.GroupMismatchException: 2abc6dfe-890a-4d70-ad0b-3558951658f5: Group group-F18240B2DB4E not found.
	at org.apache.ratis.server.impl.RaftServerProxy.groupRemoveAsync(RaftServerProxy.java:445)
	at org.apache.ratis.server.impl.RaftServerProxy.groupManagementAsync(RaftServerProxy.java:401)
	at org.apache.ratis.server.impl.RaftServerProxy.groupManagement(RaftServerProxy.java:381)
	at org.apache.hadoop.ozone.container.common.transport.server.ratis.XceiverServerRatis.removeGroup(XceiverServerRatis.java:772)
	... 4 more
2020-12-18 01:51:33,117 [Command processor thread] WARN  impl.RaftServerProxy (RaftServerProxy.java:remove(99)) - 2abc6dfe-890a-4d70-ad0b-3558951658f5: does not contain group: group-C718E5E6B254
2020-12-18 01:51:33,117 [Command processor thread] ERROR commandhandler.ClosePipelineCommandHandler (ClosePipelineCommandHandler.java:handle(78)) - Can't close pipeline PipelineID=31dce71a-1f0f-4077-895d-c718e5e6b254
java.io.IOException: 2abc6dfe-890a-4d70-ad0b-3558951658f5: Group group-C718E5E6B254 not found.
	at org.apache.hadoop.ozone.container.common.transport.server.ratis.XceiverServerRatis.removeGroup(XceiverServerRatis.java:774)
	at org.apache.hadoop.ozone.container.common.statemachine.commandhandler.ClosePipelineCommandHandler.handle(ClosePipelineCommandHandler.java:74)
	at org.apache.hadoop.ozone.container.common.statemachine.commandhandler.CommandDispatcher.handle(CommandDispatcher.java:99)
	at org.apache.hadoop.ozone.container.common.statemachine.DatanodeStateMachine.lambda$initCommandHandlerThread$2(DatanodeStateMachine.java:498)
	at java.lang.Thread.run(Thread.java:748)
Caused by: org.apache.ratis.protocol.exceptions.GroupMismatchException: 2abc6dfe-890a-4d70-ad0b-3558951658f5: Group group-C718E5E6B254 not found.
	at org.apache.ratis.server.impl.RaftServerProxy.groupRemoveAsync(RaftServerProxy.java:445)
	at org.apache.ratis.server.impl.RaftServerProxy.groupManagementAsync(RaftServerProxy.java:401)
	at org.apache.ratis.server.impl.RaftServerProxy.groupManagement(RaftServerProxy.java:381)
	at org.apache.hadoop.ozone.container.common.transport.server.ratis.XceiverServerRatis.removeGroup(XceiverServerRatis.java:772)
	... 4 more
2020-12-18 01:51:33,117 [Command processor thread] WARN  impl.RaftServerProxy (RaftServerProxy.java:remove(99)) - 2abc6dfe-890a-4d70-ad0b-3558951658f5: does not contain group: group-F18240B2DB4E
2020-12-18 01:51:33,122 [Command processor thread] ERROR commandhandler.ClosePipelineCommandHandler (ClosePipelineCommandHandler.java:handle(78)) - Can't close pipeline PipelineID=d4e7e20d-0633-4858-ab6d-f18240b2db4e
java.io.IOException: 2abc6dfe-890a-4d70-ad0b-3558951658f5: Group group-F18240B2DB4E not found.
	at org.apache.hadoop.ozone.container.common.transport.server.ratis.XceiverServerRatis.removeGroup(XceiverServerRatis.java:774)
	at org.apache.hadoop.ozone.container.common.statemachine.commandhandler.ClosePipelineCommandHandler.handle(ClosePipelineCommandHandler.java:74)
	at org.apache.hadoop.ozone.container.common.statemachine.commandhandler.CommandDispatcher.handle(CommandDispatcher.java:99)
	at org.apache.hadoop.ozone.container.common.statemachine.DatanodeStateMachine.lambda$initCommandHandlerThread$2(DatanodeStateMachine.java:498)
	at java.lang.Thread.run(Thread.java:748)
Caused by: org.apache.ratis.protocol.exceptions.GroupMismatchException: 2abc6dfe-890a-4d70-ad0b-3558951658f5: Group group-F18240B2DB4E not found.
	at org.apache.ratis.server.impl.RaftServerProxy.groupRemoveAsync(RaftServerProxy.java:445)
	at org.apache.ratis.server.impl.RaftServerProxy.groupManagementAsync(RaftServerProxy.java:401)
	at org.apache.ratis.server.impl.RaftServerProxy.groupManagement(RaftServerProxy.java:381)
	at org.apache.hadoop.ozone.container.common.transport.server.ratis.XceiverServerRatis.removeGroup(XceiverServerRatis.java:772)
	... 4 more
2020-12-18 01:51:33,122 [Command processor thread] WARN  impl.RaftServerProxy (RaftServerProxy.java:remove(99)) - 2abc6dfe-890a-4d70-ad0b-3558951658f5: does not contain group: group-C718E5E6B254
2020-12-18 01:51:33,123 [Command processor thread] ERROR commandhandler.ClosePipelineCommandHandler (ClosePipelineCommandHandler.java:handle(78)) - Can't close pipeline PipelineID=31dce71a-1f0f-4077-895d-c718e5e6b254
java.io.IOException: 2abc6dfe-890a-4d70-ad0b-3558951658f5: Group group-C718E5E6B254 not found.
	at org.apache.hadoop.ozone.container.common.transport.server.ratis.XceiverServerRatis.removeGroup(XceiverServerRatis.java:774)
	at org.apache.hadoop.ozone.container.common.statemachine.commandhandler.ClosePipelineCommandHandler.handle(ClosePipelineCommandHandler.java:74)
	at org.apache.hadoop.ozone.container.common.statemachine.commandhandler.CommandDispatcher.handle(CommandDispatcher.java:99)
	at org.apache.hadoop.ozone.container.common.statemachine.DatanodeStateMachine.lambda$initCommandHandlerThread$2(DatanodeStateMachine.java:498)
	at java.lang.Thread.run(Thread.java:748)
Caused by: org.apache.ratis.protocol.exceptions.GroupMismatchException: 2abc6dfe-890a-4d70-ad0b-3558951658f5: Group group-C718E5E6B254 not found.
	at org.apache.ratis.server.impl.RaftServerProxy.groupRemoveAsync(RaftServerProxy.java:445)
	at org.apache.ratis.server.impl.RaftServerProxy.groupManagementAsync(RaftServerProxy.java:401)
	at org.apache.ratis.server.impl.RaftServerProxy.groupManagement(RaftServerProxy.java:381)
	at org.apache.hadoop.ozone.container.common.transport.server.ratis.XceiverServerRatis.removeGroup(XceiverServerRatis.java:772)
	... 4 more
2020-12-18 01:51:33,123 [Command processor thread] WARN  impl.RaftServerProxy (RaftServerProxy.java:remove(99)) - 2abc6dfe-890a-4d70-ad0b-3558951658f5: does not contain group: group-F18240B2DB4E
2020-12-18 01:51:33,123 [Command processor thread] ERROR commandhandler.ClosePipelineCommandHandler (ClosePipelineCommandHandler.java:handle(78)) - Can't close pipeline PipelineID=d4e7e20d-0633-4858-ab6d-f18240b2db4e
java.io.IOException: 2abc6dfe-890a-4d70-ad0b-3558951658f5: Group group-F18240B2DB4E not found.
	at org.apache.hadoop.ozone.container.common.transport.server.ratis.XceiverServerRatis.removeGroup(XceiverServerRatis.java:774)
	at org.apache.hadoop.ozone.container.common.statemachine.commandhandler.ClosePipelineCommandHandler.handle(ClosePipelineCommandHandler.java:74)
	at org.apache.hadoop.ozone.container.common.statemachine.commandhandler.CommandDispatcher.handle(CommandDispatcher.java:99)
	at org.apache.hadoop.ozone.container.common.statemachine.DatanodeStateMachine.lambda$initCommandHandlerThread$2(DatanodeStateMachine.java:498)
	at java.lang.Thread.run(Thread.java:748)
Caused by: org.apache.ratis.protocol.exceptions.GroupMismatchException: 2abc6dfe-890a-4d70-ad0b-3558951658f5: Group group-F18240B2DB4E not found.
	at org.apache.ratis.server.impl.RaftServerProxy.groupRemoveAsync(RaftServerProxy.java:445)
	at org.apache.ratis.server.impl.RaftServerProxy.groupManagementAsync(RaftServerProxy.java:401)
	at org.apache.ratis.server.impl.RaftServerProxy.groupManagement(RaftServerProxy.java:381)
	at org.apache.hadoop.ozone.container.common.transport.server.ratis.XceiverServerRatis.removeGroup(XceiverServerRatis.java:772)
	... 4 more
2020-12-18 01:51:33,123 [Command processor thread] WARN  impl.RaftServerProxy (RaftServerProxy.java:remove(99)) - 2abc6dfe-890a-4d70-ad0b-3558951658f5: does not contain group: group-C718E5E6B254
2020-12-18 01:51:33,114 [Command processor thread] INFO  metrics.RatisMetrics (RatisMetrics.java:unregister(43)) - Unregistering Metrics Registry : ratis.log_appender.0411c1e5-01dd-41ac-a234-123af2469892@group-2A352D3FAB4F
2020-12-18 01:51:33,123 [Command processor thread] INFO  metrics.RatisMetrics (RatisMetrics.java:unregister(43)) - Unregistering Metrics Registry : ratis.server.0411c1e5-01dd-41ac-a234-123af2469892@group-2A352D3FAB4F
2020-12-18 01:51:33,123 [Command processor thread] INFO  impl.StateMachineUpdater (StateMachineUpdater.java:stopAndJoin(147)) - 0411c1e5-01dd-41ac-a234-123af2469892@group-2A352D3FAB4F-StateMachineUpdater: set stopIndex = 0
2020-12-18 01:51:33,124 [0411c1e5-01dd-41ac-a234-123af2469892@group-2A352D3FAB4F-StateMachineUpdater] INFO  ratis.ContainerStateMachine (ContainerStateMachine.java:takeSnapshot(293)) - group-2A352D3FAB4F: Taking a snapshot at:(t:1, i:0) file /github/workspace/mnt/ozone/hadoop-ozone/integration-test/target/test-dir/MiniOzoneClusterImpl-4564f03c-bda0-461a-b884-74ed0c78bad0/datanode-1/data/ratis/725c8b97-cdf9-47d8-a168-2a352d3fab4f/sm/snapshot.1_0
2020-12-18 01:51:33,116 [Command processor thread] INFO  segmented.SegmentedRaftLogWorker (SegmentedRaftLogWorker.java:close(235)) - 5a6704fc-15bd-4230-8cbe-d21da4b813be@group-FBCAFE0C4231-SegmentedRaftLogWorker close()
2020-12-18 01:51:33,124 [Command processor thread] INFO  metrics.RatisMetrics (RatisMetrics.java:unregister(43)) - Unregistering Metrics Registry : ratis.log_worker.5a6704fc-15bd-4230-8cbe-d21da4b813be@group-FBCAFE0C4231
2020-12-18 01:51:33,124 [Command processor thread] INFO  metrics.RatisMetrics (RatisMetrics.java:unregister(43)) - Unregistering Metrics Registry : ratis.leader_election.5a6704fc-15bd-4230-8cbe-d21da4b813be@group-FBCAFE0C4231
2020-12-18 01:51:33,124 [Command processor thread] INFO  metrics.RatisMetrics (RatisMetrics.java:unregister(43)) - Unregistering Metrics Registry : ratis.server.5a6704fc-15bd-4230-8cbe-d21da4b813be@group-FBCAFE0C4231
2020-12-18 01:51:33,124 [0411c1e5-01dd-41ac-a234-123af2469892@group-2A352D3FAB4F-StateMachineUpdater] INFO  ratis.ContainerStateMachine (ContainerStateMachine.java:takeSnapshot(304)) - group-2A352D3FAB4F: Finished taking a snapshot at:(t:1, i:0) file:/github/workspace/mnt/ozone/hadoop-ozone/integration-test/target/test-dir/MiniOzoneClusterImpl-4564f03c-bda0-461a-b884-74ed0c78bad0/datanode-1/data/ratis/725c8b97-cdf9-47d8-a168-2a352d3fab4f/sm/snapshot.1_0 time:1
2020-12-18 01:51:33,125 [0411c1e5-01dd-41ac-a234-123af2469892@group-2A352D3FAB4F-StateMachineUpdater] INFO  impl.StateMachineUpdater (StateMachineUpdater.java:takeSnapshot(278)) - 0411c1e5-01dd-41ac-a234-123af2469892@group-2A352D3FAB4F-StateMachineUpdater: Took a snapshot at index 0
2020-12-18 01:51:33,125 [0411c1e5-01dd-41ac-a234-123af2469892@group-2A352D3FAB4F-StateMachineUpdater] INFO  impl.StateMachineUpdater (StateMachineUpdater.java:lambda$new$0(87)) - 0411c1e5-01dd-41ac-a234-123af2469892@group-2A352D3FAB4F-StateMachineUpdater: snapshotIndex: updateIncreasingly -1 -> 0
2020-12-18 01:51:33,125 [0411c1e5-01dd-41ac-a234-123af2469892@group-2A352D3FAB4F-StateMachineUpdater] INFO  metrics.RatisMetrics (RatisMetrics.java:unregister(43)) - Unregistering Metrics Registry : ratis.state_machine.0411c1e5-01dd-41ac-a234-123af2469892@group-2A352D3FAB4F
2020-12-18 01:51:33,125 [Command processor thread] INFO  impl.RaftServerImpl (RaftServerImpl.java:groupRemove(299)) - 5a6704fc-15bd-4230-8cbe-d21da4b813be@group-FBCAFE0C4231: Succeed to remove RaftStorageDirectory Storage Directory /github/workspace/mnt/ozone/hadoop-ozone/integration-test/target/test-dir/MiniOzoneClusterImpl-4564f03c-bda0-461a-b884-74ed0c78bad0/datanode-2/data/ratis/70a2e279-6926-480c-b182-fbcafe0c4231
2020-12-18 01:51:33,125 [Command processor thread] INFO  commandhandler.ClosePipelineCommandHandler (ClosePipelineCommandHandler.java:handle(75)) - Close Pipeline PipelineID=70a2e279-6926-480c-b182-fbcafe0c4231 command on datanode 5a6704fc-15bd-4230-8cbe-d21da4b813be.
2020-12-18 01:51:33,126 [Command processor thread] WARN  impl.RaftServerProxy (RaftServerProxy.java:remove(99)) - 5a6704fc-15bd-4230-8cbe-d21da4b813be: does not contain group: group-FBCAFE0C4231
2020-12-18 01:51:33,126 [Command processor thread] ERROR commandhandler.ClosePipelineCommandHandler (ClosePipelineCommandHandler.java:handle(78)) - Can't close pipeline PipelineID=70a2e279-6926-480c-b182-fbcafe0c4231
java.io.IOException: 5a6704fc-15bd-4230-8cbe-d21da4b813be: Group group-FBCAFE0C4231 not found.
	at org.apache.hadoop.ozone.container.common.transport.server.ratis.XceiverServerRatis.removeGroup(XceiverServerRatis.java:774)
	at org.apache.hadoop.ozone.container.common.statemachine.commandhandler.ClosePipelineCommandHandler.handle(ClosePipelineCommandHandler.java:74)
	at org.apache.hadoop.ozone.container.common.statemachine.commandhandler.CommandDispatcher.handle(CommandDispatcher.java:99)
	at org.apache.hadoop.ozone.container.common.statemachine.DatanodeStateMachine.lambda$initCommandHandlerThread$2(DatanodeStateMachine.java:498)
	at java.lang.Thread.run(Thread.java:748)
Caused by: org.apache.ratis.protocol.exceptions.GroupMismatchException: 5a6704fc-15bd-4230-8cbe-d21da4b813be: Group group-FBCAFE0C4231 not found.
	at org.apache.ratis.server.impl.RaftServerProxy.groupRemoveAsync(RaftServerProxy.java:445)
	at org.apache.ratis.server.impl.RaftServerProxy.groupManagementAsync(RaftServerProxy.java:401)
	at org.apache.ratis.server.impl.RaftServerProxy.groupManagement(RaftServerProxy.java:381)
	at org.apache.hadoop.ozone.container.common.transport.server.ratis.XceiverServerRatis.removeGroup(XceiverServerRatis.java:772)
	... 4 more
2020-12-18 01:51:33,126 [Command processor thread] WARN  impl.RaftServerProxy (RaftServerProxy.java:remove(99)) - 5a6704fc-15bd-4230-8cbe-d21da4b813be: does not contain group: group-C718E5E6B254
2020-12-18 01:51:33,126 [Command processor thread] ERROR commandhandler.ClosePipelineCommandHandler (ClosePipelineCommandHandler.java:handle(78)) - Can't close pipeline PipelineID=31dce71a-1f0f-4077-895d-c718e5e6b254
java.io.IOException: 5a6704fc-15bd-4230-8cbe-d21da4b813be: Group group-C718E5E6B254 not found.
	at org.apache.hadoop.ozone.container.common.transport.server.ratis.XceiverServerRatis.removeGroup(XceiverServerRatis.java:774)
	at org.apache.hadoop.ozone.container.common.statemachine.commandhandler.ClosePipelineCommandHandler.handle(ClosePipelineCommandHandler.java:74)
	at org.apache.hadoop.ozone.container.common.statemachine.commandhandler.CommandDispatcher.handle(CommandDispatcher.java:99)
	at org.apache.hadoop.ozone.container.common.statemachine.DatanodeStateMachine.lambda$initCommandHandlerThread$2(DatanodeStateMachine.java:498)
	at java.lang.Thread.run(Thread.java:748)
Caused by: org.apache.ratis.protocol.exceptions.GroupMismatchException: 5a6704fc-15bd-4230-8cbe-d21da4b813be: Group group-C718E5E6B254 not found.
	at org.apache.ratis.server.impl.RaftServerProxy.groupRemoveAsync(RaftServerProxy.java:445)
	at org.apache.ratis.server.impl.RaftServerProxy.groupManagementAsync(RaftServerProxy.java:401)
	at org.apache.ratis.server.impl.RaftServerProxy.groupManagement(RaftServerProxy.java:381)
	at org.apache.hadoop.ozone.container.common.transport.server.ratis.XceiverServerRatis.removeGroup(XceiverServerRatis.java:772)
	... 4 more
2020-12-18 01:51:33,126 [Command processor thread] WARN  impl.RaftServerProxy (RaftServerProxy.java:remove(99)) - 5a6704fc-15bd-4230-8cbe-d21da4b813be: does not contain group: group-FBCAFE0C4231
2020-12-18 01:51:33,126 [Command processor thread] ERROR commandhandler.ClosePipelineCommandHandler (ClosePipelineCommandHandler.java:handle(78)) - Can't close pipeline PipelineID=70a2e279-6926-480c-b182-fbcafe0c4231
java.io.IOException: 5a6704fc-15bd-4230-8cbe-d21da4b813be: Group group-FBCAFE0C4231 not found.
	at org.apache.hadoop.ozone.container.common.transport.server.ratis.XceiverServerRatis.removeGroup(XceiverServerRatis.java:774)
	at org.apache.hadoop.ozone.container.common.statemachine.commandhandler.ClosePipelineCommandHandler.handle(ClosePipelineCommandHandler.java:74)
	at org.apache.hadoop.ozone.container.common.statemachine.commandhandler.CommandDispatcher.handle(CommandDispatcher.java:99)
	at org.apache.hadoop.ozone.container.common.statemachine.DatanodeStateMachine.lambda$initCommandHandlerThread$2(DatanodeStateMachine.java:498)
	at java.lang.Thread.run(Thread.java:748)
Caused by: org.apache.ratis.protocol.exceptions.GroupMismatchException: 5a6704fc-15bd-4230-8cbe-d21da4b813be: Group group-FBCAFE0C4231 not found.
	at org.apache.ratis.server.impl.RaftServerProxy.groupRemoveAsync(RaftServerProxy.java:445)
	at org.apache.ratis.server.impl.RaftServerProxy.groupManagementAsync(RaftServerProxy.java:401)
	at org.apache.ratis.server.impl.RaftServerProxy.groupManagement(RaftServerProxy.java:381)
	at org.apache.hadoop.ozone.container.common.transport.server.ratis.XceiverServerRatis.removeGroup(XceiverServerRatis.java:772)
	... 4 more
2020-12-18 01:51:33,126 [Command processor thread] WARN  impl.RaftServerProxy (RaftServerProxy.java:remove(99)) - 5a6704fc-15bd-4230-8cbe-d21da4b813be: does not contain group: group-C718E5E6B254
2020-12-18 01:51:33,126 [Command processor thread] ERROR commandhandler.ClosePipelineCommandHandler (ClosePipelineCommandHandler.java:handle(78)) - Can't close pipeline PipelineID=31dce71a-1f0f-4077-895d-c718e5e6b254
java.io.IOException: 5a6704fc-15bd-4230-8cbe-d21da4b813be: Group group-C718E5E6B254 not found.
	at org.apache.hadoop.ozone.container.common.transport.server.ratis.XceiverServerRatis.removeGroup(XceiverServerRatis.java:774)
	at org.apache.hadoop.ozone.container.common.statemachine.commandhandler.ClosePipelineCommandHandler.handle(ClosePipelineCommandHandler.java:74)
	at org.apache.hadoop.ozone.container.common.statemachine.commandhandler.CommandDispatcher.handle(CommandDispatcher.java:99)
	at org.apache.hadoop.ozone.container.common.statemachine.DatanodeStateMachine.lambda$initCommandHandlerThread$2(DatanodeStateMachine.java:498)
	at java.lang.Thread.run(Thread.java:748)
Caused by: org.apache.ratis.protocol.exceptions.GroupMismatchException: 5a6704fc-15bd-4230-8cbe-d21da4b813be: Group group-C718E5E6B254 not found.
	at org.apache.ratis.server.impl.RaftServerProxy.groupRemoveAsync(RaftServerProxy.java:445)
	at org.apache.ratis.server.impl.RaftServerProxy.groupManagementAsync(RaftServerProxy.java:401)
	at org.apache.ratis.server.impl.RaftServerProxy.groupManagement(RaftServerProxy.java:381)
	at org.apache.hadoop.ozone.container.common.transport.server.ratis.XceiverServerRatis.removeGroup(XceiverServerRatis.java:772)
	... 4 more
2020-12-18 01:51:33,127 [Command processor thread] WARN  impl.RaftServerProxy (RaftServerProxy.java:remove(99)) - 5a6704fc-15bd-4230-8cbe-d21da4b813be: does not contain group: group-FBCAFE0C4231
2020-12-18 01:51:33,127 [Command processor thread] ERROR commandhandler.ClosePipelineCommandHandler (ClosePipelineCommandHandler.java:handle(78)) - Can't close pipeline PipelineID=70a2e279-6926-480c-b182-fbcafe0c4231
java.io.IOException: 5a6704fc-15bd-4230-8cbe-d21da4b813be: Group group-FBCAFE0C4231 not found.
	at org.apache.hadoop.ozone.container.common.transport.server.ratis.XceiverServerRatis.removeGroup(XceiverServerRatis.java:774)
	at org.apache.hadoop.ozone.container.common.statemachine.commandhandler.ClosePipelineCommandHandler.handle(ClosePipelineCommandHandler.java:74)
	at org.apache.hadoop.ozone.container.common.statemachine.commandhandler.CommandDispatcher.handle(CommandDispatcher.java:99)
	at org.apache.hadoop.ozone.container.common.statemachine.DatanodeStateMachine.lambda$initCommandHandlerThread$2(DatanodeStateMachine.java:498)
	at java.lang.Thread.run(Thread.java:748)
Caused by: org.apache.ratis.protocol.exceptions.GroupMismatchException: 5a6704fc-15bd-4230-8cbe-d21da4b813be: Group group-FBCAFE0C4231 not found.
	at org.apache.ratis.server.impl.RaftServerProxy.groupRemoveAsync(RaftServerProxy.java:445)
	at org.apache.ratis.server.impl.RaftServerProxy.groupManagementAsync(RaftServerProxy.java:401)
	at org.apache.ratis.server.impl.RaftServerProxy.groupManagement(RaftServerProxy.java:381)
	at org.apache.hadoop.ozone.container.common.transport.server.ratis.XceiverServerRatis.removeGroup(XceiverServerRatis.java:772)
	... 4 more
2020-12-18 01:51:33,127 [Command processor thread] WARN  impl.RaftServerProxy (RaftServerProxy.java:remove(99)) - 5a6704fc-15bd-4230-8cbe-d21da4b813be: does not contain group: group-C718E5E6B254
2020-12-18 01:51:33,128 [Command processor thread] ERROR commandhandler.ClosePipelineCommandHandler (ClosePipelineCommandHandler.java:handle(78)) - Can't close pipeline PipelineID=31dce71a-1f0f-4077-895d-c718e5e6b254
java.io.IOException: 5a6704fc-15bd-4230-8cbe-d21da4b813be: Group group-C718E5E6B254 not found.
	at org.apache.hadoop.ozone.container.common.transport.server.ratis.XceiverServerRatis.removeGroup(XceiverServerRatis.java:774)
	at org.apache.hadoop.ozone.container.common.statemachine.commandhandler.ClosePipelineCommandHandler.handle(ClosePipelineCommandHandler.java:74)
	at org.apache.hadoop.ozone.container.common.statemachine.commandhandler.CommandDispatcher.handle(CommandDispatcher.java:99)
	at org.apache.hadoop.ozone.container.common.statemachine.DatanodeStateMachine.lambda$initCommandHandlerThread$2(DatanodeStateMachine.java:498)
	at java.lang.Thread.run(Thread.java:748)
Caused by: org.apache.ratis.protocol.exceptions.GroupMismatchException: 5a6704fc-15bd-4230-8cbe-d21da4b813be: Group group-C718E5E6B254 not found.
	at org.apache.ratis.server.impl.RaftServerProxy.groupRemoveAsync(RaftServerProxy.java:445)
	at org.apache.ratis.server.impl.RaftServerProxy.groupManagementAsync(RaftServerProxy.java:401)
	at org.apache.ratis.server.impl.RaftServerProxy.groupManagement(RaftServerProxy.java:381)
	at org.apache.hadoop.ozone.container.common.transport.server.ratis.XceiverServerRatis.removeGroup(XceiverServerRatis.java:772)
	... 4 more
2020-12-18 01:51:33,128 [Command processor thread] WARN  impl.RaftServerProxy (RaftServerProxy.java:remove(99)) - 5a6704fc-15bd-4230-8cbe-d21da4b813be: does not contain group: group-FBCAFE0C4231
2020-12-18 01:51:33,128 [Command processor thread] ERROR commandhandler.ClosePipelineCommandHandler (ClosePipelineCommandHandler.java:handle(78)) - Can't close pipeline PipelineID=70a2e279-6926-480c-b182-fbcafe0c4231
java.io.IOException: 5a6704fc-15bd-4230-8cbe-d21da4b813be: Group group-FBCAFE0C4231 not found.
	at org.apache.hadoop.ozone.container.common.transport.server.ratis.XceiverServerRatis.removeGroup(XceiverServerRatis.java:774)
	at org.apache.hadoop.ozone.container.common.statemachine.commandhandler.ClosePipelineCommandHandler.handle(ClosePipelineCommandHandler.java:74)
	at org.apache.hadoop.ozone.container.common.statemachine.commandhandler.CommandDispatcher.handle(CommandDispatcher.java:99)
	at org.apache.hadoop.ozone.container.common.statemachine.DatanodeStateMachine.lambda$initCommandHandlerThread$2(DatanodeStateMachine.java:498)
	at java.lang.Thread.run(Thread.java:748)
Caused by: org.apache.ratis.protocol.exceptions.GroupMismatchException: 5a6704fc-15bd-4230-8cbe-d21da4b813be: Group group-FBCAFE0C4231 not found.
	at org.apache.ratis.server.impl.RaftServerProxy.groupRemoveAsync(RaftServerProxy.java:445)
	at org.apache.ratis.server.impl.RaftServerProxy.groupManagementAsync(RaftServerProxy.java:401)
	at org.apache.ratis.server.impl.RaftServerProxy.groupManagement(RaftServerProxy.java:381)
	at org.apache.hadoop.ozone.container.common.transport.server.ratis.XceiverServerRatis.removeGroup(XceiverServerRatis.java:772)
	... 4 more
2020-12-18 01:51:33,128 [Command processor thread] WARN  impl.RaftServerProxy (RaftServerProxy.java:remove(99)) - 5a6704fc-15bd-4230-8cbe-d21da4b813be: does not contain group: group-C718E5E6B254
2020-12-18 01:51:33,128 [Command processor thread] ERROR commandhandler.ClosePipelineCommandHandler (ClosePipelineCommandHandler.java:handle(78)) - Can't close pipeline PipelineID=31dce71a-1f0f-4077-895d-c718e5e6b254
java.io.IOException: 5a6704fc-15bd-4230-8cbe-d21da4b813be: Group group-C718E5E6B254 not found.
	at org.apache.hadoop.ozone.container.common.transport.server.ratis.XceiverServerRatis.removeGroup(XceiverServerRatis.java:774)
	at org.apache.hadoop.ozone.container.common.statemachine.commandhandler.ClosePipelineCommandHandler.handle(ClosePipelineCommandHandler.java:74)
	at org.apache.hadoop.ozone.container.common.statemachine.commandhandler.CommandDispatcher.handle(CommandDispatcher.java:99)
	at org.apache.hadoop.ozone.container.common.statemachine.DatanodeStateMachine.lambda$initCommandHandlerThread$2(DatanodeStateMachine.java:498)
	at java.lang.Thread.run(Thread.java:748)
Caused by: org.apache.ratis.protocol.exceptions.GroupMismatchException: 5a6704fc-15bd-4230-8cbe-d21da4b813be: Group group-C718E5E6B254 not found.
	at org.apache.ratis.server.impl.RaftServerProxy.groupRemoveAsync(RaftServerProxy.java:445)
	at org.apache.ratis.server.impl.RaftServerProxy.groupManagementAsync(RaftServerProxy.java:401)
	at org.apache.ratis.server.impl.RaftServerProxy.groupManagement(RaftServerProxy.java:381)
	at org.apache.hadoop.ozone.container.common.transport.server.ratis.XceiverServerRatis.removeGroup(XceiverServerRatis.java:772)
	... 4 more
2020-12-18 01:51:33,128 [Command processor thread] WARN  impl.RaftServerProxy (RaftServerProxy.java:remove(99)) - 5a6704fc-15bd-4230-8cbe-d21da4b813be: does not contain group: group-FBCAFE0C4231
2020-12-18 01:51:33,128 [Command processor thread] ERROR commandhandler.ClosePipelineCommandHandler (ClosePipelineCommandHandler.java:handle(78)) - Can't close pipeline PipelineID=70a2e279-6926-480c-b182-fbcafe0c4231
java.io.IOException: 5a6704fc-15bd-4230-8cbe-d21da4b813be: Group group-FBCAFE0C4231 not found.
	at org.apache.hadoop.ozone.container.common.transport.server.ratis.XceiverServerRatis.removeGroup(XceiverServerRatis.java:774)
	at org.apache.hadoop.ozone.container.common.statemachine.commandhandler.ClosePipelineCommandHandler.handle(ClosePipelineCommandHandler.java:74)
	at org.apache.hadoop.ozone.container.common.statemachine.commandhandler.CommandDispatcher.handle(CommandDispatcher.java:99)
	at org.apache.hadoop.ozone.container.common.statemachine.DatanodeStateMachine.lambda$initCommandHandlerThread$2(DatanodeStateMachine.java:498)
	at java.lang.Thread.run(Thread.java:748)
Caused by: org.apache.ratis.protocol.exceptions.GroupMismatchException: 5a6704fc-15bd-4230-8cbe-d21da4b813be: Group group-FBCAFE0C4231 not found.
	at org.apache.ratis.server.impl.RaftServerProxy.groupRemoveAsync(RaftServerProxy.java:445)
	at org.apache.ratis.server.impl.RaftServerProxy.groupManagementAsync(RaftServerProxy.java:401)
	at org.apache.ratis.server.impl.RaftServerProxy.groupManagement(RaftServerProxy.java:381)
	at org.apache.hadoop.ozone.container.common.transport.server.ratis.XceiverServerRatis.removeGroup(XceiverServerRatis.java:772)
	... 4 more
2020-12-18 01:51:33,128 [Command processor thread] WARN  impl.RaftServerProxy (RaftServerProxy.java:remove(99)) - 5a6704fc-15bd-4230-8cbe-d21da4b813be: does not contain group: group-C718E5E6B254
2020-12-18 01:51:33,128 [Command processor thread] ERROR commandhandler.ClosePipelineCommandHandler (ClosePipelineCommandHandler.java:handle(78)) - Can't close pipeline PipelineID=31dce71a-1f0f-4077-895d-c718e5e6b254
java.io.IOException: 5a6704fc-15bd-4230-8cbe-d21da4b813be: Group group-C718E5E6B254 not found.
	at org.apache.hadoop.ozone.container.common.transport.server.ratis.XceiverServerRatis.removeGroup(XceiverServerRatis.java:774)
	at org.apache.hadoop.ozone.container.common.statemachine.commandhandler.ClosePipelineCommandHandler.handle(ClosePipelineCommandHandler.java:74)
	at org.apache.hadoop.ozone.container.common.statemachine.commandhandler.CommandDispatcher.handle(CommandDispatcher.java:99)
	at org.apache.hadoop.ozone.container.common.statemachine.DatanodeStateMachine.lambda$initCommandHandlerThread$2(DatanodeStateMachine.java:498)
	at java.lang.Thread.run(Thread.java:748)
Caused by: org.apache.ratis.protocol.exceptions.GroupMismatchException: 5a6704fc-15bd-4230-8cbe-d21da4b813be: Group group-C718E5E6B254 not found.
	at org.apache.ratis.server.impl.RaftServerProxy.groupRemoveAsync(RaftServerProxy.java:445)
	at org.apache.ratis.server.impl.RaftServerProxy.groupManagementAsync(RaftServerProxy.java:401)
	at org.apache.ratis.server.impl.RaftServerProxy.groupManagement(RaftServerProxy.java:381)
	at org.apache.hadoop.ozone.container.common.transport.server.ratis.XceiverServerRatis.removeGroup(XceiverServerRatis.java:772)
	... 4 more
2020-12-18 01:51:33,129 [Command processor thread] ERROR commandhandler.ClosePipelineCommandHandler (ClosePipelineCommandHandler.java:handle(78)) - Can't close pipeline PipelineID=31dce71a-1f0f-4077-895d-c718e5e6b254
java.io.IOException: 2abc6dfe-890a-4d70-ad0b-3558951658f5: Group group-C718E5E6B254 not found.
	at org.apache.hadoop.ozone.container.common.transport.server.ratis.XceiverServerRatis.removeGroup(XceiverServerRatis.java:774)
	at org.apache.hadoop.ozone.container.common.statemachine.commandhandler.ClosePipelineCommandHandler.handle(ClosePipelineCommandHandler.java:74)
	at org.apache.hadoop.ozone.container.common.statemachine.commandhandler.CommandDispatcher.handle(CommandDispatcher.java:99)
	at org.apache.hadoop.ozone.container.common.statemachine.DatanodeStateMachine.lambda$initCommandHandlerThread$2(DatanodeStateMachine.java:498)
	at java.lang.Thread.run(Thread.java:748)
Caused by: org.apache.ratis.protocol.exceptions.GroupMismatchException: 2abc6dfe-890a-4d70-ad0b-3558951658f5: Group group-C718E5E6B254 not found.
	at org.apache.ratis.server.impl.RaftServerProxy.groupRemoveAsync(RaftServerProxy.java:445)
	at org.apache.ratis.server.impl.RaftServerProxy.groupManagementAsync(RaftServerProxy.java:401)
	at org.apache.ratis.server.impl.RaftServerProxy.groupManagement(RaftServerProxy.java:381)
	at org.apache.hadoop.ozone.container.common.transport.server.ratis.XceiverServerRatis.removeGroup(XceiverServerRatis.java:772)
	... 4 more
2020-12-18 01:51:33,129 [Command processor thread] WARN  impl.RaftServerProxy (RaftServerProxy.java:remove(99)) - 2abc6dfe-890a-4d70-ad0b-3558951658f5: does not contain group: group-F18240B2DB4E
2020-12-18 01:51:33,129 [Command processor thread] ERROR commandhandler.ClosePipelineCommandHandler (ClosePipelineCommandHandler.java:handle(78)) - Can't close pipeline PipelineID=d4e7e20d-0633-4858-ab6d-f18240b2db4e
java.io.IOException: 2abc6dfe-890a-4d70-ad0b-3558951658f5: Group group-F18240B2DB4E not found.
	at org.apache.hadoop.ozone.container.common.transport.server.ratis.XceiverServerRatis.removeGroup(XceiverServerRatis.java:774)
	at org.apache.hadoop.ozone.container.common.statemachine.commandhandler.ClosePipelineCommandHandler.handle(ClosePipelineCommandHandler.java:74)
	at org.apache.hadoop.ozone.container.common.statemachine.commandhandler.CommandDispatcher.handle(CommandDispatcher.java:99)
	at org.apache.hadoop.ozone.container.common.statemachine.DatanodeStateMachine.lambda$initCommandHandlerThread$2(DatanodeStateMachine.java:498)
	at java.lang.Thread.run(Thread.java:748)
Caused by: org.apache.ratis.protocol.exceptions.GroupMismatchException: 2abc6dfe-890a-4d70-ad0b-3558951658f5: Group group-F18240B2DB4E not found.
	at org.apache.ratis.server.impl.RaftServerProxy.groupRemoveAsync(RaftServerProxy.java:445)
	at org.apache.ratis.server.impl.RaftServerProxy.groupManagementAsync(RaftServerProxy.java:401)
	at org.apache.ratis.server.impl.RaftServerProxy.groupManagement(RaftServerProxy.java:381)
	at org.apache.hadoop.ozone.container.common.transport.server.ratis.XceiverServerRatis.removeGroup(XceiverServerRatis.java:772)
	... 4 more
2020-12-18 01:51:33,130 [Command processor thread] WARN  impl.RaftServerProxy (RaftServerProxy.java:remove(99)) - 2abc6dfe-890a-4d70-ad0b-3558951658f5: does not contain group: group-C718E5E6B254
2020-12-18 01:51:33,130 [Command processor thread] ERROR commandhandler.ClosePipelineCommandHandler (ClosePipelineCommandHandler.java:handle(78)) - Can't close pipeline PipelineID=31dce71a-1f0f-4077-895d-c718e5e6b254
java.io.IOException: 2abc6dfe-890a-4d70-ad0b-3558951658f5: Group group-C718E5E6B254 not found.
	at org.apache.hadoop.ozone.container.common.transport.server.ratis.XceiverServerRatis.removeGroup(XceiverServerRatis.java:774)
	at org.apache.hadoop.ozone.container.common.statemachine.commandhandler.ClosePipelineCommandHandler.handle(ClosePipelineCommandHandler.java:74)
	at org.apache.hadoop.ozone.container.common.statemachine.commandhandler.CommandDispatcher.handle(CommandDispatcher.java:99)
	at org.apache.hadoop.ozone.container.common.statemachine.DatanodeStateMachine.lambda$initCommandHandlerThread$2(DatanodeStateMachine.java:498)
	at java.lang.Thread.run(Thread.java:748)
Caused by: org.apache.ratis.protocol.exceptions.GroupMismatchException: 2abc6dfe-890a-4d70-ad0b-3558951658f5: Group group-C718E5E6B254 not found.
	at org.apache.ratis.server.impl.RaftServerProxy.groupRemoveAsync(RaftServerProxy.java:445)
	at org.apache.ratis.server.impl.RaftServerProxy.groupManagementAsync(RaftServerProxy.java:401)
	at org.apache.ratis.server.impl.RaftServerProxy.groupManagement(RaftServerProxy.java:381)
	at org.apache.hadoop.ozone.container.common.transport.server.ratis.XceiverServerRatis.removeGroup(XceiverServerRatis.java:772)
	... 4 more
2020-12-18 01:51:33,130 [Command processor thread] WARN  impl.RaftServerProxy (RaftServerProxy.java:remove(99)) - 2abc6dfe-890a-4d70-ad0b-3558951658f5: does not contain group: group-F18240B2DB4E
2020-12-18 01:51:33,130 [Command processor thread] ERROR commandhandler.ClosePipelineCommandHandler (ClosePipelineCommandHandler.java:handle(78)) - Can't close pipeline PipelineID=d4e7e20d-0633-4858-ab6d-f18240b2db4e
java.io.IOException: 2abc6dfe-890a-4d70-ad0b-3558951658f5: Group group-F18240B2DB4E not found.
	at org.apache.hadoop.ozone.container.common.transport.server.ratis.XceiverServerRatis.removeGroup(XceiverServerRatis.java:774)
	at org.apache.hadoop.ozone.container.common.statemachine.commandhandler.ClosePipelineCommandHandler.handle(ClosePipelineCommandHandler.java:74)
	at org.apache.hadoop.ozone.container.common.statemachine.commandhandler.CommandDispatcher.handle(CommandDispatcher.java:99)
	at org.apache.hadoop.ozone.container.common.statemachine.DatanodeStateMachine.lambda$initCommandHandlerThread$2(DatanodeStateMachine.java:498)
	at java.lang.Thread.run(Thread.java:748)
Caused by: org.apache.ratis.protocol.exceptions.GroupMismatchException: 2abc6dfe-890a-4d70-ad0b-3558951658f5: Group group-F18240B2DB4E not found.
	at org.apache.ratis.server.impl.RaftServerProxy.groupRemoveAsync(RaftServerProxy.java:445)
	at org.apache.ratis.server.impl.RaftServerProxy.groupManagementAsync(RaftServerProxy.java:401)
	at org.apache.ratis.server.impl.RaftServerProxy.groupManagement(RaftServerProxy.java:381)
	at org.apache.hadoop.ozone.container.common.transport.server.ratis.XceiverServerRatis.removeGroup(XceiverServerRatis.java:772)
	... 4 more
2020-12-18 01:51:33,130 [Command processor thread] WARN  impl.RaftServerProxy (RaftServerProxy.java:remove(99)) - 2abc6dfe-890a-4d70-ad0b-3558951658f5: does not contain group: group-C718E5E6B254
2020-12-18 01:51:33,130 [Command processor thread] ERROR commandhandler.ClosePipelineCommandHandler (ClosePipelineCommandHandler.java:handle(78)) - Can't close pipeline PipelineID=31dce71a-1f0f-4077-895d-c718e5e6b254
java.io.IOException: 2abc6dfe-890a-4d70-ad0b-3558951658f5: Group group-C718E5E6B254 not found.
	at org.apache.hadoop.ozone.container.common.transport.server.ratis.XceiverServerRatis.removeGroup(XceiverServerRatis.java:774)
	at org.apache.hadoop.ozone.container.common.statemachine.commandhandler.ClosePipelineCommandHandler.handle(ClosePipelineCommandHandler.java:74)
	at org.apache.hadoop.ozone.container.common.statemachine.commandhandler.CommandDispatcher.handle(CommandDispatcher.java:99)
	at org.apache.hadoop.ozone.container.common.statemachine.DatanodeStateMachine.lambda$initCommandHandlerThread$2(DatanodeStateMachine.java:498)
	at java.lang.Thread.run(Thread.java:748)
Caused by: org.apache.ratis.protocol.exceptions.GroupMismatchException: 2abc6dfe-890a-4d70-ad0b-3558951658f5: Group group-C718E5E6B254 not found.
	at org.apache.ratis.server.impl.RaftServerProxy.groupRemoveAsync(RaftServerProxy.java:445)
	at org.apache.ratis.server.impl.RaftServerProxy.groupManagementAsync(RaftServerProxy.java:401)
	at org.apache.ratis.server.impl.RaftServerProxy.groupManagement(RaftServerProxy.java:381)
	at org.apache.hadoop.ozone.container.common.transport.server.ratis.XceiverServerRatis.removeGroup(XceiverServerRatis.java:772)
	... 4 more
2020-12-18 01:51:33,132 [Command processor thread] INFO  impl.RaftServerImpl (ServerState.java:close(406)) - 0411c1e5-01dd-41ac-a234-123af2469892@group-2A352D3FAB4F: closes. applyIndex: 0
2020-12-18 01:51:33,134 [0411c1e5-01dd-41ac-a234-123af2469892@group-2A352D3FAB4F-SegmentedRaftLogWorker] INFO  segmented.SegmentedRaftLogWorker (SegmentedRaftLogWorker.java:run(329)) - 0411c1e5-01dd-41ac-a234-123af2469892@group-2A352D3FAB4F-SegmentedRaftLogWorker was interrupted, exiting. There are 0 tasks remaining in the queue.
2020-12-18 01:51:33,134 [Command processor thread] INFO  segmented.SegmentedRaftLogWorker (SegmentedRaftLogWorker.java:close(235)) - 0411c1e5-01dd-41ac-a234-123af2469892@group-2A352D3FAB4F-SegmentedRaftLogWorker close()
2020-12-18 01:51:33,134 [Command processor thread] INFO  metrics.RatisMetrics (RatisMetrics.java:unregister(43)) - Unregistering Metrics Registry : ratis.log_worker.0411c1e5-01dd-41ac-a234-123af2469892@group-2A352D3FAB4F
2020-12-18 01:51:33,134 [Command processor thread] INFO  metrics.RatisMetrics (RatisMetrics.java:unregister(43)) - Unregistering Metrics Registry : ratis.leader_election.0411c1e5-01dd-41ac-a234-123af2469892@group-2A352D3FAB4F
2020-12-18 01:51:33,134 [Command processor thread] INFO  metrics.RatisMetrics (RatisMetrics.java:unregister(43)) - Unregistering Metrics Registry : ratis.server.0411c1e5-01dd-41ac-a234-123af2469892@group-2A352D3FAB4F
2020-12-18 01:51:33,134 [Command processor thread] INFO  impl.RaftServerImpl (RaftServerImpl.java:groupRemove(299)) - 0411c1e5-01dd-41ac-a234-123af2469892@group-2A352D3FAB4F: Succeed to remove RaftStorageDirectory Storage Directory /github/workspace/mnt/ozone/hadoop-ozone/integration-test/target/test-dir/MiniOzoneClusterImpl-4564f03c-bda0-461a-b884-74ed0c78bad0/datanode-1/data/ratis/725c8b97-cdf9-47d8-a168-2a352d3fab4f
2020-12-18 01:51:33,135 [Command processor thread] INFO  commandhandler.ClosePipelineCommandHandler (ClosePipelineCommandHandler.java:handle(75)) - Close Pipeline PipelineID=725c8b97-cdf9-47d8-a168-2a352d3fab4f command on datanode 0411c1e5-01dd-41ac-a234-123af2469892.
2020-12-18 01:51:33,135 [Command processor thread] WARN  impl.RaftServerProxy (RaftServerProxy.java:remove(99)) - 0411c1e5-01dd-41ac-a234-123af2469892: does not contain group: group-2A352D3FAB4F
2020-12-18 01:51:33,135 [Command processor thread] ERROR commandhandler.ClosePipelineCommandHandler (ClosePipelineCommandHandler.java:handle(78)) - Can't close pipeline PipelineID=725c8b97-cdf9-47d8-a168-2a352d3fab4f
java.io.IOException: 0411c1e5-01dd-41ac-a234-123af2469892: Group group-2A352D3FAB4F not found.
	at org.apache.hadoop.ozone.container.common.transport.server.ratis.XceiverServerRatis.removeGroup(XceiverServerRatis.java:774)
	at org.apache.hadoop.ozone.container.common.statemachine.commandhandler.ClosePipelineCommandHandler.handle(ClosePipelineCommandHandler.java:74)
	at org.apache.hadoop.ozone.container.common.statemachine.commandhandler.CommandDispatcher.handle(CommandDispatcher.java:99)
	at org.apache.hadoop.ozone.container.common.statemachine.DatanodeStateMachine.lambda$initCommandHandlerThread$2(DatanodeStateMachine.java:498)
	at java.lang.Thread.run(Thread.java:748)
Caused by: org.apache.ratis.protocol.exceptions.GroupMismatchException: 0411c1e5-01dd-41ac-a234-123af2469892: Group group-2A352D3FAB4F not found.
	at org.apache.ratis.server.impl.RaftServerProxy.groupRemoveAsync(RaftServerProxy.java:445)
	at org.apache.ratis.server.impl.RaftServerProxy.groupManagementAsync(RaftServerProxy.java:401)
	at org.apache.ratis.server.impl.RaftServerProxy.groupManagement(RaftServerProxy.java:381)
	at org.apache.hadoop.ozone.container.common.transport.server.ratis.XceiverServerRatis.removeGroup(XceiverServerRatis.java:772)
	... 4 more
2020-12-18 01:51:33,135 [Command processor thread] WARN  impl.RaftServerProxy (RaftServerProxy.java:remove(99)) - 0411c1e5-01dd-41ac-a234-123af2469892: does not contain group: group-C718E5E6B254
2020-12-18 01:51:33,135 [Command processor thread] ERROR commandhandler.ClosePipelineCommandHandler (ClosePipelineCommandHandler.java:handle(78)) - Can't close pipeline PipelineID=31dce71a-1f0f-4077-895d-c718e5e6b254
java.io.IOException: 0411c1e5-01dd-41ac-a234-123af2469892: Group group-C718E5E6B254 not found.
	at org.apache.hadoop.ozone.container.common.transport.server.ratis.XceiverServerRatis.removeGroup(XceiverServerRatis.java:774)
	at org.apache.hadoop.ozone.container.common.statemachine.commandhandler.ClosePipelineCommandHandler.handle(ClosePipelineCommandHandler.java:74)
	at org.apache.hadoop.ozone.container.common.statemachine.commandhandler.CommandDispatcher.handle(CommandDispatcher.java:99)
	at org.apache.hadoop.ozone.container.common.statemachine.DatanodeStateMachine.lambda$initCommandHandlerThread$2(DatanodeStateMachine.java:498)
	at java.lang.Thread.run(Thread.java:748)
Caused by: org.apache.ratis.protocol.exceptions.GroupMismatchException: 0411c1e5-01dd-41ac-a234-123af2469892: Group group-C718E5E6B254 not found.
	at org.apache.ratis.server.impl.RaftServerProxy.groupRemoveAsync(RaftServerProxy.java:445)
	at org.apache.ratis.server.impl.RaftServerProxy.groupManagementAsync(RaftServerProxy.java:401)
	at org.apache.ratis.server.impl.RaftServerProxy.groupManagement(RaftServerProxy.java:381)
	at org.apache.hadoop.ozone.container.common.transport.server.ratis.XceiverServerRatis.removeGroup(XceiverServerRatis.java:772)
	... 4 more
2020-12-18 01:51:33,136 [Command processor thread] WARN  impl.RaftServerProxy (RaftServerProxy.java:remove(99)) - 0411c1e5-01dd-41ac-a234-123af2469892: does not contain group: group-2A352D3FAB4F
2020-12-18 01:51:33,136 [Command processor thread] ERROR commandhandler.ClosePipelineCommandHandler (ClosePipelineCommandHandler.java:handle(78)) - Can't close pipeline PipelineID=725c8b97-cdf9-47d8-a168-2a352d3fab4f
java.io.IOException: 0411c1e5-01dd-41ac-a234-123af2469892: Group group-2A352D3FAB4F not found.
	at org.apache.hadoop.ozone.container.common.transport.server.ratis.XceiverServerRatis.removeGroup(XceiverServerRatis.java:774)
	at org.apache.hadoop.ozone.container.common.statemachine.commandhandler.ClosePipelineCommandHandler.handle(ClosePipelineCommandHandler.java:74)
	at org.apache.hadoop.ozone.container.common.statemachine.commandhandler.CommandDispatcher.handle(CommandDispatcher.java:99)
	at org.apache.hadoop.ozone.container.common.statemachine.DatanodeStateMachine.lambda$initCommandHandlerThread$2(DatanodeStateMachine.java:498)
	at java.lang.Thread.run(Thread.java:748)
Caused by: org.apache.ratis.protocol.exceptions.GroupMismatchException: 0411c1e5-01dd-41ac-a234-123af2469892: Group group-2A352D3FAB4F not found.
	at org.apache.ratis.server.impl.RaftServerProxy.groupRemoveAsync(RaftServerProxy.java:445)
	at org.apache.ratis.server.impl.RaftServerProxy.groupManagementAsync(RaftServerProxy.java:401)
	at org.apache.ratis.server.impl.RaftServerProxy.groupManagement(RaftServerProxy.java:381)
	at org.apache.hadoop.ozone.container.common.transport.server.ratis.XceiverServerRatis.removeGroup(XceiverServerRatis.java:772)
	... 4 more
2020-12-18 01:51:33,137 [Command processor thread] WARN  impl.RaftServerProxy (RaftServerProxy.java:remove(99)) - 0411c1e5-01dd-41ac-a234-123af2469892: does not contain group: group-C718E5E6B254
2020-12-18 01:51:33,137 [Command processor thread] ERROR commandhandler.ClosePipelineCommandHandler (ClosePipelineCommandHandler.java:handle(78)) - Can't close pipeline PipelineID=31dce71a-1f0f-4077-895d-c718e5e6b254
java.io.IOException: 0411c1e5-01dd-41ac-a234-123af2469892: Group group-C718E5E6B254 not found.
	at org.apache.hadoop.ozone.container.common.transport.server.ratis.XceiverServerRatis.removeGroup(XceiverServerRatis.java:774)
	at org.apache.hadoop.ozone.container.common.statemachine.commandhandler.ClosePipelineCommandHandler.handle(ClosePipelineCommandHandler.java:74)
	at org.apache.hadoop.ozone.container.common.statemachine.commandhandler.CommandDispatcher.handle(CommandDispatcher.java:99)
	at org.apache.hadoop.ozone.container.common.statemachine.DatanodeStateMachine.lambda$initCommandHandlerThread$2(DatanodeStateMachine.java:498)
	at java.lang.Thread.run(Thread.java:748)
Caused by: org.apache.ratis.protocol.exceptions.GroupMismatchException: 0411c1e5-01dd-41ac-a234-123af2469892: Group group-C718E5E6B254 not found.
	at org.apache.ratis.server.impl.RaftServerProxy.groupRemoveAsync(RaftServerProxy.java:445)
	at org.apache.ratis.server.impl.RaftServerProxy.groupManagementAsync(RaftServerProxy.java:401)
	at org.apache.ratis.server.impl.RaftServerProxy.groupManagement(RaftServerProxy.java:381)
	at org.apache.hadoop.ozone.container.common.transport.server.ratis.XceiverServerRatis.removeGroup(XceiverServerRatis.java:772)
	... 4 more
2020-12-18 01:51:33,137 [Command processor thread] WARN  impl.RaftServerProxy (RaftServerProxy.java:remove(99)) - 0411c1e5-01dd-41ac-a234-123af2469892: does not contain group: group-2A352D3FAB4F
2020-12-18 01:51:33,137 [Command processor thread] ERROR commandhandler.ClosePipelineCommandHandler (ClosePipelineCommandHandler.java:handle(78)) - Can't close pipeline PipelineID=725c8b97-cdf9-47d8-a168-2a352d3fab4f
java.io.IOException: 0411c1e5-01dd-41ac-a234-123af2469892: Group group-2A352D3FAB4F not found.
	at org.apache.hadoop.ozone.container.common.transport.server.ratis.XceiverServerRatis.removeGroup(XceiverServerRatis.java:774)
	at org.apache.hadoop.ozone.container.common.statemachine.commandhandler.ClosePipelineCommandHandler.handle(ClosePipelineCommandHandler.java:74)
	at org.apache.hadoop.ozone.container.common.statemachine.commandhandler.CommandDispatcher.handle(CommandDispatcher.java:99)
	at org.apache.hadoop.ozone.container.common.statemachine.DatanodeStateMachine.lambda$initCommandHandlerThread$2(DatanodeStateMachine.java:498)
	at java.lang.Thread.run(Thread.java:748)
Caused by: org.apache.ratis.protocol.exceptions.GroupMismatchException: 0411c1e5-01dd-41ac-a234-123af2469892: Group group-2A352D3FAB4F not found.
	at org.apache.ratis.server.impl.RaftServerProxy.groupRemoveAsync(RaftServerProxy.java:445)
	at org.apache.ratis.server.impl.RaftServerProxy.groupManagementAsync(RaftServerProxy.java:401)
	at org.apache.ratis.server.impl.RaftServerProxy.groupManagement(RaftServerProxy.java:381)
	at org.apache.hadoop.ozone.container.common.transport.server.ratis.XceiverServerRatis.removeGroup(XceiverServerRatis.java:772)
	... 4 more
2020-12-18 01:51:33,137 [Command processor thread] WARN  impl.RaftServerProxy (RaftServerProxy.java:remove(99)) - 0411c1e5-01dd-41ac-a234-123af2469892: does not contain group: group-C718E5E6B254
2020-12-18 01:51:33,137 [Command processor thread] ERROR commandhandler.ClosePipelineCommandHandler (ClosePipelineCommandHandler.java:handle(78)) - Can't close pipeline PipelineID=31dce71a-1f0f-4077-895d-c718e5e6b254
java.io.IOException: 0411c1e5-01dd-41ac-a234-123af2469892: Group group-C718E5E6B254 not found.
	at org.apache.hadoop.ozone.container.common.transport.server.ratis.XceiverServerRatis.removeGroup(XceiverServerRatis.java:774)
	at org.apache.hadoop.ozone.container.common.statemachine.commandhandler.ClosePipelineCommandHandler.handle(ClosePipelineCommandHandler.java:74)
	at org.apache.hadoop.ozone.container.common.statemachine.commandhandler.CommandDispatcher.handle(CommandDispatcher.java:99)
	at org.apache.hadoop.ozone.container.common.statemachine.DatanodeStateMachine.lambda$initCommandHandlerThread$2(DatanodeStateMachine.java:498)
	at java.lang.Thread.run(Thread.java:748)
Caused by: org.apache.ratis.protocol.exceptions.GroupMismatchException: 0411c1e5-01dd-41ac-a234-123af2469892: Group group-C718E5E6B254 not found.
	at org.apache.ratis.server.impl.RaftServerProxy.groupRemoveAsync(RaftServerProxy.java:445)
	at org.apache.ratis.server.impl.RaftServerProxy.groupManagementAsync(RaftServerProxy.java:401)
	at org.apache.ratis.server.impl.RaftServerProxy.groupManagement(RaftServerProxy.java:381)
	at org.apache.hadoop.ozone.container.common.transport.server.ratis.XceiverServerRatis.removeGroup(XceiverServerRatis.java:772)
	... 4 more
2020-12-18 01:51:33,137 [Command processor thread] WARN  impl.RaftServerProxy (RaftServerProxy.java:remove(99)) - 0411c1e5-01dd-41ac-a234-123af2469892: does not contain group: group-2A352D3FAB4F
2020-12-18 01:51:33,137 [Command processor thread] ERROR commandhandler.ClosePipelineCommandHandler (ClosePipelineCommandHandler.java:handle(78)) - Can't close pipeline PipelineID=725c8b97-cdf9-47d8-a168-2a352d3fab4f
java.io.IOException: 0411c1e5-01dd-41ac-a234-123af2469892: Group group-2A352D3FAB4F not found.
	at org.apache.hadoop.ozone.container.common.transport.server.ratis.XceiverServerRatis.removeGroup(XceiverServerRatis.java:774)
	at org.apache.hadoop.ozone.container.common.statemachine.commandhandler.ClosePipelineCommandHandler.handle(ClosePipelineCommandHandler.java:74)
	at org.apache.hadoop.ozone.container.common.statemachine.commandhandler.CommandDispatcher.handle(CommandDispatcher.java:99)
	at org.apache.hadoop.ozone.container.common.statemachine.DatanodeStateMachine.lambda$initCommandHandlerThread$2(DatanodeStateMachine.java:498)
	at java.lang.Thread.run(Thread.java:748)
Caused by: org.apache.ratis.protocol.exceptions.GroupMismatchException: 0411c1e5-01dd-41ac-a234-123af2469892: Group group-2A352D3FAB4F not found.
	at org.apache.ratis.server.impl.RaftServerProxy.groupRemoveAsync(RaftServerProxy.java:445)
	at org.apache.ratis.server.impl.RaftServerProxy.groupManagementAsync(RaftServerProxy.java:401)
	at org.apache.ratis.server.impl.RaftServerProxy.groupManagement(RaftServerProxy.java:381)
	at org.apache.hadoop.ozone.container.common.transport.server.ratis.XceiverServerRatis.removeGroup(XceiverServerRatis.java:772)
	... 4 more
2020-12-18 01:51:33,138 [Command processor thread] WARN  impl.RaftServerProxy (RaftServerProxy.java:remove(99)) - 0411c1e5-01dd-41ac-a234-123af2469892: does not contain group: group-C718E5E6B254
2020-12-18 01:51:33,138 [Command processor thread] ERROR commandhandler.ClosePipelineCommandHandler (ClosePipelineCommandHandler.java:handle(78)) - Can't close pipeline PipelineID=31dce71a-1f0f-4077-895d-c718e5e6b254
java.io.IOException: 0411c1e5-01dd-41ac-a234-123af2469892: Group group-C718E5E6B254 not found.
	at org.apache.hadoop.ozone.container.common.transport.server.ratis.XceiverServerRatis.removeGroup(XceiverServerRatis.java:774)
	at org.apache.hadoop.ozone.container.common.statemachine.commandhandler.ClosePipelineCommandHandler.handle(ClosePipelineCommandHandler.java:74)
	at org.apache.hadoop.ozone.container.common.statemachine.commandhandler.CommandDispatcher.handle(CommandDispatcher.java:99)
	at org.apache.hadoop.ozone.container.common.statemachine.DatanodeStateMachine.lambda$initCommandHandlerThread$2(DatanodeStateMachine.java:498)
	at java.lang.Thread.run(Thread.java:748)
Caused by: org.apache.ratis.protocol.exceptions.GroupMismatchException: 0411c1e5-01dd-41ac-a234-123af2469892: Group group-C718E5E6B254 not found.
	at org.apache.ratis.server.impl.RaftServerProxy.groupRemoveAsync(RaftServerProxy.java:445)
	at org.apache.ratis.server.impl.RaftServerProxy.groupManagementAsync(RaftServerProxy.java:401)
	at org.apache.ratis.server.impl.RaftServerProxy.groupManagement(RaftServerProxy.java:381)
	at org.apache.hadoop.ozone.container.common.transport.server.ratis.XceiverServerRatis.removeGroup(XceiverServerRatis.java:772)
	... 4 more
2020-12-18 01:51:33,138 [Command processor thread] WARN  impl.RaftServerProxy (RaftServerProxy.java:remove(99)) - 0411c1e5-01dd-41ac-a234-123af2469892: does not contain group: group-2A352D3FAB4F
2020-12-18 01:51:33,138 [Command processor thread] ERROR commandhandler.ClosePipelineCommandHandler (ClosePipelineCommandHandler.java:handle(78)) - Can't close pipeline PipelineID=725c8b97-cdf9-47d8-a168-2a352d3fab4f
java.io.IOException: 0411c1e5-01dd-41ac-a234-123af2469892: Group group-2A352D3FAB4F not found.
	at org.apache.hadoop.ozone.container.common.transport.server.ratis.XceiverServerRatis.removeGroup(XceiverServerRatis.java:774)
	at org.apache.hadoop.ozone.container.common.statemachine.commandhandler.ClosePipelineCommandHandler.handle(ClosePipelineCommandHandler.java:74)
	at org.apache.hadoop.ozone.container.common.statemachine.commandhandler.CommandDispatcher.handle(CommandDispatcher.java:99)
	at org.apache.hadoop.ozone.container.common.statemachine.DatanodeStateMachine.lambda$initCommandHandlerThread$2(DatanodeStateMachine.java:498)
	at java.lang.Thread.run(Thread.java:748)
Caused by: org.apache.ratis.protocol.exceptions.GroupMismatchException: 0411c1e5-01dd-41ac-a234-123af2469892: Group group-2A352D3FAB4F not found.
	at org.apache.ratis.server.impl.RaftServerProxy.groupRemoveAsync(RaftServerProxy.java:445)
	at org.apache.ratis.server.impl.RaftServerProxy.groupManagementAsync(RaftServerProxy.java:401)
	at org.apache.ratis.server.impl.RaftServerProxy.groupManagement(RaftServerProxy.java:381)
	at org.apache.hadoop.ozone.container.common.transport.server.ratis.XceiverServerRatis.removeGroup(XceiverServerRatis.java:772)
	... 4 more
2020-12-18 01:51:33,138 [Command processor thread] WARN  impl.RaftServerProxy (RaftServerProxy.java:remove(99)) - 0411c1e5-01dd-41ac-a234-123af2469892: does not contain group: group-C718E5E6B254
2020-12-18 01:51:33,139 [Command processor thread] ERROR commandhandler.ClosePipelineCommandHandler (ClosePipelineCommandHandler.java:handle(78)) - Can't close pipeline PipelineID=31dce71a-1f0f-4077-895d-c718e5e6b254
java.io.IOException: 0411c1e5-01dd-41ac-a234-123af2469892: Group group-C718E5E6B254 not found.
	at org.apache.hadoop.ozone.container.common.transport.server.ratis.XceiverServerRatis.removeGroup(XceiverServerRatis.java:774)
	at org.apache.hadoop.ozone.container.common.statemachine.commandhandler.ClosePipelineCommandHandler.handle(ClosePipelineCommandHandler.java:74)
	at org.apache.hadoop.ozone.container.common.statemachine.commandhandler.CommandDispatcher.handle(CommandDispatcher.java:99)
	at org.apache.hadoop.ozone.container.common.statemachine.DatanodeStateMachine.lambda$initCommandHandlerThread$2(DatanodeStateMachine.java:498)
	at java.lang.Thread.run(Thread.java:748)
Caused by: org.apache.ratis.protocol.exceptions.GroupMismatchException: 0411c1e5-01dd-41ac-a234-123af2469892: Group group-C718E5E6B254 not found.
	at org.apache.ratis.server.impl.RaftServerProxy.groupRemoveAsync(RaftServerProxy.java:445)
	at org.apache.ratis.server.impl.RaftServerProxy.groupManagementAsync(RaftServerProxy.java:401)
	at org.apache.ratis.server.impl.RaftServerProxy.groupManagement(RaftServerProxy.java:381)
	at org.apache.hadoop.ozone.container.common.transport.server.ratis.XceiverServerRatis.removeGroup(XceiverServerRatis.java:772)
	... 4 more
2020-12-18 01:51:33,164 [ReplicationMonitor] WARN  container.ReplicationManager (ReplicationManager.java:handleUnderReplicatedContainer(751)) - Cannot replicate container #1, no healthy replica found.
2020-12-18 01:51:33,164 [ReplicationMonitor] INFO  container.ReplicationManager (ReplicationManager.java:forceCloseContainer(633)) - Force closing container #2 with BCSID 37, which is in QUASI_CLOSED state.
2020-12-18 01:51:33,164 [ReplicationMonitor] INFO  container.ReplicationManager (ReplicationManager.java:sendCloseCommand(948)) - Sending close container command for container #2 to datanode 0411c1e5-01dd-41ac-a234-123af2469892{ip: 172.17.0.2, host: 1fad9502c7b4, networkLocation: /default-rack, certSerialId: null, persistedOpState: ENTERING_MAINTENANCE, persistedOpStateExpiryEpochSec: 0}.
2020-12-18 01:51:33,164 [ReplicationMonitor] INFO  container.ReplicationManager (ReplicationManager.java:sendCloseCommand(948)) - Sending close container command for container #2 to datanode 2abc6dfe-890a-4d70-ad0b-3558951658f5{ip: 172.17.0.2, host: 1fad9502c7b4, networkLocation: /default-rack, certSerialId: null, persistedOpState: ENTERING_MAINTENANCE, persistedOpStateExpiryEpochSec: 0}.
2020-12-18 01:51:33,164 [ReplicationMonitor] INFO  container.ReplicationManager (ReplicationManager.java:run(250)) - Replication Monitor Thread took 0 milliseconds for processing 4 containers.
2020-12-18 01:51:33,540 [DatanodeAdminManager-0] INFO  node.DatanodeAdminMonitorImpl (DatanodeAdminMonitorImpl.java:checkContainersReplicatedOnNode(297)) - 5a6704fc-15bd-4230-8cbe-d21da4b813be{ip: 172.17.0.2, host: 1fad9502c7b4, networkLocation: /default-rack, certSerialId: null, persistedOpState: ENTERING_MAINTENANCE, persistedOpStateExpiryEpochSec: 0} has 0 sufficientlyReplicated, 2 underReplicated and 0 unhealthy containers
2020-12-18 01:51:33,540 [DatanodeAdminManager-0] INFO  node.DatanodeAdminMonitorImpl (DatanodeAdminMonitorImpl.java:checkContainersReplicatedOnNode(297)) - 2abc6dfe-890a-4d70-ad0b-3558951658f5{ip: 172.17.0.2, host: 1fad9502c7b4, networkLocation: /default-rack, certSerialId: null, persistedOpState: ENTERING_MAINTENANCE, persistedOpStateExpiryEpochSec: 0} has 0 sufficientlyReplicated, 2 underReplicated and 0 unhealthy containers
2020-12-18 01:51:33,540 [DatanodeAdminManager-0] INFO  node.DatanodeAdminMonitorImpl (DatanodeAdminMonitorImpl.java:checkContainersReplicatedOnNode(297)) - 0411c1e5-01dd-41ac-a234-123af2469892{ip: 172.17.0.2, host: 1fad9502c7b4, networkLocation: /default-rack, certSerialId: null, persistedOpState: ENTERING_MAINTENANCE, persistedOpStateExpiryEpochSec: 0} has 0 sufficientlyReplicated, 2 underReplicated and 0 unhealthy containers
2020-12-18 01:51:33,540 [DatanodeAdminManager-0] INFO  node.DatanodeAdminMonitorImpl (DatanodeAdminMonitorImpl.java:run(136)) - There are 3 nodes tracked for decommission and maintenance. 0 pending nodes.
2020-12-18 01:51:34,165 [ReplicationMonitor] WARN  container.ReplicationManager (ReplicationManager.java:handleUnderReplicatedContainer(751)) - Cannot replicate container #1, no healthy replica found.
2020-12-18 01:51:34,165 [ReplicationMonitor] WARN  container.ReplicationManager (ReplicationManager.java:handleUnderReplicatedContainer(751)) - Cannot replicate container #2, no healthy replica found.
2020-12-18 01:51:34,165 [ReplicationMonitor] INFO  container.ReplicationManager (ReplicationManager.java:run(250)) - Replication Monitor Thread took 0 milliseconds for processing 4 containers.
2020-12-18 01:51:34,538 [DatanodeAdminManager-0] INFO  node.DatanodeAdminMonitorImpl (DatanodeAdminMonitorImpl.java:checkContainersReplicatedOnNode(297)) - 5a6704fc-15bd-4230-8cbe-d21da4b813be{ip: 172.17.0.2, host: 1fad9502c7b4, networkLocation: /default-rack, certSerialId: null, persistedOpState: ENTERING_MAINTENANCE, persistedOpStateExpiryEpochSec: 0} has 0 sufficientlyReplicated, 2 underReplicated and 0 unhealthy containers
2020-12-18 01:51:34,538 [DatanodeAdminManager-0] INFO  node.DatanodeAdminMonitorImpl (DatanodeAdminMonitorImpl.java:checkContainersReplicatedOnNode(297)) - 2abc6dfe-890a-4d70-ad0b-3558951658f5{ip: 172.17.0.2, host: 1fad9502c7b4, networkLocation: /default-rack, certSerialId: null, persistedOpState: ENTERING_MAINTENANCE, persistedOpStateExpiryEpochSec: 0} has 0 sufficientlyReplicated, 2 underReplicated and 0 unhealthy containers
2020-12-18 01:51:34,538 [DatanodeAdminManager-0] INFO  node.DatanodeAdminMonitorImpl (DatanodeAdminMonitorImpl.java:checkContainersReplicatedOnNode(297)) - 0411c1e5-01dd-41ac-a234-123af2469892{ip: 172.17.0.2, host: 1fad9502c7b4, networkLocation: /default-rack, certSerialId: null, persistedOpState: ENTERING_MAINTENANCE, persistedOpStateExpiryEpochSec: 0} has 0 sufficientlyReplicated, 2 underReplicated and 0 unhealthy containers
2020-12-18 01:51:34,538 [DatanodeAdminManager-0] INFO  node.DatanodeAdminMonitorImpl (DatanodeAdminMonitorImpl.java:run(136)) - There are 3 nodes tracked for decommission and maintenance. 0 pending nodes.
2020-12-18 01:51:35,101 [Command processor thread] WARN  impl.RaftServerProxy (RaftServerProxy.java:remove(99)) - 5a6704fc-15bd-4230-8cbe-d21da4b813be: does not contain group: group-FBCAFE0C4231
2020-12-18 01:51:35,101 [Command processor thread] ERROR commandhandler.ClosePipelineCommandHandler (ClosePipelineCommandHandler.java:handle(78)) - Can't close pipeline PipelineID=70a2e279-6926-480c-b182-fbcafe0c4231
java.io.IOException: 5a6704fc-15bd-4230-8cbe-d21da4b813be: Group group-FBCAFE0C4231 not found.
	at org.apache.hadoop.ozone.container.common.transport.server.ratis.XceiverServerRatis.removeGroup(XceiverServerRatis.java:774)
	at org.apache.hadoop.ozone.container.common.statemachine.commandhandler.ClosePipelineCommandHandler.handle(ClosePipelineCommandHandler.java:74)
	at org.apache.hadoop.ozone.container.common.statemachine.commandhandler.CommandDispatcher.handle(CommandDispatcher.java:99)
	at org.apache.hadoop.ozone.container.common.statemachine.DatanodeStateMachine.lambda$initCommandHandlerThread$2(DatanodeStateMachine.java:498)
	at java.lang.Thread.run(Thread.java:748)
Caused by: org.apache.ratis.protocol.exceptions.GroupMismatchException: 5a6704fc-15bd-4230-8cbe-d21da4b813be: Group group-FBCAFE0C4231 not found.
	at org.apache.ratis.server.impl.RaftServerProxy.groupRemoveAsync(RaftServerProxy.java:445)
	at org.apache.ratis.server.impl.RaftServerProxy.groupManagementAsync(RaftServerProxy.java:401)
	at org.apache.ratis.server.impl.RaftServerProxy.groupManagement(RaftServerProxy.java:381)
	at org.apache.hadoop.ozone.container.common.transport.server.ratis.XceiverServerRatis.removeGroup(XceiverServerRatis.java:772)
	... 4 more
2020-12-18 01:51:35,101 [Command processor thread] WARN  impl.RaftServerProxy (RaftServerProxy.java:remove(99)) - 5a6704fc-15bd-4230-8cbe-d21da4b813be: does not contain group: group-C718E5E6B254
2020-12-18 01:51:35,101 [Command processor thread] ERROR commandhandler.ClosePipelineCommandHandler (ClosePipelineCommandHandler.java:handle(78)) - Can't close pipeline PipelineID=31dce71a-1f0f-4077-895d-c718e5e6b254
java.io.IOException: 5a6704fc-15bd-4230-8cbe-d21da4b813be: Group group-C718E5E6B254 not found.
	at org.apache.hadoop.ozone.container.common.transport.server.ratis.XceiverServerRatis.removeGroup(XceiverServerRatis.java:774)
	at org.apache.hadoop.ozone.container.common.statemachine.commandhandler.ClosePipelineCommandHandler.handle(ClosePipelineCommandHandler.java:74)
	at org.apache.hadoop.ozone.container.common.statemachine.commandhandler.CommandDispatcher.handle(CommandDispatcher.java:99)
	at org.apache.hadoop.ozone.container.common.statemachine.DatanodeStateMachine.lambda$initCommandHandlerThread$2(DatanodeStateMachine.java:498)
	at java.lang.Thread.run(Thread.java:748)
Caused by: org.apache.ratis.protocol.exceptions.GroupMismatchException: 5a6704fc-15bd-4230-8cbe-d21da4b813be: Group group-C718E5E6B254 not found.
	at org.apache.ratis.server.impl.RaftServerProxy.groupRemoveAsync(RaftServerProxy.java:445)
	at org.apache.ratis.server.impl.RaftServerProxy.groupManagementAsync(RaftServerProxy.java:401)
	at org.apache.ratis.server.impl.RaftServerProxy.groupManagement(RaftServerProxy.java:381)
	at org.apache.hadoop.ozone.container.common.transport.server.ratis.XceiverServerRatis.removeGroup(XceiverServerRatis.java:772)
	... 4 more
2020-12-18 01:51:35,105 [Command processor thread] WARN  impl.RaftServerProxy (RaftServerProxy.java:remove(99)) - 0411c1e5-01dd-41ac-a234-123af2469892: does not contain group: group-2A352D3FAB4F
2020-12-18 01:51:35,105 [Command processor thread] ERROR commandhandler.ClosePipelineCommandHandler (ClosePipelineCommandHandler.java:handle(78)) - Can't close pipeline PipelineID=725c8b97-cdf9-47d8-a168-2a352d3fab4f
java.io.IOException: 0411c1e5-01dd-41ac-a234-123af2469892: Group group-2A352D3FAB4F not found.
	at org.apache.hadoop.ozone.container.common.transport.server.ratis.XceiverServerRatis.removeGroup(XceiverServerRatis.java:774)
	at org.apache.hadoop.ozone.container.common.statemachine.commandhandler.ClosePipelineCommandHandler.handle(ClosePipelineCommandHandler.java:74)
	at org.apache.hadoop.ozone.container.common.statemachine.commandhandler.CommandDispatcher.handle(CommandDispatcher.java:99)
	at org.apache.hadoop.ozone.container.common.statemachine.DatanodeStateMachine.lambda$initCommandHandlerThread$2(DatanodeStateMachine.java:498)
	at java.lang.Thread.run(Thread.java:748)
Caused by: org.apache.ratis.protocol.exceptions.GroupMismatchException: 0411c1e5-01dd-41ac-a234-123af2469892: Group group-2A352D3FAB4F not found.
	at org.apache.ratis.server.impl.RaftServerProxy.groupRemoveAsync(RaftServerProxy.java:445)
	at org.apache.ratis.server.impl.RaftServerProxy.groupManagementAsync(RaftServerProxy.java:401)
	at org.apache.ratis.server.impl.RaftServerProxy.groupManagement(RaftServerProxy.java:381)
	at org.apache.hadoop.ozone.container.common.transport.server.ratis.XceiverServerRatis.removeGroup(XceiverServerRatis.java:772)
	... 4 more
2020-12-18 01:51:35,105 [Command processor thread] WARN  impl.RaftServerProxy (RaftServerProxy.java:remove(99)) - 0411c1e5-01dd-41ac-a234-123af2469892: does not contain group: group-C718E5E6B254
2020-12-18 01:51:35,105 [Command processor thread] ERROR commandhandler.ClosePipelineCommandHandler (ClosePipelineCommandHandler.java:handle(78)) - Can't close pipeline PipelineID=31dce71a-1f0f-4077-895d-c718e5e6b254
java.io.IOException: 0411c1e5-01dd-41ac-a234-123af2469892: Group group-C718E5E6B254 not found.
	at org.apache.hadoop.ozone.container.common.transport.server.ratis.XceiverServerRatis.removeGroup(XceiverServerRatis.java:774)
	at org.apache.hadoop.ozone.container.common.statemachine.commandhandler.ClosePipelineCommandHandler.handle(ClosePipelineCommandHandler.java:74)
	at org.apache.hadoop.ozone.container.common.statemachine.commandhandler.CommandDispatcher.handle(CommandDispatcher.java:99)
	at org.apache.hadoop.ozone.container.common.statemachine.DatanodeStateMachine.lambda$initCommandHandlerThread$2(DatanodeStateMachine.java:498)
	at java.lang.Thread.run(Thread.java:748)
Caused by: org.apache.ratis.protocol.exceptions.GroupMismatchException: 0411c1e5-01dd-41ac-a234-123af2469892: Group group-C718E5E6B254 not found.
	at org.apache.ratis.server.impl.RaftServerProxy.groupRemoveAsync(RaftServerProxy.java:445)
	at org.apache.ratis.server.impl.RaftServerProxy.groupManagementAsync(RaftServerProxy.java:401)
	at org.apache.ratis.server.impl.RaftServerProxy.groupManagement(RaftServerProxy.java:381)
	at org.apache.hadoop.ozone.container.common.transport.server.ratis.XceiverServerRatis.removeGroup(XceiverServerRatis.java:772)
	... 4 more
2020-12-18 01:51:35,106 [Command processor thread] INFO  keyvalue.KeyValueContainer (KeyValueContainer.java:flushAndSyncDB(388)) - Container 2 is synced with bcsId 37.
2020-12-18 01:51:35,106 [Command processor thread] INFO  keyvalue.KeyValueContainer (KeyValueContainer.java:flushAndSyncDB(388)) - Container 2 is synced with bcsId 37.
2020-12-18 01:51:35,108 [Command processor thread] INFO  keyvalue.KeyValueContainer (KeyValueContainer.java:close(326)) - Container 2 is closed with bcsId 37.
2020-12-18 01:51:35,109 [EventQueue-IncrementalContainerReportForIncrementalContainerReportHandler] INFO  container.IncrementalContainerReportHandler (AbstractContainerReportHandler.java:updateContainerState(241)) - Moving container #2 to CLOSED state, datanode 0411c1e5-01dd-41ac-a234-123af2469892{ip: 172.17.0.2, host: 1fad9502c7b4, networkLocation: /default-rack, certSerialId: null, persistedOpState: ENTERING_MAINTENANCE, persistedOpStateExpiryEpochSec: 0} reported CLOSED replica.
2020-12-18 01:51:35,115 [Command processor thread] WARN  impl.RaftServerProxy (RaftServerProxy.java:remove(99)) - 2abc6dfe-890a-4d70-ad0b-3558951658f5: does not contain group: group-F18240B2DB4E
2020-12-18 01:51:35,115 [Command processor thread] ERROR commandhandler.ClosePipelineCommandHandler (ClosePipelineCommandHandler.java:handle(78)) - Can't close pipeline PipelineID=d4e7e20d-0633-4858-ab6d-f18240b2db4e
java.io.IOException: 2abc6dfe-890a-4d70-ad0b-3558951658f5: Group group-F18240B2DB4E not found.
	at org.apache.hadoop.ozone.container.common.transport.server.ratis.XceiverServerRatis.removeGroup(XceiverServerRatis.java:774)
	at org.apache.hadoop.ozone.container.common.statemachine.commandhandler.ClosePipelineCommandHandler.handle(ClosePipelineCommandHandler.java:74)
	at org.apache.hadoop.ozone.container.common.statemachine.commandhandler.CommandDispatcher.handle(CommandDispatcher.java:99)
	at org.apache.hadoop.ozone.container.common.statemachine.DatanodeStateMachine.lambda$initCommandHandlerThread$2(DatanodeStateMachine.java:498)
	at java.lang.Thread.run(Thread.java:748)
Caused by: org.apache.ratis.protocol.exceptions.GroupMismatchException: 2abc6dfe-890a-4d70-ad0b-3558951658f5: Group group-F18240B2DB4E not found.
	at org.apache.ratis.server.impl.RaftServerProxy.groupRemoveAsync(RaftServerProxy.java:445)
	at org.apache.ratis.server.impl.RaftServerProxy.groupManagementAsync(RaftServerProxy.java:401)
	at org.apache.ratis.server.impl.RaftServerProxy.groupManagement(RaftServerProxy.java:381)
	at org.apache.hadoop.ozone.container.common.transport.server.ratis.XceiverServerRatis.removeGroup(XceiverServerRatis.java:772)
	... 4 more
2020-12-18 01:51:35,115 [Command processor thread] WARN  impl.RaftServerProxy (RaftServerProxy.java:remove(99)) - 2abc6dfe-890a-4d70-ad0b-3558951658f5: does not contain group: group-C718E5E6B254
2020-12-18 01:51:35,115 [Command processor thread] ERROR commandhandler.ClosePipelineCommandHandler (ClosePipelineCommandHandler.java:handle(78)) - Can't close pipeline PipelineID=31dce71a-1f0f-4077-895d-c718e5e6b254
java.io.IOException: 2abc6dfe-890a-4d70-ad0b-3558951658f5: Group group-C718E5E6B254 not found.
	at org.apache.hadoop.ozone.container.common.transport.server.ratis.XceiverServerRatis.removeGroup(XceiverServerRatis.java:774)
	at org.apache.hadoop.ozone.container.common.statemachine.commandhandler.ClosePipelineCommandHandler.handle(ClosePipelineCommandHandler.java:74)
	at org.apache.hadoop.ozone.container.common.statemachine.commandhandler.CommandDispatcher.handle(CommandDispatcher.java:99)
	at org.apache.hadoop.ozone.container.common.statemachine.DatanodeStateMachine.lambda$initCommandHandlerThread$2(DatanodeStateMachine.java:498)
	at java.lang.Thread.run(Thread.java:748)
Caused by: org.apache.ratis.protocol.exceptions.GroupMismatchException: 2abc6dfe-890a-4d70-ad0b-3558951658f5: Group group-C718E5E6B254 not found.
	at org.apache.ratis.server.impl.RaftServerProxy.groupRemoveAsync(RaftServerProxy.java:445)
	at org.apache.ratis.server.impl.RaftServerProxy.groupManagementAsync(RaftServerProxy.java:401)
	at org.apache.ratis.server.impl.RaftServerProxy.groupManagement(RaftServerProxy.java:381)
	at org.apache.hadoop.ozone.container.common.transport.server.ratis.XceiverServerRatis.removeGroup(XceiverServerRatis.java:772)
	... 4 more
2020-12-18 01:51:35,117 [Command processor thread] INFO  keyvalue.KeyValueContainer (KeyValueContainer.java:flushAndSyncDB(388)) - Container 2 is synced with bcsId 37.
2020-12-18 01:51:35,117 [Command processor thread] INFO  keyvalue.KeyValueContainer (KeyValueContainer.java:flushAndSyncDB(388)) - Container 2 is synced with bcsId 37.
2020-12-18 01:51:35,119 [Command processor thread] INFO  keyvalue.KeyValueContainer (KeyValueContainer.java:close(326)) - Container 2 is closed with bcsId 37.
2020-12-18 01:51:35,166 [ReplicationMonitor] INFO  container.ReplicationManager (ReplicationManager.java:forceCloseContainer(633)) - Force closing container #1 with BCSID 41, which is in QUASI_CLOSED state.
2020-12-18 01:51:35,166 [ReplicationMonitor] INFO  container.ReplicationManager (ReplicationManager.java:sendCloseCommand(948)) - Sending close container command for container #1 to datanode 2abc6dfe-890a-4d70-ad0b-3558951658f5{ip: 172.17.0.2, host: 1fad9502c7b4, networkLocation: /default-rack, certSerialId: null, persistedOpState: ENTERING_MAINTENANCE, persistedOpStateExpiryEpochSec: 0}.
2020-12-18 01:51:35,166 [ReplicationMonitor] INFO  container.ReplicationManager (ReplicationManager.java:sendCloseCommand(948)) - Sending close container command for container #1 to datanode 5a6704fc-15bd-4230-8cbe-d21da4b813be{ip: 172.17.0.2, host: 1fad9502c7b4, networkLocation: /default-rack, certSerialId: null, persistedOpState: ENTERING_MAINTENANCE, persistedOpStateExpiryEpochSec: 0}.
2020-12-18 01:51:35,166 [ReplicationMonitor] INFO  container.ReplicationManager (ReplicationManager.java:sendCloseCommand(948)) - Sending close container command for container #1 to datanode 0411c1e5-01dd-41ac-a234-123af2469892{ip: 172.17.0.2, host: 1fad9502c7b4, networkLocation: /default-rack, certSerialId: null, persistedOpState: ENTERING_MAINTENANCE, persistedOpStateExpiryEpochSec: 0}.
2020-12-18 01:51:35,166 [ReplicationMonitor] INFO  container.ReplicationManager (ReplicationManager.java:handleUnderReplicatedContainer(722)) - Container #2 is under replicated. Expected replica count is 3, but found 1.
2020-12-18 01:51:35,166 [ReplicationMonitor] INFO  container.ReplicationManager (ReplicationManager.java:sendReplicateCommand(970)) - Sending replicate container command for container #2 to datanode 3269f5d2-042c-40e4-98fc-53bb9834c825{ip: 172.17.0.2, host: 1fad9502c7b4, networkLocation: /default-rack, certSerialId: null, persistedOpState: IN_SERVICE, persistedOpStateExpiryEpochSec: 0}
2020-12-18 01:51:35,166 [ReplicationMonitor] INFO  container.ReplicationManager (ReplicationManager.java:sendReplicateCommand(970)) - Sending replicate container command for container #2 to datanode ebd34426-50bd-4b83-bb6a-fbb1ddb02546{ip: 172.17.0.2, host: 1fad9502c7b4, networkLocation: /default-rack, certSerialId: null, persistedOpState: IN_SERVICE, persistedOpStateExpiryEpochSec: 0}
2020-12-18 01:51:35,167 [ReplicationMonitor] INFO  container.ReplicationManager (ReplicationManager.java:run(250)) - Replication Monitor Thread took 2 milliseconds for processing 4 containers.
2020-12-18 01:51:35,538 [DatanodeAdminManager-0] INFO  node.DatanodeAdminMonitorImpl (DatanodeAdminMonitorImpl.java:checkContainersReplicatedOnNode(297)) - 5a6704fc-15bd-4230-8cbe-d21da4b813be{ip: 172.17.0.2, host: 1fad9502c7b4, networkLocation: /default-rack, certSerialId: null, persistedOpState: ENTERING_MAINTENANCE, persistedOpStateExpiryEpochSec: 0} has 0 sufficientlyReplicated, 2 underReplicated and 0 unhealthy containers
2020-12-18 01:51:35,538 [DatanodeAdminManager-0] INFO  node.DatanodeAdminMonitorImpl (DatanodeAdminMonitorImpl.java:checkContainersReplicatedOnNode(297)) - 2abc6dfe-890a-4d70-ad0b-3558951658f5{ip: 172.17.0.2, host: 1fad9502c7b4, networkLocation: /default-rack, certSerialId: null, persistedOpState: ENTERING_MAINTENANCE, persistedOpStateExpiryEpochSec: 0} has 0 sufficientlyReplicated, 2 underReplicated and 0 unhealthy containers
2020-12-18 01:51:35,538 [DatanodeAdminManager-0] INFO  node.DatanodeAdminMonitorImpl (DatanodeAdminMonitorImpl.java:checkContainersReplicatedOnNode(297)) - 0411c1e5-01dd-41ac-a234-123af2469892{ip: 172.17.0.2, host: 1fad9502c7b4, networkLocation: /default-rack, certSerialId: null, persistedOpState: ENTERING_MAINTENANCE, persistedOpStateExpiryEpochSec: 0} has 0 sufficientlyReplicated, 2 underReplicated and 0 unhealthy containers
2020-12-18 01:51:35,538 [DatanodeAdminManager-0] INFO  node.DatanodeAdminMonitorImpl (DatanodeAdminMonitorImpl.java:run(136)) - There are 3 nodes tracked for decommission and maintenance. 0 pending nodes.
2020-12-18 01:51:36,167 [ReplicationMonitor] INFO  container.ReplicationManager (ReplicationManager.java:forceCloseContainer(633)) - Force closing container #1 with BCSID 41, which is in QUASI_CLOSED state.
2020-12-18 01:51:36,167 [ReplicationMonitor] INFO  container.ReplicationManager (ReplicationManager.java:sendCloseCommand(948)) - Sending close container command for container #1 to datanode 2abc6dfe-890a-4d70-ad0b-3558951658f5{ip: 172.17.0.2, host: 1fad9502c7b4, networkLocation: /default-rack, certSerialId: null, persistedOpState: ENTERING_MAINTENANCE, persistedOpStateExpiryEpochSec: 0}.
2020-12-18 01:51:36,167 [ReplicationMonitor] INFO  container.ReplicationManager (ReplicationManager.java:sendCloseCommand(948)) - Sending close container command for container #1 to datanode 5a6704fc-15bd-4230-8cbe-d21da4b813be{ip: 172.17.0.2, host: 1fad9502c7b4, networkLocation: /default-rack, certSerialId: null, persistedOpState: ENTERING_MAINTENANCE, persistedOpStateExpiryEpochSec: 0}.
2020-12-18 01:51:36,167 [ReplicationMonitor] INFO  container.ReplicationManager (ReplicationManager.java:sendCloseCommand(948)) - Sending close container command for container #1 to datanode 0411c1e5-01dd-41ac-a234-123af2469892{ip: 172.17.0.2, host: 1fad9502c7b4, networkLocation: /default-rack, certSerialId: null, persistedOpState: ENTERING_MAINTENANCE, persistedOpStateExpiryEpochSec: 0}.
2020-12-18 01:51:36,168 [ReplicationMonitor] INFO  container.ReplicationManager (ReplicationManager.java:run(250)) - Replication Monitor Thread took 1 milliseconds for processing 4 containers.
2020-12-18 01:51:36,538 [DatanodeAdminManager-0] INFO  node.DatanodeAdminMonitorImpl (DatanodeAdminMonitorImpl.java:checkContainersReplicatedOnNode(297)) - 5a6704fc-15bd-4230-8cbe-d21da4b813be{ip: 172.17.0.2, host: 1fad9502c7b4, networkLocation: /default-rack, certSerialId: null, persistedOpState: ENTERING_MAINTENANCE, persistedOpStateExpiryEpochSec: 0} has 0 sufficientlyReplicated, 2 underReplicated and 0 unhealthy containers
2020-12-18 01:51:36,538 [DatanodeAdminManager-0] INFO  node.DatanodeAdminMonitorImpl (DatanodeAdminMonitorImpl.java:checkContainersReplicatedOnNode(297)) - 2abc6dfe-890a-4d70-ad0b-3558951658f5{ip: 172.17.0.2, host: 1fad9502c7b4, networkLocation: /default-rack, certSerialId: null, persistedOpState: ENTERING_MAINTENANCE, persistedOpStateExpiryEpochSec: 0} has 0 sufficientlyReplicated, 2 underReplicated and 0 unhealthy containers
2020-12-18 01:51:36,538 [DatanodeAdminManager-0] INFO  node.DatanodeAdminMonitorImpl (DatanodeAdminMonitorImpl.java:checkContainersReplicatedOnNode(297)) - 0411c1e5-01dd-41ac-a234-123af2469892{ip: 172.17.0.2, host: 1fad9502c7b4, networkLocation: /default-rack, certSerialId: null, persistedOpState: ENTERING_MAINTENANCE, persistedOpStateExpiryEpochSec: 0} has 0 sufficientlyReplicated, 2 underReplicated and 0 unhealthy containers
2020-12-18 01:51:36,538 [DatanodeAdminManager-0] INFO  node.DatanodeAdminMonitorImpl (DatanodeAdminMonitorImpl.java:run(136)) - There are 3 nodes tracked for decommission and maintenance. 0 pending nodes.
2020-12-18 01:51:36,777 [ContainerReplicationThread-0] INFO  replication.DownloadAndImportReplicator (DownloadAndImportReplicator.java:replicate(106)) - Starting replication of container 2 from [5a6704fc-15bd-4230-8cbe-d21da4b813be{ip: 172.17.0.2, host: 1fad9502c7b4, networkLocation: /default-rack, certSerialId: null, persistedOpState: ENTERING_MAINTENANCE, persistedOpStateExpiryEpochSec: 0}, 0411c1e5-01dd-41ac-a234-123af2469892{ip: 172.17.0.2, host: 1fad9502c7b4, networkLocation: /default-rack, certSerialId: null, persistedOpState: ENTERING_MAINTENANCE, persistedOpStateExpiryEpochSec: 0}, 2abc6dfe-890a-4d70-ad0b-3558951658f5{ip: 172.17.0.2, host: 1fad9502c7b4, networkLocation: /default-rack, certSerialId: null, persistedOpState: ENTERING_MAINTENANCE, persistedOpStateExpiryEpochSec: 0}]
2020-12-18 01:51:36,783 [grpc-default-executor-0] INFO  replication.GrpcReplicationService (GrpcReplicationService.java:download(52)) - Streaming container data (2) to other datanode
2020-12-18 01:51:36,792 [grpc-default-executor-0] INFO  replication.GrpcOutputStream (GrpcOutputStream.java:close(104)) - Sent 9642 bytes for container 2
2020-12-18 01:51:36,793 [grpc-default-executor-0] INFO  replication.GrpcReplicationClient (GrpcReplicationClient.java:onCompleted(177)) - Container 2 is downloaded to /github/workspace/mnt/ozone/hadoop-ozone/integration-test/target/test-dir/MiniOzoneClusterImpl-4564f03c-bda0-461a-b884-74ed0c78bad0/datanode-5/data/replication/work/container-2.tar.gz
2020-12-18 01:51:36,794 [ContainerReplicationThread-0] INFO  replication.DownloadAndImportReplicator (DownloadAndImportReplicator.java:replicate(117)) - Container 2 is downloaded, starting to import.
2020-12-18 01:51:36,808 [ContainerReplicationThread-0] INFO  replication.DownloadAndImportReplicator (DownloadAndImportReplicator.java:replicate(120)) - Container 2 is replicated successfully
2020-12-18 01:51:36,808 [ContainerReplicationThread-0] INFO  replication.ReplicationSupervisor (ReplicationSupervisor.java:run(146)) - Container 2 is replicated.
2020-12-18 01:51:37,102 [Command processor thread] INFO  keyvalue.KeyValueContainer (KeyValueContainer.java:flushAndSyncDB(388)) - Container 1 is synced with bcsId 41.
2020-12-18 01:51:37,103 [Command processor thread] INFO  keyvalue.KeyValueContainer (KeyValueContainer.java:flushAndSyncDB(388)) - Container 1 is synced with bcsId 41.
2020-12-18 01:51:37,105 [Command processor thread] INFO  keyvalue.KeyValueContainer (KeyValueContainer.java:close(326)) - Container 1 is closed with bcsId 41.
2020-12-18 01:51:37,106 [EventQueue-IncrementalContainerReportForIncrementalContainerReportHandler] INFO  container.IncrementalContainerReportHandler (AbstractContainerReportHandler.java:updateContainerState(241)) - Moving container #1 to CLOSED state, datanode 5a6704fc-15bd-4230-8cbe-d21da4b813be{ip: 172.17.0.2, host: 1fad9502c7b4, networkLocation: /default-rack, certSerialId: null, persistedOpState: ENTERING_MAINTENANCE, persistedOpStateExpiryEpochSec: 0} reported CLOSED replica.
2020-12-18 01:51:37,106 [Command processor thread] INFO  keyvalue.KeyValueContainer (KeyValueContainer.java:flushAndSyncDB(388)) - Container 1 is synced with bcsId 41.
2020-12-18 01:51:37,106 [Command processor thread] INFO  keyvalue.KeyValueContainer (KeyValueContainer.java:flushAndSyncDB(388)) - Container 1 is synced with bcsId 41.
2020-12-18 01:51:37,109 [Command processor thread] INFO  keyvalue.KeyValueContainer (KeyValueContainer.java:close(326)) - Container 1 is closed with bcsId 41.
2020-12-18 01:51:37,117 [Command processor thread] INFO  keyvalue.KeyValueContainer (KeyValueContainer.java:flushAndSyncDB(388)) - Container 1 is synced with bcsId 41.
2020-12-18 01:51:37,117 [Command processor thread] INFO  keyvalue.KeyValueContainer (KeyValueContainer.java:flushAndSyncDB(388)) - Container 1 is synced with bcsId 41.
2020-12-18 01:51:37,118 [Command processor thread] INFO  keyvalue.KeyValueContainer (KeyValueContainer.java:close(326)) - Container 1 is closed with bcsId 41.
2020-12-18 01:51:37,168 [ReplicationMonitor] INFO  container.ReplicationManager (ReplicationManager.java:handleUnderReplicatedContainer(722)) - Container #1 is under replicated. Expected replica count is 3, but found 1.
2020-12-18 01:51:37,168 [ReplicationMonitor] INFO  container.ReplicationManager (ReplicationManager.java:sendReplicateCommand(970)) - Sending replicate container command for container #1 to datanode ebd34426-50bd-4b83-bb6a-fbb1ddb02546{ip: 172.17.0.2, host: 1fad9502c7b4, networkLocation: /default-rack, certSerialId: null, persistedOpState: IN_SERVICE, persistedOpStateExpiryEpochSec: 0}
2020-12-18 01:51:37,168 [ReplicationMonitor] INFO  container.ReplicationManager (ReplicationManager.java:sendReplicateCommand(970)) - Sending replicate container command for container #1 to datanode 3269f5d2-042c-40e4-98fc-53bb9834c825{ip: 172.17.0.2, host: 1fad9502c7b4, networkLocation: /default-rack, certSerialId: null, persistedOpState: IN_SERVICE, persistedOpStateExpiryEpochSec: 0}
2020-12-18 01:51:37,168 [ReplicationMonitor] INFO  container.ReplicationManager (ReplicationManager.java:run(250)) - Replication Monitor Thread took 0 milliseconds for processing 4 containers.
2020-12-18 01:51:37,538 [DatanodeAdminManager-0] INFO  node.DatanodeAdminMonitorImpl (DatanodeAdminMonitorImpl.java:checkContainersReplicatedOnNode(297)) - 5a6704fc-15bd-4230-8cbe-d21da4b813be{ip: 172.17.0.2, host: 1fad9502c7b4, networkLocation: /default-rack, certSerialId: null, persistedOpState: ENTERING_MAINTENANCE, persistedOpStateExpiryEpochSec: 0} has 0 sufficientlyReplicated, 2 underReplicated and 0 unhealthy containers
2020-12-18 01:51:37,538 [DatanodeAdminManager-0] INFO  node.DatanodeAdminMonitorImpl (DatanodeAdminMonitorImpl.java:checkContainersReplicatedOnNode(297)) - 2abc6dfe-890a-4d70-ad0b-3558951658f5{ip: 172.17.0.2, host: 1fad9502c7b4, networkLocation: /default-rack, certSerialId: null, persistedOpState: ENTERING_MAINTENANCE, persistedOpStateExpiryEpochSec: 0} has 0 sufficientlyReplicated, 2 underReplicated and 0 unhealthy containers
2020-12-18 01:51:37,538 [DatanodeAdminManager-0] INFO  node.DatanodeAdminMonitorImpl (DatanodeAdminMonitorImpl.java:checkContainersReplicatedOnNode(297)) - 0411c1e5-01dd-41ac-a234-123af2469892{ip: 172.17.0.2, host: 1fad9502c7b4, networkLocation: /default-rack, certSerialId: null, persistedOpState: ENTERING_MAINTENANCE, persistedOpStateExpiryEpochSec: 0} has 0 sufficientlyReplicated, 2 underReplicated and 0 unhealthy containers
2020-12-18 01:51:37,538 [DatanodeAdminManager-0] INFO  node.DatanodeAdminMonitorImpl (DatanodeAdminMonitorImpl.java:run(136)) - There are 3 nodes tracked for decommission and maintenance. 0 pending nodes.
2020-12-18 01:51:37,787 [ContainerReplicationThread-0] INFO  replication.DownloadAndImportReplicator (DownloadAndImportReplicator.java:replicate(106)) - Starting replication of container 2 from [5a6704fc-15bd-4230-8cbe-d21da4b813be{ip: 172.17.0.2, host: 1fad9502c7b4, networkLocation: /default-rack, certSerialId: null, persistedOpState: ENTERING_MAINTENANCE, persistedOpStateExpiryEpochSec: 0}, 0411c1e5-01dd-41ac-a234-123af2469892{ip: 172.17.0.2, host: 1fad9502c7b4, networkLocation: /default-rack, certSerialId: null, persistedOpState: ENTERING_MAINTENANCE, persistedOpStateExpiryEpochSec: 0}, 2abc6dfe-890a-4d70-ad0b-3558951658f5{ip: 172.17.0.2, host: 1fad9502c7b4, networkLocation: /default-rack, certSerialId: null, persistedOpState: ENTERING_MAINTENANCE, persistedOpStateExpiryEpochSec: 0}]
2020-12-18 01:51:37,793 [grpc-default-executor-0] INFO  replication.GrpcReplicationService (GrpcReplicationService.java:download(52)) - Streaming container data (2) to other datanode
2020-12-18 01:51:37,799 [grpc-default-executor-0] INFO  replication.GrpcOutputStream (GrpcOutputStream.java:close(104)) - Sent 9648 bytes for container 2
2020-12-18 01:51:37,799 [grpc-default-executor-0] INFO  replication.GrpcReplicationClient (GrpcReplicationClient.java:onCompleted(177)) - Container 2 is downloaded to /github/workspace/mnt/ozone/hadoop-ozone/integration-test/target/test-dir/MiniOzoneClusterImpl-4564f03c-bda0-461a-b884-74ed0c78bad0/datanode-3/data/replication/work/container-2.tar.gz
2020-12-18 01:51:37,800 [ContainerReplicationThread-0] INFO  replication.DownloadAndImportReplicator (DownloadAndImportReplicator.java:replicate(117)) - Container 2 is downloaded, starting to import.
2020-12-18 01:51:37,813 [ContainerReplicationThread-0] INFO  replication.DownloadAndImportReplicator (DownloadAndImportReplicator.java:replicate(120)) - Container 2 is replicated successfully
2020-12-18 01:51:37,813 [ContainerReplicationThread-0] INFO  replication.ReplicationSupervisor (ReplicationSupervisor.java:run(146)) - Container 2 is replicated.
2020-12-18 01:51:38,169 [ReplicationMonitor] INFO  container.ReplicationManager (ReplicationManager.java:run(250)) - Replication Monitor Thread took 1 milliseconds for processing 4 containers.
2020-12-18 01:51:38,538 [DatanodeAdminManager-0] INFO  node.DatanodeAdminMonitorImpl (DatanodeAdminMonitorImpl.java:checkContainersReplicatedOnNode(297)) - 5a6704fc-15bd-4230-8cbe-d21da4b813be{ip: 172.17.0.2, host: 1fad9502c7b4, networkLocation: /default-rack, certSerialId: null, persistedOpState: ENTERING_MAINTENANCE, persistedOpStateExpiryEpochSec: 0} has 0 sufficientlyReplicated, 2 underReplicated and 1 unhealthy containers
2020-12-18 01:51:38,538 [DatanodeAdminManager-0] INFO  node.DatanodeAdminMonitorImpl (DatanodeAdminMonitorImpl.java:checkContainersReplicatedOnNode(297)) - 2abc6dfe-890a-4d70-ad0b-3558951658f5{ip: 172.17.0.2, host: 1fad9502c7b4, networkLocation: /default-rack, certSerialId: null, persistedOpState: ENTERING_MAINTENANCE, persistedOpStateExpiryEpochSec: 0} has 0 sufficientlyReplicated, 2 underReplicated and 1 unhealthy containers
2020-12-18 01:51:38,538 [DatanodeAdminManager-0] INFO  node.DatanodeAdminMonitorImpl (DatanodeAdminMonitorImpl.java:checkContainersReplicatedOnNode(297)) - 0411c1e5-01dd-41ac-a234-123af2469892{ip: 172.17.0.2, host: 1fad9502c7b4, networkLocation: /default-rack, certSerialId: null, persistedOpState: ENTERING_MAINTENANCE, persistedOpStateExpiryEpochSec: 0} has 0 sufficientlyReplicated, 2 underReplicated and 1 unhealthy containers
2020-12-18 01:51:38,538 [DatanodeAdminManager-0] INFO  node.DatanodeAdminMonitorImpl (DatanodeAdminMonitorImpl.java:run(136)) - There are 3 nodes tracked for decommission and maintenance. 0 pending nodes.
2020-12-18 01:51:38,777 [ContainerReplicationThread-1] INFO  replication.DownloadAndImportReplicator (DownloadAndImportReplicator.java:replicate(106)) - Starting replication of container 1 from [2abc6dfe-890a-4d70-ad0b-3558951658f5{ip: 172.17.0.2, host: 1fad9502c7b4, networkLocation: /default-rack, certSerialId: null, persistedOpState: ENTERING_MAINTENANCE, persistedOpStateExpiryEpochSec: 0}, 5a6704fc-15bd-4230-8cbe-d21da4b813be{ip: 172.17.0.2, host: 1fad9502c7b4, networkLocation: /default-rack, certSerialId: null, persistedOpState: ENTERING_MAINTENANCE, persistedOpStateExpiryEpochSec: 0}, 0411c1e5-01dd-41ac-a234-123af2469892{ip: 172.17.0.2, host: 1fad9502c7b4, networkLocation: /default-rack, certSerialId: null, persistedOpState: ENTERING_MAINTENANCE, persistedOpStateExpiryEpochSec: 0}]
2020-12-18 01:51:38,782 [grpc-default-executor-0] INFO  replication.GrpcReplicationService (GrpcReplicationService.java:download(52)) - Streaming container data (1) to other datanode
2020-12-18 01:51:38,786 [grpc-default-executor-0] INFO  replication.GrpcOutputStream (GrpcOutputStream.java:close(104)) - Sent 9748 bytes for container 1
2020-12-18 01:51:38,788 [grpc-default-executor-2] INFO  replication.GrpcReplicationClient (GrpcReplicationClient.java:onCompleted(177)) - Container 1 is downloaded to /github/workspace/mnt/ozone/hadoop-ozone/integration-test/target/test-dir/MiniOzoneClusterImpl-4564f03c-bda0-461a-b884-74ed0c78bad0/datanode-5/data/replication/work/container-1.tar.gz
2020-12-18 01:51:38,790 [ContainerReplicationThread-1] INFO  replication.DownloadAndImportReplicator (DownloadAndImportReplicator.java:replicate(117)) - Container 1 is downloaded, starting to import.
2020-12-18 01:51:38,818 [ContainerReplicationThread-1] INFO  replication.DownloadAndImportReplicator (DownloadAndImportReplicator.java:replicate(120)) - Container 1 is replicated successfully
2020-12-18 01:51:38,818 [ContainerReplicationThread-1] INFO  replication.ReplicationSupervisor (ReplicationSupervisor.java:run(146)) - Container 1 is replicated.
2020-12-18 01:51:39,169 [ReplicationMonitor] INFO  container.ReplicationManager (ReplicationManager.java:handleUnderReplicatedContainer(722)) - Container #2 is under replicated. Expected replica count is 3, but found 2.
2020-12-18 01:51:39,170 [ReplicationMonitor] INFO  container.ReplicationManager (ReplicationManager.java:sendReplicateCommand(970)) - Sending replicate container command for container #2 to datanode ebd34426-50bd-4b83-bb6a-fbb1ddb02546{ip: 172.17.0.2, host: 1fad9502c7b4, networkLocation: /default-rack, certSerialId: null, persistedOpState: IN_SERVICE, persistedOpStateExpiryEpochSec: 0}
2020-12-18 01:51:39,170 [ReplicationMonitor] INFO  container.ReplicationManager (ReplicationManager.java:run(250)) - Replication Monitor Thread took 1 milliseconds for processing 4 containers.
2020-12-18 01:51:39,538 [DatanodeAdminManager-0] INFO  node.DatanodeAdminMonitorImpl (DatanodeAdminMonitorImpl.java:checkContainersReplicatedOnNode(297)) - 5a6704fc-15bd-4230-8cbe-d21da4b813be{ip: 172.17.0.2, host: 1fad9502c7b4, networkLocation: /default-rack, certSerialId: null, persistedOpState: ENTERING_MAINTENANCE, persistedOpStateExpiryEpochSec: 0} has 0 sufficientlyReplicated, 2 underReplicated and 0 unhealthy containers
2020-12-18 01:51:39,538 [DatanodeAdminManager-0] INFO  node.DatanodeAdminMonitorImpl (DatanodeAdminMonitorImpl.java:checkContainersReplicatedOnNode(297)) - 2abc6dfe-890a-4d70-ad0b-3558951658f5{ip: 172.17.0.2, host: 1fad9502c7b4, networkLocation: /default-rack, certSerialId: null, persistedOpState: ENTERING_MAINTENANCE, persistedOpStateExpiryEpochSec: 0} has 0 sufficientlyReplicated, 2 underReplicated and 0 unhealthy containers
2020-12-18 01:51:39,538 [DatanodeAdminManager-0] INFO  node.DatanodeAdminMonitorImpl (DatanodeAdminMonitorImpl.java:checkContainersReplicatedOnNode(297)) - 0411c1e5-01dd-41ac-a234-123af2469892{ip: 172.17.0.2, host: 1fad9502c7b4, networkLocation: /default-rack, certSerialId: null, persistedOpState: ENTERING_MAINTENANCE, persistedOpStateExpiryEpochSec: 0} has 0 sufficientlyReplicated, 2 underReplicated and 0 unhealthy containers
2020-12-18 01:51:39,538 [DatanodeAdminManager-0] INFO  node.DatanodeAdminMonitorImpl (DatanodeAdminMonitorImpl.java:run(136)) - There are 3 nodes tracked for decommission and maintenance. 0 pending nodes.
2020-12-18 01:51:39,791 [ContainerReplicationThread-1] INFO  replication.DownloadAndImportReplicator (DownloadAndImportReplicator.java:replicate(106)) - Starting replication of container 1 from [2abc6dfe-890a-4d70-ad0b-3558951658f5{ip: 172.17.0.2, host: 1fad9502c7b4, networkLocation: /default-rack, certSerialId: null, persistedOpState: ENTERING_MAINTENANCE, persistedOpStateExpiryEpochSec: 0}, 5a6704fc-15bd-4230-8cbe-d21da4b813be{ip: 172.17.0.2, host: 1fad9502c7b4, networkLocation: /default-rack, certSerialId: null, persistedOpState: ENTERING_MAINTENANCE, persistedOpStateExpiryEpochSec: 0}, 0411c1e5-01dd-41ac-a234-123af2469892{ip: 172.17.0.2, host: 1fad9502c7b4, networkLocation: /default-rack, certSerialId: null, persistedOpState: ENTERING_MAINTENANCE, persistedOpStateExpiryEpochSec: 0}]
2020-12-18 01:51:39,796 [grpc-default-executor-2] INFO  replication.GrpcReplicationService (GrpcReplicationService.java:download(52)) - Streaming container data (1) to other datanode
2020-12-18 01:51:39,819 [grpc-default-executor-2] INFO  replication.GrpcOutputStream (GrpcOutputStream.java:close(104)) - Sent 15639 bytes for container 1
2020-12-18 01:51:39,822 [grpc-default-executor-2] INFO  replication.GrpcReplicationClient (GrpcReplicationClient.java:onCompleted(177)) - Container 1 is downloaded to /github/workspace/mnt/ozone/hadoop-ozone/integration-test/target/test-dir/MiniOzoneClusterImpl-4564f03c-bda0-461a-b884-74ed0c78bad0/datanode-3/data/replication/work/container-1.tar.gz
2020-12-18 01:51:39,823 [ContainerReplicationThread-1] INFO  replication.DownloadAndImportReplicator (DownloadAndImportReplicator.java:replicate(117)) - Container 1 is downloaded, starting to import.
2020-12-18 01:51:39,846 [ContainerReplicationThread-1] INFO  replication.DownloadAndImportReplicator (DownloadAndImportReplicator.java:replicate(120)) - Container 1 is replicated successfully
2020-12-18 01:51:39,846 [ContainerReplicationThread-1] INFO  replication.ReplicationSupervisor (ReplicationSupervisor.java:run(146)) - Container 1 is replicated.
2020-12-18 01:51:40,170 [ReplicationMonitor] INFO  container.ReplicationManager (ReplicationManager.java:handleUnderReplicatedContainer(722)) - Container #1 is under replicated. Expected replica count is 3, but found 2.
2020-12-18 01:51:40,170 [ReplicationMonitor] INFO  container.ReplicationManager (ReplicationManager.java:sendReplicateCommand(970)) - Sending replicate container command for container #1 to datanode 30321cca-a230-403c-ae60-27735093aac3{ip: 172.17.0.2, host: 1fad9502c7b4, networkLocation: /default-rack, certSerialId: null, persistedOpState: IN_SERVICE, persistedOpStateExpiryEpochSec: 0}
2020-12-18 01:51:40,170 [ReplicationMonitor] INFO  container.ReplicationManager (ReplicationManager.java:sendCloseCommand(948)) - Sending close container command for container #2 to datanode 5a6704fc-15bd-4230-8cbe-d21da4b813be{ip: 172.17.0.2, host: 1fad9502c7b4, networkLocation: /default-rack, certSerialId: null, persistedOpState: ENTERING_MAINTENANCE, persistedOpStateExpiryEpochSec: 0}.
2020-12-18 01:51:40,170 [ReplicationMonitor] INFO  container.ReplicationManager (ReplicationManager.java:sendCloseCommand(948)) - Sending close container command for container #2 to datanode ebd34426-50bd-4b83-bb6a-fbb1ddb02546{ip: 172.17.0.2, host: 1fad9502c7b4, networkLocation: /default-rack, certSerialId: null, persistedOpState: IN_SERVICE, persistedOpStateExpiryEpochSec: 0}.
2020-12-18 01:51:40,171 [ReplicationMonitor] INFO  container.ReplicationManager (ReplicationManager.java:run(250)) - Replication Monitor Thread took 1 milliseconds for processing 4 containers.
2020-12-18 01:51:40,538 [DatanodeAdminManager-0] INFO  node.DatanodeAdminMonitorImpl (DatanodeAdminMonitorImpl.java:checkContainersReplicatedOnNode(297)) - 5a6704fc-15bd-4230-8cbe-d21da4b813be{ip: 172.17.0.2, host: 1fad9502c7b4, networkLocation: /default-rack, certSerialId: null, persistedOpState: ENTERING_MAINTENANCE, persistedOpStateExpiryEpochSec: 0} has 1 sufficientlyReplicated, 1 underReplicated and 1 unhealthy containers
2020-12-18 01:51:40,538 [DatanodeAdminManager-0] INFO  node.DatanodeAdminMonitorImpl (DatanodeAdminMonitorImpl.java:checkContainersReplicatedOnNode(297)) - 2abc6dfe-890a-4d70-ad0b-3558951658f5{ip: 172.17.0.2, host: 1fad9502c7b4, networkLocation: /default-rack, certSerialId: null, persistedOpState: ENTERING_MAINTENANCE, persistedOpStateExpiryEpochSec: 0} has 1 sufficientlyReplicated, 1 underReplicated and 1 unhealthy containers
2020-12-18 01:51:40,538 [DatanodeAdminManager-0] INFO  node.DatanodeAdminMonitorImpl (DatanodeAdminMonitorImpl.java:checkContainersReplicatedOnNode(297)) - 0411c1e5-01dd-41ac-a234-123af2469892{ip: 172.17.0.2, host: 1fad9502c7b4, networkLocation: /default-rack, certSerialId: null, persistedOpState: ENTERING_MAINTENANCE, persistedOpStateExpiryEpochSec: 0} has 1 sufficientlyReplicated, 1 underReplicated and 1 unhealthy containers
2020-12-18 01:51:40,538 [DatanodeAdminManager-0] INFO  node.DatanodeAdminMonitorImpl (DatanodeAdminMonitorImpl.java:run(136)) - There are 3 nodes tracked for decommission and maintenance. 0 pending nodes.
2020-12-18 01:51:41,171 [ReplicationMonitor] INFO  container.ReplicationManager (ReplicationManager.java:sendCloseCommand(948)) - Sending close container command for container #2 to datanode 5a6704fc-15bd-4230-8cbe-d21da4b813be{ip: 172.17.0.2, host: 1fad9502c7b4, networkLocation: /default-rack, certSerialId: null, persistedOpState: ENTERING_MAINTENANCE, persistedOpStateExpiryEpochSec: 0}.
2020-12-18 01:51:41,171 [ReplicationMonitor] INFO  container.ReplicationManager (ReplicationManager.java:sendCloseCommand(948)) - Sending close container command for container #2 to datanode ebd34426-50bd-4b83-bb6a-fbb1ddb02546{ip: 172.17.0.2, host: 1fad9502c7b4, networkLocation: /default-rack, certSerialId: null, persistedOpState: IN_SERVICE, persistedOpStateExpiryEpochSec: 0}.
2020-12-18 01:51:41,171 [ReplicationMonitor] INFO  container.ReplicationManager (ReplicationManager.java:run(250)) - Replication Monitor Thread took 0 milliseconds for processing 4 containers.
2020-12-18 01:51:41,538 [DatanodeAdminManager-0] INFO  node.DatanodeAdminMonitorImpl (DatanodeAdminMonitorImpl.java:checkContainersReplicatedOnNode(297)) - 5a6704fc-15bd-4230-8cbe-d21da4b813be{ip: 172.17.0.2, host: 1fad9502c7b4, networkLocation: /default-rack, certSerialId: null, persistedOpState: ENTERING_MAINTENANCE, persistedOpStateExpiryEpochSec: 0} has 2 sufficientlyReplicated, 0 underReplicated and 1 unhealthy containers
2020-12-18 01:51:41,538 [DatanodeAdminManager-0] INFO  node.DatanodeAdminMonitorImpl (DatanodeAdminMonitorImpl.java:checkContainersReplicatedOnNode(297)) - 2abc6dfe-890a-4d70-ad0b-3558951658f5{ip: 172.17.0.2, host: 1fad9502c7b4, networkLocation: /default-rack, certSerialId: null, persistedOpState: ENTERING_MAINTENANCE, persistedOpStateExpiryEpochSec: 0} has 2 sufficientlyReplicated, 0 underReplicated and 1 unhealthy containers
2020-12-18 01:51:41,538 [DatanodeAdminManager-0] INFO  node.DatanodeAdminMonitorImpl (DatanodeAdminMonitorImpl.java:checkContainersReplicatedOnNode(297)) - 0411c1e5-01dd-41ac-a234-123af2469892{ip: 172.17.0.2, host: 1fad9502c7b4, networkLocation: /default-rack, certSerialId: null, persistedOpState: ENTERING_MAINTENANCE, persistedOpStateExpiryEpochSec: 0} has 2 sufficientlyReplicated, 0 underReplicated and 1 unhealthy containers
2020-12-18 01:51:41,538 [DatanodeAdminManager-0] INFO  node.DatanodeAdminMonitorImpl (DatanodeAdminMonitorImpl.java:run(136)) - There are 3 nodes tracked for decommission and maintenance. 0 pending nodes.
2020-12-18 01:51:41,790 [ContainerReplicationThread-0] INFO  replication.DownloadAndImportReplicator (DownloadAndImportReplicator.java:replicate(106)) - Starting replication of container 1 from [2abc6dfe-890a-4d70-ad0b-3558951658f5{ip: 172.17.0.2, host: 1fad9502c7b4, networkLocation: /default-rack, certSerialId: null, persistedOpState: ENTERING_MAINTENANCE, persistedOpStateExpiryEpochSec: 0}, 5a6704fc-15bd-4230-8cbe-d21da4b813be{ip: 172.17.0.2, host: 1fad9502c7b4, networkLocation: /default-rack, certSerialId: null, persistedOpState: ENTERING_MAINTENANCE, persistedOpStateExpiryEpochSec: 0}, 0411c1e5-01dd-41ac-a234-123af2469892{ip: 172.17.0.2, host: 1fad9502c7b4, networkLocation: /default-rack, certSerialId: null, persistedOpState: ENTERING_MAINTENANCE, persistedOpStateExpiryEpochSec: 0}, ebd34426-50bd-4b83-bb6a-fbb1ddb02546{ip: 172.17.0.2, host: 1fad9502c7b4, networkLocation: /default-rack, certSerialId: null, persistedOpState: IN_SERVICE, persistedOpStateExpiryEpochSec: 0}]
2020-12-18 01:51:41,795 [grpc-default-executor-2] INFO  replication.GrpcReplicationService (GrpcReplicationService.java:download(52)) - Streaming container data (1) to other datanode
2020-12-18 01:51:41,820 [grpc-default-executor-2] INFO  replication.GrpcOutputStream (GrpcOutputStream.java:close(104)) - Sent 22182 bytes for container 1
2020-12-18 01:51:41,826 [grpc-default-executor-2] INFO  replication.GrpcReplicationClient (GrpcReplicationClient.java:onCompleted(177)) - Container 1 is downloaded to /github/workspace/mnt/ozone/hadoop-ozone/integration-test/target/test-dir/MiniOzoneClusterImpl-4564f03c-bda0-461a-b884-74ed0c78bad0/datanode-4/data/replication/work/container-1.tar.gz
2020-12-18 01:51:41,827 [ContainerReplicationThread-0] INFO  replication.DownloadAndImportReplicator (DownloadAndImportReplicator.java:replicate(117)) - Container 1 is downloaded, starting to import.
2020-12-18 01:51:41,847 [ContainerReplicationThread-0] INFO  replication.DownloadAndImportReplicator (DownloadAndImportReplicator.java:replicate(120)) - Container 1 is replicated successfully
2020-12-18 01:51:41,847 [ContainerReplicationThread-0] INFO  replication.ReplicationSupervisor (ReplicationSupervisor.java:run(146)) - Container 1 is replicated.
2020-12-18 01:51:41,858 [Command processor thread] INFO  keyvalue.KeyValueContainer (KeyValueContainer.java:flushAndSyncDB(388)) - Container 2 is synced with bcsId 37.
2020-12-18 01:51:41,858 [Command processor thread] INFO  keyvalue.KeyValueContainer (KeyValueContainer.java:flushAndSyncDB(388)) - Container 2 is synced with bcsId 37.
2020-12-18 01:51:41,860 [Command processor thread] INFO  keyvalue.KeyValueContainer (KeyValueContainer.java:close(326)) - Container 2 is closed with bcsId 37.
2020-12-18 01:51:42,120 [Command processor thread] INFO  keyvalue.KeyValueContainer (KeyValueContainer.java:flushAndSyncDB(388)) - Container 2 is synced with bcsId 37.
2020-12-18 01:51:42,120 [Command processor thread] INFO  keyvalue.KeyValueContainer (KeyValueContainer.java:flushAndSyncDB(388)) - Container 2 is synced with bcsId 37.
2020-12-18 01:51:42,122 [Command processor thread] INFO  keyvalue.KeyValueContainer (KeyValueContainer.java:close(326)) - Container 2 is closed with bcsId 37.
2020-12-18 01:51:42,172 [ReplicationMonitor] INFO  container.ReplicationManager (ReplicationManager.java:sendCloseCommand(948)) - Sending close container command for container #2 to datanode 5a6704fc-15bd-4230-8cbe-d21da4b813be{ip: 172.17.0.2, host: 1fad9502c7b4, networkLocation: /default-rack, certSerialId: null, persistedOpState: ENTERING_MAINTENANCE, persistedOpStateExpiryEpochSec: 0}.
2020-12-18 01:51:42,172 [ReplicationMonitor] INFO  container.ReplicationManager (ReplicationManager.java:sendCloseCommand(948)) - Sending close container command for container #2 to datanode ebd34426-50bd-4b83-bb6a-fbb1ddb02546{ip: 172.17.0.2, host: 1fad9502c7b4, networkLocation: /default-rack, certSerialId: null, persistedOpState: IN_SERVICE, persistedOpStateExpiryEpochSec: 0}.
2020-12-18 01:51:42,173 [ReplicationMonitor] INFO  container.ReplicationManager (ReplicationManager.java:run(250)) - Replication Monitor Thread took 1 milliseconds for processing 4 containers.
2020-12-18 01:51:42,538 [DatanodeAdminManager-0] INFO  node.DatanodeAdminMonitorImpl (DatanodeAdminMonitorImpl.java:checkContainersReplicatedOnNode(297)) - 5a6704fc-15bd-4230-8cbe-d21da4b813be{ip: 172.17.0.2, host: 1fad9502c7b4, networkLocation: /default-rack, certSerialId: null, persistedOpState: ENTERING_MAINTENANCE, persistedOpStateExpiryEpochSec: 0} has 2 sufficientlyReplicated, 0 underReplicated and 1 unhealthy containers
2020-12-18 01:51:42,538 [DatanodeAdminManager-0] INFO  node.DatanodeAdminMonitorImpl (DatanodeAdminMonitorImpl.java:checkContainersReplicatedOnNode(297)) - 2abc6dfe-890a-4d70-ad0b-3558951658f5{ip: 172.17.0.2, host: 1fad9502c7b4, networkLocation: /default-rack, certSerialId: null, persistedOpState: ENTERING_MAINTENANCE, persistedOpStateExpiryEpochSec: 0} has 2 sufficientlyReplicated, 0 underReplicated and 1 unhealthy containers
2020-12-18 01:51:42,538 [DatanodeAdminManager-0] INFO  node.DatanodeAdminMonitorImpl (DatanodeAdminMonitorImpl.java:checkContainersReplicatedOnNode(297)) - 0411c1e5-01dd-41ac-a234-123af2469892{ip: 172.17.0.2, host: 1fad9502c7b4, networkLocation: /default-rack, certSerialId: null, persistedOpState: ENTERING_MAINTENANCE, persistedOpStateExpiryEpochSec: 0} has 2 sufficientlyReplicated, 0 underReplicated and 1 unhealthy containers
2020-12-18 01:51:42,538 [DatanodeAdminManager-0] INFO  node.DatanodeAdminMonitorImpl (DatanodeAdminMonitorImpl.java:run(136)) - There are 3 nodes tracked for decommission and maintenance. 0 pending nodes.
2020-12-18 01:51:43,173 [ReplicationMonitor] INFO  container.ReplicationManager (ReplicationManager.java:run(250)) - Replication Monitor Thread took 0 milliseconds for processing 4 containers.
2020-12-18 01:51:43,538 [DatanodeAdminManager-0] INFO  node.DatanodeAdminMonitorImpl (DatanodeAdminMonitorImpl.java:checkContainersReplicatedOnNode(297)) - 5a6704fc-15bd-4230-8cbe-d21da4b813be{ip: 172.17.0.2, host: 1fad9502c7b4, networkLocation: /default-rack, certSerialId: null, persistedOpState: ENTERING_MAINTENANCE, persistedOpStateExpiryEpochSec: 0} has 2 sufficientlyReplicated, 0 underReplicated and 0 unhealthy containers
2020-12-18 01:51:43,538 [DatanodeAdminManager-0] INFO  node.DatanodeAdminMonitorImpl (DatanodeAdminMonitorImpl.java:putIntoMaintenance(313)) - Datanode 5a6704fc-15bd-4230-8cbe-d21da4b813be{ip: 172.17.0.2, host: 1fad9502c7b4, networkLocation: /default-rack, certSerialId: null, persistedOpState: ENTERING_MAINTENANCE, persistedOpStateExpiryEpochSec: 0} has entered maintenance
2020-12-18 01:51:43,538 [DatanodeAdminManager-0] INFO  node.DatanodeAdminMonitorImpl (DatanodeAdminMonitorImpl.java:checkContainersReplicatedOnNode(297)) - 2abc6dfe-890a-4d70-ad0b-3558951658f5{ip: 172.17.0.2, host: 1fad9502c7b4, networkLocation: /default-rack, certSerialId: null, persistedOpState: ENTERING_MAINTENANCE, persistedOpStateExpiryEpochSec: 0} has 2 sufficientlyReplicated, 0 underReplicated and 0 unhealthy containers
2020-12-18 01:51:43,538 [DatanodeAdminManager-0] INFO  node.DatanodeAdminMonitorImpl (DatanodeAdminMonitorImpl.java:putIntoMaintenance(313)) - Datanode 2abc6dfe-890a-4d70-ad0b-3558951658f5{ip: 172.17.0.2, host: 1fad9502c7b4, networkLocation: /default-rack, certSerialId: null, persistedOpState: ENTERING_MAINTENANCE, persistedOpStateExpiryEpochSec: 0} has entered maintenance
2020-12-18 01:51:43,538 [DatanodeAdminManager-0] INFO  node.DatanodeAdminMonitorImpl (DatanodeAdminMonitorImpl.java:checkContainersReplicatedOnNode(297)) - 0411c1e5-01dd-41ac-a234-123af2469892{ip: 172.17.0.2, host: 1fad9502c7b4, networkLocation: /default-rack, certSerialId: null, persistedOpState: ENTERING_MAINTENANCE, persistedOpStateExpiryEpochSec: 0} has 2 sufficientlyReplicated, 0 underReplicated and 0 unhealthy containers
2020-12-18 01:51:43,538 [DatanodeAdminManager-0] INFO  node.DatanodeAdminMonitorImpl (DatanodeAdminMonitorImpl.java:putIntoMaintenance(313)) - Datanode 0411c1e5-01dd-41ac-a234-123af2469892{ip: 172.17.0.2, host: 1fad9502c7b4, networkLocation: /default-rack, certSerialId: null, persistedOpState: ENTERING_MAINTENANCE, persistedOpStateExpiryEpochSec: 0} has entered maintenance
2020-12-18 01:51:43,538 [DatanodeAdminManager-0] INFO  node.DatanodeAdminMonitorImpl (DatanodeAdminMonitorImpl.java:run(136)) - There are 3 nodes tracked for decommission and maintenance. 0 pending nodes.
2020-12-18 01:51:44,111 [IPC Server handler 5 on default port 35861] INFO  node.SCMNodeManager (SCMNodeManager.java:updateDatanodeOpState(419)) - Scheduling a command to update the operationalState persisted on the datanode as the reported value (ENTERING_MAINTENANCE, 0) does not match the value stored in SCM (IN_MAINTENANCE, 0)
2020-12-18 01:51:44,121 [IPC Server handler 12 on default port 35861] INFO  node.SCMNodeManager (SCMNodeManager.java:updateDatanodeOpState(419)) - Scheduling a command to update the operationalState persisted on the datanode as the reported value (ENTERING_MAINTENANCE, 0) does not match the value stored in SCM (IN_MAINTENANCE, 0)
2020-12-18 01:51:44,123 [IPC Server handler 13 on default port 35861] INFO  node.SCMNodeManager (SCMNodeManager.java:updateDatanodeOpState(419)) - Scheduling a command to update the operationalState persisted on the datanode as the reported value (ENTERING_MAINTENANCE, 0) does not match the value stored in SCM (IN_MAINTENANCE, 0)
2020-12-18 01:51:44,173 [ReplicationMonitor] INFO  container.ReplicationManager (ReplicationManager.java:run(250)) - Replication Monitor Thread took 1 milliseconds for processing 4 containers.
2020-12-18 01:51:44,537 [DatanodeAdminManager-0] INFO  node.DatanodeAdminMonitorImpl (DatanodeAdminMonitorImpl.java:run(136)) - There are 3 nodes tracked for decommission and maintenance. 0 pending nodes.
2020-12-18 01:51:45,110 [IPC Server handler 17 on default port 35861] INFO  node.SCMNodeManager (SCMNodeManager.java:updateDatanodeOpState(419)) - Scheduling a command to update the operationalState persisted on the datanode as the reported value (ENTERING_MAINTENANCE, 0) does not match the value stored in SCM (IN_MAINTENANCE, 0)
2020-12-18 01:51:45,121 [IPC Server handler 11 on default port 35861] INFO  node.SCMNodeManager (SCMNodeManager.java:updateDatanodeOpState(419)) - Scheduling a command to update the operationalState persisted on the datanode as the reported value (ENTERING_MAINTENANCE, 0) does not match the value stored in SCM (IN_MAINTENANCE, 0)
2020-12-18 01:51:45,122 [IPC Server handler 12 on default port 35861] INFO  node.SCMNodeManager (SCMNodeManager.java:updateDatanodeOpState(419)) - Scheduling a command to update the operationalState persisted on the datanode as the reported value (ENTERING_MAINTENANCE, 0) does not match the value stored in SCM (IN_MAINTENANCE, 0)
2020-12-18 01:51:45,174 [ReplicationMonitor] INFO  container.ReplicationManager (ReplicationManager.java:run(250)) - Replication Monitor Thread took 0 milliseconds for processing 4 containers.
2020-12-18 01:51:45,537 [DatanodeAdminManager-0] INFO  node.DatanodeAdminMonitorImpl (DatanodeAdminMonitorImpl.java:run(136)) - There are 3 nodes tracked for decommission and maintenance. 0 pending nodes.
2020-12-18 01:51:46,122 [IPC Server handler 11 on default port 35861] INFO  node.SCMNodeManager (SCMNodeManager.java:updateDatanodeOpState(419)) - Scheduling a command to update the operationalState persisted on the datanode as the reported value (ENTERING_MAINTENANCE, 0) does not match the value stored in SCM (IN_MAINTENANCE, 0)
2020-12-18 01:51:46,174 [ReplicationMonitor] INFO  container.ReplicationManager (ReplicationManager.java:run(250)) - Replication Monitor Thread took 0 milliseconds for processing 4 containers.
2020-12-18 01:51:46,537 [DatanodeAdminManager-0] INFO  node.DatanodeAdminMonitorImpl (DatanodeAdminMonitorImpl.java:run(136)) - There are 3 nodes tracked for decommission and maintenance. 0 pending nodes.
2020-12-18 01:51:47,175 [ReplicationMonitor] INFO  container.ReplicationManager (ReplicationManager.java:run(250)) - Replication Monitor Thread took 0 milliseconds for processing 4 containers.
2020-12-18 01:51:47,282 [Listener at 127.0.0.1/40197] INFO  ozone.MiniOzoneClusterImpl (MiniOzoneClusterImpl.java:shutdown(388)) - Shutting down the Mini Ozone Cluster
2020-12-18 01:51:47,282 [Listener at 127.0.0.1/40197] INFO  ozone.MiniOzoneClusterImpl (MiniOzoneClusterImpl.java:stop(403)) - Stopping the Mini Ozone Cluster
2020-12-18 01:51:47,282 [Listener at 127.0.0.1/40197] INFO  ozone.MiniOzoneClusterImpl (MiniOzoneClusterImpl.java:stopOM(485)) - Stopping the OzoneManager
2020-12-18 01:51:47,283 [Listener at 127.0.0.1/40197] INFO  ipc.Server (Server.java:stop(3359)) - Stopping server on 40197
2020-12-18 01:51:47,288 [IPC Server listener on 0] INFO  ipc.Server (Server.java:run(1330)) - Stopping IPC Server listener on 0
2020-12-18 01:51:47,288 [IPC Server Responder] INFO  ipc.Server (Server.java:run(1465)) - Stopping IPC Server Responder
2020-12-18 01:51:47,289 [Listener at 127.0.0.1/40197] INFO  ratis.OzoneManagerDoubleBuffer (OzoneManagerDoubleBuffer.java:stop(457)) - Stopping OMDoubleBuffer flush thread
2020-12-18 01:51:47,289 [OMDoubleBufferFlushThread] INFO  ratis.OzoneManagerDoubleBuffer (OzoneManagerDoubleBuffer.java:flushTransactions(356)) - OMDoubleBuffer flush thread OMDoubleBufferFlushThread is interrupted and will exit. OMDoubleBufferFlushThread
2020-12-18 01:51:47,289 [Listener at 127.0.0.1/40197] INFO  utils.BackgroundService (BackgroundService.java:shutdown(132)) - Shutting down service KeyDeletingService
2020-12-18 01:51:47,290 [Listener at 127.0.0.1/40197] INFO  handler.ContextHandler (ContextHandler.java:doStop(1154)) - Stopped o.e.j.w.WebAppContext@4433e4e2{ozoneManager,/,null,STOPPED}{file:/github/workspace/mnt/ozone/hadoop-ozone/integration-test/target/test-classes/webapps/ozoneManager}
2020-12-18 01:51:47,290 [Listener at 127.0.0.1/40197] INFO  server.AbstractConnector (AbstractConnector.java:doStop(381)) - Stopped ServerConnector@2ff35182{HTTP/1.1, (http/1.1)}{0.0.0.0:0}
2020-12-18 01:51:47,290 [Listener at 127.0.0.1/40197] INFO  server.session (HouseKeeper.java:stopScavenging(149)) - node0 Stopped scavenging
2020-12-18 01:51:47,291 [Listener at 127.0.0.1/40197] INFO  handler.ContextHandler (ContextHandler.java:doStop(1154)) - Stopped o.e.j.s.ServletContextHandler@31b9a628{static,/static,file:///github/workspace/mnt/ozone/hadoop-ozone/integration-test/target/test-classes/webapps/static,STOPPED}
2020-12-18 01:51:47,291 [Listener at 127.0.0.1/40197] INFO  handler.ContextHandler (ContextHandler.java:doStop(1154)) - Stopped o.e.j.s.ServletContextHandler@66716c60{logs,/logs,file:///github/workspace/mnt/ozone/hadoop-ozone/integration-test/target/log,STOPPED}
2020-12-18 01:51:47,294 [Listener at 127.0.0.1/40197] INFO  ozone.MiniOzoneClusterImpl (MiniOzoneClusterImpl.java:stopDatanodes(462)) - Stopping the HddsDatanodes
2020-12-18 01:51:47,537 [DatanodeAdminManager-0] INFO  node.DatanodeAdminMonitorImpl (DatanodeAdminMonitorImpl.java:run(136)) - There are 3 nodes tracked for decommission and maintenance. 0 pending nodes.
2020-12-18 01:51:47,861 [Datanode State Machine Thread - 0] INFO  statemachine.DatanodeStateMachine (DatanodeStateMachine.java:lambda$startDaemon$0(408)) - Ozone container server started.
2020-12-18 01:51:48,110 [Datanode State Machine Thread - 0] INFO  statemachine.DatanodeStateMachine (DatanodeStateMachine.java:lambda$startDaemon$0(408)) - Ozone container server started.
2020-12-18 01:51:48,175 [ReplicationMonitor] INFO  container.ReplicationManager (ReplicationManager.java:run(250)) - Replication Monitor Thread took 0 milliseconds for processing 4 containers.
2020-12-18 01:51:48,519 [ForkJoinPool.commonPool-worker-0] INFO  ozoneimpl.OzoneContainer (OzoneContainer.java:stop(257)) - Attempting to stop container services.
2020-12-18 01:51:48,519 [ForkJoinPool.commonPool-worker-0] INFO  impl.RaftServerProxy (RaftServerProxy.java:lambda$close$4(338)) - 0411c1e5-01dd-41ac-a234-123af2469892: close
2020-12-18 01:51:48,519 [ForkJoinPool.commonPool-worker-0] INFO  server.GrpcService (GrpcService.java:closeImpl(184)) - 0411c1e5-01dd-41ac-a234-123af2469892: shutdown server with port 39213 now
2020-12-18 01:51:48,521 [grpc-default-executor-2] WARN  client.GrpcClientProtocolService (LogUtils.java:warn(122)) - 1-UnorderedRequestStreamObserver1: onError: org.apache.ratis.thirdparty.io.grpc.StatusRuntimeException: CANCELLED: cancelled before receiving half close
2020-12-18 01:51:48,525 [ForkJoinPool.commonPool-worker-0] INFO  server.GrpcService (GrpcService.java:closeImpl(193)) - 0411c1e5-01dd-41ac-a234-123af2469892: shutdown server with port 39213 successfully
2020-12-18 01:51:48,527 [ForkJoinPool.commonPool-worker-0] INFO  utils.BackgroundService (BackgroundService.java:shutdown(132)) - Shutting down service BlockDeletingService
2020-12-18 01:51:48,529 [ForkJoinPool.commonPool-worker-0] INFO  statemachine.DatanodeStateMachine (DatanodeStateMachine.java:stopDaemon(461)) - Ozone container server stopped.
2020-12-18 01:51:48,538 [DatanodeAdminManager-0] INFO  node.DatanodeAdminMonitorImpl (DatanodeAdminMonitorImpl.java:run(136)) - There are 3 nodes tracked for decommission and maintenance. 0 pending nodes.
2020-12-18 01:51:48,538 [ForkJoinPool.commonPool-worker-0] INFO  handler.ContextHandler (ContextHandler.java:doStop(1154)) - Stopped o.e.j.w.WebAppContext@355c236b{hddsDatanode,/,null,STOPPED}{jar:file:/home/user/.m2/repository/org/apache/hadoop/hadoop-hdds-container-service/1.1.0-SNAPSHOT/hadoop-hdds-container-service-1.1.0-SNAPSHOT.jar!/webapps/hddsDatanode}
2020-12-18 01:51:48,538 [ForkJoinPool.commonPool-worker-0] INFO  server.AbstractConnector (AbstractConnector.java:doStop(381)) - Stopped ServerConnector@1ad7892{HTTP/1.1, (http/1.1)}{0.0.0.0:0}
2020-12-18 01:51:48,538 [ForkJoinPool.commonPool-worker-0] INFO  server.session (HouseKeeper.java:stopScavenging(149)) - node0 Stopped scavenging
2020-12-18 01:51:48,539 [ForkJoinPool.commonPool-worker-0] INFO  handler.ContextHandler (ContextHandler.java:doStop(1154)) - Stopped o.e.j.s.ServletContextHandler@5ddc077b{static,/static,jar:file:/home/user/.m2/repository/org/apache/hadoop/hadoop-hdds-container-service/1.1.0-SNAPSHOT/hadoop-hdds-container-service-1.1.0-SNAPSHOT.jar!/webapps/static,STOPPED}
2020-12-18 01:51:48,539 [ForkJoinPool.commonPool-worker-0] INFO  handler.ContextHandler (ContextHandler.java:doStop(1154)) - Stopped o.e.j.s.ServletContextHandler@794ca18b{logs,/logs,file:///github/workspace/mnt/ozone/hadoop-ozone/integration-test/target/log,STOPPED}
2020-12-18 01:51:49,002 [Listener at 127.0.0.1/40197] INFO  ozoneimpl.OzoneContainer (OzoneContainer.java:stop(257)) - Attempting to stop container services.
2020-12-18 01:51:49,002 [Listener at 127.0.0.1/40197] INFO  impl.RaftServerProxy (RaftServerProxy.java:lambda$close$4(338)) - ebd34426-50bd-4b83-bb6a-fbb1ddb02546: close
2020-12-18 01:51:49,002 [Listener at 127.0.0.1/40197] INFO  impl.RaftServerImpl (RaftServerImpl.java:lambda$shutdown$3(328)) - ebd34426-50bd-4b83-bb6a-fbb1ddb02546@group-088B413A0819: shutdown
2020-12-18 01:51:49,003 [Listener at 127.0.0.1/40197] INFO  util.JmxRegister (JmxRegister.java:unregister(73)) - Successfully un-registered JMX Bean with object name Ratis:service=RaftServer,group=group-088B413A0819,id=ebd34426-50bd-4b83-bb6a-fbb1ddb02546
2020-12-18 01:51:49,003 [Listener at 127.0.0.1/40197] INFO  impl.RoleInfo (RoleInfo.java:shutdownFollowerState(121)) - ebd34426-50bd-4b83-bb6a-fbb1ddb02546: shutdown ebd34426-50bd-4b83-bb6a-fbb1ddb02546@group-088B413A0819-FollowerState
2020-12-18 01:51:49,003 [Listener at 127.0.0.1/40197] INFO  impl.StateMachineUpdater (StateMachineUpdater.java:stopAndJoin(147)) - ebd34426-50bd-4b83-bb6a-fbb1ddb02546@group-088B413A0819-StateMachineUpdater: set stopIndex = 35
2020-12-18 01:51:49,003 [Thread-866] INFO  impl.FollowerState (FollowerState.java:run(137)) - ebd34426-50bd-4b83-bb6a-fbb1ddb02546@group-088B413A0819-FollowerState was interrupted: {}
java.lang.InterruptedException: sleep interrupted
	at java.lang.Thread.sleep(Native Method)
	at org.apache.ratis.util.JavaUtils.sleep(JavaUtils.java:250)
	at org.apache.ratis.server.impl.FollowerState.run(FollowerState.java:116)
2020-12-18 01:51:49,003 [ebd34426-50bd-4b83-bb6a-fbb1ddb02546@group-088B413A0819-StateMachineUpdater] INFO  ratis.ContainerStateMachine (ContainerStateMachine.java:takeSnapshot(293)) - group-088B413A0819: Taking a snapshot at:(t:1, i:35) file /github/workspace/mnt/ozone/hadoop-ozone/integration-test/target/test-dir/MiniOzoneClusterImpl-4564f03c-bda0-461a-b884-74ed0c78bad0/datanode-3/data/ratis/6eadbec1-4054-4a55-8ca7-088b413a0819/sm/snapshot.1_35
2020-12-18 01:51:49,005 [ebd34426-50bd-4b83-bb6a-fbb1ddb02546@group-088B413A0819-StateMachineUpdater] INFO  ratis.ContainerStateMachine (ContainerStateMachine.java:takeSnapshot(304)) - group-088B413A0819: Finished taking a snapshot at:(t:1, i:35) file:/github/workspace/mnt/ozone/hadoop-ozone/integration-test/target/test-dir/MiniOzoneClusterImpl-4564f03c-bda0-461a-b884-74ed0c78bad0/datanode-3/data/ratis/6eadbec1-4054-4a55-8ca7-088b413a0819/sm/snapshot.1_35 time:2
2020-12-18 01:51:49,005 [ebd34426-50bd-4b83-bb6a-fbb1ddb02546@group-088B413A0819-StateMachineUpdater] INFO  impl.StateMachineUpdater (StateMachineUpdater.java:takeSnapshot(278)) - ebd34426-50bd-4b83-bb6a-fbb1ddb02546@group-088B413A0819-StateMachineUpdater: Took a snapshot at index 35
2020-12-18 01:51:49,005 [ebd34426-50bd-4b83-bb6a-fbb1ddb02546@group-088B413A0819-StateMachineUpdater] INFO  impl.StateMachineUpdater (StateMachineUpdater.java:lambda$new$0(87)) - ebd34426-50bd-4b83-bb6a-fbb1ddb02546@group-088B413A0819-StateMachineUpdater: snapshotIndex: updateIncreasingly -1 -> 35
2020-12-18 01:51:49,005 [ebd34426-50bd-4b83-bb6a-fbb1ddb02546@group-088B413A0819-StateMachineUpdater] INFO  metrics.RatisMetrics (RatisMetrics.java:unregister(43)) - Unregistering Metrics Registry : ratis.state_machine.ebd34426-50bd-4b83-bb6a-fbb1ddb02546@group-088B413A0819
2020-12-18 01:51:49,006 [Listener at 127.0.0.1/40197] INFO  impl.RaftServerImpl (ServerState.java:close(406)) - ebd34426-50bd-4b83-bb6a-fbb1ddb02546@group-088B413A0819: closes. applyIndex: 35
2020-12-18 01:51:49,006 [ebd34426-50bd-4b83-bb6a-fbb1ddb02546@group-088B413A0819-SegmentedRaftLogWorker] INFO  segmented.SegmentedRaftLogWorker (SegmentedRaftLogWorker.java:run(329)) - ebd34426-50bd-4b83-bb6a-fbb1ddb02546@group-088B413A0819-SegmentedRaftLogWorker was interrupted, exiting. There are 0 tasks remaining in the queue.
2020-12-18 01:51:49,006 [Listener at 127.0.0.1/40197] INFO  segmented.SegmentedRaftLogWorker (SegmentedRaftLogWorker.java:close(235)) - ebd34426-50bd-4b83-bb6a-fbb1ddb02546@group-088B413A0819-SegmentedRaftLogWorker close()
2020-12-18 01:51:49,006 [Listener at 127.0.0.1/40197] INFO  metrics.RatisMetrics (RatisMetrics.java:unregister(43)) - Unregistering Metrics Registry : ratis.log_worker.ebd34426-50bd-4b83-bb6a-fbb1ddb02546@group-088B413A0819
2020-12-18 01:51:49,007 [Listener at 127.0.0.1/40197] INFO  metrics.RatisMetrics (RatisMetrics.java:unregister(43)) - Unregistering Metrics Registry : ratis.leader_election.ebd34426-50bd-4b83-bb6a-fbb1ddb02546@group-088B413A0819
2020-12-18 01:51:49,007 [Listener at 127.0.0.1/40197] INFO  metrics.RatisMetrics (RatisMetrics.java:unregister(43)) - Unregistering Metrics Registry : ratis.server.ebd34426-50bd-4b83-bb6a-fbb1ddb02546@group-088B413A0819
2020-12-18 01:51:49,007 [Listener at 127.0.0.1/40197] INFO  impl.RaftServerImpl (RaftServerImpl.java:lambda$shutdown$3(328)) - ebd34426-50bd-4b83-bb6a-fbb1ddb02546@group-59712B5B9203: shutdown
2020-12-18 01:51:49,007 [Listener at 127.0.0.1/40197] INFO  util.JmxRegister (JmxRegister.java:unregister(73)) - Successfully un-registered JMX Bean with object name Ratis:service=RaftServer,group=group-59712B5B9203,id=ebd34426-50bd-4b83-bb6a-fbb1ddb02546
2020-12-18 01:51:49,007 [Listener at 127.0.0.1/40197] INFO  impl.RoleInfo (RoleInfo.java:shutdownLeaderState(104)) - ebd34426-50bd-4b83-bb6a-fbb1ddb02546: shutdown ebd34426-50bd-4b83-bb6a-fbb1ddb02546@group-59712B5B9203-LeaderState
2020-12-18 01:51:49,007 [Listener at 127.0.0.1/40197] INFO  impl.PendingRequests (PendingRequests.java:sendNotLeaderResponses(250)) - ebd34426-50bd-4b83-bb6a-fbb1ddb02546@group-59712B5B9203-PendingRequests: sendNotLeaderResponses
2020-12-18 01:51:49,008 [Listener at 127.0.0.1/40197] INFO  metrics.RatisMetrics (RatisMetrics.java:unregister(43)) - Unregistering Metrics Registry : ratis.log_appender.ebd34426-50bd-4b83-bb6a-fbb1ddb02546@group-59712B5B9203
2020-12-18 01:51:49,008 [Listener at 127.0.0.1/40197] INFO  metrics.RatisMetrics (RatisMetrics.java:unregister(43)) - Unregistering Metrics Registry : ratis.server.ebd34426-50bd-4b83-bb6a-fbb1ddb02546@group-59712B5B9203
2020-12-18 01:51:49,008 [ebd34426-50bd-4b83-bb6a-fbb1ddb02546@group-59712B5B9203-StateMachineUpdater] INFO  ratis.ContainerStateMachine (ContainerStateMachine.java:takeSnapshot(293)) - group-59712B5B9203: Taking a snapshot at:(t:1, i:0) file /github/workspace/mnt/ozone/hadoop-ozone/integration-test/target/test-dir/MiniOzoneClusterImpl-4564f03c-bda0-461a-b884-74ed0c78bad0/datanode-3/data/ratis/4bca456e-5f78-4f02-9a4c-59712b5b9203/sm/snapshot.1_0
2020-12-18 01:51:49,009 [Listener at 127.0.0.1/40197] INFO  impl.StateMachineUpdater (StateMachineUpdater.java:stopAndJoin(147)) - ebd34426-50bd-4b83-bb6a-fbb1ddb02546@group-59712B5B9203-StateMachineUpdater: set stopIndex = 0
2020-12-18 01:51:49,009 [ebd34426-50bd-4b83-bb6a-fbb1ddb02546@group-59712B5B9203-StateMachineUpdater] INFO  ratis.ContainerStateMachine (ContainerStateMachine.java:takeSnapshot(304)) - group-59712B5B9203: Finished taking a snapshot at:(t:1, i:0) file:/github/workspace/mnt/ozone/hadoop-ozone/integration-test/target/test-dir/MiniOzoneClusterImpl-4564f03c-bda0-461a-b884-74ed0c78bad0/datanode-3/data/ratis/4bca456e-5f78-4f02-9a4c-59712b5b9203/sm/snapshot.1_0 time:1
2020-12-18 01:51:49,009 [ebd34426-50bd-4b83-bb6a-fbb1ddb02546@group-59712B5B9203-StateMachineUpdater] INFO  impl.StateMachineUpdater (StateMachineUpdater.java:takeSnapshot(278)) - ebd34426-50bd-4b83-bb6a-fbb1ddb02546@group-59712B5B9203-StateMachineUpdater: Took a snapshot at index 0
2020-12-18 01:51:49,009 [ebd34426-50bd-4b83-bb6a-fbb1ddb02546@group-59712B5B9203-StateMachineUpdater] INFO  impl.StateMachineUpdater (StateMachineUpdater.java:lambda$new$0(87)) - ebd34426-50bd-4b83-bb6a-fbb1ddb02546@group-59712B5B9203-StateMachineUpdater: snapshotIndex: updateIncreasingly -1 -> 0
2020-12-18 01:51:49,009 [ebd34426-50bd-4b83-bb6a-fbb1ddb02546@group-59712B5B9203-StateMachineUpdater] INFO  metrics.RatisMetrics (RatisMetrics.java:unregister(43)) - Unregistering Metrics Registry : ratis.state_machine.ebd34426-50bd-4b83-bb6a-fbb1ddb02546@group-59712B5B9203
2020-12-18 01:51:49,010 [Listener at 127.0.0.1/40197] INFO  impl.RaftServerImpl (ServerState.java:close(406)) - ebd34426-50bd-4b83-bb6a-fbb1ddb02546@group-59712B5B9203: closes. applyIndex: 0
2020-12-18 01:51:49,010 [ebd34426-50bd-4b83-bb6a-fbb1ddb02546@group-59712B5B9203-SegmentedRaftLogWorker] INFO  segmented.SegmentedRaftLogWorker (SegmentedRaftLogWorker.java:run(329)) - ebd34426-50bd-4b83-bb6a-fbb1ddb02546@group-59712B5B9203-SegmentedRaftLogWorker was interrupted, exiting. There are 0 tasks remaining in the queue.
2020-12-18 01:51:49,010 [Listener at 127.0.0.1/40197] INFO  segmented.SegmentedRaftLogWorker (SegmentedRaftLogWorker.java:close(235)) - ebd34426-50bd-4b83-bb6a-fbb1ddb02546@group-59712B5B9203-SegmentedRaftLogWorker close()
2020-12-18 01:51:49,010 [Listener at 127.0.0.1/40197] INFO  metrics.RatisMetrics (RatisMetrics.java:unregister(43)) - Unregistering Metrics Registry : ratis.log_worker.ebd34426-50bd-4b83-bb6a-fbb1ddb02546@group-59712B5B9203
2020-12-18 01:51:49,010 [Listener at 127.0.0.1/40197] INFO  metrics.RatisMetrics (RatisMetrics.java:unregister(43)) - Unregistering Metrics Registry : ratis.leader_election.ebd34426-50bd-4b83-bb6a-fbb1ddb02546@group-59712B5B9203
2020-12-18 01:51:49,011 [Listener at 127.0.0.1/40197] INFO  metrics.RatisMetrics (RatisMetrics.java:unregister(43)) - Unregistering Metrics Registry : ratis.server.ebd34426-50bd-4b83-bb6a-fbb1ddb02546@group-59712B5B9203
2020-12-18 01:51:49,011 [Listener at 127.0.0.1/40197] INFO  server.GrpcService (GrpcService.java:closeImpl(184)) - ebd34426-50bd-4b83-bb6a-fbb1ddb02546: shutdown server with port 40781 now
2020-12-18 01:51:49,013 [grpc-default-executor-0] WARN  server.GrpcServerProtocolService (LogUtils.java:warn(122)) - ebd34426-50bd-4b83-bb6a-fbb1ddb02546: installSnapshot onError, lastRequest: 3269f5d2-042c-40e4-98fc-53bb9834c825->ebd34426-50bd-4b83-bb6a-fbb1ddb02546#364-t1, previous=(t:1, i:34), leaderCommit=33, initializing? false, entries: size=1, first=(t:1, i:35), METADATAENTRY(c:33): org.apache.ratis.thirdparty.io.grpc.StatusRuntimeException: CANCELLED: cancelled before receiving half close
2020-12-18 01:51:49,013 [Listener at 127.0.0.1/40197] INFO  server.GrpcService (GrpcService.java:closeImpl(193)) - ebd34426-50bd-4b83-bb6a-fbb1ddb02546: shutdown server with port 40781 successfully
2020-12-18 01:51:49,013 [grpc-default-executor-0] WARN  server.GrpcLogAppender (LogUtils.java:warn(122)) - 3269f5d2-042c-40e4-98fc-53bb9834c825@group-088B413A0819->ebd34426-50bd-4b83-bb6a-fbb1ddb02546-AppendLogResponseHandler: Failed appendEntries: org.apache.ratis.thirdparty.io.grpc.StatusRuntimeException: CANCELLED: HTTP/2 error code: CANCEL
Received Rst Stream
2020-12-18 01:51:49,013 [grpc-default-executor-0] INFO  impl.FollowerInfo (FollowerInfo.java:lambda$new$0(51)) - 3269f5d2-042c-40e4-98fc-53bb9834c825@group-088B413A0819->ebd34426-50bd-4b83-bb6a-fbb1ddb02546: nextIndex: updateUnconditionally 36 -> 35
2020-12-18 01:51:49,014 [Listener at 127.0.0.1/40197] INFO  utils.BackgroundService (BackgroundService.java:shutdown(132)) - Shutting down service BlockDeletingService
2020-12-18 01:51:49,016 [Listener at 127.0.0.1/40197] INFO  statemachine.DatanodeStateMachine (DatanodeStateMachine.java:stopDaemon(461)) - Ozone container server stopped.
2020-12-18 01:51:49,022 [grpc-default-executor-2] WARN  server.GrpcLogAppender (LogUtils.java:warn(122)) - 3269f5d2-042c-40e4-98fc-53bb9834c825@group-088B413A0819->ebd34426-50bd-4b83-bb6a-fbb1ddb02546-AppendLogResponseHandler: Failed appendEntries: org.apache.ratis.thirdparty.io.grpc.StatusRuntimeException: UNAVAILABLE: io exception
2020-12-18 01:51:49,022 [grpc-default-executor-2] INFO  impl.FollowerInfo (FollowerInfo.java:lambda$new$0(51)) - 3269f5d2-042c-40e4-98fc-53bb9834c825@group-088B413A0819->ebd34426-50bd-4b83-bb6a-fbb1ddb02546: nextIndex: updateUnconditionally 36 -> 35
2020-12-18 01:51:49,026 [Listener at 127.0.0.1/40197] INFO  handler.ContextHandler (ContextHandler.java:doStop(1154)) - Stopped o.e.j.w.WebAppContext@7aa146e5{hddsDatanode,/,null,STOPPED}{jar:file:/home/user/.m2/repository/org/apache/hadoop/hadoop-hdds-container-service/1.1.0-SNAPSHOT/hadoop-hdds-container-service-1.1.0-SNAPSHOT.jar!/webapps/hddsDatanode}
2020-12-18 01:51:49,029 [Listener at 127.0.0.1/40197] INFO  server.AbstractConnector (AbstractConnector.java:doStop(381)) - Stopped ServerConnector@49b00b5{HTTP/1.1, (http/1.1)}{0.0.0.0:0}
2020-12-18 01:51:49,029 [Listener at 127.0.0.1/40197] INFO  server.session (HouseKeeper.java:stopScavenging(149)) - node0 Stopped scavenging
2020-12-18 01:51:49,031 [Listener at 127.0.0.1/40197] INFO  handler.ContextHandler (ContextHandler.java:doStop(1154)) - Stopped o.e.j.s.ServletContextHandler@50235133{static,/static,jar:file:/home/user/.m2/repository/org/apache/hadoop/hadoop-hdds-container-service/1.1.0-SNAPSHOT/hadoop-hdds-container-service-1.1.0-SNAPSHOT.jar!/webapps/static,STOPPED}
2020-12-18 01:51:49,031 [Listener at 127.0.0.1/40197] INFO  handler.ContextHandler (ContextHandler.java:doStop(1154)) - Stopped o.e.j.s.ServletContextHandler@de58d71{logs,/logs,file:///github/workspace/mnt/ozone/hadoop-ozone/integration-test/target/log,STOPPED}
2020-12-18 01:51:49,122 [Datanode State Machine Thread - 0] INFO  statemachine.DatanodeStateMachine (DatanodeStateMachine.java:lambda$startDaemon$0(408)) - Ozone container server started.
2020-12-18 01:51:49,176 [ReplicationMonitor] INFO  container.ReplicationManager (ReplicationManager.java:run(250)) - Replication Monitor Thread took 1 milliseconds for processing 4 containers.
2020-12-18 01:51:49,537 [DatanodeAdminManager-0] INFO  node.DatanodeAdminMonitorImpl (DatanodeAdminMonitorImpl.java:run(136)) - There are 3 nodes tracked for decommission and maintenance. 0 pending nodes.
2020-12-18 01:51:49,822 [Datanode State Machine Thread - 0] INFO  statemachine.DatanodeStateMachine (DatanodeStateMachine.java:lambda$startDaemon$0(408)) - Ozone container server started.
2020-12-18 01:51:49,885 [Listener at 127.0.0.1/40197] INFO  ozoneimpl.OzoneContainer (OzoneContainer.java:stop(257)) - Attempting to stop container services.
2020-12-18 01:51:49,885 [Listener at 127.0.0.1/40197] INFO  impl.RaftServerProxy (RaftServerProxy.java:lambda$close$4(338)) - 3269f5d2-042c-40e4-98fc-53bb9834c825: close
2020-12-18 01:51:49,886 [Listener at 127.0.0.1/40197] INFO  impl.RaftServerImpl (RaftServerImpl.java:lambda$shutdown$3(328)) - 3269f5d2-042c-40e4-98fc-53bb9834c825@group-EFC59497A950: shutdown
2020-12-18 01:51:49,886 [Listener at 127.0.0.1/40197] INFO  util.JmxRegister (JmxRegister.java:unregister(73)) - Successfully un-registered JMX Bean with object name Ratis:service=RaftServer,group=group-EFC59497A950,id=3269f5d2-042c-40e4-98fc-53bb9834c825
2020-12-18 01:51:49,886 [Listener at 127.0.0.1/40197] INFO  impl.RoleInfo (RoleInfo.java:shutdownLeaderState(104)) - 3269f5d2-042c-40e4-98fc-53bb9834c825: shutdown 3269f5d2-042c-40e4-98fc-53bb9834c825@group-EFC59497A950-LeaderState
2020-12-18 01:51:49,886 [Listener at 127.0.0.1/40197] INFO  impl.PendingRequests (PendingRequests.java:sendNotLeaderResponses(250)) - 3269f5d2-042c-40e4-98fc-53bb9834c825@group-EFC59497A950-PendingRequests: sendNotLeaderResponses
2020-12-18 01:51:49,886 [Listener at 127.0.0.1/40197] INFO  metrics.RatisMetrics (RatisMetrics.java:unregister(43)) - Unregistering Metrics Registry : ratis.log_appender.3269f5d2-042c-40e4-98fc-53bb9834c825@group-EFC59497A950
2020-12-18 01:51:49,886 [Listener at 127.0.0.1/40197] INFO  metrics.RatisMetrics (RatisMetrics.java:unregister(43)) - Unregistering Metrics Registry : ratis.server.3269f5d2-042c-40e4-98fc-53bb9834c825@group-EFC59497A950
2020-12-18 01:51:49,887 [Listener at 127.0.0.1/40197] INFO  impl.StateMachineUpdater (StateMachineUpdater.java:stopAndJoin(147)) - 3269f5d2-042c-40e4-98fc-53bb9834c825@group-EFC59497A950-StateMachineUpdater: set stopIndex = 0
2020-12-18 01:51:49,887 [3269f5d2-042c-40e4-98fc-53bb9834c825@group-EFC59497A950-StateMachineUpdater] INFO  ratis.ContainerStateMachine (ContainerStateMachine.java:takeSnapshot(293)) - group-EFC59497A950: Taking a snapshot at:(t:1, i:0) file /github/workspace/mnt/ozone/hadoop-ozone/integration-test/target/test-dir/MiniOzoneClusterImpl-4564f03c-bda0-461a-b884-74ed0c78bad0/datanode-5/data/ratis/86e14c97-cb80-4e1c-9cd8-efc59497a950/sm/snapshot.1_0
2020-12-18 01:51:49,890 [3269f5d2-042c-40e4-98fc-53bb9834c825@group-EFC59497A950-StateMachineUpdater] INFO  ratis.ContainerStateMachine (ContainerStateMachine.java:takeSnapshot(304)) - group-EFC59497A950: Finished taking a snapshot at:(t:1, i:0) file:/github/workspace/mnt/ozone/hadoop-ozone/integration-test/target/test-dir/MiniOzoneClusterImpl-4564f03c-bda0-461a-b884-74ed0c78bad0/datanode-5/data/ratis/86e14c97-cb80-4e1c-9cd8-efc59497a950/sm/snapshot.1_0 time:3
2020-12-18 01:51:49,890 [3269f5d2-042c-40e4-98fc-53bb9834c825@group-EFC59497A950-StateMachineUpdater] INFO  impl.StateMachineUpdater (StateMachineUpdater.java:takeSnapshot(278)) - 3269f5d2-042c-40e4-98fc-53bb9834c825@group-EFC59497A950-StateMachineUpdater: Took a snapshot at index 0
2020-12-18 01:51:49,890 [3269f5d2-042c-40e4-98fc-53bb9834c825@group-EFC59497A950-StateMachineUpdater] INFO  impl.StateMachineUpdater (StateMachineUpdater.java:lambda$new$0(87)) - 3269f5d2-042c-40e4-98fc-53bb9834c825@group-EFC59497A950-StateMachineUpdater: snapshotIndex: updateIncreasingly -1 -> 0
2020-12-18 01:51:49,890 [3269f5d2-042c-40e4-98fc-53bb9834c825@group-EFC59497A950-StateMachineUpdater] INFO  metrics.RatisMetrics (RatisMetrics.java:unregister(43)) - Unregistering Metrics Registry : ratis.state_machine.3269f5d2-042c-40e4-98fc-53bb9834c825@group-EFC59497A950
2020-12-18 01:51:49,890 [Listener at 127.0.0.1/40197] INFO  impl.RaftServerImpl (ServerState.java:close(406)) - 3269f5d2-042c-40e4-98fc-53bb9834c825@group-EFC59497A950: closes. applyIndex: 0
2020-12-18 01:51:49,891 [3269f5d2-042c-40e4-98fc-53bb9834c825@group-EFC59497A950-SegmentedRaftLogWorker] INFO  segmented.SegmentedRaftLogWorker (SegmentedRaftLogWorker.java:run(329)) - 3269f5d2-042c-40e4-98fc-53bb9834c825@group-EFC59497A950-SegmentedRaftLogWorker was interrupted, exiting. There are 0 tasks remaining in the queue.
2020-12-18 01:51:49,893 [Listener at 127.0.0.1/40197] INFO  segmented.SegmentedRaftLogWorker (SegmentedRaftLogWorker.java:close(235)) - 3269f5d2-042c-40e4-98fc-53bb9834c825@group-EFC59497A950-SegmentedRaftLogWorker close()
2020-12-18 01:51:49,893 [Listener at 127.0.0.1/40197] INFO  metrics.RatisMetrics (RatisMetrics.java:unregister(43)) - Unregistering Metrics Registry : ratis.log_worker.3269f5d2-042c-40e4-98fc-53bb9834c825@group-EFC59497A950
2020-12-18 01:51:49,893 [Listener at 127.0.0.1/40197] INFO  metrics.RatisMetrics (RatisMetrics.java:unregister(43)) - Unregistering Metrics Registry : ratis.leader_election.3269f5d2-042c-40e4-98fc-53bb9834c825@group-EFC59497A950
2020-12-18 01:51:49,893 [Listener at 127.0.0.1/40197] INFO  metrics.RatisMetrics (RatisMetrics.java:unregister(43)) - Unregistering Metrics Registry : ratis.server.3269f5d2-042c-40e4-98fc-53bb9834c825@group-EFC59497A950
2020-12-18 01:51:49,893 [Listener at 127.0.0.1/40197] INFO  impl.RaftServerImpl (RaftServerImpl.java:lambda$shutdown$3(328)) - 3269f5d2-042c-40e4-98fc-53bb9834c825@group-088B413A0819: shutdown
2020-12-18 01:51:49,894 [Listener at 127.0.0.1/40197] INFO  util.JmxRegister (JmxRegister.java:unregister(73)) - Successfully un-registered JMX Bean with object name Ratis:service=RaftServer,group=group-088B413A0819,id=3269f5d2-042c-40e4-98fc-53bb9834c825
2020-12-18 01:51:49,894 [Listener at 127.0.0.1/40197] INFO  impl.RoleInfo (RoleInfo.java:shutdownLeaderState(104)) - 3269f5d2-042c-40e4-98fc-53bb9834c825: shutdown 3269f5d2-042c-40e4-98fc-53bb9834c825@group-088B413A0819-LeaderState
2020-12-18 01:51:49,894 [Listener at 127.0.0.1/40197] INFO  metrics.RatisMetrics (RatisMetrics.java:unregister(43)) - Unregistering Metrics Registry : ratis_grpc.log_appender.3269f5d2-042c-40e4-98fc-53bb9834c825@group-088B413A0819
2020-12-18 01:51:49,894 [Listener at 127.0.0.1/40197] INFO  metrics.RatisMetrics (RatisMetrics.java:unregister(43)) - Unregistering Metrics Registry : ratis_grpc.log_appender.3269f5d2-042c-40e4-98fc-53bb9834c825@group-088B413A0819
2020-12-18 01:51:49,894 [org.apache.ratis.server.impl.LogAppender$AppenderDaemon$$Lambda$504/845674730@321f3b3e] WARN  server.GrpcLogAppender (GrpcLogAppender.java:mayWait(168)) - 3269f5d2-042c-40e4-98fc-53bb9834c825@group-088B413A0819->ebd34426-50bd-4b83-bb6a-fbb1ddb02546-GrpcLogAppender: Wait interrupted by java.lang.InterruptedException
2020-12-18 01:51:49,894 [org.apache.ratis.server.impl.LogAppender$AppenderDaemon$$Lambda$504/845674730@791bd57e] WARN  server.GrpcLogAppender (GrpcLogAppender.java:mayWait(168)) - 3269f5d2-042c-40e4-98fc-53bb9834c825@group-088B413A0819->30321cca-a230-403c-ae60-27735093aac3-GrpcLogAppender: Wait interrupted by java.lang.InterruptedException
2020-12-18 01:51:49,894 [Listener at 127.0.0.1/40197] INFO  impl.PendingRequests (PendingRequests.java:sendNotLeaderResponses(250)) - 3269f5d2-042c-40e4-98fc-53bb9834c825@group-088B413A0819-PendingRequests: sendNotLeaderResponses
2020-12-18 01:51:49,895 [grpc-default-executor-2] INFO  server.GrpcServerProtocolService (GrpcServerProtocolService.java:onCompleted(138)) - 30321cca-a230-403c-ae60-27735093aac3: Completed APPEND_ENTRIES, lastRequest: 3269f5d2-042c-40e4-98fc-53bb9834c825->30321cca-a230-403c-ae60-27735093aac3#356-t1, previous=(t:1, i:34), leaderCommit=33, initializing? false, entries: size=1, first=(t:1, i:35), METADATAENTRY(c:33)
2020-12-18 01:51:49,897 [grpc-default-executor-2] INFO  server.GrpcLogAppender (GrpcLogAppender.java:onCompleted(337)) - 3269f5d2-042c-40e4-98fc-53bb9834c825@group-088B413A0819->30321cca-a230-403c-ae60-27735093aac3-AppendLogResponseHandler: follower responses appendEntries COMPLETED
2020-12-18 01:51:49,897 [grpc-default-executor-2] INFO  impl.FollowerInfo (FollowerInfo.java:lambda$new$0(51)) - 3269f5d2-042c-40e4-98fc-53bb9834c825@group-088B413A0819->30321cca-a230-403c-ae60-27735093aac3: nextIndex: updateUnconditionally 36 -> 35
2020-12-18 01:51:49,898 [Listener at 127.0.0.1/40197] INFO  metrics.RatisMetrics (RatisMetrics.java:unregister(43)) - Unregistering Metrics Registry : ratis.log_appender.3269f5d2-042c-40e4-98fc-53bb9834c825@group-088B413A0819
2020-12-18 01:51:49,898 [Listener at 127.0.0.1/40197] INFO  metrics.RatisMetrics (RatisMetrics.java:unregister(43)) - Unregistering Metrics Registry : ratis.server.3269f5d2-042c-40e4-98fc-53bb9834c825@group-088B413A0819
2020-12-18 01:51:49,899 [Listener at 127.0.0.1/40197] INFO  impl.StateMachineUpdater (StateMachineUpdater.java:stopAndJoin(147)) - 3269f5d2-042c-40e4-98fc-53bb9834c825@group-088B413A0819-StateMachineUpdater: set stopIndex = 35
2020-12-18 01:51:49,899 [3269f5d2-042c-40e4-98fc-53bb9834c825@group-088B413A0819-StateMachineUpdater] INFO  ratis.ContainerStateMachine (ContainerStateMachine.java:takeSnapshot(293)) - group-088B413A0819: Taking a snapshot at:(t:1, i:35) file /github/workspace/mnt/ozone/hadoop-ozone/integration-test/target/test-dir/MiniOzoneClusterImpl-4564f03c-bda0-461a-b884-74ed0c78bad0/datanode-5/data/ratis/6eadbec1-4054-4a55-8ca7-088b413a0819/sm/snapshot.1_35
2020-12-18 01:51:49,900 [3269f5d2-042c-40e4-98fc-53bb9834c825@group-088B413A0819-StateMachineUpdater] INFO  ratis.ContainerStateMachine (ContainerStateMachine.java:takeSnapshot(304)) - group-088B413A0819: Finished taking a snapshot at:(t:1, i:35) file:/github/workspace/mnt/ozone/hadoop-ozone/integration-test/target/test-dir/MiniOzoneClusterImpl-4564f03c-bda0-461a-b884-74ed0c78bad0/datanode-5/data/ratis/6eadbec1-4054-4a55-8ca7-088b413a0819/sm/snapshot.1_35 time:1
2020-12-18 01:51:49,900 [3269f5d2-042c-40e4-98fc-53bb9834c825@group-088B413A0819-StateMachineUpdater] INFO  impl.StateMachineUpdater (StateMachineUpdater.java:takeSnapshot(278)) - 3269f5d2-042c-40e4-98fc-53bb9834c825@group-088B413A0819-StateMachineUpdater: Took a snapshot at index 35
2020-12-18 01:51:49,900 [3269f5d2-042c-40e4-98fc-53bb9834c825@group-088B413A0819-StateMachineUpdater] INFO  impl.StateMachineUpdater (StateMachineUpdater.java:lambda$new$0(87)) - 3269f5d2-042c-40e4-98fc-53bb9834c825@group-088B413A0819-StateMachineUpdater: snapshotIndex: updateIncreasingly -1 -> 35
2020-12-18 01:51:49,900 [3269f5d2-042c-40e4-98fc-53bb9834c825@group-088B413A0819-StateMachineUpdater] INFO  metrics.RatisMetrics (RatisMetrics.java:unregister(43)) - Unregistering Metrics Registry : ratis.state_machine.3269f5d2-042c-40e4-98fc-53bb9834c825@group-088B413A0819
2020-12-18 01:51:49,900 [Listener at 127.0.0.1/40197] INFO  impl.RaftServerImpl (ServerState.java:close(406)) - 3269f5d2-042c-40e4-98fc-53bb9834c825@group-088B413A0819: closes. applyIndex: 35
2020-12-18 01:51:49,901 [3269f5d2-042c-40e4-98fc-53bb9834c825@group-088B413A0819-SegmentedRaftLogWorker] INFO  segmented.SegmentedRaftLogWorker (SegmentedRaftLogWorker.java:run(329)) - 3269f5d2-042c-40e4-98fc-53bb9834c825@group-088B413A0819-SegmentedRaftLogWorker was interrupted, exiting. There are 0 tasks remaining in the queue.
2020-12-18 01:51:49,901 [Listener at 127.0.0.1/40197] INFO  segmented.SegmentedRaftLogWorker (SegmentedRaftLogWorker.java:close(235)) - 3269f5d2-042c-40e4-98fc-53bb9834c825@group-088B413A0819-SegmentedRaftLogWorker close()
2020-12-18 01:51:49,901 [Listener at 127.0.0.1/40197] INFO  metrics.RatisMetrics (RatisMetrics.java:unregister(43)) - Unregistering Metrics Registry : ratis.log_worker.3269f5d2-042c-40e4-98fc-53bb9834c825@group-088B413A0819
2020-12-18 01:51:49,901 [Listener at 127.0.0.1/40197] INFO  metrics.RatisMetrics (RatisMetrics.java:unregister(43)) - Unregistering Metrics Registry : ratis.leader_election.3269f5d2-042c-40e4-98fc-53bb9834c825@group-088B413A0819
2020-12-18 01:51:49,901 [Listener at 127.0.0.1/40197] INFO  metrics.RatisMetrics (RatisMetrics.java:unregister(43)) - Unregistering Metrics Registry : ratis.server.3269f5d2-042c-40e4-98fc-53bb9834c825@group-088B413A0819
2020-12-18 01:51:49,901 [Listener at 127.0.0.1/40197] INFO  server.GrpcService (GrpcService.java:closeImpl(184)) - 3269f5d2-042c-40e4-98fc-53bb9834c825: shutdown server with port 44561 now
2020-12-18 01:51:49,902 [EventQueue-StaleNodeForStaleNodeHandler] INFO  node.StaleNodeHandler (StaleNodeHandler.java:onMessage(58)) - Datanode ebd34426-50bd-4b83-bb6a-fbb1ddb02546{ip: 172.17.0.2, host: 1fad9502c7b4, networkLocation: /default-rack, certSerialId: null, persistedOpState: IN_SERVICE, persistedOpStateExpiryEpochSec: 0} moved to stale state. Finalizing its pipelines [PipelineID=6eadbec1-4054-4a55-8ca7-088b413a0819, PipelineID=4bca456e-5f78-4f02-9a4c-59712b5b9203]
2020-12-18 01:51:49,902 [EventQueue-StaleNodeForStaleNodeHandler] INFO  pipeline.SCMPipelineManager (SCMPipelineManager.java:finalizeAndDestroyPipeline(482)) - Destroying pipeline:Pipeline[ Id: 6eadbec1-4054-4a55-8ca7-088b413a0819, Nodes: 3269f5d2-042c-40e4-98fc-53bb9834c825{ip: 172.17.0.2, host: 1fad9502c7b4, networkLocation: /default-rack, certSerialId: null, persistedOpState: IN_SERVICE, persistedOpStateExpiryEpochSec: 0}ebd34426-50bd-4b83-bb6a-fbb1ddb02546{ip: 172.17.0.2, host: 1fad9502c7b4, networkLocation: /default-rack, certSerialId: null, persistedOpState: IN_SERVICE, persistedOpStateExpiryEpochSec: 0}30321cca-a230-403c-ae60-27735093aac3{ip: 172.17.0.2, host: 1fad9502c7b4, networkLocation: /default-rack, certSerialId: null, persistedOpState: IN_SERVICE, persistedOpStateExpiryEpochSec: 0}, Type:RATIS, Factor:THREE, State:OPEN, leaderId:3269f5d2-042c-40e4-98fc-53bb9834c825, CreationTimestamp2020-12-18T01:51:18.891Z]
2020-12-18 01:51:49,907 [EventQueue-StaleNodeForStaleNodeHandler] INFO  pipeline.PipelineStateManager (PipelineStateManager.java:finalizePipeline(121)) - Pipeline Pipeline[ Id: 6eadbec1-4054-4a55-8ca7-088b413a0819, Nodes: 3269f5d2-042c-40e4-98fc-53bb9834c825{ip: 172.17.0.2, host: 1fad9502c7b4, networkLocation: /default-rack, certSerialId: null, persistedOpState: IN_SERVICE, persistedOpStateExpiryEpochSec: 0}ebd34426-50bd-4b83-bb6a-fbb1ddb02546{ip: 172.17.0.2, host: 1fad9502c7b4, networkLocation: /default-rack, certSerialId: null, persistedOpState: IN_SERVICE, persistedOpStateExpiryEpochSec: 0}30321cca-a230-403c-ae60-27735093aac3{ip: 172.17.0.2, host: 1fad9502c7b4, networkLocation: /default-rack, certSerialId: null, persistedOpState: IN_SERVICE, persistedOpStateExpiryEpochSec: 0}, Type:RATIS, Factor:THREE, State:CLOSED, leaderId:3269f5d2-042c-40e4-98fc-53bb9834c825, CreationTimestamp2020-12-18T01:51:18.891Z] moved to CLOSED state
2020-12-18 01:51:49,907 [grpc-default-executor-0] WARN  client.GrpcClientProtocolService (LogUtils.java:warn(122)) - 1-UnorderedRequestStreamObserver1: onError: org.apache.ratis.thirdparty.io.grpc.StatusRuntimeException: CANCELLED: cancelled before receiving half close
2020-12-18 01:51:49,907 [EventQueue-StaleNodeForStaleNodeHandler] INFO  pipeline.SCMPipelineManager (SCMPipelineManager.java:finalizeAndDestroyPipeline(482)) - Destroying pipeline:Pipeline[ Id: 4bca456e-5f78-4f02-9a4c-59712b5b9203, Nodes: ebd34426-50bd-4b83-bb6a-fbb1ddb02546{ip: 172.17.0.2, host: 1fad9502c7b4, networkLocation: /default-rack, certSerialId: null, persistedOpState: IN_SERVICE, persistedOpStateExpiryEpochSec: 0}, Type:RATIS, Factor:ONE, State:OPEN, leaderId:ebd34426-50bd-4b83-bb6a-fbb1ddb02546, CreationTimestamp2020-12-18T01:51:18.510Z]
2020-12-18 01:51:49,908 [EventQueue-StaleNodeForStaleNodeHandler] INFO  pipeline.PipelineStateManager (PipelineStateManager.java:finalizePipeline(121)) - Pipeline Pipeline[ Id: 4bca456e-5f78-4f02-9a4c-59712b5b9203, Nodes: ebd34426-50bd-4b83-bb6a-fbb1ddb02546{ip: 172.17.0.2, host: 1fad9502c7b4, networkLocation: /default-rack, certSerialId: null, persistedOpState: IN_SERVICE, persistedOpStateExpiryEpochSec: 0}, Type:RATIS, Factor:ONE, State:CLOSED, leaderId:ebd34426-50bd-4b83-bb6a-fbb1ddb02546, CreationTimestamp2020-12-18T01:51:18.510Z] moved to CLOSED state
2020-12-18 01:51:49,908 [EventQueue-CloseContainerForCloseContainerEventHandler] INFO  container.CloseContainerEventHandler (CloseContainerEventHandler.java:onMessage(61)) - Close container Event triggered for container : #3
2020-12-18 01:51:49,910 [EventQueue-CloseContainerForCloseContainerEventHandler] INFO  container.CloseContainerEventHandler (CloseContainerEventHandler.java:onMessage(61)) - Close container Event triggered for container : #4
2020-12-18 01:51:49,911 [Listener at 127.0.0.1/40197] INFO  server.GrpcService (GrpcService.java:closeImpl(193)) - 3269f5d2-042c-40e4-98fc-53bb9834c825: shutdown server with port 44561 successfully
2020-12-18 01:51:49,912 [Listener at 127.0.0.1/40197] INFO  utils.BackgroundService (BackgroundService.java:shutdown(132)) - Shutting down service BlockDeletingService
2020-12-18 01:51:49,920 [Listener at 127.0.0.1/40197] INFO  statemachine.DatanodeStateMachine (DatanodeStateMachine.java:stopDaemon(461)) - Ozone container server stopped.
2020-12-18 01:51:49,927 [Listener at 127.0.0.1/40197] INFO  handler.ContextHandler (ContextHandler.java:doStop(1154)) - Stopped o.e.j.w.WebAppContext@61207d28{hddsDatanode,/,null,STOPPED}{jar:file:/home/user/.m2/repository/org/apache/hadoop/hadoop-hdds-container-service/1.1.0-SNAPSHOT/hadoop-hdds-container-service-1.1.0-SNAPSHOT.jar!/webapps/hddsDatanode}
2020-12-18 01:51:49,928 [Listener at 127.0.0.1/40197] INFO  server.AbstractConnector (AbstractConnector.java:doStop(381)) - Stopped ServerConnector@379bc95e{HTTP/1.1, (http/1.1)}{0.0.0.0:0}
2020-12-18 01:51:49,928 [Listener at 127.0.0.1/40197] INFO  server.session (HouseKeeper.java:stopScavenging(149)) - node0 Stopped scavenging
2020-12-18 01:51:49,928 [Listener at 127.0.0.1/40197] INFO  handler.ContextHandler (ContextHandler.java:doStop(1154)) - Stopped o.e.j.s.ServletContextHandler@56101f06{static,/static,jar:file:/home/user/.m2/repository/org/apache/hadoop/hadoop-hdds-container-service/1.1.0-SNAPSHOT/hadoop-hdds-container-service-1.1.0-SNAPSHOT.jar!/webapps/static,STOPPED}
2020-12-18 01:51:49,929 [Listener at 127.0.0.1/40197] INFO  handler.ContextHandler (ContextHandler.java:doStop(1154)) - Stopped o.e.j.s.ServletContextHandler@51c4bfea{logs,/logs,file:///github/workspace/mnt/ozone/hadoop-ozone/integration-test/target/log,STOPPED}
2020-12-18 01:51:49,941 [ForkJoinPool.commonPool-worker-0] INFO  ozoneimpl.OzoneContainer (OzoneContainer.java:stop(257)) - Attempting to stop container services.
2020-12-18 01:51:49,941 [ForkJoinPool.commonPool-worker-0] INFO  impl.RaftServerProxy (RaftServerProxy.java:lambda$close$4(338)) - 5a6704fc-15bd-4230-8cbe-d21da4b813be: close
2020-12-18 01:51:49,941 [ForkJoinPool.commonPool-worker-0] INFO  server.GrpcService (GrpcService.java:closeImpl(184)) - 5a6704fc-15bd-4230-8cbe-d21da4b813be: shutdown server with port 42589 now
2020-12-18 01:51:49,941 [ForkJoinPool.commonPool-worker-0] INFO  server.GrpcService (GrpcService.java:closeImpl(193)) - 5a6704fc-15bd-4230-8cbe-d21da4b813be: shutdown server with port 42589 successfully
2020-12-18 01:51:49,943 [ForkJoinPool.commonPool-worker-0] INFO  utils.BackgroundService (BackgroundService.java:shutdown(132)) - Shutting down service BlockDeletingService
2020-12-18 01:51:49,945 [ForkJoinPool.commonPool-worker-0] INFO  statemachine.DatanodeStateMachine (DatanodeStateMachine.java:stopDaemon(461)) - Ozone container server stopped.
2020-12-18 01:51:49,954 [ForkJoinPool.commonPool-worker-0] INFO  handler.ContextHandler (ContextHandler.java:doStop(1154)) - Stopped o.e.j.w.WebAppContext@63e67888{hddsDatanode,/,null,STOPPED}{jar:file:/home/user/.m2/repository/org/apache/hadoop/hadoop-hdds-container-service/1.1.0-SNAPSHOT/hadoop-hdds-container-service-1.1.0-SNAPSHOT.jar!/webapps/hddsDatanode}
2020-12-18 01:51:49,954 [ForkJoinPool.commonPool-worker-0] INFO  server.AbstractConnector (AbstractConnector.java:doStop(381)) - Stopped ServerConnector@1d2fd73c{HTTP/1.1, (http/1.1)}{0.0.0.0:0}
2020-12-18 01:51:49,954 [ForkJoinPool.commonPool-worker-0] INFO  server.session (HouseKeeper.java:stopScavenging(149)) - node0 Stopped scavenging
2020-12-18 01:51:49,956 [ForkJoinPool.commonPool-worker-0] INFO  handler.ContextHandler (ContextHandler.java:doStop(1154)) - Stopped o.e.j.s.ServletContextHandler@5379839c{static,/static,jar:file:/home/user/.m2/repository/org/apache/hadoop/hadoop-hdds-container-service/1.1.0-SNAPSHOT/hadoop-hdds-container-service-1.1.0-SNAPSHOT.jar!/webapps/static,STOPPED}
2020-12-18 01:51:49,956 [ForkJoinPool.commonPool-worker-0] INFO  handler.ContextHandler (ContextHandler.java:doStop(1154)) - Stopped o.e.j.s.ServletContextHandler@56e7f92f{logs,/logs,file:///github/workspace/mnt/ozone/hadoop-ozone/integration-test/target/log,STOPPED}
2020-12-18 01:51:50,121 [Datanode State Machine Thread - 0] INFO  statemachine.DatanodeStateMachine (DatanodeStateMachine.java:lambda$startDaemon$0(408)) - Ozone container server started.
2020-12-18 01:51:50,176 [ReplicationMonitor] INFO  container.ReplicationManager (ReplicationManager.java:sendCloseCommand(948)) - Sending close container command for container #3 to datanode 3269f5d2-042c-40e4-98fc-53bb9834c825{ip: 172.17.0.2, host: 1fad9502c7b4, networkLocation: /default-rack, certSerialId: null, persistedOpState: IN_SERVICE, persistedOpStateExpiryEpochSec: 0}.
2020-12-18 01:51:50,176 [ReplicationMonitor] INFO  container.ReplicationManager (ReplicationManager.java:sendCloseCommand(948)) - Sending close container command for container #3 to datanode 30321cca-a230-403c-ae60-27735093aac3{ip: 172.17.0.2, host: 1fad9502c7b4, networkLocation: /default-rack, certSerialId: null, persistedOpState: IN_SERVICE, persistedOpStateExpiryEpochSec: 0}.
2020-12-18 01:51:50,176 [ReplicationMonitor] INFO  container.ReplicationManager (ReplicationManager.java:sendCloseCommand(948)) - Sending close container command for container #3 to datanode ebd34426-50bd-4b83-bb6a-fbb1ddb02546{ip: 172.17.0.2, host: 1fad9502c7b4, networkLocation: /default-rack, certSerialId: null, persistedOpState: IN_SERVICE, persistedOpStateExpiryEpochSec: 0}.
2020-12-18 01:51:50,177 [ReplicationMonitor] INFO  container.ReplicationManager (ReplicationManager.java:sendCloseCommand(948)) - Sending close container command for container #4 to datanode ebd34426-50bd-4b83-bb6a-fbb1ddb02546{ip: 172.17.0.2, host: 1fad9502c7b4, networkLocation: /default-rack, certSerialId: null, persistedOpState: IN_SERVICE, persistedOpStateExpiryEpochSec: 0}.
2020-12-18 01:51:50,177 [ReplicationMonitor] INFO  container.ReplicationManager (ReplicationManager.java:sendCloseCommand(948)) - Sending close container command for container #4 to datanode 30321cca-a230-403c-ae60-27735093aac3{ip: 172.17.0.2, host: 1fad9502c7b4, networkLocation: /default-rack, certSerialId: null, persistedOpState: IN_SERVICE, persistedOpStateExpiryEpochSec: 0}.
2020-12-18 01:51:50,177 [ReplicationMonitor] INFO  container.ReplicationManager (ReplicationManager.java:sendCloseCommand(948)) - Sending close container command for container #4 to datanode 3269f5d2-042c-40e4-98fc-53bb9834c825{ip: 172.17.0.2, host: 1fad9502c7b4, networkLocation: /default-rack, certSerialId: null, persistedOpState: IN_SERVICE, persistedOpStateExpiryEpochSec: 0}.
2020-12-18 01:51:50,177 [ReplicationMonitor] INFO  container.ReplicationManager (ReplicationManager.java:run(250)) - Replication Monitor Thread took 1 milliseconds for processing 4 containers.
2020-12-18 01:51:50,202 [EventQueue-StaleNodeForStaleNodeHandler] INFO  node.StaleNodeHandler (StaleNodeHandler.java:onMessage(58)) - Datanode 0411c1e5-01dd-41ac-a234-123af2469892{ip: 172.17.0.2, host: 1fad9502c7b4, networkLocation: /default-rack, certSerialId: null, persistedOpState: IN_MAINTENANCE, persistedOpStateExpiryEpochSec: 0} moved to stale state. Finalizing its pipelines []
2020-12-18 01:51:50,537 [DatanodeAdminManager-0] INFO  node.DatanodeAdminMonitorImpl (DatanodeAdminMonitorImpl.java:run(136)) - There are 3 nodes tracked for decommission and maintenance. 0 pending nodes.
2020-12-18 01:51:50,847 [Datanode State Machine Thread - 0] INFO  statemachine.DatanodeStateMachine (DatanodeStateMachine.java:lambda$startDaemon$0(408)) - Ozone container server started.
2020-12-18 01:51:51,177 [ReplicationMonitor] INFO  container.ReplicationManager (ReplicationManager.java:sendCloseCommand(948)) - Sending close container command for container #3 to datanode 3269f5d2-042c-40e4-98fc-53bb9834c825{ip: 172.17.0.2, host: 1fad9502c7b4, networkLocation: /default-rack, certSerialId: null, persistedOpState: IN_SERVICE, persistedOpStateExpiryEpochSec: 0}.
2020-12-18 01:51:51,177 [ReplicationMonitor] INFO  container.ReplicationManager (ReplicationManager.java:sendCloseCommand(948)) - Sending close container command for container #3 to datanode 30321cca-a230-403c-ae60-27735093aac3{ip: 172.17.0.2, host: 1fad9502c7b4, networkLocation: /default-rack, certSerialId: null, persistedOpState: IN_SERVICE, persistedOpStateExpiryEpochSec: 0}.
2020-12-18 01:51:51,177 [ReplicationMonitor] INFO  container.ReplicationManager (ReplicationManager.java:sendCloseCommand(948)) - Sending close container command for container #3 to datanode ebd34426-50bd-4b83-bb6a-fbb1ddb02546{ip: 172.17.0.2, host: 1fad9502c7b4, networkLocation: /default-rack, certSerialId: null, persistedOpState: IN_SERVICE, persistedOpStateExpiryEpochSec: 0}.
2020-12-18 01:51:51,177 [ReplicationMonitor] INFO  container.ReplicationManager (ReplicationManager.java:sendCloseCommand(948)) - Sending close container command for container #4 to datanode ebd34426-50bd-4b83-bb6a-fbb1ddb02546{ip: 172.17.0.2, host: 1fad9502c7b4, networkLocation: /default-rack, certSerialId: null, persistedOpState: IN_SERVICE, persistedOpStateExpiryEpochSec: 0}.
2020-12-18 01:51:51,177 [ReplicationMonitor] INFO  container.ReplicationManager (ReplicationManager.java:sendCloseCommand(948)) - Sending close container command for container #4 to datanode 30321cca-a230-403c-ae60-27735093aac3{ip: 172.17.0.2, host: 1fad9502c7b4, networkLocation: /default-rack, certSerialId: null, persistedOpState: IN_SERVICE, persistedOpStateExpiryEpochSec: 0}.
2020-12-18 01:51:51,178 [ReplicationMonitor] INFO  container.ReplicationManager (ReplicationManager.java:sendCloseCommand(948)) - Sending close container command for container #4 to datanode 3269f5d2-042c-40e4-98fc-53bb9834c825{ip: 172.17.0.2, host: 1fad9502c7b4, networkLocation: /default-rack, certSerialId: null, persistedOpState: IN_SERVICE, persistedOpStateExpiryEpochSec: 0}.
2020-12-18 01:51:51,178 [ReplicationMonitor] INFO  container.ReplicationManager (ReplicationManager.java:run(250)) - Replication Monitor Thread took 1 milliseconds for processing 4 containers.
2020-12-18 01:51:51,185 [ForkJoinPool.commonPool-worker-0] INFO  ozoneimpl.OzoneContainer (OzoneContainer.java:stop(257)) - Attempting to stop container services.
2020-12-18 01:51:51,185 [ForkJoinPool.commonPool-worker-0] INFO  impl.RaftServerProxy (RaftServerProxy.java:lambda$close$4(338)) - 2abc6dfe-890a-4d70-ad0b-3558951658f5: close
2020-12-18 01:51:51,185 [ForkJoinPool.commonPool-worker-0] INFO  server.GrpcService (GrpcService.java:closeImpl(184)) - 2abc6dfe-890a-4d70-ad0b-3558951658f5: shutdown server with port 44191 now
2020-12-18 01:51:51,186 [ForkJoinPool.commonPool-worker-0] INFO  server.GrpcService (GrpcService.java:closeImpl(193)) - 2abc6dfe-890a-4d70-ad0b-3558951658f5: shutdown server with port 44191 successfully
2020-12-18 01:51:51,188 [ForkJoinPool.commonPool-worker-0] INFO  utils.BackgroundService (BackgroundService.java:shutdown(132)) - Shutting down service BlockDeletingService
2020-12-18 01:51:51,189 [ForkJoinPool.commonPool-worker-0] INFO  statemachine.DatanodeStateMachine (DatanodeStateMachine.java:stopDaemon(461)) - Ozone container server stopped.
2020-12-18 01:51:51,197 [ForkJoinPool.commonPool-worker-0] INFO  handler.ContextHandler (ContextHandler.java:doStop(1154)) - Stopped o.e.j.w.WebAppContext@47dfbba3{hddsDatanode,/,null,STOPPED}{jar:file:/home/user/.m2/repository/org/apache/hadoop/hadoop-hdds-container-service/1.1.0-SNAPSHOT/hadoop-hdds-container-service-1.1.0-SNAPSHOT.jar!/webapps/hddsDatanode}
2020-12-18 01:51:51,198 [ForkJoinPool.commonPool-worker-0] INFO  server.AbstractConnector (AbstractConnector.java:doStop(381)) - Stopped ServerConnector@5ee29735{HTTP/1.1, (http/1.1)}{0.0.0.0:0}
2020-12-18 01:51:51,198 [ForkJoinPool.commonPool-worker-0] INFO  server.session (HouseKeeper.java:stopScavenging(149)) - node0 Stopped scavenging
2020-12-18 01:51:51,198 [ForkJoinPool.commonPool-worker-0] INFO  handler.ContextHandler (ContextHandler.java:doStop(1154)) - Stopped o.e.j.s.ServletContextHandler@17acd4c5{static,/static,jar:file:/home/user/.m2/repository/org/apache/hadoop/hadoop-hdds-container-service/1.1.0-SNAPSHOT/hadoop-hdds-container-service-1.1.0-SNAPSHOT.jar!/webapps/static,STOPPED}
2020-12-18 01:51:51,199 [ForkJoinPool.commonPool-worker-0] INFO  handler.ContextHandler (ContextHandler.java:doStop(1154)) - Stopped o.e.j.s.ServletContextHandler@796a1cd1{logs,/logs,file:///github/workspace/mnt/ozone/hadoop-ozone/integration-test/target/log,STOPPED}
2020-12-18 01:51:51,204 [EventQueue-StaleNodeForStaleNodeHandler] INFO  node.StaleNodeHandler (StaleNodeHandler.java:onMessage(58)) - Datanode 5a6704fc-15bd-4230-8cbe-d21da4b813be{ip: 172.17.0.2, host: 1fad9502c7b4, networkLocation: /default-rack, certSerialId: null, persistedOpState: IN_MAINTENANCE, persistedOpStateExpiryEpochSec: 0} moved to stale state. Finalizing its pipelines []
2020-12-18 01:51:51,537 [DatanodeAdminManager-0] INFO  node.DatanodeAdminMonitorImpl (DatanodeAdminMonitorImpl.java:run(136)) - There are 3 nodes tracked for decommission and maintenance. 0 pending nodes.
2020-12-18 01:51:51,769 [Listener at 127.0.0.1/40197] INFO  ozoneimpl.OzoneContainer (OzoneContainer.java:stop(257)) - Attempting to stop container services.
2020-12-18 01:51:51,769 [Listener at 127.0.0.1/40197] INFO  impl.RaftServerProxy (RaftServerProxy.java:lambda$close$4(338)) - 30321cca-a230-403c-ae60-27735093aac3: close
2020-12-18 01:51:51,769 [Listener at 127.0.0.1/40197] INFO  impl.RaftServerImpl (RaftServerImpl.java:lambda$shutdown$3(328)) - 30321cca-a230-403c-ae60-27735093aac3@group-088B413A0819: shutdown
2020-12-18 01:51:51,769 [Listener at 127.0.0.1/40197] INFO  util.JmxRegister (JmxRegister.java:unregister(73)) - Successfully un-registered JMX Bean with object name Ratis:service=RaftServer,group=group-088B413A0819,id=30321cca-a230-403c-ae60-27735093aac3
2020-12-18 01:51:51,769 [Listener at 127.0.0.1/40197] INFO  impl.RoleInfo (RoleInfo.java:shutdownFollowerState(121)) - 30321cca-a230-403c-ae60-27735093aac3: shutdown 30321cca-a230-403c-ae60-27735093aac3@group-088B413A0819-FollowerState
2020-12-18 01:51:51,770 [Listener at 127.0.0.1/40197] INFO  impl.StateMachineUpdater (StateMachineUpdater.java:stopAndJoin(147)) - 30321cca-a230-403c-ae60-27735093aac3@group-088B413A0819-StateMachineUpdater: set stopIndex = 35
2020-12-18 01:51:51,770 [30321cca-a230-403c-ae60-27735093aac3@group-088B413A0819-StateMachineUpdater] INFO  ratis.ContainerStateMachine (ContainerStateMachine.java:takeSnapshot(293)) - group-088B413A0819: Taking a snapshot at:(t:1, i:35) file /github/workspace/mnt/ozone/hadoop-ozone/integration-test/target/test-dir/MiniOzoneClusterImpl-4564f03c-bda0-461a-b884-74ed0c78bad0/datanode-4/data/ratis/6eadbec1-4054-4a55-8ca7-088b413a0819/sm/snapshot.1_35
2020-12-18 01:51:51,770 [Thread-865] INFO  impl.FollowerState (FollowerState.java:run(137)) - 30321cca-a230-403c-ae60-27735093aac3@group-088B413A0819-FollowerState was interrupted: {}
java.lang.InterruptedException: sleep interrupted
	at java.lang.Thread.sleep(Native Method)
	at org.apache.ratis.util.JavaUtils.sleep(JavaUtils.java:250)
	at org.apache.ratis.server.impl.FollowerState.run(FollowerState.java:116)
2020-12-18 01:51:51,772 [30321cca-a230-403c-ae60-27735093aac3@group-088B413A0819-StateMachineUpdater] INFO  ratis.ContainerStateMachine (ContainerStateMachine.java:takeSnapshot(304)) - group-088B413A0819: Finished taking a snapshot at:(t:1, i:35) file:/github/workspace/mnt/ozone/hadoop-ozone/integration-test/target/test-dir/MiniOzoneClusterImpl-4564f03c-bda0-461a-b884-74ed0c78bad0/datanode-4/data/ratis/6eadbec1-4054-4a55-8ca7-088b413a0819/sm/snapshot.1_35 time:2
2020-12-18 01:51:51,772 [30321cca-a230-403c-ae60-27735093aac3@group-088B413A0819-StateMachineUpdater] INFO  impl.StateMachineUpdater (StateMachineUpdater.java:takeSnapshot(278)) - 30321cca-a230-403c-ae60-27735093aac3@group-088B413A0819-StateMachineUpdater: Took a snapshot at index 35
2020-12-18 01:51:51,772 [30321cca-a230-403c-ae60-27735093aac3@group-088B413A0819-StateMachineUpdater] INFO  impl.StateMachineUpdater (StateMachineUpdater.java:lambda$new$0(87)) - 30321cca-a230-403c-ae60-27735093aac3@group-088B413A0819-StateMachineUpdater: snapshotIndex: updateIncreasingly -1 -> 35
2020-12-18 01:51:51,772 [30321cca-a230-403c-ae60-27735093aac3@group-088B413A0819-StateMachineUpdater] INFO  metrics.RatisMetrics (RatisMetrics.java:unregister(43)) - Unregistering Metrics Registry : ratis.state_machine.30321cca-a230-403c-ae60-27735093aac3@group-088B413A0819
2020-12-18 01:51:51,773 [Listener at 127.0.0.1/40197] INFO  impl.RaftServerImpl (ServerState.java:close(406)) - 30321cca-a230-403c-ae60-27735093aac3@group-088B413A0819: closes. applyIndex: 35
2020-12-18 01:51:51,773 [30321cca-a230-403c-ae60-27735093aac3@group-088B413A0819-SegmentedRaftLogWorker] INFO  segmented.SegmentedRaftLogWorker (SegmentedRaftLogWorker.java:run(329)) - 30321cca-a230-403c-ae60-27735093aac3@group-088B413A0819-SegmentedRaftLogWorker was interrupted, exiting. There are 0 tasks remaining in the queue.
2020-12-18 01:51:51,773 [Listener at 127.0.0.1/40197] INFO  segmented.SegmentedRaftLogWorker (SegmentedRaftLogWorker.java:close(235)) - 30321cca-a230-403c-ae60-27735093aac3@group-088B413A0819-SegmentedRaftLogWorker close()
2020-12-18 01:51:51,774 [Listener at 127.0.0.1/40197] INFO  metrics.RatisMetrics (RatisMetrics.java:unregister(43)) - Unregistering Metrics Registry : ratis.log_worker.30321cca-a230-403c-ae60-27735093aac3@group-088B413A0819
2020-12-18 01:51:51,774 [Listener at 127.0.0.1/40197] INFO  metrics.RatisMetrics (RatisMetrics.java:unregister(43)) - Unregistering Metrics Registry : ratis.leader_election.30321cca-a230-403c-ae60-27735093aac3@group-088B413A0819
2020-12-18 01:51:51,774 [Listener at 127.0.0.1/40197] INFO  metrics.RatisMetrics (RatisMetrics.java:unregister(43)) - Unregistering Metrics Registry : ratis.server.30321cca-a230-403c-ae60-27735093aac3@group-088B413A0819
2020-12-18 01:51:51,774 [Listener at 127.0.0.1/40197] INFO  impl.RaftServerImpl (RaftServerImpl.java:lambda$shutdown$3(328)) - 30321cca-a230-403c-ae60-27735093aac3@group-1F2427009CCD: shutdown
2020-12-18 01:51:51,774 [Listener at 127.0.0.1/40197] INFO  util.JmxRegister (JmxRegister.java:unregister(73)) - Successfully un-registered JMX Bean with object name Ratis:service=RaftServer,group=group-1F2427009CCD,id=30321cca-a230-403c-ae60-27735093aac3
2020-12-18 01:51:51,775 [Listener at 127.0.0.1/40197] INFO  impl.RoleInfo (RoleInfo.java:shutdownLeaderState(104)) - 30321cca-a230-403c-ae60-27735093aac3: shutdown 30321cca-a230-403c-ae60-27735093aac3@group-1F2427009CCD-LeaderState
2020-12-18 01:51:51,775 [Listener at 127.0.0.1/40197] INFO  impl.PendingRequests (PendingRequests.java:sendNotLeaderResponses(250)) - 30321cca-a230-403c-ae60-27735093aac3@group-1F2427009CCD-PendingRequests: sendNotLeaderResponses
2020-12-18 01:51:51,775 [Listener at 127.0.0.1/40197] INFO  metrics.RatisMetrics (RatisMetrics.java:unregister(43)) - Unregistering Metrics Registry : ratis.log_appender.30321cca-a230-403c-ae60-27735093aac3@group-1F2427009CCD
2020-12-18 01:51:51,775 [Listener at 127.0.0.1/40197] INFO  metrics.RatisMetrics (RatisMetrics.java:unregister(43)) - Unregistering Metrics Registry : ratis.server.30321cca-a230-403c-ae60-27735093aac3@group-1F2427009CCD
2020-12-18 01:51:51,776 [Listener at 127.0.0.1/40197] INFO  impl.StateMachineUpdater (StateMachineUpdater.java:stopAndJoin(147)) - 30321cca-a230-403c-ae60-27735093aac3@group-1F2427009CCD-StateMachineUpdater: set stopIndex = 0
2020-12-18 01:51:51,776 [30321cca-a230-403c-ae60-27735093aac3@group-1F2427009CCD-StateMachineUpdater] INFO  ratis.ContainerStateMachine (ContainerStateMachine.java:takeSnapshot(293)) - group-1F2427009CCD: Taking a snapshot at:(t:1, i:0) file /github/workspace/mnt/ozone/hadoop-ozone/integration-test/target/test-dir/MiniOzoneClusterImpl-4564f03c-bda0-461a-b884-74ed0c78bad0/datanode-4/data/ratis/c2c6d9b5-a836-404e-9307-1f2427009ccd/sm/snapshot.1_0
2020-12-18 01:51:51,779 [30321cca-a230-403c-ae60-27735093aac3@group-1F2427009CCD-StateMachineUpdater] INFO  ratis.ContainerStateMachine (ContainerStateMachine.java:takeSnapshot(304)) - group-1F2427009CCD: Finished taking a snapshot at:(t:1, i:0) file:/github/workspace/mnt/ozone/hadoop-ozone/integration-test/target/test-dir/MiniOzoneClusterImpl-4564f03c-bda0-461a-b884-74ed0c78bad0/datanode-4/data/ratis/c2c6d9b5-a836-404e-9307-1f2427009ccd/sm/snapshot.1_0 time:3
2020-12-18 01:51:51,779 [30321cca-a230-403c-ae60-27735093aac3@group-1F2427009CCD-StateMachineUpdater] INFO  impl.StateMachineUpdater (StateMachineUpdater.java:takeSnapshot(278)) - 30321cca-a230-403c-ae60-27735093aac3@group-1F2427009CCD-StateMachineUpdater: Took a snapshot at index 0
2020-12-18 01:51:51,779 [30321cca-a230-403c-ae60-27735093aac3@group-1F2427009CCD-StateMachineUpdater] INFO  impl.StateMachineUpdater (StateMachineUpdater.java:lambda$new$0(87)) - 30321cca-a230-403c-ae60-27735093aac3@group-1F2427009CCD-StateMachineUpdater: snapshotIndex: updateIncreasingly -1 -> 0
2020-12-18 01:51:51,779 [30321cca-a230-403c-ae60-27735093aac3@group-1F2427009CCD-StateMachineUpdater] INFO  metrics.RatisMetrics (RatisMetrics.java:unregister(43)) - Unregistering Metrics Registry : ratis.state_machine.30321cca-a230-403c-ae60-27735093aac3@group-1F2427009CCD
2020-12-18 01:51:51,779 [Listener at 127.0.0.1/40197] INFO  impl.RaftServerImpl (ServerState.java:close(406)) - 30321cca-a230-403c-ae60-27735093aac3@group-1F2427009CCD: closes. applyIndex: 0
2020-12-18 01:51:51,780 [30321cca-a230-403c-ae60-27735093aac3@group-1F2427009CCD-SegmentedRaftLogWorker] INFO  segmented.SegmentedRaftLogWorker (SegmentedRaftLogWorker.java:run(329)) - 30321cca-a230-403c-ae60-27735093aac3@group-1F2427009CCD-SegmentedRaftLogWorker was interrupted, exiting. There are 0 tasks remaining in the queue.
2020-12-18 01:51:51,780 [Listener at 127.0.0.1/40197] INFO  segmented.SegmentedRaftLogWorker (SegmentedRaftLogWorker.java:close(235)) - 30321cca-a230-403c-ae60-27735093aac3@group-1F2427009CCD-SegmentedRaftLogWorker close()
2020-12-18 01:51:51,780 [Listener at 127.0.0.1/40197] INFO  metrics.RatisMetrics (RatisMetrics.java:unregister(43)) - Unregistering Metrics Registry : ratis.log_worker.30321cca-a230-403c-ae60-27735093aac3@group-1F2427009CCD
2020-12-18 01:51:51,780 [Listener at 127.0.0.1/40197] INFO  metrics.RatisMetrics (RatisMetrics.java:unregister(43)) - Unregistering Metrics Registry : ratis.leader_election.30321cca-a230-403c-ae60-27735093aac3@group-1F2427009CCD
2020-12-18 01:51:51,780 [Listener at 127.0.0.1/40197] INFO  metrics.RatisMetrics (RatisMetrics.java:unregister(43)) - Unregistering Metrics Registry : ratis.server.30321cca-a230-403c-ae60-27735093aac3@group-1F2427009CCD
2020-12-18 01:51:51,780 [Listener at 127.0.0.1/40197] INFO  server.GrpcService (GrpcService.java:closeImpl(184)) - 30321cca-a230-403c-ae60-27735093aac3: shutdown server with port 39317 now
2020-12-18 01:51:51,781 [Listener at 127.0.0.1/40197] INFO  server.GrpcService (GrpcService.java:closeImpl(193)) - 30321cca-a230-403c-ae60-27735093aac3: shutdown server with port 39317 successfully
2020-12-18 01:51:51,782 [Listener at 127.0.0.1/40197] INFO  utils.BackgroundService (BackgroundService.java:shutdown(132)) - Shutting down service BlockDeletingService
2020-12-18 01:51:51,783 [Listener at 127.0.0.1/40197] INFO  statemachine.DatanodeStateMachine (DatanodeStateMachine.java:stopDaemon(461)) - Ozone container server stopped.
2020-12-18 01:51:51,791 [Listener at 127.0.0.1/40197] INFO  handler.ContextHandler (ContextHandler.java:doStop(1154)) - Stopped o.e.j.w.WebAppContext@3977c7e4{hddsDatanode,/,null,STOPPED}{jar:file:/home/user/.m2/repository/org/apache/hadoop/hadoop-hdds-container-service/1.1.0-SNAPSHOT/hadoop-hdds-container-service-1.1.0-SNAPSHOT.jar!/webapps/hddsDatanode}
2020-12-18 01:51:51,791 [Listener at 127.0.0.1/40197] INFO  server.AbstractConnector (AbstractConnector.java:doStop(381)) - Stopped ServerConnector@7ebda858{HTTP/1.1, (http/1.1)}{0.0.0.0:0}
2020-12-18 01:51:51,791 [Listener at 127.0.0.1/40197] INFO  server.session (HouseKeeper.java:stopScavenging(149)) - node0 Stopped scavenging
2020-12-18 01:51:51,791 [Listener at 127.0.0.1/40197] INFO  handler.ContextHandler (ContextHandler.java:doStop(1154)) - Stopped o.e.j.s.ServletContextHandler@c32b8b0{static,/static,jar:file:/home/user/.m2/repository/org/apache/hadoop/hadoop-hdds-container-service/1.1.0-SNAPSHOT/hadoop-hdds-container-service-1.1.0-SNAPSHOT.jar!/webapps/static,STOPPED}
2020-12-18 01:51:51,792 [Listener at 127.0.0.1/40197] INFO  handler.ContextHandler (ContextHandler.java:doStop(1154)) - Stopped o.e.j.s.ServletContextHandler@4e6a75a3{logs,/logs,file:///github/workspace/mnt/ozone/hadoop-ozone/integration-test/target/log,STOPPED}
2020-12-18 01:51:51,792 [Listener at 127.0.0.1/40197] INFO  ozone.MiniOzoneClusterImpl (MiniOzoneClusterImpl.java:stopSCM(477)) - Stopping the StorageContainerManager
2020-12-18 01:51:51,792 [Listener at 127.0.0.1/40197] INFO  server.StorageContainerManager (StorageContainerManager.java:stop(832)) - Stopping Replication Manager Service.
2020-12-18 01:51:51,793 [Listener at 127.0.0.1/40197] INFO  container.ReplicationManager (ReplicationManager.java:stop(227)) - Stopping Replication Monitor Thread.
2020-12-18 01:51:51,794 [Listener at 127.0.0.1/40197] INFO  server.StorageContainerManager (StorageContainerManager.java:stop(839)) - Stopping the Datanode Admin Monitor.
2020-12-18 01:51:51,795 [Listener at 127.0.0.1/40197] INFO  server.StorageContainerManager (StorageContainerManager.java:stop(846)) - Stopping Lease Manager of the command watchers
2020-12-18 01:51:51,795 [Listener at 127.0.0.1/40197] INFO  server.StorageContainerManager (StorageContainerManager.java:stop(853)) - Stopping datanode service RPC server
2020-12-18 01:51:51,795 [Listener at 127.0.0.1/40197] INFO  server.SCMDatanodeProtocolServer (SCMDatanodeProtocolServer.java:stop(369)) - Stopping the RPC server for DataNodes
2020-12-18 01:51:51,795 [Listener at 127.0.0.1/40197] INFO  ipc.Server (Server.java:stop(3359)) - Stopping server on 35861
2020-12-18 01:51:51,795 [IPC Server listener on 0] INFO  ipc.Server (Server.java:run(1330)) - Stopping IPC Server listener on 0
2020-12-18 01:51:51,800 [IPC Server Responder] INFO  ipc.Server (Server.java:run(1465)) - Stopping IPC Server Responder
2020-12-18 01:51:51,805 [SCM Heartbeat Processing Thread - 0] WARN  node.NodeStateManager (NodeStateManager.java:scheduleNextHealthCheck(688)) - Current Thread is interrupted, shutting down HB processing thread for Node Manager.
2020-12-18 01:51:51,805 [Listener at 127.0.0.1/40197] INFO  server.StorageContainerManager (StorageContainerManager.java:stop(861)) - Stopping block service RPC server
2020-12-18 01:51:51,806 [Listener at 127.0.0.1/40197] INFO  server.SCMBlockProtocolServer (SCMBlockProtocolServer.java:stop(159)) - Stopping the RPC server for Block Protocol
2020-12-18 01:51:51,806 [Listener at 127.0.0.1/40197] INFO  ipc.Server (Server.java:stop(3359)) - Stopping server on 44375
2020-12-18 01:51:51,807 [IPC Server listener on 0] INFO  ipc.Server (Server.java:run(1330)) - Stopping IPC Server listener on 0
2020-12-18 01:51:51,807 [IPC Server Responder] INFO  ipc.Server (Server.java:run(1465)) - Stopping IPC Server Responder
2020-12-18 01:51:51,808 [Listener at 127.0.0.1/40197] INFO  server.StorageContainerManager (StorageContainerManager.java:stop(868)) - Stopping the StorageContainerLocationProtocol RPC server
2020-12-18 01:51:51,808 [Listener at 127.0.0.1/40197] INFO  server.SCMClientProtocolServer (SCMClientProtocolServer.java:stop(168)) - Stopping the RPC server for Client Protocol
2020-12-18 01:51:51,808 [Listener at 127.0.0.1/40197] INFO  ipc.Server (Server.java:stop(3359)) - Stopping server on 37007
2020-12-18 01:51:51,808 [IPC Server listener on 0] INFO  ipc.Server (Server.java:run(1330)) - Stopping IPC Server listener on 0
2020-12-18 01:51:51,809 [IPC Server Responder] INFO  ipc.Server (Server.java:run(1465)) - Stopping IPC Server Responder
2020-12-18 01:51:51,810 [Listener at 127.0.0.1/40197] INFO  server.StorageContainerManager (StorageContainerManager.java:stop(875)) - Stopping Storage Container Manager HTTP server.
2020-12-18 01:51:51,810 [Listener at 127.0.0.1/40197] INFO  handler.ContextHandler (ContextHandler.java:doStop(1154)) - Stopped o.e.j.w.WebAppContext@11675922{scm,/,null,STOPPED}{file:/github/workspace/mnt/ozone/hadoop-ozone/integration-test/target/test-classes/webapps/scm}
2020-12-18 01:51:51,811 [Listener at 127.0.0.1/40197] INFO  server.AbstractConnector (AbstractConnector.java:doStop(381)) - Stopped ServerConnector@27b27f3c{HTTP/1.1, (http/1.1)}{0.0.0.0:0}
2020-12-18 01:51:51,811 [Listener at 127.0.0.1/40197] INFO  server.session (HouseKeeper.java:stopScavenging(149)) - node0 Stopped scavenging
2020-12-18 01:51:51,811 [Listener at 127.0.0.1/40197] INFO  handler.ContextHandler (ContextHandler.java:doStop(1154)) - Stopped o.e.j.s.ServletContextHandler@46ccf22{static,/static,file:///github/workspace/mnt/ozone/hadoop-ozone/integration-test/target/test-classes/webapps/static,STOPPED}
2020-12-18 01:51:51,811 [Listener at 127.0.0.1/40197] INFO  handler.ContextHandler (ContextHandler.java:doStop(1154)) - Stopped o.e.j.s.ServletContextHandler@242270ae{logs,/logs,file:///github/workspace/mnt/ozone/hadoop-ozone/integration-test/target/log,STOPPED}
2020-12-18 01:51:51,812 [Listener at 127.0.0.1/40197] INFO  server.StorageContainerManager (StorageContainerManager.java:stop(886)) - Stopping Block Manager Service.
2020-12-18 01:51:51,812 [Listener at 127.0.0.1/40197] INFO  utils.BackgroundService (BackgroundService.java:shutdown(132)) - Shutting down service SCMBlockDeletingService
2020-12-18 01:51:51,812 [Listener at 127.0.0.1/40197] INFO  utils.BackgroundService (BackgroundService.java:shutdown(132)) - Shutting down service SCMBlockDeletingService
2020-12-18 01:51:51,812 [Listener at 127.0.0.1/40197] INFO  server.StorageContainerManager (StorageContainerManager.java:stop(911)) - Stopping SCM Event Queue.
2020-12-18 01:51:51,814 [Listener at 127.0.0.1/40197] INFO  impl.MetricsSystemImpl (MetricsSystemImpl.java:stop(210)) - Stopping HddsDatanode metrics system...
2020-12-18 01:51:51,823 [Listener at 127.0.0.1/40197] INFO  impl.MetricsSystemImpl (MetricsSystemImpl.java:stop(216)) - HddsDatanode metrics system stopped.
]]></system-out>
  </testcase>
  <testcase name="testDecommissionedStateReinstatedAfterSCMRestart" classname="org.apache.hadoop.ozone.scm.node.TestDecommissionAndMaintenance" time="32.518"/>
  <testcase name="testMaintenanceEndsAutomaticallyAtTimeout" classname="org.apache.hadoop.ozone.scm.node.TestDecommissionAndMaintenance" time="57.13"/>
  <testcase name="testDecommissionedNodeCanBeRecommissioned" classname="org.apache.hadoop.ozone.scm.node.TestDecommissionAndMaintenance" time="28.562"/>
  <testcase name="testNodeWithOpenPipelineCanBeDecommissioned" classname="org.apache.hadoop.ozone.scm.node.TestDecommissionAndMaintenance" time="32.833">
    <failure message="expected:&lt;3&gt; but was:&lt;4&gt;" type="junit.framework.AssertionFailedError"><![CDATA[junit.framework.AssertionFailedError: expected:<3> but was:<4>
	at junit.framework.Assert.fail(Assert.java:57)
	at junit.framework.Assert.failNotEquals(Assert.java:329)
	at junit.framework.Assert.assertEquals(Assert.java:78)
	at junit.framework.Assert.assertEquals(Assert.java:234)
	at junit.framework.Assert.assertEquals(Assert.java:241)
	at junit.framework.TestCase.assertEquals(TestCase.java:409)
	at org.apache.hadoop.ozone.scm.node.TestDecommissionAndMaintenance.testNodeWithOpenPipelineCanBeDecommissioned(TestDecommissionAndMaintenance.java:178)
	at sun.reflect.NativeMethodAccessorImpl.invoke0(Native Method)
	at sun.reflect.NativeMethodAccessorImpl.invoke(NativeMethodAccessorImpl.java:62)
	at sun.reflect.DelegatingMethodAccessorImpl.invoke(DelegatingMethodAccessorImpl.java:43)
	at java.lang.reflect.Method.invoke(Method.java:498)
	at org.junit.runners.model.FrameworkMethod$1.runReflectiveCall(FrameworkMethod.java:47)
	at org.junit.internal.runners.model.ReflectiveCallable.run(ReflectiveCallable.java:12)
	at org.junit.runners.model.FrameworkMethod.invokeExplosively(FrameworkMethod.java:44)
	at org.junit.internal.runners.statements.InvokeMethod.evaluate(InvokeMethod.java:17)
	at org.junit.internal.runners.statements.RunBefores.evaluate(RunBefores.java:26)
	at org.junit.internal.runners.statements.RunAfters.evaluate(RunAfters.java:27)
	at org.junit.runners.ParentRunner.runLeaf(ParentRunner.java:271)
	at org.junit.runners.BlockJUnit4ClassRunner.runChild(BlockJUnit4ClassRunner.java:70)
	at org.junit.runners.BlockJUnit4ClassRunner.runChild(BlockJUnit4ClassRunner.java:50)
	at org.junit.runners.ParentRunner$3.run(ParentRunner.java:238)
	at org.junit.runners.ParentRunner$1.schedule(ParentRunner.java:63)
	at org.junit.runners.ParentRunner.runChildren(ParentRunner.java:236)
	at org.junit.runners.ParentRunner.access$000(ParentRunner.java:53)
	at org.junit.runners.ParentRunner$2.evaluate(ParentRunner.java:229)
	at org.junit.runners.ParentRunner.run(ParentRunner.java:309)
	at org.apache.maven.surefire.junit4.JUnit4Provider.execute(JUnit4Provider.java:365)
	at org.apache.maven.surefire.junit4.JUnit4Provider.executeWithRerun(JUnit4Provider.java:273)
	at org.apache.maven.surefire.junit4.JUnit4Provider.executeTestSet(JUnit4Provider.java:238)
	at org.apache.maven.surefire.junit4.JUnit4Provider.invoke(JUnit4Provider.java:159)
	at org.apache.maven.surefire.booter.ForkedBooter.invokeProviderInSameClassLoader(ForkedBooter.java:384)
	at org.apache.maven.surefire.booter.ForkedBooter.runSuitesInProcess(ForkedBooter.java:345)
	at org.apache.maven.surefire.booter.ForkedBooter.execute(ForkedBooter.java:126)
	at org.apache.maven.surefire.booter.ForkedBooter.main(ForkedBooter.java:418)
]]></failure>
    <system-out><![CDATA[2020-12-18 01:53:50,079 [Listener at 127.0.0.1/44537] WARN  server.ServerUtils (ServerUtils.java:getScmDbDir(148)) - ozone.scm.db.dirs is not configured. We recommend adding this setting. Falling back to ozone.metadata.dirs instead.
2020-12-18 01:53:50,080 [Listener at 127.0.0.1/44537] WARN  server.ServerUtils (ServerUtils.java:getScmDbDir(148)) - ozone.scm.db.dirs is not configured. We recommend adding this setting. Falling back to ozone.metadata.dirs instead.
2020-12-18 01:53:50,081 [Listener at 127.0.0.1/44537] WARN  db.DBStoreBuilder (DBStoreBuilder.java:applyDBDefinition(145)) - ozone.scm.db.dirs is not configured. We recommend adding this setting. Falling back to ozone.metadata.dirs instead.
2020-12-18 01:53:50,102 [Listener at 127.0.0.1/44537] INFO  net.NodeSchemaLoader (NodeSchemaLoader.java:loadSchemaFromFile(126)) - Loading file from sun.misc.CompoundEnumeration@6c4fee11
2020-12-18 01:53:50,102 [Listener at 127.0.0.1/44537] INFO  net.NodeSchemaLoader (NodeSchemaLoader.java:loadSchema(172)) - Loading network topology layer schema file
2020-12-18 01:53:50,105 [Listener at 127.0.0.1/44537] INFO  node.SCMNodeManager (SCMNodeManager.java:<init>(123)) - Entering startup safe mode.
2020-12-18 01:53:50,106 [Listener at 127.0.0.1/44537] INFO  algorithms.ContainerPlacementPolicyFactory (ContainerPlacementPolicyFactory.java:getPolicy(60)) - Create container placement policy of type org.apache.hadoop.hdds.scm.container.placement.algorithms.SCMContainerPlacementRandom
2020-12-18 01:53:50,106 [Listener at 127.0.0.1/44537] INFO  algorithms.LeaderChoosePolicyFactory (LeaderChoosePolicyFactory.java:getPolicy(57)) - Create leader choose policy of type org.apache.hadoop.hdds.scm.pipeline.leader.choose.algorithms.DefaultLeaderChoosePolicy
2020-12-18 01:53:50,106 [Listener at 127.0.0.1/44537] INFO  pipeline.SCMPipelineManager (SCMPipelineManager.java:initializePipelineState(161)) - No pipeline exists in current db
2020-12-18 01:53:50,106 [Listener at 127.0.0.1/44537] INFO  algorithms.PipelineChoosePolicyFactory (PipelineChoosePolicyFactory.java:createPipelineChoosePolicyFromClass(75)) - Create pipeline choose policy of type org.apache.hadoop.hdds.scm.pipeline.choose.algorithms.RandomPipelineChoosePolicy
2020-12-18 01:53:50,107 [Listener at 127.0.0.1/44537] INFO  safemode.HealthyPipelineSafeModeRule (HealthyPipelineSafeModeRule.java:<init>(89)) - Total pipeline count is 0, healthy pipeline threshold count is 0
2020-12-18 01:53:50,107 [Listener at 127.0.0.1/44537] INFO  safemode.OneReplicaPipelineSafeModeRule (OneReplicaPipelineSafeModeRule.java:<init>(84)) - Total pipeline count is 0, pipeline's with at least one datanode reported threshold count is 0
2020-12-18 01:53:50,112 [Listener at 127.0.0.1/44537] INFO  ipc.CallQueueManager (CallQueueManager.java:<init>(84)) - Using callQueue: class java.util.concurrent.LinkedBlockingQueue, queueCapacity: 2000, scheduler: class org.apache.hadoop.ipc.DefaultRpcScheduler, ipcBackoff: false.
2020-12-18 01:53:50,117 [Socket Reader #1 for port 0] INFO  ipc.Server (Server.java:run(1219)) - Starting Socket Reader #1 for port 0
2020-12-18 01:53:50,118 [Listener at 0.0.0.0/40443] INFO  ipc.CallQueueManager (CallQueueManager.java:<init>(84)) - Using callQueue: class java.util.concurrent.LinkedBlockingQueue, queueCapacity: 2000, scheduler: class org.apache.hadoop.ipc.DefaultRpcScheduler, ipcBackoff: false.
2020-12-18 01:53:50,118 [Socket Reader #1 for port 0] INFO  ipc.Server (Server.java:run(1219)) - Starting Socket Reader #1 for port 0
2020-12-18 01:53:50,120 [Listener at 0.0.0.0/33305] INFO  ipc.CallQueueManager (CallQueueManager.java:<init>(84)) - Using callQueue: class java.util.concurrent.LinkedBlockingQueue, queueCapacity: 2000, scheduler: class org.apache.hadoop.ipc.DefaultRpcScheduler, ipcBackoff: false.
2020-12-18 01:53:50,120 [Socket Reader #1 for port 0] INFO  ipc.Server (Server.java:run(1219)) - Starting Socket Reader #1 for port 0
2020-12-18 01:53:50,127 [Listener at 0.0.0.0/36225] INFO  http.BaseHttpServer (BaseHttpServer.java:newHttpServer2BuilderForOzone(207)) - Starting Web-server for scm at: http://0.0.0.0:0
2020-12-18 01:53:50,127 [Listener at 0.0.0.0/36225] INFO  http.BaseHttpServer (BaseHttpServer.java:<init>(106)) - Hadoop Security Enabled: false Ozone Security Enabled: false Ozone HTTP Security Enabled: false 
2020-12-18 01:53:50,128 [Listener at 0.0.0.0/36225] INFO  server.AuthenticationFilter (AuthenticationFilter.java:constructSecretProvider(240)) - Unable to initialize FileSignerSecretProvider, falling back to use random secrets.
2020-12-18 01:53:50,128 [Listener at 0.0.0.0/36225] WARN  http.HttpRequestLog (HttpRequestLog.java:getRequestLog(103)) - Jetty request log can only be enabled using Log4j
2020-12-18 01:53:50,129 [Listener at 0.0.0.0/36225] INFO  http.HttpServer2 (HttpServer2.java:addGlobalFilter(1020)) - Added global filter 'safety' (class=org.apache.hadoop.hdds.server.http.HttpServer2$QuotingInputFilter)
2020-12-18 01:53:50,130 [Listener at 0.0.0.0/36225] INFO  http.HttpServer2 (HttpServer2.java:addFilter(996)) - Added filter static_user_filter (class=org.apache.hadoop.http.lib.StaticUserWebFilter$StaticUserFilter) to context scm
2020-12-18 01:53:50,130 [Listener at 0.0.0.0/36225] INFO  http.HttpServer2 (HttpServer2.java:addFilter(1004)) - Added filter static_user_filter (class=org.apache.hadoop.http.lib.StaticUserWebFilter$StaticUserFilter) to context logs
2020-12-18 01:53:50,130 [Listener at 0.0.0.0/36225] INFO  http.HttpServer2 (HttpServer2.java:addFilter(1004)) - Added filter static_user_filter (class=org.apache.hadoop.http.lib.StaticUserWebFilter$StaticUserFilter) to context static
2020-12-18 01:53:50,135 [Listener at 0.0.0.0/36225] INFO  server.StorageContainerManager (StorageContainerManager.java:start(789)) - StorageContainerLocationProtocol RPC server is listening at /0.0.0.0:36225
2020-12-18 01:53:50,136 [Listener at 0.0.0.0/36225] WARN  impl.MetricsConfig (MetricsConfig.java:loadFirst(134)) - Cannot locate configuration: tried hadoop-metrics2-storagecontainermanager.properties,hadoop-metrics2.properties
2020-12-18 01:53:50,137 [Listener at 0.0.0.0/36225] INFO  impl.MetricsSystemImpl (MetricsSystemImpl.java:startTimer(374)) - Scheduled Metric snapshot period at 10 second(s).
2020-12-18 01:53:50,137 [Listener at 0.0.0.0/36225] INFO  impl.MetricsSystemImpl (MetricsSystemImpl.java:start(191)) - StorageContainerManager metrics system started
2020-12-18 01:53:50,157 [Listener at 0.0.0.0/36225] WARN  impl.MetricsSystemImpl (MetricsSystemImpl.java:register(276)) - Sink prometheus already exists!
2020-12-18 01:53:50,167 [Listener at 0.0.0.0/36225] INFO  server.SCMClientProtocolServer (SCMClientProtocolServer.java:start(159)) - RPC server for Client  is listening at /0.0.0.0:36225
2020-12-18 01:53:50,168 [IPC Server Responder] INFO  ipc.Server (Server.java:run(1460)) - IPC Server Responder: starting
2020-12-18 01:53:50,168 [IPC Server listener on 0] INFO  ipc.Server (Server.java:run(1298)) - IPC Server listener on 0: starting
2020-12-18 01:53:50,176 [Listener at 0.0.0.0/36225] INFO  server.StorageContainerManager (StorageContainerManager.java:start(801)) - ScmBlockLocationProtocol RPC server is listening at /0.0.0.0:33305
2020-12-18 01:53:50,176 [Listener at 0.0.0.0/36225] INFO  server.SCMBlockProtocolServer (SCMBlockProtocolServer.java:start(150)) - RPC server for Block Protocol is listening at /0.0.0.0:33305
2020-12-18 01:53:50,177 [IPC Server Responder] INFO  ipc.Server (Server.java:run(1460)) - IPC Server Responder: starting
2020-12-18 01:53:50,177 [IPC Server listener on 0] INFO  ipc.Server (Server.java:run(1298)) - IPC Server listener on 0: starting
2020-12-18 01:53:50,181 [Listener at 0.0.0.0/36225] INFO  server.StorageContainerManager (StorageContainerManager.java:start(807)) - ScmDatanodeProtocl RPC server is listening at /0.0.0.0:40443
2020-12-18 01:53:50,181 [Listener at 0.0.0.0/36225] INFO  server.SCMDatanodeProtocolServer (SCMDatanodeProtocolServer.java:start(174)) - RPC server for DataNodes is listening at /0.0.0.0:40443
2020-12-18 01:53:50,181 [IPC Server Responder] INFO  ipc.Server (Server.java:run(1460)) - IPC Server Responder: starting
2020-12-18 01:53:50,184 [IPC Server listener on 0] INFO  ipc.Server (Server.java:run(1298)) - IPC Server listener on 0: starting
2020-12-18 01:53:50,185 [Listener at 0.0.0.0/36225] INFO  http.HttpServer2 (HttpServer2.java:bindListener(1238)) - Jetty bound to port 36323
2020-12-18 01:53:50,186 [Listener at 0.0.0.0/36225] INFO  server.Server (Server.java:doStart(375)) - jetty-9.4.34.v20201102; built: 2020-11-02T14:15:39.302Z; git: e46af88704a893fc12cb0e3bf46e2c7b48a009e7; jvm 1.8.0_232-b09
2020-12-18 01:53:50,187 [Listener at 0.0.0.0/36225] INFO  server.session (DefaultSessionIdManager.java:doStart(334)) - DefaultSessionIdManager workerName=node0
2020-12-18 01:53:50,187 [Listener at 0.0.0.0/36225] INFO  server.session (DefaultSessionIdManager.java:doStart(339)) - No SessionScavenger set, using defaults
2020-12-18 01:53:50,187 [Listener at 0.0.0.0/36225] INFO  server.session (HouseKeeper.java:startScavenging(132)) - node0 Scavenging every 600000ms
2020-12-18 01:53:50,191 [Listener at 0.0.0.0/36225] INFO  handler.ContextHandler (ContextHandler.java:doStart(916)) - Started o.e.j.s.ServletContextHandler@41a6a728{logs,/logs,file:///github/workspace/mnt/ozone/hadoop-ozone/integration-test/target/log,AVAILABLE}
2020-12-18 01:53:50,191 [Listener at 0.0.0.0/36225] INFO  handler.ContextHandler (ContextHandler.java:doStart(916)) - Started o.e.j.s.ServletContextHandler@43918bef{static,/static,file:///github/workspace/mnt/ozone/hadoop-ozone/integration-test/target/test-classes/webapps/static,AVAILABLE}
2020-12-18 01:53:50,199 [Listener at 0.0.0.0/36225] INFO  handler.ContextHandler (ContextHandler.java:doStart(916)) - Started o.e.j.w.WebAppContext@1cdb0d7b{scm,/,file:///github/workspace/mnt/ozone/hadoop-ozone/integration-test/target/test-classes/webapps/scm/,AVAILABLE}{file:/github/workspace/mnt/ozone/hadoop-ozone/integration-test/target/test-classes/webapps/scm}
2020-12-18 01:53:50,203 [Listener at 0.0.0.0/36225] INFO  server.AbstractConnector (AbstractConnector.java:doStart(331)) - Started ServerConnector@6cd56b97{HTTP/1.1, (http/1.1)}{0.0.0.0:36323}
2020-12-18 01:53:50,203 [Listener at 0.0.0.0/36225] INFO  server.Server (Server.java:doStart(415)) - Started @206393ms
2020-12-18 01:53:50,203 [Listener at 0.0.0.0/36225] WARN  impl.MetricsSystemImpl (MetricsSystemImpl.java:register(276)) - Sink prometheus already exists!
2020-12-18 01:53:50,206 [Listener at 0.0.0.0/36225] INFO  http.BaseHttpServer (BaseHttpServer.java:updateConnectorAddress(327)) - HTTP server of scm listening at http://0.0.0.0:36323
2020-12-18 01:53:50,207 [Listener at 0.0.0.0/36225] WARN  server.ServerUtils (ServerUtils.java:getDBPath(225)) - ozone.om.db.dirs is not configured. We recommend adding this setting. Falling back to ozone.metadata.dirs instead.
2020-12-18 01:53:50,208 [org.apache.hadoop.util.JvmPauseMonitor$Monitor@1498a4d] INFO  util.JvmPauseMonitor (JvmPauseMonitor.java:run(188)) - Starting JVM pause monitor
2020-12-18 01:53:50,208 [Listener at 0.0.0.0/36225] INFO  ha.OMHANodeDetails (OMHANodeDetails.java:loadOMHAConfig(104)) - ozone.om.internal.service.id is not defined, falling back to ozone.om.service.ids to find serviceID for OzoneManager if it is HA enabled cluster
2020-12-18 01:53:50,208 [Listener at 0.0.0.0/36225] INFO  ha.OMHANodeDetails (OMHANodeDetails.java:loadOMHAConfig(213)) - Configuration either no ozone.om.address set. Falling back to the default OM address /127.0.0.1:0
2020-12-18 01:53:50,208 [Listener at 0.0.0.0/36225] INFO  ha.OMHANodeDetails (OMHANodeDetails.java:getOMNodeDetails(241)) - OM Service ID is not set. Setting it to the default ID: omServiceIdDefault
2020-12-18 01:53:50,208 [Listener at 0.0.0.0/36225] WARN  server.ServerUtils (ServerUtils.java:getDBPath(225)) - ozone.om.db.dirs is not configured. We recommend adding this setting. Falling back to ozone.metadata.dirs instead.
2020-12-18 01:53:50,208 [Listener at 0.0.0.0/36225] WARN  server.ServerUtils (ServerUtils.java:getDBPath(225)) - ozone.om.db.dirs is not configured. We recommend adding this setting. Falling back to ozone.metadata.dirs instead.
2020-12-18 01:53:50,214 [Listener at 0.0.0.0/36225] WARN  server.ServerUtils (ServerUtils.java:getDBPath(225)) - ozone.om.db.dirs is not configured. We recommend adding this setting. Falling back to ozone.metadata.dirs instead.
2020-12-18 01:53:50,215 [Listener at 0.0.0.0/36225] INFO  codec.OmKeyInfoCodec (OmKeyInfoCodec.java:<init>(41)) - OmKeyInfoCodec ignorePipeline = true
2020-12-18 01:53:50,215 [Listener at 0.0.0.0/36225] INFO  codec.RepeatedOmKeyInfoCodec (RepeatedOmKeyInfoCodec.java:<init>(40)) - RepeatedOmKeyInfoCodec ignorePipeline = true
2020-12-18 01:53:50,254 [Listener at 0.0.0.0/36225] INFO  om.OzoneManager (OzoneManager.java:addS3GVolumeToDB(3737)) - Created Volume s3v With Owner jenkins1001 required for S3Gateway operations.
2020-12-18 01:53:50,255 [Listener at 0.0.0.0/36225] INFO  ipc.CallQueueManager (CallQueueManager.java:<init>(84)) - Using callQueue: class java.util.concurrent.LinkedBlockingQueue, queueCapacity: 2000, scheduler: class org.apache.hadoop.ipc.DefaultRpcScheduler, ipcBackoff: false.
2020-12-18 01:53:50,256 [Socket Reader #1 for port 0] INFO  ipc.Server (Server.java:run(1219)) - Starting Socket Reader #1 for port 0
2020-12-18 01:53:50,268 [Listener at 127.0.0.1/36003] INFO  impl.MetricsSystemImpl (MetricsSystemImpl.java:init(158)) - OzoneManager metrics system started (again)
2020-12-18 01:53:50,269 [Listener at 127.0.0.1/36003] INFO  om.OzoneManager (OzoneManager.java:start(1144)) - OzoneManager RPC server is listening at localhost/127.0.0.1:36003
2020-12-18 01:53:50,273 [Listener at 127.0.0.1/36003] INFO  http.BaseHttpServer (BaseHttpServer.java:newHttpServer2BuilderForOzone(207)) - Starting Web-server for ozoneManager at: http://0.0.0.0:0
2020-12-18 01:53:50,274 [Listener at 127.0.0.1/36003] INFO  http.BaseHttpServer (BaseHttpServer.java:<init>(106)) - Hadoop Security Enabled: false Ozone Security Enabled: false Ozone HTTP Security Enabled: false 
2020-12-18 01:53:50,275 [Listener at 127.0.0.1/36003] INFO  server.AuthenticationFilter (AuthenticationFilter.java:constructSecretProvider(240)) - Unable to initialize FileSignerSecretProvider, falling back to use random secrets.
2020-12-18 01:53:50,275 [Listener at 127.0.0.1/36003] WARN  http.HttpRequestLog (HttpRequestLog.java:getRequestLog(103)) - Jetty request log can only be enabled using Log4j
2020-12-18 01:53:50,276 [Listener at 127.0.0.1/36003] INFO  http.HttpServer2 (HttpServer2.java:addGlobalFilter(1020)) - Added global filter 'safety' (class=org.apache.hadoop.hdds.server.http.HttpServer2$QuotingInputFilter)
2020-12-18 01:53:50,276 [Listener at 127.0.0.1/36003] INFO  http.HttpServer2 (HttpServer2.java:addFilter(996)) - Added filter static_user_filter (class=org.apache.hadoop.http.lib.StaticUserWebFilter$StaticUserFilter) to context ozoneManager
2020-12-18 01:53:50,277 [Listener at 127.0.0.1/36003] INFO  http.HttpServer2 (HttpServer2.java:addFilter(1004)) - Added filter static_user_filter (class=org.apache.hadoop.http.lib.StaticUserWebFilter$StaticUserFilter) to context static
2020-12-18 01:53:50,277 [Listener at 127.0.0.1/36003] INFO  http.HttpServer2 (HttpServer2.java:addFilter(1004)) - Added filter static_user_filter (class=org.apache.hadoop.http.lib.StaticUserWebFilter$StaticUserFilter) to context logs
2020-12-18 01:53:50,277 [Listener at 127.0.0.1/36003] INFO  http.HttpServer2 (HttpServer2.java:bindListener(1238)) - Jetty bound to port 35999
2020-12-18 01:53:50,277 [Listener at 127.0.0.1/36003] INFO  server.Server (Server.java:doStart(375)) - jetty-9.4.34.v20201102; built: 2020-11-02T14:15:39.302Z; git: e46af88704a893fc12cb0e3bf46e2c7b48a009e7; jvm 1.8.0_232-b09
2020-12-18 01:53:50,278 [Listener at 127.0.0.1/36003] INFO  server.session (DefaultSessionIdManager.java:doStart(334)) - DefaultSessionIdManager workerName=node0
2020-12-18 01:53:50,278 [Listener at 127.0.0.1/36003] INFO  server.session (DefaultSessionIdManager.java:doStart(339)) - No SessionScavenger set, using defaults
2020-12-18 01:53:50,279 [Listener at 127.0.0.1/36003] INFO  server.session (HouseKeeper.java:startScavenging(132)) - node0 Scavenging every 600000ms
2020-12-18 01:53:50,279 [Listener at 127.0.0.1/36003] INFO  handler.ContextHandler (ContextHandler.java:doStart(916)) - Started o.e.j.s.ServletContextHandler@15cf25ce{logs,/logs,file:///github/workspace/mnt/ozone/hadoop-ozone/integration-test/target/log,AVAILABLE}
2020-12-18 01:53:50,279 [Listener at 127.0.0.1/36003] INFO  handler.ContextHandler (ContextHandler.java:doStart(916)) - Started o.e.j.s.ServletContextHandler@1db203d2{static,/static,file:///github/workspace/mnt/ozone/hadoop-ozone/integration-test/target/test-classes/webapps/static,AVAILABLE}
2020-12-18 01:53:50,282 [Listener at 127.0.0.1/36003] INFO  handler.ContextHandler (ContextHandler.java:doStart(916)) - Started o.e.j.w.WebAppContext@b5ceafa{ozoneManager,/,file:///github/workspace/mnt/ozone/hadoop-ozone/integration-test/target/test-classes/webapps/ozoneManager/,AVAILABLE}{file:/github/workspace/mnt/ozone/hadoop-ozone/integration-test/target/test-classes/webapps/ozoneManager}
2020-12-18 01:53:50,284 [Listener at 127.0.0.1/36003] INFO  server.AbstractConnector (AbstractConnector.java:doStart(331)) - Started ServerConnector@720bacd7{HTTP/1.1, (http/1.1)}{0.0.0.0:35999}
2020-12-18 01:53:50,284 [Listener at 127.0.0.1/36003] INFO  server.Server (Server.java:doStart(415)) - Started @206474ms
2020-12-18 01:53:50,284 [Listener at 127.0.0.1/36003] WARN  impl.MetricsSystemImpl (MetricsSystemImpl.java:register(276)) - Sink prometheus already exists!
2020-12-18 01:53:50,287 [Listener at 127.0.0.1/36003] INFO  http.BaseHttpServer (BaseHttpServer.java:updateConnectorAddress(327)) - HTTP server of ozoneManager listening at http://0.0.0.0:35999
2020-12-18 01:53:50,287 [IPC Server Responder] INFO  ipc.Server (Server.java:run(1460)) - IPC Server Responder: starting
2020-12-18 01:53:50,292 [IPC Server listener on 0] INFO  ipc.Server (Server.java:run(1298)) - IPC Server listener on 0: starting
2020-12-18 01:53:50,301 [Listener at 127.0.0.1/36003] INFO  om.OzoneManager (OzoneManager.java:startTrashEmptier(1265)) - Trash Interval set to 0. Files deleted will not move to trash
2020-12-18 01:53:50,301 [org.apache.hadoop.util.JvmPauseMonitor$Monitor@78097df5] INFO  util.JvmPauseMonitor (JvmPauseMonitor.java:run(188)) - Starting JVM pause monitor
2020-12-18 01:53:50,310 [Listener at 127.0.0.1/36003] INFO  impl.MetricsSystemImpl (MetricsSystemImpl.java:init(158)) - HddsDatanode metrics system started (again)
2020-12-18 01:53:50,311 [Listener at 127.0.0.1/36003] INFO  ozone.HddsDatanodeService (HddsDatanodeService.java:start(217)) - HddsDatanodeService host:1fad9502c7b4 ip:172.17.0.2
2020-12-18 01:53:50,312 [Listener at 127.0.0.1/36003] INFO  volume.HddsVolume (HddsVolume.java:<init>(176)) - Creating Volume: /github/workspace/mnt/ozone/hadoop-ozone/integration-test/target/test-dir/MiniOzoneClusterImpl-3835dc27-2ffb-44b9-9ba4-3f027f37039b/datanode-0/data-0/containers/hdds of storage type : DISK and capacity : 9223372036854775807
2020-12-18 01:53:50,312 [Listener at 127.0.0.1/36003] INFO  volume.MutableVolumeSet (MutableVolumeSet.java:initializeVolumeSet(179)) - Added Volume : /github/workspace/mnt/ozone/hadoop-ozone/integration-test/target/test-dir/MiniOzoneClusterImpl-3835dc27-2ffb-44b9-9ba4-3f027f37039b/datanode-0/data-0/containers/hdds to VolumeSet
2020-12-18 01:53:50,312 [Listener at 127.0.0.1/36003] INFO  volume.ThrottledAsyncChecker (ThrottledAsyncChecker.java:schedule(141)) - Scheduling a check for /github/workspace/mnt/ozone/hadoop-ozone/integration-test/target/test-dir/MiniOzoneClusterImpl-3835dc27-2ffb-44b9-9ba4-3f027f37039b/datanode-0/data-0/containers/hdds
2020-12-18 01:53:50,316 [Listener at 127.0.0.1/36003] INFO  volume.HddsVolumeChecker (HddsVolumeChecker.java:checkAllVolumes(200)) - Scheduled health check for volume /github/workspace/mnt/ozone/hadoop-ozone/integration-test/target/test-dir/MiniOzoneClusterImpl-3835dc27-2ffb-44b9-9ba4-3f027f37039b/datanode-0/data-0/containers/hdds
2020-12-18 01:53:50,327 [Thread-3094] INFO  ozoneimpl.ContainerReader (ContainerReader.java:readVolume(123)) - Start to verify containers on volume /github/workspace/mnt/ozone/hadoop-ozone/integration-test/target/test-dir/MiniOzoneClusterImpl-3835dc27-2ffb-44b9-9ba4-3f027f37039b/datanode-0/data-0/containers/hdds
2020-12-18 01:53:50,328 [Thread-3094] INFO  ozoneimpl.ContainerReader (ContainerReader.java:readVolume(148)) - Finish verifying containers on volume /github/workspace/mnt/ozone/hadoop-ozone/integration-test/target/test-dir/MiniOzoneClusterImpl-3835dc27-2ffb-44b9-9ba4-3f027f37039b/datanode-0/data-0/containers/hdds
2020-12-18 01:53:50,328 [Listener at 127.0.0.1/36003] INFO  ozoneimpl.OzoneContainer (OzoneContainer.java:buildContainerSet(194)) - Build ContainerSet costs 0s
2020-12-18 01:53:50,329 [Listener at 127.0.0.1/36003] INFO  impl.RaftServerProxy (ConfUtils.java:logGet(44)) - raft.rpc.type = GRPC (default)
2020-12-18 01:53:50,329 [Listener at 127.0.0.1/36003] INFO  grpc.GrpcFactory (GrpcFactory.java:checkPooledByteBufAllocatorUseCacheForAllThreads(45)) - PERFORMANCE WARNING: useCacheForAllThreads is true that may cause Netty to create a lot garbage objects and, as a result, trigger GC.
	It is recommended to disable useCacheForAllThreads by setting -Dorg.apache.ratis.thirdparty.io.netty.allocator.useCacheForAllThreads=false in command line.
2020-12-18 01:53:50,329 [Listener at 127.0.0.1/36003] INFO  grpc.GrpcConfigKeys (ConfUtils.java:logGet(44)) - raft.grpc.server.port = 0 (default)
2020-12-18 01:53:50,329 [Listener at 127.0.0.1/36003] INFO  server.GrpcService (ConfUtils.java:logGet(44)) - raft.grpc.message.size.max = 32MB (=33554432) (custom)
2020-12-18 01:53:50,329 [Listener at 127.0.0.1/36003] INFO  server.RaftServerConfigKeys (ConfUtils.java:logGet(44)) - raft.server.log.appender.buffer.byte-limit = 33554432 (custom)
2020-12-18 01:53:50,329 [Listener at 127.0.0.1/36003] INFO  server.GrpcService (ConfUtils.java:logGet(44)) - raft.grpc.flow.control.window = 5MB (=5242880) (custom)
2020-12-18 01:53:50,329 [Listener at 127.0.0.1/36003] INFO  server.RaftServerConfigKeys (ConfUtils.java:logGet(44)) - raft.server.rpc.request.timeout = 60s (custom)
2020-12-18 01:53:50,330 [Listener at 127.0.0.1/36003] INFO  impl.DataStreamServerImpl (ConfUtils.java:logGet(44)) - raft.datastream.type = DISABLED (default)
2020-12-18 01:53:50,330 [Listener at 127.0.0.1/36003] INFO  server.RaftServerConfigKeys (ConfUtils.java:logGet(44)) - raft.server.storage.dir = [/github/workspace/mnt/ozone/hadoop-ozone/integration-test/target/test-dir/MiniOzoneClusterImpl-3835dc27-2ffb-44b9-9ba4-3f027f37039b/datanode-0/data/ratis] (custom)
2020-12-18 01:53:50,334 [Listener at 127.0.0.1/36003] INFO  http.BaseHttpServer (BaseHttpServer.java:newHttpServer2BuilderForOzone(207)) - Starting Web-server for hddsDatanode at: http://0.0.0.0:0
2020-12-18 01:53:50,334 [Listener at 127.0.0.1/36003] INFO  http.BaseHttpServer (BaseHttpServer.java:<init>(106)) - Hadoop Security Enabled: false Ozone Security Enabled: false Ozone HTTP Security Enabled: false 
2020-12-18 01:53:50,335 [Listener at 127.0.0.1/36003] INFO  server.AuthenticationFilter (AuthenticationFilter.java:constructSecretProvider(240)) - Unable to initialize FileSignerSecretProvider, falling back to use random secrets.
2020-12-18 01:53:50,336 [Listener at 127.0.0.1/36003] WARN  http.HttpRequestLog (HttpRequestLog.java:getRequestLog(103)) - Jetty request log can only be enabled using Log4j
2020-12-18 01:53:50,336 [Listener at 127.0.0.1/36003] INFO  http.HttpServer2 (HttpServer2.java:addGlobalFilter(1020)) - Added global filter 'safety' (class=org.apache.hadoop.hdds.server.http.HttpServer2$QuotingInputFilter)
2020-12-18 01:53:50,336 [Listener at 127.0.0.1/36003] INFO  http.HttpServer2 (HttpServer2.java:addFilter(996)) - Added filter static_user_filter (class=org.apache.hadoop.http.lib.StaticUserWebFilter$StaticUserFilter) to context hddsDatanode
2020-12-18 01:53:50,336 [Listener at 127.0.0.1/36003] INFO  http.HttpServer2 (HttpServer2.java:addFilter(1004)) - Added filter static_user_filter (class=org.apache.hadoop.http.lib.StaticUserWebFilter$StaticUserFilter) to context logs
2020-12-18 01:53:50,337 [Listener at 127.0.0.1/36003] INFO  http.HttpServer2 (HttpServer2.java:addFilter(1004)) - Added filter static_user_filter (class=org.apache.hadoop.http.lib.StaticUserWebFilter$StaticUserFilter) to context static
2020-12-18 01:53:50,337 [Listener at 127.0.0.1/36003] INFO  http.HttpServer2 (HttpServer2.java:bindListener(1238)) - Jetty bound to port 44557
2020-12-18 01:53:50,337 [Listener at 127.0.0.1/36003] INFO  server.Server (Server.java:doStart(375)) - jetty-9.4.34.v20201102; built: 2020-11-02T14:15:39.302Z; git: e46af88704a893fc12cb0e3bf46e2c7b48a009e7; jvm 1.8.0_232-b09
2020-12-18 01:53:50,338 [Listener at 127.0.0.1/36003] INFO  server.session (DefaultSessionIdManager.java:doStart(334)) - DefaultSessionIdManager workerName=node0
2020-12-18 01:53:50,338 [Listener at 127.0.0.1/36003] INFO  server.session (DefaultSessionIdManager.java:doStart(339)) - No SessionScavenger set, using defaults
2020-12-18 01:53:50,338 [Listener at 127.0.0.1/36003] INFO  server.session (HouseKeeper.java:startScavenging(132)) - node0 Scavenging every 660000ms
2020-12-18 01:53:50,339 [Listener at 127.0.0.1/36003] INFO  handler.ContextHandler (ContextHandler.java:doStart(916)) - Started o.e.j.s.ServletContextHandler@5eb192b7{logs,/logs,file:///github/workspace/mnt/ozone/hadoop-ozone/integration-test/target/log,AVAILABLE}
2020-12-18 01:53:50,339 [Listener at 127.0.0.1/36003] INFO  handler.ContextHandler (ContextHandler.java:doStart(916)) - Started o.e.j.s.ServletContextHandler@5eb20abb{static,/static,jar:file:/home/user/.m2/repository/org/apache/hadoop/hadoop-hdds-container-service/1.1.0-SNAPSHOT/hadoop-hdds-container-service-1.1.0-SNAPSHOT.jar!/webapps/static,AVAILABLE}
2020-12-18 01:53:50,473 [Listener at 127.0.0.1/36003] INFO  handler.ContextHandler (ContextHandler.java:doStart(916)) - Started o.e.j.w.WebAppContext@293f855b{hddsDatanode,/,file:///tmp/jetty-0_0_0_0-44557-hadoop-hdds-container-service-1_1_0-SNAPSHOT_jar-_-any-2838048395309485493/webapp/,AVAILABLE}{jar:file:/home/user/.m2/repository/org/apache/hadoop/hadoop-hdds-container-service/1.1.0-SNAPSHOT/hadoop-hdds-container-service-1.1.0-SNAPSHOT.jar!/webapps/hddsDatanode}
2020-12-18 01:53:50,475 [Listener at 127.0.0.1/36003] INFO  server.AbstractConnector (AbstractConnector.java:doStart(331)) - Started ServerConnector@5789d61d{HTTP/1.1, (http/1.1)}{0.0.0.0:44557}
2020-12-18 01:53:50,475 [Listener at 127.0.0.1/36003] INFO  server.Server (Server.java:doStart(415)) - Started @206665ms
2020-12-18 01:53:50,475 [Listener at 127.0.0.1/36003] WARN  impl.MetricsSystemImpl (MetricsSystemImpl.java:register(276)) - Sink prometheus already exists!
2020-12-18 01:53:50,481 [Listener at 127.0.0.1/36003] INFO  http.BaseHttpServer (BaseHttpServer.java:updateConnectorAddress(327)) - HTTP server of hddsDatanode listening at http://0.0.0.0:44557
2020-12-18 01:53:50,481 [Listener at 127.0.0.1/36003] INFO  impl.MetricsSystemImpl (MetricsSystemImpl.java:init(158)) - HddsDatanode metrics system started (again)
2020-12-18 01:53:50,482 [Listener at 127.0.0.1/36003] INFO  ozone.HddsDatanodeService (HddsDatanodeService.java:start(217)) - HddsDatanodeService host:1fad9502c7b4 ip:172.17.0.2
2020-12-18 01:53:50,483 [Listener at 127.0.0.1/36003] INFO  volume.HddsVolume (HddsVolume.java:<init>(176)) - Creating Volume: /github/workspace/mnt/ozone/hadoop-ozone/integration-test/target/test-dir/MiniOzoneClusterImpl-3835dc27-2ffb-44b9-9ba4-3f027f37039b/datanode-1/data-0/containers/hdds of storage type : DISK and capacity : 9223372036854775807
2020-12-18 01:53:50,483 [Listener at 127.0.0.1/36003] INFO  volume.MutableVolumeSet (MutableVolumeSet.java:initializeVolumeSet(179)) - Added Volume : /github/workspace/mnt/ozone/hadoop-ozone/integration-test/target/test-dir/MiniOzoneClusterImpl-3835dc27-2ffb-44b9-9ba4-3f027f37039b/datanode-1/data-0/containers/hdds to VolumeSet
2020-12-18 01:53:50,484 [Listener at 127.0.0.1/36003] INFO  volume.ThrottledAsyncChecker (ThrottledAsyncChecker.java:schedule(141)) - Scheduling a check for /github/workspace/mnt/ozone/hadoop-ozone/integration-test/target/test-dir/MiniOzoneClusterImpl-3835dc27-2ffb-44b9-9ba4-3f027f37039b/datanode-1/data-0/containers/hdds
2020-12-18 01:53:50,485 [Listener at 127.0.0.1/36003] INFO  volume.HddsVolumeChecker (HddsVolumeChecker.java:checkAllVolumes(200)) - Scheduled health check for volume /github/workspace/mnt/ozone/hadoop-ozone/integration-test/target/test-dir/MiniOzoneClusterImpl-3835dc27-2ffb-44b9-9ba4-3f027f37039b/datanode-1/data-0/containers/hdds
2020-12-18 01:53:50,503 [Thread-3103] INFO  ozoneimpl.ContainerReader (ContainerReader.java:readVolume(123)) - Start to verify containers on volume /github/workspace/mnt/ozone/hadoop-ozone/integration-test/target/test-dir/MiniOzoneClusterImpl-3835dc27-2ffb-44b9-9ba4-3f027f37039b/datanode-1/data-0/containers/hdds
2020-12-18 01:53:50,503 [Thread-3103] INFO  ozoneimpl.ContainerReader (ContainerReader.java:readVolume(148)) - Finish verifying containers on volume /github/workspace/mnt/ozone/hadoop-ozone/integration-test/target/test-dir/MiniOzoneClusterImpl-3835dc27-2ffb-44b9-9ba4-3f027f37039b/datanode-1/data-0/containers/hdds
2020-12-18 01:53:50,503 [Listener at 127.0.0.1/36003] INFO  ozoneimpl.OzoneContainer (OzoneContainer.java:buildContainerSet(194)) - Build ContainerSet costs 0s
2020-12-18 01:53:50,505 [Listener at 127.0.0.1/36003] INFO  impl.RaftServerProxy (ConfUtils.java:logGet(44)) - raft.rpc.type = GRPC (default)
2020-12-18 01:53:50,505 [Listener at 127.0.0.1/36003] INFO  grpc.GrpcFactory (GrpcFactory.java:checkPooledByteBufAllocatorUseCacheForAllThreads(45)) - PERFORMANCE WARNING: useCacheForAllThreads is true that may cause Netty to create a lot garbage objects and, as a result, trigger GC.
	It is recommended to disable useCacheForAllThreads by setting -Dorg.apache.ratis.thirdparty.io.netty.allocator.useCacheForAllThreads=false in command line.
2020-12-18 01:53:50,505 [Listener at 127.0.0.1/36003] INFO  grpc.GrpcConfigKeys (ConfUtils.java:logGet(44)) - raft.grpc.server.port = 0 (default)
2020-12-18 01:53:50,505 [Listener at 127.0.0.1/36003] INFO  server.GrpcService (ConfUtils.java:logGet(44)) - raft.grpc.message.size.max = 32MB (=33554432) (custom)
2020-12-18 01:53:50,505 [Listener at 127.0.0.1/36003] INFO  server.RaftServerConfigKeys (ConfUtils.java:logGet(44)) - raft.server.log.appender.buffer.byte-limit = 33554432 (custom)
2020-12-18 01:53:50,505 [Listener at 127.0.0.1/36003] INFO  server.GrpcService (ConfUtils.java:logGet(44)) - raft.grpc.flow.control.window = 5MB (=5242880) (custom)
2020-12-18 01:53:50,505 [Listener at 127.0.0.1/36003] INFO  server.RaftServerConfigKeys (ConfUtils.java:logGet(44)) - raft.server.rpc.request.timeout = 60s (custom)
2020-12-18 01:53:50,506 [Listener at 127.0.0.1/36003] INFO  impl.DataStreamServerImpl (ConfUtils.java:logGet(44)) - raft.datastream.type = DISABLED (default)
2020-12-18 01:53:50,506 [Listener at 127.0.0.1/36003] INFO  server.RaftServerConfigKeys (ConfUtils.java:logGet(44)) - raft.server.storage.dir = [/github/workspace/mnt/ozone/hadoop-ozone/integration-test/target/test-dir/MiniOzoneClusterImpl-3835dc27-2ffb-44b9-9ba4-3f027f37039b/datanode-1/data/ratis] (custom)
2020-12-18 01:53:50,517 [org.apache.hadoop.util.JvmPauseMonitor$Monitor@429371cc] INFO  util.JvmPauseMonitor (JvmPauseMonitor.java:run(188)) - Starting JVM pause monitor
2020-12-18 01:53:50,518 [Datanode State Machine Task Thread - 0] INFO  datanode.InitDatanodeState (InitDatanodeState.java:persistContainerDatanodeDetails(145)) - DatanodeDetails is persisted to /github/workspace/mnt/ozone/hadoop-ozone/integration-test/target/test-dir/MiniOzoneClusterImpl-3835dc27-2ffb-44b9-9ba4-3f027f37039b/datanode-0/meta/datanode.id
2020-12-18 01:53:50,518 [Listener at 127.0.0.1/36003] INFO  http.BaseHttpServer (BaseHttpServer.java:newHttpServer2BuilderForOzone(207)) - Starting Web-server for hddsDatanode at: http://0.0.0.0:0
2020-12-18 01:53:50,519 [Listener at 127.0.0.1/36003] INFO  http.BaseHttpServer (BaseHttpServer.java:<init>(106)) - Hadoop Security Enabled: false Ozone Security Enabled: false Ozone HTTP Security Enabled: false 
2020-12-18 01:53:50,520 [Listener at 127.0.0.1/36003] INFO  server.AuthenticationFilter (AuthenticationFilter.java:constructSecretProvider(240)) - Unable to initialize FileSignerSecretProvider, falling back to use random secrets.
2020-12-18 01:53:50,521 [Listener at 127.0.0.1/36003] WARN  http.HttpRequestLog (HttpRequestLog.java:getRequestLog(103)) - Jetty request log can only be enabled using Log4j
2020-12-18 01:53:50,521 [Listener at 127.0.0.1/36003] INFO  http.HttpServer2 (HttpServer2.java:addGlobalFilter(1020)) - Added global filter 'safety' (class=org.apache.hadoop.hdds.server.http.HttpServer2$QuotingInputFilter)
2020-12-18 01:53:50,522 [Listener at 127.0.0.1/36003] INFO  http.HttpServer2 (HttpServer2.java:addFilter(996)) - Added filter static_user_filter (class=org.apache.hadoop.http.lib.StaticUserWebFilter$StaticUserFilter) to context hddsDatanode
2020-12-18 01:53:50,522 [Listener at 127.0.0.1/36003] INFO  http.HttpServer2 (HttpServer2.java:addFilter(1004)) - Added filter static_user_filter (class=org.apache.hadoop.http.lib.StaticUserWebFilter$StaticUserFilter) to context static
2020-12-18 01:53:50,522 [Listener at 127.0.0.1/36003] INFO  http.HttpServer2 (HttpServer2.java:addFilter(1004)) - Added filter static_user_filter (class=org.apache.hadoop.http.lib.StaticUserWebFilter$StaticUserFilter) to context logs
2020-12-18 01:53:50,522 [Listener at 127.0.0.1/36003] INFO  http.HttpServer2 (HttpServer2.java:bindListener(1238)) - Jetty bound to port 41899
2020-12-18 01:53:50,522 [Listener at 127.0.0.1/36003] INFO  server.Server (Server.java:doStart(375)) - jetty-9.4.34.v20201102; built: 2020-11-02T14:15:39.302Z; git: e46af88704a893fc12cb0e3bf46e2c7b48a009e7; jvm 1.8.0_232-b09
2020-12-18 01:53:50,523 [Listener at 127.0.0.1/36003] INFO  server.session (DefaultSessionIdManager.java:doStart(334)) - DefaultSessionIdManager workerName=node0
2020-12-18 01:53:50,523 [Listener at 127.0.0.1/36003] INFO  server.session (DefaultSessionIdManager.java:doStart(339)) - No SessionScavenger set, using defaults
2020-12-18 01:53:50,524 [Listener at 127.0.0.1/36003] INFO  server.session (HouseKeeper.java:startScavenging(132)) - node0 Scavenging every 600000ms
2020-12-18 01:53:50,525 [Listener at 127.0.0.1/36003] INFO  handler.ContextHandler (ContextHandler.java:doStart(916)) - Started o.e.j.s.ServletContextHandler@7a1af882{logs,/logs,file:///github/workspace/mnt/ozone/hadoop-ozone/integration-test/target/log,AVAILABLE}
2020-12-18 01:53:50,525 [Listener at 127.0.0.1/36003] INFO  handler.ContextHandler (ContextHandler.java:doStart(916)) - Started o.e.j.s.ServletContextHandler@3c0b230{static,/static,jar:file:/home/user/.m2/repository/org/apache/hadoop/hadoop-hdds-container-service/1.1.0-SNAPSHOT/hadoop-hdds-container-service-1.1.0-SNAPSHOT.jar!/webapps/static,AVAILABLE}
2020-12-18 01:53:50,659 [Listener at 127.0.0.1/36003] INFO  handler.ContextHandler (ContextHandler.java:doStart(916)) - Started o.e.j.w.WebAppContext@46245500{hddsDatanode,/,file:///tmp/jetty-0_0_0_0-41899-hadoop-hdds-container-service-1_1_0-SNAPSHOT_jar-_-any-9216887725322992564/webapp/,AVAILABLE}{jar:file:/home/user/.m2/repository/org/apache/hadoop/hadoop-hdds-container-service/1.1.0-SNAPSHOT/hadoop-hdds-container-service-1.1.0-SNAPSHOT.jar!/webapps/hddsDatanode}
2020-12-18 01:53:50,660 [Listener at 127.0.0.1/36003] INFO  server.AbstractConnector (AbstractConnector.java:doStart(331)) - Started ServerConnector@74f782a5{HTTP/1.1, (http/1.1)}{0.0.0.0:41899}
2020-12-18 01:53:50,661 [Listener at 127.0.0.1/36003] INFO  server.Server (Server.java:doStart(415)) - Started @206851ms
2020-12-18 01:53:50,661 [Listener at 127.0.0.1/36003] WARN  impl.MetricsSystemImpl (MetricsSystemImpl.java:register(276)) - Sink prometheus already exists!
2020-12-18 01:53:50,664 [Listener at 127.0.0.1/36003] INFO  http.BaseHttpServer (BaseHttpServer.java:updateConnectorAddress(327)) - HTTP server of hddsDatanode listening at http://0.0.0.0:41899
2020-12-18 01:53:50,668 [Listener at 127.0.0.1/36003] INFO  impl.MetricsSystemImpl (MetricsSystemImpl.java:init(158)) - HddsDatanode metrics system started (again)
2020-12-18 01:53:50,670 [Listener at 127.0.0.1/36003] INFO  ozone.HddsDatanodeService (HddsDatanodeService.java:start(217)) - HddsDatanodeService host:1fad9502c7b4 ip:172.17.0.2
2020-12-18 01:53:50,672 [org.apache.hadoop.util.JvmPauseMonitor$Monitor@5eaa1e5f] INFO  util.JvmPauseMonitor (JvmPauseMonitor.java:run(188)) - Starting JVM pause monitor
2020-12-18 01:53:50,672 [Datanode State Machine Task Thread - 0] INFO  datanode.InitDatanodeState (InitDatanodeState.java:persistContainerDatanodeDetails(145)) - DatanodeDetails is persisted to /github/workspace/mnt/ozone/hadoop-ozone/integration-test/target/test-dir/MiniOzoneClusterImpl-3835dc27-2ffb-44b9-9ba4-3f027f37039b/datanode-1/meta/datanode.id
2020-12-18 01:53:50,673 [Listener at 127.0.0.1/36003] INFO  volume.HddsVolume (HddsVolume.java:<init>(176)) - Creating Volume: /github/workspace/mnt/ozone/hadoop-ozone/integration-test/target/test-dir/MiniOzoneClusterImpl-3835dc27-2ffb-44b9-9ba4-3f027f37039b/datanode-2/data-0/containers/hdds of storage type : DISK and capacity : 9223372036854775807
2020-12-18 01:53:50,673 [Listener at 127.0.0.1/36003] INFO  volume.MutableVolumeSet (MutableVolumeSet.java:initializeVolumeSet(179)) - Added Volume : /github/workspace/mnt/ozone/hadoop-ozone/integration-test/target/test-dir/MiniOzoneClusterImpl-3835dc27-2ffb-44b9-9ba4-3f027f37039b/datanode-2/data-0/containers/hdds to VolumeSet
2020-12-18 01:53:50,673 [Listener at 127.0.0.1/36003] INFO  volume.ThrottledAsyncChecker (ThrottledAsyncChecker.java:schedule(141)) - Scheduling a check for /github/workspace/mnt/ozone/hadoop-ozone/integration-test/target/test-dir/MiniOzoneClusterImpl-3835dc27-2ffb-44b9-9ba4-3f027f37039b/datanode-2/data-0/containers/hdds
2020-12-18 01:53:50,677 [Listener at 127.0.0.1/36003] INFO  volume.HddsVolumeChecker (HddsVolumeChecker.java:checkAllVolumes(200)) - Scheduled health check for volume /github/workspace/mnt/ozone/hadoop-ozone/integration-test/target/test-dir/MiniOzoneClusterImpl-3835dc27-2ffb-44b9-9ba4-3f027f37039b/datanode-2/data-0/containers/hdds
2020-12-18 01:53:50,689 [Thread-3116] INFO  ozoneimpl.ContainerReader (ContainerReader.java:readVolume(123)) - Start to verify containers on volume /github/workspace/mnt/ozone/hadoop-ozone/integration-test/target/test-dir/MiniOzoneClusterImpl-3835dc27-2ffb-44b9-9ba4-3f027f37039b/datanode-2/data-0/containers/hdds
2020-12-18 01:53:50,689 [Thread-3116] INFO  ozoneimpl.ContainerReader (ContainerReader.java:readVolume(148)) - Finish verifying containers on volume /github/workspace/mnt/ozone/hadoop-ozone/integration-test/target/test-dir/MiniOzoneClusterImpl-3835dc27-2ffb-44b9-9ba4-3f027f37039b/datanode-2/data-0/containers/hdds
2020-12-18 01:53:50,689 [Listener at 127.0.0.1/36003] INFO  ozoneimpl.OzoneContainer (OzoneContainer.java:buildContainerSet(194)) - Build ContainerSet costs 0s
2020-12-18 01:53:50,690 [Listener at 127.0.0.1/36003] INFO  impl.RaftServerProxy (ConfUtils.java:logGet(44)) - raft.rpc.type = GRPC (default)
2020-12-18 01:53:50,690 [Listener at 127.0.0.1/36003] INFO  grpc.GrpcFactory (GrpcFactory.java:checkPooledByteBufAllocatorUseCacheForAllThreads(45)) - PERFORMANCE WARNING: useCacheForAllThreads is true that may cause Netty to create a lot garbage objects and, as a result, trigger GC.
	It is recommended to disable useCacheForAllThreads by setting -Dorg.apache.ratis.thirdparty.io.netty.allocator.useCacheForAllThreads=false in command line.
2020-12-18 01:53:50,690 [Listener at 127.0.0.1/36003] INFO  grpc.GrpcConfigKeys (ConfUtils.java:logGet(44)) - raft.grpc.server.port = 0 (default)
2020-12-18 01:53:50,690 [Listener at 127.0.0.1/36003] INFO  server.GrpcService (ConfUtils.java:logGet(44)) - raft.grpc.message.size.max = 32MB (=33554432) (custom)
2020-12-18 01:53:50,690 [Listener at 127.0.0.1/36003] INFO  server.RaftServerConfigKeys (ConfUtils.java:logGet(44)) - raft.server.log.appender.buffer.byte-limit = 33554432 (custom)
2020-12-18 01:53:50,690 [Listener at 127.0.0.1/36003] INFO  server.GrpcService (ConfUtils.java:logGet(44)) - raft.grpc.flow.control.window = 5MB (=5242880) (custom)
2020-12-18 01:53:50,691 [Listener at 127.0.0.1/36003] INFO  server.RaftServerConfigKeys (ConfUtils.java:logGet(44)) - raft.server.rpc.request.timeout = 60s (custom)
2020-12-18 01:53:50,691 [Listener at 127.0.0.1/36003] INFO  impl.DataStreamServerImpl (ConfUtils.java:logGet(44)) - raft.datastream.type = DISABLED (default)
2020-12-18 01:53:50,692 [Listener at 127.0.0.1/36003] INFO  server.RaftServerConfigKeys (ConfUtils.java:logGet(44)) - raft.server.storage.dir = [/github/workspace/mnt/ozone/hadoop-ozone/integration-test/target/test-dir/MiniOzoneClusterImpl-3835dc27-2ffb-44b9-9ba4-3f027f37039b/datanode-2/data/ratis] (custom)
2020-12-18 01:53:50,696 [Listener at 127.0.0.1/36003] INFO  http.BaseHttpServer (BaseHttpServer.java:newHttpServer2BuilderForOzone(207)) - Starting Web-server for hddsDatanode at: http://0.0.0.0:0
2020-12-18 01:53:50,696 [Listener at 127.0.0.1/36003] INFO  http.BaseHttpServer (BaseHttpServer.java:<init>(106)) - Hadoop Security Enabled: false Ozone Security Enabled: false Ozone HTTP Security Enabled: false 
2020-12-18 01:53:50,697 [Listener at 127.0.0.1/36003] INFO  server.AuthenticationFilter (AuthenticationFilter.java:constructSecretProvider(240)) - Unable to initialize FileSignerSecretProvider, falling back to use random secrets.
2020-12-18 01:53:50,697 [Listener at 127.0.0.1/36003] WARN  http.HttpRequestLog (HttpRequestLog.java:getRequestLog(103)) - Jetty request log can only be enabled using Log4j
2020-12-18 01:53:50,698 [Listener at 127.0.0.1/36003] INFO  http.HttpServer2 (HttpServer2.java:addGlobalFilter(1020)) - Added global filter 'safety' (class=org.apache.hadoop.hdds.server.http.HttpServer2$QuotingInputFilter)
2020-12-18 01:53:50,698 [Listener at 127.0.0.1/36003] INFO  http.HttpServer2 (HttpServer2.java:addFilter(996)) - Added filter static_user_filter (class=org.apache.hadoop.http.lib.StaticUserWebFilter$StaticUserFilter) to context hddsDatanode
2020-12-18 01:53:50,698 [Listener at 127.0.0.1/36003] INFO  http.HttpServer2 (HttpServer2.java:addFilter(1004)) - Added filter static_user_filter (class=org.apache.hadoop.http.lib.StaticUserWebFilter$StaticUserFilter) to context static
2020-12-18 01:53:50,698 [Listener at 127.0.0.1/36003] INFO  http.HttpServer2 (HttpServer2.java:addFilter(1004)) - Added filter static_user_filter (class=org.apache.hadoop.http.lib.StaticUserWebFilter$StaticUserFilter) to context logs
2020-12-18 01:53:50,699 [Listener at 127.0.0.1/36003] INFO  http.HttpServer2 (HttpServer2.java:bindListener(1238)) - Jetty bound to port 33061
2020-12-18 01:53:50,699 [Listener at 127.0.0.1/36003] INFO  server.Server (Server.java:doStart(375)) - jetty-9.4.34.v20201102; built: 2020-11-02T14:15:39.302Z; git: e46af88704a893fc12cb0e3bf46e2c7b48a009e7; jvm 1.8.0_232-b09
2020-12-18 01:53:50,700 [Listener at 127.0.0.1/36003] INFO  server.session (DefaultSessionIdManager.java:doStart(334)) - DefaultSessionIdManager workerName=node0
2020-12-18 01:53:50,700 [Listener at 127.0.0.1/36003] INFO  server.session (DefaultSessionIdManager.java:doStart(339)) - No SessionScavenger set, using defaults
2020-12-18 01:53:50,700 [Listener at 127.0.0.1/36003] INFO  server.session (HouseKeeper.java:startScavenging(132)) - node0 Scavenging every 660000ms
2020-12-18 01:53:50,700 [Listener at 127.0.0.1/36003] INFO  handler.ContextHandler (ContextHandler.java:doStart(916)) - Started o.e.j.s.ServletContextHandler@33c4dc6c{logs,/logs,file:///github/workspace/mnt/ozone/hadoop-ozone/integration-test/target/log,AVAILABLE}
2020-12-18 01:53:50,701 [Listener at 127.0.0.1/36003] INFO  handler.ContextHandler (ContextHandler.java:doStart(916)) - Started o.e.j.s.ServletContextHandler@14c35a06{static,/static,jar:file:/home/user/.m2/repository/org/apache/hadoop/hadoop-hdds-container-service/1.1.0-SNAPSHOT/hadoop-hdds-container-service-1.1.0-SNAPSHOT.jar!/webapps/static,AVAILABLE}
2020-12-18 01:53:50,836 [Listener at 127.0.0.1/36003] INFO  handler.ContextHandler (ContextHandler.java:doStart(916)) - Started o.e.j.w.WebAppContext@60e9bda0{hddsDatanode,/,file:///tmp/jetty-0_0_0_0-33061-hadoop-hdds-container-service-1_1_0-SNAPSHOT_jar-_-any-7212803206101679887/webapp/,AVAILABLE}{jar:file:/home/user/.m2/repository/org/apache/hadoop/hadoop-hdds-container-service/1.1.0-SNAPSHOT/hadoop-hdds-container-service-1.1.0-SNAPSHOT.jar!/webapps/hddsDatanode}
2020-12-18 01:53:50,837 [Listener at 127.0.0.1/36003] INFO  server.AbstractConnector (AbstractConnector.java:doStart(331)) - Started ServerConnector@438a0024{HTTP/1.1, (http/1.1)}{0.0.0.0:33061}
2020-12-18 01:53:50,837 [Listener at 127.0.0.1/36003] INFO  server.Server (Server.java:doStart(415)) - Started @207027ms
2020-12-18 01:53:50,837 [Listener at 127.0.0.1/36003] WARN  impl.MetricsSystemImpl (MetricsSystemImpl.java:register(276)) - Sink prometheus already exists!
2020-12-18 01:53:50,840 [Listener at 127.0.0.1/36003] INFO  http.BaseHttpServer (BaseHttpServer.java:updateConnectorAddress(327)) - HTTP server of hddsDatanode listening at http://0.0.0.0:33061
2020-12-18 01:53:50,844 [Listener at 127.0.0.1/36003] INFO  impl.MetricsSystemImpl (MetricsSystemImpl.java:init(158)) - HddsDatanode metrics system started (again)
2020-12-18 01:53:50,846 [Datanode State Machine Task Thread - 0] INFO  datanode.InitDatanodeState (InitDatanodeState.java:persistContainerDatanodeDetails(145)) - DatanodeDetails is persisted to /github/workspace/mnt/ozone/hadoop-ozone/integration-test/target/test-dir/MiniOzoneClusterImpl-3835dc27-2ffb-44b9-9ba4-3f027f37039b/datanode-2/meta/datanode.id
2020-12-18 01:53:50,846 [Listener at 127.0.0.1/36003] INFO  ozone.HddsDatanodeService (HddsDatanodeService.java:start(217)) - HddsDatanodeService host:1fad9502c7b4 ip:172.17.0.2
2020-12-18 01:53:50,846 [org.apache.hadoop.util.JvmPauseMonitor$Monitor@754dcd00] INFO  util.JvmPauseMonitor (JvmPauseMonitor.java:run(188)) - Starting JVM pause monitor
2020-12-18 01:53:50,847 [Listener at 127.0.0.1/36003] INFO  volume.HddsVolume (HddsVolume.java:<init>(176)) - Creating Volume: /github/workspace/mnt/ozone/hadoop-ozone/integration-test/target/test-dir/MiniOzoneClusterImpl-3835dc27-2ffb-44b9-9ba4-3f027f37039b/datanode-3/data-0/containers/hdds of storage type : DISK and capacity : 9223372036854775807
2020-12-18 01:53:50,847 [Listener at 127.0.0.1/36003] INFO  volume.MutableVolumeSet (MutableVolumeSet.java:initializeVolumeSet(179)) - Added Volume : /github/workspace/mnt/ozone/hadoop-ozone/integration-test/target/test-dir/MiniOzoneClusterImpl-3835dc27-2ffb-44b9-9ba4-3f027f37039b/datanode-3/data-0/containers/hdds to VolumeSet
2020-12-18 01:53:50,847 [Listener at 127.0.0.1/36003] INFO  volume.ThrottledAsyncChecker (ThrottledAsyncChecker.java:schedule(141)) - Scheduling a check for /github/workspace/mnt/ozone/hadoop-ozone/integration-test/target/test-dir/MiniOzoneClusterImpl-3835dc27-2ffb-44b9-9ba4-3f027f37039b/datanode-3/data-0/containers/hdds
2020-12-18 01:53:50,847 [Listener at 127.0.0.1/36003] INFO  volume.HddsVolumeChecker (HddsVolumeChecker.java:checkAllVolumes(200)) - Scheduled health check for volume /github/workspace/mnt/ozone/hadoop-ozone/integration-test/target/test-dir/MiniOzoneClusterImpl-3835dc27-2ffb-44b9-9ba4-3f027f37039b/datanode-3/data-0/containers/hdds
2020-12-18 01:53:50,859 [Thread-3127] INFO  ozoneimpl.ContainerReader (ContainerReader.java:readVolume(123)) - Start to verify containers on volume /github/workspace/mnt/ozone/hadoop-ozone/integration-test/target/test-dir/MiniOzoneClusterImpl-3835dc27-2ffb-44b9-9ba4-3f027f37039b/datanode-3/data-0/containers/hdds
2020-12-18 01:53:50,859 [Thread-3127] INFO  ozoneimpl.ContainerReader (ContainerReader.java:readVolume(148)) - Finish verifying containers on volume /github/workspace/mnt/ozone/hadoop-ozone/integration-test/target/test-dir/MiniOzoneClusterImpl-3835dc27-2ffb-44b9-9ba4-3f027f37039b/datanode-3/data-0/containers/hdds
2020-12-18 01:53:50,859 [Listener at 127.0.0.1/36003] INFO  ozoneimpl.OzoneContainer (OzoneContainer.java:buildContainerSet(194)) - Build ContainerSet costs 0s
2020-12-18 01:53:50,860 [Listener at 127.0.0.1/36003] INFO  impl.RaftServerProxy (ConfUtils.java:logGet(44)) - raft.rpc.type = GRPC (default)
2020-12-18 01:53:50,860 [Listener at 127.0.0.1/36003] INFO  grpc.GrpcFactory (GrpcFactory.java:checkPooledByteBufAllocatorUseCacheForAllThreads(45)) - PERFORMANCE WARNING: useCacheForAllThreads is true that may cause Netty to create a lot garbage objects and, as a result, trigger GC.
	It is recommended to disable useCacheForAllThreads by setting -Dorg.apache.ratis.thirdparty.io.netty.allocator.useCacheForAllThreads=false in command line.
2020-12-18 01:53:50,860 [Listener at 127.0.0.1/36003] INFO  grpc.GrpcConfigKeys (ConfUtils.java:logGet(44)) - raft.grpc.server.port = 0 (default)
2020-12-18 01:53:50,860 [Listener at 127.0.0.1/36003] INFO  server.GrpcService (ConfUtils.java:logGet(44)) - raft.grpc.message.size.max = 32MB (=33554432) (custom)
2020-12-18 01:53:50,860 [Listener at 127.0.0.1/36003] INFO  server.RaftServerConfigKeys (ConfUtils.java:logGet(44)) - raft.server.log.appender.buffer.byte-limit = 33554432 (custom)
2020-12-18 01:53:50,860 [Listener at 127.0.0.1/36003] INFO  server.GrpcService (ConfUtils.java:logGet(44)) - raft.grpc.flow.control.window = 5MB (=5242880) (custom)
2020-12-18 01:53:50,861 [Listener at 127.0.0.1/36003] INFO  server.RaftServerConfigKeys (ConfUtils.java:logGet(44)) - raft.server.rpc.request.timeout = 60s (custom)
2020-12-18 01:53:50,861 [Listener at 127.0.0.1/36003] INFO  impl.DataStreamServerImpl (ConfUtils.java:logGet(44)) - raft.datastream.type = DISABLED (default)
2020-12-18 01:53:50,862 [Listener at 127.0.0.1/36003] INFO  server.RaftServerConfigKeys (ConfUtils.java:logGet(44)) - raft.server.storage.dir = [/github/workspace/mnt/ozone/hadoop-ozone/integration-test/target/test-dir/MiniOzoneClusterImpl-3835dc27-2ffb-44b9-9ba4-3f027f37039b/datanode-3/data/ratis] (custom)
2020-12-18 01:53:50,865 [Listener at 127.0.0.1/36003] INFO  http.BaseHttpServer (BaseHttpServer.java:newHttpServer2BuilderForOzone(207)) - Starting Web-server for hddsDatanode at: http://0.0.0.0:0
2020-12-18 01:53:50,865 [Listener at 127.0.0.1/36003] INFO  http.BaseHttpServer (BaseHttpServer.java:<init>(106)) - Hadoop Security Enabled: false Ozone Security Enabled: false Ozone HTTP Security Enabled: false 
2020-12-18 01:53:50,866 [Listener at 127.0.0.1/36003] INFO  server.AuthenticationFilter (AuthenticationFilter.java:constructSecretProvider(240)) - Unable to initialize FileSignerSecretProvider, falling back to use random secrets.
2020-12-18 01:53:50,866 [Listener at 127.0.0.1/36003] WARN  http.HttpRequestLog (HttpRequestLog.java:getRequestLog(103)) - Jetty request log can only be enabled using Log4j
2020-12-18 01:53:50,867 [Listener at 127.0.0.1/36003] INFO  http.HttpServer2 (HttpServer2.java:addGlobalFilter(1020)) - Added global filter 'safety' (class=org.apache.hadoop.hdds.server.http.HttpServer2$QuotingInputFilter)
2020-12-18 01:53:50,867 [Listener at 127.0.0.1/36003] INFO  http.HttpServer2 (HttpServer2.java:addFilter(996)) - Added filter static_user_filter (class=org.apache.hadoop.http.lib.StaticUserWebFilter$StaticUserFilter) to context hddsDatanode
2020-12-18 01:53:50,867 [Listener at 127.0.0.1/36003] INFO  http.HttpServer2 (HttpServer2.java:addFilter(1004)) - Added filter static_user_filter (class=org.apache.hadoop.http.lib.StaticUserWebFilter$StaticUserFilter) to context static
2020-12-18 01:53:50,868 [Listener at 127.0.0.1/36003] INFO  http.HttpServer2 (HttpServer2.java:addFilter(1004)) - Added filter static_user_filter (class=org.apache.hadoop.http.lib.StaticUserWebFilter$StaticUserFilter) to context logs
2020-12-18 01:53:50,868 [Listener at 127.0.0.1/36003] INFO  http.HttpServer2 (HttpServer2.java:bindListener(1238)) - Jetty bound to port 38229
2020-12-18 01:53:50,868 [Listener at 127.0.0.1/36003] INFO  server.Server (Server.java:doStart(375)) - jetty-9.4.34.v20201102; built: 2020-11-02T14:15:39.302Z; git: e46af88704a893fc12cb0e3bf46e2c7b48a009e7; jvm 1.8.0_232-b09
2020-12-18 01:53:50,869 [Listener at 127.0.0.1/36003] INFO  server.session (DefaultSessionIdManager.java:doStart(334)) - DefaultSessionIdManager workerName=node0
2020-12-18 01:53:50,869 [Listener at 127.0.0.1/36003] INFO  server.session (DefaultSessionIdManager.java:doStart(339)) - No SessionScavenger set, using defaults
2020-12-18 01:53:50,869 [Listener at 127.0.0.1/36003] INFO  server.session (HouseKeeper.java:startScavenging(132)) - node0 Scavenging every 600000ms
2020-12-18 01:53:50,869 [Listener at 127.0.0.1/36003] INFO  handler.ContextHandler (ContextHandler.java:doStart(916)) - Started o.e.j.s.ServletContextHandler@5621a9eb{logs,/logs,file:///github/workspace/mnt/ozone/hadoop-ozone/integration-test/target/log,AVAILABLE}
2020-12-18 01:53:50,870 [Listener at 127.0.0.1/36003] INFO  handler.ContextHandler (ContextHandler.java:doStart(916)) - Started o.e.j.s.ServletContextHandler@1a18b38c{static,/static,jar:file:/home/user/.m2/repository/org/apache/hadoop/hadoop-hdds-container-service/1.1.0-SNAPSHOT/hadoop-hdds-container-service-1.1.0-SNAPSHOT.jar!/webapps/static,AVAILABLE}
2020-12-18 01:53:51,003 [Listener at 127.0.0.1/36003] INFO  handler.ContextHandler (ContextHandler.java:doStart(916)) - Started o.e.j.w.WebAppContext@77e6ec35{hddsDatanode,/,file:///tmp/jetty-0_0_0_0-38229-hadoop-hdds-container-service-1_1_0-SNAPSHOT_jar-_-any-213474203572277186/webapp/,AVAILABLE}{jar:file:/home/user/.m2/repository/org/apache/hadoop/hadoop-hdds-container-service/1.1.0-SNAPSHOT/hadoop-hdds-container-service-1.1.0-SNAPSHOT.jar!/webapps/hddsDatanode}
2020-12-18 01:53:51,007 [Listener at 127.0.0.1/36003] INFO  server.AbstractConnector (AbstractConnector.java:doStart(331)) - Started ServerConnector@2a8be188{HTTP/1.1, (http/1.1)}{0.0.0.0:38229}
2020-12-18 01:53:51,007 [Listener at 127.0.0.1/36003] INFO  server.Server (Server.java:doStart(415)) - Started @207197ms
2020-12-18 01:53:51,007 [Listener at 127.0.0.1/36003] WARN  impl.MetricsSystemImpl (MetricsSystemImpl.java:register(276)) - Sink prometheus already exists!
2020-12-18 01:53:51,011 [Listener at 127.0.0.1/36003] INFO  http.BaseHttpServer (BaseHttpServer.java:updateConnectorAddress(327)) - HTTP server of hddsDatanode listening at http://0.0.0.0:38229
2020-12-18 01:53:51,016 [Listener at 127.0.0.1/36003] INFO  impl.MetricsSystemImpl (MetricsSystemImpl.java:init(158)) - HddsDatanode metrics system started (again)
2020-12-18 01:53:51,018 [Listener at 127.0.0.1/36003] INFO  ozone.HddsDatanodeService (HddsDatanodeService.java:start(217)) - HddsDatanodeService host:1fad9502c7b4 ip:172.17.0.2
2020-12-18 01:53:51,020 [org.apache.hadoop.util.JvmPauseMonitor$Monitor@7bc45f1c] INFO  util.JvmPauseMonitor (JvmPauseMonitor.java:run(188)) - Starting JVM pause monitor
2020-12-18 01:53:51,021 [Listener at 127.0.0.1/36003] INFO  volume.HddsVolume (HddsVolume.java:<init>(176)) - Creating Volume: /github/workspace/mnt/ozone/hadoop-ozone/integration-test/target/test-dir/MiniOzoneClusterImpl-3835dc27-2ffb-44b9-9ba4-3f027f37039b/datanode-4/data-0/containers/hdds of storage type : DISK and capacity : 9223372036854775807
2020-12-18 01:53:51,021 [Listener at 127.0.0.1/36003] INFO  volume.MutableVolumeSet (MutableVolumeSet.java:initializeVolumeSet(179)) - Added Volume : /github/workspace/mnt/ozone/hadoop-ozone/integration-test/target/test-dir/MiniOzoneClusterImpl-3835dc27-2ffb-44b9-9ba4-3f027f37039b/datanode-4/data-0/containers/hdds to VolumeSet
2020-12-18 01:53:51,021 [Listener at 127.0.0.1/36003] INFO  volume.ThrottledAsyncChecker (ThrottledAsyncChecker.java:schedule(141)) - Scheduling a check for /github/workspace/mnt/ozone/hadoop-ozone/integration-test/target/test-dir/MiniOzoneClusterImpl-3835dc27-2ffb-44b9-9ba4-3f027f37039b/datanode-4/data-0/containers/hdds
2020-12-18 01:53:51,021 [Listener at 127.0.0.1/36003] INFO  volume.HddsVolumeChecker (HddsVolumeChecker.java:checkAllVolumes(200)) - Scheduled health check for volume /github/workspace/mnt/ozone/hadoop-ozone/integration-test/target/test-dir/MiniOzoneClusterImpl-3835dc27-2ffb-44b9-9ba4-3f027f37039b/datanode-4/data-0/containers/hdds
2020-12-18 01:53:51,022 [Datanode State Machine Task Thread - 0] INFO  datanode.InitDatanodeState (InitDatanodeState.java:persistContainerDatanodeDetails(145)) - DatanodeDetails is persisted to /github/workspace/mnt/ozone/hadoop-ozone/integration-test/target/test-dir/MiniOzoneClusterImpl-3835dc27-2ffb-44b9-9ba4-3f027f37039b/datanode-3/meta/datanode.id
2020-12-18 01:53:51,033 [Thread-3138] INFO  ozoneimpl.ContainerReader (ContainerReader.java:readVolume(123)) - Start to verify containers on volume /github/workspace/mnt/ozone/hadoop-ozone/integration-test/target/test-dir/MiniOzoneClusterImpl-3835dc27-2ffb-44b9-9ba4-3f027f37039b/datanode-4/data-0/containers/hdds
2020-12-18 01:53:51,033 [Thread-3138] INFO  ozoneimpl.ContainerReader (ContainerReader.java:readVolume(148)) - Finish verifying containers on volume /github/workspace/mnt/ozone/hadoop-ozone/integration-test/target/test-dir/MiniOzoneClusterImpl-3835dc27-2ffb-44b9-9ba4-3f027f37039b/datanode-4/data-0/containers/hdds
2020-12-18 01:53:51,033 [Listener at 127.0.0.1/36003] INFO  ozoneimpl.OzoneContainer (OzoneContainer.java:buildContainerSet(194)) - Build ContainerSet costs 0s
2020-12-18 01:53:51,034 [Listener at 127.0.0.1/36003] INFO  impl.RaftServerProxy (ConfUtils.java:logGet(44)) - raft.rpc.type = GRPC (default)
2020-12-18 01:53:51,034 [Listener at 127.0.0.1/36003] INFO  grpc.GrpcFactory (GrpcFactory.java:checkPooledByteBufAllocatorUseCacheForAllThreads(45)) - PERFORMANCE WARNING: useCacheForAllThreads is true that may cause Netty to create a lot garbage objects and, as a result, trigger GC.
	It is recommended to disable useCacheForAllThreads by setting -Dorg.apache.ratis.thirdparty.io.netty.allocator.useCacheForAllThreads=false in command line.
2020-12-18 01:53:51,034 [Listener at 127.0.0.1/36003] INFO  grpc.GrpcConfigKeys (ConfUtils.java:logGet(44)) - raft.grpc.server.port = 0 (default)
2020-12-18 01:53:51,034 [Listener at 127.0.0.1/36003] INFO  server.GrpcService (ConfUtils.java:logGet(44)) - raft.grpc.message.size.max = 32MB (=33554432) (custom)
2020-12-18 01:53:51,035 [Listener at 127.0.0.1/36003] INFO  server.RaftServerConfigKeys (ConfUtils.java:logGet(44)) - raft.server.log.appender.buffer.byte-limit = 33554432 (custom)
2020-12-18 01:53:51,035 [Listener at 127.0.0.1/36003] INFO  server.GrpcService (ConfUtils.java:logGet(44)) - raft.grpc.flow.control.window = 5MB (=5242880) (custom)
2020-12-18 01:53:51,035 [Listener at 127.0.0.1/36003] INFO  server.RaftServerConfigKeys (ConfUtils.java:logGet(44)) - raft.server.rpc.request.timeout = 60s (custom)
2020-12-18 01:53:51,036 [Listener at 127.0.0.1/36003] INFO  impl.DataStreamServerImpl (ConfUtils.java:logGet(44)) - raft.datastream.type = DISABLED (default)
2020-12-18 01:53:51,036 [Listener at 127.0.0.1/36003] INFO  server.RaftServerConfigKeys (ConfUtils.java:logGet(44)) - raft.server.storage.dir = [/github/workspace/mnt/ozone/hadoop-ozone/integration-test/target/test-dir/MiniOzoneClusterImpl-3835dc27-2ffb-44b9-9ba4-3f027f37039b/datanode-4/data/ratis] (custom)
2020-12-18 01:53:51,041 [Listener at 127.0.0.1/36003] INFO  http.BaseHttpServer (BaseHttpServer.java:newHttpServer2BuilderForOzone(207)) - Starting Web-server for hddsDatanode at: http://0.0.0.0:0
2020-12-18 01:53:51,041 [Listener at 127.0.0.1/36003] INFO  http.BaseHttpServer (BaseHttpServer.java:<init>(106)) - Hadoop Security Enabled: false Ozone Security Enabled: false Ozone HTTP Security Enabled: false 
2020-12-18 01:53:51,042 [Listener at 127.0.0.1/36003] INFO  server.AuthenticationFilter (AuthenticationFilter.java:constructSecretProvider(240)) - Unable to initialize FileSignerSecretProvider, falling back to use random secrets.
2020-12-18 01:53:51,042 [Listener at 127.0.0.1/36003] WARN  http.HttpRequestLog (HttpRequestLog.java:getRequestLog(103)) - Jetty request log can only be enabled using Log4j
2020-12-18 01:53:51,042 [Listener at 127.0.0.1/36003] INFO  http.HttpServer2 (HttpServer2.java:addGlobalFilter(1020)) - Added global filter 'safety' (class=org.apache.hadoop.hdds.server.http.HttpServer2$QuotingInputFilter)
2020-12-18 01:53:51,043 [Listener at 127.0.0.1/36003] INFO  http.HttpServer2 (HttpServer2.java:addFilter(996)) - Added filter static_user_filter (class=org.apache.hadoop.http.lib.StaticUserWebFilter$StaticUserFilter) to context hddsDatanode
2020-12-18 01:53:51,043 [Listener at 127.0.0.1/36003] INFO  http.HttpServer2 (HttpServer2.java:addFilter(1004)) - Added filter static_user_filter (class=org.apache.hadoop.http.lib.StaticUserWebFilter$StaticUserFilter) to context logs
2020-12-18 01:53:51,043 [Listener at 127.0.0.1/36003] INFO  http.HttpServer2 (HttpServer2.java:addFilter(1004)) - Added filter static_user_filter (class=org.apache.hadoop.http.lib.StaticUserWebFilter$StaticUserFilter) to context static
2020-12-18 01:53:51,044 [Listener at 127.0.0.1/36003] INFO  http.HttpServer2 (HttpServer2.java:bindListener(1238)) - Jetty bound to port 38971
2020-12-18 01:53:51,044 [Listener at 127.0.0.1/36003] INFO  server.Server (Server.java:doStart(375)) - jetty-9.4.34.v20201102; built: 2020-11-02T14:15:39.302Z; git: e46af88704a893fc12cb0e3bf46e2c7b48a009e7; jvm 1.8.0_232-b09
2020-12-18 01:53:51,045 [Listener at 127.0.0.1/36003] INFO  server.session (DefaultSessionIdManager.java:doStart(334)) - DefaultSessionIdManager workerName=node0
2020-12-18 01:53:51,045 [Listener at 127.0.0.1/36003] INFO  server.session (DefaultSessionIdManager.java:doStart(339)) - No SessionScavenger set, using defaults
2020-12-18 01:53:51,045 [Listener at 127.0.0.1/36003] INFO  server.session (HouseKeeper.java:startScavenging(132)) - node0 Scavenging every 600000ms
2020-12-18 01:53:51,046 [Listener at 127.0.0.1/36003] INFO  handler.ContextHandler (ContextHandler.java:doStart(916)) - Started o.e.j.s.ServletContextHandler@25afdf7e{logs,/logs,file:///github/workspace/mnt/ozone/hadoop-ozone/integration-test/target/log,AVAILABLE}
2020-12-18 01:53:51,046 [Listener at 127.0.0.1/36003] INFO  handler.ContextHandler (ContextHandler.java:doStart(916)) - Started o.e.j.s.ServletContextHandler@8c6030b{static,/static,jar:file:/home/user/.m2/repository/org/apache/hadoop/hadoop-hdds-container-service/1.1.0-SNAPSHOT/hadoop-hdds-container-service-1.1.0-SNAPSHOT.jar!/webapps/static,AVAILABLE}
2020-12-18 01:53:51,180 [Listener at 127.0.0.1/36003] INFO  handler.ContextHandler (ContextHandler.java:doStart(916)) - Started o.e.j.w.WebAppContext@20ba3c52{hddsDatanode,/,file:///tmp/jetty-0_0_0_0-38971-hadoop-hdds-container-service-1_1_0-SNAPSHOT_jar-_-any-8459570536314997823/webapp/,AVAILABLE}{jar:file:/home/user/.m2/repository/org/apache/hadoop/hadoop-hdds-container-service/1.1.0-SNAPSHOT/hadoop-hdds-container-service-1.1.0-SNAPSHOT.jar!/webapps/hddsDatanode}
2020-12-18 01:53:51,181 [Listener at 127.0.0.1/36003] INFO  server.AbstractConnector (AbstractConnector.java:doStart(331)) - Started ServerConnector@d4f223e{HTTP/1.1, (http/1.1)}{0.0.0.0:38971}
2020-12-18 01:53:51,181 [Listener at 127.0.0.1/36003] INFO  server.Server (Server.java:doStart(415)) - Started @207371ms
2020-12-18 01:53:51,181 [Listener at 127.0.0.1/36003] WARN  impl.MetricsSystemImpl (MetricsSystemImpl.java:register(276)) - Sink prometheus already exists!
2020-12-18 01:53:51,184 [Listener at 127.0.0.1/36003] INFO  http.BaseHttpServer (BaseHttpServer.java:updateConnectorAddress(327)) - HTTP server of hddsDatanode listening at http://0.0.0.0:38971
2020-12-18 01:53:51,185 [Listener at 127.0.0.1/36003] INFO  impl.MetricsSystemImpl (MetricsSystemImpl.java:init(158)) - HddsDatanode metrics system started (again)
2020-12-18 01:53:51,187 [Listener at 127.0.0.1/36003] INFO  ozone.HddsDatanodeService (HddsDatanodeService.java:start(217)) - HddsDatanodeService host:1fad9502c7b4 ip:172.17.0.2
2020-12-18 01:53:51,193 [Listener at 127.0.0.1/36003] INFO  volume.HddsVolume (HddsVolume.java:<init>(176)) - Creating Volume: /github/workspace/mnt/ozone/hadoop-ozone/integration-test/target/test-dir/MiniOzoneClusterImpl-3835dc27-2ffb-44b9-9ba4-3f027f37039b/datanode-5/data-0/containers/hdds of storage type : DISK and capacity : 9223372036854775807
2020-12-18 01:53:51,193 [Listener at 127.0.0.1/36003] INFO  volume.MutableVolumeSet (MutableVolumeSet.java:initializeVolumeSet(179)) - Added Volume : /github/workspace/mnt/ozone/hadoop-ozone/integration-test/target/test-dir/MiniOzoneClusterImpl-3835dc27-2ffb-44b9-9ba4-3f027f37039b/datanode-5/data-0/containers/hdds to VolumeSet
2020-12-18 01:53:51,193 [Listener at 127.0.0.1/36003] INFO  volume.ThrottledAsyncChecker (ThrottledAsyncChecker.java:schedule(141)) - Scheduling a check for /github/workspace/mnt/ozone/hadoop-ozone/integration-test/target/test-dir/MiniOzoneClusterImpl-3835dc27-2ffb-44b9-9ba4-3f027f37039b/datanode-5/data-0/containers/hdds
2020-12-18 01:53:51,194 [Listener at 127.0.0.1/36003] INFO  volume.HddsVolumeChecker (HddsVolumeChecker.java:checkAllVolumes(200)) - Scheduled health check for volume /github/workspace/mnt/ozone/hadoop-ozone/integration-test/target/test-dir/MiniOzoneClusterImpl-3835dc27-2ffb-44b9-9ba4-3f027f37039b/datanode-5/data-0/containers/hdds
2020-12-18 01:53:51,205 [org.apache.hadoop.util.JvmPauseMonitor$Monitor@1a1216d9] INFO  util.JvmPauseMonitor (JvmPauseMonitor.java:run(188)) - Starting JVM pause monitor
2020-12-18 01:53:51,207 [Datanode State Machine Task Thread - 0] INFO  datanode.InitDatanodeState (InitDatanodeState.java:persistContainerDatanodeDetails(145)) - DatanodeDetails is persisted to /github/workspace/mnt/ozone/hadoop-ozone/integration-test/target/test-dir/MiniOzoneClusterImpl-3835dc27-2ffb-44b9-9ba4-3f027f37039b/datanode-4/meta/datanode.id
2020-12-18 01:53:51,208 [Thread-3149] INFO  ozoneimpl.ContainerReader (ContainerReader.java:readVolume(123)) - Start to verify containers on volume /github/workspace/mnt/ozone/hadoop-ozone/integration-test/target/test-dir/MiniOzoneClusterImpl-3835dc27-2ffb-44b9-9ba4-3f027f37039b/datanode-5/data-0/containers/hdds
2020-12-18 01:53:51,208 [Thread-3149] INFO  ozoneimpl.ContainerReader (ContainerReader.java:readVolume(148)) - Finish verifying containers on volume /github/workspace/mnt/ozone/hadoop-ozone/integration-test/target/test-dir/MiniOzoneClusterImpl-3835dc27-2ffb-44b9-9ba4-3f027f37039b/datanode-5/data-0/containers/hdds
2020-12-18 01:53:51,208 [Listener at 127.0.0.1/36003] INFO  ozoneimpl.OzoneContainer (OzoneContainer.java:buildContainerSet(194)) - Build ContainerSet costs 0s
2020-12-18 01:53:51,209 [Listener at 127.0.0.1/36003] INFO  impl.RaftServerProxy (ConfUtils.java:logGet(44)) - raft.rpc.type = GRPC (default)
2020-12-18 01:53:51,209 [Listener at 127.0.0.1/36003] INFO  grpc.GrpcFactory (GrpcFactory.java:checkPooledByteBufAllocatorUseCacheForAllThreads(45)) - PERFORMANCE WARNING: useCacheForAllThreads is true that may cause Netty to create a lot garbage objects and, as a result, trigger GC.
	It is recommended to disable useCacheForAllThreads by setting -Dorg.apache.ratis.thirdparty.io.netty.allocator.useCacheForAllThreads=false in command line.
2020-12-18 01:53:51,209 [Listener at 127.0.0.1/36003] INFO  grpc.GrpcConfigKeys (ConfUtils.java:logGet(44)) - raft.grpc.server.port = 0 (default)
2020-12-18 01:53:51,209 [Listener at 127.0.0.1/36003] INFO  server.GrpcService (ConfUtils.java:logGet(44)) - raft.grpc.message.size.max = 32MB (=33554432) (custom)
2020-12-18 01:53:51,209 [Listener at 127.0.0.1/36003] INFO  server.RaftServerConfigKeys (ConfUtils.java:logGet(44)) - raft.server.log.appender.buffer.byte-limit = 33554432 (custom)
2020-12-18 01:53:51,210 [Listener at 127.0.0.1/36003] INFO  server.GrpcService (ConfUtils.java:logGet(44)) - raft.grpc.flow.control.window = 5MB (=5242880) (custom)
2020-12-18 01:53:51,210 [Listener at 127.0.0.1/36003] INFO  server.RaftServerConfigKeys (ConfUtils.java:logGet(44)) - raft.server.rpc.request.timeout = 60s (custom)
2020-12-18 01:53:51,210 [Listener at 127.0.0.1/36003] INFO  impl.DataStreamServerImpl (ConfUtils.java:logGet(44)) - raft.datastream.type = DISABLED (default)
2020-12-18 01:53:51,211 [Listener at 127.0.0.1/36003] INFO  server.RaftServerConfigKeys (ConfUtils.java:logGet(44)) - raft.server.storage.dir = [/github/workspace/mnt/ozone/hadoop-ozone/integration-test/target/test-dir/MiniOzoneClusterImpl-3835dc27-2ffb-44b9-9ba4-3f027f37039b/datanode-5/data/ratis] (custom)
2020-12-18 01:53:51,215 [Listener at 127.0.0.1/36003] INFO  http.BaseHttpServer (BaseHttpServer.java:newHttpServer2BuilderForOzone(207)) - Starting Web-server for hddsDatanode at: http://0.0.0.0:0
2020-12-18 01:53:51,215 [Listener at 127.0.0.1/36003] INFO  http.BaseHttpServer (BaseHttpServer.java:<init>(106)) - Hadoop Security Enabled: false Ozone Security Enabled: false Ozone HTTP Security Enabled: false 
2020-12-18 01:53:51,216 [Listener at 127.0.0.1/36003] INFO  server.AuthenticationFilter (AuthenticationFilter.java:constructSecretProvider(240)) - Unable to initialize FileSignerSecretProvider, falling back to use random secrets.
2020-12-18 01:53:51,216 [Listener at 127.0.0.1/36003] WARN  http.HttpRequestLog (HttpRequestLog.java:getRequestLog(103)) - Jetty request log can only be enabled using Log4j
2020-12-18 01:53:51,217 [Listener at 127.0.0.1/36003] INFO  http.HttpServer2 (HttpServer2.java:addGlobalFilter(1020)) - Added global filter 'safety' (class=org.apache.hadoop.hdds.server.http.HttpServer2$QuotingInputFilter)
2020-12-18 01:53:51,217 [Listener at 127.0.0.1/36003] INFO  http.HttpServer2 (HttpServer2.java:addFilter(996)) - Added filter static_user_filter (class=org.apache.hadoop.http.lib.StaticUserWebFilter$StaticUserFilter) to context hddsDatanode
2020-12-18 01:53:51,217 [Listener at 127.0.0.1/36003] INFO  http.HttpServer2 (HttpServer2.java:addFilter(1004)) - Added filter static_user_filter (class=org.apache.hadoop.http.lib.StaticUserWebFilter$StaticUserFilter) to context logs
2020-12-18 01:53:51,217 [Listener at 127.0.0.1/36003] INFO  http.HttpServer2 (HttpServer2.java:addFilter(1004)) - Added filter static_user_filter (class=org.apache.hadoop.http.lib.StaticUserWebFilter$StaticUserFilter) to context static
2020-12-18 01:53:51,218 [Listener at 127.0.0.1/36003] INFO  http.HttpServer2 (HttpServer2.java:bindListener(1238)) - Jetty bound to port 35073
2020-12-18 01:53:51,218 [Listener at 127.0.0.1/36003] INFO  server.Server (Server.java:doStart(375)) - jetty-9.4.34.v20201102; built: 2020-11-02T14:15:39.302Z; git: e46af88704a893fc12cb0e3bf46e2c7b48a009e7; jvm 1.8.0_232-b09
2020-12-18 01:53:51,219 [Listener at 127.0.0.1/36003] INFO  server.session (DefaultSessionIdManager.java:doStart(334)) - DefaultSessionIdManager workerName=node0
2020-12-18 01:53:51,219 [Listener at 127.0.0.1/36003] INFO  server.session (DefaultSessionIdManager.java:doStart(339)) - No SessionScavenger set, using defaults
2020-12-18 01:53:51,219 [Listener at 127.0.0.1/36003] INFO  server.session (HouseKeeper.java:startScavenging(132)) - node0 Scavenging every 600000ms
2020-12-18 01:53:51,219 [Listener at 127.0.0.1/36003] INFO  handler.ContextHandler (ContextHandler.java:doStart(916)) - Started o.e.j.s.ServletContextHandler@10ea88c7{logs,/logs,file:///github/workspace/mnt/ozone/hadoop-ozone/integration-test/target/log,AVAILABLE}
2020-12-18 01:53:51,220 [Listener at 127.0.0.1/36003] INFO  handler.ContextHandler (ContextHandler.java:doStart(916)) - Started o.e.j.s.ServletContextHandler@6553527e{static,/static,jar:file:/home/user/.m2/repository/org/apache/hadoop/hadoop-hdds-container-service/1.1.0-SNAPSHOT/hadoop-hdds-container-service-1.1.0-SNAPSHOT.jar!/webapps/static,AVAILABLE}
2020-12-18 01:53:51,353 [Listener at 127.0.0.1/36003] INFO  handler.ContextHandler (ContextHandler.java:doStart(916)) - Started o.e.j.w.WebAppContext@3abe94d9{hddsDatanode,/,file:///tmp/jetty-0_0_0_0-35073-hadoop-hdds-container-service-1_1_0-SNAPSHOT_jar-_-any-2542941157929122913/webapp/,AVAILABLE}{jar:file:/home/user/.m2/repository/org/apache/hadoop/hadoop-hdds-container-service/1.1.0-SNAPSHOT/hadoop-hdds-container-service-1.1.0-SNAPSHOT.jar!/webapps/hddsDatanode}
2020-12-18 01:53:51,355 [Listener at 127.0.0.1/36003] INFO  server.AbstractConnector (AbstractConnector.java:doStart(331)) - Started ServerConnector@12c539be{HTTP/1.1, (http/1.1)}{0.0.0.0:35073}
2020-12-18 01:53:51,355 [Listener at 127.0.0.1/36003] INFO  server.Server (Server.java:doStart(415)) - Started @207545ms
2020-12-18 01:53:51,355 [Listener at 127.0.0.1/36003] WARN  impl.MetricsSystemImpl (MetricsSystemImpl.java:register(276)) - Sink prometheus already exists!
2020-12-18 01:53:51,358 [Listener at 127.0.0.1/36003] INFO  http.BaseHttpServer (BaseHttpServer.java:updateConnectorAddress(327)) - HTTP server of hddsDatanode listening at http://0.0.0.0:35073
2020-12-18 01:53:51,360 [Listener at 127.0.0.1/36003] INFO  ozone.MiniOzoneClusterImpl (MiniOzoneClusterImpl.java:lambda$waitForClusterToBeReady$0(178)) - Waiting for nodes to be ready. Got 0 of 6 DN Heartbeats.
2020-12-18 01:53:51,360 [Listener at 127.0.0.1/36003] INFO  ozone.MiniOzoneClusterImpl (MiniOzoneClusterImpl.java:lambda$waitForClusterToBeReady$0(181)) - Waiting for cluster to exit safe mode
2020-12-18 01:53:51,361 [org.apache.hadoop.util.JvmPauseMonitor$Monitor@d8ae00a] INFO  util.JvmPauseMonitor (JvmPauseMonitor.java:run(188)) - Starting JVM pause monitor
2020-12-18 01:53:51,362 [Datanode State Machine Task Thread - 0] INFO  datanode.InitDatanodeState (InitDatanodeState.java:persistContainerDatanodeDetails(145)) - DatanodeDetails is persisted to /github/workspace/mnt/ozone/hadoop-ozone/integration-test/target/test-dir/MiniOzoneClusterImpl-3835dc27-2ffb-44b9-9ba4-3f027f37039b/datanode-5/meta/datanode.id
2020-12-18 01:53:52,361 [Listener at 127.0.0.1/36003] INFO  ozone.MiniOzoneClusterImpl (MiniOzoneClusterImpl.java:lambda$waitForClusterToBeReady$0(178)) - Waiting for nodes to be ready. Got 0 of 6 DN Heartbeats.
2020-12-18 01:53:52,361 [Listener at 127.0.0.1/36003] INFO  ozone.MiniOzoneClusterImpl (MiniOzoneClusterImpl.java:lambda$waitForClusterToBeReady$0(181)) - Waiting for cluster to exit safe mode
2020-12-18 01:53:52,521 [EndpointStateMachine task thread for /0.0.0.0:40443 - 0 ] INFO  ozoneimpl.OzoneContainer (OzoneContainer.java:start(243)) - Attempting to start container services.
2020-12-18 01:53:52,521 [EndpointStateMachine task thread for /0.0.0.0:40443 - 0 ] INFO  ozoneimpl.OzoneContainer (OzoneContainer.java:startContainerScrub(207)) - Background container scanner has been disabled.
2020-12-18 01:53:52,521 [EndpointStateMachine task thread for /0.0.0.0:40443 - 0 ] INFO  ratis.XceiverServerRatis (XceiverServerRatis.java:start(456)) - Starting XceiverServerRatis 2ed54bf1-42e1-44fc-9c0b-5e6eea7347b7 at port 0
2020-12-18 01:53:52,522 [EndpointStateMachine task thread for /0.0.0.0:40443 - 0 ] INFO  impl.RaftServerProxy (RaftServerProxy.java:lambda$start$3(321)) - 2ed54bf1-42e1-44fc-9c0b-5e6eea7347b7: start RPC server
2020-12-18 01:53:52,523 [EndpointStateMachine task thread for /0.0.0.0:40443 - 0 ] INFO  server.GrpcService (GrpcService.java:startImpl(177)) - 2ed54bf1-42e1-44fc-9c0b-5e6eea7347b7: GrpcService started, listening on 0.0.0.0/0.0.0.0:37299
2020-12-18 01:53:52,523 [EndpointStateMachine task thread for /0.0.0.0:40443 - 0 ] INFO  ratis.XceiverServerRatis (XceiverServerRatis.java:start(468)) - XceiverServerRatis 2ed54bf1-42e1-44fc-9c0b-5e6eea7347b7 is started using port 37299
2020-12-18 01:53:52,523 [EndpointStateMachine task thread for /0.0.0.0:40443 - 0 ] INFO  server.XceiverServerGrpc (XceiverServerGrpc.java:start(145)) - XceiverServerGrpc 2ed54bf1-42e1-44fc-9c0b-5e6eea7347b7 is started using port 38973
2020-12-18 01:53:52,524 [org.apache.ratis.server.JvmPauseMonitor@6b210327-Monitor] INFO  server.RaftServerConfigKeys (ConfUtils.java:logGet(44)) - raft.server.leaderelection.leader.step-down.wait-time = 10s (default)
2020-12-18 01:53:52,524 [org.apache.ratis.server.JvmPauseMonitor@6b210327-Monitor] INFO  server.RaftServerConfigKeys (ConfUtils.java:logGet(44)) - raft.server.rpc.slowness.timeout = 300s (custom)
2020-12-18 01:53:52,524 [org.apache.ratis.server.JvmPauseMonitor@6b210327-Monitor] INFO  server.JvmPauseMonitor (JvmPauseMonitor.java:run(129)) - Starting Ratis JVM pause monitor
2020-12-18 01:53:52,675 [EndpointStateMachine task thread for /0.0.0.0:40443 - 0 ] INFO  ozoneimpl.OzoneContainer (OzoneContainer.java:start(243)) - Attempting to start container services.
2020-12-18 01:53:52,675 [EndpointStateMachine task thread for /0.0.0.0:40443 - 0 ] INFO  ozoneimpl.OzoneContainer (OzoneContainer.java:startContainerScrub(207)) - Background container scanner has been disabled.
2020-12-18 01:53:52,675 [EndpointStateMachine task thread for /0.0.0.0:40443 - 0 ] INFO  ratis.XceiverServerRatis (XceiverServerRatis.java:start(456)) - Starting XceiverServerRatis 53ca8b2c-5b6c-4f43-832a-400784fc22d8 at port 0
2020-12-18 01:53:52,676 [EndpointStateMachine task thread for /0.0.0.0:40443 - 0 ] INFO  impl.RaftServerProxy (RaftServerProxy.java:lambda$start$3(321)) - 53ca8b2c-5b6c-4f43-832a-400784fc22d8: start RPC server
2020-12-18 01:53:52,677 [EndpointStateMachine task thread for /0.0.0.0:40443 - 0 ] INFO  server.GrpcService (GrpcService.java:startImpl(177)) - 53ca8b2c-5b6c-4f43-832a-400784fc22d8: GrpcService started, listening on 0.0.0.0/0.0.0.0:46217
2020-12-18 01:53:52,677 [EndpointStateMachine task thread for /0.0.0.0:40443 - 0 ] INFO  ratis.XceiverServerRatis (XceiverServerRatis.java:start(468)) - XceiverServerRatis 53ca8b2c-5b6c-4f43-832a-400784fc22d8 is started using port 46217
2020-12-18 01:53:52,678 [EndpointStateMachine task thread for /0.0.0.0:40443 - 0 ] INFO  server.XceiverServerGrpc (XceiverServerGrpc.java:start(145)) - XceiverServerGrpc 53ca8b2c-5b6c-4f43-832a-400784fc22d8 is started using port 35813
2020-12-18 01:53:52,678 [org.apache.ratis.server.JvmPauseMonitor@3bd1277d-Monitor] INFO  server.RaftServerConfigKeys (ConfUtils.java:logGet(44)) - raft.server.leaderelection.leader.step-down.wait-time = 10s (default)
2020-12-18 01:53:52,678 [org.apache.ratis.server.JvmPauseMonitor@3bd1277d-Monitor] INFO  server.RaftServerConfigKeys (ConfUtils.java:logGet(44)) - raft.server.rpc.slowness.timeout = 300s (custom)
2020-12-18 01:53:52,678 [org.apache.ratis.server.JvmPauseMonitor@3bd1277d-Monitor] INFO  server.JvmPauseMonitor (JvmPauseMonitor.java:run(129)) - Starting Ratis JVM pause monitor
2020-12-18 01:53:52,847 [EndpointStateMachine task thread for /0.0.0.0:40443 - 0 ] INFO  ozoneimpl.OzoneContainer (OzoneContainer.java:start(243)) - Attempting to start container services.
2020-12-18 01:53:52,847 [EndpointStateMachine task thread for /0.0.0.0:40443 - 0 ] INFO  ozoneimpl.OzoneContainer (OzoneContainer.java:startContainerScrub(207)) - Background container scanner has been disabled.
2020-12-18 01:53:52,847 [EndpointStateMachine task thread for /0.0.0.0:40443 - 0 ] INFO  ratis.XceiverServerRatis (XceiverServerRatis.java:start(456)) - Starting XceiverServerRatis 79194d7f-2e7e-4e4e-9d5e-674d7d919289 at port 0
2020-12-18 01:53:52,849 [EndpointStateMachine task thread for /0.0.0.0:40443 - 0 ] INFO  impl.RaftServerProxy (RaftServerProxy.java:lambda$start$3(321)) - 79194d7f-2e7e-4e4e-9d5e-674d7d919289: start RPC server
2020-12-18 01:53:52,849 [EndpointStateMachine task thread for /0.0.0.0:40443 - 0 ] INFO  server.GrpcService (GrpcService.java:startImpl(177)) - 79194d7f-2e7e-4e4e-9d5e-674d7d919289: GrpcService started, listening on 0.0.0.0/0.0.0.0:45263
2020-12-18 01:53:52,852 [EndpointStateMachine task thread for /0.0.0.0:40443 - 0 ] INFO  ratis.XceiverServerRatis (XceiverServerRatis.java:start(468)) - XceiverServerRatis 79194d7f-2e7e-4e4e-9d5e-674d7d919289 is started using port 45263
2020-12-18 01:53:52,853 [EndpointStateMachine task thread for /0.0.0.0:40443 - 0 ] INFO  server.XceiverServerGrpc (XceiverServerGrpc.java:start(145)) - XceiverServerGrpc 79194d7f-2e7e-4e4e-9d5e-674d7d919289 is started using port 46117
2020-12-18 01:53:52,856 [org.apache.ratis.server.JvmPauseMonitor@292b7735-Monitor] INFO  server.RaftServerConfigKeys (ConfUtils.java:logGet(44)) - raft.server.leaderelection.leader.step-down.wait-time = 10s (default)
2020-12-18 01:53:52,856 [org.apache.ratis.server.JvmPauseMonitor@292b7735-Monitor] INFO  server.RaftServerConfigKeys (ConfUtils.java:logGet(44)) - raft.server.rpc.slowness.timeout = 300s (custom)
2020-12-18 01:53:52,856 [org.apache.ratis.server.JvmPauseMonitor@292b7735-Monitor] INFO  server.JvmPauseMonitor (JvmPauseMonitor.java:run(129)) - Starting Ratis JVM pause monitor
2020-12-18 01:53:53,025 [EndpointStateMachine task thread for /0.0.0.0:40443 - 0 ] INFO  ozoneimpl.OzoneContainer (OzoneContainer.java:start(243)) - Attempting to start container services.
2020-12-18 01:53:53,025 [EndpointStateMachine task thread for /0.0.0.0:40443 - 0 ] INFO  ozoneimpl.OzoneContainer (OzoneContainer.java:startContainerScrub(207)) - Background container scanner has been disabled.
2020-12-18 01:53:53,025 [EndpointStateMachine task thread for /0.0.0.0:40443 - 0 ] INFO  ratis.XceiverServerRatis (XceiverServerRatis.java:start(456)) - Starting XceiverServerRatis f3bcc9d7-8a28-4733-a3d2-9ac8d8ec4839 at port 0
2020-12-18 01:53:53,028 [EndpointStateMachine task thread for /0.0.0.0:40443 - 0 ] INFO  impl.RaftServerProxy (RaftServerProxy.java:lambda$start$3(321)) - f3bcc9d7-8a28-4733-a3d2-9ac8d8ec4839: start RPC server
2020-12-18 01:53:53,029 [EndpointStateMachine task thread for /0.0.0.0:40443 - 0 ] INFO  server.GrpcService (GrpcService.java:startImpl(177)) - f3bcc9d7-8a28-4733-a3d2-9ac8d8ec4839: GrpcService started, listening on 0.0.0.0/0.0.0.0:42875
2020-12-18 01:53:53,029 [EndpointStateMachine task thread for /0.0.0.0:40443 - 0 ] INFO  ratis.XceiverServerRatis (XceiverServerRatis.java:start(468)) - XceiverServerRatis f3bcc9d7-8a28-4733-a3d2-9ac8d8ec4839 is started using port 42875
2020-12-18 01:53:53,029 [EndpointStateMachine task thread for /0.0.0.0:40443 - 0 ] INFO  server.XceiverServerGrpc (XceiverServerGrpc.java:start(145)) - XceiverServerGrpc f3bcc9d7-8a28-4733-a3d2-9ac8d8ec4839 is started using port 36745
2020-12-18 01:53:53,036 [org.apache.ratis.server.JvmPauseMonitor@7fae0bbe-Monitor] INFO  server.RaftServerConfigKeys (ConfUtils.java:logGet(44)) - raft.server.leaderelection.leader.step-down.wait-time = 10s (default)
2020-12-18 01:53:53,036 [org.apache.ratis.server.JvmPauseMonitor@7fae0bbe-Monitor] INFO  server.RaftServerConfigKeys (ConfUtils.java:logGet(44)) - raft.server.rpc.slowness.timeout = 300s (custom)
2020-12-18 01:53:53,036 [org.apache.ratis.server.JvmPauseMonitor@7fae0bbe-Monitor] INFO  server.JvmPauseMonitor (JvmPauseMonitor.java:run(129)) - Starting Ratis JVM pause monitor
2020-12-18 01:53:53,207 [EndpointStateMachine task thread for /0.0.0.0:40443 - 0 ] INFO  ozoneimpl.OzoneContainer (OzoneContainer.java:start(243)) - Attempting to start container services.
2020-12-18 01:53:53,207 [EndpointStateMachine task thread for /0.0.0.0:40443 - 0 ] INFO  ozoneimpl.OzoneContainer (OzoneContainer.java:startContainerScrub(207)) - Background container scanner has been disabled.
2020-12-18 01:53:53,207 [EndpointStateMachine task thread for /0.0.0.0:40443 - 0 ] INFO  ratis.XceiverServerRatis (XceiverServerRatis.java:start(456)) - Starting XceiverServerRatis 4b858060-13e7-4e84-85d4-2e7a0c2691a5 at port 0
2020-12-18 01:53:53,208 [EndpointStateMachine task thread for /0.0.0.0:40443 - 0 ] INFO  impl.RaftServerProxy (RaftServerProxy.java:lambda$start$3(321)) - 4b858060-13e7-4e84-85d4-2e7a0c2691a5: start RPC server
2020-12-18 01:53:53,211 [EndpointStateMachine task thread for /0.0.0.0:40443 - 0 ] INFO  server.GrpcService (GrpcService.java:startImpl(177)) - 4b858060-13e7-4e84-85d4-2e7a0c2691a5: GrpcService started, listening on 0.0.0.0/0.0.0.0:40413
2020-12-18 01:53:53,211 [EndpointStateMachine task thread for /0.0.0.0:40443 - 0 ] INFO  ratis.XceiverServerRatis (XceiverServerRatis.java:start(468)) - XceiverServerRatis 4b858060-13e7-4e84-85d4-2e7a0c2691a5 is started using port 40413
2020-12-18 01:53:53,212 [EndpointStateMachine task thread for /0.0.0.0:40443 - 0 ] INFO  server.XceiverServerGrpc (XceiverServerGrpc.java:start(145)) - XceiverServerGrpc 4b858060-13e7-4e84-85d4-2e7a0c2691a5 is started using port 37603
2020-12-18 01:53:53,213 [org.apache.ratis.server.JvmPauseMonitor@62e671cc-Monitor] INFO  server.RaftServerConfigKeys (ConfUtils.java:logGet(44)) - raft.server.leaderelection.leader.step-down.wait-time = 10s (default)
2020-12-18 01:53:53,214 [org.apache.ratis.server.JvmPauseMonitor@62e671cc-Monitor] INFO  server.RaftServerConfigKeys (ConfUtils.java:logGet(44)) - raft.server.rpc.slowness.timeout = 300s (custom)
2020-12-18 01:53:53,214 [org.apache.ratis.server.JvmPauseMonitor@62e671cc-Monitor] INFO  server.JvmPauseMonitor (JvmPauseMonitor.java:run(129)) - Starting Ratis JVM pause monitor
2020-12-18 01:53:53,361 [Listener at 127.0.0.1/36003] INFO  ozone.MiniOzoneClusterImpl (MiniOzoneClusterImpl.java:lambda$waitForClusterToBeReady$0(178)) - Waiting for nodes to be ready. Got 0 of 6 DN Heartbeats.
2020-12-18 01:53:53,362 [Listener at 127.0.0.1/36003] INFO  ozone.MiniOzoneClusterImpl (MiniOzoneClusterImpl.java:lambda$waitForClusterToBeReady$0(181)) - Waiting for cluster to exit safe mode
2020-12-18 01:53:53,364 [EndpointStateMachine task thread for /0.0.0.0:40443 - 0 ] INFO  ozoneimpl.OzoneContainer (OzoneContainer.java:start(243)) - Attempting to start container services.
2020-12-18 01:53:53,364 [EndpointStateMachine task thread for /0.0.0.0:40443 - 0 ] INFO  ozoneimpl.OzoneContainer (OzoneContainer.java:startContainerScrub(207)) - Background container scanner has been disabled.
2020-12-18 01:53:53,365 [EndpointStateMachine task thread for /0.0.0.0:40443 - 0 ] INFO  ratis.XceiverServerRatis (XceiverServerRatis.java:start(456)) - Starting XceiverServerRatis faa011ac-180a-4f85-bd7b-e6120f6873d8 at port 0
2020-12-18 01:53:53,366 [EndpointStateMachine task thread for /0.0.0.0:40443 - 0 ] INFO  impl.RaftServerProxy (RaftServerProxy.java:lambda$start$3(321)) - faa011ac-180a-4f85-bd7b-e6120f6873d8: start RPC server
2020-12-18 01:53:53,366 [EndpointStateMachine task thread for /0.0.0.0:40443 - 0 ] INFO  server.GrpcService (GrpcService.java:startImpl(177)) - faa011ac-180a-4f85-bd7b-e6120f6873d8: GrpcService started, listening on 0.0.0.0/0.0.0.0:40127
2020-12-18 01:53:53,367 [EndpointStateMachine task thread for /0.0.0.0:40443 - 0 ] INFO  ratis.XceiverServerRatis (XceiverServerRatis.java:start(468)) - XceiverServerRatis faa011ac-180a-4f85-bd7b-e6120f6873d8 is started using port 40127
2020-12-18 01:53:53,367 [org.apache.ratis.server.JvmPauseMonitor@62d9f1dc-Monitor] INFO  server.RaftServerConfigKeys (ConfUtils.java:logGet(44)) - raft.server.leaderelection.leader.step-down.wait-time = 10s (default)
2020-12-18 01:53:53,367 [org.apache.ratis.server.JvmPauseMonitor@62d9f1dc-Monitor] INFO  server.RaftServerConfigKeys (ConfUtils.java:logGet(44)) - raft.server.rpc.slowness.timeout = 300s (custom)
2020-12-18 01:53:53,367 [org.apache.ratis.server.JvmPauseMonitor@62d9f1dc-Monitor] INFO  server.JvmPauseMonitor (JvmPauseMonitor.java:run(129)) - Starting Ratis JVM pause monitor
2020-12-18 01:53:53,367 [EndpointStateMachine task thread for /0.0.0.0:40443 - 0 ] INFO  server.XceiverServerGrpc (XceiverServerGrpc.java:start(145)) - XceiverServerGrpc faa011ac-180a-4f85-bd7b-e6120f6873d8 is started using port 40979
2020-12-18 01:53:54,362 [Listener at 127.0.0.1/36003] INFO  ozone.MiniOzoneClusterImpl (MiniOzoneClusterImpl.java:lambda$waitForClusterToBeReady$0(178)) - Waiting for nodes to be ready. Got 0 of 6 DN Heartbeats.
2020-12-18 01:53:54,362 [Listener at 127.0.0.1/36003] INFO  ozone.MiniOzoneClusterImpl (MiniOzoneClusterImpl.java:lambda$waitForClusterToBeReady$0(181)) - Waiting for cluster to exit safe mode
2020-12-18 01:53:54,517 [IPC Server handler 2 on default port 40443] INFO  net.NetworkTopologyImpl (NetworkTopologyImpl.java:add(111)) - Added a new node: /default-rack/2ed54bf1-42e1-44fc-9c0b-5e6eea7347b7
2020-12-18 01:53:54,519 [IPC Server handler 2 on default port 40443] INFO  node.SCMNodeManager (SCMNodeManager.java:register(341)) - Registered Data node : 2ed54bf1-42e1-44fc-9c0b-5e6eea7347b7{ip: 172.17.0.2, host: 1fad9502c7b4, networkLocation: /default-rack, certSerialId: null, persistedOpState: IN_SERVICE, persistedOpStateExpiryEpochSec: 0}
2020-12-18 01:53:54,520 [EventQueue-NodeRegistrationContainerReportForDataNodeSafeModeRule] INFO  safemode.SCMSafeModeManager (DataNodeSafeModeRule.java:process(71)) - SCM in safe mode. 1 DataNodes registered, 1 required.
2020-12-18 01:53:54,520 [EventQueue-NodeRegistrationContainerReportForDataNodeSafeModeRule] INFO  safemode.SCMSafeModeManager (SCMSafeModeManager.java:validateSafeModeExitRules(214)) - DataNodeSafeModeRule rule is successfully validated
2020-12-18 01:53:54,521 [EventQueue-NodeRegistrationContainerReportForDataNodeSafeModeRule] INFO  safemode.SCMSafeModeManager (SCMSafeModeManager.java:completePreCheck(242)) - All SCM safe mode pre check rules have passed
2020-12-18 01:53:54,521 [RatisPipelineUtilsThread] INFO  pipeline.RatisPipelineProvider (RatisPipelineProvider.java:lambda$create$0(161)) - Sending CreatePipelineCommand for pipeline:PipelineID=abc3e218-d7e6-4551-b8d8-1bcf3b05f380 to datanode:2ed54bf1-42e1-44fc-9c0b-5e6eea7347b7
2020-12-18 01:53:54,522 [EventQueue-PipelineReportForOneReplicaPipelineSafeModeRule] INFO  safemode.SCMSafeModeManager (SCMSafeModeManager.java:validateSafeModeExitRules(214)) - AtleastOneDatanodeReportedRule rule is successfully validated
2020-12-18 01:53:54,522 [RatisPipelineUtilsThread] INFO  pipeline.PipelineStateManager (PipelineStateManager.java:addPipeline(54)) - Created pipeline Pipeline[ Id: abc3e218-d7e6-4551-b8d8-1bcf3b05f380, Nodes: 2ed54bf1-42e1-44fc-9c0b-5e6eea7347b7{ip: 172.17.0.2, host: 1fad9502c7b4, networkLocation: /default-rack, certSerialId: null, persistedOpState: IN_SERVICE, persistedOpStateExpiryEpochSec: 0}, Type:RATIS, Factor:ONE, State:ALLOCATED, leaderId:, CreationTimestamp2020-12-18T01:53:54.521Z]
2020-12-18 01:53:54,522 [EventQueue-NodeRegistrationContainerReportForContainerSafeModeRule] INFO  safemode.SCMSafeModeManager (SCMSafeModeManager.java:validateSafeModeExitRules(214)) - ContainerSafeModeRule rule is successfully validated
2020-12-18 01:53:54,523 [RatisPipelineUtilsThread] WARN  pipeline.PipelinePlacementPolicy (PipelinePlacementPolicy.java:filterViableNodes(139)) - Pipeline creation failed due to no sufficient healthy datanodes. Required 3. Found 1.
2020-12-18 01:53:54,673 [IPC Server handler 3 on default port 40443] INFO  net.NetworkTopologyImpl (NetworkTopologyImpl.java:add(111)) - Added a new node: /default-rack/53ca8b2c-5b6c-4f43-832a-400784fc22d8
2020-12-18 01:53:54,673 [IPC Server handler 3 on default port 40443] INFO  node.SCMNodeManager (SCMNodeManager.java:register(341)) - Registered Data node : 53ca8b2c-5b6c-4f43-832a-400784fc22d8{ip: 172.17.0.2, host: 1fad9502c7b4, networkLocation: /default-rack, certSerialId: null, persistedOpState: IN_SERVICE, persistedOpStateExpiryEpochSec: 0}
2020-12-18 01:53:54,674 [EventQueue-NodeRegistrationContainerReportForContainerSafeModeRule] INFO  safemode.SCMSafeModeManager (SCMSafeModeManager.java:validateSafeModeExitRules(214)) - ContainerSafeModeRule rule is successfully validated
2020-12-18 01:53:54,674 [EventQueue-NodeRegistrationContainerReportForDataNodeSafeModeRule] INFO  safemode.SCMSafeModeManager (SCMSafeModeManager.java:validateSafeModeExitRules(214)) - DataNodeSafeModeRule rule is successfully validated
2020-12-18 01:53:54,674 [EventQueue-PipelineReportForOneReplicaPipelineSafeModeRule] INFO  safemode.SCMSafeModeManager (SCMSafeModeManager.java:validateSafeModeExitRules(214)) - AtleastOneDatanodeReportedRule rule is successfully validated
2020-12-18 01:53:54,674 [RatisPipelineUtilsThread] INFO  pipeline.RatisPipelineProvider (RatisPipelineProvider.java:lambda$create$0(161)) - Sending CreatePipelineCommand for pipeline:PipelineID=a1d147c5-a50f-4000-b8b2-beef96fba3f7 to datanode:53ca8b2c-5b6c-4f43-832a-400784fc22d8
2020-12-18 01:53:54,674 [RatisPipelineUtilsThread] INFO  pipeline.PipelineStateManager (PipelineStateManager.java:addPipeline(54)) - Created pipeline Pipeline[ Id: a1d147c5-a50f-4000-b8b2-beef96fba3f7, Nodes: 53ca8b2c-5b6c-4f43-832a-400784fc22d8{ip: 172.17.0.2, host: 1fad9502c7b4, networkLocation: /default-rack, certSerialId: null, persistedOpState: IN_SERVICE, persistedOpStateExpiryEpochSec: 0}, Type:RATIS, Factor:ONE, State:ALLOCATED, leaderId:, CreationTimestamp2020-12-18T01:53:54.674Z]
2020-12-18 01:53:54,674 [RatisPipelineUtilsThread] WARN  pipeline.PipelinePlacementPolicy (PipelinePlacementPolicy.java:filterViableNodes(139)) - Pipeline creation failed due to no sufficient healthy datanodes. Required 3. Found 2.
2020-12-18 01:53:54,846 [IPC Server handler 5 on default port 40443] INFO  net.NetworkTopologyImpl (NetworkTopologyImpl.java:add(111)) - Added a new node: /default-rack/79194d7f-2e7e-4e4e-9d5e-674d7d919289
2020-12-18 01:53:54,847 [IPC Server handler 5 on default port 40443] INFO  node.SCMNodeManager (SCMNodeManager.java:register(341)) - Registered Data node : 79194d7f-2e7e-4e4e-9d5e-674d7d919289{ip: 172.17.0.2, host: 1fad9502c7b4, networkLocation: /default-rack, certSerialId: null, persistedOpState: IN_SERVICE, persistedOpStateExpiryEpochSec: 0}
2020-12-18 01:53:54,847 [RatisPipelineUtilsThread] INFO  pipeline.RatisPipelineProvider (RatisPipelineProvider.java:lambda$create$0(161)) - Sending CreatePipelineCommand for pipeline:PipelineID=59f714b7-7708-4c38-92ec-38cb54cff45f to datanode:79194d7f-2e7e-4e4e-9d5e-674d7d919289
2020-12-18 01:53:54,847 [EventQueue-NodeRegistrationContainerReportForContainerSafeModeRule] INFO  safemode.SCMSafeModeManager (SCMSafeModeManager.java:validateSafeModeExitRules(214)) - ContainerSafeModeRule rule is successfully validated
2020-12-18 01:53:54,847 [EventQueue-PipelineReportForOneReplicaPipelineSafeModeRule] INFO  safemode.SCMSafeModeManager (SCMSafeModeManager.java:validateSafeModeExitRules(214)) - AtleastOneDatanodeReportedRule rule is successfully validated
2020-12-18 01:53:54,847 [EventQueue-NodeRegistrationContainerReportForDataNodeSafeModeRule] INFO  safemode.SCMSafeModeManager (SCMSafeModeManager.java:validateSafeModeExitRules(214)) - DataNodeSafeModeRule rule is successfully validated
2020-12-18 01:53:54,847 [RatisPipelineUtilsThread] INFO  pipeline.PipelineStateManager (PipelineStateManager.java:addPipeline(54)) - Created pipeline Pipeline[ Id: 59f714b7-7708-4c38-92ec-38cb54cff45f, Nodes: 79194d7f-2e7e-4e4e-9d5e-674d7d919289{ip: 172.17.0.2, host: 1fad9502c7b4, networkLocation: /default-rack, certSerialId: null, persistedOpState: IN_SERVICE, persistedOpStateExpiryEpochSec: 0}, Type:RATIS, Factor:ONE, State:ALLOCATED, leaderId:, CreationTimestamp2020-12-18T01:53:54.847Z]
2020-12-18 01:53:54,847 [RatisPipelineUtilsThread] INFO  pipeline.RatisPipelineProvider (RatisPipelineProvider.java:lambda$create$0(161)) - Sending CreatePipelineCommand for pipeline:PipelineID=a90a8c13-2500-4eb3-b043-1b93ce588544 to datanode:53ca8b2c-5b6c-4f43-832a-400784fc22d8
2020-12-18 01:53:54,848 [RatisPipelineUtilsThread] INFO  pipeline.RatisPipelineProvider (RatisPipelineProvider.java:lambda$create$0(161)) - Sending CreatePipelineCommand for pipeline:PipelineID=a90a8c13-2500-4eb3-b043-1b93ce588544 to datanode:2ed54bf1-42e1-44fc-9c0b-5e6eea7347b7
2020-12-18 01:53:54,848 [RatisPipelineUtilsThread] INFO  pipeline.RatisPipelineProvider (RatisPipelineProvider.java:lambda$create$0(161)) - Sending CreatePipelineCommand for pipeline:PipelineID=a90a8c13-2500-4eb3-b043-1b93ce588544 to datanode:79194d7f-2e7e-4e4e-9d5e-674d7d919289
2020-12-18 01:53:54,848 [RatisPipelineUtilsThread] INFO  pipeline.PipelineStateManager (PipelineStateManager.java:addPipeline(54)) - Created pipeline Pipeline[ Id: a90a8c13-2500-4eb3-b043-1b93ce588544, Nodes: 53ca8b2c-5b6c-4f43-832a-400784fc22d8{ip: 172.17.0.2, host: 1fad9502c7b4, networkLocation: /default-rack, certSerialId: null, persistedOpState: IN_SERVICE, persistedOpStateExpiryEpochSec: 0}2ed54bf1-42e1-44fc-9c0b-5e6eea7347b7{ip: 172.17.0.2, host: 1fad9502c7b4, networkLocation: /default-rack, certSerialId: null, persistedOpState: IN_SERVICE, persistedOpStateExpiryEpochSec: 0}79194d7f-2e7e-4e4e-9d5e-674d7d919289{ip: 172.17.0.2, host: 1fad9502c7b4, networkLocation: /default-rack, certSerialId: null, persistedOpState: IN_SERVICE, persistedOpStateExpiryEpochSec: 0}, Type:RATIS, Factor:THREE, State:ALLOCATED, leaderId:, CreationTimestamp2020-12-18T01:53:54.847Z]
2020-12-18 01:53:55,021 [IPC Server handler 6 on default port 40443] INFO  net.NetworkTopologyImpl (NetworkTopologyImpl.java:add(111)) - Added a new node: /default-rack/f3bcc9d7-8a28-4733-a3d2-9ac8d8ec4839
2020-12-18 01:53:55,022 [IPC Server handler 6 on default port 40443] INFO  node.SCMNodeManager (SCMNodeManager.java:register(341)) - Registered Data node : f3bcc9d7-8a28-4733-a3d2-9ac8d8ec4839{ip: 172.17.0.2, host: 1fad9502c7b4, networkLocation: /default-rack, certSerialId: null, persistedOpState: IN_SERVICE, persistedOpStateExpiryEpochSec: 0}
2020-12-18 01:53:55,022 [EventQueue-PipelineReportForOneReplicaPipelineSafeModeRule] INFO  safemode.SCMSafeModeManager (SCMSafeModeManager.java:validateSafeModeExitRules(214)) - AtleastOneDatanodeReportedRule rule is successfully validated
2020-12-18 01:53:55,022 [EventQueue-NodeRegistrationContainerReportForDataNodeSafeModeRule] INFO  safemode.SCMSafeModeManager (SCMSafeModeManager.java:validateSafeModeExitRules(214)) - DataNodeSafeModeRule rule is successfully validated
2020-12-18 01:53:55,022 [EventQueue-NodeRegistrationContainerReportForContainerSafeModeRule] INFO  safemode.SCMSafeModeManager (SCMSafeModeManager.java:validateSafeModeExitRules(214)) - ContainerSafeModeRule rule is successfully validated
2020-12-18 01:53:55,022 [RatisPipelineUtilsThread] INFO  pipeline.RatisPipelineProvider (RatisPipelineProvider.java:lambda$create$0(161)) - Sending CreatePipelineCommand for pipeline:PipelineID=fda6b517-766f-4501-be05-41ec84fba706 to datanode:f3bcc9d7-8a28-4733-a3d2-9ac8d8ec4839
2020-12-18 01:53:55,023 [RatisPipelineUtilsThread] INFO  pipeline.PipelineStateManager (PipelineStateManager.java:addPipeline(54)) - Created pipeline Pipeline[ Id: fda6b517-766f-4501-be05-41ec84fba706, Nodes: f3bcc9d7-8a28-4733-a3d2-9ac8d8ec4839{ip: 172.17.0.2, host: 1fad9502c7b4, networkLocation: /default-rack, certSerialId: null, persistedOpState: IN_SERVICE, persistedOpStateExpiryEpochSec: 0}, Type:RATIS, Factor:ONE, State:ALLOCATED, leaderId:, CreationTimestamp2020-12-18T01:53:55.022Z]
2020-12-18 01:53:55,206 [IPC Server handler 0 on default port 40443] INFO  net.NetworkTopologyImpl (NetworkTopologyImpl.java:add(111)) - Added a new node: /default-rack/4b858060-13e7-4e84-85d4-2e7a0c2691a5
2020-12-18 01:53:55,206 [IPC Server handler 0 on default port 40443] INFO  node.SCMNodeManager (SCMNodeManager.java:register(341)) - Registered Data node : 4b858060-13e7-4e84-85d4-2e7a0c2691a5{ip: 172.17.0.2, host: 1fad9502c7b4, networkLocation: /default-rack, certSerialId: null, persistedOpState: IN_SERVICE, persistedOpStateExpiryEpochSec: 0}
2020-12-18 01:53:55,206 [EventQueue-NodeRegistrationContainerReportForDataNodeSafeModeRule] INFO  safemode.SCMSafeModeManager (SCMSafeModeManager.java:validateSafeModeExitRules(214)) - DataNodeSafeModeRule rule is successfully validated
2020-12-18 01:53:55,206 [EventQueue-NodeRegistrationContainerReportForContainerSafeModeRule] INFO  safemode.SCMSafeModeManager (SCMSafeModeManager.java:validateSafeModeExitRules(214)) - ContainerSafeModeRule rule is successfully validated
2020-12-18 01:53:55,206 [EventQueue-PipelineReportForOneReplicaPipelineSafeModeRule] INFO  safemode.SCMSafeModeManager (SCMSafeModeManager.java:validateSafeModeExitRules(214)) - AtleastOneDatanodeReportedRule rule is successfully validated
2020-12-18 01:53:55,207 [RatisPipelineUtilsThread] INFO  pipeline.RatisPipelineProvider (RatisPipelineProvider.java:lambda$create$0(161)) - Sending CreatePipelineCommand for pipeline:PipelineID=d2ea689f-597f-497e-b326-9375838c1592 to datanode:4b858060-13e7-4e84-85d4-2e7a0c2691a5
2020-12-18 01:53:55,207 [RatisPipelineUtilsThread] INFO  pipeline.PipelineStateManager (PipelineStateManager.java:addPipeline(54)) - Created pipeline Pipeline[ Id: d2ea689f-597f-497e-b326-9375838c1592, Nodes: 4b858060-13e7-4e84-85d4-2e7a0c2691a5{ip: 172.17.0.2, host: 1fad9502c7b4, networkLocation: /default-rack, certSerialId: null, persistedOpState: IN_SERVICE, persistedOpStateExpiryEpochSec: 0}, Type:RATIS, Factor:ONE, State:ALLOCATED, leaderId:, CreationTimestamp2020-12-18T01:53:55.207Z]
2020-12-18 01:53:55,362 [IPC Server handler 1 on default port 40443] INFO  net.NetworkTopologyImpl (NetworkTopologyImpl.java:add(111)) - Added a new node: /default-rack/faa011ac-180a-4f85-bd7b-e6120f6873d8
2020-12-18 01:53:55,362 [IPC Server handler 1 on default port 40443] INFO  node.SCMNodeManager (SCMNodeManager.java:register(341)) - Registered Data node : faa011ac-180a-4f85-bd7b-e6120f6873d8{ip: 172.17.0.2, host: 1fad9502c7b4, networkLocation: /default-rack, certSerialId: null, persistedOpState: IN_SERVICE, persistedOpStateExpiryEpochSec: 0}
2020-12-18 01:53:55,362 [EventQueue-PipelineReportForOneReplicaPipelineSafeModeRule] INFO  safemode.SCMSafeModeManager (SCMSafeModeManager.java:validateSafeModeExitRules(214)) - AtleastOneDatanodeReportedRule rule is successfully validated
2020-12-18 01:53:55,362 [RatisPipelineUtilsThread] INFO  pipeline.RatisPipelineProvider (RatisPipelineProvider.java:lambda$create$0(161)) - Sending CreatePipelineCommand for pipeline:PipelineID=597c3142-7484-45eb-b351-277869d95004 to datanode:faa011ac-180a-4f85-bd7b-e6120f6873d8
2020-12-18 01:53:55,362 [Listener at 127.0.0.1/36003] INFO  ozone.MiniOzoneClusterImpl (MiniOzoneClusterImpl.java:lambda$waitForClusterToBeReady$0(178)) - Nodes are ready. Got 6 of 6 DN Heartbeats.
2020-12-18 01:53:55,362 [Listener at 127.0.0.1/36003] INFO  ozone.MiniOzoneClusterImpl (MiniOzoneClusterImpl.java:lambda$waitForClusterToBeReady$0(181)) - Waiting for cluster to exit safe mode
2020-12-18 01:53:55,362 [EventQueue-NodeRegistrationContainerReportForContainerSafeModeRule] INFO  safemode.SCMSafeModeManager (SCMSafeModeManager.java:validateSafeModeExitRules(214)) - ContainerSafeModeRule rule is successfully validated
2020-12-18 01:53:55,363 [EventQueue-NodeRegistrationContainerReportForDataNodeSafeModeRule] INFO  safemode.SCMSafeModeManager (SCMSafeModeManager.java:validateSafeModeExitRules(214)) - DataNodeSafeModeRule rule is successfully validated
2020-12-18 01:53:55,363 [RatisPipelineUtilsThread] INFO  pipeline.PipelineStateManager (PipelineStateManager.java:addPipeline(54)) - Created pipeline Pipeline[ Id: 597c3142-7484-45eb-b351-277869d95004, Nodes: faa011ac-180a-4f85-bd7b-e6120f6873d8{ip: 172.17.0.2, host: 1fad9502c7b4, networkLocation: /default-rack, certSerialId: null, persistedOpState: IN_SERVICE, persistedOpStateExpiryEpochSec: 0}, Type:RATIS, Factor:ONE, State:ALLOCATED, leaderId:, CreationTimestamp2020-12-18T01:53:55.362Z]
2020-12-18 01:53:55,363 [RatisPipelineUtilsThread] INFO  pipeline.RatisPipelineProvider (RatisPipelineProvider.java:lambda$create$0(161)) - Sending CreatePipelineCommand for pipeline:PipelineID=1cbfd3d2-6a33-4270-be02-86955e6c43eb to datanode:faa011ac-180a-4f85-bd7b-e6120f6873d8
2020-12-18 01:53:55,363 [RatisPipelineUtilsThread] INFO  pipeline.RatisPipelineProvider (RatisPipelineProvider.java:lambda$create$0(161)) - Sending CreatePipelineCommand for pipeline:PipelineID=1cbfd3d2-6a33-4270-be02-86955e6c43eb to datanode:4b858060-13e7-4e84-85d4-2e7a0c2691a5
2020-12-18 01:53:55,363 [RatisPipelineUtilsThread] INFO  pipeline.RatisPipelineProvider (RatisPipelineProvider.java:lambda$create$0(161)) - Sending CreatePipelineCommand for pipeline:PipelineID=1cbfd3d2-6a33-4270-be02-86955e6c43eb to datanode:f3bcc9d7-8a28-4733-a3d2-9ac8d8ec4839
2020-12-18 01:53:55,364 [RatisPipelineUtilsThread] INFO  pipeline.PipelineStateManager (PipelineStateManager.java:addPipeline(54)) - Created pipeline Pipeline[ Id: 1cbfd3d2-6a33-4270-be02-86955e6c43eb, Nodes: faa011ac-180a-4f85-bd7b-e6120f6873d8{ip: 172.17.0.2, host: 1fad9502c7b4, networkLocation: /default-rack, certSerialId: null, persistedOpState: IN_SERVICE, persistedOpStateExpiryEpochSec: 0}4b858060-13e7-4e84-85d4-2e7a0c2691a5{ip: 172.17.0.2, host: 1fad9502c7b4, networkLocation: /default-rack, certSerialId: null, persistedOpState: IN_SERVICE, persistedOpStateExpiryEpochSec: 0}f3bcc9d7-8a28-4733-a3d2-9ac8d8ec4839{ip: 172.17.0.2, host: 1fad9502c7b4, networkLocation: /default-rack, certSerialId: null, persistedOpState: IN_SERVICE, persistedOpStateExpiryEpochSec: 0}, Type:RATIS, Factor:THREE, State:ALLOCATED, leaderId:, CreationTimestamp2020-12-18T01:53:55.363Z]
2020-12-18 01:53:56,363 [Listener at 127.0.0.1/36003] INFO  ozone.MiniOzoneClusterImpl (MiniOzoneClusterImpl.java:lambda$waitForClusterToBeReady$0(178)) - Nodes are ready. Got 6 of 6 DN Heartbeats.
2020-12-18 01:53:56,363 [Listener at 127.0.0.1/36003] INFO  ozone.MiniOzoneClusterImpl (MiniOzoneClusterImpl.java:lambda$waitForClusterToBeReady$0(181)) - Waiting for cluster to exit safe mode
2020-12-18 01:53:56,517 [EventQueue-PipelineReportForOneReplicaPipelineSafeModeRule] INFO  safemode.SCMSafeModeManager (SCMSafeModeManager.java:validateSafeModeExitRules(214)) - AtleastOneDatanodeReportedRule rule is successfully validated
2020-12-18 01:53:56,673 [EventQueue-PipelineReportForOneReplicaPipelineSafeModeRule] INFO  safemode.SCMSafeModeManager (SCMSafeModeManager.java:validateSafeModeExitRules(214)) - AtleastOneDatanodeReportedRule rule is successfully validated
2020-12-18 01:53:56,847 [EventQueue-PipelineReportForOneReplicaPipelineSafeModeRule] INFO  safemode.SCMSafeModeManager (SCMSafeModeManager.java:validateSafeModeExitRules(214)) - AtleastOneDatanodeReportedRule rule is successfully validated
2020-12-18 01:53:57,022 [EventQueue-PipelineReportForOneReplicaPipelineSafeModeRule] INFO  safemode.SCMSafeModeManager (SCMSafeModeManager.java:validateSafeModeExitRules(214)) - AtleastOneDatanodeReportedRule rule is successfully validated
2020-12-18 01:53:57,205 [EventQueue-PipelineReportForOneReplicaPipelineSafeModeRule] INFO  safemode.SCMSafeModeManager (SCMSafeModeManager.java:validateSafeModeExitRules(214)) - AtleastOneDatanodeReportedRule rule is successfully validated
2020-12-18 01:53:57,361 [EventQueue-PipelineReportForOneReplicaPipelineSafeModeRule] INFO  safemode.SCMSafeModeManager (SCMSafeModeManager.java:validateSafeModeExitRules(214)) - AtleastOneDatanodeReportedRule rule is successfully validated
2020-12-18 01:53:57,363 [Listener at 127.0.0.1/36003] INFO  ozone.MiniOzoneClusterImpl (MiniOzoneClusterImpl.java:lambda$waitForClusterToBeReady$0(178)) - Nodes are ready. Got 6 of 6 DN Heartbeats.
2020-12-18 01:53:57,363 [Listener at 127.0.0.1/36003] INFO  ozone.MiniOzoneClusterImpl (MiniOzoneClusterImpl.java:lambda$waitForClusterToBeReady$0(181)) - Waiting for cluster to exit safe mode
2020-12-18 01:53:57,517 [Command processor thread] INFO  impl.RaftServerProxy (RaftServerProxy.java:addNew(93)) - 2ed54bf1-42e1-44fc-9c0b-5e6eea7347b7: addNew group-1BCF3B05F380:[2ed54bf1-42e1-44fc-9c0b-5e6eea7347b7|rpc:172.17.0.2:37299] returns group-1BCF3B05F380:java.util.concurrent.CompletableFuture@43fa9ef8[Not completed]
2020-12-18 01:53:57,518 [pool-989-thread-1] INFO  impl.RaftServerImpl (RaftServerImpl.java:<init>(121)) - 2ed54bf1-42e1-44fc-9c0b-5e6eea7347b7: new RaftServerImpl for group-1BCF3B05F380:[2ed54bf1-42e1-44fc-9c0b-5e6eea7347b7|rpc:172.17.0.2:37299] with ContainerStateMachine:uninitialized
2020-12-18 01:53:57,518 [pool-989-thread-1] INFO  server.RaftServerConfigKeys (ConfUtils.java:logGet(44)) - raft.server.rpc.timeout.min = 5s (custom)
2020-12-18 01:53:57,518 [pool-989-thread-1] INFO  server.RaftServerConfigKeys (ConfUtils.java:logGet(44)) - raft.server.rpc.timeout.max = 5200ms (custom)
2020-12-18 01:53:57,518 [pool-989-thread-1] INFO  server.RaftServerConfigKeys (ConfUtils.java:logGet(44)) - raft.server.rpc.slowness.timeout = 300s (custom)
2020-12-18 01:53:57,518 [pool-989-thread-1] INFO  server.RaftServerConfigKeys (ConfUtils.java:logGet(44)) - raft.server.leaderelection.leader.step-down.wait-time = 10s (default)
2020-12-18 01:53:57,518 [pool-989-thread-1] INFO  server.RaftServerConfigKeys (ConfUtils.java:logGet(44)) - raft.server.sleep.deviation.threshold = 300 (default)
2020-12-18 01:53:57,518 [EventQueue-PipelineReportForOneReplicaPipelineSafeModeRule] INFO  safemode.SCMSafeModeManager (SCMSafeModeManager.java:validateSafeModeExitRules(214)) - AtleastOneDatanodeReportedRule rule is successfully validated
2020-12-18 01:53:57,518 [pool-989-thread-1] INFO  server.RaftServerConfigKeys (ConfUtils.java:logGet(44)) - raft.server.log.appender.install.snapshot.enabled = false (custom)
2020-12-18 01:53:57,518 [pool-989-thread-1] INFO  impl.RaftServerImpl (ServerState.java:<init>(104)) - 2ed54bf1-42e1-44fc-9c0b-5e6eea7347b7@group-1BCF3B05F380: ConfigurationManager, init=-1: [2ed54bf1-42e1-44fc-9c0b-5e6eea7347b7|rpc:172.17.0.2:37299], old=null, confs=<EMPTY_MAP>
2020-12-18 01:53:57,518 [pool-989-thread-1] INFO  server.RaftServerConfigKeys (ConfUtils.java:logGet(44)) - raft.server.storage.dir = [/github/workspace/mnt/ozone/hadoop-ozone/integration-test/target/test-dir/MiniOzoneClusterImpl-3835dc27-2ffb-44b9-9ba4-3f027f37039b/datanode-0/data/ratis] (custom)
2020-12-18 01:53:57,519 [pool-989-thread-1] INFO  server.RaftServerConfigKeys (ConfUtils.java:logGet(44)) - raft.server.log.corruption.policy = EXCEPTION (default)
2020-12-18 01:53:57,519 [pool-989-thread-1] INFO  storage.RaftStorageDirectory (RaftStorageDirectory.java:analyzeStorage(261)) - The storage directory /github/workspace/mnt/ozone/hadoop-ozone/integration-test/target/test-dir/MiniOzoneClusterImpl-3835dc27-2ffb-44b9-9ba4-3f027f37039b/datanode-0/data/ratis/abc3e218-d7e6-4551-b8d8-1bcf3b05f380 does not exist. Creating ...
2020-12-18 01:53:57,673 [Command processor thread] INFO  impl.RaftServerProxy (RaftServerProxy.java:addNew(93)) - 53ca8b2c-5b6c-4f43-832a-400784fc22d8: addNew group-BEEF96FBA3F7:[53ca8b2c-5b6c-4f43-832a-400784fc22d8|rpc:172.17.0.2:46217] returns group-BEEF96FBA3F7:java.util.concurrent.CompletableFuture@75c402ed[Not completed]
2020-12-18 01:53:57,673 [EventQueue-PipelineReportForOneReplicaPipelineSafeModeRule] INFO  safemode.SCMSafeModeManager (SCMSafeModeManager.java:validateSafeModeExitRules(214)) - AtleastOneDatanodeReportedRule rule is successfully validated
2020-12-18 01:53:57,674 [pool-1004-thread-1] INFO  impl.RaftServerImpl (RaftServerImpl.java:<init>(121)) - 53ca8b2c-5b6c-4f43-832a-400784fc22d8: new RaftServerImpl for group-BEEF96FBA3F7:[53ca8b2c-5b6c-4f43-832a-400784fc22d8|rpc:172.17.0.2:46217] with ContainerStateMachine:uninitialized
2020-12-18 01:53:57,674 [pool-1004-thread-1] INFO  server.RaftServerConfigKeys (ConfUtils.java:logGet(44)) - raft.server.rpc.timeout.min = 5s (custom)
2020-12-18 01:53:57,674 [pool-1004-thread-1] INFO  server.RaftServerConfigKeys (ConfUtils.java:logGet(44)) - raft.server.rpc.timeout.max = 5200ms (custom)
2020-12-18 01:53:57,674 [pool-1004-thread-1] INFO  server.RaftServerConfigKeys (ConfUtils.java:logGet(44)) - raft.server.rpc.slowness.timeout = 300s (custom)
2020-12-18 01:53:57,674 [pool-1004-thread-1] INFO  server.RaftServerConfigKeys (ConfUtils.java:logGet(44)) - raft.server.leaderelection.leader.step-down.wait-time = 10s (default)
2020-12-18 01:53:57,674 [pool-1004-thread-1] INFO  server.RaftServerConfigKeys (ConfUtils.java:logGet(44)) - raft.server.sleep.deviation.threshold = 300 (default)
2020-12-18 01:53:57,674 [pool-1004-thread-1] INFO  server.RaftServerConfigKeys (ConfUtils.java:logGet(44)) - raft.server.log.appender.install.snapshot.enabled = false (custom)
2020-12-18 01:53:57,674 [pool-1004-thread-1] INFO  impl.RaftServerImpl (ServerState.java:<init>(104)) - 53ca8b2c-5b6c-4f43-832a-400784fc22d8@group-BEEF96FBA3F7: ConfigurationManager, init=-1: [53ca8b2c-5b6c-4f43-832a-400784fc22d8|rpc:172.17.0.2:46217], old=null, confs=<EMPTY_MAP>
2020-12-18 01:53:57,674 [pool-1004-thread-1] INFO  server.RaftServerConfigKeys (ConfUtils.java:logGet(44)) - raft.server.storage.dir = [/github/workspace/mnt/ozone/hadoop-ozone/integration-test/target/test-dir/MiniOzoneClusterImpl-3835dc27-2ffb-44b9-9ba4-3f027f37039b/datanode-1/data/ratis] (custom)
2020-12-18 01:53:57,674 [pool-1004-thread-1] INFO  server.RaftServerConfigKeys (ConfUtils.java:logGet(44)) - raft.server.log.corruption.policy = EXCEPTION (default)
2020-12-18 01:53:57,674 [pool-1004-thread-1] INFO  storage.RaftStorageDirectory (RaftStorageDirectory.java:analyzeStorage(261)) - The storage directory /github/workspace/mnt/ozone/hadoop-ozone/integration-test/target/test-dir/MiniOzoneClusterImpl-3835dc27-2ffb-44b9-9ba4-3f027f37039b/datanode-1/data/ratis/a1d147c5-a50f-4000-b8b2-beef96fba3f7 does not exist. Creating ...
2020-12-18 01:53:57,746 [pool-989-thread-1] INFO  storage.RaftStorageDirectory (RaftStorageDirectory.java:tryLock(343)) - Lock on /github/workspace/mnt/ozone/hadoop-ozone/integration-test/target/test-dir/MiniOzoneClusterImpl-3835dc27-2ffb-44b9-9ba4-3f027f37039b/datanode-0/data/ratis/abc3e218-d7e6-4551-b8d8-1bcf3b05f380/in_use.lock acquired by nodename 9953@1fad9502c7b4
2020-12-18 01:53:57,746 [pool-1004-thread-1] INFO  storage.RaftStorageDirectory (RaftStorageDirectory.java:tryLock(343)) - Lock on /github/workspace/mnt/ozone/hadoop-ozone/integration-test/target/test-dir/MiniOzoneClusterImpl-3835dc27-2ffb-44b9-9ba4-3f027f37039b/datanode-1/data/ratis/a1d147c5-a50f-4000-b8b2-beef96fba3f7/in_use.lock acquired by nodename 9953@1fad9502c7b4
2020-12-18 01:53:57,747 [pool-1004-thread-1] INFO  storage.RaftStorage (RaftStorage.java:format(85)) - Storage directory /github/workspace/mnt/ozone/hadoop-ozone/integration-test/target/test-dir/MiniOzoneClusterImpl-3835dc27-2ffb-44b9-9ba4-3f027f37039b/datanode-1/data/ratis/a1d147c5-a50f-4000-b8b2-beef96fba3f7 has been successfully formatted.
2020-12-18 01:53:57,747 [pool-989-thread-1] INFO  storage.RaftStorage (RaftStorage.java:format(85)) - Storage directory /github/workspace/mnt/ozone/hadoop-ozone/integration-test/target/test-dir/MiniOzoneClusterImpl-3835dc27-2ffb-44b9-9ba4-3f027f37039b/datanode-0/data/ratis/abc3e218-d7e6-4551-b8d8-1bcf3b05f380 has been successfully formatted.
2020-12-18 01:53:57,748 [pool-989-thread-1] INFO  ratis.ContainerStateMachine (ContainerStateMachine.java:loadSnapshot(225)) - group-1BCF3B05F380: The snapshot info is null. Setting the last applied indexto:(t:0, i:~)
2020-12-18 01:53:57,748 [pool-989-thread-1] INFO  server.RaftServerConfigKeys (ConfUtils.java:logGet(44)) - raft.server.notification.no-leader.timeout = 300s (custom)
2020-12-18 01:53:57,748 [pool-989-thread-1] INFO  server.RaftServerConfigKeys (ConfUtils.java:logGet(44)) - raft.server.log.use.memory = false (default)
2020-12-18 01:53:57,747 [pool-1004-thread-1] INFO  ratis.ContainerStateMachine (ContainerStateMachine.java:loadSnapshot(225)) - group-BEEF96FBA3F7: The snapshot info is null. Setting the last applied indexto:(t:0, i:~)
2020-12-18 01:53:57,748 [EventQueue-PipelineReportForOneReplicaPipelineSafeModeRule] INFO  safemode.SCMSafeModeManager (SCMSafeModeManager.java:validateSafeModeExitRules(214)) - AtleastOneDatanodeReportedRule rule is successfully validated
2020-12-18 01:53:57,748 [EventQueue-PipelineReportForOneReplicaPipelineSafeModeRule] INFO  safemode.SCMSafeModeManager (SCMSafeModeManager.java:validateSafeModeExitRules(214)) - AtleastOneDatanodeReportedRule rule is successfully validated
2020-12-18 01:53:57,748 [EventQueue-PipelineReportForPipelineReportHandler] INFO  pipeline.PipelineStateManager (PipelineStateManager.java:openPipeline(132)) - Pipeline Pipeline[ Id: a1d147c5-a50f-4000-b8b2-beef96fba3f7, Nodes: 53ca8b2c-5b6c-4f43-832a-400784fc22d8{ip: 172.17.0.2, host: 1fad9502c7b4, networkLocation: /default-rack, certSerialId: null, persistedOpState: IN_SERVICE, persistedOpStateExpiryEpochSec: 0}, Type:RATIS, Factor:ONE, State:ALLOCATED, leaderId:53ca8b2c-5b6c-4f43-832a-400784fc22d8, CreationTimestamp2020-12-18T01:53:54.674Z] moved to OPEN state
2020-12-18 01:53:57,748 [pool-989-thread-1] INFO  server.RaftServerConfigKeys (ConfUtils.java:logGet(44)) - raft.server.log.purge.gap = 1000000 (custom)
2020-12-18 01:53:57,748 [pool-989-thread-1] INFO  metrics.RatisMetrics (RatisMetrics.java:lambda$create$0(36)) - Creating Metrics Registry : ratis.log_worker.2ed54bf1-42e1-44fc-9c0b-5e6eea7347b7@group-1BCF3B05F380
2020-12-18 01:53:57,749 [pool-1004-thread-1] INFO  server.RaftServerConfigKeys (ConfUtils.java:logGet(44)) - raft.server.notification.no-leader.timeout = 300s (custom)
2020-12-18 01:53:57,750 [EventQueue-OpenPipelineForHealthyPipelineSafeModeRule] INFO  safemode.SCMSafeModeManager (HealthyPipelineSafeModeRule.java:process(128)) - SCM in safe mode. Healthy pipelines reported count is 0, required healthy pipeline reported count is 1
2020-12-18 01:53:57,750 [EventQueue-PipelineReportForPipelineReportHandler] INFO  pipeline.PipelineStateManager (PipelineStateManager.java:openPipeline(132)) - Pipeline Pipeline[ Id: abc3e218-d7e6-4551-b8d8-1bcf3b05f380, Nodes: 2ed54bf1-42e1-44fc-9c0b-5e6eea7347b7{ip: 172.17.0.2, host: 1fad9502c7b4, networkLocation: /default-rack, certSerialId: null, persistedOpState: IN_SERVICE, persistedOpStateExpiryEpochSec: 0}, Type:RATIS, Factor:ONE, State:ALLOCATED, leaderId:2ed54bf1-42e1-44fc-9c0b-5e6eea7347b7, CreationTimestamp2020-12-18T01:53:54.521Z] moved to OPEN state
2020-12-18 01:53:57,749 [pool-989-thread-1] INFO  server.RaftServerConfigKeys (ConfUtils.java:logGet(44)) - raft.server.log.appender.buffer.byte-limit = 33554432 (custom)
2020-12-18 01:53:57,750 [pool-989-thread-1] INFO  server.RaftServerConfigKeys (ConfUtils.java:logGet(44)) - raft.server.log.segment.size.max = 1048576 (custom)
2020-12-18 01:53:57,750 [pool-1004-thread-1] INFO  server.RaftServerConfigKeys (ConfUtils.java:logGet(44)) - raft.server.log.use.memory = false (default)
2020-12-18 01:53:57,750 [pool-1004-thread-1] INFO  server.RaftServerConfigKeys (ConfUtils.java:logGet(44)) - raft.server.log.purge.gap = 1000000 (custom)
2020-12-18 01:53:57,750 [pool-1004-thread-1] INFO  metrics.RatisMetrics (RatisMetrics.java:lambda$create$0(36)) - Creating Metrics Registry : ratis.log_worker.53ca8b2c-5b6c-4f43-832a-400784fc22d8@group-BEEF96FBA3F7
2020-12-18 01:53:57,751 [pool-1004-thread-1] INFO  server.RaftServerConfigKeys (ConfUtils.java:logGet(44)) - raft.server.log.appender.buffer.byte-limit = 33554432 (custom)
2020-12-18 01:53:57,751 [pool-1004-thread-1] INFO  server.RaftServerConfigKeys (ConfUtils.java:logGet(44)) - raft.server.log.segment.size.max = 1048576 (custom)
2020-12-18 01:53:57,750 [EventQueue-OpenPipelineForHealthyPipelineSafeModeRule] INFO  safemode.SCMSafeModeManager (HealthyPipelineSafeModeRule.java:process(128)) - SCM in safe mode. Healthy pipelines reported count is 0, required healthy pipeline reported count is 1
2020-12-18 01:53:57,751 [pool-989-thread-1] INFO  server.RaftServerConfigKeys (ConfUtils.java:logGet(44)) - raft.server.log.segment.cache.num.max = 2 (custom)
2020-12-18 01:53:57,751 [pool-989-thread-1] INFO  segmented.SegmentedRaftLogWorker (SegmentedRaftLogWorker.java:<init>(180)) - new 2ed54bf1-42e1-44fc-9c0b-5e6eea7347b7@group-1BCF3B05F380-SegmentedRaftLogWorker for RaftStorage:Storage Directory /github/workspace/mnt/ozone/hadoop-ozone/integration-test/target/test-dir/MiniOzoneClusterImpl-3835dc27-2ffb-44b9-9ba4-3f027f37039b/datanode-0/data/ratis/abc3e218-d7e6-4551-b8d8-1bcf3b05f380
2020-12-18 01:53:57,751 [pool-989-thread-1] INFO  server.RaftServerConfigKeys (ConfUtils.java:logGet(44)) - raft.server.log.queue.byte-limit = 2147483647 (custom)
2020-12-18 01:53:57,751 [pool-989-thread-1] INFO  server.RaftServerConfigKeys (ConfUtils.java:logGet(44)) - raft.server.log.queue.element-limit = 1024 (custom)
2020-12-18 01:53:57,751 [pool-989-thread-1] INFO  server.RaftServerConfigKeys (ConfUtils.java:logGet(44)) - raft.server.log.segment.size.max = 1048576 (custom)
2020-12-18 01:53:57,751 [pool-989-thread-1] INFO  server.RaftServerConfigKeys (ConfUtils.java:logGet(44)) - raft.server.log.preallocated.size = 16384 (custom)
2020-12-18 01:53:57,751 [pool-989-thread-1] INFO  server.RaftServerConfigKeys (ConfUtils.java:logGet(44)) - raft.server.log.write.buffer.size = 1048576 (custom)
2020-12-18 01:53:57,751 [pool-989-thread-1] INFO  server.RaftServerConfigKeys (ConfUtils.java:logGet(44)) - raft.server.log.force.sync.num = 128 (default)
2020-12-18 01:53:57,751 [pool-989-thread-1] INFO  server.RaftServerConfigKeys (ConfUtils.java:logGet(44)) - raft.server.log.statemachine.data.sync = true (default)
2020-12-18 01:53:57,751 [pool-989-thread-1] INFO  server.RaftServerConfigKeys (ConfUtils.java:logGet(44)) - raft.server.log.statemachine.data.sync.timeout = 10s (default)
2020-12-18 01:53:57,751 [pool-989-thread-1] INFO  server.RaftServerConfigKeys (ConfUtils.java:logGet(44)) - raft.server.log.statemachine.data.sync.timeout.retry = -1 (default)
2020-12-18 01:53:57,753 [pool-989-thread-1] INFO  server.RaftServerConfigKeys (ConfUtils.java:logGet(44)) - raft.server.log.statemachine.data.caching.enabled = true (custom)
2020-12-18 01:53:57,753 [pool-989-thread-1] INFO  segmented.SegmentedRaftLogWorker (SegmentedRaftLogWorker.java:lambda$new$0(129)) - 2ed54bf1-42e1-44fc-9c0b-5e6eea7347b7@group-1BCF3B05F380-SegmentedRaftLogWorker: flushIndex: setUnconditionally 0 -> -1
2020-12-18 01:53:57,753 [pool-989-thread-1] INFO  segmented.SegmentedRaftLogWorker (SegmentedRaftLogWorker.java:lambda$new$0(129)) - 2ed54bf1-42e1-44fc-9c0b-5e6eea7347b7@group-1BCF3B05F380-SegmentedRaftLogWorker: safeCacheEvictIndex: setUnconditionally 0 -> -1
2020-12-18 01:53:57,754 [pool-1004-thread-1] INFO  server.RaftServerConfigKeys (ConfUtils.java:logGet(44)) - raft.server.log.segment.cache.num.max = 2 (custom)
2020-12-18 01:53:57,754 [pool-1004-thread-1] INFO  segmented.SegmentedRaftLogWorker (SegmentedRaftLogWorker.java:<init>(180)) - new 53ca8b2c-5b6c-4f43-832a-400784fc22d8@group-BEEF96FBA3F7-SegmentedRaftLogWorker for RaftStorage:Storage Directory /github/workspace/mnt/ozone/hadoop-ozone/integration-test/target/test-dir/MiniOzoneClusterImpl-3835dc27-2ffb-44b9-9ba4-3f027f37039b/datanode-1/data/ratis/a1d147c5-a50f-4000-b8b2-beef96fba3f7
2020-12-18 01:53:57,754 [pool-1004-thread-1] INFO  server.RaftServerConfigKeys (ConfUtils.java:logGet(44)) - raft.server.log.queue.byte-limit = 2147483647 (custom)
2020-12-18 01:53:57,754 [pool-1004-thread-1] INFO  server.RaftServerConfigKeys (ConfUtils.java:logGet(44)) - raft.server.log.queue.element-limit = 1024 (custom)
2020-12-18 01:53:57,754 [pool-1004-thread-1] INFO  server.RaftServerConfigKeys (ConfUtils.java:logGet(44)) - raft.server.log.segment.size.max = 1048576 (custom)
2020-12-18 01:53:57,754 [pool-1004-thread-1] INFO  server.RaftServerConfigKeys (ConfUtils.java:logGet(44)) - raft.server.log.preallocated.size = 16384 (custom)
2020-12-18 01:53:57,754 [pool-1004-thread-1] INFO  server.RaftServerConfigKeys (ConfUtils.java:logGet(44)) - raft.server.log.write.buffer.size = 1048576 (custom)
2020-12-18 01:53:57,754 [pool-1004-thread-1] INFO  server.RaftServerConfigKeys (ConfUtils.java:logGet(44)) - raft.server.log.force.sync.num = 128 (default)
2020-12-18 01:53:57,754 [pool-1004-thread-1] INFO  server.RaftServerConfigKeys (ConfUtils.java:logGet(44)) - raft.server.log.statemachine.data.sync = true (default)
2020-12-18 01:53:57,754 [pool-1004-thread-1] INFO  server.RaftServerConfigKeys (ConfUtils.java:logGet(44)) - raft.server.log.statemachine.data.sync.timeout = 10s (default)
2020-12-18 01:53:57,754 [pool-1004-thread-1] INFO  server.RaftServerConfigKeys (ConfUtils.java:logGet(44)) - raft.server.log.statemachine.data.sync.timeout.retry = -1 (default)
2020-12-18 01:53:57,754 [pool-989-thread-1] INFO  server.RaftServerConfigKeys (ConfUtils.java:logGet(44)) - raft.server.snapshot.auto.trigger.enabled = true (custom)
2020-12-18 01:53:57,754 [pool-989-thread-1] INFO  server.RaftServerConfigKeys (ConfUtils.java:logGet(44)) - raft.server.snapshot.auto.trigger.threshold = 10000 (custom)
2020-12-18 01:53:57,755 [pool-989-thread-1] INFO  server.RaftServerConfigKeys (ConfUtils.java:logGet(44)) - raft.server.snapshot.retention.file.num = 5 (custom)
2020-12-18 01:53:57,755 [pool-989-thread-1] INFO  server.RaftServerConfigKeys (ConfUtils.java:logGet(44)) - raft.server.log.purge.upto.snapshot.index = false (default)
2020-12-18 01:53:57,755 [pool-989-thread-1] INFO  server.RaftServerConfigKeys (ConfUtils.java:logGet(44)) - raft.server.retrycache.expirytime = 600000ms (custom)
2020-12-18 01:53:57,755 [pool-989-thread-1] INFO  metrics.RatisMetrics (RatisMetrics.java:lambda$create$0(36)) - Creating Metrics Registry : ratis.leader_election.2ed54bf1-42e1-44fc-9c0b-5e6eea7347b7@group-1BCF3B05F380
2020-12-18 01:53:57,757 [pool-989-thread-1] INFO  metrics.RatisMetrics (RatisMetrics.java:lambda$create$0(36)) - Creating Metrics Registry : ratis.server.2ed54bf1-42e1-44fc-9c0b-5e6eea7347b7@group-1BCF3B05F380
2020-12-18 01:53:57,759 [pool-1004-thread-1] INFO  server.RaftServerConfigKeys (ConfUtils.java:logGet(44)) - raft.server.log.statemachine.data.caching.enabled = true (custom)
2020-12-18 01:53:57,759 [pool-1004-thread-1] INFO  segmented.SegmentedRaftLogWorker (SegmentedRaftLogWorker.java:lambda$new$0(129)) - 53ca8b2c-5b6c-4f43-832a-400784fc22d8@group-BEEF96FBA3F7-SegmentedRaftLogWorker: flushIndex: setUnconditionally 0 -> -1
2020-12-18 01:53:57,759 [pool-1004-thread-1] INFO  segmented.SegmentedRaftLogWorker (SegmentedRaftLogWorker.java:lambda$new$0(129)) - 53ca8b2c-5b6c-4f43-832a-400784fc22d8@group-BEEF96FBA3F7-SegmentedRaftLogWorker: safeCacheEvictIndex: setUnconditionally 0 -> -1
2020-12-18 01:53:57,760 [pool-989-thread-1] INFO  impl.RaftServerImpl (RaftServerImpl.java:start(215)) - 2ed54bf1-42e1-44fc-9c0b-5e6eea7347b7@group-1BCF3B05F380: start as a follower, conf=-1: [2ed54bf1-42e1-44fc-9c0b-5e6eea7347b7|rpc:172.17.0.2:37299], old=null
2020-12-18 01:53:57,760 [pool-989-thread-1] INFO  impl.RaftServerImpl (RaftServerImpl.java:setRole(204)) - 2ed54bf1-42e1-44fc-9c0b-5e6eea7347b7@group-1BCF3B05F380: changes role from      null to FOLLOWER at term 0 for startAsFollower
2020-12-18 01:53:57,760 [pool-989-thread-1] INFO  impl.RoleInfo (RoleInfo.java:updateAndGet(143)) - 2ed54bf1-42e1-44fc-9c0b-5e6eea7347b7: start 2ed54bf1-42e1-44fc-9c0b-5e6eea7347b7@group-1BCF3B05F380-FollowerState
2020-12-18 01:53:57,760 [pool-1004-thread-1] INFO  server.RaftServerConfigKeys (ConfUtils.java:logGet(44)) - raft.server.snapshot.auto.trigger.enabled = true (custom)
2020-12-18 01:53:57,760 [pool-1004-thread-1] INFO  server.RaftServerConfigKeys (ConfUtils.java:logGet(44)) - raft.server.snapshot.auto.trigger.threshold = 10000 (custom)
2020-12-18 01:53:57,760 [pool-1004-thread-1] INFO  server.RaftServerConfigKeys (ConfUtils.java:logGet(44)) - raft.server.snapshot.retention.file.num = 5 (custom)
2020-12-18 01:53:57,760 [pool-1004-thread-1] INFO  server.RaftServerConfigKeys (ConfUtils.java:logGet(44)) - raft.server.log.purge.upto.snapshot.index = false (default)
2020-12-18 01:53:57,760 [pool-989-thread-1] INFO  util.JmxRegister (JmxRegister.java:tryRegister(44)) - Successfully registered JMX Bean with object name Ratis:service=RaftServer,group=group-1BCF3B05F380,id=2ed54bf1-42e1-44fc-9c0b-5e6eea7347b7
2020-12-18 01:53:57,760 [pool-989-thread-1] INFO  metrics.RatisMetrics (RatisMetrics.java:lambda$create$0(36)) - Creating Metrics Registry : ratis.state_machine.2ed54bf1-42e1-44fc-9c0b-5e6eea7347b7@group-1BCF3B05F380
2020-12-18 01:53:57,760 [pool-1004-thread-1] INFO  server.RaftServerConfigKeys (ConfUtils.java:logGet(44)) - raft.server.retrycache.expirytime = 600000ms (custom)
2020-12-18 01:53:57,760 [pool-1004-thread-1] INFO  metrics.RatisMetrics (RatisMetrics.java:lambda$create$0(36)) - Creating Metrics Registry : ratis.leader_election.53ca8b2c-5b6c-4f43-832a-400784fc22d8@group-BEEF96FBA3F7
2020-12-18 01:53:57,762 [Command processor thread] INFO  commandhandler.CreatePipelineCommandHandler (CreatePipelineCommandHandler.java:handle(106)) - Created Pipeline RATIS ONE PipelineID=abc3e218-d7e6-4551-b8d8-1bcf3b05f380.
2020-12-18 01:53:57,762 [Command processor thread] INFO  impl.RaftServerProxy (RaftServerProxy.java:addNew(93)) - 2ed54bf1-42e1-44fc-9c0b-5e6eea7347b7: addNew group-1B93CE588544:[53ca8b2c-5b6c-4f43-832a-400784fc22d8|rpc:172.17.0.2:46217, 79194d7f-2e7e-4e4e-9d5e-674d7d919289|rpc:172.17.0.2:45263, 2ed54bf1-42e1-44fc-9c0b-5e6eea7347b7|rpc:172.17.0.2:37299] returns group-1B93CE588544:java.util.concurrent.CompletableFuture@47c5025f[Not completed]
2020-12-18 01:53:57,762 [pool-1004-thread-1] INFO  metrics.RatisMetrics (RatisMetrics.java:lambda$create$0(36)) - Creating Metrics Registry : ratis.server.53ca8b2c-5b6c-4f43-832a-400784fc22d8@group-BEEF96FBA3F7
2020-12-18 01:53:57,762 [pool-989-thread-1] INFO  impl.RaftServerImpl (RaftServerImpl.java:<init>(121)) - 2ed54bf1-42e1-44fc-9c0b-5e6eea7347b7: new RaftServerImpl for group-1B93CE588544:[53ca8b2c-5b6c-4f43-832a-400784fc22d8|rpc:172.17.0.2:46217, 79194d7f-2e7e-4e4e-9d5e-674d7d919289|rpc:172.17.0.2:45263, 2ed54bf1-42e1-44fc-9c0b-5e6eea7347b7|rpc:172.17.0.2:37299] with ContainerStateMachine:uninitialized
2020-12-18 01:53:57,762 [pool-989-thread-1] INFO  server.RaftServerConfigKeys (ConfUtils.java:logGet(44)) - raft.server.rpc.timeout.min = 5s (custom)
2020-12-18 01:53:57,762 [pool-989-thread-1] INFO  server.RaftServerConfigKeys (ConfUtils.java:logGet(44)) - raft.server.rpc.timeout.max = 5200ms (custom)
2020-12-18 01:53:57,762 [pool-989-thread-1] INFO  server.RaftServerConfigKeys (ConfUtils.java:logGet(44)) - raft.server.rpc.slowness.timeout = 300s (custom)
2020-12-18 01:53:57,762 [pool-989-thread-1] INFO  server.RaftServerConfigKeys (ConfUtils.java:logGet(44)) - raft.server.leaderelection.leader.step-down.wait-time = 10s (default)
2020-12-18 01:53:57,763 [pool-989-thread-1] INFO  server.RaftServerConfigKeys (ConfUtils.java:logGet(44)) - raft.server.sleep.deviation.threshold = 300 (default)
2020-12-18 01:53:57,763 [pool-989-thread-1] INFO  server.RaftServerConfigKeys (ConfUtils.java:logGet(44)) - raft.server.log.appender.install.snapshot.enabled = false (custom)
2020-12-18 01:53:57,763 [pool-989-thread-1] INFO  impl.RaftServerImpl (ServerState.java:<init>(104)) - 2ed54bf1-42e1-44fc-9c0b-5e6eea7347b7@group-1B93CE588544: ConfigurationManager, init=-1: [53ca8b2c-5b6c-4f43-832a-400784fc22d8|rpc:172.17.0.2:46217, 79194d7f-2e7e-4e4e-9d5e-674d7d919289|rpc:172.17.0.2:45263, 2ed54bf1-42e1-44fc-9c0b-5e6eea7347b7|rpc:172.17.0.2:37299], old=null, confs=<EMPTY_MAP>
2020-12-18 01:53:57,763 [pool-989-thread-1] INFO  server.RaftServerConfigKeys (ConfUtils.java:logGet(44)) - raft.server.storage.dir = [/github/workspace/mnt/ozone/hadoop-ozone/integration-test/target/test-dir/MiniOzoneClusterImpl-3835dc27-2ffb-44b9-9ba4-3f027f37039b/datanode-0/data/ratis] (custom)
2020-12-18 01:53:57,763 [pool-989-thread-1] INFO  server.RaftServerConfigKeys (ConfUtils.java:logGet(44)) - raft.server.log.corruption.policy = EXCEPTION (default)
2020-12-18 01:53:57,763 [pool-989-thread-1] INFO  storage.RaftStorageDirectory (RaftStorageDirectory.java:analyzeStorage(261)) - The storage directory /github/workspace/mnt/ozone/hadoop-ozone/integration-test/target/test-dir/MiniOzoneClusterImpl-3835dc27-2ffb-44b9-9ba4-3f027f37039b/datanode-0/data/ratis/a90a8c13-2500-4eb3-b043-1b93ce588544 does not exist. Creating ...
2020-12-18 01:53:57,763 [pool-1004-thread-1] INFO  impl.RaftServerImpl (RaftServerImpl.java:start(215)) - 53ca8b2c-5b6c-4f43-832a-400784fc22d8@group-BEEF96FBA3F7: start as a follower, conf=-1: [53ca8b2c-5b6c-4f43-832a-400784fc22d8|rpc:172.17.0.2:46217], old=null
2020-12-18 01:53:57,763 [pool-1004-thread-1] INFO  impl.RaftServerImpl (RaftServerImpl.java:setRole(204)) - 53ca8b2c-5b6c-4f43-832a-400784fc22d8@group-BEEF96FBA3F7: changes role from      null to FOLLOWER at term 0 for startAsFollower
2020-12-18 01:53:57,763 [pool-1004-thread-1] INFO  impl.RoleInfo (RoleInfo.java:updateAndGet(143)) - 53ca8b2c-5b6c-4f43-832a-400784fc22d8: start 53ca8b2c-5b6c-4f43-832a-400784fc22d8@group-BEEF96FBA3F7-FollowerState
2020-12-18 01:53:57,764 [pool-1004-thread-1] INFO  util.JmxRegister (JmxRegister.java:tryRegister(44)) - Successfully registered JMX Bean with object name Ratis:service=RaftServer,group=group-BEEF96FBA3F7,id=53ca8b2c-5b6c-4f43-832a-400784fc22d8
2020-12-18 01:53:57,764 [pool-1004-thread-1] INFO  metrics.RatisMetrics (RatisMetrics.java:lambda$create$0(36)) - Creating Metrics Registry : ratis.state_machine.53ca8b2c-5b6c-4f43-832a-400784fc22d8@group-BEEF96FBA3F7
2020-12-18 01:53:57,765 [Command processor thread] INFO  commandhandler.CreatePipelineCommandHandler (CreatePipelineCommandHandler.java:handle(106)) - Created Pipeline RATIS ONE PipelineID=a1d147c5-a50f-4000-b8b2-beef96fba3f7.
2020-12-18 01:53:57,765 [Command processor thread] INFO  impl.RaftServerProxy (RaftServerProxy.java:addNew(93)) - 53ca8b2c-5b6c-4f43-832a-400784fc22d8: addNew group-1B93CE588544:[53ca8b2c-5b6c-4f43-832a-400784fc22d8|rpc:172.17.0.2:46217, 79194d7f-2e7e-4e4e-9d5e-674d7d919289|rpc:172.17.0.2:45263, 2ed54bf1-42e1-44fc-9c0b-5e6eea7347b7|rpc:172.17.0.2:37299] returns group-1B93CE588544:java.util.concurrent.CompletableFuture@71fb888d[Not completed]
2020-12-18 01:53:57,765 [pool-1004-thread-1] INFO  impl.RaftServerImpl (RaftServerImpl.java:<init>(121)) - 53ca8b2c-5b6c-4f43-832a-400784fc22d8: new RaftServerImpl for group-1B93CE588544:[53ca8b2c-5b6c-4f43-832a-400784fc22d8|rpc:172.17.0.2:46217, 79194d7f-2e7e-4e4e-9d5e-674d7d919289|rpc:172.17.0.2:45263, 2ed54bf1-42e1-44fc-9c0b-5e6eea7347b7|rpc:172.17.0.2:37299] with ContainerStateMachine:uninitialized
2020-12-18 01:53:57,765 [pool-1004-thread-1] INFO  server.RaftServerConfigKeys (ConfUtils.java:logGet(44)) - raft.server.rpc.timeout.min = 5s (custom)
2020-12-18 01:53:57,765 [pool-1004-thread-1] INFO  server.RaftServerConfigKeys (ConfUtils.java:logGet(44)) - raft.server.rpc.timeout.max = 5200ms (custom)
2020-12-18 01:53:57,765 [pool-1004-thread-1] INFO  server.RaftServerConfigKeys (ConfUtils.java:logGet(44)) - raft.server.rpc.slowness.timeout = 300s (custom)
2020-12-18 01:53:57,765 [pool-1004-thread-1] INFO  server.RaftServerConfigKeys (ConfUtils.java:logGet(44)) - raft.server.leaderelection.leader.step-down.wait-time = 10s (default)
2020-12-18 01:53:57,765 [pool-1004-thread-1] INFO  server.RaftServerConfigKeys (ConfUtils.java:logGet(44)) - raft.server.sleep.deviation.threshold = 300 (default)
2020-12-18 01:53:57,765 [pool-1004-thread-1] INFO  server.RaftServerConfigKeys (ConfUtils.java:logGet(44)) - raft.server.log.appender.install.snapshot.enabled = false (custom)
2020-12-18 01:53:57,765 [pool-1004-thread-1] INFO  impl.RaftServerImpl (ServerState.java:<init>(104)) - 53ca8b2c-5b6c-4f43-832a-400784fc22d8@group-1B93CE588544: ConfigurationManager, init=-1: [53ca8b2c-5b6c-4f43-832a-400784fc22d8|rpc:172.17.0.2:46217, 79194d7f-2e7e-4e4e-9d5e-674d7d919289|rpc:172.17.0.2:45263, 2ed54bf1-42e1-44fc-9c0b-5e6eea7347b7|rpc:172.17.0.2:37299], old=null, confs=<EMPTY_MAP>
2020-12-18 01:53:57,766 [pool-1004-thread-1] INFO  server.RaftServerConfigKeys (ConfUtils.java:logGet(44)) - raft.server.storage.dir = [/github/workspace/mnt/ozone/hadoop-ozone/integration-test/target/test-dir/MiniOzoneClusterImpl-3835dc27-2ffb-44b9-9ba4-3f027f37039b/datanode-1/data/ratis] (custom)
2020-12-18 01:53:57,766 [pool-1004-thread-1] INFO  server.RaftServerConfigKeys (ConfUtils.java:logGet(44)) - raft.server.log.corruption.policy = EXCEPTION (default)
2020-12-18 01:53:57,766 [pool-1004-thread-1] INFO  storage.RaftStorageDirectory (RaftStorageDirectory.java:analyzeStorage(261)) - The storage directory /github/workspace/mnt/ozone/hadoop-ozone/integration-test/target/test-dir/MiniOzoneClusterImpl-3835dc27-2ffb-44b9-9ba4-3f027f37039b/datanode-1/data/ratis/a90a8c13-2500-4eb3-b043-1b93ce588544 does not exist. Creating ...
2020-12-18 01:53:57,766 [pool-1004-thread-1] INFO  storage.RaftStorageDirectory (RaftStorageDirectory.java:tryLock(343)) - Lock on /github/workspace/mnt/ozone/hadoop-ozone/integration-test/target/test-dir/MiniOzoneClusterImpl-3835dc27-2ffb-44b9-9ba4-3f027f37039b/datanode-1/data/ratis/a90a8c13-2500-4eb3-b043-1b93ce588544/in_use.lock acquired by nodename 9953@1fad9502c7b4
2020-12-18 01:53:57,767 [pool-1004-thread-1] INFO  storage.RaftStorage (RaftStorage.java:format(85)) - Storage directory /github/workspace/mnt/ozone/hadoop-ozone/integration-test/target/test-dir/MiniOzoneClusterImpl-3835dc27-2ffb-44b9-9ba4-3f027f37039b/datanode-1/data/ratis/a90a8c13-2500-4eb3-b043-1b93ce588544 has been successfully formatted.
2020-12-18 01:53:57,767 [pool-1004-thread-1] INFO  ratis.ContainerStateMachine (ContainerStateMachine.java:loadSnapshot(225)) - group-1B93CE588544: The snapshot info is null. Setting the last applied indexto:(t:0, i:~)
2020-12-18 01:53:57,767 [pool-1004-thread-1] INFO  server.RaftServerConfigKeys (ConfUtils.java:logGet(44)) - raft.server.notification.no-leader.timeout = 300s (custom)
2020-12-18 01:53:57,767 [pool-1004-thread-1] INFO  server.RaftServerConfigKeys (ConfUtils.java:logGet(44)) - raft.server.log.use.memory = false (default)
2020-12-18 01:53:57,767 [pool-1004-thread-1] INFO  server.RaftServerConfigKeys (ConfUtils.java:logGet(44)) - raft.server.log.purge.gap = 1000000 (custom)
2020-12-18 01:53:57,768 [pool-1004-thread-1] INFO  metrics.RatisMetrics (RatisMetrics.java:lambda$create$0(36)) - Creating Metrics Registry : ratis.log_worker.53ca8b2c-5b6c-4f43-832a-400784fc22d8@group-1B93CE588544
2020-12-18 01:53:57,768 [pool-1004-thread-1] INFO  server.RaftServerConfigKeys (ConfUtils.java:logGet(44)) - raft.server.log.appender.buffer.byte-limit = 33554432 (custom)
2020-12-18 01:53:57,768 [pool-1004-thread-1] INFO  server.RaftServerConfigKeys (ConfUtils.java:logGet(44)) - raft.server.log.segment.size.max = 1048576 (custom)
2020-12-18 01:53:57,768 [pool-989-thread-1] INFO  storage.RaftStorageDirectory (RaftStorageDirectory.java:tryLock(343)) - Lock on /github/workspace/mnt/ozone/hadoop-ozone/integration-test/target/test-dir/MiniOzoneClusterImpl-3835dc27-2ffb-44b9-9ba4-3f027f37039b/datanode-0/data/ratis/a90a8c13-2500-4eb3-b043-1b93ce588544/in_use.lock acquired by nodename 9953@1fad9502c7b4
2020-12-18 01:53:57,769 [EventQueue-PipelineReportForOneReplicaPipelineSafeModeRule] INFO  safemode.SCMSafeModeManager (SCMSafeModeManager.java:validateSafeModeExitRules(214)) - AtleastOneDatanodeReportedRule rule is successfully validated
2020-12-18 01:53:57,769 [EventQueue-OpenPipelineForHealthyPipelineSafeModeRule] INFO  safemode.SCMSafeModeManager (HealthyPipelineSafeModeRule.java:process(128)) - SCM in safe mode. Healthy pipelines reported count is 0, required healthy pipeline reported count is 1
2020-12-18 01:53:57,769 [pool-1004-thread-1] INFO  server.RaftServerConfigKeys (ConfUtils.java:logGet(44)) - raft.server.log.segment.cache.num.max = 2 (custom)
2020-12-18 01:53:57,769 [pool-1004-thread-1] INFO  segmented.SegmentedRaftLogWorker (SegmentedRaftLogWorker.java:<init>(180)) - new 53ca8b2c-5b6c-4f43-832a-400784fc22d8@group-1B93CE588544-SegmentedRaftLogWorker for RaftStorage:Storage Directory /github/workspace/mnt/ozone/hadoop-ozone/integration-test/target/test-dir/MiniOzoneClusterImpl-3835dc27-2ffb-44b9-9ba4-3f027f37039b/datanode-1/data/ratis/a90a8c13-2500-4eb3-b043-1b93ce588544
2020-12-18 01:53:57,769 [pool-1004-thread-1] INFO  server.RaftServerConfigKeys (ConfUtils.java:logGet(44)) - raft.server.log.queue.byte-limit = 2147483647 (custom)
2020-12-18 01:53:57,769 [pool-1004-thread-1] INFO  server.RaftServerConfigKeys (ConfUtils.java:logGet(44)) - raft.server.log.queue.element-limit = 1024 (custom)
2020-12-18 01:53:57,769 [pool-1004-thread-1] INFO  server.RaftServerConfigKeys (ConfUtils.java:logGet(44)) - raft.server.log.segment.size.max = 1048576 (custom)
2020-12-18 01:53:57,770 [pool-1004-thread-1] INFO  server.RaftServerConfigKeys (ConfUtils.java:logGet(44)) - raft.server.log.preallocated.size = 16384 (custom)
2020-12-18 01:53:57,770 [pool-1004-thread-1] INFO  server.RaftServerConfigKeys (ConfUtils.java:logGet(44)) - raft.server.log.write.buffer.size = 1048576 (custom)
2020-12-18 01:53:57,770 [pool-1004-thread-1] INFO  server.RaftServerConfigKeys (ConfUtils.java:logGet(44)) - raft.server.log.force.sync.num = 128 (default)
2020-12-18 01:53:57,770 [pool-1004-thread-1] INFO  server.RaftServerConfigKeys (ConfUtils.java:logGet(44)) - raft.server.log.statemachine.data.sync = true (default)
2020-12-18 01:53:57,770 [pool-1004-thread-1] INFO  server.RaftServerConfigKeys (ConfUtils.java:logGet(44)) - raft.server.log.statemachine.data.sync.timeout = 10s (default)
2020-12-18 01:53:57,770 [pool-1004-thread-1] INFO  server.RaftServerConfigKeys (ConfUtils.java:logGet(44)) - raft.server.log.statemachine.data.sync.timeout.retry = -1 (default)
2020-12-18 01:53:57,772 [pool-1004-thread-1] INFO  server.RaftServerConfigKeys (ConfUtils.java:logGet(44)) - raft.server.log.statemachine.data.caching.enabled = true (custom)
2020-12-18 01:53:57,772 [pool-1004-thread-1] INFO  segmented.SegmentedRaftLogWorker (SegmentedRaftLogWorker.java:lambda$new$0(129)) - 53ca8b2c-5b6c-4f43-832a-400784fc22d8@group-1B93CE588544-SegmentedRaftLogWorker: flushIndex: setUnconditionally 0 -> -1
2020-12-18 01:53:57,772 [pool-1004-thread-1] INFO  segmented.SegmentedRaftLogWorker (SegmentedRaftLogWorker.java:lambda$new$0(129)) - 53ca8b2c-5b6c-4f43-832a-400784fc22d8@group-1B93CE588544-SegmentedRaftLogWorker: safeCacheEvictIndex: setUnconditionally 0 -> -1
2020-12-18 01:53:57,769 [pool-989-thread-1] INFO  storage.RaftStorage (RaftStorage.java:format(85)) - Storage directory /github/workspace/mnt/ozone/hadoop-ozone/integration-test/target/test-dir/MiniOzoneClusterImpl-3835dc27-2ffb-44b9-9ba4-3f027f37039b/datanode-0/data/ratis/a90a8c13-2500-4eb3-b043-1b93ce588544 has been successfully formatted.
2020-12-18 01:53:57,776 [pool-989-thread-1] INFO  ratis.ContainerStateMachine (ContainerStateMachine.java:loadSnapshot(225)) - group-1B93CE588544: The snapshot info is null. Setting the last applied indexto:(t:0, i:~)
2020-12-18 01:53:57,776 [pool-989-thread-1] INFO  server.RaftServerConfigKeys (ConfUtils.java:logGet(44)) - raft.server.notification.no-leader.timeout = 300s (custom)
2020-12-18 01:53:57,776 [pool-989-thread-1] INFO  server.RaftServerConfigKeys (ConfUtils.java:logGet(44)) - raft.server.log.use.memory = false (default)
2020-12-18 01:53:57,776 [pool-989-thread-1] INFO  server.RaftServerConfigKeys (ConfUtils.java:logGet(44)) - raft.server.log.purge.gap = 1000000 (custom)
2020-12-18 01:53:57,776 [pool-989-thread-1] INFO  metrics.RatisMetrics (RatisMetrics.java:lambda$create$0(36)) - Creating Metrics Registry : ratis.log_worker.2ed54bf1-42e1-44fc-9c0b-5e6eea7347b7@group-1B93CE588544
2020-12-18 01:53:57,776 [pool-1004-thread-1] INFO  server.RaftServerConfigKeys (ConfUtils.java:logGet(44)) - raft.server.snapshot.auto.trigger.enabled = true (custom)
2020-12-18 01:53:57,776 [pool-1004-thread-1] INFO  server.RaftServerConfigKeys (ConfUtils.java:logGet(44)) - raft.server.snapshot.auto.trigger.threshold = 10000 (custom)
2020-12-18 01:53:57,776 [pool-989-thread-1] INFO  server.RaftServerConfigKeys (ConfUtils.java:logGet(44)) - raft.server.log.appender.buffer.byte-limit = 33554432 (custom)
2020-12-18 01:53:57,776 [pool-989-thread-1] INFO  server.RaftServerConfigKeys (ConfUtils.java:logGet(44)) - raft.server.log.segment.size.max = 1048576 (custom)
2020-12-18 01:53:57,776 [pool-1004-thread-1] INFO  server.RaftServerConfigKeys (ConfUtils.java:logGet(44)) - raft.server.snapshot.retention.file.num = 5 (custom)
2020-12-18 01:53:57,776 [pool-1004-thread-1] INFO  server.RaftServerConfigKeys (ConfUtils.java:logGet(44)) - raft.server.log.purge.upto.snapshot.index = false (default)
2020-12-18 01:53:57,776 [pool-1004-thread-1] INFO  server.RaftServerConfigKeys (ConfUtils.java:logGet(44)) - raft.server.retrycache.expirytime = 600000ms (custom)
2020-12-18 01:53:57,776 [pool-1004-thread-1] INFO  metrics.RatisMetrics (RatisMetrics.java:lambda$create$0(36)) - Creating Metrics Registry : ratis.leader_election.53ca8b2c-5b6c-4f43-832a-400784fc22d8@group-1B93CE588544
2020-12-18 01:53:57,777 [EventQueue-PipelineReportForOneReplicaPipelineSafeModeRule] INFO  safemode.SCMSafeModeManager (SCMSafeModeManager.java:validateSafeModeExitRules(214)) - AtleastOneDatanodeReportedRule rule is successfully validated
2020-12-18 01:53:57,777 [EventQueue-OpenPipelineForHealthyPipelineSafeModeRule] INFO  safemode.SCMSafeModeManager (HealthyPipelineSafeModeRule.java:process(128)) - SCM in safe mode. Healthy pipelines reported count is 0, required healthy pipeline reported count is 1
2020-12-18 01:53:57,778 [pool-989-thread-1] INFO  server.RaftServerConfigKeys (ConfUtils.java:logGet(44)) - raft.server.log.segment.cache.num.max = 2 (custom)
2020-12-18 01:53:57,778 [pool-989-thread-1] INFO  segmented.SegmentedRaftLogWorker (SegmentedRaftLogWorker.java:<init>(180)) - new 2ed54bf1-42e1-44fc-9c0b-5e6eea7347b7@group-1B93CE588544-SegmentedRaftLogWorker for RaftStorage:Storage Directory /github/workspace/mnt/ozone/hadoop-ozone/integration-test/target/test-dir/MiniOzoneClusterImpl-3835dc27-2ffb-44b9-9ba4-3f027f37039b/datanode-0/data/ratis/a90a8c13-2500-4eb3-b043-1b93ce588544
2020-12-18 01:53:57,778 [pool-989-thread-1] INFO  server.RaftServerConfigKeys (ConfUtils.java:logGet(44)) - raft.server.log.queue.byte-limit = 2147483647 (custom)
2020-12-18 01:53:57,778 [pool-989-thread-1] INFO  server.RaftServerConfigKeys (ConfUtils.java:logGet(44)) - raft.server.log.queue.element-limit = 1024 (custom)
2020-12-18 01:53:57,778 [pool-989-thread-1] INFO  server.RaftServerConfigKeys (ConfUtils.java:logGet(44)) - raft.server.log.segment.size.max = 1048576 (custom)
2020-12-18 01:53:57,778 [pool-989-thread-1] INFO  server.RaftServerConfigKeys (ConfUtils.java:logGet(44)) - raft.server.log.preallocated.size = 16384 (custom)
2020-12-18 01:53:57,779 [pool-989-thread-1] INFO  server.RaftServerConfigKeys (ConfUtils.java:logGet(44)) - raft.server.log.write.buffer.size = 1048576 (custom)
2020-12-18 01:53:57,779 [pool-989-thread-1] INFO  server.RaftServerConfigKeys (ConfUtils.java:logGet(44)) - raft.server.log.force.sync.num = 128 (default)
2020-12-18 01:53:57,779 [pool-989-thread-1] INFO  server.RaftServerConfigKeys (ConfUtils.java:logGet(44)) - raft.server.log.statemachine.data.sync = true (default)
2020-12-18 01:53:57,779 [pool-989-thread-1] INFO  server.RaftServerConfigKeys (ConfUtils.java:logGet(44)) - raft.server.log.statemachine.data.sync.timeout = 10s (default)
2020-12-18 01:53:57,779 [pool-989-thread-1] INFO  server.RaftServerConfigKeys (ConfUtils.java:logGet(44)) - raft.server.log.statemachine.data.sync.timeout.retry = -1 (default)
2020-12-18 01:53:57,779 [pool-1004-thread-1] INFO  metrics.RatisMetrics (RatisMetrics.java:lambda$create$0(36)) - Creating Metrics Registry : ratis.server.53ca8b2c-5b6c-4f43-832a-400784fc22d8@group-1B93CE588544
2020-12-18 01:53:57,782 [pool-1004-thread-1] INFO  impl.RaftServerImpl (RaftServerImpl.java:start(215)) - 53ca8b2c-5b6c-4f43-832a-400784fc22d8@group-1B93CE588544: start as a follower, conf=-1: [53ca8b2c-5b6c-4f43-832a-400784fc22d8|rpc:172.17.0.2:46217, 79194d7f-2e7e-4e4e-9d5e-674d7d919289|rpc:172.17.0.2:45263, 2ed54bf1-42e1-44fc-9c0b-5e6eea7347b7|rpc:172.17.0.2:37299], old=null
2020-12-18 01:53:57,783 [pool-1004-thread-1] INFO  impl.RaftServerImpl (RaftServerImpl.java:setRole(204)) - 53ca8b2c-5b6c-4f43-832a-400784fc22d8@group-1B93CE588544: changes role from      null to FOLLOWER at term 0 for startAsFollower
2020-12-18 01:53:57,783 [pool-1004-thread-1] INFO  impl.RoleInfo (RoleInfo.java:updateAndGet(143)) - 53ca8b2c-5b6c-4f43-832a-400784fc22d8: start 53ca8b2c-5b6c-4f43-832a-400784fc22d8@group-1B93CE588544-FollowerState
2020-12-18 01:53:57,783 [pool-989-thread-1] INFO  server.RaftServerConfigKeys (ConfUtils.java:logGet(44)) - raft.server.log.statemachine.data.caching.enabled = true (custom)
2020-12-18 01:53:57,783 [pool-989-thread-1] INFO  segmented.SegmentedRaftLogWorker (SegmentedRaftLogWorker.java:lambda$new$0(129)) - 2ed54bf1-42e1-44fc-9c0b-5e6eea7347b7@group-1B93CE588544-SegmentedRaftLogWorker: flushIndex: setUnconditionally 0 -> -1
2020-12-18 01:53:57,783 [pool-989-thread-1] INFO  segmented.SegmentedRaftLogWorker (SegmentedRaftLogWorker.java:lambda$new$0(129)) - 2ed54bf1-42e1-44fc-9c0b-5e6eea7347b7@group-1B93CE588544-SegmentedRaftLogWorker: safeCacheEvictIndex: setUnconditionally 0 -> -1
2020-12-18 01:53:57,784 [pool-1004-thread-1] INFO  util.JmxRegister (JmxRegister.java:tryRegister(44)) - Successfully registered JMX Bean with object name Ratis:service=RaftServer,group=group-1B93CE588544,id=53ca8b2c-5b6c-4f43-832a-400784fc22d8
2020-12-18 01:53:57,784 [pool-1004-thread-1] INFO  metrics.RatisMetrics (RatisMetrics.java:lambda$create$0(36)) - Creating Metrics Registry : ratis.state_machine.53ca8b2c-5b6c-4f43-832a-400784fc22d8@group-1B93CE588544
2020-12-18 01:53:57,788 [Command processor thread] INFO  metrics.RatisMetrics (RatisMetrics.java:lambda$create$0(36)) - Creating Metrics Registry : ratis.client_message_metrics.client-25E552E08306->2ed54bf1-42e1-44fc-9c0b-5e6eea7347b7
2020-12-18 01:53:57,795 [pool-989-thread-1] INFO  server.RaftServerConfigKeys (ConfUtils.java:logGet(44)) - raft.server.snapshot.auto.trigger.enabled = true (custom)
2020-12-18 01:53:57,795 [pool-989-thread-1] INFO  server.RaftServerConfigKeys (ConfUtils.java:logGet(44)) - raft.server.snapshot.auto.trigger.threshold = 10000 (custom)
2020-12-18 01:53:57,795 [pool-989-thread-1] INFO  server.RaftServerConfigKeys (ConfUtils.java:logGet(44)) - raft.server.snapshot.retention.file.num = 5 (custom)
2020-12-18 01:53:57,795 [pool-989-thread-1] INFO  server.RaftServerConfigKeys (ConfUtils.java:logGet(44)) - raft.server.log.purge.upto.snapshot.index = false (default)
2020-12-18 01:53:57,795 [pool-989-thread-1] INFO  server.RaftServerConfigKeys (ConfUtils.java:logGet(44)) - raft.server.retrycache.expirytime = 600000ms (custom)
2020-12-18 01:53:57,796 [pool-989-thread-1] INFO  metrics.RatisMetrics (RatisMetrics.java:lambda$create$0(36)) - Creating Metrics Registry : ratis.leader_election.2ed54bf1-42e1-44fc-9c0b-5e6eea7347b7@group-1B93CE588544
2020-12-18 01:53:57,796 [pool-989-thread-1] INFO  metrics.RatisMetrics (RatisMetrics.java:lambda$create$0(36)) - Creating Metrics Registry : ratis.server.2ed54bf1-42e1-44fc-9c0b-5e6eea7347b7@group-1B93CE588544
2020-12-18 01:53:57,797 [pool-989-thread-1] INFO  impl.RaftServerImpl (RaftServerImpl.java:start(215)) - 2ed54bf1-42e1-44fc-9c0b-5e6eea7347b7@group-1B93CE588544: start as a follower, conf=-1: [53ca8b2c-5b6c-4f43-832a-400784fc22d8|rpc:172.17.0.2:46217, 79194d7f-2e7e-4e4e-9d5e-674d7d919289|rpc:172.17.0.2:45263, 2ed54bf1-42e1-44fc-9c0b-5e6eea7347b7|rpc:172.17.0.2:37299], old=null
2020-12-18 01:53:57,797 [pool-989-thread-1] INFO  impl.RaftServerImpl (RaftServerImpl.java:setRole(204)) - 2ed54bf1-42e1-44fc-9c0b-5e6eea7347b7@group-1B93CE588544: changes role from      null to FOLLOWER at term 0 for startAsFollower
2020-12-18 01:53:57,797 [pool-989-thread-1] INFO  impl.RoleInfo (RoleInfo.java:updateAndGet(143)) - 2ed54bf1-42e1-44fc-9c0b-5e6eea7347b7: start 2ed54bf1-42e1-44fc-9c0b-5e6eea7347b7@group-1B93CE588544-FollowerState
2020-12-18 01:53:57,798 [grpc-default-executor-3] INFO  metrics.RatisMetrics (RatisMetrics.java:lambda$create$0(36)) - Creating Metrics Registry : ratis.server_message_metrics.2ed54bf1-42e1-44fc-9c0b-5e6eea7347b7
2020-12-18 01:53:57,802 [pool-989-thread-1] INFO  util.JmxRegister (JmxRegister.java:tryRegister(44)) - Successfully registered JMX Bean with object name Ratis:service=RaftServer,group=group-1B93CE588544,id=2ed54bf1-42e1-44fc-9c0b-5e6eea7347b7
2020-12-18 01:53:57,802 [pool-989-thread-1] INFO  metrics.RatisMetrics (RatisMetrics.java:lambda$create$0(36)) - Creating Metrics Registry : ratis.state_machine.2ed54bf1-42e1-44fc-9c0b-5e6eea7347b7@group-1B93CE588544
2020-12-18 01:53:57,815 [Command processor thread] INFO  metrics.RatisMetrics (RatisMetrics.java:lambda$create$0(36)) - Creating Metrics Registry : ratis.client_message_metrics.client-A7BB8DD8A8C1->53ca8b2c-5b6c-4f43-832a-400784fc22d8
2020-12-18 01:53:57,820 [Command processor thread] INFO  metrics.RatisMetrics (RatisMetrics.java:lambda$create$0(36)) - Creating Metrics Registry : ratis.client_message_metrics.client-51477EA65646->79194d7f-2e7e-4e4e-9d5e-674d7d919289
2020-12-18 01:53:57,824 [grpc-default-executor-3] INFO  metrics.RatisMetrics (RatisMetrics.java:lambda$create$0(36)) - Creating Metrics Registry : ratis.server_message_metrics.53ca8b2c-5b6c-4f43-832a-400784fc22d8
2020-12-18 01:53:57,824 [grpc-default-executor-0] INFO  metrics.RatisMetrics (RatisMetrics.java:lambda$create$0(36)) - Creating Metrics Registry : ratis.server_message_metrics.79194d7f-2e7e-4e4e-9d5e-674d7d919289
2020-12-18 01:53:57,832 [grpc-default-executor-3] INFO  impl.RaftServerProxy (RaftServerProxy.java:addNew(93)) - 79194d7f-2e7e-4e4e-9d5e-674d7d919289: addNew group-1B93CE588544:[53ca8b2c-5b6c-4f43-832a-400784fc22d8|rpc:172.17.0.2:46217|dataStream:, 79194d7f-2e7e-4e4e-9d5e-674d7d919289|rpc:172.17.0.2:45263|dataStream:, 2ed54bf1-42e1-44fc-9c0b-5e6eea7347b7|rpc:172.17.0.2:37299|dataStream:] returns group-1B93CE588544:java.util.concurrent.CompletableFuture@8413751[Not completed]
2020-12-18 01:53:57,832 [pool-1021-thread-1] INFO  impl.RaftServerImpl (RaftServerImpl.java:<init>(121)) - 79194d7f-2e7e-4e4e-9d5e-674d7d919289: new RaftServerImpl for group-1B93CE588544:[53ca8b2c-5b6c-4f43-832a-400784fc22d8|rpc:172.17.0.2:46217|dataStream:, 79194d7f-2e7e-4e4e-9d5e-674d7d919289|rpc:172.17.0.2:45263|dataStream:, 2ed54bf1-42e1-44fc-9c0b-5e6eea7347b7|rpc:172.17.0.2:37299|dataStream:] with ContainerStateMachine:uninitialized
2020-12-18 01:53:57,832 [pool-1021-thread-1] INFO  server.RaftServerConfigKeys (ConfUtils.java:logGet(44)) - raft.server.rpc.timeout.min = 5s (custom)
2020-12-18 01:53:57,832 [pool-1021-thread-1] INFO  server.RaftServerConfigKeys (ConfUtils.java:logGet(44)) - raft.server.rpc.timeout.max = 5200ms (custom)
2020-12-18 01:53:57,833 [pool-1021-thread-1] INFO  server.RaftServerConfigKeys (ConfUtils.java:logGet(44)) - raft.server.rpc.slowness.timeout = 300s (custom)
2020-12-18 01:53:57,833 [pool-1021-thread-1] INFO  server.RaftServerConfigKeys (ConfUtils.java:logGet(44)) - raft.server.leaderelection.leader.step-down.wait-time = 10s (default)
2020-12-18 01:53:57,833 [pool-1021-thread-1] INFO  server.RaftServerConfigKeys (ConfUtils.java:logGet(44)) - raft.server.sleep.deviation.threshold = 300 (default)
2020-12-18 01:53:57,833 [pool-1021-thread-1] INFO  server.RaftServerConfigKeys (ConfUtils.java:logGet(44)) - raft.server.log.appender.install.snapshot.enabled = false (custom)
2020-12-18 01:53:57,833 [pool-1021-thread-1] INFO  impl.RaftServerImpl (ServerState.java:<init>(104)) - 79194d7f-2e7e-4e4e-9d5e-674d7d919289@group-1B93CE588544: ConfigurationManager, init=-1: [53ca8b2c-5b6c-4f43-832a-400784fc22d8|rpc:172.17.0.2:46217|dataStream:, 79194d7f-2e7e-4e4e-9d5e-674d7d919289|rpc:172.17.0.2:45263|dataStream:, 2ed54bf1-42e1-44fc-9c0b-5e6eea7347b7|rpc:172.17.0.2:37299|dataStream:], old=null, confs=<EMPTY_MAP>
2020-12-18 01:53:57,833 [pool-1021-thread-1] INFO  server.RaftServerConfigKeys (ConfUtils.java:logGet(44)) - raft.server.storage.dir = [/github/workspace/mnt/ozone/hadoop-ozone/integration-test/target/test-dir/MiniOzoneClusterImpl-3835dc27-2ffb-44b9-9ba4-3f027f37039b/datanode-2/data/ratis] (custom)
2020-12-18 01:53:57,833 [pool-1021-thread-1] INFO  server.RaftServerConfigKeys (ConfUtils.java:logGet(44)) - raft.server.log.corruption.policy = EXCEPTION (default)
2020-12-18 01:53:57,833 [pool-1021-thread-1] INFO  storage.RaftStorageDirectory (RaftStorageDirectory.java:analyzeStorage(261)) - The storage directory /github/workspace/mnt/ozone/hadoop-ozone/integration-test/target/test-dir/MiniOzoneClusterImpl-3835dc27-2ffb-44b9-9ba4-3f027f37039b/datanode-2/data/ratis/a90a8c13-2500-4eb3-b043-1b93ce588544 does not exist. Creating ...
2020-12-18 01:53:57,835 [pool-1021-thread-1] INFO  storage.RaftStorageDirectory (RaftStorageDirectory.java:tryLock(343)) - Lock on /github/workspace/mnt/ozone/hadoop-ozone/integration-test/target/test-dir/MiniOzoneClusterImpl-3835dc27-2ffb-44b9-9ba4-3f027f37039b/datanode-2/data/ratis/a90a8c13-2500-4eb3-b043-1b93ce588544/in_use.lock acquired by nodename 9953@1fad9502c7b4
2020-12-18 01:53:57,841 [pool-1021-thread-1] INFO  storage.RaftStorage (RaftStorage.java:format(85)) - Storage directory /github/workspace/mnt/ozone/hadoop-ozone/integration-test/target/test-dir/MiniOzoneClusterImpl-3835dc27-2ffb-44b9-9ba4-3f027f37039b/datanode-2/data/ratis/a90a8c13-2500-4eb3-b043-1b93ce588544 has been successfully formatted.
2020-12-18 01:53:57,841 [Command processor thread] INFO  metrics.RatisMetrics (RatisMetrics.java:lambda$create$0(36)) - Creating Metrics Registry : ratis.client_message_metrics.client-D26CB572484F->79194d7f-2e7e-4e4e-9d5e-674d7d919289
2020-12-18 01:53:57,841 [pool-1021-thread-1] INFO  ratis.ContainerStateMachine (ContainerStateMachine.java:loadSnapshot(225)) - group-1B93CE588544: The snapshot info is null. Setting the last applied indexto:(t:0, i:~)
2020-12-18 01:53:57,841 [pool-1021-thread-1] INFO  server.RaftServerConfigKeys (ConfUtils.java:logGet(44)) - raft.server.notification.no-leader.timeout = 300s (custom)
2020-12-18 01:53:57,841 [pool-1021-thread-1] INFO  server.RaftServerConfigKeys (ConfUtils.java:logGet(44)) - raft.server.log.use.memory = false (default)
2020-12-18 01:53:57,841 [pool-1021-thread-1] INFO  server.RaftServerConfigKeys (ConfUtils.java:logGet(44)) - raft.server.log.purge.gap = 1000000 (custom)
2020-12-18 01:53:57,842 [pool-1021-thread-1] INFO  metrics.RatisMetrics (RatisMetrics.java:lambda$create$0(36)) - Creating Metrics Registry : ratis.log_worker.79194d7f-2e7e-4e4e-9d5e-674d7d919289@group-1B93CE588544
2020-12-18 01:53:57,842 [pool-1021-thread-1] INFO  server.RaftServerConfigKeys (ConfUtils.java:logGet(44)) - raft.server.log.appender.buffer.byte-limit = 33554432 (custom)
2020-12-18 01:53:57,842 [pool-1021-thread-1] INFO  server.RaftServerConfigKeys (ConfUtils.java:logGet(44)) - raft.server.log.segment.size.max = 1048576 (custom)
2020-12-18 01:53:57,843 [EventQueue-PipelineReportForOneReplicaPipelineSafeModeRule] INFO  safemode.SCMSafeModeManager (SCMSafeModeManager.java:validateSafeModeExitRules(214)) - AtleastOneDatanodeReportedRule rule is successfully validated
2020-12-18 01:53:57,844 [pool-1021-thread-1] INFO  server.RaftServerConfigKeys (ConfUtils.java:logGet(44)) - raft.server.log.segment.cache.num.max = 2 (custom)
2020-12-18 01:53:57,844 [pool-1021-thread-1] INFO  segmented.SegmentedRaftLogWorker (SegmentedRaftLogWorker.java:<init>(180)) - new 79194d7f-2e7e-4e4e-9d5e-674d7d919289@group-1B93CE588544-SegmentedRaftLogWorker for RaftStorage:Storage Directory /github/workspace/mnt/ozone/hadoop-ozone/integration-test/target/test-dir/MiniOzoneClusterImpl-3835dc27-2ffb-44b9-9ba4-3f027f37039b/datanode-2/data/ratis/a90a8c13-2500-4eb3-b043-1b93ce588544
2020-12-18 01:53:57,844 [pool-1021-thread-1] INFO  server.RaftServerConfigKeys (ConfUtils.java:logGet(44)) - raft.server.log.queue.byte-limit = 2147483647 (custom)
2020-12-18 01:53:57,844 [pool-1021-thread-1] INFO  server.RaftServerConfigKeys (ConfUtils.java:logGet(44)) - raft.server.log.queue.element-limit = 1024 (custom)
2020-12-18 01:53:57,844 [pool-1021-thread-1] INFO  server.RaftServerConfigKeys (ConfUtils.java:logGet(44)) - raft.server.log.segment.size.max = 1048576 (custom)
2020-12-18 01:53:57,845 [pool-1021-thread-1] INFO  server.RaftServerConfigKeys (ConfUtils.java:logGet(44)) - raft.server.log.preallocated.size = 16384 (custom)
2020-12-18 01:53:57,845 [pool-1021-thread-1] INFO  server.RaftServerConfigKeys (ConfUtils.java:logGet(44)) - raft.server.log.write.buffer.size = 1048576 (custom)
2020-12-18 01:53:57,845 [pool-1021-thread-1] INFO  server.RaftServerConfigKeys (ConfUtils.java:logGet(44)) - raft.server.log.force.sync.num = 128 (default)
2020-12-18 01:53:57,847 [pool-1021-thread-1] INFO  server.RaftServerConfigKeys (ConfUtils.java:logGet(44)) - raft.server.log.statemachine.data.sync = true (default)
2020-12-18 01:53:57,847 [pool-1021-thread-1] INFO  server.RaftServerConfigKeys (ConfUtils.java:logGet(44)) - raft.server.log.statemachine.data.sync.timeout = 10s (default)
2020-12-18 01:53:57,846 [Command processor thread] INFO  impl.RaftServerProxy (RaftServerProxy.java:addNew(93)) - 79194d7f-2e7e-4e4e-9d5e-674d7d919289: addNew group-38CB54CFF45F:[79194d7f-2e7e-4e4e-9d5e-674d7d919289|rpc:172.17.0.2:45263] returns group-38CB54CFF45F:java.util.concurrent.CompletableFuture@7f3f3d9a[Not completed]
2020-12-18 01:53:57,847 [pool-1021-thread-1] INFO  server.RaftServerConfigKeys (ConfUtils.java:logGet(44)) - raft.server.log.statemachine.data.sync.timeout.retry = -1 (default)
2020-12-18 01:53:57,899 [org.apache.ratis.server.JvmPauseMonitor@62d9f1dc-Monitor] WARN  server.JvmPauseMonitor (JvmPauseMonitor.java:run(141)) - Detected pause in JVM or host machine (eg GC): pause of approximately 31ms
GC pool 'PS Scavenge' had collection(s): count=1 time=48ms
2020-12-18 01:53:57,900 [org.apache.ratis.server.JvmPauseMonitor@292b7735-Monitor] WARN  server.JvmPauseMonitor (JvmPauseMonitor.java:run(141)) - Detected pause in JVM or host machine (eg GC): pause of approximately 43ms
GC pool 'PS Scavenge' had collection(s): count=1 time=48ms
2020-12-18 01:53:57,905 [pool-1021-thread-1] INFO  server.RaftServerConfigKeys (ConfUtils.java:logGet(44)) - raft.server.log.statemachine.data.caching.enabled = true (custom)
2020-12-18 01:53:57,905 [pool-1021-thread-1] INFO  segmented.SegmentedRaftLogWorker (SegmentedRaftLogWorker.java:lambda$new$0(129)) - 79194d7f-2e7e-4e4e-9d5e-674d7d919289@group-1B93CE588544-SegmentedRaftLogWorker: flushIndex: setUnconditionally 0 -> -1
2020-12-18 01:53:57,905 [pool-1021-thread-1] INFO  segmented.SegmentedRaftLogWorker (SegmentedRaftLogWorker.java:lambda$new$0(129)) - 79194d7f-2e7e-4e4e-9d5e-674d7d919289@group-1B93CE588544-SegmentedRaftLogWorker: safeCacheEvictIndex: setUnconditionally 0 -> -1
2020-12-18 01:53:57,905 [pool-1021-thread-1] INFO  server.RaftServerConfigKeys (ConfUtils.java:logGet(44)) - raft.server.snapshot.auto.trigger.enabled = true (custom)
2020-12-18 01:53:57,905 [pool-1021-thread-1] INFO  server.RaftServerConfigKeys (ConfUtils.java:logGet(44)) - raft.server.snapshot.auto.trigger.threshold = 10000 (custom)
2020-12-18 01:53:57,906 [pool-1021-thread-1] INFO  server.RaftServerConfigKeys (ConfUtils.java:logGet(44)) - raft.server.snapshot.retention.file.num = 5 (custom)
2020-12-18 01:53:57,906 [pool-1021-thread-1] INFO  server.RaftServerConfigKeys (ConfUtils.java:logGet(44)) - raft.server.log.purge.upto.snapshot.index = false (default)
2020-12-18 01:53:57,906 [pool-1021-thread-1] INFO  server.RaftServerConfigKeys (ConfUtils.java:logGet(44)) - raft.server.retrycache.expirytime = 600000ms (custom)
2020-12-18 01:53:57,906 [pool-1021-thread-1] INFO  metrics.RatisMetrics (RatisMetrics.java:lambda$create$0(36)) - Creating Metrics Registry : ratis.leader_election.79194d7f-2e7e-4e4e-9d5e-674d7d919289@group-1B93CE588544
2020-12-18 01:53:57,906 [pool-1021-thread-1] INFO  metrics.RatisMetrics (RatisMetrics.java:lambda$create$0(36)) - Creating Metrics Registry : ratis.server.79194d7f-2e7e-4e4e-9d5e-674d7d919289@group-1B93CE588544
2020-12-18 01:53:57,918 [pool-1021-thread-1] INFO  impl.RaftServerImpl (RaftServerImpl.java:<init>(121)) - 79194d7f-2e7e-4e4e-9d5e-674d7d919289: new RaftServerImpl for group-38CB54CFF45F:[79194d7f-2e7e-4e4e-9d5e-674d7d919289|rpc:172.17.0.2:45263] with ContainerStateMachine:uninitialized
2020-12-18 01:53:57,918 [pool-1021-thread-1] INFO  server.RaftServerConfigKeys (ConfUtils.java:logGet(44)) - raft.server.rpc.timeout.min = 5s (custom)
2020-12-18 01:53:57,918 [pool-1021-thread-1] INFO  server.RaftServerConfigKeys (ConfUtils.java:logGet(44)) - raft.server.rpc.timeout.max = 5200ms (custom)
2020-12-18 01:53:57,918 [pool-1021-thread-1] INFO  server.RaftServerConfigKeys (ConfUtils.java:logGet(44)) - raft.server.rpc.slowness.timeout = 300s (custom)
2020-12-18 01:53:57,918 [pool-1021-thread-1] INFO  server.RaftServerConfigKeys (ConfUtils.java:logGet(44)) - raft.server.leaderelection.leader.step-down.wait-time = 10s (default)
2020-12-18 01:53:57,918 [pool-1021-thread-1] INFO  server.RaftServerConfigKeys (ConfUtils.java:logGet(44)) - raft.server.sleep.deviation.threshold = 300 (default)
2020-12-18 01:53:57,918 [pool-1021-thread-1] INFO  server.RaftServerConfigKeys (ConfUtils.java:logGet(44)) - raft.server.log.appender.install.snapshot.enabled = false (custom)
2020-12-18 01:53:57,918 [pool-1021-thread-1] INFO  impl.RaftServerImpl (ServerState.java:<init>(104)) - 79194d7f-2e7e-4e4e-9d5e-674d7d919289@group-38CB54CFF45F: ConfigurationManager, init=-1: [79194d7f-2e7e-4e4e-9d5e-674d7d919289|rpc:172.17.0.2:45263], old=null, confs=<EMPTY_MAP>
2020-12-18 01:53:57,918 [pool-1021-thread-1] INFO  server.RaftServerConfigKeys (ConfUtils.java:logGet(44)) - raft.server.storage.dir = [/github/workspace/mnt/ozone/hadoop-ozone/integration-test/target/test-dir/MiniOzoneClusterImpl-3835dc27-2ffb-44b9-9ba4-3f027f37039b/datanode-2/data/ratis] (custom)
2020-12-18 01:53:57,918 [pool-1021-thread-1] INFO  server.RaftServerConfigKeys (ConfUtils.java:logGet(44)) - raft.server.log.corruption.policy = EXCEPTION (default)
2020-12-18 01:53:57,918 [pool-1021-thread-1] INFO  storage.RaftStorageDirectory (RaftStorageDirectory.java:analyzeStorage(261)) - The storage directory /github/workspace/mnt/ozone/hadoop-ozone/integration-test/target/test-dir/MiniOzoneClusterImpl-3835dc27-2ffb-44b9-9ba4-3f027f37039b/datanode-2/data/ratis/59f714b7-7708-4c38-92ec-38cb54cff45f does not exist. Creating ...
2020-12-18 01:53:57,920 [Command processor thread] INFO  commandhandler.CreatePipelineCommandHandler (CreatePipelineCommandHandler.java:handle(106)) - Created Pipeline RATIS THREE PipelineID=a90a8c13-2500-4eb3-b043-1b93ce588544.
2020-12-18 01:53:57,920 [pool-1021-thread-1] INFO  storage.RaftStorageDirectory (RaftStorageDirectory.java:tryLock(343)) - Lock on /github/workspace/mnt/ozone/hadoop-ozone/integration-test/target/test-dir/MiniOzoneClusterImpl-3835dc27-2ffb-44b9-9ba4-3f027f37039b/datanode-2/data/ratis/59f714b7-7708-4c38-92ec-38cb54cff45f/in_use.lock acquired by nodename 9953@1fad9502c7b4
2020-12-18 01:53:57,920 [pool-1021-thread-1] INFO  storage.RaftStorage (RaftStorage.java:format(85)) - Storage directory /github/workspace/mnt/ozone/hadoop-ozone/integration-test/target/test-dir/MiniOzoneClusterImpl-3835dc27-2ffb-44b9-9ba4-3f027f37039b/datanode-2/data/ratis/59f714b7-7708-4c38-92ec-38cb54cff45f has been successfully formatted.
2020-12-18 01:53:57,921 [pool-1021-thread-1] INFO  ratis.ContainerStateMachine (ContainerStateMachine.java:loadSnapshot(225)) - group-38CB54CFF45F: The snapshot info is null. Setting the last applied indexto:(t:0, i:~)
2020-12-18 01:53:57,921 [pool-1021-thread-1] INFO  server.RaftServerConfigKeys (ConfUtils.java:logGet(44)) - raft.server.notification.no-leader.timeout = 300s (custom)
2020-12-18 01:53:57,921 [pool-1021-thread-1] INFO  server.RaftServerConfigKeys (ConfUtils.java:logGet(44)) - raft.server.log.use.memory = false (default)
2020-12-18 01:53:57,921 [pool-1021-thread-1] INFO  server.RaftServerConfigKeys (ConfUtils.java:logGet(44)) - raft.server.log.purge.gap = 1000000 (custom)
2020-12-18 01:53:57,921 [pool-1021-thread-1] INFO  metrics.RatisMetrics (RatisMetrics.java:lambda$create$0(36)) - Creating Metrics Registry : ratis.log_worker.79194d7f-2e7e-4e4e-9d5e-674d7d919289@group-38CB54CFF45F
2020-12-18 01:53:57,921 [pool-1021-thread-1] INFO  server.RaftServerConfigKeys (ConfUtils.java:logGet(44)) - raft.server.log.appender.buffer.byte-limit = 33554432 (custom)
2020-12-18 01:53:57,921 [pool-1021-thread-1] INFO  server.RaftServerConfigKeys (ConfUtils.java:logGet(44)) - raft.server.log.segment.size.max = 1048576 (custom)
2020-12-18 01:53:57,922 [pool-1021-thread-1] INFO  server.RaftServerConfigKeys (ConfUtils.java:logGet(44)) - raft.server.log.segment.cache.num.max = 2 (custom)
2020-12-18 01:53:57,922 [pool-1021-thread-1] INFO  segmented.SegmentedRaftLogWorker (SegmentedRaftLogWorker.java:<init>(180)) - new 79194d7f-2e7e-4e4e-9d5e-674d7d919289@group-38CB54CFF45F-SegmentedRaftLogWorker for RaftStorage:Storage Directory /github/workspace/mnt/ozone/hadoop-ozone/integration-test/target/test-dir/MiniOzoneClusterImpl-3835dc27-2ffb-44b9-9ba4-3f027f37039b/datanode-2/data/ratis/59f714b7-7708-4c38-92ec-38cb54cff45f
2020-12-18 01:53:57,922 [pool-1021-thread-1] INFO  server.RaftServerConfigKeys (ConfUtils.java:logGet(44)) - raft.server.log.queue.byte-limit = 2147483647 (custom)
2020-12-18 01:53:57,922 [pool-1021-thread-1] INFO  server.RaftServerConfigKeys (ConfUtils.java:logGet(44)) - raft.server.log.queue.element-limit = 1024 (custom)
2020-12-18 01:53:57,922 [pool-1021-thread-1] INFO  server.RaftServerConfigKeys (ConfUtils.java:logGet(44)) - raft.server.log.segment.size.max = 1048576 (custom)
2020-12-18 01:53:57,922 [pool-1021-thread-1] INFO  server.RaftServerConfigKeys (ConfUtils.java:logGet(44)) - raft.server.log.preallocated.size = 16384 (custom)
2020-12-18 01:53:57,923 [pool-1021-thread-1] INFO  server.RaftServerConfigKeys (ConfUtils.java:logGet(44)) - raft.server.log.write.buffer.size = 1048576 (custom)
2020-12-18 01:53:57,923 [pool-1021-thread-1] INFO  server.RaftServerConfigKeys (ConfUtils.java:logGet(44)) - raft.server.log.force.sync.num = 128 (default)
2020-12-18 01:53:57,923 [pool-1021-thread-1] INFO  server.RaftServerConfigKeys (ConfUtils.java:logGet(44)) - raft.server.log.statemachine.data.sync = true (default)
2020-12-18 01:53:57,923 [pool-1021-thread-1] INFO  server.RaftServerConfigKeys (ConfUtils.java:logGet(44)) - raft.server.log.statemachine.data.sync.timeout = 10s (default)
2020-12-18 01:53:57,923 [pool-1021-thread-1] INFO  server.RaftServerConfigKeys (ConfUtils.java:logGet(44)) - raft.server.log.statemachine.data.sync.timeout.retry = -1 (default)
2020-12-18 01:53:57,923 [EventQueue-PipelineReportForOneReplicaPipelineSafeModeRule] INFO  safemode.SCMSafeModeManager (SCMSafeModeManager.java:validateSafeModeExitRules(214)) - AtleastOneDatanodeReportedRule rule is successfully validated
2020-12-18 01:53:57,923 [EventQueue-PipelineReportForPipelineReportHandler] INFO  pipeline.PipelineStateManager (PipelineStateManager.java:openPipeline(132)) - Pipeline Pipeline[ Id: 59f714b7-7708-4c38-92ec-38cb54cff45f, Nodes: 79194d7f-2e7e-4e4e-9d5e-674d7d919289{ip: 172.17.0.2, host: 1fad9502c7b4, networkLocation: /default-rack, certSerialId: null, persistedOpState: IN_SERVICE, persistedOpStateExpiryEpochSec: 0}, Type:RATIS, Factor:ONE, State:ALLOCATED, leaderId:79194d7f-2e7e-4e4e-9d5e-674d7d919289, CreationTimestamp2020-12-18T01:53:54.847Z] moved to OPEN state
2020-12-18 01:53:57,924 [EventQueue-OpenPipelineForHealthyPipelineSafeModeRule] INFO  safemode.SCMSafeModeManager (HealthyPipelineSafeModeRule.java:process(128)) - SCM in safe mode. Healthy pipelines reported count is 0, required healthy pipeline reported count is 1
2020-12-18 01:53:57,925 [pool-1021-thread-1] INFO  server.RaftServerConfigKeys (ConfUtils.java:logGet(44)) - raft.server.log.statemachine.data.caching.enabled = true (custom)
2020-12-18 01:53:57,926 [pool-1021-thread-1] INFO  segmented.SegmentedRaftLogWorker (SegmentedRaftLogWorker.java:lambda$new$0(129)) - 79194d7f-2e7e-4e4e-9d5e-674d7d919289@group-38CB54CFF45F-SegmentedRaftLogWorker: flushIndex: setUnconditionally 0 -> -1
2020-12-18 01:53:57,926 [pool-1021-thread-1] INFO  segmented.SegmentedRaftLogWorker (SegmentedRaftLogWorker.java:lambda$new$0(129)) - 79194d7f-2e7e-4e4e-9d5e-674d7d919289@group-38CB54CFF45F-SegmentedRaftLogWorker: safeCacheEvictIndex: setUnconditionally 0 -> -1
2020-12-18 01:53:57,928 [pool-1021-thread-1] INFO  server.RaftServerConfigKeys (ConfUtils.java:logGet(44)) - raft.server.snapshot.auto.trigger.enabled = true (custom)
2020-12-18 01:53:57,929 [pool-1021-thread-1] INFO  server.RaftServerConfigKeys (ConfUtils.java:logGet(44)) - raft.server.snapshot.auto.trigger.threshold = 10000 (custom)
2020-12-18 01:53:57,929 [pool-1021-thread-1] INFO  server.RaftServerConfigKeys (ConfUtils.java:logGet(44)) - raft.server.snapshot.retention.file.num = 5 (custom)
2020-12-18 01:53:57,929 [pool-1021-thread-1] INFO  server.RaftServerConfigKeys (ConfUtils.java:logGet(44)) - raft.server.log.purge.upto.snapshot.index = false (default)
2020-12-18 01:53:57,929 [pool-1021-thread-1] INFO  server.RaftServerConfigKeys (ConfUtils.java:logGet(44)) - raft.server.retrycache.expirytime = 600000ms (custom)
2020-12-18 01:53:57,929 [pool-1021-thread-1] INFO  metrics.RatisMetrics (RatisMetrics.java:lambda$create$0(36)) - Creating Metrics Registry : ratis.leader_election.79194d7f-2e7e-4e4e-9d5e-674d7d919289@group-38CB54CFF45F
2020-12-18 01:53:57,929 [pool-1021-thread-1] INFO  metrics.RatisMetrics (RatisMetrics.java:lambda$create$0(36)) - Creating Metrics Registry : ratis.server.79194d7f-2e7e-4e4e-9d5e-674d7d919289@group-38CB54CFF45F
2020-12-18 01:53:57,931 [pool-1021-thread-1] INFO  impl.RaftServerImpl (RaftServerImpl.java:start(215)) - 79194d7f-2e7e-4e4e-9d5e-674d7d919289@group-1B93CE588544: start as a follower, conf=-1: [53ca8b2c-5b6c-4f43-832a-400784fc22d8|rpc:172.17.0.2:46217|dataStream:, 79194d7f-2e7e-4e4e-9d5e-674d7d919289|rpc:172.17.0.2:45263|dataStream:, 2ed54bf1-42e1-44fc-9c0b-5e6eea7347b7|rpc:172.17.0.2:37299|dataStream:], old=null
2020-12-18 01:53:57,931 [pool-1021-thread-1] INFO  impl.RaftServerImpl (RaftServerImpl.java:setRole(204)) - 79194d7f-2e7e-4e4e-9d5e-674d7d919289@group-1B93CE588544: changes role from      null to FOLLOWER at term 0 for startAsFollower
2020-12-18 01:53:57,931 [pool-1021-thread-1] INFO  impl.RoleInfo (RoleInfo.java:updateAndGet(143)) - 79194d7f-2e7e-4e4e-9d5e-674d7d919289: start 79194d7f-2e7e-4e4e-9d5e-674d7d919289@group-1B93CE588544-FollowerState
2020-12-18 01:53:57,931 [pool-1021-thread-1] INFO  util.JmxRegister (JmxRegister.java:tryRegister(44)) - Successfully registered JMX Bean with object name Ratis:service=RaftServer,group=group-1B93CE588544,id=79194d7f-2e7e-4e4e-9d5e-674d7d919289
2020-12-18 01:53:57,931 [pool-1021-thread-1] INFO  metrics.RatisMetrics (RatisMetrics.java:lambda$create$0(36)) - Creating Metrics Registry : ratis.state_machine.79194d7f-2e7e-4e4e-9d5e-674d7d919289@group-1B93CE588544
2020-12-18 01:53:57,932 [pool-1021-thread-1] INFO  impl.RaftServerImpl (RaftServerImpl.java:start(215)) - 79194d7f-2e7e-4e4e-9d5e-674d7d919289@group-38CB54CFF45F: start as a follower, conf=-1: [79194d7f-2e7e-4e4e-9d5e-674d7d919289|rpc:172.17.0.2:45263], old=null
2020-12-18 01:53:57,932 [pool-1021-thread-1] INFO  impl.RaftServerImpl (RaftServerImpl.java:setRole(204)) - 79194d7f-2e7e-4e4e-9d5e-674d7d919289@group-38CB54CFF45F: changes role from      null to FOLLOWER at term 0 for startAsFollower
2020-12-18 01:53:57,932 [pool-1021-thread-1] INFO  impl.RoleInfo (RoleInfo.java:updateAndGet(143)) - 79194d7f-2e7e-4e4e-9d5e-674d7d919289: start 79194d7f-2e7e-4e4e-9d5e-674d7d919289@group-38CB54CFF45F-FollowerState
2020-12-18 01:53:57,934 [Command processor thread] INFO  commandhandler.CreatePipelineCommandHandler (CreatePipelineCommandHandler.java:handle(106)) - Created Pipeline RATIS THREE PipelineID=a90a8c13-2500-4eb3-b043-1b93ce588544.
2020-12-18 01:53:57,934 [pool-1021-thread-1] INFO  util.JmxRegister (JmxRegister.java:tryRegister(44)) - Successfully registered JMX Bean with object name Ratis:service=RaftServer,group=group-38CB54CFF45F,id=79194d7f-2e7e-4e4e-9d5e-674d7d919289
2020-12-18 01:53:57,934 [pool-1021-thread-1] INFO  metrics.RatisMetrics (RatisMetrics.java:lambda$create$0(36)) - Creating Metrics Registry : ratis.state_machine.79194d7f-2e7e-4e4e-9d5e-674d7d919289@group-38CB54CFF45F
2020-12-18 01:53:57,935 [Command processor thread] INFO  commandhandler.CreatePipelineCommandHandler (CreatePipelineCommandHandler.java:handle(106)) - Created Pipeline RATIS ONE PipelineID=59f714b7-7708-4c38-92ec-38cb54cff45f.
2020-12-18 01:53:58,021 [Command processor thread] INFO  impl.RaftServerProxy (RaftServerProxy.java:addNew(93)) - f3bcc9d7-8a28-4733-a3d2-9ac8d8ec4839: addNew group-41EC84FBA706:[f3bcc9d7-8a28-4733-a3d2-9ac8d8ec4839|rpc:172.17.0.2:42875] returns group-41EC84FBA706:java.util.concurrent.CompletableFuture@732ebe8c[Not completed]
2020-12-18 01:53:58,022 [EventQueue-PipelineReportForOneReplicaPipelineSafeModeRule] INFO  safemode.SCMSafeModeManager (SCMSafeModeManager.java:validateSafeModeExitRules(214)) - AtleastOneDatanodeReportedRule rule is successfully validated
2020-12-18 01:53:58,022 [pool-1037-thread-1] INFO  impl.RaftServerImpl (RaftServerImpl.java:<init>(121)) - f3bcc9d7-8a28-4733-a3d2-9ac8d8ec4839: new RaftServerImpl for group-41EC84FBA706:[f3bcc9d7-8a28-4733-a3d2-9ac8d8ec4839|rpc:172.17.0.2:42875] with ContainerStateMachine:uninitialized
2020-12-18 01:53:58,022 [pool-1037-thread-1] INFO  server.RaftServerConfigKeys (ConfUtils.java:logGet(44)) - raft.server.rpc.timeout.min = 5s (custom)
2020-12-18 01:53:58,022 [pool-1037-thread-1] INFO  server.RaftServerConfigKeys (ConfUtils.java:logGet(44)) - raft.server.rpc.timeout.max = 5200ms (custom)
2020-12-18 01:53:58,022 [pool-1037-thread-1] INFO  server.RaftServerConfigKeys (ConfUtils.java:logGet(44)) - raft.server.rpc.slowness.timeout = 300s (custom)
2020-12-18 01:53:58,022 [pool-1037-thread-1] INFO  server.RaftServerConfigKeys (ConfUtils.java:logGet(44)) - raft.server.leaderelection.leader.step-down.wait-time = 10s (default)
2020-12-18 01:53:58,022 [pool-1037-thread-1] INFO  server.RaftServerConfigKeys (ConfUtils.java:logGet(44)) - raft.server.sleep.deviation.threshold = 300 (default)
2020-12-18 01:53:58,023 [pool-1037-thread-1] INFO  server.RaftServerConfigKeys (ConfUtils.java:logGet(44)) - raft.server.log.appender.install.snapshot.enabled = false (custom)
2020-12-18 01:53:58,023 [pool-1037-thread-1] INFO  impl.RaftServerImpl (ServerState.java:<init>(104)) - f3bcc9d7-8a28-4733-a3d2-9ac8d8ec4839@group-41EC84FBA706: ConfigurationManager, init=-1: [f3bcc9d7-8a28-4733-a3d2-9ac8d8ec4839|rpc:172.17.0.2:42875], old=null, confs=<EMPTY_MAP>
2020-12-18 01:53:58,023 [pool-1037-thread-1] INFO  server.RaftServerConfigKeys (ConfUtils.java:logGet(44)) - raft.server.storage.dir = [/github/workspace/mnt/ozone/hadoop-ozone/integration-test/target/test-dir/MiniOzoneClusterImpl-3835dc27-2ffb-44b9-9ba4-3f027f37039b/datanode-3/data/ratis] (custom)
2020-12-18 01:53:58,023 [pool-1037-thread-1] INFO  server.RaftServerConfigKeys (ConfUtils.java:logGet(44)) - raft.server.log.corruption.policy = EXCEPTION (default)
2020-12-18 01:53:58,023 [pool-1037-thread-1] INFO  storage.RaftStorageDirectory (RaftStorageDirectory.java:analyzeStorage(261)) - The storage directory /github/workspace/mnt/ozone/hadoop-ozone/integration-test/target/test-dir/MiniOzoneClusterImpl-3835dc27-2ffb-44b9-9ba4-3f027f37039b/datanode-3/data/ratis/fda6b517-766f-4501-be05-41ec84fba706 does not exist. Creating ...
2020-12-18 01:53:58,024 [pool-1037-thread-1] INFO  storage.RaftStorageDirectory (RaftStorageDirectory.java:tryLock(343)) - Lock on /github/workspace/mnt/ozone/hadoop-ozone/integration-test/target/test-dir/MiniOzoneClusterImpl-3835dc27-2ffb-44b9-9ba4-3f027f37039b/datanode-3/data/ratis/fda6b517-766f-4501-be05-41ec84fba706/in_use.lock acquired by nodename 9953@1fad9502c7b4
2020-12-18 01:53:58,025 [pool-1037-thread-1] INFO  storage.RaftStorage (RaftStorage.java:format(85)) - Storage directory /github/workspace/mnt/ozone/hadoop-ozone/integration-test/target/test-dir/MiniOzoneClusterImpl-3835dc27-2ffb-44b9-9ba4-3f027f37039b/datanode-3/data/ratis/fda6b517-766f-4501-be05-41ec84fba706 has been successfully formatted.
2020-12-18 01:53:58,025 [pool-1037-thread-1] INFO  ratis.ContainerStateMachine (ContainerStateMachine.java:loadSnapshot(225)) - group-41EC84FBA706: The snapshot info is null. Setting the last applied indexto:(t:0, i:~)
2020-12-18 01:53:58,025 [pool-1037-thread-1] INFO  server.RaftServerConfigKeys (ConfUtils.java:logGet(44)) - raft.server.notification.no-leader.timeout = 300s (custom)
2020-12-18 01:53:58,025 [pool-1037-thread-1] INFO  server.RaftServerConfigKeys (ConfUtils.java:logGet(44)) - raft.server.log.use.memory = false (default)
2020-12-18 01:53:58,025 [pool-1037-thread-1] INFO  server.RaftServerConfigKeys (ConfUtils.java:logGet(44)) - raft.server.log.purge.gap = 1000000 (custom)
2020-12-18 01:53:58,026 [EventQueue-PipelineReportForPipelineReportHandler] INFO  pipeline.PipelineStateManager (PipelineStateManager.java:openPipeline(132)) - Pipeline Pipeline[ Id: fda6b517-766f-4501-be05-41ec84fba706, Nodes: f3bcc9d7-8a28-4733-a3d2-9ac8d8ec4839{ip: 172.17.0.2, host: 1fad9502c7b4, networkLocation: /default-rack, certSerialId: null, persistedOpState: IN_SERVICE, persistedOpStateExpiryEpochSec: 0}, Type:RATIS, Factor:ONE, State:ALLOCATED, leaderId:f3bcc9d7-8a28-4733-a3d2-9ac8d8ec4839, CreationTimestamp2020-12-18T01:53:55.022Z] moved to OPEN state
2020-12-18 01:53:58,026 [pool-1037-thread-1] INFO  metrics.RatisMetrics (RatisMetrics.java:lambda$create$0(36)) - Creating Metrics Registry : ratis.log_worker.f3bcc9d7-8a28-4733-a3d2-9ac8d8ec4839@group-41EC84FBA706
2020-12-18 01:53:58,026 [EventQueue-OpenPipelineForHealthyPipelineSafeModeRule] INFO  safemode.SCMSafeModeManager (HealthyPipelineSafeModeRule.java:process(128)) - SCM in safe mode. Healthy pipelines reported count is 0, required healthy pipeline reported count is 1
2020-12-18 01:53:58,026 [pool-1037-thread-1] INFO  server.RaftServerConfigKeys (ConfUtils.java:logGet(44)) - raft.server.log.appender.buffer.byte-limit = 33554432 (custom)
2020-12-18 01:53:58,026 [pool-1037-thread-1] INFO  server.RaftServerConfigKeys (ConfUtils.java:logGet(44)) - raft.server.log.segment.size.max = 1048576 (custom)
2020-12-18 01:53:58,026 [EventQueue-PipelineReportForOneReplicaPipelineSafeModeRule] INFO  safemode.SCMSafeModeManager (SCMSafeModeManager.java:validateSafeModeExitRules(214)) - AtleastOneDatanodeReportedRule rule is successfully validated
2020-12-18 01:53:58,027 [pool-1037-thread-1] INFO  server.RaftServerConfigKeys (ConfUtils.java:logGet(44)) - raft.server.log.segment.cache.num.max = 2 (custom)
2020-12-18 01:53:58,027 [pool-1037-thread-1] INFO  segmented.SegmentedRaftLogWorker (SegmentedRaftLogWorker.java:<init>(180)) - new f3bcc9d7-8a28-4733-a3d2-9ac8d8ec4839@group-41EC84FBA706-SegmentedRaftLogWorker for RaftStorage:Storage Directory /github/workspace/mnt/ozone/hadoop-ozone/integration-test/target/test-dir/MiniOzoneClusterImpl-3835dc27-2ffb-44b9-9ba4-3f027f37039b/datanode-3/data/ratis/fda6b517-766f-4501-be05-41ec84fba706
2020-12-18 01:53:58,027 [pool-1037-thread-1] INFO  server.RaftServerConfigKeys (ConfUtils.java:logGet(44)) - raft.server.log.queue.byte-limit = 2147483647 (custom)
2020-12-18 01:53:58,027 [pool-1037-thread-1] INFO  server.RaftServerConfigKeys (ConfUtils.java:logGet(44)) - raft.server.log.queue.element-limit = 1024 (custom)
2020-12-18 01:53:58,027 [pool-1037-thread-1] INFO  server.RaftServerConfigKeys (ConfUtils.java:logGet(44)) - raft.server.log.segment.size.max = 1048576 (custom)
2020-12-18 01:53:58,027 [pool-1037-thread-1] INFO  server.RaftServerConfigKeys (ConfUtils.java:logGet(44)) - raft.server.log.preallocated.size = 16384 (custom)
2020-12-18 01:53:58,027 [pool-1037-thread-1] INFO  server.RaftServerConfigKeys (ConfUtils.java:logGet(44)) - raft.server.log.write.buffer.size = 1048576 (custom)
2020-12-18 01:53:58,027 [pool-1037-thread-1] INFO  server.RaftServerConfigKeys (ConfUtils.java:logGet(44)) - raft.server.log.force.sync.num = 128 (default)
2020-12-18 01:53:58,027 [pool-1037-thread-1] INFO  server.RaftServerConfigKeys (ConfUtils.java:logGet(44)) - raft.server.log.statemachine.data.sync = true (default)
2020-12-18 01:53:58,027 [pool-1037-thread-1] INFO  server.RaftServerConfigKeys (ConfUtils.java:logGet(44)) - raft.server.log.statemachine.data.sync.timeout = 10s (default)
2020-12-18 01:53:58,027 [pool-1037-thread-1] INFO  server.RaftServerConfigKeys (ConfUtils.java:logGet(44)) - raft.server.log.statemachine.data.sync.timeout.retry = -1 (default)
2020-12-18 01:53:58,030 [pool-1037-thread-1] INFO  server.RaftServerConfigKeys (ConfUtils.java:logGet(44)) - raft.server.log.statemachine.data.caching.enabled = true (custom)
2020-12-18 01:53:58,030 [pool-1037-thread-1] INFO  segmented.SegmentedRaftLogWorker (SegmentedRaftLogWorker.java:lambda$new$0(129)) - f3bcc9d7-8a28-4733-a3d2-9ac8d8ec4839@group-41EC84FBA706-SegmentedRaftLogWorker: flushIndex: setUnconditionally 0 -> -1
2020-12-18 01:53:58,030 [pool-1037-thread-1] INFO  segmented.SegmentedRaftLogWorker (SegmentedRaftLogWorker.java:lambda$new$0(129)) - f3bcc9d7-8a28-4733-a3d2-9ac8d8ec4839@group-41EC84FBA706-SegmentedRaftLogWorker: safeCacheEvictIndex: setUnconditionally 0 -> -1
2020-12-18 01:53:58,030 [pool-1037-thread-1] INFO  server.RaftServerConfigKeys (ConfUtils.java:logGet(44)) - raft.server.snapshot.auto.trigger.enabled = true (custom)
2020-12-18 01:53:58,030 [pool-1037-thread-1] INFO  server.RaftServerConfigKeys (ConfUtils.java:logGet(44)) - raft.server.snapshot.auto.trigger.threshold = 10000 (custom)
2020-12-18 01:53:58,030 [pool-1037-thread-1] INFO  server.RaftServerConfigKeys (ConfUtils.java:logGet(44)) - raft.server.snapshot.retention.file.num = 5 (custom)
2020-12-18 01:53:58,030 [pool-1037-thread-1] INFO  server.RaftServerConfigKeys (ConfUtils.java:logGet(44)) - raft.server.log.purge.upto.snapshot.index = false (default)
2020-12-18 01:53:58,031 [pool-1037-thread-1] INFO  server.RaftServerConfigKeys (ConfUtils.java:logGet(44)) - raft.server.retrycache.expirytime = 600000ms (custom)
2020-12-18 01:53:58,031 [pool-1037-thread-1] INFO  metrics.RatisMetrics (RatisMetrics.java:lambda$create$0(36)) - Creating Metrics Registry : ratis.leader_election.f3bcc9d7-8a28-4733-a3d2-9ac8d8ec4839@group-41EC84FBA706
2020-12-18 01:53:58,031 [pool-1037-thread-1] INFO  metrics.RatisMetrics (RatisMetrics.java:lambda$create$0(36)) - Creating Metrics Registry : ratis.server.f3bcc9d7-8a28-4733-a3d2-9ac8d8ec4839@group-41EC84FBA706
2020-12-18 01:53:58,033 [pool-1037-thread-1] INFO  impl.RaftServerImpl (RaftServerImpl.java:start(215)) - f3bcc9d7-8a28-4733-a3d2-9ac8d8ec4839@group-41EC84FBA706: start as a follower, conf=-1: [f3bcc9d7-8a28-4733-a3d2-9ac8d8ec4839|rpc:172.17.0.2:42875], old=null
2020-12-18 01:53:58,033 [pool-1037-thread-1] INFO  impl.RaftServerImpl (RaftServerImpl.java:setRole(204)) - f3bcc9d7-8a28-4733-a3d2-9ac8d8ec4839@group-41EC84FBA706: changes role from      null to FOLLOWER at term 0 for startAsFollower
2020-12-18 01:53:58,033 [pool-1037-thread-1] INFO  impl.RoleInfo (RoleInfo.java:updateAndGet(143)) - f3bcc9d7-8a28-4733-a3d2-9ac8d8ec4839: start f3bcc9d7-8a28-4733-a3d2-9ac8d8ec4839@group-41EC84FBA706-FollowerState
2020-12-18 01:53:58,033 [pool-1037-thread-1] INFO  util.JmxRegister (JmxRegister.java:tryRegister(44)) - Successfully registered JMX Bean with object name Ratis:service=RaftServer,group=group-41EC84FBA706,id=f3bcc9d7-8a28-4733-a3d2-9ac8d8ec4839
2020-12-18 01:53:58,033 [pool-1037-thread-1] INFO  metrics.RatisMetrics (RatisMetrics.java:lambda$create$0(36)) - Creating Metrics Registry : ratis.state_machine.f3bcc9d7-8a28-4733-a3d2-9ac8d8ec4839@group-41EC84FBA706
2020-12-18 01:53:58,034 [Command processor thread] INFO  commandhandler.CreatePipelineCommandHandler (CreatePipelineCommandHandler.java:handle(106)) - Created Pipeline RATIS ONE PipelineID=fda6b517-766f-4501-be05-41ec84fba706.
2020-12-18 01:53:58,034 [Command processor thread] INFO  impl.RaftServerProxy (RaftServerProxy.java:addNew(93)) - f3bcc9d7-8a28-4733-a3d2-9ac8d8ec4839: addNew group-86955E6C43EB:[faa011ac-180a-4f85-bd7b-e6120f6873d8|rpc:172.17.0.2:40127, 4b858060-13e7-4e84-85d4-2e7a0c2691a5|rpc:172.17.0.2:40413, f3bcc9d7-8a28-4733-a3d2-9ac8d8ec4839|rpc:172.17.0.2:42875] returns group-86955E6C43EB:java.util.concurrent.CompletableFuture@77113431[Not completed]
2020-12-18 01:53:58,035 [pool-1037-thread-1] INFO  impl.RaftServerImpl (RaftServerImpl.java:<init>(121)) - f3bcc9d7-8a28-4733-a3d2-9ac8d8ec4839: new RaftServerImpl for group-86955E6C43EB:[faa011ac-180a-4f85-bd7b-e6120f6873d8|rpc:172.17.0.2:40127, 4b858060-13e7-4e84-85d4-2e7a0c2691a5|rpc:172.17.0.2:40413, f3bcc9d7-8a28-4733-a3d2-9ac8d8ec4839|rpc:172.17.0.2:42875] with ContainerStateMachine:uninitialized
2020-12-18 01:53:58,035 [pool-1037-thread-1] INFO  server.RaftServerConfigKeys (ConfUtils.java:logGet(44)) - raft.server.rpc.timeout.min = 5s (custom)
2020-12-18 01:53:58,035 [pool-1037-thread-1] INFO  server.RaftServerConfigKeys (ConfUtils.java:logGet(44)) - raft.server.rpc.timeout.max = 5200ms (custom)
2020-12-18 01:53:58,035 [pool-1037-thread-1] INFO  server.RaftServerConfigKeys (ConfUtils.java:logGet(44)) - raft.server.rpc.slowness.timeout = 300s (custom)
2020-12-18 01:53:58,035 [pool-1037-thread-1] INFO  server.RaftServerConfigKeys (ConfUtils.java:logGet(44)) - raft.server.leaderelection.leader.step-down.wait-time = 10s (default)
2020-12-18 01:53:58,035 [pool-1037-thread-1] INFO  server.RaftServerConfigKeys (ConfUtils.java:logGet(44)) - raft.server.sleep.deviation.threshold = 300 (default)
2020-12-18 01:53:58,035 [pool-1037-thread-1] INFO  server.RaftServerConfigKeys (ConfUtils.java:logGet(44)) - raft.server.log.appender.install.snapshot.enabled = false (custom)
2020-12-18 01:53:58,035 [pool-1037-thread-1] INFO  impl.RaftServerImpl (ServerState.java:<init>(104)) - f3bcc9d7-8a28-4733-a3d2-9ac8d8ec4839@group-86955E6C43EB: ConfigurationManager, init=-1: [faa011ac-180a-4f85-bd7b-e6120f6873d8|rpc:172.17.0.2:40127, 4b858060-13e7-4e84-85d4-2e7a0c2691a5|rpc:172.17.0.2:40413, f3bcc9d7-8a28-4733-a3d2-9ac8d8ec4839|rpc:172.17.0.2:42875], old=null, confs=<EMPTY_MAP>
2020-12-18 01:53:58,035 [pool-1037-thread-1] INFO  server.RaftServerConfigKeys (ConfUtils.java:logGet(44)) - raft.server.storage.dir = [/github/workspace/mnt/ozone/hadoop-ozone/integration-test/target/test-dir/MiniOzoneClusterImpl-3835dc27-2ffb-44b9-9ba4-3f027f37039b/datanode-3/data/ratis] (custom)
2020-12-18 01:53:58,035 [pool-1037-thread-1] INFO  server.RaftServerConfigKeys (ConfUtils.java:logGet(44)) - raft.server.log.corruption.policy = EXCEPTION (default)
2020-12-18 01:53:58,037 [pool-1037-thread-1] INFO  storage.RaftStorageDirectory (RaftStorageDirectory.java:analyzeStorage(261)) - The storage directory /github/workspace/mnt/ozone/hadoop-ozone/integration-test/target/test-dir/MiniOzoneClusterImpl-3835dc27-2ffb-44b9-9ba4-3f027f37039b/datanode-3/data/ratis/1cbfd3d2-6a33-4270-be02-86955e6c43eb does not exist. Creating ...
2020-12-18 01:53:58,038 [pool-1037-thread-1] INFO  storage.RaftStorageDirectory (RaftStorageDirectory.java:tryLock(343)) - Lock on /github/workspace/mnt/ozone/hadoop-ozone/integration-test/target/test-dir/MiniOzoneClusterImpl-3835dc27-2ffb-44b9-9ba4-3f027f37039b/datanode-3/data/ratis/1cbfd3d2-6a33-4270-be02-86955e6c43eb/in_use.lock acquired by nodename 9953@1fad9502c7b4
2020-12-18 01:53:58,038 [pool-1037-thread-1] INFO  storage.RaftStorage (RaftStorage.java:format(85)) - Storage directory /github/workspace/mnt/ozone/hadoop-ozone/integration-test/target/test-dir/MiniOzoneClusterImpl-3835dc27-2ffb-44b9-9ba4-3f027f37039b/datanode-3/data/ratis/1cbfd3d2-6a33-4270-be02-86955e6c43eb has been successfully formatted.
2020-12-18 01:53:58,038 [pool-1037-thread-1] INFO  ratis.ContainerStateMachine (ContainerStateMachine.java:loadSnapshot(225)) - group-86955E6C43EB: The snapshot info is null. Setting the last applied indexto:(t:0, i:~)
2020-12-18 01:53:58,039 [pool-1037-thread-1] INFO  server.RaftServerConfigKeys (ConfUtils.java:logGet(44)) - raft.server.notification.no-leader.timeout = 300s (custom)
2020-12-18 01:53:58,039 [pool-1037-thread-1] INFO  server.RaftServerConfigKeys (ConfUtils.java:logGet(44)) - raft.server.log.use.memory = false (default)
2020-12-18 01:53:58,039 [pool-1037-thread-1] INFO  server.RaftServerConfigKeys (ConfUtils.java:logGet(44)) - raft.server.log.purge.gap = 1000000 (custom)
2020-12-18 01:53:58,039 [pool-1037-thread-1] INFO  metrics.RatisMetrics (RatisMetrics.java:lambda$create$0(36)) - Creating Metrics Registry : ratis.log_worker.f3bcc9d7-8a28-4733-a3d2-9ac8d8ec4839@group-86955E6C43EB
2020-12-18 01:53:58,039 [EventQueue-OpenPipelineForHealthyPipelineSafeModeRule] INFO  safemode.SCMSafeModeManager (HealthyPipelineSafeModeRule.java:process(128)) - SCM in safe mode. Healthy pipelines reported count is 0, required healthy pipeline reported count is 1
2020-12-18 01:53:58,039 [EventQueue-PipelineReportForOneReplicaPipelineSafeModeRule] INFO  safemode.SCMSafeModeManager (SCMSafeModeManager.java:validateSafeModeExitRules(214)) - AtleastOneDatanodeReportedRule rule is successfully validated
2020-12-18 01:53:58,039 [pool-1037-thread-1] INFO  server.RaftServerConfigKeys (ConfUtils.java:logGet(44)) - raft.server.log.appender.buffer.byte-limit = 33554432 (custom)
2020-12-18 01:53:58,039 [pool-1037-thread-1] INFO  server.RaftServerConfigKeys (ConfUtils.java:logGet(44)) - raft.server.log.segment.size.max = 1048576 (custom)
2020-12-18 01:53:58,040 [pool-1037-thread-1] INFO  server.RaftServerConfigKeys (ConfUtils.java:logGet(44)) - raft.server.log.segment.cache.num.max = 2 (custom)
2020-12-18 01:53:58,040 [pool-1037-thread-1] INFO  segmented.SegmentedRaftLogWorker (SegmentedRaftLogWorker.java:<init>(180)) - new f3bcc9d7-8a28-4733-a3d2-9ac8d8ec4839@group-86955E6C43EB-SegmentedRaftLogWorker for RaftStorage:Storage Directory /github/workspace/mnt/ozone/hadoop-ozone/integration-test/target/test-dir/MiniOzoneClusterImpl-3835dc27-2ffb-44b9-9ba4-3f027f37039b/datanode-3/data/ratis/1cbfd3d2-6a33-4270-be02-86955e6c43eb
2020-12-18 01:53:58,040 [pool-1037-thread-1] INFO  server.RaftServerConfigKeys (ConfUtils.java:logGet(44)) - raft.server.log.queue.byte-limit = 2147483647 (custom)
2020-12-18 01:53:58,040 [pool-1037-thread-1] INFO  server.RaftServerConfigKeys (ConfUtils.java:logGet(44)) - raft.server.log.queue.element-limit = 1024 (custom)
2020-12-18 01:53:58,040 [pool-1037-thread-1] INFO  server.RaftServerConfigKeys (ConfUtils.java:logGet(44)) - raft.server.log.segment.size.max = 1048576 (custom)
2020-12-18 01:53:58,040 [pool-1037-thread-1] INFO  server.RaftServerConfigKeys (ConfUtils.java:logGet(44)) - raft.server.log.preallocated.size = 16384 (custom)
2020-12-18 01:53:58,040 [pool-1037-thread-1] INFO  server.RaftServerConfigKeys (ConfUtils.java:logGet(44)) - raft.server.log.write.buffer.size = 1048576 (custom)
2020-12-18 01:53:58,040 [pool-1037-thread-1] INFO  server.RaftServerConfigKeys (ConfUtils.java:logGet(44)) - raft.server.log.force.sync.num = 128 (default)
2020-12-18 01:53:58,040 [pool-1037-thread-1] INFO  server.RaftServerConfigKeys (ConfUtils.java:logGet(44)) - raft.server.log.statemachine.data.sync = true (default)
2020-12-18 01:53:58,040 [pool-1037-thread-1] INFO  server.RaftServerConfigKeys (ConfUtils.java:logGet(44)) - raft.server.log.statemachine.data.sync.timeout = 10s (default)
2020-12-18 01:53:58,040 [pool-1037-thread-1] INFO  server.RaftServerConfigKeys (ConfUtils.java:logGet(44)) - raft.server.log.statemachine.data.sync.timeout.retry = -1 (default)
2020-12-18 01:53:58,042 [pool-1037-thread-1] INFO  server.RaftServerConfigKeys (ConfUtils.java:logGet(44)) - raft.server.log.statemachine.data.caching.enabled = true (custom)
2020-12-18 01:53:58,042 [pool-1037-thread-1] INFO  segmented.SegmentedRaftLogWorker (SegmentedRaftLogWorker.java:lambda$new$0(129)) - f3bcc9d7-8a28-4733-a3d2-9ac8d8ec4839@group-86955E6C43EB-SegmentedRaftLogWorker: flushIndex: setUnconditionally 0 -> -1
2020-12-18 01:53:58,043 [pool-1037-thread-1] INFO  segmented.SegmentedRaftLogWorker (SegmentedRaftLogWorker.java:lambda$new$0(129)) - f3bcc9d7-8a28-4733-a3d2-9ac8d8ec4839@group-86955E6C43EB-SegmentedRaftLogWorker: safeCacheEvictIndex: setUnconditionally 0 -> -1
2020-12-18 01:53:58,043 [pool-1037-thread-1] INFO  server.RaftServerConfigKeys (ConfUtils.java:logGet(44)) - raft.server.snapshot.auto.trigger.enabled = true (custom)
2020-12-18 01:53:58,043 [pool-1037-thread-1] INFO  server.RaftServerConfigKeys (ConfUtils.java:logGet(44)) - raft.server.snapshot.auto.trigger.threshold = 10000 (custom)
2020-12-18 01:53:58,043 [pool-1037-thread-1] INFO  server.RaftServerConfigKeys (ConfUtils.java:logGet(44)) - raft.server.snapshot.retention.file.num = 5 (custom)
2020-12-18 01:53:58,043 [pool-1037-thread-1] INFO  server.RaftServerConfigKeys (ConfUtils.java:logGet(44)) - raft.server.log.purge.upto.snapshot.index = false (default)
2020-12-18 01:53:58,043 [pool-1037-thread-1] INFO  server.RaftServerConfigKeys (ConfUtils.java:logGet(44)) - raft.server.retrycache.expirytime = 600000ms (custom)
2020-12-18 01:53:58,043 [pool-1037-thread-1] INFO  metrics.RatisMetrics (RatisMetrics.java:lambda$create$0(36)) - Creating Metrics Registry : ratis.leader_election.f3bcc9d7-8a28-4733-a3d2-9ac8d8ec4839@group-86955E6C43EB
2020-12-18 01:53:58,044 [pool-1037-thread-1] INFO  metrics.RatisMetrics (RatisMetrics.java:lambda$create$0(36)) - Creating Metrics Registry : ratis.server.f3bcc9d7-8a28-4733-a3d2-9ac8d8ec4839@group-86955E6C43EB
2020-12-18 01:53:58,045 [pool-1037-thread-1] INFO  impl.RaftServerImpl (RaftServerImpl.java:start(215)) - f3bcc9d7-8a28-4733-a3d2-9ac8d8ec4839@group-86955E6C43EB: start as a follower, conf=-1: [faa011ac-180a-4f85-bd7b-e6120f6873d8|rpc:172.17.0.2:40127, 4b858060-13e7-4e84-85d4-2e7a0c2691a5|rpc:172.17.0.2:40413, f3bcc9d7-8a28-4733-a3d2-9ac8d8ec4839|rpc:172.17.0.2:42875], old=null
2020-12-18 01:53:58,045 [pool-1037-thread-1] INFO  impl.RaftServerImpl (RaftServerImpl.java:setRole(204)) - f3bcc9d7-8a28-4733-a3d2-9ac8d8ec4839@group-86955E6C43EB: changes role from      null to FOLLOWER at term 0 for startAsFollower
2020-12-18 01:53:58,045 [pool-1037-thread-1] INFO  impl.RoleInfo (RoleInfo.java:updateAndGet(143)) - f3bcc9d7-8a28-4733-a3d2-9ac8d8ec4839: start f3bcc9d7-8a28-4733-a3d2-9ac8d8ec4839@group-86955E6C43EB-FollowerState
2020-12-18 01:53:58,047 [pool-1037-thread-1] INFO  util.JmxRegister (JmxRegister.java:tryRegister(44)) - Successfully registered JMX Bean with object name Ratis:service=RaftServer,group=group-86955E6C43EB,id=f3bcc9d7-8a28-4733-a3d2-9ac8d8ec4839
2020-12-18 01:53:58,047 [pool-1037-thread-1] INFO  metrics.RatisMetrics (RatisMetrics.java:lambda$create$0(36)) - Creating Metrics Registry : ratis.state_machine.f3bcc9d7-8a28-4733-a3d2-9ac8d8ec4839@group-86955E6C43EB
2020-12-18 01:53:58,049 [Command processor thread] INFO  metrics.RatisMetrics (RatisMetrics.java:lambda$create$0(36)) - Creating Metrics Registry : ratis.client_message_metrics.client-1502AA0389AD->faa011ac-180a-4f85-bd7b-e6120f6873d8
2020-12-18 01:53:58,054 [grpc-default-executor-3] INFO  metrics.RatisMetrics (RatisMetrics.java:lambda$create$0(36)) - Creating Metrics Registry : ratis.server_message_metrics.faa011ac-180a-4f85-bd7b-e6120f6873d8
2020-12-18 01:53:58,055 [grpc-default-executor-3] INFO  impl.RaftServerProxy (RaftServerProxy.java:addNew(93)) - faa011ac-180a-4f85-bd7b-e6120f6873d8: addNew group-86955E6C43EB:[faa011ac-180a-4f85-bd7b-e6120f6873d8|rpc:172.17.0.2:40127|dataStream:, 4b858060-13e7-4e84-85d4-2e7a0c2691a5|rpc:172.17.0.2:40413|dataStream:, f3bcc9d7-8a28-4733-a3d2-9ac8d8ec4839|rpc:172.17.0.2:42875|dataStream:] returns group-86955E6C43EB:java.util.concurrent.CompletableFuture@5b5c6e64[Not completed]
2020-12-18 01:53:58,056 [pool-1069-thread-1] INFO  impl.RaftServerImpl (RaftServerImpl.java:<init>(121)) - faa011ac-180a-4f85-bd7b-e6120f6873d8: new RaftServerImpl for group-86955E6C43EB:[faa011ac-180a-4f85-bd7b-e6120f6873d8|rpc:172.17.0.2:40127|dataStream:, 4b858060-13e7-4e84-85d4-2e7a0c2691a5|rpc:172.17.0.2:40413|dataStream:, f3bcc9d7-8a28-4733-a3d2-9ac8d8ec4839|rpc:172.17.0.2:42875|dataStream:] with ContainerStateMachine:uninitialized
2020-12-18 01:53:58,057 [pool-1069-thread-1] INFO  server.RaftServerConfigKeys (ConfUtils.java:logGet(44)) - raft.server.rpc.timeout.min = 5s (custom)
2020-12-18 01:53:58,057 [pool-1069-thread-1] INFO  server.RaftServerConfigKeys (ConfUtils.java:logGet(44)) - raft.server.rpc.timeout.max = 5200ms (custom)
2020-12-18 01:53:58,057 [pool-1069-thread-1] INFO  server.RaftServerConfigKeys (ConfUtils.java:logGet(44)) - raft.server.rpc.slowness.timeout = 300s (custom)
2020-12-18 01:53:58,057 [pool-1069-thread-1] INFO  server.RaftServerConfigKeys (ConfUtils.java:logGet(44)) - raft.server.leaderelection.leader.step-down.wait-time = 10s (default)
2020-12-18 01:53:58,057 [pool-1069-thread-1] INFO  server.RaftServerConfigKeys (ConfUtils.java:logGet(44)) - raft.server.sleep.deviation.threshold = 300 (default)
2020-12-18 01:53:58,057 [pool-1069-thread-1] INFO  server.RaftServerConfigKeys (ConfUtils.java:logGet(44)) - raft.server.log.appender.install.snapshot.enabled = false (custom)
2020-12-18 01:53:58,057 [pool-1069-thread-1] INFO  impl.RaftServerImpl (ServerState.java:<init>(104)) - faa011ac-180a-4f85-bd7b-e6120f6873d8@group-86955E6C43EB: ConfigurationManager, init=-1: [faa011ac-180a-4f85-bd7b-e6120f6873d8|rpc:172.17.0.2:40127|dataStream:, 4b858060-13e7-4e84-85d4-2e7a0c2691a5|rpc:172.17.0.2:40413|dataStream:, f3bcc9d7-8a28-4733-a3d2-9ac8d8ec4839|rpc:172.17.0.2:42875|dataStream:], old=null, confs=<EMPTY_MAP>
2020-12-18 01:53:58,057 [pool-1069-thread-1] INFO  server.RaftServerConfigKeys (ConfUtils.java:logGet(44)) - raft.server.storage.dir = [/github/workspace/mnt/ozone/hadoop-ozone/integration-test/target/test-dir/MiniOzoneClusterImpl-3835dc27-2ffb-44b9-9ba4-3f027f37039b/datanode-5/data/ratis] (custom)
2020-12-18 01:53:58,057 [pool-1069-thread-1] INFO  server.RaftServerConfigKeys (ConfUtils.java:logGet(44)) - raft.server.log.corruption.policy = EXCEPTION (default)
2020-12-18 01:53:58,057 [pool-1069-thread-1] INFO  storage.RaftStorageDirectory (RaftStorageDirectory.java:analyzeStorage(261)) - The storage directory /github/workspace/mnt/ozone/hadoop-ozone/integration-test/target/test-dir/MiniOzoneClusterImpl-3835dc27-2ffb-44b9-9ba4-3f027f37039b/datanode-5/data/ratis/1cbfd3d2-6a33-4270-be02-86955e6c43eb does not exist. Creating ...
2020-12-18 01:53:58,058 [pool-1069-thread-1] INFO  storage.RaftStorageDirectory (RaftStorageDirectory.java:tryLock(343)) - Lock on /github/workspace/mnt/ozone/hadoop-ozone/integration-test/target/test-dir/MiniOzoneClusterImpl-3835dc27-2ffb-44b9-9ba4-3f027f37039b/datanode-5/data/ratis/1cbfd3d2-6a33-4270-be02-86955e6c43eb/in_use.lock acquired by nodename 9953@1fad9502c7b4
2020-12-18 01:53:58,059 [pool-1069-thread-1] INFO  storage.RaftStorage (RaftStorage.java:format(85)) - Storage directory /github/workspace/mnt/ozone/hadoop-ozone/integration-test/target/test-dir/MiniOzoneClusterImpl-3835dc27-2ffb-44b9-9ba4-3f027f37039b/datanode-5/data/ratis/1cbfd3d2-6a33-4270-be02-86955e6c43eb has been successfully formatted.
2020-12-18 01:53:58,059 [EventQueue-PipelineReportForOneReplicaPipelineSafeModeRule] INFO  safemode.SCMSafeModeManager (SCMSafeModeManager.java:validateSafeModeExitRules(214)) - AtleastOneDatanodeReportedRule rule is successfully validated
2020-12-18 01:53:58,060 [pool-1069-thread-1] INFO  ratis.ContainerStateMachine (ContainerStateMachine.java:loadSnapshot(225)) - group-86955E6C43EB: The snapshot info is null. Setting the last applied indexto:(t:0, i:~)
2020-12-18 01:53:58,060 [pool-1069-thread-1] INFO  server.RaftServerConfigKeys (ConfUtils.java:logGet(44)) - raft.server.notification.no-leader.timeout = 300s (custom)
2020-12-18 01:53:58,060 [pool-1069-thread-1] INFO  server.RaftServerConfigKeys (ConfUtils.java:logGet(44)) - raft.server.log.use.memory = false (default)
2020-12-18 01:53:58,060 [pool-1069-thread-1] INFO  server.RaftServerConfigKeys (ConfUtils.java:logGet(44)) - raft.server.log.purge.gap = 1000000 (custom)
2020-12-18 01:53:58,060 [pool-1069-thread-1] INFO  metrics.RatisMetrics (RatisMetrics.java:lambda$create$0(36)) - Creating Metrics Registry : ratis.log_worker.faa011ac-180a-4f85-bd7b-e6120f6873d8@group-86955E6C43EB
2020-12-18 01:53:58,060 [pool-1069-thread-1] INFO  server.RaftServerConfigKeys (ConfUtils.java:logGet(44)) - raft.server.log.appender.buffer.byte-limit = 33554432 (custom)
2020-12-18 01:53:58,060 [pool-1069-thread-1] INFO  server.RaftServerConfigKeys (ConfUtils.java:logGet(44)) - raft.server.log.segment.size.max = 1048576 (custom)
2020-12-18 01:53:58,061 [pool-1069-thread-1] INFO  server.RaftServerConfigKeys (ConfUtils.java:logGet(44)) - raft.server.log.segment.cache.num.max = 2 (custom)
2020-12-18 01:53:58,061 [pool-1069-thread-1] INFO  segmented.SegmentedRaftLogWorker (SegmentedRaftLogWorker.java:<init>(180)) - new faa011ac-180a-4f85-bd7b-e6120f6873d8@group-86955E6C43EB-SegmentedRaftLogWorker for RaftStorage:Storage Directory /github/workspace/mnt/ozone/hadoop-ozone/integration-test/target/test-dir/MiniOzoneClusterImpl-3835dc27-2ffb-44b9-9ba4-3f027f37039b/datanode-5/data/ratis/1cbfd3d2-6a33-4270-be02-86955e6c43eb
2020-12-18 01:53:58,061 [pool-1069-thread-1] INFO  server.RaftServerConfigKeys (ConfUtils.java:logGet(44)) - raft.server.log.queue.byte-limit = 2147483647 (custom)
2020-12-18 01:53:58,061 [pool-1069-thread-1] INFO  server.RaftServerConfigKeys (ConfUtils.java:logGet(44)) - raft.server.log.queue.element-limit = 1024 (custom)
2020-12-18 01:53:58,061 [pool-1069-thread-1] INFO  server.RaftServerConfigKeys (ConfUtils.java:logGet(44)) - raft.server.log.segment.size.max = 1048576 (custom)
2020-12-18 01:53:58,061 [pool-1069-thread-1] INFO  server.RaftServerConfigKeys (ConfUtils.java:logGet(44)) - raft.server.log.preallocated.size = 16384 (custom)
2020-12-18 01:53:58,061 [pool-1069-thread-1] INFO  server.RaftServerConfigKeys (ConfUtils.java:logGet(44)) - raft.server.log.write.buffer.size = 1048576 (custom)
2020-12-18 01:53:58,061 [pool-1069-thread-1] INFO  server.RaftServerConfigKeys (ConfUtils.java:logGet(44)) - raft.server.log.force.sync.num = 128 (default)
2020-12-18 01:53:58,062 [pool-1069-thread-1] INFO  server.RaftServerConfigKeys (ConfUtils.java:logGet(44)) - raft.server.log.statemachine.data.sync = true (default)
2020-12-18 01:53:58,062 [pool-1069-thread-1] INFO  server.RaftServerConfigKeys (ConfUtils.java:logGet(44)) - raft.server.log.statemachine.data.sync.timeout = 10s (default)
2020-12-18 01:53:58,062 [pool-1069-thread-1] INFO  server.RaftServerConfigKeys (ConfUtils.java:logGet(44)) - raft.server.log.statemachine.data.sync.timeout.retry = -1 (default)
2020-12-18 01:53:58,063 [pool-1069-thread-1] INFO  server.RaftServerConfigKeys (ConfUtils.java:logGet(44)) - raft.server.log.statemachine.data.caching.enabled = true (custom)
2020-12-18 01:53:58,063 [pool-1069-thread-1] INFO  segmented.SegmentedRaftLogWorker (SegmentedRaftLogWorker.java:lambda$new$0(129)) - faa011ac-180a-4f85-bd7b-e6120f6873d8@group-86955E6C43EB-SegmentedRaftLogWorker: flushIndex: setUnconditionally 0 -> -1
2020-12-18 01:53:58,063 [pool-1069-thread-1] INFO  segmented.SegmentedRaftLogWorker (SegmentedRaftLogWorker.java:lambda$new$0(129)) - faa011ac-180a-4f85-bd7b-e6120f6873d8@group-86955E6C43EB-SegmentedRaftLogWorker: safeCacheEvictIndex: setUnconditionally 0 -> -1
2020-12-18 01:53:58,064 [pool-1069-thread-1] INFO  server.RaftServerConfigKeys (ConfUtils.java:logGet(44)) - raft.server.snapshot.auto.trigger.enabled = true (custom)
2020-12-18 01:53:58,064 [pool-1069-thread-1] INFO  server.RaftServerConfigKeys (ConfUtils.java:logGet(44)) - raft.server.snapshot.auto.trigger.threshold = 10000 (custom)
2020-12-18 01:53:58,064 [pool-1069-thread-1] INFO  server.RaftServerConfigKeys (ConfUtils.java:logGet(44)) - raft.server.snapshot.retention.file.num = 5 (custom)
2020-12-18 01:53:58,064 [pool-1069-thread-1] INFO  server.RaftServerConfigKeys (ConfUtils.java:logGet(44)) - raft.server.log.purge.upto.snapshot.index = false (default)
2020-12-18 01:53:58,064 [pool-1069-thread-1] INFO  server.RaftServerConfigKeys (ConfUtils.java:logGet(44)) - raft.server.retrycache.expirytime = 600000ms (custom)
2020-12-18 01:53:58,064 [pool-1069-thread-1] INFO  metrics.RatisMetrics (RatisMetrics.java:lambda$create$0(36)) - Creating Metrics Registry : ratis.leader_election.faa011ac-180a-4f85-bd7b-e6120f6873d8@group-86955E6C43EB
2020-12-18 01:53:58,064 [pool-1069-thread-1] INFO  metrics.RatisMetrics (RatisMetrics.java:lambda$create$0(36)) - Creating Metrics Registry : ratis.server.faa011ac-180a-4f85-bd7b-e6120f6873d8@group-86955E6C43EB
2020-12-18 01:53:58,066 [pool-1069-thread-1] INFO  impl.RaftServerImpl (RaftServerImpl.java:start(215)) - faa011ac-180a-4f85-bd7b-e6120f6873d8@group-86955E6C43EB: start as a follower, conf=-1: [faa011ac-180a-4f85-bd7b-e6120f6873d8|rpc:172.17.0.2:40127|dataStream:, 4b858060-13e7-4e84-85d4-2e7a0c2691a5|rpc:172.17.0.2:40413|dataStream:, f3bcc9d7-8a28-4733-a3d2-9ac8d8ec4839|rpc:172.17.0.2:42875|dataStream:], old=null
2020-12-18 01:53:58,066 [pool-1069-thread-1] INFO  impl.RaftServerImpl (RaftServerImpl.java:setRole(204)) - faa011ac-180a-4f85-bd7b-e6120f6873d8@group-86955E6C43EB: changes role from      null to FOLLOWER at term 0 for startAsFollower
2020-12-18 01:53:58,066 [pool-1069-thread-1] INFO  impl.RoleInfo (RoleInfo.java:updateAndGet(143)) - faa011ac-180a-4f85-bd7b-e6120f6873d8: start faa011ac-180a-4f85-bd7b-e6120f6873d8@group-86955E6C43EB-FollowerState
2020-12-18 01:53:58,066 [pool-1069-thread-1] INFO  util.JmxRegister (JmxRegister.java:tryRegister(44)) - Successfully registered JMX Bean with object name Ratis:service=RaftServer,group=group-86955E6C43EB,id=faa011ac-180a-4f85-bd7b-e6120f6873d8
2020-12-18 01:53:58,066 [pool-1069-thread-1] INFO  metrics.RatisMetrics (RatisMetrics.java:lambda$create$0(36)) - Creating Metrics Registry : ratis.state_machine.faa011ac-180a-4f85-bd7b-e6120f6873d8@group-86955E6C43EB
2020-12-18 01:53:58,070 [Command processor thread] INFO  metrics.RatisMetrics (RatisMetrics.java:lambda$create$0(36)) - Creating Metrics Registry : ratis.client_message_metrics.client-E00E55FCB8E5->4b858060-13e7-4e84-85d4-2e7a0c2691a5
2020-12-18 01:53:58,073 [grpc-default-executor-3] INFO  metrics.RatisMetrics (RatisMetrics.java:lambda$create$0(36)) - Creating Metrics Registry : ratis.server_message_metrics.4b858060-13e7-4e84-85d4-2e7a0c2691a5
2020-12-18 01:53:58,075 [grpc-default-executor-3] INFO  impl.RaftServerProxy (RaftServerProxy.java:addNew(93)) - 4b858060-13e7-4e84-85d4-2e7a0c2691a5: addNew group-86955E6C43EB:[faa011ac-180a-4f85-bd7b-e6120f6873d8|rpc:172.17.0.2:40127|dataStream:, 4b858060-13e7-4e84-85d4-2e7a0c2691a5|rpc:172.17.0.2:40413|dataStream:, f3bcc9d7-8a28-4733-a3d2-9ac8d8ec4839|rpc:172.17.0.2:42875|dataStream:] returns group-86955E6C43EB:java.util.concurrent.CompletableFuture@793269db[Not completed]
2020-12-18 01:53:58,076 [pool-1053-thread-1] INFO  impl.RaftServerImpl (RaftServerImpl.java:<init>(121)) - 4b858060-13e7-4e84-85d4-2e7a0c2691a5: new RaftServerImpl for group-86955E6C43EB:[faa011ac-180a-4f85-bd7b-e6120f6873d8|rpc:172.17.0.2:40127|dataStream:, 4b858060-13e7-4e84-85d4-2e7a0c2691a5|rpc:172.17.0.2:40413|dataStream:, f3bcc9d7-8a28-4733-a3d2-9ac8d8ec4839|rpc:172.17.0.2:42875|dataStream:] with ContainerStateMachine:uninitialized
2020-12-18 01:53:58,080 [pool-1053-thread-1] INFO  server.RaftServerConfigKeys (ConfUtils.java:logGet(44)) - raft.server.rpc.timeout.min = 5s (custom)
2020-12-18 01:53:58,080 [pool-1053-thread-1] INFO  server.RaftServerConfigKeys (ConfUtils.java:logGet(44)) - raft.server.rpc.timeout.max = 5200ms (custom)
2020-12-18 01:53:58,080 [pool-1053-thread-1] INFO  server.RaftServerConfigKeys (ConfUtils.java:logGet(44)) - raft.server.rpc.slowness.timeout = 300s (custom)
2020-12-18 01:53:58,080 [pool-1053-thread-1] INFO  server.RaftServerConfigKeys (ConfUtils.java:logGet(44)) - raft.server.leaderelection.leader.step-down.wait-time = 10s (default)
2020-12-18 01:53:58,080 [pool-1053-thread-1] INFO  server.RaftServerConfigKeys (ConfUtils.java:logGet(44)) - raft.server.sleep.deviation.threshold = 300 (default)
2020-12-18 01:53:58,080 [pool-1053-thread-1] INFO  server.RaftServerConfigKeys (ConfUtils.java:logGet(44)) - raft.server.log.appender.install.snapshot.enabled = false (custom)
2020-12-18 01:53:58,080 [pool-1053-thread-1] INFO  impl.RaftServerImpl (ServerState.java:<init>(104)) - 4b858060-13e7-4e84-85d4-2e7a0c2691a5@group-86955E6C43EB: ConfigurationManager, init=-1: [faa011ac-180a-4f85-bd7b-e6120f6873d8|rpc:172.17.0.2:40127|dataStream:, 4b858060-13e7-4e84-85d4-2e7a0c2691a5|rpc:172.17.0.2:40413|dataStream:, f3bcc9d7-8a28-4733-a3d2-9ac8d8ec4839|rpc:172.17.0.2:42875|dataStream:], old=null, confs=<EMPTY_MAP>
2020-12-18 01:53:58,080 [pool-1053-thread-1] INFO  server.RaftServerConfigKeys (ConfUtils.java:logGet(44)) - raft.server.storage.dir = [/github/workspace/mnt/ozone/hadoop-ozone/integration-test/target/test-dir/MiniOzoneClusterImpl-3835dc27-2ffb-44b9-9ba4-3f027f37039b/datanode-4/data/ratis] (custom)
2020-12-18 01:53:58,080 [pool-1053-thread-1] INFO  server.RaftServerConfigKeys (ConfUtils.java:logGet(44)) - raft.server.log.corruption.policy = EXCEPTION (default)
2020-12-18 01:53:58,081 [pool-1053-thread-1] INFO  storage.RaftStorageDirectory (RaftStorageDirectory.java:analyzeStorage(261)) - The storage directory /github/workspace/mnt/ozone/hadoop-ozone/integration-test/target/test-dir/MiniOzoneClusterImpl-3835dc27-2ffb-44b9-9ba4-3f027f37039b/datanode-4/data/ratis/1cbfd3d2-6a33-4270-be02-86955e6c43eb does not exist. Creating ...
2020-12-18 01:53:58,081 [pool-1053-thread-1] INFO  storage.RaftStorageDirectory (RaftStorageDirectory.java:tryLock(343)) - Lock on /github/workspace/mnt/ozone/hadoop-ozone/integration-test/target/test-dir/MiniOzoneClusterImpl-3835dc27-2ffb-44b9-9ba4-3f027f37039b/datanode-4/data/ratis/1cbfd3d2-6a33-4270-be02-86955e6c43eb/in_use.lock acquired by nodename 9953@1fad9502c7b4
2020-12-18 01:53:58,082 [pool-1053-thread-1] INFO  storage.RaftStorage (RaftStorage.java:format(85)) - Storage directory /github/workspace/mnt/ozone/hadoop-ozone/integration-test/target/test-dir/MiniOzoneClusterImpl-3835dc27-2ffb-44b9-9ba4-3f027f37039b/datanode-4/data/ratis/1cbfd3d2-6a33-4270-be02-86955e6c43eb has been successfully formatted.
2020-12-18 01:53:58,082 [pool-1053-thread-1] INFO  ratis.ContainerStateMachine (ContainerStateMachine.java:loadSnapshot(225)) - group-86955E6C43EB: The snapshot info is null. Setting the last applied indexto:(t:0, i:~)
2020-12-18 01:53:58,082 [pool-1053-thread-1] INFO  server.RaftServerConfigKeys (ConfUtils.java:logGet(44)) - raft.server.notification.no-leader.timeout = 300s (custom)
2020-12-18 01:53:58,082 [pool-1053-thread-1] INFO  server.RaftServerConfigKeys (ConfUtils.java:logGet(44)) - raft.server.log.use.memory = false (default)
2020-12-18 01:53:58,082 [pool-1053-thread-1] INFO  server.RaftServerConfigKeys (ConfUtils.java:logGet(44)) - raft.server.log.purge.gap = 1000000 (custom)
2020-12-18 01:53:58,082 [pool-1053-thread-1] INFO  metrics.RatisMetrics (RatisMetrics.java:lambda$create$0(36)) - Creating Metrics Registry : ratis.log_worker.4b858060-13e7-4e84-85d4-2e7a0c2691a5@group-86955E6C43EB
2020-12-18 01:53:58,083 [EventQueue-PipelineReportForOneReplicaPipelineSafeModeRule] INFO  safemode.SCMSafeModeManager (SCMSafeModeManager.java:validateSafeModeExitRules(214)) - AtleastOneDatanodeReportedRule rule is successfully validated
2020-12-18 01:53:58,083 [pool-1053-thread-1] INFO  server.RaftServerConfigKeys (ConfUtils.java:logGet(44)) - raft.server.log.appender.buffer.byte-limit = 33554432 (custom)
2020-12-18 01:53:58,083 [pool-1053-thread-1] INFO  server.RaftServerConfigKeys (ConfUtils.java:logGet(44)) - raft.server.log.segment.size.max = 1048576 (custom)
2020-12-18 01:53:58,084 [pool-1053-thread-1] INFO  server.RaftServerConfigKeys (ConfUtils.java:logGet(44)) - raft.server.log.segment.cache.num.max = 2 (custom)
2020-12-18 01:53:58,084 [pool-1053-thread-1] INFO  segmented.SegmentedRaftLogWorker (SegmentedRaftLogWorker.java:<init>(180)) - new 4b858060-13e7-4e84-85d4-2e7a0c2691a5@group-86955E6C43EB-SegmentedRaftLogWorker for RaftStorage:Storage Directory /github/workspace/mnt/ozone/hadoop-ozone/integration-test/target/test-dir/MiniOzoneClusterImpl-3835dc27-2ffb-44b9-9ba4-3f027f37039b/datanode-4/data/ratis/1cbfd3d2-6a33-4270-be02-86955e6c43eb
2020-12-18 01:53:58,084 [pool-1053-thread-1] INFO  server.RaftServerConfigKeys (ConfUtils.java:logGet(44)) - raft.server.log.queue.byte-limit = 2147483647 (custom)
2020-12-18 01:53:58,084 [pool-1053-thread-1] INFO  server.RaftServerConfigKeys (ConfUtils.java:logGet(44)) - raft.server.log.queue.element-limit = 1024 (custom)
2020-12-18 01:53:58,084 [pool-1053-thread-1] INFO  server.RaftServerConfigKeys (ConfUtils.java:logGet(44)) - raft.server.log.segment.size.max = 1048576 (custom)
2020-12-18 01:53:58,084 [pool-1053-thread-1] INFO  server.RaftServerConfigKeys (ConfUtils.java:logGet(44)) - raft.server.log.preallocated.size = 16384 (custom)
2020-12-18 01:53:58,084 [pool-1053-thread-1] INFO  server.RaftServerConfigKeys (ConfUtils.java:logGet(44)) - raft.server.log.write.buffer.size = 1048576 (custom)
2020-12-18 01:53:58,084 [pool-1053-thread-1] INFO  server.RaftServerConfigKeys (ConfUtils.java:logGet(44)) - raft.server.log.force.sync.num = 128 (default)
2020-12-18 01:53:58,084 [pool-1053-thread-1] INFO  server.RaftServerConfigKeys (ConfUtils.java:logGet(44)) - raft.server.log.statemachine.data.sync = true (default)
2020-12-18 01:53:58,084 [pool-1053-thread-1] INFO  server.RaftServerConfigKeys (ConfUtils.java:logGet(44)) - raft.server.log.statemachine.data.sync.timeout = 10s (default)
2020-12-18 01:53:58,084 [pool-1053-thread-1] INFO  server.RaftServerConfigKeys (ConfUtils.java:logGet(44)) - raft.server.log.statemachine.data.sync.timeout.retry = -1 (default)
2020-12-18 01:53:58,086 [pool-1053-thread-1] INFO  server.RaftServerConfigKeys (ConfUtils.java:logGet(44)) - raft.server.log.statemachine.data.caching.enabled = true (custom)
2020-12-18 01:53:58,087 [pool-1053-thread-1] INFO  segmented.SegmentedRaftLogWorker (SegmentedRaftLogWorker.java:lambda$new$0(129)) - 4b858060-13e7-4e84-85d4-2e7a0c2691a5@group-86955E6C43EB-SegmentedRaftLogWorker: flushIndex: setUnconditionally 0 -> -1
2020-12-18 01:53:58,087 [pool-1053-thread-1] INFO  segmented.SegmentedRaftLogWorker (SegmentedRaftLogWorker.java:lambda$new$0(129)) - 4b858060-13e7-4e84-85d4-2e7a0c2691a5@group-86955E6C43EB-SegmentedRaftLogWorker: safeCacheEvictIndex: setUnconditionally 0 -> -1
2020-12-18 01:53:58,087 [pool-1053-thread-1] INFO  server.RaftServerConfigKeys (ConfUtils.java:logGet(44)) - raft.server.snapshot.auto.trigger.enabled = true (custom)
2020-12-18 01:53:58,087 [pool-1053-thread-1] INFO  server.RaftServerConfigKeys (ConfUtils.java:logGet(44)) - raft.server.snapshot.auto.trigger.threshold = 10000 (custom)
2020-12-18 01:53:58,087 [pool-1053-thread-1] INFO  server.RaftServerConfigKeys (ConfUtils.java:logGet(44)) - raft.server.snapshot.retention.file.num = 5 (custom)
2020-12-18 01:53:58,087 [pool-1053-thread-1] INFO  server.RaftServerConfigKeys (ConfUtils.java:logGet(44)) - raft.server.log.purge.upto.snapshot.index = false (default)
2020-12-18 01:53:58,087 [pool-1053-thread-1] INFO  server.RaftServerConfigKeys (ConfUtils.java:logGet(44)) - raft.server.retrycache.expirytime = 600000ms (custom)
2020-12-18 01:53:58,087 [pool-1053-thread-1] INFO  metrics.RatisMetrics (RatisMetrics.java:lambda$create$0(36)) - Creating Metrics Registry : ratis.leader_election.4b858060-13e7-4e84-85d4-2e7a0c2691a5@group-86955E6C43EB
2020-12-18 01:53:58,088 [pool-1053-thread-1] INFO  metrics.RatisMetrics (RatisMetrics.java:lambda$create$0(36)) - Creating Metrics Registry : ratis.server.4b858060-13e7-4e84-85d4-2e7a0c2691a5@group-86955E6C43EB
2020-12-18 01:53:58,089 [pool-1053-thread-1] INFO  impl.RaftServerImpl (RaftServerImpl.java:start(215)) - 4b858060-13e7-4e84-85d4-2e7a0c2691a5@group-86955E6C43EB: start as a follower, conf=-1: [faa011ac-180a-4f85-bd7b-e6120f6873d8|rpc:172.17.0.2:40127|dataStream:, 4b858060-13e7-4e84-85d4-2e7a0c2691a5|rpc:172.17.0.2:40413|dataStream:, f3bcc9d7-8a28-4733-a3d2-9ac8d8ec4839|rpc:172.17.0.2:42875|dataStream:], old=null
2020-12-18 01:53:58,089 [pool-1053-thread-1] INFO  impl.RaftServerImpl (RaftServerImpl.java:setRole(204)) - 4b858060-13e7-4e84-85d4-2e7a0c2691a5@group-86955E6C43EB: changes role from      null to FOLLOWER at term 0 for startAsFollower
2020-12-18 01:53:58,089 [pool-1053-thread-1] INFO  impl.RoleInfo (RoleInfo.java:updateAndGet(143)) - 4b858060-13e7-4e84-85d4-2e7a0c2691a5: start 4b858060-13e7-4e84-85d4-2e7a0c2691a5@group-86955E6C43EB-FollowerState
2020-12-18 01:53:58,089 [pool-1053-thread-1] INFO  util.JmxRegister (JmxRegister.java:tryRegister(44)) - Successfully registered JMX Bean with object name Ratis:service=RaftServer,group=group-86955E6C43EB,id=4b858060-13e7-4e84-85d4-2e7a0c2691a5
2020-12-18 01:53:58,089 [pool-1053-thread-1] INFO  metrics.RatisMetrics (RatisMetrics.java:lambda$create$0(36)) - Creating Metrics Registry : ratis.state_machine.4b858060-13e7-4e84-85d4-2e7a0c2691a5@group-86955E6C43EB
2020-12-18 01:53:58,095 [Command processor thread] INFO  commandhandler.CreatePipelineCommandHandler (CreatePipelineCommandHandler.java:handle(106)) - Created Pipeline RATIS THREE PipelineID=1cbfd3d2-6a33-4270-be02-86955e6c43eb.
2020-12-18 01:53:58,205 [Command processor thread] INFO  impl.RaftServerProxy (RaftServerProxy.java:addNew(93)) - 4b858060-13e7-4e84-85d4-2e7a0c2691a5: addNew group-9375838C1592:[4b858060-13e7-4e84-85d4-2e7a0c2691a5|rpc:172.17.0.2:40413] returns group-9375838C1592:java.util.concurrent.CompletableFuture@b1c3d7c[Not completed]
2020-12-18 01:53:58,206 [pool-1053-thread-1] INFO  impl.RaftServerImpl (RaftServerImpl.java:<init>(121)) - 4b858060-13e7-4e84-85d4-2e7a0c2691a5: new RaftServerImpl for group-9375838C1592:[4b858060-13e7-4e84-85d4-2e7a0c2691a5|rpc:172.17.0.2:40413] with ContainerStateMachine:uninitialized
2020-12-18 01:53:58,206 [pool-1053-thread-1] INFO  server.RaftServerConfigKeys (ConfUtils.java:logGet(44)) - raft.server.rpc.timeout.min = 5s (custom)
2020-12-18 01:53:58,206 [pool-1053-thread-1] INFO  server.RaftServerConfigKeys (ConfUtils.java:logGet(44)) - raft.server.rpc.timeout.max = 5200ms (custom)
2020-12-18 01:53:58,206 [pool-1053-thread-1] INFO  server.RaftServerConfigKeys (ConfUtils.java:logGet(44)) - raft.server.rpc.slowness.timeout = 300s (custom)
2020-12-18 01:53:58,206 [pool-1053-thread-1] INFO  server.RaftServerConfigKeys (ConfUtils.java:logGet(44)) - raft.server.leaderelection.leader.step-down.wait-time = 10s (default)
2020-12-18 01:53:58,206 [pool-1053-thread-1] INFO  server.RaftServerConfigKeys (ConfUtils.java:logGet(44)) - raft.server.sleep.deviation.threshold = 300 (default)
2020-12-18 01:53:58,206 [pool-1053-thread-1] INFO  server.RaftServerConfigKeys (ConfUtils.java:logGet(44)) - raft.server.log.appender.install.snapshot.enabled = false (custom)
2020-12-18 01:53:58,206 [pool-1053-thread-1] INFO  impl.RaftServerImpl (ServerState.java:<init>(104)) - 4b858060-13e7-4e84-85d4-2e7a0c2691a5@group-9375838C1592: ConfigurationManager, init=-1: [4b858060-13e7-4e84-85d4-2e7a0c2691a5|rpc:172.17.0.2:40413], old=null, confs=<EMPTY_MAP>
2020-12-18 01:53:58,207 [pool-1053-thread-1] INFO  server.RaftServerConfigKeys (ConfUtils.java:logGet(44)) - raft.server.storage.dir = [/github/workspace/mnt/ozone/hadoop-ozone/integration-test/target/test-dir/MiniOzoneClusterImpl-3835dc27-2ffb-44b9-9ba4-3f027f37039b/datanode-4/data/ratis] (custom)
2020-12-18 01:53:58,207 [pool-1053-thread-1] INFO  server.RaftServerConfigKeys (ConfUtils.java:logGet(44)) - raft.server.log.corruption.policy = EXCEPTION (default)
2020-12-18 01:53:58,207 [pool-1053-thread-1] INFO  storage.RaftStorageDirectory (RaftStorageDirectory.java:analyzeStorage(261)) - The storage directory /github/workspace/mnt/ozone/hadoop-ozone/integration-test/target/test-dir/MiniOzoneClusterImpl-3835dc27-2ffb-44b9-9ba4-3f027f37039b/datanode-4/data/ratis/d2ea689f-597f-497e-b326-9375838c1592 does not exist. Creating ...
2020-12-18 01:53:58,208 [pool-1053-thread-1] INFO  storage.RaftStorageDirectory (RaftStorageDirectory.java:tryLock(343)) - Lock on /github/workspace/mnt/ozone/hadoop-ozone/integration-test/target/test-dir/MiniOzoneClusterImpl-3835dc27-2ffb-44b9-9ba4-3f027f37039b/datanode-4/data/ratis/d2ea689f-597f-497e-b326-9375838c1592/in_use.lock acquired by nodename 9953@1fad9502c7b4
2020-12-18 01:53:58,209 [pool-1053-thread-1] INFO  storage.RaftStorage (RaftStorage.java:format(85)) - Storage directory /github/workspace/mnt/ozone/hadoop-ozone/integration-test/target/test-dir/MiniOzoneClusterImpl-3835dc27-2ffb-44b9-9ba4-3f027f37039b/datanode-4/data/ratis/d2ea689f-597f-497e-b326-9375838c1592 has been successfully formatted.
2020-12-18 01:53:58,209 [pool-1053-thread-1] INFO  ratis.ContainerStateMachine (ContainerStateMachine.java:loadSnapshot(225)) - group-9375838C1592: The snapshot info is null. Setting the last applied indexto:(t:0, i:~)
2020-12-18 01:53:58,209 [pool-1053-thread-1] INFO  server.RaftServerConfigKeys (ConfUtils.java:logGet(44)) - raft.server.notification.no-leader.timeout = 300s (custom)
2020-12-18 01:53:58,209 [pool-1053-thread-1] INFO  server.RaftServerConfigKeys (ConfUtils.java:logGet(44)) - raft.server.log.use.memory = false (default)
2020-12-18 01:53:58,209 [pool-1053-thread-1] INFO  server.RaftServerConfigKeys (ConfUtils.java:logGet(44)) - raft.server.log.purge.gap = 1000000 (custom)
2020-12-18 01:53:58,209 [pool-1053-thread-1] INFO  metrics.RatisMetrics (RatisMetrics.java:lambda$create$0(36)) - Creating Metrics Registry : ratis.log_worker.4b858060-13e7-4e84-85d4-2e7a0c2691a5@group-9375838C1592
2020-12-18 01:53:58,209 [pool-1053-thread-1] INFO  server.RaftServerConfigKeys (ConfUtils.java:logGet(44)) - raft.server.log.appender.buffer.byte-limit = 33554432 (custom)
2020-12-18 01:53:58,209 [pool-1053-thread-1] INFO  server.RaftServerConfigKeys (ConfUtils.java:logGet(44)) - raft.server.log.segment.size.max = 1048576 (custom)
2020-12-18 01:53:58,210 [EventQueue-PipelineReportForPipelineReportHandler] INFO  pipeline.PipelineStateManager (PipelineStateManager.java:openPipeline(132)) - Pipeline Pipeline[ Id: d2ea689f-597f-497e-b326-9375838c1592, Nodes: 4b858060-13e7-4e84-85d4-2e7a0c2691a5{ip: 172.17.0.2, host: 1fad9502c7b4, networkLocation: /default-rack, certSerialId: null, persistedOpState: IN_SERVICE, persistedOpStateExpiryEpochSec: 0}, Type:RATIS, Factor:ONE, State:ALLOCATED, leaderId:4b858060-13e7-4e84-85d4-2e7a0c2691a5, CreationTimestamp2020-12-18T01:53:55.207Z] moved to OPEN state
2020-12-18 01:53:58,210 [EventQueue-PipelineReportForOneReplicaPipelineSafeModeRule] INFO  safemode.SCMSafeModeManager (SCMSafeModeManager.java:validateSafeModeExitRules(214)) - AtleastOneDatanodeReportedRule rule is successfully validated
2020-12-18 01:53:58,210 [EventQueue-OpenPipelineForHealthyPipelineSafeModeRule] INFO  safemode.SCMSafeModeManager (HealthyPipelineSafeModeRule.java:process(128)) - SCM in safe mode. Healthy pipelines reported count is 0, required healthy pipeline reported count is 1
2020-12-18 01:53:58,210 [pool-1053-thread-1] INFO  server.RaftServerConfigKeys (ConfUtils.java:logGet(44)) - raft.server.log.segment.cache.num.max = 2 (custom)
2020-12-18 01:53:58,210 [pool-1053-thread-1] INFO  segmented.SegmentedRaftLogWorker (SegmentedRaftLogWorker.java:<init>(180)) - new 4b858060-13e7-4e84-85d4-2e7a0c2691a5@group-9375838C1592-SegmentedRaftLogWorker for RaftStorage:Storage Directory /github/workspace/mnt/ozone/hadoop-ozone/integration-test/target/test-dir/MiniOzoneClusterImpl-3835dc27-2ffb-44b9-9ba4-3f027f37039b/datanode-4/data/ratis/d2ea689f-597f-497e-b326-9375838c1592
2020-12-18 01:53:58,210 [pool-1053-thread-1] INFO  server.RaftServerConfigKeys (ConfUtils.java:logGet(44)) - raft.server.log.queue.byte-limit = 2147483647 (custom)
2020-12-18 01:53:58,210 [pool-1053-thread-1] INFO  server.RaftServerConfigKeys (ConfUtils.java:logGet(44)) - raft.server.log.queue.element-limit = 1024 (custom)
2020-12-18 01:53:58,210 [pool-1053-thread-1] INFO  server.RaftServerConfigKeys (ConfUtils.java:logGet(44)) - raft.server.log.segment.size.max = 1048576 (custom)
2020-12-18 01:53:58,211 [pool-1053-thread-1] INFO  server.RaftServerConfigKeys (ConfUtils.java:logGet(44)) - raft.server.log.preallocated.size = 16384 (custom)
2020-12-18 01:53:58,211 [pool-1053-thread-1] INFO  server.RaftServerConfigKeys (ConfUtils.java:logGet(44)) - raft.server.log.write.buffer.size = 1048576 (custom)
2020-12-18 01:53:58,211 [pool-1053-thread-1] INFO  server.RaftServerConfigKeys (ConfUtils.java:logGet(44)) - raft.server.log.force.sync.num = 128 (default)
2020-12-18 01:53:58,211 [pool-1053-thread-1] INFO  server.RaftServerConfigKeys (ConfUtils.java:logGet(44)) - raft.server.log.statemachine.data.sync = true (default)
2020-12-18 01:53:58,211 [pool-1053-thread-1] INFO  server.RaftServerConfigKeys (ConfUtils.java:logGet(44)) - raft.server.log.statemachine.data.sync.timeout = 10s (default)
2020-12-18 01:53:58,211 [pool-1053-thread-1] INFO  server.RaftServerConfigKeys (ConfUtils.java:logGet(44)) - raft.server.log.statemachine.data.sync.timeout.retry = -1 (default)
2020-12-18 01:53:58,213 [pool-1053-thread-1] INFO  server.RaftServerConfigKeys (ConfUtils.java:logGet(44)) - raft.server.log.statemachine.data.caching.enabled = true (custom)
2020-12-18 01:53:58,213 [pool-1053-thread-1] INFO  segmented.SegmentedRaftLogWorker (SegmentedRaftLogWorker.java:lambda$new$0(129)) - 4b858060-13e7-4e84-85d4-2e7a0c2691a5@group-9375838C1592-SegmentedRaftLogWorker: flushIndex: setUnconditionally 0 -> -1
2020-12-18 01:53:58,214 [pool-1053-thread-1] INFO  segmented.SegmentedRaftLogWorker (SegmentedRaftLogWorker.java:lambda$new$0(129)) - 4b858060-13e7-4e84-85d4-2e7a0c2691a5@group-9375838C1592-SegmentedRaftLogWorker: safeCacheEvictIndex: setUnconditionally 0 -> -1
2020-12-18 01:53:58,214 [pool-1053-thread-1] INFO  server.RaftServerConfigKeys (ConfUtils.java:logGet(44)) - raft.server.snapshot.auto.trigger.enabled = true (custom)
2020-12-18 01:53:58,214 [pool-1053-thread-1] INFO  server.RaftServerConfigKeys (ConfUtils.java:logGet(44)) - raft.server.snapshot.auto.trigger.threshold = 10000 (custom)
2020-12-18 01:53:58,214 [pool-1053-thread-1] INFO  server.RaftServerConfigKeys (ConfUtils.java:logGet(44)) - raft.server.snapshot.retention.file.num = 5 (custom)
2020-12-18 01:53:58,214 [pool-1053-thread-1] INFO  server.RaftServerConfigKeys (ConfUtils.java:logGet(44)) - raft.server.log.purge.upto.snapshot.index = false (default)
2020-12-18 01:53:58,214 [pool-1053-thread-1] INFO  server.RaftServerConfigKeys (ConfUtils.java:logGet(44)) - raft.server.retrycache.expirytime = 600000ms (custom)
2020-12-18 01:53:58,214 [pool-1053-thread-1] INFO  metrics.RatisMetrics (RatisMetrics.java:lambda$create$0(36)) - Creating Metrics Registry : ratis.leader_election.4b858060-13e7-4e84-85d4-2e7a0c2691a5@group-9375838C1592
2020-12-18 01:53:58,215 [pool-1053-thread-1] INFO  metrics.RatisMetrics (RatisMetrics.java:lambda$create$0(36)) - Creating Metrics Registry : ratis.server.4b858060-13e7-4e84-85d4-2e7a0c2691a5@group-9375838C1592
2020-12-18 01:53:58,216 [pool-1053-thread-1] INFO  impl.RaftServerImpl (RaftServerImpl.java:start(215)) - 4b858060-13e7-4e84-85d4-2e7a0c2691a5@group-9375838C1592: start as a follower, conf=-1: [4b858060-13e7-4e84-85d4-2e7a0c2691a5|rpc:172.17.0.2:40413], old=null
2020-12-18 01:53:58,216 [pool-1053-thread-1] INFO  impl.RaftServerImpl (RaftServerImpl.java:setRole(204)) - 4b858060-13e7-4e84-85d4-2e7a0c2691a5@group-9375838C1592: changes role from      null to FOLLOWER at term 0 for startAsFollower
2020-12-18 01:53:58,216 [pool-1053-thread-1] INFO  impl.RoleInfo (RoleInfo.java:updateAndGet(143)) - 4b858060-13e7-4e84-85d4-2e7a0c2691a5: start 4b858060-13e7-4e84-85d4-2e7a0c2691a5@group-9375838C1592-FollowerState
2020-12-18 01:53:58,217 [pool-1053-thread-1] INFO  util.JmxRegister (JmxRegister.java:tryRegister(44)) - Successfully registered JMX Bean with object name Ratis:service=RaftServer,group=group-9375838C1592,id=4b858060-13e7-4e84-85d4-2e7a0c2691a5
2020-12-18 01:53:58,217 [pool-1053-thread-1] INFO  metrics.RatisMetrics (RatisMetrics.java:lambda$create$0(36)) - Creating Metrics Registry : ratis.state_machine.4b858060-13e7-4e84-85d4-2e7a0c2691a5@group-9375838C1592
2020-12-18 01:53:58,218 [Command processor thread] INFO  commandhandler.CreatePipelineCommandHandler (CreatePipelineCommandHandler.java:handle(106)) - Created Pipeline RATIS ONE PipelineID=d2ea689f-597f-497e-b326-9375838c1592.
2020-12-18 01:53:58,361 [Command processor thread] INFO  impl.RaftServerProxy (RaftServerProxy.java:addNew(93)) - faa011ac-180a-4f85-bd7b-e6120f6873d8: addNew group-277869D95004:[faa011ac-180a-4f85-bd7b-e6120f6873d8|rpc:172.17.0.2:40127] returns group-277869D95004:java.util.concurrent.CompletableFuture@288c8571[Not completed]
2020-12-18 01:53:58,361 [pool-1069-thread-1] INFO  impl.RaftServerImpl (RaftServerImpl.java:<init>(121)) - faa011ac-180a-4f85-bd7b-e6120f6873d8: new RaftServerImpl for group-277869D95004:[faa011ac-180a-4f85-bd7b-e6120f6873d8|rpc:172.17.0.2:40127] with ContainerStateMachine:uninitialized
2020-12-18 01:53:58,362 [pool-1069-thread-1] INFO  server.RaftServerConfigKeys (ConfUtils.java:logGet(44)) - raft.server.rpc.timeout.min = 5s (custom)
2020-12-18 01:53:58,362 [pool-1069-thread-1] INFO  server.RaftServerConfigKeys (ConfUtils.java:logGet(44)) - raft.server.rpc.timeout.max = 5200ms (custom)
2020-12-18 01:53:58,362 [pool-1069-thread-1] INFO  server.RaftServerConfigKeys (ConfUtils.java:logGet(44)) - raft.server.rpc.slowness.timeout = 300s (custom)
2020-12-18 01:53:58,362 [pool-1069-thread-1] INFO  server.RaftServerConfigKeys (ConfUtils.java:logGet(44)) - raft.server.leaderelection.leader.step-down.wait-time = 10s (default)
2020-12-18 01:53:58,362 [pool-1069-thread-1] INFO  server.RaftServerConfigKeys (ConfUtils.java:logGet(44)) - raft.server.sleep.deviation.threshold = 300 (default)
2020-12-18 01:53:58,362 [pool-1069-thread-1] INFO  server.RaftServerConfigKeys (ConfUtils.java:logGet(44)) - raft.server.log.appender.install.snapshot.enabled = false (custom)
2020-12-18 01:53:58,362 [pool-1069-thread-1] INFO  impl.RaftServerImpl (ServerState.java:<init>(104)) - faa011ac-180a-4f85-bd7b-e6120f6873d8@group-277869D95004: ConfigurationManager, init=-1: [faa011ac-180a-4f85-bd7b-e6120f6873d8|rpc:172.17.0.2:40127], old=null, confs=<EMPTY_MAP>
2020-12-18 01:53:58,362 [pool-1069-thread-1] INFO  server.RaftServerConfigKeys (ConfUtils.java:logGet(44)) - raft.server.storage.dir = [/github/workspace/mnt/ozone/hadoop-ozone/integration-test/target/test-dir/MiniOzoneClusterImpl-3835dc27-2ffb-44b9-9ba4-3f027f37039b/datanode-5/data/ratis] (custom)
2020-12-18 01:53:58,362 [pool-1069-thread-1] INFO  server.RaftServerConfigKeys (ConfUtils.java:logGet(44)) - raft.server.log.corruption.policy = EXCEPTION (default)
2020-12-18 01:53:58,362 [pool-1069-thread-1] INFO  storage.RaftStorageDirectory (RaftStorageDirectory.java:analyzeStorage(261)) - The storage directory /github/workspace/mnt/ozone/hadoop-ozone/integration-test/target/test-dir/MiniOzoneClusterImpl-3835dc27-2ffb-44b9-9ba4-3f027f37039b/datanode-5/data/ratis/597c3142-7484-45eb-b351-277869d95004 does not exist. Creating ...
2020-12-18 01:53:58,363 [pool-1069-thread-1] INFO  storage.RaftStorageDirectory (RaftStorageDirectory.java:tryLock(343)) - Lock on /github/workspace/mnt/ozone/hadoop-ozone/integration-test/target/test-dir/MiniOzoneClusterImpl-3835dc27-2ffb-44b9-9ba4-3f027f37039b/datanode-5/data/ratis/597c3142-7484-45eb-b351-277869d95004/in_use.lock acquired by nodename 9953@1fad9502c7b4
2020-12-18 01:53:58,364 [Listener at 127.0.0.1/36003] INFO  ozone.MiniOzoneClusterImpl (MiniOzoneClusterImpl.java:lambda$waitForClusterToBeReady$0(178)) - Nodes are ready. Got 6 of 6 DN Heartbeats.
2020-12-18 01:53:58,364 [Listener at 127.0.0.1/36003] INFO  ozone.MiniOzoneClusterImpl (MiniOzoneClusterImpl.java:lambda$waitForClusterToBeReady$0(181)) - Waiting for cluster to exit safe mode
2020-12-18 01:53:58,364 [pool-1069-thread-1] INFO  storage.RaftStorage (RaftStorage.java:format(85)) - Storage directory /github/workspace/mnt/ozone/hadoop-ozone/integration-test/target/test-dir/MiniOzoneClusterImpl-3835dc27-2ffb-44b9-9ba4-3f027f37039b/datanode-5/data/ratis/597c3142-7484-45eb-b351-277869d95004 has been successfully formatted.
2020-12-18 01:53:58,364 [pool-1069-thread-1] INFO  ratis.ContainerStateMachine (ContainerStateMachine.java:loadSnapshot(225)) - group-277869D95004: The snapshot info is null. Setting the last applied indexto:(t:0, i:~)
2020-12-18 01:53:58,364 [pool-1069-thread-1] INFO  server.RaftServerConfigKeys (ConfUtils.java:logGet(44)) - raft.server.notification.no-leader.timeout = 300s (custom)
2020-12-18 01:53:58,364 [pool-1069-thread-1] INFO  server.RaftServerConfigKeys (ConfUtils.java:logGet(44)) - raft.server.log.use.memory = false (default)
2020-12-18 01:53:58,365 [EventQueue-PipelineReportForOneReplicaPipelineSafeModeRule] INFO  safemode.SCMSafeModeManager (SCMSafeModeManager.java:validateSafeModeExitRules(214)) - AtleastOneDatanodeReportedRule rule is successfully validated
2020-12-18 01:53:58,365 [EventQueue-PipelineReportForPipelineReportHandler] INFO  pipeline.PipelineStateManager (PipelineStateManager.java:openPipeline(132)) - Pipeline Pipeline[ Id: 597c3142-7484-45eb-b351-277869d95004, Nodes: faa011ac-180a-4f85-bd7b-e6120f6873d8{ip: 172.17.0.2, host: 1fad9502c7b4, networkLocation: /default-rack, certSerialId: null, persistedOpState: IN_SERVICE, persistedOpStateExpiryEpochSec: 0}, Type:RATIS, Factor:ONE, State:ALLOCATED, leaderId:faa011ac-180a-4f85-bd7b-e6120f6873d8, CreationTimestamp2020-12-18T01:53:55.362Z] moved to OPEN state
2020-12-18 01:53:58,365 [EventQueue-OpenPipelineForHealthyPipelineSafeModeRule] INFO  safemode.SCMSafeModeManager (HealthyPipelineSafeModeRule.java:process(128)) - SCM in safe mode. Healthy pipelines reported count is 0, required healthy pipeline reported count is 1
2020-12-18 01:53:58,365 [pool-1069-thread-1] INFO  server.RaftServerConfigKeys (ConfUtils.java:logGet(44)) - raft.server.log.purge.gap = 1000000 (custom)
2020-12-18 01:53:58,365 [pool-1069-thread-1] INFO  metrics.RatisMetrics (RatisMetrics.java:lambda$create$0(36)) - Creating Metrics Registry : ratis.log_worker.faa011ac-180a-4f85-bd7b-e6120f6873d8@group-277869D95004
2020-12-18 01:53:58,366 [pool-1069-thread-1] INFO  server.RaftServerConfigKeys (ConfUtils.java:logGet(44)) - raft.server.log.appender.buffer.byte-limit = 33554432 (custom)
2020-12-18 01:53:58,366 [pool-1069-thread-1] INFO  server.RaftServerConfigKeys (ConfUtils.java:logGet(44)) - raft.server.log.segment.size.max = 1048576 (custom)
2020-12-18 01:53:58,366 [pool-1069-thread-1] INFO  server.RaftServerConfigKeys (ConfUtils.java:logGet(44)) - raft.server.log.segment.cache.num.max = 2 (custom)
2020-12-18 01:53:58,367 [pool-1069-thread-1] INFO  segmented.SegmentedRaftLogWorker (SegmentedRaftLogWorker.java:<init>(180)) - new faa011ac-180a-4f85-bd7b-e6120f6873d8@group-277869D95004-SegmentedRaftLogWorker for RaftStorage:Storage Directory /github/workspace/mnt/ozone/hadoop-ozone/integration-test/target/test-dir/MiniOzoneClusterImpl-3835dc27-2ffb-44b9-9ba4-3f027f37039b/datanode-5/data/ratis/597c3142-7484-45eb-b351-277869d95004
2020-12-18 01:53:58,367 [pool-1069-thread-1] INFO  server.RaftServerConfigKeys (ConfUtils.java:logGet(44)) - raft.server.log.queue.byte-limit = 2147483647 (custom)
2020-12-18 01:53:58,367 [pool-1069-thread-1] INFO  server.RaftServerConfigKeys (ConfUtils.java:logGet(44)) - raft.server.log.queue.element-limit = 1024 (custom)
2020-12-18 01:53:58,367 [pool-1069-thread-1] INFO  server.RaftServerConfigKeys (ConfUtils.java:logGet(44)) - raft.server.log.segment.size.max = 1048576 (custom)
2020-12-18 01:53:58,367 [pool-1069-thread-1] INFO  server.RaftServerConfigKeys (ConfUtils.java:logGet(44)) - raft.server.log.preallocated.size = 16384 (custom)
2020-12-18 01:53:58,367 [pool-1069-thread-1] INFO  server.RaftServerConfigKeys (ConfUtils.java:logGet(44)) - raft.server.log.write.buffer.size = 1048576 (custom)
2020-12-18 01:53:58,367 [pool-1069-thread-1] INFO  server.RaftServerConfigKeys (ConfUtils.java:logGet(44)) - raft.server.log.force.sync.num = 128 (default)
2020-12-18 01:53:58,367 [pool-1069-thread-1] INFO  server.RaftServerConfigKeys (ConfUtils.java:logGet(44)) - raft.server.log.statemachine.data.sync = true (default)
2020-12-18 01:53:58,367 [pool-1069-thread-1] INFO  server.RaftServerConfigKeys (ConfUtils.java:logGet(44)) - raft.server.log.statemachine.data.sync.timeout = 10s (default)
2020-12-18 01:53:58,367 [pool-1069-thread-1] INFO  server.RaftServerConfigKeys (ConfUtils.java:logGet(44)) - raft.server.log.statemachine.data.sync.timeout.retry = -1 (default)
2020-12-18 01:53:58,369 [pool-1069-thread-1] INFO  server.RaftServerConfigKeys (ConfUtils.java:logGet(44)) - raft.server.log.statemachine.data.caching.enabled = true (custom)
2020-12-18 01:53:58,369 [pool-1069-thread-1] INFO  segmented.SegmentedRaftLogWorker (SegmentedRaftLogWorker.java:lambda$new$0(129)) - faa011ac-180a-4f85-bd7b-e6120f6873d8@group-277869D95004-SegmentedRaftLogWorker: flushIndex: setUnconditionally 0 -> -1
2020-12-18 01:53:58,369 [pool-1069-thread-1] INFO  segmented.SegmentedRaftLogWorker (SegmentedRaftLogWorker.java:lambda$new$0(129)) - faa011ac-180a-4f85-bd7b-e6120f6873d8@group-277869D95004-SegmentedRaftLogWorker: safeCacheEvictIndex: setUnconditionally 0 -> -1
2020-12-18 01:53:58,369 [pool-1069-thread-1] INFO  server.RaftServerConfigKeys (ConfUtils.java:logGet(44)) - raft.server.snapshot.auto.trigger.enabled = true (custom)
2020-12-18 01:53:58,369 [pool-1069-thread-1] INFO  server.RaftServerConfigKeys (ConfUtils.java:logGet(44)) - raft.server.snapshot.auto.trigger.threshold = 10000 (custom)
2020-12-18 01:53:58,369 [pool-1069-thread-1] INFO  server.RaftServerConfigKeys (ConfUtils.java:logGet(44)) - raft.server.snapshot.retention.file.num = 5 (custom)
2020-12-18 01:53:58,369 [pool-1069-thread-1] INFO  server.RaftServerConfigKeys (ConfUtils.java:logGet(44)) - raft.server.log.purge.upto.snapshot.index = false (default)
2020-12-18 01:53:58,369 [pool-1069-thread-1] INFO  server.RaftServerConfigKeys (ConfUtils.java:logGet(44)) - raft.server.retrycache.expirytime = 600000ms (custom)
2020-12-18 01:53:58,369 [pool-1069-thread-1] INFO  metrics.RatisMetrics (RatisMetrics.java:lambda$create$0(36)) - Creating Metrics Registry : ratis.leader_election.faa011ac-180a-4f85-bd7b-e6120f6873d8@group-277869D95004
2020-12-18 01:53:58,370 [pool-1069-thread-1] INFO  metrics.RatisMetrics (RatisMetrics.java:lambda$create$0(36)) - Creating Metrics Registry : ratis.server.faa011ac-180a-4f85-bd7b-e6120f6873d8@group-277869D95004
2020-12-18 01:53:58,371 [pool-1069-thread-1] INFO  impl.RaftServerImpl (RaftServerImpl.java:start(215)) - faa011ac-180a-4f85-bd7b-e6120f6873d8@group-277869D95004: start as a follower, conf=-1: [faa011ac-180a-4f85-bd7b-e6120f6873d8|rpc:172.17.0.2:40127], old=null
2020-12-18 01:53:58,371 [pool-1069-thread-1] INFO  impl.RaftServerImpl (RaftServerImpl.java:setRole(204)) - faa011ac-180a-4f85-bd7b-e6120f6873d8@group-277869D95004: changes role from      null to FOLLOWER at term 0 for startAsFollower
2020-12-18 01:53:58,371 [pool-1069-thread-1] INFO  impl.RoleInfo (RoleInfo.java:updateAndGet(143)) - faa011ac-180a-4f85-bd7b-e6120f6873d8: start faa011ac-180a-4f85-bd7b-e6120f6873d8@group-277869D95004-FollowerState
2020-12-18 01:53:58,372 [pool-1069-thread-1] INFO  util.JmxRegister (JmxRegister.java:tryRegister(44)) - Successfully registered JMX Bean with object name Ratis:service=RaftServer,group=group-277869D95004,id=faa011ac-180a-4f85-bd7b-e6120f6873d8
2020-12-18 01:53:58,372 [pool-1069-thread-1] INFO  metrics.RatisMetrics (RatisMetrics.java:lambda$create$0(36)) - Creating Metrics Registry : ratis.state_machine.faa011ac-180a-4f85-bd7b-e6120f6873d8@group-277869D95004
2020-12-18 01:53:58,373 [Command processor thread] INFO  commandhandler.CreatePipelineCommandHandler (CreatePipelineCommandHandler.java:handle(106)) - Created Pipeline RATIS ONE PipelineID=597c3142-7484-45eb-b351-277869d95004.
2020-12-18 01:53:58,769 [EventQueue-PipelineReportForOneReplicaPipelineSafeModeRule] INFO  safemode.SCMSafeModeManager (SCMSafeModeManager.java:validateSafeModeExitRules(214)) - AtleastOneDatanodeReportedRule rule is successfully validated
2020-12-18 01:53:58,769 [EventQueue-OpenPipelineForHealthyPipelineSafeModeRule] INFO  safemode.SCMSafeModeManager (HealthyPipelineSafeModeRule.java:process(128)) - SCM in safe mode. Healthy pipelines reported count is 0, required healthy pipeline reported count is 1
2020-12-18 01:53:58,778 [EventQueue-OpenPipelineForHealthyPipelineSafeModeRule] INFO  safemode.SCMSafeModeManager (HealthyPipelineSafeModeRule.java:process(128)) - SCM in safe mode. Healthy pipelines reported count is 0, required healthy pipeline reported count is 1
2020-12-18 01:53:58,778 [EventQueue-PipelineReportForOneReplicaPipelineSafeModeRule] INFO  safemode.SCMSafeModeManager (SCMSafeModeManager.java:validateSafeModeExitRules(214)) - AtleastOneDatanodeReportedRule rule is successfully validated
2020-12-18 01:53:58,922 [EventQueue-PipelineReportForOneReplicaPipelineSafeModeRule] INFO  safemode.SCMSafeModeManager (SCMSafeModeManager.java:validateSafeModeExitRules(214)) - AtleastOneDatanodeReportedRule rule is successfully validated
2020-12-18 01:53:58,922 [EventQueue-OpenPipelineForHealthyPipelineSafeModeRule] INFO  safemode.SCMSafeModeManager (HealthyPipelineSafeModeRule.java:process(128)) - SCM in safe mode. Healthy pipelines reported count is 0, required healthy pipeline reported count is 1
2020-12-18 01:53:59,040 [EventQueue-OpenPipelineForHealthyPipelineSafeModeRule] INFO  safemode.SCMSafeModeManager (HealthyPipelineSafeModeRule.java:process(128)) - SCM in safe mode. Healthy pipelines reported count is 0, required healthy pipeline reported count is 1
2020-12-18 01:53:59,040 [EventQueue-PipelineReportForOneReplicaPipelineSafeModeRule] INFO  safemode.SCMSafeModeManager (SCMSafeModeManager.java:validateSafeModeExitRules(214)) - AtleastOneDatanodeReportedRule rule is successfully validated
2020-12-18 01:53:59,210 [EventQueue-PipelineReportForOneReplicaPipelineSafeModeRule] INFO  safemode.SCMSafeModeManager (SCMSafeModeManager.java:validateSafeModeExitRules(214)) - AtleastOneDatanodeReportedRule rule is successfully validated
2020-12-18 01:53:59,210 [EventQueue-OpenPipelineForHealthyPipelineSafeModeRule] INFO  safemode.SCMSafeModeManager (HealthyPipelineSafeModeRule.java:process(128)) - SCM in safe mode. Healthy pipelines reported count is 0, required healthy pipeline reported count is 1
2020-12-18 01:53:59,364 [Listener at 127.0.0.1/36003] INFO  ozone.MiniOzoneClusterImpl (MiniOzoneClusterImpl.java:lambda$waitForClusterToBeReady$0(178)) - Nodes are ready. Got 6 of 6 DN Heartbeats.
2020-12-18 01:53:59,364 [Listener at 127.0.0.1/36003] INFO  ozone.MiniOzoneClusterImpl (MiniOzoneClusterImpl.java:lambda$waitForClusterToBeReady$0(181)) - Waiting for cluster to exit safe mode
2020-12-18 01:53:59,365 [EventQueue-PipelineReportForOneReplicaPipelineSafeModeRule] INFO  safemode.SCMSafeModeManager (SCMSafeModeManager.java:validateSafeModeExitRules(214)) - AtleastOneDatanodeReportedRule rule is successfully validated
2020-12-18 01:53:59,365 [EventQueue-OpenPipelineForHealthyPipelineSafeModeRule] INFO  safemode.SCMSafeModeManager (HealthyPipelineSafeModeRule.java:process(128)) - SCM in safe mode. Healthy pipelines reported count is 0, required healthy pipeline reported count is 1
2020-12-18 01:53:59,769 [EventQueue-OpenPipelineForHealthyPipelineSafeModeRule] INFO  safemode.SCMSafeModeManager (HealthyPipelineSafeModeRule.java:process(128)) - SCM in safe mode. Healthy pipelines reported count is 0, required healthy pipeline reported count is 1
2020-12-18 01:53:59,769 [EventQueue-PipelineReportForOneReplicaPipelineSafeModeRule] INFO  safemode.SCMSafeModeManager (SCMSafeModeManager.java:validateSafeModeExitRules(214)) - AtleastOneDatanodeReportedRule rule is successfully validated
2020-12-18 01:53:59,779 [EventQueue-OpenPipelineForHealthyPipelineSafeModeRule] INFO  safemode.SCMSafeModeManager (HealthyPipelineSafeModeRule.java:process(128)) - SCM in safe mode. Healthy pipelines reported count is 0, required healthy pipeline reported count is 1
2020-12-18 01:53:59,779 [EventQueue-PipelineReportForOneReplicaPipelineSafeModeRule] INFO  safemode.SCMSafeModeManager (SCMSafeModeManager.java:validateSafeModeExitRules(214)) - AtleastOneDatanodeReportedRule rule is successfully validated
2020-12-18 01:53:59,922 [EventQueue-PipelineReportForOneReplicaPipelineSafeModeRule] INFO  safemode.SCMSafeModeManager (SCMSafeModeManager.java:validateSafeModeExitRules(214)) - AtleastOneDatanodeReportedRule rule is successfully validated
2020-12-18 01:53:59,922 [EventQueue-OpenPipelineForHealthyPipelineSafeModeRule] INFO  safemode.SCMSafeModeManager (HealthyPipelineSafeModeRule.java:process(128)) - SCM in safe mode. Healthy pipelines reported count is 0, required healthy pipeline reported count is 1
2020-12-18 01:54:00,040 [EventQueue-PipelineReportForOneReplicaPipelineSafeModeRule] INFO  safemode.SCMSafeModeManager (SCMSafeModeManager.java:validateSafeModeExitRules(214)) - AtleastOneDatanodeReportedRule rule is successfully validated
2020-12-18 01:54:00,040 [EventQueue-OpenPipelineForHealthyPipelineSafeModeRule] INFO  safemode.SCMSafeModeManager (HealthyPipelineSafeModeRule.java:process(128)) - SCM in safe mode. Healthy pipelines reported count is 0, required healthy pipeline reported count is 1
2020-12-18 01:54:00,210 [EventQueue-PipelineReportForOneReplicaPipelineSafeModeRule] INFO  safemode.SCMSafeModeManager (SCMSafeModeManager.java:validateSafeModeExitRules(214)) - AtleastOneDatanodeReportedRule rule is successfully validated
2020-12-18 01:54:00,210 [EventQueue-OpenPipelineForHealthyPipelineSafeModeRule] INFO  safemode.SCMSafeModeManager (HealthyPipelineSafeModeRule.java:process(128)) - SCM in safe mode. Healthy pipelines reported count is 0, required healthy pipeline reported count is 1
2020-12-18 01:54:00,364 [Listener at 127.0.0.1/36003] INFO  ozone.MiniOzoneClusterImpl (MiniOzoneClusterImpl.java:lambda$waitForClusterToBeReady$0(178)) - Nodes are ready. Got 6 of 6 DN Heartbeats.
2020-12-18 01:54:00,365 [Listener at 127.0.0.1/36003] INFO  ozone.MiniOzoneClusterImpl (MiniOzoneClusterImpl.java:lambda$waitForClusterToBeReady$0(181)) - Waiting for cluster to exit safe mode
2020-12-18 01:54:00,365 [EventQueue-OpenPipelineForHealthyPipelineSafeModeRule] INFO  safemode.SCMSafeModeManager (HealthyPipelineSafeModeRule.java:process(128)) - SCM in safe mode. Healthy pipelines reported count is 0, required healthy pipeline reported count is 1
2020-12-18 01:54:00,365 [EventQueue-PipelineReportForOneReplicaPipelineSafeModeRule] INFO  safemode.SCMSafeModeManager (SCMSafeModeManager.java:validateSafeModeExitRules(214)) - AtleastOneDatanodeReportedRule rule is successfully validated
2020-12-18 01:54:00,769 [EventQueue-OpenPipelineForHealthyPipelineSafeModeRule] INFO  safemode.SCMSafeModeManager (HealthyPipelineSafeModeRule.java:process(128)) - SCM in safe mode. Healthy pipelines reported count is 0, required healthy pipeline reported count is 1
2020-12-18 01:54:00,770 [EventQueue-PipelineReportForOneReplicaPipelineSafeModeRule] INFO  safemode.SCMSafeModeManager (SCMSafeModeManager.java:validateSafeModeExitRules(214)) - AtleastOneDatanodeReportedRule rule is successfully validated
2020-12-18 01:54:00,778 [EventQueue-OpenPipelineForHealthyPipelineSafeModeRule] INFO  safemode.SCMSafeModeManager (HealthyPipelineSafeModeRule.java:process(128)) - SCM in safe mode. Healthy pipelines reported count is 0, required healthy pipeline reported count is 1
2020-12-18 01:54:00,779 [EventQueue-PipelineReportForOneReplicaPipelineSafeModeRule] INFO  safemode.SCMSafeModeManager (SCMSafeModeManager.java:validateSafeModeExitRules(214)) - AtleastOneDatanodeReportedRule rule is successfully validated
2020-12-18 01:54:00,922 [EventQueue-OpenPipelineForHealthyPipelineSafeModeRule] INFO  safemode.SCMSafeModeManager (HealthyPipelineSafeModeRule.java:process(128)) - SCM in safe mode. Healthy pipelines reported count is 0, required healthy pipeline reported count is 1
2020-12-18 01:54:00,922 [EventQueue-PipelineReportForOneReplicaPipelineSafeModeRule] INFO  safemode.SCMSafeModeManager (SCMSafeModeManager.java:validateSafeModeExitRules(214)) - AtleastOneDatanodeReportedRule rule is successfully validated
2020-12-18 01:54:01,040 [EventQueue-PipelineReportForOneReplicaPipelineSafeModeRule] INFO  safemode.SCMSafeModeManager (SCMSafeModeManager.java:validateSafeModeExitRules(214)) - AtleastOneDatanodeReportedRule rule is successfully validated
2020-12-18 01:54:01,040 [EventQueue-OpenPipelineForHealthyPipelineSafeModeRule] INFO  safemode.SCMSafeModeManager (HealthyPipelineSafeModeRule.java:process(128)) - SCM in safe mode. Healthy pipelines reported count is 0, required healthy pipeline reported count is 1
2020-12-18 01:54:01,210 [EventQueue-PipelineReportForOneReplicaPipelineSafeModeRule] INFO  safemode.SCMSafeModeManager (SCMSafeModeManager.java:validateSafeModeExitRules(214)) - AtleastOneDatanodeReportedRule rule is successfully validated
2020-12-18 01:54:01,210 [EventQueue-OpenPipelineForHealthyPipelineSafeModeRule] INFO  safemode.SCMSafeModeManager (HealthyPipelineSafeModeRule.java:process(128)) - SCM in safe mode. Healthy pipelines reported count is 0, required healthy pipeline reported count is 1
2020-12-18 01:54:01,365 [Listener at 127.0.0.1/36003] INFO  ozone.MiniOzoneClusterImpl (MiniOzoneClusterImpl.java:lambda$waitForClusterToBeReady$0(178)) - Nodes are ready. Got 6 of 6 DN Heartbeats.
2020-12-18 01:54:01,365 [EventQueue-PipelineReportForOneReplicaPipelineSafeModeRule] INFO  safemode.SCMSafeModeManager (SCMSafeModeManager.java:validateSafeModeExitRules(214)) - AtleastOneDatanodeReportedRule rule is successfully validated
2020-12-18 01:54:01,365 [Listener at 127.0.0.1/36003] INFO  ozone.MiniOzoneClusterImpl (MiniOzoneClusterImpl.java:lambda$waitForClusterToBeReady$0(181)) - Waiting for cluster to exit safe mode
2020-12-18 01:54:01,365 [EventQueue-OpenPipelineForHealthyPipelineSafeModeRule] INFO  safemode.SCMSafeModeManager (HealthyPipelineSafeModeRule.java:process(128)) - SCM in safe mode. Healthy pipelines reported count is 0, required healthy pipeline reported count is 1
2020-12-18 01:54:01,776 [EventQueue-PipelineReportForOneReplicaPipelineSafeModeRule] INFO  safemode.SCMSafeModeManager (SCMSafeModeManager.java:validateSafeModeExitRules(214)) - AtleastOneDatanodeReportedRule rule is successfully validated
2020-12-18 01:54:01,776 [EventQueue-OpenPipelineForHealthyPipelineSafeModeRule] INFO  safemode.SCMSafeModeManager (HealthyPipelineSafeModeRule.java:process(128)) - SCM in safe mode. Healthy pipelines reported count is 0, required healthy pipeline reported count is 1
2020-12-18 01:54:01,778 [EventQueue-OpenPipelineForHealthyPipelineSafeModeRule] INFO  safemode.SCMSafeModeManager (HealthyPipelineSafeModeRule.java:process(128)) - SCM in safe mode. Healthy pipelines reported count is 0, required healthy pipeline reported count is 1
2020-12-18 01:54:01,778 [EventQueue-PipelineReportForOneReplicaPipelineSafeModeRule] INFO  safemode.SCMSafeModeManager (SCMSafeModeManager.java:validateSafeModeExitRules(214)) - AtleastOneDatanodeReportedRule rule is successfully validated
2020-12-18 01:54:01,923 [EventQueue-PipelineReportForOneReplicaPipelineSafeModeRule] INFO  safemode.SCMSafeModeManager (SCMSafeModeManager.java:validateSafeModeExitRules(214)) - AtleastOneDatanodeReportedRule rule is successfully validated
2020-12-18 01:54:01,923 [EventQueue-OpenPipelineForHealthyPipelineSafeModeRule] INFO  safemode.SCMSafeModeManager (HealthyPipelineSafeModeRule.java:process(128)) - SCM in safe mode. Healthy pipelines reported count is 0, required healthy pipeline reported count is 1
2020-12-18 01:54:02,041 [EventQueue-PipelineReportForOneReplicaPipelineSafeModeRule] INFO  safemode.SCMSafeModeManager (SCMSafeModeManager.java:validateSafeModeExitRules(214)) - AtleastOneDatanodeReportedRule rule is successfully validated
2020-12-18 01:54:02,041 [EventQueue-OpenPipelineForHealthyPipelineSafeModeRule] INFO  safemode.SCMSafeModeManager (HealthyPipelineSafeModeRule.java:process(128)) - SCM in safe mode. Healthy pipelines reported count is 0, required healthy pipeline reported count is 1
2020-12-18 01:54:02,209 [EventQueue-OpenPipelineForHealthyPipelineSafeModeRule] INFO  safemode.SCMSafeModeManager (HealthyPipelineSafeModeRule.java:process(128)) - SCM in safe mode. Healthy pipelines reported count is 0, required healthy pipeline reported count is 1
2020-12-18 01:54:02,209 [EventQueue-PipelineReportForOneReplicaPipelineSafeModeRule] INFO  safemode.SCMSafeModeManager (SCMSafeModeManager.java:validateSafeModeExitRules(214)) - AtleastOneDatanodeReportedRule rule is successfully validated
2020-12-18 01:54:02,365 [EventQueue-OpenPipelineForHealthyPipelineSafeModeRule] INFO  safemode.SCMSafeModeManager (HealthyPipelineSafeModeRule.java:process(128)) - SCM in safe mode. Healthy pipelines reported count is 0, required healthy pipeline reported count is 1
2020-12-18 01:54:02,365 [EventQueue-PipelineReportForOneReplicaPipelineSafeModeRule] INFO  safemode.SCMSafeModeManager (SCMSafeModeManager.java:validateSafeModeExitRules(214)) - AtleastOneDatanodeReportedRule rule is successfully validated
2020-12-18 01:54:02,365 [Listener at 127.0.0.1/36003] INFO  ozone.MiniOzoneClusterImpl (MiniOzoneClusterImpl.java:lambda$waitForClusterToBeReady$0(178)) - Nodes are ready. Got 6 of 6 DN Heartbeats.
2020-12-18 01:54:02,365 [Listener at 127.0.0.1/36003] INFO  ozone.MiniOzoneClusterImpl (MiniOzoneClusterImpl.java:lambda$waitForClusterToBeReady$0(181)) - Waiting for cluster to exit safe mode
2020-12-18 01:54:02,774 [Thread-3191] INFO  impl.FollowerState (FollowerState.java:run(128)) - 53ca8b2c-5b6c-4f43-832a-400784fc22d8@group-BEEF96FBA3F7-FollowerState: change to CANDIDATE, lastRpcTime:5010ms, electionTimeout:5009ms
2020-12-18 01:54:02,774 [Thread-3191] INFO  impl.RoleInfo (RoleInfo.java:shutdownFollowerState(121)) - 53ca8b2c-5b6c-4f43-832a-400784fc22d8: shutdown 53ca8b2c-5b6c-4f43-832a-400784fc22d8@group-BEEF96FBA3F7-FollowerState
2020-12-18 01:54:02,774 [Thread-3191] INFO  impl.RaftServerImpl (RaftServerImpl.java:setRole(204)) - 53ca8b2c-5b6c-4f43-832a-400784fc22d8@group-BEEF96FBA3F7: changes role from  FOLLOWER to CANDIDATE at term 0 for changeToCandidate
2020-12-18 01:54:02,774 [Thread-3191] INFO  impl.RoleInfo (RoleInfo.java:updateAndGet(143)) - 53ca8b2c-5b6c-4f43-832a-400784fc22d8: start 53ca8b2c-5b6c-4f43-832a-400784fc22d8@group-BEEF96FBA3F7-LeaderElection44
2020-12-18 01:54:02,777 [EventQueue-PipelineReportForOneReplicaPipelineSafeModeRule] INFO  safemode.SCMSafeModeManager (SCMSafeModeManager.java:validateSafeModeExitRules(214)) - AtleastOneDatanodeReportedRule rule is successfully validated
2020-12-18 01:54:02,778 [EventQueue-OpenPipelineForHealthyPipelineSafeModeRule] INFO  safemode.SCMSafeModeManager (HealthyPipelineSafeModeRule.java:process(128)) - SCM in safe mode. Healthy pipelines reported count is 0, required healthy pipeline reported count is 1
2020-12-18 01:54:02,778 [EventQueue-PipelineReportForOneReplicaPipelineSafeModeRule] INFO  safemode.SCMSafeModeManager (SCMSafeModeManager.java:validateSafeModeExitRules(214)) - AtleastOneDatanodeReportedRule rule is successfully validated
2020-12-18 01:54:02,778 [EventQueue-OpenPipelineForHealthyPipelineSafeModeRule] INFO  safemode.SCMSafeModeManager (HealthyPipelineSafeModeRule.java:process(128)) - SCM in safe mode. Healthy pipelines reported count is 0, required healthy pipeline reported count is 1
2020-12-18 01:54:02,778 [53ca8b2c-5b6c-4f43-832a-400784fc22d8@group-BEEF96FBA3F7-LeaderElection44] INFO  impl.LeaderElection (LeaderElection.java:askForVotes(215)) - 53ca8b2c-5b6c-4f43-832a-400784fc22d8@group-BEEF96FBA3F7-LeaderElection44: begin an election at term 1 for -1: [53ca8b2c-5b6c-4f43-832a-400784fc22d8|rpc:172.17.0.2:46217], old=null
2020-12-18 01:54:02,778 [53ca8b2c-5b6c-4f43-832a-400784fc22d8@group-BEEF96FBA3F7-LeaderElection44] INFO  impl.RoleInfo (RoleInfo.java:shutdownLeaderElection(134)) - 53ca8b2c-5b6c-4f43-832a-400784fc22d8: shutdown 53ca8b2c-5b6c-4f43-832a-400784fc22d8@group-BEEF96FBA3F7-LeaderElection44
2020-12-18 01:54:02,779 [53ca8b2c-5b6c-4f43-832a-400784fc22d8@group-BEEF96FBA3F7-LeaderElection44] INFO  impl.RaftServerImpl (RaftServerImpl.java:setRole(204)) - 53ca8b2c-5b6c-4f43-832a-400784fc22d8@group-BEEF96FBA3F7: changes role from CANDIDATE to LEADER at term 1 for changeToLeader
2020-12-18 01:54:02,779 [53ca8b2c-5b6c-4f43-832a-400784fc22d8@group-BEEF96FBA3F7-LeaderElection44] INFO  ratis.XceiverServerRatis (XceiverServerRatis.java:handleLeaderChangedNotification(854)) - Leader change notification received for group: group-BEEF96FBA3F7 with new leaderId: 53ca8b2c-5b6c-4f43-832a-400784fc22d8
2020-12-18 01:54:02,779 [53ca8b2c-5b6c-4f43-832a-400784fc22d8@group-BEEF96FBA3F7-LeaderElection44] INFO  impl.RaftServerImpl (ServerState.java:setLeader(256)) - 53ca8b2c-5b6c-4f43-832a-400784fc22d8@group-BEEF96FBA3F7: change Leader from null to 53ca8b2c-5b6c-4f43-832a-400784fc22d8 at term 1 for becomeLeader, leader elected after 5029ms
2020-12-18 01:54:02,779 [53ca8b2c-5b6c-4f43-832a-400784fc22d8@group-BEEF96FBA3F7-LeaderElection44] INFO  server.RaftServerConfigKeys (ConfUtils.java:logGet(44)) - raft.server.staging.catchup.gap = 1000 (default)
2020-12-18 01:54:02,779 [EventQueue-OpenPipelineForHealthyPipelineSafeModeRule] INFO  safemode.SCMSafeModeManager (HealthyPipelineSafeModeRule.java:process(128)) - SCM in safe mode. Healthy pipelines reported count is 0, required healthy pipeline reported count is 1
2020-12-18 01:54:02,779 [53ca8b2c-5b6c-4f43-832a-400784fc22d8@group-BEEF96FBA3F7-LeaderElection44] INFO  server.RaftServerConfigKeys (ConfUtils.java:logGet(44)) - raft.server.rpc.sleep.time = 25ms (default)
2020-12-18 01:54:02,779 [EventQueue-PipelineReportForOneReplicaPipelineSafeModeRule] INFO  safemode.SCMSafeModeManager (SCMSafeModeManager.java:validateSafeModeExitRules(214)) - AtleastOneDatanodeReportedRule rule is successfully validated
2020-12-18 01:54:02,779 [53ca8b2c-5b6c-4f43-832a-400784fc22d8@group-BEEF96FBA3F7-LeaderElection44] INFO  metrics.RatisMetrics (RatisMetrics.java:lambda$create$0(36)) - Creating Metrics Registry : ratis.log_appender.53ca8b2c-5b6c-4f43-832a-400784fc22d8@group-BEEF96FBA3F7
2020-12-18 01:54:02,780 [53ca8b2c-5b6c-4f43-832a-400784fc22d8@group-BEEF96FBA3F7-LeaderElection44] INFO  server.RaftServerConfigKeys (ConfUtils.java:logGet(44)) - raft.server.write.element-limit = 1024 (custom)
2020-12-18 01:54:02,780 [53ca8b2c-5b6c-4f43-832a-400784fc22d8@group-BEEF96FBA3F7-LeaderElection44] INFO  server.RaftServerConfigKeys (ConfUtils.java:logGet(44)) - raft.server.write.byte-limit = 1073741824 (custom)
2020-12-18 01:54:02,780 [53ca8b2c-5b6c-4f43-832a-400784fc22d8@group-BEEF96FBA3F7-LeaderElection44] INFO  server.RaftServerConfigKeys (ConfUtils.java:logGet(44)) - raft.server.watch.timeout = 180s (custom)
2020-12-18 01:54:02,780 [53ca8b2c-5b6c-4f43-832a-400784fc22d8@group-BEEF96FBA3F7-LeaderElection44] INFO  server.RaftServerConfigKeys (ConfUtils.java:logGet(44)) - raft.server.watch.timeout.denomination = 1s (default)
2020-12-18 01:54:02,780 [53ca8b2c-5b6c-4f43-832a-400784fc22d8@group-BEEF96FBA3F7-LeaderElection44] INFO  server.RaftServerConfigKeys (ConfUtils.java:logGet(44)) - raft.server.watch.element-limit = 65536 (default)
2020-12-18 01:54:02,780 [53ca8b2c-5b6c-4f43-832a-400784fc22d8@group-BEEF96FBA3F7-LeaderElection44] INFO  impl.RoleInfo (RoleInfo.java:updateAndGet(143)) - 53ca8b2c-5b6c-4f43-832a-400784fc22d8: start 53ca8b2c-5b6c-4f43-832a-400784fc22d8@group-BEEF96FBA3F7-LeaderState
2020-12-18 01:54:02,781 [53ca8b2c-5b6c-4f43-832a-400784fc22d8@group-BEEF96FBA3F7-LeaderElection44] INFO  segmented.SegmentedRaftLogWorker (SegmentedRaftLogWorker.java:startLogSegment(398)) - 53ca8b2c-5b6c-4f43-832a-400784fc22d8@group-BEEF96FBA3F7-SegmentedRaftLogWorker: Starting segment from index:0
2020-12-18 01:54:02,781 [53ca8b2c-5b6c-4f43-832a-400784fc22d8@group-BEEF96FBA3F7-LeaderElection44] INFO  impl.RaftServerImpl (ServerState.java:setRaftConf(374)) - 53ca8b2c-5b6c-4f43-832a-400784fc22d8@group-BEEF96FBA3F7: set configuration 0: [53ca8b2c-5b6c-4f43-832a-400784fc22d8|rpc:172.17.0.2:46217|dataStream:], old=null at 0
2020-12-18 01:54:02,782 [53ca8b2c-5b6c-4f43-832a-400784fc22d8@group-BEEF96FBA3F7-SegmentedRaftLogWorker] INFO  segmented.SegmentedRaftLogWorker (SegmentedRaftLogWorker.java:execute(597)) - 53ca8b2c-5b6c-4f43-832a-400784fc22d8@group-BEEF96FBA3F7-SegmentedRaftLogWorker: created new log segment /github/workspace/mnt/ozone/hadoop-ozone/integration-test/target/test-dir/MiniOzoneClusterImpl-3835dc27-2ffb-44b9-9ba4-3f027f37039b/datanode-1/data/ratis/a1d147c5-a50f-4000-b8b2-beef96fba3f7/current/log_inprogress_0
2020-12-18 01:54:02,897 [Thread-3189] INFO  impl.FollowerState (FollowerState.java:run(128)) - 2ed54bf1-42e1-44fc-9c0b-5e6eea7347b7@group-1BCF3B05F380-FollowerState: change to CANDIDATE, lastRpcTime:5136ms, electionTimeout:5136ms
2020-12-18 01:54:02,897 [Thread-3189] INFO  impl.RoleInfo (RoleInfo.java:shutdownFollowerState(121)) - 2ed54bf1-42e1-44fc-9c0b-5e6eea7347b7: shutdown 2ed54bf1-42e1-44fc-9c0b-5e6eea7347b7@group-1BCF3B05F380-FollowerState
2020-12-18 01:54:02,897 [Thread-3189] INFO  impl.RaftServerImpl (RaftServerImpl.java:setRole(204)) - 2ed54bf1-42e1-44fc-9c0b-5e6eea7347b7@group-1BCF3B05F380: changes role from  FOLLOWER to CANDIDATE at term 0 for changeToCandidate
2020-12-18 01:54:02,897 [Thread-3189] INFO  impl.RoleInfo (RoleInfo.java:updateAndGet(143)) - 2ed54bf1-42e1-44fc-9c0b-5e6eea7347b7: start 2ed54bf1-42e1-44fc-9c0b-5e6eea7347b7@group-1BCF3B05F380-LeaderElection45
2020-12-18 01:54:02,900 [2ed54bf1-42e1-44fc-9c0b-5e6eea7347b7@group-1BCF3B05F380-LeaderElection45] INFO  impl.LeaderElection (LeaderElection.java:askForVotes(215)) - 2ed54bf1-42e1-44fc-9c0b-5e6eea7347b7@group-1BCF3B05F380-LeaderElection45: begin an election at term 1 for -1: [2ed54bf1-42e1-44fc-9c0b-5e6eea7347b7|rpc:172.17.0.2:37299], old=null
2020-12-18 01:54:02,900 [2ed54bf1-42e1-44fc-9c0b-5e6eea7347b7@group-1BCF3B05F380-LeaderElection45] INFO  impl.RoleInfo (RoleInfo.java:shutdownLeaderElection(134)) - 2ed54bf1-42e1-44fc-9c0b-5e6eea7347b7: shutdown 2ed54bf1-42e1-44fc-9c0b-5e6eea7347b7@group-1BCF3B05F380-LeaderElection45
2020-12-18 01:54:02,900 [2ed54bf1-42e1-44fc-9c0b-5e6eea7347b7@group-1BCF3B05F380-LeaderElection45] INFO  impl.RaftServerImpl (RaftServerImpl.java:setRole(204)) - 2ed54bf1-42e1-44fc-9c0b-5e6eea7347b7@group-1BCF3B05F380: changes role from CANDIDATE to LEADER at term 1 for changeToLeader
2020-12-18 01:54:02,900 [2ed54bf1-42e1-44fc-9c0b-5e6eea7347b7@group-1BCF3B05F380-LeaderElection45] INFO  ratis.XceiverServerRatis (XceiverServerRatis.java:handleLeaderChangedNotification(854)) - Leader change notification received for group: group-1BCF3B05F380 with new leaderId: 2ed54bf1-42e1-44fc-9c0b-5e6eea7347b7
2020-12-18 01:54:02,900 [2ed54bf1-42e1-44fc-9c0b-5e6eea7347b7@group-1BCF3B05F380-LeaderElection45] INFO  impl.RaftServerImpl (ServerState.java:setLeader(256)) - 2ed54bf1-42e1-44fc-9c0b-5e6eea7347b7@group-1BCF3B05F380: change Leader from null to 2ed54bf1-42e1-44fc-9c0b-5e6eea7347b7 at term 1 for becomeLeader, leader elected after 5152ms
2020-12-18 01:54:02,901 [2ed54bf1-42e1-44fc-9c0b-5e6eea7347b7@group-1BCF3B05F380-LeaderElection45] INFO  server.RaftServerConfigKeys (ConfUtils.java:logGet(44)) - raft.server.staging.catchup.gap = 1000 (default)
2020-12-18 01:54:02,901 [2ed54bf1-42e1-44fc-9c0b-5e6eea7347b7@group-1BCF3B05F380-LeaderElection45] INFO  server.RaftServerConfigKeys (ConfUtils.java:logGet(44)) - raft.server.rpc.sleep.time = 25ms (default)
2020-12-18 01:54:02,901 [2ed54bf1-42e1-44fc-9c0b-5e6eea7347b7@group-1BCF3B05F380-LeaderElection45] INFO  metrics.RatisMetrics (RatisMetrics.java:lambda$create$0(36)) - Creating Metrics Registry : ratis.log_appender.2ed54bf1-42e1-44fc-9c0b-5e6eea7347b7@group-1BCF3B05F380
2020-12-18 01:54:02,901 [2ed54bf1-42e1-44fc-9c0b-5e6eea7347b7@group-1BCF3B05F380-LeaderElection45] INFO  server.RaftServerConfigKeys (ConfUtils.java:logGet(44)) - raft.server.write.element-limit = 1024 (custom)
2020-12-18 01:54:02,901 [2ed54bf1-42e1-44fc-9c0b-5e6eea7347b7@group-1BCF3B05F380-LeaderElection45] INFO  server.RaftServerConfigKeys (ConfUtils.java:logGet(44)) - raft.server.write.byte-limit = 1073741824 (custom)
2020-12-18 01:54:02,901 [EventQueue-PipelineReportForOneReplicaPipelineSafeModeRule] INFO  safemode.SCMSafeModeManager (SCMSafeModeManager.java:validateSafeModeExitRules(214)) - AtleastOneDatanodeReportedRule rule is successfully validated
2020-12-18 01:54:02,901 [EventQueue-OpenPipelineForHealthyPipelineSafeModeRule] INFO  safemode.SCMSafeModeManager (HealthyPipelineSafeModeRule.java:process(128)) - SCM in safe mode. Healthy pipelines reported count is 0, required healthy pipeline reported count is 1
2020-12-18 01:54:02,901 [2ed54bf1-42e1-44fc-9c0b-5e6eea7347b7@group-1BCF3B05F380-LeaderElection45] INFO  server.RaftServerConfigKeys (ConfUtils.java:logGet(44)) - raft.server.watch.timeout = 180s (custom)
2020-12-18 01:54:02,902 [2ed54bf1-42e1-44fc-9c0b-5e6eea7347b7@group-1BCF3B05F380-LeaderElection45] INFO  server.RaftServerConfigKeys (ConfUtils.java:logGet(44)) - raft.server.watch.timeout.denomination = 1s (default)
2020-12-18 01:54:02,902 [2ed54bf1-42e1-44fc-9c0b-5e6eea7347b7@group-1BCF3B05F380-LeaderElection45] INFO  server.RaftServerConfigKeys (ConfUtils.java:logGet(44)) - raft.server.watch.element-limit = 65536 (default)
2020-12-18 01:54:02,902 [2ed54bf1-42e1-44fc-9c0b-5e6eea7347b7@group-1BCF3B05F380-LeaderElection45] INFO  impl.RoleInfo (RoleInfo.java:updateAndGet(143)) - 2ed54bf1-42e1-44fc-9c0b-5e6eea7347b7: start 2ed54bf1-42e1-44fc-9c0b-5e6eea7347b7@group-1BCF3B05F380-LeaderState
2020-12-18 01:54:02,902 [2ed54bf1-42e1-44fc-9c0b-5e6eea7347b7@group-1BCF3B05F380-LeaderElection45] INFO  segmented.SegmentedRaftLogWorker (SegmentedRaftLogWorker.java:startLogSegment(398)) - 2ed54bf1-42e1-44fc-9c0b-5e6eea7347b7@group-1BCF3B05F380-SegmentedRaftLogWorker: Starting segment from index:0
2020-12-18 01:54:02,903 [2ed54bf1-42e1-44fc-9c0b-5e6eea7347b7@group-1BCF3B05F380-LeaderElection45] INFO  impl.RaftServerImpl (ServerState.java:setRaftConf(374)) - 2ed54bf1-42e1-44fc-9c0b-5e6eea7347b7@group-1BCF3B05F380: set configuration 0: [2ed54bf1-42e1-44fc-9c0b-5e6eea7347b7|rpc:172.17.0.2:37299|dataStream:], old=null at 0
2020-12-18 01:54:02,903 [2ed54bf1-42e1-44fc-9c0b-5e6eea7347b7@group-1BCF3B05F380-SegmentedRaftLogWorker] INFO  segmented.SegmentedRaftLogWorker (SegmentedRaftLogWorker.java:execute(597)) - 2ed54bf1-42e1-44fc-9c0b-5e6eea7347b7@group-1BCF3B05F380-SegmentedRaftLogWorker: created new log segment /github/workspace/mnt/ozone/hadoop-ozone/integration-test/target/test-dir/MiniOzoneClusterImpl-3835dc27-2ffb-44b9-9ba4-3f027f37039b/datanode-0/data/ratis/abc3e218-d7e6-4551-b8d8-1bcf3b05f380/current/log_inprogress_0
2020-12-18 01:54:02,923 [EventQueue-PipelineReportForOneReplicaPipelineSafeModeRule] INFO  safemode.SCMSafeModeManager (SCMSafeModeManager.java:validateSafeModeExitRules(214)) - AtleastOneDatanodeReportedRule rule is successfully validated
2020-12-18 01:54:02,923 [EventQueue-OpenPipelineForHealthyPipelineSafeModeRule] INFO  safemode.SCMSafeModeManager (HealthyPipelineSafeModeRule.java:process(128)) - SCM in safe mode. Healthy pipelines reported count is 0, required healthy pipeline reported count is 1
2020-12-18 01:54:02,955 [Thread-3193] INFO  impl.FollowerState (FollowerState.java:run(128)) - 53ca8b2c-5b6c-4f43-832a-400784fc22d8@group-1B93CE588544-FollowerState: change to CANDIDATE, lastRpcTime:5171ms, electionTimeout:5170ms
2020-12-18 01:54:02,955 [Thread-3193] INFO  impl.RoleInfo (RoleInfo.java:shutdownFollowerState(121)) - 53ca8b2c-5b6c-4f43-832a-400784fc22d8: shutdown 53ca8b2c-5b6c-4f43-832a-400784fc22d8@group-1B93CE588544-FollowerState
2020-12-18 01:54:02,955 [Thread-3193] INFO  impl.RaftServerImpl (RaftServerImpl.java:setRole(204)) - 53ca8b2c-5b6c-4f43-832a-400784fc22d8@group-1B93CE588544: changes role from  FOLLOWER to CANDIDATE at term 0 for changeToCandidate
2020-12-18 01:54:02,955 [Thread-3193] INFO  impl.RoleInfo (RoleInfo.java:updateAndGet(143)) - 53ca8b2c-5b6c-4f43-832a-400784fc22d8: start 53ca8b2c-5b6c-4f43-832a-400784fc22d8@group-1B93CE588544-LeaderElection46
2020-12-18 01:54:02,964 [Thread-3195] INFO  impl.FollowerState (FollowerState.java:run(128)) - 2ed54bf1-42e1-44fc-9c0b-5e6eea7347b7@group-1B93CE588544-FollowerState: change to CANDIDATE, lastRpcTime:5166ms, electionTimeout:5158ms
2020-12-18 01:54:02,964 [Thread-3195] INFO  impl.RoleInfo (RoleInfo.java:shutdownFollowerState(121)) - 2ed54bf1-42e1-44fc-9c0b-5e6eea7347b7: shutdown 2ed54bf1-42e1-44fc-9c0b-5e6eea7347b7@group-1B93CE588544-FollowerState
2020-12-18 01:54:02,964 [Thread-3195] INFO  impl.RaftServerImpl (RaftServerImpl.java:setRole(204)) - 2ed54bf1-42e1-44fc-9c0b-5e6eea7347b7@group-1B93CE588544: changes role from  FOLLOWER to CANDIDATE at term 0 for changeToCandidate
2020-12-18 01:54:02,964 [Thread-3195] INFO  impl.RoleInfo (RoleInfo.java:updateAndGet(143)) - 2ed54bf1-42e1-44fc-9c0b-5e6eea7347b7: start 2ed54bf1-42e1-44fc-9c0b-5e6eea7347b7@group-1B93CE588544-LeaderElection47
2020-12-18 01:54:02,971 [53ca8b2c-5b6c-4f43-832a-400784fc22d8@group-1B93CE588544-LeaderElection46] INFO  impl.LeaderElection (LeaderElection.java:askForVotes(215)) - 53ca8b2c-5b6c-4f43-832a-400784fc22d8@group-1B93CE588544-LeaderElection46: begin an election at term 1 for -1: [53ca8b2c-5b6c-4f43-832a-400784fc22d8|rpc:172.17.0.2:46217, 79194d7f-2e7e-4e4e-9d5e-674d7d919289|rpc:172.17.0.2:45263, 2ed54bf1-42e1-44fc-9c0b-5e6eea7347b7|rpc:172.17.0.2:37299], old=null
2020-12-18 01:54:02,971 [2ed54bf1-42e1-44fc-9c0b-5e6eea7347b7@group-1B93CE588544-LeaderElection47] INFO  impl.LeaderElection (LeaderElection.java:askForVotes(215)) - 2ed54bf1-42e1-44fc-9c0b-5e6eea7347b7@group-1B93CE588544-LeaderElection47: begin an election at term 1 for -1: [53ca8b2c-5b6c-4f43-832a-400784fc22d8|rpc:172.17.0.2:46217, 79194d7f-2e7e-4e4e-9d5e-674d7d919289|rpc:172.17.0.2:45263, 2ed54bf1-42e1-44fc-9c0b-5e6eea7347b7|rpc:172.17.0.2:37299], old=null
2020-12-18 01:54:02,987 [grpc-default-executor-3] INFO  impl.RaftServerImpl (RaftServerImpl.java:setRole(204)) - 79194d7f-2e7e-4e4e-9d5e-674d7d919289@group-1B93CE588544: changes role from  FOLLOWER to FOLLOWER at term 1 for recognizeCandidate:53ca8b2c-5b6c-4f43-832a-400784fc22d8
2020-12-18 01:54:02,987 [grpc-default-executor-3] INFO  impl.RoleInfo (RoleInfo.java:shutdownFollowerState(121)) - 79194d7f-2e7e-4e4e-9d5e-674d7d919289: shutdown 79194d7f-2e7e-4e4e-9d5e-674d7d919289@group-1B93CE588544-FollowerState
2020-12-18 01:54:02,987 [grpc-default-executor-3] INFO  impl.RoleInfo (RoleInfo.java:updateAndGet(143)) - 79194d7f-2e7e-4e4e-9d5e-674d7d919289: start 79194d7f-2e7e-4e4e-9d5e-674d7d919289@group-1B93CE588544-FollowerState
2020-12-18 01:54:02,987 [Thread-3201] INFO  impl.FollowerState (FollowerState.java:run(137)) - 79194d7f-2e7e-4e4e-9d5e-674d7d919289@group-1B93CE588544-FollowerState was interrupted: {}
java.lang.InterruptedException: sleep interrupted
	at java.lang.Thread.sleep(Native Method)
	at org.apache.ratis.util.JavaUtils.sleep(JavaUtils.java:250)
	at org.apache.ratis.server.impl.FollowerState.run(FollowerState.java:116)
2020-12-18 01:54:02,987 [grpc-default-executor-3] INFO  impl.RaftServerImpl (RaftServerImpl.java:requestVote(963)) -  FOLLOWER 79194d7f-2e7e-4e4e-9d5e-674d7d919289@group-1B93CE588544:t1, leader=null, voted=null, raftlog=79194d7f-2e7e-4e4e-9d5e-674d7d919289@group-1B93CE588544-SegmentedRaftLog:OPENED:c-1,f-1,i0, conf=-1: [53ca8b2c-5b6c-4f43-832a-400784fc22d8|rpc:172.17.0.2:46217|dataStream:, 79194d7f-2e7e-4e4e-9d5e-674d7d919289|rpc:172.17.0.2:45263|dataStream:, 2ed54bf1-42e1-44fc-9c0b-5e6eea7347b7|rpc:172.17.0.2:37299|dataStream:], old=null RUNNING priority:0 candidate:53ca8b2c-5b6c-4f43-832a-400784fc22d8|rpc:172.17.0.2:46217|dataStream: candidatePriority:0 compare:0
2020-12-18 01:54:02,993 [Thread-3203] INFO  impl.FollowerState (FollowerState.java:run(128)) - 79194d7f-2e7e-4e4e-9d5e-674d7d919289@group-38CB54CFF45F-FollowerState: change to CANDIDATE, lastRpcTime:5060ms, electionTimeout:5056ms
2020-12-18 01:54:02,993 [Thread-3203] INFO  impl.RoleInfo (RoleInfo.java:shutdownFollowerState(121)) - 79194d7f-2e7e-4e4e-9d5e-674d7d919289: shutdown 79194d7f-2e7e-4e4e-9d5e-674d7d919289@group-38CB54CFF45F-FollowerState
2020-12-18 01:54:02,993 [Thread-3203] INFO  impl.RaftServerImpl (RaftServerImpl.java:setRole(204)) - 79194d7f-2e7e-4e4e-9d5e-674d7d919289@group-38CB54CFF45F: changes role from  FOLLOWER to CANDIDATE at term 0 for changeToCandidate
2020-12-18 01:54:02,993 [Thread-3203] INFO  impl.RoleInfo (RoleInfo.java:updateAndGet(143)) - 79194d7f-2e7e-4e4e-9d5e-674d7d919289: start 79194d7f-2e7e-4e4e-9d5e-674d7d919289@group-38CB54CFF45F-LeaderElection48
2020-12-18 01:54:03,005 [53ca8b2c-5b6c-4f43-832a-400784fc22d8@group-1B93CE588544-LeaderElection46] INFO  impl.LeaderElection (LeaderElection.java:logAndReturn(65)) - 53ca8b2c-5b6c-4f43-832a-400784fc22d8@group-1B93CE588544-LeaderElection46: Election PASSED; received 1 response(s) [53ca8b2c-5b6c-4f43-832a-400784fc22d8<-79194d7f-2e7e-4e4e-9d5e-674d7d919289#0:OK-t1] and 0 exception(s); 53ca8b2c-5b6c-4f43-832a-400784fc22d8@group-1B93CE588544:t1, leader=null, voted=53ca8b2c-5b6c-4f43-832a-400784fc22d8, raftlog=53ca8b2c-5b6c-4f43-832a-400784fc22d8@group-1B93CE588544-SegmentedRaftLog:OPENED:c-1,f-1,i0, conf=-1: [53ca8b2c-5b6c-4f43-832a-400784fc22d8|rpc:172.17.0.2:46217, 79194d7f-2e7e-4e4e-9d5e-674d7d919289|rpc:172.17.0.2:45263, 2ed54bf1-42e1-44fc-9c0b-5e6eea7347b7|rpc:172.17.0.2:37299], old=null
2020-12-18 01:54:03,005 [53ca8b2c-5b6c-4f43-832a-400784fc22d8@group-1B93CE588544-LeaderElection46] INFO  impl.RoleInfo (RoleInfo.java:shutdownLeaderElection(134)) - 53ca8b2c-5b6c-4f43-832a-400784fc22d8: shutdown 53ca8b2c-5b6c-4f43-832a-400784fc22d8@group-1B93CE588544-LeaderElection46
2020-12-18 01:54:03,005 [53ca8b2c-5b6c-4f43-832a-400784fc22d8@group-1B93CE588544-LeaderElection46] INFO  impl.RaftServerImpl (RaftServerImpl.java:setRole(204)) - 53ca8b2c-5b6c-4f43-832a-400784fc22d8@group-1B93CE588544: changes role from CANDIDATE to LEADER at term 1 for changeToLeader
2020-12-18 01:54:03,005 [53ca8b2c-5b6c-4f43-832a-400784fc22d8@group-1B93CE588544-LeaderElection46] INFO  ratis.XceiverServerRatis (XceiverServerRatis.java:handleLeaderChangedNotification(854)) - Leader change notification received for group: group-1B93CE588544 with new leaderId: 53ca8b2c-5b6c-4f43-832a-400784fc22d8
2020-12-18 01:54:03,005 [53ca8b2c-5b6c-4f43-832a-400784fc22d8@group-1B93CE588544-LeaderElection46] INFO  impl.RaftServerImpl (ServerState.java:setLeader(256)) - 53ca8b2c-5b6c-4f43-832a-400784fc22d8@group-1B93CE588544: change Leader from null to 53ca8b2c-5b6c-4f43-832a-400784fc22d8 at term 1 for becomeLeader, leader elected after 5237ms
2020-12-18 01:54:03,005 [53ca8b2c-5b6c-4f43-832a-400784fc22d8@group-1B93CE588544-LeaderElection46] INFO  server.RaftServerConfigKeys (ConfUtils.java:logGet(44)) - raft.server.staging.catchup.gap = 1000 (default)
2020-12-18 01:54:03,005 [53ca8b2c-5b6c-4f43-832a-400784fc22d8@group-1B93CE588544-LeaderElection46] INFO  server.RaftServerConfigKeys (ConfUtils.java:logGet(44)) - raft.server.rpc.sleep.time = 25ms (default)
2020-12-18 01:54:03,005 [53ca8b2c-5b6c-4f43-832a-400784fc22d8@group-1B93CE588544-LeaderElection46] INFO  metrics.RatisMetrics (RatisMetrics.java:lambda$create$0(36)) - Creating Metrics Registry : ratis.log_appender.53ca8b2c-5b6c-4f43-832a-400784fc22d8@group-1B93CE588544
2020-12-18 01:54:03,005 [53ca8b2c-5b6c-4f43-832a-400784fc22d8@group-1B93CE588544-LeaderElection46] INFO  server.RaftServerConfigKeys (ConfUtils.java:logGet(44)) - raft.server.write.element-limit = 1024 (custom)
2020-12-18 01:54:03,005 [53ca8b2c-5b6c-4f43-832a-400784fc22d8@group-1B93CE588544-LeaderElection46] INFO  server.RaftServerConfigKeys (ConfUtils.java:logGet(44)) - raft.server.write.byte-limit = 1073741824 (custom)
2020-12-18 01:54:03,006 [EventQueue-PipelineReportForPipelineReportHandler] INFO  pipeline.PipelineStateManager (PipelineStateManager.java:openPipeline(132)) - Pipeline Pipeline[ Id: a90a8c13-2500-4eb3-b043-1b93ce588544, Nodes: 53ca8b2c-5b6c-4f43-832a-400784fc22d8{ip: 172.17.0.2, host: 1fad9502c7b4, networkLocation: /default-rack, certSerialId: null, persistedOpState: IN_SERVICE, persistedOpStateExpiryEpochSec: 0}2ed54bf1-42e1-44fc-9c0b-5e6eea7347b7{ip: 172.17.0.2, host: 1fad9502c7b4, networkLocation: /default-rack, certSerialId: null, persistedOpState: IN_SERVICE, persistedOpStateExpiryEpochSec: 0}79194d7f-2e7e-4e4e-9d5e-674d7d919289{ip: 172.17.0.2, host: 1fad9502c7b4, networkLocation: /default-rack, certSerialId: null, persistedOpState: IN_SERVICE, persistedOpStateExpiryEpochSec: 0}, Type:RATIS, Factor:THREE, State:ALLOCATED, leaderId:53ca8b2c-5b6c-4f43-832a-400784fc22d8, CreationTimestamp2020-12-18T01:53:54.847Z] moved to OPEN state
2020-12-18 01:54:03,007 [EventQueue-OpenPipelineForHealthyPipelineSafeModeRule] INFO  safemode.SCMSafeModeManager (HealthyPipelineSafeModeRule.java:process(128)) - SCM in safe mode. Healthy pipelines reported count is 1, required healthy pipeline reported count is 1
2020-12-18 01:54:03,007 [EventQueue-PipelineReportForOneReplicaPipelineSafeModeRule] INFO  safemode.SCMSafeModeManager (SCMSafeModeManager.java:validateSafeModeExitRules(214)) - AtleastOneDatanodeReportedRule rule is successfully validated
2020-12-18 01:54:03,007 [EventQueue-OpenPipelineForHealthyPipelineSafeModeRule] INFO  safemode.SCMSafeModeManager (SCMSafeModeManager.java:validateSafeModeExitRules(214)) - HealthyPipelineSafeModeRule rule is successfully validated
2020-12-18 01:54:03,007 [EventQueue-OpenPipelineForHealthyPipelineSafeModeRule] INFO  safemode.SCMSafeModeManager (SCMSafeModeManager.java:validateSafeModeExitRules(228)) - ScmSafeModeManager, all rules are successfully validated
2020-12-18 01:54:03,007 [EventQueue-OpenPipelineForHealthyPipelineSafeModeRule] INFO  safemode.SCMSafeModeManager (SCMSafeModeManager.java:exitSafeMode(257)) - SCM exiting safe mode.
2020-12-18 01:54:03,009 [53ca8b2c-5b6c-4f43-832a-400784fc22d8@group-1B93CE588544-LeaderElection46] INFO  server.RaftServerConfigKeys (ConfUtils.java:logGet(44)) - raft.server.watch.timeout = 180s (custom)
2020-12-18 01:54:03,009 [53ca8b2c-5b6c-4f43-832a-400784fc22d8@group-1B93CE588544-LeaderElection46] INFO  server.RaftServerConfigKeys (ConfUtils.java:logGet(44)) - raft.server.watch.timeout.denomination = 1s (default)
2020-12-18 01:54:03,009 [53ca8b2c-5b6c-4f43-832a-400784fc22d8@group-1B93CE588544-LeaderElection46] INFO  server.RaftServerConfigKeys (ConfUtils.java:logGet(44)) - raft.server.watch.element-limit = 65536 (default)
2020-12-18 01:54:03,009 [53ca8b2c-5b6c-4f43-832a-400784fc22d8@group-1B93CE588544-LeaderElection46] INFO  server.RaftServerConfigKeys (ConfUtils.java:logGet(44)) - raft.server.log.appender.snapshot.chunk.size.max = 16MB (=16777216) (default)
2020-12-18 01:54:03,009 [53ca8b2c-5b6c-4f43-832a-400784fc22d8@group-1B93CE588544-LeaderElection46] INFO  server.RaftServerConfigKeys (ConfUtils.java:logGet(44)) - raft.server.log.appender.buffer.byte-limit = 33554432 (custom)
2020-12-18 01:54:03,009 [53ca8b2c-5b6c-4f43-832a-400784fc22d8@group-1B93CE588544-LeaderElection46] INFO  server.RaftServerConfigKeys (ConfUtils.java:logGet(44)) - raft.server.log.appender.buffer.element-limit = 1 (custom)
2020-12-18 01:54:03,018 [53ca8b2c-5b6c-4f43-832a-400784fc22d8@group-1B93CE588544-LeaderElection46] INFO  grpc.GrpcConfigKeys (ConfUtils.java:logGet(44)) - raft.grpc.server.leader.outstanding.appends.max = 128 (default)
2020-12-18 01:54:03,018 [53ca8b2c-5b6c-4f43-832a-400784fc22d8@group-1B93CE588544-LeaderElection46] INFO  server.RaftServerConfigKeys (ConfUtils.java:logGet(44)) - raft.server.rpc.request.timeout = 60s (custom)
2020-12-18 01:54:03,018 [53ca8b2c-5b6c-4f43-832a-400784fc22d8@group-1B93CE588544-LeaderElection46] INFO  server.RaftServerConfigKeys (ConfUtils.java:logGet(44)) - raft.server.log.appender.install.snapshot.enabled = false (custom)
2020-12-18 01:54:03,018 [53ca8b2c-5b6c-4f43-832a-400784fc22d8@group-1B93CE588544-LeaderElection46] INFO  metrics.RatisMetrics (RatisMetrics.java:lambda$create$0(36)) - Creating Metrics Registry : ratis_grpc.log_appender.53ca8b2c-5b6c-4f43-832a-400784fc22d8@group-1B93CE588544
2020-12-18 01:54:03,020 [53ca8b2c-5b6c-4f43-832a-400784fc22d8@group-1B93CE588544-LeaderElection46] INFO  server.RaftServerConfigKeys (ConfUtils.java:logGet(44)) - raft.server.log.appender.snapshot.chunk.size.max = 16MB (=16777216) (default)
2020-12-18 01:54:03,020 [53ca8b2c-5b6c-4f43-832a-400784fc22d8@group-1B93CE588544-LeaderElection46] INFO  server.RaftServerConfigKeys (ConfUtils.java:logGet(44)) - raft.server.log.appender.buffer.byte-limit = 33554432 (custom)
2020-12-18 01:54:03,020 [53ca8b2c-5b6c-4f43-832a-400784fc22d8@group-1B93CE588544-LeaderElection46] INFO  server.RaftServerConfigKeys (ConfUtils.java:logGet(44)) - raft.server.log.appender.buffer.element-limit = 1 (custom)
2020-12-18 01:54:03,020 [53ca8b2c-5b6c-4f43-832a-400784fc22d8@group-1B93CE588544-LeaderElection46] INFO  grpc.GrpcConfigKeys (ConfUtils.java:logGet(44)) - raft.grpc.server.leader.outstanding.appends.max = 128 (default)
2020-12-18 01:54:03,020 [53ca8b2c-5b6c-4f43-832a-400784fc22d8@group-1B93CE588544-LeaderElection46] INFO  server.RaftServerConfigKeys (ConfUtils.java:logGet(44)) - raft.server.rpc.request.timeout = 60s (custom)
2020-12-18 01:54:03,020 [53ca8b2c-5b6c-4f43-832a-400784fc22d8@group-1B93CE588544-LeaderElection46] INFO  server.RaftServerConfigKeys (ConfUtils.java:logGet(44)) - raft.server.log.appender.install.snapshot.enabled = false (custom)
2020-12-18 01:54:03,022 [53ca8b2c-5b6c-4f43-832a-400784fc22d8@group-1B93CE588544-LeaderElection46] INFO  impl.RoleInfo (RoleInfo.java:updateAndGet(143)) - 53ca8b2c-5b6c-4f43-832a-400784fc22d8: start 53ca8b2c-5b6c-4f43-832a-400784fc22d8@group-1B93CE588544-LeaderState
2020-12-18 01:54:03,022 [53ca8b2c-5b6c-4f43-832a-400784fc22d8@group-1B93CE588544-LeaderElection46] INFO  segmented.SegmentedRaftLogWorker (SegmentedRaftLogWorker.java:startLogSegment(398)) - 53ca8b2c-5b6c-4f43-832a-400784fc22d8@group-1B93CE588544-SegmentedRaftLogWorker: Starting segment from index:0
2020-12-18 01:54:03,023 [53ca8b2c-5b6c-4f43-832a-400784fc22d8@group-1B93CE588544-SegmentedRaftLogWorker] INFO  segmented.SegmentedRaftLogWorker (SegmentedRaftLogWorker.java:execute(597)) - 53ca8b2c-5b6c-4f43-832a-400784fc22d8@group-1B93CE588544-SegmentedRaftLogWorker: created new log segment /github/workspace/mnt/ozone/hadoop-ozone/integration-test/target/test-dir/MiniOzoneClusterImpl-3835dc27-2ffb-44b9-9ba4-3f027f37039b/datanode-1/data/ratis/a90a8c13-2500-4eb3-b043-1b93ce588544/current/log_inprogress_0
2020-12-18 01:54:03,024 [79194d7f-2e7e-4e4e-9d5e-674d7d919289@group-38CB54CFF45F-LeaderElection48] INFO  impl.LeaderElection (LeaderElection.java:askForVotes(215)) - 79194d7f-2e7e-4e4e-9d5e-674d7d919289@group-38CB54CFF45F-LeaderElection48: begin an election at term 1 for -1: [79194d7f-2e7e-4e4e-9d5e-674d7d919289|rpc:172.17.0.2:45263], old=null
2020-12-18 01:54:03,024 [79194d7f-2e7e-4e4e-9d5e-674d7d919289@group-38CB54CFF45F-LeaderElection48] INFO  impl.RoleInfo (RoleInfo.java:shutdownLeaderElection(134)) - 79194d7f-2e7e-4e4e-9d5e-674d7d919289: shutdown 79194d7f-2e7e-4e4e-9d5e-674d7d919289@group-38CB54CFF45F-LeaderElection48
2020-12-18 01:54:03,024 [79194d7f-2e7e-4e4e-9d5e-674d7d919289@group-38CB54CFF45F-LeaderElection48] INFO  impl.RaftServerImpl (RaftServerImpl.java:setRole(204)) - 79194d7f-2e7e-4e4e-9d5e-674d7d919289@group-38CB54CFF45F: changes role from CANDIDATE to LEADER at term 1 for changeToLeader
2020-12-18 01:54:03,024 [79194d7f-2e7e-4e4e-9d5e-674d7d919289@group-38CB54CFF45F-LeaderElection48] INFO  ratis.XceiverServerRatis (XceiverServerRatis.java:handleLeaderChangedNotification(854)) - Leader change notification received for group: group-38CB54CFF45F with new leaderId: 79194d7f-2e7e-4e4e-9d5e-674d7d919289
2020-12-18 01:54:03,024 [53ca8b2c-5b6c-4f43-832a-400784fc22d8@group-1B93CE588544-LeaderElection46] INFO  impl.RaftServerImpl (ServerState.java:setRaftConf(374)) - 53ca8b2c-5b6c-4f43-832a-400784fc22d8@group-1B93CE588544: set configuration 0: [53ca8b2c-5b6c-4f43-832a-400784fc22d8|rpc:172.17.0.2:46217|dataStream:, 79194d7f-2e7e-4e4e-9d5e-674d7d919289|rpc:172.17.0.2:45263|dataStream:, 2ed54bf1-42e1-44fc-9c0b-5e6eea7347b7|rpc:172.17.0.2:37299|dataStream:], old=null at 0
2020-12-18 01:54:03,025 [79194d7f-2e7e-4e4e-9d5e-674d7d919289@group-38CB54CFF45F-LeaderElection48] INFO  impl.RaftServerImpl (ServerState.java:setLeader(256)) - 79194d7f-2e7e-4e4e-9d5e-674d7d919289@group-38CB54CFF45F: change Leader from null to 79194d7f-2e7e-4e4e-9d5e-674d7d919289 at term 1 for becomeLeader, leader elected after 5102ms
2020-12-18 01:54:03,025 [79194d7f-2e7e-4e4e-9d5e-674d7d919289@group-38CB54CFF45F-LeaderElection48] INFO  server.RaftServerConfigKeys (ConfUtils.java:logGet(44)) - raft.server.staging.catchup.gap = 1000 (default)
2020-12-18 01:54:03,025 [79194d7f-2e7e-4e4e-9d5e-674d7d919289@group-38CB54CFF45F-LeaderElection48] INFO  server.RaftServerConfigKeys (ConfUtils.java:logGet(44)) - raft.server.rpc.sleep.time = 25ms (default)
2020-12-18 01:54:03,025 [79194d7f-2e7e-4e4e-9d5e-674d7d919289@group-38CB54CFF45F-LeaderElection48] INFO  metrics.RatisMetrics (RatisMetrics.java:lambda$create$0(36)) - Creating Metrics Registry : ratis.log_appender.79194d7f-2e7e-4e4e-9d5e-674d7d919289@group-38CB54CFF45F
2020-12-18 01:54:03,026 [79194d7f-2e7e-4e4e-9d5e-674d7d919289@group-38CB54CFF45F-LeaderElection48] INFO  server.RaftServerConfigKeys (ConfUtils.java:logGet(44)) - raft.server.write.element-limit = 1024 (custom)
2020-12-18 01:54:03,026 [79194d7f-2e7e-4e4e-9d5e-674d7d919289@group-38CB54CFF45F-LeaderElection48] INFO  server.RaftServerConfigKeys (ConfUtils.java:logGet(44)) - raft.server.write.byte-limit = 1073741824 (custom)
2020-12-18 01:54:03,026 [2ed54bf1-42e1-44fc-9c0b-5e6eea7347b7@group-1B93CE588544-LeaderElection47] INFO  impl.LeaderElection (LeaderElection.java:logAndReturn(65)) - 2ed54bf1-42e1-44fc-9c0b-5e6eea7347b7@group-1B93CE588544-LeaderElection47: Election REJECTED; received 2 response(s) [2ed54bf1-42e1-44fc-9c0b-5e6eea7347b7<-53ca8b2c-5b6c-4f43-832a-400784fc22d8#0:FAIL-t1, 2ed54bf1-42e1-44fc-9c0b-5e6eea7347b7<-79194d7f-2e7e-4e4e-9d5e-674d7d919289#0:FAIL-t1] and 0 exception(s); 2ed54bf1-42e1-44fc-9c0b-5e6eea7347b7@group-1B93CE588544:t1, leader=null, voted=2ed54bf1-42e1-44fc-9c0b-5e6eea7347b7, raftlog=2ed54bf1-42e1-44fc-9c0b-5e6eea7347b7@group-1B93CE588544-SegmentedRaftLog:OPENED:c-1,f-1,i0, conf=-1: [53ca8b2c-5b6c-4f43-832a-400784fc22d8|rpc:172.17.0.2:46217, 79194d7f-2e7e-4e4e-9d5e-674d7d919289|rpc:172.17.0.2:45263, 2ed54bf1-42e1-44fc-9c0b-5e6eea7347b7|rpc:172.17.0.2:37299], old=null
2020-12-18 01:54:03,026 [2ed54bf1-42e1-44fc-9c0b-5e6eea7347b7@group-1B93CE588544-LeaderElection47] INFO  impl.RaftServerImpl (RaftServerImpl.java:setRole(204)) - 2ed54bf1-42e1-44fc-9c0b-5e6eea7347b7@group-1B93CE588544: changes role from CANDIDATE to FOLLOWER at term 1 for DISCOVERED_A_NEW_TERM
2020-12-18 01:54:03,026 [2ed54bf1-42e1-44fc-9c0b-5e6eea7347b7@group-1B93CE588544-LeaderElection47] INFO  impl.RoleInfo (RoleInfo.java:shutdownLeaderElection(134)) - 2ed54bf1-42e1-44fc-9c0b-5e6eea7347b7: shutdown 2ed54bf1-42e1-44fc-9c0b-5e6eea7347b7@group-1B93CE588544-LeaderElection47
2020-12-18 01:54:03,026 [2ed54bf1-42e1-44fc-9c0b-5e6eea7347b7@group-1B93CE588544-LeaderElection47] INFO  impl.RoleInfo (RoleInfo.java:updateAndGet(143)) - 2ed54bf1-42e1-44fc-9c0b-5e6eea7347b7: start 2ed54bf1-42e1-44fc-9c0b-5e6eea7347b7@group-1B93CE588544-FollowerState
2020-12-18 01:54:03,035 [Thread-3205] INFO  impl.FollowerState (FollowerState.java:run(128)) - f3bcc9d7-8a28-4733-a3d2-9ac8d8ec4839@group-41EC84FBA706-FollowerState: change to CANDIDATE, lastRpcTime:5002ms, electionTimeout:5002ms
2020-12-18 01:54:03,036 [grpc-default-executor-1] INFO  ratis.XceiverServerRatis (XceiverServerRatis.java:handleLeaderChangedNotification(854)) - Leader change notification received for group: group-1B93CE588544 with new leaderId: 53ca8b2c-5b6c-4f43-832a-400784fc22d8
2020-12-18 01:54:03,036 [grpc-default-executor-1] INFO  impl.RaftServerImpl (ServerState.java:setLeader(256)) - 79194d7f-2e7e-4e4e-9d5e-674d7d919289@group-1B93CE588544: change Leader from null to 53ca8b2c-5b6c-4f43-832a-400784fc22d8 at term 1 for appendEntries, leader elected after 5194ms
2020-12-18 01:54:03,037 [grpc-default-executor-3] INFO  ratis.XceiverServerRatis (XceiverServerRatis.java:handleLeaderChangedNotification(854)) - Leader change notification received for group: group-1B93CE588544 with new leaderId: 53ca8b2c-5b6c-4f43-832a-400784fc22d8
2020-12-18 01:54:03,037 [grpc-default-executor-3] INFO  impl.RaftServerImpl (ServerState.java:setLeader(256)) - 2ed54bf1-42e1-44fc-9c0b-5e6eea7347b7@group-1B93CE588544: change Leader from null to 53ca8b2c-5b6c-4f43-832a-400784fc22d8 at term 1 for appendEntries, leader elected after 5260ms
2020-12-18 01:54:03,039 [79194d7f-2e7e-4e4e-9d5e-674d7d919289@group-38CB54CFF45F-LeaderElection48] INFO  server.RaftServerConfigKeys (ConfUtils.java:logGet(44)) - raft.server.watch.timeout = 180s (custom)
2020-12-18 01:54:03,039 [79194d7f-2e7e-4e4e-9d5e-674d7d919289@group-38CB54CFF45F-LeaderElection48] INFO  server.RaftServerConfigKeys (ConfUtils.java:logGet(44)) - raft.server.watch.timeout.denomination = 1s (default)
2020-12-18 01:54:03,039 [79194d7f-2e7e-4e4e-9d5e-674d7d919289@group-38CB54CFF45F-LeaderElection48] INFO  server.RaftServerConfigKeys (ConfUtils.java:logGet(44)) - raft.server.watch.element-limit = 65536 (default)
2020-12-18 01:54:03,039 [79194d7f-2e7e-4e4e-9d5e-674d7d919289@group-38CB54CFF45F-LeaderElection48] INFO  impl.RoleInfo (RoleInfo.java:updateAndGet(143)) - 79194d7f-2e7e-4e4e-9d5e-674d7d919289: start 79194d7f-2e7e-4e4e-9d5e-674d7d919289@group-38CB54CFF45F-LeaderState
2020-12-18 01:54:03,040 [Thread-3205] INFO  impl.RoleInfo (RoleInfo.java:shutdownFollowerState(121)) - f3bcc9d7-8a28-4733-a3d2-9ac8d8ec4839: shutdown f3bcc9d7-8a28-4733-a3d2-9ac8d8ec4839@group-41EC84FBA706-FollowerState
2020-12-18 01:54:03,040 [Thread-3205] INFO  impl.RaftServerImpl (RaftServerImpl.java:setRole(204)) - f3bcc9d7-8a28-4733-a3d2-9ac8d8ec4839@group-41EC84FBA706: changes role from  FOLLOWER to CANDIDATE at term 0 for changeToCandidate
2020-12-18 01:54:03,040 [Thread-3205] INFO  impl.RoleInfo (RoleInfo.java:updateAndGet(143)) - f3bcc9d7-8a28-4733-a3d2-9ac8d8ec4839: start f3bcc9d7-8a28-4733-a3d2-9ac8d8ec4839@group-41EC84FBA706-LeaderElection49
2020-12-18 01:54:03,043 [79194d7f-2e7e-4e4e-9d5e-674d7d919289@group-38CB54CFF45F-LeaderElection48] INFO  segmented.SegmentedRaftLogWorker (SegmentedRaftLogWorker.java:startLogSegment(398)) - 79194d7f-2e7e-4e4e-9d5e-674d7d919289@group-38CB54CFF45F-SegmentedRaftLogWorker: Starting segment from index:0
2020-12-18 01:54:03,043 [79194d7f-2e7e-4e4e-9d5e-674d7d919289@group-38CB54CFF45F-LeaderElection48] INFO  impl.RaftServerImpl (ServerState.java:setRaftConf(374)) - 79194d7f-2e7e-4e4e-9d5e-674d7d919289@group-38CB54CFF45F: set configuration 0: [79194d7f-2e7e-4e4e-9d5e-674d7d919289|rpc:172.17.0.2:45263|dataStream:], old=null at 0
2020-12-18 01:54:03,045 [grpc-default-executor-0] INFO  impl.RaftServerImpl (ServerState.java:setRaftConf(374)) - 2ed54bf1-42e1-44fc-9c0b-5e6eea7347b7@group-1B93CE588544: set configuration 0: [53ca8b2c-5b6c-4f43-832a-400784fc22d8|rpc:172.17.0.2:46217|dataStream:, 79194d7f-2e7e-4e4e-9d5e-674d7d919289|rpc:172.17.0.2:45263|dataStream:, 2ed54bf1-42e1-44fc-9c0b-5e6eea7347b7|rpc:172.17.0.2:37299|dataStream:], old=null at 0
2020-12-18 01:54:03,047 [79194d7f-2e7e-4e4e-9d5e-674d7d919289@group-38CB54CFF45F-SegmentedRaftLogWorker] INFO  segmented.SegmentedRaftLogWorker (SegmentedRaftLogWorker.java:execute(597)) - 79194d7f-2e7e-4e4e-9d5e-674d7d919289@group-38CB54CFF45F-SegmentedRaftLogWorker: created new log segment /github/workspace/mnt/ozone/hadoop-ozone/integration-test/target/test-dir/MiniOzoneClusterImpl-3835dc27-2ffb-44b9-9ba4-3f027f37039b/datanode-2/data/ratis/59f714b7-7708-4c38-92ec-38cb54cff45f/current/log_inprogress_0
2020-12-18 01:54:03,047 [f3bcc9d7-8a28-4733-a3d2-9ac8d8ec4839@group-41EC84FBA706-LeaderElection49] INFO  impl.LeaderElection (LeaderElection.java:askForVotes(215)) - f3bcc9d7-8a28-4733-a3d2-9ac8d8ec4839@group-41EC84FBA706-LeaderElection49: begin an election at term 1 for -1: [f3bcc9d7-8a28-4733-a3d2-9ac8d8ec4839|rpc:172.17.0.2:42875], old=null
2020-12-18 01:54:03,047 [f3bcc9d7-8a28-4733-a3d2-9ac8d8ec4839@group-41EC84FBA706-LeaderElection49] INFO  impl.RoleInfo (RoleInfo.java:shutdownLeaderElection(134)) - f3bcc9d7-8a28-4733-a3d2-9ac8d8ec4839: shutdown f3bcc9d7-8a28-4733-a3d2-9ac8d8ec4839@group-41EC84FBA706-LeaderElection49
2020-12-18 01:54:03,047 [f3bcc9d7-8a28-4733-a3d2-9ac8d8ec4839@group-41EC84FBA706-LeaderElection49] INFO  impl.RaftServerImpl (RaftServerImpl.java:setRole(204)) - f3bcc9d7-8a28-4733-a3d2-9ac8d8ec4839@group-41EC84FBA706: changes role from CANDIDATE to LEADER at term 1 for changeToLeader
2020-12-18 01:54:03,047 [grpc-default-executor-3] INFO  impl.RaftServerImpl (ServerState.java:setRaftConf(374)) - 79194d7f-2e7e-4e4e-9d5e-674d7d919289@group-1B93CE588544: set configuration 0: [53ca8b2c-5b6c-4f43-832a-400784fc22d8|rpc:172.17.0.2:46217|dataStream:, 79194d7f-2e7e-4e4e-9d5e-674d7d919289|rpc:172.17.0.2:45263|dataStream:, 2ed54bf1-42e1-44fc-9c0b-5e6eea7347b7|rpc:172.17.0.2:37299|dataStream:], old=null at 0
2020-12-18 01:54:03,048 [grpc-default-executor-0] INFO  segmented.SegmentedRaftLogWorker (SegmentedRaftLogWorker.java:startLogSegment(398)) - 2ed54bf1-42e1-44fc-9c0b-5e6eea7347b7@group-1B93CE588544-SegmentedRaftLogWorker: Starting segment from index:0
2020-12-18 01:54:03,047 [f3bcc9d7-8a28-4733-a3d2-9ac8d8ec4839@group-41EC84FBA706-LeaderElection49] INFO  ratis.XceiverServerRatis (XceiverServerRatis.java:handleLeaderChangedNotification(854)) - Leader change notification received for group: group-41EC84FBA706 with new leaderId: f3bcc9d7-8a28-4733-a3d2-9ac8d8ec4839
2020-12-18 01:54:03,049 [f3bcc9d7-8a28-4733-a3d2-9ac8d8ec4839@group-41EC84FBA706-LeaderElection49] INFO  impl.RaftServerImpl (ServerState.java:setLeader(256)) - f3bcc9d7-8a28-4733-a3d2-9ac8d8ec4839@group-41EC84FBA706: change Leader from null to f3bcc9d7-8a28-4733-a3d2-9ac8d8ec4839 at term 1 for becomeLeader, leader elected after 5022ms
2020-12-18 01:54:03,049 [f3bcc9d7-8a28-4733-a3d2-9ac8d8ec4839@group-41EC84FBA706-LeaderElection49] INFO  server.RaftServerConfigKeys (ConfUtils.java:logGet(44)) - raft.server.staging.catchup.gap = 1000 (default)
2020-12-18 01:54:03,049 [f3bcc9d7-8a28-4733-a3d2-9ac8d8ec4839@group-41EC84FBA706-LeaderElection49] INFO  server.RaftServerConfigKeys (ConfUtils.java:logGet(44)) - raft.server.rpc.sleep.time = 25ms (default)
2020-12-18 01:54:03,049 [f3bcc9d7-8a28-4733-a3d2-9ac8d8ec4839@group-41EC84FBA706-LeaderElection49] INFO  metrics.RatisMetrics (RatisMetrics.java:lambda$create$0(36)) - Creating Metrics Registry : ratis.log_appender.f3bcc9d7-8a28-4733-a3d2-9ac8d8ec4839@group-41EC84FBA706
2020-12-18 01:54:03,049 [f3bcc9d7-8a28-4733-a3d2-9ac8d8ec4839@group-41EC84FBA706-LeaderElection49] INFO  server.RaftServerConfigKeys (ConfUtils.java:logGet(44)) - raft.server.write.element-limit = 1024 (custom)
2020-12-18 01:54:03,049 [f3bcc9d7-8a28-4733-a3d2-9ac8d8ec4839@group-41EC84FBA706-LeaderElection49] INFO  server.RaftServerConfigKeys (ConfUtils.java:logGet(44)) - raft.server.write.byte-limit = 1073741824 (custom)
2020-12-18 01:54:03,050 [grpc-default-executor-3] INFO  segmented.SegmentedRaftLogWorker (SegmentedRaftLogWorker.java:startLogSegment(398)) - 79194d7f-2e7e-4e4e-9d5e-674d7d919289@group-1B93CE588544-SegmentedRaftLogWorker: Starting segment from index:0
2020-12-18 01:54:03,051 [2ed54bf1-42e1-44fc-9c0b-5e6eea7347b7@group-1B93CE588544-SegmentedRaftLogWorker] INFO  segmented.SegmentedRaftLogWorker (SegmentedRaftLogWorker.java:execute(597)) - 2ed54bf1-42e1-44fc-9c0b-5e6eea7347b7@group-1B93CE588544-SegmentedRaftLogWorker: created new log segment /github/workspace/mnt/ozone/hadoop-ozone/integration-test/target/test-dir/MiniOzoneClusterImpl-3835dc27-2ffb-44b9-9ba4-3f027f37039b/datanode-0/data/ratis/a90a8c13-2500-4eb3-b043-1b93ce588544/current/log_inprogress_0
2020-12-18 01:54:03,052 [79194d7f-2e7e-4e4e-9d5e-674d7d919289@group-1B93CE588544-SegmentedRaftLogWorker] INFO  segmented.SegmentedRaftLogWorker (SegmentedRaftLogWorker.java:execute(597)) - 79194d7f-2e7e-4e4e-9d5e-674d7d919289@group-1B93CE588544-SegmentedRaftLogWorker: created new log segment /github/workspace/mnt/ozone/hadoop-ozone/integration-test/target/test-dir/MiniOzoneClusterImpl-3835dc27-2ffb-44b9-9ba4-3f027f37039b/datanode-2/data/ratis/a90a8c13-2500-4eb3-b043-1b93ce588544/current/log_inprogress_0
2020-12-18 01:54:03,054 [f3bcc9d7-8a28-4733-a3d2-9ac8d8ec4839@group-41EC84FBA706-LeaderElection49] INFO  server.RaftServerConfigKeys (ConfUtils.java:logGet(44)) - raft.server.watch.timeout = 180s (custom)
2020-12-18 01:54:03,054 [f3bcc9d7-8a28-4733-a3d2-9ac8d8ec4839@group-41EC84FBA706-LeaderElection49] INFO  server.RaftServerConfigKeys (ConfUtils.java:logGet(44)) - raft.server.watch.timeout.denomination = 1s (default)
2020-12-18 01:54:03,054 [f3bcc9d7-8a28-4733-a3d2-9ac8d8ec4839@group-41EC84FBA706-LeaderElection49] INFO  server.RaftServerConfigKeys (ConfUtils.java:logGet(44)) - raft.server.watch.element-limit = 65536 (default)
2020-12-18 01:54:03,055 [f3bcc9d7-8a28-4733-a3d2-9ac8d8ec4839@group-41EC84FBA706-LeaderElection49] INFO  impl.RoleInfo (RoleInfo.java:updateAndGet(143)) - f3bcc9d7-8a28-4733-a3d2-9ac8d8ec4839: start f3bcc9d7-8a28-4733-a3d2-9ac8d8ec4839@group-41EC84FBA706-LeaderState
2020-12-18 01:54:03,057 [f3bcc9d7-8a28-4733-a3d2-9ac8d8ec4839@group-41EC84FBA706-LeaderElection49] INFO  segmented.SegmentedRaftLogWorker (SegmentedRaftLogWorker.java:startLogSegment(398)) - f3bcc9d7-8a28-4733-a3d2-9ac8d8ec4839@group-41EC84FBA706-SegmentedRaftLogWorker: Starting segment from index:0
2020-12-18 01:54:03,058 [f3bcc9d7-8a28-4733-a3d2-9ac8d8ec4839@group-41EC84FBA706-LeaderElection49] INFO  impl.RaftServerImpl (ServerState.java:setRaftConf(374)) - f3bcc9d7-8a28-4733-a3d2-9ac8d8ec4839@group-41EC84FBA706: set configuration 0: [f3bcc9d7-8a28-4733-a3d2-9ac8d8ec4839|rpc:172.17.0.2:42875|dataStream:], old=null at 0
2020-12-18 01:54:03,058 [f3bcc9d7-8a28-4733-a3d2-9ac8d8ec4839@group-41EC84FBA706-SegmentedRaftLogWorker] INFO  segmented.SegmentedRaftLogWorker (SegmentedRaftLogWorker.java:execute(597)) - f3bcc9d7-8a28-4733-a3d2-9ac8d8ec4839@group-41EC84FBA706-SegmentedRaftLogWorker: created new log segment /github/workspace/mnt/ozone/hadoop-ozone/integration-test/target/test-dir/MiniOzoneClusterImpl-3835dc27-2ffb-44b9-9ba4-3f027f37039b/datanode-3/data/ratis/fda6b517-766f-4501-be05-41ec84fba706/current/log_inprogress_0
2020-12-18 01:54:03,126 [Thread-3207] INFO  impl.FollowerState (FollowerState.java:run(128)) - f3bcc9d7-8a28-4733-a3d2-9ac8d8ec4839@group-86955E6C43EB-FollowerState: change to CANDIDATE, lastRpcTime:5080ms, electionTimeout:5078ms
2020-12-18 01:54:03,126 [Thread-3207] INFO  impl.RoleInfo (RoleInfo.java:shutdownFollowerState(121)) - f3bcc9d7-8a28-4733-a3d2-9ac8d8ec4839: shutdown f3bcc9d7-8a28-4733-a3d2-9ac8d8ec4839@group-86955E6C43EB-FollowerState
2020-12-18 01:54:03,126 [Thread-3207] INFO  impl.RaftServerImpl (RaftServerImpl.java:setRole(204)) - f3bcc9d7-8a28-4733-a3d2-9ac8d8ec4839@group-86955E6C43EB: changes role from  FOLLOWER to CANDIDATE at term 0 for changeToCandidate
2020-12-18 01:54:03,126 [Thread-3207] INFO  impl.RoleInfo (RoleInfo.java:updateAndGet(143)) - f3bcc9d7-8a28-4733-a3d2-9ac8d8ec4839: start f3bcc9d7-8a28-4733-a3d2-9ac8d8ec4839@group-86955E6C43EB-LeaderElection50
2020-12-18 01:54:03,132 [f3bcc9d7-8a28-4733-a3d2-9ac8d8ec4839@group-86955E6C43EB-LeaderElection50] INFO  impl.LeaderElection (LeaderElection.java:askForVotes(215)) - f3bcc9d7-8a28-4733-a3d2-9ac8d8ec4839@group-86955E6C43EB-LeaderElection50: begin an election at term 1 for -1: [faa011ac-180a-4f85-bd7b-e6120f6873d8|rpc:172.17.0.2:40127, 4b858060-13e7-4e84-85d4-2e7a0c2691a5|rpc:172.17.0.2:40413, f3bcc9d7-8a28-4733-a3d2-9ac8d8ec4839|rpc:172.17.0.2:42875], old=null
2020-12-18 01:54:03,137 [grpc-default-executor-3] INFO  impl.RaftServerImpl (RaftServerImpl.java:setRole(204)) - faa011ac-180a-4f85-bd7b-e6120f6873d8@group-86955E6C43EB: changes role from  FOLLOWER to FOLLOWER at term 1 for recognizeCandidate:f3bcc9d7-8a28-4733-a3d2-9ac8d8ec4839
2020-12-18 01:54:03,138 [grpc-default-executor-3] INFO  impl.RoleInfo (RoleInfo.java:shutdownFollowerState(121)) - faa011ac-180a-4f85-bd7b-e6120f6873d8: shutdown faa011ac-180a-4f85-bd7b-e6120f6873d8@group-86955E6C43EB-FollowerState
2020-12-18 01:54:03,138 [grpc-default-executor-3] INFO  impl.RoleInfo (RoleInfo.java:updateAndGet(143)) - faa011ac-180a-4f85-bd7b-e6120f6873d8: start faa011ac-180a-4f85-bd7b-e6120f6873d8@group-86955E6C43EB-FollowerState
2020-12-18 01:54:03,138 [Thread-3209] INFO  impl.FollowerState (FollowerState.java:run(137)) - faa011ac-180a-4f85-bd7b-e6120f6873d8@group-86955E6C43EB-FollowerState was interrupted: {}
java.lang.InterruptedException: sleep interrupted
	at java.lang.Thread.sleep(Native Method)
	at org.apache.ratis.util.JavaUtils.sleep(JavaUtils.java:250)
	at org.apache.ratis.server.impl.FollowerState.run(FollowerState.java:116)
2020-12-18 01:54:03,138 [grpc-default-executor-3] INFO  impl.RaftServerImpl (RaftServerImpl.java:requestVote(963)) -  FOLLOWER faa011ac-180a-4f85-bd7b-e6120f6873d8@group-86955E6C43EB:t1, leader=null, voted=null, raftlog=faa011ac-180a-4f85-bd7b-e6120f6873d8@group-86955E6C43EB-SegmentedRaftLog:OPENED:c-1,f-1,i0, conf=-1: [faa011ac-180a-4f85-bd7b-e6120f6873d8|rpc:172.17.0.2:40127|dataStream:, 4b858060-13e7-4e84-85d4-2e7a0c2691a5|rpc:172.17.0.2:40413|dataStream:, f3bcc9d7-8a28-4733-a3d2-9ac8d8ec4839|rpc:172.17.0.2:42875|dataStream:], old=null RUNNING priority:0 candidate:f3bcc9d7-8a28-4733-a3d2-9ac8d8ec4839|rpc:172.17.0.2:42875|dataStream: candidatePriority:0 compare:0
2020-12-18 01:54:03,147 [f3bcc9d7-8a28-4733-a3d2-9ac8d8ec4839@group-86955E6C43EB-LeaderElection50] INFO  impl.LeaderElection (LeaderElection.java:logAndReturn(65)) - f3bcc9d7-8a28-4733-a3d2-9ac8d8ec4839@group-86955E6C43EB-LeaderElection50: Election PASSED; received 1 response(s) [f3bcc9d7-8a28-4733-a3d2-9ac8d8ec4839<-faa011ac-180a-4f85-bd7b-e6120f6873d8#0:OK-t1] and 0 exception(s); f3bcc9d7-8a28-4733-a3d2-9ac8d8ec4839@group-86955E6C43EB:t1, leader=null, voted=f3bcc9d7-8a28-4733-a3d2-9ac8d8ec4839, raftlog=f3bcc9d7-8a28-4733-a3d2-9ac8d8ec4839@group-86955E6C43EB-SegmentedRaftLog:OPENED:c-1,f-1,i0, conf=-1: [faa011ac-180a-4f85-bd7b-e6120f6873d8|rpc:172.17.0.2:40127, 4b858060-13e7-4e84-85d4-2e7a0c2691a5|rpc:172.17.0.2:40413, f3bcc9d7-8a28-4733-a3d2-9ac8d8ec4839|rpc:172.17.0.2:42875], old=null
2020-12-18 01:54:03,147 [f3bcc9d7-8a28-4733-a3d2-9ac8d8ec4839@group-86955E6C43EB-LeaderElection50] INFO  impl.RoleInfo (RoleInfo.java:shutdownLeaderElection(134)) - f3bcc9d7-8a28-4733-a3d2-9ac8d8ec4839: shutdown f3bcc9d7-8a28-4733-a3d2-9ac8d8ec4839@group-86955E6C43EB-LeaderElection50
2020-12-18 01:54:03,147 [f3bcc9d7-8a28-4733-a3d2-9ac8d8ec4839@group-86955E6C43EB-LeaderElection50] INFO  impl.RaftServerImpl (RaftServerImpl.java:setRole(204)) - f3bcc9d7-8a28-4733-a3d2-9ac8d8ec4839@group-86955E6C43EB: changes role from CANDIDATE to LEADER at term 1 for changeToLeader
2020-12-18 01:54:03,147 [f3bcc9d7-8a28-4733-a3d2-9ac8d8ec4839@group-86955E6C43EB-LeaderElection50] INFO  ratis.XceiverServerRatis (XceiverServerRatis.java:handleLeaderChangedNotification(854)) - Leader change notification received for group: group-86955E6C43EB with new leaderId: f3bcc9d7-8a28-4733-a3d2-9ac8d8ec4839
2020-12-18 01:54:03,147 [f3bcc9d7-8a28-4733-a3d2-9ac8d8ec4839@group-86955E6C43EB-LeaderElection50] INFO  impl.RaftServerImpl (ServerState.java:setLeader(256)) - f3bcc9d7-8a28-4733-a3d2-9ac8d8ec4839@group-86955E6C43EB: change Leader from null to f3bcc9d7-8a28-4733-a3d2-9ac8d8ec4839 at term 1 for becomeLeader, leader elected after 5108ms
2020-12-18 01:54:03,147 [f3bcc9d7-8a28-4733-a3d2-9ac8d8ec4839@group-86955E6C43EB-LeaderElection50] INFO  server.RaftServerConfigKeys (ConfUtils.java:logGet(44)) - raft.server.staging.catchup.gap = 1000 (default)
2020-12-18 01:54:03,147 [f3bcc9d7-8a28-4733-a3d2-9ac8d8ec4839@group-86955E6C43EB-LeaderElection50] INFO  server.RaftServerConfigKeys (ConfUtils.java:logGet(44)) - raft.server.rpc.sleep.time = 25ms (default)
2020-12-18 01:54:03,148 [f3bcc9d7-8a28-4733-a3d2-9ac8d8ec4839@group-86955E6C43EB-LeaderElection50] INFO  metrics.RatisMetrics (RatisMetrics.java:lambda$create$0(36)) - Creating Metrics Registry : ratis.log_appender.f3bcc9d7-8a28-4733-a3d2-9ac8d8ec4839@group-86955E6C43EB
2020-12-18 01:54:03,148 [f3bcc9d7-8a28-4733-a3d2-9ac8d8ec4839@group-86955E6C43EB-LeaderElection50] INFO  server.RaftServerConfigKeys (ConfUtils.java:logGet(44)) - raft.server.write.element-limit = 1024 (custom)
2020-12-18 01:54:03,148 [f3bcc9d7-8a28-4733-a3d2-9ac8d8ec4839@group-86955E6C43EB-LeaderElection50] INFO  server.RaftServerConfigKeys (ConfUtils.java:logGet(44)) - raft.server.write.byte-limit = 1073741824 (custom)
2020-12-18 01:54:03,148 [EventQueue-PipelineReportForPipelineReportHandler] INFO  pipeline.PipelineStateManager (PipelineStateManager.java:openPipeline(132)) - Pipeline Pipeline[ Id: 1cbfd3d2-6a33-4270-be02-86955e6c43eb, Nodes: faa011ac-180a-4f85-bd7b-e6120f6873d8{ip: 172.17.0.2, host: 1fad9502c7b4, networkLocation: /default-rack, certSerialId: null, persistedOpState: IN_SERVICE, persistedOpStateExpiryEpochSec: 0}4b858060-13e7-4e84-85d4-2e7a0c2691a5{ip: 172.17.0.2, host: 1fad9502c7b4, networkLocation: /default-rack, certSerialId: null, persistedOpState: IN_SERVICE, persistedOpStateExpiryEpochSec: 0}f3bcc9d7-8a28-4733-a3d2-9ac8d8ec4839{ip: 172.17.0.2, host: 1fad9502c7b4, networkLocation: /default-rack, certSerialId: null, persistedOpState: IN_SERVICE, persistedOpStateExpiryEpochSec: 0}, Type:RATIS, Factor:THREE, State:ALLOCATED, leaderId:f3bcc9d7-8a28-4733-a3d2-9ac8d8ec4839, CreationTimestamp2020-12-18T01:53:55.363Z] moved to OPEN state
2020-12-18 01:54:03,153 [grpc-default-executor-3] INFO  impl.RaftServerImpl (RaftServerImpl.java:setRole(204)) - 4b858060-13e7-4e84-85d4-2e7a0c2691a5@group-86955E6C43EB: changes role from  FOLLOWER to FOLLOWER at term 1 for recognizeCandidate:f3bcc9d7-8a28-4733-a3d2-9ac8d8ec4839
2020-12-18 01:54:03,153 [grpc-default-executor-3] INFO  impl.RoleInfo (RoleInfo.java:shutdownFollowerState(121)) - 4b858060-13e7-4e84-85d4-2e7a0c2691a5: shutdown 4b858060-13e7-4e84-85d4-2e7a0c2691a5@group-86955E6C43EB-FollowerState
2020-12-18 01:54:03,154 [grpc-default-executor-3] INFO  impl.RoleInfo (RoleInfo.java:updateAndGet(143)) - 4b858060-13e7-4e84-85d4-2e7a0c2691a5: start 4b858060-13e7-4e84-85d4-2e7a0c2691a5@group-86955E6C43EB-FollowerState
2020-12-18 01:54:03,154 [Thread-3212] INFO  impl.FollowerState (FollowerState.java:run(137)) - 4b858060-13e7-4e84-85d4-2e7a0c2691a5@group-86955E6C43EB-FollowerState was interrupted: {}
java.lang.InterruptedException: sleep interrupted
	at java.lang.Thread.sleep(Native Method)
	at org.apache.ratis.util.JavaUtils.sleep(JavaUtils.java:250)
	at org.apache.ratis.server.impl.FollowerState.run(FollowerState.java:116)
2020-12-18 01:54:03,154 [f3bcc9d7-8a28-4733-a3d2-9ac8d8ec4839@group-86955E6C43EB-LeaderElection50] INFO  server.RaftServerConfigKeys (ConfUtils.java:logGet(44)) - raft.server.watch.timeout = 180s (custom)
2020-12-18 01:54:03,154 [f3bcc9d7-8a28-4733-a3d2-9ac8d8ec4839@group-86955E6C43EB-LeaderElection50] INFO  server.RaftServerConfigKeys (ConfUtils.java:logGet(44)) - raft.server.watch.timeout.denomination = 1s (default)
2020-12-18 01:54:03,154 [f3bcc9d7-8a28-4733-a3d2-9ac8d8ec4839@group-86955E6C43EB-LeaderElection50] INFO  server.RaftServerConfigKeys (ConfUtils.java:logGet(44)) - raft.server.watch.element-limit = 65536 (default)
2020-12-18 01:54:03,154 [f3bcc9d7-8a28-4733-a3d2-9ac8d8ec4839@group-86955E6C43EB-LeaderElection50] INFO  server.RaftServerConfigKeys (ConfUtils.java:logGet(44)) - raft.server.log.appender.snapshot.chunk.size.max = 16MB (=16777216) (default)
2020-12-18 01:54:03,154 [f3bcc9d7-8a28-4733-a3d2-9ac8d8ec4839@group-86955E6C43EB-LeaderElection50] INFO  server.RaftServerConfigKeys (ConfUtils.java:logGet(44)) - raft.server.log.appender.buffer.byte-limit = 33554432 (custom)
2020-12-18 01:54:03,154 [f3bcc9d7-8a28-4733-a3d2-9ac8d8ec4839@group-86955E6C43EB-LeaderElection50] INFO  server.RaftServerConfigKeys (ConfUtils.java:logGet(44)) - raft.server.log.appender.buffer.element-limit = 1 (custom)
2020-12-18 01:54:03,154 [f3bcc9d7-8a28-4733-a3d2-9ac8d8ec4839@group-86955E6C43EB-LeaderElection50] INFO  grpc.GrpcConfigKeys (ConfUtils.java:logGet(44)) - raft.grpc.server.leader.outstanding.appends.max = 128 (default)
2020-12-18 01:54:03,154 [f3bcc9d7-8a28-4733-a3d2-9ac8d8ec4839@group-86955E6C43EB-LeaderElection50] INFO  server.RaftServerConfigKeys (ConfUtils.java:logGet(44)) - raft.server.rpc.request.timeout = 60s (custom)
2020-12-18 01:54:03,154 [f3bcc9d7-8a28-4733-a3d2-9ac8d8ec4839@group-86955E6C43EB-LeaderElection50] INFO  server.RaftServerConfigKeys (ConfUtils.java:logGet(44)) - raft.server.log.appender.install.snapshot.enabled = false (custom)
2020-12-18 01:54:03,154 [f3bcc9d7-8a28-4733-a3d2-9ac8d8ec4839@group-86955E6C43EB-LeaderElection50] INFO  metrics.RatisMetrics (RatisMetrics.java:lambda$create$0(36)) - Creating Metrics Registry : ratis_grpc.log_appender.f3bcc9d7-8a28-4733-a3d2-9ac8d8ec4839@group-86955E6C43EB
2020-12-18 01:54:03,154 [grpc-default-executor-3] INFO  impl.RaftServerImpl (RaftServerImpl.java:requestVote(963)) -  FOLLOWER 4b858060-13e7-4e84-85d4-2e7a0c2691a5@group-86955E6C43EB:t1, leader=null, voted=null, raftlog=4b858060-13e7-4e84-85d4-2e7a0c2691a5@group-86955E6C43EB-SegmentedRaftLog:OPENED:c-1,f-1,i0, conf=-1: [faa011ac-180a-4f85-bd7b-e6120f6873d8|rpc:172.17.0.2:40127|dataStream:, 4b858060-13e7-4e84-85d4-2e7a0c2691a5|rpc:172.17.0.2:40413|dataStream:, f3bcc9d7-8a28-4733-a3d2-9ac8d8ec4839|rpc:172.17.0.2:42875|dataStream:], old=null RUNNING priority:0 candidate:f3bcc9d7-8a28-4733-a3d2-9ac8d8ec4839|rpc:172.17.0.2:42875|dataStream: candidatePriority:0 compare:0
2020-12-18 01:54:03,160 [f3bcc9d7-8a28-4733-a3d2-9ac8d8ec4839@group-86955E6C43EB-LeaderElection50] INFO  server.RaftServerConfigKeys (ConfUtils.java:logGet(44)) - raft.server.log.appender.snapshot.chunk.size.max = 16MB (=16777216) (default)
2020-12-18 01:54:03,160 [f3bcc9d7-8a28-4733-a3d2-9ac8d8ec4839@group-86955E6C43EB-LeaderElection50] INFO  server.RaftServerConfigKeys (ConfUtils.java:logGet(44)) - raft.server.log.appender.buffer.byte-limit = 33554432 (custom)
2020-12-18 01:54:03,160 [f3bcc9d7-8a28-4733-a3d2-9ac8d8ec4839@group-86955E6C43EB-LeaderElection50] INFO  server.RaftServerConfigKeys (ConfUtils.java:logGet(44)) - raft.server.log.appender.buffer.element-limit = 1 (custom)
2020-12-18 01:54:03,160 [f3bcc9d7-8a28-4733-a3d2-9ac8d8ec4839@group-86955E6C43EB-LeaderElection50] INFO  grpc.GrpcConfigKeys (ConfUtils.java:logGet(44)) - raft.grpc.server.leader.outstanding.appends.max = 128 (default)
2020-12-18 01:54:03,160 [f3bcc9d7-8a28-4733-a3d2-9ac8d8ec4839@group-86955E6C43EB-LeaderElection50] INFO  server.RaftServerConfigKeys (ConfUtils.java:logGet(44)) - raft.server.rpc.request.timeout = 60s (custom)
2020-12-18 01:54:03,160 [f3bcc9d7-8a28-4733-a3d2-9ac8d8ec4839@group-86955E6C43EB-LeaderElection50] INFO  server.RaftServerConfigKeys (ConfUtils.java:logGet(44)) - raft.server.log.appender.install.snapshot.enabled = false (custom)
2020-12-18 01:54:03,162 [f3bcc9d7-8a28-4733-a3d2-9ac8d8ec4839@group-86955E6C43EB-LeaderElection50] INFO  impl.RoleInfo (RoleInfo.java:updateAndGet(143)) - f3bcc9d7-8a28-4733-a3d2-9ac8d8ec4839: start f3bcc9d7-8a28-4733-a3d2-9ac8d8ec4839@group-86955E6C43EB-LeaderState
2020-12-18 01:54:03,162 [f3bcc9d7-8a28-4733-a3d2-9ac8d8ec4839@group-86955E6C43EB-LeaderElection50] INFO  segmented.SegmentedRaftLogWorker (SegmentedRaftLogWorker.java:startLogSegment(398)) - f3bcc9d7-8a28-4733-a3d2-9ac8d8ec4839@group-86955E6C43EB-SegmentedRaftLogWorker: Starting segment from index:0
2020-12-18 01:54:03,168 [f3bcc9d7-8a28-4733-a3d2-9ac8d8ec4839@group-86955E6C43EB-LeaderElection50] INFO  impl.RaftServerImpl (ServerState.java:setRaftConf(374)) - f3bcc9d7-8a28-4733-a3d2-9ac8d8ec4839@group-86955E6C43EB: set configuration 0: [faa011ac-180a-4f85-bd7b-e6120f6873d8|rpc:172.17.0.2:40127|dataStream:, 4b858060-13e7-4e84-85d4-2e7a0c2691a5|rpc:172.17.0.2:40413|dataStream:, f3bcc9d7-8a28-4733-a3d2-9ac8d8ec4839|rpc:172.17.0.2:42875|dataStream:], old=null at 0
2020-12-18 01:54:03,168 [f3bcc9d7-8a28-4733-a3d2-9ac8d8ec4839@group-86955E6C43EB-SegmentedRaftLogWorker] INFO  segmented.SegmentedRaftLogWorker (SegmentedRaftLogWorker.java:execute(597)) - f3bcc9d7-8a28-4733-a3d2-9ac8d8ec4839@group-86955E6C43EB-SegmentedRaftLogWorker: created new log segment /github/workspace/mnt/ozone/hadoop-ozone/integration-test/target/test-dir/MiniOzoneClusterImpl-3835dc27-2ffb-44b9-9ba4-3f027f37039b/datanode-3/data/ratis/1cbfd3d2-6a33-4270-be02-86955e6c43eb/current/log_inprogress_0
2020-12-18 01:54:03,177 [grpc-default-executor-3] INFO  ratis.XceiverServerRatis (XceiverServerRatis.java:handleLeaderChangedNotification(854)) - Leader change notification received for group: group-86955E6C43EB with new leaderId: f3bcc9d7-8a28-4733-a3d2-9ac8d8ec4839
2020-12-18 01:54:03,177 [grpc-default-executor-3] INFO  impl.RaftServerImpl (ServerState.java:setLeader(256)) - 4b858060-13e7-4e84-85d4-2e7a0c2691a5@group-86955E6C43EB: change Leader from null to f3bcc9d7-8a28-4733-a3d2-9ac8d8ec4839 at term 1 for appendEntries, leader elected after 5094ms
2020-12-18 01:54:03,177 [grpc-default-executor-1] INFO  ratis.XceiverServerRatis (XceiverServerRatis.java:handleLeaderChangedNotification(854)) - Leader change notification received for group: group-86955E6C43EB with new leaderId: f3bcc9d7-8a28-4733-a3d2-9ac8d8ec4839
2020-12-18 01:54:03,178 [grpc-default-executor-1] INFO  impl.RaftServerImpl (ServerState.java:setLeader(256)) - faa011ac-180a-4f85-bd7b-e6120f6873d8@group-86955E6C43EB: change Leader from null to f3bcc9d7-8a28-4733-a3d2-9ac8d8ec4839 at term 1 for appendEntries, leader elected after 5117ms
2020-12-18 01:54:03,182 [grpc-default-executor-3] INFO  impl.RaftServerImpl (ServerState.java:setRaftConf(374)) - 4b858060-13e7-4e84-85d4-2e7a0c2691a5@group-86955E6C43EB: set configuration 0: [faa011ac-180a-4f85-bd7b-e6120f6873d8|rpc:172.17.0.2:40127|dataStream:, 4b858060-13e7-4e84-85d4-2e7a0c2691a5|rpc:172.17.0.2:40413|dataStream:, f3bcc9d7-8a28-4733-a3d2-9ac8d8ec4839|rpc:172.17.0.2:42875|dataStream:], old=null at 0
2020-12-18 01:54:03,183 [grpc-default-executor-1] INFO  impl.RaftServerImpl (ServerState.java:setRaftConf(374)) - faa011ac-180a-4f85-bd7b-e6120f6873d8@group-86955E6C43EB: set configuration 0: [faa011ac-180a-4f85-bd7b-e6120f6873d8|rpc:172.17.0.2:40127|dataStream:, 4b858060-13e7-4e84-85d4-2e7a0c2691a5|rpc:172.17.0.2:40413|dataStream:, f3bcc9d7-8a28-4733-a3d2-9ac8d8ec4839|rpc:172.17.0.2:42875|dataStream:], old=null at 0
2020-12-18 01:54:03,184 [grpc-default-executor-3] INFO  segmented.SegmentedRaftLogWorker (SegmentedRaftLogWorker.java:startLogSegment(398)) - 4b858060-13e7-4e84-85d4-2e7a0c2691a5@group-86955E6C43EB-SegmentedRaftLogWorker: Starting segment from index:0
2020-12-18 01:54:03,184 [grpc-default-executor-1] INFO  segmented.SegmentedRaftLogWorker (SegmentedRaftLogWorker.java:startLogSegment(398)) - faa011ac-180a-4f85-bd7b-e6120f6873d8@group-86955E6C43EB-SegmentedRaftLogWorker: Starting segment from index:0
2020-12-18 01:54:03,185 [4b858060-13e7-4e84-85d4-2e7a0c2691a5@group-86955E6C43EB-SegmentedRaftLogWorker] INFO  segmented.SegmentedRaftLogWorker (SegmentedRaftLogWorker.java:execute(597)) - 4b858060-13e7-4e84-85d4-2e7a0c2691a5@group-86955E6C43EB-SegmentedRaftLogWorker: created new log segment /github/workspace/mnt/ozone/hadoop-ozone/integration-test/target/test-dir/MiniOzoneClusterImpl-3835dc27-2ffb-44b9-9ba4-3f027f37039b/datanode-4/data/ratis/1cbfd3d2-6a33-4270-be02-86955e6c43eb/current/log_inprogress_0
2020-12-18 01:54:03,186 [faa011ac-180a-4f85-bd7b-e6120f6873d8@group-86955E6C43EB-SegmentedRaftLogWorker] INFO  segmented.SegmentedRaftLogWorker (SegmentedRaftLogWorker.java:execute(597)) - faa011ac-180a-4f85-bd7b-e6120f6873d8@group-86955E6C43EB-SegmentedRaftLogWorker: created new log segment /github/workspace/mnt/ozone/hadoop-ozone/integration-test/target/test-dir/MiniOzoneClusterImpl-3835dc27-2ffb-44b9-9ba4-3f027f37039b/datanode-5/data/ratis/1cbfd3d2-6a33-4270-be02-86955e6c43eb/current/log_inprogress_0
2020-12-18 01:54:03,246 [Thread-3215] INFO  impl.FollowerState (FollowerState.java:run(128)) - 4b858060-13e7-4e84-85d4-2e7a0c2691a5@group-9375838C1592-FollowerState: change to CANDIDATE, lastRpcTime:5029ms, electionTimeout:5029ms
2020-12-18 01:54:03,246 [Thread-3215] INFO  impl.RoleInfo (RoleInfo.java:shutdownFollowerState(121)) - 4b858060-13e7-4e84-85d4-2e7a0c2691a5: shutdown 4b858060-13e7-4e84-85d4-2e7a0c2691a5@group-9375838C1592-FollowerState
2020-12-18 01:54:03,246 [Thread-3215] INFO  impl.RaftServerImpl (RaftServerImpl.java:setRole(204)) - 4b858060-13e7-4e84-85d4-2e7a0c2691a5@group-9375838C1592: changes role from  FOLLOWER to CANDIDATE at term 0 for changeToCandidate
2020-12-18 01:54:03,246 [Thread-3215] INFO  impl.RoleInfo (RoleInfo.java:updateAndGet(143)) - 4b858060-13e7-4e84-85d4-2e7a0c2691a5: start 4b858060-13e7-4e84-85d4-2e7a0c2691a5@group-9375838C1592-LeaderElection51
2020-12-18 01:54:03,249 [4b858060-13e7-4e84-85d4-2e7a0c2691a5@group-9375838C1592-LeaderElection51] INFO  impl.LeaderElection (LeaderElection.java:askForVotes(215)) - 4b858060-13e7-4e84-85d4-2e7a0c2691a5@group-9375838C1592-LeaderElection51: begin an election at term 1 for -1: [4b858060-13e7-4e84-85d4-2e7a0c2691a5|rpc:172.17.0.2:40413], old=null
2020-12-18 01:54:03,249 [4b858060-13e7-4e84-85d4-2e7a0c2691a5@group-9375838C1592-LeaderElection51] INFO  impl.RoleInfo (RoleInfo.java:shutdownLeaderElection(134)) - 4b858060-13e7-4e84-85d4-2e7a0c2691a5: shutdown 4b858060-13e7-4e84-85d4-2e7a0c2691a5@group-9375838C1592-LeaderElection51
2020-12-18 01:54:03,249 [4b858060-13e7-4e84-85d4-2e7a0c2691a5@group-9375838C1592-LeaderElection51] INFO  impl.RaftServerImpl (RaftServerImpl.java:setRole(204)) - 4b858060-13e7-4e84-85d4-2e7a0c2691a5@group-9375838C1592: changes role from CANDIDATE to LEADER at term 1 for changeToLeader
2020-12-18 01:54:03,249 [4b858060-13e7-4e84-85d4-2e7a0c2691a5@group-9375838C1592-LeaderElection51] INFO  ratis.XceiverServerRatis (XceiverServerRatis.java:handleLeaderChangedNotification(854)) - Leader change notification received for group: group-9375838C1592 with new leaderId: 4b858060-13e7-4e84-85d4-2e7a0c2691a5
2020-12-18 01:54:03,249 [4b858060-13e7-4e84-85d4-2e7a0c2691a5@group-9375838C1592-LeaderElection51] INFO  impl.RaftServerImpl (ServerState.java:setLeader(256)) - 4b858060-13e7-4e84-85d4-2e7a0c2691a5@group-9375838C1592: change Leader from null to 4b858060-13e7-4e84-85d4-2e7a0c2691a5 at term 1 for becomeLeader, leader elected after 5039ms
2020-12-18 01:54:03,249 [4b858060-13e7-4e84-85d4-2e7a0c2691a5@group-9375838C1592-LeaderElection51] INFO  server.RaftServerConfigKeys (ConfUtils.java:logGet(44)) - raft.server.staging.catchup.gap = 1000 (default)
2020-12-18 01:54:03,249 [4b858060-13e7-4e84-85d4-2e7a0c2691a5@group-9375838C1592-LeaderElection51] INFO  server.RaftServerConfigKeys (ConfUtils.java:logGet(44)) - raft.server.rpc.sleep.time = 25ms (default)
2020-12-18 01:54:03,249 [4b858060-13e7-4e84-85d4-2e7a0c2691a5@group-9375838C1592-LeaderElection51] INFO  metrics.RatisMetrics (RatisMetrics.java:lambda$create$0(36)) - Creating Metrics Registry : ratis.log_appender.4b858060-13e7-4e84-85d4-2e7a0c2691a5@group-9375838C1592
2020-12-18 01:54:03,250 [4b858060-13e7-4e84-85d4-2e7a0c2691a5@group-9375838C1592-LeaderElection51] INFO  server.RaftServerConfigKeys (ConfUtils.java:logGet(44)) - raft.server.write.element-limit = 1024 (custom)
2020-12-18 01:54:03,250 [4b858060-13e7-4e84-85d4-2e7a0c2691a5@group-9375838C1592-LeaderElection51] INFO  server.RaftServerConfigKeys (ConfUtils.java:logGet(44)) - raft.server.write.byte-limit = 1073741824 (custom)
2020-12-18 01:54:03,250 [4b858060-13e7-4e84-85d4-2e7a0c2691a5@group-9375838C1592-LeaderElection51] INFO  server.RaftServerConfigKeys (ConfUtils.java:logGet(44)) - raft.server.watch.timeout = 180s (custom)
2020-12-18 01:54:03,250 [4b858060-13e7-4e84-85d4-2e7a0c2691a5@group-9375838C1592-LeaderElection51] INFO  server.RaftServerConfigKeys (ConfUtils.java:logGet(44)) - raft.server.watch.timeout.denomination = 1s (default)
2020-12-18 01:54:03,250 [4b858060-13e7-4e84-85d4-2e7a0c2691a5@group-9375838C1592-LeaderElection51] INFO  server.RaftServerConfigKeys (ConfUtils.java:logGet(44)) - raft.server.watch.element-limit = 65536 (default)
2020-12-18 01:54:03,250 [4b858060-13e7-4e84-85d4-2e7a0c2691a5@group-9375838C1592-LeaderElection51] INFO  impl.RoleInfo (RoleInfo.java:updateAndGet(143)) - 4b858060-13e7-4e84-85d4-2e7a0c2691a5: start 4b858060-13e7-4e84-85d4-2e7a0c2691a5@group-9375838C1592-LeaderState
2020-12-18 01:54:03,251 [4b858060-13e7-4e84-85d4-2e7a0c2691a5@group-9375838C1592-LeaderElection51] INFO  segmented.SegmentedRaftLogWorker (SegmentedRaftLogWorker.java:startLogSegment(398)) - 4b858060-13e7-4e84-85d4-2e7a0c2691a5@group-9375838C1592-SegmentedRaftLogWorker: Starting segment from index:0
2020-12-18 01:54:03,251 [4b858060-13e7-4e84-85d4-2e7a0c2691a5@group-9375838C1592-LeaderElection51] INFO  impl.RaftServerImpl (ServerState.java:setRaftConf(374)) - 4b858060-13e7-4e84-85d4-2e7a0c2691a5@group-9375838C1592: set configuration 0: [4b858060-13e7-4e84-85d4-2e7a0c2691a5|rpc:172.17.0.2:40413|dataStream:], old=null at 0
2020-12-18 01:54:03,252 [4b858060-13e7-4e84-85d4-2e7a0c2691a5@group-9375838C1592-SegmentedRaftLogWorker] INFO  segmented.SegmentedRaftLogWorker (SegmentedRaftLogWorker.java:execute(597)) - 4b858060-13e7-4e84-85d4-2e7a0c2691a5@group-9375838C1592-SegmentedRaftLogWorker: created new log segment /github/workspace/mnt/ozone/hadoop-ozone/integration-test/target/test-dir/MiniOzoneClusterImpl-3835dc27-2ffb-44b9-9ba4-3f027f37039b/datanode-4/data/ratis/d2ea689f-597f-497e-b326-9375838c1592/current/log_inprogress_0
2020-12-18 01:54:03,366 [Listener at 127.0.0.1/36003] INFO  ozone.MiniOzoneClusterImpl (MiniOzoneClusterImpl.java:lambda$waitForClusterToBeReady$0(178)) - Nodes are ready. Got 6 of 6 DN Heartbeats.
2020-12-18 01:54:03,366 [Listener at 127.0.0.1/36003] INFO  ozone.MiniOzoneClusterImpl (MiniOzoneClusterImpl.java:lambda$waitForClusterToBeReady$0(181)) - Cluster exits safe mode
2020-12-18 01:54:03,396 [Listener at 127.0.0.1/36003] INFO  rpc.RpcClient (RpcClient.java:createVolume(273)) - Creating Volume: vol1, with user07505 as owner.
2020-12-18 01:54:03,397 [IPC Server handler 4 on default port 36003] INFO  volume.OMVolumeCreateRequest (OMVolumeCreateRequest.java:validateAndUpdateCache(196)) - created volume:vol1 for user:user07505
2020-12-18 01:54:03,405 [Listener at 127.0.0.1/36003] INFO  rpc.RpcClient (RpcClient.java:createBucket(429)) - Creating Bucket: vol1/bucket1, with Versioning false and Storage Type set to DISK and Encryption set to false 
2020-12-18 01:54:03,417 [Listener at 127.0.0.1/36003] INFO  metrics.RatisMetrics (RatisMetrics.java:lambda$create$0(36)) - Creating Metrics Registry : ratis.client_message_metrics.client-803ED850C555->53ca8b2c-5b6c-4f43-832a-400784fc22d8
2020-12-18 01:54:03,426 [Thread-3217] INFO  impl.FollowerState (FollowerState.java:run(128)) - faa011ac-180a-4f85-bd7b-e6120f6873d8@group-277869D95004-FollowerState: change to CANDIDATE, lastRpcTime:5054ms, electionTimeout:5054ms
2020-12-18 01:54:03,426 [Thread-3217] INFO  impl.RoleInfo (RoleInfo.java:shutdownFollowerState(121)) - faa011ac-180a-4f85-bd7b-e6120f6873d8: shutdown faa011ac-180a-4f85-bd7b-e6120f6873d8@group-277869D95004-FollowerState
2020-12-18 01:54:03,426 [Thread-3217] INFO  impl.RaftServerImpl (RaftServerImpl.java:setRole(204)) - faa011ac-180a-4f85-bd7b-e6120f6873d8@group-277869D95004: changes role from  FOLLOWER to CANDIDATE at term 0 for changeToCandidate
2020-12-18 01:54:03,426 [Thread-3217] INFO  impl.RoleInfo (RoleInfo.java:updateAndGet(143)) - faa011ac-180a-4f85-bd7b-e6120f6873d8: start faa011ac-180a-4f85-bd7b-e6120f6873d8@group-277869D95004-LeaderElection52
2020-12-18 01:54:03,431 [faa011ac-180a-4f85-bd7b-e6120f6873d8@group-277869D95004-LeaderElection52] INFO  impl.LeaderElection (LeaderElection.java:askForVotes(215)) - faa011ac-180a-4f85-bd7b-e6120f6873d8@group-277869D95004-LeaderElection52: begin an election at term 1 for -1: [faa011ac-180a-4f85-bd7b-e6120f6873d8|rpc:172.17.0.2:40127], old=null
2020-12-18 01:54:03,433 [faa011ac-180a-4f85-bd7b-e6120f6873d8@group-277869D95004-LeaderElection52] INFO  impl.RoleInfo (RoleInfo.java:shutdownLeaderElection(134)) - faa011ac-180a-4f85-bd7b-e6120f6873d8: shutdown faa011ac-180a-4f85-bd7b-e6120f6873d8@group-277869D95004-LeaderElection52
2020-12-18 01:54:03,433 [faa011ac-180a-4f85-bd7b-e6120f6873d8@group-277869D95004-LeaderElection52] INFO  impl.RaftServerImpl (RaftServerImpl.java:setRole(204)) - faa011ac-180a-4f85-bd7b-e6120f6873d8@group-277869D95004: changes role from CANDIDATE to LEADER at term 1 for changeToLeader
2020-12-18 01:54:03,433 [faa011ac-180a-4f85-bd7b-e6120f6873d8@group-277869D95004-LeaderElection52] INFO  ratis.XceiverServerRatis (XceiverServerRatis.java:handleLeaderChangedNotification(854)) - Leader change notification received for group: group-277869D95004 with new leaderId: faa011ac-180a-4f85-bd7b-e6120f6873d8
2020-12-18 01:54:03,433 [faa011ac-180a-4f85-bd7b-e6120f6873d8@group-277869D95004-LeaderElection52] INFO  impl.RaftServerImpl (ServerState.java:setLeader(256)) - faa011ac-180a-4f85-bd7b-e6120f6873d8@group-277869D95004: change Leader from null to faa011ac-180a-4f85-bd7b-e6120f6873d8 at term 1 for becomeLeader, leader elected after 5068ms
2020-12-18 01:54:03,433 [faa011ac-180a-4f85-bd7b-e6120f6873d8@group-277869D95004-LeaderElection52] INFO  server.RaftServerConfigKeys (ConfUtils.java:logGet(44)) - raft.server.staging.catchup.gap = 1000 (default)
2020-12-18 01:54:03,433 [faa011ac-180a-4f85-bd7b-e6120f6873d8@group-277869D95004-LeaderElection52] INFO  server.RaftServerConfigKeys (ConfUtils.java:logGet(44)) - raft.server.rpc.sleep.time = 25ms (default)
2020-12-18 01:54:03,433 [faa011ac-180a-4f85-bd7b-e6120f6873d8@group-277869D95004-LeaderElection52] INFO  metrics.RatisMetrics (RatisMetrics.java:lambda$create$0(36)) - Creating Metrics Registry : ratis.log_appender.faa011ac-180a-4f85-bd7b-e6120f6873d8@group-277869D95004
2020-12-18 01:54:03,433 [faa011ac-180a-4f85-bd7b-e6120f6873d8@group-277869D95004-LeaderElection52] INFO  server.RaftServerConfigKeys (ConfUtils.java:logGet(44)) - raft.server.write.element-limit = 1024 (custom)
2020-12-18 01:54:03,433 [faa011ac-180a-4f85-bd7b-e6120f6873d8@group-277869D95004-LeaderElection52] INFO  server.RaftServerConfigKeys (ConfUtils.java:logGet(44)) - raft.server.write.byte-limit = 1073741824 (custom)
2020-12-18 01:54:03,434 [faa011ac-180a-4f85-bd7b-e6120f6873d8@group-277869D95004-LeaderElection52] INFO  server.RaftServerConfigKeys (ConfUtils.java:logGet(44)) - raft.server.watch.timeout = 180s (custom)
2020-12-18 01:54:03,434 [faa011ac-180a-4f85-bd7b-e6120f6873d8@group-277869D95004-LeaderElection52] INFO  server.RaftServerConfigKeys (ConfUtils.java:logGet(44)) - raft.server.watch.timeout.denomination = 1s (default)
2020-12-18 01:54:03,434 [faa011ac-180a-4f85-bd7b-e6120f6873d8@group-277869D95004-LeaderElection52] INFO  server.RaftServerConfigKeys (ConfUtils.java:logGet(44)) - raft.server.watch.element-limit = 65536 (default)
2020-12-18 01:54:03,434 [faa011ac-180a-4f85-bd7b-e6120f6873d8@group-277869D95004-LeaderElection52] INFO  impl.RoleInfo (RoleInfo.java:updateAndGet(143)) - faa011ac-180a-4f85-bd7b-e6120f6873d8: start faa011ac-180a-4f85-bd7b-e6120f6873d8@group-277869D95004-LeaderState
2020-12-18 01:54:03,434 [faa011ac-180a-4f85-bd7b-e6120f6873d8@group-277869D95004-LeaderElection52] INFO  segmented.SegmentedRaftLogWorker (SegmentedRaftLogWorker.java:startLogSegment(398)) - faa011ac-180a-4f85-bd7b-e6120f6873d8@group-277869D95004-SegmentedRaftLogWorker: Starting segment from index:0
2020-12-18 01:54:03,435 [faa011ac-180a-4f85-bd7b-e6120f6873d8@group-277869D95004-LeaderElection52] INFO  impl.RaftServerImpl (ServerState.java:setRaftConf(374)) - faa011ac-180a-4f85-bd7b-e6120f6873d8@group-277869D95004: set configuration 0: [faa011ac-180a-4f85-bd7b-e6120f6873d8|rpc:172.17.0.2:40127|dataStream:], old=null at 0
2020-12-18 01:54:03,436 [faa011ac-180a-4f85-bd7b-e6120f6873d8@group-277869D95004-SegmentedRaftLogWorker] INFO  segmented.SegmentedRaftLogWorker (SegmentedRaftLogWorker.java:execute(597)) - faa011ac-180a-4f85-bd7b-e6120f6873d8@group-277869D95004-SegmentedRaftLogWorker: created new log segment /github/workspace/mnt/ozone/hadoop-ozone/integration-test/target/test-dir/MiniOzoneClusterImpl-3835dc27-2ffb-44b9-9ba4-3f027f37039b/datanode-5/data/ratis/597c3142-7484-45eb-b351-277869d95004/current/log_inprogress_0
2020-12-18 01:54:03,507 [Listener at 127.0.0.1/36003] INFO  metrics.RatisMetrics (RatisMetrics.java:lambda$create$0(36)) - Creating Metrics Registry : ratis.client_message_metrics.client-F12344A18973->f3bcc9d7-8a28-4733-a3d2-9ac8d8ec4839
2020-12-18 01:54:03,511 [grpc-default-executor-3] INFO  metrics.RatisMetrics (RatisMetrics.java:lambda$create$0(36)) - Creating Metrics Registry : ratis.server_message_metrics.f3bcc9d7-8a28-4733-a3d2-9ac8d8ec4839
2020-12-18 01:54:05,824 [IPC Server handler 0 on default port 36225] INFO  node.NodeDecommissionManager (NodeDecommissionManager.java:startDecommission(258)) - Starting Decommission for node 2ed54bf1-42e1-44fc-9c0b-5e6eea7347b7{ip: 172.17.0.2, host: 1fad9502c7b4, networkLocation: /default-rack, certSerialId: null, persistedOpState: IN_SERVICE, persistedOpStateExpiryEpochSec: 0}
2020-12-18 01:54:06,021 [EventQueue-Delayed safe mode statusForReplicationManager] INFO  container.ReplicationManager (ReplicationManager.java:start(186)) - Starting Replication Monitor Thread.
2020-12-18 01:54:06,022 [ReplicationMonitor] INFO  container.ReplicationManager (ReplicationManager.java:run(250)) - Replication Monitor Thread took 0 milliseconds for processing 4 containers.
2020-12-18 01:54:06,108 [DatanodeAdminManager-0] INFO  node.DatanodeAdminMonitorImpl (DatanodeAdminMonitorImpl.java:checkPipelinesClosedOnNode(267)) - Waiting for pipelines to close for 2ed54bf1-42e1-44fc-9c0b-5e6eea7347b7{ip: 172.17.0.2, host: 1fad9502c7b4, networkLocation: /default-rack, certSerialId: null, persistedOpState: IN_SERVICE, persistedOpStateExpiryEpochSec: 0}. There are 2 pipelines
2020-12-18 01:54:06,108 [DatanodeAdminManager-0] INFO  node.DatanodeAdminMonitorImpl (DatanodeAdminMonitorImpl.java:run(136)) - There are 1 nodes tracked for decommission and maintenance. 0 pending nodes.
2020-12-18 01:54:06,108 [EventQueue-StartAdminOnNodeForStartDatanodeAdminHandler] INFO  node.StartDatanodeAdminHandler (StartDatanodeAdminHandler.java:onMessage(56)) - Admin start on datanode 2ed54bf1-42e1-44fc-9c0b-5e6eea7347b7{ip: 172.17.0.2, host: 1fad9502c7b4, networkLocation: /default-rack, certSerialId: null, persistedOpState: IN_SERVICE, persistedOpStateExpiryEpochSec: 0}. Finalizing its pipelines [PipelineID=a90a8c13-2500-4eb3-b043-1b93ce588544, PipelineID=abc3e218-d7e6-4551-b8d8-1bcf3b05f380]
2020-12-18 01:54:06,108 [EventQueue-StartAdminOnNodeForStartDatanodeAdminHandler] INFO  pipeline.SCMPipelineManager (SCMPipelineManager.java:finalizeAndDestroyPipeline(482)) - Destroying pipeline:Pipeline[ Id: a90a8c13-2500-4eb3-b043-1b93ce588544, Nodes: 53ca8b2c-5b6c-4f43-832a-400784fc22d8{ip: 172.17.0.2, host: 1fad9502c7b4, networkLocation: /default-rack, certSerialId: null, persistedOpState: IN_SERVICE, persistedOpStateExpiryEpochSec: 0}2ed54bf1-42e1-44fc-9c0b-5e6eea7347b7{ip: 172.17.0.2, host: 1fad9502c7b4, networkLocation: /default-rack, certSerialId: null, persistedOpState: IN_SERVICE, persistedOpStateExpiryEpochSec: 0}79194d7f-2e7e-4e4e-9d5e-674d7d919289{ip: 172.17.0.2, host: 1fad9502c7b4, networkLocation: /default-rack, certSerialId: null, persistedOpState: IN_SERVICE, persistedOpStateExpiryEpochSec: 0}, Type:RATIS, Factor:THREE, State:OPEN, leaderId:53ca8b2c-5b6c-4f43-832a-400784fc22d8, CreationTimestamp2020-12-18T01:53:54.847Z]
2020-12-18 01:54:06,108 [EventQueue-StartAdminOnNodeForStartDatanodeAdminHandler] INFO  pipeline.PipelineStateManager (PipelineStateManager.java:finalizePipeline(121)) - Pipeline Pipeline[ Id: a90a8c13-2500-4eb3-b043-1b93ce588544, Nodes: 53ca8b2c-5b6c-4f43-832a-400784fc22d8{ip: 172.17.0.2, host: 1fad9502c7b4, networkLocation: /default-rack, certSerialId: null, persistedOpState: IN_SERVICE, persistedOpStateExpiryEpochSec: 0}2ed54bf1-42e1-44fc-9c0b-5e6eea7347b7{ip: 172.17.0.2, host: 1fad9502c7b4, networkLocation: /default-rack, certSerialId: null, persistedOpState: IN_SERVICE, persistedOpStateExpiryEpochSec: 0}79194d7f-2e7e-4e4e-9d5e-674d7d919289{ip: 172.17.0.2, host: 1fad9502c7b4, networkLocation: /default-rack, certSerialId: null, persistedOpState: IN_SERVICE, persistedOpStateExpiryEpochSec: 0}, Type:RATIS, Factor:THREE, State:CLOSED, leaderId:53ca8b2c-5b6c-4f43-832a-400784fc22d8, CreationTimestamp2020-12-18T01:53:54.847Z] moved to CLOSED state
2020-12-18 01:54:06,109 [EventQueue-StartAdminOnNodeForStartDatanodeAdminHandler] INFO  pipeline.RatisPipelineProvider (RatisPipelineProvider.java:lambda$close$1(199)) - Send pipeline:PipelineID=a90a8c13-2500-4eb3-b043-1b93ce588544 close command to datanode 53ca8b2c-5b6c-4f43-832a-400784fc22d8
2020-12-18 01:54:06,109 [EventQueue-StartAdminOnNodeForStartDatanodeAdminHandler] INFO  pipeline.RatisPipelineProvider (RatisPipelineProvider.java:lambda$close$1(199)) - Send pipeline:PipelineID=a90a8c13-2500-4eb3-b043-1b93ce588544 close command to datanode 2ed54bf1-42e1-44fc-9c0b-5e6eea7347b7
2020-12-18 01:54:06,109 [EventQueue-StartAdminOnNodeForStartDatanodeAdminHandler] INFO  pipeline.RatisPipelineProvider (RatisPipelineProvider.java:lambda$close$1(199)) - Send pipeline:PipelineID=a90a8c13-2500-4eb3-b043-1b93ce588544 close command to datanode 79194d7f-2e7e-4e4e-9d5e-674d7d919289
2020-12-18 01:54:06,109 [EventQueue-StartAdminOnNodeForStartDatanodeAdminHandler] INFO  pipeline.PipelineStateManager (PipelineStateManager.java:removePipeline(106)) - Pipeline Pipeline[ Id: a90a8c13-2500-4eb3-b043-1b93ce588544, Nodes: 53ca8b2c-5b6c-4f43-832a-400784fc22d8{ip: 172.17.0.2, host: 1fad9502c7b4, networkLocation: /default-rack, certSerialId: null, persistedOpState: IN_SERVICE, persistedOpStateExpiryEpochSec: 0}2ed54bf1-42e1-44fc-9c0b-5e6eea7347b7{ip: 172.17.0.2, host: 1fad9502c7b4, networkLocation: /default-rack, certSerialId: null, persistedOpState: IN_SERVICE, persistedOpStateExpiryEpochSec: 0}79194d7f-2e7e-4e4e-9d5e-674d7d919289{ip: 172.17.0.2, host: 1fad9502c7b4, networkLocation: /default-rack, certSerialId: null, persistedOpState: IN_SERVICE, persistedOpStateExpiryEpochSec: 0}, Type:RATIS, Factor:THREE, State:CLOSED, leaderId:53ca8b2c-5b6c-4f43-832a-400784fc22d8, CreationTimestamp2020-12-18T01:53:54.847Z] removed from db
2020-12-18 01:54:06,109 [EventQueue-CloseContainerForCloseContainerEventHandler] INFO  container.CloseContainerEventHandler (CloseContainerEventHandler.java:onMessage(61)) - Close container Event triggered for container : #1
2020-12-18 01:54:06,110 [EventQueue-CloseContainerForCloseContainerEventHandler] WARN  container.SCMContainerManager (SCMContainerManager.java:updateContainerState(367)) - Unable to remove container #1 from pipeline PipelineID=a90a8c13-2500-4eb3-b043-1b93ce588544  as the pipeline no longer exists
2020-12-18 01:54:06,110 [EventQueue-CloseContainerForCloseContainerEventHandler] INFO  container.CloseContainerEventHandler (CloseContainerEventHandler.java:onMessage(61)) - Close container Event triggered for container : #4
2020-12-18 01:54:06,111 [EventQueue-CloseContainerForCloseContainerEventHandler] WARN  container.SCMContainerManager (SCMContainerManager.java:updateContainerState(367)) - Unable to remove container #4 from pipeline PipelineID=a90a8c13-2500-4eb3-b043-1b93ce588544  as the pipeline no longer exists
2020-12-18 01:54:06,111 [EventQueue-StartAdminOnNodeForStartDatanodeAdminHandler] INFO  pipeline.SCMPipelineManager (SCMPipelineManager.java:finalizeAndDestroyPipeline(482)) - Destroying pipeline:Pipeline[ Id: abc3e218-d7e6-4551-b8d8-1bcf3b05f380, Nodes: 2ed54bf1-42e1-44fc-9c0b-5e6eea7347b7{ip: 172.17.0.2, host: 1fad9502c7b4, networkLocation: /default-rack, certSerialId: null, persistedOpState: IN_SERVICE, persistedOpStateExpiryEpochSec: 0}, Type:RATIS, Factor:ONE, State:OPEN, leaderId:2ed54bf1-42e1-44fc-9c0b-5e6eea7347b7, CreationTimestamp2020-12-18T01:53:54.521Z]
2020-12-18 01:54:06,111 [EventQueue-StartAdminOnNodeForStartDatanodeAdminHandler] INFO  pipeline.PipelineStateManager (PipelineStateManager.java:finalizePipeline(121)) - Pipeline Pipeline[ Id: abc3e218-d7e6-4551-b8d8-1bcf3b05f380, Nodes: 2ed54bf1-42e1-44fc-9c0b-5e6eea7347b7{ip: 172.17.0.2, host: 1fad9502c7b4, networkLocation: /default-rack, certSerialId: null, persistedOpState: IN_SERVICE, persistedOpStateExpiryEpochSec: 0}, Type:RATIS, Factor:ONE, State:CLOSED, leaderId:2ed54bf1-42e1-44fc-9c0b-5e6eea7347b7, CreationTimestamp2020-12-18T01:53:54.521Z] moved to CLOSED state
2020-12-18 01:54:06,112 [EventQueue-StartAdminOnNodeForStartDatanodeAdminHandler] INFO  pipeline.RatisPipelineProvider (RatisPipelineProvider.java:lambda$close$1(199)) - Send pipeline:PipelineID=abc3e218-d7e6-4551-b8d8-1bcf3b05f380 close command to datanode 2ed54bf1-42e1-44fc-9c0b-5e6eea7347b7
2020-12-18 01:54:06,112 [EventQueue-StartAdminOnNodeForStartDatanodeAdminHandler] INFO  pipeline.PipelineStateManager (PipelineStateManager.java:removePipeline(106)) - Pipeline Pipeline[ Id: abc3e218-d7e6-4551-b8d8-1bcf3b05f380, Nodes: 2ed54bf1-42e1-44fc-9c0b-5e6eea7347b7{ip: 172.17.0.2, host: 1fad9502c7b4, networkLocation: /default-rack, certSerialId: null, persistedOpState: IN_SERVICE, persistedOpStateExpiryEpochSec: 0}, Type:RATIS, Factor:ONE, State:CLOSED, leaderId:2ed54bf1-42e1-44fc-9c0b-5e6eea7347b7, CreationTimestamp2020-12-18T01:53:54.521Z] removed from db
2020-12-18 01:54:06,721 [IPC Server handler 19 on default port 40443] INFO  node.SCMNodeManager (SCMNodeManager.java:updateDatanodeOpState(419)) - Scheduling a command to update the operationalState persisted on the datanode as the reported value (IN_SERVICE, 0) does not match the value stored in SCM (DECOMMISSIONING, 0)
2020-12-18 01:54:07,022 [ReplicationMonitor] INFO  container.ReplicationManager (ReplicationManager.java:sendCloseCommand(948)) - Sending close container command for container #1 to datanode 2ed54bf1-42e1-44fc-9c0b-5e6eea7347b7{ip: 172.17.0.2, host: 1fad9502c7b4, networkLocation: /default-rack, certSerialId: null, persistedOpState: IN_SERVICE, persistedOpStateExpiryEpochSec: 0}.
2020-12-18 01:54:07,023 [ReplicationMonitor] INFO  container.ReplicationManager (ReplicationManager.java:sendCloseCommand(948)) - Sending close container command for container #1 to datanode 79194d7f-2e7e-4e4e-9d5e-674d7d919289{ip: 172.17.0.2, host: 1fad9502c7b4, networkLocation: /default-rack, certSerialId: null, persistedOpState: IN_SERVICE, persistedOpStateExpiryEpochSec: 0}.
2020-12-18 01:54:07,023 [ReplicationMonitor] INFO  container.ReplicationManager (ReplicationManager.java:sendCloseCommand(948)) - Sending close container command for container #1 to datanode 53ca8b2c-5b6c-4f43-832a-400784fc22d8{ip: 172.17.0.2, host: 1fad9502c7b4, networkLocation: /default-rack, certSerialId: null, persistedOpState: IN_SERVICE, persistedOpStateExpiryEpochSec: 0}.
2020-12-18 01:54:07,023 [ReplicationMonitor] INFO  container.ReplicationManager (ReplicationManager.java:sendCloseCommand(948)) - Sending close container command for container #4 to datanode 79194d7f-2e7e-4e4e-9d5e-674d7d919289{ip: 172.17.0.2, host: 1fad9502c7b4, networkLocation: /default-rack, certSerialId: null, persistedOpState: IN_SERVICE, persistedOpStateExpiryEpochSec: 0}.
2020-12-18 01:54:07,023 [ReplicationMonitor] INFO  container.ReplicationManager (ReplicationManager.java:sendCloseCommand(948)) - Sending close container command for container #4 to datanode 53ca8b2c-5b6c-4f43-832a-400784fc22d8{ip: 172.17.0.2, host: 1fad9502c7b4, networkLocation: /default-rack, certSerialId: null, persistedOpState: IN_SERVICE, persistedOpStateExpiryEpochSec: 0}.
2020-12-18 01:54:07,023 [ReplicationMonitor] INFO  container.ReplicationManager (ReplicationManager.java:sendCloseCommand(948)) - Sending close container command for container #4 to datanode 2ed54bf1-42e1-44fc-9c0b-5e6eea7347b7{ip: 172.17.0.2, host: 1fad9502c7b4, networkLocation: /default-rack, certSerialId: null, persistedOpState: IN_SERVICE, persistedOpStateExpiryEpochSec: 0}.
2020-12-18 01:54:07,023 [ReplicationMonitor] INFO  container.ReplicationManager (ReplicationManager.java:run(250)) - Replication Monitor Thread took 1 milliseconds for processing 4 containers.
2020-12-18 01:54:07,108 [DatanodeAdminManager-0] INFO  node.DatanodeAdminMonitorImpl (DatanodeAdminMonitorImpl.java:run(136)) - There are 1 nodes tracked for decommission and maintenance. 0 pending nodes.
2020-12-18 01:54:07,709 [Command processor thread] INFO  impl.RaftServerProxy (RaftServerProxy.java:remove(104)) - 79194d7f-2e7e-4e4e-9d5e-674d7d919289: remove  FOLLOWER 79194d7f-2e7e-4e4e-9d5e-674d7d919289@group-1B93CE588544:t1, leader=53ca8b2c-5b6c-4f43-832a-400784fc22d8, voted=53ca8b2c-5b6c-4f43-832a-400784fc22d8, raftlog=79194d7f-2e7e-4e4e-9d5e-674d7d919289@group-1B93CE588544-SegmentedRaftLog:OPENED:c44,f44,i44, conf=0: [53ca8b2c-5b6c-4f43-832a-400784fc22d8|rpc:172.17.0.2:46217|dataStream:, 79194d7f-2e7e-4e4e-9d5e-674d7d919289|rpc:172.17.0.2:45263|dataStream:, 2ed54bf1-42e1-44fc-9c0b-5e6eea7347b7|rpc:172.17.0.2:37299|dataStream:], old=null RUNNING
2020-12-18 01:54:07,709 [Command processor thread] INFO  impl.RaftServerImpl (RaftServerImpl.java:lambda$shutdown$3(328)) - 79194d7f-2e7e-4e4e-9d5e-674d7d919289@group-1B93CE588544: shutdown
2020-12-18 01:54:07,710 [Command processor thread] INFO  util.JmxRegister (JmxRegister.java:unregister(73)) - Successfully un-registered JMX Bean with object name Ratis:service=RaftServer,group=group-1B93CE588544,id=79194d7f-2e7e-4e4e-9d5e-674d7d919289
2020-12-18 01:54:07,710 [Command processor thread] INFO  impl.RoleInfo (RoleInfo.java:shutdownFollowerState(121)) - 79194d7f-2e7e-4e4e-9d5e-674d7d919289: shutdown 79194d7f-2e7e-4e4e-9d5e-674d7d919289@group-1B93CE588544-FollowerState
2020-12-18 01:54:07,710 [Command processor thread] INFO  impl.StateMachineUpdater (StateMachineUpdater.java:stopAndJoin(147)) - 79194d7f-2e7e-4e4e-9d5e-674d7d919289@group-1B93CE588544-StateMachineUpdater: set stopIndex = 44
2020-12-18 01:54:07,710 [79194d7f-2e7e-4e4e-9d5e-674d7d919289@group-1B93CE588544-StateMachineUpdater] INFO  ratis.ContainerStateMachine (ContainerStateMachine.java:takeSnapshot(293)) - group-1B93CE588544: Taking a snapshot at:(t:1, i:44) file /github/workspace/mnt/ozone/hadoop-ozone/integration-test/target/test-dir/MiniOzoneClusterImpl-3835dc27-2ffb-44b9-9ba4-3f027f37039b/datanode-2/data/ratis/a90a8c13-2500-4eb3-b043-1b93ce588544/sm/snapshot.1_44
2020-12-18 01:54:07,710 [Thread-3228] INFO  impl.FollowerState (FollowerState.java:run(137)) - 79194d7f-2e7e-4e4e-9d5e-674d7d919289@group-1B93CE588544-FollowerState was interrupted: {}
java.lang.InterruptedException: sleep interrupted
	at java.lang.Thread.sleep(Native Method)
	at org.apache.ratis.util.JavaUtils.sleep(JavaUtils.java:250)
	at org.apache.ratis.server.impl.FollowerState.run(FollowerState.java:116)
2020-12-18 01:54:07,711 [Command processor thread] INFO  impl.RaftServerProxy (RaftServerProxy.java:remove(104)) - 53ca8b2c-5b6c-4f43-832a-400784fc22d8: remove    LEADER 53ca8b2c-5b6c-4f43-832a-400784fc22d8@group-1B93CE588544:t1, leader=53ca8b2c-5b6c-4f43-832a-400784fc22d8, voted=53ca8b2c-5b6c-4f43-832a-400784fc22d8, raftlog=53ca8b2c-5b6c-4f43-832a-400784fc22d8@group-1B93CE588544-SegmentedRaftLog:OPENED:c44,f44,i44, conf=0: [53ca8b2c-5b6c-4f43-832a-400784fc22d8|rpc:172.17.0.2:46217|dataStream:, 79194d7f-2e7e-4e4e-9d5e-674d7d919289|rpc:172.17.0.2:45263|dataStream:, 2ed54bf1-42e1-44fc-9c0b-5e6eea7347b7|rpc:172.17.0.2:37299|dataStream:], old=null RUNNING
2020-12-18 01:54:07,711 [Command processor thread] INFO  impl.RaftServerImpl (RaftServerImpl.java:lambda$shutdown$3(328)) - 53ca8b2c-5b6c-4f43-832a-400784fc22d8@group-1B93CE588544: shutdown
2020-12-18 01:54:07,711 [Command processor thread] INFO  util.JmxRegister (JmxRegister.java:unregister(73)) - Successfully un-registered JMX Bean with object name Ratis:service=RaftServer,group=group-1B93CE588544,id=53ca8b2c-5b6c-4f43-832a-400784fc22d8
2020-12-18 01:54:07,711 [Command processor thread] INFO  impl.RoleInfo (RoleInfo.java:shutdownLeaderState(104)) - 53ca8b2c-5b6c-4f43-832a-400784fc22d8: shutdown 53ca8b2c-5b6c-4f43-832a-400784fc22d8@group-1B93CE588544-LeaderState
2020-12-18 01:54:07,713 [Command processor thread] INFO  metrics.RatisMetrics (RatisMetrics.java:unregister(43)) - Unregistering Metrics Registry : ratis_grpc.log_appender.53ca8b2c-5b6c-4f43-832a-400784fc22d8@group-1B93CE588544
2020-12-18 01:54:07,713 [Command processor thread] INFO  metrics.RatisMetrics (RatisMetrics.java:unregister(43)) - Unregistering Metrics Registry : ratis_grpc.log_appender.53ca8b2c-5b6c-4f43-832a-400784fc22d8@group-1B93CE588544
2020-12-18 01:54:07,713 [Command processor thread] INFO  impl.PendingRequests (PendingRequests.java:sendNotLeaderResponses(250)) - 53ca8b2c-5b6c-4f43-832a-400784fc22d8@group-1B93CE588544-PendingRequests: sendNotLeaderResponses
2020-12-18 01:54:07,712 [79194d7f-2e7e-4e4e-9d5e-674d7d919289@group-1B93CE588544-StateMachineUpdater] INFO  ratis.ContainerStateMachine (ContainerStateMachine.java:takeSnapshot(304)) - group-1B93CE588544: Finished taking a snapshot at:(t:1, i:44) file:/github/workspace/mnt/ozone/hadoop-ozone/integration-test/target/test-dir/MiniOzoneClusterImpl-3835dc27-2ffb-44b9-9ba4-3f027f37039b/datanode-2/data/ratis/a90a8c13-2500-4eb3-b043-1b93ce588544/sm/snapshot.1_44 time:2
2020-12-18 01:54:07,713 [79194d7f-2e7e-4e4e-9d5e-674d7d919289@group-1B93CE588544-StateMachineUpdater] INFO  impl.StateMachineUpdater (StateMachineUpdater.java:takeSnapshot(278)) - 79194d7f-2e7e-4e4e-9d5e-674d7d919289@group-1B93CE588544-StateMachineUpdater: Took a snapshot at index 44
2020-12-18 01:54:07,713 [79194d7f-2e7e-4e4e-9d5e-674d7d919289@group-1B93CE588544-StateMachineUpdater] INFO  impl.StateMachineUpdater (StateMachineUpdater.java:lambda$new$0(87)) - 79194d7f-2e7e-4e4e-9d5e-674d7d919289@group-1B93CE588544-StateMachineUpdater: snapshotIndex: updateIncreasingly -1 -> 44
2020-12-18 01:54:07,714 [79194d7f-2e7e-4e4e-9d5e-674d7d919289@group-1B93CE588544-StateMachineUpdater] INFO  metrics.RatisMetrics (RatisMetrics.java:unregister(43)) - Unregistering Metrics Registry : ratis.state_machine.79194d7f-2e7e-4e4e-9d5e-674d7d919289@group-1B93CE588544
2020-12-18 01:54:07,714 [Command processor thread] INFO  impl.RaftServerImpl (ServerState.java:close(406)) - 79194d7f-2e7e-4e4e-9d5e-674d7d919289@group-1B93CE588544: closes. applyIndex: 44
2020-12-18 01:54:07,714 [79194d7f-2e7e-4e4e-9d5e-674d7d919289@group-1B93CE588544-SegmentedRaftLogWorker] INFO  segmented.SegmentedRaftLogWorker (SegmentedRaftLogWorker.java:run(329)) - 79194d7f-2e7e-4e4e-9d5e-674d7d919289@group-1B93CE588544-SegmentedRaftLogWorker was interrupted, exiting. There are 0 tasks remaining in the queue.
2020-12-18 01:54:07,714 [Command processor thread] INFO  segmented.SegmentedRaftLogWorker (SegmentedRaftLogWorker.java:close(235)) - 79194d7f-2e7e-4e4e-9d5e-674d7d919289@group-1B93CE588544-SegmentedRaftLogWorker close()
2020-12-18 01:54:07,715 [Command processor thread] INFO  metrics.RatisMetrics (RatisMetrics.java:unregister(43)) - Unregistering Metrics Registry : ratis.log_worker.79194d7f-2e7e-4e4e-9d5e-674d7d919289@group-1B93CE588544
2020-12-18 01:54:07,716 [Command processor thread] INFO  metrics.RatisMetrics (RatisMetrics.java:unregister(43)) - Unregistering Metrics Registry : ratis.leader_election.79194d7f-2e7e-4e4e-9d5e-674d7d919289@group-1B93CE588544
2020-12-18 01:54:07,716 [Command processor thread] INFO  metrics.RatisMetrics (RatisMetrics.java:unregister(43)) - Unregistering Metrics Registry : ratis.server.79194d7f-2e7e-4e4e-9d5e-674d7d919289@group-1B93CE588544
2020-12-18 01:54:07,716 [org.apache.ratis.server.impl.LogAppender$AppenderDaemon$$Lambda$504/845674730@37a5d46b] WARN  server.GrpcLogAppender (GrpcLogAppender.java:mayWait(168)) - 53ca8b2c-5b6c-4f43-832a-400784fc22d8@group-1B93CE588544->2ed54bf1-42e1-44fc-9c0b-5e6eea7347b7-GrpcLogAppender: Wait interrupted by java.lang.InterruptedException
2020-12-18 01:54:07,716 [org.apache.ratis.server.impl.LogAppender$AppenderDaemon$$Lambda$504/845674730@74f4bb4d] WARN  server.GrpcLogAppender (GrpcLogAppender.java:mayWait(168)) - 53ca8b2c-5b6c-4f43-832a-400784fc22d8@group-1B93CE588544->79194d7f-2e7e-4e4e-9d5e-674d7d919289-GrpcLogAppender: Wait interrupted by java.lang.InterruptedException
2020-12-18 01:54:07,717 [grpc-default-executor-1] INFO  server.GrpcServerProtocolService (GrpcServerProtocolService.java:onCompleted(138)) - 79194d7f-2e7e-4e4e-9d5e-674d7d919289: Completed APPEND_ENTRIES, lastRequest: 53ca8b2c-5b6c-4f43-832a-400784fc22d8->79194d7f-2e7e-4e4e-9d5e-674d7d919289#158-t1, previous=(t:1, i:43), leaderCommit=42, initializing? false, entries: size=1, first=(t:1, i:44), METADATAENTRY(c:42)
2020-12-18 01:54:07,718 [Command processor thread] INFO  metrics.RatisMetrics (RatisMetrics.java:unregister(43)) - Unregistering Metrics Registry : ratis.log_appender.53ca8b2c-5b6c-4f43-832a-400784fc22d8@group-1B93CE588544
2020-12-18 01:54:07,719 [Command processor thread] INFO  metrics.RatisMetrics (RatisMetrics.java:unregister(43)) - Unregistering Metrics Registry : ratis.server.53ca8b2c-5b6c-4f43-832a-400784fc22d8@group-1B93CE588544
2020-12-18 01:54:07,719 [grpc-default-executor-0] INFO  server.GrpcLogAppender (GrpcLogAppender.java:onCompleted(337)) - 53ca8b2c-5b6c-4f43-832a-400784fc22d8@group-1B93CE588544->79194d7f-2e7e-4e4e-9d5e-674d7d919289-AppendLogResponseHandler: follower responses appendEntries COMPLETED
2020-12-18 01:54:07,719 [grpc-default-executor-0] INFO  impl.FollowerInfo (FollowerInfo.java:lambda$new$0(51)) - 53ca8b2c-5b6c-4f43-832a-400784fc22d8@group-1B93CE588544->79194d7f-2e7e-4e4e-9d5e-674d7d919289: nextIndex: updateUnconditionally 45 -> 44
2020-12-18 01:54:07,719 [org.apache.ratis.server.JvmPauseMonitor@62e671cc-Monitor] WARN  server.JvmPauseMonitor (JvmPauseMonitor.java:run(141)) - Detected pause in JVM or host machine (eg GC): pause of approximately 1ms
GC pool 'PS Scavenge' had collection(s): count=1 time=48ms
2020-12-18 01:54:07,720 [53ca8b2c-5b6c-4f43-832a-400784fc22d8@group-1B93CE588544-StateMachineUpdater] INFO  ratis.ContainerStateMachine (ContainerStateMachine.java:takeSnapshot(293)) - group-1B93CE588544: Taking a snapshot at:(t:1, i:44) file /github/workspace/mnt/ozone/hadoop-ozone/integration-test/target/test-dir/MiniOzoneClusterImpl-3835dc27-2ffb-44b9-9ba4-3f027f37039b/datanode-1/data/ratis/a90a8c13-2500-4eb3-b043-1b93ce588544/sm/snapshot.1_44
2020-12-18 01:54:07,721 [53ca8b2c-5b6c-4f43-832a-400784fc22d8@group-1B93CE588544-StateMachineUpdater] INFO  ratis.ContainerStateMachine (ContainerStateMachine.java:takeSnapshot(304)) - group-1B93CE588544: Finished taking a snapshot at:(t:1, i:44) file:/github/workspace/mnt/ozone/hadoop-ozone/integration-test/target/test-dir/MiniOzoneClusterImpl-3835dc27-2ffb-44b9-9ba4-3f027f37039b/datanode-1/data/ratis/a90a8c13-2500-4eb3-b043-1b93ce588544/sm/snapshot.1_44 time:1
2020-12-18 01:54:07,721 [grpc-default-executor-3] INFO  server.GrpcServerProtocolService (GrpcServerProtocolService.java:onCompleted(138)) - 2ed54bf1-42e1-44fc-9c0b-5e6eea7347b7: Completed APPEND_ENTRIES, lastRequest: 53ca8b2c-5b6c-4f43-832a-400784fc22d8->2ed54bf1-42e1-44fc-9c0b-5e6eea7347b7#152-t1, previous=(t:1, i:43), leaderCommit=42, initializing? false, entries: size=1, first=(t:1, i:44), METADATAENTRY(c:42)
2020-12-18 01:54:07,721 [53ca8b2c-5b6c-4f43-832a-400784fc22d8@group-1B93CE588544-StateMachineUpdater] INFO  impl.StateMachineUpdater (StateMachineUpdater.java:takeSnapshot(278)) - 53ca8b2c-5b6c-4f43-832a-400784fc22d8@group-1B93CE588544-StateMachineUpdater: Took a snapshot at index 44
2020-12-18 01:54:07,721 [53ca8b2c-5b6c-4f43-832a-400784fc22d8@group-1B93CE588544-StateMachineUpdater] INFO  impl.StateMachineUpdater (StateMachineUpdater.java:lambda$new$0(87)) - 53ca8b2c-5b6c-4f43-832a-400784fc22d8@group-1B93CE588544-StateMachineUpdater: snapshotIndex: updateIncreasingly -1 -> 44
2020-12-18 01:54:07,722 [53ca8b2c-5b6c-4f43-832a-400784fc22d8@group-1B93CE588544-StateMachineUpdater] INFO  metrics.RatisMetrics (RatisMetrics.java:unregister(43)) - Unregistering Metrics Registry : ratis.state_machine.53ca8b2c-5b6c-4f43-832a-400784fc22d8@group-1B93CE588544
2020-12-18 01:54:07,722 [Command processor thread] INFO  impl.StateMachineUpdater (StateMachineUpdater.java:stopAndJoin(147)) - 53ca8b2c-5b6c-4f43-832a-400784fc22d8@group-1B93CE588544-StateMachineUpdater: set stopIndex = 44
2020-12-18 01:54:07,722 [Command processor thread] INFO  impl.RaftServerImpl (ServerState.java:close(406)) - 53ca8b2c-5b6c-4f43-832a-400784fc22d8@group-1B93CE588544: closes. applyIndex: 44
2020-12-18 01:54:07,722 [IPC Server handler 0 on default port 40443] INFO  node.SCMNodeManager (SCMNodeManager.java:updateDatanodeOpState(419)) - Scheduling a command to update the operationalState persisted on the datanode as the reported value (IN_SERVICE, 0) does not match the value stored in SCM (DECOMMISSIONING, 0)
2020-12-18 01:54:07,722 [53ca8b2c-5b6c-4f43-832a-400784fc22d8@group-1B93CE588544-SegmentedRaftLogWorker] INFO  segmented.SegmentedRaftLogWorker (SegmentedRaftLogWorker.java:run(329)) - 53ca8b2c-5b6c-4f43-832a-400784fc22d8@group-1B93CE588544-SegmentedRaftLogWorker was interrupted, exiting. There are 0 tasks remaining in the queue.
2020-12-18 01:54:07,722 [Command processor thread] INFO  segmented.SegmentedRaftLogWorker (SegmentedRaftLogWorker.java:close(235)) - 53ca8b2c-5b6c-4f43-832a-400784fc22d8@group-1B93CE588544-SegmentedRaftLogWorker close()
2020-12-18 01:54:07,723 [Command processor thread] INFO  keyvalue.KeyValueContainer (KeyValueContainer.java:flushAndSyncDB(388)) - Container 1 is synced with bcsId 42.
2020-12-18 01:54:07,723 [Command processor thread] INFO  keyvalue.KeyValueContainer (KeyValueContainer.java:flushAndSyncDB(388)) - Container 1 is synced with bcsId 42.
2020-12-18 01:54:07,723 [Command processor thread] INFO  metrics.RatisMetrics (RatisMetrics.java:unregister(43)) - Unregistering Metrics Registry : ratis.log_worker.53ca8b2c-5b6c-4f43-832a-400784fc22d8@group-1B93CE588544
2020-12-18 01:54:07,724 [Command processor thread] INFO  metrics.RatisMetrics (RatisMetrics.java:unregister(43)) - Unregistering Metrics Registry : ratis.leader_election.53ca8b2c-5b6c-4f43-832a-400784fc22d8@group-1B93CE588544
2020-12-18 01:54:07,724 [Command processor thread] INFO  metrics.RatisMetrics (RatisMetrics.java:unregister(43)) - Unregistering Metrics Registry : ratis.server.53ca8b2c-5b6c-4f43-832a-400784fc22d8@group-1B93CE588544
2020-12-18 01:54:07,724 [grpc-default-executor-3] INFO  server.GrpcLogAppender (GrpcLogAppender.java:onCompleted(337)) - 53ca8b2c-5b6c-4f43-832a-400784fc22d8@group-1B93CE588544->2ed54bf1-42e1-44fc-9c0b-5e6eea7347b7-AppendLogResponseHandler: follower responses appendEntries COMPLETED
2020-12-18 01:54:07,725 [grpc-default-executor-3] INFO  impl.FollowerInfo (FollowerInfo.java:lambda$new$0(51)) - 53ca8b2c-5b6c-4f43-832a-400784fc22d8@group-1B93CE588544->2ed54bf1-42e1-44fc-9c0b-5e6eea7347b7: nextIndex: updateUnconditionally 45 -> 44
2020-12-18 01:54:07,726 [EventQueue-IncrementalContainerReportForIncrementalContainerReportHandler] INFO  container.IncrementalContainerReportHandler (AbstractContainerReportHandler.java:updateContainerState(208)) - Moving container #1 to QUASI_CLOSED state, datanode 79194d7f-2e7e-4e4e-9d5e-674d7d919289{ip: 172.17.0.2, host: 1fad9502c7b4, networkLocation: /default-rack, certSerialId: null, persistedOpState: IN_SERVICE, persistedOpStateExpiryEpochSec: 0} reported QUASI_CLOSED replica.
2020-12-18 01:54:07,732 [Command processor thread] INFO  keyvalue.KeyValueContainer (KeyValueContainer.java:flushAndSyncDB(388)) - Container 1 is synced with bcsId 42.
2020-12-18 01:54:07,732 [Command processor thread] INFO  keyvalue.KeyValueContainer (KeyValueContainer.java:flushAndSyncDB(388)) - Container 1 is synced with bcsId 42.
2020-12-18 01:54:07,733 [Command processor thread] INFO  keyvalue.KeyValueContainer (KeyValueContainer.java:flushAndSyncDB(388)) - Container 4 is synced with bcsId 38.
2020-12-18 01:54:07,734 [Command processor thread] INFO  keyvalue.KeyValueContainer (KeyValueContainer.java:flushAndSyncDB(388)) - Container 4 is synced with bcsId 38.
2020-12-18 01:54:07,735 [Command processor thread] INFO  keyvalue.KeyValueContainer (KeyValueContainer.java:flushAndSyncDB(388)) - Container 4 is synced with bcsId 38.
2020-12-18 01:54:07,735 [Command processor thread] INFO  keyvalue.KeyValueContainer (KeyValueContainer.java:flushAndSyncDB(388)) - Container 4 is synced with bcsId 38.
2020-12-18 01:54:07,736 [EventQueue-IncrementalContainerReportForIncrementalContainerReportHandler] INFO  container.IncrementalContainerReportHandler (AbstractContainerReportHandler.java:updateContainerState(208)) - Moving container #4 to QUASI_CLOSED state, datanode 79194d7f-2e7e-4e4e-9d5e-674d7d919289{ip: 172.17.0.2, host: 1fad9502c7b4, networkLocation: /default-rack, certSerialId: null, persistedOpState: IN_SERVICE, persistedOpStateExpiryEpochSec: 0} reported QUASI_CLOSED replica.
2020-12-18 01:54:07,737 [Command processor thread] INFO  impl.RaftServerImpl (RaftServerImpl.java:groupRemove(299)) - 79194d7f-2e7e-4e4e-9d5e-674d7d919289@group-1B93CE588544: Succeed to remove RaftStorageDirectory Storage Directory /github/workspace/mnt/ozone/hadoop-ozone/integration-test/target/test-dir/MiniOzoneClusterImpl-3835dc27-2ffb-44b9-9ba4-3f027f37039b/datanode-2/data/ratis/a90a8c13-2500-4eb3-b043-1b93ce588544
2020-12-18 01:54:07,737 [Command processor thread] INFO  impl.RaftServerImpl (RaftServerImpl.java:groupRemove(299)) - 53ca8b2c-5b6c-4f43-832a-400784fc22d8@group-1B93CE588544: Succeed to remove RaftStorageDirectory Storage Directory /github/workspace/mnt/ozone/hadoop-ozone/integration-test/target/test-dir/MiniOzoneClusterImpl-3835dc27-2ffb-44b9-9ba4-3f027f37039b/datanode-1/data/ratis/a90a8c13-2500-4eb3-b043-1b93ce588544
2020-12-18 01:54:07,737 [Command processor thread] INFO  commandhandler.ClosePipelineCommandHandler (ClosePipelineCommandHandler.java:handle(75)) - Close Pipeline PipelineID=a90a8c13-2500-4eb3-b043-1b93ce588544 command on datanode 53ca8b2c-5b6c-4f43-832a-400784fc22d8.
2020-12-18 01:54:07,737 [Command processor thread] INFO  commandhandler.ClosePipelineCommandHandler (ClosePipelineCommandHandler.java:handle(75)) - Close Pipeline PipelineID=a90a8c13-2500-4eb3-b043-1b93ce588544 command on datanode 79194d7f-2e7e-4e4e-9d5e-674d7d919289.
2020-12-18 01:54:07,738 [Command processor thread] WARN  impl.RaftServerProxy (RaftServerProxy.java:remove(99)) - 79194d7f-2e7e-4e4e-9d5e-674d7d919289: does not contain group: group-1B93CE588544
2020-12-18 01:54:07,738 [Command processor thread] ERROR commandhandler.ClosePipelineCommandHandler (ClosePipelineCommandHandler.java:handle(78)) - Can't close pipeline PipelineID=a90a8c13-2500-4eb3-b043-1b93ce588544
java.io.IOException: 79194d7f-2e7e-4e4e-9d5e-674d7d919289: Group group-1B93CE588544 not found.
	at org.apache.hadoop.ozone.container.common.transport.server.ratis.XceiverServerRatis.removeGroup(XceiverServerRatis.java:774)
	at org.apache.hadoop.ozone.container.common.statemachine.commandhandler.ClosePipelineCommandHandler.handle(ClosePipelineCommandHandler.java:74)
	at org.apache.hadoop.ozone.container.common.statemachine.commandhandler.CommandDispatcher.handle(CommandDispatcher.java:99)
	at org.apache.hadoop.ozone.container.common.statemachine.DatanodeStateMachine.lambda$initCommandHandlerThread$2(DatanodeStateMachine.java:498)
	at java.lang.Thread.run(Thread.java:748)
Caused by: org.apache.ratis.protocol.exceptions.GroupMismatchException: 79194d7f-2e7e-4e4e-9d5e-674d7d919289: Group group-1B93CE588544 not found.
	at org.apache.ratis.server.impl.RaftServerProxy.groupRemoveAsync(RaftServerProxy.java:445)
	at org.apache.ratis.server.impl.RaftServerProxy.groupManagementAsync(RaftServerProxy.java:401)
	at org.apache.ratis.server.impl.RaftServerProxy.groupManagement(RaftServerProxy.java:381)
	at org.apache.hadoop.ozone.container.common.transport.server.ratis.XceiverServerRatis.removeGroup(XceiverServerRatis.java:772)
	... 4 more
2020-12-18 01:54:07,739 [Command processor thread] WARN  impl.RaftServerProxy (RaftServerProxy.java:remove(99)) - 79194d7f-2e7e-4e4e-9d5e-674d7d919289: does not contain group: group-1B93CE588544
2020-12-18 01:54:07,739 [Command processor thread] ERROR commandhandler.ClosePipelineCommandHandler (ClosePipelineCommandHandler.java:handle(78)) - Can't close pipeline PipelineID=a90a8c13-2500-4eb3-b043-1b93ce588544
java.io.IOException: 79194d7f-2e7e-4e4e-9d5e-674d7d919289: Group group-1B93CE588544 not found.
	at org.apache.hadoop.ozone.container.common.transport.server.ratis.XceiverServerRatis.removeGroup(XceiverServerRatis.java:774)
	at org.apache.hadoop.ozone.container.common.statemachine.commandhandler.ClosePipelineCommandHandler.handle(ClosePipelineCommandHandler.java:74)
	at org.apache.hadoop.ozone.container.common.statemachine.commandhandler.CommandDispatcher.handle(CommandDispatcher.java:99)
	at org.apache.hadoop.ozone.container.common.statemachine.DatanodeStateMachine.lambda$initCommandHandlerThread$2(DatanodeStateMachine.java:498)
	at java.lang.Thread.run(Thread.java:748)
Caused by: org.apache.ratis.protocol.exceptions.GroupMismatchException: 79194d7f-2e7e-4e4e-9d5e-674d7d919289: Group group-1B93CE588544 not found.
	at org.apache.ratis.server.impl.RaftServerProxy.groupRemoveAsync(RaftServerProxy.java:445)
	at org.apache.ratis.server.impl.RaftServerProxy.groupManagementAsync(RaftServerProxy.java:401)
	at org.apache.ratis.server.impl.RaftServerProxy.groupManagement(RaftServerProxy.java:381)
	at org.apache.hadoop.ozone.container.common.transport.server.ratis.XceiverServerRatis.removeGroup(XceiverServerRatis.java:772)
	... 4 more
2020-12-18 01:54:07,740 [Command processor thread] WARN  impl.RaftServerProxy (RaftServerProxy.java:remove(99)) - 79194d7f-2e7e-4e4e-9d5e-674d7d919289: does not contain group: group-1B93CE588544
2020-12-18 01:54:07,740 [Command processor thread] ERROR commandhandler.ClosePipelineCommandHandler (ClosePipelineCommandHandler.java:handle(78)) - Can't close pipeline PipelineID=a90a8c13-2500-4eb3-b043-1b93ce588544
java.io.IOException: 79194d7f-2e7e-4e4e-9d5e-674d7d919289: Group group-1B93CE588544 not found.
	at org.apache.hadoop.ozone.container.common.transport.server.ratis.XceiverServerRatis.removeGroup(XceiverServerRatis.java:774)
	at org.apache.hadoop.ozone.container.common.statemachine.commandhandler.ClosePipelineCommandHandler.handle(ClosePipelineCommandHandler.java:74)
	at org.apache.hadoop.ozone.container.common.statemachine.commandhandler.CommandDispatcher.handle(CommandDispatcher.java:99)
	at org.apache.hadoop.ozone.container.common.statemachine.DatanodeStateMachine.lambda$initCommandHandlerThread$2(DatanodeStateMachine.java:498)
	at java.lang.Thread.run(Thread.java:748)
Caused by: org.apache.ratis.protocol.exceptions.GroupMismatchException: 79194d7f-2e7e-4e4e-9d5e-674d7d919289: Group group-1B93CE588544 not found.
	at org.apache.ratis.server.impl.RaftServerProxy.groupRemoveAsync(RaftServerProxy.java:445)
	at org.apache.ratis.server.impl.RaftServerProxy.groupManagementAsync(RaftServerProxy.java:401)
	at org.apache.ratis.server.impl.RaftServerProxy.groupManagement(RaftServerProxy.java:381)
	at org.apache.hadoop.ozone.container.common.transport.server.ratis.XceiverServerRatis.removeGroup(XceiverServerRatis.java:772)
	... 4 more
2020-12-18 01:54:07,740 [Command processor thread] WARN  impl.RaftServerProxy (RaftServerProxy.java:remove(99)) - 79194d7f-2e7e-4e4e-9d5e-674d7d919289: does not contain group: group-1B93CE588544
2020-12-18 01:54:07,740 [Command processor thread] ERROR commandhandler.ClosePipelineCommandHandler (ClosePipelineCommandHandler.java:handle(78)) - Can't close pipeline PipelineID=a90a8c13-2500-4eb3-b043-1b93ce588544
java.io.IOException: 79194d7f-2e7e-4e4e-9d5e-674d7d919289: Group group-1B93CE588544 not found.
	at org.apache.hadoop.ozone.container.common.transport.server.ratis.XceiverServerRatis.removeGroup(XceiverServerRatis.java:774)
	at org.apache.hadoop.ozone.container.common.statemachine.commandhandler.ClosePipelineCommandHandler.handle(ClosePipelineCommandHandler.java:74)
	at org.apache.hadoop.ozone.container.common.statemachine.commandhandler.CommandDispatcher.handle(CommandDispatcher.java:99)
	at org.apache.hadoop.ozone.container.common.statemachine.DatanodeStateMachine.lambda$initCommandHandlerThread$2(DatanodeStateMachine.java:498)
	at java.lang.Thread.run(Thread.java:748)
Caused by: org.apache.ratis.protocol.exceptions.GroupMismatchException: 79194d7f-2e7e-4e4e-9d5e-674d7d919289: Group group-1B93CE588544 not found.
	at org.apache.ratis.server.impl.RaftServerProxy.groupRemoveAsync(RaftServerProxy.java:445)
	at org.apache.ratis.server.impl.RaftServerProxy.groupManagementAsync(RaftServerProxy.java:401)
	at org.apache.ratis.server.impl.RaftServerProxy.groupManagement(RaftServerProxy.java:381)
	at org.apache.hadoop.ozone.container.common.transport.server.ratis.XceiverServerRatis.removeGroup(XceiverServerRatis.java:772)
	... 4 more
2020-12-18 01:54:07,741 [Command processor thread] WARN  impl.RaftServerProxy (RaftServerProxy.java:remove(99)) - 79194d7f-2e7e-4e4e-9d5e-674d7d919289: does not contain group: group-1B93CE588544
2020-12-18 01:54:07,741 [Command processor thread] ERROR commandhandler.ClosePipelineCommandHandler (ClosePipelineCommandHandler.java:handle(78)) - Can't close pipeline PipelineID=a90a8c13-2500-4eb3-b043-1b93ce588544
java.io.IOException: 79194d7f-2e7e-4e4e-9d5e-674d7d919289: Group group-1B93CE588544 not found.
	at org.apache.hadoop.ozone.container.common.transport.server.ratis.XceiverServerRatis.removeGroup(XceiverServerRatis.java:774)
	at org.apache.hadoop.ozone.container.common.statemachine.commandhandler.ClosePipelineCommandHandler.handle(ClosePipelineCommandHandler.java:74)
	at org.apache.hadoop.ozone.container.common.statemachine.commandhandler.CommandDispatcher.handle(CommandDispatcher.java:99)
	at org.apache.hadoop.ozone.container.common.statemachine.DatanodeStateMachine.lambda$initCommandHandlerThread$2(DatanodeStateMachine.java:498)
	at java.lang.Thread.run(Thread.java:748)
Caused by: org.apache.ratis.protocol.exceptions.GroupMismatchException: 79194d7f-2e7e-4e4e-9d5e-674d7d919289: Group group-1B93CE588544 not found.
	at org.apache.ratis.server.impl.RaftServerProxy.groupRemoveAsync(RaftServerProxy.java:445)
	at org.apache.ratis.server.impl.RaftServerProxy.groupManagementAsync(RaftServerProxy.java:401)
	at org.apache.ratis.server.impl.RaftServerProxy.groupManagement(RaftServerProxy.java:381)
	at org.apache.hadoop.ozone.container.common.transport.server.ratis.XceiverServerRatis.removeGroup(XceiverServerRatis.java:772)
	... 4 more
2020-12-18 01:54:07,738 [Command processor thread] WARN  impl.RaftServerProxy (RaftServerProxy.java:remove(99)) - 53ca8b2c-5b6c-4f43-832a-400784fc22d8: does not contain group: group-1B93CE588544
2020-12-18 01:54:07,742 [Command processor thread] ERROR commandhandler.ClosePipelineCommandHandler (ClosePipelineCommandHandler.java:handle(78)) - Can't close pipeline PipelineID=a90a8c13-2500-4eb3-b043-1b93ce588544
java.io.IOException: 53ca8b2c-5b6c-4f43-832a-400784fc22d8: Group group-1B93CE588544 not found.
	at org.apache.hadoop.ozone.container.common.transport.server.ratis.XceiverServerRatis.removeGroup(XceiverServerRatis.java:774)
	at org.apache.hadoop.ozone.container.common.statemachine.commandhandler.ClosePipelineCommandHandler.handle(ClosePipelineCommandHandler.java:74)
	at org.apache.hadoop.ozone.container.common.statemachine.commandhandler.CommandDispatcher.handle(CommandDispatcher.java:99)
	at org.apache.hadoop.ozone.container.common.statemachine.DatanodeStateMachine.lambda$initCommandHandlerThread$2(DatanodeStateMachine.java:498)
	at java.lang.Thread.run(Thread.java:748)
Caused by: org.apache.ratis.protocol.exceptions.GroupMismatchException: 53ca8b2c-5b6c-4f43-832a-400784fc22d8: Group group-1B93CE588544 not found.
	at org.apache.ratis.server.impl.RaftServerProxy.groupRemoveAsync(RaftServerProxy.java:445)
	at org.apache.ratis.server.impl.RaftServerProxy.groupManagementAsync(RaftServerProxy.java:401)
	at org.apache.ratis.server.impl.RaftServerProxy.groupManagement(RaftServerProxy.java:381)
	at org.apache.hadoop.ozone.container.common.transport.server.ratis.XceiverServerRatis.removeGroup(XceiverServerRatis.java:772)
	... 4 more
2020-12-18 01:54:07,742 [Command processor thread] WARN  impl.RaftServerProxy (RaftServerProxy.java:remove(99)) - 53ca8b2c-5b6c-4f43-832a-400784fc22d8: does not contain group: group-1B93CE588544
2020-12-18 01:54:07,742 [Command processor thread] ERROR commandhandler.ClosePipelineCommandHandler (ClosePipelineCommandHandler.java:handle(78)) - Can't close pipeline PipelineID=a90a8c13-2500-4eb3-b043-1b93ce588544
java.io.IOException: 53ca8b2c-5b6c-4f43-832a-400784fc22d8: Group group-1B93CE588544 not found.
	at org.apache.hadoop.ozone.container.common.transport.server.ratis.XceiverServerRatis.removeGroup(XceiverServerRatis.java:774)
	at org.apache.hadoop.ozone.container.common.statemachine.commandhandler.ClosePipelineCommandHandler.handle(ClosePipelineCommandHandler.java:74)
	at org.apache.hadoop.ozone.container.common.statemachine.commandhandler.CommandDispatcher.handle(CommandDispatcher.java:99)
	at org.apache.hadoop.ozone.container.common.statemachine.DatanodeStateMachine.lambda$initCommandHandlerThread$2(DatanodeStateMachine.java:498)
	at java.lang.Thread.run(Thread.java:748)
Caused by: org.apache.ratis.protocol.exceptions.GroupMismatchException: 53ca8b2c-5b6c-4f43-832a-400784fc22d8: Group group-1B93CE588544 not found.
	at org.apache.ratis.server.impl.RaftServerProxy.groupRemoveAsync(RaftServerProxy.java:445)
	at org.apache.ratis.server.impl.RaftServerProxy.groupManagementAsync(RaftServerProxy.java:401)
	at org.apache.ratis.server.impl.RaftServerProxy.groupManagement(RaftServerProxy.java:381)
	at org.apache.hadoop.ozone.container.common.transport.server.ratis.XceiverServerRatis.removeGroup(XceiverServerRatis.java:772)
	... 4 more
2020-12-18 01:54:07,743 [Command processor thread] WARN  impl.RaftServerProxy (RaftServerProxy.java:remove(99)) - 53ca8b2c-5b6c-4f43-832a-400784fc22d8: does not contain group: group-1B93CE588544
2020-12-18 01:54:07,743 [Command processor thread] ERROR commandhandler.ClosePipelineCommandHandler (ClosePipelineCommandHandler.java:handle(78)) - Can't close pipeline PipelineID=a90a8c13-2500-4eb3-b043-1b93ce588544
java.io.IOException: 53ca8b2c-5b6c-4f43-832a-400784fc22d8: Group group-1B93CE588544 not found.
	at org.apache.hadoop.ozone.container.common.transport.server.ratis.XceiverServerRatis.removeGroup(XceiverServerRatis.java:774)
	at org.apache.hadoop.ozone.container.common.statemachine.commandhandler.ClosePipelineCommandHandler.handle(ClosePipelineCommandHandler.java:74)
	at org.apache.hadoop.ozone.container.common.statemachine.commandhandler.CommandDispatcher.handle(CommandDispatcher.java:99)
	at org.apache.hadoop.ozone.container.common.statemachine.DatanodeStateMachine.lambda$initCommandHandlerThread$2(DatanodeStateMachine.java:498)
	at java.lang.Thread.run(Thread.java:748)
Caused by: org.apache.ratis.protocol.exceptions.GroupMismatchException: 53ca8b2c-5b6c-4f43-832a-400784fc22d8: Group group-1B93CE588544 not found.
	at org.apache.ratis.server.impl.RaftServerProxy.groupRemoveAsync(RaftServerProxy.java:445)
	at org.apache.ratis.server.impl.RaftServerProxy.groupManagementAsync(RaftServerProxy.java:401)
	at org.apache.ratis.server.impl.RaftServerProxy.groupManagement(RaftServerProxy.java:381)
	at org.apache.hadoop.ozone.container.common.transport.server.ratis.XceiverServerRatis.removeGroup(XceiverServerRatis.java:772)
	... 4 more
2020-12-18 01:54:07,743 [Command processor thread] WARN  impl.RaftServerProxy (RaftServerProxy.java:remove(99)) - 53ca8b2c-5b6c-4f43-832a-400784fc22d8: does not contain group: group-1B93CE588544
2020-12-18 01:54:07,743 [Command processor thread] ERROR commandhandler.ClosePipelineCommandHandler (ClosePipelineCommandHandler.java:handle(78)) - Can't close pipeline PipelineID=a90a8c13-2500-4eb3-b043-1b93ce588544
java.io.IOException: 53ca8b2c-5b6c-4f43-832a-400784fc22d8: Group group-1B93CE588544 not found.
	at org.apache.hadoop.ozone.container.common.transport.server.ratis.XceiverServerRatis.removeGroup(XceiverServerRatis.java:774)
	at org.apache.hadoop.ozone.container.common.statemachine.commandhandler.ClosePipelineCommandHandler.handle(ClosePipelineCommandHandler.java:74)
	at org.apache.hadoop.ozone.container.common.statemachine.commandhandler.CommandDispatcher.handle(CommandDispatcher.java:99)
	at org.apache.hadoop.ozone.container.common.statemachine.DatanodeStateMachine.lambda$initCommandHandlerThread$2(DatanodeStateMachine.java:498)
	at java.lang.Thread.run(Thread.java:748)
Caused by: org.apache.ratis.protocol.exceptions.GroupMismatchException: 53ca8b2c-5b6c-4f43-832a-400784fc22d8: Group group-1B93CE588544 not found.
	at org.apache.ratis.server.impl.RaftServerProxy.groupRemoveAsync(RaftServerProxy.java:445)
	at org.apache.ratis.server.impl.RaftServerProxy.groupManagementAsync(RaftServerProxy.java:401)
	at org.apache.ratis.server.impl.RaftServerProxy.groupManagement(RaftServerProxy.java:381)
	at org.apache.hadoop.ozone.container.common.transport.server.ratis.XceiverServerRatis.removeGroup(XceiverServerRatis.java:772)
	... 4 more
2020-12-18 01:54:07,743 [Command processor thread] WARN  impl.RaftServerProxy (RaftServerProxy.java:remove(99)) - 53ca8b2c-5b6c-4f43-832a-400784fc22d8: does not contain group: group-1B93CE588544
2020-12-18 01:54:07,743 [Command processor thread] ERROR commandhandler.ClosePipelineCommandHandler (ClosePipelineCommandHandler.java:handle(78)) - Can't close pipeline PipelineID=a90a8c13-2500-4eb3-b043-1b93ce588544
java.io.IOException: 53ca8b2c-5b6c-4f43-832a-400784fc22d8: Group group-1B93CE588544 not found.
	at org.apache.hadoop.ozone.container.common.transport.server.ratis.XceiverServerRatis.removeGroup(XceiverServerRatis.java:774)
	at org.apache.hadoop.ozone.container.common.statemachine.commandhandler.ClosePipelineCommandHandler.handle(ClosePipelineCommandHandler.java:74)
	at org.apache.hadoop.ozone.container.common.statemachine.commandhandler.CommandDispatcher.handle(CommandDispatcher.java:99)
	at org.apache.hadoop.ozone.container.common.statemachine.DatanodeStateMachine.lambda$initCommandHandlerThread$2(DatanodeStateMachine.java:498)
	at java.lang.Thread.run(Thread.java:748)
Caused by: org.apache.ratis.protocol.exceptions.GroupMismatchException: 53ca8b2c-5b6c-4f43-832a-400784fc22d8: Group group-1B93CE588544 not found.
	at org.apache.ratis.server.impl.RaftServerProxy.groupRemoveAsync(RaftServerProxy.java:445)
	at org.apache.ratis.server.impl.RaftServerProxy.groupManagementAsync(RaftServerProxy.java:401)
	at org.apache.ratis.server.impl.RaftServerProxy.groupManagement(RaftServerProxy.java:381)
	at org.apache.hadoop.ozone.container.common.transport.server.ratis.XceiverServerRatis.removeGroup(XceiverServerRatis.java:772)
	... 4 more
2020-12-18 01:54:08,023 [ReplicationMonitor] INFO  container.ReplicationManager (ReplicationManager.java:sendCloseCommand(948)) - Sending close container command for container #1 to datanode 2ed54bf1-42e1-44fc-9c0b-5e6eea7347b7{ip: 172.17.0.2, host: 1fad9502c7b4, networkLocation: /default-rack, certSerialId: null, persistedOpState: IN_SERVICE, persistedOpStateExpiryEpochSec: 0}.
2020-12-18 01:54:08,023 [ReplicationMonitor] INFO  container.ReplicationManager (ReplicationManager.java:sendCloseCommand(948)) - Sending close container command for container #1 to datanode 79194d7f-2e7e-4e4e-9d5e-674d7d919289{ip: 172.17.0.2, host: 1fad9502c7b4, networkLocation: /default-rack, certSerialId: null, persistedOpState: IN_SERVICE, persistedOpStateExpiryEpochSec: 0}.
2020-12-18 01:54:08,024 [ReplicationMonitor] INFO  container.ReplicationManager (ReplicationManager.java:sendCloseCommand(948)) - Sending close container command for container #1 to datanode 53ca8b2c-5b6c-4f43-832a-400784fc22d8{ip: 172.17.0.2, host: 1fad9502c7b4, networkLocation: /default-rack, certSerialId: null, persistedOpState: IN_SERVICE, persistedOpStateExpiryEpochSec: 0}.
2020-12-18 01:54:08,024 [ReplicationMonitor] INFO  container.ReplicationManager (ReplicationManager.java:sendCloseCommand(948)) - Sending close container command for container #4 to datanode 79194d7f-2e7e-4e4e-9d5e-674d7d919289{ip: 172.17.0.2, host: 1fad9502c7b4, networkLocation: /default-rack, certSerialId: null, persistedOpState: IN_SERVICE, persistedOpStateExpiryEpochSec: 0}.
2020-12-18 01:54:08,024 [ReplicationMonitor] INFO  container.ReplicationManager (ReplicationManager.java:sendCloseCommand(948)) - Sending close container command for container #4 to datanode 2ed54bf1-42e1-44fc-9c0b-5e6eea7347b7{ip: 172.17.0.2, host: 1fad9502c7b4, networkLocation: /default-rack, certSerialId: null, persistedOpState: IN_SERVICE, persistedOpStateExpiryEpochSec: 0}.
2020-12-18 01:54:08,024 [ReplicationMonitor] INFO  container.ReplicationManager (ReplicationManager.java:run(250)) - Replication Monitor Thread took 1 milliseconds for processing 4 containers.
2020-12-18 01:54:08,108 [DatanodeAdminManager-0] INFO  node.DatanodeAdminMonitorImpl (DatanodeAdminMonitorImpl.java:run(136)) - There are 1 nodes tracked for decommission and maintenance. 0 pending nodes.
2020-12-18 01:54:08,721 [IPC Server handler 14 on default port 40443] INFO  node.SCMNodeManager (SCMNodeManager.java:updateDatanodeOpState(419)) - Scheduling a command to update the operationalState persisted on the datanode as the reported value (IN_SERVICE, 0) does not match the value stored in SCM (DECOMMISSIONING, 0)
2020-12-18 01:54:08,721 [Command processor thread] INFO  impl.RaftServerProxy (RaftServerProxy.java:remove(104)) - 2ed54bf1-42e1-44fc-9c0b-5e6eea7347b7: remove  FOLLOWER 2ed54bf1-42e1-44fc-9c0b-5e6eea7347b7@group-1B93CE588544:t1, leader=53ca8b2c-5b6c-4f43-832a-400784fc22d8, voted=2ed54bf1-42e1-44fc-9c0b-5e6eea7347b7, raftlog=2ed54bf1-42e1-44fc-9c0b-5e6eea7347b7@group-1B93CE588544-SegmentedRaftLog:OPENED:c44,f44,i44, conf=0: [53ca8b2c-5b6c-4f43-832a-400784fc22d8|rpc:172.17.0.2:46217|dataStream:, 79194d7f-2e7e-4e4e-9d5e-674d7d919289|rpc:172.17.0.2:45263|dataStream:, 2ed54bf1-42e1-44fc-9c0b-5e6eea7347b7|rpc:172.17.0.2:37299|dataStream:], old=null RUNNING
2020-12-18 01:54:08,722 [Command processor thread] INFO  impl.RaftServerImpl (RaftServerImpl.java:lambda$shutdown$3(328)) - 2ed54bf1-42e1-44fc-9c0b-5e6eea7347b7@group-1B93CE588544: shutdown
2020-12-18 01:54:08,722 [Command processor thread] INFO  util.JmxRegister (JmxRegister.java:unregister(73)) - Successfully un-registered JMX Bean with object name Ratis:service=RaftServer,group=group-1B93CE588544,id=2ed54bf1-42e1-44fc-9c0b-5e6eea7347b7
2020-12-18 01:54:08,722 [Command processor thread] INFO  impl.RoleInfo (RoleInfo.java:shutdownFollowerState(121)) - 2ed54bf1-42e1-44fc-9c0b-5e6eea7347b7: shutdown 2ed54bf1-42e1-44fc-9c0b-5e6eea7347b7@group-1B93CE588544-FollowerState
2020-12-18 01:54:08,722 [Command processor thread] INFO  impl.StateMachineUpdater (StateMachineUpdater.java:stopAndJoin(147)) - 2ed54bf1-42e1-44fc-9c0b-5e6eea7347b7@group-1B93CE588544-StateMachineUpdater: set stopIndex = 44
2020-12-18 01:54:08,722 [2ed54bf1-42e1-44fc-9c0b-5e6eea7347b7@group-1B93CE588544-StateMachineUpdater] INFO  ratis.ContainerStateMachine (ContainerStateMachine.java:takeSnapshot(293)) - group-1B93CE588544: Taking a snapshot at:(t:1, i:44) file /github/workspace/mnt/ozone/hadoop-ozone/integration-test/target/test-dir/MiniOzoneClusterImpl-3835dc27-2ffb-44b9-9ba4-3f027f37039b/datanode-0/data/ratis/a90a8c13-2500-4eb3-b043-1b93ce588544/sm/snapshot.1_44
2020-12-18 01:54:08,722 [Thread-3235] INFO  impl.FollowerState (FollowerState.java:run(137)) - 2ed54bf1-42e1-44fc-9c0b-5e6eea7347b7@group-1B93CE588544-FollowerState was interrupted: {}
java.lang.InterruptedException: sleep interrupted
	at java.lang.Thread.sleep(Native Method)
	at org.apache.ratis.util.JavaUtils.sleep(JavaUtils.java:250)
	at org.apache.ratis.server.impl.FollowerState.run(FollowerState.java:116)
2020-12-18 01:54:08,725 [2ed54bf1-42e1-44fc-9c0b-5e6eea7347b7@group-1B93CE588544-StateMachineUpdater] INFO  ratis.ContainerStateMachine (ContainerStateMachine.java:takeSnapshot(304)) - group-1B93CE588544: Finished taking a snapshot at:(t:1, i:44) file:/github/workspace/mnt/ozone/hadoop-ozone/integration-test/target/test-dir/MiniOzoneClusterImpl-3835dc27-2ffb-44b9-9ba4-3f027f37039b/datanode-0/data/ratis/a90a8c13-2500-4eb3-b043-1b93ce588544/sm/snapshot.1_44 time:3
2020-12-18 01:54:08,725 [2ed54bf1-42e1-44fc-9c0b-5e6eea7347b7@group-1B93CE588544-StateMachineUpdater] INFO  impl.StateMachineUpdater (StateMachineUpdater.java:takeSnapshot(278)) - 2ed54bf1-42e1-44fc-9c0b-5e6eea7347b7@group-1B93CE588544-StateMachineUpdater: Took a snapshot at index 44
2020-12-18 01:54:08,725 [2ed54bf1-42e1-44fc-9c0b-5e6eea7347b7@group-1B93CE588544-StateMachineUpdater] INFO  impl.StateMachineUpdater (StateMachineUpdater.java:lambda$new$0(87)) - 2ed54bf1-42e1-44fc-9c0b-5e6eea7347b7@group-1B93CE588544-StateMachineUpdater: snapshotIndex: updateIncreasingly -1 -> 44
2020-12-18 01:54:08,725 [2ed54bf1-42e1-44fc-9c0b-5e6eea7347b7@group-1B93CE588544-StateMachineUpdater] INFO  metrics.RatisMetrics (RatisMetrics.java:unregister(43)) - Unregistering Metrics Registry : ratis.state_machine.2ed54bf1-42e1-44fc-9c0b-5e6eea7347b7@group-1B93CE588544
2020-12-18 01:54:08,725 [Command processor thread] INFO  impl.RaftServerImpl (ServerState.java:close(406)) - 2ed54bf1-42e1-44fc-9c0b-5e6eea7347b7@group-1B93CE588544: closes. applyIndex: 44
2020-12-18 01:54:08,725 [2ed54bf1-42e1-44fc-9c0b-5e6eea7347b7@group-1B93CE588544-SegmentedRaftLogWorker] INFO  segmented.SegmentedRaftLogWorker (SegmentedRaftLogWorker.java:run(329)) - 2ed54bf1-42e1-44fc-9c0b-5e6eea7347b7@group-1B93CE588544-SegmentedRaftLogWorker was interrupted, exiting. There are 0 tasks remaining in the queue.
2020-12-18 01:54:08,726 [Command processor thread] INFO  segmented.SegmentedRaftLogWorker (SegmentedRaftLogWorker.java:close(235)) - 2ed54bf1-42e1-44fc-9c0b-5e6eea7347b7@group-1B93CE588544-SegmentedRaftLogWorker close()
2020-12-18 01:54:08,727 [Command processor thread] INFO  metrics.RatisMetrics (RatisMetrics.java:unregister(43)) - Unregistering Metrics Registry : ratis.log_worker.2ed54bf1-42e1-44fc-9c0b-5e6eea7347b7@group-1B93CE588544
2020-12-18 01:54:08,727 [Command processor thread] INFO  metrics.RatisMetrics (RatisMetrics.java:unregister(43)) - Unregistering Metrics Registry : ratis.leader_election.2ed54bf1-42e1-44fc-9c0b-5e6eea7347b7@group-1B93CE588544
2020-12-18 01:54:08,727 [Command processor thread] INFO  metrics.RatisMetrics (RatisMetrics.java:unregister(43)) - Unregistering Metrics Registry : ratis.server.2ed54bf1-42e1-44fc-9c0b-5e6eea7347b7@group-1B93CE588544
2020-12-18 01:54:08,729 [IPC Server handler 3 on default port 40443] INFO  node.SCMNodeManager (SCMNodeManager.java:updateDatanodeOpState(419)) - Scheduling a command to update the operationalState persisted on the datanode as the reported value (IN_SERVICE, 0) does not match the value stored in SCM (DECOMMISSIONING, 0)
2020-12-18 01:54:08,729 [Command processor thread] INFO  keyvalue.KeyValueContainer (KeyValueContainer.java:flushAndSyncDB(388)) - Container 1 is synced with bcsId 42.
2020-12-18 01:54:08,729 [Command processor thread] INFO  keyvalue.KeyValueContainer (KeyValueContainer.java:flushAndSyncDB(388)) - Container 1 is synced with bcsId 42.
2020-12-18 01:54:08,731 [IPC Server handler 5 on default port 40443] INFO  node.SCMNodeManager (SCMNodeManager.java:updateDatanodeOpState(419)) - Scheduling a command to update the operationalState persisted on the datanode as the reported value (IN_SERVICE, 0) does not match the value stored in SCM (DECOMMISSIONING, 0)
2020-12-18 01:54:08,732 [IPC Server handler 6 on default port 40443] INFO  node.SCMNodeManager (SCMNodeManager.java:updateDatanodeOpState(419)) - Scheduling a command to update the operationalState persisted on the datanode as the reported value (IN_SERVICE, 0) does not match the value stored in SCM (DECOMMISSIONING, 0)
2020-12-18 01:54:08,733 [Command processor thread] INFO  keyvalue.KeyValueContainer (KeyValueContainer.java:flushAndSyncDB(388)) - Container 4 is synced with bcsId 38.
2020-12-18 01:54:08,733 [Command processor thread] INFO  keyvalue.KeyValueContainer (KeyValueContainer.java:flushAndSyncDB(388)) - Container 4 is synced with bcsId 38.
2020-12-18 01:54:08,734 [IPC Server handler 7 on default port 40443] INFO  node.SCMNodeManager (SCMNodeManager.java:updateDatanodeOpState(419)) - Scheduling a command to update the operationalState persisted on the datanode as the reported value (IN_SERVICE, 0) does not match the value stored in SCM (DECOMMISSIONING, 0)
2020-12-18 01:54:08,735 [Command processor thread] INFO  impl.RaftServerImpl (RaftServerImpl.java:groupRemove(299)) - 2ed54bf1-42e1-44fc-9c0b-5e6eea7347b7@group-1B93CE588544: Succeed to remove RaftStorageDirectory Storage Directory /github/workspace/mnt/ozone/hadoop-ozone/integration-test/target/test-dir/MiniOzoneClusterImpl-3835dc27-2ffb-44b9-9ba4-3f027f37039b/datanode-0/data/ratis/a90a8c13-2500-4eb3-b043-1b93ce588544
2020-12-18 01:54:08,735 [Command processor thread] INFO  commandhandler.ClosePipelineCommandHandler (ClosePipelineCommandHandler.java:handle(75)) - Close Pipeline PipelineID=a90a8c13-2500-4eb3-b043-1b93ce588544 command on datanode 2ed54bf1-42e1-44fc-9c0b-5e6eea7347b7.
2020-12-18 01:54:08,735 [Command processor thread] INFO  impl.RaftServerProxy (RaftServerProxy.java:remove(104)) - 2ed54bf1-42e1-44fc-9c0b-5e6eea7347b7: remove    LEADER 2ed54bf1-42e1-44fc-9c0b-5e6eea7347b7@group-1BCF3B05F380:t1, leader=2ed54bf1-42e1-44fc-9c0b-5e6eea7347b7, voted=2ed54bf1-42e1-44fc-9c0b-5e6eea7347b7, raftlog=2ed54bf1-42e1-44fc-9c0b-5e6eea7347b7@group-1BCF3B05F380-SegmentedRaftLog:OPENED:c0,f0,i0, conf=0: [2ed54bf1-42e1-44fc-9c0b-5e6eea7347b7|rpc:172.17.0.2:37299|dataStream:], old=null RUNNING
2020-12-18 01:54:08,735 [Command processor thread] INFO  impl.RaftServerImpl (RaftServerImpl.java:lambda$shutdown$3(328)) - 2ed54bf1-42e1-44fc-9c0b-5e6eea7347b7@group-1BCF3B05F380: shutdown
2020-12-18 01:54:08,735 [Command processor thread] INFO  util.JmxRegister (JmxRegister.java:unregister(73)) - Successfully un-registered JMX Bean with object name Ratis:service=RaftServer,group=group-1BCF3B05F380,id=2ed54bf1-42e1-44fc-9c0b-5e6eea7347b7
2020-12-18 01:54:08,735 [Command processor thread] INFO  impl.RoleInfo (RoleInfo.java:shutdownLeaderState(104)) - 2ed54bf1-42e1-44fc-9c0b-5e6eea7347b7: shutdown 2ed54bf1-42e1-44fc-9c0b-5e6eea7347b7@group-1BCF3B05F380-LeaderState
2020-12-18 01:54:08,735 [Command processor thread] INFO  impl.PendingRequests (PendingRequests.java:sendNotLeaderResponses(250)) - 2ed54bf1-42e1-44fc-9c0b-5e6eea7347b7@group-1BCF3B05F380-PendingRequests: sendNotLeaderResponses
2020-12-18 01:54:08,736 [Command processor thread] INFO  metrics.RatisMetrics (RatisMetrics.java:unregister(43)) - Unregistering Metrics Registry : ratis.log_appender.2ed54bf1-42e1-44fc-9c0b-5e6eea7347b7@group-1BCF3B05F380
2020-12-18 01:54:08,736 [Command processor thread] INFO  metrics.RatisMetrics (RatisMetrics.java:unregister(43)) - Unregistering Metrics Registry : ratis.server.2ed54bf1-42e1-44fc-9c0b-5e6eea7347b7@group-1BCF3B05F380
2020-12-18 01:54:08,737 [2ed54bf1-42e1-44fc-9c0b-5e6eea7347b7@group-1BCF3B05F380-StateMachineUpdater] INFO  ratis.ContainerStateMachine (ContainerStateMachine.java:takeSnapshot(293)) - group-1BCF3B05F380: Taking a snapshot at:(t:1, i:0) file /github/workspace/mnt/ozone/hadoop-ozone/integration-test/target/test-dir/MiniOzoneClusterImpl-3835dc27-2ffb-44b9-9ba4-3f027f37039b/datanode-0/data/ratis/abc3e218-d7e6-4551-b8d8-1bcf3b05f380/sm/snapshot.1_0
2020-12-18 01:54:08,737 [Command processor thread] INFO  impl.StateMachineUpdater (StateMachineUpdater.java:stopAndJoin(147)) - 2ed54bf1-42e1-44fc-9c0b-5e6eea7347b7@group-1BCF3B05F380-StateMachineUpdater: set stopIndex = 0
2020-12-18 01:54:08,738 [2ed54bf1-42e1-44fc-9c0b-5e6eea7347b7@group-1BCF3B05F380-StateMachineUpdater] INFO  ratis.ContainerStateMachine (ContainerStateMachine.java:takeSnapshot(304)) - group-1BCF3B05F380: Finished taking a snapshot at:(t:1, i:0) file:/github/workspace/mnt/ozone/hadoop-ozone/integration-test/target/test-dir/MiniOzoneClusterImpl-3835dc27-2ffb-44b9-9ba4-3f027f37039b/datanode-0/data/ratis/abc3e218-d7e6-4551-b8d8-1bcf3b05f380/sm/snapshot.1_0 time:1
2020-12-18 01:54:08,738 [2ed54bf1-42e1-44fc-9c0b-5e6eea7347b7@group-1BCF3B05F380-StateMachineUpdater] INFO  impl.StateMachineUpdater (StateMachineUpdater.java:takeSnapshot(278)) - 2ed54bf1-42e1-44fc-9c0b-5e6eea7347b7@group-1BCF3B05F380-StateMachineUpdater: Took a snapshot at index 0
2020-12-18 01:54:08,738 [2ed54bf1-42e1-44fc-9c0b-5e6eea7347b7@group-1BCF3B05F380-StateMachineUpdater] INFO  impl.StateMachineUpdater (StateMachineUpdater.java:lambda$new$0(87)) - 2ed54bf1-42e1-44fc-9c0b-5e6eea7347b7@group-1BCF3B05F380-StateMachineUpdater: snapshotIndex: updateIncreasingly -1 -> 0
2020-12-18 01:54:08,738 [2ed54bf1-42e1-44fc-9c0b-5e6eea7347b7@group-1BCF3B05F380-StateMachineUpdater] INFO  metrics.RatisMetrics (RatisMetrics.java:unregister(43)) - Unregistering Metrics Registry : ratis.state_machine.2ed54bf1-42e1-44fc-9c0b-5e6eea7347b7@group-1BCF3B05F380
2020-12-18 01:54:08,738 [Command processor thread] INFO  impl.RaftServerImpl (ServerState.java:close(406)) - 2ed54bf1-42e1-44fc-9c0b-5e6eea7347b7@group-1BCF3B05F380: closes. applyIndex: 0
2020-12-18 01:54:08,738 [2ed54bf1-42e1-44fc-9c0b-5e6eea7347b7@group-1BCF3B05F380-SegmentedRaftLogWorker] INFO  segmented.SegmentedRaftLogWorker (SegmentedRaftLogWorker.java:run(329)) - 2ed54bf1-42e1-44fc-9c0b-5e6eea7347b7@group-1BCF3B05F380-SegmentedRaftLogWorker was interrupted, exiting. There are 0 tasks remaining in the queue.
2020-12-18 01:54:08,739 [Command processor thread] INFO  segmented.SegmentedRaftLogWorker (SegmentedRaftLogWorker.java:close(235)) - 2ed54bf1-42e1-44fc-9c0b-5e6eea7347b7@group-1BCF3B05F380-SegmentedRaftLogWorker close()
2020-12-18 01:54:08,741 [Command processor thread] INFO  metrics.RatisMetrics (RatisMetrics.java:unregister(43)) - Unregistering Metrics Registry : ratis.log_worker.2ed54bf1-42e1-44fc-9c0b-5e6eea7347b7@group-1BCF3B05F380
2020-12-18 01:54:08,741 [Command processor thread] INFO  metrics.RatisMetrics (RatisMetrics.java:unregister(43)) - Unregistering Metrics Registry : ratis.leader_election.2ed54bf1-42e1-44fc-9c0b-5e6eea7347b7@group-1BCF3B05F380
2020-12-18 01:54:08,741 [Command processor thread] INFO  metrics.RatisMetrics (RatisMetrics.java:unregister(43)) - Unregistering Metrics Registry : ratis.server.2ed54bf1-42e1-44fc-9c0b-5e6eea7347b7@group-1BCF3B05F380
2020-12-18 01:54:08,742 [Command processor thread] INFO  impl.RaftServerImpl (RaftServerImpl.java:groupRemove(299)) - 2ed54bf1-42e1-44fc-9c0b-5e6eea7347b7@group-1BCF3B05F380: Succeed to remove RaftStorageDirectory Storage Directory /github/workspace/mnt/ozone/hadoop-ozone/integration-test/target/test-dir/MiniOzoneClusterImpl-3835dc27-2ffb-44b9-9ba4-3f027f37039b/datanode-0/data/ratis/abc3e218-d7e6-4551-b8d8-1bcf3b05f380
2020-12-18 01:54:08,742 [Command processor thread] INFO  commandhandler.ClosePipelineCommandHandler (ClosePipelineCommandHandler.java:handle(75)) - Close Pipeline PipelineID=abc3e218-d7e6-4551-b8d8-1bcf3b05f380 command on datanode 2ed54bf1-42e1-44fc-9c0b-5e6eea7347b7.
2020-12-18 01:54:08,742 [Command processor thread] WARN  impl.RaftServerProxy (RaftServerProxy.java:remove(99)) - 2ed54bf1-42e1-44fc-9c0b-5e6eea7347b7: does not contain group: group-1B93CE588544
2020-12-18 01:54:08,742 [Command processor thread] ERROR commandhandler.ClosePipelineCommandHandler (ClosePipelineCommandHandler.java:handle(78)) - Can't close pipeline PipelineID=a90a8c13-2500-4eb3-b043-1b93ce588544
java.io.IOException: 2ed54bf1-42e1-44fc-9c0b-5e6eea7347b7: Group group-1B93CE588544 not found.
	at org.apache.hadoop.ozone.container.common.transport.server.ratis.XceiverServerRatis.removeGroup(XceiverServerRatis.java:774)
	at org.apache.hadoop.ozone.container.common.statemachine.commandhandler.ClosePipelineCommandHandler.handle(ClosePipelineCommandHandler.java:74)
	at org.apache.hadoop.ozone.container.common.statemachine.commandhandler.CommandDispatcher.handle(CommandDispatcher.java:99)
	at org.apache.hadoop.ozone.container.common.statemachine.DatanodeStateMachine.lambda$initCommandHandlerThread$2(DatanodeStateMachine.java:498)
	at java.lang.Thread.run(Thread.java:748)
Caused by: org.apache.ratis.protocol.exceptions.GroupMismatchException: 2ed54bf1-42e1-44fc-9c0b-5e6eea7347b7: Group group-1B93CE588544 not found.
	at org.apache.ratis.server.impl.RaftServerProxy.groupRemoveAsync(RaftServerProxy.java:445)
	at org.apache.ratis.server.impl.RaftServerProxy.groupManagementAsync(RaftServerProxy.java:401)
	at org.apache.ratis.server.impl.RaftServerProxy.groupManagement(RaftServerProxy.java:381)
	at org.apache.hadoop.ozone.container.common.transport.server.ratis.XceiverServerRatis.removeGroup(XceiverServerRatis.java:772)
	... 4 more
2020-12-18 01:54:08,742 [Command processor thread] WARN  impl.RaftServerProxy (RaftServerProxy.java:remove(99)) - 2ed54bf1-42e1-44fc-9c0b-5e6eea7347b7: does not contain group: group-1BCF3B05F380
2020-12-18 01:54:08,742 [Command processor thread] ERROR commandhandler.ClosePipelineCommandHandler (ClosePipelineCommandHandler.java:handle(78)) - Can't close pipeline PipelineID=abc3e218-d7e6-4551-b8d8-1bcf3b05f380
java.io.IOException: 2ed54bf1-42e1-44fc-9c0b-5e6eea7347b7: Group group-1BCF3B05F380 not found.
	at org.apache.hadoop.ozone.container.common.transport.server.ratis.XceiverServerRatis.removeGroup(XceiverServerRatis.java:774)
	at org.apache.hadoop.ozone.container.common.statemachine.commandhandler.ClosePipelineCommandHandler.handle(ClosePipelineCommandHandler.java:74)
	at org.apache.hadoop.ozone.container.common.statemachine.commandhandler.CommandDispatcher.handle(CommandDispatcher.java:99)
	at org.apache.hadoop.ozone.container.common.statemachine.DatanodeStateMachine.lambda$initCommandHandlerThread$2(DatanodeStateMachine.java:498)
	at java.lang.Thread.run(Thread.java:748)
Caused by: org.apache.ratis.protocol.exceptions.GroupMismatchException: 2ed54bf1-42e1-44fc-9c0b-5e6eea7347b7: Group group-1BCF3B05F380 not found.
	at org.apache.ratis.server.impl.RaftServerProxy.groupRemoveAsync(RaftServerProxy.java:445)
	at org.apache.ratis.server.impl.RaftServerProxy.groupManagementAsync(RaftServerProxy.java:401)
	at org.apache.ratis.server.impl.RaftServerProxy.groupManagement(RaftServerProxy.java:381)
	at org.apache.hadoop.ozone.container.common.transport.server.ratis.XceiverServerRatis.removeGroup(XceiverServerRatis.java:772)
	... 4 more
2020-12-18 01:54:08,743 [Command processor thread] WARN  impl.RaftServerProxy (RaftServerProxy.java:remove(99)) - 2ed54bf1-42e1-44fc-9c0b-5e6eea7347b7: does not contain group: group-1B93CE588544
2020-12-18 01:54:08,743 [Command processor thread] ERROR commandhandler.ClosePipelineCommandHandler (ClosePipelineCommandHandler.java:handle(78)) - Can't close pipeline PipelineID=a90a8c13-2500-4eb3-b043-1b93ce588544
java.io.IOException: 2ed54bf1-42e1-44fc-9c0b-5e6eea7347b7: Group group-1B93CE588544 not found.
	at org.apache.hadoop.ozone.container.common.transport.server.ratis.XceiverServerRatis.removeGroup(XceiverServerRatis.java:774)
	at org.apache.hadoop.ozone.container.common.statemachine.commandhandler.ClosePipelineCommandHandler.handle(ClosePipelineCommandHandler.java:74)
	at org.apache.hadoop.ozone.container.common.statemachine.commandhandler.CommandDispatcher.handle(CommandDispatcher.java:99)
	at org.apache.hadoop.ozone.container.common.statemachine.DatanodeStateMachine.lambda$initCommandHandlerThread$2(DatanodeStateMachine.java:498)
	at java.lang.Thread.run(Thread.java:748)
Caused by: org.apache.ratis.protocol.exceptions.GroupMismatchException: 2ed54bf1-42e1-44fc-9c0b-5e6eea7347b7: Group group-1B93CE588544 not found.
	at org.apache.ratis.server.impl.RaftServerProxy.groupRemoveAsync(RaftServerProxy.java:445)
	at org.apache.ratis.server.impl.RaftServerProxy.groupManagementAsync(RaftServerProxy.java:401)
	at org.apache.ratis.server.impl.RaftServerProxy.groupManagement(RaftServerProxy.java:381)
	at org.apache.hadoop.ozone.container.common.transport.server.ratis.XceiverServerRatis.removeGroup(XceiverServerRatis.java:772)
	... 4 more
2020-12-18 01:54:08,744 [Command processor thread] WARN  impl.RaftServerProxy (RaftServerProxy.java:remove(99)) - 2ed54bf1-42e1-44fc-9c0b-5e6eea7347b7: does not contain group: group-1BCF3B05F380
2020-12-18 01:54:08,744 [Command processor thread] ERROR commandhandler.ClosePipelineCommandHandler (ClosePipelineCommandHandler.java:handle(78)) - Can't close pipeline PipelineID=abc3e218-d7e6-4551-b8d8-1bcf3b05f380
java.io.IOException: 2ed54bf1-42e1-44fc-9c0b-5e6eea7347b7: Group group-1BCF3B05F380 not found.
	at org.apache.hadoop.ozone.container.common.transport.server.ratis.XceiverServerRatis.removeGroup(XceiverServerRatis.java:774)
	at org.apache.hadoop.ozone.container.common.statemachine.commandhandler.ClosePipelineCommandHandler.handle(ClosePipelineCommandHandler.java:74)
	at org.apache.hadoop.ozone.container.common.statemachine.commandhandler.CommandDispatcher.handle(CommandDispatcher.java:99)
	at org.apache.hadoop.ozone.container.common.statemachine.DatanodeStateMachine.lambda$initCommandHandlerThread$2(DatanodeStateMachine.java:498)
	at java.lang.Thread.run(Thread.java:748)
Caused by: org.apache.ratis.protocol.exceptions.GroupMismatchException: 2ed54bf1-42e1-44fc-9c0b-5e6eea7347b7: Group group-1BCF3B05F380 not found.
	at org.apache.ratis.server.impl.RaftServerProxy.groupRemoveAsync(RaftServerProxy.java:445)
	at org.apache.ratis.server.impl.RaftServerProxy.groupManagementAsync(RaftServerProxy.java:401)
	at org.apache.ratis.server.impl.RaftServerProxy.groupManagement(RaftServerProxy.java:381)
	at org.apache.hadoop.ozone.container.common.transport.server.ratis.XceiverServerRatis.removeGroup(XceiverServerRatis.java:772)
	... 4 more
2020-12-18 01:54:08,744 [Command processor thread] WARN  impl.RaftServerProxy (RaftServerProxy.java:remove(99)) - 2ed54bf1-42e1-44fc-9c0b-5e6eea7347b7: does not contain group: group-1B93CE588544
2020-12-18 01:54:08,744 [Command processor thread] ERROR commandhandler.ClosePipelineCommandHandler (ClosePipelineCommandHandler.java:handle(78)) - Can't close pipeline PipelineID=a90a8c13-2500-4eb3-b043-1b93ce588544
java.io.IOException: 2ed54bf1-42e1-44fc-9c0b-5e6eea7347b7: Group group-1B93CE588544 not found.
	at org.apache.hadoop.ozone.container.common.transport.server.ratis.XceiverServerRatis.removeGroup(XceiverServerRatis.java:774)
	at org.apache.hadoop.ozone.container.common.statemachine.commandhandler.ClosePipelineCommandHandler.handle(ClosePipelineCommandHandler.java:74)
	at org.apache.hadoop.ozone.container.common.statemachine.commandhandler.CommandDispatcher.handle(CommandDispatcher.java:99)
	at org.apache.hadoop.ozone.container.common.statemachine.DatanodeStateMachine.lambda$initCommandHandlerThread$2(DatanodeStateMachine.java:498)
	at java.lang.Thread.run(Thread.java:748)
Caused by: org.apache.ratis.protocol.exceptions.GroupMismatchException: 2ed54bf1-42e1-44fc-9c0b-5e6eea7347b7: Group group-1B93CE588544 not found.
	at org.apache.ratis.server.impl.RaftServerProxy.groupRemoveAsync(RaftServerProxy.java:445)
	at org.apache.ratis.server.impl.RaftServerProxy.groupManagementAsync(RaftServerProxy.java:401)
	at org.apache.ratis.server.impl.RaftServerProxy.groupManagement(RaftServerProxy.java:381)
	at org.apache.hadoop.ozone.container.common.transport.server.ratis.XceiverServerRatis.removeGroup(XceiverServerRatis.java:772)
	... 4 more
2020-12-18 01:54:08,745 [Command processor thread] WARN  impl.RaftServerProxy (RaftServerProxy.java:remove(99)) - 2ed54bf1-42e1-44fc-9c0b-5e6eea7347b7: does not contain group: group-1BCF3B05F380
2020-12-18 01:54:08,745 [Command processor thread] ERROR commandhandler.ClosePipelineCommandHandler (ClosePipelineCommandHandler.java:handle(78)) - Can't close pipeline PipelineID=abc3e218-d7e6-4551-b8d8-1bcf3b05f380
java.io.IOException: 2ed54bf1-42e1-44fc-9c0b-5e6eea7347b7: Group group-1BCF3B05F380 not found.
	at org.apache.hadoop.ozone.container.common.transport.server.ratis.XceiverServerRatis.removeGroup(XceiverServerRatis.java:774)
	at org.apache.hadoop.ozone.container.common.statemachine.commandhandler.ClosePipelineCommandHandler.handle(ClosePipelineCommandHandler.java:74)
	at org.apache.hadoop.ozone.container.common.statemachine.commandhandler.CommandDispatcher.handle(CommandDispatcher.java:99)
	at org.apache.hadoop.ozone.container.common.statemachine.DatanodeStateMachine.lambda$initCommandHandlerThread$2(DatanodeStateMachine.java:498)
	at java.lang.Thread.run(Thread.java:748)
Caused by: org.apache.ratis.protocol.exceptions.GroupMismatchException: 2ed54bf1-42e1-44fc-9c0b-5e6eea7347b7: Group group-1BCF3B05F380 not found.
	at org.apache.ratis.server.impl.RaftServerProxy.groupRemoveAsync(RaftServerProxy.java:445)
	at org.apache.ratis.server.impl.RaftServerProxy.groupManagementAsync(RaftServerProxy.java:401)
	at org.apache.ratis.server.impl.RaftServerProxy.groupManagement(RaftServerProxy.java:381)
	at org.apache.hadoop.ozone.container.common.transport.server.ratis.XceiverServerRatis.removeGroup(XceiverServerRatis.java:772)
	... 4 more
2020-12-18 01:54:08,745 [Command processor thread] WARN  impl.RaftServerProxy (RaftServerProxy.java:remove(99)) - 2ed54bf1-42e1-44fc-9c0b-5e6eea7347b7: does not contain group: group-1B93CE588544
2020-12-18 01:54:08,745 [Command processor thread] ERROR commandhandler.ClosePipelineCommandHandler (ClosePipelineCommandHandler.java:handle(78)) - Can't close pipeline PipelineID=a90a8c13-2500-4eb3-b043-1b93ce588544
java.io.IOException: 2ed54bf1-42e1-44fc-9c0b-5e6eea7347b7: Group group-1B93CE588544 not found.
	at org.apache.hadoop.ozone.container.common.transport.server.ratis.XceiverServerRatis.removeGroup(XceiverServerRatis.java:774)
	at org.apache.hadoop.ozone.container.common.statemachine.commandhandler.ClosePipelineCommandHandler.handle(ClosePipelineCommandHandler.java:74)
	at org.apache.hadoop.ozone.container.common.statemachine.commandhandler.CommandDispatcher.handle(CommandDispatcher.java:99)
	at org.apache.hadoop.ozone.container.common.statemachine.DatanodeStateMachine.lambda$initCommandHandlerThread$2(DatanodeStateMachine.java:498)
	at java.lang.Thread.run(Thread.java:748)
Caused by: org.apache.ratis.protocol.exceptions.GroupMismatchException: 2ed54bf1-42e1-44fc-9c0b-5e6eea7347b7: Group group-1B93CE588544 not found.
	at org.apache.ratis.server.impl.RaftServerProxy.groupRemoveAsync(RaftServerProxy.java:445)
	at org.apache.ratis.server.impl.RaftServerProxy.groupManagementAsync(RaftServerProxy.java:401)
	at org.apache.ratis.server.impl.RaftServerProxy.groupManagement(RaftServerProxy.java:381)
	at org.apache.hadoop.ozone.container.common.transport.server.ratis.XceiverServerRatis.removeGroup(XceiverServerRatis.java:772)
	... 4 more
2020-12-18 01:54:08,745 [Command processor thread] WARN  impl.RaftServerProxy (RaftServerProxy.java:remove(99)) - 2ed54bf1-42e1-44fc-9c0b-5e6eea7347b7: does not contain group: group-1BCF3B05F380
2020-12-18 01:54:08,745 [Command processor thread] ERROR commandhandler.ClosePipelineCommandHandler (ClosePipelineCommandHandler.java:handle(78)) - Can't close pipeline PipelineID=abc3e218-d7e6-4551-b8d8-1bcf3b05f380
java.io.IOException: 2ed54bf1-42e1-44fc-9c0b-5e6eea7347b7: Group group-1BCF3B05F380 not found.
	at org.apache.hadoop.ozone.container.common.transport.server.ratis.XceiverServerRatis.removeGroup(XceiverServerRatis.java:774)
	at org.apache.hadoop.ozone.container.common.statemachine.commandhandler.ClosePipelineCommandHandler.handle(ClosePipelineCommandHandler.java:74)
	at org.apache.hadoop.ozone.container.common.statemachine.commandhandler.CommandDispatcher.handle(CommandDispatcher.java:99)
	at org.apache.hadoop.ozone.container.common.statemachine.DatanodeStateMachine.lambda$initCommandHandlerThread$2(DatanodeStateMachine.java:498)
	at java.lang.Thread.run(Thread.java:748)
Caused by: org.apache.ratis.protocol.exceptions.GroupMismatchException: 2ed54bf1-42e1-44fc-9c0b-5e6eea7347b7: Group group-1BCF3B05F380 not found.
	at org.apache.ratis.server.impl.RaftServerProxy.groupRemoveAsync(RaftServerProxy.java:445)
	at org.apache.ratis.server.impl.RaftServerProxy.groupManagementAsync(RaftServerProxy.java:401)
	at org.apache.ratis.server.impl.RaftServerProxy.groupManagement(RaftServerProxy.java:381)
	at org.apache.hadoop.ozone.container.common.transport.server.ratis.XceiverServerRatis.removeGroup(XceiverServerRatis.java:772)
	... 4 more
2020-12-18 01:54:08,746 [Command processor thread] WARN  impl.RaftServerProxy (RaftServerProxy.java:remove(99)) - 2ed54bf1-42e1-44fc-9c0b-5e6eea7347b7: does not contain group: group-1B93CE588544
2020-12-18 01:54:08,746 [Command processor thread] ERROR commandhandler.ClosePipelineCommandHandler (ClosePipelineCommandHandler.java:handle(78)) - Can't close pipeline PipelineID=a90a8c13-2500-4eb3-b043-1b93ce588544
java.io.IOException: 2ed54bf1-42e1-44fc-9c0b-5e6eea7347b7: Group group-1B93CE588544 not found.
	at org.apache.hadoop.ozone.container.common.transport.server.ratis.XceiverServerRatis.removeGroup(XceiverServerRatis.java:774)
	at org.apache.hadoop.ozone.container.common.statemachine.commandhandler.ClosePipelineCommandHandler.handle(ClosePipelineCommandHandler.java:74)
	at org.apache.hadoop.ozone.container.common.statemachine.commandhandler.CommandDispatcher.handle(CommandDispatcher.java:99)
	at org.apache.hadoop.ozone.container.common.statemachine.DatanodeStateMachine.lambda$initCommandHandlerThread$2(DatanodeStateMachine.java:498)
	at java.lang.Thread.run(Thread.java:748)
Caused by: org.apache.ratis.protocol.exceptions.GroupMismatchException: 2ed54bf1-42e1-44fc-9c0b-5e6eea7347b7: Group group-1B93CE588544 not found.
	at org.apache.ratis.server.impl.RaftServerProxy.groupRemoveAsync(RaftServerProxy.java:445)
	at org.apache.ratis.server.impl.RaftServerProxy.groupManagementAsync(RaftServerProxy.java:401)
	at org.apache.ratis.server.impl.RaftServerProxy.groupManagement(RaftServerProxy.java:381)
	at org.apache.hadoop.ozone.container.common.transport.server.ratis.XceiverServerRatis.removeGroup(XceiverServerRatis.java:772)
	... 4 more
2020-12-18 01:54:08,746 [Command processor thread] WARN  impl.RaftServerProxy (RaftServerProxy.java:remove(99)) - 2ed54bf1-42e1-44fc-9c0b-5e6eea7347b7: does not contain group: group-1BCF3B05F380
2020-12-18 01:54:08,746 [Command processor thread] ERROR commandhandler.ClosePipelineCommandHandler (ClosePipelineCommandHandler.java:handle(78)) - Can't close pipeline PipelineID=abc3e218-d7e6-4551-b8d8-1bcf3b05f380
java.io.IOException: 2ed54bf1-42e1-44fc-9c0b-5e6eea7347b7: Group group-1BCF3B05F380 not found.
	at org.apache.hadoop.ozone.container.common.transport.server.ratis.XceiverServerRatis.removeGroup(XceiverServerRatis.java:774)
	at org.apache.hadoop.ozone.container.common.statemachine.commandhandler.ClosePipelineCommandHandler.handle(ClosePipelineCommandHandler.java:74)
	at org.apache.hadoop.ozone.container.common.statemachine.commandhandler.CommandDispatcher.handle(CommandDispatcher.java:99)
	at org.apache.hadoop.ozone.container.common.statemachine.DatanodeStateMachine.lambda$initCommandHandlerThread$2(DatanodeStateMachine.java:498)
	at java.lang.Thread.run(Thread.java:748)
Caused by: org.apache.ratis.protocol.exceptions.GroupMismatchException: 2ed54bf1-42e1-44fc-9c0b-5e6eea7347b7: Group group-1BCF3B05F380 not found.
	at org.apache.ratis.server.impl.RaftServerProxy.groupRemoveAsync(RaftServerProxy.java:445)
	at org.apache.ratis.server.impl.RaftServerProxy.groupManagementAsync(RaftServerProxy.java:401)
	at org.apache.ratis.server.impl.RaftServerProxy.groupManagement(RaftServerProxy.java:381)
	at org.apache.hadoop.ozone.container.common.transport.server.ratis.XceiverServerRatis.removeGroup(XceiverServerRatis.java:772)
	... 4 more
2020-12-18 01:54:08,747 [Command processor thread] WARN  impl.RaftServerProxy (RaftServerProxy.java:remove(99)) - 2ed54bf1-42e1-44fc-9c0b-5e6eea7347b7: does not contain group: group-1B93CE588544
2020-12-18 01:54:08,747 [Command processor thread] ERROR commandhandler.ClosePipelineCommandHandler (ClosePipelineCommandHandler.java:handle(78)) - Can't close pipeline PipelineID=a90a8c13-2500-4eb3-b043-1b93ce588544
java.io.IOException: 2ed54bf1-42e1-44fc-9c0b-5e6eea7347b7: Group group-1B93CE588544 not found.
	at org.apache.hadoop.ozone.container.common.transport.server.ratis.XceiverServerRatis.removeGroup(XceiverServerRatis.java:774)
	at org.apache.hadoop.ozone.container.common.statemachine.commandhandler.ClosePipelineCommandHandler.handle(ClosePipelineCommandHandler.java:74)
	at org.apache.hadoop.ozone.container.common.statemachine.commandhandler.CommandDispatcher.handle(CommandDispatcher.java:99)
	at org.apache.hadoop.ozone.container.common.statemachine.DatanodeStateMachine.lambda$initCommandHandlerThread$2(DatanodeStateMachine.java:498)
	at java.lang.Thread.run(Thread.java:748)
Caused by: org.apache.ratis.protocol.exceptions.GroupMismatchException: 2ed54bf1-42e1-44fc-9c0b-5e6eea7347b7: Group group-1B93CE588544 not found.
	at org.apache.ratis.server.impl.RaftServerProxy.groupRemoveAsync(RaftServerProxy.java:445)
	at org.apache.ratis.server.impl.RaftServerProxy.groupManagementAsync(RaftServerProxy.java:401)
	at org.apache.ratis.server.impl.RaftServerProxy.groupManagement(RaftServerProxy.java:381)
	at org.apache.hadoop.ozone.container.common.transport.server.ratis.XceiverServerRatis.removeGroup(XceiverServerRatis.java:772)
	... 4 more
2020-12-18 01:54:08,747 [Command processor thread] WARN  impl.RaftServerProxy (RaftServerProxy.java:remove(99)) - 2ed54bf1-42e1-44fc-9c0b-5e6eea7347b7: does not contain group: group-1BCF3B05F380
2020-12-18 01:54:08,747 [Command processor thread] ERROR commandhandler.ClosePipelineCommandHandler (ClosePipelineCommandHandler.java:handle(78)) - Can't close pipeline PipelineID=abc3e218-d7e6-4551-b8d8-1bcf3b05f380
java.io.IOException: 2ed54bf1-42e1-44fc-9c0b-5e6eea7347b7: Group group-1BCF3B05F380 not found.
	at org.apache.hadoop.ozone.container.common.transport.server.ratis.XceiverServerRatis.removeGroup(XceiverServerRatis.java:774)
	at org.apache.hadoop.ozone.container.common.statemachine.commandhandler.ClosePipelineCommandHandler.handle(ClosePipelineCommandHandler.java:74)
	at org.apache.hadoop.ozone.container.common.statemachine.commandhandler.CommandDispatcher.handle(CommandDispatcher.java:99)
	at org.apache.hadoop.ozone.container.common.statemachine.DatanodeStateMachine.lambda$initCommandHandlerThread$2(DatanodeStateMachine.java:498)
	at java.lang.Thread.run(Thread.java:748)
Caused by: org.apache.ratis.protocol.exceptions.GroupMismatchException: 2ed54bf1-42e1-44fc-9c0b-5e6eea7347b7: Group group-1BCF3B05F380 not found.
	at org.apache.ratis.server.impl.RaftServerProxy.groupRemoveAsync(RaftServerProxy.java:445)
	at org.apache.ratis.server.impl.RaftServerProxy.groupManagementAsync(RaftServerProxy.java:401)
	at org.apache.ratis.server.impl.RaftServerProxy.groupManagement(RaftServerProxy.java:381)
	at org.apache.hadoop.ozone.container.common.transport.server.ratis.XceiverServerRatis.removeGroup(XceiverServerRatis.java:772)
	... 4 more
2020-12-18 01:54:09,024 [ReplicationMonitor] INFO  container.ReplicationManager (ReplicationManager.java:forceCloseContainer(633)) - Force closing container #1 with BCSID 42, which is in QUASI_CLOSED state.
2020-12-18 01:54:09,024 [ReplicationMonitor] INFO  container.ReplicationManager (ReplicationManager.java:sendCloseCommand(948)) - Sending close container command for container #1 to datanode 79194d7f-2e7e-4e4e-9d5e-674d7d919289{ip: 172.17.0.2, host: 1fad9502c7b4, networkLocation: /default-rack, certSerialId: null, persistedOpState: IN_SERVICE, persistedOpStateExpiryEpochSec: 0}.
2020-12-18 01:54:09,024 [ReplicationMonitor] INFO  container.ReplicationManager (ReplicationManager.java:sendCloseCommand(948)) - Sending close container command for container #1 to datanode 53ca8b2c-5b6c-4f43-832a-400784fc22d8{ip: 172.17.0.2, host: 1fad9502c7b4, networkLocation: /default-rack, certSerialId: null, persistedOpState: IN_SERVICE, persistedOpStateExpiryEpochSec: 0}.
2020-12-18 01:54:09,025 [ReplicationMonitor] INFO  container.ReplicationManager (ReplicationManager.java:forceCloseContainer(633)) - Force closing container #4 with BCSID 38, which is in QUASI_CLOSED state.
2020-12-18 01:54:09,025 [ReplicationMonitor] INFO  container.ReplicationManager (ReplicationManager.java:sendCloseCommand(948)) - Sending close container command for container #4 to datanode 79194d7f-2e7e-4e4e-9d5e-674d7d919289{ip: 172.17.0.2, host: 1fad9502c7b4, networkLocation: /default-rack, certSerialId: null, persistedOpState: IN_SERVICE, persistedOpStateExpiryEpochSec: 0}.
2020-12-18 01:54:09,025 [ReplicationMonitor] INFO  container.ReplicationManager (ReplicationManager.java:sendCloseCommand(948)) - Sending close container command for container #4 to datanode 53ca8b2c-5b6c-4f43-832a-400784fc22d8{ip: 172.17.0.2, host: 1fad9502c7b4, networkLocation: /default-rack, certSerialId: null, persistedOpState: IN_SERVICE, persistedOpStateExpiryEpochSec: 0}.
2020-12-18 01:54:09,025 [ReplicationMonitor] INFO  container.ReplicationManager (ReplicationManager.java:run(250)) - Replication Monitor Thread took 1 milliseconds for processing 4 containers.
2020-12-18 01:54:09,108 [DatanodeAdminManager-0] INFO  node.DatanodeAdminMonitorImpl (DatanodeAdminMonitorImpl.java:run(136)) - There are 1 nodes tracked for decommission and maintenance. 0 pending nodes.
2020-12-18 01:54:09,737 [Command processor thread] WARN  impl.RaftServerProxy (RaftServerProxy.java:remove(99)) - 53ca8b2c-5b6c-4f43-832a-400784fc22d8: does not contain group: group-1B93CE588544
2020-12-18 01:54:09,737 [Command processor thread] ERROR commandhandler.ClosePipelineCommandHandler (ClosePipelineCommandHandler.java:handle(78)) - Can't close pipeline PipelineID=a90a8c13-2500-4eb3-b043-1b93ce588544
java.io.IOException: 53ca8b2c-5b6c-4f43-832a-400784fc22d8: Group group-1B93CE588544 not found.
	at org.apache.hadoop.ozone.container.common.transport.server.ratis.XceiverServerRatis.removeGroup(XceiverServerRatis.java:774)
	at org.apache.hadoop.ozone.container.common.statemachine.commandhandler.ClosePipelineCommandHandler.handle(ClosePipelineCommandHandler.java:74)
	at org.apache.hadoop.ozone.container.common.statemachine.commandhandler.CommandDispatcher.handle(CommandDispatcher.java:99)
	at org.apache.hadoop.ozone.container.common.statemachine.DatanodeStateMachine.lambda$initCommandHandlerThread$2(DatanodeStateMachine.java:498)
	at java.lang.Thread.run(Thread.java:748)
Caused by: org.apache.ratis.protocol.exceptions.GroupMismatchException: 53ca8b2c-5b6c-4f43-832a-400784fc22d8: Group group-1B93CE588544 not found.
	at org.apache.ratis.server.impl.RaftServerProxy.groupRemoveAsync(RaftServerProxy.java:445)
	at org.apache.ratis.server.impl.RaftServerProxy.groupManagementAsync(RaftServerProxy.java:401)
	at org.apache.ratis.server.impl.RaftServerProxy.groupManagement(RaftServerProxy.java:381)
	at org.apache.hadoop.ozone.container.common.transport.server.ratis.XceiverServerRatis.removeGroup(XceiverServerRatis.java:772)
	... 4 more
2020-12-18 01:54:10,025 [ReplicationMonitor] INFO  container.ReplicationManager (ReplicationManager.java:forceCloseContainer(633)) - Force closing container #1 with BCSID 42, which is in QUASI_CLOSED state.
2020-12-18 01:54:10,025 [ReplicationMonitor] INFO  container.ReplicationManager (ReplicationManager.java:sendCloseCommand(948)) - Sending close container command for container #1 to datanode 79194d7f-2e7e-4e4e-9d5e-674d7d919289{ip: 172.17.0.2, host: 1fad9502c7b4, networkLocation: /default-rack, certSerialId: null, persistedOpState: IN_SERVICE, persistedOpStateExpiryEpochSec: 0}.
2020-12-18 01:54:10,025 [ReplicationMonitor] INFO  container.ReplicationManager (ReplicationManager.java:sendCloseCommand(948)) - Sending close container command for container #1 to datanode 53ca8b2c-5b6c-4f43-832a-400784fc22d8{ip: 172.17.0.2, host: 1fad9502c7b4, networkLocation: /default-rack, certSerialId: null, persistedOpState: IN_SERVICE, persistedOpStateExpiryEpochSec: 0}.
2020-12-18 01:54:10,025 [ReplicationMonitor] INFO  container.ReplicationManager (ReplicationManager.java:forceCloseContainer(633)) - Force closing container #4 with BCSID 38, which is in QUASI_CLOSED state.
2020-12-18 01:54:10,026 [ReplicationMonitor] INFO  container.ReplicationManager (ReplicationManager.java:sendCloseCommand(948)) - Sending close container command for container #4 to datanode 79194d7f-2e7e-4e4e-9d5e-674d7d919289{ip: 172.17.0.2, host: 1fad9502c7b4, networkLocation: /default-rack, certSerialId: null, persistedOpState: IN_SERVICE, persistedOpStateExpiryEpochSec: 0}.
2020-12-18 01:54:10,026 [ReplicationMonitor] INFO  container.ReplicationManager (ReplicationManager.java:sendCloseCommand(948)) - Sending close container command for container #4 to datanode 53ca8b2c-5b6c-4f43-832a-400784fc22d8{ip: 172.17.0.2, host: 1fad9502c7b4, networkLocation: /default-rack, certSerialId: null, persistedOpState: IN_SERVICE, persistedOpStateExpiryEpochSec: 0}.
2020-12-18 01:54:10,026 [ReplicationMonitor] INFO  container.ReplicationManager (ReplicationManager.java:run(250)) - Replication Monitor Thread took 1 milliseconds for processing 4 containers.
2020-12-18 01:54:10,110 [DatanodeAdminManager-0] INFO  node.DatanodeAdminMonitorImpl (DatanodeAdminMonitorImpl.java:checkContainersReplicatedOnNode(297)) - 2ed54bf1-42e1-44fc-9c0b-5e6eea7347b7{ip: 172.17.0.2, host: 1fad9502c7b4, networkLocation: /default-rack, certSerialId: null, persistedOpState: DECOMMISSIONING, persistedOpStateExpiryEpochSec: 0} has 0 sufficientlyReplicated, 2 underReplicated and 0 unhealthy containers
2020-12-18 01:54:10,110 [DatanodeAdminManager-0] INFO  node.DatanodeAdminMonitorImpl (DatanodeAdminMonitorImpl.java:run(136)) - There are 1 nodes tracked for decommission and maintenance. 0 pending nodes.
2020-12-18 01:54:10,734 [Command processor thread] WARN  impl.RaftServerProxy (RaftServerProxy.java:remove(99)) - 2ed54bf1-42e1-44fc-9c0b-5e6eea7347b7: does not contain group: group-1B93CE588544
2020-12-18 01:54:10,734 [Command processor thread] ERROR commandhandler.ClosePipelineCommandHandler (ClosePipelineCommandHandler.java:handle(78)) - Can't close pipeline PipelineID=a90a8c13-2500-4eb3-b043-1b93ce588544
java.io.IOException: 2ed54bf1-42e1-44fc-9c0b-5e6eea7347b7: Group group-1B93CE588544 not found.
	at org.apache.hadoop.ozone.container.common.transport.server.ratis.XceiverServerRatis.removeGroup(XceiverServerRatis.java:774)
	at org.apache.hadoop.ozone.container.common.statemachine.commandhandler.ClosePipelineCommandHandler.handle(ClosePipelineCommandHandler.java:74)
	at org.apache.hadoop.ozone.container.common.statemachine.commandhandler.CommandDispatcher.handle(CommandDispatcher.java:99)
	at org.apache.hadoop.ozone.container.common.statemachine.DatanodeStateMachine.lambda$initCommandHandlerThread$2(DatanodeStateMachine.java:498)
	at java.lang.Thread.run(Thread.java:748)
Caused by: org.apache.ratis.protocol.exceptions.GroupMismatchException: 2ed54bf1-42e1-44fc-9c0b-5e6eea7347b7: Group group-1B93CE588544 not found.
	at org.apache.ratis.server.impl.RaftServerProxy.groupRemoveAsync(RaftServerProxy.java:445)
	at org.apache.ratis.server.impl.RaftServerProxy.groupManagementAsync(RaftServerProxy.java:401)
	at org.apache.ratis.server.impl.RaftServerProxy.groupManagement(RaftServerProxy.java:381)
	at org.apache.hadoop.ozone.container.common.transport.server.ratis.XceiverServerRatis.removeGroup(XceiverServerRatis.java:772)
	... 4 more
2020-12-18 01:54:10,734 [Command processor thread] WARN  impl.RaftServerProxy (RaftServerProxy.java:remove(99)) - 2ed54bf1-42e1-44fc-9c0b-5e6eea7347b7: does not contain group: group-1BCF3B05F380
2020-12-18 01:54:10,734 [Command processor thread] ERROR commandhandler.ClosePipelineCommandHandler (ClosePipelineCommandHandler.java:handle(78)) - Can't close pipeline PipelineID=abc3e218-d7e6-4551-b8d8-1bcf3b05f380
java.io.IOException: 2ed54bf1-42e1-44fc-9c0b-5e6eea7347b7: Group group-1BCF3B05F380 not found.
	at org.apache.hadoop.ozone.container.common.transport.server.ratis.XceiverServerRatis.removeGroup(XceiverServerRatis.java:774)
	at org.apache.hadoop.ozone.container.common.statemachine.commandhandler.ClosePipelineCommandHandler.handle(ClosePipelineCommandHandler.java:74)
	at org.apache.hadoop.ozone.container.common.statemachine.commandhandler.CommandDispatcher.handle(CommandDispatcher.java:99)
	at org.apache.hadoop.ozone.container.common.statemachine.DatanodeStateMachine.lambda$initCommandHandlerThread$2(DatanodeStateMachine.java:498)
	at java.lang.Thread.run(Thread.java:748)
Caused by: org.apache.ratis.protocol.exceptions.GroupMismatchException: 2ed54bf1-42e1-44fc-9c0b-5e6eea7347b7: Group group-1BCF3B05F380 not found.
	at org.apache.ratis.server.impl.RaftServerProxy.groupRemoveAsync(RaftServerProxy.java:445)
	at org.apache.ratis.server.impl.RaftServerProxy.groupManagementAsync(RaftServerProxy.java:401)
	at org.apache.ratis.server.impl.RaftServerProxy.groupManagement(RaftServerProxy.java:381)
	at org.apache.hadoop.ozone.container.common.transport.server.ratis.XceiverServerRatis.removeGroup(XceiverServerRatis.java:772)
	... 4 more
2020-12-18 01:54:11,026 [ReplicationMonitor] INFO  container.ReplicationManager (ReplicationManager.java:forceCloseContainer(633)) - Force closing container #1 with BCSID 42, which is in QUASI_CLOSED state.
2020-12-18 01:54:11,026 [ReplicationMonitor] INFO  container.ReplicationManager (ReplicationManager.java:sendCloseCommand(948)) - Sending close container command for container #1 to datanode 2ed54bf1-42e1-44fc-9c0b-5e6eea7347b7{ip: 172.17.0.2, host: 1fad9502c7b4, networkLocation: /default-rack, certSerialId: null, persistedOpState: DECOMMISSIONING, persistedOpStateExpiryEpochSec: 0}.
2020-12-18 01:54:11,026 [ReplicationMonitor] INFO  container.ReplicationManager (ReplicationManager.java:sendCloseCommand(948)) - Sending close container command for container #1 to datanode 79194d7f-2e7e-4e4e-9d5e-674d7d919289{ip: 172.17.0.2, host: 1fad9502c7b4, networkLocation: /default-rack, certSerialId: null, persistedOpState: IN_SERVICE, persistedOpStateExpiryEpochSec: 0}.
2020-12-18 01:54:11,026 [ReplicationMonitor] INFO  container.ReplicationManager (ReplicationManager.java:sendCloseCommand(948)) - Sending close container command for container #1 to datanode 53ca8b2c-5b6c-4f43-832a-400784fc22d8{ip: 172.17.0.2, host: 1fad9502c7b4, networkLocation: /default-rack, certSerialId: null, persistedOpState: IN_SERVICE, persistedOpStateExpiryEpochSec: 0}.
2020-12-18 01:54:11,027 [ReplicationMonitor] INFO  container.ReplicationManager (ReplicationManager.java:forceCloseContainer(633)) - Force closing container #4 with BCSID 38, which is in QUASI_CLOSED state.
2020-12-18 01:54:11,027 [ReplicationMonitor] INFO  container.ReplicationManager (ReplicationManager.java:sendCloseCommand(948)) - Sending close container command for container #4 to datanode 79194d7f-2e7e-4e4e-9d5e-674d7d919289{ip: 172.17.0.2, host: 1fad9502c7b4, networkLocation: /default-rack, certSerialId: null, persistedOpState: IN_SERVICE, persistedOpStateExpiryEpochSec: 0}.
2020-12-18 01:54:11,027 [ReplicationMonitor] INFO  container.ReplicationManager (ReplicationManager.java:sendCloseCommand(948)) - Sending close container command for container #4 to datanode 53ca8b2c-5b6c-4f43-832a-400784fc22d8{ip: 172.17.0.2, host: 1fad9502c7b4, networkLocation: /default-rack, certSerialId: null, persistedOpState: IN_SERVICE, persistedOpStateExpiryEpochSec: 0}.
2020-12-18 01:54:11,027 [ReplicationMonitor] INFO  container.ReplicationManager (ReplicationManager.java:sendCloseCommand(948)) - Sending close container command for container #4 to datanode 2ed54bf1-42e1-44fc-9c0b-5e6eea7347b7{ip: 172.17.0.2, host: 1fad9502c7b4, networkLocation: /default-rack, certSerialId: null, persistedOpState: DECOMMISSIONING, persistedOpStateExpiryEpochSec: 0}.
2020-12-18 01:54:11,027 [ReplicationMonitor] INFO  container.ReplicationManager (ReplicationManager.java:run(250)) - Replication Monitor Thread took 1 milliseconds for processing 4 containers.
2020-12-18 01:54:11,108 [DatanodeAdminManager-0] INFO  node.DatanodeAdminMonitorImpl (DatanodeAdminMonitorImpl.java:checkContainersReplicatedOnNode(297)) - 2ed54bf1-42e1-44fc-9c0b-5e6eea7347b7{ip: 172.17.0.2, host: 1fad9502c7b4, networkLocation: /default-rack, certSerialId: null, persistedOpState: DECOMMISSIONING, persistedOpStateExpiryEpochSec: 0} has 0 sufficientlyReplicated, 2 underReplicated and 0 unhealthy containers
2020-12-18 01:54:11,108 [DatanodeAdminManager-0] INFO  node.DatanodeAdminMonitorImpl (DatanodeAdminMonitorImpl.java:run(136)) - There are 1 nodes tracked for decommission and maintenance. 0 pending nodes.
2020-12-18 01:54:11,736 [Command processor thread] INFO  keyvalue.KeyValueContainer (KeyValueContainer.java:flushAndSyncDB(388)) - Container 1 is synced with bcsId 42.
2020-12-18 01:54:11,736 [Command processor thread] INFO  keyvalue.KeyValueContainer (KeyValueContainer.java:flushAndSyncDB(388)) - Container 1 is synced with bcsId 42.
2020-12-18 01:54:11,738 [Command processor thread] INFO  keyvalue.KeyValueContainer (KeyValueContainer.java:flushAndSyncDB(388)) - Container 1 is synced with bcsId 42.
2020-12-18 01:54:11,738 [Command processor thread] INFO  keyvalue.KeyValueContainer (KeyValueContainer.java:flushAndSyncDB(388)) - Container 1 is synced with bcsId 42.
2020-12-18 01:54:11,739 [Command processor thread] INFO  keyvalue.KeyValueContainer (KeyValueContainer.java:close(326)) - Container 1 is closed with bcsId 42.
2020-12-18 01:54:11,739 [EventQueue-IncrementalContainerReportForIncrementalContainerReportHandler] INFO  container.IncrementalContainerReportHandler (AbstractContainerReportHandler.java:updateContainerState(241)) - Moving container #1 to CLOSED state, datanode 79194d7f-2e7e-4e4e-9d5e-674d7d919289{ip: 172.17.0.2, host: 1fad9502c7b4, networkLocation: /default-rack, certSerialId: null, persistedOpState: IN_SERVICE, persistedOpStateExpiryEpochSec: 0} reported CLOSED replica.
2020-12-18 01:54:11,740 [Command processor thread] INFO  keyvalue.KeyValueContainer (KeyValueContainer.java:flushAndSyncDB(388)) - Container 4 is synced with bcsId 38.
2020-12-18 01:54:11,740 [Command processor thread] INFO  keyvalue.KeyValueContainer (KeyValueContainer.java:flushAndSyncDB(388)) - Container 4 is synced with bcsId 38.
2020-12-18 01:54:11,741 [Command processor thread] INFO  keyvalue.KeyValueContainer (KeyValueContainer.java:close(326)) - Container 4 is closed with bcsId 38.
2020-12-18 01:54:11,742 [Command processor thread] INFO  keyvalue.KeyValueContainer (KeyValueContainer.java:close(326)) - Container 1 is closed with bcsId 42.
2020-12-18 01:54:11,742 [Command processor thread] INFO  keyvalue.KeyValueContainer (KeyValueContainer.java:flushAndSyncDB(388)) - Container 4 is synced with bcsId 38.
2020-12-18 01:54:11,742 [Command processor thread] INFO  keyvalue.KeyValueContainer (KeyValueContainer.java:flushAndSyncDB(388)) - Container 4 is synced with bcsId 38.
2020-12-18 01:54:11,743 [EventQueue-IncrementalContainerReportForIncrementalContainerReportHandler] INFO  container.IncrementalContainerReportHandler (AbstractContainerReportHandler.java:updateContainerState(241)) - Moving container #4 to CLOSED state, datanode 79194d7f-2e7e-4e4e-9d5e-674d7d919289{ip: 172.17.0.2, host: 1fad9502c7b4, networkLocation: /default-rack, certSerialId: null, persistedOpState: IN_SERVICE, persistedOpStateExpiryEpochSec: 0} reported CLOSED replica.
2020-12-18 01:54:11,744 [Command processor thread] INFO  keyvalue.KeyValueContainer (KeyValueContainer.java:close(326)) - Container 4 is closed with bcsId 38.
2020-12-18 01:54:12,027 [ReplicationMonitor] INFO  container.ReplicationManager (ReplicationManager.java:handleUnderReplicatedContainer(722)) - Container #1 is under replicated. Expected replica count is 3, but found 2.
2020-12-18 01:54:12,027 [ReplicationMonitor] INFO  container.ReplicationManager (ReplicationManager.java:sendReplicateCommand(970)) - Sending replicate container command for container #1 to datanode f3bcc9d7-8a28-4733-a3d2-9ac8d8ec4839{ip: 172.17.0.2, host: 1fad9502c7b4, networkLocation: /default-rack, certSerialId: null, persistedOpState: IN_SERVICE, persistedOpStateExpiryEpochSec: 0}
2020-12-18 01:54:12,028 [ReplicationMonitor] INFO  container.ReplicationManager (ReplicationManager.java:handleUnderReplicatedContainer(722)) - Container #4 is under replicated. Expected replica count is 3, but found 2.
2020-12-18 01:54:12,028 [ReplicationMonitor] INFO  container.ReplicationManager (ReplicationManager.java:sendReplicateCommand(970)) - Sending replicate container command for container #4 to datanode faa011ac-180a-4f85-bd7b-e6120f6873d8{ip: 172.17.0.2, host: 1fad9502c7b4, networkLocation: /default-rack, certSerialId: null, persistedOpState: IN_SERVICE, persistedOpStateExpiryEpochSec: 0}
2020-12-18 01:54:12,028 [ReplicationMonitor] INFO  container.ReplicationManager (ReplicationManager.java:run(250)) - Replication Monitor Thread took 1 milliseconds for processing 4 containers.
2020-12-18 01:54:12,108 [DatanodeAdminManager-0] INFO  node.DatanodeAdminMonitorImpl (DatanodeAdminMonitorImpl.java:checkContainersReplicatedOnNode(297)) - 2ed54bf1-42e1-44fc-9c0b-5e6eea7347b7{ip: 172.17.0.2, host: 1fad9502c7b4, networkLocation: /default-rack, certSerialId: null, persistedOpState: DECOMMISSIONING, persistedOpStateExpiryEpochSec: 0} has 0 sufficientlyReplicated, 2 underReplicated and 2 unhealthy containers
2020-12-18 01:54:12,108 [DatanodeAdminManager-0] INFO  node.DatanodeAdminMonitorImpl (DatanodeAdminMonitorImpl.java:run(136)) - There are 1 nodes tracked for decommission and maintenance. 0 pending nodes.
2020-12-18 01:54:12,734 [Command processor thread] INFO  keyvalue.KeyValueContainer (KeyValueContainer.java:flushAndSyncDB(388)) - Container 1 is synced with bcsId 42.
2020-12-18 01:54:12,735 [Command processor thread] INFO  keyvalue.KeyValueContainer (KeyValueContainer.java:flushAndSyncDB(388)) - Container 1 is synced with bcsId 42.
2020-12-18 01:54:12,736 [Command processor thread] INFO  keyvalue.KeyValueContainer (KeyValueContainer.java:close(326)) - Container 1 is closed with bcsId 42.
2020-12-18 01:54:12,736 [Command processor thread] INFO  keyvalue.KeyValueContainer (KeyValueContainer.java:flushAndSyncDB(388)) - Container 4 is synced with bcsId 38.
2020-12-18 01:54:12,737 [Command processor thread] INFO  keyvalue.KeyValueContainer (KeyValueContainer.java:flushAndSyncDB(388)) - Container 4 is synced with bcsId 38.
2020-12-18 01:54:12,738 [Command processor thread] INFO  keyvalue.KeyValueContainer (KeyValueContainer.java:close(326)) - Container 4 is closed with bcsId 38.
2020-12-18 01:54:13,028 [ReplicationMonitor] INFO  container.ReplicationManager (ReplicationManager.java:run(250)) - Replication Monitor Thread took 0 milliseconds for processing 4 containers.
2020-12-18 01:54:13,108 [DatanodeAdminManager-0] INFO  node.DatanodeAdminMonitorImpl (DatanodeAdminMonitorImpl.java:checkContainersReplicatedOnNode(297)) - 2ed54bf1-42e1-44fc-9c0b-5e6eea7347b7{ip: 172.17.0.2, host: 1fad9502c7b4, networkLocation: /default-rack, certSerialId: null, persistedOpState: DECOMMISSIONING, persistedOpStateExpiryEpochSec: 0} has 0 sufficientlyReplicated, 2 underReplicated and 2 unhealthy containers
2020-12-18 01:54:13,108 [DatanodeAdminManager-0] INFO  node.DatanodeAdminMonitorImpl (DatanodeAdminMonitorImpl.java:run(136)) - There are 1 nodes tracked for decommission and maintenance. 0 pending nodes.
2020-12-18 01:54:13,611 [ContainerReplicationThread-0] INFO  replication.DownloadAndImportReplicator (DownloadAndImportReplicator.java:replicate(106)) - Starting replication of container 1 from [2ed54bf1-42e1-44fc-9c0b-5e6eea7347b7{ip: 172.17.0.2, host: 1fad9502c7b4, networkLocation: /default-rack, certSerialId: null, persistedOpState: DECOMMISSIONING, persistedOpStateExpiryEpochSec: 0}, 79194d7f-2e7e-4e4e-9d5e-674d7d919289{ip: 172.17.0.2, host: 1fad9502c7b4, networkLocation: /default-rack, certSerialId: null, persistedOpState: IN_SERVICE, persistedOpStateExpiryEpochSec: 0}, 53ca8b2c-5b6c-4f43-832a-400784fc22d8{ip: 172.17.0.2, host: 1fad9502c7b4, networkLocation: /default-rack, certSerialId: null, persistedOpState: IN_SERVICE, persistedOpStateExpiryEpochSec: 0}]
2020-12-18 01:54:13,616 [grpc-default-executor-4] INFO  replication.GrpcReplicationService (GrpcReplicationService.java:download(52)) - Streaming container data (1) to other datanode
2020-12-18 01:54:13,619 [ContainerReplicationThread-0] INFO  replication.DownloadAndImportReplicator (DownloadAndImportReplicator.java:replicate(106)) - Starting replication of container 4 from [79194d7f-2e7e-4e4e-9d5e-674d7d919289{ip: 172.17.0.2, host: 1fad9502c7b4, networkLocation: /default-rack, certSerialId: null, persistedOpState: IN_SERVICE, persistedOpStateExpiryEpochSec: 0}, 53ca8b2c-5b6c-4f43-832a-400784fc22d8{ip: 172.17.0.2, host: 1fad9502c7b4, networkLocation: /default-rack, certSerialId: null, persistedOpState: IN_SERVICE, persistedOpStateExpiryEpochSec: 0}, 2ed54bf1-42e1-44fc-9c0b-5e6eea7347b7{ip: 172.17.0.2, host: 1fad9502c7b4, networkLocation: /default-rack, certSerialId: null, persistedOpState: DECOMMISSIONING, persistedOpStateExpiryEpochSec: 0}]
2020-12-18 01:54:13,625 [grpc-default-executor-4] INFO  replication.GrpcOutputStream (GrpcOutputStream.java:close(104)) - Sent 9698 bytes for container 1
2020-12-18 01:54:13,625 [grpc-default-executor-3] INFO  replication.GrpcReplicationService (GrpcReplicationService.java:download(52)) - Streaming container data (4) to other datanode
2020-12-18 01:54:13,631 [grpc-default-executor-3] INFO  replication.GrpcOutputStream (GrpcOutputStream.java:close(104)) - Sent 9662 bytes for container 4
2020-12-18 01:54:13,634 [grpc-default-executor-3] INFO  replication.GrpcReplicationClient (GrpcReplicationClient.java:onCompleted(177)) - Container 4 is downloaded to /github/workspace/mnt/ozone/hadoop-ozone/integration-test/target/test-dir/MiniOzoneClusterImpl-3835dc27-2ffb-44b9-9ba4-3f027f37039b/datanode-5/data/replication/work/container-4.tar.gz
2020-12-18 01:54:13,635 [grpc-default-executor-1] INFO  replication.GrpcReplicationClient (GrpcReplicationClient.java:onCompleted(177)) - Container 1 is downloaded to /github/workspace/mnt/ozone/hadoop-ozone/integration-test/target/test-dir/MiniOzoneClusterImpl-3835dc27-2ffb-44b9-9ba4-3f027f37039b/datanode-3/data/replication/work/container-1.tar.gz
2020-12-18 01:54:13,636 [ContainerReplicationThread-0] INFO  replication.DownloadAndImportReplicator (DownloadAndImportReplicator.java:replicate(117)) - Container 1 is downloaded, starting to import.
2020-12-18 01:54:13,641 [ContainerReplicationThread-0] INFO  replication.DownloadAndImportReplicator (DownloadAndImportReplicator.java:replicate(117)) - Container 4 is downloaded, starting to import.
2020-12-18 01:54:13,658 [ContainerReplicationThread-0] INFO  replication.DownloadAndImportReplicator (DownloadAndImportReplicator.java:replicate(120)) - Container 1 is replicated successfully
2020-12-18 01:54:13,658 [ContainerReplicationThread-0] INFO  replication.ReplicationSupervisor (ReplicationSupervisor.java:run(146)) - Container 1 is replicated.
2020-12-18 01:54:13,662 [ContainerReplicationThread-0] INFO  replication.DownloadAndImportReplicator (DownloadAndImportReplicator.java:replicate(120)) - Container 4 is replicated successfully
2020-12-18 01:54:13,662 [ContainerReplicationThread-0] INFO  replication.ReplicationSupervisor (ReplicationSupervisor.java:run(146)) - Container 4 is replicated.
2020-12-18 01:54:14,029 [ReplicationMonitor] INFO  container.ReplicationManager (ReplicationManager.java:run(250)) - Replication Monitor Thread took 0 milliseconds for processing 4 containers.
2020-12-18 01:54:14,108 [DatanodeAdminManager-0] INFO  node.DatanodeAdminMonitorImpl (DatanodeAdminMonitorImpl.java:checkContainersReplicatedOnNode(297)) - 2ed54bf1-42e1-44fc-9c0b-5e6eea7347b7{ip: 172.17.0.2, host: 1fad9502c7b4, networkLocation: /default-rack, certSerialId: null, persistedOpState: DECOMMISSIONING, persistedOpStateExpiryEpochSec: 0} has 2 sufficientlyReplicated, 0 underReplicated and 0 unhealthy containers
2020-12-18 01:54:14,108 [DatanodeAdminManager-0] INFO  node.DatanodeAdminMonitorImpl (DatanodeAdminMonitorImpl.java:completeDecommission(306)) - Datanode 2ed54bf1-42e1-44fc-9c0b-5e6eea7347b7{ip: 172.17.0.2, host: 1fad9502c7b4, networkLocation: /default-rack, certSerialId: null, persistedOpState: DECOMMISSIONING, persistedOpStateExpiryEpochSec: 0} has completed the admin workflow. The operational state has been set to DECOMMISSIONED
2020-12-18 01:54:14,739 [Datanode State Machine Thread - 0] INFO  statemachine.DatanodeStateMachine (DatanodeStateMachine.java:lambda$startDaemon$0(408)) - Ozone container server started.
2020-12-18 01:54:15,029 [ReplicationMonitor] INFO  container.ReplicationManager (ReplicationManager.java:handleUnderReplicatedContainer(722)) - Container #1 is under replicated. Expected replica count is 3, but found 2.
2020-12-18 01:54:15,029 [ReplicationMonitor] INFO  container.ReplicationManager (ReplicationManager.java:sendReplicateCommand(970)) - Sending replicate container command for container #1 to datanode 4b858060-13e7-4e84-85d4-2e7a0c2691a5{ip: 172.17.0.2, host: 1fad9502c7b4, networkLocation: /default-rack, certSerialId: null, persistedOpState: IN_SERVICE, persistedOpStateExpiryEpochSec: 0}
2020-12-18 01:54:15,029 [ReplicationMonitor] INFO  container.ReplicationManager (ReplicationManager.java:run(250)) - Replication Monitor Thread took 1 milliseconds for processing 4 containers.
2020-12-18 01:54:15,642 [Listener at 127.0.0.1/36003] INFO  ozoneimpl.OzoneContainer (OzoneContainer.java:stop(257)) - Attempting to stop container services.
2020-12-18 01:54:15,642 [Listener at 127.0.0.1/36003] INFO  impl.RaftServerProxy (RaftServerProxy.java:lambda$close$4(338)) - 2ed54bf1-42e1-44fc-9c0b-5e6eea7347b7: close
2020-12-18 01:54:15,642 [Listener at 127.0.0.1/36003] INFO  server.GrpcService (GrpcService.java:closeImpl(184)) - 2ed54bf1-42e1-44fc-9c0b-5e6eea7347b7: shutdown server with port 37299 now
2020-12-18 01:54:15,646 [Listener at 127.0.0.1/36003] INFO  server.GrpcService (GrpcService.java:closeImpl(193)) - 2ed54bf1-42e1-44fc-9c0b-5e6eea7347b7: shutdown server with port 37299 successfully
2020-12-18 01:54:15,647 [Listener at 127.0.0.1/36003] INFO  utils.BackgroundService (BackgroundService.java:shutdown(132)) - Shutting down service BlockDeletingService
2020-12-18 01:54:15,649 [Listener at 127.0.0.1/36003] INFO  statemachine.DatanodeStateMachine (DatanodeStateMachine.java:stopDaemon(461)) - Ozone container server stopped.
2020-12-18 01:54:15,657 [Listener at 127.0.0.1/36003] INFO  handler.ContextHandler (ContextHandler.java:doStop(1154)) - Stopped o.e.j.w.WebAppContext@293f855b{hddsDatanode,/,null,STOPPED}{jar:file:/home/user/.m2/repository/org/apache/hadoop/hadoop-hdds-container-service/1.1.0-SNAPSHOT/hadoop-hdds-container-service-1.1.0-SNAPSHOT.jar!/webapps/hddsDatanode}
2020-12-18 01:54:15,658 [Listener at 127.0.0.1/36003] INFO  server.AbstractConnector (AbstractConnector.java:doStop(381)) - Stopped ServerConnector@5789d61d{HTTP/1.1, (http/1.1)}{0.0.0.0:0}
2020-12-18 01:54:15,658 [Listener at 127.0.0.1/36003] INFO  server.session (HouseKeeper.java:stopScavenging(149)) - node0 Stopped scavenging
2020-12-18 01:54:15,658 [Listener at 127.0.0.1/36003] INFO  handler.ContextHandler (ContextHandler.java:doStop(1154)) - Stopped o.e.j.s.ServletContextHandler@5eb20abb{static,/static,jar:file:/home/user/.m2/repository/org/apache/hadoop/hadoop-hdds-container-service/1.1.0-SNAPSHOT/hadoop-hdds-container-service-1.1.0-SNAPSHOT.jar!/webapps/static,STOPPED}
2020-12-18 01:54:15,658 [Listener at 127.0.0.1/36003] INFO  handler.ContextHandler (ContextHandler.java:doStop(1154)) - Stopped o.e.j.s.ServletContextHandler@5eb192b7{logs,/logs,file:///github/workspace/mnt/ozone/hadoop-ozone/integration-test/target/log,STOPPED}
2020-12-18 01:54:16,030 [ReplicationMonitor] INFO  container.ReplicationManager (ReplicationManager.java:run(250)) - Replication Monitor Thread took 0 milliseconds for processing 4 containers.
2020-12-18 01:54:16,752 [EventQueue-StaleNodeForStaleNodeHandler] INFO  node.StaleNodeHandler (StaleNodeHandler.java:onMessage(58)) - Datanode 2ed54bf1-42e1-44fc-9c0b-5e6eea7347b7{ip: 172.17.0.2, host: 1fad9502c7b4, networkLocation: /default-rack, certSerialId: null, persistedOpState: DECOMMISSIONING, persistedOpStateExpiryEpochSec: 0} moved to stale state. Finalizing its pipelines []
2020-12-18 01:54:17,030 [ReplicationMonitor] INFO  container.ReplicationManager (ReplicationManager.java:run(250)) - Replication Monitor Thread took 0 milliseconds for processing 4 containers.
2020-12-18 01:54:17,619 [ContainerReplicationThread-0] INFO  replication.DownloadAndImportReplicator (DownloadAndImportReplicator.java:replicate(106)) - Starting replication of container 1 from [2ed54bf1-42e1-44fc-9c0b-5e6eea7347b7{ip: 172.17.0.2, host: 1fad9502c7b4, networkLocation: /default-rack, certSerialId: null, persistedOpState: DECOMMISSIONING, persistedOpStateExpiryEpochSec: 0}, 79194d7f-2e7e-4e4e-9d5e-674d7d919289{ip: 172.17.0.2, host: 1fad9502c7b4, networkLocation: /default-rack, certSerialId: null, persistedOpState: IN_SERVICE, persistedOpStateExpiryEpochSec: 0}, 53ca8b2c-5b6c-4f43-832a-400784fc22d8{ip: 172.17.0.2, host: 1fad9502c7b4, networkLocation: /default-rack, certSerialId: null, persistedOpState: IN_SERVICE, persistedOpStateExpiryEpochSec: 0}]
2020-12-18 01:54:17,623 [grpc-default-executor-3] ERROR replication.GrpcReplicationClient (GrpcReplicationClient.java:onError(161)) - Download of container 1 was unsuccessful
org.apache.ratis.thirdparty.io.grpc.StatusRuntimeException: UNAVAILABLE: io exception
	at org.apache.ratis.thirdparty.io.grpc.Status.asRuntimeException(Status.java:533)
	at org.apache.ratis.thirdparty.io.grpc.stub.ClientCalls$StreamObserverToCallListenerAdapter.onClose(ClientCalls.java:453)
	at org.apache.ratis.thirdparty.io.grpc.internal.ClientCallImpl.closeObserver(ClientCallImpl.java:426)
	at org.apache.ratis.thirdparty.io.grpc.internal.ClientCallImpl.access$500(ClientCallImpl.java:66)
	at org.apache.ratis.thirdparty.io.grpc.internal.ClientCallImpl$ClientStreamListenerImpl.close(ClientCallImpl.java:689)
	at org.apache.ratis.thirdparty.io.grpc.internal.ClientCallImpl$ClientStreamListenerImpl.access$900(ClientCallImpl.java:577)
	at org.apache.ratis.thirdparty.io.grpc.internal.ClientCallImpl$ClientStreamListenerImpl$1StreamClosed.runInternal(ClientCallImpl.java:751)
	at org.apache.ratis.thirdparty.io.grpc.internal.ClientCallImpl$ClientStreamListenerImpl$1StreamClosed.runInContext(ClientCallImpl.java:740)
	at org.apache.ratis.thirdparty.io.grpc.internal.ContextRunnable.run(ContextRunnable.java:37)
	at org.apache.ratis.thirdparty.io.grpc.internal.SerializingExecutor.run(SerializingExecutor.java:123)
	at java.util.concurrent.ThreadPoolExecutor.runWorker(ThreadPoolExecutor.java:1149)
	at java.util.concurrent.ThreadPoolExecutor$Worker.run(ThreadPoolExecutor.java:624)
	at java.lang.Thread.run(Thread.java:748)
Caused by: org.apache.ratis.thirdparty.io.netty.channel.AbstractChannel$AnnotatedConnectException: Connection refused: /172.17.0.2:38973
Caused by: java.net.ConnectException: Connection refused
	at sun.nio.ch.SocketChannelImpl.checkConnect(Native Method)
	at sun.nio.ch.SocketChannelImpl.finishConnect(SocketChannelImpl.java:717)
	at org.apache.ratis.thirdparty.io.netty.channel.socket.nio.NioSocketChannel.doFinishConnect(NioSocketChannel.java:330)
	at org.apache.ratis.thirdparty.io.netty.channel.nio.AbstractNioChannel$AbstractNioUnsafe.finishConnect(AbstractNioChannel.java:334)
	at org.apache.ratis.thirdparty.io.netty.channel.nio.NioEventLoop.processSelectedKey(NioEventLoop.java:702)
	at org.apache.ratis.thirdparty.io.netty.channel.nio.NioEventLoop.processSelectedKeysOptimized(NioEventLoop.java:650)
	at org.apache.ratis.thirdparty.io.netty.channel.nio.NioEventLoop.processSelectedKeys(NioEventLoop.java:576)
	at org.apache.ratis.thirdparty.io.netty.channel.nio.NioEventLoop.run(NioEventLoop.java:493)
	at org.apache.ratis.thirdparty.io.netty.util.concurrent.SingleThreadEventExecutor$4.run(SingleThreadEventExecutor.java:989)
	at org.apache.ratis.thirdparty.io.netty.util.internal.ThreadExecutorMap$2.run(ThreadExecutorMap.java:74)
	at org.apache.ratis.thirdparty.io.netty.util.concurrent.FastThreadLocalRunnable.run(FastThreadLocalRunnable.java:30)
	at java.lang.Thread.run(Thread.java:748)
2020-12-18 01:54:17,624 [grpc-default-executor-3] ERROR replication.SimpleContainerDownloader (SimpleContainerDownloader.java:lambda$getContainerDataFromReplicas$0(91)) - Error on replicating container: 1
java.util.concurrent.CompletionException: org.apache.ratis.thirdparty.io.grpc.StatusRuntimeException: UNAVAILABLE: io exception
	at java.util.concurrent.CompletableFuture.encodeThrowable(CompletableFuture.java:292)
	at java.util.concurrent.CompletableFuture.completeThrowable(CompletableFuture.java:308)
	at java.util.concurrent.CompletableFuture.uniApply(CompletableFuture.java:607)
	at java.util.concurrent.CompletableFuture$UniApply.tryFire(CompletableFuture.java:591)
	at java.util.concurrent.CompletableFuture.postComplete(CompletableFuture.java:488)
	at java.util.concurrent.CompletableFuture.completeExceptionally(CompletableFuture.java:1990)
	at org.apache.hadoop.ozone.container.replication.GrpcReplicationClient$StreamDownloader.onError(GrpcReplicationClient.java:165)
	at org.apache.ratis.thirdparty.io.grpc.stub.ClientCalls$StreamObserverToCallListenerAdapter.onClose(ClientCalls.java:453)
	at org.apache.ratis.thirdparty.io.grpc.internal.ClientCallImpl.closeObserver(ClientCallImpl.java:426)
	at org.apache.ratis.thirdparty.io.grpc.internal.ClientCallImpl.access$500(ClientCallImpl.java:66)
	at org.apache.ratis.thirdparty.io.grpc.internal.ClientCallImpl$ClientStreamListenerImpl.close(ClientCallImpl.java:689)
	at org.apache.ratis.thirdparty.io.grpc.internal.ClientCallImpl$ClientStreamListenerImpl.access$900(ClientCallImpl.java:577)
	at org.apache.ratis.thirdparty.io.grpc.internal.ClientCallImpl$ClientStreamListenerImpl$1StreamClosed.runInternal(ClientCallImpl.java:751)
	at org.apache.ratis.thirdparty.io.grpc.internal.ClientCallImpl$ClientStreamListenerImpl$1StreamClosed.runInContext(ClientCallImpl.java:740)
	at org.apache.ratis.thirdparty.io.grpc.internal.ContextRunnable.run(ContextRunnable.java:37)
	at org.apache.ratis.thirdparty.io.grpc.internal.SerializingExecutor.run(SerializingExecutor.java:123)
	at java.util.concurrent.ThreadPoolExecutor.runWorker(ThreadPoolExecutor.java:1149)
	at java.util.concurrent.ThreadPoolExecutor$Worker.run(ThreadPoolExecutor.java:624)
	at java.lang.Thread.run(Thread.java:748)
Caused by: org.apache.ratis.thirdparty.io.grpc.StatusRuntimeException: UNAVAILABLE: io exception
	at org.apache.ratis.thirdparty.io.grpc.Status.asRuntimeException(Status.java:533)
	... 12 more
Caused by: org.apache.ratis.thirdparty.io.netty.channel.AbstractChannel$AnnotatedConnectException: Connection refused: /172.17.0.2:38973
Caused by: java.net.ConnectException: Connection refused
	at sun.nio.ch.SocketChannelImpl.checkConnect(Native Method)
	at sun.nio.ch.SocketChannelImpl.finishConnect(SocketChannelImpl.java:717)
	at org.apache.ratis.thirdparty.io.netty.channel.socket.nio.NioSocketChannel.doFinishConnect(NioSocketChannel.java:330)
	at org.apache.ratis.thirdparty.io.netty.channel.nio.AbstractNioChannel$AbstractNioUnsafe.finishConnect(AbstractNioChannel.java:334)
	at org.apache.ratis.thirdparty.io.netty.channel.nio.NioEventLoop.processSelectedKey(NioEventLoop.java:702)
	at org.apache.ratis.thirdparty.io.netty.channel.nio.NioEventLoop.processSelectedKeysOptimized(NioEventLoop.java:650)
	at org.apache.ratis.thirdparty.io.netty.channel.nio.NioEventLoop.processSelectedKeys(NioEventLoop.java:576)
	at org.apache.ratis.thirdparty.io.netty.channel.nio.NioEventLoop.run(NioEventLoop.java:493)
	at org.apache.ratis.thirdparty.io.netty.util.concurrent.SingleThreadEventExecutor$4.run(SingleThreadEventExecutor.java:989)
	at org.apache.ratis.thirdparty.io.netty.util.internal.ThreadExecutorMap$2.run(ThreadExecutorMap.java:74)
	at org.apache.ratis.thirdparty.io.netty.util.concurrent.FastThreadLocalRunnable.run(FastThreadLocalRunnable.java:30)
	at java.lang.Thread.run(Thread.java:748)
2020-12-18 01:54:17,627 [grpc-default-executor-4] INFO  replication.GrpcReplicationService (GrpcReplicationService.java:download(52)) - Streaming container data (1) to other datanode
2020-12-18 01:54:17,644 [grpc-default-executor-4] INFO  replication.GrpcOutputStream (GrpcOutputStream.java:close(104)) - Sent 18223 bytes for container 1
2020-12-18 01:54:17,646 [grpc-default-executor-1] INFO  replication.GrpcReplicationClient (GrpcReplicationClient.java:onCompleted(177)) - Container 1 is downloaded to /github/workspace/mnt/ozone/hadoop-ozone/integration-test/target/test-dir/MiniOzoneClusterImpl-3835dc27-2ffb-44b9-9ba4-3f027f37039b/datanode-4/data/replication/work/container-1.tar.gz
2020-12-18 01:54:17,648 [ContainerReplicationThread-0] INFO  replication.DownloadAndImportReplicator (DownloadAndImportReplicator.java:replicate(117)) - Container 1 is downloaded, starting to import.
2020-12-18 01:54:17,674 [ContainerReplicationThread-0] INFO  replication.DownloadAndImportReplicator (DownloadAndImportReplicator.java:replicate(120)) - Container 1 is replicated successfully
2020-12-18 01:54:17,674 [ContainerReplicationThread-0] INFO  replication.ReplicationSupervisor (ReplicationSupervisor.java:run(146)) - Container 1 is replicated.
2020-12-18 01:54:18,031 [ReplicationMonitor] INFO  container.ReplicationManager (ReplicationManager.java:handleOverReplicatedContainer(778)) - Container #1 is over replicated. Expected replica count is 3, but found 4.
2020-12-18 01:54:18,031 [ReplicationMonitor] INFO  container.ReplicationManager (ReplicationManager.java:sendDeleteCommand(993)) - Sending delete container command for container #1 to datanode 79194d7f-2e7e-4e4e-9d5e-674d7d919289{ip: 172.17.0.2, host: 1fad9502c7b4, networkLocation: /default-rack, certSerialId: null, persistedOpState: IN_SERVICE, persistedOpStateExpiryEpochSec: 0}
2020-12-18 01:54:18,031 [ReplicationMonitor] INFO  container.ReplicationManager (ReplicationManager.java:run(250)) - Replication Monitor Thread took 0 milliseconds for processing 4 containers.
2020-12-18 01:54:19,032 [ReplicationMonitor] INFO  container.ReplicationManager (ReplicationManager.java:run(250)) - Replication Monitor Thread took 0 milliseconds for processing 4 containers.
2020-12-18 01:54:19,757 [EventQueue-DeadNodeForDeadNodeHandler] INFO  node.DeadNodeHandler (DeadNodeHandler.java:onMessage(77)) - A dead datanode is detected. 2ed54bf1-42e1-44fc-9c0b-5e6eea7347b7{ip: 172.17.0.2, host: 1fad9502c7b4, networkLocation: /default-rack, certSerialId: null, persistedOpState: DECOMMISSIONING, persistedOpStateExpiryEpochSec: 0}
2020-12-18 01:54:19,862 [Listener at 127.0.0.1/36003] INFO  ozone.MiniOzoneClusterImpl (MiniOzoneClusterImpl.java:shutdown(388)) - Shutting down the Mini Ozone Cluster
2020-12-18 01:54:19,862 [Listener at 127.0.0.1/36003] INFO  ozone.MiniOzoneClusterImpl (MiniOzoneClusterImpl.java:stop(403)) - Stopping the Mini Ozone Cluster
2020-12-18 01:54:19,862 [Listener at 127.0.0.1/36003] INFO  ozone.MiniOzoneClusterImpl (MiniOzoneClusterImpl.java:stopOM(485)) - Stopping the OzoneManager
2020-12-18 01:54:19,862 [Listener at 127.0.0.1/36003] INFO  ipc.Server (Server.java:stop(3359)) - Stopping server on 36003
2020-12-18 01:54:19,865 [IPC Server listener on 0] INFO  ipc.Server (Server.java:run(1330)) - Stopping IPC Server listener on 0
2020-12-18 01:54:19,865 [IPC Server Responder] INFO  ipc.Server (Server.java:run(1465)) - Stopping IPC Server Responder
2020-12-18 01:54:19,867 [Listener at 127.0.0.1/36003] INFO  ratis.OzoneManagerDoubleBuffer (OzoneManagerDoubleBuffer.java:stop(457)) - Stopping OMDoubleBuffer flush thread
2020-12-18 01:54:19,868 [OMDoubleBufferFlushThread] INFO  ratis.OzoneManagerDoubleBuffer (OzoneManagerDoubleBuffer.java:flushTransactions(356)) - OMDoubleBuffer flush thread OMDoubleBufferFlushThread is interrupted and will exit. OMDoubleBufferFlushThread
2020-12-18 01:54:19,868 [Listener at 127.0.0.1/36003] INFO  utils.BackgroundService (BackgroundService.java:shutdown(132)) - Shutting down service KeyDeletingService
2020-12-18 01:54:19,869 [Listener at 127.0.0.1/36003] INFO  handler.ContextHandler (ContextHandler.java:doStop(1154)) - Stopped o.e.j.w.WebAppContext@b5ceafa{ozoneManager,/,null,STOPPED}{file:/github/workspace/mnt/ozone/hadoop-ozone/integration-test/target/test-classes/webapps/ozoneManager}
2020-12-18 01:54:19,869 [Listener at 127.0.0.1/36003] INFO  server.AbstractConnector (AbstractConnector.java:doStop(381)) - Stopped ServerConnector@720bacd7{HTTP/1.1, (http/1.1)}{0.0.0.0:0}
2020-12-18 01:54:19,869 [Listener at 127.0.0.1/36003] INFO  server.session (HouseKeeper.java:stopScavenging(149)) - node0 Stopped scavenging
2020-12-18 01:54:19,870 [Listener at 127.0.0.1/36003] INFO  handler.ContextHandler (ContextHandler.java:doStop(1154)) - Stopped o.e.j.s.ServletContextHandler@1db203d2{static,/static,file:///github/workspace/mnt/ozone/hadoop-ozone/integration-test/target/test-classes/webapps/static,STOPPED}
2020-12-18 01:54:19,870 [Listener at 127.0.0.1/36003] INFO  handler.ContextHandler (ContextHandler.java:doStop(1154)) - Stopped o.e.j.s.ServletContextHandler@15cf25ce{logs,/logs,file:///github/workspace/mnt/ozone/hadoop-ozone/integration-test/target/log,STOPPED}
2020-12-18 01:54:19,873 [Listener at 127.0.0.1/36003] INFO  ozone.MiniOzoneClusterImpl (MiniOzoneClusterImpl.java:stopDatanodes(462)) - Stopping the HddsDatanodes
2020-12-18 01:54:20,032 [ReplicationMonitor] INFO  container.ReplicationManager (ReplicationManager.java:run(250)) - Replication Monitor Thread took 0 milliseconds for processing 4 containers.
2020-12-18 01:54:20,580 [Datanode State Machine Thread - 0] INFO  statemachine.DatanodeStateMachine (DatanodeStateMachine.java:lambda$startDaemon$0(408)) - Ozone container server started.
2020-12-18 01:54:20,580 [Listener at 127.0.0.1/36003] INFO  ozoneimpl.OzoneContainer (OzoneContainer.java:stop(257)) - Attempting to stop container services.
2020-12-18 01:54:20,580 [Listener at 127.0.0.1/36003] INFO  impl.RaftServerProxy (RaftServerProxy.java:lambda$close$4(338)) - f3bcc9d7-8a28-4733-a3d2-9ac8d8ec4839: close
2020-12-18 01:54:20,581 [Listener at 127.0.0.1/36003] INFO  impl.RaftServerImpl (RaftServerImpl.java:lambda$shutdown$3(328)) - f3bcc9d7-8a28-4733-a3d2-9ac8d8ec4839@group-41EC84FBA706: shutdown
2020-12-18 01:54:20,581 [Listener at 127.0.0.1/36003] INFO  util.JmxRegister (JmxRegister.java:unregister(73)) - Successfully un-registered JMX Bean with object name Ratis:service=RaftServer,group=group-41EC84FBA706,id=f3bcc9d7-8a28-4733-a3d2-9ac8d8ec4839
2020-12-18 01:54:20,581 [Listener at 127.0.0.1/36003] INFO  impl.RoleInfo (RoleInfo.java:shutdownLeaderState(104)) - f3bcc9d7-8a28-4733-a3d2-9ac8d8ec4839: shutdown f3bcc9d7-8a28-4733-a3d2-9ac8d8ec4839@group-41EC84FBA706-LeaderState
2020-12-18 01:54:20,581 [Listener at 127.0.0.1/36003] INFO  impl.PendingRequests (PendingRequests.java:sendNotLeaderResponses(250)) - f3bcc9d7-8a28-4733-a3d2-9ac8d8ec4839@group-41EC84FBA706-PendingRequests: sendNotLeaderResponses
2020-12-18 01:54:20,581 [Listener at 127.0.0.1/36003] INFO  metrics.RatisMetrics (RatisMetrics.java:unregister(43)) - Unregistering Metrics Registry : ratis.log_appender.f3bcc9d7-8a28-4733-a3d2-9ac8d8ec4839@group-41EC84FBA706
2020-12-18 01:54:20,581 [Listener at 127.0.0.1/36003] INFO  metrics.RatisMetrics (RatisMetrics.java:unregister(43)) - Unregistering Metrics Registry : ratis.server.f3bcc9d7-8a28-4733-a3d2-9ac8d8ec4839@group-41EC84FBA706
2020-12-18 01:54:20,582 [Listener at 127.0.0.1/36003] INFO  impl.StateMachineUpdater (StateMachineUpdater.java:stopAndJoin(147)) - f3bcc9d7-8a28-4733-a3d2-9ac8d8ec4839@group-41EC84FBA706-StateMachineUpdater: set stopIndex = 0
2020-12-18 01:54:20,583 [f3bcc9d7-8a28-4733-a3d2-9ac8d8ec4839@group-41EC84FBA706-StateMachineUpdater] INFO  ratis.ContainerStateMachine (ContainerStateMachine.java:takeSnapshot(293)) - group-41EC84FBA706: Taking a snapshot at:(t:1, i:0) file /github/workspace/mnt/ozone/hadoop-ozone/integration-test/target/test-dir/MiniOzoneClusterImpl-3835dc27-2ffb-44b9-9ba4-3f027f37039b/datanode-3/data/ratis/fda6b517-766f-4501-be05-41ec84fba706/sm/snapshot.1_0
2020-12-18 01:54:20,584 [f3bcc9d7-8a28-4733-a3d2-9ac8d8ec4839@group-41EC84FBA706-StateMachineUpdater] INFO  ratis.ContainerStateMachine (ContainerStateMachine.java:takeSnapshot(304)) - group-41EC84FBA706: Finished taking a snapshot at:(t:1, i:0) file:/github/workspace/mnt/ozone/hadoop-ozone/integration-test/target/test-dir/MiniOzoneClusterImpl-3835dc27-2ffb-44b9-9ba4-3f027f37039b/datanode-3/data/ratis/fda6b517-766f-4501-be05-41ec84fba706/sm/snapshot.1_0 time:1
2020-12-18 01:54:20,584 [f3bcc9d7-8a28-4733-a3d2-9ac8d8ec4839@group-41EC84FBA706-StateMachineUpdater] INFO  impl.StateMachineUpdater (StateMachineUpdater.java:takeSnapshot(278)) - f3bcc9d7-8a28-4733-a3d2-9ac8d8ec4839@group-41EC84FBA706-StateMachineUpdater: Took a snapshot at index 0
2020-12-18 01:54:20,584 [f3bcc9d7-8a28-4733-a3d2-9ac8d8ec4839@group-41EC84FBA706-StateMachineUpdater] INFO  impl.StateMachineUpdater (StateMachineUpdater.java:lambda$new$0(87)) - f3bcc9d7-8a28-4733-a3d2-9ac8d8ec4839@group-41EC84FBA706-StateMachineUpdater: snapshotIndex: updateIncreasingly -1 -> 0
2020-12-18 01:54:20,584 [f3bcc9d7-8a28-4733-a3d2-9ac8d8ec4839@group-41EC84FBA706-StateMachineUpdater] INFO  metrics.RatisMetrics (RatisMetrics.java:unregister(43)) - Unregistering Metrics Registry : ratis.state_machine.f3bcc9d7-8a28-4733-a3d2-9ac8d8ec4839@group-41EC84FBA706
2020-12-18 01:54:20,584 [Listener at 127.0.0.1/36003] INFO  impl.RaftServerImpl (ServerState.java:close(406)) - f3bcc9d7-8a28-4733-a3d2-9ac8d8ec4839@group-41EC84FBA706: closes. applyIndex: 0
2020-12-18 01:54:20,584 [f3bcc9d7-8a28-4733-a3d2-9ac8d8ec4839@group-41EC84FBA706-SegmentedRaftLogWorker] INFO  segmented.SegmentedRaftLogWorker (SegmentedRaftLogWorker.java:run(329)) - f3bcc9d7-8a28-4733-a3d2-9ac8d8ec4839@group-41EC84FBA706-SegmentedRaftLogWorker was interrupted, exiting. There are 0 tasks remaining in the queue.
2020-12-18 01:54:20,585 [Listener at 127.0.0.1/36003] INFO  segmented.SegmentedRaftLogWorker (SegmentedRaftLogWorker.java:close(235)) - f3bcc9d7-8a28-4733-a3d2-9ac8d8ec4839@group-41EC84FBA706-SegmentedRaftLogWorker close()
2020-12-18 01:54:20,585 [Listener at 127.0.0.1/36003] INFO  metrics.RatisMetrics (RatisMetrics.java:unregister(43)) - Unregistering Metrics Registry : ratis.log_worker.f3bcc9d7-8a28-4733-a3d2-9ac8d8ec4839@group-41EC84FBA706
2020-12-18 01:54:20,585 [Listener at 127.0.0.1/36003] INFO  metrics.RatisMetrics (RatisMetrics.java:unregister(43)) - Unregistering Metrics Registry : ratis.leader_election.f3bcc9d7-8a28-4733-a3d2-9ac8d8ec4839@group-41EC84FBA706
2020-12-18 01:54:20,585 [Listener at 127.0.0.1/36003] INFO  metrics.RatisMetrics (RatisMetrics.java:unregister(43)) - Unregistering Metrics Registry : ratis.server.f3bcc9d7-8a28-4733-a3d2-9ac8d8ec4839@group-41EC84FBA706
2020-12-18 01:54:20,585 [Listener at 127.0.0.1/36003] INFO  impl.RaftServerImpl (RaftServerImpl.java:lambda$shutdown$3(328)) - f3bcc9d7-8a28-4733-a3d2-9ac8d8ec4839@group-86955E6C43EB: shutdown
2020-12-18 01:54:20,585 [Listener at 127.0.0.1/36003] INFO  util.JmxRegister (JmxRegister.java:unregister(73)) - Successfully un-registered JMX Bean with object name Ratis:service=RaftServer,group=group-86955E6C43EB,id=f3bcc9d7-8a28-4733-a3d2-9ac8d8ec4839
2020-12-18 01:54:20,586 [Listener at 127.0.0.1/36003] INFO  impl.RoleInfo (RoleInfo.java:shutdownLeaderState(104)) - f3bcc9d7-8a28-4733-a3d2-9ac8d8ec4839: shutdown f3bcc9d7-8a28-4733-a3d2-9ac8d8ec4839@group-86955E6C43EB-LeaderState
2020-12-18 01:54:20,586 [Listener at 127.0.0.1/36003] INFO  metrics.RatisMetrics (RatisMetrics.java:unregister(43)) - Unregistering Metrics Registry : ratis_grpc.log_appender.f3bcc9d7-8a28-4733-a3d2-9ac8d8ec4839@group-86955E6C43EB
2020-12-18 01:54:20,586 [Listener at 127.0.0.1/36003] INFO  metrics.RatisMetrics (RatisMetrics.java:unregister(43)) - Unregistering Metrics Registry : ratis_grpc.log_appender.f3bcc9d7-8a28-4733-a3d2-9ac8d8ec4839@group-86955E6C43EB
2020-12-18 01:54:20,586 [org.apache.ratis.server.impl.LogAppender$AppenderDaemon$$Lambda$504/845674730@4c68b18e] WARN  server.GrpcLogAppender (GrpcLogAppender.java:mayWait(168)) - f3bcc9d7-8a28-4733-a3d2-9ac8d8ec4839@group-86955E6C43EB->4b858060-13e7-4e84-85d4-2e7a0c2691a5-GrpcLogAppender: Wait interrupted by java.lang.InterruptedException
2020-12-18 01:54:20,586 [org.apache.ratis.server.impl.LogAppender$AppenderDaemon$$Lambda$504/845674730@48a96485] WARN  server.GrpcLogAppender (GrpcLogAppender.java:mayWait(168)) - f3bcc9d7-8a28-4733-a3d2-9ac8d8ec4839@group-86955E6C43EB->faa011ac-180a-4f85-bd7b-e6120f6873d8-GrpcLogAppender: Wait interrupted by java.lang.InterruptedException
2020-12-18 01:54:20,587 [grpc-default-executor-1] INFO  server.GrpcServerProtocolService (GrpcServerProtocolService.java:onCompleted(138)) - 4b858060-13e7-4e84-85d4-2e7a0c2691a5: Completed APPEND_ENTRIES, lastRequest: f3bcc9d7-8a28-4733-a3d2-9ac8d8ec4839->4b858060-13e7-4e84-85d4-2e7a0c2691a5#162-t1, previous=(t:1, i:35), leaderCommit=34, initializing? false, entries: size=1, first=(t:1, i:36), METADATAENTRY(c:34)
2020-12-18 01:54:20,587 [grpc-default-executor-3] INFO  server.GrpcServerProtocolService (GrpcServerProtocolService.java:onCompleted(138)) - faa011ac-180a-4f85-bd7b-e6120f6873d8: Completed APPEND_ENTRIES, lastRequest: f3bcc9d7-8a28-4733-a3d2-9ac8d8ec4839->faa011ac-180a-4f85-bd7b-e6120f6873d8#160-t1, previous=(t:1, i:35), leaderCommit=34, initializing? false, entries: size=1, first=(t:1, i:36), METADATAENTRY(c:34)
2020-12-18 01:54:20,586 [Listener at 127.0.0.1/36003] INFO  impl.PendingRequests (PendingRequests.java:sendNotLeaderResponses(250)) - f3bcc9d7-8a28-4733-a3d2-9ac8d8ec4839@group-86955E6C43EB-PendingRequests: sendNotLeaderResponses
2020-12-18 01:54:20,588 [grpc-default-executor-4] INFO  server.GrpcLogAppender (GrpcLogAppender.java:onCompleted(337)) - f3bcc9d7-8a28-4733-a3d2-9ac8d8ec4839@group-86955E6C43EB->faa011ac-180a-4f85-bd7b-e6120f6873d8-AppendLogResponseHandler: follower responses appendEntries COMPLETED
2020-12-18 01:54:20,596 [grpc-default-executor-4] INFO  impl.FollowerInfo (FollowerInfo.java:lambda$new$0(51)) - f3bcc9d7-8a28-4733-a3d2-9ac8d8ec4839@group-86955E6C43EB->faa011ac-180a-4f85-bd7b-e6120f6873d8: nextIndex: updateUnconditionally 37 -> 36
2020-12-18 01:54:20,588 [grpc-default-executor-1] INFO  server.GrpcLogAppender (GrpcLogAppender.java:onCompleted(337)) - f3bcc9d7-8a28-4733-a3d2-9ac8d8ec4839@group-86955E6C43EB->4b858060-13e7-4e84-85d4-2e7a0c2691a5-AppendLogResponseHandler: follower responses appendEntries COMPLETED
2020-12-18 01:54:20,596 [grpc-default-executor-1] INFO  impl.FollowerInfo (FollowerInfo.java:lambda$new$0(51)) - f3bcc9d7-8a28-4733-a3d2-9ac8d8ec4839@group-86955E6C43EB->4b858060-13e7-4e84-85d4-2e7a0c2691a5: nextIndex: updateUnconditionally 37 -> 36
2020-12-18 01:54:20,597 [Listener at 127.0.0.1/36003] INFO  metrics.RatisMetrics (RatisMetrics.java:unregister(43)) - Unregistering Metrics Registry : ratis.log_appender.f3bcc9d7-8a28-4733-a3d2-9ac8d8ec4839@group-86955E6C43EB
2020-12-18 01:54:20,598 [Listener at 127.0.0.1/36003] INFO  metrics.RatisMetrics (RatisMetrics.java:unregister(43)) - Unregistering Metrics Registry : ratis.server.f3bcc9d7-8a28-4733-a3d2-9ac8d8ec4839@group-86955E6C43EB
2020-12-18 01:54:20,599 [Listener at 127.0.0.1/36003] INFO  impl.StateMachineUpdater (StateMachineUpdater.java:stopAndJoin(147)) - f3bcc9d7-8a28-4733-a3d2-9ac8d8ec4839@group-86955E6C43EB-StateMachineUpdater: set stopIndex = 36
2020-12-18 01:54:20,599 [f3bcc9d7-8a28-4733-a3d2-9ac8d8ec4839@group-86955E6C43EB-StateMachineUpdater] INFO  ratis.ContainerStateMachine (ContainerStateMachine.java:takeSnapshot(293)) - group-86955E6C43EB: Taking a snapshot at:(t:1, i:36) file /github/workspace/mnt/ozone/hadoop-ozone/integration-test/target/test-dir/MiniOzoneClusterImpl-3835dc27-2ffb-44b9-9ba4-3f027f37039b/datanode-3/data/ratis/1cbfd3d2-6a33-4270-be02-86955e6c43eb/sm/snapshot.1_36
2020-12-18 01:54:20,600 [f3bcc9d7-8a28-4733-a3d2-9ac8d8ec4839@group-86955E6C43EB-StateMachineUpdater] INFO  ratis.ContainerStateMachine (ContainerStateMachine.java:takeSnapshot(304)) - group-86955E6C43EB: Finished taking a snapshot at:(t:1, i:36) file:/github/workspace/mnt/ozone/hadoop-ozone/integration-test/target/test-dir/MiniOzoneClusterImpl-3835dc27-2ffb-44b9-9ba4-3f027f37039b/datanode-3/data/ratis/1cbfd3d2-6a33-4270-be02-86955e6c43eb/sm/snapshot.1_36 time:1
2020-12-18 01:54:20,600 [f3bcc9d7-8a28-4733-a3d2-9ac8d8ec4839@group-86955E6C43EB-StateMachineUpdater] INFO  impl.StateMachineUpdater (StateMachineUpdater.java:takeSnapshot(278)) - f3bcc9d7-8a28-4733-a3d2-9ac8d8ec4839@group-86955E6C43EB-StateMachineUpdater: Took a snapshot at index 36
2020-12-18 01:54:20,600 [f3bcc9d7-8a28-4733-a3d2-9ac8d8ec4839@group-86955E6C43EB-StateMachineUpdater] INFO  impl.StateMachineUpdater (StateMachineUpdater.java:lambda$new$0(87)) - f3bcc9d7-8a28-4733-a3d2-9ac8d8ec4839@group-86955E6C43EB-StateMachineUpdater: snapshotIndex: updateIncreasingly -1 -> 36
2020-12-18 01:54:20,600 [f3bcc9d7-8a28-4733-a3d2-9ac8d8ec4839@group-86955E6C43EB-StateMachineUpdater] INFO  metrics.RatisMetrics (RatisMetrics.java:unregister(43)) - Unregistering Metrics Registry : ratis.state_machine.f3bcc9d7-8a28-4733-a3d2-9ac8d8ec4839@group-86955E6C43EB
2020-12-18 01:54:20,600 [Listener at 127.0.0.1/36003] INFO  impl.RaftServerImpl (ServerState.java:close(406)) - f3bcc9d7-8a28-4733-a3d2-9ac8d8ec4839@group-86955E6C43EB: closes. applyIndex: 36
2020-12-18 01:54:20,600 [f3bcc9d7-8a28-4733-a3d2-9ac8d8ec4839@group-86955E6C43EB-SegmentedRaftLogWorker] INFO  segmented.SegmentedRaftLogWorker (SegmentedRaftLogWorker.java:run(329)) - f3bcc9d7-8a28-4733-a3d2-9ac8d8ec4839@group-86955E6C43EB-SegmentedRaftLogWorker was interrupted, exiting. There are 0 tasks remaining in the queue.
2020-12-18 01:54:20,601 [Listener at 127.0.0.1/36003] INFO  segmented.SegmentedRaftLogWorker (SegmentedRaftLogWorker.java:close(235)) - f3bcc9d7-8a28-4733-a3d2-9ac8d8ec4839@group-86955E6C43EB-SegmentedRaftLogWorker close()
2020-12-18 01:54:20,601 [Listener at 127.0.0.1/36003] INFO  metrics.RatisMetrics (RatisMetrics.java:unregister(43)) - Unregistering Metrics Registry : ratis.log_worker.f3bcc9d7-8a28-4733-a3d2-9ac8d8ec4839@group-86955E6C43EB
2020-12-18 01:54:20,601 [Listener at 127.0.0.1/36003] INFO  metrics.RatisMetrics (RatisMetrics.java:unregister(43)) - Unregistering Metrics Registry : ratis.leader_election.f3bcc9d7-8a28-4733-a3d2-9ac8d8ec4839@group-86955E6C43EB
2020-12-18 01:54:20,601 [Listener at 127.0.0.1/36003] INFO  metrics.RatisMetrics (RatisMetrics.java:unregister(43)) - Unregistering Metrics Registry : ratis.server.f3bcc9d7-8a28-4733-a3d2-9ac8d8ec4839@group-86955E6C43EB
2020-12-18 01:54:20,601 [Listener at 127.0.0.1/36003] INFO  server.GrpcService (GrpcService.java:closeImpl(184)) - f3bcc9d7-8a28-4733-a3d2-9ac8d8ec4839: shutdown server with port 42875 now
2020-12-18 01:54:20,603 [grpc-default-executor-1] WARN  client.GrpcClientProtocolService (LogUtils.java:warn(122)) - 1-UnorderedRequestStreamObserver1: onError: org.apache.ratis.thirdparty.io.grpc.StatusRuntimeException: CANCELLED: cancelled before receiving half close
2020-12-18 01:54:20,607 [Listener at 127.0.0.1/36003] INFO  server.GrpcService (GrpcService.java:closeImpl(193)) - f3bcc9d7-8a28-4733-a3d2-9ac8d8ec4839: shutdown server with port 42875 successfully
2020-12-18 01:54:20,608 [Listener at 127.0.0.1/36003] INFO  utils.BackgroundService (BackgroundService.java:shutdown(132)) - Shutting down service BlockDeletingService
2020-12-18 01:54:20,609 [Listener at 127.0.0.1/36003] INFO  statemachine.DatanodeStateMachine (DatanodeStateMachine.java:stopDaemon(461)) - Ozone container server stopped.
2020-12-18 01:54:20,617 [Listener at 127.0.0.1/36003] INFO  handler.ContextHandler (ContextHandler.java:doStop(1154)) - Stopped o.e.j.w.WebAppContext@77e6ec35{hddsDatanode,/,null,STOPPED}{jar:file:/home/user/.m2/repository/org/apache/hadoop/hadoop-hdds-container-service/1.1.0-SNAPSHOT/hadoop-hdds-container-service-1.1.0-SNAPSHOT.jar!/webapps/hddsDatanode}
2020-12-18 01:54:20,617 [Listener at 127.0.0.1/36003] INFO  server.AbstractConnector (AbstractConnector.java:doStop(381)) - Stopped ServerConnector@2a8be188{HTTP/1.1, (http/1.1)}{0.0.0.0:0}
2020-12-18 01:54:20,617 [Listener at 127.0.0.1/36003] INFO  server.session (HouseKeeper.java:stopScavenging(149)) - node0 Stopped scavenging
2020-12-18 01:54:20,618 [Listener at 127.0.0.1/36003] INFO  handler.ContextHandler (ContextHandler.java:doStop(1154)) - Stopped o.e.j.s.ServletContextHandler@1a18b38c{static,/static,jar:file:/home/user/.m2/repository/org/apache/hadoop/hadoop-hdds-container-service/1.1.0-SNAPSHOT/hadoop-hdds-container-service-1.1.0-SNAPSHOT.jar!/webapps/static,STOPPED}
2020-12-18 01:54:20,618 [Listener at 127.0.0.1/36003] INFO  handler.ContextHandler (ContextHandler.java:doStop(1154)) - Stopped o.e.j.s.ServletContextHandler@5621a9eb{logs,/logs,file:///github/workspace/mnt/ozone/hadoop-ozone/integration-test/target/log,STOPPED}
2020-12-18 01:54:20,663 [Datanode State Machine Thread - 0] INFO  statemachine.DatanodeStateMachine (DatanodeStateMachine.java:lambda$startDaemon$0(408)) - Ozone container server started.
2020-12-18 01:54:20,744 [Datanode State Machine Thread - 0] INFO  statemachine.DatanodeStateMachine (DatanodeStateMachine.java:lambda$startDaemon$0(408)) - Ozone container server started.
2020-12-18 01:54:20,928 [ForkJoinPool.commonPool-worker-0] INFO  ozoneimpl.OzoneContainer (OzoneContainer.java:stop(257)) - Attempting to stop container services.
2020-12-18 01:54:20,928 [ForkJoinPool.commonPool-worker-0] INFO  impl.RaftServerProxy (RaftServerProxy.java:lambda$close$4(338)) - 53ca8b2c-5b6c-4f43-832a-400784fc22d8: close
2020-12-18 01:54:20,928 [ForkJoinPool.commonPool-worker-0] INFO  impl.RaftServerImpl (RaftServerImpl.java:lambda$shutdown$3(328)) - 53ca8b2c-5b6c-4f43-832a-400784fc22d8@group-BEEF96FBA3F7: shutdown
2020-12-18 01:54:20,928 [ForkJoinPool.commonPool-worker-0] INFO  util.JmxRegister (JmxRegister.java:unregister(73)) - Successfully un-registered JMX Bean with object name Ratis:service=RaftServer,group=group-BEEF96FBA3F7,id=53ca8b2c-5b6c-4f43-832a-400784fc22d8
2020-12-18 01:54:20,928 [ForkJoinPool.commonPool-worker-0] INFO  impl.RoleInfo (RoleInfo.java:shutdownLeaderState(104)) - 53ca8b2c-5b6c-4f43-832a-400784fc22d8: shutdown 53ca8b2c-5b6c-4f43-832a-400784fc22d8@group-BEEF96FBA3F7-LeaderState
2020-12-18 01:54:20,928 [ForkJoinPool.commonPool-worker-0] INFO  impl.PendingRequests (PendingRequests.java:sendNotLeaderResponses(250)) - 53ca8b2c-5b6c-4f43-832a-400784fc22d8@group-BEEF96FBA3F7-PendingRequests: sendNotLeaderResponses
2020-12-18 01:54:20,928 [ForkJoinPool.commonPool-worker-0] INFO  metrics.RatisMetrics (RatisMetrics.java:unregister(43)) - Unregistering Metrics Registry : ratis.log_appender.53ca8b2c-5b6c-4f43-832a-400784fc22d8@group-BEEF96FBA3F7
2020-12-18 01:54:20,929 [ForkJoinPool.commonPool-worker-0] INFO  metrics.RatisMetrics (RatisMetrics.java:unregister(43)) - Unregistering Metrics Registry : ratis.server.53ca8b2c-5b6c-4f43-832a-400784fc22d8@group-BEEF96FBA3F7
2020-12-18 01:54:20,929 [ForkJoinPool.commonPool-worker-0] INFO  impl.StateMachineUpdater (StateMachineUpdater.java:stopAndJoin(147)) - 53ca8b2c-5b6c-4f43-832a-400784fc22d8@group-BEEF96FBA3F7-StateMachineUpdater: set stopIndex = 0
2020-12-18 01:54:20,930 [53ca8b2c-5b6c-4f43-832a-400784fc22d8@group-BEEF96FBA3F7-StateMachineUpdater] INFO  ratis.ContainerStateMachine (ContainerStateMachine.java:takeSnapshot(293)) - group-BEEF96FBA3F7: Taking a snapshot at:(t:1, i:0) file /github/workspace/mnt/ozone/hadoop-ozone/integration-test/target/test-dir/MiniOzoneClusterImpl-3835dc27-2ffb-44b9-9ba4-3f027f37039b/datanode-1/data/ratis/a1d147c5-a50f-4000-b8b2-beef96fba3f7/sm/snapshot.1_0
2020-12-18 01:54:20,931 [53ca8b2c-5b6c-4f43-832a-400784fc22d8@group-BEEF96FBA3F7-StateMachineUpdater] INFO  ratis.ContainerStateMachine (ContainerStateMachine.java:takeSnapshot(304)) - group-BEEF96FBA3F7: Finished taking a snapshot at:(t:1, i:0) file:/github/workspace/mnt/ozone/hadoop-ozone/integration-test/target/test-dir/MiniOzoneClusterImpl-3835dc27-2ffb-44b9-9ba4-3f027f37039b/datanode-1/data/ratis/a1d147c5-a50f-4000-b8b2-beef96fba3f7/sm/snapshot.1_0 time:1
2020-12-18 01:54:20,931 [53ca8b2c-5b6c-4f43-832a-400784fc22d8@group-BEEF96FBA3F7-StateMachineUpdater] INFO  impl.StateMachineUpdater (StateMachineUpdater.java:takeSnapshot(278)) - 53ca8b2c-5b6c-4f43-832a-400784fc22d8@group-BEEF96FBA3F7-StateMachineUpdater: Took a snapshot at index 0
2020-12-18 01:54:20,931 [53ca8b2c-5b6c-4f43-832a-400784fc22d8@group-BEEF96FBA3F7-StateMachineUpdater] INFO  impl.StateMachineUpdater (StateMachineUpdater.java:lambda$new$0(87)) - 53ca8b2c-5b6c-4f43-832a-400784fc22d8@group-BEEF96FBA3F7-StateMachineUpdater: snapshotIndex: updateIncreasingly -1 -> 0
2020-12-18 01:54:20,931 [53ca8b2c-5b6c-4f43-832a-400784fc22d8@group-BEEF96FBA3F7-StateMachineUpdater] INFO  metrics.RatisMetrics (RatisMetrics.java:unregister(43)) - Unregistering Metrics Registry : ratis.state_machine.53ca8b2c-5b6c-4f43-832a-400784fc22d8@group-BEEF96FBA3F7
2020-12-18 01:54:20,931 [ForkJoinPool.commonPool-worker-0] INFO  impl.RaftServerImpl (ServerState.java:close(406)) - 53ca8b2c-5b6c-4f43-832a-400784fc22d8@group-BEEF96FBA3F7: closes. applyIndex: 0
2020-12-18 01:54:20,931 [53ca8b2c-5b6c-4f43-832a-400784fc22d8@group-BEEF96FBA3F7-SegmentedRaftLogWorker] INFO  segmented.SegmentedRaftLogWorker (SegmentedRaftLogWorker.java:run(329)) - 53ca8b2c-5b6c-4f43-832a-400784fc22d8@group-BEEF96FBA3F7-SegmentedRaftLogWorker was interrupted, exiting. There are 0 tasks remaining in the queue.
2020-12-18 01:54:20,931 [ForkJoinPool.commonPool-worker-0] INFO  segmented.SegmentedRaftLogWorker (SegmentedRaftLogWorker.java:close(235)) - 53ca8b2c-5b6c-4f43-832a-400784fc22d8@group-BEEF96FBA3F7-SegmentedRaftLogWorker close()
2020-12-18 01:54:20,932 [ForkJoinPool.commonPool-worker-0] INFO  metrics.RatisMetrics (RatisMetrics.java:unregister(43)) - Unregistering Metrics Registry : ratis.log_worker.53ca8b2c-5b6c-4f43-832a-400784fc22d8@group-BEEF96FBA3F7
2020-12-18 01:54:20,932 [ForkJoinPool.commonPool-worker-0] INFO  metrics.RatisMetrics (RatisMetrics.java:unregister(43)) - Unregistering Metrics Registry : ratis.leader_election.53ca8b2c-5b6c-4f43-832a-400784fc22d8@group-BEEF96FBA3F7
2020-12-18 01:54:20,932 [ForkJoinPool.commonPool-worker-0] INFO  metrics.RatisMetrics (RatisMetrics.java:unregister(43)) - Unregistering Metrics Registry : ratis.server.53ca8b2c-5b6c-4f43-832a-400784fc22d8@group-BEEF96FBA3F7
2020-12-18 01:54:20,932 [ForkJoinPool.commonPool-worker-0] INFO  server.GrpcService (GrpcService.java:closeImpl(184)) - 53ca8b2c-5b6c-4f43-832a-400784fc22d8: shutdown server with port 46217 now
2020-12-18 01:54:20,934 [grpc-default-executor-1] WARN  client.GrpcClientProtocolService (LogUtils.java:warn(122)) - 1-UnorderedRequestStreamObserver1: onError: org.apache.ratis.thirdparty.io.grpc.StatusRuntimeException: CANCELLED: cancelled before receiving half close
2020-12-18 01:54:20,941 [ForkJoinPool.commonPool-worker-0] INFO  server.GrpcService (GrpcService.java:closeImpl(193)) - 53ca8b2c-5b6c-4f43-832a-400784fc22d8: shutdown server with port 46217 successfully
2020-12-18 01:54:20,943 [ForkJoinPool.commonPool-worker-0] INFO  utils.BackgroundService (BackgroundService.java:shutdown(132)) - Shutting down service BlockDeletingService
2020-12-18 01:54:20,945 [ForkJoinPool.commonPool-worker-0] INFO  statemachine.DatanodeStateMachine (DatanodeStateMachine.java:stopDaemon(461)) - Ozone container server stopped.
2020-12-18 01:54:20,954 [ForkJoinPool.commonPool-worker-0] INFO  handler.ContextHandler (ContextHandler.java:doStop(1154)) - Stopped o.e.j.w.WebAppContext@46245500{hddsDatanode,/,null,STOPPED}{jar:file:/home/user/.m2/repository/org/apache/hadoop/hadoop-hdds-container-service/1.1.0-SNAPSHOT/hadoop-hdds-container-service-1.1.0-SNAPSHOT.jar!/webapps/hddsDatanode}
2020-12-18 01:54:20,954 [ForkJoinPool.commonPool-worker-0] INFO  server.AbstractConnector (AbstractConnector.java:doStop(381)) - Stopped ServerConnector@74f782a5{HTTP/1.1, (http/1.1)}{0.0.0.0:0}
2020-12-18 01:54:20,954 [ForkJoinPool.commonPool-worker-0] INFO  server.session (HouseKeeper.java:stopScavenging(149)) - node0 Stopped scavenging
2020-12-18 01:54:20,955 [ForkJoinPool.commonPool-worker-0] INFO  handler.ContextHandler (ContextHandler.java:doStop(1154)) - Stopped o.e.j.s.ServletContextHandler@3c0b230{static,/static,jar:file:/home/user/.m2/repository/org/apache/hadoop/hadoop-hdds-container-service/1.1.0-SNAPSHOT/hadoop-hdds-container-service-1.1.0-SNAPSHOT.jar!/webapps/static,STOPPED}
2020-12-18 01:54:20,955 [ForkJoinPool.commonPool-worker-0] INFO  handler.ContextHandler (ContextHandler.java:doStop(1154)) - Stopped o.e.j.s.ServletContextHandler@7a1af882{logs,/logs,file:///github/workspace/mnt/ozone/hadoop-ozone/integration-test/target/log,STOPPED}
2020-12-18 01:54:21,032 [ReplicationMonitor] INFO  container.ReplicationManager (ReplicationManager.java:run(250)) - Replication Monitor Thread took 0 milliseconds for processing 4 containers.
2020-12-18 01:54:21,746 [Datanode State Machine Thread - 0] INFO  statemachine.DatanodeStateMachine (DatanodeStateMachine.java:lambda$startDaemon$0(408)) - Ozone container server started.
2020-12-18 01:54:21,850 [ForkJoinPool.commonPool-worker-0] INFO  ozoneimpl.OzoneContainer (OzoneContainer.java:stop(257)) - Attempting to stop container services.
2020-12-18 01:54:21,851 [ForkJoinPool.commonPool-worker-0] INFO  impl.RaftServerProxy (RaftServerProxy.java:lambda$close$4(338)) - 79194d7f-2e7e-4e4e-9d5e-674d7d919289: close
2020-12-18 01:54:21,851 [ForkJoinPool.commonPool-worker-0] INFO  impl.RaftServerImpl (RaftServerImpl.java:lambda$shutdown$3(328)) - 79194d7f-2e7e-4e4e-9d5e-674d7d919289@group-38CB54CFF45F: shutdown
2020-12-18 01:54:21,851 [ForkJoinPool.commonPool-worker-0] INFO  util.JmxRegister (JmxRegister.java:unregister(73)) - Successfully un-registered JMX Bean with object name Ratis:service=RaftServer,group=group-38CB54CFF45F,id=79194d7f-2e7e-4e4e-9d5e-674d7d919289
2020-12-18 01:54:21,851 [ForkJoinPool.commonPool-worker-0] INFO  impl.RoleInfo (RoleInfo.java:shutdownLeaderState(104)) - 79194d7f-2e7e-4e4e-9d5e-674d7d919289: shutdown 79194d7f-2e7e-4e4e-9d5e-674d7d919289@group-38CB54CFF45F-LeaderState
2020-12-18 01:54:21,851 [ForkJoinPool.commonPool-worker-0] INFO  impl.PendingRequests (PendingRequests.java:sendNotLeaderResponses(250)) - 79194d7f-2e7e-4e4e-9d5e-674d7d919289@group-38CB54CFF45F-PendingRequests: sendNotLeaderResponses
2020-12-18 01:54:21,851 [ForkJoinPool.commonPool-worker-0] INFO  metrics.RatisMetrics (RatisMetrics.java:unregister(43)) - Unregistering Metrics Registry : ratis.log_appender.79194d7f-2e7e-4e4e-9d5e-674d7d919289@group-38CB54CFF45F
2020-12-18 01:54:21,851 [ForkJoinPool.commonPool-worker-0] INFO  metrics.RatisMetrics (RatisMetrics.java:unregister(43)) - Unregistering Metrics Registry : ratis.server.79194d7f-2e7e-4e4e-9d5e-674d7d919289@group-38CB54CFF45F
2020-12-18 01:54:21,852 [ForkJoinPool.commonPool-worker-0] INFO  impl.StateMachineUpdater (StateMachineUpdater.java:stopAndJoin(147)) - 79194d7f-2e7e-4e4e-9d5e-674d7d919289@group-38CB54CFF45F-StateMachineUpdater: set stopIndex = 0
2020-12-18 01:54:21,853 [79194d7f-2e7e-4e4e-9d5e-674d7d919289@group-38CB54CFF45F-StateMachineUpdater] INFO  ratis.ContainerStateMachine (ContainerStateMachine.java:takeSnapshot(293)) - group-38CB54CFF45F: Taking a snapshot at:(t:1, i:0) file /github/workspace/mnt/ozone/hadoop-ozone/integration-test/target/test-dir/MiniOzoneClusterImpl-3835dc27-2ffb-44b9-9ba4-3f027f37039b/datanode-2/data/ratis/59f714b7-7708-4c38-92ec-38cb54cff45f/sm/snapshot.1_0
2020-12-18 01:54:21,853 [79194d7f-2e7e-4e4e-9d5e-674d7d919289@group-38CB54CFF45F-StateMachineUpdater] INFO  ratis.ContainerStateMachine (ContainerStateMachine.java:takeSnapshot(304)) - group-38CB54CFF45F: Finished taking a snapshot at:(t:1, i:0) file:/github/workspace/mnt/ozone/hadoop-ozone/integration-test/target/test-dir/MiniOzoneClusterImpl-3835dc27-2ffb-44b9-9ba4-3f027f37039b/datanode-2/data/ratis/59f714b7-7708-4c38-92ec-38cb54cff45f/sm/snapshot.1_0 time:1
2020-12-18 01:54:21,854 [79194d7f-2e7e-4e4e-9d5e-674d7d919289@group-38CB54CFF45F-StateMachineUpdater] INFO  impl.StateMachineUpdater (StateMachineUpdater.java:takeSnapshot(278)) - 79194d7f-2e7e-4e4e-9d5e-674d7d919289@group-38CB54CFF45F-StateMachineUpdater: Took a snapshot at index 0
2020-12-18 01:54:21,854 [79194d7f-2e7e-4e4e-9d5e-674d7d919289@group-38CB54CFF45F-StateMachineUpdater] INFO  impl.StateMachineUpdater (StateMachineUpdater.java:lambda$new$0(87)) - 79194d7f-2e7e-4e4e-9d5e-674d7d919289@group-38CB54CFF45F-StateMachineUpdater: snapshotIndex: updateIncreasingly -1 -> 0
2020-12-18 01:54:21,854 [79194d7f-2e7e-4e4e-9d5e-674d7d919289@group-38CB54CFF45F-StateMachineUpdater] INFO  metrics.RatisMetrics (RatisMetrics.java:unregister(43)) - Unregistering Metrics Registry : ratis.state_machine.79194d7f-2e7e-4e4e-9d5e-674d7d919289@group-38CB54CFF45F
2020-12-18 01:54:21,854 [ForkJoinPool.commonPool-worker-0] INFO  impl.RaftServerImpl (ServerState.java:close(406)) - 79194d7f-2e7e-4e4e-9d5e-674d7d919289@group-38CB54CFF45F: closes. applyIndex: 0
2020-12-18 01:54:21,854 [79194d7f-2e7e-4e4e-9d5e-674d7d919289@group-38CB54CFF45F-SegmentedRaftLogWorker] INFO  segmented.SegmentedRaftLogWorker (SegmentedRaftLogWorker.java:run(329)) - 79194d7f-2e7e-4e4e-9d5e-674d7d919289@group-38CB54CFF45F-SegmentedRaftLogWorker was interrupted, exiting. There are 0 tasks remaining in the queue.
2020-12-18 01:54:21,855 [ForkJoinPool.commonPool-worker-0] INFO  segmented.SegmentedRaftLogWorker (SegmentedRaftLogWorker.java:close(235)) - 79194d7f-2e7e-4e4e-9d5e-674d7d919289@group-38CB54CFF45F-SegmentedRaftLogWorker close()
2020-12-18 01:54:21,855 [ForkJoinPool.commonPool-worker-0] INFO  metrics.RatisMetrics (RatisMetrics.java:unregister(43)) - Unregistering Metrics Registry : ratis.log_worker.79194d7f-2e7e-4e4e-9d5e-674d7d919289@group-38CB54CFF45F
2020-12-18 01:54:21,855 [ForkJoinPool.commonPool-worker-0] INFO  metrics.RatisMetrics (RatisMetrics.java:unregister(43)) - Unregistering Metrics Registry : ratis.leader_election.79194d7f-2e7e-4e4e-9d5e-674d7d919289@group-38CB54CFF45F
2020-12-18 01:54:21,855 [ForkJoinPool.commonPool-worker-0] INFO  metrics.RatisMetrics (RatisMetrics.java:unregister(43)) - Unregistering Metrics Registry : ratis.server.79194d7f-2e7e-4e4e-9d5e-674d7d919289@group-38CB54CFF45F
2020-12-18 01:54:21,855 [ForkJoinPool.commonPool-worker-0] INFO  server.GrpcService (GrpcService.java:closeImpl(184)) - 79194d7f-2e7e-4e4e-9d5e-674d7d919289: shutdown server with port 45263 now
2020-12-18 01:54:21,856 [ForkJoinPool.commonPool-worker-0] INFO  server.GrpcService (GrpcService.java:closeImpl(193)) - 79194d7f-2e7e-4e4e-9d5e-674d7d919289: shutdown server with port 45263 successfully
2020-12-18 01:54:21,857 [ForkJoinPool.commonPool-worker-0] INFO  utils.BackgroundService (BackgroundService.java:shutdown(132)) - Shutting down service BlockDeletingService
2020-12-18 01:54:21,859 [ForkJoinPool.commonPool-worker-0] INFO  statemachine.DatanodeStateMachine (DatanodeStateMachine.java:stopDaemon(461)) - Ozone container server stopped.
2020-12-18 01:54:21,867 [ForkJoinPool.commonPool-worker-0] INFO  handler.ContextHandler (ContextHandler.java:doStop(1154)) - Stopped o.e.j.w.WebAppContext@60e9bda0{hddsDatanode,/,null,STOPPED}{jar:file:/home/user/.m2/repository/org/apache/hadoop/hadoop-hdds-container-service/1.1.0-SNAPSHOT/hadoop-hdds-container-service-1.1.0-SNAPSHOT.jar!/webapps/hddsDatanode}
2020-12-18 01:54:21,868 [ForkJoinPool.commonPool-worker-0] INFO  server.AbstractConnector (AbstractConnector.java:doStop(381)) - Stopped ServerConnector@438a0024{HTTP/1.1, (http/1.1)}{0.0.0.0:0}
2020-12-18 01:54:21,868 [ForkJoinPool.commonPool-worker-0] INFO  server.session (HouseKeeper.java:stopScavenging(149)) - node0 Stopped scavenging
2020-12-18 01:54:21,869 [ForkJoinPool.commonPool-worker-0] INFO  handler.ContextHandler (ContextHandler.java:doStop(1154)) - Stopped o.e.j.s.ServletContextHandler@14c35a06{static,/static,jar:file:/home/user/.m2/repository/org/apache/hadoop/hadoop-hdds-container-service/1.1.0-SNAPSHOT/hadoop-hdds-container-service-1.1.0-SNAPSHOT.jar!/webapps/static,STOPPED}
2020-12-18 01:54:21,869 [ForkJoinPool.commonPool-worker-0] INFO  handler.ContextHandler (ContextHandler.java:doStop(1154)) - Stopped o.e.j.s.ServletContextHandler@33c4dc6c{logs,/logs,file:///github/workspace/mnt/ozone/hadoop-ozone/integration-test/target/log,STOPPED}
2020-12-18 01:54:21,962 [Listener at 127.0.0.1/36003] INFO  ozoneimpl.OzoneContainer (OzoneContainer.java:stop(257)) - Attempting to stop container services.
2020-12-18 01:54:21,963 [Listener at 127.0.0.1/36003] INFO  impl.RaftServerProxy (RaftServerProxy.java:lambda$close$4(338)) - faa011ac-180a-4f85-bd7b-e6120f6873d8: close
2020-12-18 01:54:21,963 [Listener at 127.0.0.1/36003] INFO  impl.RaftServerImpl (RaftServerImpl.java:lambda$shutdown$3(328)) - faa011ac-180a-4f85-bd7b-e6120f6873d8@group-277869D95004: shutdown
2020-12-18 01:54:21,963 [Listener at 127.0.0.1/36003] INFO  util.JmxRegister (JmxRegister.java:unregister(73)) - Successfully un-registered JMX Bean with object name Ratis:service=RaftServer,group=group-277869D95004,id=faa011ac-180a-4f85-bd7b-e6120f6873d8
2020-12-18 01:54:21,963 [Listener at 127.0.0.1/36003] INFO  impl.RoleInfo (RoleInfo.java:shutdownLeaderState(104)) - faa011ac-180a-4f85-bd7b-e6120f6873d8: shutdown faa011ac-180a-4f85-bd7b-e6120f6873d8@group-277869D95004-LeaderState
2020-12-18 01:54:21,963 [Listener at 127.0.0.1/36003] INFO  impl.PendingRequests (PendingRequests.java:sendNotLeaderResponses(250)) - faa011ac-180a-4f85-bd7b-e6120f6873d8@group-277869D95004-PendingRequests: sendNotLeaderResponses
2020-12-18 01:54:21,963 [Listener at 127.0.0.1/36003] INFO  metrics.RatisMetrics (RatisMetrics.java:unregister(43)) - Unregistering Metrics Registry : ratis.log_appender.faa011ac-180a-4f85-bd7b-e6120f6873d8@group-277869D95004
2020-12-18 01:54:21,964 [Listener at 127.0.0.1/36003] INFO  metrics.RatisMetrics (RatisMetrics.java:unregister(43)) - Unregistering Metrics Registry : ratis.server.faa011ac-180a-4f85-bd7b-e6120f6873d8@group-277869D95004
2020-12-18 01:54:21,965 [Listener at 127.0.0.1/36003] INFO  impl.StateMachineUpdater (StateMachineUpdater.java:stopAndJoin(147)) - faa011ac-180a-4f85-bd7b-e6120f6873d8@group-277869D95004-StateMachineUpdater: set stopIndex = 0
2020-12-18 01:54:21,965 [faa011ac-180a-4f85-bd7b-e6120f6873d8@group-277869D95004-StateMachineUpdater] INFO  ratis.ContainerStateMachine (ContainerStateMachine.java:takeSnapshot(293)) - group-277869D95004: Taking a snapshot at:(t:1, i:0) file /github/workspace/mnt/ozone/hadoop-ozone/integration-test/target/test-dir/MiniOzoneClusterImpl-3835dc27-2ffb-44b9-9ba4-3f027f37039b/datanode-5/data/ratis/597c3142-7484-45eb-b351-277869d95004/sm/snapshot.1_0
2020-12-18 01:54:21,966 [faa011ac-180a-4f85-bd7b-e6120f6873d8@group-277869D95004-StateMachineUpdater] INFO  ratis.ContainerStateMachine (ContainerStateMachine.java:takeSnapshot(304)) - group-277869D95004: Finished taking a snapshot at:(t:1, i:0) file:/github/workspace/mnt/ozone/hadoop-ozone/integration-test/target/test-dir/MiniOzoneClusterImpl-3835dc27-2ffb-44b9-9ba4-3f027f37039b/datanode-5/data/ratis/597c3142-7484-45eb-b351-277869d95004/sm/snapshot.1_0 time:1
2020-12-18 01:54:21,966 [faa011ac-180a-4f85-bd7b-e6120f6873d8@group-277869D95004-StateMachineUpdater] INFO  impl.StateMachineUpdater (StateMachineUpdater.java:takeSnapshot(278)) - faa011ac-180a-4f85-bd7b-e6120f6873d8@group-277869D95004-StateMachineUpdater: Took a snapshot at index 0
2020-12-18 01:54:21,966 [faa011ac-180a-4f85-bd7b-e6120f6873d8@group-277869D95004-StateMachineUpdater] INFO  impl.StateMachineUpdater (StateMachineUpdater.java:lambda$new$0(87)) - faa011ac-180a-4f85-bd7b-e6120f6873d8@group-277869D95004-StateMachineUpdater: snapshotIndex: updateIncreasingly -1 -> 0
2020-12-18 01:54:21,966 [faa011ac-180a-4f85-bd7b-e6120f6873d8@group-277869D95004-StateMachineUpdater] INFO  metrics.RatisMetrics (RatisMetrics.java:unregister(43)) - Unregistering Metrics Registry : ratis.state_machine.faa011ac-180a-4f85-bd7b-e6120f6873d8@group-277869D95004
2020-12-18 01:54:21,966 [Listener at 127.0.0.1/36003] INFO  impl.RaftServerImpl (ServerState.java:close(406)) - faa011ac-180a-4f85-bd7b-e6120f6873d8@group-277869D95004: closes. applyIndex: 0
2020-12-18 01:54:21,966 [faa011ac-180a-4f85-bd7b-e6120f6873d8@group-277869D95004-SegmentedRaftLogWorker] INFO  segmented.SegmentedRaftLogWorker (SegmentedRaftLogWorker.java:run(329)) - faa011ac-180a-4f85-bd7b-e6120f6873d8@group-277869D95004-SegmentedRaftLogWorker was interrupted, exiting. There are 0 tasks remaining in the queue.
2020-12-18 01:54:21,967 [Listener at 127.0.0.1/36003] INFO  segmented.SegmentedRaftLogWorker (SegmentedRaftLogWorker.java:close(235)) - faa011ac-180a-4f85-bd7b-e6120f6873d8@group-277869D95004-SegmentedRaftLogWorker close()
2020-12-18 01:54:21,967 [Listener at 127.0.0.1/36003] INFO  metrics.RatisMetrics (RatisMetrics.java:unregister(43)) - Unregistering Metrics Registry : ratis.log_worker.faa011ac-180a-4f85-bd7b-e6120f6873d8@group-277869D95004
2020-12-18 01:54:21,967 [Listener at 127.0.0.1/36003] INFO  metrics.RatisMetrics (RatisMetrics.java:unregister(43)) - Unregistering Metrics Registry : ratis.leader_election.faa011ac-180a-4f85-bd7b-e6120f6873d8@group-277869D95004
2020-12-18 01:54:21,967 [Listener at 127.0.0.1/36003] INFO  metrics.RatisMetrics (RatisMetrics.java:unregister(43)) - Unregistering Metrics Registry : ratis.server.faa011ac-180a-4f85-bd7b-e6120f6873d8@group-277869D95004
2020-12-18 01:54:21,967 [Listener at 127.0.0.1/36003] INFO  impl.RaftServerImpl (RaftServerImpl.java:lambda$shutdown$3(328)) - faa011ac-180a-4f85-bd7b-e6120f6873d8@group-86955E6C43EB: shutdown
2020-12-18 01:54:21,967 [Listener at 127.0.0.1/36003] INFO  util.JmxRegister (JmxRegister.java:unregister(73)) - Successfully un-registered JMX Bean with object name Ratis:service=RaftServer,group=group-86955E6C43EB,id=faa011ac-180a-4f85-bd7b-e6120f6873d8
2020-12-18 01:54:21,968 [Listener at 127.0.0.1/36003] INFO  impl.RoleInfo (RoleInfo.java:shutdownFollowerState(121)) - faa011ac-180a-4f85-bd7b-e6120f6873d8: shutdown faa011ac-180a-4f85-bd7b-e6120f6873d8@group-86955E6C43EB-FollowerState
2020-12-18 01:54:21,968 [Thread-3246] INFO  impl.FollowerState (FollowerState.java:run(137)) - faa011ac-180a-4f85-bd7b-e6120f6873d8@group-86955E6C43EB-FollowerState was interrupted: {}
java.lang.InterruptedException: sleep interrupted
	at java.lang.Thread.sleep(Native Method)
	at org.apache.ratis.util.JavaUtils.sleep(JavaUtils.java:250)
	at org.apache.ratis.server.impl.FollowerState.run(FollowerState.java:116)
2020-12-18 01:54:21,968 [Listener at 127.0.0.1/36003] INFO  impl.StateMachineUpdater (StateMachineUpdater.java:stopAndJoin(147)) - faa011ac-180a-4f85-bd7b-e6120f6873d8@group-86955E6C43EB-StateMachineUpdater: set stopIndex = 36
2020-12-18 01:54:21,969 [faa011ac-180a-4f85-bd7b-e6120f6873d8@group-86955E6C43EB-StateMachineUpdater] INFO  ratis.ContainerStateMachine (ContainerStateMachine.java:takeSnapshot(293)) - group-86955E6C43EB: Taking a snapshot at:(t:1, i:36) file /github/workspace/mnt/ozone/hadoop-ozone/integration-test/target/test-dir/MiniOzoneClusterImpl-3835dc27-2ffb-44b9-9ba4-3f027f37039b/datanode-5/data/ratis/1cbfd3d2-6a33-4270-be02-86955e6c43eb/sm/snapshot.1_36
2020-12-18 01:54:21,969 [faa011ac-180a-4f85-bd7b-e6120f6873d8@group-86955E6C43EB-StateMachineUpdater] INFO  ratis.ContainerStateMachine (ContainerStateMachine.java:takeSnapshot(304)) - group-86955E6C43EB: Finished taking a snapshot at:(t:1, i:36) file:/github/workspace/mnt/ozone/hadoop-ozone/integration-test/target/test-dir/MiniOzoneClusterImpl-3835dc27-2ffb-44b9-9ba4-3f027f37039b/datanode-5/data/ratis/1cbfd3d2-6a33-4270-be02-86955e6c43eb/sm/snapshot.1_36 time:1
2020-12-18 01:54:21,970 [faa011ac-180a-4f85-bd7b-e6120f6873d8@group-86955E6C43EB-StateMachineUpdater] INFO  impl.StateMachineUpdater (StateMachineUpdater.java:takeSnapshot(278)) - faa011ac-180a-4f85-bd7b-e6120f6873d8@group-86955E6C43EB-StateMachineUpdater: Took a snapshot at index 36
2020-12-18 01:54:21,970 [faa011ac-180a-4f85-bd7b-e6120f6873d8@group-86955E6C43EB-StateMachineUpdater] INFO  impl.StateMachineUpdater (StateMachineUpdater.java:lambda$new$0(87)) - faa011ac-180a-4f85-bd7b-e6120f6873d8@group-86955E6C43EB-StateMachineUpdater: snapshotIndex: updateIncreasingly -1 -> 36
2020-12-18 01:54:21,970 [faa011ac-180a-4f85-bd7b-e6120f6873d8@group-86955E6C43EB-StateMachineUpdater] INFO  metrics.RatisMetrics (RatisMetrics.java:unregister(43)) - Unregistering Metrics Registry : ratis.state_machine.faa011ac-180a-4f85-bd7b-e6120f6873d8@group-86955E6C43EB
2020-12-18 01:54:21,975 [Listener at 127.0.0.1/36003] INFO  impl.RaftServerImpl (ServerState.java:close(406)) - faa011ac-180a-4f85-bd7b-e6120f6873d8@group-86955E6C43EB: closes. applyIndex: 36
2020-12-18 01:54:21,975 [faa011ac-180a-4f85-bd7b-e6120f6873d8@group-86955E6C43EB-SegmentedRaftLogWorker] INFO  segmented.SegmentedRaftLogWorker (SegmentedRaftLogWorker.java:run(329)) - faa011ac-180a-4f85-bd7b-e6120f6873d8@group-86955E6C43EB-SegmentedRaftLogWorker was interrupted, exiting. There are 0 tasks remaining in the queue.
2020-12-18 01:54:21,975 [Listener at 127.0.0.1/36003] INFO  segmented.SegmentedRaftLogWorker (SegmentedRaftLogWorker.java:close(235)) - faa011ac-180a-4f85-bd7b-e6120f6873d8@group-86955E6C43EB-SegmentedRaftLogWorker close()
2020-12-18 01:54:21,975 [Listener at 127.0.0.1/36003] INFO  metrics.RatisMetrics (RatisMetrics.java:unregister(43)) - Unregistering Metrics Registry : ratis.log_worker.faa011ac-180a-4f85-bd7b-e6120f6873d8@group-86955E6C43EB
2020-12-18 01:54:21,976 [Listener at 127.0.0.1/36003] INFO  metrics.RatisMetrics (RatisMetrics.java:unregister(43)) - Unregistering Metrics Registry : ratis.leader_election.faa011ac-180a-4f85-bd7b-e6120f6873d8@group-86955E6C43EB
2020-12-18 01:54:21,976 [Listener at 127.0.0.1/36003] INFO  metrics.RatisMetrics (RatisMetrics.java:unregister(43)) - Unregistering Metrics Registry : ratis.server.faa011ac-180a-4f85-bd7b-e6120f6873d8@group-86955E6C43EB
2020-12-18 01:54:21,976 [Listener at 127.0.0.1/36003] INFO  server.GrpcService (GrpcService.java:closeImpl(184)) - faa011ac-180a-4f85-bd7b-e6120f6873d8: shutdown server with port 40127 now
2020-12-18 01:54:21,978 [Listener at 127.0.0.1/36003] INFO  server.GrpcService (GrpcService.java:closeImpl(193)) - faa011ac-180a-4f85-bd7b-e6120f6873d8: shutdown server with port 40127 successfully
2020-12-18 01:54:21,979 [Listener at 127.0.0.1/36003] INFO  utils.BackgroundService (BackgroundService.java:shutdown(132)) - Shutting down service BlockDeletingService
2020-12-18 01:54:21,980 [Listener at 127.0.0.1/36003] INFO  statemachine.DatanodeStateMachine (DatanodeStateMachine.java:stopDaemon(461)) - Ozone container server stopped.
2020-12-18 01:54:21,988 [Listener at 127.0.0.1/36003] INFO  handler.ContextHandler (ContextHandler.java:doStop(1154)) - Stopped o.e.j.w.WebAppContext@3abe94d9{hddsDatanode,/,null,STOPPED}{jar:file:/home/user/.m2/repository/org/apache/hadoop/hadoop-hdds-container-service/1.1.0-SNAPSHOT/hadoop-hdds-container-service-1.1.0-SNAPSHOT.jar!/webapps/hddsDatanode}
2020-12-18 01:54:21,988 [Listener at 127.0.0.1/36003] INFO  server.AbstractConnector (AbstractConnector.java:doStop(381)) - Stopped ServerConnector@12c539be{HTTP/1.1, (http/1.1)}{0.0.0.0:0}
2020-12-18 01:54:21,988 [Listener at 127.0.0.1/36003] INFO  server.session (HouseKeeper.java:stopScavenging(149)) - node0 Stopped scavenging
2020-12-18 01:54:21,989 [Listener at 127.0.0.1/36003] INFO  handler.ContextHandler (ContextHandler.java:doStop(1154)) - Stopped o.e.j.s.ServletContextHandler@6553527e{static,/static,jar:file:/home/user/.m2/repository/org/apache/hadoop/hadoop-hdds-container-service/1.1.0-SNAPSHOT/hadoop-hdds-container-service-1.1.0-SNAPSHOT.jar!/webapps/static,STOPPED}
2020-12-18 01:54:21,989 [Listener at 127.0.0.1/36003] INFO  handler.ContextHandler (ContextHandler.java:doStop(1154)) - Stopped o.e.j.s.ServletContextHandler@10ea88c7{logs,/logs,file:///github/workspace/mnt/ozone/hadoop-ozone/integration-test/target/log,STOPPED}
2020-12-18 01:54:22,033 [ReplicationMonitor] INFO  container.ReplicationManager (ReplicationManager.java:run(250)) - Replication Monitor Thread took 0 milliseconds for processing 4 containers.
2020-12-18 01:54:22,662 [EventQueue-StaleNodeForStaleNodeHandler] INFO  node.StaleNodeHandler (StaleNodeHandler.java:onMessage(58)) - Datanode f3bcc9d7-8a28-4733-a3d2-9ac8d8ec4839{ip: 172.17.0.2, host: 1fad9502c7b4, networkLocation: /default-rack, certSerialId: null, persistedOpState: IN_SERVICE, persistedOpStateExpiryEpochSec: 0} moved to stale state. Finalizing its pipelines [PipelineID=fda6b517-766f-4501-be05-41ec84fba706, PipelineID=1cbfd3d2-6a33-4270-be02-86955e6c43eb]
2020-12-18 01:54:22,662 [EventQueue-StaleNodeForStaleNodeHandler] INFO  pipeline.SCMPipelineManager (SCMPipelineManager.java:finalizeAndDestroyPipeline(482)) - Destroying pipeline:Pipeline[ Id: fda6b517-766f-4501-be05-41ec84fba706, Nodes: f3bcc9d7-8a28-4733-a3d2-9ac8d8ec4839{ip: 172.17.0.2, host: 1fad9502c7b4, networkLocation: /default-rack, certSerialId: null, persistedOpState: IN_SERVICE, persistedOpStateExpiryEpochSec: 0}, Type:RATIS, Factor:ONE, State:OPEN, leaderId:f3bcc9d7-8a28-4733-a3d2-9ac8d8ec4839, CreationTimestamp2020-12-18T01:53:55.022Z]
2020-12-18 01:54:22,662 [EventQueue-StaleNodeForStaleNodeHandler] INFO  pipeline.PipelineStateManager (PipelineStateManager.java:finalizePipeline(121)) - Pipeline Pipeline[ Id: fda6b517-766f-4501-be05-41ec84fba706, Nodes: f3bcc9d7-8a28-4733-a3d2-9ac8d8ec4839{ip: 172.17.0.2, host: 1fad9502c7b4, networkLocation: /default-rack, certSerialId: null, persistedOpState: IN_SERVICE, persistedOpStateExpiryEpochSec: 0}, Type:RATIS, Factor:ONE, State:CLOSED, leaderId:f3bcc9d7-8a28-4733-a3d2-9ac8d8ec4839, CreationTimestamp2020-12-18T01:53:55.022Z] moved to CLOSED state
2020-12-18 01:54:22,662 [EventQueue-StaleNodeForStaleNodeHandler] INFO  pipeline.SCMPipelineManager (SCMPipelineManager.java:finalizeAndDestroyPipeline(482)) - Destroying pipeline:Pipeline[ Id: 1cbfd3d2-6a33-4270-be02-86955e6c43eb, Nodes: faa011ac-180a-4f85-bd7b-e6120f6873d8{ip: 172.17.0.2, host: 1fad9502c7b4, networkLocation: /default-rack, certSerialId: null, persistedOpState: IN_SERVICE, persistedOpStateExpiryEpochSec: 0}4b858060-13e7-4e84-85d4-2e7a0c2691a5{ip: 172.17.0.2, host: 1fad9502c7b4, networkLocation: /default-rack, certSerialId: null, persistedOpState: IN_SERVICE, persistedOpStateExpiryEpochSec: 0}f3bcc9d7-8a28-4733-a3d2-9ac8d8ec4839{ip: 172.17.0.2, host: 1fad9502c7b4, networkLocation: /default-rack, certSerialId: null, persistedOpState: IN_SERVICE, persistedOpStateExpiryEpochSec: 0}, Type:RATIS, Factor:THREE, State:OPEN, leaderId:f3bcc9d7-8a28-4733-a3d2-9ac8d8ec4839, CreationTimestamp2020-12-18T01:53:55.363Z]
2020-12-18 01:54:22,662 [EventQueue-StaleNodeForStaleNodeHandler] INFO  pipeline.PipelineStateManager (PipelineStateManager.java:finalizePipeline(121)) - Pipeline Pipeline[ Id: 1cbfd3d2-6a33-4270-be02-86955e6c43eb, Nodes: faa011ac-180a-4f85-bd7b-e6120f6873d8{ip: 172.17.0.2, host: 1fad9502c7b4, networkLocation: /default-rack, certSerialId: null, persistedOpState: IN_SERVICE, persistedOpStateExpiryEpochSec: 0}4b858060-13e7-4e84-85d4-2e7a0c2691a5{ip: 172.17.0.2, host: 1fad9502c7b4, networkLocation: /default-rack, certSerialId: null, persistedOpState: IN_SERVICE, persistedOpStateExpiryEpochSec: 0}f3bcc9d7-8a28-4733-a3d2-9ac8d8ec4839{ip: 172.17.0.2, host: 1fad9502c7b4, networkLocation: /default-rack, certSerialId: null, persistedOpState: IN_SERVICE, persistedOpStateExpiryEpochSec: 0}, Type:RATIS, Factor:THREE, State:CLOSED, leaderId:f3bcc9d7-8a28-4733-a3d2-9ac8d8ec4839, CreationTimestamp2020-12-18T01:53:55.363Z] moved to CLOSED state
2020-12-18 01:54:22,663 [EventQueue-CloseContainerForCloseContainerEventHandler] INFO  container.CloseContainerEventHandler (CloseContainerEventHandler.java:onMessage(61)) - Close container Event triggered for container : #2
2020-12-18 01:54:22,663 [EventQueue-CloseContainerForCloseContainerEventHandler] INFO  container.CloseContainerEventHandler (CloseContainerEventHandler.java:onMessage(61)) - Close container Event triggered for container : #3
2020-12-18 01:54:22,675 [Datanode State Machine Thread - 0] INFO  statemachine.DatanodeStateMachine (DatanodeStateMachine.java:lambda$startDaemon$0(408)) - Ozone container server started.
2020-12-18 01:54:22,744 [ForkJoinPool.commonPool-worker-0] INFO  ozoneimpl.OzoneContainer (OzoneContainer.java:stop(257)) - Attempting to stop container services.
2020-12-18 01:54:22,744 [ForkJoinPool.commonPool-worker-0] INFO  impl.RaftServerProxy (RaftServerProxy.java:lambda$close$4(338)) - 4b858060-13e7-4e84-85d4-2e7a0c2691a5: close
2020-12-18 01:54:22,744 [ForkJoinPool.commonPool-worker-0] INFO  impl.RaftServerImpl (RaftServerImpl.java:lambda$shutdown$3(328)) - 4b858060-13e7-4e84-85d4-2e7a0c2691a5@group-9375838C1592: shutdown
2020-12-18 01:54:22,744 [ForkJoinPool.commonPool-worker-0] INFO  util.JmxRegister (JmxRegister.java:unregister(73)) - Successfully un-registered JMX Bean with object name Ratis:service=RaftServer,group=group-9375838C1592,id=4b858060-13e7-4e84-85d4-2e7a0c2691a5
2020-12-18 01:54:22,744 [ForkJoinPool.commonPool-worker-0] INFO  impl.RoleInfo (RoleInfo.java:shutdownLeaderState(104)) - 4b858060-13e7-4e84-85d4-2e7a0c2691a5: shutdown 4b858060-13e7-4e84-85d4-2e7a0c2691a5@group-9375838C1592-LeaderState
2020-12-18 01:54:22,744 [ForkJoinPool.commonPool-worker-0] INFO  impl.PendingRequests (PendingRequests.java:sendNotLeaderResponses(250)) - 4b858060-13e7-4e84-85d4-2e7a0c2691a5@group-9375838C1592-PendingRequests: sendNotLeaderResponses
2020-12-18 01:54:22,745 [ForkJoinPool.commonPool-worker-0] INFO  metrics.RatisMetrics (RatisMetrics.java:unregister(43)) - Unregistering Metrics Registry : ratis.log_appender.4b858060-13e7-4e84-85d4-2e7a0c2691a5@group-9375838C1592
2020-12-18 01:54:22,745 [ForkJoinPool.commonPool-worker-0] INFO  metrics.RatisMetrics (RatisMetrics.java:unregister(43)) - Unregistering Metrics Registry : ratis.server.4b858060-13e7-4e84-85d4-2e7a0c2691a5@group-9375838C1592
2020-12-18 01:54:22,746 [ForkJoinPool.commonPool-worker-0] INFO  impl.StateMachineUpdater (StateMachineUpdater.java:stopAndJoin(147)) - 4b858060-13e7-4e84-85d4-2e7a0c2691a5@group-9375838C1592-StateMachineUpdater: set stopIndex = 0
2020-12-18 01:54:22,746 [4b858060-13e7-4e84-85d4-2e7a0c2691a5@group-9375838C1592-StateMachineUpdater] INFO  ratis.ContainerStateMachine (ContainerStateMachine.java:takeSnapshot(293)) - group-9375838C1592: Taking a snapshot at:(t:1, i:0) file /github/workspace/mnt/ozone/hadoop-ozone/integration-test/target/test-dir/MiniOzoneClusterImpl-3835dc27-2ffb-44b9-9ba4-3f027f37039b/datanode-4/data/ratis/d2ea689f-597f-497e-b326-9375838c1592/sm/snapshot.1_0
2020-12-18 01:54:22,747 [4b858060-13e7-4e84-85d4-2e7a0c2691a5@group-9375838C1592-StateMachineUpdater] INFO  ratis.ContainerStateMachine (ContainerStateMachine.java:takeSnapshot(304)) - group-9375838C1592: Finished taking a snapshot at:(t:1, i:0) file:/github/workspace/mnt/ozone/hadoop-ozone/integration-test/target/test-dir/MiniOzoneClusterImpl-3835dc27-2ffb-44b9-9ba4-3f027f37039b/datanode-4/data/ratis/d2ea689f-597f-497e-b326-9375838c1592/sm/snapshot.1_0 time:1
2020-12-18 01:54:22,747 [4b858060-13e7-4e84-85d4-2e7a0c2691a5@group-9375838C1592-StateMachineUpdater] INFO  impl.StateMachineUpdater (StateMachineUpdater.java:takeSnapshot(278)) - 4b858060-13e7-4e84-85d4-2e7a0c2691a5@group-9375838C1592-StateMachineUpdater: Took a snapshot at index 0
2020-12-18 01:54:22,747 [4b858060-13e7-4e84-85d4-2e7a0c2691a5@group-9375838C1592-StateMachineUpdater] INFO  impl.StateMachineUpdater (StateMachineUpdater.java:lambda$new$0(87)) - 4b858060-13e7-4e84-85d4-2e7a0c2691a5@group-9375838C1592-StateMachineUpdater: snapshotIndex: updateIncreasingly -1 -> 0
2020-12-18 01:54:22,747 [4b858060-13e7-4e84-85d4-2e7a0c2691a5@group-9375838C1592-StateMachineUpdater] INFO  metrics.RatisMetrics (RatisMetrics.java:unregister(43)) - Unregistering Metrics Registry : ratis.state_machine.4b858060-13e7-4e84-85d4-2e7a0c2691a5@group-9375838C1592
2020-12-18 01:54:22,747 [ForkJoinPool.commonPool-worker-0] INFO  impl.RaftServerImpl (ServerState.java:close(406)) - 4b858060-13e7-4e84-85d4-2e7a0c2691a5@group-9375838C1592: closes. applyIndex: 0
2020-12-18 01:54:22,747 [4b858060-13e7-4e84-85d4-2e7a0c2691a5@group-9375838C1592-SegmentedRaftLogWorker] INFO  segmented.SegmentedRaftLogWorker (SegmentedRaftLogWorker.java:run(329)) - 4b858060-13e7-4e84-85d4-2e7a0c2691a5@group-9375838C1592-SegmentedRaftLogWorker was interrupted, exiting. There are 0 tasks remaining in the queue.
2020-12-18 01:54:22,747 [ForkJoinPool.commonPool-worker-0] INFO  segmented.SegmentedRaftLogWorker (SegmentedRaftLogWorker.java:close(235)) - 4b858060-13e7-4e84-85d4-2e7a0c2691a5@group-9375838C1592-SegmentedRaftLogWorker close()
2020-12-18 01:54:22,748 [ForkJoinPool.commonPool-worker-0] INFO  metrics.RatisMetrics (RatisMetrics.java:unregister(43)) - Unregistering Metrics Registry : ratis.log_worker.4b858060-13e7-4e84-85d4-2e7a0c2691a5@group-9375838C1592
2020-12-18 01:54:22,748 [ForkJoinPool.commonPool-worker-0] INFO  metrics.RatisMetrics (RatisMetrics.java:unregister(43)) - Unregistering Metrics Registry : ratis.leader_election.4b858060-13e7-4e84-85d4-2e7a0c2691a5@group-9375838C1592
2020-12-18 01:54:22,748 [ForkJoinPool.commonPool-worker-0] INFO  metrics.RatisMetrics (RatisMetrics.java:unregister(43)) - Unregistering Metrics Registry : ratis.server.4b858060-13e7-4e84-85d4-2e7a0c2691a5@group-9375838C1592
2020-12-18 01:54:22,748 [ForkJoinPool.commonPool-worker-0] INFO  impl.RaftServerImpl (RaftServerImpl.java:lambda$shutdown$3(328)) - 4b858060-13e7-4e84-85d4-2e7a0c2691a5@group-86955E6C43EB: shutdown
2020-12-18 01:54:22,748 [ForkJoinPool.commonPool-worker-0] INFO  util.JmxRegister (JmxRegister.java:unregister(73)) - Successfully un-registered JMX Bean with object name Ratis:service=RaftServer,group=group-86955E6C43EB,id=4b858060-13e7-4e84-85d4-2e7a0c2691a5
2020-12-18 01:54:22,748 [ForkJoinPool.commonPool-worker-0] INFO  impl.RoleInfo (RoleInfo.java:shutdownFollowerState(121)) - 4b858060-13e7-4e84-85d4-2e7a0c2691a5: shutdown 4b858060-13e7-4e84-85d4-2e7a0c2691a5@group-86955E6C43EB-FollowerState
2020-12-18 01:54:22,748 [Thread-3248] INFO  impl.FollowerState (FollowerState.java:run(137)) - 4b858060-13e7-4e84-85d4-2e7a0c2691a5@group-86955E6C43EB-FollowerState was interrupted: {}
java.lang.InterruptedException: sleep interrupted
	at java.lang.Thread.sleep(Native Method)
	at org.apache.ratis.util.JavaUtils.sleep(JavaUtils.java:250)
	at org.apache.ratis.server.impl.FollowerState.run(FollowerState.java:116)
2020-12-18 01:54:22,749 [4b858060-13e7-4e84-85d4-2e7a0c2691a5@group-86955E6C43EB-StateMachineUpdater] INFO  ratis.ContainerStateMachine (ContainerStateMachine.java:takeSnapshot(293)) - group-86955E6C43EB: Taking a snapshot at:(t:1, i:36) file /github/workspace/mnt/ozone/hadoop-ozone/integration-test/target/test-dir/MiniOzoneClusterImpl-3835dc27-2ffb-44b9-9ba4-3f027f37039b/datanode-4/data/ratis/1cbfd3d2-6a33-4270-be02-86955e6c43eb/sm/snapshot.1_36
2020-12-18 01:54:22,749 [ForkJoinPool.commonPool-worker-0] INFO  impl.StateMachineUpdater (StateMachineUpdater.java:stopAndJoin(147)) - 4b858060-13e7-4e84-85d4-2e7a0c2691a5@group-86955E6C43EB-StateMachineUpdater: set stopIndex = 36
2020-12-18 01:54:22,750 [4b858060-13e7-4e84-85d4-2e7a0c2691a5@group-86955E6C43EB-StateMachineUpdater] INFO  ratis.ContainerStateMachine (ContainerStateMachine.java:takeSnapshot(304)) - group-86955E6C43EB: Finished taking a snapshot at:(t:1, i:36) file:/github/workspace/mnt/ozone/hadoop-ozone/integration-test/target/test-dir/MiniOzoneClusterImpl-3835dc27-2ffb-44b9-9ba4-3f027f37039b/datanode-4/data/ratis/1cbfd3d2-6a33-4270-be02-86955e6c43eb/sm/snapshot.1_36 time:1
2020-12-18 01:54:22,750 [4b858060-13e7-4e84-85d4-2e7a0c2691a5@group-86955E6C43EB-StateMachineUpdater] INFO  impl.StateMachineUpdater (StateMachineUpdater.java:takeSnapshot(278)) - 4b858060-13e7-4e84-85d4-2e7a0c2691a5@group-86955E6C43EB-StateMachineUpdater: Took a snapshot at index 36
2020-12-18 01:54:22,750 [4b858060-13e7-4e84-85d4-2e7a0c2691a5@group-86955E6C43EB-StateMachineUpdater] INFO  impl.StateMachineUpdater (StateMachineUpdater.java:lambda$new$0(87)) - 4b858060-13e7-4e84-85d4-2e7a0c2691a5@group-86955E6C43EB-StateMachineUpdater: snapshotIndex: updateIncreasingly -1 -> 36
2020-12-18 01:54:22,750 [4b858060-13e7-4e84-85d4-2e7a0c2691a5@group-86955E6C43EB-StateMachineUpdater] INFO  metrics.RatisMetrics (RatisMetrics.java:unregister(43)) - Unregistering Metrics Registry : ratis.state_machine.4b858060-13e7-4e84-85d4-2e7a0c2691a5@group-86955E6C43EB
2020-12-18 01:54:22,750 [ForkJoinPool.commonPool-worker-0] INFO  impl.RaftServerImpl (ServerState.java:close(406)) - 4b858060-13e7-4e84-85d4-2e7a0c2691a5@group-86955E6C43EB: closes. applyIndex: 36
2020-12-18 01:54:22,750 [4b858060-13e7-4e84-85d4-2e7a0c2691a5@group-86955E6C43EB-SegmentedRaftLogWorker] INFO  segmented.SegmentedRaftLogWorker (SegmentedRaftLogWorker.java:run(329)) - 4b858060-13e7-4e84-85d4-2e7a0c2691a5@group-86955E6C43EB-SegmentedRaftLogWorker was interrupted, exiting. There are 0 tasks remaining in the queue.
2020-12-18 01:54:22,751 [ForkJoinPool.commonPool-worker-0] INFO  segmented.SegmentedRaftLogWorker (SegmentedRaftLogWorker.java:close(235)) - 4b858060-13e7-4e84-85d4-2e7a0c2691a5@group-86955E6C43EB-SegmentedRaftLogWorker close()
2020-12-18 01:54:22,751 [ForkJoinPool.commonPool-worker-0] INFO  metrics.RatisMetrics (RatisMetrics.java:unregister(43)) - Unregistering Metrics Registry : ratis.log_worker.4b858060-13e7-4e84-85d4-2e7a0c2691a5@group-86955E6C43EB
2020-12-18 01:54:22,751 [ForkJoinPool.commonPool-worker-0] INFO  metrics.RatisMetrics (RatisMetrics.java:unregister(43)) - Unregistering Metrics Registry : ratis.leader_election.4b858060-13e7-4e84-85d4-2e7a0c2691a5@group-86955E6C43EB
2020-12-18 01:54:22,751 [ForkJoinPool.commonPool-worker-0] INFO  metrics.RatisMetrics (RatisMetrics.java:unregister(43)) - Unregistering Metrics Registry : ratis.server.4b858060-13e7-4e84-85d4-2e7a0c2691a5@group-86955E6C43EB
2020-12-18 01:54:22,751 [ForkJoinPool.commonPool-worker-0] INFO  server.GrpcService (GrpcService.java:closeImpl(184)) - 4b858060-13e7-4e84-85d4-2e7a0c2691a5: shutdown server with port 40413 now
2020-12-18 01:54:22,752 [ForkJoinPool.commonPool-worker-0] INFO  server.GrpcService (GrpcService.java:closeImpl(193)) - 4b858060-13e7-4e84-85d4-2e7a0c2691a5: shutdown server with port 40413 successfully
2020-12-18 01:54:22,753 [ForkJoinPool.commonPool-worker-0] INFO  utils.BackgroundService (BackgroundService.java:shutdown(132)) - Shutting down service BlockDeletingService
2020-12-18 01:54:22,754 [ForkJoinPool.commonPool-worker-0] INFO  statemachine.DatanodeStateMachine (DatanodeStateMachine.java:stopDaemon(461)) - Ozone container server stopped.
2020-12-18 01:54:22,762 [EventQueue-StaleNodeForStaleNodeHandler] INFO  node.StaleNodeHandler (StaleNodeHandler.java:onMessage(58)) - Datanode 53ca8b2c-5b6c-4f43-832a-400784fc22d8{ip: 172.17.0.2, host: 1fad9502c7b4, networkLocation: /default-rack, certSerialId: null, persistedOpState: IN_SERVICE, persistedOpStateExpiryEpochSec: 0} moved to stale state. Finalizing its pipelines [PipelineID=a1d147c5-a50f-4000-b8b2-beef96fba3f7]
2020-12-18 01:54:22,762 [ForkJoinPool.commonPool-worker-0] INFO  handler.ContextHandler (ContextHandler.java:doStop(1154)) - Stopped o.e.j.w.WebAppContext@20ba3c52{hddsDatanode,/,null,STOPPED}{jar:file:/home/user/.m2/repository/org/apache/hadoop/hadoop-hdds-container-service/1.1.0-SNAPSHOT/hadoop-hdds-container-service-1.1.0-SNAPSHOT.jar!/webapps/hddsDatanode}
2020-12-18 01:54:22,762 [EventQueue-StaleNodeForStaleNodeHandler] INFO  pipeline.SCMPipelineManager (SCMPipelineManager.java:finalizeAndDestroyPipeline(482)) - Destroying pipeline:Pipeline[ Id: a1d147c5-a50f-4000-b8b2-beef96fba3f7, Nodes: 53ca8b2c-5b6c-4f43-832a-400784fc22d8{ip: 172.17.0.2, host: 1fad9502c7b4, networkLocation: /default-rack, certSerialId: null, persistedOpState: IN_SERVICE, persistedOpStateExpiryEpochSec: 0}, Type:RATIS, Factor:ONE, State:OPEN, leaderId:53ca8b2c-5b6c-4f43-832a-400784fc22d8, CreationTimestamp2020-12-18T01:53:54.674Z]
2020-12-18 01:54:22,762 [EventQueue-StaleNodeForStaleNodeHandler] INFO  pipeline.PipelineStateManager (PipelineStateManager.java:finalizePipeline(121)) - Pipeline Pipeline[ Id: a1d147c5-a50f-4000-b8b2-beef96fba3f7, Nodes: 53ca8b2c-5b6c-4f43-832a-400784fc22d8{ip: 172.17.0.2, host: 1fad9502c7b4, networkLocation: /default-rack, certSerialId: null, persistedOpState: IN_SERVICE, persistedOpStateExpiryEpochSec: 0}, Type:RATIS, Factor:ONE, State:CLOSED, leaderId:53ca8b2c-5b6c-4f43-832a-400784fc22d8, CreationTimestamp2020-12-18T01:53:54.674Z] moved to CLOSED state
2020-12-18 01:54:22,762 [EventQueue-StaleNodeForStaleNodeHandler] INFO  node.StaleNodeHandler (StaleNodeHandler.java:onMessage(58)) - Datanode faa011ac-180a-4f85-bd7b-e6120f6873d8{ip: 172.17.0.2, host: 1fad9502c7b4, networkLocation: /default-rack, certSerialId: null, persistedOpState: IN_SERVICE, persistedOpStateExpiryEpochSec: 0} moved to stale state. Finalizing its pipelines [PipelineID=597c3142-7484-45eb-b351-277869d95004, PipelineID=1cbfd3d2-6a33-4270-be02-86955e6c43eb]
2020-12-18 01:54:22,762 [ForkJoinPool.commonPool-worker-0] INFO  server.AbstractConnector (AbstractConnector.java:doStop(381)) - Stopped ServerConnector@d4f223e{HTTP/1.1, (http/1.1)}{0.0.0.0:0}
2020-12-18 01:54:22,762 [EventQueue-StaleNodeForStaleNodeHandler] INFO  pipeline.SCMPipelineManager (SCMPipelineManager.java:finalizeAndDestroyPipeline(482)) - Destroying pipeline:Pipeline[ Id: 597c3142-7484-45eb-b351-277869d95004, Nodes: faa011ac-180a-4f85-bd7b-e6120f6873d8{ip: 172.17.0.2, host: 1fad9502c7b4, networkLocation: /default-rack, certSerialId: null, persistedOpState: IN_SERVICE, persistedOpStateExpiryEpochSec: 0}, Type:RATIS, Factor:ONE, State:OPEN, leaderId:faa011ac-180a-4f85-bd7b-e6120f6873d8, CreationTimestamp2020-12-18T01:53:55.362Z]
2020-12-18 01:54:22,762 [ForkJoinPool.commonPool-worker-0] INFO  server.session (HouseKeeper.java:stopScavenging(149)) - node0 Stopped scavenging
2020-12-18 01:54:22,763 [EventQueue-StaleNodeForStaleNodeHandler] INFO  pipeline.PipelineStateManager (PipelineStateManager.java:finalizePipeline(121)) - Pipeline Pipeline[ Id: 597c3142-7484-45eb-b351-277869d95004, Nodes: faa011ac-180a-4f85-bd7b-e6120f6873d8{ip: 172.17.0.2, host: 1fad9502c7b4, networkLocation: /default-rack, certSerialId: null, persistedOpState: IN_SERVICE, persistedOpStateExpiryEpochSec: 0}, Type:RATIS, Factor:ONE, State:CLOSED, leaderId:faa011ac-180a-4f85-bd7b-e6120f6873d8, CreationTimestamp2020-12-18T01:53:55.362Z] moved to CLOSED state
2020-12-18 01:54:22,763 [ForkJoinPool.commonPool-worker-0] INFO  handler.ContextHandler (ContextHandler.java:doStop(1154)) - Stopped o.e.j.s.ServletContextHandler@8c6030b{static,/static,jar:file:/home/user/.m2/repository/org/apache/hadoop/hadoop-hdds-container-service/1.1.0-SNAPSHOT/hadoop-hdds-container-service-1.1.0-SNAPSHOT.jar!/webapps/static,STOPPED}
2020-12-18 01:54:22,763 [EventQueue-StaleNodeForStaleNodeHandler] INFO  pipeline.SCMPipelineManager (SCMPipelineManager.java:finalizeAndDestroyPipeline(482)) - Destroying pipeline:Pipeline[ Id: 1cbfd3d2-6a33-4270-be02-86955e6c43eb, Nodes: faa011ac-180a-4f85-bd7b-e6120f6873d8{ip: 172.17.0.2, host: 1fad9502c7b4, networkLocation: /default-rack, certSerialId: null, persistedOpState: IN_SERVICE, persistedOpStateExpiryEpochSec: 0}4b858060-13e7-4e84-85d4-2e7a0c2691a5{ip: 172.17.0.2, host: 1fad9502c7b4, networkLocation: /default-rack, certSerialId: null, persistedOpState: IN_SERVICE, persistedOpStateExpiryEpochSec: 0}f3bcc9d7-8a28-4733-a3d2-9ac8d8ec4839{ip: 172.17.0.2, host: 1fad9502c7b4, networkLocation: /default-rack, certSerialId: null, persistedOpState: IN_SERVICE, persistedOpStateExpiryEpochSec: 0}, Type:RATIS, Factor:THREE, State:CLOSED, leaderId:f3bcc9d7-8a28-4733-a3d2-9ac8d8ec4839, CreationTimestamp2020-12-18T01:53:55.363Z]
2020-12-18 01:54:22,763 [ForkJoinPool.commonPool-worker-0] INFO  handler.ContextHandler (ContextHandler.java:doStop(1154)) - Stopped o.e.j.s.ServletContextHandler@25afdf7e{logs,/logs,file:///github/workspace/mnt/ozone/hadoop-ozone/integration-test/target/log,STOPPED}
2020-12-18 01:54:22,764 [Listener at 127.0.0.1/36003] INFO  ozone.MiniOzoneClusterImpl (MiniOzoneClusterImpl.java:stopSCM(477)) - Stopping the StorageContainerManager
2020-12-18 01:54:22,764 [Listener at 127.0.0.1/36003] INFO  server.StorageContainerManager (StorageContainerManager.java:stop(832)) - Stopping Replication Manager Service.
2020-12-18 01:54:22,764 [Listener at 127.0.0.1/36003] INFO  container.ReplicationManager (ReplicationManager.java:stop(227)) - Stopping Replication Monitor Thread.
2020-12-18 01:54:22,764 [Listener at 127.0.0.1/36003] INFO  server.StorageContainerManager (StorageContainerManager.java:stop(839)) - Stopping the Datanode Admin Monitor.
2020-12-18 01:54:22,764 [Listener at 127.0.0.1/36003] INFO  server.StorageContainerManager (StorageContainerManager.java:stop(846)) - Stopping Lease Manager of the command watchers
2020-12-18 01:54:22,764 [Listener at 127.0.0.1/36003] INFO  server.StorageContainerManager (StorageContainerManager.java:stop(853)) - Stopping datanode service RPC server
2020-12-18 01:54:22,764 [Listener at 127.0.0.1/36003] INFO  server.SCMDatanodeProtocolServer (SCMDatanodeProtocolServer.java:stop(369)) - Stopping the RPC server for DataNodes
2020-12-18 01:54:22,764 [Listener at 127.0.0.1/36003] INFO  ipc.Server (Server.java:stop(3359)) - Stopping server on 40443
2020-12-18 01:54:22,766 [IPC Server listener on 0] INFO  ipc.Server (Server.java:run(1330)) - Stopping IPC Server listener on 0
2020-12-18 01:54:22,770 [IPC Server Responder] INFO  ipc.Server (Server.java:run(1465)) - Stopping IPC Server Responder
2020-12-18 01:54:22,862 [SCM Heartbeat Processing Thread - 0] WARN  node.NodeStateManager (NodeStateManager.java:scheduleNextHealthCheck(688)) - Current Thread is interrupted, shutting down HB processing thread for Node Manager.
2020-12-18 01:54:22,862 [Listener at 127.0.0.1/36003] INFO  server.StorageContainerManager (StorageContainerManager.java:stop(861)) - Stopping block service RPC server
2020-12-18 01:54:22,862 [Listener at 127.0.0.1/36003] INFO  server.SCMBlockProtocolServer (SCMBlockProtocolServer.java:stop(159)) - Stopping the RPC server for Block Protocol
2020-12-18 01:54:22,862 [Listener at 127.0.0.1/36003] INFO  ipc.Server (Server.java:stop(3359)) - Stopping server on 33305
2020-12-18 01:54:22,864 [IPC Server listener on 0] INFO  ipc.Server (Server.java:run(1330)) - Stopping IPC Server listener on 0
2020-12-18 01:54:22,865 [IPC Server Responder] INFO  ipc.Server (Server.java:run(1465)) - Stopping IPC Server Responder
2020-12-18 01:54:22,865 [Listener at 127.0.0.1/36003] INFO  server.StorageContainerManager (StorageContainerManager.java:stop(868)) - Stopping the StorageContainerLocationProtocol RPC server
2020-12-18 01:54:22,865 [Listener at 127.0.0.1/36003] INFO  server.SCMClientProtocolServer (SCMClientProtocolServer.java:stop(168)) - Stopping the RPC server for Client Protocol
2020-12-18 01:54:22,865 [Listener at 127.0.0.1/36003] INFO  ipc.Server (Server.java:stop(3359)) - Stopping server on 36225
2020-12-18 01:54:22,867 [IPC Server listener on 0] INFO  ipc.Server (Server.java:run(1330)) - Stopping IPC Server listener on 0
2020-12-18 01:54:22,867 [IPC Server Responder] INFO  ipc.Server (Server.java:run(1465)) - Stopping IPC Server Responder
2020-12-18 01:54:22,868 [Listener at 127.0.0.1/36003] INFO  server.StorageContainerManager (StorageContainerManager.java:stop(875)) - Stopping Storage Container Manager HTTP server.
2020-12-18 01:54:22,868 [Listener at 127.0.0.1/36003] INFO  handler.ContextHandler (ContextHandler.java:doStop(1154)) - Stopped o.e.j.w.WebAppContext@1cdb0d7b{scm,/,null,STOPPED}{file:/github/workspace/mnt/ozone/hadoop-ozone/integration-test/target/test-classes/webapps/scm}
2020-12-18 01:54:22,868 [Listener at 127.0.0.1/36003] INFO  server.AbstractConnector (AbstractConnector.java:doStop(381)) - Stopped ServerConnector@6cd56b97{HTTP/1.1, (http/1.1)}{0.0.0.0:0}
2020-12-18 01:54:22,869 [Listener at 127.0.0.1/36003] INFO  server.session (HouseKeeper.java:stopScavenging(149)) - node0 Stopped scavenging
2020-12-18 01:54:22,869 [Listener at 127.0.0.1/36003] INFO  handler.ContextHandler (ContextHandler.java:doStop(1154)) - Stopped o.e.j.s.ServletContextHandler@43918bef{static,/static,file:///github/workspace/mnt/ozone/hadoop-ozone/integration-test/target/test-classes/webapps/static,STOPPED}
2020-12-18 01:54:22,869 [Listener at 127.0.0.1/36003] INFO  handler.ContextHandler (ContextHandler.java:doStop(1154)) - Stopped o.e.j.s.ServletContextHandler@41a6a728{logs,/logs,file:///github/workspace/mnt/ozone/hadoop-ozone/integration-test/target/log,STOPPED}
2020-12-18 01:54:22,869 [Listener at 127.0.0.1/36003] INFO  server.StorageContainerManager (StorageContainerManager.java:stop(886)) - Stopping Block Manager Service.
2020-12-18 01:54:22,870 [Listener at 127.0.0.1/36003] INFO  utils.BackgroundService (BackgroundService.java:shutdown(132)) - Shutting down service SCMBlockDeletingService
2020-12-18 01:54:22,870 [Listener at 127.0.0.1/36003] INFO  utils.BackgroundService (BackgroundService.java:shutdown(132)) - Shutting down service SCMBlockDeletingService
2020-12-18 01:54:22,870 [Listener at 127.0.0.1/36003] INFO  server.StorageContainerManager (StorageContainerManager.java:stop(911)) - Stopping SCM Event Queue.
2020-12-18 01:54:22,876 [Listener at 127.0.0.1/36003] INFO  impl.MetricsSystemImpl (MetricsSystemImpl.java:stop(210)) - Stopping HddsDatanode metrics system...
2020-12-18 01:54:22,877 [Listener at 127.0.0.1/36003] INFO  impl.MetricsSystemImpl (MetricsSystemImpl.java:stop(216)) - HddsDatanode metrics system stopped.
]]></system-out>
  </testcase>
  <testcase name="testSingleNodeWithOpenPipelineCanGotoMaintenance" classname="org.apache.hadoop.ozone.scm.node.TestDecommissionAndMaintenance" time="45.407"/>
  <testcase name="testSCMHandlesRestartForMaintenanceNode" classname="org.apache.hadoop.ozone.scm.node.TestDecommissionAndMaintenance" time="40.536"/>
  <testcase name="testStoppedDecommissionedNodeTakesSCMStateOnRestart" classname="org.apache.hadoop.ozone.scm.node.TestDecommissionAndMaintenance" time="47.622"/>
  <testcase name="testEnteringMaintenanceNodeCompletesAfterSCMRestart" classname="org.apache.hadoop.ozone.scm.node.TestDecommissionAndMaintenance" time="41.021"/>
  <testcase name="testDecommissioningNodesCompleteDecommissionOnSCMRestart" classname="org.apache.hadoop.ozone.scm.node.TestDecommissionAndMaintenance" time="41.217"/>
</testsuite>