<?xml version="1.0" encoding="UTF-8"?>
<testsuite xmlns:xsi="http://www.w3.org/2001/XMLSchema-instance" xsi:noNamespaceSchemaLocation="https://maven.apache.org/surefire/maven-surefire-plugin/xsd/surefire-test-report-3.0.xsd" version="3.0" name="org.apache.hadoop.ozone.container.TestContainerReplication" time="239.454" tests="7" errors="1" skipped="0" failures="0">
  <properties>
    <property name="java.specification.version" value="17"/>
    <property name="sun.jnu.encoding" value="UTF-8"/>
    <property name="java.class.path" value="/home/runner/work/ozone/ozone/hadoop-ozone/integration-test/target/test-classes:/home/runner/work/ozone/ozone/hadoop-ozone/integration-test/target/classes:/home/runner/work/ozone/ozone/hadoop-ozone/common/target/classes:/home/runner/.m2/repository/io/grpc/grpc-netty/1.58.0/grpc-netty-1.58.0.jar:/home/runner/.m2/repository/io/grpc/grpc-core/1.58.0/grpc-core-1.58.0.jar:/home/runner/.m2/repository/com/google/android/annotations/4.1.1.4/annotations-4.1.1.4.jar:/home/runner/.m2/repository/org/codehaus/mojo/animal-sniffer-annotations/1.23/animal-sniffer-annotations-1.23.jar:/home/runner/.m2/repository/io/grpc/grpc-context/1.58.0/grpc-context-1.58.0.jar:/home/runner/.m2/repository/io/grpc/grpc-util/1.58.0/grpc-util-1.58.0.jar:/home/runner/.m2/repository/com/google/errorprone/error_prone_annotations/2.2.0/error_prone_annotations-2.2.0.jar:/home/runner/.m2/repository/io/perfmark/perfmark-api/0.26.0/perfmark-api-0.26.0.jar:/home/runner/.m2/repository/io/netty/netty-codec-http2/4.1.109.Final/netty-codec-http2-4.1.109.Final.jar:/home/runner/.m2/repository/io/netty/netty-common/4.1.109.Final/netty-common-4.1.109.Final.jar:/home/runner/.m2/repository/io/netty/netty-buffer/4.1.109.Final/netty-buffer-4.1.109.Final.jar:/home/runner/.m2/repository/io/netty/netty-codec-http/4.1.109.Final/netty-codec-http-4.1.109.Final.jar:/home/runner/.m2/repository/io/netty/netty-handler-proxy/4.1.109.Final/netty-handler-proxy-4.1.109.Final.jar:/home/runner/.m2/repository/io/netty/netty-codec-socks/4.1.109.Final/netty-codec-socks-4.1.109.Final.jar:/home/runner/.m2/repository/io/netty/netty-tcnative-boringssl-static/2.0.65.Final/netty-tcnative-boringssl-static-2.0.65.Final.jar:/home/runner/.m2/repository/io/netty/netty-tcnative-classes/2.0.65.Final/netty-tcnative-classes-2.0.65.Final.jar:/home/runner/.m2/repository/io/netty/netty-tcnative-boringssl-static/2.0.65.Final/netty-tcnative-boringssl-static-2.0.65.Final-linux-x86_64.jar:/home/runner/.m2/repository/io/netty/netty-tcnative-boringssl-static/2.0.65.Final/netty-tcnative-boringssl-static-2.0.65.Final-linux-aarch_64.jar:/home/runner/.m2/repository/io/netty/netty-tcnative-boringssl-static/2.0.65.Final/netty-tcnative-boringssl-static-2.0.65.Final-osx-x86_64.jar:/home/runner/.m2/repository/io/netty/netty-tcnative-boringssl-static/2.0.65.Final/netty-tcnative-boringssl-static-2.0.65.Final-osx-aarch_64.jar:/home/runner/.m2/repository/io/netty/netty-tcnative-boringssl-static/2.0.65.Final/netty-tcnative-boringssl-static-2.0.65.Final-windows-x86_64.jar:/home/runner/.m2/repository/org/apache/commons/commons-compress/1.26.0/commons-compress-1.26.0.jar:/home/runner/work/ozone/ozone/hadoop-hdds/common/target/classes:/home/runner/work/ozone/ozone/hadoop-hdds/client/target/classes:/home/runner/work/ozone/ozone/hadoop-ozone/interface-client/target/classes:/home/runner/.m2/repository/org/apache/hadoop/hadoop-hdfs-client/3.3.6/hadoop-hdfs-client-3.3.6.jar:/home/runner/.m2/repository/com/squareup/okhttp3/okhttp/4.12.0/okhttp-4.12.0.jar:/home/runner/.m2/repository/com/squareup/okio/okio/3.6.0/okio-3.6.0.jar:/home/runner/.m2/repository/com/squareup/okio/okio-jvm/3.6.0/okio-jvm-3.6.0.jar:/home/runner/.m2/repository/org/jetbrains/kotlin/kotlin-stdlib-jdk8/1.9.24/kotlin-stdlib-jdk8-1.9.24.jar:/home/runner/.m2/repository/org/jetbrains/kotlin/kotlin-stdlib-jdk7/1.9.24/kotlin-stdlib-jdk7-1.9.24.jar:/home/runner/.m2/repository/org/jetbrains/kotlin/kotlin-stdlib-common/1.9.24/kotlin-stdlib-common-1.9.24.jar:/home/runner/work/ozone/ozone/hadoop-hdds/test-utils/target/classes:/home/runner/.m2/repository/org/assertj/assertj-core/3.26.0/assertj-core-3.26.0.jar:/home/runner/.m2/repository/net/bytebuddy/byte-buddy/1.14.16/byte-buddy-1.14.16.jar:/home/runner/.m2/repository/com/google/guava/guava/32.1.3-jre/guava-32.1.3-jre.jar:/home/runner/.m2/repository/com/google/guava/failureaccess/1.0.1/failureaccess-1.0.1.jar:/home/runner/.m2/repository/com/google/guava/listenablefuture/9999.0-empty-to-avoid-conflict-with-guava/listenablefuture-9999.0-empty-to-avoid-conflict-with-guava.jar:/home/runner/.m2/repository/org/checkerframework/checker-qual/3.37.0/checker-qual-3.37.0.jar:/home/runner/.m2/repository/com/google/j2objc/j2objc-annotations/2.8/j2objc-annotations-2.8.jar:/home/runner/.m2/repository/commons-io/commons-io/2.16.1/commons-io-2.16.1.jar:/home/runner/.m2/repository/commons-logging/commons-logging/1.2/commons-logging-1.2.jar:/home/runner/.m2/repository/org/junit/jupiter/junit-jupiter-api/5.10.2/junit-jupiter-api-5.10.2.jar:/home/runner/.m2/repository/org/opentest4j/opentest4j/1.3.0/opentest4j-1.3.0.jar:/home/runner/.m2/repository/org/junit/platform/junit-platform-commons/1.10.2/junit-platform-commons-1.10.2.jar:/home/runner/.m2/repository/ch/qos/reload4j/reload4j/1.2.25/reload4j-1.2.25.jar:/home/runner/.m2/repository/jakarta/annotation/jakarta.annotation-api/2.1.1/jakarta.annotation-api-2.1.1.jar:/home/runner/.m2/repository/org/slf4j/slf4j-api/2.0.13/slf4j-api-2.0.13.jar:/home/runner/.m2/repository/org/apache/logging/log4j/log4j-api/2.17.1/log4j-api-2.17.1.jar:/home/runner/work/ozone/ozone/hadoop-hdds/server-scm/target/classes:/home/runner/.m2/repository/com/google/protobuf/protobuf-java/2.5.0/protobuf-java-2.5.0.jar:/home/runner/work/ozone/ozone/hadoop-hdds/container-service/target/classes:/home/runner/work/ozone/ozone/hadoop-hdds/hadoop-dependency-server/target/classes:/home/runner/.m2/repository/com/nimbusds/nimbus-jose-jwt/9.37.2/nimbus-jose-jwt-9.37.2.jar:/home/runner/.m2/repository/com/github/stephenc/jcip/jcip-annotations/1.0-1/jcip-annotations-1.0-1.jar:/home/runner/.m2/repository/org/apache/hadoop/hadoop-hdfs/3.3.6/hadoop-hdfs-3.3.6.jar:/home/runner/.m2/repository/commons-daemon/commons-daemon/1.3.4/commons-daemon-1.3.4.jar:/home/runner/.m2/repository/org/apache/kerby/kerb-core/1.0.1/kerb-core-1.0.1.jar:/home/runner/.m2/repository/org/apache/kerby/kerby-pkix/1.0.1/kerby-pkix-1.0.1.jar:/home/runner/.m2/repository/org/apache/kerby/kerby-asn1/1.0.1/kerby-asn1-1.0.1.jar:/home/runner/.m2/repository/org/apache/kerby/kerby-util/1.0.1/kerby-util-1.0.1.jar:/home/runner/.m2/repository/org/apache/kerby/kerb-util/1.0.1/kerb-util-1.0.1.jar:/home/runner/.m2/repository/org/apache/kerby/kerby-config/1.0.1/kerby-config-1.0.1.jar:/home/runner/.m2/repository/org/apache/kerby/kerb-crypto/1.0.1/kerb-crypto-1.0.1.jar:/home/runner/.m2/repository/org/xerial/snappy/snappy-java/1.1.10.5/snappy-java-1.1.10.5.jar:/home/runner/work/ozone/ozone/hadoop-hdds/framework/target/classes:/home/runner/.m2/repository/org/bouncycastle/bcprov-jdk18on/1.78.1/bcprov-jdk18on-1.78.1.jar:/home/runner/.m2/repository/io/dropwizard/metrics/metrics-core/3.2.6/metrics-core-3.2.6.jar:/home/runner/.m2/repository/org/apache/commons/commons-text/1.12.0/commons-text-1.12.0.jar:/home/runner/work/ozone/ozone/hadoop-hdds/framework/target/test-classes:/home/runner/work/ozone/ozone/hadoop-hdds/interface-server/target/classes:/home/runner/work/ozone/ozone/hadoop-hdds/interface-admin/target/classes:/home/runner/work/ozone/ozone/hadoop-hdds/managed-rocksdb/target/classes:/home/runner/.m2/repository/org/rocksdb/rocksdbjni/7.7.3/rocksdbjni-7.7.3.jar:/home/runner/.m2/repository/org/slf4j/slf4j-reload4j/2.0.13/slf4j-reload4j-2.0.13.jar:/home/runner/.m2/repository/org/apache/commons/commons-configuration2/2.10.1/commons-configuration2-2.10.1.jar:/home/runner/.m2/repository/commons-fileupload/commons-fileupload/1.5/commons-fileupload-1.5.jar:/home/runner/.m2/repository/org/apache/logging/log4j/log4j-core/2.17.1/log4j-core-2.17.1.jar:/home/runner/.m2/repository/com/lmax/disruptor/3.4.4/disruptor-3.4.4.jar:/home/runner/.m2/repository/org/eclipse/jetty/jetty-util/9.4.54.v20240208/jetty-util-9.4.54.v20240208.jar:/home/runner/.m2/repository/org/eclipse/jetty/jetty-server/9.4.54.v20240208/jetty-server-9.4.54.v20240208.jar:/home/runner/.m2/repository/org/eclipse/jetty/jetty-http/9.4.54.v20240208/jetty-http-9.4.54.v20240208.jar:/home/runner/.m2/repository/org/eclipse/jetty/jetty-io/9.4.54.v20240208/jetty-io-9.4.54.v20240208.jar:/home/runner/.m2/repository/org/eclipse/jetty/jetty-servlet/9.4.54.v20240208/jetty-servlet-9.4.54.v20240208.jar:/home/runner/.m2/repository/org/eclipse/jetty/jetty-security/9.4.54.v20240208/jetty-security-9.4.54.v20240208.jar:/home/runner/.m2/repository/org/eclipse/jetty/jetty-util-ajax/9.4.54.v20240208/jetty-util-ajax-9.4.54.v20240208.jar:/home/runner/.m2/repository/org/eclipse/jetty/jetty-webapp/9.4.54.v20240208/jetty-webapp-9.4.54.v20240208.jar:/home/runner/.m2/repository/org/eclipse/jetty/jetty-xml/9.4.54.v20240208/jetty-xml-9.4.54.v20240208.jar:/home/runner/.m2/repository/org/apache/ratis/ratis-server/3.0.1/ratis-server-3.0.1.jar:/home/runner/.m2/repository/org/apache/ratis/ratis-thirdparty-misc/1.0.5/ratis-thirdparty-misc-1.0.5.jar:/home/runner/.m2/repository/org/apache/ratis/ratis-proto/3.0.1/ratis-proto-3.0.1.jar:/home/runner/.m2/repository/org/apache/ratis/ratis-common/3.0.1/ratis-common-3.0.1.jar:/home/runner/.m2/repository/org/apache/ratis/ratis-client/3.0.1/ratis-client-3.0.1.jar:/home/runner/.m2/repository/org/apache/ratis/ratis-metrics-api/3.0.1/ratis-metrics-api-3.0.1.jar:/home/runner/.m2/repository/org/apache/ratis/ratis-metrics-dropwizard3/3.0.1/ratis-metrics-dropwizard3-3.0.1.jar:/home/runner/.m2/repository/io/prometheus/simpleclient_dropwizard/0.16.0/simpleclient_dropwizard-0.16.0.jar:/home/runner/.m2/repository/io/prometheus/simpleclient/0.16.0/simpleclient-0.16.0.jar:/home/runner/.m2/repository/io/prometheus/simpleclient_common/0.16.0/simpleclient_common-0.16.0.jar:/home/runner/.m2/repository/com/fasterxml/jackson/datatype/jackson-datatype-jsr310/2.16.2/jackson-datatype-jsr310-2.16.2.jar:/home/runner/.m2/repository/com/fasterxml/jackson/core/jackson-core/2.16.2/jackson-core-2.16.2.jar:/home/runner/work/ozone/ozone/hadoop-hdds/rocksdb-checkpoint-differ/target/classes:/home/runner/.m2/repository/org/jgrapht/jgrapht-core/1.4.0/jgrapht-core-1.4.0.jar:/home/runner/.m2/repository/org/jheaps/jheaps/0.11/jheaps-0.11.jar:/home/runner/.m2/repository/org/jgrapht/jgrapht-ext/1.4.0/jgrapht-ext-1.4.0.jar:/home/runner/.m2/repository/com/github/vlsi/mxgraph/jgraphx/3.9.8.1/jgraphx-3.9.8.1.jar:/home/runner/work/ozone/ozone/hadoop-ozone/ozone-manager/target/classes:/home/runner/.m2/repository/org/aspectj/aspectjrt/1.9.7/aspectjrt-1.9.7.jar:/home/runner/.m2/repository/org/aspectj/aspectjweaver/1.9.7/aspectjweaver-1.9.7.jar:/home/runner/work/ozone/ozone/hadoop-hdds/interface-client/target/classes:/home/runner/.m2/repository/org/apache/hadoop/thirdparty/hadoop-shaded-protobuf_3_7/1.1.1/hadoop-shaded-protobuf_3_7-1.1.1.jar:/home/runner/work/ozone/ozone/hadoop-ozone/interface-storage/target/classes:/home/runner/.m2/repository/org/reflections/reflections/0.10.2/reflections-0.10.2.jar:/home/runner/.m2/repository/com/sun/jersey/jersey-client/1.19.4/jersey-client-1.19.4.jar:/home/runner/.m2/repository/org/codehaus/jackson/jackson-core-asl/1.9.13/jackson-core-asl-1.9.13.jar:/home/runner/.m2/repository/org/codehaus/jackson/jackson-mapper-asl/1.9.13/jackson-mapper-asl-1.9.13.jar:/home/runner/.m2/repository/org/codehaus/jackson/jackson-jaxrs/1.9.13/jackson-jaxrs-1.9.13.jar:/home/runner/.m2/repository/org/apache/ranger/ranger-intg/2.3.0/ranger-intg-2.3.0.jar:/home/runner/.m2/repository/org/apache/ranger/ranger-plugins-common/2.3.0/ranger-plugins-common-2.3.0.jar:/home/runner/.m2/repository/commons-lang/commons-lang/2.6/commons-lang-2.6.jar:/home/runner/.m2/repository/org/apache/ranger/ranger-plugins-cred/2.3.0/ranger-plugins-cred-2.3.0.jar:/home/runner/.m2/repository/org/apache/ranger/ranger-plugins-audit/2.3.0/ranger-plugins-audit-2.3.0.jar:/home/runner/.m2/repository/org/eclipse/jetty/jetty-client/9.4.54.v20240208/jetty-client-9.4.54.v20240208.jar:/home/runner/.m2/repository/org/apache/httpcomponents/httpmime/4.5.6/httpmime-4.5.6.jar:/home/runner/.m2/repository/org/apache/httpcomponents/httpcore-nio/4.4.16/httpcore-nio-4.4.16.jar:/home/runner/.m2/repository/org/apache/httpcomponents/httpasyncclient/4.1.3/httpasyncclient-4.1.3.jar:/home/runner/.m2/repository/com/carrotsearch/hppc/0.8.0/hppc-0.8.0.jar:/home/runner/.m2/repository/org/apache/orc/orc-core/1.5.8/orc-core-1.5.8.jar:/home/runner/.m2/repository/net/java/dev/jna/jna/5.2.0/jna-5.2.0.jar:/home/runner/.m2/repository/net/java/dev/jna/jna-platform/5.2.0/jna-platform-5.2.0.jar:/home/runner/.m2/repository/com/kstruct/gethostname4j/0.0.2/gethostname4j-0.0.2.jar:/home/runner/.m2/repository/org/apache/ranger/ranger-plugin-classloader/2.3.0/ranger-plugin-classloader-2.3.0.jar:/home/runner/work/ozone/ozone/hadoop-hdds/rocks-native/target/classes:/home/runner/.m2/repository/org/apache/hadoop/hadoop-minikdc/3.3.6/hadoop-minikdc-3.3.6.jar:/home/runner/.m2/repository/org/apache/kerby/kerb-simplekdc/1.0.1/kerb-simplekdc-1.0.1.jar:/home/runner/.m2/repository/org/apache/kerby/kerb-client/1.0.1/kerb-client-1.0.1.jar:/home/runner/.m2/repository/org/apache/kerby/kerb-common/1.0.1/kerb-common-1.0.1.jar:/home/runner/.m2/repository/org/apache/kerby/token-provider/1.0.1/token-provider-1.0.1.jar:/home/runner/.m2/repository/org/apache/kerby/kerb-admin/1.0.1/kerb-admin-1.0.1.jar:/home/runner/.m2/repository/org/apache/kerby/kerb-server/1.0.1/kerb-server-1.0.1.jar:/home/runner/.m2/repository/org/apache/kerby/kerb-identity/1.0.1/kerb-identity-1.0.1.jar:/home/runner/.m2/repository/org/apache/kerby/kerby-xdr/1.0.1/kerby-xdr-1.0.1.jar:/home/runner/.m2/repository/junit/junit/4.13.2/junit-4.13.2.jar:/home/runner/.m2/repository/org/hamcrest/hamcrest-core/1.3/hamcrest-core-1.3.jar:/home/runner/work/ozone/ozone/hadoop-ozone/s3gateway/target/classes:/home/runner/.m2/repository/org/javassist/javassist/3.30.2-GA/javassist-3.30.2-GA.jar:/home/runner/.m2/repository/org/jboss/weld/servlet/weld-servlet-shaded/3.1.9.Final/weld-servlet-shaded-3.1.9.Final.jar:/home/runner/.m2/repository/org/glassfish/jersey/containers/jersey-container-servlet-core/2.43/jersey-container-servlet-core-2.43.jar:/home/runner/.m2/repository/org/glassfish/hk2/external/jakarta.inject/2.6.1/jakarta.inject-2.6.1.jar:/home/runner/.m2/repository/org/glassfish/jersey/core/jersey-common/2.43/jersey-common-2.43.jar:/home/runner/.m2/repository/jakarta/ws/rs/jakarta.ws.rs-api/2.1.6/jakarta.ws.rs-api-2.1.6.jar:/home/runner/.m2/repository/org/glassfish/jersey/ext/cdi/jersey-cdi1x/2.43/jersey-cdi1x-2.43.jar:/home/runner/.m2/repository/org/glassfish/jersey/inject/jersey-hk2/2.43/jersey-hk2-2.43.jar:/home/runner/.m2/repository/org/glassfish/hk2/hk2-locator/2.6.1/hk2-locator-2.6.1.jar:/home/runner/.m2/repository/org/glassfish/jersey/media/jersey-media-jaxb/2.43/jersey-media-jaxb-2.43.jar:/home/runner/.m2/repository/org/glassfish/hk2/osgi-resource-locator/1.0.3/osgi-resource-locator-1.0.3.jar:/home/runner/.m2/repository/org/glassfish/hk2/hk2-api/2.6.1/hk2-api-2.6.1.jar:/home/runner/.m2/repository/org/glassfish/hk2/hk2-utils/2.6.1/hk2-utils-2.6.1.jar:/home/runner/.m2/repository/org/glassfish/hk2/external/aopalliance-repackaged/2.6.1/aopalliance-repackaged-2.6.1.jar:/home/runner/.m2/repository/com/fasterxml/jackson/dataformat/jackson-dataformat-xml/2.16.2/jackson-dataformat-xml-2.16.2.jar:/home/runner/.m2/repository/org/codehaus/woodstox/stax2-api/4.2.2/stax2-api-4.2.2.jar:/home/runner/.m2/repository/com/fasterxml/woodstox/woodstox-core/5.4.0/woodstox-core-5.4.0.jar:/home/runner/.m2/repository/com/fasterxml/jackson/module/jackson-module-jaxb-annotations/2.16.2/jackson-module-jaxb-annotations-2.16.2.jar:/home/runner/.m2/repository/javax/enterprise/cdi-api/2.0/cdi-api-2.0.jar:/home/runner/.m2/repository/javax/el/javax.el-api/3.0.0/javax.el-api-3.0.0.jar:/home/runner/.m2/repository/javax/interceptor/javax.interceptor-api/1.2/javax.interceptor-api-1.2.jar:/home/runner/.m2/repository/javax/inject/javax.inject/1/javax.inject-1.jar:/home/runner/.m2/repository/jakarta/xml/bind/jakarta.xml.bind-api/2.3.3/jakarta.xml.bind-api-2.3.3.jar:/home/runner/.m2/repository/org/glassfish/jaxb/jaxb-runtime/2.3.9/jaxb-runtime-2.3.9.jar:/home/runner/.m2/repository/org/glassfish/jaxb/txw2/2.3.9/txw2-2.3.9.jar:/home/runner/.m2/repository/com/sun/istack/istack-commons-runtime/3.0.12/istack-commons-runtime-3.0.12.jar:/home/runner/.m2/repository/com/sun/activation/jakarta.activation/1.2.2/jakarta.activation-1.2.2.jar:/home/runner/.m2/repository/jakarta/activation/jakarta.activation-api/1.2.2/jakarta.activation-api-1.2.2.jar:/home/runner/.m2/repository/io/grpc/grpc-protobuf/1.58.0/grpc-protobuf-1.58.0.jar:/home/runner/.m2/repository/com/google/api/grpc/proto-google-common-protos/2.22.0/proto-google-common-protos-2.22.0.jar:/home/runner/.m2/repository/io/grpc/grpc-protobuf-lite/1.58.0/grpc-protobuf-lite-1.58.0.jar:/home/runner/.m2/repository/io/grpc/grpc-stub/1.58.0/grpc-stub-1.58.0.jar:/home/runner/.m2/repository/io/netty/netty-transport/4.1.109.Final/netty-transport-4.1.109.Final.jar:/home/runner/.m2/repository/io/netty/netty-resolver/4.1.109.Final/netty-resolver-4.1.109.Final.jar:/home/runner/work/ozone/ozone/hadoop-ozone/csi/target/classes:/home/runner/.m2/repository/com/google/protobuf/protobuf-java-util/3.19.6/protobuf-java-util-3.19.6.jar:/home/runner/.m2/repository/com/google/code/gson/gson/2.10.1/gson-2.10.1.jar:/home/runner/work/ozone/ozone/hadoop-hdds/config/target/classes:/home/runner/.m2/repository/io/netty/netty-transport-native-epoll/4.1.109.Final/netty-transport-native-epoll-4.1.109.Final-linux-x86_64.jar:/home/runner/.m2/repository/io/netty/netty-transport-classes-epoll/4.1.109.Final/netty-transport-classes-epoll-4.1.109.Final.jar:/home/runner/.m2/repository/io/netty/netty-transport-native-unix-common/4.1.109.Final/netty-transport-native-unix-common-4.1.109.Final.jar:/home/runner/work/ozone/ozone/hadoop-ozone/recon/target/classes:/home/runner/work/ozone/ozone/hadoop-ozone/recon-codegen/target/classes:/home/runner/.m2/repository/com/google/inject/guice/6.0.0/guice-6.0.0.jar:/home/runner/.m2/repository/jakarta/inject/jakarta.inject-api/2.0.1/jakarta.inject-api-2.0.1.jar:/home/runner/.m2/repository/aopalliance/aopalliance/1.0/aopalliance-1.0.jar:/home/runner/.m2/repository/com/google/inject/extensions/guice-assistedinject/6.0.0/guice-assistedinject-6.0.0.jar:/home/runner/.m2/repository/com/google/inject/extensions/guice-servlet/6.0.0/guice-servlet-6.0.0.jar:/home/runner/.m2/repository/org/glassfish/jersey/containers/jersey-container-servlet/2.43/jersey-container-servlet-2.43.jar:/home/runner/.m2/repository/org/glassfish/hk2/guice-bridge/2.6.1/guice-bridge-2.6.1.jar:/home/runner/.m2/repository/org/glassfish/jersey/core/jersey-server/2.43/jersey-server-2.43.jar:/home/runner/.m2/repository/org/glassfish/jersey/core/jersey-client/2.43/jersey-client-2.43.jar:/home/runner/.m2/repository/jakarta/validation/jakarta.validation-api/2.0.2/jakarta.validation-api-2.0.2.jar:/home/runner/.m2/repository/org/glassfish/jersey/media/jersey-media-json-jackson/2.43/jersey-media-json-jackson-2.43.jar:/home/runner/.m2/repository/org/glassfish/jersey/ext/jersey-entity-filtering/2.43/jersey-entity-filtering-2.43.jar:/home/runner/.m2/repository/org/jooq/jooq/3.11.10/jooq-3.11.10.jar:/home/runner/.m2/repository/org/jooq/jooq-meta/3.11.10/jooq-meta-3.11.10.jar:/home/runner/.m2/repository/org/jooq/jooq-codegen/3.11.10/jooq-codegen-3.11.10.jar:/home/runner/.m2/repository/com/jolbox/bonecp/0.8.0.RELEASE/bonecp-0.8.0.RELEASE.jar:/home/runner/.m2/repository/org/apache/derby/derby/10.14.2.0/derby-10.14.2.0.jar:/home/runner/.m2/repository/org/xerial/sqlite-jdbc/3.44.1.0/sqlite-jdbc-3.44.1.0.jar:/home/runner/.m2/repository/org/springframework/spring-jdbc/5.3.34/spring-jdbc-5.3.34.jar:/home/runner/.m2/repository/org/springframework/spring-beans/5.3.34/spring-beans-5.3.34.jar:/home/runner/.m2/repository/org/springframework/spring-core/5.3.34/spring-core-5.3.34.jar:/home/runner/.m2/repository/org/springframework/spring-tx/5.3.34/spring-tx-5.3.34.jar:/home/runner/work/ozone/ozone/hadoop-ozone/client/target/classes:/home/runner/work/ozone/ozone/hadoop-hdds/erasurecode/target/classes:/home/runner/work/ozone/ozone/hadoop-ozone/ozonefs/target/classes:/home/runner/work/ozone/ozone/hadoop-ozone/ozonefs-common/target/classes:/home/runner/work/ozone/ozone/hadoop-ozone/tools/target/classes:/home/runner/.m2/repository/com/amazonaws/aws-java-sdk-core/1.12.661/aws-java-sdk-core-1.12.661.jar:/home/runner/.m2/repository/org/apache/httpcomponents/httpclient/4.5.14/httpclient-4.5.14.jar:/home/runner/.m2/repository/org/apache/httpcomponents/httpcore/4.4.16/httpcore-4.4.16.jar:/home/runner/.m2/repository/com/fasterxml/jackson/dataformat/jackson-dataformat-cbor/2.16.2/jackson-dataformat-cbor-2.16.2.jar:/home/runner/.m2/repository/joda-time/joda-time/2.12.7/joda-time-2.12.7.jar:/home/runner/.m2/repository/com/amazonaws/aws-java-sdk-s3/1.12.661/aws-java-sdk-s3-1.12.661.jar:/home/runner/.m2/repository/com/amazonaws/aws-java-sdk-kms/1.12.661/aws-java-sdk-kms-1.12.661.jar:/home/runner/.m2/repository/com/amazonaws/jmespath-java/1.12.661/jmespath-java-1.12.661.jar:/home/runner/.m2/repository/org/kohsuke/metainf-services/metainf-services/1.11/metainf-services-1.11.jar:/home/runner/work/ozone/ozone/hadoop-hdds/tools/target/classes:/home/runner/.m2/repository/org/apache/ratis/ratis-tools/3.0.1/ratis-tools-3.0.1.jar:/home/runner/.m2/repository/commons-cli/commons-cli/1.8.0/commons-cli-1.8.0.jar:/home/runner/.m2/repository/org/apache/commons/commons-lang3/3.14.0/commons-lang3-3.14.0.jar:/home/runner/work/ozone/ozone/hadoop-ozone/ozone-manager/target/test-classes:/home/runner/work/ozone/ozone/hadoop-hdds/common/target/test-classes:/home/runner/work/ozone/ozone/hadoop-hdds/hadoop-dependency-client/target/classes:/home/runner/.m2/repository/info/picocli/picocli/4.7.6/picocli-4.7.6.jar:/home/runner/.m2/repository/com/fasterxml/jackson/core/jackson-annotations/2.16.2/jackson-annotations-2.16.2.jar:/home/runner/work/ozone/ozone/hadoop-hdds/annotations/target/classes:/home/runner/.m2/repository/javax/annotation/javax.annotation-api/1.3.2/javax.annotation-api-1.3.2.jar:/home/runner/.m2/repository/org/apache/ratis/ratis-server-api/3.0.1/ratis-server-api-3.0.1.jar:/home/runner/.m2/repository/org/apache/ratis/ratis-netty/3.0.1/ratis-netty-3.0.1.jar:/home/runner/.m2/repository/org/apache/ratis/ratis-grpc/3.0.1/ratis-grpc-3.0.1.jar:/home/runner/.m2/repository/org/bouncycastle/bcpkix-jdk18on/1.78.1/bcpkix-jdk18on-1.78.1.jar:/home/runner/.m2/repository/org/bouncycastle/bcutil-jdk18on/1.78.1/bcutil-jdk18on-1.78.1.jar:/home/runner/.m2/repository/commons-validator/commons-validator/1.6/commons-validator-1.6.jar:/home/runner/.m2/repository/commons-beanutils/commons-beanutils/1.9.4/commons-beanutils-1.9.4.jar:/home/runner/.m2/repository/commons-digester/commons-digester/1.8.1/commons-digester-1.8.1.jar:/home/runner/.m2/repository/commons-collections/commons-collections/3.2.2/commons-collections-3.2.2.jar:/home/runner/.m2/repository/io/jaegertracing/jaeger-client/1.8.1/jaeger-client-1.8.1.jar:/home/runner/.m2/repository/io/jaegertracing/jaeger-thrift/1.8.1/jaeger-thrift-1.8.1.jar:/home/runner/.m2/repository/org/apache/thrift/libthrift/0.15.0/libthrift-0.15.0.jar:/home/runner/.m2/repository/io/jaegertracing/jaeger-core/1.8.1/jaeger-core-1.8.1.jar:/home/runner/.m2/repository/io/jaegertracing/jaeger-tracerresolver/1.8.1/jaeger-tracerresolver-1.8.1.jar:/home/runner/.m2/repository/io/opentracing/contrib/opentracing-tracerresolver/0.1.8/opentracing-tracerresolver-0.1.8.jar:/home/runner/.m2/repository/org/jetbrains/kotlin/kotlin-stdlib/1.9.24/kotlin-stdlib-1.9.24.jar:/home/runner/.m2/repository/org/jetbrains/annotations/13.0/annotations-13.0.jar:/home/runner/.m2/repository/io/opentracing/opentracing-util/0.33.0/opentracing-util-0.33.0.jar:/home/runner/.m2/repository/io/opentracing/opentracing-api/0.33.0/opentracing-api-0.33.0.jar:/home/runner/.m2/repository/io/opentracing/opentracing-noop/0.33.0/opentracing-noop-0.33.0.jar:/home/runner/.m2/repository/org/yaml/snakeyaml/2.0/snakeyaml-2.0.jar:/home/runner/.m2/repository/io/grpc/grpc-api/1.58.0/grpc-api-1.58.0.jar:/home/runner/.m2/repository/org/junit/platform/junit-platform-launcher/1.10.2/junit-platform-launcher-1.10.2.jar:/home/runner/.m2/repository/org/junit/platform/junit-platform-engine/1.10.2/junit-platform-engine-1.10.2.jar:/home/runner/.m2/repository/org/apiguardian/apiguardian-api/1.1.2/apiguardian-api-1.1.2.jar:/home/runner/.m2/repository/org/apache/hadoop/hadoop-kms/3.3.6/hadoop-kms-3.3.6.jar:/home/runner/.m2/repository/org/apache/hadoop/hadoop-auth/3.3.6/hadoop-auth-3.3.6.jar:/home/runner/.m2/repository/org/apache/zookeeper/zookeeper/3.8.4/zookeeper-3.8.4.jar:/home/runner/.m2/repository/org/apache/zookeeper/zookeeper-jute/3.8.4/zookeeper-jute-3.8.4.jar:/home/runner/.m2/repository/org/apache/yetus/audience-annotations/0.12.0/audience-annotations-0.12.0.jar:/home/runner/.m2/repository/org/apache/curator/curator-framework/4.2.0/curator-framework-4.2.0.jar:/home/runner/.m2/repository/org/apache/hadoop/thirdparty/hadoop-shaded-guava/1.2.0/hadoop-shaded-guava-1.2.0.jar:/home/runner/.m2/repository/com/sun/jersey/jersey-core/1.19.4/jersey-core-1.19.4.jar:/home/runner/.m2/repository/javax/ws/rs/jsr311-api/1.1.1/jsr311-api-1.1.1.jar:/home/runner/.m2/repository/com/sun/jersey/jersey-server/1.19.4/jersey-server-1.19.4.jar:/home/runner/.m2/repository/javax/servlet/javax.servlet-api/3.1.0/javax.servlet-api-3.1.0.jar:/home/runner/.m2/repository/org/apache/hadoop/hadoop-common/3.3.6/hadoop-common-3.3.6.jar:/home/runner/.m2/repository/org/apache/commons/commons-math3/3.6.1/commons-math3-3.6.1.jar:/home/runner/.m2/repository/commons-net/commons-net/3.10.0/commons-net-3.10.0.jar:/home/runner/.m2/repository/com/sun/jersey/jersey-servlet/1.19.4/jersey-servlet-1.19.4.jar:/home/runner/.m2/repository/com/github/pjfanning/jersey-json/1.20/jersey-json-1.20.jar:/home/runner/.m2/repository/org/codehaus/jettison/jettison/1.1/jettison-1.1.jar:/home/runner/.m2/repository/com/sun/xml/bind/jaxb-impl/2.2.3-1/jaxb-impl-2.2.3-1.jar:/home/runner/.m2/repository/com/google/re2j/re2j/1.7/re2j-1.7.jar:/home/runner/.m2/repository/com/jcraft/jsch/0.1.55/jsch-0.1.55.jar:/home/runner/.m2/repository/org/apache/curator/curator-client/4.2.0/curator-client-4.2.0.jar:/home/runner/.m2/repository/org/apache/curator/curator-recipes/5.2.0/curator-recipes-5.2.0.jar:/home/runner/.m2/repository/com/google/code/findbugs/jsr305/3.0.2/jsr305-3.0.2.jar:/home/runner/.m2/repository/dnsjava/dnsjava/2.1.9/dnsjava-2.1.9.jar:/home/runner/.m2/repository/com/fasterxml/jackson/core/jackson-databind/2.16.2/jackson-databind-2.16.2.jar:/home/runner/.m2/repository/org/apache/hadoop/hadoop-kms/3.3.6/hadoop-kms-3.3.6-tests.jar:/home/runner/work/ozone/ozone/hadoop-hdds/server-scm/target/test-classes:/home/runner/work/ozone/ozone/hadoop-hdds/container-service/target/test-classes:/home/runner/.m2/repository/com/github/luben/zstd-jni/1.5.6-3/zstd-jni-1.5.6-3.jar:/home/runner/.m2/repository/commons-codec/commons-codec/1.17.0/commons-codec-1.17.0.jar:/home/runner/.m2/repository/io/netty/netty-codec/4.1.109.Final/netty-codec-4.1.109.Final.jar:/home/runner/.m2/repository/io/netty/netty-handler/4.1.109.Final/netty-handler-4.1.109.Final.jar:/home/runner/work/ozone/ozone/hadoop-hdds/hadoop-dependency-test/target/classes:/home/runner/.m2/repository/org/apache/hadoop/hadoop-common/3.3.6/hadoop-common-3.3.6-tests.jar:/home/runner/.m2/repository/org/apache/hadoop/hadoop-hdfs/3.3.6/hadoop-hdfs-3.3.6-tests.jar:/home/runner/.m2/repository/org/junit/jupiter/junit-jupiter-engine/5.10.2/junit-jupiter-engine-5.10.2.jar:/home/runner/.m2/repository/org/junit/jupiter/junit-jupiter-params/5.10.2/junit-jupiter-params-5.10.2.jar:/home/runner/.m2/repository/org/mockito/mockito-core/4.11.0/mockito-core-4.11.0.jar:/home/runner/.m2/repository/net/bytebuddy/byte-buddy-agent/1.12.19/byte-buddy-agent-1.12.19.jar:/home/runner/.m2/repository/org/objenesis/objenesis/3.3/objenesis-3.3.jar:/home/runner/.m2/repository/org/mockito/mockito-inline/4.11.0/mockito-inline-4.11.0.jar:/home/runner/.m2/repository/org/mockito/mockito-junit-jupiter/4.11.0/mockito-junit-jupiter-4.11.0.jar:/home/runner/.m2/repository/org/apache/hadoop/hadoop-distcp/3.3.6/hadoop-distcp-3.3.6.jar:/home/runner/.m2/repository/org/apache/hadoop/hadoop-mapreduce-client-jobclient/3.3.6/hadoop-mapreduce-client-jobclient-3.3.6.jar:/home/runner/.m2/repository/org/apache/hadoop/hadoop-mapreduce-client-common/3.3.6/hadoop-mapreduce-client-common-3.3.6.jar:/home/runner/.m2/repository/org/apache/hadoop/hadoop-yarn-common/3.3.6/hadoop-yarn-common-3.3.6.jar:/home/runner/.m2/repository/org/apache/hadoop/hadoop-yarn-api/3.3.6/hadoop-yarn-api-3.3.6.jar:/home/runner/.m2/repository/javax/xml/bind/jaxb-api/2.2.11/jaxb-api-2.2.11.jar:/home/runner/.m2/repository/com/sun/jersey/contribs/jersey-guice/1.19.4/jersey-guice-1.19.4.jar:/home/runner/.m2/repository/com/fasterxml/jackson/jaxrs/jackson-jaxrs-json-provider/2.16.2/jackson-jaxrs-json-provider-2.16.2.jar:/home/runner/.m2/repository/com/fasterxml/jackson/jaxrs/jackson-jaxrs-base/2.16.2/jackson-jaxrs-base-2.16.2.jar:/home/runner/.m2/repository/org/apache/hadoop/hadoop-yarn-client/3.3.6/hadoop-yarn-client-3.3.6.jar:/home/runner/.m2/repository/org/eclipse/jetty/websocket/websocket-client/9.4.51.v20230217/websocket-client-9.4.51.v20230217.jar:/home/runner/.m2/repository/org/eclipse/jetty/websocket/websocket-common/9.4.51.v20230217/websocket-common-9.4.51.v20230217.jar:/home/runner/.m2/repository/org/eclipse/jetty/websocket/websocket-api/9.4.51.v20230217/websocket-api-9.4.51.v20230217.jar:/home/runner/.m2/repository/org/jline/jline/3.9.0/jline-3.9.0.jar:/home/runner/.m2/repository/org/apache/hadoop/hadoop-mapreduce-client-core/3.3.6/hadoop-mapreduce-client-core-3.3.6.jar:/home/runner/.m2/repository/org/apache/avro/avro/1.7.7/avro-1.7.7.jar:/home/runner/.m2/repository/com/thoughtworks/paranamer/paranamer/2.3/paranamer-2.3.jar:/home/runner/.m2/repository/org/apache/hadoop/hadoop-annotations/3.3.6/hadoop-annotations-3.3.6.jar:/home/runner/.m2/repository/io/netty/netty/3.10.6.Final/netty-3.10.6.Final.jar:/home/runner/.m2/repository/org/apache/hadoop/hadoop-distcp/3.3.6/hadoop-distcp-3.3.6-tests.jar:/home/runner/.m2/repository/org/hamcrest/hamcrest/2.2/hamcrest-2.2.jar:/home/runner/.m2/repository/org/slf4j/jul-to-slf4j/2.0.13/jul-to-slf4j-2.0.13.jar:/home/runner/work/ozone/ozone/hadoop-ozone/integration-test/target/gradle-enterprise/test-listeners.jar:"/>
    <property name="java.vm.vendor" value="Eclipse Adoptium"/>
    <property name="sun.arch.data.model" value="64"/>
    <property name="test.build.dir" value="/home/runner/work/ozone/ozone/hadoop-ozone/integration-test/target/test-dir"/>
    <property name="test.cache.data" value=""/>
    <property name="java.vendor.url" value="https://adoptium.net/"/>
    <property name="user.timezone" value="Etc/UTC"/>
    <property name="maven-surefire-plugin.argLineAccessArgs" value=" --add-opens java.management/com.sun.jmx.mbeanserver=ALL-UNNAMED --add-exports java.management/com.sun.jmx.mbeanserver=ALL-UNNAMED --add-opens java.base/java.nio=ALL-UNNAMED --add-opens java.base/java.lang=ALL-UNNAMED --add-opens java.base/java.lang.reflect=ALL-UNNAMED"/>
    <property name="os.name" value="Linux"/>
    <property name="java.vm.specification.version" value="17"/>
    <property name="test.build.data" value="/home/runner/work/ozone/ozone/hadoop-ozone/integration-test/target/test-dir"/>
    <property name="sun.java.launcher" value="SUN_STANDARD"/>
    <property name="sun.boot.library.path" value="/usr/lib/jvm/temurin-17-jdk-amd64/lib"/>
    <property name="sun.java.command" value="/home/runner/work/ozone/ozone/hadoop-ozone/integration-test/target/surefire/surefirebooter4179767683556960092.jar /home/runner/work/ozone/ozone/hadoop-ozone/integration-test/target/surefire 2024-06-22T13-19-51_584-jvmRun1 surefire12124695488254282543tmp surefire_1014664180889900347034tmp"/>
    <property name="jdk.debug" value="release"/>
    <property name="native.lib.tmp.dir" value="/tmp"/>
    <property name="surefire.test.class.path" value="/home/runner/work/ozone/ozone/hadoop-ozone/integration-test/target/test-classes:/home/runner/work/ozone/ozone/hadoop-ozone/integration-test/target/classes:/home/runner/work/ozone/ozone/hadoop-ozone/common/target/classes:/home/runner/.m2/repository/io/grpc/grpc-netty/1.58.0/grpc-netty-1.58.0.jar:/home/runner/.m2/repository/io/grpc/grpc-core/1.58.0/grpc-core-1.58.0.jar:/home/runner/.m2/repository/com/google/android/annotations/4.1.1.4/annotations-4.1.1.4.jar:/home/runner/.m2/repository/org/codehaus/mojo/animal-sniffer-annotations/1.23/animal-sniffer-annotations-1.23.jar:/home/runner/.m2/repository/io/grpc/grpc-context/1.58.0/grpc-context-1.58.0.jar:/home/runner/.m2/repository/io/grpc/grpc-util/1.58.0/grpc-util-1.58.0.jar:/home/runner/.m2/repository/com/google/errorprone/error_prone_annotations/2.2.0/error_prone_annotations-2.2.0.jar:/home/runner/.m2/repository/io/perfmark/perfmark-api/0.26.0/perfmark-api-0.26.0.jar:/home/runner/.m2/repository/io/netty/netty-codec-http2/4.1.109.Final/netty-codec-http2-4.1.109.Final.jar:/home/runner/.m2/repository/io/netty/netty-common/4.1.109.Final/netty-common-4.1.109.Final.jar:/home/runner/.m2/repository/io/netty/netty-buffer/4.1.109.Final/netty-buffer-4.1.109.Final.jar:/home/runner/.m2/repository/io/netty/netty-codec-http/4.1.109.Final/netty-codec-http-4.1.109.Final.jar:/home/runner/.m2/repository/io/netty/netty-handler-proxy/4.1.109.Final/netty-handler-proxy-4.1.109.Final.jar:/home/runner/.m2/repository/io/netty/netty-codec-socks/4.1.109.Final/netty-codec-socks-4.1.109.Final.jar:/home/runner/.m2/repository/io/netty/netty-tcnative-boringssl-static/2.0.65.Final/netty-tcnative-boringssl-static-2.0.65.Final.jar:/home/runner/.m2/repository/io/netty/netty-tcnative-classes/2.0.65.Final/netty-tcnative-classes-2.0.65.Final.jar:/home/runner/.m2/repository/io/netty/netty-tcnative-boringssl-static/2.0.65.Final/netty-tcnative-boringssl-static-2.0.65.Final-linux-x86_64.jar:/home/runner/.m2/repository/io/netty/netty-tcnative-boringssl-static/2.0.65.Final/netty-tcnative-boringssl-static-2.0.65.Final-linux-aarch_64.jar:/home/runner/.m2/repository/io/netty/netty-tcnative-boringssl-static/2.0.65.Final/netty-tcnative-boringssl-static-2.0.65.Final-osx-x86_64.jar:/home/runner/.m2/repository/io/netty/netty-tcnative-boringssl-static/2.0.65.Final/netty-tcnative-boringssl-static-2.0.65.Final-osx-aarch_64.jar:/home/runner/.m2/repository/io/netty/netty-tcnative-boringssl-static/2.0.65.Final/netty-tcnative-boringssl-static-2.0.65.Final-windows-x86_64.jar:/home/runner/.m2/repository/org/apache/commons/commons-compress/1.26.0/commons-compress-1.26.0.jar:/home/runner/work/ozone/ozone/hadoop-hdds/common/target/classes:/home/runner/work/ozone/ozone/hadoop-hdds/client/target/classes:/home/runner/work/ozone/ozone/hadoop-ozone/interface-client/target/classes:/home/runner/.m2/repository/org/apache/hadoop/hadoop-hdfs-client/3.3.6/hadoop-hdfs-client-3.3.6.jar:/home/runner/.m2/repository/com/squareup/okhttp3/okhttp/4.12.0/okhttp-4.12.0.jar:/home/runner/.m2/repository/com/squareup/okio/okio/3.6.0/okio-3.6.0.jar:/home/runner/.m2/repository/com/squareup/okio/okio-jvm/3.6.0/okio-jvm-3.6.0.jar:/home/runner/.m2/repository/org/jetbrains/kotlin/kotlin-stdlib-jdk8/1.9.24/kotlin-stdlib-jdk8-1.9.24.jar:/home/runner/.m2/repository/org/jetbrains/kotlin/kotlin-stdlib-jdk7/1.9.24/kotlin-stdlib-jdk7-1.9.24.jar:/home/runner/.m2/repository/org/jetbrains/kotlin/kotlin-stdlib-common/1.9.24/kotlin-stdlib-common-1.9.24.jar:/home/runner/work/ozone/ozone/hadoop-hdds/test-utils/target/classes:/home/runner/.m2/repository/org/assertj/assertj-core/3.26.0/assertj-core-3.26.0.jar:/home/runner/.m2/repository/net/bytebuddy/byte-buddy/1.14.16/byte-buddy-1.14.16.jar:/home/runner/.m2/repository/com/google/guava/guava/32.1.3-jre/guava-32.1.3-jre.jar:/home/runner/.m2/repository/com/google/guava/failureaccess/1.0.1/failureaccess-1.0.1.jar:/home/runner/.m2/repository/com/google/guava/listenablefuture/9999.0-empty-to-avoid-conflict-with-guava/listenablefuture-9999.0-empty-to-avoid-conflict-with-guava.jar:/home/runner/.m2/repository/org/checkerframework/checker-qual/3.37.0/checker-qual-3.37.0.jar:/home/runner/.m2/repository/com/google/j2objc/j2objc-annotations/2.8/j2objc-annotations-2.8.jar:/home/runner/.m2/repository/commons-io/commons-io/2.16.1/commons-io-2.16.1.jar:/home/runner/.m2/repository/commons-logging/commons-logging/1.2/commons-logging-1.2.jar:/home/runner/.m2/repository/org/junit/jupiter/junit-jupiter-api/5.10.2/junit-jupiter-api-5.10.2.jar:/home/runner/.m2/repository/org/opentest4j/opentest4j/1.3.0/opentest4j-1.3.0.jar:/home/runner/.m2/repository/org/junit/platform/junit-platform-commons/1.10.2/junit-platform-commons-1.10.2.jar:/home/runner/.m2/repository/ch/qos/reload4j/reload4j/1.2.25/reload4j-1.2.25.jar:/home/runner/.m2/repository/jakarta/annotation/jakarta.annotation-api/2.1.1/jakarta.annotation-api-2.1.1.jar:/home/runner/.m2/repository/org/slf4j/slf4j-api/2.0.13/slf4j-api-2.0.13.jar:/home/runner/.m2/repository/org/apache/logging/log4j/log4j-api/2.17.1/log4j-api-2.17.1.jar:/home/runner/work/ozone/ozone/hadoop-hdds/server-scm/target/classes:/home/runner/.m2/repository/com/google/protobuf/protobuf-java/2.5.0/protobuf-java-2.5.0.jar:/home/runner/work/ozone/ozone/hadoop-hdds/container-service/target/classes:/home/runner/work/ozone/ozone/hadoop-hdds/hadoop-dependency-server/target/classes:/home/runner/.m2/repository/com/nimbusds/nimbus-jose-jwt/9.37.2/nimbus-jose-jwt-9.37.2.jar:/home/runner/.m2/repository/com/github/stephenc/jcip/jcip-annotations/1.0-1/jcip-annotations-1.0-1.jar:/home/runner/.m2/repository/org/apache/hadoop/hadoop-hdfs/3.3.6/hadoop-hdfs-3.3.6.jar:/home/runner/.m2/repository/commons-daemon/commons-daemon/1.3.4/commons-daemon-1.3.4.jar:/home/runner/.m2/repository/org/apache/kerby/kerb-core/1.0.1/kerb-core-1.0.1.jar:/home/runner/.m2/repository/org/apache/kerby/kerby-pkix/1.0.1/kerby-pkix-1.0.1.jar:/home/runner/.m2/repository/org/apache/kerby/kerby-asn1/1.0.1/kerby-asn1-1.0.1.jar:/home/runner/.m2/repository/org/apache/kerby/kerby-util/1.0.1/kerby-util-1.0.1.jar:/home/runner/.m2/repository/org/apache/kerby/kerb-util/1.0.1/kerb-util-1.0.1.jar:/home/runner/.m2/repository/org/apache/kerby/kerby-config/1.0.1/kerby-config-1.0.1.jar:/home/runner/.m2/repository/org/apache/kerby/kerb-crypto/1.0.1/kerb-crypto-1.0.1.jar:/home/runner/.m2/repository/org/xerial/snappy/snappy-java/1.1.10.5/snappy-java-1.1.10.5.jar:/home/runner/work/ozone/ozone/hadoop-hdds/framework/target/classes:/home/runner/.m2/repository/org/bouncycastle/bcprov-jdk18on/1.78.1/bcprov-jdk18on-1.78.1.jar:/home/runner/.m2/repository/io/dropwizard/metrics/metrics-core/3.2.6/metrics-core-3.2.6.jar:/home/runner/.m2/repository/org/apache/commons/commons-text/1.12.0/commons-text-1.12.0.jar:/home/runner/work/ozone/ozone/hadoop-hdds/framework/target/test-classes:/home/runner/work/ozone/ozone/hadoop-hdds/interface-server/target/classes:/home/runner/work/ozone/ozone/hadoop-hdds/interface-admin/target/classes:/home/runner/work/ozone/ozone/hadoop-hdds/managed-rocksdb/target/classes:/home/runner/.m2/repository/org/rocksdb/rocksdbjni/7.7.3/rocksdbjni-7.7.3.jar:/home/runner/.m2/repository/org/slf4j/slf4j-reload4j/2.0.13/slf4j-reload4j-2.0.13.jar:/home/runner/.m2/repository/org/apache/commons/commons-configuration2/2.10.1/commons-configuration2-2.10.1.jar:/home/runner/.m2/repository/commons-fileupload/commons-fileupload/1.5/commons-fileupload-1.5.jar:/home/runner/.m2/repository/org/apache/logging/log4j/log4j-core/2.17.1/log4j-core-2.17.1.jar:/home/runner/.m2/repository/com/lmax/disruptor/3.4.4/disruptor-3.4.4.jar:/home/runner/.m2/repository/org/eclipse/jetty/jetty-util/9.4.54.v20240208/jetty-util-9.4.54.v20240208.jar:/home/runner/.m2/repository/org/eclipse/jetty/jetty-server/9.4.54.v20240208/jetty-server-9.4.54.v20240208.jar:/home/runner/.m2/repository/org/eclipse/jetty/jetty-http/9.4.54.v20240208/jetty-http-9.4.54.v20240208.jar:/home/runner/.m2/repository/org/eclipse/jetty/jetty-io/9.4.54.v20240208/jetty-io-9.4.54.v20240208.jar:/home/runner/.m2/repository/org/eclipse/jetty/jetty-servlet/9.4.54.v20240208/jetty-servlet-9.4.54.v20240208.jar:/home/runner/.m2/repository/org/eclipse/jetty/jetty-security/9.4.54.v20240208/jetty-security-9.4.54.v20240208.jar:/home/runner/.m2/repository/org/eclipse/jetty/jetty-util-ajax/9.4.54.v20240208/jetty-util-ajax-9.4.54.v20240208.jar:/home/runner/.m2/repository/org/eclipse/jetty/jetty-webapp/9.4.54.v20240208/jetty-webapp-9.4.54.v20240208.jar:/home/runner/.m2/repository/org/eclipse/jetty/jetty-xml/9.4.54.v20240208/jetty-xml-9.4.54.v20240208.jar:/home/runner/.m2/repository/org/apache/ratis/ratis-server/3.0.1/ratis-server-3.0.1.jar:/home/runner/.m2/repository/org/apache/ratis/ratis-thirdparty-misc/1.0.5/ratis-thirdparty-misc-1.0.5.jar:/home/runner/.m2/repository/org/apache/ratis/ratis-proto/3.0.1/ratis-proto-3.0.1.jar:/home/runner/.m2/repository/org/apache/ratis/ratis-common/3.0.1/ratis-common-3.0.1.jar:/home/runner/.m2/repository/org/apache/ratis/ratis-client/3.0.1/ratis-client-3.0.1.jar:/home/runner/.m2/repository/org/apache/ratis/ratis-metrics-api/3.0.1/ratis-metrics-api-3.0.1.jar:/home/runner/.m2/repository/org/apache/ratis/ratis-metrics-dropwizard3/3.0.1/ratis-metrics-dropwizard3-3.0.1.jar:/home/runner/.m2/repository/io/prometheus/simpleclient_dropwizard/0.16.0/simpleclient_dropwizard-0.16.0.jar:/home/runner/.m2/repository/io/prometheus/simpleclient/0.16.0/simpleclient-0.16.0.jar:/home/runner/.m2/repository/io/prometheus/simpleclient_common/0.16.0/simpleclient_common-0.16.0.jar:/home/runner/.m2/repository/com/fasterxml/jackson/datatype/jackson-datatype-jsr310/2.16.2/jackson-datatype-jsr310-2.16.2.jar:/home/runner/.m2/repository/com/fasterxml/jackson/core/jackson-core/2.16.2/jackson-core-2.16.2.jar:/home/runner/work/ozone/ozone/hadoop-hdds/rocksdb-checkpoint-differ/target/classes:/home/runner/.m2/repository/org/jgrapht/jgrapht-core/1.4.0/jgrapht-core-1.4.0.jar:/home/runner/.m2/repository/org/jheaps/jheaps/0.11/jheaps-0.11.jar:/home/runner/.m2/repository/org/jgrapht/jgrapht-ext/1.4.0/jgrapht-ext-1.4.0.jar:/home/runner/.m2/repository/com/github/vlsi/mxgraph/jgraphx/3.9.8.1/jgraphx-3.9.8.1.jar:/home/runner/work/ozone/ozone/hadoop-ozone/ozone-manager/target/classes:/home/runner/.m2/repository/org/aspectj/aspectjrt/1.9.7/aspectjrt-1.9.7.jar:/home/runner/.m2/repository/org/aspectj/aspectjweaver/1.9.7/aspectjweaver-1.9.7.jar:/home/runner/work/ozone/ozone/hadoop-hdds/interface-client/target/classes:/home/runner/.m2/repository/org/apache/hadoop/thirdparty/hadoop-shaded-protobuf_3_7/1.1.1/hadoop-shaded-protobuf_3_7-1.1.1.jar:/home/runner/work/ozone/ozone/hadoop-ozone/interface-storage/target/classes:/home/runner/.m2/repository/org/reflections/reflections/0.10.2/reflections-0.10.2.jar:/home/runner/.m2/repository/com/sun/jersey/jersey-client/1.19.4/jersey-client-1.19.4.jar:/home/runner/.m2/repository/org/codehaus/jackson/jackson-core-asl/1.9.13/jackson-core-asl-1.9.13.jar:/home/runner/.m2/repository/org/codehaus/jackson/jackson-mapper-asl/1.9.13/jackson-mapper-asl-1.9.13.jar:/home/runner/.m2/repository/org/codehaus/jackson/jackson-jaxrs/1.9.13/jackson-jaxrs-1.9.13.jar:/home/runner/.m2/repository/org/apache/ranger/ranger-intg/2.3.0/ranger-intg-2.3.0.jar:/home/runner/.m2/repository/org/apache/ranger/ranger-plugins-common/2.3.0/ranger-plugins-common-2.3.0.jar:/home/runner/.m2/repository/commons-lang/commons-lang/2.6/commons-lang-2.6.jar:/home/runner/.m2/repository/org/apache/ranger/ranger-plugins-cred/2.3.0/ranger-plugins-cred-2.3.0.jar:/home/runner/.m2/repository/org/apache/ranger/ranger-plugins-audit/2.3.0/ranger-plugins-audit-2.3.0.jar:/home/runner/.m2/repository/org/eclipse/jetty/jetty-client/9.4.54.v20240208/jetty-client-9.4.54.v20240208.jar:/home/runner/.m2/repository/org/apache/httpcomponents/httpmime/4.5.6/httpmime-4.5.6.jar:/home/runner/.m2/repository/org/apache/httpcomponents/httpcore-nio/4.4.16/httpcore-nio-4.4.16.jar:/home/runner/.m2/repository/org/apache/httpcomponents/httpasyncclient/4.1.3/httpasyncclient-4.1.3.jar:/home/runner/.m2/repository/com/carrotsearch/hppc/0.8.0/hppc-0.8.0.jar:/home/runner/.m2/repository/org/apache/orc/orc-core/1.5.8/orc-core-1.5.8.jar:/home/runner/.m2/repository/net/java/dev/jna/jna/5.2.0/jna-5.2.0.jar:/home/runner/.m2/repository/net/java/dev/jna/jna-platform/5.2.0/jna-platform-5.2.0.jar:/home/runner/.m2/repository/com/kstruct/gethostname4j/0.0.2/gethostname4j-0.0.2.jar:/home/runner/.m2/repository/org/apache/ranger/ranger-plugin-classloader/2.3.0/ranger-plugin-classloader-2.3.0.jar:/home/runner/work/ozone/ozone/hadoop-hdds/rocks-native/target/classes:/home/runner/.m2/repository/org/apache/hadoop/hadoop-minikdc/3.3.6/hadoop-minikdc-3.3.6.jar:/home/runner/.m2/repository/org/apache/kerby/kerb-simplekdc/1.0.1/kerb-simplekdc-1.0.1.jar:/home/runner/.m2/repository/org/apache/kerby/kerb-client/1.0.1/kerb-client-1.0.1.jar:/home/runner/.m2/repository/org/apache/kerby/kerb-common/1.0.1/kerb-common-1.0.1.jar:/home/runner/.m2/repository/org/apache/kerby/token-provider/1.0.1/token-provider-1.0.1.jar:/home/runner/.m2/repository/org/apache/kerby/kerb-admin/1.0.1/kerb-admin-1.0.1.jar:/home/runner/.m2/repository/org/apache/kerby/kerb-server/1.0.1/kerb-server-1.0.1.jar:/home/runner/.m2/repository/org/apache/kerby/kerb-identity/1.0.1/kerb-identity-1.0.1.jar:/home/runner/.m2/repository/org/apache/kerby/kerby-xdr/1.0.1/kerby-xdr-1.0.1.jar:/home/runner/.m2/repository/junit/junit/4.13.2/junit-4.13.2.jar:/home/runner/.m2/repository/org/hamcrest/hamcrest-core/1.3/hamcrest-core-1.3.jar:/home/runner/work/ozone/ozone/hadoop-ozone/s3gateway/target/classes:/home/runner/.m2/repository/org/javassist/javassist/3.30.2-GA/javassist-3.30.2-GA.jar:/home/runner/.m2/repository/org/jboss/weld/servlet/weld-servlet-shaded/3.1.9.Final/weld-servlet-shaded-3.1.9.Final.jar:/home/runner/.m2/repository/org/glassfish/jersey/containers/jersey-container-servlet-core/2.43/jersey-container-servlet-core-2.43.jar:/home/runner/.m2/repository/org/glassfish/hk2/external/jakarta.inject/2.6.1/jakarta.inject-2.6.1.jar:/home/runner/.m2/repository/org/glassfish/jersey/core/jersey-common/2.43/jersey-common-2.43.jar:/home/runner/.m2/repository/jakarta/ws/rs/jakarta.ws.rs-api/2.1.6/jakarta.ws.rs-api-2.1.6.jar:/home/runner/.m2/repository/org/glassfish/jersey/ext/cdi/jersey-cdi1x/2.43/jersey-cdi1x-2.43.jar:/home/runner/.m2/repository/org/glassfish/jersey/inject/jersey-hk2/2.43/jersey-hk2-2.43.jar:/home/runner/.m2/repository/org/glassfish/hk2/hk2-locator/2.6.1/hk2-locator-2.6.1.jar:/home/runner/.m2/repository/org/glassfish/jersey/media/jersey-media-jaxb/2.43/jersey-media-jaxb-2.43.jar:/home/runner/.m2/repository/org/glassfish/hk2/osgi-resource-locator/1.0.3/osgi-resource-locator-1.0.3.jar:/home/runner/.m2/repository/org/glassfish/hk2/hk2-api/2.6.1/hk2-api-2.6.1.jar:/home/runner/.m2/repository/org/glassfish/hk2/hk2-utils/2.6.1/hk2-utils-2.6.1.jar:/home/runner/.m2/repository/org/glassfish/hk2/external/aopalliance-repackaged/2.6.1/aopalliance-repackaged-2.6.1.jar:/home/runner/.m2/repository/com/fasterxml/jackson/dataformat/jackson-dataformat-xml/2.16.2/jackson-dataformat-xml-2.16.2.jar:/home/runner/.m2/repository/org/codehaus/woodstox/stax2-api/4.2.2/stax2-api-4.2.2.jar:/home/runner/.m2/repository/com/fasterxml/woodstox/woodstox-core/5.4.0/woodstox-core-5.4.0.jar:/home/runner/.m2/repository/com/fasterxml/jackson/module/jackson-module-jaxb-annotations/2.16.2/jackson-module-jaxb-annotations-2.16.2.jar:/home/runner/.m2/repository/javax/enterprise/cdi-api/2.0/cdi-api-2.0.jar:/home/runner/.m2/repository/javax/el/javax.el-api/3.0.0/javax.el-api-3.0.0.jar:/home/runner/.m2/repository/javax/interceptor/javax.interceptor-api/1.2/javax.interceptor-api-1.2.jar:/home/runner/.m2/repository/javax/inject/javax.inject/1/javax.inject-1.jar:/home/runner/.m2/repository/jakarta/xml/bind/jakarta.xml.bind-api/2.3.3/jakarta.xml.bind-api-2.3.3.jar:/home/runner/.m2/repository/org/glassfish/jaxb/jaxb-runtime/2.3.9/jaxb-runtime-2.3.9.jar:/home/runner/.m2/repository/org/glassfish/jaxb/txw2/2.3.9/txw2-2.3.9.jar:/home/runner/.m2/repository/com/sun/istack/istack-commons-runtime/3.0.12/istack-commons-runtime-3.0.12.jar:/home/runner/.m2/repository/com/sun/activation/jakarta.activation/1.2.2/jakarta.activation-1.2.2.jar:/home/runner/.m2/repository/jakarta/activation/jakarta.activation-api/1.2.2/jakarta.activation-api-1.2.2.jar:/home/runner/.m2/repository/io/grpc/grpc-protobuf/1.58.0/grpc-protobuf-1.58.0.jar:/home/runner/.m2/repository/com/google/api/grpc/proto-google-common-protos/2.22.0/proto-google-common-protos-2.22.0.jar:/home/runner/.m2/repository/io/grpc/grpc-protobuf-lite/1.58.0/grpc-protobuf-lite-1.58.0.jar:/home/runner/.m2/repository/io/grpc/grpc-stub/1.58.0/grpc-stub-1.58.0.jar:/home/runner/.m2/repository/io/netty/netty-transport/4.1.109.Final/netty-transport-4.1.109.Final.jar:/home/runner/.m2/repository/io/netty/netty-resolver/4.1.109.Final/netty-resolver-4.1.109.Final.jar:/home/runner/work/ozone/ozone/hadoop-ozone/csi/target/classes:/home/runner/.m2/repository/com/google/protobuf/protobuf-java-util/3.19.6/protobuf-java-util-3.19.6.jar:/home/runner/.m2/repository/com/google/code/gson/gson/2.10.1/gson-2.10.1.jar:/home/runner/work/ozone/ozone/hadoop-hdds/config/target/classes:/home/runner/.m2/repository/io/netty/netty-transport-native-epoll/4.1.109.Final/netty-transport-native-epoll-4.1.109.Final-linux-x86_64.jar:/home/runner/.m2/repository/io/netty/netty-transport-classes-epoll/4.1.109.Final/netty-transport-classes-epoll-4.1.109.Final.jar:/home/runner/.m2/repository/io/netty/netty-transport-native-unix-common/4.1.109.Final/netty-transport-native-unix-common-4.1.109.Final.jar:/home/runner/work/ozone/ozone/hadoop-ozone/recon/target/classes:/home/runner/work/ozone/ozone/hadoop-ozone/recon-codegen/target/classes:/home/runner/.m2/repository/com/google/inject/guice/6.0.0/guice-6.0.0.jar:/home/runner/.m2/repository/jakarta/inject/jakarta.inject-api/2.0.1/jakarta.inject-api-2.0.1.jar:/home/runner/.m2/repository/aopalliance/aopalliance/1.0/aopalliance-1.0.jar:/home/runner/.m2/repository/com/google/inject/extensions/guice-assistedinject/6.0.0/guice-assistedinject-6.0.0.jar:/home/runner/.m2/repository/com/google/inject/extensions/guice-servlet/6.0.0/guice-servlet-6.0.0.jar:/home/runner/.m2/repository/org/glassfish/jersey/containers/jersey-container-servlet/2.43/jersey-container-servlet-2.43.jar:/home/runner/.m2/repository/org/glassfish/hk2/guice-bridge/2.6.1/guice-bridge-2.6.1.jar:/home/runner/.m2/repository/org/glassfish/jersey/core/jersey-server/2.43/jersey-server-2.43.jar:/home/runner/.m2/repository/org/glassfish/jersey/core/jersey-client/2.43/jersey-client-2.43.jar:/home/runner/.m2/repository/jakarta/validation/jakarta.validation-api/2.0.2/jakarta.validation-api-2.0.2.jar:/home/runner/.m2/repository/org/glassfish/jersey/media/jersey-media-json-jackson/2.43/jersey-media-json-jackson-2.43.jar:/home/runner/.m2/repository/org/glassfish/jersey/ext/jersey-entity-filtering/2.43/jersey-entity-filtering-2.43.jar:/home/runner/.m2/repository/org/jooq/jooq/3.11.10/jooq-3.11.10.jar:/home/runner/.m2/repository/org/jooq/jooq-meta/3.11.10/jooq-meta-3.11.10.jar:/home/runner/.m2/repository/org/jooq/jooq-codegen/3.11.10/jooq-codegen-3.11.10.jar:/home/runner/.m2/repository/com/jolbox/bonecp/0.8.0.RELEASE/bonecp-0.8.0.RELEASE.jar:/home/runner/.m2/repository/org/apache/derby/derby/10.14.2.0/derby-10.14.2.0.jar:/home/runner/.m2/repository/org/xerial/sqlite-jdbc/3.44.1.0/sqlite-jdbc-3.44.1.0.jar:/home/runner/.m2/repository/org/springframework/spring-jdbc/5.3.34/spring-jdbc-5.3.34.jar:/home/runner/.m2/repository/org/springframework/spring-beans/5.3.34/spring-beans-5.3.34.jar:/home/runner/.m2/repository/org/springframework/spring-core/5.3.34/spring-core-5.3.34.jar:/home/runner/.m2/repository/org/springframework/spring-tx/5.3.34/spring-tx-5.3.34.jar:/home/runner/work/ozone/ozone/hadoop-ozone/client/target/classes:/home/runner/work/ozone/ozone/hadoop-hdds/erasurecode/target/classes:/home/runner/work/ozone/ozone/hadoop-ozone/ozonefs/target/classes:/home/runner/work/ozone/ozone/hadoop-ozone/ozonefs-common/target/classes:/home/runner/work/ozone/ozone/hadoop-ozone/tools/target/classes:/home/runner/.m2/repository/com/amazonaws/aws-java-sdk-core/1.12.661/aws-java-sdk-core-1.12.661.jar:/home/runner/.m2/repository/org/apache/httpcomponents/httpclient/4.5.14/httpclient-4.5.14.jar:/home/runner/.m2/repository/org/apache/httpcomponents/httpcore/4.4.16/httpcore-4.4.16.jar:/home/runner/.m2/repository/com/fasterxml/jackson/dataformat/jackson-dataformat-cbor/2.16.2/jackson-dataformat-cbor-2.16.2.jar:/home/runner/.m2/repository/joda-time/joda-time/2.12.7/joda-time-2.12.7.jar:/home/runner/.m2/repository/com/amazonaws/aws-java-sdk-s3/1.12.661/aws-java-sdk-s3-1.12.661.jar:/home/runner/.m2/repository/com/amazonaws/aws-java-sdk-kms/1.12.661/aws-java-sdk-kms-1.12.661.jar:/home/runner/.m2/repository/com/amazonaws/jmespath-java/1.12.661/jmespath-java-1.12.661.jar:/home/runner/.m2/repository/org/kohsuke/metainf-services/metainf-services/1.11/metainf-services-1.11.jar:/home/runner/work/ozone/ozone/hadoop-hdds/tools/target/classes:/home/runner/.m2/repository/org/apache/ratis/ratis-tools/3.0.1/ratis-tools-3.0.1.jar:/home/runner/.m2/repository/commons-cli/commons-cli/1.8.0/commons-cli-1.8.0.jar:/home/runner/.m2/repository/org/apache/commons/commons-lang3/3.14.0/commons-lang3-3.14.0.jar:/home/runner/work/ozone/ozone/hadoop-ozone/ozone-manager/target/test-classes:/home/runner/work/ozone/ozone/hadoop-hdds/common/target/test-classes:/home/runner/work/ozone/ozone/hadoop-hdds/hadoop-dependency-client/target/classes:/home/runner/.m2/repository/info/picocli/picocli/4.7.6/picocli-4.7.6.jar:/home/runner/.m2/repository/com/fasterxml/jackson/core/jackson-annotations/2.16.2/jackson-annotations-2.16.2.jar:/home/runner/work/ozone/ozone/hadoop-hdds/annotations/target/classes:/home/runner/.m2/repository/javax/annotation/javax.annotation-api/1.3.2/javax.annotation-api-1.3.2.jar:/home/runner/.m2/repository/org/apache/ratis/ratis-server-api/3.0.1/ratis-server-api-3.0.1.jar:/home/runner/.m2/repository/org/apache/ratis/ratis-netty/3.0.1/ratis-netty-3.0.1.jar:/home/runner/.m2/repository/org/apache/ratis/ratis-grpc/3.0.1/ratis-grpc-3.0.1.jar:/home/runner/.m2/repository/org/bouncycastle/bcpkix-jdk18on/1.78.1/bcpkix-jdk18on-1.78.1.jar:/home/runner/.m2/repository/org/bouncycastle/bcutil-jdk18on/1.78.1/bcutil-jdk18on-1.78.1.jar:/home/runner/.m2/repository/commons-validator/commons-validator/1.6/commons-validator-1.6.jar:/home/runner/.m2/repository/commons-beanutils/commons-beanutils/1.9.4/commons-beanutils-1.9.4.jar:/home/runner/.m2/repository/commons-digester/commons-digester/1.8.1/commons-digester-1.8.1.jar:/home/runner/.m2/repository/commons-collections/commons-collections/3.2.2/commons-collections-3.2.2.jar:/home/runner/.m2/repository/io/jaegertracing/jaeger-client/1.8.1/jaeger-client-1.8.1.jar:/home/runner/.m2/repository/io/jaegertracing/jaeger-thrift/1.8.1/jaeger-thrift-1.8.1.jar:/home/runner/.m2/repository/org/apache/thrift/libthrift/0.15.0/libthrift-0.15.0.jar:/home/runner/.m2/repository/io/jaegertracing/jaeger-core/1.8.1/jaeger-core-1.8.1.jar:/home/runner/.m2/repository/io/jaegertracing/jaeger-tracerresolver/1.8.1/jaeger-tracerresolver-1.8.1.jar:/home/runner/.m2/repository/io/opentracing/contrib/opentracing-tracerresolver/0.1.8/opentracing-tracerresolver-0.1.8.jar:/home/runner/.m2/repository/org/jetbrains/kotlin/kotlin-stdlib/1.9.24/kotlin-stdlib-1.9.24.jar:/home/runner/.m2/repository/org/jetbrains/annotations/13.0/annotations-13.0.jar:/home/runner/.m2/repository/io/opentracing/opentracing-util/0.33.0/opentracing-util-0.33.0.jar:/home/runner/.m2/repository/io/opentracing/opentracing-api/0.33.0/opentracing-api-0.33.0.jar:/home/runner/.m2/repository/io/opentracing/opentracing-noop/0.33.0/opentracing-noop-0.33.0.jar:/home/runner/.m2/repository/org/yaml/snakeyaml/2.0/snakeyaml-2.0.jar:/home/runner/.m2/repository/io/grpc/grpc-api/1.58.0/grpc-api-1.58.0.jar:/home/runner/.m2/repository/org/junit/platform/junit-platform-launcher/1.10.2/junit-platform-launcher-1.10.2.jar:/home/runner/.m2/repository/org/junit/platform/junit-platform-engine/1.10.2/junit-platform-engine-1.10.2.jar:/home/runner/.m2/repository/org/apiguardian/apiguardian-api/1.1.2/apiguardian-api-1.1.2.jar:/home/runner/.m2/repository/org/apache/hadoop/hadoop-kms/3.3.6/hadoop-kms-3.3.6.jar:/home/runner/.m2/repository/org/apache/hadoop/hadoop-auth/3.3.6/hadoop-auth-3.3.6.jar:/home/runner/.m2/repository/org/apache/zookeeper/zookeeper/3.8.4/zookeeper-3.8.4.jar:/home/runner/.m2/repository/org/apache/zookeeper/zookeeper-jute/3.8.4/zookeeper-jute-3.8.4.jar:/home/runner/.m2/repository/org/apache/yetus/audience-annotations/0.12.0/audience-annotations-0.12.0.jar:/home/runner/.m2/repository/org/apache/curator/curator-framework/4.2.0/curator-framework-4.2.0.jar:/home/runner/.m2/repository/org/apache/hadoop/thirdparty/hadoop-shaded-guava/1.2.0/hadoop-shaded-guava-1.2.0.jar:/home/runner/.m2/repository/com/sun/jersey/jersey-core/1.19.4/jersey-core-1.19.4.jar:/home/runner/.m2/repository/javax/ws/rs/jsr311-api/1.1.1/jsr311-api-1.1.1.jar:/home/runner/.m2/repository/com/sun/jersey/jersey-server/1.19.4/jersey-server-1.19.4.jar:/home/runner/.m2/repository/javax/servlet/javax.servlet-api/3.1.0/javax.servlet-api-3.1.0.jar:/home/runner/.m2/repository/org/apache/hadoop/hadoop-common/3.3.6/hadoop-common-3.3.6.jar:/home/runner/.m2/repository/org/apache/commons/commons-math3/3.6.1/commons-math3-3.6.1.jar:/home/runner/.m2/repository/commons-net/commons-net/3.10.0/commons-net-3.10.0.jar:/home/runner/.m2/repository/com/sun/jersey/jersey-servlet/1.19.4/jersey-servlet-1.19.4.jar:/home/runner/.m2/repository/com/github/pjfanning/jersey-json/1.20/jersey-json-1.20.jar:/home/runner/.m2/repository/org/codehaus/jettison/jettison/1.1/jettison-1.1.jar:/home/runner/.m2/repository/com/sun/xml/bind/jaxb-impl/2.2.3-1/jaxb-impl-2.2.3-1.jar:/home/runner/.m2/repository/com/google/re2j/re2j/1.7/re2j-1.7.jar:/home/runner/.m2/repository/com/jcraft/jsch/0.1.55/jsch-0.1.55.jar:/home/runner/.m2/repository/org/apache/curator/curator-client/4.2.0/curator-client-4.2.0.jar:/home/runner/.m2/repository/org/apache/curator/curator-recipes/5.2.0/curator-recipes-5.2.0.jar:/home/runner/.m2/repository/com/google/code/findbugs/jsr305/3.0.2/jsr305-3.0.2.jar:/home/runner/.m2/repository/dnsjava/dnsjava/2.1.9/dnsjava-2.1.9.jar:/home/runner/.m2/repository/com/fasterxml/jackson/core/jackson-databind/2.16.2/jackson-databind-2.16.2.jar:/home/runner/.m2/repository/org/apache/hadoop/hadoop-kms/3.3.6/hadoop-kms-3.3.6-tests.jar:/home/runner/work/ozone/ozone/hadoop-hdds/server-scm/target/test-classes:/home/runner/work/ozone/ozone/hadoop-hdds/container-service/target/test-classes:/home/runner/.m2/repository/com/github/luben/zstd-jni/1.5.6-3/zstd-jni-1.5.6-3.jar:/home/runner/.m2/repository/commons-codec/commons-codec/1.17.0/commons-codec-1.17.0.jar:/home/runner/.m2/repository/io/netty/netty-codec/4.1.109.Final/netty-codec-4.1.109.Final.jar:/home/runner/.m2/repository/io/netty/netty-handler/4.1.109.Final/netty-handler-4.1.109.Final.jar:/home/runner/work/ozone/ozone/hadoop-hdds/hadoop-dependency-test/target/classes:/home/runner/.m2/repository/org/apache/hadoop/hadoop-common/3.3.6/hadoop-common-3.3.6-tests.jar:/home/runner/.m2/repository/org/apache/hadoop/hadoop-hdfs/3.3.6/hadoop-hdfs-3.3.6-tests.jar:/home/runner/.m2/repository/org/junit/jupiter/junit-jupiter-engine/5.10.2/junit-jupiter-engine-5.10.2.jar:/home/runner/.m2/repository/org/junit/jupiter/junit-jupiter-params/5.10.2/junit-jupiter-params-5.10.2.jar:/home/runner/.m2/repository/org/mockito/mockito-core/4.11.0/mockito-core-4.11.0.jar:/home/runner/.m2/repository/net/bytebuddy/byte-buddy-agent/1.12.19/byte-buddy-agent-1.12.19.jar:/home/runner/.m2/repository/org/objenesis/objenesis/3.3/objenesis-3.3.jar:/home/runner/.m2/repository/org/mockito/mockito-inline/4.11.0/mockito-inline-4.11.0.jar:/home/runner/.m2/repository/org/mockito/mockito-junit-jupiter/4.11.0/mockito-junit-jupiter-4.11.0.jar:/home/runner/.m2/repository/org/apache/hadoop/hadoop-distcp/3.3.6/hadoop-distcp-3.3.6.jar:/home/runner/.m2/repository/org/apache/hadoop/hadoop-mapreduce-client-jobclient/3.3.6/hadoop-mapreduce-client-jobclient-3.3.6.jar:/home/runner/.m2/repository/org/apache/hadoop/hadoop-mapreduce-client-common/3.3.6/hadoop-mapreduce-client-common-3.3.6.jar:/home/runner/.m2/repository/org/apache/hadoop/hadoop-yarn-common/3.3.6/hadoop-yarn-common-3.3.6.jar:/home/runner/.m2/repository/org/apache/hadoop/hadoop-yarn-api/3.3.6/hadoop-yarn-api-3.3.6.jar:/home/runner/.m2/repository/javax/xml/bind/jaxb-api/2.2.11/jaxb-api-2.2.11.jar:/home/runner/.m2/repository/com/sun/jersey/contribs/jersey-guice/1.19.4/jersey-guice-1.19.4.jar:/home/runner/.m2/repository/com/fasterxml/jackson/jaxrs/jackson-jaxrs-json-provider/2.16.2/jackson-jaxrs-json-provider-2.16.2.jar:/home/runner/.m2/repository/com/fasterxml/jackson/jaxrs/jackson-jaxrs-base/2.16.2/jackson-jaxrs-base-2.16.2.jar:/home/runner/.m2/repository/org/apache/hadoop/hadoop-yarn-client/3.3.6/hadoop-yarn-client-3.3.6.jar:/home/runner/.m2/repository/org/eclipse/jetty/websocket/websocket-client/9.4.51.v20230217/websocket-client-9.4.51.v20230217.jar:/home/runner/.m2/repository/org/eclipse/jetty/websocket/websocket-common/9.4.51.v20230217/websocket-common-9.4.51.v20230217.jar:/home/runner/.m2/repository/org/eclipse/jetty/websocket/websocket-api/9.4.51.v20230217/websocket-api-9.4.51.v20230217.jar:/home/runner/.m2/repository/org/jline/jline/3.9.0/jline-3.9.0.jar:/home/runner/.m2/repository/org/apache/hadoop/hadoop-mapreduce-client-core/3.3.6/hadoop-mapreduce-client-core-3.3.6.jar:/home/runner/.m2/repository/org/apache/avro/avro/1.7.7/avro-1.7.7.jar:/home/runner/.m2/repository/com/thoughtworks/paranamer/paranamer/2.3/paranamer-2.3.jar:/home/runner/.m2/repository/org/apache/hadoop/hadoop-annotations/3.3.6/hadoop-annotations-3.3.6.jar:/home/runner/.m2/repository/io/netty/netty/3.10.6.Final/netty-3.10.6.Final.jar:/home/runner/.m2/repository/org/apache/hadoop/hadoop-distcp/3.3.6/hadoop-distcp-3.3.6-tests.jar:/home/runner/.m2/repository/org/hamcrest/hamcrest/2.2/hamcrest-2.2.jar:/home/runner/.m2/repository/org/slf4j/jul-to-slf4j/2.0.13/jul-to-slf4j-2.0.13.jar:/home/runner/work/ozone/ozone/hadoop-ozone/integration-test/target/gradle-enterprise/test-listeners.jar:"/>
    <property name="sun.cpu.endian" value="little"/>
    <property name="user.home" value="/home/runner"/>
    <property name="user.language" value="en"/>
    <property name="java.specification.vendor" value="Oracle Corporation"/>
    <property name="java.version.date" value="2024-04-16"/>
    <property name="java.home" value="/usr/lib/jvm/temurin-17-jdk-amd64"/>
    <property name="java.security.krb5.conf" value="/home/runner/work/ozone/ozone/hadoop-ozone/integration-test/target/test-classes/krb5.conf"/>
    <property name="file.separator" value="/"/>
    <property name="basedir" value="/home/runner/work/ozone/ozone/hadoop-ozone/integration-test"/>
    <property name="java.vm.compressedOopsMode" value="Zero based"/>
    <property name="line.separator" value="&#10;"/>
    <property name="java.vm.specification.vendor" value="Oracle Corporation"/>
    <property name="java.specification.name" value="Java Platform API Specification"/>
    <property name="skip.installnpx" value="true"/>
    <property name="surefire.real.class.path" value="/home/runner/work/ozone/ozone/hadoop-ozone/integration-test/target/surefire/surefirebooter4179767683556960092.jar"/>
    <property name="hadoop.log.dir" value="/home/runner/work/ozone/ozone/hadoop-ozone/integration-test/target/log"/>
    <property name="sun.management.compiler" value="HotSpot 64-Bit Tiered Compilers"/>
    <property name="java.runtime.version" value="17.0.11+9"/>
    <property name="skip.npx" value="true"/>
    <property name="user.name" value="runner"/>
    <property name="java.net.preferIPv4Stack" value="true"/>
    <property name="path.separator" value=":"/>
    <property name="java.security.egd" value="file:///dev/urandom"/>
    <property name="os.version" value="5.15.0-1064-azure"/>
    <property name="java.runtime.name" value="OpenJDK Runtime Environment"/>
    <property name="com.gradle.maven.scan.extension.test.listener.junitplatform.NestedExecutionSafeDelegatingTestExecutionListener" value="4bb33f74"/>
    <property name="file.encoding" value="UTF-8"/>
    <property name="java.vm.name" value="OpenJDK 64-Bit Server VM"/>
    <property name="java.vendor.version" value="Temurin-17.0.11+9"/>
    <property name="test.build.webapps" value=""/>
    <property name="develocity.listener.surefire.forkId" value="1"/>
    <property name="localRepository" value="/home/runner/.m2/repository"/>
    <property name="java.vendor.url.bug" value="https://github.com/adoptium/adoptium-support/issues"/>
    <property name="jetty.git.hash" value="cef3fbd6d736a21e7d541a5db490381d95a2047d"/>
    <property name="java.io.tmpdir" value="/tmp"/>
    <property name="require.test.libhadoop" value=""/>
    <property name="java.version" value="17.0.11"/>
    <property name="user.dir" value="/home/runner/work/ozone/ozone/hadoop-ozone/integration-test"/>
    <property name="os.arch" value="amd64"/>
    <property name="java.vm.specification.name" value="Java Virtual Machine Specification"/>
    <property name="test.build.classes" value="/home/runner/work/ozone/ozone/hadoop-ozone/integration-test/target/test-classes"/>
    <property name="org.apache.ratis.thirdparty.io.netty.allocator.useCacheForAllThreads" value="false"/>
    <property name="native.encoding" value="UTF-8"/>
    <property name="hadoop.tmp.dir" value="/home/runner/work/ozone/ozone/hadoop-ozone/integration-test/target/tmp"/>
    <property name="java.library.path" value="/usr/java/packages/lib:/usr/lib64:/lib64:/lib:/usr/lib"/>
    <property name="java.vm.info" value="mixed mode, sharing"/>
    <property name="java.vendor" value="Eclipse Adoptium"/>
    <property name="java.vm.version" value="17.0.11+9"/>
    <property name="sun.io.unicode.encoding" value="UnicodeLittle"/>
    <property name="develocity.listener.port" value="45833"/>
    <property name="java.class.version" value="61.0"/>
  </properties>
  <testcase name="testECContainerReplication" classname="org.apache.hadoop.ozone.container.TestContainerReplication" time="62.359">
    <error type="java.util.concurrent.TimeoutException"><![CDATA[java.util.concurrent.TimeoutException: 
Timed out waiting for condition. Thread diagnostics:
Timestamp: 2024-06-22 01:32:38,090

"IPC Server handler 18 on default port 15000" daemon prio=5 tid=81 timed_waiting
java.lang.Thread.State: TIMED_WAITING
        at java.base@17.0.11/jdk.internal.misc.Unsafe.park(Native Method)
        at java.base@17.0.11/java.util.concurrent.locks.LockSupport.parkNanos(LockSupport.java:252)
        at java.base@17.0.11/java.util.concurrent.locks.AbstractQueuedSynchronizer$ConditionObject.awaitNanos(AbstractQueuedSynchronizer.java:1674)
        at java.base@17.0.11/java.util.concurrent.LinkedBlockingQueue.poll(LinkedBlockingQueue.java:460)
        at app//org.apache.hadoop.ipc.CallQueueManager.take(CallQueueManager.java:317)
        at app//org.apache.hadoop.ipc.Server$Handler.run(Server.java:3014)
"fdf93896-5abf-403c-99a8-bb8ea43c9a14-ChunkReader-8" daemon prio=5 tid=886 in Object.wait()
java.lang.Thread.State: WAITING (on object monitor)
        at java.base@17.0.11/jdk.internal.misc.Unsafe.park(Native Method)
        at java.base@17.0.11/java.util.concurrent.locks.LockSupport.park(LockSupport.java:341)
        at java.base@17.0.11/java.util.concurrent.locks.AbstractQueuedSynchronizer$ConditionNode.block(AbstractQueuedSynchronizer.java:506)
        at java.base@17.0.11/java.util.concurrent.ForkJoinPool.unmanagedBlock(ForkJoinPool.java:3465)
        at java.base@17.0.11/java.util.concurrent.ForkJoinPool.managedBlock(ForkJoinPool.java:3436)
        at java.base@17.0.11/java.util.concurrent.locks.AbstractQueuedSynchronizer$ConditionObject.await(AbstractQueuedSynchronizer.java:1625)
        at java.base@17.0.11/java.util.concurrent.LinkedBlockingQueue.take(LinkedBlockingQueue.java:435)
        at java.base@17.0.11/java.util.concurrent.ThreadPoolExecutor.getTask(ThreadPoolExecutor.java:1062)
        at java.base@17.0.11/java.util.concurrent.ThreadPoolExecutor.runWorker(ThreadPoolExecutor.java:1122)
        at java.base@17.0.11/java.util.concurrent.ThreadPoolExecutor$Worker.run(ThreadPoolExecutor.java:635)
        at java.base@17.0.11/java.lang.Thread.run(Thread.java:840)
"c511b233-3aa4-4954-9335-f5d54c64e497@group-416D015375CF-cacheEviction-AwaitToRun" daemon prio=5 tid=681 in Object.wait()
java.lang.Thread.State: WAITING (on object monitor)
        at java.base@17.0.11/jdk.internal.misc.Unsafe.park(Native Method)
        at java.base@17.0.11/java.util.concurrent.locks.LockSupport.park(LockSupport.java:341)
        at java.base@17.0.11/java.util.concurrent.locks.AbstractQueuedSynchronizer$ConditionNode.block(AbstractQueuedSynchronizer.java:506)
        at java.base@17.0.11/java.util.concurrent.ForkJoinPool.unmanagedBlock(ForkJoinPool.java:3465)
        at java.base@17.0.11/java.util.concurrent.ForkJoinPool.managedBlock(ForkJoinPool.java:3436)
        at java.base@17.0.11/java.util.concurrent.locks.AbstractQueuedSynchronizer$ConditionObject.await(AbstractQueuedSynchronizer.java:1625)
        at app//org.apache.ratis.util.AwaitForSignal.await(AwaitForSignal.java:48)
        at app//org.apache.ratis.util.AwaitToRun$RunnableImpl.run(AwaitToRun.java:47)
        at java.base@17.0.11/java.lang.Thread.run(Thread.java:840)
"fdf93896-5abf-403c-99a8-bb8ea43c9a14-ChunkReader-7" daemon prio=5 tid=884 in Object.wait()
java.lang.Thread.State: WAITING (on object monitor)
        at java.base@17.0.11/jdk.internal.misc.Unsafe.park(Native Method)
        at java.base@17.0.11/java.util.concurrent.locks.LockSupport.park(LockSupport.java:341)
        at java.base@17.0.11/java.util.concurrent.locks.AbstractQueuedSynchronizer$ConditionNode.block(AbstractQueuedSynchronizer.java:506)
        at java.base@17.0.11/java.util.concurrent.ForkJoinPool.unmanagedBlock(ForkJoinPool.java:3465)
        at java.base@17.0.11/java.util.concurrent.ForkJoinPool.managedBlock(ForkJoinPool.java:3436)
        at java.base@17.0.11/java.util.concurrent.locks.AbstractQueuedSynchronizer$ConditionObject.await(AbstractQueuedSynchronizer.java:1625)
        at java.base@17.0.11/java.util.concurrent.LinkedBlockingQueue.take(LinkedBlockingQueue.java:435)
        at java.base@17.0.11/java.util.concurrent.ThreadPoolExecutor.getTask(ThreadPoolExecutor.java:1062)
        at java.base@17.0.11/java.util.concurrent.ThreadPoolExecutor.runWorker(ThreadPoolExecutor.java:1122)
        at java.base@17.0.11/java.util.concurrent.ThreadPoolExecutor$Worker.run(ThreadPoolExecutor.java:635)
        at java.base@17.0.11/java.lang.Thread.run(Thread.java:840)
"b47eb027-4b7a-4ddc-bf7f-0870758e0604-PipelineCommandHandlerThread-0"  prio=5 tid=696 in Object.wait()
java.lang.Thread.State: WAITING (on object monitor)
        at java.base@17.0.11/jdk.internal.misc.Unsafe.park(Native Method)
        at java.base@17.0.11/java.util.concurrent.locks.LockSupport.park(LockSupport.java:341)
        at java.base@17.0.11/java.util.concurrent.locks.AbstractQueuedSynchronizer$ConditionNode.block(AbstractQueuedSynchronizer.java:506)
        at java.base@17.0.11/java.util.concurrent.ForkJoinPool.unmanagedBlock(ForkJoinPool.java:3465)
        at java.base@17.0.11/java.util.concurrent.ForkJoinPool.managedBlock(ForkJoinPool.java:3436)
        at java.base@17.0.11/java.util.concurrent.locks.AbstractQueuedSynchronizer$ConditionObject.await(AbstractQueuedSynchronizer.java:1625)
        at java.base@17.0.11/java.util.concurrent.LinkedBlockingQueue.take(LinkedBlockingQueue.java:435)
        at java.base@17.0.11/java.util.concurrent.ThreadPoolExecutor.getTask(ThreadPoolExecutor.java:1062)
        at java.base@17.0.11/java.util.concurrent.ThreadPoolExecutor.runWorker(ThreadPoolExecutor.java:1122)
        at java.base@17.0.11/java.util.concurrent.ThreadPoolExecutor$Worker.run(ThreadPoolExecutor.java:635)
        at java.base@17.0.11/java.lang.Thread.run(Thread.java:840)
"b47eb027-4b7a-4ddc-bf7f-0870758e0604@group-B33C5E379CF8-FollowerState" daemon prio=5 tid=785 timed_waiting
java.lang.Thread.State: TIMED_WAITING
        at java.base@17.0.11/java.lang.Thread.sleep(Native Method)
        at java.base@17.0.11/java.lang.Thread.sleep(Thread.java:344)
        at java.base@17.0.11/java.util.concurrent.TimeUnit.sleep(TimeUnit.java:446)
        at app//org.apache.ratis.util.TimeDuration.sleep(TimeDuration.java:353)
        at app//org.apache.ratis.util.TimeDuration.sleep(TimeDuration.java:338)
        at app//org.apache.ratis.server.impl.FollowerState.run(FollowerState.java:128)
"qtp1090492142-478" daemon prio=5 tid=478 timed_waiting
java.lang.Thread.State: TIMED_WAITING
        at java.base@17.0.11/jdk.internal.misc.Unsafe.park(Native Method)
        at java.base@17.0.11/java.util.concurrent.locks.LockSupport.parkNanos(LockSupport.java:252)
        at java.base@17.0.11/java.util.concurrent.locks.AbstractQueuedSynchronizer$ConditionObject.awaitNanos(AbstractQueuedSynchronizer.java:1674)
        at app//org.eclipse.jetty.util.BlockingArrayQueue.poll(BlockingArrayQueue.java:382)
        at app//org.eclipse.jetty.util.thread.QueuedThreadPool$Runner.idleJobPoll(QueuedThreadPool.java:974)
        at app//org.eclipse.jetty.util.thread.QueuedThreadPool$Runner.run(QueuedThreadPool.java:1018)
        at java.base@17.0.11/java.lang.Thread.run(Thread.java:840)
"fdf93896-5abf-403c-99a8-bb8ea43c9a14-server-thread3" daemon prio=5 tid=801 timed_waiting
java.lang.Thread.State: TIMED_WAITING
        at java.base@17.0.11/jdk.internal.misc.Unsafe.park(Native Method)
        at java.base@17.0.11/java.util.concurrent.locks.LockSupport.parkNanos(LockSupport.java:252)
        at java.base@17.0.11/java.util.concurrent.SynchronousQueue$TransferStack.transfer(SynchronousQueue.java:401)
        at java.base@17.0.11/java.util.concurrent.SynchronousQueue.poll(SynchronousQueue.java:903)
        at java.base@17.0.11/java.util.concurrent.ThreadPoolExecutor.getTask(ThreadPoolExecutor.java:1061)
        at java.base@17.0.11/java.util.concurrent.ThreadPoolExecutor.runWorker(ThreadPoolExecutor.java:1122)
        at java.base@17.0.11/java.util.concurrent.ThreadPoolExecutor$Worker.run(ThreadPoolExecutor.java:635)
        at java.base@17.0.11/java.lang.Thread.run(Thread.java:840)
"c511b233-3aa4-4954-9335-f5d54c64e497-ChunkReader-8" daemon prio=5 tid=883 in Object.wait()
java.lang.Thread.State: WAITING (on object monitor)
        at java.base@17.0.11/jdk.internal.misc.Unsafe.park(Native Method)
        at java.base@17.0.11/java.util.concurrent.locks.LockSupport.park(LockSupport.java:341)
        at java.base@17.0.11/java.util.concurrent.locks.AbstractQueuedSynchronizer$ConditionNode.block(AbstractQueuedSynchronizer.java:506)
        at java.base@17.0.11/java.util.concurrent.ForkJoinPool.unmanagedBlock(ForkJoinPool.java:3465)
        at java.base@17.0.11/java.util.concurrent.ForkJoinPool.managedBlock(ForkJoinPool.java:3436)
        at java.base@17.0.11/java.util.concurrent.locks.AbstractQueuedSynchronizer$ConditionObject.await(AbstractQueuedSynchronizer.java:1625)
        at java.base@17.0.11/java.util.concurrent.LinkedBlockingQueue.take(LinkedBlockingQueue.java:435)
        at java.base@17.0.11/java.util.concurrent.ThreadPoolExecutor.getTask(ThreadPoolExecutor.java:1062)
        at java.base@17.0.11/java.util.concurrent.ThreadPoolExecutor.runWorker(ThreadPoolExecutor.java:1122)
        at java.base@17.0.11/java.util.concurrent.ThreadPoolExecutor$Worker.run(ThreadPoolExecutor.java:635)
        at java.base@17.0.11/java.lang.Thread.run(Thread.java:840)
"6d6fe673-47e6-46c0-a6fc-601f54cde379-CloseContainerThread-0"  prio=5 tid=894 in Object.wait()
java.lang.Thread.State: WAITING (on object monitor)
        at java.base@17.0.11/jdk.internal.misc.Unsafe.park(Native Method)
        at java.base@17.0.11/java.util.concurrent.locks.LockSupport.park(LockSupport.java:341)
        at java.base@17.0.11/java.util.concurrent.locks.AbstractQueuedSynchronizer$ConditionNode.block(AbstractQueuedSynchronizer.java:506)
        at java.base@17.0.11/java.util.concurrent.ForkJoinPool.unmanagedBlock(ForkJoinPool.java:3465)
        at java.base@17.0.11/java.util.concurrent.ForkJoinPool.managedBlock(ForkJoinPool.java:3436)
        at java.base@17.0.11/java.util.concurrent.locks.AbstractQueuedSynchronizer$ConditionObject.await(AbstractQueuedSynchronizer.java:1625)
        at java.base@17.0.11/java.util.concurrent.LinkedBlockingQueue.take(LinkedBlockingQueue.java:435)
        at java.base@17.0.11/java.util.concurrent.ThreadPoolExecutor.getTask(ThreadPoolExecutor.java:1062)
        at java.base@17.0.11/java.util.concurrent.ThreadPoolExecutor.runWorker(ThreadPoolExecutor.java:1122)
        at java.base@17.0.11/java.util.concurrent.ThreadPoolExecutor$Worker.run(ThreadPoolExecutor.java:635)
        at java.base@17.0.11/java.lang.Thread.run(Thread.java:840)
"om1-client-thread1" daemon prio=5 tid=834 timed_waiting
java.lang.Thread.State: TIMED_WAITING
        at java.base@17.0.11/jdk.internal.misc.Unsafe.park(Native Method)
        at java.base@17.0.11/java.util.concurrent.locks.LockSupport.parkNanos(LockSupport.java:252)
        at java.base@17.0.11/java.util.concurrent.SynchronousQueue$TransferStack.transfer(SynchronousQueue.java:401)
        at java.base@17.0.11/java.util.concurrent.SynchronousQueue.poll(SynchronousQueue.java:903)
        at java.base@17.0.11/java.util.concurrent.ThreadPoolExecutor.getTask(ThreadPoolExecutor.java:1061)
        at java.base@17.0.11/java.util.concurrent.ThreadPoolExecutor.runWorker(ThreadPoolExecutor.java:1122)
        at java.base@17.0.11/java.util.concurrent.ThreadPoolExecutor$Worker.run(ThreadPoolExecutor.java:635)
        at java.base@17.0.11/java.lang.Thread.run(Thread.java:840)
"Attach Listener" daemon prio=9 tid=21 runnable
java.lang.Thread.State: RUNNABLE
"IPC Server handler 11 on default port 15000" daemon prio=5 tid=74 timed_waiting
java.lang.Thread.State: TIMED_WAITING
        at java.base@17.0.11/jdk.internal.misc.Unsafe.park(Native Method)
        at java.base@17.0.11/java.util.concurrent.locks.LockSupport.parkNanos(LockSupport.java:252)
        at java.base@17.0.11/java.util.concurrent.locks.AbstractQueuedSynchronizer$ConditionObject.awaitNanos(AbstractQueuedSynchronizer.java:1674)
        at java.base@17.0.11/java.util.concurrent.LinkedBlockingQueue.poll(LinkedBlockingQueue.java:460)
        at app//org.apache.hadoop.ipc.CallQueueManager.take(CallQueueManager.java:317)
        at app//org.apache.hadoop.ipc.Server$Handler.run(Server.java:3014)
"c511b233-3aa4-4954-9335-f5d54c64e497-DatanodeReportManager-2" daemon prio=5 tid=463 in Object.wait()
java.lang.Thread.State: WAITING (on object monitor)
        at java.base@17.0.11/jdk.internal.misc.Unsafe.park(Native Method)
        at java.base@17.0.11/java.util.concurrent.locks.LockSupport.park(LockSupport.java:341)
        at java.base@17.0.11/java.util.concurrent.locks.AbstractQueuedSynchronizer$ConditionNode.block(AbstractQueuedSynchronizer.java:506)
        at java.base@17.0.11/java.util.concurrent.ForkJoinPool.unmanagedBlock(ForkJoinPool.java:3465)
        at java.base@17.0.11/java.util.concurrent.ForkJoinPool.managedBlock(ForkJoinPool.java:3436)
        at java.base@17.0.11/java.util.concurrent.locks.AbstractQueuedSynchronizer$ConditionObject.await(AbstractQueuedSynchronizer.java:1625)
        at java.base@17.0.11/java.util.concurrent.ScheduledThreadPoolExecutor$DelayedWorkQueue.take(ScheduledThreadPoolExecutor.java:1177)
        at java.base@17.0.11/java.util.concurrent.ScheduledThreadPoolExecutor$DelayedWorkQueue.take(ScheduledThreadPoolExecutor.java:899)
        at java.base@17.0.11/java.util.concurrent.ThreadPoolExecutor.getTask(ThreadPoolExecutor.java:1062)
        at java.base@17.0.11/java.util.concurrent.ThreadPoolExecutor.runWorker(ThreadPoolExecutor.java:1122)
        at java.base@17.0.11/java.util.concurrent.ThreadPoolExecutor$Worker.run(ThreadPoolExecutor.java:635)
        at java.base@17.0.11/java.lang.Thread.run(Thread.java:840)
"fdf93896-5abf-403c-99a8-bb8ea43c9a14@group-5B9310BC09E2-cacheEviction-AwaitToRun" daemon prio=5 tid=692 in Object.wait()
java.lang.Thread.State: WAITING (on object monitor)
        at java.base@17.0.11/jdk.internal.misc.Unsafe.park(Native Method)
        at java.base@17.0.11/java.util.concurrent.locks.LockSupport.park(LockSupport.java:341)
        at java.base@17.0.11/java.util.concurrent.locks.AbstractQueuedSynchronizer$ConditionNode.block(AbstractQueuedSynchronizer.java:506)
        at java.base@17.0.11/java.util.concurrent.ForkJoinPool.unmanagedBlock(ForkJoinPool.java:3465)
        at java.base@17.0.11/java.util.concurrent.ForkJoinPool.managedBlock(ForkJoinPool.java:3436)
        at java.base@17.0.11/java.util.concurrent.locks.AbstractQueuedSynchronizer$ConditionObject.await(AbstractQueuedSynchronizer.java:1625)
        at app//org.apache.ratis.util.AwaitForSignal.await(AwaitForSignal.java:48)
        at app//org.apache.ratis.util.AwaitToRun$RunnableImpl.run(AwaitToRun.java:47)
        at java.base@17.0.11/java.lang.Thread.run(Thread.java:840)
"Finalizer" daemon prio=8 tid=3 in Object.wait()
java.lang.Thread.State: WAITING (on object monitor)
        at java.base@17.0.11/java.lang.Object.wait(Native Method)
        at java.base@17.0.11/java.lang.ref.ReferenceQueue.remove(ReferenceQueue.java:155)
        at java.base@17.0.11/java.lang.ref.ReferenceQueue.remove(ReferenceQueue.java:176)
        at java.base@17.0.11/java.lang.ref.Finalizer$FinalizerThread.run(Finalizer.java:172)
"om1-OpenKeyCleanupService#0" daemon prio=5 tid=404 timed_waiting
java.lang.Thread.State: TIMED_WAITING
        at java.base@17.0.11/jdk.internal.misc.Unsafe.park(Native Method)
        at java.base@17.0.11/java.util.concurrent.locks.LockSupport.parkNanos(LockSupport.java:252)
        at java.base@17.0.11/java.util.concurrent.locks.AbstractQueuedSynchronizer$ConditionObject.awaitNanos(AbstractQueuedSynchronizer.java:1674)
        at java.base@17.0.11/java.util.concurrent.ScheduledThreadPoolExecutor$DelayedWorkQueue.take(ScheduledThreadPoolExecutor.java:1182)
        at java.base@17.0.11/java.util.concurrent.ScheduledThreadPoolExecutor$DelayedWorkQueue.take(ScheduledThreadPoolExecutor.java:899)
        at java.base@17.0.11/java.util.concurrent.ThreadPoolExecutor.getTask(ThreadPoolExecutor.java:1062)
        at java.base@17.0.11/java.util.concurrent.ThreadPoolExecutor.runWorker(ThreadPoolExecutor.java:1122)
        at java.base@17.0.11/java.util.concurrent.ThreadPoolExecutor$Worker.run(ThreadPoolExecutor.java:635)
        at java.base@17.0.11/java.lang.Thread.run(Thread.java:840)
"StaleRecoveringContainerScrubbingService#0" daemon prio=5 tid=595 timed_waiting
java.lang.Thread.State: TIMED_WAITING
        at java.base@17.0.11/jdk.internal.misc.Unsafe.park(Native Method)
        at java.base@17.0.11/java.util.concurrent.locks.LockSupport.parkNanos(LockSupport.java:252)
        at java.base@17.0.11/java.util.concurrent.locks.AbstractQueuedSynchronizer$ConditionObject.awaitNanos(AbstractQueuedSynchronizer.java:1674)
        at java.base@17.0.11/java.util.concurrent.ScheduledThreadPoolExecutor$DelayedWorkQueue.take(ScheduledThreadPoolExecutor.java:1182)
        at java.base@17.0.11/java.util.concurrent.ScheduledThreadPoolExecutor$DelayedWorkQueue.take(ScheduledThreadPoolExecutor.java:899)
        at java.base@17.0.11/java.util.concurrent.ThreadPoolExecutor.getTask(ThreadPoolExecutor.java:1062)
        at java.base@17.0.11/java.util.concurrent.ThreadPoolExecutor.runWorker(ThreadPoolExecutor.java:1122)
        at java.base@17.0.11/java.util.concurrent.ThreadPoolExecutor$Worker.run(ThreadPoolExecutor.java:635)
        at java.base@17.0.11/java.lang.Thread.run(Thread.java:840)
"qtp305348271-506" daemon prio=5 tid=506 timed_waiting
java.lang.Thread.State: TIMED_WAITING
        at java.base@17.0.11/jdk.internal.misc.Unsafe.park(Native Method)
        at java.base@17.0.11/java.util.concurrent.locks.LockSupport.parkNanos(LockSupport.java:252)
        at java.base@17.0.11/java.util.concurrent.locks.AbstractQueuedSynchronizer$ConditionObject.awaitNanos(AbstractQueuedSynchronizer.java:1674)
        at app//org.eclipse.jetty.util.BlockingArrayQueue.poll(BlockingArrayQueue.java:382)
        at app//org.eclipse.jetty.util.thread.QueuedThreadPool$Runner.idleJobPoll(QueuedThreadPool.java:974)
        at app//org.eclipse.jetty.util.thread.QueuedThreadPool$Runner.run(QueuedThreadPool.java:1018)
        at java.base@17.0.11/java.lang.Thread.run(Thread.java:840)
"IPC Server handler 55 on default port 15001" daemon prio=5 tid=218 timed_waiting
java.lang.Thread.State: TIMED_WAITING
        at java.base@17.0.11/jdk.internal.misc.Unsafe.park(Native Method)
        at java.base@17.0.11/java.util.concurrent.locks.LockSupport.parkNanos(LockSupport.java:252)
        at java.base@17.0.11/java.util.concurrent.locks.AbstractQueuedSynchronizer$ConditionObject.awaitNanos(AbstractQueuedSynchronizer.java:1674)
        at java.base@17.0.11/java.util.concurrent.LinkedBlockingQueue.poll(LinkedBlockingQueue.java:460)
        at app//org.apache.hadoop.ipc.CallQueueManager.take(CallQueueManager.java:317)
        at app//org.apache.hadoop.ipc.Server$Handler.run(Server.java:3014)
"fdf93896-5abf-403c-99a8-bb8ea43c9a14@group-39932C3C694B-StateMachineUpdater" daemon prio=5 tid=760 timed_waiting
java.lang.Thread.State: TIMED_WAITING
        at java.base@17.0.11/jdk.internal.misc.Unsafe.park(Native Method)
        at java.base@17.0.11/java.util.concurrent.locks.LockSupport.parkNanos(LockSupport.java:252)
        at java.base@17.0.11/java.util.concurrent.locks.AbstractQueuedSynchronizer$ConditionObject.await(AbstractQueuedSynchronizer.java:1759)
        at app//org.apache.ratis.util.AwaitForSignal.await(AwaitForSignal.java:65)
        at app//org.apache.ratis.server.impl.StateMachineUpdater.waitForCommit(StateMachineUpdater.java:211)
        at app//org.apache.ratis.server.impl.StateMachineUpdater.run(StateMachineUpdater.java:180)
        at java.base@17.0.11/java.lang.Thread.run(Thread.java:840)
"IPC Server handler 44 on default port 15001" daemon prio=5 tid=207 timed_waiting
java.lang.Thread.State: TIMED_WAITING
        at java.base@17.0.11/jdk.internal.misc.Unsafe.park(Native Method)
        at java.base@17.0.11/java.util.concurrent.locks.LockSupport.parkNanos(LockSupport.java:252)
        at java.base@17.0.11/java.util.concurrent.locks.AbstractQueuedSynchronizer$ConditionObject.awaitNanos(AbstractQueuedSynchronizer.java:1674)
        at java.base@17.0.11/java.util.concurrent.LinkedBlockingQueue.poll(LinkedBlockingQueue.java:460)
        at app//org.apache.hadoop.ipc.CallQueueManager.take(CallQueueManager.java:317)
        at app//org.apache.hadoop.ipc.Server$Handler.run(Server.java:3014)
"Session-HouseKeeper-4f2a0651-1"  prio=5 tid=453 timed_waiting
java.lang.Thread.State: TIMED_WAITING
        at java.base@17.0.11/jdk.internal.misc.Unsafe.park(Native Method)
        at java.base@17.0.11/java.util.concurrent.locks.LockSupport.parkNanos(LockSupport.java:252)
        at java.base@17.0.11/java.util.concurrent.locks.AbstractQueuedSynchronizer$ConditionObject.awaitNanos(AbstractQueuedSynchronizer.java:1674)
        at java.base@17.0.11/java.util.concurrent.ScheduledThreadPoolExecutor$DelayedWorkQueue.take(ScheduledThreadPoolExecutor.java:1182)
        at java.base@17.0.11/java.util.concurrent.ScheduledThreadPoolExecutor$DelayedWorkQueue.take(ScheduledThreadPoolExecutor.java:899)
        at java.base@17.0.11/java.util.concurrent.ThreadPoolExecutor.getTask(ThreadPoolExecutor.java:1062)
        at java.base@17.0.11/java.util.concurrent.ThreadPoolExecutor.runWorker(ThreadPoolExecutor.java:1122)
        at java.base@17.0.11/java.util.concurrent.ThreadPoolExecutor$Worker.run(ThreadPoolExecutor.java:635)
        at java.base@17.0.11/java.lang.Thread.run(Thread.java:840)
"IPC Server Responder" daemon prio=5 tid=50 runnable
java.lang.Thread.State: RUNNABLE
        at java.base@17.0.11/sun.nio.ch.EPoll.wait(Native Method)
        at java.base@17.0.11/sun.nio.ch.EPollSelectorImpl.doSelect(EPollSelectorImpl.java:118)
        at java.base@17.0.11/sun.nio.ch.SelectorImpl.lockAndDoSelect(SelectorImpl.java:129)
        at java.base@17.0.11/sun.nio.ch.SelectorImpl.select(SelectorImpl.java:141)
        at app//org.apache.hadoop.ipc.Server$Responder.doRunLoop(Server.java:1582)
        at app//org.apache.hadoop.ipc.Server$Responder.run(Server.java:1565)
"qtp1697532854-449" daemon prio=5 tid=449 timed_waiting
java.lang.Thread.State: TIMED_WAITING
        at java.base@17.0.11/jdk.internal.misc.Unsafe.park(Native Method)
        at java.base@17.0.11/java.util.concurrent.locks.LockSupport.parkNanos(LockSupport.java:252)
        at java.base@17.0.11/java.util.concurrent.locks.AbstractQueuedSynchronizer$ConditionObject.awaitNanos(AbstractQueuedSynchronizer.java:1674)
        at app//org.eclipse.jetty.util.BlockingArrayQueue.poll(BlockingArrayQueue.java:382)
        at app//org.eclipse.jetty.util.thread.QueuedThreadPool$Runner.idleJobPoll(QueuedThreadPool.java:974)
        at app//org.eclipse.jetty.util.thread.QueuedThreadPool$Runner.run(QueuedThreadPool.java:1018)
        at java.base@17.0.11/java.lang.Thread.run(Thread.java:840)
"IPC Server handler 33 on default port 15002" daemon prio=5 tid=296 timed_waiting
java.lang.Thread.State: TIMED_WAITING
        at java.base@17.0.11/jdk.internal.misc.Unsafe.park(Native Method)
        at java.base@17.0.11/java.util.concurrent.locks.LockSupport.parkNanos(LockSupport.java:252)
        at java.base@17.0.11/java.util.concurrent.locks.AbstractQueuedSynchronizer$ConditionObject.awaitNanos(AbstractQueuedSynchronizer.java:1674)
        at java.base@17.0.11/java.util.concurrent.LinkedBlockingQueue.poll(LinkedBlockingQueue.java:460)
        at app//org.apache.hadoop.ipc.CallQueueManager.take(CallQueueManager.java:317)
        at app//org.apache.hadoop.ipc.Server$Handler.run(Server.java:3014)
"IPC Server handler 6 on default port 15004" daemon prio=5 tid=425 timed_waiting
java.lang.Thread.State: TIMED_WAITING
        at java.base@17.0.11/jdk.internal.misc.Unsafe.park(Native Method)
        at java.base@17.0.11/java.util.concurrent.locks.LockSupport.parkNanos(LockSupport.java:252)
        at java.base@17.0.11/java.util.concurrent.locks.AbstractQueuedSynchronizer$ConditionObject.awaitNanos(AbstractQueuedSynchronizer.java:1674)
        at java.base@17.0.11/java.util.concurrent.LinkedBlockingQueue.poll(LinkedBlockingQueue.java:460)
        at app//org.apache.hadoop.ipc.CallQueueManager.take(CallQueueManager.java:317)
        at app//org.apache.hadoop.ipc.Server$Handler.run(Server.java:3014)
"Session-HouseKeeper-25824720-1"  prio=5 tid=507 timed_waiting
java.lang.Thread.State: TIMED_WAITING
        at java.base@17.0.11/jdk.internal.misc.Unsafe.park(Native Method)
        at java.base@17.0.11/java.util.concurrent.locks.LockSupport.parkNanos(LockSupport.java:252)
        at java.base@17.0.11/java.util.concurrent.locks.AbstractQueuedSynchronizer$ConditionObject.awaitNanos(AbstractQueuedSynchronizer.java:1674)
        at java.base@17.0.11/java.util.concurrent.ScheduledThreadPoolExecutor$DelayedWorkQueue.take(ScheduledThreadPoolExecutor.java:1182)
        at java.base@17.0.11/java.util.concurrent.ScheduledThreadPoolExecutor$DelayedWorkQueue.take(ScheduledThreadPoolExecutor.java:899)
        at java.base@17.0.11/java.util.concurrent.ThreadPoolExecutor.getTask(ThreadPoolExecutor.java:1062)
        at java.base@17.0.11/java.util.concurrent.ThreadPoolExecutor.runWorker(ThreadPoolExecutor.java:1122)
        at java.base@17.0.11/java.util.concurrent.ThreadPoolExecutor$Worker.run(ThreadPoolExecutor.java:635)
        at java.base@17.0.11/java.lang.Thread.run(Thread.java:840)
"c511b233-3aa4-4954-9335-f5d54c64e497-ChunkReader-4" daemon prio=5 tid=864 in Object.wait()
java.lang.Thread.State: WAITING (on object monitor)
        at java.base@17.0.11/jdk.internal.misc.Unsafe.park(Native Method)
        at java.base@17.0.11/java.util.concurrent.locks.LockSupport.park(LockSupport.java:341)
        at java.base@17.0.11/java.util.concurrent.locks.AbstractQueuedSynchronizer$ConditionNode.block(AbstractQueuedSynchronizer.java:506)
        at java.base@17.0.11/java.util.concurrent.ForkJoinPool.unmanagedBlock(ForkJoinPool.java:3465)
        at java.base@17.0.11/java.util.concurrent.ForkJoinPool.managedBlock(ForkJoinPool.java:3436)
        at java.base@17.0.11/java.util.concurrent.locks.AbstractQueuedSynchronizer$ConditionObject.await(AbstractQueuedSynchronizer.java:1625)
        at java.base@17.0.11/java.util.concurrent.LinkedBlockingQueue.take(LinkedBlockingQueue.java:435)
        at java.base@17.0.11/java.util.concurrent.ThreadPoolExecutor.getTask(ThreadPoolExecutor.java:1062)
        at java.base@17.0.11/java.util.concurrent.ThreadPoolExecutor.runWorker(ThreadPoolExecutor.java:1122)
        at java.base@17.0.11/java.util.concurrent.ThreadPoolExecutor$Worker.run(ThreadPoolExecutor.java:635)
        at java.base@17.0.11/java.lang.Thread.run(Thread.java:840)
"c511b233-3aa4-4954-9335-f5d54c64e497-impl-thread1"  prio=5 tid=441 timed_waiting
java.lang.Thread.State: TIMED_WAITING
        at java.base@17.0.11/jdk.internal.misc.Unsafe.park(Native Method)
        at java.base@17.0.11/java.util.concurrent.locks.LockSupport.parkNanos(LockSupport.java:252)
        at java.base@17.0.11/java.util.concurrent.SynchronousQueue$TransferStack.transfer(SynchronousQueue.java:401)
        at java.base@17.0.11/java.util.concurrent.SynchronousQueue.poll(SynchronousQueue.java:903)
        at java.base@17.0.11/java.util.concurrent.ThreadPoolExecutor.getTask(ThreadPoolExecutor.java:1061)
        at java.base@17.0.11/java.util.concurrent.ThreadPoolExecutor.runWorker(ThreadPoolExecutor.java:1122)
        at java.base@17.0.11/java.util.concurrent.ThreadPoolExecutor$Worker.run(ThreadPoolExecutor.java:635)
        at java.base@17.0.11/java.lang.Thread.run(Thread.java:840)
"IPC Server handler 45 on default port 15002" daemon prio=5 tid=308 timed_waiting
java.lang.Thread.State: TIMED_WAITING
        at java.base@17.0.11/jdk.internal.misc.Unsafe.park(Native Method)
        at java.base@17.0.11/java.util.concurrent.locks.LockSupport.parkNanos(LockSupport.java:252)
        at java.base@17.0.11/java.util.concurrent.locks.AbstractQueuedSynchronizer$ConditionObject.awaitNanos(AbstractQueuedSynchronizer.java:1674)
        at java.base@17.0.11/java.util.concurrent.LinkedBlockingQueue.poll(LinkedBlockingQueue.java:460)
        at app//org.apache.hadoop.ipc.CallQueueManager.take(CallQueueManager.java:317)
        at app//org.apache.hadoop.ipc.Server$Handler.run(Server.java:3014)
"fdf93896-5abf-403c-99a8-bb8ea43c9a14-CommandProcessorThread" daemon prio=5 tid=492 timed_waiting
java.lang.Thread.State: TIMED_WAITING
        at java.base@17.0.11/java.lang.Thread.sleep(Native Method)
        at app//org.apache.hadoop.ozone.container.common.statemachine.DatanodeStateMachine.lambda$initCommandHandlerThread$4(DatanodeStateMachine.java:674)
        at app//org.apache.hadoop.ozone.container.common.statemachine.DatanodeStateMachine$$Lambda$1296/0x00007f53848f49a0.run(Unknown Source)
        at java.base@17.0.11/java.lang.Thread.run(Thread.java:840)
"prometheus" daemon prio=5 tid=376 in Object.wait()
java.lang.Thread.State: WAITING (on object monitor)
        at java.base@17.0.11/java.lang.Object.wait(Native Method)
        at java.base@17.0.11/java.lang.Object.wait(Object.java:338)
        at app//org.apache.hadoop.metrics2.impl.SinkQueue.waitForData(SinkQueue.java:114)
        at app//org.apache.hadoop.metrics2.impl.SinkQueue.consumeAll(SinkQueue.java:83)
        at app//org.apache.hadoop.metrics2.impl.MetricsSinkAdapter.publishMetricsFromQueue(MetricsSinkAdapter.java:135)
        at app//org.apache.hadoop.metrics2.impl.MetricsSinkAdapter$1.run(MetricsSinkAdapter.java:89)
"IPC Server idle connection scanner for port 15010" daemon prio=5 tid=456 timed_waiting
java.lang.Thread.State: TIMED_WAITING
        at java.base@17.0.11/java.lang.Object.wait(Native Method)
        at java.base@17.0.11/java.util.TimerThread.mainLoop(Timer.java:563)
        at java.base@17.0.11/java.util.TimerThread.run(Timer.java:516)
"qtp1443753836-530" daemon prio=5 tid=530 timed_waiting
java.lang.Thread.State: TIMED_WAITING
        at java.base@17.0.11/jdk.internal.misc.Unsafe.park(Native Method)
        at java.base@17.0.11/java.util.concurrent.locks.LockSupport.parkNanos(LockSupport.java:252)
        at java.base@17.0.11/java.util.concurrent.locks.AbstractQueuedSynchronizer$ConditionObject.awaitNanos(AbstractQueuedSynchronizer.java:1674)
        at app//org.eclipse.jetty.util.BlockingArrayQueue.poll(BlockingArrayQueue.java:382)
        at app//org.eclipse.jetty.util.thread.QueuedThreadPool$Runner.idleJobPoll(QueuedThreadPool.java:974)
        at app//org.eclipse.jetty.util.thread.QueuedThreadPool$Runner.run(QueuedThreadPool.java:1018)
        at java.base@17.0.11/java.lang.Thread.run(Thread.java:840)
"c511b233-3aa4-4954-9335-f5d54c64e497-CloseContainerThread-0"  prio=5 tid=900 in Object.wait()
java.lang.Thread.State: WAITING (on object monitor)
        at java.base@17.0.11/jdk.internal.misc.Unsafe.park(Native Method)
        at java.base@17.0.11/java.util.concurrent.locks.LockSupport.park(LockSupport.java:341)
        at java.base@17.0.11/java.util.concurrent.locks.AbstractQueuedSynchronizer$ConditionNode.block(AbstractQueuedSynchronizer.java:506)
        at java.base@17.0.11/java.util.concurrent.ForkJoinPool.unmanagedBlock(ForkJoinPool.java:3465)
        at java.base@17.0.11/java.util.concurrent.ForkJoinPool.managedBlock(ForkJoinPool.java:3436)
        at java.base@17.0.11/java.util.concurrent.locks.AbstractQueuedSynchronizer$ConditionObject.await(AbstractQueuedSynchronizer.java:1625)
        at java.base@17.0.11/java.util.concurrent.LinkedBlockingQueue.take(LinkedBlockingQueue.java:435)
        at java.base@17.0.11/java.util.concurrent.ThreadPoolExecutor.getTask(ThreadPoolExecutor.java:1062)
        at java.base@17.0.11/java.util.concurrent.ThreadPoolExecutor.runWorker(ThreadPoolExecutor.java:1122)
        at java.base@17.0.11/java.util.concurrent.ThreadPoolExecutor$Worker.run(ThreadPoolExecutor.java:635)
        at java.base@17.0.11/java.lang.Thread.run(Thread.java:840)
"6d6fe673-47e6-46c0-a6fc-601f54cde379-DatanodeStateMachineTaskThread-0"  prio=5 tid=547 in Object.wait()
java.lang.Thread.State: WAITING (on object monitor)
        at java.base@17.0.11/jdk.internal.misc.Unsafe.park(Native Method)
        at java.base@17.0.11/java.util.concurrent.locks.LockSupport.park(LockSupport.java:341)
        at java.base@17.0.11/java.util.concurrent.locks.AbstractQueuedSynchronizer$ConditionNode.block(AbstractQueuedSynchronizer.java:506)
        at java.base@17.0.11/java.util.concurrent.ForkJoinPool.unmanagedBlock(ForkJoinPool.java:3465)
        at java.base@17.0.11/java.util.concurrent.ForkJoinPool.managedBlock(ForkJoinPool.java:3436)
        at java.base@17.0.11/java.util.concurrent.locks.AbstractQueuedSynchronizer$ConditionObject.await(AbstractQueuedSynchronizer.java:1625)
        at java.base@17.0.11/java.util.concurrent.LinkedBlockingQueue.take(LinkedBlockingQueue.java:435)
        at java.base@17.0.11/java.util.concurrent.ThreadPoolExecutor.getTask(ThreadPoolExecutor.java:1062)
        at java.base@17.0.11/java.util.concurrent.ThreadPoolExecutor.runWorker(ThreadPoolExecutor.java:1122)
        at java.base@17.0.11/java.util.concurrent.ThreadPoolExecutor$Worker.run(ThreadPoolExecutor.java:635)
        at java.base@17.0.11/java.lang.Thread.run(Thread.java:840)
"IPC Server handler 13 on default port 15004" daemon prio=5 tid=432 timed_waiting
java.lang.Thread.State: TIMED_WAITING
        at java.base@17.0.11/jdk.internal.misc.Unsafe.park(Native Method)
        at java.base@17.0.11/java.util.concurrent.locks.LockSupport.parkNanos(LockSupport.java:252)
        at java.base@17.0.11/java.util.concurrent.locks.AbstractQueuedSynchronizer$ConditionObject.awaitNanos(AbstractQueuedSynchronizer.java:1674)
        at java.base@17.0.11/java.util.concurrent.LinkedBlockingQueue.poll(LinkedBlockingQueue.java:460)
        at app//org.apache.hadoop.ipc.CallQueueManager.take(CallQueueManager.java:317)
        at app//org.apache.hadoop.ipc.Server$Handler.run(Server.java:3014)
"IPC Server handler 38 on default port 15001" daemon prio=5 tid=201 timed_waiting
java.lang.Thread.State: TIMED_WAITING
        at java.base@17.0.11/jdk.internal.misc.Unsafe.park(Native Method)
        at java.base@17.0.11/java.util.concurrent.locks.LockSupport.parkNanos(LockSupport.java:252)
        at java.base@17.0.11/java.util.concurrent.locks.AbstractQueuedSynchronizer$ConditionObject.awaitNanos(AbstractQueuedSynchronizer.java:1674)
        at java.base@17.0.11/java.util.concurrent.LinkedBlockingQueue.poll(LinkedBlockingQueue.java:460)
        at app//org.apache.hadoop.ipc.CallQueueManager.take(CallQueueManager.java:317)
        at app//org.apache.hadoop.ipc.Server$Handler.run(Server.java:3014)
"IPC Server idle connection scanner for port 15019" daemon prio=5 tid=483 timed_waiting
java.lang.Thread.State: TIMED_WAITING
        at java.base@17.0.11/java.lang.Object.wait(Native Method)
        at java.base@17.0.11/java.util.TimerThread.mainLoop(Timer.java:563)
        at java.base@17.0.11/java.util.TimerThread.run(Timer.java:516)
"b47eb027-4b7a-4ddc-bf7f-0870758e0604-impl-thread1"  prio=5 tid=496 timed_waiting
java.lang.Thread.State: TIMED_WAITING
        at java.base@17.0.11/jdk.internal.misc.Unsafe.park(Native Method)
        at java.base@17.0.11/java.util.concurrent.locks.LockSupport.parkNanos(LockSupport.java:252)
        at java.base@17.0.11/java.util.concurrent.SynchronousQueue$TransferStack.transfer(SynchronousQueue.java:401)
        at java.base@17.0.11/java.util.concurrent.SynchronousQueue.poll(SynchronousQueue.java:903)
        at java.base@17.0.11/java.util.concurrent.ThreadPoolExecutor.getTask(ThreadPoolExecutor.java:1061)
        at java.base@17.0.11/java.util.concurrent.ThreadPoolExecutor.runWorker(ThreadPoolExecutor.java:1122)
        at java.base@17.0.11/java.util.concurrent.ThreadPoolExecutor$Worker.run(ThreadPoolExecutor.java:635)
        at java.base@17.0.11/java.lang.Thread.run(Thread.java:840)
"6d6fe673-47e6-46c0-a6fc-601f54cde379-NettyServerStreamRpc-bossGroup--thread1"  prio=5 tid=522 runnable
java.lang.Thread.State: RUNNABLE
        at app//org.apache.ratis.thirdparty.io.netty.channel.epoll.Native.epollWait(Native Method)
        at app//org.apache.ratis.thirdparty.io.netty.channel.epoll.Native.epollWait(Native.java:209)
        at app//org.apache.ratis.thirdparty.io.netty.channel.epoll.Native.epollWait(Native.java:202)
        at app//org.apache.ratis.thirdparty.io.netty.channel.epoll.EpollEventLoop.epollWaitNoTimerChange(EpollEventLoop.java:316)
        at app//org.apache.ratis.thirdparty.io.netty.channel.epoll.EpollEventLoop.run(EpollEventLoop.java:373)
        at app//org.apache.ratis.thirdparty.io.netty.util.concurrent.SingleThreadEventExecutor$4.run(SingleThreadEventExecutor.java:997)
        at app//org.apache.ratis.thirdparty.io.netty.util.internal.ThreadExecutorMap$2.run(ThreadExecutorMap.java:74)
        at java.base@17.0.11/java.lang.Thread.run(Thread.java:840)
"c511b233-3aa4-4954-9335-f5d54c64e497@group-39932C3C694B-SegmentedRaftLogWorker"  prio=5 tid=745 timed_waiting
java.lang.Thread.State: TIMED_WAITING
        at java.base@17.0.11/jdk.internal.misc.Unsafe.park(Native Method)
        at java.base@17.0.11/java.util.concurrent.locks.LockSupport.parkNanos(LockSupport.java:252)
        at java.base@17.0.11/java.util.concurrent.locks.AbstractQueuedSynchronizer$ConditionObject.awaitNanos(AbstractQueuedSynchronizer.java:1674)
        at app//org.apache.ratis.util.DataBlockingQueue.poll(DataBlockingQueue.java:148)
        at app//org.apache.ratis.server.raftlog.segmented.SegmentedRaftLogWorker.run(SegmentedRaftLogWorker.java:299)
        at app//org.apache.ratis.server.raftlog.segmented.SegmentedRaftLogWorker$$Lambda$1174/0x00007f53848736a8.run(Unknown Source)
        at java.base@17.0.11/java.util.concurrent.Executors$RunnableAdapter.call(Executors.java:539)
        at java.base@17.0.11/java.util.concurrent.FutureTask.run(FutureTask.java:264)
        at java.base@17.0.11/java.util.concurrent.ThreadPoolExecutor.runWorker(ThreadPoolExecutor.java:1136)
        at java.base@17.0.11/java.util.concurrent.ThreadPoolExecutor$Worker.run(ThreadPoolExecutor.java:635)
        at java.base@17.0.11/java.lang.Thread.run(Thread.java:840)
"qtp852779561-372" daemon prio=5 tid=372 timed_waiting
java.lang.Thread.State: TIMED_WAITING
        at java.base@17.0.11/jdk.internal.misc.Unsafe.park(Native Method)
        at java.base@17.0.11/java.util.concurrent.locks.LockSupport.parkNanos(LockSupport.java:252)
        at java.base@17.0.11/java.util.concurrent.locks.AbstractQueuedSynchronizer$ConditionObject.awaitNanos(AbstractQueuedSynchronizer.java:1674)
        at app//org.eclipse.jetty.util.BlockingArrayQueue.poll(BlockingArrayQueue.java:382)
        at app//org.eclipse.jetty.util.thread.QueuedThreadPool$Runner.idleJobPoll(QueuedThreadPool.java:974)
        at app//org.eclipse.jetty.util.thread.QueuedThreadPool$Runner.run(QueuedThreadPool.java:1018)
        at java.base@17.0.11/java.lang.Thread.run(Thread.java:840)
"IPC Server handler 66 on default port 15001" daemon prio=5 tid=229 timed_waiting
java.lang.Thread.State: TIMED_WAITING
        at java.base@17.0.11/jdk.internal.misc.Unsafe.park(Native Method)
        at java.base@17.0.11/java.util.concurrent.locks.LockSupport.parkNanos(LockSupport.java:252)
        at java.base@17.0.11/java.util.concurrent.locks.AbstractQueuedSynchronizer$ConditionObject.awaitNanos(AbstractQueuedSynchronizer.java:1674)
        at java.base@17.0.11/java.util.concurrent.LinkedBlockingQueue.poll(LinkedBlockingQueue.java:460)
        at app//org.apache.hadoop.ipc.CallQueueManager.take(CallQueueManager.java:317)
        at app//org.apache.hadoop.ipc.Server$Handler.run(Server.java:3014)
"fdf93896-5abf-403c-99a8-bb8ea43c9a14-PeriodicHDDSVolumeChecker" daemon prio=5 tid=600 timed_waiting
java.lang.Thread.State: TIMED_WAITING
        at java.base@17.0.11/jdk.internal.misc.Unsafe.park(Native Method)
        at java.base@17.0.11/java.util.concurrent.locks.LockSupport.parkNanos(LockSupport.java:252)
        at java.base@17.0.11/java.util.concurrent.locks.AbstractQueuedSynchronizer$ConditionObject.awaitNanos(AbstractQueuedSynchronizer.java:1674)
        at java.base@17.0.11/java.util.concurrent.ScheduledThreadPoolExecutor$DelayedWorkQueue.take(ScheduledThreadPoolExecutor.java:1182)
        at java.base@17.0.11/java.util.concurrent.ScheduledThreadPoolExecutor$DelayedWorkQueue.take(ScheduledThreadPoolExecutor.java:899)
        at java.base@17.0.11/java.util.concurrent.ThreadPoolExecutor.getTask(ThreadPoolExecutor.java:1062)
        at java.base@17.0.11/java.util.concurrent.ThreadPoolExecutor.runWorker(ThreadPoolExecutor.java:1122)
        at java.base@17.0.11/java.util.concurrent.ThreadPoolExecutor$Worker.run(ThreadPoolExecutor.java:635)
        at java.base@17.0.11/java.lang.Thread.run(Thread.java:840)
"EventQueue-PipelineReportForOneReplicaPipelineSafeModeRule" daemon prio=5 tid=676 in Object.wait()
java.lang.Thread.State: WAITING (on object monitor)
        at java.base@17.0.11/jdk.internal.misc.Unsafe.park(Native Method)
        at java.base@17.0.11/java.util.concurrent.locks.LockSupport.park(LockSupport.java:341)
        at java.base@17.0.11/java.util.concurrent.locks.AbstractQueuedSynchronizer$ConditionNode.block(AbstractQueuedSynchronizer.java:506)
        at java.base@17.0.11/java.util.concurrent.ForkJoinPool.unmanagedBlock(ForkJoinPool.java:3465)
        at java.base@17.0.11/java.util.concurrent.ForkJoinPool.managedBlock(ForkJoinPool.java:3436)
        at java.base@17.0.11/java.util.concurrent.locks.AbstractQueuedSynchronizer$ConditionObject.await(AbstractQueuedSynchronizer.java:1625)
        at java.base@17.0.11/java.util.concurrent.LinkedBlockingQueue.take(LinkedBlockingQueue.java:435)
        at java.base@17.0.11/java.util.concurrent.ThreadPoolExecutor.getTask(ThreadPoolExecutor.java:1062)
        at java.base@17.0.11/java.util.concurrent.ThreadPoolExecutor.runWorker(ThreadPoolExecutor.java:1122)
        at java.base@17.0.11/java.util.concurrent.ThreadPoolExecutor$Worker.run(ThreadPoolExecutor.java:635)
        at java.base@17.0.11/java.lang.Thread.run(Thread.java:840)
"fdf93896-5abf-403c-99a8-bb8ea43c9a14-ChunkReader-3" daemon prio=5 tid=867 in Object.wait()
java.lang.Thread.State: WAITING (on object monitor)
        at java.base@17.0.11/jdk.internal.misc.Unsafe.park(Native Method)
        at java.base@17.0.11/java.util.concurrent.locks.LockSupport.park(LockSupport.java:341)
        at java.base@17.0.11/java.util.concurrent.locks.AbstractQueuedSynchronizer$ConditionNode.block(AbstractQueuedSynchronizer.java:506)
        at java.base@17.0.11/java.util.concurrent.ForkJoinPool.unmanagedBlock(ForkJoinPool.java:3465)
        at java.base@17.0.11/java.util.concurrent.ForkJoinPool.managedBlock(ForkJoinPool.java:3436)
        at java.base@17.0.11/java.util.concurrent.locks.AbstractQueuedSynchronizer$ConditionObject.await(AbstractQueuedSynchronizer.java:1625)
        at java.base@17.0.11/java.util.concurrent.LinkedBlockingQueue.take(LinkedBlockingQueue.java:435)
        at java.base@17.0.11/java.util.concurrent.ThreadPoolExecutor.getTask(ThreadPoolExecutor.java:1062)
        at java.base@17.0.11/java.util.concurrent.ThreadPoolExecutor.runWorker(ThreadPoolExecutor.java:1122)
        at java.base@17.0.11/java.util.concurrent.ThreadPoolExecutor$Worker.run(ThreadPoolExecutor.java:635)
        at java.base@17.0.11/java.lang.Thread.run(Thread.java:840)
"org.apache.hadoop.ozone.container.common.statemachine.commandhandler.DeleteBlocksCommandHandler$DeleteCmdWorker@36eff8df" daemon prio=5 tid=524 timed_waiting
java.lang.Thread.State: TIMED_WAITING
        at java.base@17.0.11/java.lang.Thread.sleep(Native Method)
        at app//org.apache.hadoop.ozone.container.common.statemachine.commandhandler.DeleteBlocksCommandHandler$DeleteCmdWorker.run(DeleteBlocksCommandHandler.java:259)
        at java.base@17.0.11/java.lang.Thread.run(Thread.java:840)
"6d6fe673-47e6-46c0-a6fc-601f54cde379-DatanodeStateMachineTaskThread-1"  prio=5 tid=634 in Object.wait()
java.lang.Thread.State: WAITING (on object monitor)
        at java.base@17.0.11/jdk.internal.misc.Unsafe.park(Native Method)
        at java.base@17.0.11/java.util.concurrent.locks.LockSupport.park(LockSupport.java:341)
        at java.base@17.0.11/java.util.concurrent.locks.AbstractQueuedSynchronizer$ConditionNode.block(AbstractQueuedSynchronizer.java:506)
        at java.base@17.0.11/java.util.concurrent.ForkJoinPool.unmanagedBlock(ForkJoinPool.java:3465)
        at java.base@17.0.11/java.util.concurrent.ForkJoinPool.managedBlock(ForkJoinPool.java:3436)
        at java.base@17.0.11/java.util.concurrent.locks.AbstractQueuedSynchronizer$ConditionObject.await(AbstractQueuedSynchronizer.java:1625)
        at java.base@17.0.11/java.util.concurrent.LinkedBlockingQueue.take(LinkedBlockingQueue.java:435)
        at java.base@17.0.11/java.util.concurrent.ThreadPoolExecutor.getTask(ThreadPoolExecutor.java:1062)
        at java.base@17.0.11/java.util.concurrent.ThreadPoolExecutor.runWorker(ThreadPoolExecutor.java:1122)
        at java.base@17.0.11/java.util.concurrent.ThreadPoolExecutor$Worker.run(ThreadPoolExecutor.java:635)
        at java.base@17.0.11/java.lang.Thread.run(Thread.java:840)
"IPC Server handler 6 on default port 15000" daemon prio=5 tid=69 timed_waiting
java.lang.Thread.State: TIMED_WAITING
        at java.base@17.0.11/jdk.internal.misc.Unsafe.park(Native Method)
        at java.base@17.0.11/java.util.concurrent.locks.LockSupport.parkNanos(LockSupport.java:252)
        at java.base@17.0.11/java.util.concurrent.locks.AbstractQueuedSynchronizer$ConditionObject.awaitNanos(AbstractQueuedSynchronizer.java:1674)
        at java.base@17.0.11/java.util.concurrent.LinkedBlockingQueue.poll(LinkedBlockingQueue.java:460)
        at app//org.apache.hadoop.ipc.CallQueueManager.take(CallQueueManager.java:317)
        at app//org.apache.hadoop.ipc.Server$Handler.run(Server.java:3014)
"IPC Server handler 14 on default port 15001" daemon prio=5 tid=177 timed_waiting
java.lang.Thread.State: TIMED_WAITING
        at java.base@17.0.11/jdk.internal.misc.Unsafe.park(Native Method)
        at java.base@17.0.11/java.util.concurrent.locks.LockSupport.parkNanos(LockSupport.java:252)
        at java.base@17.0.11/java.util.concurrent.locks.AbstractQueuedSynchronizer$ConditionObject.awaitNanos(AbstractQueuedSynchronizer.java:1674)
        at java.base@17.0.11/java.util.concurrent.LinkedBlockingQueue.poll(LinkedBlockingQueue.java:460)
        at app//org.apache.hadoop.ipc.CallQueueManager.take(CallQueueManager.java:317)
        at app//org.apache.hadoop.ipc.Server$Handler.run(Server.java:3014)
"IPC Server handler 95 on default port 15001" daemon prio=5 tid=258 timed_waiting
java.lang.Thread.State: TIMED_WAITING
        at java.base@17.0.11/jdk.internal.misc.Unsafe.park(Native Method)
        at java.base@17.0.11/java.util.concurrent.locks.LockSupport.parkNanos(LockSupport.java:252)
        at java.base@17.0.11/java.util.concurrent.locks.AbstractQueuedSynchronizer$ConditionObject.awaitNanos(AbstractQueuedSynchronizer.java:1674)
        at java.base@17.0.11/java.util.concurrent.LinkedBlockingQueue.poll(LinkedBlockingQueue.java:460)
        at app//org.apache.hadoop.ipc.CallQueueManager.take(CallQueueManager.java:317)
        at app//org.apache.hadoop.ipc.Server$Handler.run(Server.java:3014)
"b47eb027-4b7a-4ddc-bf7f-0870758e0604-ChunkWriter-3-0" daemon prio=5 tid=627 in Object.wait()
java.lang.Thread.State: WAITING (on object monitor)
        at java.base@17.0.11/jdk.internal.misc.Unsafe.park(Native Method)
        at java.base@17.0.11/java.util.concurrent.locks.LockSupport.park(LockSupport.java:341)
        at java.base@17.0.11/java.util.concurrent.locks.AbstractQueuedSynchronizer$ConditionNode.block(AbstractQueuedSynchronizer.java:506)
        at java.base@17.0.11/java.util.concurrent.ForkJoinPool.unmanagedBlock(ForkJoinPool.java:3465)
        at java.base@17.0.11/java.util.concurrent.ForkJoinPool.managedBlock(ForkJoinPool.java:3436)
        at java.base@17.0.11/java.util.concurrent.locks.AbstractQueuedSynchronizer$ConditionObject.await(AbstractQueuedSynchronizer.java:1625)
        at java.base@17.0.11/java.util.concurrent.LinkedBlockingDeque.takeFirst(LinkedBlockingDeque.java:485)
        at java.base@17.0.11/java.util.concurrent.LinkedBlockingDeque.take(LinkedBlockingDeque.java:673)
        at java.base@17.0.11/java.util.concurrent.ThreadPoolExecutor.getTask(ThreadPoolExecutor.java:1062)
        at java.base@17.0.11/java.util.concurrent.ThreadPoolExecutor.runWorker(ThreadPoolExecutor.java:1122)
        at java.base@17.0.11/java.util.concurrent.ThreadPoolExecutor$Worker.run(ThreadPoolExecutor.java:635)
        at java.base@17.0.11/java.lang.Thread.run(Thread.java:840)
"qtp305348271-501" daemon prio=5 tid=501 runnable
java.lang.Thread.State: RUNNABLE
        at java.base@17.0.11/sun.nio.ch.EPoll.wait(Native Method)
        at java.base@17.0.11/sun.nio.ch.EPollSelectorImpl.doSelect(EPollSelectorImpl.java:118)
        at java.base@17.0.11/sun.nio.ch.SelectorImpl.lockAndDoSelect(SelectorImpl.java:129)
        at java.base@17.0.11/sun.nio.ch.SelectorImpl.select(SelectorImpl.java:146)
        at app//org.eclipse.jetty.io.ManagedSelector.nioSelect(ManagedSelector.java:183)
        at app//org.eclipse.jetty.io.ManagedSelector.select(ManagedSelector.java:190)
        at app//org.eclipse.jetty.io.ManagedSelector$SelectorProducer.select(ManagedSelector.java:606)
        at app//org.eclipse.jetty.io.ManagedSelector$SelectorProducer.produce(ManagedSelector.java:543)
        at app//org.eclipse.jetty.util.thread.strategy.EatWhatYouKill.produceTask(EatWhatYouKill.java:362)
        at app//org.eclipse.jetty.util.thread.strategy.EatWhatYouKill.doProduce(EatWhatYouKill.java:186)
        at app//org.eclipse.jetty.util.thread.strategy.EatWhatYouKill.tryProduce(EatWhatYouKill.java:173)
        at app//org.eclipse.jetty.util.thread.strategy.EatWhatYouKill.produce(EatWhatYouKill.java:137)
        at app//org.eclipse.jetty.io.ManagedSelector$$Lambda$835/0x00007f53846a1738.run(Unknown Source)
        at app//org.eclipse.jetty.util.thread.QueuedThreadPool.runJob(QueuedThreadPool.java:883)
        at app//org.eclipse.jetty.util.thread.QueuedThreadPool$Runner.run(QueuedThreadPool.java:1034)
        at java.base@17.0.11/java.lang.Thread.run(Thread.java:840)
"IPC Server handler 12 on default port 15000" daemon prio=5 tid=75 timed_waiting
java.lang.Thread.State: TIMED_WAITING
        at java.base@17.0.11/jdk.internal.misc.Unsafe.park(Native Method)
        at java.base@17.0.11/java.util.concurrent.locks.LockSupport.parkNanos(LockSupport.java:252)
        at java.base@17.0.11/java.util.concurrent.locks.AbstractQueuedSynchronizer$ConditionObject.awaitNanos(AbstractQueuedSynchronizer.java:1674)
        at java.base@17.0.11/java.util.concurrent.LinkedBlockingQueue.poll(LinkedBlockingQueue.java:460)
        at app//org.apache.hadoop.ipc.CallQueueManager.take(CallQueueManager.java:317)
        at app//org.apache.hadoop.ipc.Server$Handler.run(Server.java:3014)
"IPC Server handler 45 on default port 15000" daemon prio=5 tid=108 timed_waiting
java.lang.Thread.State: TIMED_WAITING
        at java.base@17.0.11/jdk.internal.misc.Unsafe.park(Native Method)
        at java.base@17.0.11/java.util.concurrent.locks.LockSupport.parkNanos(LockSupport.java:252)
        at java.base@17.0.11/java.util.concurrent.locks.AbstractQueuedSynchronizer$ConditionObject.awaitNanos(AbstractQueuedSynchronizer.java:1674)
        at java.base@17.0.11/java.util.concurrent.LinkedBlockingQueue.poll(LinkedBlockingQueue.java:460)
        at app//org.apache.hadoop.ipc.CallQueueManager.take(CallQueueManager.java:317)
        at app//org.apache.hadoop.ipc.Server$Handler.run(Server.java:3014)
"qtp1090492142-474-acceptor-0@1e63d41a-ServerConnector@46eaf531{HTTP/1.1, (http/1.1)}{0.0.0.0:15018}" daemon prio=3 tid=474 runnable
java.lang.Thread.State: RUNNABLE
        at java.base@17.0.11/sun.nio.ch.Net.accept(Native Method)
        at java.base@17.0.11/sun.nio.ch.ServerSocketChannelImpl.implAccept(ServerSocketChannelImpl.java:425)
        at java.base@17.0.11/sun.nio.ch.ServerSocketChannelImpl.accept(ServerSocketChannelImpl.java:391)
        at app//org.eclipse.jetty.server.ServerConnector.accept(ServerConnector.java:388)
        at app//org.eclipse.jetty.server.AbstractConnector$Acceptor.run(AbstractConnector.java:704)
        at app//org.eclipse.jetty.util.thread.QueuedThreadPool.runJob(QueuedThreadPool.java:883)
        at app//org.eclipse.jetty.util.thread.QueuedThreadPool$Runner.run(QueuedThreadPool.java:1034)
        at java.base@17.0.11/java.lang.Thread.run(Thread.java:840)
"6d6fe673-47e6-46c0-a6fc-601f54cde379-ChunkReader-0" daemon prio=5 tid=844 in Object.wait()
java.lang.Thread.State: WAITING (on object monitor)
        at java.base@17.0.11/jdk.internal.misc.Unsafe.park(Native Method)
        at java.base@17.0.11/java.util.concurrent.locks.LockSupport.park(LockSupport.java:341)
        at java.base@17.0.11/java.util.concurrent.locks.AbstractQueuedSynchronizer$ConditionNode.block(AbstractQueuedSynchronizer.java:506)
        at java.base@17.0.11/java.util.concurrent.ForkJoinPool.unmanagedBlock(ForkJoinPool.java:3465)
        at java.base@17.0.11/java.util.concurrent.ForkJoinPool.managedBlock(ForkJoinPool.java:3436)
        at java.base@17.0.11/java.util.concurrent.locks.AbstractQueuedSynchronizer$ConditionObject.await(AbstractQueuedSynchronizer.java:1625)
        at java.base@17.0.11/java.util.concurrent.LinkedBlockingQueue.take(LinkedBlockingQueue.java:435)
        at java.base@17.0.11/java.util.concurrent.ThreadPoolExecutor.getTask(ThreadPoolExecutor.java:1062)
        at java.base@17.0.11/java.util.concurrent.ThreadPoolExecutor.runWorker(ThreadPoolExecutor.java:1122)
        at java.base@17.0.11/java.util.concurrent.ThreadPoolExecutor$Worker.run(ThreadPoolExecutor.java:635)
        at java.base@17.0.11/java.lang.Thread.run(Thread.java:840)
"pool-86-thread-1" daemon prio=5 tid=602 timed_waiting
java.lang.Thread.State: TIMED_WAITING
        at java.base@17.0.11/jdk.internal.misc.Unsafe.park(Native Method)
        at java.base@17.0.11/java.util.concurrent.locks.LockSupport.parkNanos(LockSupport.java:252)
        at java.base@17.0.11/java.util.concurrent.locks.AbstractQueuedSynchronizer$ConditionObject.awaitNanos(AbstractQueuedSynchronizer.java:1674)
        at java.base@17.0.11/java.util.concurrent.ScheduledThreadPoolExecutor$DelayedWorkQueue.take(ScheduledThreadPoolExecutor.java:1182)
        at java.base@17.0.11/java.util.concurrent.ScheduledThreadPoolExecutor$DelayedWorkQueue.take(ScheduledThreadPoolExecutor.java:899)
        at java.base@17.0.11/java.util.concurrent.ThreadPoolExecutor.getTask(ThreadPoolExecutor.java:1062)
        at java.base@17.0.11/java.util.concurrent.ThreadPoolExecutor.runWorker(ThreadPoolExecutor.java:1122)
        at java.base@17.0.11/java.util.concurrent.ThreadPoolExecutor$Worker.run(ThreadPoolExecutor.java:635)
        at java.base@17.0.11/java.lang.Thread.run(Thread.java:840)
"JvmPauseMonitor3" daemon prio=5 tid=609 timed_waiting
java.lang.Thread.State: TIMED_WAITING
        at java.base@17.0.11/java.lang.Thread.sleep(Native Method)
        at java.base@17.0.11/java.lang.Thread.sleep(Thread.java:344)
        at java.base@17.0.11/java.util.concurrent.TimeUnit.sleep(TimeUnit.java:446)
        at app//org.apache.ratis.util.TimeDuration.sleep(TimeDuration.java:353)
        at app//org.apache.ratis.util.TimeDuration.sleep(TimeDuration.java:338)
        at app//org.apache.ratis.util.JvmPauseMonitor.detectPause(JvmPauseMonitor.java:160)
        at app//org.apache.ratis.util.JvmPauseMonitor.run(JvmPauseMonitor.java:149)
        at app//org.apache.ratis.util.JvmPauseMonitor$$Lambda$795/0x00007f5384607dc8.run(Unknown Source)
        at java.base@17.0.11/java.lang.Thread.run(Thread.java:840)
"grpc-default-executor-2" daemon prio=5 tid=716 timed_waiting
java.lang.Thread.State: TIMED_WAITING
        at java.base@17.0.11/jdk.internal.misc.Unsafe.park(Native Method)
        at java.base@17.0.11/java.util.concurrent.locks.LockSupport.parkNanos(LockSupport.java:252)
        at java.base@17.0.11/java.util.concurrent.SynchronousQueue$TransferStack.transfer(SynchronousQueue.java:401)
        at java.base@17.0.11/java.util.concurrent.SynchronousQueue.poll(SynchronousQueue.java:903)
        at java.base@17.0.11/java.util.concurrent.ThreadPoolExecutor.getTask(ThreadPoolExecutor.java:1061)
        at java.base@17.0.11/java.util.concurrent.ThreadPoolExecutor.runWorker(ThreadPoolExecutor.java:1122)
        at java.base@17.0.11/java.util.concurrent.ThreadPoolExecutor$Worker.run(ThreadPoolExecutor.java:635)
        at java.base@17.0.11/java.lang.Thread.run(Thread.java:840)
"IPC Server handler 11 on default port 15001" daemon prio=5 tid=174 timed_waiting
java.lang.Thread.State: TIMED_WAITING
        at java.base@17.0.11/jdk.internal.misc.Unsafe.park(Native Method)
        at java.base@17.0.11/java.util.concurrent.locks.LockSupport.parkNanos(LockSupport.java:252)
        at java.base@17.0.11/java.util.concurrent.locks.AbstractQueuedSynchronizer$ConditionObject.awaitNanos(AbstractQueuedSynchronizer.java:1674)
        at java.base@17.0.11/java.util.concurrent.LinkedBlockingQueue.poll(LinkedBlockingQueue.java:460)
        at app//org.apache.hadoop.ipc.CallQueueManager.take(CallQueueManager.java:317)
        at app//org.apache.hadoop.ipc.Server$Handler.run(Server.java:3014)
"IPC Server handler 12 on default port 15004" daemon prio=5 tid=431 timed_waiting
java.lang.Thread.State: TIMED_WAITING
        at java.base@17.0.11/jdk.internal.misc.Unsafe.park(Native Method)
        at java.base@17.0.11/java.util.concurrent.locks.LockSupport.parkNanos(LockSupport.java:252)
        at java.base@17.0.11/java.util.concurrent.locks.AbstractQueuedSynchronizer$ConditionObject.awaitNanos(AbstractQueuedSynchronizer.java:1674)
        at java.base@17.0.11/java.util.concurrent.LinkedBlockingQueue.poll(LinkedBlockingQueue.java:460)
        at app//org.apache.hadoop.ipc.CallQueueManager.take(CallQueueManager.java:317)
        at app//org.apache.hadoop.ipc.Server$Handler.run(Server.java:3014)
"IPC Server handler 50 on default port 15002" daemon prio=5 tid=313 timed_waiting
java.lang.Thread.State: TIMED_WAITING
        at java.base@17.0.11/jdk.internal.misc.Unsafe.park(Native Method)
        at java.base@17.0.11/java.util.concurrent.locks.LockSupport.parkNanos(LockSupport.java:252)
        at java.base@17.0.11/java.util.concurrent.locks.AbstractQueuedSynchronizer$ConditionObject.awaitNanos(AbstractQueuedSynchronizer.java:1674)
        at java.base@17.0.11/java.util.concurrent.LinkedBlockingQueue.poll(LinkedBlockingQueue.java:460)
        at app//org.apache.hadoop.ipc.CallQueueManager.take(CallQueueManager.java:317)
        at app//org.apache.hadoop.ipc.Server$Handler.run(Server.java:3014)
"qtp1697532854-452" daemon prio=5 tid=452 timed_waiting
java.lang.Thread.State: TIMED_WAITING
        at java.base@17.0.11/jdk.internal.misc.Unsafe.park(Native Method)
        at java.base@17.0.11/java.util.concurrent.locks.LockSupport.parkNanos(LockSupport.java:252)
        at java.base@17.0.11/java.util.concurrent.locks.AbstractQueuedSynchronizer$ConditionObject.awaitNanos(AbstractQueuedSynchronizer.java:1674)
        at app//org.eclipse.jetty.util.BlockingArrayQueue.poll(BlockingArrayQueue.java:382)
        at app//org.eclipse.jetty.util.thread.QueuedThreadPool$Runner.idleJobPoll(QueuedThreadPool.java:974)
        at app//org.eclipse.jetty.util.thread.QueuedThreadPool$Runner.run(QueuedThreadPool.java:1018)
        at java.base@17.0.11/java.lang.Thread.run(Thread.java:840)
"c511b233-3aa4-4954-9335-f5d54c64e497-DatanodeStateMachineTaskThread-1"  prio=5 tid=577 in Object.wait()
java.lang.Thread.State: WAITING (on object monitor)
        at java.base@17.0.11/jdk.internal.misc.Unsafe.park(Native Method)
        at java.base@17.0.11/java.util.concurrent.locks.LockSupport.park(LockSupport.java:341)
        at java.base@17.0.11/java.util.concurrent.locks.AbstractQueuedSynchronizer$ConditionNode.block(AbstractQueuedSynchronizer.java:506)
        at java.base@17.0.11/java.util.concurrent.ForkJoinPool.unmanagedBlock(ForkJoinPool.java:3465)
        at java.base@17.0.11/java.util.concurrent.ForkJoinPool.managedBlock(ForkJoinPool.java:3436)
        at java.base@17.0.11/java.util.concurrent.locks.AbstractQueuedSynchronizer$ConditionObject.await(AbstractQueuedSynchronizer.java:1625)
        at java.base@17.0.11/java.util.concurrent.LinkedBlockingQueue.take(LinkedBlockingQueue.java:435)
        at java.base@17.0.11/java.util.concurrent.ThreadPoolExecutor.getTask(ThreadPoolExecutor.java:1062)
        at java.base@17.0.11/java.util.concurrent.ThreadPoolExecutor.runWorker(ThreadPoolExecutor.java:1122)
        at java.base@17.0.11/java.util.concurrent.ThreadPoolExecutor$Worker.run(ThreadPoolExecutor.java:635)
        at java.base@17.0.11/java.lang.Thread.run(Thread.java:840)
"c511b233-3aa4-4954-9335-f5d54c64e497@group-416D015375CF-SegmentedRaftLogWorker"  prio=5 tid=682 timed_waiting
java.lang.Thread.State: TIMED_WAITING
        at java.base@17.0.11/jdk.internal.misc.Unsafe.park(Native Method)
        at java.base@17.0.11/java.util.concurrent.locks.LockSupport.parkNanos(LockSupport.java:252)
        at java.base@17.0.11/java.util.concurrent.locks.AbstractQueuedSynchronizer$ConditionObject.awaitNanos(AbstractQueuedSynchronizer.java:1674)
        at app//org.apache.ratis.util.DataBlockingQueue.poll(DataBlockingQueue.java:148)
        at app//org.apache.ratis.server.raftlog.segmented.SegmentedRaftLogWorker.run(SegmentedRaftLogWorker.java:299)
        at app//org.apache.ratis.server.raftlog.segmented.SegmentedRaftLogWorker$$Lambda$1174/0x00007f53848736a8.run(Unknown Source)
        at java.base@17.0.11/java.util.concurrent.Executors$RunnableAdapter.call(Executors.java:539)
        at java.base@17.0.11/java.util.concurrent.FutureTask.run(FutureTask.java:264)
        at java.base@17.0.11/java.util.concurrent.ThreadPoolExecutor.runWorker(ThreadPoolExecutor.java:1136)
        at java.base@17.0.11/java.util.concurrent.ThreadPoolExecutor$Worker.run(ThreadPoolExecutor.java:635)
        at java.base@17.0.11/java.lang.Thread.run(Thread.java:840)
"grpc-default-worker-ELG-3-2" daemon prio=5 tid=708 runnable
java.lang.Thread.State: RUNNABLE
        at app//org.apache.ratis.thirdparty.io.netty.channel.epoll.Native.epollWait0(Native Method)
        at app//org.apache.ratis.thirdparty.io.netty.channel.epoll.Native.epollWait(Native.java:182)
        at app//org.apache.ratis.thirdparty.io.netty.channel.epoll.EpollEventLoop.epollWait(EpollEventLoop.java:312)
        at app//org.apache.ratis.thirdparty.io.netty.channel.epoll.EpollEventLoop.run(EpollEventLoop.java:376)
        at app//org.apache.ratis.thirdparty.io.netty.util.concurrent.SingleThreadEventExecutor$4.run(SingleThreadEventExecutor.java:997)
        at app//org.apache.ratis.thirdparty.io.netty.util.internal.ThreadExecutorMap$2.run(ThreadExecutorMap.java:74)
        at app//org.apache.ratis.thirdparty.io.netty.util.concurrent.FastThreadLocalRunnable.run(FastThreadLocalRunnable.java:30)
        at java.base@17.0.11/java.lang.Thread.run(Thread.java:840)
"IPC Server handler 72 on default port 15000" daemon prio=5 tid=135 timed_waiting
java.lang.Thread.State: TIMED_WAITING
        at java.base@17.0.11/jdk.internal.misc.Unsafe.park(Native Method)
        at java.base@17.0.11/java.util.concurrent.locks.LockSupport.parkNanos(LockSupport.java:252)
        at java.base@17.0.11/java.util.concurrent.locks.AbstractQueuedSynchronizer$ConditionObject.awaitNanos(AbstractQueuedSynchronizer.java:1674)
        at java.base@17.0.11/java.util.concurrent.LinkedBlockingQueue.poll(LinkedBlockingQueue.java:460)
        at app//org.apache.hadoop.ipc.CallQueueManager.take(CallQueueManager.java:317)
        at app//org.apache.hadoop.ipc.Server$Handler.run(Server.java:3014)
"IPC Server handler 5 on default port 15004" daemon prio=5 tid=424 timed_waiting
java.lang.Thread.State: TIMED_WAITING
        at java.base@17.0.11/jdk.internal.misc.Unsafe.park(Native Method)
        at java.base@17.0.11/java.util.concurrent.locks.LockSupport.parkNanos(LockSupport.java:252)
        at java.base@17.0.11/java.util.concurrent.locks.AbstractQueuedSynchronizer$ConditionObject.awaitNanos(AbstractQueuedSynchronizer.java:1674)
        at java.base@17.0.11/java.util.concurrent.LinkedBlockingQueue.poll(LinkedBlockingQueue.java:460)
        at app//org.apache.hadoop.ipc.CallQueueManager.take(CallQueueManager.java:317)
        at app//org.apache.hadoop.ipc.Server$Handler.run(Server.java:3014)
"grpc-default-worker-ELG-3-3" daemon prio=5 tid=712 runnable
java.lang.Thread.State: RUNNABLE
        at app//org.apache.ratis.thirdparty.io.netty.channel.epoll.Native.epollWait0(Native Method)
        at app//org.apache.ratis.thirdparty.io.netty.channel.epoll.Native.epollWait(Native.java:182)
        at app//org.apache.ratis.thirdparty.io.netty.channel.epoll.EpollEventLoop.epollWait(EpollEventLoop.java:312)
        at app//org.apache.ratis.thirdparty.io.netty.channel.epoll.EpollEventLoop.run(EpollEventLoop.java:376)
        at app//org.apache.ratis.thirdparty.io.netty.util.concurrent.SingleThreadEventExecutor$4.run(SingleThreadEventExecutor.java:997)
        at app//org.apache.ratis.thirdparty.io.netty.util.internal.ThreadExecutorMap$2.run(ThreadExecutorMap.java:74)
        at app//org.apache.ratis.thirdparty.io.netty.util.concurrent.FastThreadLocalRunnable.run(FastThreadLocalRunnable.java:30)
        at java.base@17.0.11/java.lang.Thread.run(Thread.java:840)
"b47eb027-4b7a-4ddc-bf7f-0870758e0604-DatanodeReportManager-2" daemon prio=5 tid=517 in Object.wait()
java.lang.Thread.State: WAITING (on object monitor)
        at java.base@17.0.11/jdk.internal.misc.Unsafe.park(Native Method)
        at java.base@17.0.11/java.util.concurrent.locks.LockSupport.park(LockSupport.java:341)
        at java.base@17.0.11/java.util.concurrent.locks.AbstractQueuedSynchronizer$ConditionNode.block(AbstractQueuedSynchronizer.java:506)
        at java.base@17.0.11/java.util.concurrent.ForkJoinPool.unmanagedBlock(ForkJoinPool.java:3465)
        at java.base@17.0.11/java.util.concurrent.ForkJoinPool.managedBlock(ForkJoinPool.java:3436)
        at java.base@17.0.11/java.util.concurrent.locks.AbstractQueuedSynchronizer$ConditionObject.await(AbstractQueuedSynchronizer.java:1625)
        at java.base@17.0.11/java.util.concurrent.ScheduledThreadPoolExecutor$DelayedWorkQueue.take(ScheduledThreadPoolExecutor.java:1177)
        at java.base@17.0.11/java.util.concurrent.ScheduledThreadPoolExecutor$DelayedWorkQueue.take(ScheduledThreadPoolExecutor.java:899)
        at java.base@17.0.11/java.util.concurrent.ThreadPoolExecutor.getTask(ThreadPoolExecutor.java:1062)
        at java.base@17.0.11/java.util.concurrent.ThreadPoolExecutor.runWorker(ThreadPoolExecutor.java:1122)
        at java.base@17.0.11/java.util.concurrent.ThreadPoolExecutor$Worker.run(ThreadPoolExecutor.java:635)
        at java.base@17.0.11/java.lang.Thread.run(Thread.java:840)
"qtp852779561-369-acceptor-0@2b436672-ServerConnector@63d14dbf{HTTP/1.1, (http/1.1)}{0.0.0.0:15003}" daemon prio=3 tid=369 runnable
java.lang.Thread.State: RUNNABLE
        at java.base@17.0.11/sun.nio.ch.Net.accept(Native Method)
        at java.base@17.0.11/sun.nio.ch.ServerSocketChannelImpl.implAccept(ServerSocketChannelImpl.java:425)
        at java.base@17.0.11/sun.nio.ch.ServerSocketChannelImpl.accept(ServerSocketChannelImpl.java:391)
        at app//org.eclipse.jetty.server.ServerConnector.accept(ServerConnector.java:388)
        at app//org.eclipse.jetty.server.AbstractConnector$Acceptor.run(AbstractConnector.java:704)
        at app//org.eclipse.jetty.util.thread.QueuedThreadPool.runJob(QueuedThreadPool.java:883)
        at app//org.eclipse.jetty.util.thread.QueuedThreadPool$Runner.run(QueuedThreadPool.java:1034)
        at java.base@17.0.11/java.lang.Thread.run(Thread.java:840)
"c511b233-3aa4-4954-9335-f5d54c64e497@group-416D015375CF-StateMachineUpdater" daemon prio=5 tid=685 timed_waiting
java.lang.Thread.State: TIMED_WAITING
        at java.base@17.0.11/jdk.internal.misc.Unsafe.park(Native Method)
        at java.base@17.0.11/java.util.concurrent.locks.LockSupport.parkNanos(LockSupport.java:252)
        at java.base@17.0.11/java.util.concurrent.locks.AbstractQueuedSynchronizer$ConditionObject.await(AbstractQueuedSynchronizer.java:1759)
        at app//org.apache.ratis.util.AwaitForSignal.await(AwaitForSignal.java:65)
        at app//org.apache.ratis.server.impl.StateMachineUpdater.waitForCommit(StateMachineUpdater.java:211)
        at app//org.apache.ratis.server.impl.StateMachineUpdater.run(StateMachineUpdater.java:180)
        at java.base@17.0.11/java.lang.Thread.run(Thread.java:840)
"PartialTableCache-Cleanup-0" daemon prio=5 tid=841 in Object.wait()
java.lang.Thread.State: WAITING (on object monitor)
        at java.base@17.0.11/jdk.internal.misc.Unsafe.park(Native Method)
        at java.base@17.0.11/java.util.concurrent.locks.LockSupport.park(LockSupport.java:341)
        at java.base@17.0.11/java.util.concurrent.locks.AbstractQueuedSynchronizer$ConditionNode.block(AbstractQueuedSynchronizer.java:506)
        at java.base@17.0.11/java.util.concurrent.ForkJoinPool.unmanagedBlock(ForkJoinPool.java:3465)
        at java.base@17.0.11/java.util.concurrent.ForkJoinPool.managedBlock(ForkJoinPool.java:3436)
        at java.base@17.0.11/java.util.concurrent.locks.AbstractQueuedSynchronizer$ConditionObject.await(AbstractQueuedSynchronizer.java:1625)
        at java.base@17.0.11/java.util.concurrent.LinkedBlockingQueue.take(LinkedBlockingQueue.java:435)
        at java.base@17.0.11/java.util.concurrent.ThreadPoolExecutor.getTask(ThreadPoolExecutor.java:1062)
        at java.base@17.0.11/java.util.concurrent.ThreadPoolExecutor.runWorker(ThreadPoolExecutor.java:1122)
        at java.base@17.0.11/java.util.concurrent.ThreadPoolExecutor$Worker.run(ThreadPoolExecutor.java:635)
        at java.base@17.0.11/java.lang.Thread.run(Thread.java:840)
"om1-MultipartUploadCleanupService#0" daemon prio=5 tid=408 timed_waiting
java.lang.Thread.State: TIMED_WAITING
        at java.base@17.0.11/jdk.internal.misc.Unsafe.park(Native Method)
        at java.base@17.0.11/java.util.concurrent.locks.LockSupport.parkNanos(LockSupport.java:252)
        at java.base@17.0.11/java.util.concurrent.locks.AbstractQueuedSynchronizer$ConditionObject.awaitNanos(AbstractQueuedSynchronizer.java:1674)
        at java.base@17.0.11/java.util.concurrent.ScheduledThreadPoolExecutor$DelayedWorkQueue.take(ScheduledThreadPoolExecutor.java:1182)
        at java.base@17.0.11/java.util.concurrent.ScheduledThreadPoolExecutor$DelayedWorkQueue.take(ScheduledThreadPoolExecutor.java:899)
        at java.base@17.0.11/java.util.concurrent.ThreadPoolExecutor.getTask(ThreadPoolExecutor.java:1062)
        at java.base@17.0.11/java.util.concurrent.ThreadPoolExecutor.runWorker(ThreadPoolExecutor.java:1122)
        at java.base@17.0.11/java.util.concurrent.ThreadPoolExecutor$Worker.run(ThreadPoolExecutor.java:635)
        at java.base@17.0.11/java.lang.Thread.run(Thread.java:840)
"fdf93896-5abf-403c-99a8-bb8ea43c9a14-ChunkReader-1" daemon prio=5 tid=850 in Object.wait()
java.lang.Thread.State: WAITING (on object monitor)
        at java.base@17.0.11/jdk.internal.misc.Unsafe.park(Native Method)
        at java.base@17.0.11/java.util.concurrent.locks.LockSupport.park(LockSupport.java:341)
        at java.base@17.0.11/java.util.concurrent.locks.AbstractQueuedSynchronizer$ConditionNode.block(AbstractQueuedSynchronizer.java:506)
        at java.base@17.0.11/java.util.concurrent.ForkJoinPool.unmanagedBlock(ForkJoinPool.java:3465)
        at java.base@17.0.11/java.util.concurrent.ForkJoinPool.managedBlock(ForkJoinPool.java:3436)
        at java.base@17.0.11/java.util.concurrent.locks.AbstractQueuedSynchronizer$ConditionObject.await(AbstractQueuedSynchronizer.java:1625)
        at java.base@17.0.11/java.util.concurrent.LinkedBlockingQueue.take(LinkedBlockingQueue.java:435)
        at java.base@17.0.11/java.util.concurrent.ThreadPoolExecutor.getTask(ThreadPoolExecutor.java:1062)
        at java.base@17.0.11/java.util.concurrent.ThreadPoolExecutor.runWorker(ThreadPoolExecutor.java:1122)
        at java.base@17.0.11/java.util.concurrent.ThreadPoolExecutor$Worker.run(ThreadPoolExecutor.java:635)
        at java.base@17.0.11/java.lang.Thread.run(Thread.java:840)
"IPC Server handler 71 on default port 15002" daemon prio=5 tid=334 timed_waiting
java.lang.Thread.State: TIMED_WAITING
        at java.base@17.0.11/jdk.internal.misc.Unsafe.park(Native Method)
        at java.base@17.0.11/java.util.concurrent.locks.LockSupport.parkNanos(LockSupport.java:252)
        at java.base@17.0.11/java.util.concurrent.locks.AbstractQueuedSynchronizer$ConditionObject.awaitNanos(AbstractQueuedSynchronizer.java:1674)
        at java.base@17.0.11/java.util.concurrent.LinkedBlockingQueue.poll(LinkedBlockingQueue.java:460)
        at app//org.apache.hadoop.ipc.CallQueueManager.take(CallQueueManager.java:317)
        at app//org.apache.hadoop.ipc.Server$Handler.run(Server.java:3014)
"Common-Cleaner" daemon prio=8 tid=11 timed_waiting
java.lang.Thread.State: TIMED_WAITING
        at java.base@17.0.11/java.lang.Object.wait(Native Method)
        at java.base@17.0.11/java.lang.ref.ReferenceQueue.remove(ReferenceQueue.java:155)
        at java.base@17.0.11/jdk.internal.ref.CleanerImpl.run(CleanerImpl.java:140)
        at java.base@17.0.11/java.lang.Thread.run(Thread.java:840)
        at java.base@17.0.11/jdk.internal.misc.InnocuousThread.run(InnocuousThread.java:162)
"IPC Server handler 7 on default port 15002" daemon prio=5 tid=270 timed_waiting
java.lang.Thread.State: TIMED_WAITING
        at java.base@17.0.11/jdk.internal.misc.Unsafe.park(Native Method)
        at java.base@17.0.11/java.util.concurrent.locks.LockSupport.parkNanos(LockSupport.java:252)
        at java.base@17.0.11/java.util.concurrent.locks.AbstractQueuedSynchronizer$ConditionObject.awaitNanos(AbstractQueuedSynchronizer.java:1674)
        at java.base@17.0.11/java.util.concurrent.LinkedBlockingQueue.poll(LinkedBlockingQueue.java:460)
        at app//org.apache.hadoop.ipc.CallQueueManager.take(CallQueueManager.java:317)
        at app//org.apache.hadoop.ipc.Server$Handler.run(Server.java:3014)
"Socket Reader #1 for port 15002"  prio=5 tid=38 runnable
java.lang.Thread.State: RUNNABLE
        at java.base@17.0.11/sun.nio.ch.EPoll.wait(Native Method)
        at java.base@17.0.11/sun.nio.ch.EPollSelectorImpl.doSelect(EPollSelectorImpl.java:118)
        at java.base@17.0.11/sun.nio.ch.SelectorImpl.lockAndDoSelect(SelectorImpl.java:129)
        at java.base@17.0.11/sun.nio.ch.SelectorImpl.select(SelectorImpl.java:146)
        at app//org.apache.hadoop.ipc.Server$Listener$Reader.doRunLoop(Server.java:1346)
        at app//org.apache.hadoop.ipc.Server$Listener$Reader.run(Server.java:1325)
"IPC Server handler 42 on default port 15000" daemon prio=5 tid=105 timed_waiting
java.lang.Thread.State: TIMED_WAITING
        at java.base@17.0.11/jdk.internal.misc.Unsafe.park(Native Method)
        at java.base@17.0.11/java.util.concurrent.locks.LockSupport.parkNanos(LockSupport.java:252)
        at java.base@17.0.11/java.util.concurrent.locks.AbstractQueuedSynchronizer$ConditionObject.awaitNanos(AbstractQueuedSynchronizer.java:1674)
        at java.base@17.0.11/java.util.concurrent.LinkedBlockingQueue.poll(LinkedBlockingQueue.java:460)
        at app//org.apache.hadoop.ipc.CallQueueManager.take(CallQueueManager.java:317)
        at app//org.apache.hadoop.ipc.Server$Handler.run(Server.java:3014)
"pool-127-thread-1"  prio=5 tid=498 timed_waiting
java.lang.Thread.State: TIMED_WAITING
        at java.base@17.0.11/jdk.internal.misc.Unsafe.park(Native Method)
        at java.base@17.0.11/java.util.concurrent.locks.LockSupport.parkNanos(LockSupport.java:252)
        at java.base@17.0.11/java.util.concurrent.locks.AbstractQueuedSynchronizer$ConditionObject.awaitNanos(AbstractQueuedSynchronizer.java:1674)
        at java.base@17.0.11/java.util.concurrent.ScheduledThreadPoolExecutor$DelayedWorkQueue.take(ScheduledThreadPoolExecutor.java:1182)
        at java.base@17.0.11/java.util.concurrent.ScheduledThreadPoolExecutor$DelayedWorkQueue.take(ScheduledThreadPoolExecutor.java:899)
        at java.base@17.0.11/java.util.concurrent.ThreadPoolExecutor.getTask(ThreadPoolExecutor.java:1062)
        at java.base@17.0.11/java.util.concurrent.ThreadPoolExecutor.runWorker(ThreadPoolExecutor.java:1122)
        at java.base@17.0.11/java.util.concurrent.ThreadPoolExecutor$Worker.run(ThreadPoolExecutor.java:635)
        at java.base@17.0.11/java.lang.Thread.run(Thread.java:840)
"b47eb027-4b7a-4ddc-bf7f-0870758e0604-server-thread1" daemon prio=5 tid=791 timed_waiting
java.lang.Thread.State: TIMED_WAITING
        at java.base@17.0.11/jdk.internal.misc.Unsafe.park(Native Method)
        at java.base@17.0.11/java.util.concurrent.locks.LockSupport.parkNanos(LockSupport.java:252)
        at java.base@17.0.11/java.util.concurrent.SynchronousQueue$TransferStack.transfer(SynchronousQueue.java:401)
        at java.base@17.0.11/java.util.concurrent.SynchronousQueue.poll(SynchronousQueue.java:903)
        at java.base@17.0.11/java.util.concurrent.ThreadPoolExecutor.getTask(ThreadPoolExecutor.java:1061)
        at java.base@17.0.11/java.util.concurrent.ThreadPoolExecutor.runWorker(ThreadPoolExecutor.java:1122)
        at java.base@17.0.11/java.util.concurrent.ThreadPoolExecutor$Worker.run(ThreadPoolExecutor.java:635)
        at java.base@17.0.11/java.lang.Thread.run(Thread.java:840)
"IPC Server handler 68 on default port 15001" daemon prio=5 tid=231 timed_waiting
java.lang.Thread.State: TIMED_WAITING
        at java.base@17.0.11/jdk.internal.misc.Unsafe.park(Native Method)
        at java.base@17.0.11/java.util.concurrent.locks.LockSupport.parkNanos(LockSupport.java:252)
        at java.base@17.0.11/java.util.concurrent.locks.AbstractQueuedSynchronizer$ConditionObject.awaitNanos(AbstractQueuedSynchronizer.java:1674)
        at java.base@17.0.11/java.util.concurrent.LinkedBlockingQueue.poll(LinkedBlockingQueue.java:460)
        at app//org.apache.hadoop.ipc.CallQueueManager.take(CallQueueManager.java:317)
        at app//org.apache.hadoop.ipc.Server$Handler.run(Server.java:3014)
"IPC Server handler 0 on default port 15001" daemon prio=5 tid=163 timed_waiting
java.lang.Thread.State: TIMED_WAITING
        at java.base@17.0.11/jdk.internal.misc.Unsafe.park(Native Method)
        at java.base@17.0.11/java.util.concurrent.locks.LockSupport.parkNanos(LockSupport.java:252)
        at java.base@17.0.11/java.util.concurrent.locks.AbstractQueuedSynchronizer$ConditionObject.awaitNanos(AbstractQueuedSynchronizer.java:1674)
        at java.base@17.0.11/java.util.concurrent.LinkedBlockingQueue.poll(LinkedBlockingQueue.java:460)
        at app//org.apache.hadoop.ipc.CallQueueManager.take(CallQueueManager.java:317)
        at app//org.apache.hadoop.ipc.Server$Handler.run(Server.java:3014)
"IPC Server handler 1 on default port 15002" daemon prio=5 tid=264 timed_waiting
java.lang.Thread.State: TIMED_WAITING
        at java.base@17.0.11/jdk.internal.misc.Unsafe.park(Native Method)
        at java.base@17.0.11/java.util.concurrent.locks.LockSupport.parkNanos(LockSupport.java:252)
        at java.base@17.0.11/java.util.concurrent.locks.AbstractQueuedSynchronizer$ConditionObject.awaitNanos(AbstractQueuedSynchronizer.java:1674)
        at java.base@17.0.11/java.util.concurrent.LinkedBlockingQueue.poll(LinkedBlockingQueue.java:460)
        at app//org.apache.hadoop.ipc.CallQueueManager.take(CallQueueManager.java:317)
        at app//org.apache.hadoop.ipc.Server$Handler.run(Server.java:3014)
"pool-29-thread-1"  prio=5 tid=893 timed_waiting
java.lang.Thread.State: TIMED_WAITING
        at java.base@17.0.11/jdk.internal.misc.Unsafe.park(Native Method)
        at java.base@17.0.11/java.util.concurrent.locks.LockSupport.parkNanos(LockSupport.java:252)
        at java.base@17.0.11/java.util.concurrent.SynchronousQueue$TransferStack.transfer(SynchronousQueue.java:401)
        at java.base@17.0.11/java.util.concurrent.SynchronousQueue.poll(SynchronousQueue.java:903)
        at java.base@17.0.11/java.util.concurrent.ThreadPoolExecutor.getTask(ThreadPoolExecutor.java:1061)
        at java.base@17.0.11/java.util.concurrent.ThreadPoolExecutor.runWorker(ThreadPoolExecutor.java:1122)
        at java.base@17.0.11/java.util.concurrent.ThreadPoolExecutor$Worker.run(ThreadPoolExecutor.java:635)
        at java.base@17.0.11/java.lang.Thread.run(Thread.java:840)
"IPC Server handler 77 on default port 15002" daemon prio=5 tid=340 timed_waiting
java.lang.Thread.State: TIMED_WAITING
        at java.base@17.0.11/jdk.internal.misc.Unsafe.park(Native Method)
        at java.base@17.0.11/java.util.concurrent.locks.LockSupport.parkNanos(LockSupport.java:252)
        at java.base@17.0.11/java.util.concurrent.locks.AbstractQueuedSynchronizer$ConditionObject.awaitNanos(AbstractQueuedSynchronizer.java:1674)
        at java.base@17.0.11/java.util.concurrent.LinkedBlockingQueue.poll(LinkedBlockingQueue.java:460)
        at app//org.apache.hadoop.ipc.CallQueueManager.take(CallQueueManager.java:317)
        at app//org.apache.hadoop.ipc.Server$Handler.run(Server.java:3014)
"qtp1090492142-473" daemon prio=5 tid=473 runnable
java.lang.Thread.State: RUNNABLE
        at java.base@17.0.11/sun.nio.ch.EPoll.wait(Native Method)
        at java.base@17.0.11/sun.nio.ch.EPollSelectorImpl.doSelect(EPollSelectorImpl.java:118)
        at java.base@17.0.11/sun.nio.ch.SelectorImpl.lockAndDoSelect(SelectorImpl.java:129)
        at java.base@17.0.11/sun.nio.ch.SelectorImpl.select(SelectorImpl.java:146)
        at app//org.eclipse.jetty.io.ManagedSelector.nioSelect(ManagedSelector.java:183)
        at app//org.eclipse.jetty.io.ManagedSelector.select(ManagedSelector.java:190)
        at app//org.eclipse.jetty.io.ManagedSelector$SelectorProducer.select(ManagedSelector.java:606)
        at app//org.eclipse.jetty.io.ManagedSelector$SelectorProducer.produce(ManagedSelector.java:543)
        at app//org.eclipse.jetty.util.thread.strategy.EatWhatYouKill.produceTask(EatWhatYouKill.java:362)
        at app//org.eclipse.jetty.util.thread.strategy.EatWhatYouKill.doProduce(EatWhatYouKill.java:186)
        at app//org.eclipse.jetty.util.thread.strategy.EatWhatYouKill.tryProduce(EatWhatYouKill.java:173)
        at app//org.eclipse.jetty.util.thread.strategy.EatWhatYouKill.produce(EatWhatYouKill.java:137)
        at app//org.eclipse.jetty.io.ManagedSelector$$Lambda$835/0x00007f53846a1738.run(Unknown Source)
        at app//org.eclipse.jetty.util.thread.QueuedThreadPool.runJob(QueuedThreadPool.java:883)
        at app//org.eclipse.jetty.util.thread.QueuedThreadPool$Runner.run(QueuedThreadPool.java:1034)
        at java.base@17.0.11/java.lang.Thread.run(Thread.java:840)
"Hadoop-Metrics-Updater-0" daemon prio=5 tid=512 timed_waiting
java.lang.Thread.State: TIMED_WAITING
        at java.base@17.0.11/jdk.internal.misc.Unsafe.park(Native Method)
        at java.base@17.0.11/java.util.concurrent.locks.LockSupport.parkNanos(LockSupport.java:252)
        at java.base@17.0.11/java.util.concurrent.locks.AbstractQueuedSynchronizer$ConditionObject.awaitNanos(AbstractQueuedSynchronizer.java:1674)
        at java.base@17.0.11/java.util.concurrent.ScheduledThreadPoolExecutor$DelayedWorkQueue.take(ScheduledThreadPoolExecutor.java:1182)
        at java.base@17.0.11/java.util.concurrent.ScheduledThreadPoolExecutor$DelayedWorkQueue.take(ScheduledThreadPoolExecutor.java:899)
        at java.base@17.0.11/java.util.concurrent.ThreadPoolExecutor.getTask(ThreadPoolExecutor.java:1062)
        at java.base@17.0.11/java.util.concurrent.ThreadPoolExecutor.runWorker(ThreadPoolExecutor.java:1122)
        at java.base@17.0.11/java.util.concurrent.ThreadPoolExecutor$Worker.run(ThreadPoolExecutor.java:635)
        at java.base@17.0.11/java.lang.Thread.run(Thread.java:840)
"fdf93896-5abf-403c-99a8-bb8ea43c9a14@group-B33C5E379CF8-cacheEviction-AwaitToRun" daemon prio=5 tid=697 in Object.wait()
java.lang.Thread.State: WAITING (on object monitor)
        at java.base@17.0.11/jdk.internal.misc.Unsafe.park(Native Method)
        at java.base@17.0.11/java.util.concurrent.locks.LockSupport.park(LockSupport.java:341)
        at java.base@17.0.11/java.util.concurrent.locks.AbstractQueuedSynchronizer$ConditionNode.block(AbstractQueuedSynchronizer.java:506)
        at java.base@17.0.11/java.util.concurrent.ForkJoinPool.unmanagedBlock(ForkJoinPool.java:3465)
        at java.base@17.0.11/java.util.concurrent.ForkJoinPool.managedBlock(ForkJoinPool.java:3436)
        at java.base@17.0.11/java.util.concurrent.locks.AbstractQueuedSynchronizer$ConditionObject.await(AbstractQueuedSynchronizer.java:1625)
        at app//org.apache.ratis.util.AwaitForSignal.await(AwaitForSignal.java:48)
        at app//org.apache.ratis.util.AwaitToRun$RunnableImpl.run(AwaitToRun.java:47)
        at java.base@17.0.11/java.lang.Thread.run(Thread.java:840)
"qtp1443753836-529" daemon prio=5 tid=529 timed_waiting
java.lang.Thread.State: TIMED_WAITING
        at java.base@17.0.11/jdk.internal.misc.Unsafe.park(Native Method)
        at java.base@17.0.11/java.util.concurrent.locks.LockSupport.parkNanos(LockSupport.java:252)
        at java.base@17.0.11/java.util.concurrent.locks.AbstractQueuedSynchronizer$ConditionObject.awaitNanos(AbstractQueuedSynchronizer.java:1674)
        at app//org.eclipse.jetty.util.BlockingArrayQueue.poll(BlockingArrayQueue.java:382)
        at app//org.eclipse.jetty.util.thread.QueuedThreadPool$Runner.idleJobPoll(QueuedThreadPool.java:974)
        at app//org.eclipse.jetty.util.thread.QueuedThreadPool$Runner.run(QueuedThreadPool.java:1018)
        at java.base@17.0.11/java.lang.Thread.run(Thread.java:840)
"om1-KeyDeletingService#0" daemon prio=5 tid=402 timed_waiting
java.lang.Thread.State: TIMED_WAITING
        at java.base@17.0.11/jdk.internal.misc.Unsafe.park(Native Method)
        at java.base@17.0.11/java.util.concurrent.locks.LockSupport.parkNanos(LockSupport.java:252)
        at java.base@17.0.11/java.util.concurrent.locks.AbstractQueuedSynchronizer$ConditionObject.awaitNanos(AbstractQueuedSynchronizer.java:1674)
        at java.base@17.0.11/java.util.concurrent.ScheduledThreadPoolExecutor$DelayedWorkQueue.take(ScheduledThreadPoolExecutor.java:1182)
        at java.base@17.0.11/java.util.concurrent.ScheduledThreadPoolExecutor$DelayedWorkQueue.take(ScheduledThreadPoolExecutor.java:899)
        at java.base@17.0.11/java.util.concurrent.ThreadPoolExecutor.getTask(ThreadPoolExecutor.java:1062)
        at java.base@17.0.11/java.util.concurrent.ThreadPoolExecutor.runWorker(ThreadPoolExecutor.java:1122)
        at java.base@17.0.11/java.util.concurrent.ThreadPoolExecutor$Worker.run(ThreadPoolExecutor.java:635)
        at java.base@17.0.11/java.lang.Thread.run(Thread.java:840)
"om1-groupManagement"  prio=5 tid=385 in Object.wait()
java.lang.Thread.State: WAITING (on object monitor)
        at java.base@17.0.11/jdk.internal.misc.Unsafe.park(Native Method)
        at java.base@17.0.11/java.util.concurrent.locks.LockSupport.park(LockSupport.java:341)
        at java.base@17.0.11/java.util.concurrent.locks.AbstractQueuedSynchronizer$ConditionNode.block(AbstractQueuedSynchronizer.java:506)
        at java.base@17.0.11/java.util.concurrent.ForkJoinPool.unmanagedBlock(ForkJoinPool.java:3465)
        at java.base@17.0.11/java.util.concurrent.ForkJoinPool.managedBlock(ForkJoinPool.java:3436)
        at java.base@17.0.11/java.util.concurrent.locks.AbstractQueuedSynchronizer$ConditionObject.await(AbstractQueuedSynchronizer.java:1625)
        at java.base@17.0.11/java.util.concurrent.LinkedBlockingQueue.take(LinkedBlockingQueue.java:435)
        at java.base@17.0.11/java.util.concurrent.ThreadPoolExecutor.getTask(ThreadPoolExecutor.java:1062)
        at java.base@17.0.11/java.util.concurrent.ThreadPoolExecutor.runWorker(ThreadPoolExecutor.java:1122)
        at java.base@17.0.11/java.util.concurrent.ThreadPoolExecutor$Worker.run(ThreadPoolExecutor.java:635)
        at java.base@17.0.11/java.lang.Thread.run(Thread.java:840)
"IPC Server handler 14 on default port 15002" daemon prio=5 tid=277 timed_waiting
java.lang.Thread.State: TIMED_WAITING
        at java.base@17.0.11/jdk.internal.misc.Unsafe.park(Native Method)
        at java.base@17.0.11/java.util.concurrent.locks.LockSupport.parkNanos(LockSupport.java:252)
        at java.base@17.0.11/java.util.concurrent.locks.AbstractQueuedSynchronizer$ConditionObject.awaitNanos(AbstractQueuedSynchronizer.java:1674)
        at java.base@17.0.11/java.util.concurrent.LinkedBlockingQueue.poll(LinkedBlockingQueue.java:460)
        at app//org.apache.hadoop.ipc.CallQueueManager.take(CallQueueManager.java:317)
        at app//org.apache.hadoop.ipc.Server$Handler.run(Server.java:3014)
"IPC Server handler 4 on default port 15004" daemon prio=5 tid=423 timed_waiting
java.lang.Thread.State: TIMED_WAITING
        at java.base@17.0.11/jdk.internal.misc.Unsafe.park(Native Method)
        at java.base@17.0.11/java.util.concurrent.locks.LockSupport.parkNanos(LockSupport.java:252)
        at java.base@17.0.11/java.util.concurrent.locks.AbstractQueuedSynchronizer$ConditionObject.awaitNanos(AbstractQueuedSynchronizer.java:1674)
        at java.base@17.0.11/java.util.concurrent.LinkedBlockingQueue.poll(LinkedBlockingQueue.java:460)
        at app//org.apache.hadoop.ipc.CallQueueManager.take(CallQueueManager.java:317)
        at app//org.apache.hadoop.ipc.Server$Handler.run(Server.java:3014)
"qtp1443753836-531" daemon prio=5 tid=531 timed_waiting
java.lang.Thread.State: TIMED_WAITING
        at java.base@17.0.11/jdk.internal.misc.Unsafe.park(Native Method)
        at java.base@17.0.11/java.util.concurrent.locks.LockSupport.parkNanos(LockSupport.java:252)
        at java.base@17.0.11/java.util.concurrent.locks.AbstractQueuedSynchronizer$ConditionObject.awaitNanos(AbstractQueuedSynchronizer.java:1674)
        at app//org.eclipse.jetty.util.BlockingArrayQueue.poll(BlockingArrayQueue.java:382)
        at app//org.eclipse.jetty.util.thread.QueuedThreadPool$Runner.idleJobPoll(QueuedThreadPool.java:974)
        at app//org.eclipse.jetty.util.thread.QueuedThreadPool$Runner.run(QueuedThreadPool.java:1018)
        at java.base@17.0.11/java.lang.Thread.run(Thread.java:840)
"om1@group-C5BA1605619E-StateMachineUpdater" daemon prio=5 tid=395 timed_waiting
java.lang.Thread.State: TIMED_WAITING
        at java.base@17.0.11/jdk.internal.misc.Unsafe.park(Native Method)
        at java.base@17.0.11/java.util.concurrent.locks.LockSupport.parkNanos(LockSupport.java:252)
        at java.base@17.0.11/java.util.concurrent.locks.AbstractQueuedSynchronizer$ConditionObject.await(AbstractQueuedSynchronizer.java:1759)
        at app//org.apache.ratis.util.AwaitForSignal.await(AwaitForSignal.java:65)
        at app//org.apache.ratis.server.impl.StateMachineUpdater.waitForCommit(StateMachineUpdater.java:211)
        at app//org.apache.ratis.server.impl.StateMachineUpdater.run(StateMachineUpdater.java:180)
        at java.base@17.0.11/java.lang.Thread.run(Thread.java:840)
"IPC Server handler 26 on default port 15001" daemon prio=5 tid=189 timed_waiting
java.lang.Thread.State: TIMED_WAITING
        at java.base@17.0.11/jdk.internal.misc.Unsafe.park(Native Method)
        at java.base@17.0.11/java.util.concurrent.locks.LockSupport.parkNanos(LockSupport.java:252)
        at java.base@17.0.11/java.util.concurrent.locks.AbstractQueuedSynchronizer$ConditionObject.awaitNanos(AbstractQueuedSynchronizer.java:1674)
        at java.base@17.0.11/java.util.concurrent.LinkedBlockingQueue.poll(LinkedBlockingQueue.java:460)
        at app//org.apache.hadoop.ipc.CallQueueManager.take(CallQueueManager.java:317)
        at app//org.apache.hadoop.ipc.Server$Handler.run(Server.java:3014)
"IPC Server handler 17 on default port 15002" daemon prio=5 tid=280 timed_waiting
java.lang.Thread.State: TIMED_WAITING
        at java.base@17.0.11/jdk.internal.misc.Unsafe.park(Native Method)
        at java.base@17.0.11/java.util.concurrent.locks.LockSupport.parkNanos(LockSupport.java:252)
        at java.base@17.0.11/java.util.concurrent.locks.AbstractQueuedSynchronizer$ConditionObject.awaitNanos(AbstractQueuedSynchronizer.java:1674)
        at java.base@17.0.11/java.util.concurrent.LinkedBlockingQueue.poll(LinkedBlockingQueue.java:460)
        at app//org.apache.hadoop.ipc.CallQueueManager.take(CallQueueManager.java:317)
        at app//org.apache.hadoop.ipc.Server$Handler.run(Server.java:3014)
"qtp1443753836-526" daemon prio=5 tid=526 runnable
java.lang.Thread.State: RUNNABLE
        at java.base@17.0.11/sun.nio.ch.EPoll.wait(Native Method)
        at java.base@17.0.11/sun.nio.ch.EPollSelectorImpl.doSelect(EPollSelectorImpl.java:118)
        at java.base@17.0.11/sun.nio.ch.SelectorImpl.lockAndDoSelect(SelectorImpl.java:129)
        at java.base@17.0.11/sun.nio.ch.SelectorImpl.select(SelectorImpl.java:146)
        at app//org.eclipse.jetty.io.ManagedSelector.nioSelect(ManagedSelector.java:183)
        at app//org.eclipse.jetty.io.ManagedSelector.select(ManagedSelector.java:190)
        at app//org.eclipse.jetty.io.ManagedSelector$SelectorProducer.select(ManagedSelector.java:606)
        at app//org.eclipse.jetty.io.ManagedSelector$SelectorProducer.produce(ManagedSelector.java:543)
        at app//org.eclipse.jetty.util.thread.strategy.EatWhatYouKill.produceTask(EatWhatYouKill.java:362)
        at app//org.eclipse.jetty.util.thread.strategy.EatWhatYouKill.doProduce(EatWhatYouKill.java:186)
        at app//org.eclipse.jetty.util.thread.strategy.EatWhatYouKill.tryProduce(EatWhatYouKill.java:173)
        at app//org.eclipse.jetty.util.thread.strategy.EatWhatYouKill.produce(EatWhatYouKill.java:137)
        at app//org.eclipse.jetty.io.ManagedSelector$$Lambda$835/0x00007f53846a1738.run(Unknown Source)
        at app//org.eclipse.jetty.util.thread.QueuedThreadPool.runJob(QueuedThreadPool.java:883)
        at app//org.eclipse.jetty.util.thread.QueuedThreadPool$Runner.run(QueuedThreadPool.java:1034)
        at java.base@17.0.11/java.lang.Thread.run(Thread.java:840)
"qtp1443753836-532" daemon prio=5 tid=532 timed_waiting
java.lang.Thread.State: TIMED_WAITING
        at java.base@17.0.11/jdk.internal.misc.Unsafe.park(Native Method)
        at java.base@17.0.11/java.util.concurrent.locks.LockSupport.parkNanos(LockSupport.java:252)
        at java.base@17.0.11/java.util.concurrent.locks.AbstractQueuedSynchronizer$ConditionObject.awaitNanos(AbstractQueuedSynchronizer.java:1674)
        at app//org.eclipse.jetty.util.BlockingArrayQueue.poll(BlockingArrayQueue.java:382)
        at app//org.eclipse.jetty.util.thread.QueuedThreadPool$Runner.idleJobPoll(QueuedThreadPool.java:974)
        at app//org.eclipse.jetty.util.thread.QueuedThreadPool$Runner.run(QueuedThreadPool.java:1018)
        at java.base@17.0.11/java.lang.Thread.run(Thread.java:840)
"qtp701332382-415" daemon prio=5 tid=415 timed_waiting
java.lang.Thread.State: TIMED_WAITING
        at java.base@17.0.11/jdk.internal.misc.Unsafe.park(Native Method)
        at java.base@17.0.11/java.util.concurrent.locks.LockSupport.parkNanos(LockSupport.java:252)
        at java.base@17.0.11/java.util.concurrent.locks.AbstractQueuedSynchronizer$ConditionObject.awaitNanos(AbstractQueuedSynchronizer.java:1674)
        at app//org.eclipse.jetty.util.BlockingArrayQueue.poll(BlockingArrayQueue.java:382)
        at app//org.eclipse.jetty.util.thread.QueuedThreadPool$Runner.idleJobPoll(QueuedThreadPool.java:974)
        at app//org.eclipse.jetty.util.thread.QueuedThreadPool$Runner.run(QueuedThreadPool.java:1018)
        at java.base@17.0.11/java.lang.Thread.run(Thread.java:840)
"c511b233-3aa4-4954-9335-f5d54c64e497@group-B33C5E379CF8->fdf93896-5abf-403c-99a8-bb8ea43c9a14-GrpcLogAppender-LogAppenderDaemon" daemon prio=5 tid=788 timed_waiting
java.lang.Thread.State: TIMED_WAITING
        at java.base@17.0.11/jdk.internal.misc.Unsafe.park(Native Method)
        at java.base@17.0.11/java.util.concurrent.locks.LockSupport.parkNanos(LockSupport.java:252)
        at java.base@17.0.11/java.util.concurrent.locks.AbstractQueuedSynchronizer$ConditionObject.await(AbstractQueuedSynchronizer.java:1759)
        at app//org.apache.ratis.util.AwaitForSignal.await(AwaitForSignal.java:65)
        at app//org.apache.ratis.grpc.server.GrpcLogAppender.mayWait(GrpcLogAppender.java:286)
        at app//org.apache.ratis.grpc.server.GrpcLogAppender.run(GrpcLogAppender.java:254)
        at app//org.apache.ratis.server.leader.LogAppenderDaemon.run(LogAppenderDaemon.java:80)
        at app//org.apache.ratis.server.leader.LogAppenderDaemon$$Lambda$1607/0x00007f5384a60b50.run(Unknown Source)
        at java.base@17.0.11/java.lang.Thread.run(Thread.java:840)
"Session-HouseKeeper-5aa5b3af-1"  prio=5 tid=375 timed_waiting
java.lang.Thread.State: TIMED_WAITING
        at java.base@17.0.11/jdk.internal.misc.Unsafe.park(Native Method)
        at java.base@17.0.11/java.util.concurrent.locks.LockSupport.parkNanos(LockSupport.java:252)
        at java.base@17.0.11/java.util.concurrent.locks.AbstractQueuedSynchronizer$ConditionObject.awaitNanos(AbstractQueuedSynchronizer.java:1674)
        at java.base@17.0.11/java.util.concurrent.ScheduledThreadPoolExecutor$DelayedWorkQueue.take(ScheduledThreadPoolExecutor.java:1182)
        at java.base@17.0.11/java.util.concurrent.ScheduledThreadPoolExecutor$DelayedWorkQueue.take(ScheduledThreadPoolExecutor.java:899)
        at java.base@17.0.11/java.util.concurrent.ThreadPoolExecutor.getTask(ThreadPoolExecutor.java:1062)
        at java.base@17.0.11/java.util.concurrent.ThreadPoolExecutor.runWorker(ThreadPoolExecutor.java:1122)
        at java.base@17.0.11/java.util.concurrent.ThreadPoolExecutor$Worker.run(ThreadPoolExecutor.java:635)
        at java.base@17.0.11/java.lang.Thread.run(Thread.java:840)
"fdf93896-5abf-403c-99a8-bb8ea43c9a14-ChunkWriter-3-0" daemon prio=5 tid=608 in Object.wait()
java.lang.Thread.State: WAITING (on object monitor)
        at java.base@17.0.11/jdk.internal.misc.Unsafe.park(Native Method)
        at java.base@17.0.11/java.util.concurrent.locks.LockSupport.park(LockSupport.java:341)
        at java.base@17.0.11/java.util.concurrent.locks.AbstractQueuedSynchronizer$ConditionNode.block(AbstractQueuedSynchronizer.java:506)
        at java.base@17.0.11/java.util.concurrent.ForkJoinPool.unmanagedBlock(ForkJoinPool.java:3465)
        at java.base@17.0.11/java.util.concurrent.ForkJoinPool.managedBlock(ForkJoinPool.java:3436)
        at java.base@17.0.11/java.util.concurrent.locks.AbstractQueuedSynchronizer$ConditionObject.await(AbstractQueuedSynchronizer.java:1625)
        at java.base@17.0.11/java.util.concurrent.LinkedBlockingDeque.takeFirst(LinkedBlockingDeque.java:485)
        at java.base@17.0.11/java.util.concurrent.LinkedBlockingDeque.take(LinkedBlockingDeque.java:673)
        at java.base@17.0.11/java.util.concurrent.ThreadPoolExecutor.getTask(ThreadPoolExecutor.java:1062)
        at java.base@17.0.11/java.util.concurrent.ThreadPoolExecutor.runWorker(ThreadPoolExecutor.java:1122)
        at java.base@17.0.11/java.util.concurrent.ThreadPoolExecutor$Worker.run(ThreadPoolExecutor.java:635)
        at java.base@17.0.11/java.lang.Thread.run(Thread.java:840)
"IPC Server handler 71 on default port 15000" daemon prio=5 tid=134 timed_waiting
java.lang.Thread.State: TIMED_WAITING
        at java.base@17.0.11/jdk.internal.misc.Unsafe.park(Native Method)
        at java.base@17.0.11/java.util.concurrent.locks.LockSupport.parkNanos(LockSupport.java:252)
        at java.base@17.0.11/java.util.concurrent.locks.AbstractQueuedSynchronizer$ConditionObject.awaitNanos(AbstractQueuedSynchronizer.java:1674)
        at java.base@17.0.11/java.util.concurrent.LinkedBlockingQueue.poll(LinkedBlockingQueue.java:460)
        at app//org.apache.hadoop.ipc.CallQueueManager.take(CallQueueManager.java:317)
        at app//org.apache.hadoop.ipc.Server$Handler.run(Server.java:3014)
"om1-OMStateMachineApplyTransactionThread - 0" daemon prio=5 tid=835 in Object.wait()
java.lang.Thread.State: WAITING (on object monitor)
        at java.base@17.0.11/jdk.internal.misc.Unsafe.park(Native Method)
        at java.base@17.0.11/java.util.concurrent.locks.LockSupport.park(LockSupport.java:341)
        at java.base@17.0.11/java.util.concurrent.locks.AbstractQueuedSynchronizer$ConditionNode.block(AbstractQueuedSynchronizer.java:506)
        at java.base@17.0.11/java.util.concurrent.ForkJoinPool.unmanagedBlock(ForkJoinPool.java:3465)
        at java.base@17.0.11/java.util.concurrent.ForkJoinPool.managedBlock(ForkJoinPool.java:3436)
        at java.base@17.0.11/java.util.concurrent.locks.AbstractQueuedSynchronizer$ConditionObject.await(AbstractQueuedSynchronizer.java:1625)
        at java.base@17.0.11/java.util.concurrent.LinkedBlockingQueue.take(LinkedBlockingQueue.java:435)
        at java.base@17.0.11/java.util.concurrent.ThreadPoolExecutor.getTask(ThreadPoolExecutor.java:1062)
        at java.base@17.0.11/java.util.concurrent.ThreadPoolExecutor.runWorker(ThreadPoolExecutor.java:1122)
        at java.base@17.0.11/java.util.concurrent.ThreadPoolExecutor$Worker.run(ThreadPoolExecutor.java:635)
        at java.base@17.0.11/java.lang.Thread.run(Thread.java:840)
"b47eb027-4b7a-4ddc-bf7f-0870758e0604@group-B33C5E379CF8-StateMachineUpdater" daemon prio=5 tid=715 timed_waiting
java.lang.Thread.State: TIMED_WAITING
        at java.base@17.0.11/jdk.internal.misc.Unsafe.park(Native Method)
        at java.base@17.0.11/java.util.concurrent.locks.LockSupport.parkNanos(LockSupport.java:252)
        at java.base@17.0.11/java.util.concurrent.locks.AbstractQueuedSynchronizer$ConditionObject.await(AbstractQueuedSynchronizer.java:1759)
        at app//org.apache.ratis.util.AwaitForSignal.await(AwaitForSignal.java:65)
        at app//org.apache.ratis.server.impl.StateMachineUpdater.waitForCommit(StateMachineUpdater.java:211)
        at app//org.apache.ratis.server.impl.StateMachineUpdater.run(StateMachineUpdater.java:180)
        at java.base@17.0.11/java.lang.Thread.run(Thread.java:840)
"timer4" daemon prio=5 tid=798 timed_waiting
java.lang.Thread.State: TIMED_WAITING
        at java.base@17.0.11/java.lang.Object.wait(Native Method)
        at java.base@17.0.11/java.util.TimerThread.mainLoop(Timer.java:563)
        at java.base@17.0.11/java.util.TimerThread.run(Timer.java:516)
"IPC Server handler 47 on default port 15000" daemon prio=5 tid=110 timed_waiting
java.lang.Thread.State: TIMED_WAITING
        at java.base@17.0.11/jdk.internal.misc.Unsafe.park(Native Method)
        at java.base@17.0.11/java.util.concurrent.locks.LockSupport.parkNanos(LockSupport.java:252)
        at java.base@17.0.11/java.util.concurrent.locks.AbstractQueuedSynchronizer$ConditionObject.awaitNanos(AbstractQueuedSynchronizer.java:1674)
        at java.base@17.0.11/java.util.concurrent.LinkedBlockingQueue.poll(LinkedBlockingQueue.java:460)
        at app//org.apache.hadoop.ipc.CallQueueManager.take(CallQueueManager.java:317)
        at app//org.apache.hadoop.ipc.Server$Handler.run(Server.java:3014)
"IPC Parameter Sending Thread for 0.0.0.0/0.0.0.0:15002" daemon prio=5 tid=580 timed_waiting
java.lang.Thread.State: TIMED_WAITING
        at java.base@17.0.11/jdk.internal.misc.Unsafe.park(Native Method)
        at java.base@17.0.11/java.util.concurrent.locks.LockSupport.parkNanos(LockSupport.java:252)
        at java.base@17.0.11/java.util.concurrent.SynchronousQueue$TransferQueue.transfer(SynchronousQueue.java:704)
        at java.base@17.0.11/java.util.concurrent.SynchronousQueue.poll(SynchronousQueue.java:903)
        at app//org.apache.hadoop.ipc.Client$Connection$RpcRequestSender.run(Client.java:1105)
        at java.base@17.0.11/java.lang.Thread.run(Thread.java:840)
"LeakDetector-ManagedRocksObject0" daemon prio=5 tid=27 in Object.wait()
java.lang.Thread.State: WAITING (on object monitor)
        at java.base@17.0.11/java.lang.Object.wait(Native Method)
        at java.base@17.0.11/java.lang.ref.ReferenceQueue.remove(ReferenceQueue.java:155)
        at java.base@17.0.11/java.lang.ref.ReferenceQueue.remove(ReferenceQueue.java:176)
        at app//org.apache.hadoop.hdds.utils.LeakDetector.run(LeakDetector.java:80)
        at app//org.apache.hadoop.hdds.utils.LeakDetector$$Lambda$629/0x00007f53843d3640.run(Unknown Source)
        at java.base@17.0.11/java.lang.Thread.run(Thread.java:840)
"fdf93896-5abf-403c-99a8-bb8ea43c9a14-DatanodeStateMachineTaskThread-1"  prio=5 tid=594 in Object.wait()
java.lang.Thread.State: WAITING (on object monitor)
        at java.base@17.0.11/jdk.internal.misc.Unsafe.park(Native Method)
        at java.base@17.0.11/java.util.concurrent.locks.LockSupport.park(LockSupport.java:341)
        at java.base@17.0.11/java.util.concurrent.locks.AbstractQueuedSynchronizer$ConditionNode.block(AbstractQueuedSynchronizer.java:506)
        at java.base@17.0.11/java.util.concurrent.ForkJoinPool.unmanagedBlock(ForkJoinPool.java:3465)
        at java.base@17.0.11/java.util.concurrent.ForkJoinPool.managedBlock(ForkJoinPool.java:3436)
        at java.base@17.0.11/java.util.concurrent.locks.AbstractQueuedSynchronizer$ConditionObject.await(AbstractQueuedSynchronizer.java:1625)
        at java.base@17.0.11/java.util.concurrent.LinkedBlockingQueue.take(LinkedBlockingQueue.java:435)
        at java.base@17.0.11/java.util.concurrent.ThreadPoolExecutor.getTask(ThreadPoolExecutor.java:1062)
        at java.base@17.0.11/java.util.concurrent.ThreadPoolExecutor.runWorker(ThreadPoolExecutor.java:1122)
        at java.base@17.0.11/java.util.concurrent.ThreadPoolExecutor$Worker.run(ThreadPoolExecutor.java:635)
        at java.base@17.0.11/java.lang.Thread.run(Thread.java:840)
"c511b233-3aa4-4954-9335-f5d54c64e497-server-thread2" daemon prio=5 tid=828 timed_waiting
java.lang.Thread.State: TIMED_WAITING
        at java.base@17.0.11/jdk.internal.misc.Unsafe.park(Native Method)
        at java.base@17.0.11/java.util.concurrent.locks.LockSupport.parkNanos(LockSupport.java:252)
        at java.base@17.0.11/java.util.concurrent.SynchronousQueue$TransferStack.transfer(SynchronousQueue.java:401)
        at java.base@17.0.11/java.util.concurrent.SynchronousQueue.poll(SynchronousQueue.java:903)
        at java.base@17.0.11/java.util.concurrent.ThreadPoolExecutor.getTask(ThreadPoolExecutor.java:1061)
        at java.base@17.0.11/java.util.concurrent.ThreadPoolExecutor.runWorker(ThreadPoolExecutor.java:1122)
        at java.base@17.0.11/java.util.concurrent.ThreadPoolExecutor$Worker.run(ThreadPoolExecutor.java:635)
        at java.base@17.0.11/java.lang.Thread.run(Thread.java:840)
"IPC Server handler 72 on default port 15001" daemon prio=5 tid=235 timed_waiting
java.lang.Thread.State: TIMED_WAITING
        at java.base@17.0.11/jdk.internal.misc.Unsafe.park(Native Method)
        at java.base@17.0.11/java.util.concurrent.locks.LockSupport.parkNanos(LockSupport.java:252)
        at java.base@17.0.11/java.util.concurrent.locks.AbstractQueuedSynchronizer$ConditionObject.awaitNanos(AbstractQueuedSynchronizer.java:1674)
        at java.base@17.0.11/java.util.concurrent.LinkedBlockingQueue.poll(LinkedBlockingQueue.java:460)
        at app//org.apache.hadoop.ipc.CallQueueManager.take(CallQueueManager.java:317)
        at app//org.apache.hadoop.ipc.Server$Handler.run(Server.java:3014)
"IPC Server handler 0 on default port 15010" daemon prio=5 tid=459 timed_waiting
java.lang.Thread.State: TIMED_WAITING
        at java.base@17.0.11/jdk.internal.misc.Unsafe.park(Native Method)
        at java.base@17.0.11/java.util.concurrent.locks.LockSupport.parkNanos(LockSupport.java:252)
        at java.base@17.0.11/java.util.concurrent.locks.AbstractQueuedSynchronizer$ConditionObject.awaitNanos(AbstractQueuedSynchronizer.java:1674)
        at java.base@17.0.11/java.util.concurrent.LinkedBlockingQueue.poll(LinkedBlockingQueue.java:460)
        at app//org.apache.hadoop.ipc.CallQueueManager.take(CallQueueManager.java:317)
        at app//org.apache.hadoop.ipc.Server$Handler.run(Server.java:3014)
"c511b233-3aa4-4954-9335-f5d54c64e497-ChunkReader-7" daemon prio=5 tid=873 in Object.wait()
java.lang.Thread.State: WAITING (on object monitor)
        at java.base@17.0.11/jdk.internal.misc.Unsafe.park(Native Method)
        at java.base@17.0.11/java.util.concurrent.locks.LockSupport.park(LockSupport.java:341)
        at java.base@17.0.11/java.util.concurrent.locks.AbstractQueuedSynchronizer$ConditionNode.block(AbstractQueuedSynchronizer.java:506)
        at java.base@17.0.11/java.util.concurrent.ForkJoinPool.unmanagedBlock(ForkJoinPool.java:3465)
        at java.base@17.0.11/java.util.concurrent.ForkJoinPool.managedBlock(ForkJoinPool.java:3436)
        at java.base@17.0.11/java.util.concurrent.locks.AbstractQueuedSynchronizer$ConditionObject.await(AbstractQueuedSynchronizer.java:1625)
        at java.base@17.0.11/java.util.concurrent.LinkedBlockingQueue.take(LinkedBlockingQueue.java:435)
        at java.base@17.0.11/java.util.concurrent.ThreadPoolExecutor.getTask(ThreadPoolExecutor.java:1062)
        at java.base@17.0.11/java.util.concurrent.ThreadPoolExecutor.runWorker(ThreadPoolExecutor.java:1122)
        at java.base@17.0.11/java.util.concurrent.ThreadPoolExecutor$Worker.run(ThreadPoolExecutor.java:635)
        at java.base@17.0.11/java.lang.Thread.run(Thread.java:840)
"main"  prio=5 tid=1 runnable
java.lang.Thread.State: RUNNABLE
        at java.base@17.0.11/java.lang.Thread.dumpThreads(Native Method)
        at java.base@17.0.11/java.lang.Thread.getAllStackTraces(Thread.java:1671)
        at app//org.apache.ozone.test.TimedOutTestsListener.buildThreadDump(TimedOutTestsListener.java:83)
        at app//org.apache.ozone.test.TimedOutTestsListener.buildThreadDiagnosticString(TimedOutTestsListener.java:69)
        at app//org.apache.ozone.test.GenericTestUtils.waitFor(GenericTestUtils.java:204)
        at app//org.apache.hadoop.ozone.container.TestHelper.waitForReplicaCount(TestHelper.java:444)
        at app//org.apache.hadoop.ozone.container.TestContainerReplication.testECContainerReplication(TestContainerReplication.java:362)
        at java.base@17.0.11/jdk.internal.reflect.NativeMethodAccessorImpl.invoke0(Native Method)
        at java.base@17.0.11/jdk.internal.reflect.NativeMethodAccessorImpl.invoke(NativeMethodAccessorImpl.java:77)
        at java.base@17.0.11/jdk.internal.reflect.DelegatingMethodAccessorImpl.invoke(DelegatingMethodAccessorImpl.java:43)
        at java.base@17.0.11/java.lang.reflect.Method.invoke(Method.java:568)
        at app//org.junit.platform.commons.util.ReflectionUtils.invokeMethod(ReflectionUtils.java:728)
        at app//org.junit.jupiter.engine.execution.MethodInvocation.proceed(MethodInvocation.java:60)
        at app//org.junit.jupiter.engine.execution.InvocationInterceptorChain$ValidatingInvocation.proceed(InvocationInterceptorChain.java:131)
        at app//org.junit.jupiter.engine.extension.SameThreadTimeoutInvocation.proceed(SameThreadTimeoutInvocation.java:45)
        at app//org.junit.jupiter.engine.extension.TimeoutExtension.intercept(TimeoutExtension.java:156)
        at app//org.junit.jupiter.engine.extension.TimeoutExtension.interceptTestableMethod(TimeoutExtension.java:147)
        at app//org.junit.jupiter.engine.extension.TimeoutExtension.interceptTestMethod(TimeoutExtension.java:86)
        at app//org.junit.jupiter.engine.descriptor.TestMethodTestDescriptor$$Lambda$237/0x00007f53840ac400.apply(Unknown Source)
        at app//org.junit.jupiter.engine.execution.InterceptingExecutableInvoker$ReflectiveInterceptorCall.lambda$ofVoidMethod$0(InterceptingExecutableInvoker.java:103)
        at app//org.junit.jupiter.engine.execution.InterceptingExecutableInvoker$ReflectiveInterceptorCall$$Lambda$238/0x00007f53840ac820.apply(Unknown Source)
        at app//org.junit.jupiter.engine.execution.InterceptingExecutableInvoker.lambda$invoke$0(InterceptingExecutableInvoker.java:93)
        at app//org.junit.jupiter.engine.execution.InterceptingExecutableInvoker$$Lambda$447/0x00007f538412ef28.apply(Unknown Source)
        at app//org.junit.jupiter.engine.execution.InvocationInterceptorChain$InterceptedInvocation.proceed(InvocationInterceptorChain.java:106)
        at app//org.junit.jupiter.engine.execution.InvocationInterceptorChain.proceed(InvocationInterceptorChain.java:64)
        at app//org.junit.jupiter.engine.execution.InvocationInterceptorChain.chainAndInvoke(InvocationInterceptorChain.java:45)
        at app//org.junit.jupiter.engine.execution.InvocationInterceptorChain.invoke(InvocationInterceptorChain.java:37)
        at app//org.junit.jupiter.engine.execution.InterceptingExecutableInvoker.invoke(InterceptingExecutableInvoker.java:92)
        at app//org.junit.jupiter.engine.execution.InterceptingExecutableInvoker.invoke(InterceptingExecutableInvoker.java:86)
        at app//org.junit.jupiter.engine.descriptor.TestMethodTestDescriptor.lambda$invokeTestMethod$7(TestMethodTestDescriptor.java:218)
        at app//org.junit.jupiter.engine.descriptor.TestMethodTestDescriptor$$Lambda$480/0x00007f53841470b0.execute(Unknown Source)
        at app//org.junit.platform.engine.support.hierarchical.ThrowableCollector.execute(ThrowableCollector.java:73)
        at app//org.junit.jupiter.engine.descriptor.TestMethodTestDescriptor.invokeTestMethod(TestMethodTestDescriptor.java:214)
        at app//org.junit.jupiter.engine.descriptor.TestMethodTestDescriptor.execute(TestMethodTestDescriptor.java:139)
        at app//org.junit.jupiter.engine.descriptor.TestMethodTestDescriptor.execute(TestMethodTestDescriptor.java:69)
        at app//org.junit.platform.engine.support.hierarchical.NodeTestTask.lambda$executeRecursively$6(NodeTestTask.java:151)
        at app//org.junit.platform.engine.support.hierarchical.NodeTestTask$$Lambda$377/0x00007f538411b730.execute(Unknown Source)
        at app//org.junit.platform.engine.support.hierarchical.ThrowableCollector.execute(ThrowableCollector.java:73)
        at app//org.junit.platform.engine.support.hierarchical.NodeTestTask.lambda$executeRecursively$8(NodeTestTask.java:141)
        at app//org.junit.platform.engine.support.hierarchical.NodeTestTask$$Lambda$376/0x00007f538411b508.invoke(Unknown Source)
        at app//org.junit.platform.engine.support.hierarchical.Node.around(Node.java:137)
        at app//org.junit.platform.engine.support.hierarchical.NodeTestTask.lambda$executeRecursively$9(NodeTestTask.java:139)
        at app//org.junit.platform.engine.support.hierarchical.NodeTestTask$$Lambda$375/0x00007f538411b0e0.execute(Unknown Source)
        at app//org.junit.platform.engine.support.hierarchical.ThrowableCollector.execute(ThrowableCollector.java:73)
        at app//org.junit.platform.engine.support.hierarchical.NodeTestTask.executeRecursively(NodeTestTask.java:138)
        at app//org.junit.platform.engine.support.hierarchical.NodeTestTask.execute(NodeTestTask.java:95)
        at app//org.junit.platform.engine.support.hierarchical.SameThreadHierarchicalTestExecutorService$$Lambda$381/0x00007f538411e6e0.accept(Unknown Source)
        at java.base@17.0.11/java.util.ArrayList.forEach(ArrayList.java:1511)
        at app//org.junit.platform.engine.support.hierarchical.SameThreadHierarchicalTestExecutorService.invokeAll(SameThreadHierarchicalTestExecutorService.java:41)
        at app//org.junit.platform.engine.support.hierarchical.NodeTestTask.lambda$executeRecursively$6(NodeTestTask.java:155)
        at app//org.junit.platform.engine.support.hierarchical.NodeTestTask$$Lambda$377/0x00007f538411b730.execute(Unknown Source)
        at app//org.junit.platform.engine.support.hierarchical.ThrowableCollector.execute(ThrowableCollector.java:73)
        at app//org.junit.platform.engine.support.hierarchical.NodeTestTask.lambda$executeRecursively$8(NodeTestTask.java:141)
        at app//org.junit.platform.engine.support.hierarchical.NodeTestTask$$Lambda$376/0x00007f538411b508.invoke(Unknown Source)
        at app//org.junit.platform.engine.support.hierarchical.Node.around(Node.java:137)
        at app//org.junit.platform.engine.support.hierarchical.NodeTestTask.lambda$executeRecursively$9(NodeTestTask.java:139)
        at app//org.junit.platform.engine.support.hierarchical.NodeTestTask$$Lambda$375/0x00007f538411b0e0.execute(Unknown Source)
        at app//org.junit.platform.engine.support.hierarchical.ThrowableCollector.execute(ThrowableCollector.java:73)
        at app//org.junit.platform.engine.support.hierarchical.NodeTestTask.executeRecursively(NodeTestTask.java:138)
        at app//org.junit.platform.engine.support.hierarchical.NodeTestTask.execute(NodeTestTask.java:95)
        at app//org.junit.platform.engine.support.hierarchical.SameThreadHierarchicalTestExecutorService$$Lambda$381/0x00007f538411e6e0.accept(Unknown Source)
        at java.base@17.0.11/java.util.ArrayList.forEach(ArrayList.java:1511)
        at app//org.junit.platform.engine.support.hierarchical.SameThreadHierarchicalTestExecutorService.invokeAll(SameThreadHierarchicalTestExecutorService.java:41)
        at app//org.junit.platform.engine.support.hierarchical.NodeTestTask.lambda$executeRecursively$6(NodeTestTask.java:155)
        at app//org.junit.platform.engine.support.hierarchical.NodeTestTask$$Lambda$377/0x00007f538411b730.execute(Unknown Source)
        at app//org.junit.platform.engine.support.hierarchical.ThrowableCollector.execute(ThrowableCollector.java:73)
        at app//org.junit.platform.engine.support.hierarchical.NodeTestTask.lambda$executeRecursively$8(NodeTestTask.java:141)
        at app//org.junit.platform.engine.support.hierarchical.NodeTestTask$$Lambda$376/0x00007f538411b508.invoke(Unknown Source)
        at app//org.junit.platform.engine.support.hierarchical.Node.around(Node.java:137)
        at app//org.junit.platform.engine.support.hierarchical.NodeTestTask.lambda$executeRecursively$9(NodeTestTask.java:139)
        at app//org.junit.platform.engine.support.hierarchical.NodeTestTask$$Lambda$375/0x00007f538411b0e0.execute(Unknown Source)
        at app//org.junit.platform.engine.support.hierarchical.ThrowableCollector.execute(ThrowableCollector.java:73)
        at app//org.junit.platform.engine.support.hierarchical.NodeTestTask.executeRecursively(NodeTestTask.java:138)
        at app//org.junit.platform.engine.support.hierarchical.NodeTestTask.execute(NodeTestTask.java:95)
        at app//org.junit.platform.engine.support.hierarchical.SameThreadHierarchicalTestExecutorService.submit(SameThreadHierarchicalTestExecutorService.java:35)
        at app//org.junit.platform.engine.support.hierarchical.HierarchicalTestExecutor.execute(HierarchicalTestExecutor.java:57)
        at app//org.junit.platform.engine.support.hierarchical.HierarchicalTestEngine.execute(HierarchicalTestEngine.java:54)
        at app//org.junit.platform.launcher.core.EngineExecutionOrchestrator.execute(EngineExecutionOrchestrator.java:198)
        at app//org.junit.platform.launcher.core.EngineExecutionOrchestrator.execute(EngineExecutionOrchestrator.java:169)
        at app//org.junit.platform.launcher.core.EngineExecutionOrchestrator.execute(EngineExecutionOrchestrator.java:93)
        at app//org.junit.platform.launcher.core.EngineExecutionOrchestrator.lambda$execute$0(EngineExecutionOrchestrator.java:58)
        at app//org.junit.platform.launcher.core.EngineExecutionOrchestrator$$Lambda$289/0x00007f53840b28d8.accept(Unknown Source)
        at app//org.junit.platform.launcher.core.EngineExecutionOrchestrator.withInterceptedStreams(EngineExecutionOrchestrator.java:141)
        at app//org.junit.platform.launcher.core.EngineExecutionOrchestrator.execute(EngineExecutionOrchestrator.java:57)
        at app//org.junit.platform.launcher.core.DefaultLauncher.execute(DefaultLauncher.java:103)
        at app//org.junit.platform.launcher.core.DefaultLauncher.execute(DefaultLauncher.java:85)
        at app//org.junit.platform.launcher.core.DelegatingLauncher.execute(DelegatingLauncher.java:47)
        at app//org.junit.platform.launcher.core.SessionPerRequestLauncher.execute(SessionPerRequestLauncher.java:63)
        at app//org.apache.maven.surefire.junitplatform.JUnitPlatformProvider.invokeAllTests(JUnitPlatformProvider.java:154)
        at app//org.apache.maven.surefire.junitplatform.JUnitPlatformProvider.invoke(JUnitPlatformProvider.java:123)
        at app//org.apache.maven.surefire.booter.ForkedBooter.runSuitesInProcess(ForkedBooter.java:377)
        at app//org.apache.maven.surefire.booter.ForkedBooter.execute(ForkedBooter.java:138)
        at app//org.apache.maven.surefire.booter.ForkedBooter.run(ForkedBooter.java:465)
        at app//org.apache.maven.surefire.booter.ForkedBooter.main(ForkedBooter.java:451)
"JvmPauseMonitor5" daemon prio=5 tid=647 timed_waiting
java.lang.Thread.State: TIMED_WAITING
        at java.base@17.0.11/java.lang.Thread.sleep(Native Method)
        at java.base@17.0.11/java.lang.Thread.sleep(Thread.java:344)
        at java.base@17.0.11/java.util.concurrent.TimeUnit.sleep(TimeUnit.java:446)
        at app//org.apache.ratis.util.TimeDuration.sleep(TimeDuration.java:353)
        at app//org.apache.ratis.util.TimeDuration.sleep(TimeDuration.java:338)
        at app//org.apache.ratis.util.JvmPauseMonitor.detectPause(JvmPauseMonitor.java:160)
        at app//org.apache.ratis.util.JvmPauseMonitor.run(JvmPauseMonitor.java:149)
        at app//org.apache.ratis.util.JvmPauseMonitor$$Lambda$795/0x00007f5384607dc8.run(Unknown Source)
        at java.base@17.0.11/java.lang.Thread.run(Thread.java:840)
"IPC Server handler 78 on default port 15000" daemon prio=5 tid=141 timed_waiting
java.lang.Thread.State: TIMED_WAITING
        at java.base@17.0.11/jdk.internal.misc.Unsafe.park(Native Method)
        at java.base@17.0.11/java.util.concurrent.locks.LockSupport.parkNanos(LockSupport.java:252)
        at java.base@17.0.11/java.util.concurrent.locks.AbstractQueuedSynchronizer$ConditionObject.awaitNanos(AbstractQueuedSynchronizer.java:1674)
        at java.base@17.0.11/java.util.concurrent.LinkedBlockingQueue.poll(LinkedBlockingQueue.java:460)
        at app//org.apache.hadoop.ipc.CallQueueManager.take(CallQueueManager.java:317)
        at app//org.apache.hadoop.ipc.Server$Handler.run(Server.java:3014)
"6d6fe673-47e6-46c0-a6fc-601f54cde379-DatanodeReportManager-2" daemon prio=5 tid=544 in Object.wait()
java.lang.Thread.State: WAITING (on object monitor)
        at java.base@17.0.11/jdk.internal.misc.Unsafe.park(Native Method)
        at java.base@17.0.11/java.util.concurrent.locks.LockSupport.park(LockSupport.java:341)
        at java.base@17.0.11/java.util.concurrent.locks.AbstractQueuedSynchronizer$ConditionNode.block(AbstractQueuedSynchronizer.java:506)
        at java.base@17.0.11/java.util.concurrent.ForkJoinPool.unmanagedBlock(ForkJoinPool.java:3465)
        at java.base@17.0.11/java.util.concurrent.ForkJoinPool.managedBlock(ForkJoinPool.java:3436)
        at java.base@17.0.11/java.util.concurrent.locks.AbstractQueuedSynchronizer$ConditionObject.await(AbstractQueuedSynchronizer.java:1625)
        at java.base@17.0.11/java.util.concurrent.ScheduledThreadPoolExecutor$DelayedWorkQueue.take(ScheduledThreadPoolExecutor.java:1177)
        at java.base@17.0.11/java.util.concurrent.ScheduledThreadPoolExecutor$DelayedWorkQueue.take(ScheduledThreadPoolExecutor.java:899)
        at java.base@17.0.11/java.util.concurrent.ThreadPoolExecutor.getTask(ThreadPoolExecutor.java:1062)
        at java.base@17.0.11/java.util.concurrent.ThreadPoolExecutor.runWorker(ThreadPoolExecutor.java:1122)
        at java.base@17.0.11/java.util.concurrent.ThreadPoolExecutor$Worker.run(ThreadPoolExecutor.java:635)
        at java.base@17.0.11/java.lang.Thread.run(Thread.java:840)
"qtp852779561-368" daemon prio=5 tid=368 runnable
java.lang.Thread.State: RUNNABLE
        at java.base@17.0.11/sun.nio.ch.EPoll.wait(Native Method)
        at java.base@17.0.11/sun.nio.ch.EPollSelectorImpl.doSelect(EPollSelectorImpl.java:118)
        at java.base@17.0.11/sun.nio.ch.SelectorImpl.lockAndDoSelect(SelectorImpl.java:129)
        at java.base@17.0.11/sun.nio.ch.SelectorImpl.select(SelectorImpl.java:146)
        at app//org.eclipse.jetty.io.ManagedSelector.nioSelect(ManagedSelector.java:183)
        at app//org.eclipse.jetty.io.ManagedSelector.select(ManagedSelector.java:190)
        at app//org.eclipse.jetty.io.ManagedSelector$SelectorProducer.select(ManagedSelector.java:606)
        at app//org.eclipse.jetty.io.ManagedSelector$SelectorProducer.produce(ManagedSelector.java:543)
        at app//org.eclipse.jetty.util.thread.strategy.EatWhatYouKill.produceTask(EatWhatYouKill.java:362)
        at app//org.eclipse.jetty.util.thread.strategy.EatWhatYouKill.doProduce(EatWhatYouKill.java:186)
        at app//org.eclipse.jetty.util.thread.strategy.EatWhatYouKill.tryProduce(EatWhatYouKill.java:173)
        at app//org.eclipse.jetty.util.thread.strategy.EatWhatYouKill.produce(EatWhatYouKill.java:137)
        at app//org.eclipse.jetty.io.ManagedSelector$$Lambda$835/0x00007f53846a1738.run(Unknown Source)
        at app//org.eclipse.jetty.util.thread.QueuedThreadPool.runJob(QueuedThreadPool.java:883)
        at app//org.eclipse.jetty.util.thread.QueuedThreadPool$Runner.run(QueuedThreadPool.java:1034)
        at java.base@17.0.11/java.lang.Thread.run(Thread.java:840)
"FixedThreadPoolWithAffinityExecutor-1-0" daemon prio=5 tid=53 timed_waiting
java.lang.Thread.State: TIMED_WAITING
        at java.base@17.0.11/jdk.internal.misc.Unsafe.park(Native Method)
        at java.base@17.0.11/java.util.concurrent.locks.LockSupport.parkNanos(LockSupport.java:252)
        at java.base@17.0.11/java.util.concurrent.locks.AbstractQueuedSynchronizer$ConditionObject.awaitNanos(AbstractQueuedSynchronizer.java:1674)
        at java.base@17.0.11/java.util.concurrent.LinkedBlockingQueue.poll(LinkedBlockingQueue.java:460)
        at app//org.apache.hadoop.hdds.scm.server.ContainerReportQueue.poll(ContainerReportQueue.java:269)
        at app//org.apache.hadoop.hdds.scm.server.ContainerReportQueue.poll(ContainerReportQueue.java:42)
        at app//org.apache.hadoop.hdds.server.events.FixedThreadPoolWithAffinityExecutor$ContainerReportProcessTask.run(FixedThreadPoolWithAffinityExecutor.java:253)
        at java.base@17.0.11/java.util.concurrent.Executors$RunnableAdapter.call(Executors.java:539)
        at java.base@17.0.11/java.util.concurrent.FutureTask.run(FutureTask.java:264)
        at java.base@17.0.11/java.util.concurrent.ThreadPoolExecutor.runWorker(ThreadPoolExecutor.java:1136)
        at java.base@17.0.11/java.util.concurrent.ThreadPoolExecutor$Worker.run(ThreadPoolExecutor.java:635)
        at java.base@17.0.11/java.lang.Thread.run(Thread.java:840)
"fdf93896-5abf-403c-99a8-bb8ea43c9a14@group-39932C3C694B->c511b233-3aa4-4954-9335-f5d54c64e497-GrpcLogAppender-LogAppenderDaemon" daemon prio=5 tid=822 timed_waiting
java.lang.Thread.State: TIMED_WAITING
        at java.base@17.0.11/jdk.internal.misc.Unsafe.park(Native Method)
        at java.base@17.0.11/java.util.concurrent.locks.LockSupport.parkNanos(LockSupport.java:252)
        at java.base@17.0.11/java.util.concurrent.locks.AbstractQueuedSynchronizer$ConditionObject.await(AbstractQueuedSynchronizer.java:1759)
        at app//org.apache.ratis.util.AwaitForSignal.await(AwaitForSignal.java:65)
        at app//org.apache.ratis.grpc.server.GrpcLogAppender.mayWait(GrpcLogAppender.java:286)
        at app//org.apache.ratis.grpc.server.GrpcLogAppender.run(GrpcLogAppender.java:254)
        at app//org.apache.ratis.server.leader.LogAppenderDaemon.run(LogAppenderDaemon.java:80)
        at app//org.apache.ratis.server.leader.LogAppenderDaemon$$Lambda$1607/0x00007f5384a60b50.run(Unknown Source)
        at java.base@17.0.11/java.lang.Thread.run(Thread.java:840)
"99deb4a4-176b-49c7-aa7a-c34027b979ad-CloseContainerThread-0"  prio=5 tid=896 in Object.wait()
java.lang.Thread.State: WAITING (on object monitor)
        at java.base@17.0.11/jdk.internal.misc.Unsafe.park(Native Method)
        at java.base@17.0.11/java.util.concurrent.locks.LockSupport.park(LockSupport.java:341)
        at java.base@17.0.11/java.util.concurrent.locks.AbstractQueuedSynchronizer$ConditionNode.block(AbstractQueuedSynchronizer.java:506)
        at java.base@17.0.11/java.util.concurrent.ForkJoinPool.unmanagedBlock(ForkJoinPool.java:3465)
        at java.base@17.0.11/java.util.concurrent.ForkJoinPool.managedBlock(ForkJoinPool.java:3436)
        at java.base@17.0.11/java.util.concurrent.locks.AbstractQueuedSynchronizer$ConditionObject.await(AbstractQueuedSynchronizer.java:1625)
        at java.base@17.0.11/java.util.concurrent.LinkedBlockingQueue.take(LinkedBlockingQueue.java:435)
        at java.base@17.0.11/java.util.concurrent.ThreadPoolExecutor.getTask(ThreadPoolExecutor.java:1062)
        at java.base@17.0.11/java.util.concurrent.ThreadPoolExecutor.runWorker(ThreadPoolExecutor.java:1122)
        at java.base@17.0.11/java.util.concurrent.ThreadPoolExecutor$Worker.run(ThreadPoolExecutor.java:635)
        at java.base@17.0.11/java.lang.Thread.run(Thread.java:840)
"b47eb027-4b7a-4ddc-bf7f-0870758e0604-ChunkReader-8" daemon prio=5 tid=882 in Object.wait()
java.lang.Thread.State: WAITING (on object monitor)
        at java.base@17.0.11/jdk.internal.misc.Unsafe.park(Native Method)
        at java.base@17.0.11/java.util.concurrent.locks.LockSupport.park(LockSupport.java:341)
        at java.base@17.0.11/java.util.concurrent.locks.AbstractQueuedSynchronizer$ConditionNode.block(AbstractQueuedSynchronizer.java:506)
        at java.base@17.0.11/java.util.concurrent.ForkJoinPool.unmanagedBlock(ForkJoinPool.java:3465)
        at java.base@17.0.11/java.util.concurrent.ForkJoinPool.managedBlock(ForkJoinPool.java:3436)
        at java.base@17.0.11/java.util.concurrent.locks.AbstractQueuedSynchronizer$ConditionObject.await(AbstractQueuedSynchronizer.java:1625)
        at java.base@17.0.11/java.util.concurrent.LinkedBlockingQueue.take(LinkedBlockingQueue.java:435)
        at java.base@17.0.11/java.util.concurrent.ThreadPoolExecutor.getTask(ThreadPoolExecutor.java:1062)
        at java.base@17.0.11/java.util.concurrent.ThreadPoolExecutor.runWorker(ThreadPoolExecutor.java:1122)
        at java.base@17.0.11/java.util.concurrent.ThreadPoolExecutor$Worker.run(ThreadPoolExecutor.java:635)
        at java.base@17.0.11/java.lang.Thread.run(Thread.java:840)
"grpc-default-boss-ELG-1-1" daemon prio=5 tid=396 runnable
java.lang.Thread.State: RUNNABLE
        at app//org.apache.ratis.thirdparty.io.netty.channel.epoll.Native.epollWait(Native Method)
        at app//org.apache.ratis.thirdparty.io.netty.channel.epoll.Native.epollWait(Native.java:209)
        at app//org.apache.ratis.thirdparty.io.netty.channel.epoll.Native.epollWait(Native.java:202)
        at app//org.apache.ratis.thirdparty.io.netty.channel.epoll.EpollEventLoop.epollWaitNoTimerChange(EpollEventLoop.java:316)
        at app//org.apache.ratis.thirdparty.io.netty.channel.epoll.EpollEventLoop.run(EpollEventLoop.java:373)
        at app//org.apache.ratis.thirdparty.io.netty.util.concurrent.SingleThreadEventExecutor$4.run(SingleThreadEventExecutor.java:997)
        at app//org.apache.ratis.thirdparty.io.netty.util.internal.ThreadExecutorMap$2.run(ThreadExecutorMap.java:74)
        at app//org.apache.ratis.thirdparty.io.netty.util.concurrent.FastThreadLocalRunnable.run(FastThreadLocalRunnable.java:30)
        at java.base@17.0.11/java.lang.Thread.run(Thread.java:840)
"6d6fe673-47e6-46c0-a6fc-601f54cde379-ChunkReader-1" daemon prio=5 tid=860 in Object.wait()
java.lang.Thread.State: WAITING (on object monitor)
        at java.base@17.0.11/jdk.internal.misc.Unsafe.park(Native Method)
        at java.base@17.0.11/java.util.concurrent.locks.LockSupport.park(LockSupport.java:341)
        at java.base@17.0.11/java.util.concurrent.locks.AbstractQueuedSynchronizer$ConditionNode.block(AbstractQueuedSynchronizer.java:506)
        at java.base@17.0.11/java.util.concurrent.ForkJoinPool.unmanagedBlock(ForkJoinPool.java:3465)
        at java.base@17.0.11/java.util.concurrent.ForkJoinPool.managedBlock(ForkJoinPool.java:3436)
        at java.base@17.0.11/java.util.concurrent.locks.AbstractQueuedSynchronizer$ConditionObject.await(AbstractQueuedSynchronizer.java:1625)
        at java.base@17.0.11/java.util.concurrent.LinkedBlockingQueue.take(LinkedBlockingQueue.java:435)
        at java.base@17.0.11/java.util.concurrent.ThreadPoolExecutor.getTask(ThreadPoolExecutor.java:1062)
        at java.base@17.0.11/java.util.concurrent.ThreadPoolExecutor.runWorker(ThreadPoolExecutor.java:1122)
        at java.base@17.0.11/java.util.concurrent.ThreadPoolExecutor$Worker.run(ThreadPoolExecutor.java:635)
        at java.base@17.0.11/java.lang.Thread.run(Thread.java:840)
"Socket Reader #1 for port 15000"  prio=5 tid=48 runnable
java.lang.Thread.State: RUNNABLE
        at java.base@17.0.11/sun.nio.ch.EPoll.wait(Native Method)
        at java.base@17.0.11/sun.nio.ch.EPollSelectorImpl.doSelect(EPollSelectorImpl.java:118)
        at java.base@17.0.11/sun.nio.ch.SelectorImpl.lockAndDoSelect(SelectorImpl.java:129)
        at java.base@17.0.11/sun.nio.ch.SelectorImpl.select(SelectorImpl.java:146)
        at app//org.apache.hadoop.ipc.Server$Listener$Reader.doRunLoop(Server.java:1346)
        at app//org.apache.hadoop.ipc.Server$Listener$Reader.run(Server.java:1325)
"c511b233-3aa4-4954-9335-f5d54c64e497-ChunkReader-9" daemon prio=5 tid=941 in Object.wait()
java.lang.Thread.State: WAITING (on object monitor)
        at java.base@17.0.11/jdk.internal.misc.Unsafe.park(Native Method)
        at java.base@17.0.11/java.util.concurrent.locks.LockSupport.park(LockSupport.java:341)
        at java.base@17.0.11/java.util.concurrent.locks.AbstractQueuedSynchronizer$ConditionNode.block(AbstractQueuedSynchronizer.java:506)
        at java.base@17.0.11/java.util.concurrent.ForkJoinPool.unmanagedBlock(ForkJoinPool.java:3465)
        at java.base@17.0.11/java.util.concurrent.ForkJoinPool.managedBlock(ForkJoinPool.java:3436)
        at java.base@17.0.11/java.util.concurrent.locks.AbstractQueuedSynchronizer$ConditionObject.await(AbstractQueuedSynchronizer.java:1625)
        at java.base@17.0.11/java.util.concurrent.LinkedBlockingQueue.take(LinkedBlockingQueue.java:435)
        at java.base@17.0.11/java.util.concurrent.ThreadPoolExecutor.getTask(ThreadPoolExecutor.java:1062)
        at java.base@17.0.11/java.util.concurrent.ThreadPoolExecutor.runWorker(ThreadPoolExecutor.java:1122)
        at java.base@17.0.11/java.util.concurrent.ThreadPoolExecutor$Worker.run(ThreadPoolExecutor.java:635)
        at java.base@17.0.11/java.lang.Thread.run(Thread.java:840)
"FixedThreadPoolWithAffinityExecutor-9-0" daemon prio=5 tid=61 timed_waiting
java.lang.Thread.State: TIMED_WAITING
        at java.base@17.0.11/jdk.internal.misc.Unsafe.park(Native Method)
        at java.base@17.0.11/java.util.concurrent.locks.LockSupport.parkNanos(LockSupport.java:252)
        at java.base@17.0.11/java.util.concurrent.locks.AbstractQueuedSynchronizer$ConditionObject.awaitNanos(AbstractQueuedSynchronizer.java:1674)
        at java.base@17.0.11/java.util.concurrent.LinkedBlockingQueue.poll(LinkedBlockingQueue.java:460)
        at app//org.apache.hadoop.hdds.scm.server.ContainerReportQueue.poll(ContainerReportQueue.java:269)
        at app//org.apache.hadoop.hdds.scm.server.ContainerReportQueue.poll(ContainerReportQueue.java:42)
        at app//org.apache.hadoop.hdds.server.events.FixedThreadPoolWithAffinityExecutor$ContainerReportProcessTask.run(FixedThreadPoolWithAffinityExecutor.java:253)
        at java.base@17.0.11/java.util.concurrent.Executors$RunnableAdapter.call(Executors.java:539)
        at java.base@17.0.11/java.util.concurrent.FutureTask.run(FutureTask.java:264)
        at java.base@17.0.11/java.util.concurrent.ThreadPoolExecutor.runWorker(ThreadPoolExecutor.java:1136)
        at java.base@17.0.11/java.util.concurrent.ThreadPoolExecutor$Worker.run(ThreadPoolExecutor.java:635)
        at java.base@17.0.11/java.lang.Thread.run(Thread.java:840)
"IPC Server handler 7 on default port 15000" daemon prio=5 tid=70 timed_waiting
java.lang.Thread.State: TIMED_WAITING
        at java.base@17.0.11/jdk.internal.misc.Unsafe.park(Native Method)
        at java.base@17.0.11/java.util.concurrent.locks.LockSupport.parkNanos(LockSupport.java:252)
        at java.base@17.0.11/java.util.concurrent.locks.AbstractQueuedSynchronizer$ConditionObject.awaitNanos(AbstractQueuedSynchronizer.java:1674)
        at java.base@17.0.11/java.util.concurrent.LinkedBlockingQueue.poll(LinkedBlockingQueue.java:460)
        at app//org.apache.hadoop.ipc.CallQueueManager.take(CallQueueManager.java:317)
        at app//org.apache.hadoop.ipc.Server$Handler.run(Server.java:3014)
"ForkJoinPool.commonPool-worker-1" daemon prio=5 tid=24 in Object.wait()
java.lang.Thread.State: WAITING (on object monitor)
        at java.base@17.0.11/jdk.internal.misc.Unsafe.park(Native Method)
        at java.base@17.0.11/java.util.concurrent.locks.LockSupport.park(LockSupport.java:341)
        at java.base@17.0.11/java.util.concurrent.ForkJoinPool.awaitWork(ForkJoinPool.java:1724)
        at java.base@17.0.11/java.util.concurrent.ForkJoinPool.runWorker(ForkJoinPool.java:1623)
        at java.base@17.0.11/java.util.concurrent.ForkJoinWorkerThread.run(ForkJoinWorkerThread.java:165)
"IPC Server handler 37 on default port 15000" daemon prio=5 tid=100 timed_waiting
java.lang.Thread.State: TIMED_WAITING
        at java.base@17.0.11/jdk.internal.misc.Unsafe.park(Native Method)
        at java.base@17.0.11/java.util.concurrent.locks.LockSupport.parkNanos(LockSupport.java:252)
        at java.base@17.0.11/java.util.concurrent.locks.AbstractQueuedSynchronizer$ConditionObject.awaitNanos(AbstractQueuedSynchronizer.java:1674)
        at java.base@17.0.11/java.util.concurrent.LinkedBlockingQueue.poll(LinkedBlockingQueue.java:460)
        at app//org.apache.hadoop.ipc.CallQueueManager.take(CallQueueManager.java:317)
        at app//org.apache.hadoop.ipc.Server$Handler.run(Server.java:3014)
"6d6fe673-47e6-46c0-a6fc-601f54cde379-ChunkReader-ELG-0" daemon prio=5 tid=648 runnable
java.lang.Thread.State: RUNNABLE
        at app//org.apache.ratis.thirdparty.io.netty.channel.epoll.Native.epollWait0(Native Method)
        at app//org.apache.ratis.thirdparty.io.netty.channel.epoll.Native.epollWait(Native.java:182)
        at app//org.apache.ratis.thirdparty.io.netty.channel.epoll.EpollEventLoop.epollWait(EpollEventLoop.java:312)
        at app//org.apache.ratis.thirdparty.io.netty.channel.epoll.EpollEventLoop.run(EpollEventLoop.java:376)
        at app//org.apache.ratis.thirdparty.io.netty.util.concurrent.SingleThreadEventExecutor$4.run(SingleThreadEventExecutor.java:997)
        at app//org.apache.ratis.thirdparty.io.netty.util.internal.ThreadExecutorMap$2.run(ThreadExecutorMap.java:74)
        at java.base@17.0.11/java.lang.Thread.run(Thread.java:840)
"c511b233-3aa4-4954-9335-f5d54c64e497-ChunkReader-5" daemon prio=5 tid=870 in Object.wait()
java.lang.Thread.State: WAITING (on object monitor)
        at java.base@17.0.11/jdk.internal.misc.Unsafe.park(Native Method)
        at java.base@17.0.11/java.util.concurrent.locks.LockSupport.park(LockSupport.java:341)
        at java.base@17.0.11/java.util.concurrent.locks.AbstractQueuedSynchronizer$ConditionNode.block(AbstractQueuedSynchronizer.java:506)
        at java.base@17.0.11/java.util.concurrent.ForkJoinPool.unmanagedBlock(ForkJoinPool.java:3465)
        at java.base@17.0.11/java.util.concurrent.ForkJoinPool.managedBlock(ForkJoinPool.java:3436)
        at java.base@17.0.11/java.util.concurrent.locks.AbstractQueuedSynchronizer$ConditionObject.await(AbstractQueuedSynchronizer.java:1625)
        at java.base@17.0.11/java.util.concurrent.LinkedBlockingQueue.take(LinkedBlockingQueue.java:435)
        at java.base@17.0.11/java.util.concurrent.ThreadPoolExecutor.getTask(ThreadPoolExecutor.java:1062)
        at java.base@17.0.11/java.util.concurrent.ThreadPoolExecutor.runWorker(ThreadPoolExecutor.java:1122)
        at java.base@17.0.11/java.util.concurrent.ThreadPoolExecutor$Worker.run(ThreadPoolExecutor.java:635)
        at java.base@17.0.11/java.lang.Thread.run(Thread.java:840)
"process reaper" daemon prio=10 tid=16 timed_waiting
java.lang.Thread.State: TIMED_WAITING
        at java.base@17.0.11/jdk.internal.misc.Unsafe.park(Native Method)
        at java.base@17.0.11/java.util.concurrent.locks.LockSupport.parkNanos(LockSupport.java:252)
        at java.base@17.0.11/java.util.concurrent.SynchronousQueue$TransferStack.transfer(SynchronousQueue.java:401)
        at java.base@17.0.11/java.util.concurrent.SynchronousQueue.poll(SynchronousQueue.java:903)
        at java.base@17.0.11/java.util.concurrent.ThreadPoolExecutor.getTask(ThreadPoolExecutor.java:1061)
        at java.base@17.0.11/java.util.concurrent.ThreadPoolExecutor.runWorker(ThreadPoolExecutor.java:1122)
        at java.base@17.0.11/java.util.concurrent.ThreadPoolExecutor$Worker.run(ThreadPoolExecutor.java:635)
        at java.base@17.0.11/java.lang.Thread.run(Thread.java:840)
"timer6" daemon prio=5 tid=826 timed_waiting
java.lang.Thread.State: TIMED_WAITING
        at java.base@17.0.11/java.lang.Object.wait(Native Method)
        at java.base@17.0.11/java.util.TimerThread.mainLoop(Timer.java:563)
        at java.base@17.0.11/java.util.TimerThread.run(Timer.java:516)
"IPC Server handler 81 on default port 15002" daemon prio=5 tid=344 timed_waiting
java.lang.Thread.State: TIMED_WAITING
        at java.base@17.0.11/jdk.internal.misc.Unsafe.park(Native Method)
        at java.base@17.0.11/java.util.concurrent.locks.LockSupport.parkNanos(LockSupport.java:252)
        at java.base@17.0.11/java.util.concurrent.locks.AbstractQueuedSynchronizer$ConditionObject.awaitNanos(AbstractQueuedSynchronizer.java:1674)
        at java.base@17.0.11/java.util.concurrent.LinkedBlockingQueue.poll(LinkedBlockingQueue.java:460)
        at app//org.apache.hadoop.ipc.CallQueueManager.take(CallQueueManager.java:317)
        at app//org.apache.hadoop.ipc.Server$Handler.run(Server.java:3014)
"qtp1090492142-475" daemon prio=5 tid=475 timed_waiting
java.lang.Thread.State: TIMED_WAITING
        at java.base@17.0.11/jdk.internal.misc.Unsafe.park(Native Method)
        at java.base@17.0.11/java.util.concurrent.locks.LockSupport.parkNanos(LockSupport.java:252)
        at java.base@17.0.11/java.util.concurrent.locks.AbstractQueuedSynchronizer$ConditionObject.awaitNanos(AbstractQueuedSynchronizer.java:1674)
        at app//org.eclipse.jetty.util.BlockingArrayQueue.poll(BlockingArrayQueue.java:382)
        at app//org.eclipse.jetty.util.thread.QueuedThreadPool$Runner.idleJobPoll(QueuedThreadPool.java:974)
        at app//org.eclipse.jetty.util.thread.QueuedThreadPool$Runner.run(QueuedThreadPool.java:1018)
        at java.base@17.0.11/java.lang.Thread.run(Thread.java:840)
"IPC Server handler 17 on default port 15004" daemon prio=5 tid=436 timed_waiting
java.lang.Thread.State: TIMED_WAITING
        at java.base@17.0.11/jdk.internal.misc.Unsafe.park(Native Method)
        at java.base@17.0.11/java.util.concurrent.locks.LockSupport.parkNanos(LockSupport.java:252)
        at java.base@17.0.11/java.util.concurrent.locks.AbstractQueuedSynchronizer$ConditionObject.awaitNanos(AbstractQueuedSynchronizer.java:1674)
        at java.base@17.0.11/java.util.concurrent.LinkedBlockingQueue.poll(LinkedBlockingQueue.java:460)
        at app//org.apache.hadoop.ipc.CallQueueManager.take(CallQueueManager.java:317)
        at app//org.apache.hadoop.ipc.Server$Handler.run(Server.java:3014)
"c511b233-3aa4-4954-9335-f5d54c64e497@group-39932C3C694B-StateMachineUpdater" daemon prio=5 tid=747 timed_waiting
java.lang.Thread.State: TIMED_WAITING
        at java.base@17.0.11/jdk.internal.misc.Unsafe.park(Native Method)
        at java.base@17.0.11/java.util.concurrent.locks.LockSupport.parkNanos(LockSupport.java:252)
        at java.base@17.0.11/java.util.concurrent.locks.AbstractQueuedSynchronizer$ConditionObject.await(AbstractQueuedSynchronizer.java:1759)
        at app//org.apache.ratis.util.AwaitForSignal.await(AwaitForSignal.java:65)
        at app//org.apache.ratis.server.impl.StateMachineUpdater.waitForCommit(StateMachineUpdater.java:211)
        at app//org.apache.ratis.server.impl.StateMachineUpdater.run(StateMachineUpdater.java:180)
        at java.base@17.0.11/java.lang.Thread.run(Thread.java:840)
"IPC Server handler 48 on default port 15001" daemon prio=5 tid=211 timed_waiting
java.lang.Thread.State: TIMED_WAITING
        at java.base@17.0.11/jdk.internal.misc.Unsafe.park(Native Method)
        at java.base@17.0.11/java.util.concurrent.locks.LockSupport.parkNanos(LockSupport.java:252)
        at java.base@17.0.11/java.util.concurrent.locks.AbstractQueuedSynchronizer$ConditionObject.awaitNanos(AbstractQueuedSynchronizer.java:1674)
        at java.base@17.0.11/java.util.concurrent.LinkedBlockingQueue.poll(LinkedBlockingQueue.java:460)
        at app//org.apache.hadoop.ipc.CallQueueManager.take(CallQueueManager.java:317)
        at app//org.apache.hadoop.ipc.Server$Handler.run(Server.java:3014)
"fdf93896-5abf-403c-99a8-bb8ea43c9a14-ChunkReader-9" daemon prio=5 tid=907 in Object.wait()
java.lang.Thread.State: WAITING (on object monitor)
        at java.base@17.0.11/jdk.internal.misc.Unsafe.park(Native Method)
        at java.base@17.0.11/java.util.concurrent.locks.LockSupport.park(LockSupport.java:341)
        at java.base@17.0.11/java.util.concurrent.locks.AbstractQueuedSynchronizer$ConditionNode.block(AbstractQueuedSynchronizer.java:506)
        at java.base@17.0.11/java.util.concurrent.ForkJoinPool.unmanagedBlock(ForkJoinPool.java:3465)
        at java.base@17.0.11/java.util.concurrent.ForkJoinPool.managedBlock(ForkJoinPool.java:3436)
        at java.base@17.0.11/java.util.concurrent.locks.AbstractQueuedSynchronizer$ConditionObject.await(AbstractQueuedSynchronizer.java:1625)
        at java.base@17.0.11/java.util.concurrent.LinkedBlockingQueue.take(LinkedBlockingQueue.java:435)
        at java.base@17.0.11/java.util.concurrent.ThreadPoolExecutor.getTask(ThreadPoolExecutor.java:1062)
        at java.base@17.0.11/java.util.concurrent.ThreadPoolExecutor.runWorker(ThreadPoolExecutor.java:1122)
        at java.base@17.0.11/java.util.concurrent.ThreadPoolExecutor$Worker.run(ThreadPoolExecutor.java:635)
        at java.base@17.0.11/java.lang.Thread.run(Thread.java:840)
"Hadoop-Metrics-Updater-0" daemon prio=5 tid=51 timed_waiting
java.lang.Thread.State: TIMED_WAITING
        at java.base@17.0.11/jdk.internal.misc.Unsafe.park(Native Method)
        at java.base@17.0.11/java.util.concurrent.locks.LockSupport.parkNanos(LockSupport.java:252)
        at java.base@17.0.11/java.util.concurrent.locks.AbstractQueuedSynchronizer$ConditionObject.awaitNanos(AbstractQueuedSynchronizer.java:1674)
        at java.base@17.0.11/java.util.concurrent.ScheduledThreadPoolExecutor$DelayedWorkQueue.take(ScheduledThreadPoolExecutor.java:1182)
        at java.base@17.0.11/java.util.concurrent.ScheduledThreadPoolExecutor$DelayedWorkQueue.take(ScheduledThreadPoolExecutor.java:899)
        at java.base@17.0.11/java.util.concurrent.ThreadPoolExecutor.getTask(ThreadPoolExecutor.java:1062)
        at java.base@17.0.11/java.util.concurrent.ThreadPoolExecutor.runWorker(ThreadPoolExecutor.java:1122)
        at java.base@17.0.11/java.util.concurrent.ThreadPoolExecutor$Worker.run(ThreadPoolExecutor.java:635)
        at java.base@17.0.11/java.lang.Thread.run(Thread.java:840)
"IPC Server handler 0 on default port 15028" daemon prio=5 tid=513 timed_waiting
java.lang.Thread.State: TIMED_WAITING
        at java.base@17.0.11/jdk.internal.misc.Unsafe.park(Native Method)
        at java.base@17.0.11/java.util.concurrent.locks.LockSupport.parkNanos(LockSupport.java:252)
        at java.base@17.0.11/java.util.concurrent.locks.AbstractQueuedSynchronizer$ConditionObject.awaitNanos(AbstractQueuedSynchronizer.java:1674)
        at java.base@17.0.11/java.util.concurrent.LinkedBlockingQueue.poll(LinkedBlockingQueue.java:460)
        at app//org.apache.hadoop.ipc.CallQueueManager.take(CallQueueManager.java:317)
        at app//org.apache.hadoop.ipc.Server$Handler.run(Server.java:3014)
"IPC Server handler 72 on default port 15002" daemon prio=5 tid=335 timed_waiting
java.lang.Thread.State: TIMED_WAITING
        at java.base@17.0.11/jdk.internal.misc.Unsafe.park(Native Method)
        at java.base@17.0.11/java.util.concurrent.locks.LockSupport.parkNanos(LockSupport.java:252)
        at java.base@17.0.11/java.util.concurrent.locks.AbstractQueuedSynchronizer$ConditionObject.awaitNanos(AbstractQueuedSynchronizer.java:1674)
        at java.base@17.0.11/java.util.concurrent.LinkedBlockingQueue.poll(LinkedBlockingQueue.java:460)
        at app//org.apache.hadoop.ipc.CallQueueManager.take(CallQueueManager.java:317)
        at app//org.apache.hadoop.ipc.Server$Handler.run(Server.java:3014)
"IPC Server handler 73 on default port 15000" daemon prio=5 tid=136 timed_waiting
java.lang.Thread.State: TIMED_WAITING
        at java.base@17.0.11/jdk.internal.misc.Unsafe.park(Native Method)
        at java.base@17.0.11/java.util.concurrent.locks.LockSupport.parkNanos(LockSupport.java:252)
        at java.base@17.0.11/java.util.concurrent.locks.AbstractQueuedSynchronizer$ConditionObject.awaitNanos(AbstractQueuedSynchronizer.java:1674)
        at java.base@17.0.11/java.util.concurrent.LinkedBlockingQueue.poll(LinkedBlockingQueue.java:460)
        at app//org.apache.hadoop.ipc.CallQueueManager.take(CallQueueManager.java:317)
        at app//org.apache.hadoop.ipc.Server$Handler.run(Server.java:3014)
"IPC Server handler 23 on default port 15001" daemon prio=5 tid=186 timed_waiting
java.lang.Thread.State: TIMED_WAITING
        at java.base@17.0.11/jdk.internal.misc.Unsafe.park(Native Method)
        at java.base@17.0.11/java.util.concurrent.locks.LockSupport.parkNanos(LockSupport.java:252)
        at java.base@17.0.11/java.util.concurrent.locks.AbstractQueuedSynchronizer$ConditionObject.awaitNanos(AbstractQueuedSynchronizer.java:1674)
        at java.base@17.0.11/java.util.concurrent.LinkedBlockingQueue.poll(LinkedBlockingQueue.java:460)
        at app//org.apache.hadoop.ipc.CallQueueManager.take(CallQueueManager.java:317)
        at app//org.apache.hadoop.ipc.Server$Handler.run(Server.java:3014)
"IPC Server handler 66 on default port 15002" daemon prio=5 tid=329 timed_waiting
java.lang.Thread.State: TIMED_WAITING
        at java.base@17.0.11/jdk.internal.misc.Unsafe.park(Native Method)
        at java.base@17.0.11/java.util.concurrent.locks.LockSupport.parkNanos(LockSupport.java:252)
        at java.base@17.0.11/java.util.concurrent.locks.AbstractQueuedSynchronizer$ConditionObject.awaitNanos(AbstractQueuedSynchronizer.java:1674)
        at java.base@17.0.11/java.util.concurrent.LinkedBlockingQueue.poll(LinkedBlockingQueue.java:460)
        at app//org.apache.hadoop.ipc.CallQueueManager.take(CallQueueManager.java:317)
        at app//org.apache.hadoop.ipc.Server$Handler.run(Server.java:3014)
"ContainerDataScanner(/home/runner/work/ozone/ozone/hadoop-ozone/integration-test/target/test-dir/MiniOzoneClusterImpl-ed78929e-9b9e-4304-bdcd-e93070d12e9d/ozone-meta/datanode-2/data-0/hdds)" daemon prio=5 tid=604 timed_waiting
java.lang.Thread.State: TIMED_WAITING
        at java.base@17.0.11/java.lang.Thread.sleep(Native Method)
        at app//org.apache.hadoop.ozone.container.ozoneimpl.AbstractBackgroundContainerScanner.handleRemainingSleep(AbstractBackgroundContainerScanner.java:131)
        at app//org.apache.hadoop.ozone.container.ozoneimpl.AbstractBackgroundContainerScanner.runIteration(AbstractBackgroundContainerScanner.java:98)
        at app//org.apache.hadoop.ozone.container.ozoneimpl.AbstractBackgroundContainerScanner.run(AbstractBackgroundContainerScanner.java:57)
"IPC Server handler 53 on default port 15001" daemon prio=5 tid=216 timed_waiting
java.lang.Thread.State: TIMED_WAITING
        at java.base@17.0.11/jdk.internal.misc.Unsafe.park(Native Method)
        at java.base@17.0.11/java.util.concurrent.locks.LockSupport.parkNanos(LockSupport.java:252)
        at java.base@17.0.11/java.util.concurrent.locks.AbstractQueuedSynchronizer$ConditionObject.awaitNanos(AbstractQueuedSynchronizer.java:1674)
        at java.base@17.0.11/java.util.concurrent.LinkedBlockingQueue.poll(LinkedBlockingQueue.java:460)
        at app//org.apache.hadoop.ipc.CallQueueManager.take(CallQueueManager.java:317)
        at app//org.apache.hadoop.ipc.Server$Handler.run(Server.java:3014)
"IPC Server handler 71 on default port 15001" daemon prio=5 tid=234 timed_waiting
java.lang.Thread.State: TIMED_WAITING
        at java.base@17.0.11/jdk.internal.misc.Unsafe.park(Native Method)
        at java.base@17.0.11/java.util.concurrent.locks.LockSupport.parkNanos(LockSupport.java:252)
        at java.base@17.0.11/java.util.concurrent.locks.AbstractQueuedSynchronizer$ConditionObject.awaitNanos(AbstractQueuedSynchronizer.java:1674)
        at java.base@17.0.11/java.util.concurrent.LinkedBlockingQueue.poll(LinkedBlockingQueue.java:460)
        at app//org.apache.hadoop.ipc.CallQueueManager.take(CallQueueManager.java:317)
        at app//org.apache.hadoop.ipc.Server$Handler.run(Server.java:3014)
"b47eb027-4b7a-4ddc-bf7f-0870758e0604-BlockDeletingService#0" daemon prio=5 tid=630 timed_waiting
java.lang.Thread.State: TIMED_WAITING
        at java.base@17.0.11/jdk.internal.misc.Unsafe.park(Native Method)
        at java.base@17.0.11/java.util.concurrent.locks.LockSupport.parkNanos(LockSupport.java:252)
        at java.base@17.0.11/java.util.concurrent.locks.AbstractQueuedSynchronizer$ConditionObject.awaitNanos(AbstractQueuedSynchronizer.java:1674)
        at java.base@17.0.11/java.util.concurrent.ScheduledThreadPoolExecutor$DelayedWorkQueue.take(ScheduledThreadPoolExecutor.java:1182)
        at java.base@17.0.11/java.util.concurrent.ScheduledThreadPoolExecutor$DelayedWorkQueue.take(ScheduledThreadPoolExecutor.java:899)
        at java.base@17.0.11/java.util.concurrent.ThreadPoolExecutor.getTask(ThreadPoolExecutor.java:1062)
        at java.base@17.0.11/java.util.concurrent.ThreadPoolExecutor.runWorker(ThreadPoolExecutor.java:1122)
        at java.base@17.0.11/java.util.concurrent.ThreadPoolExecutor$Worker.run(ThreadPoolExecutor.java:635)
        at java.base@17.0.11/java.lang.Thread.run(Thread.java:840)
"b47eb027-4b7a-4ddc-bf7f-0870758e0604-EndpointStateMachineTaskThread-/0.0.0.0:15002-0 "  prio=5 tid=616 in Object.wait()
java.lang.Thread.State: WAITING (on object monitor)
        at java.base@17.0.11/jdk.internal.misc.Unsafe.park(Native Method)
        at java.base@17.0.11/java.util.concurrent.locks.LockSupport.park(LockSupport.java:341)
        at java.base@17.0.11/java.util.concurrent.locks.AbstractQueuedSynchronizer$ConditionNode.block(AbstractQueuedSynchronizer.java:506)
        at java.base@17.0.11/java.util.concurrent.ForkJoinPool.unmanagedBlock(ForkJoinPool.java:3465)
        at java.base@17.0.11/java.util.concurrent.ForkJoinPool.managedBlock(ForkJoinPool.java:3436)
        at java.base@17.0.11/java.util.concurrent.locks.AbstractQueuedSynchronizer$ConditionObject.await(AbstractQueuedSynchronizer.java:1625)
        at java.base@17.0.11/java.util.concurrent.LinkedBlockingQueue.take(LinkedBlockingQueue.java:435)
        at java.base@17.0.11/java.util.concurrent.ThreadPoolExecutor.getTask(ThreadPoolExecutor.java:1062)
        at java.base@17.0.11/java.util.concurrent.ThreadPoolExecutor.runWorker(ThreadPoolExecutor.java:1122)
        at java.base@17.0.11/java.util.concurrent.ThreadPoolExecutor$Worker.run(ThreadPoolExecutor.java:635)
        at java.base@17.0.11/java.lang.Thread.run(Thread.java:840)
"IPC Server handler 62 on default port 15000" daemon prio=5 tid=125 timed_waiting
java.lang.Thread.State: TIMED_WAITING
        at java.base@17.0.11/jdk.internal.misc.Unsafe.park(Native Method)
        at java.base@17.0.11/java.util.concurrent.locks.LockSupport.parkNanos(LockSupport.java:252)
        at java.base@17.0.11/java.util.concurrent.locks.AbstractQueuedSynchronizer$ConditionObject.awaitNanos(AbstractQueuedSynchronizer.java:1674)
        at java.base@17.0.11/java.util.concurrent.LinkedBlockingQueue.poll(LinkedBlockingQueue.java:460)
        at app//org.apache.hadoop.ipc.CallQueueManager.take(CallQueueManager.java:317)
        at app//org.apache.hadoop.ipc.Server$Handler.run(Server.java:3014)
"EventQueue-OpenPipelineForHealthyPipelineSafeModeRule" daemon prio=5 tid=683 in Object.wait()
java.lang.Thread.State: WAITING (on object monitor)
        at java.base@17.0.11/jdk.internal.misc.Unsafe.park(Native Method)
        at java.base@17.0.11/java.util.concurrent.locks.LockSupport.park(LockSupport.java:341)
        at java.base@17.0.11/java.util.concurrent.locks.AbstractQueuedSynchronizer$ConditionNode.block(AbstractQueuedSynchronizer.java:506)
        at java.base@17.0.11/java.util.concurrent.ForkJoinPool.unmanagedBlock(ForkJoinPool.java:3465)
        at java.base@17.0.11/java.util.concurrent.ForkJoinPool.managedBlock(ForkJoinPool.java:3436)
        at java.base@17.0.11/java.util.concurrent.locks.AbstractQueuedSynchronizer$ConditionObject.await(AbstractQueuedSynchronizer.java:1625)
        at java.base@17.0.11/java.util.concurrent.LinkedBlockingQueue.take(LinkedBlockingQueue.java:435)
        at java.base@17.0.11/java.util.concurrent.ThreadPoolExecutor.getTask(ThreadPoolExecutor.java:1062)
        at java.base@17.0.11/java.util.concurrent.ThreadPoolExecutor.runWorker(ThreadPoolExecutor.java:1122)
        at java.base@17.0.11/java.util.concurrent.ThreadPoolExecutor$Worker.run(ThreadPoolExecutor.java:635)
        at java.base@17.0.11/java.lang.Thread.run(Thread.java:840)
"IPC Server idle connection scanner for port 15037" daemon prio=5 tid=537 timed_waiting
java.lang.Thread.State: TIMED_WAITING
        at java.base@17.0.11/java.lang.Object.wait(Native Method)
        at java.base@17.0.11/java.util.TimerThread.mainLoop(Timer.java:563)
        at java.base@17.0.11/java.util.TimerThread.run(Timer.java:516)
"fdf93896-5abf-403c-99a8-bb8ea43c9a14-DatanodeStateMachineTaskThread-0"  prio=5 tid=493 in Object.wait()
java.lang.Thread.State: WAITING (on object monitor)
        at java.base@17.0.11/jdk.internal.misc.Unsafe.park(Native Method)
        at java.base@17.0.11/java.util.concurrent.locks.LockSupport.park(LockSupport.java:341)
        at java.base@17.0.11/java.util.concurrent.locks.AbstractQueuedSynchronizer$ConditionNode.block(AbstractQueuedSynchronizer.java:506)
        at java.base@17.0.11/java.util.concurrent.ForkJoinPool.unmanagedBlock(ForkJoinPool.java:3465)
        at java.base@17.0.11/java.util.concurrent.ForkJoinPool.managedBlock(ForkJoinPool.java:3436)
        at java.base@17.0.11/java.util.concurrent.locks.AbstractQueuedSynchronizer$ConditionObject.await(AbstractQueuedSynchronizer.java:1625)
        at java.base@17.0.11/java.util.concurrent.LinkedBlockingQueue.take(LinkedBlockingQueue.java:435)
        at java.base@17.0.11/java.util.concurrent.ThreadPoolExecutor.getTask(ThreadPoolExecutor.java:1062)
        at java.base@17.0.11/java.util.concurrent.ThreadPoolExecutor.runWorker(ThreadPoolExecutor.java:1122)
        at java.base@17.0.11/java.util.concurrent.ThreadPoolExecutor$Worker.run(ThreadPoolExecutor.java:635)
        at java.base@17.0.11/java.lang.Thread.run(Thread.java:840)
"b47eb027-4b7a-4ddc-bf7f-0870758e0604-DatanodeReportManager-3" daemon prio=5 tid=518 in Object.wait()
java.lang.Thread.State: WAITING (on object monitor)
        at java.base@17.0.11/jdk.internal.misc.Unsafe.park(Native Method)
        at java.base@17.0.11/java.util.concurrent.locks.LockSupport.park(LockSupport.java:341)
        at java.base@17.0.11/java.util.concurrent.locks.AbstractQueuedSynchronizer$ConditionNode.block(AbstractQueuedSynchronizer.java:506)
        at java.base@17.0.11/java.util.concurrent.ForkJoinPool.unmanagedBlock(ForkJoinPool.java:3465)
        at java.base@17.0.11/java.util.concurrent.ForkJoinPool.managedBlock(ForkJoinPool.java:3436)
        at java.base@17.0.11/java.util.concurrent.locks.AbstractQueuedSynchronizer$ConditionObject.await(AbstractQueuedSynchronizer.java:1625)
        at java.base@17.0.11/java.util.concurrent.ScheduledThreadPoolExecutor$DelayedWorkQueue.take(ScheduledThreadPoolExecutor.java:1177)
        at java.base@17.0.11/java.util.concurrent.ScheduledThreadPoolExecutor$DelayedWorkQueue.take(ScheduledThreadPoolExecutor.java:899)
        at java.base@17.0.11/java.util.concurrent.ThreadPoolExecutor.getTask(ThreadPoolExecutor.java:1062)
        at java.base@17.0.11/java.util.concurrent.ThreadPoolExecutor.runWorker(ThreadPoolExecutor.java:1122)
        at java.base@17.0.11/java.util.concurrent.ThreadPoolExecutor$Worker.run(ThreadPoolExecutor.java:635)
        at java.base@17.0.11/java.lang.Thread.run(Thread.java:840)
"Session-HouseKeeper-186f51bb-1"  prio=5 tid=480 timed_waiting
java.lang.Thread.State: TIMED_WAITING
        at java.base@17.0.11/jdk.internal.misc.Unsafe.park(Native Method)
        at java.base@17.0.11/java.util.concurrent.locks.LockSupport.parkNanos(LockSupport.java:252)
        at java.base@17.0.11/java.util.concurrent.locks.AbstractQueuedSynchronizer$ConditionObject.awaitNanos(AbstractQueuedSynchronizer.java:1674)
        at java.base@17.0.11/java.util.concurrent.ScheduledThreadPoolExecutor$DelayedWorkQueue.take(ScheduledThreadPoolExecutor.java:1182)
        at java.base@17.0.11/java.util.concurrent.ScheduledThreadPoolExecutor$DelayedWorkQueue.take(ScheduledThreadPoolExecutor.java:899)
        at java.base@17.0.11/java.util.concurrent.ThreadPoolExecutor.getTask(ThreadPoolExecutor.java:1062)
        at java.base@17.0.11/java.util.concurrent.ThreadPoolExecutor.runWorker(ThreadPoolExecutor.java:1122)
        at java.base@17.0.11/java.util.concurrent.ThreadPoolExecutor$Worker.run(ThreadPoolExecutor.java:635)
        at java.base@17.0.11/java.lang.Thread.run(Thread.java:840)
"grpc-default-executor-0" daemon prio=5 tid=709 timed_waiting
java.lang.Thread.State: TIMED_WAITING
        at java.base@17.0.11/jdk.internal.misc.Unsafe.park(Native Method)
        at java.base@17.0.11/java.util.concurrent.locks.LockSupport.parkNanos(LockSupport.java:252)
        at java.base@17.0.11/java.util.concurrent.SynchronousQueue$TransferStack.transfer(SynchronousQueue.java:401)
        at java.base@17.0.11/java.util.concurrent.SynchronousQueue.poll(SynchronousQueue.java:903)
        at java.base@17.0.11/java.util.concurrent.ThreadPoolExecutor.getTask(ThreadPoolExecutor.java:1061)
        at java.base@17.0.11/java.util.concurrent.ThreadPoolExecutor.runWorker(ThreadPoolExecutor.java:1122)
        at java.base@17.0.11/java.util.concurrent.ThreadPoolExecutor$Worker.run(ThreadPoolExecutor.java:635)
        at java.base@17.0.11/java.lang.Thread.run(Thread.java:840)
"fdf93896-5abf-403c-99a8-bb8ea43c9a14@group-39932C3C694B-cacheEviction-AwaitToRun" daemon prio=5 tid=752 in Object.wait()
java.lang.Thread.State: WAITING (on object monitor)
        at java.base@17.0.11/jdk.internal.misc.Unsafe.park(Native Method)
        at java.base@17.0.11/java.util.concurrent.locks.LockSupport.park(LockSupport.java:341)
        at java.base@17.0.11/java.util.concurrent.locks.AbstractQueuedSynchronizer$ConditionNode.block(AbstractQueuedSynchronizer.java:506)
        at java.base@17.0.11/java.util.concurrent.ForkJoinPool.unmanagedBlock(ForkJoinPool.java:3465)
        at java.base@17.0.11/java.util.concurrent.ForkJoinPool.managedBlock(ForkJoinPool.java:3436)
        at java.base@17.0.11/java.util.concurrent.locks.AbstractQueuedSynchronizer$ConditionObject.await(AbstractQueuedSynchronizer.java:1625)
        at app//org.apache.ratis.util.AwaitForSignal.await(AwaitForSignal.java:48)
        at app//org.apache.ratis.util.AwaitToRun$RunnableImpl.run(AwaitToRun.java:47)
        at java.base@17.0.11/java.lang.Thread.run(Thread.java:840)
"Hadoop-Metrics-Updater-0" daemon prio=5 tid=46 timed_waiting
java.lang.Thread.State: TIMED_WAITING
        at java.base@17.0.11/jdk.internal.misc.Unsafe.park(Native Method)
        at java.base@17.0.11/java.util.concurrent.locks.LockSupport.parkNanos(LockSupport.java:252)
        at java.base@17.0.11/java.util.concurrent.locks.AbstractQueuedSynchronizer$ConditionObject.awaitNanos(AbstractQueuedSynchronizer.java:1674)
        at java.base@17.0.11/java.util.concurrent.ScheduledThreadPoolExecutor$DelayedWorkQueue.take(ScheduledThreadPoolExecutor.java:1182)
        at java.base@17.0.11/java.util.concurrent.ScheduledThreadPoolExecutor$DelayedWorkQueue.take(ScheduledThreadPoolExecutor.java:899)
        at java.base@17.0.11/java.util.concurrent.ThreadPoolExecutor.getTask(ThreadPoolExecutor.java:1062)
        at java.base@17.0.11/java.util.concurrent.ThreadPoolExecutor.runWorker(ThreadPoolExecutor.java:1122)
        at java.base@17.0.11/java.util.concurrent.ThreadPoolExecutor$Worker.run(ThreadPoolExecutor.java:635)
        at java.base@17.0.11/java.lang.Thread.run(Thread.java:840)
"6d6fe673-47e6-46c0-a6fc-601f54cde379-ChunkReader-3" daemon prio=5 tid=881 in Object.wait()
java.lang.Thread.State: WAITING (on object monitor)
        at java.base@17.0.11/jdk.internal.misc.Unsafe.park(Native Method)
        at java.base@17.0.11/java.util.concurrent.locks.LockSupport.park(LockSupport.java:341)
        at java.base@17.0.11/java.util.concurrent.locks.AbstractQueuedSynchronizer$ConditionNode.block(AbstractQueuedSynchronizer.java:506)
        at java.base@17.0.11/java.util.concurrent.ForkJoinPool.unmanagedBlock(ForkJoinPool.java:3465)
        at java.base@17.0.11/java.util.concurrent.ForkJoinPool.managedBlock(ForkJoinPool.java:3436)
        at java.base@17.0.11/java.util.concurrent.locks.AbstractQueuedSynchronizer$ConditionObject.await(AbstractQueuedSynchronizer.java:1625)
        at java.base@17.0.11/java.util.concurrent.LinkedBlockingQueue.take(LinkedBlockingQueue.java:435)
        at java.base@17.0.11/java.util.concurrent.ThreadPoolExecutor.getTask(ThreadPoolExecutor.java:1062)
        at java.base@17.0.11/java.util.concurrent.ThreadPoolExecutor.runWorker(ThreadPoolExecutor.java:1122)
        at java.base@17.0.11/java.util.concurrent.ThreadPoolExecutor$Worker.run(ThreadPoolExecutor.java:635)
        at java.base@17.0.11/java.lang.Thread.run(Thread.java:840)
"IPC Server handler 13 on default port 15000" daemon prio=5 tid=76 timed_waiting
java.lang.Thread.State: TIMED_WAITING
        at java.base@17.0.11/jdk.internal.misc.Unsafe.park(Native Method)
        at java.base@17.0.11/java.util.concurrent.locks.LockSupport.parkNanos(LockSupport.java:252)
        at java.base@17.0.11/java.util.concurrent.locks.AbstractQueuedSynchronizer$ConditionObject.awaitNanos(AbstractQueuedSynchronizer.java:1674)
        at java.base@17.0.11/java.util.concurrent.LinkedBlockingQueue.poll(LinkedBlockingQueue.java:460)
        at app//org.apache.hadoop.ipc.CallQueueManager.take(CallQueueManager.java:317)
        at app//org.apache.hadoop.ipc.Server$Handler.run(Server.java:3014)
"IPC Server handler 22 on default port 15002" daemon prio=5 tid=285 timed_waiting
java.lang.Thread.State: TIMED_WAITING
        at java.base@17.0.11/jdk.internal.misc.Unsafe.park(Native Method)
        at java.base@17.0.11/java.util.concurrent.locks.LockSupport.parkNanos(LockSupport.java:252)
        at java.base@17.0.11/java.util.concurrent.locks.AbstractQueuedSynchronizer$ConditionObject.awaitNanos(AbstractQueuedSynchronizer.java:1674)
        at java.base@17.0.11/java.util.concurrent.LinkedBlockingQueue.poll(LinkedBlockingQueue.java:460)
        at app//org.apache.hadoop.ipc.CallQueueManager.take(CallQueueManager.java:317)
        at app//org.apache.hadoop.ipc.Server$Handler.run(Server.java:3014)
"fdf93896-5abf-403c-99a8-bb8ea43c9a14-ChunkReader-ELG-0" daemon prio=5 tid=610 runnable
java.lang.Thread.State: RUNNABLE
        at app//org.apache.ratis.thirdparty.io.netty.channel.epoll.Native.epollWait0(Native Method)
        at app//org.apache.ratis.thirdparty.io.netty.channel.epoll.Native.epollWait(Native.java:182)
        at app//org.apache.ratis.thirdparty.io.netty.channel.epoll.EpollEventLoop.epollWait(EpollEventLoop.java:312)
        at app//org.apache.ratis.thirdparty.io.netty.channel.epoll.EpollEventLoop.run(EpollEventLoop.java:376)
        at app//org.apache.ratis.thirdparty.io.netty.util.concurrent.SingleThreadEventExecutor$4.run(SingleThreadEventExecutor.java:997)
        at app//org.apache.ratis.thirdparty.io.netty.util.internal.ThreadExecutorMap$2.run(ThreadExecutorMap.java:74)
        at java.base@17.0.11/java.lang.Thread.run(Thread.java:840)
"IPC Server handler 39 on default port 15002" daemon prio=5 tid=302 timed_waiting
java.lang.Thread.State: TIMED_WAITING
        at java.base@17.0.11/jdk.internal.misc.Unsafe.park(Native Method)
        at java.base@17.0.11/java.util.concurrent.locks.LockSupport.parkNanos(LockSupport.java:252)
        at java.base@17.0.11/java.util.concurrent.locks.AbstractQueuedSynchronizer$ConditionObject.awaitNanos(AbstractQueuedSynchronizer.java:1674)
        at java.base@17.0.11/java.util.concurrent.LinkedBlockingQueue.poll(LinkedBlockingQueue.java:460)
        at app//org.apache.hadoop.ipc.CallQueueManager.take(CallQueueManager.java:317)
        at app//org.apache.hadoop.ipc.Server$Handler.run(Server.java:3014)
"IPC Server handler 74 on default port 15002" daemon prio=5 tid=337 timed_waiting
java.lang.Thread.State: TIMED_WAITING
        at java.base@17.0.11/jdk.internal.misc.Unsafe.park(Native Method)
        at java.base@17.0.11/java.util.concurrent.locks.LockSupport.parkNanos(LockSupport.java:252)
        at java.base@17.0.11/java.util.concurrent.locks.AbstractQueuedSynchronizer$ConditionObject.awaitNanos(AbstractQueuedSynchronizer.java:1674)
        at java.base@17.0.11/java.util.concurrent.LinkedBlockingQueue.poll(LinkedBlockingQueue.java:460)
        at app//org.apache.hadoop.ipc.CallQueueManager.take(CallQueueManager.java:317)
        at app//org.apache.hadoop.ipc.Server$Handler.run(Server.java:3014)
"fdf93896-5abf-403c-99a8-bb8ea43c9a14-BlockDeletingService#0" daemon prio=5 tid=611 timed_waiting
java.lang.Thread.State: TIMED_WAITING
        at java.base@17.0.11/jdk.internal.misc.Unsafe.park(Native Method)
        at java.base@17.0.11/java.util.concurrent.locks.LockSupport.parkNanos(LockSupport.java:252)
        at java.base@17.0.11/java.util.concurrent.locks.AbstractQueuedSynchronizer$ConditionObject.awaitNanos(AbstractQueuedSynchronizer.java:1674)
        at java.base@17.0.11/java.util.concurrent.ScheduledThreadPoolExecutor$DelayedWorkQueue.take(ScheduledThreadPoolExecutor.java:1182)
        at java.base@17.0.11/java.util.concurrent.ScheduledThreadPoolExecutor$DelayedWorkQueue.take(ScheduledThreadPoolExecutor.java:899)
        at java.base@17.0.11/java.util.concurrent.ThreadPoolExecutor.getTask(ThreadPoolExecutor.java:1062)
        at java.base@17.0.11/java.util.concurrent.ThreadPoolExecutor.runWorker(ThreadPoolExecutor.java:1122)
        at java.base@17.0.11/java.util.concurrent.ThreadPoolExecutor$Worker.run(ThreadPoolExecutor.java:635)
        at java.base@17.0.11/java.lang.Thread.run(Thread.java:840)
"IPC Server handler 12 on default port 15001" daemon prio=5 tid=175 timed_waiting
java.lang.Thread.State: TIMED_WAITING
        at java.base@17.0.11/jdk.internal.misc.Unsafe.park(Native Method)
        at java.base@17.0.11/java.util.concurrent.locks.LockSupport.parkNanos(LockSupport.java:252)
        at java.base@17.0.11/java.util.concurrent.locks.AbstractQueuedSynchronizer$ConditionObject.awaitNanos(AbstractQueuedSynchronizer.java:1674)
        at java.base@17.0.11/java.util.concurrent.LinkedBlockingQueue.poll(LinkedBlockingQueue.java:460)
        at app//org.apache.hadoop.ipc.CallQueueManager.take(CallQueueManager.java:317)
        at app//org.apache.hadoop.ipc.Server$Handler.run(Server.java:3014)
"IPC Server handler 84 on default port 15000" daemon prio=5 tid=147 timed_waiting
java.lang.Thread.State: TIMED_WAITING
        at java.base@17.0.11/jdk.internal.misc.Unsafe.park(Native Method)
        at java.base@17.0.11/java.util.concurrent.locks.LockSupport.parkNanos(LockSupport.java:252)
        at java.base@17.0.11/java.util.concurrent.locks.AbstractQueuedSynchronizer$ConditionObject.awaitNanos(AbstractQueuedSynchronizer.java:1674)
        at java.base@17.0.11/java.util.concurrent.LinkedBlockingQueue.poll(LinkedBlockingQueue.java:460)
        at app//org.apache.hadoop.ipc.CallQueueManager.take(CallQueueManager.java:317)
        at app//org.apache.hadoop.ipc.Server$Handler.run(Server.java:3014)
"qtp1090492142-472" daemon prio=5 tid=472 runnable
java.lang.Thread.State: RUNNABLE
        at java.base@17.0.11/sun.nio.ch.EPoll.wait(Native Method)
        at java.base@17.0.11/sun.nio.ch.EPollSelectorImpl.doSelect(EPollSelectorImpl.java:118)
        at java.base@17.0.11/sun.nio.ch.SelectorImpl.lockAndDoSelect(SelectorImpl.java:129)
        at java.base@17.0.11/sun.nio.ch.SelectorImpl.select(SelectorImpl.java:146)
        at app//org.eclipse.jetty.io.ManagedSelector.nioSelect(ManagedSelector.java:183)
        at app//org.eclipse.jetty.io.ManagedSelector.select(ManagedSelector.java:190)
        at app//org.eclipse.jetty.io.ManagedSelector$SelectorProducer.select(ManagedSelector.java:606)
        at app//org.eclipse.jetty.io.ManagedSelector$SelectorProducer.produce(ManagedSelector.java:543)
        at app//org.eclipse.jetty.util.thread.strategy.EatWhatYouKill.produceTask(EatWhatYouKill.java:362)
        at app//org.eclipse.jetty.util.thread.strategy.EatWhatYouKill.doProduce(EatWhatYouKill.java:186)
        at app//org.eclipse.jetty.util.thread.strategy.EatWhatYouKill.tryProduce(EatWhatYouKill.java:173)
        at app//org.eclipse.jetty.util.thread.strategy.EatWhatYouKill.produce(EatWhatYouKill.java:137)
        at app//org.eclipse.jetty.io.ManagedSelector$$Lambda$835/0x00007f53846a1738.run(Unknown Source)
        at app//org.eclipse.jetty.util.thread.QueuedThreadPool.runJob(QueuedThreadPool.java:883)
        at app//org.eclipse.jetty.util.thread.QueuedThreadPool$Runner.run(QueuedThreadPool.java:1034)
        at java.base@17.0.11/java.lang.Thread.run(Thread.java:840)
"b47eb027-4b7a-4ddc-bf7f-0870758e0604-ChunkReader-5" daemon prio=5 tid=869 in Object.wait()
java.lang.Thread.State: WAITING (on object monitor)
        at java.base@17.0.11/jdk.internal.misc.Unsafe.park(Native Method)
        at java.base@17.0.11/java.util.concurrent.locks.LockSupport.park(LockSupport.java:341)
        at java.base@17.0.11/java.util.concurrent.locks.AbstractQueuedSynchronizer$ConditionNode.block(AbstractQueuedSynchronizer.java:506)
        at java.base@17.0.11/java.util.concurrent.ForkJoinPool.unmanagedBlock(ForkJoinPool.java:3465)
        at java.base@17.0.11/java.util.concurrent.ForkJoinPool.managedBlock(ForkJoinPool.java:3436)
        at java.base@17.0.11/java.util.concurrent.locks.AbstractQueuedSynchronizer$ConditionObject.await(AbstractQueuedSynchronizer.java:1625)
        at java.base@17.0.11/java.util.concurrent.LinkedBlockingQueue.take(LinkedBlockingQueue.java:435)
        at java.base@17.0.11/java.util.concurrent.ThreadPoolExecutor.getTask(ThreadPoolExecutor.java:1062)
        at java.base@17.0.11/java.util.concurrent.ThreadPoolExecutor.runWorker(ThreadPoolExecutor.java:1122)
        at java.base@17.0.11/java.util.concurrent.ThreadPoolExecutor$Worker.run(ThreadPoolExecutor.java:635)
        at java.base@17.0.11/java.lang.Thread.run(Thread.java:840)
"fdf93896-5abf-403c-99a8-bb8ea43c9a14-ChunkReader-4" daemon prio=5 tid=877 in Object.wait()
java.lang.Thread.State: WAITING (on object monitor)
        at java.base@17.0.11/jdk.internal.misc.Unsafe.park(Native Method)
        at java.base@17.0.11/java.util.concurrent.locks.LockSupport.park(LockSupport.java:341)
        at java.base@17.0.11/java.util.concurrent.locks.AbstractQueuedSynchronizer$ConditionNode.block(AbstractQueuedSynchronizer.java:506)
        at java.base@17.0.11/java.util.concurrent.ForkJoinPool.unmanagedBlock(ForkJoinPool.java:3465)
        at java.base@17.0.11/java.util.concurrent.ForkJoinPool.managedBlock(ForkJoinPool.java:3436)
        at java.base@17.0.11/java.util.concurrent.locks.AbstractQueuedSynchronizer$ConditionObject.await(AbstractQueuedSynchronizer.java:1625)
        at java.base@17.0.11/java.util.concurrent.LinkedBlockingQueue.take(LinkedBlockingQueue.java:435)
        at java.base@17.0.11/java.util.concurrent.ThreadPoolExecutor.getTask(ThreadPoolExecutor.java:1062)
        at java.base@17.0.11/java.util.concurrent.ThreadPoolExecutor.runWorker(ThreadPoolExecutor.java:1122)
        at java.base@17.0.11/java.util.concurrent.ThreadPoolExecutor$Worker.run(ThreadPoolExecutor.java:635)
        at java.base@17.0.11/java.lang.Thread.run(Thread.java:840)
"IPC Server handler 3 on default port 15004" daemon prio=5 tid=422 timed_waiting
java.lang.Thread.State: TIMED_WAITING
        at java.base@17.0.11/jdk.internal.misc.Unsafe.park(Native Method)
        at java.base@17.0.11/java.util.concurrent.locks.LockSupport.parkNanos(LockSupport.java:252)
        at java.base@17.0.11/java.util.concurrent.locks.AbstractQueuedSynchronizer$ConditionObject.awaitNanos(AbstractQueuedSynchronizer.java:1674)
        at java.base@17.0.11/java.util.concurrent.LinkedBlockingQueue.poll(LinkedBlockingQueue.java:460)
        at app//org.apache.hadoop.ipc.CallQueueManager.take(CallQueueManager.java:317)
        at app//org.apache.hadoop.ipc.Server$Handler.run(Server.java:3014)
"IPC Server handler 27 on default port 15001" daemon prio=5 tid=190 timed_waiting
java.lang.Thread.State: TIMED_WAITING
        at java.base@17.0.11/jdk.internal.misc.Unsafe.park(Native Method)
        at java.base@17.0.11/java.util.concurrent.locks.LockSupport.parkNanos(LockSupport.java:252)
        at java.base@17.0.11/java.util.concurrent.locks.AbstractQueuedSynchronizer$ConditionObject.awaitNanos(AbstractQueuedSynchronizer.java:1674)
        at java.base@17.0.11/java.util.concurrent.LinkedBlockingQueue.poll(LinkedBlockingQueue.java:460)
        at app//org.apache.hadoop.ipc.CallQueueManager.take(CallQueueManager.java:317)
        at app//org.apache.hadoop.ipc.Server$Handler.run(Server.java:3014)
"IPC Server Responder" daemon prio=5 tid=484 runnable
java.lang.Thread.State: RUNNABLE
        at java.base@17.0.11/sun.nio.ch.EPoll.wait(Native Method)
        at java.base@17.0.11/sun.nio.ch.EPollSelectorImpl.doSelect(EPollSelectorImpl.java:118)
        at java.base@17.0.11/sun.nio.ch.SelectorImpl.lockAndDoSelect(SelectorImpl.java:129)
        at java.base@17.0.11/sun.nio.ch.SelectorImpl.select(SelectorImpl.java:141)
        at app//org.apache.hadoop.ipc.Server$Responder.doRunLoop(Server.java:1582)
        at app//org.apache.hadoop.ipc.Server$Responder.run(Server.java:1565)
"IPC Server handler 16 on default port 15001" daemon prio=5 tid=179 timed_waiting
java.lang.Thread.State: TIMED_WAITING
        at java.base@17.0.11/jdk.internal.misc.Unsafe.park(Native Method)
        at java.base@17.0.11/java.util.concurrent.locks.LockSupport.parkNanos(LockSupport.java:252)
        at java.base@17.0.11/java.util.concurrent.locks.AbstractQueuedSynchronizer$ConditionObject.awaitNanos(AbstractQueuedSynchronizer.java:1674)
        at java.base@17.0.11/java.util.concurrent.LinkedBlockingQueue.poll(LinkedBlockingQueue.java:460)
        at app//org.apache.hadoop.ipc.CallQueueManager.take(CallQueueManager.java:317)
        at app//org.apache.hadoop.ipc.Server$Handler.run(Server.java:3014)
"IPC Server handler 59 on default port 15002" daemon prio=5 tid=322 timed_waiting
java.lang.Thread.State: TIMED_WAITING
        at java.base@17.0.11/jdk.internal.misc.Unsafe.park(Native Method)
        at java.base@17.0.11/java.util.concurrent.locks.LockSupport.parkNanos(LockSupport.java:252)
        at java.base@17.0.11/java.util.concurrent.locks.AbstractQueuedSynchronizer$ConditionObject.awaitNanos(AbstractQueuedSynchronizer.java:1674)
        at java.base@17.0.11/java.util.concurrent.LinkedBlockingQueue.poll(LinkedBlockingQueue.java:460)
        at app//org.apache.hadoop.ipc.CallQueueManager.take(CallQueueManager.java:317)
        at app//org.apache.hadoop.ipc.Server$Handler.run(Server.java:3014)
"c511b233-3aa4-4954-9335-f5d54c64e497-ChunkReader-3" daemon prio=5 tid=863 in Object.wait()
java.lang.Thread.State: WAITING (on object monitor)
        at java.base@17.0.11/jdk.internal.misc.Unsafe.park(Native Method)
        at java.base@17.0.11/java.util.concurrent.locks.LockSupport.park(LockSupport.java:341)
        at java.base@17.0.11/java.util.concurrent.locks.AbstractQueuedSynchronizer$ConditionNode.block(AbstractQueuedSynchronizer.java:506)
        at java.base@17.0.11/java.util.concurrent.ForkJoinPool.unmanagedBlock(ForkJoinPool.java:3465)
        at java.base@17.0.11/java.util.concurrent.ForkJoinPool.managedBlock(ForkJoinPool.java:3436)
        at java.base@17.0.11/java.util.concurrent.locks.AbstractQueuedSynchronizer$ConditionObject.await(AbstractQueuedSynchronizer.java:1625)
        at java.base@17.0.11/java.util.concurrent.LinkedBlockingQueue.take(LinkedBlockingQueue.java:435)
        at java.base@17.0.11/java.util.concurrent.ThreadPoolExecutor.getTask(ThreadPoolExecutor.java:1062)
        at java.base@17.0.11/java.util.concurrent.ThreadPoolExecutor.runWorker(ThreadPoolExecutor.java:1122)
        at java.base@17.0.11/java.util.concurrent.ThreadPoolExecutor$Worker.run(ThreadPoolExecutor.java:635)
        at java.base@17.0.11/java.lang.Thread.run(Thread.java:840)
"6d6fe673-47e6-46c0-a6fc-601f54cde379-DatanodeReportManager-0" daemon prio=5 tid=542 in Object.wait()
java.lang.Thread.State: WAITING (on object monitor)
        at java.base@17.0.11/jdk.internal.misc.Unsafe.park(Native Method)
        at java.base@17.0.11/java.util.concurrent.locks.LockSupport.park(LockSupport.java:341)
        at java.base@17.0.11/java.util.concurrent.locks.AbstractQueuedSynchronizer$ConditionNode.block(AbstractQueuedSynchronizer.java:506)
        at java.base@17.0.11/java.util.concurrent.ForkJoinPool.unmanagedBlock(ForkJoinPool.java:3465)
        at java.base@17.0.11/java.util.concurrent.ForkJoinPool.managedBlock(ForkJoinPool.java:3436)
        at java.base@17.0.11/java.util.concurrent.locks.AbstractQueuedSynchronizer$ConditionObject.await(AbstractQueuedSynchronizer.java:1625)
        at java.base@17.0.11/java.util.concurrent.ScheduledThreadPoolExecutor$DelayedWorkQueue.take(ScheduledThreadPoolExecutor.java:1177)
        at java.base@17.0.11/java.util.concurrent.ScheduledThreadPoolExecutor$DelayedWorkQueue.take(ScheduledThreadPoolExecutor.java:899)
        at java.base@17.0.11/java.util.concurrent.ThreadPoolExecutor.getTask(ThreadPoolExecutor.java:1062)
        at java.base@17.0.11/java.util.concurrent.ThreadPoolExecutor.runWorker(ThreadPoolExecutor.java:1122)
        at java.base@17.0.11/java.util.concurrent.ThreadPoolExecutor$Worker.run(ThreadPoolExecutor.java:635)
        at java.base@17.0.11/java.lang.Thread.run(Thread.java:840)
"6d6fe673-47e6-46c0-a6fc-601f54cde379-ChunkReader-7" daemon prio=5 tid=910 in Object.wait()
java.lang.Thread.State: WAITING (on object monitor)
        at java.base@17.0.11/jdk.internal.misc.Unsafe.park(Native Method)
        at java.base@17.0.11/java.util.concurrent.locks.LockSupport.park(LockSupport.java:341)
        at java.base@17.0.11/java.util.concurrent.locks.AbstractQueuedSynchronizer$ConditionNode.block(AbstractQueuedSynchronizer.java:506)
        at java.base@17.0.11/java.util.concurrent.ForkJoinPool.unmanagedBlock(ForkJoinPool.java:3465)
        at java.base@17.0.11/java.util.concurrent.ForkJoinPool.managedBlock(ForkJoinPool.java:3436)
        at java.base@17.0.11/java.util.concurrent.locks.AbstractQueuedSynchronizer$ConditionObject.await(AbstractQueuedSynchronizer.java:1625)
        at java.base@17.0.11/java.util.concurrent.LinkedBlockingQueue.take(LinkedBlockingQueue.java:435)
        at java.base@17.0.11/java.util.concurrent.ThreadPoolExecutor.getTask(ThreadPoolExecutor.java:1062)
        at java.base@17.0.11/java.util.concurrent.ThreadPoolExecutor.runWorker(ThreadPoolExecutor.java:1122)
        at java.base@17.0.11/java.util.concurrent.ThreadPoolExecutor$Worker.run(ThreadPoolExecutor.java:635)
        at java.base@17.0.11/java.lang.Thread.run(Thread.java:840)
"IPC Server handler 92 on default port 15001" daemon prio=5 tid=255 timed_waiting
java.lang.Thread.State: TIMED_WAITING
        at java.base@17.0.11/jdk.internal.misc.Unsafe.park(Native Method)
        at java.base@17.0.11/java.util.concurrent.locks.LockSupport.parkNanos(LockSupport.java:252)
        at java.base@17.0.11/java.util.concurrent.locks.AbstractQueuedSynchronizer$ConditionObject.awaitNanos(AbstractQueuedSynchronizer.java:1674)
        at java.base@17.0.11/java.util.concurrent.LinkedBlockingQueue.poll(LinkedBlockingQueue.java:460)
        at app//org.apache.hadoop.ipc.CallQueueManager.take(CallQueueManager.java:317)
        at app//org.apache.hadoop.ipc.Server$Handler.run(Server.java:3014)
"IPC Server handler 12 on default port 15002" daemon prio=5 tid=275 timed_waiting
java.lang.Thread.State: TIMED_WAITING
        at java.base@17.0.11/jdk.internal.misc.Unsafe.park(Native Method)
        at java.base@17.0.11/java.util.concurrent.locks.LockSupport.parkNanos(LockSupport.java:252)
        at java.base@17.0.11/java.util.concurrent.locks.AbstractQueuedSynchronizer$ConditionObject.awaitNanos(AbstractQueuedSynchronizer.java:1674)
        at java.base@17.0.11/java.util.concurrent.LinkedBlockingQueue.poll(LinkedBlockingQueue.java:460)
        at app//org.apache.hadoop.ipc.CallQueueManager.take(CallQueueManager.java:317)
        at app//org.apache.hadoop.ipc.Server$Handler.run(Server.java:3014)
"JvmPauseMonitor4" daemon prio=5 tid=628 timed_waiting
java.lang.Thread.State: TIMED_WAITING
        at java.base@17.0.11/java.lang.Thread.sleep(Native Method)
        at java.base@17.0.11/java.lang.Thread.sleep(Thread.java:344)
        at java.base@17.0.11/java.util.concurrent.TimeUnit.sleep(TimeUnit.java:446)
        at app//org.apache.ratis.util.TimeDuration.sleep(TimeDuration.java:353)
        at app//org.apache.ratis.util.TimeDuration.sleep(TimeDuration.java:338)
        at app//org.apache.ratis.util.JvmPauseMonitor.detectPause(JvmPauseMonitor.java:160)
        at app//org.apache.ratis.util.JvmPauseMonitor.run(JvmPauseMonitor.java:149)
        at app//org.apache.ratis.util.JvmPauseMonitor$$Lambda$795/0x00007f5384607dc8.run(Unknown Source)
        at java.base@17.0.11/java.lang.Thread.run(Thread.java:840)
"IPC Server handler 19 on default port 15000" daemon prio=5 tid=82 timed_waiting
java.lang.Thread.State: TIMED_WAITING
        at java.base@17.0.11/jdk.internal.misc.Unsafe.park(Native Method)
        at java.base@17.0.11/java.util.concurrent.locks.LockSupport.parkNanos(LockSupport.java:252)
        at java.base@17.0.11/java.util.concurrent.locks.AbstractQueuedSynchronizer$ConditionObject.awaitNanos(AbstractQueuedSynchronizer.java:1674)
        at java.base@17.0.11/java.util.concurrent.LinkedBlockingQueue.poll(LinkedBlockingQueue.java:460)
        at app//org.apache.hadoop.ipc.CallQueueManager.take(CallQueueManager.java:317)
        at app//org.apache.hadoop.ipc.Server$Handler.run(Server.java:3014)
"IPC Server handler 46 on default port 15002" daemon prio=5 tid=309 timed_waiting
java.lang.Thread.State: TIMED_WAITING
        at java.base@17.0.11/jdk.internal.misc.Unsafe.park(Native Method)
        at java.base@17.0.11/java.util.concurrent.locks.LockSupport.parkNanos(LockSupport.java:252)
        at java.base@17.0.11/java.util.concurrent.locks.AbstractQueuedSynchronizer$ConditionObject.awaitNanos(AbstractQueuedSynchronizer.java:1674)
        at java.base@17.0.11/java.util.concurrent.LinkedBlockingQueue.poll(LinkedBlockingQueue.java:460)
        at app//org.apache.hadoop.ipc.CallQueueManager.take(CallQueueManager.java:317)
        at app//org.apache.hadoop.ipc.Server$Handler.run(Server.java:3014)
"fdf93896-5abf-403c-99a8-bb8ea43c9a14-server-thread1" daemon prio=5 tid=793 timed_waiting
java.lang.Thread.State: TIMED_WAITING
        at java.base@17.0.11/jdk.internal.misc.Unsafe.park(Native Method)
        at java.base@17.0.11/java.util.concurrent.locks.LockSupport.parkNanos(LockSupport.java:252)
        at java.base@17.0.11/java.util.concurrent.SynchronousQueue$TransferStack.transfer(SynchronousQueue.java:401)
        at java.base@17.0.11/java.util.concurrent.SynchronousQueue.poll(SynchronousQueue.java:903)
        at java.base@17.0.11/java.util.concurrent.ThreadPoolExecutor.getTask(ThreadPoolExecutor.java:1061)
        at java.base@17.0.11/java.util.concurrent.ThreadPoolExecutor.runWorker(ThreadPoolExecutor.java:1122)
        at java.base@17.0.11/java.util.concurrent.ThreadPoolExecutor$Worker.run(ThreadPoolExecutor.java:635)
        at java.base@17.0.11/java.lang.Thread.run(Thread.java:840)
"IPC Server handler 86 on default port 15000" daemon prio=5 tid=149 timed_waiting
java.lang.Thread.State: TIMED_WAITING
        at java.base@17.0.11/jdk.internal.misc.Unsafe.park(Native Method)
        at java.base@17.0.11/java.util.concurrent.locks.LockSupport.parkNanos(LockSupport.java:252)
        at java.base@17.0.11/java.util.concurrent.locks.AbstractQueuedSynchronizer$ConditionObject.awaitNanos(AbstractQueuedSynchronizer.java:1674)
        at java.base@17.0.11/java.util.concurrent.LinkedBlockingQueue.poll(LinkedBlockingQueue.java:460)
        at app//org.apache.hadoop.ipc.CallQueueManager.take(CallQueueManager.java:317)
        at app//org.apache.hadoop.ipc.Server$Handler.run(Server.java:3014)
"qtp305348271-502" daemon prio=5 tid=502 timed_waiting
java.lang.Thread.State: TIMED_WAITING
        at java.base@17.0.11/jdk.internal.misc.Unsafe.park(Native Method)
        at java.base@17.0.11/java.util.concurrent.locks.LockSupport.parkNanos(LockSupport.java:252)
        at java.base@17.0.11/java.util.concurrent.locks.AbstractQueuedSynchronizer$ConditionObject.awaitNanos(AbstractQueuedSynchronizer.java:1674)
        at app//org.eclipse.jetty.util.BlockingArrayQueue.poll(BlockingArrayQueue.java:382)
        at app//org.eclipse.jetty.util.thread.QueuedThreadPool$Runner.idleJobPoll(QueuedThreadPool.java:974)
        at app//org.eclipse.jetty.util.thread.QueuedThreadPool$Runner.run(QueuedThreadPool.java:1018)
        at java.base@17.0.11/java.lang.Thread.run(Thread.java:840)
"b47eb027-4b7a-4ddc-bf7f-0870758e0604-ChunkReader-3" daemon prio=5 tid=861 in Object.wait()
java.lang.Thread.State: WAITING (on object monitor)
        at java.base@17.0.11/jdk.internal.misc.Unsafe.park(Native Method)
        at java.base@17.0.11/java.util.concurrent.locks.LockSupport.park(LockSupport.java:341)
        at java.base@17.0.11/java.util.concurrent.locks.AbstractQueuedSynchronizer$ConditionNode.block(AbstractQueuedSynchronizer.java:506)
        at java.base@17.0.11/java.util.concurrent.ForkJoinPool.unmanagedBlock(ForkJoinPool.java:3465)
        at java.base@17.0.11/java.util.concurrent.ForkJoinPool.managedBlock(ForkJoinPool.java:3436)
        at java.base@17.0.11/java.util.concurrent.locks.AbstractQueuedSynchronizer$ConditionObject.await(AbstractQueuedSynchronizer.java:1625)
        at java.base@17.0.11/java.util.concurrent.LinkedBlockingQueue.take(LinkedBlockingQueue.java:435)
        at java.base@17.0.11/java.util.concurrent.ThreadPoolExecutor.getTask(ThreadPoolExecutor.java:1062)
        at java.base@17.0.11/java.util.concurrent.ThreadPoolExecutor.runWorker(ThreadPoolExecutor.java:1122)
        at java.base@17.0.11/java.util.concurrent.ThreadPoolExecutor$Worker.run(ThreadPoolExecutor.java:635)
        at java.base@17.0.11/java.lang.Thread.run(Thread.java:840)
"junit-jupiter-timeout-watcher"  prio=10 tid=20 timed_waiting
java.lang.Thread.State: TIMED_WAITING
        at java.base@17.0.11/jdk.internal.misc.Unsafe.park(Native Method)
        at java.base@17.0.11/java.util.concurrent.locks.LockSupport.parkNanos(LockSupport.java:252)
        at java.base@17.0.11/java.util.concurrent.locks.AbstractQueuedSynchronizer$ConditionObject.awaitNanos(AbstractQueuedSynchronizer.java:1674)
        at java.base@17.0.11/java.util.concurrent.ScheduledThreadPoolExecutor$DelayedWorkQueue.take(ScheduledThreadPoolExecutor.java:1182)
        at java.base@17.0.11/java.util.concurrent.ScheduledThreadPoolExecutor$DelayedWorkQueue.take(ScheduledThreadPoolExecutor.java:899)
        at java.base@17.0.11/java.util.concurrent.ThreadPoolExecutor.getTask(ThreadPoolExecutor.java:1062)
        at java.base@17.0.11/java.util.concurrent.ThreadPoolExecutor.runWorker(ThreadPoolExecutor.java:1122)
        at java.base@17.0.11/java.util.concurrent.ThreadPoolExecutor$Worker.run(ThreadPoolExecutor.java:635)
        at java.base@17.0.11/java.lang.Thread.run(Thread.java:840)
"IPC Server handler 4 on default port 15002" daemon prio=5 tid=267 timed_waiting
java.lang.Thread.State: TIMED_WAITING
        at java.base@17.0.11/jdk.internal.misc.Unsafe.park(Native Method)
        at java.base@17.0.11/java.util.concurrent.locks.LockSupport.parkNanos(LockSupport.java:252)
        at java.base@17.0.11/java.util.concurrent.locks.AbstractQueuedSynchronizer$ConditionObject.awaitNanos(AbstractQueuedSynchronizer.java:1674)
        at java.base@17.0.11/java.util.concurrent.LinkedBlockingQueue.poll(LinkedBlockingQueue.java:460)
        at app//org.apache.hadoop.ipc.CallQueueManager.take(CallQueueManager.java:317)
        at app//org.apache.hadoop.ipc.Server$Handler.run(Server.java:3014)
"qtp305348271-505" daemon prio=5 tid=505 timed_waiting
java.lang.Thread.State: TIMED_WAITING
        at java.base@17.0.11/jdk.internal.misc.Unsafe.park(Native Method)
        at java.base@17.0.11/java.util.concurrent.locks.LockSupport.parkNanos(LockSupport.java:252)
        at java.base@17.0.11/java.util.concurrent.locks.AbstractQueuedSynchronizer$ConditionObject.awaitNanos(AbstractQueuedSynchronizer.java:1674)
        at app//org.eclipse.jetty.util.BlockingArrayQueue.poll(BlockingArrayQueue.java:382)
        at app//org.eclipse.jetty.util.thread.QueuedThreadPool$Runner.idleJobPoll(QueuedThreadPool.java:974)
        at app//org.eclipse.jetty.util.thread.QueuedThreadPool$Runner.run(QueuedThreadPool.java:1018)
        at java.base@17.0.11/java.lang.Thread.run(Thread.java:840)
"IPC Server handler 59 on default port 15000" daemon prio=5 tid=122 timed_waiting
java.lang.Thread.State: TIMED_WAITING
        at java.base@17.0.11/jdk.internal.misc.Unsafe.park(Native Method)
        at java.base@17.0.11/java.util.concurrent.locks.LockSupport.parkNanos(LockSupport.java:252)
        at java.base@17.0.11/java.util.concurrent.locks.AbstractQueuedSynchronizer$ConditionObject.awaitNanos(AbstractQueuedSynchronizer.java:1674)
        at java.base@17.0.11/java.util.concurrent.LinkedBlockingQueue.poll(LinkedBlockingQueue.java:460)
        at app//org.apache.hadoop.ipc.CallQueueManager.take(CallQueueManager.java:317)
        at app//org.apache.hadoop.ipc.Server$Handler.run(Server.java:3014)
"IPC Server Responder" daemon prio=5 tid=389 runnable
java.lang.Thread.State: RUNNABLE
        at java.base@17.0.11/sun.nio.ch.EPoll.wait(Native Method)
        at java.base@17.0.11/sun.nio.ch.EPollSelectorImpl.doSelect(EPollSelectorImpl.java:118)
        at java.base@17.0.11/sun.nio.ch.SelectorImpl.lockAndDoSelect(SelectorImpl.java:129)
        at java.base@17.0.11/sun.nio.ch.SelectorImpl.select(SelectorImpl.java:141)
        at app//org.apache.hadoop.ipc.Server$Responder.doRunLoop(Server.java:1582)
        at app//org.apache.hadoop.ipc.Server$Responder.run(Server.java:1565)
"IPC Server handler 93 on default port 15000" daemon prio=5 tid=156 timed_waiting
java.lang.Thread.State: TIMED_WAITING
        at java.base@17.0.11/jdk.internal.misc.Unsafe.park(Native Method)
        at java.base@17.0.11/java.util.concurrent.locks.LockSupport.parkNanos(LockSupport.java:252)
        at java.base@17.0.11/java.util.concurrent.locks.AbstractQueuedSynchronizer$ConditionObject.awaitNanos(AbstractQueuedSynchronizer.java:1674)
        at java.base@17.0.11/java.util.concurrent.LinkedBlockingQueue.poll(LinkedBlockingQueue.java:460)
        at app//org.apache.hadoop.ipc.CallQueueManager.take(CallQueueManager.java:317)
        at app//org.apache.hadoop.ipc.Server$Handler.run(Server.java:3014)
"timer1" daemon prio=5 tid=790 timed_waiting
java.lang.Thread.State: TIMED_WAITING
        at java.base@17.0.11/java.lang.Object.wait(Native Method)
        at java.base@17.0.11/java.util.TimerThread.mainLoop(Timer.java:563)
        at java.base@17.0.11/java.util.TimerThread.run(Timer.java:516)
"ForkJoinPool.commonPool-worker-3" daemon prio=5 tid=26 in Object.wait()
java.lang.Thread.State: WAITING (on object monitor)
        at java.base@17.0.11/jdk.internal.misc.Unsafe.park(Native Method)
        at java.base@17.0.11/java.util.concurrent.locks.LockSupport.park(LockSupport.java:341)
        at java.base@17.0.11/java.util.concurrent.ForkJoinPool.awaitWork(ForkJoinPool.java:1724)
        at java.base@17.0.11/java.util.concurrent.ForkJoinPool.runWorker(ForkJoinPool.java:1623)
        at java.base@17.0.11/java.util.concurrent.ForkJoinWorkerThread.run(ForkJoinWorkerThread.java:165)
"IPC Server handler 21 on default port 15001" daemon prio=5 tid=184 timed_waiting
java.lang.Thread.State: TIMED_WAITING
        at java.base@17.0.11/jdk.internal.misc.Unsafe.park(Native Method)
        at java.base@17.0.11/java.util.concurrent.locks.LockSupport.parkNanos(LockSupport.java:252)
        at java.base@17.0.11/java.util.concurrent.locks.AbstractQueuedSynchronizer$ConditionObject.awaitNanos(AbstractQueuedSynchronizer.java:1674)
        at java.base@17.0.11/java.util.concurrent.LinkedBlockingQueue.poll(LinkedBlockingQueue.java:460)
        at app//org.apache.hadoop.ipc.CallQueueManager.take(CallQueueManager.java:317)
        at app//org.apache.hadoop.ipc.Server$Handler.run(Server.java:3014)
"IPC Server handler 43 on default port 15001" daemon prio=5 tid=206 timed_waiting
java.lang.Thread.State: TIMED_WAITING
        at java.base@17.0.11/jdk.internal.misc.Unsafe.park(Native Method)
        at java.base@17.0.11/java.util.concurrent.locks.LockSupport.parkNanos(LockSupport.java:252)
        at java.base@17.0.11/java.util.concurrent.locks.AbstractQueuedSynchronizer$ConditionObject.awaitNanos(AbstractQueuedSynchronizer.java:1674)
        at java.base@17.0.11/java.util.concurrent.LinkedBlockingQueue.poll(LinkedBlockingQueue.java:460)
        at app//org.apache.hadoop.ipc.CallQueueManager.take(CallQueueManager.java:317)
        at app//org.apache.hadoop.ipc.Server$Handler.run(Server.java:3014)
"pool-150-thread-1"  prio=5 tid=525 timed_waiting
java.lang.Thread.State: TIMED_WAITING
        at java.base@17.0.11/jdk.internal.misc.Unsafe.park(Native Method)
        at java.base@17.0.11/java.util.concurrent.locks.LockSupport.parkNanos(LockSupport.java:252)
        at java.base@17.0.11/java.util.concurrent.locks.AbstractQueuedSynchronizer$ConditionObject.awaitNanos(AbstractQueuedSynchronizer.java:1674)
        at java.base@17.0.11/java.util.concurrent.ScheduledThreadPoolExecutor$DelayedWorkQueue.take(ScheduledThreadPoolExecutor.java:1182)
        at java.base@17.0.11/java.util.concurrent.ScheduledThreadPoolExecutor$DelayedWorkQueue.take(ScheduledThreadPoolExecutor.java:899)
        at java.base@17.0.11/java.util.concurrent.ThreadPoolExecutor.getTask(ThreadPoolExecutor.java:1062)
        at java.base@17.0.11/java.util.concurrent.ThreadPoolExecutor.runWorker(ThreadPoolExecutor.java:1122)
        at java.base@17.0.11/java.util.concurrent.ThreadPoolExecutor$Worker.run(ThreadPoolExecutor.java:635)
        at java.base@17.0.11/java.lang.Thread.run(Thread.java:840)
"IPC Server handler 53 on default port 15002" daemon prio=5 tid=316 timed_waiting
java.lang.Thread.State: TIMED_WAITING
        at java.base@17.0.11/jdk.internal.misc.Unsafe.park(Native Method)
        at java.base@17.0.11/java.util.concurrent.locks.LockSupport.parkNanos(LockSupport.java:252)
        at java.base@17.0.11/java.util.concurrent.locks.AbstractQueuedSynchronizer$ConditionObject.awaitNanos(AbstractQueuedSynchronizer.java:1674)
        at java.base@17.0.11/java.util.concurrent.LinkedBlockingQueue.poll(LinkedBlockingQueue.java:460)
        at app//org.apache.hadoop.ipc.CallQueueManager.take(CallQueueManager.java:317)
        at app//org.apache.hadoop.ipc.Server$Handler.run(Server.java:3014)
"IPC Server handler 37 on default port 15002" daemon prio=5 tid=300 timed_waiting
java.lang.Thread.State: TIMED_WAITING
        at java.base@17.0.11/jdk.internal.misc.Unsafe.park(Native Method)
        at java.base@17.0.11/java.util.concurrent.locks.LockSupport.parkNanos(LockSupport.java:252)
        at java.base@17.0.11/java.util.concurrent.locks.AbstractQueuedSynchronizer$ConditionObject.awaitNanos(AbstractQueuedSynchronizer.java:1674)
        at java.base@17.0.11/java.util.concurrent.LinkedBlockingQueue.poll(LinkedBlockingQueue.java:460)
        at app//org.apache.hadoop.ipc.CallQueueManager.take(CallQueueManager.java:317)
        at app//org.apache.hadoop.ipc.Server$Handler.run(Server.java:3014)
"IPC Server handler 97 on default port 15001" daemon prio=5 tid=260 timed_waiting
java.lang.Thread.State: TIMED_WAITING
        at java.base@17.0.11/jdk.internal.misc.Unsafe.park(Native Method)
        at java.base@17.0.11/java.util.concurrent.locks.LockSupport.parkNanos(LockSupport.java:252)
        at java.base@17.0.11/java.util.concurrent.locks.AbstractQueuedSynchronizer$ConditionObject.awaitNanos(AbstractQueuedSynchronizer.java:1674)
        at java.base@17.0.11/java.util.concurrent.LinkedBlockingQueue.poll(LinkedBlockingQueue.java:460)
        at app//org.apache.hadoop.ipc.CallQueueManager.take(CallQueueManager.java:317)
        at app//org.apache.hadoop.ipc.Server$Handler.run(Server.java:3014)
"6d6fe673-47e6-46c0-a6fc-601f54cde379-ChunkWriter-0-0" daemon prio=5 tid=643 in Object.wait()
java.lang.Thread.State: WAITING (on object monitor)
        at java.base@17.0.11/jdk.internal.misc.Unsafe.park(Native Method)
        at java.base@17.0.11/java.util.concurrent.locks.LockSupport.park(LockSupport.java:341)
        at java.base@17.0.11/java.util.concurrent.locks.AbstractQueuedSynchronizer$ConditionNode.block(AbstractQueuedSynchronizer.java:506)
        at java.base@17.0.11/java.util.concurrent.ForkJoinPool.unmanagedBlock(ForkJoinPool.java:3465)
        at java.base@17.0.11/java.util.concurrent.ForkJoinPool.managedBlock(ForkJoinPool.java:3436)
        at java.base@17.0.11/java.util.concurrent.locks.AbstractQueuedSynchronizer$ConditionObject.await(AbstractQueuedSynchronizer.java:1625)
        at java.base@17.0.11/java.util.concurrent.LinkedBlockingDeque.takeFirst(LinkedBlockingDeque.java:485)
        at java.base@17.0.11/java.util.concurrent.LinkedBlockingDeque.take(LinkedBlockingDeque.java:673)
        at java.base@17.0.11/java.util.concurrent.ThreadPoolExecutor.getTask(ThreadPoolExecutor.java:1062)
        at java.base@17.0.11/java.util.concurrent.ThreadPoolExecutor.runWorker(ThreadPoolExecutor.java:1122)
        at java.base@17.0.11/java.util.concurrent.ThreadPoolExecutor$Worker.run(ThreadPoolExecutor.java:635)
        at java.base@17.0.11/java.lang.Thread.run(Thread.java:840)
"IPC Server handler 74 on default port 15000" daemon prio=5 tid=137 timed_waiting
java.lang.Thread.State: TIMED_WAITING
        at java.base@17.0.11/jdk.internal.misc.Unsafe.park(Native Method)
        at java.base@17.0.11/java.util.concurrent.locks.LockSupport.parkNanos(LockSupport.java:252)
        at java.base@17.0.11/java.util.concurrent.locks.AbstractQueuedSynchronizer$ConditionObject.awaitNanos(AbstractQueuedSynchronizer.java:1674)
        at java.base@17.0.11/java.util.concurrent.LinkedBlockingQueue.poll(LinkedBlockingQueue.java:460)
        at app//org.apache.hadoop.ipc.CallQueueManager.take(CallQueueManager.java:317)
        at app//org.apache.hadoop.ipc.Server$Handler.run(Server.java:3014)
"b47eb027-4b7a-4ddc-bf7f-0870758e0604-ChunkReader-7" daemon prio=5 tid=875 in Object.wait()
java.lang.Thread.State: WAITING (on object monitor)
        at java.base@17.0.11/jdk.internal.misc.Unsafe.park(Native Method)
        at java.base@17.0.11/java.util.concurrent.locks.LockSupport.park(LockSupport.java:341)
        at java.base@17.0.11/java.util.concurrent.locks.AbstractQueuedSynchronizer$ConditionNode.block(AbstractQueuedSynchronizer.java:506)
        at java.base@17.0.11/java.util.concurrent.ForkJoinPool.unmanagedBlock(ForkJoinPool.java:3465)
        at java.base@17.0.11/java.util.concurrent.ForkJoinPool.managedBlock(ForkJoinPool.java:3436)
        at java.base@17.0.11/java.util.concurrent.locks.AbstractQueuedSynchronizer$ConditionObject.await(AbstractQueuedSynchronizer.java:1625)
        at java.base@17.0.11/java.util.concurrent.LinkedBlockingQueue.take(LinkedBlockingQueue.java:435)
        at java.base@17.0.11/java.util.concurrent.ThreadPoolExecutor.getTask(ThreadPoolExecutor.java:1062)
        at java.base@17.0.11/java.util.concurrent.ThreadPoolExecutor.runWorker(ThreadPoolExecutor.java:1122)
        at java.base@17.0.11/java.util.concurrent.ThreadPoolExecutor$Worker.run(ThreadPoolExecutor.java:635)
        at java.base@17.0.11/java.lang.Thread.run(Thread.java:840)
"SnapshotCacheCleanupService" daemon prio=5 tid=380 timed_waiting
java.lang.Thread.State: TIMED_WAITING
        at java.base@17.0.11/jdk.internal.misc.Unsafe.park(Native Method)
        at java.base@17.0.11/java.util.concurrent.locks.LockSupport.parkNanos(LockSupport.java:252)
        at java.base@17.0.11/java.util.concurrent.locks.AbstractQueuedSynchronizer$ConditionObject.awaitNanos(AbstractQueuedSynchronizer.java:1674)
        at java.base@17.0.11/java.util.concurrent.ScheduledThreadPoolExecutor$DelayedWorkQueue.take(ScheduledThreadPoolExecutor.java:1182)
        at java.base@17.0.11/java.util.concurrent.ScheduledThreadPoolExecutor$DelayedWorkQueue.take(ScheduledThreadPoolExecutor.java:899)
        at java.base@17.0.11/java.util.concurrent.ThreadPoolExecutor.getTask(ThreadPoolExecutor.java:1062)
        at java.base@17.0.11/java.util.concurrent.ThreadPoolExecutor.runWorker(ThreadPoolExecutor.java:1122)
        at java.base@17.0.11/java.util.concurrent.ThreadPoolExecutor$Worker.run(ThreadPoolExecutor.java:635)
        at java.base@17.0.11/java.lang.Thread.run(Thread.java:840)
"IPC Server Responder" daemon prio=5 tid=511 runnable
java.lang.Thread.State: RUNNABLE
        at java.base@17.0.11/sun.nio.ch.EPoll.wait(Native Method)
        at java.base@17.0.11/sun.nio.ch.EPollSelectorImpl.doSelect(EPollSelectorImpl.java:118)
        at java.base@17.0.11/sun.nio.ch.SelectorImpl.lockAndDoSelect(SelectorImpl.java:129)
        at java.base@17.0.11/sun.nio.ch.SelectorImpl.select(SelectorImpl.java:141)
        at app//org.apache.hadoop.ipc.Server$Responder.doRunLoop(Server.java:1582)
        at app//org.apache.hadoop.ipc.Server$Responder.run(Server.java:1565)
"IPC Server handler 14 on default port 15000" daemon prio=5 tid=77 timed_waiting
java.lang.Thread.State: TIMED_WAITING
        at java.base@17.0.11/jdk.internal.misc.Unsafe.park(Native Method)
        at java.base@17.0.11/java.util.concurrent.locks.LockSupport.parkNanos(LockSupport.java:252)
        at java.base@17.0.11/java.util.concurrent.locks.AbstractQueuedSynchronizer$ConditionObject.awaitNanos(AbstractQueuedSynchronizer.java:1674)
        at java.base@17.0.11/java.util.concurrent.LinkedBlockingQueue.poll(LinkedBlockingQueue.java:460)
        at app//org.apache.hadoop.ipc.CallQueueManager.take(CallQueueManager.java:317)
        at app//org.apache.hadoop.ipc.Server$Handler.run(Server.java:3014)
"IPC Server handler 2 on default port 15004" daemon prio=5 tid=421 timed_waiting
java.lang.Thread.State: TIMED_WAITING
        at java.base@17.0.11/jdk.internal.misc.Unsafe.park(Native Method)
        at java.base@17.0.11/java.util.concurrent.locks.LockSupport.parkNanos(LockSupport.java:252)
        at java.base@17.0.11/java.util.concurrent.locks.AbstractQueuedSynchronizer$ConditionObject.awaitNanos(AbstractQueuedSynchronizer.java:1674)
        at java.base@17.0.11/java.util.concurrent.LinkedBlockingQueue.poll(LinkedBlockingQueue.java:460)
        at app//org.apache.hadoop.ipc.CallQueueManager.take(CallQueueManager.java:317)
        at app//org.apache.hadoop.ipc.Server$Handler.run(Server.java:3014)
"qtp305348271-500-acceptor-0@4e3dc189-ServerConnector@3e5080ce{HTTP/1.1, (http/1.1)}{0.0.0.0:15027}" daemon prio=3 tid=500 runnable
java.lang.Thread.State: RUNNABLE
        at java.base@17.0.11/sun.nio.ch.Net.accept(Native Method)
        at java.base@17.0.11/sun.nio.ch.ServerSocketChannelImpl.implAccept(ServerSocketChannelImpl.java:425)
        at java.base@17.0.11/sun.nio.ch.ServerSocketChannelImpl.accept(ServerSocketChannelImpl.java:391)
        at app//org.eclipse.jetty.server.ServerConnector.accept(ServerConnector.java:388)
        at app//org.eclipse.jetty.server.AbstractConnector$Acceptor.run(AbstractConnector.java:704)
        at app//org.eclipse.jetty.util.thread.QueuedThreadPool.runJob(QueuedThreadPool.java:883)
        at app//org.eclipse.jetty.util.thread.QueuedThreadPool$Runner.run(QueuedThreadPool.java:1034)
        at java.base@17.0.11/java.lang.Thread.run(Thread.java:840)
"IPC Server handler 19 on default port 15002" daemon prio=5 tid=282 timed_waiting
java.lang.Thread.State: TIMED_WAITING
        at java.base@17.0.11/jdk.internal.misc.Unsafe.park(Native Method)
        at java.base@17.0.11/java.util.concurrent.locks.LockSupport.parkNanos(LockSupport.java:252)
        at java.base@17.0.11/java.util.concurrent.locks.AbstractQueuedSynchronizer$ConditionObject.awaitNanos(AbstractQueuedSynchronizer.java:1674)
        at java.base@17.0.11/java.util.concurrent.LinkedBlockingQueue.poll(LinkedBlockingQueue.java:460)
        at app//org.apache.hadoop.ipc.CallQueueManager.take(CallQueueManager.java:317)
        at app//org.apache.hadoop.ipc.Server$Handler.run(Server.java:3014)
"IPC Server handler 46 on default port 15000" daemon prio=5 tid=109 timed_waiting
java.lang.Thread.State: TIMED_WAITING
        at java.base@17.0.11/jdk.internal.misc.Unsafe.park(Native Method)
        at java.base@17.0.11/java.util.concurrent.locks.LockSupport.parkNanos(LockSupport.java:252)
        at java.base@17.0.11/java.util.concurrent.locks.AbstractQueuedSynchronizer$ConditionObject.awaitNanos(AbstractQueuedSynchronizer.java:1674)
        at java.base@17.0.11/java.util.concurrent.LinkedBlockingQueue.poll(LinkedBlockingQueue.java:460)
        at app//org.apache.hadoop.ipc.CallQueueManager.take(CallQueueManager.java:317)
        at app//org.apache.hadoop.ipc.Server$Handler.run(Server.java:3014)
"IPC Server handler 57 on default port 15000" daemon prio=5 tid=120 timed_waiting
java.lang.Thread.State: TIMED_WAITING
        at java.base@17.0.11/jdk.internal.misc.Unsafe.park(Native Method)
        at java.base@17.0.11/java.util.concurrent.locks.LockSupport.parkNanos(LockSupport.java:252)
        at java.base@17.0.11/java.util.concurrent.locks.AbstractQueuedSynchronizer$ConditionObject.awaitNanos(AbstractQueuedSynchronizer.java:1674)
        at java.base@17.0.11/java.util.concurrent.LinkedBlockingQueue.poll(LinkedBlockingQueue.java:460)
        at app//org.apache.hadoop.ipc.CallQueueManager.take(CallQueueManager.java:317)
        at app//org.apache.hadoop.ipc.Server$Handler.run(Server.java:3014)
"c511b233-3aa4-4954-9335-f5d54c64e497-server-thread1" daemon prio=5 tid=825 timed_waiting
java.lang.Thread.State: TIMED_WAITING
        at java.base@17.0.11/jdk.internal.misc.Unsafe.park(Native Method)
        at java.base@17.0.11/java.util.concurrent.locks.LockSupport.parkNanos(LockSupport.java:252)
        at java.base@17.0.11/java.util.concurrent.SynchronousQueue$TransferStack.transfer(SynchronousQueue.java:401)
        at java.base@17.0.11/java.util.concurrent.SynchronousQueue.poll(SynchronousQueue.java:903)
        at java.base@17.0.11/java.util.concurrent.ThreadPoolExecutor.getTask(ThreadPoolExecutor.java:1061)
        at java.base@17.0.11/java.util.concurrent.ThreadPoolExecutor.runWorker(ThreadPoolExecutor.java:1122)
        at java.base@17.0.11/java.util.concurrent.ThreadPoolExecutor$Worker.run(ThreadPoolExecutor.java:635)
        at java.base@17.0.11/java.lang.Thread.run(Thread.java:840)
"PartialTableCache-Cleanup-0" daemon prio=5 tid=888 in Object.wait()
java.lang.Thread.State: WAITING (on object monitor)
        at java.base@17.0.11/jdk.internal.misc.Unsafe.park(Native Method)
        at java.base@17.0.11/java.util.concurrent.locks.LockSupport.park(LockSupport.java:341)
        at java.base@17.0.11/java.util.concurrent.locks.AbstractQueuedSynchronizer$ConditionNode.block(AbstractQueuedSynchronizer.java:506)
        at java.base@17.0.11/java.util.concurrent.ForkJoinPool.unmanagedBlock(ForkJoinPool.java:3465)
        at java.base@17.0.11/java.util.concurrent.ForkJoinPool.managedBlock(ForkJoinPool.java:3436)
        at java.base@17.0.11/java.util.concurrent.locks.AbstractQueuedSynchronizer$ConditionObject.await(AbstractQueuedSynchronizer.java:1625)
        at java.base@17.0.11/java.util.concurrent.LinkedBlockingQueue.take(LinkedBlockingQueue.java:435)
        at java.base@17.0.11/java.util.concurrent.ThreadPoolExecutor.getTask(ThreadPoolExecutor.java:1062)
        at java.base@17.0.11/java.util.concurrent.ThreadPoolExecutor.runWorker(ThreadPoolExecutor.java:1122)
        at java.base@17.0.11/java.util.concurrent.ThreadPoolExecutor$Worker.run(ThreadPoolExecutor.java:635)
        at java.base@17.0.11/java.lang.Thread.run(Thread.java:840)
"c511b233-3aa4-4954-9335-f5d54c64e497-DatanodeStateMachineDaemonThread" daemon prio=5 tid=460 timed_waiting
java.lang.Thread.State: TIMED_WAITING
        at java.base@17.0.11/java.lang.Thread.sleep(Native Method)
        at app//org.apache.hadoop.ozone.container.common.statemachine.DatanodeStateMachine.startStateMachineThread(DatanodeStateMachine.java:359)
        at app//org.apache.hadoop.ozone.container.common.statemachine.DatanodeStateMachine.lambda$startDaemon$1(DatanodeStateMachine.java:546)
        at app//org.apache.hadoop.ozone.container.common.statemachine.DatanodeStateMachine$$Lambda$1294/0x00007f53848f4350.run(Unknown Source)
        at java.base@17.0.11/java.lang.Thread.run(Thread.java:840)
"IPC Server handler 49 on default port 15000" daemon prio=5 tid=112 timed_waiting
java.lang.Thread.State: TIMED_WAITING
        at java.base@17.0.11/jdk.internal.misc.Unsafe.park(Native Method)
        at java.base@17.0.11/java.util.concurrent.locks.LockSupport.parkNanos(LockSupport.java:252)
        at java.base@17.0.11/java.util.concurrent.locks.AbstractQueuedSynchronizer$ConditionObject.awaitNanos(AbstractQueuedSynchronizer.java:1674)
        at java.base@17.0.11/java.util.concurrent.LinkedBlockingQueue.poll(LinkedBlockingQueue.java:460)
        at app//org.apache.hadoop.ipc.CallQueueManager.take(CallQueueManager.java:317)
        at app//org.apache.hadoop.ipc.Server$Handler.run(Server.java:3014)
"c511b233-3aa4-4954-9335-f5d54c64e497-EndpointStateMachineTaskThread-/0.0.0.0:15002-0 "  prio=5 tid=578 in Object.wait()
java.lang.Thread.State: WAITING (on object monitor)
        at java.base@17.0.11/jdk.internal.misc.Unsafe.park(Native Method)
        at java.base@17.0.11/java.util.concurrent.locks.LockSupport.park(LockSupport.java:341)
        at java.base@17.0.11/java.util.concurrent.locks.AbstractQueuedSynchronizer$ConditionNode.block(AbstractQueuedSynchronizer.java:506)
        at java.base@17.0.11/java.util.concurrent.ForkJoinPool.unmanagedBlock(ForkJoinPool.java:3465)
        at java.base@17.0.11/java.util.concurrent.ForkJoinPool.managedBlock(ForkJoinPool.java:3436)
        at java.base@17.0.11/java.util.concurrent.locks.AbstractQueuedSynchronizer$ConditionObject.await(AbstractQueuedSynchronizer.java:1625)
        at java.base@17.0.11/java.util.concurrent.LinkedBlockingQueue.take(LinkedBlockingQueue.java:435)
        at java.base@17.0.11/java.util.concurrent.ThreadPoolExecutor.getTask(ThreadPoolExecutor.java:1062)
        at java.base@17.0.11/java.util.concurrent.ThreadPoolExecutor.runWorker(ThreadPoolExecutor.java:1122)
        at java.base@17.0.11/java.util.concurrent.ThreadPoolExecutor$Worker.run(ThreadPoolExecutor.java:635)
        at java.base@17.0.11/java.lang.Thread.run(Thread.java:840)
"6d6fe673-47e6-46c0-a6fc-601f54cde379@group-41EB72E6D1FF-StateMachineUpdater" daemon prio=5 tid=722 timed_waiting
java.lang.Thread.State: TIMED_WAITING
        at java.base@17.0.11/jdk.internal.misc.Unsafe.park(Native Method)
        at java.base@17.0.11/java.util.concurrent.locks.LockSupport.parkNanos(LockSupport.java:252)
        at java.base@17.0.11/java.util.concurrent.locks.AbstractQueuedSynchronizer$ConditionObject.await(AbstractQueuedSynchronizer.java:1759)
        at app//org.apache.ratis.util.AwaitForSignal.await(AwaitForSignal.java:65)
        at app//org.apache.ratis.server.impl.StateMachineUpdater.waitForCommit(StateMachineUpdater.java:211)
        at app//org.apache.ratis.server.impl.StateMachineUpdater.run(StateMachineUpdater.java:180)
        at java.base@17.0.11/java.lang.Thread.run(Thread.java:840)
"qtp305348271-504" daemon prio=5 tid=504 timed_waiting
java.lang.Thread.State: TIMED_WAITING
        at java.base@17.0.11/jdk.internal.misc.Unsafe.park(Native Method)
        at java.base@17.0.11/java.util.concurrent.locks.LockSupport.parkNanos(LockSupport.java:252)
        at java.base@17.0.11/java.util.concurrent.locks.AbstractQueuedSynchronizer$ConditionObject.awaitNanos(AbstractQueuedSynchronizer.java:1674)
        at app//org.eclipse.jetty.util.BlockingArrayQueue.poll(BlockingArrayQueue.java:382)
        at app//org.eclipse.jetty.util.thread.QueuedThreadPool$Runner.idleJobPoll(QueuedThreadPool.java:974)
        at app//org.eclipse.jetty.util.thread.QueuedThreadPool$Runner.run(QueuedThreadPool.java:1018)
        at java.base@17.0.11/java.lang.Thread.run(Thread.java:840)
"b47eb027-4b7a-4ddc-bf7f-0870758e0604-ChunkReader-0" daemon prio=5 tid=846 in Object.wait()
java.lang.Thread.State: WAITING (on object monitor)
        at java.base@17.0.11/jdk.internal.misc.Unsafe.park(Native Method)
        at java.base@17.0.11/java.util.concurrent.locks.LockSupport.park(LockSupport.java:341)
        at java.base@17.0.11/java.util.concurrent.locks.AbstractQueuedSynchronizer$ConditionNode.block(AbstractQueuedSynchronizer.java:506)
        at java.base@17.0.11/java.util.concurrent.ForkJoinPool.unmanagedBlock(ForkJoinPool.java:3465)
        at java.base@17.0.11/java.util.concurrent.ForkJoinPool.managedBlock(ForkJoinPool.java:3436)
        at java.base@17.0.11/java.util.concurrent.locks.AbstractQueuedSynchronizer$ConditionObject.await(AbstractQueuedSynchronizer.java:1625)
        at java.base@17.0.11/java.util.concurrent.LinkedBlockingQueue.take(LinkedBlockingQueue.java:435)
        at java.base@17.0.11/java.util.concurrent.ThreadPoolExecutor.getTask(ThreadPoolExecutor.java:1062)
        at java.base@17.0.11/java.util.concurrent.ThreadPoolExecutor.runWorker(ThreadPoolExecutor.java:1122)
        at java.base@17.0.11/java.util.concurrent.ThreadPoolExecutor$Worker.run(ThreadPoolExecutor.java:635)
        at java.base@17.0.11/java.lang.Thread.run(Thread.java:840)
"6d6fe673-47e6-46c0-a6fc-601f54cde379-ChunkReader-4" daemon prio=5 tid=885 in Object.wait()
java.lang.Thread.State: WAITING (on object monitor)
        at java.base@17.0.11/jdk.internal.misc.Unsafe.park(Native Method)
        at java.base@17.0.11/java.util.concurrent.locks.LockSupport.park(LockSupport.java:341)
        at java.base@17.0.11/java.util.concurrent.locks.AbstractQueuedSynchronizer$ConditionNode.block(AbstractQueuedSynchronizer.java:506)
        at java.base@17.0.11/java.util.concurrent.ForkJoinPool.unmanagedBlock(ForkJoinPool.java:3465)
        at java.base@17.0.11/java.util.concurrent.ForkJoinPool.managedBlock(ForkJoinPool.java:3436)
        at java.base@17.0.11/java.util.concurrent.locks.AbstractQueuedSynchronizer$ConditionObject.await(AbstractQueuedSynchronizer.java:1625)
        at java.base@17.0.11/java.util.concurrent.LinkedBlockingQueue.take(LinkedBlockingQueue.java:435)
        at java.base@17.0.11/java.util.concurrent.ThreadPoolExecutor.getTask(ThreadPoolExecutor.java:1062)
        at java.base@17.0.11/java.util.concurrent.ThreadPoolExecutor.runWorker(ThreadPoolExecutor.java:1122)
        at java.base@17.0.11/java.util.concurrent.ThreadPoolExecutor$Worker.run(ThreadPoolExecutor.java:635)
        at java.base@17.0.11/java.lang.Thread.run(Thread.java:840)
"IPC Server handler 65 on default port 15001" daemon prio=5 tid=228 timed_waiting
java.lang.Thread.State: TIMED_WAITING
        at java.base@17.0.11/jdk.internal.misc.Unsafe.park(Native Method)
        at java.base@17.0.11/java.util.concurrent.locks.LockSupport.parkNanos(LockSupport.java:252)
        at java.base@17.0.11/java.util.concurrent.locks.AbstractQueuedSynchronizer$ConditionObject.awaitNanos(AbstractQueuedSynchronizer.java:1674)
        at java.base@17.0.11/java.util.concurrent.LinkedBlockingQueue.poll(LinkedBlockingQueue.java:460)
        at app//org.apache.hadoop.ipc.CallQueueManager.take(CallQueueManager.java:317)
        at app//org.apache.hadoop.ipc.Server$Handler.run(Server.java:3014)
"IPC Server handler 67 on default port 15001" daemon prio=5 tid=230 timed_waiting
java.lang.Thread.State: TIMED_WAITING
        at java.base@17.0.11/jdk.internal.misc.Unsafe.park(Native Method)
        at java.base@17.0.11/java.util.concurrent.locks.LockSupport.parkNanos(LockSupport.java:252)
        at java.base@17.0.11/java.util.concurrent.locks.AbstractQueuedSynchronizer$ConditionObject.awaitNanos(AbstractQueuedSynchronizer.java:1674)
        at java.base@17.0.11/java.util.concurrent.LinkedBlockingQueue.poll(LinkedBlockingQueue.java:460)
        at app//org.apache.hadoop.ipc.CallQueueManager.take(CallQueueManager.java:317)
        at app//org.apache.hadoop.ipc.Server$Handler.run(Server.java:3014)
"IPC Server handler 52 on default port 15001" daemon prio=5 tid=215 timed_waiting
java.lang.Thread.State: TIMED_WAITING
        at java.base@17.0.11/jdk.internal.misc.Unsafe.park(Native Method)
        at java.base@17.0.11/java.util.concurrent.locks.LockSupport.parkNanos(LockSupport.java:252)
        at java.base@17.0.11/java.util.concurrent.locks.AbstractQueuedSynchronizer$ConditionObject.awaitNanos(AbstractQueuedSynchronizer.java:1674)
        at java.base@17.0.11/java.util.concurrent.LinkedBlockingQueue.poll(LinkedBlockingQueue.java:460)
        at app//org.apache.hadoop.ipc.CallQueueManager.take(CallQueueManager.java:317)
        at app//org.apache.hadoop.ipc.Server$Handler.run(Server.java:3014)
"IPC Server handler 69 on default port 15000" daemon prio=5 tid=132 timed_waiting
java.lang.Thread.State: TIMED_WAITING
        at java.base@17.0.11/jdk.internal.misc.Unsafe.park(Native Method)
        at java.base@17.0.11/java.util.concurrent.locks.LockSupport.parkNanos(LockSupport.java:252)
        at java.base@17.0.11/java.util.concurrent.locks.AbstractQueuedSynchronizer$ConditionObject.awaitNanos(AbstractQueuedSynchronizer.java:1674)
        at java.base@17.0.11/java.util.concurrent.LinkedBlockingQueue.poll(LinkedBlockingQueue.java:460)
        at app//org.apache.hadoop.ipc.CallQueueManager.take(CallQueueManager.java:317)
        at app//org.apache.hadoop.ipc.Server$Handler.run(Server.java:3014)
"6d6fe673-47e6-46c0-a6fc-601f54cde379-CommandProcessorThread" daemon prio=5 tid=546 timed_waiting
java.lang.Thread.State: TIMED_WAITING
        at java.base@17.0.11/java.lang.Thread.sleep(Native Method)
        at app//org.apache.hadoop.ozone.container.common.statemachine.DatanodeStateMachine.lambda$initCommandHandlerThread$4(DatanodeStateMachine.java:674)
        at app//org.apache.hadoop.ozone.container.common.statemachine.DatanodeStateMachine$$Lambda$1296/0x00007f53848f49a0.run(Unknown Source)
        at java.base@17.0.11/java.lang.Thread.run(Thread.java:840)
"c511b233-3aa4-4954-9335-f5d54c64e497-ChunkWriter-0-0" daemon prio=5 tid=587 in Object.wait()
java.lang.Thread.State: WAITING (on object monitor)
        at java.base@17.0.11/jdk.internal.misc.Unsafe.park(Native Method)
        at java.base@17.0.11/java.util.concurrent.locks.LockSupport.park(LockSupport.java:341)
        at java.base@17.0.11/java.util.concurrent.locks.AbstractQueuedSynchronizer$ConditionNode.block(AbstractQueuedSynchronizer.java:506)
        at java.base@17.0.11/java.util.concurrent.ForkJoinPool.unmanagedBlock(ForkJoinPool.java:3465)
        at java.base@17.0.11/java.util.concurrent.ForkJoinPool.managedBlock(ForkJoinPool.java:3436)
        at java.base@17.0.11/java.util.concurrent.locks.AbstractQueuedSynchronizer$ConditionObject.await(AbstractQueuedSynchronizer.java:1625)
        at java.base@17.0.11/java.util.concurrent.LinkedBlockingDeque.takeFirst(LinkedBlockingDeque.java:485)
        at java.base@17.0.11/java.util.concurrent.LinkedBlockingDeque.take(LinkedBlockingDeque.java:673)
        at java.base@17.0.11/java.util.concurrent.ThreadPoolExecutor.getTask(ThreadPoolExecutor.java:1062)
        at java.base@17.0.11/java.util.concurrent.ThreadPoolExecutor.runWorker(ThreadPoolExecutor.java:1122)
        at java.base@17.0.11/java.util.concurrent.ThreadPoolExecutor$Worker.run(ThreadPoolExecutor.java:635)
        at java.base@17.0.11/java.lang.Thread.run(Thread.java:840)
"fdf93896-5abf-403c-99a8-bb8ea43c9a14-impl-thread1"  prio=5 tid=469 timed_waiting
java.lang.Thread.State: TIMED_WAITING
        at java.base@17.0.11/jdk.internal.misc.Unsafe.park(Native Method)
        at java.base@17.0.11/java.util.concurrent.locks.LockSupport.parkNanos(LockSupport.java:252)
        at java.base@17.0.11/java.util.concurrent.SynchronousQueue$TransferStack.transfer(SynchronousQueue.java:401)
        at java.base@17.0.11/java.util.concurrent.SynchronousQueue.poll(SynchronousQueue.java:903)
        at java.base@17.0.11/java.util.concurrent.ThreadPoolExecutor.getTask(ThreadPoolExecutor.java:1061)
        at java.base@17.0.11/java.util.concurrent.ThreadPoolExecutor.runWorker(ThreadPoolExecutor.java:1122)
        at java.base@17.0.11/java.util.concurrent.ThreadPoolExecutor$Worker.run(ThreadPoolExecutor.java:635)
        at java.base@17.0.11/java.lang.Thread.run(Thread.java:840)
"6d6fe673-47e6-46c0-a6fc-601f54cde379-ChunkWriter-3-0" daemon prio=5 tid=646 in Object.wait()
java.lang.Thread.State: WAITING (on object monitor)
        at java.base@17.0.11/jdk.internal.misc.Unsafe.park(Native Method)
        at java.base@17.0.11/java.util.concurrent.locks.LockSupport.park(LockSupport.java:341)
        at java.base@17.0.11/java.util.concurrent.locks.AbstractQueuedSynchronizer$ConditionNode.block(AbstractQueuedSynchronizer.java:506)
        at java.base@17.0.11/java.util.concurrent.ForkJoinPool.unmanagedBlock(ForkJoinPool.java:3465)
        at java.base@17.0.11/java.util.concurrent.ForkJoinPool.managedBlock(ForkJoinPool.java:3436)
        at java.base@17.0.11/java.util.concurrent.locks.AbstractQueuedSynchronizer$ConditionObject.await(AbstractQueuedSynchronizer.java:1625)
        at java.base@17.0.11/java.util.concurrent.LinkedBlockingDeque.takeFirst(LinkedBlockingDeque.java:485)
        at java.base@17.0.11/java.util.concurrent.LinkedBlockingDeque.take(LinkedBlockingDeque.java:673)
        at java.base@17.0.11/java.util.concurrent.ThreadPoolExecutor.getTask(ThreadPoolExecutor.java:1062)
        at java.base@17.0.11/java.util.concurrent.ThreadPoolExecutor.runWorker(ThreadPoolExecutor.java:1122)
        at java.base@17.0.11/java.util.concurrent.ThreadPoolExecutor$Worker.run(ThreadPoolExecutor.java:635)
        at java.base@17.0.11/java.lang.Thread.run(Thread.java:840)
"IPC Server handler 32 on default port 15002" daemon prio=5 tid=295 timed_waiting
java.lang.Thread.State: TIMED_WAITING
        at java.base@17.0.11/jdk.internal.misc.Unsafe.park(Native Method)
        at java.base@17.0.11/java.util.concurrent.locks.LockSupport.parkNanos(LockSupport.java:252)
        at java.base@17.0.11/java.util.concurrent.locks.AbstractQueuedSynchronizer$ConditionObject.awaitNanos(AbstractQueuedSynchronizer.java:1674)
        at java.base@17.0.11/java.util.concurrent.LinkedBlockingQueue.poll(LinkedBlockingQueue.java:460)
        at app//org.apache.hadoop.ipc.CallQueueManager.take(CallQueueManager.java:317)
        at app//org.apache.hadoop.ipc.Server$Handler.run(Server.java:3014)
"EventQueue-NodeRegistrationContainerReportForDataNodeSafeModeRule" daemon prio=5 tid=674 in Object.wait()
java.lang.Thread.State: WAITING (on object monitor)
        at java.base@17.0.11/jdk.internal.misc.Unsafe.park(Native Method)
        at java.base@17.0.11/java.util.concurrent.locks.LockSupport.park(LockSupport.java:341)
        at java.base@17.0.11/java.util.concurrent.locks.AbstractQueuedSynchronizer$ConditionNode.block(AbstractQueuedSynchronizer.java:506)
        at java.base@17.0.11/java.util.concurrent.ForkJoinPool.unmanagedBlock(ForkJoinPool.java:3465)
        at java.base@17.0.11/java.util.concurrent.ForkJoinPool.managedBlock(ForkJoinPool.java:3436)
        at java.base@17.0.11/java.util.concurrent.locks.AbstractQueuedSynchronizer$ConditionObject.await(AbstractQueuedSynchronizer.java:1625)
        at java.base@17.0.11/java.util.concurrent.LinkedBlockingQueue.take(LinkedBlockingQueue.java:435)
        at java.base@17.0.11/java.util.concurrent.ThreadPoolExecutor.getTask(ThreadPoolExecutor.java:1062)
        at java.base@17.0.11/java.util.concurrent.ThreadPoolExecutor.runWorker(ThreadPoolExecutor.java:1122)
        at java.base@17.0.11/java.util.concurrent.ThreadPoolExecutor$Worker.run(ThreadPoolExecutor.java:635)
        at java.base@17.0.11/java.lang.Thread.run(Thread.java:840)
"IPC Server handler 89 on default port 15002" daemon prio=5 tid=352 timed_waiting
java.lang.Thread.State: TIMED_WAITING
        at java.base@17.0.11/jdk.internal.misc.Unsafe.park(Native Method)
        at java.base@17.0.11/java.util.concurrent.locks.LockSupport.parkNanos(LockSupport.java:252)
        at java.base@17.0.11/java.util.concurrent.locks.AbstractQueuedSynchronizer$ConditionObject.awaitNanos(AbstractQueuedSynchronizer.java:1674)
        at java.base@17.0.11/java.util.concurrent.LinkedBlockingQueue.poll(LinkedBlockingQueue.java:460)
        at app//org.apache.hadoop.ipc.CallQueueManager.take(CallQueueManager.java:317)
        at app//org.apache.hadoop.ipc.Server$Handler.run(Server.java:3014)
"c511b233-3aa4-4954-9335-f5d54c64e497-DatanodeReportManager-0" daemon prio=5 tid=461 in Object.wait()
java.lang.Thread.State: WAITING (on object monitor)
        at java.base@17.0.11/jdk.internal.misc.Unsafe.park(Native Method)
        at java.base@17.0.11/java.util.concurrent.locks.LockSupport.park(LockSupport.java:341)
        at java.base@17.0.11/java.util.concurrent.locks.AbstractQueuedSynchronizer$ConditionNode.block(AbstractQueuedSynchronizer.java:506)
        at java.base@17.0.11/java.util.concurrent.ForkJoinPool.unmanagedBlock(ForkJoinPool.java:3465)
        at java.base@17.0.11/java.util.concurrent.ForkJoinPool.managedBlock(ForkJoinPool.java:3436)
        at java.base@17.0.11/java.util.concurrent.locks.AbstractQueuedSynchronizer$ConditionObject.await(AbstractQueuedSynchronizer.java:1625)
        at java.base@17.0.11/java.util.concurrent.ScheduledThreadPoolExecutor$DelayedWorkQueue.take(ScheduledThreadPoolExecutor.java:1177)
        at java.base@17.0.11/java.util.concurrent.ScheduledThreadPoolExecutor$DelayedWorkQueue.take(ScheduledThreadPoolExecutor.java:899)
        at java.base@17.0.11/java.util.concurrent.ThreadPoolExecutor.getTask(ThreadPoolExecutor.java:1062)
        at java.base@17.0.11/java.util.concurrent.ThreadPoolExecutor.runWorker(ThreadPoolExecutor.java:1122)
        at java.base@17.0.11/java.util.concurrent.ThreadPoolExecutor$Worker.run(ThreadPoolExecutor.java:635)
        at java.base@17.0.11/java.lang.Thread.run(Thread.java:840)
"b47eb027-4b7a-4ddc-bf7f-0870758e0604-ChunkReader-6" daemon prio=5 tid=874 in Object.wait()
java.lang.Thread.State: WAITING (on object monitor)
        at java.base@17.0.11/jdk.internal.misc.Unsafe.park(Native Method)
        at java.base@17.0.11/java.util.concurrent.locks.LockSupport.park(LockSupport.java:341)
        at java.base@17.0.11/java.util.concurrent.locks.AbstractQueuedSynchronizer$ConditionNode.block(AbstractQueuedSynchronizer.java:506)
        at java.base@17.0.11/java.util.concurrent.ForkJoinPool.unmanagedBlock(ForkJoinPool.java:3465)
        at java.base@17.0.11/java.util.concurrent.ForkJoinPool.managedBlock(ForkJoinPool.java:3436)
        at java.base@17.0.11/java.util.concurrent.locks.AbstractQueuedSynchronizer$ConditionObject.await(AbstractQueuedSynchronizer.java:1625)
        at java.base@17.0.11/java.util.concurrent.LinkedBlockingQueue.take(LinkedBlockingQueue.java:435)
        at java.base@17.0.11/java.util.concurrent.ThreadPoolExecutor.getTask(ThreadPoolExecutor.java:1062)
        at java.base@17.0.11/java.util.concurrent.ThreadPoolExecutor.runWorker(ThreadPoolExecutor.java:1122)
        at java.base@17.0.11/java.util.concurrent.ThreadPoolExecutor$Worker.run(ThreadPoolExecutor.java:635)
        at java.base@17.0.11/java.lang.Thread.run(Thread.java:840)
"b47eb027-4b7a-4ddc-bf7f-0870758e0604-ChunkReader-ELG-0" daemon prio=5 tid=629 runnable
java.lang.Thread.State: RUNNABLE
        at app//org.apache.ratis.thirdparty.io.netty.channel.epoll.Native.epollWait0(Native Method)
        at app//org.apache.ratis.thirdparty.io.netty.channel.epoll.Native.epollWait(Native.java:182)
        at app//org.apache.ratis.thirdparty.io.netty.channel.epoll.EpollEventLoop.epollWait(EpollEventLoop.java:312)
        at app//org.apache.ratis.thirdparty.io.netty.channel.epoll.EpollEventLoop.run(EpollEventLoop.java:376)
        at app//org.apache.ratis.thirdparty.io.netty.util.concurrent.SingleThreadEventExecutor$4.run(SingleThreadEventExecutor.java:997)
        at app//org.apache.ratis.thirdparty.io.netty.util.internal.ThreadExecutorMap$2.run(ThreadExecutorMap.java:74)
        at java.base@17.0.11/java.lang.Thread.run(Thread.java:840)
"6d6fe673-47e6-46c0-a6fc-601f54cde379-ChunkWriter-2-0" daemon prio=5 tid=645 in Object.wait()
java.lang.Thread.State: WAITING (on object monitor)
        at java.base@17.0.11/jdk.internal.misc.Unsafe.park(Native Method)
        at java.base@17.0.11/java.util.concurrent.locks.LockSupport.park(LockSupport.java:341)
        at java.base@17.0.11/java.util.concurrent.locks.AbstractQueuedSynchronizer$ConditionNode.block(AbstractQueuedSynchronizer.java:506)
        at java.base@17.0.11/java.util.concurrent.ForkJoinPool.unmanagedBlock(ForkJoinPool.java:3465)
        at java.base@17.0.11/java.util.concurrent.ForkJoinPool.managedBlock(ForkJoinPool.java:3436)
        at java.base@17.0.11/java.util.concurrent.locks.AbstractQueuedSynchronizer$ConditionObject.await(AbstractQueuedSynchronizer.java:1625)
        at java.base@17.0.11/java.util.concurrent.LinkedBlockingDeque.takeFirst(LinkedBlockingDeque.java:485)
        at java.base@17.0.11/java.util.concurrent.LinkedBlockingDeque.take(LinkedBlockingDeque.java:673)
        at java.base@17.0.11/java.util.concurrent.ThreadPoolExecutor.getTask(ThreadPoolExecutor.java:1062)
        at java.base@17.0.11/java.util.concurrent.ThreadPoolExecutor.runWorker(ThreadPoolExecutor.java:1122)
        at java.base@17.0.11/java.util.concurrent.ThreadPoolExecutor$Worker.run(ThreadPoolExecutor.java:635)
        at java.base@17.0.11/java.lang.Thread.run(Thread.java:840)
"IPC Server handler 86 on default port 15002" daemon prio=5 tid=349 timed_waiting
java.lang.Thread.State: TIMED_WAITING
        at java.base@17.0.11/jdk.internal.misc.Unsafe.park(Native Method)
        at java.base@17.0.11/java.util.concurrent.locks.LockSupport.parkNanos(LockSupport.java:252)
        at java.base@17.0.11/java.util.concurrent.locks.AbstractQueuedSynchronizer$ConditionObject.awaitNanos(AbstractQueuedSynchronizer.java:1674)
        at java.base@17.0.11/java.util.concurrent.LinkedBlockingQueue.poll(LinkedBlockingQueue.java:460)
        at app//org.apache.hadoop.ipc.CallQueueManager.take(CallQueueManager.java:317)
        at app//org.apache.hadoop.ipc.Server$Handler.run(Server.java:3014)
"IPC Server idle connection scanner for port 15001" daemon prio=5 tid=44 timed_waiting
java.lang.Thread.State: TIMED_WAITING
        at java.base@17.0.11/java.lang.Object.wait(Native Method)
        at java.base@17.0.11/java.util.TimerThread.mainLoop(Timer.java:563)
        at java.base@17.0.11/java.util.TimerThread.run(Timer.java:516)
"IPC Server handler 50 on default port 15001" daemon prio=5 tid=213 timed_waiting
java.lang.Thread.State: TIMED_WAITING
        at java.base@17.0.11/jdk.internal.misc.Unsafe.park(Native Method)
        at java.base@17.0.11/java.util.concurrent.locks.LockSupport.parkNanos(LockSupport.java:252)
        at java.base@17.0.11/java.util.concurrent.locks.AbstractQueuedSynchronizer$ConditionObject.awaitNanos(AbstractQueuedSynchronizer.java:1674)
        at java.base@17.0.11/java.util.concurrent.LinkedBlockingQueue.poll(LinkedBlockingQueue.java:460)
        at app//org.apache.hadoop.ipc.CallQueueManager.take(CallQueueManager.java:317)
        at app//org.apache.hadoop.ipc.Server$Handler.run(Server.java:3014)
"IPC Server handler 22 on default port 15001" daemon prio=5 tid=185 timed_waiting
java.lang.Thread.State: TIMED_WAITING
        at java.base@17.0.11/jdk.internal.misc.Unsafe.park(Native Method)
        at java.base@17.0.11/java.util.concurrent.locks.LockSupport.parkNanos(LockSupport.java:252)
        at java.base@17.0.11/java.util.concurrent.locks.AbstractQueuedSynchronizer$ConditionObject.awaitNanos(AbstractQueuedSynchronizer.java:1674)
        at java.base@17.0.11/java.util.concurrent.LinkedBlockingQueue.poll(LinkedBlockingQueue.java:460)
        at app//org.apache.hadoop.ipc.CallQueueManager.take(CallQueueManager.java:317)
        at app//org.apache.hadoop.ipc.Server$Handler.run(Server.java:3014)
"b47eb027-4b7a-4ddc-bf7f-0870758e0604-server-thread3" daemon prio=5 tid=797 timed_waiting
java.lang.Thread.State: TIMED_WAITING
        at java.base@17.0.11/jdk.internal.misc.Unsafe.park(Native Method)
        at java.base@17.0.11/java.util.concurrent.locks.LockSupport.parkNanos(LockSupport.java:252)
        at java.base@17.0.11/java.util.concurrent.SynchronousQueue$TransferStack.transfer(SynchronousQueue.java:401)
        at java.base@17.0.11/java.util.concurrent.SynchronousQueue.poll(SynchronousQueue.java:903)
        at java.base@17.0.11/java.util.concurrent.ThreadPoolExecutor.getTask(ThreadPoolExecutor.java:1061)
        at java.base@17.0.11/java.util.concurrent.ThreadPoolExecutor.runWorker(ThreadPoolExecutor.java:1122)
        at java.base@17.0.11/java.util.concurrent.ThreadPoolExecutor$Worker.run(ThreadPoolExecutor.java:635)
        at java.base@17.0.11/java.lang.Thread.run(Thread.java:840)
"IPC Server handler 70 on default port 15000" daemon prio=5 tid=133 timed_waiting
java.lang.Thread.State: TIMED_WAITING
        at java.base@17.0.11/jdk.internal.misc.Unsafe.park(Native Method)
        at java.base@17.0.11/java.util.concurrent.locks.LockSupport.parkNanos(LockSupport.java:252)
        at java.base@17.0.11/java.util.concurrent.locks.AbstractQueuedSynchronizer$ConditionObject.awaitNanos(AbstractQueuedSynchronizer.java:1674)
        at java.base@17.0.11/java.util.concurrent.LinkedBlockingQueue.poll(LinkedBlockingQueue.java:460)
        at app//org.apache.hadoop.ipc.CallQueueManager.take(CallQueueManager.java:317)
        at app//org.apache.hadoop.ipc.Server$Handler.run(Server.java:3014)
"IPC Server Responder" daemon prio=5 tid=457 runnable
java.lang.Thread.State: RUNNABLE
        at java.base@17.0.11/sun.nio.ch.EPoll.wait(Native Method)
        at java.base@17.0.11/sun.nio.ch.EPollSelectorImpl.doSelect(EPollSelectorImpl.java:118)
        at java.base@17.0.11/sun.nio.ch.SelectorImpl.lockAndDoSelect(SelectorImpl.java:129)
        at java.base@17.0.11/sun.nio.ch.SelectorImpl.select(SelectorImpl.java:141)
        at app//org.apache.hadoop.ipc.Server$Responder.doRunLoop(Server.java:1582)
        at app//org.apache.hadoop.ipc.Server$Responder.run(Server.java:1565)
"6d6fe673-47e6-46c0-a6fc-601f54cde379-ChunkWriter-1-0" daemon prio=5 tid=644 in Object.wait()
java.lang.Thread.State: WAITING (on object monitor)
        at java.base@17.0.11/jdk.internal.misc.Unsafe.park(Native Method)
        at java.base@17.0.11/java.util.concurrent.locks.LockSupport.park(LockSupport.java:341)
        at java.base@17.0.11/java.util.concurrent.locks.AbstractQueuedSynchronizer$ConditionNode.block(AbstractQueuedSynchronizer.java:506)
        at java.base@17.0.11/java.util.concurrent.ForkJoinPool.unmanagedBlock(ForkJoinPool.java:3465)
        at java.base@17.0.11/java.util.concurrent.ForkJoinPool.managedBlock(ForkJoinPool.java:3436)
        at java.base@17.0.11/java.util.concurrent.locks.AbstractQueuedSynchronizer$ConditionObject.await(AbstractQueuedSynchronizer.java:1625)
        at java.base@17.0.11/java.util.concurrent.LinkedBlockingDeque.takeFirst(LinkedBlockingDeque.java:485)
        at java.base@17.0.11/java.util.concurrent.LinkedBlockingDeque.take(LinkedBlockingDeque.java:673)
        at java.base@17.0.11/java.util.concurrent.ThreadPoolExecutor.getTask(ThreadPoolExecutor.java:1062)
        at java.base@17.0.11/java.util.concurrent.ThreadPoolExecutor.runWorker(ThreadPoolExecutor.java:1122)
        at java.base@17.0.11/java.util.concurrent.ThreadPoolExecutor$Worker.run(ThreadPoolExecutor.java:635)
        at java.base@17.0.11/java.lang.Thread.run(Thread.java:840)
"b47eb027-4b7a-4ddc-bf7f-0870758e0604@group-B33C5E379CF8-cacheEviction-AwaitToRun" daemon prio=5 tid=707 in Object.wait()
java.lang.Thread.State: WAITING (on object monitor)
        at java.base@17.0.11/jdk.internal.misc.Unsafe.park(Native Method)
        at java.base@17.0.11/java.util.concurrent.locks.LockSupport.park(LockSupport.java:341)
        at java.base@17.0.11/java.util.concurrent.locks.AbstractQueuedSynchronizer$ConditionNode.block(AbstractQueuedSynchronizer.java:506)
        at java.base@17.0.11/java.util.concurrent.ForkJoinPool.unmanagedBlock(ForkJoinPool.java:3465)
        at java.base@17.0.11/java.util.concurrent.ForkJoinPool.managedBlock(ForkJoinPool.java:3436)
        at java.base@17.0.11/java.util.concurrent.locks.AbstractQueuedSynchronizer$ConditionObject.await(AbstractQueuedSynchronizer.java:1625)
        at app//org.apache.ratis.util.AwaitForSignal.await(AwaitForSignal.java:48)
        at app//org.apache.ratis.util.AwaitToRun$RunnableImpl.run(AwaitToRun.java:47)
        at java.base@17.0.11/java.lang.Thread.run(Thread.java:840)
"b47eb027-4b7a-4ddc-bf7f-0870758e0604-DatanodeStateMachineTaskThread-1"  prio=5 tid=615 in Object.wait()
java.lang.Thread.State: WAITING (on object monitor)
        at java.base@17.0.11/jdk.internal.misc.Unsafe.park(Native Method)
        at java.base@17.0.11/java.util.concurrent.locks.LockSupport.park(LockSupport.java:341)
        at java.base@17.0.11/java.util.concurrent.locks.AbstractQueuedSynchronizer$ConditionNode.block(AbstractQueuedSynchronizer.java:506)
        at java.base@17.0.11/java.util.concurrent.ForkJoinPool.unmanagedBlock(ForkJoinPool.java:3465)
        at java.base@17.0.11/java.util.concurrent.ForkJoinPool.managedBlock(ForkJoinPool.java:3436)
        at java.base@17.0.11/java.util.concurrent.locks.AbstractQueuedSynchronizer$ConditionObject.await(AbstractQueuedSynchronizer.java:1625)
        at java.base@17.0.11/java.util.concurrent.LinkedBlockingQueue.take(LinkedBlockingQueue.java:435)
        at java.base@17.0.11/java.util.concurrent.ThreadPoolExecutor.getTask(ThreadPoolExecutor.java:1062)
        at java.base@17.0.11/java.util.concurrent.ThreadPoolExecutor.runWorker(ThreadPoolExecutor.java:1122)
        at java.base@17.0.11/java.util.concurrent.ThreadPoolExecutor$Worker.run(ThreadPoolExecutor.java:635)
        at java.base@17.0.11/java.lang.Thread.run(Thread.java:840)
"c511b233-3aa4-4954-9335-f5d54c64e497-DatanodeReportManager-1" daemon prio=5 tid=462 timed_waiting
java.lang.Thread.State: TIMED_WAITING
        at java.base@17.0.11/jdk.internal.misc.Unsafe.park(Native Method)
        at java.base@17.0.11/java.util.concurrent.locks.LockSupport.parkNanos(LockSupport.java:252)
        at java.base@17.0.11/java.util.concurrent.locks.AbstractQueuedSynchronizer$ConditionObject.awaitNanos(AbstractQueuedSynchronizer.java:1674)
        at java.base@17.0.11/java.util.concurrent.ScheduledThreadPoolExecutor$DelayedWorkQueue.take(ScheduledThreadPoolExecutor.java:1182)
        at java.base@17.0.11/java.util.concurrent.ScheduledThreadPoolExecutor$DelayedWorkQueue.take(ScheduledThreadPoolExecutor.java:899)
        at java.base@17.0.11/java.util.concurrent.ThreadPoolExecutor.getTask(ThreadPoolExecutor.java:1062)
        at java.base@17.0.11/java.util.concurrent.ThreadPoolExecutor.runWorker(ThreadPoolExecutor.java:1122)
        at java.base@17.0.11/java.util.concurrent.ThreadPoolExecutor$Worker.run(ThreadPoolExecutor.java:635)
        at java.base@17.0.11/java.lang.Thread.run(Thread.java:840)
"c511b233-3aa4-4954-9335-f5d54c64e497-ChunkReader-2" daemon prio=5 tid=862 in Object.wait()
java.lang.Thread.State: WAITING (on object monitor)
        at java.base@17.0.11/jdk.internal.misc.Unsafe.park(Native Method)
        at java.base@17.0.11/java.util.concurrent.locks.LockSupport.park(LockSupport.java:341)
        at java.base@17.0.11/java.util.concurrent.locks.AbstractQueuedSynchronizer$ConditionNode.block(AbstractQueuedSynchronizer.java:506)
        at java.base@17.0.11/java.util.concurrent.ForkJoinPool.unmanagedBlock(ForkJoinPool.java:3465)
        at java.base@17.0.11/java.util.concurrent.ForkJoinPool.managedBlock(ForkJoinPool.java:3436)
        at java.base@17.0.11/java.util.concurrent.locks.AbstractQueuedSynchronizer$ConditionObject.await(AbstractQueuedSynchronizer.java:1625)
        at java.base@17.0.11/java.util.concurrent.LinkedBlockingQueue.take(LinkedBlockingQueue.java:435)
        at java.base@17.0.11/java.util.concurrent.ThreadPoolExecutor.getTask(ThreadPoolExecutor.java:1062)
        at java.base@17.0.11/java.util.concurrent.ThreadPoolExecutor.runWorker(ThreadPoolExecutor.java:1122)
        at java.base@17.0.11/java.util.concurrent.ThreadPoolExecutor$Worker.run(ThreadPoolExecutor.java:635)
        at java.base@17.0.11/java.lang.Thread.run(Thread.java:840)
"IPC Server handler 78 on default port 15002" daemon prio=5 tid=341 timed_waiting
java.lang.Thread.State: TIMED_WAITING
        at java.base@17.0.11/jdk.internal.misc.Unsafe.park(Native Method)
        at java.base@17.0.11/java.util.concurrent.locks.LockSupport.parkNanos(LockSupport.java:252)
        at java.base@17.0.11/java.util.concurrent.locks.AbstractQueuedSynchronizer$ConditionObject.awaitNanos(AbstractQueuedSynchronizer.java:1674)
        at java.base@17.0.11/java.util.concurrent.LinkedBlockingQueue.poll(LinkedBlockingQueue.java:460)
        at app//org.apache.hadoop.ipc.CallQueueManager.take(CallQueueManager.java:317)
        at app//org.apache.hadoop.ipc.Server$Handler.run(Server.java:3014)
"SCMBlockDeletingService#0" daemon prio=5 tid=363 timed_waiting
java.lang.Thread.State: TIMED_WAITING
        at java.base@17.0.11/jdk.internal.misc.Unsafe.park(Native Method)
        at java.base@17.0.11/java.util.concurrent.locks.LockSupport.parkNanos(LockSupport.java:252)
        at java.base@17.0.11/java.util.concurrent.locks.AbstractQueuedSynchronizer$ConditionObject.awaitNanos(AbstractQueuedSynchronizer.java:1674)
        at java.base@17.0.11/java.util.concurrent.ScheduledThreadPoolExecutor$DelayedWorkQueue.take(ScheduledThreadPoolExecutor.java:1182)
        at java.base@17.0.11/java.util.concurrent.ScheduledThreadPoolExecutor$DelayedWorkQueue.take(ScheduledThreadPoolExecutor.java:899)
        at java.base@17.0.11/java.util.concurrent.ThreadPoolExecutor.getTask(ThreadPoolExecutor.java:1062)
        at java.base@17.0.11/java.util.concurrent.ThreadPoolExecutor.runWorker(ThreadPoolExecutor.java:1122)
        at java.base@17.0.11/java.util.concurrent.ThreadPoolExecutor$Worker.run(ThreadPoolExecutor.java:635)
        at java.base@17.0.11/java.lang.Thread.run(Thread.java:840)
"pool-60-thread-1"  prio=5 tid=409 timed_waiting
java.lang.Thread.State: TIMED_WAITING
        at java.base@17.0.11/jdk.internal.misc.Unsafe.park(Native Method)
        at java.base@17.0.11/java.util.concurrent.locks.LockSupport.parkNanos(LockSupport.java:252)
        at java.base@17.0.11/java.util.concurrent.locks.AbstractQueuedSynchronizer$ConditionObject.awaitNanos(AbstractQueuedSynchronizer.java:1674)
        at java.base@17.0.11/java.util.concurrent.ScheduledThreadPoolExecutor$DelayedWorkQueue.take(ScheduledThreadPoolExecutor.java:1182)
        at java.base@17.0.11/java.util.concurrent.ScheduledThreadPoolExecutor$DelayedWorkQueue.take(ScheduledThreadPoolExecutor.java:899)
        at java.base@17.0.11/java.util.concurrent.ThreadPoolExecutor.getTask(ThreadPoolExecutor.java:1062)
        at java.base@17.0.11/java.util.concurrent.ThreadPoolExecutor.runWorker(ThreadPoolExecutor.java:1122)
        at java.base@17.0.11/java.util.concurrent.ThreadPoolExecutor$Worker.run(ThreadPoolExecutor.java:635)
        at java.base@17.0.11/java.lang.Thread.run(Thread.java:840)
"IPC Server listener on 15019" daemon prio=5 tid=481 runnable
java.lang.Thread.State: RUNNABLE
        at java.base@17.0.11/sun.nio.ch.EPoll.wait(Native Method)
        at java.base@17.0.11/sun.nio.ch.EPollSelectorImpl.doSelect(EPollSelectorImpl.java:118)
        at java.base@17.0.11/sun.nio.ch.SelectorImpl.lockAndDoSelect(SelectorImpl.java:129)
        at java.base@17.0.11/sun.nio.ch.SelectorImpl.select(SelectorImpl.java:146)
        at app//org.apache.hadoop.ipc.Server$Listener.run(Server.java:1408)
"IPC Server handler 68 on default port 15000" daemon prio=5 tid=131 timed_waiting
java.lang.Thread.State: TIMED_WAITING
        at java.base@17.0.11/jdk.internal.misc.Unsafe.park(Native Method)
        at java.base@17.0.11/java.util.concurrent.locks.LockSupport.parkNanos(LockSupport.java:252)
        at java.base@17.0.11/java.util.concurrent.locks.AbstractQueuedSynchronizer$ConditionObject.awaitNanos(AbstractQueuedSynchronizer.java:1674)
        at java.base@17.0.11/java.util.concurrent.LinkedBlockingQueue.poll(LinkedBlockingQueue.java:460)
        at app//org.apache.hadoop.ipc.CallQueueManager.take(CallQueueManager.java:317)
        at app//org.apache.hadoop.ipc.Server$Handler.run(Server.java:3014)
"IPC Server handler 20 on default port 15001" daemon prio=5 tid=183 timed_waiting
java.lang.Thread.State: TIMED_WAITING
        at java.base@17.0.11/jdk.internal.misc.Unsafe.park(Native Method)
        at java.base@17.0.11/java.util.concurrent.locks.LockSupport.parkNanos(LockSupport.java:252)
        at java.base@17.0.11/java.util.concurrent.locks.AbstractQueuedSynchronizer$ConditionObject.awaitNanos(AbstractQueuedSynchronizer.java:1674)
        at java.base@17.0.11/java.util.concurrent.LinkedBlockingQueue.poll(LinkedBlockingQueue.java:460)
        at app//org.apache.hadoop.ipc.CallQueueManager.take(CallQueueManager.java:317)
        at app//org.apache.hadoop.ipc.Server$Handler.run(Server.java:3014)
"IPC Server handler 82 on default port 15000" daemon prio=5 tid=145 timed_waiting
java.lang.Thread.State: TIMED_WAITING
        at java.base@17.0.11/jdk.internal.misc.Unsafe.park(Native Method)
        at java.base@17.0.11/java.util.concurrent.locks.LockSupport.parkNanos(LockSupport.java:252)
        at java.base@17.0.11/java.util.concurrent.locks.AbstractQueuedSynchronizer$ConditionObject.awaitNanos(AbstractQueuedSynchronizer.java:1674)
        at java.base@17.0.11/java.util.concurrent.LinkedBlockingQueue.poll(LinkedBlockingQueue.java:460)
        at app//org.apache.hadoop.ipc.CallQueueManager.take(CallQueueManager.java:317)
        at app//org.apache.hadoop.ipc.Server$Handler.run(Server.java:3014)
"6d6fe673-47e6-46c0-a6fc-601f54cde379-EndpointStateMachineTaskThread-/0.0.0.0:15002-0 "  prio=5 tid=635 in Object.wait()
java.lang.Thread.State: WAITING (on object monitor)
        at java.base@17.0.11/jdk.internal.misc.Unsafe.park(Native Method)
        at java.base@17.0.11/java.util.concurrent.locks.LockSupport.park(LockSupport.java:341)
        at java.base@17.0.11/java.util.concurrent.locks.AbstractQueuedSynchronizer$ConditionNode.block(AbstractQueuedSynchronizer.java:506)
        at java.base@17.0.11/java.util.concurrent.ForkJoinPool.unmanagedBlock(ForkJoinPool.java:3465)
        at java.base@17.0.11/java.util.concurrent.ForkJoinPool.managedBlock(ForkJoinPool.java:3436)
        at java.base@17.0.11/java.util.concurrent.locks.AbstractQueuedSynchronizer$ConditionObject.await(AbstractQueuedSynchronizer.java:1625)
        at java.base@17.0.11/java.util.concurrent.LinkedBlockingQueue.take(LinkedBlockingQueue.java:435)
        at java.base@17.0.11/java.util.concurrent.ThreadPoolExecutor.getTask(ThreadPoolExecutor.java:1062)
        at java.base@17.0.11/java.util.concurrent.ThreadPoolExecutor.runWorker(ThreadPoolExecutor.java:1122)
        at java.base@17.0.11/java.util.concurrent.ThreadPoolExecutor$Worker.run(ThreadPoolExecutor.java:635)
        at java.base@17.0.11/java.lang.Thread.run(Thread.java:840)
"Socket Reader #1 for port 15037"  prio=5 tid=536 runnable
java.lang.Thread.State: RUNNABLE
        at java.base@17.0.11/sun.nio.ch.EPoll.wait(Native Method)
        at java.base@17.0.11/sun.nio.ch.EPollSelectorImpl.doSelect(EPollSelectorImpl.java:118)
        at java.base@17.0.11/sun.nio.ch.SelectorImpl.lockAndDoSelect(SelectorImpl.java:129)
        at java.base@17.0.11/sun.nio.ch.SelectorImpl.select(SelectorImpl.java:146)
        at app//org.apache.hadoop.ipc.Server$Listener$Reader.doRunLoop(Server.java:1346)
        at app//org.apache.hadoop.ipc.Server$Listener$Reader.run(Server.java:1325)
"Socket Reader #1 for port 15004"  prio=5 tid=387 runnable
java.lang.Thread.State: RUNNABLE
        at java.base@17.0.11/sun.nio.ch.EPoll.wait(Native Method)
        at java.base@17.0.11/sun.nio.ch.EPollSelectorImpl.doSelect(EPollSelectorImpl.java:118)
        at java.base@17.0.11/sun.nio.ch.SelectorImpl.lockAndDoSelect(SelectorImpl.java:129)
        at java.base@17.0.11/sun.nio.ch.SelectorImpl.select(SelectorImpl.java:146)
        at app//org.apache.hadoop.ipc.Server$Listener$Reader.doRunLoop(Server.java:1346)
        at app//org.apache.hadoop.ipc.Server$Listener$Reader.run(Server.java:1325)
"Socket Reader #1 for port 15028"  prio=5 tid=509 runnable
java.lang.Thread.State: RUNNABLE
        at java.base@17.0.11/sun.nio.ch.EPoll.wait(Native Method)
        at java.base@17.0.11/sun.nio.ch.EPollSelectorImpl.doSelect(EPollSelectorImpl.java:118)
        at java.base@17.0.11/sun.nio.ch.SelectorImpl.lockAndDoSelect(SelectorImpl.java:129)
        at java.base@17.0.11/sun.nio.ch.SelectorImpl.select(SelectorImpl.java:146)
        at app//org.apache.hadoop.ipc.Server$Listener$Reader.doRunLoop(Server.java:1346)
        at app//org.apache.hadoop.ipc.Server$Listener$Reader.run(Server.java:1325)
"PartialTableCache-Cleanup-0" daemon prio=5 tid=840 in Object.wait()
java.lang.Thread.State: WAITING (on object monitor)
        at java.base@17.0.11/jdk.internal.misc.Unsafe.park(Native Method)
        at java.base@17.0.11/java.util.concurrent.locks.LockSupport.park(LockSupport.java:341)
        at java.base@17.0.11/java.util.concurrent.locks.AbstractQueuedSynchronizer$ConditionNode.block(AbstractQueuedSynchronizer.java:506)
        at java.base@17.0.11/java.util.concurrent.ForkJoinPool.unmanagedBlock(ForkJoinPool.java:3465)
        at java.base@17.0.11/java.util.concurrent.ForkJoinPool.managedBlock(ForkJoinPool.java:3436)
        at java.base@17.0.11/java.util.concurrent.locks.AbstractQueuedSynchronizer$ConditionObject.await(AbstractQueuedSynchronizer.java:1625)
        at java.base@17.0.11/java.util.concurrent.LinkedBlockingQueue.take(LinkedBlockingQueue.java:435)
        at java.base@17.0.11/java.util.concurrent.ThreadPoolExecutor.getTask(ThreadPoolExecutor.java:1062)
        at java.base@17.0.11/java.util.concurrent.ThreadPoolExecutor.runWorker(ThreadPoolExecutor.java:1122)
        at java.base@17.0.11/java.util.concurrent.ThreadPoolExecutor$Worker.run(ThreadPoolExecutor.java:635)
        at java.base@17.0.11/java.lang.Thread.run(Thread.java:840)
"IPC Server handler 66 on default port 15000" daemon prio=5 tid=129 timed_waiting
java.lang.Thread.State: TIMED_WAITING
        at java.base@17.0.11/jdk.internal.misc.Unsafe.park(Native Method)
        at java.base@17.0.11/java.util.concurrent.locks.LockSupport.parkNanos(LockSupport.java:252)
        at java.base@17.0.11/java.util.concurrent.locks.AbstractQueuedSynchronizer$ConditionObject.awaitNanos(AbstractQueuedSynchronizer.java:1674)
        at java.base@17.0.11/java.util.concurrent.LinkedBlockingQueue.poll(LinkedBlockingQueue.java:460)
        at app//org.apache.hadoop.ipc.CallQueueManager.take(CallQueueManager.java:317)
        at app//org.apache.hadoop.ipc.Server$Handler.run(Server.java:3014)
"IPC Server handler 11 on default port 15004" daemon prio=5 tid=430 timed_waiting
java.lang.Thread.State: TIMED_WAITING
        at java.base@17.0.11/jdk.internal.misc.Unsafe.park(Native Method)
        at java.base@17.0.11/java.util.concurrent.locks.LockSupport.parkNanos(LockSupport.java:252)
        at java.base@17.0.11/java.util.concurrent.locks.AbstractQueuedSynchronizer$ConditionObject.awaitNanos(AbstractQueuedSynchronizer.java:1674)
        at java.base@17.0.11/java.util.concurrent.LinkedBlockingQueue.poll(LinkedBlockingQueue.java:460)
        at app//org.apache.hadoop.ipc.CallQueueManager.take(CallQueueManager.java:317)
        at app//org.apache.hadoop.ipc.Server$Handler.run(Server.java:3014)
"IPC Server handler 35 on default port 15002" daemon prio=5 tid=298 timed_waiting
java.lang.Thread.State: TIMED_WAITING
        at java.base@17.0.11/jdk.internal.misc.Unsafe.park(Native Method)
        at java.base@17.0.11/java.util.concurrent.locks.LockSupport.parkNanos(LockSupport.java:252)
        at java.base@17.0.11/java.util.concurrent.locks.AbstractQueuedSynchronizer$ConditionObject.awaitNanos(AbstractQueuedSynchronizer.java:1674)
        at java.base@17.0.11/java.util.concurrent.LinkedBlockingQueue.poll(LinkedBlockingQueue.java:460)
        at app//org.apache.hadoop.ipc.CallQueueManager.take(CallQueueManager.java:317)
        at app//org.apache.hadoop.ipc.Server$Handler.run(Server.java:3014)
"Signal Dispatcher" daemon prio=9 tid=4 runnable
java.lang.Thread.State: RUNNABLE
"IPC Server handler 52 on default port 15000" daemon prio=5 tid=115 timed_waiting
java.lang.Thread.State: TIMED_WAITING
        at java.base@17.0.11/jdk.internal.misc.Unsafe.park(Native Method)
        at java.base@17.0.11/java.util.concurrent.locks.LockSupport.parkNanos(LockSupport.java:252)
        at java.base@17.0.11/java.util.concurrent.locks.AbstractQueuedSynchronizer$ConditionObject.awaitNanos(AbstractQueuedSynchronizer.java:1674)
        at java.base@17.0.11/java.util.concurrent.LinkedBlockingQueue.poll(LinkedBlockingQueue.java:460)
        at app//org.apache.hadoop.ipc.CallQueueManager.take(CallQueueManager.java:317)
        at app//org.apache.hadoop.ipc.Server$Handler.run(Server.java:3014)
"IPC Server handler 64 on default port 15001" daemon prio=5 tid=227 timed_waiting
java.lang.Thread.State: TIMED_WAITING
        at java.base@17.0.11/jdk.internal.misc.Unsafe.park(Native Method)
        at java.base@17.0.11/java.util.concurrent.locks.LockSupport.parkNanos(LockSupport.java:252)
        at java.base@17.0.11/java.util.concurrent.locks.AbstractQueuedSynchronizer$ConditionObject.awaitNanos(AbstractQueuedSynchronizer.java:1674)
        at java.base@17.0.11/java.util.concurrent.LinkedBlockingQueue.poll(LinkedBlockingQueue.java:460)
        at app//org.apache.hadoop.ipc.CallQueueManager.take(CallQueueManager.java:317)
        at app//org.apache.hadoop.ipc.Server$Handler.run(Server.java:3014)
"IPC Server handler 90 on default port 15000" daemon prio=5 tid=153 timed_waiting
java.lang.Thread.State: TIMED_WAITING
        at java.base@17.0.11/jdk.internal.misc.Unsafe.park(Native Method)
        at java.base@17.0.11/java.util.concurrent.locks.LockSupport.parkNanos(LockSupport.java:252)
        at java.base@17.0.11/java.util.concurrent.locks.AbstractQueuedSynchronizer$ConditionObject.awaitNanos(AbstractQueuedSynchronizer.java:1674)
        at java.base@17.0.11/java.util.concurrent.LinkedBlockingQueue.poll(LinkedBlockingQueue.java:460)
        at app//org.apache.hadoop.ipc.CallQueueManager.take(CallQueueManager.java:317)
        at app//org.apache.hadoop.ipc.Server$Handler.run(Server.java:3014)
"IPC Server handler 98 on default port 15001" daemon prio=5 tid=261 timed_waiting
java.lang.Thread.State: TIMED_WAITING
        at java.base@17.0.11/jdk.internal.misc.Unsafe.park(Native Method)
        at java.base@17.0.11/java.util.concurrent.locks.LockSupport.parkNanos(LockSupport.java:252)
        at java.base@17.0.11/java.util.concurrent.locks.AbstractQueuedSynchronizer$ConditionObject.awaitNanos(AbstractQueuedSynchronizer.java:1674)
        at java.base@17.0.11/java.util.concurrent.LinkedBlockingQueue.poll(LinkedBlockingQueue.java:460)
        at app//org.apache.hadoop.ipc.CallQueueManager.take(CallQueueManager.java:317)
        at app//org.apache.hadoop.ipc.Server$Handler.run(Server.java:3014)
"IPC Server handler 92 on default port 15002" daemon prio=5 tid=355 timed_waiting
java.lang.Thread.State: TIMED_WAITING
        at java.base@17.0.11/jdk.internal.misc.Unsafe.park(Native Method)
        at java.base@17.0.11/java.util.concurrent.locks.LockSupport.parkNanos(LockSupport.java:252)
        at java.base@17.0.11/java.util.concurrent.locks.AbstractQueuedSynchronizer$ConditionObject.awaitNanos(AbstractQueuedSynchronizer.java:1674)
        at java.base@17.0.11/java.util.concurrent.LinkedBlockingQueue.poll(LinkedBlockingQueue.java:460)
        at app//org.apache.hadoop.ipc.CallQueueManager.take(CallQueueManager.java:317)
        at app//org.apache.hadoop.ipc.Server$Handler.run(Server.java:3014)
"qtp1697532854-445" daemon prio=5 tid=445 runnable
java.lang.Thread.State: RUNNABLE
        at java.base@17.0.11/sun.nio.ch.EPoll.wait(Native Method)
        at java.base@17.0.11/sun.nio.ch.EPollSelectorImpl.doSelect(EPollSelectorImpl.java:118)
        at java.base@17.0.11/sun.nio.ch.SelectorImpl.lockAndDoSelect(SelectorImpl.java:129)
        at java.base@17.0.11/sun.nio.ch.SelectorImpl.select(SelectorImpl.java:146)
        at app//org.eclipse.jetty.io.ManagedSelector.nioSelect(ManagedSelector.java:183)
        at app//org.eclipse.jetty.io.ManagedSelector.select(ManagedSelector.java:190)
        at app//org.eclipse.jetty.io.ManagedSelector$SelectorProducer.select(ManagedSelector.java:606)
        at app//org.eclipse.jetty.io.ManagedSelector$SelectorProducer.produce(ManagedSelector.java:543)
        at app//org.eclipse.jetty.util.thread.strategy.EatWhatYouKill.produceTask(EatWhatYouKill.java:362)
        at app//org.eclipse.jetty.util.thread.strategy.EatWhatYouKill.doProduce(EatWhatYouKill.java:186)
        at app//org.eclipse.jetty.util.thread.strategy.EatWhatYouKill.tryProduce(EatWhatYouKill.java:173)
        at app//org.eclipse.jetty.util.thread.strategy.EatWhatYouKill.produce(EatWhatYouKill.java:137)
        at app//org.eclipse.jetty.io.ManagedSelector$$Lambda$835/0x00007f53846a1738.run(Unknown Source)
        at app//org.eclipse.jetty.util.thread.QueuedThreadPool.runJob(QueuedThreadPool.java:883)
        at app//org.eclipse.jetty.util.thread.QueuedThreadPool$Runner.run(QueuedThreadPool.java:1034)
        at java.base@17.0.11/java.lang.Thread.run(Thread.java:840)
"IPC Server handler 20 on default port 15000" daemon prio=5 tid=83 timed_waiting
java.lang.Thread.State: TIMED_WAITING
        at java.base@17.0.11/jdk.internal.misc.Unsafe.park(Native Method)
        at java.base@17.0.11/java.util.concurrent.locks.LockSupport.parkNanos(LockSupport.java:252)
        at java.base@17.0.11/java.util.concurrent.locks.AbstractQueuedSynchronizer$ConditionObject.awaitNanos(AbstractQueuedSynchronizer.java:1674)
        at java.base@17.0.11/java.util.concurrent.LinkedBlockingQueue.poll(LinkedBlockingQueue.java:460)
        at app//org.apache.hadoop.ipc.CallQueueManager.take(CallQueueManager.java:317)
        at app//org.apache.hadoop.ipc.Server$Handler.run(Server.java:3014)
"FullTableCache-Cleanup-0" daemon prio=5 tid=836 in Object.wait()
java.lang.Thread.State: WAITING (on object monitor)
        at java.base@17.0.11/jdk.internal.misc.Unsafe.park(Native Method)
        at java.base@17.0.11/java.util.concurrent.locks.LockSupport.park(LockSupport.java:341)
        at java.base@17.0.11/java.util.concurrent.locks.AbstractQueuedSynchronizer$ConditionNode.block(AbstractQueuedSynchronizer.java:506)
        at java.base@17.0.11/java.util.concurrent.ForkJoinPool.unmanagedBlock(ForkJoinPool.java:3465)
        at java.base@17.0.11/java.util.concurrent.ForkJoinPool.managedBlock(ForkJoinPool.java:3436)
        at java.base@17.0.11/java.util.concurrent.locks.AbstractQueuedSynchronizer$ConditionObject.await(AbstractQueuedSynchronizer.java:1625)
        at java.base@17.0.11/java.util.concurrent.LinkedBlockingQueue.take(LinkedBlockingQueue.java:435)
        at java.base@17.0.11/java.util.concurrent.ThreadPoolExecutor.getTask(ThreadPoolExecutor.java:1062)
        at java.base@17.0.11/java.util.concurrent.ThreadPoolExecutor.runWorker(ThreadPoolExecutor.java:1122)
        at java.base@17.0.11/java.util.concurrent.ThreadPoolExecutor$Worker.run(ThreadPoolExecutor.java:635)
        at java.base@17.0.11/java.lang.Thread.run(Thread.java:840)
"IPC Server handler 96 on default port 15001" daemon prio=5 tid=259 timed_waiting
java.lang.Thread.State: TIMED_WAITING
        at java.base@17.0.11/jdk.internal.misc.Unsafe.park(Native Method)
        at java.base@17.0.11/java.util.concurrent.locks.LockSupport.parkNanos(LockSupport.java:252)
        at java.base@17.0.11/java.util.concurrent.locks.AbstractQueuedSynchronizer$ConditionObject.awaitNanos(AbstractQueuedSynchronizer.java:1674)
        at java.base@17.0.11/java.util.concurrent.LinkedBlockingQueue.poll(LinkedBlockingQueue.java:460)
        at app//org.apache.hadoop.ipc.CallQueueManager.take(CallQueueManager.java:317)
        at app//org.apache.hadoop.ipc.Server$Handler.run(Server.java:3014)
"IPC Server handler 2 on default port 15002" daemon prio=5 tid=265 timed_waiting
java.lang.Thread.State: TIMED_WAITING
        at java.base@17.0.11/jdk.internal.misc.Unsafe.park(Native Method)
        at java.base@17.0.11/java.util.concurrent.locks.LockSupport.parkNanos(LockSupport.java:252)
        at java.base@17.0.11/java.util.concurrent.locks.AbstractQueuedSynchronizer$ConditionObject.awaitNanos(AbstractQueuedSynchronizer.java:1674)
        at java.base@17.0.11/java.util.concurrent.LinkedBlockingQueue.poll(LinkedBlockingQueue.java:460)
        at app//org.apache.hadoop.ipc.CallQueueManager.take(CallQueueManager.java:317)
        at app//org.apache.hadoop.ipc.Server$Handler.run(Server.java:3014)
"IPC Server handler 84 on default port 15002" daemon prio=5 tid=347 timed_waiting
java.lang.Thread.State: TIMED_WAITING
        at java.base@17.0.11/jdk.internal.misc.Unsafe.park(Native Method)
        at java.base@17.0.11/java.util.concurrent.locks.LockSupport.parkNanos(LockSupport.java:252)
        at java.base@17.0.11/java.util.concurrent.locks.AbstractQueuedSynchronizer$ConditionObject.awaitNanos(AbstractQueuedSynchronizer.java:1674)
        at java.base@17.0.11/java.util.concurrent.LinkedBlockingQueue.poll(LinkedBlockingQueue.java:460)
        at app//org.apache.hadoop.ipc.CallQueueManager.take(CallQueueManager.java:317)
        at app//org.apache.hadoop.ipc.Server$Handler.run(Server.java:3014)
"IPC Server handler 49 on default port 15001" daemon prio=5 tid=212 timed_waiting
java.lang.Thread.State: TIMED_WAITING
        at java.base@17.0.11/jdk.internal.misc.Unsafe.park(Native Method)
        at java.base@17.0.11/java.util.concurrent.locks.LockSupport.parkNanos(LockSupport.java:252)
        at java.base@17.0.11/java.util.concurrent.locks.AbstractQueuedSynchronizer$ConditionObject.awaitNanos(AbstractQueuedSynchronizer.java:1674)
        at java.base@17.0.11/java.util.concurrent.LinkedBlockingQueue.poll(LinkedBlockingQueue.java:460)
        at app//org.apache.hadoop.ipc.CallQueueManager.take(CallQueueManager.java:317)
        at app//org.apache.hadoop.ipc.Server$Handler.run(Server.java:3014)
"c511b233-3aa4-4954-9335-f5d54c64e497@group-B33C5E379CF8-cacheEviction-AwaitToRun" daemon prio=5 tid=686 in Object.wait()
java.lang.Thread.State: WAITING (on object monitor)
        at java.base@17.0.11/jdk.internal.misc.Unsafe.park(Native Method)
        at java.base@17.0.11/java.util.concurrent.locks.LockSupport.park(LockSupport.java:341)
        at java.base@17.0.11/java.util.concurrent.locks.AbstractQueuedSynchronizer$ConditionNode.block(AbstractQueuedSynchronizer.java:506)
        at java.base@17.0.11/java.util.concurrent.ForkJoinPool.unmanagedBlock(ForkJoinPool.java:3465)
        at java.base@17.0.11/java.util.concurrent.ForkJoinPool.managedBlock(ForkJoinPool.java:3436)
        at java.base@17.0.11/java.util.concurrent.locks.AbstractQueuedSynchronizer$ConditionObject.await(AbstractQueuedSynchronizer.java:1625)
        at app//org.apache.ratis.util.AwaitForSignal.await(AwaitForSignal.java:48)
        at app//org.apache.ratis.util.AwaitToRun$RunnableImpl.run(AwaitToRun.java:47)
        at java.base@17.0.11/java.lang.Thread.run(Thread.java:840)
"IPC Server handler 16 on default port 15004" daemon prio=5 tid=435 timed_waiting
java.lang.Thread.State: TIMED_WAITING
        at java.base@17.0.11/jdk.internal.misc.Unsafe.park(Native Method)
        at java.base@17.0.11/java.util.concurrent.locks.LockSupport.parkNanos(LockSupport.java:252)
        at java.base@17.0.11/java.util.concurrent.locks.AbstractQueuedSynchronizer$ConditionObject.awaitNanos(AbstractQueuedSynchronizer.java:1674)
        at java.base@17.0.11/java.util.concurrent.LinkedBlockingQueue.poll(LinkedBlockingQueue.java:460)
        at app//org.apache.hadoop.ipc.CallQueueManager.take(CallQueueManager.java:317)
        at app//org.apache.hadoop.ipc.Server$Handler.run(Server.java:3014)
"SCMHeartbeatProcessor-0" daemon prio=5 tid=28 timed_waiting
java.lang.Thread.State: TIMED_WAITING
        at java.base@17.0.11/jdk.internal.misc.Unsafe.park(Native Method)
        at java.base@17.0.11/java.util.concurrent.locks.LockSupport.parkNanos(LockSupport.java:252)
        at java.base@17.0.11/java.util.concurrent.locks.AbstractQueuedSynchronizer$ConditionObject.awaitNanos(AbstractQueuedSynchronizer.java:1674)
        at java.base@17.0.11/java.util.concurrent.ScheduledThreadPoolExecutor$DelayedWorkQueue.take(ScheduledThreadPoolExecutor.java:1182)
        at java.base@17.0.11/java.util.concurrent.ScheduledThreadPoolExecutor$DelayedWorkQueue.take(ScheduledThreadPoolExecutor.java:899)
        at java.base@17.0.11/java.util.concurrent.ThreadPoolExecutor.getTask(ThreadPoolExecutor.java:1062)
        at java.base@17.0.11/java.util.concurrent.ThreadPoolExecutor.runWorker(ThreadPoolExecutor.java:1122)
        at java.base@17.0.11/java.util.concurrent.ThreadPoolExecutor$Worker.run(ThreadPoolExecutor.java:635)
        at java.base@17.0.11/java.lang.Thread.run(Thread.java:840)
"org.apache.hadoop.ozone.container.common.statemachine.commandhandler.DeleteBlocksCommandHandler$DeleteCmdWorker@6815e19c" daemon prio=5 tid=443 timed_waiting
java.lang.Thread.State: TIMED_WAITING
        at java.base@17.0.11/java.lang.Thread.sleep(Native Method)
        at app//org.apache.hadoop.ozone.container.common.statemachine.commandhandler.DeleteBlocksCommandHandler$DeleteCmdWorker.run(DeleteBlocksCommandHandler.java:259)
        at java.base@17.0.11/java.lang.Thread.run(Thread.java:840)
"qtp1697532854-450" daemon prio=5 tid=450 timed_waiting
java.lang.Thread.State: TIMED_WAITING
        at java.base@17.0.11/jdk.internal.misc.Unsafe.park(Native Method)
        at java.base@17.0.11/java.util.concurrent.locks.LockSupport.parkNanos(LockSupport.java:252)
        at java.base@17.0.11/java.util.concurrent.locks.AbstractQueuedSynchronizer$ConditionObject.awaitNanos(AbstractQueuedSynchronizer.java:1674)
        at app//org.eclipse.jetty.util.BlockingArrayQueue.poll(BlockingArrayQueue.java:382)
        at app//org.eclipse.jetty.util.thread.QueuedThreadPool$Runner.idleJobPoll(QueuedThreadPool.java:974)
        at app//org.eclipse.jetty.util.thread.QueuedThreadPool$Runner.run(QueuedThreadPool.java:1018)
        at java.base@17.0.11/java.lang.Thread.run(Thread.java:840)
"IPC Server handler 90 on default port 15002" daemon prio=5 tid=353 timed_waiting
java.lang.Thread.State: TIMED_WAITING
        at java.base@17.0.11/jdk.internal.misc.Unsafe.park(Native Method)
        at java.base@17.0.11/java.util.concurrent.locks.LockSupport.parkNanos(LockSupport.java:252)
        at java.base@17.0.11/java.util.concurrent.locks.AbstractQueuedSynchronizer$ConditionObject.awaitNanos(AbstractQueuedSynchronizer.java:1674)
        at java.base@17.0.11/java.util.concurrent.LinkedBlockingQueue.poll(LinkedBlockingQueue.java:460)
        at app//org.apache.hadoop.ipc.CallQueueManager.take(CallQueueManager.java:317)
        at app//org.apache.hadoop.ipc.Server$Handler.run(Server.java:3014)
"IPC Server handler 75 on default port 15001" daemon prio=5 tid=238 timed_waiting
java.lang.Thread.State: TIMED_WAITING
        at java.base@17.0.11/jdk.internal.misc.Unsafe.park(Native Method)
        at java.base@17.0.11/java.util.concurrent.locks.LockSupport.parkNanos(LockSupport.java:252)
        at java.base@17.0.11/java.util.concurrent.locks.AbstractQueuedSynchronizer$ConditionObject.awaitNanos(AbstractQueuedSynchronizer.java:1674)
        at java.base@17.0.11/java.util.concurrent.LinkedBlockingQueue.poll(LinkedBlockingQueue.java:460)
        at app//org.apache.hadoop.ipc.CallQueueManager.take(CallQueueManager.java:317)
        at app//org.apache.hadoop.ipc.Server$Handler.run(Server.java:3014)
"IPC Server handler 92 on default port 15000" daemon prio=5 tid=155 timed_waiting
java.lang.Thread.State: TIMED_WAITING
        at java.base@17.0.11/jdk.internal.misc.Unsafe.park(Native Method)
        at java.base@17.0.11/java.util.concurrent.locks.LockSupport.parkNanos(LockSupport.java:252)
        at java.base@17.0.11/java.util.concurrent.locks.AbstractQueuedSynchronizer$ConditionObject.awaitNanos(AbstractQueuedSynchronizer.java:1674)
        at java.base@17.0.11/java.util.concurrent.LinkedBlockingQueue.poll(LinkedBlockingQueue.java:460)
        at app//org.apache.hadoop.ipc.CallQueueManager.take(CallQueueManager.java:317)
        at app//org.apache.hadoop.ipc.Server$Handler.run(Server.java:3014)
"IPC Server handler 80 on default port 15001" daemon prio=5 tid=243 timed_waiting
java.lang.Thread.State: TIMED_WAITING
        at java.base@17.0.11/jdk.internal.misc.Unsafe.park(Native Method)
        at java.base@17.0.11/java.util.concurrent.locks.LockSupport.parkNanos(LockSupport.java:252)
        at java.base@17.0.11/java.util.concurrent.locks.AbstractQueuedSynchronizer$ConditionObject.awaitNanos(AbstractQueuedSynchronizer.java:1674)
        at java.base@17.0.11/java.util.concurrent.LinkedBlockingQueue.poll(LinkedBlockingQueue.java:460)
        at app//org.apache.hadoop.ipc.CallQueueManager.take(CallQueueManager.java:317)
        at app//org.apache.hadoop.ipc.Server$Handler.run(Server.java:3014)
"b47eb027-4b7a-4ddc-bf7f-0870758e0604-DatanodeReportManager-1" daemon prio=5 tid=516 timed_waiting
java.lang.Thread.State: TIMED_WAITING
        at java.base@17.0.11/jdk.internal.misc.Unsafe.park(Native Method)
        at java.base@17.0.11/java.util.concurrent.locks.LockSupport.parkNanos(LockSupport.java:252)
        at java.base@17.0.11/java.util.concurrent.locks.AbstractQueuedSynchronizer$ConditionObject.awaitNanos(AbstractQueuedSynchronizer.java:1674)
        at java.base@17.0.11/java.util.concurrent.ScheduledThreadPoolExecutor$DelayedWorkQueue.take(ScheduledThreadPoolExecutor.java:1182)
        at java.base@17.0.11/java.util.concurrent.ScheduledThreadPoolExecutor$DelayedWorkQueue.take(ScheduledThreadPoolExecutor.java:899)
        at java.base@17.0.11/java.util.concurrent.ThreadPoolExecutor.getTask(ThreadPoolExecutor.java:1062)
        at java.base@17.0.11/java.util.concurrent.ThreadPoolExecutor.runWorker(ThreadPoolExecutor.java:1122)
        at java.base@17.0.11/java.util.concurrent.ThreadPoolExecutor$Worker.run(ThreadPoolExecutor.java:635)
        at java.base@17.0.11/java.lang.Thread.run(Thread.java:840)
"IPC Server handler 60 on default port 15000" daemon prio=5 tid=123 timed_waiting
java.lang.Thread.State: TIMED_WAITING
        at java.base@17.0.11/jdk.internal.misc.Unsafe.park(Native Method)
        at java.base@17.0.11/java.util.concurrent.locks.LockSupport.parkNanos(LockSupport.java:252)
        at java.base@17.0.11/java.util.concurrent.locks.AbstractQueuedSynchronizer$ConditionObject.awaitNanos(AbstractQueuedSynchronizer.java:1674)
        at java.base@17.0.11/java.util.concurrent.LinkedBlockingQueue.poll(LinkedBlockingQueue.java:460)
        at app//org.apache.hadoop.ipc.CallQueueManager.take(CallQueueManager.java:317)
        at app//org.apache.hadoop.ipc.Server$Handler.run(Server.java:3014)
"fdf93896-5abf-403c-99a8-bb8ea43c9a14@group-39932C3C694B-LeaderStateImpl" daemon prio=5 tid=820 timed_waiting
java.lang.Thread.State: TIMED_WAITING
        at java.base@17.0.11/jdk.internal.misc.Unsafe.park(Native Method)
        at java.base@17.0.11/java.util.concurrent.locks.LockSupport.parkNanos(LockSupport.java:252)
        at java.base@17.0.11/java.util.concurrent.locks.AbstractQueuedSynchronizer$ConditionObject.awaitNanos(AbstractQueuedSynchronizer.java:1674)
        at java.base@17.0.11/java.util.concurrent.ArrayBlockingQueue.poll(ArrayBlockingQueue.java:435)
        at app//org.apache.ratis.server.impl.LeaderStateImpl$EventQueue.poll(LeaderStateImpl.java:164)
        at app//org.apache.ratis.server.impl.LeaderStateImpl$EventProcessor.run(LeaderStateImpl.java:762)
"IPC Server handler 40 on default port 15001" daemon prio=5 tid=203 timed_waiting
java.lang.Thread.State: TIMED_WAITING
        at java.base@17.0.11/jdk.internal.misc.Unsafe.park(Native Method)
        at java.base@17.0.11/java.util.concurrent.locks.LockSupport.parkNanos(LockSupport.java:252)
        at java.base@17.0.11/java.util.concurrent.locks.AbstractQueuedSynchronizer$ConditionObject.awaitNanos(AbstractQueuedSynchronizer.java:1674)
        at java.base@17.0.11/java.util.concurrent.LinkedBlockingQueue.poll(LinkedBlockingQueue.java:460)
        at app//org.apache.hadoop.ipc.CallQueueManager.take(CallQueueManager.java:317)
        at app//org.apache.hadoop.ipc.Server$Handler.run(Server.java:3014)
"qtp701332382-412" daemon prio=5 tid=412 runnable
java.lang.Thread.State: RUNNABLE
        at java.base@17.0.11/sun.nio.ch.EPoll.wait(Native Method)
        at java.base@17.0.11/sun.nio.ch.EPollSelectorImpl.doSelect(EPollSelectorImpl.java:118)
        at java.base@17.0.11/sun.nio.ch.SelectorImpl.lockAndDoSelect(SelectorImpl.java:129)
        at java.base@17.0.11/sun.nio.ch.SelectorImpl.select(SelectorImpl.java:146)
        at app//org.eclipse.jetty.io.ManagedSelector.nioSelect(ManagedSelector.java:183)
        at app//org.eclipse.jetty.io.ManagedSelector.select(ManagedSelector.java:190)
        at app//org.eclipse.jetty.io.ManagedSelector$SelectorProducer.select(ManagedSelector.java:606)
        at app//org.eclipse.jetty.io.ManagedSelector$SelectorProducer.produce(ManagedSelector.java:543)
        at app//org.eclipse.jetty.util.thread.strategy.EatWhatYouKill.produceTask(EatWhatYouKill.java:362)
        at app//org.eclipse.jetty.util.thread.strategy.EatWhatYouKill.doProduce(EatWhatYouKill.java:186)
        at app//org.eclipse.jetty.util.thread.strategy.EatWhatYouKill.tryProduce(EatWhatYouKill.java:173)
        at app//org.eclipse.jetty.util.thread.strategy.EatWhatYouKill.produce(EatWhatYouKill.java:137)
        at app//org.eclipse.jetty.io.ManagedSelector$$Lambda$835/0x00007f53846a1738.run(Unknown Source)
        at app//org.eclipse.jetty.util.thread.QueuedThreadPool.runJob(QueuedThreadPool.java:883)
        at app//org.eclipse.jetty.util.thread.QueuedThreadPool$Runner.run(QueuedThreadPool.java:1034)
        at java.base@17.0.11/java.lang.Thread.run(Thread.java:840)
"IPC Server listener on 15037" daemon prio=5 tid=535 runnable
java.lang.Thread.State: RUNNABLE
        at java.base@17.0.11/sun.nio.ch.EPoll.wait(Native Method)
        at java.base@17.0.11/sun.nio.ch.EPollSelectorImpl.doSelect(EPollSelectorImpl.java:118)
        at java.base@17.0.11/sun.nio.ch.SelectorImpl.lockAndDoSelect(SelectorImpl.java:129)
        at java.base@17.0.11/sun.nio.ch.SelectorImpl.select(SelectorImpl.java:146)
        at app//org.apache.hadoop.ipc.Server$Listener.run(Server.java:1408)
"IPC Server handler 42 on default port 15001" daemon prio=5 tid=205 timed_waiting
java.lang.Thread.State: TIMED_WAITING
        at java.base@17.0.11/jdk.internal.misc.Unsafe.park(Native Method)
        at java.base@17.0.11/java.util.concurrent.locks.LockSupport.parkNanos(LockSupport.java:252)
        at java.base@17.0.11/java.util.concurrent.locks.AbstractQueuedSynchronizer$ConditionObject.awaitNanos(AbstractQueuedSynchronizer.java:1674)
        at java.base@17.0.11/java.util.concurrent.LinkedBlockingQueue.poll(LinkedBlockingQueue.java:460)
        at app//org.apache.hadoop.ipc.CallQueueManager.take(CallQueueManager.java:317)
        at app//org.apache.hadoop.ipc.Server$Handler.run(Server.java:3014)
"IPC Server handler 62 on default port 15001" daemon prio=5 tid=225 timed_waiting
java.lang.Thread.State: TIMED_WAITING
        at java.base@17.0.11/jdk.internal.misc.Unsafe.park(Native Method)
        at java.base@17.0.11/java.util.concurrent.locks.LockSupport.parkNanos(LockSupport.java:252)
        at java.base@17.0.11/java.util.concurrent.locks.AbstractQueuedSynchronizer$ConditionObject.awaitNanos(AbstractQueuedSynchronizer.java:1674)
        at java.base@17.0.11/java.util.concurrent.LinkedBlockingQueue.poll(LinkedBlockingQueue.java:460)
        at app//org.apache.hadoop.ipc.CallQueueManager.take(CallQueueManager.java:317)
        at app//org.apache.hadoop.ipc.Server$Handler.run(Server.java:3014)
"IPC Server handler 89 on default port 15001" daemon prio=5 tid=252 timed_waiting
java.lang.Thread.State: TIMED_WAITING
        at java.base@17.0.11/jdk.internal.misc.Unsafe.park(Native Method)
        at java.base@17.0.11/java.util.concurrent.locks.LockSupport.parkNanos(LockSupport.java:252)
        at java.base@17.0.11/java.util.concurrent.locks.AbstractQueuedSynchronizer$ConditionObject.awaitNanos(AbstractQueuedSynchronizer.java:1674)
        at java.base@17.0.11/java.util.concurrent.LinkedBlockingQueue.poll(LinkedBlockingQueue.java:460)
        at app//org.apache.hadoop.ipc.CallQueueManager.take(CallQueueManager.java:317)
        at app//org.apache.hadoop.ipc.Server$Handler.run(Server.java:3014)
"FixedThreadPoolWithAffinityExecutor-7-0" daemon prio=5 tid=59 timed_waiting
java.lang.Thread.State: TIMED_WAITING
        at java.base@17.0.11/jdk.internal.misc.Unsafe.park(Native Method)
        at java.base@17.0.11/java.util.concurrent.locks.LockSupport.parkNanos(LockSupport.java:252)
        at java.base@17.0.11/java.util.concurrent.locks.AbstractQueuedSynchronizer$ConditionObject.awaitNanos(AbstractQueuedSynchronizer.java:1674)
        at java.base@17.0.11/java.util.concurrent.LinkedBlockingQueue.poll(LinkedBlockingQueue.java:460)
        at app//org.apache.hadoop.hdds.scm.server.ContainerReportQueue.poll(ContainerReportQueue.java:269)
        at app//org.apache.hadoop.hdds.scm.server.ContainerReportQueue.poll(ContainerReportQueue.java:42)
        at app//org.apache.hadoop.hdds.server.events.FixedThreadPoolWithAffinityExecutor$ContainerReportProcessTask.run(FixedThreadPoolWithAffinityExecutor.java:253)
        at java.base@17.0.11/java.util.concurrent.Executors$RunnableAdapter.call(Executors.java:539)
        at java.base@17.0.11/java.util.concurrent.FutureTask.run(FutureTask.java:264)
        at java.base@17.0.11/java.util.concurrent.ThreadPoolExecutor.runWorker(ThreadPoolExecutor.java:1136)
        at java.base@17.0.11/java.util.concurrent.ThreadPoolExecutor$Worker.run(ThreadPoolExecutor.java:635)
        at java.base@17.0.11/java.lang.Thread.run(Thread.java:840)
"IPC Server handler 16 on default port 15002" daemon prio=5 tid=279 timed_waiting
java.lang.Thread.State: TIMED_WAITING
        at java.base@17.0.11/jdk.internal.misc.Unsafe.park(Native Method)
        at java.base@17.0.11/java.util.concurrent.locks.LockSupport.parkNanos(LockSupport.java:252)
        at java.base@17.0.11/java.util.concurrent.locks.AbstractQueuedSynchronizer$ConditionObject.awaitNanos(AbstractQueuedSynchronizer.java:1674)
        at java.base@17.0.11/java.util.concurrent.LinkedBlockingQueue.poll(LinkedBlockingQueue.java:460)
        at app//org.apache.hadoop.ipc.CallQueueManager.take(CallQueueManager.java:317)
        at app//org.apache.hadoop.ipc.Server$Handler.run(Server.java:3014)
"qtp701332382-411" daemon prio=5 tid=411 timed_waiting
java.lang.Thread.State: TIMED_WAITING
        at java.base@17.0.11/jdk.internal.misc.Unsafe.park(Native Method)
        at java.base@17.0.11/java.util.concurrent.locks.LockSupport.parkNanos(LockSupport.java:252)
        at java.base@17.0.11/java.util.concurrent.locks.AbstractQueuedSynchronizer$ConditionObject.awaitNanos(AbstractQueuedSynchronizer.java:1674)
        at app//org.eclipse.jetty.util.BlockingArrayQueue.poll(BlockingArrayQueue.java:382)
        at app//org.eclipse.jetty.util.thread.QueuedThreadPool$Runner.idleJobPoll(QueuedThreadPool.java:974)
        at app//org.eclipse.jetty.util.thread.QueuedThreadPool$Runner.run(QueuedThreadPool.java:1018)
        at java.base@17.0.11/java.lang.Thread.run(Thread.java:840)
"b47eb027-4b7a-4ddc-bf7f-0870758e0604-ChunkReader-4" daemon prio=5 tid=865 in Object.wait()
java.lang.Thread.State: WAITING (on object monitor)
        at java.base@17.0.11/jdk.internal.misc.Unsafe.park(Native Method)
        at java.base@17.0.11/java.util.concurrent.locks.LockSupport.park(LockSupport.java:341)
        at java.base@17.0.11/java.util.concurrent.locks.AbstractQueuedSynchronizer$ConditionNode.block(AbstractQueuedSynchronizer.java:506)
        at java.base@17.0.11/java.util.concurrent.ForkJoinPool.unmanagedBlock(ForkJoinPool.java:3465)
        at java.base@17.0.11/java.util.concurrent.ForkJoinPool.managedBlock(ForkJoinPool.java:3436)
        at java.base@17.0.11/java.util.concurrent.locks.AbstractQueuedSynchronizer$ConditionObject.await(AbstractQueuedSynchronizer.java:1625)
        at java.base@17.0.11/java.util.concurrent.LinkedBlockingQueue.take(LinkedBlockingQueue.java:435)
        at java.base@17.0.11/java.util.concurrent.ThreadPoolExecutor.getTask(ThreadPoolExecutor.java:1062)
        at java.base@17.0.11/java.util.concurrent.ThreadPoolExecutor.runWorker(ThreadPoolExecutor.java:1122)
        at java.base@17.0.11/java.util.concurrent.ThreadPoolExecutor$Worker.run(ThreadPoolExecutor.java:635)
        at java.base@17.0.11/java.lang.Thread.run(Thread.java:840)
"IPC Server handler 56 on default port 15000" daemon prio=5 tid=119 timed_waiting
java.lang.Thread.State: TIMED_WAITING
        at java.base@17.0.11/jdk.internal.misc.Unsafe.park(Native Method)
        at java.base@17.0.11/java.util.concurrent.locks.LockSupport.parkNanos(LockSupport.java:252)
        at java.base@17.0.11/java.util.concurrent.locks.AbstractQueuedSynchronizer$ConditionObject.awaitNanos(AbstractQueuedSynchronizer.java:1674)
        at java.base@17.0.11/java.util.concurrent.LinkedBlockingQueue.poll(LinkedBlockingQueue.java:460)
        at app//org.apache.hadoop.ipc.CallQueueManager.take(CallQueueManager.java:317)
        at app//org.apache.hadoop.ipc.Server$Handler.run(Server.java:3014)
"IPC Server handler 79 on default port 15000" daemon prio=5 tid=142 timed_waiting
java.lang.Thread.State: TIMED_WAITING
        at java.base@17.0.11/jdk.internal.misc.Unsafe.park(Native Method)
        at java.base@17.0.11/java.util.concurrent.locks.LockSupport.parkNanos(LockSupport.java:252)
        at java.base@17.0.11/java.util.concurrent.locks.AbstractQueuedSynchronizer$ConditionObject.awaitNanos(AbstractQueuedSynchronizer.java:1674)
        at java.base@17.0.11/java.util.concurrent.LinkedBlockingQueue.poll(LinkedBlockingQueue.java:460)
        at app//org.apache.hadoop.ipc.CallQueueManager.take(CallQueueManager.java:317)
        at app//org.apache.hadoop.ipc.Server$Handler.run(Server.java:3014)
"c511b233-3aa4-4954-9335-f5d54c64e497-CommandProcessorThread" daemon prio=5 tid=465 timed_waiting
java.lang.Thread.State: TIMED_WAITING
        at java.base@17.0.11/java.lang.Thread.sleep(Native Method)
        at app//org.apache.hadoop.ozone.container.common.statemachine.DatanodeStateMachine.lambda$initCommandHandlerThread$4(DatanodeStateMachine.java:674)
        at app//org.apache.hadoop.ozone.container.common.statemachine.DatanodeStateMachine$$Lambda$1296/0x00007f53848f49a0.run(Unknown Source)
        at java.base@17.0.11/java.lang.Thread.run(Thread.java:840)
"c511b233-3aa4-4954-9335-f5d54c64e497-BlockDeletingService#0" daemon prio=5 tid=593 timed_waiting
java.lang.Thread.State: TIMED_WAITING
        at java.base@17.0.11/jdk.internal.misc.Unsafe.park(Native Method)
        at java.base@17.0.11/java.util.concurrent.locks.LockSupport.parkNanos(LockSupport.java:252)
        at java.base@17.0.11/java.util.concurrent.locks.AbstractQueuedSynchronizer$ConditionObject.awaitNanos(AbstractQueuedSynchronizer.java:1674)
        at java.base@17.0.11/java.util.concurrent.ScheduledThreadPoolExecutor$DelayedWorkQueue.take(ScheduledThreadPoolExecutor.java:1182)
        at java.base@17.0.11/java.util.concurrent.ScheduledThreadPoolExecutor$DelayedWorkQueue.take(ScheduledThreadPoolExecutor.java:899)
        at java.base@17.0.11/java.util.concurrent.ThreadPoolExecutor.getTask(ThreadPoolExecutor.java:1062)
        at java.base@17.0.11/java.util.concurrent.ThreadPoolExecutor.runWorker(ThreadPoolExecutor.java:1122)
        at java.base@17.0.11/java.util.concurrent.ThreadPoolExecutor$Worker.run(ThreadPoolExecutor.java:635)
        at java.base@17.0.11/java.lang.Thread.run(Thread.java:840)
"IPC Server handler 3 on default port 15000" daemon prio=5 tid=66 timed_waiting
java.lang.Thread.State: TIMED_WAITING
        at java.base@17.0.11/jdk.internal.misc.Unsafe.park(Native Method)
        at java.base@17.0.11/java.util.concurrent.locks.LockSupport.parkNanos(LockSupport.java:252)
        at java.base@17.0.11/java.util.concurrent.locks.AbstractQueuedSynchronizer$ConditionObject.awaitNanos(AbstractQueuedSynchronizer.java:1674)
        at java.base@17.0.11/java.util.concurrent.LinkedBlockingQueue.poll(LinkedBlockingQueue.java:460)
        at app//org.apache.hadoop.ipc.CallQueueManager.take(CallQueueManager.java:317)
        at app//org.apache.hadoop.ipc.Server$Handler.run(Server.java:3014)
"timer2" daemon prio=5 tid=792 timed_waiting
java.lang.Thread.State: TIMED_WAITING
        at java.base@17.0.11/java.lang.Object.wait(Native Method)
        at java.base@17.0.11/java.util.TimerThread.mainLoop(Timer.java:563)
        at java.base@17.0.11/java.util.TimerThread.run(Timer.java:516)
"Reference Handler" daemon prio=10 tid=2 runnable
java.lang.Thread.State: RUNNABLE
        at java.base@17.0.11/java.lang.ref.Reference.waitForReferencePendingList(Native Method)
        at java.base@17.0.11/java.lang.ref.Reference.processPendingReferences(Reference.java:253)
        at java.base@17.0.11/java.lang.ref.Reference$ReferenceHandler.run(Reference.java:215)
"IPC Server handler 2 on default port 15000" daemon prio=5 tid=65 timed_waiting
java.lang.Thread.State: TIMED_WAITING
        at java.base@17.0.11/jdk.internal.misc.Unsafe.park(Native Method)
        at java.base@17.0.11/java.util.concurrent.locks.LockSupport.parkNanos(LockSupport.java:252)
        at java.base@17.0.11/java.util.concurrent.locks.AbstractQueuedSynchronizer$ConditionObject.awaitNanos(AbstractQueuedSynchronizer.java:1674)
        at java.base@17.0.11/java.util.concurrent.LinkedBlockingQueue.poll(LinkedBlockingQueue.java:460)
        at app//org.apache.hadoop.ipc.CallQueueManager.take(CallQueueManager.java:317)
        at app//org.apache.hadoop.ipc.Server$Handler.run(Server.java:3014)
"IPC Server handler 30 on default port 15001" daemon prio=5 tid=193 timed_waiting
java.lang.Thread.State: TIMED_WAITING
        at java.base@17.0.11/jdk.internal.misc.Unsafe.park(Native Method)
        at java.base@17.0.11/java.util.concurrent.locks.LockSupport.parkNanos(LockSupport.java:252)
        at java.base@17.0.11/java.util.concurrent.locks.AbstractQueuedSynchronizer$ConditionObject.awaitNanos(AbstractQueuedSynchronizer.java:1674)
        at java.base@17.0.11/java.util.concurrent.LinkedBlockingQueue.poll(LinkedBlockingQueue.java:460)
        at app//org.apache.hadoop.ipc.CallQueueManager.take(CallQueueManager.java:317)
        at app//org.apache.hadoop.ipc.Server$Handler.run(Server.java:3014)
"IPC Server handler 23 on default port 15002" daemon prio=5 tid=286 timed_waiting
java.lang.Thread.State: TIMED_WAITING
        at java.base@17.0.11/jdk.internal.misc.Unsafe.park(Native Method)
        at java.base@17.0.11/java.util.concurrent.locks.LockSupport.parkNanos(LockSupport.java:252)
        at java.base@17.0.11/java.util.concurrent.locks.AbstractQueuedSynchronizer$ConditionObject.awaitNanos(AbstractQueuedSynchronizer.java:1674)
        at java.base@17.0.11/java.util.concurrent.LinkedBlockingQueue.poll(LinkedBlockingQueue.java:460)
        at app//org.apache.hadoop.ipc.CallQueueManager.take(CallQueueManager.java:317)
        at app//org.apache.hadoop.ipc.Server$Handler.run(Server.java:3014)
"FixedThreadPoolWithAffinityExecutor-5-0" daemon prio=5 tid=57 timed_waiting
java.lang.Thread.State: TIMED_WAITING
        at java.base@17.0.11/jdk.internal.misc.Unsafe.park(Native Method)
        at java.base@17.0.11/java.util.concurrent.locks.LockSupport.parkNanos(LockSupport.java:252)
        at java.base@17.0.11/java.util.concurrent.locks.AbstractQueuedSynchronizer$ConditionObject.awaitNanos(AbstractQueuedSynchronizer.java:1674)
        at java.base@17.0.11/java.util.concurrent.LinkedBlockingQueue.poll(LinkedBlockingQueue.java:460)
        at app//org.apache.hadoop.hdds.scm.server.ContainerReportQueue.poll(ContainerReportQueue.java:269)
        at app//org.apache.hadoop.hdds.scm.server.ContainerReportQueue.poll(ContainerReportQueue.java:42)
        at app//org.apache.hadoop.hdds.server.events.FixedThreadPoolWithAffinityExecutor$ContainerReportProcessTask.run(FixedThreadPoolWithAffinityExecutor.java:253)
        at java.base@17.0.11/java.util.concurrent.Executors$RunnableAdapter.call(Executors.java:539)
        at java.base@17.0.11/java.util.concurrent.FutureTask.run(FutureTask.java:264)
        at java.base@17.0.11/java.util.concurrent.ThreadPoolExecutor.runWorker(ThreadPoolExecutor.java:1136)
        at java.base@17.0.11/java.util.concurrent.ThreadPoolExecutor$Worker.run(ThreadPoolExecutor.java:635)
        at java.base@17.0.11/java.lang.Thread.run(Thread.java:840)
"IPC Server handler 2 on default port 15001" daemon prio=5 tid=165 timed_waiting
java.lang.Thread.State: TIMED_WAITING
        at java.base@17.0.11/jdk.internal.misc.Unsafe.park(Native Method)
        at java.base@17.0.11/java.util.concurrent.locks.LockSupport.parkNanos(LockSupport.java:252)
        at java.base@17.0.11/java.util.concurrent.locks.AbstractQueuedSynchronizer$ConditionObject.awaitNanos(AbstractQueuedSynchronizer.java:1674)
        at java.base@17.0.11/java.util.concurrent.LinkedBlockingQueue.poll(LinkedBlockingQueue.java:460)
        at app//org.apache.hadoop.ipc.CallQueueManager.take(CallQueueManager.java:317)
        at app//org.apache.hadoop.ipc.Server$Handler.run(Server.java:3014)
"IPC Server handler 56 on default port 15001" daemon prio=5 tid=219 timed_waiting
java.lang.Thread.State: TIMED_WAITING
        at java.base@17.0.11/jdk.internal.misc.Unsafe.park(Native Method)
        at java.base@17.0.11/java.util.concurrent.locks.LockSupport.parkNanos(LockSupport.java:252)
        at java.base@17.0.11/java.util.concurrent.locks.AbstractQueuedSynchronizer$ConditionObject.awaitNanos(AbstractQueuedSynchronizer.java:1674)
        at java.base@17.0.11/java.util.concurrent.LinkedBlockingQueue.poll(LinkedBlockingQueue.java:460)
        at app//org.apache.hadoop.ipc.CallQueueManager.take(CallQueueManager.java:317)
        at app//org.apache.hadoop.ipc.Server$Handler.run(Server.java:3014)
"IPC Server handler 24 on default port 15002" daemon prio=5 tid=287 timed_waiting
java.lang.Thread.State: TIMED_WAITING
        at java.base@17.0.11/jdk.internal.misc.Unsafe.park(Native Method)
        at java.base@17.0.11/java.util.concurrent.locks.LockSupport.parkNanos(LockSupport.java:252)
        at java.base@17.0.11/java.util.concurrent.locks.AbstractQueuedSynchronizer$ConditionObject.awaitNanos(AbstractQueuedSynchronizer.java:1674)
        at java.base@17.0.11/java.util.concurrent.LinkedBlockingQueue.poll(LinkedBlockingQueue.java:460)
        at app//org.apache.hadoop.ipc.CallQueueManager.take(CallQueueManager.java:317)
        at app//org.apache.hadoop.ipc.Server$Handler.run(Server.java:3014)
"b47eb027-4b7a-4ddc-bf7f-0870758e0604-DataNodeDiskCheckerThread-1" daemon prio=5 tid=621 timed_waiting
java.lang.Thread.State: TIMED_WAITING
        at java.base@17.0.11/jdk.internal.misc.Unsafe.park(Native Method)
        at java.base@17.0.11/java.util.concurrent.locks.LockSupport.parkNanos(LockSupport.java:252)
        at java.base@17.0.11/java.util.concurrent.SynchronousQueue$TransferStack.transfer(SynchronousQueue.java:401)
        at java.base@17.0.11/java.util.concurrent.SynchronousQueue.poll(SynchronousQueue.java:903)
        at java.base@17.0.11/java.util.concurrent.ThreadPoolExecutor.getTask(ThreadPoolExecutor.java:1061)
        at java.base@17.0.11/java.util.concurrent.ThreadPoolExecutor.runWorker(ThreadPoolExecutor.java:1122)
        at java.base@17.0.11/java.util.concurrent.ThreadPoolExecutor$Worker.run(ThreadPoolExecutor.java:635)
        at java.base@17.0.11/java.lang.Thread.run(Thread.java:840)
"IPC Server handler 87 on default port 15001" daemon prio=5 tid=250 timed_waiting
java.lang.Thread.State: TIMED_WAITING
        at java.base@17.0.11/jdk.internal.misc.Unsafe.park(Native Method)
        at java.base@17.0.11/java.util.concurrent.locks.LockSupport.parkNanos(LockSupport.java:252)
        at java.base@17.0.11/java.util.concurrent.locks.AbstractQueuedSynchronizer$ConditionObject.awaitNanos(AbstractQueuedSynchronizer.java:1674)
        at java.base@17.0.11/java.util.concurrent.LinkedBlockingQueue.poll(LinkedBlockingQueue.java:460)
        at app//org.apache.hadoop.ipc.CallQueueManager.take(CallQueueManager.java:317)
        at app//org.apache.hadoop.ipc.Server$Handler.run(Server.java:3014)
"IPC Server handler 54 on default port 15002" daemon prio=5 tid=317 timed_waiting
java.lang.Thread.State: TIMED_WAITING
        at java.base@17.0.11/jdk.internal.misc.Unsafe.park(Native Method)
        at java.base@17.0.11/java.util.concurrent.locks.LockSupport.parkNanos(LockSupport.java:252)
        at java.base@17.0.11/java.util.concurrent.locks.AbstractQueuedSynchronizer$ConditionObject.awaitNanos(AbstractQueuedSynchronizer.java:1674)
        at java.base@17.0.11/java.util.concurrent.LinkedBlockingQueue.poll(LinkedBlockingQueue.java:460)
        at app//org.apache.hadoop.ipc.CallQueueManager.take(CallQueueManager.java:317)
        at app//org.apache.hadoop.ipc.Server$Handler.run(Server.java:3014)
"6d6fe673-47e6-46c0-a6fc-601f54cde379-groupManagement"  prio=5 tid=718 in Object.wait()
java.lang.Thread.State: WAITING (on object monitor)
        at java.base@17.0.11/jdk.internal.misc.Unsafe.park(Native Method)
        at java.base@17.0.11/java.util.concurrent.locks.LockSupport.park(LockSupport.java:341)
        at java.base@17.0.11/java.util.concurrent.locks.AbstractQueuedSynchronizer$ConditionNode.block(AbstractQueuedSynchronizer.java:506)
        at java.base@17.0.11/java.util.concurrent.ForkJoinPool.unmanagedBlock(ForkJoinPool.java:3465)
        at java.base@17.0.11/java.util.concurrent.ForkJoinPool.managedBlock(ForkJoinPool.java:3436)
        at java.base@17.0.11/java.util.concurrent.locks.AbstractQueuedSynchronizer$ConditionObject.await(AbstractQueuedSynchronizer.java:1625)
        at java.base@17.0.11/java.util.concurrent.LinkedBlockingQueue.take(LinkedBlockingQueue.java:435)
        at java.base@17.0.11/java.util.concurrent.ThreadPoolExecutor.getTask(ThreadPoolExecutor.java:1062)
        at java.base@17.0.11/java.util.concurrent.ThreadPoolExecutor.runWorker(ThreadPoolExecutor.java:1122)
        at java.base@17.0.11/java.util.concurrent.ThreadPoolExecutor$Worker.run(ThreadPoolExecutor.java:635)
        at java.base@17.0.11/java.lang.Thread.run(Thread.java:840)
"6d6fe673-47e6-46c0-a6fc-601f54cde379-ChunkReader-5" daemon prio=5 tid=908 in Object.wait()
java.lang.Thread.State: WAITING (on object monitor)
        at java.base@17.0.11/jdk.internal.misc.Unsafe.park(Native Method)
        at java.base@17.0.11/java.util.concurrent.locks.LockSupport.park(LockSupport.java:341)
        at java.base@17.0.11/java.util.concurrent.locks.AbstractQueuedSynchronizer$ConditionNode.block(AbstractQueuedSynchronizer.java:506)
        at java.base@17.0.11/java.util.concurrent.ForkJoinPool.unmanagedBlock(ForkJoinPool.java:3465)
        at java.base@17.0.11/java.util.concurrent.ForkJoinPool.managedBlock(ForkJoinPool.java:3436)
        at java.base@17.0.11/java.util.concurrent.locks.AbstractQueuedSynchronizer$ConditionObject.await(AbstractQueuedSynchronizer.java:1625)
        at java.base@17.0.11/java.util.concurrent.LinkedBlockingQueue.take(LinkedBlockingQueue.java:435)
        at java.base@17.0.11/java.util.concurrent.ThreadPoolExecutor.getTask(ThreadPoolExecutor.java:1062)
        at java.base@17.0.11/java.util.concurrent.ThreadPoolExecutor.runWorker(ThreadPoolExecutor.java:1122)
        at java.base@17.0.11/java.util.concurrent.ThreadPoolExecutor$Worker.run(ThreadPoolExecutor.java:635)
        at java.base@17.0.11/java.lang.Thread.run(Thread.java:840)
"gradle-enterprise-test-client-gradle-enterprise-test-listener"  prio=5 tid=18 in Object.wait()
java.lang.Thread.State: WAITING (on object monitor)
        at java.base@17.0.11/java.lang.invoke.DirectMethodHandle$Holder.newInvokeSpecial(DirectMethodHandle$Holder)
        at java.base@17.0.11/java.lang.invoke.Invokers$Holder.linkToTargetMethod(Invokers$Holder)
        at app//com.gradle.maven.scan.extension.test.listener.obfuscated.k.a.a(SourceFile:140)
        at app//com.gradle.maven.scan.extension.test.listener.obfuscated.k.a.b(SourceFile:93)
        at app//com.gradle.maven.scan.extension.test.listener.obfuscated.k.a$$Lambda$311/0x00007f5384105460.run(Unknown Source)
        at java.base@17.0.11/java.util.concurrent.Executors$RunnableAdapter.call(Executors.java:539)
        at java.base@17.0.11/java.util.concurrent.FutureTask.run(FutureTask.java:264)
        at java.base@17.0.11/java.util.concurrent.ThreadPoolExecutor.runWorker(ThreadPoolExecutor.java:1136)
        at java.base@17.0.11/java.util.concurrent.ThreadPoolExecutor$Worker.run(ThreadPoolExecutor.java:635)
        at java.base@17.0.11/java.lang.Thread.run(Thread.java:840)
"pool-81-thread-1"  prio=5 tid=444 timed_waiting
java.lang.Thread.State: TIMED_WAITING
        at java.base@17.0.11/jdk.internal.misc.Unsafe.park(Native Method)
        at java.base@17.0.11/java.util.concurrent.locks.LockSupport.parkNanos(LockSupport.java:252)
        at java.base@17.0.11/java.util.concurrent.locks.AbstractQueuedSynchronizer$ConditionObject.awaitNanos(AbstractQueuedSynchronizer.java:1674)
        at java.base@17.0.11/java.util.concurrent.ScheduledThreadPoolExecutor$DelayedWorkQueue.take(ScheduledThreadPoolExecutor.java:1182)
        at java.base@17.0.11/java.util.concurrent.ScheduledThreadPoolExecutor$DelayedWorkQueue.take(ScheduledThreadPoolExecutor.java:899)
        at java.base@17.0.11/java.util.concurrent.ThreadPoolExecutor.getTask(ThreadPoolExecutor.java:1062)
        at java.base@17.0.11/java.util.concurrent.ThreadPoolExecutor.runWorker(ThreadPoolExecutor.java:1122)
        at java.base@17.0.11/java.util.concurrent.ThreadPoolExecutor$Worker.run(ThreadPoolExecutor.java:635)
        at java.base@17.0.11/java.lang.Thread.run(Thread.java:840)
"IPC Server handler 75 on default port 15000" daemon prio=5 tid=138 timed_waiting
java.lang.Thread.State: TIMED_WAITING
        at java.base@17.0.11/jdk.internal.misc.Unsafe.park(Native Method)
        at java.base@17.0.11/java.util.concurrent.locks.LockSupport.parkNanos(LockSupport.java:252)
        at java.base@17.0.11/java.util.concurrent.locks.AbstractQueuedSynchronizer$ConditionObject.awaitNanos(AbstractQueuedSynchronizer.java:1674)
        at java.base@17.0.11/java.util.concurrent.LinkedBlockingQueue.poll(LinkedBlockingQueue.java:460)
        at app//org.apache.hadoop.ipc.CallQueueManager.take(CallQueueManager.java:317)
        at app//org.apache.hadoop.ipc.Server$Handler.run(Server.java:3014)
"timer3" daemon prio=5 tid=796 timed_waiting
java.lang.Thread.State: TIMED_WAITING
        at java.base@17.0.11/java.lang.Object.wait(Native Method)
        at java.base@17.0.11/java.util.TimerThread.mainLoop(Timer.java:563)
        at java.base@17.0.11/java.util.TimerThread.run(Timer.java:516)
"IPC Server handler 98 on default port 15000" daemon prio=5 tid=161 timed_waiting
java.lang.Thread.State: TIMED_WAITING
        at java.base@17.0.11/jdk.internal.misc.Unsafe.park(Native Method)
        at java.base@17.0.11/java.util.concurrent.locks.LockSupport.parkNanos(LockSupport.java:252)
        at java.base@17.0.11/java.util.concurrent.locks.AbstractQueuedSynchronizer$ConditionObject.awaitNanos(AbstractQueuedSynchronizer.java:1674)
        at java.base@17.0.11/java.util.concurrent.LinkedBlockingQueue.poll(LinkedBlockingQueue.java:460)
        at app//org.apache.hadoop.ipc.CallQueueManager.take(CallQueueManager.java:317)
        at app//org.apache.hadoop.ipc.Server$Handler.run(Server.java:3014)
"qtp1090492142-477" daemon prio=5 tid=477 timed_waiting
java.lang.Thread.State: TIMED_WAITING
        at java.base@17.0.11/jdk.internal.misc.Unsafe.park(Native Method)
        at java.base@17.0.11/java.util.concurrent.locks.LockSupport.parkNanos(LockSupport.java:252)
        at java.base@17.0.11/java.util.concurrent.locks.AbstractQueuedSynchronizer$ConditionObject.awaitNanos(AbstractQueuedSynchronizer.java:1674)
        at app//org.eclipse.jetty.util.BlockingArrayQueue.poll(BlockingArrayQueue.java:382)
        at app//org.eclipse.jetty.util.thread.QueuedThreadPool$Runner.idleJobPoll(QueuedThreadPool.java:974)
        at app//org.eclipse.jetty.util.thread.QueuedThreadPool$Runner.run(QueuedThreadPool.java:1018)
        at java.base@17.0.11/java.lang.Thread.run(Thread.java:840)
"IPC Server handler 9 on default port 15001" daemon prio=5 tid=172 timed_waiting
java.lang.Thread.State: TIMED_WAITING
        at java.base@17.0.11/jdk.internal.misc.Unsafe.park(Native Method)
        at java.base@17.0.11/java.util.concurrent.locks.LockSupport.parkNanos(LockSupport.java:252)
        at java.base@17.0.11/java.util.concurrent.locks.AbstractQueuedSynchronizer$ConditionObject.awaitNanos(AbstractQueuedSynchronizer.java:1674)
        at java.base@17.0.11/java.util.concurrent.LinkedBlockingQueue.poll(LinkedBlockingQueue.java:460)
        at app//org.apache.hadoop.ipc.CallQueueManager.take(CallQueueManager.java:317)
        at app//org.apache.hadoop.ipc.Server$Handler.run(Server.java:3014)
"IPC Server handler 64 on default port 15002" daemon prio=5 tid=327 timed_waiting
java.lang.Thread.State: TIMED_WAITING
        at java.base@17.0.11/jdk.internal.misc.Unsafe.park(Native Method)
        at java.base@17.0.11/java.util.concurrent.locks.LockSupport.parkNanos(LockSupport.java:252)
        at java.base@17.0.11/java.util.concurrent.locks.AbstractQueuedSynchronizer$ConditionObject.awaitNanos(AbstractQueuedSynchronizer.java:1674)
        at java.base@17.0.11/java.util.concurrent.LinkedBlockingQueue.poll(LinkedBlockingQueue.java:460)
        at app//org.apache.hadoop.ipc.CallQueueManager.take(CallQueueManager.java:317)
        at app//org.apache.hadoop.ipc.Server$Handler.run(Server.java:3014)
"IPC Server handler 8 on default port 15000" daemon prio=5 tid=71 timed_waiting
java.lang.Thread.State: TIMED_WAITING
        at java.base@17.0.11/jdk.internal.misc.Unsafe.park(Native Method)
        at java.base@17.0.11/java.util.concurrent.locks.LockSupport.parkNanos(LockSupport.java:252)
        at java.base@17.0.11/java.util.concurrent.locks.AbstractQueuedSynchronizer$ConditionObject.awaitNanos(AbstractQueuedSynchronizer.java:1674)
        at java.base@17.0.11/java.util.concurrent.LinkedBlockingQueue.poll(LinkedBlockingQueue.java:460)
        at app//org.apache.hadoop.ipc.CallQueueManager.take(CallQueueManager.java:317)
        at app//org.apache.hadoop.ipc.Server$Handler.run(Server.java:3014)
"OverReplicatedProcessor" daemon prio=5 tid=938 timed_waiting
java.lang.Thread.State: TIMED_WAITING
        at java.base@17.0.11/java.lang.Object.wait(Native Method)
        at app//org.apache.hadoop.hdds.scm.container.replication.UnhealthyReplicationProcessor.run(UnhealthyReplicationProcessor.java:174)
        at java.base@17.0.11/java.lang.Thread.run(Thread.java:840)
"IPC Server handler 25 on default port 15000" daemon prio=5 tid=88 timed_waiting
java.lang.Thread.State: TIMED_WAITING
        at java.base@17.0.11/jdk.internal.misc.Unsafe.park(Native Method)
        at java.base@17.0.11/java.util.concurrent.locks.LockSupport.parkNanos(LockSupport.java:252)
        at java.base@17.0.11/java.util.concurrent.locks.AbstractQueuedSynchronizer$ConditionObject.awaitNanos(AbstractQueuedSynchronizer.java:1674)
        at java.base@17.0.11/java.util.concurrent.LinkedBlockingQueue.poll(LinkedBlockingQueue.java:460)
        at app//org.apache.hadoop.ipc.CallQueueManager.take(CallQueueManager.java:317)
        at app//org.apache.hadoop.ipc.Server$Handler.run(Server.java:3014)
"6d6fe673-47e6-46c0-a6fc-601f54cde379@group-41EB72E6D1FF-cacheEviction-AwaitToRun" daemon prio=5 tid=719 in Object.wait()
java.lang.Thread.State: WAITING (on object monitor)
        at java.base@17.0.11/jdk.internal.misc.Unsafe.park(Native Method)
        at java.base@17.0.11/java.util.concurrent.locks.LockSupport.park(LockSupport.java:341)
        at java.base@17.0.11/java.util.concurrent.locks.AbstractQueuedSynchronizer$ConditionNode.block(AbstractQueuedSynchronizer.java:506)
        at java.base@17.0.11/java.util.concurrent.ForkJoinPool.unmanagedBlock(ForkJoinPool.java:3465)
        at java.base@17.0.11/java.util.concurrent.ForkJoinPool.managedBlock(ForkJoinPool.java:3436)
        at java.base@17.0.11/java.util.concurrent.locks.AbstractQueuedSynchronizer$ConditionObject.await(AbstractQueuedSynchronizer.java:1625)
        at app//org.apache.ratis.util.AwaitForSignal.await(AwaitForSignal.java:48)
        at app//org.apache.ratis.util.AwaitToRun$RunnableImpl.run(AwaitToRun.java:47)
        at java.base@17.0.11/java.lang.Thread.run(Thread.java:840)
"IPC Server handler 33 on default port 15000" daemon prio=5 tid=96 timed_waiting
java.lang.Thread.State: TIMED_WAITING
        at java.base@17.0.11/jdk.internal.misc.Unsafe.park(Native Method)
        at java.base@17.0.11/java.util.concurrent.locks.LockSupport.parkNanos(LockSupport.java:252)
        at java.base@17.0.11/java.util.concurrent.locks.AbstractQueuedSynchronizer$ConditionObject.awaitNanos(AbstractQueuedSynchronizer.java:1674)
        at java.base@17.0.11/java.util.concurrent.LinkedBlockingQueue.poll(LinkedBlockingQueue.java:460)
        at app//org.apache.hadoop.ipc.CallQueueManager.take(CallQueueManager.java:317)
        at app//org.apache.hadoop.ipc.Server$Handler.run(Server.java:3014)
"IPC Server handler 17 on default port 15000" daemon prio=5 tid=80 timed_waiting
java.lang.Thread.State: TIMED_WAITING
        at java.base@17.0.11/jdk.internal.misc.Unsafe.park(Native Method)
        at java.base@17.0.11/java.util.concurrent.locks.LockSupport.parkNanos(LockSupport.java:252)
        at java.base@17.0.11/java.util.concurrent.locks.AbstractQueuedSynchronizer$ConditionObject.awaitNanos(AbstractQueuedSynchronizer.java:1674)
        at java.base@17.0.11/java.util.concurrent.LinkedBlockingQueue.poll(LinkedBlockingQueue.java:460)
        at app//org.apache.hadoop.ipc.CallQueueManager.take(CallQueueManager.java:317)
        at app//org.apache.hadoop.ipc.Server$Handler.run(Server.java:3014)
"IPC Server handler 73 on default port 15002" daemon prio=5 tid=336 timed_waiting
java.lang.Thread.State: TIMED_WAITING
        at java.base@17.0.11/jdk.internal.misc.Unsafe.park(Native Method)
        at java.base@17.0.11/java.util.concurrent.locks.LockSupport.parkNanos(LockSupport.java:252)
        at java.base@17.0.11/java.util.concurrent.locks.AbstractQueuedSynchronizer$ConditionObject.awaitNanos(AbstractQueuedSynchronizer.java:1674)
        at java.base@17.0.11/java.util.concurrent.LinkedBlockingQueue.poll(LinkedBlockingQueue.java:460)
        at app//org.apache.hadoop.ipc.CallQueueManager.take(CallQueueManager.java:317)
        at app//org.apache.hadoop.ipc.Server$Handler.run(Server.java:3014)
"IPC Server handler 69 on default port 15002" daemon prio=5 tid=332 timed_waiting
java.lang.Thread.State: TIMED_WAITING
        at java.base@17.0.11/jdk.internal.misc.Unsafe.park(Native Method)
        at java.base@17.0.11/java.util.concurrent.locks.LockSupport.parkNanos(LockSupport.java:252)
        at java.base@17.0.11/java.util.concurrent.locks.AbstractQueuedSynchronizer$ConditionObject.awaitNanos(AbstractQueuedSynchronizer.java:1674)
        at java.base@17.0.11/java.util.concurrent.LinkedBlockingQueue.poll(LinkedBlockingQueue.java:460)
        at app//org.apache.hadoop.ipc.CallQueueManager.take(CallQueueManager.java:317)
        at app//org.apache.hadoop.ipc.Server$Handler.run(Server.java:3014)
"IPC Server handler 36 on default port 15002" daemon prio=5 tid=299 timed_waiting
java.lang.Thread.State: TIMED_WAITING
        at java.base@17.0.11/jdk.internal.misc.Unsafe.park(Native Method)
        at java.base@17.0.11/java.util.concurrent.locks.LockSupport.parkNanos(LockSupport.java:252)
        at java.base@17.0.11/java.util.concurrent.locks.AbstractQueuedSynchronizer$ConditionObject.awaitNanos(AbstractQueuedSynchronizer.java:1674)
        at java.base@17.0.11/java.util.concurrent.LinkedBlockingQueue.poll(LinkedBlockingQueue.java:460)
        at app//org.apache.hadoop.ipc.CallQueueManager.take(CallQueueManager.java:317)
        at app//org.apache.hadoop.ipc.Server$Handler.run(Server.java:3014)
"IPC Server handler 85 on default port 15002" daemon prio=5 tid=348 timed_waiting
java.lang.Thread.State: TIMED_WAITING
        at java.base@17.0.11/jdk.internal.misc.Unsafe.park(Native Method)
        at java.base@17.0.11/java.util.concurrent.locks.LockSupport.parkNanos(LockSupport.java:252)
        at java.base@17.0.11/java.util.concurrent.locks.AbstractQueuedSynchronizer$ConditionObject.awaitNanos(AbstractQueuedSynchronizer.java:1674)
        at java.base@17.0.11/java.util.concurrent.LinkedBlockingQueue.poll(LinkedBlockingQueue.java:460)
        at app//org.apache.hadoop.ipc.CallQueueManager.take(CallQueueManager.java:317)
        at app//org.apache.hadoop.ipc.Server$Handler.run(Server.java:3014)
"grpc-default-worker-ELG-3-1" daemon prio=5 tid=706 runnable
java.lang.Thread.State: RUNNABLE
        at app//org.apache.ratis.thirdparty.io.netty.channel.epoll.Native.epollWait0(Native Method)
        at app//org.apache.ratis.thirdparty.io.netty.channel.epoll.Native.epollWait(Native.java:182)
        at app//org.apache.ratis.thirdparty.io.netty.channel.epoll.EpollEventLoop.epollWait(EpollEventLoop.java:312)
        at app//org.apache.ratis.thirdparty.io.netty.channel.epoll.EpollEventLoop.run(EpollEventLoop.java:376)
        at app//org.apache.ratis.thirdparty.io.netty.util.concurrent.SingleThreadEventExecutor$4.run(SingleThreadEventExecutor.java:997)
        at app//org.apache.ratis.thirdparty.io.netty.util.internal.ThreadExecutorMap$2.run(ThreadExecutorMap.java:74)
        at app//org.apache.ratis.thirdparty.io.netty.util.concurrent.FastThreadLocalRunnable.run(FastThreadLocalRunnable.java:30)
        at java.base@17.0.11/java.lang.Thread.run(Thread.java:840)
"c511b233-3aa4-4954-9335-f5d54c64e497-DatanodeStateMachineTaskThread-0"  prio=5 tid=466 in Object.wait()
java.lang.Thread.State: WAITING (on object monitor)
        at java.base@17.0.11/jdk.internal.misc.Unsafe.park(Native Method)
        at java.base@17.0.11/java.util.concurrent.locks.LockSupport.park(LockSupport.java:341)
        at java.base@17.0.11/java.util.concurrent.locks.AbstractQueuedSynchronizer$ConditionNode.block(AbstractQueuedSynchronizer.java:506)
        at java.base@17.0.11/java.util.concurrent.ForkJoinPool.unmanagedBlock(ForkJoinPool.java:3465)
        at java.base@17.0.11/java.util.concurrent.ForkJoinPool.managedBlock(ForkJoinPool.java:3436)
        at java.base@17.0.11/java.util.concurrent.locks.AbstractQueuedSynchronizer$ConditionObject.await(AbstractQueuedSynchronizer.java:1625)
        at java.base@17.0.11/java.util.concurrent.LinkedBlockingQueue.take(LinkedBlockingQueue.java:435)
        at java.base@17.0.11/java.util.concurrent.ThreadPoolExecutor.getTask(ThreadPoolExecutor.java:1062)
        at java.base@17.0.11/java.util.concurrent.ThreadPoolExecutor.runWorker(ThreadPoolExecutor.java:1122)
        at java.base@17.0.11/java.util.concurrent.ThreadPoolExecutor$Worker.run(ThreadPoolExecutor.java:635)
        at java.base@17.0.11/java.lang.Thread.run(Thread.java:840)
"ContainerDataScanner(/home/runner/work/ozone/ozone/hadoop-ozone/integration-test/target/test-dir/MiniOzoneClusterImpl-ed78929e-9b9e-4304-bdcd-e93070d12e9d/ozone-meta/datanode-4/data-0/hdds)" daemon prio=5 tid=642 timed_waiting
java.lang.Thread.State: TIMED_WAITING
        at java.base@17.0.11/java.lang.Thread.sleep(Native Method)
        at app//org.apache.hadoop.ozone.container.ozoneimpl.AbstractBackgroundContainerScanner.handleRemainingSleep(AbstractBackgroundContainerScanner.java:131)
        at app//org.apache.hadoop.ozone.container.ozoneimpl.AbstractBackgroundContainerScanner.runIteration(AbstractBackgroundContainerScanner.java:98)
        at app//org.apache.hadoop.ozone.container.ozoneimpl.AbstractBackgroundContainerScanner.run(AbstractBackgroundContainerScanner.java:57)
"IPC Server handler 15 on default port 15001" daemon prio=5 tid=178 timed_waiting
java.lang.Thread.State: TIMED_WAITING
        at java.base@17.0.11/jdk.internal.misc.Unsafe.park(Native Method)
        at java.base@17.0.11/java.util.concurrent.locks.LockSupport.parkNanos(LockSupport.java:252)
        at java.base@17.0.11/java.util.concurrent.locks.AbstractQueuedSynchronizer$ConditionObject.awaitNanos(AbstractQueuedSynchronizer.java:1674)
        at java.base@17.0.11/java.util.concurrent.LinkedBlockingQueue.poll(LinkedBlockingQueue.java:460)
        at app//org.apache.hadoop.ipc.CallQueueManager.take(CallQueueManager.java:317)
        at app//org.apache.hadoop.ipc.Server$Handler.run(Server.java:3014)
"IPC Server handler 83 on default port 15002" daemon prio=5 tid=346 timed_waiting
java.lang.Thread.State: TIMED_WAITING
        at java.base@17.0.11/jdk.internal.misc.Unsafe.park(Native Method)
        at java.base@17.0.11/java.util.concurrent.locks.LockSupport.parkNanos(LockSupport.java:252)
        at java.base@17.0.11/java.util.concurrent.locks.AbstractQueuedSynchronizer$ConditionObject.awaitNanos(AbstractQueuedSynchronizer.java:1674)
        at java.base@17.0.11/java.util.concurrent.LinkedBlockingQueue.poll(LinkedBlockingQueue.java:460)
        at app//org.apache.hadoop.ipc.CallQueueManager.take(CallQueueManager.java:317)
        at app//org.apache.hadoop.ipc.Server$Handler.run(Server.java:3014)
"IPC Server handler 27 on default port 15000" daemon prio=5 tid=90 timed_waiting
java.lang.Thread.State: TIMED_WAITING
        at java.base@17.0.11/jdk.internal.misc.Unsafe.park(Native Method)
        at java.base@17.0.11/java.util.concurrent.locks.LockSupport.parkNanos(LockSupport.java:252)
        at java.base@17.0.11/java.util.concurrent.locks.AbstractQueuedSynchronizer$ConditionObject.awaitNanos(AbstractQueuedSynchronizer.java:1674)
        at java.base@17.0.11/java.util.concurrent.LinkedBlockingQueue.poll(LinkedBlockingQueue.java:460)
        at app//org.apache.hadoop.ipc.CallQueueManager.take(CallQueueManager.java:317)
        at app//org.apache.hadoop.ipc.Server$Handler.run(Server.java:3014)
"b47eb027-4b7a-4ddc-bf7f-0870758e0604-ChunkWriter-1-0" daemon prio=5 tid=625 in Object.wait()
java.lang.Thread.State: WAITING (on object monitor)
        at java.base@17.0.11/jdk.internal.misc.Unsafe.park(Native Method)
        at java.base@17.0.11/java.util.concurrent.locks.LockSupport.park(LockSupport.java:341)
        at java.base@17.0.11/java.util.concurrent.locks.AbstractQueuedSynchronizer$ConditionNode.block(AbstractQueuedSynchronizer.java:506)
        at java.base@17.0.11/java.util.concurrent.ForkJoinPool.unmanagedBlock(ForkJoinPool.java:3465)
        at java.base@17.0.11/java.util.concurrent.ForkJoinPool.managedBlock(ForkJoinPool.java:3436)
        at java.base@17.0.11/java.util.concurrent.locks.AbstractQueuedSynchronizer$ConditionObject.await(AbstractQueuedSynchronizer.java:1625)
        at java.base@17.0.11/java.util.concurrent.LinkedBlockingDeque.takeFirst(LinkedBlockingDeque.java:485)
        at java.base@17.0.11/java.util.concurrent.LinkedBlockingDeque.take(LinkedBlockingDeque.java:673)
        at java.base@17.0.11/java.util.concurrent.ThreadPoolExecutor.getTask(ThreadPoolExecutor.java:1062)
        at java.base@17.0.11/java.util.concurrent.ThreadPoolExecutor.runWorker(ThreadPoolExecutor.java:1122)
        at java.base@17.0.11/java.util.concurrent.ThreadPoolExecutor$Worker.run(ThreadPoolExecutor.java:635)
        at java.base@17.0.11/java.lang.Thread.run(Thread.java:840)
"IPC Server handler 63 on default port 15002" daemon prio=5 tid=326 timed_waiting
java.lang.Thread.State: TIMED_WAITING
        at java.base@17.0.11/jdk.internal.misc.Unsafe.park(Native Method)
        at java.base@17.0.11/java.util.concurrent.locks.LockSupport.parkNanos(LockSupport.java:252)
        at java.base@17.0.11/java.util.concurrent.locks.AbstractQueuedSynchronizer$ConditionObject.awaitNanos(AbstractQueuedSynchronizer.java:1674)
        at java.base@17.0.11/java.util.concurrent.LinkedBlockingQueue.poll(LinkedBlockingQueue.java:460)
        at app//org.apache.hadoop.ipc.CallQueueManager.take(CallQueueManager.java:317)
        at app//org.apache.hadoop.ipc.Server$Handler.run(Server.java:3014)
"EventQueue-DeadNodeForDeadNodeHandler" daemon prio=5 tid=942 in Object.wait()
java.lang.Thread.State: WAITING (on object monitor)
        at java.base@17.0.11/jdk.internal.misc.Unsafe.park(Native Method)
        at java.base@17.0.11/java.util.concurrent.locks.LockSupport.park(LockSupport.java:341)
        at java.base@17.0.11/java.util.concurrent.locks.AbstractQueuedSynchronizer$ConditionNode.block(AbstractQueuedSynchronizer.java:506)
        at java.base@17.0.11/java.util.concurrent.ForkJoinPool.unmanagedBlock(ForkJoinPool.java:3465)
        at java.base@17.0.11/java.util.concurrent.ForkJoinPool.managedBlock(ForkJoinPool.java:3436)
        at java.base@17.0.11/java.util.concurrent.locks.AbstractQueuedSynchronizer$ConditionObject.await(AbstractQueuedSynchronizer.java:1625)
        at java.base@17.0.11/java.util.concurrent.LinkedBlockingQueue.take(LinkedBlockingQueue.java:435)
        at java.base@17.0.11/java.util.concurrent.ThreadPoolExecutor.getTask(ThreadPoolExecutor.java:1062)
        at java.base@17.0.11/java.util.concurrent.ThreadPoolExecutor.runWorker(ThreadPoolExecutor.java:1122)
        at java.base@17.0.11/java.util.concurrent.ThreadPoolExecutor$Worker.run(ThreadPoolExecutor.java:635)
        at java.base@17.0.11/java.lang.Thread.run(Thread.java:840)
"om1-SnapshotDirectoryCleaningService#0" daemon prio=5 tid=407 timed_waiting
java.lang.Thread.State: TIMED_WAITING
        at java.base@17.0.11/jdk.internal.misc.Unsafe.park(Native Method)
        at java.base@17.0.11/java.util.concurrent.locks.LockSupport.parkNanos(LockSupport.java:252)
        at java.base@17.0.11/java.util.concurrent.locks.AbstractQueuedSynchronizer$ConditionObject.awaitNanos(AbstractQueuedSynchronizer.java:1674)
        at java.base@17.0.11/java.util.concurrent.ScheduledThreadPoolExecutor$DelayedWorkQueue.take(ScheduledThreadPoolExecutor.java:1182)
        at java.base@17.0.11/java.util.concurrent.ScheduledThreadPoolExecutor$DelayedWorkQueue.take(ScheduledThreadPoolExecutor.java:899)
        at java.base@17.0.11/java.util.concurrent.ThreadPoolExecutor.getTask(ThreadPoolExecutor.java:1062)
        at java.base@17.0.11/java.util.concurrent.ThreadPoolExecutor.runWorker(ThreadPoolExecutor.java:1122)
        at java.base@17.0.11/java.util.concurrent.ThreadPoolExecutor$Worker.run(ThreadPoolExecutor.java:635)
        at java.base@17.0.11/java.lang.Thread.run(Thread.java:840)
"timer7" daemon prio=5 tid=829 timed_waiting
java.lang.Thread.State: TIMED_WAITING
        at java.base@17.0.11/java.lang.Object.wait(Native Method)
        at java.base@17.0.11/java.util.TimerThread.mainLoop(Timer.java:563)
        at java.base@17.0.11/java.util.TimerThread.run(Timer.java:516)
"b47eb027-4b7a-4ddc-bf7f-0870758e0604-server-thread2" daemon prio=5 tid=831 timed_waiting
java.lang.Thread.State: TIMED_WAITING
        at java.base@17.0.11/jdk.internal.misc.Unsafe.park(Native Method)
        at java.base@17.0.11/java.util.concurrent.locks.LockSupport.parkNanos(LockSupport.java:252)
        at java.base@17.0.11/java.util.concurrent.SynchronousQueue$TransferStack.transfer(SynchronousQueue.java:401)
        at java.base@17.0.11/java.util.concurrent.SynchronousQueue.poll(SynchronousQueue.java:903)
        at java.base@17.0.11/java.util.concurrent.ThreadPoolExecutor.getTask(ThreadPoolExecutor.java:1061)
        at java.base@17.0.11/java.util.concurrent.ThreadPoolExecutor.runWorker(ThreadPoolExecutor.java:1122)
        at java.base@17.0.11/java.util.concurrent.ThreadPoolExecutor$Worker.run(ThreadPoolExecutor.java:635)
        at java.base@17.0.11/java.lang.Thread.run(Thread.java:840)
"c511b233-3aa4-4954-9335-f5d54c64e497-CloseContainerThread-1"  prio=5 tid=902 in Object.wait()
java.lang.Thread.State: WAITING (on object monitor)
        at java.base@17.0.11/jdk.internal.misc.Unsafe.park(Native Method)
        at java.base@17.0.11/java.util.concurrent.locks.LockSupport.park(LockSupport.java:341)
        at java.base@17.0.11/java.util.concurrent.locks.AbstractQueuedSynchronizer$ConditionNode.block(AbstractQueuedSynchronizer.java:506)
        at java.base@17.0.11/java.util.concurrent.ForkJoinPool.unmanagedBlock(ForkJoinPool.java:3465)
        at java.base@17.0.11/java.util.concurrent.ForkJoinPool.managedBlock(ForkJoinPool.java:3436)
        at java.base@17.0.11/java.util.concurrent.locks.AbstractQueuedSynchronizer$ConditionObject.await(AbstractQueuedSynchronizer.java:1625)
        at java.base@17.0.11/java.util.concurrent.LinkedBlockingQueue.take(LinkedBlockingQueue.java:435)
        at java.base@17.0.11/java.util.concurrent.ThreadPoolExecutor.getTask(ThreadPoolExecutor.java:1062)
        at java.base@17.0.11/java.util.concurrent.ThreadPoolExecutor.runWorker(ThreadPoolExecutor.java:1122)
        at java.base@17.0.11/java.util.concurrent.ThreadPoolExecutor$Worker.run(ThreadPoolExecutor.java:635)
        at java.base@17.0.11/java.lang.Thread.run(Thread.java:840)
"6d6fe673-47e6-46c0-a6fc-601f54cde379-DatanodeReportManager-1" daemon prio=5 tid=543 timed_waiting
java.lang.Thread.State: TIMED_WAITING
        at java.base@17.0.11/jdk.internal.misc.Unsafe.park(Native Method)
        at java.base@17.0.11/java.util.concurrent.locks.LockSupport.parkNanos(LockSupport.java:252)
        at java.base@17.0.11/java.util.concurrent.locks.AbstractQueuedSynchronizer$ConditionObject.awaitNanos(AbstractQueuedSynchronizer.java:1674)
        at java.base@17.0.11/java.util.concurrent.ScheduledThreadPoolExecutor$DelayedWorkQueue.take(ScheduledThreadPoolExecutor.java:1182)
        at java.base@17.0.11/java.util.concurrent.ScheduledThreadPoolExecutor$DelayedWorkQueue.take(ScheduledThreadPoolExecutor.java:899)
        at java.base@17.0.11/java.util.concurrent.ThreadPoolExecutor.getTask(ThreadPoolExecutor.java:1062)
        at java.base@17.0.11/java.util.concurrent.ThreadPoolExecutor.runWorker(ThreadPoolExecutor.java:1122)
        at java.base@17.0.11/java.util.concurrent.ThreadPoolExecutor$Worker.run(ThreadPoolExecutor.java:635)
        at java.base@17.0.11/java.lang.Thread.run(Thread.java:840)
"Timer-0"  prio=5 tid=398 timed_waiting
java.lang.Thread.State: TIMED_WAITING
        at java.base@17.0.11/java.lang.Object.wait(Native Method)
        at java.base@17.0.11/java.util.TimerThread.mainLoop(Timer.java:563)
        at java.base@17.0.11/java.util.TimerThread.run(Timer.java:516)
"fdf93896-5abf-403c-99a8-bb8ea43c9a14-ChunkReader-6" daemon prio=5 tid=880 in Object.wait()
java.lang.Thread.State: WAITING (on object monitor)
        at java.base@17.0.11/jdk.internal.misc.Unsafe.park(Native Method)
        at java.base@17.0.11/java.util.concurrent.locks.LockSupport.park(LockSupport.java:341)
        at java.base@17.0.11/java.util.concurrent.locks.AbstractQueuedSynchronizer$ConditionNode.block(AbstractQueuedSynchronizer.java:506)
        at java.base@17.0.11/java.util.concurrent.ForkJoinPool.unmanagedBlock(ForkJoinPool.java:3465)
        at java.base@17.0.11/java.util.concurrent.ForkJoinPool.managedBlock(ForkJoinPool.java:3436)
        at java.base@17.0.11/java.util.concurrent.locks.AbstractQueuedSynchronizer$ConditionObject.await(AbstractQueuedSynchronizer.java:1625)
        at java.base@17.0.11/java.util.concurrent.LinkedBlockingQueue.take(LinkedBlockingQueue.java:435)
        at java.base@17.0.11/java.util.concurrent.ThreadPoolExecutor.getTask(ThreadPoolExecutor.java:1062)
        at java.base@17.0.11/java.util.concurrent.ThreadPoolExecutor.runWorker(ThreadPoolExecutor.java:1122)
        at java.base@17.0.11/java.util.concurrent.ThreadPoolExecutor$Worker.run(ThreadPoolExecutor.java:635)
        at java.base@17.0.11/java.lang.Thread.run(Thread.java:840)
"IPC Server handler 44 on default port 15000" daemon prio=5 tid=107 timed_waiting
java.lang.Thread.State: TIMED_WAITING
        at java.base@17.0.11/jdk.internal.misc.Unsafe.park(Native Method)
        at java.base@17.0.11/java.util.concurrent.locks.LockSupport.parkNanos(LockSupport.java:252)
        at java.base@17.0.11/java.util.concurrent.locks.AbstractQueuedSynchronizer$ConditionObject.awaitNanos(AbstractQueuedSynchronizer.java:1674)
        at java.base@17.0.11/java.util.concurrent.LinkedBlockingQueue.poll(LinkedBlockingQueue.java:460)
        at app//org.apache.hadoop.ipc.CallQueueManager.take(CallQueueManager.java:317)
        at app//org.apache.hadoop.ipc.Server$Handler.run(Server.java:3014)
"IPC Server handler 90 on default port 15001" daemon prio=5 tid=253 timed_waiting
java.lang.Thread.State: TIMED_WAITING
        at java.base@17.0.11/jdk.internal.misc.Unsafe.park(Native Method)
        at java.base@17.0.11/java.util.concurrent.locks.LockSupport.parkNanos(LockSupport.java:252)
        at java.base@17.0.11/java.util.concurrent.locks.AbstractQueuedSynchronizer$ConditionObject.awaitNanos(AbstractQueuedSynchronizer.java:1674)
        at java.base@17.0.11/java.util.concurrent.LinkedBlockingQueue.poll(LinkedBlockingQueue.java:460)
        at app//org.apache.hadoop.ipc.CallQueueManager.take(CallQueueManager.java:317)
        at app//org.apache.hadoop.ipc.Server$Handler.run(Server.java:3014)
"c511b233-3aa4-4954-9335-f5d54c64e497-ChunkWriter-3-0" daemon prio=5 tid=590 in Object.wait()
java.lang.Thread.State: WAITING (on object monitor)
        at java.base@17.0.11/jdk.internal.misc.Unsafe.park(Native Method)
        at java.base@17.0.11/java.util.concurrent.locks.LockSupport.park(LockSupport.java:341)
        at java.base@17.0.11/java.util.concurrent.locks.AbstractQueuedSynchronizer$ConditionNode.block(AbstractQueuedSynchronizer.java:506)
        at java.base@17.0.11/java.util.concurrent.ForkJoinPool.unmanagedBlock(ForkJoinPool.java:3465)
        at java.base@17.0.11/java.util.concurrent.ForkJoinPool.managedBlock(ForkJoinPool.java:3436)
        at java.base@17.0.11/java.util.concurrent.locks.AbstractQueuedSynchronizer$ConditionObject.await(AbstractQueuedSynchronizer.java:1625)
        at java.base@17.0.11/java.util.concurrent.LinkedBlockingDeque.takeFirst(LinkedBlockingDeque.java:485)
        at java.base@17.0.11/java.util.concurrent.LinkedBlockingDeque.take(LinkedBlockingDeque.java:673)
        at java.base@17.0.11/java.util.concurrent.ThreadPoolExecutor.getTask(ThreadPoolExecutor.java:1062)
        at java.base@17.0.11/java.util.concurrent.ThreadPoolExecutor.runWorker(ThreadPoolExecutor.java:1122)
        at java.base@17.0.11/java.util.concurrent.ThreadPoolExecutor$Worker.run(ThreadPoolExecutor.java:635)
        at java.base@17.0.11/java.lang.Thread.run(Thread.java:840)
"IPC Server handler 46 on default port 15001" daemon prio=5 tid=209 timed_waiting
java.lang.Thread.State: TIMED_WAITING
        at java.base@17.0.11/jdk.internal.misc.Unsafe.park(Native Method)
        at java.base@17.0.11/java.util.concurrent.locks.LockSupport.parkNanos(LockSupport.java:252)
        at java.base@17.0.11/java.util.concurrent.locks.AbstractQueuedSynchronizer$ConditionObject.awaitNanos(AbstractQueuedSynchronizer.java:1674)
        at java.base@17.0.11/java.util.concurrent.LinkedBlockingQueue.poll(LinkedBlockingQueue.java:460)
        at app//org.apache.hadoop.ipc.CallQueueManager.take(CallQueueManager.java:317)
        at app//org.apache.hadoop.ipc.Server$Handler.run(Server.java:3014)
"IPC Server handler 77 on default port 15000" daemon prio=5 tid=140 timed_waiting
java.lang.Thread.State: TIMED_WAITING
        at java.base@17.0.11/jdk.internal.misc.Unsafe.park(Native Method)
        at java.base@17.0.11/java.util.concurrent.locks.LockSupport.parkNanos(LockSupport.java:252)
        at java.base@17.0.11/java.util.concurrent.locks.AbstractQueuedSynchronizer$ConditionObject.awaitNanos(AbstractQueuedSynchronizer.java:1674)
        at java.base@17.0.11/java.util.concurrent.LinkedBlockingQueue.poll(LinkedBlockingQueue.java:460)
        at app//org.apache.hadoop.ipc.CallQueueManager.take(CallQueueManager.java:317)
        at app//org.apache.hadoop.ipc.Server$Handler.run(Server.java:3014)
"LeaseManager#LeaseMonitor" daemon prio=5 tid=364 timed_waiting
java.lang.Thread.State: TIMED_WAITING
        at java.base@17.0.11/jdk.internal.misc.Unsafe.park(Native Method)
        at java.base@17.0.11/java.util.concurrent.locks.LockSupport.parkNanos(LockSupport.java:252)
        at java.base@17.0.11/java.util.concurrent.locks.AbstractQueuedSynchronizer.acquire(AbstractQueuedSynchronizer.java:717)
        at java.base@17.0.11/java.util.concurrent.locks.AbstractQueuedSynchronizer.tryAcquireSharedNanos(AbstractQueuedSynchronizer.java:1074)
        at java.base@17.0.11/java.util.concurrent.Semaphore.tryAcquire(Semaphore.java:415)
        at app//org.apache.hadoop.ozone.lease.LeaseManager$LeaseMonitor.run(LeaseManager.java:284)
        at java.base@17.0.11/java.lang.Thread.run(Thread.java:840)
"b47eb027-4b7a-4ddc-bf7f-0870758e0604-DatanodeStateMachineDaemonThread" daemon prio=5 tid=514 timed_waiting
java.lang.Thread.State: TIMED_WAITING
        at java.base@17.0.11/java.lang.Thread.sleep(Native Method)
        at app//org.apache.hadoop.ozone.container.common.statemachine.DatanodeStateMachine.startStateMachineThread(DatanodeStateMachine.java:359)
        at app//org.apache.hadoop.ozone.container.common.statemachine.DatanodeStateMachine.lambda$startDaemon$1(DatanodeStateMachine.java:546)
        at app//org.apache.hadoop.ozone.container.common.statemachine.DatanodeStateMachine$$Lambda$1294/0x00007f53848f4350.run(Unknown Source)
        at java.base@17.0.11/java.lang.Thread.run(Thread.java:840)
"IPC Server handler 91 on default port 15002" daemon prio=5 tid=354 timed_waiting
java.lang.Thread.State: TIMED_WAITING
        at java.base@17.0.11/jdk.internal.misc.Unsafe.park(Native Method)
        at java.base@17.0.11/java.util.concurrent.locks.LockSupport.parkNanos(LockSupport.java:252)
        at java.base@17.0.11/java.util.concurrent.locks.AbstractQueuedSynchronizer$ConditionObject.awaitNanos(AbstractQueuedSynchronizer.java:1674)
        at java.base@17.0.11/java.util.concurrent.LinkedBlockingQueue.poll(LinkedBlockingQueue.java:460)
        at app//org.apache.hadoop.ipc.CallQueueManager.take(CallQueueManager.java:317)
        at app//org.apache.hadoop.ipc.Server$Handler.run(Server.java:3014)
"EventQueue-CloseContainerForCloseContainerEventHandler"  prio=5 tid=892 in Object.wait()
java.lang.Thread.State: WAITING (on object monitor)
        at java.base@17.0.11/jdk.internal.misc.Unsafe.park(Native Method)
        at java.base@17.0.11/java.util.concurrent.locks.LockSupport.park(LockSupport.java:341)
        at java.base@17.0.11/java.util.concurrent.locks.AbstractQueuedSynchronizer$ConditionNode.block(AbstractQueuedSynchronizer.java:506)
        at java.base@17.0.11/java.util.concurrent.ForkJoinPool.unmanagedBlock(ForkJoinPool.java:3465)
        at java.base@17.0.11/java.util.concurrent.ForkJoinPool.managedBlock(ForkJoinPool.java:3436)
        at java.base@17.0.11/java.util.concurrent.locks.AbstractQueuedSynchronizer$ConditionObject.await(AbstractQueuedSynchronizer.java:1625)
        at java.base@17.0.11/java.util.concurrent.LinkedBlockingQueue.take(LinkedBlockingQueue.java:435)
        at java.base@17.0.11/java.util.concurrent.ThreadPoolExecutor.getTask(ThreadPoolExecutor.java:1062)
        at java.base@17.0.11/java.util.concurrent.ThreadPoolExecutor.runWorker(ThreadPoolExecutor.java:1122)
        at java.base@17.0.11/java.util.concurrent.ThreadPoolExecutor$Worker.run(ThreadPoolExecutor.java:635)
        at java.base@17.0.11/java.lang.Thread.run(Thread.java:840)
"fdf93896-5abf-403c-99a8-bb8ea43c9a14-PipelineCommandHandlerThread-0"  prio=5 tid=690 in Object.wait()
java.lang.Thread.State: WAITING (on object monitor)
        at java.base@17.0.11/jdk.internal.misc.Unsafe.park(Native Method)
        at java.base@17.0.11/java.util.concurrent.locks.LockSupport.park(LockSupport.java:341)
        at java.base@17.0.11/java.util.concurrent.locks.AbstractQueuedSynchronizer$ConditionNode.block(AbstractQueuedSynchronizer.java:506)
        at java.base@17.0.11/java.util.concurrent.ForkJoinPool.unmanagedBlock(ForkJoinPool.java:3465)
        at java.base@17.0.11/java.util.concurrent.ForkJoinPool.managedBlock(ForkJoinPool.java:3436)
        at java.base@17.0.11/java.util.concurrent.locks.AbstractQueuedSynchronizer$ConditionObject.await(AbstractQueuedSynchronizer.java:1625)
        at java.base@17.0.11/java.util.concurrent.LinkedBlockingQueue.take(LinkedBlockingQueue.java:435)
        at java.base@17.0.11/java.util.concurrent.ThreadPoolExecutor.getTask(ThreadPoolExecutor.java:1062)
        at java.base@17.0.11/java.util.concurrent.ThreadPoolExecutor.runWorker(ThreadPoolExecutor.java:1122)
        at java.base@17.0.11/java.util.concurrent.ThreadPoolExecutor$Worker.run(ThreadPoolExecutor.java:635)
        at java.base@17.0.11/java.lang.Thread.run(Thread.java:840)
"NetworkTopologyPoller" daemon prio=5 tid=401 timed_waiting
java.lang.Thread.State: TIMED_WAITING
        at java.base@17.0.11/jdk.internal.misc.Unsafe.park(Native Method)
        at java.base@17.0.11/java.util.concurrent.locks.LockSupport.parkNanos(LockSupport.java:252)
        at java.base@17.0.11/java.util.concurrent.locks.AbstractQueuedSynchronizer$ConditionObject.awaitNanos(AbstractQueuedSynchronizer.java:1674)
        at java.base@17.0.11/java.util.concurrent.ScheduledThreadPoolExecutor$DelayedWorkQueue.take(ScheduledThreadPoolExecutor.java:1182)
        at java.base@17.0.11/java.util.concurrent.ScheduledThreadPoolExecutor$DelayedWorkQueue.take(ScheduledThreadPoolExecutor.java:899)
        at java.base@17.0.11/java.util.concurrent.ThreadPoolExecutor.getTask(ThreadPoolExecutor.java:1062)
        at java.base@17.0.11/java.util.concurrent.ThreadPoolExecutor.runWorker(ThreadPoolExecutor.java:1122)
        at java.base@17.0.11/java.util.concurrent.ThreadPoolExecutor$Worker.run(ThreadPoolExecutor.java:635)
        at java.base@17.0.11/java.lang.Thread.run(Thread.java:840)
"IPC Server handler 60 on default port 15002" daemon prio=5 tid=323 timed_waiting
java.lang.Thread.State: TIMED_WAITING
        at java.base@17.0.11/jdk.internal.misc.Unsafe.park(Native Method)
        at java.base@17.0.11/java.util.concurrent.locks.LockSupport.parkNanos(LockSupport.java:252)
        at java.base@17.0.11/java.util.concurrent.locks.AbstractQueuedSynchronizer$ConditionObject.awaitNanos(AbstractQueuedSynchronizer.java:1674)
        at java.base@17.0.11/java.util.concurrent.LinkedBlockingQueue.poll(LinkedBlockingQueue.java:460)
        at app//org.apache.hadoop.ipc.CallQueueManager.take(CallQueueManager.java:317)
        at app//org.apache.hadoop.ipc.Server$Handler.run(Server.java:3014)
"IPC Server handler 34 on default port 15001" daemon prio=5 tid=197 timed_waiting
java.lang.Thread.State: TIMED_WAITING
        at java.base@17.0.11/jdk.internal.misc.Unsafe.park(Native Method)
        at java.base@17.0.11/java.util.concurrent.locks.LockSupport.parkNanos(LockSupport.java:252)
        at java.base@17.0.11/java.util.concurrent.locks.AbstractQueuedSynchronizer$ConditionObject.awaitNanos(AbstractQueuedSynchronizer.java:1674)
        at java.base@17.0.11/java.util.concurrent.LinkedBlockingQueue.poll(LinkedBlockingQueue.java:460)
        at app//org.apache.hadoop.ipc.CallQueueManager.take(CallQueueManager.java:317)
        at app//org.apache.hadoop.ipc.Server$Handler.run(Server.java:3014)
"fdf93896-5abf-403c-99a8-bb8ea43c9a14@group-39932C3C694B->b47eb027-4b7a-4ddc-bf7f-0870758e0604-GrpcLogAppender-LogAppenderDaemon" daemon prio=5 tid=821 timed_waiting
java.lang.Thread.State: TIMED_WAITING
        at java.base@17.0.11/jdk.internal.misc.Unsafe.park(Native Method)
        at java.base@17.0.11/java.util.concurrent.locks.LockSupport.parkNanos(LockSupport.java:252)
        at java.base@17.0.11/java.util.concurrent.locks.AbstractQueuedSynchronizer$ConditionObject.await(AbstractQueuedSynchronizer.java:1759)
        at app//org.apache.ratis.util.AwaitForSignal.await(AwaitForSignal.java:65)
        at app//org.apache.ratis.grpc.server.GrpcLogAppender.mayWait(GrpcLogAppender.java:286)
        at app//org.apache.ratis.grpc.server.GrpcLogAppender.run(GrpcLogAppender.java:254)
        at app//org.apache.ratis.server.leader.LogAppenderDaemon.run(LogAppenderDaemon.java:80)
        at app//org.apache.ratis.server.leader.LogAppenderDaemon$$Lambda$1607/0x00007f5384a60b50.run(Unknown Source)
        at java.base@17.0.11/java.lang.Thread.run(Thread.java:840)
"qtp701332382-410" daemon prio=5 tid=410 runnable
java.lang.Thread.State: RUNNABLE
        at java.base@17.0.11/sun.nio.ch.EPoll.wait(Native Method)
        at java.base@17.0.11/sun.nio.ch.EPollSelectorImpl.doSelect(EPollSelectorImpl.java:118)
        at java.base@17.0.11/sun.nio.ch.SelectorImpl.lockAndDoSelect(SelectorImpl.java:129)
        at java.base@17.0.11/sun.nio.ch.SelectorImpl.select(SelectorImpl.java:146)
        at app//org.eclipse.jetty.io.ManagedSelector.nioSelect(ManagedSelector.java:183)
        at app//org.eclipse.jetty.io.ManagedSelector.select(ManagedSelector.java:190)
        at app//org.eclipse.jetty.io.ManagedSelector$SelectorProducer.select(ManagedSelector.java:606)
        at app//org.eclipse.jetty.io.ManagedSelector$SelectorProducer.produce(ManagedSelector.java:543)
        at app//org.eclipse.jetty.util.thread.strategy.EatWhatYouKill.produceTask(EatWhatYouKill.java:362)
        at app//org.eclipse.jetty.util.thread.strategy.EatWhatYouKill.doProduce(EatWhatYouKill.java:186)
        at app//org.eclipse.jetty.util.thread.strategy.EatWhatYouKill.tryProduce(EatWhatYouKill.java:173)
        at app//org.eclipse.jetty.util.thread.strategy.EatWhatYouKill.produce(EatWhatYouKill.java:137)
        at app//org.eclipse.jetty.io.ManagedSelector$$Lambda$835/0x00007f53846a1738.run(Unknown Source)
        at app//org.eclipse.jetty.util.thread.QueuedThreadPool.runJob(QueuedThreadPool.java:883)
        at app//org.eclipse.jetty.util.thread.QueuedThreadPool$Runner.run(QueuedThreadPool.java:1034)
        at java.base@17.0.11/java.lang.Thread.run(Thread.java:840)
"c511b233-3aa4-4954-9335-f5d54c64e497@group-B33C5E379CF8-SegmentedRaftLogWorker"  prio=5 tid=687 timed_waiting
java.lang.Thread.State: TIMED_WAITING
        at java.base@17.0.11/jdk.internal.misc.Unsafe.park(Native Method)
        at java.base@17.0.11/java.util.concurrent.locks.LockSupport.parkNanos(LockSupport.java:252)
        at java.base@17.0.11/java.util.concurrent.locks.AbstractQueuedSynchronizer$ConditionObject.awaitNanos(AbstractQueuedSynchronizer.java:1674)
        at app//org.apache.ratis.util.DataBlockingQueue.poll(DataBlockingQueue.java:148)
        at app//org.apache.ratis.server.raftlog.segmented.SegmentedRaftLogWorker.run(SegmentedRaftLogWorker.java:299)
        at app//org.apache.ratis.server.raftlog.segmented.SegmentedRaftLogWorker$$Lambda$1174/0x00007f53848736a8.run(Unknown Source)
        at java.base@17.0.11/java.util.concurrent.Executors$RunnableAdapter.call(Executors.java:539)
        at java.base@17.0.11/java.util.concurrent.FutureTask.run(FutureTask.java:264)
        at java.base@17.0.11/java.util.concurrent.ThreadPoolExecutor.runWorker(ThreadPoolExecutor.java:1136)
        at java.base@17.0.11/java.util.concurrent.ThreadPoolExecutor$Worker.run(ThreadPoolExecutor.java:635)
        at java.base@17.0.11/java.lang.Thread.run(Thread.java:840)
"b47eb027-4b7a-4ddc-bf7f-0870758e0604-ChunkWriter-0-0" daemon prio=5 tid=624 in Object.wait()
java.lang.Thread.State: WAITING (on object monitor)
        at java.base@17.0.11/jdk.internal.misc.Unsafe.park(Native Method)
        at java.base@17.0.11/java.util.concurrent.locks.LockSupport.park(LockSupport.java:341)
        at java.base@17.0.11/java.util.concurrent.locks.AbstractQueuedSynchronizer$ConditionNode.block(AbstractQueuedSynchronizer.java:506)
        at java.base@17.0.11/java.util.concurrent.ForkJoinPool.unmanagedBlock(ForkJoinPool.java:3465)
        at java.base@17.0.11/java.util.concurrent.ForkJoinPool.managedBlock(ForkJoinPool.java:3436)
        at java.base@17.0.11/java.util.concurrent.locks.AbstractQueuedSynchronizer$ConditionObject.await(AbstractQueuedSynchronizer.java:1625)
        at java.base@17.0.11/java.util.concurrent.LinkedBlockingDeque.takeFirst(LinkedBlockingDeque.java:485)
        at java.base@17.0.11/java.util.concurrent.LinkedBlockingDeque.take(LinkedBlockingDeque.java:673)
        at java.base@17.0.11/java.util.concurrent.ThreadPoolExecutor.getTask(ThreadPoolExecutor.java:1062)
        at java.base@17.0.11/java.util.concurrent.ThreadPoolExecutor.runWorker(ThreadPoolExecutor.java:1122)
        at java.base@17.0.11/java.util.concurrent.ThreadPoolExecutor$Worker.run(ThreadPoolExecutor.java:635)
        at java.base@17.0.11/java.lang.Thread.run(Thread.java:840)
"b47eb027-4b7a-4ddc-bf7f-0870758e0604-server-thread3" daemon prio=5 tid=833 timed_waiting
java.lang.Thread.State: TIMED_WAITING
        at java.base@17.0.11/jdk.internal.misc.Unsafe.park(Native Method)
        at java.base@17.0.11/java.util.concurrent.locks.LockSupport.parkNanos(LockSupport.java:252)
        at java.base@17.0.11/java.util.concurrent.SynchronousQueue$TransferStack.transfer(SynchronousQueue.java:401)
        at java.base@17.0.11/java.util.concurrent.SynchronousQueue.poll(SynchronousQueue.java:903)
        at java.base@17.0.11/java.util.concurrent.ThreadPoolExecutor.getTask(ThreadPoolExecutor.java:1061)
        at java.base@17.0.11/java.util.concurrent.ThreadPoolExecutor.runWorker(ThreadPoolExecutor.java:1122)
        at java.base@17.0.11/java.util.concurrent.ThreadPoolExecutor$Worker.run(ThreadPoolExecutor.java:635)
        at java.base@17.0.11/java.lang.Thread.run(Thread.java:840)
"UnderReplicatedProcessor" daemon prio=5 tid=937 timed_waiting
java.lang.Thread.State: TIMED_WAITING
        at java.base@17.0.11/java.lang.Object.wait(Native Method)
        at app//org.apache.hadoop.hdds.scm.container.replication.UnhealthyReplicationProcessor.run(UnhealthyReplicationProcessor.java:174)
        at java.base@17.0.11/java.lang.Thread.run(Thread.java:840)
"IPC Server handler 43 on default port 15002" daemon prio=5 tid=306 timed_waiting
java.lang.Thread.State: TIMED_WAITING
        at java.base@17.0.11/jdk.internal.misc.Unsafe.park(Native Method)
        at java.base@17.0.11/java.util.concurrent.locks.LockSupport.parkNanos(LockSupport.java:252)
        at java.base@17.0.11/java.util.concurrent.locks.AbstractQueuedSynchronizer$ConditionObject.awaitNanos(AbstractQueuedSynchronizer.java:1674)
        at java.base@17.0.11/java.util.concurrent.LinkedBlockingQueue.poll(LinkedBlockingQueue.java:460)
        at app//org.apache.hadoop.ipc.CallQueueManager.take(CallQueueManager.java:317)
        at app//org.apache.hadoop.ipc.Server$Handler.run(Server.java:3014)
"IPC Server handler 0 on default port 15004" daemon prio=5 tid=419 timed_waiting
java.lang.Thread.State: TIMED_WAITING
        at java.base@17.0.11/jdk.internal.misc.Unsafe.park(Native Method)
        at java.base@17.0.11/java.util.concurrent.locks.LockSupport.parkNanos(LockSupport.java:252)
        at java.base@17.0.11/java.util.concurrent.locks.AbstractQueuedSynchronizer$ConditionObject.awaitNanos(AbstractQueuedSynchronizer.java:1674)
        at java.base@17.0.11/java.util.concurrent.LinkedBlockingQueue.poll(LinkedBlockingQueue.java:460)
        at app//org.apache.hadoop.ipc.CallQueueManager.take(CallQueueManager.java:317)
        at app//org.apache.hadoop.ipc.Server$Handler.run(Server.java:3014)
"surefire-forkedjvm-command-thread" daemon prio=5 tid=14 runnable
java.lang.Thread.State: RUNNABLE
        at java.base@17.0.11/java.io.FileInputStream.readBytes(Native Method)
        at java.base@17.0.11/java.io.FileInputStream.read(FileInputStream.java:276)
        at java.base@17.0.11/java.io.BufferedInputStream.fill(BufferedInputStream.java:244)
        at java.base@17.0.11/java.io.BufferedInputStream.read(BufferedInputStream.java:263)
        at java.base@17.0.11/java.io.DataInputStream.readInt(DataInputStream.java:381)
        at app//org.apache.maven.surefire.booter.MasterProcessCommand.decode(MasterProcessCommand.java:113)
        at app//org.apache.maven.surefire.booter.CommandReader$CommandRunnable.run(CommandReader.java:383)
        at java.base@17.0.11/java.lang.Thread.run(Thread.java:840)
"6d6fe673-47e6-46c0-a6fc-601f54cde379-ChunkReader-9" daemon prio=5 tid=912 in Object.wait()
java.lang.Thread.State: WAITING (on object monitor)
        at java.base@17.0.11/jdk.internal.misc.Unsafe.park(Native Method)
        at java.base@17.0.11/java.util.concurrent.locks.LockSupport.park(LockSupport.java:341)
        at java.base@17.0.11/java.util.concurrent.locks.AbstractQueuedSynchronizer$ConditionNode.block(AbstractQueuedSynchronizer.java:506)
        at java.base@17.0.11/java.util.concurrent.ForkJoinPool.unmanagedBlock(ForkJoinPool.java:3465)
        at java.base@17.0.11/java.util.concurrent.ForkJoinPool.managedBlock(ForkJoinPool.java:3436)
        at java.base@17.0.11/java.util.concurrent.locks.AbstractQueuedSynchronizer$ConditionObject.await(AbstractQueuedSynchronizer.java:1625)
        at java.base@17.0.11/java.util.concurrent.LinkedBlockingQueue.take(LinkedBlockingQueue.java:435)
        at java.base@17.0.11/java.util.concurrent.ThreadPoolExecutor.getTask(ThreadPoolExecutor.java:1062)
        at java.base@17.0.11/java.util.concurrent.ThreadPoolExecutor.runWorker(ThreadPoolExecutor.java:1122)
        at java.base@17.0.11/java.util.concurrent.ThreadPoolExecutor$Worker.run(ThreadPoolExecutor.java:635)
        at java.base@17.0.11/java.lang.Thread.run(Thread.java:840)
"ExpiredContainerReplicaOpScrubber" daemon prio=5 tid=31 timed_waiting
java.lang.Thread.State: TIMED_WAITING
        at java.base@17.0.11/java.lang.Object.wait(Native Method)
        at app//org.apache.hadoop.hdds.scm.ha.BackgroundSCMService.run(BackgroundSCMService.java:107)
        at app//org.apache.hadoop.hdds.scm.ha.BackgroundSCMService$$Lambda$712/0x00007f53844c7898.run(Unknown Source)
        at java.base@17.0.11/java.lang.Thread.run(Thread.java:840)
"BackgroundPipelineScrubber" daemon prio=5 tid=30 timed_waiting
java.lang.Thread.State: TIMED_WAITING
        at java.base@17.0.11/java.lang.Object.wait(Native Method)
        at app//org.apache.hadoop.hdds.scm.ha.BackgroundSCMService.run(BackgroundSCMService.java:107)
        at app//org.apache.hadoop.hdds.scm.ha.BackgroundSCMService$$Lambda$712/0x00007f53844c7898.run(Unknown Source)
        at java.base@17.0.11/java.lang.Thread.run(Thread.java:840)
"IPC Server handler 81 on default port 15000" daemon prio=5 tid=144 timed_waiting
java.lang.Thread.State: TIMED_WAITING
        at java.base@17.0.11/jdk.internal.misc.Unsafe.park(Native Method)
        at java.base@17.0.11/java.util.concurrent.locks.LockSupport.parkNanos(LockSupport.java:252)
        at java.base@17.0.11/java.util.concurrent.locks.AbstractQueuedSynchronizer$ConditionObject.awaitNanos(AbstractQueuedSynchronizer.java:1674)
        at java.base@17.0.11/java.util.concurrent.LinkedBlockingQueue.poll(LinkedBlockingQueue.java:460)
        at app//org.apache.hadoop.ipc.CallQueueManager.take(CallQueueManager.java:317)
        at app//org.apache.hadoop.ipc.Server$Handler.run(Server.java:3014)
"IPC Server handler 73 on default port 15001" daemon prio=5 tid=236 timed_waiting
java.lang.Thread.State: TIMED_WAITING
        at java.base@17.0.11/jdk.internal.misc.Unsafe.park(Native Method)
        at java.base@17.0.11/java.util.concurrent.locks.LockSupport.parkNanos(LockSupport.java:252)
        at java.base@17.0.11/java.util.concurrent.locks.AbstractQueuedSynchronizer$ConditionObject.awaitNanos(AbstractQueuedSynchronizer.java:1674)
        at java.base@17.0.11/java.util.concurrent.LinkedBlockingQueue.poll(LinkedBlockingQueue.java:460)
        at app//org.apache.hadoop.ipc.CallQueueManager.take(CallQueueManager.java:317)
        at app//org.apache.hadoop.ipc.Server$Handler.run(Server.java:3014)
"pool-30-thread-1"  prio=5 tid=366 timed_waiting
java.lang.Thread.State: TIMED_WAITING
        at java.base@17.0.11/jdk.internal.misc.Unsafe.park(Native Method)
        at java.base@17.0.11/java.util.concurrent.locks.LockSupport.parkNanos(LockSupport.java:252)
        at java.base@17.0.11/java.util.concurrent.locks.AbstractQueuedSynchronizer$ConditionObject.awaitNanos(AbstractQueuedSynchronizer.java:1674)
        at java.base@17.0.11/java.util.concurrent.ScheduledThreadPoolExecutor$DelayedWorkQueue.take(ScheduledThreadPoolExecutor.java:1182)
        at java.base@17.0.11/java.util.concurrent.ScheduledThreadPoolExecutor$DelayedWorkQueue.take(ScheduledThreadPoolExecutor.java:899)
        at java.base@17.0.11/java.util.concurrent.ThreadPoolExecutor.getTask(ThreadPoolExecutor.java:1062)
        at java.base@17.0.11/java.util.concurrent.ThreadPoolExecutor.runWorker(ThreadPoolExecutor.java:1122)
        at java.base@17.0.11/java.util.concurrent.ThreadPoolExecutor$Worker.run(ThreadPoolExecutor.java:635)
        at java.base@17.0.11/java.lang.Thread.run(Thread.java:840)
"6d6fe673-47e6-46c0-a6fc-601f54cde379-ChunkReader-8" daemon prio=5 tid=911 in Object.wait()
java.lang.Thread.State: WAITING (on object monitor)
        at java.base@17.0.11/jdk.internal.misc.Unsafe.park(Native Method)
        at java.base@17.0.11/java.util.concurrent.locks.LockSupport.park(LockSupport.java:341)
        at java.base@17.0.11/java.util.concurrent.locks.AbstractQueuedSynchronizer$ConditionNode.block(AbstractQueuedSynchronizer.java:506)
        at java.base@17.0.11/java.util.concurrent.ForkJoinPool.unmanagedBlock(ForkJoinPool.java:3465)
        at java.base@17.0.11/java.util.concurrent.ForkJoinPool.managedBlock(ForkJoinPool.java:3436)
        at java.base@17.0.11/java.util.concurrent.locks.AbstractQueuedSynchronizer$ConditionObject.await(AbstractQueuedSynchronizer.java:1625)
        at java.base@17.0.11/java.util.concurrent.LinkedBlockingQueue.take(LinkedBlockingQueue.java:435)
        at java.base@17.0.11/java.util.concurrent.ThreadPoolExecutor.getTask(ThreadPoolExecutor.java:1062)
        at java.base@17.0.11/java.util.concurrent.ThreadPoolExecutor.runWorker(ThreadPoolExecutor.java:1122)
        at java.base@17.0.11/java.util.concurrent.ThreadPoolExecutor$Worker.run(ThreadPoolExecutor.java:635)
        at java.base@17.0.11/java.lang.Thread.run(Thread.java:840)
"IPC Server handler 21 on default port 15000" daemon prio=5 tid=84 timed_waiting
java.lang.Thread.State: TIMED_WAITING
        at java.base@17.0.11/jdk.internal.misc.Unsafe.park(Native Method)
        at java.base@17.0.11/java.util.concurrent.locks.LockSupport.parkNanos(LockSupport.java:252)
        at java.base@17.0.11/java.util.concurrent.locks.AbstractQueuedSynchronizer$ConditionObject.awaitNanos(AbstractQueuedSynchronizer.java:1674)
        at java.base@17.0.11/java.util.concurrent.LinkedBlockingQueue.poll(LinkedBlockingQueue.java:460)
        at app//org.apache.hadoop.ipc.CallQueueManager.take(CallQueueManager.java:317)
        at app//org.apache.hadoop.ipc.Server$Handler.run(Server.java:3014)
"org.apache.hadoop.ozone.container.common.statemachine.commandhandler.DeleteBlocksCommandHandler$DeleteCmdWorker@37aae870" daemon prio=5 tid=470 timed_waiting
java.lang.Thread.State: TIMED_WAITING
        at java.base@17.0.11/java.lang.Thread.sleep(Native Method)
        at app//org.apache.hadoop.ozone.container.common.statemachine.commandhandler.DeleteBlocksCommandHandler$DeleteCmdWorker.run(DeleteBlocksCommandHandler.java:259)
        at java.base@17.0.11/java.lang.Thread.run(Thread.java:840)
"99deb4a4-176b-49c7-aa7a-c34027b979ad-CloseContainerThread-1"  prio=5 tid=897 in Object.wait()
java.lang.Thread.State: WAITING (on object monitor)
        at java.base@17.0.11/jdk.internal.misc.Unsafe.park(Native Method)
        at java.base@17.0.11/java.util.concurrent.locks.LockSupport.park(LockSupport.java:341)
        at java.base@17.0.11/java.util.concurrent.locks.AbstractQueuedSynchronizer$ConditionNode.block(AbstractQueuedSynchronizer.java:506)
        at java.base@17.0.11/java.util.concurrent.ForkJoinPool.unmanagedBlock(ForkJoinPool.java:3465)
        at java.base@17.0.11/java.util.concurrent.ForkJoinPool.managedBlock(ForkJoinPool.java:3436)
        at java.base@17.0.11/java.util.concurrent.locks.AbstractQueuedSynchronizer$ConditionObject.await(AbstractQueuedSynchronizer.java:1625)
        at java.base@17.0.11/java.util.concurrent.LinkedBlockingQueue.take(LinkedBlockingQueue.java:435)
        at java.base@17.0.11/java.util.concurrent.ThreadPoolExecutor.getTask(ThreadPoolExecutor.java:1062)
        at java.base@17.0.11/java.util.concurrent.ThreadPoolExecutor.runWorker(ThreadPoolExecutor.java:1122)
        at java.base@17.0.11/java.util.concurrent.ThreadPoolExecutor$Worker.run(ThreadPoolExecutor.java:635)
        at java.base@17.0.11/java.lang.Thread.run(Thread.java:840)
"IPC Server handler 33 on default port 15001" daemon prio=5 tid=196 timed_waiting
java.lang.Thread.State: TIMED_WAITING
        at java.base@17.0.11/jdk.internal.misc.Unsafe.park(Native Method)
        at java.base@17.0.11/java.util.concurrent.locks.LockSupport.parkNanos(LockSupport.java:252)
        at java.base@17.0.11/java.util.concurrent.locks.AbstractQueuedSynchronizer$ConditionObject.awaitNanos(AbstractQueuedSynchronizer.java:1674)
        at java.base@17.0.11/java.util.concurrent.LinkedBlockingQueue.poll(LinkedBlockingQueue.java:460)
        at app//org.apache.hadoop.ipc.CallQueueManager.take(CallQueueManager.java:317)
        at app//org.apache.hadoop.ipc.Server$Handler.run(Server.java:3014)
"IPC Server handler 51 on default port 15002" daemon prio=5 tid=314 timed_waiting
java.lang.Thread.State: TIMED_WAITING
        at java.base@17.0.11/jdk.internal.misc.Unsafe.park(Native Method)
        at java.base@17.0.11/java.util.concurrent.locks.LockSupport.parkNanos(LockSupport.java:252)
        at java.base@17.0.11/java.util.concurrent.locks.AbstractQueuedSynchronizer$ConditionObject.awaitNanos(AbstractQueuedSynchronizer.java:1674)
        at java.base@17.0.11/java.util.concurrent.LinkedBlockingQueue.poll(LinkedBlockingQueue.java:460)
        at app//org.apache.hadoop.ipc.CallQueueManager.take(CallQueueManager.java:317)
        at app//org.apache.hadoop.ipc.Server$Handler.run(Server.java:3014)
"IPC Server handler 6 on default port 15002" daemon prio=5 tid=269 timed_waiting
java.lang.Thread.State: TIMED_WAITING
        at java.base@17.0.11/jdk.internal.misc.Unsafe.park(Native Method)
        at java.base@17.0.11/java.util.concurrent.locks.LockSupport.parkNanos(LockSupport.java:252)
        at java.base@17.0.11/java.util.concurrent.locks.AbstractQueuedSynchronizer$ConditionObject.awaitNanos(AbstractQueuedSynchronizer.java:1674)
        at java.base@17.0.11/java.util.concurrent.LinkedBlockingQueue.poll(LinkedBlockingQueue.java:460)
        at app//org.apache.hadoop.ipc.CallQueueManager.take(CallQueueManager.java:317)
        at app//org.apache.hadoop.ipc.Server$Handler.run(Server.java:3014)
"EventQueue-NodeRegistrationContainerReportForContainerSafeModeRule" daemon prio=5 tid=673 in Object.wait()
java.lang.Thread.State: WAITING (on object monitor)
        at java.base@17.0.11/jdk.internal.misc.Unsafe.park(Native Method)
        at java.base@17.0.11/java.util.concurrent.locks.LockSupport.park(LockSupport.java:341)
        at java.base@17.0.11/java.util.concurrent.locks.AbstractQueuedSynchronizer$ConditionNode.block(AbstractQueuedSynchronizer.java:506)
        at java.base@17.0.11/java.util.concurrent.ForkJoinPool.unmanagedBlock(ForkJoinPool.java:3465)
        at java.base@17.0.11/java.util.concurrent.ForkJoinPool.managedBlock(ForkJoinPool.java:3436)
        at java.base@17.0.11/java.util.concurrent.locks.AbstractQueuedSynchronizer$ConditionObject.await(AbstractQueuedSynchronizer.java:1625)
        at java.base@17.0.11/java.util.concurrent.LinkedBlockingQueue.take(LinkedBlockingQueue.java:435)
        at java.base@17.0.11/java.util.concurrent.ThreadPoolExecutor.getTask(ThreadPoolExecutor.java:1062)
        at java.base@17.0.11/java.util.concurrent.ThreadPoolExecutor.runWorker(ThreadPoolExecutor.java:1122)
        at java.base@17.0.11/java.util.concurrent.ThreadPoolExecutor$Worker.run(ThreadPoolExecutor.java:635)
        at java.base@17.0.11/java.lang.Thread.run(Thread.java:840)
"pool-63-thread-1" daemon prio=5 tid=584 timed_waiting
java.lang.Thread.State: TIMED_WAITING
        at java.base@17.0.11/jdk.internal.misc.Unsafe.park(Native Method)
        at java.base@17.0.11/java.util.concurrent.locks.LockSupport.parkNanos(LockSupport.java:252)
        at java.base@17.0.11/java.util.concurrent.locks.AbstractQueuedSynchronizer$ConditionObject.awaitNanos(AbstractQueuedSynchronizer.java:1674)
        at java.base@17.0.11/java.util.concurrent.ScheduledThreadPoolExecutor$DelayedWorkQueue.take(ScheduledThreadPoolExecutor.java:1182)
        at java.base@17.0.11/java.util.concurrent.ScheduledThreadPoolExecutor$DelayedWorkQueue.take(ScheduledThreadPoolExecutor.java:899)
        at java.base@17.0.11/java.util.concurrent.ThreadPoolExecutor.getTask(ThreadPoolExecutor.java:1062)
        at java.base@17.0.11/java.util.concurrent.ThreadPoolExecutor.runWorker(ThreadPoolExecutor.java:1122)
        at java.base@17.0.11/java.util.concurrent.ThreadPoolExecutor$Worker.run(ThreadPoolExecutor.java:635)
        at java.base@17.0.11/java.lang.Thread.run(Thread.java:840)
"b47eb027-4b7a-4ddc-bf7f-0870758e0604-CloseContainerThread-1"  prio=5 tid=899 in Object.wait()
java.lang.Thread.State: WAITING (on object monitor)
        at java.base@17.0.11/jdk.internal.misc.Unsafe.park(Native Method)
        at java.base@17.0.11/java.util.concurrent.locks.LockSupport.park(LockSupport.java:341)
        at java.base@17.0.11/java.util.concurrent.locks.AbstractQueuedSynchronizer$ConditionNode.block(AbstractQueuedSynchronizer.java:506)
        at java.base@17.0.11/java.util.concurrent.ForkJoinPool.unmanagedBlock(ForkJoinPool.java:3465)
        at java.base@17.0.11/java.util.concurrent.ForkJoinPool.managedBlock(ForkJoinPool.java:3436)
        at java.base@17.0.11/java.util.concurrent.locks.AbstractQueuedSynchronizer$ConditionObject.await(AbstractQueuedSynchronizer.java:1625)
        at java.base@17.0.11/java.util.concurrent.LinkedBlockingQueue.take(LinkedBlockingQueue.java:435)
        at java.base@17.0.11/java.util.concurrent.ThreadPoolExecutor.getTask(ThreadPoolExecutor.java:1062)
        at java.base@17.0.11/java.util.concurrent.ThreadPoolExecutor.runWorker(ThreadPoolExecutor.java:1122)
        at java.base@17.0.11/java.util.concurrent.ThreadPoolExecutor$Worker.run(ThreadPoolExecutor.java:635)
        at java.base@17.0.11/java.lang.Thread.run(Thread.java:840)
"StaleRecoveringContainerScrubbingService#1" daemon prio=5 tid=632 in Object.wait()
java.lang.Thread.State: WAITING (on object monitor)
        at java.base@17.0.11/jdk.internal.misc.Unsafe.park(Native Method)
        at java.base@17.0.11/java.util.concurrent.locks.LockSupport.park(LockSupport.java:341)
        at java.base@17.0.11/java.util.concurrent.locks.AbstractQueuedSynchronizer$ConditionNode.block(AbstractQueuedSynchronizer.java:506)
        at java.base@17.0.11/java.util.concurrent.ForkJoinPool.unmanagedBlock(ForkJoinPool.java:3465)
        at java.base@17.0.11/java.util.concurrent.ForkJoinPool.managedBlock(ForkJoinPool.java:3436)
        at java.base@17.0.11/java.util.concurrent.locks.AbstractQueuedSynchronizer$ConditionObject.await(AbstractQueuedSynchronizer.java:1625)
        at java.base@17.0.11/java.util.concurrent.ScheduledThreadPoolExecutor$DelayedWorkQueue.take(ScheduledThreadPoolExecutor.java:1177)
        at java.base@17.0.11/java.util.concurrent.ScheduledThreadPoolExecutor$DelayedWorkQueue.take(ScheduledThreadPoolExecutor.java:899)
        at java.base@17.0.11/java.util.concurrent.ThreadPoolExecutor.getTask(ThreadPoolExecutor.java:1062)
        at java.base@17.0.11/java.util.concurrent.ThreadPoolExecutor.runWorker(ThreadPoolExecutor.java:1122)
        at java.base@17.0.11/java.util.concurrent.ThreadPoolExecutor$Worker.run(ThreadPoolExecutor.java:635)
        at java.base@17.0.11/java.lang.Thread.run(Thread.java:840)
"IPC Server handler 23 on default port 15000" daemon prio=5 tid=86 timed_waiting
java.lang.Thread.State: TIMED_WAITING
        at java.base@17.0.11/jdk.internal.misc.Unsafe.park(Native Method)
        at java.base@17.0.11/java.util.concurrent.locks.LockSupport.parkNanos(LockSupport.java:252)
        at java.base@17.0.11/java.util.concurrent.locks.AbstractQueuedSynchronizer$ConditionObject.awaitNanos(AbstractQueuedSynchronizer.java:1674)
        at java.base@17.0.11/java.util.concurrent.LinkedBlockingQueue.poll(LinkedBlockingQueue.java:460)
        at app//org.apache.hadoop.ipc.CallQueueManager.take(CallQueueManager.java:317)
        at app//org.apache.hadoop.ipc.Server$Handler.run(Server.java:3014)
"IPC Server handler 28 on default port 15002" daemon prio=5 tid=291 timed_waiting
java.lang.Thread.State: TIMED_WAITING
        at java.base@17.0.11/jdk.internal.misc.Unsafe.park(Native Method)
        at java.base@17.0.11/java.util.concurrent.locks.LockSupport.parkNanos(LockSupport.java:252)
        at java.base@17.0.11/java.util.concurrent.locks.AbstractQueuedSynchronizer$ConditionObject.awaitNanos(AbstractQueuedSynchronizer.java:1674)
        at java.base@17.0.11/java.util.concurrent.LinkedBlockingQueue.poll(LinkedBlockingQueue.java:460)
        at app//org.apache.hadoop.ipc.CallQueueManager.take(CallQueueManager.java:317)
        at app//org.apache.hadoop.ipc.Server$Handler.run(Server.java:3014)
"IPC Server handler 68 on default port 15002" daemon prio=5 tid=331 timed_waiting
java.lang.Thread.State: TIMED_WAITING
        at java.base@17.0.11/jdk.internal.misc.Unsafe.park(Native Method)
        at java.base@17.0.11/java.util.concurrent.locks.LockSupport.parkNanos(LockSupport.java:252)
        at java.base@17.0.11/java.util.concurrent.locks.AbstractQueuedSynchronizer$ConditionObject.awaitNanos(AbstractQueuedSynchronizer.java:1674)
        at java.base@17.0.11/java.util.concurrent.LinkedBlockingQueue.poll(LinkedBlockingQueue.java:460)
        at app//org.apache.hadoop.ipc.CallQueueManager.take(CallQueueManager.java:317)
        at app//org.apache.hadoop.ipc.Server$Handler.run(Server.java:3014)
"b47eb027-4b7a-4ddc-bf7f-0870758e0604@group-39932C3C694B-SegmentedRaftLogWorker"  prio=5 tid=756 timed_waiting
java.lang.Thread.State: TIMED_WAITING
        at java.base@17.0.11/jdk.internal.misc.Unsafe.park(Native Method)
        at java.base@17.0.11/java.util.concurrent.locks.LockSupport.parkNanos(LockSupport.java:252)
        at java.base@17.0.11/java.util.concurrent.locks.AbstractQueuedSynchronizer$ConditionObject.awaitNanos(AbstractQueuedSynchronizer.java:1674)
        at app//org.apache.ratis.util.DataBlockingQueue.poll(DataBlockingQueue.java:148)
        at app//org.apache.ratis.server.raftlog.segmented.SegmentedRaftLogWorker.run(SegmentedRaftLogWorker.java:299)
        at app//org.apache.ratis.server.raftlog.segmented.SegmentedRaftLogWorker$$Lambda$1174/0x00007f53848736a8.run(Unknown Source)
        at java.base@17.0.11/java.util.concurrent.Executors$RunnableAdapter.call(Executors.java:539)
        at java.base@17.0.11/java.util.concurrent.FutureTask.run(FutureTask.java:264)
        at java.base@17.0.11/java.util.concurrent.ThreadPoolExecutor.runWorker(ThreadPoolExecutor.java:1136)
        at java.base@17.0.11/java.util.concurrent.ThreadPoolExecutor$Worker.run(ThreadPoolExecutor.java:635)
        at java.base@17.0.11/java.lang.Thread.run(Thread.java:840)
"ContainerMetadataScanner" daemon prio=5 tid=641 timed_waiting
java.lang.Thread.State: TIMED_WAITING
        at java.base@17.0.11/java.lang.Thread.sleep(Native Method)
        at app//org.apache.hadoop.ozone.container.ozoneimpl.AbstractBackgroundContainerScanner.handleRemainingSleep(AbstractBackgroundContainerScanner.java:131)
        at app//org.apache.hadoop.ozone.container.ozoneimpl.AbstractBackgroundContainerScanner.runIteration(AbstractBackgroundContainerScanner.java:98)
        at app//org.apache.hadoop.ozone.container.ozoneimpl.AbstractBackgroundContainerScanner.run(AbstractBackgroundContainerScanner.java:57)
"b47eb027-4b7a-4ddc-bf7f-0870758e0604-ChunkReader-1" daemon prio=5 tid=849 in Object.wait()
java.lang.Thread.State: WAITING (on object monitor)
        at java.base@17.0.11/jdk.internal.misc.Unsafe.park(Native Method)
        at java.base@17.0.11/java.util.concurrent.locks.LockSupport.park(LockSupport.java:341)
        at java.base@17.0.11/java.util.concurrent.locks.AbstractQueuedSynchronizer$ConditionNode.block(AbstractQueuedSynchronizer.java:506)
        at java.base@17.0.11/java.util.concurrent.ForkJoinPool.unmanagedBlock(ForkJoinPool.java:3465)
        at java.base@17.0.11/java.util.concurrent.ForkJoinPool.managedBlock(ForkJoinPool.java:3436)
        at java.base@17.0.11/java.util.concurrent.locks.AbstractQueuedSynchronizer$ConditionObject.await(AbstractQueuedSynchronizer.java:1625)
        at java.base@17.0.11/java.util.concurrent.LinkedBlockingQueue.take(LinkedBlockingQueue.java:435)
        at java.base@17.0.11/java.util.concurrent.ThreadPoolExecutor.getTask(ThreadPoolExecutor.java:1062)
        at java.base@17.0.11/java.util.concurrent.ThreadPoolExecutor.runWorker(ThreadPoolExecutor.java:1122)
        at java.base@17.0.11/java.util.concurrent.ThreadPoolExecutor$Worker.run(ThreadPoolExecutor.java:635)
        at java.base@17.0.11/java.lang.Thread.run(Thread.java:840)
"IPC Server handler 52 on default port 15002" daemon prio=5 tid=315 timed_waiting
java.lang.Thread.State: TIMED_WAITING
        at java.base@17.0.11/jdk.internal.misc.Unsafe.park(Native Method)
        at java.base@17.0.11/java.util.concurrent.locks.LockSupport.parkNanos(LockSupport.java:252)
        at java.base@17.0.11/java.util.concurrent.locks.AbstractQueuedSynchronizer$ConditionObject.awaitNanos(AbstractQueuedSynchronizer.java:1674)
        at java.base@17.0.11/java.util.concurrent.LinkedBlockingQueue.poll(LinkedBlockingQueue.java:460)
        at app//org.apache.hadoop.ipc.CallQueueManager.take(CallQueueManager.java:317)
        at app//org.apache.hadoop.ipc.Server$Handler.run(Server.java:3014)
"6d6fe673-47e6-46c0-a6fc-601f54cde379-DatanodeStateMachineDaemonThread" daemon prio=5 tid=541 timed_waiting
java.lang.Thread.State: TIMED_WAITING
        at java.base@17.0.11/java.lang.Thread.sleep(Native Method)
        at app//org.apache.hadoop.ozone.container.common.statemachine.DatanodeStateMachine.startStateMachineThread(DatanodeStateMachine.java:359)
        at app//org.apache.hadoop.ozone.container.common.statemachine.DatanodeStateMachine.lambda$startDaemon$1(DatanodeStateMachine.java:546)
        at app//org.apache.hadoop.ozone.container.common.statemachine.DatanodeStateMachine$$Lambda$1294/0x00007f53848f4350.run(Unknown Source)
        at java.base@17.0.11/java.lang.Thread.run(Thread.java:840)
"pool-133-thread-1" daemon prio=5 tid=639 timed_waiting
java.lang.Thread.State: TIMED_WAITING
        at java.base@17.0.11/jdk.internal.misc.Unsafe.park(Native Method)
        at java.base@17.0.11/java.util.concurrent.locks.LockSupport.parkNanos(LockSupport.java:252)
        at java.base@17.0.11/java.util.concurrent.locks.AbstractQueuedSynchronizer$ConditionObject.awaitNanos(AbstractQueuedSynchronizer.java:1674)
        at java.base@17.0.11/java.util.concurrent.ScheduledThreadPoolExecutor$DelayedWorkQueue.take(ScheduledThreadPoolExecutor.java:1182)
        at java.base@17.0.11/java.util.concurrent.ScheduledThreadPoolExecutor$DelayedWorkQueue.take(ScheduledThreadPoolExecutor.java:899)
        at java.base@17.0.11/java.util.concurrent.ThreadPoolExecutor.getTask(ThreadPoolExecutor.java:1062)
        at java.base@17.0.11/java.util.concurrent.ThreadPoolExecutor.runWorker(ThreadPoolExecutor.java:1122)
        at java.base@17.0.11/java.util.concurrent.ThreadPoolExecutor$Worker.run(ThreadPoolExecutor.java:635)
        at java.base@17.0.11/java.lang.Thread.run(Thread.java:840)
"qtp1697532854-451" daemon prio=5 tid=451 timed_waiting
java.lang.Thread.State: TIMED_WAITING
        at java.base@17.0.11/jdk.internal.misc.Unsafe.park(Native Method)
        at java.base@17.0.11/java.util.concurrent.locks.LockSupport.parkNanos(LockSupport.java:252)
        at java.base@17.0.11/java.util.concurrent.locks.AbstractQueuedSynchronizer$ConditionObject.awaitNanos(AbstractQueuedSynchronizer.java:1674)
        at app//org.eclipse.jetty.util.BlockingArrayQueue.poll(BlockingArrayQueue.java:382)
        at app//org.eclipse.jetty.util.thread.QueuedThreadPool$Runner.idleJobPoll(QueuedThreadPool.java:974)
        at app//org.eclipse.jetty.util.thread.QueuedThreadPool$Runner.run(QueuedThreadPool.java:1018)
        at java.base@17.0.11/java.lang.Thread.run(Thread.java:840)
"IPC Server handler 41 on default port 15000" daemon prio=5 tid=104 timed_waiting
java.lang.Thread.State: TIMED_WAITING
        at java.base@17.0.11/jdk.internal.misc.Unsafe.park(Native Method)
        at java.base@17.0.11/java.util.concurrent.locks.LockSupport.parkNanos(LockSupport.java:252)
        at java.base@17.0.11/java.util.concurrent.locks.AbstractQueuedSynchronizer$ConditionObject.awaitNanos(AbstractQueuedSynchronizer.java:1674)
        at java.base@17.0.11/java.util.concurrent.LinkedBlockingQueue.poll(LinkedBlockingQueue.java:460)
        at app//org.apache.hadoop.ipc.CallQueueManager.take(CallQueueManager.java:317)
        at app//org.apache.hadoop.ipc.Server$Handler.run(Server.java:3014)
"c511b233-3aa4-4954-9335-f5d54c64e497-CloseContainerThread-2"  prio=5 tid=903 in Object.wait()
java.lang.Thread.State: WAITING (on object monitor)
        at java.base@17.0.11/jdk.internal.misc.Unsafe.park(Native Method)
        at java.base@17.0.11/java.util.concurrent.locks.LockSupport.park(LockSupport.java:341)
        at java.base@17.0.11/java.util.concurrent.locks.AbstractQueuedSynchronizer$ConditionNode.block(AbstractQueuedSynchronizer.java:506)
        at java.base@17.0.11/java.util.concurrent.ForkJoinPool.unmanagedBlock(ForkJoinPool.java:3465)
        at java.base@17.0.11/java.util.concurrent.ForkJoinPool.managedBlock(ForkJoinPool.java:3436)
        at java.base@17.0.11/java.util.concurrent.locks.AbstractQueuedSynchronizer$ConditionObject.await(AbstractQueuedSynchronizer.java:1625)
        at java.base@17.0.11/java.util.concurrent.LinkedBlockingQueue.take(LinkedBlockingQueue.java:435)
        at java.base@17.0.11/java.util.concurrent.ThreadPoolExecutor.getTask(ThreadPoolExecutor.java:1062)
        at java.base@17.0.11/java.util.concurrent.ThreadPoolExecutor.runWorker(ThreadPoolExecutor.java:1122)
        at java.base@17.0.11/java.util.concurrent.ThreadPoolExecutor$Worker.run(ThreadPoolExecutor.java:635)
        at java.base@17.0.11/java.lang.Thread.run(Thread.java:840)
"b47eb027-4b7a-4ddc-bf7f-0870758e0604@group-B33C5E379CF8-SegmentedRaftLogWorker"  prio=5 tid=711 timed_waiting
java.lang.Thread.State: TIMED_WAITING
        at java.base@17.0.11/jdk.internal.misc.Unsafe.park(Native Method)
        at java.base@17.0.11/java.util.concurrent.locks.LockSupport.parkNanos(LockSupport.java:252)
        at java.base@17.0.11/java.util.concurrent.locks.AbstractQueuedSynchronizer$ConditionObject.awaitNanos(AbstractQueuedSynchronizer.java:1674)
        at app//org.apache.ratis.util.DataBlockingQueue.poll(DataBlockingQueue.java:148)
        at app//org.apache.ratis.server.raftlog.segmented.SegmentedRaftLogWorker.run(SegmentedRaftLogWorker.java:299)
        at app//org.apache.ratis.server.raftlog.segmented.SegmentedRaftLogWorker$$Lambda$1174/0x00007f53848736a8.run(Unknown Source)
        at java.base@17.0.11/java.util.concurrent.Executors$RunnableAdapter.call(Executors.java:539)
        at java.base@17.0.11/java.util.concurrent.FutureTask.run(FutureTask.java:264)
        at java.base@17.0.11/java.util.concurrent.ThreadPoolExecutor.runWorker(ThreadPoolExecutor.java:1136)
        at java.base@17.0.11/java.util.concurrent.ThreadPoolExecutor$Worker.run(ThreadPoolExecutor.java:635)
        at java.base@17.0.11/java.lang.Thread.run(Thread.java:840)
"ReplicationMonitor" daemon prio=5 tid=936 timed_waiting
java.lang.Thread.State: TIMED_WAITING
        at java.base@17.0.11/java.lang.Object.wait(Native Method)
        at app//org.apache.hadoop.hdds.scm.container.replication.ReplicationManager.run(ReplicationManager.java:934)
        at app//org.apache.hadoop.hdds.scm.container.replication.ReplicationManager$$Lambda$726/0x00007f53844de9f8.run(Unknown Source)
        at java.base@17.0.11/java.lang.Thread.run(Thread.java:840)
"IPC Server handler 32 on default port 15001" daemon prio=5 tid=195 timed_waiting
java.lang.Thread.State: TIMED_WAITING
        at java.base@17.0.11/jdk.internal.misc.Unsafe.park(Native Method)
        at java.base@17.0.11/java.util.concurrent.locks.LockSupport.parkNanos(LockSupport.java:252)
        at java.base@17.0.11/java.util.concurrent.locks.AbstractQueuedSynchronizer$ConditionObject.awaitNanos(AbstractQueuedSynchronizer.java:1674)
        at java.base@17.0.11/java.util.concurrent.LinkedBlockingQueue.poll(LinkedBlockingQueue.java:460)
        at app//org.apache.hadoop.ipc.CallQueueManager.take(CallQueueManager.java:317)
        at app//org.apache.hadoop.ipc.Server$Handler.run(Server.java:3014)
"fdf93896-5abf-403c-99a8-bb8ea43c9a14-DatanodeReportManager-1" daemon prio=5 tid=489 timed_waiting
java.lang.Thread.State: TIMED_WAITING
        at java.base@17.0.11/jdk.internal.misc.Unsafe.park(Native Method)
        at java.base@17.0.11/java.util.concurrent.locks.LockSupport.parkNanos(LockSupport.java:252)
        at java.base@17.0.11/java.util.concurrent.locks.AbstractQueuedSynchronizer$ConditionObject.awaitNanos(AbstractQueuedSynchronizer.java:1674)
        at java.base@17.0.11/java.util.concurrent.ScheduledThreadPoolExecutor$DelayedWorkQueue.take(ScheduledThreadPoolExecutor.java:1182)
        at java.base@17.0.11/java.util.concurrent.ScheduledThreadPoolExecutor$DelayedWorkQueue.take(ScheduledThreadPoolExecutor.java:899)
        at java.base@17.0.11/java.util.concurrent.ThreadPoolExecutor.getTask(ThreadPoolExecutor.java:1062)
        at java.base@17.0.11/java.util.concurrent.ThreadPoolExecutor.runWorker(ThreadPoolExecutor.java:1122)
        at java.base@17.0.11/java.util.concurrent.ThreadPoolExecutor$Worker.run(ThreadPoolExecutor.java:635)
        at java.base@17.0.11/java.lang.Thread.run(Thread.java:840)
"IPC Server listener on 15028" daemon prio=5 tid=508 runnable
java.lang.Thread.State: RUNNABLE
        at java.base@17.0.11/sun.nio.ch.EPoll.wait(Native Method)
        at java.base@17.0.11/sun.nio.ch.EPollSelectorImpl.doSelect(EPollSelectorImpl.java:118)
        at java.base@17.0.11/sun.nio.ch.SelectorImpl.lockAndDoSelect(SelectorImpl.java:129)
        at java.base@17.0.11/sun.nio.ch.SelectorImpl.select(SelectorImpl.java:146)
        at app//org.apache.hadoop.ipc.Server$Listener.run(Server.java:1408)
"IPC Server handler 31 on default port 15002" daemon prio=5 tid=294 timed_waiting
java.lang.Thread.State: TIMED_WAITING
        at java.base@17.0.11/jdk.internal.misc.Unsafe.park(Native Method)
        at java.base@17.0.11/java.util.concurrent.locks.LockSupport.parkNanos(LockSupport.java:252)
        at java.base@17.0.11/java.util.concurrent.locks.AbstractQueuedSynchronizer$ConditionObject.awaitNanos(AbstractQueuedSynchronizer.java:1674)
        at java.base@17.0.11/java.util.concurrent.LinkedBlockingQueue.poll(LinkedBlockingQueue.java:460)
        at app//org.apache.hadoop.ipc.CallQueueManager.take(CallQueueManager.java:317)
        at app//org.apache.hadoop.ipc.Server$Handler.run(Server.java:3014)
"IPC Server handler 9 on default port 15004" daemon prio=5 tid=428 timed_waiting
java.lang.Thread.State: TIMED_WAITING
        at java.base@17.0.11/jdk.internal.misc.Unsafe.park(Native Method)
        at java.base@17.0.11/java.util.concurrent.locks.LockSupport.parkNanos(LockSupport.java:252)
        at java.base@17.0.11/java.util.concurrent.locks.AbstractQueuedSynchronizer$ConditionObject.awaitNanos(AbstractQueuedSynchronizer.java:1674)
        at java.base@17.0.11/java.util.concurrent.LinkedBlockingQueue.poll(LinkedBlockingQueue.java:460)
        at app//org.apache.hadoop.ipc.CallQueueManager.take(CallQueueManager.java:317)
        at app//org.apache.hadoop.ipc.Server$Handler.run(Server.java:3014)
"IPC Server handler 36 on default port 15001" daemon prio=5 tid=199 timed_waiting
java.lang.Thread.State: TIMED_WAITING
        at java.base@17.0.11/jdk.internal.misc.Unsafe.park(Native Method)
        at java.base@17.0.11/java.util.concurrent.locks.LockSupport.parkNanos(LockSupport.java:252)
        at java.base@17.0.11/java.util.concurrent.locks.AbstractQueuedSynchronizer$ConditionObject.awaitNanos(AbstractQueuedSynchronizer.java:1674)
        at java.base@17.0.11/java.util.concurrent.LinkedBlockingQueue.poll(LinkedBlockingQueue.java:460)
        at app//org.apache.hadoop.ipc.CallQueueManager.take(CallQueueManager.java:317)
        at app//org.apache.hadoop.ipc.Server$Handler.run(Server.java:3014)
"6d6fe673-47e6-46c0-a6fc-601f54cde379-BlockDeletingService#0" daemon prio=5 tid=649 timed_waiting
java.lang.Thread.State: TIMED_WAITING
        at java.base@17.0.11/jdk.internal.misc.Unsafe.park(Native Method)
        at java.base@17.0.11/java.util.concurrent.locks.LockSupport.parkNanos(LockSupport.java:252)
        at java.base@17.0.11/java.util.concurrent.locks.AbstractQueuedSynchronizer$ConditionObject.awaitNanos(AbstractQueuedSynchronizer.java:1674)
        at java.base@17.0.11/java.util.concurrent.ScheduledThreadPoolExecutor$DelayedWorkQueue.take(ScheduledThreadPoolExecutor.java:1182)
        at java.base@17.0.11/java.util.concurrent.ScheduledThreadPoolExecutor$DelayedWorkQueue.take(ScheduledThreadPoolExecutor.java:899)
        at java.base@17.0.11/java.util.concurrent.ThreadPoolExecutor.getTask(ThreadPoolExecutor.java:1062)
        at java.base@17.0.11/java.util.concurrent.ThreadPoolExecutor.runWorker(ThreadPoolExecutor.java:1122)
        at java.base@17.0.11/java.util.concurrent.ThreadPoolExecutor$Worker.run(ThreadPoolExecutor.java:635)
        at java.base@17.0.11/java.lang.Thread.run(Thread.java:840)
"IPC Server handler 10 on default port 15000" daemon prio=5 tid=73 timed_waiting
java.lang.Thread.State: TIMED_WAITING
        at java.base@17.0.11/jdk.internal.misc.Unsafe.park(Native Method)
        at java.base@17.0.11/java.util.concurrent.locks.LockSupport.parkNanos(LockSupport.java:252)
        at java.base@17.0.11/java.util.concurrent.locks.AbstractQueuedSynchronizer$ConditionObject.awaitNanos(AbstractQueuedSynchronizer.java:1674)
        at java.base@17.0.11/java.util.concurrent.LinkedBlockingQueue.poll(LinkedBlockingQueue.java:460)
        at app//org.apache.hadoop.ipc.CallQueueManager.take(CallQueueManager.java:317)
        at app//org.apache.hadoop.ipc.Server$Handler.run(Server.java:3014)
"client-write-TID-2" daemon prio=5 tid=852 timed_waiting
java.lang.Thread.State: TIMED_WAITING
        at java.base@17.0.11/jdk.internal.misc.Unsafe.park(Native Method)
        at java.base@17.0.11/java.util.concurrent.locks.LockSupport.parkNanos(LockSupport.java:252)
        at java.base@17.0.11/java.util.concurrent.SynchronousQueue$TransferStack.transfer(SynchronousQueue.java:401)
        at java.base@17.0.11/java.util.concurrent.SynchronousQueue.poll(SynchronousQueue.java:903)
        at java.base@17.0.11/java.util.concurrent.ThreadPoolExecutor.getTask(ThreadPoolExecutor.java:1061)
        at java.base@17.0.11/java.util.concurrent.ThreadPoolExecutor.runWorker(ThreadPoolExecutor.java:1122)
        at java.base@17.0.11/java.util.concurrent.ThreadPoolExecutor$Worker.run(ThreadPoolExecutor.java:635)
        at java.base@17.0.11/java.lang.Thread.run(Thread.java:840)
"c511b233-3aa4-4954-9335-f5d54c64e497-ChunkReader-1" daemon prio=5 tid=848 in Object.wait()
java.lang.Thread.State: WAITING (on object monitor)
        at java.base@17.0.11/jdk.internal.misc.Unsafe.park(Native Method)
        at java.base@17.0.11/java.util.concurrent.locks.LockSupport.park(LockSupport.java:341)
        at java.base@17.0.11/java.util.concurrent.locks.AbstractQueuedSynchronizer$ConditionNode.block(AbstractQueuedSynchronizer.java:506)
        at java.base@17.0.11/java.util.concurrent.ForkJoinPool.unmanagedBlock(ForkJoinPool.java:3465)
        at java.base@17.0.11/java.util.concurrent.ForkJoinPool.managedBlock(ForkJoinPool.java:3436)
        at java.base@17.0.11/java.util.concurrent.locks.AbstractQueuedSynchronizer$ConditionObject.await(AbstractQueuedSynchronizer.java:1625)
        at java.base@17.0.11/java.util.concurrent.LinkedBlockingQueue.take(LinkedBlockingQueue.java:435)
        at java.base@17.0.11/java.util.concurrent.ThreadPoolExecutor.getTask(ThreadPoolExecutor.java:1062)
        at java.base@17.0.11/java.util.concurrent.ThreadPoolExecutor.runWorker(ThreadPoolExecutor.java:1122)
        at java.base@17.0.11/java.util.concurrent.ThreadPoolExecutor$Worker.run(ThreadPoolExecutor.java:635)
        at java.base@17.0.11/java.lang.Thread.run(Thread.java:840)
"fdf93896-5abf-403c-99a8-bb8ea43c9a14-CloseContainerThread-0"  prio=5 tid=895 in Object.wait()
java.lang.Thread.State: WAITING (on object monitor)
        at java.base@17.0.11/jdk.internal.misc.Unsafe.park(Native Method)
        at java.base@17.0.11/java.util.concurrent.locks.LockSupport.park(LockSupport.java:341)
        at java.base@17.0.11/java.util.concurrent.locks.AbstractQueuedSynchronizer$ConditionNode.block(AbstractQueuedSynchronizer.java:506)
        at java.base@17.0.11/java.util.concurrent.ForkJoinPool.unmanagedBlock(ForkJoinPool.java:3465)
        at java.base@17.0.11/java.util.concurrent.ForkJoinPool.managedBlock(ForkJoinPool.java:3436)
        at java.base@17.0.11/java.util.concurrent.locks.AbstractQueuedSynchronizer$ConditionObject.await(AbstractQueuedSynchronizer.java:1625)
        at java.base@17.0.11/java.util.concurrent.LinkedBlockingQueue.take(LinkedBlockingQueue.java:435)
        at java.base@17.0.11/java.util.concurrent.ThreadPoolExecutor.getTask(ThreadPoolExecutor.java:1062)
        at java.base@17.0.11/java.util.concurrent.ThreadPoolExecutor.runWorker(ThreadPoolExecutor.java:1122)
        at java.base@17.0.11/java.util.concurrent.ThreadPoolExecutor$Worker.run(ThreadPoolExecutor.java:635)
        at java.base@17.0.11/java.lang.Thread.run(Thread.java:840)
"JvmPauseMonitor1" daemon prio=5 tid=397 timed_waiting
java.lang.Thread.State: TIMED_WAITING
        at java.base@17.0.11/java.lang.Thread.sleep(Native Method)
        at java.base@17.0.11/java.lang.Thread.sleep(Thread.java:344)
        at java.base@17.0.11/java.util.concurrent.TimeUnit.sleep(TimeUnit.java:446)
        at app//org.apache.ratis.util.TimeDuration.sleep(TimeDuration.java:353)
        at app//org.apache.ratis.util.TimeDuration.sleep(TimeDuration.java:338)
        at app//org.apache.ratis.util.JvmPauseMonitor.detectPause(JvmPauseMonitor.java:160)
        at app//org.apache.ratis.util.JvmPauseMonitor.run(JvmPauseMonitor.java:149)
        at app//org.apache.ratis.util.JvmPauseMonitor$$Lambda$795/0x00007f5384607dc8.run(Unknown Source)
        at java.base@17.0.11/java.lang.Thread.run(Thread.java:840)
"IPC Server Responder" daemon prio=5 tid=40 runnable
java.lang.Thread.State: RUNNABLE
        at java.base@17.0.11/sun.nio.ch.EPoll.wait(Native Method)
        at java.base@17.0.11/sun.nio.ch.EPollSelectorImpl.doSelect(EPollSelectorImpl.java:118)
        at java.base@17.0.11/sun.nio.ch.SelectorImpl.lockAndDoSelect(SelectorImpl.java:129)
        at java.base@17.0.11/sun.nio.ch.SelectorImpl.select(SelectorImpl.java:141)
        at app//org.apache.hadoop.ipc.Server$Responder.doRunLoop(Server.java:1582)
        at app//org.apache.hadoop.ipc.Server$Responder.run(Server.java:1565)
"b47eb027-4b7a-4ddc-bf7f-0870758e0604-CloseContainerThread-2"  prio=5 tid=901 in Object.wait()
java.lang.Thread.State: WAITING (on object monitor)
        at java.base@17.0.11/jdk.internal.misc.Unsafe.park(Native Method)
        at java.base@17.0.11/java.util.concurrent.locks.LockSupport.park(LockSupport.java:341)
        at java.base@17.0.11/java.util.concurrent.locks.AbstractQueuedSynchronizer$ConditionNode.block(AbstractQueuedSynchronizer.java:506)
        at java.base@17.0.11/java.util.concurrent.ForkJoinPool.unmanagedBlock(ForkJoinPool.java:3465)
        at java.base@17.0.11/java.util.concurrent.ForkJoinPool.managedBlock(ForkJoinPool.java:3436)
        at java.base@17.0.11/java.util.concurrent.locks.AbstractQueuedSynchronizer$ConditionObject.await(AbstractQueuedSynchronizer.java:1625)
        at java.base@17.0.11/java.util.concurrent.LinkedBlockingQueue.take(LinkedBlockingQueue.java:435)
        at java.base@17.0.11/java.util.concurrent.ThreadPoolExecutor.getTask(ThreadPoolExecutor.java:1062)
        at java.base@17.0.11/java.util.concurrent.ThreadPoolExecutor.runWorker(ThreadPoolExecutor.java:1122)
        at java.base@17.0.11/java.util.concurrent.ThreadPoolExecutor$Worker.run(ThreadPoolExecutor.java:635)
        at java.base@17.0.11/java.lang.Thread.run(Thread.java:840)
"Socket Reader #1 for port 15010"  prio=5 tid=455 runnable
java.lang.Thread.State: RUNNABLE
        at java.base@17.0.11/sun.nio.ch.EPoll.wait(Native Method)
        at java.base@17.0.11/sun.nio.ch.EPollSelectorImpl.doSelect(EPollSelectorImpl.java:118)
        at java.base@17.0.11/sun.nio.ch.SelectorImpl.lockAndDoSelect(SelectorImpl.java:129)
        at java.base@17.0.11/sun.nio.ch.SelectorImpl.select(SelectorImpl.java:146)
        at app//org.apache.hadoop.ipc.Server$Listener$Reader.doRunLoop(Server.java:1346)
        at app//org.apache.hadoop.ipc.Server$Listener$Reader.run(Server.java:1325)
"c511b233-3aa4-4954-9335-f5d54c64e497-ChunkReader-6" daemon prio=5 tid=872 in Object.wait()
java.lang.Thread.State: WAITING (on object monitor)
        at java.base@17.0.11/jdk.internal.misc.Unsafe.park(Native Method)
        at java.base@17.0.11/java.util.concurrent.locks.LockSupport.park(LockSupport.java:341)
        at java.base@17.0.11/java.util.concurrent.locks.AbstractQueuedSynchronizer$ConditionNode.block(AbstractQueuedSynchronizer.java:506)
        at java.base@17.0.11/java.util.concurrent.ForkJoinPool.unmanagedBlock(ForkJoinPool.java:3465)
        at java.base@17.0.11/java.util.concurrent.ForkJoinPool.managedBlock(ForkJoinPool.java:3436)
        at java.base@17.0.11/java.util.concurrent.locks.AbstractQueuedSynchronizer$ConditionObject.await(AbstractQueuedSynchronizer.java:1625)
        at java.base@17.0.11/java.util.concurrent.LinkedBlockingQueue.take(LinkedBlockingQueue.java:435)
        at java.base@17.0.11/java.util.concurrent.ThreadPoolExecutor.getTask(ThreadPoolExecutor.java:1062)
        at java.base@17.0.11/java.util.concurrent.ThreadPoolExecutor.runWorker(ThreadPoolExecutor.java:1122)
        at java.base@17.0.11/java.util.concurrent.ThreadPoolExecutor$Worker.run(ThreadPoolExecutor.java:635)
        at java.base@17.0.11/java.lang.Thread.run(Thread.java:840)
"om1-SnapshotDiffCleanupService#0" daemon prio=5 tid=381 timed_waiting
java.lang.Thread.State: TIMED_WAITING
        at java.base@17.0.11/jdk.internal.misc.Unsafe.park(Native Method)
        at java.base@17.0.11/java.util.concurrent.locks.LockSupport.parkNanos(LockSupport.java:252)
        at java.base@17.0.11/java.util.concurrent.locks.AbstractQueuedSynchronizer$ConditionObject.awaitNanos(AbstractQueuedSynchronizer.java:1674)
        at java.base@17.0.11/java.util.concurrent.ScheduledThreadPoolExecutor$DelayedWorkQueue.take(ScheduledThreadPoolExecutor.java:1182)
        at java.base@17.0.11/java.util.concurrent.ScheduledThreadPoolExecutor$DelayedWorkQueue.take(ScheduledThreadPoolExecutor.java:899)
        at java.base@17.0.11/java.util.concurrent.ThreadPoolExecutor.getTask(ThreadPoolExecutor.java:1062)
        at java.base@17.0.11/java.util.concurrent.ThreadPoolExecutor.runWorker(ThreadPoolExecutor.java:1122)
        at java.base@17.0.11/java.util.concurrent.ThreadPoolExecutor$Worker.run(ThreadPoolExecutor.java:635)
        at java.base@17.0.11/java.lang.Thread.run(Thread.java:840)
"IPC Server handler 3 on default port 15001" daemon prio=5 tid=166 timed_waiting
java.lang.Thread.State: TIMED_WAITING
        at java.base@17.0.11/jdk.internal.misc.Unsafe.park(Native Method)
        at java.base@17.0.11/java.util.concurrent.locks.LockSupport.parkNanos(LockSupport.java:252)
        at java.base@17.0.11/java.util.concurrent.locks.AbstractQueuedSynchronizer$ConditionObject.awaitNanos(AbstractQueuedSynchronizer.java:1674)
        at java.base@17.0.11/java.util.concurrent.LinkedBlockingQueue.poll(LinkedBlockingQueue.java:460)
        at app//org.apache.hadoop.ipc.CallQueueManager.take(CallQueueManager.java:317)
        at app//org.apache.hadoop.ipc.Server$Handler.run(Server.java:3014)
"IPC Server handler 10 on default port 15002" daemon prio=5 tid=273 timed_waiting
java.lang.Thread.State: TIMED_WAITING
        at java.base@17.0.11/jdk.internal.misc.Unsafe.park(Native Method)
        at java.base@17.0.11/java.util.concurrent.locks.LockSupport.parkNanos(LockSupport.java:252)
        at java.base@17.0.11/java.util.concurrent.locks.AbstractQueuedSynchronizer$ConditionObject.awaitNanos(AbstractQueuedSynchronizer.java:1674)
        at java.base@17.0.11/java.util.concurrent.LinkedBlockingQueue.poll(LinkedBlockingQueue.java:460)
        at app//org.apache.hadoop.ipc.CallQueueManager.take(CallQueueManager.java:317)
        at app//org.apache.hadoop.ipc.Server$Handler.run(Server.java:3014)
"IPC Server handler 56 on default port 15002" daemon prio=5 tid=319 timed_waiting
java.lang.Thread.State: TIMED_WAITING
        at java.base@17.0.11/jdk.internal.misc.Unsafe.park(Native Method)
        at java.base@17.0.11/java.util.concurrent.locks.LockSupport.parkNanos(LockSupport.java:252)
        at java.base@17.0.11/java.util.concurrent.locks.AbstractQueuedSynchronizer$ConditionObject.awaitNanos(AbstractQueuedSynchronizer.java:1674)
        at java.base@17.0.11/java.util.concurrent.LinkedBlockingQueue.poll(LinkedBlockingQueue.java:460)
        at app//org.apache.hadoop.ipc.CallQueueManager.take(CallQueueManager.java:317)
        at app//org.apache.hadoop.ipc.Server$Handler.run(Server.java:3014)
"IPC Server handler 81 on default port 15001" daemon prio=5 tid=244 timed_waiting
java.lang.Thread.State: TIMED_WAITING
        at java.base@17.0.11/jdk.internal.misc.Unsafe.park(Native Method)
        at java.base@17.0.11/java.util.concurrent.locks.LockSupport.parkNanos(LockSupport.java:252)
        at java.base@17.0.11/java.util.concurrent.locks.AbstractQueuedSynchronizer$ConditionObject.awaitNanos(AbstractQueuedSynchronizer.java:1674)
        at java.base@17.0.11/java.util.concurrent.LinkedBlockingQueue.poll(LinkedBlockingQueue.java:460)
        at app//org.apache.hadoop.ipc.CallQueueManager.take(CallQueueManager.java:317)
        at app//org.apache.hadoop.ipc.Server$Handler.run(Server.java:3014)
"EventQueue-DatanodeCommandForSCMNodeManager"  prio=5 tid=677 in Object.wait()
java.lang.Thread.State: WAITING (on object monitor)
        at java.base@17.0.11/jdk.internal.misc.Unsafe.park(Native Method)
        at java.base@17.0.11/java.util.concurrent.locks.LockSupport.park(LockSupport.java:341)
        at java.base@17.0.11/java.util.concurrent.locks.AbstractQueuedSynchronizer$ConditionNode.block(AbstractQueuedSynchronizer.java:506)
        at java.base@17.0.11/java.util.concurrent.ForkJoinPool.unmanagedBlock(ForkJoinPool.java:3465)
        at java.base@17.0.11/java.util.concurrent.ForkJoinPool.managedBlock(ForkJoinPool.java:3436)
        at java.base@17.0.11/java.util.concurrent.locks.AbstractQueuedSynchronizer$ConditionObject.await(AbstractQueuedSynchronizer.java:1625)
        at java.base@17.0.11/java.util.concurrent.LinkedBlockingQueue.take(LinkedBlockingQueue.java:435)
        at java.base@17.0.11/java.util.concurrent.ThreadPoolExecutor.getTask(ThreadPoolExecutor.java:1062)
        at java.base@17.0.11/java.util.concurrent.ThreadPoolExecutor.runWorker(ThreadPoolExecutor.java:1122)
        at java.base@17.0.11/java.util.concurrent.ThreadPoolExecutor$Worker.run(ThreadPoolExecutor.java:635)
        at java.base@17.0.11/java.lang.Thread.run(Thread.java:840)
"IPC Server handler 97 on default port 15000" daemon prio=5 tid=160 timed_waiting
java.lang.Thread.State: TIMED_WAITING
        at java.base@17.0.11/jdk.internal.misc.Unsafe.park(Native Method)
        at java.base@17.0.11/java.util.concurrent.locks.LockSupport.parkNanos(LockSupport.java:252)
        at java.base@17.0.11/java.util.concurrent.locks.AbstractQueuedSynchronizer$ConditionObject.awaitNanos(AbstractQueuedSynchronizer.java:1674)
        at java.base@17.0.11/java.util.concurrent.LinkedBlockingQueue.poll(LinkedBlockingQueue.java:460)
        at app//org.apache.hadoop.ipc.CallQueueManager.take(CallQueueManager.java:317)
        at app//org.apache.hadoop.ipc.Server$Handler.run(Server.java:3014)
"IPC Server handler 7 on default port 15004" daemon prio=5 tid=426 timed_waiting
java.lang.Thread.State: TIMED_WAITING
        at java.base@17.0.11/jdk.internal.misc.Unsafe.park(Native Method)
        at java.base@17.0.11/java.util.concurrent.locks.LockSupport.parkNanos(LockSupport.java:252)
        at java.base@17.0.11/java.util.concurrent.locks.AbstractQueuedSynchronizer$ConditionObject.awaitNanos(AbstractQueuedSynchronizer.java:1674)
        at java.base@17.0.11/java.util.concurrent.LinkedBlockingQueue.poll(LinkedBlockingQueue.java:460)
        at app//org.apache.hadoop.ipc.CallQueueManager.take(CallQueueManager.java:317)
        at app//org.apache.hadoop.ipc.Server$Handler.run(Server.java:3014)
"om1-OMDoubleBufferFlushThread" daemon prio=5 tid=383 timed_waiting
java.lang.Thread.State: TIMED_WAITING
        at java.base@17.0.11/java.lang.Object.wait(Native Method)
        at app//org.apache.hadoop.ozone.om.ratis.OzoneManagerDoubleBuffer.canFlush(OzoneManagerDoubleBuffer.java:570)
        at app//org.apache.hadoop.ozone.om.ratis.OzoneManagerDoubleBuffer.flushTransactions(OzoneManagerDoubleBuffer.java:294)
        at app//org.apache.hadoop.ozone.om.ratis.OzoneManagerDoubleBuffer$$Lambda$953/0x00007f5384791178.run(Unknown Source)
        at java.base@17.0.11/java.lang.Thread.run(Thread.java:840)
"IPC Server handler 94 on default port 15002" daemon prio=5 tid=357 timed_waiting
java.lang.Thread.State: TIMED_WAITING
        at java.base@17.0.11/jdk.internal.misc.Unsafe.park(Native Method)
        at java.base@17.0.11/java.util.concurrent.locks.LockSupport.parkNanos(LockSupport.java:252)
        at java.base@17.0.11/java.util.concurrent.locks.AbstractQueuedSynchronizer$ConditionObject.awaitNanos(AbstractQueuedSynchronizer.java:1674)
        at java.base@17.0.11/java.util.concurrent.LinkedBlockingQueue.poll(LinkedBlockingQueue.java:460)
        at app//org.apache.hadoop.ipc.CallQueueManager.take(CallQueueManager.java:317)
        at app//org.apache.hadoop.ipc.Server$Handler.run(Server.java:3014)
"IPC Server handler 75 on default port 15002" daemon prio=5 tid=338 timed_waiting
java.lang.Thread.State: TIMED_WAITING
        at java.base@17.0.11/jdk.internal.misc.Unsafe.park(Native Method)
        at java.base@17.0.11/java.util.concurrent.locks.LockSupport.parkNanos(LockSupport.java:252)
        at java.base@17.0.11/java.util.concurrent.locks.AbstractQueuedSynchronizer$ConditionObject.awaitNanos(AbstractQueuedSynchronizer.java:1674)
        at java.base@17.0.11/java.util.concurrent.LinkedBlockingQueue.poll(LinkedBlockingQueue.java:460)
        at app//org.apache.hadoop.ipc.CallQueueManager.take(CallQueueManager.java:317)
        at app//org.apache.hadoop.ipc.Server$Handler.run(Server.java:3014)
"StaleRecoveringContainerScrubbingService#0" daemon prio=5 tid=612 timed_waiting
java.lang.Thread.State: TIMED_WAITING
        at java.base@17.0.11/jdk.internal.misc.Unsafe.park(Native Method)
        at java.base@17.0.11/java.util.concurrent.locks.LockSupport.parkNanos(LockSupport.java:252)
        at java.base@17.0.11/java.util.concurrent.locks.AbstractQueuedSynchronizer$ConditionObject.awaitNanos(AbstractQueuedSynchronizer.java:1674)
        at java.base@17.0.11/java.util.concurrent.ScheduledThreadPoolExecutor$DelayedWorkQueue.take(ScheduledThreadPoolExecutor.java:1182)
        at java.base@17.0.11/java.util.concurrent.ScheduledThreadPoolExecutor$DelayedWorkQueue.take(ScheduledThreadPoolExecutor.java:899)
        at java.base@17.0.11/java.util.concurrent.ThreadPoolExecutor.getTask(ThreadPoolExecutor.java:1062)
        at java.base@17.0.11/java.util.concurrent.ThreadPoolExecutor.runWorker(ThreadPoolExecutor.java:1122)
        at java.base@17.0.11/java.util.concurrent.ThreadPoolExecutor$Worker.run(ThreadPoolExecutor.java:635)
        at java.base@17.0.11/java.lang.Thread.run(Thread.java:840)
"RatisPipelineUtilsThread-0"  prio=5 tid=29 timed_waiting
java.lang.Thread.State: TIMED_WAITING
        at java.base@17.0.11/java.lang.Object.wait(Native Method)
        at app//org.apache.hadoop.hdds.scm.pipeline.BackgroundPipelineCreator.run(BackgroundPipelineCreator.java:179)
        at app//org.apache.hadoop.hdds.scm.pipeline.BackgroundPipelineCreator$$Lambda$710/0x00007f53844c6fa0.run(Unknown Source)
        at java.base@17.0.11/java.lang.Thread.run(Thread.java:840)
"IPC Server handler 27 on default port 15002" daemon prio=5 tid=290 timed_waiting
java.lang.Thread.State: TIMED_WAITING
        at java.base@17.0.11/jdk.internal.misc.Unsafe.park(Native Method)
        at java.base@17.0.11/java.util.concurrent.locks.LockSupport.parkNanos(LockSupport.java:252)
        at java.base@17.0.11/java.util.concurrent.locks.AbstractQueuedSynchronizer$ConditionObject.awaitNanos(AbstractQueuedSynchronizer.java:1674)
        at java.base@17.0.11/java.util.concurrent.LinkedBlockingQueue.poll(LinkedBlockingQueue.java:460)
        at app//org.apache.hadoop.ipc.CallQueueManager.take(CallQueueManager.java:317)
        at app//org.apache.hadoop.ipc.Server$Handler.run(Server.java:3014)
"org.apache.hadoop.ozone.container.common.statemachine.commandhandler.DeleteBlocksCommandHandler$DeleteCmdWorker@1b018f9" daemon prio=5 tid=497 timed_waiting
java.lang.Thread.State: TIMED_WAITING
        at java.base@17.0.11/java.lang.Thread.sleep(Native Method)
        at app//org.apache.hadoop.ozone.container.common.statemachine.commandhandler.DeleteBlocksCommandHandler$DeleteCmdWorker.run(DeleteBlocksCommandHandler.java:259)
        at java.base@17.0.11/java.lang.Thread.run(Thread.java:840)
"fdf93896-5abf-403c-99a8-bb8ea43c9a14-ChunkReader-0" daemon prio=5 tid=847 in Object.wait()
java.lang.Thread.State: WAITING (on object monitor)
        at java.base@17.0.11/jdk.internal.misc.Unsafe.park(Native Method)
        at java.base@17.0.11/java.util.concurrent.locks.LockSupport.park(LockSupport.java:341)
        at java.base@17.0.11/java.util.concurrent.locks.AbstractQueuedSynchronizer$ConditionNode.block(AbstractQueuedSynchronizer.java:506)
        at java.base@17.0.11/java.util.concurrent.ForkJoinPool.unmanagedBlock(ForkJoinPool.java:3465)
        at java.base@17.0.11/java.util.concurrent.ForkJoinPool.managedBlock(ForkJoinPool.java:3436)
        at java.base@17.0.11/java.util.concurrent.locks.AbstractQueuedSynchronizer$ConditionObject.await(AbstractQueuedSynchronizer.java:1625)
        at java.base@17.0.11/java.util.concurrent.LinkedBlockingQueue.take(LinkedBlockingQueue.java:435)
        at java.base@17.0.11/java.util.concurrent.ThreadPoolExecutor.getTask(ThreadPoolExecutor.java:1062)
        at java.base@17.0.11/java.util.concurrent.ThreadPoolExecutor.runWorker(ThreadPoolExecutor.java:1122)
        at java.base@17.0.11/java.util.concurrent.ThreadPoolExecutor$Worker.run(ThreadPoolExecutor.java:635)
        at java.base@17.0.11/java.lang.Thread.run(Thread.java:840)
"ContainerDataScanner(/home/runner/work/ozone/ozone/hadoop-ozone/integration-test/target/test-dir/MiniOzoneClusterImpl-ed78929e-9b9e-4304-bdcd-e93070d12e9d/ozone-meta/datanode-3/data-0/hdds)" daemon prio=5 tid=623 timed_waiting
java.lang.Thread.State: TIMED_WAITING
        at java.base@17.0.11/java.lang.Thread.sleep(Native Method)
        at app//org.apache.hadoop.ozone.container.ozoneimpl.AbstractBackgroundContainerScanner.handleRemainingSleep(AbstractBackgroundContainerScanner.java:131)
        at app//org.apache.hadoop.ozone.container.ozoneimpl.AbstractBackgroundContainerScanner.runIteration(AbstractBackgroundContainerScanner.java:98)
        at app//org.apache.hadoop.ozone.container.ozoneimpl.AbstractBackgroundContainerScanner.run(AbstractBackgroundContainerScanner.java:57)
"6d6fe673-47e6-46c0-a6fc-601f54cde379-CloseContainerThread-1"  prio=5 tid=933 in Object.wait()
java.lang.Thread.State: WAITING (on object monitor)
        at java.base@17.0.11/jdk.internal.misc.Unsafe.park(Native Method)
        at java.base@17.0.11/java.util.concurrent.locks.LockSupport.park(LockSupport.java:341)
        at java.base@17.0.11/java.util.concurrent.locks.AbstractQueuedSynchronizer$ConditionNode.block(AbstractQueuedSynchronizer.java:506)
        at java.base@17.0.11/java.util.concurrent.ForkJoinPool.unmanagedBlock(ForkJoinPool.java:3465)
        at java.base@17.0.11/java.util.concurrent.ForkJoinPool.managedBlock(ForkJoinPool.java:3436)
        at java.base@17.0.11/java.util.concurrent.locks.AbstractQueuedSynchronizer$ConditionObject.await(AbstractQueuedSynchronizer.java:1625)
        at java.base@17.0.11/java.util.concurrent.LinkedBlockingQueue.take(LinkedBlockingQueue.java:435)
        at java.base@17.0.11/java.util.concurrent.ThreadPoolExecutor.getTask(ThreadPoolExecutor.java:1062)
        at java.base@17.0.11/java.util.concurrent.ThreadPoolExecutor.runWorker(ThreadPoolExecutor.java:1122)
        at java.base@17.0.11/java.util.concurrent.ThreadPoolExecutor$Worker.run(ThreadPoolExecutor.java:635)
        at java.base@17.0.11/java.lang.Thread.run(Thread.java:840)
"fdf93896-5abf-403c-99a8-bb8ea43c9a14-ChunkReader-5" daemon prio=5 tid=878 in Object.wait()
java.lang.Thread.State: WAITING (on object monitor)
        at java.base@17.0.11/jdk.internal.misc.Unsafe.park(Native Method)
        at java.base@17.0.11/java.util.concurrent.locks.LockSupport.park(LockSupport.java:341)
        at java.base@17.0.11/java.util.concurrent.locks.AbstractQueuedSynchronizer$ConditionNode.block(AbstractQueuedSynchronizer.java:506)
        at java.base@17.0.11/java.util.concurrent.ForkJoinPool.unmanagedBlock(ForkJoinPool.java:3465)
        at java.base@17.0.11/java.util.concurrent.ForkJoinPool.managedBlock(ForkJoinPool.java:3436)
        at java.base@17.0.11/java.util.concurrent.locks.AbstractQueuedSynchronizer$ConditionObject.await(AbstractQueuedSynchronizer.java:1625)
        at java.base@17.0.11/java.util.concurrent.LinkedBlockingQueue.take(LinkedBlockingQueue.java:435)
        at java.base@17.0.11/java.util.concurrent.ThreadPoolExecutor.getTask(ThreadPoolExecutor.java:1062)
        at java.base@17.0.11/java.util.concurrent.ThreadPoolExecutor.runWorker(ThreadPoolExecutor.java:1122)
        at java.base@17.0.11/java.util.concurrent.ThreadPoolExecutor$Worker.run(ThreadPoolExecutor.java:635)
        at java.base@17.0.11/java.lang.Thread.run(Thread.java:840)
"IPC Server handler 30 on default port 15000" daemon prio=5 tid=93 timed_waiting
java.lang.Thread.State: TIMED_WAITING
        at java.base@17.0.11/jdk.internal.misc.Unsafe.park(Native Method)
        at java.base@17.0.11/java.util.concurrent.locks.LockSupport.parkNanos(LockSupport.java:252)
        at java.base@17.0.11/java.util.concurrent.locks.AbstractQueuedSynchronizer$ConditionObject.awaitNanos(AbstractQueuedSynchronizer.java:1674)
        at java.base@17.0.11/java.util.concurrent.LinkedBlockingQueue.poll(LinkedBlockingQueue.java:460)
        at app//org.apache.hadoop.ipc.CallQueueManager.take(CallQueueManager.java:317)
        at app//org.apache.hadoop.ipc.Server$Handler.run(Server.java:3014)
"om1@group-C5BA1605619E-cacheEviction-AwaitToRun" daemon prio=5 tid=392 in Object.wait()
java.lang.Thread.State: WAITING (on object monitor)
        at java.base@17.0.11/jdk.internal.misc.Unsafe.park(Native Method)
        at java.base@17.0.11/java.util.concurrent.locks.LockSupport.park(LockSupport.java:341)
        at java.base@17.0.11/java.util.concurrent.locks.AbstractQueuedSynchronizer$ConditionNode.block(AbstractQueuedSynchronizer.java:506)
        at java.base@17.0.11/java.util.concurrent.ForkJoinPool.unmanagedBlock(ForkJoinPool.java:3465)
        at java.base@17.0.11/java.util.concurrent.ForkJoinPool.managedBlock(ForkJoinPool.java:3436)
        at java.base@17.0.11/java.util.concurrent.locks.AbstractQueuedSynchronizer$ConditionObject.await(AbstractQueuedSynchronizer.java:1625)
        at app//org.apache.ratis.util.AwaitForSignal.await(AwaitForSignal.java:48)
        at app//org.apache.ratis.util.AwaitToRun$RunnableImpl.run(AwaitToRun.java:47)
        at java.base@17.0.11/java.lang.Thread.run(Thread.java:840)
"FixedThreadPoolWithAffinityExecutor-4-0" daemon prio=5 tid=56 timed_waiting
java.lang.Thread.State: TIMED_WAITING
        at java.base@17.0.11/jdk.internal.misc.Unsafe.park(Native Method)
        at java.base@17.0.11/java.util.concurrent.locks.LockSupport.parkNanos(LockSupport.java:252)
        at java.base@17.0.11/java.util.concurrent.locks.AbstractQueuedSynchronizer$ConditionObject.awaitNanos(AbstractQueuedSynchronizer.java:1674)
        at java.base@17.0.11/java.util.concurrent.LinkedBlockingQueue.poll(LinkedBlockingQueue.java:460)
        at app//org.apache.hadoop.hdds.scm.server.ContainerReportQueue.poll(ContainerReportQueue.java:269)
        at app//org.apache.hadoop.hdds.scm.server.ContainerReportQueue.poll(ContainerReportQueue.java:42)
        at app//org.apache.hadoop.hdds.server.events.FixedThreadPoolWithAffinityExecutor$ContainerReportProcessTask.run(FixedThreadPoolWithAffinityExecutor.java:253)
        at java.base@17.0.11/java.util.concurrent.Executors$RunnableAdapter.call(Executors.java:539)
        at java.base@17.0.11/java.util.concurrent.FutureTask.run(FutureTask.java:264)
        at java.base@17.0.11/java.util.concurrent.ThreadPoolExecutor.runWorker(ThreadPoolExecutor.java:1136)
        at java.base@17.0.11/java.util.concurrent.ThreadPoolExecutor$Worker.run(ThreadPoolExecutor.java:635)
        at java.base@17.0.11/java.lang.Thread.run(Thread.java:840)
"IPC Server handler 38 on default port 15000" daemon prio=5 tid=101 timed_waiting
java.lang.Thread.State: TIMED_WAITING
        at java.base@17.0.11/jdk.internal.misc.Unsafe.park(Native Method)
        at java.base@17.0.11/java.util.concurrent.locks.LockSupport.parkNanos(LockSupport.java:252)
        at java.base@17.0.11/java.util.concurrent.locks.AbstractQueuedSynchronizer$ConditionObject.awaitNanos(AbstractQueuedSynchronizer.java:1674)
        at java.base@17.0.11/java.util.concurrent.LinkedBlockingQueue.poll(LinkedBlockingQueue.java:460)
        at app//org.apache.hadoop.ipc.CallQueueManager.take(CallQueueManager.java:317)
        at app//org.apache.hadoop.ipc.Server$Handler.run(Server.java:3014)
"IPC Server handler 61 on default port 15000" daemon prio=5 tid=124 timed_waiting
java.lang.Thread.State: TIMED_WAITING
        at java.base@17.0.11/jdk.internal.misc.Unsafe.park(Native Method)
        at java.base@17.0.11/java.util.concurrent.locks.LockSupport.parkNanos(LockSupport.java:252)
        at java.base@17.0.11/java.util.concurrent.locks.AbstractQueuedSynchronizer$ConditionObject.awaitNanos(AbstractQueuedSynchronizer.java:1674)
        at java.base@17.0.11/java.util.concurrent.LinkedBlockingQueue.poll(LinkedBlockingQueue.java:460)
        at app//org.apache.hadoop.ipc.CallQueueManager.take(CallQueueManager.java:317)
        at app//org.apache.hadoop.ipc.Server$Handler.run(Server.java:3014)
"IPC Server handler 83 on default port 15000" daemon prio=5 tid=146 timed_waiting
java.lang.Thread.State: TIMED_WAITING
        at java.base@17.0.11/jdk.internal.misc.Unsafe.park(Native Method)
        at java.base@17.0.11/java.util.concurrent.locks.LockSupport.parkNanos(LockSupport.java:252)
        at java.base@17.0.11/java.util.concurrent.locks.AbstractQueuedSynchronizer$ConditionObject.awaitNanos(AbstractQueuedSynchronizer.java:1674)
        at java.base@17.0.11/java.util.concurrent.LinkedBlockingQueue.poll(LinkedBlockingQueue.java:460)
        at app//org.apache.hadoop.ipc.CallQueueManager.take(CallQueueManager.java:317)
        at app//org.apache.hadoop.ipc.Server$Handler.run(Server.java:3014)
"IPC Server handler 30 on default port 15002" daemon prio=5 tid=293 timed_waiting
java.lang.Thread.State: TIMED_WAITING
        at java.base@17.0.11/jdk.internal.misc.Unsafe.park(Native Method)
        at java.base@17.0.11/java.util.concurrent.locks.LockSupport.parkNanos(LockSupport.java:252)
        at java.base@17.0.11/java.util.concurrent.locks.AbstractQueuedSynchronizer$ConditionObject.awaitNanos(AbstractQueuedSynchronizer.java:1674)
        at java.base@17.0.11/java.util.concurrent.LinkedBlockingQueue.poll(LinkedBlockingQueue.java:460)
        at app//org.apache.hadoop.ipc.CallQueueManager.take(CallQueueManager.java:317)
        at app//org.apache.hadoop.ipc.Server$Handler.run(Server.java:3014)
"Socket Reader #1 for port 15001"  prio=5 tid=43 runnable
java.lang.Thread.State: RUNNABLE
        at java.base@17.0.11/sun.nio.ch.EPoll.wait(Native Method)
        at java.base@17.0.11/sun.nio.ch.EPollSelectorImpl.doSelect(EPollSelectorImpl.java:118)
        at java.base@17.0.11/sun.nio.ch.SelectorImpl.lockAndDoSelect(SelectorImpl.java:129)
        at java.base@17.0.11/sun.nio.ch.SelectorImpl.select(SelectorImpl.java:146)
        at app//org.apache.hadoop.ipc.Server$Listener$Reader.doRunLoop(Server.java:1346)
        at app//org.apache.hadoop.ipc.Server$Listener$Reader.run(Server.java:1325)
"IPC Server handler 26 on default port 15002" daemon prio=5 tid=289 timed_waiting
java.lang.Thread.State: TIMED_WAITING
        at java.base@17.0.11/jdk.internal.misc.Unsafe.park(Native Method)
        at java.base@17.0.11/java.util.concurrent.locks.LockSupport.parkNanos(LockSupport.java:252)
        at java.base@17.0.11/java.util.concurrent.locks.AbstractQueuedSynchronizer$ConditionObject.awaitNanos(AbstractQueuedSynchronizer.java:1674)
        at java.base@17.0.11/java.util.concurrent.LinkedBlockingQueue.poll(LinkedBlockingQueue.java:460)
        at app//org.apache.hadoop.ipc.CallQueueManager.take(CallQueueManager.java:317)
        at app//org.apache.hadoop.ipc.Server$Handler.run(Server.java:3014)
"IPC Server handler 79 on default port 15001" daemon prio=5 tid=242 timed_waiting
java.lang.Thread.State: TIMED_WAITING
        at java.base@17.0.11/jdk.internal.misc.Unsafe.park(Native Method)
        at java.base@17.0.11/java.util.concurrent.locks.LockSupport.parkNanos(LockSupport.java:252)
        at java.base@17.0.11/java.util.concurrent.locks.AbstractQueuedSynchronizer$ConditionObject.awaitNanos(AbstractQueuedSynchronizer.java:1674)
        at java.base@17.0.11/java.util.concurrent.LinkedBlockingQueue.poll(LinkedBlockingQueue.java:460)
        at app//org.apache.hadoop.ipc.CallQueueManager.take(CallQueueManager.java:317)
        at app//org.apache.hadoop.ipc.Server$Handler.run(Server.java:3014)
"IPC Server handler 5 on default port 15001" daemon prio=5 tid=168 timed_waiting
java.lang.Thread.State: TIMED_WAITING
        at java.base@17.0.11/jdk.internal.misc.Unsafe.park(Native Method)
        at java.base@17.0.11/java.util.concurrent.locks.LockSupport.parkNanos(LockSupport.java:252)
        at java.base@17.0.11/java.util.concurrent.locks.AbstractQueuedSynchronizer$ConditionObject.awaitNanos(AbstractQueuedSynchronizer.java:1674)
        at java.base@17.0.11/java.util.concurrent.LinkedBlockingQueue.poll(LinkedBlockingQueue.java:460)
        at app//org.apache.hadoop.ipc.CallQueueManager.take(CallQueueManager.java:317)
        at app//org.apache.hadoop.ipc.Server$Handler.run(Server.java:3014)
"qtp305348271-503" daemon prio=5 tid=503 timed_waiting
java.lang.Thread.State: TIMED_WAITING
        at java.base@17.0.11/jdk.internal.misc.Unsafe.park(Native Method)
        at java.base@17.0.11/java.util.concurrent.locks.LockSupport.parkNanos(LockSupport.java:252)
        at java.base@17.0.11/java.util.concurrent.locks.AbstractQueuedSynchronizer$ConditionObject.awaitNanos(AbstractQueuedSynchronizer.java:1674)
        at app//org.eclipse.jetty.util.BlockingArrayQueue.poll(BlockingArrayQueue.java:382)
        at app//org.eclipse.jetty.util.thread.QueuedThreadPool$Runner.idleJobPoll(QueuedThreadPool.java:974)
        at app//org.eclipse.jetty.util.thread.QueuedThreadPool$Runner.run(QueuedThreadPool.java:1018)
        at java.base@17.0.11/java.lang.Thread.run(Thread.java:840)
"IPC Server handler 62 on default port 15002" daemon prio=5 tid=325 timed_waiting
java.lang.Thread.State: TIMED_WAITING
        at java.base@17.0.11/jdk.internal.misc.Unsafe.park(Native Method)
        at java.base@17.0.11/java.util.concurrent.locks.LockSupport.parkNanos(LockSupport.java:252)
        at java.base@17.0.11/java.util.concurrent.locks.AbstractQueuedSynchronizer$ConditionObject.awaitNanos(AbstractQueuedSynchronizer.java:1674)
        at java.base@17.0.11/java.util.concurrent.LinkedBlockingQueue.poll(LinkedBlockingQueue.java:460)
        at app//org.apache.hadoop.ipc.CallQueueManager.take(CallQueueManager.java:317)
        at app//org.apache.hadoop.ipc.Server$Handler.run(Server.java:3014)
"IPC Server handler 21 on default port 15002" daemon prio=5 tid=284 timed_waiting
java.lang.Thread.State: TIMED_WAITING
        at java.base@17.0.11/jdk.internal.misc.Unsafe.park(Native Method)
        at java.base@17.0.11/java.util.concurrent.locks.LockSupport.parkNanos(LockSupport.java:252)
        at java.base@17.0.11/java.util.concurrent.locks.AbstractQueuedSynchronizer$ConditionObject.awaitNanos(AbstractQueuedSynchronizer.java:1674)
        at java.base@17.0.11/java.util.concurrent.LinkedBlockingQueue.poll(LinkedBlockingQueue.java:460)
        at app//org.apache.hadoop.ipc.CallQueueManager.take(CallQueueManager.java:317)
        at app//org.apache.hadoop.ipc.Server$Handler.run(Server.java:3014)
"IPC Server handler 9 on default port 15002" daemon prio=5 tid=272 timed_waiting
java.lang.Thread.State: TIMED_WAITING
        at java.base@17.0.11/jdk.internal.misc.Unsafe.park(Native Method)
        at java.base@17.0.11/java.util.concurrent.locks.LockSupport.parkNanos(LockSupport.java:252)
        at java.base@17.0.11/java.util.concurrent.locks.AbstractQueuedSynchronizer$ConditionObject.awaitNanos(AbstractQueuedSynchronizer.java:1674)
        at java.base@17.0.11/java.util.concurrent.LinkedBlockingQueue.poll(LinkedBlockingQueue.java:460)
        at app//org.apache.hadoop.ipc.CallQueueManager.take(CallQueueManager.java:317)
        at app//org.apache.hadoop.ipc.Server$Handler.run(Server.java:3014)
"c511b233-3aa4-4954-9335-f5d54c64e497-PeriodicHDDSVolumeChecker" daemon prio=5 tid=582 timed_waiting
java.lang.Thread.State: TIMED_WAITING
        at java.base@17.0.11/jdk.internal.misc.Unsafe.park(Native Method)
        at java.base@17.0.11/java.util.concurrent.locks.LockSupport.parkNanos(LockSupport.java:252)
        at java.base@17.0.11/java.util.concurrent.locks.AbstractQueuedSynchronizer$ConditionObject.awaitNanos(AbstractQueuedSynchronizer.java:1674)
        at java.base@17.0.11/java.util.concurrent.ScheduledThreadPoolExecutor$DelayedWorkQueue.take(ScheduledThreadPoolExecutor.java:1182)
        at java.base@17.0.11/java.util.concurrent.ScheduledThreadPoolExecutor$DelayedWorkQueue.take(ScheduledThreadPoolExecutor.java:899)
        at java.base@17.0.11/java.util.concurrent.ThreadPoolExecutor.getTask(ThreadPoolExecutor.java:1062)
        at java.base@17.0.11/java.util.concurrent.ThreadPoolExecutor.runWorker(ThreadPoolExecutor.java:1122)
        at java.base@17.0.11/java.util.concurrent.ThreadPoolExecutor$Worker.run(ThreadPoolExecutor.java:635)
        at java.base@17.0.11/java.lang.Thread.run(Thread.java:840)
"IPC Server listener on 15000" daemon prio=5 tid=47 runnable
java.lang.Thread.State: RUNNABLE
        at java.base@17.0.11/sun.nio.ch.EPoll.wait(Native Method)
        at java.base@17.0.11/sun.nio.ch.EPollSelectorImpl.doSelect(EPollSelectorImpl.java:118)
        at java.base@17.0.11/sun.nio.ch.SelectorImpl.lockAndDoSelect(SelectorImpl.java:129)
        at java.base@17.0.11/sun.nio.ch.SelectorImpl.select(SelectorImpl.java:146)
        at app//org.apache.hadoop.ipc.Server$Listener.run(Server.java:1408)
"IPC Server handler 50 on default port 15000" daemon prio=5 tid=113 timed_waiting
java.lang.Thread.State: TIMED_WAITING
        at java.base@17.0.11/jdk.internal.misc.Unsafe.park(Native Method)
        at java.base@17.0.11/java.util.concurrent.locks.LockSupport.parkNanos(LockSupport.java:252)
        at java.base@17.0.11/java.util.concurrent.locks.AbstractQueuedSynchronizer$ConditionObject.awaitNanos(AbstractQueuedSynchronizer.java:1674)
        at java.base@17.0.11/java.util.concurrent.LinkedBlockingQueue.poll(LinkedBlockingQueue.java:460)
        at app//org.apache.hadoop.ipc.CallQueueManager.take(CallQueueManager.java:317)
        at app//org.apache.hadoop.ipc.Server$Handler.run(Server.java:3014)
"IPC Server handler 22 on default port 15000" daemon prio=5 tid=85 timed_waiting
java.lang.Thread.State: TIMED_WAITING
        at java.base@17.0.11/jdk.internal.misc.Unsafe.park(Native Method)
        at java.base@17.0.11/java.util.concurrent.locks.LockSupport.parkNanos(LockSupport.java:252)
        at java.base@17.0.11/java.util.concurrent.locks.AbstractQueuedSynchronizer$ConditionObject.awaitNanos(AbstractQueuedSynchronizer.java:1674)
        at java.base@17.0.11/java.util.concurrent.LinkedBlockingQueue.poll(LinkedBlockingQueue.java:460)
        at app//org.apache.hadoop.ipc.CallQueueManager.take(CallQueueManager.java:317)
        at app//org.apache.hadoop.ipc.Server$Handler.run(Server.java:3014)
"c511b233-3aa4-4954-9335-f5d54c64e497-BlockDeletingService#1" daemon prio=5 tid=596 in Object.wait()
java.lang.Thread.State: WAITING (on object monitor)
        at java.base@17.0.11/jdk.internal.misc.Unsafe.park(Native Method)
        at java.base@17.0.11/java.util.concurrent.locks.LockSupport.park(LockSupport.java:341)
        at java.base@17.0.11/java.util.concurrent.locks.AbstractQueuedSynchronizer$ConditionNode.block(AbstractQueuedSynchronizer.java:506)
        at java.base@17.0.11/java.util.concurrent.ForkJoinPool.unmanagedBlock(ForkJoinPool.java:3465)
        at java.base@17.0.11/java.util.concurrent.ForkJoinPool.managedBlock(ForkJoinPool.java:3436)
        at java.base@17.0.11/java.util.concurrent.locks.AbstractQueuedSynchronizer$ConditionObject.await(AbstractQueuedSynchronizer.java:1625)
        at java.base@17.0.11/java.util.concurrent.ScheduledThreadPoolExecutor$DelayedWorkQueue.take(ScheduledThreadPoolExecutor.java:1177)
        at java.base@17.0.11/java.util.concurrent.ScheduledThreadPoolExecutor$DelayedWorkQueue.take(ScheduledThreadPoolExecutor.java:899)
        at java.base@17.0.11/java.util.concurrent.ThreadPoolExecutor.getTask(ThreadPoolExecutor.java:1062)
        at java.base@17.0.11/java.util.concurrent.ThreadPoolExecutor.runWorker(ThreadPoolExecutor.java:1122)
        at java.base@17.0.11/java.util.concurrent.ThreadPoolExecutor$Worker.run(ThreadPoolExecutor.java:635)
        at java.base@17.0.11/java.lang.Thread.run(Thread.java:840)
"Hadoop-Metrics-Updater-0" daemon prio=5 tid=458 timed_waiting
java.lang.Thread.State: TIMED_WAITING
        at java.base@17.0.11/jdk.internal.misc.Unsafe.park(Native Method)
        at java.base@17.0.11/java.util.concurrent.locks.LockSupport.parkNanos(LockSupport.java:252)
        at java.base@17.0.11/java.util.concurrent.locks.AbstractQueuedSynchronizer$ConditionObject.awaitNanos(AbstractQueuedSynchronizer.java:1674)
        at java.base@17.0.11/java.util.concurrent.ScheduledThreadPoolExecutor$DelayedWorkQueue.take(ScheduledThreadPoolExecutor.java:1182)
        at java.base@17.0.11/java.util.concurrent.ScheduledThreadPoolExecutor$DelayedWorkQueue.take(ScheduledThreadPoolExecutor.java:899)
        at java.base@17.0.11/java.util.concurrent.ThreadPoolExecutor.getTask(ThreadPoolExecutor.java:1062)
        at java.base@17.0.11/java.util.concurrent.ThreadPoolExecutor.runWorker(ThreadPoolExecutor.java:1122)
        at java.base@17.0.11/java.util.concurrent.ThreadPoolExecutor$Worker.run(ThreadPoolExecutor.java:635)
        at java.base@17.0.11/java.lang.Thread.run(Thread.java:840)
"IPC Server handler 43 on default port 15000" daemon prio=5 tid=106 timed_waiting
java.lang.Thread.State: TIMED_WAITING
        at java.base@17.0.11/jdk.internal.misc.Unsafe.park(Native Method)
        at java.base@17.0.11/java.util.concurrent.locks.LockSupport.parkNanos(LockSupport.java:252)
        at java.base@17.0.11/java.util.concurrent.locks.AbstractQueuedSynchronizer$ConditionObject.awaitNanos(AbstractQueuedSynchronizer.java:1674)
        at java.base@17.0.11/java.util.concurrent.LinkedBlockingQueue.poll(LinkedBlockingQueue.java:460)
        at app//org.apache.hadoop.ipc.CallQueueManager.take(CallQueueManager.java:317)
        at app//org.apache.hadoop.ipc.Server$Handler.run(Server.java:3014)
"IPC Server handler 99 on default port 15002" daemon prio=5 tid=362 timed_waiting
java.lang.Thread.State: TIMED_WAITING
        at java.base@17.0.11/jdk.internal.misc.Unsafe.park(Native Method)
        at java.base@17.0.11/java.util.concurrent.locks.LockSupport.parkNanos(LockSupport.java:252)
        at java.base@17.0.11/java.util.concurrent.locks.AbstractQueuedSynchronizer$ConditionObject.awaitNanos(AbstractQueuedSynchronizer.java:1674)
        at java.base@17.0.11/java.util.concurrent.LinkedBlockingQueue.poll(LinkedBlockingQueue.java:460)
        at app//org.apache.hadoop.ipc.CallQueueManager.take(CallQueueManager.java:317)
        at app//org.apache.hadoop.ipc.Server$Handler.run(Server.java:3014)
"Notification Thread" daemon prio=9 tid=13 runnable
java.lang.Thread.State: RUNNABLE
"IPC Server idle connection scanner for port 15000" daemon prio=5 tid=49 timed_waiting
java.lang.Thread.State: TIMED_WAITING
        at java.base@17.0.11/java.lang.Object.wait(Native Method)
        at java.base@17.0.11/java.util.TimerThread.mainLoop(Timer.java:563)
        at java.base@17.0.11/java.util.TimerThread.run(Timer.java:516)
"b47eb027-4b7a-4ddc-bf7f-0870758e0604-DatanodeReportManager-0" daemon prio=5 tid=515 in Object.wait()
java.lang.Thread.State: WAITING (on object monitor)
        at java.base@17.0.11/jdk.internal.misc.Unsafe.park(Native Method)
        at java.base@17.0.11/java.util.concurrent.locks.LockSupport.park(LockSupport.java:341)
        at java.base@17.0.11/java.util.concurrent.locks.AbstractQueuedSynchronizer$ConditionNode.block(AbstractQueuedSynchronizer.java:506)
        at java.base@17.0.11/java.util.concurrent.ForkJoinPool.unmanagedBlock(ForkJoinPool.java:3465)
        at java.base@17.0.11/java.util.concurrent.ForkJoinPool.managedBlock(ForkJoinPool.java:3436)
        at java.base@17.0.11/java.util.concurrent.locks.AbstractQueuedSynchronizer$ConditionObject.await(AbstractQueuedSynchronizer.java:1625)
        at java.base@17.0.11/java.util.concurrent.ScheduledThreadPoolExecutor$DelayedWorkQueue.take(ScheduledThreadPoolExecutor.java:1177)
        at java.base@17.0.11/java.util.concurrent.ScheduledThreadPoolExecutor$DelayedWorkQueue.take(ScheduledThreadPoolExecutor.java:899)
        at java.base@17.0.11/java.util.concurrent.ThreadPoolExecutor.getTask(ThreadPoolExecutor.java:1062)
        at java.base@17.0.11/java.util.concurrent.ThreadPoolExecutor.runWorker(ThreadPoolExecutor.java:1122)
        at java.base@17.0.11/java.util.concurrent.ThreadPoolExecutor$Worker.run(ThreadPoolExecutor.java:635)
        at java.base@17.0.11/java.lang.Thread.run(Thread.java:840)
"IPC Server handler 29 on default port 15000" daemon prio=5 tid=92 timed_waiting
java.lang.Thread.State: TIMED_WAITING
        at java.base@17.0.11/jdk.internal.misc.Unsafe.park(Native Method)
        at java.base@17.0.11/java.util.concurrent.locks.LockSupport.parkNanos(LockSupport.java:252)
        at java.base@17.0.11/java.util.concurrent.locks.AbstractQueuedSynchronizer$ConditionObject.awaitNanos(AbstractQueuedSynchronizer.java:1674)
        at java.base@17.0.11/java.util.concurrent.LinkedBlockingQueue.poll(LinkedBlockingQueue.java:460)
        at app//org.apache.hadoop.ipc.CallQueueManager.take(CallQueueManager.java:317)
        at app//org.apache.hadoop.ipc.Server$Handler.run(Server.java:3014)
"IPC Server handler 93 on default port 15002" daemon prio=5 tid=356 timed_waiting
java.lang.Thread.State: TIMED_WAITING
        at java.base@17.0.11/jdk.internal.misc.Unsafe.park(Native Method)
        at java.base@17.0.11/java.util.concurrent.locks.LockSupport.parkNanos(LockSupport.java:252)
        at java.base@17.0.11/java.util.concurrent.locks.AbstractQueuedSynchronizer$ConditionObject.awaitNanos(AbstractQueuedSynchronizer.java:1674)
        at java.base@17.0.11/java.util.concurrent.LinkedBlockingQueue.poll(LinkedBlockingQueue.java:460)
        at app//org.apache.hadoop.ipc.CallQueueManager.take(CallQueueManager.java:317)
        at app//org.apache.hadoop.ipc.Server$Handler.run(Server.java:3014)
"pool-109-thread-1" daemon prio=5 tid=620 timed_waiting
java.lang.Thread.State: TIMED_WAITING
        at java.base@17.0.11/jdk.internal.misc.Unsafe.park(Native Method)
        at java.base@17.0.11/java.util.concurrent.locks.LockSupport.parkNanos(LockSupport.java:252)
        at java.base@17.0.11/java.util.concurrent.locks.AbstractQueuedSynchronizer$ConditionObject.awaitNanos(AbstractQueuedSynchronizer.java:1674)
        at java.base@17.0.11/java.util.concurrent.ScheduledThreadPoolExecutor$DelayedWorkQueue.take(ScheduledThreadPoolExecutor.java:1182)
        at java.base@17.0.11/java.util.concurrent.ScheduledThreadPoolExecutor$DelayedWorkQueue.take(ScheduledThreadPoolExecutor.java:899)
        at java.base@17.0.11/java.util.concurrent.ThreadPoolExecutor.getTask(ThreadPoolExecutor.java:1062)
        at java.base@17.0.11/java.util.concurrent.ThreadPoolExecutor.runWorker(ThreadPoolExecutor.java:1122)
        at java.base@17.0.11/java.util.concurrent.ThreadPoolExecutor$Worker.run(ThreadPoolExecutor.java:635)
        at java.base@17.0.11/java.lang.Thread.run(Thread.java:840)
"6d6fe673-47e6-46c0-a6fc-601f54cde379-ContainerReplicationThread-0" daemon prio=5 tid=940 in Object.wait()
java.lang.Thread.State: WAITING (on object monitor)
        at java.base@17.0.11/jdk.internal.misc.Unsafe.park(Native Method)
        at java.base@17.0.11/java.util.concurrent.locks.LockSupport.park(LockSupport.java:341)
        at java.base@17.0.11/java.util.concurrent.locks.AbstractQueuedSynchronizer$ConditionNode.block(AbstractQueuedSynchronizer.java:506)
        at java.base@17.0.11/java.util.concurrent.ForkJoinPool.unmanagedBlock(ForkJoinPool.java:3465)
        at java.base@17.0.11/java.util.concurrent.ForkJoinPool.managedBlock(ForkJoinPool.java:3436)
        at java.base@17.0.11/java.util.concurrent.locks.AbstractQueuedSynchronizer$ConditionObject.await(AbstractQueuedSynchronizer.java:1625)
        at java.base@17.0.11/java.util.concurrent.PriorityBlockingQueue.take(PriorityBlockingQueue.java:535)
        at java.base@17.0.11/java.util.concurrent.ThreadPoolExecutor.getTask(ThreadPoolExecutor.java:1062)
        at java.base@17.0.11/java.util.concurrent.ThreadPoolExecutor.runWorker(ThreadPoolExecutor.java:1122)
        at java.base@17.0.11/java.util.concurrent.ThreadPoolExecutor$Worker.run(ThreadPoolExecutor.java:635)
        at java.base@17.0.11/java.lang.Thread.run(Thread.java:840)
"IPC Server handler 40 on default port 15000" daemon prio=5 tid=103 timed_waiting
java.lang.Thread.State: TIMED_WAITING
        at java.base@17.0.11/jdk.internal.misc.Unsafe.park(Native Method)
        at java.base@17.0.11/java.util.concurrent.locks.LockSupport.parkNanos(LockSupport.java:252)
        at java.base@17.0.11/java.util.concurrent.locks.AbstractQueuedSynchronizer$ConditionObject.awaitNanos(AbstractQueuedSynchronizer.java:1674)
        at java.base@17.0.11/java.util.concurrent.LinkedBlockingQueue.poll(LinkedBlockingQueue.java:460)
        at app//org.apache.hadoop.ipc.CallQueueManager.take(CallQueueManager.java:317)
        at app//org.apache.hadoop.ipc.Server$Handler.run(Server.java:3014)
"fdf93896-5abf-403c-99a8-bb8ea43c9a14-groupManagement"  prio=5 tid=691 in Object.wait()
java.lang.Thread.State: WAITING (on object monitor)
        at java.base@17.0.11/jdk.internal.misc.Unsafe.park(Native Method)
        at java.base@17.0.11/java.util.concurrent.locks.LockSupport.park(LockSupport.java:341)
        at java.base@17.0.11/java.util.concurrent.locks.AbstractQueuedSynchronizer$ConditionNode.block(AbstractQueuedSynchronizer.java:506)
        at java.base@17.0.11/java.util.concurrent.ForkJoinPool.unmanagedBlock(ForkJoinPool.java:3465)
        at java.base@17.0.11/java.util.concurrent.ForkJoinPool.managedBlock(ForkJoinPool.java:3436)
        at java.base@17.0.11/java.util.concurrent.locks.AbstractQueuedSynchronizer$ConditionObject.await(AbstractQueuedSynchronizer.java:1625)
        at java.base@17.0.11/java.util.concurrent.LinkedBlockingQueue.take(LinkedBlockingQueue.java:435)
        at java.base@17.0.11/java.util.concurrent.ThreadPoolExecutor.getTask(ThreadPoolExecutor.java:1062)
        at java.base@17.0.11/java.util.concurrent.ThreadPoolExecutor.runWorker(ThreadPoolExecutor.java:1122)
        at java.base@17.0.11/java.util.concurrent.ThreadPoolExecutor$Worker.run(ThreadPoolExecutor.java:635)
        at java.base@17.0.11/java.lang.Thread.run(Thread.java:840)
"IPC Server handler 99 on default port 15000" daemon prio=5 tid=162 timed_waiting
java.lang.Thread.State: TIMED_WAITING
        at java.base@17.0.11/jdk.internal.misc.Unsafe.park(Native Method)
        at java.base@17.0.11/java.util.concurrent.locks.LockSupport.parkNanos(LockSupport.java:252)
        at java.base@17.0.11/java.util.concurrent.locks.AbstractQueuedSynchronizer$ConditionObject.awaitNanos(AbstractQueuedSynchronizer.java:1674)
        at java.base@17.0.11/java.util.concurrent.LinkedBlockingQueue.poll(LinkedBlockingQueue.java:460)
        at app//org.apache.hadoop.ipc.CallQueueManager.take(CallQueueManager.java:317)
        at app//org.apache.hadoop.ipc.Server$Handler.run(Server.java:3014)
"qtp852779561-371" daemon prio=5 tid=371 timed_waiting
java.lang.Thread.State: TIMED_WAITING
        at java.base@17.0.11/jdk.internal.misc.Unsafe.park(Native Method)
        at java.base@17.0.11/java.util.concurrent.locks.LockSupport.parkNanos(LockSupport.java:252)
        at java.base@17.0.11/java.util.concurrent.locks.AbstractQueuedSynchronizer$ConditionObject.awaitNanos(AbstractQueuedSynchronizer.java:1674)
        at app//org.eclipse.jetty.util.BlockingArrayQueue.poll(BlockingArrayQueue.java:382)
        at app//org.eclipse.jetty.util.thread.QueuedThreadPool$Runner.idleJobPoll(QueuedThreadPool.java:974)
        at app//org.eclipse.jetty.util.thread.QueuedThreadPool$Runner.run(QueuedThreadPool.java:1018)
        at java.base@17.0.11/java.lang.Thread.run(Thread.java:840)
"IPC Server handler 55 on default port 15002" daemon prio=5 tid=318 timed_waiting
java.lang.Thread.State: TIMED_WAITING
        at java.base@17.0.11/jdk.internal.misc.Unsafe.park(Native Method)
        at java.base@17.0.11/java.util.concurrent.locks.LockSupport.parkNanos(LockSupport.java:252)
        at java.base@17.0.11/java.util.concurrent.locks.AbstractQueuedSynchronizer$ConditionObject.awaitNanos(AbstractQueuedSynchronizer.java:1674)
        at java.base@17.0.11/java.util.concurrent.LinkedBlockingQueue.poll(LinkedBlockingQueue.java:460)
        at app//org.apache.hadoop.ipc.CallQueueManager.take(CallQueueManager.java:317)
        at app//org.apache.hadoop.ipc.Server$Handler.run(Server.java:3014)
"PartialTableCache-Cleanup-0" daemon prio=5 tid=889 in Object.wait()
java.lang.Thread.State: WAITING (on object monitor)
        at java.base@17.0.11/jdk.internal.misc.Unsafe.park(Native Method)
        at java.base@17.0.11/java.util.concurrent.locks.LockSupport.park(LockSupport.java:341)
        at java.base@17.0.11/java.util.concurrent.locks.AbstractQueuedSynchronizer$ConditionNode.block(AbstractQueuedSynchronizer.java:506)
        at java.base@17.0.11/java.util.concurrent.ForkJoinPool.unmanagedBlock(ForkJoinPool.java:3465)
        at java.base@17.0.11/java.util.concurrent.ForkJoinPool.managedBlock(ForkJoinPool.java:3436)
        at java.base@17.0.11/java.util.concurrent.locks.AbstractQueuedSynchronizer$ConditionObject.await(AbstractQueuedSynchronizer.java:1625)
        at java.base@17.0.11/java.util.concurrent.LinkedBlockingQueue.take(LinkedBlockingQueue.java:435)
        at java.base@17.0.11/java.util.concurrent.ThreadPoolExecutor.getTask(ThreadPoolExecutor.java:1062)
        at java.base@17.0.11/java.util.concurrent.ThreadPoolExecutor.runWorker(ThreadPoolExecutor.java:1122)
        at java.base@17.0.11/java.util.concurrent.ThreadPoolExecutor$Worker.run(ThreadPoolExecutor.java:635)
        at java.base@17.0.11/java.lang.Thread.run(Thread.java:840)
"IPC Server handler 41 on default port 15001" daemon prio=5 tid=204 timed_waiting
java.lang.Thread.State: TIMED_WAITING
        at java.base@17.0.11/jdk.internal.misc.Unsafe.park(Native Method)
        at java.base@17.0.11/java.util.concurrent.locks.LockSupport.parkNanos(LockSupport.java:252)
        at java.base@17.0.11/java.util.concurrent.locks.AbstractQueuedSynchronizer$ConditionObject.awaitNanos(AbstractQueuedSynchronizer.java:1674)
        at java.base@17.0.11/java.util.concurrent.LinkedBlockingQueue.poll(LinkedBlockingQueue.java:460)
        at app//org.apache.hadoop.ipc.CallQueueManager.take(CallQueueManager.java:317)
        at app//org.apache.hadoop.ipc.Server$Handler.run(Server.java:3014)
"IPC Server handler 11 on default port 15002" daemon prio=5 tid=274 timed_waiting
java.lang.Thread.State: TIMED_WAITING
        at java.base@17.0.11/jdk.internal.misc.Unsafe.park(Native Method)
        at java.base@17.0.11/java.util.concurrent.locks.LockSupport.parkNanos(LockSupport.java:252)
        at java.base@17.0.11/java.util.concurrent.locks.AbstractQueuedSynchronizer$ConditionObject.awaitNanos(AbstractQueuedSynchronizer.java:1674)
        at java.base@17.0.11/java.util.concurrent.LinkedBlockingQueue.poll(LinkedBlockingQueue.java:460)
        at app//org.apache.hadoop.ipc.CallQueueManager.take(CallQueueManager.java:317)
        at app//org.apache.hadoop.ipc.Server$Handler.run(Server.java:3014)
"IPC Server handler 34 on default port 15000" daemon prio=5 tid=97 timed_waiting
java.lang.Thread.State: TIMED_WAITING
        at java.base@17.0.11/jdk.internal.misc.Unsafe.park(Native Method)
        at java.base@17.0.11/java.util.concurrent.locks.LockSupport.parkNanos(LockSupport.java:252)
        at java.base@17.0.11/java.util.concurrent.locks.AbstractQueuedSynchronizer$ConditionObject.awaitNanos(AbstractQueuedSynchronizer.java:1674)
        at java.base@17.0.11/java.util.concurrent.LinkedBlockingQueue.poll(LinkedBlockingQueue.java:460)
        at app//org.apache.hadoop.ipc.CallQueueManager.take(CallQueueManager.java:317)
        at app//org.apache.hadoop.ipc.Server$Handler.run(Server.java:3014)
"qtp701332382-417" daemon prio=5 tid=417 timed_waiting
java.lang.Thread.State: TIMED_WAITING
        at java.base@17.0.11/jdk.internal.misc.Unsafe.park(Native Method)
        at java.base@17.0.11/java.util.concurrent.locks.LockSupport.parkNanos(LockSupport.java:252)
        at java.base@17.0.11/java.util.concurrent.locks.AbstractQueuedSynchronizer$ConditionObject.awaitNanos(AbstractQueuedSynchronizer.java:1674)
        at app//org.eclipse.jetty.util.BlockingArrayQueue.poll(BlockingArrayQueue.java:382)
        at app//org.eclipse.jetty.util.thread.QueuedThreadPool$Runner.idleJobPoll(QueuedThreadPool.java:974)
        at app//org.eclipse.jetty.util.thread.QueuedThreadPool$Runner.run(QueuedThreadPool.java:1018)
        at java.base@17.0.11/java.lang.Thread.run(Thread.java:840)
"IPC Server handler 41 on default port 15002" daemon prio=5 tid=304 timed_waiting
java.lang.Thread.State: TIMED_WAITING
        at java.base@17.0.11/jdk.internal.misc.Unsafe.park(Native Method)
        at java.base@17.0.11/java.util.concurrent.locks.LockSupport.parkNanos(LockSupport.java:252)
        at java.base@17.0.11/java.util.concurrent.locks.AbstractQueuedSynchronizer$ConditionObject.awaitNanos(AbstractQueuedSynchronizer.java:1674)
        at java.base@17.0.11/java.util.concurrent.LinkedBlockingQueue.poll(LinkedBlockingQueue.java:460)
        at app//org.apache.hadoop.ipc.CallQueueManager.take(CallQueueManager.java:317)
        at app//org.apache.hadoop.ipc.Server$Handler.run(Server.java:3014)
"IPC Server handler 0 on default port 15000" daemon prio=5 tid=63 timed_waiting
java.lang.Thread.State: TIMED_WAITING
        at java.base@17.0.11/jdk.internal.misc.Unsafe.park(Native Method)
        at java.base@17.0.11/java.util.concurrent.locks.LockSupport.parkNanos(LockSupport.java:252)
        at java.base@17.0.11/java.util.concurrent.locks.AbstractQueuedSynchronizer$ConditionObject.awaitNanos(AbstractQueuedSynchronizer.java:1674)
        at java.base@17.0.11/java.util.concurrent.LinkedBlockingQueue.poll(LinkedBlockingQueue.java:460)
        at app//org.apache.hadoop.ipc.CallQueueManager.take(CallQueueManager.java:317)
        at app//org.apache.hadoop.ipc.Server$Handler.run(Server.java:3014)
"IPC Server handler 63 on default port 15000" daemon prio=5 tid=126 timed_waiting
java.lang.Thread.State: TIMED_WAITING
        at java.base@17.0.11/jdk.internal.misc.Unsafe.park(Native Method)
        at java.base@17.0.11/java.util.concurrent.locks.LockSupport.parkNanos(LockSupport.java:252)
        at java.base@17.0.11/java.util.concurrent.locks.AbstractQueuedSynchronizer$ConditionObject.awaitNanos(AbstractQueuedSynchronizer.java:1674)
        at java.base@17.0.11/java.util.concurrent.LinkedBlockingQueue.poll(LinkedBlockingQueue.java:460)
        at app//org.apache.hadoop.ipc.CallQueueManager.take(CallQueueManager.java:317)
        at app//org.apache.hadoop.ipc.Server$Handler.run(Server.java:3014)
"IPC Server handler 39 on default port 15001" daemon prio=5 tid=202 timed_waiting
java.lang.Thread.State: TIMED_WAITING
        at java.base@17.0.11/jdk.internal.misc.Unsafe.park(Native Method)
        at java.base@17.0.11/java.util.concurrent.locks.LockSupport.parkNanos(LockSupport.java:252)
        at java.base@17.0.11/java.util.concurrent.locks.AbstractQueuedSynchronizer$ConditionObject.awaitNanos(AbstractQueuedSynchronizer.java:1674)
        at java.base@17.0.11/java.util.concurrent.LinkedBlockingQueue.poll(LinkedBlockingQueue.java:460)
        at app//org.apache.hadoop.ipc.CallQueueManager.take(CallQueueManager.java:317)
        at app//org.apache.hadoop.ipc.Server$Handler.run(Server.java:3014)
"qtp1443753836-527" daemon prio=5 tid=527 runnable
java.lang.Thread.State: RUNNABLE
        at java.base@17.0.11/sun.nio.ch.EPoll.wait(Native Method)
        at java.base@17.0.11/sun.nio.ch.EPollSelectorImpl.doSelect(EPollSelectorImpl.java:118)
        at java.base@17.0.11/sun.nio.ch.SelectorImpl.lockAndDoSelect(SelectorImpl.java:129)
        at java.base@17.0.11/sun.nio.ch.SelectorImpl.select(SelectorImpl.java:146)
        at app//org.eclipse.jetty.io.ManagedSelector.nioSelect(ManagedSelector.java:183)
        at app//org.eclipse.jetty.io.ManagedSelector.select(ManagedSelector.java:190)
        at app//org.eclipse.jetty.io.ManagedSelector$SelectorProducer.select(ManagedSelector.java:606)
        at app//org.eclipse.jetty.io.ManagedSelector$SelectorProducer.produce(ManagedSelector.java:543)
        at app//org.eclipse.jetty.util.thread.strategy.EatWhatYouKill.produceTask(EatWhatYouKill.java:362)
        at app//org.eclipse.jetty.util.thread.strategy.EatWhatYouKill.doProduce(EatWhatYouKill.java:186)
        at app//org.eclipse.jetty.util.thread.strategy.EatWhatYouKill.tryProduce(EatWhatYouKill.java:173)
        at app//org.eclipse.jetty.util.thread.strategy.EatWhatYouKill.produce(EatWhatYouKill.java:137)
        at app//org.eclipse.jetty.io.ManagedSelector$$Lambda$835/0x00007f53846a1738.run(Unknown Source)
        at app//org.eclipse.jetty.util.thread.QueuedThreadPool.runJob(QueuedThreadPool.java:883)
        at app//org.eclipse.jetty.util.thread.QueuedThreadPool$Runner.run(QueuedThreadPool.java:1034)
        at java.base@17.0.11/java.lang.Thread.run(Thread.java:840)
"om1-SstFilteringService#0" daemon prio=5 tid=405 timed_waiting
java.lang.Thread.State: TIMED_WAITING
        at java.base@17.0.11/jdk.internal.misc.Unsafe.park(Native Method)
        at java.base@17.0.11/java.util.concurrent.locks.LockSupport.parkNanos(LockSupport.java:252)
        at java.base@17.0.11/java.util.concurrent.locks.AbstractQueuedSynchronizer$ConditionObject.awaitNanos(AbstractQueuedSynchronizer.java:1674)
        at java.base@17.0.11/java.util.concurrent.ScheduledThreadPoolExecutor$DelayedWorkQueue.take(ScheduledThreadPoolExecutor.java:1182)
        at java.base@17.0.11/java.util.concurrent.ScheduledThreadPoolExecutor$DelayedWorkQueue.take(ScheduledThreadPoolExecutor.java:899)
        at java.base@17.0.11/java.util.concurrent.ThreadPoolExecutor.getTask(ThreadPoolExecutor.java:1062)
        at java.base@17.0.11/java.util.concurrent.ThreadPoolExecutor.runWorker(ThreadPoolExecutor.java:1122)
        at java.base@17.0.11/java.util.concurrent.ThreadPoolExecutor$Worker.run(ThreadPoolExecutor.java:635)
        at java.base@17.0.11/java.lang.Thread.run(Thread.java:840)
"6d6fe673-47e6-46c0-a6fc-601f54cde379-DataNodeDiskCheckerThread-0" daemon prio=5 tid=638 timed_waiting
java.lang.Thread.State: TIMED_WAITING
        at java.base@17.0.11/jdk.internal.misc.Unsafe.park(Native Method)
        at java.base@17.0.11/java.util.concurrent.locks.LockSupport.parkNanos(LockSupport.java:252)
        at java.base@17.0.11/java.util.concurrent.SynchronousQueue$TransferStack.transfer(SynchronousQueue.java:401)
        at java.base@17.0.11/java.util.concurrent.SynchronousQueue.poll(SynchronousQueue.java:903)
        at java.base@17.0.11/java.util.concurrent.ThreadPoolExecutor.getTask(ThreadPoolExecutor.java:1061)
        at java.base@17.0.11/java.util.concurrent.ThreadPoolExecutor.runWorker(ThreadPoolExecutor.java:1122)
        at java.base@17.0.11/java.util.concurrent.ThreadPoolExecutor$Worker.run(ThreadPoolExecutor.java:635)
        at java.base@17.0.11/java.lang.Thread.run(Thread.java:840)
"om1@group-C5BA1605619E-SegmentedRaftLogWorker"  prio=5 tid=393 timed_waiting
java.lang.Thread.State: TIMED_WAITING
        at java.base@17.0.11/jdk.internal.misc.Unsafe.park(Native Method)
        at java.base@17.0.11/java.util.concurrent.locks.LockSupport.parkNanos(LockSupport.java:252)
        at java.base@17.0.11/java.util.concurrent.locks.AbstractQueuedSynchronizer$ConditionObject.awaitNanos(AbstractQueuedSynchronizer.java:1674)
        at app//org.apache.ratis.util.DataBlockingQueue.poll(DataBlockingQueue.java:148)
        at app//org.apache.ratis.server.raftlog.segmented.SegmentedRaftLogWorker.run(SegmentedRaftLogWorker.java:299)
        at app//org.apache.ratis.server.raftlog.segmented.SegmentedRaftLogWorker$$Lambda$1174/0x00007f53848736a8.run(Unknown Source)
        at java.base@17.0.11/java.util.concurrent.Executors$RunnableAdapter.call(Executors.java:539)
        at java.base@17.0.11/java.util.concurrent.FutureTask.run(FutureTask.java:264)
        at java.base@17.0.11/java.util.concurrent.ThreadPoolExecutor.runWorker(ThreadPoolExecutor.java:1136)
        at java.base@17.0.11/java.util.concurrent.ThreadPoolExecutor$Worker.run(ThreadPoolExecutor.java:635)
        at java.base@17.0.11/java.lang.Thread.run(Thread.java:840)
"qtp852779561-370" daemon prio=5 tid=370 timed_waiting
java.lang.Thread.State: TIMED_WAITING
        at java.base@17.0.11/jdk.internal.misc.Unsafe.park(Native Method)
        at java.base@17.0.11/java.util.concurrent.locks.LockSupport.parkNanos(LockSupport.java:252)
        at java.base@17.0.11/java.util.concurrent.locks.AbstractQueuedSynchronizer$ConditionObject.awaitNanos(AbstractQueuedSynchronizer.java:1674)
        at app//org.eclipse.jetty.util.BlockingArrayQueue.poll(BlockingArrayQueue.java:382)
        at app//org.eclipse.jetty.util.thread.QueuedThreadPool$Runner.idleJobPoll(QueuedThreadPool.java:974)
        at app//org.eclipse.jetty.util.thread.QueuedThreadPool$Runner.run(QueuedThreadPool.java:1018)
        at java.base@17.0.11/java.lang.Thread.run(Thread.java:840)
"IPC Server handler 8 on default port 15004" daemon prio=5 tid=427 timed_waiting
java.lang.Thread.State: TIMED_WAITING
        at java.base@17.0.11/jdk.internal.misc.Unsafe.park(Native Method)
        at java.base@17.0.11/java.util.concurrent.locks.LockSupport.parkNanos(LockSupport.java:252)
        at java.base@17.0.11/java.util.concurrent.locks.AbstractQueuedSynchronizer$ConditionObject.awaitNanos(AbstractQueuedSynchronizer.java:1674)
        at java.base@17.0.11/java.util.concurrent.LinkedBlockingQueue.poll(LinkedBlockingQueue.java:460)
        at app//org.apache.hadoop.ipc.CallQueueManager.take(CallQueueManager.java:317)
        at app//org.apache.hadoop.ipc.Server$Handler.run(Server.java:3014)
"timer0" daemon prio=5 tid=830 timed_waiting
java.lang.Thread.State: TIMED_WAITING
        at java.base@17.0.11/java.lang.Object.wait(Native Method)
        at java.base@17.0.11/java.util.TimerThread.mainLoop(Timer.java:563)
        at java.base@17.0.11/java.util.TimerThread.run(Timer.java:516)
"IPC Server handler 87 on default port 15000" daemon prio=5 tid=150 timed_waiting
java.lang.Thread.State: TIMED_WAITING
        at java.base@17.0.11/jdk.internal.misc.Unsafe.park(Native Method)
        at java.base@17.0.11/java.util.concurrent.locks.LockSupport.parkNanos(LockSupport.java:252)
        at java.base@17.0.11/java.util.concurrent.locks.AbstractQueuedSynchronizer$ConditionObject.awaitNanos(AbstractQueuedSynchronizer.java:1674)
        at java.base@17.0.11/java.util.concurrent.LinkedBlockingQueue.poll(LinkedBlockingQueue.java:460)
        at app//org.apache.hadoop.ipc.CallQueueManager.take(CallQueueManager.java:317)
        at app//org.apache.hadoop.ipc.Server$Handler.run(Server.java:3014)
"fdf93896-5abf-403c-99a8-bb8ea43c9a14-EndpointStateMachineTaskThread-/0.0.0.0:15002-0 "  prio=5 tid=598 in Object.wait()
java.lang.Thread.State: WAITING (on object monitor)
        at java.base@17.0.11/jdk.internal.misc.Unsafe.park(Native Method)
        at java.base@17.0.11/java.util.concurrent.locks.LockSupport.park(LockSupport.java:341)
        at java.base@17.0.11/java.util.concurrent.locks.AbstractQueuedSynchronizer$ConditionNode.block(AbstractQueuedSynchronizer.java:506)
        at java.base@17.0.11/java.util.concurrent.ForkJoinPool.unmanagedBlock(ForkJoinPool.java:3465)
        at java.base@17.0.11/java.util.concurrent.ForkJoinPool.managedBlock(ForkJoinPool.java:3436)
        at java.base@17.0.11/java.util.concurrent.locks.AbstractQueuedSynchronizer$ConditionObject.await(AbstractQueuedSynchronizer.java:1625)
        at java.base@17.0.11/java.util.concurrent.LinkedBlockingQueue.take(LinkedBlockingQueue.java:435)
        at java.base@17.0.11/java.util.concurrent.ThreadPoolExecutor.getTask(ThreadPoolExecutor.java:1062)
        at java.base@17.0.11/java.util.concurrent.ThreadPoolExecutor.runWorker(ThreadPoolExecutor.java:1122)
        at java.base@17.0.11/java.util.concurrent.ThreadPoolExecutor$Worker.run(ThreadPoolExecutor.java:635)
        at java.base@17.0.11/java.lang.Thread.run(Thread.java:840)
"fdf93896-5abf-403c-99a8-bb8ea43c9a14-ChunkReader-2" daemon prio=5 tid=859 in Object.wait()
java.lang.Thread.State: WAITING (on object monitor)
        at java.base@17.0.11/jdk.internal.misc.Unsafe.park(Native Method)
        at java.base@17.0.11/java.util.concurrent.locks.LockSupport.park(LockSupport.java:341)
        at java.base@17.0.11/java.util.concurrent.locks.AbstractQueuedSynchronizer$ConditionNode.block(AbstractQueuedSynchronizer.java:506)
        at java.base@17.0.11/java.util.concurrent.ForkJoinPool.unmanagedBlock(ForkJoinPool.java:3465)
        at java.base@17.0.11/java.util.concurrent.ForkJoinPool.managedBlock(ForkJoinPool.java:3436)
        at java.base@17.0.11/java.util.concurrent.locks.AbstractQueuedSynchronizer$ConditionObject.await(AbstractQueuedSynchronizer.java:1625)
        at java.base@17.0.11/java.util.concurrent.LinkedBlockingQueue.take(LinkedBlockingQueue.java:435)
        at java.base@17.0.11/java.util.concurrent.ThreadPoolExecutor.getTask(ThreadPoolExecutor.java:1062)
        at java.base@17.0.11/java.util.concurrent.ThreadPoolExecutor.runWorker(ThreadPoolExecutor.java:1122)
        at java.base@17.0.11/java.util.concurrent.ThreadPoolExecutor$Worker.run(ThreadPoolExecutor.java:635)
        at java.base@17.0.11/java.lang.Thread.run(Thread.java:840)
"IPC Server handler 85 on default port 15000" daemon prio=5 tid=148 timed_waiting
java.lang.Thread.State: TIMED_WAITING
        at java.base@17.0.11/jdk.internal.misc.Unsafe.park(Native Method)
        at java.base@17.0.11/java.util.concurrent.locks.LockSupport.parkNanos(LockSupport.java:252)
        at java.base@17.0.11/java.util.concurrent.locks.AbstractQueuedSynchronizer$ConditionObject.awaitNanos(AbstractQueuedSynchronizer.java:1674)
        at java.base@17.0.11/java.util.concurrent.LinkedBlockingQueue.poll(LinkedBlockingQueue.java:460)
        at app//org.apache.hadoop.ipc.CallQueueManager.take(CallQueueManager.java:317)
        at app//org.apache.hadoop.ipc.Server$Handler.run(Server.java:3014)
"qtp1697532854-446" daemon prio=5 tid=446 runnable
java.lang.Thread.State: RUNNABLE
        at java.base@17.0.11/sun.nio.ch.EPoll.wait(Native Method)
        at java.base@17.0.11/sun.nio.ch.EPollSelectorImpl.doSelect(EPollSelectorImpl.java:118)
        at java.base@17.0.11/sun.nio.ch.SelectorImpl.lockAndDoSelect(SelectorImpl.java:129)
        at java.base@17.0.11/sun.nio.ch.SelectorImpl.select(SelectorImpl.java:146)
        at app//org.eclipse.jetty.io.ManagedSelector.nioSelect(ManagedSelector.java:183)
        at app//org.eclipse.jetty.io.ManagedSelector.select(ManagedSelector.java:190)
        at app//org.eclipse.jetty.io.ManagedSelector$SelectorProducer.select(ManagedSelector.java:606)
        at app//org.eclipse.jetty.io.ManagedSelector$SelectorProducer.produce(ManagedSelector.java:543)
        at app//org.eclipse.jetty.util.thread.strategy.EatWhatYouKill.produceTask(EatWhatYouKill.java:362)
        at app//org.eclipse.jetty.util.thread.strategy.EatWhatYouKill.doProduce(EatWhatYouKill.java:186)
        at app//org.eclipse.jetty.util.thread.strategy.EatWhatYouKill.tryProduce(EatWhatYouKill.java:173)
        at app//org.eclipse.jetty.util.thread.strategy.EatWhatYouKill.produce(EatWhatYouKill.java:137)
        at app//org.eclipse.jetty.io.ManagedSelector$$Lambda$835/0x00007f53846a1738.run(Unknown Source)
        at app//org.eclipse.jetty.util.thread.QueuedThreadPool.runJob(QueuedThreadPool.java:883)
        at app//org.eclipse.jetty.util.thread.QueuedThreadPool$Runner.run(QueuedThreadPool.java:1034)
        at java.base@17.0.11/java.lang.Thread.run(Thread.java:840)
"ContainerMetadataScanner" daemon prio=5 tid=603 timed_waiting
java.lang.Thread.State: TIMED_WAITING
        at java.base@17.0.11/java.lang.Thread.sleep(Native Method)
        at app//org.apache.hadoop.ozone.container.ozoneimpl.AbstractBackgroundContainerScanner.handleRemainingSleep(AbstractBackgroundContainerScanner.java:131)
        at app//org.apache.hadoop.ozone.container.ozoneimpl.AbstractBackgroundContainerScanner.runIteration(AbstractBackgroundContainerScanner.java:98)
        at app//org.apache.hadoop.ozone.container.ozoneimpl.AbstractBackgroundContainerScanner.run(AbstractBackgroundContainerScanner.java:57)
"c511b233-3aa4-4954-9335-f5d54c64e497@group-B33C5E379CF8-StateMachineUpdater" daemon prio=5 tid=689 timed_waiting
java.lang.Thread.State: TIMED_WAITING
        at java.base@17.0.11/jdk.internal.misc.Unsafe.park(Native Method)
        at java.base@17.0.11/java.util.concurrent.locks.LockSupport.parkNanos(LockSupport.java:252)
        at java.base@17.0.11/java.util.concurrent.locks.AbstractQueuedSynchronizer$ConditionObject.await(AbstractQueuedSynchronizer.java:1759)
        at app//org.apache.ratis.util.AwaitForSignal.await(AwaitForSignal.java:65)
        at app//org.apache.ratis.server.impl.StateMachineUpdater.waitForCommit(StateMachineUpdater.java:211)
        at app//org.apache.ratis.server.impl.StateMachineUpdater.run(StateMachineUpdater.java:180)
        at java.base@17.0.11/java.lang.Thread.run(Thread.java:840)
"IPC Server handler 1 on default port 15004" daemon prio=5 tid=420 timed_waiting
java.lang.Thread.State: TIMED_WAITING
        at java.base@17.0.11/jdk.internal.misc.Unsafe.park(Native Method)
        at java.base@17.0.11/java.util.concurrent.locks.LockSupport.parkNanos(LockSupport.java:252)
        at java.base@17.0.11/java.util.concurrent.locks.AbstractQueuedSynchronizer$ConditionObject.awaitNanos(AbstractQueuedSynchronizer.java:1674)
        at java.base@17.0.11/java.util.concurrent.LinkedBlockingQueue.poll(LinkedBlockingQueue.java:460)
        at app//org.apache.hadoop.ipc.CallQueueManager.take(CallQueueManager.java:317)
        at app//org.apache.hadoop.ipc.Server$Handler.run(Server.java:3014)
"c511b233-3aa4-4954-9335-f5d54c64e497-PipelineCommandHandlerThread-0"  prio=5 tid=679 in Object.wait()
java.lang.Thread.State: WAITING (on object monitor)
        at java.base@17.0.11/jdk.internal.misc.Unsafe.park(Native Method)
        at java.base@17.0.11/java.util.concurrent.locks.LockSupport.park(LockSupport.java:341)
        at java.base@17.0.11/java.util.concurrent.locks.AbstractQueuedSynchronizer$ConditionNode.block(AbstractQueuedSynchronizer.java:506)
        at java.base@17.0.11/java.util.concurrent.ForkJoinPool.unmanagedBlock(ForkJoinPool.java:3465)
        at java.base@17.0.11/java.util.concurrent.ForkJoinPool.managedBlock(ForkJoinPool.java:3436)
        at java.base@17.0.11/java.util.concurrent.locks.AbstractQueuedSynchronizer$ConditionObject.await(AbstractQueuedSynchronizer.java:1625)
        at java.base@17.0.11/java.util.concurrent.LinkedBlockingQueue.take(LinkedBlockingQueue.java:435)
        at java.base@17.0.11/java.util.concurrent.ThreadPoolExecutor.getTask(ThreadPoolExecutor.java:1062)
        at java.base@17.0.11/java.util.concurrent.ThreadPoolExecutor.runWorker(ThreadPoolExecutor.java:1122)
        at java.base@17.0.11/java.util.concurrent.ThreadPoolExecutor$Worker.run(ThreadPoolExecutor.java:635)
        at java.base@17.0.11/java.lang.Thread.run(Thread.java:840)
"IPC Server handler 86 on default port 15001" daemon prio=5 tid=249 timed_waiting
java.lang.Thread.State: TIMED_WAITING
        at java.base@17.0.11/jdk.internal.misc.Unsafe.park(Native Method)
        at java.base@17.0.11/java.util.concurrent.locks.LockSupport.parkNanos(LockSupport.java:252)
        at java.base@17.0.11/java.util.concurrent.locks.AbstractQueuedSynchronizer$ConditionObject.awaitNanos(AbstractQueuedSynchronizer.java:1674)
        at java.base@17.0.11/java.util.concurrent.LinkedBlockingQueue.poll(LinkedBlockingQueue.java:460)
        at app//org.apache.hadoop.ipc.CallQueueManager.take(CallQueueManager.java:317)
        at app//org.apache.hadoop.ipc.Server$Handler.run(Server.java:3014)
"client-write-TID-3" daemon prio=5 tid=853 timed_waiting
java.lang.Thread.State: TIMED_WAITING
        at java.base@17.0.11/jdk.internal.misc.Unsafe.park(Native Method)
        at java.base@17.0.11/java.util.concurrent.locks.LockSupport.parkNanos(LockSupport.java:252)
        at java.base@17.0.11/java.util.concurrent.SynchronousQueue$TransferStack.transfer(SynchronousQueue.java:401)
        at java.base@17.0.11/java.util.concurrent.SynchronousQueue.poll(SynchronousQueue.java:903)
        at java.base@17.0.11/java.util.concurrent.ThreadPoolExecutor.getTask(ThreadPoolExecutor.java:1061)
        at java.base@17.0.11/java.util.concurrent.ThreadPoolExecutor.runWorker(ThreadPoolExecutor.java:1122)
        at java.base@17.0.11/java.util.concurrent.ThreadPoolExecutor$Worker.run(ThreadPoolExecutor.java:635)
        at java.base@17.0.11/java.lang.Thread.run(Thread.java:840)
"IPC Server handler 82 on default port 15002" daemon prio=5 tid=345 timed_waiting
java.lang.Thread.State: TIMED_WAITING
        at java.base@17.0.11/jdk.internal.misc.Unsafe.park(Native Method)
        at java.base@17.0.11/java.util.concurrent.locks.LockSupport.parkNanos(LockSupport.java:252)
        at java.base@17.0.11/java.util.concurrent.locks.AbstractQueuedSynchronizer$ConditionObject.awaitNanos(AbstractQueuedSynchronizer.java:1674)
        at java.base@17.0.11/java.util.concurrent.LinkedBlockingQueue.poll(LinkedBlockingQueue.java:460)
        at app//org.apache.hadoop.ipc.CallQueueManager.take(CallQueueManager.java:317)
        at app//org.apache.hadoop.ipc.Server$Handler.run(Server.java:3014)
"IPC Server handler 8 on default port 15002" daemon prio=5 tid=271 timed_waiting
java.lang.Thread.State: TIMED_WAITING
        at java.base@17.0.11/jdk.internal.misc.Unsafe.park(Native Method)
        at java.base@17.0.11/java.util.concurrent.locks.LockSupport.parkNanos(LockSupport.java:252)
        at java.base@17.0.11/java.util.concurrent.locks.AbstractQueuedSynchronizer$ConditionObject.awaitNanos(AbstractQueuedSynchronizer.java:1674)
        at java.base@17.0.11/java.util.concurrent.LinkedBlockingQueue.poll(LinkedBlockingQueue.java:460)
        at app//org.apache.hadoop.ipc.CallQueueManager.take(CallQueueManager.java:317)
        at app//org.apache.hadoop.ipc.Server$Handler.run(Server.java:3014)
"fdf93896-5abf-403c-99a8-bb8ea43c9a14-DatanodeStateMachineDaemonThread" daemon prio=5 tid=487 timed_waiting
java.lang.Thread.State: TIMED_WAITING
        at java.base@17.0.11/java.lang.Thread.sleep(Native Method)
        at app//org.apache.hadoop.ozone.container.common.statemachine.DatanodeStateMachine.startStateMachineThread(DatanodeStateMachine.java:359)
        at app//org.apache.hadoop.ozone.container.common.statemachine.DatanodeStateMachine.lambda$startDaemon$1(DatanodeStateMachine.java:546)
        at app//org.apache.hadoop.ozone.container.common.statemachine.DatanodeStateMachine$$Lambda$1294/0x00007f53848f4350.run(Unknown Source)
        at java.base@17.0.11/java.lang.Thread.run(Thread.java:840)
"fdf93896-5abf-403c-99a8-bb8ea43c9a14-ChunkWriter-2-0" daemon prio=5 tid=607 in Object.wait()
java.lang.Thread.State: WAITING (on object monitor)
        at java.base@17.0.11/jdk.internal.misc.Unsafe.park(Native Method)
        at java.base@17.0.11/java.util.concurrent.locks.LockSupport.park(LockSupport.java:341)
        at java.base@17.0.11/java.util.concurrent.locks.AbstractQueuedSynchronizer$ConditionNode.block(AbstractQueuedSynchronizer.java:506)
        at java.base@17.0.11/java.util.concurrent.ForkJoinPool.unmanagedBlock(ForkJoinPool.java:3465)
        at java.base@17.0.11/java.util.concurrent.ForkJoinPool.managedBlock(ForkJoinPool.java:3436)
        at java.base@17.0.11/java.util.concurrent.locks.AbstractQueuedSynchronizer$ConditionObject.await(AbstractQueuedSynchronizer.java:1625)
        at java.base@17.0.11/java.util.concurrent.LinkedBlockingDeque.takeFirst(LinkedBlockingDeque.java:485)
        at java.base@17.0.11/java.util.concurrent.LinkedBlockingDeque.take(LinkedBlockingDeque.java:673)
        at java.base@17.0.11/java.util.concurrent.ThreadPoolExecutor.getTask(ThreadPoolExecutor.java:1062)
        at java.base@17.0.11/java.util.concurrent.ThreadPoolExecutor.runWorker(ThreadPoolExecutor.java:1122)
        at java.base@17.0.11/java.util.concurrent.ThreadPoolExecutor$Worker.run(ThreadPoolExecutor.java:635)
        at java.base@17.0.11/java.lang.Thread.run(Thread.java:840)
"IPC Server handler 18 on default port 15001" daemon prio=5 tid=181 timed_waiting
java.lang.Thread.State: TIMED_WAITING
        at java.base@17.0.11/jdk.internal.misc.Unsafe.park(Native Method)
        at java.base@17.0.11/java.util.concurrent.locks.LockSupport.parkNanos(LockSupport.java:252)
        at java.base@17.0.11/java.util.concurrent.locks.AbstractQueuedSynchronizer$ConditionObject.awaitNanos(AbstractQueuedSynchronizer.java:1674)
        at java.base@17.0.11/java.util.concurrent.LinkedBlockingQueue.poll(LinkedBlockingQueue.java:460)
        at app//org.apache.hadoop.ipc.CallQueueManager.take(CallQueueManager.java:317)
        at app//org.apache.hadoop.ipc.Server$Handler.run(Server.java:3014)
"c511b233-3aa4-4954-9335-f5d54c64e497-ChunkReader-0" daemon prio=5 tid=843 in Object.wait()
java.lang.Thread.State: WAITING (on object monitor)
        at java.base@17.0.11/jdk.internal.misc.Unsafe.park(Native Method)
        at java.base@17.0.11/java.util.concurrent.locks.LockSupport.park(LockSupport.java:341)
        at java.base@17.0.11/java.util.concurrent.locks.AbstractQueuedSynchronizer$ConditionNode.block(AbstractQueuedSynchronizer.java:506)
        at java.base@17.0.11/java.util.concurrent.ForkJoinPool.unmanagedBlock(ForkJoinPool.java:3465)
        at java.base@17.0.11/java.util.concurrent.ForkJoinPool.managedBlock(ForkJoinPool.java:3436)
        at java.base@17.0.11/java.util.concurrent.locks.AbstractQueuedSynchronizer$ConditionObject.await(AbstractQueuedSynchronizer.java:1625)
        at java.base@17.0.11/java.util.concurrent.LinkedBlockingQueue.take(LinkedBlockingQueue.java:435)
        at java.base@17.0.11/java.util.concurrent.ThreadPoolExecutor.getTask(ThreadPoolExecutor.java:1062)
        at java.base@17.0.11/java.util.concurrent.ThreadPoolExecutor.runWorker(ThreadPoolExecutor.java:1122)
        at java.base@17.0.11/java.util.concurrent.ThreadPoolExecutor$Worker.run(ThreadPoolExecutor.java:635)
        at java.base@17.0.11/java.lang.Thread.run(Thread.java:840)
"IPC Server handler 96 on default port 15000" daemon prio=5 tid=159 timed_waiting
java.lang.Thread.State: TIMED_WAITING
        at java.base@17.0.11/jdk.internal.misc.Unsafe.park(Native Method)
        at java.base@17.0.11/java.util.concurrent.locks.LockSupport.parkNanos(LockSupport.java:252)
        at java.base@17.0.11/java.util.concurrent.locks.AbstractQueuedSynchronizer$ConditionObject.awaitNanos(AbstractQueuedSynchronizer.java:1674)
        at java.base@17.0.11/java.util.concurrent.LinkedBlockingQueue.poll(LinkedBlockingQueue.java:460)
        at app//org.apache.hadoop.ipc.CallQueueManager.take(CallQueueManager.java:317)
        at app//org.apache.hadoop.ipc.Server$Handler.run(Server.java:3014)
"b47eb027-4b7a-4ddc-bf7f-0870758e0604-NettyServerStreamRpc-bossGroup--thread1"  prio=5 tid=495 runnable
java.lang.Thread.State: RUNNABLE
        at app//org.apache.ratis.thirdparty.io.netty.channel.epoll.Native.epollWait(Native Method)
        at app//org.apache.ratis.thirdparty.io.netty.channel.epoll.Native.epollWait(Native.java:209)
        at app//org.apache.ratis.thirdparty.io.netty.channel.epoll.Native.epollWait(Native.java:202)
        at app//org.apache.ratis.thirdparty.io.netty.channel.epoll.EpollEventLoop.epollWaitNoTimerChange(EpollEventLoop.java:316)
        at app//org.apache.ratis.thirdparty.io.netty.channel.epoll.EpollEventLoop.run(EpollEventLoop.java:373)
        at app//org.apache.ratis.thirdparty.io.netty.util.concurrent.SingleThreadEventExecutor$4.run(SingleThreadEventExecutor.java:997)
        at app//org.apache.ratis.thirdparty.io.netty.util.internal.ThreadExecutorMap$2.run(ThreadExecutorMap.java:74)
        at java.base@17.0.11/java.lang.Thread.run(Thread.java:840)
"JvmPauseMonitor0" daemon prio=5 tid=365 timed_waiting
java.lang.Thread.State: TIMED_WAITING
        at java.base@17.0.11/java.lang.Thread.sleep(Native Method)
        at java.base@17.0.11/java.lang.Thread.sleep(Thread.java:344)
        at java.base@17.0.11/java.util.concurrent.TimeUnit.sleep(TimeUnit.java:446)
        at app//org.apache.ratis.util.TimeDuration.sleep(TimeDuration.java:353)
        at app//org.apache.ratis.util.TimeDuration.sleep(TimeDuration.java:338)
        at app//org.apache.ratis.util.JvmPauseMonitor.detectPause(JvmPauseMonitor.java:160)
        at app//org.apache.ratis.util.JvmPauseMonitor.run(JvmPauseMonitor.java:149)
        at app//org.apache.ratis.util.JvmPauseMonitor$$Lambda$795/0x00007f5384607dc8.run(Unknown Source)
        at java.base@17.0.11/java.lang.Thread.run(Thread.java:840)
"qtp1697532854-448-acceptor-0@2d295f30-ServerConnector@663e2cfd{HTTP/1.1, (http/1.1)}{0.0.0.0:15009}" daemon prio=3 tid=448 runnable
java.lang.Thread.State: RUNNABLE
        at java.base@17.0.11/sun.nio.ch.Net.accept(Native Method)
        at java.base@17.0.11/sun.nio.ch.ServerSocketChannelImpl.implAccept(ServerSocketChannelImpl.java:425)
        at java.base@17.0.11/sun.nio.ch.ServerSocketChannelImpl.accept(ServerSocketChannelImpl.java:391)
        at app//org.eclipse.jetty.server.ServerConnector.accept(ServerConnector.java:388)
        at app//org.eclipse.jetty.server.AbstractConnector$Acceptor.run(AbstractConnector.java:704)
        at app//org.eclipse.jetty.util.thread.QueuedThreadPool.runJob(QueuedThreadPool.java:883)
        at app//org.eclipse.jetty.util.thread.QueuedThreadPool$Runner.run(QueuedThreadPool.java:1034)
        at java.base@17.0.11/java.lang.Thread.run(Thread.java:840)
"FixedThreadPoolWithAffinityExecutor-2-0" daemon prio=5 tid=54 timed_waiting
java.lang.Thread.State: TIMED_WAITING
        at java.base@17.0.11/jdk.internal.misc.Unsafe.park(Native Method)
        at java.base@17.0.11/java.util.concurrent.locks.LockSupport.parkNanos(LockSupport.java:252)
        at java.base@17.0.11/java.util.concurrent.locks.AbstractQueuedSynchronizer$ConditionObject.awaitNanos(AbstractQueuedSynchronizer.java:1674)
        at java.base@17.0.11/java.util.concurrent.LinkedBlockingQueue.poll(LinkedBlockingQueue.java:460)
        at app//org.apache.hadoop.hdds.scm.server.ContainerReportQueue.poll(ContainerReportQueue.java:269)
        at app//org.apache.hadoop.hdds.scm.server.ContainerReportQueue.poll(ContainerReportQueue.java:42)
        at app//org.apache.hadoop.hdds.server.events.FixedThreadPoolWithAffinityExecutor$ContainerReportProcessTask.run(FixedThreadPoolWithAffinityExecutor.java:253)
        at java.base@17.0.11/java.util.concurrent.Executors$RunnableAdapter.call(Executors.java:539)
        at java.base@17.0.11/java.util.concurrent.FutureTask.run(FutureTask.java:264)
        at java.base@17.0.11/java.util.concurrent.ThreadPoolExecutor.runWorker(ThreadPoolExecutor.java:1136)
        at java.base@17.0.11/java.util.concurrent.ThreadPoolExecutor$Worker.run(ThreadPoolExecutor.java:635)
        at java.base@17.0.11/java.lang.Thread.run(Thread.java:840)
"IPC Server handler 15 on default port 15004" daemon prio=5 tid=434 timed_waiting
java.lang.Thread.State: TIMED_WAITING
        at java.base@17.0.11/jdk.internal.misc.Unsafe.park(Native Method)
        at java.base@17.0.11/java.util.concurrent.locks.LockSupport.parkNanos(LockSupport.java:252)
        at java.base@17.0.11/java.util.concurrent.locks.AbstractQueuedSynchronizer$ConditionObject.awaitNanos(AbstractQueuedSynchronizer.java:1674)
        at java.base@17.0.11/java.util.concurrent.LinkedBlockingQueue.poll(LinkedBlockingQueue.java:460)
        at app//org.apache.hadoop.ipc.CallQueueManager.take(CallQueueManager.java:317)
        at app//org.apache.hadoop.ipc.Server$Handler.run(Server.java:3014)
"IPC Server handler 99 on default port 15001" daemon prio=5 tid=262 timed_waiting
java.lang.Thread.State: TIMED_WAITING
        at java.base@17.0.11/jdk.internal.misc.Unsafe.park(Native Method)
        at java.base@17.0.11/java.util.concurrent.locks.LockSupport.parkNanos(LockSupport.java:252)
        at java.base@17.0.11/java.util.concurrent.locks.AbstractQueuedSynchronizer$ConditionObject.awaitNanos(AbstractQueuedSynchronizer.java:1674)
        at java.base@17.0.11/java.util.concurrent.LinkedBlockingQueue.poll(LinkedBlockingQueue.java:460)
        at app//org.apache.hadoop.ipc.CallQueueManager.take(CallQueueManager.java:317)
        at app//org.apache.hadoop.ipc.Server$Handler.run(Server.java:3014)
"IPC Server handler 4 on default port 15000" daemon prio=5 tid=67 timed_waiting
java.lang.Thread.State: TIMED_WAITING
        at java.base@17.0.11/jdk.internal.misc.Unsafe.park(Native Method)
        at java.base@17.0.11/java.util.concurrent.locks.LockSupport.parkNanos(LockSupport.java:252)
        at java.base@17.0.11/java.util.concurrent.locks.AbstractQueuedSynchronizer$ConditionObject.awaitNanos(AbstractQueuedSynchronizer.java:1674)
        at java.base@17.0.11/java.util.concurrent.LinkedBlockingQueue.poll(LinkedBlockingQueue.java:460)
        at app//org.apache.hadoop.ipc.CallQueueManager.take(CallQueueManager.java:317)
        at app//org.apache.hadoop.ipc.Server$Handler.run(Server.java:3014)
"IPC Server handler 89 on default port 15000" daemon prio=5 tid=152 timed_waiting
java.lang.Thread.State: TIMED_WAITING
        at java.base@17.0.11/jdk.internal.misc.Unsafe.park(Native Method)
        at java.base@17.0.11/java.util.concurrent.locks.LockSupport.parkNanos(LockSupport.java:252)
        at java.base@17.0.11/java.util.concurrent.locks.AbstractQueuedSynchronizer$ConditionObject.awaitNanos(AbstractQueuedSynchronizer.java:1674)
        at java.base@17.0.11/java.util.concurrent.LinkedBlockingQueue.poll(LinkedBlockingQueue.java:460)
        at app//org.apache.hadoop.ipc.CallQueueManager.take(CallQueueManager.java:317)
        at app//org.apache.hadoop.ipc.Server$Handler.run(Server.java:3014)
"IPC Server handler 95 on default port 15002" daemon prio=5 tid=358 timed_waiting
java.lang.Thread.State: TIMED_WAITING
        at java.base@17.0.11/jdk.internal.misc.Unsafe.park(Native Method)
        at java.base@17.0.11/java.util.concurrent.locks.LockSupport.parkNanos(LockSupport.java:252)
        at java.base@17.0.11/java.util.concurrent.locks.AbstractQueuedSynchronizer$ConditionObject.awaitNanos(AbstractQueuedSynchronizer.java:1674)
        at java.base@17.0.11/java.util.concurrent.LinkedBlockingQueue.poll(LinkedBlockingQueue.java:460)
        at app//org.apache.hadoop.ipc.CallQueueManager.take(CallQueueManager.java:317)
        at app//org.apache.hadoop.ipc.Server$Handler.run(Server.java:3014)
"IPC Server handler 63 on default port 15001" daemon prio=5 tid=226 timed_waiting
java.lang.Thread.State: TIMED_WAITING
        at java.base@17.0.11/jdk.internal.misc.Unsafe.park(Native Method)
        at java.base@17.0.11/java.util.concurrent.locks.LockSupport.parkNanos(LockSupport.java:252)
        at java.base@17.0.11/java.util.concurrent.locks.AbstractQueuedSynchronizer$ConditionObject.awaitNanos(AbstractQueuedSynchronizer.java:1674)
        at java.base@17.0.11/java.util.concurrent.LinkedBlockingQueue.poll(LinkedBlockingQueue.java:460)
        at app//org.apache.hadoop.ipc.CallQueueManager.take(CallQueueManager.java:317)
        at app//org.apache.hadoop.ipc.Server$Handler.run(Server.java:3014)
"IPC Server handler 5 on default port 15000" daemon prio=5 tid=68 timed_waiting
java.lang.Thread.State: TIMED_WAITING
        at java.base@17.0.11/jdk.internal.misc.Unsafe.park(Native Method)
        at java.base@17.0.11/java.util.concurrent.locks.LockSupport.parkNanos(LockSupport.java:252)
        at java.base@17.0.11/java.util.concurrent.locks.AbstractQueuedSynchronizer$ConditionObject.awaitNanos(AbstractQueuedSynchronizer.java:1674)
        at java.base@17.0.11/java.util.concurrent.LinkedBlockingQueue.poll(LinkedBlockingQueue.java:460)
        at app//org.apache.hadoop.ipc.CallQueueManager.take(CallQueueManager.java:317)
        at app//org.apache.hadoop.ipc.Server$Handler.run(Server.java:3014)
"IPC Server handler 25 on default port 15001" daemon prio=5 tid=188 timed_waiting
java.lang.Thread.State: TIMED_WAITING
        at java.base@17.0.11/jdk.internal.misc.Unsafe.park(Native Method)
        at java.base@17.0.11/java.util.concurrent.locks.LockSupport.parkNanos(LockSupport.java:252)
        at java.base@17.0.11/java.util.concurrent.locks.AbstractQueuedSynchronizer$ConditionObject.awaitNanos(AbstractQueuedSynchronizer.java:1674)
        at java.base@17.0.11/java.util.concurrent.LinkedBlockingQueue.poll(LinkedBlockingQueue.java:460)
        at app//org.apache.hadoop.ipc.CallQueueManager.take(CallQueueManager.java:317)
        at app//org.apache.hadoop.ipc.Server$Handler.run(Server.java:3014)
"StaleRecoveringContainerScrubbingService#0" daemon prio=5 tid=650 timed_waiting
java.lang.Thread.State: TIMED_WAITING
        at java.base@17.0.11/jdk.internal.misc.Unsafe.park(Native Method)
        at java.base@17.0.11/java.util.concurrent.locks.LockSupport.parkNanos(LockSupport.java:252)
        at java.base@17.0.11/java.util.concurrent.locks.AbstractQueuedSynchronizer$ConditionObject.awaitNanos(AbstractQueuedSynchronizer.java:1674)
        at java.base@17.0.11/java.util.concurrent.ScheduledThreadPoolExecutor$DelayedWorkQueue.take(ScheduledThreadPoolExecutor.java:1182)
        at java.base@17.0.11/java.util.concurrent.ScheduledThreadPoolExecutor$DelayedWorkQueue.take(ScheduledThreadPoolExecutor.java:899)
        at java.base@17.0.11/java.util.concurrent.ThreadPoolExecutor.getTask(ThreadPoolExecutor.java:1062)
        at java.base@17.0.11/java.util.concurrent.ThreadPoolExecutor.runWorker(ThreadPoolExecutor.java:1122)
        at java.base@17.0.11/java.util.concurrent.ThreadPoolExecutor$Worker.run(ThreadPoolExecutor.java:635)
        at java.base@17.0.11/java.lang.Thread.run(Thread.java:840)
"6d6fe673-47e6-46c0-a6fc-601f54cde379@group-41EB72E6D1FF-LeaderStateImpl" daemon prio=5 tid=805 timed_waiting
java.lang.Thread.State: TIMED_WAITING
        at java.base@17.0.11/jdk.internal.misc.Unsafe.park(Native Method)
        at java.base@17.0.11/java.util.concurrent.locks.LockSupport.parkNanos(LockSupport.java:252)
        at java.base@17.0.11/java.util.concurrent.locks.AbstractQueuedSynchronizer$ConditionObject.awaitNanos(AbstractQueuedSynchronizer.java:1674)
        at java.base@17.0.11/java.util.concurrent.ArrayBlockingQueue.poll(ArrayBlockingQueue.java:435)
        at app//org.apache.ratis.server.impl.LeaderStateImpl$EventQueue.poll(LeaderStateImpl.java:164)
        at app//org.apache.ratis.server.impl.LeaderStateImpl$EventProcessor.run(LeaderStateImpl.java:762)
"IPC Server handler 85 on default port 15001" daemon prio=5 tid=248 timed_waiting
java.lang.Thread.State: TIMED_WAITING
        at java.base@17.0.11/jdk.internal.misc.Unsafe.park(Native Method)
        at java.base@17.0.11/java.util.concurrent.locks.LockSupport.parkNanos(LockSupport.java:252)
        at java.base@17.0.11/java.util.concurrent.locks.AbstractQueuedSynchronizer$ConditionObject.awaitNanos(AbstractQueuedSynchronizer.java:1674)
        at java.base@17.0.11/java.util.concurrent.LinkedBlockingQueue.poll(LinkedBlockingQueue.java:460)
        at app//org.apache.hadoop.ipc.CallQueueManager.take(CallQueueManager.java:317)
        at app//org.apache.hadoop.ipc.Server$Handler.run(Server.java:3014)
"fdf93896-5abf-403c-99a8-bb8ea43c9a14-NettyServerStreamRpc-bossGroup--thread1"  prio=5 tid=468 runnable
java.lang.Thread.State: RUNNABLE
        at app//org.apache.ratis.thirdparty.io.netty.channel.epoll.Native.epollWait(Native Method)
        at app//org.apache.ratis.thirdparty.io.netty.channel.epoll.Native.epollWait(Native.java:209)
        at app//org.apache.ratis.thirdparty.io.netty.channel.epoll.Native.epollWait(Native.java:202)
        at app//org.apache.ratis.thirdparty.io.netty.channel.epoll.EpollEventLoop.epollWaitNoTimerChange(EpollEventLoop.java:316)
        at app//org.apache.ratis.thirdparty.io.netty.channel.epoll.EpollEventLoop.run(EpollEventLoop.java:373)
        at app//org.apache.ratis.thirdparty.io.netty.util.concurrent.SingleThreadEventExecutor$4.run(SingleThreadEventExecutor.java:997)
        at app//org.apache.ratis.thirdparty.io.netty.util.internal.ThreadExecutorMap$2.run(ThreadExecutorMap.java:74)
        at java.base@17.0.11/java.lang.Thread.run(Thread.java:840)
"fdf93896-5abf-403c-99a8-bb8ea43c9a14-server-thread2" daemon prio=5 tid=799 timed_waiting
java.lang.Thread.State: TIMED_WAITING
        at java.base@17.0.11/jdk.internal.misc.Unsafe.park(Native Method)
        at java.base@17.0.11/java.util.concurrent.locks.LockSupport.parkNanos(LockSupport.java:252)
        at java.base@17.0.11/java.util.concurrent.SynchronousQueue$TransferStack.transfer(SynchronousQueue.java:401)
        at java.base@17.0.11/java.util.concurrent.SynchronousQueue.poll(SynchronousQueue.java:903)
        at java.base@17.0.11/java.util.concurrent.ThreadPoolExecutor.getTask(ThreadPoolExecutor.java:1061)
        at java.base@17.0.11/java.util.concurrent.ThreadPoolExecutor.runWorker(ThreadPoolExecutor.java:1122)
        at java.base@17.0.11/java.util.concurrent.ThreadPoolExecutor$Worker.run(ThreadPoolExecutor.java:635)
        at java.base@17.0.11/java.lang.Thread.run(Thread.java:840)
"DatanodeAdminManager-0" daemon prio=5 tid=35 timed_waiting
java.lang.Thread.State: TIMED_WAITING
        at java.base@17.0.11/jdk.internal.misc.Unsafe.park(Native Method)
        at java.base@17.0.11/java.util.concurrent.locks.LockSupport.parkNanos(LockSupport.java:252)
        at java.base@17.0.11/java.util.concurrent.locks.AbstractQueuedSynchronizer$ConditionObject.awaitNanos(AbstractQueuedSynchronizer.java:1674)
        at java.base@17.0.11/java.util.concurrent.ScheduledThreadPoolExecutor$DelayedWorkQueue.take(ScheduledThreadPoolExecutor.java:1182)
        at java.base@17.0.11/java.util.concurrent.ScheduledThreadPoolExecutor$DelayedWorkQueue.take(ScheduledThreadPoolExecutor.java:899)
        at java.base@17.0.11/java.util.concurrent.ThreadPoolExecutor.getTask(ThreadPoolExecutor.java:1062)
        at java.base@17.0.11/java.util.concurrent.ThreadPoolExecutor.runWorker(ThreadPoolExecutor.java:1122)
        at java.base@17.0.11/java.util.concurrent.ThreadPoolExecutor$Worker.run(ThreadPoolExecutor.java:635)
        at java.base@17.0.11/java.lang.Thread.run(Thread.java:840)
"client-write-TID-0" daemon prio=5 tid=842 timed_waiting
java.lang.Thread.State: TIMED_WAITING
        at java.base@17.0.11/jdk.internal.misc.Unsafe.park(Native Method)
        at java.base@17.0.11/java.util.concurrent.locks.LockSupport.parkNanos(LockSupport.java:252)
        at java.base@17.0.11/java.util.concurrent.SynchronousQueue$TransferStack.transfer(SynchronousQueue.java:401)
        at java.base@17.0.11/java.util.concurrent.SynchronousQueue.poll(SynchronousQueue.java:903)
        at java.base@17.0.11/java.util.concurrent.ThreadPoolExecutor.getTask(ThreadPoolExecutor.java:1061)
        at java.base@17.0.11/java.util.concurrent.ThreadPoolExecutor.runWorker(ThreadPoolExecutor.java:1122)
        at java.base@17.0.11/java.util.concurrent.ThreadPoolExecutor$Worker.run(ThreadPoolExecutor.java:635)
        at java.base@17.0.11/java.lang.Thread.run(Thread.java:840)
"qtp852779561-374" daemon prio=5 tid=374 timed_waiting
java.lang.Thread.State: TIMED_WAITING
        at java.base@17.0.11/jdk.internal.misc.Unsafe.park(Native Method)
        at java.base@17.0.11/java.util.concurrent.locks.LockSupport.parkNanos(LockSupport.java:252)
        at java.base@17.0.11/java.util.concurrent.locks.AbstractQueuedSynchronizer$ConditionObject.awaitNanos(AbstractQueuedSynchronizer.java:1674)
        at app//org.eclipse.jetty.util.BlockingArrayQueue.poll(BlockingArrayQueue.java:382)
        at app//org.eclipse.jetty.util.thread.QueuedThreadPool$Runner.idleJobPoll(QueuedThreadPool.java:974)
        at app//org.eclipse.jetty.util.thread.QueuedThreadPool$Runner.run(QueuedThreadPool.java:1018)
        at java.base@17.0.11/java.lang.Thread.run(Thread.java:840)
"IPC Server handler 84 on default port 15001" daemon prio=5 tid=247 timed_waiting
java.lang.Thread.State: TIMED_WAITING
        at java.base@17.0.11/jdk.internal.misc.Unsafe.park(Native Method)
        at java.base@17.0.11/java.util.concurrent.locks.LockSupport.parkNanos(LockSupport.java:252)
        at java.base@17.0.11/java.util.concurrent.locks.AbstractQueuedSynchronizer$ConditionObject.awaitNanos(AbstractQueuedSynchronizer.java:1674)
        at java.base@17.0.11/java.util.concurrent.LinkedBlockingQueue.poll(LinkedBlockingQueue.java:460)
        at app//org.apache.hadoop.ipc.CallQueueManager.take(CallQueueManager.java:317)
        at app//org.apache.hadoop.ipc.Server$Handler.run(Server.java:3014)
"IPC Server handler 65 on default port 15002" daemon prio=5 tid=328 timed_waiting
java.lang.Thread.State: TIMED_WAITING
        at java.base@17.0.11/jdk.internal.misc.Unsafe.park(Native Method)
        at java.base@17.0.11/java.util.concurrent.locks.LockSupport.parkNanos(LockSupport.java:252)
        at java.base@17.0.11/java.util.concurrent.locks.AbstractQueuedSynchronizer$ConditionObject.awaitNanos(AbstractQueuedSynchronizer.java:1674)
        at java.base@17.0.11/java.util.concurrent.LinkedBlockingQueue.poll(LinkedBlockingQueue.java:460)
        at app//org.apache.hadoop.ipc.CallQueueManager.take(CallQueueManager.java:317)
        at app//org.apache.hadoop.ipc.Server$Handler.run(Server.java:3014)
"IPC Server handler 76 on default port 15002" daemon prio=5 tid=339 timed_waiting
java.lang.Thread.State: TIMED_WAITING
        at java.base@17.0.11/jdk.internal.misc.Unsafe.park(Native Method)
        at java.base@17.0.11/java.util.concurrent.locks.LockSupport.parkNanos(LockSupport.java:252)
        at java.base@17.0.11/java.util.concurrent.locks.AbstractQueuedSynchronizer$ConditionObject.awaitNanos(AbstractQueuedSynchronizer.java:1674)
        at java.base@17.0.11/java.util.concurrent.LinkedBlockingQueue.poll(LinkedBlockingQueue.java:460)
        at app//org.apache.hadoop.ipc.CallQueueManager.take(CallQueueManager.java:317)
        at app//org.apache.hadoop.ipc.Server$Handler.run(Server.java:3014)
"qtp701332382-414" daemon prio=5 tid=414 timed_waiting
java.lang.Thread.State: TIMED_WAITING
        at java.base@17.0.11/jdk.internal.misc.Unsafe.park(Native Method)
        at java.base@17.0.11/java.util.concurrent.locks.LockSupport.parkNanos(LockSupport.java:252)
        at java.base@17.0.11/java.util.concurrent.locks.AbstractQueuedSynchronizer$ConditionObject.awaitNanos(AbstractQueuedSynchronizer.java:1674)
        at app//org.eclipse.jetty.util.BlockingArrayQueue.poll(BlockingArrayQueue.java:382)
        at app//org.eclipse.jetty.util.thread.QueuedThreadPool$Runner.idleJobPoll(QueuedThreadPool.java:974)
        at app//org.eclipse.jetty.util.thread.QueuedThreadPool$Runner.run(QueuedThreadPool.java:1018)
        at java.base@17.0.11/java.lang.Thread.run(Thread.java:840)
"StaleRecoveringContainerScrubbingService#0" daemon prio=5 tid=631 timed_waiting
java.lang.Thread.State: TIMED_WAITING
        at java.base@17.0.11/jdk.internal.misc.Unsafe.park(Native Method)
        at java.base@17.0.11/java.util.concurrent.locks.LockSupport.parkNanos(LockSupport.java:252)
        at java.base@17.0.11/java.util.concurrent.locks.AbstractQueuedSynchronizer$ConditionObject.awaitNanos(AbstractQueuedSynchronizer.java:1674)
        at java.base@17.0.11/java.util.concurrent.ScheduledThreadPoolExecutor$DelayedWorkQueue.take(ScheduledThreadPoolExecutor.java:1182)
        at java.base@17.0.11/java.util.concurrent.ScheduledThreadPoolExecutor$DelayedWorkQueue.take(ScheduledThreadPoolExecutor.java:899)
        at java.base@17.0.11/java.util.concurrent.ThreadPoolExecutor.getTask(ThreadPoolExecutor.java:1062)
        at java.base@17.0.11/java.util.concurrent.ThreadPoolExecutor.runWorker(ThreadPoolExecutor.java:1122)
        at java.base@17.0.11/java.util.concurrent.ThreadPoolExecutor$Worker.run(ThreadPoolExecutor.java:635)
        at java.base@17.0.11/java.lang.Thread.run(Thread.java:840)
"fdf93896-5abf-403c-99a8-bb8ea43c9a14@group-5B9310BC09E2-LeaderStateImpl" daemon prio=5 tid=800 timed_waiting
java.lang.Thread.State: TIMED_WAITING
        at java.base@17.0.11/jdk.internal.misc.Unsafe.park(Native Method)
        at java.base@17.0.11/java.util.concurrent.locks.LockSupport.parkNanos(LockSupport.java:252)
        at java.base@17.0.11/java.util.concurrent.locks.AbstractQueuedSynchronizer$ConditionObject.awaitNanos(AbstractQueuedSynchronizer.java:1674)
        at java.base@17.0.11/java.util.concurrent.ArrayBlockingQueue.poll(ArrayBlockingQueue.java:435)
        at app//org.apache.ratis.server.impl.LeaderStateImpl$EventQueue.poll(LeaderStateImpl.java:164)
        at app//org.apache.ratis.server.impl.LeaderStateImpl$EventProcessor.run(LeaderStateImpl.java:762)
"IPC Server handler 13 on default port 15002" daemon prio=5 tid=276 timed_waiting
java.lang.Thread.State: TIMED_WAITING
        at java.base@17.0.11/jdk.internal.misc.Unsafe.park(Native Method)
        at java.base@17.0.11/java.util.concurrent.locks.LockSupport.parkNanos(LockSupport.java:252)
        at java.base@17.0.11/java.util.concurrent.locks.AbstractQueuedSynchronizer$ConditionObject.awaitNanos(AbstractQueuedSynchronizer.java:1674)
        at java.base@17.0.11/java.util.concurrent.LinkedBlockingQueue.poll(LinkedBlockingQueue.java:460)
        at app//org.apache.hadoop.ipc.CallQueueManager.take(CallQueueManager.java:317)
        at app//org.apache.hadoop.ipc.Server$Handler.run(Server.java:3014)
"grpc-default-executor-4" daemon prio=5 tid=855 timed_waiting
java.lang.Thread.State: TIMED_WAITING
        at java.base@17.0.11/jdk.internal.misc.Unsafe.park(Native Method)
        at java.base@17.0.11/java.util.concurrent.locks.LockSupport.parkNanos(LockSupport.java:252)
        at java.base@17.0.11/java.util.concurrent.SynchronousQueue$TransferStack.transfer(SynchronousQueue.java:401)
        at java.base@17.0.11/java.util.concurrent.SynchronousQueue.poll(SynchronousQueue.java:903)
        at java.base@17.0.11/java.util.concurrent.ThreadPoolExecutor.getTask(ThreadPoolExecutor.java:1061)
        at java.base@17.0.11/java.util.concurrent.ThreadPoolExecutor.runWorker(ThreadPoolExecutor.java:1122)
        at java.base@17.0.11/java.util.concurrent.ThreadPoolExecutor$Worker.run(ThreadPoolExecutor.java:635)
        at java.base@17.0.11/java.lang.Thread.run(Thread.java:840)
"IPC Server handler 39 on default port 15000" daemon prio=5 tid=102 timed_waiting
java.lang.Thread.State: TIMED_WAITING
        at java.base@17.0.11/jdk.internal.misc.Unsafe.park(Native Method)
        at java.base@17.0.11/java.util.concurrent.locks.LockSupport.parkNanos(LockSupport.java:252)
        at java.base@17.0.11/java.util.concurrent.locks.AbstractQueuedSynchronizer$ConditionObject.awaitNanos(AbstractQueuedSynchronizer.java:1674)
        at java.base@17.0.11/java.util.concurrent.LinkedBlockingQueue.poll(LinkedBlockingQueue.java:460)
        at app//org.apache.hadoop.ipc.CallQueueManager.take(CallQueueManager.java:317)
        at app//org.apache.hadoop.ipc.Server$Handler.run(Server.java:3014)
"qtp701332382-413-acceptor-0@1feac984-ServerConnector@19adcb41{HTTP/1.1, (http/1.1)}{0.0.0.0:15005}" daemon prio=3 tid=413 runnable
java.lang.Thread.State: RUNNABLE
        at java.base@17.0.11/sun.nio.ch.Net.accept(Native Method)
        at java.base@17.0.11/sun.nio.ch.ServerSocketChannelImpl.implAccept(ServerSocketChannelImpl.java:425)
        at java.base@17.0.11/sun.nio.ch.ServerSocketChannelImpl.accept(ServerSocketChannelImpl.java:391)
        at app//org.eclipse.jetty.server.ServerConnector.accept(ServerConnector.java:388)
        at app//org.eclipse.jetty.server.AbstractConnector$Acceptor.run(AbstractConnector.java:704)
        at app//org.eclipse.jetty.util.thread.QueuedThreadPool.runJob(QueuedThreadPool.java:883)
        at app//org.eclipse.jetty.util.thread.QueuedThreadPool$Runner.run(QueuedThreadPool.java:1034)
        at java.base@17.0.11/java.lang.Thread.run(Thread.java:840)
"c511b233-3aa4-4954-9335-f5d54c64e497-ChunkWriter-2-0" daemon prio=5 tid=589 in Object.wait()
java.lang.Thread.State: WAITING (on object monitor)
        at java.base@17.0.11/jdk.internal.misc.Unsafe.park(Native Method)
        at java.base@17.0.11/java.util.concurrent.locks.LockSupport.park(LockSupport.java:341)
        at java.base@17.0.11/java.util.concurrent.locks.AbstractQueuedSynchronizer$ConditionNode.block(AbstractQueuedSynchronizer.java:506)
        at java.base@17.0.11/java.util.concurrent.ForkJoinPool.unmanagedBlock(ForkJoinPool.java:3465)
        at java.base@17.0.11/java.util.concurrent.ForkJoinPool.managedBlock(ForkJoinPool.java:3436)
        at java.base@17.0.11/java.util.concurrent.locks.AbstractQueuedSynchronizer$ConditionObject.await(AbstractQueuedSynchronizer.java:1625)
        at java.base@17.0.11/java.util.concurrent.LinkedBlockingDeque.takeFirst(LinkedBlockingDeque.java:485)
        at java.base@17.0.11/java.util.concurrent.LinkedBlockingDeque.take(LinkedBlockingDeque.java:673)
        at java.base@17.0.11/java.util.concurrent.ThreadPoolExecutor.getTask(ThreadPoolExecutor.java:1062)
        at java.base@17.0.11/java.util.concurrent.ThreadPoolExecutor.runWorker(ThreadPoolExecutor.java:1122)
        at java.base@17.0.11/java.util.concurrent.ThreadPoolExecutor$Worker.run(ThreadPoolExecutor.java:635)
        at java.base@17.0.11/java.lang.Thread.run(Thread.java:840)
"EventQueue-NewNodeForNewNodeHandler" daemon prio=5 tid=672 in Object.wait()
java.lang.Thread.State: WAITING (on object monitor)
        at java.base@17.0.11/jdk.internal.misc.Unsafe.park(Native Method)
        at java.base@17.0.11/java.util.concurrent.locks.LockSupport.park(LockSupport.java:341)
        at java.base@17.0.11/java.util.concurrent.locks.AbstractQueuedSynchronizer$ConditionNode.block(AbstractQueuedSynchronizer.java:506)
        at java.base@17.0.11/java.util.concurrent.ForkJoinPool.unmanagedBlock(ForkJoinPool.java:3465)
        at java.base@17.0.11/java.util.concurrent.ForkJoinPool.managedBlock(ForkJoinPool.java:3436)
        at java.base@17.0.11/java.util.concurrent.locks.AbstractQueuedSynchronizer$ConditionObject.await(AbstractQueuedSynchronizer.java:1625)
        at java.base@17.0.11/java.util.concurrent.LinkedBlockingQueue.take(LinkedBlockingQueue.java:435)
        at java.base@17.0.11/java.util.concurrent.ThreadPoolExecutor.getTask(ThreadPoolExecutor.java:1062)
        at java.base@17.0.11/java.util.concurrent.ThreadPoolExecutor.runWorker(ThreadPoolExecutor.java:1122)
        at java.base@17.0.11/java.util.concurrent.ThreadPoolExecutor$Worker.run(ThreadPoolExecutor.java:635)
        at java.base@17.0.11/java.lang.Thread.run(Thread.java:840)
"c511b233-3aa4-4954-9335-f5d54c64e497@group-B33C5E379CF8-LeaderStateImpl" daemon prio=5 tid=786 timed_waiting
java.lang.Thread.State: TIMED_WAITING
        at java.base@17.0.11/jdk.internal.misc.Unsafe.park(Native Method)
        at java.base@17.0.11/java.util.concurrent.locks.LockSupport.parkNanos(LockSupport.java:252)
        at java.base@17.0.11/java.util.concurrent.locks.AbstractQueuedSynchronizer$ConditionObject.awaitNanos(AbstractQueuedSynchronizer.java:1674)
        at java.base@17.0.11/java.util.concurrent.ArrayBlockingQueue.poll(ArrayBlockingQueue.java:435)
        at app//org.apache.ratis.server.impl.LeaderStateImpl$EventQueue.poll(LeaderStateImpl.java:164)
        at app//org.apache.ratis.server.impl.LeaderStateImpl$EventProcessor.run(LeaderStateImpl.java:762)
"IPC Server handler 28 on default port 15000" daemon prio=5 tid=91 timed_waiting
java.lang.Thread.State: TIMED_WAITING
        at java.base@17.0.11/jdk.internal.misc.Unsafe.park(Native Method)
        at java.base@17.0.11/java.util.concurrent.locks.LockSupport.parkNanos(LockSupport.java:252)
        at java.base@17.0.11/java.util.concurrent.locks.AbstractQueuedSynchronizer$ConditionObject.awaitNanos(AbstractQueuedSynchronizer.java:1674)
        at java.base@17.0.11/java.util.concurrent.LinkedBlockingQueue.poll(LinkedBlockingQueue.java:460)
        at app//org.apache.hadoop.ipc.CallQueueManager.take(CallQueueManager.java:317)
        at app//org.apache.hadoop.ipc.Server$Handler.run(Server.java:3014)
"IPC Server listener on 15010" daemon prio=5 tid=454 runnable
java.lang.Thread.State: RUNNABLE
        at java.base@17.0.11/sun.nio.ch.EPoll.wait(Native Method)
        at java.base@17.0.11/sun.nio.ch.EPollSelectorImpl.doSelect(EPollSelectorImpl.java:118)
        at java.base@17.0.11/sun.nio.ch.SelectorImpl.lockAndDoSelect(SelectorImpl.java:129)
        at java.base@17.0.11/sun.nio.ch.SelectorImpl.select(SelectorImpl.java:146)
        at app//org.apache.hadoop.ipc.Server$Listener.run(Server.java:1408)
"6d6fe673-47e6-46c0-a6fc-601f54cde379@group-41EB72E6D1FF-SegmentedRaftLogWorker"  prio=5 tid=720 timed_waiting
java.lang.Thread.State: TIMED_WAITING
        at java.base@17.0.11/jdk.internal.misc.Unsafe.park(Native Method)
        at java.base@17.0.11/java.util.concurrent.locks.LockSupport.parkNanos(LockSupport.java:252)
        at java.base@17.0.11/java.util.concurrent.locks.AbstractQueuedSynchronizer$ConditionObject.awaitNanos(AbstractQueuedSynchronizer.java:1674)
        at app//org.apache.ratis.util.DataBlockingQueue.poll(DataBlockingQueue.java:148)
        at app//org.apache.ratis.server.raftlog.segmented.SegmentedRaftLogWorker.run(SegmentedRaftLogWorker.java:299)
        at app//org.apache.ratis.server.raftlog.segmented.SegmentedRaftLogWorker$$Lambda$1174/0x00007f53848736a8.run(Unknown Source)
        at java.base@17.0.11/java.util.concurrent.Executors$RunnableAdapter.call(Executors.java:539)
        at java.base@17.0.11/java.util.concurrent.FutureTask.run(FutureTask.java:264)
        at java.base@17.0.11/java.util.concurrent.ThreadPoolExecutor.runWorker(ThreadPoolExecutor.java:1136)
        at java.base@17.0.11/java.util.concurrent.ThreadPoolExecutor$Worker.run(ThreadPoolExecutor.java:635)
        at java.base@17.0.11/java.lang.Thread.run(Thread.java:840)
"ContainerDataScanner(/home/runner/work/ozone/ozone/hadoop-ozone/integration-test/target/test-dir/MiniOzoneClusterImpl-ed78929e-9b9e-4304-bdcd-e93070d12e9d/ozone-meta/datanode-1/data-0/hdds)" daemon prio=5 tid=586 timed_waiting
java.lang.Thread.State: TIMED_WAITING
        at java.base@17.0.11/java.lang.Thread.sleep(Native Method)
        at app//org.apache.hadoop.ozone.container.ozoneimpl.AbstractBackgroundContainerScanner.handleRemainingSleep(AbstractBackgroundContainerScanner.java:131)
        at app//org.apache.hadoop.ozone.container.ozoneimpl.AbstractBackgroundContainerScanner.runIteration(AbstractBackgroundContainerScanner.java:98)
        at app//org.apache.hadoop.ozone.container.ozoneimpl.AbstractBackgroundContainerScanner.run(AbstractBackgroundContainerScanner.java:57)
"FixedThreadPoolWithAffinityExecutor-8-0" daemon prio=5 tid=60 timed_waiting
java.lang.Thread.State: TIMED_WAITING
        at java.base@17.0.11/jdk.internal.misc.Unsafe.park(Native Method)
        at java.base@17.0.11/java.util.concurrent.locks.LockSupport.parkNanos(LockSupport.java:252)
        at java.base@17.0.11/java.util.concurrent.locks.AbstractQueuedSynchronizer$ConditionObject.awaitNanos(AbstractQueuedSynchronizer.java:1674)
        at java.base@17.0.11/java.util.concurrent.LinkedBlockingQueue.poll(LinkedBlockingQueue.java:460)
        at app//org.apache.hadoop.hdds.scm.server.ContainerReportQueue.poll(ContainerReportQueue.java:269)
        at app//org.apache.hadoop.hdds.scm.server.ContainerReportQueue.poll(ContainerReportQueue.java:42)
        at app//org.apache.hadoop.hdds.server.events.FixedThreadPoolWithAffinityExecutor$ContainerReportProcessTask.run(FixedThreadPoolWithAffinityExecutor.java:253)
        at java.base@17.0.11/java.util.concurrent.Executors$RunnableAdapter.call(Executors.java:539)
        at java.base@17.0.11/java.util.concurrent.FutureTask.run(FutureTask.java:264)
        at java.base@17.0.11/java.util.concurrent.ThreadPoolExecutor.runWorker(ThreadPoolExecutor.java:1136)
        at java.base@17.0.11/java.util.concurrent.ThreadPoolExecutor$Worker.run(ThreadPoolExecutor.java:635)
        at java.base@17.0.11/java.lang.Thread.run(Thread.java:840)
"IPC Server Responder" daemon prio=5 tid=45 runnable
java.lang.Thread.State: RUNNABLE
        at java.base@17.0.11/sun.nio.ch.EPoll.wait(Native Method)
        at java.base@17.0.11/sun.nio.ch.EPollSelectorImpl.doSelect(EPollSelectorImpl.java:118)
        at java.base@17.0.11/sun.nio.ch.SelectorImpl.lockAndDoSelect(SelectorImpl.java:129)
        at java.base@17.0.11/sun.nio.ch.SelectorImpl.select(SelectorImpl.java:141)
        at app//org.apache.hadoop.ipc.Server$Responder.doRunLoop(Server.java:1582)
        at app//org.apache.hadoop.ipc.Server$Responder.run(Server.java:1565)
"IPC Server handler 74 on default port 15001" daemon prio=5 tid=237 timed_waiting
java.lang.Thread.State: TIMED_WAITING
        at java.base@17.0.11/jdk.internal.misc.Unsafe.park(Native Method)
        at java.base@17.0.11/java.util.concurrent.locks.LockSupport.parkNanos(LockSupport.java:252)
        at java.base@17.0.11/java.util.concurrent.locks.AbstractQueuedSynchronizer$ConditionObject.awaitNanos(AbstractQueuedSynchronizer.java:1674)
        at java.base@17.0.11/java.util.concurrent.LinkedBlockingQueue.poll(LinkedBlockingQueue.java:460)
        at app//org.apache.hadoop.ipc.CallQueueManager.take(CallQueueManager.java:317)
        at app//org.apache.hadoop.ipc.Server$Handler.run(Server.java:3014)
"fdf93896-5abf-403c-99a8-bb8ea43c9a14@group-B33C5E379CF8-FollowerState" daemon prio=5 tid=784 timed_waiting
java.lang.Thread.State: TIMED_WAITING
        at java.base@17.0.11/java.lang.Thread.sleep(Native Method)
        at java.base@17.0.11/java.lang.Thread.sleep(Thread.java:344)
        at java.base@17.0.11/java.util.concurrent.TimeUnit.sleep(TimeUnit.java:446)
        at app//org.apache.ratis.util.TimeDuration.sleep(TimeDuration.java:353)
        at app//org.apache.ratis.util.TimeDuration.sleep(TimeDuration.java:338)
        at app//org.apache.ratis.server.impl.FollowerState.run(FollowerState.java:128)
"IPC Server handler 48 on default port 15002" daemon prio=5 tid=311 timed_waiting
java.lang.Thread.State: TIMED_WAITING
        at java.base@17.0.11/jdk.internal.misc.Unsafe.park(Native Method)
        at java.base@17.0.11/java.util.concurrent.locks.LockSupport.parkNanos(LockSupport.java:252)
        at java.base@17.0.11/java.util.concurrent.locks.AbstractQueuedSynchronizer$ConditionObject.awaitNanos(AbstractQueuedSynchronizer.java:1674)
        at java.base@17.0.11/java.util.concurrent.LinkedBlockingQueue.poll(LinkedBlockingQueue.java:460)
        at app//org.apache.hadoop.ipc.CallQueueManager.take(CallQueueManager.java:317)
        at app//org.apache.hadoop.ipc.Server$Handler.run(Server.java:3014)
"c511b233-3aa4-4954-9335-f5d54c64e497-server-thread3" daemon prio=5 tid=832 timed_waiting
java.lang.Thread.State: TIMED_WAITING
        at java.base@17.0.11/jdk.internal.misc.Unsafe.park(Native Method)
        at java.base@17.0.11/java.util.concurrent.locks.LockSupport.parkNanos(LockSupport.java:252)
        at java.base@17.0.11/java.util.concurrent.SynchronousQueue$TransferStack.transfer(SynchronousQueue.java:401)
        at java.base@17.0.11/java.util.concurrent.SynchronousQueue.poll(SynchronousQueue.java:903)
        at java.base@17.0.11/java.util.concurrent.ThreadPoolExecutor.getTask(ThreadPoolExecutor.java:1061)
        at java.base@17.0.11/java.util.concurrent.ThreadPoolExecutor.runWorker(ThreadPoolExecutor.java:1122)
        at java.base@17.0.11/java.util.concurrent.ThreadPoolExecutor$Worker.run(ThreadPoolExecutor.java:635)
        at java.base@17.0.11/java.lang.Thread.run(Thread.java:840)
"IPC Server handler 9 on default port 15000" daemon prio=5 tid=72 timed_waiting
java.lang.Thread.State: TIMED_WAITING
        at java.base@17.0.11/jdk.internal.misc.Unsafe.park(Native Method)
        at java.base@17.0.11/java.util.concurrent.locks.LockSupport.parkNanos(LockSupport.java:252)
        at java.base@17.0.11/java.util.concurrent.locks.AbstractQueuedSynchronizer$ConditionObject.awaitNanos(AbstractQueuedSynchronizer.java:1674)
        at java.base@17.0.11/java.util.concurrent.LinkedBlockingQueue.poll(LinkedBlockingQueue.java:460)
        at app//org.apache.hadoop.ipc.CallQueueManager.take(CallQueueManager.java:317)
        at app//org.apache.hadoop.ipc.Server$Handler.run(Server.java:3014)
"IPC Server handler 58 on default port 15001" daemon prio=5 tid=221 timed_waiting
java.lang.Thread.State: TIMED_WAITING
        at java.base@17.0.11/jdk.internal.misc.Unsafe.park(Native Method)
        at java.base@17.0.11/java.util.concurrent.locks.LockSupport.parkNanos(LockSupport.java:252)
        at java.base@17.0.11/java.util.concurrent.locks.AbstractQueuedSynchronizer$ConditionObject.awaitNanos(AbstractQueuedSynchronizer.java:1674)
        at java.base@17.0.11/java.util.concurrent.LinkedBlockingQueue.poll(LinkedBlockingQueue.java:460)
        at app//org.apache.hadoop.ipc.CallQueueManager.take(CallQueueManager.java:317)
        at app//org.apache.hadoop.ipc.Server$Handler.run(Server.java:3014)
"StaleRecoveringContainerScrubbingService#1" daemon prio=5 tid=614 in Object.wait()
java.lang.Thread.State: WAITING (on object monitor)
        at java.base@17.0.11/jdk.internal.misc.Unsafe.park(Native Method)
        at java.base@17.0.11/java.util.concurrent.locks.LockSupport.park(LockSupport.java:341)
        at java.base@17.0.11/java.util.concurrent.locks.AbstractQueuedSynchronizer$ConditionNode.block(AbstractQueuedSynchronizer.java:506)
        at java.base@17.0.11/java.util.concurrent.ForkJoinPool.unmanagedBlock(ForkJoinPool.java:3465)
        at java.base@17.0.11/java.util.concurrent.ForkJoinPool.managedBlock(ForkJoinPool.java:3436)
        at java.base@17.0.11/java.util.concurrent.locks.AbstractQueuedSynchronizer$ConditionObject.await(AbstractQueuedSynchronizer.java:1625)
        at java.base@17.0.11/java.util.concurrent.ScheduledThreadPoolExecutor$DelayedWorkQueue.take(ScheduledThreadPoolExecutor.java:1177)
        at java.base@17.0.11/java.util.concurrent.ScheduledThreadPoolExecutor$DelayedWorkQueue.take(ScheduledThreadPoolExecutor.java:899)
        at java.base@17.0.11/java.util.concurrent.ThreadPoolExecutor.getTask(ThreadPoolExecutor.java:1062)
        at java.base@17.0.11/java.util.concurrent.ThreadPoolExecutor.runWorker(ThreadPoolExecutor.java:1122)
        at java.base@17.0.11/java.util.concurrent.ThreadPoolExecutor$Worker.run(ThreadPoolExecutor.java:635)
        at java.base@17.0.11/java.lang.Thread.run(Thread.java:840)
"IPC Server handler 42 on default port 15002" daemon prio=5 tid=305 timed_waiting
java.lang.Thread.State: TIMED_WAITING
        at java.base@17.0.11/jdk.internal.misc.Unsafe.park(Native Method)
        at java.base@17.0.11/java.util.concurrent.locks.LockSupport.parkNanos(LockSupport.java:252)
        at java.base@17.0.11/java.util.concurrent.locks.AbstractQueuedSynchronizer$ConditionObject.awaitNanos(AbstractQueuedSynchronizer.java:1674)
        at java.base@17.0.11/java.util.concurrent.LinkedBlockingQueue.poll(LinkedBlockingQueue.java:460)
        at app//org.apache.hadoop.ipc.CallQueueManager.take(CallQueueManager.java:317)
        at app//org.apache.hadoop.ipc.Server$Handler.run(Server.java:3014)
"om1-DirectoryDeletingService#0" daemon prio=5 tid=403 timed_waiting
java.lang.Thread.State: TIMED_WAITING
        at java.base@17.0.11/jdk.internal.misc.Unsafe.park(Native Method)
        at java.base@17.0.11/java.util.concurrent.locks.LockSupport.parkNanos(LockSupport.java:252)
        at java.base@17.0.11/java.util.concurrent.locks.AbstractQueuedSynchronizer$ConditionObject.awaitNanos(AbstractQueuedSynchronizer.java:1674)
        at java.base@17.0.11/java.util.concurrent.ScheduledThreadPoolExecutor$DelayedWorkQueue.take(ScheduledThreadPoolExecutor.java:1182)
        at java.base@17.0.11/java.util.concurrent.ScheduledThreadPoolExecutor$DelayedWorkQueue.take(ScheduledThreadPoolExecutor.java:899)
        at java.base@17.0.11/java.util.concurrent.ThreadPoolExecutor.getTask(ThreadPoolExecutor.java:1062)
        at java.base@17.0.11/java.util.concurrent.ThreadPoolExecutor.runWorker(ThreadPoolExecutor.java:1122)
        at java.base@17.0.11/java.util.concurrent.ThreadPoolExecutor$Worker.run(ThreadPoolExecutor.java:635)
        at java.base@17.0.11/java.lang.Thread.run(Thread.java:840)
"6d6fe673-47e6-46c0-a6fc-601f54cde379-PipelineCommandHandlerThread-0"  prio=5 tid=717 in Object.wait()
java.lang.Thread.State: WAITING (on object monitor)
        at java.base@17.0.11/jdk.internal.misc.Unsafe.park(Native Method)
        at java.base@17.0.11/java.util.concurrent.locks.LockSupport.park(LockSupport.java:341)
        at java.base@17.0.11/java.util.concurrent.locks.AbstractQueuedSynchronizer$ConditionNode.block(AbstractQueuedSynchronizer.java:506)
        at java.base@17.0.11/java.util.concurrent.ForkJoinPool.unmanagedBlock(ForkJoinPool.java:3465)
        at java.base@17.0.11/java.util.concurrent.ForkJoinPool.managedBlock(ForkJoinPool.java:3436)
        at java.base@17.0.11/java.util.concurrent.locks.AbstractQueuedSynchronizer$ConditionObject.await(AbstractQueuedSynchronizer.java:1625)
        at java.base@17.0.11/java.util.concurrent.LinkedBlockingQueue.take(LinkedBlockingQueue.java:435)
        at java.base@17.0.11/java.util.concurrent.ThreadPoolExecutor.getTask(ThreadPoolExecutor.java:1062)
        at java.base@17.0.11/java.util.concurrent.ThreadPoolExecutor.runWorker(ThreadPoolExecutor.java:1122)
        at java.base@17.0.11/java.util.concurrent.ThreadPoolExecutor$Worker.run(ThreadPoolExecutor.java:635)
        at java.base@17.0.11/java.lang.Thread.run(Thread.java:840)
"c511b233-3aa4-4954-9335-f5d54c64e497-DataNodeDiskCheckerThread-0" daemon prio=5 tid=583 timed_waiting
java.lang.Thread.State: TIMED_WAITING
        at java.base@17.0.11/jdk.internal.misc.Unsafe.park(Native Method)
        at java.base@17.0.11/java.util.concurrent.locks.LockSupport.parkNanos(LockSupport.java:252)
        at java.base@17.0.11/java.util.concurrent.SynchronousQueue$TransferStack.transfer(SynchronousQueue.java:401)
        at java.base@17.0.11/java.util.concurrent.SynchronousQueue.poll(SynchronousQueue.java:903)
        at java.base@17.0.11/java.util.concurrent.ThreadPoolExecutor.getTask(ThreadPoolExecutor.java:1061)
        at java.base@17.0.11/java.util.concurrent.ThreadPoolExecutor.runWorker(ThreadPoolExecutor.java:1122)
        at java.base@17.0.11/java.util.concurrent.ThreadPoolExecutor$Worker.run(ThreadPoolExecutor.java:635)
        at java.base@17.0.11/java.lang.Thread.run(Thread.java:840)
"IPC Server handler 5 on default port 15002" daemon prio=5 tid=268 timed_waiting
java.lang.Thread.State: TIMED_WAITING
        at java.base@17.0.11/jdk.internal.misc.Unsafe.park(Native Method)
        at java.base@17.0.11/java.util.concurrent.locks.LockSupport.parkNanos(LockSupport.java:252)
        at java.base@17.0.11/java.util.concurrent.locks.AbstractQueuedSynchronizer$ConditionObject.awaitNanos(AbstractQueuedSynchronizer.java:1674)
        at java.base@17.0.11/java.util.concurrent.LinkedBlockingQueue.poll(LinkedBlockingQueue.java:460)
        at app//org.apache.hadoop.ipc.CallQueueManager.take(CallQueueManager.java:317)
        at app//org.apache.hadoop.ipc.Server$Handler.run(Server.java:3014)
"IPC Server handler 10 on default port 15004" daemon prio=5 tid=429 timed_waiting
java.lang.Thread.State: TIMED_WAITING
        at java.base@17.0.11/jdk.internal.misc.Unsafe.park(Native Method)
        at java.base@17.0.11/java.util.concurrent.locks.LockSupport.parkNanos(LockSupport.java:252)
        at java.base@17.0.11/java.util.concurrent.locks.AbstractQueuedSynchronizer$ConditionObject.awaitNanos(AbstractQueuedSynchronizer.java:1674)
        at java.base@17.0.11/java.util.concurrent.LinkedBlockingQueue.poll(LinkedBlockingQueue.java:460)
        at app//org.apache.hadoop.ipc.CallQueueManager.take(CallQueueManager.java:317)
        at app//org.apache.hadoop.ipc.Server$Handler.run(Server.java:3014)
"IPC Server handler 40 on default port 15002" daemon prio=5 tid=303 timed_waiting
java.lang.Thread.State: TIMED_WAITING
        at java.base@17.0.11/jdk.internal.misc.Unsafe.park(Native Method)
        at java.base@17.0.11/java.util.concurrent.locks.LockSupport.parkNanos(LockSupport.java:252)
        at java.base@17.0.11/java.util.concurrent.locks.AbstractQueuedSynchronizer$ConditionObject.awaitNanos(AbstractQueuedSynchronizer.java:1674)
        at java.base@17.0.11/java.util.concurrent.LinkedBlockingQueue.poll(LinkedBlockingQueue.java:460)
        at app//org.apache.hadoop.ipc.CallQueueManager.take(CallQueueManager.java:317)
        at app//org.apache.hadoop.ipc.Server$Handler.run(Server.java:3014)
"fdf93896-5abf-403c-99a8-bb8ea43c9a14@group-B33C5E379CF8-StateMachineUpdater" daemon prio=5 tid=701 timed_waiting
java.lang.Thread.State: TIMED_WAITING
        at java.base@17.0.11/jdk.internal.misc.Unsafe.park(Native Method)
        at java.base@17.0.11/java.util.concurrent.locks.LockSupport.parkNanos(LockSupport.java:252)
        at java.base@17.0.11/java.util.concurrent.locks.AbstractQueuedSynchronizer$ConditionObject.await(AbstractQueuedSynchronizer.java:1759)
        at app//org.apache.ratis.util.AwaitForSignal.await(AwaitForSignal.java:65)
        at app//org.apache.ratis.server.impl.StateMachineUpdater.waitForCommit(StateMachineUpdater.java:211)
        at app//org.apache.ratis.server.impl.StateMachineUpdater.run(StateMachineUpdater.java:180)
        at java.base@17.0.11/java.lang.Thread.run(Thread.java:840)
"fdf93896-5abf-403c-99a8-bb8ea43c9a14-DatanodeReportManager-0" daemon prio=5 tid=488 in Object.wait()
java.lang.Thread.State: WAITING (on object monitor)
        at java.base@17.0.11/jdk.internal.misc.Unsafe.park(Native Method)
        at java.base@17.0.11/java.util.concurrent.locks.LockSupport.park(LockSupport.java:341)
        at java.base@17.0.11/java.util.concurrent.locks.AbstractQueuedSynchronizer$ConditionNode.block(AbstractQueuedSynchronizer.java:506)
        at java.base@17.0.11/java.util.concurrent.ForkJoinPool.unmanagedBlock(ForkJoinPool.java:3465)
        at java.base@17.0.11/java.util.concurrent.ForkJoinPool.managedBlock(ForkJoinPool.java:3436)
        at java.base@17.0.11/java.util.concurrent.locks.AbstractQueuedSynchronizer$ConditionObject.await(AbstractQueuedSynchronizer.java:1625)
        at java.base@17.0.11/java.util.concurrent.ScheduledThreadPoolExecutor$DelayedWorkQueue.take(ScheduledThreadPoolExecutor.java:1177)
        at java.base@17.0.11/java.util.concurrent.ScheduledThreadPoolExecutor$DelayedWorkQueue.take(ScheduledThreadPoolExecutor.java:899)
        at java.base@17.0.11/java.util.concurrent.ThreadPoolExecutor.getTask(ThreadPoolExecutor.java:1062)
        at java.base@17.0.11/java.util.concurrent.ThreadPoolExecutor.runWorker(ThreadPoolExecutor.java:1122)
        at java.base@17.0.11/java.util.concurrent.ThreadPoolExecutor$Worker.run(ThreadPoolExecutor.java:635)
        at java.base@17.0.11/java.lang.Thread.run(Thread.java:840)
"IPC Server handler 24 on default port 15000" daemon prio=5 tid=87 timed_waiting
java.lang.Thread.State: TIMED_WAITING
        at java.base@17.0.11/jdk.internal.misc.Unsafe.park(Native Method)
        at java.base@17.0.11/java.util.concurrent.locks.LockSupport.parkNanos(LockSupport.java:252)
        at java.base@17.0.11/java.util.concurrent.locks.AbstractQueuedSynchronizer$ConditionObject.awaitNanos(AbstractQueuedSynchronizer.java:1674)
        at java.base@17.0.11/java.util.concurrent.LinkedBlockingQueue.poll(LinkedBlockingQueue.java:460)
        at app//org.apache.hadoop.ipc.CallQueueManager.take(CallQueueManager.java:317)
        at app//org.apache.hadoop.ipc.Server$Handler.run(Server.java:3014)
"fdf93896-5abf-403c-99a8-bb8ea43c9a14-DatanodeReportManager-2" daemon prio=5 tid=490 in Object.wait()
java.lang.Thread.State: WAITING (on object monitor)
        at java.base@17.0.11/jdk.internal.misc.Unsafe.park(Native Method)
        at java.base@17.0.11/java.util.concurrent.locks.LockSupport.park(LockSupport.java:341)
        at java.base@17.0.11/java.util.concurrent.locks.AbstractQueuedSynchronizer$ConditionNode.block(AbstractQueuedSynchronizer.java:506)
        at java.base@17.0.11/java.util.concurrent.ForkJoinPool.unmanagedBlock(ForkJoinPool.java:3465)
        at java.base@17.0.11/java.util.concurrent.ForkJoinPool.managedBlock(ForkJoinPool.java:3436)
        at java.base@17.0.11/java.util.concurrent.locks.AbstractQueuedSynchronizer$ConditionObject.await(AbstractQueuedSynchronizer.java:1625)
        at java.base@17.0.11/java.util.concurrent.ScheduledThreadPoolExecutor$DelayedWorkQueue.take(ScheduledThreadPoolExecutor.java:1177)
        at java.base@17.0.11/java.util.concurrent.ScheduledThreadPoolExecutor$DelayedWorkQueue.take(ScheduledThreadPoolExecutor.java:899)
        at java.base@17.0.11/java.util.concurrent.ThreadPoolExecutor.getTask(ThreadPoolExecutor.java:1062)
        at java.base@17.0.11/java.util.concurrent.ThreadPoolExecutor.runWorker(ThreadPoolExecutor.java:1122)
        at java.base@17.0.11/java.util.concurrent.ThreadPoolExecutor$Worker.run(ThreadPoolExecutor.java:635)
        at java.base@17.0.11/java.lang.Thread.run(Thread.java:840)
"IPC Server handler 6 on default port 15001" daemon prio=5 tid=169 timed_waiting
java.lang.Thread.State: TIMED_WAITING
        at java.base@17.0.11/jdk.internal.misc.Unsafe.park(Native Method)
        at java.base@17.0.11/java.util.concurrent.locks.LockSupport.parkNanos(LockSupport.java:252)
        at java.base@17.0.11/java.util.concurrent.locks.AbstractQueuedSynchronizer$ConditionObject.awaitNanos(AbstractQueuedSynchronizer.java:1674)
        at java.base@17.0.11/java.util.concurrent.LinkedBlockingQueue.poll(LinkedBlockingQueue.java:460)
        at app//org.apache.hadoop.ipc.CallQueueManager.take(CallQueueManager.java:317)
        at app//org.apache.hadoop.ipc.Server$Handler.run(Server.java:3014)
"ContainerMetadataScanner" daemon prio=5 tid=622 timed_waiting
java.lang.Thread.State: TIMED_WAITING
        at java.base@17.0.11/java.lang.Thread.sleep(Native Method)
        at app//org.apache.hadoop.ozone.container.ozoneimpl.AbstractBackgroundContainerScanner.handleRemainingSleep(AbstractBackgroundContainerScanner.java:131)
        at app//org.apache.hadoop.ozone.container.ozoneimpl.AbstractBackgroundContainerScanner.runIteration(AbstractBackgroundContainerScanner.java:98)
        at app//org.apache.hadoop.ozone.container.ozoneimpl.AbstractBackgroundContainerScanner.run(AbstractBackgroundContainerScanner.java:57)
"b47eb027-4b7a-4ddc-bf7f-0870758e0604-PeriodicHDDSVolumeChecker" daemon prio=5 tid=618 timed_waiting
java.lang.Thread.State: TIMED_WAITING
        at java.base@17.0.11/jdk.internal.misc.Unsafe.park(Native Method)
        at java.base@17.0.11/java.util.concurrent.locks.LockSupport.parkNanos(LockSupport.java:252)
        at java.base@17.0.11/java.util.concurrent.locks.AbstractQueuedSynchronizer$ConditionObject.awaitNanos(AbstractQueuedSynchronizer.java:1674)
        at java.base@17.0.11/java.util.concurrent.ScheduledThreadPoolExecutor$DelayedWorkQueue.take(ScheduledThreadPoolExecutor.java:1182)
        at java.base@17.0.11/java.util.concurrent.ScheduledThreadPoolExecutor$DelayedWorkQueue.take(ScheduledThreadPoolExecutor.java:899)
        at java.base@17.0.11/java.util.concurrent.ThreadPoolExecutor.getTask(ThreadPoolExecutor.java:1062)
        at java.base@17.0.11/java.util.concurrent.ThreadPoolExecutor.runWorker(ThreadPoolExecutor.java:1122)
        at java.base@17.0.11/java.util.concurrent.ThreadPoolExecutor$Worker.run(ThreadPoolExecutor.java:635)
        at java.base@17.0.11/java.lang.Thread.run(Thread.java:840)
"b47eb027-4b7a-4ddc-bf7f-0870758e0604@group-756EC7FADB3C-cacheEviction-AwaitToRun" daemon prio=5 tid=702 in Object.wait()
java.lang.Thread.State: WAITING (on object monitor)
        at java.base@17.0.11/jdk.internal.misc.Unsafe.park(Native Method)
        at java.base@17.0.11/java.util.concurrent.locks.LockSupport.park(LockSupport.java:341)
        at java.base@17.0.11/java.util.concurrent.locks.AbstractQueuedSynchronizer$ConditionNode.block(AbstractQueuedSynchronizer.java:506)
        at java.base@17.0.11/java.util.concurrent.ForkJoinPool.unmanagedBlock(ForkJoinPool.java:3465)
        at java.base@17.0.11/java.util.concurrent.ForkJoinPool.managedBlock(ForkJoinPool.java:3436)
        at java.base@17.0.11/java.util.concurrent.locks.AbstractQueuedSynchronizer$ConditionObject.await(AbstractQueuedSynchronizer.java:1625)
        at app//org.apache.ratis.util.AwaitForSignal.await(AwaitForSignal.java:48)
        at app//org.apache.ratis.util.AwaitToRun$RunnableImpl.run(AwaitToRun.java:47)
        at java.base@17.0.11/java.lang.Thread.run(Thread.java:840)
"IPC Server handler 7 on default port 15001" daemon prio=5 tid=170 timed_waiting
java.lang.Thread.State: TIMED_WAITING
        at java.base@17.0.11/jdk.internal.misc.Unsafe.park(Native Method)
        at java.base@17.0.11/java.util.concurrent.locks.LockSupport.parkNanos(LockSupport.java:252)
        at java.base@17.0.11/java.util.concurrent.locks.AbstractQueuedSynchronizer$ConditionObject.awaitNanos(AbstractQueuedSynchronizer.java:1674)
        at java.base@17.0.11/java.util.concurrent.LinkedBlockingQueue.poll(LinkedBlockingQueue.java:460)
        at app//org.apache.hadoop.ipc.CallQueueManager.take(CallQueueManager.java:317)
        at app//org.apache.hadoop.ipc.Server$Handler.run(Server.java:3014)
"IPC Server handler 78 on default port 15001" daemon prio=5 tid=241 timed_waiting
java.lang.Thread.State: TIMED_WAITING
        at java.base@17.0.11/jdk.internal.misc.Unsafe.park(Native Method)
        at java.base@17.0.11/java.util.concurrent.locks.LockSupport.parkNanos(LockSupport.java:252)
        at java.base@17.0.11/java.util.concurrent.locks.AbstractQueuedSynchronizer$ConditionObject.awaitNanos(AbstractQueuedSynchronizer.java:1674)
        at java.base@17.0.11/java.util.concurrent.LinkedBlockingQueue.poll(LinkedBlockingQueue.java:460)
        at app//org.apache.hadoop.ipc.CallQueueManager.take(CallQueueManager.java:317)
        at app//org.apache.hadoop.ipc.Server$Handler.run(Server.java:3014)
"IPC Server idle connection scanner for port 15028" daemon prio=5 tid=510 timed_waiting
java.lang.Thread.State: TIMED_WAITING
        at java.base@17.0.11/java.lang.Object.wait(Native Method)
        at java.base@17.0.11/java.util.TimerThread.mainLoop(Timer.java:563)
        at java.base@17.0.11/java.util.TimerThread.run(Timer.java:516)
"IPC Server handler 76 on default port 15000" daemon prio=5 tid=139 timed_waiting
java.lang.Thread.State: TIMED_WAITING
        at java.base@17.0.11/jdk.internal.misc.Unsafe.park(Native Method)
        at java.base@17.0.11/java.util.concurrent.locks.LockSupport.parkNanos(LockSupport.java:252)
        at java.base@17.0.11/java.util.concurrent.locks.AbstractQueuedSynchronizer$ConditionObject.awaitNanos(AbstractQueuedSynchronizer.java:1674)
        at java.base@17.0.11/java.util.concurrent.LinkedBlockingQueue.poll(LinkedBlockingQueue.java:460)
        at app//org.apache.hadoop.ipc.CallQueueManager.take(CallQueueManager.java:317)
        at app//org.apache.hadoop.ipc.Server$Handler.run(Server.java:3014)
"IPC Server handler 15 on default port 15002" daemon prio=5 tid=278 timed_waiting
java.lang.Thread.State: TIMED_WAITING
        at java.base@17.0.11/jdk.internal.misc.Unsafe.park(Native Method)
        at java.base@17.0.11/java.util.concurrent.locks.LockSupport.parkNanos(LockSupport.java:252)
        at java.base@17.0.11/java.util.concurrent.locks.AbstractQueuedSynchronizer$ConditionObject.awaitNanos(AbstractQueuedSynchronizer.java:1674)
        at java.base@17.0.11/java.util.concurrent.LinkedBlockingQueue.poll(LinkedBlockingQueue.java:460)
        at app//org.apache.hadoop.ipc.CallQueueManager.take(CallQueueManager.java:317)
        at app//org.apache.hadoop.ipc.Server$Handler.run(Server.java:3014)
"StaleRecoveringContainerScrubbingService#1" daemon prio=5 tid=651 in Object.wait()
java.lang.Thread.State: WAITING (on object monitor)
        at java.base@17.0.11/jdk.internal.misc.Unsafe.park(Native Method)
        at java.base@17.0.11/java.util.concurrent.locks.LockSupport.park(LockSupport.java:341)
        at java.base@17.0.11/java.util.concurrent.locks.AbstractQueuedSynchronizer$ConditionNode.block(AbstractQueuedSynchronizer.java:506)
        at java.base@17.0.11/java.util.concurrent.ForkJoinPool.unmanagedBlock(ForkJoinPool.java:3465)
        at java.base@17.0.11/java.util.concurrent.ForkJoinPool.managedBlock(ForkJoinPool.java:3436)
        at java.base@17.0.11/java.util.concurrent.locks.AbstractQueuedSynchronizer$ConditionObject.await(AbstractQueuedSynchronizer.java:1625)
        at java.base@17.0.11/java.util.concurrent.ScheduledThreadPoolExecutor$DelayedWorkQueue.take(ScheduledThreadPoolExecutor.java:1177)
        at java.base@17.0.11/java.util.concurrent.ScheduledThreadPoolExecutor$DelayedWorkQueue.take(ScheduledThreadPoolExecutor.java:899)
        at java.base@17.0.11/java.util.concurrent.ThreadPoolExecutor.getTask(ThreadPoolExecutor.java:1062)
        at java.base@17.0.11/java.util.concurrent.ThreadPoolExecutor.runWorker(ThreadPoolExecutor.java:1122)
        at java.base@17.0.11/java.util.concurrent.ThreadPoolExecutor$Worker.run(ThreadPoolExecutor.java:635)
        at java.base@17.0.11/java.lang.Thread.run(Thread.java:840)
"qtp1090492142-479" daemon prio=5 tid=479 timed_waiting
java.lang.Thread.State: TIMED_WAITING
        at java.base@17.0.11/jdk.internal.misc.Unsafe.park(Native Method)
        at java.base@17.0.11/java.util.concurrent.locks.LockSupport.parkNanos(LockSupport.java:252)
        at java.base@17.0.11/java.util.concurrent.locks.AbstractQueuedSynchronizer$ConditionObject.awaitNanos(AbstractQueuedSynchronizer.java:1674)
        at app//org.eclipse.jetty.util.BlockingArrayQueue.poll(BlockingArrayQueue.java:382)
        at app//org.eclipse.jetty.util.thread.QueuedThreadPool$Runner.idleJobPoll(QueuedThreadPool.java:974)
        at app//org.eclipse.jetty.util.thread.QueuedThreadPool$Runner.run(QueuedThreadPool.java:1018)
        at java.base@17.0.11/java.lang.Thread.run(Thread.java:840)
"timer5" daemon prio=5 tid=824 timed_waiting
java.lang.Thread.State: TIMED_WAITING
        at java.base@17.0.11/java.lang.Object.wait(Native Method)
        at java.base@17.0.11/java.util.TimerThread.mainLoop(Timer.java:563)
        at java.base@17.0.11/java.util.TimerThread.run(Timer.java:516)
"IPC Client (2111384118) connection to 0.0.0.0/0.0.0.0:15002 from runner" daemon prio=5 tid=579 timed_waiting
java.lang.Thread.State: TIMED_WAITING
        at java.base@17.0.11/java.lang.Object.wait(Native Method)
        at app//org.apache.hadoop.ipc.Client$Connection.waitForWork(Client.java:1026)
        at app//org.apache.hadoop.ipc.Client$Connection.run(Client.java:1077)
"c511b233-3aa4-4954-9335-f5d54c64e497@group-416D015375CF-LeaderStateImpl" daemon prio=5 tid=778 timed_waiting
java.lang.Thread.State: TIMED_WAITING
        at java.base@17.0.11/jdk.internal.misc.Unsafe.park(Native Method)
        at java.base@17.0.11/java.util.concurrent.locks.LockSupport.parkNanos(LockSupport.java:252)
        at java.base@17.0.11/java.util.concurrent.locks.AbstractQueuedSynchronizer$ConditionObject.awaitNanos(AbstractQueuedSynchronizer.java:1674)
        at java.base@17.0.11/java.util.concurrent.ArrayBlockingQueue.poll(ArrayBlockingQueue.java:435)
        at app//org.apache.ratis.server.impl.LeaderStateImpl$EventQueue.poll(LeaderStateImpl.java:164)
        at app//org.apache.ratis.server.impl.LeaderStateImpl$EventProcessor.run(LeaderStateImpl.java:762)
"EventQueue-StaleNodeForStaleNodeHandler" daemon prio=5 tid=939 in Object.wait()
java.lang.Thread.State: WAITING (on object monitor)
        at java.base@17.0.11/jdk.internal.misc.Unsafe.park(Native Method)
        at java.base@17.0.11/java.util.concurrent.locks.LockSupport.park(LockSupport.java:341)
        at java.base@17.0.11/java.util.concurrent.locks.AbstractQueuedSynchronizer$ConditionNode.block(AbstractQueuedSynchronizer.java:506)
        at java.base@17.0.11/java.util.concurrent.ForkJoinPool.unmanagedBlock(ForkJoinPool.java:3465)
        at java.base@17.0.11/java.util.concurrent.ForkJoinPool.managedBlock(ForkJoinPool.java:3436)
        at java.base@17.0.11/java.util.concurrent.locks.AbstractQueuedSynchronizer$ConditionObject.await(AbstractQueuedSynchronizer.java:1625)
        at java.base@17.0.11/java.util.concurrent.LinkedBlockingQueue.take(LinkedBlockingQueue.java:435)
        at java.base@17.0.11/java.util.concurrent.ThreadPoolExecutor.getTask(ThreadPoolExecutor.java:1062)
        at java.base@17.0.11/java.util.concurrent.ThreadPoolExecutor.runWorker(ThreadPoolExecutor.java:1122)
        at java.base@17.0.11/java.util.concurrent.ThreadPoolExecutor$Worker.run(ThreadPoolExecutor.java:635)
        at java.base@17.0.11/java.lang.Thread.run(Thread.java:840)
"FixedThreadPoolWithAffinityExecutor-6-0" daemon prio=5 tid=58 timed_waiting
java.lang.Thread.State: TIMED_WAITING
        at java.base@17.0.11/jdk.internal.misc.Unsafe.park(Native Method)
        at java.base@17.0.11/java.util.concurrent.locks.LockSupport.parkNanos(LockSupport.java:252)
        at java.base@17.0.11/java.util.concurrent.locks.AbstractQueuedSynchronizer$ConditionObject.awaitNanos(AbstractQueuedSynchronizer.java:1674)
        at java.base@17.0.11/java.util.concurrent.LinkedBlockingQueue.poll(LinkedBlockingQueue.java:460)
        at app//org.apache.hadoop.hdds.scm.server.ContainerReportQueue.poll(ContainerReportQueue.java:269)
        at app//org.apache.hadoop.hdds.scm.server.ContainerReportQueue.poll(ContainerReportQueue.java:42)
        at app//org.apache.hadoop.hdds.server.events.FixedThreadPoolWithAffinityExecutor$ContainerReportProcessTask.run(FixedThreadPoolWithAffinityExecutor.java:253)
        at java.base@17.0.11/java.util.concurrent.Executors$RunnableAdapter.call(Executors.java:539)
        at java.base@17.0.11/java.util.concurrent.FutureTask.run(FutureTask.java:264)
        at java.base@17.0.11/java.util.concurrent.ThreadPoolExecutor.runWorker(ThreadPoolExecutor.java:1136)
        at java.base@17.0.11/java.util.concurrent.ThreadPoolExecutor$Worker.run(ThreadPoolExecutor.java:635)
        at java.base@17.0.11/java.lang.Thread.run(Thread.java:840)
"b47eb027-4b7a-4ddc-bf7f-0870758e0604-CloseContainerThread-0"  prio=5 tid=898 in Object.wait()
java.lang.Thread.State: WAITING (on object monitor)
        at java.base@17.0.11/jdk.internal.misc.Unsafe.park(Native Method)
        at java.base@17.0.11/java.util.concurrent.locks.LockSupport.park(LockSupport.java:341)
        at java.base@17.0.11/java.util.concurrent.locks.AbstractQueuedSynchronizer$ConditionNode.block(AbstractQueuedSynchronizer.java:506)
        at java.base@17.0.11/java.util.concurrent.ForkJoinPool.unmanagedBlock(ForkJoinPool.java:3465)
        at java.base@17.0.11/java.util.concurrent.ForkJoinPool.managedBlock(ForkJoinPool.java:3436)
        at java.base@17.0.11/java.util.concurrent.locks.AbstractQueuedSynchronizer$ConditionObject.await(AbstractQueuedSynchronizer.java:1625)
        at java.base@17.0.11/java.util.concurrent.LinkedBlockingQueue.take(LinkedBlockingQueue.java:435)
        at java.base@17.0.11/java.util.concurrent.ThreadPoolExecutor.getTask(ThreadPoolExecutor.java:1062)
        at java.base@17.0.11/java.util.concurrent.ThreadPoolExecutor.runWorker(ThreadPoolExecutor.java:1122)
        at java.base@17.0.11/java.util.concurrent.ThreadPoolExecutor$Worker.run(ThreadPoolExecutor.java:635)
        at java.base@17.0.11/java.lang.Thread.run(Thread.java:840)
"IPC Server handler 35 on default port 15001" daemon prio=5 tid=198 timed_waiting
java.lang.Thread.State: TIMED_WAITING
        at java.base@17.0.11/jdk.internal.misc.Unsafe.park(Native Method)
        at java.base@17.0.11/java.util.concurrent.locks.LockSupport.parkNanos(LockSupport.java:252)
        at java.base@17.0.11/java.util.concurrent.locks.AbstractQueuedSynchronizer$ConditionObject.awaitNanos(AbstractQueuedSynchronizer.java:1674)
        at java.base@17.0.11/java.util.concurrent.LinkedBlockingQueue.poll(LinkedBlockingQueue.java:460)
        at app//org.apache.hadoop.ipc.CallQueueManager.take(CallQueueManager.java:317)
        at app//org.apache.hadoop.ipc.Server$Handler.run(Server.java:3014)
"IPC Server handler 13 on default port 15001" daemon prio=5 tid=176 timed_waiting
java.lang.Thread.State: TIMED_WAITING
        at java.base@17.0.11/jdk.internal.misc.Unsafe.park(Native Method)
        at java.base@17.0.11/java.util.concurrent.locks.LockSupport.parkNanos(LockSupport.java:252)
        at java.base@17.0.11/java.util.concurrent.locks.AbstractQueuedSynchronizer$ConditionObject.awaitNanos(AbstractQueuedSynchronizer.java:1674)
        at java.base@17.0.11/java.util.concurrent.LinkedBlockingQueue.poll(LinkedBlockingQueue.java:460)
        at app//org.apache.hadoop.ipc.CallQueueManager.take(CallQueueManager.java:317)
        at app//org.apache.hadoop.ipc.Server$Handler.run(Server.java:3014)
"b47eb027-4b7a-4ddc-bf7f-0870758e0604-BlockDeletingService#1" daemon prio=5 tid=633 in Object.wait()
java.lang.Thread.State: WAITING (on object monitor)
        at java.base@17.0.11/jdk.internal.misc.Unsafe.park(Native Method)
        at java.base@17.0.11/java.util.concurrent.locks.LockSupport.park(LockSupport.java:341)
        at java.base@17.0.11/java.util.concurrent.locks.AbstractQueuedSynchronizer$ConditionNode.block(AbstractQueuedSynchronizer.java:506)
        at java.base@17.0.11/java.util.concurrent.ForkJoinPool.unmanagedBlock(ForkJoinPool.java:3465)
        at java.base@17.0.11/java.util.concurrent.ForkJoinPool.managedBlock(ForkJoinPool.java:3436)
        at java.base@17.0.11/java.util.concurrent.locks.AbstractQueuedSynchronizer$ConditionObject.await(AbstractQueuedSynchronizer.java:1625)
        at java.base@17.0.11/java.util.concurrent.ScheduledThreadPoolExecutor$DelayedWorkQueue.take(ScheduledThreadPoolExecutor.java:1177)
        at java.base@17.0.11/java.util.concurrent.ScheduledThreadPoolExecutor$DelayedWorkQueue.take(ScheduledThreadPoolExecutor.java:899)
        at java.base@17.0.11/java.util.concurrent.ThreadPoolExecutor.getTask(ThreadPoolExecutor.java:1062)
        at java.base@17.0.11/java.util.concurrent.ThreadPoolExecutor.runWorker(ThreadPoolExecutor.java:1122)
        at java.base@17.0.11/java.util.concurrent.ThreadPoolExecutor$Worker.run(ThreadPoolExecutor.java:635)
        at java.base@17.0.11/java.lang.Thread.run(Thread.java:840)
"FixedThreadPoolWithAffinityExecutor-0-0" daemon prio=5 tid=52 timed_waiting
java.lang.Thread.State: TIMED_WAITING
        at java.base@17.0.11/jdk.internal.misc.Unsafe.park(Native Method)
        at java.base@17.0.11/java.util.concurrent.locks.LockSupport.parkNanos(LockSupport.java:252)
        at java.base@17.0.11/java.util.concurrent.locks.AbstractQueuedSynchronizer$ConditionObject.awaitNanos(AbstractQueuedSynchronizer.java:1674)
        at java.base@17.0.11/java.util.concurrent.LinkedBlockingQueue.poll(LinkedBlockingQueue.java:460)
        at app//org.apache.hadoop.hdds.scm.server.ContainerReportQueue.poll(ContainerReportQueue.java:269)
        at app//org.apache.hadoop.hdds.scm.server.ContainerReportQueue.poll(ContainerReportQueue.java:42)
        at app//org.apache.hadoop.hdds.server.events.FixedThreadPoolWithAffinityExecutor$ContainerReportProcessTask.run(FixedThreadPoolWithAffinityExecutor.java:253)
        at java.base@17.0.11/java.util.concurrent.Executors$RunnableAdapter.call(Executors.java:539)
        at java.base@17.0.11/java.util.concurrent.FutureTask.run(FutureTask.java:264)
        at java.base@17.0.11/java.util.concurrent.ThreadPoolExecutor.runWorker(ThreadPoolExecutor.java:1136)
        at java.base@17.0.11/java.util.concurrent.ThreadPoolExecutor$Worker.run(ThreadPoolExecutor.java:635)
        at java.base@17.0.11/java.lang.Thread.run(Thread.java:840)
"IPC Server handler 4 on default port 15001" daemon prio=5 tid=167 timed_waiting
java.lang.Thread.State: TIMED_WAITING
        at java.base@17.0.11/jdk.internal.misc.Unsafe.park(Native Method)
        at java.base@17.0.11/java.util.concurrent.locks.LockSupport.parkNanos(LockSupport.java:252)
        at java.base@17.0.11/java.util.concurrent.locks.AbstractQueuedSynchronizer$ConditionObject.awaitNanos(AbstractQueuedSynchronizer.java:1674)
        at java.base@17.0.11/java.util.concurrent.LinkedBlockingQueue.poll(LinkedBlockingQueue.java:460)
        at app//org.apache.hadoop.ipc.CallQueueManager.take(CallQueueManager.java:317)
        at app//org.apache.hadoop.ipc.Server$Handler.run(Server.java:3014)
"IPC Server handler 18 on default port 15004" daemon prio=5 tid=437 timed_waiting
java.lang.Thread.State: TIMED_WAITING
        at java.base@17.0.11/jdk.internal.misc.Unsafe.park(Native Method)
        at java.base@17.0.11/java.util.concurrent.locks.LockSupport.parkNanos(LockSupport.java:252)
        at java.base@17.0.11/java.util.concurrent.locks.AbstractQueuedSynchronizer$ConditionObject.awaitNanos(AbstractQueuedSynchronizer.java:1674)
        at java.base@17.0.11/java.util.concurrent.LinkedBlockingQueue.poll(LinkedBlockingQueue.java:460)
        at app//org.apache.hadoop.ipc.CallQueueManager.take(CallQueueManager.java:317)
        at app//org.apache.hadoop.ipc.Server$Handler.run(Server.java:3014)
"IPC Server handler 29 on default port 15002" daemon prio=5 tid=292 timed_waiting
java.lang.Thread.State: TIMED_WAITING
        at java.base@17.0.11/jdk.internal.misc.Unsafe.park(Native Method)
        at java.base@17.0.11/java.util.concurrent.locks.LockSupport.parkNanos(LockSupport.java:252)
        at java.base@17.0.11/java.util.concurrent.locks.AbstractQueuedSynchronizer$ConditionObject.awaitNanos(AbstractQueuedSynchronizer.java:1674)
        at java.base@17.0.11/java.util.concurrent.LinkedBlockingQueue.poll(LinkedBlockingQueue.java:460)
        at app//org.apache.hadoop.ipc.CallQueueManager.take(CallQueueManager.java:317)
        at app//org.apache.hadoop.ipc.Server$Handler.run(Server.java:3014)
"IPC Server handler 19 on default port 15001" daemon prio=5 tid=182 timed_waiting
java.lang.Thread.State: TIMED_WAITING
        at java.base@17.0.11/jdk.internal.misc.Unsafe.park(Native Method)
        at java.base@17.0.11/java.util.concurrent.locks.LockSupport.parkNanos(LockSupport.java:252)
        at java.base@17.0.11/java.util.concurrent.locks.AbstractQueuedSynchronizer$ConditionObject.awaitNanos(AbstractQueuedSynchronizer.java:1674)
        at java.base@17.0.11/java.util.concurrent.LinkedBlockingQueue.poll(LinkedBlockingQueue.java:460)
        at app//org.apache.hadoop.ipc.CallQueueManager.take(CallQueueManager.java:317)
        at app//org.apache.hadoop.ipc.Server$Handler.run(Server.java:3014)
"grpc-default-executor-1" daemon prio=5 tid=710 timed_waiting
java.lang.Thread.State: TIMED_WAITING
        at java.base@17.0.11/jdk.internal.misc.Unsafe.park(Native Method)
        at java.base@17.0.11/java.util.concurrent.locks.LockSupport.parkNanos(LockSupport.java:252)
        at java.base@17.0.11/java.util.concurrent.SynchronousQueue$TransferStack.transfer(SynchronousQueue.java:401)
        at java.base@17.0.11/java.util.concurrent.SynchronousQueue.poll(SynchronousQueue.java:903)
        at java.base@17.0.11/java.util.concurrent.ThreadPoolExecutor.getTask(ThreadPoolExecutor.java:1061)
        at java.base@17.0.11/java.util.concurrent.ThreadPoolExecutor.runWorker(ThreadPoolExecutor.java:1122)
        at java.base@17.0.11/java.util.concurrent.ThreadPoolExecutor$Worker.run(ThreadPoolExecutor.java:635)
        at java.base@17.0.11/java.lang.Thread.run(Thread.java:840)
"IPC Server handler 36 on default port 15000" daemon prio=5 tid=99 timed_waiting
java.lang.Thread.State: TIMED_WAITING
        at java.base@17.0.11/jdk.internal.misc.Unsafe.park(Native Method)
        at java.base@17.0.11/java.util.concurrent.locks.LockSupport.parkNanos(LockSupport.java:252)
        at java.base@17.0.11/java.util.concurrent.locks.AbstractQueuedSynchronizer$ConditionObject.awaitNanos(AbstractQueuedSynchronizer.java:1674)
        at java.base@17.0.11/java.util.concurrent.LinkedBlockingQueue.poll(LinkedBlockingQueue.java:460)
        at app//org.apache.hadoop.ipc.CallQueueManager.take(CallQueueManager.java:317)
        at app//org.apache.hadoop.ipc.Server$Handler.run(Server.java:3014)
"IPC Server handler 88 on default port 15002" daemon prio=5 tid=351 timed_waiting
java.lang.Thread.State: TIMED_WAITING
        at java.base@17.0.11/jdk.internal.misc.Unsafe.park(Native Method)
        at java.base@17.0.11/java.util.concurrent.locks.LockSupport.parkNanos(LockSupport.java:252)
        at java.base@17.0.11/java.util.concurrent.locks.AbstractQueuedSynchronizer$ConditionObject.awaitNanos(AbstractQueuedSynchronizer.java:1674)
        at java.base@17.0.11/java.util.concurrent.LinkedBlockingQueue.poll(LinkedBlockingQueue.java:460)
        at app//org.apache.hadoop.ipc.CallQueueManager.take(CallQueueManager.java:317)
        at app//org.apache.hadoop.ipc.Server$Handler.run(Server.java:3014)
"c511b233-3aa4-4954-9335-f5d54c64e497-ChunkWriter-1-0" daemon prio=5 tid=588 in Object.wait()
java.lang.Thread.State: WAITING (on object monitor)
        at java.base@17.0.11/jdk.internal.misc.Unsafe.park(Native Method)
        at java.base@17.0.11/java.util.concurrent.locks.LockSupport.park(LockSupport.java:341)
        at java.base@17.0.11/java.util.concurrent.locks.AbstractQueuedSynchronizer$ConditionNode.block(AbstractQueuedSynchronizer.java:506)
        at java.base@17.0.11/java.util.concurrent.ForkJoinPool.unmanagedBlock(ForkJoinPool.java:3465)
        at java.base@17.0.11/java.util.concurrent.ForkJoinPool.managedBlock(ForkJoinPool.java:3436)
        at java.base@17.0.11/java.util.concurrent.locks.AbstractQueuedSynchronizer$ConditionObject.await(AbstractQueuedSynchronizer.java:1625)
        at java.base@17.0.11/java.util.concurrent.LinkedBlockingDeque.takeFirst(LinkedBlockingDeque.java:485)
        at java.base@17.0.11/java.util.concurrent.LinkedBlockingDeque.take(LinkedBlockingDeque.java:673)
        at java.base@17.0.11/java.util.concurrent.ThreadPoolExecutor.getTask(ThreadPoolExecutor.java:1062)
        at java.base@17.0.11/java.util.concurrent.ThreadPoolExecutor.runWorker(ThreadPoolExecutor.java:1122)
        at java.base@17.0.11/java.util.concurrent.ThreadPoolExecutor$Worker.run(ThreadPoolExecutor.java:635)
        at java.base@17.0.11/java.lang.Thread.run(Thread.java:840)
"IPC Server handler 26 on default port 15000" daemon prio=5 tid=89 timed_waiting
java.lang.Thread.State: TIMED_WAITING
        at java.base@17.0.11/jdk.internal.misc.Unsafe.park(Native Method)
        at java.base@17.0.11/java.util.concurrent.locks.LockSupport.parkNanos(LockSupport.java:252)
        at java.base@17.0.11/java.util.concurrent.locks.AbstractQueuedSynchronizer$ConditionObject.awaitNanos(AbstractQueuedSynchronizer.java:1674)
        at java.base@17.0.11/java.util.concurrent.LinkedBlockingQueue.poll(LinkedBlockingQueue.java:460)
        at app//org.apache.hadoop.ipc.CallQueueManager.take(CallQueueManager.java:317)
        at app//org.apache.hadoop.ipc.Server$Handler.run(Server.java:3014)
"process reaper" daemon prio=10 tid=22 timed_waiting
java.lang.Thread.State: TIMED_WAITING
        at java.base@17.0.11/jdk.internal.misc.Unsafe.park(Native Method)
        at java.base@17.0.11/java.util.concurrent.locks.LockSupport.parkNanos(LockSupport.java:252)
        at java.base@17.0.11/java.util.concurrent.SynchronousQueue$TransferStack.transfer(SynchronousQueue.java:401)
        at java.base@17.0.11/java.util.concurrent.SynchronousQueue.poll(SynchronousQueue.java:903)
        at java.base@17.0.11/java.util.concurrent.ThreadPoolExecutor.getTask(ThreadPoolExecutor.java:1061)
        at java.base@17.0.11/java.util.concurrent.ThreadPoolExecutor.runWorker(ThreadPoolExecutor.java:1122)
        at java.base@17.0.11/java.util.concurrent.ThreadPoolExecutor$Worker.run(ThreadPoolExecutor.java:635)
        at java.base@17.0.11/java.lang.Thread.run(Thread.java:840)
"FixedThreadPoolWithAffinityExecutor-3-0" daemon prio=5 tid=55 timed_waiting
java.lang.Thread.State: TIMED_WAITING
        at java.base@17.0.11/jdk.internal.misc.Unsafe.park(Native Method)
        at java.base@17.0.11/java.util.concurrent.locks.LockSupport.parkNanos(LockSupport.java:252)
        at java.base@17.0.11/java.util.concurrent.locks.AbstractQueuedSynchronizer$ConditionObject.awaitNanos(AbstractQueuedSynchronizer.java:1674)
        at java.base@17.0.11/java.util.concurrent.LinkedBlockingQueue.poll(LinkedBlockingQueue.java:460)
        at app//org.apache.hadoop.hdds.scm.server.ContainerReportQueue.poll(ContainerReportQueue.java:269)
        at app//org.apache.hadoop.hdds.scm.server.ContainerReportQueue.poll(ContainerReportQueue.java:42)
        at app//org.apache.hadoop.hdds.server.events.FixedThreadPoolWithAffinityExecutor$ContainerReportProcessTask.run(FixedThreadPoolWithAffinityExecutor.java:253)
        at java.base@17.0.11/java.util.concurrent.Executors$RunnableAdapter.call(Executors.java:539)
        at java.base@17.0.11/java.util.concurrent.FutureTask.run(FutureTask.java:264)
        at java.base@17.0.11/java.util.concurrent.ThreadPoolExecutor.runWorker(ThreadPoolExecutor.java:1136)
        at java.base@17.0.11/java.util.concurrent.ThreadPoolExecutor$Worker.run(ThreadPoolExecutor.java:635)
        at java.base@17.0.11/java.lang.Thread.run(Thread.java:840)
"IPC Server handler 94 on default port 15000" daemon prio=5 tid=157 timed_waiting
java.lang.Thread.State: TIMED_WAITING
        at java.base@17.0.11/jdk.internal.misc.Unsafe.park(Native Method)
        at java.base@17.0.11/java.util.concurrent.locks.LockSupport.parkNanos(LockSupport.java:252)
        at java.base@17.0.11/java.util.concurrent.locks.AbstractQueuedSynchronizer$ConditionObject.awaitNanos(AbstractQueuedSynchronizer.java:1674)
        at java.base@17.0.11/java.util.concurrent.LinkedBlockingQueue.poll(LinkedBlockingQueue.java:460)
        at app//org.apache.hadoop.ipc.CallQueueManager.take(CallQueueManager.java:317)
        at app//org.apache.hadoop.ipc.Server$Handler.run(Server.java:3014)
"qtp1090492142-476" daemon prio=5 tid=476 timed_waiting
java.lang.Thread.State: TIMED_WAITING
        at java.base@17.0.11/jdk.internal.misc.Unsafe.park(Native Method)
        at java.base@17.0.11/java.util.concurrent.locks.LockSupport.parkNanos(LockSupport.java:252)
        at java.base@17.0.11/java.util.concurrent.locks.AbstractQueuedSynchronizer$ConditionObject.awaitNanos(AbstractQueuedSynchronizer.java:1674)
        at app//org.eclipse.jetty.util.BlockingArrayQueue.poll(BlockingArrayQueue.java:382)
        at app//org.eclipse.jetty.util.thread.QueuedThreadPool$Runner.idleJobPoll(QueuedThreadPool.java:974)
        at app//org.eclipse.jetty.util.thread.QueuedThreadPool$Runner.run(QueuedThreadPool.java:1018)
        at java.base@17.0.11/java.lang.Thread.run(Thread.java:840)
"b47eb027-4b7a-4ddc-bf7f-0870758e0604@group-756EC7FADB3C-SegmentedRaftLogWorker"  prio=5 tid=703 timed_waiting
java.lang.Thread.State: TIMED_WAITING
        at java.base@17.0.11/jdk.internal.misc.Unsafe.park(Native Method)
        at java.base@17.0.11/java.util.concurrent.locks.LockSupport.parkNanos(LockSupport.java:252)
        at java.base@17.0.11/java.util.concurrent.locks.AbstractQueuedSynchronizer$ConditionObject.awaitNanos(AbstractQueuedSynchronizer.java:1674)
        at app//org.apache.ratis.util.DataBlockingQueue.poll(DataBlockingQueue.java:148)
        at app//org.apache.ratis.server.raftlog.segmented.SegmentedRaftLogWorker.run(SegmentedRaftLogWorker.java:299)
        at app//org.apache.ratis.server.raftlog.segmented.SegmentedRaftLogWorker$$Lambda$1174/0x00007f53848736a8.run(Unknown Source)
        at java.base@17.0.11/java.util.concurrent.Executors$RunnableAdapter.call(Executors.java:539)
        at java.base@17.0.11/java.util.concurrent.FutureTask.run(FutureTask.java:264)
        at java.base@17.0.11/java.util.concurrent.ThreadPoolExecutor.runWorker(ThreadPoolExecutor.java:1136)
        at java.base@17.0.11/java.util.concurrent.ThreadPoolExecutor$Worker.run(ThreadPoolExecutor.java:635)
        at java.base@17.0.11/java.lang.Thread.run(Thread.java:840)
"IPC Server handler 61 on default port 15002" daemon prio=5 tid=324 timed_waiting
java.lang.Thread.State: TIMED_WAITING
        at java.base@17.0.11/jdk.internal.misc.Unsafe.park(Native Method)
        at java.base@17.0.11/java.util.concurrent.locks.LockSupport.parkNanos(LockSupport.java:252)
        at java.base@17.0.11/java.util.concurrent.locks.AbstractQueuedSynchronizer$ConditionObject.awaitNanos(AbstractQueuedSynchronizer.java:1674)
        at java.base@17.0.11/java.util.concurrent.LinkedBlockingQueue.poll(LinkedBlockingQueue.java:460)
        at app//org.apache.hadoop.ipc.CallQueueManager.take(CallQueueManager.java:317)
        at app//org.apache.hadoop.ipc.Server$Handler.run(Server.java:3014)
"om1-impl-thread1"  prio=5 tid=384 timed_waiting
java.lang.Thread.State: TIMED_WAITING
        at java.base@17.0.11/jdk.internal.misc.Unsafe.park(Native Method)
        at java.base@17.0.11/java.util.concurrent.locks.LockSupport.parkNanos(LockSupport.java:252)
        at java.base@17.0.11/java.util.concurrent.SynchronousQueue$TransferStack.transfer(SynchronousQueue.java:401)
        at java.base@17.0.11/java.util.concurrent.SynchronousQueue.poll(SynchronousQueue.java:903)
        at java.base@17.0.11/java.util.concurrent.ThreadPoolExecutor.getTask(ThreadPoolExecutor.java:1061)
        at java.base@17.0.11/java.util.concurrent.ThreadPoolExecutor.runWorker(ThreadPoolExecutor.java:1122)
        at java.base@17.0.11/java.util.concurrent.ThreadPoolExecutor$Worker.run(ThreadPoolExecutor.java:635)
        at java.base@17.0.11/java.lang.Thread.run(Thread.java:840)
"IPC Server handler 65 on default port 15000" daemon prio=5 tid=128 timed_waiting
java.lang.Thread.State: TIMED_WAITING
        at java.base@17.0.11/jdk.internal.misc.Unsafe.park(Native Method)
        at java.base@17.0.11/java.util.concurrent.locks.LockSupport.parkNanos(LockSupport.java:252)
        at java.base@17.0.11/java.util.concurrent.locks.AbstractQueuedSynchronizer$ConditionObject.awaitNanos(AbstractQueuedSynchronizer.java:1674)
        at java.base@17.0.11/java.util.concurrent.LinkedBlockingQueue.poll(LinkedBlockingQueue.java:460)
        at app//org.apache.hadoop.ipc.CallQueueManager.take(CallQueueManager.java:317)
        at app//org.apache.hadoop.ipc.Server$Handler.run(Server.java:3014)
"IPC Server handler 16 on default port 15000" daemon prio=5 tid=79 timed_waiting
java.lang.Thread.State: TIMED_WAITING
        at java.base@17.0.11/jdk.internal.misc.Unsafe.park(Native Method)
        at java.base@17.0.11/java.util.concurrent.locks.LockSupport.parkNanos(LockSupport.java:252)
        at java.base@17.0.11/java.util.concurrent.locks.AbstractQueuedSynchronizer$ConditionObject.awaitNanos(AbstractQueuedSynchronizer.java:1674)
        at java.base@17.0.11/java.util.concurrent.LinkedBlockingQueue.poll(LinkedBlockingQueue.java:460)
        at app//org.apache.hadoop.ipc.CallQueueManager.take(CallQueueManager.java:317)
        at app//org.apache.hadoop.ipc.Server$Handler.run(Server.java:3014)
"IPC Server handler 24 on default port 15001" daemon prio=5 tid=187 timed_waiting
java.lang.Thread.State: TIMED_WAITING
        at java.base@17.0.11/jdk.internal.misc.Unsafe.park(Native Method)
        at java.base@17.0.11/java.util.concurrent.locks.LockSupport.parkNanos(LockSupport.java:252)
        at java.base@17.0.11/java.util.concurrent.locks.AbstractQueuedSynchronizer$ConditionObject.awaitNanos(AbstractQueuedSynchronizer.java:1674)
        at java.base@17.0.11/java.util.concurrent.LinkedBlockingQueue.poll(LinkedBlockingQueue.java:460)
        at app//org.apache.hadoop.ipc.CallQueueManager.take(CallQueueManager.java:317)
        at app//org.apache.hadoop.ipc.Server$Handler.run(Server.java:3014)
"qtp305348271-499" daemon prio=5 tid=499 runnable
java.lang.Thread.State: RUNNABLE
        at java.base@17.0.11/sun.nio.ch.EPoll.wait(Native Method)
        at java.base@17.0.11/sun.nio.ch.EPollSelectorImpl.doSelect(EPollSelectorImpl.java:118)
        at java.base@17.0.11/sun.nio.ch.SelectorImpl.lockAndDoSelect(SelectorImpl.java:129)
        at java.base@17.0.11/sun.nio.ch.SelectorImpl.select(SelectorImpl.java:146)
        at app//org.eclipse.jetty.io.ManagedSelector.nioSelect(ManagedSelector.java:183)
        at app//org.eclipse.jetty.io.ManagedSelector.select(ManagedSelector.java:190)
        at app//org.eclipse.jetty.io.ManagedSelector$SelectorProducer.select(ManagedSelector.java:606)
        at app//org.eclipse.jetty.io.ManagedSelector$SelectorProducer.produce(ManagedSelector.java:543)
        at app//org.eclipse.jetty.util.thread.strategy.EatWhatYouKill.produceTask(EatWhatYouKill.java:362)
        at app//org.eclipse.jetty.util.thread.strategy.EatWhatYouKill.doProduce(EatWhatYouKill.java:186)
        at app//org.eclipse.jetty.util.thread.strategy.EatWhatYouKill.tryProduce(EatWhatYouKill.java:173)
        at app//org.eclipse.jetty.util.thread.strategy.EatWhatYouKill.produce(EatWhatYouKill.java:137)
        at app//org.eclipse.jetty.io.ManagedSelector$$Lambda$835/0x00007f53846a1738.run(Unknown Source)
        at app//org.eclipse.jetty.util.thread.QueuedThreadPool.runJob(QueuedThreadPool.java:883)
        at app//org.eclipse.jetty.util.thread.QueuedThreadPool$Runner.run(QueuedThreadPool.java:1034)
        at java.base@17.0.11/java.lang.Thread.run(Thread.java:840)
"StaleRecoveringContainerScrubbingService#1" daemon prio=5 tid=597 in Object.wait()
java.lang.Thread.State: WAITING (on object monitor)
        at java.base@17.0.11/jdk.internal.misc.Unsafe.park(Native Method)
        at java.base@17.0.11/java.util.concurrent.locks.LockSupport.park(LockSupport.java:341)
        at java.base@17.0.11/java.util.concurrent.locks.AbstractQueuedSynchronizer$ConditionNode.block(AbstractQueuedSynchronizer.java:506)
        at java.base@17.0.11/java.util.concurrent.ForkJoinPool.unmanagedBlock(ForkJoinPool.java:3465)
        at java.base@17.0.11/java.util.concurrent.ForkJoinPool.managedBlock(ForkJoinPool.java:3436)
        at java.base@17.0.11/java.util.concurrent.locks.AbstractQueuedSynchronizer$ConditionObject.await(AbstractQueuedSynchronizer.java:1625)
        at java.base@17.0.11/java.util.concurrent.ScheduledThreadPoolExecutor$DelayedWorkQueue.take(ScheduledThreadPoolExecutor.java:1177)
        at java.base@17.0.11/java.util.concurrent.ScheduledThreadPoolExecutor$DelayedWorkQueue.take(ScheduledThreadPoolExecutor.java:899)
        at java.base@17.0.11/java.util.concurrent.ThreadPoolExecutor.getTask(ThreadPoolExecutor.java:1062)
        at java.base@17.0.11/java.util.concurrent.ThreadPoolExecutor.runWorker(ThreadPoolExecutor.java:1122)
        at java.base@17.0.11/java.util.concurrent.ThreadPoolExecutor$Worker.run(ThreadPoolExecutor.java:635)
        at java.base@17.0.11/java.lang.Thread.run(Thread.java:840)
"IPC Server handler 55 on default port 15000" daemon prio=5 tid=118 timed_waiting
java.lang.Thread.State: TIMED_WAITING
        at java.base@17.0.11/jdk.internal.misc.Unsafe.park(Native Method)
        at java.base@17.0.11/java.util.concurrent.locks.LockSupport.parkNanos(LockSupport.java:252)
        at java.base@17.0.11/java.util.concurrent.locks.AbstractQueuedSynchronizer$ConditionObject.awaitNanos(AbstractQueuedSynchronizer.java:1674)
        at java.base@17.0.11/java.util.concurrent.LinkedBlockingQueue.poll(LinkedBlockingQueue.java:460)
        at app//org.apache.hadoop.ipc.CallQueueManager.take(CallQueueManager.java:317)
        at app//org.apache.hadoop.ipc.Server$Handler.run(Server.java:3014)
"IPC Server handler 47 on default port 15001" daemon prio=5 tid=210 timed_waiting
java.lang.Thread.State: TIMED_WAITING
        at java.base@17.0.11/jdk.internal.misc.Unsafe.park(Native Method)
        at java.base@17.0.11/java.util.concurrent.locks.LockSupport.parkNanos(LockSupport.java:252)
        at java.base@17.0.11/java.util.concurrent.locks.AbstractQueuedSynchronizer$ConditionObject.awaitNanos(AbstractQueuedSynchronizer.java:1674)
        at java.base@17.0.11/java.util.concurrent.LinkedBlockingQueue.poll(LinkedBlockingQueue.java:460)
        at app//org.apache.hadoop.ipc.CallQueueManager.take(CallQueueManager.java:317)
        at app//org.apache.hadoop.ipc.Server$Handler.run(Server.java:3014)
"b47eb027-4b7a-4ddc-bf7f-0870758e0604-server-thread2" daemon prio=5 tid=795 timed_waiting
java.lang.Thread.State: TIMED_WAITING
        at java.base@17.0.11/jdk.internal.misc.Unsafe.park(Native Method)
        at java.base@17.0.11/java.util.concurrent.locks.LockSupport.parkNanos(LockSupport.java:252)
        at java.base@17.0.11/java.util.concurrent.SynchronousQueue$TransferStack.transfer(SynchronousQueue.java:401)
        at java.base@17.0.11/java.util.concurrent.SynchronousQueue.poll(SynchronousQueue.java:903)
        at java.base@17.0.11/java.util.concurrent.ThreadPoolExecutor.getTask(ThreadPoolExecutor.java:1061)
        at java.base@17.0.11/java.util.concurrent.ThreadPoolExecutor.runWorker(ThreadPoolExecutor.java:1122)
        at java.base@17.0.11/java.util.concurrent.ThreadPoolExecutor$Worker.run(ThreadPoolExecutor.java:635)
        at java.base@17.0.11/java.lang.Thread.run(Thread.java:840)
"IPC Server listener on 15004" daemon prio=5 tid=386 runnable
java.lang.Thread.State: RUNNABLE
        at java.base@17.0.11/sun.nio.ch.EPoll.wait(Native Method)
        at java.base@17.0.11/sun.nio.ch.EPollSelectorImpl.doSelect(EPollSelectorImpl.java:118)
        at java.base@17.0.11/sun.nio.ch.SelectorImpl.lockAndDoSelect(SelectorImpl.java:129)
        at java.base@17.0.11/sun.nio.ch.SelectorImpl.select(SelectorImpl.java:146)
        at app//org.apache.hadoop.ipc.Server$Listener.run(Server.java:1408)
"qtp852779561-373" daemon prio=5 tid=373 timed_waiting
java.lang.Thread.State: TIMED_WAITING
        at java.base@17.0.11/jdk.internal.misc.Unsafe.park(Native Method)
        at java.base@17.0.11/java.util.concurrent.locks.LockSupport.parkNanos(LockSupport.java:252)
        at java.base@17.0.11/java.util.concurrent.locks.AbstractQueuedSynchronizer$ConditionObject.awaitNanos(AbstractQueuedSynchronizer.java:1674)
        at app//org.eclipse.jetty.util.BlockingArrayQueue.poll(BlockingArrayQueue.java:382)
        at app//org.eclipse.jetty.util.thread.QueuedThreadPool$Runner.idleJobPoll(QueuedThreadPool.java:974)
        at app//org.eclipse.jetty.util.thread.QueuedThreadPool$Runner.run(QueuedThreadPool.java:1018)
        at java.base@17.0.11/java.lang.Thread.run(Thread.java:840)
"IPC Server handler 14 on default port 15004" daemon prio=5 tid=433 timed_waiting
java.lang.Thread.State: TIMED_WAITING
        at java.base@17.0.11/jdk.internal.misc.Unsafe.park(Native Method)
        at java.base@17.0.11/java.util.concurrent.locks.LockSupport.parkNanos(LockSupport.java:252)
        at java.base@17.0.11/java.util.concurrent.locks.AbstractQueuedSynchronizer$ConditionObject.awaitNanos(AbstractQueuedSynchronizer.java:1674)
        at java.base@17.0.11/java.util.concurrent.LinkedBlockingQueue.poll(LinkedBlockingQueue.java:460)
        at app//org.apache.hadoop.ipc.CallQueueManager.take(CallQueueManager.java:317)
        at app//org.apache.hadoop.ipc.Server$Handler.run(Server.java:3014)
"IPC Server handler 88 on default port 15000" daemon prio=5 tid=151 timed_waiting
java.lang.Thread.State: TIMED_WAITING
        at java.base@17.0.11/jdk.internal.misc.Unsafe.park(Native Method)
        at java.base@17.0.11/java.util.concurrent.locks.LockSupport.parkNanos(LockSupport.java:252)
        at java.base@17.0.11/java.util.concurrent.locks.AbstractQueuedSynchronizer$ConditionObject.awaitNanos(AbstractQueuedSynchronizer.java:1674)
        at java.base@17.0.11/java.util.concurrent.LinkedBlockingQueue.poll(LinkedBlockingQueue.java:460)
        at app//org.apache.hadoop.ipc.CallQueueManager.take(CallQueueManager.java:317)
        at app//org.apache.hadoop.ipc.Server$Handler.run(Server.java:3014)
"IPC Server handler 10 on default port 15001" daemon prio=5 tid=173 timed_waiting
java.lang.Thread.State: TIMED_WAITING
        at java.base@17.0.11/jdk.internal.misc.Unsafe.park(Native Method)
        at java.base@17.0.11/java.util.concurrent.locks.LockSupport.parkNanos(LockSupport.java:252)
        at java.base@17.0.11/java.util.concurrent.locks.AbstractQueuedSynchronizer$ConditionObject.awaitNanos(AbstractQueuedSynchronizer.java:1674)
        at java.base@17.0.11/java.util.concurrent.LinkedBlockingQueue.poll(LinkedBlockingQueue.java:460)
        at app//org.apache.hadoop.ipc.CallQueueManager.take(CallQueueManager.java:317)
        at app//org.apache.hadoop.ipc.Server$Handler.run(Server.java:3014)
"IPC Server handler 67 on default port 15000" daemon prio=5 tid=130 timed_waiting
java.lang.Thread.State: TIMED_WAITING
        at java.base@17.0.11/jdk.internal.misc.Unsafe.park(Native Method)
        at java.base@17.0.11/java.util.concurrent.locks.LockSupport.parkNanos(LockSupport.java:252)
        at java.base@17.0.11/java.util.concurrent.locks.AbstractQueuedSynchronizer$ConditionObject.awaitNanos(AbstractQueuedSynchronizer.java:1674)
        at java.base@17.0.11/java.util.concurrent.LinkedBlockingQueue.poll(LinkedBlockingQueue.java:460)
        at app//org.apache.hadoop.ipc.CallQueueManager.take(CallQueueManager.java:317)
        at app//org.apache.hadoop.ipc.Server$Handler.run(Server.java:3014)
"IPC Server handler 67 on default port 15002" daemon prio=5 tid=330 timed_waiting
java.lang.Thread.State: TIMED_WAITING
        at java.base@17.0.11/jdk.internal.misc.Unsafe.park(Native Method)
        at java.base@17.0.11/java.util.concurrent.locks.LockSupport.parkNanos(LockSupport.java:252)
        at java.base@17.0.11/java.util.concurrent.locks.AbstractQueuedSynchronizer$ConditionObject.awaitNanos(AbstractQueuedSynchronizer.java:1674)
        at java.base@17.0.11/java.util.concurrent.LinkedBlockingQueue.poll(LinkedBlockingQueue.java:460)
        at app//org.apache.hadoop.ipc.CallQueueManager.take(CallQueueManager.java:317)
        at app//org.apache.hadoop.ipc.Server$Handler.run(Server.java:3014)
"IPC Server listener on 15001" daemon prio=5 tid=42 runnable
java.lang.Thread.State: RUNNABLE
        at java.base@17.0.11/sun.nio.ch.EPoll.wait(Native Method)
        at java.base@17.0.11/sun.nio.ch.EPollSelectorImpl.doSelect(EPollSelectorImpl.java:118)
        at java.base@17.0.11/sun.nio.ch.SelectorImpl.lockAndDoSelect(SelectorImpl.java:129)
        at java.base@17.0.11/sun.nio.ch.SelectorImpl.select(SelectorImpl.java:146)
        at app//org.apache.hadoop.ipc.Server$Listener.run(Server.java:1408)
"qtp701332382-416" daemon prio=5 tid=416 timed_waiting
java.lang.Thread.State: TIMED_WAITING
        at java.base@17.0.11/jdk.internal.misc.Unsafe.park(Native Method)
        at java.base@17.0.11/java.util.concurrent.locks.LockSupport.parkNanos(LockSupport.java:252)
        at java.base@17.0.11/java.util.concurrent.locks.AbstractQueuedSynchronizer$ConditionObject.awaitNanos(AbstractQueuedSynchronizer.java:1674)
        at app//org.eclipse.jetty.util.BlockingArrayQueue.poll(BlockingArrayQueue.java:382)
        at app//org.eclipse.jetty.util.thread.QueuedThreadPool$Runner.idleJobPoll(QueuedThreadPool.java:974)
        at app//org.eclipse.jetty.util.thread.QueuedThreadPool$Runner.run(QueuedThreadPool.java:1018)
        at java.base@17.0.11/java.lang.Thread.run(Thread.java:840)
"b47eb027-4b7a-4ddc-bf7f-0870758e0604@group-39932C3C694B-StateMachineUpdater" daemon prio=5 tid=762 timed_waiting
java.lang.Thread.State: TIMED_WAITING
        at java.base@17.0.11/jdk.internal.misc.Unsafe.park(Native Method)
        at java.base@17.0.11/java.util.concurrent.locks.LockSupport.parkNanos(LockSupport.java:252)
        at java.base@17.0.11/java.util.concurrent.locks.AbstractQueuedSynchronizer$ConditionObject.await(AbstractQueuedSynchronizer.java:1759)
        at app//org.apache.ratis.util.AwaitForSignal.await(AwaitForSignal.java:65)
        at app//org.apache.ratis.server.impl.StateMachineUpdater.waitForCommit(StateMachineUpdater.java:211)
        at app//org.apache.ratis.server.impl.StateMachineUpdater.run(StateMachineUpdater.java:180)
        at java.base@17.0.11/java.lang.Thread.run(Thread.java:840)
"b47eb027-4b7a-4ddc-bf7f-0870758e0604@group-756EC7FADB3C-LeaderStateImpl" daemon prio=5 tid=803 timed_waiting
java.lang.Thread.State: TIMED_WAITING
        at java.base@17.0.11/jdk.internal.misc.Unsafe.park(Native Method)
        at java.base@17.0.11/java.util.concurrent.locks.LockSupport.parkNanos(LockSupport.java:252)
        at java.base@17.0.11/java.util.concurrent.locks.AbstractQueuedSynchronizer$ConditionObject.awaitNanos(AbstractQueuedSynchronizer.java:1674)
        at java.base@17.0.11/java.util.concurrent.ArrayBlockingQueue.poll(ArrayBlockingQueue.java:435)
        at app//org.apache.ratis.server.impl.LeaderStateImpl$EventQueue.poll(LeaderStateImpl.java:164)
        at app//org.apache.ratis.server.impl.LeaderStateImpl$EventProcessor.run(LeaderStateImpl.java:762)
"IPC Server idle connection scanner for port 15002" daemon prio=5 tid=39 timed_waiting
java.lang.Thread.State: TIMED_WAITING
        at java.base@17.0.11/java.lang.Object.wait(Native Method)
        at java.base@17.0.11/java.util.TimerThread.mainLoop(Timer.java:563)
        at java.base@17.0.11/java.util.TimerThread.run(Timer.java:516)
"grpc-default-executor-5" daemon prio=5 tid=856 timed_waiting
java.lang.Thread.State: TIMED_WAITING
        at java.base@17.0.11/jdk.internal.misc.Unsafe.park(Native Method)
        at java.base@17.0.11/java.util.concurrent.locks.LockSupport.parkNanos(LockSupport.java:252)
        at java.base@17.0.11/java.util.concurrent.SynchronousQueue$TransferStack.transfer(SynchronousQueue.java:401)
        at java.base@17.0.11/java.util.concurrent.SynchronousQueue.poll(SynchronousQueue.java:903)
        at java.base@17.0.11/java.util.concurrent.ThreadPoolExecutor.getTask(ThreadPoolExecutor.java:1061)
        at java.base@17.0.11/java.util.concurrent.ThreadPoolExecutor.runWorker(ThreadPoolExecutor.java:1122)
        at java.base@17.0.11/java.util.concurrent.ThreadPoolExecutor$Worker.run(ThreadPoolExecutor.java:635)
        at java.base@17.0.11/java.lang.Thread.run(Thread.java:840)
"fdf93896-5abf-403c-99a8-bb8ea43c9a14-DatanodeReportManager-3" daemon prio=5 tid=491 in Object.wait()
java.lang.Thread.State: WAITING (on object monitor)
        at java.base@17.0.11/jdk.internal.misc.Unsafe.park(Native Method)
        at java.base@17.0.11/java.util.concurrent.locks.LockSupport.park(LockSupport.java:341)
        at java.base@17.0.11/java.util.concurrent.locks.AbstractQueuedSynchronizer$ConditionNode.block(AbstractQueuedSynchronizer.java:506)
        at java.base@17.0.11/java.util.concurrent.ForkJoinPool.unmanagedBlock(ForkJoinPool.java:3465)
        at java.base@17.0.11/java.util.concurrent.ForkJoinPool.managedBlock(ForkJoinPool.java:3436)
        at java.base@17.0.11/java.util.concurrent.locks.AbstractQueuedSynchronizer$ConditionObject.await(AbstractQueuedSynchronizer.java:1625)
        at java.base@17.0.11/java.util.concurrent.ScheduledThreadPoolExecutor$DelayedWorkQueue.take(ScheduledThreadPoolExecutor.java:1177)
        at java.base@17.0.11/java.util.concurrent.ScheduledThreadPoolExecutor$DelayedWorkQueue.take(ScheduledThreadPoolExecutor.java:899)
        at java.base@17.0.11/java.util.concurrent.ThreadPoolExecutor.getTask(ThreadPoolExecutor.java:1062)
        at java.base@17.0.11/java.util.concurrent.ThreadPoolExecutor.runWorker(ThreadPoolExecutor.java:1122)
        at java.base@17.0.11/java.util.concurrent.ThreadPoolExecutor$Worker.run(ThreadPoolExecutor.java:635)
        at java.base@17.0.11/java.lang.Thread.run(Thread.java:840)
"IPC Server handler 91 on default port 15000" daemon prio=5 tid=154 timed_waiting
java.lang.Thread.State: TIMED_WAITING
        at java.base@17.0.11/jdk.internal.misc.Unsafe.park(Native Method)
        at java.base@17.0.11/java.util.concurrent.locks.LockSupport.parkNanos(LockSupport.java:252)
        at java.base@17.0.11/java.util.concurrent.locks.AbstractQueuedSynchronizer$ConditionObject.awaitNanos(AbstractQueuedSynchronizer.java:1674)
        at java.base@17.0.11/java.util.concurrent.LinkedBlockingQueue.poll(LinkedBlockingQueue.java:460)
        at app//org.apache.hadoop.ipc.CallQueueManager.take(CallQueueManager.java:317)
        at app//org.apache.hadoop.ipc.Server$Handler.run(Server.java:3014)
"grpc-default-executor-3" daemon prio=5 tid=789 timed_waiting
java.lang.Thread.State: TIMED_WAITING
        at java.base@17.0.11/jdk.internal.misc.Unsafe.park(Native Method)
        at java.base@17.0.11/java.util.concurrent.locks.LockSupport.parkNanos(LockSupport.java:252)
        at java.base@17.0.11/java.util.concurrent.SynchronousQueue$TransferStack.transfer(SynchronousQueue.java:401)
        at java.base@17.0.11/java.util.concurrent.SynchronousQueue.poll(SynchronousQueue.java:903)
        at java.base@17.0.11/java.util.concurrent.ThreadPoolExecutor.getTask(ThreadPoolExecutor.java:1061)
        at java.base@17.0.11/java.util.concurrent.ThreadPoolExecutor.runWorker(ThreadPoolExecutor.java:1122)
        at java.base@17.0.11/java.util.concurrent.ThreadPoolExecutor$Worker.run(ThreadPoolExecutor.java:635)
        at java.base@17.0.11/java.lang.Thread.run(Thread.java:840)
"qtp852779561-367" daemon prio=5 tid=367 runnable
java.lang.Thread.State: RUNNABLE
        at java.base@17.0.11/sun.nio.ch.EPoll.wait(Native Method)
        at java.base@17.0.11/sun.nio.ch.EPollSelectorImpl.doSelect(EPollSelectorImpl.java:118)
        at java.base@17.0.11/sun.nio.ch.SelectorImpl.lockAndDoSelect(SelectorImpl.java:129)
        at java.base@17.0.11/sun.nio.ch.SelectorImpl.select(SelectorImpl.java:146)
        at app//org.eclipse.jetty.io.ManagedSelector.nioSelect(ManagedSelector.java:183)
        at app//org.eclipse.jetty.io.ManagedSelector.select(ManagedSelector.java:190)
        at app//org.eclipse.jetty.io.ManagedSelector$SelectorProducer.select(ManagedSelector.java:606)
        at app//org.eclipse.jetty.io.ManagedSelector$SelectorProducer.produce(ManagedSelector.java:543)
        at app//org.eclipse.jetty.util.thread.strategy.EatWhatYouKill.produceTask(EatWhatYouKill.java:362)
        at app//org.eclipse.jetty.util.thread.strategy.EatWhatYouKill.doProduce(EatWhatYouKill.java:186)
        at app//org.eclipse.jetty.util.thread.strategy.EatWhatYouKill.tryProduce(EatWhatYouKill.java:173)
        at app//org.eclipse.jetty.util.thread.strategy.EatWhatYouKill.produce(EatWhatYouKill.java:137)
        at app//org.eclipse.jetty.io.ManagedSelector$$Lambda$835/0x00007f53846a1738.run(Unknown Source)
        at app//org.eclipse.jetty.util.thread.QueuedThreadPool.runJob(QueuedThreadPool.java:883)
        at app//org.eclipse.jetty.util.thread.QueuedThreadPool$Runner.run(QueuedThreadPool.java:1034)
        at java.base@17.0.11/java.lang.Thread.run(Thread.java:840)
"IPC Server handler 48 on default port 15000" daemon prio=5 tid=111 timed_waiting
java.lang.Thread.State: TIMED_WAITING
        at java.base@17.0.11/jdk.internal.misc.Unsafe.park(Native Method)
        at java.base@17.0.11/java.util.concurrent.locks.LockSupport.parkNanos(LockSupport.java:252)
        at java.base@17.0.11/java.util.concurrent.locks.AbstractQueuedSynchronizer$ConditionObject.awaitNanos(AbstractQueuedSynchronizer.java:1674)
        at java.base@17.0.11/java.util.concurrent.LinkedBlockingQueue.poll(LinkedBlockingQueue.java:460)
        at app//org.apache.hadoop.ipc.CallQueueManager.take(CallQueueManager.java:317)
        at app//org.apache.hadoop.ipc.Server$Handler.run(Server.java:3014)
"IPC Server handler 87 on default port 15002" daemon prio=5 tid=350 timed_waiting
java.lang.Thread.State: TIMED_WAITING
        at java.base@17.0.11/jdk.internal.misc.Unsafe.park(Native Method)
        at java.base@17.0.11/java.util.concurrent.locks.LockSupport.parkNanos(LockSupport.java:252)
        at java.base@17.0.11/java.util.concurrent.locks.AbstractQueuedSynchronizer$ConditionObject.awaitNanos(AbstractQueuedSynchronizer.java:1674)
        at java.base@17.0.11/java.util.concurrent.LinkedBlockingQueue.poll(LinkedBlockingQueue.java:460)
        at app//org.apache.hadoop.ipc.CallQueueManager.take(CallQueueManager.java:317)
        at app//org.apache.hadoop.ipc.Server$Handler.run(Server.java:3014)
"IPC Server handler 61 on default port 15001" daemon prio=5 tid=224 timed_waiting
java.lang.Thread.State: TIMED_WAITING
        at java.base@17.0.11/jdk.internal.misc.Unsafe.park(Native Method)
        at java.base@17.0.11/java.util.concurrent.locks.LockSupport.parkNanos(LockSupport.java:252)
        at java.base@17.0.11/java.util.concurrent.locks.AbstractQueuedSynchronizer$ConditionObject.awaitNanos(AbstractQueuedSynchronizer.java:1674)
        at java.base@17.0.11/java.util.concurrent.LinkedBlockingQueue.poll(LinkedBlockingQueue.java:460)
        at app//org.apache.hadoop.ipc.CallQueueManager.take(CallQueueManager.java:317)
        at app//org.apache.hadoop.ipc.Server$Handler.run(Server.java:3014)
"c511b233-3aa4-4954-9335-f5d54c64e497-DatanodeReportManager-3" daemon prio=5 tid=464 in Object.wait()
java.lang.Thread.State: WAITING (on object monitor)
        at java.base@17.0.11/jdk.internal.misc.Unsafe.park(Native Method)
        at java.base@17.0.11/java.util.concurrent.locks.LockSupport.park(LockSupport.java:341)
        at java.base@17.0.11/java.util.concurrent.locks.AbstractQueuedSynchronizer$ConditionNode.block(AbstractQueuedSynchronizer.java:506)
        at java.base@17.0.11/java.util.concurrent.ForkJoinPool.unmanagedBlock(ForkJoinPool.java:3465)
        at java.base@17.0.11/java.util.concurrent.ForkJoinPool.managedBlock(ForkJoinPool.java:3436)
        at java.base@17.0.11/java.util.concurrent.locks.AbstractQueuedSynchronizer$ConditionObject.await(AbstractQueuedSynchronizer.java:1625)
        at java.base@17.0.11/java.util.concurrent.ScheduledThreadPoolExecutor$DelayedWorkQueue.take(ScheduledThreadPoolExecutor.java:1177)
        at java.base@17.0.11/java.util.concurrent.ScheduledThreadPoolExecutor$DelayedWorkQueue.take(ScheduledThreadPoolExecutor.java:899)
        at java.base@17.0.11/java.util.concurrent.ThreadPoolExecutor.getTask(ThreadPoolExecutor.java:1062)
        at java.base@17.0.11/java.util.concurrent.ThreadPoolExecutor.runWorker(ThreadPoolExecutor.java:1122)
        at java.base@17.0.11/java.util.concurrent.ThreadPoolExecutor$Worker.run(ThreadPoolExecutor.java:635)
        at java.base@17.0.11/java.lang.Thread.run(Thread.java:840)
"IPC Server handler 38 on default port 15002" daemon prio=5 tid=301 timed_waiting
java.lang.Thread.State: TIMED_WAITING
        at java.base@17.0.11/jdk.internal.misc.Unsafe.park(Native Method)
        at java.base@17.0.11/java.util.concurrent.locks.LockSupport.parkNanos(LockSupport.java:252)
        at java.base@17.0.11/java.util.concurrent.locks.AbstractQueuedSynchronizer$ConditionObject.awaitNanos(AbstractQueuedSynchronizer.java:1674)
        at java.base@17.0.11/java.util.concurrent.LinkedBlockingQueue.poll(LinkedBlockingQueue.java:460)
        at app//org.apache.hadoop.ipc.CallQueueManager.take(CallQueueManager.java:317)
        at app//org.apache.hadoop.ipc.Server$Handler.run(Server.java:3014)
"IPC Server handler 96 on default port 15002" daemon prio=5 tid=359 timed_waiting
java.lang.Thread.State: TIMED_WAITING
        at java.base@17.0.11/jdk.internal.misc.Unsafe.park(Native Method)
        at java.base@17.0.11/java.util.concurrent.locks.LockSupport.parkNanos(LockSupport.java:252)
        at java.base@17.0.11/java.util.concurrent.locks.AbstractQueuedSynchronizer$ConditionObject.awaitNanos(AbstractQueuedSynchronizer.java:1674)
        at java.base@17.0.11/java.util.concurrent.LinkedBlockingQueue.poll(LinkedBlockingQueue.java:460)
        at app//org.apache.hadoop.ipc.CallQueueManager.take(CallQueueManager.java:317)
        at app//org.apache.hadoop.ipc.Server$Handler.run(Server.java:3014)
"IPC Server handler 54 on default port 15000" daemon prio=5 tid=117 timed_waiting
java.lang.Thread.State: TIMED_WAITING
        at java.base@17.0.11/jdk.internal.misc.Unsafe.park(Native Method)
        at java.base@17.0.11/java.util.concurrent.locks.LockSupport.parkNanos(LockSupport.java:252)
        at java.base@17.0.11/java.util.concurrent.locks.AbstractQueuedSynchronizer$ConditionObject.awaitNanos(AbstractQueuedSynchronizer.java:1674)
        at java.base@17.0.11/java.util.concurrent.LinkedBlockingQueue.poll(LinkedBlockingQueue.java:460)
        at app//org.apache.hadoop.ipc.CallQueueManager.take(CallQueueManager.java:317)
        at app//org.apache.hadoop.ipc.Server$Handler.run(Server.java:3014)
"b47eb027-4b7a-4ddc-bf7f-0870758e0604-CommandProcessorThread" daemon prio=5 tid=519 timed_waiting
java.lang.Thread.State: TIMED_WAITING
        at java.base@17.0.11/java.lang.Thread.sleep(Native Method)
        at app//org.apache.hadoop.ozone.container.common.statemachine.DatanodeStateMachine.lambda$initCommandHandlerThread$4(DatanodeStateMachine.java:674)
        at app//org.apache.hadoop.ozone.container.common.statemachine.DatanodeStateMachine$$Lambda$1296/0x00007f53848f49a0.run(Unknown Source)
        at java.base@17.0.11/java.lang.Thread.run(Thread.java:840)
"FullTableCache-Cleanup-0" daemon prio=5 tid=837 in Object.wait()
java.lang.Thread.State: WAITING (on object monitor)
        at java.base@17.0.11/jdk.internal.misc.Unsafe.park(Native Method)
        at java.base@17.0.11/java.util.concurrent.locks.LockSupport.park(LockSupport.java:341)
        at java.base@17.0.11/java.util.concurrent.locks.AbstractQueuedSynchronizer$ConditionNode.block(AbstractQueuedSynchronizer.java:506)
        at java.base@17.0.11/java.util.concurrent.ForkJoinPool.unmanagedBlock(ForkJoinPool.java:3465)
        at java.base@17.0.11/java.util.concurrent.ForkJoinPool.managedBlock(ForkJoinPool.java:3436)
        at java.base@17.0.11/java.util.concurrent.locks.AbstractQueuedSynchronizer$ConditionObject.await(AbstractQueuedSynchronizer.java:1625)
        at java.base@17.0.11/java.util.concurrent.LinkedBlockingQueue.take(LinkedBlockingQueue.java:435)
        at java.base@17.0.11/java.util.concurrent.ThreadPoolExecutor.getTask(ThreadPoolExecutor.java:1062)
        at java.base@17.0.11/java.util.concurrent.ThreadPoolExecutor.runWorker(ThreadPoolExecutor.java:1122)
        at java.base@17.0.11/java.util.concurrent.ThreadPoolExecutor$Worker.run(ThreadPoolExecutor.java:635)
        at java.base@17.0.11/java.lang.Thread.run(Thread.java:840)
"IPC Server handler 32 on default port 15000" daemon prio=5 tid=95 timed_waiting
java.lang.Thread.State: TIMED_WAITING
        at java.base@17.0.11/jdk.internal.misc.Unsafe.park(Native Method)
        at java.base@17.0.11/java.util.concurrent.locks.LockSupport.parkNanos(LockSupport.java:252)
        at java.base@17.0.11/java.util.concurrent.locks.AbstractQueuedSynchronizer$ConditionObject.awaitNanos(AbstractQueuedSynchronizer.java:1674)
        at java.base@17.0.11/java.util.concurrent.LinkedBlockingQueue.poll(LinkedBlockingQueue.java:460)
        at app//org.apache.hadoop.ipc.CallQueueManager.take(CallQueueManager.java:317)
        at app//org.apache.hadoop.ipc.Server$Handler.run(Server.java:3014)
"IPC Server handler 19 on default port 15004" daemon prio=5 tid=438 timed_waiting
java.lang.Thread.State: TIMED_WAITING
        at java.base@17.0.11/jdk.internal.misc.Unsafe.park(Native Method)
        at java.base@17.0.11/java.util.concurrent.locks.LockSupport.parkNanos(LockSupport.java:252)
        at java.base@17.0.11/java.util.concurrent.locks.AbstractQueuedSynchronizer$ConditionObject.awaitNanos(AbstractQueuedSynchronizer.java:1674)
        at java.base@17.0.11/java.util.concurrent.LinkedBlockingQueue.poll(LinkedBlockingQueue.java:460)
        at app//org.apache.hadoop.ipc.CallQueueManager.take(CallQueueManager.java:317)
        at app//org.apache.hadoop.ipc.Server$Handler.run(Server.java:3014)
"IPC Server handler 58 on default port 15000" daemon prio=5 tid=121 timed_waiting
java.lang.Thread.State: TIMED_WAITING
        at java.base@17.0.11/jdk.internal.misc.Unsafe.park(Native Method)
        at java.base@17.0.11/java.util.concurrent.locks.LockSupport.parkNanos(LockSupport.java:252)
        at java.base@17.0.11/java.util.concurrent.locks.AbstractQueuedSynchronizer$ConditionObject.awaitNanos(AbstractQueuedSynchronizer.java:1674)
        at java.base@17.0.11/java.util.concurrent.LinkedBlockingQueue.poll(LinkedBlockingQueue.java:460)
        at app//org.apache.hadoop.ipc.CallQueueManager.take(CallQueueManager.java:317)
        at app//org.apache.hadoop.ipc.Server$Handler.run(Server.java:3014)
"IPC Server handler 0 on default port 15037" daemon prio=5 tid=540 timed_waiting
java.lang.Thread.State: TIMED_WAITING
        at java.base@17.0.11/jdk.internal.misc.Unsafe.park(Native Method)
        at java.base@17.0.11/java.util.concurrent.locks.LockSupport.parkNanos(LockSupport.java:252)
        at java.base@17.0.11/java.util.concurrent.locks.AbstractQueuedSynchronizer$ConditionObject.awaitNanos(AbstractQueuedSynchronizer.java:1674)
        at java.base@17.0.11/java.util.concurrent.LinkedBlockingQueue.poll(LinkedBlockingQueue.java:460)
        at app//org.apache.hadoop.ipc.CallQueueManager.take(CallQueueManager.java:317)
        at app//org.apache.hadoop.ipc.Server$Handler.run(Server.java:3014)
"b47eb027-4b7a-4ddc-bf7f-0870758e0604@group-39932C3C694B-FollowerState" daemon prio=5 tid=819 timed_waiting
java.lang.Thread.State: TIMED_WAITING
        at java.base@17.0.11/java.lang.Thread.sleep(Native Method)
        at java.base@17.0.11/java.lang.Thread.sleep(Thread.java:344)
        at java.base@17.0.11/java.util.concurrent.TimeUnit.sleep(TimeUnit.java:446)
        at app//org.apache.ratis.util.TimeDuration.sleep(TimeDuration.java:353)
        at app//org.apache.ratis.util.TimeDuration.sleep(TimeDuration.java:338)
        at app//org.apache.ratis.server.impl.FollowerState.run(FollowerState.java:128)
"b47eb027-4b7a-4ddc-bf7f-0870758e0604-server-thread1" daemon prio=5 tid=827 timed_waiting
java.lang.Thread.State: TIMED_WAITING
        at java.base@17.0.11/jdk.internal.misc.Unsafe.park(Native Method)
        at java.base@17.0.11/java.util.concurrent.locks.LockSupport.parkNanos(LockSupport.java:252)
        at java.base@17.0.11/java.util.concurrent.SynchronousQueue$TransferStack.transfer(SynchronousQueue.java:401)
        at java.base@17.0.11/java.util.concurrent.SynchronousQueue.poll(SynchronousQueue.java:903)
        at java.base@17.0.11/java.util.concurrent.ThreadPoolExecutor.getTask(ThreadPoolExecutor.java:1061)
        at java.base@17.0.11/java.util.concurrent.ThreadPoolExecutor.runWorker(ThreadPoolExecutor.java:1122)
        at java.base@17.0.11/java.util.concurrent.ThreadPoolExecutor$Worker.run(ThreadPoolExecutor.java:635)
        at java.base@17.0.11/java.lang.Thread.run(Thread.java:840)
"IPC Server idle connection scanner for port 15004" daemon prio=5 tid=388 timed_waiting
java.lang.Thread.State: TIMED_WAITING
        at java.base@17.0.11/java.lang.Object.wait(Native Method)
        at java.base@17.0.11/java.util.TimerThread.mainLoop(Timer.java:563)
        at java.base@17.0.11/java.util.TimerThread.run(Timer.java:516)
"om1@group-C5BA1605619E-LeaderStateImpl" daemon prio=5 tid=568 timed_waiting
java.lang.Thread.State: TIMED_WAITING
        at java.base@17.0.11/jdk.internal.misc.Unsafe.park(Native Method)
        at java.base@17.0.11/java.util.concurrent.locks.LockSupport.parkNanos(LockSupport.java:252)
        at java.base@17.0.11/java.util.concurrent.locks.AbstractQueuedSynchronizer$ConditionObject.awaitNanos(AbstractQueuedSynchronizer.java:1674)
        at java.base@17.0.11/java.util.concurrent.ArrayBlockingQueue.poll(ArrayBlockingQueue.java:435)
        at app//org.apache.ratis.server.impl.LeaderStateImpl$EventQueue.poll(LeaderStateImpl.java:164)
        at app//org.apache.ratis.server.impl.LeaderStateImpl$EventProcessor.run(LeaderStateImpl.java:762)
"IPC Server handler 57 on default port 15002" daemon prio=5 tid=320 timed_waiting
java.lang.Thread.State: TIMED_WAITING
        at java.base@17.0.11/jdk.internal.misc.Unsafe.park(Native Method)
        at java.base@17.0.11/java.util.concurrent.locks.LockSupport.parkNanos(LockSupport.java:252)
        at java.base@17.0.11/java.util.concurrent.locks.AbstractQueuedSynchronizer$ConditionObject.awaitNanos(AbstractQueuedSynchronizer.java:1674)
        at java.base@17.0.11/java.util.concurrent.LinkedBlockingQueue.poll(LinkedBlockingQueue.java:460)
        at app//org.apache.hadoop.ipc.CallQueueManager.take(CallQueueManager.java:317)
        at app//org.apache.hadoop.ipc.Server$Handler.run(Server.java:3014)
"6d6fe673-47e6-46c0-a6fc-601f54cde379-DataNodeDiskCheckerThread-1" daemon prio=5 tid=640 timed_waiting
java.lang.Thread.State: TIMED_WAITING
        at java.base@17.0.11/jdk.internal.misc.Unsafe.park(Native Method)
        at java.base@17.0.11/java.util.concurrent.locks.LockSupport.parkNanos(LockSupport.java:252)
        at java.base@17.0.11/java.util.concurrent.SynchronousQueue$TransferStack.transfer(SynchronousQueue.java:401)
        at java.base@17.0.11/java.util.concurrent.SynchronousQueue.poll(SynchronousQueue.java:903)
        at java.base@17.0.11/java.util.concurrent.ThreadPoolExecutor.getTask(ThreadPoolExecutor.java:1061)
        at java.base@17.0.11/java.util.concurrent.ThreadPoolExecutor.runWorker(ThreadPoolExecutor.java:1122)
        at java.base@17.0.11/java.util.concurrent.ThreadPoolExecutor$Worker.run(ThreadPoolExecutor.java:635)
        at java.base@17.0.11/java.lang.Thread.run(Thread.java:840)
"b47eb027-4b7a-4ddc-bf7f-0870758e0604-DatanodeStateMachineTaskThread-0"  prio=5 tid=520 in Object.wait()
java.lang.Thread.State: WAITING (on object monitor)
        at java.base@17.0.11/jdk.internal.misc.Unsafe.park(Native Method)
        at java.base@17.0.11/java.util.concurrent.locks.LockSupport.park(LockSupport.java:341)
        at java.base@17.0.11/java.util.concurrent.locks.AbstractQueuedSynchronizer$ConditionNode.block(AbstractQueuedSynchronizer.java:506)
        at java.base@17.0.11/java.util.concurrent.ForkJoinPool.unmanagedBlock(ForkJoinPool.java:3465)
        at java.base@17.0.11/java.util.concurrent.ForkJoinPool.managedBlock(ForkJoinPool.java:3436)
        at java.base@17.0.11/java.util.concurrent.locks.AbstractQueuedSynchronizer$ConditionObject.await(AbstractQueuedSynchronizer.java:1625)
        at java.base@17.0.11/java.util.concurrent.LinkedBlockingQueue.take(LinkedBlockingQueue.java:435)
        at java.base@17.0.11/java.util.concurrent.ThreadPoolExecutor.getTask(ThreadPoolExecutor.java:1062)
        at java.base@17.0.11/java.util.concurrent.ThreadPoolExecutor.runWorker(ThreadPoolExecutor.java:1122)
        at java.base@17.0.11/java.util.concurrent.ThreadPoolExecutor$Worker.run(ThreadPoolExecutor.java:635)
        at java.base@17.0.11/java.lang.Thread.run(Thread.java:840)
"IPC Server handler 59 on default port 15001" daemon prio=5 tid=222 timed_waiting
java.lang.Thread.State: TIMED_WAITING
        at java.base@17.0.11/jdk.internal.misc.Unsafe.park(Native Method)
        at java.base@17.0.11/java.util.concurrent.locks.LockSupport.parkNanos(LockSupport.java:252)
        at java.base@17.0.11/java.util.concurrent.locks.AbstractQueuedSynchronizer$ConditionObject.awaitNanos(AbstractQueuedSynchronizer.java:1674)
        at java.base@17.0.11/java.util.concurrent.LinkedBlockingQueue.poll(LinkedBlockingQueue.java:460)
        at app//org.apache.hadoop.ipc.CallQueueManager.take(CallQueueManager.java:317)
        at app//org.apache.hadoop.ipc.Server$Handler.run(Server.java:3014)
"IPC Server handler 91 on default port 15001" daemon prio=5 tid=254 timed_waiting
java.lang.Thread.State: TIMED_WAITING
        at java.base@17.0.11/jdk.internal.misc.Unsafe.park(Native Method)
        at java.base@17.0.11/java.util.concurrent.locks.LockSupport.parkNanos(LockSupport.java:252)
        at java.base@17.0.11/java.util.concurrent.locks.AbstractQueuedSynchronizer$ConditionObject.awaitNanos(AbstractQueuedSynchronizer.java:1674)
        at java.base@17.0.11/java.util.concurrent.LinkedBlockingQueue.poll(LinkedBlockingQueue.java:460)
        at app//org.apache.hadoop.ipc.CallQueueManager.take(CallQueueManager.java:317)
        at app//org.apache.hadoop.ipc.Server$Handler.run(Server.java:3014)
"fdf93896-5abf-403c-99a8-bb8ea43c9a14-CloseContainerThread-1"  prio=5 tid=934 in Object.wait()
java.lang.Thread.State: WAITING (on object monitor)
        at java.base@17.0.11/jdk.internal.misc.Unsafe.park(Native Method)
        at java.base@17.0.11/java.util.concurrent.locks.LockSupport.park(LockSupport.java:341)
        at java.base@17.0.11/java.util.concurrent.locks.AbstractQueuedSynchronizer$ConditionNode.block(AbstractQueuedSynchronizer.java:506)
        at java.base@17.0.11/java.util.concurrent.ForkJoinPool.unmanagedBlock(ForkJoinPool.java:3465)
        at java.base@17.0.11/java.util.concurrent.ForkJoinPool.managedBlock(ForkJoinPool.java:3436)
        at java.base@17.0.11/java.util.concurrent.locks.AbstractQueuedSynchronizer$ConditionObject.await(AbstractQueuedSynchronizer.java:1625)
        at java.base@17.0.11/java.util.concurrent.LinkedBlockingQueue.take(LinkedBlockingQueue.java:435)
        at java.base@17.0.11/java.util.concurrent.ThreadPoolExecutor.getTask(ThreadPoolExecutor.java:1062)
        at java.base@17.0.11/java.util.concurrent.ThreadPoolExecutor.runWorker(ThreadPoolExecutor.java:1122)
        at java.base@17.0.11/java.util.concurrent.ThreadPoolExecutor$Worker.run(ThreadPoolExecutor.java:635)
        at java.base@17.0.11/java.lang.Thread.run(Thread.java:840)
"qtp1443753836-528-acceptor-0@54ec7f8-ServerConnector@6f854741{HTTP/1.1, (http/1.1)}{0.0.0.0:15036}" daemon prio=3 tid=528 runnable
java.lang.Thread.State: RUNNABLE
        at java.base@17.0.11/sun.nio.ch.Net.accept(Native Method)
        at java.base@17.0.11/sun.nio.ch.ServerSocketChannelImpl.implAccept(ServerSocketChannelImpl.java:425)
        at java.base@17.0.11/sun.nio.ch.ServerSocketChannelImpl.accept(ServerSocketChannelImpl.java:391)
        at app//org.eclipse.jetty.server.ServerConnector.accept(ServerConnector.java:388)
        at app//org.eclipse.jetty.server.AbstractConnector$Acceptor.run(AbstractConnector.java:704)
        at app//org.eclipse.jetty.util.thread.QueuedThreadPool.runJob(QueuedThreadPool.java:883)
        at app//org.eclipse.jetty.util.thread.QueuedThreadPool$Runner.run(QueuedThreadPool.java:1034)
        at java.base@17.0.11/java.lang.Thread.run(Thread.java:840)
"b47eb027-4b7a-4ddc-bf7f-0870758e0604-groupManagement"  prio=5 tid=698 in Object.wait()
java.lang.Thread.State: WAITING (on object monitor)
        at java.base@17.0.11/jdk.internal.misc.Unsafe.park(Native Method)
        at java.base@17.0.11/java.util.concurrent.locks.LockSupport.park(LockSupport.java:341)
        at java.base@17.0.11/java.util.concurrent.locks.AbstractQueuedSynchronizer$ConditionNode.block(AbstractQueuedSynchronizer.java:506)
        at java.base@17.0.11/java.util.concurrent.ForkJoinPool.unmanagedBlock(ForkJoinPool.java:3465)
        at java.base@17.0.11/java.util.concurrent.ForkJoinPool.managedBlock(ForkJoinPool.java:3436)
        at java.base@17.0.11/java.util.concurrent.locks.AbstractQueuedSynchronizer$ConditionObject.await(AbstractQueuedSynchronizer.java:1625)
        at java.base@17.0.11/java.util.concurrent.LinkedBlockingQueue.take(LinkedBlockingQueue.java:435)
        at java.base@17.0.11/java.util.concurrent.ThreadPoolExecutor.getTask(ThreadPoolExecutor.java:1062)
        at java.base@17.0.11/java.util.concurrent.ThreadPoolExecutor.runWorker(ThreadPoolExecutor.java:1122)
        at java.base@17.0.11/java.util.concurrent.ThreadPoolExecutor$Worker.run(ThreadPoolExecutor.java:635)
        at java.base@17.0.11/java.lang.Thread.run(Thread.java:840)
"b47eb027-4b7a-4ddc-bf7f-0870758e0604-ChunkWriter-2-0" daemon prio=5 tid=626 in Object.wait()
java.lang.Thread.State: WAITING (on object monitor)
        at java.base@17.0.11/jdk.internal.misc.Unsafe.park(Native Method)
        at java.base@17.0.11/java.util.concurrent.locks.LockSupport.park(LockSupport.java:341)
        at java.base@17.0.11/java.util.concurrent.locks.AbstractQueuedSynchronizer$ConditionNode.block(AbstractQueuedSynchronizer.java:506)
        at java.base@17.0.11/java.util.concurrent.ForkJoinPool.unmanagedBlock(ForkJoinPool.java:3465)
        at java.base@17.0.11/java.util.concurrent.ForkJoinPool.managedBlock(ForkJoinPool.java:3436)
        at java.base@17.0.11/java.util.concurrent.locks.AbstractQueuedSynchronizer$ConditionObject.await(AbstractQueuedSynchronizer.java:1625)
        at java.base@17.0.11/java.util.concurrent.LinkedBlockingDeque.takeFirst(LinkedBlockingDeque.java:485)
        at java.base@17.0.11/java.util.concurrent.LinkedBlockingDeque.take(LinkedBlockingDeque.java:673)
        at java.base@17.0.11/java.util.concurrent.ThreadPoolExecutor.getTask(ThreadPoolExecutor.java:1062)
        at java.base@17.0.11/java.util.concurrent.ThreadPoolExecutor.runWorker(ThreadPoolExecutor.java:1122)
        at java.base@17.0.11/java.util.concurrent.ThreadPoolExecutor$Worker.run(ThreadPoolExecutor.java:635)
        at java.base@17.0.11/java.lang.Thread.run(Thread.java:840)
"IPC Server handler 49 on default port 15002" daemon prio=5 tid=312 timed_waiting
java.lang.Thread.State: TIMED_WAITING
        at java.base@17.0.11/jdk.internal.misc.Unsafe.park(Native Method)
        at java.base@17.0.11/java.util.concurrent.locks.LockSupport.parkNanos(LockSupport.java:252)
        at java.base@17.0.11/java.util.concurrent.locks.AbstractQueuedSynchronizer$ConditionObject.awaitNanos(AbstractQueuedSynchronizer.java:1674)
        at java.base@17.0.11/java.util.concurrent.LinkedBlockingQueue.poll(LinkedBlockingQueue.java:460)
        at app//org.apache.hadoop.ipc.CallQueueManager.take(CallQueueManager.java:317)
        at app//org.apache.hadoop.ipc.Server$Handler.run(Server.java:3014)
"IPC Server handler 25 on default port 15002" daemon prio=5 tid=288 timed_waiting
java.lang.Thread.State: TIMED_WAITING
        at java.base@17.0.11/jdk.internal.misc.Unsafe.park(Native Method)
        at java.base@17.0.11/java.util.concurrent.locks.LockSupport.parkNanos(LockSupport.java:252)
        at java.base@17.0.11/java.util.concurrent.locks.AbstractQueuedSynchronizer$ConditionObject.awaitNanos(AbstractQueuedSynchronizer.java:1674)
        at java.base@17.0.11/java.util.concurrent.LinkedBlockingQueue.poll(LinkedBlockingQueue.java:460)
        at app//org.apache.hadoop.ipc.CallQueueManager.take(CallQueueManager.java:317)
        at app//org.apache.hadoop.ipc.Server$Handler.run(Server.java:3014)
"qtp1443753836-533" daemon prio=5 tid=533 timed_waiting
java.lang.Thread.State: TIMED_WAITING
        at java.base@17.0.11/jdk.internal.misc.Unsafe.park(Native Method)
        at java.base@17.0.11/java.util.concurrent.locks.LockSupport.parkNanos(LockSupport.java:252)
        at java.base@17.0.11/java.util.concurrent.locks.AbstractQueuedSynchronizer$ConditionObject.awaitNanos(AbstractQueuedSynchronizer.java:1674)
        at app//org.eclipse.jetty.util.BlockingArrayQueue.poll(BlockingArrayQueue.java:382)
        at app//org.eclipse.jetty.util.thread.QueuedThreadPool$Runner.idleJobPoll(QueuedThreadPool.java:974)
        at app//org.eclipse.jetty.util.thread.QueuedThreadPool$Runner.run(QueuedThreadPool.java:1018)
        at java.base@17.0.11/java.lang.Thread.run(Thread.java:840)
"Socket Reader #1 for port 15019"  prio=5 tid=482 runnable
java.lang.Thread.State: RUNNABLE
        at java.base@17.0.11/sun.nio.ch.EPoll.wait(Native Method)
        at java.base@17.0.11/sun.nio.ch.EPollSelectorImpl.doSelect(EPollSelectorImpl.java:118)
        at java.base@17.0.11/sun.nio.ch.SelectorImpl.lockAndDoSelect(SelectorImpl.java:129)
        at java.base@17.0.11/sun.nio.ch.SelectorImpl.select(SelectorImpl.java:146)
        at app//org.apache.hadoop.ipc.Server$Listener$Reader.doRunLoop(Server.java:1346)
        at app//org.apache.hadoop.ipc.Server$Listener$Reader.run(Server.java:1325)
"IPC Server handler 35 on default port 15000" daemon prio=5 tid=98 timed_waiting
java.lang.Thread.State: TIMED_WAITING
        at java.base@17.0.11/jdk.internal.misc.Unsafe.park(Native Method)
        at java.base@17.0.11/java.util.concurrent.locks.LockSupport.parkNanos(LockSupport.java:252)
        at java.base@17.0.11/java.util.concurrent.locks.AbstractQueuedSynchronizer$ConditionObject.awaitNanos(AbstractQueuedSynchronizer.java:1674)
        at java.base@17.0.11/java.util.concurrent.LinkedBlockingQueue.poll(LinkedBlockingQueue.java:460)
        at app//org.apache.hadoop.ipc.CallQueueManager.take(CallQueueManager.java:317)
        at app//org.apache.hadoop.ipc.Server$Handler.run(Server.java:3014)
"IPC Server handler 70 on default port 15002" daemon prio=5 tid=333 timed_waiting
java.lang.Thread.State: TIMED_WAITING
        at java.base@17.0.11/jdk.internal.misc.Unsafe.park(Native Method)
        at java.base@17.0.11/java.util.concurrent.locks.LockSupport.parkNanos(LockSupport.java:252)
        at java.base@17.0.11/java.util.concurrent.locks.AbstractQueuedSynchronizer$ConditionObject.awaitNanos(AbstractQueuedSynchronizer.java:1674)
        at java.base@17.0.11/java.util.concurrent.LinkedBlockingQueue.poll(LinkedBlockingQueue.java:460)
        at app//org.apache.hadoop.ipc.CallQueueManager.take(CallQueueManager.java:317)
        at app//org.apache.hadoop.ipc.Server$Handler.run(Server.java:3014)
"6d6fe673-47e6-46c0-a6fc-601f54cde379-ChunkReader-6" daemon prio=5 tid=909 in Object.wait()
java.lang.Thread.State: WAITING (on object monitor)
        at java.base@17.0.11/jdk.internal.misc.Unsafe.park(Native Method)
        at java.base@17.0.11/java.util.concurrent.locks.LockSupport.park(LockSupport.java:341)
        at java.base@17.0.11/java.util.concurrent.locks.AbstractQueuedSynchronizer$ConditionNode.block(AbstractQueuedSynchronizer.java:506)
        at java.base@17.0.11/java.util.concurrent.ForkJoinPool.unmanagedBlock(ForkJoinPool.java:3465)
        at java.base@17.0.11/java.util.concurrent.ForkJoinPool.managedBlock(ForkJoinPool.java:3436)
        at java.base@17.0.11/java.util.concurrent.locks.AbstractQueuedSynchronizer$ConditionObject.await(AbstractQueuedSynchronizer.java:1625)
        at java.base@17.0.11/java.util.concurrent.LinkedBlockingQueue.take(LinkedBlockingQueue.java:435)
        at java.base@17.0.11/java.util.concurrent.ThreadPoolExecutor.getTask(ThreadPoolExecutor.java:1062)
        at java.base@17.0.11/java.util.concurrent.ThreadPoolExecutor.runWorker(ThreadPoolExecutor.java:1122)
        at java.base@17.0.11/java.util.concurrent.ThreadPoolExecutor$Worker.run(ThreadPoolExecutor.java:635)
        at java.base@17.0.11/java.lang.Thread.run(Thread.java:840)
"CompactionDagPruningService" daemon prio=5 tid=379 timed_waiting
java.lang.Thread.State: TIMED_WAITING
        at java.base@17.0.11/jdk.internal.misc.Unsafe.park(Native Method)
        at java.base@17.0.11/java.util.concurrent.locks.LockSupport.parkNanos(LockSupport.java:252)
        at java.base@17.0.11/java.util.concurrent.locks.AbstractQueuedSynchronizer$ConditionObject.awaitNanos(AbstractQueuedSynchronizer.java:1674)
        at java.base@17.0.11/java.util.concurrent.ScheduledThreadPoolExecutor$DelayedWorkQueue.take(ScheduledThreadPoolExecutor.java:1182)
        at java.base@17.0.11/java.util.concurrent.ScheduledThreadPoolExecutor$DelayedWorkQueue.take(ScheduledThreadPoolExecutor.java:899)
        at java.base@17.0.11/java.util.concurrent.ThreadPoolExecutor.getTask(ThreadPoolExecutor.java:1062)
        at java.base@17.0.11/java.util.concurrent.ThreadPoolExecutor.runWorker(ThreadPoolExecutor.java:1122)
        at java.base@17.0.11/java.util.concurrent.ThreadPoolExecutor$Worker.run(ThreadPoolExecutor.java:635)
        at java.base@17.0.11/java.lang.Thread.run(Thread.java:840)
"om1-SnapshotDeletingService#0" daemon prio=5 tid=406 timed_waiting
java.lang.Thread.State: TIMED_WAITING
        at java.base@17.0.11/jdk.internal.misc.Unsafe.park(Native Method)
        at java.base@17.0.11/java.util.concurrent.locks.LockSupport.parkNanos(LockSupport.java:252)
        at java.base@17.0.11/java.util.concurrent.locks.AbstractQueuedSynchronizer$ConditionObject.awaitNanos(AbstractQueuedSynchronizer.java:1674)
        at java.base@17.0.11/java.util.concurrent.ScheduledThreadPoolExecutor$DelayedWorkQueue.take(ScheduledThreadPoolExecutor.java:1182)
        at java.base@17.0.11/java.util.concurrent.ScheduledThreadPoolExecutor$DelayedWorkQueue.take(ScheduledThreadPoolExecutor.java:899)
        at java.base@17.0.11/java.util.concurrent.ThreadPoolExecutor.getTask(ThreadPoolExecutor.java:1062)
        at java.base@17.0.11/java.util.concurrent.ThreadPoolExecutor.runWorker(ThreadPoolExecutor.java:1122)
        at java.base@17.0.11/java.util.concurrent.ThreadPoolExecutor$Worker.run(ThreadPoolExecutor.java:635)
        at java.base@17.0.11/java.lang.Thread.run(Thread.java:840)
"b47eb027-4b7a-4ddc-bf7f-0870758e0604@group-756EC7FADB3C-StateMachineUpdater" daemon prio=5 tid=705 timed_waiting
java.lang.Thread.State: TIMED_WAITING
        at java.base@17.0.11/jdk.internal.misc.Unsafe.park(Native Method)
        at java.base@17.0.11/java.util.concurrent.locks.LockSupport.parkNanos(LockSupport.java:252)
        at java.base@17.0.11/java.util.concurrent.locks.AbstractQueuedSynchronizer$ConditionObject.await(AbstractQueuedSynchronizer.java:1759)
        at app//org.apache.ratis.util.AwaitForSignal.await(AwaitForSignal.java:65)
        at app//org.apache.ratis.server.impl.StateMachineUpdater.waitForCommit(StateMachineUpdater.java:211)
        at app//org.apache.ratis.server.impl.StateMachineUpdater.run(StateMachineUpdater.java:180)
        at java.base@17.0.11/java.lang.Thread.run(Thread.java:840)
"b47eb027-4b7a-4ddc-bf7f-0870758e0604@group-39932C3C694B-cacheEviction-AwaitToRun" daemon prio=5 tid=754 in Object.wait()
java.lang.Thread.State: WAITING (on object monitor)
        at java.base@17.0.11/jdk.internal.misc.Unsafe.park(Native Method)
        at java.base@17.0.11/java.util.concurrent.locks.LockSupport.park(LockSupport.java:341)
        at java.base@17.0.11/java.util.concurrent.locks.AbstractQueuedSynchronizer$ConditionNode.block(AbstractQueuedSynchronizer.java:506)
        at java.base@17.0.11/java.util.concurrent.ForkJoinPool.unmanagedBlock(ForkJoinPool.java:3465)
        at java.base@17.0.11/java.util.concurrent.ForkJoinPool.managedBlock(ForkJoinPool.java:3436)
        at java.base@17.0.11/java.util.concurrent.locks.AbstractQueuedSynchronizer$ConditionObject.await(AbstractQueuedSynchronizer.java:1625)
        at app//org.apache.ratis.util.AwaitForSignal.await(AwaitForSignal.java:48)
        at app//org.apache.ratis.util.AwaitToRun$RunnableImpl.run(AwaitToRun.java:47)
        at java.base@17.0.11/java.lang.Thread.run(Thread.java:840)
"IPC Server listener on 15002" daemon prio=5 tid=37 runnable
java.lang.Thread.State: RUNNABLE
        at java.base@17.0.11/sun.nio.ch.EPoll.wait(Native Method)
        at java.base@17.0.11/sun.nio.ch.EPollSelectorImpl.doSelect(EPollSelectorImpl.java:118)
        at java.base@17.0.11/sun.nio.ch.SelectorImpl.lockAndDoSelect(SelectorImpl.java:129)
        at java.base@17.0.11/sun.nio.ch.SelectorImpl.select(SelectorImpl.java:146)
        at app//org.apache.hadoop.ipc.Server$Listener.run(Server.java:1408)
"Timer for 'StorageContainerManager' metrics system" daemon prio=5 tid=62 timed_waiting
java.lang.Thread.State: TIMED_WAITING
        at java.base@17.0.11/java.lang.Object.wait(Native Method)
        at java.base@17.0.11/java.util.TimerThread.mainLoop(Timer.java:563)
        at java.base@17.0.11/java.util.TimerThread.run(Timer.java:516)
"IPC Server handler 82 on default port 15001" daemon prio=5 tid=245 timed_waiting
java.lang.Thread.State: TIMED_WAITING
        at java.base@17.0.11/jdk.internal.misc.Unsafe.park(Native Method)
        at java.base@17.0.11/java.util.concurrent.locks.LockSupport.parkNanos(LockSupport.java:252)
        at java.base@17.0.11/java.util.concurrent.locks.AbstractQueuedSynchronizer$ConditionObject.awaitNanos(AbstractQueuedSynchronizer.java:1674)
        at java.base@17.0.11/java.util.concurrent.LinkedBlockingQueue.poll(LinkedBlockingQueue.java:460)
        at app//org.apache.hadoop.ipc.CallQueueManager.take(CallQueueManager.java:317)
        at app//org.apache.hadoop.ipc.Server$Handler.run(Server.java:3014)
"IPC Server handler 17 on default port 15001" daemon prio=5 tid=180 timed_waiting
java.lang.Thread.State: TIMED_WAITING
        at java.base@17.0.11/jdk.internal.misc.Unsafe.park(Native Method)
        at java.base@17.0.11/java.util.concurrent.locks.LockSupport.parkNanos(LockSupport.java:252)
        at java.base@17.0.11/java.util.concurrent.locks.AbstractQueuedSynchronizer$ConditionObject.awaitNanos(AbstractQueuedSynchronizer.java:1674)
        at java.base@17.0.11/java.util.concurrent.LinkedBlockingQueue.poll(LinkedBlockingQueue.java:460)
        at app//org.apache.hadoop.ipc.CallQueueManager.take(CallQueueManager.java:317)
        at app//org.apache.hadoop.ipc.Server$Handler.run(Server.java:3014)
"grpc-default-worker-ELG-3-4" daemon prio=5 tid=714 runnable
java.lang.Thread.State: RUNNABLE
        at app//org.apache.ratis.thirdparty.io.netty.channel.epoll.Native.epollWait0(Native Method)
        at app//org.apache.ratis.thirdparty.io.netty.channel.epoll.Native.epollWait(Native.java:182)
        at app//org.apache.ratis.thirdparty.io.netty.channel.epoll.EpollEventLoop.epollWait(EpollEventLoop.java:312)
        at app//org.apache.ratis.thirdparty.io.netty.channel.epoll.EpollEventLoop.run(EpollEventLoop.java:376)
        at app//org.apache.ratis.thirdparty.io.netty.util.concurrent.SingleThreadEventExecutor$4.run(SingleThreadEventExecutor.java:997)
        at app//org.apache.ratis.thirdparty.io.netty.util.internal.ThreadExecutorMap$2.run(ThreadExecutorMap.java:74)
        at app//org.apache.ratis.thirdparty.io.netty.util.concurrent.FastThreadLocalRunnable.run(FastThreadLocalRunnable.java:30)
        at java.base@17.0.11/java.lang.Thread.run(Thread.java:840)
"IPC Server handler 79 on default port 15002" daemon prio=5 tid=342 timed_waiting
java.lang.Thread.State: TIMED_WAITING
        at java.base@17.0.11/jdk.internal.misc.Unsafe.park(Native Method)
        at java.base@17.0.11/java.util.concurrent.locks.LockSupport.parkNanos(LockSupport.java:252)
        at java.base@17.0.11/java.util.concurrent.locks.AbstractQueuedSynchronizer$ConditionObject.awaitNanos(AbstractQueuedSynchronizer.java:1674)
        at java.base@17.0.11/java.util.concurrent.LinkedBlockingQueue.poll(LinkedBlockingQueue.java:460)
        at app//org.apache.hadoop.ipc.CallQueueManager.take(CallQueueManager.java:317)
        at app//org.apache.hadoop.ipc.Server$Handler.run(Server.java:3014)
"Session-HouseKeeper-324bb7fb-1"  prio=5 tid=534 timed_waiting
java.lang.Thread.State: TIMED_WAITING
        at java.base@17.0.11/jdk.internal.misc.Unsafe.park(Native Method)
        at java.base@17.0.11/java.util.concurrent.locks.LockSupport.parkNanos(LockSupport.java:252)
        at java.base@17.0.11/java.util.concurrent.locks.AbstractQueuedSynchronizer$ConditionObject.awaitNanos(AbstractQueuedSynchronizer.java:1674)
        at java.base@17.0.11/java.util.concurrent.ScheduledThreadPoolExecutor$DelayedWorkQueue.take(ScheduledThreadPoolExecutor.java:1182)
        at java.base@17.0.11/java.util.concurrent.ScheduledThreadPoolExecutor$DelayedWorkQueue.take(ScheduledThreadPoolExecutor.java:899)
        at java.base@17.0.11/java.util.concurrent.ThreadPoolExecutor.getTask(ThreadPoolExecutor.java:1062)
        at java.base@17.0.11/java.util.concurrent.ThreadPoolExecutor.runWorker(ThreadPoolExecutor.java:1122)
        at java.base@17.0.11/java.util.concurrent.ThreadPoolExecutor$Worker.run(ThreadPoolExecutor.java:635)
        at java.base@17.0.11/java.lang.Thread.run(Thread.java:840)
"IPC Server handler 51 on default port 15001" daemon prio=5 tid=214 timed_waiting
java.lang.Thread.State: TIMED_WAITING
        at java.base@17.0.11/jdk.internal.misc.Unsafe.park(Native Method)
        at java.base@17.0.11/java.util.concurrent.locks.LockSupport.parkNanos(LockSupport.java:252)
        at java.base@17.0.11/java.util.concurrent.locks.AbstractQueuedSynchronizer$ConditionObject.awaitNanos(AbstractQueuedSynchronizer.java:1674)
        at java.base@17.0.11/java.util.concurrent.LinkedBlockingQueue.poll(LinkedBlockingQueue.java:460)
        at app//org.apache.hadoop.ipc.CallQueueManager.take(CallQueueManager.java:317)
        at app//org.apache.hadoop.ipc.Server$Handler.run(Server.java:3014)
"IPC Server handler 44 on default port 15002" daemon prio=5 tid=307 timed_waiting
java.lang.Thread.State: TIMED_WAITING
        at java.base@17.0.11/jdk.internal.misc.Unsafe.park(Native Method)
        at java.base@17.0.11/java.util.concurrent.locks.LockSupport.parkNanos(LockSupport.java:252)
        at java.base@17.0.11/java.util.concurrent.locks.AbstractQueuedSynchronizer$ConditionObject.awaitNanos(AbstractQueuedSynchronizer.java:1674)
        at java.base@17.0.11/java.util.concurrent.LinkedBlockingQueue.poll(LinkedBlockingQueue.java:460)
        at app//org.apache.hadoop.ipc.CallQueueManager.take(CallQueueManager.java:317)
        at app//org.apache.hadoop.ipc.Server$Handler.run(Server.java:3014)
"ContainerMetadataScanner" daemon prio=5 tid=585 timed_waiting
java.lang.Thread.State: TIMED_WAITING
        at java.base@17.0.11/java.lang.Thread.sleep(Native Method)
        at app//org.apache.hadoop.ozone.container.ozoneimpl.AbstractBackgroundContainerScanner.handleRemainingSleep(AbstractBackgroundContainerScanner.java:131)
        at app//org.apache.hadoop.ozone.container.ozoneimpl.AbstractBackgroundContainerScanner.runIteration(AbstractBackgroundContainerScanner.java:98)
        at app//org.apache.hadoop.ozone.container.ozoneimpl.AbstractBackgroundContainerScanner.run(AbstractBackgroundContainerScanner.java:57)
"IPC Server handler 31 on default port 15001" daemon prio=5 tid=194 timed_waiting
java.lang.Thread.State: TIMED_WAITING
        at java.base@17.0.11/jdk.internal.misc.Unsafe.park(Native Method)
        at java.base@17.0.11/java.util.concurrent.locks.LockSupport.parkNanos(LockSupport.java:252)
        at java.base@17.0.11/java.util.concurrent.locks.AbstractQueuedSynchronizer$ConditionObject.awaitNanos(AbstractQueuedSynchronizer.java:1674)
        at java.base@17.0.11/java.util.concurrent.LinkedBlockingQueue.poll(LinkedBlockingQueue.java:460)
        at app//org.apache.hadoop.ipc.CallQueueManager.take(CallQueueManager.java:317)
        at app//org.apache.hadoop.ipc.Server$Handler.run(Server.java:3014)
"IPC Server handler 8 on default port 15001" daemon prio=5 tid=171 timed_waiting
java.lang.Thread.State: TIMED_WAITING
        at java.base@17.0.11/jdk.internal.misc.Unsafe.park(Native Method)
        at java.base@17.0.11/java.util.concurrent.locks.LockSupport.parkNanos(LockSupport.java:252)
        at java.base@17.0.11/java.util.concurrent.locks.AbstractQueuedSynchronizer$ConditionObject.awaitNanos(AbstractQueuedSynchronizer.java:1674)
        at java.base@17.0.11/java.util.concurrent.LinkedBlockingQueue.poll(LinkedBlockingQueue.java:460)
        at app//org.apache.hadoop.ipc.CallQueueManager.take(CallQueueManager.java:317)
        at app//org.apache.hadoop.ipc.Server$Handler.run(Server.java:3014)
"b47eb027-4b7a-4ddc-bf7f-0870758e0604-DataNodeDiskCheckerThread-0" daemon prio=5 tid=619 timed_waiting
java.lang.Thread.State: TIMED_WAITING
        at java.base@17.0.11/jdk.internal.misc.Unsafe.park(Native Method)
        at java.base@17.0.11/java.util.concurrent.locks.LockSupport.parkNanos(LockSupport.java:252)
        at java.base@17.0.11/java.util.concurrent.SynchronousQueue$TransferStack.transfer(SynchronousQueue.java:401)
        at java.base@17.0.11/java.util.concurrent.SynchronousQueue.poll(SynchronousQueue.java:903)
        at java.base@17.0.11/java.util.concurrent.ThreadPoolExecutor.getTask(ThreadPoolExecutor.java:1061)
        at java.base@17.0.11/java.util.concurrent.ThreadPoolExecutor.runWorker(ThreadPoolExecutor.java:1122)
        at java.base@17.0.11/java.util.concurrent.ThreadPoolExecutor$Worker.run(ThreadPoolExecutor.java:635)
        at java.base@17.0.11/java.lang.Thread.run(Thread.java:840)
"IPC Server handler 0 on default port 15002" daemon prio=5 tid=263 timed_waiting
java.lang.Thread.State: TIMED_WAITING
        at java.base@17.0.11/jdk.internal.misc.Unsafe.park(Native Method)
        at java.base@17.0.11/java.util.concurrent.locks.LockSupport.parkNanos(LockSupport.java:252)
        at java.base@17.0.11/java.util.concurrent.locks.AbstractQueuedSynchronizer$ConditionObject.awaitNanos(AbstractQueuedSynchronizer.java:1674)
        at java.base@17.0.11/java.util.concurrent.LinkedBlockingQueue.poll(LinkedBlockingQueue.java:460)
        at app//org.apache.hadoop.ipc.CallQueueManager.take(CallQueueManager.java:317)
        at app//org.apache.hadoop.ipc.Server$Handler.run(Server.java:3014)
"fdf93896-5abf-403c-99a8-bb8ea43c9a14@group-5B9310BC09E2-SegmentedRaftLogWorker"  prio=5 tid=693 timed_waiting
java.lang.Thread.State: TIMED_WAITING
        at java.base@17.0.11/jdk.internal.misc.Unsafe.park(Native Method)
        at java.base@17.0.11/java.util.concurrent.locks.LockSupport.parkNanos(LockSupport.java:252)
        at java.base@17.0.11/java.util.concurrent.locks.AbstractQueuedSynchronizer$ConditionObject.awaitNanos(AbstractQueuedSynchronizer.java:1674)
        at app//org.apache.ratis.util.DataBlockingQueue.poll(DataBlockingQueue.java:148)
        at app//org.apache.ratis.server.raftlog.segmented.SegmentedRaftLogWorker.run(SegmentedRaftLogWorker.java:299)
        at app//org.apache.ratis.server.raftlog.segmented.SegmentedRaftLogWorker$$Lambda$1174/0x00007f53848736a8.run(Unknown Source)
        at java.base@17.0.11/java.util.concurrent.Executors$RunnableAdapter.call(Executors.java:539)
        at java.base@17.0.11/java.util.concurrent.FutureTask.run(FutureTask.java:264)
        at java.base@17.0.11/java.util.concurrent.ThreadPoolExecutor.runWorker(ThreadPoolExecutor.java:1136)
        at java.base@17.0.11/java.util.concurrent.ThreadPoolExecutor$Worker.run(ThreadPoolExecutor.java:635)
        at java.base@17.0.11/java.lang.Thread.run(Thread.java:840)
"IPC Server handler 15 on default port 15000" daemon prio=5 tid=78 timed_waiting
java.lang.Thread.State: TIMED_WAITING
        at java.base@17.0.11/jdk.internal.misc.Unsafe.park(Native Method)
        at java.base@17.0.11/java.util.concurrent.locks.LockSupport.parkNanos(LockSupport.java:252)
        at java.base@17.0.11/java.util.concurrent.locks.AbstractQueuedSynchronizer$ConditionObject.awaitNanos(AbstractQueuedSynchronizer.java:1674)
        at java.base@17.0.11/java.util.concurrent.LinkedBlockingQueue.poll(LinkedBlockingQueue.java:460)
        at app//org.apache.hadoop.ipc.CallQueueManager.take(CallQueueManager.java:317)
        at app//org.apache.hadoop.ipc.Server$Handler.run(Server.java:3014)
"IPC Server handler 1 on default port 15000" daemon prio=5 tid=64 timed_waiting
java.lang.Thread.State: TIMED_WAITING
        at java.base@17.0.11/jdk.internal.misc.Unsafe.park(Native Method)
        at java.base@17.0.11/java.util.concurrent.locks.LockSupport.parkNanos(LockSupport.java:252)
        at java.base@17.0.11/java.util.concurrent.locks.AbstractQueuedSynchronizer$ConditionObject.awaitNanos(AbstractQueuedSynchronizer.java:1674)
        at java.base@17.0.11/java.util.concurrent.LinkedBlockingQueue.poll(LinkedBlockingQueue.java:460)
        at app//org.apache.hadoop.ipc.CallQueueManager.take(CallQueueManager.java:317)
        at app//org.apache.hadoop.ipc.Server$Handler.run(Server.java:3014)
"IPC Server handler 64 on default port 15000" daemon prio=5 tid=127 timed_waiting
java.lang.Thread.State: TIMED_WAITING
        at java.base@17.0.11/jdk.internal.misc.Unsafe.park(Native Method)
        at java.base@17.0.11/java.util.concurrent.locks.LockSupport.parkNanos(LockSupport.java:252)
        at java.base@17.0.11/java.util.concurrent.locks.AbstractQueuedSynchronizer$ConditionObject.awaitNanos(AbstractQueuedSynchronizer.java:1674)
        at java.base@17.0.11/java.util.concurrent.LinkedBlockingQueue.poll(LinkedBlockingQueue.java:460)
        at app//org.apache.hadoop.ipc.CallQueueManager.take(CallQueueManager.java:317)
        at app//org.apache.hadoop.ipc.Server$Handler.run(Server.java:3014)
"Hadoop-Metrics-Updater-0" daemon prio=5 tid=485 timed_waiting
java.lang.Thread.State: TIMED_WAITING
        at java.base@17.0.11/jdk.internal.misc.Unsafe.park(Native Method)
        at java.base@17.0.11/java.util.concurrent.locks.LockSupport.parkNanos(LockSupport.java:252)
        at java.base@17.0.11/java.util.concurrent.locks.AbstractQueuedSynchronizer$ConditionObject.awaitNanos(AbstractQueuedSynchronizer.java:1674)
        at java.base@17.0.11/java.util.concurrent.ScheduledThreadPoolExecutor$DelayedWorkQueue.take(ScheduledThreadPoolExecutor.java:1182)
        at java.base@17.0.11/java.util.concurrent.ScheduledThreadPoolExecutor$DelayedWorkQueue.take(ScheduledThreadPoolExecutor.java:899)
        at java.base@17.0.11/java.util.concurrent.ThreadPoolExecutor.getTask(ThreadPoolExecutor.java:1062)
        at java.base@17.0.11/java.util.concurrent.ThreadPoolExecutor.runWorker(ThreadPoolExecutor.java:1122)
        at java.base@17.0.11/java.util.concurrent.ThreadPoolExecutor$Worker.run(ThreadPoolExecutor.java:635)
        at java.base@17.0.11/java.lang.Thread.run(Thread.java:840)
"IPC Server handler 70 on default port 15001" daemon prio=5 tid=233 timed_waiting
java.lang.Thread.State: TIMED_WAITING
        at java.base@17.0.11/jdk.internal.misc.Unsafe.park(Native Method)
        at java.base@17.0.11/java.util.concurrent.locks.LockSupport.parkNanos(LockSupport.java:252)
        at java.base@17.0.11/java.util.concurrent.locks.AbstractQueuedSynchronizer$ConditionObject.awaitNanos(AbstractQueuedSynchronizer.java:1674)
        at java.base@17.0.11/java.util.concurrent.LinkedBlockingQueue.poll(LinkedBlockingQueue.java:460)
        at app//org.apache.hadoop.ipc.CallQueueManager.take(CallQueueManager.java:317)
        at app//org.apache.hadoop.ipc.Server$Handler.run(Server.java:3014)
"c511b233-3aa4-4954-9335-f5d54c64e497-NettyServerStreamRpc-bossGroup--thread1"  prio=5 tid=440 runnable
java.lang.Thread.State: RUNNABLE
        at app//org.apache.ratis.thirdparty.io.netty.channel.epoll.Native.epollWait(Native Method)
        at app//org.apache.ratis.thirdparty.io.netty.channel.epoll.Native.epollWait(Native.java:209)
        at app//org.apache.ratis.thirdparty.io.netty.channel.epoll.Native.epollWait(Native.java:202)
        at app//org.apache.ratis.thirdparty.io.netty.channel.epoll.EpollEventLoop.epollWaitNoTimerChange(EpollEventLoop.java:316)
        at app//org.apache.ratis.thirdparty.io.netty.channel.epoll.EpollEventLoop.run(EpollEventLoop.java:373)
        at app//org.apache.ratis.thirdparty.io.netty.util.concurrent.SingleThreadEventExecutor$4.run(SingleThreadEventExecutor.java:997)
        at app//org.apache.ratis.thirdparty.io.netty.util.internal.ThreadExecutorMap$2.run(ThreadExecutorMap.java:74)
        at java.base@17.0.11/java.lang.Thread.run(Thread.java:840)
"IPC Server handler 80 on default port 15002" daemon prio=5 tid=343 timed_waiting
java.lang.Thread.State: TIMED_WAITING
        at java.base@17.0.11/jdk.internal.misc.Unsafe.park(Native Method)
        at java.base@17.0.11/java.util.concurrent.locks.LockSupport.parkNanos(LockSupport.java:252)
        at java.base@17.0.11/java.util.concurrent.locks.AbstractQueuedSynchronizer$ConditionObject.awaitNanos(AbstractQueuedSynchronizer.java:1674)
        at java.base@17.0.11/java.util.concurrent.LinkedBlockingQueue.poll(LinkedBlockingQueue.java:460)
        at app//org.apache.hadoop.ipc.CallQueueManager.take(CallQueueManager.java:317)
        at app//org.apache.hadoop.ipc.Server$Handler.run(Server.java:3014)
"IPC Server handler 54 on default port 15001" daemon prio=5 tid=217 timed_waiting
java.lang.Thread.State: TIMED_WAITING
        at java.base@17.0.11/jdk.internal.misc.Unsafe.park(Native Method)
        at java.base@17.0.11/java.util.concurrent.locks.LockSupport.parkNanos(LockSupport.java:252)
        at java.base@17.0.11/java.util.concurrent.locks.AbstractQueuedSynchronizer$ConditionObject.awaitNanos(AbstractQueuedSynchronizer.java:1674)
        at java.base@17.0.11/java.util.concurrent.LinkedBlockingQueue.poll(LinkedBlockingQueue.java:460)
        at app//org.apache.hadoop.ipc.CallQueueManager.take(CallQueueManager.java:317)
        at app//org.apache.hadoop.ipc.Server$Handler.run(Server.java:3014)
"qtp1697532854-447" daemon prio=5 tid=447 timed_waiting
java.lang.Thread.State: TIMED_WAITING
        at java.base@17.0.11/jdk.internal.misc.Unsafe.park(Native Method)
        at java.base@17.0.11/java.util.concurrent.locks.LockSupport.parkNanos(LockSupport.java:252)
        at java.base@17.0.11/java.util.concurrent.locks.AbstractQueuedSynchronizer$ConditionObject.awaitNanos(AbstractQueuedSynchronizer.java:1674)
        at app//org.eclipse.jetty.util.BlockingArrayQueue.poll(BlockingArrayQueue.java:382)
        at app//org.eclipse.jetty.util.thread.QueuedThreadPool$Runner.idleJobPoll(QueuedThreadPool.java:974)
        at app//org.eclipse.jetty.util.thread.QueuedThreadPool$Runner.run(QueuedThreadPool.java:1018)
        at java.base@17.0.11/java.lang.Thread.run(Thread.java:840)
"EventQueue-DatanodeCommandQueueUpdatedForDatanodeCommandCountUpdatedHandler" daemon prio=5 tid=678 in Object.wait()
java.lang.Thread.State: WAITING (on object monitor)
        at java.base@17.0.11/jdk.internal.misc.Unsafe.park(Native Method)
        at java.base@17.0.11/java.util.concurrent.locks.LockSupport.park(LockSupport.java:341)
        at java.base@17.0.11/java.util.concurrent.locks.AbstractQueuedSynchronizer$ConditionNode.block(AbstractQueuedSynchronizer.java:506)
        at java.base@17.0.11/java.util.concurrent.ForkJoinPool.unmanagedBlock(ForkJoinPool.java:3465)
        at java.base@17.0.11/java.util.concurrent.ForkJoinPool.managedBlock(ForkJoinPool.java:3436)
        at java.base@17.0.11/java.util.concurrent.locks.AbstractQueuedSynchronizer$ConditionObject.await(AbstractQueuedSynchronizer.java:1625)
        at java.base@17.0.11/java.util.concurrent.LinkedBlockingQueue.take(LinkedBlockingQueue.java:435)
        at java.base@17.0.11/java.util.concurrent.ThreadPoolExecutor.getTask(ThreadPoolExecutor.java:1062)
        at java.base@17.0.11/java.util.concurrent.ThreadPoolExecutor.runWorker(ThreadPoolExecutor.java:1122)
        at java.base@17.0.11/java.util.concurrent.ThreadPoolExecutor$Worker.run(ThreadPoolExecutor.java:635)
        at java.base@17.0.11/java.lang.Thread.run(Thread.java:840)
"IPC Server handler 51 on default port 15000" daemon prio=5 tid=114 timed_waiting
java.lang.Thread.State: TIMED_WAITING
        at java.base@17.0.11/jdk.internal.misc.Unsafe.park(Native Method)
        at java.base@17.0.11/java.util.concurrent.locks.LockSupport.parkNanos(LockSupport.java:252)
        at java.base@17.0.11/java.util.concurrent.locks.AbstractQueuedSynchronizer$ConditionObject.awaitNanos(AbstractQueuedSynchronizer.java:1674)
        at java.base@17.0.11/java.util.concurrent.LinkedBlockingQueue.poll(LinkedBlockingQueue.java:460)
        at app//org.apache.hadoop.ipc.CallQueueManager.take(CallQueueManager.java:317)
        at app//org.apache.hadoop.ipc.Server$Handler.run(Server.java:3014)
"client-write-TID-1" daemon prio=5 tid=851 timed_waiting
java.lang.Thread.State: TIMED_WAITING
        at java.base@17.0.11/jdk.internal.misc.Unsafe.park(Native Method)
        at java.base@17.0.11/java.util.concurrent.locks.LockSupport.parkNanos(LockSupport.java:252)
        at java.base@17.0.11/java.util.concurrent.SynchronousQueue$TransferStack.transfer(SynchronousQueue.java:401)
        at java.base@17.0.11/java.util.concurrent.SynchronousQueue.poll(SynchronousQueue.java:903)
        at java.base@17.0.11/java.util.concurrent.ThreadPoolExecutor.getTask(ThreadPoolExecutor.java:1061)
        at java.base@17.0.11/java.util.concurrent.ThreadPoolExecutor.runWorker(ThreadPoolExecutor.java:1122)
        at java.base@17.0.11/java.util.concurrent.ThreadPoolExecutor$Worker.run(ThreadPoolExecutor.java:635)
        at java.base@17.0.11/java.lang.Thread.run(Thread.java:840)
"IPC Server handler 88 on default port 15001" daemon prio=5 tid=251 timed_waiting
java.lang.Thread.State: TIMED_WAITING
        at java.base@17.0.11/jdk.internal.misc.Unsafe.park(Native Method)
        at java.base@17.0.11/java.util.concurrent.locks.LockSupport.parkNanos(LockSupport.java:252)
        at java.base@17.0.11/java.util.concurrent.locks.AbstractQueuedSynchronizer$ConditionObject.awaitNanos(AbstractQueuedSynchronizer.java:1674)
        at java.base@17.0.11/java.util.concurrent.LinkedBlockingQueue.poll(LinkedBlockingQueue.java:460)
        at app//org.apache.hadoop.ipc.CallQueueManager.take(CallQueueManager.java:317)
        at app//org.apache.hadoop.ipc.Server$Handler.run(Server.java:3014)
"6d6fe673-47e6-46c0-a6fc-601f54cde379-impl-thread1"  prio=5 tid=523 timed_waiting
java.lang.Thread.State: TIMED_WAITING
        at java.base@17.0.11/jdk.internal.misc.Unsafe.park(Native Method)
        at java.base@17.0.11/java.util.concurrent.locks.LockSupport.parkNanos(LockSupport.java:252)
        at java.base@17.0.11/java.util.concurrent.SynchronousQueue$TransferStack.transfer(SynchronousQueue.java:401)
        at java.base@17.0.11/java.util.concurrent.SynchronousQueue.poll(SynchronousQueue.java:903)
        at java.base@17.0.11/java.util.concurrent.ThreadPoolExecutor.getTask(ThreadPoolExecutor.java:1061)
        at java.base@17.0.11/java.util.concurrent.ThreadPoolExecutor.runWorker(ThreadPoolExecutor.java:1122)
        at java.base@17.0.11/java.util.concurrent.ThreadPoolExecutor$Worker.run(ThreadPoolExecutor.java:635)
        at java.base@17.0.11/java.lang.Thread.run(Thread.java:840)
"6d6fe673-47e6-46c0-a6fc-601f54cde379-DatanodeReportManager-3" daemon prio=5 tid=545 in Object.wait()
java.lang.Thread.State: WAITING (on object monitor)
        at java.base@17.0.11/jdk.internal.misc.Unsafe.park(Native Method)
        at java.base@17.0.11/java.util.concurrent.locks.LockSupport.park(LockSupport.java:341)
        at java.base@17.0.11/java.util.concurrent.locks.AbstractQueuedSynchronizer$ConditionNode.block(AbstractQueuedSynchronizer.java:506)
        at java.base@17.0.11/java.util.concurrent.ForkJoinPool.unmanagedBlock(ForkJoinPool.java:3465)
        at java.base@17.0.11/java.util.concurrent.ForkJoinPool.managedBlock(ForkJoinPool.java:3436)
        at java.base@17.0.11/java.util.concurrent.locks.AbstractQueuedSynchronizer$ConditionObject.await(AbstractQueuedSynchronizer.java:1625)
        at java.base@17.0.11/java.util.concurrent.ScheduledThreadPoolExecutor$DelayedWorkQueue.take(ScheduledThreadPoolExecutor.java:1177)
        at java.base@17.0.11/java.util.concurrent.ScheduledThreadPoolExecutor$DelayedWorkQueue.take(ScheduledThreadPoolExecutor.java:899)
        at java.base@17.0.11/java.util.concurrent.ThreadPoolExecutor.getTask(ThreadPoolExecutor.java:1062)
        at java.base@17.0.11/java.util.concurrent.ThreadPoolExecutor.runWorker(ThreadPoolExecutor.java:1122)
        at java.base@17.0.11/java.util.concurrent.ThreadPoolExecutor$Worker.run(ThreadPoolExecutor.java:635)
        at java.base@17.0.11/java.lang.Thread.run(Thread.java:840)
"EventQueue-PipelineReportForPipelineReportHandler" daemon prio=5 tid=675 in Object.wait()
java.lang.Thread.State: WAITING (on object monitor)
        at java.base@17.0.11/jdk.internal.misc.Unsafe.park(Native Method)
        at java.base@17.0.11/java.util.concurrent.locks.LockSupport.park(LockSupport.java:341)
        at java.base@17.0.11/java.util.concurrent.locks.AbstractQueuedSynchronizer$ConditionNode.block(AbstractQueuedSynchronizer.java:506)
        at java.base@17.0.11/java.util.concurrent.ForkJoinPool.unmanagedBlock(ForkJoinPool.java:3465)
        at java.base@17.0.11/java.util.concurrent.ForkJoinPool.managedBlock(ForkJoinPool.java:3436)
        at java.base@17.0.11/java.util.concurrent.locks.AbstractQueuedSynchronizer$ConditionObject.await(AbstractQueuedSynchronizer.java:1625)
        at java.base@17.0.11/java.util.concurrent.LinkedBlockingQueue.take(LinkedBlockingQueue.java:435)
        at java.base@17.0.11/java.util.concurrent.ThreadPoolExecutor.getTask(ThreadPoolExecutor.java:1062)
        at java.base@17.0.11/java.util.concurrent.ThreadPoolExecutor.runWorker(ThreadPoolExecutor.java:1122)
        at java.base@17.0.11/java.util.concurrent.ThreadPoolExecutor$Worker.run(ThreadPoolExecutor.java:635)
        at java.base@17.0.11/java.lang.Thread.run(Thread.java:840)
"c511b233-3aa4-4954-9335-f5d54c64e497@group-39932C3C694B-cacheEviction-AwaitToRun" daemon prio=5 tid=744 in Object.wait()
java.lang.Thread.State: WAITING (on object monitor)
        at java.base@17.0.11/jdk.internal.misc.Unsafe.park(Native Method)
        at java.base@17.0.11/java.util.concurrent.locks.LockSupport.park(LockSupport.java:341)
        at java.base@17.0.11/java.util.concurrent.locks.AbstractQueuedSynchronizer$ConditionNode.block(AbstractQueuedSynchronizer.java:506)
        at java.base@17.0.11/java.util.concurrent.ForkJoinPool.unmanagedBlock(ForkJoinPool.java:3465)
        at java.base@17.0.11/java.util.concurrent.ForkJoinPool.managedBlock(ForkJoinPool.java:3436)
        at java.base@17.0.11/java.util.concurrent.locks.AbstractQueuedSynchronizer$ConditionObject.await(AbstractQueuedSynchronizer.java:1625)
        at app//org.apache.ratis.util.AwaitForSignal.await(AwaitForSignal.java:48)
        at app//org.apache.ratis.util.AwaitToRun$RunnableImpl.run(AwaitToRun.java:47)
        at java.base@17.0.11/java.lang.Thread.run(Thread.java:840)
"fdf93896-5abf-403c-99a8-bb8ea43c9a14-BlockDeletingService#1" daemon prio=5 tid=613 in Object.wait()
java.lang.Thread.State: WAITING (on object monitor)
        at java.base@17.0.11/jdk.internal.misc.Unsafe.park(Native Method)
        at java.base@17.0.11/java.util.concurrent.locks.LockSupport.park(LockSupport.java:341)
        at java.base@17.0.11/java.util.concurrent.locks.AbstractQueuedSynchronizer$ConditionNode.block(AbstractQueuedSynchronizer.java:506)
        at java.base@17.0.11/java.util.concurrent.ForkJoinPool.unmanagedBlock(ForkJoinPool.java:3465)
        at java.base@17.0.11/java.util.concurrent.ForkJoinPool.managedBlock(ForkJoinPool.java:3436)
        at java.base@17.0.11/java.util.concurrent.locks.AbstractQueuedSynchronizer$ConditionObject.await(AbstractQueuedSynchronizer.java:1625)
        at java.base@17.0.11/java.util.concurrent.ScheduledThreadPoolExecutor$DelayedWorkQueue.take(ScheduledThreadPoolExecutor.java:1177)
        at java.base@17.0.11/java.util.concurrent.ScheduledThreadPoolExecutor$DelayedWorkQueue.take(ScheduledThreadPoolExecutor.java:899)
        at java.base@17.0.11/java.util.concurrent.ThreadPoolExecutor.getTask(ThreadPoolExecutor.java:1062)
        at java.base@17.0.11/java.util.concurrent.ThreadPoolExecutor.runWorker(ThreadPoolExecutor.java:1122)
        at java.base@17.0.11/java.util.concurrent.ThreadPoolExecutor$Worker.run(ThreadPoolExecutor.java:635)
        at java.base@17.0.11/java.lang.Thread.run(Thread.java:840)
"b47eb027-4b7a-4ddc-bf7f-0870758e0604-ChunkReader-2" daemon prio=5 tid=854 in Object.wait()
java.lang.Thread.State: WAITING (on object monitor)
        at java.base@17.0.11/jdk.internal.misc.Unsafe.park(Native Method)
        at java.base@17.0.11/java.util.concurrent.locks.LockSupport.park(LockSupport.java:341)
        at java.base@17.0.11/java.util.concurrent.locks.AbstractQueuedSynchronizer$ConditionNode.block(AbstractQueuedSynchronizer.java:506)
        at java.base@17.0.11/java.util.concurrent.ForkJoinPool.unmanagedBlock(ForkJoinPool.java:3465)
        at java.base@17.0.11/java.util.concurrent.ForkJoinPool.managedBlock(ForkJoinPool.java:3436)
        at java.base@17.0.11/java.util.concurrent.locks.AbstractQueuedSynchronizer$ConditionObject.await(AbstractQueuedSynchronizer.java:1625)
        at java.base@17.0.11/java.util.concurrent.LinkedBlockingQueue.take(LinkedBlockingQueue.java:435)
        at java.base@17.0.11/java.util.concurrent.ThreadPoolExecutor.getTask(ThreadPoolExecutor.java:1062)
        at java.base@17.0.11/java.util.concurrent.ThreadPoolExecutor.runWorker(ThreadPoolExecutor.java:1122)
        at java.base@17.0.11/java.util.concurrent.ThreadPoolExecutor$Worker.run(ThreadPoolExecutor.java:635)
        at java.base@17.0.11/java.lang.Thread.run(Thread.java:840)
"IPC Server handler 45 on default port 15001" daemon prio=5 tid=208 timed_waiting
java.lang.Thread.State: TIMED_WAITING
        at java.base@17.0.11/jdk.internal.misc.Unsafe.park(Native Method)
        at java.base@17.0.11/java.util.concurrent.locks.LockSupport.parkNanos(LockSupport.java:252)
        at java.base@17.0.11/java.util.concurrent.locks.AbstractQueuedSynchronizer$ConditionObject.awaitNanos(AbstractQueuedSynchronizer.java:1674)
        at java.base@17.0.11/java.util.concurrent.LinkedBlockingQueue.poll(LinkedBlockingQueue.java:460)
        at app//org.apache.hadoop.ipc.CallQueueManager.take(CallQueueManager.java:317)
        at app//org.apache.hadoop.ipc.Server$Handler.run(Server.java:3014)
"IPC Server handler 60 on default port 15001" daemon prio=5 tid=223 timed_waiting
java.lang.Thread.State: TIMED_WAITING
        at java.base@17.0.11/jdk.internal.misc.Unsafe.park(Native Method)
        at java.base@17.0.11/java.util.concurrent.locks.LockSupport.parkNanos(LockSupport.java:252)
        at java.base@17.0.11/java.util.concurrent.locks.AbstractQueuedSynchronizer$ConditionObject.awaitNanos(AbstractQueuedSynchronizer.java:1674)
        at java.base@17.0.11/java.util.concurrent.LinkedBlockingQueue.poll(LinkedBlockingQueue.java:460)
        at app//org.apache.hadoop.ipc.CallQueueManager.take(CallQueueManager.java:317)
        at app//org.apache.hadoop.ipc.Server$Handler.run(Server.java:3014)
"IPC Server handler 94 on default port 15001" daemon prio=5 tid=257 timed_waiting
java.lang.Thread.State: TIMED_WAITING
        at java.base@17.0.11/jdk.internal.misc.Unsafe.park(Native Method)
        at java.base@17.0.11/java.util.concurrent.locks.LockSupport.parkNanos(LockSupport.java:252)
        at java.base@17.0.11/java.util.concurrent.locks.AbstractQueuedSynchronizer$ConditionObject.awaitNanos(AbstractQueuedSynchronizer.java:1674)
        at java.base@17.0.11/java.util.concurrent.LinkedBlockingQueue.poll(LinkedBlockingQueue.java:460)
        at app//org.apache.hadoop.ipc.CallQueueManager.take(CallQueueManager.java:317)
        at app//org.apache.hadoop.ipc.Server$Handler.run(Server.java:3014)
"c511b233-3aa4-4954-9335-f5d54c64e497@group-39932C3C694B-FollowerState" daemon prio=5 tid=823 timed_waiting
java.lang.Thread.State: TIMED_WAITING
        at java.base@17.0.11/java.lang.Thread.sleep(Native Method)
        at java.base@17.0.11/java.lang.Thread.sleep(Thread.java:344)
        at java.base@17.0.11/java.util.concurrent.TimeUnit.sleep(TimeUnit.java:446)
        at app//org.apache.ratis.util.TimeDuration.sleep(TimeDuration.java:353)
        at app//org.apache.ratis.util.TimeDuration.sleep(TimeDuration.java:338)
        at app//org.apache.ratis.server.impl.FollowerState.run(FollowerState.java:128)
"ForkJoinPool.commonPool-worker-2" daemon prio=5 tid=25 timed_waiting
java.lang.Thread.State: TIMED_WAITING
        at java.base@17.0.11/jdk.internal.misc.Unsafe.park(Native Method)
        at java.base@17.0.11/java.util.concurrent.locks.LockSupport.parkUntil(LockSupport.java:410)
        at java.base@17.0.11/java.util.concurrent.ForkJoinPool.awaitWork(ForkJoinPool.java:1726)
        at java.base@17.0.11/java.util.concurrent.ForkJoinPool.runWorker(ForkJoinPool.java:1623)
        at java.base@17.0.11/java.util.concurrent.ForkJoinWorkerThread.run(ForkJoinWorkerThread.java:165)
"MutableQuantiles-0" daemon prio=5 tid=442 timed_waiting
java.lang.Thread.State: TIMED_WAITING
        at java.base@17.0.11/jdk.internal.misc.Unsafe.park(Native Method)
        at java.base@17.0.11/java.util.concurrent.locks.LockSupport.parkNanos(LockSupport.java:252)
        at java.base@17.0.11/java.util.concurrent.locks.AbstractQueuedSynchronizer$ConditionObject.awaitNanos(AbstractQueuedSynchronizer.java:1674)
        at java.base@17.0.11/java.util.concurrent.ScheduledThreadPoolExecutor$DelayedWorkQueue.take(ScheduledThreadPoolExecutor.java:1182)
        at java.base@17.0.11/java.util.concurrent.ScheduledThreadPoolExecutor$DelayedWorkQueue.take(ScheduledThreadPoolExecutor.java:899)
        at java.base@17.0.11/java.util.concurrent.ThreadPoolExecutor.getTask(ThreadPoolExecutor.java:1062)
        at java.base@17.0.11/java.util.concurrent.ThreadPoolExecutor.runWorker(ThreadPoolExecutor.java:1122)
        at java.base@17.0.11/java.util.concurrent.ThreadPoolExecutor$Worker.run(ThreadPoolExecutor.java:635)
        at java.base@17.0.11/java.lang.Thread.run(Thread.java:840)
"Hadoop-Metrics-Updater-0" daemon prio=5 tid=390 timed_waiting
java.lang.Thread.State: TIMED_WAITING
        at java.base@17.0.11/jdk.internal.misc.Unsafe.park(Native Method)
        at java.base@17.0.11/java.util.concurrent.locks.LockSupport.parkNanos(LockSupport.java:252)
        at java.base@17.0.11/java.util.concurrent.locks.AbstractQueuedSynchronizer$ConditionObject.awaitNanos(AbstractQueuedSynchronizer.java:1674)
        at java.base@17.0.11/java.util.concurrent.ScheduledThreadPoolExecutor$DelayedWorkQueue.take(ScheduledThreadPoolExecutor.java:1182)
        at java.base@17.0.11/java.util.concurrent.ScheduledThreadPoolExecutor$DelayedWorkQueue.take(ScheduledThreadPoolExecutor.java:899)
        at java.base@17.0.11/java.util.concurrent.ThreadPoolExecutor.getTask(ThreadPoolExecutor.java:1062)
        at java.base@17.0.11/java.util.concurrent.ThreadPoolExecutor.runWorker(ThreadPoolExecutor.java:1122)
        at java.base@17.0.11/java.util.concurrent.ThreadPoolExecutor$Worker.run(ThreadPoolExecutor.java:635)
        at java.base@17.0.11/java.lang.Thread.run(Thread.java:840)
"IPC Server handler 53 on default port 15000" daemon prio=5 tid=116 timed_waiting
java.lang.Thread.State: TIMED_WAITING
        at java.base@17.0.11/jdk.internal.misc.Unsafe.park(Native Method)
        at java.base@17.0.11/java.util.concurrent.locks.LockSupport.parkNanos(LockSupport.java:252)
        at java.base@17.0.11/java.util.concurrent.locks.AbstractQueuedSynchronizer$ConditionObject.awaitNanos(AbstractQueuedSynchronizer.java:1674)
        at java.base@17.0.11/java.util.concurrent.LinkedBlockingQueue.poll(LinkedBlockingQueue.java:460)
        at app//org.apache.hadoop.ipc.CallQueueManager.take(CallQueueManager.java:317)
        at app//org.apache.hadoop.ipc.Server$Handler.run(Server.java:3014)
"IPC Server handler 0 on default port 15019" daemon prio=5 tid=486 timed_waiting
java.lang.Thread.State: TIMED_WAITING
        at java.base@17.0.11/jdk.internal.misc.Unsafe.park(Native Method)
        at java.base@17.0.11/java.util.concurrent.locks.LockSupport.parkNanos(LockSupport.java:252)
        at java.base@17.0.11/java.util.concurrent.locks.AbstractQueuedSynchronizer$ConditionObject.awaitNanos(AbstractQueuedSynchronizer.java:1674)
        at java.base@17.0.11/java.util.concurrent.LinkedBlockingQueue.poll(LinkedBlockingQueue.java:460)
        at app//org.apache.hadoop.ipc.CallQueueManager.take(CallQueueManager.java:317)
        at app//org.apache.hadoop.ipc.Server$Handler.run(Server.java:3014)
"6d6fe673-47e6-46c0-a6fc-601f54cde379-ChunkReader-2" daemon prio=5 tid=868 in Object.wait()
java.lang.Thread.State: WAITING (on object monitor)
        at java.base@17.0.11/jdk.internal.misc.Unsafe.park(Native Method)
        at java.base@17.0.11/java.util.concurrent.locks.LockSupport.park(LockSupport.java:341)
        at java.base@17.0.11/java.util.concurrent.locks.AbstractQueuedSynchronizer$ConditionNode.block(AbstractQueuedSynchronizer.java:506)
        at java.base@17.0.11/java.util.concurrent.ForkJoinPool.unmanagedBlock(ForkJoinPool.java:3465)
        at java.base@17.0.11/java.util.concurrent.ForkJoinPool.managedBlock(ForkJoinPool.java:3436)
        at java.base@17.0.11/java.util.concurrent.locks.AbstractQueuedSynchronizer$ConditionObject.await(AbstractQueuedSynchronizer.java:1625)
        at java.base@17.0.11/java.util.concurrent.LinkedBlockingQueue.take(LinkedBlockingQueue.java:435)
        at java.base@17.0.11/java.util.concurrent.ThreadPoolExecutor.getTask(ThreadPoolExecutor.java:1062)
        at java.base@17.0.11/java.util.concurrent.ThreadPoolExecutor.runWorker(ThreadPoolExecutor.java:1122)
        at java.base@17.0.11/java.util.concurrent.ThreadPoolExecutor$Worker.run(ThreadPoolExecutor.java:635)
        at java.base@17.0.11/java.lang.Thread.run(Thread.java:840)
"IPC Server handler 58 on default port 15002" daemon prio=5 tid=321 timed_waiting
java.lang.Thread.State: TIMED_WAITING
        at java.base@17.0.11/jdk.internal.misc.Unsafe.park(Native Method)
        at java.base@17.0.11/java.util.concurrent.locks.LockSupport.parkNanos(LockSupport.java:252)
        at java.base@17.0.11/java.util.concurrent.locks.AbstractQueuedSynchronizer$ConditionObject.awaitNanos(AbstractQueuedSynchronizer.java:1674)
        at java.base@17.0.11/java.util.concurrent.LinkedBlockingQueue.poll(LinkedBlockingQueue.java:460)
        at app//org.apache.hadoop.ipc.CallQueueManager.take(CallQueueManager.java:317)
        at app//org.apache.hadoop.ipc.Server$Handler.run(Server.java:3014)
"Hadoop-Metrics-Updater-0" daemon prio=5 tid=539 timed_waiting
java.lang.Thread.State: TIMED_WAITING
        at java.base@17.0.11/jdk.internal.misc.Unsafe.park(Native Method)
        at java.base@17.0.11/java.util.concurrent.locks.LockSupport.parkNanos(LockSupport.java:252)
        at java.base@17.0.11/java.util.concurrent.locks.AbstractQueuedSynchronizer$ConditionObject.awaitNanos(AbstractQueuedSynchronizer.java:1674)
        at java.base@17.0.11/java.util.concurrent.ScheduledThreadPoolExecutor$DelayedWorkQueue.take(ScheduledThreadPoolExecutor.java:1182)
        at java.base@17.0.11/java.util.concurrent.ScheduledThreadPoolExecutor$DelayedWorkQueue.take(ScheduledThreadPoolExecutor.java:899)
        at java.base@17.0.11/java.util.concurrent.ThreadPoolExecutor.getTask(ThreadPoolExecutor.java:1062)
        at java.base@17.0.11/java.util.concurrent.ThreadPoolExecutor.runWorker(ThreadPoolExecutor.java:1122)
        at java.base@17.0.11/java.util.concurrent.ThreadPoolExecutor$Worker.run(ThreadPoolExecutor.java:635)
        at java.base@17.0.11/java.lang.Thread.run(Thread.java:840)
"IPC Server handler 31 on default port 15000" daemon prio=5 tid=94 timed_waiting
java.lang.Thread.State: TIMED_WAITING
        at java.base@17.0.11/jdk.internal.misc.Unsafe.park(Native Method)
        at java.base@17.0.11/java.util.concurrent.locks.LockSupport.parkNanos(LockSupport.java:252)
        at java.base@17.0.11/java.util.concurrent.locks.AbstractQueuedSynchronizer$ConditionObject.awaitNanos(AbstractQueuedSynchronizer.java:1674)
        at java.base@17.0.11/java.util.concurrent.LinkedBlockingQueue.poll(LinkedBlockingQueue.java:460)
        at app//org.apache.hadoop.ipc.CallQueueManager.take(CallQueueManager.java:317)
        at app//org.apache.hadoop.ipc.Server$Handler.run(Server.java:3014)
"fdf93896-5abf-403c-99a8-bb8ea43c9a14@group-39932C3C694B-SegmentedRaftLogWorker"  prio=5 tid=757 timed_waiting
java.lang.Thread.State: TIMED_WAITING
        at java.base@17.0.11/jdk.internal.misc.Unsafe.park(Native Method)
        at java.base@17.0.11/java.util.concurrent.locks.LockSupport.parkNanos(LockSupport.java:252)
        at java.base@17.0.11/java.util.concurrent.locks.AbstractQueuedSynchronizer$ConditionObject.awaitNanos(AbstractQueuedSynchronizer.java:1674)
        at app//org.apache.ratis.util.DataBlockingQueue.poll(DataBlockingQueue.java:148)
        at app//org.apache.ratis.server.raftlog.segmented.SegmentedRaftLogWorker.run(SegmentedRaftLogWorker.java:299)
        at app//org.apache.ratis.server.raftlog.segmented.SegmentedRaftLogWorker$$Lambda$1174/0x00007f53848736a8.run(Unknown Source)
        at java.base@17.0.11/java.util.concurrent.Executors$RunnableAdapter.call(Executors.java:539)
        at java.base@17.0.11/java.util.concurrent.FutureTask.run(FutureTask.java:264)
        at java.base@17.0.11/java.util.concurrent.ThreadPoolExecutor.runWorker(ThreadPoolExecutor.java:1136)
        at java.base@17.0.11/java.util.concurrent.ThreadPoolExecutor$Worker.run(ThreadPoolExecutor.java:635)
        at java.base@17.0.11/java.lang.Thread.run(Thread.java:840)
"IPC Server handler 1 on default port 15001" daemon prio=5 tid=164 timed_waiting
java.lang.Thread.State: TIMED_WAITING
        at java.base@17.0.11/jdk.internal.misc.Unsafe.park(Native Method)
        at java.base@17.0.11/java.util.concurrent.locks.LockSupport.parkNanos(LockSupport.java:252)
        at java.base@17.0.11/java.util.concurrent.locks.AbstractQueuedSynchronizer$ConditionObject.awaitNanos(AbstractQueuedSynchronizer.java:1674)
        at java.base@17.0.11/java.util.concurrent.LinkedBlockingQueue.poll(LinkedBlockingQueue.java:460)
        at app//org.apache.hadoop.ipc.CallQueueManager.take(CallQueueManager.java:317)
        at app//org.apache.hadoop.ipc.Server$Handler.run(Server.java:3014)
"IPC Server handler 80 on default port 15000" daemon prio=5 tid=143 timed_waiting
java.lang.Thread.State: TIMED_WAITING
        at java.base@17.0.11/jdk.internal.misc.Unsafe.park(Native Method)
        at java.base@17.0.11/java.util.concurrent.locks.LockSupport.parkNanos(LockSupport.java:252)
        at java.base@17.0.11/java.util.concurrent.locks.AbstractQueuedSynchronizer$ConditionObject.awaitNanos(AbstractQueuedSynchronizer.java:1674)
        at java.base@17.0.11/java.util.concurrent.LinkedBlockingQueue.poll(LinkedBlockingQueue.java:460)
        at app//org.apache.hadoop.ipc.CallQueueManager.take(CallQueueManager.java:317)
        at app//org.apache.hadoop.ipc.Server$Handler.run(Server.java:3014)
"IPC Server handler 37 on default port 15001" daemon prio=5 tid=200 timed_waiting
java.lang.Thread.State: TIMED_WAITING
        at java.base@17.0.11/jdk.internal.misc.Unsafe.park(Native Method)
        at java.base@17.0.11/java.util.concurrent.locks.LockSupport.parkNanos(LockSupport.java:252)
        at java.base@17.0.11/java.util.concurrent.locks.AbstractQueuedSynchronizer$ConditionObject.awaitNanos(AbstractQueuedSynchronizer.java:1674)
        at java.base@17.0.11/java.util.concurrent.LinkedBlockingQueue.poll(LinkedBlockingQueue.java:460)
        at app//org.apache.hadoop.ipc.CallQueueManager.take(CallQueueManager.java:317)
        at app//org.apache.hadoop.ipc.Server$Handler.run(Server.java:3014)
"b47eb027-4b7a-4ddc-bf7f-0870758e0604-ChunkReader-9" daemon prio=5 tid=887 in Object.wait()
java.lang.Thread.State: WAITING (on object monitor)
        at java.base@17.0.11/jdk.internal.misc.Unsafe.park(Native Method)
        at java.base@17.0.11/java.util.concurrent.locks.LockSupport.park(LockSupport.java:341)
        at java.base@17.0.11/java.util.concurrent.locks.AbstractQueuedSynchronizer$ConditionNode.block(AbstractQueuedSynchronizer.java:506)
        at java.base@17.0.11/java.util.concurrent.ForkJoinPool.unmanagedBlock(ForkJoinPool.java:3465)
        at java.base@17.0.11/java.util.concurrent.ForkJoinPool.managedBlock(ForkJoinPool.java:3436)
        at java.base@17.0.11/java.util.concurrent.locks.AbstractQueuedSynchronizer$ConditionObject.await(AbstractQueuedSynchronizer.java:1625)
        at java.base@17.0.11/java.util.concurrent.LinkedBlockingQueue.take(LinkedBlockingQueue.java:435)
        at java.base@17.0.11/java.util.concurrent.ThreadPoolExecutor.getTask(ThreadPoolExecutor.java:1062)
        at java.base@17.0.11/java.util.concurrent.ThreadPoolExecutor.runWorker(ThreadPoolExecutor.java:1122)
        at java.base@17.0.11/java.util.concurrent.ThreadPoolExecutor$Worker.run(ThreadPoolExecutor.java:635)
        at java.base@17.0.11/java.lang.Thread.run(Thread.java:840)
"IPC Server handler 57 on default port 15001" daemon prio=5 tid=220 timed_waiting
java.lang.Thread.State: TIMED_WAITING
        at java.base@17.0.11/jdk.internal.misc.Unsafe.park(Native Method)
        at java.base@17.0.11/java.util.concurrent.locks.LockSupport.parkNanos(LockSupport.java:252)
        at java.base@17.0.11/java.util.concurrent.locks.AbstractQueuedSynchronizer$ConditionObject.awaitNanos(AbstractQueuedSynchronizer.java:1674)
        at java.base@17.0.11/java.util.concurrent.LinkedBlockingQueue.poll(LinkedBlockingQueue.java:460)
        at app//org.apache.hadoop.ipc.CallQueueManager.take(CallQueueManager.java:317)
        at app//org.apache.hadoop.ipc.Server$Handler.run(Server.java:3014)
"IPC Server handler 83 on default port 15001" daemon prio=5 tid=246 timed_waiting
java.lang.Thread.State: TIMED_WAITING
        at java.base@17.0.11/jdk.internal.misc.Unsafe.park(Native Method)
        at java.base@17.0.11/java.util.concurrent.locks.LockSupport.parkNanos(LockSupport.java:252)
        at java.base@17.0.11/java.util.concurrent.locks.AbstractQueuedSynchronizer$ConditionObject.awaitNanos(AbstractQueuedSynchronizer.java:1674)
        at java.base@17.0.11/java.util.concurrent.LinkedBlockingQueue.poll(LinkedBlockingQueue.java:460)
        at app//org.apache.hadoop.ipc.CallQueueManager.take(CallQueueManager.java:317)
        at app//org.apache.hadoop.ipc.Server$Handler.run(Server.java:3014)
"IPC Server handler 18 on default port 15002" daemon prio=5 tid=281 timed_waiting
java.lang.Thread.State: TIMED_WAITING
        at java.base@17.0.11/jdk.internal.misc.Unsafe.park(Native Method)
        at java.base@17.0.11/java.util.concurrent.locks.LockSupport.parkNanos(LockSupport.java:252)
        at java.base@17.0.11/java.util.concurrent.locks.AbstractQueuedSynchronizer$ConditionObject.awaitNanos(AbstractQueuedSynchronizer.java:1674)
        at java.base@17.0.11/java.util.concurrent.LinkedBlockingQueue.poll(LinkedBlockingQueue.java:460)
        at app//org.apache.hadoop.ipc.CallQueueManager.take(CallQueueManager.java:317)
        at app//org.apache.hadoop.ipc.Server$Handler.run(Server.java:3014)
"IPC Server handler 47 on default port 15002" daemon prio=5 tid=310 timed_waiting
java.lang.Thread.State: TIMED_WAITING
        at java.base@17.0.11/jdk.internal.misc.Unsafe.park(Native Method)
        at java.base@17.0.11/java.util.concurrent.locks.LockSupport.parkNanos(LockSupport.java:252)
        at java.base@17.0.11/java.util.concurrent.locks.AbstractQueuedSynchronizer$ConditionObject.awaitNanos(AbstractQueuedSynchronizer.java:1674)
        at java.base@17.0.11/java.util.concurrent.LinkedBlockingQueue.poll(LinkedBlockingQueue.java:460)
        at app//org.apache.hadoop.ipc.CallQueueManager.take(CallQueueManager.java:317)
        at app//org.apache.hadoop.ipc.Server$Handler.run(Server.java:3014)
"fdf93896-5abf-403c-99a8-bb8ea43c9a14@group-B33C5E379CF8-SegmentedRaftLogWorker"  prio=5 tid=699 timed_waiting
java.lang.Thread.State: TIMED_WAITING
        at java.base@17.0.11/jdk.internal.misc.Unsafe.park(Native Method)
        at java.base@17.0.11/java.util.concurrent.locks.LockSupport.parkNanos(LockSupport.java:252)
        at java.base@17.0.11/java.util.concurrent.locks.AbstractQueuedSynchronizer$ConditionObject.awaitNanos(AbstractQueuedSynchronizer.java:1674)
        at app//org.apache.ratis.util.DataBlockingQueue.poll(DataBlockingQueue.java:148)
        at app//org.apache.ratis.server.raftlog.segmented.SegmentedRaftLogWorker.run(SegmentedRaftLogWorker.java:299)
        at app//org.apache.ratis.server.raftlog.segmented.SegmentedRaftLogWorker$$Lambda$1174/0x00007f53848736a8.run(Unknown Source)
        at java.base@17.0.11/java.util.concurrent.Executors$RunnableAdapter.call(Executors.java:539)
        at java.base@17.0.11/java.util.concurrent.FutureTask.run(FutureTask.java:264)
        at java.base@17.0.11/java.util.concurrent.ThreadPoolExecutor.runWorker(ThreadPoolExecutor.java:1136)
        at java.base@17.0.11/java.util.concurrent.ThreadPoolExecutor$Worker.run(ThreadPoolExecutor.java:635)
        at java.base@17.0.11/java.lang.Thread.run(Thread.java:840)
"IPC Server handler 97 on default port 15002" daemon prio=5 tid=360 timed_waiting
java.lang.Thread.State: TIMED_WAITING
        at java.base@17.0.11/jdk.internal.misc.Unsafe.park(Native Method)
        at java.base@17.0.11/java.util.concurrent.locks.LockSupport.parkNanos(LockSupport.java:252)
        at java.base@17.0.11/java.util.concurrent.locks.AbstractQueuedSynchronizer$ConditionObject.awaitNanos(AbstractQueuedSynchronizer.java:1674)
        at java.base@17.0.11/java.util.concurrent.LinkedBlockingQueue.poll(LinkedBlockingQueue.java:460)
        at app//org.apache.hadoop.ipc.CallQueueManager.take(CallQueueManager.java:317)
        at app//org.apache.hadoop.ipc.Server$Handler.run(Server.java:3014)
"fdf93896-5abf-403c-99a8-bb8ea43c9a14-ChunkWriter-1-0" daemon prio=5 tid=606 in Object.wait()
java.lang.Thread.State: WAITING (on object monitor)
        at java.base@17.0.11/jdk.internal.misc.Unsafe.park(Native Method)
        at java.base@17.0.11/java.util.concurrent.locks.LockSupport.park(LockSupport.java:341)
        at java.base@17.0.11/java.util.concurrent.locks.AbstractQueuedSynchronizer$ConditionNode.block(AbstractQueuedSynchronizer.java:506)
        at java.base@17.0.11/java.util.concurrent.ForkJoinPool.unmanagedBlock(ForkJoinPool.java:3465)
        at java.base@17.0.11/java.util.concurrent.ForkJoinPool.managedBlock(ForkJoinPool.java:3436)
        at java.base@17.0.11/java.util.concurrent.locks.AbstractQueuedSynchronizer$ConditionObject.await(AbstractQueuedSynchronizer.java:1625)
        at java.base@17.0.11/java.util.concurrent.LinkedBlockingDeque.takeFirst(LinkedBlockingDeque.java:485)
        at java.base@17.0.11/java.util.concurrent.LinkedBlockingDeque.take(LinkedBlockingDeque.java:673)
        at java.base@17.0.11/java.util.concurrent.ThreadPoolExecutor.getTask(ThreadPoolExecutor.java:1062)
        at java.base@17.0.11/java.util.concurrent.ThreadPoolExecutor.runWorker(ThreadPoolExecutor.java:1122)
        at java.base@17.0.11/java.util.concurrent.ThreadPoolExecutor$Worker.run(ThreadPoolExecutor.java:635)
        at java.base@17.0.11/java.lang.Thread.run(Thread.java:840)
"IPC Server handler 20 on default port 15002" daemon prio=5 tid=283 timed_waiting
java.lang.Thread.State: TIMED_WAITING
        at java.base@17.0.11/jdk.internal.misc.Unsafe.park(Native Method)
        at java.base@17.0.11/java.util.concurrent.locks.LockSupport.parkNanos(LockSupport.java:252)
        at java.base@17.0.11/java.util.concurrent.locks.AbstractQueuedSynchronizer$ConditionObject.awaitNanos(AbstractQueuedSynchronizer.java:1674)
        at java.base@17.0.11/java.util.concurrent.LinkedBlockingQueue.poll(LinkedBlockingQueue.java:460)
        at app//org.apache.hadoop.ipc.CallQueueManager.take(CallQueueManager.java:317)
        at app//org.apache.hadoop.ipc.Server$Handler.run(Server.java:3014)
"Hadoop-Metrics-Updater-0" daemon prio=5 tid=41 timed_waiting
java.lang.Thread.State: TIMED_WAITING
        at java.base@17.0.11/jdk.internal.misc.Unsafe.park(Native Method)
        at java.base@17.0.11/java.util.concurrent.locks.LockSupport.parkNanos(LockSupport.java:252)
        at java.base@17.0.11/java.util.concurrent.locks.AbstractQueuedSynchronizer$ConditionObject.awaitNanos(AbstractQueuedSynchronizer.java:1674)
        at java.base@17.0.11/java.util.concurrent.ScheduledThreadPoolExecutor$DelayedWorkQueue.take(ScheduledThreadPoolExecutor.java:1182)
        at java.base@17.0.11/java.util.concurrent.ScheduledThreadPoolExecutor$DelayedWorkQueue.take(ScheduledThreadPoolExecutor.java:899)
        at java.base@17.0.11/java.util.concurrent.ThreadPoolExecutor.getTask(ThreadPoolExecutor.java:1062)
        at java.base@17.0.11/java.util.concurrent.ThreadPoolExecutor.runWorker(ThreadPoolExecutor.java:1122)
        at java.base@17.0.11/java.util.concurrent.ThreadPoolExecutor$Worker.run(ThreadPoolExecutor.java:635)
        at java.base@17.0.11/java.lang.Thread.run(Thread.java:840)
"IPC Server handler 28 on default port 15001" daemon prio=5 tid=191 timed_waiting
java.lang.Thread.State: TIMED_WAITING
        at java.base@17.0.11/jdk.internal.misc.Unsafe.park(Native Method)
        at java.base@17.0.11/java.util.concurrent.locks.LockSupport.parkNanos(LockSupport.java:252)
        at java.base@17.0.11/java.util.concurrent.locks.AbstractQueuedSynchronizer$ConditionObject.awaitNanos(AbstractQueuedSynchronizer.java:1674)
        at java.base@17.0.11/java.util.concurrent.LinkedBlockingQueue.poll(LinkedBlockingQueue.java:460)
        at app//org.apache.hadoop.ipc.CallQueueManager.take(CallQueueManager.java:317)
        at app//org.apache.hadoop.ipc.Server$Handler.run(Server.java:3014)
"fdf93896-5abf-403c-99a8-bb8ea43c9a14-DataNodeDiskCheckerThread-0" daemon prio=5 tid=601 timed_waiting
java.lang.Thread.State: TIMED_WAITING
        at java.base@17.0.11/jdk.internal.misc.Unsafe.park(Native Method)
        at java.base@17.0.11/java.util.concurrent.locks.LockSupport.parkNanos(LockSupport.java:252)
        at java.base@17.0.11/java.util.concurrent.SynchronousQueue$TransferStack.transfer(SynchronousQueue.java:401)
        at java.base@17.0.11/java.util.concurrent.SynchronousQueue.poll(SynchronousQueue.java:903)
        at java.base@17.0.11/java.util.concurrent.ThreadPoolExecutor.getTask(ThreadPoolExecutor.java:1061)
        at java.base@17.0.11/java.util.concurrent.ThreadPoolExecutor.runWorker(ThreadPoolExecutor.java:1122)
        at java.base@17.0.11/java.util.concurrent.ThreadPoolExecutor$Worker.run(ThreadPoolExecutor.java:635)
        at java.base@17.0.11/java.lang.Thread.run(Thread.java:840)
"IPC Server handler 29 on default port 15001" daemon prio=5 tid=192 timed_waiting
java.lang.Thread.State: TIMED_WAITING
        at java.base@17.0.11/jdk.internal.misc.Unsafe.park(Native Method)
        at java.base@17.0.11/java.util.concurrent.locks.LockSupport.parkNanos(LockSupport.java:252)
        at java.base@17.0.11/java.util.concurrent.locks.AbstractQueuedSynchronizer$ConditionObject.awaitNanos(AbstractQueuedSynchronizer.java:1674)
        at java.base@17.0.11/java.util.concurrent.LinkedBlockingQueue.poll(LinkedBlockingQueue.java:460)
        at app//org.apache.hadoop.ipc.CallQueueManager.take(CallQueueManager.java:317)
        at app//org.apache.hadoop.ipc.Server$Handler.run(Server.java:3014)
"IPC Server handler 69 on default port 15001" daemon prio=5 tid=232 timed_waiting
java.lang.Thread.State: TIMED_WAITING
        at java.base@17.0.11/jdk.internal.misc.Unsafe.park(Native Method)
        at java.base@17.0.11/java.util.concurrent.locks.LockSupport.parkNanos(LockSupport.java:252)
        at java.base@17.0.11/java.util.concurrent.locks.AbstractQueuedSynchronizer$ConditionObject.awaitNanos(AbstractQueuedSynchronizer.java:1674)
        at java.base@17.0.11/java.util.concurrent.LinkedBlockingQueue.poll(LinkedBlockingQueue.java:460)
        at app//org.apache.hadoop.ipc.CallQueueManager.take(CallQueueManager.java:317)
        at app//org.apache.hadoop.ipc.Server$Handler.run(Server.java:3014)
"c511b233-3aa4-4954-9335-f5d54c64e497@group-B33C5E379CF8->b47eb027-4b7a-4ddc-bf7f-0870758e0604-GrpcLogAppender-LogAppenderDaemon" daemon prio=5 tid=787 timed_waiting
java.lang.Thread.State: TIMED_WAITING
        at java.base@17.0.11/jdk.internal.misc.Unsafe.park(Native Method)
        at java.base@17.0.11/java.util.concurrent.locks.LockSupport.parkNanos(LockSupport.java:252)
        at java.base@17.0.11/java.util.concurrent.locks.AbstractQueuedSynchronizer$ConditionObject.await(AbstractQueuedSynchronizer.java:1759)
        at app//org.apache.ratis.util.AwaitForSignal.await(AwaitForSignal.java:65)
        at app//org.apache.ratis.grpc.server.GrpcLogAppender.mayWait(GrpcLogAppender.java:286)
        at app//org.apache.ratis.grpc.server.GrpcLogAppender.run(GrpcLogAppender.java:254)
        at app//org.apache.ratis.server.leader.LogAppenderDaemon.run(LogAppenderDaemon.java:80)
        at app//org.apache.ratis.server.leader.LogAppenderDaemon$$Lambda$1607/0x00007f5384a60b50.run(Unknown Source)
        at java.base@17.0.11/java.lang.Thread.run(Thread.java:840)
"JvmPauseMonitor2" daemon prio=5 tid=591 timed_waiting
java.lang.Thread.State: TIMED_WAITING
        at java.base@17.0.11/java.lang.Thread.sleep(Native Method)
        at java.base@17.0.11/java.lang.Thread.sleep(Thread.java:344)
        at java.base@17.0.11/java.util.concurrent.TimeUnit.sleep(TimeUnit.java:446)
        at app//org.apache.ratis.util.TimeDuration.sleep(TimeDuration.java:353)
        at app//org.apache.ratis.util.TimeDuration.sleep(TimeDuration.java:338)
        at app//org.apache.ratis.util.JvmPauseMonitor.detectPause(JvmPauseMonitor.java:160)
        at app//org.apache.ratis.util.JvmPauseMonitor.run(JvmPauseMonitor.java:149)
        at app//org.apache.ratis.util.JvmPauseMonitor$$Lambda$795/0x00007f5384607dc8.run(Unknown Source)
        at java.base@17.0.11/java.lang.Thread.run(Thread.java:840)
"IPC Server handler 95 on default port 15000" daemon prio=5 tid=158 timed_waiting
java.lang.Thread.State: TIMED_WAITING
        at java.base@17.0.11/jdk.internal.misc.Unsafe.park(Native Method)
        at java.base@17.0.11/java.util.concurrent.locks.LockSupport.parkNanos(LockSupport.java:252)
        at java.base@17.0.11/java.util.concurrent.locks.AbstractQueuedSynchronizer$ConditionObject.awaitNanos(AbstractQueuedSynchronizer.java:1674)
        at java.base@17.0.11/java.util.concurrent.LinkedBlockingQueue.poll(LinkedBlockingQueue.java:460)
        at app//org.apache.hadoop.ipc.CallQueueManager.take(CallQueueManager.java:317)
        at app//org.apache.hadoop.ipc.Server$Handler.run(Server.java:3014)
"IPC Server handler 93 on default port 15001" daemon prio=5 tid=256 timed_waiting
java.lang.Thread.State: TIMED_WAITING
        at java.base@17.0.11/jdk.internal.misc.Unsafe.park(Native Method)
        at java.base@17.0.11/java.util.concurrent.locks.LockSupport.parkNanos(LockSupport.java:252)
        at java.base@17.0.11/java.util.concurrent.locks.AbstractQueuedSynchronizer$ConditionObject.awaitNanos(AbstractQueuedSynchronizer.java:1674)
        at java.base@17.0.11/java.util.concurrent.LinkedBlockingQueue.poll(LinkedBlockingQueue.java:460)
        at app//org.apache.hadoop.ipc.CallQueueManager.take(CallQueueManager.java:317)
        at app//org.apache.hadoop.ipc.Server$Handler.run(Server.java:3014)
"pool-104-thread-1"  prio=5 tid=471 timed_waiting
java.lang.Thread.State: TIMED_WAITING
        at java.base@17.0.11/jdk.internal.misc.Unsafe.park(Native Method)
        at java.base@17.0.11/java.util.concurrent.locks.LockSupport.parkNanos(LockSupport.java:252)
        at java.base@17.0.11/java.util.concurrent.locks.AbstractQueuedSynchronizer$ConditionObject.awaitNanos(AbstractQueuedSynchronizer.java:1674)
        at java.base@17.0.11/java.util.concurrent.ScheduledThreadPoolExecutor$DelayedWorkQueue.take(ScheduledThreadPoolExecutor.java:1182)
        at java.base@17.0.11/java.util.concurrent.ScheduledThreadPoolExecutor$DelayedWorkQueue.take(ScheduledThreadPoolExecutor.java:899)
        at java.base@17.0.11/java.util.concurrent.ThreadPoolExecutor.getTask(ThreadPoolExecutor.java:1062)
        at java.base@17.0.11/java.util.concurrent.ThreadPoolExecutor.runWorker(ThreadPoolExecutor.java:1122)
        at java.base@17.0.11/java.util.concurrent.ThreadPoolExecutor$Worker.run(ThreadPoolExecutor.java:635)
        at java.base@17.0.11/java.lang.Thread.run(Thread.java:840)
"IPC Server Responder" daemon prio=5 tid=538 runnable
java.lang.Thread.State: RUNNABLE
        at java.base@17.0.11/sun.nio.ch.EPoll.wait(Native Method)
        at java.base@17.0.11/sun.nio.ch.EPollSelectorImpl.doSelect(EPollSelectorImpl.java:118)
        at java.base@17.0.11/sun.nio.ch.SelectorImpl.lockAndDoSelect(SelectorImpl.java:129)
        at java.base@17.0.11/sun.nio.ch.SelectorImpl.select(SelectorImpl.java:141)
        at app//org.apache.hadoop.ipc.Server$Responder.doRunLoop(Server.java:1582)
        at app//org.apache.hadoop.ipc.Server$Responder.run(Server.java:1565)
"IPC Server handler 34 on default port 15002" daemon prio=5 tid=297 timed_waiting
java.lang.Thread.State: TIMED_WAITING
        at java.base@17.0.11/jdk.internal.misc.Unsafe.park(Native Method)
        at java.base@17.0.11/java.util.concurrent.locks.LockSupport.parkNanos(LockSupport.java:252)
        at java.base@17.0.11/java.util.concurrent.locks.AbstractQueuedSynchronizer$ConditionObject.awaitNanos(AbstractQueuedSynchronizer.java:1674)
        at java.base@17.0.11/java.util.concurrent.LinkedBlockingQueue.poll(LinkedBlockingQueue.java:460)
        at app//org.apache.hadoop.ipc.CallQueueManager.take(CallQueueManager.java:317)
        at app//org.apache.hadoop.ipc.Server$Handler.run(Server.java:3014)
"fdf93896-5abf-403c-99a8-bb8ea43c9a14-ChunkWriter-0-0" daemon prio=5 tid=605 in Object.wait()
java.lang.Thread.State: WAITING (on object monitor)
        at java.base@17.0.11/jdk.internal.misc.Unsafe.park(Native Method)
        at java.base@17.0.11/java.util.concurrent.locks.LockSupport.park(LockSupport.java:341)
        at java.base@17.0.11/java.util.concurrent.locks.AbstractQueuedSynchronizer$ConditionNode.block(AbstractQueuedSynchronizer.java:506)
        at java.base@17.0.11/java.util.concurrent.ForkJoinPool.unmanagedBlock(ForkJoinPool.java:3465)
        at java.base@17.0.11/java.util.concurrent.ForkJoinPool.managedBlock(ForkJoinPool.java:3436)
        at java.base@17.0.11/java.util.concurrent.locks.AbstractQueuedSynchronizer$ConditionObject.await(AbstractQueuedSynchronizer.java:1625)
        at java.base@17.0.11/java.util.concurrent.LinkedBlockingDeque.takeFirst(LinkedBlockingDeque.java:485)
        at java.base@17.0.11/java.util.concurrent.LinkedBlockingDeque.take(LinkedBlockingDeque.java:673)
        at java.base@17.0.11/java.util.concurrent.ThreadPoolExecutor.getTask(ThreadPoolExecutor.java:1062)
        at java.base@17.0.11/java.util.concurrent.ThreadPoolExecutor.runWorker(ThreadPoolExecutor.java:1122)
        at java.base@17.0.11/java.util.concurrent.ThreadPoolExecutor$Worker.run(ThreadPoolExecutor.java:635)
        at java.base@17.0.11/java.lang.Thread.run(Thread.java:840)
"Session-HouseKeeper-7db99d41-1"  prio=5 tid=418 timed_waiting
java.lang.Thread.State: TIMED_WAITING
        at java.base@17.0.11/jdk.internal.misc.Unsafe.park(Native Method)
        at java.base@17.0.11/java.util.concurrent.locks.LockSupport.parkNanos(LockSupport.java:252)
        at java.base@17.0.11/java.util.concurrent.locks.AbstractQueuedSynchronizer$ConditionObject.awaitNanos(AbstractQueuedSynchronizer.java:1674)
        at java.base@17.0.11/java.util.concurrent.ScheduledThreadPoolExecutor$DelayedWorkQueue.take(ScheduledThreadPoolExecutor.java:1182)
        at java.base@17.0.11/java.util.concurrent.ScheduledThreadPoolExecutor$DelayedWorkQueue.take(ScheduledThreadPoolExecutor.java:899)
        at java.base@17.0.11/java.util.concurrent.ThreadPoolExecutor.getTask(ThreadPoolExecutor.java:1062)
        at java.base@17.0.11/java.util.concurrent.ThreadPoolExecutor.runWorker(ThreadPoolExecutor.java:1122)
        at java.base@17.0.11/java.util.concurrent.ThreadPoolExecutor$Worker.run(ThreadPoolExecutor.java:635)
        at java.base@17.0.11/java.lang.Thread.run(Thread.java:840)
"IPC Server handler 98 on default port 15002" daemon prio=5 tid=361 timed_waiting
java.lang.Thread.State: TIMED_WAITING
        at java.base@17.0.11/jdk.internal.misc.Unsafe.park(Native Method)
        at java.base@17.0.11/java.util.concurrent.locks.LockSupport.parkNanos(LockSupport.java:252)
        at java.base@17.0.11/java.util.concurrent.locks.AbstractQueuedSynchronizer$ConditionObject.awaitNanos(AbstractQueuedSynchronizer.java:1674)
        at java.base@17.0.11/java.util.concurrent.LinkedBlockingQueue.poll(LinkedBlockingQueue.java:460)
        at app//org.apache.hadoop.ipc.CallQueueManager.take(CallQueueManager.java:317)
        at app//org.apache.hadoop.ipc.Server$Handler.run(Server.java:3014)
"c511b233-3aa4-4954-9335-f5d54c64e497-ChunkReader-ELG-0" daemon prio=5 tid=592 runnable
java.lang.Thread.State: RUNNABLE
        at app//org.apache.ratis.thirdparty.io.netty.channel.epoll.Native.epollWait0(Native Method)
        at app//org.apache.ratis.thirdparty.io.netty.channel.epoll.Native.epollWait(Native.java:182)
        at app//org.apache.ratis.thirdparty.io.netty.channel.epoll.EpollEventLoop.epollWait(EpollEventLoop.java:312)
        at app//org.apache.ratis.thirdparty.io.netty.channel.epoll.EpollEventLoop.run(EpollEventLoop.java:376)
        at app//org.apache.ratis.thirdparty.io.netty.util.concurrent.SingleThreadEventExecutor$4.run(SingleThreadEventExecutor.java:997)
        at app//org.apache.ratis.thirdparty.io.netty.util.internal.ThreadExecutorMap$2.run(ThreadExecutorMap.java:74)
        at java.base@17.0.11/java.lang.Thread.run(Thread.java:840)
"surefire-forkedjvm-ping-30s" daemon prio=5 tid=15 timed_waiting
java.lang.Thread.State: TIMED_WAITING
        at java.base@17.0.11/jdk.internal.misc.Unsafe.park(Native Method)
        at java.base@17.0.11/java.util.concurrent.locks.LockSupport.parkNanos(LockSupport.java:252)
        at java.base@17.0.11/java.util.concurrent.locks.AbstractQueuedSynchronizer$ConditionObject.awaitNanos(AbstractQueuedSynchronizer.java:1674)
        at java.base@17.0.11/java.util.concurrent.ScheduledThreadPoolExecutor$DelayedWorkQueue.take(ScheduledThreadPoolExecutor.java:1182)
        at java.base@17.0.11/java.util.concurrent.ScheduledThreadPoolExecutor$DelayedWorkQueue.take(ScheduledThreadPoolExecutor.java:899)
        at java.base@17.0.11/java.util.concurrent.ThreadPoolExecutor.getTask(ThreadPoolExecutor.java:1062)
        at java.base@17.0.11/java.util.concurrent.ThreadPoolExecutor.runWorker(ThreadPoolExecutor.java:1122)
        at java.base@17.0.11/java.util.concurrent.ThreadPoolExecutor$Worker.run(ThreadPoolExecutor.java:635)
        at java.base@17.0.11/java.lang.Thread.run(Thread.java:840)
"IPC Server handler 77 on default port 15001" daemon prio=5 tid=240 timed_waiting
java.lang.Thread.State: TIMED_WAITING
        at java.base@17.0.11/jdk.internal.misc.Unsafe.park(Native Method)
        at java.base@17.0.11/java.util.concurrent.locks.LockSupport.parkNanos(LockSupport.java:252)
        at java.base@17.0.11/java.util.concurrent.locks.AbstractQueuedSynchronizer$ConditionObject.awaitNanos(AbstractQueuedSynchronizer.java:1674)
        at java.base@17.0.11/java.util.concurrent.LinkedBlockingQueue.poll(LinkedBlockingQueue.java:460)
        at app//org.apache.hadoop.ipc.CallQueueManager.take(CallQueueManager.java:317)
        at app//org.apache.hadoop.ipc.Server$Handler.run(Server.java:3014)
"IPC Server handler 3 on default port 15002" daemon prio=5 tid=266 timed_waiting
java.lang.Thread.State: TIMED_WAITING
        at java.base@17.0.11/jdk.internal.misc.Unsafe.park(Native Method)
        at java.base@17.0.11/java.util.concurrent.locks.LockSupport.parkNanos(LockSupport.java:252)
        at java.base@17.0.11/java.util.concurrent.locks.AbstractQueuedSynchronizer$ConditionObject.awaitNanos(AbstractQueuedSynchronizer.java:1674)
        at java.base@17.0.11/java.util.concurrent.LinkedBlockingQueue.poll(LinkedBlockingQueue.java:460)
        at app//org.apache.hadoop.ipc.CallQueueManager.take(CallQueueManager.java:317)
        at app//org.apache.hadoop.ipc.Server$Handler.run(Server.java:3014)
"6d6fe673-47e6-46c0-a6fc-601f54cde379-BlockDeletingService#1" daemon prio=5 tid=652 in Object.wait()
java.lang.Thread.State: WAITING (on object monitor)
        at java.base@17.0.11/jdk.internal.misc.Unsafe.park(Native Method)
        at java.base@17.0.11/java.util.concurrent.locks.LockSupport.park(LockSupport.java:341)
        at java.base@17.0.11/java.util.concurrent.locks.AbstractQueuedSynchronizer$ConditionNode.block(AbstractQueuedSynchronizer.java:506)
        at java.base@17.0.11/java.util.concurrent.ForkJoinPool.unmanagedBlock(ForkJoinPool.java:3465)
        at java.base@17.0.11/java.util.concurrent.ForkJoinPool.managedBlock(ForkJoinPool.java:3436)
        at java.base@17.0.11/java.util.concurrent.locks.AbstractQueuedSynchronizer$ConditionObject.await(AbstractQueuedSynchronizer.java:1625)
        at java.base@17.0.11/java.util.concurrent.ScheduledThreadPoolExecutor$DelayedWorkQueue.take(ScheduledThreadPoolExecutor.java:1177)
        at java.base@17.0.11/java.util.concurrent.ScheduledThreadPoolExecutor$DelayedWorkQueue.take(ScheduledThreadPoolExecutor.java:899)
        at java.base@17.0.11/java.util.concurrent.ThreadPoolExecutor.getTask(ThreadPoolExecutor.java:1062)
        at java.base@17.0.11/java.util.concurrent.ThreadPoolExecutor.runWorker(ThreadPoolExecutor.java:1122)
        at java.base@17.0.11/java.util.concurrent.ThreadPoolExecutor$Worker.run(ThreadPoolExecutor.java:635)
        at java.base@17.0.11/java.lang.Thread.run(Thread.java:840)
"c511b233-3aa4-4954-9335-f5d54c64e497-groupManagement"  prio=5 tid=680 in Object.wait()
java.lang.Thread.State: WAITING (on object monitor)
        at java.base@17.0.11/jdk.internal.misc.Unsafe.park(Native Method)
        at java.base@17.0.11/java.util.concurrent.locks.LockSupport.park(LockSupport.java:341)
        at java.base@17.0.11/java.util.concurrent.locks.AbstractQueuedSynchronizer$ConditionNode.block(AbstractQueuedSynchronizer.java:506)
        at java.base@17.0.11/java.util.concurrent.ForkJoinPool.unmanagedBlock(ForkJoinPool.java:3465)
        at java.base@17.0.11/java.util.concurrent.ForkJoinPool.managedBlock(ForkJoinPool.java:3436)
        at java.base@17.0.11/java.util.concurrent.locks.AbstractQueuedSynchronizer$ConditionObject.await(AbstractQueuedSynchronizer.java:1625)
        at java.base@17.0.11/java.util.concurrent.LinkedBlockingQueue.take(LinkedBlockingQueue.java:435)
        at java.base@17.0.11/java.util.concurrent.ThreadPoolExecutor.getTask(ThreadPoolExecutor.java:1062)
        at java.base@17.0.11/java.util.concurrent.ThreadPoolExecutor.runWorker(ThreadPoolExecutor.java:1122)
        at java.base@17.0.11/java.util.concurrent.ThreadPoolExecutor$Worker.run(ThreadPoolExecutor.java:635)
        at java.base@17.0.11/java.lang.Thread.run(Thread.java:840)
"fdf93896-5abf-403c-99a8-bb8ea43c9a14@group-5B9310BC09E2-StateMachineUpdater" daemon prio=5 tid=695 timed_waiting
java.lang.Thread.State: TIMED_WAITING
        at java.base@17.0.11/jdk.internal.misc.Unsafe.park(Native Method)
        at java.base@17.0.11/java.util.concurrent.locks.LockSupport.parkNanos(LockSupport.java:252)
        at java.base@17.0.11/java.util.concurrent.locks.AbstractQueuedSynchronizer$ConditionObject.await(AbstractQueuedSynchronizer.java:1759)
        at app//org.apache.ratis.util.AwaitForSignal.await(AwaitForSignal.java:65)
        at app//org.apache.ratis.server.impl.StateMachineUpdater.waitForCommit(StateMachineUpdater.java:211)
        at app//org.apache.ratis.server.impl.StateMachineUpdater.run(StateMachineUpdater.java:180)
        at java.base@17.0.11/java.lang.Thread.run(Thread.java:840)
"IPC Server handler 76 on default port 15001" daemon prio=5 tid=239 timed_waiting
java.lang.Thread.State: TIMED_WAITING
        at java.base@17.0.11/jdk.internal.misc.Unsafe.park(Native Method)
        at java.base@17.0.11/java.util.concurrent.locks.LockSupport.parkNanos(LockSupport.java:252)
        at java.base@17.0.11/java.util.concurrent.locks.AbstractQueuedSynchronizer$ConditionObject.awaitNanos(AbstractQueuedSynchronizer.java:1674)
        at java.base@17.0.11/java.util.concurrent.LinkedBlockingQueue.poll(LinkedBlockingQueue.java:460)
        at app//org.apache.hadoop.ipc.CallQueueManager.take(CallQueueManager.java:317)
        at app//org.apache.hadoop.ipc.Server$Handler.run(Server.java:3014)
"6d6fe673-47e6-46c0-a6fc-601f54cde379-PeriodicHDDSVolumeChecker" daemon prio=5 tid=637 timed_waiting
java.lang.Thread.State: TIMED_WAITING
        at java.base@17.0.11/jdk.internal.misc.Unsafe.park(Native Method)
        at java.base@17.0.11/java.util.concurrent.locks.LockSupport.parkNanos(LockSupport.java:252)
        at java.base@17.0.11/java.util.concurrent.locks.AbstractQueuedSynchronizer$ConditionObject.awaitNanos(AbstractQueuedSynchronizer.java:1674)
        at java.base@17.0.11/java.util.concurrent.ScheduledThreadPoolExecutor$DelayedWorkQueue.take(ScheduledThreadPoolExecutor.java:1182)
        at java.base@17.0.11/java.util.concurrent.ScheduledThreadPoolExecutor$DelayedWorkQueue.take(ScheduledThreadPoolExecutor.java:899)
        at java.base@17.0.11/java.util.concurrent.ThreadPoolExecutor.getTask(ThreadPoolExecutor.java:1062)
        at java.base@17.0.11/java.util.concurrent.ThreadPoolExecutor.runWorker(ThreadPoolExecutor.java:1122)
        at java.base@17.0.11/java.util.concurrent.ThreadPoolExecutor$Worker.run(ThreadPoolExecutor.java:635)
        at java.base@17.0.11/java.lang.Thread.run(Thread.java:840)


	at org.apache.ozone.test.GenericTestUtils.waitFor(GenericTestUtils.java:204)
	at org.apache.hadoop.ozone.container.TestHelper.waitForReplicaCount(TestHelper.java:444)
	at org.apache.hadoop.ozone.container.TestContainerReplication.testECContainerReplication(TestContainerReplication.java:362)
	at java.base/java.lang.reflect.Method.invoke(Method.java:568)
	at java.base/java.util.ArrayList.forEach(ArrayList.java:1511)
	at java.base/java.util.ArrayList.forEach(ArrayList.java:1511)
]]></error>
    <system-out><![CDATA[2024-06-22 13:31:40,983 [main] WARN  server.ServerUtils (ServerUtils.java:getScmDbDir(143)) - ozone.scm.db.dirs is not configured. We recommend adding this setting. Falling back to ozone.metadata.dirs instead.
2024-06-22 13:31:41,270 [main] INFO  reflections.Reflections (Reflections.java:scan(219)) - Reflections took 235 ms to scan 7 urls, producing 158 keys and 370 values
2024-06-22 13:31:41,457 [main] WARN  server.ServerUtils (ServerUtils.java:getScmDbDir(143)) - ozone.scm.db.dirs is not configured. We recommend adding this setting. Falling back to ozone.metadata.dirs instead.
2024-06-22 13:31:41,462 [main] INFO  ha.SCMHANodeDetails (SCMHANodeDetails.java:loadSCMHAConfig(207)) - ServiceID for StorageContainerManager is null
2024-06-22 13:31:41,472 [main] WARN  ha.SCMHANodeDetails (SCMHANodeDetails.java:validateSCMHAConfig(180)) - Default/Configured value of config ozone.scm.ratis.enable conflicts with the expected value. Default/Configured: true. Expected: false. Falling back to the expected value. Current State of SCM: SCM is running without Ratis. Ratis SCM -> Non Ratis SCM is not supported.
2024-06-22 13:31:41,473 [main] INFO  ha.SCMHANodeDetails (SCMHANodeDetails.java:loadSCMHAConfig(212)) - ozone.scm.default.service.id is not defined, falling back to ozone.scm.service.ids to find serviceID for StorageContainerManager if it is HA enabled cluster
2024-06-22 13:31:42,013 [main] WARN  utils.HAUtils (HAUtils.java:getMetaDir(339)) - ozone.scm.db.dirs is not configured. We recommend adding this setting. Falling back to ozone.metadata.dirs instead.
2024-06-22 13:31:42,118 [main] WARN  db.DBStoreBuilder (DBStoreBuilder.java:applyDBDefinition(171)) - ozone.scm.db.dirs is not configured. We recommend adding this setting. Falling back to ozone.metadata.dirs instead.
2024-06-22 13:31:42,126 [main] INFO  utils.LeakDetector (LeakDetector.java:start(73)) - Starting leak detector thread ManagedRocksObject0.
2024-06-22 13:31:42,269 [main] INFO  net.NodeSchemaLoader (NodeSchemaLoader.java:loadSchemaFromFile(129)) - Loading schema from [file:/home/runner/work/ozone/ozone/hadoop-hdds/common/target/classes/network-topology-default.xml]
2024-06-22 13:31:42,270 [main] INFO  net.NodeSchemaLoader (NodeSchemaLoader.java:loadSchema(176)) - Loading network topology layer schema file
2024-06-22 13:31:42,312 [main] INFO  metrics.MetricRegistries (MetricRegistriesLoader.java:load(64)) - Loaded MetricRegistries class org.apache.ratis.metrics.dropwizard3.Dm3MetricRegistriesImpl
2024-06-22 13:31:42,324 [main] INFO  upgrade.AbstractLayoutVersionManager (AbstractLayoutVersionManager.java:init(83)) - Initializing Layout version manager with metadata layout = HADOOP_PRC_PORTS_IN_DATANODEDETAILS (version = 7), software layout = HADOOP_PRC_PORTS_IN_DATANODEDETAILS (version = 7)
2024-06-22 13:31:42,509 [main] INFO  ha.SequenceIdGenerator (SequenceIdGenerator.java:upgradeToSequenceId(369)) - upgrade localId to 113750153625600000
2024-06-22 13:31:42,513 [main] INFO  ha.SequenceIdGenerator (SequenceIdGenerator.java:upgradeToSequenceId(379)) - upgrade delTxnId to 0
2024-06-22 13:31:42,521 [main] INFO  ha.SequenceIdGenerator (SequenceIdGenerator.java:upgradeToSequenceId(396)) - upgrade containerId to 0
2024-06-22 13:31:42,527 [main] INFO  ha.SequenceIdGenerator (SequenceIdGenerator.java:upgradeToCertificateSequenceId(433)) - upgrade CertificateId to 2
2024-06-22 13:31:42,532 [main] INFO  ha.SequenceIdGenerator (SequenceIdGenerator.java:<init>(240)) - Init the HA SequenceIdGenerator.
2024-06-22 13:31:42,607 [main] INFO  node.SCMNodeManager (SCMNodeManager.java:<init>(177)) - Entering startup safe mode.
2024-06-22 13:31:42,612 [main] INFO  algorithms.ContainerPlacementPolicyFactory (ContainerPlacementPolicyFactory.java:getPolicyInternal(86)) - Create container placement policy of type org.apache.hadoop.hdds.scm.container.placement.algorithms.SCMContainerPlacementRackAware
2024-06-22 13:31:42,615 [main] INFO  algorithms.ContainerPlacementPolicyFactory (ContainerPlacementPolicyFactory.java:getPolicyInternal(86)) - Create container placement policy of type org.apache.hadoop.hdds.scm.container.placement.algorithms.SCMContainerPlacementRackScatter
2024-06-22 13:31:42,624 [main] INFO  pipeline.PipelineStateManagerImpl (PipelineStateManagerImpl.java:initialize(78)) - No pipeline exists in current db
2024-06-22 13:31:42,637 [main] INFO  algorithms.LeaderChoosePolicyFactory (LeaderChoosePolicyFactory.java:getPolicy(57)) - Create leader choose policy of type org.apache.hadoop.hdds.scm.pipeline.leader.choose.algorithms.MinLeaderCountChoosePolicy
2024-06-22 13:31:42,638 [main] INFO  algorithms.ContainerPlacementPolicyFactory (ContainerPlacementPolicyFactory.java:getPolicyInternal(86)) - Create container placement policy of type org.apache.hadoop.hdds.scm.container.placement.algorithms.SCMContainerPlacementRackScatter
2024-06-22 13:31:42,644 [main] INFO  ha.SCMServiceManager (SCMServiceManager.java:register(42)) - Registering service BackgroundPipelineCreator.
2024-06-22 13:31:42,645 [main] INFO  pipeline.BackgroundPipelineCreator (BackgroundPipelineCreator.java:start(127)) - Starting RatisPipelineUtilsThread.
2024-06-22 13:31:42,649 [main] INFO  BackgroundPipelineScrubber (BackgroundSCMService.java:start(65)) - Starting BackgroundPipelineScrubber Service.
2024-06-22 13:31:42,650 [main] INFO  ha.SCMServiceManager (SCMServiceManager.java:register(42)) - Registering service BackgroundPipelineScrubber.
2024-06-22 13:31:42,656 [main] INFO  ExpiredContainerReplicaOpScrubber (BackgroundSCMService.java:start(65)) - Starting ExpiredContainerReplicaOpScrubber Service.
2024-06-22 13:31:42,657 [main] INFO  ha.SCMServiceManager (SCMServiceManager.java:register(42)) - Registering service ExpiredContainerReplicaOpScrubber.
2024-06-22 13:31:42,678 [main] INFO  algorithms.PipelineChoosePolicyFactory (PipelineChoosePolicyFactory.java:createPipelineChoosePolicyFromClass(80)) - Create pipeline choose policy of type org.apache.hadoop.hdds.scm.pipeline.choose.algorithms.RandomPipelineChoosePolicy
2024-06-22 13:31:42,679 [main] INFO  algorithms.PipelineChoosePolicyFactory (PipelineChoosePolicyFactory.java:createPipelineChoosePolicyFromClass(80)) - Create pipeline choose policy of type org.apache.hadoop.hdds.scm.pipeline.choose.algorithms.RandomPipelineChoosePolicy
2024-06-22 13:31:42,702 [main] INFO  ha.SCMServiceManager (SCMServiceManager.java:register(42)) - Registering service SCMBlockDeletingService.
2024-06-22 13:31:42,768 [main] INFO  replication.ReplicationManager (ReplicationManager.java:start(296)) - Starting Replication Monitor Thread.
2024-06-22 13:31:42,770 [main] INFO  ha.SCMServiceManager (SCMServiceManager.java:register(42)) - Registering service ReplicationManager.
2024-06-22 13:31:42,770 [ReplicationMonitor] INFO  replication.ReplicationManager (ReplicationManager.java:processAll(373)) - Replication Manager is not ready to run until 3000ms after safemode exit
2024-06-22 13:31:42,779 [main] INFO  safemode.ContainerSafeModeRule (ContainerSafeModeRule.java:<init>(91)) - containers with one replica threshold count 0
2024-06-22 13:31:42,783 [main] INFO  safemode.HealthyPipelineSafeModeRule (HealthyPipelineSafeModeRule.java:initializeRule(176)) - Total pipeline count is 0, healthy pipeline threshold count is 1
2024-06-22 13:31:42,785 [main] INFO  safemode.OneReplicaPipelineSafeModeRule (OneReplicaPipelineSafeModeRule.java:initializeRule(193)) - Total pipeline count is 0, pipeline's with at least one datanode reported threshold count is 0
2024-06-22 13:31:42,850 [main] INFO  server.StorageContainerManager (StorageContainerManager.java:<init>(440)) - SCM start with adminUsers: [runner]
2024-06-22 13:31:43,127 [main] INFO  audit.AuditLogger (AuditLogger.java:refreshDebugCmdSet(135)) - Refresh DebugCmdSet for SCMAudit to [].
2024-06-22 13:31:43,157 [main] INFO  ipc.CallQueueManager (CallQueueManager.java:<init>(90)) - Using callQueue: class java.util.concurrent.LinkedBlockingQueue, queueCapacity: 10000, scheduler: class org.apache.hadoop.ipc.DefaultRpcScheduler, ipcBackoff: false.
2024-06-22 13:31:43,187 [main] INFO  ipc.Server (Server.java:<init>(1287)) - Listener at 0.0.0.0:15002
2024-06-22 13:31:43,190 [Socket Reader #1 for port 15002] INFO  ipc.Server (Server.java:run(1323)) - Starting Socket Reader #1 for port 15002
2024-06-22 13:31:43,256 [main] INFO  audit.AuditLogger (AuditLogger.java:refreshDebugCmdSet(135)) - Refresh DebugCmdSet for SCMAudit to [].
2024-06-22 13:31:43,262 [main] INFO  ipc.CallQueueManager (CallQueueManager.java:<init>(90)) - Using callQueue: class java.util.concurrent.LinkedBlockingQueue, queueCapacity: 10000, scheduler: class org.apache.hadoop.ipc.DefaultRpcScheduler, ipcBackoff: false.
2024-06-22 13:31:43,263 [main] INFO  ipc.Server (Server.java:<init>(1287)) - Listener at 0.0.0.0:15001
2024-06-22 13:31:43,263 [Socket Reader #1 for port 15001] INFO  ipc.Server (Server.java:run(1323)) - Starting Socket Reader #1 for port 15001
2024-06-22 13:31:43,304 [main] INFO  audit.AuditLogger (AuditLogger.java:refreshDebugCmdSet(135)) - Refresh DebugCmdSet for SCMAudit to [].
2024-06-22 13:31:43,314 [main] INFO  ipc.CallQueueManager (CallQueueManager.java:<init>(90)) - Using callQueue: class java.util.concurrent.LinkedBlockingQueue, queueCapacity: 10000, scheduler: class org.apache.hadoop.ipc.DefaultRpcScheduler, ipcBackoff: false.
2024-06-22 13:31:43,315 [main] INFO  ipc.Server (Server.java:<init>(1287)) - Listener at 0.0.0.0:15000
2024-06-22 13:31:43,316 [Socket Reader #1 for port 15000] INFO  ipc.Server (Server.java:run(1323)) - Starting Socket Reader #1 for port 15000
2024-06-22 13:31:43,403 [main] INFO  ha.SCMServiceManager (SCMServiceManager.java:register(42)) - Registering service ContainerBalancer.
2024-06-22 13:31:43,404 [main] INFO  ha.SCMContext (SCMContext.java:updateSafeModeStatus(225)) - Update SafeModeStatus from SafeModeStatus{safeModeStatus=true, preCheckPassed=false} to SafeModeStatus{safeModeStatus=true, preCheckPassed=false}.
2024-06-22 13:31:43,409 [main] INFO  server.StorageContainerManager (StorageContainerManager.java:start(1538)) - StorageContainerLocationProtocol RPC server is listening at /0.0.0.0:15000
2024-06-22 13:31:43,469 [main] WARN  impl.MetricsConfig (MetricsConfig.java:loadFirst(136)) - Cannot locate configuration: tried hadoop-metrics2-storagecontainermanager.properties,hadoop-metrics2.properties
2024-06-22 13:31:43,481 [main] INFO  impl.MetricsSystemImpl (MetricsSystemImpl.java:startTimer(378)) - Scheduled Metric snapshot period at 10 second(s).
2024-06-22 13:31:43,481 [main] INFO  impl.MetricsSystemImpl (MetricsSystemImpl.java:start(191)) - StorageContainerManager metrics system started
2024-06-22 13:31:43,739 [main] INFO  server.SCMClientProtocolServer (SCMClientProtocolServer.java:start(204)) - RPC server for Client  is listening at /0.0.0.0:15000
2024-06-22 13:31:43,740 [IPC Server Responder] INFO  ipc.Server (Server.java:run(1562)) - IPC Server Responder: starting
2024-06-22 13:31:43,741 [IPC Server listener on 15000] INFO  ipc.Server (Server.java:run(1402)) - IPC Server listener on 15000: starting
2024-06-22 13:31:43,771 [ReplicationMonitor] INFO  replication.ReplicationManager (ReplicationManager.java:processAll(373)) - Replication Manager is not ready to run until 3000ms after safemode exit
2024-06-22 13:31:43,801 [main] INFO  server.StorageContainerManager (StorageContainerManager.java:start(1551)) - ScmBlockLocationProtocol RPC server is listening at /0.0.0.0:15001
2024-06-22 13:31:43,802 [main] INFO  server.SCMBlockProtocolServer (SCMBlockProtocolServer.java:start(167)) - RPC server for Block Protocol is listening at /0.0.0.0:15001
2024-06-22 13:31:43,804 [IPC Server Responder] INFO  ipc.Server (Server.java:run(1562)) - IPC Server Responder: starting
2024-06-22 13:31:43,805 [IPC Server listener on 15001] INFO  ipc.Server (Server.java:run(1402)) - IPC Server listener on 15001: starting
2024-06-22 13:31:43,828 [main] INFO  server.SCMDatanodeProtocolServer (SCMDatanodeProtocolServer.java:start(194)) - ScmDatanodeProtocol RPC server for DataNodes is listening at /0.0.0.0:15002
2024-06-22 13:31:43,830 [IPC Server Responder] INFO  ipc.Server (Server.java:run(1562)) - IPC Server Responder: starting
2024-06-22 13:31:43,831 [IPC Server listener on 15002] INFO  ipc.Server (Server.java:run(1402)) - IPC Server listener on 15002: starting
2024-06-22 13:31:43,852 [JvmPauseMonitor0] INFO  util.JvmPauseMonitor (JvmPauseMonitor.java:run(146)) - JvmPauseMonitor-698ffdc4-bdb1-423c-a0c1-20aa69ae6712: Started
2024-06-22 13:31:43,862 [main] INFO  http.BaseHttpServer (BaseHttpServer.java:newHttpServer2BuilderForOzone(223)) - Starting Web-server for scm at: http://0.0.0.0:15003
2024-06-22 13:31:43,863 [main] INFO  http.BaseHttpServer (BaseHttpServer.java:<init>(110)) - Hadoop Security Enabled: false Ozone Security Enabled: false Ozone HTTP Security Enabled: false 
2024-06-22 13:31:43,887 [main] INFO  util.log (Log.java:initialized(170)) - Logging initialized @5275ms to org.eclipse.jetty.util.log.Slf4jLog
2024-06-22 13:31:43,958 [main] WARN  server.AuthenticationFilter (AuthenticationFilter.java:constructSecretProvider(240)) - Unable to initialize FileSignerSecretProvider, falling back to use random secrets. Reason: Could not read signature secret file: /home/runner/hadoop-http-auth-signature-secret
2024-06-22 13:31:43,963 [main] INFO  http.HttpRequestLog (HttpRequestLog.java:getRequestLog(86)) - Http request log for http.requests.scm is not defined
2024-06-22 13:31:43,969 [main] INFO  http.HttpServer2 (HttpServer2.java:addGlobalFilter(1036)) - Added global filter 'safety' (class=org.apache.hadoop.hdds.server.http.HttpServer2$QuotingInputFilter)
2024-06-22 13:31:43,972 [main] INFO  http.HttpServer2 (HttpServer2.java:addFilter(1012)) - Added filter static_user_filter (class=org.apache.hadoop.http.lib.StaticUserWebFilter$StaticUserFilter) to context scm
2024-06-22 13:31:43,972 [main] INFO  http.HttpServer2 (HttpServer2.java:addFilter(1020)) - Added filter static_user_filter (class=org.apache.hadoop.http.lib.StaticUserWebFilter$StaticUserFilter) to context static
2024-06-22 13:31:43,972 [main] INFO  http.HttpServer2 (HttpServer2.java:addFilter(1020)) - Added filter static_user_filter (class=org.apache.hadoop.http.lib.StaticUserWebFilter$StaticUserFilter) to context logs
2024-06-22 13:31:43,998 [main] INFO  http.BaseHttpServer (BaseHttpServer.java:<init>(189)) - HTTP server of scm uses base directory /home/runner/work/ozone/ozone/hadoop-ozone/integration-test/target/test-dir/MiniOzoneClusterImpl-ed78929e-9b9e-4304-bdcd-e93070d12e9d/ozone-meta/webserver
2024-06-22 13:31:43,999 [main] INFO  http.HttpServer2 (HttpServer2.java:bindListener(1236)) - Jetty bound to port 15003
2024-06-22 13:31:44,000 [main] INFO  server.Server (Server.java:doStart(375)) - jetty-9.4.54.v20240208; built: 2024-02-08T19:42:39.027Z; git: cef3fbd6d736a21e7d541a5db490381d95a2047d; jvm 17.0.11+9
2024-06-22 13:31:44,018 [main] INFO  server.session (DefaultSessionIdManager.java:doStart(334)) - DefaultSessionIdManager workerName=node0
2024-06-22 13:31:44,018 [main] INFO  server.session (DefaultSessionIdManager.java:doStart(339)) - No SessionScavenger set, using defaults
2024-06-22 13:31:44,020 [main] INFO  server.session (HouseKeeper.java:startScavenging(132)) - node0 Scavenging every 600000ms
2024-06-22 13:31:44,028 [main] INFO  handler.ContextHandler (ContextHandler.java:doStart(921)) - Started o.e.j.s.ServletContextHandler@291522f1{logs,/logs,file:///home/runner/work/ozone/ozone/hadoop-ozone/integration-test/target/log,AVAILABLE}
2024-06-22 13:31:44,029 [main] INFO  handler.ContextHandler (ContextHandler.java:doStart(921)) - Started o.e.j.s.ServletContextHandler@222a7429{static,/static,file:///home/runner/work/ozone/ozone/hadoop-ozone/integration-test/target/test-classes/webapps/static,AVAILABLE}
2024-06-22 13:31:44,063 [main] INFO  handler.ContextHandler (ContextHandler.java:doStart(921)) - Started o.e.j.w.WebAppContext@1fc4b8d6{scm,/,file:///home/runner/work/ozone/ozone/hadoop-ozone/integration-test/target/test-classes/webapps/scm/,AVAILABLE}{file:/home/runner/work/ozone/ozone/hadoop-ozone/integration-test/target/test-classes/webapps/scm}
2024-06-22 13:31:44,069 [main] INFO  server.AbstractConnector (AbstractConnector.java:doStart(333)) - Started ServerConnector@63d14dbf{HTTP/1.1, (http/1.1)}{0.0.0.0:15003}
2024-06-22 13:31:44,070 [main] INFO  server.Server (Server.java:doStart(415)) - Started @5458ms
2024-06-22 13:31:44,073 [main] INFO  impl.MetricsSinkAdapter (MetricsSinkAdapter.java:start(204)) - Sink prometheus started
2024-06-22 13:31:44,073 [main] INFO  impl.MetricsSystemImpl (MetricsSystemImpl.java:registerSink(305)) - Registered sink prometheus
2024-06-22 13:31:44,074 [main] INFO  http.BaseHttpServer (BaseHttpServer.java:updateConnectorAddress(354)) - HTTP server of scm listening at http://0.0.0.0:15003
2024-06-22 13:31:44,077 [main] WARN  server.ServerUtils (ServerUtils.java:getDBPath(299)) - ozone.om.db.dirs is not configured. We recommend adding this setting. Falling back to ozone.metadata.dirs instead.
2024-06-22 13:31:44,135 [main] INFO  audit.AuditLogger (AuditLogger.java:refreshDebugCmdSet(135)) - Refresh DebugCmdSet for OMAudit to [].
2024-06-22 13:31:44,192 [main] INFO  ha.OMHANodeDetails (OMHANodeDetails.java:loadOMHAConfig(115)) - ozone.om.internal.service.id is not defined, falling back to ozone.om.service.ids to find serviceID for OzoneManager if it is HA enabled cluster
2024-06-22 13:31:44,195 [main] INFO  ha.OMHANodeDetails (OMHANodeDetails.java:loadOMHAConfig(226)) - Configuration does not have ozone.om.address set. Falling back to the default OM address /127.0.0.1:15004
2024-06-22 13:31:44,196 [main] INFO  ha.OMHANodeDetails (OMHANodeDetails.java:getOMNodeDetailsForNonHA(254)) - OM Service ID is not set. Setting it to the default ID: omServiceIdDefault
2024-06-22 13:31:44,196 [main] INFO  ha.OMHANodeDetails (OMHANodeDetails.java:getOMNodeDetailsForNonHA(261)) - OM Node ID is not set. Setting it to the default ID: om1
2024-06-22 13:31:44,199 [main] WARN  server.ServerUtils (ServerUtils.java:getDBPath(299)) - ozone.om.db.dirs is not configured. We recommend adding this setting. Falling back to ozone.metadata.dirs instead.
2024-06-22 13:31:44,203 [main] INFO  upgrade.AbstractLayoutVersionManager (AbstractLayoutVersionManager.java:init(83)) - Initializing Layout version manager with metadata layout = QUOTA (version = 6), software layout = QUOTA (version = 6)
2024-06-22 13:31:44,275 [main] INFO  reflections.Reflections (Reflections.java:scan(219)) - Reflections took 70 ms to scan 2 urls, producing 188 keys and 545 values
2024-06-22 13:31:44,279 [main] INFO  upgrade.OMLayoutVersionManager (OMLayoutVersionManager.java:lambda$0(113)) - Skipping Upgrade Action QuotaRepairUpgradeAction since it has been finalized.
2024-06-22 13:31:44,280 [main] INFO  upgrade.OMLayoutVersionManager (OMLayoutVersionManager.java:lambda$0(113)) - Skipping Upgrade Action MockOmUpgradeAction since it has been finalized.
2024-06-22 13:31:44,282 [main] WARN  server.ServerUtils (ServerUtils.java:getDBPath(299)) - ozone.om.db.dirs is not configured. We recommend adding this setting. Falling back to ozone.metadata.dirs instead.
2024-06-22 13:31:44,414 [main] INFO  proxy.SCMBlockLocationFailoverProxyProvider (SCMBlockLocationFailoverProxyProvider.java:<init>(115)) - Created block location fail-over proxy with 1 nodes: [nodeId=scmNodeId,nodeAddress=/0.0.0.0:15001]
2024-06-22 13:31:44,442 [main] INFO  proxy.SCMBlockLocationFailoverProxyProvider (SCMBlockLocationFailoverProxyProvider.java:<init>(115)) - Created block location fail-over proxy with 1 nodes: [nodeId=scmNodeId,nodeAddress=/0.0.0.0:15001]
2024-06-22 13:31:44,618 [main] INFO  om.OzoneManager (OzoneManager.java:<init>(678)) - OM start with adminUsers: [runner]
2024-06-22 13:31:44,639 [main] WARN  server.ServerUtils (ServerUtils.java:getDBPath(299)) - ozone.om.db.dirs is not configured. We recommend adding this setting. Falling back to ozone.metadata.dirs instead.
2024-06-22 13:31:44,672 [main] INFO  helpers.OmKeyInfo (OmKeyInfo.java:getCodec(72)) - OmKeyInfo.getCodec ignorePipeline = true
2024-06-22 13:31:44,771 [ReplicationMonitor] INFO  replication.ReplicationManager (ReplicationManager.java:processAll(373)) - Replication Manager is not ready to run until 3000ms after safemode exit
2024-06-22 13:31:44,995 [main] INFO  om.OzoneManager (OzoneManager.java:instantiateServices(812)) - S3 Multi-Tenancy is disabled
2024-06-22 13:31:45,029 [main] INFO  om.OmSnapshotManager (OmSnapshotManager.java:<init>(179)) - Ozone filesystem snapshot feature is enabled.
2024-06-22 13:31:45,037 [main] WARN  server.ServerUtils (ServerUtils.java:getDBPath(299)) - ozone.om.snapshot.diff.db.dir is not configured. We recommend adding this setting. Falling back to ozone.metadata.dirs instead.
2024-06-22 13:31:45,074 [main] INFO  utils.NativeLibraryLoader (NativeLibraryLoader.java:loadLibrary(111)) - Loading Library: ozone_rocksdb_tools
2024-06-22 13:31:45,076 [main] ERROR snapshot.SnapshotDiffManager (SnapshotDiffManager.java:initNativeLibraryForEfficientDiff(287)) - Native Library for raw sst file reading loading failed.
org.apache.hadoop.hdds.utils.NativeLibraryNotLoadedException: Unable to load library ozone_rocksdb_tools from both java.library.path & resource file libozone_rocksdb_tools.so from jar.
	at org.apache.hadoop.hdds.utils.db.managed.ManagedRawSSTFileReader.loadLibrary(ManagedRawSSTFileReader.java:40)
	at org.apache.hadoop.ozone.om.snapshot.SnapshotDiffManager.initNativeLibraryForEfficientDiff(SnapshotDiffManager.java:285)
	at org.apache.hadoop.ozone.om.snapshot.SnapshotDiffManager.<init>(SnapshotDiffManager.java:259)
	at org.apache.hadoop.ozone.om.OmSnapshotManager.<init>(OmSnapshotManager.java:286)
	at org.apache.hadoop.ozone.om.OzoneManager.instantiateServices(OzoneManager.java:864)
	at org.apache.hadoop.ozone.om.OzoneManager.<init>(OzoneManager.java:688)
	at org.apache.hadoop.ozone.om.OzoneManager.createOm(OzoneManager.java:775)
	at org.apache.hadoop.ozone.MiniOzoneClusterImpl$Builder.createOM(MiniOzoneClusterImpl.java:689)
	at org.apache.hadoop.ozone.MiniOzoneClusterImpl$Builder.createAndStartSingleOM(MiniOzoneClusterImpl.java:673)
	at org.apache.hadoop.ozone.MiniOzoneClusterImpl$Builder.build(MiniOzoneClusterImpl.java:535)
	at org.apache.hadoop.ozone.container.TestContainerReplication.testECContainerReplication(TestContainerReplication.java:302)
	at java.base/jdk.internal.reflect.NativeMethodAccessorImpl.invoke0(Native Method)
	at java.base/jdk.internal.reflect.NativeMethodAccessorImpl.invoke(NativeMethodAccessorImpl.java:77)
	at java.base/jdk.internal.reflect.DelegatingMethodAccessorImpl.invoke(DelegatingMethodAccessorImpl.java:43)
	at java.base/java.lang.reflect.Method.invoke(Method.java:568)
	at org.junit.platform.commons.util.ReflectionUtils.invokeMethod(ReflectionUtils.java:728)
	at org.junit.jupiter.engine.execution.MethodInvocation.proceed(MethodInvocation.java:60)
	at org.junit.jupiter.engine.execution.InvocationInterceptorChain$ValidatingInvocation.proceed(InvocationInterceptorChain.java:131)
	at org.junit.jupiter.engine.extension.SameThreadTimeoutInvocation.proceed(SameThreadTimeoutInvocation.java:45)
	at org.junit.jupiter.engine.extension.TimeoutExtension.intercept(TimeoutExtension.java:156)
	at org.junit.jupiter.engine.extension.TimeoutExtension.interceptTestableMethod(TimeoutExtension.java:147)
	at org.junit.jupiter.engine.extension.TimeoutExtension.interceptTestMethod(TimeoutExtension.java:86)
	at org.junit.jupiter.engine.execution.InterceptingExecutableInvoker$ReflectiveInterceptorCall.lambda$ofVoidMethod$0(InterceptingExecutableInvoker.java:103)
	at org.junit.jupiter.engine.execution.InterceptingExecutableInvoker.lambda$invoke$0(InterceptingExecutableInvoker.java:93)
	at org.junit.jupiter.engine.execution.InvocationInterceptorChain$InterceptedInvocation.proceed(InvocationInterceptorChain.java:106)
	at org.junit.jupiter.engine.execution.InvocationInterceptorChain.proceed(InvocationInterceptorChain.java:64)
	at org.junit.jupiter.engine.execution.InvocationInterceptorChain.chainAndInvoke(InvocationInterceptorChain.java:45)
	at org.junit.jupiter.engine.execution.InvocationInterceptorChain.invoke(InvocationInterceptorChain.java:37)
	at org.junit.jupiter.engine.execution.InterceptingExecutableInvoker.invoke(InterceptingExecutableInvoker.java:92)
	at org.junit.jupiter.engine.execution.InterceptingExecutableInvoker.invoke(InterceptingExecutableInvoker.java:86)
	at org.junit.jupiter.engine.descriptor.TestMethodTestDescriptor.lambda$invokeTestMethod$7(TestMethodTestDescriptor.java:218)
	at org.junit.platform.engine.support.hierarchical.ThrowableCollector.execute(ThrowableCollector.java:73)
	at org.junit.jupiter.engine.descriptor.TestMethodTestDescriptor.invokeTestMethod(TestMethodTestDescriptor.java:214)
	at org.junit.jupiter.engine.descriptor.TestMethodTestDescriptor.execute(TestMethodTestDescriptor.java:139)
	at org.junit.jupiter.engine.descriptor.TestMethodTestDescriptor.execute(TestMethodTestDescriptor.java:69)
	at org.junit.platform.engine.support.hierarchical.NodeTestTask.lambda$executeRecursively$6(NodeTestTask.java:151)
	at org.junit.platform.engine.support.hierarchical.ThrowableCollector.execute(ThrowableCollector.java:73)
	at org.junit.platform.engine.support.hierarchical.NodeTestTask.lambda$executeRecursively$8(NodeTestTask.java:141)
	at org.junit.platform.engine.support.hierarchical.Node.around(Node.java:137)
	at org.junit.platform.engine.support.hierarchical.NodeTestTask.lambda$executeRecursively$9(NodeTestTask.java:139)
	at org.junit.platform.engine.support.hierarchical.ThrowableCollector.execute(ThrowableCollector.java:73)
	at org.junit.platform.engine.support.hierarchical.NodeTestTask.executeRecursively(NodeTestTask.java:138)
	at org.junit.platform.engine.support.hierarchical.NodeTestTask.execute(NodeTestTask.java:95)
	at java.base/java.util.ArrayList.forEach(ArrayList.java:1511)
	at org.junit.platform.engine.support.hierarchical.SameThreadHierarchicalTestExecutorService.invokeAll(SameThreadHierarchicalTestExecutorService.java:41)
	at org.junit.platform.engine.support.hierarchical.NodeTestTask.lambda$executeRecursively$6(NodeTestTask.java:155)
	at org.junit.platform.engine.support.hierarchical.ThrowableCollector.execute(ThrowableCollector.java:73)
	at org.junit.platform.engine.support.hierarchical.NodeTestTask.lambda$executeRecursively$8(NodeTestTask.java:141)
	at org.junit.platform.engine.support.hierarchical.Node.around(Node.java:137)
	at org.junit.platform.engine.support.hierarchical.NodeTestTask.lambda$executeRecursively$9(NodeTestTask.java:139)
	at org.junit.platform.engine.support.hierarchical.ThrowableCollector.execute(ThrowableCollector.java:73)
	at org.junit.platform.engine.support.hierarchical.NodeTestTask.executeRecursively(NodeTestTask.java:138)
	at org.junit.platform.engine.support.hierarchical.NodeTestTask.execute(NodeTestTask.java:95)
	at java.base/java.util.ArrayList.forEach(ArrayList.java:1511)
	at org.junit.platform.engine.support.hierarchical.SameThreadHierarchicalTestExecutorService.invokeAll(SameThreadHierarchicalTestExecutorService.java:41)
	at org.junit.platform.engine.support.hierarchical.NodeTestTask.lambda$executeRecursively$6(NodeTestTask.java:155)
	at org.junit.platform.engine.support.hierarchical.ThrowableCollector.execute(ThrowableCollector.java:73)
	at org.junit.platform.engine.support.hierarchical.NodeTestTask.lambda$executeRecursively$8(NodeTestTask.java:141)
	at org.junit.platform.engine.support.hierarchical.Node.around(Node.java:137)
	at org.junit.platform.engine.support.hierarchical.NodeTestTask.lambda$executeRecursively$9(NodeTestTask.java:139)
	at org.junit.platform.engine.support.hierarchical.ThrowableCollector.execute(ThrowableCollector.java:73)
	at org.junit.platform.engine.support.hierarchical.NodeTestTask.executeRecursively(NodeTestTask.java:138)
	at org.junit.platform.engine.support.hierarchical.NodeTestTask.execute(NodeTestTask.java:95)
	at org.junit.platform.engine.support.hierarchical.SameThreadHierarchicalTestExecutorService.submit(SameThreadHierarchicalTestExecutorService.java:35)
	at org.junit.platform.engine.support.hierarchical.HierarchicalTestExecutor.execute(HierarchicalTestExecutor.java:57)
	at org.junit.platform.engine.support.hierarchical.HierarchicalTestEngine.execute(HierarchicalTestEngine.java:54)
	at org.junit.platform.launcher.core.EngineExecutionOrchestrator.execute(EngineExecutionOrchestrator.java:198)
	at org.junit.platform.launcher.core.EngineExecutionOrchestrator.execute(EngineExecutionOrchestrator.java:169)
	at org.junit.platform.launcher.core.EngineExecutionOrchestrator.execute(EngineExecutionOrchestrator.java:93)
	at org.junit.platform.launcher.core.EngineExecutionOrchestrator.lambda$execute$0(EngineExecutionOrchestrator.java:58)
	at org.junit.platform.launcher.core.EngineExecutionOrchestrator.withInterceptedStreams(EngineExecutionOrchestrator.java:141)
	at org.junit.platform.launcher.core.EngineExecutionOrchestrator.execute(EngineExecutionOrchestrator.java:57)
	at org.junit.platform.launcher.core.DefaultLauncher.execute(DefaultLauncher.java:103)
	at org.junit.platform.launcher.core.DefaultLauncher.execute(DefaultLauncher.java:85)
	at org.junit.platform.launcher.core.DelegatingLauncher.execute(DelegatingLauncher.java:47)
	at org.junit.platform.launcher.core.SessionPerRequestLauncher.execute(SessionPerRequestLauncher.java:63)
	at org.apache.maven.surefire.junitplatform.JUnitPlatformProvider.invokeAllTests(JUnitPlatformProvider.java:154)
	at org.apache.maven.surefire.junitplatform.JUnitPlatformProvider.invoke(JUnitPlatformProvider.java:123)
	at org.apache.maven.surefire.booter.ForkedBooter.runSuitesInProcess(ForkedBooter.java:377)
	at org.apache.maven.surefire.booter.ForkedBooter.execute(ForkedBooter.java:138)
	at org.apache.maven.surefire.booter.ForkedBooter.run(ForkedBooter.java:465)
	at org.apache.maven.surefire.booter.ForkedBooter.main(ForkedBooter.java:451)
2024-06-22 13:31:45,140 [main] INFO  om.OzoneManager (OzoneManager.java:addS3GVolumeToDB(4463)) - Created Volume s3v With Owner runner required for S3Gateway operations.
2024-06-22 13:31:45,204 [main] WARN  server.ServerUtils (ServerUtils.java:getDefaultRatisDirectory(311)) - Storage directory for Ratis is not configured. It is a good idea to map this to an SSD disk. Falling back to ozone.metadata.dirs
2024-06-22 13:31:45,205 [main] WARN  utils.OzoneManagerRatisUtils (OzoneManagerRatisUtils.java:getOMRatisSnapshotDirectory(476)) - ozone.om.ratis.snapshot.dir is not configured. Falling back to ozone.metadata.dirs config
2024-06-22 13:31:45,215 [main] WARN  server.ServerUtils (ServerUtils.java:getDefaultRatisDirectory(311)) - Storage directory for Ratis is not configured. It is a good idea to map this to an SSD disk. Falling back to ozone.metadata.dirs
2024-06-22 13:31:45,240 [main] INFO  ratis.OzoneManagerRatisServer (OzoneManagerRatisServer.java:<init>(168)) - Instantiating OM Ratis server with groupID: omServiceIdDefault and peers: localhost:15007
2024-06-22 13:31:45,254 [main] INFO  ratis.OzoneManagerStateMachine (OzoneManagerStateMachine.java:loadSnapshotInfoFromDB(589)) - TransactionInfo not found in OM DB.
2024-06-22 13:31:45,321 [main] INFO  server.RaftServer (ConfUtils.java:logGet(46)) - raft.rpc.type = GRPC (default)
2024-06-22 13:31:45,328 [main] INFO  grpc.GrpcConfigKeys (ConfUtils.java:logFallback(53)) - raft.grpc.admin.host = null (fallback to raft.grpc.server.host)
2024-06-22 13:31:45,329 [main] INFO  grpc.GrpcConfigKeys (ConfUtils.java:logFallback(53)) - raft.grpc.admin.port = 15007 (fallback to raft.grpc.server.port)
2024-06-22 13:31:45,330 [main] INFO  grpc.GrpcConfigKeys (ConfUtils.java:logFallback(53)) - raft.grpc.client.host = null (fallback to raft.grpc.server.host)
2024-06-22 13:31:45,330 [main] INFO  grpc.GrpcConfigKeys (ConfUtils.java:logFallback(53)) - raft.grpc.client.port = 15007 (fallback to raft.grpc.server.port)
2024-06-22 13:31:45,330 [main] INFO  grpc.GrpcConfigKeys (ConfUtils.java:logGet(46)) - raft.grpc.server.host = null (default)
2024-06-22 13:31:45,331 [main] INFO  grpc.GrpcConfigKeys (ConfUtils.java:logGet(46)) - raft.grpc.server.port = 15007 (custom)
2024-06-22 13:31:45,331 [main] INFO  server.GrpcService (ConfUtils.java:logGet(46)) - raft.grpc.message.size.max = 4194304 (custom)
2024-06-22 13:31:45,332 [main] INFO  server.RaftServerConfigKeys (ConfUtils.java:logGet(46)) - raft.server.log.appender.buffer.byte-limit = 4194304 (custom)
2024-06-22 13:31:45,332 [main] INFO  server.GrpcService (ConfUtils.java:logGet(46)) - raft.grpc.flow.control.window = 1MB (=1048576) (default)
2024-06-22 13:31:45,333 [main] INFO  server.RaftServerConfigKeys (ConfUtils.java:logGet(46)) - raft.server.rpc.request.timeout = 3000ms (default)
2024-06-22 13:31:45,340 [main] INFO  grpc.GrpcConfigKeys (ConfUtils.java:logGet(46)) - raft.grpc.server.heartbeat.channel = true (default)
2024-06-22 13:31:45,343 [main] INFO  grpc.GrpcConfigKeys (ConfUtils.java:logGet(46)) - raft.grpc.server.async.request.thread.pool.cached = true (default)
2024-06-22 13:31:45,343 [main] INFO  grpc.GrpcConfigKeys (ConfUtils.java:logGet(46)) - raft.grpc.server.async.request.thread.pool.size = 32 (default)
2024-06-22 13:31:45,482 [main] INFO  impl.DataStreamServerImpl (ConfUtils.java:logGet(46)) - raft.datastream.type = DISABLED (default)
2024-06-22 13:31:45,484 [main] INFO  server.RaftServerConfigKeys (ConfUtils.java:logGet(46)) - raft.server.sleep.deviation.threshold = 300ms (default)
2024-06-22 13:31:45,485 [main] INFO  server.RaftServerConfigKeys (ConfUtils.java:logGet(46)) - raft.server.close.threshold = 60s (default)
2024-06-22 13:31:45,485 [main] INFO  server.RaftServerConfigKeys (ConfUtils.java:logGet(46)) - raft.server.leaderelection.leader.step-down.wait-time = 10s (default)
2024-06-22 13:31:45,486 [main] INFO  server.RaftServerConfigKeys (ConfUtils.java:logGet(46)) - raft.server.storage.dir = [/home/runner/work/ozone/ozone/hadoop-ozone/integration-test/target/test-dir/MiniOzoneClusterImpl-ed78929e-9b9e-4304-bdcd-e93070d12e9d/ozone-meta/ratis] (custom)
2024-06-22 13:31:45,487 [main] INFO  server.RaftServerConfigKeys (ConfUtils.java:logGet(46)) - raft.server.threadpool.proxy.cached = true (default)
2024-06-22 13:31:45,487 [main] INFO  server.RaftServerConfigKeys (ConfUtils.java:logGet(46)) - raft.server.threadpool.proxy.size = 0 (default)
2024-06-22 13:31:45,493 [main] INFO  server.RaftServer (RaftServerProxy.java:addNew(100)) - om1: addNew group-C5BA1605619E:[om1|localhost:15007] returns group-C5BA1605619E:java.util.concurrent.CompletableFuture@3fc378f2[Not completed]
2024-06-22 13:31:45,493 [main] INFO  om.OzoneManager (OzoneManager.java:initializeRatisServer(2168)) - OzoneManager Ratis server initialized at port 15007
2024-06-22 13:31:45,496 [main] INFO  om.OzoneManager (OzoneManager.java:getRpcServer(1228)) - Creating RPC Server
2024-06-22 13:31:45,506 [om1-groupManagement] INFO  server.RaftServer$Division (RaftServerImpl.java:<init>(256)) - om1: new RaftServerImpl for group-C5BA1605619E:[om1|localhost:15007] with OzoneManagerStateMachine:uninitialized
2024-06-22 13:31:45,508 [om1-groupManagement] INFO  server.RaftServerConfigKeys (ConfUtils.java:logGet(46)) - raft.server.rpc.timeout.min = 1s (custom)
2024-06-22 13:31:45,508 [om1-groupManagement] INFO  server.RaftServerConfigKeys (ConfUtils.java:logGet(46)) - raft.server.rpc.timeout.max = 1200ms (custom)
2024-06-22 13:31:45,508 [om1-groupManagement] INFO  server.RaftServerConfigKeys (ConfUtils.java:logGet(46)) - raft.server.rpc.sleep.time = 25ms (default)
2024-06-22 13:31:45,508 [om1-groupManagement] INFO  server.RaftServerConfigKeys (ConfUtils.java:logGet(46)) - raft.server.rpc.slowness.timeout = 120s (custom)
2024-06-22 13:31:45,509 [om1-groupManagement] INFO  server.RaftServerConfigKeys (ConfUtils.java:logGet(46)) - raft.server.leaderelection.leader.step-down.wait-time = 10s (default)
2024-06-22 13:31:45,509 [om1-groupManagement] INFO  server.RaftServerConfigKeys (ConfUtils.java:logGet(46)) - raft.server.leaderelection.member.majority-add = false (default)
2024-06-22 13:31:45,509 [om1-groupManagement] INFO  server.RaftServerConfigKeys (ConfUtils.java:logGet(46)) - raft.server.sleep.deviation.threshold = 300ms (default)
2024-06-22 13:31:45,515 [om1-groupManagement] INFO  server.RaftServer$Division (ServerState.java:<init>(113)) - om1@group-C5BA1605619E: ConfigurationManager, init=-1: peers:[om1|localhost:15007]|listeners:[], old=null, confs=<EMPTY_MAP>
2024-06-22 13:31:45,520 [om1-groupManagement] INFO  server.RaftServerConfigKeys (ConfUtils.java:logGet(46)) - raft.server.notification.no-leader.timeout = 120s (custom)
2024-06-22 13:31:45,523 [om1-groupManagement] INFO  server.RaftServerConfigKeys (ConfUtils.java:logGet(46)) - raft.server.read.timeout = 10s (default)
2024-06-22 13:31:45,527 [om1-groupManagement] INFO  server.RaftServerConfigKeys (ConfUtils.java:logGet(46)) - raft.server.retrycache.expirytime = 300s (custom)
2024-06-22 13:31:45,527 [om1-groupManagement] INFO  server.RaftServerConfigKeys (ConfUtils.java:logGet(46)) - raft.server.retrycache.statistics.expirytime = 100ms (default)
2024-06-22 13:31:45,531 [om1-groupManagement] INFO  server.RaftServerConfigKeys (ConfUtils.java:logGet(46)) - raft.server.read.option = DEFAULT (default)
2024-06-22 13:31:45,532 [om1-groupManagement] INFO  server.RaftServerConfigKeys (ConfUtils.java:logGet(46)) - raft.server.read.read-after-write-consistent.write-index-cache.expiry-time = 60s (default)
2024-06-22 13:31:45,609 [om1-groupManagement] INFO  server.RaftServerConfigKeys (ConfUtils.java:logGet(46)) - raft.server.rpc.request.timeout = 3000ms (default)
2024-06-22 13:31:45,618 [om1-groupManagement] INFO  server.RaftServerConfigKeys (ConfUtils.java:logGet(46)) - raft.server.log.appender.install.snapshot.enabled = false (custom)
2024-06-22 13:31:45,618 [om1-groupManagement] INFO  server.RaftServerConfigKeys (ConfUtils.java:logGet(46)) - raft.server.threadpool.server.cached = true (default)
2024-06-22 13:31:45,619 [om1-groupManagement] INFO  server.RaftServerConfigKeys (ConfUtils.java:logGet(46)) - raft.server.threadpool.server.size = 0 (default)
2024-06-22 13:31:45,620 [om1-groupManagement] INFO  server.RaftServerConfigKeys (ConfUtils.java:logGet(46)) - raft.server.threadpool.client.cached = true (default)
2024-06-22 13:31:45,621 [om1-groupManagement] INFO  server.RaftServerConfigKeys (ConfUtils.java:logGet(46)) - raft.server.threadpool.client.size = 0 (default)
2024-06-22 13:31:45,772 [ReplicationMonitor] INFO  replication.ReplicationManager (ReplicationManager.java:processAll(373)) - Replication Manager is not ready to run until 3000ms after safemode exit
2024-06-22 13:31:46,320 [main] INFO  reflections.Reflections (Reflections.java:scan(219)) - Reflections took 760 ms to scan 20 urls, producing 59 keys and 6588 values
2024-06-22 13:31:46,485 [main] INFO  ipc.CallQueueManager (CallQueueManager.java:<init>(90)) - Using callQueue: class java.util.concurrent.LinkedBlockingQueue, queueCapacity: 2000, scheduler: class org.apache.hadoop.ipc.DefaultRpcScheduler, ipcBackoff: false.
2024-06-22 13:31:46,486 [main] INFO  ipc.Server (Server.java:<init>(1287)) - Listener at 127.0.0.1:15004
2024-06-22 13:31:46,486 [Socket Reader #1 for port 15004] INFO  ipc.Server (Server.java:run(1323)) - Starting Socket Reader #1 for port 15004
2024-06-22 13:31:46,526 [main] INFO  impl.MetricsSystemImpl (MetricsSystemImpl.java:init(158)) - OzoneManager metrics system started (again)
2024-06-22 13:31:46,542 [main] INFO  om.OzoneManager (OzoneManager.java:start(1650)) - OzoneManager RPC server is listening at localhost/127.0.0.1:15004
2024-06-22 13:31:46,543 [main] INFO  ratis.OzoneManagerRatisServer (OzoneManagerRatisServer.java:start(594)) - Starting OzoneManagerRatisServer om1 at port 15007
2024-06-22 13:31:46,546 [om1-impl-thread1] INFO  server.RaftServerConfigKeys (ConfUtils.java:logGet(46)) - raft.server.storage.free-space.min = 0MB (=0) (default)
2024-06-22 13:31:46,547 [om1-impl-thread1] INFO  server.RaftServerConfigKeys (ConfUtils.java:logGet(46)) - raft.server.log.corruption.policy = EXCEPTION (default)
2024-06-22 13:31:46,547 [om1-impl-thread1] INFO  server.RaftServerConfigKeys (ConfUtils.java:logGet(46)) - raft.server.storage.dir = [/home/runner/work/ozone/ozone/hadoop-ozone/integration-test/target/test-dir/MiniOzoneClusterImpl-ed78929e-9b9e-4304-bdcd-e93070d12e9d/ozone-meta/ratis] (custom)
2024-06-22 13:31:46,553 [om1-impl-thread1] INFO  storage.RaftStorageDirectory (RaftStorageDirectoryImpl.java:analyzeStorage(138)) - The storage directory /home/runner/work/ozone/ozone/hadoop-ozone/integration-test/target/test-dir/MiniOzoneClusterImpl-ed78929e-9b9e-4304-bdcd-e93070d12e9d/ozone-meta/ratis/bf265839-605b-3f16-9796-c5ba1605619e does not exist. Creating ...
2024-06-22 13:31:46,557 [om1-impl-thread1] INFO  storage.RaftStorageDirectory (RaftStorageDirectoryImpl.java:tryLock(228)) - Lock on /home/runner/work/ozone/ozone/hadoop-ozone/integration-test/target/test-dir/MiniOzoneClusterImpl-ed78929e-9b9e-4304-bdcd-e93070d12e9d/ozone-meta/ratis/bf265839-605b-3f16-9796-c5ba1605619e/in_use.lock acquired by nodename 98639@fv-az882-123
2024-06-22 13:31:46,562 [om1-impl-thread1] INFO  storage.RaftStorage (RaftStorageImpl.java:format(99)) - Storage directory /home/runner/work/ozone/ozone/hadoop-ozone/integration-test/target/test-dir/MiniOzoneClusterImpl-ed78929e-9b9e-4304-bdcd-e93070d12e9d/ozone-meta/ratis/bf265839-605b-3f16-9796-c5ba1605619e has been successfully formatted.
2024-06-22 13:31:46,563 [om1-impl-thread1] WARN  util.FileUtils (LogUtils.java:supplyAndLog(63)) - Failed to Files.newInputStream /home/runner/work/ozone/ozone/hadoop-ozone/integration-test/target/test-dir/MiniOzoneClusterImpl-ed78929e-9b9e-4304-bdcd-e93070d12e9d/ozone-meta/ratis/bf265839-605b-3f16-9796-c5ba1605619e/current/raft-meta.conf with options []: java.nio.file.NoSuchFileException: /home/runner/work/ozone/ozone/hadoop-ozone/integration-test/target/test-dir/MiniOzoneClusterImpl-ed78929e-9b9e-4304-bdcd-e93070d12e9d/ozone-meta/ratis/bf265839-605b-3f16-9796-c5ba1605619e/current/raft-meta.conf
2024-06-22 13:31:46,566 [om1-impl-thread1] INFO  server.RaftServerConfigKeys (ConfUtils.java:logGet(46)) - raft.server.log.use.memory = false (default)
2024-06-22 13:31:46,574 [om1-impl-thread1] INFO  server.RaftServerConfigKeys (ConfUtils.java:logGet(46)) - raft.server.log.purge.gap = 1000000 (custom)
2024-06-22 13:31:46,574 [om1-impl-thread1] INFO  server.RaftServerConfigKeys (ConfUtils.java:logGet(46)) - raft.server.log.appender.buffer.byte-limit = 4194304 (custom)
2024-06-22 13:31:46,576 [om1-impl-thread1] INFO  server.RaftServerConfigKeys (ConfUtils.java:logGet(46)) - raft.server.log.statemachine.data.read.timeout = 1000ms (default)
2024-06-22 13:31:46,576 [om1-impl-thread1] INFO  server.RaftServerConfigKeys (ConfUtils.java:logGet(46)) - raft.server.log.purge.preservation.log.num = 0 (default)
2024-06-22 13:31:46,580 [om1-impl-thread1] INFO  server.RaftServerConfigKeys (ConfUtils.java:logGet(46)) - raft.server.log.segment.size.max = 4194304 (custom)
2024-06-22 13:31:46,584 [om1-impl-thread1] INFO  server.RaftServerConfigKeys (ConfUtils.java:logGet(46)) - raft.server.log.segment.cache.num.max = 2 (custom)
2024-06-22 13:31:46,585 [om1-impl-thread1] INFO  server.RaftServerConfigKeys (ConfUtils.java:logGet(46)) - raft.server.log.segment.cache.size.max = 200MB (=209715200) (default)
2024-06-22 13:31:46,585 [om1-impl-thread1] INFO  server.RaftServerConfigKeys (ConfUtils.java:logGet(46)) - raft.server.log.appender.buffer.byte-limit = 4194304 (custom)
2024-06-22 13:31:46,586 [om1-impl-thread1] INFO  util.AwaitToRun (AwaitToRun.java:start(81)) - Thread[om1@group-C5BA1605619E-cacheEviction-AwaitToRun,5,main] started
2024-06-22 13:31:46,590 [om1-impl-thread1] INFO  segmented.SegmentedRaftLogWorker (SegmentedRaftLogWorker.java:<init>(182)) - new om1@group-C5BA1605619E-SegmentedRaftLogWorker for RaftStorageImpl:Storage Directory /home/runner/work/ozone/ozone/hadoop-ozone/integration-test/target/test-dir/MiniOzoneClusterImpl-ed78929e-9b9e-4304-bdcd-e93070d12e9d/ozone-meta/ratis/bf265839-605b-3f16-9796-c5ba1605619e
2024-06-22 13:31:46,591 [om1-impl-thread1] INFO  server.RaftServerConfigKeys (ConfUtils.java:logGet(46)) - raft.server.log.queue.byte-limit = 64MB (=67108864) (default)
2024-06-22 13:31:46,591 [om1-impl-thread1] INFO  server.RaftServerConfigKeys (ConfUtils.java:logGet(46)) - raft.server.log.queue.element-limit = 4096 (default)
2024-06-22 13:31:46,593 [om1-impl-thread1] INFO  server.RaftServerConfigKeys (ConfUtils.java:logGet(46)) - raft.server.log.segment.size.max = 4194304 (custom)
2024-06-22 13:31:46,593 [om1-impl-thread1] INFO  server.RaftServerConfigKeys (ConfUtils.java:logGet(46)) - raft.server.log.preallocated.size = 4194304 (custom)
2024-06-22 13:31:46,594 [om1-impl-thread1] INFO  server.RaftServerConfigKeys (ConfUtils.java:logGet(46)) - raft.server.log.force.sync.num = 128 (default)
2024-06-22 13:31:46,594 [om1-impl-thread1] INFO  server.RaftServerConfigKeys (ConfUtils.java:logGet(46)) - raft.server.log.statemachine.data.sync = true (default)
2024-06-22 13:31:46,594 [om1-impl-thread1] INFO  server.RaftServerConfigKeys (ConfUtils.java:logGet(46)) - raft.server.log.statemachine.data.sync.timeout = 10s (default)
2024-06-22 13:31:46,595 [om1-impl-thread1] INFO  server.RaftServerConfigKeys (ConfUtils.java:logGet(46)) - raft.server.log.statemachine.data.sync.timeout.retry = -1 (default)
2024-06-22 13:31:46,598 [om1-impl-thread1] INFO  server.RaftServerConfigKeys (ConfUtils.java:logGet(46)) - raft.server.log.write.buffer.size = 4194312 (custom)
2024-06-22 13:31:46,600 [om1-impl-thread1] INFO  server.RaftServerConfigKeys (ConfUtils.java:logGet(46)) - raft.server.log.appender.buffer.byte-limit = 4194304 (custom)
2024-06-22 13:31:46,601 [om1-impl-thread1] INFO  server.RaftServerConfigKeys (ConfUtils.java:logGet(46)) - raft.server.log.unsafe-flush.enabled = false (default)
2024-06-22 13:31:46,601 [om1-impl-thread1] INFO  server.RaftServerConfigKeys (ConfUtils.java:logGet(46)) - raft.server.log.async-flush.enabled = false (default)
2024-06-22 13:31:46,602 [om1-impl-thread1] INFO  server.RaftServerConfigKeys (ConfUtils.java:logGet(46)) - raft.server.log.statemachine.data.caching.enabled = false (default)
2024-06-22 13:31:46,606 [om1-impl-thread1] INFO  segmented.SegmentedRaftLogWorker (SegmentedRaftLogWorker.java:lambda$new$0(134)) - om1@group-C5BA1605619E-SegmentedRaftLogWorker: flushIndex: setUnconditionally 0 -> -1
2024-06-22 13:31:46,607 [om1-impl-thread1] INFO  segmented.SegmentedRaftLogWorker (SegmentedRaftLogWorker.java:lambda$new$0(134)) - om1@group-C5BA1605619E-SegmentedRaftLogWorker: safeCacheEvictIndex: setUnconditionally 0 -> -1
2024-06-22 13:31:46,609 [om1-impl-thread1] INFO  server.RaftServer$Division (RaftServerImpl.java:start(396)) - om1@group-C5BA1605619E: start as a follower, conf=-1: peers:[om1|localhost:15007]|listeners:[], old=null
2024-06-22 13:31:46,609 [om1-impl-thread1] INFO  server.RaftServer$Division (RaftServerImpl.java:setRole(383)) - om1@group-C5BA1605619E: changes role from      null to FOLLOWER at term 0 for startAsFollower
2024-06-22 13:31:46,610 [om1-impl-thread1] INFO  impl.RoleInfo (RoleInfo.java:updateAndGet(139)) - om1: start om1@group-C5BA1605619E-FollowerState
2024-06-22 13:31:46,611 [om1@group-C5BA1605619E-FollowerState] INFO  server.RaftServerConfigKeys (ConfUtils.java:logFallback(53)) - raft.server.rpc.first-election.timeout.min = 1s (fallback to raft.server.rpc.timeout.min)
2024-06-22 13:31:46,612 [om1@group-C5BA1605619E-FollowerState] INFO  server.RaftServerConfigKeys (ConfUtils.java:logFallback(53)) - raft.server.rpc.first-election.timeout.max = 1200ms (fallback to raft.server.rpc.timeout.max)
2024-06-22 13:31:46,612 [om1-impl-thread1] INFO  util.JmxRegister (JmxRegister.java:tryRegister(44)) - Successfully registered JMX Bean with object name Ratis:service=RaftServer,group=group-C5BA1605619E,id=om1
2024-06-22 13:31:46,614 [om1-impl-thread1] INFO  server.RaftServerConfigKeys (ConfUtils.java:logGet(46)) - raft.server.snapshot.trigger-when-stop.enabled = true (default)
2024-06-22 13:31:46,615 [om1-impl-thread1] INFO  server.RaftServerConfigKeys (ConfUtils.java:logGet(46)) - raft.server.snapshot.auto.trigger.enabled = true (custom)
2024-06-22 13:31:46,615 [om1-impl-thread1] INFO  server.RaftServerConfigKeys (ConfUtils.java:logGet(46)) - raft.server.snapshot.auto.trigger.threshold = 400000 (default)
2024-06-22 13:31:46,616 [om1-impl-thread1] INFO  server.RaftServerConfigKeys (ConfUtils.java:logGet(46)) - raft.server.snapshot.retention.file.num = -1 (default)
2024-06-22 13:31:46,617 [om1-impl-thread1] INFO  server.RaftServerConfigKeys (ConfUtils.java:logGet(46)) - raft.server.log.purge.upto.snapshot.index = true (custom)
2024-06-22 13:31:46,620 [main] INFO  server.RaftServer (RaftServerProxy.java:startImpl(406)) - om1: start RPC server
2024-06-22 13:31:46,658 [main] INFO  server.GrpcService (GrpcService.java:startImpl(302)) - om1: GrpcService started, listening on 15007
2024-06-22 13:31:46,659 [main] INFO  om.OzoneManager (OzoneManager.java:start(1666)) - Version File has different layout version (6) than OM DB (null). That is expected if this OM has never been finalized to a newer layout version.
2024-06-22 13:31:46,660 [JvmPauseMonitor1] INFO  util.JvmPauseMonitor (JvmPauseMonitor.java:run(146)) - JvmPauseMonitor-om1: Started
2024-06-22 13:31:46,677 [main] INFO  client.ScmTopologyClient (ScmTopologyClient.java:start(72)) - Initial network topology fetched from SCM: /.
2024-06-22 13:31:46,677 [main] INFO  net.NodeSchemaLoader (NodeSchemaLoader.java:loadSchemaFromFile(129)) - Loading schema from [file:/home/runner/work/ozone/ozone/hadoop-hdds/common/target/classes/network-topology-default.xml]
2024-06-22 13:31:46,678 [main] INFO  net.NodeSchemaLoader (NodeSchemaLoader.java:loadSchema(176)) - Loading network topology layer schema file
2024-06-22 13:31:46,701 [main] INFO  http.BaseHttpServer (BaseHttpServer.java:newHttpServer2BuilderForOzone(223)) - Starting Web-server for ozoneManager at: http://0.0.0.0:15005
2024-06-22 13:31:46,702 [main] INFO  http.BaseHttpServer (BaseHttpServer.java:<init>(110)) - Hadoop Security Enabled: false Ozone Security Enabled: false Ozone HTTP Security Enabled: false 
2024-06-22 13:31:46,704 [main] WARN  server.AuthenticationFilter (AuthenticationFilter.java:constructSecretProvider(240)) - Unable to initialize FileSignerSecretProvider, falling back to use random secrets. Reason: Could not read signature secret file: /home/runner/hadoop-http-auth-signature-secret
2024-06-22 13:31:46,705 [main] INFO  http.HttpRequestLog (HttpRequestLog.java:getRequestLog(86)) - Http request log for http.requests.ozoneManager is not defined
2024-06-22 13:31:46,707 [main] INFO  http.HttpServer2 (HttpServer2.java:addGlobalFilter(1036)) - Added global filter 'safety' (class=org.apache.hadoop.hdds.server.http.HttpServer2$QuotingInputFilter)
2024-06-22 13:31:46,709 [main] INFO  http.HttpServer2 (HttpServer2.java:addFilter(1012)) - Added filter static_user_filter (class=org.apache.hadoop.http.lib.StaticUserWebFilter$StaticUserFilter) to context ozoneManager
2024-06-22 13:31:46,709 [main] INFO  http.HttpServer2 (HttpServer2.java:addFilter(1020)) - Added filter static_user_filter (class=org.apache.hadoop.http.lib.StaticUserWebFilter$StaticUserFilter) to context static
2024-06-22 13:31:46,709 [main] INFO  http.HttpServer2 (HttpServer2.java:addFilter(1020)) - Added filter static_user_filter (class=org.apache.hadoop.http.lib.StaticUserWebFilter$StaticUserFilter) to context logs
2024-06-22 13:31:46,711 [main] INFO  http.BaseHttpServer (BaseHttpServer.java:<init>(189)) - HTTP server of ozoneManager uses base directory /home/runner/work/ozone/ozone/hadoop-ozone/integration-test/target/test-dir/MiniOzoneClusterImpl-ed78929e-9b9e-4304-bdcd-e93070d12e9d/ozone-meta/webserver
2024-06-22 13:31:46,715 [main] INFO  http.HttpServer2 (HttpServer2.java:bindListener(1236)) - Jetty bound to port 15005
2024-06-22 13:31:46,716 [main] INFO  server.Server (Server.java:doStart(375)) - jetty-9.4.54.v20240208; built: 2024-02-08T19:42:39.027Z; git: cef3fbd6d736a21e7d541a5db490381d95a2047d; jvm 17.0.11+9
2024-06-22 13:31:46,721 [main] INFO  server.session (DefaultSessionIdManager.java:doStart(334)) - DefaultSessionIdManager workerName=node0
2024-06-22 13:31:46,721 [main] INFO  server.session (DefaultSessionIdManager.java:doStart(339)) - No SessionScavenger set, using defaults
2024-06-22 13:31:46,722 [main] INFO  server.session (HouseKeeper.java:startScavenging(132)) - node0 Scavenging every 600000ms
2024-06-22 13:31:46,723 [main] INFO  handler.ContextHandler (ContextHandler.java:doStart(921)) - Started o.e.j.s.ServletContextHandler@4305b87e{logs,/logs,file:///home/runner/work/ozone/ozone/hadoop-ozone/integration-test/target/log,AVAILABLE}
2024-06-22 13:31:46,724 [main] INFO  handler.ContextHandler (ContextHandler.java:doStart(921)) - Started o.e.j.s.ServletContextHandler@3b89f41a{static,/static,file:///home/runner/work/ozone/ozone/hadoop-ozone/integration-test/target/test-classes/webapps/static,AVAILABLE}
2024-06-22 13:31:46,734 [main] INFO  handler.ContextHandler (ContextHandler.java:doStart(921)) - Started o.e.j.w.WebAppContext@410308ff{ozoneManager,/,file:///home/runner/work/ozone/ozone/hadoop-ozone/integration-test/target/test-classes/webapps/ozoneManager/,AVAILABLE}{file:/home/runner/work/ozone/ozone/hadoop-ozone/integration-test/target/test-classes/webapps/ozoneManager}
2024-06-22 13:31:46,735 [main] INFO  server.AbstractConnector (AbstractConnector.java:doStart(333)) - Started ServerConnector@19adcb41{HTTP/1.1, (http/1.1)}{0.0.0.0:15005}
2024-06-22 13:31:46,736 [main] INFO  server.Server (Server.java:doStart(415)) - Started @8124ms
2024-06-22 13:31:46,737 [main] WARN  impl.MetricsSystemImpl (MetricsSystemImpl.java:register(279)) - Sink prometheus already exists!
2024-06-22 13:31:46,738 [main] INFO  http.BaseHttpServer (BaseHttpServer.java:updateConnectorAddress(354)) - HTTP server of ozoneManager listening at http://0.0.0.0:15005
2024-06-22 13:31:46,739 [IPC Server listener on 15004] INFO  ipc.Server (Server.java:run(1402)) - IPC Server listener on 15004: starting
2024-06-22 13:31:46,739 [IPC Server Responder] INFO  ipc.Server (Server.java:run(1562)) - IPC Server Responder: starting
2024-06-22 13:31:46,772 [ReplicationMonitor] INFO  replication.ReplicationManager (ReplicationManager.java:processAll(373)) - Replication Manager is not ready to run until 3000ms after safemode exit
2024-06-22 13:31:46,782 [main] INFO  om.OzoneManager (OzoneManager.java:startTrashEmptier(2121)) - Trash Interval set to 0. Files deleted won't move to trash
2024-06-22 13:31:46,793 [main] INFO  db.CodecBuffer (CodecBuffer.java:set(63)) - Successfully set constructor to org.apache.hadoop.hdds.utils.db.CodecBuffer$$Lambda$1205/0x00007f53848969f0@574985d8
2024-06-22 13:31:46,914 [main] WARN  dropwizard3.Dm3MetricRegistriesImpl (Dm3MetricRegistriesImpl.java:addReporterRegistration(113)) - New reporters are added after registries were created. Some metrics will be missing from the reporter. Please add reporter before adding any new registry.
2024-06-22 13:31:46,915 [main] WARN  dropwizard3.Dm3MetricRegistriesImpl (Dm3MetricRegistriesImpl.java:addReporterRegistration(113)) - New reporters are added after registries were created. Some metrics will be missing from the reporter. Please add reporter before adding any new registry.
2024-06-22 13:31:46,915 [main] INFO  impl.MetricsSystemImpl (MetricsSystemImpl.java:init(158)) - HddsDatanode metrics system started (again)
2024-06-22 13:31:46,940 [main] INFO  ozone.HddsDatanodeService (HddsDatanodeService.java:start(237)) - HddsDatanodeService host:fv-az882-123.q2gudnguzteuze5zk335zrm3jf.ex.internal.cloudapp.net ip:10.1.0.52
2024-06-22 13:31:46,954 [main] INFO  upgrade.AbstractLayoutVersionManager (AbstractLayoutVersionManager.java:init(83)) - Initializing Layout version manager with metadata layout = HADOOP_PRC_PORTS_IN_DATANODEDETAILS (version = 7), software layout = HADOOP_PRC_PORTS_IN_DATANODEDETAILS (version = 7)
2024-06-22 13:31:46,957 [main] INFO  statemachine.DatanodeStateMachine (DatanodeStateMachine.java:getEndPointTaskThreadPoolSize(293)) - Datanode State Machine Task Thread Pool size 2
2024-06-22 13:31:47,033 [main] INFO  volume.HddsVolume (HddsVolume.java:<init>(126)) - Creating HddsVolume: /home/runner/work/ozone/ozone/hadoop-ozone/integration-test/target/test-dir/MiniOzoneClusterImpl-ed78929e-9b9e-4304-bdcd-e93070d12e9d/ozone-meta/datanode-1/data-0/hdds of storage type : DISK capacity : 9222449699674390527
2024-06-22 13:31:47,035 [main] INFO  volume.MutableVolumeSet (MutableVolumeSet.java:initializeVolumeSet(173)) - Added Volume : /home/runner/work/ozone/ozone/hadoop-ozone/integration-test/target/test-dir/MiniOzoneClusterImpl-ed78929e-9b9e-4304-bdcd-e93070d12e9d/ozone-meta/datanode-1/data-0/hdds to VolumeSet
2024-06-22 13:31:47,039 [main] INFO  volume.MutableVolumeSet (MutableVolumeSet.java:initializeVolumeSet(173)) - Added Volume : /home/runner/work/ozone/ozone/hadoop-ozone/integration-test/target/test-dir/MiniOzoneClusterImpl-ed78929e-9b9e-4304-bdcd-e93070d12e9d/ozone-meta/datanode-1/ratis to VolumeSet
2024-06-22 13:31:47,044 [main] INFO  ozoneimpl.OzoneContainer (HddsVolumeUtil.java:loadAllHddsVolumeDbStore(103)) - Load 1 volumes DbStore cost: 0ms
2024-06-22 13:31:47,110 [main] INFO  audit.AuditLogger (AuditLogger.java:refreshDebugCmdSet(135)) - Refresh DebugCmdSet for DNAudit to [].
2024-06-22 13:31:47,139 [main] INFO  server.RaftServer (ConfUtils.java:logGet(46)) - raft.rpc.type = GRPC (default)
2024-06-22 13:31:47,139 [main] INFO  grpc.GrpcConfigKeys (ConfUtils.java:logFallback(53)) - raft.grpc.admin.host = null (fallback to raft.grpc.server.host)
2024-06-22 13:31:47,139 [main] INFO  grpc.GrpcConfigKeys (ConfUtils.java:logGet(46)) - raft.grpc.admin.port = 15013 (custom)
2024-06-22 13:31:47,139 [main] INFO  grpc.GrpcConfigKeys (ConfUtils.java:logFallback(53)) - raft.grpc.client.host = null (fallback to raft.grpc.server.host)
2024-06-22 13:31:47,139 [main] INFO  grpc.GrpcConfigKeys (ConfUtils.java:logGet(46)) - raft.grpc.client.port = 15012 (custom)
2024-06-22 13:31:47,140 [main] INFO  grpc.GrpcConfigKeys (ConfUtils.java:logGet(46)) - raft.grpc.server.host = null (default)
2024-06-22 13:31:47,141 [main] INFO  grpc.GrpcConfigKeys (ConfUtils.java:logGet(46)) - raft.grpc.server.port = 15014 (custom)
2024-06-22 13:31:47,141 [main] INFO  server.GrpcService (ConfUtils.java:logGet(46)) - raft.grpc.message.size.max = 32MB (=33554432) (custom)
2024-06-22 13:31:47,142 [main] INFO  server.RaftServerConfigKeys (ConfUtils.java:logGet(46)) - raft.server.log.appender.buffer.byte-limit = 8388608 (custom)
2024-06-22 13:31:47,142 [main] INFO  server.GrpcService (ConfUtils.java:logGet(46)) - raft.grpc.flow.control.window = 5MB (=5242880) (custom)
2024-06-22 13:31:47,143 [main] INFO  server.RaftServerConfigKeys (ConfUtils.java:logGet(46)) - raft.server.rpc.request.timeout = 60s (custom)
2024-06-22 13:31:47,143 [main] INFO  grpc.GrpcConfigKeys (ConfUtils.java:logGet(46)) - raft.grpc.server.heartbeat.channel = true (default)
2024-06-22 13:31:47,144 [main] INFO  grpc.GrpcConfigKeys (ConfUtils.java:logGet(46)) - raft.grpc.server.async.request.thread.pool.cached = true (default)
2024-06-22 13:31:47,144 [main] INFO  grpc.GrpcConfigKeys (ConfUtils.java:logGet(46)) - raft.grpc.server.async.request.thread.pool.size = 32 (default)
2024-06-22 13:31:47,147 [main] INFO  impl.DataStreamServerImpl (ConfUtils.java:logGet(46)) - raft.datastream.type = NETTY (custom)
2024-06-22 13:31:47,160 [main] INFO  server.RaftServerConfigKeys (ConfUtils.java:logGet(46)) - raft.server.data-stream.async.request.thread.pool.cached = false (default)
2024-06-22 13:31:47,161 [main] INFO  server.RaftServerConfigKeys (ConfUtils.java:logGet(46)) - raft.server.data-stream.async.request.thread.pool.size = 20 (custom)
2024-06-22 13:31:47,161 [main] INFO  server.RaftServerConfigKeys (ConfUtils.java:logGet(46)) - raft.server.data-stream.async.write.thread.pool.size = 16 (default)
2024-06-22 13:31:47,163 [main] INFO  netty.NettyConfigKeys$DataStream (ConfUtils.java:logGet(46)) - raft.netty.dataStream.server.channel.inactive.grace-period = 10min (default)
2024-06-22 13:31:47,164 [main] INFO  server.RaftServerConfigKeys (ConfUtils.java:logGet(46)) - raft.server.data-stream.client.pool.size = 10 (default)
2024-06-22 13:31:47,166 [main] INFO  netty.NettyConfigKeys$DataStream (ConfUtils.java:logGet(46)) - raft.netty.dataStream.server.use-epoll = true (default)
2024-06-22 13:31:47,166 [main] INFO  netty.NettyConfigKeys$DataStream (ConfUtils.java:logGet(46)) - raft.netty.dataStream.server.boss-group.size = 0 (default)
2024-06-22 13:31:47,168 [main] INFO  netty.NettyUtils (NettyUtils.java:newEventLoopGroup(69)) - Create EpollEventLoopGroup for c511b233-3aa4-4954-9335-f5d54c64e497-NettyServerStreamRpc-bossGroup; Thread size is 0.
2024-06-22 13:31:47,169 [main] INFO  netty.NettyConfigKeys$DataStream (ConfUtils.java:logGet(46)) - raft.netty.dataStream.server.worker-group.size = 0 (default)
2024-06-22 13:31:47,170 [main] INFO  netty.NettyUtils (NettyUtils.java:newEventLoopGroup(69)) - Create EpollEventLoopGroup for c511b233-3aa4-4954-9335-f5d54c64e497-NettyServerStreamRpc-workerGroup; Thread size is 0.
2024-06-22 13:31:47,171 [main] INFO  netty.NettyConfigKeys$DataStream (ConfUtils.java:logGet(46)) - raft.netty.dataStream.server.tls.conf = null (default)
2024-06-22 13:31:47,172 [main] INFO  netty.NettyConfigKeys$DataStream (ConfUtils.java:logGet(46)) - raft.netty.dataStream.host = null (default)
2024-06-22 13:31:47,173 [main] INFO  netty.NettyConfigKeys$DataStream (ConfUtils.java:logGet(46)) - raft.netty.dataStream.port = 15015 (custom)
2024-06-22 13:31:47,177 [main] INFO  server.RaftServerConfigKeys (ConfUtils.java:logGet(46)) - raft.server.sleep.deviation.threshold = 300ms (default)
2024-06-22 13:31:47,178 [main] INFO  server.RaftServerConfigKeys (ConfUtils.java:logGet(46)) - raft.server.close.threshold = 60s (default)
2024-06-22 13:31:47,178 [main] INFO  server.RaftServerConfigKeys (ConfUtils.java:logGet(46)) - raft.server.leaderelection.leader.step-down.wait-time = 10s (default)
2024-06-22 13:31:47,179 [main] INFO  server.RaftServerConfigKeys (ConfUtils.java:logGet(46)) - raft.server.storage.dir = [/home/runner/work/ozone/ozone/hadoop-ozone/integration-test/target/test-dir/MiniOzoneClusterImpl-ed78929e-9b9e-4304-bdcd-e93070d12e9d/ozone-meta/datanode-1/ratis] (custom)
2024-06-22 13:31:47,179 [main] INFO  server.RaftServerConfigKeys (ConfUtils.java:logGet(46)) - raft.server.threadpool.proxy.cached = true (default)
2024-06-22 13:31:47,180 [main] INFO  server.RaftServerConfigKeys (ConfUtils.java:logGet(46)) - raft.server.threadpool.proxy.size = 0 (default)
2024-06-22 13:31:47,185 [c511b233-3aa4-4954-9335-f5d54c64e497-impl-thread1] INFO  server.RaftServer (RaftServerProxy.java:initGroupDir(264)) - c511b233-3aa4-4954-9335-f5d54c64e497: found a subdirectory /home/runner/work/ozone/ozone/hadoop-ozone/integration-test/target/test-dir/MiniOzoneClusterImpl-ed78929e-9b9e-4304-bdcd-e93070d12e9d/ozone-meta/datanode-1/ratis/tmp
2024-06-22 13:31:47,186 [c511b233-3aa4-4954-9335-f5d54c64e497-impl-thread1] INFO  server.RaftServer (RaftServerProxy.java:initGroupDir(269)) - c511b233-3aa4-4954-9335-f5d54c64e497: The directory /home/runner/work/ozone/ozone/hadoop-ozone/integration-test/target/test-dir/MiniOzoneClusterImpl-ed78929e-9b9e-4304-bdcd-e93070d12e9d/ozone-meta/datanode-1/ratis/tmp is not a group directory; ignoring it. 
2024-06-22 13:31:47,187 [c511b233-3aa4-4954-9335-f5d54c64e497-NettyServerStreamRpc-bossGroup--thread1] INFO  logging.LoggingHandler (AbstractInternalLogger.java:log(148)) - [id: 0xa1a59921] REGISTERED
2024-06-22 13:31:47,188 [c511b233-3aa4-4954-9335-f5d54c64e497-NettyServerStreamRpc-bossGroup--thread1] INFO  logging.LoggingHandler (AbstractInternalLogger.java:log(148)) - [id: 0xa1a59921] BIND: 0.0.0.0/0.0.0.0:15015
2024-06-22 13:31:47,188 [c511b233-3aa4-4954-9335-f5d54c64e497-NettyServerStreamRpc-bossGroup--thread1] INFO  logging.LoggingHandler (AbstractInternalLogger.java:log(148)) - [id: 0xa1a59921, L:/0.0.0.0:15015] ACTIVE
2024-06-22 13:31:47,190 [main] INFO  replication.ReplicationServer (ReplicationServer.java:<init>(86)) - Initializing replication server with thread count = 10 queue length = 4096
2024-06-22 13:31:47,215 [main] INFO  server.XceiverServerGrpc (XceiverServerGrpc.java:<init>(141)) - GrpcServer channel type EpollServerSocketChannel
2024-06-22 13:31:47,249 [main] INFO  replication.ReplicationSupervisor (ReplicationSupervisor.java:build(157)) - Initializing replication supervisor with thread count = 10
2024-06-22 13:31:47,250 [main] INFO  replication.ReplicationSupervisor (ReplicationSupervisor.java:nodeStateUpdated(312)) - Node state updated to IN_SERVICE, scaling executor pool size to 10
2024-06-22 13:31:47,310 [main] INFO  http.BaseHttpServer (BaseHttpServer.java:newHttpServer2BuilderForOzone(223)) - Starting Web-server for hddsDatanode at: http://0.0.0.0:15009
2024-06-22 13:31:47,311 [main] INFO  http.BaseHttpServer (BaseHttpServer.java:<init>(110)) - Hadoop Security Enabled: false Ozone Security Enabled: false Ozone HTTP Security Enabled: false 
2024-06-22 13:31:47,314 [main] WARN  server.AuthenticationFilter (AuthenticationFilter.java:constructSecretProvider(240)) - Unable to initialize FileSignerSecretProvider, falling back to use random secrets. Reason: Could not read signature secret file: /home/runner/hadoop-http-auth-signature-secret
2024-06-22 13:31:47,315 [main] INFO  http.HttpRequestLog (HttpRequestLog.java:getRequestLog(86)) - Http request log for http.requests.hddsDatanode is not defined
2024-06-22 13:31:47,317 [main] INFO  http.HttpServer2 (HttpServer2.java:addGlobalFilter(1036)) - Added global filter 'safety' (class=org.apache.hadoop.hdds.server.http.HttpServer2$QuotingInputFilter)
2024-06-22 13:31:47,319 [main] INFO  http.HttpServer2 (HttpServer2.java:addFilter(1012)) - Added filter static_user_filter (class=org.apache.hadoop.http.lib.StaticUserWebFilter$StaticUserFilter) to context hddsDatanode
2024-06-22 13:31:47,320 [main] INFO  http.HttpServer2 (HttpServer2.java:addFilter(1020)) - Added filter static_user_filter (class=org.apache.hadoop.http.lib.StaticUserWebFilter$StaticUserFilter) to context static
2024-06-22 13:31:47,320 [main] INFO  http.HttpServer2 (HttpServer2.java:addFilter(1020)) - Added filter static_user_filter (class=org.apache.hadoop.http.lib.StaticUserWebFilter$StaticUserFilter) to context logs
2024-06-22 13:31:47,322 [main] INFO  http.BaseHttpServer (BaseHttpServer.java:<init>(189)) - HTTP server of hddsDatanode uses base directory /home/runner/work/ozone/ozone/hadoop-ozone/integration-test/target/test-dir/MiniOzoneClusterImpl-ed78929e-9b9e-4304-bdcd-e93070d12e9d/ozone-meta/datanode-1/meta/webserver
2024-06-22 13:31:47,322 [main] INFO  http.HttpServer2 (HttpServer2.java:bindListener(1236)) - Jetty bound to port 15009
2024-06-22 13:31:47,323 [main] INFO  server.Server (Server.java:doStart(375)) - jetty-9.4.54.v20240208; built: 2024-02-08T19:42:39.027Z; git: cef3fbd6d736a21e7d541a5db490381d95a2047d; jvm 17.0.11+9
2024-06-22 13:31:47,333 [main] INFO  server.session (DefaultSessionIdManager.java:doStart(334)) - DefaultSessionIdManager workerName=node0
2024-06-22 13:31:47,334 [main] INFO  server.session (DefaultSessionIdManager.java:doStart(339)) - No SessionScavenger set, using defaults
2024-06-22 13:31:47,334 [main] INFO  server.session (HouseKeeper.java:startScavenging(132)) - node0 Scavenging every 660000ms
2024-06-22 13:31:47,335 [main] INFO  handler.ContextHandler (ContextHandler.java:doStart(921)) - Started o.e.j.s.ServletContextHandler@543eacd5{logs,/logs,file:///home/runner/work/ozone/ozone/hadoop-ozone/integration-test/target/log,AVAILABLE}
2024-06-22 13:31:47,335 [main] INFO  handler.ContextHandler (ContextHandler.java:doStart(921)) - Started o.e.j.s.ServletContextHandler@f4352c6{static,/static,file:///home/runner/work/ozone/ozone/hadoop-hdds/container-service/target/classes/webapps/static,AVAILABLE}
2024-06-22 13:31:47,344 [main] INFO  handler.ContextHandler (ContextHandler.java:doStart(921)) - Started o.e.j.w.WebAppContext@45f854e9{hddsDatanode,/,file:///home/runner/work/ozone/ozone/hadoop-hdds/container-service/target/classes/webapps/hddsDatanode/,AVAILABLE}{file:/home/runner/work/ozone/ozone/hadoop-hdds/container-service/target/classes/webapps/hddsDatanode}
2024-06-22 13:31:47,345 [main] INFO  server.AbstractConnector (AbstractConnector.java:doStart(333)) - Started ServerConnector@663e2cfd{HTTP/1.1, (http/1.1)}{0.0.0.0:15009}
2024-06-22 13:31:47,345 [main] INFO  server.Server (Server.java:doStart(415)) - Started @8733ms
2024-06-22 13:31:47,345 [main] WARN  impl.MetricsSystemImpl (MetricsSystemImpl.java:register(279)) - Sink prometheus already exists!
2024-06-22 13:31:47,346 [main] INFO  http.BaseHttpServer (BaseHttpServer.java:updateConnectorAddress(354)) - HTTP server of hddsDatanode listening at http://0.0.0.0:15009
2024-06-22 13:31:47,350 [main] INFO  ipc.CallQueueManager (CallQueueManager.java:<init>(90)) - Using callQueue: class java.util.concurrent.LinkedBlockingQueue, queueCapacity: 100, scheduler: class org.apache.hadoop.ipc.DefaultRpcScheduler, ipcBackoff: false.
2024-06-22 13:31:47,350 [main] INFO  ipc.Server (Server.java:<init>(1287)) - Listener at 0.0.0.0:15010
2024-06-22 13:31:47,351 [Socket Reader #1 for port 15010] INFO  ipc.Server (Server.java:run(1323)) - Starting Socket Reader #1 for port 15010
2024-06-22 13:31:47,361 [main] INFO  ozone.HddsDatanodeService (HddsDatanodeService.java:start(321)) - Datanode start with admins: [runner]
2024-06-22 13:31:47,361 [main] INFO  ozone.HddsDatanodeClientProtocolServer (HddsDatanodeClientProtocolServer.java:start(77)) - RPC server for Client /0.0.0.0:15010
2024-06-22 13:31:47,362 [IPC Server Responder] INFO  ipc.Server (Server.java:run(1562)) - IPC Server Responder: starting
2024-06-22 13:31:47,362 [IPC Server listener on 15010] INFO  ipc.Server (Server.java:run(1402)) - IPC Server listener on 15010: starting
2024-06-22 13:31:47,370 [c511b233-3aa4-4954-9335-f5d54c64e497-DatanodeStateMachineDaemonThread] INFO  statemachine.DatanodeStateMachine (DatanodeStateMachine.java:lambda$startDaemon$1(545)) - Ozone container server started.
2024-06-22 13:31:47,370 [main] WARN  dropwizard3.Dm3MetricRegistriesImpl (Dm3MetricRegistriesImpl.java:addReporterRegistration(113)) - New reporters are added after registries were created. Some metrics will be missing from the reporter. Please add reporter before adding any new registry.
2024-06-22 13:31:47,371 [main] WARN  dropwizard3.Dm3MetricRegistriesImpl (Dm3MetricRegistriesImpl.java:addReporterRegistration(113)) - New reporters are added after registries were created. Some metrics will be missing from the reporter. Please add reporter before adding any new registry.
2024-06-22 13:31:47,371 [main] INFO  impl.MetricsSystemImpl (MetricsSystemImpl.java:init(158)) - HddsDatanode metrics system started (again)
2024-06-22 13:31:47,386 [main] INFO  ozone.HddsDatanodeService (HddsDatanodeService.java:start(237)) - HddsDatanodeService host:fv-az882-123.q2gudnguzteuze5zk335zrm3jf.ex.internal.cloudapp.net ip:10.1.0.52
2024-06-22 13:31:47,389 [main] INFO  upgrade.AbstractLayoutVersionManager (AbstractLayoutVersionManager.java:init(83)) - Initializing Layout version manager with metadata layout = HADOOP_PRC_PORTS_IN_DATANODEDETAILS (version = 7), software layout = HADOOP_PRC_PORTS_IN_DATANODEDETAILS (version = 7)
2024-06-22 13:31:47,390 [main] INFO  statemachine.DatanodeStateMachine (DatanodeStateMachine.java:getEndPointTaskThreadPoolSize(293)) - Datanode State Machine Task Thread Pool size 2
2024-06-22 13:31:47,394 [main] INFO  volume.HddsVolume (HddsVolume.java:<init>(126)) - Creating HddsVolume: /home/runner/work/ozone/ozone/hadoop-ozone/integration-test/target/test-dir/MiniOzoneClusterImpl-ed78929e-9b9e-4304-bdcd-e93070d12e9d/ozone-meta/datanode-2/data-0/hdds of storage type : DISK capacity : 9222449699674390527
2024-06-22 13:31:47,394 [main] INFO  volume.MutableVolumeSet (MutableVolumeSet.java:initializeVolumeSet(173)) - Added Volume : /home/runner/work/ozone/ozone/hadoop-ozone/integration-test/target/test-dir/MiniOzoneClusterImpl-ed78929e-9b9e-4304-bdcd-e93070d12e9d/ozone-meta/datanode-2/data-0/hdds to VolumeSet
2024-06-22 13:31:47,396 [main] INFO  volume.MutableVolumeSet (MutableVolumeSet.java:initializeVolumeSet(173)) - Added Volume : /home/runner/work/ozone/ozone/hadoop-ozone/integration-test/target/test-dir/MiniOzoneClusterImpl-ed78929e-9b9e-4304-bdcd-e93070d12e9d/ozone-meta/datanode-2/ratis to VolumeSet
2024-06-22 13:31:47,397 [main] INFO  ozoneimpl.OzoneContainer (HddsVolumeUtil.java:loadAllHddsVolumeDbStore(103)) - Load 1 volumes DbStore cost: 0ms
2024-06-22 13:31:47,401 [main] INFO  server.RaftServer (ConfUtils.java:logGet(46)) - raft.rpc.type = GRPC (default)
2024-06-22 13:31:47,402 [main] INFO  grpc.GrpcConfigKeys (ConfUtils.java:logFallback(53)) - raft.grpc.admin.host = null (fallback to raft.grpc.server.host)
2024-06-22 13:31:47,402 [main] INFO  grpc.GrpcConfigKeys (ConfUtils.java:logGet(46)) - raft.grpc.admin.port = 15022 (custom)
2024-06-22 13:31:47,402 [main] INFO  grpc.GrpcConfigKeys (ConfUtils.java:logFallback(53)) - raft.grpc.client.host = null (fallback to raft.grpc.server.host)
2024-06-22 13:31:47,402 [main] INFO  grpc.GrpcConfigKeys (ConfUtils.java:logGet(46)) - raft.grpc.client.port = 15021 (custom)
2024-06-22 13:31:47,403 [main] INFO  grpc.GrpcConfigKeys (ConfUtils.java:logGet(46)) - raft.grpc.server.host = null (default)
2024-06-22 13:31:47,403 [main] INFO  grpc.GrpcConfigKeys (ConfUtils.java:logGet(46)) - raft.grpc.server.port = 15023 (custom)
2024-06-22 13:31:47,403 [main] INFO  server.GrpcService (ConfUtils.java:logGet(46)) - raft.grpc.message.size.max = 32MB (=33554432) (custom)
2024-06-22 13:31:47,403 [main] INFO  server.RaftServerConfigKeys (ConfUtils.java:logGet(46)) - raft.server.log.appender.buffer.byte-limit = 8388608 (custom)
2024-06-22 13:31:47,403 [main] INFO  server.GrpcService (ConfUtils.java:logGet(46)) - raft.grpc.flow.control.window = 5MB (=5242880) (custom)
2024-06-22 13:31:47,403 [main] INFO  server.RaftServerConfigKeys (ConfUtils.java:logGet(46)) - raft.server.rpc.request.timeout = 60s (custom)
2024-06-22 13:31:47,404 [main] INFO  grpc.GrpcConfigKeys (ConfUtils.java:logGet(46)) - raft.grpc.server.heartbeat.channel = true (default)
2024-06-22 13:31:47,404 [main] INFO  grpc.GrpcConfigKeys (ConfUtils.java:logGet(46)) - raft.grpc.server.async.request.thread.pool.cached = true (default)
2024-06-22 13:31:47,404 [main] INFO  grpc.GrpcConfigKeys (ConfUtils.java:logGet(46)) - raft.grpc.server.async.request.thread.pool.size = 32 (default)
2024-06-22 13:31:47,407 [main] INFO  impl.DataStreamServerImpl (ConfUtils.java:logGet(46)) - raft.datastream.type = NETTY (custom)
2024-06-22 13:31:47,407 [main] INFO  server.RaftServerConfigKeys (ConfUtils.java:logGet(46)) - raft.server.data-stream.async.request.thread.pool.cached = false (default)
2024-06-22 13:31:47,407 [main] INFO  server.RaftServerConfigKeys (ConfUtils.java:logGet(46)) - raft.server.data-stream.async.request.thread.pool.size = 20 (custom)
2024-06-22 13:31:47,408 [main] INFO  server.RaftServerConfigKeys (ConfUtils.java:logGet(46)) - raft.server.data-stream.async.write.thread.pool.size = 16 (default)
2024-06-22 13:31:47,408 [main] INFO  netty.NettyConfigKeys$DataStream (ConfUtils.java:logGet(46)) - raft.netty.dataStream.server.channel.inactive.grace-period = 10min (default)
2024-06-22 13:31:47,408 [main] INFO  server.RaftServerConfigKeys (ConfUtils.java:logGet(46)) - raft.server.data-stream.client.pool.size = 10 (default)
2024-06-22 13:31:47,408 [main] INFO  netty.NettyConfigKeys$DataStream (ConfUtils.java:logGet(46)) - raft.netty.dataStream.server.use-epoll = true (default)
2024-06-22 13:31:47,408 [main] INFO  netty.NettyConfigKeys$DataStream (ConfUtils.java:logGet(46)) - raft.netty.dataStream.server.boss-group.size = 0 (default)
2024-06-22 13:31:47,409 [main] INFO  netty.NettyUtils (NettyUtils.java:newEventLoopGroup(69)) - Create EpollEventLoopGroup for fdf93896-5abf-403c-99a8-bb8ea43c9a14-NettyServerStreamRpc-bossGroup; Thread size is 0.
2024-06-22 13:31:47,409 [main] INFO  netty.NettyConfigKeys$DataStream (ConfUtils.java:logGet(46)) - raft.netty.dataStream.server.worker-group.size = 0 (default)
2024-06-22 13:31:47,410 [main] INFO  netty.NettyUtils (NettyUtils.java:newEventLoopGroup(69)) - Create EpollEventLoopGroup for fdf93896-5abf-403c-99a8-bb8ea43c9a14-NettyServerStreamRpc-workerGroup; Thread size is 0.
2024-06-22 13:31:47,438 [main] INFO  netty.NettyConfigKeys$DataStream (ConfUtils.java:logGet(46)) - raft.netty.dataStream.server.tls.conf = null (default)
2024-06-22 13:31:47,439 [main] INFO  netty.NettyConfigKeys$DataStream (ConfUtils.java:logGet(46)) - raft.netty.dataStream.host = null (default)
2024-06-22 13:31:47,439 [main] INFO  netty.NettyConfigKeys$DataStream (ConfUtils.java:logGet(46)) - raft.netty.dataStream.port = 15024 (custom)
2024-06-22 13:31:47,440 [main] INFO  server.RaftServerConfigKeys (ConfUtils.java:logGet(46)) - raft.server.sleep.deviation.threshold = 300ms (default)
2024-06-22 13:31:47,440 [main] INFO  server.RaftServerConfigKeys (ConfUtils.java:logGet(46)) - raft.server.close.threshold = 60s (default)
2024-06-22 13:31:47,440 [main] INFO  server.RaftServerConfigKeys (ConfUtils.java:logGet(46)) - raft.server.leaderelection.leader.step-down.wait-time = 10s (default)
2024-06-22 13:31:47,440 [main] INFO  server.RaftServerConfigKeys (ConfUtils.java:logGet(46)) - raft.server.storage.dir = [/home/runner/work/ozone/ozone/hadoop-ozone/integration-test/target/test-dir/MiniOzoneClusterImpl-ed78929e-9b9e-4304-bdcd-e93070d12e9d/ozone-meta/datanode-2/ratis] (custom)
2024-06-22 13:31:47,441 [main] INFO  server.RaftServerConfigKeys (ConfUtils.java:logGet(46)) - raft.server.threadpool.proxy.cached = true (default)
2024-06-22 13:31:47,441 [main] INFO  server.RaftServerConfigKeys (ConfUtils.java:logGet(46)) - raft.server.threadpool.proxy.size = 0 (default)
2024-06-22 13:31:47,441 [fdf93896-5abf-403c-99a8-bb8ea43c9a14-NettyServerStreamRpc-bossGroup--thread1] INFO  logging.LoggingHandler (AbstractInternalLogger.java:log(148)) - [id: 0x14ea9ce0] REGISTERED
2024-06-22 13:31:47,442 [fdf93896-5abf-403c-99a8-bb8ea43c9a14-NettyServerStreamRpc-bossGroup--thread1] INFO  logging.LoggingHandler (AbstractInternalLogger.java:log(148)) - [id: 0x14ea9ce0] BIND: 0.0.0.0/0.0.0.0:15024
2024-06-22 13:31:47,442 [fdf93896-5abf-403c-99a8-bb8ea43c9a14-NettyServerStreamRpc-bossGroup--thread1] INFO  logging.LoggingHandler (AbstractInternalLogger.java:log(148)) - [id: 0x14ea9ce0, L:/0.0.0.0:15024] ACTIVE
2024-06-22 13:31:47,443 [fdf93896-5abf-403c-99a8-bb8ea43c9a14-impl-thread1] INFO  server.RaftServer (RaftServerProxy.java:initGroupDir(264)) - fdf93896-5abf-403c-99a8-bb8ea43c9a14: found a subdirectory /home/runner/work/ozone/ozone/hadoop-ozone/integration-test/target/test-dir/MiniOzoneClusterImpl-ed78929e-9b9e-4304-bdcd-e93070d12e9d/ozone-meta/datanode-2/ratis/tmp
2024-06-22 13:31:47,443 [fdf93896-5abf-403c-99a8-bb8ea43c9a14-impl-thread1] INFO  server.RaftServer (RaftServerProxy.java:initGroupDir(269)) - fdf93896-5abf-403c-99a8-bb8ea43c9a14: The directory /home/runner/work/ozone/ozone/hadoop-ozone/integration-test/target/test-dir/MiniOzoneClusterImpl-ed78929e-9b9e-4304-bdcd-e93070d12e9d/ozone-meta/datanode-2/ratis/tmp is not a group directory; ignoring it. 
2024-06-22 13:31:47,443 [main] INFO  replication.ReplicationServer (ReplicationServer.java:<init>(86)) - Initializing replication server with thread count = 10 queue length = 4096
2024-06-22 13:31:47,445 [main] INFO  server.XceiverServerGrpc (XceiverServerGrpc.java:<init>(141)) - GrpcServer channel type EpollServerSocketChannel
2024-06-22 13:31:47,449 [main] INFO  replication.ReplicationSupervisor (ReplicationSupervisor.java:build(157)) - Initializing replication supervisor with thread count = 10
2024-06-22 13:31:47,449 [main] INFO  replication.ReplicationSupervisor (ReplicationSupervisor.java:nodeStateUpdated(312)) - Node state updated to IN_SERVICE, scaling executor pool size to 10
2024-06-22 13:31:47,454 [main] INFO  http.BaseHttpServer (BaseHttpServer.java:newHttpServer2BuilderForOzone(223)) - Starting Web-server for hddsDatanode at: http://0.0.0.0:15018
2024-06-22 13:31:47,455 [main] INFO  http.BaseHttpServer (BaseHttpServer.java:<init>(110)) - Hadoop Security Enabled: false Ozone Security Enabled: false Ozone HTTP Security Enabled: false 
2024-06-22 13:31:47,457 [main] WARN  server.AuthenticationFilter (AuthenticationFilter.java:constructSecretProvider(240)) - Unable to initialize FileSignerSecretProvider, falling back to use random secrets. Reason: Could not read signature secret file: /home/runner/hadoop-http-auth-signature-secret
2024-06-22 13:31:47,465 [main] INFO  http.HttpRequestLog (HttpRequestLog.java:getRequestLog(86)) - Http request log for http.requests.hddsDatanode is not defined
2024-06-22 13:31:47,467 [main] INFO  http.HttpServer2 (HttpServer2.java:addGlobalFilter(1036)) - Added global filter 'safety' (class=org.apache.hadoop.hdds.server.http.HttpServer2$QuotingInputFilter)
2024-06-22 13:31:47,469 [main] INFO  http.HttpServer2 (HttpServer2.java:addFilter(1012)) - Added filter static_user_filter (class=org.apache.hadoop.http.lib.StaticUserWebFilter$StaticUserFilter) to context hddsDatanode
2024-06-22 13:31:47,469 [main] INFO  http.HttpServer2 (HttpServer2.java:addFilter(1020)) - Added filter static_user_filter (class=org.apache.hadoop.http.lib.StaticUserWebFilter$StaticUserFilter) to context logs
2024-06-22 13:31:47,469 [main] INFO  http.HttpServer2 (HttpServer2.java:addFilter(1020)) - Added filter static_user_filter (class=org.apache.hadoop.http.lib.StaticUserWebFilter$StaticUserFilter) to context static
2024-06-22 13:31:47,470 [main] INFO  http.BaseHttpServer (BaseHttpServer.java:<init>(189)) - HTTP server of hddsDatanode uses base directory /home/runner/work/ozone/ozone/hadoop-ozone/integration-test/target/test-dir/MiniOzoneClusterImpl-ed78929e-9b9e-4304-bdcd-e93070d12e9d/ozone-meta/datanode-2/meta/webserver
2024-06-22 13:31:47,470 [main] INFO  http.HttpServer2 (HttpServer2.java:bindListener(1236)) - Jetty bound to port 15018
2024-06-22 13:31:47,471 [main] INFO  server.Server (Server.java:doStart(375)) - jetty-9.4.54.v20240208; built: 2024-02-08T19:42:39.027Z; git: cef3fbd6d736a21e7d541a5db490381d95a2047d; jvm 17.0.11+9
2024-06-22 13:31:47,477 [main] INFO  server.session (DefaultSessionIdManager.java:doStart(334)) - DefaultSessionIdManager workerName=node0
2024-06-22 13:31:47,477 [main] INFO  server.session (DefaultSessionIdManager.java:doStart(339)) - No SessionScavenger set, using defaults
2024-06-22 13:31:47,477 [main] INFO  server.session (HouseKeeper.java:startScavenging(132)) - node0 Scavenging every 600000ms
2024-06-22 13:31:47,479 [main] INFO  handler.ContextHandler (ContextHandler.java:doStart(921)) - Started o.e.j.s.ServletContextHandler@21ca613b{logs,/logs,file:///home/runner/work/ozone/ozone/hadoop-ozone/integration-test/target/log,AVAILABLE}
2024-06-22 13:31:47,479 [main] INFO  handler.ContextHandler (ContextHandler.java:doStart(921)) - Started o.e.j.s.ServletContextHandler@1af1aae9{static,/static,file:///home/runner/work/ozone/ozone/hadoop-hdds/container-service/target/classes/webapps/static,AVAILABLE}
2024-06-22 13:31:47,488 [main] INFO  handler.ContextHandler (ContextHandler.java:doStart(921)) - Started o.e.j.w.WebAppContext@55f77306{hddsDatanode,/,file:///home/runner/work/ozone/ozone/hadoop-hdds/container-service/target/classes/webapps/hddsDatanode/,AVAILABLE}{file:/home/runner/work/ozone/ozone/hadoop-hdds/container-service/target/classes/webapps/hddsDatanode}
2024-06-22 13:31:47,489 [main] INFO  server.AbstractConnector (AbstractConnector.java:doStart(333)) - Started ServerConnector@46eaf531{HTTP/1.1, (http/1.1)}{0.0.0.0:15018}
2024-06-22 13:31:47,490 [main] INFO  server.Server (Server.java:doStart(415)) - Started @8878ms
2024-06-22 13:31:47,490 [main] WARN  impl.MetricsSystemImpl (MetricsSystemImpl.java:register(279)) - Sink prometheus already exists!
2024-06-22 13:31:47,493 [main] INFO  http.BaseHttpServer (BaseHttpServer.java:updateConnectorAddress(354)) - HTTP server of hddsDatanode listening at http://0.0.0.0:15018
2024-06-22 13:31:47,493 [main] INFO  ipc.CallQueueManager (CallQueueManager.java:<init>(90)) - Using callQueue: class java.util.concurrent.LinkedBlockingQueue, queueCapacity: 100, scheduler: class org.apache.hadoop.ipc.DefaultRpcScheduler, ipcBackoff: false.
2024-06-22 13:31:47,493 [main] INFO  ipc.Server (Server.java:<init>(1287)) - Listener at 0.0.0.0:15019
2024-06-22 13:31:47,494 [Socket Reader #1 for port 15019] INFO  ipc.Server (Server.java:run(1323)) - Starting Socket Reader #1 for port 15019
2024-06-22 13:31:47,498 [main] INFO  ozone.HddsDatanodeService (HddsDatanodeService.java:start(321)) - Datanode start with admins: [runner]
2024-06-22 13:31:47,498 [main] INFO  ozone.HddsDatanodeClientProtocolServer (HddsDatanodeClientProtocolServer.java:start(77)) - RPC server for Client /0.0.0.0:15019
2024-06-22 13:31:47,498 [IPC Server Responder] INFO  ipc.Server (Server.java:run(1562)) - IPC Server Responder: starting
2024-06-22 13:31:47,499 [IPC Server listener on 15019] INFO  ipc.Server (Server.java:run(1402)) - IPC Server listener on 15019: starting
2024-06-22 13:31:47,499 [main] WARN  dropwizard3.Dm3MetricRegistriesImpl (Dm3MetricRegistriesImpl.java:addReporterRegistration(113)) - New reporters are added after registries were created. Some metrics will be missing from the reporter. Please add reporter before adding any new registry.
2024-06-22 13:31:47,499 [main] WARN  dropwizard3.Dm3MetricRegistriesImpl (Dm3MetricRegistriesImpl.java:addReporterRegistration(113)) - New reporters are added after registries were created. Some metrics will be missing from the reporter. Please add reporter before adding any new registry.
2024-06-22 13:31:47,499 [main] INFO  impl.MetricsSystemImpl (MetricsSystemImpl.java:init(158)) - HddsDatanode metrics system started (again)
2024-06-22 13:31:47,507 [fdf93896-5abf-403c-99a8-bb8ea43c9a14-DatanodeStateMachineDaemonThread] INFO  statemachine.DatanodeStateMachine (DatanodeStateMachine.java:lambda$startDaemon$1(545)) - Ozone container server started.
2024-06-22 13:31:47,520 [main] INFO  ozone.HddsDatanodeService (HddsDatanodeService.java:start(237)) - HddsDatanodeService host:fv-az882-123.q2gudnguzteuze5zk335zrm3jf.ex.internal.cloudapp.net ip:10.1.0.52
2024-06-22 13:31:47,523 [main] INFO  upgrade.AbstractLayoutVersionManager (AbstractLayoutVersionManager.java:init(83)) - Initializing Layout version manager with metadata layout = HADOOP_PRC_PORTS_IN_DATANODEDETAILS (version = 7), software layout = HADOOP_PRC_PORTS_IN_DATANODEDETAILS (version = 7)
2024-06-22 13:31:47,524 [main] INFO  statemachine.DatanodeStateMachine (DatanodeStateMachine.java:getEndPointTaskThreadPoolSize(293)) - Datanode State Machine Task Thread Pool size 2
2024-06-22 13:31:47,526 [c511b233-3aa4-4954-9335-f5d54c64e497-DatanodeStateMachineTaskThread-0] INFO  datanode.InitDatanodeState (InitDatanodeState.java:persistContainerDatanodeDetails(139)) - DatanodeDetails is persisted to /home/runner/work/ozone/ozone/hadoop-ozone/integration-test/target/test-dir/MiniOzoneClusterImpl-ed78929e-9b9e-4304-bdcd-e93070d12e9d/ozone-meta/datanode-1/meta/datanode.id
2024-06-22 13:31:47,527 [main] INFO  volume.HddsVolume (HddsVolume.java:<init>(126)) - Creating HddsVolume: /home/runner/work/ozone/ozone/hadoop-ozone/integration-test/target/test-dir/MiniOzoneClusterImpl-ed78929e-9b9e-4304-bdcd-e93070d12e9d/ozone-meta/datanode-3/data-0/hdds of storage type : DISK capacity : 9222449699674390527
2024-06-22 13:31:47,527 [main] INFO  volume.MutableVolumeSet (MutableVolumeSet.java:initializeVolumeSet(173)) - Added Volume : /home/runner/work/ozone/ozone/hadoop-ozone/integration-test/target/test-dir/MiniOzoneClusterImpl-ed78929e-9b9e-4304-bdcd-e93070d12e9d/ozone-meta/datanode-3/data-0/hdds to VolumeSet
2024-06-22 13:31:47,529 [main] INFO  volume.MutableVolumeSet (MutableVolumeSet.java:initializeVolumeSet(173)) - Added Volume : /home/runner/work/ozone/ozone/hadoop-ozone/integration-test/target/test-dir/MiniOzoneClusterImpl-ed78929e-9b9e-4304-bdcd-e93070d12e9d/ozone-meta/datanode-3/ratis to VolumeSet
2024-06-22 13:31:47,532 [fdf93896-5abf-403c-99a8-bb8ea43c9a14-DatanodeStateMachineTaskThread-0] INFO  datanode.InitDatanodeState (InitDatanodeState.java:persistContainerDatanodeDetails(139)) - DatanodeDetails is persisted to /home/runner/work/ozone/ozone/hadoop-ozone/integration-test/target/test-dir/MiniOzoneClusterImpl-ed78929e-9b9e-4304-bdcd-e93070d12e9d/ozone-meta/datanode-2/meta/datanode.id
2024-06-22 13:31:47,532 [main] INFO  ozoneimpl.OzoneContainer (HddsVolumeUtil.java:loadAllHddsVolumeDbStore(103)) - Load 1 volumes DbStore cost: 0ms
2024-06-22 13:31:47,537 [main] INFO  server.RaftServer (ConfUtils.java:logGet(46)) - raft.rpc.type = GRPC (default)
2024-06-22 13:31:47,537 [main] INFO  grpc.GrpcConfigKeys (ConfUtils.java:logFallback(53)) - raft.grpc.admin.host = null (fallback to raft.grpc.server.host)
2024-06-22 13:31:47,537 [main] INFO  grpc.GrpcConfigKeys (ConfUtils.java:logGet(46)) - raft.grpc.admin.port = 15031 (custom)
2024-06-22 13:31:47,537 [main] INFO  grpc.GrpcConfigKeys (ConfUtils.java:logFallback(53)) - raft.grpc.client.host = null (fallback to raft.grpc.server.host)
2024-06-22 13:31:47,538 [main] INFO  grpc.GrpcConfigKeys (ConfUtils.java:logGet(46)) - raft.grpc.client.port = 15030 (custom)
2024-06-22 13:31:47,538 [main] INFO  grpc.GrpcConfigKeys (ConfUtils.java:logGet(46)) - raft.grpc.server.host = null (default)
2024-06-22 13:31:47,538 [main] INFO  grpc.GrpcConfigKeys (ConfUtils.java:logGet(46)) - raft.grpc.server.port = 15032 (custom)
2024-06-22 13:31:47,538 [main] INFO  server.GrpcService (ConfUtils.java:logGet(46)) - raft.grpc.message.size.max = 32MB (=33554432) (custom)
2024-06-22 13:31:47,538 [main] INFO  server.RaftServerConfigKeys (ConfUtils.java:logGet(46)) - raft.server.log.appender.buffer.byte-limit = 8388608 (custom)
2024-06-22 13:31:47,538 [main] INFO  server.GrpcService (ConfUtils.java:logGet(46)) - raft.grpc.flow.control.window = 5MB (=5242880) (custom)
2024-06-22 13:31:47,539 [main] INFO  server.RaftServerConfigKeys (ConfUtils.java:logGet(46)) - raft.server.rpc.request.timeout = 60s (custom)
2024-06-22 13:31:47,539 [main] INFO  grpc.GrpcConfigKeys (ConfUtils.java:logGet(46)) - raft.grpc.server.heartbeat.channel = true (default)
2024-06-22 13:31:47,539 [main] INFO  grpc.GrpcConfigKeys (ConfUtils.java:logGet(46)) - raft.grpc.server.async.request.thread.pool.cached = true (default)
2024-06-22 13:31:47,539 [main] INFO  grpc.GrpcConfigKeys (ConfUtils.java:logGet(46)) - raft.grpc.server.async.request.thread.pool.size = 32 (default)
2024-06-22 13:31:47,541 [main] INFO  impl.DataStreamServerImpl (ConfUtils.java:logGet(46)) - raft.datastream.type = NETTY (custom)
2024-06-22 13:31:47,542 [main] INFO  server.RaftServerConfigKeys (ConfUtils.java:logGet(46)) - raft.server.data-stream.async.request.thread.pool.cached = false (default)
2024-06-22 13:31:47,542 [main] INFO  server.RaftServerConfigKeys (ConfUtils.java:logGet(46)) - raft.server.data-stream.async.request.thread.pool.size = 20 (custom)
2024-06-22 13:31:47,542 [main] INFO  server.RaftServerConfigKeys (ConfUtils.java:logGet(46)) - raft.server.data-stream.async.write.thread.pool.size = 16 (default)
2024-06-22 13:31:47,543 [main] INFO  netty.NettyConfigKeys$DataStream (ConfUtils.java:logGet(46)) - raft.netty.dataStream.server.channel.inactive.grace-period = 10min (default)
2024-06-22 13:31:47,543 [main] INFO  server.RaftServerConfigKeys (ConfUtils.java:logGet(46)) - raft.server.data-stream.client.pool.size = 10 (default)
2024-06-22 13:31:47,543 [main] INFO  netty.NettyConfigKeys$DataStream (ConfUtils.java:logGet(46)) - raft.netty.dataStream.server.use-epoll = true (default)
2024-06-22 13:31:47,543 [main] INFO  netty.NettyConfigKeys$DataStream (ConfUtils.java:logGet(46)) - raft.netty.dataStream.server.boss-group.size = 0 (default)
2024-06-22 13:31:47,543 [main] INFO  netty.NettyUtils (NettyUtils.java:newEventLoopGroup(69)) - Create EpollEventLoopGroup for b47eb027-4b7a-4ddc-bf7f-0870758e0604-NettyServerStreamRpc-bossGroup; Thread size is 0.
2024-06-22 13:31:47,544 [main] INFO  netty.NettyConfigKeys$DataStream (ConfUtils.java:logGet(46)) - raft.netty.dataStream.server.worker-group.size = 0 (default)
2024-06-22 13:31:47,544 [main] INFO  netty.NettyUtils (NettyUtils.java:newEventLoopGroup(69)) - Create EpollEventLoopGroup for b47eb027-4b7a-4ddc-bf7f-0870758e0604-NettyServerStreamRpc-workerGroup; Thread size is 0.
2024-06-22 13:31:47,545 [main] INFO  netty.NettyConfigKeys$DataStream (ConfUtils.java:logGet(46)) - raft.netty.dataStream.server.tls.conf = null (default)
2024-06-22 13:31:47,545 [main] INFO  netty.NettyConfigKeys$DataStream (ConfUtils.java:logGet(46)) - raft.netty.dataStream.host = null (default)
2024-06-22 13:31:47,545 [main] INFO  netty.NettyConfigKeys$DataStream (ConfUtils.java:logGet(46)) - raft.netty.dataStream.port = 15033 (custom)
2024-06-22 13:31:47,546 [main] INFO  server.RaftServerConfigKeys (ConfUtils.java:logGet(46)) - raft.server.sleep.deviation.threshold = 300ms (default)
2024-06-22 13:31:47,546 [main] INFO  server.RaftServerConfigKeys (ConfUtils.java:logGet(46)) - raft.server.close.threshold = 60s (default)
2024-06-22 13:31:47,546 [main] INFO  server.RaftServerConfigKeys (ConfUtils.java:logGet(46)) - raft.server.leaderelection.leader.step-down.wait-time = 10s (default)
2024-06-22 13:31:47,546 [b47eb027-4b7a-4ddc-bf7f-0870758e0604-NettyServerStreamRpc-bossGroup--thread1] INFO  logging.LoggingHandler (AbstractInternalLogger.java:log(148)) - [id: 0x8abd02d2] REGISTERED
2024-06-22 13:31:47,546 [main] INFO  server.RaftServerConfigKeys (ConfUtils.java:logGet(46)) - raft.server.storage.dir = [/home/runner/work/ozone/ozone/hadoop-ozone/integration-test/target/test-dir/MiniOzoneClusterImpl-ed78929e-9b9e-4304-bdcd-e93070d12e9d/ozone-meta/datanode-3/ratis] (custom)
2024-06-22 13:31:47,546 [b47eb027-4b7a-4ddc-bf7f-0870758e0604-NettyServerStreamRpc-bossGroup--thread1] INFO  logging.LoggingHandler (AbstractInternalLogger.java:log(148)) - [id: 0x8abd02d2] BIND: 0.0.0.0/0.0.0.0:15033
2024-06-22 13:31:47,546 [main] INFO  server.RaftServerConfigKeys (ConfUtils.java:logGet(46)) - raft.server.threadpool.proxy.cached = true (default)
2024-06-22 13:31:47,547 [b47eb027-4b7a-4ddc-bf7f-0870758e0604-NettyServerStreamRpc-bossGroup--thread1] INFO  logging.LoggingHandler (AbstractInternalLogger.java:log(148)) - [id: 0x8abd02d2, L:/0.0.0.0:15033] ACTIVE
2024-06-22 13:31:47,547 [main] INFO  server.RaftServerConfigKeys (ConfUtils.java:logGet(46)) - raft.server.threadpool.proxy.size = 0 (default)
2024-06-22 13:31:47,547 [b47eb027-4b7a-4ddc-bf7f-0870758e0604-impl-thread1] INFO  server.RaftServer (RaftServerProxy.java:initGroupDir(264)) - b47eb027-4b7a-4ddc-bf7f-0870758e0604: found a subdirectory /home/runner/work/ozone/ozone/hadoop-ozone/integration-test/target/test-dir/MiniOzoneClusterImpl-ed78929e-9b9e-4304-bdcd-e93070d12e9d/ozone-meta/datanode-3/ratis/tmp
2024-06-22 13:31:47,547 [b47eb027-4b7a-4ddc-bf7f-0870758e0604-impl-thread1] INFO  server.RaftServer (RaftServerProxy.java:initGroupDir(269)) - b47eb027-4b7a-4ddc-bf7f-0870758e0604: The directory /home/runner/work/ozone/ozone/hadoop-ozone/integration-test/target/test-dir/MiniOzoneClusterImpl-ed78929e-9b9e-4304-bdcd-e93070d12e9d/ozone-meta/datanode-3/ratis/tmp is not a group directory; ignoring it. 
2024-06-22 13:31:47,548 [main] INFO  replication.ReplicationServer (ReplicationServer.java:<init>(86)) - Initializing replication server with thread count = 10 queue length = 4096
2024-06-22 13:31:47,550 [main] INFO  server.XceiverServerGrpc (XceiverServerGrpc.java:<init>(141)) - GrpcServer channel type EpollServerSocketChannel
2024-06-22 13:31:47,553 [main] INFO  replication.ReplicationSupervisor (ReplicationSupervisor.java:build(157)) - Initializing replication supervisor with thread count = 10
2024-06-22 13:31:47,553 [main] INFO  replication.ReplicationSupervisor (ReplicationSupervisor.java:nodeStateUpdated(312)) - Node state updated to IN_SERVICE, scaling executor pool size to 10
2024-06-22 13:31:47,556 [main] INFO  http.BaseHttpServer (BaseHttpServer.java:newHttpServer2BuilderForOzone(223)) - Starting Web-server for hddsDatanode at: http://0.0.0.0:15027
2024-06-22 13:31:47,557 [main] INFO  http.BaseHttpServer (BaseHttpServer.java:<init>(110)) - Hadoop Security Enabled: false Ozone Security Enabled: false Ozone HTTP Security Enabled: false 
2024-06-22 13:31:47,559 [main] WARN  server.AuthenticationFilter (AuthenticationFilter.java:constructSecretProvider(240)) - Unable to initialize FileSignerSecretProvider, falling back to use random secrets. Reason: Could not read signature secret file: /home/runner/hadoop-http-auth-signature-secret
2024-06-22 13:31:47,560 [main] INFO  http.HttpRequestLog (HttpRequestLog.java:getRequestLog(86)) - Http request log for http.requests.hddsDatanode is not defined
2024-06-22 13:31:47,562 [main] INFO  http.HttpServer2 (HttpServer2.java:addGlobalFilter(1036)) - Added global filter 'safety' (class=org.apache.hadoop.hdds.server.http.HttpServer2$QuotingInputFilter)
2024-06-22 13:31:47,566 [main] INFO  http.HttpServer2 (HttpServer2.java:addFilter(1012)) - Added filter static_user_filter (class=org.apache.hadoop.http.lib.StaticUserWebFilter$StaticUserFilter) to context hddsDatanode
2024-06-22 13:31:47,566 [main] INFO  http.HttpServer2 (HttpServer2.java:addFilter(1020)) - Added filter static_user_filter (class=org.apache.hadoop.http.lib.StaticUserWebFilter$StaticUserFilter) to context static
2024-06-22 13:31:47,566 [main] INFO  http.HttpServer2 (HttpServer2.java:addFilter(1020)) - Added filter static_user_filter (class=org.apache.hadoop.http.lib.StaticUserWebFilter$StaticUserFilter) to context logs
2024-06-22 13:31:47,567 [main] INFO  http.BaseHttpServer (BaseHttpServer.java:<init>(189)) - HTTP server of hddsDatanode uses base directory /home/runner/work/ozone/ozone/hadoop-ozone/integration-test/target/test-dir/MiniOzoneClusterImpl-ed78929e-9b9e-4304-bdcd-e93070d12e9d/ozone-meta/datanode-3/meta/webserver
2024-06-22 13:31:47,567 [main] INFO  http.HttpServer2 (HttpServer2.java:bindListener(1236)) - Jetty bound to port 15027
2024-06-22 13:31:47,568 [main] INFO  server.Server (Server.java:doStart(375)) - jetty-9.4.54.v20240208; built: 2024-02-08T19:42:39.027Z; git: cef3fbd6d736a21e7d541a5db490381d95a2047d; jvm 17.0.11+9
2024-06-22 13:31:47,577 [main] INFO  server.session (DefaultSessionIdManager.java:doStart(334)) - DefaultSessionIdManager workerName=node0
2024-06-22 13:31:47,577 [main] INFO  server.session (DefaultSessionIdManager.java:doStart(339)) - No SessionScavenger set, using defaults
2024-06-22 13:31:47,578 [main] INFO  server.session (HouseKeeper.java:startScavenging(132)) - node0 Scavenging every 600000ms
2024-06-22 13:31:47,579 [main] INFO  handler.ContextHandler (ContextHandler.java:doStart(921)) - Started o.e.j.s.ServletContextHandler@2127c46b{logs,/logs,file:///home/runner/work/ozone/ozone/hadoop-ozone/integration-test/target/log,AVAILABLE}
2024-06-22 13:31:47,579 [main] INFO  handler.ContextHandler (ContextHandler.java:doStart(921)) - Started o.e.j.s.ServletContextHandler@5403d95{static,/static,file:///home/runner/work/ozone/ozone/hadoop-hdds/container-service/target/classes/webapps/static,AVAILABLE}
2024-06-22 13:31:47,585 [main] INFO  handler.ContextHandler (ContextHandler.java:doStart(921)) - Started o.e.j.w.WebAppContext@24d815da{hddsDatanode,/,file:///home/runner/work/ozone/ozone/hadoop-hdds/container-service/target/classes/webapps/hddsDatanode/,AVAILABLE}{file:/home/runner/work/ozone/ozone/hadoop-hdds/container-service/target/classes/webapps/hddsDatanode}
2024-06-22 13:31:47,586 [main] INFO  server.AbstractConnector (AbstractConnector.java:doStart(333)) - Started ServerConnector@3e5080ce{HTTP/1.1, (http/1.1)}{0.0.0.0:15027}
2024-06-22 13:31:47,586 [main] INFO  server.Server (Server.java:doStart(415)) - Started @8974ms
2024-06-22 13:31:47,586 [main] WARN  impl.MetricsSystemImpl (MetricsSystemImpl.java:register(279)) - Sink prometheus already exists!
2024-06-22 13:31:47,587 [main] INFO  http.BaseHttpServer (BaseHttpServer.java:updateConnectorAddress(354)) - HTTP server of hddsDatanode listening at http://0.0.0.0:15027
2024-06-22 13:31:47,588 [main] INFO  ipc.CallQueueManager (CallQueueManager.java:<init>(90)) - Using callQueue: class java.util.concurrent.LinkedBlockingQueue, queueCapacity: 100, scheduler: class org.apache.hadoop.ipc.DefaultRpcScheduler, ipcBackoff: false.
2024-06-22 13:31:47,588 [main] INFO  ipc.Server (Server.java:<init>(1287)) - Listener at 0.0.0.0:15028
2024-06-22 13:31:47,588 [Socket Reader #1 for port 15028] INFO  ipc.Server (Server.java:run(1323)) - Starting Socket Reader #1 for port 15028
2024-06-22 13:31:47,591 [main] INFO  ozone.HddsDatanodeService (HddsDatanodeService.java:start(321)) - Datanode start with admins: [runner]
2024-06-22 13:31:47,591 [main] INFO  ozone.HddsDatanodeClientProtocolServer (HddsDatanodeClientProtocolServer.java:start(77)) - RPC server for Client /0.0.0.0:15028
2024-06-22 13:31:47,591 [IPC Server Responder] INFO  ipc.Server (Server.java:run(1562)) - IPC Server Responder: starting
2024-06-22 13:31:47,592 [IPC Server listener on 15028] INFO  ipc.Server (Server.java:run(1402)) - IPC Server listener on 15028: starting
2024-06-22 13:31:47,593 [b47eb027-4b7a-4ddc-bf7f-0870758e0604-DatanodeStateMachineDaemonThread] INFO  statemachine.DatanodeStateMachine (DatanodeStateMachine.java:lambda$startDaemon$1(545)) - Ozone container server started.
2024-06-22 13:31:47,593 [main] WARN  dropwizard3.Dm3MetricRegistriesImpl (Dm3MetricRegistriesImpl.java:addReporterRegistration(113)) - New reporters are added after registries were created. Some metrics will be missing from the reporter. Please add reporter before adding any new registry.
2024-06-22 13:31:47,593 [main] WARN  dropwizard3.Dm3MetricRegistriesImpl (Dm3MetricRegistriesImpl.java:addReporterRegistration(113)) - New reporters are added after registries were created. Some metrics will be missing from the reporter. Please add reporter before adding any new registry.
2024-06-22 13:31:47,593 [main] INFO  impl.MetricsSystemImpl (MetricsSystemImpl.java:init(158)) - HddsDatanode metrics system started (again)
2024-06-22 13:31:47,606 [b47eb027-4b7a-4ddc-bf7f-0870758e0604-DatanodeStateMachineTaskThread-0] INFO  datanode.InitDatanodeState (InitDatanodeState.java:persistContainerDatanodeDetails(139)) - DatanodeDetails is persisted to /home/runner/work/ozone/ozone/hadoop-ozone/integration-test/target/test-dir/MiniOzoneClusterImpl-ed78929e-9b9e-4304-bdcd-e93070d12e9d/ozone-meta/datanode-3/meta/datanode.id
2024-06-22 13:31:47,608 [main] INFO  ozone.HddsDatanodeService (HddsDatanodeService.java:start(237)) - HddsDatanodeService host:fv-az882-123.q2gudnguzteuze5zk335zrm3jf.ex.internal.cloudapp.net ip:10.1.0.52
2024-06-22 13:31:47,613 [main] INFO  upgrade.AbstractLayoutVersionManager (AbstractLayoutVersionManager.java:init(83)) - Initializing Layout version manager with metadata layout = HADOOP_PRC_PORTS_IN_DATANODEDETAILS (version = 7), software layout = HADOOP_PRC_PORTS_IN_DATANODEDETAILS (version = 7)
2024-06-22 13:31:47,615 [main] INFO  statemachine.DatanodeStateMachine (DatanodeStateMachine.java:getEndPointTaskThreadPoolSize(293)) - Datanode State Machine Task Thread Pool size 2
2024-06-22 13:31:47,622 [main] INFO  volume.HddsVolume (HddsVolume.java:<init>(126)) - Creating HddsVolume: /home/runner/work/ozone/ozone/hadoop-ozone/integration-test/target/test-dir/MiniOzoneClusterImpl-ed78929e-9b9e-4304-bdcd-e93070d12e9d/ozone-meta/datanode-4/data-0/hdds of storage type : DISK capacity : 9222449699674390527
2024-06-22 13:31:47,622 [main] INFO  volume.MutableVolumeSet (MutableVolumeSet.java:initializeVolumeSet(173)) - Added Volume : /home/runner/work/ozone/ozone/hadoop-ozone/integration-test/target/test-dir/MiniOzoneClusterImpl-ed78929e-9b9e-4304-bdcd-e93070d12e9d/ozone-meta/datanode-4/data-0/hdds to VolumeSet
2024-06-22 13:31:47,624 [main] INFO  volume.MutableVolumeSet (MutableVolumeSet.java:initializeVolumeSet(173)) - Added Volume : /home/runner/work/ozone/ozone/hadoop-ozone/integration-test/target/test-dir/MiniOzoneClusterImpl-ed78929e-9b9e-4304-bdcd-e93070d12e9d/ozone-meta/datanode-4/ratis to VolumeSet
2024-06-22 13:31:47,625 [main] INFO  ozoneimpl.OzoneContainer (HddsVolumeUtil.java:loadAllHddsVolumeDbStore(103)) - Load 1 volumes DbStore cost: 0ms
2024-06-22 13:31:47,630 [main] INFO  server.RaftServer (ConfUtils.java:logGet(46)) - raft.rpc.type = GRPC (default)
2024-06-22 13:31:47,630 [main] INFO  grpc.GrpcConfigKeys (ConfUtils.java:logFallback(53)) - raft.grpc.admin.host = null (fallback to raft.grpc.server.host)
2024-06-22 13:31:47,631 [main] INFO  grpc.GrpcConfigKeys (ConfUtils.java:logGet(46)) - raft.grpc.admin.port = 15040 (custom)
2024-06-22 13:31:47,631 [main] INFO  grpc.GrpcConfigKeys (ConfUtils.java:logFallback(53)) - raft.grpc.client.host = null (fallback to raft.grpc.server.host)
2024-06-22 13:31:47,632 [main] INFO  grpc.GrpcConfigKeys (ConfUtils.java:logGet(46)) - raft.grpc.client.port = 15039 (custom)
2024-06-22 13:31:47,632 [main] INFO  grpc.GrpcConfigKeys (ConfUtils.java:logGet(46)) - raft.grpc.server.host = null (default)
2024-06-22 13:31:47,633 [main] INFO  grpc.GrpcConfigKeys (ConfUtils.java:logGet(46)) - raft.grpc.server.port = 15041 (custom)
2024-06-22 13:31:47,633 [main] INFO  server.GrpcService (ConfUtils.java:logGet(46)) - raft.grpc.message.size.max = 32MB (=33554432) (custom)
2024-06-22 13:31:47,634 [main] INFO  server.RaftServerConfigKeys (ConfUtils.java:logGet(46)) - raft.server.log.appender.buffer.byte-limit = 8388608 (custom)
2024-06-22 13:31:47,634 [main] INFO  server.GrpcService (ConfUtils.java:logGet(46)) - raft.grpc.flow.control.window = 5MB (=5242880) (custom)
2024-06-22 13:31:47,635 [main] INFO  server.RaftServerConfigKeys (ConfUtils.java:logGet(46)) - raft.server.rpc.request.timeout = 60s (custom)
2024-06-22 13:31:47,635 [main] INFO  grpc.GrpcConfigKeys (ConfUtils.java:logGet(46)) - raft.grpc.server.heartbeat.channel = true (default)
2024-06-22 13:31:47,636 [main] INFO  grpc.GrpcConfigKeys (ConfUtils.java:logGet(46)) - raft.grpc.server.async.request.thread.pool.cached = true (default)
2024-06-22 13:31:47,636 [main] INFO  grpc.GrpcConfigKeys (ConfUtils.java:logGet(46)) - raft.grpc.server.async.request.thread.pool.size = 32 (default)
2024-06-22 13:31:47,639 [main] INFO  impl.DataStreamServerImpl (ConfUtils.java:logGet(46)) - raft.datastream.type = NETTY (custom)
2024-06-22 13:31:47,640 [main] INFO  server.RaftServerConfigKeys (ConfUtils.java:logGet(46)) - raft.server.data-stream.async.request.thread.pool.cached = false (default)
2024-06-22 13:31:47,640 [main] INFO  server.RaftServerConfigKeys (ConfUtils.java:logGet(46)) - raft.server.data-stream.async.request.thread.pool.size = 20 (custom)
2024-06-22 13:31:47,640 [main] INFO  server.RaftServerConfigKeys (ConfUtils.java:logGet(46)) - raft.server.data-stream.async.write.thread.pool.size = 16 (default)
2024-06-22 13:31:47,640 [main] INFO  netty.NettyConfigKeys$DataStream (ConfUtils.java:logGet(46)) - raft.netty.dataStream.server.channel.inactive.grace-period = 10min (default)
2024-06-22 13:31:47,641 [main] INFO  server.RaftServerConfigKeys (ConfUtils.java:logGet(46)) - raft.server.data-stream.client.pool.size = 10 (default)
2024-06-22 13:31:47,641 [main] INFO  netty.NettyConfigKeys$DataStream (ConfUtils.java:logGet(46)) - raft.netty.dataStream.server.use-epoll = true (default)
2024-06-22 13:31:47,641 [main] INFO  netty.NettyConfigKeys$DataStream (ConfUtils.java:logGet(46)) - raft.netty.dataStream.server.boss-group.size = 0 (default)
2024-06-22 13:31:47,641 [main] INFO  netty.NettyUtils (NettyUtils.java:newEventLoopGroup(69)) - Create EpollEventLoopGroup for 6d6fe673-47e6-46c0-a6fc-601f54cde379-NettyServerStreamRpc-bossGroup; Thread size is 0.
2024-06-22 13:31:47,642 [main] INFO  netty.NettyConfigKeys$DataStream (ConfUtils.java:logGet(46)) - raft.netty.dataStream.server.worker-group.size = 0 (default)
2024-06-22 13:31:47,642 [main] INFO  netty.NettyUtils (NettyUtils.java:newEventLoopGroup(69)) - Create EpollEventLoopGroup for 6d6fe673-47e6-46c0-a6fc-601f54cde379-NettyServerStreamRpc-workerGroup; Thread size is 0.
2024-06-22 13:31:47,643 [main] INFO  netty.NettyConfigKeys$DataStream (ConfUtils.java:logGet(46)) - raft.netty.dataStream.server.tls.conf = null (default)
2024-06-22 13:31:47,643 [main] INFO  netty.NettyConfigKeys$DataStream (ConfUtils.java:logGet(46)) - raft.netty.dataStream.host = null (default)
2024-06-22 13:31:47,643 [main] INFO  netty.NettyConfigKeys$DataStream (ConfUtils.java:logGet(46)) - raft.netty.dataStream.port = 15042 (custom)
2024-06-22 13:31:47,644 [main] INFO  server.RaftServerConfigKeys (ConfUtils.java:logGet(46)) - raft.server.sleep.deviation.threshold = 300ms (default)
2024-06-22 13:31:47,644 [main] INFO  server.RaftServerConfigKeys (ConfUtils.java:logGet(46)) - raft.server.close.threshold = 60s (default)
2024-06-22 13:31:47,644 [main] INFO  server.RaftServerConfigKeys (ConfUtils.java:logGet(46)) - raft.server.leaderelection.leader.step-down.wait-time = 10s (default)
2024-06-22 13:31:47,644 [main] INFO  server.RaftServerConfigKeys (ConfUtils.java:logGet(46)) - raft.server.storage.dir = [/home/runner/work/ozone/ozone/hadoop-ozone/integration-test/target/test-dir/MiniOzoneClusterImpl-ed78929e-9b9e-4304-bdcd-e93070d12e9d/ozone-meta/datanode-4/ratis] (custom)
2024-06-22 13:31:47,644 [main] INFO  server.RaftServerConfigKeys (ConfUtils.java:logGet(46)) - raft.server.threadpool.proxy.cached = true (default)
2024-06-22 13:31:47,644 [main] INFO  server.RaftServerConfigKeys (ConfUtils.java:logGet(46)) - raft.server.threadpool.proxy.size = 0 (default)
2024-06-22 13:31:47,645 [6d6fe673-47e6-46c0-a6fc-601f54cde379-NettyServerStreamRpc-bossGroup--thread1] INFO  logging.LoggingHandler (AbstractInternalLogger.java:log(148)) - [id: 0x74b3e0bb] REGISTERED
2024-06-22 13:31:47,645 [6d6fe673-47e6-46c0-a6fc-601f54cde379-NettyServerStreamRpc-bossGroup--thread1] INFO  logging.LoggingHandler (AbstractInternalLogger.java:log(148)) - [id: 0x74b3e0bb] BIND: 0.0.0.0/0.0.0.0:15042
2024-06-22 13:31:47,645 [6d6fe673-47e6-46c0-a6fc-601f54cde379-NettyServerStreamRpc-bossGroup--thread1] INFO  logging.LoggingHandler (AbstractInternalLogger.java:log(148)) - [id: 0x74b3e0bb, L:/0.0.0.0:15042] ACTIVE
2024-06-22 13:31:47,646 [6d6fe673-47e6-46c0-a6fc-601f54cde379-impl-thread1] INFO  server.RaftServer (RaftServerProxy.java:initGroupDir(264)) - 6d6fe673-47e6-46c0-a6fc-601f54cde379: found a subdirectory /home/runner/work/ozone/ozone/hadoop-ozone/integration-test/target/test-dir/MiniOzoneClusterImpl-ed78929e-9b9e-4304-bdcd-e93070d12e9d/ozone-meta/datanode-4/ratis/tmp
2024-06-22 13:31:47,647 [6d6fe673-47e6-46c0-a6fc-601f54cde379-impl-thread1] INFO  server.RaftServer (RaftServerProxy.java:initGroupDir(269)) - 6d6fe673-47e6-46c0-a6fc-601f54cde379: The directory /home/runner/work/ozone/ozone/hadoop-ozone/integration-test/target/test-dir/MiniOzoneClusterImpl-ed78929e-9b9e-4304-bdcd-e93070d12e9d/ozone-meta/datanode-4/ratis/tmp is not a group directory; ignoring it. 
2024-06-22 13:31:47,647 [main] INFO  replication.ReplicationServer (ReplicationServer.java:<init>(86)) - Initializing replication server with thread count = 10 queue length = 4096
2024-06-22 13:31:47,649 [main] INFO  server.XceiverServerGrpc (XceiverServerGrpc.java:<init>(141)) - GrpcServer channel type EpollServerSocketChannel
2024-06-22 13:31:47,652 [main] INFO  replication.ReplicationSupervisor (ReplicationSupervisor.java:build(157)) - Initializing replication supervisor with thread count = 10
2024-06-22 13:31:47,652 [main] INFO  replication.ReplicationSupervisor (ReplicationSupervisor.java:nodeStateUpdated(312)) - Node state updated to IN_SERVICE, scaling executor pool size to 10
2024-06-22 13:31:47,656 [main] INFO  http.BaseHttpServer (BaseHttpServer.java:newHttpServer2BuilderForOzone(223)) - Starting Web-server for hddsDatanode at: http://0.0.0.0:15036
2024-06-22 13:31:47,656 [main] INFO  http.BaseHttpServer (BaseHttpServer.java:<init>(110)) - Hadoop Security Enabled: false Ozone Security Enabled: false Ozone HTTP Security Enabled: false 
2024-06-22 13:31:47,658 [main] WARN  server.AuthenticationFilter (AuthenticationFilter.java:constructSecretProvider(240)) - Unable to initialize FileSignerSecretProvider, falling back to use random secrets. Reason: Could not read signature secret file: /home/runner/hadoop-http-auth-signature-secret
2024-06-22 13:31:47,659 [main] INFO  http.HttpRequestLog (HttpRequestLog.java:getRequestLog(86)) - Http request log for http.requests.hddsDatanode is not defined
2024-06-22 13:31:47,661 [main] INFO  http.HttpServer2 (HttpServer2.java:addGlobalFilter(1036)) - Added global filter 'safety' (class=org.apache.hadoop.hdds.server.http.HttpServer2$QuotingInputFilter)
2024-06-22 13:31:47,662 [main] INFO  http.HttpServer2 (HttpServer2.java:addFilter(1012)) - Added filter static_user_filter (class=org.apache.hadoop.http.lib.StaticUserWebFilter$StaticUserFilter) to context hddsDatanode
2024-06-22 13:31:47,662 [main] INFO  http.HttpServer2 (HttpServer2.java:addFilter(1020)) - Added filter static_user_filter (class=org.apache.hadoop.http.lib.StaticUserWebFilter$StaticUserFilter) to context logs
2024-06-22 13:31:47,662 [main] INFO  http.HttpServer2 (HttpServer2.java:addFilter(1020)) - Added filter static_user_filter (class=org.apache.hadoop.http.lib.StaticUserWebFilter$StaticUserFilter) to context static
2024-06-22 13:31:47,663 [main] INFO  http.BaseHttpServer (BaseHttpServer.java:<init>(189)) - HTTP server of hddsDatanode uses base directory /home/runner/work/ozone/ozone/hadoop-ozone/integration-test/target/test-dir/MiniOzoneClusterImpl-ed78929e-9b9e-4304-bdcd-e93070d12e9d/ozone-meta/datanode-4/meta/webserver
2024-06-22 13:31:47,663 [main] INFO  http.HttpServer2 (HttpServer2.java:bindListener(1236)) - Jetty bound to port 15036
2024-06-22 13:31:47,663 [main] INFO  server.Server (Server.java:doStart(375)) - jetty-9.4.54.v20240208; built: 2024-02-08T19:42:39.027Z; git: cef3fbd6d736a21e7d541a5db490381d95a2047d; jvm 17.0.11+9
2024-06-22 13:31:47,670 [main] INFO  server.session (DefaultSessionIdManager.java:doStart(334)) - DefaultSessionIdManager workerName=node0
2024-06-22 13:31:47,670 [main] INFO  server.session (DefaultSessionIdManager.java:doStart(339)) - No SessionScavenger set, using defaults
2024-06-22 13:31:47,671 [main] INFO  server.session (HouseKeeper.java:startScavenging(132)) - node0 Scavenging every 660000ms
2024-06-22 13:31:47,671 [main] INFO  handler.ContextHandler (ContextHandler.java:doStart(921)) - Started o.e.j.s.ServletContextHandler@1d2fd73c{logs,/logs,file:///home/runner/work/ozone/ozone/hadoop-ozone/integration-test/target/log,AVAILABLE}
2024-06-22 13:31:47,672 [main] INFO  handler.ContextHandler (ContextHandler.java:doStart(921)) - Started o.e.j.s.ServletContextHandler@52fb37d7{static,/static,file:///home/runner/work/ozone/ozone/hadoop-hdds/container-service/target/classes/webapps/static,AVAILABLE}
2024-06-22 13:31:47,688 [main] INFO  handler.ContextHandler (ContextHandler.java:doStart(921)) - Started o.e.j.w.WebAppContext@65b75087{hddsDatanode,/,file:///home/runner/work/ozone/ozone/hadoop-hdds/container-service/target/classes/webapps/hddsDatanode/,AVAILABLE}{file:/home/runner/work/ozone/ozone/hadoop-hdds/container-service/target/classes/webapps/hddsDatanode}
2024-06-22 13:31:47,690 [main] INFO  server.AbstractConnector (AbstractConnector.java:doStart(333)) - Started ServerConnector@6f854741{HTTP/1.1, (http/1.1)}{0.0.0.0:15036}
2024-06-22 13:31:47,690 [main] INFO  server.Server (Server.java:doStart(415)) - Started @9078ms
2024-06-22 13:31:47,690 [main] WARN  impl.MetricsSystemImpl (MetricsSystemImpl.java:register(279)) - Sink prometheus already exists!
2024-06-22 13:31:47,692 [main] INFO  http.BaseHttpServer (BaseHttpServer.java:updateConnectorAddress(354)) - HTTP server of hddsDatanode listening at http://0.0.0.0:15036
2024-06-22 13:31:47,693 [main] INFO  ipc.CallQueueManager (CallQueueManager.java:<init>(90)) - Using callQueue: class java.util.concurrent.LinkedBlockingQueue, queueCapacity: 100, scheduler: class org.apache.hadoop.ipc.DefaultRpcScheduler, ipcBackoff: false.
2024-06-22 13:31:47,693 [main] INFO  ipc.Server (Server.java:<init>(1287)) - Listener at 0.0.0.0:15037
2024-06-22 13:31:47,694 [Socket Reader #1 for port 15037] INFO  ipc.Server (Server.java:run(1323)) - Starting Socket Reader #1 for port 15037
2024-06-22 13:31:47,696 [main] INFO  ozone.HddsDatanodeService (HddsDatanodeService.java:start(321)) - Datanode start with admins: [runner]
2024-06-22 13:31:47,696 [main] INFO  ozone.HddsDatanodeClientProtocolServer (HddsDatanodeClientProtocolServer.java:start(77)) - RPC server for Client /0.0.0.0:15037
2024-06-22 13:31:47,697 [IPC Server Responder] INFO  ipc.Server (Server.java:run(1562)) - IPC Server Responder: starting
2024-06-22 13:31:47,701 [IPC Server listener on 15037] INFO  ipc.Server (Server.java:run(1402)) - IPC Server listener on 15037: starting
2024-06-22 13:31:47,704 [6d6fe673-47e6-46c0-a6fc-601f54cde379-DatanodeStateMachineDaemonThread] INFO  statemachine.DatanodeStateMachine (DatanodeStateMachine.java:lambda$startDaemon$1(545)) - Ozone container server started.
2024-06-22 13:31:47,704 [main] WARN  dropwizard3.Dm3MetricRegistriesImpl (Dm3MetricRegistriesImpl.java:addReporterRegistration(113)) - New reporters are added after registries were created. Some metrics will be missing from the reporter. Please add reporter before adding any new registry.
2024-06-22 13:31:47,705 [main] WARN  dropwizard3.Dm3MetricRegistriesImpl (Dm3MetricRegistriesImpl.java:addReporterRegistration(113)) - New reporters are added after registries were created. Some metrics will be missing from the reporter. Please add reporter before adding any new registry.
2024-06-22 13:31:47,705 [main] INFO  impl.MetricsSystemImpl (MetricsSystemImpl.java:init(158)) - HddsDatanode metrics system started (again)
2024-06-22 13:31:47,728 [6d6fe673-47e6-46c0-a6fc-601f54cde379-DatanodeStateMachineTaskThread-0] INFO  datanode.InitDatanodeState (InitDatanodeState.java:persistContainerDatanodeDetails(139)) - DatanodeDetails is persisted to /home/runner/work/ozone/ozone/hadoop-ozone/integration-test/target/test-dir/MiniOzoneClusterImpl-ed78929e-9b9e-4304-bdcd-e93070d12e9d/ozone-meta/datanode-4/meta/datanode.id
2024-06-22 13:31:47,732 [main] INFO  ozone.HddsDatanodeService (HddsDatanodeService.java:start(237)) - HddsDatanodeService host:fv-az882-123.q2gudnguzteuze5zk335zrm3jf.ex.internal.cloudapp.net ip:10.1.0.52
2024-06-22 13:31:47,735 [main] INFO  upgrade.AbstractLayoutVersionManager (AbstractLayoutVersionManager.java:init(83)) - Initializing Layout version manager with metadata layout = HADOOP_PRC_PORTS_IN_DATANODEDETAILS (version = 7), software layout = HADOOP_PRC_PORTS_IN_DATANODEDETAILS (version = 7)
2024-06-22 13:31:47,736 [main] INFO  statemachine.DatanodeStateMachine (DatanodeStateMachine.java:getEndPointTaskThreadPoolSize(293)) - Datanode State Machine Task Thread Pool size 2
2024-06-22 13:31:47,739 [main] INFO  volume.HddsVolume (HddsVolume.java:<init>(126)) - Creating HddsVolume: /home/runner/work/ozone/ozone/hadoop-ozone/integration-test/target/test-dir/MiniOzoneClusterImpl-ed78929e-9b9e-4304-bdcd-e93070d12e9d/ozone-meta/datanode-5/data-0/hdds of storage type : DISK capacity : 9222449699674390527
2024-06-22 13:31:47,740 [main] INFO  volume.MutableVolumeSet (MutableVolumeSet.java:initializeVolumeSet(173)) - Added Volume : /home/runner/work/ozone/ozone/hadoop-ozone/integration-test/target/test-dir/MiniOzoneClusterImpl-ed78929e-9b9e-4304-bdcd-e93070d12e9d/ozone-meta/datanode-5/data-0/hdds to VolumeSet
2024-06-22 13:31:47,741 [main] INFO  volume.MutableVolumeSet (MutableVolumeSet.java:initializeVolumeSet(173)) - Added Volume : /home/runner/work/ozone/ozone/hadoop-ozone/integration-test/target/test-dir/MiniOzoneClusterImpl-ed78929e-9b9e-4304-bdcd-e93070d12e9d/ozone-meta/datanode-5/ratis to VolumeSet
2024-06-22 13:31:47,742 [main] INFO  ozoneimpl.OzoneContainer (HddsVolumeUtil.java:loadAllHddsVolumeDbStore(103)) - Load 1 volumes DbStore cost: 0ms
2024-06-22 13:31:47,747 [main] INFO  server.RaftServer (ConfUtils.java:logGet(46)) - raft.rpc.type = GRPC (default)
2024-06-22 13:31:47,747 [main] INFO  grpc.GrpcConfigKeys (ConfUtils.java:logFallback(53)) - raft.grpc.admin.host = null (fallback to raft.grpc.server.host)
2024-06-22 13:31:47,748 [main] INFO  grpc.GrpcConfigKeys (ConfUtils.java:logGet(46)) - raft.grpc.admin.port = 15049 (custom)
2024-06-22 13:31:47,748 [main] INFO  grpc.GrpcConfigKeys (ConfUtils.java:logFallback(53)) - raft.grpc.client.host = null (fallback to raft.grpc.server.host)
2024-06-22 13:31:47,749 [main] INFO  grpc.GrpcConfigKeys (ConfUtils.java:logGet(46)) - raft.grpc.client.port = 15048 (custom)
2024-06-22 13:31:47,749 [main] INFO  grpc.GrpcConfigKeys (ConfUtils.java:logGet(46)) - raft.grpc.server.host = null (default)
2024-06-22 13:31:47,750 [main] INFO  grpc.GrpcConfigKeys (ConfUtils.java:logGet(46)) - raft.grpc.server.port = 15050 (custom)
2024-06-22 13:31:47,750 [main] INFO  server.GrpcService (ConfUtils.java:logGet(46)) - raft.grpc.message.size.max = 32MB (=33554432) (custom)
2024-06-22 13:31:47,750 [main] INFO  server.RaftServerConfigKeys (ConfUtils.java:logGet(46)) - raft.server.log.appender.buffer.byte-limit = 8388608 (custom)
2024-06-22 13:31:47,751 [main] INFO  server.GrpcService (ConfUtils.java:logGet(46)) - raft.grpc.flow.control.window = 5MB (=5242880) (custom)
2024-06-22 13:31:47,751 [main] INFO  server.RaftServerConfigKeys (ConfUtils.java:logGet(46)) - raft.server.rpc.request.timeout = 60s (custom)
2024-06-22 13:31:47,751 [main] INFO  grpc.GrpcConfigKeys (ConfUtils.java:logGet(46)) - raft.grpc.server.heartbeat.channel = true (default)
2024-06-22 13:31:47,752 [main] INFO  grpc.GrpcConfigKeys (ConfUtils.java:logGet(46)) - raft.grpc.server.async.request.thread.pool.cached = true (default)
2024-06-22 13:31:47,752 [main] INFO  grpc.GrpcConfigKeys (ConfUtils.java:logGet(46)) - raft.grpc.server.async.request.thread.pool.size = 32 (default)
2024-06-22 13:31:47,754 [main] INFO  impl.DataStreamServerImpl (ConfUtils.java:logGet(46)) - raft.datastream.type = NETTY (custom)
2024-06-22 13:31:47,755 [main] INFO  server.RaftServerConfigKeys (ConfUtils.java:logGet(46)) - raft.server.data-stream.async.request.thread.pool.cached = false (default)
2024-06-22 13:31:47,755 [main] INFO  server.RaftServerConfigKeys (ConfUtils.java:logGet(46)) - raft.server.data-stream.async.request.thread.pool.size = 20 (custom)
2024-06-22 13:31:47,755 [main] INFO  server.RaftServerConfigKeys (ConfUtils.java:logGet(46)) - raft.server.data-stream.async.write.thread.pool.size = 16 (default)
2024-06-22 13:31:47,756 [main] INFO  netty.NettyConfigKeys$DataStream (ConfUtils.java:logGet(46)) - raft.netty.dataStream.server.channel.inactive.grace-period = 10min (default)
2024-06-22 13:31:47,756 [main] INFO  server.RaftServerConfigKeys (ConfUtils.java:logGet(46)) - raft.server.data-stream.client.pool.size = 10 (default)
2024-06-22 13:31:47,757 [main] INFO  netty.NettyConfigKeys$DataStream (ConfUtils.java:logGet(46)) - raft.netty.dataStream.server.use-epoll = true (default)
2024-06-22 13:31:47,757 [main] INFO  netty.NettyConfigKeys$DataStream (ConfUtils.java:logGet(46)) - raft.netty.dataStream.server.boss-group.size = 0 (default)
2024-06-22 13:31:47,757 [main] INFO  netty.NettyUtils (NettyUtils.java:newEventLoopGroup(69)) - Create EpollEventLoopGroup for 99deb4a4-176b-49c7-aa7a-c34027b979ad-NettyServerStreamRpc-bossGroup; Thread size is 0.
2024-06-22 13:31:47,758 [main] INFO  netty.NettyConfigKeys$DataStream (ConfUtils.java:logGet(46)) - raft.netty.dataStream.server.worker-group.size = 0 (default)
2024-06-22 13:31:47,759 [main] INFO  netty.NettyUtils (NettyUtils.java:newEventLoopGroup(69)) - Create EpollEventLoopGroup for 99deb4a4-176b-49c7-aa7a-c34027b979ad-NettyServerStreamRpc-workerGroup; Thread size is 0.
2024-06-22 13:31:47,759 [main] INFO  netty.NettyConfigKeys$DataStream (ConfUtils.java:logGet(46)) - raft.netty.dataStream.server.tls.conf = null (default)
2024-06-22 13:31:47,760 [main] INFO  netty.NettyConfigKeys$DataStream (ConfUtils.java:logGet(46)) - raft.netty.dataStream.host = null (default)
2024-06-22 13:31:47,760 [main] INFO  netty.NettyConfigKeys$DataStream (ConfUtils.java:logGet(46)) - raft.netty.dataStream.port = 15051 (custom)
2024-06-22 13:31:47,761 [main] INFO  server.RaftServerConfigKeys (ConfUtils.java:logGet(46)) - raft.server.sleep.deviation.threshold = 300ms (default)
2024-06-22 13:31:47,761 [main] INFO  server.RaftServerConfigKeys (ConfUtils.java:logGet(46)) - raft.server.close.threshold = 60s (default)
2024-06-22 13:31:47,761 [99deb4a4-176b-49c7-aa7a-c34027b979ad-NettyServerStreamRpc-bossGroup--thread1] INFO  logging.LoggingHandler (AbstractInternalLogger.java:log(148)) - [id: 0x8db9d318] REGISTERED
2024-06-22 13:31:47,762 [99deb4a4-176b-49c7-aa7a-c34027b979ad-NettyServerStreamRpc-bossGroup--thread1] INFO  logging.LoggingHandler (AbstractInternalLogger.java:log(148)) - [id: 0x8db9d318] BIND: 0.0.0.0/0.0.0.0:15051
2024-06-22 13:31:47,762 [99deb4a4-176b-49c7-aa7a-c34027b979ad-NettyServerStreamRpc-bossGroup--thread1] INFO  logging.LoggingHandler (AbstractInternalLogger.java:log(148)) - [id: 0x8db9d318, L:/0.0.0.0:15051] ACTIVE
2024-06-22 13:31:47,762 [main] INFO  server.RaftServerConfigKeys (ConfUtils.java:logGet(46)) - raft.server.leaderelection.leader.step-down.wait-time = 10s (default)
2024-06-22 13:31:47,763 [main] INFO  server.RaftServerConfigKeys (ConfUtils.java:logGet(46)) - raft.server.storage.dir = [/home/runner/work/ozone/ozone/hadoop-ozone/integration-test/target/test-dir/MiniOzoneClusterImpl-ed78929e-9b9e-4304-bdcd-e93070d12e9d/ozone-meta/datanode-5/ratis] (custom)
2024-06-22 13:31:47,763 [main] INFO  server.RaftServerConfigKeys (ConfUtils.java:logGet(46)) - raft.server.threadpool.proxy.cached = true (default)
2024-06-22 13:31:47,764 [main] INFO  server.RaftServerConfigKeys (ConfUtils.java:logGet(46)) - raft.server.threadpool.proxy.size = 0 (default)
2024-06-22 13:31:47,764 [99deb4a4-176b-49c7-aa7a-c34027b979ad-impl-thread1] INFO  server.RaftServer (RaftServerProxy.java:initGroupDir(264)) - 99deb4a4-176b-49c7-aa7a-c34027b979ad: found a subdirectory /home/runner/work/ozone/ozone/hadoop-ozone/integration-test/target/test-dir/MiniOzoneClusterImpl-ed78929e-9b9e-4304-bdcd-e93070d12e9d/ozone-meta/datanode-5/ratis/tmp
2024-06-22 13:31:47,764 [99deb4a4-176b-49c7-aa7a-c34027b979ad-impl-thread1] INFO  server.RaftServer (RaftServerProxy.java:initGroupDir(269)) - 99deb4a4-176b-49c7-aa7a-c34027b979ad: The directory /home/runner/work/ozone/ozone/hadoop-ozone/integration-test/target/test-dir/MiniOzoneClusterImpl-ed78929e-9b9e-4304-bdcd-e93070d12e9d/ozone-meta/datanode-5/ratis/tmp is not a group directory; ignoring it. 
2024-06-22 13:31:47,765 [main] INFO  replication.ReplicationServer (ReplicationServer.java:<init>(86)) - Initializing replication server with thread count = 10 queue length = 4096
2024-06-22 13:31:47,767 [main] INFO  server.XceiverServerGrpc (XceiverServerGrpc.java:<init>(141)) - GrpcServer channel type EpollServerSocketChannel
2024-06-22 13:31:47,770 [main] INFO  replication.ReplicationSupervisor (ReplicationSupervisor.java:build(157)) - Initializing replication supervisor with thread count = 10
2024-06-22 13:31:47,770 [main] INFO  replication.ReplicationSupervisor (ReplicationSupervisor.java:nodeStateUpdated(312)) - Node state updated to IN_SERVICE, scaling executor pool size to 10
2024-06-22 13:31:47,772 [ReplicationMonitor] INFO  replication.ReplicationManager (ReplicationManager.java:processAll(373)) - Replication Manager is not ready to run until 3000ms after safemode exit
2024-06-22 13:31:47,774 [main] INFO  http.BaseHttpServer (BaseHttpServer.java:newHttpServer2BuilderForOzone(223)) - Starting Web-server for hddsDatanode at: http://0.0.0.0:15045
2024-06-22 13:31:47,775 [main] INFO  http.BaseHttpServer (BaseHttpServer.java:<init>(110)) - Hadoop Security Enabled: false Ozone Security Enabled: false Ozone HTTP Security Enabled: false 
2024-06-22 13:31:47,776 [main] WARN  server.AuthenticationFilter (AuthenticationFilter.java:constructSecretProvider(240)) - Unable to initialize FileSignerSecretProvider, falling back to use random secrets. Reason: Could not read signature secret file: /home/runner/hadoop-http-auth-signature-secret
2024-06-22 13:31:47,780 [main] INFO  http.HttpRequestLog (HttpRequestLog.java:getRequestLog(86)) - Http request log for http.requests.hddsDatanode is not defined
2024-06-22 13:31:47,781 [main] INFO  http.HttpServer2 (HttpServer2.java:addGlobalFilter(1036)) - Added global filter 'safety' (class=org.apache.hadoop.hdds.server.http.HttpServer2$QuotingInputFilter)
2024-06-22 13:31:47,783 [main] INFO  http.HttpServer2 (HttpServer2.java:addFilter(1012)) - Added filter static_user_filter (class=org.apache.hadoop.http.lib.StaticUserWebFilter$StaticUserFilter) to context hddsDatanode
2024-06-22 13:31:47,783 [main] INFO  http.HttpServer2 (HttpServer2.java:addFilter(1020)) - Added filter static_user_filter (class=org.apache.hadoop.http.lib.StaticUserWebFilter$StaticUserFilter) to context static
2024-06-22 13:31:47,783 [main] INFO  http.HttpServer2 (HttpServer2.java:addFilter(1020)) - Added filter static_user_filter (class=org.apache.hadoop.http.lib.StaticUserWebFilter$StaticUserFilter) to context logs
2024-06-22 13:31:47,784 [main] INFO  http.BaseHttpServer (BaseHttpServer.java:<init>(189)) - HTTP server of hddsDatanode uses base directory /home/runner/work/ozone/ozone/hadoop-ozone/integration-test/target/test-dir/MiniOzoneClusterImpl-ed78929e-9b9e-4304-bdcd-e93070d12e9d/ozone-meta/datanode-5/meta/webserver
2024-06-22 13:31:47,785 [main] INFO  http.HttpServer2 (HttpServer2.java:bindListener(1236)) - Jetty bound to port 15045
2024-06-22 13:31:47,785 [main] INFO  server.Server (Server.java:doStart(375)) - jetty-9.4.54.v20240208; built: 2024-02-08T19:42:39.027Z; git: cef3fbd6d736a21e7d541a5db490381d95a2047d; jvm 17.0.11+9
2024-06-22 13:31:47,790 [main] INFO  server.session (DefaultSessionIdManager.java:doStart(334)) - DefaultSessionIdManager workerName=node0
2024-06-22 13:31:47,790 [main] INFO  server.session (DefaultSessionIdManager.java:doStart(339)) - No SessionScavenger set, using defaults
2024-06-22 13:31:47,790 [main] INFO  server.session (HouseKeeper.java:startScavenging(132)) - node0 Scavenging every 660000ms
2024-06-22 13:31:47,794 [main] INFO  handler.ContextHandler (ContextHandler.java:doStart(921)) - Started o.e.j.s.ServletContextHandler@1717302b{logs,/logs,file:///home/runner/work/ozone/ozone/hadoop-ozone/integration-test/target/log,AVAILABLE}
2024-06-22 13:31:47,795 [main] INFO  handler.ContextHandler (ContextHandler.java:doStart(921)) - Started o.e.j.s.ServletContextHandler@416bf563{static,/static,file:///home/runner/work/ozone/ozone/hadoop-hdds/container-service/target/classes/webapps/static,AVAILABLE}
2024-06-22 13:31:47,802 [main] INFO  handler.ContextHandler (ContextHandler.java:doStart(921)) - Started o.e.j.w.WebAppContext@10e85525{hddsDatanode,/,file:///home/runner/work/ozone/ozone/hadoop-hdds/container-service/target/classes/webapps/hddsDatanode/,AVAILABLE}{file:/home/runner/work/ozone/ozone/hadoop-hdds/container-service/target/classes/webapps/hddsDatanode}
2024-06-22 13:31:47,802 [om1@group-C5BA1605619E-FollowerState] INFO  impl.FollowerState (FollowerState.java:run(143)) - om1@group-C5BA1605619E-FollowerState: change to CANDIDATE, lastRpcElapsedTime:1191853586ns, electionTimeout:1184ms
2024-06-22 13:31:47,802 [om1@group-C5BA1605619E-FollowerState] INFO  impl.RoleInfo (RoleInfo.java:shutdownFollowerState(110)) - om1: shutdown om1@group-C5BA1605619E-FollowerState
2024-06-22 13:31:47,803 [om1@group-C5BA1605619E-FollowerState] INFO  server.RaftServer$Division (RaftServerImpl.java:setRole(383)) - om1@group-C5BA1605619E: changes role from  FOLLOWER to CANDIDATE at term 0 for changeToCandidate
2024-06-22 13:31:47,806 [om1@group-C5BA1605619E-FollowerState] INFO  server.RaftServerConfigKeys (ConfUtils.java:logGet(46)) - raft.server.leaderelection.pre-vote = true (default)
2024-06-22 13:31:47,806 [om1@group-C5BA1605619E-FollowerState] INFO  impl.RoleInfo (RoleInfo.java:updateAndGet(139)) - om1: start om1@group-C5BA1605619E-LeaderElection1
2024-06-22 13:31:47,807 [main] INFO  server.AbstractConnector (AbstractConnector.java:doStart(333)) - Started ServerConnector@13b85e31{HTTP/1.1, (http/1.1)}{0.0.0.0:15045}
2024-06-22 13:31:47,808 [main] INFO  server.Server (Server.java:doStart(415)) - Started @9196ms
2024-06-22 13:31:47,808 [main] WARN  impl.MetricsSystemImpl (MetricsSystemImpl.java:register(279)) - Sink prometheus already exists!
2024-06-22 13:31:47,809 [main] INFO  http.BaseHttpServer (BaseHttpServer.java:updateConnectorAddress(354)) - HTTP server of hddsDatanode listening at http://0.0.0.0:15045
2024-06-22 13:31:47,810 [main] INFO  ipc.CallQueueManager (CallQueueManager.java:<init>(90)) - Using callQueue: class java.util.concurrent.LinkedBlockingQueue, queueCapacity: 100, scheduler: class org.apache.hadoop.ipc.DefaultRpcScheduler, ipcBackoff: false.
2024-06-22 13:31:47,811 [main] INFO  ipc.Server (Server.java:<init>(1287)) - Listener at 0.0.0.0:15046
2024-06-22 13:31:47,814 [Socket Reader #1 for port 15046] INFO  ipc.Server (Server.java:run(1323)) - Starting Socket Reader #1 for port 15046
2024-06-22 13:31:47,819 [om1@group-C5BA1605619E-LeaderElection1] INFO  impl.LeaderElection (LeaderElection.java:askForVotes(321)) - om1@group-C5BA1605619E-LeaderElection1 PRE_VOTE round 0: submit vote requests at term 0 for -1: peers:[om1|localhost:15007]|listeners:[], old=null
2024-06-22 13:31:47,820 [om1@group-C5BA1605619E-LeaderElection1] INFO  impl.LeaderElection (LeaderElection.java:askForVotes(323)) - om1@group-C5BA1605619E-LeaderElection1 PRE_VOTE round 0: result PASSED (term=0)
2024-06-22 13:31:47,821 [main] INFO  ozone.HddsDatanodeService (HddsDatanodeService.java:start(321)) - Datanode start with admins: [runner]
2024-06-22 13:31:47,821 [main] INFO  ozone.HddsDatanodeClientProtocolServer (HddsDatanodeClientProtocolServer.java:start(77)) - RPC server for Client /0.0.0.0:15046
2024-06-22 13:31:47,822 [om1@group-C5BA1605619E-LeaderElection1] INFO  impl.LeaderElection (LeaderElection.java:askForVotes(321)) - om1@group-C5BA1605619E-LeaderElection1 ELECTION round 0: submit vote requests at term 1 for -1: peers:[om1|localhost:15007]|listeners:[], old=null
2024-06-22 13:31:47,823 [om1@group-C5BA1605619E-LeaderElection1] INFO  impl.LeaderElection (LeaderElection.java:askForVotes(323)) - om1@group-C5BA1605619E-LeaderElection1 ELECTION round 0: result PASSED (term=1)
2024-06-22 13:31:47,823 [om1@group-C5BA1605619E-LeaderElection1] INFO  impl.RoleInfo (RoleInfo.java:shutdownLeaderElection(130)) - om1: shutdown om1@group-C5BA1605619E-LeaderElection1
2024-06-22 13:31:47,825 [om1@group-C5BA1605619E-LeaderElection1] INFO  server.RaftServer$Division (RaftServerImpl.java:setRole(383)) - om1@group-C5BA1605619E: changes role from CANDIDATE to LEADER at term 1 for changeToLeader
2024-06-22 13:31:47,829 [IPC Server Responder] INFO  ipc.Server (Server.java:run(1562)) - IPC Server Responder: starting
2024-06-22 13:31:47,830 [om1@group-C5BA1605619E-LeaderElection1] INFO  server.RaftServerConfigKeys (ConfUtils.java:logGet(46)) - raft.server.staging.catchup.gap = 1000 (default)
2024-06-22 13:31:47,832 [om1@group-C5BA1605619E-LeaderElection1] INFO  server.RaftServerConfigKeys (ConfUtils.java:logGet(46)) - raft.server.write.element-limit = 4096 (default)
2024-06-22 13:31:47,833 [om1@group-C5BA1605619E-LeaderElection1] INFO  server.RaftServerConfigKeys (ConfUtils.java:logGet(46)) - raft.server.write.byte-limit = 64MB (=67108864) (default)
2024-06-22 13:31:47,833 [IPC Server listener on 15046] INFO  ipc.Server (Server.java:run(1402)) - IPC Server listener on 15046: starting
2024-06-22 13:31:47,835 [99deb4a4-176b-49c7-aa7a-c34027b979ad-DatanodeStateMachineDaemonThread] INFO  statemachine.DatanodeStateMachine (DatanodeStateMachine.java:lambda$startDaemon$1(545)) - Ozone container server started.
2024-06-22 13:31:47,837 [main] INFO  ozone.MiniOzoneClusterImpl (MiniOzoneClusterImpl.java:lambda$waitForClusterToBeReady$0(194)) - Waiting for nodes to be ready. Got 0 of 5 DN Heartbeats.
2024-06-22 13:31:47,837 [main] INFO  ozone.MiniOzoneClusterImpl (MiniOzoneClusterImpl.java:lambda$waitForClusterToBeReady$0(197)) - Waiting for cluster to exit safe mode
2024-06-22 13:31:47,837 [main] INFO  ozone.MiniOzoneClusterImpl (MiniOzoneClusterImpl.java:lambda$waitForClusterToBeReady$0(199)) - SCM became leader
2024-06-22 13:31:47,839 [om1@group-C5BA1605619E-LeaderElection1] INFO  server.RaftServerConfigKeys (ConfUtils.java:logGet(46)) - raft.server.watch.timeout = 10s (default)
2024-06-22 13:31:47,839 [om1@group-C5BA1605619E-LeaderElection1] INFO  server.RaftServerConfigKeys (ConfUtils.java:logGet(46)) - raft.server.watch.timeout.denomination = 1s (default)
2024-06-22 13:31:47,839 [om1@group-C5BA1605619E-LeaderElection1] INFO  server.RaftServerConfigKeys (ConfUtils.java:logGet(46)) - raft.server.watch.element-limit = 65536 (default)
2024-06-22 13:31:47,840 [99deb4a4-176b-49c7-aa7a-c34027b979ad-DatanodeStateMachineTaskThread-0] INFO  datanode.InitDatanodeState (InitDatanodeState.java:persistContainerDatanodeDetails(139)) - DatanodeDetails is persisted to /home/runner/work/ozone/ozone/hadoop-ozone/integration-test/target/test-dir/MiniOzoneClusterImpl-ed78929e-9b9e-4304-bdcd-e93070d12e9d/ozone-meta/datanode-5/meta/datanode.id
2024-06-22 13:31:47,844 [om1@group-C5BA1605619E-LeaderElection1] INFO  server.RaftServerConfigKeys (ConfUtils.java:logGet(46)) - raft.server.read.leader.lease.enabled = false (default)
2024-06-22 13:31:47,846 [om1@group-C5BA1605619E-LeaderElection1] INFO  server.RaftServerConfigKeys (ConfUtils.java:logGet(46)) - raft.server.read.leader.lease.timeout.ratio = 0.9 (default)
2024-06-22 13:31:47,846 [om1@group-C5BA1605619E-LeaderElection1] INFO  server.RaftServerConfigKeys (ConfUtils.java:logGet(46)) - raft.server.rpc.timeout.min = 1s (custom)
2024-06-22 13:31:47,846 [om1@group-C5BA1605619E-LeaderElection1] INFO  server.RaftServerConfigKeys (ConfUtils.java:logGet(46)) - raft.server.write.element-limit = 4096 (default)
2024-06-22 13:31:47,847 [om1@group-C5BA1605619E-LeaderElection1] INFO  server.RaftServerConfigKeys (ConfUtils.java:logGet(46)) - raft.server.write.follower.gap.ratio.max = -1.0 (default)
2024-06-22 13:31:47,851 [om1@group-C5BA1605619E-LeaderElection1] INFO  impl.RoleInfo (RoleInfo.java:updateAndGet(139)) - om1: start om1@group-C5BA1605619E-LeaderStateImpl
2024-06-22 13:31:47,851 [om1@group-C5BA1605619E-LeaderElection1] INFO  server.RaftServer$Division (RaftServerImpl.java:setFirstElection(574)) - om1@group-C5BA1605619E: set firstElectionSinceStartup to false for becomeLeader
2024-06-22 13:31:47,853 [om1@group-C5BA1605619E-LeaderElection1] INFO  server.RaftServer$Division (ServerState.java:setLeader(269)) - om1@group-C5BA1605619E: change Leader from null to om1 at term 1 for becomeLeader, leader elected after 2330ms
2024-06-22 13:31:47,871 [om1@group-C5BA1605619E-LeaderElection1] INFO  segmented.SegmentedRaftLogWorker (SegmentedRaftLogWorker.java:startLogSegment(430)) - om1@group-C5BA1605619E-SegmentedRaftLogWorker: Starting segment from index:0
2024-06-22 13:31:47,894 [om1@group-C5BA1605619E-LeaderElection1] INFO  server.RaftServer$Division (ServerState.java:setRaftConf(386)) - om1@group-C5BA1605619E: set configuration 0: peers:[om1|localhost:15007]|listeners:[], old=null
2024-06-22 13:31:47,894 [om1@group-C5BA1605619E-SegmentedRaftLogWorker] INFO  segmented.BufferedWriteChannel (BufferedWriteChannel.java:open(62)) - open log_inprogress_0 at position 0
2024-06-22 13:31:47,903 [om1@group-C5BA1605619E-SegmentedRaftLogWorker] INFO  segmented.SegmentedRaftLogWorker (SegmentedRaftLogWorker.java:execute(634)) - om1@group-C5BA1605619E-SegmentedRaftLogWorker: created new log segment /home/runner/work/ozone/ozone/hadoop-ozone/integration-test/target/test-dir/MiniOzoneClusterImpl-ed78929e-9b9e-4304-bdcd-e93070d12e9d/ozone-meta/ratis/bf265839-605b-3f16-9796-c5ba1605619e/current/log_inprogress_0
2024-06-22 13:31:47,989 [om1@group-C5BA1605619E-StateMachineUpdater] INFO  ratis.OzoneManagerStateMachine (OzoneManagerStateMachine.java:notifyConfigurationChanged(212)) - Received Configuration change notification from Ratis. New Peer list:
[id: "om1"
address: "localhost:15007"
startupRole: FOLLOWER
]
2024-06-22 13:31:47,990 [om1@group-C5BA1605619E-StateMachineUpdater] INFO  server.RaftServer$Division (LeaderStateImpl.java:isApplied(320)) - leader is ready since appliedIndex == 0 >= startIndex == 0
2024-06-22 13:31:48,772 [ReplicationMonitor] INFO  replication.ReplicationManager (ReplicationManager.java:processAll(373)) - Replication Manager is not ready to run until 3000ms after safemode exit
2024-06-22 13:31:48,837 [main] INFO  ozone.MiniOzoneClusterImpl (MiniOzoneClusterImpl.java:lambda$waitForClusterToBeReady$0(194)) - Waiting for nodes to be ready. Got 0 of 5 DN Heartbeats.
2024-06-22 13:31:48,837 [main] INFO  ozone.MiniOzoneClusterImpl (MiniOzoneClusterImpl.java:lambda$waitForClusterToBeReady$0(197)) - Waiting for cluster to exit safe mode
2024-06-22 13:31:48,838 [main] INFO  ozone.MiniOzoneClusterImpl (MiniOzoneClusterImpl.java:lambda$waitForClusterToBeReady$0(199)) - SCM became leader
2024-06-22 13:31:49,464 [c511b233-3aa4-4954-9335-f5d54c64e497-EndpointStateMachineTaskThread-/0.0.0.0:15002-0 ] INFO  utils.DatanodeStoreCache (DatanodeStoreCache.java:addDB(72)) - Added db /home/runner/work/ozone/ozone/hadoop-ozone/integration-test/target/test-dir/MiniOzoneClusterImpl-ed78929e-9b9e-4304-bdcd-e93070d12e9d/ozone-meta/datanode-1/data-0/hdds/ed78929e-9b9e-4304-bdcd-e93070d12e9d/DS-dd9ad6de-a157-463d-a53e-4eb42a5603ad/container.db to cache
2024-06-22 13:31:49,464 [c511b233-3aa4-4954-9335-f5d54c64e497-EndpointStateMachineTaskThread-/0.0.0.0:15002-0 ] INFO  volume.HddsVolume (HddsVolume.java:createDbStore(437)) - SchemaV3 db is created and loaded at /home/runner/work/ozone/ozone/hadoop-ozone/integration-test/target/test-dir/MiniOzoneClusterImpl-ed78929e-9b9e-4304-bdcd-e93070d12e9d/ozone-meta/datanode-1/data-0/hdds/ed78929e-9b9e-4304-bdcd-e93070d12e9d/DS-dd9ad6de-a157-463d-a53e-4eb42a5603ad/container.db for volume DS-dd9ad6de-a157-463d-a53e-4eb42a5603ad
2024-06-22 13:31:49,474 [c511b233-3aa4-4954-9335-f5d54c64e497-ContainerReader-0] INFO  ozoneimpl.ContainerReader (ContainerReader.java:readVolume(148)) - Start to verify containers on volume /home/runner/work/ozone/ozone/hadoop-ozone/integration-test/target/test-dir/MiniOzoneClusterImpl-ed78929e-9b9e-4304-bdcd-e93070d12e9d/ozone-meta/datanode-1/data-0/hdds
2024-06-22 13:31:49,474 [c511b233-3aa4-4954-9335-f5d54c64e497-ContainerReader-0] INFO  ozoneimpl.ContainerReader (ContainerReader.java:readVolume(178)) - Finish verifying containers on volume /home/runner/work/ozone/ozone/hadoop-ozone/integration-test/target/test-dir/MiniOzoneClusterImpl-ed78929e-9b9e-4304-bdcd-e93070d12e9d/ozone-meta/datanode-1/data-0/hdds
2024-06-22 13:31:49,475 [c511b233-3aa4-4954-9335-f5d54c64e497-EndpointStateMachineTaskThread-/0.0.0.0:15002-0 ] INFO  ozoneimpl.OzoneContainer (OzoneContainer.java:buildContainerSet(328)) - Build ContainerSet costs 0s
2024-06-22 13:31:49,478 [c511b233-3aa4-4954-9335-f5d54c64e497-EndpointStateMachineTaskThread-/0.0.0.0:15002-0 ] INFO  volume.ThrottledAsyncChecker (ThrottledAsyncChecker.java:schedule(141)) - Scheduling a check for /home/runner/work/ozone/ozone/hadoop-ozone/integration-test/target/test-dir/MiniOzoneClusterImpl-ed78929e-9b9e-4304-bdcd-e93070d12e9d/ozone-meta/datanode-1/data-0/hdds
2024-06-22 13:31:49,486 [c511b233-3aa4-4954-9335-f5d54c64e497-EndpointStateMachineTaskThread-/0.0.0.0:15002-0 ] INFO  volume.StorageVolumeChecker (StorageVolumeChecker.java:checkAllVolumes(218)) - Scheduled health check for volume /home/runner/work/ozone/ozone/hadoop-ozone/integration-test/target/test-dir/MiniOzoneClusterImpl-ed78929e-9b9e-4304-bdcd-e93070d12e9d/ozone-meta/datanode-1/data-0/hdds
2024-06-22 13:31:49,490 [c511b233-3aa4-4954-9335-f5d54c64e497-EndpointStateMachineTaskThread-/0.0.0.0:15002-0 ] INFO  volume.ThrottledAsyncChecker (ThrottledAsyncChecker.java:schedule(141)) - Scheduling a check for /home/runner/work/ozone/ozone/hadoop-ozone/integration-test/target/test-dir/MiniOzoneClusterImpl-ed78929e-9b9e-4304-bdcd-e93070d12e9d/ozone-meta/datanode-1/ratis
2024-06-22 13:31:49,490 [c511b233-3aa4-4954-9335-f5d54c64e497-EndpointStateMachineTaskThread-/0.0.0.0:15002-0 ] INFO  volume.StorageVolumeChecker (StorageVolumeChecker.java:checkAllVolumes(218)) - Scheduled health check for volume /home/runner/work/ozone/ozone/hadoop-ozone/integration-test/target/test-dir/MiniOzoneClusterImpl-ed78929e-9b9e-4304-bdcd-e93070d12e9d/ozone-meta/datanode-1/ratis
2024-06-22 13:31:49,491 [c511b233-3aa4-4954-9335-f5d54c64e497-EndpointStateMachineTaskThread-/0.0.0.0:15002-0 ] INFO  ozoneimpl.OzoneContainer (OzoneContainer.java:start(459)) - Attempting to start container services.
2024-06-22 13:31:49,501 [ContainerMetadataScanner] INFO  ozoneimpl.AbstractBackgroundContainerScanner (AbstractBackgroundContainerScanner.java:runIteration(87)) - Completed an iteration in 0 minutes. Number of iterations (since the data-node restart) : 1, Number of containers scanned in this iteration : 0, Number of unhealthy containers found in this iteration : 0
2024-06-22 13:31:49,510 [c511b233-3aa4-4954-9335-f5d54c64e497-EndpointStateMachineTaskThread-/0.0.0.0:15002-0 ] INFO  replication.ReplicationServer (ReplicationServer.java:start(142)) - ReplicationServer is started using port 15016
2024-06-22 13:31:49,511 [c511b233-3aa4-4954-9335-f5d54c64e497-EndpointStateMachineTaskThread-/0.0.0.0:15002-0 ] INFO  ratis.XceiverServerRatis (XceiverServerRatis.java:start(566)) - Starting XceiverServerRatis c511b233-3aa4-4954-9335-f5d54c64e497
2024-06-22 13:31:49,511 [ContainerDataScanner(/home/runner/work/ozone/ozone/hadoop-ozone/integration-test/target/test-dir/MiniOzoneClusterImpl-ed78929e-9b9e-4304-bdcd-e93070d12e9d/ozone-meta/datanode-1/data-0/hdds)] INFO  ozoneimpl.AbstractBackgroundContainerScanner (AbstractBackgroundContainerScanner.java:runIteration(87)) - Completed an iteration in 0 minutes. Number of iterations (since the data-node restart) : 1, Number of containers scanned in this iteration : 0, Number of unhealthy containers found in this iteration : 0
2024-06-22 13:31:49,512 [c511b233-3aa4-4954-9335-f5d54c64e497-EndpointStateMachineTaskThread-/0.0.0.0:15002-0 ] INFO  server.RaftServer (RaftServerProxy.java:startImpl(406)) - c511b233-3aa4-4954-9335-f5d54c64e497: start RPC server
2024-06-22 13:31:49,513 [c511b233-3aa4-4954-9335-f5d54c64e497-EndpointStateMachineTaskThread-/0.0.0.0:15002-0 ] INFO  server.GrpcService (GrpcService.java:startImpl(302)) - c511b233-3aa4-4954-9335-f5d54c64e497: GrpcService started, listening on 15012
2024-06-22 13:31:49,515 [c511b233-3aa4-4954-9335-f5d54c64e497-EndpointStateMachineTaskThread-/0.0.0.0:15002-0 ] INFO  server.GrpcService (GrpcService.java:startImpl(302)) - c511b233-3aa4-4954-9335-f5d54c64e497: GrpcService started, listening on 15014
2024-06-22 13:31:49,515 [c511b233-3aa4-4954-9335-f5d54c64e497-EndpointStateMachineTaskThread-/0.0.0.0:15002-0 ] INFO  server.GrpcService (GrpcService.java:startImpl(302)) - c511b233-3aa4-4954-9335-f5d54c64e497: GrpcService started, listening on 15013
2024-06-22 13:31:49,516 [JvmPauseMonitor2] INFO  util.JvmPauseMonitor (JvmPauseMonitor.java:run(146)) - JvmPauseMonitor-c511b233-3aa4-4954-9335-f5d54c64e497: Started
2024-06-22 13:31:49,516 [c511b233-3aa4-4954-9335-f5d54c64e497-EndpointStateMachineTaskThread-/0.0.0.0:15002-0 ] INFO  ratis.XceiverServerRatis (XceiverServerRatis.java:getRealPort(592)) - XceiverServerRatis c511b233-3aa4-4954-9335-f5d54c64e497 is started using port 15012 for RATIS
2024-06-22 13:31:49,517 [c511b233-3aa4-4954-9335-f5d54c64e497-EndpointStateMachineTaskThread-/0.0.0.0:15002-0 ] INFO  ratis.XceiverServerRatis (XceiverServerRatis.java:getRealPort(592)) - XceiverServerRatis c511b233-3aa4-4954-9335-f5d54c64e497 is started using port 15013 for RATIS_ADMIN
2024-06-22 13:31:49,517 [c511b233-3aa4-4954-9335-f5d54c64e497-EndpointStateMachineTaskThread-/0.0.0.0:15002-0 ] INFO  ratis.XceiverServerRatis (XceiverServerRatis.java:getRealPort(592)) - XceiverServerRatis c511b233-3aa4-4954-9335-f5d54c64e497 is started using port 15014 for RATIS_SERVER
2024-06-22 13:31:49,518 [c511b233-3aa4-4954-9335-f5d54c64e497-EndpointStateMachineTaskThread-/0.0.0.0:15002-0 ] INFO  ratis.XceiverServerRatis (XceiverServerRatis.java:getRealPort(592)) - XceiverServerRatis c511b233-3aa4-4954-9335-f5d54c64e497 is started using port 15015 for RATIS_DATASTREAM
2024-06-22 13:31:49,525 [c511b233-3aa4-4954-9335-f5d54c64e497-BlockDeletingService#0] INFO  interfaces.ContainerDeletionChoosingPolicyTemplate (ContainerDeletionChoosingPolicyTemplate.java:chooseContainerForBlockDeletion(85)) - Chosen 0/5000 blocks from 0 candidate containers.
2024-06-22 13:31:49,561 [fdf93896-5abf-403c-99a8-bb8ea43c9a14-EndpointStateMachineTaskThread-/0.0.0.0:15002-0 ] INFO  utils.DatanodeStoreCache (DatanodeStoreCache.java:addDB(72)) - Added db /home/runner/work/ozone/ozone/hadoop-ozone/integration-test/target/test-dir/MiniOzoneClusterImpl-ed78929e-9b9e-4304-bdcd-e93070d12e9d/ozone-meta/datanode-2/data-0/hdds/ed78929e-9b9e-4304-bdcd-e93070d12e9d/DS-7de87680-360f-44c2-8eed-eb86cd310c28/container.db to cache
2024-06-22 13:31:49,561 [fdf93896-5abf-403c-99a8-bb8ea43c9a14-EndpointStateMachineTaskThread-/0.0.0.0:15002-0 ] INFO  volume.HddsVolume (HddsVolume.java:createDbStore(437)) - SchemaV3 db is created and loaded at /home/runner/work/ozone/ozone/hadoop-ozone/integration-test/target/test-dir/MiniOzoneClusterImpl-ed78929e-9b9e-4304-bdcd-e93070d12e9d/ozone-meta/datanode-2/data-0/hdds/ed78929e-9b9e-4304-bdcd-e93070d12e9d/DS-7de87680-360f-44c2-8eed-eb86cd310c28/container.db for volume DS-7de87680-360f-44c2-8eed-eb86cd310c28
2024-06-22 13:31:49,563 [fdf93896-5abf-403c-99a8-bb8ea43c9a14-ContainerReader-0] INFO  ozoneimpl.ContainerReader (ContainerReader.java:readVolume(148)) - Start to verify containers on volume /home/runner/work/ozone/ozone/hadoop-ozone/integration-test/target/test-dir/MiniOzoneClusterImpl-ed78929e-9b9e-4304-bdcd-e93070d12e9d/ozone-meta/datanode-2/data-0/hdds
2024-06-22 13:31:49,564 [fdf93896-5abf-403c-99a8-bb8ea43c9a14-ContainerReader-0] INFO  ozoneimpl.ContainerReader (ContainerReader.java:readVolume(178)) - Finish verifying containers on volume /home/runner/work/ozone/ozone/hadoop-ozone/integration-test/target/test-dir/MiniOzoneClusterImpl-ed78929e-9b9e-4304-bdcd-e93070d12e9d/ozone-meta/datanode-2/data-0/hdds
2024-06-22 13:31:49,564 [fdf93896-5abf-403c-99a8-bb8ea43c9a14-EndpointStateMachineTaskThread-/0.0.0.0:15002-0 ] INFO  ozoneimpl.OzoneContainer (OzoneContainer.java:buildContainerSet(328)) - Build ContainerSet costs 0s
2024-06-22 13:31:49,564 [fdf93896-5abf-403c-99a8-bb8ea43c9a14-EndpointStateMachineTaskThread-/0.0.0.0:15002-0 ] INFO  volume.ThrottledAsyncChecker (ThrottledAsyncChecker.java:schedule(141)) - Scheduling a check for /home/runner/work/ozone/ozone/hadoop-ozone/integration-test/target/test-dir/MiniOzoneClusterImpl-ed78929e-9b9e-4304-bdcd-e93070d12e9d/ozone-meta/datanode-2/data-0/hdds
2024-06-22 13:31:49,569 [fdf93896-5abf-403c-99a8-bb8ea43c9a14-EndpointStateMachineTaskThread-/0.0.0.0:15002-0 ] INFO  volume.StorageVolumeChecker (StorageVolumeChecker.java:checkAllVolumes(218)) - Scheduled health check for volume /home/runner/work/ozone/ozone/hadoop-ozone/integration-test/target/test-dir/MiniOzoneClusterImpl-ed78929e-9b9e-4304-bdcd-e93070d12e9d/ozone-meta/datanode-2/data-0/hdds
2024-06-22 13:31:49,569 [fdf93896-5abf-403c-99a8-bb8ea43c9a14-EndpointStateMachineTaskThread-/0.0.0.0:15002-0 ] INFO  volume.ThrottledAsyncChecker (ThrottledAsyncChecker.java:schedule(141)) - Scheduling a check for /home/runner/work/ozone/ozone/hadoop-ozone/integration-test/target/test-dir/MiniOzoneClusterImpl-ed78929e-9b9e-4304-bdcd-e93070d12e9d/ozone-meta/datanode-2/ratis
2024-06-22 13:31:49,569 [fdf93896-5abf-403c-99a8-bb8ea43c9a14-EndpointStateMachineTaskThread-/0.0.0.0:15002-0 ] INFO  volume.StorageVolumeChecker (StorageVolumeChecker.java:checkAllVolumes(218)) - Scheduled health check for volume /home/runner/work/ozone/ozone/hadoop-ozone/integration-test/target/test-dir/MiniOzoneClusterImpl-ed78929e-9b9e-4304-bdcd-e93070d12e9d/ozone-meta/datanode-2/ratis
2024-06-22 13:31:49,570 [fdf93896-5abf-403c-99a8-bb8ea43c9a14-EndpointStateMachineTaskThread-/0.0.0.0:15002-0 ] INFO  ozoneimpl.OzoneContainer (OzoneContainer.java:start(459)) - Attempting to start container services.
2024-06-22 13:31:49,570 [fdf93896-5abf-403c-99a8-bb8ea43c9a14-EndpointStateMachineTaskThread-/0.0.0.0:15002-0 ] WARN  ozoneimpl.OnDemandContainerDataScanner (OnDemandContainerDataScanner.java:init(75)) - Trying to initialize on demand scanner a second time on a datanode.
2024-06-22 13:31:49,573 [ContainerMetadataScanner] INFO  ozoneimpl.AbstractBackgroundContainerScanner (AbstractBackgroundContainerScanner.java:runIteration(87)) - Completed an iteration in 0 minutes. Number of iterations (since the data-node restart) : 1, Number of containers scanned in this iteration : 0, Number of unhealthy containers found in this iteration : 0
2024-06-22 13:31:49,577 [ContainerDataScanner(/home/runner/work/ozone/ozone/hadoop-ozone/integration-test/target/test-dir/MiniOzoneClusterImpl-ed78929e-9b9e-4304-bdcd-e93070d12e9d/ozone-meta/datanode-2/data-0/hdds)] INFO  ozoneimpl.AbstractBackgroundContainerScanner (AbstractBackgroundContainerScanner.java:runIteration(87)) - Completed an iteration in 0 minutes. Number of iterations (since the data-node restart) : 1, Number of containers scanned in this iteration : 0, Number of unhealthy containers found in this iteration : 0
2024-06-22 13:31:49,578 [fdf93896-5abf-403c-99a8-bb8ea43c9a14-EndpointStateMachineTaskThread-/0.0.0.0:15002-0 ] INFO  replication.ReplicationServer (ReplicationServer.java:start(142)) - ReplicationServer is started using port 15025
2024-06-22 13:31:49,578 [fdf93896-5abf-403c-99a8-bb8ea43c9a14-EndpointStateMachineTaskThread-/0.0.0.0:15002-0 ] INFO  ratis.XceiverServerRatis (XceiverServerRatis.java:start(566)) - Starting XceiverServerRatis fdf93896-5abf-403c-99a8-bb8ea43c9a14
2024-06-22 13:31:49,585 [fdf93896-5abf-403c-99a8-bb8ea43c9a14-EndpointStateMachineTaskThread-/0.0.0.0:15002-0 ] INFO  server.RaftServer (RaftServerProxy.java:startImpl(406)) - fdf93896-5abf-403c-99a8-bb8ea43c9a14: start RPC server
2024-06-22 13:31:49,586 [fdf93896-5abf-403c-99a8-bb8ea43c9a14-EndpointStateMachineTaskThread-/0.0.0.0:15002-0 ] INFO  server.GrpcService (GrpcService.java:startImpl(302)) - fdf93896-5abf-403c-99a8-bb8ea43c9a14: GrpcService started, listening on 15021
2024-06-22 13:31:49,587 [fdf93896-5abf-403c-99a8-bb8ea43c9a14-EndpointStateMachineTaskThread-/0.0.0.0:15002-0 ] INFO  server.GrpcService (GrpcService.java:startImpl(302)) - fdf93896-5abf-403c-99a8-bb8ea43c9a14: GrpcService started, listening on 15023
2024-06-22 13:31:49,587 [fdf93896-5abf-403c-99a8-bb8ea43c9a14-EndpointStateMachineTaskThread-/0.0.0.0:15002-0 ] INFO  server.GrpcService (GrpcService.java:startImpl(302)) - fdf93896-5abf-403c-99a8-bb8ea43c9a14: GrpcService started, listening on 15022
2024-06-22 13:31:49,592 [fdf93896-5abf-403c-99a8-bb8ea43c9a14-EndpointStateMachineTaskThread-/0.0.0.0:15002-0 ] INFO  ratis.XceiverServerRatis (XceiverServerRatis.java:getRealPort(592)) - XceiverServerRatis fdf93896-5abf-403c-99a8-bb8ea43c9a14 is started using port 15021 for RATIS
2024-06-22 13:31:49,592 [fdf93896-5abf-403c-99a8-bb8ea43c9a14-EndpointStateMachineTaskThread-/0.0.0.0:15002-0 ] INFO  ratis.XceiverServerRatis (XceiverServerRatis.java:getRealPort(592)) - XceiverServerRatis fdf93896-5abf-403c-99a8-bb8ea43c9a14 is started using port 15022 for RATIS_ADMIN
2024-06-22 13:31:49,592 [fdf93896-5abf-403c-99a8-bb8ea43c9a14-EndpointStateMachineTaskThread-/0.0.0.0:15002-0 ] INFO  ratis.XceiverServerRatis (XceiverServerRatis.java:getRealPort(592)) - XceiverServerRatis fdf93896-5abf-403c-99a8-bb8ea43c9a14 is started using port 15023 for RATIS_SERVER
2024-06-22 13:31:49,592 [fdf93896-5abf-403c-99a8-bb8ea43c9a14-EndpointStateMachineTaskThread-/0.0.0.0:15002-0 ] INFO  ratis.XceiverServerRatis (XceiverServerRatis.java:getRealPort(592)) - XceiverServerRatis fdf93896-5abf-403c-99a8-bb8ea43c9a14 is started using port 15024 for RATIS_DATASTREAM
2024-06-22 13:31:49,592 [JvmPauseMonitor3] INFO  util.JvmPauseMonitor (JvmPauseMonitor.java:run(146)) - JvmPauseMonitor-fdf93896-5abf-403c-99a8-bb8ea43c9a14: Started
2024-06-22 13:31:49,596 [fdf93896-5abf-403c-99a8-bb8ea43c9a14-BlockDeletingService#0] INFO  interfaces.ContainerDeletionChoosingPolicyTemplate (ContainerDeletionChoosingPolicyTemplate.java:chooseContainerForBlockDeletion(85)) - Chosen 0/5000 blocks from 0 candidate containers.
2024-06-22 13:31:49,644 [b47eb027-4b7a-4ddc-bf7f-0870758e0604-EndpointStateMachineTaskThread-/0.0.0.0:15002-0 ] INFO  utils.DatanodeStoreCache (DatanodeStoreCache.java:addDB(72)) - Added db /home/runner/work/ozone/ozone/hadoop-ozone/integration-test/target/test-dir/MiniOzoneClusterImpl-ed78929e-9b9e-4304-bdcd-e93070d12e9d/ozone-meta/datanode-3/data-0/hdds/ed78929e-9b9e-4304-bdcd-e93070d12e9d/DS-a4f83017-cfc1-4761-b7ea-c8866f31be3d/container.db to cache
2024-06-22 13:31:49,644 [b47eb027-4b7a-4ddc-bf7f-0870758e0604-EndpointStateMachineTaskThread-/0.0.0.0:15002-0 ] INFO  volume.HddsVolume (HddsVolume.java:createDbStore(437)) - SchemaV3 db is created and loaded at /home/runner/work/ozone/ozone/hadoop-ozone/integration-test/target/test-dir/MiniOzoneClusterImpl-ed78929e-9b9e-4304-bdcd-e93070d12e9d/ozone-meta/datanode-3/data-0/hdds/ed78929e-9b9e-4304-bdcd-e93070d12e9d/DS-a4f83017-cfc1-4761-b7ea-c8866f31be3d/container.db for volume DS-a4f83017-cfc1-4761-b7ea-c8866f31be3d
2024-06-22 13:31:49,646 [b47eb027-4b7a-4ddc-bf7f-0870758e0604-ContainerReader-0] INFO  ozoneimpl.ContainerReader (ContainerReader.java:readVolume(148)) - Start to verify containers on volume /home/runner/work/ozone/ozone/hadoop-ozone/integration-test/target/test-dir/MiniOzoneClusterImpl-ed78929e-9b9e-4304-bdcd-e93070d12e9d/ozone-meta/datanode-3/data-0/hdds
2024-06-22 13:31:49,647 [b47eb027-4b7a-4ddc-bf7f-0870758e0604-ContainerReader-0] INFO  ozoneimpl.ContainerReader (ContainerReader.java:readVolume(178)) - Finish verifying containers on volume /home/runner/work/ozone/ozone/hadoop-ozone/integration-test/target/test-dir/MiniOzoneClusterImpl-ed78929e-9b9e-4304-bdcd-e93070d12e9d/ozone-meta/datanode-3/data-0/hdds
2024-06-22 13:31:49,647 [b47eb027-4b7a-4ddc-bf7f-0870758e0604-EndpointStateMachineTaskThread-/0.0.0.0:15002-0 ] INFO  ozoneimpl.OzoneContainer (OzoneContainer.java:buildContainerSet(328)) - Build ContainerSet costs 0s
2024-06-22 13:31:49,648 [b47eb027-4b7a-4ddc-bf7f-0870758e0604-EndpointStateMachineTaskThread-/0.0.0.0:15002-0 ] INFO  volume.ThrottledAsyncChecker (ThrottledAsyncChecker.java:schedule(141)) - Scheduling a check for /home/runner/work/ozone/ozone/hadoop-ozone/integration-test/target/test-dir/MiniOzoneClusterImpl-ed78929e-9b9e-4304-bdcd-e93070d12e9d/ozone-meta/datanode-3/data-0/hdds
2024-06-22 13:31:49,649 [b47eb027-4b7a-4ddc-bf7f-0870758e0604-EndpointStateMachineTaskThread-/0.0.0.0:15002-0 ] INFO  volume.StorageVolumeChecker (StorageVolumeChecker.java:checkAllVolumes(218)) - Scheduled health check for volume /home/runner/work/ozone/ozone/hadoop-ozone/integration-test/target/test-dir/MiniOzoneClusterImpl-ed78929e-9b9e-4304-bdcd-e93070d12e9d/ozone-meta/datanode-3/data-0/hdds
2024-06-22 13:31:49,651 [b47eb027-4b7a-4ddc-bf7f-0870758e0604-EndpointStateMachineTaskThread-/0.0.0.0:15002-0 ] INFO  volume.ThrottledAsyncChecker (ThrottledAsyncChecker.java:schedule(141)) - Scheduling a check for /home/runner/work/ozone/ozone/hadoop-ozone/integration-test/target/test-dir/MiniOzoneClusterImpl-ed78929e-9b9e-4304-bdcd-e93070d12e9d/ozone-meta/datanode-3/ratis
2024-06-22 13:31:49,653 [b47eb027-4b7a-4ddc-bf7f-0870758e0604-EndpointStateMachineTaskThread-/0.0.0.0:15002-0 ] INFO  volume.StorageVolumeChecker (StorageVolumeChecker.java:checkAllVolumes(218)) - Scheduled health check for volume /home/runner/work/ozone/ozone/hadoop-ozone/integration-test/target/test-dir/MiniOzoneClusterImpl-ed78929e-9b9e-4304-bdcd-e93070d12e9d/ozone-meta/datanode-3/ratis
2024-06-22 13:31:49,654 [b47eb027-4b7a-4ddc-bf7f-0870758e0604-EndpointStateMachineTaskThread-/0.0.0.0:15002-0 ] INFO  ozoneimpl.OzoneContainer (OzoneContainer.java:start(459)) - Attempting to start container services.
2024-06-22 13:31:49,655 [b47eb027-4b7a-4ddc-bf7f-0870758e0604-EndpointStateMachineTaskThread-/0.0.0.0:15002-0 ] WARN  ozoneimpl.OnDemandContainerDataScanner (OnDemandContainerDataScanner.java:init(75)) - Trying to initialize on demand scanner a second time on a datanode.
2024-06-22 13:31:49,656 [ContainerMetadataScanner] INFO  ozoneimpl.AbstractBackgroundContainerScanner (AbstractBackgroundContainerScanner.java:runIteration(87)) - Completed an iteration in 0 minutes. Number of iterations (since the data-node restart) : 1, Number of containers scanned in this iteration : 0, Number of unhealthy containers found in this iteration : 0
2024-06-22 13:31:49,658 [b47eb027-4b7a-4ddc-bf7f-0870758e0604-EndpointStateMachineTaskThread-/0.0.0.0:15002-0 ] INFO  replication.ReplicationServer (ReplicationServer.java:start(142)) - ReplicationServer is started using port 15034
2024-06-22 13:31:49,658 [b47eb027-4b7a-4ddc-bf7f-0870758e0604-EndpointStateMachineTaskThread-/0.0.0.0:15002-0 ] INFO  ratis.XceiverServerRatis (XceiverServerRatis.java:start(566)) - Starting XceiverServerRatis b47eb027-4b7a-4ddc-bf7f-0870758e0604
2024-06-22 13:31:49,658 [ContainerDataScanner(/home/runner/work/ozone/ozone/hadoop-ozone/integration-test/target/test-dir/MiniOzoneClusterImpl-ed78929e-9b9e-4304-bdcd-e93070d12e9d/ozone-meta/datanode-3/data-0/hdds)] INFO  ozoneimpl.AbstractBackgroundContainerScanner (AbstractBackgroundContainerScanner.java:runIteration(87)) - Completed an iteration in 0 minutes. Number of iterations (since the data-node restart) : 1, Number of containers scanned in this iteration : 0, Number of unhealthy containers found in this iteration : 0
2024-06-22 13:31:49,663 [b47eb027-4b7a-4ddc-bf7f-0870758e0604-EndpointStateMachineTaskThread-/0.0.0.0:15002-0 ] INFO  server.RaftServer (RaftServerProxy.java:startImpl(406)) - b47eb027-4b7a-4ddc-bf7f-0870758e0604: start RPC server
2024-06-22 13:31:49,663 [b47eb027-4b7a-4ddc-bf7f-0870758e0604-EndpointStateMachineTaskThread-/0.0.0.0:15002-0 ] INFO  server.GrpcService (GrpcService.java:startImpl(302)) - b47eb027-4b7a-4ddc-bf7f-0870758e0604: GrpcService started, listening on 15030
2024-06-22 13:31:49,664 [b47eb027-4b7a-4ddc-bf7f-0870758e0604-EndpointStateMachineTaskThread-/0.0.0.0:15002-0 ] INFO  server.GrpcService (GrpcService.java:startImpl(302)) - b47eb027-4b7a-4ddc-bf7f-0870758e0604: GrpcService started, listening on 15032
2024-06-22 13:31:49,664 [b47eb027-4b7a-4ddc-bf7f-0870758e0604-EndpointStateMachineTaskThread-/0.0.0.0:15002-0 ] INFO  server.GrpcService (GrpcService.java:startImpl(302)) - b47eb027-4b7a-4ddc-bf7f-0870758e0604: GrpcService started, listening on 15031
2024-06-22 13:31:49,665 [b47eb027-4b7a-4ddc-bf7f-0870758e0604-EndpointStateMachineTaskThread-/0.0.0.0:15002-0 ] INFO  ratis.XceiverServerRatis (XceiverServerRatis.java:getRealPort(592)) - XceiverServerRatis b47eb027-4b7a-4ddc-bf7f-0870758e0604 is started using port 15030 for RATIS
2024-06-22 13:31:49,665 [b47eb027-4b7a-4ddc-bf7f-0870758e0604-EndpointStateMachineTaskThread-/0.0.0.0:15002-0 ] INFO  ratis.XceiverServerRatis (XceiverServerRatis.java:getRealPort(592)) - XceiverServerRatis b47eb027-4b7a-4ddc-bf7f-0870758e0604 is started using port 15031 for RATIS_ADMIN
2024-06-22 13:31:49,665 [b47eb027-4b7a-4ddc-bf7f-0870758e0604-EndpointStateMachineTaskThread-/0.0.0.0:15002-0 ] INFO  ratis.XceiverServerRatis (XceiverServerRatis.java:getRealPort(592)) - XceiverServerRatis b47eb027-4b7a-4ddc-bf7f-0870758e0604 is started using port 15032 for RATIS_SERVER
2024-06-22 13:31:49,665 [b47eb027-4b7a-4ddc-bf7f-0870758e0604-EndpointStateMachineTaskThread-/0.0.0.0:15002-0 ] INFO  ratis.XceiverServerRatis (XceiverServerRatis.java:getRealPort(592)) - XceiverServerRatis b47eb027-4b7a-4ddc-bf7f-0870758e0604 is started using port 15033 for RATIS_DATASTREAM
2024-06-22 13:31:49,666 [JvmPauseMonitor4] INFO  util.JvmPauseMonitor (JvmPauseMonitor.java:run(146)) - JvmPauseMonitor-b47eb027-4b7a-4ddc-bf7f-0870758e0604: Started
2024-06-22 13:31:49,669 [b47eb027-4b7a-4ddc-bf7f-0870758e0604-BlockDeletingService#0] INFO  interfaces.ContainerDeletionChoosingPolicyTemplate (ContainerDeletionChoosingPolicyTemplate.java:chooseContainerForBlockDeletion(85)) - Chosen 0/5000 blocks from 0 candidate containers.
2024-06-22 13:31:49,744 [6d6fe673-47e6-46c0-a6fc-601f54cde379-EndpointStateMachineTaskThread-/0.0.0.0:15002-0 ] INFO  utils.DatanodeStoreCache (DatanodeStoreCache.java:addDB(72)) - Added db /home/runner/work/ozone/ozone/hadoop-ozone/integration-test/target/test-dir/MiniOzoneClusterImpl-ed78929e-9b9e-4304-bdcd-e93070d12e9d/ozone-meta/datanode-4/data-0/hdds/ed78929e-9b9e-4304-bdcd-e93070d12e9d/DS-15f6d1e7-b08a-449e-b2a6-30cd9d595b2c/container.db to cache
2024-06-22 13:31:49,745 [6d6fe673-47e6-46c0-a6fc-601f54cde379-EndpointStateMachineTaskThread-/0.0.0.0:15002-0 ] INFO  volume.HddsVolume (HddsVolume.java:createDbStore(437)) - SchemaV3 db is created and loaded at /home/runner/work/ozone/ozone/hadoop-ozone/integration-test/target/test-dir/MiniOzoneClusterImpl-ed78929e-9b9e-4304-bdcd-e93070d12e9d/ozone-meta/datanode-4/data-0/hdds/ed78929e-9b9e-4304-bdcd-e93070d12e9d/DS-15f6d1e7-b08a-449e-b2a6-30cd9d595b2c/container.db for volume DS-15f6d1e7-b08a-449e-b2a6-30cd9d595b2c
2024-06-22 13:31:49,747 [6d6fe673-47e6-46c0-a6fc-601f54cde379-ContainerReader-0] INFO  ozoneimpl.ContainerReader (ContainerReader.java:readVolume(148)) - Start to verify containers on volume /home/runner/work/ozone/ozone/hadoop-ozone/integration-test/target/test-dir/MiniOzoneClusterImpl-ed78929e-9b9e-4304-bdcd-e93070d12e9d/ozone-meta/datanode-4/data-0/hdds
2024-06-22 13:31:49,747 [6d6fe673-47e6-46c0-a6fc-601f54cde379-ContainerReader-0] INFO  ozoneimpl.ContainerReader (ContainerReader.java:readVolume(178)) - Finish verifying containers on volume /home/runner/work/ozone/ozone/hadoop-ozone/integration-test/target/test-dir/MiniOzoneClusterImpl-ed78929e-9b9e-4304-bdcd-e93070d12e9d/ozone-meta/datanode-4/data-0/hdds
2024-06-22 13:31:49,747 [6d6fe673-47e6-46c0-a6fc-601f54cde379-EndpointStateMachineTaskThread-/0.0.0.0:15002-0 ] INFO  ozoneimpl.OzoneContainer (OzoneContainer.java:buildContainerSet(328)) - Build ContainerSet costs 0s
2024-06-22 13:31:49,747 [6d6fe673-47e6-46c0-a6fc-601f54cde379-EndpointStateMachineTaskThread-/0.0.0.0:15002-0 ] INFO  volume.ThrottledAsyncChecker (ThrottledAsyncChecker.java:schedule(141)) - Scheduling a check for /home/runner/work/ozone/ozone/hadoop-ozone/integration-test/target/test-dir/MiniOzoneClusterImpl-ed78929e-9b9e-4304-bdcd-e93070d12e9d/ozone-meta/datanode-4/data-0/hdds
2024-06-22 13:31:49,748 [6d6fe673-47e6-46c0-a6fc-601f54cde379-EndpointStateMachineTaskThread-/0.0.0.0:15002-0 ] INFO  volume.StorageVolumeChecker (StorageVolumeChecker.java:checkAllVolumes(218)) - Scheduled health check for volume /home/runner/work/ozone/ozone/hadoop-ozone/integration-test/target/test-dir/MiniOzoneClusterImpl-ed78929e-9b9e-4304-bdcd-e93070d12e9d/ozone-meta/datanode-4/data-0/hdds
2024-06-22 13:31:49,750 [6d6fe673-47e6-46c0-a6fc-601f54cde379-EndpointStateMachineTaskThread-/0.0.0.0:15002-0 ] INFO  volume.ThrottledAsyncChecker (ThrottledAsyncChecker.java:schedule(141)) - Scheduling a check for /home/runner/work/ozone/ozone/hadoop-ozone/integration-test/target/test-dir/MiniOzoneClusterImpl-ed78929e-9b9e-4304-bdcd-e93070d12e9d/ozone-meta/datanode-4/ratis
2024-06-22 13:31:49,750 [6d6fe673-47e6-46c0-a6fc-601f54cde379-EndpointStateMachineTaskThread-/0.0.0.0:15002-0 ] INFO  volume.StorageVolumeChecker (StorageVolumeChecker.java:checkAllVolumes(218)) - Scheduled health check for volume /home/runner/work/ozone/ozone/hadoop-ozone/integration-test/target/test-dir/MiniOzoneClusterImpl-ed78929e-9b9e-4304-bdcd-e93070d12e9d/ozone-meta/datanode-4/ratis
2024-06-22 13:31:49,751 [6d6fe673-47e6-46c0-a6fc-601f54cde379-EndpointStateMachineTaskThread-/0.0.0.0:15002-0 ] INFO  ozoneimpl.OzoneContainer (OzoneContainer.java:start(459)) - Attempting to start container services.
2024-06-22 13:31:49,751 [6d6fe673-47e6-46c0-a6fc-601f54cde379-EndpointStateMachineTaskThread-/0.0.0.0:15002-0 ] WARN  ozoneimpl.OnDemandContainerDataScanner (OnDemandContainerDataScanner.java:init(75)) - Trying to initialize on demand scanner a second time on a datanode.
2024-06-22 13:31:49,753 [ContainerMetadataScanner] INFO  ozoneimpl.AbstractBackgroundContainerScanner (AbstractBackgroundContainerScanner.java:runIteration(87)) - Completed an iteration in 0 minutes. Number of iterations (since the data-node restart) : 1, Number of containers scanned in this iteration : 0, Number of unhealthy containers found in this iteration : 0
2024-06-22 13:31:49,754 [6d6fe673-47e6-46c0-a6fc-601f54cde379-EndpointStateMachineTaskThread-/0.0.0.0:15002-0 ] INFO  replication.ReplicationServer (ReplicationServer.java:start(142)) - ReplicationServer is started using port 15043
2024-06-22 13:31:49,754 [6d6fe673-47e6-46c0-a6fc-601f54cde379-EndpointStateMachineTaskThread-/0.0.0.0:15002-0 ] INFO  ratis.XceiverServerRatis (XceiverServerRatis.java:start(566)) - Starting XceiverServerRatis 6d6fe673-47e6-46c0-a6fc-601f54cde379
2024-06-22 13:31:49,754 [ContainerDataScanner(/home/runner/work/ozone/ozone/hadoop-ozone/integration-test/target/test-dir/MiniOzoneClusterImpl-ed78929e-9b9e-4304-bdcd-e93070d12e9d/ozone-meta/datanode-4/data-0/hdds)] INFO  ozoneimpl.AbstractBackgroundContainerScanner (AbstractBackgroundContainerScanner.java:runIteration(87)) - Completed an iteration in 0 minutes. Number of iterations (since the data-node restart) : 1, Number of containers scanned in this iteration : 0, Number of unhealthy containers found in this iteration : 0
2024-06-22 13:31:49,757 [6d6fe673-47e6-46c0-a6fc-601f54cde379-EndpointStateMachineTaskThread-/0.0.0.0:15002-0 ] INFO  server.RaftServer (RaftServerProxy.java:startImpl(406)) - 6d6fe673-47e6-46c0-a6fc-601f54cde379: start RPC server
2024-06-22 13:31:49,758 [6d6fe673-47e6-46c0-a6fc-601f54cde379-EndpointStateMachineTaskThread-/0.0.0.0:15002-0 ] INFO  server.GrpcService (GrpcService.java:startImpl(302)) - 6d6fe673-47e6-46c0-a6fc-601f54cde379: GrpcService started, listening on 15039
2024-06-22 13:31:49,758 [6d6fe673-47e6-46c0-a6fc-601f54cde379-EndpointStateMachineTaskThread-/0.0.0.0:15002-0 ] INFO  server.GrpcService (GrpcService.java:startImpl(302)) - 6d6fe673-47e6-46c0-a6fc-601f54cde379: GrpcService started, listening on 15041
2024-06-22 13:31:49,759 [6d6fe673-47e6-46c0-a6fc-601f54cde379-EndpointStateMachineTaskThread-/0.0.0.0:15002-0 ] INFO  server.GrpcService (GrpcService.java:startImpl(302)) - 6d6fe673-47e6-46c0-a6fc-601f54cde379: GrpcService started, listening on 15040
2024-06-22 13:31:49,759 [6d6fe673-47e6-46c0-a6fc-601f54cde379-EndpointStateMachineTaskThread-/0.0.0.0:15002-0 ] INFO  ratis.XceiverServerRatis (XceiverServerRatis.java:getRealPort(592)) - XceiverServerRatis 6d6fe673-47e6-46c0-a6fc-601f54cde379 is started using port 15039 for RATIS
2024-06-22 13:31:49,759 [6d6fe673-47e6-46c0-a6fc-601f54cde379-EndpointStateMachineTaskThread-/0.0.0.0:15002-0 ] INFO  ratis.XceiverServerRatis (XceiverServerRatis.java:getRealPort(592)) - XceiverServerRatis 6d6fe673-47e6-46c0-a6fc-601f54cde379 is started using port 15040 for RATIS_ADMIN
2024-06-22 13:31:49,759 [6d6fe673-47e6-46c0-a6fc-601f54cde379-EndpointStateMachineTaskThread-/0.0.0.0:15002-0 ] INFO  ratis.XceiverServerRatis (XceiverServerRatis.java:getRealPort(592)) - XceiverServerRatis 6d6fe673-47e6-46c0-a6fc-601f54cde379 is started using port 15041 for RATIS_SERVER
2024-06-22 13:31:49,759 [6d6fe673-47e6-46c0-a6fc-601f54cde379-EndpointStateMachineTaskThread-/0.0.0.0:15002-0 ] INFO  ratis.XceiverServerRatis (XceiverServerRatis.java:getRealPort(592)) - XceiverServerRatis 6d6fe673-47e6-46c0-a6fc-601f54cde379 is started using port 15042 for RATIS_DATASTREAM
2024-06-22 13:31:49,759 [JvmPauseMonitor5] INFO  util.JvmPauseMonitor (JvmPauseMonitor.java:run(146)) - JvmPauseMonitor-6d6fe673-47e6-46c0-a6fc-601f54cde379: Started
2024-06-22 13:31:49,763 [6d6fe673-47e6-46c0-a6fc-601f54cde379-BlockDeletingService#0] INFO  interfaces.ContainerDeletionChoosingPolicyTemplate (ContainerDeletionChoosingPolicyTemplate.java:chooseContainerForBlockDeletion(85)) - Chosen 0/5000 blocks from 0 candidate containers.
2024-06-22 13:31:49,773 [ReplicationMonitor] INFO  replication.ReplicationManager (ReplicationManager.java:processAll(373)) - Replication Manager is not ready to run until 3000ms after safemode exit
2024-06-22 13:31:49,838 [main] INFO  ozone.MiniOzoneClusterImpl (MiniOzoneClusterImpl.java:lambda$waitForClusterToBeReady$0(194)) - Waiting for nodes to be ready. Got 0 of 5 DN Heartbeats.
2024-06-22 13:31:49,838 [main] INFO  ozone.MiniOzoneClusterImpl (MiniOzoneClusterImpl.java:lambda$waitForClusterToBeReady$0(197)) - Waiting for cluster to exit safe mode
2024-06-22 13:31:49,838 [main] INFO  ozone.MiniOzoneClusterImpl (MiniOzoneClusterImpl.java:lambda$waitForClusterToBeReady$0(199)) - SCM became leader
2024-06-22 13:31:49,863 [99deb4a4-176b-49c7-aa7a-c34027b979ad-EndpointStateMachineTaskThread-/0.0.0.0:15002-0 ] INFO  utils.DatanodeStoreCache (DatanodeStoreCache.java:addDB(72)) - Added db /home/runner/work/ozone/ozone/hadoop-ozone/integration-test/target/test-dir/MiniOzoneClusterImpl-ed78929e-9b9e-4304-bdcd-e93070d12e9d/ozone-meta/datanode-5/data-0/hdds/ed78929e-9b9e-4304-bdcd-e93070d12e9d/DS-5ac8d509-0a76-4fa2-9a89-482482335935/container.db to cache
2024-06-22 13:31:49,864 [99deb4a4-176b-49c7-aa7a-c34027b979ad-EndpointStateMachineTaskThread-/0.0.0.0:15002-0 ] INFO  volume.HddsVolume (HddsVolume.java:createDbStore(437)) - SchemaV3 db is created and loaded at /home/runner/work/ozone/ozone/hadoop-ozone/integration-test/target/test-dir/MiniOzoneClusterImpl-ed78929e-9b9e-4304-bdcd-e93070d12e9d/ozone-meta/datanode-5/data-0/hdds/ed78929e-9b9e-4304-bdcd-e93070d12e9d/DS-5ac8d509-0a76-4fa2-9a89-482482335935/container.db for volume DS-5ac8d509-0a76-4fa2-9a89-482482335935
2024-06-22 13:31:49,866 [99deb4a4-176b-49c7-aa7a-c34027b979ad-ContainerReader-0] INFO  ozoneimpl.ContainerReader (ContainerReader.java:readVolume(148)) - Start to verify containers on volume /home/runner/work/ozone/ozone/hadoop-ozone/integration-test/target/test-dir/MiniOzoneClusterImpl-ed78929e-9b9e-4304-bdcd-e93070d12e9d/ozone-meta/datanode-5/data-0/hdds
2024-06-22 13:31:49,866 [99deb4a4-176b-49c7-aa7a-c34027b979ad-ContainerReader-0] INFO  ozoneimpl.ContainerReader (ContainerReader.java:readVolume(178)) - Finish verifying containers on volume /home/runner/work/ozone/ozone/hadoop-ozone/integration-test/target/test-dir/MiniOzoneClusterImpl-ed78929e-9b9e-4304-bdcd-e93070d12e9d/ozone-meta/datanode-5/data-0/hdds
2024-06-22 13:31:49,867 [99deb4a4-176b-49c7-aa7a-c34027b979ad-EndpointStateMachineTaskThread-/0.0.0.0:15002-0 ] INFO  ozoneimpl.OzoneContainer (OzoneContainer.java:buildContainerSet(328)) - Build ContainerSet costs 0s
2024-06-22 13:31:49,867 [99deb4a4-176b-49c7-aa7a-c34027b979ad-EndpointStateMachineTaskThread-/0.0.0.0:15002-0 ] INFO  volume.ThrottledAsyncChecker (ThrottledAsyncChecker.java:schedule(141)) - Scheduling a check for /home/runner/work/ozone/ozone/hadoop-ozone/integration-test/target/test-dir/MiniOzoneClusterImpl-ed78929e-9b9e-4304-bdcd-e93070d12e9d/ozone-meta/datanode-5/data-0/hdds
2024-06-22 13:31:49,869 [99deb4a4-176b-49c7-aa7a-c34027b979ad-EndpointStateMachineTaskThread-/0.0.0.0:15002-0 ] INFO  volume.StorageVolumeChecker (StorageVolumeChecker.java:checkAllVolumes(218)) - Scheduled health check for volume /home/runner/work/ozone/ozone/hadoop-ozone/integration-test/target/test-dir/MiniOzoneClusterImpl-ed78929e-9b9e-4304-bdcd-e93070d12e9d/ozone-meta/datanode-5/data-0/hdds
2024-06-22 13:31:49,871 [99deb4a4-176b-49c7-aa7a-c34027b979ad-EndpointStateMachineTaskThread-/0.0.0.0:15002-0 ] INFO  volume.ThrottledAsyncChecker (ThrottledAsyncChecker.java:schedule(141)) - Scheduling a check for /home/runner/work/ozone/ozone/hadoop-ozone/integration-test/target/test-dir/MiniOzoneClusterImpl-ed78929e-9b9e-4304-bdcd-e93070d12e9d/ozone-meta/datanode-5/ratis
2024-06-22 13:31:49,872 [99deb4a4-176b-49c7-aa7a-c34027b979ad-EndpointStateMachineTaskThread-/0.0.0.0:15002-0 ] INFO  volume.StorageVolumeChecker (StorageVolumeChecker.java:checkAllVolumes(218)) - Scheduled health check for volume /home/runner/work/ozone/ozone/hadoop-ozone/integration-test/target/test-dir/MiniOzoneClusterImpl-ed78929e-9b9e-4304-bdcd-e93070d12e9d/ozone-meta/datanode-5/ratis
2024-06-22 13:31:49,872 [99deb4a4-176b-49c7-aa7a-c34027b979ad-EndpointStateMachineTaskThread-/0.0.0.0:15002-0 ] INFO  ozoneimpl.OzoneContainer (OzoneContainer.java:start(459)) - Attempting to start container services.
2024-06-22 13:31:49,872 [99deb4a4-176b-49c7-aa7a-c34027b979ad-EndpointStateMachineTaskThread-/0.0.0.0:15002-0 ] WARN  ozoneimpl.OnDemandContainerDataScanner (OnDemandContainerDataScanner.java:init(75)) - Trying to initialize on demand scanner a second time on a datanode.
2024-06-22 13:31:49,873 [ContainerMetadataScanner] INFO  ozoneimpl.AbstractBackgroundContainerScanner (AbstractBackgroundContainerScanner.java:runIteration(87)) - Completed an iteration in 0 minutes. Number of iterations (since the data-node restart) : 1, Number of containers scanned in this iteration : 0, Number of unhealthy containers found in this iteration : 0
2024-06-22 13:31:49,876 [ContainerDataScanner(/home/runner/work/ozone/ozone/hadoop-ozone/integration-test/target/test-dir/MiniOzoneClusterImpl-ed78929e-9b9e-4304-bdcd-e93070d12e9d/ozone-meta/datanode-5/data-0/hdds)] INFO  ozoneimpl.AbstractBackgroundContainerScanner (AbstractBackgroundContainerScanner.java:runIteration(87)) - Completed an iteration in 0 minutes. Number of iterations (since the data-node restart) : 1, Number of containers scanned in this iteration : 0, Number of unhealthy containers found in this iteration : 0
2024-06-22 13:31:49,877 [99deb4a4-176b-49c7-aa7a-c34027b979ad-EndpointStateMachineTaskThread-/0.0.0.0:15002-0 ] INFO  replication.ReplicationServer (ReplicationServer.java:start(142)) - ReplicationServer is started using port 15052
2024-06-22 13:31:49,877 [99deb4a4-176b-49c7-aa7a-c34027b979ad-EndpointStateMachineTaskThread-/0.0.0.0:15002-0 ] INFO  ratis.XceiverServerRatis (XceiverServerRatis.java:start(566)) - Starting XceiverServerRatis 99deb4a4-176b-49c7-aa7a-c34027b979ad
2024-06-22 13:31:49,879 [99deb4a4-176b-49c7-aa7a-c34027b979ad-EndpointStateMachineTaskThread-/0.0.0.0:15002-0 ] INFO  server.RaftServer (RaftServerProxy.java:startImpl(406)) - 99deb4a4-176b-49c7-aa7a-c34027b979ad: start RPC server
2024-06-22 13:31:49,880 [99deb4a4-176b-49c7-aa7a-c34027b979ad-EndpointStateMachineTaskThread-/0.0.0.0:15002-0 ] INFO  server.GrpcService (GrpcService.java:startImpl(302)) - 99deb4a4-176b-49c7-aa7a-c34027b979ad: GrpcService started, listening on 15048
2024-06-22 13:31:49,881 [99deb4a4-176b-49c7-aa7a-c34027b979ad-EndpointStateMachineTaskThread-/0.0.0.0:15002-0 ] INFO  server.GrpcService (GrpcService.java:startImpl(302)) - 99deb4a4-176b-49c7-aa7a-c34027b979ad: GrpcService started, listening on 15050
2024-06-22 13:31:49,881 [99deb4a4-176b-49c7-aa7a-c34027b979ad-EndpointStateMachineTaskThread-/0.0.0.0:15002-0 ] INFO  server.GrpcService (GrpcService.java:startImpl(302)) - 99deb4a4-176b-49c7-aa7a-c34027b979ad: GrpcService started, listening on 15049
2024-06-22 13:31:49,885 [99deb4a4-176b-49c7-aa7a-c34027b979ad-EndpointStateMachineTaskThread-/0.0.0.0:15002-0 ] INFO  ratis.XceiverServerRatis (XceiverServerRatis.java:getRealPort(592)) - XceiverServerRatis 99deb4a4-176b-49c7-aa7a-c34027b979ad is started using port 15048 for RATIS
2024-06-22 13:31:49,885 [99deb4a4-176b-49c7-aa7a-c34027b979ad-EndpointStateMachineTaskThread-/0.0.0.0:15002-0 ] INFO  ratis.XceiverServerRatis (XceiverServerRatis.java:getRealPort(592)) - XceiverServerRatis 99deb4a4-176b-49c7-aa7a-c34027b979ad is started using port 15049 for RATIS_ADMIN
2024-06-22 13:31:49,885 [99deb4a4-176b-49c7-aa7a-c34027b979ad-EndpointStateMachineTaskThread-/0.0.0.0:15002-0 ] INFO  ratis.XceiverServerRatis (XceiverServerRatis.java:getRealPort(592)) - XceiverServerRatis 99deb4a4-176b-49c7-aa7a-c34027b979ad is started using port 15050 for RATIS_SERVER
2024-06-22 13:31:49,885 [99deb4a4-176b-49c7-aa7a-c34027b979ad-EndpointStateMachineTaskThread-/0.0.0.0:15002-0 ] INFO  ratis.XceiverServerRatis (XceiverServerRatis.java:getRealPort(592)) - XceiverServerRatis 99deb4a4-176b-49c7-aa7a-c34027b979ad is started using port 15051 for RATIS_DATASTREAM
2024-06-22 13:31:49,886 [JvmPauseMonitor6] INFO  util.JvmPauseMonitor (JvmPauseMonitor.java:run(146)) - JvmPauseMonitor-99deb4a4-176b-49c7-aa7a-c34027b979ad: Started
2024-06-22 13:31:49,888 [99deb4a4-176b-49c7-aa7a-c34027b979ad-BlockDeletingService#0] INFO  interfaces.ContainerDeletionChoosingPolicyTemplate (ContainerDeletionChoosingPolicyTemplate.java:chooseContainerForBlockDeletion(85)) - Chosen 0/5000 blocks from 0 candidate containers.
2024-06-22 13:31:50,773 [ReplicationMonitor] INFO  replication.ReplicationManager (ReplicationManager.java:processAll(373)) - Replication Manager is not ready to run until 3000ms after safemode exit
2024-06-22 13:31:50,838 [main] INFO  ozone.MiniOzoneClusterImpl (MiniOzoneClusterImpl.java:lambda$waitForClusterToBeReady$0(194)) - Waiting for nodes to be ready. Got 0 of 5 DN Heartbeats.
2024-06-22 13:31:50,839 [main] INFO  ozone.MiniOzoneClusterImpl (MiniOzoneClusterImpl.java:lambda$waitForClusterToBeReady$0(197)) - Waiting for cluster to exit safe mode
2024-06-22 13:31:50,839 [main] INFO  ozone.MiniOzoneClusterImpl (MiniOzoneClusterImpl.java:lambda$waitForClusterToBeReady$0(199)) - SCM became leader
2024-06-22 13:31:51,406 [IPC Server handler 0 on default port 15002] INFO  net.NetworkTopologyImpl (NetworkTopologyImpl.java:add(134)) - Added a new node: /default-rack/c511b233-3aa4-4954-9335-f5d54c64e497
2024-06-22 13:31:51,408 [IPC Server handler 0 on default port 15002] INFO  node.SCMNodeManager (SCMNodeManager.java:register(421)) - Registered datanode: c511b233-3aa4-4954-9335-f5d54c64e497{ip: 127.0.0.1, host: localhost, ports: [HTTP=15009, CLIENT_RPC=15010, REPLICATION=15016, RATIS=15012, RATIS_ADMIN=15013, RATIS_SERVER=15014, RATIS_DATASTREAM=15015, STANDALONE=15011], networkLocation: /default-rack, certSerialId: null, persistedOpState: null, persistedOpStateExpiryEpochSec: 0}
2024-06-22 13:31:51,410 [EventQueue-NewNodeForNewNodeHandler] INFO  pipeline.BackgroundPipelineCreator (BackgroundPipelineCreator.java:notifyEventTriggered(280)) - trigger a one-shot run on RatisPipelineUtilsThread.
2024-06-22 13:31:51,411 [EventQueue-NodeRegistrationContainerReportForContainerSafeModeRule] INFO  safemode.SCMSafeModeManager (SCMSafeModeManager.java:validateSafeModeExitRules(203)) - ContainerSafeModeRule rule is successfully validated
2024-06-22 13:31:51,411 [EventQueue-NodeRegistrationContainerReportForDataNodeSafeModeRule] INFO  safemode.SCMSafeModeManager (DataNodeSafeModeRule.java:process(71)) - SCM in safe mode. 1 DataNodes registered, 3 required.
2024-06-22 13:31:51,413 [EventQueue-PipelineReportForOneReplicaPipelineSafeModeRule] INFO  safemode.SCMSafeModeManager (SCMSafeModeManager.java:validateSafeModeExitRules(203)) - AtleastOneDatanodeReportedRule rule is successfully validated
2024-06-22 13:31:51,417 [RatisPipelineUtilsThread-0] INFO  pipeline.RatisPipelineProvider (RatisPipelineProvider.java:lambda$create$0(205)) - Sending CreatePipelineCommand for pipeline:PipelineID=fdf6ad23-aa6e-43b3-a4e5-416d015375cf to datanode:c511b233-3aa4-4954-9335-f5d54c64e497
2024-06-22 13:31:51,429 [RatisPipelineUtilsThread-0] INFO  pipeline.BackgroundPipelineCreator (BackgroundPipelineCreator.java:createPipelines(236)) - Created new pipeline Pipeline[ Id: fdf6ad23-aa6e-43b3-a4e5-416d015375cf, Nodes: c511b233-3aa4-4954-9335-f5d54c64e497(localhost/127.0.0.1) ReplicaIndex: 0, ReplicationConfig: RATIS/ONE, State:ALLOCATED, leaderId:, CreationTimestamp2024-06-22T13:31:51.417222235Z[Etc/UTC]]
2024-06-22 13:31:51,524 [IPC Server handler 1 on default port 15002] INFO  net.NetworkTopologyImpl (NetworkTopologyImpl.java:add(134)) - Added a new node: /default-rack/fdf93896-5abf-403c-99a8-bb8ea43c9a14
2024-06-22 13:31:51,524 [IPC Server handler 1 on default port 15002] INFO  node.SCMNodeManager (SCMNodeManager.java:register(421)) - Registered datanode: fdf93896-5abf-403c-99a8-bb8ea43c9a14{ip: 127.0.0.1, host: localhost, ports: [HTTP=15018, CLIENT_RPC=15019, REPLICATION=15025, RATIS=15021, RATIS_ADMIN=15022, RATIS_SERVER=15023, RATIS_DATASTREAM=15024, STANDALONE=15020], networkLocation: /default-rack, certSerialId: null, persistedOpState: null, persistedOpStateExpiryEpochSec: 0}
2024-06-22 13:31:51,525 [EventQueue-NodeRegistrationContainerReportForDataNodeSafeModeRule] INFO  safemode.SCMSafeModeManager (DataNodeSafeModeRule.java:process(71)) - SCM in safe mode. 2 DataNodes registered, 3 required.
2024-06-22 13:31:51,525 [EventQueue-NewNodeForNewNodeHandler] INFO  pipeline.BackgroundPipelineCreator (BackgroundPipelineCreator.java:notifyEventTriggered(280)) - trigger a one-shot run on RatisPipelineUtilsThread.
2024-06-22 13:31:51,526 [RatisPipelineUtilsThread-0] INFO  pipeline.RatisPipelineProvider (RatisPipelineProvider.java:lambda$create$0(205)) - Sending CreatePipelineCommand for pipeline:PipelineID=4ed428f0-b8d8-465b-8fad-5b9310bc09e2 to datanode:fdf93896-5abf-403c-99a8-bb8ea43c9a14
2024-06-22 13:31:51,527 [RatisPipelineUtilsThread-0] INFO  pipeline.BackgroundPipelineCreator (BackgroundPipelineCreator.java:createPipelines(236)) - Created new pipeline Pipeline[ Id: 4ed428f0-b8d8-465b-8fad-5b9310bc09e2, Nodes: fdf93896-5abf-403c-99a8-bb8ea43c9a14(localhost/127.0.0.1) ReplicaIndex: 0, ReplicationConfig: RATIS/ONE, State:ALLOCATED, leaderId:, CreationTimestamp2024-06-22T13:31:51.526126022Z[Etc/UTC]]
2024-06-22 13:31:51,603 [IPC Server handler 2 on default port 15002] INFO  net.NetworkTopologyImpl (NetworkTopologyImpl.java:add(134)) - Added a new node: /default-rack/b47eb027-4b7a-4ddc-bf7f-0870758e0604
2024-06-22 13:31:51,603 [IPC Server handler 2 on default port 15002] INFO  node.SCMNodeManager (SCMNodeManager.java:register(421)) - Registered datanode: b47eb027-4b7a-4ddc-bf7f-0870758e0604{ip: 127.0.0.1, host: localhost, ports: [HTTP=15027, CLIENT_RPC=15028, REPLICATION=15034, RATIS=15030, RATIS_ADMIN=15031, RATIS_SERVER=15032, RATIS_DATASTREAM=15033, STANDALONE=15029], networkLocation: /default-rack, certSerialId: null, persistedOpState: null, persistedOpStateExpiryEpochSec: 0}
2024-06-22 13:31:51,603 [EventQueue-NewNodeForNewNodeHandler] INFO  pipeline.BackgroundPipelineCreator (BackgroundPipelineCreator.java:notifyEventTriggered(280)) - trigger a one-shot run on RatisPipelineUtilsThread.
2024-06-22 13:31:51,604 [EventQueue-NodeRegistrationContainerReportForDataNodeSafeModeRule] INFO  safemode.SCMSafeModeManager (DataNodeSafeModeRule.java:process(71)) - SCM in safe mode. 3 DataNodes registered, 3 required.
2024-06-22 13:31:51,604 [EventQueue-NodeRegistrationContainerReportForDataNodeSafeModeRule] INFO  safemode.SCMSafeModeManager (SCMSafeModeManager.java:validateSafeModeExitRules(203)) - DataNodeSafeModeRule rule is successfully validated
2024-06-22 13:31:51,604 [EventQueue-NodeRegistrationContainerReportForDataNodeSafeModeRule] INFO  safemode.SCMSafeModeManager (SCMSafeModeManager.java:completePreCheck(232)) - All SCM safe mode pre check rules have passed
2024-06-22 13:31:51,604 [EventQueue-NodeRegistrationContainerReportForDataNodeSafeModeRule] INFO  ha.SCMContext (SCMContext.java:updateSafeModeStatus(225)) - Update SafeModeStatus from SafeModeStatus{safeModeStatus=true, preCheckPassed=false} to SafeModeStatus{safeModeStatus=true, preCheckPassed=true}.
2024-06-22 13:31:51,604 [EventQueue-NodeRegistrationContainerReportForDataNodeSafeModeRule] INFO  pipeline.BackgroundPipelineCreator (BackgroundPipelineCreator.java:notifyEventTriggered(280)) - trigger a one-shot run on RatisPipelineUtilsThread.
2024-06-22 13:31:51,605 [RatisPipelineUtilsThread-0] INFO  pipeline.RatisPipelineProvider (RatisPipelineProvider.java:lambda$create$0(205)) - Sending CreatePipelineCommand for pipeline:PipelineID=bf9e02a1-c300-42bd-959c-756ec7fadb3c to datanode:b47eb027-4b7a-4ddc-bf7f-0870758e0604
2024-06-22 13:31:51,607 [RatisPipelineUtilsThread-0] INFO  pipeline.BackgroundPipelineCreator (BackgroundPipelineCreator.java:createPipelines(236)) - Created new pipeline Pipeline[ Id: bf9e02a1-c300-42bd-959c-756ec7fadb3c, Nodes: b47eb027-4b7a-4ddc-bf7f-0870758e0604(localhost/127.0.0.1) ReplicaIndex: 0, ReplicationConfig: RATIS/ONE, State:ALLOCATED, leaderId:, CreationTimestamp2024-06-22T13:31:51.605084611Z[Etc/UTC]]
2024-06-22 13:31:51,610 [RatisPipelineUtilsThread-0] INFO  pipeline.RatisPipelineProvider (RatisPipelineProvider.java:lambda$create$0(205)) - Sending CreatePipelineCommand for pipeline:PipelineID=b956bdd5-41b8-45c8-8b94-b33c5e379cf8 to datanode:b47eb027-4b7a-4ddc-bf7f-0870758e0604
2024-06-22 13:31:51,611 [RatisPipelineUtilsThread-0] INFO  pipeline.RatisPipelineProvider (RatisPipelineProvider.java:lambda$create$0(205)) - Sending CreatePipelineCommand for pipeline:PipelineID=b956bdd5-41b8-45c8-8b94-b33c5e379cf8 to datanode:c511b233-3aa4-4954-9335-f5d54c64e497
2024-06-22 13:31:51,611 [RatisPipelineUtilsThread-0] INFO  pipeline.RatisPipelineProvider (RatisPipelineProvider.java:lambda$create$0(205)) - Sending CreatePipelineCommand for pipeline:PipelineID=b956bdd5-41b8-45c8-8b94-b33c5e379cf8 to datanode:fdf93896-5abf-403c-99a8-bb8ea43c9a14
2024-06-22 13:31:51,613 [RatisPipelineUtilsThread-0] INFO  pipeline.BackgroundPipelineCreator (BackgroundPipelineCreator.java:createPipelines(236)) - Created new pipeline Pipeline[ Id: b956bdd5-41b8-45c8-8b94-b33c5e379cf8, Nodes: b47eb027-4b7a-4ddc-bf7f-0870758e0604(localhost/127.0.0.1) ReplicaIndex: 0c511b233-3aa4-4954-9335-f5d54c64e497(localhost/127.0.0.1) ReplicaIndex: 0fdf93896-5abf-403c-99a8-bb8ea43c9a14(localhost/127.0.0.1) ReplicaIndex: 0, ReplicationConfig: RATIS/THREE, State:ALLOCATED, leaderId:, CreationTimestamp2024-06-22T13:31:51.610798610Z[Etc/UTC]]
2024-06-22 13:31:51,614 [RatisPipelineUtilsThread-0] INFO  pipeline.RatisPipelineProvider (RatisPipelineProvider.java:lambda$create$0(205)) - Sending CreatePipelineCommand for pipeline:PipelineID=d4c8851d-4300-4327-9eb4-39932c3c694b to datanode:b47eb027-4b7a-4ddc-bf7f-0870758e0604
2024-06-22 13:31:51,615 [RatisPipelineUtilsThread-0] INFO  pipeline.RatisPipelineProvider (RatisPipelineProvider.java:lambda$create$0(205)) - Sending CreatePipelineCommand for pipeline:PipelineID=d4c8851d-4300-4327-9eb4-39932c3c694b to datanode:c511b233-3aa4-4954-9335-f5d54c64e497
2024-06-22 13:31:51,615 [RatisPipelineUtilsThread-0] INFO  pipeline.RatisPipelineProvider (RatisPipelineProvider.java:lambda$create$0(205)) - Sending CreatePipelineCommand for pipeline:PipelineID=d4c8851d-4300-4327-9eb4-39932c3c694b to datanode:fdf93896-5abf-403c-99a8-bb8ea43c9a14
2024-06-22 13:31:51,617 [RatisPipelineUtilsThread-0] INFO  pipeline.PipelineManagerImpl (PipelineManagerImpl.java:recordMetricsForPipeline(916)) - Pipeline: PipelineID=d4c8851d-4300-4327-9eb4-39932c3c694b contains same datanodes as previous pipelines: PipelineID=b956bdd5-41b8-45c8-8b94-b33c5e379cf8 nodeIds: b47eb027-4b7a-4ddc-bf7f-0870758e0604, c511b233-3aa4-4954-9335-f5d54c64e497, fdf93896-5abf-403c-99a8-bb8ea43c9a14
2024-06-22 13:31:51,617 [RatisPipelineUtilsThread-0] INFO  pipeline.BackgroundPipelineCreator (BackgroundPipelineCreator.java:createPipelines(236)) - Created new pipeline Pipeline[ Id: d4c8851d-4300-4327-9eb4-39932c3c694b, Nodes: b47eb027-4b7a-4ddc-bf7f-0870758e0604(localhost/127.0.0.1) ReplicaIndex: 0c511b233-3aa4-4954-9335-f5d54c64e497(localhost/127.0.0.1) ReplicaIndex: 0fdf93896-5abf-403c-99a8-bb8ea43c9a14(localhost/127.0.0.1) ReplicaIndex: 0, ReplicationConfig: RATIS/THREE, State:ALLOCATED, leaderId:, CreationTimestamp2024-06-22T13:31:51.614903213Z[Etc/UTC]]
2024-06-22 13:31:51,715 [IPC Server handler 3 on default port 15002] INFO  net.NetworkTopologyImpl (NetworkTopologyImpl.java:add(134)) - Added a new node: /default-rack/6d6fe673-47e6-46c0-a6fc-601f54cde379
2024-06-22 13:31:51,715 [IPC Server handler 3 on default port 15002] INFO  node.SCMNodeManager (SCMNodeManager.java:register(421)) - Registered datanode: 6d6fe673-47e6-46c0-a6fc-601f54cde379{ip: 127.0.0.1, host: localhost, ports: [HTTP=15036, CLIENT_RPC=15037, REPLICATION=15043, RATIS=15039, RATIS_ADMIN=15040, RATIS_SERVER=15041, RATIS_DATASTREAM=15042, STANDALONE=15038], networkLocation: /default-rack, certSerialId: null, persistedOpState: null, persistedOpStateExpiryEpochSec: 0}
2024-06-22 13:31:51,715 [EventQueue-NewNodeForNewNodeHandler] INFO  pipeline.BackgroundPipelineCreator (BackgroundPipelineCreator.java:notifyEventTriggered(280)) - trigger a one-shot run on RatisPipelineUtilsThread.
2024-06-22 13:31:51,716 [RatisPipelineUtilsThread-0] INFO  pipeline.RatisPipelineProvider (RatisPipelineProvider.java:lambda$create$0(205)) - Sending CreatePipelineCommand for pipeline:PipelineID=4e9e35b0-d8e6-42c3-8c75-41eb72e6d1ff to datanode:6d6fe673-47e6-46c0-a6fc-601f54cde379
2024-06-22 13:31:51,717 [RatisPipelineUtilsThread-0] INFO  pipeline.BackgroundPipelineCreator (BackgroundPipelineCreator.java:createPipelines(236)) - Created new pipeline Pipeline[ Id: 4e9e35b0-d8e6-42c3-8c75-41eb72e6d1ff, Nodes: 6d6fe673-47e6-46c0-a6fc-601f54cde379(localhost/127.0.0.1) ReplicaIndex: 0, ReplicationConfig: RATIS/ONE, State:ALLOCATED, leaderId:, CreationTimestamp2024-06-22T13:31:51.716423925Z[Etc/UTC]]
2024-06-22 13:31:51,773 [ReplicationMonitor] INFO  replication.ReplicationManager (ReplicationManager.java:processAll(373)) - Replication Manager is not ready to run until 3000ms after safemode exit
2024-06-22 13:31:51,838 [IPC Server handler 39 on default port 15002] INFO  net.NetworkTopologyImpl (NetworkTopologyImpl.java:add(134)) - Added a new node: /default-rack/99deb4a4-176b-49c7-aa7a-c34027b979ad
2024-06-22 13:31:51,838 [IPC Server handler 39 on default port 15002] INFO  node.SCMNodeManager (SCMNodeManager.java:register(421)) - Registered datanode: 99deb4a4-176b-49c7-aa7a-c34027b979ad{ip: 127.0.0.1, host: localhost, ports: [HTTP=15045, CLIENT_RPC=15046, REPLICATION=15052, RATIS=15048, RATIS_ADMIN=15049, RATIS_SERVER=15050, RATIS_DATASTREAM=15051, STANDALONE=15047], networkLocation: /default-rack, certSerialId: null, persistedOpState: null, persistedOpStateExpiryEpochSec: 0}
2024-06-22 13:31:51,839 [EventQueue-NewNodeForNewNodeHandler] INFO  pipeline.BackgroundPipelineCreator (BackgroundPipelineCreator.java:notifyEventTriggered(280)) - trigger a one-shot run on RatisPipelineUtilsThread.
2024-06-22 13:31:51,839 [main] INFO  ozone.MiniOzoneClusterImpl (MiniOzoneClusterImpl.java:lambda$waitForClusterToBeReady$0(194)) - Nodes are ready. Got 5 of 5 DN Heartbeats.
2024-06-22 13:31:51,839 [main] INFO  ozone.MiniOzoneClusterImpl (MiniOzoneClusterImpl.java:lambda$waitForClusterToBeReady$0(197)) - Waiting for cluster to exit safe mode
2024-06-22 13:31:51,839 [main] INFO  ozone.MiniOzoneClusterImpl (MiniOzoneClusterImpl.java:lambda$waitForClusterToBeReady$0(199)) - SCM became leader
2024-06-22 13:31:51,839 [RatisPipelineUtilsThread-0] INFO  pipeline.RatisPipelineProvider (RatisPipelineProvider.java:lambda$create$0(205)) - Sending CreatePipelineCommand for pipeline:PipelineID=94f1b2cc-08ef-42ba-8ddc-2518f42a7cad to datanode:99deb4a4-176b-49c7-aa7a-c34027b979ad
2024-06-22 13:31:51,841 [RatisPipelineUtilsThread-0] INFO  pipeline.BackgroundPipelineCreator (BackgroundPipelineCreator.java:createPipelines(236)) - Created new pipeline Pipeline[ Id: 94f1b2cc-08ef-42ba-8ddc-2518f42a7cad, Nodes: 99deb4a4-176b-49c7-aa7a-c34027b979ad(localhost/127.0.0.1) ReplicaIndex: 0, ReplicationConfig: RATIS/ONE, State:ALLOCATED, leaderId:, CreationTimestamp2024-06-22T13:31:51.839914815Z[Etc/UTC]]
2024-06-22 13:31:52,773 [ReplicationMonitor] INFO  replication.ReplicationManager (ReplicationManager.java:processAll(373)) - Replication Manager is not ready to run until 3000ms after safemode exit
2024-06-22 13:31:52,840 [main] INFO  ozone.MiniOzoneClusterImpl (MiniOzoneClusterImpl.java:lambda$waitForClusterToBeReady$0(194)) - Nodes are ready. Got 5 of 5 DN Heartbeats.
2024-06-22 13:31:52,840 [main] INFO  ozone.MiniOzoneClusterImpl (MiniOzoneClusterImpl.java:lambda$waitForClusterToBeReady$0(197)) - Waiting for cluster to exit safe mode
2024-06-22 13:31:52,840 [main] INFO  ozone.MiniOzoneClusterImpl (MiniOzoneClusterImpl.java:lambda$waitForClusterToBeReady$0(199)) - SCM became leader
2024-06-22 13:31:53,774 [ReplicationMonitor] INFO  replication.ReplicationManager (ReplicationManager.java:processAll(373)) - Replication Manager is not ready to run until 3000ms after safemode exit
2024-06-22 13:31:53,840 [main] INFO  ozone.MiniOzoneClusterImpl (MiniOzoneClusterImpl.java:lambda$waitForClusterToBeReady$0(194)) - Nodes are ready. Got 5 of 5 DN Heartbeats.
2024-06-22 13:31:53,840 [main] INFO  ozone.MiniOzoneClusterImpl (MiniOzoneClusterImpl.java:lambda$waitForClusterToBeReady$0(197)) - Waiting for cluster to exit safe mode
2024-06-22 13:31:53,840 [main] INFO  ozone.MiniOzoneClusterImpl (MiniOzoneClusterImpl.java:lambda$waitForClusterToBeReady$0(199)) - SCM became leader
2024-06-22 13:31:54,407 [c511b233-3aa4-4954-9335-f5d54c64e497-PipelineCommandHandlerThread-0] INFO  server.RaftServer (RaftServerProxy.java:addNew(100)) - c511b233-3aa4-4954-9335-f5d54c64e497: addNew group-416D015375CF:[c511b233-3aa4-4954-9335-f5d54c64e497|127.0.0.1:15014] returns group-416D015375CF:java.util.concurrent.CompletableFuture@628ce4f2[Not completed]
2024-06-22 13:31:54,410 [c511b233-3aa4-4954-9335-f5d54c64e497-groupManagement] INFO  lib.Interns (Interns.java:removeEldestEntry(50)) - Metrics intern cache overflow at 2011 for MetricsSystem={MetricsSystem=MetricsInfoImpl{name=MetricsSystem, description=MetricsSystem}, MetricsSystem record=MetricsInfoImpl{name=MetricsSystem, description=MetricsSystem record}}
2024-06-22 13:31:54,412 [c511b233-3aa4-4954-9335-f5d54c64e497-groupManagement] INFO  server.RaftServer$Division (RaftServerImpl.java:<init>(256)) - c511b233-3aa4-4954-9335-f5d54c64e497: new RaftServerImpl for group-416D015375CF:[c511b233-3aa4-4954-9335-f5d54c64e497|127.0.0.1:15014] with ContainerStateMachine:uninitialized
2024-06-22 13:31:54,412 [c511b233-3aa4-4954-9335-f5d54c64e497-groupManagement] INFO  server.RaftServerConfigKeys (ConfUtils.java:logGet(46)) - raft.server.rpc.timeout.min = 5s (custom)
2024-06-22 13:31:54,412 [c511b233-3aa4-4954-9335-f5d54c64e497-groupManagement] INFO  server.RaftServerConfigKeys (ConfUtils.java:logGet(46)) - raft.server.rpc.timeout.max = 5200ms (custom)
2024-06-22 13:31:54,412 [c511b233-3aa4-4954-9335-f5d54c64e497-groupManagement] INFO  server.RaftServerConfigKeys (ConfUtils.java:logGet(46)) - raft.server.rpc.sleep.time = 25ms (default)
2024-06-22 13:31:54,412 [c511b233-3aa4-4954-9335-f5d54c64e497-groupManagement] INFO  server.RaftServerConfigKeys (ConfUtils.java:logGet(46)) - raft.server.rpc.slowness.timeout = 300s (custom)
2024-06-22 13:31:54,412 [c511b233-3aa4-4954-9335-f5d54c64e497-groupManagement] INFO  server.RaftServerConfigKeys (ConfUtils.java:logGet(46)) - raft.server.leaderelection.leader.step-down.wait-time = 10s (default)
2024-06-22 13:31:54,412 [c511b233-3aa4-4954-9335-f5d54c64e497-groupManagement] INFO  server.RaftServerConfigKeys (ConfUtils.java:logGet(46)) - raft.server.leaderelection.member.majority-add = false (default)
2024-06-22 13:31:54,412 [c511b233-3aa4-4954-9335-f5d54c64e497-groupManagement] INFO  server.RaftServerConfigKeys (ConfUtils.java:logGet(46)) - raft.server.sleep.deviation.threshold = 300ms (default)
2024-06-22 13:31:54,413 [c511b233-3aa4-4954-9335-f5d54c64e497-groupManagement] INFO  server.RaftServer$Division (ServerState.java:<init>(113)) - c511b233-3aa4-4954-9335-f5d54c64e497@group-416D015375CF: ConfigurationManager, init=-1: peers:[c511b233-3aa4-4954-9335-f5d54c64e497|127.0.0.1:15014]|listeners:[], old=null, confs=<EMPTY_MAP>
2024-06-22 13:31:54,413 [c511b233-3aa4-4954-9335-f5d54c64e497-groupManagement] INFO  server.RaftServerConfigKeys (ConfUtils.java:logGet(46)) - raft.server.notification.no-leader.timeout = 300s (custom)
2024-06-22 13:31:54,413 [c511b233-3aa4-4954-9335-f5d54c64e497-groupManagement] INFO  server.RaftServerConfigKeys (ConfUtils.java:logGet(46)) - raft.server.read.timeout = 10s (default)
2024-06-22 13:31:54,413 [c511b233-3aa4-4954-9335-f5d54c64e497-groupManagement] INFO  server.RaftServerConfigKeys (ConfUtils.java:logGet(46)) - raft.server.retrycache.expirytime = 600000ms (custom)
2024-06-22 13:31:54,413 [c511b233-3aa4-4954-9335-f5d54c64e497-groupManagement] INFO  server.RaftServerConfigKeys (ConfUtils.java:logGet(46)) - raft.server.retrycache.statistics.expirytime = 100ms (default)
2024-06-22 13:31:54,413 [c511b233-3aa4-4954-9335-f5d54c64e497-groupManagement] INFO  server.RaftServerConfigKeys (ConfUtils.java:logGet(46)) - raft.server.read.option = DEFAULT (default)
2024-06-22 13:31:54,413 [c511b233-3aa4-4954-9335-f5d54c64e497-groupManagement] INFO  server.RaftServerConfigKeys (ConfUtils.java:logGet(46)) - raft.server.read.read-after-write-consistent.write-index-cache.expiry-time = 60s (default)
2024-06-22 13:31:54,419 [c511b233-3aa4-4954-9335-f5d54c64e497-groupManagement] INFO  server.RaftServerConfigKeys (ConfUtils.java:logGet(46)) - raft.server.rpc.request.timeout = 60s (custom)
2024-06-22 13:31:54,419 [c511b233-3aa4-4954-9335-f5d54c64e497-groupManagement] INFO  server.RaftServerConfigKeys (ConfUtils.java:logGet(46)) - raft.server.log.appender.install.snapshot.enabled = false (custom)
2024-06-22 13:31:54,419 [c511b233-3aa4-4954-9335-f5d54c64e497-groupManagement] INFO  server.RaftServerConfigKeys (ConfUtils.java:logGet(46)) - raft.server.threadpool.server.cached = true (default)
2024-06-22 13:31:54,419 [c511b233-3aa4-4954-9335-f5d54c64e497-groupManagement] INFO  server.RaftServerConfigKeys (ConfUtils.java:logGet(46)) - raft.server.threadpool.server.size = 0 (default)
2024-06-22 13:31:54,419 [c511b233-3aa4-4954-9335-f5d54c64e497-groupManagement] INFO  server.RaftServerConfigKeys (ConfUtils.java:logGet(46)) - raft.server.threadpool.client.cached = true (default)
2024-06-22 13:31:54,419 [c511b233-3aa4-4954-9335-f5d54c64e497-groupManagement] INFO  server.RaftServerConfigKeys (ConfUtils.java:logGet(46)) - raft.server.threadpool.client.size = 0 (default)
2024-06-22 13:31:54,420 [c511b233-3aa4-4954-9335-f5d54c64e497-groupManagement] INFO  server.RaftServerConfigKeys (ConfUtils.java:logGet(46)) - raft.server.storage.free-space.min = 0MB (=0) (default)
2024-06-22 13:31:54,420 [c511b233-3aa4-4954-9335-f5d54c64e497-groupManagement] INFO  server.RaftServerConfigKeys (ConfUtils.java:logGet(46)) - raft.server.log.corruption.policy = EXCEPTION (default)
2024-06-22 13:31:54,420 [c511b233-3aa4-4954-9335-f5d54c64e497-groupManagement] INFO  server.RaftServerConfigKeys (ConfUtils.java:logGet(46)) - raft.server.storage.dir = [/home/runner/work/ozone/ozone/hadoop-ozone/integration-test/target/test-dir/MiniOzoneClusterImpl-ed78929e-9b9e-4304-bdcd-e93070d12e9d/ozone-meta/datanode-1/ratis] (custom)
2024-06-22 13:31:54,420 [c511b233-3aa4-4954-9335-f5d54c64e497-groupManagement] INFO  storage.RaftStorageDirectory (RaftStorageDirectoryImpl.java:analyzeStorage(138)) - The storage directory /home/runner/work/ozone/ozone/hadoop-ozone/integration-test/target/test-dir/MiniOzoneClusterImpl-ed78929e-9b9e-4304-bdcd-e93070d12e9d/ozone-meta/datanode-1/ratis/fdf6ad23-aa6e-43b3-a4e5-416d015375cf does not exist. Creating ...
2024-06-22 13:31:54,423 [c511b233-3aa4-4954-9335-f5d54c64e497-groupManagement] INFO  storage.RaftStorageDirectory (RaftStorageDirectoryImpl.java:tryLock(228)) - Lock on /home/runner/work/ozone/ozone/hadoop-ozone/integration-test/target/test-dir/MiniOzoneClusterImpl-ed78929e-9b9e-4304-bdcd-e93070d12e9d/ozone-meta/datanode-1/ratis/fdf6ad23-aa6e-43b3-a4e5-416d015375cf/in_use.lock acquired by nodename 98639@fv-az882-123
2024-06-22 13:31:54,424 [c511b233-3aa4-4954-9335-f5d54c64e497-groupManagement] INFO  storage.RaftStorage (RaftStorageImpl.java:format(99)) - Storage directory /home/runner/work/ozone/ozone/hadoop-ozone/integration-test/target/test-dir/MiniOzoneClusterImpl-ed78929e-9b9e-4304-bdcd-e93070d12e9d/ozone-meta/datanode-1/ratis/fdf6ad23-aa6e-43b3-a4e5-416d015375cf has been successfully formatted.
2024-06-22 13:31:54,424 [c511b233-3aa4-4954-9335-f5d54c64e497-groupManagement] WARN  util.FileUtils (LogUtils.java:supplyAndLog(63)) - Failed to Files.newInputStream /home/runner/work/ozone/ozone/hadoop-ozone/integration-test/target/test-dir/MiniOzoneClusterImpl-ed78929e-9b9e-4304-bdcd-e93070d12e9d/ozone-meta/datanode-1/ratis/fdf6ad23-aa6e-43b3-a4e5-416d015375cf/current/raft-meta.conf with options []: java.nio.file.NoSuchFileException: /home/runner/work/ozone/ozone/hadoop-ozone/integration-test/target/test-dir/MiniOzoneClusterImpl-ed78929e-9b9e-4304-bdcd-e93070d12e9d/ozone-meta/datanode-1/ratis/fdf6ad23-aa6e-43b3-a4e5-416d015375cf/current/raft-meta.conf
2024-06-22 13:31:54,427 [c511b233-3aa4-4954-9335-f5d54c64e497-groupManagement] INFO  ratis.ContainerStateMachine (ContainerStateMachine.java:loadSnapshot(287)) - group-416D015375CF: The snapshot info is null. Setting the last applied index to:(t:0, i:~)
2024-06-22 13:31:54,427 [c511b233-3aa4-4954-9335-f5d54c64e497-groupManagement] INFO  server.RaftServerConfigKeys (ConfUtils.java:logGet(46)) - raft.server.log.use.memory = false (default)
2024-06-22 13:31:54,427 [c511b233-3aa4-4954-9335-f5d54c64e497-groupManagement] INFO  server.RaftServerConfigKeys (ConfUtils.java:logGet(46)) - raft.server.log.purge.gap = 1000000 (custom)
2024-06-22 13:31:54,427 [c511b233-3aa4-4954-9335-f5d54c64e497-groupManagement] INFO  server.RaftServerConfigKeys (ConfUtils.java:logGet(46)) - raft.server.log.appender.buffer.byte-limit = 8388608 (custom)
2024-06-22 13:31:54,427 [c511b233-3aa4-4954-9335-f5d54c64e497-groupManagement] INFO  server.RaftServerConfigKeys (ConfUtils.java:logGet(46)) - raft.server.log.statemachine.data.read.timeout = 1000ms (default)
2024-06-22 13:31:54,427 [c511b233-3aa4-4954-9335-f5d54c64e497-groupManagement] INFO  server.RaftServerConfigKeys (ConfUtils.java:logGet(46)) - raft.server.log.purge.preservation.log.num = 0 (default)
2024-06-22 13:31:54,432 [c511b233-3aa4-4954-9335-f5d54c64e497-groupManagement] INFO  server.RaftServerConfigKeys (ConfUtils.java:logGet(46)) - raft.server.log.segment.size.max = 67108864 (custom)
2024-06-22 13:31:54,432 [c511b233-3aa4-4954-9335-f5d54c64e497-groupManagement] INFO  server.RaftServerConfigKeys (ConfUtils.java:logGet(46)) - raft.server.log.segment.cache.num.max = 2 (custom)
2024-06-22 13:31:54,433 [c511b233-3aa4-4954-9335-f5d54c64e497-groupManagement] INFO  server.RaftServerConfigKeys (ConfUtils.java:logGet(46)) - raft.server.log.segment.cache.size.max = 200MB (=209715200) (default)
2024-06-22 13:31:54,433 [c511b233-3aa4-4954-9335-f5d54c64e497-groupManagement] INFO  server.RaftServerConfigKeys (ConfUtils.java:logGet(46)) - raft.server.log.appender.buffer.byte-limit = 8388608 (custom)
2024-06-22 13:31:54,433 [c511b233-3aa4-4954-9335-f5d54c64e497-groupManagement] INFO  util.AwaitToRun (AwaitToRun.java:start(81)) - Thread[c511b233-3aa4-4954-9335-f5d54c64e497@group-416D015375CF-cacheEviction-AwaitToRun,5,main] started
2024-06-22 13:31:54,433 [c511b233-3aa4-4954-9335-f5d54c64e497-groupManagement] INFO  segmented.SegmentedRaftLogWorker (SegmentedRaftLogWorker.java:<init>(182)) - new c511b233-3aa4-4954-9335-f5d54c64e497@group-416D015375CF-SegmentedRaftLogWorker for RaftStorageImpl:Storage Directory /home/runner/work/ozone/ozone/hadoop-ozone/integration-test/target/test-dir/MiniOzoneClusterImpl-ed78929e-9b9e-4304-bdcd-e93070d12e9d/ozone-meta/datanode-1/ratis/fdf6ad23-aa6e-43b3-a4e5-416d015375cf
2024-06-22 13:31:54,433 [c511b233-3aa4-4954-9335-f5d54c64e497-groupManagement] INFO  server.RaftServerConfigKeys (ConfUtils.java:logGet(46)) - raft.server.log.queue.byte-limit = 4294967296 (custom)
2024-06-22 13:31:54,433 [c511b233-3aa4-4954-9335-f5d54c64e497-groupManagement] INFO  server.RaftServerConfigKeys (ConfUtils.java:logGet(46)) - raft.server.log.queue.element-limit = 1024 (custom)
2024-06-22 13:31:54,433 [c511b233-3aa4-4954-9335-f5d54c64e497-groupManagement] INFO  server.RaftServerConfigKeys (ConfUtils.java:logGet(46)) - raft.server.log.segment.size.max = 67108864 (custom)
2024-06-22 13:31:54,433 [c511b233-3aa4-4954-9335-f5d54c64e497-groupManagement] INFO  server.RaftServerConfigKeys (ConfUtils.java:logGet(46)) - raft.server.log.preallocated.size = 4194304 (custom)
2024-06-22 13:31:54,433 [c511b233-3aa4-4954-9335-f5d54c64e497-groupManagement] INFO  server.RaftServerConfigKeys (ConfUtils.java:logGet(46)) - raft.server.log.force.sync.num = 128 (default)
2024-06-22 13:31:54,433 [c511b233-3aa4-4954-9335-f5d54c64e497-groupManagement] INFO  server.RaftServerConfigKeys (ConfUtils.java:logGet(46)) - raft.server.log.statemachine.data.sync = true (default)
2024-06-22 13:31:54,433 [c511b233-3aa4-4954-9335-f5d54c64e497-groupManagement] INFO  server.RaftServerConfigKeys (ConfUtils.java:logGet(46)) - raft.server.log.statemachine.data.sync.timeout = 10s (default)
2024-06-22 13:31:54,434 [c511b233-3aa4-4954-9335-f5d54c64e497-groupManagement] INFO  server.RaftServerConfigKeys (ConfUtils.java:logGet(46)) - raft.server.log.statemachine.data.sync.timeout.retry = 30 (custom)
2024-06-22 13:31:54,434 [c511b233-3aa4-4954-9335-f5d54c64e497-groupManagement] INFO  server.RaftServerConfigKeys (ConfUtils.java:logGet(46)) - raft.server.log.write.buffer.size = 8388616 (custom)
2024-06-22 13:31:54,436 [c511b233-3aa4-4954-9335-f5d54c64e497-groupManagement] INFO  server.RaftServerConfigKeys (ConfUtils.java:logGet(46)) - raft.server.log.appender.buffer.byte-limit = 8388608 (custom)
2024-06-22 13:31:54,436 [c511b233-3aa4-4954-9335-f5d54c64e497-groupManagement] INFO  server.RaftServerConfigKeys (ConfUtils.java:logGet(46)) - raft.server.log.unsafe-flush.enabled = false (default)
2024-06-22 13:31:54,437 [c511b233-3aa4-4954-9335-f5d54c64e497-groupManagement] INFO  server.RaftServerConfigKeys (ConfUtils.java:logGet(46)) - raft.server.log.async-flush.enabled = false (default)
2024-06-22 13:31:54,437 [c511b233-3aa4-4954-9335-f5d54c64e497-groupManagement] INFO  server.RaftServerConfigKeys (ConfUtils.java:logGet(46)) - raft.server.log.statemachine.data.caching.enabled = true (custom)
2024-06-22 13:31:54,437 [c511b233-3aa4-4954-9335-f5d54c64e497-groupManagement] INFO  segmented.SegmentedRaftLogWorker (SegmentedRaftLogWorker.java:lambda$new$0(134)) - c511b233-3aa4-4954-9335-f5d54c64e497@group-416D015375CF-SegmentedRaftLogWorker: flushIndex: setUnconditionally 0 -> -1
2024-06-22 13:31:54,437 [c511b233-3aa4-4954-9335-f5d54c64e497-groupManagement] INFO  segmented.SegmentedRaftLogWorker (SegmentedRaftLogWorker.java:lambda$new$0(134)) - c511b233-3aa4-4954-9335-f5d54c64e497@group-416D015375CF-SegmentedRaftLogWorker: safeCacheEvictIndex: setUnconditionally 0 -> -1
2024-06-22 13:31:54,447 [EventQueue-PipelineReportForPipelineReportHandler] INFO  pipeline.PipelineReportHandler (PipelineReportHandler.java:processPipelineReport(136)) - Opened pipeline PipelineID=fdf6ad23-aa6e-43b3-a4e5-416d015375cf
2024-06-22 13:31:54,449 [c511b233-3aa4-4954-9335-f5d54c64e497-groupManagement] INFO  server.RaftServer$Division (RaftServerImpl.java:start(396)) - c511b233-3aa4-4954-9335-f5d54c64e497@group-416D015375CF: start as a follower, conf=-1: peers:[c511b233-3aa4-4954-9335-f5d54c64e497|127.0.0.1:15014]|listeners:[], old=null
2024-06-22 13:31:54,449 [c511b233-3aa4-4954-9335-f5d54c64e497-groupManagement] INFO  server.RaftServer$Division (RaftServerImpl.java:setRole(383)) - c511b233-3aa4-4954-9335-f5d54c64e497@group-416D015375CF: changes role from      null to FOLLOWER at term 0 for startAsFollower
2024-06-22 13:31:54,449 [c511b233-3aa4-4954-9335-f5d54c64e497-groupManagement] INFO  impl.RoleInfo (RoleInfo.java:updateAndGet(139)) - c511b233-3aa4-4954-9335-f5d54c64e497: start c511b233-3aa4-4954-9335-f5d54c64e497@group-416D015375CF-FollowerState
2024-06-22 13:31:54,453 [EventQueue-OpenPipelineForHealthyPipelineSafeModeRule] INFO  safemode.SCMSafeModeManager (HealthyPipelineSafeModeRule.java:process(140)) - SCM in safe mode. Healthy pipelines reported count is 0, required healthy pipeline reported count is 1
2024-06-22 13:31:54,457 [c511b233-3aa4-4954-9335-f5d54c64e497-groupManagement] INFO  util.JmxRegister (JmxRegister.java:tryRegister(44)) - Successfully registered JMX Bean with object name Ratis:service=RaftServer,group=group-416D015375CF,id=c511b233-3aa4-4954-9335-f5d54c64e497
2024-06-22 13:31:54,457 [c511b233-3aa4-4954-9335-f5d54c64e497-groupManagement] INFO  server.RaftServerConfigKeys (ConfUtils.java:logGet(46)) - raft.server.snapshot.trigger-when-stop.enabled = true (default)
2024-06-22 13:31:54,457 [c511b233-3aa4-4954-9335-f5d54c64e497-groupManagement] INFO  server.RaftServerConfigKeys (ConfUtils.java:logGet(46)) - raft.server.snapshot.auto.trigger.enabled = true (custom)
2024-06-22 13:31:54,457 [c511b233-3aa4-4954-9335-f5d54c64e497-groupManagement] INFO  server.RaftServerConfigKeys (ConfUtils.java:logGet(46)) - raft.server.snapshot.auto.trigger.threshold = 10000 (custom)
2024-06-22 13:31:54,458 [c511b233-3aa4-4954-9335-f5d54c64e497-groupManagement] INFO  server.RaftServerConfigKeys (ConfUtils.java:logGet(46)) - raft.server.snapshot.retention.file.num = 5 (custom)
2024-06-22 13:31:54,458 [c511b233-3aa4-4954-9335-f5d54c64e497-groupManagement] INFO  server.RaftServerConfigKeys (ConfUtils.java:logGet(46)) - raft.server.log.purge.upto.snapshot.index = false (default)
2024-06-22 13:31:54,458 [c511b233-3aa4-4954-9335-f5d54c64e497@group-416D015375CF-FollowerState] INFO  server.RaftServerConfigKeys (ConfUtils.java:logFallback(53)) - raft.server.rpc.first-election.timeout.min = 5s (fallback to raft.server.rpc.timeout.min)
2024-06-22 13:31:54,458 [c511b233-3aa4-4954-9335-f5d54c64e497@group-416D015375CF-FollowerState] INFO  server.RaftServerConfigKeys (ConfUtils.java:logFallback(53)) - raft.server.rpc.first-election.timeout.max = 5200ms (fallback to raft.server.rpc.timeout.max)
2024-06-22 13:31:54,466 [c511b233-3aa4-4954-9335-f5d54c64e497-PipelineCommandHandlerThread-0] INFO  ratis.XceiverServerRatis (XceiverServerRatis.java:addGroup(864)) - Created group PipelineID=fdf6ad23-aa6e-43b3-a4e5-416d015375cf
2024-06-22 13:31:54,467 [c511b233-3aa4-4954-9335-f5d54c64e497-PipelineCommandHandlerThread-0] INFO  commandhandler.CreatePipelineCommandHandler (CreatePipelineCommandHandler.java:lambda$handle$2(124)) - Created Pipeline RATIS ONE PipelineID=fdf6ad23-aa6e-43b3-a4e5-416d015375cf.
2024-06-22 13:31:54,467 [c511b233-3aa4-4954-9335-f5d54c64e497-PipelineCommandHandlerThread-0] INFO  server.RaftServer (RaftServerProxy.java:addNew(100)) - c511b233-3aa4-4954-9335-f5d54c64e497: addNew group-B33C5E379CF8:[b47eb027-4b7a-4ddc-bf7f-0870758e0604|127.0.0.1:15032, fdf93896-5abf-403c-99a8-bb8ea43c9a14|127.0.0.1:15023, c511b233-3aa4-4954-9335-f5d54c64e497|127.0.0.1:15014] returns group-B33C5E379CF8:java.util.concurrent.CompletableFuture@36a0a89c[Not completed]
2024-06-22 13:31:54,469 [c511b233-3aa4-4954-9335-f5d54c64e497-groupManagement] INFO  server.RaftServer$Division (RaftServerImpl.java:<init>(256)) - c511b233-3aa4-4954-9335-f5d54c64e497: new RaftServerImpl for group-B33C5E379CF8:[b47eb027-4b7a-4ddc-bf7f-0870758e0604|127.0.0.1:15032, fdf93896-5abf-403c-99a8-bb8ea43c9a14|127.0.0.1:15023, c511b233-3aa4-4954-9335-f5d54c64e497|127.0.0.1:15014] with ContainerStateMachine:uninitialized
2024-06-22 13:31:54,469 [c511b233-3aa4-4954-9335-f5d54c64e497-groupManagement] INFO  server.RaftServerConfigKeys (ConfUtils.java:logGet(46)) - raft.server.rpc.timeout.min = 5s (custom)
2024-06-22 13:31:54,469 [c511b233-3aa4-4954-9335-f5d54c64e497-groupManagement] INFO  server.RaftServerConfigKeys (ConfUtils.java:logGet(46)) - raft.server.rpc.timeout.max = 5200ms (custom)
2024-06-22 13:31:54,469 [c511b233-3aa4-4954-9335-f5d54c64e497-groupManagement] INFO  server.RaftServerConfigKeys (ConfUtils.java:logGet(46)) - raft.server.rpc.sleep.time = 25ms (default)
2024-06-22 13:31:54,469 [c511b233-3aa4-4954-9335-f5d54c64e497-groupManagement] INFO  server.RaftServerConfigKeys (ConfUtils.java:logGet(46)) - raft.server.rpc.slowness.timeout = 300s (custom)
2024-06-22 13:31:54,469 [c511b233-3aa4-4954-9335-f5d54c64e497-groupManagement] INFO  server.RaftServerConfigKeys (ConfUtils.java:logGet(46)) - raft.server.leaderelection.leader.step-down.wait-time = 10s (default)
2024-06-22 13:31:54,470 [c511b233-3aa4-4954-9335-f5d54c64e497-groupManagement] INFO  server.RaftServerConfigKeys (ConfUtils.java:logGet(46)) - raft.server.leaderelection.member.majority-add = false (default)
2024-06-22 13:31:54,470 [c511b233-3aa4-4954-9335-f5d54c64e497-groupManagement] INFO  server.RaftServerConfigKeys (ConfUtils.java:logGet(46)) - raft.server.sleep.deviation.threshold = 300ms (default)
2024-06-22 13:31:54,470 [c511b233-3aa4-4954-9335-f5d54c64e497-groupManagement] INFO  server.RaftServer$Division (ServerState.java:<init>(113)) - c511b233-3aa4-4954-9335-f5d54c64e497@group-B33C5E379CF8: ConfigurationManager, init=-1: peers:[b47eb027-4b7a-4ddc-bf7f-0870758e0604|127.0.0.1:15032, fdf93896-5abf-403c-99a8-bb8ea43c9a14|127.0.0.1:15023, c511b233-3aa4-4954-9335-f5d54c64e497|127.0.0.1:15014]|listeners:[], old=null, confs=<EMPTY_MAP>
2024-06-22 13:31:54,470 [c511b233-3aa4-4954-9335-f5d54c64e497-groupManagement] INFO  server.RaftServerConfigKeys (ConfUtils.java:logGet(46)) - raft.server.notification.no-leader.timeout = 300s (custom)
2024-06-22 13:31:54,470 [c511b233-3aa4-4954-9335-f5d54c64e497-groupManagement] INFO  server.RaftServerConfigKeys (ConfUtils.java:logGet(46)) - raft.server.read.timeout = 10s (default)
2024-06-22 13:31:54,470 [c511b233-3aa4-4954-9335-f5d54c64e497-groupManagement] INFO  server.RaftServerConfigKeys (ConfUtils.java:logGet(46)) - raft.server.retrycache.expirytime = 600000ms (custom)
2024-06-22 13:31:54,470 [c511b233-3aa4-4954-9335-f5d54c64e497-groupManagement] INFO  server.RaftServerConfigKeys (ConfUtils.java:logGet(46)) - raft.server.retrycache.statistics.expirytime = 100ms (default)
2024-06-22 13:31:54,470 [c511b233-3aa4-4954-9335-f5d54c64e497-groupManagement] INFO  server.RaftServerConfigKeys (ConfUtils.java:logGet(46)) - raft.server.read.option = DEFAULT (default)
2024-06-22 13:31:54,470 [c511b233-3aa4-4954-9335-f5d54c64e497-groupManagement] INFO  server.RaftServerConfigKeys (ConfUtils.java:logGet(46)) - raft.server.read.read-after-write-consistent.write-index-cache.expiry-time = 60s (default)
2024-06-22 13:31:54,477 [c511b233-3aa4-4954-9335-f5d54c64e497-groupManagement] INFO  server.RaftServerConfigKeys (ConfUtils.java:logGet(46)) - raft.server.rpc.request.timeout = 60s (custom)
2024-06-22 13:31:54,477 [c511b233-3aa4-4954-9335-f5d54c64e497-groupManagement] INFO  server.RaftServerConfigKeys (ConfUtils.java:logGet(46)) - raft.server.log.appender.install.snapshot.enabled = false (custom)
2024-06-22 13:31:54,477 [c511b233-3aa4-4954-9335-f5d54c64e497-groupManagement] INFO  server.RaftServerConfigKeys (ConfUtils.java:logGet(46)) - raft.server.threadpool.server.cached = true (default)
2024-06-22 13:31:54,477 [c511b233-3aa4-4954-9335-f5d54c64e497-groupManagement] INFO  server.RaftServerConfigKeys (ConfUtils.java:logGet(46)) - raft.server.threadpool.server.size = 0 (default)
2024-06-22 13:31:54,478 [c511b233-3aa4-4954-9335-f5d54c64e497-groupManagement] INFO  server.RaftServerConfigKeys (ConfUtils.java:logGet(46)) - raft.server.threadpool.client.cached = true (default)
2024-06-22 13:31:54,478 [c511b233-3aa4-4954-9335-f5d54c64e497-groupManagement] INFO  server.RaftServerConfigKeys (ConfUtils.java:logGet(46)) - raft.server.threadpool.client.size = 0 (default)
2024-06-22 13:31:54,478 [c511b233-3aa4-4954-9335-f5d54c64e497-groupManagement] INFO  server.RaftServerConfigKeys (ConfUtils.java:logGet(46)) - raft.server.storage.free-space.min = 0MB (=0) (default)
2024-06-22 13:31:54,478 [c511b233-3aa4-4954-9335-f5d54c64e497-groupManagement] INFO  server.RaftServerConfigKeys (ConfUtils.java:logGet(46)) - raft.server.log.corruption.policy = EXCEPTION (default)
2024-06-22 13:31:54,478 [c511b233-3aa4-4954-9335-f5d54c64e497-groupManagement] INFO  server.RaftServerConfigKeys (ConfUtils.java:logGet(46)) - raft.server.storage.dir = [/home/runner/work/ozone/ozone/hadoop-ozone/integration-test/target/test-dir/MiniOzoneClusterImpl-ed78929e-9b9e-4304-bdcd-e93070d12e9d/ozone-meta/datanode-1/ratis] (custom)
2024-06-22 13:31:54,478 [c511b233-3aa4-4954-9335-f5d54c64e497-groupManagement] INFO  storage.RaftStorageDirectory (RaftStorageDirectoryImpl.java:analyzeStorage(138)) - The storage directory /home/runner/work/ozone/ozone/hadoop-ozone/integration-test/target/test-dir/MiniOzoneClusterImpl-ed78929e-9b9e-4304-bdcd-e93070d12e9d/ozone-meta/datanode-1/ratis/b956bdd5-41b8-45c8-8b94-b33c5e379cf8 does not exist. Creating ...
2024-06-22 13:31:54,480 [c511b233-3aa4-4954-9335-f5d54c64e497-groupManagement] INFO  storage.RaftStorageDirectory (RaftStorageDirectoryImpl.java:tryLock(228)) - Lock on /home/runner/work/ozone/ozone/hadoop-ozone/integration-test/target/test-dir/MiniOzoneClusterImpl-ed78929e-9b9e-4304-bdcd-e93070d12e9d/ozone-meta/datanode-1/ratis/b956bdd5-41b8-45c8-8b94-b33c5e379cf8/in_use.lock acquired by nodename 98639@fv-az882-123
2024-06-22 13:31:54,481 [c511b233-3aa4-4954-9335-f5d54c64e497-groupManagement] INFO  storage.RaftStorage (RaftStorageImpl.java:format(99)) - Storage directory /home/runner/work/ozone/ozone/hadoop-ozone/integration-test/target/test-dir/MiniOzoneClusterImpl-ed78929e-9b9e-4304-bdcd-e93070d12e9d/ozone-meta/datanode-1/ratis/b956bdd5-41b8-45c8-8b94-b33c5e379cf8 has been successfully formatted.
2024-06-22 13:31:54,482 [c511b233-3aa4-4954-9335-f5d54c64e497-groupManagement] WARN  util.FileUtils (LogUtils.java:supplyAndLog(63)) - Failed to Files.newInputStream /home/runner/work/ozone/ozone/hadoop-ozone/integration-test/target/test-dir/MiniOzoneClusterImpl-ed78929e-9b9e-4304-bdcd-e93070d12e9d/ozone-meta/datanode-1/ratis/b956bdd5-41b8-45c8-8b94-b33c5e379cf8/current/raft-meta.conf with options []: java.nio.file.NoSuchFileException: /home/runner/work/ozone/ozone/hadoop-ozone/integration-test/target/test-dir/MiniOzoneClusterImpl-ed78929e-9b9e-4304-bdcd-e93070d12e9d/ozone-meta/datanode-1/ratis/b956bdd5-41b8-45c8-8b94-b33c5e379cf8/current/raft-meta.conf
2024-06-22 13:31:54,482 [c511b233-3aa4-4954-9335-f5d54c64e497-groupManagement] INFO  ratis.ContainerStateMachine (ContainerStateMachine.java:loadSnapshot(287)) - group-B33C5E379CF8: The snapshot info is null. Setting the last applied index to:(t:0, i:~)
2024-06-22 13:31:54,483 [c511b233-3aa4-4954-9335-f5d54c64e497-groupManagement] INFO  server.RaftServerConfigKeys (ConfUtils.java:logGet(46)) - raft.server.log.use.memory = false (default)
2024-06-22 13:31:54,483 [c511b233-3aa4-4954-9335-f5d54c64e497-groupManagement] INFO  server.RaftServerConfigKeys (ConfUtils.java:logGet(46)) - raft.server.log.purge.gap = 1000000 (custom)
2024-06-22 13:31:54,483 [c511b233-3aa4-4954-9335-f5d54c64e497-groupManagement] INFO  server.RaftServerConfigKeys (ConfUtils.java:logGet(46)) - raft.server.log.appender.buffer.byte-limit = 8388608 (custom)
2024-06-22 13:31:54,483 [c511b233-3aa4-4954-9335-f5d54c64e497-groupManagement] INFO  server.RaftServerConfigKeys (ConfUtils.java:logGet(46)) - raft.server.log.statemachine.data.read.timeout = 1000ms (default)
2024-06-22 13:31:54,483 [c511b233-3aa4-4954-9335-f5d54c64e497-groupManagement] INFO  server.RaftServerConfigKeys (ConfUtils.java:logGet(46)) - raft.server.log.purge.preservation.log.num = 0 (default)
2024-06-22 13:31:54,484 [EventQueue-OpenPipelineForHealthyPipelineSafeModeRule] INFO  safemode.SCMSafeModeManager (HealthyPipelineSafeModeRule.java:process(140)) - SCM in safe mode. Healthy pipelines reported count is 0, required healthy pipeline reported count is 1
2024-06-22 13:31:54,487 [c511b233-3aa4-4954-9335-f5d54c64e497-groupManagement] INFO  server.RaftServerConfigKeys (ConfUtils.java:logGet(46)) - raft.server.log.segment.size.max = 67108864 (custom)
2024-06-22 13:31:54,487 [c511b233-3aa4-4954-9335-f5d54c64e497-groupManagement] INFO  server.RaftServerConfigKeys (ConfUtils.java:logGet(46)) - raft.server.log.segment.cache.num.max = 2 (custom)
2024-06-22 13:31:54,488 [c511b233-3aa4-4954-9335-f5d54c64e497-groupManagement] INFO  server.RaftServerConfigKeys (ConfUtils.java:logGet(46)) - raft.server.log.segment.cache.size.max = 200MB (=209715200) (default)
2024-06-22 13:31:54,488 [c511b233-3aa4-4954-9335-f5d54c64e497-groupManagement] INFO  server.RaftServerConfigKeys (ConfUtils.java:logGet(46)) - raft.server.log.appender.buffer.byte-limit = 8388608 (custom)
2024-06-22 13:31:54,488 [c511b233-3aa4-4954-9335-f5d54c64e497-groupManagement] INFO  util.AwaitToRun (AwaitToRun.java:start(81)) - Thread[c511b233-3aa4-4954-9335-f5d54c64e497@group-B33C5E379CF8-cacheEviction-AwaitToRun,5,main] started
2024-06-22 13:31:54,488 [c511b233-3aa4-4954-9335-f5d54c64e497-groupManagement] INFO  segmented.SegmentedRaftLogWorker (SegmentedRaftLogWorker.java:<init>(182)) - new c511b233-3aa4-4954-9335-f5d54c64e497@group-B33C5E379CF8-SegmentedRaftLogWorker for RaftStorageImpl:Storage Directory /home/runner/work/ozone/ozone/hadoop-ozone/integration-test/target/test-dir/MiniOzoneClusterImpl-ed78929e-9b9e-4304-bdcd-e93070d12e9d/ozone-meta/datanode-1/ratis/b956bdd5-41b8-45c8-8b94-b33c5e379cf8
2024-06-22 13:31:54,488 [c511b233-3aa4-4954-9335-f5d54c64e497-groupManagement] INFO  server.RaftServerConfigKeys (ConfUtils.java:logGet(46)) - raft.server.log.queue.byte-limit = 4294967296 (custom)
2024-06-22 13:31:54,488 [c511b233-3aa4-4954-9335-f5d54c64e497-groupManagement] INFO  server.RaftServerConfigKeys (ConfUtils.java:logGet(46)) - raft.server.log.queue.element-limit = 1024 (custom)
2024-06-22 13:31:54,488 [c511b233-3aa4-4954-9335-f5d54c64e497-groupManagement] INFO  server.RaftServerConfigKeys (ConfUtils.java:logGet(46)) - raft.server.log.segment.size.max = 67108864 (custom)
2024-06-22 13:31:54,489 [c511b233-3aa4-4954-9335-f5d54c64e497-groupManagement] INFO  server.RaftServerConfigKeys (ConfUtils.java:logGet(46)) - raft.server.log.preallocated.size = 4194304 (custom)
2024-06-22 13:31:54,489 [c511b233-3aa4-4954-9335-f5d54c64e497-groupManagement] INFO  server.RaftServerConfigKeys (ConfUtils.java:logGet(46)) - raft.server.log.force.sync.num = 128 (default)
2024-06-22 13:31:54,489 [c511b233-3aa4-4954-9335-f5d54c64e497-groupManagement] INFO  server.RaftServerConfigKeys (ConfUtils.java:logGet(46)) - raft.server.log.statemachine.data.sync = true (default)
2024-06-22 13:31:54,489 [c511b233-3aa4-4954-9335-f5d54c64e497-groupManagement] INFO  server.RaftServerConfigKeys (ConfUtils.java:logGet(46)) - raft.server.log.statemachine.data.sync.timeout = 10s (default)
2024-06-22 13:31:54,489 [c511b233-3aa4-4954-9335-f5d54c64e497-groupManagement] INFO  server.RaftServerConfigKeys (ConfUtils.java:logGet(46)) - raft.server.log.statemachine.data.sync.timeout.retry = 30 (custom)
2024-06-22 13:31:54,489 [c511b233-3aa4-4954-9335-f5d54c64e497-groupManagement] INFO  server.RaftServerConfigKeys (ConfUtils.java:logGet(46)) - raft.server.log.write.buffer.size = 8388616 (custom)
2024-06-22 13:31:54,491 [c511b233-3aa4-4954-9335-f5d54c64e497-groupManagement] INFO  server.RaftServerConfigKeys (ConfUtils.java:logGet(46)) - raft.server.log.appender.buffer.byte-limit = 8388608 (custom)
2024-06-22 13:31:54,491 [c511b233-3aa4-4954-9335-f5d54c64e497-groupManagement] INFO  server.RaftServerConfigKeys (ConfUtils.java:logGet(46)) - raft.server.log.unsafe-flush.enabled = false (default)
2024-06-22 13:31:54,491 [c511b233-3aa4-4954-9335-f5d54c64e497-groupManagement] INFO  server.RaftServerConfigKeys (ConfUtils.java:logGet(46)) - raft.server.log.async-flush.enabled = false (default)
2024-06-22 13:31:54,491 [c511b233-3aa4-4954-9335-f5d54c64e497-groupManagement] INFO  server.RaftServerConfigKeys (ConfUtils.java:logGet(46)) - raft.server.log.statemachine.data.caching.enabled = true (custom)
2024-06-22 13:31:54,491 [c511b233-3aa4-4954-9335-f5d54c64e497-groupManagement] INFO  segmented.SegmentedRaftLogWorker (SegmentedRaftLogWorker.java:lambda$new$0(134)) - c511b233-3aa4-4954-9335-f5d54c64e497@group-B33C5E379CF8-SegmentedRaftLogWorker: flushIndex: setUnconditionally 0 -> -1
2024-06-22 13:31:54,491 [c511b233-3aa4-4954-9335-f5d54c64e497-groupManagement] INFO  segmented.SegmentedRaftLogWorker (SegmentedRaftLogWorker.java:lambda$new$0(134)) - c511b233-3aa4-4954-9335-f5d54c64e497@group-B33C5E379CF8-SegmentedRaftLogWorker: safeCacheEvictIndex: setUnconditionally 0 -> -1
2024-06-22 13:31:54,491 [c511b233-3aa4-4954-9335-f5d54c64e497-groupManagement] INFO  server.RaftServer$Division (RaftServerImpl.java:start(396)) - c511b233-3aa4-4954-9335-f5d54c64e497@group-B33C5E379CF8: start as a follower, conf=-1: peers:[b47eb027-4b7a-4ddc-bf7f-0870758e0604|127.0.0.1:15032, fdf93896-5abf-403c-99a8-bb8ea43c9a14|127.0.0.1:15023, c511b233-3aa4-4954-9335-f5d54c64e497|127.0.0.1:15014]|listeners:[], old=null
2024-06-22 13:31:54,492 [c511b233-3aa4-4954-9335-f5d54c64e497-groupManagement] INFO  server.RaftServer$Division (RaftServerImpl.java:setRole(383)) - c511b233-3aa4-4954-9335-f5d54c64e497@group-B33C5E379CF8: changes role from      null to FOLLOWER at term 0 for startAsFollower
2024-06-22 13:31:54,492 [c511b233-3aa4-4954-9335-f5d54c64e497-groupManagement] INFO  impl.RoleInfo (RoleInfo.java:updateAndGet(139)) - c511b233-3aa4-4954-9335-f5d54c64e497: start c511b233-3aa4-4954-9335-f5d54c64e497@group-B33C5E379CF8-FollowerState
2024-06-22 13:31:54,493 [c511b233-3aa4-4954-9335-f5d54c64e497-groupManagement] INFO  util.JmxRegister (JmxRegister.java:tryRegister(44)) - Successfully registered JMX Bean with object name Ratis:service=RaftServer,group=group-B33C5E379CF8,id=c511b233-3aa4-4954-9335-f5d54c64e497
2024-06-22 13:31:54,493 [c511b233-3aa4-4954-9335-f5d54c64e497-groupManagement] INFO  server.RaftServerConfigKeys (ConfUtils.java:logGet(46)) - raft.server.snapshot.trigger-when-stop.enabled = true (default)
2024-06-22 13:31:54,493 [c511b233-3aa4-4954-9335-f5d54c64e497-groupManagement] INFO  server.RaftServerConfigKeys (ConfUtils.java:logGet(46)) - raft.server.snapshot.auto.trigger.enabled = true (custom)
2024-06-22 13:31:54,493 [c511b233-3aa4-4954-9335-f5d54c64e497-groupManagement] INFO  server.RaftServerConfigKeys (ConfUtils.java:logGet(46)) - raft.server.snapshot.auto.trigger.threshold = 10000 (custom)
2024-06-22 13:31:54,493 [c511b233-3aa4-4954-9335-f5d54c64e497-groupManagement] INFO  server.RaftServerConfigKeys (ConfUtils.java:logGet(46)) - raft.server.snapshot.retention.file.num = 5 (custom)
2024-06-22 13:31:54,493 [c511b233-3aa4-4954-9335-f5d54c64e497-groupManagement] INFO  server.RaftServerConfigKeys (ConfUtils.java:logGet(46)) - raft.server.log.purge.upto.snapshot.index = false (default)
2024-06-22 13:31:54,494 [c511b233-3aa4-4954-9335-f5d54c64e497@group-B33C5E379CF8-FollowerState] INFO  server.RaftServerConfigKeys (ConfUtils.java:logFallback(53)) - raft.server.rpc.first-election.timeout.min = 5s (fallback to raft.server.rpc.timeout.min)
2024-06-22 13:31:54,494 [c511b233-3aa4-4954-9335-f5d54c64e497@group-B33C5E379CF8-FollowerState] INFO  server.RaftServerConfigKeys (ConfUtils.java:logFallback(53)) - raft.server.rpc.first-election.timeout.max = 5200ms (fallback to raft.server.rpc.timeout.max)
2024-06-22 13:31:54,500 [c511b233-3aa4-4954-9335-f5d54c64e497-PipelineCommandHandlerThread-0] INFO  ratis.XceiverServerRatis (XceiverServerRatis.java:addGroup(864)) - Created group PipelineID=b956bdd5-41b8-45c8-8b94-b33c5e379cf8
2024-06-22 13:31:54,535 [fdf93896-5abf-403c-99a8-bb8ea43c9a14-PipelineCommandHandlerThread-0] INFO  server.RaftServer (RaftServerProxy.java:addNew(100)) - fdf93896-5abf-403c-99a8-bb8ea43c9a14: addNew group-5B9310BC09E2:[fdf93896-5abf-403c-99a8-bb8ea43c9a14|127.0.0.1:15023] returns group-5B9310BC09E2:java.util.concurrent.CompletableFuture@35588716[Not completed]
2024-06-22 13:31:54,538 [fdf93896-5abf-403c-99a8-bb8ea43c9a14-groupManagement] INFO  server.RaftServer$Division (RaftServerImpl.java:<init>(256)) - fdf93896-5abf-403c-99a8-bb8ea43c9a14: new RaftServerImpl for group-5B9310BC09E2:[fdf93896-5abf-403c-99a8-bb8ea43c9a14|127.0.0.1:15023] with ContainerStateMachine:uninitialized
2024-06-22 13:31:54,539 [fdf93896-5abf-403c-99a8-bb8ea43c9a14-groupManagement] INFO  server.RaftServerConfigKeys (ConfUtils.java:logGet(46)) - raft.server.rpc.timeout.min = 5s (custom)
2024-06-22 13:31:54,539 [fdf93896-5abf-403c-99a8-bb8ea43c9a14-groupManagement] INFO  server.RaftServerConfigKeys (ConfUtils.java:logGet(46)) - raft.server.rpc.timeout.max = 5200ms (custom)
2024-06-22 13:31:54,540 [fdf93896-5abf-403c-99a8-bb8ea43c9a14-groupManagement] INFO  server.RaftServerConfigKeys (ConfUtils.java:logGet(46)) - raft.server.rpc.sleep.time = 25ms (default)
2024-06-22 13:31:54,540 [fdf93896-5abf-403c-99a8-bb8ea43c9a14-groupManagement] INFO  server.RaftServerConfigKeys (ConfUtils.java:logGet(46)) - raft.server.rpc.slowness.timeout = 300s (custom)
2024-06-22 13:31:54,540 [fdf93896-5abf-403c-99a8-bb8ea43c9a14-groupManagement] INFO  server.RaftServerConfigKeys (ConfUtils.java:logGet(46)) - raft.server.leaderelection.leader.step-down.wait-time = 10s (default)
2024-06-22 13:31:54,540 [fdf93896-5abf-403c-99a8-bb8ea43c9a14-groupManagement] INFO  server.RaftServerConfigKeys (ConfUtils.java:logGet(46)) - raft.server.leaderelection.member.majority-add = false (default)
2024-06-22 13:31:54,540 [fdf93896-5abf-403c-99a8-bb8ea43c9a14-groupManagement] INFO  server.RaftServerConfigKeys (ConfUtils.java:logGet(46)) - raft.server.sleep.deviation.threshold = 300ms (default)
2024-06-22 13:31:54,540 [fdf93896-5abf-403c-99a8-bb8ea43c9a14-groupManagement] INFO  server.RaftServer$Division (ServerState.java:<init>(113)) - fdf93896-5abf-403c-99a8-bb8ea43c9a14@group-5B9310BC09E2: ConfigurationManager, init=-1: peers:[fdf93896-5abf-403c-99a8-bb8ea43c9a14|127.0.0.1:15023]|listeners:[], old=null, confs=<EMPTY_MAP>
2024-06-22 13:31:54,540 [fdf93896-5abf-403c-99a8-bb8ea43c9a14-groupManagement] INFO  server.RaftServerConfigKeys (ConfUtils.java:logGet(46)) - raft.server.notification.no-leader.timeout = 300s (custom)
2024-06-22 13:31:54,541 [fdf93896-5abf-403c-99a8-bb8ea43c9a14-groupManagement] INFO  server.RaftServerConfigKeys (ConfUtils.java:logGet(46)) - raft.server.read.timeout = 10s (default)
2024-06-22 13:31:54,541 [fdf93896-5abf-403c-99a8-bb8ea43c9a14-groupManagement] INFO  server.RaftServerConfigKeys (ConfUtils.java:logGet(46)) - raft.server.retrycache.expirytime = 600000ms (custom)
2024-06-22 13:31:54,541 [fdf93896-5abf-403c-99a8-bb8ea43c9a14-groupManagement] INFO  server.RaftServerConfigKeys (ConfUtils.java:logGet(46)) - raft.server.retrycache.statistics.expirytime = 100ms (default)
2024-06-22 13:31:54,542 [fdf93896-5abf-403c-99a8-bb8ea43c9a14-groupManagement] INFO  server.RaftServerConfigKeys (ConfUtils.java:logGet(46)) - raft.server.read.option = DEFAULT (default)
2024-06-22 13:31:54,542 [fdf93896-5abf-403c-99a8-bb8ea43c9a14-groupManagement] INFO  server.RaftServerConfigKeys (ConfUtils.java:logGet(46)) - raft.server.read.read-after-write-consistent.write-index-cache.expiry-time = 60s (default)
2024-06-22 13:31:54,551 [fdf93896-5abf-403c-99a8-bb8ea43c9a14-groupManagement] INFO  server.RaftServerConfigKeys (ConfUtils.java:logGet(46)) - raft.server.rpc.request.timeout = 60s (custom)
2024-06-22 13:31:54,552 [fdf93896-5abf-403c-99a8-bb8ea43c9a14-groupManagement] INFO  server.RaftServerConfigKeys (ConfUtils.java:logGet(46)) - raft.server.log.appender.install.snapshot.enabled = false (custom)
2024-06-22 13:31:54,552 [fdf93896-5abf-403c-99a8-bb8ea43c9a14-groupManagement] INFO  server.RaftServerConfigKeys (ConfUtils.java:logGet(46)) - raft.server.threadpool.server.cached = true (default)
2024-06-22 13:31:54,552 [fdf93896-5abf-403c-99a8-bb8ea43c9a14-groupManagement] INFO  server.RaftServerConfigKeys (ConfUtils.java:logGet(46)) - raft.server.threadpool.server.size = 0 (default)
2024-06-22 13:31:54,553 [fdf93896-5abf-403c-99a8-bb8ea43c9a14-groupManagement] INFO  server.RaftServerConfigKeys (ConfUtils.java:logGet(46)) - raft.server.threadpool.client.cached = true (default)
2024-06-22 13:31:54,553 [fdf93896-5abf-403c-99a8-bb8ea43c9a14-groupManagement] INFO  server.RaftServerConfigKeys (ConfUtils.java:logGet(46)) - raft.server.threadpool.client.size = 0 (default)
2024-06-22 13:31:54,554 [fdf93896-5abf-403c-99a8-bb8ea43c9a14-groupManagement] INFO  server.RaftServerConfigKeys (ConfUtils.java:logGet(46)) - raft.server.storage.free-space.min = 0MB (=0) (default)
2024-06-22 13:31:54,554 [fdf93896-5abf-403c-99a8-bb8ea43c9a14-groupManagement] INFO  server.RaftServerConfigKeys (ConfUtils.java:logGet(46)) - raft.server.log.corruption.policy = EXCEPTION (default)
2024-06-22 13:31:54,555 [fdf93896-5abf-403c-99a8-bb8ea43c9a14-groupManagement] INFO  server.RaftServerConfigKeys (ConfUtils.java:logGet(46)) - raft.server.storage.dir = [/home/runner/work/ozone/ozone/hadoop-ozone/integration-test/target/test-dir/MiniOzoneClusterImpl-ed78929e-9b9e-4304-bdcd-e93070d12e9d/ozone-meta/datanode-2/ratis] (custom)
2024-06-22 13:31:54,555 [fdf93896-5abf-403c-99a8-bb8ea43c9a14-groupManagement] INFO  storage.RaftStorageDirectory (RaftStorageDirectoryImpl.java:analyzeStorage(138)) - The storage directory /home/runner/work/ozone/ozone/hadoop-ozone/integration-test/target/test-dir/MiniOzoneClusterImpl-ed78929e-9b9e-4304-bdcd-e93070d12e9d/ozone-meta/datanode-2/ratis/4ed428f0-b8d8-465b-8fad-5b9310bc09e2 does not exist. Creating ...
2024-06-22 13:31:54,557 [fdf93896-5abf-403c-99a8-bb8ea43c9a14-groupManagement] INFO  storage.RaftStorageDirectory (RaftStorageDirectoryImpl.java:tryLock(228)) - Lock on /home/runner/work/ozone/ozone/hadoop-ozone/integration-test/target/test-dir/MiniOzoneClusterImpl-ed78929e-9b9e-4304-bdcd-e93070d12e9d/ozone-meta/datanode-2/ratis/4ed428f0-b8d8-465b-8fad-5b9310bc09e2/in_use.lock acquired by nodename 98639@fv-az882-123
2024-06-22 13:31:54,559 [fdf93896-5abf-403c-99a8-bb8ea43c9a14-groupManagement] INFO  storage.RaftStorage (RaftStorageImpl.java:format(99)) - Storage directory /home/runner/work/ozone/ozone/hadoop-ozone/integration-test/target/test-dir/MiniOzoneClusterImpl-ed78929e-9b9e-4304-bdcd-e93070d12e9d/ozone-meta/datanode-2/ratis/4ed428f0-b8d8-465b-8fad-5b9310bc09e2 has been successfully formatted.
2024-06-22 13:31:54,559 [fdf93896-5abf-403c-99a8-bb8ea43c9a14-groupManagement] WARN  util.FileUtils (LogUtils.java:supplyAndLog(63)) - Failed to Files.newInputStream /home/runner/work/ozone/ozone/hadoop-ozone/integration-test/target/test-dir/MiniOzoneClusterImpl-ed78929e-9b9e-4304-bdcd-e93070d12e9d/ozone-meta/datanode-2/ratis/4ed428f0-b8d8-465b-8fad-5b9310bc09e2/current/raft-meta.conf with options []: java.nio.file.NoSuchFileException: /home/runner/work/ozone/ozone/hadoop-ozone/integration-test/target/test-dir/MiniOzoneClusterImpl-ed78929e-9b9e-4304-bdcd-e93070d12e9d/ozone-meta/datanode-2/ratis/4ed428f0-b8d8-465b-8fad-5b9310bc09e2/current/raft-meta.conf
2024-06-22 13:31:54,560 [fdf93896-5abf-403c-99a8-bb8ea43c9a14-groupManagement] INFO  ratis.ContainerStateMachine (ContainerStateMachine.java:loadSnapshot(287)) - group-5B9310BC09E2: The snapshot info is null. Setting the last applied index to:(t:0, i:~)
2024-06-22 13:31:54,560 [fdf93896-5abf-403c-99a8-bb8ea43c9a14-groupManagement] INFO  server.RaftServerConfigKeys (ConfUtils.java:logGet(46)) - raft.server.log.use.memory = false (default)
2024-06-22 13:31:54,560 [fdf93896-5abf-403c-99a8-bb8ea43c9a14-groupManagement] INFO  server.RaftServerConfigKeys (ConfUtils.java:logGet(46)) - raft.server.log.purge.gap = 1000000 (custom)
2024-06-22 13:31:54,560 [fdf93896-5abf-403c-99a8-bb8ea43c9a14-groupManagement] INFO  server.RaftServerConfigKeys (ConfUtils.java:logGet(46)) - raft.server.log.appender.buffer.byte-limit = 8388608 (custom)
2024-06-22 13:31:54,560 [fdf93896-5abf-403c-99a8-bb8ea43c9a14-groupManagement] INFO  server.RaftServerConfigKeys (ConfUtils.java:logGet(46)) - raft.server.log.statemachine.data.read.timeout = 1000ms (default)
2024-06-22 13:31:54,560 [fdf93896-5abf-403c-99a8-bb8ea43c9a14-groupManagement] INFO  server.RaftServerConfigKeys (ConfUtils.java:logGet(46)) - raft.server.log.purge.preservation.log.num = 0 (default)
2024-06-22 13:31:54,562 [EventQueue-PipelineReportForPipelineReportHandler] INFO  pipeline.PipelineReportHandler (PipelineReportHandler.java:processPipelineReport(136)) - Opened pipeline PipelineID=4ed428f0-b8d8-465b-8fad-5b9310bc09e2
2024-06-22 13:31:54,563 [EventQueue-OpenPipelineForHealthyPipelineSafeModeRule] INFO  safemode.SCMSafeModeManager (HealthyPipelineSafeModeRule.java:process(140)) - SCM in safe mode. Healthy pipelines reported count is 0, required healthy pipeline reported count is 1
2024-06-22 13:31:54,565 [fdf93896-5abf-403c-99a8-bb8ea43c9a14-groupManagement] INFO  server.RaftServerConfigKeys (ConfUtils.java:logGet(46)) - raft.server.log.segment.size.max = 67108864 (custom)
2024-06-22 13:31:54,565 [fdf93896-5abf-403c-99a8-bb8ea43c9a14-groupManagement] INFO  server.RaftServerConfigKeys (ConfUtils.java:logGet(46)) - raft.server.log.segment.cache.num.max = 2 (custom)
2024-06-22 13:31:54,565 [fdf93896-5abf-403c-99a8-bb8ea43c9a14-groupManagement] INFO  server.RaftServerConfigKeys (ConfUtils.java:logGet(46)) - raft.server.log.segment.cache.size.max = 200MB (=209715200) (default)
2024-06-22 13:31:54,566 [fdf93896-5abf-403c-99a8-bb8ea43c9a14-groupManagement] INFO  server.RaftServerConfigKeys (ConfUtils.java:logGet(46)) - raft.server.log.appender.buffer.byte-limit = 8388608 (custom)
2024-06-22 13:31:54,568 [fdf93896-5abf-403c-99a8-bb8ea43c9a14-groupManagement] INFO  util.AwaitToRun (AwaitToRun.java:start(81)) - Thread[fdf93896-5abf-403c-99a8-bb8ea43c9a14@group-5B9310BC09E2-cacheEviction-AwaitToRun,5,main] started
2024-06-22 13:31:54,569 [fdf93896-5abf-403c-99a8-bb8ea43c9a14-groupManagement] INFO  segmented.SegmentedRaftLogWorker (SegmentedRaftLogWorker.java:<init>(182)) - new fdf93896-5abf-403c-99a8-bb8ea43c9a14@group-5B9310BC09E2-SegmentedRaftLogWorker for RaftStorageImpl:Storage Directory /home/runner/work/ozone/ozone/hadoop-ozone/integration-test/target/test-dir/MiniOzoneClusterImpl-ed78929e-9b9e-4304-bdcd-e93070d12e9d/ozone-meta/datanode-2/ratis/4ed428f0-b8d8-465b-8fad-5b9310bc09e2
2024-06-22 13:31:54,569 [fdf93896-5abf-403c-99a8-bb8ea43c9a14-groupManagement] INFO  server.RaftServerConfigKeys (ConfUtils.java:logGet(46)) - raft.server.log.queue.byte-limit = 4294967296 (custom)
2024-06-22 13:31:54,569 [fdf93896-5abf-403c-99a8-bb8ea43c9a14-groupManagement] INFO  server.RaftServerConfigKeys (ConfUtils.java:logGet(46)) - raft.server.log.queue.element-limit = 1024 (custom)
2024-06-22 13:31:54,570 [fdf93896-5abf-403c-99a8-bb8ea43c9a14-groupManagement] INFO  server.RaftServerConfigKeys (ConfUtils.java:logGet(46)) - raft.server.log.segment.size.max = 67108864 (custom)
2024-06-22 13:31:54,570 [fdf93896-5abf-403c-99a8-bb8ea43c9a14-groupManagement] INFO  server.RaftServerConfigKeys (ConfUtils.java:logGet(46)) - raft.server.log.preallocated.size = 4194304 (custom)
2024-06-22 13:31:54,570 [fdf93896-5abf-403c-99a8-bb8ea43c9a14-groupManagement] INFO  server.RaftServerConfigKeys (ConfUtils.java:logGet(46)) - raft.server.log.force.sync.num = 128 (default)
2024-06-22 13:31:54,571 [fdf93896-5abf-403c-99a8-bb8ea43c9a14-groupManagement] INFO  server.RaftServerConfigKeys (ConfUtils.java:logGet(46)) - raft.server.log.statemachine.data.sync = true (default)
2024-06-22 13:31:54,571 [fdf93896-5abf-403c-99a8-bb8ea43c9a14-groupManagement] INFO  server.RaftServerConfigKeys (ConfUtils.java:logGet(46)) - raft.server.log.statemachine.data.sync.timeout = 10s (default)
2024-06-22 13:31:54,571 [fdf93896-5abf-403c-99a8-bb8ea43c9a14-groupManagement] INFO  server.RaftServerConfigKeys (ConfUtils.java:logGet(46)) - raft.server.log.statemachine.data.sync.timeout.retry = 30 (custom)
2024-06-22 13:31:54,572 [fdf93896-5abf-403c-99a8-bb8ea43c9a14-groupManagement] INFO  server.RaftServerConfigKeys (ConfUtils.java:logGet(46)) - raft.server.log.write.buffer.size = 8388616 (custom)
2024-06-22 13:31:54,574 [fdf93896-5abf-403c-99a8-bb8ea43c9a14-groupManagement] INFO  server.RaftServerConfigKeys (ConfUtils.java:logGet(46)) - raft.server.log.appender.buffer.byte-limit = 8388608 (custom)
2024-06-22 13:31:54,575 [fdf93896-5abf-403c-99a8-bb8ea43c9a14-groupManagement] INFO  server.RaftServerConfigKeys (ConfUtils.java:logGet(46)) - raft.server.log.unsafe-flush.enabled = false (default)
2024-06-22 13:31:54,575 [fdf93896-5abf-403c-99a8-bb8ea43c9a14-groupManagement] INFO  server.RaftServerConfigKeys (ConfUtils.java:logGet(46)) - raft.server.log.async-flush.enabled = false (default)
2024-06-22 13:31:54,576 [fdf93896-5abf-403c-99a8-bb8ea43c9a14-groupManagement] INFO  server.RaftServerConfigKeys (ConfUtils.java:logGet(46)) - raft.server.log.statemachine.data.caching.enabled = true (custom)
2024-06-22 13:31:54,576 [fdf93896-5abf-403c-99a8-bb8ea43c9a14-groupManagement] INFO  segmented.SegmentedRaftLogWorker (SegmentedRaftLogWorker.java:lambda$new$0(134)) - fdf93896-5abf-403c-99a8-bb8ea43c9a14@group-5B9310BC09E2-SegmentedRaftLogWorker: flushIndex: setUnconditionally 0 -> -1
2024-06-22 13:31:54,576 [fdf93896-5abf-403c-99a8-bb8ea43c9a14-groupManagement] INFO  segmented.SegmentedRaftLogWorker (SegmentedRaftLogWorker.java:lambda$new$0(134)) - fdf93896-5abf-403c-99a8-bb8ea43c9a14@group-5B9310BC09E2-SegmentedRaftLogWorker: safeCacheEvictIndex: setUnconditionally 0 -> -1
2024-06-22 13:31:54,577 [fdf93896-5abf-403c-99a8-bb8ea43c9a14-groupManagement] INFO  server.RaftServer$Division (RaftServerImpl.java:start(396)) - fdf93896-5abf-403c-99a8-bb8ea43c9a14@group-5B9310BC09E2: start as a follower, conf=-1: peers:[fdf93896-5abf-403c-99a8-bb8ea43c9a14|127.0.0.1:15023]|listeners:[], old=null
2024-06-22 13:31:54,577 [fdf93896-5abf-403c-99a8-bb8ea43c9a14-groupManagement] INFO  server.RaftServer$Division (RaftServerImpl.java:setRole(383)) - fdf93896-5abf-403c-99a8-bb8ea43c9a14@group-5B9310BC09E2: changes role from      null to FOLLOWER at term 0 for startAsFollower
2024-06-22 13:31:54,577 [fdf93896-5abf-403c-99a8-bb8ea43c9a14-groupManagement] INFO  impl.RoleInfo (RoleInfo.java:updateAndGet(139)) - fdf93896-5abf-403c-99a8-bb8ea43c9a14: start fdf93896-5abf-403c-99a8-bb8ea43c9a14@group-5B9310BC09E2-FollowerState
2024-06-22 13:31:54,578 [fdf93896-5abf-403c-99a8-bb8ea43c9a14-groupManagement] INFO  util.JmxRegister (JmxRegister.java:tryRegister(44)) - Successfully registered JMX Bean with object name Ratis:service=RaftServer,group=group-5B9310BC09E2,id=fdf93896-5abf-403c-99a8-bb8ea43c9a14
2024-06-22 13:31:54,578 [fdf93896-5abf-403c-99a8-bb8ea43c9a14-groupManagement] INFO  server.RaftServerConfigKeys (ConfUtils.java:logGet(46)) - raft.server.snapshot.trigger-when-stop.enabled = true (default)
2024-06-22 13:31:54,578 [fdf93896-5abf-403c-99a8-bb8ea43c9a14-groupManagement] INFO  server.RaftServerConfigKeys (ConfUtils.java:logGet(46)) - raft.server.snapshot.auto.trigger.enabled = true (custom)
2024-06-22 13:31:54,578 [fdf93896-5abf-403c-99a8-bb8ea43c9a14-groupManagement] INFO  server.RaftServerConfigKeys (ConfUtils.java:logGet(46)) - raft.server.snapshot.auto.trigger.threshold = 10000 (custom)
2024-06-22 13:31:54,578 [fdf93896-5abf-403c-99a8-bb8ea43c9a14-groupManagement] INFO  server.RaftServerConfigKeys (ConfUtils.java:logGet(46)) - raft.server.snapshot.retention.file.num = 5 (custom)
2024-06-22 13:31:54,578 [fdf93896-5abf-403c-99a8-bb8ea43c9a14-groupManagement] INFO  server.RaftServerConfigKeys (ConfUtils.java:logGet(46)) - raft.server.log.purge.upto.snapshot.index = false (default)
2024-06-22 13:31:54,580 [fdf93896-5abf-403c-99a8-bb8ea43c9a14@group-5B9310BC09E2-FollowerState] INFO  server.RaftServerConfigKeys (ConfUtils.java:logFallback(53)) - raft.server.rpc.first-election.timeout.min = 5s (fallback to raft.server.rpc.timeout.min)
2024-06-22 13:31:54,580 [fdf93896-5abf-403c-99a8-bb8ea43c9a14@group-5B9310BC09E2-FollowerState] INFO  server.RaftServerConfigKeys (ConfUtils.java:logFallback(53)) - raft.server.rpc.first-election.timeout.max = 5200ms (fallback to raft.server.rpc.timeout.max)
2024-06-22 13:31:54,581 [fdf93896-5abf-403c-99a8-bb8ea43c9a14-PipelineCommandHandlerThread-0] INFO  ratis.XceiverServerRatis (XceiverServerRatis.java:addGroup(864)) - Created group PipelineID=4ed428f0-b8d8-465b-8fad-5b9310bc09e2
2024-06-22 13:31:54,581 [fdf93896-5abf-403c-99a8-bb8ea43c9a14-PipelineCommandHandlerThread-0] INFO  commandhandler.CreatePipelineCommandHandler (CreatePipelineCommandHandler.java:lambda$handle$2(124)) - Created Pipeline RATIS ONE PipelineID=4ed428f0-b8d8-465b-8fad-5b9310bc09e2.
2024-06-22 13:31:54,581 [fdf93896-5abf-403c-99a8-bb8ea43c9a14-PipelineCommandHandlerThread-0] INFO  server.RaftServer (RaftServerProxy.java:addNew(100)) - fdf93896-5abf-403c-99a8-bb8ea43c9a14: addNew group-B33C5E379CF8:[b47eb027-4b7a-4ddc-bf7f-0870758e0604|127.0.0.1:15032, fdf93896-5abf-403c-99a8-bb8ea43c9a14|127.0.0.1:15023, c511b233-3aa4-4954-9335-f5d54c64e497|127.0.0.1:15014] returns group-B33C5E379CF8:java.util.concurrent.CompletableFuture@31671565[Not completed]
2024-06-22 13:31:54,583 [fdf93896-5abf-403c-99a8-bb8ea43c9a14-groupManagement] INFO  server.RaftServer$Division (RaftServerImpl.java:<init>(256)) - fdf93896-5abf-403c-99a8-bb8ea43c9a14: new RaftServerImpl for group-B33C5E379CF8:[b47eb027-4b7a-4ddc-bf7f-0870758e0604|127.0.0.1:15032, fdf93896-5abf-403c-99a8-bb8ea43c9a14|127.0.0.1:15023, c511b233-3aa4-4954-9335-f5d54c64e497|127.0.0.1:15014] with ContainerStateMachine:uninitialized
2024-06-22 13:31:54,583 [fdf93896-5abf-403c-99a8-bb8ea43c9a14-groupManagement] INFO  server.RaftServerConfigKeys (ConfUtils.java:logGet(46)) - raft.server.rpc.timeout.min = 5s (custom)
2024-06-22 13:31:54,583 [fdf93896-5abf-403c-99a8-bb8ea43c9a14-groupManagement] INFO  server.RaftServerConfigKeys (ConfUtils.java:logGet(46)) - raft.server.rpc.timeout.max = 5200ms (custom)
2024-06-22 13:31:54,583 [fdf93896-5abf-403c-99a8-bb8ea43c9a14-groupManagement] INFO  server.RaftServerConfigKeys (ConfUtils.java:logGet(46)) - raft.server.rpc.sleep.time = 25ms (default)
2024-06-22 13:31:54,583 [fdf93896-5abf-403c-99a8-bb8ea43c9a14-groupManagement] INFO  server.RaftServerConfigKeys (ConfUtils.java:logGet(46)) - raft.server.rpc.slowness.timeout = 300s (custom)
2024-06-22 13:31:54,583 [fdf93896-5abf-403c-99a8-bb8ea43c9a14-groupManagement] INFO  server.RaftServerConfigKeys (ConfUtils.java:logGet(46)) - raft.server.leaderelection.leader.step-down.wait-time = 10s (default)
2024-06-22 13:31:54,583 [fdf93896-5abf-403c-99a8-bb8ea43c9a14-groupManagement] INFO  server.RaftServerConfigKeys (ConfUtils.java:logGet(46)) - raft.server.leaderelection.member.majority-add = false (default)
2024-06-22 13:31:54,583 [fdf93896-5abf-403c-99a8-bb8ea43c9a14-groupManagement] INFO  server.RaftServerConfigKeys (ConfUtils.java:logGet(46)) - raft.server.sleep.deviation.threshold = 300ms (default)
2024-06-22 13:31:54,584 [fdf93896-5abf-403c-99a8-bb8ea43c9a14-groupManagement] INFO  server.RaftServer$Division (ServerState.java:<init>(113)) - fdf93896-5abf-403c-99a8-bb8ea43c9a14@group-B33C5E379CF8: ConfigurationManager, init=-1: peers:[b47eb027-4b7a-4ddc-bf7f-0870758e0604|127.0.0.1:15032, fdf93896-5abf-403c-99a8-bb8ea43c9a14|127.0.0.1:15023, c511b233-3aa4-4954-9335-f5d54c64e497|127.0.0.1:15014]|listeners:[], old=null, confs=<EMPTY_MAP>
2024-06-22 13:31:54,584 [fdf93896-5abf-403c-99a8-bb8ea43c9a14-groupManagement] INFO  server.RaftServerConfigKeys (ConfUtils.java:logGet(46)) - raft.server.notification.no-leader.timeout = 300s (custom)
2024-06-22 13:31:54,584 [fdf93896-5abf-403c-99a8-bb8ea43c9a14-groupManagement] INFO  server.RaftServerConfigKeys (ConfUtils.java:logGet(46)) - raft.server.read.timeout = 10s (default)
2024-06-22 13:31:54,584 [fdf93896-5abf-403c-99a8-bb8ea43c9a14-groupManagement] INFO  server.RaftServerConfigKeys (ConfUtils.java:logGet(46)) - raft.server.retrycache.expirytime = 600000ms (custom)
2024-06-22 13:31:54,584 [fdf93896-5abf-403c-99a8-bb8ea43c9a14-groupManagement] INFO  server.RaftServerConfigKeys (ConfUtils.java:logGet(46)) - raft.server.retrycache.statistics.expirytime = 100ms (default)
2024-06-22 13:31:54,584 [fdf93896-5abf-403c-99a8-bb8ea43c9a14-groupManagement] INFO  server.RaftServerConfigKeys (ConfUtils.java:logGet(46)) - raft.server.read.option = DEFAULT (default)
2024-06-22 13:31:54,584 [fdf93896-5abf-403c-99a8-bb8ea43c9a14-groupManagement] INFO  server.RaftServerConfigKeys (ConfUtils.java:logGet(46)) - raft.server.read.read-after-write-consistent.write-index-cache.expiry-time = 60s (default)
2024-06-22 13:31:54,588 [fdf93896-5abf-403c-99a8-bb8ea43c9a14-groupManagement] INFO  server.RaftServerConfigKeys (ConfUtils.java:logGet(46)) - raft.server.rpc.request.timeout = 60s (custom)
2024-06-22 13:31:54,588 [fdf93896-5abf-403c-99a8-bb8ea43c9a14-groupManagement] INFO  server.RaftServerConfigKeys (ConfUtils.java:logGet(46)) - raft.server.log.appender.install.snapshot.enabled = false (custom)
2024-06-22 13:31:54,588 [fdf93896-5abf-403c-99a8-bb8ea43c9a14-groupManagement] INFO  server.RaftServerConfigKeys (ConfUtils.java:logGet(46)) - raft.server.threadpool.server.cached = true (default)
2024-06-22 13:31:54,588 [fdf93896-5abf-403c-99a8-bb8ea43c9a14-groupManagement] INFO  server.RaftServerConfigKeys (ConfUtils.java:logGet(46)) - raft.server.threadpool.server.size = 0 (default)
2024-06-22 13:31:54,588 [fdf93896-5abf-403c-99a8-bb8ea43c9a14-groupManagement] INFO  server.RaftServerConfigKeys (ConfUtils.java:logGet(46)) - raft.server.threadpool.client.cached = true (default)
2024-06-22 13:31:54,588 [fdf93896-5abf-403c-99a8-bb8ea43c9a14-groupManagement] INFO  server.RaftServerConfigKeys (ConfUtils.java:logGet(46)) - raft.server.threadpool.client.size = 0 (default)
2024-06-22 13:31:54,589 [fdf93896-5abf-403c-99a8-bb8ea43c9a14-groupManagement] INFO  server.RaftServerConfigKeys (ConfUtils.java:logGet(46)) - raft.server.storage.free-space.min = 0MB (=0) (default)
2024-06-22 13:31:54,589 [fdf93896-5abf-403c-99a8-bb8ea43c9a14-groupManagement] INFO  server.RaftServerConfigKeys (ConfUtils.java:logGet(46)) - raft.server.log.corruption.policy = EXCEPTION (default)
2024-06-22 13:31:54,592 [fdf93896-5abf-403c-99a8-bb8ea43c9a14-groupManagement] INFO  server.RaftServerConfigKeys (ConfUtils.java:logGet(46)) - raft.server.storage.dir = [/home/runner/work/ozone/ozone/hadoop-ozone/integration-test/target/test-dir/MiniOzoneClusterImpl-ed78929e-9b9e-4304-bdcd-e93070d12e9d/ozone-meta/datanode-2/ratis] (custom)
2024-06-22 13:31:54,592 [fdf93896-5abf-403c-99a8-bb8ea43c9a14-groupManagement] INFO  storage.RaftStorageDirectory (RaftStorageDirectoryImpl.java:analyzeStorage(138)) - The storage directory /home/runner/work/ozone/ozone/hadoop-ozone/integration-test/target/test-dir/MiniOzoneClusterImpl-ed78929e-9b9e-4304-bdcd-e93070d12e9d/ozone-meta/datanode-2/ratis/b956bdd5-41b8-45c8-8b94-b33c5e379cf8 does not exist. Creating ...
2024-06-22 13:31:54,593 [fdf93896-5abf-403c-99a8-bb8ea43c9a14-groupManagement] INFO  storage.RaftStorageDirectory (RaftStorageDirectoryImpl.java:tryLock(228)) - Lock on /home/runner/work/ozone/ozone/hadoop-ozone/integration-test/target/test-dir/MiniOzoneClusterImpl-ed78929e-9b9e-4304-bdcd-e93070d12e9d/ozone-meta/datanode-2/ratis/b956bdd5-41b8-45c8-8b94-b33c5e379cf8/in_use.lock acquired by nodename 98639@fv-az882-123
2024-06-22 13:31:54,594 [fdf93896-5abf-403c-99a8-bb8ea43c9a14-groupManagement] INFO  storage.RaftStorage (RaftStorageImpl.java:format(99)) - Storage directory /home/runner/work/ozone/ozone/hadoop-ozone/integration-test/target/test-dir/MiniOzoneClusterImpl-ed78929e-9b9e-4304-bdcd-e93070d12e9d/ozone-meta/datanode-2/ratis/b956bdd5-41b8-45c8-8b94-b33c5e379cf8 has been successfully formatted.
2024-06-22 13:31:54,594 [fdf93896-5abf-403c-99a8-bb8ea43c9a14-groupManagement] WARN  util.FileUtils (LogUtils.java:supplyAndLog(63)) - Failed to Files.newInputStream /home/runner/work/ozone/ozone/hadoop-ozone/integration-test/target/test-dir/MiniOzoneClusterImpl-ed78929e-9b9e-4304-bdcd-e93070d12e9d/ozone-meta/datanode-2/ratis/b956bdd5-41b8-45c8-8b94-b33c5e379cf8/current/raft-meta.conf with options []: java.nio.file.NoSuchFileException: /home/runner/work/ozone/ozone/hadoop-ozone/integration-test/target/test-dir/MiniOzoneClusterImpl-ed78929e-9b9e-4304-bdcd-e93070d12e9d/ozone-meta/datanode-2/ratis/b956bdd5-41b8-45c8-8b94-b33c5e379cf8/current/raft-meta.conf
2024-06-22 13:31:54,596 [EventQueue-OpenPipelineForHealthyPipelineSafeModeRule] INFO  safemode.SCMSafeModeManager (HealthyPipelineSafeModeRule.java:process(140)) - SCM in safe mode. Healthy pipelines reported count is 0, required healthy pipeline reported count is 1
2024-06-22 13:31:54,598 [fdf93896-5abf-403c-99a8-bb8ea43c9a14-groupManagement] INFO  ratis.ContainerStateMachine (ContainerStateMachine.java:loadSnapshot(287)) - group-B33C5E379CF8: The snapshot info is null. Setting the last applied index to:(t:0, i:~)
2024-06-22 13:31:54,599 [fdf93896-5abf-403c-99a8-bb8ea43c9a14-groupManagement] INFO  server.RaftServerConfigKeys (ConfUtils.java:logGet(46)) - raft.server.log.use.memory = false (default)
2024-06-22 13:31:54,600 [fdf93896-5abf-403c-99a8-bb8ea43c9a14-groupManagement] INFO  server.RaftServerConfigKeys (ConfUtils.java:logGet(46)) - raft.server.log.purge.gap = 1000000 (custom)
2024-06-22 13:31:54,600 [fdf93896-5abf-403c-99a8-bb8ea43c9a14-groupManagement] INFO  server.RaftServerConfigKeys (ConfUtils.java:logGet(46)) - raft.server.log.appender.buffer.byte-limit = 8388608 (custom)
2024-06-22 13:31:54,600 [fdf93896-5abf-403c-99a8-bb8ea43c9a14-groupManagement] INFO  server.RaftServerConfigKeys (ConfUtils.java:logGet(46)) - raft.server.log.statemachine.data.read.timeout = 1000ms (default)
2024-06-22 13:31:54,600 [fdf93896-5abf-403c-99a8-bb8ea43c9a14-groupManagement] INFO  server.RaftServerConfigKeys (ConfUtils.java:logGet(46)) - raft.server.log.purge.preservation.log.num = 0 (default)
2024-06-22 13:31:54,606 [fdf93896-5abf-403c-99a8-bb8ea43c9a14-groupManagement] INFO  server.RaftServerConfigKeys (ConfUtils.java:logGet(46)) - raft.server.log.segment.size.max = 67108864 (custom)
2024-06-22 13:31:54,606 [fdf93896-5abf-403c-99a8-bb8ea43c9a14-groupManagement] INFO  server.RaftServerConfigKeys (ConfUtils.java:logGet(46)) - raft.server.log.segment.cache.num.max = 2 (custom)
2024-06-22 13:31:54,607 [fdf93896-5abf-403c-99a8-bb8ea43c9a14-groupManagement] INFO  server.RaftServerConfigKeys (ConfUtils.java:logGet(46)) - raft.server.log.segment.cache.size.max = 200MB (=209715200) (default)
2024-06-22 13:31:54,607 [fdf93896-5abf-403c-99a8-bb8ea43c9a14-groupManagement] INFO  server.RaftServerConfigKeys (ConfUtils.java:logGet(46)) - raft.server.log.appender.buffer.byte-limit = 8388608 (custom)
2024-06-22 13:31:54,613 [fdf93896-5abf-403c-99a8-bb8ea43c9a14-groupManagement] INFO  util.AwaitToRun (AwaitToRun.java:start(81)) - Thread[fdf93896-5abf-403c-99a8-bb8ea43c9a14@group-B33C5E379CF8-cacheEviction-AwaitToRun,5,main] started
2024-06-22 13:31:54,613 [fdf93896-5abf-403c-99a8-bb8ea43c9a14-groupManagement] INFO  segmented.SegmentedRaftLogWorker (SegmentedRaftLogWorker.java:<init>(182)) - new fdf93896-5abf-403c-99a8-bb8ea43c9a14@group-B33C5E379CF8-SegmentedRaftLogWorker for RaftStorageImpl:Storage Directory /home/runner/work/ozone/ozone/hadoop-ozone/integration-test/target/test-dir/MiniOzoneClusterImpl-ed78929e-9b9e-4304-bdcd-e93070d12e9d/ozone-meta/datanode-2/ratis/b956bdd5-41b8-45c8-8b94-b33c5e379cf8
2024-06-22 13:31:54,613 [fdf93896-5abf-403c-99a8-bb8ea43c9a14-groupManagement] INFO  server.RaftServerConfigKeys (ConfUtils.java:logGet(46)) - raft.server.log.queue.byte-limit = 4294967296 (custom)
2024-06-22 13:31:54,613 [fdf93896-5abf-403c-99a8-bb8ea43c9a14-groupManagement] INFO  server.RaftServerConfigKeys (ConfUtils.java:logGet(46)) - raft.server.log.queue.element-limit = 1024 (custom)
2024-06-22 13:31:54,613 [fdf93896-5abf-403c-99a8-bb8ea43c9a14-groupManagement] INFO  server.RaftServerConfigKeys (ConfUtils.java:logGet(46)) - raft.server.log.segment.size.max = 67108864 (custom)
2024-06-22 13:31:54,613 [fdf93896-5abf-403c-99a8-bb8ea43c9a14-groupManagement] INFO  server.RaftServerConfigKeys (ConfUtils.java:logGet(46)) - raft.server.log.preallocated.size = 4194304 (custom)
2024-06-22 13:31:54,613 [fdf93896-5abf-403c-99a8-bb8ea43c9a14-groupManagement] INFO  server.RaftServerConfigKeys (ConfUtils.java:logGet(46)) - raft.server.log.force.sync.num = 128 (default)
2024-06-22 13:31:54,613 [fdf93896-5abf-403c-99a8-bb8ea43c9a14-groupManagement] INFO  server.RaftServerConfigKeys (ConfUtils.java:logGet(46)) - raft.server.log.statemachine.data.sync = true (default)
2024-06-22 13:31:54,614 [fdf93896-5abf-403c-99a8-bb8ea43c9a14-groupManagement] INFO  server.RaftServerConfigKeys (ConfUtils.java:logGet(46)) - raft.server.log.statemachine.data.sync.timeout = 10s (default)
2024-06-22 13:31:54,614 [fdf93896-5abf-403c-99a8-bb8ea43c9a14-groupManagement] INFO  server.RaftServerConfigKeys (ConfUtils.java:logGet(46)) - raft.server.log.statemachine.data.sync.timeout.retry = 30 (custom)
2024-06-22 13:31:54,614 [fdf93896-5abf-403c-99a8-bb8ea43c9a14-groupManagement] INFO  server.RaftServerConfigKeys (ConfUtils.java:logGet(46)) - raft.server.log.write.buffer.size = 8388616 (custom)
2024-06-22 13:31:54,616 [fdf93896-5abf-403c-99a8-bb8ea43c9a14-groupManagement] INFO  server.RaftServerConfigKeys (ConfUtils.java:logGet(46)) - raft.server.log.appender.buffer.byte-limit = 8388608 (custom)
2024-06-22 13:31:54,617 [fdf93896-5abf-403c-99a8-bb8ea43c9a14-groupManagement] INFO  server.RaftServerConfigKeys (ConfUtils.java:logGet(46)) - raft.server.log.unsafe-flush.enabled = false (default)
2024-06-22 13:31:54,617 [fdf93896-5abf-403c-99a8-bb8ea43c9a14-groupManagement] INFO  server.RaftServerConfigKeys (ConfUtils.java:logGet(46)) - raft.server.log.async-flush.enabled = false (default)
2024-06-22 13:31:54,617 [fdf93896-5abf-403c-99a8-bb8ea43c9a14-groupManagement] INFO  server.RaftServerConfigKeys (ConfUtils.java:logGet(46)) - raft.server.log.statemachine.data.caching.enabled = true (custom)
2024-06-22 13:31:54,617 [fdf93896-5abf-403c-99a8-bb8ea43c9a14-groupManagement] INFO  segmented.SegmentedRaftLogWorker (SegmentedRaftLogWorker.java:lambda$new$0(134)) - fdf93896-5abf-403c-99a8-bb8ea43c9a14@group-B33C5E379CF8-SegmentedRaftLogWorker: flushIndex: setUnconditionally 0 -> -1
2024-06-22 13:31:54,617 [fdf93896-5abf-403c-99a8-bb8ea43c9a14-groupManagement] INFO  segmented.SegmentedRaftLogWorker (SegmentedRaftLogWorker.java:lambda$new$0(134)) - fdf93896-5abf-403c-99a8-bb8ea43c9a14@group-B33C5E379CF8-SegmentedRaftLogWorker: safeCacheEvictIndex: setUnconditionally 0 -> -1
2024-06-22 13:31:54,619 [b47eb027-4b7a-4ddc-bf7f-0870758e0604-PipelineCommandHandlerThread-0] INFO  server.RaftServer (RaftServerProxy.java:addNew(100)) - b47eb027-4b7a-4ddc-bf7f-0870758e0604: addNew group-756EC7FADB3C:[b47eb027-4b7a-4ddc-bf7f-0870758e0604|127.0.0.1:15032] returns group-756EC7FADB3C:java.util.concurrent.CompletableFuture@12cf336b[Not completed]
2024-06-22 13:31:54,620 [fdf93896-5abf-403c-99a8-bb8ea43c9a14-groupManagement] INFO  server.RaftServer$Division (RaftServerImpl.java:start(396)) - fdf93896-5abf-403c-99a8-bb8ea43c9a14@group-B33C5E379CF8: start as a follower, conf=-1: peers:[b47eb027-4b7a-4ddc-bf7f-0870758e0604|127.0.0.1:15032, fdf93896-5abf-403c-99a8-bb8ea43c9a14|127.0.0.1:15023, c511b233-3aa4-4954-9335-f5d54c64e497|127.0.0.1:15014]|listeners:[], old=null
2024-06-22 13:31:54,622 [b47eb027-4b7a-4ddc-bf7f-0870758e0604-groupManagement] INFO  server.RaftServer$Division (RaftServerImpl.java:<init>(256)) - b47eb027-4b7a-4ddc-bf7f-0870758e0604: new RaftServerImpl for group-756EC7FADB3C:[b47eb027-4b7a-4ddc-bf7f-0870758e0604|127.0.0.1:15032] with ContainerStateMachine:uninitialized
2024-06-22 13:31:54,622 [b47eb027-4b7a-4ddc-bf7f-0870758e0604-groupManagement] INFO  server.RaftServerConfigKeys (ConfUtils.java:logGet(46)) - raft.server.rpc.timeout.min = 5s (custom)
2024-06-22 13:31:54,622 [b47eb027-4b7a-4ddc-bf7f-0870758e0604-groupManagement] INFO  server.RaftServerConfigKeys (ConfUtils.java:logGet(46)) - raft.server.rpc.timeout.max = 5200ms (custom)
2024-06-22 13:31:54,622 [b47eb027-4b7a-4ddc-bf7f-0870758e0604-groupManagement] INFO  server.RaftServerConfigKeys (ConfUtils.java:logGet(46)) - raft.server.rpc.sleep.time = 25ms (default)
2024-06-22 13:31:54,622 [b47eb027-4b7a-4ddc-bf7f-0870758e0604-groupManagement] INFO  server.RaftServerConfigKeys (ConfUtils.java:logGet(46)) - raft.server.rpc.slowness.timeout = 300s (custom)
2024-06-22 13:31:54,622 [b47eb027-4b7a-4ddc-bf7f-0870758e0604-groupManagement] INFO  server.RaftServerConfigKeys (ConfUtils.java:logGet(46)) - raft.server.leaderelection.leader.step-down.wait-time = 10s (default)
2024-06-22 13:31:54,622 [b47eb027-4b7a-4ddc-bf7f-0870758e0604-groupManagement] INFO  server.RaftServerConfigKeys (ConfUtils.java:logGet(46)) - raft.server.leaderelection.member.majority-add = false (default)
2024-06-22 13:31:54,622 [fdf93896-5abf-403c-99a8-bb8ea43c9a14-groupManagement] INFO  server.RaftServer$Division (RaftServerImpl.java:setRole(383)) - fdf93896-5abf-403c-99a8-bb8ea43c9a14@group-B33C5E379CF8: changes role from      null to FOLLOWER at term 0 for startAsFollower
2024-06-22 13:31:54,622 [fdf93896-5abf-403c-99a8-bb8ea43c9a14-groupManagement] INFO  impl.RoleInfo (RoleInfo.java:updateAndGet(139)) - fdf93896-5abf-403c-99a8-bb8ea43c9a14: start fdf93896-5abf-403c-99a8-bb8ea43c9a14@group-B33C5E379CF8-FollowerState
2024-06-22 13:31:54,622 [fdf93896-5abf-403c-99a8-bb8ea43c9a14@group-B33C5E379CF8-FollowerState] INFO  server.RaftServerConfigKeys (ConfUtils.java:logFallback(53)) - raft.server.rpc.first-election.timeout.min = 5s (fallback to raft.server.rpc.timeout.min)
2024-06-22 13:31:54,622 [fdf93896-5abf-403c-99a8-bb8ea43c9a14-groupManagement] INFO  util.JmxRegister (JmxRegister.java:tryRegister(44)) - Successfully registered JMX Bean with object name Ratis:service=RaftServer,group=group-B33C5E379CF8,id=fdf93896-5abf-403c-99a8-bb8ea43c9a14
2024-06-22 13:31:54,622 [fdf93896-5abf-403c-99a8-bb8ea43c9a14-groupManagement] INFO  server.RaftServerConfigKeys (ConfUtils.java:logGet(46)) - raft.server.snapshot.trigger-when-stop.enabled = true (default)
2024-06-22 13:31:54,623 [fdf93896-5abf-403c-99a8-bb8ea43c9a14-groupManagement] INFO  server.RaftServerConfigKeys (ConfUtils.java:logGet(46)) - raft.server.snapshot.auto.trigger.enabled = true (custom)
2024-06-22 13:31:54,623 [fdf93896-5abf-403c-99a8-bb8ea43c9a14-groupManagement] INFO  server.RaftServerConfigKeys (ConfUtils.java:logGet(46)) - raft.server.snapshot.auto.trigger.threshold = 10000 (custom)
2024-06-22 13:31:54,623 [fdf93896-5abf-403c-99a8-bb8ea43c9a14-groupManagement] INFO  server.RaftServerConfigKeys (ConfUtils.java:logGet(46)) - raft.server.snapshot.retention.file.num = 5 (custom)
2024-06-22 13:31:54,623 [fdf93896-5abf-403c-99a8-bb8ea43c9a14-groupManagement] INFO  server.RaftServerConfigKeys (ConfUtils.java:logGet(46)) - raft.server.log.purge.upto.snapshot.index = false (default)
2024-06-22 13:31:54,623 [b47eb027-4b7a-4ddc-bf7f-0870758e0604-groupManagement] INFO  server.RaftServerConfigKeys (ConfUtils.java:logGet(46)) - raft.server.sleep.deviation.threshold = 300ms (default)
2024-06-22 13:31:54,624 [b47eb027-4b7a-4ddc-bf7f-0870758e0604-groupManagement] INFO  server.RaftServer$Division (ServerState.java:<init>(113)) - b47eb027-4b7a-4ddc-bf7f-0870758e0604@group-756EC7FADB3C: ConfigurationManager, init=-1: peers:[b47eb027-4b7a-4ddc-bf7f-0870758e0604|127.0.0.1:15032]|listeners:[], old=null, confs=<EMPTY_MAP>
2024-06-22 13:31:54,624 [b47eb027-4b7a-4ddc-bf7f-0870758e0604-groupManagement] INFO  server.RaftServerConfigKeys (ConfUtils.java:logGet(46)) - raft.server.notification.no-leader.timeout = 300s (custom)
2024-06-22 13:31:54,624 [b47eb027-4b7a-4ddc-bf7f-0870758e0604-groupManagement] INFO  server.RaftServerConfigKeys (ConfUtils.java:logGet(46)) - raft.server.read.timeout = 10s (default)
2024-06-22 13:31:54,624 [b47eb027-4b7a-4ddc-bf7f-0870758e0604-groupManagement] INFO  server.RaftServerConfigKeys (ConfUtils.java:logGet(46)) - raft.server.retrycache.expirytime = 600000ms (custom)
2024-06-22 13:31:54,624 [b47eb027-4b7a-4ddc-bf7f-0870758e0604-groupManagement] INFO  server.RaftServerConfigKeys (ConfUtils.java:logGet(46)) - raft.server.retrycache.statistics.expirytime = 100ms (default)
2024-06-22 13:31:54,624 [b47eb027-4b7a-4ddc-bf7f-0870758e0604-groupManagement] INFO  server.RaftServerConfigKeys (ConfUtils.java:logGet(46)) - raft.server.read.option = DEFAULT (default)
2024-06-22 13:31:54,624 [b47eb027-4b7a-4ddc-bf7f-0870758e0604-groupManagement] INFO  server.RaftServerConfigKeys (ConfUtils.java:logGet(46)) - raft.server.read.read-after-write-consistent.write-index-cache.expiry-time = 60s (default)
2024-06-22 13:31:54,625 [fdf93896-5abf-403c-99a8-bb8ea43c9a14@group-B33C5E379CF8-FollowerState] INFO  server.RaftServerConfigKeys (ConfUtils.java:logFallback(53)) - raft.server.rpc.first-election.timeout.max = 5200ms (fallback to raft.server.rpc.timeout.max)
2024-06-22 13:31:54,633 [fdf93896-5abf-403c-99a8-bb8ea43c9a14-PipelineCommandHandlerThread-0] INFO  ratis.XceiverServerRatis (XceiverServerRatis.java:addGroup(864)) - Created group PipelineID=b956bdd5-41b8-45c8-8b94-b33c5e379cf8
2024-06-22 13:31:54,633 [b47eb027-4b7a-4ddc-bf7f-0870758e0604-groupManagement] INFO  server.RaftServerConfigKeys (ConfUtils.java:logGet(46)) - raft.server.rpc.request.timeout = 60s (custom)
2024-06-22 13:31:54,633 [b47eb027-4b7a-4ddc-bf7f-0870758e0604-groupManagement] INFO  server.RaftServerConfigKeys (ConfUtils.java:logGet(46)) - raft.server.log.appender.install.snapshot.enabled = false (custom)
2024-06-22 13:31:54,633 [b47eb027-4b7a-4ddc-bf7f-0870758e0604-groupManagement] INFO  server.RaftServerConfigKeys (ConfUtils.java:logGet(46)) - raft.server.threadpool.server.cached = true (default)
2024-06-22 13:31:54,633 [b47eb027-4b7a-4ddc-bf7f-0870758e0604-groupManagement] INFO  server.RaftServerConfigKeys (ConfUtils.java:logGet(46)) - raft.server.threadpool.server.size = 0 (default)
2024-06-22 13:31:54,633 [b47eb027-4b7a-4ddc-bf7f-0870758e0604-groupManagement] INFO  server.RaftServerConfigKeys (ConfUtils.java:logGet(46)) - raft.server.threadpool.client.cached = true (default)
2024-06-22 13:31:54,633 [b47eb027-4b7a-4ddc-bf7f-0870758e0604-groupManagement] INFO  server.RaftServerConfigKeys (ConfUtils.java:logGet(46)) - raft.server.threadpool.client.size = 0 (default)
2024-06-22 13:31:54,634 [b47eb027-4b7a-4ddc-bf7f-0870758e0604-groupManagement] INFO  server.RaftServerConfigKeys (ConfUtils.java:logGet(46)) - raft.server.storage.free-space.min = 0MB (=0) (default)
2024-06-22 13:31:54,634 [b47eb027-4b7a-4ddc-bf7f-0870758e0604-groupManagement] INFO  server.RaftServerConfigKeys (ConfUtils.java:logGet(46)) - raft.server.log.corruption.policy = EXCEPTION (default)
2024-06-22 13:31:54,634 [b47eb027-4b7a-4ddc-bf7f-0870758e0604-groupManagement] INFO  server.RaftServerConfigKeys (ConfUtils.java:logGet(46)) - raft.server.storage.dir = [/home/runner/work/ozone/ozone/hadoop-ozone/integration-test/target/test-dir/MiniOzoneClusterImpl-ed78929e-9b9e-4304-bdcd-e93070d12e9d/ozone-meta/datanode-3/ratis] (custom)
2024-06-22 13:31:54,635 [b47eb027-4b7a-4ddc-bf7f-0870758e0604-groupManagement] INFO  storage.RaftStorageDirectory (RaftStorageDirectoryImpl.java:analyzeStorage(138)) - The storage directory /home/runner/work/ozone/ozone/hadoop-ozone/integration-test/target/test-dir/MiniOzoneClusterImpl-ed78929e-9b9e-4304-bdcd-e93070d12e9d/ozone-meta/datanode-3/ratis/bf9e02a1-c300-42bd-959c-756ec7fadb3c does not exist. Creating ...
2024-06-22 13:31:54,636 [b47eb027-4b7a-4ddc-bf7f-0870758e0604-groupManagement] INFO  storage.RaftStorageDirectory (RaftStorageDirectoryImpl.java:tryLock(228)) - Lock on /home/runner/work/ozone/ozone/hadoop-ozone/integration-test/target/test-dir/MiniOzoneClusterImpl-ed78929e-9b9e-4304-bdcd-e93070d12e9d/ozone-meta/datanode-3/ratis/bf9e02a1-c300-42bd-959c-756ec7fadb3c/in_use.lock acquired by nodename 98639@fv-az882-123
2024-06-22 13:31:54,639 [b47eb027-4b7a-4ddc-bf7f-0870758e0604-groupManagement] INFO  storage.RaftStorage (RaftStorageImpl.java:format(99)) - Storage directory /home/runner/work/ozone/ozone/hadoop-ozone/integration-test/target/test-dir/MiniOzoneClusterImpl-ed78929e-9b9e-4304-bdcd-e93070d12e9d/ozone-meta/datanode-3/ratis/bf9e02a1-c300-42bd-959c-756ec7fadb3c has been successfully formatted.
2024-06-22 13:31:54,639 [b47eb027-4b7a-4ddc-bf7f-0870758e0604-groupManagement] WARN  util.FileUtils (LogUtils.java:supplyAndLog(63)) - Failed to Files.newInputStream /home/runner/work/ozone/ozone/hadoop-ozone/integration-test/target/test-dir/MiniOzoneClusterImpl-ed78929e-9b9e-4304-bdcd-e93070d12e9d/ozone-meta/datanode-3/ratis/bf9e02a1-c300-42bd-959c-756ec7fadb3c/current/raft-meta.conf with options []: java.nio.file.NoSuchFileException: /home/runner/work/ozone/ozone/hadoop-ozone/integration-test/target/test-dir/MiniOzoneClusterImpl-ed78929e-9b9e-4304-bdcd-e93070d12e9d/ozone-meta/datanode-3/ratis/bf9e02a1-c300-42bd-959c-756ec7fadb3c/current/raft-meta.conf
2024-06-22 13:31:54,640 [b47eb027-4b7a-4ddc-bf7f-0870758e0604-groupManagement] INFO  ratis.ContainerStateMachine (ContainerStateMachine.java:loadSnapshot(287)) - group-756EC7FADB3C: The snapshot info is null. Setting the last applied index to:(t:0, i:~)
2024-06-22 13:31:54,640 [b47eb027-4b7a-4ddc-bf7f-0870758e0604-groupManagement] INFO  server.RaftServerConfigKeys (ConfUtils.java:logGet(46)) - raft.server.log.use.memory = false (default)
2024-06-22 13:31:54,640 [b47eb027-4b7a-4ddc-bf7f-0870758e0604-groupManagement] INFO  server.RaftServerConfigKeys (ConfUtils.java:logGet(46)) - raft.server.log.purge.gap = 1000000 (custom)
2024-06-22 13:31:54,640 [b47eb027-4b7a-4ddc-bf7f-0870758e0604-groupManagement] INFO  server.RaftServerConfigKeys (ConfUtils.java:logGet(46)) - raft.server.log.appender.buffer.byte-limit = 8388608 (custom)
2024-06-22 13:31:54,640 [b47eb027-4b7a-4ddc-bf7f-0870758e0604-groupManagement] INFO  server.RaftServerConfigKeys (ConfUtils.java:logGet(46)) - raft.server.log.statemachine.data.read.timeout = 1000ms (default)
2024-06-22 13:31:54,640 [b47eb027-4b7a-4ddc-bf7f-0870758e0604-groupManagement] INFO  server.RaftServerConfigKeys (ConfUtils.java:logGet(46)) - raft.server.log.purge.preservation.log.num = 0 (default)
2024-06-22 13:31:54,643 [b47eb027-4b7a-4ddc-bf7f-0870758e0604-groupManagement] INFO  server.RaftServerConfigKeys (ConfUtils.java:logGet(46)) - raft.server.log.segment.size.max = 67108864 (custom)
2024-06-22 13:31:54,643 [b47eb027-4b7a-4ddc-bf7f-0870758e0604-groupManagement] INFO  server.RaftServerConfigKeys (ConfUtils.java:logGet(46)) - raft.server.log.segment.cache.num.max = 2 (custom)
2024-06-22 13:31:54,643 [b47eb027-4b7a-4ddc-bf7f-0870758e0604-groupManagement] INFO  server.RaftServerConfigKeys (ConfUtils.java:logGet(46)) - raft.server.log.segment.cache.size.max = 200MB (=209715200) (default)
2024-06-22 13:31:54,643 [b47eb027-4b7a-4ddc-bf7f-0870758e0604-groupManagement] INFO  server.RaftServerConfigKeys (ConfUtils.java:logGet(46)) - raft.server.log.appender.buffer.byte-limit = 8388608 (custom)
2024-06-22 13:31:54,643 [b47eb027-4b7a-4ddc-bf7f-0870758e0604-groupManagement] INFO  util.AwaitToRun (AwaitToRun.java:start(81)) - Thread[b47eb027-4b7a-4ddc-bf7f-0870758e0604@group-756EC7FADB3C-cacheEviction-AwaitToRun,5,main] started
2024-06-22 13:31:54,643 [b47eb027-4b7a-4ddc-bf7f-0870758e0604-groupManagement] INFO  segmented.SegmentedRaftLogWorker (SegmentedRaftLogWorker.java:<init>(182)) - new b47eb027-4b7a-4ddc-bf7f-0870758e0604@group-756EC7FADB3C-SegmentedRaftLogWorker for RaftStorageImpl:Storage Directory /home/runner/work/ozone/ozone/hadoop-ozone/integration-test/target/test-dir/MiniOzoneClusterImpl-ed78929e-9b9e-4304-bdcd-e93070d12e9d/ozone-meta/datanode-3/ratis/bf9e02a1-c300-42bd-959c-756ec7fadb3c
2024-06-22 13:31:54,643 [b47eb027-4b7a-4ddc-bf7f-0870758e0604-groupManagement] INFO  server.RaftServerConfigKeys (ConfUtils.java:logGet(46)) - raft.server.log.queue.byte-limit = 4294967296 (custom)
2024-06-22 13:31:54,644 [b47eb027-4b7a-4ddc-bf7f-0870758e0604-groupManagement] INFO  server.RaftServerConfigKeys (ConfUtils.java:logGet(46)) - raft.server.log.queue.element-limit = 1024 (custom)
2024-06-22 13:31:54,644 [b47eb027-4b7a-4ddc-bf7f-0870758e0604-groupManagement] INFO  server.RaftServerConfigKeys (ConfUtils.java:logGet(46)) - raft.server.log.segment.size.max = 67108864 (custom)
2024-06-22 13:31:54,644 [b47eb027-4b7a-4ddc-bf7f-0870758e0604-groupManagement] INFO  server.RaftServerConfigKeys (ConfUtils.java:logGet(46)) - raft.server.log.preallocated.size = 4194304 (custom)
2024-06-22 13:31:54,644 [b47eb027-4b7a-4ddc-bf7f-0870758e0604-groupManagement] INFO  server.RaftServerConfigKeys (ConfUtils.java:logGet(46)) - raft.server.log.force.sync.num = 128 (default)
2024-06-22 13:31:54,644 [b47eb027-4b7a-4ddc-bf7f-0870758e0604-groupManagement] INFO  server.RaftServerConfigKeys (ConfUtils.java:logGet(46)) - raft.server.log.statemachine.data.sync = true (default)
2024-06-22 13:31:54,644 [b47eb027-4b7a-4ddc-bf7f-0870758e0604-groupManagement] INFO  server.RaftServerConfigKeys (ConfUtils.java:logGet(46)) - raft.server.log.statemachine.data.sync.timeout = 10s (default)
2024-06-22 13:31:54,644 [b47eb027-4b7a-4ddc-bf7f-0870758e0604-groupManagement] INFO  server.RaftServerConfigKeys (ConfUtils.java:logGet(46)) - raft.server.log.statemachine.data.sync.timeout.retry = 30 (custom)
2024-06-22 13:31:54,644 [b47eb027-4b7a-4ddc-bf7f-0870758e0604-groupManagement] INFO  server.RaftServerConfigKeys (ConfUtils.java:logGet(46)) - raft.server.log.write.buffer.size = 8388616 (custom)
2024-06-22 13:31:54,644 [EventQueue-PipelineReportForPipelineReportHandler] INFO  pipeline.PipelineReportHandler (PipelineReportHandler.java:processPipelineReport(136)) - Opened pipeline PipelineID=bf9e02a1-c300-42bd-959c-756ec7fadb3c
2024-06-22 13:31:54,644 [EventQueue-OpenPipelineForHealthyPipelineSafeModeRule] INFO  safemode.SCMSafeModeManager (HealthyPipelineSafeModeRule.java:process(140)) - SCM in safe mode. Healthy pipelines reported count is 0, required healthy pipeline reported count is 1
2024-06-22 13:31:54,646 [b47eb027-4b7a-4ddc-bf7f-0870758e0604-groupManagement] INFO  server.RaftServerConfigKeys (ConfUtils.java:logGet(46)) - raft.server.log.appender.buffer.byte-limit = 8388608 (custom)
2024-06-22 13:31:54,646 [b47eb027-4b7a-4ddc-bf7f-0870758e0604-groupManagement] INFO  server.RaftServerConfigKeys (ConfUtils.java:logGet(46)) - raft.server.log.unsafe-flush.enabled = false (default)
2024-06-22 13:31:54,646 [b47eb027-4b7a-4ddc-bf7f-0870758e0604-groupManagement] INFO  server.RaftServerConfigKeys (ConfUtils.java:logGet(46)) - raft.server.log.async-flush.enabled = false (default)
2024-06-22 13:31:54,646 [b47eb027-4b7a-4ddc-bf7f-0870758e0604-groupManagement] INFO  server.RaftServerConfigKeys (ConfUtils.java:logGet(46)) - raft.server.log.statemachine.data.caching.enabled = true (custom)
2024-06-22 13:31:54,647 [b47eb027-4b7a-4ddc-bf7f-0870758e0604-groupManagement] INFO  segmented.SegmentedRaftLogWorker (SegmentedRaftLogWorker.java:lambda$new$0(134)) - b47eb027-4b7a-4ddc-bf7f-0870758e0604@group-756EC7FADB3C-SegmentedRaftLogWorker: flushIndex: setUnconditionally 0 -> -1
2024-06-22 13:31:54,647 [b47eb027-4b7a-4ddc-bf7f-0870758e0604-groupManagement] INFO  segmented.SegmentedRaftLogWorker (SegmentedRaftLogWorker.java:lambda$new$0(134)) - b47eb027-4b7a-4ddc-bf7f-0870758e0604@group-756EC7FADB3C-SegmentedRaftLogWorker: safeCacheEvictIndex: setUnconditionally 0 -> -1
2024-06-22 13:31:54,647 [b47eb027-4b7a-4ddc-bf7f-0870758e0604-groupManagement] INFO  server.RaftServer$Division (RaftServerImpl.java:start(396)) - b47eb027-4b7a-4ddc-bf7f-0870758e0604@group-756EC7FADB3C: start as a follower, conf=-1: peers:[b47eb027-4b7a-4ddc-bf7f-0870758e0604|127.0.0.1:15032]|listeners:[], old=null
2024-06-22 13:31:54,647 [b47eb027-4b7a-4ddc-bf7f-0870758e0604-groupManagement] INFO  server.RaftServer$Division (RaftServerImpl.java:setRole(383)) - b47eb027-4b7a-4ddc-bf7f-0870758e0604@group-756EC7FADB3C: changes role from      null to FOLLOWER at term 0 for startAsFollower
2024-06-22 13:31:54,647 [b47eb027-4b7a-4ddc-bf7f-0870758e0604-groupManagement] INFO  impl.RoleInfo (RoleInfo.java:updateAndGet(139)) - b47eb027-4b7a-4ddc-bf7f-0870758e0604: start b47eb027-4b7a-4ddc-bf7f-0870758e0604@group-756EC7FADB3C-FollowerState
2024-06-22 13:31:54,648 [b47eb027-4b7a-4ddc-bf7f-0870758e0604-groupManagement] INFO  util.JmxRegister (JmxRegister.java:tryRegister(44)) - Successfully registered JMX Bean with object name Ratis:service=RaftServer,group=group-756EC7FADB3C,id=b47eb027-4b7a-4ddc-bf7f-0870758e0604
2024-06-22 13:31:54,648 [b47eb027-4b7a-4ddc-bf7f-0870758e0604-groupManagement] INFO  server.RaftServerConfigKeys (ConfUtils.java:logGet(46)) - raft.server.snapshot.trigger-when-stop.enabled = true (default)
2024-06-22 13:31:54,648 [b47eb027-4b7a-4ddc-bf7f-0870758e0604-groupManagement] INFO  server.RaftServerConfigKeys (ConfUtils.java:logGet(46)) - raft.server.snapshot.auto.trigger.enabled = true (custom)
2024-06-22 13:31:54,648 [b47eb027-4b7a-4ddc-bf7f-0870758e0604-groupManagement] INFO  server.RaftServerConfigKeys (ConfUtils.java:logGet(46)) - raft.server.snapshot.auto.trigger.threshold = 10000 (custom)
2024-06-22 13:31:54,648 [b47eb027-4b7a-4ddc-bf7f-0870758e0604-groupManagement] INFO  server.RaftServerConfigKeys (ConfUtils.java:logGet(46)) - raft.server.snapshot.retention.file.num = 5 (custom)
2024-06-22 13:31:54,648 [b47eb027-4b7a-4ddc-bf7f-0870758e0604-groupManagement] INFO  server.RaftServerConfigKeys (ConfUtils.java:logGet(46)) - raft.server.log.purge.upto.snapshot.index = false (default)
2024-06-22 13:31:54,649 [b47eb027-4b7a-4ddc-bf7f-0870758e0604@group-756EC7FADB3C-FollowerState] INFO  server.RaftServerConfigKeys (ConfUtils.java:logFallback(53)) - raft.server.rpc.first-election.timeout.min = 5s (fallback to raft.server.rpc.timeout.min)
2024-06-22 13:31:54,649 [b47eb027-4b7a-4ddc-bf7f-0870758e0604@group-756EC7FADB3C-FollowerState] INFO  server.RaftServerConfigKeys (ConfUtils.java:logFallback(53)) - raft.server.rpc.first-election.timeout.max = 5200ms (fallback to raft.server.rpc.timeout.max)
2024-06-22 13:31:54,649 [b47eb027-4b7a-4ddc-bf7f-0870758e0604-PipelineCommandHandlerThread-0] INFO  ratis.XceiverServerRatis (XceiverServerRatis.java:addGroup(864)) - Created group PipelineID=bf9e02a1-c300-42bd-959c-756ec7fadb3c
2024-06-22 13:31:54,649 [b47eb027-4b7a-4ddc-bf7f-0870758e0604-PipelineCommandHandlerThread-0] INFO  commandhandler.CreatePipelineCommandHandler (CreatePipelineCommandHandler.java:lambda$handle$2(124)) - Created Pipeline RATIS ONE PipelineID=bf9e02a1-c300-42bd-959c-756ec7fadb3c.
2024-06-22 13:31:54,650 [b47eb027-4b7a-4ddc-bf7f-0870758e0604-PipelineCommandHandlerThread-0] INFO  server.RaftServer (RaftServerProxy.java:addNew(100)) - b47eb027-4b7a-4ddc-bf7f-0870758e0604: addNew group-B33C5E379CF8:[b47eb027-4b7a-4ddc-bf7f-0870758e0604|127.0.0.1:15032, fdf93896-5abf-403c-99a8-bb8ea43c9a14|127.0.0.1:15023, c511b233-3aa4-4954-9335-f5d54c64e497|127.0.0.1:15014] returns group-B33C5E379CF8:java.util.concurrent.CompletableFuture@16f0b5ea[Not completed]
2024-06-22 13:31:54,651 [b47eb027-4b7a-4ddc-bf7f-0870758e0604-groupManagement] INFO  server.RaftServer$Division (RaftServerImpl.java:<init>(256)) - b47eb027-4b7a-4ddc-bf7f-0870758e0604: new RaftServerImpl for group-B33C5E379CF8:[b47eb027-4b7a-4ddc-bf7f-0870758e0604|127.0.0.1:15032, fdf93896-5abf-403c-99a8-bb8ea43c9a14|127.0.0.1:15023, c511b233-3aa4-4954-9335-f5d54c64e497|127.0.0.1:15014] with ContainerStateMachine:uninitialized
2024-06-22 13:31:54,651 [b47eb027-4b7a-4ddc-bf7f-0870758e0604-groupManagement] INFO  server.RaftServerConfigKeys (ConfUtils.java:logGet(46)) - raft.server.rpc.timeout.min = 5s (custom)
2024-06-22 13:31:54,651 [b47eb027-4b7a-4ddc-bf7f-0870758e0604-groupManagement] INFO  server.RaftServerConfigKeys (ConfUtils.java:logGet(46)) - raft.server.rpc.timeout.max = 5200ms (custom)
2024-06-22 13:31:54,651 [b47eb027-4b7a-4ddc-bf7f-0870758e0604-groupManagement] INFO  server.RaftServerConfigKeys (ConfUtils.java:logGet(46)) - raft.server.rpc.sleep.time = 25ms (default)
2024-06-22 13:31:54,651 [b47eb027-4b7a-4ddc-bf7f-0870758e0604-groupManagement] INFO  server.RaftServerConfigKeys (ConfUtils.java:logGet(46)) - raft.server.rpc.slowness.timeout = 300s (custom)
2024-06-22 13:31:54,651 [b47eb027-4b7a-4ddc-bf7f-0870758e0604-groupManagement] INFO  server.RaftServerConfigKeys (ConfUtils.java:logGet(46)) - raft.server.leaderelection.leader.step-down.wait-time = 10s (default)
2024-06-22 13:31:54,651 [b47eb027-4b7a-4ddc-bf7f-0870758e0604-groupManagement] INFO  server.RaftServerConfigKeys (ConfUtils.java:logGet(46)) - raft.server.leaderelection.member.majority-add = false (default)
2024-06-22 13:31:54,651 [b47eb027-4b7a-4ddc-bf7f-0870758e0604-groupManagement] INFO  server.RaftServerConfigKeys (ConfUtils.java:logGet(46)) - raft.server.sleep.deviation.threshold = 300ms (default)
2024-06-22 13:31:54,651 [b47eb027-4b7a-4ddc-bf7f-0870758e0604-groupManagement] INFO  server.RaftServer$Division (ServerState.java:<init>(113)) - b47eb027-4b7a-4ddc-bf7f-0870758e0604@group-B33C5E379CF8: ConfigurationManager, init=-1: peers:[b47eb027-4b7a-4ddc-bf7f-0870758e0604|127.0.0.1:15032, fdf93896-5abf-403c-99a8-bb8ea43c9a14|127.0.0.1:15023, c511b233-3aa4-4954-9335-f5d54c64e497|127.0.0.1:15014]|listeners:[], old=null, confs=<EMPTY_MAP>
2024-06-22 13:31:54,652 [b47eb027-4b7a-4ddc-bf7f-0870758e0604-groupManagement] INFO  server.RaftServerConfigKeys (ConfUtils.java:logGet(46)) - raft.server.notification.no-leader.timeout = 300s (custom)
2024-06-22 13:31:54,652 [b47eb027-4b7a-4ddc-bf7f-0870758e0604-groupManagement] INFO  server.RaftServerConfigKeys (ConfUtils.java:logGet(46)) - raft.server.read.timeout = 10s (default)
2024-06-22 13:31:54,652 [b47eb027-4b7a-4ddc-bf7f-0870758e0604-groupManagement] INFO  server.RaftServerConfigKeys (ConfUtils.java:logGet(46)) - raft.server.retrycache.expirytime = 600000ms (custom)
2024-06-22 13:31:54,652 [b47eb027-4b7a-4ddc-bf7f-0870758e0604-groupManagement] INFO  server.RaftServerConfigKeys (ConfUtils.java:logGet(46)) - raft.server.retrycache.statistics.expirytime = 100ms (default)
2024-06-22 13:31:54,652 [b47eb027-4b7a-4ddc-bf7f-0870758e0604-groupManagement] INFO  server.RaftServerConfigKeys (ConfUtils.java:logGet(46)) - raft.server.read.option = DEFAULT (default)
2024-06-22 13:31:54,652 [b47eb027-4b7a-4ddc-bf7f-0870758e0604-groupManagement] INFO  server.RaftServerConfigKeys (ConfUtils.java:logGet(46)) - raft.server.read.read-after-write-consistent.write-index-cache.expiry-time = 60s (default)
2024-06-22 13:31:54,656 [b47eb027-4b7a-4ddc-bf7f-0870758e0604-groupManagement] INFO  server.RaftServerConfigKeys (ConfUtils.java:logGet(46)) - raft.server.rpc.request.timeout = 60s (custom)
2024-06-22 13:31:54,656 [b47eb027-4b7a-4ddc-bf7f-0870758e0604-groupManagement] INFO  server.RaftServerConfigKeys (ConfUtils.java:logGet(46)) - raft.server.log.appender.install.snapshot.enabled = false (custom)
2024-06-22 13:31:54,656 [b47eb027-4b7a-4ddc-bf7f-0870758e0604-groupManagement] INFO  server.RaftServerConfigKeys (ConfUtils.java:logGet(46)) - raft.server.threadpool.server.cached = true (default)
2024-06-22 13:31:54,656 [b47eb027-4b7a-4ddc-bf7f-0870758e0604-groupManagement] INFO  server.RaftServerConfigKeys (ConfUtils.java:logGet(46)) - raft.server.threadpool.server.size = 0 (default)
2024-06-22 13:31:54,656 [b47eb027-4b7a-4ddc-bf7f-0870758e0604-groupManagement] INFO  server.RaftServerConfigKeys (ConfUtils.java:logGet(46)) - raft.server.threadpool.client.cached = true (default)
2024-06-22 13:31:54,656 [b47eb027-4b7a-4ddc-bf7f-0870758e0604-groupManagement] INFO  server.RaftServerConfigKeys (ConfUtils.java:logGet(46)) - raft.server.threadpool.client.size = 0 (default)
2024-06-22 13:31:54,656 [b47eb027-4b7a-4ddc-bf7f-0870758e0604-groupManagement] INFO  server.RaftServerConfigKeys (ConfUtils.java:logGet(46)) - raft.server.storage.free-space.min = 0MB (=0) (default)
2024-06-22 13:31:54,656 [b47eb027-4b7a-4ddc-bf7f-0870758e0604-groupManagement] INFO  server.RaftServerConfigKeys (ConfUtils.java:logGet(46)) - raft.server.log.corruption.policy = EXCEPTION (default)
2024-06-22 13:31:54,656 [b47eb027-4b7a-4ddc-bf7f-0870758e0604-groupManagement] INFO  server.RaftServerConfigKeys (ConfUtils.java:logGet(46)) - raft.server.storage.dir = [/home/runner/work/ozone/ozone/hadoop-ozone/integration-test/target/test-dir/MiniOzoneClusterImpl-ed78929e-9b9e-4304-bdcd-e93070d12e9d/ozone-meta/datanode-3/ratis] (custom)
2024-06-22 13:31:54,656 [b47eb027-4b7a-4ddc-bf7f-0870758e0604-groupManagement] INFO  storage.RaftStorageDirectory (RaftStorageDirectoryImpl.java:analyzeStorage(138)) - The storage directory /home/runner/work/ozone/ozone/hadoop-ozone/integration-test/target/test-dir/MiniOzoneClusterImpl-ed78929e-9b9e-4304-bdcd-e93070d12e9d/ozone-meta/datanode-3/ratis/b956bdd5-41b8-45c8-8b94-b33c5e379cf8 does not exist. Creating ...
2024-06-22 13:31:54,657 [b47eb027-4b7a-4ddc-bf7f-0870758e0604-groupManagement] INFO  storage.RaftStorageDirectory (RaftStorageDirectoryImpl.java:tryLock(228)) - Lock on /home/runner/work/ozone/ozone/hadoop-ozone/integration-test/target/test-dir/MiniOzoneClusterImpl-ed78929e-9b9e-4304-bdcd-e93070d12e9d/ozone-meta/datanode-3/ratis/b956bdd5-41b8-45c8-8b94-b33c5e379cf8/in_use.lock acquired by nodename 98639@fv-az882-123
2024-06-22 13:31:54,658 [b47eb027-4b7a-4ddc-bf7f-0870758e0604-groupManagement] INFO  storage.RaftStorage (RaftStorageImpl.java:format(99)) - Storage directory /home/runner/work/ozone/ozone/hadoop-ozone/integration-test/target/test-dir/MiniOzoneClusterImpl-ed78929e-9b9e-4304-bdcd-e93070d12e9d/ozone-meta/datanode-3/ratis/b956bdd5-41b8-45c8-8b94-b33c5e379cf8 has been successfully formatted.
2024-06-22 13:31:54,659 [b47eb027-4b7a-4ddc-bf7f-0870758e0604-groupManagement] WARN  util.FileUtils (LogUtils.java:supplyAndLog(63)) - Failed to Files.newInputStream /home/runner/work/ozone/ozone/hadoop-ozone/integration-test/target/test-dir/MiniOzoneClusterImpl-ed78929e-9b9e-4304-bdcd-e93070d12e9d/ozone-meta/datanode-3/ratis/b956bdd5-41b8-45c8-8b94-b33c5e379cf8/current/raft-meta.conf with options []: java.nio.file.NoSuchFileException: /home/runner/work/ozone/ozone/hadoop-ozone/integration-test/target/test-dir/MiniOzoneClusterImpl-ed78929e-9b9e-4304-bdcd-e93070d12e9d/ozone-meta/datanode-3/ratis/b956bdd5-41b8-45c8-8b94-b33c5e379cf8/current/raft-meta.conf
2024-06-22 13:31:54,659 [b47eb027-4b7a-4ddc-bf7f-0870758e0604-groupManagement] INFO  ratis.ContainerStateMachine (ContainerStateMachine.java:loadSnapshot(287)) - group-B33C5E379CF8: The snapshot info is null. Setting the last applied index to:(t:0, i:~)
2024-06-22 13:31:54,659 [b47eb027-4b7a-4ddc-bf7f-0870758e0604-groupManagement] INFO  server.RaftServerConfigKeys (ConfUtils.java:logGet(46)) - raft.server.log.use.memory = false (default)
2024-06-22 13:31:54,659 [b47eb027-4b7a-4ddc-bf7f-0870758e0604-groupManagement] INFO  server.RaftServerConfigKeys (ConfUtils.java:logGet(46)) - raft.server.log.purge.gap = 1000000 (custom)
2024-06-22 13:31:54,659 [b47eb027-4b7a-4ddc-bf7f-0870758e0604-groupManagement] INFO  server.RaftServerConfigKeys (ConfUtils.java:logGet(46)) - raft.server.log.appender.buffer.byte-limit = 8388608 (custom)
2024-06-22 13:31:54,659 [b47eb027-4b7a-4ddc-bf7f-0870758e0604-groupManagement] INFO  server.RaftServerConfigKeys (ConfUtils.java:logGet(46)) - raft.server.log.statemachine.data.read.timeout = 1000ms (default)
2024-06-22 13:31:54,659 [b47eb027-4b7a-4ddc-bf7f-0870758e0604-groupManagement] INFO  server.RaftServerConfigKeys (ConfUtils.java:logGet(46)) - raft.server.log.purge.preservation.log.num = 0 (default)
2024-06-22 13:31:54,661 [EventQueue-OpenPipelineForHealthyPipelineSafeModeRule] INFO  safemode.SCMSafeModeManager (HealthyPipelineSafeModeRule.java:process(140)) - SCM in safe mode. Healthy pipelines reported count is 0, required healthy pipeline reported count is 1
2024-06-22 13:31:54,662 [b47eb027-4b7a-4ddc-bf7f-0870758e0604-groupManagement] INFO  server.RaftServerConfigKeys (ConfUtils.java:logGet(46)) - raft.server.log.segment.size.max = 67108864 (custom)
2024-06-22 13:31:54,663 [b47eb027-4b7a-4ddc-bf7f-0870758e0604-groupManagement] INFO  server.RaftServerConfigKeys (ConfUtils.java:logGet(46)) - raft.server.log.segment.cache.num.max = 2 (custom)
2024-06-22 13:31:54,663 [b47eb027-4b7a-4ddc-bf7f-0870758e0604-groupManagement] INFO  server.RaftServerConfigKeys (ConfUtils.java:logGet(46)) - raft.server.log.segment.cache.size.max = 200MB (=209715200) (default)
2024-06-22 13:31:54,663 [b47eb027-4b7a-4ddc-bf7f-0870758e0604-groupManagement] INFO  server.RaftServerConfigKeys (ConfUtils.java:logGet(46)) - raft.server.log.appender.buffer.byte-limit = 8388608 (custom)
2024-06-22 13:31:54,666 [b47eb027-4b7a-4ddc-bf7f-0870758e0604-groupManagement] INFO  util.AwaitToRun (AwaitToRun.java:start(81)) - Thread[b47eb027-4b7a-4ddc-bf7f-0870758e0604@group-B33C5E379CF8-cacheEviction-AwaitToRun,5,main] started
2024-06-22 13:31:54,666 [b47eb027-4b7a-4ddc-bf7f-0870758e0604-groupManagement] INFO  segmented.SegmentedRaftLogWorker (SegmentedRaftLogWorker.java:<init>(182)) - new b47eb027-4b7a-4ddc-bf7f-0870758e0604@group-B33C5E379CF8-SegmentedRaftLogWorker for RaftStorageImpl:Storage Directory /home/runner/work/ozone/ozone/hadoop-ozone/integration-test/target/test-dir/MiniOzoneClusterImpl-ed78929e-9b9e-4304-bdcd-e93070d12e9d/ozone-meta/datanode-3/ratis/b956bdd5-41b8-45c8-8b94-b33c5e379cf8
2024-06-22 13:31:54,666 [b47eb027-4b7a-4ddc-bf7f-0870758e0604-groupManagement] INFO  server.RaftServerConfigKeys (ConfUtils.java:logGet(46)) - raft.server.log.queue.byte-limit = 4294967296 (custom)
2024-06-22 13:31:54,667 [b47eb027-4b7a-4ddc-bf7f-0870758e0604-groupManagement] INFO  server.RaftServerConfigKeys (ConfUtils.java:logGet(46)) - raft.server.log.queue.element-limit = 1024 (custom)
2024-06-22 13:31:54,667 [b47eb027-4b7a-4ddc-bf7f-0870758e0604-groupManagement] INFO  server.RaftServerConfigKeys (ConfUtils.java:logGet(46)) - raft.server.log.segment.size.max = 67108864 (custom)
2024-06-22 13:31:54,667 [b47eb027-4b7a-4ddc-bf7f-0870758e0604-groupManagement] INFO  server.RaftServerConfigKeys (ConfUtils.java:logGet(46)) - raft.server.log.preallocated.size = 4194304 (custom)
2024-06-22 13:31:54,668 [b47eb027-4b7a-4ddc-bf7f-0870758e0604-groupManagement] INFO  server.RaftServerConfigKeys (ConfUtils.java:logGet(46)) - raft.server.log.force.sync.num = 128 (default)
2024-06-22 13:31:54,668 [b47eb027-4b7a-4ddc-bf7f-0870758e0604-groupManagement] INFO  server.RaftServerConfigKeys (ConfUtils.java:logGet(46)) - raft.server.log.statemachine.data.sync = true (default)
2024-06-22 13:31:54,668 [b47eb027-4b7a-4ddc-bf7f-0870758e0604-groupManagement] INFO  server.RaftServerConfigKeys (ConfUtils.java:logGet(46)) - raft.server.log.statemachine.data.sync.timeout = 10s (default)
2024-06-22 13:31:54,669 [b47eb027-4b7a-4ddc-bf7f-0870758e0604-groupManagement] INFO  server.RaftServerConfigKeys (ConfUtils.java:logGet(46)) - raft.server.log.statemachine.data.sync.timeout.retry = 30 (custom)
2024-06-22 13:31:54,669 [b47eb027-4b7a-4ddc-bf7f-0870758e0604-groupManagement] INFO  server.RaftServerConfigKeys (ConfUtils.java:logGet(46)) - raft.server.log.write.buffer.size = 8388616 (custom)
2024-06-22 13:31:54,671 [b47eb027-4b7a-4ddc-bf7f-0870758e0604-groupManagement] INFO  server.RaftServerConfigKeys (ConfUtils.java:logGet(46)) - raft.server.log.appender.buffer.byte-limit = 8388608 (custom)
2024-06-22 13:31:54,671 [b47eb027-4b7a-4ddc-bf7f-0870758e0604-groupManagement] INFO  server.RaftServerConfigKeys (ConfUtils.java:logGet(46)) - raft.server.log.unsafe-flush.enabled = false (default)
2024-06-22 13:31:54,671 [b47eb027-4b7a-4ddc-bf7f-0870758e0604-groupManagement] INFO  server.RaftServerConfigKeys (ConfUtils.java:logGet(46)) - raft.server.log.async-flush.enabled = false (default)
2024-06-22 13:31:54,671 [b47eb027-4b7a-4ddc-bf7f-0870758e0604-groupManagement] INFO  server.RaftServerConfigKeys (ConfUtils.java:logGet(46)) - raft.server.log.statemachine.data.caching.enabled = true (custom)
2024-06-22 13:31:54,671 [b47eb027-4b7a-4ddc-bf7f-0870758e0604-groupManagement] INFO  segmented.SegmentedRaftLogWorker (SegmentedRaftLogWorker.java:lambda$new$0(134)) - b47eb027-4b7a-4ddc-bf7f-0870758e0604@group-B33C5E379CF8-SegmentedRaftLogWorker: flushIndex: setUnconditionally 0 -> -1
2024-06-22 13:31:54,671 [b47eb027-4b7a-4ddc-bf7f-0870758e0604-groupManagement] INFO  segmented.SegmentedRaftLogWorker (SegmentedRaftLogWorker.java:lambda$new$0(134)) - b47eb027-4b7a-4ddc-bf7f-0870758e0604@group-B33C5E379CF8-SegmentedRaftLogWorker: safeCacheEvictIndex: setUnconditionally 0 -> -1
2024-06-22 13:31:54,676 [b47eb027-4b7a-4ddc-bf7f-0870758e0604-groupManagement] INFO  server.RaftServer$Division (RaftServerImpl.java:start(396)) - b47eb027-4b7a-4ddc-bf7f-0870758e0604@group-B33C5E379CF8: start as a follower, conf=-1: peers:[b47eb027-4b7a-4ddc-bf7f-0870758e0604|127.0.0.1:15032, fdf93896-5abf-403c-99a8-bb8ea43c9a14|127.0.0.1:15023, c511b233-3aa4-4954-9335-f5d54c64e497|127.0.0.1:15014]|listeners:[], old=null
2024-06-22 13:31:54,676 [b47eb027-4b7a-4ddc-bf7f-0870758e0604-groupManagement] INFO  server.RaftServer$Division (RaftServerImpl.java:setRole(383)) - b47eb027-4b7a-4ddc-bf7f-0870758e0604@group-B33C5E379CF8: changes role from      null to FOLLOWER at term 0 for startAsFollower
2024-06-22 13:31:54,676 [b47eb027-4b7a-4ddc-bf7f-0870758e0604-groupManagement] INFO  impl.RoleInfo (RoleInfo.java:updateAndGet(139)) - b47eb027-4b7a-4ddc-bf7f-0870758e0604: start b47eb027-4b7a-4ddc-bf7f-0870758e0604@group-B33C5E379CF8-FollowerState
2024-06-22 13:31:54,680 [b47eb027-4b7a-4ddc-bf7f-0870758e0604-groupManagement] INFO  util.JmxRegister (JmxRegister.java:tryRegister(44)) - Successfully registered JMX Bean with object name Ratis:service=RaftServer,group=group-B33C5E379CF8,id=b47eb027-4b7a-4ddc-bf7f-0870758e0604
2024-06-22 13:31:54,680 [b47eb027-4b7a-4ddc-bf7f-0870758e0604-groupManagement] INFO  server.RaftServerConfigKeys (ConfUtils.java:logGet(46)) - raft.server.snapshot.trigger-when-stop.enabled = true (default)
2024-06-22 13:31:54,680 [b47eb027-4b7a-4ddc-bf7f-0870758e0604-groupManagement] INFO  server.RaftServerConfigKeys (ConfUtils.java:logGet(46)) - raft.server.snapshot.auto.trigger.enabled = true (custom)
2024-06-22 13:31:54,680 [b47eb027-4b7a-4ddc-bf7f-0870758e0604-groupManagement] INFO  server.RaftServerConfigKeys (ConfUtils.java:logGet(46)) - raft.server.snapshot.auto.trigger.threshold = 10000 (custom)
2024-06-22 13:31:54,680 [b47eb027-4b7a-4ddc-bf7f-0870758e0604-groupManagement] INFO  server.RaftServerConfigKeys (ConfUtils.java:logGet(46)) - raft.server.snapshot.retention.file.num = 5 (custom)
2024-06-22 13:31:54,680 [b47eb027-4b7a-4ddc-bf7f-0870758e0604-groupManagement] INFO  server.RaftServerConfigKeys (ConfUtils.java:logGet(46)) - raft.server.log.purge.upto.snapshot.index = false (default)
2024-06-22 13:31:54,682 [b47eb027-4b7a-4ddc-bf7f-0870758e0604@group-B33C5E379CF8-FollowerState] INFO  server.RaftServerConfigKeys (ConfUtils.java:logFallback(53)) - raft.server.rpc.first-election.timeout.min = 5s (fallback to raft.server.rpc.timeout.min)
2024-06-22 13:31:54,682 [b47eb027-4b7a-4ddc-bf7f-0870758e0604@group-B33C5E379CF8-FollowerState] INFO  server.RaftServerConfigKeys (ConfUtils.java:logFallback(53)) - raft.server.rpc.first-election.timeout.max = 5200ms (fallback to raft.server.rpc.timeout.max)
2024-06-22 13:31:54,683 [b47eb027-4b7a-4ddc-bf7f-0870758e0604-PipelineCommandHandlerThread-0] INFO  ratis.XceiverServerRatis (XceiverServerRatis.java:addGroup(864)) - Created group PipelineID=b956bdd5-41b8-45c8-8b94-b33c5e379cf8
2024-06-22 13:31:54,721 [6d6fe673-47e6-46c0-a6fc-601f54cde379-PipelineCommandHandlerThread-0] INFO  server.RaftServer (RaftServerProxy.java:addNew(100)) - 6d6fe673-47e6-46c0-a6fc-601f54cde379: addNew group-41EB72E6D1FF:[6d6fe673-47e6-46c0-a6fc-601f54cde379|127.0.0.1:15041] returns group-41EB72E6D1FF:java.util.concurrent.CompletableFuture@46e736ef[Not completed]
2024-06-22 13:31:54,723 [6d6fe673-47e6-46c0-a6fc-601f54cde379-groupManagement] INFO  server.RaftServer$Division (RaftServerImpl.java:<init>(256)) - 6d6fe673-47e6-46c0-a6fc-601f54cde379: new RaftServerImpl for group-41EB72E6D1FF:[6d6fe673-47e6-46c0-a6fc-601f54cde379|127.0.0.1:15041] with ContainerStateMachine:uninitialized
2024-06-22 13:31:54,724 [6d6fe673-47e6-46c0-a6fc-601f54cde379-groupManagement] INFO  server.RaftServerConfigKeys (ConfUtils.java:logGet(46)) - raft.server.rpc.timeout.min = 5s (custom)
2024-06-22 13:31:54,724 [6d6fe673-47e6-46c0-a6fc-601f54cde379-groupManagement] INFO  server.RaftServerConfigKeys (ConfUtils.java:logGet(46)) - raft.server.rpc.timeout.max = 5200ms (custom)
2024-06-22 13:31:54,724 [6d6fe673-47e6-46c0-a6fc-601f54cde379-groupManagement] INFO  server.RaftServerConfigKeys (ConfUtils.java:logGet(46)) - raft.server.rpc.sleep.time = 25ms (default)
2024-06-22 13:31:54,724 [6d6fe673-47e6-46c0-a6fc-601f54cde379-groupManagement] INFO  server.RaftServerConfigKeys (ConfUtils.java:logGet(46)) - raft.server.rpc.slowness.timeout = 300s (custom)
2024-06-22 13:31:54,724 [6d6fe673-47e6-46c0-a6fc-601f54cde379-groupManagement] INFO  server.RaftServerConfigKeys (ConfUtils.java:logGet(46)) - raft.server.leaderelection.leader.step-down.wait-time = 10s (default)
2024-06-22 13:31:54,724 [6d6fe673-47e6-46c0-a6fc-601f54cde379-groupManagement] INFO  server.RaftServerConfigKeys (ConfUtils.java:logGet(46)) - raft.server.leaderelection.member.majority-add = false (default)
2024-06-22 13:31:54,724 [6d6fe673-47e6-46c0-a6fc-601f54cde379-groupManagement] INFO  server.RaftServerConfigKeys (ConfUtils.java:logGet(46)) - raft.server.sleep.deviation.threshold = 300ms (default)
2024-06-22 13:31:54,724 [6d6fe673-47e6-46c0-a6fc-601f54cde379-groupManagement] INFO  server.RaftServer$Division (ServerState.java:<init>(113)) - 6d6fe673-47e6-46c0-a6fc-601f54cde379@group-41EB72E6D1FF: ConfigurationManager, init=-1: peers:[6d6fe673-47e6-46c0-a6fc-601f54cde379|127.0.0.1:15041]|listeners:[], old=null, confs=<EMPTY_MAP>
2024-06-22 13:31:54,724 [6d6fe673-47e6-46c0-a6fc-601f54cde379-groupManagement] INFO  server.RaftServerConfigKeys (ConfUtils.java:logGet(46)) - raft.server.notification.no-leader.timeout = 300s (custom)
2024-06-22 13:31:54,725 [6d6fe673-47e6-46c0-a6fc-601f54cde379-groupManagement] INFO  server.RaftServerConfigKeys (ConfUtils.java:logGet(46)) - raft.server.read.timeout = 10s (default)
2024-06-22 13:31:54,725 [6d6fe673-47e6-46c0-a6fc-601f54cde379-groupManagement] INFO  server.RaftServerConfigKeys (ConfUtils.java:logGet(46)) - raft.server.retrycache.expirytime = 600000ms (custom)
2024-06-22 13:31:54,725 [6d6fe673-47e6-46c0-a6fc-601f54cde379-groupManagement] INFO  server.RaftServerConfigKeys (ConfUtils.java:logGet(46)) - raft.server.retrycache.statistics.expirytime = 100ms (default)
2024-06-22 13:31:54,725 [6d6fe673-47e6-46c0-a6fc-601f54cde379-groupManagement] INFO  server.RaftServerConfigKeys (ConfUtils.java:logGet(46)) - raft.server.read.option = DEFAULT (default)
2024-06-22 13:31:54,725 [6d6fe673-47e6-46c0-a6fc-601f54cde379-groupManagement] INFO  server.RaftServerConfigKeys (ConfUtils.java:logGet(46)) - raft.server.read.read-after-write-consistent.write-index-cache.expiry-time = 60s (default)
2024-06-22 13:31:54,730 [6d6fe673-47e6-46c0-a6fc-601f54cde379-groupManagement] INFO  server.RaftServerConfigKeys (ConfUtils.java:logGet(46)) - raft.server.rpc.request.timeout = 60s (custom)
2024-06-22 13:31:54,730 [6d6fe673-47e6-46c0-a6fc-601f54cde379-groupManagement] INFO  server.RaftServerConfigKeys (ConfUtils.java:logGet(46)) - raft.server.log.appender.install.snapshot.enabled = false (custom)
2024-06-22 13:31:54,730 [6d6fe673-47e6-46c0-a6fc-601f54cde379-groupManagement] INFO  server.RaftServerConfigKeys (ConfUtils.java:logGet(46)) - raft.server.threadpool.server.cached = true (default)
2024-06-22 13:31:54,730 [6d6fe673-47e6-46c0-a6fc-601f54cde379-groupManagement] INFO  server.RaftServerConfigKeys (ConfUtils.java:logGet(46)) - raft.server.threadpool.server.size = 0 (default)
2024-06-22 13:31:54,730 [6d6fe673-47e6-46c0-a6fc-601f54cde379-groupManagement] INFO  server.RaftServerConfigKeys (ConfUtils.java:logGet(46)) - raft.server.threadpool.client.cached = true (default)
2024-06-22 13:31:54,730 [6d6fe673-47e6-46c0-a6fc-601f54cde379-groupManagement] INFO  server.RaftServerConfigKeys (ConfUtils.java:logGet(46)) - raft.server.threadpool.client.size = 0 (default)
2024-06-22 13:31:54,730 [6d6fe673-47e6-46c0-a6fc-601f54cde379-groupManagement] INFO  server.RaftServerConfigKeys (ConfUtils.java:logGet(46)) - raft.server.storage.free-space.min = 0MB (=0) (default)
2024-06-22 13:31:54,731 [6d6fe673-47e6-46c0-a6fc-601f54cde379-groupManagement] INFO  server.RaftServerConfigKeys (ConfUtils.java:logGet(46)) - raft.server.log.corruption.policy = EXCEPTION (default)
2024-06-22 13:31:54,731 [6d6fe673-47e6-46c0-a6fc-601f54cde379-groupManagement] INFO  server.RaftServerConfigKeys (ConfUtils.java:logGet(46)) - raft.server.storage.dir = [/home/runner/work/ozone/ozone/hadoop-ozone/integration-test/target/test-dir/MiniOzoneClusterImpl-ed78929e-9b9e-4304-bdcd-e93070d12e9d/ozone-meta/datanode-4/ratis] (custom)
2024-06-22 13:31:54,731 [6d6fe673-47e6-46c0-a6fc-601f54cde379-groupManagement] INFO  storage.RaftStorageDirectory (RaftStorageDirectoryImpl.java:analyzeStorage(138)) - The storage directory /home/runner/work/ozone/ozone/hadoop-ozone/integration-test/target/test-dir/MiniOzoneClusterImpl-ed78929e-9b9e-4304-bdcd-e93070d12e9d/ozone-meta/datanode-4/ratis/4e9e35b0-d8e6-42c3-8c75-41eb72e6d1ff does not exist. Creating ...
2024-06-22 13:31:54,732 [6d6fe673-47e6-46c0-a6fc-601f54cde379-groupManagement] INFO  storage.RaftStorageDirectory (RaftStorageDirectoryImpl.java:tryLock(228)) - Lock on /home/runner/work/ozone/ozone/hadoop-ozone/integration-test/target/test-dir/MiniOzoneClusterImpl-ed78929e-9b9e-4304-bdcd-e93070d12e9d/ozone-meta/datanode-4/ratis/4e9e35b0-d8e6-42c3-8c75-41eb72e6d1ff/in_use.lock acquired by nodename 98639@fv-az882-123
2024-06-22 13:31:54,734 [6d6fe673-47e6-46c0-a6fc-601f54cde379-groupManagement] INFO  storage.RaftStorage (RaftStorageImpl.java:format(99)) - Storage directory /home/runner/work/ozone/ozone/hadoop-ozone/integration-test/target/test-dir/MiniOzoneClusterImpl-ed78929e-9b9e-4304-bdcd-e93070d12e9d/ozone-meta/datanode-4/ratis/4e9e35b0-d8e6-42c3-8c75-41eb72e6d1ff has been successfully formatted.
2024-06-22 13:31:54,734 [6d6fe673-47e6-46c0-a6fc-601f54cde379-groupManagement] WARN  util.FileUtils (LogUtils.java:supplyAndLog(63)) - Failed to Files.newInputStream /home/runner/work/ozone/ozone/hadoop-ozone/integration-test/target/test-dir/MiniOzoneClusterImpl-ed78929e-9b9e-4304-bdcd-e93070d12e9d/ozone-meta/datanode-4/ratis/4e9e35b0-d8e6-42c3-8c75-41eb72e6d1ff/current/raft-meta.conf with options []: java.nio.file.NoSuchFileException: /home/runner/work/ozone/ozone/hadoop-ozone/integration-test/target/test-dir/MiniOzoneClusterImpl-ed78929e-9b9e-4304-bdcd-e93070d12e9d/ozone-meta/datanode-4/ratis/4e9e35b0-d8e6-42c3-8c75-41eb72e6d1ff/current/raft-meta.conf
2024-06-22 13:31:54,735 [6d6fe673-47e6-46c0-a6fc-601f54cde379-groupManagement] INFO  ratis.ContainerStateMachine (ContainerStateMachine.java:loadSnapshot(287)) - group-41EB72E6D1FF: The snapshot info is null. Setting the last applied index to:(t:0, i:~)
2024-06-22 13:31:54,735 [6d6fe673-47e6-46c0-a6fc-601f54cde379-groupManagement] INFO  server.RaftServerConfigKeys (ConfUtils.java:logGet(46)) - raft.server.log.use.memory = false (default)
2024-06-22 13:31:54,736 [6d6fe673-47e6-46c0-a6fc-601f54cde379-groupManagement] INFO  server.RaftServerConfigKeys (ConfUtils.java:logGet(46)) - raft.server.log.purge.gap = 1000000 (custom)
2024-06-22 13:31:54,738 [EventQueue-PipelineReportForPipelineReportHandler] INFO  pipeline.PipelineReportHandler (PipelineReportHandler.java:processPipelineReport(136)) - Opened pipeline PipelineID=4e9e35b0-d8e6-42c3-8c75-41eb72e6d1ff
2024-06-22 13:31:54,738 [EventQueue-OpenPipelineForHealthyPipelineSafeModeRule] INFO  safemode.SCMSafeModeManager (HealthyPipelineSafeModeRule.java:process(140)) - SCM in safe mode. Healthy pipelines reported count is 0, required healthy pipeline reported count is 1
2024-06-22 13:31:54,738 [6d6fe673-47e6-46c0-a6fc-601f54cde379-groupManagement] INFO  server.RaftServerConfigKeys (ConfUtils.java:logGet(46)) - raft.server.log.appender.buffer.byte-limit = 8388608 (custom)
2024-06-22 13:31:54,739 [6d6fe673-47e6-46c0-a6fc-601f54cde379-groupManagement] INFO  server.RaftServerConfigKeys (ConfUtils.java:logGet(46)) - raft.server.log.statemachine.data.read.timeout = 1000ms (default)
2024-06-22 13:31:54,739 [6d6fe673-47e6-46c0-a6fc-601f54cde379-groupManagement] INFO  server.RaftServerConfigKeys (ConfUtils.java:logGet(46)) - raft.server.log.purge.preservation.log.num = 0 (default)
2024-06-22 13:31:54,742 [6d6fe673-47e6-46c0-a6fc-601f54cde379-groupManagement] INFO  server.RaftServerConfigKeys (ConfUtils.java:logGet(46)) - raft.server.log.segment.size.max = 67108864 (custom)
2024-06-22 13:31:54,742 [6d6fe673-47e6-46c0-a6fc-601f54cde379-groupManagement] INFO  server.RaftServerConfigKeys (ConfUtils.java:logGet(46)) - raft.server.log.segment.cache.num.max = 2 (custom)
2024-06-22 13:31:54,743 [6d6fe673-47e6-46c0-a6fc-601f54cde379-groupManagement] INFO  server.RaftServerConfigKeys (ConfUtils.java:logGet(46)) - raft.server.log.segment.cache.size.max = 200MB (=209715200) (default)
2024-06-22 13:31:54,743 [6d6fe673-47e6-46c0-a6fc-601f54cde379-groupManagement] INFO  server.RaftServerConfigKeys (ConfUtils.java:logGet(46)) - raft.server.log.appender.buffer.byte-limit = 8388608 (custom)
2024-06-22 13:31:54,744 [6d6fe673-47e6-46c0-a6fc-601f54cde379-groupManagement] INFO  util.AwaitToRun (AwaitToRun.java:start(81)) - Thread[6d6fe673-47e6-46c0-a6fc-601f54cde379@group-41EB72E6D1FF-cacheEviction-AwaitToRun,5,main] started
2024-06-22 13:31:54,744 [6d6fe673-47e6-46c0-a6fc-601f54cde379-groupManagement] INFO  segmented.SegmentedRaftLogWorker (SegmentedRaftLogWorker.java:<init>(182)) - new 6d6fe673-47e6-46c0-a6fc-601f54cde379@group-41EB72E6D1FF-SegmentedRaftLogWorker for RaftStorageImpl:Storage Directory /home/runner/work/ozone/ozone/hadoop-ozone/integration-test/target/test-dir/MiniOzoneClusterImpl-ed78929e-9b9e-4304-bdcd-e93070d12e9d/ozone-meta/datanode-4/ratis/4e9e35b0-d8e6-42c3-8c75-41eb72e6d1ff
2024-06-22 13:31:54,744 [6d6fe673-47e6-46c0-a6fc-601f54cde379-groupManagement] INFO  server.RaftServerConfigKeys (ConfUtils.java:logGet(46)) - raft.server.log.queue.byte-limit = 4294967296 (custom)
2024-06-22 13:31:54,744 [6d6fe673-47e6-46c0-a6fc-601f54cde379-groupManagement] INFO  server.RaftServerConfigKeys (ConfUtils.java:logGet(46)) - raft.server.log.queue.element-limit = 1024 (custom)
2024-06-22 13:31:54,744 [6d6fe673-47e6-46c0-a6fc-601f54cde379-groupManagement] INFO  server.RaftServerConfigKeys (ConfUtils.java:logGet(46)) - raft.server.log.segment.size.max = 67108864 (custom)
2024-06-22 13:31:54,744 [6d6fe673-47e6-46c0-a6fc-601f54cde379-groupManagement] INFO  server.RaftServerConfigKeys (ConfUtils.java:logGet(46)) - raft.server.log.preallocated.size = 4194304 (custom)
2024-06-22 13:31:54,744 [6d6fe673-47e6-46c0-a6fc-601f54cde379-groupManagement] INFO  server.RaftServerConfigKeys (ConfUtils.java:logGet(46)) - raft.server.log.force.sync.num = 128 (default)
2024-06-22 13:31:54,744 [6d6fe673-47e6-46c0-a6fc-601f54cde379-groupManagement] INFO  server.RaftServerConfigKeys (ConfUtils.java:logGet(46)) - raft.server.log.statemachine.data.sync = true (default)
2024-06-22 13:31:54,744 [6d6fe673-47e6-46c0-a6fc-601f54cde379-groupManagement] INFO  server.RaftServerConfigKeys (ConfUtils.java:logGet(46)) - raft.server.log.statemachine.data.sync.timeout = 10s (default)
2024-06-22 13:31:54,744 [6d6fe673-47e6-46c0-a6fc-601f54cde379-groupManagement] INFO  server.RaftServerConfigKeys (ConfUtils.java:logGet(46)) - raft.server.log.statemachine.data.sync.timeout.retry = 30 (custom)
2024-06-22 13:31:54,744 [6d6fe673-47e6-46c0-a6fc-601f54cde379-groupManagement] INFO  server.RaftServerConfigKeys (ConfUtils.java:logGet(46)) - raft.server.log.write.buffer.size = 8388616 (custom)
2024-06-22 13:31:54,746 [6d6fe673-47e6-46c0-a6fc-601f54cde379-groupManagement] INFO  server.RaftServerConfigKeys (ConfUtils.java:logGet(46)) - raft.server.log.appender.buffer.byte-limit = 8388608 (custom)
2024-06-22 13:31:54,746 [6d6fe673-47e6-46c0-a6fc-601f54cde379-groupManagement] INFO  server.RaftServerConfigKeys (ConfUtils.java:logGet(46)) - raft.server.log.unsafe-flush.enabled = false (default)
2024-06-22 13:31:54,746 [6d6fe673-47e6-46c0-a6fc-601f54cde379-groupManagement] INFO  server.RaftServerConfigKeys (ConfUtils.java:logGet(46)) - raft.server.log.async-flush.enabled = false (default)
2024-06-22 13:31:54,746 [6d6fe673-47e6-46c0-a6fc-601f54cde379-groupManagement] INFO  server.RaftServerConfigKeys (ConfUtils.java:logGet(46)) - raft.server.log.statemachine.data.caching.enabled = true (custom)
2024-06-22 13:31:54,747 [6d6fe673-47e6-46c0-a6fc-601f54cde379-groupManagement] INFO  segmented.SegmentedRaftLogWorker (SegmentedRaftLogWorker.java:lambda$new$0(134)) - 6d6fe673-47e6-46c0-a6fc-601f54cde379@group-41EB72E6D1FF-SegmentedRaftLogWorker: flushIndex: setUnconditionally 0 -> -1
2024-06-22 13:31:54,747 [6d6fe673-47e6-46c0-a6fc-601f54cde379-groupManagement] INFO  segmented.SegmentedRaftLogWorker (SegmentedRaftLogWorker.java:lambda$new$0(134)) - 6d6fe673-47e6-46c0-a6fc-601f54cde379@group-41EB72E6D1FF-SegmentedRaftLogWorker: safeCacheEvictIndex: setUnconditionally 0 -> -1
2024-06-22 13:31:54,751 [6d6fe673-47e6-46c0-a6fc-601f54cde379-groupManagement] INFO  server.RaftServer$Division (RaftServerImpl.java:start(396)) - 6d6fe673-47e6-46c0-a6fc-601f54cde379@group-41EB72E6D1FF: start as a follower, conf=-1: peers:[6d6fe673-47e6-46c0-a6fc-601f54cde379|127.0.0.1:15041]|listeners:[], old=null
2024-06-22 13:31:54,752 [6d6fe673-47e6-46c0-a6fc-601f54cde379-groupManagement] INFO  server.RaftServer$Division (RaftServerImpl.java:setRole(383)) - 6d6fe673-47e6-46c0-a6fc-601f54cde379@group-41EB72E6D1FF: changes role from      null to FOLLOWER at term 0 for startAsFollower
2024-06-22 13:31:54,752 [6d6fe673-47e6-46c0-a6fc-601f54cde379-groupManagement] INFO  impl.RoleInfo (RoleInfo.java:updateAndGet(139)) - 6d6fe673-47e6-46c0-a6fc-601f54cde379: start 6d6fe673-47e6-46c0-a6fc-601f54cde379@group-41EB72E6D1FF-FollowerState
2024-06-22 13:31:54,752 [6d6fe673-47e6-46c0-a6fc-601f54cde379-groupManagement] INFO  util.JmxRegister (JmxRegister.java:tryRegister(44)) - Successfully registered JMX Bean with object name Ratis:service=RaftServer,group=group-41EB72E6D1FF,id=6d6fe673-47e6-46c0-a6fc-601f54cde379
2024-06-22 13:31:54,752 [6d6fe673-47e6-46c0-a6fc-601f54cde379-groupManagement] INFO  server.RaftServerConfigKeys (ConfUtils.java:logGet(46)) - raft.server.snapshot.trigger-when-stop.enabled = true (default)
2024-06-22 13:31:54,752 [6d6fe673-47e6-46c0-a6fc-601f54cde379-groupManagement] INFO  server.RaftServerConfigKeys (ConfUtils.java:logGet(46)) - raft.server.snapshot.auto.trigger.enabled = true (custom)
2024-06-22 13:31:54,752 [6d6fe673-47e6-46c0-a6fc-601f54cde379-groupManagement] INFO  server.RaftServerConfigKeys (ConfUtils.java:logGet(46)) - raft.server.snapshot.auto.trigger.threshold = 10000 (custom)
2024-06-22 13:31:54,752 [6d6fe673-47e6-46c0-a6fc-601f54cde379-groupManagement] INFO  server.RaftServerConfigKeys (ConfUtils.java:logGet(46)) - raft.server.snapshot.retention.file.num = 5 (custom)
2024-06-22 13:31:54,752 [6d6fe673-47e6-46c0-a6fc-601f54cde379-groupManagement] INFO  server.RaftServerConfigKeys (ConfUtils.java:logGet(46)) - raft.server.log.purge.upto.snapshot.index = false (default)
2024-06-22 13:31:54,754 [6d6fe673-47e6-46c0-a6fc-601f54cde379@group-41EB72E6D1FF-FollowerState] INFO  server.RaftServerConfigKeys (ConfUtils.java:logFallback(53)) - raft.server.rpc.first-election.timeout.min = 5s (fallback to raft.server.rpc.timeout.min)
2024-06-22 13:31:54,754 [6d6fe673-47e6-46c0-a6fc-601f54cde379@group-41EB72E6D1FF-FollowerState] INFO  server.RaftServerConfigKeys (ConfUtils.java:logFallback(53)) - raft.server.rpc.first-election.timeout.max = 5200ms (fallback to raft.server.rpc.timeout.max)
2024-06-22 13:31:54,756 [6d6fe673-47e6-46c0-a6fc-601f54cde379-PipelineCommandHandlerThread-0] INFO  ratis.XceiverServerRatis (XceiverServerRatis.java:addGroup(864)) - Created group PipelineID=4e9e35b0-d8e6-42c3-8c75-41eb72e6d1ff
2024-06-22 13:31:54,756 [6d6fe673-47e6-46c0-a6fc-601f54cde379-PipelineCommandHandlerThread-0] INFO  commandhandler.CreatePipelineCommandHandler (CreatePipelineCommandHandler.java:lambda$handle$2(124)) - Created Pipeline RATIS ONE PipelineID=4e9e35b0-d8e6-42c3-8c75-41eb72e6d1ff.
2024-06-22 13:31:54,774 [ReplicationMonitor] INFO  replication.ReplicationManager (ReplicationManager.java:processAll(373)) - Replication Manager is not ready to run until 3000ms after safemode exit
2024-06-22 13:31:54,838 [99deb4a4-176b-49c7-aa7a-c34027b979ad-PipelineCommandHandlerThread-0] INFO  server.RaftServer (RaftServerProxy.java:addNew(100)) - 99deb4a4-176b-49c7-aa7a-c34027b979ad: addNew group-2518F42A7CAD:[99deb4a4-176b-49c7-aa7a-c34027b979ad|127.0.0.1:15050] returns group-2518F42A7CAD:java.util.concurrent.CompletableFuture@5ac93aec[Not completed]
2024-06-22 13:31:54,839 [99deb4a4-176b-49c7-aa7a-c34027b979ad-groupManagement] INFO  server.RaftServer$Division (RaftServerImpl.java:<init>(256)) - 99deb4a4-176b-49c7-aa7a-c34027b979ad: new RaftServerImpl for group-2518F42A7CAD:[99deb4a4-176b-49c7-aa7a-c34027b979ad|127.0.0.1:15050] with ContainerStateMachine:uninitialized
2024-06-22 13:31:54,839 [99deb4a4-176b-49c7-aa7a-c34027b979ad-groupManagement] INFO  server.RaftServerConfigKeys (ConfUtils.java:logGet(46)) - raft.server.rpc.timeout.min = 5s (custom)
2024-06-22 13:31:54,839 [99deb4a4-176b-49c7-aa7a-c34027b979ad-groupManagement] INFO  server.RaftServerConfigKeys (ConfUtils.java:logGet(46)) - raft.server.rpc.timeout.max = 5200ms (custom)
2024-06-22 13:31:54,839 [99deb4a4-176b-49c7-aa7a-c34027b979ad-groupManagement] INFO  server.RaftServerConfigKeys (ConfUtils.java:logGet(46)) - raft.server.rpc.sleep.time = 25ms (default)
2024-06-22 13:31:54,840 [99deb4a4-176b-49c7-aa7a-c34027b979ad-groupManagement] INFO  server.RaftServerConfigKeys (ConfUtils.java:logGet(46)) - raft.server.rpc.slowness.timeout = 300s (custom)
2024-06-22 13:31:54,840 [99deb4a4-176b-49c7-aa7a-c34027b979ad-groupManagement] INFO  server.RaftServerConfigKeys (ConfUtils.java:logGet(46)) - raft.server.leaderelection.leader.step-down.wait-time = 10s (default)
2024-06-22 13:31:54,840 [99deb4a4-176b-49c7-aa7a-c34027b979ad-groupManagement] INFO  server.RaftServerConfigKeys (ConfUtils.java:logGet(46)) - raft.server.leaderelection.member.majority-add = false (default)
2024-06-22 13:31:54,840 [99deb4a4-176b-49c7-aa7a-c34027b979ad-groupManagement] INFO  server.RaftServerConfigKeys (ConfUtils.java:logGet(46)) - raft.server.sleep.deviation.threshold = 300ms (default)
2024-06-22 13:31:54,840 [99deb4a4-176b-49c7-aa7a-c34027b979ad-groupManagement] INFO  server.RaftServer$Division (ServerState.java:<init>(113)) - 99deb4a4-176b-49c7-aa7a-c34027b979ad@group-2518F42A7CAD: ConfigurationManager, init=-1: peers:[99deb4a4-176b-49c7-aa7a-c34027b979ad|127.0.0.1:15050]|listeners:[], old=null, confs=<EMPTY_MAP>
2024-06-22 13:31:54,840 [99deb4a4-176b-49c7-aa7a-c34027b979ad-groupManagement] INFO  server.RaftServerConfigKeys (ConfUtils.java:logGet(46)) - raft.server.notification.no-leader.timeout = 300s (custom)
2024-06-22 13:31:54,840 [99deb4a4-176b-49c7-aa7a-c34027b979ad-groupManagement] INFO  server.RaftServerConfigKeys (ConfUtils.java:logGet(46)) - raft.server.read.timeout = 10s (default)
2024-06-22 13:31:54,840 [99deb4a4-176b-49c7-aa7a-c34027b979ad-groupManagement] INFO  server.RaftServerConfigKeys (ConfUtils.java:logGet(46)) - raft.server.retrycache.expirytime = 600000ms (custom)
2024-06-22 13:31:54,840 [99deb4a4-176b-49c7-aa7a-c34027b979ad-groupManagement] INFO  server.RaftServerConfigKeys (ConfUtils.java:logGet(46)) - raft.server.retrycache.statistics.expirytime = 100ms (default)
2024-06-22 13:31:54,840 [99deb4a4-176b-49c7-aa7a-c34027b979ad-groupManagement] INFO  server.RaftServerConfigKeys (ConfUtils.java:logGet(46)) - raft.server.read.option = DEFAULT (default)
2024-06-22 13:31:54,840 [99deb4a4-176b-49c7-aa7a-c34027b979ad-groupManagement] INFO  server.RaftServerConfigKeys (ConfUtils.java:logGet(46)) - raft.server.read.read-after-write-consistent.write-index-cache.expiry-time = 60s (default)
2024-06-22 13:31:54,841 [main] INFO  ozone.MiniOzoneClusterImpl (MiniOzoneClusterImpl.java:lambda$waitForClusterToBeReady$0(194)) - Nodes are ready. Got 5 of 5 DN Heartbeats.
2024-06-22 13:31:54,841 [main] INFO  ozone.MiniOzoneClusterImpl (MiniOzoneClusterImpl.java:lambda$waitForClusterToBeReady$0(197)) - Waiting for cluster to exit safe mode
2024-06-22 13:31:54,841 [main] INFO  ozone.MiniOzoneClusterImpl (MiniOzoneClusterImpl.java:lambda$waitForClusterToBeReady$0(199)) - SCM became leader
2024-06-22 13:31:54,845 [99deb4a4-176b-49c7-aa7a-c34027b979ad-groupManagement] INFO  server.RaftServerConfigKeys (ConfUtils.java:logGet(46)) - raft.server.rpc.request.timeout = 60s (custom)
2024-06-22 13:31:54,845 [99deb4a4-176b-49c7-aa7a-c34027b979ad-groupManagement] INFO  server.RaftServerConfigKeys (ConfUtils.java:logGet(46)) - raft.server.log.appender.install.snapshot.enabled = false (custom)
2024-06-22 13:31:54,845 [99deb4a4-176b-49c7-aa7a-c34027b979ad-groupManagement] INFO  server.RaftServerConfigKeys (ConfUtils.java:logGet(46)) - raft.server.threadpool.server.cached = true (default)
2024-06-22 13:31:54,845 [99deb4a4-176b-49c7-aa7a-c34027b979ad-groupManagement] INFO  server.RaftServerConfigKeys (ConfUtils.java:logGet(46)) - raft.server.threadpool.server.size = 0 (default)
2024-06-22 13:31:54,845 [99deb4a4-176b-49c7-aa7a-c34027b979ad-groupManagement] INFO  server.RaftServerConfigKeys (ConfUtils.java:logGet(46)) - raft.server.threadpool.client.cached = true (default)
2024-06-22 13:31:54,845 [99deb4a4-176b-49c7-aa7a-c34027b979ad-groupManagement] INFO  server.RaftServerConfigKeys (ConfUtils.java:logGet(46)) - raft.server.threadpool.client.size = 0 (default)
2024-06-22 13:31:54,845 [99deb4a4-176b-49c7-aa7a-c34027b979ad-groupManagement] INFO  server.RaftServerConfigKeys (ConfUtils.java:logGet(46)) - raft.server.storage.free-space.min = 0MB (=0) (default)
2024-06-22 13:31:54,845 [99deb4a4-176b-49c7-aa7a-c34027b979ad-groupManagement] INFO  server.RaftServerConfigKeys (ConfUtils.java:logGet(46)) - raft.server.log.corruption.policy = EXCEPTION (default)
2024-06-22 13:31:54,845 [99deb4a4-176b-49c7-aa7a-c34027b979ad-groupManagement] INFO  server.RaftServerConfigKeys (ConfUtils.java:logGet(46)) - raft.server.storage.dir = [/home/runner/work/ozone/ozone/hadoop-ozone/integration-test/target/test-dir/MiniOzoneClusterImpl-ed78929e-9b9e-4304-bdcd-e93070d12e9d/ozone-meta/datanode-5/ratis] (custom)
2024-06-22 13:31:54,845 [99deb4a4-176b-49c7-aa7a-c34027b979ad-groupManagement] INFO  storage.RaftStorageDirectory (RaftStorageDirectoryImpl.java:analyzeStorage(138)) - The storage directory /home/runner/work/ozone/ozone/hadoop-ozone/integration-test/target/test-dir/MiniOzoneClusterImpl-ed78929e-9b9e-4304-bdcd-e93070d12e9d/ozone-meta/datanode-5/ratis/94f1b2cc-08ef-42ba-8ddc-2518f42a7cad does not exist. Creating ...
2024-06-22 13:31:54,846 [99deb4a4-176b-49c7-aa7a-c34027b979ad-groupManagement] INFO  storage.RaftStorageDirectory (RaftStorageDirectoryImpl.java:tryLock(228)) - Lock on /home/runner/work/ozone/ozone/hadoop-ozone/integration-test/target/test-dir/MiniOzoneClusterImpl-ed78929e-9b9e-4304-bdcd-e93070d12e9d/ozone-meta/datanode-5/ratis/94f1b2cc-08ef-42ba-8ddc-2518f42a7cad/in_use.lock acquired by nodename 98639@fv-az882-123
2024-06-22 13:31:54,847 [99deb4a4-176b-49c7-aa7a-c34027b979ad-groupManagement] INFO  storage.RaftStorage (RaftStorageImpl.java:format(99)) - Storage directory /home/runner/work/ozone/ozone/hadoop-ozone/integration-test/target/test-dir/MiniOzoneClusterImpl-ed78929e-9b9e-4304-bdcd-e93070d12e9d/ozone-meta/datanode-5/ratis/94f1b2cc-08ef-42ba-8ddc-2518f42a7cad has been successfully formatted.
2024-06-22 13:31:54,847 [99deb4a4-176b-49c7-aa7a-c34027b979ad-groupManagement] WARN  util.FileUtils (LogUtils.java:supplyAndLog(63)) - Failed to Files.newInputStream /home/runner/work/ozone/ozone/hadoop-ozone/integration-test/target/test-dir/MiniOzoneClusterImpl-ed78929e-9b9e-4304-bdcd-e93070d12e9d/ozone-meta/datanode-5/ratis/94f1b2cc-08ef-42ba-8ddc-2518f42a7cad/current/raft-meta.conf with options []: java.nio.file.NoSuchFileException: /home/runner/work/ozone/ozone/hadoop-ozone/integration-test/target/test-dir/MiniOzoneClusterImpl-ed78929e-9b9e-4304-bdcd-e93070d12e9d/ozone-meta/datanode-5/ratis/94f1b2cc-08ef-42ba-8ddc-2518f42a7cad/current/raft-meta.conf
2024-06-22 13:31:54,848 [99deb4a4-176b-49c7-aa7a-c34027b979ad-groupManagement] INFO  ratis.ContainerStateMachine (ContainerStateMachine.java:loadSnapshot(287)) - group-2518F42A7CAD: The snapshot info is null. Setting the last applied index to:(t:0, i:~)
2024-06-22 13:31:54,848 [99deb4a4-176b-49c7-aa7a-c34027b979ad-groupManagement] INFO  server.RaftServerConfigKeys (ConfUtils.java:logGet(46)) - raft.server.log.use.memory = false (default)
2024-06-22 13:31:54,848 [99deb4a4-176b-49c7-aa7a-c34027b979ad-groupManagement] INFO  server.RaftServerConfigKeys (ConfUtils.java:logGet(46)) - raft.server.log.purge.gap = 1000000 (custom)
2024-06-22 13:31:54,848 [99deb4a4-176b-49c7-aa7a-c34027b979ad-groupManagement] INFO  server.RaftServerConfigKeys (ConfUtils.java:logGet(46)) - raft.server.log.appender.buffer.byte-limit = 8388608 (custom)
2024-06-22 13:31:54,848 [99deb4a4-176b-49c7-aa7a-c34027b979ad-groupManagement] INFO  server.RaftServerConfigKeys (ConfUtils.java:logGet(46)) - raft.server.log.statemachine.data.read.timeout = 1000ms (default)
2024-06-22 13:31:54,848 [99deb4a4-176b-49c7-aa7a-c34027b979ad-groupManagement] INFO  server.RaftServerConfigKeys (ConfUtils.java:logGet(46)) - raft.server.log.purge.preservation.log.num = 0 (default)
2024-06-22 13:31:54,850 [EventQueue-PipelineReportForPipelineReportHandler] INFO  pipeline.PipelineReportHandler (PipelineReportHandler.java:processPipelineReport(136)) - Opened pipeline PipelineID=94f1b2cc-08ef-42ba-8ddc-2518f42a7cad
2024-06-22 13:31:54,850 [EventQueue-OpenPipelineForHealthyPipelineSafeModeRule] INFO  safemode.SCMSafeModeManager (HealthyPipelineSafeModeRule.java:process(140)) - SCM in safe mode. Healthy pipelines reported count is 0, required healthy pipeline reported count is 1
2024-06-22 13:31:54,850 [99deb4a4-176b-49c7-aa7a-c34027b979ad-groupManagement] INFO  server.RaftServerConfigKeys (ConfUtils.java:logGet(46)) - raft.server.log.segment.size.max = 67108864 (custom)
2024-06-22 13:31:54,851 [99deb4a4-176b-49c7-aa7a-c34027b979ad-groupManagement] INFO  server.RaftServerConfigKeys (ConfUtils.java:logGet(46)) - raft.server.log.segment.cache.num.max = 2 (custom)
2024-06-22 13:31:54,851 [99deb4a4-176b-49c7-aa7a-c34027b979ad-groupManagement] INFO  server.RaftServerConfigKeys (ConfUtils.java:logGet(46)) - raft.server.log.segment.cache.size.max = 200MB (=209715200) (default)
2024-06-22 13:31:54,851 [99deb4a4-176b-49c7-aa7a-c34027b979ad-groupManagement] INFO  server.RaftServerConfigKeys (ConfUtils.java:logGet(46)) - raft.server.log.appender.buffer.byte-limit = 8388608 (custom)
2024-06-22 13:31:54,851 [99deb4a4-176b-49c7-aa7a-c34027b979ad-groupManagement] INFO  util.AwaitToRun (AwaitToRun.java:start(81)) - Thread[99deb4a4-176b-49c7-aa7a-c34027b979ad@group-2518F42A7CAD-cacheEviction-AwaitToRun,5,main] started
2024-06-22 13:31:54,851 [99deb4a4-176b-49c7-aa7a-c34027b979ad-groupManagement] INFO  segmented.SegmentedRaftLogWorker (SegmentedRaftLogWorker.java:<init>(182)) - new 99deb4a4-176b-49c7-aa7a-c34027b979ad@group-2518F42A7CAD-SegmentedRaftLogWorker for RaftStorageImpl:Storage Directory /home/runner/work/ozone/ozone/hadoop-ozone/integration-test/target/test-dir/MiniOzoneClusterImpl-ed78929e-9b9e-4304-bdcd-e93070d12e9d/ozone-meta/datanode-5/ratis/94f1b2cc-08ef-42ba-8ddc-2518f42a7cad
2024-06-22 13:31:54,851 [99deb4a4-176b-49c7-aa7a-c34027b979ad-groupManagement] INFO  server.RaftServerConfigKeys (ConfUtils.java:logGet(46)) - raft.server.log.queue.byte-limit = 4294967296 (custom)
2024-06-22 13:31:54,851 [99deb4a4-176b-49c7-aa7a-c34027b979ad-groupManagement] INFO  server.RaftServerConfigKeys (ConfUtils.java:logGet(46)) - raft.server.log.queue.element-limit = 1024 (custom)
2024-06-22 13:31:54,851 [99deb4a4-176b-49c7-aa7a-c34027b979ad-groupManagement] INFO  server.RaftServerConfigKeys (ConfUtils.java:logGet(46)) - raft.server.log.segment.size.max = 67108864 (custom)
2024-06-22 13:31:54,851 [99deb4a4-176b-49c7-aa7a-c34027b979ad-groupManagement] INFO  server.RaftServerConfigKeys (ConfUtils.java:logGet(46)) - raft.server.log.preallocated.size = 4194304 (custom)
2024-06-22 13:31:54,852 [99deb4a4-176b-49c7-aa7a-c34027b979ad-groupManagement] INFO  server.RaftServerConfigKeys (ConfUtils.java:logGet(46)) - raft.server.log.force.sync.num = 128 (default)
2024-06-22 13:31:54,852 [99deb4a4-176b-49c7-aa7a-c34027b979ad-groupManagement] INFO  server.RaftServerConfigKeys (ConfUtils.java:logGet(46)) - raft.server.log.statemachine.data.sync = true (default)
2024-06-22 13:31:54,852 [99deb4a4-176b-49c7-aa7a-c34027b979ad-groupManagement] INFO  server.RaftServerConfigKeys (ConfUtils.java:logGet(46)) - raft.server.log.statemachine.data.sync.timeout = 10s (default)
2024-06-22 13:31:54,852 [99deb4a4-176b-49c7-aa7a-c34027b979ad-groupManagement] INFO  server.RaftServerConfigKeys (ConfUtils.java:logGet(46)) - raft.server.log.statemachine.data.sync.timeout.retry = 30 (custom)
2024-06-22 13:31:54,852 [99deb4a4-176b-49c7-aa7a-c34027b979ad-groupManagement] INFO  server.RaftServerConfigKeys (ConfUtils.java:logGet(46)) - raft.server.log.write.buffer.size = 8388616 (custom)
2024-06-22 13:31:54,854 [99deb4a4-176b-49c7-aa7a-c34027b979ad-groupManagement] INFO  server.RaftServerConfigKeys (ConfUtils.java:logGet(46)) - raft.server.log.appender.buffer.byte-limit = 8388608 (custom)
2024-06-22 13:31:54,854 [99deb4a4-176b-49c7-aa7a-c34027b979ad-groupManagement] INFO  server.RaftServerConfigKeys (ConfUtils.java:logGet(46)) - raft.server.log.unsafe-flush.enabled = false (default)
2024-06-22 13:31:54,854 [99deb4a4-176b-49c7-aa7a-c34027b979ad-groupManagement] INFO  server.RaftServerConfigKeys (ConfUtils.java:logGet(46)) - raft.server.log.async-flush.enabled = false (default)
2024-06-22 13:31:54,854 [99deb4a4-176b-49c7-aa7a-c34027b979ad-groupManagement] INFO  server.RaftServerConfigKeys (ConfUtils.java:logGet(46)) - raft.server.log.statemachine.data.caching.enabled = true (custom)
2024-06-22 13:31:54,854 [99deb4a4-176b-49c7-aa7a-c34027b979ad-groupManagement] INFO  segmented.SegmentedRaftLogWorker (SegmentedRaftLogWorker.java:lambda$new$0(134)) - 99deb4a4-176b-49c7-aa7a-c34027b979ad@group-2518F42A7CAD-SegmentedRaftLogWorker: flushIndex: setUnconditionally 0 -> -1
2024-06-22 13:31:54,854 [99deb4a4-176b-49c7-aa7a-c34027b979ad-groupManagement] INFO  segmented.SegmentedRaftLogWorker (SegmentedRaftLogWorker.java:lambda$new$0(134)) - 99deb4a4-176b-49c7-aa7a-c34027b979ad@group-2518F42A7CAD-SegmentedRaftLogWorker: safeCacheEvictIndex: setUnconditionally 0 -> -1
2024-06-22 13:31:54,855 [99deb4a4-176b-49c7-aa7a-c34027b979ad-groupManagement] INFO  server.RaftServer$Division (RaftServerImpl.java:start(396)) - 99deb4a4-176b-49c7-aa7a-c34027b979ad@group-2518F42A7CAD: start as a follower, conf=-1: peers:[99deb4a4-176b-49c7-aa7a-c34027b979ad|127.0.0.1:15050]|listeners:[], old=null
2024-06-22 13:31:54,855 [99deb4a4-176b-49c7-aa7a-c34027b979ad-groupManagement] INFO  server.RaftServer$Division (RaftServerImpl.java:setRole(383)) - 99deb4a4-176b-49c7-aa7a-c34027b979ad@group-2518F42A7CAD: changes role from      null to FOLLOWER at term 0 for startAsFollower
2024-06-22 13:31:54,855 [99deb4a4-176b-49c7-aa7a-c34027b979ad-groupManagement] INFO  impl.RoleInfo (RoleInfo.java:updateAndGet(139)) - 99deb4a4-176b-49c7-aa7a-c34027b979ad: start 99deb4a4-176b-49c7-aa7a-c34027b979ad@group-2518F42A7CAD-FollowerState
2024-06-22 13:31:54,873 [99deb4a4-176b-49c7-aa7a-c34027b979ad@group-2518F42A7CAD-FollowerState] INFO  server.RaftServerConfigKeys (ConfUtils.java:logFallback(53)) - raft.server.rpc.first-election.timeout.min = 5s (fallback to raft.server.rpc.timeout.min)
2024-06-22 13:31:54,873 [99deb4a4-176b-49c7-aa7a-c34027b979ad-groupManagement] INFO  util.JmxRegister (JmxRegister.java:tryRegister(44)) - Successfully registered JMX Bean with object name Ratis:service=RaftServer,group=group-2518F42A7CAD,id=99deb4a4-176b-49c7-aa7a-c34027b979ad
2024-06-22 13:31:54,874 [99deb4a4-176b-49c7-aa7a-c34027b979ad-groupManagement] INFO  server.RaftServerConfigKeys (ConfUtils.java:logGet(46)) - raft.server.snapshot.trigger-when-stop.enabled = true (default)
2024-06-22 13:31:54,874 [99deb4a4-176b-49c7-aa7a-c34027b979ad-groupManagement] INFO  server.RaftServerConfigKeys (ConfUtils.java:logGet(46)) - raft.server.snapshot.auto.trigger.enabled = true (custom)
2024-06-22 13:31:54,874 [99deb4a4-176b-49c7-aa7a-c34027b979ad-groupManagement] INFO  server.RaftServerConfigKeys (ConfUtils.java:logGet(46)) - raft.server.snapshot.auto.trigger.threshold = 10000 (custom)
2024-06-22 13:31:54,874 [99deb4a4-176b-49c7-aa7a-c34027b979ad-groupManagement] INFO  server.RaftServerConfigKeys (ConfUtils.java:logGet(46)) - raft.server.snapshot.retention.file.num = 5 (custom)
2024-06-22 13:31:54,874 [99deb4a4-176b-49c7-aa7a-c34027b979ad-groupManagement] INFO  server.RaftServerConfigKeys (ConfUtils.java:logGet(46)) - raft.server.log.purge.upto.snapshot.index = false (default)
2024-06-22 13:31:54,874 [99deb4a4-176b-49c7-aa7a-c34027b979ad@group-2518F42A7CAD-FollowerState] INFO  server.RaftServerConfigKeys (ConfUtils.java:logFallback(53)) - raft.server.rpc.first-election.timeout.max = 5200ms (fallback to raft.server.rpc.timeout.max)
2024-06-22 13:31:54,879 [99deb4a4-176b-49c7-aa7a-c34027b979ad-PipelineCommandHandlerThread-0] INFO  ratis.XceiverServerRatis (XceiverServerRatis.java:addGroup(864)) - Created group PipelineID=94f1b2cc-08ef-42ba-8ddc-2518f42a7cad
2024-06-22 13:31:54,879 [99deb4a4-176b-49c7-aa7a-c34027b979ad-PipelineCommandHandlerThread-0] INFO  commandhandler.CreatePipelineCommandHandler (CreatePipelineCommandHandler.java:lambda$handle$2(124)) - Created Pipeline RATIS ONE PipelineID=94f1b2cc-08ef-42ba-8ddc-2518f42a7cad.
2024-06-22 13:31:54,937 [c511b233-3aa4-4954-9335-f5d54c64e497-PipelineCommandHandlerThread-0] INFO  commandhandler.CreatePipelineCommandHandler (CreatePipelineCommandHandler.java:lambda$handle$2(124)) - Created Pipeline RATIS THREE PipelineID=b956bdd5-41b8-45c8-8b94-b33c5e379cf8.
2024-06-22 13:31:54,938 [c511b233-3aa4-4954-9335-f5d54c64e497-PipelineCommandHandlerThread-0] INFO  server.RaftServer (RaftServerProxy.java:addNew(100)) - c511b233-3aa4-4954-9335-f5d54c64e497: addNew group-39932C3C694B:[b47eb027-4b7a-4ddc-bf7f-0870758e0604|127.0.0.1:15032, fdf93896-5abf-403c-99a8-bb8ea43c9a14|127.0.0.1:15023, c511b233-3aa4-4954-9335-f5d54c64e497|127.0.0.1:15014] returns group-39932C3C694B:java.util.concurrent.CompletableFuture@6689d097[Not completed]
2024-06-22 13:31:54,939 [c511b233-3aa4-4954-9335-f5d54c64e497-groupManagement] INFO  server.RaftServer$Division (RaftServerImpl.java:<init>(256)) - c511b233-3aa4-4954-9335-f5d54c64e497: new RaftServerImpl for group-39932C3C694B:[b47eb027-4b7a-4ddc-bf7f-0870758e0604|127.0.0.1:15032, fdf93896-5abf-403c-99a8-bb8ea43c9a14|127.0.0.1:15023, c511b233-3aa4-4954-9335-f5d54c64e497|127.0.0.1:15014] with ContainerStateMachine:uninitialized
2024-06-22 13:31:54,939 [c511b233-3aa4-4954-9335-f5d54c64e497-groupManagement] INFO  server.RaftServerConfigKeys (ConfUtils.java:logGet(46)) - raft.server.rpc.timeout.min = 5s (custom)
2024-06-22 13:31:54,939 [c511b233-3aa4-4954-9335-f5d54c64e497-groupManagement] INFO  server.RaftServerConfigKeys (ConfUtils.java:logGet(46)) - raft.server.rpc.timeout.max = 5200ms (custom)
2024-06-22 13:31:54,939 [c511b233-3aa4-4954-9335-f5d54c64e497-groupManagement] INFO  server.RaftServerConfigKeys (ConfUtils.java:logGet(46)) - raft.server.rpc.sleep.time = 25ms (default)
2024-06-22 13:31:54,939 [c511b233-3aa4-4954-9335-f5d54c64e497-groupManagement] INFO  server.RaftServerConfigKeys (ConfUtils.java:logGet(46)) - raft.server.rpc.slowness.timeout = 300s (custom)
2024-06-22 13:31:54,939 [c511b233-3aa4-4954-9335-f5d54c64e497-groupManagement] INFO  server.RaftServerConfigKeys (ConfUtils.java:logGet(46)) - raft.server.leaderelection.leader.step-down.wait-time = 10s (default)
2024-06-22 13:31:54,939 [c511b233-3aa4-4954-9335-f5d54c64e497-groupManagement] INFO  server.RaftServerConfigKeys (ConfUtils.java:logGet(46)) - raft.server.leaderelection.member.majority-add = false (default)
2024-06-22 13:31:54,939 [c511b233-3aa4-4954-9335-f5d54c64e497-groupManagement] INFO  server.RaftServerConfigKeys (ConfUtils.java:logGet(46)) - raft.server.sleep.deviation.threshold = 300ms (default)
2024-06-22 13:31:54,940 [c511b233-3aa4-4954-9335-f5d54c64e497-groupManagement] INFO  server.RaftServer$Division (ServerState.java:<init>(113)) - c511b233-3aa4-4954-9335-f5d54c64e497@group-39932C3C694B: ConfigurationManager, init=-1: peers:[b47eb027-4b7a-4ddc-bf7f-0870758e0604|127.0.0.1:15032, fdf93896-5abf-403c-99a8-bb8ea43c9a14|127.0.0.1:15023, c511b233-3aa4-4954-9335-f5d54c64e497|127.0.0.1:15014]|listeners:[], old=null, confs=<EMPTY_MAP>
2024-06-22 13:31:54,940 [c511b233-3aa4-4954-9335-f5d54c64e497-groupManagement] INFO  server.RaftServerConfigKeys (ConfUtils.java:logGet(46)) - raft.server.notification.no-leader.timeout = 300s (custom)
2024-06-22 13:31:54,940 [c511b233-3aa4-4954-9335-f5d54c64e497-groupManagement] INFO  server.RaftServerConfigKeys (ConfUtils.java:logGet(46)) - raft.server.read.timeout = 10s (default)
2024-06-22 13:31:54,940 [c511b233-3aa4-4954-9335-f5d54c64e497-groupManagement] INFO  server.RaftServerConfigKeys (ConfUtils.java:logGet(46)) - raft.server.retrycache.expirytime = 600000ms (custom)
2024-06-22 13:31:54,940 [c511b233-3aa4-4954-9335-f5d54c64e497-groupManagement] INFO  server.RaftServerConfigKeys (ConfUtils.java:logGet(46)) - raft.server.retrycache.statistics.expirytime = 100ms (default)
2024-06-22 13:31:54,940 [c511b233-3aa4-4954-9335-f5d54c64e497-groupManagement] INFO  server.RaftServerConfigKeys (ConfUtils.java:logGet(46)) - raft.server.read.option = DEFAULT (default)
2024-06-22 13:31:54,940 [c511b233-3aa4-4954-9335-f5d54c64e497-groupManagement] INFO  server.RaftServerConfigKeys (ConfUtils.java:logGet(46)) - raft.server.read.read-after-write-consistent.write-index-cache.expiry-time = 60s (default)
2024-06-22 13:31:54,943 [c511b233-3aa4-4954-9335-f5d54c64e497-groupManagement] INFO  server.RaftServerConfigKeys (ConfUtils.java:logGet(46)) - raft.server.rpc.request.timeout = 60s (custom)
2024-06-22 13:31:54,943 [c511b233-3aa4-4954-9335-f5d54c64e497-groupManagement] INFO  server.RaftServerConfigKeys (ConfUtils.java:logGet(46)) - raft.server.log.appender.install.snapshot.enabled = false (custom)
2024-06-22 13:31:54,943 [c511b233-3aa4-4954-9335-f5d54c64e497-groupManagement] INFO  server.RaftServerConfigKeys (ConfUtils.java:logGet(46)) - raft.server.threadpool.server.cached = true (default)
2024-06-22 13:31:54,943 [c511b233-3aa4-4954-9335-f5d54c64e497-groupManagement] INFO  server.RaftServerConfigKeys (ConfUtils.java:logGet(46)) - raft.server.threadpool.server.size = 0 (default)
2024-06-22 13:31:54,943 [c511b233-3aa4-4954-9335-f5d54c64e497-groupManagement] INFO  server.RaftServerConfigKeys (ConfUtils.java:logGet(46)) - raft.server.threadpool.client.cached = true (default)
2024-06-22 13:31:54,943 [c511b233-3aa4-4954-9335-f5d54c64e497-groupManagement] INFO  server.RaftServerConfigKeys (ConfUtils.java:logGet(46)) - raft.server.threadpool.client.size = 0 (default)
2024-06-22 13:31:54,943 [c511b233-3aa4-4954-9335-f5d54c64e497-groupManagement] INFO  server.RaftServerConfigKeys (ConfUtils.java:logGet(46)) - raft.server.storage.free-space.min = 0MB (=0) (default)
2024-06-22 13:31:54,943 [c511b233-3aa4-4954-9335-f5d54c64e497-groupManagement] INFO  server.RaftServerConfigKeys (ConfUtils.java:logGet(46)) - raft.server.log.corruption.policy = EXCEPTION (default)
2024-06-22 13:31:54,943 [c511b233-3aa4-4954-9335-f5d54c64e497-groupManagement] INFO  server.RaftServerConfigKeys (ConfUtils.java:logGet(46)) - raft.server.storage.dir = [/home/runner/work/ozone/ozone/hadoop-ozone/integration-test/target/test-dir/MiniOzoneClusterImpl-ed78929e-9b9e-4304-bdcd-e93070d12e9d/ozone-meta/datanode-1/ratis] (custom)
2024-06-22 13:31:54,944 [c511b233-3aa4-4954-9335-f5d54c64e497-groupManagement] INFO  storage.RaftStorageDirectory (RaftStorageDirectoryImpl.java:analyzeStorage(138)) - The storage directory /home/runner/work/ozone/ozone/hadoop-ozone/integration-test/target/test-dir/MiniOzoneClusterImpl-ed78929e-9b9e-4304-bdcd-e93070d12e9d/ozone-meta/datanode-1/ratis/d4c8851d-4300-4327-9eb4-39932c3c694b does not exist. Creating ...
2024-06-22 13:31:54,944 [c511b233-3aa4-4954-9335-f5d54c64e497-groupManagement] INFO  storage.RaftStorageDirectory (RaftStorageDirectoryImpl.java:tryLock(228)) - Lock on /home/runner/work/ozone/ozone/hadoop-ozone/integration-test/target/test-dir/MiniOzoneClusterImpl-ed78929e-9b9e-4304-bdcd-e93070d12e9d/ozone-meta/datanode-1/ratis/d4c8851d-4300-4327-9eb4-39932c3c694b/in_use.lock acquired by nodename 98639@fv-az882-123
2024-06-22 13:31:54,945 [c511b233-3aa4-4954-9335-f5d54c64e497-groupManagement] INFO  storage.RaftStorage (RaftStorageImpl.java:format(99)) - Storage directory /home/runner/work/ozone/ozone/hadoop-ozone/integration-test/target/test-dir/MiniOzoneClusterImpl-ed78929e-9b9e-4304-bdcd-e93070d12e9d/ozone-meta/datanode-1/ratis/d4c8851d-4300-4327-9eb4-39932c3c694b has been successfully formatted.
2024-06-22 13:31:54,946 [c511b233-3aa4-4954-9335-f5d54c64e497-groupManagement] WARN  util.FileUtils (LogUtils.java:supplyAndLog(63)) - Failed to Files.newInputStream /home/runner/work/ozone/ozone/hadoop-ozone/integration-test/target/test-dir/MiniOzoneClusterImpl-ed78929e-9b9e-4304-bdcd-e93070d12e9d/ozone-meta/datanode-1/ratis/d4c8851d-4300-4327-9eb4-39932c3c694b/current/raft-meta.conf with options []: java.nio.file.NoSuchFileException: /home/runner/work/ozone/ozone/hadoop-ozone/integration-test/target/test-dir/MiniOzoneClusterImpl-ed78929e-9b9e-4304-bdcd-e93070d12e9d/ozone-meta/datanode-1/ratis/d4c8851d-4300-4327-9eb4-39932c3c694b/current/raft-meta.conf
2024-06-22 13:31:54,946 [c511b233-3aa4-4954-9335-f5d54c64e497-groupManagement] INFO  ratis.ContainerStateMachine (ContainerStateMachine.java:loadSnapshot(287)) - group-39932C3C694B: The snapshot info is null. Setting the last applied index to:(t:0, i:~)
2024-06-22 13:31:54,946 [c511b233-3aa4-4954-9335-f5d54c64e497-groupManagement] INFO  server.RaftServerConfigKeys (ConfUtils.java:logGet(46)) - raft.server.log.use.memory = false (default)
2024-06-22 13:31:54,946 [c511b233-3aa4-4954-9335-f5d54c64e497-groupManagement] INFO  server.RaftServerConfigKeys (ConfUtils.java:logGet(46)) - raft.server.log.purge.gap = 1000000 (custom)
2024-06-22 13:31:54,946 [c511b233-3aa4-4954-9335-f5d54c64e497-groupManagement] INFO  server.RaftServerConfigKeys (ConfUtils.java:logGet(46)) - raft.server.log.appender.buffer.byte-limit = 8388608 (custom)
2024-06-22 13:31:54,946 [c511b233-3aa4-4954-9335-f5d54c64e497-groupManagement] INFO  server.RaftServerConfigKeys (ConfUtils.java:logGet(46)) - raft.server.log.statemachine.data.read.timeout = 1000ms (default)
2024-06-22 13:31:54,946 [c511b233-3aa4-4954-9335-f5d54c64e497-groupManagement] INFO  server.RaftServerConfigKeys (ConfUtils.java:logGet(46)) - raft.server.log.purge.preservation.log.num = 0 (default)
2024-06-22 13:31:54,948 [c511b233-3aa4-4954-9335-f5d54c64e497-groupManagement] INFO  server.RaftServerConfigKeys (ConfUtils.java:logGet(46)) - raft.server.log.segment.size.max = 67108864 (custom)
2024-06-22 13:31:54,948 [c511b233-3aa4-4954-9335-f5d54c64e497-groupManagement] INFO  server.RaftServerConfigKeys (ConfUtils.java:logGet(46)) - raft.server.log.segment.cache.num.max = 2 (custom)
2024-06-22 13:31:54,948 [c511b233-3aa4-4954-9335-f5d54c64e497-groupManagement] INFO  server.RaftServerConfigKeys (ConfUtils.java:logGet(46)) - raft.server.log.segment.cache.size.max = 200MB (=209715200) (default)
2024-06-22 13:31:54,948 [c511b233-3aa4-4954-9335-f5d54c64e497-groupManagement] INFO  server.RaftServerConfigKeys (ConfUtils.java:logGet(46)) - raft.server.log.appender.buffer.byte-limit = 8388608 (custom)
2024-06-22 13:31:54,948 [EventQueue-OpenPipelineForHealthyPipelineSafeModeRule] INFO  safemode.SCMSafeModeManager (HealthyPipelineSafeModeRule.java:process(140)) - SCM in safe mode. Healthy pipelines reported count is 0, required healthy pipeline reported count is 1
2024-06-22 13:31:54,953 [c511b233-3aa4-4954-9335-f5d54c64e497-groupManagement] INFO  util.AwaitToRun (AwaitToRun.java:start(81)) - Thread[c511b233-3aa4-4954-9335-f5d54c64e497@group-39932C3C694B-cacheEviction-AwaitToRun,5,main] started
2024-06-22 13:31:54,953 [c511b233-3aa4-4954-9335-f5d54c64e497-groupManagement] INFO  segmented.SegmentedRaftLogWorker (SegmentedRaftLogWorker.java:<init>(182)) - new c511b233-3aa4-4954-9335-f5d54c64e497@group-39932C3C694B-SegmentedRaftLogWorker for RaftStorageImpl:Storage Directory /home/runner/work/ozone/ozone/hadoop-ozone/integration-test/target/test-dir/MiniOzoneClusterImpl-ed78929e-9b9e-4304-bdcd-e93070d12e9d/ozone-meta/datanode-1/ratis/d4c8851d-4300-4327-9eb4-39932c3c694b
2024-06-22 13:31:54,953 [c511b233-3aa4-4954-9335-f5d54c64e497-groupManagement] INFO  server.RaftServerConfigKeys (ConfUtils.java:logGet(46)) - raft.server.log.queue.byte-limit = 4294967296 (custom)
2024-06-22 13:31:54,953 [c511b233-3aa4-4954-9335-f5d54c64e497-groupManagement] INFO  server.RaftServerConfigKeys (ConfUtils.java:logGet(46)) - raft.server.log.queue.element-limit = 1024 (custom)
2024-06-22 13:31:54,953 [c511b233-3aa4-4954-9335-f5d54c64e497-groupManagement] INFO  server.RaftServerConfigKeys (ConfUtils.java:logGet(46)) - raft.server.log.segment.size.max = 67108864 (custom)
2024-06-22 13:31:54,953 [c511b233-3aa4-4954-9335-f5d54c64e497-groupManagement] INFO  server.RaftServerConfigKeys (ConfUtils.java:logGet(46)) - raft.server.log.preallocated.size = 4194304 (custom)
2024-06-22 13:31:54,953 [c511b233-3aa4-4954-9335-f5d54c64e497-groupManagement] INFO  server.RaftServerConfigKeys (ConfUtils.java:logGet(46)) - raft.server.log.force.sync.num = 128 (default)
2024-06-22 13:31:54,953 [c511b233-3aa4-4954-9335-f5d54c64e497-groupManagement] INFO  server.RaftServerConfigKeys (ConfUtils.java:logGet(46)) - raft.server.log.statemachine.data.sync = true (default)
2024-06-22 13:31:54,953 [c511b233-3aa4-4954-9335-f5d54c64e497-groupManagement] INFO  server.RaftServerConfigKeys (ConfUtils.java:logGet(46)) - raft.server.log.statemachine.data.sync.timeout = 10s (default)
2024-06-22 13:31:54,953 [c511b233-3aa4-4954-9335-f5d54c64e497-groupManagement] INFO  server.RaftServerConfigKeys (ConfUtils.java:logGet(46)) - raft.server.log.statemachine.data.sync.timeout.retry = 30 (custom)
2024-06-22 13:31:54,954 [fdf93896-5abf-403c-99a8-bb8ea43c9a14-PipelineCommandHandlerThread-0] INFO  commandhandler.CreatePipelineCommandHandler (CreatePipelineCommandHandler.java:lambda$handle$2(124)) - Created Pipeline RATIS THREE PipelineID=b956bdd5-41b8-45c8-8b94-b33c5e379cf8.
2024-06-22 13:31:54,954 [c511b233-3aa4-4954-9335-f5d54c64e497-groupManagement] INFO  server.RaftServerConfigKeys (ConfUtils.java:logGet(46)) - raft.server.log.write.buffer.size = 8388616 (custom)
2024-06-22 13:31:54,954 [fdf93896-5abf-403c-99a8-bb8ea43c9a14-PipelineCommandHandlerThread-0] INFO  server.RaftServer (RaftServerProxy.java:addNew(100)) - fdf93896-5abf-403c-99a8-bb8ea43c9a14: addNew group-39932C3C694B:[b47eb027-4b7a-4ddc-bf7f-0870758e0604|127.0.0.1:15032, fdf93896-5abf-403c-99a8-bb8ea43c9a14|127.0.0.1:15023, c511b233-3aa4-4954-9335-f5d54c64e497|127.0.0.1:15014] returns group-39932C3C694B:java.util.concurrent.CompletableFuture@35cb0d23[Not completed]
2024-06-22 13:31:54,955 [fdf93896-5abf-403c-99a8-bb8ea43c9a14-groupManagement] INFO  server.RaftServer$Division (RaftServerImpl.java:<init>(256)) - fdf93896-5abf-403c-99a8-bb8ea43c9a14: new RaftServerImpl for group-39932C3C694B:[b47eb027-4b7a-4ddc-bf7f-0870758e0604|127.0.0.1:15032, fdf93896-5abf-403c-99a8-bb8ea43c9a14|127.0.0.1:15023, c511b233-3aa4-4954-9335-f5d54c64e497|127.0.0.1:15014] with ContainerStateMachine:uninitialized
2024-06-22 13:31:54,956 [fdf93896-5abf-403c-99a8-bb8ea43c9a14-groupManagement] INFO  server.RaftServerConfigKeys (ConfUtils.java:logGet(46)) - raft.server.rpc.timeout.min = 5s (custom)
2024-06-22 13:31:54,956 [fdf93896-5abf-403c-99a8-bb8ea43c9a14-groupManagement] INFO  server.RaftServerConfigKeys (ConfUtils.java:logGet(46)) - raft.server.rpc.timeout.max = 5200ms (custom)
2024-06-22 13:31:54,956 [fdf93896-5abf-403c-99a8-bb8ea43c9a14-groupManagement] INFO  server.RaftServerConfigKeys (ConfUtils.java:logGet(46)) - raft.server.rpc.sleep.time = 25ms (default)
2024-06-22 13:31:54,956 [fdf93896-5abf-403c-99a8-bb8ea43c9a14-groupManagement] INFO  server.RaftServerConfigKeys (ConfUtils.java:logGet(46)) - raft.server.rpc.slowness.timeout = 300s (custom)
2024-06-22 13:31:54,956 [fdf93896-5abf-403c-99a8-bb8ea43c9a14-groupManagement] INFO  server.RaftServerConfigKeys (ConfUtils.java:logGet(46)) - raft.server.leaderelection.leader.step-down.wait-time = 10s (default)
2024-06-22 13:31:54,956 [fdf93896-5abf-403c-99a8-bb8ea43c9a14-groupManagement] INFO  server.RaftServerConfigKeys (ConfUtils.java:logGet(46)) - raft.server.leaderelection.member.majority-add = false (default)
2024-06-22 13:31:54,956 [fdf93896-5abf-403c-99a8-bb8ea43c9a14-groupManagement] INFO  server.RaftServerConfigKeys (ConfUtils.java:logGet(46)) - raft.server.sleep.deviation.threshold = 300ms (default)
2024-06-22 13:31:54,956 [c511b233-3aa4-4954-9335-f5d54c64e497-groupManagement] INFO  server.RaftServerConfigKeys (ConfUtils.java:logGet(46)) - raft.server.log.appender.buffer.byte-limit = 8388608 (custom)
2024-06-22 13:31:54,956 [c511b233-3aa4-4954-9335-f5d54c64e497-groupManagement] INFO  server.RaftServerConfigKeys (ConfUtils.java:logGet(46)) - raft.server.log.unsafe-flush.enabled = false (default)
2024-06-22 13:31:54,956 [c511b233-3aa4-4954-9335-f5d54c64e497-groupManagement] INFO  server.RaftServerConfigKeys (ConfUtils.java:logGet(46)) - raft.server.log.async-flush.enabled = false (default)
2024-06-22 13:31:54,956 [c511b233-3aa4-4954-9335-f5d54c64e497-groupManagement] INFO  server.RaftServerConfigKeys (ConfUtils.java:logGet(46)) - raft.server.log.statemachine.data.caching.enabled = true (custom)
2024-06-22 13:31:54,956 [c511b233-3aa4-4954-9335-f5d54c64e497-groupManagement] INFO  segmented.SegmentedRaftLogWorker (SegmentedRaftLogWorker.java:lambda$new$0(134)) - c511b233-3aa4-4954-9335-f5d54c64e497@group-39932C3C694B-SegmentedRaftLogWorker: flushIndex: setUnconditionally 0 -> -1
2024-06-22 13:31:54,957 [c511b233-3aa4-4954-9335-f5d54c64e497-groupManagement] INFO  segmented.SegmentedRaftLogWorker (SegmentedRaftLogWorker.java:lambda$new$0(134)) - c511b233-3aa4-4954-9335-f5d54c64e497@group-39932C3C694B-SegmentedRaftLogWorker: safeCacheEvictIndex: setUnconditionally 0 -> -1
2024-06-22 13:31:54,956 [fdf93896-5abf-403c-99a8-bb8ea43c9a14-groupManagement] INFO  server.RaftServer$Division (ServerState.java:<init>(113)) - fdf93896-5abf-403c-99a8-bb8ea43c9a14@group-39932C3C694B: ConfigurationManager, init=-1: peers:[b47eb027-4b7a-4ddc-bf7f-0870758e0604|127.0.0.1:15032, fdf93896-5abf-403c-99a8-bb8ea43c9a14|127.0.0.1:15023, c511b233-3aa4-4954-9335-f5d54c64e497|127.0.0.1:15014]|listeners:[], old=null, confs=<EMPTY_MAP>
2024-06-22 13:31:54,957 [fdf93896-5abf-403c-99a8-bb8ea43c9a14-groupManagement] INFO  server.RaftServerConfigKeys (ConfUtils.java:logGet(46)) - raft.server.notification.no-leader.timeout = 300s (custom)
2024-06-22 13:31:54,957 [fdf93896-5abf-403c-99a8-bb8ea43c9a14-groupManagement] INFO  server.RaftServerConfigKeys (ConfUtils.java:logGet(46)) - raft.server.read.timeout = 10s (default)
2024-06-22 13:31:54,957 [fdf93896-5abf-403c-99a8-bb8ea43c9a14-groupManagement] INFO  server.RaftServerConfigKeys (ConfUtils.java:logGet(46)) - raft.server.retrycache.expirytime = 600000ms (custom)
2024-06-22 13:31:54,957 [fdf93896-5abf-403c-99a8-bb8ea43c9a14-groupManagement] INFO  server.RaftServerConfigKeys (ConfUtils.java:logGet(46)) - raft.server.retrycache.statistics.expirytime = 100ms (default)
2024-06-22 13:31:54,957 [fdf93896-5abf-403c-99a8-bb8ea43c9a14-groupManagement] INFO  server.RaftServerConfigKeys (ConfUtils.java:logGet(46)) - raft.server.read.option = DEFAULT (default)
2024-06-22 13:31:54,957 [fdf93896-5abf-403c-99a8-bb8ea43c9a14-groupManagement] INFO  server.RaftServerConfigKeys (ConfUtils.java:logGet(46)) - raft.server.read.read-after-write-consistent.write-index-cache.expiry-time = 60s (default)
2024-06-22 13:31:54,961 [fdf93896-5abf-403c-99a8-bb8ea43c9a14-groupManagement] INFO  server.RaftServerConfigKeys (ConfUtils.java:logGet(46)) - raft.server.rpc.request.timeout = 60s (custom)
2024-06-22 13:31:54,961 [fdf93896-5abf-403c-99a8-bb8ea43c9a14-groupManagement] INFO  server.RaftServerConfigKeys (ConfUtils.java:logGet(46)) - raft.server.log.appender.install.snapshot.enabled = false (custom)
2024-06-22 13:31:54,961 [fdf93896-5abf-403c-99a8-bb8ea43c9a14-groupManagement] INFO  server.RaftServerConfigKeys (ConfUtils.java:logGet(46)) - raft.server.threadpool.server.cached = true (default)
2024-06-22 13:31:54,961 [fdf93896-5abf-403c-99a8-bb8ea43c9a14-groupManagement] INFO  server.RaftServerConfigKeys (ConfUtils.java:logGet(46)) - raft.server.threadpool.server.size = 0 (default)
2024-06-22 13:31:54,961 [fdf93896-5abf-403c-99a8-bb8ea43c9a14-groupManagement] INFO  server.RaftServerConfigKeys (ConfUtils.java:logGet(46)) - raft.server.threadpool.client.cached = true (default)
2024-06-22 13:31:54,961 [fdf93896-5abf-403c-99a8-bb8ea43c9a14-groupManagement] INFO  server.RaftServerConfigKeys (ConfUtils.java:logGet(46)) - raft.server.threadpool.client.size = 0 (default)
2024-06-22 13:31:54,961 [fdf93896-5abf-403c-99a8-bb8ea43c9a14-groupManagement] INFO  server.RaftServerConfigKeys (ConfUtils.java:logGet(46)) - raft.server.storage.free-space.min = 0MB (=0) (default)
2024-06-22 13:31:54,961 [fdf93896-5abf-403c-99a8-bb8ea43c9a14-groupManagement] INFO  server.RaftServerConfigKeys (ConfUtils.java:logGet(46)) - raft.server.log.corruption.policy = EXCEPTION (default)
2024-06-22 13:31:54,962 [fdf93896-5abf-403c-99a8-bb8ea43c9a14-groupManagement] INFO  server.RaftServerConfigKeys (ConfUtils.java:logGet(46)) - raft.server.storage.dir = [/home/runner/work/ozone/ozone/hadoop-ozone/integration-test/target/test-dir/MiniOzoneClusterImpl-ed78929e-9b9e-4304-bdcd-e93070d12e9d/ozone-meta/datanode-2/ratis] (custom)
2024-06-22 13:31:54,962 [fdf93896-5abf-403c-99a8-bb8ea43c9a14-groupManagement] INFO  storage.RaftStorageDirectory (RaftStorageDirectoryImpl.java:analyzeStorage(138)) - The storage directory /home/runner/work/ozone/ozone/hadoop-ozone/integration-test/target/test-dir/MiniOzoneClusterImpl-ed78929e-9b9e-4304-bdcd-e93070d12e9d/ozone-meta/datanode-2/ratis/d4c8851d-4300-4327-9eb4-39932c3c694b does not exist. Creating ...
2024-06-22 13:31:54,963 [fdf93896-5abf-403c-99a8-bb8ea43c9a14-groupManagement] INFO  storage.RaftStorageDirectory (RaftStorageDirectoryImpl.java:tryLock(228)) - Lock on /home/runner/work/ozone/ozone/hadoop-ozone/integration-test/target/test-dir/MiniOzoneClusterImpl-ed78929e-9b9e-4304-bdcd-e93070d12e9d/ozone-meta/datanode-2/ratis/d4c8851d-4300-4327-9eb4-39932c3c694b/in_use.lock acquired by nodename 98639@fv-az882-123
2024-06-22 13:31:54,964 [c511b233-3aa4-4954-9335-f5d54c64e497-groupManagement] INFO  server.RaftServer$Division (RaftServerImpl.java:start(396)) - c511b233-3aa4-4954-9335-f5d54c64e497@group-39932C3C694B: start as a follower, conf=-1: peers:[b47eb027-4b7a-4ddc-bf7f-0870758e0604|127.0.0.1:15032, fdf93896-5abf-403c-99a8-bb8ea43c9a14|127.0.0.1:15023, c511b233-3aa4-4954-9335-f5d54c64e497|127.0.0.1:15014]|listeners:[], old=null
2024-06-22 13:31:54,964 [c511b233-3aa4-4954-9335-f5d54c64e497-groupManagement] INFO  server.RaftServer$Division (RaftServerImpl.java:setRole(383)) - c511b233-3aa4-4954-9335-f5d54c64e497@group-39932C3C694B: changes role from      null to FOLLOWER at term 0 for startAsFollower
2024-06-22 13:31:54,964 [c511b233-3aa4-4954-9335-f5d54c64e497-groupManagement] INFO  impl.RoleInfo (RoleInfo.java:updateAndGet(139)) - c511b233-3aa4-4954-9335-f5d54c64e497: start c511b233-3aa4-4954-9335-f5d54c64e497@group-39932C3C694B-FollowerState
2024-06-22 13:31:54,964 [fdf93896-5abf-403c-99a8-bb8ea43c9a14-groupManagement] INFO  storage.RaftStorage (RaftStorageImpl.java:format(99)) - Storage directory /home/runner/work/ozone/ozone/hadoop-ozone/integration-test/target/test-dir/MiniOzoneClusterImpl-ed78929e-9b9e-4304-bdcd-e93070d12e9d/ozone-meta/datanode-2/ratis/d4c8851d-4300-4327-9eb4-39932c3c694b has been successfully formatted.
2024-06-22 13:31:54,965 [fdf93896-5abf-403c-99a8-bb8ea43c9a14-groupManagement] WARN  util.FileUtils (LogUtils.java:supplyAndLog(63)) - Failed to Files.newInputStream /home/runner/work/ozone/ozone/hadoop-ozone/integration-test/target/test-dir/MiniOzoneClusterImpl-ed78929e-9b9e-4304-bdcd-e93070d12e9d/ozone-meta/datanode-2/ratis/d4c8851d-4300-4327-9eb4-39932c3c694b/current/raft-meta.conf with options []: java.nio.file.NoSuchFileException: /home/runner/work/ozone/ozone/hadoop-ozone/integration-test/target/test-dir/MiniOzoneClusterImpl-ed78929e-9b9e-4304-bdcd-e93070d12e9d/ozone-meta/datanode-2/ratis/d4c8851d-4300-4327-9eb4-39932c3c694b/current/raft-meta.conf
2024-06-22 13:31:54,969 [c511b233-3aa4-4954-9335-f5d54c64e497-groupManagement] INFO  util.JmxRegister (JmxRegister.java:tryRegister(44)) - Successfully registered JMX Bean with object name Ratis:service=RaftServer,group=group-39932C3C694B,id=c511b233-3aa4-4954-9335-f5d54c64e497
2024-06-22 13:31:54,969 [c511b233-3aa4-4954-9335-f5d54c64e497-groupManagement] INFO  server.RaftServerConfigKeys (ConfUtils.java:logGet(46)) - raft.server.snapshot.trigger-when-stop.enabled = true (default)
2024-06-22 13:31:54,969 [c511b233-3aa4-4954-9335-f5d54c64e497-groupManagement] INFO  server.RaftServerConfigKeys (ConfUtils.java:logGet(46)) - raft.server.snapshot.auto.trigger.enabled = true (custom)
2024-06-22 13:31:54,969 [c511b233-3aa4-4954-9335-f5d54c64e497-groupManagement] INFO  server.RaftServerConfigKeys (ConfUtils.java:logGet(46)) - raft.server.snapshot.auto.trigger.threshold = 10000 (custom)
2024-06-22 13:31:54,970 [c511b233-3aa4-4954-9335-f5d54c64e497-groupManagement] INFO  server.RaftServerConfigKeys (ConfUtils.java:logGet(46)) - raft.server.snapshot.retention.file.num = 5 (custom)
2024-06-22 13:31:54,971 [c511b233-3aa4-4954-9335-f5d54c64e497-groupManagement] INFO  server.RaftServerConfigKeys (ConfUtils.java:logGet(46)) - raft.server.log.purge.upto.snapshot.index = false (default)
2024-06-22 13:31:54,972 [c511b233-3aa4-4954-9335-f5d54c64e497@group-39932C3C694B-FollowerState] INFO  server.RaftServerConfigKeys (ConfUtils.java:logFallback(53)) - raft.server.rpc.first-election.timeout.min = 5s (fallback to raft.server.rpc.timeout.min)
2024-06-22 13:31:54,972 [c511b233-3aa4-4954-9335-f5d54c64e497@group-39932C3C694B-FollowerState] INFO  server.RaftServerConfigKeys (ConfUtils.java:logFallback(53)) - raft.server.rpc.first-election.timeout.max = 5200ms (fallback to raft.server.rpc.timeout.max)
2024-06-22 13:31:54,974 [fdf93896-5abf-403c-99a8-bb8ea43c9a14-groupManagement] INFO  ratis.ContainerStateMachine (ContainerStateMachine.java:loadSnapshot(287)) - group-39932C3C694B: The snapshot info is null. Setting the last applied index to:(t:0, i:~)
2024-06-22 13:31:54,974 [fdf93896-5abf-403c-99a8-bb8ea43c9a14-groupManagement] INFO  server.RaftServerConfigKeys (ConfUtils.java:logGet(46)) - raft.server.log.use.memory = false (default)
2024-06-22 13:31:54,975 [fdf93896-5abf-403c-99a8-bb8ea43c9a14-groupManagement] INFO  server.RaftServerConfigKeys (ConfUtils.java:logGet(46)) - raft.server.log.purge.gap = 1000000 (custom)
2024-06-22 13:31:54,975 [fdf93896-5abf-403c-99a8-bb8ea43c9a14-groupManagement] INFO  server.RaftServerConfigKeys (ConfUtils.java:logGet(46)) - raft.server.log.appender.buffer.byte-limit = 8388608 (custom)
2024-06-22 13:31:54,975 [fdf93896-5abf-403c-99a8-bb8ea43c9a14-groupManagement] INFO  server.RaftServerConfigKeys (ConfUtils.java:logGet(46)) - raft.server.log.statemachine.data.read.timeout = 1000ms (default)
2024-06-22 13:31:54,975 [fdf93896-5abf-403c-99a8-bb8ea43c9a14-groupManagement] INFO  server.RaftServerConfigKeys (ConfUtils.java:logGet(46)) - raft.server.log.purge.preservation.log.num = 0 (default)
2024-06-22 13:31:54,976 [EventQueue-OpenPipelineForHealthyPipelineSafeModeRule] INFO  safemode.SCMSafeModeManager (HealthyPipelineSafeModeRule.java:process(140)) - SCM in safe mode. Healthy pipelines reported count is 0, required healthy pipeline reported count is 1
2024-06-22 13:31:54,978 [fdf93896-5abf-403c-99a8-bb8ea43c9a14-groupManagement] INFO  server.RaftServerConfigKeys (ConfUtils.java:logGet(46)) - raft.server.log.segment.size.max = 67108864 (custom)
2024-06-22 13:31:54,979 [c511b233-3aa4-4954-9335-f5d54c64e497-PipelineCommandHandlerThread-0] INFO  ratis.XceiverServerRatis (XceiverServerRatis.java:addGroup(864)) - Created group PipelineID=d4c8851d-4300-4327-9eb4-39932c3c694b
2024-06-22 13:31:54,986 [b47eb027-4b7a-4ddc-bf7f-0870758e0604-PipelineCommandHandlerThread-0] INFO  commandhandler.CreatePipelineCommandHandler (CreatePipelineCommandHandler.java:lambda$handle$2(124)) - Created Pipeline RATIS THREE PipelineID=b956bdd5-41b8-45c8-8b94-b33c5e379cf8.
2024-06-22 13:31:54,987 [b47eb027-4b7a-4ddc-bf7f-0870758e0604-PipelineCommandHandlerThread-0] INFO  server.RaftServer (RaftServerProxy.java:addNew(100)) - b47eb027-4b7a-4ddc-bf7f-0870758e0604: addNew group-39932C3C694B:[b47eb027-4b7a-4ddc-bf7f-0870758e0604|127.0.0.1:15032, fdf93896-5abf-403c-99a8-bb8ea43c9a14|127.0.0.1:15023, c511b233-3aa4-4954-9335-f5d54c64e497|127.0.0.1:15014] returns group-39932C3C694B:java.util.concurrent.CompletableFuture@1753c487[Not completed]
2024-06-22 13:31:54,988 [b47eb027-4b7a-4ddc-bf7f-0870758e0604-groupManagement] INFO  server.RaftServer$Division (RaftServerImpl.java:<init>(256)) - b47eb027-4b7a-4ddc-bf7f-0870758e0604: new RaftServerImpl for group-39932C3C694B:[b47eb027-4b7a-4ddc-bf7f-0870758e0604|127.0.0.1:15032, fdf93896-5abf-403c-99a8-bb8ea43c9a14|127.0.0.1:15023, c511b233-3aa4-4954-9335-f5d54c64e497|127.0.0.1:15014] with ContainerStateMachine:uninitialized
2024-06-22 13:31:54,988 [b47eb027-4b7a-4ddc-bf7f-0870758e0604-groupManagement] INFO  server.RaftServerConfigKeys (ConfUtils.java:logGet(46)) - raft.server.rpc.timeout.min = 5s (custom)
2024-06-22 13:31:54,988 [b47eb027-4b7a-4ddc-bf7f-0870758e0604-groupManagement] INFO  server.RaftServerConfigKeys (ConfUtils.java:logGet(46)) - raft.server.rpc.timeout.max = 5200ms (custom)
2024-06-22 13:31:54,988 [b47eb027-4b7a-4ddc-bf7f-0870758e0604-groupManagement] INFO  server.RaftServerConfigKeys (ConfUtils.java:logGet(46)) - raft.server.rpc.sleep.time = 25ms (default)
2024-06-22 13:31:54,988 [b47eb027-4b7a-4ddc-bf7f-0870758e0604-groupManagement] INFO  server.RaftServerConfigKeys (ConfUtils.java:logGet(46)) - raft.server.rpc.slowness.timeout = 300s (custom)
2024-06-22 13:31:54,988 [b47eb027-4b7a-4ddc-bf7f-0870758e0604-groupManagement] INFO  server.RaftServerConfigKeys (ConfUtils.java:logGet(46)) - raft.server.leaderelection.leader.step-down.wait-time = 10s (default)
2024-06-22 13:31:54,989 [b47eb027-4b7a-4ddc-bf7f-0870758e0604-groupManagement] INFO  server.RaftServerConfigKeys (ConfUtils.java:logGet(46)) - raft.server.leaderelection.member.majority-add = false (default)
2024-06-22 13:31:54,989 [b47eb027-4b7a-4ddc-bf7f-0870758e0604-groupManagement] INFO  server.RaftServerConfigKeys (ConfUtils.java:logGet(46)) - raft.server.sleep.deviation.threshold = 300ms (default)
2024-06-22 13:31:54,989 [b47eb027-4b7a-4ddc-bf7f-0870758e0604-groupManagement] INFO  server.RaftServer$Division (ServerState.java:<init>(113)) - b47eb027-4b7a-4ddc-bf7f-0870758e0604@group-39932C3C694B: ConfigurationManager, init=-1: peers:[b47eb027-4b7a-4ddc-bf7f-0870758e0604|127.0.0.1:15032, fdf93896-5abf-403c-99a8-bb8ea43c9a14|127.0.0.1:15023, c511b233-3aa4-4954-9335-f5d54c64e497|127.0.0.1:15014]|listeners:[], old=null, confs=<EMPTY_MAP>
2024-06-22 13:31:54,989 [b47eb027-4b7a-4ddc-bf7f-0870758e0604-groupManagement] INFO  server.RaftServerConfigKeys (ConfUtils.java:logGet(46)) - raft.server.notification.no-leader.timeout = 300s (custom)
2024-06-22 13:31:54,989 [b47eb027-4b7a-4ddc-bf7f-0870758e0604-groupManagement] INFO  server.RaftServerConfigKeys (ConfUtils.java:logGet(46)) - raft.server.read.timeout = 10s (default)
2024-06-22 13:31:54,989 [b47eb027-4b7a-4ddc-bf7f-0870758e0604-groupManagement] INFO  server.RaftServerConfigKeys (ConfUtils.java:logGet(46)) - raft.server.retrycache.expirytime = 600000ms (custom)
2024-06-22 13:31:54,989 [b47eb027-4b7a-4ddc-bf7f-0870758e0604-groupManagement] INFO  server.RaftServerConfigKeys (ConfUtils.java:logGet(46)) - raft.server.retrycache.statistics.expirytime = 100ms (default)
2024-06-22 13:31:54,989 [b47eb027-4b7a-4ddc-bf7f-0870758e0604-groupManagement] INFO  server.RaftServerConfigKeys (ConfUtils.java:logGet(46)) - raft.server.read.option = DEFAULT (default)
2024-06-22 13:31:54,989 [b47eb027-4b7a-4ddc-bf7f-0870758e0604-groupManagement] INFO  server.RaftServerConfigKeys (ConfUtils.java:logGet(46)) - raft.server.read.read-after-write-consistent.write-index-cache.expiry-time = 60s (default)
2024-06-22 13:31:54,993 [b47eb027-4b7a-4ddc-bf7f-0870758e0604-groupManagement] INFO  server.RaftServerConfigKeys (ConfUtils.java:logGet(46)) - raft.server.rpc.request.timeout = 60s (custom)
2024-06-22 13:31:54,993 [b47eb027-4b7a-4ddc-bf7f-0870758e0604-groupManagement] INFO  server.RaftServerConfigKeys (ConfUtils.java:logGet(46)) - raft.server.log.appender.install.snapshot.enabled = false (custom)
2024-06-22 13:31:54,993 [b47eb027-4b7a-4ddc-bf7f-0870758e0604-groupManagement] INFO  server.RaftServerConfigKeys (ConfUtils.java:logGet(46)) - raft.server.threadpool.server.cached = true (default)
2024-06-22 13:31:54,993 [b47eb027-4b7a-4ddc-bf7f-0870758e0604-groupManagement] INFO  server.RaftServerConfigKeys (ConfUtils.java:logGet(46)) - raft.server.threadpool.server.size = 0 (default)
2024-06-22 13:31:54,993 [b47eb027-4b7a-4ddc-bf7f-0870758e0604-groupManagement] INFO  server.RaftServerConfigKeys (ConfUtils.java:logGet(46)) - raft.server.threadpool.client.cached = true (default)
2024-06-22 13:31:54,993 [b47eb027-4b7a-4ddc-bf7f-0870758e0604-groupManagement] INFO  server.RaftServerConfigKeys (ConfUtils.java:logGet(46)) - raft.server.threadpool.client.size = 0 (default)
2024-06-22 13:31:54,993 [b47eb027-4b7a-4ddc-bf7f-0870758e0604-groupManagement] INFO  server.RaftServerConfigKeys (ConfUtils.java:logGet(46)) - raft.server.storage.free-space.min = 0MB (=0) (default)
2024-06-22 13:31:54,993 [b47eb027-4b7a-4ddc-bf7f-0870758e0604-groupManagement] INFO  server.RaftServerConfigKeys (ConfUtils.java:logGet(46)) - raft.server.log.corruption.policy = EXCEPTION (default)
2024-06-22 13:31:54,993 [b47eb027-4b7a-4ddc-bf7f-0870758e0604-groupManagement] INFO  server.RaftServerConfigKeys (ConfUtils.java:logGet(46)) - raft.server.storage.dir = [/home/runner/work/ozone/ozone/hadoop-ozone/integration-test/target/test-dir/MiniOzoneClusterImpl-ed78929e-9b9e-4304-bdcd-e93070d12e9d/ozone-meta/datanode-3/ratis] (custom)
2024-06-22 13:31:54,993 [b47eb027-4b7a-4ddc-bf7f-0870758e0604-groupManagement] INFO  storage.RaftStorageDirectory (RaftStorageDirectoryImpl.java:analyzeStorage(138)) - The storage directory /home/runner/work/ozone/ozone/hadoop-ozone/integration-test/target/test-dir/MiniOzoneClusterImpl-ed78929e-9b9e-4304-bdcd-e93070d12e9d/ozone-meta/datanode-3/ratis/d4c8851d-4300-4327-9eb4-39932c3c694b does not exist. Creating ...
2024-06-22 13:31:54,995 [b47eb027-4b7a-4ddc-bf7f-0870758e0604-groupManagement] INFO  storage.RaftStorageDirectory (RaftStorageDirectoryImpl.java:tryLock(228)) - Lock on /home/runner/work/ozone/ozone/hadoop-ozone/integration-test/target/test-dir/MiniOzoneClusterImpl-ed78929e-9b9e-4304-bdcd-e93070d12e9d/ozone-meta/datanode-3/ratis/d4c8851d-4300-4327-9eb4-39932c3c694b/in_use.lock acquired by nodename 98639@fv-az882-123
2024-06-22 13:31:54,996 [b47eb027-4b7a-4ddc-bf7f-0870758e0604-groupManagement] INFO  storage.RaftStorage (RaftStorageImpl.java:format(99)) - Storage directory /home/runner/work/ozone/ozone/hadoop-ozone/integration-test/target/test-dir/MiniOzoneClusterImpl-ed78929e-9b9e-4304-bdcd-e93070d12e9d/ozone-meta/datanode-3/ratis/d4c8851d-4300-4327-9eb4-39932c3c694b has been successfully formatted.
2024-06-22 13:31:54,996 [b47eb027-4b7a-4ddc-bf7f-0870758e0604-groupManagement] WARN  util.FileUtils (LogUtils.java:supplyAndLog(63)) - Failed to Files.newInputStream /home/runner/work/ozone/ozone/hadoop-ozone/integration-test/target/test-dir/MiniOzoneClusterImpl-ed78929e-9b9e-4304-bdcd-e93070d12e9d/ozone-meta/datanode-3/ratis/d4c8851d-4300-4327-9eb4-39932c3c694b/current/raft-meta.conf with options []: java.nio.file.NoSuchFileException: /home/runner/work/ozone/ozone/hadoop-ozone/integration-test/target/test-dir/MiniOzoneClusterImpl-ed78929e-9b9e-4304-bdcd-e93070d12e9d/ozone-meta/datanode-3/ratis/d4c8851d-4300-4327-9eb4-39932c3c694b/current/raft-meta.conf
2024-06-22 13:31:54,996 [b47eb027-4b7a-4ddc-bf7f-0870758e0604-groupManagement] INFO  ratis.ContainerStateMachine (ContainerStateMachine.java:loadSnapshot(287)) - group-39932C3C694B: The snapshot info is null. Setting the last applied index to:(t:0, i:~)
2024-06-22 13:31:54,997 [b47eb027-4b7a-4ddc-bf7f-0870758e0604-groupManagement] INFO  server.RaftServerConfigKeys (ConfUtils.java:logGet(46)) - raft.server.log.use.memory = false (default)
2024-06-22 13:31:54,997 [b47eb027-4b7a-4ddc-bf7f-0870758e0604-groupManagement] INFO  server.RaftServerConfigKeys (ConfUtils.java:logGet(46)) - raft.server.log.purge.gap = 1000000 (custom)
2024-06-22 13:31:54,997 [b47eb027-4b7a-4ddc-bf7f-0870758e0604-groupManagement] INFO  server.RaftServerConfigKeys (ConfUtils.java:logGet(46)) - raft.server.log.appender.buffer.byte-limit = 8388608 (custom)
2024-06-22 13:31:54,997 [b47eb027-4b7a-4ddc-bf7f-0870758e0604-groupManagement] INFO  server.RaftServerConfigKeys (ConfUtils.java:logGet(46)) - raft.server.log.statemachine.data.read.timeout = 1000ms (default)
2024-06-22 13:31:54,997 [b47eb027-4b7a-4ddc-bf7f-0870758e0604-groupManagement] INFO  server.RaftServerConfigKeys (ConfUtils.java:logGet(46)) - raft.server.log.purge.preservation.log.num = 0 (default)
2024-06-22 13:31:54,999 [EventQueue-OpenPipelineForHealthyPipelineSafeModeRule] INFO  safemode.SCMSafeModeManager (HealthyPipelineSafeModeRule.java:process(140)) - SCM in safe mode. Healthy pipelines reported count is 0, required healthy pipeline reported count is 1
2024-06-22 13:31:55,001 [fdf93896-5abf-403c-99a8-bb8ea43c9a14-groupManagement] INFO  server.RaftServerConfigKeys (ConfUtils.java:logGet(46)) - raft.server.log.segment.cache.num.max = 2 (custom)
2024-06-22 13:31:55,001 [fdf93896-5abf-403c-99a8-bb8ea43c9a14-groupManagement] INFO  server.RaftServerConfigKeys (ConfUtils.java:logGet(46)) - raft.server.log.segment.cache.size.max = 200MB (=209715200) (default)
2024-06-22 13:31:55,001 [fdf93896-5abf-403c-99a8-bb8ea43c9a14-groupManagement] INFO  server.RaftServerConfigKeys (ConfUtils.java:logGet(46)) - raft.server.log.appender.buffer.byte-limit = 8388608 (custom)
2024-06-22 13:31:55,003 [b47eb027-4b7a-4ddc-bf7f-0870758e0604-groupManagement] INFO  server.RaftServerConfigKeys (ConfUtils.java:logGet(46)) - raft.server.log.segment.size.max = 67108864 (custom)
2024-06-22 13:31:55,005 [b47eb027-4b7a-4ddc-bf7f-0870758e0604-groupManagement] INFO  server.RaftServerConfigKeys (ConfUtils.java:logGet(46)) - raft.server.log.segment.cache.num.max = 2 (custom)
2024-06-22 13:31:55,005 [b47eb027-4b7a-4ddc-bf7f-0870758e0604-groupManagement] INFO  server.RaftServerConfigKeys (ConfUtils.java:logGet(46)) - raft.server.log.segment.cache.size.max = 200MB (=209715200) (default)
2024-06-22 13:31:55,005 [b47eb027-4b7a-4ddc-bf7f-0870758e0604-groupManagement] INFO  server.RaftServerConfigKeys (ConfUtils.java:logGet(46)) - raft.server.log.appender.buffer.byte-limit = 8388608 (custom)
2024-06-22 13:31:55,007 [b47eb027-4b7a-4ddc-bf7f-0870758e0604-groupManagement] INFO  util.AwaitToRun (AwaitToRun.java:start(81)) - Thread[b47eb027-4b7a-4ddc-bf7f-0870758e0604@group-39932C3C694B-cacheEviction-AwaitToRun,5,main] started
2024-06-22 13:31:55,007 [b47eb027-4b7a-4ddc-bf7f-0870758e0604-groupManagement] INFO  segmented.SegmentedRaftLogWorker (SegmentedRaftLogWorker.java:<init>(182)) - new b47eb027-4b7a-4ddc-bf7f-0870758e0604@group-39932C3C694B-SegmentedRaftLogWorker for RaftStorageImpl:Storage Directory /home/runner/work/ozone/ozone/hadoop-ozone/integration-test/target/test-dir/MiniOzoneClusterImpl-ed78929e-9b9e-4304-bdcd-e93070d12e9d/ozone-meta/datanode-3/ratis/d4c8851d-4300-4327-9eb4-39932c3c694b
2024-06-22 13:31:55,007 [b47eb027-4b7a-4ddc-bf7f-0870758e0604-groupManagement] INFO  server.RaftServerConfigKeys (ConfUtils.java:logGet(46)) - raft.server.log.queue.byte-limit = 4294967296 (custom)
2024-06-22 13:31:55,008 [b47eb027-4b7a-4ddc-bf7f-0870758e0604-groupManagement] INFO  server.RaftServerConfigKeys (ConfUtils.java:logGet(46)) - raft.server.log.queue.element-limit = 1024 (custom)
2024-06-22 13:31:55,008 [b47eb027-4b7a-4ddc-bf7f-0870758e0604-groupManagement] INFO  server.RaftServerConfigKeys (ConfUtils.java:logGet(46)) - raft.server.log.segment.size.max = 67108864 (custom)
2024-06-22 13:31:55,008 [b47eb027-4b7a-4ddc-bf7f-0870758e0604-groupManagement] INFO  server.RaftServerConfigKeys (ConfUtils.java:logGet(46)) - raft.server.log.preallocated.size = 4194304 (custom)
2024-06-22 13:31:55,008 [b47eb027-4b7a-4ddc-bf7f-0870758e0604-groupManagement] INFO  server.RaftServerConfigKeys (ConfUtils.java:logGet(46)) - raft.server.log.force.sync.num = 128 (default)
2024-06-22 13:31:55,008 [b47eb027-4b7a-4ddc-bf7f-0870758e0604-groupManagement] INFO  server.RaftServerConfigKeys (ConfUtils.java:logGet(46)) - raft.server.log.statemachine.data.sync = true (default)
2024-06-22 13:31:55,008 [b47eb027-4b7a-4ddc-bf7f-0870758e0604-groupManagement] INFO  server.RaftServerConfigKeys (ConfUtils.java:logGet(46)) - raft.server.log.statemachine.data.sync.timeout = 10s (default)
2024-06-22 13:31:55,008 [b47eb027-4b7a-4ddc-bf7f-0870758e0604-groupManagement] INFO  server.RaftServerConfigKeys (ConfUtils.java:logGet(46)) - raft.server.log.statemachine.data.sync.timeout.retry = 30 (custom)
2024-06-22 13:31:55,008 [b47eb027-4b7a-4ddc-bf7f-0870758e0604-groupManagement] INFO  server.RaftServerConfigKeys (ConfUtils.java:logGet(46)) - raft.server.log.write.buffer.size = 8388616 (custom)
2024-06-22 13:31:55,009 [fdf93896-5abf-403c-99a8-bb8ea43c9a14-groupManagement] INFO  util.AwaitToRun (AwaitToRun.java:start(81)) - Thread[fdf93896-5abf-403c-99a8-bb8ea43c9a14@group-39932C3C694B-cacheEviction-AwaitToRun,5,main] started
2024-06-22 13:31:55,009 [fdf93896-5abf-403c-99a8-bb8ea43c9a14-groupManagement] INFO  segmented.SegmentedRaftLogWorker (SegmentedRaftLogWorker.java:<init>(182)) - new fdf93896-5abf-403c-99a8-bb8ea43c9a14@group-39932C3C694B-SegmentedRaftLogWorker for RaftStorageImpl:Storage Directory /home/runner/work/ozone/ozone/hadoop-ozone/integration-test/target/test-dir/MiniOzoneClusterImpl-ed78929e-9b9e-4304-bdcd-e93070d12e9d/ozone-meta/datanode-2/ratis/d4c8851d-4300-4327-9eb4-39932c3c694b
2024-06-22 13:31:55,009 [fdf93896-5abf-403c-99a8-bb8ea43c9a14-groupManagement] INFO  server.RaftServerConfigKeys (ConfUtils.java:logGet(46)) - raft.server.log.queue.byte-limit = 4294967296 (custom)
2024-06-22 13:31:55,009 [fdf93896-5abf-403c-99a8-bb8ea43c9a14-groupManagement] INFO  server.RaftServerConfigKeys (ConfUtils.java:logGet(46)) - raft.server.log.queue.element-limit = 1024 (custom)
2024-06-22 13:31:55,009 [fdf93896-5abf-403c-99a8-bb8ea43c9a14-groupManagement] INFO  server.RaftServerConfigKeys (ConfUtils.java:logGet(46)) - raft.server.log.segment.size.max = 67108864 (custom)
2024-06-22 13:31:55,009 [fdf93896-5abf-403c-99a8-bb8ea43c9a14-groupManagement] INFO  server.RaftServerConfigKeys (ConfUtils.java:logGet(46)) - raft.server.log.preallocated.size = 4194304 (custom)
2024-06-22 13:31:55,009 [fdf93896-5abf-403c-99a8-bb8ea43c9a14-groupManagement] INFO  server.RaftServerConfigKeys (ConfUtils.java:logGet(46)) - raft.server.log.force.sync.num = 128 (default)
2024-06-22 13:31:55,009 [fdf93896-5abf-403c-99a8-bb8ea43c9a14-groupManagement] INFO  server.RaftServerConfigKeys (ConfUtils.java:logGet(46)) - raft.server.log.statemachine.data.sync = true (default)
2024-06-22 13:31:55,009 [fdf93896-5abf-403c-99a8-bb8ea43c9a14-groupManagement] INFO  server.RaftServerConfigKeys (ConfUtils.java:logGet(46)) - raft.server.log.statemachine.data.sync.timeout = 10s (default)
2024-06-22 13:31:55,010 [fdf93896-5abf-403c-99a8-bb8ea43c9a14-groupManagement] INFO  server.RaftServerConfigKeys (ConfUtils.java:logGet(46)) - raft.server.log.statemachine.data.sync.timeout.retry = 30 (custom)
2024-06-22 13:31:55,010 [fdf93896-5abf-403c-99a8-bb8ea43c9a14-groupManagement] INFO  server.RaftServerConfigKeys (ConfUtils.java:logGet(46)) - raft.server.log.write.buffer.size = 8388616 (custom)
2024-06-22 13:31:55,011 [b47eb027-4b7a-4ddc-bf7f-0870758e0604-groupManagement] INFO  server.RaftServerConfigKeys (ConfUtils.java:logGet(46)) - raft.server.log.appender.buffer.byte-limit = 8388608 (custom)
2024-06-22 13:31:55,011 [b47eb027-4b7a-4ddc-bf7f-0870758e0604-groupManagement] INFO  server.RaftServerConfigKeys (ConfUtils.java:logGet(46)) - raft.server.log.unsafe-flush.enabled = false (default)
2024-06-22 13:31:55,011 [b47eb027-4b7a-4ddc-bf7f-0870758e0604-groupManagement] INFO  server.RaftServerConfigKeys (ConfUtils.java:logGet(46)) - raft.server.log.async-flush.enabled = false (default)
2024-06-22 13:31:55,011 [b47eb027-4b7a-4ddc-bf7f-0870758e0604-groupManagement] INFO  server.RaftServerConfigKeys (ConfUtils.java:logGet(46)) - raft.server.log.statemachine.data.caching.enabled = true (custom)
2024-06-22 13:31:55,011 [b47eb027-4b7a-4ddc-bf7f-0870758e0604-groupManagement] INFO  segmented.SegmentedRaftLogWorker (SegmentedRaftLogWorker.java:lambda$new$0(134)) - b47eb027-4b7a-4ddc-bf7f-0870758e0604@group-39932C3C694B-SegmentedRaftLogWorker: flushIndex: setUnconditionally 0 -> -1
2024-06-22 13:31:55,011 [b47eb027-4b7a-4ddc-bf7f-0870758e0604-groupManagement] INFO  segmented.SegmentedRaftLogWorker (SegmentedRaftLogWorker.java:lambda$new$0(134)) - b47eb027-4b7a-4ddc-bf7f-0870758e0604@group-39932C3C694B-SegmentedRaftLogWorker: safeCacheEvictIndex: setUnconditionally 0 -> -1
2024-06-22 13:31:55,012 [fdf93896-5abf-403c-99a8-bb8ea43c9a14-groupManagement] INFO  server.RaftServerConfigKeys (ConfUtils.java:logGet(46)) - raft.server.log.appender.buffer.byte-limit = 8388608 (custom)
2024-06-22 13:31:55,012 [fdf93896-5abf-403c-99a8-bb8ea43c9a14-groupManagement] INFO  server.RaftServerConfigKeys (ConfUtils.java:logGet(46)) - raft.server.log.unsafe-flush.enabled = false (default)
2024-06-22 13:31:55,012 [fdf93896-5abf-403c-99a8-bb8ea43c9a14-groupManagement] INFO  server.RaftServerConfigKeys (ConfUtils.java:logGet(46)) - raft.server.log.async-flush.enabled = false (default)
2024-06-22 13:31:55,012 [fdf93896-5abf-403c-99a8-bb8ea43c9a14-groupManagement] INFO  server.RaftServerConfigKeys (ConfUtils.java:logGet(46)) - raft.server.log.statemachine.data.caching.enabled = true (custom)
2024-06-22 13:31:55,013 [fdf93896-5abf-403c-99a8-bb8ea43c9a14-groupManagement] INFO  segmented.SegmentedRaftLogWorker (SegmentedRaftLogWorker.java:lambda$new$0(134)) - fdf93896-5abf-403c-99a8-bb8ea43c9a14@group-39932C3C694B-SegmentedRaftLogWorker: flushIndex: setUnconditionally 0 -> -1
2024-06-22 13:31:55,013 [fdf93896-5abf-403c-99a8-bb8ea43c9a14-groupManagement] INFO  segmented.SegmentedRaftLogWorker (SegmentedRaftLogWorker.java:lambda$new$0(134)) - fdf93896-5abf-403c-99a8-bb8ea43c9a14@group-39932C3C694B-SegmentedRaftLogWorker: safeCacheEvictIndex: setUnconditionally 0 -> -1
2024-06-22 13:31:55,022 [b47eb027-4b7a-4ddc-bf7f-0870758e0604-groupManagement] INFO  server.RaftServer$Division (RaftServerImpl.java:start(396)) - b47eb027-4b7a-4ddc-bf7f-0870758e0604@group-39932C3C694B: start as a follower, conf=-1: peers:[b47eb027-4b7a-4ddc-bf7f-0870758e0604|127.0.0.1:15032, fdf93896-5abf-403c-99a8-bb8ea43c9a14|127.0.0.1:15023, c511b233-3aa4-4954-9335-f5d54c64e497|127.0.0.1:15014]|listeners:[], old=null
2024-06-22 13:31:55,022 [b47eb027-4b7a-4ddc-bf7f-0870758e0604-groupManagement] INFO  server.RaftServer$Division (RaftServerImpl.java:setRole(383)) - b47eb027-4b7a-4ddc-bf7f-0870758e0604@group-39932C3C694B: changes role from      null to FOLLOWER at term 0 for startAsFollower
2024-06-22 13:31:55,022 [b47eb027-4b7a-4ddc-bf7f-0870758e0604-groupManagement] INFO  impl.RoleInfo (RoleInfo.java:updateAndGet(139)) - b47eb027-4b7a-4ddc-bf7f-0870758e0604: start b47eb027-4b7a-4ddc-bf7f-0870758e0604@group-39932C3C694B-FollowerState
2024-06-22 13:31:55,023 [fdf93896-5abf-403c-99a8-bb8ea43c9a14-groupManagement] INFO  server.RaftServer$Division (RaftServerImpl.java:start(396)) - fdf93896-5abf-403c-99a8-bb8ea43c9a14@group-39932C3C694B: start as a follower, conf=-1: peers:[b47eb027-4b7a-4ddc-bf7f-0870758e0604|127.0.0.1:15032, fdf93896-5abf-403c-99a8-bb8ea43c9a14|127.0.0.1:15023, c511b233-3aa4-4954-9335-f5d54c64e497|127.0.0.1:15014]|listeners:[], old=null
2024-06-22 13:31:55,023 [fdf93896-5abf-403c-99a8-bb8ea43c9a14-groupManagement] INFO  server.RaftServer$Division (RaftServerImpl.java:setRole(383)) - fdf93896-5abf-403c-99a8-bb8ea43c9a14@group-39932C3C694B: changes role from      null to FOLLOWER at term 0 for startAsFollower
2024-06-22 13:31:55,023 [fdf93896-5abf-403c-99a8-bb8ea43c9a14-groupManagement] INFO  impl.RoleInfo (RoleInfo.java:updateAndGet(139)) - fdf93896-5abf-403c-99a8-bb8ea43c9a14: start fdf93896-5abf-403c-99a8-bb8ea43c9a14@group-39932C3C694B-FollowerState
2024-06-22 13:31:55,024 [fdf93896-5abf-403c-99a8-bb8ea43c9a14-groupManagement] INFO  util.JmxRegister (JmxRegister.java:tryRegister(44)) - Successfully registered JMX Bean with object name Ratis:service=RaftServer,group=group-39932C3C694B,id=fdf93896-5abf-403c-99a8-bb8ea43c9a14
2024-06-22 13:31:55,024 [fdf93896-5abf-403c-99a8-bb8ea43c9a14-groupManagement] INFO  server.RaftServerConfigKeys (ConfUtils.java:logGet(46)) - raft.server.snapshot.trigger-when-stop.enabled = true (default)
2024-06-22 13:31:55,024 [fdf93896-5abf-403c-99a8-bb8ea43c9a14-groupManagement] INFO  server.RaftServerConfigKeys (ConfUtils.java:logGet(46)) - raft.server.snapshot.auto.trigger.enabled = true (custom)
2024-06-22 13:31:55,024 [fdf93896-5abf-403c-99a8-bb8ea43c9a14-groupManagement] INFO  server.RaftServerConfigKeys (ConfUtils.java:logGet(46)) - raft.server.snapshot.auto.trigger.threshold = 10000 (custom)
2024-06-22 13:31:55,024 [fdf93896-5abf-403c-99a8-bb8ea43c9a14-groupManagement] INFO  server.RaftServerConfigKeys (ConfUtils.java:logGet(46)) - raft.server.snapshot.retention.file.num = 5 (custom)
2024-06-22 13:31:55,024 [fdf93896-5abf-403c-99a8-bb8ea43c9a14-groupManagement] INFO  server.RaftServerConfigKeys (ConfUtils.java:logGet(46)) - raft.server.log.purge.upto.snapshot.index = false (default)
2024-06-22 13:31:55,025 [fdf93896-5abf-403c-99a8-bb8ea43c9a14-PipelineCommandHandlerThread-0] INFO  ratis.XceiverServerRatis (XceiverServerRatis.java:addGroup(864)) - Created group PipelineID=d4c8851d-4300-4327-9eb4-39932c3c694b
2024-06-22 13:31:55,027 [fdf93896-5abf-403c-99a8-bb8ea43c9a14@group-39932C3C694B-FollowerState] INFO  server.RaftServerConfigKeys (ConfUtils.java:logFallback(53)) - raft.server.rpc.first-election.timeout.min = 5s (fallback to raft.server.rpc.timeout.min)
2024-06-22 13:31:55,027 [fdf93896-5abf-403c-99a8-bb8ea43c9a14@group-39932C3C694B-FollowerState] INFO  server.RaftServerConfigKeys (ConfUtils.java:logFallback(53)) - raft.server.rpc.first-election.timeout.max = 5200ms (fallback to raft.server.rpc.timeout.max)
2024-06-22 13:31:55,029 [b47eb027-4b7a-4ddc-bf7f-0870758e0604-groupManagement] INFO  util.JmxRegister (JmxRegister.java:tryRegister(44)) - Successfully registered JMX Bean with object name Ratis:service=RaftServer,group=group-39932C3C694B,id=b47eb027-4b7a-4ddc-bf7f-0870758e0604
2024-06-22 13:31:55,029 [b47eb027-4b7a-4ddc-bf7f-0870758e0604-groupManagement] INFO  server.RaftServerConfigKeys (ConfUtils.java:logGet(46)) - raft.server.snapshot.trigger-when-stop.enabled = true (default)
2024-06-22 13:31:55,029 [b47eb027-4b7a-4ddc-bf7f-0870758e0604-groupManagement] INFO  server.RaftServerConfigKeys (ConfUtils.java:logGet(46)) - raft.server.snapshot.auto.trigger.enabled = true (custom)
2024-06-22 13:31:55,029 [b47eb027-4b7a-4ddc-bf7f-0870758e0604-groupManagement] INFO  server.RaftServerConfigKeys (ConfUtils.java:logGet(46)) - raft.server.snapshot.auto.trigger.threshold = 10000 (custom)
2024-06-22 13:31:55,029 [b47eb027-4b7a-4ddc-bf7f-0870758e0604-groupManagement] INFO  server.RaftServerConfigKeys (ConfUtils.java:logGet(46)) - raft.server.snapshot.retention.file.num = 5 (custom)
2024-06-22 13:31:55,029 [b47eb027-4b7a-4ddc-bf7f-0870758e0604-groupManagement] INFO  server.RaftServerConfigKeys (ConfUtils.java:logGet(46)) - raft.server.log.purge.upto.snapshot.index = false (default)
2024-06-22 13:31:55,030 [b47eb027-4b7a-4ddc-bf7f-0870758e0604@group-39932C3C694B-FollowerState] INFO  server.RaftServerConfigKeys (ConfUtils.java:logFallback(53)) - raft.server.rpc.first-election.timeout.min = 5s (fallback to raft.server.rpc.timeout.min)
2024-06-22 13:31:55,030 [b47eb027-4b7a-4ddc-bf7f-0870758e0604@group-39932C3C694B-FollowerState] INFO  server.RaftServerConfigKeys (ConfUtils.java:logFallback(53)) - raft.server.rpc.first-election.timeout.max = 5200ms (fallback to raft.server.rpc.timeout.max)
2024-06-22 13:31:55,033 [b47eb027-4b7a-4ddc-bf7f-0870758e0604-PipelineCommandHandlerThread-0] INFO  ratis.XceiverServerRatis (XceiverServerRatis.java:addGroup(864)) - Created group PipelineID=d4c8851d-4300-4327-9eb4-39932c3c694b
2024-06-22 13:31:55,039 [c511b233-3aa4-4954-9335-f5d54c64e497-PipelineCommandHandlerThread-0] INFO  commandhandler.CreatePipelineCommandHandler (CreatePipelineCommandHandler.java:lambda$handle$2(124)) - Created Pipeline RATIS THREE PipelineID=d4c8851d-4300-4327-9eb4-39932c3c694b.
2024-06-22 13:31:55,066 [fdf93896-5abf-403c-99a8-bb8ea43c9a14-PipelineCommandHandlerThread-0] INFO  commandhandler.CreatePipelineCommandHandler (CreatePipelineCommandHandler.java:lambda$handle$2(124)) - Created Pipeline RATIS THREE PipelineID=d4c8851d-4300-4327-9eb4-39932c3c694b.
2024-06-22 13:31:55,076 [b47eb027-4b7a-4ddc-bf7f-0870758e0604-PipelineCommandHandlerThread-0] INFO  commandhandler.CreatePipelineCommandHandler (CreatePipelineCommandHandler.java:lambda$handle$2(124)) - Created Pipeline RATIS THREE PipelineID=d4c8851d-4300-4327-9eb4-39932c3c694b.
2024-06-22 13:31:55,774 [ReplicationMonitor] INFO  replication.ReplicationManager (ReplicationManager.java:processAll(373)) - Replication Manager is not ready to run until 3000ms after safemode exit
2024-06-22 13:31:55,841 [main] INFO  ozone.MiniOzoneClusterImpl (MiniOzoneClusterImpl.java:lambda$waitForClusterToBeReady$0(194)) - Nodes are ready. Got 5 of 5 DN Heartbeats.
2024-06-22 13:31:55,841 [main] INFO  ozone.MiniOzoneClusterImpl (MiniOzoneClusterImpl.java:lambda$waitForClusterToBeReady$0(197)) - Waiting for cluster to exit safe mode
2024-06-22 13:31:55,841 [main] INFO  ozone.MiniOzoneClusterImpl (MiniOzoneClusterImpl.java:lambda$waitForClusterToBeReady$0(199)) - SCM became leader
2024-06-22 13:31:56,774 [ReplicationMonitor] INFO  replication.ReplicationManager (ReplicationManager.java:processAll(373)) - Replication Manager is not ready to run until 3000ms after safemode exit
2024-06-22 13:31:56,842 [main] INFO  ozone.MiniOzoneClusterImpl (MiniOzoneClusterImpl.java:lambda$waitForClusterToBeReady$0(194)) - Nodes are ready. Got 5 of 5 DN Heartbeats.
2024-06-22 13:31:56,842 [main] INFO  ozone.MiniOzoneClusterImpl (MiniOzoneClusterImpl.java:lambda$waitForClusterToBeReady$0(197)) - Waiting for cluster to exit safe mode
2024-06-22 13:31:56,842 [main] INFO  ozone.MiniOzoneClusterImpl (MiniOzoneClusterImpl.java:lambda$waitForClusterToBeReady$0(199)) - SCM became leader
2024-06-22 13:31:57,775 [ReplicationMonitor] INFO  replication.ReplicationManager (ReplicationManager.java:processAll(373)) - Replication Manager is not ready to run until 3000ms after safemode exit
2024-06-22 13:31:57,842 [main] INFO  ozone.MiniOzoneClusterImpl (MiniOzoneClusterImpl.java:lambda$waitForClusterToBeReady$0(194)) - Nodes are ready. Got 5 of 5 DN Heartbeats.
2024-06-22 13:31:57,842 [main] INFO  ozone.MiniOzoneClusterImpl (MiniOzoneClusterImpl.java:lambda$waitForClusterToBeReady$0(197)) - Waiting for cluster to exit safe mode
2024-06-22 13:31:57,842 [main] INFO  ozone.MiniOzoneClusterImpl (MiniOzoneClusterImpl.java:lambda$waitForClusterToBeReady$0(199)) - SCM became leader
2024-06-22 13:31:58,775 [ReplicationMonitor] INFO  replication.ReplicationManager (ReplicationManager.java:processAll(373)) - Replication Manager is not ready to run until 3000ms after safemode exit
2024-06-22 13:31:58,843 [main] INFO  ozone.MiniOzoneClusterImpl (MiniOzoneClusterImpl.java:lambda$waitForClusterToBeReady$0(194)) - Nodes are ready. Got 5 of 5 DN Heartbeats.
2024-06-22 13:31:58,843 [main] INFO  ozone.MiniOzoneClusterImpl (MiniOzoneClusterImpl.java:lambda$waitForClusterToBeReady$0(197)) - Waiting for cluster to exit safe mode
2024-06-22 13:31:58,843 [main] INFO  ozone.MiniOzoneClusterImpl (MiniOzoneClusterImpl.java:lambda$waitForClusterToBeReady$0(199)) - SCM became leader
2024-06-22 13:31:59,533 [c511b233-3aa4-4954-9335-f5d54c64e497@group-416D015375CF-FollowerState] INFO  impl.FollowerState (FollowerState.java:run(143)) - c511b233-3aa4-4954-9335-f5d54c64e497@group-416D015375CF-FollowerState: change to CANDIDATE, lastRpcElapsedTime:5083882588ns, electionTimeout:5075ms
2024-06-22 13:31:59,533 [c511b233-3aa4-4954-9335-f5d54c64e497@group-416D015375CF-FollowerState] INFO  impl.RoleInfo (RoleInfo.java:shutdownFollowerState(110)) - c511b233-3aa4-4954-9335-f5d54c64e497: shutdown c511b233-3aa4-4954-9335-f5d54c64e497@group-416D015375CF-FollowerState
2024-06-22 13:31:59,534 [c511b233-3aa4-4954-9335-f5d54c64e497@group-416D015375CF-FollowerState] INFO  server.RaftServer$Division (RaftServerImpl.java:setRole(383)) - c511b233-3aa4-4954-9335-f5d54c64e497@group-416D015375CF: changes role from  FOLLOWER to CANDIDATE at term 0 for changeToCandidate
2024-06-22 13:31:59,534 [c511b233-3aa4-4954-9335-f5d54c64e497@group-416D015375CF-FollowerState] INFO  server.RaftServerConfigKeys (ConfUtils.java:logGet(46)) - raft.server.leaderelection.pre-vote = true (default)
2024-06-22 13:31:59,534 [c511b233-3aa4-4954-9335-f5d54c64e497@group-416D015375CF-FollowerState] INFO  impl.RoleInfo (RoleInfo.java:updateAndGet(139)) - c511b233-3aa4-4954-9335-f5d54c64e497: start c511b233-3aa4-4954-9335-f5d54c64e497@group-416D015375CF-LeaderElection2
2024-06-22 13:31:59,534 [c511b233-3aa4-4954-9335-f5d54c64e497@group-416D015375CF-LeaderElection2] INFO  impl.LeaderElection (LeaderElection.java:askForVotes(321)) - c511b233-3aa4-4954-9335-f5d54c64e497@group-416D015375CF-LeaderElection2 PRE_VOTE round 0: submit vote requests at term 0 for -1: peers:[c511b233-3aa4-4954-9335-f5d54c64e497|127.0.0.1:15014]|listeners:[], old=null
2024-06-22 13:31:59,534 [c511b233-3aa4-4954-9335-f5d54c64e497@group-416D015375CF-LeaderElection2] INFO  impl.LeaderElection (LeaderElection.java:askForVotes(323)) - c511b233-3aa4-4954-9335-f5d54c64e497@group-416D015375CF-LeaderElection2 PRE_VOTE round 0: result PASSED (term=0)
2024-06-22 13:31:59,536 [c511b233-3aa4-4954-9335-f5d54c64e497@group-416D015375CF-LeaderElection2] INFO  impl.LeaderElection (LeaderElection.java:askForVotes(321)) - c511b233-3aa4-4954-9335-f5d54c64e497@group-416D015375CF-LeaderElection2 ELECTION round 0: submit vote requests at term 1 for -1: peers:[c511b233-3aa4-4954-9335-f5d54c64e497|127.0.0.1:15014]|listeners:[], old=null
2024-06-22 13:31:59,536 [c511b233-3aa4-4954-9335-f5d54c64e497@group-416D015375CF-LeaderElection2] INFO  impl.LeaderElection (LeaderElection.java:askForVotes(323)) - c511b233-3aa4-4954-9335-f5d54c64e497@group-416D015375CF-LeaderElection2 ELECTION round 0: result PASSED (term=1)
2024-06-22 13:31:59,536 [c511b233-3aa4-4954-9335-f5d54c64e497@group-416D015375CF-LeaderElection2] INFO  impl.RoleInfo (RoleInfo.java:shutdownLeaderElection(130)) - c511b233-3aa4-4954-9335-f5d54c64e497: shutdown c511b233-3aa4-4954-9335-f5d54c64e497@group-416D015375CF-LeaderElection2
2024-06-22 13:31:59,536 [c511b233-3aa4-4954-9335-f5d54c64e497@group-416D015375CF-LeaderElection2] INFO  server.RaftServer$Division (RaftServerImpl.java:setRole(383)) - c511b233-3aa4-4954-9335-f5d54c64e497@group-416D015375CF: changes role from CANDIDATE to LEADER at term 1 for changeToLeader
2024-06-22 13:31:59,536 [c511b233-3aa4-4954-9335-f5d54c64e497@group-416D015375CF-LeaderElection2] INFO  server.RaftServerConfigKeys (ConfUtils.java:logGet(46)) - raft.server.staging.catchup.gap = 1000 (default)
2024-06-22 13:31:59,537 [c511b233-3aa4-4954-9335-f5d54c64e497@group-416D015375CF-LeaderElection2] INFO  server.RaftServerConfigKeys (ConfUtils.java:logGet(46)) - raft.server.write.element-limit = 1024 (custom)
2024-06-22 13:31:59,537 [c511b233-3aa4-4954-9335-f5d54c64e497@group-416D015375CF-LeaderElection2] INFO  server.RaftServerConfigKeys (ConfUtils.java:logGet(46)) - raft.server.write.byte-limit = 1024 M (=1073741824) (custom)
2024-06-22 13:31:59,537 [c511b233-3aa4-4954-9335-f5d54c64e497@group-416D015375CF-LeaderElection2] INFO  server.RaftServerConfigKeys (ConfUtils.java:logGet(46)) - raft.server.watch.timeout = 30s (custom)
2024-06-22 13:31:59,537 [c511b233-3aa4-4954-9335-f5d54c64e497@group-416D015375CF-LeaderElection2] INFO  server.RaftServerConfigKeys (ConfUtils.java:logGet(46)) - raft.server.watch.timeout.denomination = 1s (default)
2024-06-22 13:31:59,537 [c511b233-3aa4-4954-9335-f5d54c64e497@group-416D015375CF-LeaderElection2] INFO  server.RaftServerConfigKeys (ConfUtils.java:logGet(46)) - raft.server.watch.element-limit = 65536 (default)
2024-06-22 13:31:59,537 [c511b233-3aa4-4954-9335-f5d54c64e497@group-416D015375CF-LeaderElection2] INFO  server.RaftServerConfigKeys (ConfUtils.java:logGet(46)) - raft.server.read.leader.lease.enabled = false (default)
2024-06-22 13:31:59,538 [c511b233-3aa4-4954-9335-f5d54c64e497@group-416D015375CF-LeaderElection2] INFO  server.RaftServerConfigKeys (ConfUtils.java:logGet(46)) - raft.server.read.leader.lease.timeout.ratio = 0.9 (default)
2024-06-22 13:31:59,538 [c511b233-3aa4-4954-9335-f5d54c64e497@group-416D015375CF-LeaderElection2] INFO  server.RaftServerConfigKeys (ConfUtils.java:logGet(46)) - raft.server.rpc.timeout.min = 5s (custom)
2024-06-22 13:31:59,538 [c511b233-3aa4-4954-9335-f5d54c64e497@group-416D015375CF-LeaderElection2] INFO  server.RaftServerConfigKeys (ConfUtils.java:logGet(46)) - raft.server.write.element-limit = 1024 (custom)
2024-06-22 13:31:59,538 [c511b233-3aa4-4954-9335-f5d54c64e497@group-416D015375CF-LeaderElection2] INFO  server.RaftServerConfigKeys (ConfUtils.java:logGet(46)) - raft.server.write.follower.gap.ratio.max = -1.0 (default)
2024-06-22 13:31:59,538 [c511b233-3aa4-4954-9335-f5d54c64e497@group-416D015375CF-LeaderElection2] INFO  impl.RoleInfo (RoleInfo.java:updateAndGet(139)) - c511b233-3aa4-4954-9335-f5d54c64e497: start c511b233-3aa4-4954-9335-f5d54c64e497@group-416D015375CF-LeaderStateImpl
2024-06-22 13:31:59,538 [c511b233-3aa4-4954-9335-f5d54c64e497@group-416D015375CF-LeaderElection2] INFO  server.RaftServer$Division (RaftServerImpl.java:setFirstElection(574)) - c511b233-3aa4-4954-9335-f5d54c64e497@group-416D015375CF: set firstElectionSinceStartup to false for becomeLeader
2024-06-22 13:31:59,538 [c511b233-3aa4-4954-9335-f5d54c64e497@group-416D015375CF-LeaderElection2] INFO  ratis.XceiverServerRatis (XceiverServerRatis.java:handleLeaderChangedNotification(966)) - Leader change notification received for group: group-416D015375CF with new leaderId: c511b233-3aa4-4954-9335-f5d54c64e497
2024-06-22 13:31:59,539 [c511b233-3aa4-4954-9335-f5d54c64e497@group-416D015375CF-LeaderElection2] INFO  server.RaftServer$Division (ServerState.java:setLeader(269)) - c511b233-3aa4-4954-9335-f5d54c64e497@group-416D015375CF: change Leader from null to c511b233-3aa4-4954-9335-f5d54c64e497 at term 1 for becomeLeader, leader elected after 5125ms
2024-06-22 13:31:59,539 [c511b233-3aa4-4954-9335-f5d54c64e497@group-416D015375CF-LeaderElection2] INFO  segmented.SegmentedRaftLogWorker (SegmentedRaftLogWorker.java:startLogSegment(430)) - c511b233-3aa4-4954-9335-f5d54c64e497@group-416D015375CF-SegmentedRaftLogWorker: Starting segment from index:0
2024-06-22 13:31:59,540 [c511b233-3aa4-4954-9335-f5d54c64e497@group-416D015375CF-LeaderElection2] INFO  server.RaftServer$Division (ServerState.java:setRaftConf(386)) - c511b233-3aa4-4954-9335-f5d54c64e497@group-416D015375CF: set configuration 0: peers:[c511b233-3aa4-4954-9335-f5d54c64e497|127.0.0.1:15014]|listeners:[], old=null
2024-06-22 13:31:59,541 [EventQueue-OpenPipelineForHealthyPipelineSafeModeRule] INFO  safemode.SCMSafeModeManager (HealthyPipelineSafeModeRule.java:process(140)) - SCM in safe mode. Healthy pipelines reported count is 0, required healthy pipeline reported count is 1
2024-06-22 13:31:59,541 [c511b233-3aa4-4954-9335-f5d54c64e497@group-416D015375CF-SegmentedRaftLogWorker] INFO  segmented.BufferedWriteChannel (BufferedWriteChannel.java:open(62)) - open log_inprogress_0 at position 0
2024-06-22 13:31:59,548 [c511b233-3aa4-4954-9335-f5d54c64e497@group-416D015375CF-SegmentedRaftLogWorker] INFO  segmented.SegmentedRaftLogWorker (SegmentedRaftLogWorker.java:execute(634)) - c511b233-3aa4-4954-9335-f5d54c64e497@group-416D015375CF-SegmentedRaftLogWorker: created new log segment /home/runner/work/ozone/ozone/hadoop-ozone/integration-test/target/test-dir/MiniOzoneClusterImpl-ed78929e-9b9e-4304-bdcd-e93070d12e9d/ozone-meta/datanode-1/ratis/fdf6ad23-aa6e-43b3-a4e5-416d015375cf/current/log_inprogress_0
2024-06-22 13:31:59,550 [c511b233-3aa4-4954-9335-f5d54c64e497@group-B33C5E379CF8-FollowerState] INFO  impl.FollowerState (FollowerState.java:run(143)) - c511b233-3aa4-4954-9335-f5d54c64e497@group-B33C5E379CF8-FollowerState: change to CANDIDATE, lastRpcElapsedTime:5057894789ns, electionTimeout:5055ms
2024-06-22 13:31:59,550 [c511b233-3aa4-4954-9335-f5d54c64e497@group-B33C5E379CF8-FollowerState] INFO  impl.RoleInfo (RoleInfo.java:shutdownFollowerState(110)) - c511b233-3aa4-4954-9335-f5d54c64e497: shutdown c511b233-3aa4-4954-9335-f5d54c64e497@group-B33C5E379CF8-FollowerState
2024-06-22 13:31:59,550 [c511b233-3aa4-4954-9335-f5d54c64e497@group-B33C5E379CF8-FollowerState] INFO  server.RaftServer$Division (RaftServerImpl.java:setRole(383)) - c511b233-3aa4-4954-9335-f5d54c64e497@group-B33C5E379CF8: changes role from  FOLLOWER to CANDIDATE at term 0 for changeToCandidate
2024-06-22 13:31:59,550 [c511b233-3aa4-4954-9335-f5d54c64e497@group-B33C5E379CF8-FollowerState] INFO  server.RaftServerConfigKeys (ConfUtils.java:logGet(46)) - raft.server.leaderelection.pre-vote = true (default)
2024-06-22 13:31:59,550 [c511b233-3aa4-4954-9335-f5d54c64e497@group-B33C5E379CF8-FollowerState] INFO  impl.RoleInfo (RoleInfo.java:updateAndGet(139)) - c511b233-3aa4-4954-9335-f5d54c64e497: start c511b233-3aa4-4954-9335-f5d54c64e497@group-B33C5E379CF8-LeaderElection3
2024-06-22 13:31:59,551 [c511b233-3aa4-4954-9335-f5d54c64e497@group-B33C5E379CF8-LeaderElection3] INFO  impl.LeaderElection (LeaderElection.java:askForVotes(321)) - c511b233-3aa4-4954-9335-f5d54c64e497@group-B33C5E379CF8-LeaderElection3 PRE_VOTE round 0: submit vote requests at term 0 for -1: peers:[b47eb027-4b7a-4ddc-bf7f-0870758e0604|127.0.0.1:15032, fdf93896-5abf-403c-99a8-bb8ea43c9a14|127.0.0.1:15023, c511b233-3aa4-4954-9335-f5d54c64e497|127.0.0.1:15014]|listeners:[], old=null
2024-06-22 13:31:59,551 [c511b233-3aa4-4954-9335-f5d54c64e497@group-416D015375CF-StateMachineUpdater] INFO  server.RaftServer$Division (LeaderStateImpl.java:isApplied(320)) - leader is ready since appliedIndex == 0 >= startIndex == 0
2024-06-22 13:31:59,554 [c511b233-3aa4-4954-9335-f5d54c64e497@group-B33C5E379CF8-LeaderElection3] INFO  server.RaftServerConfigKeys (ConfUtils.java:logFallback(53)) - raft.server.rpc.first-election.timeout.min = 5s (fallback to raft.server.rpc.timeout.min)
2024-06-22 13:31:59,554 [c511b233-3aa4-4954-9335-f5d54c64e497@group-B33C5E379CF8-LeaderElection3] INFO  server.RaftServerConfigKeys (ConfUtils.java:logFallback(53)) - raft.server.rpc.first-election.timeout.max = 5200ms (fallback to raft.server.rpc.timeout.max)
2024-06-22 13:31:59,555 [c511b233-3aa4-4954-9335-f5d54c64e497@group-B33C5E379CF8-LeaderElection3-1] INFO  server.GrpcServerProtocolClient (GrpcServerProtocolClient.java:<init>(65)) - Build channel for b47eb027-4b7a-4ddc-bf7f-0870758e0604|127.0.0.1:15032
2024-06-22 13:31:59,555 [c511b233-3aa4-4954-9335-f5d54c64e497@group-B33C5E379CF8-LeaderElection3-2] INFO  server.GrpcServerProtocolClient (GrpcServerProtocolClient.java:<init>(65)) - Build channel for fdf93896-5abf-403c-99a8-bb8ea43c9a14|127.0.0.1:15023
2024-06-22 13:31:59,563 [grpc-default-executor-0] INFO  server.RaftServer$Division (RaftServerImpl.java:requestVote(1389)) - b47eb027-4b7a-4ddc-bf7f-0870758e0604@group-B33C5E379CF8: receive requestVote(PRE_VOTE, c511b233-3aa4-4954-9335-f5d54c64e497, group-B33C5E379CF8, 0, (t:0, i:0))
2024-06-22 13:31:59,565 [grpc-default-executor-0] INFO  impl.VoteContext (VoteContext.java:log(49)) - b47eb027-4b7a-4ddc-bf7f-0870758e0604@group-B33C5E379CF8-FOLLOWER: accept PRE_VOTE from c511b233-3aa4-4954-9335-f5d54c64e497: our priority 0 <= candidate's priority 1
2024-06-22 13:31:59,565 [grpc-default-executor-2] INFO  server.RaftServer$Division (RaftServerImpl.java:requestVote(1389)) - fdf93896-5abf-403c-99a8-bb8ea43c9a14@group-B33C5E379CF8: receive requestVote(PRE_VOTE, c511b233-3aa4-4954-9335-f5d54c64e497, group-B33C5E379CF8, 0, (t:0, i:0))
2024-06-22 13:31:59,565 [grpc-default-executor-2] INFO  impl.VoteContext (VoteContext.java:log(49)) - fdf93896-5abf-403c-99a8-bb8ea43c9a14@group-B33C5E379CF8-FOLLOWER: accept PRE_VOTE from c511b233-3aa4-4954-9335-f5d54c64e497: our priority 0 <= candidate's priority 1
2024-06-22 13:31:59,570 [grpc-default-executor-2] INFO  server.RaftServer$Division (RaftServerImpl.java:requestVote(1422)) - fdf93896-5abf-403c-99a8-bb8ea43c9a14@group-B33C5E379CF8 replies to PRE_VOTE vote request: c511b233-3aa4-4954-9335-f5d54c64e497<-fdf93896-5abf-403c-99a8-bb8ea43c9a14#0:OK-t0. Peer's state: fdf93896-5abf-403c-99a8-bb8ea43c9a14@group-B33C5E379CF8:t0, leader=null, voted=, raftlog=Memoized:fdf93896-5abf-403c-99a8-bb8ea43c9a14@group-B33C5E379CF8-SegmentedRaftLog:OPENED:c-1, conf=-1: peers:[b47eb027-4b7a-4ddc-bf7f-0870758e0604|127.0.0.1:15032, fdf93896-5abf-403c-99a8-bb8ea43c9a14|127.0.0.1:15023, c511b233-3aa4-4954-9335-f5d54c64e497|127.0.0.1:15014]|listeners:[], old=null
2024-06-22 13:31:59,570 [grpc-default-executor-0] INFO  server.RaftServer$Division (RaftServerImpl.java:requestVote(1422)) - b47eb027-4b7a-4ddc-bf7f-0870758e0604@group-B33C5E379CF8 replies to PRE_VOTE vote request: c511b233-3aa4-4954-9335-f5d54c64e497<-b47eb027-4b7a-4ddc-bf7f-0870758e0604#0:OK-t0. Peer's state: b47eb027-4b7a-4ddc-bf7f-0870758e0604@group-B33C5E379CF8:t0, leader=null, voted=, raftlog=Memoized:b47eb027-4b7a-4ddc-bf7f-0870758e0604@group-B33C5E379CF8-SegmentedRaftLog:OPENED:c-1, conf=-1: peers:[b47eb027-4b7a-4ddc-bf7f-0870758e0604|127.0.0.1:15032, fdf93896-5abf-403c-99a8-bb8ea43c9a14|127.0.0.1:15023, c511b233-3aa4-4954-9335-f5d54c64e497|127.0.0.1:15014]|listeners:[], old=null
2024-06-22 13:31:59,583 [c511b233-3aa4-4954-9335-f5d54c64e497@group-B33C5E379CF8-LeaderElection3] INFO  impl.LeaderElection (LeaderElection.java:logAndReturn(89)) - c511b233-3aa4-4954-9335-f5d54c64e497@group-B33C5E379CF8-LeaderElection3: PRE_VOTE PASSED received 1 response(s) and 0 exception(s):
2024-06-22 13:31:59,583 [c511b233-3aa4-4954-9335-f5d54c64e497@group-B33C5E379CF8-LeaderElection3] INFO  impl.LeaderElection (LeaderElection.java:logAndReturn(93)) -   Response 0: c511b233-3aa4-4954-9335-f5d54c64e497<-fdf93896-5abf-403c-99a8-bb8ea43c9a14#0:OK-t0
2024-06-22 13:31:59,583 [c511b233-3aa4-4954-9335-f5d54c64e497@group-B33C5E379CF8-LeaderElection3] INFO  impl.LeaderElection (LeaderElection.java:askForVotes(323)) - c511b233-3aa4-4954-9335-f5d54c64e497@group-B33C5E379CF8-LeaderElection3 PRE_VOTE round 0: result PASSED
2024-06-22 13:31:59,585 [c511b233-3aa4-4954-9335-f5d54c64e497@group-B33C5E379CF8-LeaderElection3] INFO  impl.LeaderElection (LeaderElection.java:askForVotes(321)) - c511b233-3aa4-4954-9335-f5d54c64e497@group-B33C5E379CF8-LeaderElection3 ELECTION round 0: submit vote requests at term 1 for -1: peers:[b47eb027-4b7a-4ddc-bf7f-0870758e0604|127.0.0.1:15032, fdf93896-5abf-403c-99a8-bb8ea43c9a14|127.0.0.1:15023, c511b233-3aa4-4954-9335-f5d54c64e497|127.0.0.1:15014]|listeners:[], old=null
2024-06-22 13:31:59,585 [c511b233-3aa4-4954-9335-f5d54c64e497@group-B33C5E379CF8-LeaderElection3] INFO  server.RaftServerConfigKeys (ConfUtils.java:logFallback(53)) - raft.server.rpc.first-election.timeout.min = 5s (fallback to raft.server.rpc.timeout.min)
2024-06-22 13:31:59,586 [c511b233-3aa4-4954-9335-f5d54c64e497@group-B33C5E379CF8-LeaderElection3] INFO  server.RaftServerConfigKeys (ConfUtils.java:logFallback(53)) - raft.server.rpc.first-election.timeout.max = 5200ms (fallback to raft.server.rpc.timeout.max)
2024-06-22 13:31:59,588 [grpc-default-executor-0] INFO  server.RaftServer$Division (RaftServerImpl.java:requestVote(1389)) - fdf93896-5abf-403c-99a8-bb8ea43c9a14@group-B33C5E379CF8: receive requestVote(ELECTION, c511b233-3aa4-4954-9335-f5d54c64e497, group-B33C5E379CF8, 1, (t:0, i:0))
2024-06-22 13:31:59,588 [grpc-default-executor-0] INFO  impl.VoteContext (VoteContext.java:log(49)) - fdf93896-5abf-403c-99a8-bb8ea43c9a14@group-B33C5E379CF8-FOLLOWER: accept ELECTION from c511b233-3aa4-4954-9335-f5d54c64e497: our priority 0 <= candidate's priority 1
2024-06-22 13:31:59,589 [grpc-default-executor-0] INFO  server.RaftServer$Division (RaftServerImpl.java:setRole(383)) - fdf93896-5abf-403c-99a8-bb8ea43c9a14@group-B33C5E379CF8: changes role from  FOLLOWER to FOLLOWER at term 1 for candidate:c511b233-3aa4-4954-9335-f5d54c64e497
2024-06-22 13:31:59,589 [grpc-default-executor-0] INFO  impl.RoleInfo (RoleInfo.java:shutdownFollowerState(110)) - fdf93896-5abf-403c-99a8-bb8ea43c9a14: shutdown fdf93896-5abf-403c-99a8-bb8ea43c9a14@group-B33C5E379CF8-FollowerState
2024-06-22 13:31:59,589 [grpc-default-executor-0] INFO  impl.RoleInfo (RoleInfo.java:updateAndGet(139)) - fdf93896-5abf-403c-99a8-bb8ea43c9a14: start fdf93896-5abf-403c-99a8-bb8ea43c9a14@group-B33C5E379CF8-FollowerState
2024-06-22 13:31:59,589 [fdf93896-5abf-403c-99a8-bb8ea43c9a14@group-B33C5E379CF8-FollowerState] INFO  impl.FollowerState (FollowerState.java:run(152)) - fdf93896-5abf-403c-99a8-bb8ea43c9a14@group-B33C5E379CF8-FollowerState was interrupted
2024-06-22 13:31:59,591 [grpc-default-executor-2] INFO  server.RaftServer$Division (RaftServerImpl.java:requestVote(1389)) - b47eb027-4b7a-4ddc-bf7f-0870758e0604@group-B33C5E379CF8: receive requestVote(ELECTION, c511b233-3aa4-4954-9335-f5d54c64e497, group-B33C5E379CF8, 1, (t:0, i:0))
2024-06-22 13:31:59,591 [grpc-default-executor-2] INFO  impl.VoteContext (VoteContext.java:log(49)) - b47eb027-4b7a-4ddc-bf7f-0870758e0604@group-B33C5E379CF8-FOLLOWER: accept ELECTION from c511b233-3aa4-4954-9335-f5d54c64e497: our priority 0 <= candidate's priority 1
2024-06-22 13:31:59,591 [grpc-default-executor-2] INFO  server.RaftServer$Division (RaftServerImpl.java:setRole(383)) - b47eb027-4b7a-4ddc-bf7f-0870758e0604@group-B33C5E379CF8: changes role from  FOLLOWER to FOLLOWER at term 1 for candidate:c511b233-3aa4-4954-9335-f5d54c64e497
2024-06-22 13:31:59,591 [grpc-default-executor-2] INFO  impl.RoleInfo (RoleInfo.java:shutdownFollowerState(110)) - b47eb027-4b7a-4ddc-bf7f-0870758e0604: shutdown b47eb027-4b7a-4ddc-bf7f-0870758e0604@group-B33C5E379CF8-FollowerState
2024-06-22 13:31:59,591 [grpc-default-executor-2] INFO  impl.RoleInfo (RoleInfo.java:updateAndGet(139)) - b47eb027-4b7a-4ddc-bf7f-0870758e0604: start b47eb027-4b7a-4ddc-bf7f-0870758e0604@group-B33C5E379CF8-FollowerState
2024-06-22 13:31:59,591 [b47eb027-4b7a-4ddc-bf7f-0870758e0604@group-B33C5E379CF8-FollowerState] INFO  impl.FollowerState (FollowerState.java:run(152)) - b47eb027-4b7a-4ddc-bf7f-0870758e0604@group-B33C5E379CF8-FollowerState was interrupted
2024-06-22 13:31:59,593 [grpc-default-executor-0] INFO  server.RaftServer$Division (RaftServerImpl.java:setFirstElection(574)) - fdf93896-5abf-403c-99a8-bb8ea43c9a14@group-B33C5E379CF8: set firstElectionSinceStartup to false for candidate:c511b233-3aa4-4954-9335-f5d54c64e497
2024-06-22 13:31:59,594 [grpc-default-executor-0] INFO  server.RaftServer$Division (RaftServerImpl.java:requestVote(1422)) - fdf93896-5abf-403c-99a8-bb8ea43c9a14@group-B33C5E379CF8 replies to ELECTION vote request: c511b233-3aa4-4954-9335-f5d54c64e497<-fdf93896-5abf-403c-99a8-bb8ea43c9a14#0:OK-t1. Peer's state: fdf93896-5abf-403c-99a8-bb8ea43c9a14@group-B33C5E379CF8:t1, leader=null, voted=c511b233-3aa4-4954-9335-f5d54c64e497, raftlog=Memoized:fdf93896-5abf-403c-99a8-bb8ea43c9a14@group-B33C5E379CF8-SegmentedRaftLog:OPENED:c-1, conf=-1: peers:[b47eb027-4b7a-4ddc-bf7f-0870758e0604|127.0.0.1:15032, fdf93896-5abf-403c-99a8-bb8ea43c9a14|127.0.0.1:15023, c511b233-3aa4-4954-9335-f5d54c64e497|127.0.0.1:15014]|listeners:[], old=null
2024-06-22 13:31:59,599 [c511b233-3aa4-4954-9335-f5d54c64e497@group-B33C5E379CF8-LeaderElection3] INFO  impl.LeaderElection (LeaderElection.java:logAndReturn(89)) - c511b233-3aa4-4954-9335-f5d54c64e497@group-B33C5E379CF8-LeaderElection3: ELECTION PASSED received 1 response(s) and 0 exception(s):
2024-06-22 13:31:59,599 [c511b233-3aa4-4954-9335-f5d54c64e497@group-B33C5E379CF8-LeaderElection3] INFO  impl.LeaderElection (LeaderElection.java:logAndReturn(93)) -   Response 0: c511b233-3aa4-4954-9335-f5d54c64e497<-fdf93896-5abf-403c-99a8-bb8ea43c9a14#0:OK-t1
2024-06-22 13:31:59,599 [c511b233-3aa4-4954-9335-f5d54c64e497@group-B33C5E379CF8-LeaderElection3] INFO  impl.LeaderElection (LeaderElection.java:askForVotes(323)) - c511b233-3aa4-4954-9335-f5d54c64e497@group-B33C5E379CF8-LeaderElection3 ELECTION round 0: result PASSED
2024-06-22 13:31:59,600 [c511b233-3aa4-4954-9335-f5d54c64e497@group-B33C5E379CF8-LeaderElection3] INFO  impl.RoleInfo (RoleInfo.java:shutdownLeaderElection(130)) - c511b233-3aa4-4954-9335-f5d54c64e497: shutdown c511b233-3aa4-4954-9335-f5d54c64e497@group-B33C5E379CF8-LeaderElection3
2024-06-22 13:31:59,600 [c511b233-3aa4-4954-9335-f5d54c64e497@group-B33C5E379CF8-LeaderElection3] INFO  server.RaftServer$Division (RaftServerImpl.java:setRole(383)) - c511b233-3aa4-4954-9335-f5d54c64e497@group-B33C5E379CF8: changes role from CANDIDATE to LEADER at term 1 for changeToLeader
2024-06-22 13:31:59,600 [c511b233-3aa4-4954-9335-f5d54c64e497@group-B33C5E379CF8-LeaderElection3] INFO  server.RaftServerConfigKeys (ConfUtils.java:logGet(46)) - raft.server.staging.catchup.gap = 1000 (default)
2024-06-22 13:31:59,600 [c511b233-3aa4-4954-9335-f5d54c64e497@group-B33C5E379CF8-LeaderElection3] INFO  server.RaftServerConfigKeys (ConfUtils.java:logGet(46)) - raft.server.write.element-limit = 1024 (custom)
2024-06-22 13:31:59,601 [c511b233-3aa4-4954-9335-f5d54c64e497@group-B33C5E379CF8-LeaderElection3] INFO  server.RaftServerConfigKeys (ConfUtils.java:logGet(46)) - raft.server.write.byte-limit = 1024 M (=1073741824) (custom)
2024-06-22 13:31:59,601 [c511b233-3aa4-4954-9335-f5d54c64e497@group-B33C5E379CF8-LeaderElection3] INFO  server.RaftServerConfigKeys (ConfUtils.java:logGet(46)) - raft.server.watch.timeout = 30s (custom)
2024-06-22 13:31:59,601 [c511b233-3aa4-4954-9335-f5d54c64e497@group-B33C5E379CF8-LeaderElection3] INFO  server.RaftServerConfigKeys (ConfUtils.java:logGet(46)) - raft.server.watch.timeout.denomination = 1s (default)
2024-06-22 13:31:59,601 [c511b233-3aa4-4954-9335-f5d54c64e497@group-B33C5E379CF8-LeaderElection3] INFO  server.RaftServerConfigKeys (ConfUtils.java:logGet(46)) - raft.server.watch.element-limit = 65536 (default)
2024-06-22 13:31:59,601 [c511b233-3aa4-4954-9335-f5d54c64e497@group-B33C5E379CF8-LeaderElection3] INFO  server.RaftServerConfigKeys (ConfUtils.java:logGet(46)) - raft.server.read.leader.lease.enabled = false (default)
2024-06-22 13:31:59,601 [c511b233-3aa4-4954-9335-f5d54c64e497@group-B33C5E379CF8-LeaderElection3] INFO  server.RaftServerConfigKeys (ConfUtils.java:logGet(46)) - raft.server.read.leader.lease.timeout.ratio = 0.9 (default)
2024-06-22 13:31:59,602 [c511b233-3aa4-4954-9335-f5d54c64e497@group-B33C5E379CF8-LeaderElection3] INFO  server.RaftServerConfigKeys (ConfUtils.java:logGet(46)) - raft.server.rpc.timeout.min = 5s (custom)
2024-06-22 13:31:59,602 [c511b233-3aa4-4954-9335-f5d54c64e497@group-B33C5E379CF8-LeaderElection3] INFO  server.RaftServerConfigKeys (ConfUtils.java:logGet(46)) - raft.server.write.element-limit = 1024 (custom)
2024-06-22 13:31:59,602 [c511b233-3aa4-4954-9335-f5d54c64e497@group-B33C5E379CF8-LeaderElection3] INFO  server.RaftServerConfigKeys (ConfUtils.java:logGet(46)) - raft.server.write.follower.gap.ratio.max = -1.0 (default)
2024-06-22 13:31:59,607 [grpc-default-executor-2] INFO  server.RaftServer$Division (RaftServerImpl.java:setFirstElection(574)) - b47eb027-4b7a-4ddc-bf7f-0870758e0604@group-B33C5E379CF8: set firstElectionSinceStartup to false for candidate:c511b233-3aa4-4954-9335-f5d54c64e497
2024-06-22 13:31:59,608 [grpc-default-executor-2] INFO  server.RaftServer$Division (RaftServerImpl.java:requestVote(1422)) - b47eb027-4b7a-4ddc-bf7f-0870758e0604@group-B33C5E379CF8 replies to ELECTION vote request: c511b233-3aa4-4954-9335-f5d54c64e497<-b47eb027-4b7a-4ddc-bf7f-0870758e0604#0:OK-t1. Peer's state: b47eb027-4b7a-4ddc-bf7f-0870758e0604@group-B33C5E379CF8:t1, leader=null, voted=c511b233-3aa4-4954-9335-f5d54c64e497, raftlog=Memoized:b47eb027-4b7a-4ddc-bf7f-0870758e0604@group-B33C5E379CF8-SegmentedRaftLog:OPENED:c-1, conf=-1: peers:[b47eb027-4b7a-4ddc-bf7f-0870758e0604|127.0.0.1:15032, fdf93896-5abf-403c-99a8-bb8ea43c9a14|127.0.0.1:15023, c511b233-3aa4-4954-9335-f5d54c64e497|127.0.0.1:15014]|listeners:[], old=null
2024-06-22 13:31:59,615 [c511b233-3aa4-4954-9335-f5d54c64e497@group-B33C5E379CF8-LeaderElection3] INFO  server.RaftServerConfigKeys (ConfUtils.java:logGet(46)) - raft.server.log.appender.snapshot.chunk.size.max = 16MB (=16777216) (default)
2024-06-22 13:31:59,615 [c511b233-3aa4-4954-9335-f5d54c64e497@group-B33C5E379CF8-LeaderElection3] INFO  server.RaftServerConfigKeys (ConfUtils.java:logGet(46)) - raft.server.log.appender.buffer.byte-limit = 8388608 (custom)
2024-06-22 13:31:59,616 [c511b233-3aa4-4954-9335-f5d54c64e497@group-B33C5E379CF8-LeaderElection3] INFO  server.RaftServerConfigKeys (ConfUtils.java:logGet(46)) - raft.server.log.appender.buffer.element-limit = 1024 (custom)
2024-06-22 13:31:59,618 [c511b233-3aa4-4954-9335-f5d54c64e497@group-B33C5E379CF8-LeaderElection3] INFO  server.RaftServerConfigKeys (ConfUtils.java:logGet(46)) - raft.server.log.appender.wait-time.min = 0μs (custom)
2024-06-22 13:31:59,619 [c511b233-3aa4-4954-9335-f5d54c64e497@group-B33C5E379CF8-LeaderElection3] INFO  grpc.GrpcConfigKeys (ConfUtils.java:logGet(46)) - raft.grpc.server.leader.outstanding.appends.max = 8 (default)
2024-06-22 13:31:59,620 [c511b233-3aa4-4954-9335-f5d54c64e497@group-B33C5E379CF8-LeaderElection3] INFO  server.RaftServerConfigKeys (ConfUtils.java:logGet(46)) - raft.server.rpc.request.timeout = 60s (custom)
2024-06-22 13:31:59,620 [c511b233-3aa4-4954-9335-f5d54c64e497@group-B33C5E379CF8-LeaderElection3] INFO  grpc.GrpcConfigKeys (ConfUtils.java:logGet(46)) - raft.grpc.server.install_snapshot.request.element-limit = 8 (default)
2024-06-22 13:31:59,621 [c511b233-3aa4-4954-9335-f5d54c64e497@group-B33C5E379CF8-LeaderElection3] INFO  grpc.GrpcConfigKeys (ConfUtils.java:logGet(46)) - raft.grpc.server.install_snapshot.request.timeout = 3000ms (default)
2024-06-22 13:31:59,621 [c511b233-3aa4-4954-9335-f5d54c64e497@group-B33C5E379CF8-LeaderElection3] INFO  grpc.GrpcConfigKeys (ConfUtils.java:logGet(46)) - raft.grpc.server.log-message.batch.duration = 5s (default)
2024-06-22 13:31:59,621 [c511b233-3aa4-4954-9335-f5d54c64e497@group-B33C5E379CF8-LeaderElection3] INFO  server.RaftServerConfigKeys (ConfUtils.java:logGet(46)) - raft.server.log.appender.install.snapshot.enabled = false (custom)
2024-06-22 13:31:59,621 [c511b233-3aa4-4954-9335-f5d54c64e497@group-B33C5E379CF8-LeaderElection3] INFO  grpc.GrpcConfigKeys (ConfUtils.java:logGet(46)) - raft.grpc.server.heartbeat.channel = true (default)
2024-06-22 13:31:59,625 [c511b233-3aa4-4954-9335-f5d54c64e497@group-B33C5E379CF8-LeaderElection3] INFO  server.RaftServerConfigKeys (ConfUtils.java:logGet(46)) - raft.server.log.appender.snapshot.chunk.size.max = 16MB (=16777216) (default)
2024-06-22 13:31:59,625 [c511b233-3aa4-4954-9335-f5d54c64e497@group-B33C5E379CF8-LeaderElection3] INFO  server.RaftServerConfigKeys (ConfUtils.java:logGet(46)) - raft.server.log.appender.buffer.byte-limit = 8388608 (custom)
2024-06-22 13:31:59,625 [c511b233-3aa4-4954-9335-f5d54c64e497@group-B33C5E379CF8-LeaderElection3] INFO  server.RaftServerConfigKeys (ConfUtils.java:logGet(46)) - raft.server.log.appender.buffer.element-limit = 1024 (custom)
2024-06-22 13:31:59,625 [c511b233-3aa4-4954-9335-f5d54c64e497@group-B33C5E379CF8-LeaderElection3] INFO  server.RaftServerConfigKeys (ConfUtils.java:logGet(46)) - raft.server.log.appender.wait-time.min = 0μs (custom)
2024-06-22 13:31:59,626 [c511b233-3aa4-4954-9335-f5d54c64e497@group-B33C5E379CF8-LeaderElection3] INFO  grpc.GrpcConfigKeys (ConfUtils.java:logGet(46)) - raft.grpc.server.leader.outstanding.appends.max = 8 (default)
2024-06-22 13:31:59,626 [c511b233-3aa4-4954-9335-f5d54c64e497@group-B33C5E379CF8-LeaderElection3] INFO  server.RaftServerConfigKeys (ConfUtils.java:logGet(46)) - raft.server.rpc.request.timeout = 60s (custom)
2024-06-22 13:31:59,626 [c511b233-3aa4-4954-9335-f5d54c64e497@group-B33C5E379CF8-LeaderElection3] INFO  grpc.GrpcConfigKeys (ConfUtils.java:logGet(46)) - raft.grpc.server.install_snapshot.request.element-limit = 8 (default)
2024-06-22 13:31:59,627 [c511b233-3aa4-4954-9335-f5d54c64e497@group-B33C5E379CF8-LeaderElection3] INFO  grpc.GrpcConfigKeys (ConfUtils.java:logGet(46)) - raft.grpc.server.install_snapshot.request.timeout = 3000ms (default)
2024-06-22 13:31:59,627 [c511b233-3aa4-4954-9335-f5d54c64e497@group-B33C5E379CF8-LeaderElection3] INFO  grpc.GrpcConfigKeys (ConfUtils.java:logGet(46)) - raft.grpc.server.log-message.batch.duration = 5s (default)
2024-06-22 13:31:59,627 [c511b233-3aa4-4954-9335-f5d54c64e497@group-B33C5E379CF8-LeaderElection3] INFO  server.RaftServerConfigKeys (ConfUtils.java:logGet(46)) - raft.server.log.appender.install.snapshot.enabled = false (custom)
2024-06-22 13:31:59,627 [c511b233-3aa4-4954-9335-f5d54c64e497@group-B33C5E379CF8-LeaderElection3] INFO  grpc.GrpcConfigKeys (ConfUtils.java:logGet(46)) - raft.grpc.server.heartbeat.channel = true (default)
2024-06-22 13:31:59,628 [c511b233-3aa4-4954-9335-f5d54c64e497@group-B33C5E379CF8-LeaderElection3] INFO  impl.RoleInfo (RoleInfo.java:updateAndGet(139)) - c511b233-3aa4-4954-9335-f5d54c64e497: start c511b233-3aa4-4954-9335-f5d54c64e497@group-B33C5E379CF8-LeaderStateImpl
2024-06-22 13:31:59,628 [c511b233-3aa4-4954-9335-f5d54c64e497@group-B33C5E379CF8-LeaderElection3] INFO  server.RaftServer$Division (RaftServerImpl.java:setFirstElection(574)) - c511b233-3aa4-4954-9335-f5d54c64e497@group-B33C5E379CF8: set firstElectionSinceStartup to false for becomeLeader
2024-06-22 13:31:59,629 [c511b233-3aa4-4954-9335-f5d54c64e497@group-B33C5E379CF8-LeaderElection3] INFO  ratis.XceiverServerRatis (XceiverServerRatis.java:handleLeaderChangedNotification(966)) - Leader change notification received for group: group-B33C5E379CF8 with new leaderId: c511b233-3aa4-4954-9335-f5d54c64e497
2024-06-22 13:31:59,629 [c511b233-3aa4-4954-9335-f5d54c64e497@group-B33C5E379CF8-LeaderElection3] INFO  server.RaftServer$Division (ServerState.java:setLeader(269)) - c511b233-3aa4-4954-9335-f5d54c64e497@group-B33C5E379CF8: change Leader from null to c511b233-3aa4-4954-9335-f5d54c64e497 at term 1 for becomeLeader, leader elected after 5158ms
2024-06-22 13:31:59,630 [c511b233-3aa4-4954-9335-f5d54c64e497@group-B33C5E379CF8-LeaderElection3] INFO  segmented.SegmentedRaftLogWorker (SegmentedRaftLogWorker.java:startLogSegment(430)) - c511b233-3aa4-4954-9335-f5d54c64e497@group-B33C5E379CF8-SegmentedRaftLogWorker: Starting segment from index:0
2024-06-22 13:31:59,630 [c511b233-3aa4-4954-9335-f5d54c64e497@group-B33C5E379CF8-SegmentedRaftLogWorker] INFO  segmented.BufferedWriteChannel (BufferedWriteChannel.java:open(62)) - open log_inprogress_0 at position 0
2024-06-22 13:31:59,632 [EventQueue-PipelineReportForPipelineReportHandler] INFO  pipeline.PipelineReportHandler (PipelineReportHandler.java:processPipelineReport(136)) - Opened pipeline PipelineID=b956bdd5-41b8-45c8-8b94-b33c5e379cf8
2024-06-22 13:31:59,632 [EventQueue-OpenPipelineForHealthyPipelineSafeModeRule] INFO  safemode.SCMSafeModeManager (HealthyPipelineSafeModeRule.java:process(140)) - SCM in safe mode. Healthy pipelines reported count is 1, required healthy pipeline reported count is 1
2024-06-22 13:31:59,632 [EventQueue-OpenPipelineForHealthyPipelineSafeModeRule] INFO  safemode.SCMSafeModeManager (SCMSafeModeManager.java:validateSafeModeExitRules(203)) - HealthyPipelineSafeModeRule rule is successfully validated
2024-06-22 13:31:59,632 [EventQueue-OpenPipelineForHealthyPipelineSafeModeRule] INFO  safemode.SCMSafeModeManager (SCMSafeModeManager.java:validateSafeModeExitRules(218)) - ScmSafeModeManager, all rules are successfully validated
2024-06-22 13:31:59,632 [EventQueue-OpenPipelineForHealthyPipelineSafeModeRule] INFO  safemode.SCMSafeModeManager (SCMSafeModeManager.java:exitSafeMode(248)) - SCM exiting safe mode.
2024-06-22 13:31:59,632 [EventQueue-OpenPipelineForHealthyPipelineSafeModeRule] INFO  ha.SCMContext (SCMContext.java:updateSafeModeStatus(225)) - Update SafeModeStatus from SafeModeStatus{safeModeStatus=true, preCheckPassed=true} to SafeModeStatus{safeModeStatus=false, preCheckPassed=true}.
2024-06-22 13:31:59,632 [EventQueue-OpenPipelineForHealthyPipelineSafeModeRule] INFO  pipeline.BackgroundPipelineCreator (BackgroundPipelineCreator.java:notifyStatusChanged(258)) - Service BackgroundPipelineCreator transitions to RUNNING.
2024-06-22 13:31:59,632 [c511b233-3aa4-4954-9335-f5d54c64e497@group-B33C5E379CF8-LeaderElection3] INFO  server.RaftServer$Division (ServerState.java:setRaftConf(386)) - c511b233-3aa4-4954-9335-f5d54c64e497@group-B33C5E379CF8: set configuration 0: peers:[b47eb027-4b7a-4ddc-bf7f-0870758e0604|127.0.0.1:15032, fdf93896-5abf-403c-99a8-bb8ea43c9a14|127.0.0.1:15023, c511b233-3aa4-4954-9335-f5d54c64e497|127.0.0.1:15014]|listeners:[], old=null
2024-06-22 13:31:59,633 [EventQueue-OpenPipelineForHealthyPipelineSafeModeRule] INFO  BackgroundPipelineScrubber (BackgroundSCMService.java:notifyStatusChanged(79)) - Service BackgroundPipelineScrubber transitions to RUNNING.
2024-06-22 13:31:59,633 [EventQueue-OpenPipelineForHealthyPipelineSafeModeRule] INFO  ExpiredContainerReplicaOpScrubber (BackgroundSCMService.java:notifyStatusChanged(79)) - Service ExpiredContainerReplicaOpScrubber transitions to RUNNING.
2024-06-22 13:31:59,633 [EventQueue-OpenPipelineForHealthyPipelineSafeModeRule] INFO  block.SCMBlockDeletingService (SCMBlockDeletingService.java:notifyStatusChanged(247)) - notifyStatusChanged:RUNNING
2024-06-22 13:31:59,633 [EventQueue-OpenPipelineForHealthyPipelineSafeModeRule] INFO  replication.ReplicationManager (ReplicationManager.java:notifyStatusChanged(1406)) - Service ReplicationManager transitions to RUNNING.
2024-06-22 13:31:59,636 [EventQueue-OpenPipelineForHealthyPipelineSafeModeRule] WARN  balancer.ContainerBalancer (ContainerBalancer.java:shouldRun(134)) - Could not find persisted configuration for ContainerBalancer when checking if ContainerBalancer should run. ContainerBalancer should not run now.
2024-06-22 13:31:59,640 [c511b233-3aa4-4954-9335-f5d54c64e497@group-B33C5E379CF8-SegmentedRaftLogWorker] INFO  segmented.SegmentedRaftLogWorker (SegmentedRaftLogWorker.java:execute(634)) - c511b233-3aa4-4954-9335-f5d54c64e497@group-B33C5E379CF8-SegmentedRaftLogWorker: created new log segment /home/runner/work/ozone/ozone/hadoop-ozone/integration-test/target/test-dir/MiniOzoneClusterImpl-ed78929e-9b9e-4304-bdcd-e93070d12e9d/ozone-meta/datanode-1/ratis/b956bdd5-41b8-45c8-8b94-b33c5e379cf8/current/log_inprogress_0
2024-06-22 13:31:59,666 [fdf93896-5abf-403c-99a8-bb8ea43c9a14@group-5B9310BC09E2-FollowerState] INFO  impl.FollowerState (FollowerState.java:run(143)) - fdf93896-5abf-403c-99a8-bb8ea43c9a14@group-5B9310BC09E2-FollowerState: change to CANDIDATE, lastRpcElapsedTime:5088415933ns, electionTimeout:5085ms
2024-06-22 13:31:59,667 [fdf93896-5abf-403c-99a8-bb8ea43c9a14@group-5B9310BC09E2-FollowerState] INFO  impl.RoleInfo (RoleInfo.java:shutdownFollowerState(110)) - fdf93896-5abf-403c-99a8-bb8ea43c9a14: shutdown fdf93896-5abf-403c-99a8-bb8ea43c9a14@group-5B9310BC09E2-FollowerState
2024-06-22 13:31:59,667 [fdf93896-5abf-403c-99a8-bb8ea43c9a14@group-5B9310BC09E2-FollowerState] INFO  server.RaftServer$Division (RaftServerImpl.java:setRole(383)) - fdf93896-5abf-403c-99a8-bb8ea43c9a14@group-5B9310BC09E2: changes role from  FOLLOWER to CANDIDATE at term 0 for changeToCandidate
2024-06-22 13:31:59,667 [fdf93896-5abf-403c-99a8-bb8ea43c9a14@group-5B9310BC09E2-FollowerState] INFO  server.RaftServerConfigKeys (ConfUtils.java:logGet(46)) - raft.server.leaderelection.pre-vote = true (default)
2024-06-22 13:31:59,667 [fdf93896-5abf-403c-99a8-bb8ea43c9a14@group-5B9310BC09E2-FollowerState] INFO  impl.RoleInfo (RoleInfo.java:updateAndGet(139)) - fdf93896-5abf-403c-99a8-bb8ea43c9a14: start fdf93896-5abf-403c-99a8-bb8ea43c9a14@group-5B9310BC09E2-LeaderElection4
2024-06-22 13:31:59,669 [b47eb027-4b7a-4ddc-bf7f-0870758e0604-server-thread1] INFO  ratis.XceiverServerRatis (XceiverServerRatis.java:handleLeaderChangedNotification(966)) - Leader change notification received for group: group-B33C5E379CF8 with new leaderId: c511b233-3aa4-4954-9335-f5d54c64e497
2024-06-22 13:31:59,669 [b47eb027-4b7a-4ddc-bf7f-0870758e0604-server-thread1] INFO  server.RaftServer$Division (ServerState.java:setLeader(269)) - b47eb027-4b7a-4ddc-bf7f-0870758e0604@group-B33C5E379CF8: change Leader from null to c511b233-3aa4-4954-9335-f5d54c64e497 at term 1 for appendEntries, leader elected after 5017ms
2024-06-22 13:31:59,681 [fdf93896-5abf-403c-99a8-bb8ea43c9a14@group-5B9310BC09E2-LeaderElection4] INFO  impl.LeaderElection (LeaderElection.java:askForVotes(321)) - fdf93896-5abf-403c-99a8-bb8ea43c9a14@group-5B9310BC09E2-LeaderElection4 PRE_VOTE round 0: submit vote requests at term 0 for -1: peers:[fdf93896-5abf-403c-99a8-bb8ea43c9a14|127.0.0.1:15023]|listeners:[], old=null
2024-06-22 13:31:59,682 [fdf93896-5abf-403c-99a8-bb8ea43c9a14@group-5B9310BC09E2-LeaderElection4] INFO  impl.LeaderElection (LeaderElection.java:askForVotes(323)) - fdf93896-5abf-403c-99a8-bb8ea43c9a14@group-5B9310BC09E2-LeaderElection4 PRE_VOTE round 0: result PASSED (term=0)
2024-06-22 13:31:59,690 [fdf93896-5abf-403c-99a8-bb8ea43c9a14@group-5B9310BC09E2-LeaderElection4] INFO  impl.LeaderElection (LeaderElection.java:askForVotes(321)) - fdf93896-5abf-403c-99a8-bb8ea43c9a14@group-5B9310BC09E2-LeaderElection4 ELECTION round 0: submit vote requests at term 1 for -1: peers:[fdf93896-5abf-403c-99a8-bb8ea43c9a14|127.0.0.1:15023]|listeners:[], old=null
2024-06-22 13:31:59,690 [fdf93896-5abf-403c-99a8-bb8ea43c9a14@group-5B9310BC09E2-LeaderElection4] INFO  impl.LeaderElection (LeaderElection.java:askForVotes(323)) - fdf93896-5abf-403c-99a8-bb8ea43c9a14@group-5B9310BC09E2-LeaderElection4 ELECTION round 0: result PASSED (term=1)
2024-06-22 13:31:59,691 [fdf93896-5abf-403c-99a8-bb8ea43c9a14@group-5B9310BC09E2-LeaderElection4] INFO  impl.RoleInfo (RoleInfo.java:shutdownLeaderElection(130)) - fdf93896-5abf-403c-99a8-bb8ea43c9a14: shutdown fdf93896-5abf-403c-99a8-bb8ea43c9a14@group-5B9310BC09E2-LeaderElection4
2024-06-22 13:31:59,691 [fdf93896-5abf-403c-99a8-bb8ea43c9a14@group-5B9310BC09E2-LeaderElection4] INFO  server.RaftServer$Division (RaftServerImpl.java:setRole(383)) - fdf93896-5abf-403c-99a8-bb8ea43c9a14@group-5B9310BC09E2: changes role from CANDIDATE to LEADER at term 1 for changeToLeader
2024-06-22 13:31:59,691 [fdf93896-5abf-403c-99a8-bb8ea43c9a14@group-5B9310BC09E2-LeaderElection4] INFO  server.RaftServerConfigKeys (ConfUtils.java:logGet(46)) - raft.server.staging.catchup.gap = 1000 (default)
2024-06-22 13:31:59,691 [b47eb027-4b7a-4ddc-bf7f-0870758e0604-server-thread3] INFO  server.RaftServer$Division (ServerState.java:setRaftConf(386)) - b47eb027-4b7a-4ddc-bf7f-0870758e0604@group-B33C5E379CF8: set configuration 0: peers:[b47eb027-4b7a-4ddc-bf7f-0870758e0604|127.0.0.1:15032, fdf93896-5abf-403c-99a8-bb8ea43c9a14|127.0.0.1:15023, c511b233-3aa4-4954-9335-f5d54c64e497|127.0.0.1:15014]|listeners:[], old=null
2024-06-22 13:31:59,692 [fdf93896-5abf-403c-99a8-bb8ea43c9a14@group-5B9310BC09E2-LeaderElection4] INFO  server.RaftServerConfigKeys (ConfUtils.java:logGet(46)) - raft.server.write.element-limit = 1024 (custom)
2024-06-22 13:31:59,692 [fdf93896-5abf-403c-99a8-bb8ea43c9a14@group-5B9310BC09E2-LeaderElection4] INFO  server.RaftServerConfigKeys (ConfUtils.java:logGet(46)) - raft.server.write.byte-limit = 1024 M (=1073741824) (custom)
2024-06-22 13:31:59,693 [fdf93896-5abf-403c-99a8-bb8ea43c9a14@group-5B9310BC09E2-LeaderElection4] INFO  server.RaftServerConfigKeys (ConfUtils.java:logGet(46)) - raft.server.watch.timeout = 30s (custom)
2024-06-22 13:31:59,693 [fdf93896-5abf-403c-99a8-bb8ea43c9a14@group-5B9310BC09E2-LeaderElection4] INFO  server.RaftServerConfigKeys (ConfUtils.java:logGet(46)) - raft.server.watch.timeout.denomination = 1s (default)
2024-06-22 13:31:59,693 [fdf93896-5abf-403c-99a8-bb8ea43c9a14@group-5B9310BC09E2-LeaderElection4] INFO  server.RaftServerConfigKeys (ConfUtils.java:logGet(46)) - raft.server.watch.element-limit = 65536 (default)
2024-06-22 13:31:59,693 [fdf93896-5abf-403c-99a8-bb8ea43c9a14@group-5B9310BC09E2-LeaderElection4] INFO  server.RaftServerConfigKeys (ConfUtils.java:logGet(46)) - raft.server.read.leader.lease.enabled = false (default)
2024-06-22 13:31:59,693 [fdf93896-5abf-403c-99a8-bb8ea43c9a14@group-5B9310BC09E2-LeaderElection4] INFO  server.RaftServerConfigKeys (ConfUtils.java:logGet(46)) - raft.server.read.leader.lease.timeout.ratio = 0.9 (default)
2024-06-22 13:31:59,693 [fdf93896-5abf-403c-99a8-bb8ea43c9a14@group-5B9310BC09E2-LeaderElection4] INFO  server.RaftServerConfigKeys (ConfUtils.java:logGet(46)) - raft.server.rpc.timeout.min = 5s (custom)
2024-06-22 13:31:59,693 [fdf93896-5abf-403c-99a8-bb8ea43c9a14@group-5B9310BC09E2-LeaderElection4] INFO  server.RaftServerConfigKeys (ConfUtils.java:logGet(46)) - raft.server.write.element-limit = 1024 (custom)
2024-06-22 13:31:59,693 [fdf93896-5abf-403c-99a8-bb8ea43c9a14@group-5B9310BC09E2-LeaderElection4] INFO  server.RaftServerConfigKeys (ConfUtils.java:logGet(46)) - raft.server.write.follower.gap.ratio.max = -1.0 (default)
2024-06-22 13:31:59,694 [b47eb027-4b7a-4ddc-bf7f-0870758e0604-server-thread3] INFO  segmented.SegmentedRaftLogWorker (SegmentedRaftLogWorker.java:startLogSegment(430)) - b47eb027-4b7a-4ddc-bf7f-0870758e0604@group-B33C5E379CF8-SegmentedRaftLogWorker: Starting segment from index:0
2024-06-22 13:31:59,694 [b47eb027-4b7a-4ddc-bf7f-0870758e0604@group-B33C5E379CF8-SegmentedRaftLogWorker] INFO  segmented.BufferedWriteChannel (BufferedWriteChannel.java:open(62)) - open log_inprogress_0 at position 0
2024-06-22 13:31:59,695 [fdf93896-5abf-403c-99a8-bb8ea43c9a14@group-5B9310BC09E2-LeaderElection4] INFO  impl.RoleInfo (RoleInfo.java:updateAndGet(139)) - fdf93896-5abf-403c-99a8-bb8ea43c9a14: start fdf93896-5abf-403c-99a8-bb8ea43c9a14@group-5B9310BC09E2-LeaderStateImpl
2024-06-22 13:31:59,695 [fdf93896-5abf-403c-99a8-bb8ea43c9a14@group-5B9310BC09E2-LeaderElection4] INFO  server.RaftServer$Division (RaftServerImpl.java:setFirstElection(574)) - fdf93896-5abf-403c-99a8-bb8ea43c9a14@group-5B9310BC09E2: set firstElectionSinceStartup to false for becomeLeader
2024-06-22 13:31:59,695 [fdf93896-5abf-403c-99a8-bb8ea43c9a14@group-5B9310BC09E2-LeaderElection4] INFO  ratis.XceiverServerRatis (XceiverServerRatis.java:handleLeaderChangedNotification(966)) - Leader change notification received for group: group-5B9310BC09E2 with new leaderId: fdf93896-5abf-403c-99a8-bb8ea43c9a14
2024-06-22 13:31:59,696 [fdf93896-5abf-403c-99a8-bb8ea43c9a14@group-5B9310BC09E2-LeaderElection4] INFO  server.RaftServer$Division (ServerState.java:setLeader(269)) - fdf93896-5abf-403c-99a8-bb8ea43c9a14@group-5B9310BC09E2: change Leader from null to fdf93896-5abf-403c-99a8-bb8ea43c9a14 at term 1 for becomeLeader, leader elected after 5154ms
2024-06-22 13:31:59,696 [fdf93896-5abf-403c-99a8-bb8ea43c9a14@group-5B9310BC09E2-LeaderElection4] INFO  segmented.SegmentedRaftLogWorker (SegmentedRaftLogWorker.java:startLogSegment(430)) - fdf93896-5abf-403c-99a8-bb8ea43c9a14@group-5B9310BC09E2-SegmentedRaftLogWorker: Starting segment from index:0
2024-06-22 13:31:59,697 [fdf93896-5abf-403c-99a8-bb8ea43c9a14@group-5B9310BC09E2-LeaderElection4] INFO  server.RaftServer$Division (ServerState.java:setRaftConf(386)) - fdf93896-5abf-403c-99a8-bb8ea43c9a14@group-5B9310BC09E2: set configuration 0: peers:[fdf93896-5abf-403c-99a8-bb8ea43c9a14|127.0.0.1:15023]|listeners:[], old=null
2024-06-22 13:31:59,699 [fdf93896-5abf-403c-99a8-bb8ea43c9a14@group-5B9310BC09E2-SegmentedRaftLogWorker] INFO  segmented.BufferedWriteChannel (BufferedWriteChannel.java:open(62)) - open log_inprogress_0 at position 0
2024-06-22 13:31:59,701 [fdf93896-5abf-403c-99a8-bb8ea43c9a14-server-thread1] INFO  ratis.XceiverServerRatis (XceiverServerRatis.java:handleLeaderChangedNotification(966)) - Leader change notification received for group: group-B33C5E379CF8 with new leaderId: c511b233-3aa4-4954-9335-f5d54c64e497
2024-06-22 13:31:59,701 [fdf93896-5abf-403c-99a8-bb8ea43c9a14-server-thread1] INFO  server.RaftServer$Division (ServerState.java:setLeader(269)) - fdf93896-5abf-403c-99a8-bb8ea43c9a14@group-B33C5E379CF8: change Leader from null to c511b233-3aa4-4954-9335-f5d54c64e497 at term 1 for appendEntries, leader elected after 5117ms
2024-06-22 13:31:59,702 [fdf93896-5abf-403c-99a8-bb8ea43c9a14-server-thread2] INFO  server.RaftServer$Division (ServerState.java:setRaftConf(386)) - fdf93896-5abf-403c-99a8-bb8ea43c9a14@group-B33C5E379CF8: set configuration 0: peers:[b47eb027-4b7a-4ddc-bf7f-0870758e0604|127.0.0.1:15032, fdf93896-5abf-403c-99a8-bb8ea43c9a14|127.0.0.1:15023, c511b233-3aa4-4954-9335-f5d54c64e497|127.0.0.1:15014]|listeners:[], old=null
2024-06-22 13:31:59,703 [fdf93896-5abf-403c-99a8-bb8ea43c9a14-server-thread2] INFO  segmented.SegmentedRaftLogWorker (SegmentedRaftLogWorker.java:startLogSegment(430)) - fdf93896-5abf-403c-99a8-bb8ea43c9a14@group-B33C5E379CF8-SegmentedRaftLogWorker: Starting segment from index:0
2024-06-22 13:31:59,706 [fdf93896-5abf-403c-99a8-bb8ea43c9a14@group-B33C5E379CF8-SegmentedRaftLogWorker] INFO  segmented.BufferedWriteChannel (BufferedWriteChannel.java:open(62)) - open log_inprogress_0 at position 0
2024-06-22 13:31:59,709 [fdf93896-5abf-403c-99a8-bb8ea43c9a14@group-5B9310BC09E2-SegmentedRaftLogWorker] INFO  segmented.SegmentedRaftLogWorker (SegmentedRaftLogWorker.java:execute(634)) - fdf93896-5abf-403c-99a8-bb8ea43c9a14@group-5B9310BC09E2-SegmentedRaftLogWorker: created new log segment /home/runner/work/ozone/ozone/hadoop-ozone/integration-test/target/test-dir/MiniOzoneClusterImpl-ed78929e-9b9e-4304-bdcd-e93070d12e9d/ozone-meta/datanode-2/ratis/4ed428f0-b8d8-465b-8fad-5b9310bc09e2/current/log_inprogress_0
2024-06-22 13:31:59,710 [b47eb027-4b7a-4ddc-bf7f-0870758e0604@group-B33C5E379CF8-SegmentedRaftLogWorker] INFO  segmented.SegmentedRaftLogWorker (SegmentedRaftLogWorker.java:execute(634)) - b47eb027-4b7a-4ddc-bf7f-0870758e0604@group-B33C5E379CF8-SegmentedRaftLogWorker: created new log segment /home/runner/work/ozone/ozone/hadoop-ozone/integration-test/target/test-dir/MiniOzoneClusterImpl-ed78929e-9b9e-4304-bdcd-e93070d12e9d/ozone-meta/datanode-3/ratis/b956bdd5-41b8-45c8-8b94-b33c5e379cf8/current/log_inprogress_0
2024-06-22 13:31:59,714 [fdf93896-5abf-403c-99a8-bb8ea43c9a14@group-5B9310BC09E2-StateMachineUpdater] INFO  server.RaftServer$Division (LeaderStateImpl.java:isApplied(320)) - leader is ready since appliedIndex == 0 >= startIndex == 0
2024-06-22 13:31:59,714 [fdf93896-5abf-403c-99a8-bb8ea43c9a14@group-B33C5E379CF8-SegmentedRaftLogWorker] INFO  segmented.SegmentedRaftLogWorker (SegmentedRaftLogWorker.java:execute(634)) - fdf93896-5abf-403c-99a8-bb8ea43c9a14@group-B33C5E379CF8-SegmentedRaftLogWorker: created new log segment /home/runner/work/ozone/ozone/hadoop-ozone/integration-test/target/test-dir/MiniOzoneClusterImpl-ed78929e-9b9e-4304-bdcd-e93070d12e9d/ozone-meta/datanode-2/ratis/b956bdd5-41b8-45c8-8b94-b33c5e379cf8/current/log_inprogress_0
2024-06-22 13:31:59,720 [c511b233-3aa4-4954-9335-f5d54c64e497@group-B33C5E379CF8-StateMachineUpdater] INFO  server.RaftServer$Division (LeaderStateImpl.java:isApplied(320)) - leader is ready since appliedIndex == 0 >= startIndex == 0
2024-06-22 13:31:59,771 [b47eb027-4b7a-4ddc-bf7f-0870758e0604@group-756EC7FADB3C-FollowerState] INFO  impl.FollowerState (FollowerState.java:run(143)) - b47eb027-4b7a-4ddc-bf7f-0870758e0604@group-756EC7FADB3C-FollowerState: change to CANDIDATE, lastRpcElapsedTime:5123792149ns, electionTimeout:5122ms
2024-06-22 13:31:59,771 [b47eb027-4b7a-4ddc-bf7f-0870758e0604@group-756EC7FADB3C-FollowerState] INFO  impl.RoleInfo (RoleInfo.java:shutdownFollowerState(110)) - b47eb027-4b7a-4ddc-bf7f-0870758e0604: shutdown b47eb027-4b7a-4ddc-bf7f-0870758e0604@group-756EC7FADB3C-FollowerState
2024-06-22 13:31:59,772 [b47eb027-4b7a-4ddc-bf7f-0870758e0604@group-756EC7FADB3C-FollowerState] INFO  server.RaftServer$Division (RaftServerImpl.java:setRole(383)) - b47eb027-4b7a-4ddc-bf7f-0870758e0604@group-756EC7FADB3C: changes role from  FOLLOWER to CANDIDATE at term 0 for changeToCandidate
2024-06-22 13:31:59,772 [b47eb027-4b7a-4ddc-bf7f-0870758e0604@group-756EC7FADB3C-FollowerState] INFO  server.RaftServerConfigKeys (ConfUtils.java:logGet(46)) - raft.server.leaderelection.pre-vote = true (default)
2024-06-22 13:31:59,772 [b47eb027-4b7a-4ddc-bf7f-0870758e0604@group-756EC7FADB3C-FollowerState] INFO  impl.RoleInfo (RoleInfo.java:updateAndGet(139)) - b47eb027-4b7a-4ddc-bf7f-0870758e0604: start b47eb027-4b7a-4ddc-bf7f-0870758e0604@group-756EC7FADB3C-LeaderElection5
2024-06-22 13:31:59,772 [b47eb027-4b7a-4ddc-bf7f-0870758e0604@group-756EC7FADB3C-LeaderElection5] INFO  impl.LeaderElection (LeaderElection.java:askForVotes(321)) - b47eb027-4b7a-4ddc-bf7f-0870758e0604@group-756EC7FADB3C-LeaderElection5 PRE_VOTE round 0: submit vote requests at term 0 for -1: peers:[b47eb027-4b7a-4ddc-bf7f-0870758e0604|127.0.0.1:15032]|listeners:[], old=null
2024-06-22 13:31:59,772 [b47eb027-4b7a-4ddc-bf7f-0870758e0604@group-756EC7FADB3C-LeaderElection5] INFO  impl.LeaderElection (LeaderElection.java:askForVotes(323)) - b47eb027-4b7a-4ddc-bf7f-0870758e0604@group-756EC7FADB3C-LeaderElection5 PRE_VOTE round 0: result PASSED (term=0)
2024-06-22 13:31:59,774 [b47eb027-4b7a-4ddc-bf7f-0870758e0604@group-756EC7FADB3C-LeaderElection5] INFO  impl.LeaderElection (LeaderElection.java:askForVotes(321)) - b47eb027-4b7a-4ddc-bf7f-0870758e0604@group-756EC7FADB3C-LeaderElection5 ELECTION round 0: submit vote requests at term 1 for -1: peers:[b47eb027-4b7a-4ddc-bf7f-0870758e0604|127.0.0.1:15032]|listeners:[], old=null
2024-06-22 13:31:59,774 [b47eb027-4b7a-4ddc-bf7f-0870758e0604@group-756EC7FADB3C-LeaderElection5] INFO  impl.LeaderElection (LeaderElection.java:askForVotes(323)) - b47eb027-4b7a-4ddc-bf7f-0870758e0604@group-756EC7FADB3C-LeaderElection5 ELECTION round 0: result PASSED (term=1)
2024-06-22 13:31:59,774 [b47eb027-4b7a-4ddc-bf7f-0870758e0604@group-756EC7FADB3C-LeaderElection5] INFO  impl.RoleInfo (RoleInfo.java:shutdownLeaderElection(130)) - b47eb027-4b7a-4ddc-bf7f-0870758e0604: shutdown b47eb027-4b7a-4ddc-bf7f-0870758e0604@group-756EC7FADB3C-LeaderElection5
2024-06-22 13:31:59,774 [b47eb027-4b7a-4ddc-bf7f-0870758e0604@group-756EC7FADB3C-LeaderElection5] INFO  server.RaftServer$Division (RaftServerImpl.java:setRole(383)) - b47eb027-4b7a-4ddc-bf7f-0870758e0604@group-756EC7FADB3C: changes role from CANDIDATE to LEADER at term 1 for changeToLeader
2024-06-22 13:31:59,774 [b47eb027-4b7a-4ddc-bf7f-0870758e0604@group-756EC7FADB3C-LeaderElection5] INFO  server.RaftServerConfigKeys (ConfUtils.java:logGet(46)) - raft.server.staging.catchup.gap = 1000 (default)
2024-06-22 13:31:59,775 [b47eb027-4b7a-4ddc-bf7f-0870758e0604@group-756EC7FADB3C-LeaderElection5] INFO  server.RaftServerConfigKeys (ConfUtils.java:logGet(46)) - raft.server.write.element-limit = 1024 (custom)
2024-06-22 13:31:59,775 [b47eb027-4b7a-4ddc-bf7f-0870758e0604@group-756EC7FADB3C-LeaderElection5] INFO  server.RaftServerConfigKeys (ConfUtils.java:logGet(46)) - raft.server.write.byte-limit = 1024 M (=1073741824) (custom)
2024-06-22 13:31:59,775 [ReplicationMonitor] INFO  replication.ReplicationManager (ReplicationManager.java:processAll(373)) - Replication Manager is not ready to run until 3000ms after safemode exit
2024-06-22 13:31:59,775 [b47eb027-4b7a-4ddc-bf7f-0870758e0604@group-756EC7FADB3C-LeaderElection5] INFO  server.RaftServerConfigKeys (ConfUtils.java:logGet(46)) - raft.server.watch.timeout = 30s (custom)
2024-06-22 13:31:59,776 [b47eb027-4b7a-4ddc-bf7f-0870758e0604@group-756EC7FADB3C-LeaderElection5] INFO  server.RaftServerConfigKeys (ConfUtils.java:logGet(46)) - raft.server.watch.timeout.denomination = 1s (default)
2024-06-22 13:31:59,776 [b47eb027-4b7a-4ddc-bf7f-0870758e0604@group-756EC7FADB3C-LeaderElection5] INFO  server.RaftServerConfigKeys (ConfUtils.java:logGet(46)) - raft.server.watch.element-limit = 65536 (default)
2024-06-22 13:31:59,776 [b47eb027-4b7a-4ddc-bf7f-0870758e0604@group-756EC7FADB3C-LeaderElection5] INFO  server.RaftServerConfigKeys (ConfUtils.java:logGet(46)) - raft.server.read.leader.lease.enabled = false (default)
2024-06-22 13:31:59,776 [b47eb027-4b7a-4ddc-bf7f-0870758e0604@group-756EC7FADB3C-LeaderElection5] INFO  server.RaftServerConfigKeys (ConfUtils.java:logGet(46)) - raft.server.read.leader.lease.timeout.ratio = 0.9 (default)
2024-06-22 13:31:59,776 [b47eb027-4b7a-4ddc-bf7f-0870758e0604@group-756EC7FADB3C-LeaderElection5] INFO  server.RaftServerConfigKeys (ConfUtils.java:logGet(46)) - raft.server.rpc.timeout.min = 5s (custom)
2024-06-22 13:31:59,776 [b47eb027-4b7a-4ddc-bf7f-0870758e0604@group-756EC7FADB3C-LeaderElection5] INFO  server.RaftServerConfigKeys (ConfUtils.java:logGet(46)) - raft.server.write.element-limit = 1024 (custom)
2024-06-22 13:31:59,776 [b47eb027-4b7a-4ddc-bf7f-0870758e0604@group-756EC7FADB3C-LeaderElection5] INFO  server.RaftServerConfigKeys (ConfUtils.java:logGet(46)) - raft.server.write.follower.gap.ratio.max = -1.0 (default)
2024-06-22 13:31:59,776 [b47eb027-4b7a-4ddc-bf7f-0870758e0604@group-756EC7FADB3C-LeaderElection5] INFO  impl.RoleInfo (RoleInfo.java:updateAndGet(139)) - b47eb027-4b7a-4ddc-bf7f-0870758e0604: start b47eb027-4b7a-4ddc-bf7f-0870758e0604@group-756EC7FADB3C-LeaderStateImpl
2024-06-22 13:31:59,776 [b47eb027-4b7a-4ddc-bf7f-0870758e0604@group-756EC7FADB3C-LeaderElection5] INFO  server.RaftServer$Division (RaftServerImpl.java:setFirstElection(574)) - b47eb027-4b7a-4ddc-bf7f-0870758e0604@group-756EC7FADB3C: set firstElectionSinceStartup to false for becomeLeader
2024-06-22 13:31:59,777 [b47eb027-4b7a-4ddc-bf7f-0870758e0604@group-756EC7FADB3C-LeaderElection5] INFO  ratis.XceiverServerRatis (XceiverServerRatis.java:handleLeaderChangedNotification(966)) - Leader change notification received for group: group-756EC7FADB3C with new leaderId: b47eb027-4b7a-4ddc-bf7f-0870758e0604
2024-06-22 13:31:59,777 [b47eb027-4b7a-4ddc-bf7f-0870758e0604@group-756EC7FADB3C-LeaderElection5] INFO  server.RaftServer$Division (ServerState.java:setLeader(269)) - b47eb027-4b7a-4ddc-bf7f-0870758e0604@group-756EC7FADB3C: change Leader from null to b47eb027-4b7a-4ddc-bf7f-0870758e0604 at term 1 for becomeLeader, leader elected after 5152ms
2024-06-22 13:31:59,777 [b47eb027-4b7a-4ddc-bf7f-0870758e0604@group-756EC7FADB3C-LeaderElection5] INFO  segmented.SegmentedRaftLogWorker (SegmentedRaftLogWorker.java:startLogSegment(430)) - b47eb027-4b7a-4ddc-bf7f-0870758e0604@group-756EC7FADB3C-SegmentedRaftLogWorker: Starting segment from index:0
2024-06-22 13:31:59,778 [b47eb027-4b7a-4ddc-bf7f-0870758e0604@group-756EC7FADB3C-SegmentedRaftLogWorker] INFO  segmented.BufferedWriteChannel (BufferedWriteChannel.java:open(62)) - open log_inprogress_0 at position 0
2024-06-22 13:31:59,781 [b47eb027-4b7a-4ddc-bf7f-0870758e0604@group-756EC7FADB3C-LeaderElection5] INFO  server.RaftServer$Division (ServerState.java:setRaftConf(386)) - b47eb027-4b7a-4ddc-bf7f-0870758e0604@group-756EC7FADB3C: set configuration 0: peers:[b47eb027-4b7a-4ddc-bf7f-0870758e0604|127.0.0.1:15032]|listeners:[], old=null
2024-06-22 13:31:59,786 [b47eb027-4b7a-4ddc-bf7f-0870758e0604@group-756EC7FADB3C-SegmentedRaftLogWorker] INFO  segmented.SegmentedRaftLogWorker (SegmentedRaftLogWorker.java:execute(634)) - b47eb027-4b7a-4ddc-bf7f-0870758e0604@group-756EC7FADB3C-SegmentedRaftLogWorker: created new log segment /home/runner/work/ozone/ozone/hadoop-ozone/integration-test/target/test-dir/MiniOzoneClusterImpl-ed78929e-9b9e-4304-bdcd-e93070d12e9d/ozone-meta/datanode-3/ratis/bf9e02a1-c300-42bd-959c-756ec7fadb3c/current/log_inprogress_0
2024-06-22 13:31:59,788 [b47eb027-4b7a-4ddc-bf7f-0870758e0604@group-756EC7FADB3C-StateMachineUpdater] INFO  server.RaftServer$Division (LeaderStateImpl.java:isApplied(320)) - leader is ready since appliedIndex == 0 >= startIndex == 0
2024-06-22 13:31:59,807 [6d6fe673-47e6-46c0-a6fc-601f54cde379@group-41EB72E6D1FF-FollowerState] INFO  impl.FollowerState (FollowerState.java:run(143)) - 6d6fe673-47e6-46c0-a6fc-601f54cde379@group-41EB72E6D1FF-FollowerState: change to CANDIDATE, lastRpcElapsedTime:5055653992ns, electionTimeout:5053ms
2024-06-22 13:31:59,808 [6d6fe673-47e6-46c0-a6fc-601f54cde379@group-41EB72E6D1FF-FollowerState] INFO  impl.RoleInfo (RoleInfo.java:shutdownFollowerState(110)) - 6d6fe673-47e6-46c0-a6fc-601f54cde379: shutdown 6d6fe673-47e6-46c0-a6fc-601f54cde379@group-41EB72E6D1FF-FollowerState
2024-06-22 13:31:59,808 [6d6fe673-47e6-46c0-a6fc-601f54cde379@group-41EB72E6D1FF-FollowerState] INFO  server.RaftServer$Division (RaftServerImpl.java:setRole(383)) - 6d6fe673-47e6-46c0-a6fc-601f54cde379@group-41EB72E6D1FF: changes role from  FOLLOWER to CANDIDATE at term 0 for changeToCandidate
2024-06-22 13:31:59,808 [6d6fe673-47e6-46c0-a6fc-601f54cde379@group-41EB72E6D1FF-FollowerState] INFO  server.RaftServerConfigKeys (ConfUtils.java:logGet(46)) - raft.server.leaderelection.pre-vote = true (default)
2024-06-22 13:31:59,808 [6d6fe673-47e6-46c0-a6fc-601f54cde379@group-41EB72E6D1FF-FollowerState] INFO  impl.RoleInfo (RoleInfo.java:updateAndGet(139)) - 6d6fe673-47e6-46c0-a6fc-601f54cde379: start 6d6fe673-47e6-46c0-a6fc-601f54cde379@group-41EB72E6D1FF-LeaderElection6
2024-06-22 13:31:59,808 [6d6fe673-47e6-46c0-a6fc-601f54cde379@group-41EB72E6D1FF-LeaderElection6] INFO  impl.LeaderElection (LeaderElection.java:askForVotes(321)) - 6d6fe673-47e6-46c0-a6fc-601f54cde379@group-41EB72E6D1FF-LeaderElection6 PRE_VOTE round 0: submit vote requests at term 0 for -1: peers:[6d6fe673-47e6-46c0-a6fc-601f54cde379|127.0.0.1:15041]|listeners:[], old=null
2024-06-22 13:31:59,808 [6d6fe673-47e6-46c0-a6fc-601f54cde379@group-41EB72E6D1FF-LeaderElection6] INFO  impl.LeaderElection (LeaderElection.java:askForVotes(323)) - 6d6fe673-47e6-46c0-a6fc-601f54cde379@group-41EB72E6D1FF-LeaderElection6 PRE_VOTE round 0: result PASSED (term=0)
2024-06-22 13:31:59,810 [6d6fe673-47e6-46c0-a6fc-601f54cde379@group-41EB72E6D1FF-LeaderElection6] INFO  impl.LeaderElection (LeaderElection.java:askForVotes(321)) - 6d6fe673-47e6-46c0-a6fc-601f54cde379@group-41EB72E6D1FF-LeaderElection6 ELECTION round 0: submit vote requests at term 1 for -1: peers:[6d6fe673-47e6-46c0-a6fc-601f54cde379|127.0.0.1:15041]|listeners:[], old=null
2024-06-22 13:31:59,810 [6d6fe673-47e6-46c0-a6fc-601f54cde379@group-41EB72E6D1FF-LeaderElection6] INFO  impl.LeaderElection (LeaderElection.java:askForVotes(323)) - 6d6fe673-47e6-46c0-a6fc-601f54cde379@group-41EB72E6D1FF-LeaderElection6 ELECTION round 0: result PASSED (term=1)
2024-06-22 13:31:59,810 [6d6fe673-47e6-46c0-a6fc-601f54cde379@group-41EB72E6D1FF-LeaderElection6] INFO  impl.RoleInfo (RoleInfo.java:shutdownLeaderElection(130)) - 6d6fe673-47e6-46c0-a6fc-601f54cde379: shutdown 6d6fe673-47e6-46c0-a6fc-601f54cde379@group-41EB72E6D1FF-LeaderElection6
2024-06-22 13:31:59,810 [6d6fe673-47e6-46c0-a6fc-601f54cde379@group-41EB72E6D1FF-LeaderElection6] INFO  server.RaftServer$Division (RaftServerImpl.java:setRole(383)) - 6d6fe673-47e6-46c0-a6fc-601f54cde379@group-41EB72E6D1FF: changes role from CANDIDATE to LEADER at term 1 for changeToLeader
2024-06-22 13:31:59,810 [6d6fe673-47e6-46c0-a6fc-601f54cde379@group-41EB72E6D1FF-LeaderElection6] INFO  server.RaftServerConfigKeys (ConfUtils.java:logGet(46)) - raft.server.staging.catchup.gap = 1000 (default)
2024-06-22 13:31:59,811 [6d6fe673-47e6-46c0-a6fc-601f54cde379@group-41EB72E6D1FF-LeaderElection6] INFO  server.RaftServerConfigKeys (ConfUtils.java:logGet(46)) - raft.server.write.element-limit = 1024 (custom)
2024-06-22 13:31:59,811 [6d6fe673-47e6-46c0-a6fc-601f54cde379@group-41EB72E6D1FF-LeaderElection6] INFO  server.RaftServerConfigKeys (ConfUtils.java:logGet(46)) - raft.server.write.byte-limit = 1024 M (=1073741824) (custom)
2024-06-22 13:31:59,812 [6d6fe673-47e6-46c0-a6fc-601f54cde379@group-41EB72E6D1FF-LeaderElection6] INFO  server.RaftServerConfigKeys (ConfUtils.java:logGet(46)) - raft.server.watch.timeout = 30s (custom)
2024-06-22 13:31:59,812 [6d6fe673-47e6-46c0-a6fc-601f54cde379@group-41EB72E6D1FF-LeaderElection6] INFO  server.RaftServerConfigKeys (ConfUtils.java:logGet(46)) - raft.server.watch.timeout.denomination = 1s (default)
2024-06-22 13:31:59,812 [6d6fe673-47e6-46c0-a6fc-601f54cde379@group-41EB72E6D1FF-LeaderElection6] INFO  server.RaftServerConfigKeys (ConfUtils.java:logGet(46)) - raft.server.watch.element-limit = 65536 (default)
2024-06-22 13:31:59,812 [6d6fe673-47e6-46c0-a6fc-601f54cde379@group-41EB72E6D1FF-LeaderElection6] INFO  server.RaftServerConfigKeys (ConfUtils.java:logGet(46)) - raft.server.read.leader.lease.enabled = false (default)
2024-06-22 13:31:59,812 [6d6fe673-47e6-46c0-a6fc-601f54cde379@group-41EB72E6D1FF-LeaderElection6] INFO  server.RaftServerConfigKeys (ConfUtils.java:logGet(46)) - raft.server.read.leader.lease.timeout.ratio = 0.9 (default)
2024-06-22 13:31:59,812 [6d6fe673-47e6-46c0-a6fc-601f54cde379@group-41EB72E6D1FF-LeaderElection6] INFO  server.RaftServerConfigKeys (ConfUtils.java:logGet(46)) - raft.server.rpc.timeout.min = 5s (custom)
2024-06-22 13:31:59,812 [6d6fe673-47e6-46c0-a6fc-601f54cde379@group-41EB72E6D1FF-LeaderElection6] INFO  server.RaftServerConfigKeys (ConfUtils.java:logGet(46)) - raft.server.write.element-limit = 1024 (custom)
2024-06-22 13:31:59,812 [6d6fe673-47e6-46c0-a6fc-601f54cde379@group-41EB72E6D1FF-LeaderElection6] INFO  server.RaftServerConfigKeys (ConfUtils.java:logGet(46)) - raft.server.write.follower.gap.ratio.max = -1.0 (default)
2024-06-22 13:31:59,812 [6d6fe673-47e6-46c0-a6fc-601f54cde379@group-41EB72E6D1FF-LeaderElection6] INFO  impl.RoleInfo (RoleInfo.java:updateAndGet(139)) - 6d6fe673-47e6-46c0-a6fc-601f54cde379: start 6d6fe673-47e6-46c0-a6fc-601f54cde379@group-41EB72E6D1FF-LeaderStateImpl
2024-06-22 13:31:59,812 [6d6fe673-47e6-46c0-a6fc-601f54cde379@group-41EB72E6D1FF-LeaderElection6] INFO  server.RaftServer$Division (RaftServerImpl.java:setFirstElection(574)) - 6d6fe673-47e6-46c0-a6fc-601f54cde379@group-41EB72E6D1FF: set firstElectionSinceStartup to false for becomeLeader
2024-06-22 13:31:59,813 [6d6fe673-47e6-46c0-a6fc-601f54cde379@group-41EB72E6D1FF-LeaderElection6] INFO  ratis.XceiverServerRatis (XceiverServerRatis.java:handleLeaderChangedNotification(966)) - Leader change notification received for group: group-41EB72E6D1FF with new leaderId: 6d6fe673-47e6-46c0-a6fc-601f54cde379
2024-06-22 13:31:59,813 [6d6fe673-47e6-46c0-a6fc-601f54cde379@group-41EB72E6D1FF-LeaderElection6] INFO  server.RaftServer$Division (ServerState.java:setLeader(269)) - 6d6fe673-47e6-46c0-a6fc-601f54cde379@group-41EB72E6D1FF: change Leader from null to 6d6fe673-47e6-46c0-a6fc-601f54cde379 at term 1 for becomeLeader, leader elected after 5088ms
2024-06-22 13:31:59,815 [6d6fe673-47e6-46c0-a6fc-601f54cde379@group-41EB72E6D1FF-LeaderElection6] INFO  segmented.SegmentedRaftLogWorker (SegmentedRaftLogWorker.java:startLogSegment(430)) - 6d6fe673-47e6-46c0-a6fc-601f54cde379@group-41EB72E6D1FF-SegmentedRaftLogWorker: Starting segment from index:0
2024-06-22 13:31:59,815 [6d6fe673-47e6-46c0-a6fc-601f54cde379@group-41EB72E6D1FF-LeaderElection6] INFO  server.RaftServer$Division (ServerState.java:setRaftConf(386)) - 6d6fe673-47e6-46c0-a6fc-601f54cde379@group-41EB72E6D1FF: set configuration 0: peers:[6d6fe673-47e6-46c0-a6fc-601f54cde379|127.0.0.1:15041]|listeners:[], old=null
2024-06-22 13:31:59,815 [6d6fe673-47e6-46c0-a6fc-601f54cde379@group-41EB72E6D1FF-SegmentedRaftLogWorker] INFO  segmented.BufferedWriteChannel (BufferedWriteChannel.java:open(62)) - open log_inprogress_0 at position 0
2024-06-22 13:31:59,824 [6d6fe673-47e6-46c0-a6fc-601f54cde379@group-41EB72E6D1FF-SegmentedRaftLogWorker] INFO  segmented.SegmentedRaftLogWorker (SegmentedRaftLogWorker.java:execute(634)) - 6d6fe673-47e6-46c0-a6fc-601f54cde379@group-41EB72E6D1FF-SegmentedRaftLogWorker: created new log segment /home/runner/work/ozone/ozone/hadoop-ozone/integration-test/target/test-dir/MiniOzoneClusterImpl-ed78929e-9b9e-4304-bdcd-e93070d12e9d/ozone-meta/datanode-4/ratis/4e9e35b0-d8e6-42c3-8c75-41eb72e6d1ff/current/log_inprogress_0
2024-06-22 13:31:59,826 [6d6fe673-47e6-46c0-a6fc-601f54cde379@group-41EB72E6D1FF-StateMachineUpdater] INFO  server.RaftServer$Division (LeaderStateImpl.java:isApplied(320)) - leader is ready since appliedIndex == 0 >= startIndex == 0
2024-06-22 13:31:59,843 [main] INFO  ozone.MiniOzoneClusterImpl (MiniOzoneClusterImpl.java:lambda$waitForClusterToBeReady$0(194)) - Nodes are ready. Got 5 of 5 DN Heartbeats.
2024-06-22 13:31:59,843 [main] INFO  ozone.MiniOzoneClusterImpl (MiniOzoneClusterImpl.java:lambda$waitForClusterToBeReady$0(197)) - Cluster exits safe mode
2024-06-22 13:31:59,843 [main] INFO  ozone.MiniOzoneClusterImpl (MiniOzoneClusterImpl.java:lambda$waitForClusterToBeReady$0(199)) - SCM became leader
2024-06-22 13:31:59,966 [99deb4a4-176b-49c7-aa7a-c34027b979ad@group-2518F42A7CAD-FollowerState] INFO  impl.FollowerState (FollowerState.java:run(143)) - 99deb4a4-176b-49c7-aa7a-c34027b979ad@group-2518F42A7CAD-FollowerState: change to CANDIDATE, lastRpcElapsedTime:5111229847ns, electionTimeout:5091ms
2024-06-22 13:31:59,966 [99deb4a4-176b-49c7-aa7a-c34027b979ad@group-2518F42A7CAD-FollowerState] INFO  impl.RoleInfo (RoleInfo.java:shutdownFollowerState(110)) - 99deb4a4-176b-49c7-aa7a-c34027b979ad: shutdown 99deb4a4-176b-49c7-aa7a-c34027b979ad@group-2518F42A7CAD-FollowerState
2024-06-22 13:31:59,966 [99deb4a4-176b-49c7-aa7a-c34027b979ad@group-2518F42A7CAD-FollowerState] INFO  server.RaftServer$Division (RaftServerImpl.java:setRole(383)) - 99deb4a4-176b-49c7-aa7a-c34027b979ad@group-2518F42A7CAD: changes role from  FOLLOWER to CANDIDATE at term 0 for changeToCandidate
2024-06-22 13:31:59,967 [99deb4a4-176b-49c7-aa7a-c34027b979ad@group-2518F42A7CAD-FollowerState] INFO  server.RaftServerConfigKeys (ConfUtils.java:logGet(46)) - raft.server.leaderelection.pre-vote = true (default)
2024-06-22 13:31:59,967 [99deb4a4-176b-49c7-aa7a-c34027b979ad@group-2518F42A7CAD-FollowerState] INFO  impl.RoleInfo (RoleInfo.java:updateAndGet(139)) - 99deb4a4-176b-49c7-aa7a-c34027b979ad: start 99deb4a4-176b-49c7-aa7a-c34027b979ad@group-2518F42A7CAD-LeaderElection7
2024-06-22 13:31:59,968 [99deb4a4-176b-49c7-aa7a-c34027b979ad@group-2518F42A7CAD-LeaderElection7] INFO  impl.LeaderElection (LeaderElection.java:askForVotes(321)) - 99deb4a4-176b-49c7-aa7a-c34027b979ad@group-2518F42A7CAD-LeaderElection7 PRE_VOTE round 0: submit vote requests at term 0 for -1: peers:[99deb4a4-176b-49c7-aa7a-c34027b979ad|127.0.0.1:15050]|listeners:[], old=null
2024-06-22 13:31:59,968 [99deb4a4-176b-49c7-aa7a-c34027b979ad@group-2518F42A7CAD-LeaderElection7] INFO  impl.LeaderElection (LeaderElection.java:askForVotes(323)) - 99deb4a4-176b-49c7-aa7a-c34027b979ad@group-2518F42A7CAD-LeaderElection7 PRE_VOTE round 0: result PASSED (term=0)
2024-06-22 13:31:59,970 [99deb4a4-176b-49c7-aa7a-c34027b979ad@group-2518F42A7CAD-LeaderElection7] INFO  impl.LeaderElection (LeaderElection.java:askForVotes(321)) - 99deb4a4-176b-49c7-aa7a-c34027b979ad@group-2518F42A7CAD-LeaderElection7 ELECTION round 0: submit vote requests at term 1 for -1: peers:[99deb4a4-176b-49c7-aa7a-c34027b979ad|127.0.0.1:15050]|listeners:[], old=null
2024-06-22 13:31:59,970 [99deb4a4-176b-49c7-aa7a-c34027b979ad@group-2518F42A7CAD-LeaderElection7] INFO  impl.LeaderElection (LeaderElection.java:askForVotes(323)) - 99deb4a4-176b-49c7-aa7a-c34027b979ad@group-2518F42A7CAD-LeaderElection7 ELECTION round 0: result PASSED (term=1)
2024-06-22 13:31:59,971 [99deb4a4-176b-49c7-aa7a-c34027b979ad@group-2518F42A7CAD-LeaderElection7] INFO  impl.RoleInfo (RoleInfo.java:shutdownLeaderElection(130)) - 99deb4a4-176b-49c7-aa7a-c34027b979ad: shutdown 99deb4a4-176b-49c7-aa7a-c34027b979ad@group-2518F42A7CAD-LeaderElection7
2024-06-22 13:31:59,971 [99deb4a4-176b-49c7-aa7a-c34027b979ad@group-2518F42A7CAD-LeaderElection7] INFO  server.RaftServer$Division (RaftServerImpl.java:setRole(383)) - 99deb4a4-176b-49c7-aa7a-c34027b979ad@group-2518F42A7CAD: changes role from CANDIDATE to LEADER at term 1 for changeToLeader
2024-06-22 13:31:59,972 [99deb4a4-176b-49c7-aa7a-c34027b979ad@group-2518F42A7CAD-LeaderElection7] INFO  server.RaftServerConfigKeys (ConfUtils.java:logGet(46)) - raft.server.staging.catchup.gap = 1000 (default)
2024-06-22 13:31:59,972 [99deb4a4-176b-49c7-aa7a-c34027b979ad@group-2518F42A7CAD-LeaderElection7] INFO  server.RaftServerConfigKeys (ConfUtils.java:logGet(46)) - raft.server.write.element-limit = 1024 (custom)
2024-06-22 13:31:59,973 [99deb4a4-176b-49c7-aa7a-c34027b979ad@group-2518F42A7CAD-LeaderElection7] INFO  server.RaftServerConfigKeys (ConfUtils.java:logGet(46)) - raft.server.write.byte-limit = 1024 M (=1073741824) (custom)
2024-06-22 13:31:59,973 [99deb4a4-176b-49c7-aa7a-c34027b979ad@group-2518F42A7CAD-LeaderElection7] INFO  server.RaftServerConfigKeys (ConfUtils.java:logGet(46)) - raft.server.watch.timeout = 30s (custom)
2024-06-22 13:31:59,974 [99deb4a4-176b-49c7-aa7a-c34027b979ad@group-2518F42A7CAD-LeaderElection7] INFO  server.RaftServerConfigKeys (ConfUtils.java:logGet(46)) - raft.server.watch.timeout.denomination = 1s (default)
2024-06-22 13:31:59,974 [99deb4a4-176b-49c7-aa7a-c34027b979ad@group-2518F42A7CAD-LeaderElection7] INFO  server.RaftServerConfigKeys (ConfUtils.java:logGet(46)) - raft.server.watch.element-limit = 65536 (default)
2024-06-22 13:31:59,974 [99deb4a4-176b-49c7-aa7a-c34027b979ad@group-2518F42A7CAD-LeaderElection7] INFO  server.RaftServerConfigKeys (ConfUtils.java:logGet(46)) - raft.server.read.leader.lease.enabled = false (default)
2024-06-22 13:31:59,975 [99deb4a4-176b-49c7-aa7a-c34027b979ad@group-2518F42A7CAD-LeaderElection7] INFO  server.RaftServerConfigKeys (ConfUtils.java:logGet(46)) - raft.server.read.leader.lease.timeout.ratio = 0.9 (default)
2024-06-22 13:31:59,975 [99deb4a4-176b-49c7-aa7a-c34027b979ad@group-2518F42A7CAD-LeaderElection7] INFO  server.RaftServerConfigKeys (ConfUtils.java:logGet(46)) - raft.server.rpc.timeout.min = 5s (custom)
2024-06-22 13:31:59,975 [99deb4a4-176b-49c7-aa7a-c34027b979ad@group-2518F42A7CAD-LeaderElection7] INFO  server.RaftServerConfigKeys (ConfUtils.java:logGet(46)) - raft.server.write.element-limit = 1024 (custom)
2024-06-22 13:31:59,976 [99deb4a4-176b-49c7-aa7a-c34027b979ad@group-2518F42A7CAD-LeaderElection7] INFO  server.RaftServerConfigKeys (ConfUtils.java:logGet(46)) - raft.server.write.follower.gap.ratio.max = -1.0 (default)
2024-06-22 13:31:59,976 [99deb4a4-176b-49c7-aa7a-c34027b979ad@group-2518F42A7CAD-LeaderElection7] INFO  impl.RoleInfo (RoleInfo.java:updateAndGet(139)) - 99deb4a4-176b-49c7-aa7a-c34027b979ad: start 99deb4a4-176b-49c7-aa7a-c34027b979ad@group-2518F42A7CAD-LeaderStateImpl
2024-06-22 13:31:59,976 [99deb4a4-176b-49c7-aa7a-c34027b979ad@group-2518F42A7CAD-LeaderElection7] INFO  server.RaftServer$Division (RaftServerImpl.java:setFirstElection(574)) - 99deb4a4-176b-49c7-aa7a-c34027b979ad@group-2518F42A7CAD: set firstElectionSinceStartup to false for becomeLeader
2024-06-22 13:31:59,977 [99deb4a4-176b-49c7-aa7a-c34027b979ad@group-2518F42A7CAD-LeaderElection7] INFO  ratis.XceiverServerRatis (XceiverServerRatis.java:handleLeaderChangedNotification(966)) - Leader change notification received for group: group-2518F42A7CAD with new leaderId: 99deb4a4-176b-49c7-aa7a-c34027b979ad
2024-06-22 13:31:59,981 [99deb4a4-176b-49c7-aa7a-c34027b979ad@group-2518F42A7CAD-LeaderElection7] INFO  server.RaftServer$Division (ServerState.java:setLeader(269)) - 99deb4a4-176b-49c7-aa7a-c34027b979ad@group-2518F42A7CAD: change Leader from null to 99deb4a4-176b-49c7-aa7a-c34027b979ad at term 1 for becomeLeader, leader elected after 5136ms
2024-06-22 13:31:59,982 [99deb4a4-176b-49c7-aa7a-c34027b979ad@group-2518F42A7CAD-LeaderElection7] INFO  segmented.SegmentedRaftLogWorker (SegmentedRaftLogWorker.java:startLogSegment(430)) - 99deb4a4-176b-49c7-aa7a-c34027b979ad@group-2518F42A7CAD-SegmentedRaftLogWorker: Starting segment from index:0
2024-06-22 13:31:59,983 [99deb4a4-176b-49c7-aa7a-c34027b979ad@group-2518F42A7CAD-SegmentedRaftLogWorker] INFO  segmented.BufferedWriteChannel (BufferedWriteChannel.java:open(62)) - open log_inprogress_0 at position 0
2024-06-22 13:31:59,988 [99deb4a4-176b-49c7-aa7a-c34027b979ad@group-2518F42A7CAD-LeaderElection7] INFO  server.RaftServer$Division (ServerState.java:setRaftConf(386)) - 99deb4a4-176b-49c7-aa7a-c34027b979ad@group-2518F42A7CAD: set configuration 0: peers:[99deb4a4-176b-49c7-aa7a-c34027b979ad|127.0.0.1:15050]|listeners:[], old=null
2024-06-22 13:31:59,992 [99deb4a4-176b-49c7-aa7a-c34027b979ad@group-2518F42A7CAD-SegmentedRaftLogWorker] INFO  segmented.SegmentedRaftLogWorker (SegmentedRaftLogWorker.java:execute(634)) - 99deb4a4-176b-49c7-aa7a-c34027b979ad@group-2518F42A7CAD-SegmentedRaftLogWorker: created new log segment /home/runner/work/ozone/ozone/hadoop-ozone/integration-test/target/test-dir/MiniOzoneClusterImpl-ed78929e-9b9e-4304-bdcd-e93070d12e9d/ozone-meta/datanode-5/ratis/94f1b2cc-08ef-42ba-8ddc-2518f42a7cad/current/log_inprogress_0
2024-06-22 13:31:59,999 [99deb4a4-176b-49c7-aa7a-c34027b979ad@group-2518F42A7CAD-StateMachineUpdater] INFO  server.RaftServer$Division (LeaderStateImpl.java:isApplied(320)) - leader is ready since appliedIndex == 0 >= startIndex == 0
2024-06-22 13:32:00,063 [c511b233-3aa4-4954-9335-f5d54c64e497@group-39932C3C694B-FollowerState] INFO  impl.FollowerState (FollowerState.java:run(143)) - c511b233-3aa4-4954-9335-f5d54c64e497@group-39932C3C694B-FollowerState: change to CANDIDATE, lastRpcElapsedTime:5098962111ns, electionTimeout:5090ms
2024-06-22 13:32:00,063 [c511b233-3aa4-4954-9335-f5d54c64e497@group-39932C3C694B-FollowerState] INFO  impl.RoleInfo (RoleInfo.java:shutdownFollowerState(110)) - c511b233-3aa4-4954-9335-f5d54c64e497: shutdown c511b233-3aa4-4954-9335-f5d54c64e497@group-39932C3C694B-FollowerState
2024-06-22 13:32:00,063 [c511b233-3aa4-4954-9335-f5d54c64e497@group-39932C3C694B-FollowerState] INFO  server.RaftServer$Division (RaftServerImpl.java:setRole(383)) - c511b233-3aa4-4954-9335-f5d54c64e497@group-39932C3C694B: changes role from  FOLLOWER to CANDIDATE at term 0 for changeToCandidate
2024-06-22 13:32:00,064 [c511b233-3aa4-4954-9335-f5d54c64e497@group-39932C3C694B-FollowerState] INFO  server.RaftServerConfigKeys (ConfUtils.java:logGet(46)) - raft.server.leaderelection.pre-vote = true (default)
2024-06-22 13:32:00,064 [c511b233-3aa4-4954-9335-f5d54c64e497@group-39932C3C694B-FollowerState] INFO  impl.RoleInfo (RoleInfo.java:updateAndGet(139)) - c511b233-3aa4-4954-9335-f5d54c64e497: start c511b233-3aa4-4954-9335-f5d54c64e497@group-39932C3C694B-LeaderElection8
2024-06-22 13:32:00,065 [c511b233-3aa4-4954-9335-f5d54c64e497@group-39932C3C694B-LeaderElection8] INFO  impl.LeaderElection (LeaderElection.java:askForVotes(321)) - c511b233-3aa4-4954-9335-f5d54c64e497@group-39932C3C694B-LeaderElection8 PRE_VOTE round 0: submit vote requests at term 0 for -1: peers:[b47eb027-4b7a-4ddc-bf7f-0870758e0604|127.0.0.1:15032, fdf93896-5abf-403c-99a8-bb8ea43c9a14|127.0.0.1:15023, c511b233-3aa4-4954-9335-f5d54c64e497|127.0.0.1:15014]|listeners:[], old=null
2024-06-22 13:32:00,077 [c511b233-3aa4-4954-9335-f5d54c64e497@group-39932C3C694B-LeaderElection8] INFO  server.RaftServerConfigKeys (ConfUtils.java:logFallback(53)) - raft.server.rpc.first-election.timeout.min = 5s (fallback to raft.server.rpc.timeout.min)
2024-06-22 13:32:00,077 [c511b233-3aa4-4954-9335-f5d54c64e497@group-39932C3C694B-LeaderElection8] INFO  server.RaftServerConfigKeys (ConfUtils.java:logFallback(53)) - raft.server.rpc.first-election.timeout.max = 5200ms (fallback to raft.server.rpc.timeout.max)
2024-06-22 13:32:00,079 [grpc-default-executor-1] INFO  server.RaftServer$Division (RaftServerImpl.java:requestVote(1389)) - fdf93896-5abf-403c-99a8-bb8ea43c9a14@group-39932C3C694B: receive requestVote(PRE_VOTE, c511b233-3aa4-4954-9335-f5d54c64e497, group-39932C3C694B, 0, (t:0, i:0))
2024-06-22 13:32:00,080 [grpc-default-executor-1] INFO  impl.VoteContext (VoteContext.java:log(49)) - fdf93896-5abf-403c-99a8-bb8ea43c9a14@group-39932C3C694B-FOLLOWER: reject PRE_VOTE from c511b233-3aa4-4954-9335-f5d54c64e497: our priority 1 > candidate's priority 0
2024-06-22 13:32:00,080 [grpc-default-executor-1] INFO  server.RaftServer$Division (RaftServerImpl.java:requestVote(1422)) - fdf93896-5abf-403c-99a8-bb8ea43c9a14@group-39932C3C694B replies to PRE_VOTE vote request: c511b233-3aa4-4954-9335-f5d54c64e497<-fdf93896-5abf-403c-99a8-bb8ea43c9a14#0:FAIL-t0. Peer's state: fdf93896-5abf-403c-99a8-bb8ea43c9a14@group-39932C3C694B:t0, leader=null, voted=, raftlog=Memoized:fdf93896-5abf-403c-99a8-bb8ea43c9a14@group-39932C3C694B-SegmentedRaftLog:OPENED:c-1, conf=-1: peers:[b47eb027-4b7a-4ddc-bf7f-0870758e0604|127.0.0.1:15032, fdf93896-5abf-403c-99a8-bb8ea43c9a14|127.0.0.1:15023, c511b233-3aa4-4954-9335-f5d54c64e497|127.0.0.1:15014]|listeners:[], old=null
2024-06-22 13:32:00,081 [grpc-default-executor-1] INFO  server.RaftServer$Division (RaftServerImpl.java:requestVote(1389)) - b47eb027-4b7a-4ddc-bf7f-0870758e0604@group-39932C3C694B: receive requestVote(PRE_VOTE, c511b233-3aa4-4954-9335-f5d54c64e497, group-39932C3C694B, 0, (t:0, i:0))
2024-06-22 13:32:00,081 [grpc-default-executor-1] INFO  impl.VoteContext (VoteContext.java:log(49)) - b47eb027-4b7a-4ddc-bf7f-0870758e0604@group-39932C3C694B-FOLLOWER: accept PRE_VOTE from c511b233-3aa4-4954-9335-f5d54c64e497: our priority 0 <= candidate's priority 0
2024-06-22 13:32:00,082 [grpc-default-executor-1] INFO  server.RaftServer$Division (RaftServerImpl.java:requestVote(1422)) - b47eb027-4b7a-4ddc-bf7f-0870758e0604@group-39932C3C694B replies to PRE_VOTE vote request: c511b233-3aa4-4954-9335-f5d54c64e497<-b47eb027-4b7a-4ddc-bf7f-0870758e0604#0:OK-t0. Peer's state: b47eb027-4b7a-4ddc-bf7f-0870758e0604@group-39932C3C694B:t0, leader=null, voted=, raftlog=Memoized:b47eb027-4b7a-4ddc-bf7f-0870758e0604@group-39932C3C694B-SegmentedRaftLog:OPENED:c-1, conf=-1: peers:[b47eb027-4b7a-4ddc-bf7f-0870758e0604|127.0.0.1:15032, fdf93896-5abf-403c-99a8-bb8ea43c9a14|127.0.0.1:15023, c511b233-3aa4-4954-9335-f5d54c64e497|127.0.0.1:15014]|listeners:[], old=null
2024-06-22 13:32:00,083 [c511b233-3aa4-4954-9335-f5d54c64e497@group-39932C3C694B-LeaderElection8] INFO  impl.LeaderElection (LeaderElection.java:logAndReturn(89)) - c511b233-3aa4-4954-9335-f5d54c64e497@group-39932C3C694B-LeaderElection8: PRE_VOTE REJECTED received 1 response(s) and 0 exception(s):
2024-06-22 13:32:00,084 [c511b233-3aa4-4954-9335-f5d54c64e497@group-39932C3C694B-LeaderElection8] INFO  impl.LeaderElection (LeaderElection.java:logAndReturn(93)) -   Response 0: c511b233-3aa4-4954-9335-f5d54c64e497<-fdf93896-5abf-403c-99a8-bb8ea43c9a14#0:FAIL-t0
2024-06-22 13:32:00,084 [c511b233-3aa4-4954-9335-f5d54c64e497@group-39932C3C694B-LeaderElection8] INFO  impl.LeaderElection (LeaderElection.java:askForVotes(323)) - c511b233-3aa4-4954-9335-f5d54c64e497@group-39932C3C694B-LeaderElection8 PRE_VOTE round 0: result REJECTED
2024-06-22 13:32:00,084 [c511b233-3aa4-4954-9335-f5d54c64e497@group-39932C3C694B-LeaderElection8] INFO  server.RaftServer$Division (RaftServerImpl.java:setRole(383)) - c511b233-3aa4-4954-9335-f5d54c64e497@group-39932C3C694B: changes role from CANDIDATE to FOLLOWER at term 0 for REJECTED
2024-06-22 13:32:00,084 [c511b233-3aa4-4954-9335-f5d54c64e497@group-39932C3C694B-LeaderElection8] INFO  impl.RoleInfo (RoleInfo.java:shutdownLeaderElection(130)) - c511b233-3aa4-4954-9335-f5d54c64e497: shutdown c511b233-3aa4-4954-9335-f5d54c64e497@group-39932C3C694B-LeaderElection8
2024-06-22 13:32:00,084 [c511b233-3aa4-4954-9335-f5d54c64e497@group-39932C3C694B-LeaderElection8] INFO  impl.RoleInfo (RoleInfo.java:updateAndGet(139)) - c511b233-3aa4-4954-9335-f5d54c64e497: start c511b233-3aa4-4954-9335-f5d54c64e497@group-39932C3C694B-FollowerState
2024-06-22 13:32:00,085 [c511b233-3aa4-4954-9335-f5d54c64e497@group-39932C3C694B-LeaderElection8] INFO  server.RaftServer$Division (RaftServerImpl.java:setFirstElection(574)) - c511b233-3aa4-4954-9335-f5d54c64e497@group-39932C3C694B: set firstElectionSinceStartup to false for REJECTED
2024-06-22 13:32:00,103 [b47eb027-4b7a-4ddc-bf7f-0870758e0604@group-39932C3C694B-FollowerState] INFO  server.RaftServerConfigKeys (ConfUtils.java:logFallback(53)) - raft.server.rpc.first-election.timeout.min = 5s (fallback to raft.server.rpc.timeout.min)
2024-06-22 13:32:00,103 [b47eb027-4b7a-4ddc-bf7f-0870758e0604@group-39932C3C694B-FollowerState] INFO  server.RaftServerConfigKeys (ConfUtils.java:logFallback(53)) - raft.server.rpc.first-election.timeout.max = 5200ms (fallback to raft.server.rpc.timeout.max)
2024-06-22 13:32:00,137 [fdf93896-5abf-403c-99a8-bb8ea43c9a14@group-39932C3C694B-FollowerState] INFO  impl.FollowerState (FollowerState.java:run(143)) - fdf93896-5abf-403c-99a8-bb8ea43c9a14@group-39932C3C694B-FollowerState: change to CANDIDATE, lastRpcElapsedTime:5113955490ns, electionTimeout:5110ms
2024-06-22 13:32:00,137 [fdf93896-5abf-403c-99a8-bb8ea43c9a14@group-39932C3C694B-FollowerState] INFO  impl.RoleInfo (RoleInfo.java:shutdownFollowerState(110)) - fdf93896-5abf-403c-99a8-bb8ea43c9a14: shutdown fdf93896-5abf-403c-99a8-bb8ea43c9a14@group-39932C3C694B-FollowerState
2024-06-22 13:32:00,137 [fdf93896-5abf-403c-99a8-bb8ea43c9a14@group-39932C3C694B-FollowerState] INFO  server.RaftServer$Division (RaftServerImpl.java:setRole(383)) - fdf93896-5abf-403c-99a8-bb8ea43c9a14@group-39932C3C694B: changes role from  FOLLOWER to CANDIDATE at term 0 for changeToCandidate
2024-06-22 13:32:00,137 [fdf93896-5abf-403c-99a8-bb8ea43c9a14@group-39932C3C694B-FollowerState] INFO  server.RaftServerConfigKeys (ConfUtils.java:logGet(46)) - raft.server.leaderelection.pre-vote = true (default)
2024-06-22 13:32:00,138 [fdf93896-5abf-403c-99a8-bb8ea43c9a14@group-39932C3C694B-FollowerState] INFO  impl.RoleInfo (RoleInfo.java:updateAndGet(139)) - fdf93896-5abf-403c-99a8-bb8ea43c9a14: start fdf93896-5abf-403c-99a8-bb8ea43c9a14@group-39932C3C694B-LeaderElection9
2024-06-22 13:32:00,138 [fdf93896-5abf-403c-99a8-bb8ea43c9a14@group-39932C3C694B-LeaderElection9] INFO  impl.LeaderElection (LeaderElection.java:askForVotes(321)) - fdf93896-5abf-403c-99a8-bb8ea43c9a14@group-39932C3C694B-LeaderElection9 PRE_VOTE round 0: submit vote requests at term 0 for -1: peers:[b47eb027-4b7a-4ddc-bf7f-0870758e0604|127.0.0.1:15032, fdf93896-5abf-403c-99a8-bb8ea43c9a14|127.0.0.1:15023, c511b233-3aa4-4954-9335-f5d54c64e497|127.0.0.1:15014]|listeners:[], old=null
2024-06-22 13:32:00,139 [fdf93896-5abf-403c-99a8-bb8ea43c9a14@group-39932C3C694B-LeaderElection9-1] INFO  server.GrpcServerProtocolClient (GrpcServerProtocolClient.java:<init>(65)) - Build channel for b47eb027-4b7a-4ddc-bf7f-0870758e0604|127.0.0.1:15032
2024-06-22 13:32:00,145 [fdf93896-5abf-403c-99a8-bb8ea43c9a14@group-39932C3C694B-LeaderElection9] INFO  server.RaftServerConfigKeys (ConfUtils.java:logFallback(53)) - raft.server.rpc.first-election.timeout.min = 5s (fallback to raft.server.rpc.timeout.min)
2024-06-22 13:32:00,145 [fdf93896-5abf-403c-99a8-bb8ea43c9a14@group-39932C3C694B-LeaderElection9] INFO  server.RaftServerConfigKeys (ConfUtils.java:logFallback(53)) - raft.server.rpc.first-election.timeout.max = 5200ms (fallback to raft.server.rpc.timeout.max)
2024-06-22 13:32:00,147 [fdf93896-5abf-403c-99a8-bb8ea43c9a14@group-39932C3C694B-LeaderElection9-2] INFO  server.GrpcServerProtocolClient (GrpcServerProtocolClient.java:<init>(65)) - Build channel for c511b233-3aa4-4954-9335-f5d54c64e497|127.0.0.1:15014
2024-06-22 13:32:00,149 [grpc-default-executor-1] INFO  server.RaftServer$Division (RaftServerImpl.java:requestVote(1389)) - b47eb027-4b7a-4ddc-bf7f-0870758e0604@group-39932C3C694B: receive requestVote(PRE_VOTE, fdf93896-5abf-403c-99a8-bb8ea43c9a14, group-39932C3C694B, 0, (t:0, i:0))
2024-06-22 13:32:00,149 [grpc-default-executor-1] INFO  impl.VoteContext (VoteContext.java:log(49)) - b47eb027-4b7a-4ddc-bf7f-0870758e0604@group-39932C3C694B-FOLLOWER: accept PRE_VOTE from fdf93896-5abf-403c-99a8-bb8ea43c9a14: our priority 0 <= candidate's priority 1
2024-06-22 13:32:00,149 [grpc-default-executor-1] INFO  server.RaftServer$Division (RaftServerImpl.java:requestVote(1422)) - b47eb027-4b7a-4ddc-bf7f-0870758e0604@group-39932C3C694B replies to PRE_VOTE vote request: fdf93896-5abf-403c-99a8-bb8ea43c9a14<-b47eb027-4b7a-4ddc-bf7f-0870758e0604#0:OK-t0. Peer's state: b47eb027-4b7a-4ddc-bf7f-0870758e0604@group-39932C3C694B:t0, leader=null, voted=, raftlog=Memoized:b47eb027-4b7a-4ddc-bf7f-0870758e0604@group-39932C3C694B-SegmentedRaftLog:OPENED:c-1, conf=-1: peers:[b47eb027-4b7a-4ddc-bf7f-0870758e0604|127.0.0.1:15032, fdf93896-5abf-403c-99a8-bb8ea43c9a14|127.0.0.1:15023, c511b233-3aa4-4954-9335-f5d54c64e497|127.0.0.1:15014]|listeners:[], old=null
2024-06-22 13:32:00,150 [fdf93896-5abf-403c-99a8-bb8ea43c9a14@group-39932C3C694B-LeaderElection9] INFO  impl.LeaderElection (LeaderElection.java:logAndReturn(89)) - fdf93896-5abf-403c-99a8-bb8ea43c9a14@group-39932C3C694B-LeaderElection9: PRE_VOTE PASSED received 1 response(s) and 0 exception(s):
2024-06-22 13:32:00,150 [fdf93896-5abf-403c-99a8-bb8ea43c9a14@group-39932C3C694B-LeaderElection9] INFO  impl.LeaderElection (LeaderElection.java:logAndReturn(93)) -   Response 0: fdf93896-5abf-403c-99a8-bb8ea43c9a14<-b47eb027-4b7a-4ddc-bf7f-0870758e0604#0:OK-t0
2024-06-22 13:32:00,150 [fdf93896-5abf-403c-99a8-bb8ea43c9a14@group-39932C3C694B-LeaderElection9] INFO  impl.LeaderElection (LeaderElection.java:askForVotes(323)) - fdf93896-5abf-403c-99a8-bb8ea43c9a14@group-39932C3C694B-LeaderElection9 PRE_VOTE round 0: result PASSED
2024-06-22 13:32:00,152 [fdf93896-5abf-403c-99a8-bb8ea43c9a14@group-39932C3C694B-LeaderElection9] INFO  impl.LeaderElection (LeaderElection.java:askForVotes(321)) - fdf93896-5abf-403c-99a8-bb8ea43c9a14@group-39932C3C694B-LeaderElection9 ELECTION round 0: submit vote requests at term 1 for -1: peers:[b47eb027-4b7a-4ddc-bf7f-0870758e0604|127.0.0.1:15032, fdf93896-5abf-403c-99a8-bb8ea43c9a14|127.0.0.1:15023, c511b233-3aa4-4954-9335-f5d54c64e497|127.0.0.1:15014]|listeners:[], old=null
2024-06-22 13:32:00,154 [fdf93896-5abf-403c-99a8-bb8ea43c9a14@group-39932C3C694B-LeaderElection9] INFO  server.RaftServerConfigKeys (ConfUtils.java:logFallback(53)) - raft.server.rpc.first-election.timeout.min = 5s (fallback to raft.server.rpc.timeout.min)
2024-06-22 13:32:00,155 [fdf93896-5abf-403c-99a8-bb8ea43c9a14@group-39932C3C694B-LeaderElection9] INFO  server.RaftServerConfigKeys (ConfUtils.java:logFallback(53)) - raft.server.rpc.first-election.timeout.max = 5200ms (fallback to raft.server.rpc.timeout.max)
2024-06-22 13:32:00,156 [grpc-default-executor-2] INFO  server.RaftServer$Division (RaftServerImpl.java:requestVote(1389)) - b47eb027-4b7a-4ddc-bf7f-0870758e0604@group-39932C3C694B: receive requestVote(ELECTION, fdf93896-5abf-403c-99a8-bb8ea43c9a14, group-39932C3C694B, 1, (t:0, i:0))
2024-06-22 13:32:00,156 [grpc-default-executor-2] INFO  impl.VoteContext (VoteContext.java:log(49)) - b47eb027-4b7a-4ddc-bf7f-0870758e0604@group-39932C3C694B-FOLLOWER: accept ELECTION from fdf93896-5abf-403c-99a8-bb8ea43c9a14: our priority 0 <= candidate's priority 1
2024-06-22 13:32:00,156 [grpc-default-executor-2] INFO  server.RaftServer$Division (RaftServerImpl.java:setRole(383)) - b47eb027-4b7a-4ddc-bf7f-0870758e0604@group-39932C3C694B: changes role from  FOLLOWER to FOLLOWER at term 1 for candidate:fdf93896-5abf-403c-99a8-bb8ea43c9a14
2024-06-22 13:32:00,156 [grpc-default-executor-2] INFO  impl.RoleInfo (RoleInfo.java:shutdownFollowerState(110)) - b47eb027-4b7a-4ddc-bf7f-0870758e0604: shutdown b47eb027-4b7a-4ddc-bf7f-0870758e0604@group-39932C3C694B-FollowerState
2024-06-22 13:32:00,156 [grpc-default-executor-2] INFO  impl.RoleInfo (RoleInfo.java:updateAndGet(139)) - b47eb027-4b7a-4ddc-bf7f-0870758e0604: start b47eb027-4b7a-4ddc-bf7f-0870758e0604@group-39932C3C694B-FollowerState
2024-06-22 13:32:00,157 [b47eb027-4b7a-4ddc-bf7f-0870758e0604@group-39932C3C694B-FollowerState] INFO  impl.FollowerState (FollowerState.java:run(152)) - b47eb027-4b7a-4ddc-bf7f-0870758e0604@group-39932C3C694B-FollowerState was interrupted
2024-06-22 13:32:00,157 [grpc-default-executor-1] INFO  server.RaftServer$Division (RaftServerImpl.java:requestVote(1389)) - c511b233-3aa4-4954-9335-f5d54c64e497@group-39932C3C694B: receive requestVote(PRE_VOTE, fdf93896-5abf-403c-99a8-bb8ea43c9a14, group-39932C3C694B, 0, (t:0, i:0))
2024-06-22 13:32:00,157 [grpc-default-executor-1] INFO  impl.VoteContext (VoteContext.java:log(49)) - c511b233-3aa4-4954-9335-f5d54c64e497@group-39932C3C694B-FOLLOWER: accept PRE_VOTE from fdf93896-5abf-403c-99a8-bb8ea43c9a14: our priority 0 <= candidate's priority 1
2024-06-22 13:32:00,158 [grpc-default-executor-1] INFO  server.RaftServer$Division (RaftServerImpl.java:requestVote(1422)) - c511b233-3aa4-4954-9335-f5d54c64e497@group-39932C3C694B replies to PRE_VOTE vote request: fdf93896-5abf-403c-99a8-bb8ea43c9a14<-c511b233-3aa4-4954-9335-f5d54c64e497#0:OK-t0. Peer's state: c511b233-3aa4-4954-9335-f5d54c64e497@group-39932C3C694B:t0, leader=null, voted=, raftlog=Memoized:c511b233-3aa4-4954-9335-f5d54c64e497@group-39932C3C694B-SegmentedRaftLog:OPENED:c-1, conf=-1: peers:[b47eb027-4b7a-4ddc-bf7f-0870758e0604|127.0.0.1:15032, fdf93896-5abf-403c-99a8-bb8ea43c9a14|127.0.0.1:15023, c511b233-3aa4-4954-9335-f5d54c64e497|127.0.0.1:15014]|listeners:[], old=null
2024-06-22 13:32:00,158 [grpc-default-executor-2] INFO  server.RaftServer$Division (RaftServerImpl.java:setFirstElection(574)) - b47eb027-4b7a-4ddc-bf7f-0870758e0604@group-39932C3C694B: set firstElectionSinceStartup to false for candidate:fdf93896-5abf-403c-99a8-bb8ea43c9a14
2024-06-22 13:32:00,160 [grpc-default-executor-2] INFO  server.RaftServer$Division (RaftServerImpl.java:requestVote(1422)) - b47eb027-4b7a-4ddc-bf7f-0870758e0604@group-39932C3C694B replies to ELECTION vote request: fdf93896-5abf-403c-99a8-bb8ea43c9a14<-b47eb027-4b7a-4ddc-bf7f-0870758e0604#0:OK-t1. Peer's state: b47eb027-4b7a-4ddc-bf7f-0870758e0604@group-39932C3C694B:t1, leader=null, voted=fdf93896-5abf-403c-99a8-bb8ea43c9a14, raftlog=Memoized:b47eb027-4b7a-4ddc-bf7f-0870758e0604@group-39932C3C694B-SegmentedRaftLog:OPENED:c-1, conf=-1: peers:[b47eb027-4b7a-4ddc-bf7f-0870758e0604|127.0.0.1:15032, fdf93896-5abf-403c-99a8-bb8ea43c9a14|127.0.0.1:15023, c511b233-3aa4-4954-9335-f5d54c64e497|127.0.0.1:15014]|listeners:[], old=null
2024-06-22 13:32:00,161 [fdf93896-5abf-403c-99a8-bb8ea43c9a14@group-39932C3C694B-LeaderElection9] INFO  impl.LeaderElection (LeaderElection.java:logAndReturn(89)) - fdf93896-5abf-403c-99a8-bb8ea43c9a14@group-39932C3C694B-LeaderElection9: ELECTION PASSED received 1 response(s) and 0 exception(s):
2024-06-22 13:32:00,161 [fdf93896-5abf-403c-99a8-bb8ea43c9a14@group-39932C3C694B-LeaderElection9] INFO  impl.LeaderElection (LeaderElection.java:logAndReturn(93)) -   Response 0: fdf93896-5abf-403c-99a8-bb8ea43c9a14<-b47eb027-4b7a-4ddc-bf7f-0870758e0604#0:OK-t1
2024-06-22 13:32:00,161 [fdf93896-5abf-403c-99a8-bb8ea43c9a14@group-39932C3C694B-LeaderElection9] INFO  impl.LeaderElection (LeaderElection.java:askForVotes(323)) - fdf93896-5abf-403c-99a8-bb8ea43c9a14@group-39932C3C694B-LeaderElection9 ELECTION round 0: result PASSED
2024-06-22 13:32:00,162 [fdf93896-5abf-403c-99a8-bb8ea43c9a14@group-39932C3C694B-LeaderElection9] INFO  impl.RoleInfo (RoleInfo.java:shutdownLeaderElection(130)) - fdf93896-5abf-403c-99a8-bb8ea43c9a14: shutdown fdf93896-5abf-403c-99a8-bb8ea43c9a14@group-39932C3C694B-LeaderElection9
2024-06-22 13:32:00,162 [fdf93896-5abf-403c-99a8-bb8ea43c9a14@group-39932C3C694B-LeaderElection9] INFO  server.RaftServer$Division (RaftServerImpl.java:setRole(383)) - fdf93896-5abf-403c-99a8-bb8ea43c9a14@group-39932C3C694B: changes role from CANDIDATE to LEADER at term 1 for changeToLeader
2024-06-22 13:32:00,162 [fdf93896-5abf-403c-99a8-bb8ea43c9a14@group-39932C3C694B-LeaderElection9] INFO  server.RaftServerConfigKeys (ConfUtils.java:logGet(46)) - raft.server.staging.catchup.gap = 1000 (default)
2024-06-22 13:32:00,162 [fdf93896-5abf-403c-99a8-bb8ea43c9a14@group-39932C3C694B-LeaderElection9] INFO  server.RaftServerConfigKeys (ConfUtils.java:logGet(46)) - raft.server.write.element-limit = 1024 (custom)
2024-06-22 13:32:00,162 [fdf93896-5abf-403c-99a8-bb8ea43c9a14@group-39932C3C694B-LeaderElection9] INFO  server.RaftServerConfigKeys (ConfUtils.java:logGet(46)) - raft.server.write.byte-limit = 1024 M (=1073741824) (custom)
2024-06-22 13:32:00,162 [fdf93896-5abf-403c-99a8-bb8ea43c9a14@group-39932C3C694B-LeaderElection9] INFO  server.RaftServerConfigKeys (ConfUtils.java:logGet(46)) - raft.server.watch.timeout = 30s (custom)
2024-06-22 13:32:00,162 [fdf93896-5abf-403c-99a8-bb8ea43c9a14@group-39932C3C694B-LeaderElection9] INFO  server.RaftServerConfigKeys (ConfUtils.java:logGet(46)) - raft.server.watch.timeout.denomination = 1s (default)
2024-06-22 13:32:00,163 [fdf93896-5abf-403c-99a8-bb8ea43c9a14@group-39932C3C694B-LeaderElection9] INFO  server.RaftServerConfigKeys (ConfUtils.java:logGet(46)) - raft.server.watch.element-limit = 65536 (default)
2024-06-22 13:32:00,163 [fdf93896-5abf-403c-99a8-bb8ea43c9a14@group-39932C3C694B-LeaderElection9] INFO  server.RaftServerConfigKeys (ConfUtils.java:logGet(46)) - raft.server.read.leader.lease.enabled = false (default)
2024-06-22 13:32:00,163 [fdf93896-5abf-403c-99a8-bb8ea43c9a14@group-39932C3C694B-LeaderElection9] INFO  server.RaftServerConfigKeys (ConfUtils.java:logGet(46)) - raft.server.read.leader.lease.timeout.ratio = 0.9 (default)
2024-06-22 13:32:00,163 [fdf93896-5abf-403c-99a8-bb8ea43c9a14@group-39932C3C694B-LeaderElection9] INFO  server.RaftServerConfigKeys (ConfUtils.java:logGet(46)) - raft.server.rpc.timeout.min = 5s (custom)
2024-06-22 13:32:00,163 [fdf93896-5abf-403c-99a8-bb8ea43c9a14@group-39932C3C694B-LeaderElection9] INFO  server.RaftServerConfigKeys (ConfUtils.java:logGet(46)) - raft.server.write.element-limit = 1024 (custom)
2024-06-22 13:32:00,163 [fdf93896-5abf-403c-99a8-bb8ea43c9a14@group-39932C3C694B-LeaderElection9] INFO  server.RaftServerConfigKeys (ConfUtils.java:logGet(46)) - raft.server.write.follower.gap.ratio.max = -1.0 (default)
2024-06-22 13:32:00,164 [fdf93896-5abf-403c-99a8-bb8ea43c9a14@group-39932C3C694B-LeaderElection9] INFO  server.RaftServerConfigKeys (ConfUtils.java:logGet(46)) - raft.server.log.appender.snapshot.chunk.size.max = 16MB (=16777216) (default)
2024-06-22 13:32:00,164 [fdf93896-5abf-403c-99a8-bb8ea43c9a14@group-39932C3C694B-LeaderElection9] INFO  server.RaftServerConfigKeys (ConfUtils.java:logGet(46)) - raft.server.log.appender.buffer.byte-limit = 8388608 (custom)
2024-06-22 13:32:00,165 [fdf93896-5abf-403c-99a8-bb8ea43c9a14@group-39932C3C694B-LeaderElection9] INFO  server.RaftServerConfigKeys (ConfUtils.java:logGet(46)) - raft.server.log.appender.buffer.element-limit = 1024 (custom)
2024-06-22 13:32:00,165 [fdf93896-5abf-403c-99a8-bb8ea43c9a14@group-39932C3C694B-LeaderElection9] INFO  server.RaftServerConfigKeys (ConfUtils.java:logGet(46)) - raft.server.log.appender.wait-time.min = 0μs (custom)
2024-06-22 13:32:00,165 [fdf93896-5abf-403c-99a8-bb8ea43c9a14@group-39932C3C694B-LeaderElection9] INFO  grpc.GrpcConfigKeys (ConfUtils.java:logGet(46)) - raft.grpc.server.leader.outstanding.appends.max = 8 (default)
2024-06-22 13:32:00,165 [fdf93896-5abf-403c-99a8-bb8ea43c9a14@group-39932C3C694B-LeaderElection9] INFO  server.RaftServerConfigKeys (ConfUtils.java:logGet(46)) - raft.server.rpc.request.timeout = 60s (custom)
2024-06-22 13:32:00,165 [fdf93896-5abf-403c-99a8-bb8ea43c9a14@group-39932C3C694B-LeaderElection9] INFO  grpc.GrpcConfigKeys (ConfUtils.java:logGet(46)) - raft.grpc.server.install_snapshot.request.element-limit = 8 (default)
2024-06-22 13:32:00,165 [fdf93896-5abf-403c-99a8-bb8ea43c9a14@group-39932C3C694B-LeaderElection9] INFO  grpc.GrpcConfigKeys (ConfUtils.java:logGet(46)) - raft.grpc.server.install_snapshot.request.timeout = 3000ms (default)
2024-06-22 13:32:00,165 [fdf93896-5abf-403c-99a8-bb8ea43c9a14@group-39932C3C694B-LeaderElection9] INFO  grpc.GrpcConfigKeys (ConfUtils.java:logGet(46)) - raft.grpc.server.log-message.batch.duration = 5s (default)
2024-06-22 13:32:00,165 [fdf93896-5abf-403c-99a8-bb8ea43c9a14@group-39932C3C694B-LeaderElection9] INFO  server.RaftServerConfigKeys (ConfUtils.java:logGet(46)) - raft.server.log.appender.install.snapshot.enabled = false (custom)
2024-06-22 13:32:00,165 [fdf93896-5abf-403c-99a8-bb8ea43c9a14@group-39932C3C694B-LeaderElection9] INFO  grpc.GrpcConfigKeys (ConfUtils.java:logGet(46)) - raft.grpc.server.heartbeat.channel = true (default)
2024-06-22 13:32:00,167 [fdf93896-5abf-403c-99a8-bb8ea43c9a14@group-39932C3C694B-LeaderElection9] INFO  server.RaftServerConfigKeys (ConfUtils.java:logGet(46)) - raft.server.log.appender.snapshot.chunk.size.max = 16MB (=16777216) (default)
2024-06-22 13:32:00,167 [fdf93896-5abf-403c-99a8-bb8ea43c9a14@group-39932C3C694B-LeaderElection9] INFO  server.RaftServerConfigKeys (ConfUtils.java:logGet(46)) - raft.server.log.appender.buffer.byte-limit = 8388608 (custom)
2024-06-22 13:32:00,167 [fdf93896-5abf-403c-99a8-bb8ea43c9a14@group-39932C3C694B-LeaderElection9] INFO  server.RaftServerConfigKeys (ConfUtils.java:logGet(46)) - raft.server.log.appender.buffer.element-limit = 1024 (custom)
2024-06-22 13:32:00,167 [fdf93896-5abf-403c-99a8-bb8ea43c9a14@group-39932C3C694B-LeaderElection9] INFO  server.RaftServerConfigKeys (ConfUtils.java:logGet(46)) - raft.server.log.appender.wait-time.min = 0μs (custom)
2024-06-22 13:32:00,167 [fdf93896-5abf-403c-99a8-bb8ea43c9a14@group-39932C3C694B-LeaderElection9] INFO  grpc.GrpcConfigKeys (ConfUtils.java:logGet(46)) - raft.grpc.server.leader.outstanding.appends.max = 8 (default)
2024-06-22 13:32:00,167 [fdf93896-5abf-403c-99a8-bb8ea43c9a14@group-39932C3C694B-LeaderElection9] INFO  server.RaftServerConfigKeys (ConfUtils.java:logGet(46)) - raft.server.rpc.request.timeout = 60s (custom)
2024-06-22 13:32:00,168 [fdf93896-5abf-403c-99a8-bb8ea43c9a14@group-39932C3C694B-LeaderElection9] INFO  grpc.GrpcConfigKeys (ConfUtils.java:logGet(46)) - raft.grpc.server.install_snapshot.request.element-limit = 8 (default)
2024-06-22 13:32:00,168 [fdf93896-5abf-403c-99a8-bb8ea43c9a14@group-39932C3C694B-LeaderElection9] INFO  grpc.GrpcConfigKeys (ConfUtils.java:logGet(46)) - raft.grpc.server.install_snapshot.request.timeout = 3000ms (default)
2024-06-22 13:32:00,168 [fdf93896-5abf-403c-99a8-bb8ea43c9a14@group-39932C3C694B-LeaderElection9] INFO  grpc.GrpcConfigKeys (ConfUtils.java:logGet(46)) - raft.grpc.server.log-message.batch.duration = 5s (default)
2024-06-22 13:32:00,168 [fdf93896-5abf-403c-99a8-bb8ea43c9a14@group-39932C3C694B-LeaderElection9] INFO  server.RaftServerConfigKeys (ConfUtils.java:logGet(46)) - raft.server.log.appender.install.snapshot.enabled = false (custom)
2024-06-22 13:32:00,168 [fdf93896-5abf-403c-99a8-bb8ea43c9a14@group-39932C3C694B-LeaderElection9] INFO  grpc.GrpcConfigKeys (ConfUtils.java:logGet(46)) - raft.grpc.server.heartbeat.channel = true (default)
2024-06-22 13:32:00,168 [fdf93896-5abf-403c-99a8-bb8ea43c9a14@group-39932C3C694B-LeaderElection9] INFO  impl.RoleInfo (RoleInfo.java:updateAndGet(139)) - fdf93896-5abf-403c-99a8-bb8ea43c9a14: start fdf93896-5abf-403c-99a8-bb8ea43c9a14@group-39932C3C694B-LeaderStateImpl
2024-06-22 13:32:00,168 [fdf93896-5abf-403c-99a8-bb8ea43c9a14@group-39932C3C694B-LeaderElection9] INFO  server.RaftServer$Division (RaftServerImpl.java:setFirstElection(574)) - fdf93896-5abf-403c-99a8-bb8ea43c9a14@group-39932C3C694B: set firstElectionSinceStartup to false for becomeLeader
2024-06-22 13:32:00,168 [fdf93896-5abf-403c-99a8-bb8ea43c9a14@group-39932C3C694B-LeaderElection9] INFO  ratis.XceiverServerRatis (XceiverServerRatis.java:handleLeaderChangedNotification(966)) - Leader change notification received for group: group-39932C3C694B with new leaderId: fdf93896-5abf-403c-99a8-bb8ea43c9a14
2024-06-22 13:32:00,168 [fdf93896-5abf-403c-99a8-bb8ea43c9a14@group-39932C3C694B-LeaderElection9] INFO  server.RaftServer$Division (ServerState.java:setLeader(269)) - fdf93896-5abf-403c-99a8-bb8ea43c9a14@group-39932C3C694B: change Leader from null to fdf93896-5abf-403c-99a8-bb8ea43c9a14 at term 1 for becomeLeader, leader elected after 5211ms
2024-06-22 13:32:00,169 [fdf93896-5abf-403c-99a8-bb8ea43c9a14@group-39932C3C694B-LeaderElection9] INFO  segmented.SegmentedRaftLogWorker (SegmentedRaftLogWorker.java:startLogSegment(430)) - fdf93896-5abf-403c-99a8-bb8ea43c9a14@group-39932C3C694B-SegmentedRaftLogWorker: Starting segment from index:0
2024-06-22 13:32:00,171 [EventQueue-PipelineReportForPipelineReportHandler] INFO  pipeline.PipelineReportHandler (PipelineReportHandler.java:processPipelineReport(136)) - Opened pipeline PipelineID=d4c8851d-4300-4327-9eb4-39932c3c694b
2024-06-22 13:32:00,170 [grpc-default-executor-1] INFO  server.RaftServer$Division (RaftServerImpl.java:requestVote(1389)) - c511b233-3aa4-4954-9335-f5d54c64e497@group-39932C3C694B: receive requestVote(ELECTION, fdf93896-5abf-403c-99a8-bb8ea43c9a14, group-39932C3C694B, 1, (t:0, i:0))
2024-06-22 13:32:00,177 [fdf93896-5abf-403c-99a8-bb8ea43c9a14@group-39932C3C694B-SegmentedRaftLogWorker] INFO  segmented.BufferedWriteChannel (BufferedWriteChannel.java:open(62)) - open log_inprogress_0 at position 0
2024-06-22 13:32:00,177 [grpc-default-executor-1] INFO  impl.VoteContext (VoteContext.java:log(49)) - c511b233-3aa4-4954-9335-f5d54c64e497@group-39932C3C694B-FOLLOWER: accept ELECTION from fdf93896-5abf-403c-99a8-bb8ea43c9a14: our priority 0 <= candidate's priority 1
2024-06-22 13:32:00,181 [grpc-default-executor-1] INFO  server.RaftServer$Division (RaftServerImpl.java:setRole(383)) - c511b233-3aa4-4954-9335-f5d54c64e497@group-39932C3C694B: changes role from  FOLLOWER to FOLLOWER at term 1 for candidate:fdf93896-5abf-403c-99a8-bb8ea43c9a14
2024-06-22 13:32:00,181 [grpc-default-executor-1] INFO  impl.RoleInfo (RoleInfo.java:shutdownFollowerState(110)) - c511b233-3aa4-4954-9335-f5d54c64e497: shutdown c511b233-3aa4-4954-9335-f5d54c64e497@group-39932C3C694B-FollowerState
2024-06-22 13:32:00,181 [grpc-default-executor-1] INFO  impl.RoleInfo (RoleInfo.java:updateAndGet(139)) - c511b233-3aa4-4954-9335-f5d54c64e497: start c511b233-3aa4-4954-9335-f5d54c64e497@group-39932C3C694B-FollowerState
2024-06-22 13:32:00,182 [c511b233-3aa4-4954-9335-f5d54c64e497@group-39932C3C694B-FollowerState] INFO  impl.FollowerState (FollowerState.java:run(152)) - c511b233-3aa4-4954-9335-f5d54c64e497@group-39932C3C694B-FollowerState was interrupted
2024-06-22 13:32:00,183 [fdf93896-5abf-403c-99a8-bb8ea43c9a14@group-39932C3C694B-LeaderElection9] INFO  server.RaftServer$Division (ServerState.java:setRaftConf(386)) - fdf93896-5abf-403c-99a8-bb8ea43c9a14@group-39932C3C694B: set configuration 0: peers:[b47eb027-4b7a-4ddc-bf7f-0870758e0604|127.0.0.1:15032, fdf93896-5abf-403c-99a8-bb8ea43c9a14|127.0.0.1:15023, c511b233-3aa4-4954-9335-f5d54c64e497|127.0.0.1:15014]|listeners:[], old=null
2024-06-22 13:32:00,187 [fdf93896-5abf-403c-99a8-bb8ea43c9a14@group-39932C3C694B-SegmentedRaftLogWorker] INFO  segmented.SegmentedRaftLogWorker (SegmentedRaftLogWorker.java:execute(634)) - fdf93896-5abf-403c-99a8-bb8ea43c9a14@group-39932C3C694B-SegmentedRaftLogWorker: created new log segment /home/runner/work/ozone/ozone/hadoop-ozone/integration-test/target/test-dir/MiniOzoneClusterImpl-ed78929e-9b9e-4304-bdcd-e93070d12e9d/ozone-meta/datanode-2/ratis/d4c8851d-4300-4327-9eb4-39932c3c694b/current/log_inprogress_0
2024-06-22 13:32:00,188 [grpc-default-executor-1] INFO  server.RaftServer$Division (RaftServerImpl.java:requestVote(1422)) - c511b233-3aa4-4954-9335-f5d54c64e497@group-39932C3C694B replies to ELECTION vote request: fdf93896-5abf-403c-99a8-bb8ea43c9a14<-c511b233-3aa4-4954-9335-f5d54c64e497#0:OK-t1. Peer's state: c511b233-3aa4-4954-9335-f5d54c64e497@group-39932C3C694B:t1, leader=null, voted=fdf93896-5abf-403c-99a8-bb8ea43c9a14, raftlog=Memoized:c511b233-3aa4-4954-9335-f5d54c64e497@group-39932C3C694B-SegmentedRaftLog:OPENED:c-1, conf=-1: peers:[b47eb027-4b7a-4ddc-bf7f-0870758e0604|127.0.0.1:15032, fdf93896-5abf-403c-99a8-bb8ea43c9a14|127.0.0.1:15023, c511b233-3aa4-4954-9335-f5d54c64e497|127.0.0.1:15014]|listeners:[], old=null
2024-06-22 13:32:00,199 [c511b233-3aa4-4954-9335-f5d54c64e497-server-thread1] INFO  ratis.XceiverServerRatis (XceiverServerRatis.java:handleLeaderChangedNotification(966)) - Leader change notification received for group: group-39932C3C694B with new leaderId: fdf93896-5abf-403c-99a8-bb8ea43c9a14
2024-06-22 13:32:00,200 [c511b233-3aa4-4954-9335-f5d54c64e497-server-thread1] INFO  server.RaftServer$Division (ServerState.java:setLeader(269)) - c511b233-3aa4-4954-9335-f5d54c64e497@group-39932C3C694B: change Leader from null to fdf93896-5abf-403c-99a8-bb8ea43c9a14 at term 1 for appendEntries, leader elected after 5259ms
2024-06-22 13:32:00,203 [b47eb027-4b7a-4ddc-bf7f-0870758e0604-server-thread2] INFO  ratis.XceiverServerRatis (XceiverServerRatis.java:handleLeaderChangedNotification(966)) - Leader change notification received for group: group-39932C3C694B with new leaderId: fdf93896-5abf-403c-99a8-bb8ea43c9a14
2024-06-22 13:32:00,203 [b47eb027-4b7a-4ddc-bf7f-0870758e0604-server-thread2] INFO  server.RaftServer$Division (ServerState.java:setLeader(269)) - b47eb027-4b7a-4ddc-bf7f-0870758e0604@group-39932C3C694B: change Leader from null to fdf93896-5abf-403c-99a8-bb8ea43c9a14 at term 1 for appendEntries, leader elected after 5214ms
2024-06-22 13:32:00,203 [b47eb027-4b7a-4ddc-bf7f-0870758e0604-server-thread2] INFO  server.RaftServer$Division (ServerState.java:setRaftConf(386)) - b47eb027-4b7a-4ddc-bf7f-0870758e0604@group-39932C3C694B: set configuration 0: peers:[b47eb027-4b7a-4ddc-bf7f-0870758e0604|127.0.0.1:15032, fdf93896-5abf-403c-99a8-bb8ea43c9a14|127.0.0.1:15023, c511b233-3aa4-4954-9335-f5d54c64e497|127.0.0.1:15014]|listeners:[], old=null
2024-06-22 13:32:00,203 [b47eb027-4b7a-4ddc-bf7f-0870758e0604-server-thread2] INFO  segmented.SegmentedRaftLogWorker (SegmentedRaftLogWorker.java:startLogSegment(430)) - b47eb027-4b7a-4ddc-bf7f-0870758e0604@group-39932C3C694B-SegmentedRaftLogWorker: Starting segment from index:0
2024-06-22 13:32:00,204 [b47eb027-4b7a-4ddc-bf7f-0870758e0604@group-39932C3C694B-SegmentedRaftLogWorker] INFO  segmented.BufferedWriteChannel (BufferedWriteChannel.java:open(62)) - open log_inprogress_0 at position 0
2024-06-22 13:32:00,209 [c511b233-3aa4-4954-9335-f5d54c64e497-server-thread3] INFO  server.RaftServer$Division (ServerState.java:setRaftConf(386)) - c511b233-3aa4-4954-9335-f5d54c64e497@group-39932C3C694B: set configuration 0: peers:[b47eb027-4b7a-4ddc-bf7f-0870758e0604|127.0.0.1:15032, fdf93896-5abf-403c-99a8-bb8ea43c9a14|127.0.0.1:15023, c511b233-3aa4-4954-9335-f5d54c64e497|127.0.0.1:15014]|listeners:[], old=null
2024-06-22 13:32:00,209 [c511b233-3aa4-4954-9335-f5d54c64e497-server-thread3] INFO  segmented.SegmentedRaftLogWorker (SegmentedRaftLogWorker.java:startLogSegment(430)) - c511b233-3aa4-4954-9335-f5d54c64e497@group-39932C3C694B-SegmentedRaftLogWorker: Starting segment from index:0
2024-06-22 13:32:00,210 [c511b233-3aa4-4954-9335-f5d54c64e497@group-39932C3C694B-SegmentedRaftLogWorker] INFO  segmented.BufferedWriteChannel (BufferedWriteChannel.java:open(62)) - open log_inprogress_0 at position 0
2024-06-22 13:32:00,218 [b47eb027-4b7a-4ddc-bf7f-0870758e0604@group-39932C3C694B-SegmentedRaftLogWorker] INFO  segmented.SegmentedRaftLogWorker (SegmentedRaftLogWorker.java:execute(634)) - b47eb027-4b7a-4ddc-bf7f-0870758e0604@group-39932C3C694B-SegmentedRaftLogWorker: created new log segment /home/runner/work/ozone/ozone/hadoop-ozone/integration-test/target/test-dir/MiniOzoneClusterImpl-ed78929e-9b9e-4304-bdcd-e93070d12e9d/ozone-meta/datanode-3/ratis/d4c8851d-4300-4327-9eb4-39932c3c694b/current/log_inprogress_0
2024-06-22 13:32:00,219 [c511b233-3aa4-4954-9335-f5d54c64e497@group-39932C3C694B-SegmentedRaftLogWorker] INFO  segmented.SegmentedRaftLogWorker (SegmentedRaftLogWorker.java:execute(634)) - c511b233-3aa4-4954-9335-f5d54c64e497@group-39932C3C694B-SegmentedRaftLogWorker: created new log segment /home/runner/work/ozone/ozone/hadoop-ozone/integration-test/target/test-dir/MiniOzoneClusterImpl-ed78929e-9b9e-4304-bdcd-e93070d12e9d/ozone-meta/datanode-1/ratis/d4c8851d-4300-4327-9eb4-39932c3c694b/current/log_inprogress_0
2024-06-22 13:32:00,222 [fdf93896-5abf-403c-99a8-bb8ea43c9a14@group-39932C3C694B-StateMachineUpdater] INFO  server.RaftServer$Division (LeaderStateImpl.java:isApplied(320)) - leader is ready since appliedIndex == 0 >= startIndex == 0
2024-06-22 13:32:00,266 [main] INFO  rpc.RpcClient (RpcClient.java:createVolume(473)) - Creating Volume: vol1, with runner as owner and space quota set to -1 bytes, counts quota set to -1
2024-06-22 13:32:00,326 [om1-OMStateMachineApplyTransactionThread - 0] INFO  volume.OMVolumeCreateRequest (OMVolumeCreateRequest.java:validateAndUpdateCache(198)) - created volume:vol1 for user:runner
2024-06-22 13:32:00,338 [om1-OMDoubleBufferFlushThread] INFO  helpers.OmKeyInfo (OmKeyInfo.java:getCodec(72)) - OmKeyInfo.getCodec ignorePipeline = true
2024-06-22 13:32:00,339 [om1-OMDoubleBufferFlushThread] INFO  helpers.OmKeyInfo (OmKeyInfo.java:getCodec(72)) - OmKeyInfo.getCodec ignorePipeline = true
2024-06-22 13:32:00,339 [om1-OMDoubleBufferFlushThread] INFO  helpers.OmKeyInfo (OmKeyInfo.java:getCodec(72)) - OmKeyInfo.getCodec ignorePipeline = true
2024-06-22 13:32:00,339 [om1-OMDoubleBufferFlushThread] INFO  helpers.OmKeyInfo (OmKeyInfo.java:getCodec(72)) - OmKeyInfo.getCodec ignorePipeline = true
2024-06-22 13:32:00,340 [om1-OMDoubleBufferFlushThread] INFO  helpers.OmKeyInfo (OmKeyInfo.java:getCodec(72)) - OmKeyInfo.getCodec ignorePipeline = true
2024-06-22 13:32:00,350 [main] INFO  rpc.RpcClient (RpcClient.java:createBucket(699)) - Creating Bucket: vol1/bucket1, with server-side default bucket layout, runner as owner, Versioning false, Storage Type set to DISK and Encryption set to false, Replication Type set to server-side default replication type, Namespace Quota set to -1, Space Quota set to -1 
2024-06-22 13:32:00,363 [om1-OMStateMachineApplyTransactionThread - 0] INFO  bucket.OMBucketCreateRequest (OMBucketCreateRequest.java:validateAndUpdateCache(293)) - created bucket: bucket1 of layout FILE_SYSTEM_OPTIMIZED in volume: vol1
2024-06-22 13:32:00,414 [IPC Server handler 0 on default port 15001] INFO  algorithms.SCMContainerPlacementRackScatter (SCMContainerPlacementRackScatter.java:chooseDatanodesInternal(370)) - Chosen nodes: [99deb4a4-176b-49c7-aa7a-c34027b979ad(localhost/127.0.0.1), fdf93896-5abf-403c-99a8-bb8ea43c9a14(localhost/127.0.0.1), 6d6fe673-47e6-46c0-a6fc-601f54cde379(localhost/127.0.0.1), b47eb027-4b7a-4ddc-bf7f-0870758e0604(localhost/127.0.0.1), c511b233-3aa4-4954-9335-f5d54c64e497(localhost/127.0.0.1)]. isPolicySatisfied: true.
2024-06-22 13:32:00,422 [IPC Server handler 0 on default port 15001] INFO  ha.SequenceIdGenerator (SequenceIdGenerator.java:getNextId(144)) - Allocate a batch for containerId, change lastId from 0 to 1000.
2024-06-22 13:32:00,435 [IPC Server handler 0 on default port 15001] INFO  pipeline.WritableECContainerProvider (WritableECContainerProvider.java:allocateContainer(211)) - Created and opened new pipeline Pipeline[ Id: 2c2295ea-d251-44b8-9cbe-f7641a7e4ee2, Nodes: 99deb4a4-176b-49c7-aa7a-c34027b979ad(localhost/127.0.0.1) ReplicaIndex: 1fdf93896-5abf-403c-99a8-bb8ea43c9a14(localhost/127.0.0.1) ReplicaIndex: 26d6fe673-47e6-46c0-a6fc-601f54cde379(localhost/127.0.0.1) ReplicaIndex: 3b47eb027-4b7a-4ddc-bf7f-0870758e0604(localhost/127.0.0.1) ReplicaIndex: 4c511b233-3aa4-4954-9335-f5d54c64e497(localhost/127.0.0.1) ReplicaIndex: 5, ReplicationConfig: EC{rs-3-2-1k}, State:ALLOCATED, leaderId:, CreationTimestamp2024-06-22T13:32:00.415486029Z[Etc/UTC]]
2024-06-22 13:32:00,436 [IPC Server handler 0 on default port 15001] WARN  ha.SequenceIdGenerator (SequenceIdGenerator.java:allocateBatch(257)) - Failed to allocate a batch for localId, expected lastId is 0, actual lastId is 113750153625600000.
2024-06-22 13:32:00,436 [IPC Server handler 0 on default port 15001] INFO  ha.SequenceIdGenerator (SequenceIdGenerator.java:getNextId(144)) - Allocate a batch for localId, change lastId from 113750153625600000 to 113750153625601000.
2024-06-22 13:32:00,495 [main] WARN  erasurecode.ErasureCodeNative (ErasureCodeNative.java:<clinit>(55)) - ISA-L support is not available in your platform... using builtin-java codec where applicable
2024-06-22 13:32:00,540 [client-write-TID-0] INFO  impl.MetricsSystemImpl (MetricsSystemImpl.java:init(158)) - XceiverClientMetrics metrics system started (again)
2024-06-22 13:32:00,775 [ReplicationMonitor] INFO  replication.ReplicationManager (ReplicationManager.java:processAll(373)) - Replication Manager is not ready to run until 3000ms after safemode exit
2024-06-22 13:32:00,968 [EventQueue-CloseContainerForCloseContainerEventHandler] INFO  container.CloseContainerEventHandler (CloseContainerEventHandler.java:onMessage(88)) - Close container Event triggered for container : #1, current state: OPEN
2024-06-22 13:32:00,972 [EventQueue-CloseContainerForCloseContainerEventHandler] INFO  container.CloseContainerEventHandler (CloseContainerEventHandler.java:onMessage(88)) - Close container Event triggered for container : #1, current state: CLOSING
2024-06-22 13:32:00,973 [EventQueue-CloseContainerForCloseContainerEventHandler] INFO  container.CloseContainerEventHandler (CloseContainerEventHandler.java:onMessage(88)) - Close container Event triggered for container : #1, current state: CLOSING
2024-06-22 13:32:00,973 [EventQueue-CloseContainerForCloseContainerEventHandler] INFO  container.CloseContainerEventHandler (CloseContainerEventHandler.java:onMessage(88)) - Close container Event triggered for container : #1, current state: CLOSING
2024-06-22 13:32:00,973 [EventQueue-CloseContainerForCloseContainerEventHandler] INFO  container.CloseContainerEventHandler (CloseContainerEventHandler.java:onMessage(88)) - Close container Event triggered for container : #1, current state: CLOSING
2024-06-22 13:32:01,776 [ReplicationMonitor] INFO  replication.ReplicationManager (ReplicationManager.java:processAll(373)) - Replication Manager is not ready to run until 3000ms after safemode exit
2024-06-22 13:32:02,778 [ReplicationMonitor] INFO  replication.ReplicationManager (ReplicationManager.java:sendDatanodeCommand(682)) - Sending command [closeContainerCommand: containerID: 1, pipelineID: PipelineID=2c2295ea-d251-44b8-9cbe-f7641a7e4ee2, force: true] for container ContainerInfo{id=#1, state=CLOSING, stateEnterTime=2024-06-22T13:32:00.970053011Z, pipelineID=PipelineID=2c2295ea-d251-44b8-9cbe-f7641a7e4ee2, owner=omServiceIdDefault} to 99deb4a4-176b-49c7-aa7a-c34027b979ad(localhost/127.0.0.1) with datanode deadline 1719063692777 and scm deadline 1719063722777
2024-06-22 13:32:02,778 [ReplicationMonitor] INFO  replication.ReplicationManager (ReplicationManager.java:sendDatanodeCommand(682)) - Sending command [closeContainerCommand: containerID: 1, pipelineID: PipelineID=2c2295ea-d251-44b8-9cbe-f7641a7e4ee2, force: true] for container ContainerInfo{id=#1, state=CLOSING, stateEnterTime=2024-06-22T13:32:00.970053011Z, pipelineID=PipelineID=2c2295ea-d251-44b8-9cbe-f7641a7e4ee2, owner=omServiceIdDefault} to 6d6fe673-47e6-46c0-a6fc-601f54cde379(localhost/127.0.0.1) with datanode deadline 1719063692778 and scm deadline 1719063722778
2024-06-22 13:32:02,778 [ReplicationMonitor] INFO  replication.ReplicationManager (ReplicationManager.java:sendDatanodeCommand(682)) - Sending command [closeContainerCommand: containerID: 1, pipelineID: PipelineID=2c2295ea-d251-44b8-9cbe-f7641a7e4ee2, force: true] for container ContainerInfo{id=#1, state=CLOSING, stateEnterTime=2024-06-22T13:32:00.970053011Z, pipelineID=PipelineID=2c2295ea-d251-44b8-9cbe-f7641a7e4ee2, owner=omServiceIdDefault} to c511b233-3aa4-4954-9335-f5d54c64e497(localhost/127.0.0.1) with datanode deadline 1719063692778 and scm deadline 1719063722778
2024-06-22 13:32:02,778 [ReplicationMonitor] INFO  replication.ReplicationManager (ReplicationManager.java:sendDatanodeCommand(682)) - Sending command [closeContainerCommand: containerID: 1, pipelineID: PipelineID=2c2295ea-d251-44b8-9cbe-f7641a7e4ee2, force: true] for container ContainerInfo{id=#1, state=CLOSING, stateEnterTime=2024-06-22T13:32:00.970053011Z, pipelineID=PipelineID=2c2295ea-d251-44b8-9cbe-f7641a7e4ee2, owner=omServiceIdDefault} to fdf93896-5abf-403c-99a8-bb8ea43c9a14(localhost/127.0.0.1) with datanode deadline 1719063692778 and scm deadline 1719063722778
2024-06-22 13:32:02,778 [ReplicationMonitor] INFO  replication.ReplicationManager (ReplicationManager.java:sendDatanodeCommand(682)) - Sending command [closeContainerCommand: containerID: 1, pipelineID: PipelineID=2c2295ea-d251-44b8-9cbe-f7641a7e4ee2, force: true] for container ContainerInfo{id=#1, state=CLOSING, stateEnterTime=2024-06-22T13:32:00.970053011Z, pipelineID=PipelineID=2c2295ea-d251-44b8-9cbe-f7641a7e4ee2, owner=omServiceIdDefault} to b47eb027-4b7a-4ddc-bf7f-0870758e0604(localhost/127.0.0.1) with datanode deadline 1719063692778 and scm deadline 1719063722778
2024-06-22 13:32:02,778 [ReplicationMonitor] INFO  replication.ReplicationManager (ReplicationManager.java:processAll(402)) - Replication Monitor Thread took 2 milliseconds for processing 1 containers.
2024-06-22 13:32:03,684 [fdf93896-5abf-403c-99a8-bb8ea43c9a14-CloseContainerThread-0] INFO  keyvalue.KeyValueContainer (KeyValueContainer.java:flushAndSyncDB(522)) - Container 1 is synced with bcsId 0.
2024-06-22 13:32:03,685 [fdf93896-5abf-403c-99a8-bb8ea43c9a14-CloseContainerThread-0] INFO  keyvalue.KeyValueContainer (KeyValueContainer.java:flushAndSyncDB(522)) - Container 1 is synced with bcsId 0.
2024-06-22 13:32:03,684 [6d6fe673-47e6-46c0-a6fc-601f54cde379-CloseContainerThread-0] INFO  keyvalue.KeyValueContainer (KeyValueContainer.java:flushAndSyncDB(522)) - Container 1 is synced with bcsId 0.
2024-06-22 13:32:03,685 [6d6fe673-47e6-46c0-a6fc-601f54cde379-CloseContainerThread-0] INFO  keyvalue.KeyValueContainer (KeyValueContainer.java:flushAndSyncDB(522)) - Container 1 is synced with bcsId 0.
2024-06-22 13:32:03,688 [fdf93896-5abf-403c-99a8-bb8ea43c9a14-CloseContainerThread-0] INFO  keyvalue.KeyValueContainer (KeyValueContainer.java:close(437)) - Container 1 is closed with bcsId 0.
2024-06-22 13:32:03,690 [6d6fe673-47e6-46c0-a6fc-601f54cde379-CloseContainerThread-0] INFO  keyvalue.KeyValueContainer (KeyValueContainer.java:close(437)) - Container 1 is closed with bcsId 0.
2024-06-22 13:32:03,691 [99deb4a4-176b-49c7-aa7a-c34027b979ad-CloseContainerThread-0] INFO  keyvalue.KeyValueContainer (KeyValueContainer.java:flushAndSyncDB(522)) - Container 1 is synced with bcsId 0.
2024-06-22 13:32:03,691 [99deb4a4-176b-49c7-aa7a-c34027b979ad-CloseContainerThread-0] INFO  keyvalue.KeyValueContainer (KeyValueContainer.java:flushAndSyncDB(522)) - Container 1 is synced with bcsId 0.
2024-06-22 13:32:03,694 [99deb4a4-176b-49c7-aa7a-c34027b979ad-CloseContainerThread-0] INFO  keyvalue.KeyValueContainer (KeyValueContainer.java:close(437)) - Container 1 is closed with bcsId 0.
2024-06-22 13:32:03,695 [FixedThreadPoolWithAffinityExecutor-8-0] INFO  container.IncrementalContainerReportHandler (AbstractContainerReportHandler.java:updateContainerState(312)) - Moving container #1 to CLOSED state, datanode 99deb4a4-176b-49c7-aa7a-c34027b979ad(localhost/127.0.0.1) reported CLOSED replica with index 1.
2024-06-22 13:32:03,779 [ReplicationMonitor] INFO  replication.ReplicationManager (ReplicationManager.java:sendDatanodeCommand(682)) - Sending command [closeContainerCommand: containerID: 1, pipelineID: PipelineID=2c2295ea-d251-44b8-9cbe-f7641a7e4ee2, force: true] for container ContainerInfo{id=#1, state=CLOSED, stateEnterTime=2024-06-22T13:32:03.695811268Z, pipelineID=PipelineID=2c2295ea-d251-44b8-9cbe-f7641a7e4ee2, owner=omServiceIdDefault} to c511b233-3aa4-4954-9335-f5d54c64e497(localhost/127.0.0.1) with datanode deadline 1719063693779 and scm deadline 1719063723779
2024-06-22 13:32:03,779 [ReplicationMonitor] INFO  replication.ReplicationManager (ReplicationManager.java:sendDatanodeCommand(682)) - Sending command [closeContainerCommand: containerID: 1, pipelineID: PipelineID=2c2295ea-d251-44b8-9cbe-f7641a7e4ee2, force: true] for container ContainerInfo{id=#1, state=CLOSED, stateEnterTime=2024-06-22T13:32:03.695811268Z, pipelineID=PipelineID=2c2295ea-d251-44b8-9cbe-f7641a7e4ee2, owner=omServiceIdDefault} to b47eb027-4b7a-4ddc-bf7f-0870758e0604(localhost/127.0.0.1) with datanode deadline 1719063693779 and scm deadline 1719063723779
2024-06-22 13:32:03,783 [ReplicationMonitor] INFO  replication.ReplicationManager (ReplicationManager.java:processAll(402)) - Replication Monitor Thread took 4 milliseconds for processing 1 containers.
2024-06-22 13:32:04,681 [b47eb027-4b7a-4ddc-bf7f-0870758e0604-CloseContainerThread-0] INFO  keyvalue.KeyValueContainer (KeyValueContainer.java:flushAndSyncDB(522)) - Container 1 is synced with bcsId 0.
2024-06-22 13:32:04,682 [b47eb027-4b7a-4ddc-bf7f-0870758e0604-CloseContainerThread-0] INFO  keyvalue.KeyValueContainer (KeyValueContainer.java:flushAndSyncDB(522)) - Container 1 is synced with bcsId 0.
2024-06-22 13:32:04,685 [b47eb027-4b7a-4ddc-bf7f-0870758e0604-CloseContainerThread-0] INFO  keyvalue.KeyValueContainer (KeyValueContainer.java:close(437)) - Container 1 is closed with bcsId 0.
2024-06-22 13:32:04,694 [c511b233-3aa4-4954-9335-f5d54c64e497-CloseContainerThread-2] INFO  keyvalue.KeyValueContainer (KeyValueContainer.java:flushAndSyncDB(522)) - Container 1 is synced with bcsId 0.
2024-06-22 13:32:04,694 [c511b233-3aa4-4954-9335-f5d54c64e497-CloseContainerThread-2] INFO  keyvalue.KeyValueContainer (KeyValueContainer.java:flushAndSyncDB(522)) - Container 1 is synced with bcsId 0.
2024-06-22 13:32:04,697 [c511b233-3aa4-4954-9335-f5d54c64e497-CloseContainerThread-2] INFO  keyvalue.KeyValueContainer (KeyValueContainer.java:close(437)) - Container 1 is closed with bcsId 0.
2024-06-22 13:32:04,784 [ReplicationMonitor] INFO  replication.ReplicationManager (ReplicationManager.java:processAll(402)) - Replication Monitor Thread took 1 milliseconds for processing 1 containers.
2024-06-22 13:32:05,140 [main] INFO  replication.ReplicationManager (ReplicationManager.java:stop(329)) - Stopping Replication Monitor Thread.
2024-06-22 13:32:05,140 [UnderReplicatedProcessor] WARN  replication.UnhealthyReplicationProcessor (UnhealthyReplicationProcessor.java:run(180)) - UnderReplicatedProcessor interrupted. Exiting...
2024-06-22 13:32:05,140 [OverReplicatedProcessor] WARN  replication.UnhealthyReplicationProcessor (UnhealthyReplicationProcessor.java:run(180)) - OverReplicatedProcessor interrupted. Exiting...
2024-06-22 13:32:05,141 [ReplicationMonitor] INFO  replication.ReplicationManager (ReplicationManager.java:run(938)) - Replication Monitor Thread is stopped
2024-06-22 13:32:05,143 [main] INFO  keyvalue.KeyValueContainer (KeyValueContainer.java:markContainerForDelete(424)) - Moving container /home/runner/work/ozone/ozone/hadoop-ozone/integration-test/target/test-dir/MiniOzoneClusterImpl-ed78929e-9b9e-4304-bdcd-e93070d12e9d/ozone-meta/datanode-5/data-0/hdds/ed78929e-9b9e-4304-bdcd-e93070d12e9d/current/containerDir0/1 to state DELETED from state:CLOSED
2024-06-22 13:32:05,160 [main] INFO  keyvalue.KeyValueContainer (KeyValueContainer.java:markContainerForDelete(424)) - Moving container /home/runner/work/ozone/ozone/hadoop-ozone/integration-test/target/test-dir/MiniOzoneClusterImpl-ed78929e-9b9e-4304-bdcd-e93070d12e9d/ozone-meta/datanode-4/data-0/hdds/ed78929e-9b9e-4304-bdcd-e93070d12e9d/current/containerDir0/1 to state DELETED from state:CLOSED
2024-06-22 13:32:05,170 [main] INFO  container.TestHelper (TestHelper.java:countReplicas(427)) - Container 1 has 3 replicas on [b47eb027-4b7a-4ddc-bf7f-0870758e0604, c511b233-3aa4-4954-9335-f5d54c64e497, fdf93896-5abf-403c-99a8-bb8ea43c9a14]
2024-06-22 13:32:05,172 [main] INFO  ozoneimpl.OzoneContainer (OzoneContainer.java:stop(481)) - Attempting to stop container services.
2024-06-22 13:32:05,173 [ContainerMetadataScanner] WARN  ozoneimpl.AbstractBackgroundContainerScanner (AbstractBackgroundContainerScanner.java:handleRemainingSleep(134)) - Background container scan was interrupted.
2024-06-22 13:32:05,173 [ContainerMetadataScanner] INFO  ozoneimpl.AbstractBackgroundContainerScanner (AbstractBackgroundContainerScanner.java:run(61)) - Thread[ContainerMetadataScanner,5,main] exiting.
2024-06-22 13:32:05,173 [main] INFO  ozoneimpl.BackgroundContainerDataScanner (BackgroundContainerDataScanner.java:shutdown(141)) - ContainerDataScanner(/home/runner/work/ozone/ozone/hadoop-ozone/integration-test/target/test-dir/MiniOzoneClusterImpl-ed78929e-9b9e-4304-bdcd-e93070d12e9d/ozone-meta/datanode-5/data-0/hdds) is shutting down. 
2024-06-22 13:32:05,173 [ContainerDataScanner(/home/runner/work/ozone/ozone/hadoop-ozone/integration-test/target/test-dir/MiniOzoneClusterImpl-ed78929e-9b9e-4304-bdcd-e93070d12e9d/ozone-meta/datanode-5/data-0/hdds)] WARN  ozoneimpl.AbstractBackgroundContainerScanner (AbstractBackgroundContainerScanner.java:handleRemainingSleep(134)) - Background container scan was interrupted.
2024-06-22 13:32:05,173 [ContainerDataScanner(/home/runner/work/ozone/ozone/hadoop-ozone/integration-test/target/test-dir/MiniOzoneClusterImpl-ed78929e-9b9e-4304-bdcd-e93070d12e9d/ozone-meta/datanode-5/data-0/hdds)] INFO  ozoneimpl.AbstractBackgroundContainerScanner (AbstractBackgroundContainerScanner.java:run(61)) - ContainerDataScanner(/home/runner/work/ozone/ozone/hadoop-ozone/integration-test/target/test-dir/MiniOzoneClusterImpl-ed78929e-9b9e-4304-bdcd-e93070d12e9d/ozone-meta/datanode-5/data-0/hdds, DS-5ac8d509-0a76-4fa2-9a89-482482335935) exiting.
2024-06-22 13:32:05,174 [main] INFO  ozoneimpl.OnDemandContainerDataScanner (OnDemandContainerDataScanner.java:shutdownScanner(206)) - On-demand container scanner is shutting down.
2024-06-22 13:32:05,178 [main] INFO  server.RaftServer (RaftServerProxy.java:lambda$close$9(416)) - 99deb4a4-176b-49c7-aa7a-c34027b979ad: close
2024-06-22 13:32:05,178 [99deb4a4-176b-49c7-aa7a-c34027b979ad-impl-thread1] INFO  server.RaftServer$Division (RaftServerImpl.java:lambda$close$3(526)) - 99deb4a4-176b-49c7-aa7a-c34027b979ad@group-2518F42A7CAD: shutdown
2024-06-22 13:32:05,178 [main] INFO  server.GrpcService (GrpcService.java:closeImpl(311)) - 99deb4a4-176b-49c7-aa7a-c34027b979ad: shutdown server org.apache.ratis.grpc.server.GrpcClientProtocolService now
2024-06-22 13:32:05,178 [99deb4a4-176b-49c7-aa7a-c34027b979ad-impl-thread1] INFO  util.JmxRegister (JmxRegister.java:unregister(73)) - Successfully un-registered JMX Bean with object name Ratis:service=RaftServer,group=group-2518F42A7CAD,id=99deb4a4-176b-49c7-aa7a-c34027b979ad
2024-06-22 13:32:05,179 [99deb4a4-176b-49c7-aa7a-c34027b979ad-impl-thread1] INFO  impl.RoleInfo (RoleInfo.java:shutdownLeaderState(94)) - 99deb4a4-176b-49c7-aa7a-c34027b979ad: shutdown 99deb4a4-176b-49c7-aa7a-c34027b979ad@group-2518F42A7CAD-LeaderStateImpl
2024-06-22 13:32:05,179 [99deb4a4-176b-49c7-aa7a-c34027b979ad-impl-thread1] INFO  impl.PendingRequests (PendingRequests.java:sendNotLeaderResponses(289)) - 99deb4a4-176b-49c7-aa7a-c34027b979ad@group-2518F42A7CAD-PendingRequests: sendNotLeaderResponses
2024-06-22 13:32:05,182 [main] INFO  server.GrpcService (GrpcService.java:closeImpl(320)) - 99deb4a4-176b-49c7-aa7a-c34027b979ad: shutdown server org.apache.ratis.grpc.server.GrpcClientProtocolService successfully
2024-06-22 13:32:05,182 [main] INFO  server.GrpcService (GrpcService.java:closeImpl(311)) - 99deb4a4-176b-49c7-aa7a-c34027b979ad: shutdown server GrpcServerProtocolService now
2024-06-22 13:32:05,182 [99deb4a4-176b-49c7-aa7a-c34027b979ad-impl-thread1] INFO  impl.StateMachineUpdater (StateMachineUpdater.java:stopAndJoin(157)) - 99deb4a4-176b-49c7-aa7a-c34027b979ad@group-2518F42A7CAD-StateMachineUpdater: set stopIndex = 0
2024-06-22 13:32:05,182 [99deb4a4-176b-49c7-aa7a-c34027b979ad@group-2518F42A7CAD-StateMachineUpdater] INFO  ratis.ContainerStateMachine (ContainerStateMachine.java:takeSnapshot(355)) - group-2518F42A7CAD: Taking a snapshot at:(t:1, i:0) file /home/runner/work/ozone/ozone/hadoop-ozone/integration-test/target/test-dir/MiniOzoneClusterImpl-ed78929e-9b9e-4304-bdcd-e93070d12e9d/ozone-meta/datanode-5/ratis/94f1b2cc-08ef-42ba-8ddc-2518f42a7cad/sm/snapshot.1_0
2024-06-22 13:32:05,183 [main] INFO  server.GrpcService (GrpcService.java:closeImpl(320)) - 99deb4a4-176b-49c7-aa7a-c34027b979ad: shutdown server GrpcServerProtocolService successfully
2024-06-22 13:32:05,183 [main] INFO  server.GrpcService (GrpcService.java:closeImpl(311)) - 99deb4a4-176b-49c7-aa7a-c34027b979ad: shutdown server org.apache.ratis.grpc.server.GrpcAdminProtocolService now
2024-06-22 13:32:05,183 [main] INFO  server.GrpcService (GrpcService.java:closeImpl(320)) - 99deb4a4-176b-49c7-aa7a-c34027b979ad: shutdown server org.apache.ratis.grpc.server.GrpcAdminProtocolService successfully
2024-06-22 13:32:05,185 [99deb4a4-176b-49c7-aa7a-c34027b979ad-NettyServerStreamRpc-bossGroup--thread1] INFO  logging.LoggingHandler (AbstractInternalLogger.java:log(148)) - [id: 0x8db9d318, L:/0.0.0.0:15051] CLOSE
2024-06-22 13:32:05,185 [99deb4a4-176b-49c7-aa7a-c34027b979ad-NettyServerStreamRpc-bossGroup--thread1] INFO  logging.LoggingHandler (AbstractInternalLogger.java:log(148)) - [id: 0x8db9d318, L:/0.0.0.0:15051] INACTIVE
2024-06-22 13:32:05,185 [99deb4a4-176b-49c7-aa7a-c34027b979ad-NettyServerStreamRpc-bossGroup--thread1] INFO  logging.LoggingHandler (AbstractInternalLogger.java:log(148)) - [id: 0x8db9d318, L:/0.0.0.0:15051] UNREGISTERED
2024-06-22 13:32:05,193 [99deb4a4-176b-49c7-aa7a-c34027b979ad@group-2518F42A7CAD-StateMachineUpdater] INFO  ratis.ContainerStateMachine (ContainerStateMachine.java:takeSnapshot(366)) - group-2518F42A7CAD: Finished taking a snapshot at:(t:1, i:0) file:/home/runner/work/ozone/ozone/hadoop-ozone/integration-test/target/test-dir/MiniOzoneClusterImpl-ed78929e-9b9e-4304-bdcd-e93070d12e9d/ozone-meta/datanode-5/ratis/94f1b2cc-08ef-42ba-8ddc-2518f42a7cad/sm/snapshot.1_0 took: 11 ms
2024-06-22 13:32:05,194 [99deb4a4-176b-49c7-aa7a-c34027b979ad@group-2518F42A7CAD-StateMachineUpdater] INFO  impl.StateMachineUpdater (StateMachineUpdater.java:takeSnapshot(295)) - 99deb4a4-176b-49c7-aa7a-c34027b979ad@group-2518F42A7CAD-StateMachineUpdater: Took a snapshot at index 0
2024-06-22 13:32:05,195 [99deb4a4-176b-49c7-aa7a-c34027b979ad@group-2518F42A7CAD-StateMachineUpdater] INFO  impl.StateMachineUpdater (StateMachineUpdater.java:lambda$new$0(98)) - 99deb4a4-176b-49c7-aa7a-c34027b979ad@group-2518F42A7CAD-StateMachineUpdater: snapshotIndex: updateIncreasingly -1 -> 0
2024-06-22 13:32:05,197 [99deb4a4-176b-49c7-aa7a-c34027b979ad-impl-thread1] INFO  server.RaftServer$Division (ServerState.java:close(427)) - 99deb4a4-176b-49c7-aa7a-c34027b979ad@group-2518F42A7CAD: applyIndex: 0
2024-06-22 13:32:05,197 [99deb4a4-176b-49c7-aa7a-c34027b979ad@group-2518F42A7CAD-cacheEviction-AwaitToRun] INFO  util.AwaitToRun (AwaitToRun.java:run(49)) - 99deb4a4-176b-49c7-aa7a-c34027b979ad@group-2518F42A7CAD-cacheEviction-AwaitToRun-AwaitForSignal is interrupted
2024-06-22 13:32:05,675 [6d6fe673-47e6-46c0-a6fc-601f54cde379-CloseContainerThread-1] INFO  commandhandler.CloseContainerCommandHandler (CloseContainerCommandHandler.java:lambda$handle$0(105)) - Container #1 does not exist in datanode. Its pipeline may have closed before it was created. Container close failed.
2024-06-22 13:32:05,996 [99deb4a4-176b-49c7-aa7a-c34027b979ad-impl-thread1] INFO  segmented.SegmentedRaftLogWorker (SegmentedRaftLogWorker.java:close(245)) - 99deb4a4-176b-49c7-aa7a-c34027b979ad@group-2518F42A7CAD-SegmentedRaftLogWorker close()
2024-06-22 13:32:05,996 [JvmPauseMonitor6] INFO  util.JvmPauseMonitor (JvmPauseMonitor.java:run(152)) - JvmPauseMonitor-99deb4a4-176b-49c7-aa7a-c34027b979ad: Stopped
2024-06-22 13:32:08,013 [main] INFO  utils.DatanodeStoreCache (DatanodeStoreCache.java:shutdownCache(116)) - Skip clearing cache in mini cluster mode. Entries left: [/home/runner/work/ozone/ozone/hadoop-ozone/integration-test/target/test-dir/MiniOzoneClusterImpl-ed78929e-9b9e-4304-bdcd-e93070d12e9d/ozone-meta/datanode-1/data-0/hdds/ed78929e-9b9e-4304-bdcd-e93070d12e9d/DS-dd9ad6de-a157-463d-a53e-4eb42a5603ad/container.db, /home/runner/work/ozone/ozone/hadoop-ozone/integration-test/target/test-dir/MiniOzoneClusterImpl-ed78929e-9b9e-4304-bdcd-e93070d12e9d/ozone-meta/datanode-2/data-0/hdds/ed78929e-9b9e-4304-bdcd-e93070d12e9d/DS-7de87680-360f-44c2-8eed-eb86cd310c28/container.db, /home/runner/work/ozone/ozone/hadoop-ozone/integration-test/target/test-dir/MiniOzoneClusterImpl-ed78929e-9b9e-4304-bdcd-e93070d12e9d/ozone-meta/datanode-3/data-0/hdds/ed78929e-9b9e-4304-bdcd-e93070d12e9d/DS-a4f83017-cfc1-4761-b7ea-c8866f31be3d/container.db, /home/runner/work/ozone/ozone/hadoop-ozone/integration-test/target/test-dir/MiniOzoneClusterImpl-ed78929e-9b9e-4304-bdcd-e93070d12e9d/ozone-meta/datanode-4/data-0/hdds/ed78929e-9b9e-4304-bdcd-e93070d12e9d/DS-15f6d1e7-b08a-449e-b2a6-30cd9d595b2c/container.db, /home/runner/work/ozone/ozone/hadoop-ozone/integration-test/target/test-dir/MiniOzoneClusterImpl-ed78929e-9b9e-4304-bdcd-e93070d12e9d/ozone-meta/datanode-5/data-0/hdds/ed78929e-9b9e-4304-bdcd-e93070d12e9d/DS-5ac8d509-0a76-4fa2-9a89-482482335935/container.db]
2024-06-22 13:32:08,019 [main] INFO  utils.DatanodeStoreCache (DatanodeStoreCache.java:removeDB(110)) - Removed db /home/runner/work/ozone/ozone/hadoop-ozone/integration-test/target/test-dir/MiniOzoneClusterImpl-ed78929e-9b9e-4304-bdcd-e93070d12e9d/ozone-meta/datanode-5/data-0/hdds/ed78929e-9b9e-4304-bdcd-e93070d12e9d/DS-5ac8d509-0a76-4fa2-9a89-482482335935/container.db from cache
2024-06-22 13:32:08,019 [main] INFO  volume.HddsVolume (HddsVolume.java:closeDbStore(470)) - SchemaV3 db is stopped at /home/runner/work/ozone/ozone/hadoop-ozone/integration-test/target/test-dir/MiniOzoneClusterImpl-ed78929e-9b9e-4304-bdcd-e93070d12e9d/ozone-meta/datanode-5/data-0/hdds/ed78929e-9b9e-4304-bdcd-e93070d12e9d/DS-5ac8d509-0a76-4fa2-9a89-482482335935/container.db for volume DS-5ac8d509-0a76-4fa2-9a89-482482335935
2024-06-22 13:32:08,019 [main] INFO  utils.BackgroundService (BackgroundService.java:shutdown(160)) - Shutting down service BlockDeletingService
2024-06-22 13:32:08,020 [main] INFO  utils.BackgroundService (BackgroundService.java:shutdown(160)) - Shutting down service StaleRecoveringContainerScrubbingService
2024-06-22 13:32:08,020 [main] INFO  statemachine.DatanodeStateMachine (DatanodeStateMachine.java:stopDaemon(628)) - Ozone container server stopped.
2024-06-22 13:32:08,023 [main] INFO  handler.ContextHandler (ContextHandler.java:doStop(1159)) - Stopped o.e.j.w.WebAppContext@10e85525{hddsDatanode,/,null,STOPPED}{file:/home/runner/work/ozone/ozone/hadoop-hdds/container-service/target/classes/webapps/hddsDatanode}
2024-06-22 13:32:08,025 [main] INFO  server.AbstractConnector (AbstractConnector.java:doStop(383)) - Stopped ServerConnector@13b85e31{HTTP/1.1, (http/1.1)}{0.0.0.0:15045}
2024-06-22 13:32:08,026 [main] INFO  server.session (HouseKeeper.java:stopScavenging(149)) - node0 Stopped scavenging
2024-06-22 13:32:08,026 [main] INFO  handler.ContextHandler (ContextHandler.java:doStop(1159)) - Stopped o.e.j.s.ServletContextHandler@416bf563{static,/static,file:///home/runner/work/ozone/ozone/hadoop-hdds/container-service/target/classes/webapps/static,STOPPED}
2024-06-22 13:32:08,026 [main] INFO  handler.ContextHandler (ContextHandler.java:doStop(1159)) - Stopped o.e.j.s.ServletContextHandler@1717302b{logs,/logs,file:///home/runner/work/ozone/ozone/hadoop-ozone/integration-test/target/log,STOPPED}
2024-06-22 13:32:08,028 [main] INFO  ozone.HddsDatanodeClientProtocolServer (HddsDatanodeClientProtocolServer.java:stop(83)) - Stopping the RPC server for Client Protocol
2024-06-22 13:32:08,028 [main] INFO  ipc.Server (Server.java:stop(3523)) - Stopping server on 15046
2024-06-22 13:32:08,028 [IPC Server listener on 15046] INFO  ipc.Server (Server.java:run(1434)) - Stopping IPC Server listener on 15046
2024-06-22 13:32:08,029 [IPC Server Responder] INFO  ipc.Server (Server.java:run(1567)) - Stopping IPC Server Responder
2024-06-22 13:32:08,029 [main] INFO  replication.ReplicationManager (ReplicationManager.java:start(296)) - Starting Replication Monitor Thread.
2024-06-22 13:32:08,031 [main] INFO  container.TestHelper (TestHelper.java:countReplicas(427)) - Container 1 has 3 replicas on [b47eb027-4b7a-4ddc-bf7f-0870758e0604, c511b233-3aa4-4954-9335-f5d54c64e497, fdf93896-5abf-403c-99a8-bb8ea43c9a14]
2024-06-22 13:32:08,032 [ReplicationMonitor] INFO  replication.ReplicationManager (ReplicationManager.java:processAll(402)) - Replication Monitor Thread took 1 milliseconds for processing 1 containers.
2024-06-22 13:32:08,036 [UnderReplicatedProcessor] INFO  algorithms.SCMContainerPlacementRackScatter (SCMContainerPlacementRackScatter.java:chooseDatanodesInternal(370)) - Chosen nodes: [6d6fe673-47e6-46c0-a6fc-601f54cde379(localhost/127.0.0.1), 99deb4a4-176b-49c7-aa7a-c34027b979ad(localhost/127.0.0.1)]. isPolicySatisfied: true.
2024-06-22 13:32:08,038 [UnderReplicatedProcessor] INFO  replication.ReplicationManager (ReplicationManager.java:sendDatanodeCommand(682)) - Sending command [reconstructECContainersCommand: containerID: 1, replicationConfig: EC{rs-3-2-1k}, sources: [fdf93896-5abf-403c-99a8-bb8ea43c9a14(localhost/127.0.0.1) replicaIndex: 2, b47eb027-4b7a-4ddc-bf7f-0870758e0604(localhost/127.0.0.1) replicaIndex: 4, c511b233-3aa4-4954-9335-f5d54c64e497(localhost/127.0.0.1) replicaIndex: 5], targets: [6d6fe673-47e6-46c0-a6fc-601f54cde379(localhost/127.0.0.1), 99deb4a4-176b-49c7-aa7a-c34027b979ad(localhost/127.0.0.1)], missingIndexes: &amp#1;&amp#3;] for container ContainerInfo{id=#1, state=CLOSED, stateEnterTime=2024-06-22T13:32:03.695811268Z, pipelineID=PipelineID=2c2295ea-d251-44b8-9cbe-f7641a7e4ee2, owner=omServiceIdDefault} to 6d6fe673-47e6-46c0-a6fc-601f54cde379(localhost/127.0.0.1) with datanode deadline 1719063698037 and scm deadline 1719063728037
2024-06-22 13:32:08,039 [UnderReplicatedProcessor] INFO  replication.UnhealthyReplicationProcessor (UnhealthyReplicationProcessor.java:processAll(138)) - Processed 1 containers with health state counts {UNDER_REPLICATED=1}, failed processing 0, deferred due to load 0
2024-06-22 13:32:08,231 [main] INFO  container.TestHelper (TestHelper.java:countReplicas(427)) - Container 1 has 3 replicas on [b47eb027-4b7a-4ddc-bf7f-0870758e0604, c511b233-3aa4-4954-9335-f5d54c64e497, fdf93896-5abf-403c-99a8-bb8ea43c9a14]
2024-06-22 13:32:08,239 [EventQueue-StaleNodeForStaleNodeHandler] INFO  node.StaleNodeHandler (StaleNodeHandler.java:onMessage(57)) - Datanode 99deb4a4-176b-49c7-aa7a-c34027b979ad(localhost/127.0.0.1) moved to stale state. Finalizing its pipelines [PipelineID=2c2295ea-d251-44b8-9cbe-f7641a7e4ee2, PipelineID=94f1b2cc-08ef-42ba-8ddc-2518f42a7cad]
2024-06-22 13:32:08,241 [EventQueue-StaleNodeForStaleNodeHandler] INFO  pipeline.PipelineManagerImpl (PipelineManagerImpl.java:closePipeline(518)) - Pipeline PipelineID=2c2295ea-d251-44b8-9cbe-f7641a7e4ee2 moved to CLOSED state
2024-06-22 13:32:08,241 [EventQueue-StaleNodeForStaleNodeHandler] INFO  pipeline.PipelineManagerImpl (PipelineManagerImpl.java:closePipeline(518)) - Pipeline PipelineID=94f1b2cc-08ef-42ba-8ddc-2518f42a7cad moved to CLOSED state
2024-06-22 13:32:08,432 [main] INFO  container.TestHelper (TestHelper.java:countReplicas(427)) - Container 1 has 3 replicas on [b47eb027-4b7a-4ddc-bf7f-0870758e0604, c511b233-3aa4-4954-9335-f5d54c64e497, fdf93896-5abf-403c-99a8-bb8ea43c9a14]
2024-06-22 13:32:08,632 [main] INFO  container.TestHelper (TestHelper.java:countReplicas(427)) - Container 1 has 3 replicas on [b47eb027-4b7a-4ddc-bf7f-0870758e0604, c511b233-3aa4-4954-9335-f5d54c64e497, fdf93896-5abf-403c-99a8-bb8ea43c9a14]
2024-06-22 13:32:08,832 [main] INFO  container.TestHelper (TestHelper.java:countReplicas(427)) - Container 1 has 3 replicas on [b47eb027-4b7a-4ddc-bf7f-0870758e0604, c511b233-3aa4-4954-9335-f5d54c64e497, fdf93896-5abf-403c-99a8-bb8ea43c9a14]
2024-06-22 13:32:09,033 [ReplicationMonitor] INFO  replication.ReplicationManager (ReplicationManager.java:processAll(402)) - Replication Monitor Thread took 0 milliseconds for processing 1 containers.
2024-06-22 13:32:09,033 [main] INFO  container.TestHelper (TestHelper.java:countReplicas(427)) - Container 1 has 3 replicas on [b47eb027-4b7a-4ddc-bf7f-0870758e0604, c511b233-3aa4-4954-9335-f5d54c64e497, fdf93896-5abf-403c-99a8-bb8ea43c9a14]
2024-06-22 13:32:09,167 [6d6fe673-47e6-46c0-a6fc-601f54cde379-ContainerReplicationThread-0] INFO  reconstruction.ECReconstructionCoordinatorTask (ECReconstructionCoordinatorTask.java:runTask(65)) - IN_PROGRESS reconstructECContainersCommand: containerID=1, replication=rs-3-2-1k, missingIndexes=&amp#1;&amp#3;, sources={2=fdf93896-5abf-403c-99a8-bb8ea43c9a14(localhost/127.0.0.1), 4=b47eb027-4b7a-4ddc-bf7f-0870758e0604(localhost/127.0.0.1), 5=c511b233-3aa4-4954-9335-f5d54c64e497(localhost/127.0.0.1)}, targets={1=6d6fe673-47e6-46c0-a6fc-601f54cde379(localhost/127.0.0.1), 3=99deb4a4-176b-49c7-aa7a-c34027b979ad(localhost/127.0.0.1)}
2024-06-22 13:32:09,208 [6d6fe673-47e6-46c0-a6fc-601f54cde379-ContainerReplicationThread-0] ERROR scm.XceiverClientGrpc (XceiverClientGrpc.java:sendCommandWithRetry(469)) - Failed to execute command CreateContainer on the pipeline Pipeline[ Id: 99deb4a4-176b-49c7-aa7a-c34027b979ad, Nodes: 99deb4a4-176b-49c7-aa7a-c34027b979ad(localhost/127.0.0.1) ReplicaIndex: 0, ReplicationConfig: EC{rs-3-2-1k}, State:CLOSED, leaderId:, CreationTimestamp2024-06-22T13:32:09.201964425Z[Etc/UTC]].
2024-06-22 13:32:09,208 [6d6fe673-47e6-46c0-a6fc-601f54cde379-ContainerReplicationThread-0] WARN  reconstruction.ECReconstructionCoordinator (ECReconstructionCoordinator.java:reconstructECContainerGroup(198)) - Exception while reconstructing the container 1. Cleaning up all the recovering containers in the reconstruction process.
java.io.IOException: java.util.concurrent.ExecutionException: org.apache.ratis.thirdparty.io.grpc.StatusRuntimeException: UNAVAILABLE: io exception
	at org.apache.hadoop.hdds.scm.XceiverClientGrpc.sendCommandWithRetry(XceiverClientGrpc.java:452)
	at org.apache.hadoop.hdds.scm.XceiverClientGrpc.lambda$sendCommandWithTraceIDAndRetry$0(XceiverClientGrpc.java:352)
	at org.apache.hadoop.hdds.tracing.TracingUtil.executeInSpan(TracingUtil.java:169)
	at org.apache.hadoop.hdds.tracing.TracingUtil.executeInNewSpan(TracingUtil.java:159)
	at org.apache.hadoop.hdds.scm.XceiverClientGrpc.sendCommandWithTraceIDAndRetry(XceiverClientGrpc.java:344)
	at org.apache.hadoop.hdds.scm.XceiverClientGrpc.sendCommand(XceiverClientGrpc.java:325)
	at org.apache.hadoop.hdds.scm.storage.ContainerProtocolCalls.createContainer(ContainerProtocolCalls.java:565)
	at org.apache.hadoop.hdds.scm.storage.ContainerProtocolCalls.createRecoveringContainer(ContainerProtocolCalls.java:513)
	at org.apache.hadoop.ozone.container.ec.reconstruction.ECContainerOperationClient.createRecoveringContainer(ECContainerOperationClient.java:178)
	at org.apache.hadoop.ozone.container.ec.reconstruction.ECReconstructionCoordinator.reconstructECContainerGroup(ECReconstructionCoordinator.java:171)
	at org.apache.hadoop.ozone.container.ec.reconstruction.ECReconstructionCoordinatorTask.runTask(ECReconstructionCoordinatorTask.java:68)
	at org.apache.hadoop.ozone.container.replication.ReplicationSupervisor$TaskRunner.run(ReplicationSupervisor.java:364)
	at java.base/java.util.concurrent.ThreadPoolExecutor.runWorker(ThreadPoolExecutor.java:1136)
	at java.base/java.util.concurrent.ThreadPoolExecutor$Worker.run(ThreadPoolExecutor.java:635)
	at java.base/java.lang.Thread.run(Thread.java:840)
Caused by: java.util.concurrent.ExecutionException: org.apache.ratis.thirdparty.io.grpc.StatusRuntimeException: UNAVAILABLE: io exception
	at java.base/java.util.concurrent.CompletableFuture.reportGet(CompletableFuture.java:396)
	at java.base/java.util.concurrent.CompletableFuture.get(CompletableFuture.java:2073)
	at org.apache.hadoop.hdds.scm.XceiverClientGrpc.sendCommandWithRetry(XceiverClientGrpc.java:423)
	... 14 more
Caused by: org.apache.ratis.thirdparty.io.grpc.StatusRuntimeException: UNAVAILABLE: io exception
	at org.apache.ratis.thirdparty.io.grpc.Status.asRuntimeException(Status.java:537)
	at org.apache.ratis.thirdparty.io.grpc.stub.ClientCalls$StreamObserverToCallListenerAdapter.onClose(ClientCalls.java:481)
	at org.apache.ratis.thirdparty.io.grpc.internal.DelayedClientCall$DelayedListener$3.run(DelayedClientCall.java:489)
	at org.apache.ratis.thirdparty.io.grpc.internal.DelayedClientCall$DelayedListener.delayOrExecute(DelayedClientCall.java:453)
	at org.apache.ratis.thirdparty.io.grpc.internal.DelayedClientCall$DelayedListener.onClose(DelayedClientCall.java:486)
	at org.apache.ratis.thirdparty.io.grpc.internal.ClientCallImpl.closeObserver(ClientCallImpl.java:567)
	at org.apache.ratis.thirdparty.io.grpc.internal.ClientCallImpl.access$300(ClientCallImpl.java:71)
	at org.apache.ratis.thirdparty.io.grpc.internal.ClientCallImpl$ClientStreamListenerImpl$1StreamClosed.runInternal(ClientCallImpl.java:735)
	at org.apache.ratis.thirdparty.io.grpc.internal.ClientCallImpl$ClientStreamListenerImpl$1StreamClosed.runInContext(ClientCallImpl.java:716)
	at org.apache.ratis.thirdparty.io.grpc.internal.ContextRunnable.run(ContextRunnable.java:37)
	at org.apache.ratis.thirdparty.io.grpc.internal.SerializingExecutor.run(SerializingExecutor.java:133)
	... 3 more
Caused by: org.apache.ratis.thirdparty.io.netty.channel.AbstractChannel$AnnotatedConnectException: finishConnect(..) failed: Connection refused: /127.0.0.1:15047
Caused by: java.net.ConnectException: finishConnect(..) failed: Connection refused
	at org.apache.ratis.thirdparty.io.netty.channel.unix.Errors.newConnectException0(Errors.java:166)
	at org.apache.ratis.thirdparty.io.netty.channel.unix.Errors.handleConnectErrno(Errors.java:131)
	at org.apache.ratis.thirdparty.io.netty.channel.unix.Socket.finishConnect(Socket.java:359)
	at org.apache.ratis.thirdparty.io.netty.channel.epoll.AbstractEpollChannel$AbstractEpollUnsafe.doFinishConnect(AbstractEpollChannel.java:710)
	at org.apache.ratis.thirdparty.io.netty.channel.epoll.AbstractEpollChannel$AbstractEpollUnsafe.finishConnect(AbstractEpollChannel.java:687)
	at org.apache.ratis.thirdparty.io.netty.channel.epoll.AbstractEpollChannel$AbstractEpollUnsafe.epollOutReady(AbstractEpollChannel.java:567)
	at org.apache.ratis.thirdparty.io.netty.channel.epoll.EpollEventLoop.processReady(EpollEventLoop.java:499)
	at org.apache.ratis.thirdparty.io.netty.channel.epoll.EpollEventLoop.run(EpollEventLoop.java:407)
	at org.apache.ratis.thirdparty.io.netty.util.concurrent.SingleThreadEventExecutor$4.run(SingleThreadEventExecutor.java:997)
	at org.apache.ratis.thirdparty.io.netty.util.internal.ThreadExecutorMap$2.run(ThreadExecutorMap.java:74)
	at org.apache.ratis.thirdparty.io.netty.util.concurrent.FastThreadLocalRunnable.run(FastThreadLocalRunnable.java:30)
	at java.base/java.lang.Thread.run(Thread.java:840)
2024-06-22 13:32:09,224 [6d6fe673-47e6-46c0-a6fc-601f54cde379-ChunkReader-3] INFO  keyvalue.KeyValueContainer (KeyValueContainer.java:markContainerForDelete(424)) - Moving container /home/runner/work/ozone/ozone/hadoop-ozone/integration-test/target/test-dir/MiniOzoneClusterImpl-ed78929e-9b9e-4304-bdcd-e93070d12e9d/ozone-meta/datanode-4/data-0/hdds/ed78929e-9b9e-4304-bdcd-e93070d12e9d/current/containerDir0/1 to state DELETED from state:RECOVERING
2024-06-22 13:32:09,226 [6d6fe673-47e6-46c0-a6fc-601f54cde379-ContainerReplicationThread-0] WARN  reconstruction.ECReconstructionCoordinatorTask (ECReconstructionCoordinatorTask.java:runTask(79)) - FAILED reconstructECContainersCommand: containerID=1, replication=rs-3-2-1k, missingIndexes=&amp#1;&amp#3;, sources={2=fdf93896-5abf-403c-99a8-bb8ea43c9a14(localhost/127.0.0.1), 4=b47eb027-4b7a-4ddc-bf7f-0870758e0604(localhost/127.0.0.1), 5=c511b233-3aa4-4954-9335-f5d54c64e497(localhost/127.0.0.1)}, targets={1=6d6fe673-47e6-46c0-a6fc-601f54cde379(localhost/127.0.0.1), 3=99deb4a4-176b-49c7-aa7a-c34027b979ad(localhost/127.0.0.1)} after 59 ms
java.io.IOException: java.util.concurrent.ExecutionException: org.apache.ratis.thirdparty.io.grpc.StatusRuntimeException: UNAVAILABLE: io exception
	at org.apache.hadoop.hdds.scm.XceiverClientGrpc.sendCommandWithRetry(XceiverClientGrpc.java:452)
	at org.apache.hadoop.hdds.scm.XceiverClientGrpc.lambda$sendCommandWithTraceIDAndRetry$0(XceiverClientGrpc.java:352)
	at org.apache.hadoop.hdds.tracing.TracingUtil.executeInSpan(TracingUtil.java:169)
	at org.apache.hadoop.hdds.tracing.TracingUtil.executeInNewSpan(TracingUtil.java:159)
	at org.apache.hadoop.hdds.scm.XceiverClientGrpc.sendCommandWithTraceIDAndRetry(XceiverClientGrpc.java:344)
	at org.apache.hadoop.hdds.scm.XceiverClientGrpc.sendCommand(XceiverClientGrpc.java:325)
	at org.apache.hadoop.hdds.scm.storage.ContainerProtocolCalls.createContainer(ContainerProtocolCalls.java:565)
	at org.apache.hadoop.hdds.scm.storage.ContainerProtocolCalls.createRecoveringContainer(ContainerProtocolCalls.java:513)
	at org.apache.hadoop.ozone.container.ec.reconstruction.ECContainerOperationClient.createRecoveringContainer(ECContainerOperationClient.java:178)
	at org.apache.hadoop.ozone.container.ec.reconstruction.ECReconstructionCoordinator.reconstructECContainerGroup(ECReconstructionCoordinator.java:171)
	at org.apache.hadoop.ozone.container.ec.reconstruction.ECReconstructionCoordinatorTask.runTask(ECReconstructionCoordinatorTask.java:68)
	at org.apache.hadoop.ozone.container.replication.ReplicationSupervisor$TaskRunner.run(ReplicationSupervisor.java:364)
	at java.base/java.util.concurrent.ThreadPoolExecutor.runWorker(ThreadPoolExecutor.java:1136)
	at java.base/java.util.concurrent.ThreadPoolExecutor$Worker.run(ThreadPoolExecutor.java:635)
	at java.base/java.lang.Thread.run(Thread.java:840)
Caused by: java.util.concurrent.ExecutionException: org.apache.ratis.thirdparty.io.grpc.StatusRuntimeException: UNAVAILABLE: io exception
	at java.base/java.util.concurrent.CompletableFuture.reportGet(CompletableFuture.java:396)
	at java.base/java.util.concurrent.CompletableFuture.get(CompletableFuture.java:2073)
	at org.apache.hadoop.hdds.scm.XceiverClientGrpc.sendCommandWithRetry(XceiverClientGrpc.java:423)
	... 14 more
Caused by: org.apache.ratis.thirdparty.io.grpc.StatusRuntimeException: UNAVAILABLE: io exception
	at org.apache.ratis.thirdparty.io.grpc.Status.asRuntimeException(Status.java:537)
	at org.apache.ratis.thirdparty.io.grpc.stub.ClientCalls$StreamObserverToCallListenerAdapter.onClose(ClientCalls.java:481)
	at org.apache.ratis.thirdparty.io.grpc.internal.DelayedClientCall$DelayedListener$3.run(DelayedClientCall.java:489)
	at org.apache.ratis.thirdparty.io.grpc.internal.DelayedClientCall$DelayedListener.delayOrExecute(DelayedClientCall.java:453)
	at org.apache.ratis.thirdparty.io.grpc.internal.DelayedClientCall$DelayedListener.onClose(DelayedClientCall.java:486)
	at org.apache.ratis.thirdparty.io.grpc.internal.ClientCallImpl.closeObserver(ClientCallImpl.java:567)
	at org.apache.ratis.thirdparty.io.grpc.internal.ClientCallImpl.access$300(ClientCallImpl.java:71)
	at org.apache.ratis.thirdparty.io.grpc.internal.ClientCallImpl$ClientStreamListenerImpl$1StreamClosed.runInternal(ClientCallImpl.java:735)
	at org.apache.ratis.thirdparty.io.grpc.internal.ClientCallImpl$ClientStreamListenerImpl$1StreamClosed.runInContext(ClientCallImpl.java:716)
	at org.apache.ratis.thirdparty.io.grpc.internal.ContextRunnable.run(ContextRunnable.java:37)
	at org.apache.ratis.thirdparty.io.grpc.internal.SerializingExecutor.run(SerializingExecutor.java:133)
	... 3 more
Caused by: org.apache.ratis.thirdparty.io.netty.channel.AbstractChannel$AnnotatedConnectException: finishConnect(..) failed: Connection refused: /127.0.0.1:15047
Caused by: java.net.ConnectException: finishConnect(..) failed: Connection refused
	at org.apache.ratis.thirdparty.io.netty.channel.unix.Errors.newConnectException0(Errors.java:166)
	at org.apache.ratis.thirdparty.io.netty.channel.unix.Errors.handleConnectErrno(Errors.java:131)
	at org.apache.ratis.thirdparty.io.netty.channel.unix.Socket.finishConnect(Socket.java:359)
	at org.apache.ratis.thirdparty.io.netty.channel.epoll.AbstractEpollChannel$AbstractEpollUnsafe.doFinishConnect(AbstractEpollChannel.java:710)
	at org.apache.ratis.thirdparty.io.netty.channel.epoll.AbstractEpollChannel$AbstractEpollUnsafe.finishConnect(AbstractEpollChannel.java:687)
	at org.apache.ratis.thirdparty.io.netty.channel.epoll.AbstractEpollChannel$AbstractEpollUnsafe.epollOutReady(AbstractEpollChannel.java:567)
	at org.apache.ratis.thirdparty.io.netty.channel.epoll.EpollEventLoop.processReady(EpollEventLoop.java:499)
	at org.apache.ratis.thirdparty.io.netty.channel.epoll.EpollEventLoop.run(EpollEventLoop.java:407)
	at org.apache.ratis.thirdparty.io.netty.util.concurrent.SingleThreadEventExecutor$4.run(SingleThreadEventExecutor.java:997)
	at org.apache.ratis.thirdparty.io.netty.util.internal.ThreadExecutorMap$2.run(ThreadExecutorMap.java:74)
	at org.apache.ratis.thirdparty.io.netty.util.concurrent.FastThreadLocalRunnable.run(FastThreadLocalRunnable.java:30)
	at java.base/java.lang.Thread.run(Thread.java:840)
2024-06-22 13:32:09,227 [6d6fe673-47e6-46c0-a6fc-601f54cde379-ContainerReplicationThread-0] WARN  replication.ReplicationSupervisor (ReplicationSupervisor.java:run(366)) - Failed FAILED reconstructECContainersCommand: containerID=1, replication=rs-3-2-1k, missingIndexes=&amp#1;&amp#3;, sources={2=fdf93896-5abf-403c-99a8-bb8ea43c9a14(localhost/127.0.0.1), 4=b47eb027-4b7a-4ddc-bf7f-0870758e0604(localhost/127.0.0.1), 5=c511b233-3aa4-4954-9335-f5d54c64e497(localhost/127.0.0.1)}, targets={1=6d6fe673-47e6-46c0-a6fc-601f54cde379(localhost/127.0.0.1), 3=99deb4a4-176b-49c7-aa7a-c34027b979ad(localhost/127.0.0.1)}
2024-06-22 13:32:09,233 [main] INFO  container.TestHelper (TestHelper.java:countReplicas(427)) - Container 1 has 3 replicas on [b47eb027-4b7a-4ddc-bf7f-0870758e0604, c511b233-3aa4-4954-9335-f5d54c64e497, fdf93896-5abf-403c-99a8-bb8ea43c9a14]
2024-06-22 13:32:09,433 [main] INFO  container.TestHelper (TestHelper.java:countReplicas(427)) - Container 1 has 3 replicas on [b47eb027-4b7a-4ddc-bf7f-0870758e0604, c511b233-3aa4-4954-9335-f5d54c64e497, fdf93896-5abf-403c-99a8-bb8ea43c9a14]
2024-06-22 13:32:09,634 [main] INFO  container.TestHelper (TestHelper.java:countReplicas(427)) - Container 1 has 3 replicas on [b47eb027-4b7a-4ddc-bf7f-0870758e0604, c511b233-3aa4-4954-9335-f5d54c64e497, fdf93896-5abf-403c-99a8-bb8ea43c9a14]
2024-06-22 13:32:09,834 [main] INFO  container.TestHelper (TestHelper.java:countReplicas(427)) - Container 1 has 3 replicas on [b47eb027-4b7a-4ddc-bf7f-0870758e0604, c511b233-3aa4-4954-9335-f5d54c64e497, fdf93896-5abf-403c-99a8-bb8ea43c9a14]
2024-06-22 13:32:10,033 [ReplicationMonitor] INFO  replication.ReplicationManager (ReplicationManager.java:processAll(402)) - Replication Monitor Thread took 0 milliseconds for processing 1 containers.
2024-06-22 13:32:10,035 [main] INFO  container.TestHelper (TestHelper.java:countReplicas(427)) - Container 1 has 3 replicas on [b47eb027-4b7a-4ddc-bf7f-0870758e0604, c511b233-3aa4-4954-9335-f5d54c64e497, fdf93896-5abf-403c-99a8-bb8ea43c9a14]
2024-06-22 13:32:10,235 [main] INFO  container.TestHelper (TestHelper.java:countReplicas(427)) - Container 1 has 3 replicas on [b47eb027-4b7a-4ddc-bf7f-0870758e0604, c511b233-3aa4-4954-9335-f5d54c64e497, fdf93896-5abf-403c-99a8-bb8ea43c9a14]
2024-06-22 13:32:10,435 [main] INFO  container.TestHelper (TestHelper.java:countReplicas(427)) - Container 1 has 3 replicas on [b47eb027-4b7a-4ddc-bf7f-0870758e0604, c511b233-3aa4-4954-9335-f5d54c64e497, fdf93896-5abf-403c-99a8-bb8ea43c9a14]
2024-06-22 13:32:10,636 [main] INFO  container.TestHelper (TestHelper.java:countReplicas(427)) - Container 1 has 3 replicas on [b47eb027-4b7a-4ddc-bf7f-0870758e0604, c511b233-3aa4-4954-9335-f5d54c64e497, fdf93896-5abf-403c-99a8-bb8ea43c9a14]
2024-06-22 13:32:10,836 [main] INFO  container.TestHelper (TestHelper.java:countReplicas(427)) - Container 1 has 3 replicas on [b47eb027-4b7a-4ddc-bf7f-0870758e0604, c511b233-3aa4-4954-9335-f5d54c64e497, fdf93896-5abf-403c-99a8-bb8ea43c9a14]
2024-06-22 13:32:11,034 [ReplicationMonitor] INFO  replication.ReplicationManager (ReplicationManager.java:processAll(402)) - Replication Monitor Thread took 1 milliseconds for processing 1 containers.
2024-06-22 13:32:11,037 [main] INFO  container.TestHelper (TestHelper.java:countReplicas(427)) - Container 1 has 3 replicas on [b47eb027-4b7a-4ddc-bf7f-0870758e0604, c511b233-3aa4-4954-9335-f5d54c64e497, fdf93896-5abf-403c-99a8-bb8ea43c9a14]
2024-06-22 13:32:11,237 [main] INFO  container.TestHelper (TestHelper.java:countReplicas(427)) - Container 1 has 3 replicas on [b47eb027-4b7a-4ddc-bf7f-0870758e0604, c511b233-3aa4-4954-9335-f5d54c64e497, fdf93896-5abf-403c-99a8-bb8ea43c9a14]
2024-06-22 13:32:11,243 [EventQueue-DeadNodeForDeadNodeHandler] INFO  node.DeadNodeHandler (DeadNodeHandler.java:onMessage(95)) - A dead datanode is detected. 99deb4a4-176b-49c7-aa7a-c34027b979ad(localhost/127.0.0.1)
2024-06-22 13:32:11,245 [EventQueue-DeadNodeForDeadNodeHandler] INFO  pipeline.PipelineManagerImpl (PipelineManagerImpl.java:removePipeline(459)) - Pipeline Pipeline[ Id: 2c2295ea-d251-44b8-9cbe-f7641a7e4ee2, Nodes: 99deb4a4-176b-49c7-aa7a-c34027b979ad(localhost/127.0.0.1) ReplicaIndex: 1fdf93896-5abf-403c-99a8-bb8ea43c9a14(localhost/127.0.0.1) ReplicaIndex: 26d6fe673-47e6-46c0-a6fc-601f54cde379(localhost/127.0.0.1) ReplicaIndex: 3b47eb027-4b7a-4ddc-bf7f-0870758e0604(localhost/127.0.0.1) ReplicaIndex: 4c511b233-3aa4-4954-9335-f5d54c64e497(localhost/127.0.0.1) ReplicaIndex: 5, ReplicationConfig: EC{rs-3-2-1k}, State:CLOSED, leaderId:, CreationTimestamp2024-06-22T13:32:00.415Z[Etc/UTC]] removed.
2024-06-22 13:32:11,245 [EventQueue-DeadNodeForDeadNodeHandler] INFO  pipeline.RatisPipelineProvider (RatisPipelineProvider.java:lambda$close$4(270)) - Send pipeline:PipelineID=94f1b2cc-08ef-42ba-8ddc-2518f42a7cad close command to datanode 99deb4a4-176b-49c7-aa7a-c34027b979ad
2024-06-22 13:32:11,245 [EventQueue-DeadNodeForDeadNodeHandler] INFO  pipeline.PipelineManagerImpl (PipelineManagerImpl.java:removePipeline(459)) - Pipeline Pipeline[ Id: 94f1b2cc-08ef-42ba-8ddc-2518f42a7cad, Nodes: 99deb4a4-176b-49c7-aa7a-c34027b979ad(localhost/127.0.0.1) ReplicaIndex: 0, ReplicationConfig: RATIS/ONE, State:CLOSED, leaderId:99deb4a4-176b-49c7-aa7a-c34027b979ad, CreationTimestamp2024-06-22T13:31:51.839Z[Etc/UTC]] removed.
2024-06-22 13:32:11,246 [EventQueue-DeadNodeForDeadNodeHandler] INFO  node.DeadNodeHandler (DeadNodeHandler.java:onMessage(108)) - Clearing command queue of size 1 for DN 99deb4a4-176b-49c7-aa7a-c34027b979ad(localhost/127.0.0.1)
2024-06-22 13:32:11,246 [EventQueue-DeadNodeForDeadNodeHandler] INFO  net.NetworkTopologyImpl (NetworkTopologyImpl.java:remove(212)) - Removed a node: /default-rack/99deb4a4-176b-49c7-aa7a-c34027b979ad
2024-06-22 13:32:11,437 [main] INFO  container.TestHelper (TestHelper.java:countReplicas(427)) - Container 1 has 3 replicas on [b47eb027-4b7a-4ddc-bf7f-0870758e0604, c511b233-3aa4-4954-9335-f5d54c64e497, fdf93896-5abf-403c-99a8-bb8ea43c9a14]
2024-06-22 13:32:11,638 [main] INFO  container.TestHelper (TestHelper.java:countReplicas(427)) - Container 1 has 3 replicas on [b47eb027-4b7a-4ddc-bf7f-0870758e0604, c511b233-3aa4-4954-9335-f5d54c64e497, fdf93896-5abf-403c-99a8-bb8ea43c9a14]
2024-06-22 13:32:11,838 [main] INFO  container.TestHelper (TestHelper.java:countReplicas(427)) - Container 1 has 3 replicas on [b47eb027-4b7a-4ddc-bf7f-0870758e0604, c511b233-3aa4-4954-9335-f5d54c64e497, fdf93896-5abf-403c-99a8-bb8ea43c9a14]
2024-06-22 13:32:12,034 [ReplicationMonitor] INFO  replication.ReplicationManager (ReplicationManager.java:processAll(402)) - Replication Monitor Thread took 0 milliseconds for processing 1 containers.
2024-06-22 13:32:12,038 [main] INFO  container.TestHelper (TestHelper.java:countReplicas(427)) - Container 1 has 3 replicas on [b47eb027-4b7a-4ddc-bf7f-0870758e0604, c511b233-3aa4-4954-9335-f5d54c64e497, fdf93896-5abf-403c-99a8-bb8ea43c9a14]
2024-06-22 13:32:12,239 [main] INFO  container.TestHelper (TestHelper.java:countReplicas(427)) - Container 1 has 3 replicas on [b47eb027-4b7a-4ddc-bf7f-0870758e0604, c511b233-3aa4-4954-9335-f5d54c64e497, fdf93896-5abf-403c-99a8-bb8ea43c9a14]
2024-06-22 13:32:12,439 [main] INFO  container.TestHelper (TestHelper.java:countReplicas(427)) - Container 1 has 3 replicas on [b47eb027-4b7a-4ddc-bf7f-0870758e0604, c511b233-3aa4-4954-9335-f5d54c64e497, fdf93896-5abf-403c-99a8-bb8ea43c9a14]
2024-06-22 13:32:12,640 [main] INFO  container.TestHelper (TestHelper.java:countReplicas(427)) - Container 1 has 3 replicas on [b47eb027-4b7a-4ddc-bf7f-0870758e0604, c511b233-3aa4-4954-9335-f5d54c64e497, fdf93896-5abf-403c-99a8-bb8ea43c9a14]
2024-06-22 13:32:12,840 [main] INFO  container.TestHelper (TestHelper.java:countReplicas(427)) - Container 1 has 3 replicas on [b47eb027-4b7a-4ddc-bf7f-0870758e0604, c511b233-3aa4-4954-9335-f5d54c64e497, fdf93896-5abf-403c-99a8-bb8ea43c9a14]
2024-06-22 13:32:13,035 [ReplicationMonitor] INFO  replication.ReplicationManager (ReplicationManager.java:processAll(402)) - Replication Monitor Thread took 0 milliseconds for processing 1 containers.
2024-06-22 13:32:13,040 [main] INFO  container.TestHelper (TestHelper.java:countReplicas(427)) - Container 1 has 3 replicas on [b47eb027-4b7a-4ddc-bf7f-0870758e0604, c511b233-3aa4-4954-9335-f5d54c64e497, fdf93896-5abf-403c-99a8-bb8ea43c9a14]
2024-06-22 13:32:13,241 [main] INFO  container.TestHelper (TestHelper.java:countReplicas(427)) - Container 1 has 3 replicas on [b47eb027-4b7a-4ddc-bf7f-0870758e0604, c511b233-3aa4-4954-9335-f5d54c64e497, fdf93896-5abf-403c-99a8-bb8ea43c9a14]
2024-06-22 13:32:13,441 [main] INFO  container.TestHelper (TestHelper.java:countReplicas(427)) - Container 1 has 3 replicas on [b47eb027-4b7a-4ddc-bf7f-0870758e0604, c511b233-3aa4-4954-9335-f5d54c64e497, fdf93896-5abf-403c-99a8-bb8ea43c9a14]
2024-06-22 13:32:13,641 [main] INFO  container.TestHelper (TestHelper.java:countReplicas(427)) - Container 1 has 3 replicas on [b47eb027-4b7a-4ddc-bf7f-0870758e0604, c511b233-3aa4-4954-9335-f5d54c64e497, fdf93896-5abf-403c-99a8-bb8ea43c9a14]
2024-06-22 13:32:13,842 [main] INFO  container.TestHelper (TestHelper.java:countReplicas(427)) - Container 1 has 3 replicas on [b47eb027-4b7a-4ddc-bf7f-0870758e0604, c511b233-3aa4-4954-9335-f5d54c64e497, fdf93896-5abf-403c-99a8-bb8ea43c9a14]
2024-06-22 13:32:14,036 [ReplicationMonitor] INFO  replication.ReplicationManager (ReplicationManager.java:processAll(402)) - Replication Monitor Thread took 1 milliseconds for processing 1 containers.
2024-06-22 13:32:14,042 [main] INFO  container.TestHelper (TestHelper.java:countReplicas(427)) - Container 1 has 3 replicas on [b47eb027-4b7a-4ddc-bf7f-0870758e0604, c511b233-3aa4-4954-9335-f5d54c64e497, fdf93896-5abf-403c-99a8-bb8ea43c9a14]
2024-06-22 13:32:14,243 [main] INFO  container.TestHelper (TestHelper.java:countReplicas(427)) - Container 1 has 3 replicas on [b47eb027-4b7a-4ddc-bf7f-0870758e0604, c511b233-3aa4-4954-9335-f5d54c64e497, fdf93896-5abf-403c-99a8-bb8ea43c9a14]
2024-06-22 13:32:14,443 [main] INFO  container.TestHelper (TestHelper.java:countReplicas(427)) - Container 1 has 3 replicas on [b47eb027-4b7a-4ddc-bf7f-0870758e0604, c511b233-3aa4-4954-9335-f5d54c64e497, fdf93896-5abf-403c-99a8-bb8ea43c9a14]
2024-06-22 13:32:14,643 [main] INFO  container.TestHelper (TestHelper.java:countReplicas(427)) - Container 1 has 3 replicas on [b47eb027-4b7a-4ddc-bf7f-0870758e0604, c511b233-3aa4-4954-9335-f5d54c64e497, fdf93896-5abf-403c-99a8-bb8ea43c9a14]
2024-06-22 13:32:14,844 [main] INFO  container.TestHelper (TestHelper.java:countReplicas(427)) - Container 1 has 3 replicas on [b47eb027-4b7a-4ddc-bf7f-0870758e0604, c511b233-3aa4-4954-9335-f5d54c64e497, fdf93896-5abf-403c-99a8-bb8ea43c9a14]
2024-06-22 13:32:15,036 [ReplicationMonitor] INFO  replication.ReplicationManager (ReplicationManager.java:processAll(402)) - Replication Monitor Thread took 0 milliseconds for processing 1 containers.
2024-06-22 13:32:15,044 [main] INFO  container.TestHelper (TestHelper.java:countReplicas(427)) - Container 1 has 3 replicas on [b47eb027-4b7a-4ddc-bf7f-0870758e0604, c511b233-3aa4-4954-9335-f5d54c64e497, fdf93896-5abf-403c-99a8-bb8ea43c9a14]
2024-06-22 13:32:15,244 [main] INFO  container.TestHelper (TestHelper.java:countReplicas(427)) - Container 1 has 3 replicas on [b47eb027-4b7a-4ddc-bf7f-0870758e0604, c511b233-3aa4-4954-9335-f5d54c64e497, fdf93896-5abf-403c-99a8-bb8ea43c9a14]
2024-06-22 13:32:15,445 [main] INFO  container.TestHelper (TestHelper.java:countReplicas(427)) - Container 1 has 3 replicas on [b47eb027-4b7a-4ddc-bf7f-0870758e0604, c511b233-3aa4-4954-9335-f5d54c64e497, fdf93896-5abf-403c-99a8-bb8ea43c9a14]
2024-06-22 13:32:15,645 [main] INFO  container.TestHelper (TestHelper.java:countReplicas(427)) - Container 1 has 3 replicas on [b47eb027-4b7a-4ddc-bf7f-0870758e0604, c511b233-3aa4-4954-9335-f5d54c64e497, fdf93896-5abf-403c-99a8-bb8ea43c9a14]
2024-06-22 13:32:15,846 [main] INFO  container.TestHelper (TestHelper.java:countReplicas(427)) - Container 1 has 3 replicas on [b47eb027-4b7a-4ddc-bf7f-0870758e0604, c511b233-3aa4-4954-9335-f5d54c64e497, fdf93896-5abf-403c-99a8-bb8ea43c9a14]
2024-06-22 13:32:16,037 [ReplicationMonitor] INFO  replication.ReplicationManager (ReplicationManager.java:processAll(402)) - Replication Monitor Thread took 0 milliseconds for processing 1 containers.
2024-06-22 13:32:16,046 [main] INFO  container.TestHelper (TestHelper.java:countReplicas(427)) - Container 1 has 3 replicas on [b47eb027-4b7a-4ddc-bf7f-0870758e0604, c511b233-3aa4-4954-9335-f5d54c64e497, fdf93896-5abf-403c-99a8-bb8ea43c9a14]
2024-06-22 13:32:16,246 [main] INFO  container.TestHelper (TestHelper.java:countReplicas(427)) - Container 1 has 3 replicas on [b47eb027-4b7a-4ddc-bf7f-0870758e0604, c511b233-3aa4-4954-9335-f5d54c64e497, fdf93896-5abf-403c-99a8-bb8ea43c9a14]
2024-06-22 13:32:16,447 [main] INFO  container.TestHelper (TestHelper.java:countReplicas(427)) - Container 1 has 3 replicas on [b47eb027-4b7a-4ddc-bf7f-0870758e0604, c511b233-3aa4-4954-9335-f5d54c64e497, fdf93896-5abf-403c-99a8-bb8ea43c9a14]
2024-06-22 13:32:16,647 [main] INFO  container.TestHelper (TestHelper.java:countReplicas(427)) - Container 1 has 3 replicas on [b47eb027-4b7a-4ddc-bf7f-0870758e0604, c511b233-3aa4-4954-9335-f5d54c64e497, fdf93896-5abf-403c-99a8-bb8ea43c9a14]
2024-06-22 13:32:16,848 [main] INFO  container.TestHelper (TestHelper.java:countReplicas(427)) - Container 1 has 3 replicas on [b47eb027-4b7a-4ddc-bf7f-0870758e0604, c511b233-3aa4-4954-9335-f5d54c64e497, fdf93896-5abf-403c-99a8-bb8ea43c9a14]
2024-06-22 13:32:17,038 [ReplicationMonitor] INFO  replication.ReplicationManager (ReplicationManager.java:processAll(402)) - Replication Monitor Thread took 1 milliseconds for processing 1 containers.
2024-06-22 13:32:17,048 [main] INFO  container.TestHelper (TestHelper.java:countReplicas(427)) - Container 1 has 3 replicas on [b47eb027-4b7a-4ddc-bf7f-0870758e0604, c511b233-3aa4-4954-9335-f5d54c64e497, fdf93896-5abf-403c-99a8-bb8ea43c9a14]
2024-06-22 13:32:17,248 [main] INFO  container.TestHelper (TestHelper.java:countReplicas(427)) - Container 1 has 3 replicas on [b47eb027-4b7a-4ddc-bf7f-0870758e0604, c511b233-3aa4-4954-9335-f5d54c64e497, fdf93896-5abf-403c-99a8-bb8ea43c9a14]
2024-06-22 13:32:17,449 [main] INFO  container.TestHelper (TestHelper.java:countReplicas(427)) - Container 1 has 3 replicas on [b47eb027-4b7a-4ddc-bf7f-0870758e0604, c511b233-3aa4-4954-9335-f5d54c64e497, fdf93896-5abf-403c-99a8-bb8ea43c9a14]
2024-06-22 13:32:17,649 [main] INFO  container.TestHelper (TestHelper.java:countReplicas(427)) - Container 1 has 3 replicas on [b47eb027-4b7a-4ddc-bf7f-0870758e0604, c511b233-3aa4-4954-9335-f5d54c64e497, fdf93896-5abf-403c-99a8-bb8ea43c9a14]
2024-06-22 13:32:17,849 [main] INFO  container.TestHelper (TestHelper.java:countReplicas(427)) - Container 1 has 3 replicas on [b47eb027-4b7a-4ddc-bf7f-0870758e0604, c511b233-3aa4-4954-9335-f5d54c64e497, fdf93896-5abf-403c-99a8-bb8ea43c9a14]
2024-06-22 13:32:18,038 [ReplicationMonitor] INFO  replication.ReplicationManager (ReplicationManager.java:processAll(402)) - Replication Monitor Thread took 0 milliseconds for processing 1 containers.
2024-06-22 13:32:18,050 [main] INFO  container.TestHelper (TestHelper.java:countReplicas(427)) - Container 1 has 3 replicas on [b47eb027-4b7a-4ddc-bf7f-0870758e0604, c511b233-3aa4-4954-9335-f5d54c64e497, fdf93896-5abf-403c-99a8-bb8ea43c9a14]
2024-06-22 13:32:18,250 [main] INFO  container.TestHelper (TestHelper.java:countReplicas(427)) - Container 1 has 3 replicas on [b47eb027-4b7a-4ddc-bf7f-0870758e0604, c511b233-3aa4-4954-9335-f5d54c64e497, fdf93896-5abf-403c-99a8-bb8ea43c9a14]
2024-06-22 13:32:18,450 [main] INFO  container.TestHelper (TestHelper.java:countReplicas(427)) - Container 1 has 3 replicas on [b47eb027-4b7a-4ddc-bf7f-0870758e0604, c511b233-3aa4-4954-9335-f5d54c64e497, fdf93896-5abf-403c-99a8-bb8ea43c9a14]
2024-06-22 13:32:18,651 [main] INFO  container.TestHelper (TestHelper.java:countReplicas(427)) - Container 1 has 3 replicas on [b47eb027-4b7a-4ddc-bf7f-0870758e0604, c511b233-3aa4-4954-9335-f5d54c64e497, fdf93896-5abf-403c-99a8-bb8ea43c9a14]
2024-06-22 13:32:18,851 [main] INFO  container.TestHelper (TestHelper.java:countReplicas(427)) - Container 1 has 3 replicas on [b47eb027-4b7a-4ddc-bf7f-0870758e0604, c511b233-3aa4-4954-9335-f5d54c64e497, fdf93896-5abf-403c-99a8-bb8ea43c9a14]
2024-06-22 13:32:19,039 [ReplicationMonitor] INFO  replication.ReplicationManager (ReplicationManager.java:processAll(402)) - Replication Monitor Thread took 0 milliseconds for processing 1 containers.
2024-06-22 13:32:19,052 [main] INFO  container.TestHelper (TestHelper.java:countReplicas(427)) - Container 1 has 3 replicas on [b47eb027-4b7a-4ddc-bf7f-0870758e0604, c511b233-3aa4-4954-9335-f5d54c64e497, fdf93896-5abf-403c-99a8-bb8ea43c9a14]
2024-06-22 13:32:19,252 [main] INFO  container.TestHelper (TestHelper.java:countReplicas(427)) - Container 1 has 3 replicas on [b47eb027-4b7a-4ddc-bf7f-0870758e0604, c511b233-3aa4-4954-9335-f5d54c64e497, fdf93896-5abf-403c-99a8-bb8ea43c9a14]
2024-06-22 13:32:19,453 [main] INFO  container.TestHelper (TestHelper.java:countReplicas(427)) - Container 1 has 3 replicas on [b47eb027-4b7a-4ddc-bf7f-0870758e0604, c511b233-3aa4-4954-9335-f5d54c64e497, fdf93896-5abf-403c-99a8-bb8ea43c9a14]
2024-06-22 13:32:19,653 [main] INFO  container.TestHelper (TestHelper.java:countReplicas(427)) - Container 1 has 3 replicas on [b47eb027-4b7a-4ddc-bf7f-0870758e0604, c511b233-3aa4-4954-9335-f5d54c64e497, fdf93896-5abf-403c-99a8-bb8ea43c9a14]
2024-06-22 13:32:19,853 [main] INFO  container.TestHelper (TestHelper.java:countReplicas(427)) - Container 1 has 3 replicas on [b47eb027-4b7a-4ddc-bf7f-0870758e0604, c511b233-3aa4-4954-9335-f5d54c64e497, fdf93896-5abf-403c-99a8-bb8ea43c9a14]
2024-06-22 13:32:20,040 [ReplicationMonitor] INFO  replication.ReplicationManager (ReplicationManager.java:processAll(402)) - Replication Monitor Thread took 0 milliseconds for processing 1 containers.
2024-06-22 13:32:20,054 [main] INFO  container.TestHelper (TestHelper.java:countReplicas(427)) - Container 1 has 3 replicas on [b47eb027-4b7a-4ddc-bf7f-0870758e0604, c511b233-3aa4-4954-9335-f5d54c64e497, fdf93896-5abf-403c-99a8-bb8ea43c9a14]
2024-06-22 13:32:20,254 [main] INFO  container.TestHelper (TestHelper.java:countReplicas(427)) - Container 1 has 3 replicas on [b47eb027-4b7a-4ddc-bf7f-0870758e0604, c511b233-3aa4-4954-9335-f5d54c64e497, fdf93896-5abf-403c-99a8-bb8ea43c9a14]
2024-06-22 13:32:20,454 [main] INFO  container.TestHelper (TestHelper.java:countReplicas(427)) - Container 1 has 3 replicas on [b47eb027-4b7a-4ddc-bf7f-0870758e0604, c511b233-3aa4-4954-9335-f5d54c64e497, fdf93896-5abf-403c-99a8-bb8ea43c9a14]
2024-06-22 13:32:20,655 [main] INFO  container.TestHelper (TestHelper.java:countReplicas(427)) - Container 1 has 3 replicas on [b47eb027-4b7a-4ddc-bf7f-0870758e0604, c511b233-3aa4-4954-9335-f5d54c64e497, fdf93896-5abf-403c-99a8-bb8ea43c9a14]
2024-06-22 13:32:20,855 [main] INFO  container.TestHelper (TestHelper.java:countReplicas(427)) - Container 1 has 3 replicas on [b47eb027-4b7a-4ddc-bf7f-0870758e0604, c511b233-3aa4-4954-9335-f5d54c64e497, fdf93896-5abf-403c-99a8-bb8ea43c9a14]
2024-06-22 13:32:21,041 [ReplicationMonitor] INFO  replication.ReplicationManager (ReplicationManager.java:processAll(402)) - Replication Monitor Thread took 1 milliseconds for processing 1 containers.
2024-06-22 13:32:21,056 [main] INFO  container.TestHelper (TestHelper.java:countReplicas(427)) - Container 1 has 3 replicas on [b47eb027-4b7a-4ddc-bf7f-0870758e0604, c511b233-3aa4-4954-9335-f5d54c64e497, fdf93896-5abf-403c-99a8-bb8ea43c9a14]
2024-06-22 13:32:21,256 [main] INFO  container.TestHelper (TestHelper.java:countReplicas(427)) - Container 1 has 3 replicas on [b47eb027-4b7a-4ddc-bf7f-0870758e0604, c511b233-3aa4-4954-9335-f5d54c64e497, fdf93896-5abf-403c-99a8-bb8ea43c9a14]
2024-06-22 13:32:21,456 [main] INFO  container.TestHelper (TestHelper.java:countReplicas(427)) - Container 1 has 3 replicas on [b47eb027-4b7a-4ddc-bf7f-0870758e0604, c511b233-3aa4-4954-9335-f5d54c64e497, fdf93896-5abf-403c-99a8-bb8ea43c9a14]
2024-06-22 13:32:21,657 [main] INFO  container.TestHelper (TestHelper.java:countReplicas(427)) - Container 1 has 3 replicas on [b47eb027-4b7a-4ddc-bf7f-0870758e0604, c511b233-3aa4-4954-9335-f5d54c64e497, fdf93896-5abf-403c-99a8-bb8ea43c9a14]
2024-06-22 13:32:21,857 [main] INFO  container.TestHelper (TestHelper.java:countReplicas(427)) - Container 1 has 3 replicas on [b47eb027-4b7a-4ddc-bf7f-0870758e0604, c511b233-3aa4-4954-9335-f5d54c64e497, fdf93896-5abf-403c-99a8-bb8ea43c9a14]
2024-06-22 13:32:22,041 [ReplicationMonitor] INFO  replication.ReplicationManager (ReplicationManager.java:processAll(402)) - Replication Monitor Thread took 0 milliseconds for processing 1 containers.
2024-06-22 13:32:22,058 [main] INFO  container.TestHelper (TestHelper.java:countReplicas(427)) - Container 1 has 3 replicas on [b47eb027-4b7a-4ddc-bf7f-0870758e0604, c511b233-3aa4-4954-9335-f5d54c64e497, fdf93896-5abf-403c-99a8-bb8ea43c9a14]
2024-06-22 13:32:22,258 [main] INFO  container.TestHelper (TestHelper.java:countReplicas(427)) - Container 1 has 3 replicas on [b47eb027-4b7a-4ddc-bf7f-0870758e0604, c511b233-3aa4-4954-9335-f5d54c64e497, fdf93896-5abf-403c-99a8-bb8ea43c9a14]
2024-06-22 13:32:22,458 [main] INFO  container.TestHelper (TestHelper.java:countReplicas(427)) - Container 1 has 3 replicas on [b47eb027-4b7a-4ddc-bf7f-0870758e0604, c511b233-3aa4-4954-9335-f5d54c64e497, fdf93896-5abf-403c-99a8-bb8ea43c9a14]
2024-06-22 13:32:22,659 [main] INFO  container.TestHelper (TestHelper.java:countReplicas(427)) - Container 1 has 3 replicas on [b47eb027-4b7a-4ddc-bf7f-0870758e0604, c511b233-3aa4-4954-9335-f5d54c64e497, fdf93896-5abf-403c-99a8-bb8ea43c9a14]
2024-06-22 13:32:22,859 [main] INFO  container.TestHelper (TestHelper.java:countReplicas(427)) - Container 1 has 3 replicas on [b47eb027-4b7a-4ddc-bf7f-0870758e0604, c511b233-3aa4-4954-9335-f5d54c64e497, fdf93896-5abf-403c-99a8-bb8ea43c9a14]
2024-06-22 13:32:23,042 [ReplicationMonitor] INFO  replication.ReplicationManager (ReplicationManager.java:processAll(402)) - Replication Monitor Thread took 0 milliseconds for processing 1 containers.
2024-06-22 13:32:23,060 [main] INFO  container.TestHelper (TestHelper.java:countReplicas(427)) - Container 1 has 3 replicas on [b47eb027-4b7a-4ddc-bf7f-0870758e0604, c511b233-3aa4-4954-9335-f5d54c64e497, fdf93896-5abf-403c-99a8-bb8ea43c9a14]
2024-06-22 13:32:23,260 [main] INFO  container.TestHelper (TestHelper.java:countReplicas(427)) - Container 1 has 3 replicas on [b47eb027-4b7a-4ddc-bf7f-0870758e0604, c511b233-3aa4-4954-9335-f5d54c64e497, fdf93896-5abf-403c-99a8-bb8ea43c9a14]
2024-06-22 13:32:23,460 [main] INFO  container.TestHelper (TestHelper.java:countReplicas(427)) - Container 1 has 3 replicas on [b47eb027-4b7a-4ddc-bf7f-0870758e0604, c511b233-3aa4-4954-9335-f5d54c64e497, fdf93896-5abf-403c-99a8-bb8ea43c9a14]
2024-06-22 13:32:23,661 [main] INFO  container.TestHelper (TestHelper.java:countReplicas(427)) - Container 1 has 3 replicas on [b47eb027-4b7a-4ddc-bf7f-0870758e0604, c511b233-3aa4-4954-9335-f5d54c64e497, fdf93896-5abf-403c-99a8-bb8ea43c9a14]
2024-06-22 13:32:23,861 [main] INFO  container.TestHelper (TestHelper.java:countReplicas(427)) - Container 1 has 3 replicas on [b47eb027-4b7a-4ddc-bf7f-0870758e0604, c511b233-3aa4-4954-9335-f5d54c64e497, fdf93896-5abf-403c-99a8-bb8ea43c9a14]
2024-06-22 13:32:24,042 [ReplicationMonitor] INFO  replication.ReplicationManager (ReplicationManager.java:processAll(402)) - Replication Monitor Thread took 0 milliseconds for processing 1 containers.
2024-06-22 13:32:24,062 [main] INFO  container.TestHelper (TestHelper.java:countReplicas(427)) - Container 1 has 3 replicas on [b47eb027-4b7a-4ddc-bf7f-0870758e0604, c511b233-3aa4-4954-9335-f5d54c64e497, fdf93896-5abf-403c-99a8-bb8ea43c9a14]
2024-06-22 13:32:24,262 [main] INFO  container.TestHelper (TestHelper.java:countReplicas(427)) - Container 1 has 3 replicas on [b47eb027-4b7a-4ddc-bf7f-0870758e0604, c511b233-3aa4-4954-9335-f5d54c64e497, fdf93896-5abf-403c-99a8-bb8ea43c9a14]
2024-06-22 13:32:24,462 [main] INFO  container.TestHelper (TestHelper.java:countReplicas(427)) - Container 1 has 3 replicas on [b47eb027-4b7a-4ddc-bf7f-0870758e0604, c511b233-3aa4-4954-9335-f5d54c64e497, fdf93896-5abf-403c-99a8-bb8ea43c9a14]
2024-06-22 13:32:24,663 [main] INFO  container.TestHelper (TestHelper.java:countReplicas(427)) - Container 1 has 3 replicas on [b47eb027-4b7a-4ddc-bf7f-0870758e0604, c511b233-3aa4-4954-9335-f5d54c64e497, fdf93896-5abf-403c-99a8-bb8ea43c9a14]
2024-06-22 13:32:24,863 [main] INFO  container.TestHelper (TestHelper.java:countReplicas(427)) - Container 1 has 3 replicas on [b47eb027-4b7a-4ddc-bf7f-0870758e0604, c511b233-3aa4-4954-9335-f5d54c64e497, fdf93896-5abf-403c-99a8-bb8ea43c9a14]
2024-06-22 13:32:25,043 [ReplicationMonitor] INFO  replication.ReplicationManager (ReplicationManager.java:processAll(402)) - Replication Monitor Thread took 0 milliseconds for processing 1 containers.
2024-06-22 13:32:25,064 [main] INFO  container.TestHelper (TestHelper.java:countReplicas(427)) - Container 1 has 3 replicas on [b47eb027-4b7a-4ddc-bf7f-0870758e0604, c511b233-3aa4-4954-9335-f5d54c64e497, fdf93896-5abf-403c-99a8-bb8ea43c9a14]
2024-06-22 13:32:25,264 [main] INFO  container.TestHelper (TestHelper.java:countReplicas(427)) - Container 1 has 3 replicas on [b47eb027-4b7a-4ddc-bf7f-0870758e0604, c511b233-3aa4-4954-9335-f5d54c64e497, fdf93896-5abf-403c-99a8-bb8ea43c9a14]
2024-06-22 13:32:25,464 [main] INFO  container.TestHelper (TestHelper.java:countReplicas(427)) - Container 1 has 3 replicas on [b47eb027-4b7a-4ddc-bf7f-0870758e0604, c511b233-3aa4-4954-9335-f5d54c64e497, fdf93896-5abf-403c-99a8-bb8ea43c9a14]
2024-06-22 13:32:25,665 [main] INFO  container.TestHelper (TestHelper.java:countReplicas(427)) - Container 1 has 3 replicas on [b47eb027-4b7a-4ddc-bf7f-0870758e0604, c511b233-3aa4-4954-9335-f5d54c64e497, fdf93896-5abf-403c-99a8-bb8ea43c9a14]
2024-06-22 13:32:25,865 [main] INFO  container.TestHelper (TestHelper.java:countReplicas(427)) - Container 1 has 3 replicas on [b47eb027-4b7a-4ddc-bf7f-0870758e0604, c511b233-3aa4-4954-9335-f5d54c64e497, fdf93896-5abf-403c-99a8-bb8ea43c9a14]
2024-06-22 13:32:26,044 [ReplicationMonitor] INFO  replication.ReplicationManager (ReplicationManager.java:processAll(402)) - Replication Monitor Thread took 1 milliseconds for processing 1 containers.
2024-06-22 13:32:26,066 [main] INFO  container.TestHelper (TestHelper.java:countReplicas(427)) - Container 1 has 3 replicas on [b47eb027-4b7a-4ddc-bf7f-0870758e0604, c511b233-3aa4-4954-9335-f5d54c64e497, fdf93896-5abf-403c-99a8-bb8ea43c9a14]
2024-06-22 13:32:26,266 [main] INFO  container.TestHelper (TestHelper.java:countReplicas(427)) - Container 1 has 3 replicas on [b47eb027-4b7a-4ddc-bf7f-0870758e0604, c511b233-3aa4-4954-9335-f5d54c64e497, fdf93896-5abf-403c-99a8-bb8ea43c9a14]
2024-06-22 13:32:26,467 [main] INFO  container.TestHelper (TestHelper.java:countReplicas(427)) - Container 1 has 3 replicas on [b47eb027-4b7a-4ddc-bf7f-0870758e0604, c511b233-3aa4-4954-9335-f5d54c64e497, fdf93896-5abf-403c-99a8-bb8ea43c9a14]
2024-06-22 13:32:26,667 [main] INFO  container.TestHelper (TestHelper.java:countReplicas(427)) - Container 1 has 3 replicas on [b47eb027-4b7a-4ddc-bf7f-0870758e0604, c511b233-3aa4-4954-9335-f5d54c64e497, fdf93896-5abf-403c-99a8-bb8ea43c9a14]
2024-06-22 13:32:26,867 [main] INFO  container.TestHelper (TestHelper.java:countReplicas(427)) - Container 1 has 3 replicas on [b47eb027-4b7a-4ddc-bf7f-0870758e0604, c511b233-3aa4-4954-9335-f5d54c64e497, fdf93896-5abf-403c-99a8-bb8ea43c9a14]
2024-06-22 13:32:27,044 [ReplicationMonitor] INFO  replication.ReplicationManager (ReplicationManager.java:processAll(402)) - Replication Monitor Thread took 0 milliseconds for processing 1 containers.
2024-06-22 13:32:27,068 [main] INFO  container.TestHelper (TestHelper.java:countReplicas(427)) - Container 1 has 3 replicas on [b47eb027-4b7a-4ddc-bf7f-0870758e0604, c511b233-3aa4-4954-9335-f5d54c64e497, fdf93896-5abf-403c-99a8-bb8ea43c9a14]
2024-06-22 13:32:27,268 [main] INFO  container.TestHelper (TestHelper.java:countReplicas(427)) - Container 1 has 3 replicas on [b47eb027-4b7a-4ddc-bf7f-0870758e0604, c511b233-3aa4-4954-9335-f5d54c64e497, fdf93896-5abf-403c-99a8-bb8ea43c9a14]
2024-06-22 13:32:27,468 [main] INFO  container.TestHelper (TestHelper.java:countReplicas(427)) - Container 1 has 3 replicas on [b47eb027-4b7a-4ddc-bf7f-0870758e0604, c511b233-3aa4-4954-9335-f5d54c64e497, fdf93896-5abf-403c-99a8-bb8ea43c9a14]
2024-06-22 13:32:27,669 [main] INFO  container.TestHelper (TestHelper.java:countReplicas(427)) - Container 1 has 3 replicas on [b47eb027-4b7a-4ddc-bf7f-0870758e0604, c511b233-3aa4-4954-9335-f5d54c64e497, fdf93896-5abf-403c-99a8-bb8ea43c9a14]
2024-06-22 13:32:27,869 [main] INFO  container.TestHelper (TestHelper.java:countReplicas(427)) - Container 1 has 3 replicas on [b47eb027-4b7a-4ddc-bf7f-0870758e0604, c511b233-3aa4-4954-9335-f5d54c64e497, fdf93896-5abf-403c-99a8-bb8ea43c9a14]
2024-06-22 13:32:28,045 [ReplicationMonitor] INFO  replication.ReplicationManager (ReplicationManager.java:processAll(402)) - Replication Monitor Thread took 1 milliseconds for processing 1 containers.
2024-06-22 13:32:28,070 [main] INFO  container.TestHelper (TestHelper.java:countReplicas(427)) - Container 1 has 3 replicas on [b47eb027-4b7a-4ddc-bf7f-0870758e0604, c511b233-3aa4-4954-9335-f5d54c64e497, fdf93896-5abf-403c-99a8-bb8ea43c9a14]
2024-06-22 13:32:28,270 [main] INFO  container.TestHelper (TestHelper.java:countReplicas(427)) - Container 1 has 3 replicas on [b47eb027-4b7a-4ddc-bf7f-0870758e0604, c511b233-3aa4-4954-9335-f5d54c64e497, fdf93896-5abf-403c-99a8-bb8ea43c9a14]
2024-06-22 13:32:28,470 [main] INFO  container.TestHelper (TestHelper.java:countReplicas(427)) - Container 1 has 3 replicas on [b47eb027-4b7a-4ddc-bf7f-0870758e0604, c511b233-3aa4-4954-9335-f5d54c64e497, fdf93896-5abf-403c-99a8-bb8ea43c9a14]
2024-06-22 13:32:28,671 [main] INFO  container.TestHelper (TestHelper.java:countReplicas(427)) - Container 1 has 3 replicas on [b47eb027-4b7a-4ddc-bf7f-0870758e0604, c511b233-3aa4-4954-9335-f5d54c64e497, fdf93896-5abf-403c-99a8-bb8ea43c9a14]
2024-06-22 13:32:28,871 [main] INFO  container.TestHelper (TestHelper.java:countReplicas(427)) - Container 1 has 3 replicas on [b47eb027-4b7a-4ddc-bf7f-0870758e0604, c511b233-3aa4-4954-9335-f5d54c64e497, fdf93896-5abf-403c-99a8-bb8ea43c9a14]
2024-06-22 13:32:29,045 [ReplicationMonitor] INFO  replication.ReplicationManager (ReplicationManager.java:processAll(402)) - Replication Monitor Thread took 0 milliseconds for processing 1 containers.
2024-06-22 13:32:29,071 [main] INFO  container.TestHelper (TestHelper.java:countReplicas(427)) - Container 1 has 3 replicas on [b47eb027-4b7a-4ddc-bf7f-0870758e0604, c511b233-3aa4-4954-9335-f5d54c64e497, fdf93896-5abf-403c-99a8-bb8ea43c9a14]
2024-06-22 13:32:29,272 [main] INFO  container.TestHelper (TestHelper.java:countReplicas(427)) - Container 1 has 3 replicas on [b47eb027-4b7a-4ddc-bf7f-0870758e0604, c511b233-3aa4-4954-9335-f5d54c64e497, fdf93896-5abf-403c-99a8-bb8ea43c9a14]
2024-06-22 13:32:29,472 [main] INFO  container.TestHelper (TestHelper.java:countReplicas(427)) - Container 1 has 3 replicas on [b47eb027-4b7a-4ddc-bf7f-0870758e0604, c511b233-3aa4-4954-9335-f5d54c64e497, fdf93896-5abf-403c-99a8-bb8ea43c9a14]
2024-06-22 13:32:29,673 [main] INFO  container.TestHelper (TestHelper.java:countReplicas(427)) - Container 1 has 3 replicas on [b47eb027-4b7a-4ddc-bf7f-0870758e0604, c511b233-3aa4-4954-9335-f5d54c64e497, fdf93896-5abf-403c-99a8-bb8ea43c9a14]
2024-06-22 13:32:29,873 [main] INFO  container.TestHelper (TestHelper.java:countReplicas(427)) - Container 1 has 3 replicas on [b47eb027-4b7a-4ddc-bf7f-0870758e0604, c511b233-3aa4-4954-9335-f5d54c64e497, fdf93896-5abf-403c-99a8-bb8ea43c9a14]
2024-06-22 13:32:30,046 [ReplicationMonitor] INFO  replication.ReplicationManager (ReplicationManager.java:processAll(402)) - Replication Monitor Thread took 0 milliseconds for processing 1 containers.
2024-06-22 13:32:30,073 [main] INFO  container.TestHelper (TestHelper.java:countReplicas(427)) - Container 1 has 3 replicas on [b47eb027-4b7a-4ddc-bf7f-0870758e0604, c511b233-3aa4-4954-9335-f5d54c64e497, fdf93896-5abf-403c-99a8-bb8ea43c9a14]
2024-06-22 13:32:30,274 [main] INFO  container.TestHelper (TestHelper.java:countReplicas(427)) - Container 1 has 3 replicas on [b47eb027-4b7a-4ddc-bf7f-0870758e0604, c511b233-3aa4-4954-9335-f5d54c64e497, fdf93896-5abf-403c-99a8-bb8ea43c9a14]
2024-06-22 13:32:30,474 [main] INFO  container.TestHelper (TestHelper.java:countReplicas(427)) - Container 1 has 3 replicas on [b47eb027-4b7a-4ddc-bf7f-0870758e0604, c511b233-3aa4-4954-9335-f5d54c64e497, fdf93896-5abf-403c-99a8-bb8ea43c9a14]
2024-06-22 13:32:30,675 [main] INFO  container.TestHelper (TestHelper.java:countReplicas(427)) - Container 1 has 3 replicas on [b47eb027-4b7a-4ddc-bf7f-0870758e0604, c511b233-3aa4-4954-9335-f5d54c64e497, fdf93896-5abf-403c-99a8-bb8ea43c9a14]
2024-06-22 13:32:30,875 [main] INFO  container.TestHelper (TestHelper.java:countReplicas(427)) - Container 1 has 3 replicas on [b47eb027-4b7a-4ddc-bf7f-0870758e0604, c511b233-3aa4-4954-9335-f5d54c64e497, fdf93896-5abf-403c-99a8-bb8ea43c9a14]
2024-06-22 13:32:31,047 [ReplicationMonitor] INFO  replication.ReplicationManager (ReplicationManager.java:processAll(402)) - Replication Monitor Thread took 1 milliseconds for processing 1 containers.
2024-06-22 13:32:31,075 [main] INFO  container.TestHelper (TestHelper.java:countReplicas(427)) - Container 1 has 3 replicas on [b47eb027-4b7a-4ddc-bf7f-0870758e0604, c511b233-3aa4-4954-9335-f5d54c64e497, fdf93896-5abf-403c-99a8-bb8ea43c9a14]
2024-06-22 13:32:31,276 [main] INFO  container.TestHelper (TestHelper.java:countReplicas(427)) - Container 1 has 3 replicas on [b47eb027-4b7a-4ddc-bf7f-0870758e0604, c511b233-3aa4-4954-9335-f5d54c64e497, fdf93896-5abf-403c-99a8-bb8ea43c9a14]
2024-06-22 13:32:31,476 [main] INFO  container.TestHelper (TestHelper.java:countReplicas(427)) - Container 1 has 3 replicas on [b47eb027-4b7a-4ddc-bf7f-0870758e0604, c511b233-3aa4-4954-9335-f5d54c64e497, fdf93896-5abf-403c-99a8-bb8ea43c9a14]
2024-06-22 13:32:31,677 [main] INFO  container.TestHelper (TestHelper.java:countReplicas(427)) - Container 1 has 3 replicas on [b47eb027-4b7a-4ddc-bf7f-0870758e0604, c511b233-3aa4-4954-9335-f5d54c64e497, fdf93896-5abf-403c-99a8-bb8ea43c9a14]
2024-06-22 13:32:31,877 [main] INFO  container.TestHelper (TestHelper.java:countReplicas(427)) - Container 1 has 3 replicas on [b47eb027-4b7a-4ddc-bf7f-0870758e0604, c511b233-3aa4-4954-9335-f5d54c64e497, fdf93896-5abf-403c-99a8-bb8ea43c9a14]
2024-06-22 13:32:32,047 [ReplicationMonitor] INFO  replication.ReplicationManager (ReplicationManager.java:processAll(402)) - Replication Monitor Thread took 0 milliseconds for processing 1 containers.
2024-06-22 13:32:32,077 [main] INFO  container.TestHelper (TestHelper.java:countReplicas(427)) - Container 1 has 3 replicas on [b47eb027-4b7a-4ddc-bf7f-0870758e0604, c511b233-3aa4-4954-9335-f5d54c64e497, fdf93896-5abf-403c-99a8-bb8ea43c9a14]
2024-06-22 13:32:32,278 [main] INFO  container.TestHelper (TestHelper.java:countReplicas(427)) - Container 1 has 3 replicas on [b47eb027-4b7a-4ddc-bf7f-0870758e0604, c511b233-3aa4-4954-9335-f5d54c64e497, fdf93896-5abf-403c-99a8-bb8ea43c9a14]
2024-06-22 13:32:32,478 [main] INFO  container.TestHelper (TestHelper.java:countReplicas(427)) - Container 1 has 3 replicas on [b47eb027-4b7a-4ddc-bf7f-0870758e0604, c511b233-3aa4-4954-9335-f5d54c64e497, fdf93896-5abf-403c-99a8-bb8ea43c9a14]
2024-06-22 13:32:32,679 [main] INFO  container.TestHelper (TestHelper.java:countReplicas(427)) - Container 1 has 3 replicas on [b47eb027-4b7a-4ddc-bf7f-0870758e0604, c511b233-3aa4-4954-9335-f5d54c64e497, fdf93896-5abf-403c-99a8-bb8ea43c9a14]
2024-06-22 13:32:32,879 [main] INFO  container.TestHelper (TestHelper.java:countReplicas(427)) - Container 1 has 3 replicas on [b47eb027-4b7a-4ddc-bf7f-0870758e0604, c511b233-3aa4-4954-9335-f5d54c64e497, fdf93896-5abf-403c-99a8-bb8ea43c9a14]
2024-06-22 13:32:33,048 [ReplicationMonitor] INFO  replication.ReplicationManager (ReplicationManager.java:processAll(402)) - Replication Monitor Thread took 1 milliseconds for processing 1 containers.
2024-06-22 13:32:33,079 [main] INFO  container.TestHelper (TestHelper.java:countReplicas(427)) - Container 1 has 3 replicas on [b47eb027-4b7a-4ddc-bf7f-0870758e0604, c511b233-3aa4-4954-9335-f5d54c64e497, fdf93896-5abf-403c-99a8-bb8ea43c9a14]
2024-06-22 13:32:33,280 [main] INFO  container.TestHelper (TestHelper.java:countReplicas(427)) - Container 1 has 3 replicas on [b47eb027-4b7a-4ddc-bf7f-0870758e0604, c511b233-3aa4-4954-9335-f5d54c64e497, fdf93896-5abf-403c-99a8-bb8ea43c9a14]
2024-06-22 13:32:33,480 [main] INFO  container.TestHelper (TestHelper.java:countReplicas(427)) - Container 1 has 3 replicas on [b47eb027-4b7a-4ddc-bf7f-0870758e0604, c511b233-3aa4-4954-9335-f5d54c64e497, fdf93896-5abf-403c-99a8-bb8ea43c9a14]
2024-06-22 13:32:33,680 [main] INFO  container.TestHelper (TestHelper.java:countReplicas(427)) - Container 1 has 3 replicas on [b47eb027-4b7a-4ddc-bf7f-0870758e0604, c511b233-3aa4-4954-9335-f5d54c64e497, fdf93896-5abf-403c-99a8-bb8ea43c9a14]
2024-06-22 13:32:33,881 [main] INFO  container.TestHelper (TestHelper.java:countReplicas(427)) - Container 1 has 3 replicas on [b47eb027-4b7a-4ddc-bf7f-0870758e0604, c511b233-3aa4-4954-9335-f5d54c64e497, fdf93896-5abf-403c-99a8-bb8ea43c9a14]
2024-06-22 13:32:34,048 [ReplicationMonitor] INFO  replication.ReplicationManager (ReplicationManager.java:processAll(402)) - Replication Monitor Thread took 0 milliseconds for processing 1 containers.
2024-06-22 13:32:34,081 [main] INFO  container.TestHelper (TestHelper.java:countReplicas(427)) - Container 1 has 3 replicas on [b47eb027-4b7a-4ddc-bf7f-0870758e0604, c511b233-3aa4-4954-9335-f5d54c64e497, fdf93896-5abf-403c-99a8-bb8ea43c9a14]
2024-06-22 13:32:34,281 [main] INFO  container.TestHelper (TestHelper.java:countReplicas(427)) - Container 1 has 3 replicas on [b47eb027-4b7a-4ddc-bf7f-0870758e0604, c511b233-3aa4-4954-9335-f5d54c64e497, fdf93896-5abf-403c-99a8-bb8ea43c9a14]
2024-06-22 13:32:34,482 [main] INFO  container.TestHelper (TestHelper.java:countReplicas(427)) - Container 1 has 3 replicas on [b47eb027-4b7a-4ddc-bf7f-0870758e0604, c511b233-3aa4-4954-9335-f5d54c64e497, fdf93896-5abf-403c-99a8-bb8ea43c9a14]
2024-06-22 13:32:34,682 [main] INFO  container.TestHelper (TestHelper.java:countReplicas(427)) - Container 1 has 3 replicas on [b47eb027-4b7a-4ddc-bf7f-0870758e0604, c511b233-3aa4-4954-9335-f5d54c64e497, fdf93896-5abf-403c-99a8-bb8ea43c9a14]
2024-06-22 13:32:34,883 [main] INFO  container.TestHelper (TestHelper.java:countReplicas(427)) - Container 1 has 3 replicas on [b47eb027-4b7a-4ddc-bf7f-0870758e0604, c511b233-3aa4-4954-9335-f5d54c64e497, fdf93896-5abf-403c-99a8-bb8ea43c9a14]
2024-06-22 13:32:35,049 [ReplicationMonitor] INFO  replication.ReplicationManager (ReplicationManager.java:processAll(402)) - Replication Monitor Thread took 1 milliseconds for processing 1 containers.
2024-06-22 13:32:35,083 [main] INFO  container.TestHelper (TestHelper.java:countReplicas(427)) - Container 1 has 3 replicas on [b47eb027-4b7a-4ddc-bf7f-0870758e0604, c511b233-3aa4-4954-9335-f5d54c64e497, fdf93896-5abf-403c-99a8-bb8ea43c9a14]
2024-06-22 13:32:35,283 [main] INFO  container.TestHelper (TestHelper.java:countReplicas(427)) - Container 1 has 3 replicas on [b47eb027-4b7a-4ddc-bf7f-0870758e0604, c511b233-3aa4-4954-9335-f5d54c64e497, fdf93896-5abf-403c-99a8-bb8ea43c9a14]
2024-06-22 13:32:35,484 [main] INFO  container.TestHelper (TestHelper.java:countReplicas(427)) - Container 1 has 3 replicas on [b47eb027-4b7a-4ddc-bf7f-0870758e0604, c511b233-3aa4-4954-9335-f5d54c64e497, fdf93896-5abf-403c-99a8-bb8ea43c9a14]
2024-06-22 13:32:35,684 [main] INFO  container.TestHelper (TestHelper.java:countReplicas(427)) - Container 1 has 3 replicas on [b47eb027-4b7a-4ddc-bf7f-0870758e0604, c511b233-3aa4-4954-9335-f5d54c64e497, fdf93896-5abf-403c-99a8-bb8ea43c9a14]
2024-06-22 13:32:35,885 [main] INFO  container.TestHelper (TestHelper.java:countReplicas(427)) - Container 1 has 3 replicas on [b47eb027-4b7a-4ddc-bf7f-0870758e0604, c511b233-3aa4-4954-9335-f5d54c64e497, fdf93896-5abf-403c-99a8-bb8ea43c9a14]
2024-06-22 13:32:36,049 [ReplicationMonitor] INFO  replication.ReplicationManager (ReplicationManager.java:processAll(402)) - Replication Monitor Thread took 0 milliseconds for processing 1 containers.
2024-06-22 13:32:36,085 [main] INFO  container.TestHelper (TestHelper.java:countReplicas(427)) - Container 1 has 3 replicas on [b47eb027-4b7a-4ddc-bf7f-0870758e0604, c511b233-3aa4-4954-9335-f5d54c64e497, fdf93896-5abf-403c-99a8-bb8ea43c9a14]
2024-06-22 13:32:36,285 [main] INFO  container.TestHelper (TestHelper.java:countReplicas(427)) - Container 1 has 3 replicas on [b47eb027-4b7a-4ddc-bf7f-0870758e0604, c511b233-3aa4-4954-9335-f5d54c64e497, fdf93896-5abf-403c-99a8-bb8ea43c9a14]
2024-06-22 13:32:36,486 [main] INFO  container.TestHelper (TestHelper.java:countReplicas(427)) - Container 1 has 3 replicas on [b47eb027-4b7a-4ddc-bf7f-0870758e0604, c511b233-3aa4-4954-9335-f5d54c64e497, fdf93896-5abf-403c-99a8-bb8ea43c9a14]
2024-06-22 13:32:36,686 [main] INFO  container.TestHelper (TestHelper.java:countReplicas(427)) - Container 1 has 3 replicas on [b47eb027-4b7a-4ddc-bf7f-0870758e0604, c511b233-3aa4-4954-9335-f5d54c64e497, fdf93896-5abf-403c-99a8-bb8ea43c9a14]
2024-06-22 13:32:36,886 [main] INFO  container.TestHelper (TestHelper.java:countReplicas(427)) - Container 1 has 3 replicas on [b47eb027-4b7a-4ddc-bf7f-0870758e0604, c511b233-3aa4-4954-9335-f5d54c64e497, fdf93896-5abf-403c-99a8-bb8ea43c9a14]
2024-06-22 13:32:37,050 [ReplicationMonitor] INFO  replication.ReplicationManager (ReplicationManager.java:processAll(402)) - Replication Monitor Thread took 0 milliseconds for processing 1 containers.
2024-06-22 13:32:37,087 [main] INFO  container.TestHelper (TestHelper.java:countReplicas(427)) - Container 1 has 3 replicas on [b47eb027-4b7a-4ddc-bf7f-0870758e0604, c511b233-3aa4-4954-9335-f5d54c64e497, fdf93896-5abf-403c-99a8-bb8ea43c9a14]
2024-06-22 13:32:37,287 [main] INFO  container.TestHelper (TestHelper.java:countReplicas(427)) - Container 1 has 3 replicas on [b47eb027-4b7a-4ddc-bf7f-0870758e0604, c511b233-3aa4-4954-9335-f5d54c64e497, fdf93896-5abf-403c-99a8-bb8ea43c9a14]
2024-06-22 13:32:37,487 [main] INFO  container.TestHelper (TestHelper.java:countReplicas(427)) - Container 1 has 3 replicas on [b47eb027-4b7a-4ddc-bf7f-0870758e0604, c511b233-3aa4-4954-9335-f5d54c64e497, fdf93896-5abf-403c-99a8-bb8ea43c9a14]
2024-06-22 13:32:37,688 [main] INFO  container.TestHelper (TestHelper.java:countReplicas(427)) - Container 1 has 3 replicas on [b47eb027-4b7a-4ddc-bf7f-0870758e0604, c511b233-3aa4-4954-9335-f5d54c64e497, fdf93896-5abf-403c-99a8-bb8ea43c9a14]
2024-06-22 13:32:37,888 [main] INFO  container.TestHelper (TestHelper.java:countReplicas(427)) - Container 1 has 3 replicas on [b47eb027-4b7a-4ddc-bf7f-0870758e0604, c511b233-3aa4-4954-9335-f5d54c64e497, fdf93896-5abf-403c-99a8-bb8ea43c9a14]
2024-06-22 13:32:38,051 [ReplicationMonitor] INFO  replication.ReplicationManager (ReplicationManager.java:processAll(402)) - Replication Monitor Thread took 1 milliseconds for processing 1 containers.
2024-06-22 13:32:38,089 [main] INFO  container.TestHelper (TestHelper.java:countReplicas(427)) - Container 1 has 3 replicas on [b47eb027-4b7a-4ddc-bf7f-0870758e0604, c511b233-3aa4-4954-9335-f5d54c64e497, fdf93896-5abf-403c-99a8-bb8ea43c9a14]
2024-06-22 13:32:38,122 [main] INFO  ozone.MiniOzoneClusterImpl (MiniOzoneClusterImpl.java:shutdown(396)) - Shutting down the Mini Ozone Cluster
2024-06-22 13:32:38,123 [main] INFO  db.CodecTestUtil (CodecTestUtil.java:gc(50)) - gc 0
2024-06-22 13:32:38,278 [main] INFO  ozone.MiniOzoneClusterImpl (MiniOzoneClusterImpl.java:stop(412)) - Stopping the Mini Ozone Cluster
2024-06-22 13:32:38,279 [main] INFO  om.OzoneManager (OzoneManager.java:stop(2232)) - om1[localhost:15004]: Stopping Ozone Manager
2024-06-22 13:32:38,279 [main] INFO  ipc.Server (Server.java:stop(3523)) - Stopping server on 15004
2024-06-22 13:32:38,281 [IPC Server listener on 15004] INFO  ipc.Server (Server.java:run(1434)) - Stopping IPC Server listener on 15004
2024-06-22 13:32:38,281 [IPC Server Responder] INFO  ipc.Server (Server.java:run(1567)) - Stopping IPC Server Responder
2024-06-22 13:32:38,281 [main] INFO  ratis.OzoneManagerRatisServer (OzoneManagerRatisServer.java:stop(600)) - Stopping org.apache.hadoop.ozone.om.ratis.OzoneManagerRatisServer@a9c51ea at port 15007
2024-06-22 13:32:38,281 [main] INFO  server.RaftServer (RaftServerProxy.java:lambda$close$9(416)) - om1: close
2024-06-22 13:32:38,282 [main] INFO  server.GrpcService (GrpcService.java:closeImpl(311)) - om1: shutdown server GrpcServerProtocolService now
2024-06-22 13:32:38,282 [om1-impl-thread1] INFO  server.RaftServer$Division (RaftServerImpl.java:lambda$close$3(526)) - om1@group-C5BA1605619E: shutdown
2024-06-22 13:32:38,282 [om1-impl-thread1] INFO  util.JmxRegister (JmxRegister.java:unregister(73)) - Successfully un-registered JMX Bean with object name Ratis:service=RaftServer,group=group-C5BA1605619E,id=om1
2024-06-22 13:32:38,282 [om1-impl-thread1] INFO  impl.RoleInfo (RoleInfo.java:shutdownLeaderState(94)) - om1: shutdown om1@group-C5BA1605619E-LeaderStateImpl
2024-06-22 13:32:38,282 [om1-impl-thread1] INFO  impl.PendingRequests (PendingRequests.java:sendNotLeaderResponses(289)) - om1@group-C5BA1605619E-PendingRequests: sendNotLeaderResponses
2024-06-22 13:32:38,282 [om1-impl-thread1] INFO  impl.StateMachineUpdater (StateMachineUpdater.java:stopAndJoin(157)) - om1@group-C5BA1605619E-StateMachineUpdater: set stopIndex = 8
2024-06-22 13:32:38,283 [om1@group-C5BA1605619E-StateMachineUpdater] INFO  ratis.OzoneManagerStateMachine (OzoneManagerStateMachine.java:takeSnapshotImpl(481)) -  applied = (t:1, i:8)
2024-06-22 13:32:38,283 [om1@group-C5BA1605619E-StateMachineUpdater] INFO  ratis.OzoneManagerStateMachine (OzoneManagerStateMachine.java:takeSnapshotImpl(482)) -  skipped = 7
2024-06-22 13:32:38,283 [om1@group-C5BA1605619E-StateMachineUpdater] INFO  ratis.OzoneManagerStateMachine (OzoneManagerStateMachine.java:takeSnapshotImpl(483)) - notified = (t:1, i:8)
2024-06-22 13:32:38,283 [om1@group-C5BA1605619E-StateMachineUpdater] INFO  ratis.OzoneManagerStateMachine (OzoneManagerStateMachine.java:takeSnapshotImpl(484)) - snapshot = (t:1, i:8)
2024-06-22 13:32:38,286 [main] INFO  server.GrpcService (GrpcService.java:closeImpl(320)) - om1: shutdown server GrpcServerProtocolService successfully
2024-06-22 13:32:38,309 [om1@group-C5BA1605619E-StateMachineUpdater] INFO  impl.StateMachineUpdater (StateMachineUpdater.java:takeSnapshot(295)) - om1@group-C5BA1605619E-StateMachineUpdater: Took a snapshot at index 8
2024-06-22 13:32:38,309 [om1@group-C5BA1605619E-StateMachineUpdater] INFO  impl.StateMachineUpdater (StateMachineUpdater.java:lambda$new$0(98)) - om1@group-C5BA1605619E-StateMachineUpdater: snapshotIndex: updateIncreasingly -1 -> 8
2024-06-22 13:32:38,310 [om1@group-C5BA1605619E-StateMachineUpdater] INFO  ratis.OzoneManagerStateMachine (OzoneManagerStateMachine.java:close(527)) - Stopping OzoneManagerStateMachine:om1:group-C5BA1605619E.
2024-06-22 13:32:38,310 [om1@group-C5BA1605619E-StateMachineUpdater] INFO  ratis.OzoneManagerDoubleBuffer (OzoneManagerDoubleBuffer.java:stopDaemon(517)) - Stopping OMDoubleBuffer flush thread
2024-06-22 13:32:38,310 [om1-OMDoubleBufferFlushThread] INFO  ratis.OzoneManagerDoubleBuffer (OzoneManagerDoubleBuffer.java:canFlush(581)) - OMDoubleBuffer flush thread om1-OMDoubleBufferFlushThread is interrupted and will exit.
2024-06-22 13:32:38,310 [om1-impl-thread1] INFO  server.RaftServer$Division (ServerState.java:close(427)) - om1@group-C5BA1605619E: applyIndex: 8
2024-06-22 13:32:38,310 [om1@group-C5BA1605619E-cacheEviction-AwaitToRun] INFO  util.AwaitToRun (AwaitToRun.java:run(49)) - om1@group-C5BA1605619E-cacheEviction-AwaitToRun-AwaitForSignal is interrupted
2024-06-22 13:32:38,804 [om1-impl-thread1] INFO  segmented.SegmentedRaftLogWorker (SegmentedRaftLogWorker.java:close(245)) - om1@group-C5BA1605619E-SegmentedRaftLogWorker close()
2024-06-22 13:32:38,804 [JvmPauseMonitor1] INFO  util.JvmPauseMonitor (JvmPauseMonitor.java:run(152)) - JvmPauseMonitor-om1: Stopped
2024-06-22 13:32:38,805 [main] INFO  utils.BackgroundService (BackgroundService.java:shutdown(160)) - Shutting down service KeyDeletingService
2024-06-22 13:32:38,805 [main] INFO  utils.BackgroundService (BackgroundService.java:shutdown(160)) - Shutting down service DirectoryDeletingService
2024-06-22 13:32:38,805 [main] INFO  utils.BackgroundService (BackgroundService.java:shutdown(160)) - Shutting down service OpenKeyCleanupService
2024-06-22 13:32:38,805 [main] INFO  utils.BackgroundService (BackgroundService.java:shutdown(160)) - Shutting down service SstFilteringService
2024-06-22 13:32:38,805 [main] INFO  utils.BackgroundService (BackgroundService.java:shutdown(160)) - Shutting down service SnapshotDeletingService
2024-06-22 13:32:38,806 [main] INFO  utils.BackgroundService (BackgroundService.java:shutdown(160)) - Shutting down service MultipartUploadCleanupService
2024-06-22 13:32:38,806 [main] INFO  utils.BackgroundService (BackgroundService.java:shutdown(160)) - Shutting down service SnapshotDirectoryCleaningService
2024-06-22 13:32:38,806 [main] INFO  handler.ContextHandler (ContextHandler.java:doStop(1159)) - Stopped o.e.j.w.WebAppContext@410308ff{ozoneManager,/,null,STOPPED}{file:/home/runner/work/ozone/ozone/hadoop-ozone/integration-test/target/test-classes/webapps/ozoneManager}
2024-06-22 13:32:38,807 [main] INFO  server.AbstractConnector (AbstractConnector.java:doStop(383)) - Stopped ServerConnector@19adcb41{HTTP/1.1, (http/1.1)}{0.0.0.0:15005}
2024-06-22 13:32:38,807 [main] INFO  server.session (HouseKeeper.java:stopScavenging(149)) - node0 Stopped scavenging
2024-06-22 13:32:38,807 [main] INFO  handler.ContextHandler (ContextHandler.java:doStop(1159)) - Stopped o.e.j.s.ServletContextHandler@3b89f41a{static,/static,file:///home/runner/work/ozone/ozone/hadoop-ozone/integration-test/target/test-classes/webapps/static,STOPPED}
2024-06-22 13:32:38,808 [main] INFO  handler.ContextHandler (ContextHandler.java:doStop(1159)) - Stopped o.e.j.s.ServletContextHandler@4305b87e{logs,/logs,file:///home/runner/work/ozone/ozone/hadoop-ozone/integration-test/target/log,STOPPED}
2024-06-22 13:32:38,808 [main] INFO  rocksdiff.RocksDBCheckpointDiffer (RocksDBCheckpointDiffer.java:close(306)) - Shutting down CompactionDagPruningService.
2024-06-22 13:32:38,810 [main] INFO  snapshot.SnapshotDiffManager (SnapshotDiffManager.java:closeExecutorService(1657)) - Shutting down executorService: 'SnapDiffExecutor'
2024-06-22 13:32:38,811 [main] INFO  utils.BackgroundService (BackgroundService.java:shutdown(160)) - Shutting down service SnapshotDiffCleanupService
2024-06-22 13:32:38,812 [main] INFO  ozone.MiniOzoneClusterImpl (MiniOzoneClusterImpl.java:stopDatanodes(471)) - Stopping the HddsDatanodes
2024-06-22 13:32:38,814 [ForkJoinPool.commonPool-worker-1] INFO  ozoneimpl.OzoneContainer (OzoneContainer.java:stop(481)) - Attempting to stop container services.
2024-06-22 13:32:38,814 [ContainerMetadataScanner] WARN  ozoneimpl.AbstractBackgroundContainerScanner (AbstractBackgroundContainerScanner.java:handleRemainingSleep(134)) - Background container scan was interrupted.
2024-06-22 13:32:38,815 [ForkJoinPool.commonPool-worker-2] INFO  ozoneimpl.OzoneContainer (OzoneContainer.java:stop(481)) - Attempting to stop container services.
2024-06-22 13:32:38,815 [ContainerMetadataScanner] INFO  ozoneimpl.AbstractBackgroundContainerScanner (AbstractBackgroundContainerScanner.java:run(61)) - Thread[ContainerMetadataScanner,5,main] exiting.
2024-06-22 13:32:38,815 [ForkJoinPool.commonPool-worker-1] INFO  ozoneimpl.BackgroundContainerDataScanner (BackgroundContainerDataScanner.java:shutdown(141)) - ContainerDataScanner(/home/runner/work/ozone/ozone/hadoop-ozone/integration-test/target/test-dir/MiniOzoneClusterImpl-ed78929e-9b9e-4304-bdcd-e93070d12e9d/ozone-meta/datanode-1/data-0/hdds) is shutting down. 
2024-06-22 13:32:38,815 [ContainerDataScanner(/home/runner/work/ozone/ozone/hadoop-ozone/integration-test/target/test-dir/MiniOzoneClusterImpl-ed78929e-9b9e-4304-bdcd-e93070d12e9d/ozone-meta/datanode-1/data-0/hdds)] WARN  ozoneimpl.AbstractBackgroundContainerScanner (AbstractBackgroundContainerScanner.java:handleRemainingSleep(134)) - Background container scan was interrupted.
2024-06-22 13:32:38,815 [ContainerMetadataScanner] WARN  ozoneimpl.AbstractBackgroundContainerScanner (AbstractBackgroundContainerScanner.java:handleRemainingSleep(134)) - Background container scan was interrupted.
2024-06-22 13:32:38,816 [ContainerMetadataScanner] INFO  ozoneimpl.AbstractBackgroundContainerScanner (AbstractBackgroundContainerScanner.java:run(61)) - Thread[ContainerMetadataScanner,5,main] exiting.
2024-06-22 13:32:38,816 [ForkJoinPool.commonPool-worker-2] INFO  ozoneimpl.BackgroundContainerDataScanner (BackgroundContainerDataScanner.java:shutdown(141)) - ContainerDataScanner(/home/runner/work/ozone/ozone/hadoop-ozone/integration-test/target/test-dir/MiniOzoneClusterImpl-ed78929e-9b9e-4304-bdcd-e93070d12e9d/ozone-meta/datanode-2/data-0/hdds) is shutting down. 
2024-06-22 13:32:38,816 [ContainerDataScanner(/home/runner/work/ozone/ozone/hadoop-ozone/integration-test/target/test-dir/MiniOzoneClusterImpl-ed78929e-9b9e-4304-bdcd-e93070d12e9d/ozone-meta/datanode-2/data-0/hdds)] WARN  ozoneimpl.AbstractBackgroundContainerScanner (AbstractBackgroundContainerScanner.java:handleRemainingSleep(134)) - Background container scan was interrupted.
2024-06-22 13:32:38,816 [ContainerDataScanner(/home/runner/work/ozone/ozone/hadoop-ozone/integration-test/target/test-dir/MiniOzoneClusterImpl-ed78929e-9b9e-4304-bdcd-e93070d12e9d/ozone-meta/datanode-2/data-0/hdds)] INFO  ozoneimpl.AbstractBackgroundContainerScanner (AbstractBackgroundContainerScanner.java:run(61)) - ContainerDataScanner(/home/runner/work/ozone/ozone/hadoop-ozone/integration-test/target/test-dir/MiniOzoneClusterImpl-ed78929e-9b9e-4304-bdcd-e93070d12e9d/ozone-meta/datanode-2/data-0/hdds, DS-7de87680-360f-44c2-8eed-eb86cd310c28) exiting.
2024-06-22 13:32:38,816 [ContainerDataScanner(/home/runner/work/ozone/ozone/hadoop-ozone/integration-test/target/test-dir/MiniOzoneClusterImpl-ed78929e-9b9e-4304-bdcd-e93070d12e9d/ozone-meta/datanode-1/data-0/hdds)] INFO  ozoneimpl.AbstractBackgroundContainerScanner (AbstractBackgroundContainerScanner.java:run(61)) - ContainerDataScanner(/home/runner/work/ozone/ozone/hadoop-ozone/integration-test/target/test-dir/MiniOzoneClusterImpl-ed78929e-9b9e-4304-bdcd-e93070d12e9d/ozone-meta/datanode-1/data-0/hdds, DS-dd9ad6de-a157-463d-a53e-4eb42a5603ad) exiting.
2024-06-22 13:32:38,816 [ForkJoinPool.commonPool-worker-2] INFO  server.RaftServer (RaftServerProxy.java:lambda$close$9(416)) - fdf93896-5abf-403c-99a8-bb8ea43c9a14: close
2024-06-22 13:32:38,817 [fdf93896-5abf-403c-99a8-bb8ea43c9a14-impl-thread1] INFO  server.RaftServer$Division (RaftServerImpl.java:lambda$close$3(526)) - fdf93896-5abf-403c-99a8-bb8ea43c9a14@group-39932C3C694B: shutdown
2024-06-22 13:32:38,817 [fdf93896-5abf-403c-99a8-bb8ea43c9a14-impl-thread1] INFO  util.JmxRegister (JmxRegister.java:unregister(73)) - Successfully un-registered JMX Bean with object name Ratis:service=RaftServer,group=group-39932C3C694B,id=fdf93896-5abf-403c-99a8-bb8ea43c9a14
2024-06-22 13:32:38,818 [fdf93896-5abf-403c-99a8-bb8ea43c9a14-impl-thread1] INFO  impl.RoleInfo (RoleInfo.java:shutdownLeaderState(94)) - fdf93896-5abf-403c-99a8-bb8ea43c9a14: shutdown fdf93896-5abf-403c-99a8-bb8ea43c9a14@group-39932C3C694B-LeaderStateImpl
2024-06-22 13:32:38,818 [fdf93896-5abf-403c-99a8-bb8ea43c9a14-impl-thread1] INFO  impl.PendingRequests (PendingRequests.java:sendNotLeaderResponses(289)) - fdf93896-5abf-403c-99a8-bb8ea43c9a14@group-39932C3C694B-PendingRequests: sendNotLeaderResponses
2024-06-22 13:32:38,818 [fdf93896-5abf-403c-99a8-bb8ea43c9a14@group-39932C3C694B->b47eb027-4b7a-4ddc-bf7f-0870758e0604-GrpcLogAppender-LogAppenderDaemon] WARN  server.GrpcLogAppender (GrpcLogAppender.java:mayWait(289)) - fdf93896-5abf-403c-99a8-bb8ea43c9a14@group-39932C3C694B->b47eb027-4b7a-4ddc-bf7f-0870758e0604-GrpcLogAppender: Wait interrupted by java.lang.InterruptedException
2024-06-22 13:32:38,818 [fdf93896-5abf-403c-99a8-bb8ea43c9a14-impl-thread2] INFO  server.RaftServer$Division (RaftServerImpl.java:lambda$close$3(526)) - fdf93896-5abf-403c-99a8-bb8ea43c9a14@group-B33C5E379CF8: shutdown
2024-06-22 13:32:38,818 [fdf93896-5abf-403c-99a8-bb8ea43c9a14-impl-thread2] INFO  util.JmxRegister (JmxRegister.java:unregister(73)) - Successfully un-registered JMX Bean with object name Ratis:service=RaftServer,group=group-B33C5E379CF8,id=fdf93896-5abf-403c-99a8-bb8ea43c9a14
2024-06-22 13:32:38,818 [fdf93896-5abf-403c-99a8-bb8ea43c9a14-impl-thread2] INFO  impl.RoleInfo (RoleInfo.java:shutdownFollowerState(110)) - fdf93896-5abf-403c-99a8-bb8ea43c9a14: shutdown fdf93896-5abf-403c-99a8-bb8ea43c9a14@group-B33C5E379CF8-FollowerState
2024-06-22 13:32:38,818 [fdf93896-5abf-403c-99a8-bb8ea43c9a14-impl-thread2] INFO  impl.StateMachineUpdater (StateMachineUpdater.java:stopAndJoin(157)) - fdf93896-5abf-403c-99a8-bb8ea43c9a14@group-B33C5E379CF8-StateMachineUpdater: set stopIndex = 0
2024-06-22 13:32:38,819 [fdf93896-5abf-403c-99a8-bb8ea43c9a14@group-B33C5E379CF8-FollowerState] INFO  impl.FollowerState (FollowerState.java:run(152)) - fdf93896-5abf-403c-99a8-bb8ea43c9a14@group-B33C5E379CF8-FollowerState was interrupted
2024-06-22 13:32:38,819 [ForkJoinPool.commonPool-worker-1] INFO  server.RaftServer (RaftServerProxy.java:lambda$close$9(416)) - c511b233-3aa4-4954-9335-f5d54c64e497: close
2024-06-22 13:32:38,819 [c511b233-3aa4-4954-9335-f5d54c64e497-impl-thread1] INFO  server.RaftServer$Division (RaftServerImpl.java:lambda$close$3(526)) - c511b233-3aa4-4954-9335-f5d54c64e497@group-39932C3C694B: shutdown
2024-06-22 13:32:38,819 [c511b233-3aa4-4954-9335-f5d54c64e497-impl-thread1] INFO  util.JmxRegister (JmxRegister.java:unregister(73)) - Successfully un-registered JMX Bean with object name Ratis:service=RaftServer,group=group-39932C3C694B,id=c511b233-3aa4-4954-9335-f5d54c64e497
2024-06-22 13:32:38,819 [c511b233-3aa4-4954-9335-f5d54c64e497-impl-thread1] INFO  impl.RoleInfo (RoleInfo.java:shutdownFollowerState(110)) - c511b233-3aa4-4954-9335-f5d54c64e497: shutdown c511b233-3aa4-4954-9335-f5d54c64e497@group-39932C3C694B-FollowerState
2024-06-22 13:32:38,819 [c511b233-3aa4-4954-9335-f5d54c64e497-impl-thread1] INFO  impl.StateMachineUpdater (StateMachineUpdater.java:stopAndJoin(157)) - c511b233-3aa4-4954-9335-f5d54c64e497@group-39932C3C694B-StateMachineUpdater: set stopIndex = 0
2024-06-22 13:32:38,819 [c511b233-3aa4-4954-9335-f5d54c64e497@group-39932C3C694B-FollowerState] INFO  impl.FollowerState (FollowerState.java:run(152)) - c511b233-3aa4-4954-9335-f5d54c64e497@group-39932C3C694B-FollowerState was interrupted
2024-06-22 13:32:38,819 [main] INFO  ozoneimpl.OzoneContainer (OzoneContainer.java:stop(481)) - Attempting to stop container services.
2024-06-22 13:32:38,820 [ContainerMetadataScanner] WARN  ozoneimpl.AbstractBackgroundContainerScanner (AbstractBackgroundContainerScanner.java:handleRemainingSleep(134)) - Background container scan was interrupted.
2024-06-22 13:32:38,820 [ContainerMetadataScanner] INFO  ozoneimpl.AbstractBackgroundContainerScanner (AbstractBackgroundContainerScanner.java:run(61)) - Thread[ContainerMetadataScanner,5,main] exiting.
2024-06-22 13:32:38,820 [main] INFO  ozoneimpl.BackgroundContainerDataScanner (BackgroundContainerDataScanner.java:shutdown(141)) - ContainerDataScanner(/home/runner/work/ozone/ozone/hadoop-ozone/integration-test/target/test-dir/MiniOzoneClusterImpl-ed78929e-9b9e-4304-bdcd-e93070d12e9d/ozone-meta/datanode-3/data-0/hdds) is shutting down. 
2024-06-22 13:32:38,820 [ContainerDataScanner(/home/runner/work/ozone/ozone/hadoop-ozone/integration-test/target/test-dir/MiniOzoneClusterImpl-ed78929e-9b9e-4304-bdcd-e93070d12e9d/ozone-meta/datanode-3/data-0/hdds)] WARN  ozoneimpl.AbstractBackgroundContainerScanner (AbstractBackgroundContainerScanner.java:handleRemainingSleep(134)) - Background container scan was interrupted.
2024-06-22 13:32:38,820 [ContainerDataScanner(/home/runner/work/ozone/ozone/hadoop-ozone/integration-test/target/test-dir/MiniOzoneClusterImpl-ed78929e-9b9e-4304-bdcd-e93070d12e9d/ozone-meta/datanode-3/data-0/hdds)] INFO  ozoneimpl.AbstractBackgroundContainerScanner (AbstractBackgroundContainerScanner.java:run(61)) - ContainerDataScanner(/home/runner/work/ozone/ozone/hadoop-ozone/integration-test/target/test-dir/MiniOzoneClusterImpl-ed78929e-9b9e-4304-bdcd-e93070d12e9d/ozone-meta/datanode-3/data-0/hdds, DS-a4f83017-cfc1-4761-b7ea-c8866f31be3d) exiting.
2024-06-22 13:32:38,820 [fdf93896-5abf-403c-99a8-bb8ea43c9a14@group-B33C5E379CF8-StateMachineUpdater] INFO  ratis.ContainerStateMachine (ContainerStateMachine.java:takeSnapshot(355)) - group-B33C5E379CF8: Taking a snapshot at:(t:1, i:0) file /home/runner/work/ozone/ozone/hadoop-ozone/integration-test/target/test-dir/MiniOzoneClusterImpl-ed78929e-9b9e-4304-bdcd-e93070d12e9d/ozone-meta/datanode-2/ratis/b956bdd5-41b8-45c8-8b94-b33c5e379cf8/sm/snapshot.1_0
2024-06-22 13:32:38,821 [c511b233-3aa4-4954-9335-f5d54c64e497@group-39932C3C694B-StateMachineUpdater] INFO  ratis.ContainerStateMachine (ContainerStateMachine.java:takeSnapshot(355)) - group-39932C3C694B: Taking a snapshot at:(t:1, i:0) file /home/runner/work/ozone/ozone/hadoop-ozone/integration-test/target/test-dir/MiniOzoneClusterImpl-ed78929e-9b9e-4304-bdcd-e93070d12e9d/ozone-meta/datanode-1/ratis/d4c8851d-4300-4327-9eb4-39932c3c694b/sm/snapshot.1_0
2024-06-22 13:32:38,818 [fdf93896-5abf-403c-99a8-bb8ea43c9a14@group-39932C3C694B->c511b233-3aa4-4954-9335-f5d54c64e497-GrpcLogAppender-LogAppenderDaemon] WARN  server.GrpcLogAppender (GrpcLogAppender.java:mayWait(289)) - fdf93896-5abf-403c-99a8-bb8ea43c9a14@group-39932C3C694B->c511b233-3aa4-4954-9335-f5d54c64e497-GrpcLogAppender: Wait interrupted by java.lang.InterruptedException
2024-06-22 13:32:38,821 [main] INFO  server.RaftServer (RaftServerProxy.java:lambda$close$9(416)) - b47eb027-4b7a-4ddc-bf7f-0870758e0604: close
2024-06-22 13:32:38,821 [grpc-default-executor-1] INFO  server.GrpcServerProtocolService (GrpcServerProtocolService.java:onCompleted(157)) - b47eb027-4b7a-4ddc-bf7f-0870758e0604: Completed APPEND_ENTRIES, lastRequest: fdf93896-5abf-403c-99a8-bb8ea43c9a14->b47eb027-4b7a-4ddc-bf7f-0870758e0604#1-t1,previous=(t:0, i:0),leaderCommit=-1,initializing? false,entries: size=1, first=(t:1, i:0), CONFIGURATIONENTRY(current:id: "b47eb027-4b7a-4ddc-bf7f-0870758e0604"
address: "127.0.0.1:15032"
dataStreamAddress: "127.0.0.1:15033"
clientAddress: "127.0.0.1:15030"
adminAddress: "127.0.0.1:15031"
startupRole: FOLLOWER
,id: "fdf93896-5abf-403c-99a8-bb8ea43c9a14"
address: "127.0.0.1:15023"
priority: 1
dataStreamAddress: "127.0.0.1:15024"
clientAddress: "127.0.0.1:15021"
adminAddress: "127.0.0.1:15022"
startupRole: FOLLOWER
,id: "c511b233-3aa4-4954-9335-f5d54c64e497"
address: "127.0.0.1:15014"
dataStreamAddress: "127.0.0.1:15015"
clientAddress: "127.0.0.1:15012"
adminAddress: "127.0.0.1:15013"
startupRole: FOLLOWER
, old:)
2024-06-22 13:32:38,820 [ForkJoinPool.commonPool-worker-3] INFO  ozoneimpl.OzoneContainer (OzoneContainer.java:stop(481)) - Attempting to stop container services.
2024-06-22 13:32:38,822 [grpc-default-executor-1] INFO  server.GrpcServerProtocolService (GrpcServerProtocolService.java:lambda$onCompleted$5(159)) - b47eb027-4b7a-4ddc-bf7f-0870758e0604: Completed APPEND_ENTRIES, lastReply: null
2024-06-22 13:32:38,822 [grpc-default-executor-5] INFO  server.GrpcServerProtocolService (GrpcServerProtocolService.java:onCompleted(157)) - c511b233-3aa4-4954-9335-f5d54c64e497: Completed APPEND_ENTRIES, lastRequest: fdf93896-5abf-403c-99a8-bb8ea43c9a14->c511b233-3aa4-4954-9335-f5d54c64e497#1-t1,previous=(t:0, i:0),leaderCommit=-1,initializing? false,entries: size=1, first=(t:1, i:0), CONFIGURATIONENTRY(current:id: "b47eb027-4b7a-4ddc-bf7f-0870758e0604"
address: "127.0.0.1:15032"
dataStreamAddress: "127.0.0.1:15033"
clientAddress: "127.0.0.1:15030"
adminAddress: "127.0.0.1:15031"
startupRole: FOLLOWER
,id: "fdf93896-5abf-403c-99a8-bb8ea43c9a14"
address: "127.0.0.1:15023"
priority: 1
dataStreamAddress: "127.0.0.1:15024"
clientAddress: "127.0.0.1:15021"
adminAddress: "127.0.0.1:15022"
startupRole: FOLLOWER
,id: "c511b233-3aa4-4954-9335-f5d54c64e497"
address: "127.0.0.1:15014"
dataStreamAddress: "127.0.0.1:15015"
clientAddress: "127.0.0.1:15012"
adminAddress: "127.0.0.1:15013"
startupRole: FOLLOWER
, old:)
2024-06-22 13:32:38,822 [grpc-default-executor-5] INFO  server.GrpcServerProtocolService (GrpcServerProtocolService.java:lambda$onCompleted$5(159)) - c511b233-3aa4-4954-9335-f5d54c64e497: Completed APPEND_ENTRIES, lastReply: null
2024-06-22 13:32:38,822 [b47eb027-4b7a-4ddc-bf7f-0870758e0604-impl-thread1] INFO  server.RaftServer$Division (RaftServerImpl.java:lambda$close$3(526)) - b47eb027-4b7a-4ddc-bf7f-0870758e0604@group-39932C3C694B: shutdown
2024-06-22 13:32:38,822 [b47eb027-4b7a-4ddc-bf7f-0870758e0604-impl-thread1] INFO  util.JmxRegister (JmxRegister.java:unregister(73)) - Successfully un-registered JMX Bean with object name Ratis:service=RaftServer,group=group-39932C3C694B,id=b47eb027-4b7a-4ddc-bf7f-0870758e0604
2024-06-22 13:32:38,822 [b47eb027-4b7a-4ddc-bf7f-0870758e0604-impl-thread1] INFO  impl.RoleInfo (RoleInfo.java:shutdownFollowerState(110)) - b47eb027-4b7a-4ddc-bf7f-0870758e0604: shutdown b47eb027-4b7a-4ddc-bf7f-0870758e0604@group-39932C3C694B-FollowerState
2024-06-22 13:32:38,823 [b47eb027-4b7a-4ddc-bf7f-0870758e0604-impl-thread1] INFO  impl.StateMachineUpdater (StateMachineUpdater.java:stopAndJoin(157)) - b47eb027-4b7a-4ddc-bf7f-0870758e0604@group-39932C3C694B-StateMachineUpdater: set stopIndex = 0
2024-06-22 13:32:38,823 [b47eb027-4b7a-4ddc-bf7f-0870758e0604@group-39932C3C694B-FollowerState] INFO  impl.FollowerState (FollowerState.java:run(152)) - b47eb027-4b7a-4ddc-bf7f-0870758e0604@group-39932C3C694B-FollowerState was interrupted
2024-06-22 13:32:38,823 [grpc-default-executor-5] INFO  server.GrpcServerProtocolService (GrpcServerProtocolService.java:onCompleted(157)) - c511b233-3aa4-4954-9335-f5d54c64e497: Completed APPEND_ENTRIES, lastRequest: null
2024-06-22 13:32:38,823 [fdf93896-5abf-403c-99a8-bb8ea43c9a14@group-B33C5E379CF8-StateMachineUpdater] INFO  ratis.ContainerStateMachine (ContainerStateMachine.java:takeSnapshot(366)) - group-B33C5E379CF8: Finished taking a snapshot at:(t:1, i:0) file:/home/runner/work/ozone/ozone/hadoop-ozone/integration-test/target/test-dir/MiniOzoneClusterImpl-ed78929e-9b9e-4304-bdcd-e93070d12e9d/ozone-meta/datanode-2/ratis/b956bdd5-41b8-45c8-8b94-b33c5e379cf8/sm/snapshot.1_0 took: 3 ms
2024-06-22 13:32:38,823 [fdf93896-5abf-403c-99a8-bb8ea43c9a14@group-B33C5E379CF8-StateMachineUpdater] INFO  impl.StateMachineUpdater (StateMachineUpdater.java:takeSnapshot(295)) - fdf93896-5abf-403c-99a8-bb8ea43c9a14@group-B33C5E379CF8-StateMachineUpdater: Took a snapshot at index 0
2024-06-22 13:32:38,823 [fdf93896-5abf-403c-99a8-bb8ea43c9a14@group-B33C5E379CF8-StateMachineUpdater] INFO  impl.StateMachineUpdater (StateMachineUpdater.java:lambda$new$0(98)) - fdf93896-5abf-403c-99a8-bb8ea43c9a14@group-B33C5E379CF8-StateMachineUpdater: snapshotIndex: updateIncreasingly -1 -> 0
2024-06-22 13:32:38,819 [grpc-default-executor-4] INFO  server.GrpcServerProtocolService (GrpcServerProtocolService.java:onCompleted(157)) - b47eb027-4b7a-4ddc-bf7f-0870758e0604: Completed APPEND_ENTRIES, lastRequest: null
2024-06-22 13:32:38,823 [c511b233-3aa4-4954-9335-f5d54c64e497@group-39932C3C694B-StateMachineUpdater] INFO  ratis.ContainerStateMachine (ContainerStateMachine.java:takeSnapshot(366)) - group-39932C3C694B: Finished taking a snapshot at:(t:1, i:0) file:/home/runner/work/ozone/ozone/hadoop-ozone/integration-test/target/test-dir/MiniOzoneClusterImpl-ed78929e-9b9e-4304-bdcd-e93070d12e9d/ozone-meta/datanode-1/ratis/d4c8851d-4300-4327-9eb4-39932c3c694b/sm/snapshot.1_0 took: 2 ms
2024-06-22 13:32:38,824 [fdf93896-5abf-403c-99a8-bb8ea43c9a14-impl-thread3] INFO  server.RaftServer$Division (RaftServerImpl.java:lambda$close$3(526)) - fdf93896-5abf-403c-99a8-bb8ea43c9a14@group-5B9310BC09E2: shutdown
2024-06-22 13:32:38,824 [fdf93896-5abf-403c-99a8-bb8ea43c9a14-impl-thread3] INFO  util.JmxRegister (JmxRegister.java:unregister(73)) - Successfully un-registered JMX Bean with object name Ratis:service=RaftServer,group=group-5B9310BC09E2,id=fdf93896-5abf-403c-99a8-bb8ea43c9a14
2024-06-22 13:32:38,824 [fdf93896-5abf-403c-99a8-bb8ea43c9a14-impl-thread3] INFO  impl.RoleInfo (RoleInfo.java:shutdownLeaderState(94)) - fdf93896-5abf-403c-99a8-bb8ea43c9a14: shutdown fdf93896-5abf-403c-99a8-bb8ea43c9a14@group-5B9310BC09E2-LeaderStateImpl
2024-06-22 13:32:38,824 [fdf93896-5abf-403c-99a8-bb8ea43c9a14-impl-thread3] INFO  impl.PendingRequests (PendingRequests.java:sendNotLeaderResponses(289)) - fdf93896-5abf-403c-99a8-bb8ea43c9a14@group-5B9310BC09E2-PendingRequests: sendNotLeaderResponses
2024-06-22 13:32:38,824 [grpc-default-executor-1] INFO  server.GrpcLogAppender (GrpcLogAppender.java:onCompleted(546)) - fdf93896-5abf-403c-99a8-bb8ea43c9a14@group-39932C3C694B->b47eb027-4b7a-4ddc-bf7f-0870758e0604-AppendLogResponseHandler: follower responses appendEntries COMPLETED
2024-06-22 13:32:38,825 [fdf93896-5abf-403c-99a8-bb8ea43c9a14@group-5B9310BC09E2-StateMachineUpdater] INFO  ratis.ContainerStateMachine (ContainerStateMachine.java:takeSnapshot(355)) - group-5B9310BC09E2: Taking a snapshot at:(t:1, i:0) file /home/runner/work/ozone/ozone/hadoop-ozone/integration-test/target/test-dir/MiniOzoneClusterImpl-ed78929e-9b9e-4304-bdcd-e93070d12e9d/ozone-meta/datanode-2/ratis/4ed428f0-b8d8-465b-8fad-5b9310bc09e2/sm/snapshot.1_0
2024-06-22 13:32:38,823 [b47eb027-4b7a-4ddc-bf7f-0870758e0604@group-39932C3C694B-StateMachineUpdater] INFO  ratis.ContainerStateMachine (ContainerStateMachine.java:takeSnapshot(355)) - group-39932C3C694B: Taking a snapshot at:(t:1, i:0) file /home/runner/work/ozone/ozone/hadoop-ozone/integration-test/target/test-dir/MiniOzoneClusterImpl-ed78929e-9b9e-4304-bdcd-e93070d12e9d/ozone-meta/datanode-3/ratis/d4c8851d-4300-4327-9eb4-39932c3c694b/sm/snapshot.1_0
2024-06-22 13:32:38,822 [ContainerMetadataScanner] WARN  ozoneimpl.AbstractBackgroundContainerScanner (AbstractBackgroundContainerScanner.java:handleRemainingSleep(134)) - Background container scan was interrupted.
2024-06-22 13:32:38,821 [fdf93896-5abf-403c-99a8-bb8ea43c9a14-impl-thread1] INFO  impl.StateMachineUpdater (StateMachineUpdater.java:stopAndJoin(157)) - fdf93896-5abf-403c-99a8-bb8ea43c9a14@group-39932C3C694B-StateMachineUpdater: set stopIndex = 0
2024-06-22 13:32:38,821 [fdf93896-5abf-403c-99a8-bb8ea43c9a14@group-39932C3C694B-StateMachineUpdater] INFO  ratis.ContainerStateMachine (ContainerStateMachine.java:takeSnapshot(355)) - group-39932C3C694B: Taking a snapshot at:(t:1, i:0) file /home/runner/work/ozone/ozone/hadoop-ozone/integration-test/target/test-dir/MiniOzoneClusterImpl-ed78929e-9b9e-4304-bdcd-e93070d12e9d/ozone-meta/datanode-2/ratis/d4c8851d-4300-4327-9eb4-39932c3c694b/sm/snapshot.1_0
2024-06-22 13:32:38,825 [grpc-default-executor-4] INFO  server.GrpcServerProtocolService (GrpcServerProtocolService.java:lambda$onCompleted$5(159)) - b47eb027-4b7a-4ddc-bf7f-0870758e0604: Completed APPEND_ENTRIES, lastReply: serverReply {
  requestorId: "fdf93896-5abf-403c-99a8-bb8ea43c9a14"
  replyId: "b47eb027-4b7a-4ddc-bf7f-0870758e0604"
  raftGroupId {
    id: "\324\310\205\035C\000C\'\236\2649\223,<iK"
  }
  callId: 17
  success: true
}
term: 1
nextIndex: 1
matchIndex: 18446744073709551615
isHearbeat: true

2024-06-22 13:32:38,825 [fdf93896-5abf-403c-99a8-bb8ea43c9a14-impl-thread3] INFO  impl.StateMachineUpdater (StateMachineUpdater.java:stopAndJoin(157)) - fdf93896-5abf-403c-99a8-bb8ea43c9a14@group-5B9310BC09E2-StateMachineUpdater: set stopIndex = 0
2024-06-22 13:32:38,825 [b47eb027-4b7a-4ddc-bf7f-0870758e0604@group-39932C3C694B-StateMachineUpdater] INFO  ratis.ContainerStateMachine (ContainerStateMachine.java:takeSnapshot(366)) - group-39932C3C694B: Finished taking a snapshot at:(t:1, i:0) file:/home/runner/work/ozone/ozone/hadoop-ozone/integration-test/target/test-dir/MiniOzoneClusterImpl-ed78929e-9b9e-4304-bdcd-e93070d12e9d/ozone-meta/datanode-3/ratis/d4c8851d-4300-4327-9eb4-39932c3c694b/sm/snapshot.1_0 took: 3 ms
2024-06-22 13:32:38,825 [grpc-default-executor-4] INFO  server.GrpcLogAppender (GrpcLogAppender.java:onCompleted(546)) - fdf93896-5abf-403c-99a8-bb8ea43c9a14@group-39932C3C694B->b47eb027-4b7a-4ddc-bf7f-0870758e0604-AppendLogResponseHandler: follower responses appendEntries COMPLETED
2024-06-22 13:32:38,826 [fdf93896-5abf-403c-99a8-bb8ea43c9a14@group-39932C3C694B-StateMachineUpdater] INFO  ratis.ContainerStateMachine (ContainerStateMachine.java:takeSnapshot(366)) - group-39932C3C694B: Finished taking a snapshot at:(t:1, i:0) file:/home/runner/work/ozone/ozone/hadoop-ozone/integration-test/target/test-dir/MiniOzoneClusterImpl-ed78929e-9b9e-4304-bdcd-e93070d12e9d/ozone-meta/datanode-2/ratis/d4c8851d-4300-4327-9eb4-39932c3c694b/sm/snapshot.1_0 took: 4 ms
2024-06-22 13:32:38,826 [fdf93896-5abf-403c-99a8-bb8ea43c9a14@group-39932C3C694B-StateMachineUpdater] INFO  impl.StateMachineUpdater (StateMachineUpdater.java:takeSnapshot(295)) - fdf93896-5abf-403c-99a8-bb8ea43c9a14@group-39932C3C694B-StateMachineUpdater: Took a snapshot at index 0
2024-06-22 13:32:38,826 [fdf93896-5abf-403c-99a8-bb8ea43c9a14@group-39932C3C694B-StateMachineUpdater] INFO  impl.StateMachineUpdater (StateMachineUpdater.java:lambda$new$0(98)) - fdf93896-5abf-403c-99a8-bb8ea43c9a14@group-39932C3C694B-StateMachineUpdater: snapshotIndex: updateIncreasingly -1 -> 0
2024-06-22 13:32:38,825 [grpc-default-executor-5] INFO  server.GrpcServerProtocolService (GrpcServerProtocolService.java:lambda$onCompleted$5(159)) - c511b233-3aa4-4954-9335-f5d54c64e497: Completed APPEND_ENTRIES, lastReply: serverReply {
  requestorId: "fdf93896-5abf-403c-99a8-bb8ea43c9a14"
  replyId: "c511b233-3aa4-4954-9335-f5d54c64e497"
  raftGroupId {
    id: "\324\310\205\035C\000C\'\236\2649\223,<iK"
  }
  callId: 18
  success: true
}
term: 1
nextIndex: 1
matchIndex: 18446744073709551615
isHearbeat: true

2024-06-22 13:32:38,824 [grpc-default-executor-2] INFO  server.GrpcLogAppender (GrpcLogAppender.java:onCompleted(546)) - fdf93896-5abf-403c-99a8-bb8ea43c9a14@group-39932C3C694B->c511b233-3aa4-4954-9335-f5d54c64e497-AppendLogResponseHandler: follower responses appendEntries COMPLETED
2024-06-22 13:32:38,824 [c511b233-3aa4-4954-9335-f5d54c64e497@group-39932C3C694B-StateMachineUpdater] INFO  impl.StateMachineUpdater (StateMachineUpdater.java:takeSnapshot(295)) - c511b233-3aa4-4954-9335-f5d54c64e497@group-39932C3C694B-StateMachineUpdater: Took a snapshot at index 0
2024-06-22 13:32:38,826 [c511b233-3aa4-4954-9335-f5d54c64e497@group-39932C3C694B-StateMachineUpdater] INFO  impl.StateMachineUpdater (StateMachineUpdater.java:lambda$new$0(98)) - c511b233-3aa4-4954-9335-f5d54c64e497@group-39932C3C694B-StateMachineUpdater: snapshotIndex: updateIncreasingly -1 -> 0
2024-06-22 13:32:38,824 [ForkJoinPool.commonPool-worker-2] INFO  server.GrpcService (GrpcService.java:closeImpl(311)) - fdf93896-5abf-403c-99a8-bb8ea43c9a14: shutdown server org.apache.ratis.grpc.server.GrpcClientProtocolService now
2024-06-22 13:32:38,826 [c511b233-3aa4-4954-9335-f5d54c64e497-impl-thread1] INFO  server.RaftServer$Division (ServerState.java:close(427)) - c511b233-3aa4-4954-9335-f5d54c64e497@group-39932C3C694B: applyIndex: 0
2024-06-22 13:32:38,827 [c511b233-3aa4-4954-9335-f5d54c64e497@group-39932C3C694B-cacheEviction-AwaitToRun] INFO  util.AwaitToRun (AwaitToRun.java:run(49)) - c511b233-3aa4-4954-9335-f5d54c64e497@group-39932C3C694B-cacheEviction-AwaitToRun-AwaitForSignal is interrupted
2024-06-22 13:32:38,827 [b47eb027-4b7a-4ddc-bf7f-0870758e0604@group-39932C3C694B-StateMachineUpdater] INFO  impl.StateMachineUpdater (StateMachineUpdater.java:takeSnapshot(295)) - b47eb027-4b7a-4ddc-bf7f-0870758e0604@group-39932C3C694B-StateMachineUpdater: Took a snapshot at index 0
2024-06-22 13:32:38,827 [b47eb027-4b7a-4ddc-bf7f-0870758e0604@group-39932C3C694B-StateMachineUpdater] INFO  impl.StateMachineUpdater (StateMachineUpdater.java:lambda$new$0(98)) - b47eb027-4b7a-4ddc-bf7f-0870758e0604@group-39932C3C694B-StateMachineUpdater: snapshotIndex: updateIncreasingly -1 -> 0
2024-06-22 13:32:38,827 [b47eb027-4b7a-4ddc-bf7f-0870758e0604-impl-thread2] INFO  server.RaftServer$Division (RaftServerImpl.java:lambda$close$3(526)) - b47eb027-4b7a-4ddc-bf7f-0870758e0604@group-B33C5E379CF8: shutdown
2024-06-22 13:32:38,827 [b47eb027-4b7a-4ddc-bf7f-0870758e0604-impl-thread1] INFO  server.RaftServer$Division (ServerState.java:close(427)) - b47eb027-4b7a-4ddc-bf7f-0870758e0604@group-39932C3C694B: applyIndex: 0
2024-06-22 13:32:38,824 [fdf93896-5abf-403c-99a8-bb8ea43c9a14-impl-thread2] INFO  server.RaftServer$Division (ServerState.java:close(427)) - fdf93896-5abf-403c-99a8-bb8ea43c9a14@group-B33C5E379CF8: applyIndex: 0
2024-06-22 13:32:38,827 [b47eb027-4b7a-4ddc-bf7f-0870758e0604@group-39932C3C694B-cacheEviction-AwaitToRun] INFO  util.AwaitToRun (AwaitToRun.java:run(49)) - b47eb027-4b7a-4ddc-bf7f-0870758e0604@group-39932C3C694B-cacheEviction-AwaitToRun-AwaitForSignal is interrupted
2024-06-22 13:32:38,827 [b47eb027-4b7a-4ddc-bf7f-0870758e0604-impl-thread2] INFO  util.JmxRegister (JmxRegister.java:unregister(73)) - Successfully un-registered JMX Bean with object name Ratis:service=RaftServer,group=group-B33C5E379CF8,id=b47eb027-4b7a-4ddc-bf7f-0870758e0604
2024-06-22 13:32:38,827 [fdf93896-5abf-403c-99a8-bb8ea43c9a14@group-B33C5E379CF8-cacheEviction-AwaitToRun] INFO  util.AwaitToRun (AwaitToRun.java:run(49)) - fdf93896-5abf-403c-99a8-bb8ea43c9a14@group-B33C5E379CF8-cacheEviction-AwaitToRun-AwaitForSignal is interrupted
2024-06-22 13:32:38,826 [c511b233-3aa4-4954-9335-f5d54c64e497-impl-thread3] INFO  server.RaftServer$Division (RaftServerImpl.java:lambda$close$3(526)) - c511b233-3aa4-4954-9335-f5d54c64e497@group-416D015375CF: shutdown
2024-06-22 13:32:38,828 [c511b233-3aa4-4954-9335-f5d54c64e497-impl-thread3] INFO  util.JmxRegister (JmxRegister.java:unregister(73)) - Successfully un-registered JMX Bean with object name Ratis:service=RaftServer,group=group-416D015375CF,id=c511b233-3aa4-4954-9335-f5d54c64e497
2024-06-22 13:32:38,828 [c511b233-3aa4-4954-9335-f5d54c64e497-impl-thread3] INFO  impl.RoleInfo (RoleInfo.java:shutdownLeaderState(94)) - c511b233-3aa4-4954-9335-f5d54c64e497: shutdown c511b233-3aa4-4954-9335-f5d54c64e497@group-416D015375CF-LeaderStateImpl
2024-06-22 13:32:38,828 [c511b233-3aa4-4954-9335-f5d54c64e497-impl-thread3] INFO  impl.PendingRequests (PendingRequests.java:sendNotLeaderResponses(289)) - c511b233-3aa4-4954-9335-f5d54c64e497@group-416D015375CF-PendingRequests: sendNotLeaderResponses
2024-06-22 13:32:38,828 [c511b233-3aa4-4954-9335-f5d54c64e497-impl-thread3] INFO  impl.StateMachineUpdater (StateMachineUpdater.java:stopAndJoin(157)) - c511b233-3aa4-4954-9335-f5d54c64e497@group-416D015375CF-StateMachineUpdater: set stopIndex = 0
2024-06-22 13:32:38,826 [ForkJoinPool.commonPool-worker-1] INFO  server.GrpcService (GrpcService.java:closeImpl(311)) - c511b233-3aa4-4954-9335-f5d54c64e497: shutdown server org.apache.ratis.grpc.server.GrpcClientProtocolService now
2024-06-22 13:32:38,826 [c511b233-3aa4-4954-9335-f5d54c64e497-impl-thread2] INFO  server.RaftServer$Division (RaftServerImpl.java:lambda$close$3(526)) - c511b233-3aa4-4954-9335-f5d54c64e497@group-B33C5E379CF8: shutdown
2024-06-22 13:32:38,829 [c511b233-3aa4-4954-9335-f5d54c64e497-impl-thread2] INFO  util.JmxRegister (JmxRegister.java:unregister(73)) - Successfully un-registered JMX Bean with object name Ratis:service=RaftServer,group=group-B33C5E379CF8,id=c511b233-3aa4-4954-9335-f5d54c64e497
2024-06-22 13:32:38,829 [c511b233-3aa4-4954-9335-f5d54c64e497-impl-thread2] INFO  impl.RoleInfo (RoleInfo.java:shutdownLeaderState(94)) - c511b233-3aa4-4954-9335-f5d54c64e497: shutdown c511b233-3aa4-4954-9335-f5d54c64e497@group-B33C5E379CF8-LeaderStateImpl
2024-06-22 13:32:38,829 [c511b233-3aa4-4954-9335-f5d54c64e497@group-416D015375CF-StateMachineUpdater] INFO  ratis.ContainerStateMachine (ContainerStateMachine.java:takeSnapshot(355)) - group-416D015375CF: Taking a snapshot at:(t:1, i:0) file /home/runner/work/ozone/ozone/hadoop-ozone/integration-test/target/test-dir/MiniOzoneClusterImpl-ed78929e-9b9e-4304-bdcd-e93070d12e9d/ozone-meta/datanode-1/ratis/fdf6ad23-aa6e-43b3-a4e5-416d015375cf/sm/snapshot.1_0
2024-06-22 13:32:38,829 [c511b233-3aa4-4954-9335-f5d54c64e497-impl-thread2] INFO  impl.PendingRequests (PendingRequests.java:sendNotLeaderResponses(289)) - c511b233-3aa4-4954-9335-f5d54c64e497@group-B33C5E379CF8-PendingRequests: sendNotLeaderResponses
2024-06-22 13:32:38,829 [c511b233-3aa4-4954-9335-f5d54c64e497@group-B33C5E379CF8->fdf93896-5abf-403c-99a8-bb8ea43c9a14-GrpcLogAppender-LogAppenderDaemon] WARN  server.GrpcLogAppender (GrpcLogAppender.java:mayWait(289)) - c511b233-3aa4-4954-9335-f5d54c64e497@group-B33C5E379CF8->fdf93896-5abf-403c-99a8-bb8ea43c9a14-GrpcLogAppender: Wait interrupted by java.lang.InterruptedException
2024-06-22 13:32:38,829 [grpc-default-executor-0] INFO  server.GrpcServerProtocolService (GrpcServerProtocolService.java:onCompleted(157)) - fdf93896-5abf-403c-99a8-bb8ea43c9a14: Completed APPEND_ENTRIES, lastRequest: null
2024-06-22 13:32:38,826 [fdf93896-5abf-403c-99a8-bb8ea43c9a14-impl-thread1] INFO  server.RaftServer$Division (ServerState.java:close(427)) - fdf93896-5abf-403c-99a8-bb8ea43c9a14@group-39932C3C694B: applyIndex: 0
2024-06-22 13:32:38,825 [ContainerMetadataScanner] INFO  ozoneimpl.AbstractBackgroundContainerScanner (AbstractBackgroundContainerScanner.java:run(61)) - Thread[ContainerMetadataScanner,5,main] exiting.
2024-06-22 13:32:38,830 [grpc-default-executor-0] INFO  server.GrpcServerProtocolService (GrpcServerProtocolService.java:lambda$onCompleted$5(159)) - fdf93896-5abf-403c-99a8-bb8ea43c9a14: Completed APPEND_ENTRIES, lastReply: serverReply {
  requestorId: "c511b233-3aa4-4954-9335-f5d54c64e497"
  replyId: "fdf93896-5abf-403c-99a8-bb8ea43c9a14"
  raftGroupId {
    id: "\271V\275\325A\270E\310\213\224\263<^7\234\370"
  }
  callId: 18
  success: true
}
term: 1
nextIndex: 1
matchIndex: 18446744073709551615
isHearbeat: true

2024-06-22 13:32:38,830 [fdf93896-5abf-403c-99a8-bb8ea43c9a14@group-39932C3C694B-cacheEviction-AwaitToRun] INFO  util.AwaitToRun (AwaitToRun.java:run(49)) - fdf93896-5abf-403c-99a8-bb8ea43c9a14@group-39932C3C694B-cacheEviction-AwaitToRun-AwaitForSignal is interrupted
2024-06-22 13:32:38,830 [ForkJoinPool.commonPool-worker-3] INFO  ozoneimpl.BackgroundContainerDataScanner (BackgroundContainerDataScanner.java:shutdown(141)) - ContainerDataScanner(/home/runner/work/ozone/ozone/hadoop-ozone/integration-test/target/test-dir/MiniOzoneClusterImpl-ed78929e-9b9e-4304-bdcd-e93070d12e9d/ozone-meta/datanode-4/data-0/hdds) is shutting down. 
2024-06-22 13:32:38,830 [ContainerDataScanner(/home/runner/work/ozone/ozone/hadoop-ozone/integration-test/target/test-dir/MiniOzoneClusterImpl-ed78929e-9b9e-4304-bdcd-e93070d12e9d/ozone-meta/datanode-4/data-0/hdds)] WARN  ozoneimpl.AbstractBackgroundContainerScanner (AbstractBackgroundContainerScanner.java:handleRemainingSleep(134)) - Background container scan was interrupted.
2024-06-22 13:32:38,830 [ContainerDataScanner(/home/runner/work/ozone/ozone/hadoop-ozone/integration-test/target/test-dir/MiniOzoneClusterImpl-ed78929e-9b9e-4304-bdcd-e93070d12e9d/ozone-meta/datanode-4/data-0/hdds)] INFO  ozoneimpl.AbstractBackgroundContainerScanner (AbstractBackgroundContainerScanner.java:run(61)) - ContainerDataScanner(/home/runner/work/ozone/ozone/hadoop-ozone/integration-test/target/test-dir/MiniOzoneClusterImpl-ed78929e-9b9e-4304-bdcd-e93070d12e9d/ozone-meta/datanode-4/data-0/hdds, DS-15f6d1e7-b08a-449e-b2a6-30cd9d595b2c) exiting.
2024-06-22 13:32:38,830 [ForkJoinPool.commonPool-worker-3] INFO  server.RaftServer (RaftServerProxy.java:lambda$close$9(416)) - 6d6fe673-47e6-46c0-a6fc-601f54cde379: close
2024-06-22 13:32:38,830 [ForkJoinPool.commonPool-worker-3] INFO  server.GrpcService (GrpcService.java:closeImpl(311)) - 6d6fe673-47e6-46c0-a6fc-601f54cde379: shutdown server org.apache.ratis.grpc.server.GrpcClientProtocolService now
2024-06-22 13:32:38,831 [6d6fe673-47e6-46c0-a6fc-601f54cde379-impl-thread1] INFO  server.RaftServer$Division (RaftServerImpl.java:lambda$close$3(526)) - 6d6fe673-47e6-46c0-a6fc-601f54cde379@group-41EB72E6D1FF: shutdown
2024-06-22 13:32:38,831 [6d6fe673-47e6-46c0-a6fc-601f54cde379-impl-thread1] INFO  util.JmxRegister (JmxRegister.java:unregister(73)) - Successfully un-registered JMX Bean with object name Ratis:service=RaftServer,group=group-41EB72E6D1FF,id=6d6fe673-47e6-46c0-a6fc-601f54cde379
2024-06-22 13:32:38,831 [6d6fe673-47e6-46c0-a6fc-601f54cde379-impl-thread1] INFO  impl.RoleInfo (RoleInfo.java:shutdownLeaderState(94)) - 6d6fe673-47e6-46c0-a6fc-601f54cde379: shutdown 6d6fe673-47e6-46c0-a6fc-601f54cde379@group-41EB72E6D1FF-LeaderStateImpl
2024-06-22 13:32:38,831 [6d6fe673-47e6-46c0-a6fc-601f54cde379-impl-thread1] INFO  impl.PendingRequests (PendingRequests.java:sendNotLeaderResponses(289)) - 6d6fe673-47e6-46c0-a6fc-601f54cde379@group-41EB72E6D1FF-PendingRequests: sendNotLeaderResponses
2024-06-22 13:32:38,831 [c511b233-3aa4-4954-9335-f5d54c64e497@group-416D015375CF-StateMachineUpdater] INFO  ratis.ContainerStateMachine (ContainerStateMachine.java:takeSnapshot(366)) - group-416D015375CF: Finished taking a snapshot at:(t:1, i:0) file:/home/runner/work/ozone/ozone/hadoop-ozone/integration-test/target/test-dir/MiniOzoneClusterImpl-ed78929e-9b9e-4304-bdcd-e93070d12e9d/ozone-meta/datanode-1/ratis/fdf6ad23-aa6e-43b3-a4e5-416d015375cf/sm/snapshot.1_0 took: 3 ms
2024-06-22 13:32:38,831 [c511b233-3aa4-4954-9335-f5d54c64e497@group-416D015375CF-StateMachineUpdater] INFO  impl.StateMachineUpdater (StateMachineUpdater.java:takeSnapshot(295)) - c511b233-3aa4-4954-9335-f5d54c64e497@group-416D015375CF-StateMachineUpdater: Took a snapshot at index 0
2024-06-22 13:32:38,831 [c511b233-3aa4-4954-9335-f5d54c64e497@group-416D015375CF-StateMachineUpdater] INFO  impl.StateMachineUpdater (StateMachineUpdater.java:lambda$new$0(98)) - c511b233-3aa4-4954-9335-f5d54c64e497@group-416D015375CF-StateMachineUpdater: snapshotIndex: updateIncreasingly -1 -> 0
2024-06-22 13:32:38,831 [6d6fe673-47e6-46c0-a6fc-601f54cde379-impl-thread1] INFO  impl.StateMachineUpdater (StateMachineUpdater.java:stopAndJoin(157)) - 6d6fe673-47e6-46c0-a6fc-601f54cde379@group-41EB72E6D1FF-StateMachineUpdater: set stopIndex = 0
2024-06-22 13:32:38,831 [6d6fe673-47e6-46c0-a6fc-601f54cde379@group-41EB72E6D1FF-StateMachineUpdater] INFO  ratis.ContainerStateMachine (ContainerStateMachine.java:takeSnapshot(355)) - group-41EB72E6D1FF: Taking a snapshot at:(t:1, i:0) file /home/runner/work/ozone/ozone/hadoop-ozone/integration-test/target/test-dir/MiniOzoneClusterImpl-ed78929e-9b9e-4304-bdcd-e93070d12e9d/ozone-meta/datanode-4/ratis/4e9e35b0-d8e6-42c3-8c75-41eb72e6d1ff/sm/snapshot.1_0
2024-06-22 13:32:38,825 [fdf93896-5abf-403c-99a8-bb8ea43c9a14@group-5B9310BC09E2-StateMachineUpdater] INFO  ratis.ContainerStateMachine (ContainerStateMachine.java:takeSnapshot(366)) - group-5B9310BC09E2: Finished taking a snapshot at:(t:1, i:0) file:/home/runner/work/ozone/ozone/hadoop-ozone/integration-test/target/test-dir/MiniOzoneClusterImpl-ed78929e-9b9e-4304-bdcd-e93070d12e9d/ozone-meta/datanode-2/ratis/4ed428f0-b8d8-465b-8fad-5b9310bc09e2/sm/snapshot.1_0 took: 1 ms
2024-06-22 13:32:38,831 [c511b233-3aa4-4954-9335-f5d54c64e497-impl-thread3] INFO  server.RaftServer$Division (ServerState.java:close(427)) - c511b233-3aa4-4954-9335-f5d54c64e497@group-416D015375CF: applyIndex: 0
2024-06-22 13:32:38,831 [grpc-default-executor-0] INFO  server.GrpcLogAppender (GrpcLogAppender.java:onCompleted(546)) - c511b233-3aa4-4954-9335-f5d54c64e497@group-B33C5E379CF8->fdf93896-5abf-403c-99a8-bb8ea43c9a14-AppendLogResponseHandler: follower responses appendEntries COMPLETED
2024-06-22 13:32:38,829 [c511b233-3aa4-4954-9335-f5d54c64e497@group-B33C5E379CF8->b47eb027-4b7a-4ddc-bf7f-0870758e0604-GrpcLogAppender-LogAppenderDaemon] WARN  server.GrpcLogAppender (GrpcLogAppender.java:mayWait(289)) - c511b233-3aa4-4954-9335-f5d54c64e497@group-B33C5E379CF8->b47eb027-4b7a-4ddc-bf7f-0870758e0604-GrpcLogAppender: Wait interrupted by java.lang.InterruptedException
2024-06-22 13:32:38,832 [6d6fe673-47e6-46c0-a6fc-601f54cde379@group-41EB72E6D1FF-StateMachineUpdater] INFO  ratis.ContainerStateMachine (ContainerStateMachine.java:takeSnapshot(366)) - group-41EB72E6D1FF: Finished taking a snapshot at:(t:1, i:0) file:/home/runner/work/ozone/ozone/hadoop-ozone/integration-test/target/test-dir/MiniOzoneClusterImpl-ed78929e-9b9e-4304-bdcd-e93070d12e9d/ozone-meta/datanode-4/ratis/4e9e35b0-d8e6-42c3-8c75-41eb72e6d1ff/sm/snapshot.1_0 took: 0 ms
2024-06-22 13:32:38,827 [grpc-default-executor-5] INFO  server.GrpcLogAppender (GrpcLogAppender.java:onCompleted(546)) - fdf93896-5abf-403c-99a8-bb8ea43c9a14@group-39932C3C694B->c511b233-3aa4-4954-9335-f5d54c64e497-AppendLogResponseHandler: follower responses appendEntries COMPLETED
2024-06-22 13:32:38,832 [6d6fe673-47e6-46c0-a6fc-601f54cde379@group-41EB72E6D1FF-StateMachineUpdater] INFO  impl.StateMachineUpdater (StateMachineUpdater.java:takeSnapshot(295)) - 6d6fe673-47e6-46c0-a6fc-601f54cde379@group-41EB72E6D1FF-StateMachineUpdater: Took a snapshot at index 0
2024-06-22 13:32:38,832 [6d6fe673-47e6-46c0-a6fc-601f54cde379@group-41EB72E6D1FF-StateMachineUpdater] INFO  impl.StateMachineUpdater (StateMachineUpdater.java:lambda$new$0(98)) - 6d6fe673-47e6-46c0-a6fc-601f54cde379@group-41EB72E6D1FF-StateMachineUpdater: snapshotIndex: updateIncreasingly -1 -> 0
2024-06-22 13:32:38,832 [c511b233-3aa4-4954-9335-f5d54c64e497@group-B33C5E379CF8-StateMachineUpdater] INFO  ratis.ContainerStateMachine (ContainerStateMachine.java:takeSnapshot(355)) - group-B33C5E379CF8: Taking a snapshot at:(t:1, i:0) file /home/runner/work/ozone/ozone/hadoop-ozone/integration-test/target/test-dir/MiniOzoneClusterImpl-ed78929e-9b9e-4304-bdcd-e93070d12e9d/ozone-meta/datanode-1/ratis/b956bdd5-41b8-45c8-8b94-b33c5e379cf8/sm/snapshot.1_0
2024-06-22 13:32:38,832 [6d6fe673-47e6-46c0-a6fc-601f54cde379-impl-thread1] INFO  server.RaftServer$Division (ServerState.java:close(427)) - 6d6fe673-47e6-46c0-a6fc-601f54cde379@group-41EB72E6D1FF: applyIndex: 0
2024-06-22 13:32:38,832 [fdf93896-5abf-403c-99a8-bb8ea43c9a14@group-5B9310BC09E2-StateMachineUpdater] INFO  impl.StateMachineUpdater (StateMachineUpdater.java:takeSnapshot(295)) - fdf93896-5abf-403c-99a8-bb8ea43c9a14@group-5B9310BC09E2-StateMachineUpdater: Took a snapshot at index 0
2024-06-22 13:32:38,832 [fdf93896-5abf-403c-99a8-bb8ea43c9a14@group-5B9310BC09E2-StateMachineUpdater] INFO  impl.StateMachineUpdater (StateMachineUpdater.java:lambda$new$0(98)) - fdf93896-5abf-403c-99a8-bb8ea43c9a14@group-5B9310BC09E2-StateMachineUpdater: snapshotIndex: updateIncreasingly -1 -> 0
2024-06-22 13:32:38,833 [fdf93896-5abf-403c-99a8-bb8ea43c9a14-impl-thread3] INFO  server.RaftServer$Division (ServerState.java:close(427)) - fdf93896-5abf-403c-99a8-bb8ea43c9a14@group-5B9310BC09E2: applyIndex: 0
2024-06-22 13:32:38,833 [fdf93896-5abf-403c-99a8-bb8ea43c9a14@group-5B9310BC09E2-cacheEviction-AwaitToRun] INFO  util.AwaitToRun (AwaitToRun.java:run(49)) - fdf93896-5abf-403c-99a8-bb8ea43c9a14@group-5B9310BC09E2-cacheEviction-AwaitToRun-AwaitForSignal is interrupted
2024-06-22 13:32:38,833 [main] INFO  server.GrpcService (GrpcService.java:closeImpl(311)) - b47eb027-4b7a-4ddc-bf7f-0870758e0604: shutdown server org.apache.ratis.grpc.server.GrpcClientProtocolService now
2024-06-22 13:32:38,833 [grpc-default-executor-4] INFO  server.GrpcServerProtocolService (GrpcServerProtocolService.java:onCompleted(157)) - fdf93896-5abf-403c-99a8-bb8ea43c9a14: Completed APPEND_ENTRIES, lastRequest: c511b233-3aa4-4954-9335-f5d54c64e497->fdf93896-5abf-403c-99a8-bb8ea43c9a14#1-t1,previous=(t:0, i:0),leaderCommit=-1,initializing? false,entries: size=1, first=(t:1, i:0), CONFIGURATIONENTRY(current:id: "b47eb027-4b7a-4ddc-bf7f-0870758e0604"
address: "127.0.0.1:15032"
dataStreamAddress: "127.0.0.1:15033"
clientAddress: "127.0.0.1:15030"
adminAddress: "127.0.0.1:15031"
startupRole: FOLLOWER
,id: "fdf93896-5abf-403c-99a8-bb8ea43c9a14"
address: "127.0.0.1:15023"
dataStreamAddress: "127.0.0.1:15024"
clientAddress: "127.0.0.1:15021"
adminAddress: "127.0.0.1:15022"
startupRole: FOLLOWER
,id: "c511b233-3aa4-4954-9335-f5d54c64e497"
address: "127.0.0.1:15014"
priority: 1
dataStreamAddress: "127.0.0.1:15015"
clientAddress: "127.0.0.1:15012"
adminAddress: "127.0.0.1:15013"
startupRole: FOLLOWER
, old:)
2024-06-22 13:32:38,833 [grpc-default-executor-4] INFO  server.GrpcServerProtocolService (GrpcServerProtocolService.java:lambda$onCompleted$5(159)) - fdf93896-5abf-403c-99a8-bb8ea43c9a14: Completed APPEND_ENTRIES, lastReply: null
2024-06-22 13:32:38,834 [grpc-default-executor-2] INFO  server.GrpcServerProtocolService (GrpcServerProtocolService.java:onCompleted(157)) - b47eb027-4b7a-4ddc-bf7f-0870758e0604: Completed APPEND_ENTRIES, lastRequest: c511b233-3aa4-4954-9335-f5d54c64e497->b47eb027-4b7a-4ddc-bf7f-0870758e0604#1-t1,previous=(t:0, i:0),leaderCommit=-1,initializing? false,entries: size=1, first=(t:1, i:0), CONFIGURATIONENTRY(current:id: "b47eb027-4b7a-4ddc-bf7f-0870758e0604"
address: "127.0.0.1:15032"
dataStreamAddress: "127.0.0.1:15033"
clientAddress: "127.0.0.1:15030"
adminAddress: "127.0.0.1:15031"
startupRole: FOLLOWER
,id: "fdf93896-5abf-403c-99a8-bb8ea43c9a14"
address: "127.0.0.1:15023"
dataStreamAddress: "127.0.0.1:15024"
clientAddress: "127.0.0.1:15021"
adminAddress: "127.0.0.1:15022"
startupRole: FOLLOWER
,id: "c511b233-3aa4-4954-9335-f5d54c64e497"
address: "127.0.0.1:15014"
priority: 1
dataStreamAddress: "127.0.0.1:15015"
clientAddress: "127.0.0.1:15012"
adminAddress: "127.0.0.1:15013"
startupRole: FOLLOWER
, old:)
2024-06-22 13:32:38,834 [grpc-default-executor-2] INFO  server.GrpcServerProtocolService (GrpcServerProtocolService.java:lambda$onCompleted$5(159)) - b47eb027-4b7a-4ddc-bf7f-0870758e0604: Completed APPEND_ENTRIES, lastReply: null
2024-06-22 13:32:38,834 [b47eb027-4b7a-4ddc-bf7f-0870758e0604-impl-thread3] INFO  server.RaftServer$Division (RaftServerImpl.java:lambda$close$3(526)) - b47eb027-4b7a-4ddc-bf7f-0870758e0604@group-756EC7FADB3C: shutdown
2024-06-22 13:32:38,834 [b47eb027-4b7a-4ddc-bf7f-0870758e0604-impl-thread3] INFO  util.JmxRegister (JmxRegister.java:unregister(73)) - Successfully un-registered JMX Bean with object name Ratis:service=RaftServer,group=group-756EC7FADB3C,id=b47eb027-4b7a-4ddc-bf7f-0870758e0604
2024-06-22 13:32:38,834 [b47eb027-4b7a-4ddc-bf7f-0870758e0604-impl-thread3] INFO  impl.RoleInfo (RoleInfo.java:shutdownLeaderState(94)) - b47eb027-4b7a-4ddc-bf7f-0870758e0604: shutdown b47eb027-4b7a-4ddc-bf7f-0870758e0604@group-756EC7FADB3C-LeaderStateImpl
2024-06-22 13:32:38,834 [b47eb027-4b7a-4ddc-bf7f-0870758e0604-impl-thread3] INFO  impl.PendingRequests (PendingRequests.java:sendNotLeaderResponses(289)) - b47eb027-4b7a-4ddc-bf7f-0870758e0604@group-756EC7FADB3C-PendingRequests: sendNotLeaderResponses
2024-06-22 13:32:38,835 [b47eb027-4b7a-4ddc-bf7f-0870758e0604-impl-thread3] INFO  impl.StateMachineUpdater (StateMachineUpdater.java:stopAndJoin(157)) - b47eb027-4b7a-4ddc-bf7f-0870758e0604@group-756EC7FADB3C-StateMachineUpdater: set stopIndex = 0
2024-06-22 13:32:38,836 [Thread-757] INFO  server.GrpcServerProtocolClient (GrpcServerProtocolClient.java:close(103)) - b47eb027-4b7a-4ddc-bf7f-0870758e0604 Close channels
2024-06-22 13:32:38,837 [Thread-764] INFO  server.GrpcServerProtocolClient (GrpcServerProtocolClient.java:close(103)) - c511b233-3aa4-4954-9335-f5d54c64e497 Close channels
2024-06-22 13:32:38,837 [main] INFO  server.GrpcService (GrpcService.java:closeImpl(320)) - b47eb027-4b7a-4ddc-bf7f-0870758e0604: shutdown server org.apache.ratis.grpc.server.GrpcClientProtocolService successfully
2024-06-22 13:32:38,837 [main] INFO  server.GrpcService (GrpcService.java:closeImpl(311)) - b47eb027-4b7a-4ddc-bf7f-0870758e0604: shutdown server GrpcServerProtocolService now
2024-06-22 13:32:38,827 [b47eb027-4b7a-4ddc-bf7f-0870758e0604-impl-thread2] INFO  impl.RoleInfo (RoleInfo.java:shutdownFollowerState(110)) - b47eb027-4b7a-4ddc-bf7f-0870758e0604: shutdown b47eb027-4b7a-4ddc-bf7f-0870758e0604@group-B33C5E379CF8-FollowerState
2024-06-22 13:32:38,837 [b47eb027-4b7a-4ddc-bf7f-0870758e0604@group-B33C5E379CF8-FollowerState] INFO  impl.FollowerState (FollowerState.java:run(152)) - b47eb027-4b7a-4ddc-bf7f-0870758e0604@group-B33C5E379CF8-FollowerState was interrupted
2024-06-22 13:32:38,837 [Thread-765] INFO  server.GrpcServerProtocolClient (GrpcServerProtocolClient.java:close(103)) - fdf93896-5abf-403c-99a8-bb8ea43c9a14 Close channels
2024-06-22 13:32:38,835 [b47eb027-4b7a-4ddc-bf7f-0870758e0604@group-756EC7FADB3C-StateMachineUpdater] INFO  ratis.ContainerStateMachine (ContainerStateMachine.java:takeSnapshot(355)) - group-756EC7FADB3C: Taking a snapshot at:(t:1, i:0) file /home/runner/work/ozone/ozone/hadoop-ozone/integration-test/target/test-dir/MiniOzoneClusterImpl-ed78929e-9b9e-4304-bdcd-e93070d12e9d/ozone-meta/datanode-3/ratis/bf9e02a1-c300-42bd-959c-756ec7fadb3c/sm/snapshot.1_0
2024-06-22 13:32:38,834 [grpc-default-executor-2] INFO  server.GrpcLogAppender (GrpcLogAppender.java:onCompleted(546)) - c511b233-3aa4-4954-9335-f5d54c64e497@group-B33C5E379CF8->b47eb027-4b7a-4ddc-bf7f-0870758e0604-AppendLogResponseHandler: follower responses appendEntries COMPLETED
2024-06-22 13:32:38,834 [grpc-default-executor-3] INFO  server.GrpcLogAppender (GrpcLogAppender.java:onCompleted(546)) - c511b233-3aa4-4954-9335-f5d54c64e497@group-B33C5E379CF8->fdf93896-5abf-403c-99a8-bb8ea43c9a14-AppendLogResponseHandler: follower responses appendEntries COMPLETED
2024-06-22 13:32:38,833 [grpc-default-executor-5] INFO  server.GrpcServerProtocolService (GrpcServerProtocolService.java:onCompleted(157)) - b47eb027-4b7a-4ddc-bf7f-0870758e0604: Completed APPEND_ENTRIES, lastRequest: null
2024-06-22 13:32:38,832 [c511b233-3aa4-4954-9335-f5d54c64e497@group-B33C5E379CF8-StateMachineUpdater] INFO  ratis.ContainerStateMachine (ContainerStateMachine.java:takeSnapshot(366)) - group-B33C5E379CF8: Finished taking a snapshot at:(t:1, i:0) file:/home/runner/work/ozone/ozone/hadoop-ozone/integration-test/target/test-dir/MiniOzoneClusterImpl-ed78929e-9b9e-4304-bdcd-e93070d12e9d/ozone-meta/datanode-1/ratis/b956bdd5-41b8-45c8-8b94-b33c5e379cf8/sm/snapshot.1_0 took: 0 ms
2024-06-22 13:32:38,832 [6d6fe673-47e6-46c0-a6fc-601f54cde379@group-41EB72E6D1FF-cacheEviction-AwaitToRun] INFO  util.AwaitToRun (AwaitToRun.java:run(49)) - 6d6fe673-47e6-46c0-a6fc-601f54cde379@group-41EB72E6D1FF-cacheEviction-AwaitToRun-AwaitForSignal is interrupted
2024-06-22 13:32:38,839 [grpc-default-executor-5] INFO  server.GrpcServerProtocolService (GrpcServerProtocolService.java:lambda$onCompleted$5(159)) - b47eb027-4b7a-4ddc-bf7f-0870758e0604: Completed APPEND_ENTRIES, lastReply: serverReply {
  requestorId: "c511b233-3aa4-4954-9335-f5d54c64e497"
  replyId: "b47eb027-4b7a-4ddc-bf7f-0870758e0604"
  raftGroupId {
    id: "\271V\275\325A\270E\310\213\224\263<^7\234\370"
  }
  callId: 18
  success: true
}
term: 1
nextIndex: 1
matchIndex: 18446744073709551615
isHearbeat: true

2024-06-22 13:32:38,832 [c511b233-3aa4-4954-9335-f5d54c64e497-impl-thread2] INFO  impl.StateMachineUpdater (StateMachineUpdater.java:stopAndJoin(157)) - c511b233-3aa4-4954-9335-f5d54c64e497@group-B33C5E379CF8-StateMachineUpdater: set stopIndex = 0
2024-06-22 13:32:38,832 [c511b233-3aa4-4954-9335-f5d54c64e497@group-416D015375CF-cacheEviction-AwaitToRun] INFO  util.AwaitToRun (AwaitToRun.java:run(49)) - c511b233-3aa4-4954-9335-f5d54c64e497@group-416D015375CF-cacheEviction-AwaitToRun-AwaitForSignal is interrupted
2024-06-22 13:32:38,839 [grpc-default-executor-3] WARN  server.GrpcLogAppender (GrpcLogAppender.java:resetClient(226)) - c511b233-3aa4-4954-9335-f5d54c64e497@group-B33C5E379CF8->fdf93896-5abf-403c-99a8-bb8ea43c9a14-GrpcLogAppender: Failed to getClient for fdf93896-5abf-403c-99a8-bb8ea43c9a14
org.apache.ratis.protocol.exceptions.AlreadyClosedException: c511b233-3aa4-4954-9335-f5d54c64e497 is already CLOSED
	at org.apache.ratis.util.PeerProxyMap$PeerAndProxy.getProxy(PeerProxyMap.java:65)
	at org.apache.ratis.util.PeerProxyMap.getProxy(PeerProxyMap.java:114)
	at org.apache.ratis.grpc.server.GrpcLogAppender.getClient(GrpcLogAppender.java:196)
	at org.apache.ratis.grpc.server.GrpcLogAppender.resetClient(GrpcLogAppender.java:201)
	at org.apache.ratis.grpc.server.GrpcLogAppender.access$800(GrpcLogAppender.java:62)
	at org.apache.ratis.grpc.server.GrpcLogAppender$AppendLogResponseHandler.onCompleted(GrpcLogAppender.java:547)
	at org.apache.ratis.thirdparty.io.grpc.stub.ClientCalls$StreamObserverToCallListenerAdapter.onClose(ClientCalls.java:479)
	at org.apache.ratis.thirdparty.io.grpc.internal.ClientCallImpl.closeObserver(ClientCallImpl.java:567)
	at org.apache.ratis.thirdparty.io.grpc.internal.ClientCallImpl.access$300(ClientCallImpl.java:71)
	at org.apache.ratis.thirdparty.io.grpc.internal.ClientCallImpl$ClientStreamListenerImpl$1StreamClosed.runInternal(ClientCallImpl.java:735)
	at org.apache.ratis.thirdparty.io.grpc.internal.ClientCallImpl$ClientStreamListenerImpl$1StreamClosed.runInContext(ClientCallImpl.java:716)
	at org.apache.ratis.thirdparty.io.grpc.internal.ContextRunnable.run(ContextRunnable.java:37)
	at org.apache.ratis.thirdparty.io.grpc.internal.SerializingExecutor.run(SerializingExecutor.java:133)
	at java.base/java.util.concurrent.ThreadPoolExecutor.runWorker(ThreadPoolExecutor.java:1136)
	at java.base/java.util.concurrent.ThreadPoolExecutor$Worker.run(ThreadPoolExecutor.java:635)
	at java.base/java.lang.Thread.run(Thread.java:840)
2024-06-22 13:32:38,839 [b47eb027-4b7a-4ddc-bf7f-0870758e0604@group-756EC7FADB3C-StateMachineUpdater] INFO  ratis.ContainerStateMachine (ContainerStateMachine.java:takeSnapshot(366)) - group-756EC7FADB3C: Finished taking a snapshot at:(t:1, i:0) file:/home/runner/work/ozone/ozone/hadoop-ozone/integration-test/target/test-dir/MiniOzoneClusterImpl-ed78929e-9b9e-4304-bdcd-e93070d12e9d/ozone-meta/datanode-3/ratis/bf9e02a1-c300-42bd-959c-756ec7fadb3c/sm/snapshot.1_0 took: 4 ms
2024-06-22 13:32:38,839 [grpc-default-executor-2] WARN  server.GrpcLogAppender (GrpcLogAppender.java:resetClient(226)) - c511b233-3aa4-4954-9335-f5d54c64e497@group-B33C5E379CF8->b47eb027-4b7a-4ddc-bf7f-0870758e0604-GrpcLogAppender: Failed to getClient for b47eb027-4b7a-4ddc-bf7f-0870758e0604
org.apache.ratis.protocol.exceptions.AlreadyClosedException: c511b233-3aa4-4954-9335-f5d54c64e497 is already CLOSED
	at org.apache.ratis.util.PeerProxyMap$PeerAndProxy.getProxy(PeerProxyMap.java:65)
	at org.apache.ratis.util.PeerProxyMap.getProxy(PeerProxyMap.java:114)
	at org.apache.ratis.grpc.server.GrpcLogAppender.getClient(GrpcLogAppender.java:196)
	at org.apache.ratis.grpc.server.GrpcLogAppender.resetClient(GrpcLogAppender.java:201)
	at org.apache.ratis.grpc.server.GrpcLogAppender.access$800(GrpcLogAppender.java:62)
	at org.apache.ratis.grpc.server.GrpcLogAppender$AppendLogResponseHandler.onCompleted(GrpcLogAppender.java:547)
	at org.apache.ratis.thirdparty.io.grpc.stub.ClientCalls$StreamObserverToCallListenerAdapter.onClose(ClientCalls.java:479)
	at org.apache.ratis.thirdparty.io.grpc.internal.ClientCallImpl.closeObserver(ClientCallImpl.java:567)
	at org.apache.ratis.thirdparty.io.grpc.internal.ClientCallImpl.access$300(ClientCallImpl.java:71)
	at org.apache.ratis.thirdparty.io.grpc.internal.ClientCallImpl$ClientStreamListenerImpl$1StreamClosed.runInternal(ClientCallImpl.java:735)
	at org.apache.ratis.thirdparty.io.grpc.internal.ClientCallImpl$ClientStreamListenerImpl$1StreamClosed.runInContext(ClientCallImpl.java:716)
	at org.apache.ratis.thirdparty.io.grpc.internal.ContextRunnable.run(ContextRunnable.java:37)
	at org.apache.ratis.thirdparty.io.grpc.internal.SerializingExecutor.run(SerializingExecutor.java:133)
	at java.base/java.util.concurrent.ThreadPoolExecutor.runWorker(ThreadPoolExecutor.java:1136)
	at java.base/java.util.concurrent.ThreadPoolExecutor$Worker.run(ThreadPoolExecutor.java:635)
	at java.base/java.lang.Thread.run(Thread.java:840)
2024-06-22 13:32:38,838 [c511b233-3aa4-4954-9335-f5d54c64e497@group-B33C5E379CF8-StateMachineUpdater] INFO  impl.StateMachineUpdater (StateMachineUpdater.java:takeSnapshot(295)) - c511b233-3aa4-4954-9335-f5d54c64e497@group-B33C5E379CF8-StateMachineUpdater: Took a snapshot at index 0
2024-06-22 13:32:38,840 [c511b233-3aa4-4954-9335-f5d54c64e497@group-B33C5E379CF8-StateMachineUpdater] INFO  impl.StateMachineUpdater (StateMachineUpdater.java:lambda$new$0(98)) - c511b233-3aa4-4954-9335-f5d54c64e497@group-B33C5E379CF8-StateMachineUpdater: snapshotIndex: updateIncreasingly -1 -> 0
2024-06-22 13:32:38,840 [c511b233-3aa4-4954-9335-f5d54c64e497-impl-thread2] INFO  server.RaftServer$Division (ServerState.java:close(427)) - c511b233-3aa4-4954-9335-f5d54c64e497@group-B33C5E379CF8: applyIndex: 0
2024-06-22 13:32:38,840 [c511b233-3aa4-4954-9335-f5d54c64e497@group-B33C5E379CF8-cacheEviction-AwaitToRun] INFO  util.AwaitToRun (AwaitToRun.java:run(49)) - c511b233-3aa4-4954-9335-f5d54c64e497@group-B33C5E379CF8-cacheEviction-AwaitToRun-AwaitForSignal is interrupted
2024-06-22 13:32:38,838 [b47eb027-4b7a-4ddc-bf7f-0870758e0604-impl-thread2] INFO  impl.StateMachineUpdater (StateMachineUpdater.java:stopAndJoin(157)) - b47eb027-4b7a-4ddc-bf7f-0870758e0604@group-B33C5E379CF8-StateMachineUpdater: set stopIndex = 0
2024-06-22 13:32:38,838 [b47eb027-4b7a-4ddc-bf7f-0870758e0604@group-B33C5E379CF8-StateMachineUpdater] INFO  ratis.ContainerStateMachine (ContainerStateMachine.java:takeSnapshot(355)) - group-B33C5E379CF8: Taking a snapshot at:(t:1, i:0) file /home/runner/work/ozone/ozone/hadoop-ozone/integration-test/target/test-dir/MiniOzoneClusterImpl-ed78929e-9b9e-4304-bdcd-e93070d12e9d/ozone-meta/datanode-3/ratis/b956bdd5-41b8-45c8-8b94-b33c5e379cf8/sm/snapshot.1_0
2024-06-22 13:32:38,837 [Thread-758] INFO  server.GrpcServerProtocolClient (GrpcServerProtocolClient.java:close(103)) - b47eb027-4b7a-4ddc-bf7f-0870758e0604 Close channels
2024-06-22 13:32:38,841 [ForkJoinPool.commonPool-worker-2] INFO  server.GrpcService (GrpcService.java:closeImpl(320)) - fdf93896-5abf-403c-99a8-bb8ea43c9a14: shutdown server org.apache.ratis.grpc.server.GrpcClientProtocolService successfully
2024-06-22 13:32:38,841 [ForkJoinPool.commonPool-worker-2] INFO  server.GrpcService (GrpcService.java:closeImpl(311)) - fdf93896-5abf-403c-99a8-bb8ea43c9a14: shutdown server GrpcServerProtocolService now
2024-06-22 13:32:38,840 [b47eb027-4b7a-4ddc-bf7f-0870758e0604@group-756EC7FADB3C-StateMachineUpdater] INFO  impl.StateMachineUpdater (StateMachineUpdater.java:takeSnapshot(295)) - b47eb027-4b7a-4ddc-bf7f-0870758e0604@group-756EC7FADB3C-StateMachineUpdater: Took a snapshot at index 0
2024-06-22 13:32:38,841 [b47eb027-4b7a-4ddc-bf7f-0870758e0604@group-756EC7FADB3C-StateMachineUpdater] INFO  impl.StateMachineUpdater (StateMachineUpdater.java:lambda$new$0(98)) - b47eb027-4b7a-4ddc-bf7f-0870758e0604@group-756EC7FADB3C-StateMachineUpdater: snapshotIndex: updateIncreasingly -1 -> 0
2024-06-22 13:32:38,841 [b47eb027-4b7a-4ddc-bf7f-0870758e0604@group-B33C5E379CF8-StateMachineUpdater] INFO  ratis.ContainerStateMachine (ContainerStateMachine.java:takeSnapshot(366)) - group-B33C5E379CF8: Finished taking a snapshot at:(t:1, i:0) file:/home/runner/work/ozone/ozone/hadoop-ozone/integration-test/target/test-dir/MiniOzoneClusterImpl-ed78929e-9b9e-4304-bdcd-e93070d12e9d/ozone-meta/datanode-3/ratis/b956bdd5-41b8-45c8-8b94-b33c5e379cf8/sm/snapshot.1_0 took: 4 ms
2024-06-22 13:32:38,842 [b47eb027-4b7a-4ddc-bf7f-0870758e0604@group-B33C5E379CF8-StateMachineUpdater] INFO  impl.StateMachineUpdater (StateMachineUpdater.java:takeSnapshot(295)) - b47eb027-4b7a-4ddc-bf7f-0870758e0604@group-B33C5E379CF8-StateMachineUpdater: Took a snapshot at index 0
2024-06-22 13:32:38,842 [b47eb027-4b7a-4ddc-bf7f-0870758e0604@group-B33C5E379CF8-StateMachineUpdater] INFO  impl.StateMachineUpdater (StateMachineUpdater.java:lambda$new$0(98)) - b47eb027-4b7a-4ddc-bf7f-0870758e0604@group-B33C5E379CF8-StateMachineUpdater: snapshotIndex: updateIncreasingly -1 -> 0
2024-06-22 13:32:38,842 [b47eb027-4b7a-4ddc-bf7f-0870758e0604-impl-thread2] INFO  server.RaftServer$Division (ServerState.java:close(427)) - b47eb027-4b7a-4ddc-bf7f-0870758e0604@group-B33C5E379CF8: applyIndex: 0
2024-06-22 13:32:38,841 [b47eb027-4b7a-4ddc-bf7f-0870758e0604-impl-thread3] INFO  server.RaftServer$Division (ServerState.java:close(427)) - b47eb027-4b7a-4ddc-bf7f-0870758e0604@group-756EC7FADB3C: applyIndex: 0
2024-06-22 13:32:38,842 [b47eb027-4b7a-4ddc-bf7f-0870758e0604@group-756EC7FADB3C-cacheEviction-AwaitToRun] INFO  util.AwaitToRun (AwaitToRun.java:run(49)) - b47eb027-4b7a-4ddc-bf7f-0870758e0604@group-756EC7FADB3C-cacheEviction-AwaitToRun-AwaitForSignal is interrupted
2024-06-22 13:32:38,842 [b47eb027-4b7a-4ddc-bf7f-0870758e0604@group-B33C5E379CF8-cacheEviction-AwaitToRun] INFO  util.AwaitToRun (AwaitToRun.java:run(49)) - b47eb027-4b7a-4ddc-bf7f-0870758e0604@group-B33C5E379CF8-cacheEviction-AwaitToRun-AwaitForSignal is interrupted
2024-06-22 13:32:38,843 [ForkJoinPool.commonPool-worker-1] INFO  server.GrpcService (GrpcService.java:closeImpl(320)) - c511b233-3aa4-4954-9335-f5d54c64e497: shutdown server org.apache.ratis.grpc.server.GrpcClientProtocolService successfully
2024-06-22 13:32:38,843 [grpc-default-executor-5] INFO  server.GrpcLogAppender (GrpcLogAppender.java:onError(533)) - c511b233-3aa4-4954-9335-f5d54c64e497@group-B33C5E379CF8->b47eb027-4b7a-4ddc-bf7f-0870758e0604-GrpcLogAppender is already stopped
2024-06-22 13:32:38,843 [ForkJoinPool.commonPool-worker-1] INFO  server.GrpcService (GrpcService.java:closeImpl(311)) - c511b233-3aa4-4954-9335-f5d54c64e497: shutdown server GrpcServerProtocolService now
2024-06-22 13:32:38,847 [ForkJoinPool.commonPool-worker-3] INFO  server.GrpcService (GrpcService.java:closeImpl(320)) - 6d6fe673-47e6-46c0-a6fc-601f54cde379: shutdown server org.apache.ratis.grpc.server.GrpcClientProtocolService successfully
2024-06-22 13:32:38,847 [ForkJoinPool.commonPool-worker-3] INFO  server.GrpcService (GrpcService.java:closeImpl(311)) - 6d6fe673-47e6-46c0-a6fc-601f54cde379: shutdown server GrpcServerProtocolService now
2024-06-22 13:32:38,848 [ForkJoinPool.commonPool-worker-3] INFO  server.GrpcService (GrpcService.java:closeImpl(320)) - 6d6fe673-47e6-46c0-a6fc-601f54cde379: shutdown server GrpcServerProtocolService successfully
2024-06-22 13:32:38,848 [ForkJoinPool.commonPool-worker-3] INFO  server.GrpcService (GrpcService.java:closeImpl(311)) - 6d6fe673-47e6-46c0-a6fc-601f54cde379: shutdown server org.apache.ratis.grpc.server.GrpcAdminProtocolService now
2024-06-22 13:32:38,849 [main] INFO  server.GrpcService (GrpcService.java:closeImpl(320)) - b47eb027-4b7a-4ddc-bf7f-0870758e0604: shutdown server GrpcServerProtocolService successfully
2024-06-22 13:32:38,849 [main] INFO  server.GrpcService (GrpcService.java:closeImpl(311)) - b47eb027-4b7a-4ddc-bf7f-0870758e0604: shutdown server org.apache.ratis.grpc.server.GrpcAdminProtocolService now
2024-06-22 13:32:38,849 [ForkJoinPool.commonPool-worker-3] INFO  server.GrpcService (GrpcService.java:closeImpl(320)) - 6d6fe673-47e6-46c0-a6fc-601f54cde379: shutdown server org.apache.ratis.grpc.server.GrpcAdminProtocolService successfully
2024-06-22 13:32:38,850 [6d6fe673-47e6-46c0-a6fc-601f54cde379-NettyServerStreamRpc-bossGroup--thread1] INFO  logging.LoggingHandler (AbstractInternalLogger.java:log(148)) - [id: 0x74b3e0bb, L:/0.0.0.0:15042] CLOSE
2024-06-22 13:32:38,850 [6d6fe673-47e6-46c0-a6fc-601f54cde379-NettyServerStreamRpc-bossGroup--thread1] INFO  logging.LoggingHandler (AbstractInternalLogger.java:log(148)) - [id: 0x74b3e0bb, L:/0.0.0.0:15042] INACTIVE
2024-06-22 13:32:38,850 [6d6fe673-47e6-46c0-a6fc-601f54cde379-NettyServerStreamRpc-bossGroup--thread1] INFO  logging.LoggingHandler (AbstractInternalLogger.java:log(148)) - [id: 0x74b3e0bb, L:/0.0.0.0:15042] UNREGISTERED
2024-06-22 13:32:38,853 [ForkJoinPool.commonPool-worker-1] INFO  server.GrpcService (GrpcService.java:closeImpl(320)) - c511b233-3aa4-4954-9335-f5d54c64e497: shutdown server GrpcServerProtocolService successfully
2024-06-22 13:32:38,853 [ForkJoinPool.commonPool-worker-1] INFO  server.GrpcService (GrpcService.java:closeImpl(311)) - c511b233-3aa4-4954-9335-f5d54c64e497: shutdown server org.apache.ratis.grpc.server.GrpcAdminProtocolService now
2024-06-22 13:32:38,856 [ForkJoinPool.commonPool-worker-1] INFO  server.GrpcService (GrpcService.java:closeImpl(320)) - c511b233-3aa4-4954-9335-f5d54c64e497: shutdown server org.apache.ratis.grpc.server.GrpcAdminProtocolService successfully
2024-06-22 13:32:38,856 [ForkJoinPool.commonPool-worker-2] INFO  server.GrpcService (GrpcService.java:closeImpl(320)) - fdf93896-5abf-403c-99a8-bb8ea43c9a14: shutdown server GrpcServerProtocolService successfully
2024-06-22 13:32:38,856 [ForkJoinPool.commonPool-worker-2] INFO  server.GrpcService (GrpcService.java:closeImpl(311)) - fdf93896-5abf-403c-99a8-bb8ea43c9a14: shutdown server org.apache.ratis.grpc.server.GrpcAdminProtocolService now
2024-06-22 13:32:38,859 [main] INFO  server.GrpcService (GrpcService.java:closeImpl(320)) - b47eb027-4b7a-4ddc-bf7f-0870758e0604: shutdown server org.apache.ratis.grpc.server.GrpcAdminProtocolService successfully
2024-06-22 13:32:38,859 [ForkJoinPool.commonPool-worker-2] INFO  server.GrpcService (GrpcService.java:closeImpl(320)) - fdf93896-5abf-403c-99a8-bb8ea43c9a14: shutdown server org.apache.ratis.grpc.server.GrpcAdminProtocolService successfully
2024-06-22 13:32:38,866 [fdf93896-5abf-403c-99a8-bb8ea43c9a14-NettyServerStreamRpc-bossGroup--thread1] INFO  logging.LoggingHandler (AbstractInternalLogger.java:log(148)) - [id: 0x14ea9ce0, L:/0.0.0.0:15024] CLOSE
2024-06-22 13:32:38,866 [fdf93896-5abf-403c-99a8-bb8ea43c9a14-NettyServerStreamRpc-bossGroup--thread1] INFO  logging.LoggingHandler (AbstractInternalLogger.java:log(148)) - [id: 0x14ea9ce0, L:/0.0.0.0:15024] INACTIVE
2024-06-22 13:32:38,866 [fdf93896-5abf-403c-99a8-bb8ea43c9a14-NettyServerStreamRpc-bossGroup--thread1] INFO  logging.LoggingHandler (AbstractInternalLogger.java:log(148)) - [id: 0x14ea9ce0, L:/0.0.0.0:15024] UNREGISTERED
2024-06-22 13:32:38,867 [b47eb027-4b7a-4ddc-bf7f-0870758e0604-NettyServerStreamRpc-bossGroup--thread1] INFO  logging.LoggingHandler (AbstractInternalLogger.java:log(148)) - [id: 0x8abd02d2, L:/0.0.0.0:15033] CLOSE
2024-06-22 13:32:38,867 [b47eb027-4b7a-4ddc-bf7f-0870758e0604-NettyServerStreamRpc-bossGroup--thread1] INFO  logging.LoggingHandler (AbstractInternalLogger.java:log(148)) - [id: 0x8abd02d2, L:/0.0.0.0:15033] INACTIVE
2024-06-22 13:32:38,867 [b47eb027-4b7a-4ddc-bf7f-0870758e0604-NettyServerStreamRpc-bossGroup--thread1] INFO  logging.LoggingHandler (AbstractInternalLogger.java:log(148)) - [id: 0x8abd02d2, L:/0.0.0.0:15033] UNREGISTERED
2024-06-22 13:32:38,871 [c511b233-3aa4-4954-9335-f5d54c64e497-NettyServerStreamRpc-bossGroup--thread1] INFO  logging.LoggingHandler (AbstractInternalLogger.java:log(148)) - [id: 0xa1a59921, L:/0.0.0.0:15015] CLOSE
2024-06-22 13:32:38,872 [c511b233-3aa4-4954-9335-f5d54c64e497-NettyServerStreamRpc-bossGroup--thread1] INFO  logging.LoggingHandler (AbstractInternalLogger.java:log(148)) - [id: 0xa1a59921, L:/0.0.0.0:15015] INACTIVE
2024-06-22 13:32:38,872 [c511b233-3aa4-4954-9335-f5d54c64e497-NettyServerStreamRpc-bossGroup--thread1] INFO  logging.LoggingHandler (AbstractInternalLogger.java:log(148)) - [id: 0xa1a59921, L:/0.0.0.0:15015] UNREGISTERED
2024-06-22 13:32:39,051 [ReplicationMonitor] INFO  replication.ReplicationManager (ReplicationManager.java:processAll(402)) - Replication Monitor Thread took 0 milliseconds for processing 1 containers.
2024-06-22 13:32:39,191 [fdf93896-5abf-403c-99a8-bb8ea43c9a14-impl-thread1] INFO  segmented.SegmentedRaftLogWorker (SegmentedRaftLogWorker.java:close(245)) - fdf93896-5abf-403c-99a8-bb8ea43c9a14@group-39932C3C694B-SegmentedRaftLogWorker close()
2024-06-22 13:32:39,222 [b47eb027-4b7a-4ddc-bf7f-0870758e0604-impl-thread1] INFO  segmented.SegmentedRaftLogWorker (SegmentedRaftLogWorker.java:close(245)) - b47eb027-4b7a-4ddc-bf7f-0870758e0604@group-39932C3C694B-SegmentedRaftLogWorker close()
2024-06-22 13:32:39,223 [c511b233-3aa4-4954-9335-f5d54c64e497-impl-thread1] INFO  segmented.SegmentedRaftLogWorker (SegmentedRaftLogWorker.java:close(245)) - c511b233-3aa4-4954-9335-f5d54c64e497@group-39932C3C694B-SegmentedRaftLogWorker close()
2024-06-22 13:32:39,553 [c511b233-3aa4-4954-9335-f5d54c64e497-impl-thread3] INFO  segmented.SegmentedRaftLogWorker (SegmentedRaftLogWorker.java:close(245)) - c511b233-3aa4-4954-9335-f5d54c64e497@group-416D015375CF-SegmentedRaftLogWorker close()
2024-06-22 13:32:39,644 [c511b233-3aa4-4954-9335-f5d54c64e497-impl-thread2] INFO  segmented.SegmentedRaftLogWorker (SegmentedRaftLogWorker.java:close(245)) - c511b233-3aa4-4954-9335-f5d54c64e497@group-B33C5E379CF8-SegmentedRaftLogWorker close()
2024-06-22 13:32:39,644 [JvmPauseMonitor2] INFO  util.JvmPauseMonitor (JvmPauseMonitor.java:run(152)) - JvmPauseMonitor-c511b233-3aa4-4954-9335-f5d54c64e497: Stopped
2024-06-22 13:32:39,714 [fdf93896-5abf-403c-99a8-bb8ea43c9a14-impl-thread3] INFO  segmented.SegmentedRaftLogWorker (SegmentedRaftLogWorker.java:close(245)) - fdf93896-5abf-403c-99a8-bb8ea43c9a14@group-5B9310BC09E2-SegmentedRaftLogWorker close()
2024-06-22 13:32:39,716 [b47eb027-4b7a-4ddc-bf7f-0870758e0604-impl-thread2] INFO  segmented.SegmentedRaftLogWorker (SegmentedRaftLogWorker.java:close(245)) - b47eb027-4b7a-4ddc-bf7f-0870758e0604@group-B33C5E379CF8-SegmentedRaftLogWorker close()
2024-06-22 13:32:39,718 [fdf93896-5abf-403c-99a8-bb8ea43c9a14-impl-thread2] INFO  segmented.SegmentedRaftLogWorker (SegmentedRaftLogWorker.java:close(245)) - fdf93896-5abf-403c-99a8-bb8ea43c9a14@group-B33C5E379CF8-SegmentedRaftLogWorker close()
2024-06-22 13:32:39,719 [JvmPauseMonitor3] INFO  util.JvmPauseMonitor (JvmPauseMonitor.java:run(152)) - JvmPauseMonitor-fdf93896-5abf-403c-99a8-bb8ea43c9a14: Stopped
2024-06-22 13:32:39,790 [b47eb027-4b7a-4ddc-bf7f-0870758e0604-impl-thread3] INFO  segmented.SegmentedRaftLogWorker (SegmentedRaftLogWorker.java:close(245)) - b47eb027-4b7a-4ddc-bf7f-0870758e0604@group-756EC7FADB3C-SegmentedRaftLogWorker close()
2024-06-22 13:32:39,791 [JvmPauseMonitor4] INFO  util.JvmPauseMonitor (JvmPauseMonitor.java:run(152)) - JvmPauseMonitor-b47eb027-4b7a-4ddc-bf7f-0870758e0604: Stopped
2024-06-22 13:32:39,828 [6d6fe673-47e6-46c0-a6fc-601f54cde379-impl-thread1] INFO  segmented.SegmentedRaftLogWorker (SegmentedRaftLogWorker.java:close(245)) - 6d6fe673-47e6-46c0-a6fc-601f54cde379@group-41EB72E6D1FF-SegmentedRaftLogWorker close()
2024-06-22 13:32:39,828 [JvmPauseMonitor5] INFO  util.JvmPauseMonitor (JvmPauseMonitor.java:run(152)) - JvmPauseMonitor-6d6fe673-47e6-46c0-a6fc-601f54cde379: Stopped
2024-06-22 13:32:40,052 [ReplicationMonitor] INFO  replication.ReplicationManager (ReplicationManager.java:processAll(402)) - Replication Monitor Thread took 0 milliseconds for processing 1 containers.
2024-06-22 13:32:41,053 [ReplicationMonitor] INFO  replication.ReplicationManager (ReplicationManager.java:processAll(402)) - Replication Monitor Thread took 1 milliseconds for processing 1 containers.
2024-06-22 13:32:41,282 [EventQueue-StaleNodeForStaleNodeHandler] INFO  node.StaleNodeHandler (StaleNodeHandler.java:onMessage(57)) - Datanode 6d6fe673-47e6-46c0-a6fc-601f54cde379(localhost/127.0.0.1) moved to stale state. Finalizing its pipelines [PipelineID=4e9e35b0-d8e6-42c3-8c75-41eb72e6d1ff]
2024-06-22 13:32:41,283 [EventQueue-StaleNodeForStaleNodeHandler] INFO  pipeline.PipelineManagerImpl (PipelineManagerImpl.java:closePipeline(518)) - Pipeline PipelineID=4e9e35b0-d8e6-42c3-8c75-41eb72e6d1ff moved to CLOSED state
2024-06-22 13:32:41,648 [ForkJoinPool.commonPool-worker-1] INFO  utils.DatanodeStoreCache (DatanodeStoreCache.java:shutdownCache(116)) - Skip clearing cache in mini cluster mode. Entries left: [/home/runner/work/ozone/ozone/hadoop-ozone/integration-test/target/test-dir/MiniOzoneClusterImpl-ed78929e-9b9e-4304-bdcd-e93070d12e9d/ozone-meta/datanode-1/data-0/hdds/ed78929e-9b9e-4304-bdcd-e93070d12e9d/DS-dd9ad6de-a157-463d-a53e-4eb42a5603ad/container.db, /home/runner/work/ozone/ozone/hadoop-ozone/integration-test/target/test-dir/MiniOzoneClusterImpl-ed78929e-9b9e-4304-bdcd-e93070d12e9d/ozone-meta/datanode-2/data-0/hdds/ed78929e-9b9e-4304-bdcd-e93070d12e9d/DS-7de87680-360f-44c2-8eed-eb86cd310c28/container.db, /home/runner/work/ozone/ozone/hadoop-ozone/integration-test/target/test-dir/MiniOzoneClusterImpl-ed78929e-9b9e-4304-bdcd-e93070d12e9d/ozone-meta/datanode-3/data-0/hdds/ed78929e-9b9e-4304-bdcd-e93070d12e9d/DS-a4f83017-cfc1-4761-b7ea-c8866f31be3d/container.db, /home/runner/work/ozone/ozone/hadoop-ozone/integration-test/target/test-dir/MiniOzoneClusterImpl-ed78929e-9b9e-4304-bdcd-e93070d12e9d/ozone-meta/datanode-4/data-0/hdds/ed78929e-9b9e-4304-bdcd-e93070d12e9d/DS-15f6d1e7-b08a-449e-b2a6-30cd9d595b2c/container.db]
2024-06-22 13:32:41,649 [ForkJoinPool.commonPool-worker-1] INFO  utils.DatanodeStoreCache (DatanodeStoreCache.java:removeDB(110)) - Removed db /home/runner/work/ozone/ozone/hadoop-ozone/integration-test/target/test-dir/MiniOzoneClusterImpl-ed78929e-9b9e-4304-bdcd-e93070d12e9d/ozone-meta/datanode-1/data-0/hdds/ed78929e-9b9e-4304-bdcd-e93070d12e9d/DS-dd9ad6de-a157-463d-a53e-4eb42a5603ad/container.db from cache
2024-06-22 13:32:41,649 [ForkJoinPool.commonPool-worker-1] INFO  volume.HddsVolume (HddsVolume.java:closeDbStore(470)) - SchemaV3 db is stopped at /home/runner/work/ozone/ozone/hadoop-ozone/integration-test/target/test-dir/MiniOzoneClusterImpl-ed78929e-9b9e-4304-bdcd-e93070d12e9d/ozone-meta/datanode-1/data-0/hdds/ed78929e-9b9e-4304-bdcd-e93070d12e9d/DS-dd9ad6de-a157-463d-a53e-4eb42a5603ad/container.db for volume DS-dd9ad6de-a157-463d-a53e-4eb42a5603ad
2024-06-22 13:32:41,649 [ForkJoinPool.commonPool-worker-1] INFO  utils.BackgroundService (BackgroundService.java:shutdown(160)) - Shutting down service BlockDeletingService
2024-06-22 13:32:41,650 [ForkJoinPool.commonPool-worker-1] INFO  utils.BackgroundService (BackgroundService.java:shutdown(160)) - Shutting down service StaleRecoveringContainerScrubbingService
2024-06-22 13:32:41,650 [ForkJoinPool.commonPool-worker-1] INFO  statemachine.DatanodeStateMachine (DatanodeStateMachine.java:stopDaemon(628)) - Ozone container server stopped.
2024-06-22 13:32:41,651 [ForkJoinPool.commonPool-worker-1] INFO  handler.ContextHandler (ContextHandler.java:doStop(1159)) - Stopped o.e.j.w.WebAppContext@45f854e9{hddsDatanode,/,null,STOPPED}{file:/home/runner/work/ozone/ozone/hadoop-hdds/container-service/target/classes/webapps/hddsDatanode}
2024-06-22 13:32:41,651 [ForkJoinPool.commonPool-worker-1] INFO  server.AbstractConnector (AbstractConnector.java:doStop(383)) - Stopped ServerConnector@663e2cfd{HTTP/1.1, (http/1.1)}{0.0.0.0:15009}
2024-06-22 13:32:41,651 [ForkJoinPool.commonPool-worker-1] INFO  server.session (HouseKeeper.java:stopScavenging(149)) - node0 Stopped scavenging
2024-06-22 13:32:41,651 [ForkJoinPool.commonPool-worker-1] INFO  handler.ContextHandler (ContextHandler.java:doStop(1159)) - Stopped o.e.j.s.ServletContextHandler@f4352c6{static,/static,file:///home/runner/work/ozone/ozone/hadoop-hdds/container-service/target/classes/webapps/static,STOPPED}
2024-06-22 13:32:41,651 [ForkJoinPool.commonPool-worker-1] INFO  handler.ContextHandler (ContextHandler.java:doStop(1159)) - Stopped o.e.j.s.ServletContextHandler@543eacd5{logs,/logs,file:///home/runner/work/ozone/ozone/hadoop-ozone/integration-test/target/log,STOPPED}
2024-06-22 13:32:41,653 [ForkJoinPool.commonPool-worker-1] INFO  ozone.HddsDatanodeClientProtocolServer (HddsDatanodeClientProtocolServer.java:stop(83)) - Stopping the RPC server for Client Protocol
2024-06-22 13:32:41,653 [ForkJoinPool.commonPool-worker-1] INFO  ipc.Server (Server.java:stop(3523)) - Stopping server on 15010
2024-06-22 13:32:41,653 [IPC Server Responder] INFO  ipc.Server (Server.java:run(1567)) - Stopping IPC Server Responder
2024-06-22 13:32:41,653 [IPC Server listener on 15010] INFO  ipc.Server (Server.java:run(1434)) - Stopping IPC Server listener on 15010
2024-06-22 13:32:41,722 [ForkJoinPool.commonPool-worker-2] INFO  utils.DatanodeStoreCache (DatanodeStoreCache.java:shutdownCache(116)) - Skip clearing cache in mini cluster mode. Entries left: [/home/runner/work/ozone/ozone/hadoop-ozone/integration-test/target/test-dir/MiniOzoneClusterImpl-ed78929e-9b9e-4304-bdcd-e93070d12e9d/ozone-meta/datanode-2/data-0/hdds/ed78929e-9b9e-4304-bdcd-e93070d12e9d/DS-7de87680-360f-44c2-8eed-eb86cd310c28/container.db, /home/runner/work/ozone/ozone/hadoop-ozone/integration-test/target/test-dir/MiniOzoneClusterImpl-ed78929e-9b9e-4304-bdcd-e93070d12e9d/ozone-meta/datanode-3/data-0/hdds/ed78929e-9b9e-4304-bdcd-e93070d12e9d/DS-a4f83017-cfc1-4761-b7ea-c8866f31be3d/container.db, /home/runner/work/ozone/ozone/hadoop-ozone/integration-test/target/test-dir/MiniOzoneClusterImpl-ed78929e-9b9e-4304-bdcd-e93070d12e9d/ozone-meta/datanode-4/data-0/hdds/ed78929e-9b9e-4304-bdcd-e93070d12e9d/DS-15f6d1e7-b08a-449e-b2a6-30cd9d595b2c/container.db]
2024-06-22 13:32:41,723 [ForkJoinPool.commonPool-worker-2] INFO  utils.DatanodeStoreCache (DatanodeStoreCache.java:removeDB(110)) - Removed db /home/runner/work/ozone/ozone/hadoop-ozone/integration-test/target/test-dir/MiniOzoneClusterImpl-ed78929e-9b9e-4304-bdcd-e93070d12e9d/ozone-meta/datanode-2/data-0/hdds/ed78929e-9b9e-4304-bdcd-e93070d12e9d/DS-7de87680-360f-44c2-8eed-eb86cd310c28/container.db from cache
2024-06-22 13:32:41,723 [ForkJoinPool.commonPool-worker-2] INFO  volume.HddsVolume (HddsVolume.java:closeDbStore(470)) - SchemaV3 db is stopped at /home/runner/work/ozone/ozone/hadoop-ozone/integration-test/target/test-dir/MiniOzoneClusterImpl-ed78929e-9b9e-4304-bdcd-e93070d12e9d/ozone-meta/datanode-2/data-0/hdds/ed78929e-9b9e-4304-bdcd-e93070d12e9d/DS-7de87680-360f-44c2-8eed-eb86cd310c28/container.db for volume DS-7de87680-360f-44c2-8eed-eb86cd310c28
2024-06-22 13:32:41,723 [ForkJoinPool.commonPool-worker-2] INFO  utils.BackgroundService (BackgroundService.java:shutdown(160)) - Shutting down service BlockDeletingService
2024-06-22 13:32:41,724 [ForkJoinPool.commonPool-worker-2] INFO  utils.BackgroundService (BackgroundService.java:shutdown(160)) - Shutting down service StaleRecoveringContainerScrubbingService
2024-06-22 13:32:41,724 [ForkJoinPool.commonPool-worker-2] INFO  statemachine.DatanodeStateMachine (DatanodeStateMachine.java:stopDaemon(628)) - Ozone container server stopped.
2024-06-22 13:32:41,724 [ForkJoinPool.commonPool-worker-2] INFO  handler.ContextHandler (ContextHandler.java:doStop(1159)) - Stopped o.e.j.w.WebAppContext@55f77306{hddsDatanode,/,null,STOPPED}{file:/home/runner/work/ozone/ozone/hadoop-hdds/container-service/target/classes/webapps/hddsDatanode}
2024-06-22 13:32:41,725 [ForkJoinPool.commonPool-worker-2] INFO  server.AbstractConnector (AbstractConnector.java:doStop(383)) - Stopped ServerConnector@46eaf531{HTTP/1.1, (http/1.1)}{0.0.0.0:15018}
2024-06-22 13:32:41,725 [ForkJoinPool.commonPool-worker-2] INFO  server.session (HouseKeeper.java:stopScavenging(149)) - node0 Stopped scavenging
2024-06-22 13:32:41,725 [ForkJoinPool.commonPool-worker-2] INFO  handler.ContextHandler (ContextHandler.java:doStop(1159)) - Stopped o.e.j.s.ServletContextHandler@1af1aae9{static,/static,file:///home/runner/work/ozone/ozone/hadoop-hdds/container-service/target/classes/webapps/static,STOPPED}
2024-06-22 13:32:41,725 [ForkJoinPool.commonPool-worker-2] INFO  handler.ContextHandler (ContextHandler.java:doStop(1159)) - Stopped o.e.j.s.ServletContextHandler@21ca613b{logs,/logs,file:///home/runner/work/ozone/ozone/hadoop-ozone/integration-test/target/log,STOPPED}
2024-06-22 13:32:41,726 [ForkJoinPool.commonPool-worker-2] INFO  ozone.HddsDatanodeClientProtocolServer (HddsDatanodeClientProtocolServer.java:stop(83)) - Stopping the RPC server for Client Protocol
2024-06-22 13:32:41,726 [ForkJoinPool.commonPool-worker-2] INFO  ipc.Server (Server.java:stop(3523)) - Stopping server on 15019
2024-06-22 13:32:41,726 [IPC Server listener on 15019] INFO  ipc.Server (Server.java:run(1434)) - Stopping IPC Server listener on 15019
2024-06-22 13:32:41,726 [IPC Server Responder] INFO  ipc.Server (Server.java:run(1567)) - Stopping IPC Server Responder
2024-06-22 13:32:41,783 [EventQueue-StaleNodeForStaleNodeHandler] INFO  node.StaleNodeHandler (StaleNodeHandler.java:onMessage(57)) - Datanode c511b233-3aa4-4954-9335-f5d54c64e497(localhost/127.0.0.1) moved to stale state. Finalizing its pipelines [PipelineID=d4c8851d-4300-4327-9eb4-39932c3c694b, PipelineID=b956bdd5-41b8-45c8-8b94-b33c5e379cf8, PipelineID=fdf6ad23-aa6e-43b3-a4e5-416d015375cf]
2024-06-22 13:32:41,783 [EventQueue-StaleNodeForStaleNodeHandler] INFO  pipeline.PipelineManagerImpl (PipelineManagerImpl.java:closePipeline(518)) - Pipeline PipelineID=d4c8851d-4300-4327-9eb4-39932c3c694b moved to CLOSED state
2024-06-22 13:32:41,784 [EventQueue-StaleNodeForStaleNodeHandler] INFO  pipeline.PipelineManagerImpl (PipelineManagerImpl.java:closePipeline(518)) - Pipeline PipelineID=b956bdd5-41b8-45c8-8b94-b33c5e379cf8 moved to CLOSED state
2024-06-22 13:32:41,784 [EventQueue-StaleNodeForStaleNodeHandler] INFO  pipeline.PipelineManagerImpl (PipelineManagerImpl.java:closePipeline(518)) - Pipeline PipelineID=fdf6ad23-aa6e-43b3-a4e5-416d015375cf moved to CLOSED state
2024-06-22 13:32:41,784 [EventQueue-StaleNodeForStaleNodeHandler] INFO  node.StaleNodeHandler (StaleNodeHandler.java:onMessage(57)) - Datanode fdf93896-5abf-403c-99a8-bb8ea43c9a14(localhost/127.0.0.1) moved to stale state. Finalizing its pipelines [PipelineID=d4c8851d-4300-4327-9eb4-39932c3c694b, PipelineID=b956bdd5-41b8-45c8-8b94-b33c5e379cf8, PipelineID=4ed428f0-b8d8-465b-8fad-5b9310bc09e2]
2024-06-22 13:32:41,785 [EventQueue-StaleNodeForStaleNodeHandler] INFO  pipeline.PipelineManagerImpl (PipelineManagerImpl.java:closePipeline(518)) - Pipeline PipelineID=4ed428f0-b8d8-465b-8fad-5b9310bc09e2 moved to CLOSED state
2024-06-22 13:32:41,785 [EventQueue-StaleNodeForStaleNodeHandler] INFO  node.StaleNodeHandler (StaleNodeHandler.java:onMessage(57)) - Datanode b47eb027-4b7a-4ddc-bf7f-0870758e0604(localhost/127.0.0.1) moved to stale state. Finalizing its pipelines [PipelineID=d4c8851d-4300-4327-9eb4-39932c3c694b, PipelineID=b956bdd5-41b8-45c8-8b94-b33c5e379cf8, PipelineID=bf9e02a1-c300-42bd-959c-756ec7fadb3c]
2024-06-22 13:32:41,786 [EventQueue-StaleNodeForStaleNodeHandler] INFO  pipeline.PipelineManagerImpl (PipelineManagerImpl.java:closePipeline(518)) - Pipeline PipelineID=bf9e02a1-c300-42bd-959c-756ec7fadb3c moved to CLOSED state
2024-06-22 13:32:41,794 [main] INFO  utils.DatanodeStoreCache (DatanodeStoreCache.java:shutdownCache(116)) - Skip clearing cache in mini cluster mode. Entries left: [/home/runner/work/ozone/ozone/hadoop-ozone/integration-test/target/test-dir/MiniOzoneClusterImpl-ed78929e-9b9e-4304-bdcd-e93070d12e9d/ozone-meta/datanode-3/data-0/hdds/ed78929e-9b9e-4304-bdcd-e93070d12e9d/DS-a4f83017-cfc1-4761-b7ea-c8866f31be3d/container.db, /home/runner/work/ozone/ozone/hadoop-ozone/integration-test/target/test-dir/MiniOzoneClusterImpl-ed78929e-9b9e-4304-bdcd-e93070d12e9d/ozone-meta/datanode-4/data-0/hdds/ed78929e-9b9e-4304-bdcd-e93070d12e9d/DS-15f6d1e7-b08a-449e-b2a6-30cd9d595b2c/container.db]
2024-06-22 13:32:41,795 [main] INFO  utils.DatanodeStoreCache (DatanodeStoreCache.java:removeDB(110)) - Removed db /home/runner/work/ozone/ozone/hadoop-ozone/integration-test/target/test-dir/MiniOzoneClusterImpl-ed78929e-9b9e-4304-bdcd-e93070d12e9d/ozone-meta/datanode-3/data-0/hdds/ed78929e-9b9e-4304-bdcd-e93070d12e9d/DS-a4f83017-cfc1-4761-b7ea-c8866f31be3d/container.db from cache
2024-06-22 13:32:41,795 [main] INFO  volume.HddsVolume (HddsVolume.java:closeDbStore(470)) - SchemaV3 db is stopped at /home/runner/work/ozone/ozone/hadoop-ozone/integration-test/target/test-dir/MiniOzoneClusterImpl-ed78929e-9b9e-4304-bdcd-e93070d12e9d/ozone-meta/datanode-3/data-0/hdds/ed78929e-9b9e-4304-bdcd-e93070d12e9d/DS-a4f83017-cfc1-4761-b7ea-c8866f31be3d/container.db for volume DS-a4f83017-cfc1-4761-b7ea-c8866f31be3d
2024-06-22 13:32:41,796 [main] INFO  utils.BackgroundService (BackgroundService.java:shutdown(160)) - Shutting down service BlockDeletingService
2024-06-22 13:32:41,796 [main] INFO  utils.BackgroundService (BackgroundService.java:shutdown(160)) - Shutting down service StaleRecoveringContainerScrubbingService
2024-06-22 13:32:41,796 [main] INFO  statemachine.DatanodeStateMachine (DatanodeStateMachine.java:stopDaemon(628)) - Ozone container server stopped.
2024-06-22 13:32:41,797 [main] INFO  handler.ContextHandler (ContextHandler.java:doStop(1159)) - Stopped o.e.j.w.WebAppContext@24d815da{hddsDatanode,/,null,STOPPED}{file:/home/runner/work/ozone/ozone/hadoop-hdds/container-service/target/classes/webapps/hddsDatanode}
2024-06-22 13:32:41,798 [main] INFO  server.AbstractConnector (AbstractConnector.java:doStop(383)) - Stopped ServerConnector@3e5080ce{HTTP/1.1, (http/1.1)}{0.0.0.0:15027}
2024-06-22 13:32:41,798 [main] INFO  server.session (HouseKeeper.java:stopScavenging(149)) - node0 Stopped scavenging
2024-06-22 13:32:41,798 [main] INFO  handler.ContextHandler (ContextHandler.java:doStop(1159)) - Stopped o.e.j.s.ServletContextHandler@5403d95{static,/static,file:///home/runner/work/ozone/ozone/hadoop-hdds/container-service/target/classes/webapps/static,STOPPED}
2024-06-22 13:32:41,798 [main] INFO  handler.ContextHandler (ContextHandler.java:doStop(1159)) - Stopped o.e.j.s.ServletContextHandler@2127c46b{logs,/logs,file:///home/runner/work/ozone/ozone/hadoop-ozone/integration-test/target/log,STOPPED}
2024-06-22 13:32:41,799 [main] INFO  ozone.HddsDatanodeClientProtocolServer (HddsDatanodeClientProtocolServer.java:stop(83)) - Stopping the RPC server for Client Protocol
2024-06-22 13:32:41,799 [main] INFO  ipc.Server (Server.java:stop(3523)) - Stopping server on 15028
2024-06-22 13:32:41,800 [IPC Server listener on 15028] INFO  ipc.Server (Server.java:run(1434)) - Stopping IPC Server listener on 15028
2024-06-22 13:32:41,800 [IPC Server Responder] INFO  ipc.Server (Server.java:run(1567)) - Stopping IPC Server Responder
2024-06-22 13:32:41,831 [ForkJoinPool.commonPool-worker-3] INFO  utils.DatanodeStoreCache (DatanodeStoreCache.java:shutdownCache(116)) - Skip clearing cache in mini cluster mode. Entries left: [/home/runner/work/ozone/ozone/hadoop-ozone/integration-test/target/test-dir/MiniOzoneClusterImpl-ed78929e-9b9e-4304-bdcd-e93070d12e9d/ozone-meta/datanode-4/data-0/hdds/ed78929e-9b9e-4304-bdcd-e93070d12e9d/DS-15f6d1e7-b08a-449e-b2a6-30cd9d595b2c/container.db]
2024-06-22 13:32:41,833 [ForkJoinPool.commonPool-worker-3] INFO  utils.DatanodeStoreCache (DatanodeStoreCache.java:removeDB(110)) - Removed db /home/runner/work/ozone/ozone/hadoop-ozone/integration-test/target/test-dir/MiniOzoneClusterImpl-ed78929e-9b9e-4304-bdcd-e93070d12e9d/ozone-meta/datanode-4/data-0/hdds/ed78929e-9b9e-4304-bdcd-e93070d12e9d/DS-15f6d1e7-b08a-449e-b2a6-30cd9d595b2c/container.db from cache
2024-06-22 13:32:41,833 [ForkJoinPool.commonPool-worker-3] INFO  volume.HddsVolume (HddsVolume.java:closeDbStore(470)) - SchemaV3 db is stopped at /home/runner/work/ozone/ozone/hadoop-ozone/integration-test/target/test-dir/MiniOzoneClusterImpl-ed78929e-9b9e-4304-bdcd-e93070d12e9d/ozone-meta/datanode-4/data-0/hdds/ed78929e-9b9e-4304-bdcd-e93070d12e9d/DS-15f6d1e7-b08a-449e-b2a6-30cd9d595b2c/container.db for volume DS-15f6d1e7-b08a-449e-b2a6-30cd9d595b2c
2024-06-22 13:32:41,833 [ForkJoinPool.commonPool-worker-3] INFO  utils.BackgroundService (BackgroundService.java:shutdown(160)) - Shutting down service BlockDeletingService
2024-06-22 13:32:41,833 [ForkJoinPool.commonPool-worker-3] INFO  utils.BackgroundService (BackgroundService.java:shutdown(160)) - Shutting down service StaleRecoveringContainerScrubbingService
2024-06-22 13:32:41,833 [ForkJoinPool.commonPool-worker-3] INFO  statemachine.DatanodeStateMachine (DatanodeStateMachine.java:stopDaemon(628)) - Ozone container server stopped.
2024-06-22 13:32:41,834 [ForkJoinPool.commonPool-worker-3] INFO  handler.ContextHandler (ContextHandler.java:doStop(1159)) - Stopped o.e.j.w.WebAppContext@65b75087{hddsDatanode,/,null,STOPPED}{file:/home/runner/work/ozone/ozone/hadoop-hdds/container-service/target/classes/webapps/hddsDatanode}
2024-06-22 13:32:41,834 [ForkJoinPool.commonPool-worker-3] INFO  server.AbstractConnector (AbstractConnector.java:doStop(383)) - Stopped ServerConnector@6f854741{HTTP/1.1, (http/1.1)}{0.0.0.0:15036}
2024-06-22 13:32:41,835 [ForkJoinPool.commonPool-worker-3] INFO  server.session (HouseKeeper.java:stopScavenging(149)) - node0 Stopped scavenging
2024-06-22 13:32:41,835 [ForkJoinPool.commonPool-worker-3] INFO  handler.ContextHandler (ContextHandler.java:doStop(1159)) - Stopped o.e.j.s.ServletContextHandler@52fb37d7{static,/static,file:///home/runner/work/ozone/ozone/hadoop-hdds/container-service/target/classes/webapps/static,STOPPED}
2024-06-22 13:32:41,835 [ForkJoinPool.commonPool-worker-3] INFO  handler.ContextHandler (ContextHandler.java:doStop(1159)) - Stopped o.e.j.s.ServletContextHandler@1d2fd73c{logs,/logs,file:///home/runner/work/ozone/ozone/hadoop-ozone/integration-test/target/log,STOPPED}
2024-06-22 13:32:41,835 [ForkJoinPool.commonPool-worker-3] INFO  ozone.HddsDatanodeClientProtocolServer (HddsDatanodeClientProtocolServer.java:stop(83)) - Stopping the RPC server for Client Protocol
2024-06-22 13:32:41,835 [ForkJoinPool.commonPool-worker-3] INFO  ipc.Server (Server.java:stop(3523)) - Stopping server on 15037
2024-06-22 13:32:41,836 [IPC Server listener on 15037] INFO  ipc.Server (Server.java:run(1434)) - Stopping IPC Server listener on 15037
2024-06-22 13:32:41,836 [IPC Server Responder] INFO  ipc.Server (Server.java:run(1567)) - Stopping IPC Server Responder
2024-06-22 13:32:41,836 [main] INFO  ozone.MiniOzoneClusterImpl (MiniOzoneClusterImpl.java:stopSCM(486)) - Stopping the StorageContainerManager
2024-06-22 13:32:41,837 [main] INFO  server.StorageContainerManager (StorageContainerManager.java:stop(1645)) - Container Balancer is not running.
2024-06-22 13:32:41,837 [main] INFO  server.StorageContainerManager (StorageContainerManager.java:stopReplicationManager(1782)) - Stopping Replication Manager Service.
2024-06-22 13:32:41,837 [main] INFO  replication.ReplicationManager (ReplicationManager.java:stop(329)) - Stopping Replication Monitor Thread.
2024-06-22 13:32:41,837 [OverReplicatedProcessor] WARN  replication.UnhealthyReplicationProcessor (UnhealthyReplicationProcessor.java:run(180)) - OverReplicatedProcessor interrupted. Exiting...
2024-06-22 13:32:41,837 [ReplicationMonitor] INFO  replication.ReplicationManager (ReplicationManager.java:run(938)) - Replication Monitor Thread is stopped
2024-06-22 13:32:41,837 [UnderReplicatedProcessor] WARN  replication.UnhealthyReplicationProcessor (UnhealthyReplicationProcessor.java:run(180)) - UnderReplicatedProcessor interrupted. Exiting...
2024-06-22 13:32:41,837 [main] INFO  server.StorageContainerManager (StorageContainerManager.java:stop(1654)) - Stopping the Datanode Admin Monitor.
2024-06-22 13:32:41,837 [main] INFO  server.StorageContainerManager (StorageContainerManager.java:stop(1661)) - Stopping datanode service RPC server
2024-06-22 13:32:41,837 [main] INFO  server.SCMDatanodeProtocolServer (SCMDatanodeProtocolServer.java:stop(425)) - Stopping the RPC server for DataNodes
2024-06-22 13:32:41,838 [main] INFO  ipc.Server (Server.java:stop(3523)) - Stopping server on 15002
2024-06-22 13:32:41,842 [IPC Server listener on 15002] INFO  ipc.Server (Server.java:run(1434)) - Stopping IPC Server listener on 15002
2024-06-22 13:32:41,842 [IPC Server Responder] INFO  ipc.Server (Server.java:run(1567)) - Stopping IPC Server Responder
2024-06-22 13:32:41,883 [SCMHeartbeatProcessor-0] WARN  node.NodeStateManager (NodeStateManager.java:scheduleNextHealthCheck(883)) - Current Thread is interrupted, shutting down HB processing thread for Node Manager.
2024-06-22 13:32:41,883 [main] INFO  server.StorageContainerManager (StorageContainerManager.java:stop(1669)) - Stopping block service RPC server
2024-06-22 13:32:41,883 [main] INFO  server.SCMBlockProtocolServer (SCMBlockProtocolServer.java:stop(176)) - Stopping the RPC server for Block Protocol
2024-06-22 13:32:41,883 [main] INFO  ipc.Server (Server.java:stop(3523)) - Stopping server on 15001
2024-06-22 13:32:41,888 [IPC Server listener on 15001] INFO  ipc.Server (Server.java:run(1434)) - Stopping IPC Server listener on 15001
2024-06-22 13:32:41,888 [IPC Server Responder] INFO  ipc.Server (Server.java:run(1567)) - Stopping IPC Server Responder
2024-06-22 13:32:41,889 [main] INFO  server.StorageContainerManager (StorageContainerManager.java:stop(1676)) - Stopping the StorageContainerLocationProtocol RPC server
2024-06-22 13:32:41,889 [main] INFO  server.SCMClientProtocolServer (SCMClientProtocolServer.java:stop(213)) - Stopping the RPC server for Client Protocol
2024-06-22 13:32:41,889 [main] INFO  ipc.Server (Server.java:stop(3523)) - Stopping server on 15000
2024-06-22 13:32:41,891 [IPC Server Responder] INFO  ipc.Server (Server.java:run(1567)) - Stopping IPC Server Responder
2024-06-22 13:32:41,892 [main] INFO  server.StorageContainerManager (StorageContainerManager.java:stop(1683)) - Stopping Storage Container Manager HTTP server.
2024-06-22 13:32:41,892 [IPC Server listener on 15000] INFO  ipc.Server (Server.java:run(1434)) - Stopping IPC Server listener on 15000
2024-06-22 13:32:41,894 [main] INFO  handler.ContextHandler (ContextHandler.java:doStop(1159)) - Stopped o.e.j.w.WebAppContext@1fc4b8d6{scm,/,null,STOPPED}{file:/home/runner/work/ozone/ozone/hadoop-ozone/integration-test/target/test-classes/webapps/scm}
2024-06-22 13:32:41,895 [main] INFO  server.AbstractConnector (AbstractConnector.java:doStop(383)) - Stopped ServerConnector@63d14dbf{HTTP/1.1, (http/1.1)}{0.0.0.0:15003}
2024-06-22 13:32:41,895 [main] INFO  server.session (HouseKeeper.java:stopScavenging(149)) - node0 Stopped scavenging
2024-06-22 13:32:41,896 [main] INFO  handler.ContextHandler (ContextHandler.java:doStop(1159)) - Stopped o.e.j.s.ServletContextHandler@222a7429{static,/static,file:///home/runner/work/ozone/ozone/hadoop-ozone/integration-test/target/test-classes/webapps/static,STOPPED}
2024-06-22 13:32:41,896 [main] INFO  handler.ContextHandler (ContextHandler.java:doStop(1159)) - Stopped o.e.j.s.ServletContextHandler@291522f1{logs,/logs,file:///home/runner/work/ozone/ozone/hadoop-ozone/integration-test/target/log,STOPPED}
2024-06-22 13:32:41,898 [main] INFO  server.StorageContainerManager (StorageContainerManager.java:stop(1691)) - Stopping SCM LayoutVersionManager Service.
2024-06-22 13:32:41,898 [main] INFO  server.StorageContainerManager (StorageContainerManager.java:stop(1703)) - Stopping Block Manager Service.
2024-06-22 13:32:41,898 [main] INFO  utils.BackgroundService (BackgroundService.java:shutdown(160)) - Shutting down service SCMBlockDeletingService
2024-06-22 13:32:41,898 [main] INFO  utils.BackgroundService (BackgroundService.java:shutdown(160)) - Shutting down service SCMBlockDeletingService
2024-06-22 13:32:41,899 [main] INFO  server.StorageContainerManager (StorageContainerManager.java:stop(1727)) - Stopping SCM Event Queue.
2024-06-22 13:32:41,901 [JvmPauseMonitor0] INFO  util.JvmPauseMonitor (JvmPauseMonitor.java:run(152)) - JvmPauseMonitor-698ffdc4-bdb1-423c-a0c1-20aa69ae6712: Stopped
2024-06-22 13:32:41,902 [main] INFO  server.StorageContainerManager (StorageContainerManager.java:stop(1738)) - Stopping SCM HA services.
2024-06-22 13:32:41,902 [main] INFO  pipeline.BackgroundPipelineCreator (BackgroundPipelineCreator.java:stop(152)) - Stopping RatisPipelineUtilsThread.
2024-06-22 13:32:41,902 [RatisPipelineUtilsThread-0] WARN  pipeline.BackgroundPipelineCreator (BackgroundPipelineCreator.java:run(183)) - RatisPipelineUtilsThread is interrupted.
2024-06-22 13:32:41,902 [main] INFO  BackgroundPipelineScrubber (BackgroundSCMService.java:stop(128)) - Stopping BackgroundPipelineScrubber Service.
2024-06-22 13:32:41,902 [BackgroundPipelineScrubber] WARN  BackgroundPipelineScrubber (BackgroundSCMService.java:run(112)) - BackgroundPipelineScrubber is interrupted, exit
2024-06-22 13:32:41,903 [main] INFO  impl.MetricsSystemImpl (MetricsSystemImpl.java:stop(210)) - Stopping XceiverClientMetrics metrics system...
2024-06-22 13:32:41,904 [prometheus] INFO  impl.MetricsSinkAdapter (MetricsSinkAdapter.java:publishMetricsFromQueue(141)) - prometheus thread interrupted.
2024-06-22 13:32:41,904 [main] INFO  impl.MetricsSystemImpl (MetricsSystemImpl.java:stop(216)) - XceiverClientMetrics metrics system stopped.
2024-06-22 13:32:41,905 [main] WARN  pipeline.BackgroundPipelineCreator (BackgroundPipelineCreator.java:stop(148)) - RatisPipelineUtilsThread is not running, just ignore.
2024-06-22 13:32:41,905 [main] INFO  BackgroundPipelineScrubber (BackgroundSCMService.java:stop(123)) - BackgroundPipelineScrubber Service is not running, skip stop.
2024-06-22 13:32:41,905 [ExpiredContainerReplicaOpScrubber] WARN  ExpiredContainerReplicaOpScrubber (BackgroundSCMService.java:run(112)) - ExpiredContainerReplicaOpScrubber is interrupted, exit
2024-06-22 13:32:41,905 [main] INFO  ExpiredContainerReplicaOpScrubber (BackgroundSCMService.java:stop(128)) - Stopping ExpiredContainerReplicaOpScrubber Service.
2024-06-22 13:32:41,906 [main] INFO  utils.BackgroundService (BackgroundService.java:shutdown(160)) - Shutting down service SCMBlockDeletingService
2024-06-22 13:32:41,906 [main] INFO  replication.ReplicationManager (ReplicationManager.java:stop(339)) - Replication Monitor Thread is not running.
2024-06-22 13:32:41,906 [main] WARN  balancer.ContainerBalancer (ContainerBalancer.java:stop(327)) - Cannot stop Container Balancer because it's not running or stopping
2024-06-22 13:32:41,906 [main] INFO  server.StorageContainerManager (StorageContainerManager.java:stop(1773)) - Stopping SCM MetadataStore.
]]></system-out>
  </testcase>
  <testcase name="testContainerReplication(String, boolean)[1]" classname="org.apache.hadoop.ozone.container.TestContainerReplication" time="31.474"/>
  <testcase name="testContainerReplication(String, boolean)[2]" classname="org.apache.hadoop.ozone.container.TestContainerReplication" time="29.298"/>
  <testcase name="testContainerReplication(String, boolean)[3]" classname="org.apache.hadoop.ozone.container.TestContainerReplication" time="27.969"/>
  <testcase name="testContainerReplication(String, boolean)[4]" classname="org.apache.hadoop.ozone.container.TestContainerReplication" time="29.036"/>
  <testcase name="testContainerReplication(String, boolean)[5]" classname="org.apache.hadoop.ozone.container.TestContainerReplication" time="30.065"/>
  <testcase name="testContainerReplication(String, boolean)[6]" classname="org.apache.hadoop.ozone.container.TestContainerReplication" time="29.06"/>
</testsuite>