<?xml version="1.0" encoding="UTF-8"?>
<testsuite xmlns:xsi="http://www.w3.org/2001/XMLSchema-instance" xsi:noNamespaceSchemaLocation="https://maven.apache.org/surefire/maven-surefire-plugin/xsd/surefire-test-report-3.0.xsd" version="3.0" name="org.apache.hadoop.fs.ozone.TestOzoneFileSystem" time="295.795" tests="176" errors="0" skipped="0" failures="1">
  <properties>
    <property name="awt.toolkit" value="sun.awt.X11.XToolkit"/>
    <property name="file.encoding.pkg" value="sun.io"/>
    <property name="java.specification.version" value="1.8"/>
    <property name="sun.cpu.isalist" value=""/>
    <property name="sun.jnu.encoding" value="UTF-8"/>
    <property name="java.class.path" value="/home/runner/work/ozone/ozone/hadoop-ozone/integration-test/target/test-classes:/home/runner/work/ozone/ozone/hadoop-ozone/integration-test/target/classes:/home/runner/.m2/repository/org/apache/ozone/ozone-common/1.4.0-SNAPSHOT/ozone-common-1.4.0-SNAPSHOT.jar:/home/runner/.m2/repository/io/grpc/grpc-netty/1.51.1/grpc-netty-1.51.1.jar:/home/runner/.m2/repository/io/grpc/grpc-core/1.51.1/grpc-core-1.51.1.jar:/home/runner/.m2/repository/com/google/android/annotations/4.1.1.4/annotations-4.1.1.4.jar:/home/runner/.m2/repository/org/codehaus/mojo/animal-sniffer-annotations/1.21/animal-sniffer-annotations-1.21.jar:/home/runner/.m2/repository/com/google/errorprone/error_prone_annotations/2.2.0/error_prone_annotations-2.2.0.jar:/home/runner/.m2/repository/io/perfmark/perfmark-api/0.25.0/perfmark-api-0.25.0.jar:/home/runner/.m2/repository/io/netty/netty-codec-http2/4.1.94.Final/netty-codec-http2-4.1.94.Final.jar:/home/runner/.m2/repository/io/netty/netty-common/4.1.94.Final/netty-common-4.1.94.Final.jar:/home/runner/.m2/repository/io/netty/netty-buffer/4.1.94.Final/netty-buffer-4.1.94.Final.jar:/home/runner/.m2/repository/io/netty/netty-codec-http/4.1.94.Final/netty-codec-http-4.1.94.Final.jar:/home/runner/.m2/repository/io/netty/netty-handler-proxy/4.1.94.Final/netty-handler-proxy-4.1.94.Final.jar:/home/runner/.m2/repository/io/netty/netty-codec-socks/4.1.94.Final/netty-codec-socks-4.1.94.Final.jar:/home/runner/.m2/repository/io/netty/netty-tcnative-boringssl-static/2.0.61.Final/netty-tcnative-boringssl-static-2.0.61.Final.jar:/home/runner/.m2/repository/io/netty/netty-tcnative-classes/2.0.61.Final/netty-tcnative-classes-2.0.61.Final.jar:/home/runner/.m2/repository/io/netty/netty-tcnative-boringssl-static/2.0.61.Final/netty-tcnative-boringssl-static-2.0.61.Final-linux-x86_64.jar:/home/runner/.m2/repository/io/netty/netty-tcnative-boringssl-static/2.0.61.Final/netty-tcnative-boringssl-static-2.0.61.Final-linux-aarch_64.jar:/home/runner/.m2/repository/io/netty/netty-tcnative-boringssl-static/2.0.61.Final/netty-tcnative-boringssl-static-2.0.61.Final-osx-x86_64.jar:/home/runner/.m2/repository/io/netty/netty-tcnative-boringssl-static/2.0.61.Final/netty-tcnative-boringssl-static-2.0.61.Final-osx-aarch_64.jar:/home/runner/.m2/repository/io/netty/netty-tcnative-boringssl-static/2.0.61.Final/netty-tcnative-boringssl-static-2.0.61.Final-windows-x86_64.jar:/home/runner/.m2/repository/org/apache/commons/commons-compress/1.21/commons-compress-1.21.jar:/home/runner/.m2/repository/org/apache/ozone/hdds-common/1.4.0-SNAPSHOT/hdds-common-1.4.0-SNAPSHOT.jar:/home/runner/.m2/repository/org/apache/ozone/hdds-client/1.4.0-SNAPSHOT/hdds-client-1.4.0-SNAPSHOT.jar:/home/runner/.m2/repository/org/apache/ozone/ozone-interface-client/1.4.0-SNAPSHOT/ozone-interface-client-1.4.0-SNAPSHOT.jar:/home/runner/.m2/repository/org/apache/hadoop/hadoop-hdfs-client/3.3.6/hadoop-hdfs-client-3.3.6.jar:/home/runner/.m2/repository/com/squareup/okhttp3/okhttp/4.9.3/okhttp-4.9.3.jar:/home/runner/.m2/repository/com/squareup/okio/okio/3.4.0/okio-3.4.0.jar:/home/runner/.m2/repository/com/squareup/okio/okio-jvm/3.4.0/okio-jvm-3.4.0.jar:/home/runner/.m2/repository/org/jetbrains/kotlin/kotlin-stdlib-jdk8/1.8.0/kotlin-stdlib-jdk8-1.8.0.jar:/home/runner/.m2/repository/org/jetbrains/kotlin/kotlin-stdlib-jdk7/1.8.0/kotlin-stdlib-jdk7-1.8.0.jar:/home/runner/.m2/repository/org/jetbrains/kotlin/kotlin-stdlib-common/1.6.21/kotlin-stdlib-common-1.6.21.jar:/home/runner/.m2/repository/org/apache/ozone/hdds-test-utils/1.4.0-SNAPSHOT/hdds-test-utils-1.4.0-SNAPSHOT.jar:/home/runner/.m2/repository/com/google/guava/guava/32.0.0-jre/guava-32.0.0-jre.jar:/home/runner/.m2/repository/com/google/guava/failureaccess/1.0.1/failureaccess-1.0.1.jar:/home/runner/.m2/repository/com/google/guava/listenablefuture/9999.0-empty-to-avoid-conflict-with-guava/listenablefuture-9999.0-empty-to-avoid-conflict-with-guava.jar:/home/runner/.m2/repository/com/google/code/findbugs/jsr305/3.0.0/jsr305-3.0.0.jar:/home/runner/.m2/repository/org/checkerframework/checker-qual/3.33.0/checker-qual-3.33.0.jar:/home/runner/.m2/repository/com/google/j2objc/j2objc-annotations/2.8/j2objc-annotations-2.8.jar:/home/runner/.m2/repository/commons-io/commons-io/2.11.0/commons-io-2.11.0.jar:/home/runner/.m2/repository/commons-logging/commons-logging/1.2/commons-logging-1.2.jar:/home/runner/.m2/repository/ch/qos/reload4j/reload4j/1.2.22/reload4j-1.2.22.jar:/home/runner/.m2/repository/org/slf4j/slf4j-api/1.7.36/slf4j-api-1.7.36.jar:/home/runner/.m2/repository/org/apache/logging/log4j/log4j-api/2.17.1/log4j-api-2.17.1.jar:/home/runner/.m2/repository/org/apache/ozone/hdds-server-scm/1.4.0-SNAPSHOT/hdds-server-scm-1.4.0-SNAPSHOT.jar:/home/runner/.m2/repository/org/apache/ozone/hdds-container-service/1.4.0-SNAPSHOT/hdds-container-service-1.4.0-SNAPSHOT.jar:/home/runner/.m2/repository/org/apache/ozone/hdds-hadoop-dependency-server/1.4.0-SNAPSHOT/hdds-hadoop-dependency-server-1.4.0-SNAPSHOT.jar:/home/runner/.m2/repository/org/apache/hadoop/hadoop-hdfs/3.3.6/hadoop-hdfs-3.3.6.jar:/home/runner/.m2/repository/commons-daemon/commons-daemon/1.0.13/commons-daemon-1.0.13.jar:/home/runner/.m2/repository/org/apache/ozone/hdds-server-framework/1.4.0-SNAPSHOT/hdds-server-framework-1.4.0-SNAPSHOT.jar:/home/runner/.m2/repository/io/dropwizard/metrics/metrics-core/3.2.4/metrics-core-3.2.4.jar:/home/runner/.m2/repository/org/apache/commons/commons-text/1.10.0/commons-text-1.10.0.jar:/home/runner/.m2/repository/org/bouncycastle/bcprov-jdk15on/1.67/bcprov-jdk15on-1.67.jar:/home/runner/.m2/repository/com/google/protobuf/protobuf-java/2.5.0/protobuf-java-2.5.0.jar:/home/runner/.m2/repository/org/apache/ozone/hdds-server-framework/1.4.0-SNAPSHOT/hdds-server-framework-1.4.0-SNAPSHOT-tests.jar:/home/runner/.m2/repository/org/apache/ozone/hdds-interface-server/1.4.0-SNAPSHOT/hdds-interface-server-1.4.0-SNAPSHOT.jar:/home/runner/.m2/repository/org/apache/ozone/hdds-interface-admin/1.4.0-SNAPSHOT/hdds-interface-admin-1.4.0-SNAPSHOT.jar:/home/runner/.m2/repository/org/apache/ozone/hdds-managed-rocksdb/1.4.0-SNAPSHOT/hdds-managed-rocksdb-1.4.0-SNAPSHOT.jar:/home/runner/.m2/repository/org/rocksdb/rocksdbjni/7.7.3/rocksdbjni-7.7.3.jar:/home/runner/.m2/repository/org/slf4j/slf4j-reload4j/1.7.36/slf4j-reload4j-1.7.36.jar:/home/runner/.m2/repository/org/apache/commons/commons-configuration2/2.1.1/commons-configuration2-2.1.1.jar:/home/runner/.m2/repository/commons-fileupload/commons-fileupload/1.5/commons-fileupload-1.5.jar:/home/runner/.m2/repository/org/apache/logging/log4j/log4j-core/2.17.1/log4j-core-2.17.1.jar:/home/runner/.m2/repository/com/lmax/disruptor/3.4.2/disruptor-3.4.2.jar:/home/runner/.m2/repository/org/eclipse/jetty/jetty-util/9.4.51.v20230217/jetty-util-9.4.51.v20230217.jar:/home/runner/.m2/repository/org/eclipse/jetty/jetty-server/9.4.51.v20230217/jetty-server-9.4.51.v20230217.jar:/home/runner/.m2/repository/org/eclipse/jetty/jetty-http/9.4.51.v20230217/jetty-http-9.4.51.v20230217.jar:/home/runner/.m2/repository/org/eclipse/jetty/jetty-io/9.4.51.v20230217/jetty-io-9.4.51.v20230217.jar:/home/runner/.m2/repository/org/eclipse/jetty/jetty-servlet/9.4.51.v20230217/jetty-servlet-9.4.51.v20230217.jar:/home/runner/.m2/repository/org/eclipse/jetty/jetty-security/9.4.51.v20230217/jetty-security-9.4.51.v20230217.jar:/home/runner/.m2/repository/org/eclipse/jetty/jetty-util-ajax/9.4.51.v20230217/jetty-util-ajax-9.4.51.v20230217.jar:/home/runner/.m2/repository/org/eclipse/jetty/jetty-webapp/9.4.51.v20230217/jetty-webapp-9.4.51.v20230217.jar:/home/runner/.m2/repository/org/eclipse/jetty/jetty-xml/9.4.51.v20230217/jetty-xml-9.4.51.v20230217.jar:/home/runner/.m2/repository/org/apache/ratis/ratis-server/2.5.1/ratis-server-2.5.1.jar:/home/runner/.m2/repository/org/apache/ratis/ratis-thirdparty-misc/1.0.4/ratis-thirdparty-misc-1.0.4.jar:/home/runner/.m2/repository/org/apache/ratis/ratis-proto/2.5.1/ratis-proto-2.5.1.jar:/home/runner/.m2/repository/org/apache/ratis/ratis-common/2.5.1/ratis-common-2.5.1.jar:/home/runner/.m2/repository/org/apache/ratis/ratis-client/2.5.1/ratis-client-2.5.1.jar:/home/runner/.m2/repository/org/apache/ratis/ratis-server-api/2.5.1/ratis-server-api-2.5.1.jar:/home/runner/.m2/repository/org/apache/ratis/ratis-metrics/2.5.1/ratis-metrics-2.5.1.jar:/home/runner/.m2/repository/io/prometheus/simpleclient_dropwizard/0.7.0/simpleclient_dropwizard-0.7.0.jar:/home/runner/.m2/repository/io/prometheus/simpleclient/0.7.0/simpleclient-0.7.0.jar:/home/runner/.m2/repository/io/prometheus/simpleclient_common/0.7.0/simpleclient_common-0.7.0.jar:/home/runner/.m2/repository/com/fasterxml/jackson/datatype/jackson-datatype-jsr310/2.13.4/jackson-datatype-jsr310-2.13.4.jar:/home/runner/.m2/repository/com/fasterxml/jackson/core/jackson-core/2.13.4/jackson-core-2.13.4.jar:/home/runner/.m2/repository/com/github/spotbugs/spotbugs-annotations/3.1.12/spotbugs-annotations-3.1.12.jar:/home/runner/.m2/repository/org/apache/ozone/rocksdb-checkpoint-differ/1.4.0-SNAPSHOT/rocksdb-checkpoint-differ-1.4.0-SNAPSHOT.jar:/home/runner/.m2/repository/org/jgrapht/jgrapht-core/1.0.1/jgrapht-core-1.0.1.jar:/home/runner/.m2/repository/org/jgrapht/jgrapht-ext/1.0.1/jgrapht-ext-1.0.1.jar:/home/runner/.m2/repository/org/tinyjee/jgraphx/jgraphx/2.0.0.1/jgraphx-2.0.0.1.jar:/home/runner/.m2/repository/jgraph/jgraph/5.13.0.0/jgraph-5.13.0.0.jar:/home/runner/.m2/repository/org/antlr/antlr4-runtime/4.5.3/antlr4-runtime-4.5.3.jar:/home/runner/.m2/repository/org/awaitility/awaitility/4.2.0/awaitility-4.2.0.jar:/home/runner/.m2/repository/org/hamcrest/hamcrest/2.1/hamcrest-2.1.jar:/home/runner/.m2/repository/org/apache/ozone/ozone-manager/1.4.0-SNAPSHOT/ozone-manager-1.4.0-SNAPSHOT.jar:/home/runner/.m2/repository/org/aspectj/aspectjrt/1.9.7/aspectjrt-1.9.7.jar:/home/runner/.m2/repository/org/aspectj/aspectjweaver/1.9.7/aspectjweaver-1.9.7.jar:/home/runner/.m2/repository/org/apache/ozone/hdds-interface-client/1.4.0-SNAPSHOT/hdds-interface-client-1.4.0-SNAPSHOT.jar:/home/runner/.m2/repository/org/apache/hadoop/thirdparty/hadoop-shaded-protobuf_3_7/1.1.1/hadoop-shaded-protobuf_3_7-1.1.1.jar:/home/runner/.m2/repository/org/apache/ozone/ozone-interface-storage/1.4.0-SNAPSHOT/ozone-interface-storage-1.4.0-SNAPSHOT.jar:/home/runner/.m2/repository/org/reflections/reflections/0.9.11/reflections-0.9.11.jar:/home/runner/.m2/repository/com/sun/jersey/jersey-client/1.19/jersey-client-1.19.jar:/home/runner/.m2/repository/org/codehaus/jackson/jackson-core-asl/1.9.13/jackson-core-asl-1.9.13.jar:/home/runner/.m2/repository/org/codehaus/jackson/jackson-mapper-asl/1.9.13/jackson-mapper-asl-1.9.13.jar:/home/runner/.m2/repository/org/codehaus/jackson/jackson-jaxrs/1.9.13/jackson-jaxrs-1.9.13.jar:/home/runner/.m2/repository/org/apache/ranger/ranger-intg/2.3.0/ranger-intg-2.3.0.jar:/home/runner/.m2/repository/org/apache/ranger/ranger-plugins-common/2.3.0/ranger-plugins-common-2.3.0.jar:/home/runner/.m2/repository/commons-lang/commons-lang/2.6/commons-lang-2.6.jar:/home/runner/.m2/repository/org/apache/ranger/ranger-plugins-cred/2.3.0/ranger-plugins-cred-2.3.0.jar:/home/runner/.m2/repository/org/apache/ranger/ranger-plugins-audit/2.3.0/ranger-plugins-audit-2.3.0.jar:/home/runner/.m2/repository/org/eclipse/jetty/jetty-client/9.4.51.v20230217/jetty-client-9.4.51.v20230217.jar:/home/runner/.m2/repository/org/apache/httpcomponents/httpmime/4.5.6/httpmime-4.5.6.jar:/home/runner/.m2/repository/org/apache/httpcomponents/httpcore-nio/4.4.13/httpcore-nio-4.4.13.jar:/home/runner/.m2/repository/org/apache/httpcomponents/httpasyncclient/4.1.3/httpasyncclient-4.1.3.jar:/home/runner/.m2/repository/com/carrotsearch/hppc/0.8.0/hppc-0.8.0.jar:/home/runner/.m2/repository/org/apache/orc/orc-core/1.5.8/orc-core-1.5.8.jar:/home/runner/.m2/repository/net/java/dev/jna/jna/5.2.0/jna-5.2.0.jar:/home/runner/.m2/repository/net/java/dev/jna/jna-platform/5.2.0/jna-platform-5.2.0.jar:/home/runner/.m2/repository/com/kstruct/gethostname4j/0.0.2/gethostname4j-0.0.2.jar:/home/runner/.m2/repository/org/apache/ranger/ranger-plugin-classloader/2.3.0/ranger-plugin-classloader-2.3.0.jar:/home/runner/.m2/repository/org/apache/ozone/hdds-rocks-native/1.4.0-SNAPSHOT/hdds-rocks-native-1.4.0-SNAPSHOT.jar:/home/runner/.m2/repository/org/apache/hadoop/hadoop-minikdc/3.3.6/hadoop-minikdc-3.3.6.jar:/home/runner/.m2/repository/org/apache/kerby/kerb-simplekdc/1.0.1/kerb-simplekdc-1.0.1.jar:/home/runner/.m2/repository/org/apache/kerby/kerb-client/1.0.1/kerb-client-1.0.1.jar:/home/runner/.m2/repository/org/apache/kerby/kerby-config/1.0.1/kerby-config-1.0.1.jar:/home/runner/.m2/repository/org/apache/kerby/kerb-common/1.0.1/kerb-common-1.0.1.jar:/home/runner/.m2/repository/org/apache/kerby/kerb-crypto/1.0.1/kerb-crypto-1.0.1.jar:/home/runner/.m2/repository/org/apache/kerby/kerb-util/1.0.1/kerb-util-1.0.1.jar:/home/runner/.m2/repository/org/apache/kerby/token-provider/1.0.1/token-provider-1.0.1.jar:/home/runner/.m2/repository/org/apache/kerby/kerb-admin/1.0.1/kerb-admin-1.0.1.jar:/home/runner/.m2/repository/org/apache/kerby/kerb-server/1.0.1/kerb-server-1.0.1.jar:/home/runner/.m2/repository/org/apache/kerby/kerb-identity/1.0.1/kerb-identity-1.0.1.jar:/home/runner/.m2/repository/org/apache/kerby/kerby-xdr/1.0.1/kerby-xdr-1.0.1.jar:/home/runner/.m2/repository/org/apache/ozone/ozone-s3gateway/1.4.0-SNAPSHOT/ozone-s3gateway-1.4.0-SNAPSHOT.jar:/home/runner/.m2/repository/org/javassist/javassist/3.21.0-GA/javassist-3.21.0-GA.jar:/home/runner/.m2/repository/org/jboss/weld/servlet/weld-servlet-shaded/3.1.9.Final/weld-servlet-shaded-3.1.9.Final.jar:/home/runner/.m2/repository/org/glassfish/jersey/containers/jersey-container-servlet-core/2.34/jersey-container-servlet-core-2.34.jar:/home/runner/.m2/repository/org/glassfish/hk2/external/jakarta.inject/2.6.1/jakarta.inject-2.6.1.jar:/home/runner/.m2/repository/org/glassfish/jersey/core/jersey-common/2.34/jersey-common-2.34.jar:/home/runner/.m2/repository/jakarta/ws/rs/jakarta.ws.rs-api/2.1.6/jakarta.ws.rs-api-2.1.6.jar:/home/runner/.m2/repository/org/glassfish/jersey/ext/cdi/jersey-cdi1x/2.34/jersey-cdi1x-2.34.jar:/home/runner/.m2/repository/org/glassfish/jersey/inject/jersey-hk2/2.34/jersey-hk2-2.34.jar:/home/runner/.m2/repository/org/glassfish/hk2/hk2-locator/2.6.1/hk2-locator-2.6.1.jar:/home/runner/.m2/repository/org/glassfish/jersey/media/jersey-media-jaxb/2.34/jersey-media-jaxb-2.34.jar:/home/runner/.m2/repository/org/glassfish/hk2/osgi-resource-locator/1.0.3/osgi-resource-locator-1.0.3.jar:/home/runner/.m2/repository/org/glassfish/hk2/hk2-api/2.5.0/hk2-api-2.5.0.jar:/home/runner/.m2/repository/org/glassfish/hk2/hk2-utils/2.5.0/hk2-utils-2.5.0.jar:/home/runner/.m2/repository/org/glassfish/hk2/external/aopalliance-repackaged/2.5.0/aopalliance-repackaged-2.5.0.jar:/home/runner/.m2/repository/com/fasterxml/jackson/dataformat/jackson-dataformat-xml/2.13.4/jackson-dataformat-xml-2.13.4.jar:/home/runner/.m2/repository/org/codehaus/woodstox/stax2-api/4.2.1/stax2-api-4.2.1.jar:/home/runner/.m2/repository/com/fasterxml/woodstox/woodstox-core/5.4.0/woodstox-core-5.4.0.jar:/home/runner/.m2/repository/com/fasterxml/jackson/module/jackson-module-jaxb-annotations/2.13.4/jackson-module-jaxb-annotations-2.13.4.jar:/home/runner/.m2/repository/jakarta/xml/bind/jakarta.xml.bind-api/2.3.3/jakarta.xml.bind-api-2.3.3.jar:/home/runner/.m2/repository/jakarta/activation/jakarta.activation-api/1.2.2/jakarta.activation-api-1.2.2.jar:/home/runner/.m2/repository/javax/enterprise/cdi-api/2.0/cdi-api-2.0.jar:/home/runner/.m2/repository/javax/el/javax.el-api/3.0.0/javax.el-api-3.0.0.jar:/home/runner/.m2/repository/javax/interceptor/javax.interceptor-api/1.2/javax.interceptor-api-1.2.jar:/home/runner/.m2/repository/javax/inject/javax.inject/1/javax.inject-1.jar:/home/runner/.m2/repository/javax/xml/bind/jaxb-api/2.3.0/jaxb-api-2.3.0.jar:/home/runner/.m2/repository/org/glassfish/jaxb/jaxb-runtime/2.3.0.1/jaxb-runtime-2.3.0.1.jar:/home/runner/.m2/repository/org/glassfish/jaxb/jaxb-core/2.3.0.1/jaxb-core-2.3.0.1.jar:/home/runner/.m2/repository/org/glassfish/jaxb/txw2/2.3.0.1/txw2-2.3.0.1.jar:/home/runner/.m2/repository/com/sun/istack/istack-commons-runtime/3.0.5/istack-commons-runtime-3.0.5.jar:/home/runner/.m2/repository/org/jvnet/staxex/stax-ex/1.7.8/stax-ex-1.7.8.jar:/home/runner/.m2/repository/com/sun/xml/fastinfoset/FastInfoset/1.2.13/FastInfoset-1.2.13.jar:/home/runner/.m2/repository/javax/activation/activation/1.1.1/activation-1.1.1.jar:/home/runner/.m2/repository/io/grpc/grpc-protobuf/1.51.1/grpc-protobuf-1.51.1.jar:/home/runner/.m2/repository/com/google/api/grpc/proto-google-common-protos/2.9.0/proto-google-common-protos-2.9.0.jar:/home/runner/.m2/repository/io/grpc/grpc-protobuf-lite/1.51.1/grpc-protobuf-lite-1.51.1.jar:/home/runner/.m2/repository/io/grpc/grpc-stub/1.51.1/grpc-stub-1.51.1.jar:/home/runner/.m2/repository/io/netty/netty-transport/4.1.94.Final/netty-transport-4.1.94.Final.jar:/home/runner/.m2/repository/io/netty/netty-resolver/4.1.94.Final/netty-resolver-4.1.94.Final.jar:/home/runner/.m2/repository/org/apache/ozone/ozone-csi/1.4.0-SNAPSHOT/ozone-csi-1.4.0-SNAPSHOT.jar:/home/runner/.m2/repository/com/google/protobuf/protobuf-java-util/3.19.6/protobuf-java-util-3.19.6.jar:/home/runner/.m2/repository/com/google/code/gson/gson/2.9.0/gson-2.9.0.jar:/home/runner/.m2/repository/org/apache/ozone/hdds-config/1.4.0-SNAPSHOT/hdds-config-1.4.0-SNAPSHOT.jar:/home/runner/.m2/repository/io/netty/netty-transport-native-epoll/4.1.94.Final/netty-transport-native-epoll-4.1.94.Final-linux-x86_64.jar:/home/runner/.m2/repository/io/netty/netty-transport-classes-epoll/4.1.94.Final/netty-transport-classes-epoll-4.1.94.Final.jar:/home/runner/.m2/repository/io/netty/netty-transport-native-unix-common/4.1.94.Final/netty-transport-native-unix-common-4.1.94.Final.jar:/home/runner/.m2/repository/org/apache/ozone/ozone-recon/1.4.0-SNAPSHOT/ozone-recon-1.4.0-SNAPSHOT.jar:/home/runner/.m2/repository/org/apache/ozone/ozone-reconcodegen/1.4.0-SNAPSHOT/ozone-reconcodegen-1.4.0-SNAPSHOT.jar:/home/runner/.m2/repository/com/google/inject/guice/5.1.0/guice-5.1.0.jar:/home/runner/.m2/repository/aopalliance/aopalliance/1.0/aopalliance-1.0.jar:/home/runner/.m2/repository/com/google/inject/extensions/guice-assistedinject/5.1.0/guice-assistedinject-5.1.0.jar:/home/runner/.m2/repository/com/google/inject/extensions/guice-servlet/5.1.0/guice-servlet-5.1.0.jar:/home/runner/.m2/repository/org/glassfish/jersey/containers/jersey-container-servlet/2.34/jersey-container-servlet-2.34.jar:/home/runner/.m2/repository/org/glassfish/hk2/guice-bridge/2.5.0/guice-bridge-2.5.0.jar:/home/runner/.m2/repository/org/glassfish/jersey/core/jersey-server/2.34/jersey-server-2.34.jar:/home/runner/.m2/repository/org/glassfish/jersey/core/jersey-client/2.34/jersey-client-2.34.jar:/home/runner/.m2/repository/jakarta/annotation/jakarta.annotation-api/1.3.5/jakarta.annotation-api-1.3.5.jar:/home/runner/.m2/repository/jakarta/validation/jakarta.validation-api/2.0.2/jakarta.validation-api-2.0.2.jar:/home/runner/.m2/repository/org/glassfish/jersey/media/jersey-media-json-jackson/2.34/jersey-media-json-jackson-2.34.jar:/home/runner/.m2/repository/org/glassfish/jersey/ext/jersey-entity-filtering/2.34/jersey-entity-filtering-2.34.jar:/home/runner/.m2/repository/org/jooq/jooq/3.11.10/jooq-3.11.10.jar:/home/runner/.m2/repository/org/jooq/jooq-meta/3.11.10/jooq-meta-3.11.10.jar:/home/runner/.m2/repository/org/jooq/jooq-codegen/3.11.10/jooq-codegen-3.11.10.jar:/home/runner/.m2/repository/com/jolbox/bonecp/0.8.0.RELEASE/bonecp-0.8.0.RELEASE.jar:/home/runner/.m2/repository/org/apache/derby/derby/10.14.2.0/derby-10.14.2.0.jar:/home/runner/.m2/repository/org/xerial/sqlite-jdbc/3.41.2.2/sqlite-jdbc-3.41.2.2.jar:/home/runner/.m2/repository/org/springframework/spring-jdbc/5.3.27/spring-jdbc-5.3.27.jar:/home/runner/.m2/repository/org/springframework/spring-beans/5.3.27/spring-beans-5.3.27.jar:/home/runner/.m2/repository/org/springframework/spring-core/5.3.27/spring-core-5.3.27.jar:/home/runner/.m2/repository/org/springframework/spring-tx/5.3.27/spring-tx-5.3.27.jar:/home/runner/.m2/repository/org/apache/ozone/ozone-client/1.4.0-SNAPSHOT/ozone-client-1.4.0-SNAPSHOT.jar:/home/runner/.m2/repository/org/apache/ozone/hdds-erasurecode/1.4.0-SNAPSHOT/hdds-erasurecode-1.4.0-SNAPSHOT.jar:/home/runner/.m2/repository/org/apache/ozone/ozone-filesystem/1.4.0-SNAPSHOT/ozone-filesystem-1.4.0-SNAPSHOT.jar:/home/runner/.m2/repository/org/apache/ozone/ozone-filesystem-common/1.4.0-SNAPSHOT/ozone-filesystem-common-1.4.0-SNAPSHOT.jar:/home/runner/.m2/repository/org/apache/ozone/ozone-tools/1.4.0-SNAPSHOT/ozone-tools-1.4.0-SNAPSHOT.jar:/home/runner/.m2/repository/com/amazonaws/aws-java-sdk-core/1.12.261/aws-java-sdk-core-1.12.261.jar:/home/runner/.m2/repository/org/apache/httpcomponents/httpclient/4.5.13/httpclient-4.5.13.jar:/home/runner/.m2/repository/org/apache/httpcomponents/httpcore/4.4.13/httpcore-4.4.13.jar:/home/runner/.m2/repository/software/amazon/ion/ion-java/1.0.2/ion-java-1.0.2.jar:/home/runner/.m2/repository/com/fasterxml/jackson/dataformat/jackson-dataformat-cbor/2.13.4/jackson-dataformat-cbor-2.13.4.jar:/home/runner/.m2/repository/joda-time/joda-time/2.10.6/joda-time-2.10.6.jar:/home/runner/.m2/repository/com/amazonaws/aws-java-sdk-s3/1.12.261/aws-java-sdk-s3-1.12.261.jar:/home/runner/.m2/repository/com/amazonaws/aws-java-sdk-kms/1.12.261/aws-java-sdk-kms-1.12.261.jar:/home/runner/.m2/repository/com/amazonaws/jmespath-java/1.12.261/jmespath-java-1.12.261.jar:/home/runner/.m2/repository/org/kohsuke/metainf-services/metainf-services/1.8/metainf-services-1.8.jar:/home/runner/.m2/repository/org/apache/ozone/hdds-tools/1.4.0-SNAPSHOT/hdds-tools-1.4.0-SNAPSHOT.jar:/home/runner/.m2/repository/org/apache/ratis/ratis-tools/2.5.1/ratis-tools-2.5.1.jar:/home/runner/.m2/repository/commons-cli/commons-cli/1.2/commons-cli-1.2.jar:/home/runner/.m2/repository/org/apache/commons/commons-lang3/3.7/commons-lang3-3.7.jar:/home/runner/.m2/repository/org/apache/ozone/ozone-manager/1.4.0-SNAPSHOT/ozone-manager-1.4.0-SNAPSHOT-tests.jar:/home/runner/.m2/repository/org/apache/ozone/hdds-common/1.4.0-SNAPSHOT/hdds-common-1.4.0-SNAPSHOT-tests.jar:/home/runner/.m2/repository/org/apache/ozone/hdds-hadoop-dependency-client/1.4.0-SNAPSHOT/hdds-hadoop-dependency-client-1.4.0-SNAPSHOT.jar:/home/runner/.m2/repository/info/picocli/picocli/4.6.1/picocli-4.6.1.jar:/home/runner/.m2/repository/com/fasterxml/jackson/core/jackson-annotations/2.13.4/jackson-annotations-2.13.4.jar:/home/runner/.m2/repository/org/apache/ozone/hdds-annotation-processing/1.4.0-SNAPSHOT/hdds-annotation-processing-1.4.0-SNAPSHOT.jar:/home/runner/.m2/repository/javax/annotation/javax.annotation-api/1.2/javax.annotation-api-1.2.jar:/home/runner/.m2/repository/org/apache/ratis/ratis-netty/2.5.1/ratis-netty-2.5.1.jar:/home/runner/.m2/repository/org/apache/ratis/ratis-grpc/2.5.1/ratis-grpc-2.5.1.jar:/home/runner/.m2/repository/org/apache/commons/commons-pool2/2.6.0/commons-pool2-2.6.0.jar:/home/runner/.m2/repository/org/bouncycastle/bcpkix-jdk15on/1.67/bcpkix-jdk15on-1.67.jar:/home/runner/.m2/repository/commons-validator/commons-validator/1.6/commons-validator-1.6.jar:/home/runner/.m2/repository/commons-beanutils/commons-beanutils/1.9.4/commons-beanutils-1.9.4.jar:/home/runner/.m2/repository/commons-digester/commons-digester/1.8.1/commons-digester-1.8.1.jar:/home/runner/.m2/repository/commons-collections/commons-collections/3.2.2/commons-collections-3.2.2.jar:/home/runner/.m2/repository/io/jaegertracing/jaeger-client/1.6.0/jaeger-client-1.6.0.jar:/home/runner/.m2/repository/io/jaegertracing/jaeger-thrift/1.6.0/jaeger-thrift-1.6.0.jar:/home/runner/.m2/repository/org/apache/thrift/libthrift/0.14.1/libthrift-0.14.1.jar:/home/runner/.m2/repository/io/jaegertracing/jaeger-core/1.6.0/jaeger-core-1.6.0.jar:/home/runner/.m2/repository/io/jaegertracing/jaeger-tracerresolver/1.6.0/jaeger-tracerresolver-1.6.0.jar:/home/runner/.m2/repository/io/opentracing/contrib/opentracing-tracerresolver/0.1.8/opentracing-tracerresolver-0.1.8.jar:/home/runner/.m2/repository/org/jetbrains/kotlin/kotlin-stdlib/1.6.21/kotlin-stdlib-1.6.21.jar:/home/runner/.m2/repository/org/jetbrains/annotations/13.0/annotations-13.0.jar:/home/runner/.m2/repository/io/opentracing/opentracing-util/0.33.0/opentracing-util-0.33.0.jar:/home/runner/.m2/repository/io/opentracing/opentracing-api/0.33.0/opentracing-api-0.33.0.jar:/home/runner/.m2/repository/io/opentracing/opentracing-noop/0.33.0/opentracing-noop-0.33.0.jar:/home/runner/.m2/repository/org/yaml/snakeyaml/2.0/snakeyaml-2.0.jar:/home/runner/.m2/repository/io/grpc/grpc-api/1.51.1/grpc-api-1.51.1.jar:/home/runner/.m2/repository/io/grpc/grpc-context/1.51.1/grpc-context-1.51.1.jar:/home/runner/.m2/repository/junit/junit/4.13.1/junit-4.13.1.jar:/home/runner/.m2/repository/org/hamcrest/hamcrest-core/1.3/hamcrest-core-1.3.jar:/home/runner/.m2/repository/org/junit/jupiter/junit-jupiter-api/5.8.2/junit-jupiter-api-5.8.2.jar:/home/runner/.m2/repository/org/opentest4j/opentest4j/1.2.0/opentest4j-1.2.0.jar:/home/runner/.m2/repository/org/junit/platform/junit-platform-commons/1.8.2/junit-platform-commons-1.8.2.jar:/home/runner/.m2/repository/org/apiguardian/apiguardian-api/1.1.2/apiguardian-api-1.1.2.jar:/home/runner/.m2/repository/org/junit/jupiter/junit-jupiter-params/5.8.2/junit-jupiter-params-5.8.2.jar:/home/runner/.m2/repository/org/junit/jupiter/junit-jupiter-migrationsupport/5.8.2/junit-jupiter-migrationsupport-5.8.2.jar:/home/runner/.m2/repository/org/junit/jupiter/junit-jupiter-engine/5.8.2/junit-jupiter-engine-5.8.2.jar:/home/runner/.m2/repository/org/junit/platform/junit-platform-engine/1.8.2/junit-platform-engine-1.8.2.jar:/home/runner/.m2/repository/org/junit/vintage/junit-vintage-engine/5.8.2/junit-vintage-engine-5.8.2.jar:/home/runner/.m2/repository/org/junit/platform/junit-platform-launcher/1.8.2/junit-platform-launcher-1.8.2.jar:/home/runner/.m2/repository/org/mockito/mockito-core/3.5.9/mockito-core-3.5.9.jar:/home/runner/.m2/repository/net/bytebuddy/byte-buddy/1.10.13/byte-buddy-1.10.13.jar:/home/runner/.m2/repository/net/bytebuddy/byte-buddy-agent/1.10.13/byte-buddy-agent-1.10.13.jar:/home/runner/.m2/repository/org/objenesis/objenesis/1.0/objenesis-1.0.jar:/home/runner/.m2/repository/org/apache/hadoop/hadoop-kms/3.3.6/hadoop-kms-3.3.6.jar:/home/runner/.m2/repository/org/apache/hadoop/hadoop-auth/3.3.6/hadoop-auth-3.3.6.jar:/home/runner/.m2/repository/com/nimbusds/nimbus-jose-jwt/9.8.1/nimbus-jose-jwt-9.8.1.jar:/home/runner/.m2/repository/com/github/stephenc/jcip/jcip-annotations/1.0-1/jcip-annotations-1.0-1.jar:/home/runner/.m2/repository/org/apache/zookeeper/zookeeper/3.5.6/zookeeper-3.5.6.jar:/home/runner/.m2/repository/org/apache/zookeeper/zookeeper-jute/3.5.6/zookeeper-jute-3.5.6.jar:/home/runner/.m2/repository/org/apache/yetus/audience-annotations/0.5.0/audience-annotations-0.5.0.jar:/home/runner/.m2/repository/org/apache/curator/curator-framework/4.2.0/curator-framework-4.2.0.jar:/home/runner/.m2/repository/org/apache/hadoop/thirdparty/hadoop-shaded-guava/1.1.1/hadoop-shaded-guava-1.1.1.jar:/home/runner/.m2/repository/com/sun/jersey/jersey-core/1.19/jersey-core-1.19.jar:/home/runner/.m2/repository/javax/ws/rs/jsr311-api/1.1.1/jsr311-api-1.1.1.jar:/home/runner/.m2/repository/com/sun/jersey/jersey-server/1.19/jersey-server-1.19.jar:/home/runner/.m2/repository/javax/servlet/javax.servlet-api/3.1.0/javax.servlet-api-3.1.0.jar:/home/runner/.m2/repository/org/apache/hadoop/hadoop-common/3.3.6/hadoop-common-3.3.6.jar:/home/runner/.m2/repository/org/apache/commons/commons-math3/3.1.1/commons-math3-3.1.1.jar:/home/runner/.m2/repository/commons-net/commons-net/3.9.0/commons-net-3.9.0.jar:/home/runner/.m2/repository/com/sun/jersey/jersey-servlet/1.19/jersey-servlet-1.19.jar:/home/runner/.m2/repository/com/github/pjfanning/jersey-json/1.20/jersey-json-1.20.jar:/home/runner/.m2/repository/org/codehaus/jettison/jettison/1.1/jettison-1.1.jar:/home/runner/.m2/repository/com/sun/xml/bind/jaxb-impl/2.2.3-1/jaxb-impl-2.2.3-1.jar:/home/runner/.m2/repository/com/google/re2j/re2j/1.1/re2j-1.1.jar:/home/runner/.m2/repository/com/jcraft/jsch/0.1.54/jsch-0.1.54.jar:/home/runner/.m2/repository/org/apache/curator/curator-client/4.2.0/curator-client-4.2.0.jar:/home/runner/.m2/repository/org/apache/curator/curator-recipes/5.2.0/curator-recipes-5.2.0.jar:/home/runner/.m2/repository/org/apache/kerby/kerb-core/1.0.1/kerb-core-1.0.1.jar:/home/runner/.m2/repository/org/apache/kerby/kerby-pkix/1.0.1/kerby-pkix-1.0.1.jar:/home/runner/.m2/repository/org/apache/kerby/kerby-asn1/1.0.1/kerby-asn1-1.0.1.jar:/home/runner/.m2/repository/org/apache/kerby/kerby-util/1.0.1/kerby-util-1.0.1.jar:/home/runner/.m2/repository/dnsjava/dnsjava/2.1.7/dnsjava-2.1.7.jar:/home/runner/.m2/repository/org/xerial/snappy/snappy-java/1.1.8.2/snappy-java-1.1.8.2.jar:/home/runner/.m2/repository/com/fasterxml/jackson/core/jackson-databind/2.13.4.2/jackson-databind-2.13.4.2.jar:/home/runner/.m2/repository/org/apache/hadoop/hadoop-kms/3.3.6/hadoop-kms-3.3.6-tests.jar:/home/runner/.m2/repository/org/apache/ozone/hdds-server-scm/1.4.0-SNAPSHOT/hdds-server-scm-1.4.0-SNAPSHOT-tests.jar:/home/runner/.m2/repository/org/apache/ozone/hdds-container-service/1.4.0-SNAPSHOT/hdds-container-service-1.4.0-SNAPSHOT-tests.jar:/home/runner/.m2/repository/com/github/luben/zstd-jni/1.5.2-5/zstd-jni-1.5.2-5.jar:/home/runner/.m2/repository/commons-codec/commons-codec/1.15/commons-codec-1.15.jar:/home/runner/.m2/repository/io/netty/netty-codec/4.1.94.Final/netty-codec-4.1.94.Final.jar:/home/runner/.m2/repository/io/netty/netty-handler/4.1.94.Final/netty-handler-4.1.94.Final.jar:/home/runner/.m2/repository/org/apache/ozone/hdds-hadoop-dependency-test/1.4.0-SNAPSHOT/hdds-hadoop-dependency-test-1.4.0-SNAPSHOT.jar:/home/runner/.m2/repository/org/apache/hadoop/hadoop-common/3.3.6/hadoop-common-3.3.6-tests.jar:/home/runner/.m2/repository/org/apache/hadoop/hadoop-hdfs/3.3.6/hadoop-hdfs-3.3.6-tests.jar:/home/runner/.m2/repository/org/assertj/assertj-core/3.12.2/assertj-core-3.12.2.jar:/home/runner/.m2/repository/org/apache/hadoop/hadoop-distcp/3.3.6/hadoop-distcp-3.3.6.jar:/home/runner/.m2/repository/org/apache/hadoop/hadoop-mapreduce-client-jobclient/3.3.6/hadoop-mapreduce-client-jobclient-3.3.6.jar:/home/runner/.m2/repository/org/apache/hadoop/hadoop-mapreduce-client-common/3.3.6/hadoop-mapreduce-client-common-3.3.6.jar:/home/runner/.m2/repository/org/apache/hadoop/hadoop-yarn-common/3.3.6/hadoop-yarn-common-3.3.6.jar:/home/runner/.m2/repository/org/apache/hadoop/hadoop-yarn-api/3.3.6/hadoop-yarn-api-3.3.6.jar:/home/runner/.m2/repository/com/sun/jersey/contribs/jersey-guice/1.19/jersey-guice-1.19.jar:/home/runner/.m2/repository/com/fasterxml/jackson/jaxrs/jackson-jaxrs-json-provider/2.13.4/jackson-jaxrs-json-provider-2.13.4.jar:/home/runner/.m2/repository/com/fasterxml/jackson/jaxrs/jackson-jaxrs-base/2.13.4/jackson-jaxrs-base-2.13.4.jar:/home/runner/.m2/repository/org/apache/hadoop/hadoop-yarn-client/3.3.6/hadoop-yarn-client-3.3.6.jar:/home/runner/.m2/repository/org/eclipse/jetty/websocket/websocket-client/9.4.51.v20230217/websocket-client-9.4.51.v20230217.jar:/home/runner/.m2/repository/org/eclipse/jetty/websocket/websocket-common/9.4.51.v20230217/websocket-common-9.4.51.v20230217.jar:/home/runner/.m2/repository/org/eclipse/jetty/websocket/websocket-api/9.4.51.v20230217/websocket-api-9.4.51.v20230217.jar:/home/runner/.m2/repository/org/jline/jline/3.9.0/jline-3.9.0.jar:/home/runner/.m2/repository/org/apache/hadoop/hadoop-mapreduce-client-core/3.3.6/hadoop-mapreduce-client-core-3.3.6.jar:/home/runner/.m2/repository/org/apache/avro/avro/1.7.7/avro-1.7.7.jar:/home/runner/.m2/repository/com/thoughtworks/paranamer/paranamer/2.3/paranamer-2.3.jar:/home/runner/.m2/repository/org/apache/hadoop/hadoop-annotations/3.3.6/hadoop-annotations-3.3.6.jar:/usr/lib/jvm/temurin-8-jdk-amd64/jre/../lib/tools.jar:/home/runner/.m2/repository/io/netty/netty/3.10.6.Final/netty-3.10.6.Final.jar:/home/runner/.m2/repository/org/apache/hadoop/hadoop-distcp/3.3.6/hadoop-distcp-3.3.6-tests.jar:/home/runner/.m2/repository/org/slf4j/jul-to-slf4j/1.7.36/jul-to-slf4j-1.7.36.jar:"/>
    <property name="java.vm.vendor" value="Temurin"/>
    <property name="sun.arch.data.model" value="64"/>
    <property name="test.build.dir" value="/home/runner/work/ozone/ozone/hadoop-ozone/integration-test/target/test-dir"/>
    <property name="test.cache.data" value=""/>
    <property name="java.vendor.url" value="https://adoptium.net/"/>
    <property name="user.timezone" value="Etc/UTC"/>
    <property name="java.vm.specification.version" value="1.8"/>
    <property name="os.name" value="Linux"/>
    <property name="test.build.data" value="/home/runner/work/ozone/ozone/hadoop-ozone/integration-test/target/test-dir"/>
    <property name="sun.java.launcher" value="SUN_STANDARD"/>
    <property name="sun.boot.library.path" value="/usr/lib/jvm/temurin-8-jdk-amd64/jre/lib/amd64"/>
    <property name="sun.java.command" value="/home/runner/work/ozone/ozone/hadoop-ozone/integration-test/target/surefire/surefirebooter6854745824310044941.jar /home/runner/work/ozone/ozone/hadoop-ozone/integration-test/target/surefire 2023-08-28T09-00-45_803-jvmRun1 surefire8236098955910348211tmp surefire_211502940604922364704tmp"/>
    <property name="native.lib.tmp.dir" value="/tmp"/>
    <property name="surefire.test.class.path" value="/home/runner/work/ozone/ozone/hadoop-ozone/integration-test/target/test-classes:/home/runner/work/ozone/ozone/hadoop-ozone/integration-test/target/classes:/home/runner/.m2/repository/org/apache/ozone/ozone-common/1.4.0-SNAPSHOT/ozone-common-1.4.0-SNAPSHOT.jar:/home/runner/.m2/repository/io/grpc/grpc-netty/1.51.1/grpc-netty-1.51.1.jar:/home/runner/.m2/repository/io/grpc/grpc-core/1.51.1/grpc-core-1.51.1.jar:/home/runner/.m2/repository/com/google/android/annotations/4.1.1.4/annotations-4.1.1.4.jar:/home/runner/.m2/repository/org/codehaus/mojo/animal-sniffer-annotations/1.21/animal-sniffer-annotations-1.21.jar:/home/runner/.m2/repository/com/google/errorprone/error_prone_annotations/2.2.0/error_prone_annotations-2.2.0.jar:/home/runner/.m2/repository/io/perfmark/perfmark-api/0.25.0/perfmark-api-0.25.0.jar:/home/runner/.m2/repository/io/netty/netty-codec-http2/4.1.94.Final/netty-codec-http2-4.1.94.Final.jar:/home/runner/.m2/repository/io/netty/netty-common/4.1.94.Final/netty-common-4.1.94.Final.jar:/home/runner/.m2/repository/io/netty/netty-buffer/4.1.94.Final/netty-buffer-4.1.94.Final.jar:/home/runner/.m2/repository/io/netty/netty-codec-http/4.1.94.Final/netty-codec-http-4.1.94.Final.jar:/home/runner/.m2/repository/io/netty/netty-handler-proxy/4.1.94.Final/netty-handler-proxy-4.1.94.Final.jar:/home/runner/.m2/repository/io/netty/netty-codec-socks/4.1.94.Final/netty-codec-socks-4.1.94.Final.jar:/home/runner/.m2/repository/io/netty/netty-tcnative-boringssl-static/2.0.61.Final/netty-tcnative-boringssl-static-2.0.61.Final.jar:/home/runner/.m2/repository/io/netty/netty-tcnative-classes/2.0.61.Final/netty-tcnative-classes-2.0.61.Final.jar:/home/runner/.m2/repository/io/netty/netty-tcnative-boringssl-static/2.0.61.Final/netty-tcnative-boringssl-static-2.0.61.Final-linux-x86_64.jar:/home/runner/.m2/repository/io/netty/netty-tcnative-boringssl-static/2.0.61.Final/netty-tcnative-boringssl-static-2.0.61.Final-linux-aarch_64.jar:/home/runner/.m2/repository/io/netty/netty-tcnative-boringssl-static/2.0.61.Final/netty-tcnative-boringssl-static-2.0.61.Final-osx-x86_64.jar:/home/runner/.m2/repository/io/netty/netty-tcnative-boringssl-static/2.0.61.Final/netty-tcnative-boringssl-static-2.0.61.Final-osx-aarch_64.jar:/home/runner/.m2/repository/io/netty/netty-tcnative-boringssl-static/2.0.61.Final/netty-tcnative-boringssl-static-2.0.61.Final-windows-x86_64.jar:/home/runner/.m2/repository/org/apache/commons/commons-compress/1.21/commons-compress-1.21.jar:/home/runner/.m2/repository/org/apache/ozone/hdds-common/1.4.0-SNAPSHOT/hdds-common-1.4.0-SNAPSHOT.jar:/home/runner/.m2/repository/org/apache/ozone/hdds-client/1.4.0-SNAPSHOT/hdds-client-1.4.0-SNAPSHOT.jar:/home/runner/.m2/repository/org/apache/ozone/ozone-interface-client/1.4.0-SNAPSHOT/ozone-interface-client-1.4.0-SNAPSHOT.jar:/home/runner/.m2/repository/org/apache/hadoop/hadoop-hdfs-client/3.3.6/hadoop-hdfs-client-3.3.6.jar:/home/runner/.m2/repository/com/squareup/okhttp3/okhttp/4.9.3/okhttp-4.9.3.jar:/home/runner/.m2/repository/com/squareup/okio/okio/3.4.0/okio-3.4.0.jar:/home/runner/.m2/repository/com/squareup/okio/okio-jvm/3.4.0/okio-jvm-3.4.0.jar:/home/runner/.m2/repository/org/jetbrains/kotlin/kotlin-stdlib-jdk8/1.8.0/kotlin-stdlib-jdk8-1.8.0.jar:/home/runner/.m2/repository/org/jetbrains/kotlin/kotlin-stdlib-jdk7/1.8.0/kotlin-stdlib-jdk7-1.8.0.jar:/home/runner/.m2/repository/org/jetbrains/kotlin/kotlin-stdlib-common/1.6.21/kotlin-stdlib-common-1.6.21.jar:/home/runner/.m2/repository/org/apache/ozone/hdds-test-utils/1.4.0-SNAPSHOT/hdds-test-utils-1.4.0-SNAPSHOT.jar:/home/runner/.m2/repository/com/google/guava/guava/32.0.0-jre/guava-32.0.0-jre.jar:/home/runner/.m2/repository/com/google/guava/failureaccess/1.0.1/failureaccess-1.0.1.jar:/home/runner/.m2/repository/com/google/guava/listenablefuture/9999.0-empty-to-avoid-conflict-with-guava/listenablefuture-9999.0-empty-to-avoid-conflict-with-guava.jar:/home/runner/.m2/repository/com/google/code/findbugs/jsr305/3.0.0/jsr305-3.0.0.jar:/home/runner/.m2/repository/org/checkerframework/checker-qual/3.33.0/checker-qual-3.33.0.jar:/home/runner/.m2/repository/com/google/j2objc/j2objc-annotations/2.8/j2objc-annotations-2.8.jar:/home/runner/.m2/repository/commons-io/commons-io/2.11.0/commons-io-2.11.0.jar:/home/runner/.m2/repository/commons-logging/commons-logging/1.2/commons-logging-1.2.jar:/home/runner/.m2/repository/ch/qos/reload4j/reload4j/1.2.22/reload4j-1.2.22.jar:/home/runner/.m2/repository/org/slf4j/slf4j-api/1.7.36/slf4j-api-1.7.36.jar:/home/runner/.m2/repository/org/apache/logging/log4j/log4j-api/2.17.1/log4j-api-2.17.1.jar:/home/runner/.m2/repository/org/apache/ozone/hdds-server-scm/1.4.0-SNAPSHOT/hdds-server-scm-1.4.0-SNAPSHOT.jar:/home/runner/.m2/repository/org/apache/ozone/hdds-container-service/1.4.0-SNAPSHOT/hdds-container-service-1.4.0-SNAPSHOT.jar:/home/runner/.m2/repository/org/apache/ozone/hdds-hadoop-dependency-server/1.4.0-SNAPSHOT/hdds-hadoop-dependency-server-1.4.0-SNAPSHOT.jar:/home/runner/.m2/repository/org/apache/hadoop/hadoop-hdfs/3.3.6/hadoop-hdfs-3.3.6.jar:/home/runner/.m2/repository/commons-daemon/commons-daemon/1.0.13/commons-daemon-1.0.13.jar:/home/runner/.m2/repository/org/apache/ozone/hdds-server-framework/1.4.0-SNAPSHOT/hdds-server-framework-1.4.0-SNAPSHOT.jar:/home/runner/.m2/repository/io/dropwizard/metrics/metrics-core/3.2.4/metrics-core-3.2.4.jar:/home/runner/.m2/repository/org/apache/commons/commons-text/1.10.0/commons-text-1.10.0.jar:/home/runner/.m2/repository/org/bouncycastle/bcprov-jdk15on/1.67/bcprov-jdk15on-1.67.jar:/home/runner/.m2/repository/com/google/protobuf/protobuf-java/2.5.0/protobuf-java-2.5.0.jar:/home/runner/.m2/repository/org/apache/ozone/hdds-server-framework/1.4.0-SNAPSHOT/hdds-server-framework-1.4.0-SNAPSHOT-tests.jar:/home/runner/.m2/repository/org/apache/ozone/hdds-interface-server/1.4.0-SNAPSHOT/hdds-interface-server-1.4.0-SNAPSHOT.jar:/home/runner/.m2/repository/org/apache/ozone/hdds-interface-admin/1.4.0-SNAPSHOT/hdds-interface-admin-1.4.0-SNAPSHOT.jar:/home/runner/.m2/repository/org/apache/ozone/hdds-managed-rocksdb/1.4.0-SNAPSHOT/hdds-managed-rocksdb-1.4.0-SNAPSHOT.jar:/home/runner/.m2/repository/org/rocksdb/rocksdbjni/7.7.3/rocksdbjni-7.7.3.jar:/home/runner/.m2/repository/org/slf4j/slf4j-reload4j/1.7.36/slf4j-reload4j-1.7.36.jar:/home/runner/.m2/repository/org/apache/commons/commons-configuration2/2.1.1/commons-configuration2-2.1.1.jar:/home/runner/.m2/repository/commons-fileupload/commons-fileupload/1.5/commons-fileupload-1.5.jar:/home/runner/.m2/repository/org/apache/logging/log4j/log4j-core/2.17.1/log4j-core-2.17.1.jar:/home/runner/.m2/repository/com/lmax/disruptor/3.4.2/disruptor-3.4.2.jar:/home/runner/.m2/repository/org/eclipse/jetty/jetty-util/9.4.51.v20230217/jetty-util-9.4.51.v20230217.jar:/home/runner/.m2/repository/org/eclipse/jetty/jetty-server/9.4.51.v20230217/jetty-server-9.4.51.v20230217.jar:/home/runner/.m2/repository/org/eclipse/jetty/jetty-http/9.4.51.v20230217/jetty-http-9.4.51.v20230217.jar:/home/runner/.m2/repository/org/eclipse/jetty/jetty-io/9.4.51.v20230217/jetty-io-9.4.51.v20230217.jar:/home/runner/.m2/repository/org/eclipse/jetty/jetty-servlet/9.4.51.v20230217/jetty-servlet-9.4.51.v20230217.jar:/home/runner/.m2/repository/org/eclipse/jetty/jetty-security/9.4.51.v20230217/jetty-security-9.4.51.v20230217.jar:/home/runner/.m2/repository/org/eclipse/jetty/jetty-util-ajax/9.4.51.v20230217/jetty-util-ajax-9.4.51.v20230217.jar:/home/runner/.m2/repository/org/eclipse/jetty/jetty-webapp/9.4.51.v20230217/jetty-webapp-9.4.51.v20230217.jar:/home/runner/.m2/repository/org/eclipse/jetty/jetty-xml/9.4.51.v20230217/jetty-xml-9.4.51.v20230217.jar:/home/runner/.m2/repository/org/apache/ratis/ratis-server/2.5.1/ratis-server-2.5.1.jar:/home/runner/.m2/repository/org/apache/ratis/ratis-thirdparty-misc/1.0.4/ratis-thirdparty-misc-1.0.4.jar:/home/runner/.m2/repository/org/apache/ratis/ratis-proto/2.5.1/ratis-proto-2.5.1.jar:/home/runner/.m2/repository/org/apache/ratis/ratis-common/2.5.1/ratis-common-2.5.1.jar:/home/runner/.m2/repository/org/apache/ratis/ratis-client/2.5.1/ratis-client-2.5.1.jar:/home/runner/.m2/repository/org/apache/ratis/ratis-server-api/2.5.1/ratis-server-api-2.5.1.jar:/home/runner/.m2/repository/org/apache/ratis/ratis-metrics/2.5.1/ratis-metrics-2.5.1.jar:/home/runner/.m2/repository/io/prometheus/simpleclient_dropwizard/0.7.0/simpleclient_dropwizard-0.7.0.jar:/home/runner/.m2/repository/io/prometheus/simpleclient/0.7.0/simpleclient-0.7.0.jar:/home/runner/.m2/repository/io/prometheus/simpleclient_common/0.7.0/simpleclient_common-0.7.0.jar:/home/runner/.m2/repository/com/fasterxml/jackson/datatype/jackson-datatype-jsr310/2.13.4/jackson-datatype-jsr310-2.13.4.jar:/home/runner/.m2/repository/com/fasterxml/jackson/core/jackson-core/2.13.4/jackson-core-2.13.4.jar:/home/runner/.m2/repository/com/github/spotbugs/spotbugs-annotations/3.1.12/spotbugs-annotations-3.1.12.jar:/home/runner/.m2/repository/org/apache/ozone/rocksdb-checkpoint-differ/1.4.0-SNAPSHOT/rocksdb-checkpoint-differ-1.4.0-SNAPSHOT.jar:/home/runner/.m2/repository/org/jgrapht/jgrapht-core/1.0.1/jgrapht-core-1.0.1.jar:/home/runner/.m2/repository/org/jgrapht/jgrapht-ext/1.0.1/jgrapht-ext-1.0.1.jar:/home/runner/.m2/repository/org/tinyjee/jgraphx/jgraphx/2.0.0.1/jgraphx-2.0.0.1.jar:/home/runner/.m2/repository/jgraph/jgraph/5.13.0.0/jgraph-5.13.0.0.jar:/home/runner/.m2/repository/org/antlr/antlr4-runtime/4.5.3/antlr4-runtime-4.5.3.jar:/home/runner/.m2/repository/org/awaitility/awaitility/4.2.0/awaitility-4.2.0.jar:/home/runner/.m2/repository/org/hamcrest/hamcrest/2.1/hamcrest-2.1.jar:/home/runner/.m2/repository/org/apache/ozone/ozone-manager/1.4.0-SNAPSHOT/ozone-manager-1.4.0-SNAPSHOT.jar:/home/runner/.m2/repository/org/aspectj/aspectjrt/1.9.7/aspectjrt-1.9.7.jar:/home/runner/.m2/repository/org/aspectj/aspectjweaver/1.9.7/aspectjweaver-1.9.7.jar:/home/runner/.m2/repository/org/apache/ozone/hdds-interface-client/1.4.0-SNAPSHOT/hdds-interface-client-1.4.0-SNAPSHOT.jar:/home/runner/.m2/repository/org/apache/hadoop/thirdparty/hadoop-shaded-protobuf_3_7/1.1.1/hadoop-shaded-protobuf_3_7-1.1.1.jar:/home/runner/.m2/repository/org/apache/ozone/ozone-interface-storage/1.4.0-SNAPSHOT/ozone-interface-storage-1.4.0-SNAPSHOT.jar:/home/runner/.m2/repository/org/reflections/reflections/0.9.11/reflections-0.9.11.jar:/home/runner/.m2/repository/com/sun/jersey/jersey-client/1.19/jersey-client-1.19.jar:/home/runner/.m2/repository/org/codehaus/jackson/jackson-core-asl/1.9.13/jackson-core-asl-1.9.13.jar:/home/runner/.m2/repository/org/codehaus/jackson/jackson-mapper-asl/1.9.13/jackson-mapper-asl-1.9.13.jar:/home/runner/.m2/repository/org/codehaus/jackson/jackson-jaxrs/1.9.13/jackson-jaxrs-1.9.13.jar:/home/runner/.m2/repository/org/apache/ranger/ranger-intg/2.3.0/ranger-intg-2.3.0.jar:/home/runner/.m2/repository/org/apache/ranger/ranger-plugins-common/2.3.0/ranger-plugins-common-2.3.0.jar:/home/runner/.m2/repository/commons-lang/commons-lang/2.6/commons-lang-2.6.jar:/home/runner/.m2/repository/org/apache/ranger/ranger-plugins-cred/2.3.0/ranger-plugins-cred-2.3.0.jar:/home/runner/.m2/repository/org/apache/ranger/ranger-plugins-audit/2.3.0/ranger-plugins-audit-2.3.0.jar:/home/runner/.m2/repository/org/eclipse/jetty/jetty-client/9.4.51.v20230217/jetty-client-9.4.51.v20230217.jar:/home/runner/.m2/repository/org/apache/httpcomponents/httpmime/4.5.6/httpmime-4.5.6.jar:/home/runner/.m2/repository/org/apache/httpcomponents/httpcore-nio/4.4.13/httpcore-nio-4.4.13.jar:/home/runner/.m2/repository/org/apache/httpcomponents/httpasyncclient/4.1.3/httpasyncclient-4.1.3.jar:/home/runner/.m2/repository/com/carrotsearch/hppc/0.8.0/hppc-0.8.0.jar:/home/runner/.m2/repository/org/apache/orc/orc-core/1.5.8/orc-core-1.5.8.jar:/home/runner/.m2/repository/net/java/dev/jna/jna/5.2.0/jna-5.2.0.jar:/home/runner/.m2/repository/net/java/dev/jna/jna-platform/5.2.0/jna-platform-5.2.0.jar:/home/runner/.m2/repository/com/kstruct/gethostname4j/0.0.2/gethostname4j-0.0.2.jar:/home/runner/.m2/repository/org/apache/ranger/ranger-plugin-classloader/2.3.0/ranger-plugin-classloader-2.3.0.jar:/home/runner/.m2/repository/org/apache/ozone/hdds-rocks-native/1.4.0-SNAPSHOT/hdds-rocks-native-1.4.0-SNAPSHOT.jar:/home/runner/.m2/repository/org/apache/hadoop/hadoop-minikdc/3.3.6/hadoop-minikdc-3.3.6.jar:/home/runner/.m2/repository/org/apache/kerby/kerb-simplekdc/1.0.1/kerb-simplekdc-1.0.1.jar:/home/runner/.m2/repository/org/apache/kerby/kerb-client/1.0.1/kerb-client-1.0.1.jar:/home/runner/.m2/repository/org/apache/kerby/kerby-config/1.0.1/kerby-config-1.0.1.jar:/home/runner/.m2/repository/org/apache/kerby/kerb-common/1.0.1/kerb-common-1.0.1.jar:/home/runner/.m2/repository/org/apache/kerby/kerb-crypto/1.0.1/kerb-crypto-1.0.1.jar:/home/runner/.m2/repository/org/apache/kerby/kerb-util/1.0.1/kerb-util-1.0.1.jar:/home/runner/.m2/repository/org/apache/kerby/token-provider/1.0.1/token-provider-1.0.1.jar:/home/runner/.m2/repository/org/apache/kerby/kerb-admin/1.0.1/kerb-admin-1.0.1.jar:/home/runner/.m2/repository/org/apache/kerby/kerb-server/1.0.1/kerb-server-1.0.1.jar:/home/runner/.m2/repository/org/apache/kerby/kerb-identity/1.0.1/kerb-identity-1.0.1.jar:/home/runner/.m2/repository/org/apache/kerby/kerby-xdr/1.0.1/kerby-xdr-1.0.1.jar:/home/runner/.m2/repository/org/apache/ozone/ozone-s3gateway/1.4.0-SNAPSHOT/ozone-s3gateway-1.4.0-SNAPSHOT.jar:/home/runner/.m2/repository/org/javassist/javassist/3.21.0-GA/javassist-3.21.0-GA.jar:/home/runner/.m2/repository/org/jboss/weld/servlet/weld-servlet-shaded/3.1.9.Final/weld-servlet-shaded-3.1.9.Final.jar:/home/runner/.m2/repository/org/glassfish/jersey/containers/jersey-container-servlet-core/2.34/jersey-container-servlet-core-2.34.jar:/home/runner/.m2/repository/org/glassfish/hk2/external/jakarta.inject/2.6.1/jakarta.inject-2.6.1.jar:/home/runner/.m2/repository/org/glassfish/jersey/core/jersey-common/2.34/jersey-common-2.34.jar:/home/runner/.m2/repository/jakarta/ws/rs/jakarta.ws.rs-api/2.1.6/jakarta.ws.rs-api-2.1.6.jar:/home/runner/.m2/repository/org/glassfish/jersey/ext/cdi/jersey-cdi1x/2.34/jersey-cdi1x-2.34.jar:/home/runner/.m2/repository/org/glassfish/jersey/inject/jersey-hk2/2.34/jersey-hk2-2.34.jar:/home/runner/.m2/repository/org/glassfish/hk2/hk2-locator/2.6.1/hk2-locator-2.6.1.jar:/home/runner/.m2/repository/org/glassfish/jersey/media/jersey-media-jaxb/2.34/jersey-media-jaxb-2.34.jar:/home/runner/.m2/repository/org/glassfish/hk2/osgi-resource-locator/1.0.3/osgi-resource-locator-1.0.3.jar:/home/runner/.m2/repository/org/glassfish/hk2/hk2-api/2.5.0/hk2-api-2.5.0.jar:/home/runner/.m2/repository/org/glassfish/hk2/hk2-utils/2.5.0/hk2-utils-2.5.0.jar:/home/runner/.m2/repository/org/glassfish/hk2/external/aopalliance-repackaged/2.5.0/aopalliance-repackaged-2.5.0.jar:/home/runner/.m2/repository/com/fasterxml/jackson/dataformat/jackson-dataformat-xml/2.13.4/jackson-dataformat-xml-2.13.4.jar:/home/runner/.m2/repository/org/codehaus/woodstox/stax2-api/4.2.1/stax2-api-4.2.1.jar:/home/runner/.m2/repository/com/fasterxml/woodstox/woodstox-core/5.4.0/woodstox-core-5.4.0.jar:/home/runner/.m2/repository/com/fasterxml/jackson/module/jackson-module-jaxb-annotations/2.13.4/jackson-module-jaxb-annotations-2.13.4.jar:/home/runner/.m2/repository/jakarta/xml/bind/jakarta.xml.bind-api/2.3.3/jakarta.xml.bind-api-2.3.3.jar:/home/runner/.m2/repository/jakarta/activation/jakarta.activation-api/1.2.2/jakarta.activation-api-1.2.2.jar:/home/runner/.m2/repository/javax/enterprise/cdi-api/2.0/cdi-api-2.0.jar:/home/runner/.m2/repository/javax/el/javax.el-api/3.0.0/javax.el-api-3.0.0.jar:/home/runner/.m2/repository/javax/interceptor/javax.interceptor-api/1.2/javax.interceptor-api-1.2.jar:/home/runner/.m2/repository/javax/inject/javax.inject/1/javax.inject-1.jar:/home/runner/.m2/repository/javax/xml/bind/jaxb-api/2.3.0/jaxb-api-2.3.0.jar:/home/runner/.m2/repository/org/glassfish/jaxb/jaxb-runtime/2.3.0.1/jaxb-runtime-2.3.0.1.jar:/home/runner/.m2/repository/org/glassfish/jaxb/jaxb-core/2.3.0.1/jaxb-core-2.3.0.1.jar:/home/runner/.m2/repository/org/glassfish/jaxb/txw2/2.3.0.1/txw2-2.3.0.1.jar:/home/runner/.m2/repository/com/sun/istack/istack-commons-runtime/3.0.5/istack-commons-runtime-3.0.5.jar:/home/runner/.m2/repository/org/jvnet/staxex/stax-ex/1.7.8/stax-ex-1.7.8.jar:/home/runner/.m2/repository/com/sun/xml/fastinfoset/FastInfoset/1.2.13/FastInfoset-1.2.13.jar:/home/runner/.m2/repository/javax/activation/activation/1.1.1/activation-1.1.1.jar:/home/runner/.m2/repository/io/grpc/grpc-protobuf/1.51.1/grpc-protobuf-1.51.1.jar:/home/runner/.m2/repository/com/google/api/grpc/proto-google-common-protos/2.9.0/proto-google-common-protos-2.9.0.jar:/home/runner/.m2/repository/io/grpc/grpc-protobuf-lite/1.51.1/grpc-protobuf-lite-1.51.1.jar:/home/runner/.m2/repository/io/grpc/grpc-stub/1.51.1/grpc-stub-1.51.1.jar:/home/runner/.m2/repository/io/netty/netty-transport/4.1.94.Final/netty-transport-4.1.94.Final.jar:/home/runner/.m2/repository/io/netty/netty-resolver/4.1.94.Final/netty-resolver-4.1.94.Final.jar:/home/runner/.m2/repository/org/apache/ozone/ozone-csi/1.4.0-SNAPSHOT/ozone-csi-1.4.0-SNAPSHOT.jar:/home/runner/.m2/repository/com/google/protobuf/protobuf-java-util/3.19.6/protobuf-java-util-3.19.6.jar:/home/runner/.m2/repository/com/google/code/gson/gson/2.9.0/gson-2.9.0.jar:/home/runner/.m2/repository/org/apache/ozone/hdds-config/1.4.0-SNAPSHOT/hdds-config-1.4.0-SNAPSHOT.jar:/home/runner/.m2/repository/io/netty/netty-transport-native-epoll/4.1.94.Final/netty-transport-native-epoll-4.1.94.Final-linux-x86_64.jar:/home/runner/.m2/repository/io/netty/netty-transport-classes-epoll/4.1.94.Final/netty-transport-classes-epoll-4.1.94.Final.jar:/home/runner/.m2/repository/io/netty/netty-transport-native-unix-common/4.1.94.Final/netty-transport-native-unix-common-4.1.94.Final.jar:/home/runner/.m2/repository/org/apache/ozone/ozone-recon/1.4.0-SNAPSHOT/ozone-recon-1.4.0-SNAPSHOT.jar:/home/runner/.m2/repository/org/apache/ozone/ozone-reconcodegen/1.4.0-SNAPSHOT/ozone-reconcodegen-1.4.0-SNAPSHOT.jar:/home/runner/.m2/repository/com/google/inject/guice/5.1.0/guice-5.1.0.jar:/home/runner/.m2/repository/aopalliance/aopalliance/1.0/aopalliance-1.0.jar:/home/runner/.m2/repository/com/google/inject/extensions/guice-assistedinject/5.1.0/guice-assistedinject-5.1.0.jar:/home/runner/.m2/repository/com/google/inject/extensions/guice-servlet/5.1.0/guice-servlet-5.1.0.jar:/home/runner/.m2/repository/org/glassfish/jersey/containers/jersey-container-servlet/2.34/jersey-container-servlet-2.34.jar:/home/runner/.m2/repository/org/glassfish/hk2/guice-bridge/2.5.0/guice-bridge-2.5.0.jar:/home/runner/.m2/repository/org/glassfish/jersey/core/jersey-server/2.34/jersey-server-2.34.jar:/home/runner/.m2/repository/org/glassfish/jersey/core/jersey-client/2.34/jersey-client-2.34.jar:/home/runner/.m2/repository/jakarta/annotation/jakarta.annotation-api/1.3.5/jakarta.annotation-api-1.3.5.jar:/home/runner/.m2/repository/jakarta/validation/jakarta.validation-api/2.0.2/jakarta.validation-api-2.0.2.jar:/home/runner/.m2/repository/org/glassfish/jersey/media/jersey-media-json-jackson/2.34/jersey-media-json-jackson-2.34.jar:/home/runner/.m2/repository/org/glassfish/jersey/ext/jersey-entity-filtering/2.34/jersey-entity-filtering-2.34.jar:/home/runner/.m2/repository/org/jooq/jooq/3.11.10/jooq-3.11.10.jar:/home/runner/.m2/repository/org/jooq/jooq-meta/3.11.10/jooq-meta-3.11.10.jar:/home/runner/.m2/repository/org/jooq/jooq-codegen/3.11.10/jooq-codegen-3.11.10.jar:/home/runner/.m2/repository/com/jolbox/bonecp/0.8.0.RELEASE/bonecp-0.8.0.RELEASE.jar:/home/runner/.m2/repository/org/apache/derby/derby/10.14.2.0/derby-10.14.2.0.jar:/home/runner/.m2/repository/org/xerial/sqlite-jdbc/3.41.2.2/sqlite-jdbc-3.41.2.2.jar:/home/runner/.m2/repository/org/springframework/spring-jdbc/5.3.27/spring-jdbc-5.3.27.jar:/home/runner/.m2/repository/org/springframework/spring-beans/5.3.27/spring-beans-5.3.27.jar:/home/runner/.m2/repository/org/springframework/spring-core/5.3.27/spring-core-5.3.27.jar:/home/runner/.m2/repository/org/springframework/spring-tx/5.3.27/spring-tx-5.3.27.jar:/home/runner/.m2/repository/org/apache/ozone/ozone-client/1.4.0-SNAPSHOT/ozone-client-1.4.0-SNAPSHOT.jar:/home/runner/.m2/repository/org/apache/ozone/hdds-erasurecode/1.4.0-SNAPSHOT/hdds-erasurecode-1.4.0-SNAPSHOT.jar:/home/runner/.m2/repository/org/apache/ozone/ozone-filesystem/1.4.0-SNAPSHOT/ozone-filesystem-1.4.0-SNAPSHOT.jar:/home/runner/.m2/repository/org/apache/ozone/ozone-filesystem-common/1.4.0-SNAPSHOT/ozone-filesystem-common-1.4.0-SNAPSHOT.jar:/home/runner/.m2/repository/org/apache/ozone/ozone-tools/1.4.0-SNAPSHOT/ozone-tools-1.4.0-SNAPSHOT.jar:/home/runner/.m2/repository/com/amazonaws/aws-java-sdk-core/1.12.261/aws-java-sdk-core-1.12.261.jar:/home/runner/.m2/repository/org/apache/httpcomponents/httpclient/4.5.13/httpclient-4.5.13.jar:/home/runner/.m2/repository/org/apache/httpcomponents/httpcore/4.4.13/httpcore-4.4.13.jar:/home/runner/.m2/repository/software/amazon/ion/ion-java/1.0.2/ion-java-1.0.2.jar:/home/runner/.m2/repository/com/fasterxml/jackson/dataformat/jackson-dataformat-cbor/2.13.4/jackson-dataformat-cbor-2.13.4.jar:/home/runner/.m2/repository/joda-time/joda-time/2.10.6/joda-time-2.10.6.jar:/home/runner/.m2/repository/com/amazonaws/aws-java-sdk-s3/1.12.261/aws-java-sdk-s3-1.12.261.jar:/home/runner/.m2/repository/com/amazonaws/aws-java-sdk-kms/1.12.261/aws-java-sdk-kms-1.12.261.jar:/home/runner/.m2/repository/com/amazonaws/jmespath-java/1.12.261/jmespath-java-1.12.261.jar:/home/runner/.m2/repository/org/kohsuke/metainf-services/metainf-services/1.8/metainf-services-1.8.jar:/home/runner/.m2/repository/org/apache/ozone/hdds-tools/1.4.0-SNAPSHOT/hdds-tools-1.4.0-SNAPSHOT.jar:/home/runner/.m2/repository/org/apache/ratis/ratis-tools/2.5.1/ratis-tools-2.5.1.jar:/home/runner/.m2/repository/commons-cli/commons-cli/1.2/commons-cli-1.2.jar:/home/runner/.m2/repository/org/apache/commons/commons-lang3/3.7/commons-lang3-3.7.jar:/home/runner/.m2/repository/org/apache/ozone/ozone-manager/1.4.0-SNAPSHOT/ozone-manager-1.4.0-SNAPSHOT-tests.jar:/home/runner/.m2/repository/org/apache/ozone/hdds-common/1.4.0-SNAPSHOT/hdds-common-1.4.0-SNAPSHOT-tests.jar:/home/runner/.m2/repository/org/apache/ozone/hdds-hadoop-dependency-client/1.4.0-SNAPSHOT/hdds-hadoop-dependency-client-1.4.0-SNAPSHOT.jar:/home/runner/.m2/repository/info/picocli/picocli/4.6.1/picocli-4.6.1.jar:/home/runner/.m2/repository/com/fasterxml/jackson/core/jackson-annotations/2.13.4/jackson-annotations-2.13.4.jar:/home/runner/.m2/repository/org/apache/ozone/hdds-annotation-processing/1.4.0-SNAPSHOT/hdds-annotation-processing-1.4.0-SNAPSHOT.jar:/home/runner/.m2/repository/javax/annotation/javax.annotation-api/1.2/javax.annotation-api-1.2.jar:/home/runner/.m2/repository/org/apache/ratis/ratis-netty/2.5.1/ratis-netty-2.5.1.jar:/home/runner/.m2/repository/org/apache/ratis/ratis-grpc/2.5.1/ratis-grpc-2.5.1.jar:/home/runner/.m2/repository/org/apache/commons/commons-pool2/2.6.0/commons-pool2-2.6.0.jar:/home/runner/.m2/repository/org/bouncycastle/bcpkix-jdk15on/1.67/bcpkix-jdk15on-1.67.jar:/home/runner/.m2/repository/commons-validator/commons-validator/1.6/commons-validator-1.6.jar:/home/runner/.m2/repository/commons-beanutils/commons-beanutils/1.9.4/commons-beanutils-1.9.4.jar:/home/runner/.m2/repository/commons-digester/commons-digester/1.8.1/commons-digester-1.8.1.jar:/home/runner/.m2/repository/commons-collections/commons-collections/3.2.2/commons-collections-3.2.2.jar:/home/runner/.m2/repository/io/jaegertracing/jaeger-client/1.6.0/jaeger-client-1.6.0.jar:/home/runner/.m2/repository/io/jaegertracing/jaeger-thrift/1.6.0/jaeger-thrift-1.6.0.jar:/home/runner/.m2/repository/org/apache/thrift/libthrift/0.14.1/libthrift-0.14.1.jar:/home/runner/.m2/repository/io/jaegertracing/jaeger-core/1.6.0/jaeger-core-1.6.0.jar:/home/runner/.m2/repository/io/jaegertracing/jaeger-tracerresolver/1.6.0/jaeger-tracerresolver-1.6.0.jar:/home/runner/.m2/repository/io/opentracing/contrib/opentracing-tracerresolver/0.1.8/opentracing-tracerresolver-0.1.8.jar:/home/runner/.m2/repository/org/jetbrains/kotlin/kotlin-stdlib/1.6.21/kotlin-stdlib-1.6.21.jar:/home/runner/.m2/repository/org/jetbrains/annotations/13.0/annotations-13.0.jar:/home/runner/.m2/repository/io/opentracing/opentracing-util/0.33.0/opentracing-util-0.33.0.jar:/home/runner/.m2/repository/io/opentracing/opentracing-api/0.33.0/opentracing-api-0.33.0.jar:/home/runner/.m2/repository/io/opentracing/opentracing-noop/0.33.0/opentracing-noop-0.33.0.jar:/home/runner/.m2/repository/org/yaml/snakeyaml/2.0/snakeyaml-2.0.jar:/home/runner/.m2/repository/io/grpc/grpc-api/1.51.1/grpc-api-1.51.1.jar:/home/runner/.m2/repository/io/grpc/grpc-context/1.51.1/grpc-context-1.51.1.jar:/home/runner/.m2/repository/junit/junit/4.13.1/junit-4.13.1.jar:/home/runner/.m2/repository/org/hamcrest/hamcrest-core/1.3/hamcrest-core-1.3.jar:/home/runner/.m2/repository/org/junit/jupiter/junit-jupiter-api/5.8.2/junit-jupiter-api-5.8.2.jar:/home/runner/.m2/repository/org/opentest4j/opentest4j/1.2.0/opentest4j-1.2.0.jar:/home/runner/.m2/repository/org/junit/platform/junit-platform-commons/1.8.2/junit-platform-commons-1.8.2.jar:/home/runner/.m2/repository/org/apiguardian/apiguardian-api/1.1.2/apiguardian-api-1.1.2.jar:/home/runner/.m2/repository/org/junit/jupiter/junit-jupiter-params/5.8.2/junit-jupiter-params-5.8.2.jar:/home/runner/.m2/repository/org/junit/jupiter/junit-jupiter-migrationsupport/5.8.2/junit-jupiter-migrationsupport-5.8.2.jar:/home/runner/.m2/repository/org/junit/jupiter/junit-jupiter-engine/5.8.2/junit-jupiter-engine-5.8.2.jar:/home/runner/.m2/repository/org/junit/platform/junit-platform-engine/1.8.2/junit-platform-engine-1.8.2.jar:/home/runner/.m2/repository/org/junit/vintage/junit-vintage-engine/5.8.2/junit-vintage-engine-5.8.2.jar:/home/runner/.m2/repository/org/junit/platform/junit-platform-launcher/1.8.2/junit-platform-launcher-1.8.2.jar:/home/runner/.m2/repository/org/mockito/mockito-core/3.5.9/mockito-core-3.5.9.jar:/home/runner/.m2/repository/net/bytebuddy/byte-buddy/1.10.13/byte-buddy-1.10.13.jar:/home/runner/.m2/repository/net/bytebuddy/byte-buddy-agent/1.10.13/byte-buddy-agent-1.10.13.jar:/home/runner/.m2/repository/org/objenesis/objenesis/1.0/objenesis-1.0.jar:/home/runner/.m2/repository/org/apache/hadoop/hadoop-kms/3.3.6/hadoop-kms-3.3.6.jar:/home/runner/.m2/repository/org/apache/hadoop/hadoop-auth/3.3.6/hadoop-auth-3.3.6.jar:/home/runner/.m2/repository/com/nimbusds/nimbus-jose-jwt/9.8.1/nimbus-jose-jwt-9.8.1.jar:/home/runner/.m2/repository/com/github/stephenc/jcip/jcip-annotations/1.0-1/jcip-annotations-1.0-1.jar:/home/runner/.m2/repository/org/apache/zookeeper/zookeeper/3.5.6/zookeeper-3.5.6.jar:/home/runner/.m2/repository/org/apache/zookeeper/zookeeper-jute/3.5.6/zookeeper-jute-3.5.6.jar:/home/runner/.m2/repository/org/apache/yetus/audience-annotations/0.5.0/audience-annotations-0.5.0.jar:/home/runner/.m2/repository/org/apache/curator/curator-framework/4.2.0/curator-framework-4.2.0.jar:/home/runner/.m2/repository/org/apache/hadoop/thirdparty/hadoop-shaded-guava/1.1.1/hadoop-shaded-guava-1.1.1.jar:/home/runner/.m2/repository/com/sun/jersey/jersey-core/1.19/jersey-core-1.19.jar:/home/runner/.m2/repository/javax/ws/rs/jsr311-api/1.1.1/jsr311-api-1.1.1.jar:/home/runner/.m2/repository/com/sun/jersey/jersey-server/1.19/jersey-server-1.19.jar:/home/runner/.m2/repository/javax/servlet/javax.servlet-api/3.1.0/javax.servlet-api-3.1.0.jar:/home/runner/.m2/repository/org/apache/hadoop/hadoop-common/3.3.6/hadoop-common-3.3.6.jar:/home/runner/.m2/repository/org/apache/commons/commons-math3/3.1.1/commons-math3-3.1.1.jar:/home/runner/.m2/repository/commons-net/commons-net/3.9.0/commons-net-3.9.0.jar:/home/runner/.m2/repository/com/sun/jersey/jersey-servlet/1.19/jersey-servlet-1.19.jar:/home/runner/.m2/repository/com/github/pjfanning/jersey-json/1.20/jersey-json-1.20.jar:/home/runner/.m2/repository/org/codehaus/jettison/jettison/1.1/jettison-1.1.jar:/home/runner/.m2/repository/com/sun/xml/bind/jaxb-impl/2.2.3-1/jaxb-impl-2.2.3-1.jar:/home/runner/.m2/repository/com/google/re2j/re2j/1.1/re2j-1.1.jar:/home/runner/.m2/repository/com/jcraft/jsch/0.1.54/jsch-0.1.54.jar:/home/runner/.m2/repository/org/apache/curator/curator-client/4.2.0/curator-client-4.2.0.jar:/home/runner/.m2/repository/org/apache/curator/curator-recipes/5.2.0/curator-recipes-5.2.0.jar:/home/runner/.m2/repository/org/apache/kerby/kerb-core/1.0.1/kerb-core-1.0.1.jar:/home/runner/.m2/repository/org/apache/kerby/kerby-pkix/1.0.1/kerby-pkix-1.0.1.jar:/home/runner/.m2/repository/org/apache/kerby/kerby-asn1/1.0.1/kerby-asn1-1.0.1.jar:/home/runner/.m2/repository/org/apache/kerby/kerby-util/1.0.1/kerby-util-1.0.1.jar:/home/runner/.m2/repository/dnsjava/dnsjava/2.1.7/dnsjava-2.1.7.jar:/home/runner/.m2/repository/org/xerial/snappy/snappy-java/1.1.8.2/snappy-java-1.1.8.2.jar:/home/runner/.m2/repository/com/fasterxml/jackson/core/jackson-databind/2.13.4.2/jackson-databind-2.13.4.2.jar:/home/runner/.m2/repository/org/apache/hadoop/hadoop-kms/3.3.6/hadoop-kms-3.3.6-tests.jar:/home/runner/.m2/repository/org/apache/ozone/hdds-server-scm/1.4.0-SNAPSHOT/hdds-server-scm-1.4.0-SNAPSHOT-tests.jar:/home/runner/.m2/repository/org/apache/ozone/hdds-container-service/1.4.0-SNAPSHOT/hdds-container-service-1.4.0-SNAPSHOT-tests.jar:/home/runner/.m2/repository/com/github/luben/zstd-jni/1.5.2-5/zstd-jni-1.5.2-5.jar:/home/runner/.m2/repository/commons-codec/commons-codec/1.15/commons-codec-1.15.jar:/home/runner/.m2/repository/io/netty/netty-codec/4.1.94.Final/netty-codec-4.1.94.Final.jar:/home/runner/.m2/repository/io/netty/netty-handler/4.1.94.Final/netty-handler-4.1.94.Final.jar:/home/runner/.m2/repository/org/apache/ozone/hdds-hadoop-dependency-test/1.4.0-SNAPSHOT/hdds-hadoop-dependency-test-1.4.0-SNAPSHOT.jar:/home/runner/.m2/repository/org/apache/hadoop/hadoop-common/3.3.6/hadoop-common-3.3.6-tests.jar:/home/runner/.m2/repository/org/apache/hadoop/hadoop-hdfs/3.3.6/hadoop-hdfs-3.3.6-tests.jar:/home/runner/.m2/repository/org/assertj/assertj-core/3.12.2/assertj-core-3.12.2.jar:/home/runner/.m2/repository/org/apache/hadoop/hadoop-distcp/3.3.6/hadoop-distcp-3.3.6.jar:/home/runner/.m2/repository/org/apache/hadoop/hadoop-mapreduce-client-jobclient/3.3.6/hadoop-mapreduce-client-jobclient-3.3.6.jar:/home/runner/.m2/repository/org/apache/hadoop/hadoop-mapreduce-client-common/3.3.6/hadoop-mapreduce-client-common-3.3.6.jar:/home/runner/.m2/repository/org/apache/hadoop/hadoop-yarn-common/3.3.6/hadoop-yarn-common-3.3.6.jar:/home/runner/.m2/repository/org/apache/hadoop/hadoop-yarn-api/3.3.6/hadoop-yarn-api-3.3.6.jar:/home/runner/.m2/repository/com/sun/jersey/contribs/jersey-guice/1.19/jersey-guice-1.19.jar:/home/runner/.m2/repository/com/fasterxml/jackson/jaxrs/jackson-jaxrs-json-provider/2.13.4/jackson-jaxrs-json-provider-2.13.4.jar:/home/runner/.m2/repository/com/fasterxml/jackson/jaxrs/jackson-jaxrs-base/2.13.4/jackson-jaxrs-base-2.13.4.jar:/home/runner/.m2/repository/org/apache/hadoop/hadoop-yarn-client/3.3.6/hadoop-yarn-client-3.3.6.jar:/home/runner/.m2/repository/org/eclipse/jetty/websocket/websocket-client/9.4.51.v20230217/websocket-client-9.4.51.v20230217.jar:/home/runner/.m2/repository/org/eclipse/jetty/websocket/websocket-common/9.4.51.v20230217/websocket-common-9.4.51.v20230217.jar:/home/runner/.m2/repository/org/eclipse/jetty/websocket/websocket-api/9.4.51.v20230217/websocket-api-9.4.51.v20230217.jar:/home/runner/.m2/repository/org/jline/jline/3.9.0/jline-3.9.0.jar:/home/runner/.m2/repository/org/apache/hadoop/hadoop-mapreduce-client-core/3.3.6/hadoop-mapreduce-client-core-3.3.6.jar:/home/runner/.m2/repository/org/apache/avro/avro/1.7.7/avro-1.7.7.jar:/home/runner/.m2/repository/com/thoughtworks/paranamer/paranamer/2.3/paranamer-2.3.jar:/home/runner/.m2/repository/org/apache/hadoop/hadoop-annotations/3.3.6/hadoop-annotations-3.3.6.jar:/usr/lib/jvm/temurin-8-jdk-amd64/jre/../lib/tools.jar:/home/runner/.m2/repository/io/netty/netty/3.10.6.Final/netty-3.10.6.Final.jar:/home/runner/.m2/repository/org/apache/hadoop/hadoop-distcp/3.3.6/hadoop-distcp-3.3.6-tests.jar:/home/runner/.m2/repository/org/slf4j/jul-to-slf4j/1.7.36/jul-to-slf4j-1.7.36.jar:"/>
    <property name="sun.cpu.endian" value="little"/>
    <property name="user.home" value="/home/runner"/>
    <property name="user.language" value="en"/>
    <property name="java.specification.vendor" value="Oracle Corporation"/>
    <property name="java.home" value="/usr/lib/jvm/temurin-8-jdk-amd64/jre"/>
    <property name="java.security.krb5.conf" value="/home/runner/work/ozone/ozone/hadoop-ozone/integration-test/target/test-classes/krb5.conf"/>
    <property name="basedir" value="/home/runner/work/ozone/ozone/hadoop-ozone/integration-test"/>
    <property name="file.separator" value="/"/>
    <property name="line.separator" value="&#10;"/>
    <property name="java.vm.specification.vendor" value="Oracle Corporation"/>
    <property name="java.specification.name" value="Java Platform API Specification"/>
    <property name="java.awt.graphicsenv" value="sun.awt.X11GraphicsEnvironment"/>
    <property name="skip.installnpx" value="true"/>
    <property name="surefire.real.class.path" value="/home/runner/work/ozone/ozone/hadoop-ozone/integration-test/target/surefire/surefirebooter6854745824310044941.jar:/home/runner/.m2/repository/org/jacoco/org.jacoco.agent/0.8.5/org.jacoco.agent-0.8.5-runtime.jar"/>
    <property name="hadoop.log.dir" value="/home/runner/work/ozone/ozone/hadoop-ozone/integration-test/target/log"/>
    <property name="sun.boot.class.path" value="/usr/lib/jvm/temurin-8-jdk-amd64/jre/lib/resources.jar:/usr/lib/jvm/temurin-8-jdk-amd64/jre/lib/rt.jar:/usr/lib/jvm/temurin-8-jdk-amd64/jre/lib/sunrsasign.jar:/usr/lib/jvm/temurin-8-jdk-amd64/jre/lib/jsse.jar:/usr/lib/jvm/temurin-8-jdk-amd64/jre/lib/jce.jar:/usr/lib/jvm/temurin-8-jdk-amd64/jre/lib/charsets.jar:/usr/lib/jvm/temurin-8-jdk-amd64/jre/lib/jfr.jar:/usr/lib/jvm/temurin-8-jdk-amd64/jre/classes"/>
    <property name="sun.management.compiler" value="HotSpot 64-Bit Tiered Compilers"/>
    <property name="skip.npx" value="true"/>
    <property name="java.runtime.version" value="1.8.0_382-b05"/>
    <property name="java.net.preferIPv4Stack" value="true"/>
    <property name="user.name" value="runner"/>
    <property name="path.separator" value=":"/>
    <property name="java.security.egd" value="file:///dev/urandom"/>
    <property name="os.version" value="5.15.0-1042-azure"/>
    <property name="java.endorsed.dirs" value="/usr/lib/jvm/temurin-8-jdk-amd64/jre/lib/endorsed"/>
    <property name="java.runtime.name" value="OpenJDK Runtime Environment"/>
    <property name="file.encoding" value="UTF-8"/>
    <property name="java.vm.name" value="OpenJDK 64-Bit Server VM"/>
    <property name="test.build.webapps" value=""/>
    <property name="localRepository" value="/home/runner/.m2/repository"/>
    <property name="jetty.git.hash" value="b45c405e4544384de066f814ed42ae3dceacdd49"/>
    <property name="java.vendor.url.bug" value="https://github.com/adoptium/adoptium-support/issues"/>
    <property name="java.io.tmpdir" value="/tmp"/>
    <property name="require.test.libhadoop" value=""/>
    <property name="java.version" value="1.8.0_382"/>
    <property name="user.dir" value="/home/runner/work/ozone/ozone/hadoop-ozone/integration-test"/>
    <property name="os.arch" value="amd64"/>
    <property name="java.vm.specification.name" value="Java Virtual Machine Specification"/>
    <property name="test.build.classes" value="/home/runner/work/ozone/ozone/hadoop-ozone/integration-test/target/test-classes"/>
    <property name="java.awt.printerjob" value="sun.print.PSPrinterJob"/>
    <property name="sun.os.patch.level" value="unknown"/>
    <property name="org.apache.ratis.thirdparty.io.netty.allocator.useCacheForAllThreads" value="false"/>
    <property name="hadoop.tmp.dir" value="/home/runner/work/ozone/ozone/hadoop-ozone/integration-test/target/tmp"/>
    <property name="java.library.path" value="/usr/java/packages/lib/amd64:/usr/lib64:/lib64:/lib:/usr/lib"/>
    <property name="java.vm.info" value="mixed mode"/>
    <property name="java.vendor" value="Temurin"/>
    <property name="java.vm.version" value="25.382-b05"/>
    <property name="java.specification.maintenance.version" value="5"/>
    <property name="java.ext.dirs" value="/usr/lib/jvm/temurin-8-jdk-amd64/jre/lib/ext:/usr/java/packages/lib/ext"/>
    <property name="sun.io.unicode.encoding" value="UnicodeLittle"/>
    <property name="java.class.version" value="52.0"/>
  </properties>
  <testcase name="testGetTrashRoot" classname="TestOzoneFileSystem" time="22.43">
    <system-out><![CDATA[2023-08-28 09:30:53,125 [main] WARN  server.ServerUtils (ServerUtils.java:getScmDbDir(155)) - ozone.scm.db.dirs is not configured. We recommend adding this setting. Falling back to ozone.metadata.dirs instead.
2023-08-28 09:30:53,340 [main] INFO  reflections.Reflections (Reflections.java:scan(232)) - Reflections took 165 ms to scan 7 urls, producing 161 keys and 379 values 
2023-08-28 09:30:53,506 [main] WARN  server.ServerUtils (ServerUtils.java:getScmDbDir(155)) - ozone.scm.db.dirs is not configured. We recommend adding this setting. Falling back to ozone.metadata.dirs instead.
2023-08-28 09:30:53,510 [main] INFO  ha.SCMHANodeDetails (SCMHANodeDetails.java:loadSCMHAConfig(210)) - ServiceID for StorageContainerManager is null
2023-08-28 09:30:53,517 [main] WARN  ha.SCMHANodeDetails (SCMHANodeDetails.java:validateSCMHAConfig(183)) - Invalid config ozone.scm.ratis.enable. The config was not specified, but the default value true conflicts with the expected config value false. Falling back to the expected value. Current State of SCM: SCM is running in Non-HA without Ratis Ratis SCM -> Non Ratis SCM or Non HA SCM -> HA SCM is not supported
2023-08-28 09:30:53,518 [main] INFO  ha.SCMHANodeDetails (SCMHANodeDetails.java:loadSCMHAConfig(215)) - ozone.scm.default.service.id is not defined, falling back to ozone.scm.service.ids to find serviceID for StorageContainerManager if it is HA enabled cluster
2023-08-28 09:30:54,213 [main] WARN  utils.HAUtils (HAUtils.java:getMetaDir(339)) - ozone.scm.db.dirs is not configured. We recommend adding this setting. Falling back to ozone.metadata.dirs instead.
2023-08-28 09:30:54,352 [main] WARN  db.DBStoreBuilder (DBStoreBuilder.java:applyDBDefinition(166)) - ozone.scm.db.dirs is not configured. We recommend adding this setting. Falling back to ozone.metadata.dirs instead.
2023-08-28 09:30:54,583 [main] INFO  net.NodeSchemaLoader (NodeSchemaLoader.java:loadSchemaFromFile(129)) - Loading schema from [jar:file:/home/runner/.m2/repository/org/apache/ozone/hdds-common/1.4.0-SNAPSHOT/hdds-common-1.4.0-SNAPSHOT.jar!/network-topology-default.xml]
2023-08-28 09:30:54,585 [main] INFO  net.NodeSchemaLoader (NodeSchemaLoader.java:loadSchema(176)) - Loading network topology layer schema file
2023-08-28 09:30:54,631 [main] INFO  metrics.MetricRegistries (MetricRegistriesLoader.java:load(64)) - Loaded MetricRegistries class org.apache.ratis.metrics.impl.MetricRegistriesImpl
2023-08-28 09:30:54,647 [main] INFO  upgrade.AbstractLayoutVersionManager (AbstractLayoutVersionManager.java:init(83)) - Initializing Layout version manager with metadata layout = HADOOP_PRC_PORTS_IN_DATANODEDETAILS (version = 7), software layout = HADOOP_PRC_PORTS_IN_DATANODEDETAILS (version = 7)
2023-08-28 09:30:54,868 [main] INFO  ha.SequenceIdGenerator (SequenceIdGenerator.java:upgradeToSequenceId(365)) - upgrade localId to 111677748019200000
2023-08-28 09:30:54,869 [main] INFO  ha.SequenceIdGenerator (SequenceIdGenerator.java:upgradeToSequenceId(375)) - upgrade delTxnId to 0
2023-08-28 09:30:54,877 [main] INFO  ha.SequenceIdGenerator (SequenceIdGenerator.java:upgradeToSequenceId(392)) - upgrade containerId to 0
2023-08-28 09:30:54,881 [main] INFO  ha.SequenceIdGenerator (SequenceIdGenerator.java:upgradeToSequenceId(428)) - upgrade rootCertificateId to 1
2023-08-28 09:30:54,884 [main] INFO  ha.SequenceIdGenerator (SequenceIdGenerator.java:<init>(236)) - Init the HA SequenceIdGenerator.
2023-08-28 09:30:54,944 [main] WARN  server.ServerUtils (ServerUtils.java:sanitizeUserArgs(80)) - ozone.scm.stale.node.interval value = 300000 is larger than max = 100000 based on the key value of ozone.scm.heartbeat.thread.interval, reset to the max value 100000.
2023-08-28 09:30:54,944 [main] WARN  server.ServerUtils (ServerUtils.java:sanitizeUserArgs(80)) - ozone.scm.stale.node.interval value = 300000 is larger than max = 100000 based on the key value of ozone.scm.heartbeat.thread.interval, reset to the max value 100000.
2023-08-28 09:30:54,953 [main] INFO  node.SCMNodeManager (SCMNodeManager.java:<init>(157)) - Entering startup safe mode.
2023-08-28 09:30:54,975 [main] INFO  algorithms.ContainerPlacementPolicyFactory (ContainerPlacementPolicyFactory.java:getPolicyInternal(86)) - Create container placement policy of type org.apache.hadoop.hdds.scm.container.placement.algorithms.SCMContainerPlacementRackAware
2023-08-28 09:30:54,978 [main] INFO  algorithms.ContainerPlacementPolicyFactory (ContainerPlacementPolicyFactory.java:getPolicyInternal(86)) - Create container placement policy of type org.apache.hadoop.hdds.scm.container.placement.algorithms.SCMContainerPlacementRackScatter
2023-08-28 09:30:54,988 [main] INFO  pipeline.PipelineStateManagerImpl (PipelineStateManagerImpl.java:initialize(78)) - No pipeline exists in current db
2023-08-28 09:30:55,002 [main] INFO  algorithms.LeaderChoosePolicyFactory (LeaderChoosePolicyFactory.java:getPolicy(57)) - Create leader choose policy of type org.apache.hadoop.hdds.scm.pipeline.leader.choose.algorithms.MinLeaderCountChoosePolicy
2023-08-28 09:30:55,003 [main] INFO  algorithms.ContainerPlacementPolicyFactory (ContainerPlacementPolicyFactory.java:getPolicyInternal(86)) - Create container placement policy of type org.apache.hadoop.hdds.scm.container.placement.algorithms.SCMContainerPlacementRackScatter
2023-08-28 09:30:55,009 [main] INFO  ha.SCMServiceManager (SCMServiceManager.java:register(42)) - Registering service BackgroundPipelineCreator.
2023-08-28 09:30:55,010 [main] INFO  pipeline.BackgroundPipelineCreator (BackgroundPipelineCreator.java:start(124)) - Starting RatisPipelineUtilsThread.
2023-08-28 09:30:55,014 [main] INFO  BackgroundPipelineScrubber (BackgroundSCMService.java:start(68)) - Starting BackgroundPipelineScrubber Service.
2023-08-28 09:30:55,015 [main] INFO  ha.SCMServiceManager (SCMServiceManager.java:register(42)) - Registering service BackgroundPipelineScrubber.
2023-08-28 09:30:55,021 [main] INFO  ExpiredContainerReplicaOpScrubber (BackgroundSCMService.java:start(68)) - Starting ExpiredContainerReplicaOpScrubber Service.
2023-08-28 09:30:55,022 [main] INFO  ha.SCMServiceManager (SCMServiceManager.java:register(42)) - Registering service ExpiredContainerReplicaOpScrubber.
2023-08-28 09:30:55,058 [main] INFO  algorithms.PipelineChoosePolicyFactory (PipelineChoosePolicyFactory.java:createPipelineChoosePolicyFromClass(78)) - Create pipeline choose policy of type org.apache.hadoop.hdds.scm.pipeline.choose.algorithms.RandomPipelineChoosePolicy
2023-08-28 09:30:55,058 [main] INFO  algorithms.PipelineChoosePolicyFactory (PipelineChoosePolicyFactory.java:createPipelineChoosePolicyFromClass(78)) - Create pipeline choose policy of type org.apache.hadoop.hdds.scm.pipeline.choose.algorithms.RandomPipelineChoosePolicy
2023-08-28 09:30:55,087 [main] INFO  ha.SCMServiceManager (SCMServiceManager.java:register(42)) - Registering service SCMBlockDeletingService.
2023-08-28 09:30:55,169 [main] INFO  replication.ReplicationManager (ReplicationManager.java:start(291)) - Starting Replication Monitor Thread.
2023-08-28 09:30:55,170 [main] INFO  ha.SCMServiceManager (SCMServiceManager.java:register(42)) - Registering service ReplicationManager.
2023-08-28 09:30:55,176 [ReplicationMonitor] INFO  replication.ReplicationManager (ReplicationManager.java:processAll(365)) - Replication Manager is not ready to run until 3000ms after safemode exit
2023-08-28 09:30:55,183 [main] INFO  safemode.ContainerSafeModeRule (ContainerSafeModeRule.java:<init>(90)) - containers with one replica threshold count 0
2023-08-28 09:30:55,187 [main] INFO  safemode.HealthyPipelineSafeModeRule (HealthyPipelineSafeModeRule.java:initializeRule(169)) - Total pipeline count is 0, healthy pipeline threshold count is 1
2023-08-28 09:30:55,189 [main] INFO  safemode.OneReplicaPipelineSafeModeRule (OneReplicaPipelineSafeModeRule.java:initializeRule(180)) - Total pipeline count is 0, pipeline's with at least one datanode reported threshold count is 0
2023-08-28 09:30:55,241 [main] INFO  server.StorageContainerManager (StorageContainerManager.java:<init>(425)) - SCM start with adminUsers: [runner]
2023-08-28 09:30:55,582 [main] INFO  audit.AuditLogger (AuditLogger.java:refreshDebugCmdSet(126)) - Refresh DebugCmdSet for SCMAudit to [].
2023-08-28 09:30:55,615 [main] INFO  ipc.CallQueueManager (CallQueueManager.java:<init>(90)) - Using callQueue: class java.util.concurrent.LinkedBlockingQueue, queueCapacity: 2000, scheduler: class org.apache.hadoop.ipc.DefaultRpcScheduler, ipcBackoff: false.
2023-08-28 09:30:55,651 [main] INFO  ipc.Server (Server.java:<init>(1287)) - Listener at 0.0.0.0:15002
2023-08-28 09:30:55,655 [Socket Reader #1 for port 15002] INFO  ipc.Server (Server.java:run(1323)) - Starting Socket Reader #1 for port 15002
2023-08-28 09:30:55,715 [main] INFO  audit.AuditLogger (AuditLogger.java:refreshDebugCmdSet(126)) - Refresh DebugCmdSet for SCMAudit to [].
2023-08-28 09:30:55,722 [main] INFO  ipc.CallQueueManager (CallQueueManager.java:<init>(90)) - Using callQueue: class java.util.concurrent.LinkedBlockingQueue, queueCapacity: 2000, scheduler: class org.apache.hadoop.ipc.DefaultRpcScheduler, ipcBackoff: false.
2023-08-28 09:30:55,724 [main] INFO  ipc.Server (Server.java:<init>(1287)) - Listener at 0.0.0.0:15001
2023-08-28 09:30:55,725 [Socket Reader #1 for port 15001] INFO  ipc.Server (Server.java:run(1323)) - Starting Socket Reader #1 for port 15001
2023-08-28 09:30:55,755 [main] INFO  audit.AuditLogger (AuditLogger.java:refreshDebugCmdSet(126)) - Refresh DebugCmdSet for SCMAudit to [].
2023-08-28 09:30:55,769 [main] INFO  ipc.CallQueueManager (CallQueueManager.java:<init>(90)) - Using callQueue: class java.util.concurrent.LinkedBlockingQueue, queueCapacity: 2000, scheduler: class org.apache.hadoop.ipc.DefaultRpcScheduler, ipcBackoff: false.
2023-08-28 09:30:55,769 [main] INFO  ipc.Server (Server.java:<init>(1287)) - Listener at 0.0.0.0:15000
2023-08-28 09:30:55,770 [Socket Reader #1 for port 15000] INFO  ipc.Server (Server.java:run(1323)) - Starting Socket Reader #1 for port 15000
2023-08-28 09:30:55,818 [main] INFO  ha.SCMServiceManager (SCMServiceManager.java:register(42)) - Registering service ContainerBalancer.
2023-08-28 09:30:55,819 [main] INFO  server.StorageContainerManager (StorageContainerManager.java:<init>(438)) - 
Container Balancer status:
Key                            Value
Running                        false
Container Balancer Configuration values:
Key                                                Value
Threshold                                          10
Max Datanodes to Involve per Iteration(percent)    20
Max Size to Move per Iteration                     500GB
Max Size Entering Target per Iteration             26GB
Max Size Leaving Source per Iteration              26GB

2023-08-28 09:30:55,819 [main] INFO  ha.SCMContext (SCMContext.java:updateSafeModeStatus(228)) - Update SafeModeStatus from SafeModeStatus{safeModeStatus=true, preCheckPassed=false} to SafeModeStatus{safeModeStatus=true, preCheckPassed=false}.
2023-08-28 09:30:55,822 [main] INFO  server.StorageContainerManager (StorageContainerManager.java:start(1483)) - StorageContainerLocationProtocol RPC server is listening at /0.0.0.0:15000
2023-08-28 09:30:55,889 [main] WARN  impl.MetricsConfig (MetricsConfig.java:loadFirst(136)) - Cannot locate configuration: tried hadoop-metrics2-storagecontainermanager.properties,hadoop-metrics2.properties
2023-08-28 09:30:55,902 [main] INFO  impl.MetricsSystemImpl (MetricsSystemImpl.java:startTimer(378)) - Scheduled Metric snapshot period at 10 second(s).
2023-08-28 09:30:55,902 [main] INFO  impl.MetricsSystemImpl (MetricsSystemImpl.java:start(191)) - StorageContainerManager metrics system started
2023-08-28 09:30:56,156 [main] INFO  server.SCMClientProtocolServer (SCMClientProtocolServer.java:start(201)) - RPC server for Client  is listening at /0.0.0.0:15000
2023-08-28 09:30:56,157 [IPC Server Responder] INFO  ipc.Server (Server.java:run(1562)) - IPC Server Responder: starting
2023-08-28 09:30:56,159 [IPC Server listener on 15000] INFO  ipc.Server (Server.java:run(1402)) - IPC Server listener on 15000: starting
2023-08-28 09:30:56,183 [main] INFO  server.StorageContainerManager (StorageContainerManager.java:start(1496)) - ScmBlockLocationProtocol RPC server is listening at /0.0.0.0:15001
2023-08-28 09:30:56,183 [main] INFO  server.SCMBlockProtocolServer (SCMBlockProtocolServer.java:start(152)) - RPC server for Block Protocol is listening at /0.0.0.0:15001
2023-08-28 09:30:56,184 [IPC Server Responder] INFO  ipc.Server (Server.java:run(1562)) - IPC Server Responder: starting
2023-08-28 09:30:56,192 [IPC Server listener on 15001] INFO  ipc.Server (Server.java:run(1402)) - IPC Server listener on 15001: starting
2023-08-28 09:30:56,195 [main] INFO  server.SCMDatanodeProtocolServer (SCMDatanodeProtocolServer.java:start(193)) - ScmDatanodeProtocol RPC server for DataNodes is listening at /0.0.0.0:15002
2023-08-28 09:30:56,201 [IPC Server Responder] INFO  ipc.Server (Server.java:run(1562)) - IPC Server Responder: starting
2023-08-28 09:30:56,203 [IPC Server listener on 15002] INFO  ipc.Server (Server.java:run(1402)) - IPC Server listener on 15002: starting
2023-08-28 09:30:56,215 [JvmPauseMonitor0] INFO  util.JvmPauseMonitor (JvmPauseMonitor.java:run(103)) - JvmPauseMonitor-e8ac97ac-a697-4e54-9991-1ee2cb8c7d0a: Started
2023-08-28 09:30:56,233 [main] INFO  http.BaseHttpServer (BaseHttpServer.java:newHttpServer2BuilderForOzone(223)) - Starting Web-server for scm at: http://0.0.0.0:15003
2023-08-28 09:30:56,233 [main] INFO  http.BaseHttpServer (BaseHttpServer.java:<init>(110)) - Hadoop Security Enabled: false Ozone Security Enabled: false Ozone HTTP Security Enabled: false 
2023-08-28 09:30:56,258 [main] INFO  util.log (Log.java:initialized(170)) - Logging initialized @4595ms to org.eclipse.jetty.util.log.Slf4jLog
2023-08-28 09:30:56,348 [main] WARN  server.AuthenticationFilter (AuthenticationFilter.java:constructSecretProvider(240)) - Unable to initialize FileSignerSecretProvider, falling back to use random secrets. Reason: Could not read signature secret file: /home/runner/hadoop-http-auth-signature-secret
2023-08-28 09:30:56,357 [main] INFO  http.HttpRequestLog (HttpRequestLog.java:getRequestLog(86)) - Http request log for http.requests.scm is not defined
2023-08-28 09:30:56,362 [main] INFO  http.HttpServer2 (HttpServer2.java:addGlobalFilter(1031)) - Added global filter 'safety' (class=org.apache.hadoop.hdds.server.http.HttpServer2$QuotingInputFilter)
2023-08-28 09:30:56,365 [main] INFO  http.HttpServer2 (HttpServer2.java:addFilter(1007)) - Added filter static_user_filter (class=org.apache.hadoop.http.lib.StaticUserWebFilter$StaticUserFilter) to context scm
2023-08-28 09:30:56,365 [main] INFO  http.HttpServer2 (HttpServer2.java:addFilter(1015)) - Added filter static_user_filter (class=org.apache.hadoop.http.lib.StaticUserWebFilter$StaticUserFilter) to context logs
2023-08-28 09:30:56,365 [main] INFO  http.HttpServer2 (HttpServer2.java:addFilter(1015)) - Added filter static_user_filter (class=org.apache.hadoop.http.lib.StaticUserWebFilter$StaticUserFilter) to context static
2023-08-28 09:30:56,400 [main] INFO  http.BaseHttpServer (BaseHttpServer.java:<init>(189)) - HTTP server of scm uses base directory /home/runner/work/ozone/ozone/hadoop-ozone/integration-test/target/test-dir/MiniOzoneClusterImpl-56d16ed0-cc7e-4f87-bd63-81d84e7eb885/ozone-meta/webserver
2023-08-28 09:30:56,401 [main] INFO  http.HttpServer2 (HttpServer2.java:bindListener(1231)) - Jetty bound to port 15003
2023-08-28 09:30:56,402 [main] INFO  server.Server (Server.java:doStart(375)) - jetty-9.4.51.v20230217; built: 2023-02-17T08:19:37.309Z; git: b45c405e4544384de066f814ed42ae3dceacdd49; jvm 1.8.0_382-b05
2023-08-28 09:30:56,433 [main] INFO  server.session (DefaultSessionIdManager.java:doStart(334)) - DefaultSessionIdManager workerName=node0
2023-08-28 09:30:56,433 [main] INFO  server.session (DefaultSessionIdManager.java:doStart(339)) - No SessionScavenger set, using defaults
2023-08-28 09:30:56,435 [main] INFO  server.session (HouseKeeper.java:startScavenging(132)) - node0 Scavenging every 660000ms
2023-08-28 09:30:56,447 [main] INFO  handler.ContextHandler (ContextHandler.java:doStart(921)) - Started o.e.j.s.ServletContextHandler@54151d07{logs,/logs,file:///home/runner/work/ozone/ozone/hadoop-ozone/integration-test/target/log,AVAILABLE}
2023-08-28 09:30:56,448 [main] INFO  handler.ContextHandler (ContextHandler.java:doStart(921)) - Started o.e.j.s.ServletContextHandler@157ff8f8{static,/static,file:///home/runner/work/ozone/ozone/hadoop-ozone/integration-test/target/test-classes/webapps/static,AVAILABLE}
2023-08-28 09:30:56,497 [main] INFO  handler.ContextHandler (ContextHandler.java:doStart(921)) - Started o.e.j.w.WebAppContext@54464330{scm,/,file:///home/runner/work/ozone/ozone/hadoop-ozone/integration-test/target/test-classes/webapps/scm/,AVAILABLE}{file:/home/runner/work/ozone/ozone/hadoop-ozone/integration-test/target/test-classes/webapps/scm}
2023-08-28 09:30:56,506 [main] INFO  server.AbstractConnector (AbstractConnector.java:doStart(333)) - Started ServerConnector@36003e90{HTTP/1.1, (http/1.1)}{0.0.0.0:15003}
2023-08-28 09:30:56,507 [main] INFO  server.Server (Server.java:doStart(415)) - Started @4844ms
2023-08-28 09:30:56,511 [main] INFO  impl.MetricsSinkAdapter (MetricsSinkAdapter.java:start(204)) - Sink prometheus started
2023-08-28 09:30:56,511 [main] INFO  impl.MetricsSystemImpl (MetricsSystemImpl.java:registerSink(305)) - Registered sink prometheus
2023-08-28 09:30:56,512 [main] INFO  http.BaseHttpServer (BaseHttpServer.java:updateConnectorAddress(354)) - HTTP server of scm listening at http://0.0.0.0:15003
2023-08-28 09:30:56,518 [main] WARN  server.ServerUtils (ServerUtils.java:getDBPath(311)) - ozone.om.db.dirs is not configured. We recommend adding this setting. Falling back to ozone.metadata.dirs instead.
2023-08-28 09:30:56,599 [main] INFO  audit.AuditLogger (AuditLogger.java:refreshDebugCmdSet(126)) - Refresh DebugCmdSet for OMAudit to [].
2023-08-28 09:30:56,684 [main] INFO  ha.OMHANodeDetails (OMHANodeDetails.java:loadOMHAConfig(115)) - ozone.om.internal.service.id is not defined, falling back to ozone.om.service.ids to find serviceID for OzoneManager if it is HA enabled cluster
2023-08-28 09:30:56,688 [main] INFO  ha.OMHANodeDetails (OMHANodeDetails.java:loadOMHAConfig(226)) - Configuration does not have ozone.om.address set. Falling back to the default OM address /127.0.0.1:15004
2023-08-28 09:30:56,689 [main] INFO  ha.OMHANodeDetails (OMHANodeDetails.java:getOMNodeDetailsForNonHA(254)) - OM Service ID is not set. Setting it to the default ID: omServiceIdDefault
2023-08-28 09:30:56,689 [main] INFO  ha.OMHANodeDetails (OMHANodeDetails.java:getOMNodeDetailsForNonHA(261)) - OM Node ID is not set. Setting it to the default ID: om1
2023-08-28 09:30:56,694 [main] WARN  server.ServerUtils (ServerUtils.java:getDBPath(311)) - ozone.om.db.dirs is not configured. We recommend adding this setting. Falling back to ozone.metadata.dirs instead.
2023-08-28 09:30:56,698 [main] INFO  upgrade.AbstractLayoutVersionManager (AbstractLayoutVersionManager.java:init(83)) - Initializing Layout version manager with metadata layout = QUOTA (version = 6), software layout = QUOTA (version = 6)
2023-08-28 09:30:56,791 [main] INFO  reflections.Reflections (Reflections.java:scan(232)) - Reflections took 88 ms to scan 2 urls, producing 188 keys and 512 values [using 2 cores]
2023-08-28 09:30:56,797 [main] INFO  upgrade.OMLayoutVersionManager (OMLayoutVersionManager.java:lambda$0(115)) - Skipping Upgrade Action MockOmUpgradeAction since it has been finalized.
2023-08-28 09:30:56,797 [main] INFO  upgrade.OMLayoutVersionManager (OMLayoutVersionManager.java:lambda$0(115)) - Skipping Upgrade Action QuotaRepairUpgradeAction since it has been finalized.
2023-08-28 09:30:56,799 [main] WARN  server.ServerUtils (ServerUtils.java:getDBPath(311)) - ozone.om.db.dirs is not configured. We recommend adding this setting. Falling back to ozone.metadata.dirs instead.
2023-08-28 09:30:56,958 [main] INFO  proxy.SCMBlockLocationFailoverProxyProvider (SCMBlockLocationFailoverProxyProvider.java:<init>(114)) - Created block location fail-over proxy with 1 nodes: [nodeId=scmNodeId,nodeAddress=/0.0.0.0:15001]
2023-08-28 09:30:57,020 [main] INFO  proxy.SCMBlockLocationFailoverProxyProvider (SCMBlockLocationFailoverProxyProvider.java:<init>(114)) - Created block location fail-over proxy with 1 nodes: [nodeId=scmNodeId,nodeAddress=/0.0.0.0:15001]
2023-08-28 09:30:57,217 [main] INFO  om.OzoneManager (OzoneManager.java:<init>(662)) - OM start with adminUsers: [runner]
2023-08-28 09:30:57,244 [main] WARN  server.ServerUtils (ServerUtils.java:getDBPath(311)) - ozone.om.db.dirs is not configured. We recommend adding this setting. Falling back to ozone.metadata.dirs instead.
2023-08-28 09:30:57,273 [main] INFO  helpers.OmKeyInfo (OmKeyInfo.java:getCodec(71)) - OmKeyInfo.getCodec ignorePipeline = true
2023-08-28 09:30:57,560 [main] INFO  om.OzoneManager (OzoneManager.java:instantiateServices(791)) - S3 Multi-Tenancy is disabled
2023-08-28 09:30:57,594 [main] INFO  om.OmSnapshotManager (OmSnapshotManager.java:<init>(175)) - Ozone filesystem snapshot feature is enabled.
2023-08-28 09:30:57,604 [main] WARN  server.ServerUtils (ServerUtils.java:getDBPath(311)) - ozone.om.snapshot.diff.db.dir is not configured. We recommend adding this setting. Falling back to ozone.metadata.dirs instead.
2023-08-28 09:30:57,653 [main] INFO  utils.NativeLibraryLoader (NativeLibraryLoader.java:loadLibrary(105)) - Loading Library: ozone_rocksdb_tools
2023-08-28 09:30:57,655 [main] INFO  snapshot.SnapshotDiffManager (SnapshotDiffManager.java:closeExecutorService(1720)) - Shutting down executorService: 'SstDumpToolExecutor'
2023-08-28 09:30:57,742 [main] INFO  om.OzoneManager (OzoneManager.java:addS3GVolumeToDB(4284)) - Created Volume s3v With Owner runner required for S3Gateway operations.
2023-08-28 09:30:57,808 [main] WARN  server.ServerUtils (ServerUtils.java:getDefaultRatisDirectory(323)) - Storage directory for Ratis is not configured. It is a good idea to map this to an SSD disk. Falling back to ozone.metadata.dirs
2023-08-28 09:30:57,809 [main] WARN  utils.OzoneManagerRatisUtils (OzoneManagerRatisUtils.java:getOMRatisSnapshotDirectory(461)) - ozone.om.ratis.snapshot.dir is not configured. Falling back to ozone.metadata.dirs config
2023-08-28 09:30:57,825 [main] WARN  server.ServerUtils (ServerUtils.java:getDefaultRatisDirectory(323)) - Storage directory for Ratis is not configured. It is a good idea to map this to an SSD disk. Falling back to ozone.metadata.dirs
2023-08-28 09:30:57,854 [main] INFO  ratis.OzoneManagerRatisServer (OzoneManagerRatisServer.java:<init>(163)) - Instantiating OM Ratis server with groupID: omServiceIdDefault and peers: localhost:15007
2023-08-28 09:30:57,870 [main] INFO  ratis.OzoneManagerStateMachine (OzoneManagerStateMachine.java:loadSnapshotInfoFromDB(687)) - LastAppliedIndex is set from TransactionInfo from OM DB as (t:0, i:~)
2023-08-28 09:30:57,940 [main] INFO  server.RaftServer (ConfUtils.java:logGet(46)) - raft.rpc.type = GRPC (default)
2023-08-28 09:30:57,950 [main] INFO  grpc.GrpcConfigKeys (ConfUtils.java:logFallback(53)) - raft.grpc.admin.host = null (fallback to raft.grpc.server.host)
2023-08-28 09:30:57,954 [main] INFO  grpc.GrpcConfigKeys (ConfUtils.java:logFallback(53)) - raft.grpc.admin.port = 15007 (fallback to raft.grpc.server.port)
2023-08-28 09:30:57,955 [main] INFO  grpc.GrpcConfigKeys (ConfUtils.java:logFallback(53)) - raft.grpc.client.host = null (fallback to raft.grpc.server.host)
2023-08-28 09:30:57,956 [main] INFO  grpc.GrpcConfigKeys (ConfUtils.java:logFallback(53)) - raft.grpc.client.port = 15007 (fallback to raft.grpc.server.port)
2023-08-28 09:30:57,958 [main] INFO  grpc.GrpcConfigKeys (ConfUtils.java:logGet(46)) - raft.grpc.server.host = null (default)
2023-08-28 09:30:57,959 [main] INFO  grpc.GrpcConfigKeys (ConfUtils.java:logGet(46)) - raft.grpc.server.port = 15007 (custom)
2023-08-28 09:30:57,960 [main] INFO  server.GrpcService (ConfUtils.java:logGet(46)) - raft.grpc.message.size.max = 33554432 (custom)
2023-08-28 09:30:57,961 [main] INFO  server.RaftServerConfigKeys (ConfUtils.java:logGet(46)) - raft.server.log.appender.buffer.byte-limit = 33554432 (custom)
2023-08-28 09:30:57,962 [main] INFO  server.GrpcService (ConfUtils.java:logGet(46)) - raft.grpc.flow.control.window = 1MB (=1048576) (default)
2023-08-28 09:30:57,962 [main] INFO  server.RaftServerConfigKeys (ConfUtils.java:logGet(46)) - raft.server.rpc.request.timeout = 3000ms (default)
2023-08-28 09:30:57,975 [main] INFO  grpc.GrpcConfigKeys (ConfUtils.java:logGet(46)) - raft.grpc.server.heartbeat.channel = true (default)
2023-08-28 09:30:57,978 [main] INFO  grpc.GrpcConfigKeys (ConfUtils.java:logGet(46)) - raft.grpc.server.async.request.thread.pool.cached = true (default)
2023-08-28 09:30:57,978 [main] INFO  grpc.GrpcConfigKeys (ConfUtils.java:logGet(46)) - raft.grpc.server.async.request.thread.pool.size = 32 (default)
2023-08-28 09:30:58,225 [main] INFO  impl.DataStreamServerImpl (ConfUtils.java:logGet(46)) - raft.datastream.type = DISABLED (default)
2023-08-28 09:30:58,228 [main] INFO  server.RaftServerConfigKeys (ConfUtils.java:logGet(46)) - raft.server.threadpool.proxy.cached = true (default)
2023-08-28 09:30:58,229 [main] INFO  server.RaftServerConfigKeys (ConfUtils.java:logGet(46)) - raft.server.threadpool.proxy.size = 0 (default)
2023-08-28 09:30:58,231 [main] INFO  server.RaftServerConfigKeys (ConfUtils.java:logGet(46)) - raft.server.rpc.slowness.timeout = 120s (custom)
2023-08-28 09:30:58,231 [main] INFO  server.RaftServerConfigKeys (ConfUtils.java:logGet(46)) - raft.server.leaderelection.leader.step-down.wait-time = 10s (default)
2023-08-28 09:30:58,235 [main] INFO  server.RaftServerConfigKeys (ConfUtils.java:logGet(46)) - raft.server.storage.dir = [/home/runner/work/ozone/ozone/hadoop-ozone/integration-test/target/test-dir/MiniOzoneClusterImpl-56d16ed0-cc7e-4f87-bd63-81d84e7eb885/ozone-meta/ratis] (custom)
2023-08-28 09:30:58,244 [main] INFO  server.RaftServer (RaftServerProxy.java:addNew(98)) - om1: addNew group-C5BA1605619E:[om1|rpc:localhost:15007|priority:0|startupRole:FOLLOWER] returns group-C5BA1605619E:java.util.concurrent.CompletableFuture@2e3459bd[Not completed]
2023-08-28 09:30:58,244 [main] INFO  om.OzoneManager (OzoneManager.java:initializeRatisServer(2128)) - OzoneManager Ratis server initialized at port 15007
2023-08-28 09:30:58,247 [main] INFO  om.OzoneManager (OzoneManager.java:getRpcServer(1193)) - Creating RPC Server
2023-08-28 09:30:58,416 [om1-groupManagement] INFO  server.RaftServer$Division (RaftServerImpl.java:<init>(198)) - om1: new RaftServerImpl for group-C5BA1605619E:[om1|rpc:localhost:15007|priority:0|startupRole:FOLLOWER] with OzoneManagerStateMachine:uninitialized
2023-08-28 09:30:58,418 [om1-groupManagement] INFO  server.RaftServerConfigKeys (ConfUtils.java:logGet(46)) - raft.server.rpc.timeout.min = 1s (custom)
2023-08-28 09:30:58,418 [om1-groupManagement] INFO  server.RaftServerConfigKeys (ConfUtils.java:logGet(46)) - raft.server.rpc.timeout.max = 1200ms (custom)
2023-08-28 09:30:58,418 [om1-groupManagement] INFO  server.RaftServerConfigKeys (ConfUtils.java:logGet(46)) - raft.server.rpc.sleep.time = 25ms (default)
2023-08-28 09:30:58,418 [om1-groupManagement] INFO  server.RaftServerConfigKeys (ConfUtils.java:logGet(46)) - raft.server.rpc.slowness.timeout = 120s (custom)
2023-08-28 09:30:58,418 [om1-groupManagement] INFO  server.RaftServerConfigKeys (ConfUtils.java:logGet(46)) - raft.server.leaderelection.leader.step-down.wait-time = 10s (default)
2023-08-28 09:30:58,419 [om1-groupManagement] INFO  server.RaftServerConfigKeys (ConfUtils.java:logGet(46)) - raft.server.sleep.deviation.threshold = 300ms (default)
2023-08-28 09:30:58,432 [om1-groupManagement] INFO  server.RaftServer$Division (ServerState.java:<init>(120)) - om1@group-C5BA1605619E: ConfigurationManager, init=-1: peers:[om1|rpc:localhost:15007|priority:0|startupRole:FOLLOWER]|listeners:[], old=null, confs=<EMPTY_MAP>
2023-08-28 09:30:58,433 [om1-groupManagement] INFO  server.RaftServerConfigKeys (ConfUtils.java:logGet(46)) - raft.server.storage.dir = [/home/runner/work/ozone/ozone/hadoop-ozone/integration-test/target/test-dir/MiniOzoneClusterImpl-56d16ed0-cc7e-4f87-bd63-81d84e7eb885/ozone-meta/ratis] (custom)
2023-08-28 09:30:58,446 [om1-groupManagement] INFO  server.RaftServerConfigKeys (ConfUtils.java:logGet(46)) - raft.server.log.corruption.policy = EXCEPTION (default)
2023-08-28 09:30:58,446 [om1-groupManagement] INFO  server.RaftServerConfigKeys (ConfUtils.java:logGet(46)) - raft.server.storage.free-space.min = 0MB (=0) (default)
2023-08-28 09:30:58,468 [om1-groupManagement] INFO  server.RaftServerConfigKeys (ConfUtils.java:logGet(46)) - raft.server.notification.no-leader.timeout = 120s (custom)
2023-08-28 09:30:58,483 [om1-groupManagement] INFO  server.RaftServerConfigKeys (ConfUtils.java:logGet(46)) - raft.server.read.timeout = 10s (default)
2023-08-28 09:30:58,489 [om1-groupManagement] INFO  server.RaftServerConfigKeys (ConfUtils.java:logGet(46)) - raft.server.retrycache.expirytime = 300s (custom)
2023-08-28 09:30:58,489 [om1-groupManagement] INFO  server.RaftServerConfigKeys (ConfUtils.java:logGet(46)) - raft.server.retrycache.statistics.expirytime = 100μs (default)
2023-08-28 09:30:58,536 [om1-groupManagement] INFO  server.RaftServerConfigKeys (ConfUtils.java:logGet(46)) - raft.server.read.option = DEFAULT (default)
2023-08-28 09:30:58,576 [om1-groupManagement] INFO  server.RaftServerConfigKeys (ConfUtils.java:logGet(46)) - raft.server.rpc.request.timeout = 3000ms (default)
2023-08-28 09:30:58,579 [om1-groupManagement] INFO  server.RaftServerConfigKeys (ConfUtils.java:logGet(46)) - raft.server.log.appender.install.snapshot.enabled = false (custom)
2023-08-28 09:30:58,579 [om1-groupManagement] INFO  server.RaftServerConfigKeys (ConfUtils.java:logGet(46)) - raft.server.threadpool.server.cached = true (default)
2023-08-28 09:30:58,580 [om1-groupManagement] INFO  server.RaftServerConfigKeys (ConfUtils.java:logGet(46)) - raft.server.threadpool.server.size = 0 (default)
2023-08-28 09:30:58,580 [om1-groupManagement] INFO  server.RaftServerConfigKeys (ConfUtils.java:logGet(46)) - raft.server.threadpool.client.cached = true (default)
2023-08-28 09:30:58,580 [om1-groupManagement] INFO  server.RaftServerConfigKeys (ConfUtils.java:logGet(46)) - raft.server.threadpool.client.size = 0 (default)
2023-08-28 09:30:59,075 [main] INFO  reflections.Reflections (Reflections.java:scan(232)) - Reflections took 624 ms to scan 19 urls, producing 70 keys and 5669 values [using 2 cores]
2023-08-28 09:30:59,248 [main] INFO  ipc.CallQueueManager (CallQueueManager.java:<init>(90)) - Using callQueue: class java.util.concurrent.LinkedBlockingQueue, queueCapacity: 2000, scheduler: class org.apache.hadoop.ipc.DefaultRpcScheduler, ipcBackoff: false.
2023-08-28 09:30:59,249 [main] INFO  ipc.Server (Server.java:<init>(1287)) - Listener at 127.0.0.1:15004
2023-08-28 09:30:59,249 [Socket Reader #1 for port 15004] INFO  ipc.Server (Server.java:run(1323)) - Starting Socket Reader #1 for port 15004
2023-08-28 09:30:59,284 [main] INFO  impl.MetricsSystemImpl (MetricsSystemImpl.java:init(158)) - OzoneManager metrics system started (again)
2023-08-28 09:30:59,298 [main] INFO  om.OzoneManager (OzoneManager.java:start(1613)) - OzoneManager RPC server is listening at localhost/127.0.0.1:15004
2023-08-28 09:30:59,298 [main] INFO  ratis.OzoneManagerRatisServer (OzoneManagerRatisServer.java:start(558)) - Starting OzoneManagerRatisServer om1 at port 15007
2023-08-28 09:30:59,301 [om1-impl-thread1] INFO  storage.RaftStorageDirectory (RaftStorageDirectoryImpl.java:analyzeStorage(137)) - The storage directory /home/runner/work/ozone/ozone/hadoop-ozone/integration-test/target/test-dir/MiniOzoneClusterImpl-56d16ed0-cc7e-4f87-bd63-81d84e7eb885/ozone-meta/ratis/bf265839-605b-3f16-9796-c5ba1605619e does not exist. Creating ...
2023-08-28 09:30:59,306 [om1-impl-thread1] INFO  storage.RaftStorageDirectory (RaftStorageDirectoryImpl.java:tryLock(231)) - Lock on /home/runner/work/ozone/ozone/hadoop-ozone/integration-test/target/test-dir/MiniOzoneClusterImpl-56d16ed0-cc7e-4f87-bd63-81d84e7eb885/ozone-meta/ratis/bf265839-605b-3f16-9796-c5ba1605619e/in_use.lock acquired by nodename 61172@fv-az625-77
2023-08-28 09:30:59,311 [om1-impl-thread1] INFO  storage.RaftStorage (RaftStorageImpl.java:format(96)) - Storage directory /home/runner/work/ozone/ozone/hadoop-ozone/integration-test/target/test-dir/MiniOzoneClusterImpl-56d16ed0-cc7e-4f87-bd63-81d84e7eb885/ozone-meta/ratis/bf265839-605b-3f16-9796-c5ba1605619e has been successfully formatted.
2023-08-28 09:30:59,314 [om1-impl-thread1] INFO  server.RaftServerConfigKeys (ConfUtils.java:logGet(46)) - raft.server.log.use.memory = false (default)
2023-08-28 09:30:59,322 [om1-impl-thread1] INFO  server.RaftServerConfigKeys (ConfUtils.java:logGet(46)) - raft.server.log.purge.gap = 1000000 (custom)
2023-08-28 09:30:59,323 [om1-impl-thread1] INFO  server.RaftServerConfigKeys (ConfUtils.java:logGet(46)) - raft.server.log.appender.buffer.byte-limit = 33554432 (custom)
2023-08-28 09:30:59,324 [om1-impl-thread1] INFO  server.RaftServerConfigKeys (ConfUtils.java:logGet(46)) - raft.server.log.statemachine.data.read.timeout = 1000ms (default)
2023-08-28 09:30:59,325 [om1-impl-thread1] INFO  server.RaftServerConfigKeys (ConfUtils.java:logGet(46)) - raft.server.log.purge.preservation.log.num = 0 (default)
2023-08-28 09:30:59,327 [om1-impl-thread1] INFO  server.RaftServerConfigKeys (ConfUtils.java:logGet(46)) - raft.server.log.segment.size.max = 4194304 (custom)
2023-08-28 09:30:59,333 [om1-impl-thread1] INFO  server.RaftServerConfigKeys (ConfUtils.java:logGet(46)) - raft.server.log.segment.cache.num.max = 2 (custom)
2023-08-28 09:30:59,333 [om1-impl-thread1] INFO  server.RaftServerConfigKeys (ConfUtils.java:logGet(46)) - raft.server.log.segment.cache.size.max = 200MB (=209715200) (default)
2023-08-28 09:30:59,334 [om1-impl-thread1] INFO  server.RaftServerConfigKeys (ConfUtils.java:logGet(46)) - raft.server.log.appender.buffer.byte-limit = 33554432 (custom)
2023-08-28 09:30:59,340 [om1-impl-thread1] INFO  segmented.SegmentedRaftLogWorker (SegmentedRaftLogWorker.java:<init>(188)) - new om1@group-C5BA1605619E-SegmentedRaftLogWorker for RaftStorageImpl:Storage Directory /home/runner/work/ozone/ozone/hadoop-ozone/integration-test/target/test-dir/MiniOzoneClusterImpl-56d16ed0-cc7e-4f87-bd63-81d84e7eb885/ozone-meta/ratis/bf265839-605b-3f16-9796-c5ba1605619e
2023-08-28 09:30:59,340 [om1-impl-thread1] INFO  server.RaftServerConfigKeys (ConfUtils.java:logGet(46)) - raft.server.log.queue.byte-limit = 64MB (=67108864) (default)
2023-08-28 09:30:59,340 [om1-impl-thread1] INFO  server.RaftServerConfigKeys (ConfUtils.java:logGet(46)) - raft.server.log.queue.element-limit = 4096 (default)
2023-08-28 09:30:59,341 [om1-impl-thread1] INFO  server.RaftServerConfigKeys (ConfUtils.java:logGet(46)) - raft.server.log.segment.size.max = 4194304 (custom)
2023-08-28 09:30:59,342 [om1-impl-thread1] INFO  server.RaftServerConfigKeys (ConfUtils.java:logGet(46)) - raft.server.log.preallocated.size = 4194304 (custom)
2023-08-28 09:30:59,342 [om1-impl-thread1] INFO  server.RaftServerConfigKeys (ConfUtils.java:logGet(46)) - raft.server.log.force.sync.num = 128 (default)
2023-08-28 09:30:59,343 [om1-impl-thread1] INFO  server.RaftServerConfigKeys (ConfUtils.java:logGet(46)) - raft.server.log.statemachine.data.sync = true (default)
2023-08-28 09:30:59,343 [om1-impl-thread1] INFO  server.RaftServerConfigKeys (ConfUtils.java:logGet(46)) - raft.server.log.statemachine.data.sync.timeout = 10s (default)
2023-08-28 09:30:59,343 [om1-impl-thread1] INFO  server.RaftServerConfigKeys (ConfUtils.java:logGet(46)) - raft.server.log.statemachine.data.sync.timeout.retry = -1 (default)
2023-08-28 09:30:59,353 [om1-impl-thread1] INFO  server.RaftServerConfigKeys (ConfUtils.java:logGet(46)) - raft.server.log.write.buffer.size = 64KB (=65536) (default)
2023-08-28 09:30:59,354 [om1-impl-thread1] INFO  server.RaftServerConfigKeys (ConfUtils.java:logGet(46)) - raft.server.log.appender.buffer.byte-limit = 33554432 (custom)
2023-08-28 09:30:59,361 [om1-impl-thread1] INFO  server.RaftServerConfigKeys (ConfUtils.java:logGet(46)) - raft.server.log.unsafe-flush.enabled = false (default)
2023-08-28 09:30:59,361 [om1-impl-thread1] INFO  server.RaftServerConfigKeys (ConfUtils.java:logGet(46)) - raft.server.log.async-flush.enabled = false (default)
2023-08-28 09:30:59,362 [om1-impl-thread1] INFO  server.RaftServerConfigKeys (ConfUtils.java:logGet(46)) - raft.server.log.statemachine.data.caching.enabled = false (default)
2023-08-28 09:30:59,368 [om1-impl-thread1] INFO  segmented.SegmentedRaftLogWorker (SegmentedRaftLogWorker.java:lambda$new$0(135)) - om1@group-C5BA1605619E-SegmentedRaftLogWorker: flushIndex: setUnconditionally 0 -> -1
2023-08-28 09:30:59,368 [om1-impl-thread1] INFO  segmented.SegmentedRaftLogWorker (SegmentedRaftLogWorker.java:lambda$new$0(135)) - om1@group-C5BA1605619E-SegmentedRaftLogWorker: safeCacheEvictIndex: setUnconditionally 0 -> -1
2023-08-28 09:30:59,369 [om1-impl-thread1] INFO  server.RaftServer$Division (RaftServerImpl.java:start(342)) - om1@group-C5BA1605619E: start as a follower, conf=-1: peers:[om1|rpc:localhost:15007|priority:0|startupRole:FOLLOWER]|listeners:[], old=null
2023-08-28 09:30:59,374 [om1-impl-thread1] INFO  server.RaftServer$Division (RaftServerImpl.java:setRole(329)) - om1@group-C5BA1605619E: changes role from      null to FOLLOWER at term 0 for startAsFollower
2023-08-28 09:30:59,375 [om1-impl-thread1] INFO  impl.RoleInfo (RoleInfo.java:updateAndGet(139)) - om1: start om1@group-C5BA1605619E-FollowerState
2023-08-28 09:30:59,381 [om1-impl-thread1] INFO  util.JmxRegister (JmxRegister.java:tryRegister(44)) - Successfully registered JMX Bean with object name Ratis:service=RaftServer,group=group-C5BA1605619E,id=om1
2023-08-28 09:30:59,381 [om1@group-C5BA1605619E-FollowerState] INFO  server.RaftServerConfigKeys (ConfUtils.java:logFallback(53)) - raft.server.rpc.first-election.timeout.min = 1s (fallback to raft.server.rpc.timeout.min)
2023-08-28 09:30:59,382 [om1@group-C5BA1605619E-FollowerState] INFO  server.RaftServerConfigKeys (ConfUtils.java:logFallback(53)) - raft.server.rpc.first-election.timeout.max = 1200ms (fallback to raft.server.rpc.timeout.max)
2023-08-28 09:30:59,383 [om1-impl-thread1] INFO  server.RaftServerConfigKeys (ConfUtils.java:logGet(46)) - raft.server.snapshot.auto.trigger.enabled = true (custom)
2023-08-28 09:30:59,383 [om1-impl-thread1] INFO  server.RaftServerConfigKeys (ConfUtils.java:logGet(46)) - raft.server.snapshot.auto.trigger.threshold = 400000 (default)
2023-08-28 09:30:59,383 [om1-impl-thread1] INFO  server.RaftServerConfigKeys (ConfUtils.java:logGet(46)) - raft.server.snapshot.retention.file.num = -1 (default)
2023-08-28 09:30:59,384 [om1-impl-thread1] INFO  server.RaftServerConfigKeys (ConfUtils.java:logGet(46)) - raft.server.log.purge.upto.snapshot.index = true (custom)
2023-08-28 09:30:59,388 [main] INFO  server.RaftServer (RaftServerProxy.java:startImpl(400)) - om1: start RPC server
2023-08-28 09:30:59,436 [main] INFO  server.GrpcService (GrpcService.java:startImpl(302)) - om1: GrpcService started, listening on 15007
2023-08-28 09:30:59,437 [main] INFO  om.OzoneManager (OzoneManager.java:start(1629)) - Version File has different layout version (6) than OM DB (null). That is expected if this OM has never been finalized to a newer layout version.
2023-08-28 09:30:59,443 [JvmPauseMonitor1] INFO  util.JvmPauseMonitor (JvmPauseMonitor.java:run(103)) - JvmPauseMonitor-om1: Started
2023-08-28 09:30:59,466 [main] INFO  http.BaseHttpServer (BaseHttpServer.java:newHttpServer2BuilderForOzone(223)) - Starting Web-server for ozoneManager at: http://0.0.0.0:15005
2023-08-28 09:30:59,466 [main] INFO  http.BaseHttpServer (BaseHttpServer.java:<init>(110)) - Hadoop Security Enabled: false Ozone Security Enabled: false Ozone HTTP Security Enabled: false 
2023-08-28 09:30:59,468 [main] WARN  server.AuthenticationFilter (AuthenticationFilter.java:constructSecretProvider(240)) - Unable to initialize FileSignerSecretProvider, falling back to use random secrets. Reason: Could not read signature secret file: /home/runner/hadoop-http-auth-signature-secret
2023-08-28 09:30:59,471 [main] INFO  http.HttpRequestLog (HttpRequestLog.java:getRequestLog(86)) - Http request log for http.requests.ozoneManager is not defined
2023-08-28 09:30:59,473 [main] INFO  http.HttpServer2 (HttpServer2.java:addGlobalFilter(1031)) - Added global filter 'safety' (class=org.apache.hadoop.hdds.server.http.HttpServer2$QuotingInputFilter)
2023-08-28 09:30:59,474 [main] INFO  http.HttpServer2 (HttpServer2.java:addFilter(1007)) - Added filter static_user_filter (class=org.apache.hadoop.http.lib.StaticUserWebFilter$StaticUserFilter) to context ozoneManager
2023-08-28 09:30:59,474 [main] INFO  http.HttpServer2 (HttpServer2.java:addFilter(1015)) - Added filter static_user_filter (class=org.apache.hadoop.http.lib.StaticUserWebFilter$StaticUserFilter) to context logs
2023-08-28 09:30:59,475 [main] INFO  http.HttpServer2 (HttpServer2.java:addFilter(1015)) - Added filter static_user_filter (class=org.apache.hadoop.http.lib.StaticUserWebFilter$StaticUserFilter) to context static
2023-08-28 09:30:59,475 [main] INFO  http.BaseHttpServer (BaseHttpServer.java:<init>(189)) - HTTP server of ozoneManager uses base directory /home/runner/work/ozone/ozone/hadoop-ozone/integration-test/target/test-dir/MiniOzoneClusterImpl-56d16ed0-cc7e-4f87-bd63-81d84e7eb885/ozone-meta/webserver
2023-08-28 09:30:59,479 [main] INFO  http.HttpServer2 (HttpServer2.java:bindListener(1231)) - Jetty bound to port 15005
2023-08-28 09:30:59,479 [main] INFO  server.Server (Server.java:doStart(375)) - jetty-9.4.51.v20230217; built: 2023-02-17T08:19:37.309Z; git: b45c405e4544384de066f814ed42ae3dceacdd49; jvm 1.8.0_382-b05
2023-08-28 09:30:59,486 [main] INFO  server.session (DefaultSessionIdManager.java:doStart(334)) - DefaultSessionIdManager workerName=node0
2023-08-28 09:30:59,486 [main] INFO  server.session (DefaultSessionIdManager.java:doStart(339)) - No SessionScavenger set, using defaults
2023-08-28 09:30:59,487 [main] INFO  server.session (HouseKeeper.java:startScavenging(132)) - node0 Scavenging every 660000ms
2023-08-28 09:30:59,487 [main] INFO  handler.ContextHandler (ContextHandler.java:doStart(921)) - Started o.e.j.s.ServletContextHandler@32af7447{logs,/logs,file:///home/runner/work/ozone/ozone/hadoop-ozone/integration-test/target/log,AVAILABLE}
2023-08-28 09:30:59,488 [main] INFO  handler.ContextHandler (ContextHandler.java:doStart(921)) - Started o.e.j.s.ServletContextHandler@40b9d8a2{static,/static,file:///home/runner/work/ozone/ozone/hadoop-ozone/integration-test/target/test-classes/webapps/static,AVAILABLE}
2023-08-28 09:30:59,492 [main] INFO  handler.ContextHandler (ContextHandler.java:doStart(921)) - Started o.e.j.w.WebAppContext@8a06b28{ozoneManager,/,file:///home/runner/work/ozone/ozone/hadoop-ozone/integration-test/target/test-classes/webapps/ozoneManager/,AVAILABLE}{file:/home/runner/work/ozone/ozone/hadoop-ozone/integration-test/target/test-classes/webapps/ozoneManager}
2023-08-28 09:30:59,493 [main] INFO  server.AbstractConnector (AbstractConnector.java:doStart(333)) - Started ServerConnector@601e6724{HTTP/1.1, (http/1.1)}{0.0.0.0:15005}
2023-08-28 09:30:59,493 [main] INFO  server.Server (Server.java:doStart(415)) - Started @7831ms
2023-08-28 09:30:59,494 [main] WARN  impl.MetricsSystemImpl (MetricsSystemImpl.java:register(279)) - Sink prometheus already exists!
2023-08-28 09:30:59,494 [main] INFO  http.BaseHttpServer (BaseHttpServer.java:updateConnectorAddress(354)) - HTTP server of ozoneManager listening at http://0.0.0.0:15005
2023-08-28 09:30:59,496 [IPC Server Responder] INFO  ipc.Server (Server.java:run(1562)) - IPC Server Responder: starting
2023-08-28 09:30:59,499 [IPC Server listener on 15004] INFO  ipc.Server (Server.java:run(1402)) - IPC Server listener on 15004: starting
2023-08-28 09:30:59,539 [main] INFO  om.TrashPolicyOzone (TrashPolicyOzone.java:<init>(277)) - Ozone Manager trash configuration: Deletion interval = 0 minutes, Emptier interval = 0 minutes.
2023-08-28 09:30:59,703 [main] WARN  impl.MetricRegistriesImpl (MetricRegistriesImpl.java:addReporterRegistration(111)) - New reporters are added after registries were created. Some metrics will be missing from the reporter. Please add reporter before adding any new registry.
2023-08-28 09:30:59,703 [main] WARN  impl.MetricRegistriesImpl (MetricRegistriesImpl.java:addReporterRegistration(111)) - New reporters are added after registries were created. Some metrics will be missing from the reporter. Please add reporter before adding any new registry.
2023-08-28 09:30:59,703 [main] INFO  impl.MetricsSystemImpl (MetricsSystemImpl.java:init(158)) - HddsDatanode metrics system started (again)
2023-08-28 09:30:59,723 [main] INFO  ozone.HddsDatanodeService (HddsDatanodeService.java:start(237)) - HddsDatanodeService host:fv-az625-77.ififypym2nee5jib2gmjcfh3fc.bx.internal.cloudapp.net ip:10.1.0.27
2023-08-28 09:30:59,767 [main] INFO  upgrade.AbstractLayoutVersionManager (AbstractLayoutVersionManager.java:init(83)) - Initializing Layout version manager with metadata layout = HADOOP_PRC_PORTS_IN_DATANODEDETAILS (version = 7), software layout = HADOOP_PRC_PORTS_IN_DATANODEDETAILS (version = 7)
2023-08-28 09:30:59,770 [main] INFO  statemachine.DatanodeStateMachine (DatanodeStateMachine.java:getEndPointTaskThreadPoolSize(282)) - Datanode State Machine Task Thread Pool size 2
2023-08-28 09:30:59,828 [main] INFO  volume.HddsVolume (HddsVolume.java:<init>(126)) - Creating HddsVolume: /home/runner/work/ozone/ozone/hadoop-ozone/integration-test/target/test-dir/MiniOzoneClusterImpl-56d16ed0-cc7e-4f87-bd63-81d84e7eb885/datanode-0/data-0/containers/hdds of storage type : DISK capacity : 9223372036854775807
2023-08-28 09:30:59,831 [main] INFO  volume.MutableVolumeSet (MutableVolumeSet.java:initializeVolumeSet(173)) - Added Volume : /home/runner/work/ozone/ozone/hadoop-ozone/integration-test/target/test-dir/MiniOzoneClusterImpl-56d16ed0-cc7e-4f87-bd63-81d84e7eb885/datanode-0/data-0/containers/hdds to VolumeSet
2023-08-28 09:30:59,834 [main] INFO  volume.MutableVolumeSet (MutableVolumeSet.java:initializeVolumeSet(173)) - Added Volume : /home/runner/work/ozone/ozone/hadoop-ozone/integration-test/target/test-dir/MiniOzoneClusterImpl-56d16ed0-cc7e-4f87-bd63-81d84e7eb885/datanode-0/data/ratis to VolumeSet
2023-08-28 09:30:59,848 [Thread-140] INFO  ozoneimpl.ContainerReader (ContainerReader.java:readVolume(177)) - Finish verifying containers on volume /home/runner/work/ozone/ozone/hadoop-ozone/integration-test/target/test-dir/MiniOzoneClusterImpl-56d16ed0-cc7e-4f87-bd63-81d84e7eb885/datanode-0/data-0/containers/hdds
2023-08-28 09:30:59,848 [main] INFO  ozoneimpl.OzoneContainer (OzoneContainer.java:buildContainerSet(314)) - Build ContainerSet costs 0s
2023-08-28 09:30:59,899 [main] INFO  audit.AuditLogger (AuditLogger.java:refreshDebugCmdSet(126)) - Refresh DebugCmdSet for DNAudit to [].
2023-08-28 09:30:59,929 [main] INFO  server.RaftServer (ConfUtils.java:logGet(46)) - raft.rpc.type = GRPC (default)
2023-08-28 09:30:59,930 [main] INFO  grpc.GrpcConfigKeys (ConfUtils.java:logFallback(53)) - raft.grpc.admin.host = null (fallback to raft.grpc.server.host)
2023-08-28 09:30:59,930 [main] INFO  grpc.GrpcConfigKeys (ConfUtils.java:logGet(46)) - raft.grpc.admin.port = 15013 (custom)
2023-08-28 09:30:59,930 [main] INFO  grpc.GrpcConfigKeys (ConfUtils.java:logFallback(53)) - raft.grpc.client.host = null (fallback to raft.grpc.server.host)
2023-08-28 09:30:59,930 [main] INFO  grpc.GrpcConfigKeys (ConfUtils.java:logGet(46)) - raft.grpc.client.port = 15012 (custom)
2023-08-28 09:30:59,931 [main] INFO  grpc.GrpcConfigKeys (ConfUtils.java:logGet(46)) - raft.grpc.server.host = null (default)
2023-08-28 09:30:59,931 [main] INFO  grpc.GrpcConfigKeys (ConfUtils.java:logGet(46)) - raft.grpc.server.port = 15014 (custom)
2023-08-28 09:30:59,931 [main] INFO  server.GrpcService (ConfUtils.java:logGet(46)) - raft.grpc.message.size.max = 32MB (=33554432) (custom)
2023-08-28 09:30:59,931 [main] INFO  server.RaftServerConfigKeys (ConfUtils.java:logGet(46)) - raft.server.log.appender.buffer.byte-limit = 33554432 (custom)
2023-08-28 09:30:59,931 [main] INFO  server.GrpcService (ConfUtils.java:logGet(46)) - raft.grpc.flow.control.window = 5MB (=5242880) (custom)
2023-08-28 09:30:59,931 [main] INFO  server.RaftServerConfigKeys (ConfUtils.java:logGet(46)) - raft.server.rpc.request.timeout = 60s (custom)
2023-08-28 09:30:59,931 [main] INFO  grpc.GrpcConfigKeys (ConfUtils.java:logGet(46)) - raft.grpc.server.heartbeat.channel = true (default)
2023-08-28 09:30:59,932 [main] INFO  grpc.GrpcConfigKeys (ConfUtils.java:logGet(46)) - raft.grpc.server.async.request.thread.pool.cached = true (default)
2023-08-28 09:30:59,932 [main] INFO  grpc.GrpcConfigKeys (ConfUtils.java:logGet(46)) - raft.grpc.server.async.request.thread.pool.size = 32 (default)
2023-08-28 09:30:59,934 [main] INFO  impl.DataStreamServerImpl (ConfUtils.java:logGet(46)) - raft.datastream.type = NETTY (custom)
2023-08-28 09:30:59,944 [main] INFO  server.RaftServerConfigKeys (ConfUtils.java:logGet(46)) - raft.server.data-stream.async.request.thread.pool.cached = false (default)
2023-08-28 09:30:59,944 [main] INFO  server.RaftServerConfigKeys (ConfUtils.java:logGet(46)) - raft.server.data-stream.async.request.thread.pool.size = 20 (custom)
2023-08-28 09:30:59,945 [main] INFO  server.RaftServerConfigKeys (ConfUtils.java:logGet(46)) - raft.server.data-stream.async.write.thread.pool.size = 16 (default)
2023-08-28 09:30:59,946 [main] INFO  server.RaftServerConfigKeys (ConfUtils.java:logGet(46)) - raft.server.data-stream.client.pool.size = 10 (default)
2023-08-28 09:30:59,949 [main] INFO  netty.NettyConfigKeys$DataStream (ConfUtils.java:logGet(46)) - raft.netty.dataStream.server.use-epoll = false (default)
2023-08-28 09:30:59,949 [main] INFO  netty.NettyConfigKeys$DataStream (ConfUtils.java:logGet(46)) - raft.netty.dataStream.server.boss-group.size = 0 (default)
2023-08-28 09:30:59,955 [main] INFO  netty.NettyConfigKeys$DataStream (ConfUtils.java:logGet(46)) - raft.netty.dataStream.server.worker-group.size = 0 (default)
2023-08-28 09:30:59,973 [main] INFO  netty.NettyConfigKeys$DataStream (ConfUtils.java:logGet(46)) - raft.netty.dataStream.server.tls.conf = null (default)
2023-08-28 09:30:59,974 [main] INFO  netty.NettyConfigKeys$DataStream (ConfUtils.java:logGet(46)) - raft.netty.dataStream.host = null (default)
2023-08-28 09:30:59,975 [main] INFO  netty.NettyConfigKeys$DataStream (ConfUtils.java:logGet(46)) - raft.netty.dataStream.port = 15015 (custom)
2023-08-28 09:30:59,984 [main] INFO  server.RaftServerConfigKeys (ConfUtils.java:logGet(46)) - raft.server.threadpool.proxy.cached = true (default)
2023-08-28 09:30:59,985 [main] INFO  server.RaftServerConfigKeys (ConfUtils.java:logGet(46)) - raft.server.threadpool.proxy.size = 0 (default)
2023-08-28 09:30:59,985 [main] INFO  server.RaftServerConfigKeys (ConfUtils.java:logGet(46)) - raft.server.rpc.slowness.timeout = 300s (custom)
2023-08-28 09:30:59,985 [main] INFO  server.RaftServerConfigKeys (ConfUtils.java:logGet(46)) - raft.server.leaderelection.leader.step-down.wait-time = 10s (default)
2023-08-28 09:30:59,985 [main] INFO  server.RaftServerConfigKeys (ConfUtils.java:logGet(46)) - raft.server.storage.dir = [/home/runner/work/ozone/ozone/hadoop-ozone/integration-test/target/test-dir/MiniOzoneClusterImpl-56d16ed0-cc7e-4f87-bd63-81d84e7eb885/datanode-0/data/ratis] (custom)
2023-08-28 09:30:59,986 [2b44ba7e-4447-49ac-8e23-11440ea2d57e-impl-thread1] INFO  server.RaftServer (RaftServerProxy.java:initGroupDir(258)) - 2b44ba7e-4447-49ac-8e23-11440ea2d57e: found a subdirectory /home/runner/work/ozone/ozone/hadoop-ozone/integration-test/target/test-dir/MiniOzoneClusterImpl-56d16ed0-cc7e-4f87-bd63-81d84e7eb885/datanode-0/data/ratis/tmp
2023-08-28 09:30:59,987 [2b44ba7e-4447-49ac-8e23-11440ea2d57e-impl-thread1] INFO  server.RaftServer (RaftServerProxy.java:initGroupDir(263)) - 2b44ba7e-4447-49ac-8e23-11440ea2d57e: The directory /home/runner/work/ozone/ozone/hadoop-ozone/integration-test/target/test-dir/MiniOzoneClusterImpl-56d16ed0-cc7e-4f87-bd63-81d84e7eb885/datanode-0/data/ratis/tmp is not a group directory; ignoring it. 
2023-08-28 09:30:59,990 [main] INFO  replication.ReplicationServer (ReplicationServer.java:<init>(81)) - Initializing replication server with thread count = 10
2023-08-28 09:31:00,010 [2b44ba7e-4447-49ac-8e23-11440ea2d57e-NettyServerStreamRpc-bossGroup--thread1] INFO  logging.LoggingHandler (AbstractInternalLogger.java:log(148)) - [id: 0xb890245d] REGISTERED
2023-08-28 09:31:00,011 [main] INFO  server.XceiverServerGrpc (XceiverServerGrpc.java:<init>(132)) - GrpcServer channel type EpollServerSocketChannel
2023-08-28 09:31:00,011 [2b44ba7e-4447-49ac-8e23-11440ea2d57e-NettyServerStreamRpc-bossGroup--thread1] INFO  logging.LoggingHandler (AbstractInternalLogger.java:log(148)) - [id: 0xb890245d] BIND: 0.0.0.0/0.0.0.0:15015
2023-08-28 09:31:00,012 [2b44ba7e-4447-49ac-8e23-11440ea2d57e-NettyServerStreamRpc-bossGroup--thread1] INFO  logging.LoggingHandler (AbstractInternalLogger.java:log(148)) - [id: 0xb890245d, L:/0:0:0:0:0:0:0:0:15015] ACTIVE
2023-08-28 09:31:00,065 [main] INFO  replication.ReplicationSupervisor (ReplicationSupervisor.java:build(155)) - Initializing replication supervisor with thread count = 10
2023-08-28 09:31:00,066 [main] INFO  replication.ReplicationSupervisor (ReplicationSupervisor.java:nodeStateUpdated(307)) - Node state updated to IN_SERVICE, scaling executor pool size to 10
2023-08-28 09:31:00,120 [main] INFO  http.BaseHttpServer (BaseHttpServer.java:newHttpServer2BuilderForOzone(223)) - Starting Web-server for hddsDatanode at: http://0.0.0.0:15009
2023-08-28 09:31:00,121 [main] INFO  http.BaseHttpServer (BaseHttpServer.java:<init>(110)) - Hadoop Security Enabled: false Ozone Security Enabled: false Ozone HTTP Security Enabled: false 
2023-08-28 09:31:00,123 [main] WARN  server.AuthenticationFilter (AuthenticationFilter.java:constructSecretProvider(240)) - Unable to initialize FileSignerSecretProvider, falling back to use random secrets. Reason: Could not read signature secret file: /home/runner/hadoop-http-auth-signature-secret
2023-08-28 09:31:00,124 [main] INFO  http.HttpRequestLog (HttpRequestLog.java:getRequestLog(86)) - Http request log for http.requests.hddsDatanode is not defined
2023-08-28 09:31:00,125 [main] INFO  http.HttpServer2 (HttpServer2.java:addGlobalFilter(1031)) - Added global filter 'safety' (class=org.apache.hadoop.hdds.server.http.HttpServer2$QuotingInputFilter)
2023-08-28 09:31:00,126 [main] INFO  http.HttpServer2 (HttpServer2.java:addFilter(1007)) - Added filter static_user_filter (class=org.apache.hadoop.http.lib.StaticUserWebFilter$StaticUserFilter) to context hddsDatanode
2023-08-28 09:31:00,126 [main] INFO  http.HttpServer2 (HttpServer2.java:addFilter(1015)) - Added filter static_user_filter (class=org.apache.hadoop.http.lib.StaticUserWebFilter$StaticUserFilter) to context logs
2023-08-28 09:31:00,127 [main] INFO  http.HttpServer2 (HttpServer2.java:addFilter(1015)) - Added filter static_user_filter (class=org.apache.hadoop.http.lib.StaticUserWebFilter$StaticUserFilter) to context static
2023-08-28 09:31:00,127 [main] INFO  http.BaseHttpServer (BaseHttpServer.java:<init>(189)) - HTTP server of hddsDatanode uses base directory /home/runner/work/ozone/ozone/hadoop-ozone/integration-test/target/test-dir/MiniOzoneClusterImpl-56d16ed0-cc7e-4f87-bd63-81d84e7eb885/datanode-0/meta/webserver
2023-08-28 09:31:00,130 [main] INFO  http.HttpServer2 (HttpServer2.java:bindListener(1231)) - Jetty bound to port 15009
2023-08-28 09:31:00,130 [main] INFO  server.Server (Server.java:doStart(375)) - jetty-9.4.51.v20230217; built: 2023-02-17T08:19:37.309Z; git: b45c405e4544384de066f814ed42ae3dceacdd49; jvm 1.8.0_382-b05
2023-08-28 09:31:00,132 [main] INFO  server.session (DefaultSessionIdManager.java:doStart(334)) - DefaultSessionIdManager workerName=node0
2023-08-28 09:31:00,133 [main] INFO  server.session (DefaultSessionIdManager.java:doStart(339)) - No SessionScavenger set, using defaults
2023-08-28 09:31:00,133 [main] INFO  server.session (HouseKeeper.java:startScavenging(132)) - node0 Scavenging every 600000ms
2023-08-28 09:31:00,134 [main] INFO  handler.ContextHandler (ContextHandler.java:doStart(921)) - Started o.e.j.s.ServletContextHandler@73b901e4{logs,/logs,file:///home/runner/work/ozone/ozone/hadoop-ozone/integration-test/target/log,AVAILABLE}
2023-08-28 09:31:00,134 [main] INFO  handler.ContextHandler (ContextHandler.java:doStart(921)) - Started o.e.j.s.ServletContextHandler@3ca81397{static,/static,jar:file:/home/runner/.m2/repository/org/apache/ozone/hdds-container-service/1.4.0-SNAPSHOT/hdds-container-service-1.4.0-SNAPSHOT.jar!/webapps/static,AVAILABLE}
2023-08-28 09:31:00,381 [main] INFO  handler.ContextHandler (ContextHandler.java:doStart(921)) - Started o.e.j.w.WebAppContext@6c2ede04{hddsDatanode,/,file:///home/runner/work/ozone/ozone/hadoop-ozone/integration-test/target/test-dir/MiniOzoneClusterImpl-56d16ed0-cc7e-4f87-bd63-81d84e7eb885/datanode-0/meta/webserver/jetty-0_0_0_0-15009-hdds-container-service-1_4_0-SNAPSHOT_jar-_-any-4953132293214658621/webapp/,AVAILABLE}{jar:file:/home/runner/.m2/repository/org/apache/ozone/hdds-container-service/1.4.0-SNAPSHOT/hdds-container-service-1.4.0-SNAPSHOT.jar!/webapps/hddsDatanode}
2023-08-28 09:31:00,383 [main] INFO  server.AbstractConnector (AbstractConnector.java:doStart(333)) - Started ServerConnector@23e9f343{HTTP/1.1, (http/1.1)}{0.0.0.0:15009}
2023-08-28 09:31:00,383 [main] INFO  server.Server (Server.java:doStart(415)) - Started @8721ms
2023-08-28 09:31:00,384 [main] WARN  impl.MetricsSystemImpl (MetricsSystemImpl.java:register(279)) - Sink prometheus already exists!
2023-08-28 09:31:00,384 [main] INFO  http.BaseHttpServer (BaseHttpServer.java:updateConnectorAddress(354)) - HTTP server of hddsDatanode listening at http://0.0.0.0:15009
2023-08-28 09:31:00,389 [main] INFO  ipc.CallQueueManager (CallQueueManager.java:<init>(90)) - Using callQueue: class java.util.concurrent.LinkedBlockingQueue, queueCapacity: 100, scheduler: class org.apache.hadoop.ipc.DefaultRpcScheduler, ipcBackoff: false.
2023-08-28 09:31:00,389 [main] INFO  ipc.Server (Server.java:<init>(1287)) - Listener at 0.0.0.0:15010
2023-08-28 09:31:00,390 [Socket Reader #1 for port 15010] INFO  ipc.Server (Server.java:run(1323)) - Starting Socket Reader #1 for port 15010
2023-08-28 09:31:00,395 [main] INFO  ozone.HddsDatanodeService (HddsDatanodeService.java:start(315)) - Datanode start with admins: [runner]
2023-08-28 09:31:00,395 [main] INFO  ozone.HddsDatanodeClientProtocolServer (HddsDatanodeClientProtocolServer.java:start(72)) - RPC server for Client /0.0.0.0:15010
2023-08-28 09:31:00,396 [IPC Server Responder] INFO  ipc.Server (Server.java:run(1562)) - IPC Server Responder: starting
2023-08-28 09:31:00,396 [IPC Server listener on 15010] INFO  ipc.Server (Server.java:run(1402)) - IPC Server listener on 15010: starting
2023-08-28 09:31:00,398 [main] WARN  impl.MetricRegistriesImpl (MetricRegistriesImpl.java:addReporterRegistration(111)) - New reporters are added after registries were created. Some metrics will be missing from the reporter. Please add reporter before adding any new registry.
2023-08-28 09:31:00,399 [main] WARN  impl.MetricRegistriesImpl (MetricRegistriesImpl.java:addReporterRegistration(111)) - New reporters are added after registries were created. Some metrics will be missing from the reporter. Please add reporter before adding any new registry.
2023-08-28 09:31:00,399 [main] INFO  impl.MetricsSystemImpl (MetricsSystemImpl.java:init(158)) - HddsDatanode metrics system started (again)
2023-08-28 09:31:00,406 [Datanode State Machine Daemon Thread] INFO  statemachine.DatanodeStateMachine (DatanodeStateMachine.java:lambda$startDaemon$0(538)) - Ozone container server started.
2023-08-28 09:31:00,424 [main] INFO  ozone.HddsDatanodeService (HddsDatanodeService.java:start(237)) - HddsDatanodeService host:fv-az625-77.ififypym2nee5jib2gmjcfh3fc.bx.internal.cloudapp.net ip:10.1.0.27
2023-08-28 09:31:00,458 [main] INFO  upgrade.AbstractLayoutVersionManager (AbstractLayoutVersionManager.java:init(83)) - Initializing Layout version manager with metadata layout = HADOOP_PRC_PORTS_IN_DATANODEDETAILS (version = 7), software layout = HADOOP_PRC_PORTS_IN_DATANODEDETAILS (version = 7)
2023-08-28 09:31:00,459 [main] INFO  statemachine.DatanodeStateMachine (DatanodeStateMachine.java:getEndPointTaskThreadPoolSize(282)) - Datanode State Machine Task Thread Pool size 2
2023-08-28 09:31:00,466 [main] INFO  volume.HddsVolume (HddsVolume.java:<init>(126)) - Creating HddsVolume: /home/runner/work/ozone/ozone/hadoop-ozone/integration-test/target/test-dir/MiniOzoneClusterImpl-56d16ed0-cc7e-4f87-bd63-81d84e7eb885/datanode-1/data-0/containers/hdds of storage type : DISK capacity : 9223372036854775807
2023-08-28 09:31:00,466 [om1@group-C5BA1605619E-FollowerState] INFO  impl.FollowerState (FollowerState.java:run(143)) - om1@group-C5BA1605619E-FollowerState: change to CANDIDATE, lastRpcElapsedTime:1091087181ns, electionTimeout:1083ms
2023-08-28 09:31:00,469 [om1@group-C5BA1605619E-FollowerState] INFO  impl.RoleInfo (RoleInfo.java:shutdownFollowerState(110)) - om1: shutdown om1@group-C5BA1605619E-FollowerState
2023-08-28 09:31:00,473 [om1@group-C5BA1605619E-FollowerState] INFO  server.RaftServer$Division (RaftServerImpl.java:setRole(329)) - om1@group-C5BA1605619E: changes role from  FOLLOWER to CANDIDATE at term 0 for changeToCandidate
2023-08-28 09:31:00,476 [om1@group-C5BA1605619E-FollowerState] INFO  server.RaftServerConfigKeys (ConfUtils.java:logGet(46)) - raft.server.leaderelection.pre-vote = true (default)
2023-08-28 09:31:00,476 [om1@group-C5BA1605619E-FollowerState] INFO  impl.RoleInfo (RoleInfo.java:updateAndGet(139)) - om1: start om1@group-C5BA1605619E-LeaderElection1
2023-08-28 09:31:00,484 [main] INFO  volume.MutableVolumeSet (MutableVolumeSet.java:initializeVolumeSet(173)) - Added Volume : /home/runner/work/ozone/ozone/hadoop-ozone/integration-test/target/test-dir/MiniOzoneClusterImpl-56d16ed0-cc7e-4f87-bd63-81d84e7eb885/datanode-1/data-0/containers/hdds to VolumeSet
2023-08-28 09:31:00,487 [main] INFO  volume.MutableVolumeSet (MutableVolumeSet.java:initializeVolumeSet(173)) - Added Volume : /home/runner/work/ozone/ozone/hadoop-ozone/integration-test/target/test-dir/MiniOzoneClusterImpl-56d16ed0-cc7e-4f87-bd63-81d84e7eb885/datanode-1/data/ratis to VolumeSet
2023-08-28 09:31:00,490 [om1@group-C5BA1605619E-LeaderElection1] INFO  impl.LeaderElection (LeaderElection.java:askForVotes(321)) - om1@group-C5BA1605619E-LeaderElection1 PRE_VOTE round 0: submit vote requests at term 0 for -1: peers:[om1|rpc:localhost:15007|priority:0|startupRole:FOLLOWER]|listeners:[], old=null
2023-08-28 09:31:00,492 [om1@group-C5BA1605619E-LeaderElection1] INFO  impl.LeaderElection (LeaderElection.java:askForVotes(323)) - om1@group-C5BA1605619E-LeaderElection1 PRE_VOTE round 0: result PASSED (term=0)
2023-08-28 09:31:00,495 [Thread-158] INFO  ozoneimpl.ContainerReader (ContainerReader.java:readVolume(177)) - Finish verifying containers on volume /home/runner/work/ozone/ozone/hadoop-ozone/integration-test/target/test-dir/MiniOzoneClusterImpl-56d16ed0-cc7e-4f87-bd63-81d84e7eb885/datanode-1/data-0/containers/hdds
2023-08-28 09:31:00,497 [om1@group-C5BA1605619E-LeaderElection1] INFO  impl.LeaderElection (LeaderElection.java:askForVotes(321)) - om1@group-C5BA1605619E-LeaderElection1 ELECTION round 0: submit vote requests at term 1 for -1: peers:[om1|rpc:localhost:15007|priority:0|startupRole:FOLLOWER]|listeners:[], old=null
2023-08-28 09:31:00,497 [om1@group-C5BA1605619E-LeaderElection1] INFO  impl.LeaderElection (LeaderElection.java:askForVotes(323)) - om1@group-C5BA1605619E-LeaderElection1 ELECTION round 0: result PASSED (term=1)
2023-08-28 09:31:00,497 [om1@group-C5BA1605619E-LeaderElection1] INFO  impl.RoleInfo (RoleInfo.java:shutdownLeaderElection(130)) - om1: shutdown om1@group-C5BA1605619E-LeaderElection1
2023-08-28 09:31:00,497 [om1@group-C5BA1605619E-LeaderElection1] INFO  server.RaftServer$Division (RaftServerImpl.java:setRole(329)) - om1@group-C5BA1605619E: changes role from CANDIDATE to LEADER at term 1 for changeToLeader
2023-08-28 09:31:00,498 [main] INFO  ozoneimpl.OzoneContainer (OzoneContainer.java:buildContainerSet(314)) - Build ContainerSet costs 0s
2023-08-28 09:31:00,505 [main] INFO  server.RaftServer (ConfUtils.java:logGet(46)) - raft.rpc.type = GRPC (default)
2023-08-28 09:31:00,505 [main] INFO  grpc.GrpcConfigKeys (ConfUtils.java:logFallback(53)) - raft.grpc.admin.host = null (fallback to raft.grpc.server.host)
2023-08-28 09:31:00,507 [main] INFO  grpc.GrpcConfigKeys (ConfUtils.java:logGet(46)) - raft.grpc.admin.port = 15022 (custom)
2023-08-28 09:31:00,508 [main] INFO  grpc.GrpcConfigKeys (ConfUtils.java:logFallback(53)) - raft.grpc.client.host = null (fallback to raft.grpc.server.host)
2023-08-28 09:31:00,508 [main] INFO  grpc.GrpcConfigKeys (ConfUtils.java:logGet(46)) - raft.grpc.client.port = 15021 (custom)
2023-08-28 09:31:00,508 [main] INFO  grpc.GrpcConfigKeys (ConfUtils.java:logGet(46)) - raft.grpc.server.host = null (default)
2023-08-28 09:31:00,508 [main] INFO  grpc.GrpcConfigKeys (ConfUtils.java:logGet(46)) - raft.grpc.server.port = 15023 (custom)
2023-08-28 09:31:00,508 [main] INFO  server.GrpcService (ConfUtils.java:logGet(46)) - raft.grpc.message.size.max = 32MB (=33554432) (custom)
2023-08-28 09:31:00,510 [main] INFO  server.RaftServerConfigKeys (ConfUtils.java:logGet(46)) - raft.server.log.appender.buffer.byte-limit = 33554432 (custom)
2023-08-28 09:31:00,510 [main] INFO  server.GrpcService (ConfUtils.java:logGet(46)) - raft.grpc.flow.control.window = 5MB (=5242880) (custom)
2023-08-28 09:31:00,510 [main] INFO  server.RaftServerConfigKeys (ConfUtils.java:logGet(46)) - raft.server.rpc.request.timeout = 60s (custom)
2023-08-28 09:31:00,510 [main] INFO  grpc.GrpcConfigKeys (ConfUtils.java:logGet(46)) - raft.grpc.server.heartbeat.channel = true (default)
2023-08-28 09:31:00,510 [main] INFO  grpc.GrpcConfigKeys (ConfUtils.java:logGet(46)) - raft.grpc.server.async.request.thread.pool.cached = true (default)
2023-08-28 09:31:00,510 [main] INFO  grpc.GrpcConfigKeys (ConfUtils.java:logGet(46)) - raft.grpc.server.async.request.thread.pool.size = 32 (default)
2023-08-28 09:31:00,506 [om1@group-C5BA1605619E-LeaderElection1] INFO  server.RaftServer$Division (ServerState.java:setLeader(317)) - om1@group-C5BA1605619E: change Leader from null to om1 at term 1 for becomeLeader, leader elected after 2029ms
2023-08-28 09:31:00,521 [main] INFO  impl.DataStreamServerImpl (ConfUtils.java:logGet(46)) - raft.datastream.type = NETTY (custom)
2023-08-28 09:31:00,522 [main] INFO  server.RaftServerConfigKeys (ConfUtils.java:logGet(46)) - raft.server.data-stream.async.request.thread.pool.cached = false (default)
2023-08-28 09:31:00,522 [main] INFO  server.RaftServerConfigKeys (ConfUtils.java:logGet(46)) - raft.server.data-stream.async.request.thread.pool.size = 20 (custom)
2023-08-28 09:31:00,522 [main] INFO  server.RaftServerConfigKeys (ConfUtils.java:logGet(46)) - raft.server.data-stream.async.write.thread.pool.size = 16 (default)
2023-08-28 09:31:00,525 [main] INFO  server.RaftServerConfigKeys (ConfUtils.java:logGet(46)) - raft.server.data-stream.client.pool.size = 10 (default)
2023-08-28 09:31:00,525 [main] INFO  netty.NettyConfigKeys$DataStream (ConfUtils.java:logGet(46)) - raft.netty.dataStream.server.use-epoll = false (default)
2023-08-28 09:31:00,525 [main] INFO  netty.NettyConfigKeys$DataStream (ConfUtils.java:logGet(46)) - raft.netty.dataStream.server.boss-group.size = 0 (default)
2023-08-28 09:31:00,525 [main] INFO  netty.NettyConfigKeys$DataStream (ConfUtils.java:logGet(46)) - raft.netty.dataStream.server.worker-group.size = 0 (default)
2023-08-28 09:31:00,528 [main] INFO  netty.NettyConfigKeys$DataStream (ConfUtils.java:logGet(46)) - raft.netty.dataStream.server.tls.conf = null (default)
2023-08-28 09:31:00,528 [main] INFO  netty.NettyConfigKeys$DataStream (ConfUtils.java:logGet(46)) - raft.netty.dataStream.host = null (default)
2023-08-28 09:31:00,528 [main] INFO  netty.NettyConfigKeys$DataStream (ConfUtils.java:logGet(46)) - raft.netty.dataStream.port = 15024 (custom)
2023-08-28 09:31:00,529 [om1@group-C5BA1605619E-LeaderElection1] INFO  server.RaftServerConfigKeys (ConfUtils.java:logGet(46)) - raft.server.staging.catchup.gap = 1000 (default)
2023-08-28 09:31:00,535 [main] INFO  server.RaftServerConfigKeys (ConfUtils.java:logGet(46)) - raft.server.threadpool.proxy.cached = true (default)
2023-08-28 09:31:00,535 [main] INFO  server.RaftServerConfigKeys (ConfUtils.java:logGet(46)) - raft.server.threadpool.proxy.size = 0 (default)
2023-08-28 09:31:00,535 [main] INFO  server.RaftServerConfigKeys (ConfUtils.java:logGet(46)) - raft.server.rpc.slowness.timeout = 300s (custom)
2023-08-28 09:31:00,536 [main] INFO  server.RaftServerConfigKeys (ConfUtils.java:logGet(46)) - raft.server.leaderelection.leader.step-down.wait-time = 10s (default)
2023-08-28 09:31:00,536 [main] INFO  server.RaftServerConfigKeys (ConfUtils.java:logGet(46)) - raft.server.storage.dir = [/home/runner/work/ozone/ozone/hadoop-ozone/integration-test/target/test-dir/MiniOzoneClusterImpl-56d16ed0-cc7e-4f87-bd63-81d84e7eb885/datanode-1/data/ratis] (custom)
2023-08-28 09:31:00,537 [dcc8ddaa-5db1-4c5e-85ac-81412a5c6050-NettyServerStreamRpc-bossGroup--thread1] INFO  logging.LoggingHandler (AbstractInternalLogger.java:log(148)) - [id: 0x2fa6c42f] REGISTERED
2023-08-28 09:31:00,541 [dcc8ddaa-5db1-4c5e-85ac-81412a5c6050-NettyServerStreamRpc-bossGroup--thread1] INFO  logging.LoggingHandler (AbstractInternalLogger.java:log(148)) - [id: 0x2fa6c42f] BIND: 0.0.0.0/0.0.0.0:15024
2023-08-28 09:31:00,542 [dcc8ddaa-5db1-4c5e-85ac-81412a5c6050-NettyServerStreamRpc-bossGroup--thread1] INFO  logging.LoggingHandler (AbstractInternalLogger.java:log(148)) - [id: 0x2fa6c42f, L:/0:0:0:0:0:0:0:0:15024] ACTIVE
2023-08-28 09:31:00,548 [om1@group-C5BA1605619E-LeaderElection1] INFO  server.RaftServerConfigKeys (ConfUtils.java:logGet(46)) - raft.server.write.element-limit = 4096 (default)
2023-08-28 09:31:00,548 [om1@group-C5BA1605619E-LeaderElection1] INFO  server.RaftServerConfigKeys (ConfUtils.java:logGet(46)) - raft.server.write.byte-limit = 64MB (=67108864) (default)
2023-08-28 09:31:00,553 [dcc8ddaa-5db1-4c5e-85ac-81412a5c6050-impl-thread1] INFO  server.RaftServer (RaftServerProxy.java:initGroupDir(258)) - dcc8ddaa-5db1-4c5e-85ac-81412a5c6050: found a subdirectory /home/runner/work/ozone/ozone/hadoop-ozone/integration-test/target/test-dir/MiniOzoneClusterImpl-56d16ed0-cc7e-4f87-bd63-81d84e7eb885/datanode-1/data/ratis/tmp
2023-08-28 09:31:00,553 [dcc8ddaa-5db1-4c5e-85ac-81412a5c6050-impl-thread1] INFO  server.RaftServer (RaftServerProxy.java:initGroupDir(263)) - dcc8ddaa-5db1-4c5e-85ac-81412a5c6050: The directory /home/runner/work/ozone/ozone/hadoop-ozone/integration-test/target/test-dir/MiniOzoneClusterImpl-56d16ed0-cc7e-4f87-bd63-81d84e7eb885/datanode-1/data/ratis/tmp is not a group directory; ignoring it. 
2023-08-28 09:31:00,553 [main] INFO  replication.ReplicationServer (ReplicationServer.java:<init>(81)) - Initializing replication server with thread count = 10
2023-08-28 09:31:00,555 [main] INFO  server.XceiverServerGrpc (XceiverServerGrpc.java:<init>(132)) - GrpcServer channel type EpollServerSocketChannel
2023-08-28 09:31:00,558 [main] INFO  replication.ReplicationSupervisor (ReplicationSupervisor.java:build(155)) - Initializing replication supervisor with thread count = 10
2023-08-28 09:31:00,559 [main] INFO  replication.ReplicationSupervisor (ReplicationSupervisor.java:nodeStateUpdated(307)) - Node state updated to IN_SERVICE, scaling executor pool size to 10
2023-08-28 09:31:00,565 [om1@group-C5BA1605619E-LeaderElection1] INFO  server.RaftServerConfigKeys (ConfUtils.java:logGet(46)) - raft.server.watch.timeout = 10s (default)
2023-08-28 09:31:00,565 [om1@group-C5BA1605619E-LeaderElection1] INFO  server.RaftServerConfigKeys (ConfUtils.java:logGet(46)) - raft.server.watch.timeout.denomination = 1s (default)
2023-08-28 09:31:00,567 [main] INFO  http.BaseHttpServer (BaseHttpServer.java:newHttpServer2BuilderForOzone(223)) - Starting Web-server for hddsDatanode at: http://0.0.0.0:15018
2023-08-28 09:31:00,567 [main] INFO  http.BaseHttpServer (BaseHttpServer.java:<init>(110)) - Hadoop Security Enabled: false Ozone Security Enabled: false Ozone HTTP Security Enabled: false 
2023-08-28 09:31:00,568 [om1@group-C5BA1605619E-LeaderElection1] INFO  server.RaftServerConfigKeys (ConfUtils.java:logGet(46)) - raft.server.watch.element-limit = 65536 (default)
2023-08-28 09:31:00,569 [main] WARN  server.AuthenticationFilter (AuthenticationFilter.java:constructSecretProvider(240)) - Unable to initialize FileSignerSecretProvider, falling back to use random secrets. Reason: Could not read signature secret file: /home/runner/hadoop-http-auth-signature-secret
2023-08-28 09:31:00,576 [main] INFO  http.HttpRequestLog (HttpRequestLog.java:getRequestLog(86)) - Http request log for http.requests.hddsDatanode is not defined
2023-08-28 09:31:00,578 [main] INFO  http.HttpServer2 (HttpServer2.java:addGlobalFilter(1031)) - Added global filter 'safety' (class=org.apache.hadoop.hdds.server.http.HttpServer2$QuotingInputFilter)
2023-08-28 09:31:00,581 [main] INFO  http.HttpServer2 (HttpServer2.java:addFilter(1007)) - Added filter static_user_filter (class=org.apache.hadoop.http.lib.StaticUserWebFilter$StaticUserFilter) to context hddsDatanode
2023-08-28 09:31:00,581 [main] INFO  http.HttpServer2 (HttpServer2.java:addFilter(1015)) - Added filter static_user_filter (class=org.apache.hadoop.http.lib.StaticUserWebFilter$StaticUserFilter) to context logs
2023-08-28 09:31:00,581 [main] INFO  http.HttpServer2 (HttpServer2.java:addFilter(1015)) - Added filter static_user_filter (class=org.apache.hadoop.http.lib.StaticUserWebFilter$StaticUserFilter) to context static
2023-08-28 09:31:00,582 [om1@group-C5BA1605619E-LeaderElection1] INFO  server.RaftServerConfigKeys (ConfUtils.java:logGet(46)) - raft.server.write.element-limit = 4096 (default)
2023-08-28 09:31:00,584 [main] INFO  http.BaseHttpServer (BaseHttpServer.java:<init>(189)) - HTTP server of hddsDatanode uses base directory /home/runner/work/ozone/ozone/hadoop-ozone/integration-test/target/test-dir/MiniOzoneClusterImpl-56d16ed0-cc7e-4f87-bd63-81d84e7eb885/datanode-1/meta/webserver
2023-08-28 09:31:00,588 [main] INFO  http.HttpServer2 (HttpServer2.java:bindListener(1231)) - Jetty bound to port 15018
2023-08-28 09:31:00,588 [main] INFO  server.Server (Server.java:doStart(375)) - jetty-9.4.51.v20230217; built: 2023-02-17T08:19:37.309Z; git: b45c405e4544384de066f814ed42ae3dceacdd49; jvm 1.8.0_382-b05
2023-08-28 09:31:00,589 [om1@group-C5BA1605619E-LeaderElection1] INFO  server.RaftServerConfigKeys (ConfUtils.java:logGet(46)) - raft.server.write.follower.gap.ratio.max = -1.0 (default)
2023-08-28 09:31:00,593 [om1@group-C5BA1605619E-LeaderElection1] INFO  impl.RoleInfo (RoleInfo.java:updateAndGet(139)) - om1: start om1@group-C5BA1605619E-LeaderStateImpl
2023-08-28 09:31:00,626 [main] INFO  server.session (DefaultSessionIdManager.java:doStart(334)) - DefaultSessionIdManager workerName=node0
2023-08-28 09:31:00,627 [main] INFO  server.session (DefaultSessionIdManager.java:doStart(339)) - No SessionScavenger set, using defaults
2023-08-28 09:31:00,627 [main] INFO  server.session (HouseKeeper.java:startScavenging(132)) - node0 Scavenging every 600000ms
2023-08-28 09:31:00,632 [main] INFO  handler.ContextHandler (ContextHandler.java:doStart(921)) - Started o.e.j.s.ServletContextHandler@52c53342{logs,/logs,file:///home/runner/work/ozone/ozone/hadoop-ozone/integration-test/target/log,AVAILABLE}
2023-08-28 09:31:00,633 [main] INFO  handler.ContextHandler (ContextHandler.java:doStart(921)) - Started o.e.j.s.ServletContextHandler@7b10f0cd{static,/static,jar:file:/home/runner/.m2/repository/org/apache/ozone/hdds-container-service/1.4.0-SNAPSHOT/hdds-container-service-1.4.0-SNAPSHOT.jar!/webapps/static,AVAILABLE}
2023-08-28 09:31:00,641 [om1@group-C5BA1605619E-LeaderElection1] INFO  segmented.SegmentedRaftLogWorker (SegmentedRaftLogWorker.java:startLogSegment(447)) - om1@group-C5BA1605619E-SegmentedRaftLogWorker: Starting segment from index:0
2023-08-28 09:31:00,734 [om1@group-C5BA1605619E-LeaderElection1] INFO  server.RaftServer$Division (ServerState.java:setRaftConf(434)) - om1@group-C5BA1605619E: set configuration 0: peers:[om1|rpc:localhost:15007|admin:|client:|dataStream:|priority:0|startupRole:FOLLOWER]|listeners:[], old=null
2023-08-28 09:31:00,741 [Datanode State Machine Task Thread - 0] INFO  datanode.InitDatanodeState (InitDatanodeState.java:persistContainerDatanodeDetails(138)) - DatanodeDetails is persisted to /home/runner/work/ozone/ozone/hadoop-ozone/integration-test/target/test-dir/MiniOzoneClusterImpl-56d16ed0-cc7e-4f87-bd63-81d84e7eb885/datanode-0/meta/datanode.id
2023-08-28 09:31:00,841 [om1@group-C5BA1605619E-SegmentedRaftLogWorker] INFO  segmented.SegmentedRaftLogWorker (SegmentedRaftLogWorker.java:execute(651)) - om1@group-C5BA1605619E-SegmentedRaftLogWorker: created new log segment /home/runner/work/ozone/ozone/hadoop-ozone/integration-test/target/test-dir/MiniOzoneClusterImpl-56d16ed0-cc7e-4f87-bd63-81d84e7eb885/ozone-meta/ratis/bf265839-605b-3f16-9796-c5ba1605619e/current/log_inprogress_0
2023-08-28 09:31:00,986 [om1@group-C5BA1605619E-StateMachineUpdater] INFO  ratis.OzoneManagerStateMachine (OzoneManagerStateMachine.java:notifyConfigurationChanged(202)) - Received Configuration change notification from Ratis. New Peer list:
[id: "om1"
address: "localhost:15007"
startupRole: FOLLOWER
]
2023-08-28 09:31:01,010 [main] INFO  handler.ContextHandler (ContextHandler.java:doStart(921)) - Started o.e.j.w.WebAppContext@3b1e96c2{hddsDatanode,/,file:///home/runner/work/ozone/ozone/hadoop-ozone/integration-test/target/test-dir/MiniOzoneClusterImpl-56d16ed0-cc7e-4f87-bd63-81d84e7eb885/datanode-1/meta/webserver/jetty-0_0_0_0-15018-hdds-container-service-1_4_0-SNAPSHOT_jar-_-any-6767466108584571119/webapp/,AVAILABLE}{jar:file:/home/runner/.m2/repository/org/apache/ozone/hdds-container-service/1.4.0-SNAPSHOT/hdds-container-service-1.4.0-SNAPSHOT.jar!/webapps/hddsDatanode}
2023-08-28 09:31:01,014 [main] INFO  server.AbstractConnector (AbstractConnector.java:doStart(333)) - Started ServerConnector@74d9f7{HTTP/1.1, (http/1.1)}{0.0.0.0:15018}
2023-08-28 09:31:01,015 [main] INFO  server.Server (Server.java:doStart(415)) - Started @9352ms
2023-08-28 09:31:01,015 [main] WARN  impl.MetricsSystemImpl (MetricsSystemImpl.java:register(279)) - Sink prometheus already exists!
2023-08-28 09:31:01,016 [main] INFO  http.BaseHttpServer (BaseHttpServer.java:updateConnectorAddress(354)) - HTTP server of hddsDatanode listening at http://0.0.0.0:15018
2023-08-28 09:31:01,016 [main] INFO  ipc.CallQueueManager (CallQueueManager.java:<init>(90)) - Using callQueue: class java.util.concurrent.LinkedBlockingQueue, queueCapacity: 100, scheduler: class org.apache.hadoop.ipc.DefaultRpcScheduler, ipcBackoff: false.
2023-08-28 09:31:01,017 [main] INFO  ipc.Server (Server.java:<init>(1287)) - Listener at 0.0.0.0:15019
2023-08-28 09:31:01,018 [Socket Reader #1 for port 15019] INFO  ipc.Server (Server.java:run(1323)) - Starting Socket Reader #1 for port 15019
2023-08-28 09:31:01,024 [main] INFO  ozone.HddsDatanodeService (HddsDatanodeService.java:start(315)) - Datanode start with admins: [runner]
2023-08-28 09:31:01,033 [main] INFO  ozone.HddsDatanodeClientProtocolServer (HddsDatanodeClientProtocolServer.java:start(72)) - RPC server for Client /0.0.0.0:15019
2023-08-28 09:31:01,035 [IPC Server Responder] INFO  ipc.Server (Server.java:run(1562)) - IPC Server Responder: starting
2023-08-28 09:31:01,035 [IPC Server listener on 15019] INFO  ipc.Server (Server.java:run(1402)) - IPC Server listener on 15019: starting
2023-08-28 09:31:01,036 [main] WARN  impl.MetricRegistriesImpl (MetricRegistriesImpl.java:addReporterRegistration(111)) - New reporters are added after registries were created. Some metrics will be missing from the reporter. Please add reporter before adding any new registry.
2023-08-28 09:31:01,036 [main] WARN  impl.MetricRegistriesImpl (MetricRegistriesImpl.java:addReporterRegistration(111)) - New reporters are added after registries were created. Some metrics will be missing from the reporter. Please add reporter before adding any new registry.
2023-08-28 09:31:01,036 [main] INFO  impl.MetricsSystemImpl (MetricsSystemImpl.java:init(158)) - HddsDatanode metrics system started (again)
2023-08-28 09:31:01,046 [Datanode State Machine Daemon Thread] INFO  statemachine.DatanodeStateMachine (DatanodeStateMachine.java:lambda$startDaemon$0(538)) - Ozone container server started.
2023-08-28 09:31:01,068 [Datanode State Machine Task Thread - 0] INFO  datanode.InitDatanodeState (InitDatanodeState.java:persistContainerDatanodeDetails(138)) - DatanodeDetails is persisted to /home/runner/work/ozone/ozone/hadoop-ozone/integration-test/target/test-dir/MiniOzoneClusterImpl-56d16ed0-cc7e-4f87-bd63-81d84e7eb885/datanode-1/meta/datanode.id
2023-08-28 09:31:01,072 [main] INFO  ozone.HddsDatanodeService (HddsDatanodeService.java:start(237)) - HddsDatanodeService host:fv-az625-77.ififypym2nee5jib2gmjcfh3fc.bx.internal.cloudapp.net ip:10.1.0.27
2023-08-28 09:31:01,099 [main] INFO  upgrade.AbstractLayoutVersionManager (AbstractLayoutVersionManager.java:init(83)) - Initializing Layout version manager with metadata layout = HADOOP_PRC_PORTS_IN_DATANODEDETAILS (version = 7), software layout = HADOOP_PRC_PORTS_IN_DATANODEDETAILS (version = 7)
2023-08-28 09:31:01,100 [main] INFO  statemachine.DatanodeStateMachine (DatanodeStateMachine.java:getEndPointTaskThreadPoolSize(282)) - Datanode State Machine Task Thread Pool size 2
2023-08-28 09:31:01,110 [main] INFO  volume.HddsVolume (HddsVolume.java:<init>(126)) - Creating HddsVolume: /home/runner/work/ozone/ozone/hadoop-ozone/integration-test/target/test-dir/MiniOzoneClusterImpl-56d16ed0-cc7e-4f87-bd63-81d84e7eb885/datanode-2/data-0/containers/hdds of storage type : DISK capacity : 9223372036854775807
2023-08-28 09:31:01,111 [main] INFO  volume.MutableVolumeSet (MutableVolumeSet.java:initializeVolumeSet(173)) - Added Volume : /home/runner/work/ozone/ozone/hadoop-ozone/integration-test/target/test-dir/MiniOzoneClusterImpl-56d16ed0-cc7e-4f87-bd63-81d84e7eb885/datanode-2/data-0/containers/hdds to VolumeSet
2023-08-28 09:31:01,115 [main] INFO  volume.MutableVolumeSet (MutableVolumeSet.java:initializeVolumeSet(173)) - Added Volume : /home/runner/work/ozone/ozone/hadoop-ozone/integration-test/target/test-dir/MiniOzoneClusterImpl-56d16ed0-cc7e-4f87-bd63-81d84e7eb885/datanode-2/data/ratis to VolumeSet
2023-08-28 09:31:01,117 [Thread-176] INFO  ozoneimpl.ContainerReader (ContainerReader.java:readVolume(177)) - Finish verifying containers on volume /home/runner/work/ozone/ozone/hadoop-ozone/integration-test/target/test-dir/MiniOzoneClusterImpl-56d16ed0-cc7e-4f87-bd63-81d84e7eb885/datanode-2/data-0/containers/hdds
2023-08-28 09:31:01,118 [main] INFO  ozoneimpl.OzoneContainer (OzoneContainer.java:buildContainerSet(314)) - Build ContainerSet costs 0s
2023-08-28 09:31:01,124 [main] INFO  server.RaftServer (ConfUtils.java:logGet(46)) - raft.rpc.type = GRPC (default)
2023-08-28 09:31:01,125 [main] INFO  grpc.GrpcConfigKeys (ConfUtils.java:logFallback(53)) - raft.grpc.admin.host = null (fallback to raft.grpc.server.host)
2023-08-28 09:31:01,125 [main] INFO  grpc.GrpcConfigKeys (ConfUtils.java:logGet(46)) - raft.grpc.admin.port = 15031 (custom)
2023-08-28 09:31:01,126 [main] INFO  grpc.GrpcConfigKeys (ConfUtils.java:logFallback(53)) - raft.grpc.client.host = null (fallback to raft.grpc.server.host)
2023-08-28 09:31:01,126 [main] INFO  grpc.GrpcConfigKeys (ConfUtils.java:logGet(46)) - raft.grpc.client.port = 15030 (custom)
2023-08-28 09:31:01,126 [main] INFO  grpc.GrpcConfigKeys (ConfUtils.java:logGet(46)) - raft.grpc.server.host = null (default)
2023-08-28 09:31:01,127 [main] INFO  grpc.GrpcConfigKeys (ConfUtils.java:logGet(46)) - raft.grpc.server.port = 15032 (custom)
2023-08-28 09:31:01,127 [main] INFO  server.GrpcService (ConfUtils.java:logGet(46)) - raft.grpc.message.size.max = 32MB (=33554432) (custom)
2023-08-28 09:31:01,127 [main] INFO  server.RaftServerConfigKeys (ConfUtils.java:logGet(46)) - raft.server.log.appender.buffer.byte-limit = 33554432 (custom)
2023-08-28 09:31:01,127 [main] INFO  server.GrpcService (ConfUtils.java:logGet(46)) - raft.grpc.flow.control.window = 5MB (=5242880) (custom)
2023-08-28 09:31:01,128 [main] INFO  server.RaftServerConfigKeys (ConfUtils.java:logGet(46)) - raft.server.rpc.request.timeout = 60s (custom)
2023-08-28 09:31:01,128 [main] INFO  grpc.GrpcConfigKeys (ConfUtils.java:logGet(46)) - raft.grpc.server.heartbeat.channel = true (default)
2023-08-28 09:31:01,129 [main] INFO  grpc.GrpcConfigKeys (ConfUtils.java:logGet(46)) - raft.grpc.server.async.request.thread.pool.cached = true (default)
2023-08-28 09:31:01,129 [main] INFO  grpc.GrpcConfigKeys (ConfUtils.java:logGet(46)) - raft.grpc.server.async.request.thread.pool.size = 32 (default)
2023-08-28 09:31:01,135 [main] INFO  impl.DataStreamServerImpl (ConfUtils.java:logGet(46)) - raft.datastream.type = NETTY (custom)
2023-08-28 09:31:01,136 [main] INFO  server.RaftServerConfigKeys (ConfUtils.java:logGet(46)) - raft.server.data-stream.async.request.thread.pool.cached = false (default)
2023-08-28 09:31:01,137 [main] INFO  server.RaftServerConfigKeys (ConfUtils.java:logGet(46)) - raft.server.data-stream.async.request.thread.pool.size = 20 (custom)
2023-08-28 09:31:01,137 [main] INFO  server.RaftServerConfigKeys (ConfUtils.java:logGet(46)) - raft.server.data-stream.async.write.thread.pool.size = 16 (default)
2023-08-28 09:31:01,137 [main] INFO  server.RaftServerConfigKeys (ConfUtils.java:logGet(46)) - raft.server.data-stream.client.pool.size = 10 (default)
2023-08-28 09:31:01,137 [main] INFO  netty.NettyConfigKeys$DataStream (ConfUtils.java:logGet(46)) - raft.netty.dataStream.server.use-epoll = false (default)
2023-08-28 09:31:01,137 [main] INFO  netty.NettyConfigKeys$DataStream (ConfUtils.java:logGet(46)) - raft.netty.dataStream.server.boss-group.size = 0 (default)
2023-08-28 09:31:01,139 [main] INFO  netty.NettyConfigKeys$DataStream (ConfUtils.java:logGet(46)) - raft.netty.dataStream.server.worker-group.size = 0 (default)
2023-08-28 09:31:01,139 [main] INFO  netty.NettyConfigKeys$DataStream (ConfUtils.java:logGet(46)) - raft.netty.dataStream.server.tls.conf = null (default)
2023-08-28 09:31:01,140 [main] INFO  netty.NettyConfigKeys$DataStream (ConfUtils.java:logGet(46)) - raft.netty.dataStream.host = null (default)
2023-08-28 09:31:01,140 [main] INFO  netty.NettyConfigKeys$DataStream (ConfUtils.java:logGet(46)) - raft.netty.dataStream.port = 15033 (custom)
2023-08-28 09:31:01,141 [main] INFO  server.RaftServerConfigKeys (ConfUtils.java:logGet(46)) - raft.server.threadpool.proxy.cached = true (default)
2023-08-28 09:31:01,142 [main] INFO  server.RaftServerConfigKeys (ConfUtils.java:logGet(46)) - raft.server.threadpool.proxy.size = 0 (default)
2023-08-28 09:31:01,142 [main] INFO  server.RaftServerConfigKeys (ConfUtils.java:logGet(46)) - raft.server.rpc.slowness.timeout = 300s (custom)
2023-08-28 09:31:01,142 [main] INFO  server.RaftServerConfigKeys (ConfUtils.java:logGet(46)) - raft.server.leaderelection.leader.step-down.wait-time = 10s (default)
2023-08-28 09:31:01,142 [main] INFO  server.RaftServerConfigKeys (ConfUtils.java:logGet(46)) - raft.server.storage.dir = [/home/runner/work/ozone/ozone/hadoop-ozone/integration-test/target/test-dir/MiniOzoneClusterImpl-56d16ed0-cc7e-4f87-bd63-81d84e7eb885/datanode-2/data/ratis] (custom)
2023-08-28 09:31:01,145 [4beee146-73ae-4cd4-94a1-e1eb5fcd7f02-impl-thread1] INFO  server.RaftServer (RaftServerProxy.java:initGroupDir(258)) - 4beee146-73ae-4cd4-94a1-e1eb5fcd7f02: found a subdirectory /home/runner/work/ozone/ozone/hadoop-ozone/integration-test/target/test-dir/MiniOzoneClusterImpl-56d16ed0-cc7e-4f87-bd63-81d84e7eb885/datanode-2/data/ratis/tmp
2023-08-28 09:31:01,145 [4beee146-73ae-4cd4-94a1-e1eb5fcd7f02-impl-thread1] INFO  server.RaftServer (RaftServerProxy.java:initGroupDir(263)) - 4beee146-73ae-4cd4-94a1-e1eb5fcd7f02: The directory /home/runner/work/ozone/ozone/hadoop-ozone/integration-test/target/test-dir/MiniOzoneClusterImpl-56d16ed0-cc7e-4f87-bd63-81d84e7eb885/datanode-2/data/ratis/tmp is not a group directory; ignoring it. 
2023-08-28 09:31:01,145 [4beee146-73ae-4cd4-94a1-e1eb5fcd7f02-NettyServerStreamRpc-bossGroup--thread1] INFO  logging.LoggingHandler (AbstractInternalLogger.java:log(148)) - [id: 0xa61d7dad] REGISTERED
2023-08-28 09:31:01,145 [4beee146-73ae-4cd4-94a1-e1eb5fcd7f02-NettyServerStreamRpc-bossGroup--thread1] INFO  logging.LoggingHandler (AbstractInternalLogger.java:log(148)) - [id: 0xa61d7dad] BIND: 0.0.0.0/0.0.0.0:15033
2023-08-28 09:31:01,146 [4beee146-73ae-4cd4-94a1-e1eb5fcd7f02-NettyServerStreamRpc-bossGroup--thread1] INFO  logging.LoggingHandler (AbstractInternalLogger.java:log(148)) - [id: 0xa61d7dad, L:/0:0:0:0:0:0:0:0:15033] ACTIVE
2023-08-28 09:31:01,146 [main] INFO  replication.ReplicationServer (ReplicationServer.java:<init>(81)) - Initializing replication server with thread count = 10
2023-08-28 09:31:01,148 [main] INFO  server.XceiverServerGrpc (XceiverServerGrpc.java:<init>(132)) - GrpcServer channel type EpollServerSocketChannel
2023-08-28 09:31:01,156 [main] INFO  replication.ReplicationSupervisor (ReplicationSupervisor.java:build(155)) - Initializing replication supervisor with thread count = 10
2023-08-28 09:31:01,157 [main] INFO  replication.ReplicationSupervisor (ReplicationSupervisor.java:nodeStateUpdated(307)) - Node state updated to IN_SERVICE, scaling executor pool size to 10
2023-08-28 09:31:01,166 [main] INFO  http.BaseHttpServer (BaseHttpServer.java:newHttpServer2BuilderForOzone(223)) - Starting Web-server for hddsDatanode at: http://0.0.0.0:15027
2023-08-28 09:31:01,167 [main] INFO  http.BaseHttpServer (BaseHttpServer.java:<init>(110)) - Hadoop Security Enabled: false Ozone Security Enabled: false Ozone HTTP Security Enabled: false 
2023-08-28 09:31:01,168 [main] WARN  server.AuthenticationFilter (AuthenticationFilter.java:constructSecretProvider(240)) - Unable to initialize FileSignerSecretProvider, falling back to use random secrets. Reason: Could not read signature secret file: /home/runner/hadoop-http-auth-signature-secret
2023-08-28 09:31:01,169 [main] INFO  http.HttpRequestLog (HttpRequestLog.java:getRequestLog(86)) - Http request log for http.requests.hddsDatanode is not defined
2023-08-28 09:31:01,171 [main] INFO  http.HttpServer2 (HttpServer2.java:addGlobalFilter(1031)) - Added global filter 'safety' (class=org.apache.hadoop.hdds.server.http.HttpServer2$QuotingInputFilter)
2023-08-28 09:31:01,172 [main] INFO  http.HttpServer2 (HttpServer2.java:addFilter(1007)) - Added filter static_user_filter (class=org.apache.hadoop.http.lib.StaticUserWebFilter$StaticUserFilter) to context hddsDatanode
2023-08-28 09:31:01,172 [main] INFO  http.HttpServer2 (HttpServer2.java:addFilter(1015)) - Added filter static_user_filter (class=org.apache.hadoop.http.lib.StaticUserWebFilter$StaticUserFilter) to context static
2023-08-28 09:31:01,172 [main] INFO  http.HttpServer2 (HttpServer2.java:addFilter(1015)) - Added filter static_user_filter (class=org.apache.hadoop.http.lib.StaticUserWebFilter$StaticUserFilter) to context logs
2023-08-28 09:31:01,173 [main] INFO  http.BaseHttpServer (BaseHttpServer.java:<init>(189)) - HTTP server of hddsDatanode uses base directory /home/runner/work/ozone/ozone/hadoop-ozone/integration-test/target/test-dir/MiniOzoneClusterImpl-56d16ed0-cc7e-4f87-bd63-81d84e7eb885/datanode-2/meta/webserver
2023-08-28 09:31:01,174 [main] INFO  http.HttpServer2 (HttpServer2.java:bindListener(1231)) - Jetty bound to port 15027
2023-08-28 09:31:01,174 [main] INFO  server.Server (Server.java:doStart(375)) - jetty-9.4.51.v20230217; built: 2023-02-17T08:19:37.309Z; git: b45c405e4544384de066f814ed42ae3dceacdd49; jvm 1.8.0_382-b05
2023-08-28 09:31:01,181 [main] INFO  server.session (DefaultSessionIdManager.java:doStart(334)) - DefaultSessionIdManager workerName=node0
2023-08-28 09:31:01,181 [main] INFO  server.session (DefaultSessionIdManager.java:doStart(339)) - No SessionScavenger set, using defaults
2023-08-28 09:31:01,181 [main] INFO  server.session (HouseKeeper.java:startScavenging(132)) - node0 Scavenging every 600000ms
2023-08-28 09:31:01,182 [main] INFO  handler.ContextHandler (ContextHandler.java:doStart(921)) - Started o.e.j.s.ServletContextHandler@70b2ff6f{logs,/logs,file:///home/runner/work/ozone/ozone/hadoop-ozone/integration-test/target/log,AVAILABLE}
2023-08-28 09:31:01,183 [main] INFO  handler.ContextHandler (ContextHandler.java:doStart(921)) - Started o.e.j.s.ServletContextHandler@7d5041a1{static,/static,jar:file:/home/runner/.m2/repository/org/apache/ozone/hdds-container-service/1.4.0-SNAPSHOT/hdds-container-service-1.4.0-SNAPSHOT.jar!/webapps/static,AVAILABLE}
2023-08-28 09:31:01,386 [main] INFO  handler.ContextHandler (ContextHandler.java:doStart(921)) - Started o.e.j.w.WebAppContext@598aee13{hddsDatanode,/,file:///home/runner/work/ozone/ozone/hadoop-ozone/integration-test/target/test-dir/MiniOzoneClusterImpl-56d16ed0-cc7e-4f87-bd63-81d84e7eb885/datanode-2/meta/webserver/jetty-0_0_0_0-15027-hdds-container-service-1_4_0-SNAPSHOT_jar-_-any-8020833865242877292/webapp/,AVAILABLE}{jar:file:/home/runner/.m2/repository/org/apache/ozone/hdds-container-service/1.4.0-SNAPSHOT/hdds-container-service-1.4.0-SNAPSHOT.jar!/webapps/hddsDatanode}
2023-08-28 09:31:01,390 [main] INFO  server.AbstractConnector (AbstractConnector.java:doStart(333)) - Started ServerConnector@12c1a880{HTTP/1.1, (http/1.1)}{0.0.0.0:15027}
2023-08-28 09:31:01,390 [main] INFO  server.Server (Server.java:doStart(415)) - Started @9727ms
2023-08-28 09:31:01,390 [main] WARN  impl.MetricsSystemImpl (MetricsSystemImpl.java:register(279)) - Sink prometheus already exists!
2023-08-28 09:31:01,391 [main] INFO  http.BaseHttpServer (BaseHttpServer.java:updateConnectorAddress(354)) - HTTP server of hddsDatanode listening at http://0.0.0.0:15027
2023-08-28 09:31:01,391 [main] INFO  ipc.CallQueueManager (CallQueueManager.java:<init>(90)) - Using callQueue: class java.util.concurrent.LinkedBlockingQueue, queueCapacity: 100, scheduler: class org.apache.hadoop.ipc.DefaultRpcScheduler, ipcBackoff: false.
2023-08-28 09:31:01,392 [main] INFO  ipc.Server (Server.java:<init>(1287)) - Listener at 0.0.0.0:15028
2023-08-28 09:31:01,393 [Socket Reader #1 for port 15028] INFO  ipc.Server (Server.java:run(1323)) - Starting Socket Reader #1 for port 15028
2023-08-28 09:31:01,395 [main] INFO  ozone.HddsDatanodeService (HddsDatanodeService.java:start(315)) - Datanode start with admins: [runner]
2023-08-28 09:31:01,396 [main] INFO  ozone.HddsDatanodeClientProtocolServer (HddsDatanodeClientProtocolServer.java:start(72)) - RPC server for Client /0.0.0.0:15028
2023-08-28 09:31:01,396 [IPC Server Responder] INFO  ipc.Server (Server.java:run(1562)) - IPC Server Responder: starting
2023-08-28 09:31:01,397 [IPC Server listener on 15028] INFO  ipc.Server (Server.java:run(1402)) - IPC Server listener on 15028: starting
2023-08-28 09:31:01,397 [Datanode State Machine Daemon Thread] INFO  statemachine.DatanodeStateMachine (DatanodeStateMachine.java:lambda$startDaemon$0(538)) - Ozone container server started.
2023-08-28 09:31:01,397 [main] WARN  impl.MetricRegistriesImpl (MetricRegistriesImpl.java:addReporterRegistration(111)) - New reporters are added after registries were created. Some metrics will be missing from the reporter. Please add reporter before adding any new registry.
2023-08-28 09:31:01,398 [main] WARN  impl.MetricRegistriesImpl (MetricRegistriesImpl.java:addReporterRegistration(111)) - New reporters are added after registries were created. Some metrics will be missing from the reporter. Please add reporter before adding any new registry.
2023-08-28 09:31:01,398 [main] INFO  impl.MetricsSystemImpl (MetricsSystemImpl.java:init(158)) - HddsDatanode metrics system started (again)
2023-08-28 09:31:01,414 [main] INFO  ozone.HddsDatanodeService (HddsDatanodeService.java:start(237)) - HddsDatanodeService host:fv-az625-77.ififypym2nee5jib2gmjcfh3fc.bx.internal.cloudapp.net ip:10.1.0.27
2023-08-28 09:31:01,427 [Datanode State Machine Task Thread - 0] INFO  datanode.InitDatanodeState (InitDatanodeState.java:persistContainerDatanodeDetails(138)) - DatanodeDetails is persisted to /home/runner/work/ozone/ozone/hadoop-ozone/integration-test/target/test-dir/MiniOzoneClusterImpl-56d16ed0-cc7e-4f87-bd63-81d84e7eb885/datanode-2/meta/datanode.id
2023-08-28 09:31:01,450 [main] INFO  upgrade.AbstractLayoutVersionManager (AbstractLayoutVersionManager.java:init(83)) - Initializing Layout version manager with metadata layout = HADOOP_PRC_PORTS_IN_DATANODEDETAILS (version = 7), software layout = HADOOP_PRC_PORTS_IN_DATANODEDETAILS (version = 7)
2023-08-28 09:31:01,451 [main] INFO  statemachine.DatanodeStateMachine (DatanodeStateMachine.java:getEndPointTaskThreadPoolSize(282)) - Datanode State Machine Task Thread Pool size 2
2023-08-28 09:31:01,459 [main] INFO  volume.HddsVolume (HddsVolume.java:<init>(126)) - Creating HddsVolume: /home/runner/work/ozone/ozone/hadoop-ozone/integration-test/target/test-dir/MiniOzoneClusterImpl-56d16ed0-cc7e-4f87-bd63-81d84e7eb885/datanode-3/data-0/containers/hdds of storage type : DISK capacity : 9223372036854775807
2023-08-28 09:31:01,459 [main] INFO  volume.MutableVolumeSet (MutableVolumeSet.java:initializeVolumeSet(173)) - Added Volume : /home/runner/work/ozone/ozone/hadoop-ozone/integration-test/target/test-dir/MiniOzoneClusterImpl-56d16ed0-cc7e-4f87-bd63-81d84e7eb885/datanode-3/data-0/containers/hdds to VolumeSet
2023-08-28 09:31:01,464 [main] INFO  volume.MutableVolumeSet (MutableVolumeSet.java:initializeVolumeSet(173)) - Added Volume : /home/runner/work/ozone/ozone/hadoop-ozone/integration-test/target/test-dir/MiniOzoneClusterImpl-56d16ed0-cc7e-4f87-bd63-81d84e7eb885/datanode-3/data/ratis to VolumeSet
2023-08-28 09:31:01,464 [Thread-193] INFO  ozoneimpl.ContainerReader (ContainerReader.java:readVolume(177)) - Finish verifying containers on volume /home/runner/work/ozone/ozone/hadoop-ozone/integration-test/target/test-dir/MiniOzoneClusterImpl-56d16ed0-cc7e-4f87-bd63-81d84e7eb885/datanode-3/data-0/containers/hdds
2023-08-28 09:31:01,464 [main] INFO  ozoneimpl.OzoneContainer (OzoneContainer.java:buildContainerSet(314)) - Build ContainerSet costs 0s
2023-08-28 09:31:01,469 [main] INFO  server.RaftServer (ConfUtils.java:logGet(46)) - raft.rpc.type = GRPC (default)
2023-08-28 09:31:01,469 [main] INFO  grpc.GrpcConfigKeys (ConfUtils.java:logFallback(53)) - raft.grpc.admin.host = null (fallback to raft.grpc.server.host)
2023-08-28 09:31:01,470 [main] INFO  grpc.GrpcConfigKeys (ConfUtils.java:logGet(46)) - raft.grpc.admin.port = 15040 (custom)
2023-08-28 09:31:01,470 [main] INFO  grpc.GrpcConfigKeys (ConfUtils.java:logFallback(53)) - raft.grpc.client.host = null (fallback to raft.grpc.server.host)
2023-08-28 09:31:01,470 [main] INFO  grpc.GrpcConfigKeys (ConfUtils.java:logGet(46)) - raft.grpc.client.port = 15039 (custom)
2023-08-28 09:31:01,470 [main] INFO  grpc.GrpcConfigKeys (ConfUtils.java:logGet(46)) - raft.grpc.server.host = null (default)
2023-08-28 09:31:01,470 [main] INFO  grpc.GrpcConfigKeys (ConfUtils.java:logGet(46)) - raft.grpc.server.port = 15041 (custom)
2023-08-28 09:31:01,470 [main] INFO  server.GrpcService (ConfUtils.java:logGet(46)) - raft.grpc.message.size.max = 32MB (=33554432) (custom)
2023-08-28 09:31:01,470 [main] INFO  server.RaftServerConfigKeys (ConfUtils.java:logGet(46)) - raft.server.log.appender.buffer.byte-limit = 33554432 (custom)
2023-08-28 09:31:01,470 [main] INFO  server.GrpcService (ConfUtils.java:logGet(46)) - raft.grpc.flow.control.window = 5MB (=5242880) (custom)
2023-08-28 09:31:01,470 [main] INFO  server.RaftServerConfigKeys (ConfUtils.java:logGet(46)) - raft.server.rpc.request.timeout = 60s (custom)
2023-08-28 09:31:01,471 [main] INFO  grpc.GrpcConfigKeys (ConfUtils.java:logGet(46)) - raft.grpc.server.heartbeat.channel = true (default)
2023-08-28 09:31:01,471 [main] INFO  grpc.GrpcConfigKeys (ConfUtils.java:logGet(46)) - raft.grpc.server.async.request.thread.pool.cached = true (default)
2023-08-28 09:31:01,471 [main] INFO  grpc.GrpcConfigKeys (ConfUtils.java:logGet(46)) - raft.grpc.server.async.request.thread.pool.size = 32 (default)
2023-08-28 09:31:01,474 [main] INFO  impl.DataStreamServerImpl (ConfUtils.java:logGet(46)) - raft.datastream.type = NETTY (custom)
2023-08-28 09:31:01,474 [main] INFO  server.RaftServerConfigKeys (ConfUtils.java:logGet(46)) - raft.server.data-stream.async.request.thread.pool.cached = false (default)
2023-08-28 09:31:01,474 [main] INFO  server.RaftServerConfigKeys (ConfUtils.java:logGet(46)) - raft.server.data-stream.async.request.thread.pool.size = 20 (custom)
2023-08-28 09:31:01,474 [main] INFO  server.RaftServerConfigKeys (ConfUtils.java:logGet(46)) - raft.server.data-stream.async.write.thread.pool.size = 16 (default)
2023-08-28 09:31:01,474 [main] INFO  server.RaftServerConfigKeys (ConfUtils.java:logGet(46)) - raft.server.data-stream.client.pool.size = 10 (default)
2023-08-28 09:31:01,474 [main] INFO  netty.NettyConfigKeys$DataStream (ConfUtils.java:logGet(46)) - raft.netty.dataStream.server.use-epoll = false (default)
2023-08-28 09:31:01,475 [main] INFO  netty.NettyConfigKeys$DataStream (ConfUtils.java:logGet(46)) - raft.netty.dataStream.server.boss-group.size = 0 (default)
2023-08-28 09:31:01,475 [main] INFO  netty.NettyConfigKeys$DataStream (ConfUtils.java:logGet(46)) - raft.netty.dataStream.server.worker-group.size = 0 (default)
2023-08-28 09:31:01,475 [main] INFO  netty.NettyConfigKeys$DataStream (ConfUtils.java:logGet(46)) - raft.netty.dataStream.server.tls.conf = null (default)
2023-08-28 09:31:01,476 [main] INFO  netty.NettyConfigKeys$DataStream (ConfUtils.java:logGet(46)) - raft.netty.dataStream.host = null (default)
2023-08-28 09:31:01,476 [main] INFO  netty.NettyConfigKeys$DataStream (ConfUtils.java:logGet(46)) - raft.netty.dataStream.port = 15042 (custom)
2023-08-28 09:31:01,476 [main] INFO  server.RaftServerConfigKeys (ConfUtils.java:logGet(46)) - raft.server.threadpool.proxy.cached = true (default)
2023-08-28 09:31:01,476 [main] INFO  server.RaftServerConfigKeys (ConfUtils.java:logGet(46)) - raft.server.threadpool.proxy.size = 0 (default)
2023-08-28 09:31:01,477 [main] INFO  server.RaftServerConfigKeys (ConfUtils.java:logGet(46)) - raft.server.rpc.slowness.timeout = 300s (custom)
2023-08-28 09:31:01,477 [main] INFO  server.RaftServerConfigKeys (ConfUtils.java:logGet(46)) - raft.server.leaderelection.leader.step-down.wait-time = 10s (default)
2023-08-28 09:31:01,477 [main] INFO  server.RaftServerConfigKeys (ConfUtils.java:logGet(46)) - raft.server.storage.dir = [/home/runner/work/ozone/ozone/hadoop-ozone/integration-test/target/test-dir/MiniOzoneClusterImpl-56d16ed0-cc7e-4f87-bd63-81d84e7eb885/datanode-3/data/ratis] (custom)
2023-08-28 09:31:01,481 [760c1559-1b0a-45ac-b6d7-a51714e01488-NettyServerStreamRpc-bossGroup--thread1] INFO  logging.LoggingHandler (AbstractInternalLogger.java:log(148)) - [id: 0x0bc8170e] REGISTERED
2023-08-28 09:31:01,481 [760c1559-1b0a-45ac-b6d7-a51714e01488-NettyServerStreamRpc-bossGroup--thread1] INFO  logging.LoggingHandler (AbstractInternalLogger.java:log(148)) - [id: 0x0bc8170e] BIND: 0.0.0.0/0.0.0.0:15042
2023-08-28 09:31:01,481 [760c1559-1b0a-45ac-b6d7-a51714e01488-impl-thread1] INFO  server.RaftServer (RaftServerProxy.java:initGroupDir(258)) - 760c1559-1b0a-45ac-b6d7-a51714e01488: found a subdirectory /home/runner/work/ozone/ozone/hadoop-ozone/integration-test/target/test-dir/MiniOzoneClusterImpl-56d16ed0-cc7e-4f87-bd63-81d84e7eb885/datanode-3/data/ratis/tmp
2023-08-28 09:31:01,482 [760c1559-1b0a-45ac-b6d7-a51714e01488-impl-thread1] INFO  server.RaftServer (RaftServerProxy.java:initGroupDir(263)) - 760c1559-1b0a-45ac-b6d7-a51714e01488: The directory /home/runner/work/ozone/ozone/hadoop-ozone/integration-test/target/test-dir/MiniOzoneClusterImpl-56d16ed0-cc7e-4f87-bd63-81d84e7eb885/datanode-3/data/ratis/tmp is not a group directory; ignoring it. 
2023-08-28 09:31:01,482 [main] INFO  replication.ReplicationServer (ReplicationServer.java:<init>(81)) - Initializing replication server with thread count = 10
2023-08-28 09:31:01,483 [main] INFO  server.XceiverServerGrpc (XceiverServerGrpc.java:<init>(132)) - GrpcServer channel type EpollServerSocketChannel
2023-08-28 09:31:01,485 [main] INFO  replication.ReplicationSupervisor (ReplicationSupervisor.java:build(155)) - Initializing replication supervisor with thread count = 10
2023-08-28 09:31:01,485 [main] INFO  replication.ReplicationSupervisor (ReplicationSupervisor.java:nodeStateUpdated(307)) - Node state updated to IN_SERVICE, scaling executor pool size to 10
2023-08-28 09:31:01,487 [760c1559-1b0a-45ac-b6d7-a51714e01488-NettyServerStreamRpc-bossGroup--thread1] INFO  logging.LoggingHandler (AbstractInternalLogger.java:log(148)) - [id: 0x0bc8170e, L:/0:0:0:0:0:0:0:0:15042] ACTIVE
2023-08-28 09:31:01,488 [main] INFO  http.BaseHttpServer (BaseHttpServer.java:newHttpServer2BuilderForOzone(223)) - Starting Web-server for hddsDatanode at: http://0.0.0.0:15036
2023-08-28 09:31:01,488 [main] INFO  http.BaseHttpServer (BaseHttpServer.java:<init>(110)) - Hadoop Security Enabled: false Ozone Security Enabled: false Ozone HTTP Security Enabled: false 
2023-08-28 09:31:01,491 [main] WARN  server.AuthenticationFilter (AuthenticationFilter.java:constructSecretProvider(240)) - Unable to initialize FileSignerSecretProvider, falling back to use random secrets. Reason: Could not read signature secret file: /home/runner/hadoop-http-auth-signature-secret
2023-08-28 09:31:01,495 [main] INFO  http.HttpRequestLog (HttpRequestLog.java:getRequestLog(86)) - Http request log for http.requests.hddsDatanode is not defined
2023-08-28 09:31:01,496 [main] INFO  http.HttpServer2 (HttpServer2.java:addGlobalFilter(1031)) - Added global filter 'safety' (class=org.apache.hadoop.hdds.server.http.HttpServer2$QuotingInputFilter)
2023-08-28 09:31:01,497 [main] INFO  http.HttpServer2 (HttpServer2.java:addFilter(1007)) - Added filter static_user_filter (class=org.apache.hadoop.http.lib.StaticUserWebFilter$StaticUserFilter) to context hddsDatanode
2023-08-28 09:31:01,498 [main] INFO  http.HttpServer2 (HttpServer2.java:addFilter(1015)) - Added filter static_user_filter (class=org.apache.hadoop.http.lib.StaticUserWebFilter$StaticUserFilter) to context static
2023-08-28 09:31:01,498 [main] INFO  http.HttpServer2 (HttpServer2.java:addFilter(1015)) - Added filter static_user_filter (class=org.apache.hadoop.http.lib.StaticUserWebFilter$StaticUserFilter) to context logs
2023-08-28 09:31:01,498 [main] INFO  http.BaseHttpServer (BaseHttpServer.java:<init>(189)) - HTTP server of hddsDatanode uses base directory /home/runner/work/ozone/ozone/hadoop-ozone/integration-test/target/test-dir/MiniOzoneClusterImpl-56d16ed0-cc7e-4f87-bd63-81d84e7eb885/datanode-3/meta/webserver
2023-08-28 09:31:01,499 [main] INFO  http.HttpServer2 (HttpServer2.java:bindListener(1231)) - Jetty bound to port 15036
2023-08-28 09:31:01,499 [main] INFO  server.Server (Server.java:doStart(375)) - jetty-9.4.51.v20230217; built: 2023-02-17T08:19:37.309Z; git: b45c405e4544384de066f814ed42ae3dceacdd49; jvm 1.8.0_382-b05
2023-08-28 09:31:01,502 [main] INFO  server.session (DefaultSessionIdManager.java:doStart(334)) - DefaultSessionIdManager workerName=node0
2023-08-28 09:31:01,502 [main] INFO  server.session (DefaultSessionIdManager.java:doStart(339)) - No SessionScavenger set, using defaults
2023-08-28 09:31:01,502 [main] INFO  server.session (HouseKeeper.java:startScavenging(132)) - node0 Scavenging every 660000ms
2023-08-28 09:31:01,503 [main] INFO  handler.ContextHandler (ContextHandler.java:doStart(921)) - Started o.e.j.s.ServletContextHandler@671bcc16{logs,/logs,file:///home/runner/work/ozone/ozone/hadoop-ozone/integration-test/target/log,AVAILABLE}
2023-08-28 09:31:01,504 [main] INFO  handler.ContextHandler (ContextHandler.java:doStart(921)) - Started o.e.j.s.ServletContextHandler@59e9d9fa{static,/static,jar:file:/home/runner/.m2/repository/org/apache/ozone/hdds-container-service/1.4.0-SNAPSHOT/hdds-container-service-1.4.0-SNAPSHOT.jar!/webapps/static,AVAILABLE}
2023-08-28 09:31:01,695 [main] INFO  handler.ContextHandler (ContextHandler.java:doStart(921)) - Started o.e.j.w.WebAppContext@20bce25f{hddsDatanode,/,file:///home/runner/work/ozone/ozone/hadoop-ozone/integration-test/target/test-dir/MiniOzoneClusterImpl-56d16ed0-cc7e-4f87-bd63-81d84e7eb885/datanode-3/meta/webserver/jetty-0_0_0_0-15036-hdds-container-service-1_4_0-SNAPSHOT_jar-_-any-5591706606955588914/webapp/,AVAILABLE}{jar:file:/home/runner/.m2/repository/org/apache/ozone/hdds-container-service/1.4.0-SNAPSHOT/hdds-container-service-1.4.0-SNAPSHOT.jar!/webapps/hddsDatanode}
2023-08-28 09:31:01,697 [main] INFO  server.AbstractConnector (AbstractConnector.java:doStart(333)) - Started ServerConnector@434522b7{HTTP/1.1, (http/1.1)}{0.0.0.0:15036}
2023-08-28 09:31:01,697 [main] INFO  server.Server (Server.java:doStart(415)) - Started @10035ms
2023-08-28 09:31:01,697 [main] WARN  impl.MetricsSystemImpl (MetricsSystemImpl.java:register(279)) - Sink prometheus already exists!
2023-08-28 09:31:01,698 [main] INFO  http.BaseHttpServer (BaseHttpServer.java:updateConnectorAddress(354)) - HTTP server of hddsDatanode listening at http://0.0.0.0:15036
2023-08-28 09:31:01,698 [main] INFO  ipc.CallQueueManager (CallQueueManager.java:<init>(90)) - Using callQueue: class java.util.concurrent.LinkedBlockingQueue, queueCapacity: 100, scheduler: class org.apache.hadoop.ipc.DefaultRpcScheduler, ipcBackoff: false.
2023-08-28 09:31:01,699 [main] INFO  ipc.Server (Server.java:<init>(1287)) - Listener at 0.0.0.0:15037
2023-08-28 09:31:01,703 [Socket Reader #1 for port 15037] INFO  ipc.Server (Server.java:run(1323)) - Starting Socket Reader #1 for port 15037
2023-08-28 09:31:01,712 [main] INFO  ozone.HddsDatanodeService (HddsDatanodeService.java:start(315)) - Datanode start with admins: [runner]
2023-08-28 09:31:01,712 [main] INFO  ozone.HddsDatanodeClientProtocolServer (HddsDatanodeClientProtocolServer.java:start(72)) - RPC server for Client /0.0.0.0:15037
2023-08-28 09:31:01,712 [IPC Server Responder] INFO  ipc.Server (Server.java:run(1562)) - IPC Server Responder: starting
2023-08-28 09:31:01,716 [IPC Server listener on 15037] INFO  ipc.Server (Server.java:run(1402)) - IPC Server listener on 15037: starting
2023-08-28 09:31:01,721 [main] WARN  impl.MetricRegistriesImpl (MetricRegistriesImpl.java:addReporterRegistration(111)) - New reporters are added after registries were created. Some metrics will be missing from the reporter. Please add reporter before adding any new registry.
2023-08-28 09:31:01,722 [main] WARN  impl.MetricRegistriesImpl (MetricRegistriesImpl.java:addReporterRegistration(111)) - New reporters are added after registries were created. Some metrics will be missing from the reporter. Please add reporter before adding any new registry.
2023-08-28 09:31:01,722 [main] INFO  impl.MetricsSystemImpl (MetricsSystemImpl.java:init(158)) - HddsDatanode metrics system started (again)
2023-08-28 09:31:01,727 [Datanode State Machine Daemon Thread] INFO  statemachine.DatanodeStateMachine (DatanodeStateMachine.java:lambda$startDaemon$0(538)) - Ozone container server started.
2023-08-28 09:31:01,739 [Datanode State Machine Task Thread - 0] INFO  datanode.InitDatanodeState (InitDatanodeState.java:persistContainerDatanodeDetails(138)) - DatanodeDetails is persisted to /home/runner/work/ozone/ozone/hadoop-ozone/integration-test/target/test-dir/MiniOzoneClusterImpl-56d16ed0-cc7e-4f87-bd63-81d84e7eb885/datanode-3/meta/datanode.id
2023-08-28 09:31:01,745 [main] INFO  ozone.HddsDatanodeService (HddsDatanodeService.java:start(237)) - HddsDatanodeService host:fv-az625-77.ififypym2nee5jib2gmjcfh3fc.bx.internal.cloudapp.net ip:10.1.0.27
2023-08-28 09:31:01,771 [main] INFO  upgrade.AbstractLayoutVersionManager (AbstractLayoutVersionManager.java:init(83)) - Initializing Layout version manager with metadata layout = HADOOP_PRC_PORTS_IN_DATANODEDETAILS (version = 7), software layout = HADOOP_PRC_PORTS_IN_DATANODEDETAILS (version = 7)
2023-08-28 09:31:01,773 [main] INFO  statemachine.DatanodeStateMachine (DatanodeStateMachine.java:getEndPointTaskThreadPoolSize(282)) - Datanode State Machine Task Thread Pool size 2
2023-08-28 09:31:01,781 [main] INFO  volume.HddsVolume (HddsVolume.java:<init>(126)) - Creating HddsVolume: /home/runner/work/ozone/ozone/hadoop-ozone/integration-test/target/test-dir/MiniOzoneClusterImpl-56d16ed0-cc7e-4f87-bd63-81d84e7eb885/datanode-4/data-0/containers/hdds of storage type : DISK capacity : 9223372036854775807
2023-08-28 09:31:01,781 [main] INFO  volume.MutableVolumeSet (MutableVolumeSet.java:initializeVolumeSet(173)) - Added Volume : /home/runner/work/ozone/ozone/hadoop-ozone/integration-test/target/test-dir/MiniOzoneClusterImpl-56d16ed0-cc7e-4f87-bd63-81d84e7eb885/datanode-4/data-0/containers/hdds to VolumeSet
2023-08-28 09:31:01,783 [main] INFO  volume.MutableVolumeSet (MutableVolumeSet.java:initializeVolumeSet(173)) - Added Volume : /home/runner/work/ozone/ozone/hadoop-ozone/integration-test/target/test-dir/MiniOzoneClusterImpl-56d16ed0-cc7e-4f87-bd63-81d84e7eb885/datanode-4/data/ratis to VolumeSet
2023-08-28 09:31:01,784 [Thread-210] INFO  ozoneimpl.ContainerReader (ContainerReader.java:readVolume(177)) - Finish verifying containers on volume /home/runner/work/ozone/ozone/hadoop-ozone/integration-test/target/test-dir/MiniOzoneClusterImpl-56d16ed0-cc7e-4f87-bd63-81d84e7eb885/datanode-4/data-0/containers/hdds
2023-08-28 09:31:01,784 [main] INFO  ozoneimpl.OzoneContainer (OzoneContainer.java:buildContainerSet(314)) - Build ContainerSet costs 0s
2023-08-28 09:31:01,792 [main] INFO  server.RaftServer (ConfUtils.java:logGet(46)) - raft.rpc.type = GRPC (default)
2023-08-28 09:31:01,793 [main] INFO  grpc.GrpcConfigKeys (ConfUtils.java:logFallback(53)) - raft.grpc.admin.host = null (fallback to raft.grpc.server.host)
2023-08-28 09:31:01,793 [main] INFO  grpc.GrpcConfigKeys (ConfUtils.java:logGet(46)) - raft.grpc.admin.port = 15049 (custom)
2023-08-28 09:31:01,793 [main] INFO  grpc.GrpcConfigKeys (ConfUtils.java:logFallback(53)) - raft.grpc.client.host = null (fallback to raft.grpc.server.host)
2023-08-28 09:31:01,794 [main] INFO  grpc.GrpcConfigKeys (ConfUtils.java:logGet(46)) - raft.grpc.client.port = 15048 (custom)
2023-08-28 09:31:01,795 [main] INFO  grpc.GrpcConfigKeys (ConfUtils.java:logGet(46)) - raft.grpc.server.host = null (default)
2023-08-28 09:31:01,795 [main] INFO  grpc.GrpcConfigKeys (ConfUtils.java:logGet(46)) - raft.grpc.server.port = 15050 (custom)
2023-08-28 09:31:01,795 [main] INFO  server.GrpcService (ConfUtils.java:logGet(46)) - raft.grpc.message.size.max = 32MB (=33554432) (custom)
2023-08-28 09:31:01,795 [main] INFO  server.RaftServerConfigKeys (ConfUtils.java:logGet(46)) - raft.server.log.appender.buffer.byte-limit = 33554432 (custom)
2023-08-28 09:31:01,795 [main] INFO  server.GrpcService (ConfUtils.java:logGet(46)) - raft.grpc.flow.control.window = 5MB (=5242880) (custom)
2023-08-28 09:31:01,795 [main] INFO  server.RaftServerConfigKeys (ConfUtils.java:logGet(46)) - raft.server.rpc.request.timeout = 60s (custom)
2023-08-28 09:31:01,795 [main] INFO  grpc.GrpcConfigKeys (ConfUtils.java:logGet(46)) - raft.grpc.server.heartbeat.channel = true (default)
2023-08-28 09:31:01,795 [main] INFO  grpc.GrpcConfigKeys (ConfUtils.java:logGet(46)) - raft.grpc.server.async.request.thread.pool.cached = true (default)
2023-08-28 09:31:01,796 [main] INFO  grpc.GrpcConfigKeys (ConfUtils.java:logGet(46)) - raft.grpc.server.async.request.thread.pool.size = 32 (default)
2023-08-28 09:31:01,800 [main] INFO  impl.DataStreamServerImpl (ConfUtils.java:logGet(46)) - raft.datastream.type = NETTY (custom)
2023-08-28 09:31:01,800 [main] INFO  server.RaftServerConfigKeys (ConfUtils.java:logGet(46)) - raft.server.data-stream.async.request.thread.pool.cached = false (default)
2023-08-28 09:31:01,801 [main] INFO  server.RaftServerConfigKeys (ConfUtils.java:logGet(46)) - raft.server.data-stream.async.request.thread.pool.size = 20 (custom)
2023-08-28 09:31:01,801 [main] INFO  server.RaftServerConfigKeys (ConfUtils.java:logGet(46)) - raft.server.data-stream.async.write.thread.pool.size = 16 (default)
2023-08-28 09:31:01,801 [main] INFO  server.RaftServerConfigKeys (ConfUtils.java:logGet(46)) - raft.server.data-stream.client.pool.size = 10 (default)
2023-08-28 09:31:01,801 [main] INFO  netty.NettyConfigKeys$DataStream (ConfUtils.java:logGet(46)) - raft.netty.dataStream.server.use-epoll = false (default)
2023-08-28 09:31:01,801 [main] INFO  netty.NettyConfigKeys$DataStream (ConfUtils.java:logGet(46)) - raft.netty.dataStream.server.boss-group.size = 0 (default)
2023-08-28 09:31:01,802 [main] INFO  netty.NettyConfigKeys$DataStream (ConfUtils.java:logGet(46)) - raft.netty.dataStream.server.worker-group.size = 0 (default)
2023-08-28 09:31:01,803 [main] INFO  netty.NettyConfigKeys$DataStream (ConfUtils.java:logGet(46)) - raft.netty.dataStream.server.tls.conf = null (default)
2023-08-28 09:31:01,803 [main] INFO  netty.NettyConfigKeys$DataStream (ConfUtils.java:logGet(46)) - raft.netty.dataStream.host = null (default)
2023-08-28 09:31:01,803 [main] INFO  netty.NettyConfigKeys$DataStream (ConfUtils.java:logGet(46)) - raft.netty.dataStream.port = 15051 (custom)
2023-08-28 09:31:01,804 [main] INFO  server.RaftServerConfigKeys (ConfUtils.java:logGet(46)) - raft.server.threadpool.proxy.cached = true (default)
2023-08-28 09:31:01,804 [main] INFO  server.RaftServerConfigKeys (ConfUtils.java:logGet(46)) - raft.server.threadpool.proxy.size = 0 (default)
2023-08-28 09:31:01,804 [main] INFO  server.RaftServerConfigKeys (ConfUtils.java:logGet(46)) - raft.server.rpc.slowness.timeout = 300s (custom)
2023-08-28 09:31:01,804 [main] INFO  server.RaftServerConfigKeys (ConfUtils.java:logGet(46)) - raft.server.leaderelection.leader.step-down.wait-time = 10s (default)
2023-08-28 09:31:01,805 [main] INFO  server.RaftServerConfigKeys (ConfUtils.java:logGet(46)) - raft.server.storage.dir = [/home/runner/work/ozone/ozone/hadoop-ozone/integration-test/target/test-dir/MiniOzoneClusterImpl-56d16ed0-cc7e-4f87-bd63-81d84e7eb885/datanode-4/data/ratis] (custom)
2023-08-28 09:31:01,805 [c87c8152-e9d9-48d7-ae39-d5d54b797c29-impl-thread1] INFO  server.RaftServer (RaftServerProxy.java:initGroupDir(258)) - c87c8152-e9d9-48d7-ae39-d5d54b797c29: found a subdirectory /home/runner/work/ozone/ozone/hadoop-ozone/integration-test/target/test-dir/MiniOzoneClusterImpl-56d16ed0-cc7e-4f87-bd63-81d84e7eb885/datanode-4/data/ratis/tmp
2023-08-28 09:31:01,805 [c87c8152-e9d9-48d7-ae39-d5d54b797c29-impl-thread1] INFO  server.RaftServer (RaftServerProxy.java:initGroupDir(263)) - c87c8152-e9d9-48d7-ae39-d5d54b797c29: The directory /home/runner/work/ozone/ozone/hadoop-ozone/integration-test/target/test-dir/MiniOzoneClusterImpl-56d16ed0-cc7e-4f87-bd63-81d84e7eb885/datanode-4/data/ratis/tmp is not a group directory; ignoring it. 
2023-08-28 09:31:01,805 [main] INFO  replication.ReplicationServer (ReplicationServer.java:<init>(81)) - Initializing replication server with thread count = 10
2023-08-28 09:31:01,807 [main] INFO  server.XceiverServerGrpc (XceiverServerGrpc.java:<init>(132)) - GrpcServer channel type EpollServerSocketChannel
2023-08-28 09:31:01,813 [main] INFO  replication.ReplicationSupervisor (ReplicationSupervisor.java:build(155)) - Initializing replication supervisor with thread count = 10
2023-08-28 09:31:01,813 [main] INFO  replication.ReplicationSupervisor (ReplicationSupervisor.java:nodeStateUpdated(307)) - Node state updated to IN_SERVICE, scaling executor pool size to 10
2023-08-28 09:31:01,820 [c87c8152-e9d9-48d7-ae39-d5d54b797c29-NettyServerStreamRpc-bossGroup--thread1] INFO  logging.LoggingHandler (AbstractInternalLogger.java:log(148)) - [id: 0x29f2aa1e] REGISTERED
2023-08-28 09:31:01,820 [c87c8152-e9d9-48d7-ae39-d5d54b797c29-NettyServerStreamRpc-bossGroup--thread1] INFO  logging.LoggingHandler (AbstractInternalLogger.java:log(148)) - [id: 0x29f2aa1e] BIND: 0.0.0.0/0.0.0.0:15051
2023-08-28 09:31:01,820 [c87c8152-e9d9-48d7-ae39-d5d54b797c29-NettyServerStreamRpc-bossGroup--thread1] INFO  logging.LoggingHandler (AbstractInternalLogger.java:log(148)) - [id: 0x29f2aa1e, L:/0:0:0:0:0:0:0:0:15051] ACTIVE
2023-08-28 09:31:01,826 [main] INFO  http.BaseHttpServer (BaseHttpServer.java:newHttpServer2BuilderForOzone(223)) - Starting Web-server for hddsDatanode at: http://0.0.0.0:15045
2023-08-28 09:31:01,826 [main] INFO  http.BaseHttpServer (BaseHttpServer.java:<init>(110)) - Hadoop Security Enabled: false Ozone Security Enabled: false Ozone HTTP Security Enabled: false 
2023-08-28 09:31:01,828 [main] WARN  server.AuthenticationFilter (AuthenticationFilter.java:constructSecretProvider(240)) - Unable to initialize FileSignerSecretProvider, falling back to use random secrets. Reason: Could not read signature secret file: /home/runner/hadoop-http-auth-signature-secret
2023-08-28 09:31:01,830 [main] INFO  http.HttpRequestLog (HttpRequestLog.java:getRequestLog(86)) - Http request log for http.requests.hddsDatanode is not defined
2023-08-28 09:31:01,831 [main] INFO  http.HttpServer2 (HttpServer2.java:addGlobalFilter(1031)) - Added global filter 'safety' (class=org.apache.hadoop.hdds.server.http.HttpServer2$QuotingInputFilter)
2023-08-28 09:31:01,833 [main] INFO  http.HttpServer2 (HttpServer2.java:addFilter(1007)) - Added filter static_user_filter (class=org.apache.hadoop.http.lib.StaticUserWebFilter$StaticUserFilter) to context hddsDatanode
2023-08-28 09:31:01,834 [main] INFO  http.HttpServer2 (HttpServer2.java:addFilter(1015)) - Added filter static_user_filter (class=org.apache.hadoop.http.lib.StaticUserWebFilter$StaticUserFilter) to context logs
2023-08-28 09:31:01,834 [main] INFO  http.HttpServer2 (HttpServer2.java:addFilter(1015)) - Added filter static_user_filter (class=org.apache.hadoop.http.lib.StaticUserWebFilter$StaticUserFilter) to context static
2023-08-28 09:31:01,835 [main] INFO  http.BaseHttpServer (BaseHttpServer.java:<init>(189)) - HTTP server of hddsDatanode uses base directory /home/runner/work/ozone/ozone/hadoop-ozone/integration-test/target/test-dir/MiniOzoneClusterImpl-56d16ed0-cc7e-4f87-bd63-81d84e7eb885/datanode-4/meta/webserver
2023-08-28 09:31:01,835 [main] INFO  http.HttpServer2 (HttpServer2.java:bindListener(1231)) - Jetty bound to port 15045
2023-08-28 09:31:01,835 [main] INFO  server.Server (Server.java:doStart(375)) - jetty-9.4.51.v20230217; built: 2023-02-17T08:19:37.309Z; git: b45c405e4544384de066f814ed42ae3dceacdd49; jvm 1.8.0_382-b05
2023-08-28 09:31:01,837 [main] INFO  server.session (DefaultSessionIdManager.java:doStart(334)) - DefaultSessionIdManager workerName=node0
2023-08-28 09:31:01,837 [main] INFO  server.session (DefaultSessionIdManager.java:doStart(339)) - No SessionScavenger set, using defaults
2023-08-28 09:31:01,837 [main] INFO  server.session (HouseKeeper.java:startScavenging(132)) - node0 Scavenging every 600000ms
2023-08-28 09:31:01,838 [main] INFO  handler.ContextHandler (ContextHandler.java:doStart(921)) - Started o.e.j.s.ServletContextHandler@14c259a2{logs,/logs,file:///home/runner/work/ozone/ozone/hadoop-ozone/integration-test/target/log,AVAILABLE}
2023-08-28 09:31:01,839 [main] INFO  handler.ContextHandler (ContextHandler.java:doStart(921)) - Started o.e.j.s.ServletContextHandler@627b6b54{static,/static,jar:file:/home/runner/.m2/repository/org/apache/ozone/hdds-container-service/1.4.0-SNAPSHOT/hdds-container-service-1.4.0-SNAPSHOT.jar!/webapps/static,AVAILABLE}
2023-08-28 09:31:02,040 [main] INFO  handler.ContextHandler (ContextHandler.java:doStart(921)) - Started o.e.j.w.WebAppContext@2dfb9368{hddsDatanode,/,file:///home/runner/work/ozone/ozone/hadoop-ozone/integration-test/target/test-dir/MiniOzoneClusterImpl-56d16ed0-cc7e-4f87-bd63-81d84e7eb885/datanode-4/meta/webserver/jetty-0_0_0_0-15045-hdds-container-service-1_4_0-SNAPSHOT_jar-_-any-2067943280915795277/webapp/,AVAILABLE}{jar:file:/home/runner/.m2/repository/org/apache/ozone/hdds-container-service/1.4.0-SNAPSHOT/hdds-container-service-1.4.0-SNAPSHOT.jar!/webapps/hddsDatanode}
2023-08-28 09:31:02,041 [main] INFO  server.AbstractConnector (AbstractConnector.java:doStart(333)) - Started ServerConnector@6a820abf{HTTP/1.1, (http/1.1)}{0.0.0.0:15045}
2023-08-28 09:31:02,042 [main] INFO  server.Server (Server.java:doStart(415)) - Started @10379ms
2023-08-28 09:31:02,042 [main] WARN  impl.MetricsSystemImpl (MetricsSystemImpl.java:register(279)) - Sink prometheus already exists!
2023-08-28 09:31:02,043 [main] INFO  http.BaseHttpServer (BaseHttpServer.java:updateConnectorAddress(354)) - HTTP server of hddsDatanode listening at http://0.0.0.0:15045
2023-08-28 09:31:02,043 [main] INFO  ipc.CallQueueManager (CallQueueManager.java:<init>(90)) - Using callQueue: class java.util.concurrent.LinkedBlockingQueue, queueCapacity: 100, scheduler: class org.apache.hadoop.ipc.DefaultRpcScheduler, ipcBackoff: false.
2023-08-28 09:31:02,044 [main] INFO  ipc.Server (Server.java:<init>(1287)) - Listener at 0.0.0.0:15046
2023-08-28 09:31:02,045 [Socket Reader #1 for port 15046] INFO  ipc.Server (Server.java:run(1323)) - Starting Socket Reader #1 for port 15046
2023-08-28 09:31:02,053 [main] INFO  ozone.HddsDatanodeService (HddsDatanodeService.java:start(315)) - Datanode start with admins: [runner]
2023-08-28 09:31:02,053 [main] INFO  ozone.HddsDatanodeClientProtocolServer (HddsDatanodeClientProtocolServer.java:start(72)) - RPC server for Client /0.0.0.0:15046
2023-08-28 09:31:02,054 [IPC Server Responder] INFO  ipc.Server (Server.java:run(1562)) - IPC Server Responder: starting
2023-08-28 09:31:02,056 [Datanode State Machine Daemon Thread] INFO  statemachine.DatanodeStateMachine (DatanodeStateMachine.java:lambda$startDaemon$0(538)) - Ozone container server started.
2023-08-28 09:31:02,057 [main] INFO  ozone.MiniOzoneClusterImpl (MiniOzoneClusterImpl.java:lambda$waitForClusterToBeReady$0(224)) - Waiting for nodes to be ready. Got 0 of 5 DN Heartbeats.
2023-08-28 09:31:02,058 [main] INFO  ozone.MiniOzoneClusterImpl (MiniOzoneClusterImpl.java:lambda$waitForClusterToBeReady$0(227)) - Waiting for cluster to exit safe mode
2023-08-28 09:31:02,058 [main] INFO  ozone.MiniOzoneClusterImpl (MiniOzoneClusterImpl.java:lambda$waitForClusterToBeReady$0(229)) - SCM became leader
2023-08-28 09:31:02,057 [IPC Server listener on 15046] INFO  ipc.Server (Server.java:run(1402)) - IPC Server listener on 15046: starting
2023-08-28 09:31:02,070 [Datanode State Machine Task Thread - 0] INFO  datanode.InitDatanodeState (InitDatanodeState.java:persistContainerDatanodeDetails(138)) - DatanodeDetails is persisted to /home/runner/work/ozone/ozone/hadoop-ozone/integration-test/target/test-dir/MiniOzoneClusterImpl-56d16ed0-cc7e-4f87-bd63-81d84e7eb885/datanode-4/meta/datanode.id
2023-08-28 09:31:02,582 [EndpointStateMachine task thread for /0.0.0.0:15002 - 0 ] INFO  utils.DatanodeStoreCache (DatanodeStoreCache.java:addDB(66)) - Added db /home/runner/work/ozone/ozone/hadoop-ozone/integration-test/target/test-dir/MiniOzoneClusterImpl-56d16ed0-cc7e-4f87-bd63-81d84e7eb885/datanode-0/data-0/containers/hdds/56d16ed0-cc7e-4f87-bd63-81d84e7eb885/DS-2b1a36a4-64dd-439b-8216-ae5c7e290e83/container.db to cache
2023-08-28 09:31:02,582 [EndpointStateMachine task thread for /0.0.0.0:15002 - 0 ] INFO  volume.HddsVolume (HddsVolume.java:createDbStore(422)) - SchemaV3 db is created and loaded at /home/runner/work/ozone/ozone/hadoop-ozone/integration-test/target/test-dir/MiniOzoneClusterImpl-56d16ed0-cc7e-4f87-bd63-81d84e7eb885/datanode-0/data-0/containers/hdds/56d16ed0-cc7e-4f87-bd63-81d84e7eb885/DS-2b1a36a4-64dd-439b-8216-ae5c7e290e83/container.db for volume DS-2b1a36a4-64dd-439b-8216-ae5c7e290e83
2023-08-28 09:31:02,586 [EndpointStateMachine task thread for /0.0.0.0:15002 - 0 ] INFO  volume.ThrottledAsyncChecker (ThrottledAsyncChecker.java:schedule(141)) - Scheduling a check for /home/runner/work/ozone/ozone/hadoop-ozone/integration-test/target/test-dir/MiniOzoneClusterImpl-56d16ed0-cc7e-4f87-bd63-81d84e7eb885/datanode-0/data-0/containers/hdds
2023-08-28 09:31:02,607 [EndpointStateMachine task thread for /0.0.0.0:15002 - 0 ] INFO  volume.StorageVolumeChecker (StorageVolumeChecker.java:checkAllVolumes(213)) - Scheduled health check for volume /home/runner/work/ozone/ozone/hadoop-ozone/integration-test/target/test-dir/MiniOzoneClusterImpl-56d16ed0-cc7e-4f87-bd63-81d84e7eb885/datanode-0/data-0/containers/hdds
2023-08-28 09:31:02,610 [EndpointStateMachine task thread for /0.0.0.0:15002 - 0 ] INFO  volume.ThrottledAsyncChecker (ThrottledAsyncChecker.java:schedule(141)) - Scheduling a check for /home/runner/work/ozone/ozone/hadoop-ozone/integration-test/target/test-dir/MiniOzoneClusterImpl-56d16ed0-cc7e-4f87-bd63-81d84e7eb885/datanode-0/data/ratis
2023-08-28 09:31:02,611 [EndpointStateMachine task thread for /0.0.0.0:15002 - 0 ] INFO  volume.StorageVolumeChecker (StorageVolumeChecker.java:checkAllVolumes(213)) - Scheduled health check for volume /home/runner/work/ozone/ozone/hadoop-ozone/integration-test/target/test-dir/MiniOzoneClusterImpl-56d16ed0-cc7e-4f87-bd63-81d84e7eb885/datanode-0/data/ratis
2023-08-28 09:31:02,613 [EndpointStateMachine task thread for /0.0.0.0:15002 - 0 ] INFO  ozoneimpl.OzoneContainer (OzoneContainer.java:start(429)) - Attempting to start container services.
2023-08-28 09:31:02,615 [EndpointStateMachine task thread for /0.0.0.0:15002 - 0 ] INFO  ozoneimpl.OzoneContainer (OzoneContainer.java:startContainerScrub(325)) - Scheduled background container scanners and the on-demand container scanner have been disabled.
2023-08-28 09:31:02,617 [EndpointStateMachine task thread for /0.0.0.0:15002 - 0 ] INFO  replication.ReplicationServer (ReplicationServer.java:start(130)) - ReplicationServer is started using port 15016
2023-08-28 09:31:02,617 [EndpointStateMachine task thread for /0.0.0.0:15002 - 0 ] INFO  ratis.XceiverServerRatis (XceiverServerRatis.java:start(517)) - Starting XceiverServerRatis 2b44ba7e-4447-49ac-8e23-11440ea2d57e
2023-08-28 09:31:02,620 [EndpointStateMachine task thread for /0.0.0.0:15002 - 0 ] INFO  server.RaftServer (RaftServerProxy.java:startImpl(400)) - 2b44ba7e-4447-49ac-8e23-11440ea2d57e: start RPC server
2023-08-28 09:31:02,622 [EndpointStateMachine task thread for /0.0.0.0:15002 - 0 ] INFO  server.GrpcService (GrpcService.java:startImpl(302)) - 2b44ba7e-4447-49ac-8e23-11440ea2d57e: GrpcService started, listening on 15012
2023-08-28 09:31:02,624 [EndpointStateMachine task thread for /0.0.0.0:15002 - 0 ] INFO  server.GrpcService (GrpcService.java:startImpl(302)) - 2b44ba7e-4447-49ac-8e23-11440ea2d57e: GrpcService started, listening on 15014
2023-08-28 09:31:02,626 [EndpointStateMachine task thread for /0.0.0.0:15002 - 0 ] INFO  server.GrpcService (GrpcService.java:startImpl(302)) - 2b44ba7e-4447-49ac-8e23-11440ea2d57e: GrpcService started, listening on 15013
2023-08-28 09:31:02,626 [EndpointStateMachine task thread for /0.0.0.0:15002 - 0 ] INFO  ratis.XceiverServerRatis (XceiverServerRatis.java:getRealPort(543)) - XceiverServerRatis 2b44ba7e-4447-49ac-8e23-11440ea2d57e is started using port 15012 for RATIS
2023-08-28 09:31:02,626 [EndpointStateMachine task thread for /0.0.0.0:15002 - 0 ] INFO  ratis.XceiverServerRatis (XceiverServerRatis.java:getRealPort(543)) - XceiverServerRatis 2b44ba7e-4447-49ac-8e23-11440ea2d57e is started using port 15013 for RATIS_ADMIN
2023-08-28 09:31:02,626 [EndpointStateMachine task thread for /0.0.0.0:15002 - 0 ] INFO  ratis.XceiverServerRatis (XceiverServerRatis.java:getRealPort(543)) - XceiverServerRatis 2b44ba7e-4447-49ac-8e23-11440ea2d57e is started using port 15014 for RATIS_SERVER
2023-08-28 09:31:02,626 [EndpointStateMachine task thread for /0.0.0.0:15002 - 0 ] INFO  ratis.XceiverServerRatis (XceiverServerRatis.java:getRealPort(543)) - XceiverServerRatis 2b44ba7e-4447-49ac-8e23-11440ea2d57e is started using port 15015 for RATIS_DATASTREAM
2023-08-28 09:31:02,626 [JvmPauseMonitor2] INFO  util.JvmPauseMonitor (JvmPauseMonitor.java:run(103)) - JvmPauseMonitor-2b44ba7e-4447-49ac-8e23-11440ea2d57e: Started
2023-08-28 09:31:02,636 [BlockDeletingService#0] INFO  interfaces.ContainerDeletionChoosingPolicyTemplate (ContainerDeletionChoosingPolicyTemplate.java:chooseContainerForBlockDeletion(85)) - Chosen 0/5000 blocks from 0 candidate containers.
2023-08-28 09:31:03,059 [main] INFO  ozone.MiniOzoneClusterImpl (MiniOzoneClusterImpl.java:lambda$waitForClusterToBeReady$0(224)) - Waiting for nodes to be ready. Got 0 of 5 DN Heartbeats.
2023-08-28 09:31:03,059 [main] INFO  ozone.MiniOzoneClusterImpl (MiniOzoneClusterImpl.java:lambda$waitForClusterToBeReady$0(227)) - Waiting for cluster to exit safe mode
2023-08-28 09:31:03,059 [main] INFO  ozone.MiniOzoneClusterImpl (MiniOzoneClusterImpl.java:lambda$waitForClusterToBeReady$0(229)) - SCM became leader
2023-08-28 09:31:03,094 [EndpointStateMachine task thread for /0.0.0.0:15002 - 0 ] INFO  utils.DatanodeStoreCache (DatanodeStoreCache.java:addDB(66)) - Added db /home/runner/work/ozone/ozone/hadoop-ozone/integration-test/target/test-dir/MiniOzoneClusterImpl-56d16ed0-cc7e-4f87-bd63-81d84e7eb885/datanode-1/data-0/containers/hdds/56d16ed0-cc7e-4f87-bd63-81d84e7eb885/DS-627a71b4-1133-4a29-b150-6529e7cd53e9/container.db to cache
2023-08-28 09:31:03,094 [EndpointStateMachine task thread for /0.0.0.0:15002 - 0 ] INFO  volume.HddsVolume (HddsVolume.java:createDbStore(422)) - SchemaV3 db is created and loaded at /home/runner/work/ozone/ozone/hadoop-ozone/integration-test/target/test-dir/MiniOzoneClusterImpl-56d16ed0-cc7e-4f87-bd63-81d84e7eb885/datanode-1/data-0/containers/hdds/56d16ed0-cc7e-4f87-bd63-81d84e7eb885/DS-627a71b4-1133-4a29-b150-6529e7cd53e9/container.db for volume DS-627a71b4-1133-4a29-b150-6529e7cd53e9
2023-08-28 09:31:03,097 [EndpointStateMachine task thread for /0.0.0.0:15002 - 0 ] INFO  volume.ThrottledAsyncChecker (ThrottledAsyncChecker.java:schedule(141)) - Scheduling a check for /home/runner/work/ozone/ozone/hadoop-ozone/integration-test/target/test-dir/MiniOzoneClusterImpl-56d16ed0-cc7e-4f87-bd63-81d84e7eb885/datanode-1/data-0/containers/hdds
2023-08-28 09:31:03,099 [EndpointStateMachine task thread for /0.0.0.0:15002 - 0 ] INFO  volume.StorageVolumeChecker (StorageVolumeChecker.java:checkAllVolumes(213)) - Scheduled health check for volume /home/runner/work/ozone/ozone/hadoop-ozone/integration-test/target/test-dir/MiniOzoneClusterImpl-56d16ed0-cc7e-4f87-bd63-81d84e7eb885/datanode-1/data-0/containers/hdds
2023-08-28 09:31:03,104 [EndpointStateMachine task thread for /0.0.0.0:15002 - 0 ] INFO  volume.ThrottledAsyncChecker (ThrottledAsyncChecker.java:schedule(141)) - Scheduling a check for /home/runner/work/ozone/ozone/hadoop-ozone/integration-test/target/test-dir/MiniOzoneClusterImpl-56d16ed0-cc7e-4f87-bd63-81d84e7eb885/datanode-1/data/ratis
2023-08-28 09:31:03,104 [EndpointStateMachine task thread for /0.0.0.0:15002 - 0 ] INFO  volume.StorageVolumeChecker (StorageVolumeChecker.java:checkAllVolumes(213)) - Scheduled health check for volume /home/runner/work/ozone/ozone/hadoop-ozone/integration-test/target/test-dir/MiniOzoneClusterImpl-56d16ed0-cc7e-4f87-bd63-81d84e7eb885/datanode-1/data/ratis
2023-08-28 09:31:03,105 [EndpointStateMachine task thread for /0.0.0.0:15002 - 0 ] INFO  ozoneimpl.OzoneContainer (OzoneContainer.java:start(429)) - Attempting to start container services.
2023-08-28 09:31:03,106 [EndpointStateMachine task thread for /0.0.0.0:15002 - 0 ] INFO  ozoneimpl.OzoneContainer (OzoneContainer.java:startContainerScrub(325)) - Scheduled background container scanners and the on-demand container scanner have been disabled.
2023-08-28 09:31:03,108 [EndpointStateMachine task thread for /0.0.0.0:15002 - 0 ] INFO  replication.ReplicationServer (ReplicationServer.java:start(130)) - ReplicationServer is started using port 15025
2023-08-28 09:31:03,108 [EndpointStateMachine task thread for /0.0.0.0:15002 - 0 ] INFO  ratis.XceiverServerRatis (XceiverServerRatis.java:start(517)) - Starting XceiverServerRatis dcc8ddaa-5db1-4c5e-85ac-81412a5c6050
2023-08-28 09:31:03,109 [EndpointStateMachine task thread for /0.0.0.0:15002 - 0 ] INFO  server.RaftServer (RaftServerProxy.java:startImpl(400)) - dcc8ddaa-5db1-4c5e-85ac-81412a5c6050: start RPC server
2023-08-28 09:31:03,111 [EndpointStateMachine task thread for /0.0.0.0:15002 - 0 ] INFO  server.GrpcService (GrpcService.java:startImpl(302)) - dcc8ddaa-5db1-4c5e-85ac-81412a5c6050: GrpcService started, listening on 15021
2023-08-28 09:31:03,112 [EndpointStateMachine task thread for /0.0.0.0:15002 - 0 ] INFO  server.GrpcService (GrpcService.java:startImpl(302)) - dcc8ddaa-5db1-4c5e-85ac-81412a5c6050: GrpcService started, listening on 15023
2023-08-28 09:31:03,114 [EndpointStateMachine task thread for /0.0.0.0:15002 - 0 ] INFO  server.GrpcService (GrpcService.java:startImpl(302)) - dcc8ddaa-5db1-4c5e-85ac-81412a5c6050: GrpcService started, listening on 15022
2023-08-28 09:31:03,115 [EndpointStateMachine task thread for /0.0.0.0:15002 - 0 ] INFO  ratis.XceiverServerRatis (XceiverServerRatis.java:getRealPort(543)) - XceiverServerRatis dcc8ddaa-5db1-4c5e-85ac-81412a5c6050 is started using port 15021 for RATIS
2023-08-28 09:31:03,115 [EndpointStateMachine task thread for /0.0.0.0:15002 - 0 ] INFO  ratis.XceiverServerRatis (XceiverServerRatis.java:getRealPort(543)) - XceiverServerRatis dcc8ddaa-5db1-4c5e-85ac-81412a5c6050 is started using port 15022 for RATIS_ADMIN
2023-08-28 09:31:03,115 [JvmPauseMonitor3] INFO  util.JvmPauseMonitor (JvmPauseMonitor.java:run(103)) - JvmPauseMonitor-dcc8ddaa-5db1-4c5e-85ac-81412a5c6050: Started
2023-08-28 09:31:03,115 [EndpointStateMachine task thread for /0.0.0.0:15002 - 0 ] INFO  ratis.XceiverServerRatis (XceiverServerRatis.java:getRealPort(543)) - XceiverServerRatis dcc8ddaa-5db1-4c5e-85ac-81412a5c6050 is started using port 15023 for RATIS_SERVER
2023-08-28 09:31:03,116 [EndpointStateMachine task thread for /0.0.0.0:15002 - 0 ] INFO  ratis.XceiverServerRatis (XceiverServerRatis.java:getRealPort(543)) - XceiverServerRatis dcc8ddaa-5db1-4c5e-85ac-81412a5c6050 is started using port 15024 for RATIS_DATASTREAM
2023-08-28 09:31:03,124 [BlockDeletingService#0] INFO  interfaces.ContainerDeletionChoosingPolicyTemplate (ContainerDeletionChoosingPolicyTemplate.java:chooseContainerForBlockDeletion(85)) - Chosen 0/5000 blocks from 0 candidate containers.
2023-08-28 09:31:03,455 [EndpointStateMachine task thread for /0.0.0.0:15002 - 0 ] INFO  utils.DatanodeStoreCache (DatanodeStoreCache.java:addDB(66)) - Added db /home/runner/work/ozone/ozone/hadoop-ozone/integration-test/target/test-dir/MiniOzoneClusterImpl-56d16ed0-cc7e-4f87-bd63-81d84e7eb885/datanode-2/data-0/containers/hdds/56d16ed0-cc7e-4f87-bd63-81d84e7eb885/DS-165332e8-e0a6-43a0-937b-980f3e1b6dc9/container.db to cache
2023-08-28 09:31:03,455 [EndpointStateMachine task thread for /0.0.0.0:15002 - 0 ] INFO  volume.HddsVolume (HddsVolume.java:createDbStore(422)) - SchemaV3 db is created and loaded at /home/runner/work/ozone/ozone/hadoop-ozone/integration-test/target/test-dir/MiniOzoneClusterImpl-56d16ed0-cc7e-4f87-bd63-81d84e7eb885/datanode-2/data-0/containers/hdds/56d16ed0-cc7e-4f87-bd63-81d84e7eb885/DS-165332e8-e0a6-43a0-937b-980f3e1b6dc9/container.db for volume DS-165332e8-e0a6-43a0-937b-980f3e1b6dc9
2023-08-28 09:31:03,457 [EndpointStateMachine task thread for /0.0.0.0:15002 - 0 ] INFO  volume.ThrottledAsyncChecker (ThrottledAsyncChecker.java:schedule(141)) - Scheduling a check for /home/runner/work/ozone/ozone/hadoop-ozone/integration-test/target/test-dir/MiniOzoneClusterImpl-56d16ed0-cc7e-4f87-bd63-81d84e7eb885/datanode-2/data-0/containers/hdds
2023-08-28 09:31:03,458 [EndpointStateMachine task thread for /0.0.0.0:15002 - 0 ] INFO  volume.StorageVolumeChecker (StorageVolumeChecker.java:checkAllVolumes(213)) - Scheduled health check for volume /home/runner/work/ozone/ozone/hadoop-ozone/integration-test/target/test-dir/MiniOzoneClusterImpl-56d16ed0-cc7e-4f87-bd63-81d84e7eb885/datanode-2/data-0/containers/hdds
2023-08-28 09:31:03,461 [EndpointStateMachine task thread for /0.0.0.0:15002 - 0 ] INFO  volume.ThrottledAsyncChecker (ThrottledAsyncChecker.java:schedule(141)) - Scheduling a check for /home/runner/work/ozone/ozone/hadoop-ozone/integration-test/target/test-dir/MiniOzoneClusterImpl-56d16ed0-cc7e-4f87-bd63-81d84e7eb885/datanode-2/data/ratis
2023-08-28 09:31:03,461 [EndpointStateMachine task thread for /0.0.0.0:15002 - 0 ] INFO  volume.StorageVolumeChecker (StorageVolumeChecker.java:checkAllVolumes(213)) - Scheduled health check for volume /home/runner/work/ozone/ozone/hadoop-ozone/integration-test/target/test-dir/MiniOzoneClusterImpl-56d16ed0-cc7e-4f87-bd63-81d84e7eb885/datanode-2/data/ratis
2023-08-28 09:31:03,462 [EndpointStateMachine task thread for /0.0.0.0:15002 - 0 ] INFO  ozoneimpl.OzoneContainer (OzoneContainer.java:start(429)) - Attempting to start container services.
2023-08-28 09:31:03,462 [EndpointStateMachine task thread for /0.0.0.0:15002 - 0 ] INFO  ozoneimpl.OzoneContainer (OzoneContainer.java:startContainerScrub(325)) - Scheduled background container scanners and the on-demand container scanner have been disabled.
2023-08-28 09:31:03,465 [EndpointStateMachine task thread for /0.0.0.0:15002 - 0 ] INFO  replication.ReplicationServer (ReplicationServer.java:start(130)) - ReplicationServer is started using port 15034
2023-08-28 09:31:03,465 [EndpointStateMachine task thread for /0.0.0.0:15002 - 0 ] INFO  ratis.XceiverServerRatis (XceiverServerRatis.java:start(517)) - Starting XceiverServerRatis 4beee146-73ae-4cd4-94a1-e1eb5fcd7f02
2023-08-28 09:31:03,466 [EndpointStateMachine task thread for /0.0.0.0:15002 - 0 ] INFO  server.RaftServer (RaftServerProxy.java:startImpl(400)) - 4beee146-73ae-4cd4-94a1-e1eb5fcd7f02: start RPC server
2023-08-28 09:31:03,468 [EndpointStateMachine task thread for /0.0.0.0:15002 - 0 ] INFO  server.GrpcService (GrpcService.java:startImpl(302)) - 4beee146-73ae-4cd4-94a1-e1eb5fcd7f02: GrpcService started, listening on 15030
2023-08-28 09:31:03,469 [EndpointStateMachine task thread for /0.0.0.0:15002 - 0 ] INFO  server.GrpcService (GrpcService.java:startImpl(302)) - 4beee146-73ae-4cd4-94a1-e1eb5fcd7f02: GrpcService started, listening on 15032
2023-08-28 09:31:03,471 [EndpointStateMachine task thread for /0.0.0.0:15002 - 0 ] INFO  server.GrpcService (GrpcService.java:startImpl(302)) - 4beee146-73ae-4cd4-94a1-e1eb5fcd7f02: GrpcService started, listening on 15031
2023-08-28 09:31:03,472 [EndpointStateMachine task thread for /0.0.0.0:15002 - 0 ] INFO  ratis.XceiverServerRatis (XceiverServerRatis.java:getRealPort(543)) - XceiverServerRatis 4beee146-73ae-4cd4-94a1-e1eb5fcd7f02 is started using port 15030 for RATIS
2023-08-28 09:31:03,472 [JvmPauseMonitor4] INFO  util.JvmPauseMonitor (JvmPauseMonitor.java:run(103)) - JvmPauseMonitor-4beee146-73ae-4cd4-94a1-e1eb5fcd7f02: Started
2023-08-28 09:31:03,472 [EndpointStateMachine task thread for /0.0.0.0:15002 - 0 ] INFO  ratis.XceiverServerRatis (XceiverServerRatis.java:getRealPort(543)) - XceiverServerRatis 4beee146-73ae-4cd4-94a1-e1eb5fcd7f02 is started using port 15031 for RATIS_ADMIN
2023-08-28 09:31:03,472 [EndpointStateMachine task thread for /0.0.0.0:15002 - 0 ] INFO  ratis.XceiverServerRatis (XceiverServerRatis.java:getRealPort(543)) - XceiverServerRatis 4beee146-73ae-4cd4-94a1-e1eb5fcd7f02 is started using port 15032 for RATIS_SERVER
2023-08-28 09:31:03,472 [EndpointStateMachine task thread for /0.0.0.0:15002 - 0 ] INFO  ratis.XceiverServerRatis (XceiverServerRatis.java:getRealPort(543)) - XceiverServerRatis 4beee146-73ae-4cd4-94a1-e1eb5fcd7f02 is started using port 15033 for RATIS_DATASTREAM
2023-08-28 09:31:03,481 [BlockDeletingService#0] INFO  interfaces.ContainerDeletionChoosingPolicyTemplate (ContainerDeletionChoosingPolicyTemplate.java:chooseContainerForBlockDeletion(85)) - Chosen 0/5000 blocks from 0 candidate containers.
2023-08-28 09:31:03,769 [EndpointStateMachine task thread for /0.0.0.0:15002 - 0 ] INFO  utils.DatanodeStoreCache (DatanodeStoreCache.java:addDB(66)) - Added db /home/runner/work/ozone/ozone/hadoop-ozone/integration-test/target/test-dir/MiniOzoneClusterImpl-56d16ed0-cc7e-4f87-bd63-81d84e7eb885/datanode-3/data-0/containers/hdds/56d16ed0-cc7e-4f87-bd63-81d84e7eb885/DS-32f9b58e-4b0a-4caf-9c64-02b26da546c2/container.db to cache
2023-08-28 09:31:03,769 [EndpointStateMachine task thread for /0.0.0.0:15002 - 0 ] INFO  volume.HddsVolume (HddsVolume.java:createDbStore(422)) - SchemaV3 db is created and loaded at /home/runner/work/ozone/ozone/hadoop-ozone/integration-test/target/test-dir/MiniOzoneClusterImpl-56d16ed0-cc7e-4f87-bd63-81d84e7eb885/datanode-3/data-0/containers/hdds/56d16ed0-cc7e-4f87-bd63-81d84e7eb885/DS-32f9b58e-4b0a-4caf-9c64-02b26da546c2/container.db for volume DS-32f9b58e-4b0a-4caf-9c64-02b26da546c2
2023-08-28 09:31:03,770 [EndpointStateMachine task thread for /0.0.0.0:15002 - 0 ] INFO  volume.ThrottledAsyncChecker (ThrottledAsyncChecker.java:schedule(141)) - Scheduling a check for /home/runner/work/ozone/ozone/hadoop-ozone/integration-test/target/test-dir/MiniOzoneClusterImpl-56d16ed0-cc7e-4f87-bd63-81d84e7eb885/datanode-3/data-0/containers/hdds
2023-08-28 09:31:03,773 [EndpointStateMachine task thread for /0.0.0.0:15002 - 0 ] INFO  volume.StorageVolumeChecker (StorageVolumeChecker.java:checkAllVolumes(213)) - Scheduled health check for volume /home/runner/work/ozone/ozone/hadoop-ozone/integration-test/target/test-dir/MiniOzoneClusterImpl-56d16ed0-cc7e-4f87-bd63-81d84e7eb885/datanode-3/data-0/containers/hdds
2023-08-28 09:31:03,777 [EndpointStateMachine task thread for /0.0.0.0:15002 - 0 ] INFO  volume.ThrottledAsyncChecker (ThrottledAsyncChecker.java:schedule(141)) - Scheduling a check for /home/runner/work/ozone/ozone/hadoop-ozone/integration-test/target/test-dir/MiniOzoneClusterImpl-56d16ed0-cc7e-4f87-bd63-81d84e7eb885/datanode-3/data/ratis
2023-08-28 09:31:03,777 [EndpointStateMachine task thread for /0.0.0.0:15002 - 0 ] INFO  volume.StorageVolumeChecker (StorageVolumeChecker.java:checkAllVolumes(213)) - Scheduled health check for volume /home/runner/work/ozone/ozone/hadoop-ozone/integration-test/target/test-dir/MiniOzoneClusterImpl-56d16ed0-cc7e-4f87-bd63-81d84e7eb885/datanode-3/data/ratis
2023-08-28 09:31:03,779 [EndpointStateMachine task thread for /0.0.0.0:15002 - 0 ] INFO  ozoneimpl.OzoneContainer (OzoneContainer.java:start(429)) - Attempting to start container services.
2023-08-28 09:31:03,779 [EndpointStateMachine task thread for /0.0.0.0:15002 - 0 ] INFO  ozoneimpl.OzoneContainer (OzoneContainer.java:startContainerScrub(325)) - Scheduled background container scanners and the on-demand container scanner have been disabled.
2023-08-28 09:31:03,781 [EndpointStateMachine task thread for /0.0.0.0:15002 - 0 ] INFO  replication.ReplicationServer (ReplicationServer.java:start(130)) - ReplicationServer is started using port 15043
2023-08-28 09:31:03,781 [EndpointStateMachine task thread for /0.0.0.0:15002 - 0 ] INFO  ratis.XceiverServerRatis (XceiverServerRatis.java:start(517)) - Starting XceiverServerRatis 760c1559-1b0a-45ac-b6d7-a51714e01488
2023-08-28 09:31:03,785 [EndpointStateMachine task thread for /0.0.0.0:15002 - 0 ] INFO  server.RaftServer (RaftServerProxy.java:startImpl(400)) - 760c1559-1b0a-45ac-b6d7-a51714e01488: start RPC server
2023-08-28 09:31:03,787 [EndpointStateMachine task thread for /0.0.0.0:15002 - 0 ] INFO  server.GrpcService (GrpcService.java:startImpl(302)) - 760c1559-1b0a-45ac-b6d7-a51714e01488: GrpcService started, listening on 15039
2023-08-28 09:31:03,789 [EndpointStateMachine task thread for /0.0.0.0:15002 - 0 ] INFO  server.GrpcService (GrpcService.java:startImpl(302)) - 760c1559-1b0a-45ac-b6d7-a51714e01488: GrpcService started, listening on 15041
2023-08-28 09:31:03,795 [EndpointStateMachine task thread for /0.0.0.0:15002 - 0 ] INFO  server.GrpcService (GrpcService.java:startImpl(302)) - 760c1559-1b0a-45ac-b6d7-a51714e01488: GrpcService started, listening on 15040
2023-08-28 09:31:03,796 [EndpointStateMachine task thread for /0.0.0.0:15002 - 0 ] INFO  ratis.XceiverServerRatis (XceiverServerRatis.java:getRealPort(543)) - XceiverServerRatis 760c1559-1b0a-45ac-b6d7-a51714e01488 is started using port 15039 for RATIS
2023-08-28 09:31:03,796 [JvmPauseMonitor5] INFO  util.JvmPauseMonitor (JvmPauseMonitor.java:run(103)) - JvmPauseMonitor-760c1559-1b0a-45ac-b6d7-a51714e01488: Started
2023-08-28 09:31:03,796 [EndpointStateMachine task thread for /0.0.0.0:15002 - 0 ] INFO  ratis.XceiverServerRatis (XceiverServerRatis.java:getRealPort(543)) - XceiverServerRatis 760c1559-1b0a-45ac-b6d7-a51714e01488 is started using port 15040 for RATIS_ADMIN
2023-08-28 09:31:03,797 [EndpointStateMachine task thread for /0.0.0.0:15002 - 0 ] INFO  ratis.XceiverServerRatis (XceiverServerRatis.java:getRealPort(543)) - XceiverServerRatis 760c1559-1b0a-45ac-b6d7-a51714e01488 is started using port 15041 for RATIS_SERVER
2023-08-28 09:31:03,797 [EndpointStateMachine task thread for /0.0.0.0:15002 - 0 ] INFO  ratis.XceiverServerRatis (XceiverServerRatis.java:getRealPort(543)) - XceiverServerRatis 760c1559-1b0a-45ac-b6d7-a51714e01488 is started using port 15042 for RATIS_DATASTREAM
2023-08-28 09:31:03,804 [BlockDeletingService#0] INFO  interfaces.ContainerDeletionChoosingPolicyTemplate (ContainerDeletionChoosingPolicyTemplate.java:chooseContainerForBlockDeletion(85)) - Chosen 0/5000 blocks from 0 candidate containers.
2023-08-28 09:31:04,059 [main] INFO  ozone.MiniOzoneClusterImpl (MiniOzoneClusterImpl.java:lambda$waitForClusterToBeReady$0(224)) - Waiting for nodes to be ready. Got 0 of 5 DN Heartbeats.
2023-08-28 09:31:04,059 [main] INFO  ozone.MiniOzoneClusterImpl (MiniOzoneClusterImpl.java:lambda$waitForClusterToBeReady$0(227)) - Waiting for cluster to exit safe mode
2023-08-28 09:31:04,060 [main] INFO  ozone.MiniOzoneClusterImpl (MiniOzoneClusterImpl.java:lambda$waitForClusterToBeReady$0(229)) - SCM became leader
2023-08-28 09:31:04,098 [EndpointStateMachine task thread for /0.0.0.0:15002 - 0 ] INFO  utils.DatanodeStoreCache (DatanodeStoreCache.java:addDB(66)) - Added db /home/runner/work/ozone/ozone/hadoop-ozone/integration-test/target/test-dir/MiniOzoneClusterImpl-56d16ed0-cc7e-4f87-bd63-81d84e7eb885/datanode-4/data-0/containers/hdds/56d16ed0-cc7e-4f87-bd63-81d84e7eb885/DS-c7a2b3bc-ba9c-4e43-8e43-b49f7b62a954/container.db to cache
2023-08-28 09:31:04,098 [EndpointStateMachine task thread for /0.0.0.0:15002 - 0 ] INFO  volume.HddsVolume (HddsVolume.java:createDbStore(422)) - SchemaV3 db is created and loaded at /home/runner/work/ozone/ozone/hadoop-ozone/integration-test/target/test-dir/MiniOzoneClusterImpl-56d16ed0-cc7e-4f87-bd63-81d84e7eb885/datanode-4/data-0/containers/hdds/56d16ed0-cc7e-4f87-bd63-81d84e7eb885/DS-c7a2b3bc-ba9c-4e43-8e43-b49f7b62a954/container.db for volume DS-c7a2b3bc-ba9c-4e43-8e43-b49f7b62a954
2023-08-28 09:31:04,100 [EndpointStateMachine task thread for /0.0.0.0:15002 - 0 ] INFO  volume.ThrottledAsyncChecker (ThrottledAsyncChecker.java:schedule(141)) - Scheduling a check for /home/runner/work/ozone/ozone/hadoop-ozone/integration-test/target/test-dir/MiniOzoneClusterImpl-56d16ed0-cc7e-4f87-bd63-81d84e7eb885/datanode-4/data-0/containers/hdds
2023-08-28 09:31:04,101 [EndpointStateMachine task thread for /0.0.0.0:15002 - 0 ] INFO  volume.StorageVolumeChecker (StorageVolumeChecker.java:checkAllVolumes(213)) - Scheduled health check for volume /home/runner/work/ozone/ozone/hadoop-ozone/integration-test/target/test-dir/MiniOzoneClusterImpl-56d16ed0-cc7e-4f87-bd63-81d84e7eb885/datanode-4/data-0/containers/hdds
2023-08-28 09:31:04,104 [EndpointStateMachine task thread for /0.0.0.0:15002 - 0 ] INFO  volume.ThrottledAsyncChecker (ThrottledAsyncChecker.java:schedule(141)) - Scheduling a check for /home/runner/work/ozone/ozone/hadoop-ozone/integration-test/target/test-dir/MiniOzoneClusterImpl-56d16ed0-cc7e-4f87-bd63-81d84e7eb885/datanode-4/data/ratis
2023-08-28 09:31:04,104 [EndpointStateMachine task thread for /0.0.0.0:15002 - 0 ] INFO  volume.StorageVolumeChecker (StorageVolumeChecker.java:checkAllVolumes(213)) - Scheduled health check for volume /home/runner/work/ozone/ozone/hadoop-ozone/integration-test/target/test-dir/MiniOzoneClusterImpl-56d16ed0-cc7e-4f87-bd63-81d84e7eb885/datanode-4/data/ratis
2023-08-28 09:31:04,105 [EndpointStateMachine task thread for /0.0.0.0:15002 - 0 ] INFO  ozoneimpl.OzoneContainer (OzoneContainer.java:start(429)) - Attempting to start container services.
2023-08-28 09:31:04,105 [EndpointStateMachine task thread for /0.0.0.0:15002 - 0 ] INFO  ozoneimpl.OzoneContainer (OzoneContainer.java:startContainerScrub(325)) - Scheduled background container scanners and the on-demand container scanner have been disabled.
2023-08-28 09:31:04,106 [EndpointStateMachine task thread for /0.0.0.0:15002 - 0 ] INFO  replication.ReplicationServer (ReplicationServer.java:start(130)) - ReplicationServer is started using port 15052
2023-08-28 09:31:04,106 [EndpointStateMachine task thread for /0.0.0.0:15002 - 0 ] INFO  ratis.XceiverServerRatis (XceiverServerRatis.java:start(517)) - Starting XceiverServerRatis c87c8152-e9d9-48d7-ae39-d5d54b797c29
2023-08-28 09:31:04,107 [EndpointStateMachine task thread for /0.0.0.0:15002 - 0 ] INFO  server.RaftServer (RaftServerProxy.java:startImpl(400)) - c87c8152-e9d9-48d7-ae39-d5d54b797c29: start RPC server
2023-08-28 09:31:04,109 [EndpointStateMachine task thread for /0.0.0.0:15002 - 0 ] INFO  server.GrpcService (GrpcService.java:startImpl(302)) - c87c8152-e9d9-48d7-ae39-d5d54b797c29: GrpcService started, listening on 15048
2023-08-28 09:31:04,110 [EndpointStateMachine task thread for /0.0.0.0:15002 - 0 ] INFO  server.GrpcService (GrpcService.java:startImpl(302)) - c87c8152-e9d9-48d7-ae39-d5d54b797c29: GrpcService started, listening on 15050
2023-08-28 09:31:04,111 [EndpointStateMachine task thread for /0.0.0.0:15002 - 0 ] INFO  server.GrpcService (GrpcService.java:startImpl(302)) - c87c8152-e9d9-48d7-ae39-d5d54b797c29: GrpcService started, listening on 15049
2023-08-28 09:31:04,111 [EndpointStateMachine task thread for /0.0.0.0:15002 - 0 ] INFO  ratis.XceiverServerRatis (XceiverServerRatis.java:getRealPort(543)) - XceiverServerRatis c87c8152-e9d9-48d7-ae39-d5d54b797c29 is started using port 15048 for RATIS
2023-08-28 09:31:04,111 [JvmPauseMonitor6] INFO  util.JvmPauseMonitor (JvmPauseMonitor.java:run(103)) - JvmPauseMonitor-c87c8152-e9d9-48d7-ae39-d5d54b797c29: Started
2023-08-28 09:31:04,111 [EndpointStateMachine task thread for /0.0.0.0:15002 - 0 ] INFO  ratis.XceiverServerRatis (XceiverServerRatis.java:getRealPort(543)) - XceiverServerRatis c87c8152-e9d9-48d7-ae39-d5d54b797c29 is started using port 15049 for RATIS_ADMIN
2023-08-28 09:31:04,112 [EndpointStateMachine task thread for /0.0.0.0:15002 - 0 ] INFO  ratis.XceiverServerRatis (XceiverServerRatis.java:getRealPort(543)) - XceiverServerRatis c87c8152-e9d9-48d7-ae39-d5d54b797c29 is started using port 15050 for RATIS_SERVER
2023-08-28 09:31:04,112 [EndpointStateMachine task thread for /0.0.0.0:15002 - 0 ] INFO  ratis.XceiverServerRatis (XceiverServerRatis.java:getRealPort(543)) - XceiverServerRatis c87c8152-e9d9-48d7-ae39-d5d54b797c29 is started using port 15051 for RATIS_DATASTREAM
2023-08-28 09:31:04,115 [BlockDeletingService#0] INFO  interfaces.ContainerDeletionChoosingPolicyTemplate (ContainerDeletionChoosingPolicyTemplate.java:chooseContainerForBlockDeletion(85)) - Chosen 0/5000 blocks from 0 candidate containers.
2023-08-28 09:31:04,451 [IPC Server handler 1 on default port 15002] INFO  net.NetworkTopologyImpl (NetworkTopologyImpl.java:add(112)) - Added a new node: /default-rack/2b44ba7e-4447-49ac-8e23-11440ea2d57e
2023-08-28 09:31:04,454 [IPC Server handler 1 on default port 15002] INFO  node.SCMNodeManager (SCMNodeManager.java:register(405)) - Registered Data node : 2b44ba7e-4447-49ac-8e23-11440ea2d57e{ip: 10.1.0.27, host: fv-az625-77.ififypym2nee5jib2gmjcfh3fc.bx.internal.cloudapp.net, ports: [HTTP=15009, CLIENT_RPC=15010, REPLICATION=15016, RATIS=15012, RATIS_ADMIN=15013, RATIS_SERVER=15014, RATIS_DATASTREAM=15015, STANDALONE=15011], networkLocation: /default-rack, certSerialId: null, persistedOpState: null, persistedOpStateExpiryEpochSec: 0}
2023-08-28 09:31:04,464 [EventQueue-NewNodeForNewNodeHandler] INFO  pipeline.BackgroundPipelineCreator (BackgroundPipelineCreator.java:notifyEventTriggered(277)) - trigger a one-shot run on RatisPipelineUtilsThread.
2023-08-28 09:31:04,470 [EventQueue-NodeRegistrationContainerReportForDataNodeSafeModeRule] INFO  safemode.SCMSafeModeManager (DataNodeSafeModeRule.java:process(71)) - SCM in safe mode. 1 DataNodes registered, 3 required.
2023-08-28 09:31:04,484 [RatisPipelineUtilsThread - 0] INFO  pipeline.RatisPipelineProvider (RatisPipelineProvider.java:lambda$create$0(206)) - Sending CreatePipelineCommand for pipeline:PipelineID=28d535bf-1b69-4277-a89c-8d309ca94d72 to datanode:2b44ba7e-4447-49ac-8e23-11440ea2d57e
2023-08-28 09:31:04,471 [EventQueue-NodeRegistrationContainerReportForContainerSafeModeRule] INFO  safemode.SCMSafeModeManager (SCMSafeModeManager.java:validateSafeModeExitRules(200)) - ContainerSafeModeRule rule is successfully validated
2023-08-28 09:31:04,488 [EventQueue-PipelineReportForOneReplicaPipelineSafeModeRule] INFO  safemode.SCMSafeModeManager (SCMSafeModeManager.java:validateSafeModeExitRules(200)) - AtleastOneDatanodeReportedRule rule is successfully validated
2023-08-28 09:31:04,497 [RatisPipelineUtilsThread - 0] INFO  pipeline.BackgroundPipelineCreator (BackgroundPipelineCreator.java:createPipelines(233)) - Created new pipeline Pipeline[ Id: 28d535bf-1b69-4277-a89c-8d309ca94d72, Nodes: 2b44ba7e-4447-49ac-8e23-11440ea2d57e(fv-az625-77.ififypym2nee5jib2gmjcfh3fc.bx.internal.cloudapp.net/10.1.0.27), ReplicationConfig: RATIS/ONE, State:ALLOCATED, leaderId:, CreationTimestamp2023-08-28T09:31:04.483Z[Etc/UTC]]
2023-08-28 09:31:05,052 [IPC Server handler 2 on default port 15002] INFO  net.NetworkTopologyImpl (NetworkTopologyImpl.java:add(112)) - Added a new node: /default-rack/dcc8ddaa-5db1-4c5e-85ac-81412a5c6050
2023-08-28 09:31:05,053 [IPC Server handler 2 on default port 15002] INFO  node.SCMNodeManager (SCMNodeManager.java:register(405)) - Registered Data node : dcc8ddaa-5db1-4c5e-85ac-81412a5c6050{ip: 10.1.0.27, host: fv-az625-77.ififypym2nee5jib2gmjcfh3fc.bx.internal.cloudapp.net, ports: [HTTP=15018, CLIENT_RPC=15019, REPLICATION=15025, RATIS=15021, RATIS_ADMIN=15022, RATIS_SERVER=15023, RATIS_DATASTREAM=15024, STANDALONE=15020], networkLocation: /default-rack, certSerialId: null, persistedOpState: null, persistedOpStateExpiryEpochSec: 0}
2023-08-28 09:31:05,054 [EventQueue-NewNodeForNewNodeHandler] INFO  pipeline.BackgroundPipelineCreator (BackgroundPipelineCreator.java:notifyEventTriggered(277)) - trigger a one-shot run on RatisPipelineUtilsThread.
2023-08-28 09:31:05,054 [EventQueue-NodeRegistrationContainerReportForDataNodeSafeModeRule] INFO  safemode.SCMSafeModeManager (DataNodeSafeModeRule.java:process(71)) - SCM in safe mode. 2 DataNodes registered, 3 required.
2023-08-28 09:31:05,056 [RatisPipelineUtilsThread - 0] INFO  pipeline.RatisPipelineProvider (RatisPipelineProvider.java:lambda$create$0(206)) - Sending CreatePipelineCommand for pipeline:PipelineID=e386754e-c068-4294-820e-d79d038bc015 to datanode:dcc8ddaa-5db1-4c5e-85ac-81412a5c6050
2023-08-28 09:31:05,059 [RatisPipelineUtilsThread - 0] INFO  pipeline.BackgroundPipelineCreator (BackgroundPipelineCreator.java:createPipelines(233)) - Created new pipeline Pipeline[ Id: e386754e-c068-4294-820e-d79d038bc015, Nodes: dcc8ddaa-5db1-4c5e-85ac-81412a5c6050(fv-az625-77.ififypym2nee5jib2gmjcfh3fc.bx.internal.cloudapp.net/10.1.0.27), ReplicationConfig: RATIS/ONE, State:ALLOCATED, leaderId:, CreationTimestamp2023-08-28T09:31:05.056Z[Etc/UTC]]
2023-08-28 09:31:05,060 [main] INFO  ozone.MiniOzoneClusterImpl (MiniOzoneClusterImpl.java:lambda$waitForClusterToBeReady$0(224)) - Waiting for nodes to be ready. Got 2 of 5 DN Heartbeats.
2023-08-28 09:31:05,060 [main] INFO  ozone.MiniOzoneClusterImpl (MiniOzoneClusterImpl.java:lambda$waitForClusterToBeReady$0(227)) - Waiting for cluster to exit safe mode
2023-08-28 09:31:05,060 [main] INFO  ozone.MiniOzoneClusterImpl (MiniOzoneClusterImpl.java:lambda$waitForClusterToBeReady$0(229)) - SCM became leader
2023-08-28 09:31:05,418 [IPC Server handler 0 on default port 15002] INFO  net.NetworkTopologyImpl (NetworkTopologyImpl.java:add(112)) - Added a new node: /default-rack/4beee146-73ae-4cd4-94a1-e1eb5fcd7f02
2023-08-28 09:31:05,419 [IPC Server handler 0 on default port 15002] INFO  node.SCMNodeManager (SCMNodeManager.java:register(405)) - Registered Data node : 4beee146-73ae-4cd4-94a1-e1eb5fcd7f02{ip: 10.1.0.27, host: fv-az625-77.ififypym2nee5jib2gmjcfh3fc.bx.internal.cloudapp.net, ports: [HTTP=15027, CLIENT_RPC=15028, REPLICATION=15034, RATIS=15030, RATIS_ADMIN=15031, RATIS_SERVER=15032, RATIS_DATASTREAM=15033, STANDALONE=15029], networkLocation: /default-rack, certSerialId: null, persistedOpState: null, persistedOpStateExpiryEpochSec: 0}
2023-08-28 09:31:05,419 [EventQueue-NewNodeForNewNodeHandler] INFO  pipeline.BackgroundPipelineCreator (BackgroundPipelineCreator.java:notifyEventTriggered(277)) - trigger a one-shot run on RatisPipelineUtilsThread.
2023-08-28 09:31:05,420 [RatisPipelineUtilsThread - 0] INFO  pipeline.RatisPipelineProvider (RatisPipelineProvider.java:lambda$create$0(206)) - Sending CreatePipelineCommand for pipeline:PipelineID=f013d65f-9eee-4b66-a84d-b9bc7a8e5b7d to datanode:4beee146-73ae-4cd4-94a1-e1eb5fcd7f02
2023-08-28 09:31:05,419 [EventQueue-NodeRegistrationContainerReportForDataNodeSafeModeRule] INFO  safemode.SCMSafeModeManager (DataNodeSafeModeRule.java:process(71)) - SCM in safe mode. 3 DataNodes registered, 3 required.
2023-08-28 09:31:05,421 [EventQueue-NodeRegistrationContainerReportForDataNodeSafeModeRule] INFO  safemode.SCMSafeModeManager (SCMSafeModeManager.java:validateSafeModeExitRules(200)) - DataNodeSafeModeRule rule is successfully validated
2023-08-28 09:31:05,421 [EventQueue-NodeRegistrationContainerReportForDataNodeSafeModeRule] INFO  safemode.SCMSafeModeManager (SCMSafeModeManager.java:completePreCheck(229)) - All SCM safe mode pre check rules have passed
2023-08-28 09:31:05,421 [EventQueue-NodeRegistrationContainerReportForDataNodeSafeModeRule] INFO  ha.SCMContext (SCMContext.java:updateSafeModeStatus(228)) - Update SafeModeStatus from SafeModeStatus{safeModeStatus=true, preCheckPassed=false} to SafeModeStatus{safeModeStatus=true, preCheckPassed=true}.
2023-08-28 09:31:05,421 [EventQueue-NodeRegistrationContainerReportForDataNodeSafeModeRule] INFO  pipeline.BackgroundPipelineCreator (BackgroundPipelineCreator.java:notifyEventTriggered(277)) - trigger a one-shot run on RatisPipelineUtilsThread.
2023-08-28 09:31:05,421 [RatisPipelineUtilsThread - 0] INFO  pipeline.BackgroundPipelineCreator (BackgroundPipelineCreator.java:createPipelines(233)) - Created new pipeline Pipeline[ Id: f013d65f-9eee-4b66-a84d-b9bc7a8e5b7d, Nodes: 4beee146-73ae-4cd4-94a1-e1eb5fcd7f02(fv-az625-77.ififypym2nee5jib2gmjcfh3fc.bx.internal.cloudapp.net/10.1.0.27), ReplicationConfig: RATIS/ONE, State:ALLOCATED, leaderId:, CreationTimestamp2023-08-28T09:31:05.420Z[Etc/UTC]]
2023-08-28 09:31:05,426 [RatisPipelineUtilsThread - 0] INFO  pipeline.RatisPipelineProvider (RatisPipelineProvider.java:lambda$create$0(206)) - Sending CreatePipelineCommand for pipeline:PipelineID=78412001-a398-40cc-81dd-a270cd0b37d7 to datanode:2b44ba7e-4447-49ac-8e23-11440ea2d57e
2023-08-28 09:31:05,426 [RatisPipelineUtilsThread - 0] INFO  pipeline.RatisPipelineProvider (RatisPipelineProvider.java:lambda$create$0(206)) - Sending CreatePipelineCommand for pipeline:PipelineID=78412001-a398-40cc-81dd-a270cd0b37d7 to datanode:dcc8ddaa-5db1-4c5e-85ac-81412a5c6050
2023-08-28 09:31:05,426 [RatisPipelineUtilsThread - 0] INFO  pipeline.RatisPipelineProvider (RatisPipelineProvider.java:lambda$create$0(206)) - Sending CreatePipelineCommand for pipeline:PipelineID=78412001-a398-40cc-81dd-a270cd0b37d7 to datanode:4beee146-73ae-4cd4-94a1-e1eb5fcd7f02
2023-08-28 09:31:05,430 [RatisPipelineUtilsThread - 0] INFO  pipeline.BackgroundPipelineCreator (BackgroundPipelineCreator.java:createPipelines(233)) - Created new pipeline Pipeline[ Id: 78412001-a398-40cc-81dd-a270cd0b37d7, Nodes: 2b44ba7e-4447-49ac-8e23-11440ea2d57e(fv-az625-77.ififypym2nee5jib2gmjcfh3fc.bx.internal.cloudapp.net/10.1.0.27)dcc8ddaa-5db1-4c5e-85ac-81412a5c6050(fv-az625-77.ififypym2nee5jib2gmjcfh3fc.bx.internal.cloudapp.net/10.1.0.27)4beee146-73ae-4cd4-94a1-e1eb5fcd7f02(fv-az625-77.ififypym2nee5jib2gmjcfh3fc.bx.internal.cloudapp.net/10.1.0.27), ReplicationConfig: RATIS/THREE, State:ALLOCATED, leaderId:, CreationTimestamp2023-08-28T09:31:05.426Z[Etc/UTC]]
2023-08-28 09:31:05,431 [RatisPipelineUtilsThread - 0] INFO  pipeline.RatisPipelineProvider (RatisPipelineProvider.java:lambda$create$0(206)) - Sending CreatePipelineCommand for pipeline:PipelineID=9e682222-9aa6-4020-964b-ba0de8f91112 to datanode:2b44ba7e-4447-49ac-8e23-11440ea2d57e
2023-08-28 09:31:05,431 [RatisPipelineUtilsThread - 0] INFO  pipeline.RatisPipelineProvider (RatisPipelineProvider.java:lambda$create$0(206)) - Sending CreatePipelineCommand for pipeline:PipelineID=9e682222-9aa6-4020-964b-ba0de8f91112 to datanode:4beee146-73ae-4cd4-94a1-e1eb5fcd7f02
2023-08-28 09:31:05,431 [RatisPipelineUtilsThread - 0] INFO  pipeline.RatisPipelineProvider (RatisPipelineProvider.java:lambda$create$0(206)) - Sending CreatePipelineCommand for pipeline:PipelineID=9e682222-9aa6-4020-964b-ba0de8f91112 to datanode:dcc8ddaa-5db1-4c5e-85ac-81412a5c6050
2023-08-28 09:31:05,432 [RatisPipelineUtilsThread - 0] INFO  pipeline.PipelineManagerImpl (PipelineManagerImpl.java:recordMetricsForPipeline(914)) - Pipeline: PipelineID=9e682222-9aa6-4020-964b-ba0de8f91112 contains same datanodes as previous pipelines: PipelineID=78412001-a398-40cc-81dd-a270cd0b37d7 nodeIds: 2b44ba7e-4447-49ac-8e23-11440ea2d57e, 4beee146-73ae-4cd4-94a1-e1eb5fcd7f02, dcc8ddaa-5db1-4c5e-85ac-81412a5c6050
2023-08-28 09:31:05,433 [RatisPipelineUtilsThread - 0] INFO  pipeline.BackgroundPipelineCreator (BackgroundPipelineCreator.java:createPipelines(233)) - Created new pipeline Pipeline[ Id: 9e682222-9aa6-4020-964b-ba0de8f91112, Nodes: 2b44ba7e-4447-49ac-8e23-11440ea2d57e(fv-az625-77.ififypym2nee5jib2gmjcfh3fc.bx.internal.cloudapp.net/10.1.0.27)4beee146-73ae-4cd4-94a1-e1eb5fcd7f02(fv-az625-77.ififypym2nee5jib2gmjcfh3fc.bx.internal.cloudapp.net/10.1.0.27)dcc8ddaa-5db1-4c5e-85ac-81412a5c6050(fv-az625-77.ififypym2nee5jib2gmjcfh3fc.bx.internal.cloudapp.net/10.1.0.27), ReplicationConfig: RATIS/THREE, State:ALLOCATED, leaderId:, CreationTimestamp2023-08-28T09:31:05.431Z[Etc/UTC]]
2023-08-28 09:31:05,731 [IPC Server handler 2 on default port 15002] INFO  net.NetworkTopologyImpl (NetworkTopologyImpl.java:add(112)) - Added a new node: /default-rack/760c1559-1b0a-45ac-b6d7-a51714e01488
2023-08-28 09:31:05,732 [IPC Server handler 2 on default port 15002] INFO  node.SCMNodeManager (SCMNodeManager.java:register(405)) - Registered Data node : 760c1559-1b0a-45ac-b6d7-a51714e01488{ip: 10.1.0.27, host: fv-az625-77.ififypym2nee5jib2gmjcfh3fc.bx.internal.cloudapp.net, ports: [HTTP=15036, CLIENT_RPC=15037, REPLICATION=15043, RATIS=15039, RATIS_ADMIN=15040, RATIS_SERVER=15041, RATIS_DATASTREAM=15042, STANDALONE=15038], networkLocation: /default-rack, certSerialId: null, persistedOpState: null, persistedOpStateExpiryEpochSec: 0}
2023-08-28 09:31:05,733 [EventQueue-NewNodeForNewNodeHandler] INFO  pipeline.BackgroundPipelineCreator (BackgroundPipelineCreator.java:notifyEventTriggered(277)) - trigger a one-shot run on RatisPipelineUtilsThread.
2023-08-28 09:31:05,735 [RatisPipelineUtilsThread - 0] INFO  pipeline.RatisPipelineProvider (RatisPipelineProvider.java:lambda$create$0(206)) - Sending CreatePipelineCommand for pipeline:PipelineID=4a2cde65-6871-4f45-acd0-ac964504db78 to datanode:760c1559-1b0a-45ac-b6d7-a51714e01488
2023-08-28 09:31:05,737 [RatisPipelineUtilsThread - 0] INFO  pipeline.BackgroundPipelineCreator (BackgroundPipelineCreator.java:createPipelines(233)) - Created new pipeline Pipeline[ Id: 4a2cde65-6871-4f45-acd0-ac964504db78, Nodes: 760c1559-1b0a-45ac-b6d7-a51714e01488(fv-az625-77.ififypym2nee5jib2gmjcfh3fc.bx.internal.cloudapp.net/10.1.0.27), ReplicationConfig: RATIS/ONE, State:ALLOCATED, leaderId:, CreationTimestamp2023-08-28T09:31:05.735Z[Etc/UTC]]
2023-08-28 09:31:06,060 [main] INFO  ozone.MiniOzoneClusterImpl (MiniOzoneClusterImpl.java:lambda$waitForClusterToBeReady$0(224)) - Waiting for nodes to be ready. Got 4 of 5 DN Heartbeats.
2023-08-28 09:31:06,062 [main] INFO  ozone.MiniOzoneClusterImpl (MiniOzoneClusterImpl.java:lambda$waitForClusterToBeReady$0(227)) - Waiting for cluster to exit safe mode
2023-08-28 09:31:06,062 [main] INFO  ozone.MiniOzoneClusterImpl (MiniOzoneClusterImpl.java:lambda$waitForClusterToBeReady$0(229)) - SCM became leader
2023-08-28 09:31:06,062 [IPC Server handler 3 on default port 15002] INFO  net.NetworkTopologyImpl (NetworkTopologyImpl.java:add(112)) - Added a new node: /default-rack/c87c8152-e9d9-48d7-ae39-d5d54b797c29
2023-08-28 09:31:06,063 [IPC Server handler 3 on default port 15002] INFO  node.SCMNodeManager (SCMNodeManager.java:register(405)) - Registered Data node : c87c8152-e9d9-48d7-ae39-d5d54b797c29{ip: 10.1.0.27, host: fv-az625-77.ififypym2nee5jib2gmjcfh3fc.bx.internal.cloudapp.net, ports: [HTTP=15045, CLIENT_RPC=15046, REPLICATION=15052, RATIS=15048, RATIS_ADMIN=15049, RATIS_SERVER=15050, RATIS_DATASTREAM=15051, STANDALONE=15047], networkLocation: /default-rack, certSerialId: null, persistedOpState: null, persistedOpStateExpiryEpochSec: 0}
2023-08-28 09:31:06,063 [EventQueue-NewNodeForNewNodeHandler] INFO  pipeline.BackgroundPipelineCreator (BackgroundPipelineCreator.java:notifyEventTriggered(277)) - trigger a one-shot run on RatisPipelineUtilsThread.
2023-08-28 09:31:06,064 [RatisPipelineUtilsThread - 0] INFO  pipeline.RatisPipelineProvider (RatisPipelineProvider.java:lambda$create$0(206)) - Sending CreatePipelineCommand for pipeline:PipelineID=ab4a6bb6-7157-4a31-bf89-2fdb401efe73 to datanode:c87c8152-e9d9-48d7-ae39-d5d54b797c29
2023-08-28 09:31:06,066 [RatisPipelineUtilsThread - 0] INFO  pipeline.BackgroundPipelineCreator (BackgroundPipelineCreator.java:createPipelines(233)) - Created new pipeline Pipeline[ Id: ab4a6bb6-7157-4a31-bf89-2fdb401efe73, Nodes: c87c8152-e9d9-48d7-ae39-d5d54b797c29(fv-az625-77.ififypym2nee5jib2gmjcfh3fc.bx.internal.cloudapp.net/10.1.0.27), ReplicationConfig: RATIS/ONE, State:ALLOCATED, leaderId:, CreationTimestamp2023-08-28T09:31:06.064Z[Etc/UTC]]
2023-08-28 09:31:07,062 [main] INFO  ozone.MiniOzoneClusterImpl (MiniOzoneClusterImpl.java:lambda$waitForClusterToBeReady$0(224)) - Nodes are ready. Got 5 of 5 DN Heartbeats.
2023-08-28 09:31:07,062 [main] INFO  ozone.MiniOzoneClusterImpl (MiniOzoneClusterImpl.java:lambda$waitForClusterToBeReady$0(227)) - Waiting for cluster to exit safe mode
2023-08-28 09:31:07,062 [main] INFO  ozone.MiniOzoneClusterImpl (MiniOzoneClusterImpl.java:lambda$waitForClusterToBeReady$0(229)) - SCM became leader
2023-08-28 09:31:07,448 [PipelineCommandHandlerThread-0] INFO  server.RaftServer (RaftServerProxy.java:addNew(98)) - 2b44ba7e-4447-49ac-8e23-11440ea2d57e: addNew group-8D309CA94D72:[2b44ba7e-4447-49ac-8e23-11440ea2d57e|rpc:10.1.0.27:15014|admin:10.1.0.27:15013|client:10.1.0.27:15012|dataStream:10.1.0.27:15015|priority:1|startupRole:FOLLOWER] returns group-8D309CA94D72:java.util.concurrent.CompletableFuture@61b25b5a[Not completed]
2023-08-28 09:31:07,461 [2b44ba7e-4447-49ac-8e23-11440ea2d57e-groupManagement] INFO  server.RaftServer$Division (RaftServerImpl.java:<init>(198)) - 2b44ba7e-4447-49ac-8e23-11440ea2d57e: new RaftServerImpl for group-8D309CA94D72:[2b44ba7e-4447-49ac-8e23-11440ea2d57e|rpc:10.1.0.27:15014|admin:10.1.0.27:15013|client:10.1.0.27:15012|dataStream:10.1.0.27:15015|priority:1|startupRole:FOLLOWER] with ContainerStateMachine:uninitialized
2023-08-28 09:31:07,462 [2b44ba7e-4447-49ac-8e23-11440ea2d57e-groupManagement] INFO  server.RaftServerConfigKeys (ConfUtils.java:logGet(46)) - raft.server.rpc.timeout.min = 5s (custom)
2023-08-28 09:31:07,462 [2b44ba7e-4447-49ac-8e23-11440ea2d57e-groupManagement] INFO  server.RaftServerConfigKeys (ConfUtils.java:logGet(46)) - raft.server.rpc.timeout.max = 5200ms (custom)
2023-08-28 09:31:07,462 [2b44ba7e-4447-49ac-8e23-11440ea2d57e-groupManagement] INFO  server.RaftServerConfigKeys (ConfUtils.java:logGet(46)) - raft.server.rpc.sleep.time = 25ms (default)
2023-08-28 09:31:07,462 [2b44ba7e-4447-49ac-8e23-11440ea2d57e-groupManagement] INFO  server.RaftServerConfigKeys (ConfUtils.java:logGet(46)) - raft.server.rpc.slowness.timeout = 300s (custom)
2023-08-28 09:31:07,462 [2b44ba7e-4447-49ac-8e23-11440ea2d57e-groupManagement] INFO  server.RaftServerConfigKeys (ConfUtils.java:logGet(46)) - raft.server.leaderelection.leader.step-down.wait-time = 10s (default)
2023-08-28 09:31:07,463 [2b44ba7e-4447-49ac-8e23-11440ea2d57e-groupManagement] INFO  server.RaftServerConfigKeys (ConfUtils.java:logGet(46)) - raft.server.sleep.deviation.threshold = 300ms (default)
2023-08-28 09:31:07,463 [2b44ba7e-4447-49ac-8e23-11440ea2d57e-groupManagement] INFO  server.RaftServer$Division (ServerState.java:<init>(120)) - 2b44ba7e-4447-49ac-8e23-11440ea2d57e@group-8D309CA94D72: ConfigurationManager, init=-1: peers:[2b44ba7e-4447-49ac-8e23-11440ea2d57e|rpc:10.1.0.27:15014|admin:10.1.0.27:15013|client:10.1.0.27:15012|dataStream:10.1.0.27:15015|priority:1|startupRole:FOLLOWER]|listeners:[], old=null, confs=<EMPTY_MAP>
2023-08-28 09:31:07,463 [2b44ba7e-4447-49ac-8e23-11440ea2d57e-groupManagement] INFO  server.RaftServerConfigKeys (ConfUtils.java:logGet(46)) - raft.server.storage.dir = [/home/runner/work/ozone/ozone/hadoop-ozone/integration-test/target/test-dir/MiniOzoneClusterImpl-56d16ed0-cc7e-4f87-bd63-81d84e7eb885/datanode-0/data/ratis] (custom)
2023-08-28 09:31:07,463 [2b44ba7e-4447-49ac-8e23-11440ea2d57e-groupManagement] INFO  server.RaftServerConfigKeys (ConfUtils.java:logGet(46)) - raft.server.log.corruption.policy = EXCEPTION (default)
2023-08-28 09:31:07,463 [2b44ba7e-4447-49ac-8e23-11440ea2d57e-groupManagement] INFO  server.RaftServerConfigKeys (ConfUtils.java:logGet(46)) - raft.server.storage.free-space.min = 0MB (=0) (default)
2023-08-28 09:31:07,463 [2b44ba7e-4447-49ac-8e23-11440ea2d57e-groupManagement] INFO  server.RaftServerConfigKeys (ConfUtils.java:logGet(46)) - raft.server.notification.no-leader.timeout = 300s (custom)
2023-08-28 09:31:07,463 [2b44ba7e-4447-49ac-8e23-11440ea2d57e-groupManagement] INFO  server.RaftServerConfigKeys (ConfUtils.java:logGet(46)) - raft.server.read.timeout = 10s (default)
2023-08-28 09:31:07,463 [2b44ba7e-4447-49ac-8e23-11440ea2d57e-groupManagement] INFO  server.RaftServerConfigKeys (ConfUtils.java:logGet(46)) - raft.server.retrycache.expirytime = 600000ms (custom)
2023-08-28 09:31:07,463 [2b44ba7e-4447-49ac-8e23-11440ea2d57e-groupManagement] INFO  server.RaftServerConfigKeys (ConfUtils.java:logGet(46)) - raft.server.retrycache.statistics.expirytime = 100μs (default)
2023-08-28 09:31:07,464 [2b44ba7e-4447-49ac-8e23-11440ea2d57e-groupManagement] INFO  server.RaftServerConfigKeys (ConfUtils.java:logGet(46)) - raft.server.read.option = DEFAULT (default)
2023-08-28 09:31:07,466 [2b44ba7e-4447-49ac-8e23-11440ea2d57e-groupManagement] INFO  server.RaftServerConfigKeys (ConfUtils.java:logGet(46)) - raft.server.rpc.request.timeout = 60s (custom)
2023-08-28 09:31:07,466 [2b44ba7e-4447-49ac-8e23-11440ea2d57e-groupManagement] INFO  server.RaftServerConfigKeys (ConfUtils.java:logGet(46)) - raft.server.log.appender.install.snapshot.enabled = false (custom)
2023-08-28 09:31:07,466 [2b44ba7e-4447-49ac-8e23-11440ea2d57e-groupManagement] INFO  server.RaftServerConfigKeys (ConfUtils.java:logGet(46)) - raft.server.threadpool.server.cached = true (default)
2023-08-28 09:31:07,466 [2b44ba7e-4447-49ac-8e23-11440ea2d57e-groupManagement] INFO  server.RaftServerConfigKeys (ConfUtils.java:logGet(46)) - raft.server.threadpool.server.size = 0 (default)
2023-08-28 09:31:07,466 [2b44ba7e-4447-49ac-8e23-11440ea2d57e-groupManagement] INFO  server.RaftServerConfigKeys (ConfUtils.java:logGet(46)) - raft.server.threadpool.client.cached = true (default)
2023-08-28 09:31:07,466 [2b44ba7e-4447-49ac-8e23-11440ea2d57e-groupManagement] INFO  server.RaftServerConfigKeys (ConfUtils.java:logGet(46)) - raft.server.threadpool.client.size = 0 (default)
2023-08-28 09:31:07,466 [2b44ba7e-4447-49ac-8e23-11440ea2d57e-groupManagement] INFO  storage.RaftStorageDirectory (RaftStorageDirectoryImpl.java:analyzeStorage(137)) - The storage directory /home/runner/work/ozone/ozone/hadoop-ozone/integration-test/target/test-dir/MiniOzoneClusterImpl-56d16ed0-cc7e-4f87-bd63-81d84e7eb885/datanode-0/data/ratis/28d535bf-1b69-4277-a89c-8d309ca94d72 does not exist. Creating ...
2023-08-28 09:31:07,469 [2b44ba7e-4447-49ac-8e23-11440ea2d57e-groupManagement] INFO  storage.RaftStorageDirectory (RaftStorageDirectoryImpl.java:tryLock(231)) - Lock on /home/runner/work/ozone/ozone/hadoop-ozone/integration-test/target/test-dir/MiniOzoneClusterImpl-56d16ed0-cc7e-4f87-bd63-81d84e7eb885/datanode-0/data/ratis/28d535bf-1b69-4277-a89c-8d309ca94d72/in_use.lock acquired by nodename 61172@fv-az625-77
2023-08-28 09:31:07,471 [2b44ba7e-4447-49ac-8e23-11440ea2d57e-groupManagement] INFO  storage.RaftStorage (RaftStorageImpl.java:format(96)) - Storage directory /home/runner/work/ozone/ozone/hadoop-ozone/integration-test/target/test-dir/MiniOzoneClusterImpl-56d16ed0-cc7e-4f87-bd63-81d84e7eb885/datanode-0/data/ratis/28d535bf-1b69-4277-a89c-8d309ca94d72 has been successfully formatted.
2023-08-28 09:31:07,478 [2b44ba7e-4447-49ac-8e23-11440ea2d57e-groupManagement] INFO  ratis.ContainerStateMachine (ContainerStateMachine.java:loadSnapshot(262)) - group-8D309CA94D72: The snapshot info is null. Setting the last applied indexto:(t:0, i:~)
2023-08-28 09:31:07,478 [2b44ba7e-4447-49ac-8e23-11440ea2d57e-groupManagement] INFO  server.RaftServerConfigKeys (ConfUtils.java:logGet(46)) - raft.server.log.use.memory = false (default)
2023-08-28 09:31:07,478 [2b44ba7e-4447-49ac-8e23-11440ea2d57e-groupManagement] INFO  server.RaftServerConfigKeys (ConfUtils.java:logGet(46)) - raft.server.log.purge.gap = 1000000 (custom)
2023-08-28 09:31:07,478 [2b44ba7e-4447-49ac-8e23-11440ea2d57e-groupManagement] INFO  server.RaftServerConfigKeys (ConfUtils.java:logGet(46)) - raft.server.log.appender.buffer.byte-limit = 33554432 (custom)
2023-08-28 09:31:07,478 [2b44ba7e-4447-49ac-8e23-11440ea2d57e-groupManagement] INFO  server.RaftServerConfigKeys (ConfUtils.java:logGet(46)) - raft.server.log.statemachine.data.read.timeout = 1000ms (default)
2023-08-28 09:31:07,478 [2b44ba7e-4447-49ac-8e23-11440ea2d57e-groupManagement] INFO  server.RaftServerConfigKeys (ConfUtils.java:logGet(46)) - raft.server.log.purge.preservation.log.num = 0 (default)
2023-08-28 09:31:07,480 [2b44ba7e-4447-49ac-8e23-11440ea2d57e-groupManagement] INFO  server.RaftServerConfigKeys (ConfUtils.java:logGet(46)) - raft.server.log.segment.size.max = 1048576 (custom)
2023-08-28 09:31:07,485 [2b44ba7e-4447-49ac-8e23-11440ea2d57e-groupManagement] INFO  server.RaftServerConfigKeys (ConfUtils.java:logGet(46)) - raft.server.log.segment.cache.num.max = 2 (custom)
2023-08-28 09:31:07,485 [2b44ba7e-4447-49ac-8e23-11440ea2d57e-groupManagement] INFO  server.RaftServerConfigKeys (ConfUtils.java:logGet(46)) - raft.server.log.segment.cache.size.max = 200MB (=209715200) (default)
2023-08-28 09:31:07,485 [2b44ba7e-4447-49ac-8e23-11440ea2d57e-groupManagement] INFO  server.RaftServerConfigKeys (ConfUtils.java:logGet(46)) - raft.server.log.appender.buffer.byte-limit = 33554432 (custom)
2023-08-28 09:31:07,485 [2b44ba7e-4447-49ac-8e23-11440ea2d57e-groupManagement] INFO  segmented.SegmentedRaftLogWorker (SegmentedRaftLogWorker.java:<init>(188)) - new 2b44ba7e-4447-49ac-8e23-11440ea2d57e@group-8D309CA94D72-SegmentedRaftLogWorker for RaftStorageImpl:Storage Directory /home/runner/work/ozone/ozone/hadoop-ozone/integration-test/target/test-dir/MiniOzoneClusterImpl-56d16ed0-cc7e-4f87-bd63-81d84e7eb885/datanode-0/data/ratis/28d535bf-1b69-4277-a89c-8d309ca94d72
2023-08-28 09:31:07,485 [2b44ba7e-4447-49ac-8e23-11440ea2d57e-groupManagement] INFO  server.RaftServerConfigKeys (ConfUtils.java:logGet(46)) - raft.server.log.queue.byte-limit = 4294967296 (custom)
2023-08-28 09:31:07,485 [2b44ba7e-4447-49ac-8e23-11440ea2d57e-groupManagement] INFO  server.RaftServerConfigKeys (ConfUtils.java:logGet(46)) - raft.server.log.queue.element-limit = 1024 (custom)
2023-08-28 09:31:07,485 [2b44ba7e-4447-49ac-8e23-11440ea2d57e-groupManagement] INFO  server.RaftServerConfigKeys (ConfUtils.java:logGet(46)) - raft.server.log.segment.size.max = 1048576 (custom)
2023-08-28 09:31:07,485 [2b44ba7e-4447-49ac-8e23-11440ea2d57e-groupManagement] INFO  server.RaftServerConfigKeys (ConfUtils.java:logGet(46)) - raft.server.log.preallocated.size = 16384 (custom)
2023-08-28 09:31:07,485 [2b44ba7e-4447-49ac-8e23-11440ea2d57e-groupManagement] INFO  server.RaftServerConfigKeys (ConfUtils.java:logGet(46)) - raft.server.log.force.sync.num = 128 (default)
2023-08-28 09:31:07,485 [2b44ba7e-4447-49ac-8e23-11440ea2d57e-groupManagement] INFO  server.RaftServerConfigKeys (ConfUtils.java:logGet(46)) - raft.server.log.statemachine.data.sync = true (default)
2023-08-28 09:31:07,485 [2b44ba7e-4447-49ac-8e23-11440ea2d57e-groupManagement] INFO  server.RaftServerConfigKeys (ConfUtils.java:logGet(46)) - raft.server.log.statemachine.data.sync.timeout = 10s (default)
2023-08-28 09:31:07,485 [2b44ba7e-4447-49ac-8e23-11440ea2d57e-groupManagement] INFO  server.RaftServerConfigKeys (ConfUtils.java:logGet(46)) - raft.server.log.statemachine.data.sync.timeout.retry = -1 (default)
2023-08-28 09:31:07,489 [2b44ba7e-4447-49ac-8e23-11440ea2d57e-groupManagement] INFO  server.RaftServerConfigKeys (ConfUtils.java:logGet(46)) - raft.server.log.write.buffer.size = 1048576 (custom)
2023-08-28 09:31:07,491 [2b44ba7e-4447-49ac-8e23-11440ea2d57e-groupManagement] INFO  server.RaftServerConfigKeys (ConfUtils.java:logGet(46)) - raft.server.log.appender.buffer.byte-limit = 33554432 (custom)
2023-08-28 09:31:07,502 [2b44ba7e-4447-49ac-8e23-11440ea2d57e-groupManagement] INFO  server.RaftServerConfigKeys (ConfUtils.java:logGet(46)) - raft.server.log.unsafe-flush.enabled = false (default)
2023-08-28 09:31:07,502 [2b44ba7e-4447-49ac-8e23-11440ea2d57e-groupManagement] INFO  server.RaftServerConfigKeys (ConfUtils.java:logGet(46)) - raft.server.log.async-flush.enabled = false (default)
2023-08-28 09:31:07,503 [2b44ba7e-4447-49ac-8e23-11440ea2d57e-groupManagement] INFO  server.RaftServerConfigKeys (ConfUtils.java:logGet(46)) - raft.server.log.statemachine.data.caching.enabled = true (custom)
2023-08-28 09:31:07,503 [EventQueue-PipelineReportForPipelineReportHandler] INFO  pipeline.PipelineReportHandler (PipelineReportHandler.java:processPipelineReport(136)) - Opened pipeline PipelineID=28d535bf-1b69-4277-a89c-8d309ca94d72
2023-08-28 09:31:07,504 [2b44ba7e-4447-49ac-8e23-11440ea2d57e-groupManagement] INFO  segmented.SegmentedRaftLogWorker (SegmentedRaftLogWorker.java:lambda$new$0(135)) - 2b44ba7e-4447-49ac-8e23-11440ea2d57e@group-8D309CA94D72-SegmentedRaftLogWorker: flushIndex: setUnconditionally 0 -> -1
2023-08-28 09:31:07,505 [2b44ba7e-4447-49ac-8e23-11440ea2d57e-groupManagement] INFO  segmented.SegmentedRaftLogWorker (SegmentedRaftLogWorker.java:lambda$new$0(135)) - 2b44ba7e-4447-49ac-8e23-11440ea2d57e@group-8D309CA94D72-SegmentedRaftLogWorker: safeCacheEvictIndex: setUnconditionally 0 -> -1
2023-08-28 09:31:07,505 [EventQueue-OpenPipelineForHealthyPipelineSafeModeRule] INFO  safemode.SCMSafeModeManager (HealthyPipelineSafeModeRule.java:process(137)) - SCM in safe mode. Healthy pipelines reported count is 0, required healthy pipeline reported count is 1
2023-08-28 09:31:07,505 [2b44ba7e-4447-49ac-8e23-11440ea2d57e-groupManagement] INFO  server.RaftServer$Division (RaftServerImpl.java:start(342)) - 2b44ba7e-4447-49ac-8e23-11440ea2d57e@group-8D309CA94D72: start as a follower, conf=-1: peers:[2b44ba7e-4447-49ac-8e23-11440ea2d57e|rpc:10.1.0.27:15014|admin:10.1.0.27:15013|client:10.1.0.27:15012|dataStream:10.1.0.27:15015|priority:1|startupRole:FOLLOWER]|listeners:[], old=null
2023-08-28 09:31:07,505 [2b44ba7e-4447-49ac-8e23-11440ea2d57e-groupManagement] INFO  server.RaftServer$Division (RaftServerImpl.java:setRole(329)) - 2b44ba7e-4447-49ac-8e23-11440ea2d57e@group-8D309CA94D72: changes role from      null to FOLLOWER at term 0 for startAsFollower
2023-08-28 09:31:07,505 [2b44ba7e-4447-49ac-8e23-11440ea2d57e-groupManagement] INFO  impl.RoleInfo (RoleInfo.java:updateAndGet(139)) - 2b44ba7e-4447-49ac-8e23-11440ea2d57e: start 2b44ba7e-4447-49ac-8e23-11440ea2d57e@group-8D309CA94D72-FollowerState
2023-08-28 09:31:07,505 [2b44ba7e-4447-49ac-8e23-11440ea2d57e-groupManagement] INFO  util.JmxRegister (JmxRegister.java:tryRegister(44)) - Successfully registered JMX Bean with object name Ratis:service=RaftServer,group=group-8D309CA94D72,id=2b44ba7e-4447-49ac-8e23-11440ea2d57e
2023-08-28 09:31:07,506 [2b44ba7e-4447-49ac-8e23-11440ea2d57e-groupManagement] INFO  server.RaftServerConfigKeys (ConfUtils.java:logGet(46)) - raft.server.snapshot.auto.trigger.enabled = true (custom)
2023-08-28 09:31:07,506 [2b44ba7e-4447-49ac-8e23-11440ea2d57e-groupManagement] INFO  server.RaftServerConfigKeys (ConfUtils.java:logGet(46)) - raft.server.snapshot.auto.trigger.threshold = 10000 (custom)
2023-08-28 09:31:07,506 [2b44ba7e-4447-49ac-8e23-11440ea2d57e-groupManagement] INFO  server.RaftServerConfigKeys (ConfUtils.java:logGet(46)) - raft.server.snapshot.retention.file.num = 5 (custom)
2023-08-28 09:31:07,506 [2b44ba7e-4447-49ac-8e23-11440ea2d57e-groupManagement] INFO  server.RaftServerConfigKeys (ConfUtils.java:logGet(46)) - raft.server.log.purge.upto.snapshot.index = false (default)
2023-08-28 09:31:07,507 [2b44ba7e-4447-49ac-8e23-11440ea2d57e@group-8D309CA94D72-FollowerState] INFO  server.RaftServerConfigKeys (ConfUtils.java:logFallback(53)) - raft.server.rpc.first-election.timeout.min = 5s (fallback to raft.server.rpc.timeout.min)
2023-08-28 09:31:07,507 [2b44ba7e-4447-49ac-8e23-11440ea2d57e@group-8D309CA94D72-FollowerState] INFO  server.RaftServerConfigKeys (ConfUtils.java:logFallback(53)) - raft.server.rpc.first-election.timeout.max = 5200ms (fallback to raft.server.rpc.timeout.max)
2023-08-28 09:31:07,514 [PipelineCommandHandlerThread-0] INFO  ratis.XceiverServerRatis (XceiverServerRatis.java:addGroup(804)) - Created group PipelineID=28d535bf-1b69-4277-a89c-8d309ca94d72
2023-08-28 09:31:07,514 [PipelineCommandHandlerThread-0] INFO  commandhandler.CreatePipelineCommandHandler (CreatePipelineCommandHandler.java:lambda$handle$2(124)) - Created Pipeline RATIS ONE PipelineID=28d535bf-1b69-4277-a89c-8d309ca94d72.
2023-08-28 09:31:07,515 [PipelineCommandHandlerThread-0] INFO  server.RaftServer (RaftServerProxy.java:addNew(98)) - 2b44ba7e-4447-49ac-8e23-11440ea2d57e: addNew group-A270CD0B37D7:[dcc8ddaa-5db1-4c5e-85ac-81412a5c6050|rpc:10.1.0.27:15023|admin:10.1.0.27:15022|client:10.1.0.27:15021|dataStream:10.1.0.27:15024|priority:0|startupRole:FOLLOWER, 4beee146-73ae-4cd4-94a1-e1eb5fcd7f02|rpc:10.1.0.27:15032|admin:10.1.0.27:15031|client:10.1.0.27:15030|dataStream:10.1.0.27:15033|priority:1|startupRole:FOLLOWER, 2b44ba7e-4447-49ac-8e23-11440ea2d57e|rpc:10.1.0.27:15014|admin:10.1.0.27:15013|client:10.1.0.27:15012|dataStream:10.1.0.27:15015|priority:0|startupRole:FOLLOWER] returns group-A270CD0B37D7:java.util.concurrent.CompletableFuture@49388270[Not completed]
2023-08-28 09:31:07,516 [2b44ba7e-4447-49ac-8e23-11440ea2d57e-groupManagement] INFO  server.RaftServer$Division (RaftServerImpl.java:<init>(198)) - 2b44ba7e-4447-49ac-8e23-11440ea2d57e: new RaftServerImpl for group-A270CD0B37D7:[dcc8ddaa-5db1-4c5e-85ac-81412a5c6050|rpc:10.1.0.27:15023|admin:10.1.0.27:15022|client:10.1.0.27:15021|dataStream:10.1.0.27:15024|priority:0|startupRole:FOLLOWER, 4beee146-73ae-4cd4-94a1-e1eb5fcd7f02|rpc:10.1.0.27:15032|admin:10.1.0.27:15031|client:10.1.0.27:15030|dataStream:10.1.0.27:15033|priority:1|startupRole:FOLLOWER, 2b44ba7e-4447-49ac-8e23-11440ea2d57e|rpc:10.1.0.27:15014|admin:10.1.0.27:15013|client:10.1.0.27:15012|dataStream:10.1.0.27:15015|priority:0|startupRole:FOLLOWER] with ContainerStateMachine:uninitialized
2023-08-28 09:31:07,516 [2b44ba7e-4447-49ac-8e23-11440ea2d57e-groupManagement] INFO  server.RaftServerConfigKeys (ConfUtils.java:logGet(46)) - raft.server.rpc.timeout.min = 5s (custom)
2023-08-28 09:31:07,516 [2b44ba7e-4447-49ac-8e23-11440ea2d57e-groupManagement] INFO  server.RaftServerConfigKeys (ConfUtils.java:logGet(46)) - raft.server.rpc.timeout.max = 5200ms (custom)
2023-08-28 09:31:07,516 [2b44ba7e-4447-49ac-8e23-11440ea2d57e-groupManagement] INFO  server.RaftServerConfigKeys (ConfUtils.java:logGet(46)) - raft.server.rpc.sleep.time = 25ms (default)
2023-08-28 09:31:07,516 [2b44ba7e-4447-49ac-8e23-11440ea2d57e-groupManagement] INFO  server.RaftServerConfigKeys (ConfUtils.java:logGet(46)) - raft.server.rpc.slowness.timeout = 300s (custom)
2023-08-28 09:31:07,516 [2b44ba7e-4447-49ac-8e23-11440ea2d57e-groupManagement] INFO  server.RaftServerConfigKeys (ConfUtils.java:logGet(46)) - raft.server.leaderelection.leader.step-down.wait-time = 10s (default)
2023-08-28 09:31:07,516 [2b44ba7e-4447-49ac-8e23-11440ea2d57e-groupManagement] INFO  server.RaftServerConfigKeys (ConfUtils.java:logGet(46)) - raft.server.sleep.deviation.threshold = 300ms (default)
2023-08-28 09:31:07,516 [2b44ba7e-4447-49ac-8e23-11440ea2d57e-groupManagement] INFO  server.RaftServer$Division (ServerState.java:<init>(120)) - 2b44ba7e-4447-49ac-8e23-11440ea2d57e@group-A270CD0B37D7: ConfigurationManager, init=-1: peers:[dcc8ddaa-5db1-4c5e-85ac-81412a5c6050|rpc:10.1.0.27:15023|admin:10.1.0.27:15022|client:10.1.0.27:15021|dataStream:10.1.0.27:15024|priority:0|startupRole:FOLLOWER, 4beee146-73ae-4cd4-94a1-e1eb5fcd7f02|rpc:10.1.0.27:15032|admin:10.1.0.27:15031|client:10.1.0.27:15030|dataStream:10.1.0.27:15033|priority:1|startupRole:FOLLOWER, 2b44ba7e-4447-49ac-8e23-11440ea2d57e|rpc:10.1.0.27:15014|admin:10.1.0.27:15013|client:10.1.0.27:15012|dataStream:10.1.0.27:15015|priority:0|startupRole:FOLLOWER]|listeners:[], old=null, confs=<EMPTY_MAP>
2023-08-28 09:31:07,517 [2b44ba7e-4447-49ac-8e23-11440ea2d57e-groupManagement] INFO  server.RaftServerConfigKeys (ConfUtils.java:logGet(46)) - raft.server.storage.dir = [/home/runner/work/ozone/ozone/hadoop-ozone/integration-test/target/test-dir/MiniOzoneClusterImpl-56d16ed0-cc7e-4f87-bd63-81d84e7eb885/datanode-0/data/ratis] (custom)
2023-08-28 09:31:07,517 [2b44ba7e-4447-49ac-8e23-11440ea2d57e-groupManagement] INFO  server.RaftServerConfigKeys (ConfUtils.java:logGet(46)) - raft.server.log.corruption.policy = EXCEPTION (default)
2023-08-28 09:31:07,517 [2b44ba7e-4447-49ac-8e23-11440ea2d57e-groupManagement] INFO  server.RaftServerConfigKeys (ConfUtils.java:logGet(46)) - raft.server.storage.free-space.min = 0MB (=0) (default)
2023-08-28 09:31:07,517 [2b44ba7e-4447-49ac-8e23-11440ea2d57e-groupManagement] INFO  server.RaftServerConfigKeys (ConfUtils.java:logGet(46)) - raft.server.notification.no-leader.timeout = 300s (custom)
2023-08-28 09:31:07,517 [2b44ba7e-4447-49ac-8e23-11440ea2d57e-groupManagement] INFO  server.RaftServerConfigKeys (ConfUtils.java:logGet(46)) - raft.server.read.timeout = 10s (default)
2023-08-28 09:31:07,517 [2b44ba7e-4447-49ac-8e23-11440ea2d57e-groupManagement] INFO  server.RaftServerConfigKeys (ConfUtils.java:logGet(46)) - raft.server.retrycache.expirytime = 600000ms (custom)
2023-08-28 09:31:07,517 [2b44ba7e-4447-49ac-8e23-11440ea2d57e-groupManagement] INFO  server.RaftServerConfigKeys (ConfUtils.java:logGet(46)) - raft.server.retrycache.statistics.expirytime = 100μs (default)
2023-08-28 09:31:07,517 [2b44ba7e-4447-49ac-8e23-11440ea2d57e-groupManagement] INFO  server.RaftServerConfigKeys (ConfUtils.java:logGet(46)) - raft.server.read.option = DEFAULT (default)
2023-08-28 09:31:07,519 [2b44ba7e-4447-49ac-8e23-11440ea2d57e-groupManagement] INFO  server.RaftServerConfigKeys (ConfUtils.java:logGet(46)) - raft.server.rpc.request.timeout = 60s (custom)
2023-08-28 09:31:07,519 [2b44ba7e-4447-49ac-8e23-11440ea2d57e-groupManagement] INFO  server.RaftServerConfigKeys (ConfUtils.java:logGet(46)) - raft.server.log.appender.install.snapshot.enabled = false (custom)
2023-08-28 09:31:07,520 [2b44ba7e-4447-49ac-8e23-11440ea2d57e-groupManagement] INFO  server.RaftServerConfigKeys (ConfUtils.java:logGet(46)) - raft.server.threadpool.server.cached = true (default)
2023-08-28 09:31:07,520 [2b44ba7e-4447-49ac-8e23-11440ea2d57e-groupManagement] INFO  server.RaftServerConfigKeys (ConfUtils.java:logGet(46)) - raft.server.threadpool.server.size = 0 (default)
2023-08-28 09:31:07,520 [2b44ba7e-4447-49ac-8e23-11440ea2d57e-groupManagement] INFO  server.RaftServerConfigKeys (ConfUtils.java:logGet(46)) - raft.server.threadpool.client.cached = true (default)
2023-08-28 09:31:07,520 [2b44ba7e-4447-49ac-8e23-11440ea2d57e-groupManagement] INFO  server.RaftServerConfigKeys (ConfUtils.java:logGet(46)) - raft.server.threadpool.client.size = 0 (default)
2023-08-28 09:31:07,520 [2b44ba7e-4447-49ac-8e23-11440ea2d57e-groupManagement] INFO  storage.RaftStorageDirectory (RaftStorageDirectoryImpl.java:analyzeStorage(137)) - The storage directory /home/runner/work/ozone/ozone/hadoop-ozone/integration-test/target/test-dir/MiniOzoneClusterImpl-56d16ed0-cc7e-4f87-bd63-81d84e7eb885/datanode-0/data/ratis/78412001-a398-40cc-81dd-a270cd0b37d7 does not exist. Creating ...
2023-08-28 09:31:07,521 [2b44ba7e-4447-49ac-8e23-11440ea2d57e-groupManagement] INFO  storage.RaftStorageDirectory (RaftStorageDirectoryImpl.java:tryLock(231)) - Lock on /home/runner/work/ozone/ozone/hadoop-ozone/integration-test/target/test-dir/MiniOzoneClusterImpl-56d16ed0-cc7e-4f87-bd63-81d84e7eb885/datanode-0/data/ratis/78412001-a398-40cc-81dd-a270cd0b37d7/in_use.lock acquired by nodename 61172@fv-az625-77
2023-08-28 09:31:07,522 [2b44ba7e-4447-49ac-8e23-11440ea2d57e-groupManagement] INFO  storage.RaftStorage (RaftStorageImpl.java:format(96)) - Storage directory /home/runner/work/ozone/ozone/hadoop-ozone/integration-test/target/test-dir/MiniOzoneClusterImpl-56d16ed0-cc7e-4f87-bd63-81d84e7eb885/datanode-0/data/ratis/78412001-a398-40cc-81dd-a270cd0b37d7 has been successfully formatted.
2023-08-28 09:31:07,523 [2b44ba7e-4447-49ac-8e23-11440ea2d57e-groupManagement] INFO  ratis.ContainerStateMachine (ContainerStateMachine.java:loadSnapshot(262)) - group-A270CD0B37D7: The snapshot info is null. Setting the last applied indexto:(t:0, i:~)
2023-08-28 09:31:07,523 [2b44ba7e-4447-49ac-8e23-11440ea2d57e-groupManagement] INFO  server.RaftServerConfigKeys (ConfUtils.java:logGet(46)) - raft.server.log.use.memory = false (default)
2023-08-28 09:31:07,523 [2b44ba7e-4447-49ac-8e23-11440ea2d57e-groupManagement] INFO  server.RaftServerConfigKeys (ConfUtils.java:logGet(46)) - raft.server.log.purge.gap = 1000000 (custom)
2023-08-28 09:31:07,523 [2b44ba7e-4447-49ac-8e23-11440ea2d57e-groupManagement] INFO  server.RaftServerConfigKeys (ConfUtils.java:logGet(46)) - raft.server.log.appender.buffer.byte-limit = 33554432 (custom)
2023-08-28 09:31:07,523 [2b44ba7e-4447-49ac-8e23-11440ea2d57e-groupManagement] INFO  server.RaftServerConfigKeys (ConfUtils.java:logGet(46)) - raft.server.log.statemachine.data.read.timeout = 1000ms (default)
2023-08-28 09:31:07,523 [2b44ba7e-4447-49ac-8e23-11440ea2d57e-groupManagement] INFO  server.RaftServerConfigKeys (ConfUtils.java:logGet(46)) - raft.server.log.purge.preservation.log.num = 0 (default)
2023-08-28 09:31:07,532 [2b44ba7e-4447-49ac-8e23-11440ea2d57e-groupManagement] INFO  server.RaftServerConfigKeys (ConfUtils.java:logGet(46)) - raft.server.log.segment.size.max = 1048576 (custom)
2023-08-28 09:31:07,533 [EventQueue-OpenPipelineForHealthyPipelineSafeModeRule] INFO  safemode.SCMSafeModeManager (HealthyPipelineSafeModeRule.java:process(137)) - SCM in safe mode. Healthy pipelines reported count is 0, required healthy pipeline reported count is 1
2023-08-28 09:31:07,533 [2b44ba7e-4447-49ac-8e23-11440ea2d57e-groupManagement] INFO  server.RaftServerConfigKeys (ConfUtils.java:logGet(46)) - raft.server.log.segment.cache.num.max = 2 (custom)
2023-08-28 09:31:07,534 [2b44ba7e-4447-49ac-8e23-11440ea2d57e-groupManagement] INFO  server.RaftServerConfigKeys (ConfUtils.java:logGet(46)) - raft.server.log.segment.cache.size.max = 200MB (=209715200) (default)
2023-08-28 09:31:07,534 [2b44ba7e-4447-49ac-8e23-11440ea2d57e-groupManagement] INFO  server.RaftServerConfigKeys (ConfUtils.java:logGet(46)) - raft.server.log.appender.buffer.byte-limit = 33554432 (custom)
2023-08-28 09:31:07,534 [2b44ba7e-4447-49ac-8e23-11440ea2d57e-groupManagement] INFO  segmented.SegmentedRaftLogWorker (SegmentedRaftLogWorker.java:<init>(188)) - new 2b44ba7e-4447-49ac-8e23-11440ea2d57e@group-A270CD0B37D7-SegmentedRaftLogWorker for RaftStorageImpl:Storage Directory /home/runner/work/ozone/ozone/hadoop-ozone/integration-test/target/test-dir/MiniOzoneClusterImpl-56d16ed0-cc7e-4f87-bd63-81d84e7eb885/datanode-0/data/ratis/78412001-a398-40cc-81dd-a270cd0b37d7
2023-08-28 09:31:07,534 [2b44ba7e-4447-49ac-8e23-11440ea2d57e-groupManagement] INFO  server.RaftServerConfigKeys (ConfUtils.java:logGet(46)) - raft.server.log.queue.byte-limit = 4294967296 (custom)
2023-08-28 09:31:07,534 [2b44ba7e-4447-49ac-8e23-11440ea2d57e-groupManagement] INFO  server.RaftServerConfigKeys (ConfUtils.java:logGet(46)) - raft.server.log.queue.element-limit = 1024 (custom)
2023-08-28 09:31:07,534 [2b44ba7e-4447-49ac-8e23-11440ea2d57e-groupManagement] INFO  server.RaftServerConfigKeys (ConfUtils.java:logGet(46)) - raft.server.log.segment.size.max = 1048576 (custom)
2023-08-28 09:31:07,534 [2b44ba7e-4447-49ac-8e23-11440ea2d57e-groupManagement] INFO  server.RaftServerConfigKeys (ConfUtils.java:logGet(46)) - raft.server.log.preallocated.size = 16384 (custom)
2023-08-28 09:31:07,534 [2b44ba7e-4447-49ac-8e23-11440ea2d57e-groupManagement] INFO  server.RaftServerConfigKeys (ConfUtils.java:logGet(46)) - raft.server.log.force.sync.num = 128 (default)
2023-08-28 09:31:07,534 [2b44ba7e-4447-49ac-8e23-11440ea2d57e-groupManagement] INFO  server.RaftServerConfigKeys (ConfUtils.java:logGet(46)) - raft.server.log.statemachine.data.sync = true (default)
2023-08-28 09:31:07,534 [2b44ba7e-4447-49ac-8e23-11440ea2d57e-groupManagement] INFO  server.RaftServerConfigKeys (ConfUtils.java:logGet(46)) - raft.server.log.statemachine.data.sync.timeout = 10s (default)
2023-08-28 09:31:07,534 [2b44ba7e-4447-49ac-8e23-11440ea2d57e-groupManagement] INFO  server.RaftServerConfigKeys (ConfUtils.java:logGet(46)) - raft.server.log.statemachine.data.sync.timeout.retry = -1 (default)
2023-08-28 09:31:07,536 [2b44ba7e-4447-49ac-8e23-11440ea2d57e-groupManagement] INFO  server.RaftServerConfigKeys (ConfUtils.java:logGet(46)) - raft.server.log.write.buffer.size = 1048576 (custom)
2023-08-28 09:31:07,537 [2b44ba7e-4447-49ac-8e23-11440ea2d57e-groupManagement] INFO  server.RaftServerConfigKeys (ConfUtils.java:logGet(46)) - raft.server.log.appender.buffer.byte-limit = 33554432 (custom)
2023-08-28 09:31:07,542 [2b44ba7e-4447-49ac-8e23-11440ea2d57e-groupManagement] INFO  server.RaftServerConfigKeys (ConfUtils.java:logGet(46)) - raft.server.log.unsafe-flush.enabled = false (default)
2023-08-28 09:31:07,542 [2b44ba7e-4447-49ac-8e23-11440ea2d57e-groupManagement] INFO  server.RaftServerConfigKeys (ConfUtils.java:logGet(46)) - raft.server.log.async-flush.enabled = false (default)
2023-08-28 09:31:07,542 [2b44ba7e-4447-49ac-8e23-11440ea2d57e-groupManagement] INFO  server.RaftServerConfigKeys (ConfUtils.java:logGet(46)) - raft.server.log.statemachine.data.caching.enabled = true (custom)
2023-08-28 09:31:07,542 [2b44ba7e-4447-49ac-8e23-11440ea2d57e-groupManagement] INFO  segmented.SegmentedRaftLogWorker (SegmentedRaftLogWorker.java:lambda$new$0(135)) - 2b44ba7e-4447-49ac-8e23-11440ea2d57e@group-A270CD0B37D7-SegmentedRaftLogWorker: flushIndex: setUnconditionally 0 -> -1
2023-08-28 09:31:07,542 [2b44ba7e-4447-49ac-8e23-11440ea2d57e-groupManagement] INFO  segmented.SegmentedRaftLogWorker (SegmentedRaftLogWorker.java:lambda$new$0(135)) - 2b44ba7e-4447-49ac-8e23-11440ea2d57e@group-A270CD0B37D7-SegmentedRaftLogWorker: safeCacheEvictIndex: setUnconditionally 0 -> -1
2023-08-28 09:31:07,542 [2b44ba7e-4447-49ac-8e23-11440ea2d57e-groupManagement] INFO  server.RaftServer$Division (RaftServerImpl.java:start(342)) - 2b44ba7e-4447-49ac-8e23-11440ea2d57e@group-A270CD0B37D7: start as a follower, conf=-1: peers:[dcc8ddaa-5db1-4c5e-85ac-81412a5c6050|rpc:10.1.0.27:15023|admin:10.1.0.27:15022|client:10.1.0.27:15021|dataStream:10.1.0.27:15024|priority:0|startupRole:FOLLOWER, 4beee146-73ae-4cd4-94a1-e1eb5fcd7f02|rpc:10.1.0.27:15032|admin:10.1.0.27:15031|client:10.1.0.27:15030|dataStream:10.1.0.27:15033|priority:1|startupRole:FOLLOWER, 2b44ba7e-4447-49ac-8e23-11440ea2d57e|rpc:10.1.0.27:15014|admin:10.1.0.27:15013|client:10.1.0.27:15012|dataStream:10.1.0.27:15015|priority:0|startupRole:FOLLOWER]|listeners:[], old=null
2023-08-28 09:31:07,542 [2b44ba7e-4447-49ac-8e23-11440ea2d57e-groupManagement] INFO  server.RaftServer$Division (RaftServerImpl.java:setRole(329)) - 2b44ba7e-4447-49ac-8e23-11440ea2d57e@group-A270CD0B37D7: changes role from      null to FOLLOWER at term 0 for startAsFollower
2023-08-28 09:31:07,542 [2b44ba7e-4447-49ac-8e23-11440ea2d57e-groupManagement] INFO  impl.RoleInfo (RoleInfo.java:updateAndGet(139)) - 2b44ba7e-4447-49ac-8e23-11440ea2d57e: start 2b44ba7e-4447-49ac-8e23-11440ea2d57e@group-A270CD0B37D7-FollowerState
2023-08-28 09:31:07,543 [2b44ba7e-4447-49ac-8e23-11440ea2d57e@group-A270CD0B37D7-FollowerState] INFO  server.RaftServerConfigKeys (ConfUtils.java:logFallback(53)) - raft.server.rpc.first-election.timeout.min = 5s (fallback to raft.server.rpc.timeout.min)
2023-08-28 09:31:07,544 [2b44ba7e-4447-49ac-8e23-11440ea2d57e@group-A270CD0B37D7-FollowerState] INFO  server.RaftServerConfigKeys (ConfUtils.java:logFallback(53)) - raft.server.rpc.first-election.timeout.max = 5200ms (fallback to raft.server.rpc.timeout.max)
2023-08-28 09:31:07,544 [2b44ba7e-4447-49ac-8e23-11440ea2d57e-groupManagement] INFO  util.JmxRegister (JmxRegister.java:tryRegister(44)) - Successfully registered JMX Bean with object name Ratis:service=RaftServer,group=group-A270CD0B37D7,id=2b44ba7e-4447-49ac-8e23-11440ea2d57e
2023-08-28 09:31:07,544 [2b44ba7e-4447-49ac-8e23-11440ea2d57e-groupManagement] INFO  server.RaftServerConfigKeys (ConfUtils.java:logGet(46)) - raft.server.snapshot.auto.trigger.enabled = true (custom)
2023-08-28 09:31:07,544 [2b44ba7e-4447-49ac-8e23-11440ea2d57e-groupManagement] INFO  server.RaftServerConfigKeys (ConfUtils.java:logGet(46)) - raft.server.snapshot.auto.trigger.threshold = 10000 (custom)
2023-08-28 09:31:07,544 [2b44ba7e-4447-49ac-8e23-11440ea2d57e-groupManagement] INFO  server.RaftServerConfigKeys (ConfUtils.java:logGet(46)) - raft.server.snapshot.retention.file.num = 5 (custom)
2023-08-28 09:31:07,544 [2b44ba7e-4447-49ac-8e23-11440ea2d57e-groupManagement] INFO  server.RaftServerConfigKeys (ConfUtils.java:logGet(46)) - raft.server.log.purge.upto.snapshot.index = false (default)
2023-08-28 09:31:07,547 [PipelineCommandHandlerThread-0] INFO  ratis.XceiverServerRatis (XceiverServerRatis.java:addGroup(804)) - Created group PipelineID=78412001-a398-40cc-81dd-a270cd0b37d7
2023-08-28 09:31:08,004 [grpc-default-executor-0] INFO  server.RaftServer (RaftServerProxy.java:addNew(98)) - dcc8ddaa-5db1-4c5e-85ac-81412a5c6050: addNew group-A270CD0B37D7:[dcc8ddaa-5db1-4c5e-85ac-81412a5c6050|rpc:10.1.0.27:15023|admin:10.1.0.27:15022|client:10.1.0.27:15021|dataStream:10.1.0.27:15024|priority:0|startupRole:FOLLOWER, 4beee146-73ae-4cd4-94a1-e1eb5fcd7f02|rpc:10.1.0.27:15032|admin:10.1.0.27:15031|client:10.1.0.27:15030|dataStream:10.1.0.27:15033|priority:1|startupRole:FOLLOWER, 2b44ba7e-4447-49ac-8e23-11440ea2d57e|rpc:10.1.0.27:15014|admin:10.1.0.27:15013|client:10.1.0.27:15012|dataStream:10.1.0.27:15015|priority:0|startupRole:FOLLOWER] returns group-A270CD0B37D7:java.util.concurrent.CompletableFuture@758c8e2f[Not completed]
2023-08-28 09:31:08,008 [dcc8ddaa-5db1-4c5e-85ac-81412a5c6050-groupManagement] INFO  server.RaftServer$Division (RaftServerImpl.java:<init>(198)) - dcc8ddaa-5db1-4c5e-85ac-81412a5c6050: new RaftServerImpl for group-A270CD0B37D7:[dcc8ddaa-5db1-4c5e-85ac-81412a5c6050|rpc:10.1.0.27:15023|admin:10.1.0.27:15022|client:10.1.0.27:15021|dataStream:10.1.0.27:15024|priority:0|startupRole:FOLLOWER, 4beee146-73ae-4cd4-94a1-e1eb5fcd7f02|rpc:10.1.0.27:15032|admin:10.1.0.27:15031|client:10.1.0.27:15030|dataStream:10.1.0.27:15033|priority:1|startupRole:FOLLOWER, 2b44ba7e-4447-49ac-8e23-11440ea2d57e|rpc:10.1.0.27:15014|admin:10.1.0.27:15013|client:10.1.0.27:15012|dataStream:10.1.0.27:15015|priority:0|startupRole:FOLLOWER] with ContainerStateMachine:uninitialized
2023-08-28 09:31:08,009 [dcc8ddaa-5db1-4c5e-85ac-81412a5c6050-groupManagement] INFO  server.RaftServerConfigKeys (ConfUtils.java:logGet(46)) - raft.server.rpc.timeout.min = 5s (custom)
2023-08-28 09:31:08,009 [dcc8ddaa-5db1-4c5e-85ac-81412a5c6050-groupManagement] INFO  server.RaftServerConfigKeys (ConfUtils.java:logGet(46)) - raft.server.rpc.timeout.max = 5200ms (custom)
2023-08-28 09:31:08,009 [dcc8ddaa-5db1-4c5e-85ac-81412a5c6050-groupManagement] INFO  server.RaftServerConfigKeys (ConfUtils.java:logGet(46)) - raft.server.rpc.sleep.time = 25ms (default)
2023-08-28 09:31:08,009 [dcc8ddaa-5db1-4c5e-85ac-81412a5c6050-groupManagement] INFO  server.RaftServerConfigKeys (ConfUtils.java:logGet(46)) - raft.server.rpc.slowness.timeout = 300s (custom)
2023-08-28 09:31:08,009 [dcc8ddaa-5db1-4c5e-85ac-81412a5c6050-groupManagement] INFO  server.RaftServerConfigKeys (ConfUtils.java:logGet(46)) - raft.server.leaderelection.leader.step-down.wait-time = 10s (default)
2023-08-28 09:31:08,009 [dcc8ddaa-5db1-4c5e-85ac-81412a5c6050-groupManagement] INFO  server.RaftServerConfigKeys (ConfUtils.java:logGet(46)) - raft.server.sleep.deviation.threshold = 300ms (default)
2023-08-28 09:31:08,010 [dcc8ddaa-5db1-4c5e-85ac-81412a5c6050-groupManagement] INFO  server.RaftServer$Division (ServerState.java:<init>(120)) - dcc8ddaa-5db1-4c5e-85ac-81412a5c6050@group-A270CD0B37D7: ConfigurationManager, init=-1: peers:[dcc8ddaa-5db1-4c5e-85ac-81412a5c6050|rpc:10.1.0.27:15023|admin:10.1.0.27:15022|client:10.1.0.27:15021|dataStream:10.1.0.27:15024|priority:0|startupRole:FOLLOWER, 4beee146-73ae-4cd4-94a1-e1eb5fcd7f02|rpc:10.1.0.27:15032|admin:10.1.0.27:15031|client:10.1.0.27:15030|dataStream:10.1.0.27:15033|priority:1|startupRole:FOLLOWER, 2b44ba7e-4447-49ac-8e23-11440ea2d57e|rpc:10.1.0.27:15014|admin:10.1.0.27:15013|client:10.1.0.27:15012|dataStream:10.1.0.27:15015|priority:0|startupRole:FOLLOWER]|listeners:[], old=null, confs=<EMPTY_MAP>
2023-08-28 09:31:08,011 [dcc8ddaa-5db1-4c5e-85ac-81412a5c6050-groupManagement] INFO  server.RaftServerConfigKeys (ConfUtils.java:logGet(46)) - raft.server.storage.dir = [/home/runner/work/ozone/ozone/hadoop-ozone/integration-test/target/test-dir/MiniOzoneClusterImpl-56d16ed0-cc7e-4f87-bd63-81d84e7eb885/datanode-1/data/ratis] (custom)
2023-08-28 09:31:08,011 [dcc8ddaa-5db1-4c5e-85ac-81412a5c6050-groupManagement] INFO  server.RaftServerConfigKeys (ConfUtils.java:logGet(46)) - raft.server.log.corruption.policy = EXCEPTION (default)
2023-08-28 09:31:08,011 [dcc8ddaa-5db1-4c5e-85ac-81412a5c6050-groupManagement] INFO  server.RaftServerConfigKeys (ConfUtils.java:logGet(46)) - raft.server.storage.free-space.min = 0MB (=0) (default)
2023-08-28 09:31:08,011 [dcc8ddaa-5db1-4c5e-85ac-81412a5c6050-groupManagement] INFO  server.RaftServerConfigKeys (ConfUtils.java:logGet(46)) - raft.server.notification.no-leader.timeout = 300s (custom)
2023-08-28 09:31:08,012 [dcc8ddaa-5db1-4c5e-85ac-81412a5c6050-groupManagement] INFO  server.RaftServerConfigKeys (ConfUtils.java:logGet(46)) - raft.server.read.timeout = 10s (default)
2023-08-28 09:31:08,012 [dcc8ddaa-5db1-4c5e-85ac-81412a5c6050-groupManagement] INFO  server.RaftServerConfigKeys (ConfUtils.java:logGet(46)) - raft.server.retrycache.expirytime = 600000ms (custom)
2023-08-28 09:31:08,012 [dcc8ddaa-5db1-4c5e-85ac-81412a5c6050-groupManagement] INFO  server.RaftServerConfigKeys (ConfUtils.java:logGet(46)) - raft.server.retrycache.statistics.expirytime = 100μs (default)
2023-08-28 09:31:08,012 [dcc8ddaa-5db1-4c5e-85ac-81412a5c6050-groupManagement] INFO  server.RaftServerConfigKeys (ConfUtils.java:logGet(46)) - raft.server.read.option = DEFAULT (default)
2023-08-28 09:31:08,022 [dcc8ddaa-5db1-4c5e-85ac-81412a5c6050-groupManagement] INFO  server.RaftServerConfigKeys (ConfUtils.java:logGet(46)) - raft.server.rpc.request.timeout = 60s (custom)
2023-08-28 09:31:08,022 [dcc8ddaa-5db1-4c5e-85ac-81412a5c6050-groupManagement] INFO  server.RaftServerConfigKeys (ConfUtils.java:logGet(46)) - raft.server.log.appender.install.snapshot.enabled = false (custom)
2023-08-28 09:31:08,022 [dcc8ddaa-5db1-4c5e-85ac-81412a5c6050-groupManagement] INFO  server.RaftServerConfigKeys (ConfUtils.java:logGet(46)) - raft.server.threadpool.server.cached = true (default)
2023-08-28 09:31:08,022 [dcc8ddaa-5db1-4c5e-85ac-81412a5c6050-groupManagement] INFO  server.RaftServerConfigKeys (ConfUtils.java:logGet(46)) - raft.server.threadpool.server.size = 0 (default)
2023-08-28 09:31:08,022 [dcc8ddaa-5db1-4c5e-85ac-81412a5c6050-groupManagement] INFO  server.RaftServerConfigKeys (ConfUtils.java:logGet(46)) - raft.server.threadpool.client.cached = true (default)
2023-08-28 09:31:08,023 [dcc8ddaa-5db1-4c5e-85ac-81412a5c6050-groupManagement] INFO  server.RaftServerConfigKeys (ConfUtils.java:logGet(46)) - raft.server.threadpool.client.size = 0 (default)
2023-08-28 09:31:08,023 [dcc8ddaa-5db1-4c5e-85ac-81412a5c6050-groupManagement] INFO  storage.RaftStorageDirectory (RaftStorageDirectoryImpl.java:analyzeStorage(137)) - The storage directory /home/runner/work/ozone/ozone/hadoop-ozone/integration-test/target/test-dir/MiniOzoneClusterImpl-56d16ed0-cc7e-4f87-bd63-81d84e7eb885/datanode-1/data/ratis/78412001-a398-40cc-81dd-a270cd0b37d7 does not exist. Creating ...
2023-08-28 09:31:08,025 [dcc8ddaa-5db1-4c5e-85ac-81412a5c6050-groupManagement] INFO  storage.RaftStorageDirectory (RaftStorageDirectoryImpl.java:tryLock(231)) - Lock on /home/runner/work/ozone/ozone/hadoop-ozone/integration-test/target/test-dir/MiniOzoneClusterImpl-56d16ed0-cc7e-4f87-bd63-81d84e7eb885/datanode-1/data/ratis/78412001-a398-40cc-81dd-a270cd0b37d7/in_use.lock acquired by nodename 61172@fv-az625-77
2023-08-28 09:31:08,028 [dcc8ddaa-5db1-4c5e-85ac-81412a5c6050-groupManagement] INFO  storage.RaftStorage (RaftStorageImpl.java:format(96)) - Storage directory /home/runner/work/ozone/ozone/hadoop-ozone/integration-test/target/test-dir/MiniOzoneClusterImpl-56d16ed0-cc7e-4f87-bd63-81d84e7eb885/datanode-1/data/ratis/78412001-a398-40cc-81dd-a270cd0b37d7 has been successfully formatted.
2023-08-28 09:31:08,030 [dcc8ddaa-5db1-4c5e-85ac-81412a5c6050-groupManagement] INFO  ratis.ContainerStateMachine (ContainerStateMachine.java:loadSnapshot(262)) - group-A270CD0B37D7: The snapshot info is null. Setting the last applied indexto:(t:0, i:~)
2023-08-28 09:31:08,042 [dcc8ddaa-5db1-4c5e-85ac-81412a5c6050-groupManagement] INFO  server.RaftServerConfigKeys (ConfUtils.java:logGet(46)) - raft.server.log.use.memory = false (default)
2023-08-28 09:31:08,042 [dcc8ddaa-5db1-4c5e-85ac-81412a5c6050-groupManagement] INFO  server.RaftServerConfigKeys (ConfUtils.java:logGet(46)) - raft.server.log.purge.gap = 1000000 (custom)
2023-08-28 09:31:08,042 [dcc8ddaa-5db1-4c5e-85ac-81412a5c6050-groupManagement] INFO  server.RaftServerConfigKeys (ConfUtils.java:logGet(46)) - raft.server.log.appender.buffer.byte-limit = 33554432 (custom)
2023-08-28 09:31:08,042 [dcc8ddaa-5db1-4c5e-85ac-81412a5c6050-groupManagement] INFO  server.RaftServerConfigKeys (ConfUtils.java:logGet(46)) - raft.server.log.statemachine.data.read.timeout = 1000ms (default)
2023-08-28 09:31:08,043 [dcc8ddaa-5db1-4c5e-85ac-81412a5c6050-groupManagement] INFO  server.RaftServerConfigKeys (ConfUtils.java:logGet(46)) - raft.server.log.purge.preservation.log.num = 0 (default)
2023-08-28 09:31:08,043 [dcc8ddaa-5db1-4c5e-85ac-81412a5c6050-groupManagement] INFO  server.RaftServerConfigKeys (ConfUtils.java:logGet(46)) - raft.server.log.segment.size.max = 1048576 (custom)
2023-08-28 09:31:08,044 [dcc8ddaa-5db1-4c5e-85ac-81412a5c6050-groupManagement] INFO  server.RaftServerConfigKeys (ConfUtils.java:logGet(46)) - raft.server.log.segment.cache.num.max = 2 (custom)
2023-08-28 09:31:08,044 [dcc8ddaa-5db1-4c5e-85ac-81412a5c6050-groupManagement] INFO  server.RaftServerConfigKeys (ConfUtils.java:logGet(46)) - raft.server.log.segment.cache.size.max = 200MB (=209715200) (default)
2023-08-28 09:31:08,044 [dcc8ddaa-5db1-4c5e-85ac-81412a5c6050-groupManagement] INFO  server.RaftServerConfigKeys (ConfUtils.java:logGet(46)) - raft.server.log.appender.buffer.byte-limit = 33554432 (custom)
2023-08-28 09:31:08,044 [dcc8ddaa-5db1-4c5e-85ac-81412a5c6050-groupManagement] INFO  segmented.SegmentedRaftLogWorker (SegmentedRaftLogWorker.java:<init>(188)) - new dcc8ddaa-5db1-4c5e-85ac-81412a5c6050@group-A270CD0B37D7-SegmentedRaftLogWorker for RaftStorageImpl:Storage Directory /home/runner/work/ozone/ozone/hadoop-ozone/integration-test/target/test-dir/MiniOzoneClusterImpl-56d16ed0-cc7e-4f87-bd63-81d84e7eb885/datanode-1/data/ratis/78412001-a398-40cc-81dd-a270cd0b37d7
2023-08-28 09:31:08,044 [dcc8ddaa-5db1-4c5e-85ac-81412a5c6050-groupManagement] INFO  server.RaftServerConfigKeys (ConfUtils.java:logGet(46)) - raft.server.log.queue.byte-limit = 4294967296 (custom)
2023-08-28 09:31:08,044 [dcc8ddaa-5db1-4c5e-85ac-81412a5c6050-groupManagement] INFO  server.RaftServerConfigKeys (ConfUtils.java:logGet(46)) - raft.server.log.queue.element-limit = 1024 (custom)
2023-08-28 09:31:08,044 [dcc8ddaa-5db1-4c5e-85ac-81412a5c6050-groupManagement] INFO  server.RaftServerConfigKeys (ConfUtils.java:logGet(46)) - raft.server.log.segment.size.max = 1048576 (custom)
2023-08-28 09:31:08,045 [dcc8ddaa-5db1-4c5e-85ac-81412a5c6050-groupManagement] INFO  server.RaftServerConfigKeys (ConfUtils.java:logGet(46)) - raft.server.log.preallocated.size = 16384 (custom)
2023-08-28 09:31:08,045 [dcc8ddaa-5db1-4c5e-85ac-81412a5c6050-groupManagement] INFO  server.RaftServerConfigKeys (ConfUtils.java:logGet(46)) - raft.server.log.force.sync.num = 128 (default)
2023-08-28 09:31:08,045 [dcc8ddaa-5db1-4c5e-85ac-81412a5c6050-groupManagement] INFO  server.RaftServerConfigKeys (ConfUtils.java:logGet(46)) - raft.server.log.statemachine.data.sync = true (default)
2023-08-28 09:31:08,045 [dcc8ddaa-5db1-4c5e-85ac-81412a5c6050-groupManagement] INFO  server.RaftServerConfigKeys (ConfUtils.java:logGet(46)) - raft.server.log.statemachine.data.sync.timeout = 10s (default)
2023-08-28 09:31:08,045 [dcc8ddaa-5db1-4c5e-85ac-81412a5c6050-groupManagement] INFO  server.RaftServerConfigKeys (ConfUtils.java:logGet(46)) - raft.server.log.statemachine.data.sync.timeout.retry = -1 (default)
2023-08-28 09:31:08,046 [dcc8ddaa-5db1-4c5e-85ac-81412a5c6050-groupManagement] INFO  server.RaftServerConfigKeys (ConfUtils.java:logGet(46)) - raft.server.log.write.buffer.size = 1048576 (custom)
2023-08-28 09:31:08,046 [dcc8ddaa-5db1-4c5e-85ac-81412a5c6050-groupManagement] INFO  server.RaftServerConfigKeys (ConfUtils.java:logGet(46)) - raft.server.log.appender.buffer.byte-limit = 33554432 (custom)
2023-08-28 09:31:08,064 [main] INFO  ozone.MiniOzoneClusterImpl (MiniOzoneClusterImpl.java:lambda$waitForClusterToBeReady$0(224)) - Nodes are ready. Got 5 of 5 DN Heartbeats.
2023-08-28 09:31:08,073 [main] INFO  ozone.MiniOzoneClusterImpl (MiniOzoneClusterImpl.java:lambda$waitForClusterToBeReady$0(227)) - Waiting for cluster to exit safe mode
2023-08-28 09:31:08,073 [main] INFO  ozone.MiniOzoneClusterImpl (MiniOzoneClusterImpl.java:lambda$waitForClusterToBeReady$0(229)) - SCM became leader
2023-08-28 09:31:08,067 [dcc8ddaa-5db1-4c5e-85ac-81412a5c6050-groupManagement] INFO  server.RaftServerConfigKeys (ConfUtils.java:logGet(46)) - raft.server.log.unsafe-flush.enabled = false (default)
2023-08-28 09:31:08,073 [dcc8ddaa-5db1-4c5e-85ac-81412a5c6050-groupManagement] INFO  server.RaftServerConfigKeys (ConfUtils.java:logGet(46)) - raft.server.log.async-flush.enabled = false (default)
2023-08-28 09:31:08,073 [dcc8ddaa-5db1-4c5e-85ac-81412a5c6050-groupManagement] INFO  server.RaftServerConfigKeys (ConfUtils.java:logGet(46)) - raft.server.log.statemachine.data.caching.enabled = true (custom)
2023-08-28 09:31:08,074 [dcc8ddaa-5db1-4c5e-85ac-81412a5c6050-groupManagement] INFO  segmented.SegmentedRaftLogWorker (SegmentedRaftLogWorker.java:lambda$new$0(135)) - dcc8ddaa-5db1-4c5e-85ac-81412a5c6050@group-A270CD0B37D7-SegmentedRaftLogWorker: flushIndex: setUnconditionally 0 -> -1
2023-08-28 09:31:08,074 [dcc8ddaa-5db1-4c5e-85ac-81412a5c6050-groupManagement] INFO  segmented.SegmentedRaftLogWorker (SegmentedRaftLogWorker.java:lambda$new$0(135)) - dcc8ddaa-5db1-4c5e-85ac-81412a5c6050@group-A270CD0B37D7-SegmentedRaftLogWorker: safeCacheEvictIndex: setUnconditionally 0 -> -1
2023-08-28 09:31:08,076 [dcc8ddaa-5db1-4c5e-85ac-81412a5c6050-groupManagement] INFO  server.RaftServer$Division (RaftServerImpl.java:start(342)) - dcc8ddaa-5db1-4c5e-85ac-81412a5c6050@group-A270CD0B37D7: start as a follower, conf=-1: peers:[dcc8ddaa-5db1-4c5e-85ac-81412a5c6050|rpc:10.1.0.27:15023|admin:10.1.0.27:15022|client:10.1.0.27:15021|dataStream:10.1.0.27:15024|priority:0|startupRole:FOLLOWER, 4beee146-73ae-4cd4-94a1-e1eb5fcd7f02|rpc:10.1.0.27:15032|admin:10.1.0.27:15031|client:10.1.0.27:15030|dataStream:10.1.0.27:15033|priority:1|startupRole:FOLLOWER, 2b44ba7e-4447-49ac-8e23-11440ea2d57e|rpc:10.1.0.27:15014|admin:10.1.0.27:15013|client:10.1.0.27:15012|dataStream:10.1.0.27:15015|priority:0|startupRole:FOLLOWER]|listeners:[], old=null
2023-08-28 09:31:08,076 [dcc8ddaa-5db1-4c5e-85ac-81412a5c6050-groupManagement] INFO  server.RaftServer$Division (RaftServerImpl.java:setRole(329)) - dcc8ddaa-5db1-4c5e-85ac-81412a5c6050@group-A270CD0B37D7: changes role from      null to FOLLOWER at term 0 for startAsFollower
2023-08-28 09:31:08,076 [dcc8ddaa-5db1-4c5e-85ac-81412a5c6050-groupManagement] INFO  impl.RoleInfo (RoleInfo.java:updateAndGet(139)) - dcc8ddaa-5db1-4c5e-85ac-81412a5c6050: start dcc8ddaa-5db1-4c5e-85ac-81412a5c6050@group-A270CD0B37D7-FollowerState
2023-08-28 09:31:08,078 [dcc8ddaa-5db1-4c5e-85ac-81412a5c6050-groupManagement] INFO  util.JmxRegister (JmxRegister.java:tryRegister(44)) - Successfully registered JMX Bean with object name Ratis:service=RaftServer,group=group-A270CD0B37D7,id=dcc8ddaa-5db1-4c5e-85ac-81412a5c6050
2023-08-28 09:31:08,085 [PipelineCommandHandlerThread-0] INFO  server.RaftServer (RaftServerProxy.java:addNew(98)) - dcc8ddaa-5db1-4c5e-85ac-81412a5c6050: addNew group-D79D038BC015:[dcc8ddaa-5db1-4c5e-85ac-81412a5c6050|rpc:10.1.0.27:15023|admin:10.1.0.27:15022|client:10.1.0.27:15021|dataStream:10.1.0.27:15024|priority:1|startupRole:FOLLOWER] returns group-D79D038BC015:java.util.concurrent.CompletableFuture@43d6b580[Not completed]
2023-08-28 09:31:08,085 [dcc8ddaa-5db1-4c5e-85ac-81412a5c6050@group-A270CD0B37D7-FollowerState] INFO  server.RaftServerConfigKeys (ConfUtils.java:logFallback(53)) - raft.server.rpc.first-election.timeout.min = 5s (fallback to raft.server.rpc.timeout.min)
2023-08-28 09:31:08,085 [dcc8ddaa-5db1-4c5e-85ac-81412a5c6050-groupManagement] INFO  server.RaftServerConfigKeys (ConfUtils.java:logGet(46)) - raft.server.snapshot.auto.trigger.enabled = true (custom)
2023-08-28 09:31:08,086 [dcc8ddaa-5db1-4c5e-85ac-81412a5c6050-groupManagement] INFO  server.RaftServerConfigKeys (ConfUtils.java:logGet(46)) - raft.server.snapshot.auto.trigger.threshold = 10000 (custom)
2023-08-28 09:31:08,086 [dcc8ddaa-5db1-4c5e-85ac-81412a5c6050-groupManagement] INFO  server.RaftServerConfigKeys (ConfUtils.java:logGet(46)) - raft.server.snapshot.retention.file.num = 5 (custom)
2023-08-28 09:31:08,086 [dcc8ddaa-5db1-4c5e-85ac-81412a5c6050-groupManagement] INFO  server.RaftServerConfigKeys (ConfUtils.java:logGet(46)) - raft.server.log.purge.upto.snapshot.index = false (default)
2023-08-28 09:31:08,087 [dcc8ddaa-5db1-4c5e-85ac-81412a5c6050@group-A270CD0B37D7-FollowerState] INFO  server.RaftServerConfigKeys (ConfUtils.java:logFallback(53)) - raft.server.rpc.first-election.timeout.max = 5200ms (fallback to raft.server.rpc.timeout.max)
2023-08-28 09:31:08,089 [dcc8ddaa-5db1-4c5e-85ac-81412a5c6050-groupManagement] INFO  server.RaftServer$Division (RaftServerImpl.java:<init>(198)) - dcc8ddaa-5db1-4c5e-85ac-81412a5c6050: new RaftServerImpl for group-D79D038BC015:[dcc8ddaa-5db1-4c5e-85ac-81412a5c6050|rpc:10.1.0.27:15023|admin:10.1.0.27:15022|client:10.1.0.27:15021|dataStream:10.1.0.27:15024|priority:1|startupRole:FOLLOWER] with ContainerStateMachine:uninitialized
2023-08-28 09:31:08,089 [dcc8ddaa-5db1-4c5e-85ac-81412a5c6050-groupManagement] INFO  server.RaftServerConfigKeys (ConfUtils.java:logGet(46)) - raft.server.rpc.timeout.min = 5s (custom)
2023-08-28 09:31:08,089 [dcc8ddaa-5db1-4c5e-85ac-81412a5c6050-groupManagement] INFO  server.RaftServerConfigKeys (ConfUtils.java:logGet(46)) - raft.server.rpc.timeout.max = 5200ms (custom)
2023-08-28 09:31:08,089 [dcc8ddaa-5db1-4c5e-85ac-81412a5c6050-groupManagement] INFO  server.RaftServerConfigKeys (ConfUtils.java:logGet(46)) - raft.server.rpc.sleep.time = 25ms (default)
2023-08-28 09:31:08,089 [dcc8ddaa-5db1-4c5e-85ac-81412a5c6050-groupManagement] INFO  server.RaftServerConfigKeys (ConfUtils.java:logGet(46)) - raft.server.rpc.slowness.timeout = 300s (custom)
2023-08-28 09:31:08,089 [dcc8ddaa-5db1-4c5e-85ac-81412a5c6050-groupManagement] INFO  server.RaftServerConfigKeys (ConfUtils.java:logGet(46)) - raft.server.leaderelection.leader.step-down.wait-time = 10s (default)
2023-08-28 09:31:08,089 [dcc8ddaa-5db1-4c5e-85ac-81412a5c6050-groupManagement] INFO  server.RaftServerConfigKeys (ConfUtils.java:logGet(46)) - raft.server.sleep.deviation.threshold = 300ms (default)
2023-08-28 09:31:08,089 [dcc8ddaa-5db1-4c5e-85ac-81412a5c6050-groupManagement] INFO  server.RaftServer$Division (ServerState.java:<init>(120)) - dcc8ddaa-5db1-4c5e-85ac-81412a5c6050@group-D79D038BC015: ConfigurationManager, init=-1: peers:[dcc8ddaa-5db1-4c5e-85ac-81412a5c6050|rpc:10.1.0.27:15023|admin:10.1.0.27:15022|client:10.1.0.27:15021|dataStream:10.1.0.27:15024|priority:1|startupRole:FOLLOWER]|listeners:[], old=null, confs=<EMPTY_MAP>
2023-08-28 09:31:08,089 [dcc8ddaa-5db1-4c5e-85ac-81412a5c6050-groupManagement] INFO  server.RaftServerConfigKeys (ConfUtils.java:logGet(46)) - raft.server.storage.dir = [/home/runner/work/ozone/ozone/hadoop-ozone/integration-test/target/test-dir/MiniOzoneClusterImpl-56d16ed0-cc7e-4f87-bd63-81d84e7eb885/datanode-1/data/ratis] (custom)
2023-08-28 09:31:08,089 [dcc8ddaa-5db1-4c5e-85ac-81412a5c6050-groupManagement] INFO  server.RaftServerConfigKeys (ConfUtils.java:logGet(46)) - raft.server.log.corruption.policy = EXCEPTION (default)
2023-08-28 09:31:08,089 [dcc8ddaa-5db1-4c5e-85ac-81412a5c6050-groupManagement] INFO  server.RaftServerConfigKeys (ConfUtils.java:logGet(46)) - raft.server.storage.free-space.min = 0MB (=0) (default)
2023-08-28 09:31:08,090 [dcc8ddaa-5db1-4c5e-85ac-81412a5c6050-groupManagement] INFO  server.RaftServerConfigKeys (ConfUtils.java:logGet(46)) - raft.server.notification.no-leader.timeout = 300s (custom)
2023-08-28 09:31:08,090 [dcc8ddaa-5db1-4c5e-85ac-81412a5c6050-groupManagement] INFO  server.RaftServerConfigKeys (ConfUtils.java:logGet(46)) - raft.server.read.timeout = 10s (default)
2023-08-28 09:31:08,090 [dcc8ddaa-5db1-4c5e-85ac-81412a5c6050-groupManagement] INFO  server.RaftServerConfigKeys (ConfUtils.java:logGet(46)) - raft.server.retrycache.expirytime = 600000ms (custom)
2023-08-28 09:31:08,090 [dcc8ddaa-5db1-4c5e-85ac-81412a5c6050-groupManagement] INFO  server.RaftServerConfigKeys (ConfUtils.java:logGet(46)) - raft.server.retrycache.statistics.expirytime = 100μs (default)
2023-08-28 09:31:08,090 [dcc8ddaa-5db1-4c5e-85ac-81412a5c6050-groupManagement] INFO  server.RaftServerConfigKeys (ConfUtils.java:logGet(46)) - raft.server.read.option = DEFAULT (default)
2023-08-28 09:31:08,091 [dcc8ddaa-5db1-4c5e-85ac-81412a5c6050-groupManagement] INFO  server.RaftServerConfigKeys (ConfUtils.java:logGet(46)) - raft.server.rpc.request.timeout = 60s (custom)
2023-08-28 09:31:08,091 [dcc8ddaa-5db1-4c5e-85ac-81412a5c6050-groupManagement] INFO  server.RaftServerConfigKeys (ConfUtils.java:logGet(46)) - raft.server.log.appender.install.snapshot.enabled = false (custom)
2023-08-28 09:31:08,091 [dcc8ddaa-5db1-4c5e-85ac-81412a5c6050-groupManagement] INFO  server.RaftServerConfigKeys (ConfUtils.java:logGet(46)) - raft.server.threadpool.server.cached = true (default)
2023-08-28 09:31:08,091 [dcc8ddaa-5db1-4c5e-85ac-81412a5c6050-groupManagement] INFO  server.RaftServerConfigKeys (ConfUtils.java:logGet(46)) - raft.server.threadpool.server.size = 0 (default)
2023-08-28 09:31:08,091 [dcc8ddaa-5db1-4c5e-85ac-81412a5c6050-groupManagement] INFO  server.RaftServerConfigKeys (ConfUtils.java:logGet(46)) - raft.server.threadpool.client.cached = true (default)
2023-08-28 09:31:08,091 [dcc8ddaa-5db1-4c5e-85ac-81412a5c6050-groupManagement] INFO  server.RaftServerConfigKeys (ConfUtils.java:logGet(46)) - raft.server.threadpool.client.size = 0 (default)
2023-08-28 09:31:08,092 [dcc8ddaa-5db1-4c5e-85ac-81412a5c6050-groupManagement] INFO  storage.RaftStorageDirectory (RaftStorageDirectoryImpl.java:analyzeStorage(137)) - The storage directory /home/runner/work/ozone/ozone/hadoop-ozone/integration-test/target/test-dir/MiniOzoneClusterImpl-56d16ed0-cc7e-4f87-bd63-81d84e7eb885/datanode-1/data/ratis/e386754e-c068-4294-820e-d79d038bc015 does not exist. Creating ...
2023-08-28 09:31:08,094 [dcc8ddaa-5db1-4c5e-85ac-81412a5c6050-groupManagement] INFO  storage.RaftStorageDirectory (RaftStorageDirectoryImpl.java:tryLock(231)) - Lock on /home/runner/work/ozone/ozone/hadoop-ozone/integration-test/target/test-dir/MiniOzoneClusterImpl-56d16ed0-cc7e-4f87-bd63-81d84e7eb885/datanode-1/data/ratis/e386754e-c068-4294-820e-d79d038bc015/in_use.lock acquired by nodename 61172@fv-az625-77
2023-08-28 09:31:08,096 [dcc8ddaa-5db1-4c5e-85ac-81412a5c6050-groupManagement] INFO  storage.RaftStorage (RaftStorageImpl.java:format(96)) - Storage directory /home/runner/work/ozone/ozone/hadoop-ozone/integration-test/target/test-dir/MiniOzoneClusterImpl-56d16ed0-cc7e-4f87-bd63-81d84e7eb885/datanode-1/data/ratis/e386754e-c068-4294-820e-d79d038bc015 has been successfully formatted.
2023-08-28 09:31:08,098 [dcc8ddaa-5db1-4c5e-85ac-81412a5c6050-groupManagement] INFO  ratis.ContainerStateMachine (ContainerStateMachine.java:loadSnapshot(262)) - group-D79D038BC015: The snapshot info is null. Setting the last applied indexto:(t:0, i:~)
2023-08-28 09:31:08,099 [dcc8ddaa-5db1-4c5e-85ac-81412a5c6050-groupManagement] INFO  server.RaftServerConfigKeys (ConfUtils.java:logGet(46)) - raft.server.log.use.memory = false (default)
2023-08-28 09:31:08,099 [dcc8ddaa-5db1-4c5e-85ac-81412a5c6050-groupManagement] INFO  server.RaftServerConfigKeys (ConfUtils.java:logGet(46)) - raft.server.log.purge.gap = 1000000 (custom)
2023-08-28 09:31:08,099 [dcc8ddaa-5db1-4c5e-85ac-81412a5c6050-groupManagement] INFO  server.RaftServerConfigKeys (ConfUtils.java:logGet(46)) - raft.server.log.appender.buffer.byte-limit = 33554432 (custom)
2023-08-28 09:31:08,099 [EventQueue-PipelineReportForPipelineReportHandler] INFO  pipeline.PipelineReportHandler (PipelineReportHandler.java:processPipelineReport(136)) - Opened pipeline PipelineID=e386754e-c068-4294-820e-d79d038bc015
2023-08-28 09:31:08,099 [dcc8ddaa-5db1-4c5e-85ac-81412a5c6050-groupManagement] INFO  server.RaftServerConfigKeys (ConfUtils.java:logGet(46)) - raft.server.log.statemachine.data.read.timeout = 1000ms (default)
2023-08-28 09:31:08,100 [EventQueue-OpenPipelineForHealthyPipelineSafeModeRule] INFO  safemode.SCMSafeModeManager (HealthyPipelineSafeModeRule.java:process(137)) - SCM in safe mode. Healthy pipelines reported count is 0, required healthy pipeline reported count is 1
2023-08-28 09:31:08,100 [dcc8ddaa-5db1-4c5e-85ac-81412a5c6050-groupManagement] INFO  server.RaftServerConfigKeys (ConfUtils.java:logGet(46)) - raft.server.log.purge.preservation.log.num = 0 (default)
2023-08-28 09:31:08,100 [dcc8ddaa-5db1-4c5e-85ac-81412a5c6050-groupManagement] INFO  server.RaftServerConfigKeys (ConfUtils.java:logGet(46)) - raft.server.log.segment.size.max = 1048576 (custom)
2023-08-28 09:31:08,101 [dcc8ddaa-5db1-4c5e-85ac-81412a5c6050-groupManagement] INFO  server.RaftServerConfigKeys (ConfUtils.java:logGet(46)) - raft.server.log.segment.cache.num.max = 2 (custom)
2023-08-28 09:31:08,101 [dcc8ddaa-5db1-4c5e-85ac-81412a5c6050-groupManagement] INFO  server.RaftServerConfigKeys (ConfUtils.java:logGet(46)) - raft.server.log.segment.cache.size.max = 200MB (=209715200) (default)
2023-08-28 09:31:08,101 [dcc8ddaa-5db1-4c5e-85ac-81412a5c6050-groupManagement] INFO  server.RaftServerConfigKeys (ConfUtils.java:logGet(46)) - raft.server.log.appender.buffer.byte-limit = 33554432 (custom)
2023-08-28 09:31:08,101 [dcc8ddaa-5db1-4c5e-85ac-81412a5c6050-groupManagement] INFO  segmented.SegmentedRaftLogWorker (SegmentedRaftLogWorker.java:<init>(188)) - new dcc8ddaa-5db1-4c5e-85ac-81412a5c6050@group-D79D038BC015-SegmentedRaftLogWorker for RaftStorageImpl:Storage Directory /home/runner/work/ozone/ozone/hadoop-ozone/integration-test/target/test-dir/MiniOzoneClusterImpl-56d16ed0-cc7e-4f87-bd63-81d84e7eb885/datanode-1/data/ratis/e386754e-c068-4294-820e-d79d038bc015
2023-08-28 09:31:08,101 [dcc8ddaa-5db1-4c5e-85ac-81412a5c6050-groupManagement] INFO  server.RaftServerConfigKeys (ConfUtils.java:logGet(46)) - raft.server.log.queue.byte-limit = 4294967296 (custom)
2023-08-28 09:31:08,101 [dcc8ddaa-5db1-4c5e-85ac-81412a5c6050-groupManagement] INFO  server.RaftServerConfigKeys (ConfUtils.java:logGet(46)) - raft.server.log.queue.element-limit = 1024 (custom)
2023-08-28 09:31:08,101 [dcc8ddaa-5db1-4c5e-85ac-81412a5c6050-groupManagement] INFO  server.RaftServerConfigKeys (ConfUtils.java:logGet(46)) - raft.server.log.segment.size.max = 1048576 (custom)
2023-08-28 09:31:08,101 [dcc8ddaa-5db1-4c5e-85ac-81412a5c6050-groupManagement] INFO  server.RaftServerConfigKeys (ConfUtils.java:logGet(46)) - raft.server.log.preallocated.size = 16384 (custom)
2023-08-28 09:31:08,101 [dcc8ddaa-5db1-4c5e-85ac-81412a5c6050-groupManagement] INFO  server.RaftServerConfigKeys (ConfUtils.java:logGet(46)) - raft.server.log.force.sync.num = 128 (default)
2023-08-28 09:31:08,101 [dcc8ddaa-5db1-4c5e-85ac-81412a5c6050-groupManagement] INFO  server.RaftServerConfigKeys (ConfUtils.java:logGet(46)) - raft.server.log.statemachine.data.sync = true (default)
2023-08-28 09:31:08,101 [dcc8ddaa-5db1-4c5e-85ac-81412a5c6050-groupManagement] INFO  server.RaftServerConfigKeys (ConfUtils.java:logGet(46)) - raft.server.log.statemachine.data.sync.timeout = 10s (default)
2023-08-28 09:31:08,101 [dcc8ddaa-5db1-4c5e-85ac-81412a5c6050-groupManagement] INFO  server.RaftServerConfigKeys (ConfUtils.java:logGet(46)) - raft.server.log.statemachine.data.sync.timeout.retry = -1 (default)
2023-08-28 09:31:08,102 [dcc8ddaa-5db1-4c5e-85ac-81412a5c6050-groupManagement] INFO  server.RaftServerConfigKeys (ConfUtils.java:logGet(46)) - raft.server.log.write.buffer.size = 1048576 (custom)
2023-08-28 09:31:08,102 [dcc8ddaa-5db1-4c5e-85ac-81412a5c6050-groupManagement] INFO  server.RaftServerConfigKeys (ConfUtils.java:logGet(46)) - raft.server.log.appender.buffer.byte-limit = 33554432 (custom)
2023-08-28 09:31:08,114 [dcc8ddaa-5db1-4c5e-85ac-81412a5c6050-groupManagement] INFO  server.RaftServerConfigKeys (ConfUtils.java:logGet(46)) - raft.server.log.unsafe-flush.enabled = false (default)
2023-08-28 09:31:08,114 [dcc8ddaa-5db1-4c5e-85ac-81412a5c6050-groupManagement] INFO  server.RaftServerConfigKeys (ConfUtils.java:logGet(46)) - raft.server.log.async-flush.enabled = false (default)
2023-08-28 09:31:08,114 [dcc8ddaa-5db1-4c5e-85ac-81412a5c6050-groupManagement] INFO  server.RaftServerConfigKeys (ConfUtils.java:logGet(46)) - raft.server.log.statemachine.data.caching.enabled = true (custom)
2023-08-28 09:31:08,114 [dcc8ddaa-5db1-4c5e-85ac-81412a5c6050-groupManagement] INFO  segmented.SegmentedRaftLogWorker (SegmentedRaftLogWorker.java:lambda$new$0(135)) - dcc8ddaa-5db1-4c5e-85ac-81412a5c6050@group-D79D038BC015-SegmentedRaftLogWorker: flushIndex: setUnconditionally 0 -> -1
2023-08-28 09:31:08,114 [dcc8ddaa-5db1-4c5e-85ac-81412a5c6050-groupManagement] INFO  segmented.SegmentedRaftLogWorker (SegmentedRaftLogWorker.java:lambda$new$0(135)) - dcc8ddaa-5db1-4c5e-85ac-81412a5c6050@group-D79D038BC015-SegmentedRaftLogWorker: safeCacheEvictIndex: setUnconditionally 0 -> -1
2023-08-28 09:31:08,120 [dcc8ddaa-5db1-4c5e-85ac-81412a5c6050-groupManagement] INFO  server.RaftServer$Division (RaftServerImpl.java:start(342)) - dcc8ddaa-5db1-4c5e-85ac-81412a5c6050@group-D79D038BC015: start as a follower, conf=-1: peers:[dcc8ddaa-5db1-4c5e-85ac-81412a5c6050|rpc:10.1.0.27:15023|admin:10.1.0.27:15022|client:10.1.0.27:15021|dataStream:10.1.0.27:15024|priority:1|startupRole:FOLLOWER]|listeners:[], old=null
2023-08-28 09:31:08,120 [dcc8ddaa-5db1-4c5e-85ac-81412a5c6050-groupManagement] INFO  server.RaftServer$Division (RaftServerImpl.java:setRole(329)) - dcc8ddaa-5db1-4c5e-85ac-81412a5c6050@group-D79D038BC015: changes role from      null to FOLLOWER at term 0 for startAsFollower
2023-08-28 09:31:08,120 [dcc8ddaa-5db1-4c5e-85ac-81412a5c6050-groupManagement] INFO  impl.RoleInfo (RoleInfo.java:updateAndGet(139)) - dcc8ddaa-5db1-4c5e-85ac-81412a5c6050: start dcc8ddaa-5db1-4c5e-85ac-81412a5c6050@group-D79D038BC015-FollowerState
2023-08-28 09:31:08,125 [dcc8ddaa-5db1-4c5e-85ac-81412a5c6050-groupManagement] INFO  util.JmxRegister (JmxRegister.java:tryRegister(44)) - Successfully registered JMX Bean with object name Ratis:service=RaftServer,group=group-D79D038BC015,id=dcc8ddaa-5db1-4c5e-85ac-81412a5c6050
2023-08-28 09:31:08,125 [dcc8ddaa-5db1-4c5e-85ac-81412a5c6050-groupManagement] INFO  server.RaftServerConfigKeys (ConfUtils.java:logGet(46)) - raft.server.snapshot.auto.trigger.enabled = true (custom)
2023-08-28 09:31:08,125 [dcc8ddaa-5db1-4c5e-85ac-81412a5c6050-groupManagement] INFO  server.RaftServerConfigKeys (ConfUtils.java:logGet(46)) - raft.server.snapshot.auto.trigger.threshold = 10000 (custom)
2023-08-28 09:31:08,125 [dcc8ddaa-5db1-4c5e-85ac-81412a5c6050-groupManagement] INFO  server.RaftServerConfigKeys (ConfUtils.java:logGet(46)) - raft.server.snapshot.retention.file.num = 5 (custom)
2023-08-28 09:31:08,125 [dcc8ddaa-5db1-4c5e-85ac-81412a5c6050-groupManagement] INFO  server.RaftServerConfigKeys (ConfUtils.java:logGet(46)) - raft.server.log.purge.upto.snapshot.index = false (default)
2023-08-28 09:31:08,128 [dcc8ddaa-5db1-4c5e-85ac-81412a5c6050@group-D79D038BC015-FollowerState] INFO  server.RaftServerConfigKeys (ConfUtils.java:logFallback(53)) - raft.server.rpc.first-election.timeout.min = 5s (fallback to raft.server.rpc.timeout.min)
2023-08-28 09:31:08,128 [dcc8ddaa-5db1-4c5e-85ac-81412a5c6050@group-D79D038BC015-FollowerState] INFO  server.RaftServerConfigKeys (ConfUtils.java:logFallback(53)) - raft.server.rpc.first-election.timeout.max = 5200ms (fallback to raft.server.rpc.timeout.max)
2023-08-28 09:31:08,136 [PipelineCommandHandlerThread-0] INFO  ratis.XceiverServerRatis (XceiverServerRatis.java:addGroup(804)) - Created group PipelineID=e386754e-c068-4294-820e-d79d038bc015
2023-08-28 09:31:08,137 [PipelineCommandHandlerThread-0] INFO  commandhandler.CreatePipelineCommandHandler (CreatePipelineCommandHandler.java:lambda$handle$2(124)) - Created Pipeline RATIS ONE PipelineID=e386754e-c068-4294-820e-d79d038bc015.
2023-08-28 09:31:08,144 [PipelineCommandHandlerThread-0] INFO  server.RaftServer (RaftServerProxy.java:addNew(98)) - dcc8ddaa-5db1-4c5e-85ac-81412a5c6050: addNew group-BA0DE8F91112:[dcc8ddaa-5db1-4c5e-85ac-81412a5c6050|rpc:10.1.0.27:15023|admin:10.1.0.27:15022|client:10.1.0.27:15021|dataStream:10.1.0.27:15024|priority:0|startupRole:FOLLOWER, 4beee146-73ae-4cd4-94a1-e1eb5fcd7f02|rpc:10.1.0.27:15032|admin:10.1.0.27:15031|client:10.1.0.27:15030|dataStream:10.1.0.27:15033|priority:0|startupRole:FOLLOWER, 2b44ba7e-4447-49ac-8e23-11440ea2d57e|rpc:10.1.0.27:15014|admin:10.1.0.27:15013|client:10.1.0.27:15012|dataStream:10.1.0.27:15015|priority:1|startupRole:FOLLOWER] returns group-BA0DE8F91112:java.util.concurrent.CompletableFuture@4d11438a[Not completed]
2023-08-28 09:31:08,148 [dcc8ddaa-5db1-4c5e-85ac-81412a5c6050-groupManagement] INFO  server.RaftServer$Division (RaftServerImpl.java:<init>(198)) - dcc8ddaa-5db1-4c5e-85ac-81412a5c6050: new RaftServerImpl for group-BA0DE8F91112:[dcc8ddaa-5db1-4c5e-85ac-81412a5c6050|rpc:10.1.0.27:15023|admin:10.1.0.27:15022|client:10.1.0.27:15021|dataStream:10.1.0.27:15024|priority:0|startupRole:FOLLOWER, 4beee146-73ae-4cd4-94a1-e1eb5fcd7f02|rpc:10.1.0.27:15032|admin:10.1.0.27:15031|client:10.1.0.27:15030|dataStream:10.1.0.27:15033|priority:0|startupRole:FOLLOWER, 2b44ba7e-4447-49ac-8e23-11440ea2d57e|rpc:10.1.0.27:15014|admin:10.1.0.27:15013|client:10.1.0.27:15012|dataStream:10.1.0.27:15015|priority:1|startupRole:FOLLOWER] with ContainerStateMachine:uninitialized
2023-08-28 09:31:08,148 [dcc8ddaa-5db1-4c5e-85ac-81412a5c6050-groupManagement] INFO  server.RaftServerConfigKeys (ConfUtils.java:logGet(46)) - raft.server.rpc.timeout.min = 5s (custom)
2023-08-28 09:31:08,148 [dcc8ddaa-5db1-4c5e-85ac-81412a5c6050-groupManagement] INFO  server.RaftServerConfigKeys (ConfUtils.java:logGet(46)) - raft.server.rpc.timeout.max = 5200ms (custom)
2023-08-28 09:31:08,148 [dcc8ddaa-5db1-4c5e-85ac-81412a5c6050-groupManagement] INFO  server.RaftServerConfigKeys (ConfUtils.java:logGet(46)) - raft.server.rpc.sleep.time = 25ms (default)
2023-08-28 09:31:08,148 [dcc8ddaa-5db1-4c5e-85ac-81412a5c6050-groupManagement] INFO  server.RaftServerConfigKeys (ConfUtils.java:logGet(46)) - raft.server.rpc.slowness.timeout = 300s (custom)
2023-08-28 09:31:08,148 [dcc8ddaa-5db1-4c5e-85ac-81412a5c6050-groupManagement] INFO  server.RaftServerConfigKeys (ConfUtils.java:logGet(46)) - raft.server.leaderelection.leader.step-down.wait-time = 10s (default)
2023-08-28 09:31:08,148 [dcc8ddaa-5db1-4c5e-85ac-81412a5c6050-groupManagement] INFO  server.RaftServerConfigKeys (ConfUtils.java:logGet(46)) - raft.server.sleep.deviation.threshold = 300ms (default)
2023-08-28 09:31:08,148 [dcc8ddaa-5db1-4c5e-85ac-81412a5c6050-groupManagement] INFO  server.RaftServer$Division (ServerState.java:<init>(120)) - dcc8ddaa-5db1-4c5e-85ac-81412a5c6050@group-BA0DE8F91112: ConfigurationManager, init=-1: peers:[dcc8ddaa-5db1-4c5e-85ac-81412a5c6050|rpc:10.1.0.27:15023|admin:10.1.0.27:15022|client:10.1.0.27:15021|dataStream:10.1.0.27:15024|priority:0|startupRole:FOLLOWER, 4beee146-73ae-4cd4-94a1-e1eb5fcd7f02|rpc:10.1.0.27:15032|admin:10.1.0.27:15031|client:10.1.0.27:15030|dataStream:10.1.0.27:15033|priority:0|startupRole:FOLLOWER, 2b44ba7e-4447-49ac-8e23-11440ea2d57e|rpc:10.1.0.27:15014|admin:10.1.0.27:15013|client:10.1.0.27:15012|dataStream:10.1.0.27:15015|priority:1|startupRole:FOLLOWER]|listeners:[], old=null, confs=<EMPTY_MAP>
2023-08-28 09:31:08,149 [dcc8ddaa-5db1-4c5e-85ac-81412a5c6050-groupManagement] INFO  server.RaftServerConfigKeys (ConfUtils.java:logGet(46)) - raft.server.storage.dir = [/home/runner/work/ozone/ozone/hadoop-ozone/integration-test/target/test-dir/MiniOzoneClusterImpl-56d16ed0-cc7e-4f87-bd63-81d84e7eb885/datanode-1/data/ratis] (custom)
2023-08-28 09:31:08,149 [dcc8ddaa-5db1-4c5e-85ac-81412a5c6050-groupManagement] INFO  server.RaftServerConfigKeys (ConfUtils.java:logGet(46)) - raft.server.log.corruption.policy = EXCEPTION (default)
2023-08-28 09:31:08,149 [dcc8ddaa-5db1-4c5e-85ac-81412a5c6050-groupManagement] INFO  server.RaftServerConfigKeys (ConfUtils.java:logGet(46)) - raft.server.storage.free-space.min = 0MB (=0) (default)
2023-08-28 09:31:08,149 [dcc8ddaa-5db1-4c5e-85ac-81412a5c6050-groupManagement] INFO  server.RaftServerConfigKeys (ConfUtils.java:logGet(46)) - raft.server.notification.no-leader.timeout = 300s (custom)
2023-08-28 09:31:08,149 [dcc8ddaa-5db1-4c5e-85ac-81412a5c6050-groupManagement] INFO  server.RaftServerConfigKeys (ConfUtils.java:logGet(46)) - raft.server.read.timeout = 10s (default)
2023-08-28 09:31:08,149 [dcc8ddaa-5db1-4c5e-85ac-81412a5c6050-groupManagement] INFO  server.RaftServerConfigKeys (ConfUtils.java:logGet(46)) - raft.server.retrycache.expirytime = 600000ms (custom)
2023-08-28 09:31:08,149 [dcc8ddaa-5db1-4c5e-85ac-81412a5c6050-groupManagement] INFO  server.RaftServerConfigKeys (ConfUtils.java:logGet(46)) - raft.server.retrycache.statistics.expirytime = 100μs (default)
2023-08-28 09:31:08,149 [dcc8ddaa-5db1-4c5e-85ac-81412a5c6050-groupManagement] INFO  server.RaftServerConfigKeys (ConfUtils.java:logGet(46)) - raft.server.read.option = DEFAULT (default)
2023-08-28 09:31:08,150 [dcc8ddaa-5db1-4c5e-85ac-81412a5c6050-groupManagement] INFO  server.RaftServerConfigKeys (ConfUtils.java:logGet(46)) - raft.server.rpc.request.timeout = 60s (custom)
2023-08-28 09:31:08,150 [dcc8ddaa-5db1-4c5e-85ac-81412a5c6050-groupManagement] INFO  server.RaftServerConfigKeys (ConfUtils.java:logGet(46)) - raft.server.log.appender.install.snapshot.enabled = false (custom)
2023-08-28 09:31:08,150 [dcc8ddaa-5db1-4c5e-85ac-81412a5c6050-groupManagement] INFO  server.RaftServerConfigKeys (ConfUtils.java:logGet(46)) - raft.server.threadpool.server.cached = true (default)
2023-08-28 09:31:08,150 [dcc8ddaa-5db1-4c5e-85ac-81412a5c6050-groupManagement] INFO  server.RaftServerConfigKeys (ConfUtils.java:logGet(46)) - raft.server.threadpool.server.size = 0 (default)
2023-08-28 09:31:08,150 [dcc8ddaa-5db1-4c5e-85ac-81412a5c6050-groupManagement] INFO  server.RaftServerConfigKeys (ConfUtils.java:logGet(46)) - raft.server.threadpool.client.cached = true (default)
2023-08-28 09:31:08,150 [dcc8ddaa-5db1-4c5e-85ac-81412a5c6050-groupManagement] INFO  server.RaftServerConfigKeys (ConfUtils.java:logGet(46)) - raft.server.threadpool.client.size = 0 (default)
2023-08-28 09:31:08,151 [dcc8ddaa-5db1-4c5e-85ac-81412a5c6050-groupManagement] INFO  storage.RaftStorageDirectory (RaftStorageDirectoryImpl.java:analyzeStorage(137)) - The storage directory /home/runner/work/ozone/ozone/hadoop-ozone/integration-test/target/test-dir/MiniOzoneClusterImpl-56d16ed0-cc7e-4f87-bd63-81d84e7eb885/datanode-1/data/ratis/9e682222-9aa6-4020-964b-ba0de8f91112 does not exist. Creating ...
2023-08-28 09:31:08,152 [dcc8ddaa-5db1-4c5e-85ac-81412a5c6050-groupManagement] INFO  storage.RaftStorageDirectory (RaftStorageDirectoryImpl.java:tryLock(231)) - Lock on /home/runner/work/ozone/ozone/hadoop-ozone/integration-test/target/test-dir/MiniOzoneClusterImpl-56d16ed0-cc7e-4f87-bd63-81d84e7eb885/datanode-1/data/ratis/9e682222-9aa6-4020-964b-ba0de8f91112/in_use.lock acquired by nodename 61172@fv-az625-77
2023-08-28 09:31:08,160 [dcc8ddaa-5db1-4c5e-85ac-81412a5c6050-groupManagement] INFO  storage.RaftStorage (RaftStorageImpl.java:format(96)) - Storage directory /home/runner/work/ozone/ozone/hadoop-ozone/integration-test/target/test-dir/MiniOzoneClusterImpl-56d16ed0-cc7e-4f87-bd63-81d84e7eb885/datanode-1/data/ratis/9e682222-9aa6-4020-964b-ba0de8f91112 has been successfully formatted.
2023-08-28 09:31:08,161 [dcc8ddaa-5db1-4c5e-85ac-81412a5c6050-groupManagement] INFO  ratis.ContainerStateMachine (ContainerStateMachine.java:loadSnapshot(262)) - group-BA0DE8F91112: The snapshot info is null. Setting the last applied indexto:(t:0, i:~)
2023-08-28 09:31:08,161 [dcc8ddaa-5db1-4c5e-85ac-81412a5c6050-groupManagement] INFO  server.RaftServerConfigKeys (ConfUtils.java:logGet(46)) - raft.server.log.use.memory = false (default)
2023-08-28 09:31:08,161 [dcc8ddaa-5db1-4c5e-85ac-81412a5c6050-groupManagement] INFO  server.RaftServerConfigKeys (ConfUtils.java:logGet(46)) - raft.server.log.purge.gap = 1000000 (custom)
2023-08-28 09:31:08,161 [dcc8ddaa-5db1-4c5e-85ac-81412a5c6050-groupManagement] INFO  server.RaftServerConfigKeys (ConfUtils.java:logGet(46)) - raft.server.log.appender.buffer.byte-limit = 33554432 (custom)
2023-08-28 09:31:08,162 [dcc8ddaa-5db1-4c5e-85ac-81412a5c6050-groupManagement] INFO  server.RaftServerConfigKeys (ConfUtils.java:logGet(46)) - raft.server.log.statemachine.data.read.timeout = 1000ms (default)
2023-08-28 09:31:08,162 [dcc8ddaa-5db1-4c5e-85ac-81412a5c6050-groupManagement] INFO  server.RaftServerConfigKeys (ConfUtils.java:logGet(46)) - raft.server.log.purge.preservation.log.num = 0 (default)
2023-08-28 09:31:08,162 [dcc8ddaa-5db1-4c5e-85ac-81412a5c6050-groupManagement] INFO  server.RaftServerConfigKeys (ConfUtils.java:logGet(46)) - raft.server.log.segment.size.max = 1048576 (custom)
2023-08-28 09:31:08,162 [dcc8ddaa-5db1-4c5e-85ac-81412a5c6050-groupManagement] INFO  server.RaftServerConfigKeys (ConfUtils.java:logGet(46)) - raft.server.log.segment.cache.num.max = 2 (custom)
2023-08-28 09:31:08,162 [dcc8ddaa-5db1-4c5e-85ac-81412a5c6050-groupManagement] INFO  server.RaftServerConfigKeys (ConfUtils.java:logGet(46)) - raft.server.log.segment.cache.size.max = 200MB (=209715200) (default)
2023-08-28 09:31:08,165 [dcc8ddaa-5db1-4c5e-85ac-81412a5c6050-groupManagement] INFO  server.RaftServerConfigKeys (ConfUtils.java:logGet(46)) - raft.server.log.appender.buffer.byte-limit = 33554432 (custom)
2023-08-28 09:31:08,165 [dcc8ddaa-5db1-4c5e-85ac-81412a5c6050-groupManagement] INFO  segmented.SegmentedRaftLogWorker (SegmentedRaftLogWorker.java:<init>(188)) - new dcc8ddaa-5db1-4c5e-85ac-81412a5c6050@group-BA0DE8F91112-SegmentedRaftLogWorker for RaftStorageImpl:Storage Directory /home/runner/work/ozone/ozone/hadoop-ozone/integration-test/target/test-dir/MiniOzoneClusterImpl-56d16ed0-cc7e-4f87-bd63-81d84e7eb885/datanode-1/data/ratis/9e682222-9aa6-4020-964b-ba0de8f91112
2023-08-28 09:31:08,165 [dcc8ddaa-5db1-4c5e-85ac-81412a5c6050-groupManagement] INFO  server.RaftServerConfigKeys (ConfUtils.java:logGet(46)) - raft.server.log.queue.byte-limit = 4294967296 (custom)
2023-08-28 09:31:08,165 [dcc8ddaa-5db1-4c5e-85ac-81412a5c6050-groupManagement] INFO  server.RaftServerConfigKeys (ConfUtils.java:logGet(46)) - raft.server.log.queue.element-limit = 1024 (custom)
2023-08-28 09:31:08,166 [dcc8ddaa-5db1-4c5e-85ac-81412a5c6050-groupManagement] INFO  server.RaftServerConfigKeys (ConfUtils.java:logGet(46)) - raft.server.log.segment.size.max = 1048576 (custom)
2023-08-28 09:31:08,166 [dcc8ddaa-5db1-4c5e-85ac-81412a5c6050-groupManagement] INFO  server.RaftServerConfigKeys (ConfUtils.java:logGet(46)) - raft.server.log.preallocated.size = 16384 (custom)
2023-08-28 09:31:08,166 [dcc8ddaa-5db1-4c5e-85ac-81412a5c6050-groupManagement] INFO  server.RaftServerConfigKeys (ConfUtils.java:logGet(46)) - raft.server.log.force.sync.num = 128 (default)
2023-08-28 09:31:08,166 [dcc8ddaa-5db1-4c5e-85ac-81412a5c6050-groupManagement] INFO  server.RaftServerConfigKeys (ConfUtils.java:logGet(46)) - raft.server.log.statemachine.data.sync = true (default)
2023-08-28 09:31:08,166 [dcc8ddaa-5db1-4c5e-85ac-81412a5c6050-groupManagement] INFO  server.RaftServerConfigKeys (ConfUtils.java:logGet(46)) - raft.server.log.statemachine.data.sync.timeout = 10s (default)
2023-08-28 09:31:08,166 [dcc8ddaa-5db1-4c5e-85ac-81412a5c6050-groupManagement] INFO  server.RaftServerConfigKeys (ConfUtils.java:logGet(46)) - raft.server.log.statemachine.data.sync.timeout.retry = -1 (default)
2023-08-28 09:31:08,167 [dcc8ddaa-5db1-4c5e-85ac-81412a5c6050-groupManagement] INFO  server.RaftServerConfigKeys (ConfUtils.java:logGet(46)) - raft.server.log.write.buffer.size = 1048576 (custom)
2023-08-28 09:31:08,167 [dcc8ddaa-5db1-4c5e-85ac-81412a5c6050-groupManagement] INFO  server.RaftServerConfigKeys (ConfUtils.java:logGet(46)) - raft.server.log.appender.buffer.byte-limit = 33554432 (custom)
2023-08-28 09:31:08,182 [dcc8ddaa-5db1-4c5e-85ac-81412a5c6050-groupManagement] INFO  server.RaftServerConfigKeys (ConfUtils.java:logGet(46)) - raft.server.log.unsafe-flush.enabled = false (default)
2023-08-28 09:31:08,182 [dcc8ddaa-5db1-4c5e-85ac-81412a5c6050-groupManagement] INFO  server.RaftServerConfigKeys (ConfUtils.java:logGet(46)) - raft.server.log.async-flush.enabled = false (default)
2023-08-28 09:31:08,182 [dcc8ddaa-5db1-4c5e-85ac-81412a5c6050-groupManagement] INFO  server.RaftServerConfigKeys (ConfUtils.java:logGet(46)) - raft.server.log.statemachine.data.caching.enabled = true (custom)
2023-08-28 09:31:08,183 [dcc8ddaa-5db1-4c5e-85ac-81412a5c6050-groupManagement] INFO  segmented.SegmentedRaftLogWorker (SegmentedRaftLogWorker.java:lambda$new$0(135)) - dcc8ddaa-5db1-4c5e-85ac-81412a5c6050@group-BA0DE8F91112-SegmentedRaftLogWorker: flushIndex: setUnconditionally 0 -> -1
2023-08-28 09:31:08,183 [dcc8ddaa-5db1-4c5e-85ac-81412a5c6050-groupManagement] INFO  segmented.SegmentedRaftLogWorker (SegmentedRaftLogWorker.java:lambda$new$0(135)) - dcc8ddaa-5db1-4c5e-85ac-81412a5c6050@group-BA0DE8F91112-SegmentedRaftLogWorker: safeCacheEvictIndex: setUnconditionally 0 -> -1
2023-08-28 09:31:08,183 [dcc8ddaa-5db1-4c5e-85ac-81412a5c6050-groupManagement] INFO  server.RaftServer$Division (RaftServerImpl.java:start(342)) - dcc8ddaa-5db1-4c5e-85ac-81412a5c6050@group-BA0DE8F91112: start as a follower, conf=-1: peers:[dcc8ddaa-5db1-4c5e-85ac-81412a5c6050|rpc:10.1.0.27:15023|admin:10.1.0.27:15022|client:10.1.0.27:15021|dataStream:10.1.0.27:15024|priority:0|startupRole:FOLLOWER, 4beee146-73ae-4cd4-94a1-e1eb5fcd7f02|rpc:10.1.0.27:15032|admin:10.1.0.27:15031|client:10.1.0.27:15030|dataStream:10.1.0.27:15033|priority:0|startupRole:FOLLOWER, 2b44ba7e-4447-49ac-8e23-11440ea2d57e|rpc:10.1.0.27:15014|admin:10.1.0.27:15013|client:10.1.0.27:15012|dataStream:10.1.0.27:15015|priority:1|startupRole:FOLLOWER]|listeners:[], old=null
2023-08-28 09:31:08,183 [dcc8ddaa-5db1-4c5e-85ac-81412a5c6050-groupManagement] INFO  server.RaftServer$Division (RaftServerImpl.java:setRole(329)) - dcc8ddaa-5db1-4c5e-85ac-81412a5c6050@group-BA0DE8F91112: changes role from      null to FOLLOWER at term 0 for startAsFollower
2023-08-28 09:31:08,183 [dcc8ddaa-5db1-4c5e-85ac-81412a5c6050-groupManagement] INFO  impl.RoleInfo (RoleInfo.java:updateAndGet(139)) - dcc8ddaa-5db1-4c5e-85ac-81412a5c6050: start dcc8ddaa-5db1-4c5e-85ac-81412a5c6050@group-BA0DE8F91112-FollowerState
2023-08-28 09:31:08,188 [dcc8ddaa-5db1-4c5e-85ac-81412a5c6050-groupManagement] INFO  util.JmxRegister (JmxRegister.java:tryRegister(44)) - Successfully registered JMX Bean with object name Ratis:service=RaftServer,group=group-BA0DE8F91112,id=dcc8ddaa-5db1-4c5e-85ac-81412a5c6050
2023-08-28 09:31:08,188 [dcc8ddaa-5db1-4c5e-85ac-81412a5c6050-groupManagement] INFO  server.RaftServerConfigKeys (ConfUtils.java:logGet(46)) - raft.server.snapshot.auto.trigger.enabled = true (custom)
2023-08-28 09:31:08,188 [dcc8ddaa-5db1-4c5e-85ac-81412a5c6050-groupManagement] INFO  server.RaftServerConfigKeys (ConfUtils.java:logGet(46)) - raft.server.snapshot.auto.trigger.threshold = 10000 (custom)
2023-08-28 09:31:08,188 [dcc8ddaa-5db1-4c5e-85ac-81412a5c6050-groupManagement] INFO  server.RaftServerConfigKeys (ConfUtils.java:logGet(46)) - raft.server.snapshot.retention.file.num = 5 (custom)
2023-08-28 09:31:08,188 [dcc8ddaa-5db1-4c5e-85ac-81412a5c6050-groupManagement] INFO  server.RaftServerConfigKeys (ConfUtils.java:logGet(46)) - raft.server.log.purge.upto.snapshot.index = false (default)
2023-08-28 09:31:08,191 [dcc8ddaa-5db1-4c5e-85ac-81412a5c6050@group-BA0DE8F91112-FollowerState] INFO  server.RaftServerConfigKeys (ConfUtils.java:logFallback(53)) - raft.server.rpc.first-election.timeout.min = 5s (fallback to raft.server.rpc.timeout.min)
2023-08-28 09:31:08,191 [PipelineCommandHandlerThread-0] INFO  ratis.XceiverServerRatis (XceiverServerRatis.java:addGroup(804)) - Created group PipelineID=9e682222-9aa6-4020-964b-ba0de8f91112
2023-08-28 09:31:08,196 [dcc8ddaa-5db1-4c5e-85ac-81412a5c6050@group-BA0DE8F91112-FollowerState] INFO  server.RaftServerConfigKeys (ConfUtils.java:logFallback(53)) - raft.server.rpc.first-election.timeout.max = 5200ms (fallback to raft.server.rpc.timeout.max)
2023-08-28 09:31:08,196 [EventQueue-OpenPipelineForHealthyPipelineSafeModeRule] INFO  safemode.SCMSafeModeManager (HealthyPipelineSafeModeRule.java:process(137)) - SCM in safe mode. Healthy pipelines reported count is 0, required healthy pipeline reported count is 1
2023-08-28 09:31:08,225 [grpc-default-executor-1] INFO  server.RaftServer (RaftServerProxy.java:addNew(98)) - 2b44ba7e-4447-49ac-8e23-11440ea2d57e: addNew group-BA0DE8F91112:[dcc8ddaa-5db1-4c5e-85ac-81412a5c6050|rpc:10.1.0.27:15023|admin:10.1.0.27:15022|client:10.1.0.27:15021|dataStream:10.1.0.27:15024|priority:0|startupRole:FOLLOWER, 4beee146-73ae-4cd4-94a1-e1eb5fcd7f02|rpc:10.1.0.27:15032|admin:10.1.0.27:15031|client:10.1.0.27:15030|dataStream:10.1.0.27:15033|priority:0|startupRole:FOLLOWER, 2b44ba7e-4447-49ac-8e23-11440ea2d57e|rpc:10.1.0.27:15014|admin:10.1.0.27:15013|client:10.1.0.27:15012|dataStream:10.1.0.27:15015|priority:1|startupRole:FOLLOWER] returns group-BA0DE8F91112:java.util.concurrent.CompletableFuture@67ff8167[Not completed]
2023-08-28 09:31:08,226 [2b44ba7e-4447-49ac-8e23-11440ea2d57e-groupManagement] INFO  server.RaftServer$Division (RaftServerImpl.java:<init>(198)) - 2b44ba7e-4447-49ac-8e23-11440ea2d57e: new RaftServerImpl for group-BA0DE8F91112:[dcc8ddaa-5db1-4c5e-85ac-81412a5c6050|rpc:10.1.0.27:15023|admin:10.1.0.27:15022|client:10.1.0.27:15021|dataStream:10.1.0.27:15024|priority:0|startupRole:FOLLOWER, 4beee146-73ae-4cd4-94a1-e1eb5fcd7f02|rpc:10.1.0.27:15032|admin:10.1.0.27:15031|client:10.1.0.27:15030|dataStream:10.1.0.27:15033|priority:0|startupRole:FOLLOWER, 2b44ba7e-4447-49ac-8e23-11440ea2d57e|rpc:10.1.0.27:15014|admin:10.1.0.27:15013|client:10.1.0.27:15012|dataStream:10.1.0.27:15015|priority:1|startupRole:FOLLOWER] with ContainerStateMachine:uninitialized
2023-08-28 09:31:08,227 [2b44ba7e-4447-49ac-8e23-11440ea2d57e-groupManagement] INFO  server.RaftServerConfigKeys (ConfUtils.java:logGet(46)) - raft.server.rpc.timeout.min = 5s (custom)
2023-08-28 09:31:08,227 [2b44ba7e-4447-49ac-8e23-11440ea2d57e-groupManagement] INFO  server.RaftServerConfigKeys (ConfUtils.java:logGet(46)) - raft.server.rpc.timeout.max = 5200ms (custom)
2023-08-28 09:31:08,227 [2b44ba7e-4447-49ac-8e23-11440ea2d57e-groupManagement] INFO  server.RaftServerConfigKeys (ConfUtils.java:logGet(46)) - raft.server.rpc.sleep.time = 25ms (default)
2023-08-28 09:31:08,227 [2b44ba7e-4447-49ac-8e23-11440ea2d57e-groupManagement] INFO  server.RaftServerConfigKeys (ConfUtils.java:logGet(46)) - raft.server.rpc.slowness.timeout = 300s (custom)
2023-08-28 09:31:08,227 [2b44ba7e-4447-49ac-8e23-11440ea2d57e-groupManagement] INFO  server.RaftServerConfigKeys (ConfUtils.java:logGet(46)) - raft.server.leaderelection.leader.step-down.wait-time = 10s (default)
2023-08-28 09:31:08,227 [2b44ba7e-4447-49ac-8e23-11440ea2d57e-groupManagement] INFO  server.RaftServerConfigKeys (ConfUtils.java:logGet(46)) - raft.server.sleep.deviation.threshold = 300ms (default)
2023-08-28 09:31:08,227 [2b44ba7e-4447-49ac-8e23-11440ea2d57e-groupManagement] INFO  server.RaftServer$Division (ServerState.java:<init>(120)) - 2b44ba7e-4447-49ac-8e23-11440ea2d57e@group-BA0DE8F91112: ConfigurationManager, init=-1: peers:[dcc8ddaa-5db1-4c5e-85ac-81412a5c6050|rpc:10.1.0.27:15023|admin:10.1.0.27:15022|client:10.1.0.27:15021|dataStream:10.1.0.27:15024|priority:0|startupRole:FOLLOWER, 4beee146-73ae-4cd4-94a1-e1eb5fcd7f02|rpc:10.1.0.27:15032|admin:10.1.0.27:15031|client:10.1.0.27:15030|dataStream:10.1.0.27:15033|priority:0|startupRole:FOLLOWER, 2b44ba7e-4447-49ac-8e23-11440ea2d57e|rpc:10.1.0.27:15014|admin:10.1.0.27:15013|client:10.1.0.27:15012|dataStream:10.1.0.27:15015|priority:1|startupRole:FOLLOWER]|listeners:[], old=null, confs=<EMPTY_MAP>
2023-08-28 09:31:08,227 [2b44ba7e-4447-49ac-8e23-11440ea2d57e-groupManagement] INFO  server.RaftServerConfigKeys (ConfUtils.java:logGet(46)) - raft.server.storage.dir = [/home/runner/work/ozone/ozone/hadoop-ozone/integration-test/target/test-dir/MiniOzoneClusterImpl-56d16ed0-cc7e-4f87-bd63-81d84e7eb885/datanode-0/data/ratis] (custom)
2023-08-28 09:31:08,227 [2b44ba7e-4447-49ac-8e23-11440ea2d57e-groupManagement] INFO  server.RaftServerConfigKeys (ConfUtils.java:logGet(46)) - raft.server.log.corruption.policy = EXCEPTION (default)
2023-08-28 09:31:08,227 [2b44ba7e-4447-49ac-8e23-11440ea2d57e-groupManagement] INFO  server.RaftServerConfigKeys (ConfUtils.java:logGet(46)) - raft.server.storage.free-space.min = 0MB (=0) (default)
2023-08-28 09:31:08,227 [2b44ba7e-4447-49ac-8e23-11440ea2d57e-groupManagement] INFO  server.RaftServerConfigKeys (ConfUtils.java:logGet(46)) - raft.server.notification.no-leader.timeout = 300s (custom)
2023-08-28 09:31:08,229 [2b44ba7e-4447-49ac-8e23-11440ea2d57e-groupManagement] INFO  server.RaftServerConfigKeys (ConfUtils.java:logGet(46)) - raft.server.read.timeout = 10s (default)
2023-08-28 09:31:08,229 [2b44ba7e-4447-49ac-8e23-11440ea2d57e-groupManagement] INFO  server.RaftServerConfigKeys (ConfUtils.java:logGet(46)) - raft.server.retrycache.expirytime = 600000ms (custom)
2023-08-28 09:31:08,229 [2b44ba7e-4447-49ac-8e23-11440ea2d57e-groupManagement] INFO  server.RaftServerConfigKeys (ConfUtils.java:logGet(46)) - raft.server.retrycache.statistics.expirytime = 100μs (default)
2023-08-28 09:31:08,229 [2b44ba7e-4447-49ac-8e23-11440ea2d57e-groupManagement] INFO  server.RaftServerConfigKeys (ConfUtils.java:logGet(46)) - raft.server.read.option = DEFAULT (default)
2023-08-28 09:31:08,230 [2b44ba7e-4447-49ac-8e23-11440ea2d57e-groupManagement] INFO  server.RaftServerConfigKeys (ConfUtils.java:logGet(46)) - raft.server.rpc.request.timeout = 60s (custom)
2023-08-28 09:31:08,230 [2b44ba7e-4447-49ac-8e23-11440ea2d57e-groupManagement] INFO  server.RaftServerConfigKeys (ConfUtils.java:logGet(46)) - raft.server.log.appender.install.snapshot.enabled = false (custom)
2023-08-28 09:31:08,230 [2b44ba7e-4447-49ac-8e23-11440ea2d57e-groupManagement] INFO  server.RaftServerConfigKeys (ConfUtils.java:logGet(46)) - raft.server.threadpool.server.cached = true (default)
2023-08-28 09:31:08,230 [2b44ba7e-4447-49ac-8e23-11440ea2d57e-groupManagement] INFO  server.RaftServerConfigKeys (ConfUtils.java:logGet(46)) - raft.server.threadpool.server.size = 0 (default)
2023-08-28 09:31:08,230 [2b44ba7e-4447-49ac-8e23-11440ea2d57e-groupManagement] INFO  server.RaftServerConfigKeys (ConfUtils.java:logGet(46)) - raft.server.threadpool.client.cached = true (default)
2023-08-28 09:31:08,230 [2b44ba7e-4447-49ac-8e23-11440ea2d57e-groupManagement] INFO  server.RaftServerConfigKeys (ConfUtils.java:logGet(46)) - raft.server.threadpool.client.size = 0 (default)
2023-08-28 09:31:08,230 [2b44ba7e-4447-49ac-8e23-11440ea2d57e-groupManagement] INFO  storage.RaftStorageDirectory (RaftStorageDirectoryImpl.java:analyzeStorage(137)) - The storage directory /home/runner/work/ozone/ozone/hadoop-ozone/integration-test/target/test-dir/MiniOzoneClusterImpl-56d16ed0-cc7e-4f87-bd63-81d84e7eb885/datanode-0/data/ratis/9e682222-9aa6-4020-964b-ba0de8f91112 does not exist. Creating ...
2023-08-28 09:31:08,233 [2b44ba7e-4447-49ac-8e23-11440ea2d57e-groupManagement] INFO  storage.RaftStorageDirectory (RaftStorageDirectoryImpl.java:tryLock(231)) - Lock on /home/runner/work/ozone/ozone/hadoop-ozone/integration-test/target/test-dir/MiniOzoneClusterImpl-56d16ed0-cc7e-4f87-bd63-81d84e7eb885/datanode-0/data/ratis/9e682222-9aa6-4020-964b-ba0de8f91112/in_use.lock acquired by nodename 61172@fv-az625-77
2023-08-28 09:31:08,235 [2b44ba7e-4447-49ac-8e23-11440ea2d57e-groupManagement] INFO  storage.RaftStorage (RaftStorageImpl.java:format(96)) - Storage directory /home/runner/work/ozone/ozone/hadoop-ozone/integration-test/target/test-dir/MiniOzoneClusterImpl-56d16ed0-cc7e-4f87-bd63-81d84e7eb885/datanode-0/data/ratis/9e682222-9aa6-4020-964b-ba0de8f91112 has been successfully formatted.
2023-08-28 09:31:08,235 [2b44ba7e-4447-49ac-8e23-11440ea2d57e-groupManagement] INFO  ratis.ContainerStateMachine (ContainerStateMachine.java:loadSnapshot(262)) - group-BA0DE8F91112: The snapshot info is null. Setting the last applied indexto:(t:0, i:~)
2023-08-28 09:31:08,235 [2b44ba7e-4447-49ac-8e23-11440ea2d57e-groupManagement] INFO  server.RaftServerConfigKeys (ConfUtils.java:logGet(46)) - raft.server.log.use.memory = false (default)
2023-08-28 09:31:08,235 [2b44ba7e-4447-49ac-8e23-11440ea2d57e-groupManagement] INFO  server.RaftServerConfigKeys (ConfUtils.java:logGet(46)) - raft.server.log.purge.gap = 1000000 (custom)
2023-08-28 09:31:08,235 [2b44ba7e-4447-49ac-8e23-11440ea2d57e-groupManagement] INFO  server.RaftServerConfigKeys (ConfUtils.java:logGet(46)) - raft.server.log.appender.buffer.byte-limit = 33554432 (custom)
2023-08-28 09:31:08,532 [PipelineCommandHandlerThread-0] INFO  server.RaftServer (RaftServerProxy.java:addNew(98)) - 4beee146-73ae-4cd4-94a1-e1eb5fcd7f02: addNew group-B9BC7A8E5B7D:[4beee146-73ae-4cd4-94a1-e1eb5fcd7f02|rpc:10.1.0.27:15032|admin:10.1.0.27:15031|client:10.1.0.27:15030|dataStream:10.1.0.27:15033|priority:1|startupRole:FOLLOWER] returns group-B9BC7A8E5B7D:java.util.concurrent.CompletableFuture@56a9ca61[Not completed]
2023-08-28 09:31:08,539 [EventQueue-OpenPipelineForHealthyPipelineSafeModeRule] INFO  safemode.SCMSafeModeManager (HealthyPipelineSafeModeRule.java:process(137)) - SCM in safe mode. Healthy pipelines reported count is 0, required healthy pipeline reported count is 1
2023-08-28 09:31:08,536 [2b44ba7e-4447-49ac-8e23-11440ea2d57e-groupManagement] INFO  server.RaftServerConfigKeys (ConfUtils.java:logGet(46)) - raft.server.log.statemachine.data.read.timeout = 1000ms (default)
2023-08-28 09:31:08,541 [2b44ba7e-4447-49ac-8e23-11440ea2d57e-groupManagement] INFO  server.RaftServerConfigKeys (ConfUtils.java:logGet(46)) - raft.server.log.purge.preservation.log.num = 0 (default)
2023-08-28 09:31:08,541 [2b44ba7e-4447-49ac-8e23-11440ea2d57e-groupManagement] INFO  server.RaftServerConfigKeys (ConfUtils.java:logGet(46)) - raft.server.log.segment.size.max = 1048576 (custom)
2023-08-28 09:31:08,542 [2b44ba7e-4447-49ac-8e23-11440ea2d57e-groupManagement] INFO  server.RaftServerConfigKeys (ConfUtils.java:logGet(46)) - raft.server.log.segment.cache.num.max = 2 (custom)
2023-08-28 09:31:08,542 [2b44ba7e-4447-49ac-8e23-11440ea2d57e-groupManagement] INFO  server.RaftServerConfigKeys (ConfUtils.java:logGet(46)) - raft.server.log.segment.cache.size.max = 200MB (=209715200) (default)
2023-08-28 09:31:08,542 [2b44ba7e-4447-49ac-8e23-11440ea2d57e-groupManagement] INFO  server.RaftServerConfigKeys (ConfUtils.java:logGet(46)) - raft.server.log.appender.buffer.byte-limit = 33554432 (custom)
2023-08-28 09:31:08,542 [2b44ba7e-4447-49ac-8e23-11440ea2d57e-groupManagement] INFO  segmented.SegmentedRaftLogWorker (SegmentedRaftLogWorker.java:<init>(188)) - new 2b44ba7e-4447-49ac-8e23-11440ea2d57e@group-BA0DE8F91112-SegmentedRaftLogWorker for RaftStorageImpl:Storage Directory /home/runner/work/ozone/ozone/hadoop-ozone/integration-test/target/test-dir/MiniOzoneClusterImpl-56d16ed0-cc7e-4f87-bd63-81d84e7eb885/datanode-0/data/ratis/9e682222-9aa6-4020-964b-ba0de8f91112
2023-08-28 09:31:08,542 [2b44ba7e-4447-49ac-8e23-11440ea2d57e-groupManagement] INFO  server.RaftServerConfigKeys (ConfUtils.java:logGet(46)) - raft.server.log.queue.byte-limit = 4294967296 (custom)
2023-08-28 09:31:08,542 [2b44ba7e-4447-49ac-8e23-11440ea2d57e-groupManagement] INFO  server.RaftServerConfigKeys (ConfUtils.java:logGet(46)) - raft.server.log.queue.element-limit = 1024 (custom)
2023-08-28 09:31:08,542 [2b44ba7e-4447-49ac-8e23-11440ea2d57e-groupManagement] INFO  server.RaftServerConfigKeys (ConfUtils.java:logGet(46)) - raft.server.log.segment.size.max = 1048576 (custom)
2023-08-28 09:31:08,542 [2b44ba7e-4447-49ac-8e23-11440ea2d57e-groupManagement] INFO  server.RaftServerConfigKeys (ConfUtils.java:logGet(46)) - raft.server.log.preallocated.size = 16384 (custom)
2023-08-28 09:31:08,542 [2b44ba7e-4447-49ac-8e23-11440ea2d57e-groupManagement] INFO  server.RaftServerConfigKeys (ConfUtils.java:logGet(46)) - raft.server.log.force.sync.num = 128 (default)
2023-08-28 09:31:08,542 [2b44ba7e-4447-49ac-8e23-11440ea2d57e-groupManagement] INFO  server.RaftServerConfigKeys (ConfUtils.java:logGet(46)) - raft.server.log.statemachine.data.sync = true (default)
2023-08-28 09:31:08,542 [2b44ba7e-4447-49ac-8e23-11440ea2d57e-groupManagement] INFO  server.RaftServerConfigKeys (ConfUtils.java:logGet(46)) - raft.server.log.statemachine.data.sync.timeout = 10s (default)
2023-08-28 09:31:08,542 [2b44ba7e-4447-49ac-8e23-11440ea2d57e-groupManagement] INFO  server.RaftServerConfigKeys (ConfUtils.java:logGet(46)) - raft.server.log.statemachine.data.sync.timeout.retry = -1 (default)
2023-08-28 09:31:08,543 [2b44ba7e-4447-49ac-8e23-11440ea2d57e-groupManagement] INFO  server.RaftServerConfigKeys (ConfUtils.java:logGet(46)) - raft.server.log.write.buffer.size = 1048576 (custom)
2023-08-28 09:31:08,544 [2b44ba7e-4447-49ac-8e23-11440ea2d57e-groupManagement] INFO  server.RaftServerConfigKeys (ConfUtils.java:logGet(46)) - raft.server.log.appender.buffer.byte-limit = 33554432 (custom)
2023-08-28 09:31:08,534 [JvmPauseMonitor5] WARN  util.JvmPauseMonitor (JvmPauseMonitor.java:detectPause(124)) - JvmPauseMonitor-760c1559-1b0a-45ac-b6d7-a51714e01488: Detected pause in JVM or host machine approximately 0.234s with 0.293s GC time.
GC pool 'PS MarkSweep' had collection(s): count=1 time=220ms
GC pool 'PS Scavenge' had collection(s): count=1 time=73ms
2023-08-28 09:31:08,541 [grpc-default-executor-1] INFO  server.RaftServer (RaftServerProxy.java:addNew(98)) - 4beee146-73ae-4cd4-94a1-e1eb5fcd7f02: addNew group-A270CD0B37D7:[dcc8ddaa-5db1-4c5e-85ac-81412a5c6050|rpc:10.1.0.27:15023|admin:10.1.0.27:15022|client:10.1.0.27:15021|dataStream:10.1.0.27:15024|priority:0|startupRole:FOLLOWER, 4beee146-73ae-4cd4-94a1-e1eb5fcd7f02|rpc:10.1.0.27:15032|admin:10.1.0.27:15031|client:10.1.0.27:15030|dataStream:10.1.0.27:15033|priority:1|startupRole:FOLLOWER, 2b44ba7e-4447-49ac-8e23-11440ea2d57e|rpc:10.1.0.27:15014|admin:10.1.0.27:15013|client:10.1.0.27:15012|dataStream:10.1.0.27:15015|priority:0|startupRole:FOLLOWER] returns group-A270CD0B37D7:java.util.concurrent.CompletableFuture@522044fc[Not completed]
2023-08-28 09:31:08,550 [2b44ba7e-4447-49ac-8e23-11440ea2d57e-groupManagement] INFO  server.RaftServerConfigKeys (ConfUtils.java:logGet(46)) - raft.server.log.unsafe-flush.enabled = false (default)
2023-08-28 09:31:08,550 [2b44ba7e-4447-49ac-8e23-11440ea2d57e-groupManagement] INFO  server.RaftServerConfigKeys (ConfUtils.java:logGet(46)) - raft.server.log.async-flush.enabled = false (default)
2023-08-28 09:31:08,550 [2b44ba7e-4447-49ac-8e23-11440ea2d57e-groupManagement] INFO  server.RaftServerConfigKeys (ConfUtils.java:logGet(46)) - raft.server.log.statemachine.data.caching.enabled = true (custom)
2023-08-28 09:31:08,550 [2b44ba7e-4447-49ac-8e23-11440ea2d57e-groupManagement] INFO  segmented.SegmentedRaftLogWorker (SegmentedRaftLogWorker.java:lambda$new$0(135)) - 2b44ba7e-4447-49ac-8e23-11440ea2d57e@group-BA0DE8F91112-SegmentedRaftLogWorker: flushIndex: setUnconditionally 0 -> -1
2023-08-28 09:31:08,550 [2b44ba7e-4447-49ac-8e23-11440ea2d57e-groupManagement] INFO  segmented.SegmentedRaftLogWorker (SegmentedRaftLogWorker.java:lambda$new$0(135)) - 2b44ba7e-4447-49ac-8e23-11440ea2d57e@group-BA0DE8F91112-SegmentedRaftLogWorker: safeCacheEvictIndex: setUnconditionally 0 -> -1
2023-08-28 09:31:08,552 [4beee146-73ae-4cd4-94a1-e1eb5fcd7f02-groupManagement] INFO  server.RaftServer$Division (RaftServerImpl.java:<init>(198)) - 4beee146-73ae-4cd4-94a1-e1eb5fcd7f02: new RaftServerImpl for group-B9BC7A8E5B7D:[4beee146-73ae-4cd4-94a1-e1eb5fcd7f02|rpc:10.1.0.27:15032|admin:10.1.0.27:15031|client:10.1.0.27:15030|dataStream:10.1.0.27:15033|priority:1|startupRole:FOLLOWER] with ContainerStateMachine:uninitialized
2023-08-28 09:31:08,553 [2b44ba7e-4447-49ac-8e23-11440ea2d57e-groupManagement] INFO  server.RaftServer$Division (RaftServerImpl.java:start(342)) - 2b44ba7e-4447-49ac-8e23-11440ea2d57e@group-BA0DE8F91112: start as a follower, conf=-1: peers:[dcc8ddaa-5db1-4c5e-85ac-81412a5c6050|rpc:10.1.0.27:15023|admin:10.1.0.27:15022|client:10.1.0.27:15021|dataStream:10.1.0.27:15024|priority:0|startupRole:FOLLOWER, 4beee146-73ae-4cd4-94a1-e1eb5fcd7f02|rpc:10.1.0.27:15032|admin:10.1.0.27:15031|client:10.1.0.27:15030|dataStream:10.1.0.27:15033|priority:0|startupRole:FOLLOWER, 2b44ba7e-4447-49ac-8e23-11440ea2d57e|rpc:10.1.0.27:15014|admin:10.1.0.27:15013|client:10.1.0.27:15012|dataStream:10.1.0.27:15015|priority:1|startupRole:FOLLOWER]|listeners:[], old=null
2023-08-28 09:31:08,556 [4beee146-73ae-4cd4-94a1-e1eb5fcd7f02-groupManagement] INFO  server.RaftServerConfigKeys (ConfUtils.java:logGet(46)) - raft.server.rpc.timeout.min = 5s (custom)
2023-08-28 09:31:08,558 [2b44ba7e-4447-49ac-8e23-11440ea2d57e-groupManagement] INFO  server.RaftServer$Division (RaftServerImpl.java:setRole(329)) - 2b44ba7e-4447-49ac-8e23-11440ea2d57e@group-BA0DE8F91112: changes role from      null to FOLLOWER at term 0 for startAsFollower
2023-08-28 09:31:08,560 [4beee146-73ae-4cd4-94a1-e1eb5fcd7f02-groupManagement] INFO  server.RaftServerConfigKeys (ConfUtils.java:logGet(46)) - raft.server.rpc.timeout.max = 5200ms (custom)
2023-08-28 09:31:08,560 [2b44ba7e-4447-49ac-8e23-11440ea2d57e-groupManagement] INFO  impl.RoleInfo (RoleInfo.java:updateAndGet(139)) - 2b44ba7e-4447-49ac-8e23-11440ea2d57e: start 2b44ba7e-4447-49ac-8e23-11440ea2d57e@group-BA0DE8F91112-FollowerState
2023-08-28 09:31:08,560 [4beee146-73ae-4cd4-94a1-e1eb5fcd7f02-groupManagement] INFO  server.RaftServerConfigKeys (ConfUtils.java:logGet(46)) - raft.server.rpc.sleep.time = 25ms (default)
2023-08-28 09:31:08,560 [4beee146-73ae-4cd4-94a1-e1eb5fcd7f02-groupManagement] INFO  server.RaftServerConfigKeys (ConfUtils.java:logGet(46)) - raft.server.rpc.slowness.timeout = 300s (custom)
2023-08-28 09:31:08,560 [4beee146-73ae-4cd4-94a1-e1eb5fcd7f02-groupManagement] INFO  server.RaftServerConfigKeys (ConfUtils.java:logGet(46)) - raft.server.leaderelection.leader.step-down.wait-time = 10s (default)
2023-08-28 09:31:08,561 [4beee146-73ae-4cd4-94a1-e1eb5fcd7f02-groupManagement] INFO  server.RaftServerConfigKeys (ConfUtils.java:logGet(46)) - raft.server.sleep.deviation.threshold = 300ms (default)
2023-08-28 09:31:08,561 [2b44ba7e-4447-49ac-8e23-11440ea2d57e-groupManagement] INFO  util.JmxRegister (JmxRegister.java:tryRegister(44)) - Successfully registered JMX Bean with object name Ratis:service=RaftServer,group=group-BA0DE8F91112,id=2b44ba7e-4447-49ac-8e23-11440ea2d57e
2023-08-28 09:31:08,561 [4beee146-73ae-4cd4-94a1-e1eb5fcd7f02-groupManagement] INFO  server.RaftServer$Division (ServerState.java:<init>(120)) - 4beee146-73ae-4cd4-94a1-e1eb5fcd7f02@group-B9BC7A8E5B7D: ConfigurationManager, init=-1: peers:[4beee146-73ae-4cd4-94a1-e1eb5fcd7f02|rpc:10.1.0.27:15032|admin:10.1.0.27:15031|client:10.1.0.27:15030|dataStream:10.1.0.27:15033|priority:1|startupRole:FOLLOWER]|listeners:[], old=null, confs=<EMPTY_MAP>
2023-08-28 09:31:08,561 [2b44ba7e-4447-49ac-8e23-11440ea2d57e-groupManagement] INFO  server.RaftServerConfigKeys (ConfUtils.java:logGet(46)) - raft.server.snapshot.auto.trigger.enabled = true (custom)
2023-08-28 09:31:08,561 [4beee146-73ae-4cd4-94a1-e1eb5fcd7f02-groupManagement] INFO  server.RaftServerConfigKeys (ConfUtils.java:logGet(46)) - raft.server.storage.dir = [/home/runner/work/ozone/ozone/hadoop-ozone/integration-test/target/test-dir/MiniOzoneClusterImpl-56d16ed0-cc7e-4f87-bd63-81d84e7eb885/datanode-2/data/ratis] (custom)
2023-08-28 09:31:08,561 [4beee146-73ae-4cd4-94a1-e1eb5fcd7f02-groupManagement] INFO  server.RaftServerConfigKeys (ConfUtils.java:logGet(46)) - raft.server.log.corruption.policy = EXCEPTION (default)
2023-08-28 09:31:08,561 [4beee146-73ae-4cd4-94a1-e1eb5fcd7f02-groupManagement] INFO  server.RaftServerConfigKeys (ConfUtils.java:logGet(46)) - raft.server.storage.free-space.min = 0MB (=0) (default)
2023-08-28 09:31:08,561 [4beee146-73ae-4cd4-94a1-e1eb5fcd7f02-groupManagement] INFO  server.RaftServerConfigKeys (ConfUtils.java:logGet(46)) - raft.server.notification.no-leader.timeout = 300s (custom)
2023-08-28 09:31:08,561 [4beee146-73ae-4cd4-94a1-e1eb5fcd7f02-groupManagement] INFO  server.RaftServerConfigKeys (ConfUtils.java:logGet(46)) - raft.server.read.timeout = 10s (default)
2023-08-28 09:31:08,561 [4beee146-73ae-4cd4-94a1-e1eb5fcd7f02-groupManagement] INFO  server.RaftServerConfigKeys (ConfUtils.java:logGet(46)) - raft.server.retrycache.expirytime = 600000ms (custom)
2023-08-28 09:31:08,561 [4beee146-73ae-4cd4-94a1-e1eb5fcd7f02-groupManagement] INFO  server.RaftServerConfigKeys (ConfUtils.java:logGet(46)) - raft.server.retrycache.statistics.expirytime = 100μs (default)
2023-08-28 09:31:08,561 [4beee146-73ae-4cd4-94a1-e1eb5fcd7f02-groupManagement] INFO  server.RaftServerConfigKeys (ConfUtils.java:logGet(46)) - raft.server.read.option = DEFAULT (default)
2023-08-28 09:31:08,561 [2b44ba7e-4447-49ac-8e23-11440ea2d57e-groupManagement] INFO  server.RaftServerConfigKeys (ConfUtils.java:logGet(46)) - raft.server.snapshot.auto.trigger.threshold = 10000 (custom)
2023-08-28 09:31:08,568 [2b44ba7e-4447-49ac-8e23-11440ea2d57e@group-BA0DE8F91112-FollowerState] INFO  server.RaftServerConfigKeys (ConfUtils.java:logFallback(53)) - raft.server.rpc.first-election.timeout.min = 5s (fallback to raft.server.rpc.timeout.min)
2023-08-28 09:31:08,568 [2b44ba7e-4447-49ac-8e23-11440ea2d57e@group-BA0DE8F91112-FollowerState] INFO  server.RaftServerConfigKeys (ConfUtils.java:logFallback(53)) - raft.server.rpc.first-election.timeout.max = 5200ms (fallback to raft.server.rpc.timeout.max)
2023-08-28 09:31:08,568 [2b44ba7e-4447-49ac-8e23-11440ea2d57e-groupManagement] INFO  server.RaftServerConfigKeys (ConfUtils.java:logGet(46)) - raft.server.snapshot.retention.file.num = 5 (custom)
2023-08-28 09:31:08,568 [4beee146-73ae-4cd4-94a1-e1eb5fcd7f02-groupManagement] INFO  server.RaftServerConfigKeys (ConfUtils.java:logGet(46)) - raft.server.rpc.request.timeout = 60s (custom)
2023-08-28 09:31:08,568 [2b44ba7e-4447-49ac-8e23-11440ea2d57e-groupManagement] INFO  server.RaftServerConfigKeys (ConfUtils.java:logGet(46)) - raft.server.log.purge.upto.snapshot.index = false (default)
2023-08-28 09:31:08,569 [4beee146-73ae-4cd4-94a1-e1eb5fcd7f02-groupManagement] INFO  server.RaftServerConfigKeys (ConfUtils.java:logGet(46)) - raft.server.log.appender.install.snapshot.enabled = false (custom)
2023-08-28 09:31:08,569 [4beee146-73ae-4cd4-94a1-e1eb5fcd7f02-groupManagement] INFO  server.RaftServerConfigKeys (ConfUtils.java:logGet(46)) - raft.server.threadpool.server.cached = true (default)
2023-08-28 09:31:08,569 [4beee146-73ae-4cd4-94a1-e1eb5fcd7f02-groupManagement] INFO  server.RaftServerConfigKeys (ConfUtils.java:logGet(46)) - raft.server.threadpool.server.size = 0 (default)
2023-08-28 09:31:08,569 [4beee146-73ae-4cd4-94a1-e1eb5fcd7f02-groupManagement] INFO  server.RaftServerConfigKeys (ConfUtils.java:logGet(46)) - raft.server.threadpool.client.cached = true (default)
2023-08-28 09:31:08,569 [4beee146-73ae-4cd4-94a1-e1eb5fcd7f02-groupManagement] INFO  server.RaftServerConfigKeys (ConfUtils.java:logGet(46)) - raft.server.threadpool.client.size = 0 (default)
2023-08-28 09:31:08,570 [4beee146-73ae-4cd4-94a1-e1eb5fcd7f02-groupManagement] INFO  server.RaftServer$Division (RaftServerImpl.java:<init>(198)) - 4beee146-73ae-4cd4-94a1-e1eb5fcd7f02: new RaftServerImpl for group-A270CD0B37D7:[dcc8ddaa-5db1-4c5e-85ac-81412a5c6050|rpc:10.1.0.27:15023|admin:10.1.0.27:15022|client:10.1.0.27:15021|dataStream:10.1.0.27:15024|priority:0|startupRole:FOLLOWER, 4beee146-73ae-4cd4-94a1-e1eb5fcd7f02|rpc:10.1.0.27:15032|admin:10.1.0.27:15031|client:10.1.0.27:15030|dataStream:10.1.0.27:15033|priority:1|startupRole:FOLLOWER, 2b44ba7e-4447-49ac-8e23-11440ea2d57e|rpc:10.1.0.27:15014|admin:10.1.0.27:15013|client:10.1.0.27:15012|dataStream:10.1.0.27:15015|priority:0|startupRole:FOLLOWER] with ContainerStateMachine:uninitialized
2023-08-28 09:31:08,570 [4beee146-73ae-4cd4-94a1-e1eb5fcd7f02-groupManagement] INFO  server.RaftServerConfigKeys (ConfUtils.java:logGet(46)) - raft.server.rpc.timeout.min = 5s (custom)
2023-08-28 09:31:08,570 [4beee146-73ae-4cd4-94a1-e1eb5fcd7f02-groupManagement] INFO  server.RaftServerConfigKeys (ConfUtils.java:logGet(46)) - raft.server.rpc.timeout.max = 5200ms (custom)
2023-08-28 09:31:08,570 [4beee146-73ae-4cd4-94a1-e1eb5fcd7f02-groupManagement] INFO  server.RaftServerConfigKeys (ConfUtils.java:logGet(46)) - raft.server.rpc.sleep.time = 25ms (default)
2023-08-28 09:31:08,570 [4beee146-73ae-4cd4-94a1-e1eb5fcd7f02-groupManagement] INFO  server.RaftServerConfigKeys (ConfUtils.java:logGet(46)) - raft.server.rpc.slowness.timeout = 300s (custom)
2023-08-28 09:31:08,570 [4beee146-73ae-4cd4-94a1-e1eb5fcd7f02-groupManagement] INFO  server.RaftServerConfigKeys (ConfUtils.java:logGet(46)) - raft.server.leaderelection.leader.step-down.wait-time = 10s (default)
2023-08-28 09:31:08,570 [4beee146-73ae-4cd4-94a1-e1eb5fcd7f02-groupManagement] INFO  server.RaftServerConfigKeys (ConfUtils.java:logGet(46)) - raft.server.sleep.deviation.threshold = 300ms (default)
2023-08-28 09:31:08,570 [4beee146-73ae-4cd4-94a1-e1eb5fcd7f02-groupManagement] INFO  server.RaftServer$Division (ServerState.java:<init>(120)) - 4beee146-73ae-4cd4-94a1-e1eb5fcd7f02@group-A270CD0B37D7: ConfigurationManager, init=-1: peers:[dcc8ddaa-5db1-4c5e-85ac-81412a5c6050|rpc:10.1.0.27:15023|admin:10.1.0.27:15022|client:10.1.0.27:15021|dataStream:10.1.0.27:15024|priority:0|startupRole:FOLLOWER, 4beee146-73ae-4cd4-94a1-e1eb5fcd7f02|rpc:10.1.0.27:15032|admin:10.1.0.27:15031|client:10.1.0.27:15030|dataStream:10.1.0.27:15033|priority:1|startupRole:FOLLOWER, 2b44ba7e-4447-49ac-8e23-11440ea2d57e|rpc:10.1.0.27:15014|admin:10.1.0.27:15013|client:10.1.0.27:15012|dataStream:10.1.0.27:15015|priority:0|startupRole:FOLLOWER]|listeners:[], old=null, confs=<EMPTY_MAP>
2023-08-28 09:31:08,570 [4beee146-73ae-4cd4-94a1-e1eb5fcd7f02-groupManagement] INFO  server.RaftServerConfigKeys (ConfUtils.java:logGet(46)) - raft.server.storage.dir = [/home/runner/work/ozone/ozone/hadoop-ozone/integration-test/target/test-dir/MiniOzoneClusterImpl-56d16ed0-cc7e-4f87-bd63-81d84e7eb885/datanode-2/data/ratis] (custom)
2023-08-28 09:31:08,571 [4beee146-73ae-4cd4-94a1-e1eb5fcd7f02-groupManagement] INFO  server.RaftServerConfigKeys (ConfUtils.java:logGet(46)) - raft.server.log.corruption.policy = EXCEPTION (default)
2023-08-28 09:31:08,571 [4beee146-73ae-4cd4-94a1-e1eb5fcd7f02-groupManagement] INFO  server.RaftServerConfigKeys (ConfUtils.java:logGet(46)) - raft.server.storage.free-space.min = 0MB (=0) (default)
2023-08-28 09:31:08,571 [4beee146-73ae-4cd4-94a1-e1eb5fcd7f02-groupManagement] INFO  server.RaftServerConfigKeys (ConfUtils.java:logGet(46)) - raft.server.notification.no-leader.timeout = 300s (custom)
2023-08-28 09:31:08,571 [4beee146-73ae-4cd4-94a1-e1eb5fcd7f02-groupManagement] INFO  server.RaftServerConfigKeys (ConfUtils.java:logGet(46)) - raft.server.read.timeout = 10s (default)
2023-08-28 09:31:08,571 [4beee146-73ae-4cd4-94a1-e1eb5fcd7f02-groupManagement] INFO  server.RaftServerConfigKeys (ConfUtils.java:logGet(46)) - raft.server.retrycache.expirytime = 600000ms (custom)
2023-08-28 09:31:08,571 [4beee146-73ae-4cd4-94a1-e1eb5fcd7f02-groupManagement] INFO  server.RaftServerConfigKeys (ConfUtils.java:logGet(46)) - raft.server.retrycache.statistics.expirytime = 100μs (default)
2023-08-28 09:31:08,571 [4beee146-73ae-4cd4-94a1-e1eb5fcd7f02-groupManagement] INFO  server.RaftServerConfigKeys (ConfUtils.java:logGet(46)) - raft.server.read.option = DEFAULT (default)
2023-08-28 09:31:08,572 [4beee146-73ae-4cd4-94a1-e1eb5fcd7f02-groupManagement] INFO  server.RaftServerConfigKeys (ConfUtils.java:logGet(46)) - raft.server.rpc.request.timeout = 60s (custom)
2023-08-28 09:31:08,572 [4beee146-73ae-4cd4-94a1-e1eb5fcd7f02-groupManagement] INFO  server.RaftServerConfigKeys (ConfUtils.java:logGet(46)) - raft.server.log.appender.install.snapshot.enabled = false (custom)
2023-08-28 09:31:08,572 [4beee146-73ae-4cd4-94a1-e1eb5fcd7f02-groupManagement] INFO  server.RaftServerConfigKeys (ConfUtils.java:logGet(46)) - raft.server.threadpool.server.cached = true (default)
2023-08-28 09:31:08,572 [4beee146-73ae-4cd4-94a1-e1eb5fcd7f02-groupManagement] INFO  server.RaftServerConfigKeys (ConfUtils.java:logGet(46)) - raft.server.threadpool.server.size = 0 (default)
2023-08-28 09:31:08,572 [4beee146-73ae-4cd4-94a1-e1eb5fcd7f02-groupManagement] INFO  server.RaftServerConfigKeys (ConfUtils.java:logGet(46)) - raft.server.threadpool.client.cached = true (default)
2023-08-28 09:31:08,572 [4beee146-73ae-4cd4-94a1-e1eb5fcd7f02-groupManagement] INFO  server.RaftServerConfigKeys (ConfUtils.java:logGet(46)) - raft.server.threadpool.client.size = 0 (default)
2023-08-28 09:31:08,572 [4beee146-73ae-4cd4-94a1-e1eb5fcd7f02-groupManagement] INFO  storage.RaftStorageDirectory (RaftStorageDirectoryImpl.java:analyzeStorage(137)) - The storage directory /home/runner/work/ozone/ozone/hadoop-ozone/integration-test/target/test-dir/MiniOzoneClusterImpl-56d16ed0-cc7e-4f87-bd63-81d84e7eb885/datanode-2/data/ratis/f013d65f-9eee-4b66-a84d-b9bc7a8e5b7d does not exist. Creating ...
2023-08-28 09:31:08,574 [4beee146-73ae-4cd4-94a1-e1eb5fcd7f02-groupManagement] INFO  storage.RaftStorageDirectory (RaftStorageDirectoryImpl.java:tryLock(231)) - Lock on /home/runner/work/ozone/ozone/hadoop-ozone/integration-test/target/test-dir/MiniOzoneClusterImpl-56d16ed0-cc7e-4f87-bd63-81d84e7eb885/datanode-2/data/ratis/f013d65f-9eee-4b66-a84d-b9bc7a8e5b7d/in_use.lock acquired by nodename 61172@fv-az625-77
2023-08-28 09:31:08,577 [4beee146-73ae-4cd4-94a1-e1eb5fcd7f02-groupManagement] INFO  storage.RaftStorage (RaftStorageImpl.java:format(96)) - Storage directory /home/runner/work/ozone/ozone/hadoop-ozone/integration-test/target/test-dir/MiniOzoneClusterImpl-56d16ed0-cc7e-4f87-bd63-81d84e7eb885/datanode-2/data/ratis/f013d65f-9eee-4b66-a84d-b9bc7a8e5b7d has been successfully formatted.
2023-08-28 09:31:08,584 [4beee146-73ae-4cd4-94a1-e1eb5fcd7f02-groupManagement] INFO  ratis.ContainerStateMachine (ContainerStateMachine.java:loadSnapshot(262)) - group-B9BC7A8E5B7D: The snapshot info is null. Setting the last applied indexto:(t:0, i:~)
2023-08-28 09:31:08,584 [4beee146-73ae-4cd4-94a1-e1eb5fcd7f02-groupManagement] INFO  server.RaftServerConfigKeys (ConfUtils.java:logGet(46)) - raft.server.log.use.memory = false (default)
2023-08-28 09:31:08,584 [4beee146-73ae-4cd4-94a1-e1eb5fcd7f02-groupManagement] INFO  server.RaftServerConfigKeys (ConfUtils.java:logGet(46)) - raft.server.log.purge.gap = 1000000 (custom)
2023-08-28 09:31:08,584 [4beee146-73ae-4cd4-94a1-e1eb5fcd7f02-groupManagement] INFO  server.RaftServerConfigKeys (ConfUtils.java:logGet(46)) - raft.server.log.appender.buffer.byte-limit = 33554432 (custom)
2023-08-28 09:31:08,584 [4beee146-73ae-4cd4-94a1-e1eb5fcd7f02-groupManagement] INFO  server.RaftServerConfigKeys (ConfUtils.java:logGet(46)) - raft.server.log.statemachine.data.read.timeout = 1000ms (default)
2023-08-28 09:31:08,584 [4beee146-73ae-4cd4-94a1-e1eb5fcd7f02-groupManagement] INFO  server.RaftServerConfigKeys (ConfUtils.java:logGet(46)) - raft.server.log.purge.preservation.log.num = 0 (default)
2023-08-28 09:31:08,584 [4beee146-73ae-4cd4-94a1-e1eb5fcd7f02-groupManagement] INFO  server.RaftServerConfigKeys (ConfUtils.java:logGet(46)) - raft.server.log.segment.size.max = 1048576 (custom)
2023-08-28 09:31:08,585 [4beee146-73ae-4cd4-94a1-e1eb5fcd7f02-groupManagement] INFO  server.RaftServerConfigKeys (ConfUtils.java:logGet(46)) - raft.server.log.segment.cache.num.max = 2 (custom)
2023-08-28 09:31:08,585 [4beee146-73ae-4cd4-94a1-e1eb5fcd7f02-groupManagement] INFO  server.RaftServerConfigKeys (ConfUtils.java:logGet(46)) - raft.server.log.segment.cache.size.max = 200MB (=209715200) (default)
2023-08-28 09:31:08,585 [4beee146-73ae-4cd4-94a1-e1eb5fcd7f02-groupManagement] INFO  server.RaftServerConfigKeys (ConfUtils.java:logGet(46)) - raft.server.log.appender.buffer.byte-limit = 33554432 (custom)
2023-08-28 09:31:08,585 [4beee146-73ae-4cd4-94a1-e1eb5fcd7f02-groupManagement] INFO  segmented.SegmentedRaftLogWorker (SegmentedRaftLogWorker.java:<init>(188)) - new 4beee146-73ae-4cd4-94a1-e1eb5fcd7f02@group-B9BC7A8E5B7D-SegmentedRaftLogWorker for RaftStorageImpl:Storage Directory /home/runner/work/ozone/ozone/hadoop-ozone/integration-test/target/test-dir/MiniOzoneClusterImpl-56d16ed0-cc7e-4f87-bd63-81d84e7eb885/datanode-2/data/ratis/f013d65f-9eee-4b66-a84d-b9bc7a8e5b7d
2023-08-28 09:31:08,585 [4beee146-73ae-4cd4-94a1-e1eb5fcd7f02-groupManagement] INFO  server.RaftServerConfigKeys (ConfUtils.java:logGet(46)) - raft.server.log.queue.byte-limit = 4294967296 (custom)
2023-08-28 09:31:08,585 [4beee146-73ae-4cd4-94a1-e1eb5fcd7f02-groupManagement] INFO  server.RaftServerConfigKeys (ConfUtils.java:logGet(46)) - raft.server.log.queue.element-limit = 1024 (custom)
2023-08-28 09:31:08,585 [4beee146-73ae-4cd4-94a1-e1eb5fcd7f02-groupManagement] INFO  server.RaftServerConfigKeys (ConfUtils.java:logGet(46)) - raft.server.log.segment.size.max = 1048576 (custom)
2023-08-28 09:31:08,585 [4beee146-73ae-4cd4-94a1-e1eb5fcd7f02-groupManagement] INFO  server.RaftServerConfigKeys (ConfUtils.java:logGet(46)) - raft.server.log.preallocated.size = 16384 (custom)
2023-08-28 09:31:08,585 [4beee146-73ae-4cd4-94a1-e1eb5fcd7f02-groupManagement] INFO  server.RaftServerConfigKeys (ConfUtils.java:logGet(46)) - raft.server.log.force.sync.num = 128 (default)
2023-08-28 09:31:08,585 [4beee146-73ae-4cd4-94a1-e1eb5fcd7f02-groupManagement] INFO  server.RaftServerConfigKeys (ConfUtils.java:logGet(46)) - raft.server.log.statemachine.data.sync = true (default)
2023-08-28 09:31:08,585 [4beee146-73ae-4cd4-94a1-e1eb5fcd7f02-groupManagement] INFO  server.RaftServerConfigKeys (ConfUtils.java:logGet(46)) - raft.server.log.statemachine.data.sync.timeout = 10s (default)
2023-08-28 09:31:08,585 [4beee146-73ae-4cd4-94a1-e1eb5fcd7f02-groupManagement] INFO  server.RaftServerConfigKeys (ConfUtils.java:logGet(46)) - raft.server.log.statemachine.data.sync.timeout.retry = -1 (default)
2023-08-28 09:31:08,586 [4beee146-73ae-4cd4-94a1-e1eb5fcd7f02-groupManagement] INFO  server.RaftServerConfigKeys (ConfUtils.java:logGet(46)) - raft.server.log.write.buffer.size = 1048576 (custom)
2023-08-28 09:31:08,587 [4beee146-73ae-4cd4-94a1-e1eb5fcd7f02-groupManagement] INFO  server.RaftServerConfigKeys (ConfUtils.java:logGet(46)) - raft.server.log.appender.buffer.byte-limit = 33554432 (custom)
2023-08-28 09:31:08,593 [4beee146-73ae-4cd4-94a1-e1eb5fcd7f02-groupManagement] INFO  server.RaftServerConfigKeys (ConfUtils.java:logGet(46)) - raft.server.log.unsafe-flush.enabled = false (default)
2023-08-28 09:31:08,593 [4beee146-73ae-4cd4-94a1-e1eb5fcd7f02-groupManagement] INFO  server.RaftServerConfigKeys (ConfUtils.java:logGet(46)) - raft.server.log.async-flush.enabled = false (default)
2023-08-28 09:31:08,593 [4beee146-73ae-4cd4-94a1-e1eb5fcd7f02-groupManagement] INFO  server.RaftServerConfigKeys (ConfUtils.java:logGet(46)) - raft.server.log.statemachine.data.caching.enabled = true (custom)
2023-08-28 09:31:08,597 [4beee146-73ae-4cd4-94a1-e1eb5fcd7f02-groupManagement] INFO  segmented.SegmentedRaftLogWorker (SegmentedRaftLogWorker.java:lambda$new$0(135)) - 4beee146-73ae-4cd4-94a1-e1eb5fcd7f02@group-B9BC7A8E5B7D-SegmentedRaftLogWorker: flushIndex: setUnconditionally 0 -> -1
2023-08-28 09:31:08,597 [4beee146-73ae-4cd4-94a1-e1eb5fcd7f02-groupManagement] INFO  segmented.SegmentedRaftLogWorker (SegmentedRaftLogWorker.java:lambda$new$0(135)) - 4beee146-73ae-4cd4-94a1-e1eb5fcd7f02@group-B9BC7A8E5B7D-SegmentedRaftLogWorker: safeCacheEvictIndex: setUnconditionally 0 -> -1
2023-08-28 09:31:08,597 [4beee146-73ae-4cd4-94a1-e1eb5fcd7f02-groupManagement] INFO  server.RaftServer$Division (RaftServerImpl.java:start(342)) - 4beee146-73ae-4cd4-94a1-e1eb5fcd7f02@group-B9BC7A8E5B7D: start as a follower, conf=-1: peers:[4beee146-73ae-4cd4-94a1-e1eb5fcd7f02|rpc:10.1.0.27:15032|admin:10.1.0.27:15031|client:10.1.0.27:15030|dataStream:10.1.0.27:15033|priority:1|startupRole:FOLLOWER]|listeners:[], old=null
2023-08-28 09:31:08,597 [4beee146-73ae-4cd4-94a1-e1eb5fcd7f02-groupManagement] INFO  server.RaftServer$Division (RaftServerImpl.java:setRole(329)) - 4beee146-73ae-4cd4-94a1-e1eb5fcd7f02@group-B9BC7A8E5B7D: changes role from      null to FOLLOWER at term 0 for startAsFollower
2023-08-28 09:31:08,597 [4beee146-73ae-4cd4-94a1-e1eb5fcd7f02-groupManagement] INFO  impl.RoleInfo (RoleInfo.java:updateAndGet(139)) - 4beee146-73ae-4cd4-94a1-e1eb5fcd7f02: start 4beee146-73ae-4cd4-94a1-e1eb5fcd7f02@group-B9BC7A8E5B7D-FollowerState
2023-08-28 09:31:08,598 [EventQueue-PipelineReportForPipelineReportHandler] INFO  pipeline.PipelineReportHandler (PipelineReportHandler.java:processPipelineReport(136)) - Opened pipeline PipelineID=f013d65f-9eee-4b66-a84d-b9bc7a8e5b7d
2023-08-28 09:31:08,599 [EventQueue-OpenPipelineForHealthyPipelineSafeModeRule] INFO  safemode.SCMSafeModeManager (HealthyPipelineSafeModeRule.java:process(137)) - SCM in safe mode. Healthy pipelines reported count is 0, required healthy pipeline reported count is 1
2023-08-28 09:31:08,601 [4beee146-73ae-4cd4-94a1-e1eb5fcd7f02-groupManagement] INFO  util.JmxRegister (JmxRegister.java:tryRegister(44)) - Successfully registered JMX Bean with object name Ratis:service=RaftServer,group=group-B9BC7A8E5B7D,id=4beee146-73ae-4cd4-94a1-e1eb5fcd7f02
2023-08-28 09:31:08,601 [4beee146-73ae-4cd4-94a1-e1eb5fcd7f02-groupManagement] INFO  server.RaftServerConfigKeys (ConfUtils.java:logGet(46)) - raft.server.snapshot.auto.trigger.enabled = true (custom)
2023-08-28 09:31:08,601 [4beee146-73ae-4cd4-94a1-e1eb5fcd7f02-groupManagement] INFO  server.RaftServerConfigKeys (ConfUtils.java:logGet(46)) - raft.server.snapshot.auto.trigger.threshold = 10000 (custom)
2023-08-28 09:31:08,601 [4beee146-73ae-4cd4-94a1-e1eb5fcd7f02-groupManagement] INFO  server.RaftServerConfigKeys (ConfUtils.java:logGet(46)) - raft.server.snapshot.retention.file.num = 5 (custom)
2023-08-28 09:31:08,602 [4beee146-73ae-4cd4-94a1-e1eb5fcd7f02-groupManagement] INFO  server.RaftServerConfigKeys (ConfUtils.java:logGet(46)) - raft.server.log.purge.upto.snapshot.index = false (default)
2023-08-28 09:31:08,603 [4beee146-73ae-4cd4-94a1-e1eb5fcd7f02@group-B9BC7A8E5B7D-FollowerState] INFO  server.RaftServerConfigKeys (ConfUtils.java:logFallback(53)) - raft.server.rpc.first-election.timeout.min = 5s (fallback to raft.server.rpc.timeout.min)
2023-08-28 09:31:08,603 [4beee146-73ae-4cd4-94a1-e1eb5fcd7f02@group-B9BC7A8E5B7D-FollowerState] INFO  server.RaftServerConfigKeys (ConfUtils.java:logFallback(53)) - raft.server.rpc.first-election.timeout.max = 5200ms (fallback to raft.server.rpc.timeout.max)
2023-08-28 09:31:08,607 [4beee146-73ae-4cd4-94a1-e1eb5fcd7f02-groupManagement] INFO  storage.RaftStorageDirectory (RaftStorageDirectoryImpl.java:analyzeStorage(137)) - The storage directory /home/runner/work/ozone/ozone/hadoop-ozone/integration-test/target/test-dir/MiniOzoneClusterImpl-56d16ed0-cc7e-4f87-bd63-81d84e7eb885/datanode-2/data/ratis/78412001-a398-40cc-81dd-a270cd0b37d7 does not exist. Creating ...
2023-08-28 09:31:08,607 [PipelineCommandHandlerThread-0] INFO  ratis.XceiverServerRatis (XceiverServerRatis.java:addGroup(804)) - Created group PipelineID=f013d65f-9eee-4b66-a84d-b9bc7a8e5b7d
2023-08-28 09:31:08,607 [PipelineCommandHandlerThread-0] INFO  commandhandler.CreatePipelineCommandHandler (CreatePipelineCommandHandler.java:lambda$handle$2(124)) - Created Pipeline RATIS ONE PipelineID=f013d65f-9eee-4b66-a84d-b9bc7a8e5b7d.
2023-08-28 09:31:08,608 [PipelineCommandHandlerThread-0] INFO  server.RaftServer (RaftServerProxy.java:addNew(98)) - 4beee146-73ae-4cd4-94a1-e1eb5fcd7f02: addNew group-BA0DE8F91112:[dcc8ddaa-5db1-4c5e-85ac-81412a5c6050|rpc:10.1.0.27:15023|admin:10.1.0.27:15022|client:10.1.0.27:15021|dataStream:10.1.0.27:15024|priority:0|startupRole:FOLLOWER, 4beee146-73ae-4cd4-94a1-e1eb5fcd7f02|rpc:10.1.0.27:15032|admin:10.1.0.27:15031|client:10.1.0.27:15030|dataStream:10.1.0.27:15033|priority:0|startupRole:FOLLOWER, 2b44ba7e-4447-49ac-8e23-11440ea2d57e|rpc:10.1.0.27:15014|admin:10.1.0.27:15013|client:10.1.0.27:15012|dataStream:10.1.0.27:15015|priority:1|startupRole:FOLLOWER] returns group-BA0DE8F91112:java.util.concurrent.CompletableFuture@5296546c[Not completed]
2023-08-28 09:31:08,612 [4beee146-73ae-4cd4-94a1-e1eb5fcd7f02-groupManagement] INFO  storage.RaftStorageDirectory (RaftStorageDirectoryImpl.java:tryLock(231)) - Lock on /home/runner/work/ozone/ozone/hadoop-ozone/integration-test/target/test-dir/MiniOzoneClusterImpl-56d16ed0-cc7e-4f87-bd63-81d84e7eb885/datanode-2/data/ratis/78412001-a398-40cc-81dd-a270cd0b37d7/in_use.lock acquired by nodename 61172@fv-az625-77
2023-08-28 09:31:08,613 [4beee146-73ae-4cd4-94a1-e1eb5fcd7f02-groupManagement] INFO  storage.RaftStorage (RaftStorageImpl.java:format(96)) - Storage directory /home/runner/work/ozone/ozone/hadoop-ozone/integration-test/target/test-dir/MiniOzoneClusterImpl-56d16ed0-cc7e-4f87-bd63-81d84e7eb885/datanode-2/data/ratis/78412001-a398-40cc-81dd-a270cd0b37d7 has been successfully formatted.
2023-08-28 09:31:08,614 [4beee146-73ae-4cd4-94a1-e1eb5fcd7f02-groupManagement] INFO  ratis.ContainerStateMachine (ContainerStateMachine.java:loadSnapshot(262)) - group-A270CD0B37D7: The snapshot info is null. Setting the last applied indexto:(t:0, i:~)
2023-08-28 09:31:08,614 [4beee146-73ae-4cd4-94a1-e1eb5fcd7f02-groupManagement] INFO  server.RaftServerConfigKeys (ConfUtils.java:logGet(46)) - raft.server.log.use.memory = false (default)
2023-08-28 09:31:08,614 [4beee146-73ae-4cd4-94a1-e1eb5fcd7f02-groupManagement] INFO  server.RaftServerConfigKeys (ConfUtils.java:logGet(46)) - raft.server.log.purge.gap = 1000000 (custom)
2023-08-28 09:31:08,614 [4beee146-73ae-4cd4-94a1-e1eb5fcd7f02-groupManagement] INFO  server.RaftServerConfigKeys (ConfUtils.java:logGet(46)) - raft.server.log.appender.buffer.byte-limit = 33554432 (custom)
2023-08-28 09:31:08,614 [4beee146-73ae-4cd4-94a1-e1eb5fcd7f02-groupManagement] INFO  server.RaftServerConfigKeys (ConfUtils.java:logGet(46)) - raft.server.log.statemachine.data.read.timeout = 1000ms (default)
2023-08-28 09:31:08,614 [4beee146-73ae-4cd4-94a1-e1eb5fcd7f02-groupManagement] INFO  server.RaftServerConfigKeys (ConfUtils.java:logGet(46)) - raft.server.log.purge.preservation.log.num = 0 (default)
2023-08-28 09:31:08,614 [4beee146-73ae-4cd4-94a1-e1eb5fcd7f02-groupManagement] INFO  server.RaftServerConfigKeys (ConfUtils.java:logGet(46)) - raft.server.log.segment.size.max = 1048576 (custom)
2023-08-28 09:31:08,615 [4beee146-73ae-4cd4-94a1-e1eb5fcd7f02-groupManagement] INFO  server.RaftServerConfigKeys (ConfUtils.java:logGet(46)) - raft.server.log.segment.cache.num.max = 2 (custom)
2023-08-28 09:31:08,615 [4beee146-73ae-4cd4-94a1-e1eb5fcd7f02-groupManagement] INFO  server.RaftServerConfigKeys (ConfUtils.java:logGet(46)) - raft.server.log.segment.cache.size.max = 200MB (=209715200) (default)
2023-08-28 09:31:08,615 [4beee146-73ae-4cd4-94a1-e1eb5fcd7f02-groupManagement] INFO  server.RaftServerConfigKeys (ConfUtils.java:logGet(46)) - raft.server.log.appender.buffer.byte-limit = 33554432 (custom)
2023-08-28 09:31:08,615 [4beee146-73ae-4cd4-94a1-e1eb5fcd7f02-groupManagement] INFO  segmented.SegmentedRaftLogWorker (SegmentedRaftLogWorker.java:<init>(188)) - new 4beee146-73ae-4cd4-94a1-e1eb5fcd7f02@group-A270CD0B37D7-SegmentedRaftLogWorker for RaftStorageImpl:Storage Directory /home/runner/work/ozone/ozone/hadoop-ozone/integration-test/target/test-dir/MiniOzoneClusterImpl-56d16ed0-cc7e-4f87-bd63-81d84e7eb885/datanode-2/data/ratis/78412001-a398-40cc-81dd-a270cd0b37d7
2023-08-28 09:31:08,615 [4beee146-73ae-4cd4-94a1-e1eb5fcd7f02-groupManagement] INFO  server.RaftServerConfigKeys (ConfUtils.java:logGet(46)) - raft.server.log.queue.byte-limit = 4294967296 (custom)
2023-08-28 09:31:08,615 [4beee146-73ae-4cd4-94a1-e1eb5fcd7f02-groupManagement] INFO  server.RaftServerConfigKeys (ConfUtils.java:logGet(46)) - raft.server.log.queue.element-limit = 1024 (custom)
2023-08-28 09:31:08,615 [4beee146-73ae-4cd4-94a1-e1eb5fcd7f02-groupManagement] INFO  server.RaftServerConfigKeys (ConfUtils.java:logGet(46)) - raft.server.log.segment.size.max = 1048576 (custom)
2023-08-28 09:31:08,615 [4beee146-73ae-4cd4-94a1-e1eb5fcd7f02-groupManagement] INFO  server.RaftServerConfigKeys (ConfUtils.java:logGet(46)) - raft.server.log.preallocated.size = 16384 (custom)
2023-08-28 09:31:08,615 [4beee146-73ae-4cd4-94a1-e1eb5fcd7f02-groupManagement] INFO  server.RaftServerConfigKeys (ConfUtils.java:logGet(46)) - raft.server.log.force.sync.num = 128 (default)
2023-08-28 09:31:08,615 [4beee146-73ae-4cd4-94a1-e1eb5fcd7f02-groupManagement] INFO  server.RaftServerConfigKeys (ConfUtils.java:logGet(46)) - raft.server.log.statemachine.data.sync = true (default)
2023-08-28 09:31:08,615 [4beee146-73ae-4cd4-94a1-e1eb5fcd7f02-groupManagement] INFO  server.RaftServerConfigKeys (ConfUtils.java:logGet(46)) - raft.server.log.statemachine.data.sync.timeout = 10s (default)
2023-08-28 09:31:08,615 [4beee146-73ae-4cd4-94a1-e1eb5fcd7f02-groupManagement] INFO  server.RaftServerConfigKeys (ConfUtils.java:logGet(46)) - raft.server.log.statemachine.data.sync.timeout.retry = -1 (default)
2023-08-28 09:31:08,616 [4beee146-73ae-4cd4-94a1-e1eb5fcd7f02-groupManagement] INFO  server.RaftServerConfigKeys (ConfUtils.java:logGet(46)) - raft.server.log.write.buffer.size = 1048576 (custom)
2023-08-28 09:31:08,617 [4beee146-73ae-4cd4-94a1-e1eb5fcd7f02-groupManagement] INFO  server.RaftServerConfigKeys (ConfUtils.java:logGet(46)) - raft.server.log.appender.buffer.byte-limit = 33554432 (custom)
2023-08-28 09:31:08,624 [4beee146-73ae-4cd4-94a1-e1eb5fcd7f02-groupManagement] INFO  server.RaftServerConfigKeys (ConfUtils.java:logGet(46)) - raft.server.log.unsafe-flush.enabled = false (default)
2023-08-28 09:31:08,624 [4beee146-73ae-4cd4-94a1-e1eb5fcd7f02-groupManagement] INFO  server.RaftServerConfigKeys (ConfUtils.java:logGet(46)) - raft.server.log.async-flush.enabled = false (default)
2023-08-28 09:31:08,624 [4beee146-73ae-4cd4-94a1-e1eb5fcd7f02-groupManagement] INFO  server.RaftServerConfigKeys (ConfUtils.java:logGet(46)) - raft.server.log.statemachine.data.caching.enabled = true (custom)
2023-08-28 09:31:08,624 [4beee146-73ae-4cd4-94a1-e1eb5fcd7f02-groupManagement] INFO  segmented.SegmentedRaftLogWorker (SegmentedRaftLogWorker.java:lambda$new$0(135)) - 4beee146-73ae-4cd4-94a1-e1eb5fcd7f02@group-A270CD0B37D7-SegmentedRaftLogWorker: flushIndex: setUnconditionally 0 -> -1
2023-08-28 09:31:08,624 [4beee146-73ae-4cd4-94a1-e1eb5fcd7f02-groupManagement] INFO  segmented.SegmentedRaftLogWorker (SegmentedRaftLogWorker.java:lambda$new$0(135)) - 4beee146-73ae-4cd4-94a1-e1eb5fcd7f02@group-A270CD0B37D7-SegmentedRaftLogWorker: safeCacheEvictIndex: setUnconditionally 0 -> -1
2023-08-28 09:31:08,625 [EventQueue-OpenPipelineForHealthyPipelineSafeModeRule] INFO  safemode.SCMSafeModeManager (HealthyPipelineSafeModeRule.java:process(137)) - SCM in safe mode. Healthy pipelines reported count is 0, required healthy pipeline reported count is 1
2023-08-28 09:31:08,627 [4beee146-73ae-4cd4-94a1-e1eb5fcd7f02-groupManagement] INFO  server.RaftServer$Division (RaftServerImpl.java:start(342)) - 4beee146-73ae-4cd4-94a1-e1eb5fcd7f02@group-A270CD0B37D7: start as a follower, conf=-1: peers:[dcc8ddaa-5db1-4c5e-85ac-81412a5c6050|rpc:10.1.0.27:15023|admin:10.1.0.27:15022|client:10.1.0.27:15021|dataStream:10.1.0.27:15024|priority:0|startupRole:FOLLOWER, 4beee146-73ae-4cd4-94a1-e1eb5fcd7f02|rpc:10.1.0.27:15032|admin:10.1.0.27:15031|client:10.1.0.27:15030|dataStream:10.1.0.27:15033|priority:1|startupRole:FOLLOWER, 2b44ba7e-4447-49ac-8e23-11440ea2d57e|rpc:10.1.0.27:15014|admin:10.1.0.27:15013|client:10.1.0.27:15012|dataStream:10.1.0.27:15015|priority:0|startupRole:FOLLOWER]|listeners:[], old=null
2023-08-28 09:31:08,629 [4beee146-73ae-4cd4-94a1-e1eb5fcd7f02-groupManagement] INFO  server.RaftServer$Division (RaftServerImpl.java:setRole(329)) - 4beee146-73ae-4cd4-94a1-e1eb5fcd7f02@group-A270CD0B37D7: changes role from      null to FOLLOWER at term 0 for startAsFollower
2023-08-28 09:31:08,629 [4beee146-73ae-4cd4-94a1-e1eb5fcd7f02-groupManagement] INFO  impl.RoleInfo (RoleInfo.java:updateAndGet(139)) - 4beee146-73ae-4cd4-94a1-e1eb5fcd7f02: start 4beee146-73ae-4cd4-94a1-e1eb5fcd7f02@group-A270CD0B37D7-FollowerState
2023-08-28 09:31:08,630 [4beee146-73ae-4cd4-94a1-e1eb5fcd7f02-groupManagement] INFO  util.JmxRegister (JmxRegister.java:tryRegister(44)) - Successfully registered JMX Bean with object name Ratis:service=RaftServer,group=group-A270CD0B37D7,id=4beee146-73ae-4cd4-94a1-e1eb5fcd7f02
2023-08-28 09:31:08,630 [4beee146-73ae-4cd4-94a1-e1eb5fcd7f02-groupManagement] INFO  server.RaftServerConfigKeys (ConfUtils.java:logGet(46)) - raft.server.snapshot.auto.trigger.enabled = true (custom)
2023-08-28 09:31:08,630 [4beee146-73ae-4cd4-94a1-e1eb5fcd7f02-groupManagement] INFO  server.RaftServerConfigKeys (ConfUtils.java:logGet(46)) - raft.server.snapshot.auto.trigger.threshold = 10000 (custom)
2023-08-28 09:31:08,630 [4beee146-73ae-4cd4-94a1-e1eb5fcd7f02-groupManagement] INFO  server.RaftServerConfigKeys (ConfUtils.java:logGet(46)) - raft.server.snapshot.retention.file.num = 5 (custom)
2023-08-28 09:31:08,630 [4beee146-73ae-4cd4-94a1-e1eb5fcd7f02-groupManagement] INFO  server.RaftServerConfigKeys (ConfUtils.java:logGet(46)) - raft.server.log.purge.upto.snapshot.index = false (default)
2023-08-28 09:31:08,630 [4beee146-73ae-4cd4-94a1-e1eb5fcd7f02@group-A270CD0B37D7-FollowerState] INFO  server.RaftServerConfigKeys (ConfUtils.java:logFallback(53)) - raft.server.rpc.first-election.timeout.min = 5s (fallback to raft.server.rpc.timeout.min)
2023-08-28 09:31:08,632 [4beee146-73ae-4cd4-94a1-e1eb5fcd7f02-groupManagement] INFO  server.RaftServer$Division (RaftServerImpl.java:<init>(198)) - 4beee146-73ae-4cd4-94a1-e1eb5fcd7f02: new RaftServerImpl for group-BA0DE8F91112:[dcc8ddaa-5db1-4c5e-85ac-81412a5c6050|rpc:10.1.0.27:15023|admin:10.1.0.27:15022|client:10.1.0.27:15021|dataStream:10.1.0.27:15024|priority:0|startupRole:FOLLOWER, 4beee146-73ae-4cd4-94a1-e1eb5fcd7f02|rpc:10.1.0.27:15032|admin:10.1.0.27:15031|client:10.1.0.27:15030|dataStream:10.1.0.27:15033|priority:0|startupRole:FOLLOWER, 2b44ba7e-4447-49ac-8e23-11440ea2d57e|rpc:10.1.0.27:15014|admin:10.1.0.27:15013|client:10.1.0.27:15012|dataStream:10.1.0.27:15015|priority:1|startupRole:FOLLOWER] with ContainerStateMachine:uninitialized
2023-08-28 09:31:08,637 [4beee146-73ae-4cd4-94a1-e1eb5fcd7f02@group-A270CD0B37D7-FollowerState] INFO  server.RaftServerConfigKeys (ConfUtils.java:logFallback(53)) - raft.server.rpc.first-election.timeout.max = 5200ms (fallback to raft.server.rpc.timeout.max)
2023-08-28 09:31:08,637 [4beee146-73ae-4cd4-94a1-e1eb5fcd7f02-groupManagement] INFO  server.RaftServerConfigKeys (ConfUtils.java:logGet(46)) - raft.server.rpc.timeout.min = 5s (custom)
2023-08-28 09:31:08,648 [4beee146-73ae-4cd4-94a1-e1eb5fcd7f02-groupManagement] INFO  server.RaftServerConfigKeys (ConfUtils.java:logGet(46)) - raft.server.rpc.timeout.max = 5200ms (custom)
2023-08-28 09:31:08,648 [4beee146-73ae-4cd4-94a1-e1eb5fcd7f02-groupManagement] INFO  server.RaftServerConfigKeys (ConfUtils.java:logGet(46)) - raft.server.rpc.sleep.time = 25ms (default)
2023-08-28 09:31:08,648 [4beee146-73ae-4cd4-94a1-e1eb5fcd7f02-groupManagement] INFO  server.RaftServerConfigKeys (ConfUtils.java:logGet(46)) - raft.server.rpc.slowness.timeout = 300s (custom)
2023-08-28 09:31:08,648 [4beee146-73ae-4cd4-94a1-e1eb5fcd7f02-groupManagement] INFO  server.RaftServerConfigKeys (ConfUtils.java:logGet(46)) - raft.server.leaderelection.leader.step-down.wait-time = 10s (default)
2023-08-28 09:31:08,648 [4beee146-73ae-4cd4-94a1-e1eb5fcd7f02-groupManagement] INFO  server.RaftServerConfigKeys (ConfUtils.java:logGet(46)) - raft.server.sleep.deviation.threshold = 300ms (default)
2023-08-28 09:31:08,648 [4beee146-73ae-4cd4-94a1-e1eb5fcd7f02-groupManagement] INFO  server.RaftServer$Division (ServerState.java:<init>(120)) - 4beee146-73ae-4cd4-94a1-e1eb5fcd7f02@group-BA0DE8F91112: ConfigurationManager, init=-1: peers:[dcc8ddaa-5db1-4c5e-85ac-81412a5c6050|rpc:10.1.0.27:15023|admin:10.1.0.27:15022|client:10.1.0.27:15021|dataStream:10.1.0.27:15024|priority:0|startupRole:FOLLOWER, 4beee146-73ae-4cd4-94a1-e1eb5fcd7f02|rpc:10.1.0.27:15032|admin:10.1.0.27:15031|client:10.1.0.27:15030|dataStream:10.1.0.27:15033|priority:0|startupRole:FOLLOWER, 2b44ba7e-4447-49ac-8e23-11440ea2d57e|rpc:10.1.0.27:15014|admin:10.1.0.27:15013|client:10.1.0.27:15012|dataStream:10.1.0.27:15015|priority:1|startupRole:FOLLOWER]|listeners:[], old=null, confs=<EMPTY_MAP>
2023-08-28 09:31:08,648 [4beee146-73ae-4cd4-94a1-e1eb5fcd7f02-groupManagement] INFO  server.RaftServerConfigKeys (ConfUtils.java:logGet(46)) - raft.server.storage.dir = [/home/runner/work/ozone/ozone/hadoop-ozone/integration-test/target/test-dir/MiniOzoneClusterImpl-56d16ed0-cc7e-4f87-bd63-81d84e7eb885/datanode-2/data/ratis] (custom)
2023-08-28 09:31:08,648 [4beee146-73ae-4cd4-94a1-e1eb5fcd7f02-groupManagement] INFO  server.RaftServerConfigKeys (ConfUtils.java:logGet(46)) - raft.server.log.corruption.policy = EXCEPTION (default)
2023-08-28 09:31:08,648 [4beee146-73ae-4cd4-94a1-e1eb5fcd7f02-groupManagement] INFO  server.RaftServerConfigKeys (ConfUtils.java:logGet(46)) - raft.server.storage.free-space.min = 0MB (=0) (default)
2023-08-28 09:31:08,648 [4beee146-73ae-4cd4-94a1-e1eb5fcd7f02-groupManagement] INFO  server.RaftServerConfigKeys (ConfUtils.java:logGet(46)) - raft.server.notification.no-leader.timeout = 300s (custom)
2023-08-28 09:31:08,649 [4beee146-73ae-4cd4-94a1-e1eb5fcd7f02-groupManagement] INFO  server.RaftServerConfigKeys (ConfUtils.java:logGet(46)) - raft.server.read.timeout = 10s (default)
2023-08-28 09:31:08,649 [4beee146-73ae-4cd4-94a1-e1eb5fcd7f02-groupManagement] INFO  server.RaftServerConfigKeys (ConfUtils.java:logGet(46)) - raft.server.retrycache.expirytime = 600000ms (custom)
2023-08-28 09:31:08,649 [4beee146-73ae-4cd4-94a1-e1eb5fcd7f02-groupManagement] INFO  server.RaftServerConfigKeys (ConfUtils.java:logGet(46)) - raft.server.retrycache.statistics.expirytime = 100μs (default)
2023-08-28 09:31:08,649 [4beee146-73ae-4cd4-94a1-e1eb5fcd7f02-groupManagement] INFO  server.RaftServerConfigKeys (ConfUtils.java:logGet(46)) - raft.server.read.option = DEFAULT (default)
2023-08-28 09:31:08,650 [4beee146-73ae-4cd4-94a1-e1eb5fcd7f02-groupManagement] INFO  server.RaftServerConfigKeys (ConfUtils.java:logGet(46)) - raft.server.rpc.request.timeout = 60s (custom)
2023-08-28 09:31:08,650 [4beee146-73ae-4cd4-94a1-e1eb5fcd7f02-groupManagement] INFO  server.RaftServerConfigKeys (ConfUtils.java:logGet(46)) - raft.server.log.appender.install.snapshot.enabled = false (custom)
2023-08-28 09:31:08,650 [4beee146-73ae-4cd4-94a1-e1eb5fcd7f02-groupManagement] INFO  server.RaftServerConfigKeys (ConfUtils.java:logGet(46)) - raft.server.threadpool.server.cached = true (default)
2023-08-28 09:31:08,650 [4beee146-73ae-4cd4-94a1-e1eb5fcd7f02-groupManagement] INFO  server.RaftServerConfigKeys (ConfUtils.java:logGet(46)) - raft.server.threadpool.server.size = 0 (default)
2023-08-28 09:31:08,650 [4beee146-73ae-4cd4-94a1-e1eb5fcd7f02-groupManagement] INFO  server.RaftServerConfigKeys (ConfUtils.java:logGet(46)) - raft.server.threadpool.client.cached = true (default)
2023-08-28 09:31:08,650 [4beee146-73ae-4cd4-94a1-e1eb5fcd7f02-groupManagement] INFO  server.RaftServerConfigKeys (ConfUtils.java:logGet(46)) - raft.server.threadpool.client.size = 0 (default)
2023-08-28 09:31:08,650 [4beee146-73ae-4cd4-94a1-e1eb5fcd7f02-groupManagement] INFO  storage.RaftStorageDirectory (RaftStorageDirectoryImpl.java:analyzeStorage(137)) - The storage directory /home/runner/work/ozone/ozone/hadoop-ozone/integration-test/target/test-dir/MiniOzoneClusterImpl-56d16ed0-cc7e-4f87-bd63-81d84e7eb885/datanode-2/data/ratis/9e682222-9aa6-4020-964b-ba0de8f91112 does not exist. Creating ...
2023-08-28 09:31:08,652 [4beee146-73ae-4cd4-94a1-e1eb5fcd7f02-groupManagement] INFO  storage.RaftStorageDirectory (RaftStorageDirectoryImpl.java:tryLock(231)) - Lock on /home/runner/work/ozone/ozone/hadoop-ozone/integration-test/target/test-dir/MiniOzoneClusterImpl-56d16ed0-cc7e-4f87-bd63-81d84e7eb885/datanode-2/data/ratis/9e682222-9aa6-4020-964b-ba0de8f91112/in_use.lock acquired by nodename 61172@fv-az625-77
2023-08-28 09:31:08,657 [4beee146-73ae-4cd4-94a1-e1eb5fcd7f02-groupManagement] INFO  storage.RaftStorage (RaftStorageImpl.java:format(96)) - Storage directory /home/runner/work/ozone/ozone/hadoop-ozone/integration-test/target/test-dir/MiniOzoneClusterImpl-56d16ed0-cc7e-4f87-bd63-81d84e7eb885/datanode-2/data/ratis/9e682222-9aa6-4020-964b-ba0de8f91112 has been successfully formatted.
2023-08-28 09:31:08,658 [4beee146-73ae-4cd4-94a1-e1eb5fcd7f02-groupManagement] INFO  ratis.ContainerStateMachine (ContainerStateMachine.java:loadSnapshot(262)) - group-BA0DE8F91112: The snapshot info is null. Setting the last applied indexto:(t:0, i:~)
2023-08-28 09:31:08,658 [4beee146-73ae-4cd4-94a1-e1eb5fcd7f02-groupManagement] INFO  server.RaftServerConfigKeys (ConfUtils.java:logGet(46)) - raft.server.log.use.memory = false (default)
2023-08-28 09:31:08,658 [4beee146-73ae-4cd4-94a1-e1eb5fcd7f02-groupManagement] INFO  server.RaftServerConfigKeys (ConfUtils.java:logGet(46)) - raft.server.log.purge.gap = 1000000 (custom)
2023-08-28 09:31:08,658 [4beee146-73ae-4cd4-94a1-e1eb5fcd7f02-groupManagement] INFO  server.RaftServerConfigKeys (ConfUtils.java:logGet(46)) - raft.server.log.appender.buffer.byte-limit = 33554432 (custom)
2023-08-28 09:31:08,658 [4beee146-73ae-4cd4-94a1-e1eb5fcd7f02-groupManagement] INFO  server.RaftServerConfigKeys (ConfUtils.java:logGet(46)) - raft.server.log.statemachine.data.read.timeout = 1000ms (default)
2023-08-28 09:31:08,659 [4beee146-73ae-4cd4-94a1-e1eb5fcd7f02-groupManagement] INFO  server.RaftServerConfigKeys (ConfUtils.java:logGet(46)) - raft.server.log.purge.preservation.log.num = 0 (default)
2023-08-28 09:31:08,659 [4beee146-73ae-4cd4-94a1-e1eb5fcd7f02-groupManagement] INFO  server.RaftServerConfigKeys (ConfUtils.java:logGet(46)) - raft.server.log.segment.size.max = 1048576 (custom)
2023-08-28 09:31:08,659 [4beee146-73ae-4cd4-94a1-e1eb5fcd7f02-groupManagement] INFO  server.RaftServerConfigKeys (ConfUtils.java:logGet(46)) - raft.server.log.segment.cache.num.max = 2 (custom)
2023-08-28 09:31:08,659 [4beee146-73ae-4cd4-94a1-e1eb5fcd7f02-groupManagement] INFO  server.RaftServerConfigKeys (ConfUtils.java:logGet(46)) - raft.server.log.segment.cache.size.max = 200MB (=209715200) (default)
2023-08-28 09:31:08,659 [4beee146-73ae-4cd4-94a1-e1eb5fcd7f02-groupManagement] INFO  server.RaftServerConfigKeys (ConfUtils.java:logGet(46)) - raft.server.log.appender.buffer.byte-limit = 33554432 (custom)
2023-08-28 09:31:08,659 [4beee146-73ae-4cd4-94a1-e1eb5fcd7f02-groupManagement] INFO  segmented.SegmentedRaftLogWorker (SegmentedRaftLogWorker.java:<init>(188)) - new 4beee146-73ae-4cd4-94a1-e1eb5fcd7f02@group-BA0DE8F91112-SegmentedRaftLogWorker for RaftStorageImpl:Storage Directory /home/runner/work/ozone/ozone/hadoop-ozone/integration-test/target/test-dir/MiniOzoneClusterImpl-56d16ed0-cc7e-4f87-bd63-81d84e7eb885/datanode-2/data/ratis/9e682222-9aa6-4020-964b-ba0de8f91112
2023-08-28 09:31:08,659 [4beee146-73ae-4cd4-94a1-e1eb5fcd7f02-groupManagement] INFO  server.RaftServerConfigKeys (ConfUtils.java:logGet(46)) - raft.server.log.queue.byte-limit = 4294967296 (custom)
2023-08-28 09:31:08,659 [4beee146-73ae-4cd4-94a1-e1eb5fcd7f02-groupManagement] INFO  server.RaftServerConfigKeys (ConfUtils.java:logGet(46)) - raft.server.log.queue.element-limit = 1024 (custom)
2023-08-28 09:31:08,659 [4beee146-73ae-4cd4-94a1-e1eb5fcd7f02-groupManagement] INFO  server.RaftServerConfigKeys (ConfUtils.java:logGet(46)) - raft.server.log.segment.size.max = 1048576 (custom)
2023-08-28 09:31:08,659 [4beee146-73ae-4cd4-94a1-e1eb5fcd7f02-groupManagement] INFO  server.RaftServerConfigKeys (ConfUtils.java:logGet(46)) - raft.server.log.preallocated.size = 16384 (custom)
2023-08-28 09:31:08,659 [4beee146-73ae-4cd4-94a1-e1eb5fcd7f02-groupManagement] INFO  server.RaftServerConfigKeys (ConfUtils.java:logGet(46)) - raft.server.log.force.sync.num = 128 (default)
2023-08-28 09:31:08,659 [4beee146-73ae-4cd4-94a1-e1eb5fcd7f02-groupManagement] INFO  server.RaftServerConfigKeys (ConfUtils.java:logGet(46)) - raft.server.log.statemachine.data.sync = true (default)
2023-08-28 09:31:08,660 [4beee146-73ae-4cd4-94a1-e1eb5fcd7f02-groupManagement] INFO  server.RaftServerConfigKeys (ConfUtils.java:logGet(46)) - raft.server.log.statemachine.data.sync.timeout = 10s (default)
2023-08-28 09:31:08,662 [EventQueue-OpenPipelineForHealthyPipelineSafeModeRule] INFO  safemode.SCMSafeModeManager (HealthyPipelineSafeModeRule.java:process(137)) - SCM in safe mode. Healthy pipelines reported count is 0, required healthy pipeline reported count is 1
2023-08-28 09:31:08,663 [4beee146-73ae-4cd4-94a1-e1eb5fcd7f02-groupManagement] INFO  server.RaftServerConfigKeys (ConfUtils.java:logGet(46)) - raft.server.log.statemachine.data.sync.timeout.retry = -1 (default)
2023-08-28 09:31:08,665 [PipelineCommandHandlerThread-0] INFO  commandhandler.CreatePipelineCommandHandler (CreatePipelineCommandHandler.java:lambda$handle$2(124)) - Created Pipeline RATIS THREE PipelineID=78412001-a398-40cc-81dd-a270cd0b37d7.
2023-08-28 09:31:08,668 [4beee146-73ae-4cd4-94a1-e1eb5fcd7f02-groupManagement] INFO  server.RaftServerConfigKeys (ConfUtils.java:logGet(46)) - raft.server.log.write.buffer.size = 1048576 (custom)
2023-08-28 09:31:08,670 [4beee146-73ae-4cd4-94a1-e1eb5fcd7f02-groupManagement] INFO  server.RaftServerConfigKeys (ConfUtils.java:logGet(46)) - raft.server.log.appender.buffer.byte-limit = 33554432 (custom)
2023-08-28 09:31:08,680 [4beee146-73ae-4cd4-94a1-e1eb5fcd7f02-groupManagement] INFO  server.RaftServerConfigKeys (ConfUtils.java:logGet(46)) - raft.server.log.unsafe-flush.enabled = false (default)
2023-08-28 09:31:08,680 [4beee146-73ae-4cd4-94a1-e1eb5fcd7f02-groupManagement] INFO  server.RaftServerConfigKeys (ConfUtils.java:logGet(46)) - raft.server.log.async-flush.enabled = false (default)
2023-08-28 09:31:08,681 [4beee146-73ae-4cd4-94a1-e1eb5fcd7f02-groupManagement] INFO  server.RaftServerConfigKeys (ConfUtils.java:logGet(46)) - raft.server.log.statemachine.data.caching.enabled = true (custom)
2023-08-28 09:31:08,681 [4beee146-73ae-4cd4-94a1-e1eb5fcd7f02-groupManagement] INFO  segmented.SegmentedRaftLogWorker (SegmentedRaftLogWorker.java:lambda$new$0(135)) - 4beee146-73ae-4cd4-94a1-e1eb5fcd7f02@group-BA0DE8F91112-SegmentedRaftLogWorker: flushIndex: setUnconditionally 0 -> -1
2023-08-28 09:31:08,681 [4beee146-73ae-4cd4-94a1-e1eb5fcd7f02-groupManagement] INFO  segmented.SegmentedRaftLogWorker (SegmentedRaftLogWorker.java:lambda$new$0(135)) - 4beee146-73ae-4cd4-94a1-e1eb5fcd7f02@group-BA0DE8F91112-SegmentedRaftLogWorker: safeCacheEvictIndex: setUnconditionally 0 -> -1
2023-08-28 09:31:08,681 [4beee146-73ae-4cd4-94a1-e1eb5fcd7f02-groupManagement] INFO  server.RaftServer$Division (RaftServerImpl.java:start(342)) - 4beee146-73ae-4cd4-94a1-e1eb5fcd7f02@group-BA0DE8F91112: start as a follower, conf=-1: peers:[dcc8ddaa-5db1-4c5e-85ac-81412a5c6050|rpc:10.1.0.27:15023|admin:10.1.0.27:15022|client:10.1.0.27:15021|dataStream:10.1.0.27:15024|priority:0|startupRole:FOLLOWER, 4beee146-73ae-4cd4-94a1-e1eb5fcd7f02|rpc:10.1.0.27:15032|admin:10.1.0.27:15031|client:10.1.0.27:15030|dataStream:10.1.0.27:15033|priority:0|startupRole:FOLLOWER, 2b44ba7e-4447-49ac-8e23-11440ea2d57e|rpc:10.1.0.27:15014|admin:10.1.0.27:15013|client:10.1.0.27:15012|dataStream:10.1.0.27:15015|priority:1|startupRole:FOLLOWER]|listeners:[], old=null
2023-08-28 09:31:08,681 [4beee146-73ae-4cd4-94a1-e1eb5fcd7f02-groupManagement] INFO  server.RaftServer$Division (RaftServerImpl.java:setRole(329)) - 4beee146-73ae-4cd4-94a1-e1eb5fcd7f02@group-BA0DE8F91112: changes role from      null to FOLLOWER at term 0 for startAsFollower
2023-08-28 09:31:08,682 [4beee146-73ae-4cd4-94a1-e1eb5fcd7f02-groupManagement] INFO  impl.RoleInfo (RoleInfo.java:updateAndGet(139)) - 4beee146-73ae-4cd4-94a1-e1eb5fcd7f02: start 4beee146-73ae-4cd4-94a1-e1eb5fcd7f02@group-BA0DE8F91112-FollowerState
2023-08-28 09:31:08,682 [4beee146-73ae-4cd4-94a1-e1eb5fcd7f02-groupManagement] INFO  util.JmxRegister (JmxRegister.java:tryRegister(44)) - Successfully registered JMX Bean with object name Ratis:service=RaftServer,group=group-BA0DE8F91112,id=4beee146-73ae-4cd4-94a1-e1eb5fcd7f02
2023-08-28 09:31:08,682 [4beee146-73ae-4cd4-94a1-e1eb5fcd7f02-groupManagement] INFO  server.RaftServerConfigKeys (ConfUtils.java:logGet(46)) - raft.server.snapshot.auto.trigger.enabled = true (custom)
2023-08-28 09:31:08,682 [4beee146-73ae-4cd4-94a1-e1eb5fcd7f02-groupManagement] INFO  server.RaftServerConfigKeys (ConfUtils.java:logGet(46)) - raft.server.snapshot.auto.trigger.threshold = 10000 (custom)
2023-08-28 09:31:08,682 [4beee146-73ae-4cd4-94a1-e1eb5fcd7f02-groupManagement] INFO  server.RaftServerConfigKeys (ConfUtils.java:logGet(46)) - raft.server.snapshot.retention.file.num = 5 (custom)
2023-08-28 09:31:08,682 [4beee146-73ae-4cd4-94a1-e1eb5fcd7f02-groupManagement] INFO  server.RaftServerConfigKeys (ConfUtils.java:logGet(46)) - raft.server.log.purge.upto.snapshot.index = false (default)
2023-08-28 09:31:08,683 [4beee146-73ae-4cd4-94a1-e1eb5fcd7f02@group-BA0DE8F91112-FollowerState] INFO  server.RaftServerConfigKeys (ConfUtils.java:logFallback(53)) - raft.server.rpc.first-election.timeout.min = 5s (fallback to raft.server.rpc.timeout.min)
2023-08-28 09:31:08,692 [PipelineCommandHandlerThread-0] INFO  ratis.XceiverServerRatis (XceiverServerRatis.java:addGroup(804)) - Created group PipelineID=9e682222-9aa6-4020-964b-ba0de8f91112
2023-08-28 09:31:08,697 [4beee146-73ae-4cd4-94a1-e1eb5fcd7f02@group-BA0DE8F91112-FollowerState] INFO  server.RaftServerConfigKeys (ConfUtils.java:logFallback(53)) - raft.server.rpc.first-election.timeout.max = 5200ms (fallback to raft.server.rpc.timeout.max)
2023-08-28 09:31:08,709 [PipelineCommandHandlerThread-0] INFO  commandhandler.CreatePipelineCommandHandler (CreatePipelineCommandHandler.java:lambda$handle$2(124)) - Created Pipeline RATIS THREE PipelineID=9e682222-9aa6-4020-964b-ba0de8f91112.
2023-08-28 09:31:08,748 [PipelineCommandHandlerThread-0] INFO  server.RaftServer (RaftServerProxy.java:addNew(98)) - 760c1559-1b0a-45ac-b6d7-a51714e01488: addNew group-AC964504DB78:[760c1559-1b0a-45ac-b6d7-a51714e01488|rpc:10.1.0.27:15041|admin:10.1.0.27:15040|client:10.1.0.27:15039|dataStream:10.1.0.27:15042|priority:1|startupRole:FOLLOWER] returns group-AC964504DB78:java.util.concurrent.CompletableFuture@5aa91c3c[Not completed]
2023-08-28 09:31:08,753 [760c1559-1b0a-45ac-b6d7-a51714e01488-groupManagement] INFO  server.RaftServer$Division (RaftServerImpl.java:<init>(198)) - 760c1559-1b0a-45ac-b6d7-a51714e01488: new RaftServerImpl for group-AC964504DB78:[760c1559-1b0a-45ac-b6d7-a51714e01488|rpc:10.1.0.27:15041|admin:10.1.0.27:15040|client:10.1.0.27:15039|dataStream:10.1.0.27:15042|priority:1|startupRole:FOLLOWER] with ContainerStateMachine:uninitialized
2023-08-28 09:31:08,753 [760c1559-1b0a-45ac-b6d7-a51714e01488-groupManagement] INFO  server.RaftServerConfigKeys (ConfUtils.java:logGet(46)) - raft.server.rpc.timeout.min = 5s (custom)
2023-08-28 09:31:08,753 [760c1559-1b0a-45ac-b6d7-a51714e01488-groupManagement] INFO  server.RaftServerConfigKeys (ConfUtils.java:logGet(46)) - raft.server.rpc.timeout.max = 5200ms (custom)
2023-08-28 09:31:08,753 [760c1559-1b0a-45ac-b6d7-a51714e01488-groupManagement] INFO  server.RaftServerConfigKeys (ConfUtils.java:logGet(46)) - raft.server.rpc.sleep.time = 25ms (default)
2023-08-28 09:31:08,753 [760c1559-1b0a-45ac-b6d7-a51714e01488-groupManagement] INFO  server.RaftServerConfigKeys (ConfUtils.java:logGet(46)) - raft.server.rpc.slowness.timeout = 300s (custom)
2023-08-28 09:31:08,753 [760c1559-1b0a-45ac-b6d7-a51714e01488-groupManagement] INFO  server.RaftServerConfigKeys (ConfUtils.java:logGet(46)) - raft.server.leaderelection.leader.step-down.wait-time = 10s (default)
2023-08-28 09:31:08,753 [760c1559-1b0a-45ac-b6d7-a51714e01488-groupManagement] INFO  server.RaftServerConfigKeys (ConfUtils.java:logGet(46)) - raft.server.sleep.deviation.threshold = 300ms (default)
2023-08-28 09:31:08,754 [760c1559-1b0a-45ac-b6d7-a51714e01488-groupManagement] INFO  server.RaftServer$Division (ServerState.java:<init>(120)) - 760c1559-1b0a-45ac-b6d7-a51714e01488@group-AC964504DB78: ConfigurationManager, init=-1: peers:[760c1559-1b0a-45ac-b6d7-a51714e01488|rpc:10.1.0.27:15041|admin:10.1.0.27:15040|client:10.1.0.27:15039|dataStream:10.1.0.27:15042|priority:1|startupRole:FOLLOWER]|listeners:[], old=null, confs=<EMPTY_MAP>
2023-08-28 09:31:08,754 [760c1559-1b0a-45ac-b6d7-a51714e01488-groupManagement] INFO  server.RaftServerConfigKeys (ConfUtils.java:logGet(46)) - raft.server.storage.dir = [/home/runner/work/ozone/ozone/hadoop-ozone/integration-test/target/test-dir/MiniOzoneClusterImpl-56d16ed0-cc7e-4f87-bd63-81d84e7eb885/datanode-3/data/ratis] (custom)
2023-08-28 09:31:08,754 [760c1559-1b0a-45ac-b6d7-a51714e01488-groupManagement] INFO  server.RaftServerConfigKeys (ConfUtils.java:logGet(46)) - raft.server.log.corruption.policy = EXCEPTION (default)
2023-08-28 09:31:08,754 [760c1559-1b0a-45ac-b6d7-a51714e01488-groupManagement] INFO  server.RaftServerConfigKeys (ConfUtils.java:logGet(46)) - raft.server.storage.free-space.min = 0MB (=0) (default)
2023-08-28 09:31:08,754 [760c1559-1b0a-45ac-b6d7-a51714e01488-groupManagement] INFO  server.RaftServerConfigKeys (ConfUtils.java:logGet(46)) - raft.server.notification.no-leader.timeout = 300s (custom)
2023-08-28 09:31:08,754 [760c1559-1b0a-45ac-b6d7-a51714e01488-groupManagement] INFO  server.RaftServerConfigKeys (ConfUtils.java:logGet(46)) - raft.server.read.timeout = 10s (default)
2023-08-28 09:31:08,754 [760c1559-1b0a-45ac-b6d7-a51714e01488-groupManagement] INFO  server.RaftServerConfigKeys (ConfUtils.java:logGet(46)) - raft.server.retrycache.expirytime = 600000ms (custom)
2023-08-28 09:31:08,754 [760c1559-1b0a-45ac-b6d7-a51714e01488-groupManagement] INFO  server.RaftServerConfigKeys (ConfUtils.java:logGet(46)) - raft.server.retrycache.statistics.expirytime = 100μs (default)
2023-08-28 09:31:08,754 [760c1559-1b0a-45ac-b6d7-a51714e01488-groupManagement] INFO  server.RaftServerConfigKeys (ConfUtils.java:logGet(46)) - raft.server.read.option = DEFAULT (default)
2023-08-28 09:31:08,762 [760c1559-1b0a-45ac-b6d7-a51714e01488-groupManagement] INFO  server.RaftServerConfigKeys (ConfUtils.java:logGet(46)) - raft.server.rpc.request.timeout = 60s (custom)
2023-08-28 09:31:08,762 [760c1559-1b0a-45ac-b6d7-a51714e01488-groupManagement] INFO  server.RaftServerConfigKeys (ConfUtils.java:logGet(46)) - raft.server.log.appender.install.snapshot.enabled = false (custom)
2023-08-28 09:31:08,763 [760c1559-1b0a-45ac-b6d7-a51714e01488-groupManagement] INFO  server.RaftServerConfigKeys (ConfUtils.java:logGet(46)) - raft.server.threadpool.server.cached = true (default)
2023-08-28 09:31:08,763 [760c1559-1b0a-45ac-b6d7-a51714e01488-groupManagement] INFO  server.RaftServerConfigKeys (ConfUtils.java:logGet(46)) - raft.server.threadpool.server.size = 0 (default)
2023-08-28 09:31:08,763 [760c1559-1b0a-45ac-b6d7-a51714e01488-groupManagement] INFO  server.RaftServerConfigKeys (ConfUtils.java:logGet(46)) - raft.server.threadpool.client.cached = true (default)
2023-08-28 09:31:08,763 [760c1559-1b0a-45ac-b6d7-a51714e01488-groupManagement] INFO  server.RaftServerConfigKeys (ConfUtils.java:logGet(46)) - raft.server.threadpool.client.size = 0 (default)
2023-08-28 09:31:08,763 [760c1559-1b0a-45ac-b6d7-a51714e01488-groupManagement] INFO  storage.RaftStorageDirectory (RaftStorageDirectoryImpl.java:analyzeStorage(137)) - The storage directory /home/runner/work/ozone/ozone/hadoop-ozone/integration-test/target/test-dir/MiniOzoneClusterImpl-56d16ed0-cc7e-4f87-bd63-81d84e7eb885/datanode-3/data/ratis/4a2cde65-6871-4f45-acd0-ac964504db78 does not exist. Creating ...
2023-08-28 09:31:08,765 [760c1559-1b0a-45ac-b6d7-a51714e01488-groupManagement] INFO  storage.RaftStorageDirectory (RaftStorageDirectoryImpl.java:tryLock(231)) - Lock on /home/runner/work/ozone/ozone/hadoop-ozone/integration-test/target/test-dir/MiniOzoneClusterImpl-56d16ed0-cc7e-4f87-bd63-81d84e7eb885/datanode-3/data/ratis/4a2cde65-6871-4f45-acd0-ac964504db78/in_use.lock acquired by nodename 61172@fv-az625-77
2023-08-28 09:31:08,766 [760c1559-1b0a-45ac-b6d7-a51714e01488-groupManagement] INFO  storage.RaftStorage (RaftStorageImpl.java:format(96)) - Storage directory /home/runner/work/ozone/ozone/hadoop-ozone/integration-test/target/test-dir/MiniOzoneClusterImpl-56d16ed0-cc7e-4f87-bd63-81d84e7eb885/datanode-3/data/ratis/4a2cde65-6871-4f45-acd0-ac964504db78 has been successfully formatted.
2023-08-28 09:31:08,774 [760c1559-1b0a-45ac-b6d7-a51714e01488-groupManagement] INFO  ratis.ContainerStateMachine (ContainerStateMachine.java:loadSnapshot(262)) - group-AC964504DB78: The snapshot info is null. Setting the last applied indexto:(t:0, i:~)
2023-08-28 09:31:08,774 [760c1559-1b0a-45ac-b6d7-a51714e01488-groupManagement] INFO  server.RaftServerConfigKeys (ConfUtils.java:logGet(46)) - raft.server.log.use.memory = false (default)
2023-08-28 09:31:08,774 [760c1559-1b0a-45ac-b6d7-a51714e01488-groupManagement] INFO  server.RaftServerConfigKeys (ConfUtils.java:logGet(46)) - raft.server.log.purge.gap = 1000000 (custom)
2023-08-28 09:31:08,774 [760c1559-1b0a-45ac-b6d7-a51714e01488-groupManagement] INFO  server.RaftServerConfigKeys (ConfUtils.java:logGet(46)) - raft.server.log.appender.buffer.byte-limit = 33554432 (custom)
2023-08-28 09:31:08,774 [760c1559-1b0a-45ac-b6d7-a51714e01488-groupManagement] INFO  server.RaftServerConfigKeys (ConfUtils.java:logGet(46)) - raft.server.log.statemachine.data.read.timeout = 1000ms (default)
2023-08-28 09:31:08,774 [760c1559-1b0a-45ac-b6d7-a51714e01488-groupManagement] INFO  server.RaftServerConfigKeys (ConfUtils.java:logGet(46)) - raft.server.log.purge.preservation.log.num = 0 (default)
2023-08-28 09:31:08,774 [760c1559-1b0a-45ac-b6d7-a51714e01488-groupManagement] INFO  server.RaftServerConfigKeys (ConfUtils.java:logGet(46)) - raft.server.log.segment.size.max = 1048576 (custom)
2023-08-28 09:31:08,775 [760c1559-1b0a-45ac-b6d7-a51714e01488-groupManagement] INFO  server.RaftServerConfigKeys (ConfUtils.java:logGet(46)) - raft.server.log.segment.cache.num.max = 2 (custom)
2023-08-28 09:31:08,775 [760c1559-1b0a-45ac-b6d7-a51714e01488-groupManagement] INFO  server.RaftServerConfigKeys (ConfUtils.java:logGet(46)) - raft.server.log.segment.cache.size.max = 200MB (=209715200) (default)
2023-08-28 09:31:08,775 [760c1559-1b0a-45ac-b6d7-a51714e01488-groupManagement] INFO  server.RaftServerConfigKeys (ConfUtils.java:logGet(46)) - raft.server.log.appender.buffer.byte-limit = 33554432 (custom)
2023-08-28 09:31:08,775 [760c1559-1b0a-45ac-b6d7-a51714e01488-groupManagement] INFO  segmented.SegmentedRaftLogWorker (SegmentedRaftLogWorker.java:<init>(188)) - new 760c1559-1b0a-45ac-b6d7-a51714e01488@group-AC964504DB78-SegmentedRaftLogWorker for RaftStorageImpl:Storage Directory /home/runner/work/ozone/ozone/hadoop-ozone/integration-test/target/test-dir/MiniOzoneClusterImpl-56d16ed0-cc7e-4f87-bd63-81d84e7eb885/datanode-3/data/ratis/4a2cde65-6871-4f45-acd0-ac964504db78
2023-08-28 09:31:08,775 [760c1559-1b0a-45ac-b6d7-a51714e01488-groupManagement] INFO  server.RaftServerConfigKeys (ConfUtils.java:logGet(46)) - raft.server.log.queue.byte-limit = 4294967296 (custom)
2023-08-28 09:31:08,775 [760c1559-1b0a-45ac-b6d7-a51714e01488-groupManagement] INFO  server.RaftServerConfigKeys (ConfUtils.java:logGet(46)) - raft.server.log.queue.element-limit = 1024 (custom)
2023-08-28 09:31:08,775 [760c1559-1b0a-45ac-b6d7-a51714e01488-groupManagement] INFO  server.RaftServerConfigKeys (ConfUtils.java:logGet(46)) - raft.server.log.segment.size.max = 1048576 (custom)
2023-08-28 09:31:08,775 [760c1559-1b0a-45ac-b6d7-a51714e01488-groupManagement] INFO  server.RaftServerConfigKeys (ConfUtils.java:logGet(46)) - raft.server.log.preallocated.size = 16384 (custom)
2023-08-28 09:31:08,775 [760c1559-1b0a-45ac-b6d7-a51714e01488-groupManagement] INFO  server.RaftServerConfigKeys (ConfUtils.java:logGet(46)) - raft.server.log.force.sync.num = 128 (default)
2023-08-28 09:31:08,775 [760c1559-1b0a-45ac-b6d7-a51714e01488-groupManagement] INFO  server.RaftServerConfigKeys (ConfUtils.java:logGet(46)) - raft.server.log.statemachine.data.sync = true (default)
2023-08-28 09:31:08,775 [760c1559-1b0a-45ac-b6d7-a51714e01488-groupManagement] INFO  server.RaftServerConfigKeys (ConfUtils.java:logGet(46)) - raft.server.log.statemachine.data.sync.timeout = 10s (default)
2023-08-28 09:31:08,775 [760c1559-1b0a-45ac-b6d7-a51714e01488-groupManagement] INFO  server.RaftServerConfigKeys (ConfUtils.java:logGet(46)) - raft.server.log.statemachine.data.sync.timeout.retry = -1 (default)
2023-08-28 09:31:08,779 [EventQueue-PipelineReportForPipelineReportHandler] INFO  pipeline.PipelineReportHandler (PipelineReportHandler.java:processPipelineReport(136)) - Opened pipeline PipelineID=4a2cde65-6871-4f45-acd0-ac964504db78
2023-08-28 09:31:08,779 [760c1559-1b0a-45ac-b6d7-a51714e01488-groupManagement] INFO  server.RaftServerConfigKeys (ConfUtils.java:logGet(46)) - raft.server.log.write.buffer.size = 1048576 (custom)
2023-08-28 09:31:08,780 [EventQueue-OpenPipelineForHealthyPipelineSafeModeRule] INFO  safemode.SCMSafeModeManager (HealthyPipelineSafeModeRule.java:process(137)) - SCM in safe mode. Healthy pipelines reported count is 0, required healthy pipeline reported count is 1
2023-08-28 09:31:08,780 [760c1559-1b0a-45ac-b6d7-a51714e01488-groupManagement] INFO  server.RaftServerConfigKeys (ConfUtils.java:logGet(46)) - raft.server.log.appender.buffer.byte-limit = 33554432 (custom)
2023-08-28 09:31:08,790 [760c1559-1b0a-45ac-b6d7-a51714e01488-groupManagement] INFO  server.RaftServerConfigKeys (ConfUtils.java:logGet(46)) - raft.server.log.unsafe-flush.enabled = false (default)
2023-08-28 09:31:08,790 [760c1559-1b0a-45ac-b6d7-a51714e01488-groupManagement] INFO  server.RaftServerConfigKeys (ConfUtils.java:logGet(46)) - raft.server.log.async-flush.enabled = false (default)
2023-08-28 09:31:08,790 [760c1559-1b0a-45ac-b6d7-a51714e01488-groupManagement] INFO  server.RaftServerConfigKeys (ConfUtils.java:logGet(46)) - raft.server.log.statemachine.data.caching.enabled = true (custom)
2023-08-28 09:31:08,790 [760c1559-1b0a-45ac-b6d7-a51714e01488-groupManagement] INFO  segmented.SegmentedRaftLogWorker (SegmentedRaftLogWorker.java:lambda$new$0(135)) - 760c1559-1b0a-45ac-b6d7-a51714e01488@group-AC964504DB78-SegmentedRaftLogWorker: flushIndex: setUnconditionally 0 -> -1
2023-08-28 09:31:08,790 [760c1559-1b0a-45ac-b6d7-a51714e01488-groupManagement] INFO  segmented.SegmentedRaftLogWorker (SegmentedRaftLogWorker.java:lambda$new$0(135)) - 760c1559-1b0a-45ac-b6d7-a51714e01488@group-AC964504DB78-SegmentedRaftLogWorker: safeCacheEvictIndex: setUnconditionally 0 -> -1
2023-08-28 09:31:08,791 [760c1559-1b0a-45ac-b6d7-a51714e01488-groupManagement] INFO  server.RaftServer$Division (RaftServerImpl.java:start(342)) - 760c1559-1b0a-45ac-b6d7-a51714e01488@group-AC964504DB78: start as a follower, conf=-1: peers:[760c1559-1b0a-45ac-b6d7-a51714e01488|rpc:10.1.0.27:15041|admin:10.1.0.27:15040|client:10.1.0.27:15039|dataStream:10.1.0.27:15042|priority:1|startupRole:FOLLOWER]|listeners:[], old=null
2023-08-28 09:31:08,791 [760c1559-1b0a-45ac-b6d7-a51714e01488-groupManagement] INFO  server.RaftServer$Division (RaftServerImpl.java:setRole(329)) - 760c1559-1b0a-45ac-b6d7-a51714e01488@group-AC964504DB78: changes role from      null to FOLLOWER at term 0 for startAsFollower
2023-08-28 09:31:08,791 [760c1559-1b0a-45ac-b6d7-a51714e01488-groupManagement] INFO  impl.RoleInfo (RoleInfo.java:updateAndGet(139)) - 760c1559-1b0a-45ac-b6d7-a51714e01488: start 760c1559-1b0a-45ac-b6d7-a51714e01488@group-AC964504DB78-FollowerState
2023-08-28 09:31:08,791 [760c1559-1b0a-45ac-b6d7-a51714e01488-groupManagement] INFO  util.JmxRegister (JmxRegister.java:tryRegister(44)) - Successfully registered JMX Bean with object name Ratis:service=RaftServer,group=group-AC964504DB78,id=760c1559-1b0a-45ac-b6d7-a51714e01488
2023-08-28 09:31:08,800 [760c1559-1b0a-45ac-b6d7-a51714e01488-groupManagement] INFO  server.RaftServerConfigKeys (ConfUtils.java:logGet(46)) - raft.server.snapshot.auto.trigger.enabled = true (custom)
2023-08-28 09:31:08,800 [760c1559-1b0a-45ac-b6d7-a51714e01488-groupManagement] INFO  server.RaftServerConfigKeys (ConfUtils.java:logGet(46)) - raft.server.snapshot.auto.trigger.threshold = 10000 (custom)
2023-08-28 09:31:08,800 [760c1559-1b0a-45ac-b6d7-a51714e01488-groupManagement] INFO  server.RaftServerConfigKeys (ConfUtils.java:logGet(46)) - raft.server.snapshot.retention.file.num = 5 (custom)
2023-08-28 09:31:08,800 [760c1559-1b0a-45ac-b6d7-a51714e01488-groupManagement] INFO  server.RaftServerConfigKeys (ConfUtils.java:logGet(46)) - raft.server.log.purge.upto.snapshot.index = false (default)
2023-08-28 09:31:08,803 [PipelineCommandHandlerThread-0] INFO  ratis.XceiverServerRatis (XceiverServerRatis.java:addGroup(804)) - Created group PipelineID=4a2cde65-6871-4f45-acd0-ac964504db78
2023-08-28 09:31:08,803 [PipelineCommandHandlerThread-0] INFO  commandhandler.CreatePipelineCommandHandler (CreatePipelineCommandHandler.java:lambda$handle$2(124)) - Created Pipeline RATIS ONE PipelineID=4a2cde65-6871-4f45-acd0-ac964504db78.
2023-08-28 09:31:08,803 [760c1559-1b0a-45ac-b6d7-a51714e01488@group-AC964504DB78-FollowerState] INFO  server.RaftServerConfigKeys (ConfUtils.java:logFallback(53)) - raft.server.rpc.first-election.timeout.min = 5s (fallback to raft.server.rpc.timeout.min)
2023-08-28 09:31:08,803 [760c1559-1b0a-45ac-b6d7-a51714e01488@group-AC964504DB78-FollowerState] INFO  server.RaftServerConfigKeys (ConfUtils.java:logFallback(53)) - raft.server.rpc.first-election.timeout.max = 5200ms (fallback to raft.server.rpc.timeout.max)
2023-08-28 09:31:08,805 [PipelineCommandHandlerThread-0] INFO  commandhandler.CreatePipelineCommandHandler (CreatePipelineCommandHandler.java:lambda$handle$2(124)) - Created Pipeline RATIS THREE PipelineID=9e682222-9aa6-4020-964b-ba0de8f91112.
2023-08-28 09:31:09,062 [PipelineCommandHandlerThread-0] INFO  server.RaftServer (RaftServerProxy.java:addNew(98)) - c87c8152-e9d9-48d7-ae39-d5d54b797c29: addNew group-2FDB401EFE73:[c87c8152-e9d9-48d7-ae39-d5d54b797c29|rpc:10.1.0.27:15050|admin:10.1.0.27:15049|client:10.1.0.27:15048|dataStream:10.1.0.27:15051|priority:1|startupRole:FOLLOWER] returns group-2FDB401EFE73:java.util.concurrent.CompletableFuture@714393c6[Not completed]
2023-08-28 09:31:09,069 [c87c8152-e9d9-48d7-ae39-d5d54b797c29-groupManagement] INFO  server.RaftServer$Division (RaftServerImpl.java:<init>(198)) - c87c8152-e9d9-48d7-ae39-d5d54b797c29: new RaftServerImpl for group-2FDB401EFE73:[c87c8152-e9d9-48d7-ae39-d5d54b797c29|rpc:10.1.0.27:15050|admin:10.1.0.27:15049|client:10.1.0.27:15048|dataStream:10.1.0.27:15051|priority:1|startupRole:FOLLOWER] with ContainerStateMachine:uninitialized
2023-08-28 09:31:09,071 [c87c8152-e9d9-48d7-ae39-d5d54b797c29-groupManagement] INFO  server.RaftServerConfigKeys (ConfUtils.java:logGet(46)) - raft.server.rpc.timeout.min = 5s (custom)
2023-08-28 09:31:09,071 [c87c8152-e9d9-48d7-ae39-d5d54b797c29-groupManagement] INFO  server.RaftServerConfigKeys (ConfUtils.java:logGet(46)) - raft.server.rpc.timeout.max = 5200ms (custom)
2023-08-28 09:31:09,071 [c87c8152-e9d9-48d7-ae39-d5d54b797c29-groupManagement] INFO  server.RaftServerConfigKeys (ConfUtils.java:logGet(46)) - raft.server.rpc.sleep.time = 25ms (default)
2023-08-28 09:31:09,071 [c87c8152-e9d9-48d7-ae39-d5d54b797c29-groupManagement] INFO  server.RaftServerConfigKeys (ConfUtils.java:logGet(46)) - raft.server.rpc.slowness.timeout = 300s (custom)
2023-08-28 09:31:09,071 [c87c8152-e9d9-48d7-ae39-d5d54b797c29-groupManagement] INFO  server.RaftServerConfigKeys (ConfUtils.java:logGet(46)) - raft.server.leaderelection.leader.step-down.wait-time = 10s (default)
2023-08-28 09:31:09,071 [c87c8152-e9d9-48d7-ae39-d5d54b797c29-groupManagement] INFO  server.RaftServerConfigKeys (ConfUtils.java:logGet(46)) - raft.server.sleep.deviation.threshold = 300ms (default)
2023-08-28 09:31:09,072 [c87c8152-e9d9-48d7-ae39-d5d54b797c29-groupManagement] INFO  server.RaftServer$Division (ServerState.java:<init>(120)) - c87c8152-e9d9-48d7-ae39-d5d54b797c29@group-2FDB401EFE73: ConfigurationManager, init=-1: peers:[c87c8152-e9d9-48d7-ae39-d5d54b797c29|rpc:10.1.0.27:15050|admin:10.1.0.27:15049|client:10.1.0.27:15048|dataStream:10.1.0.27:15051|priority:1|startupRole:FOLLOWER]|listeners:[], old=null, confs=<EMPTY_MAP>
2023-08-28 09:31:09,072 [c87c8152-e9d9-48d7-ae39-d5d54b797c29-groupManagement] INFO  server.RaftServerConfigKeys (ConfUtils.java:logGet(46)) - raft.server.storage.dir = [/home/runner/work/ozone/ozone/hadoop-ozone/integration-test/target/test-dir/MiniOzoneClusterImpl-56d16ed0-cc7e-4f87-bd63-81d84e7eb885/datanode-4/data/ratis] (custom)
2023-08-28 09:31:09,072 [c87c8152-e9d9-48d7-ae39-d5d54b797c29-groupManagement] INFO  server.RaftServerConfigKeys (ConfUtils.java:logGet(46)) - raft.server.log.corruption.policy = EXCEPTION (default)
2023-08-28 09:31:09,072 [c87c8152-e9d9-48d7-ae39-d5d54b797c29-groupManagement] INFO  server.RaftServerConfigKeys (ConfUtils.java:logGet(46)) - raft.server.storage.free-space.min = 0MB (=0) (default)
2023-08-28 09:31:09,072 [c87c8152-e9d9-48d7-ae39-d5d54b797c29-groupManagement] INFO  server.RaftServerConfigKeys (ConfUtils.java:logGet(46)) - raft.server.notification.no-leader.timeout = 300s (custom)
2023-08-28 09:31:09,072 [c87c8152-e9d9-48d7-ae39-d5d54b797c29-groupManagement] INFO  server.RaftServerConfigKeys (ConfUtils.java:logGet(46)) - raft.server.read.timeout = 10s (default)
2023-08-28 09:31:09,072 [c87c8152-e9d9-48d7-ae39-d5d54b797c29-groupManagement] INFO  server.RaftServerConfigKeys (ConfUtils.java:logGet(46)) - raft.server.retrycache.expirytime = 600000ms (custom)
2023-08-28 09:31:09,072 [c87c8152-e9d9-48d7-ae39-d5d54b797c29-groupManagement] INFO  server.RaftServerConfigKeys (ConfUtils.java:logGet(46)) - raft.server.retrycache.statistics.expirytime = 100μs (default)
2023-08-28 09:31:09,072 [c87c8152-e9d9-48d7-ae39-d5d54b797c29-groupManagement] INFO  server.RaftServerConfigKeys (ConfUtils.java:logGet(46)) - raft.server.read.option = DEFAULT (default)
2023-08-28 09:31:09,074 [main] INFO  ozone.MiniOzoneClusterImpl (MiniOzoneClusterImpl.java:lambda$waitForClusterToBeReady$0(224)) - Nodes are ready. Got 5 of 5 DN Heartbeats.
2023-08-28 09:31:09,075 [main] INFO  ozone.MiniOzoneClusterImpl (MiniOzoneClusterImpl.java:lambda$waitForClusterToBeReady$0(227)) - Waiting for cluster to exit safe mode
2023-08-28 09:31:09,075 [main] INFO  ozone.MiniOzoneClusterImpl (MiniOzoneClusterImpl.java:lambda$waitForClusterToBeReady$0(229)) - SCM became leader
2023-08-28 09:31:09,079 [c87c8152-e9d9-48d7-ae39-d5d54b797c29-groupManagement] INFO  server.RaftServerConfigKeys (ConfUtils.java:logGet(46)) - raft.server.rpc.request.timeout = 60s (custom)
2023-08-28 09:31:09,079 [c87c8152-e9d9-48d7-ae39-d5d54b797c29-groupManagement] INFO  server.RaftServerConfigKeys (ConfUtils.java:logGet(46)) - raft.server.log.appender.install.snapshot.enabled = false (custom)
2023-08-28 09:31:09,079 [c87c8152-e9d9-48d7-ae39-d5d54b797c29-groupManagement] INFO  server.RaftServerConfigKeys (ConfUtils.java:logGet(46)) - raft.server.threadpool.server.cached = true (default)
2023-08-28 09:31:09,079 [c87c8152-e9d9-48d7-ae39-d5d54b797c29-groupManagement] INFO  server.RaftServerConfigKeys (ConfUtils.java:logGet(46)) - raft.server.threadpool.server.size = 0 (default)
2023-08-28 09:31:09,079 [c87c8152-e9d9-48d7-ae39-d5d54b797c29-groupManagement] INFO  server.RaftServerConfigKeys (ConfUtils.java:logGet(46)) - raft.server.threadpool.client.cached = true (default)
2023-08-28 09:31:09,079 [c87c8152-e9d9-48d7-ae39-d5d54b797c29-groupManagement] INFO  server.RaftServerConfigKeys (ConfUtils.java:logGet(46)) - raft.server.threadpool.client.size = 0 (default)
2023-08-28 09:31:09,079 [c87c8152-e9d9-48d7-ae39-d5d54b797c29-groupManagement] INFO  storage.RaftStorageDirectory (RaftStorageDirectoryImpl.java:analyzeStorage(137)) - The storage directory /home/runner/work/ozone/ozone/hadoop-ozone/integration-test/target/test-dir/MiniOzoneClusterImpl-56d16ed0-cc7e-4f87-bd63-81d84e7eb885/datanode-4/data/ratis/ab4a6bb6-7157-4a31-bf89-2fdb401efe73 does not exist. Creating ...
2023-08-28 09:31:09,081 [c87c8152-e9d9-48d7-ae39-d5d54b797c29-groupManagement] INFO  storage.RaftStorageDirectory (RaftStorageDirectoryImpl.java:tryLock(231)) - Lock on /home/runner/work/ozone/ozone/hadoop-ozone/integration-test/target/test-dir/MiniOzoneClusterImpl-56d16ed0-cc7e-4f87-bd63-81d84e7eb885/datanode-4/data/ratis/ab4a6bb6-7157-4a31-bf89-2fdb401efe73/in_use.lock acquired by nodename 61172@fv-az625-77
2023-08-28 09:31:09,082 [c87c8152-e9d9-48d7-ae39-d5d54b797c29-groupManagement] INFO  storage.RaftStorage (RaftStorageImpl.java:format(96)) - Storage directory /home/runner/work/ozone/ozone/hadoop-ozone/integration-test/target/test-dir/MiniOzoneClusterImpl-56d16ed0-cc7e-4f87-bd63-81d84e7eb885/datanode-4/data/ratis/ab4a6bb6-7157-4a31-bf89-2fdb401efe73 has been successfully formatted.
2023-08-28 09:31:09,083 [c87c8152-e9d9-48d7-ae39-d5d54b797c29-groupManagement] INFO  ratis.ContainerStateMachine (ContainerStateMachine.java:loadSnapshot(262)) - group-2FDB401EFE73: The snapshot info is null. Setting the last applied indexto:(t:0, i:~)
2023-08-28 09:31:09,083 [c87c8152-e9d9-48d7-ae39-d5d54b797c29-groupManagement] INFO  server.RaftServerConfigKeys (ConfUtils.java:logGet(46)) - raft.server.log.use.memory = false (default)
2023-08-28 09:31:09,084 [c87c8152-e9d9-48d7-ae39-d5d54b797c29-groupManagement] INFO  server.RaftServerConfigKeys (ConfUtils.java:logGet(46)) - raft.server.log.purge.gap = 1000000 (custom)
2023-08-28 09:31:09,084 [c87c8152-e9d9-48d7-ae39-d5d54b797c29-groupManagement] INFO  server.RaftServerConfigKeys (ConfUtils.java:logGet(46)) - raft.server.log.appender.buffer.byte-limit = 33554432 (custom)
2023-08-28 09:31:09,084 [c87c8152-e9d9-48d7-ae39-d5d54b797c29-groupManagement] INFO  server.RaftServerConfigKeys (ConfUtils.java:logGet(46)) - raft.server.log.statemachine.data.read.timeout = 1000ms (default)
2023-08-28 09:31:09,084 [c87c8152-e9d9-48d7-ae39-d5d54b797c29-groupManagement] INFO  server.RaftServerConfigKeys (ConfUtils.java:logGet(46)) - raft.server.log.purge.preservation.log.num = 0 (default)
2023-08-28 09:31:09,084 [c87c8152-e9d9-48d7-ae39-d5d54b797c29-groupManagement] INFO  server.RaftServerConfigKeys (ConfUtils.java:logGet(46)) - raft.server.log.segment.size.max = 1048576 (custom)
2023-08-28 09:31:09,087 [EventQueue-PipelineReportForPipelineReportHandler] INFO  pipeline.PipelineReportHandler (PipelineReportHandler.java:processPipelineReport(136)) - Opened pipeline PipelineID=ab4a6bb6-7157-4a31-bf89-2fdb401efe73
2023-08-28 09:31:09,087 [EventQueue-OpenPipelineForHealthyPipelineSafeModeRule] INFO  safemode.SCMSafeModeManager (HealthyPipelineSafeModeRule.java:process(137)) - SCM in safe mode. Healthy pipelines reported count is 0, required healthy pipeline reported count is 1
2023-08-28 09:31:09,087 [c87c8152-e9d9-48d7-ae39-d5d54b797c29-groupManagement] INFO  server.RaftServerConfigKeys (ConfUtils.java:logGet(46)) - raft.server.log.segment.cache.num.max = 2 (custom)
2023-08-28 09:31:09,087 [c87c8152-e9d9-48d7-ae39-d5d54b797c29-groupManagement] INFO  server.RaftServerConfigKeys (ConfUtils.java:logGet(46)) - raft.server.log.segment.cache.size.max = 200MB (=209715200) (default)
2023-08-28 09:31:09,087 [c87c8152-e9d9-48d7-ae39-d5d54b797c29-groupManagement] INFO  server.RaftServerConfigKeys (ConfUtils.java:logGet(46)) - raft.server.log.appender.buffer.byte-limit = 33554432 (custom)
2023-08-28 09:31:09,087 [c87c8152-e9d9-48d7-ae39-d5d54b797c29-groupManagement] INFO  segmented.SegmentedRaftLogWorker (SegmentedRaftLogWorker.java:<init>(188)) - new c87c8152-e9d9-48d7-ae39-d5d54b797c29@group-2FDB401EFE73-SegmentedRaftLogWorker for RaftStorageImpl:Storage Directory /home/runner/work/ozone/ozone/hadoop-ozone/integration-test/target/test-dir/MiniOzoneClusterImpl-56d16ed0-cc7e-4f87-bd63-81d84e7eb885/datanode-4/data/ratis/ab4a6bb6-7157-4a31-bf89-2fdb401efe73
2023-08-28 09:31:09,088 [c87c8152-e9d9-48d7-ae39-d5d54b797c29-groupManagement] INFO  server.RaftServerConfigKeys (ConfUtils.java:logGet(46)) - raft.server.log.queue.byte-limit = 4294967296 (custom)
2023-08-28 09:31:09,088 [c87c8152-e9d9-48d7-ae39-d5d54b797c29-groupManagement] INFO  server.RaftServerConfigKeys (ConfUtils.java:logGet(46)) - raft.server.log.queue.element-limit = 1024 (custom)
2023-08-28 09:31:09,088 [c87c8152-e9d9-48d7-ae39-d5d54b797c29-groupManagement] INFO  server.RaftServerConfigKeys (ConfUtils.java:logGet(46)) - raft.server.log.segment.size.max = 1048576 (custom)
2023-08-28 09:31:09,088 [c87c8152-e9d9-48d7-ae39-d5d54b797c29-groupManagement] INFO  server.RaftServerConfigKeys (ConfUtils.java:logGet(46)) - raft.server.log.preallocated.size = 16384 (custom)
2023-08-28 09:31:09,088 [c87c8152-e9d9-48d7-ae39-d5d54b797c29-groupManagement] INFO  server.RaftServerConfigKeys (ConfUtils.java:logGet(46)) - raft.server.log.force.sync.num = 128 (default)
2023-08-28 09:31:09,088 [c87c8152-e9d9-48d7-ae39-d5d54b797c29-groupManagement] INFO  server.RaftServerConfigKeys (ConfUtils.java:logGet(46)) - raft.server.log.statemachine.data.sync = true (default)
2023-08-28 09:31:09,088 [c87c8152-e9d9-48d7-ae39-d5d54b797c29-groupManagement] INFO  server.RaftServerConfigKeys (ConfUtils.java:logGet(46)) - raft.server.log.statemachine.data.sync.timeout = 10s (default)
2023-08-28 09:31:09,088 [c87c8152-e9d9-48d7-ae39-d5d54b797c29-groupManagement] INFO  server.RaftServerConfigKeys (ConfUtils.java:logGet(46)) - raft.server.log.statemachine.data.sync.timeout.retry = -1 (default)
2023-08-28 09:31:09,089 [c87c8152-e9d9-48d7-ae39-d5d54b797c29-groupManagement] INFO  server.RaftServerConfigKeys (ConfUtils.java:logGet(46)) - raft.server.log.write.buffer.size = 1048576 (custom)
2023-08-28 09:31:09,089 [c87c8152-e9d9-48d7-ae39-d5d54b797c29-groupManagement] INFO  server.RaftServerConfigKeys (ConfUtils.java:logGet(46)) - raft.server.log.appender.buffer.byte-limit = 33554432 (custom)
2023-08-28 09:31:09,094 [c87c8152-e9d9-48d7-ae39-d5d54b797c29-groupManagement] INFO  server.RaftServerConfigKeys (ConfUtils.java:logGet(46)) - raft.server.log.unsafe-flush.enabled = false (default)
2023-08-28 09:31:09,094 [c87c8152-e9d9-48d7-ae39-d5d54b797c29-groupManagement] INFO  server.RaftServerConfigKeys (ConfUtils.java:logGet(46)) - raft.server.log.async-flush.enabled = false (default)
2023-08-28 09:31:09,094 [c87c8152-e9d9-48d7-ae39-d5d54b797c29-groupManagement] INFO  server.RaftServerConfigKeys (ConfUtils.java:logGet(46)) - raft.server.log.statemachine.data.caching.enabled = true (custom)
2023-08-28 09:31:09,094 [c87c8152-e9d9-48d7-ae39-d5d54b797c29-groupManagement] INFO  segmented.SegmentedRaftLogWorker (SegmentedRaftLogWorker.java:lambda$new$0(135)) - c87c8152-e9d9-48d7-ae39-d5d54b797c29@group-2FDB401EFE73-SegmentedRaftLogWorker: flushIndex: setUnconditionally 0 -> -1
2023-08-28 09:31:09,094 [c87c8152-e9d9-48d7-ae39-d5d54b797c29-groupManagement] INFO  segmented.SegmentedRaftLogWorker (SegmentedRaftLogWorker.java:lambda$new$0(135)) - c87c8152-e9d9-48d7-ae39-d5d54b797c29@group-2FDB401EFE73-SegmentedRaftLogWorker: safeCacheEvictIndex: setUnconditionally 0 -> -1
2023-08-28 09:31:09,096 [c87c8152-e9d9-48d7-ae39-d5d54b797c29-groupManagement] INFO  server.RaftServer$Division (RaftServerImpl.java:start(342)) - c87c8152-e9d9-48d7-ae39-d5d54b797c29@group-2FDB401EFE73: start as a follower, conf=-1: peers:[c87c8152-e9d9-48d7-ae39-d5d54b797c29|rpc:10.1.0.27:15050|admin:10.1.0.27:15049|client:10.1.0.27:15048|dataStream:10.1.0.27:15051|priority:1|startupRole:FOLLOWER]|listeners:[], old=null
2023-08-28 09:31:09,096 [c87c8152-e9d9-48d7-ae39-d5d54b797c29-groupManagement] INFO  server.RaftServer$Division (RaftServerImpl.java:setRole(329)) - c87c8152-e9d9-48d7-ae39-d5d54b797c29@group-2FDB401EFE73: changes role from      null to FOLLOWER at term 0 for startAsFollower
2023-08-28 09:31:09,096 [c87c8152-e9d9-48d7-ae39-d5d54b797c29-groupManagement] INFO  impl.RoleInfo (RoleInfo.java:updateAndGet(139)) - c87c8152-e9d9-48d7-ae39-d5d54b797c29: start c87c8152-e9d9-48d7-ae39-d5d54b797c29@group-2FDB401EFE73-FollowerState
2023-08-28 09:31:09,100 [c87c8152-e9d9-48d7-ae39-d5d54b797c29-groupManagement] INFO  util.JmxRegister (JmxRegister.java:tryRegister(44)) - Successfully registered JMX Bean with object name Ratis:service=RaftServer,group=group-2FDB401EFE73,id=c87c8152-e9d9-48d7-ae39-d5d54b797c29
2023-08-28 09:31:09,100 [c87c8152-e9d9-48d7-ae39-d5d54b797c29@group-2FDB401EFE73-FollowerState] INFO  server.RaftServerConfigKeys (ConfUtils.java:logFallback(53)) - raft.server.rpc.first-election.timeout.min = 5s (fallback to raft.server.rpc.timeout.min)
2023-08-28 09:31:09,100 [c87c8152-e9d9-48d7-ae39-d5d54b797c29-groupManagement] INFO  server.RaftServerConfigKeys (ConfUtils.java:logGet(46)) - raft.server.snapshot.auto.trigger.enabled = true (custom)
2023-08-28 09:31:09,100 [c87c8152-e9d9-48d7-ae39-d5d54b797c29-groupManagement] INFO  server.RaftServerConfigKeys (ConfUtils.java:logGet(46)) - raft.server.snapshot.auto.trigger.threshold = 10000 (custom)
2023-08-28 09:31:09,100 [c87c8152-e9d9-48d7-ae39-d5d54b797c29-groupManagement] INFO  server.RaftServerConfigKeys (ConfUtils.java:logGet(46)) - raft.server.snapshot.retention.file.num = 5 (custom)
2023-08-28 09:31:09,100 [c87c8152-e9d9-48d7-ae39-d5d54b797c29-groupManagement] INFO  server.RaftServerConfigKeys (ConfUtils.java:logGet(46)) - raft.server.log.purge.upto.snapshot.index = false (default)
2023-08-28 09:31:09,100 [c87c8152-e9d9-48d7-ae39-d5d54b797c29@group-2FDB401EFE73-FollowerState] INFO  server.RaftServerConfigKeys (ConfUtils.java:logFallback(53)) - raft.server.rpc.first-election.timeout.max = 5200ms (fallback to raft.server.rpc.timeout.max)
2023-08-28 09:31:09,104 [PipelineCommandHandlerThread-0] INFO  ratis.XceiverServerRatis (XceiverServerRatis.java:addGroup(804)) - Created group PipelineID=ab4a6bb6-7157-4a31-bf89-2fdb401efe73
2023-08-28 09:31:09,104 [PipelineCommandHandlerThread-0] INFO  commandhandler.CreatePipelineCommandHandler (CreatePipelineCommandHandler.java:lambda$handle$2(124)) - Created Pipeline RATIS ONE PipelineID=ab4a6bb6-7157-4a31-bf89-2fdb401efe73.
2023-08-28 09:31:10,075 [main] INFO  ozone.MiniOzoneClusterImpl (MiniOzoneClusterImpl.java:lambda$waitForClusterToBeReady$0(224)) - Nodes are ready. Got 5 of 5 DN Heartbeats.
2023-08-28 09:31:10,076 [main] INFO  ozone.MiniOzoneClusterImpl (MiniOzoneClusterImpl.java:lambda$waitForClusterToBeReady$0(227)) - Waiting for cluster to exit safe mode
2023-08-28 09:31:10,076 [main] INFO  ozone.MiniOzoneClusterImpl (MiniOzoneClusterImpl.java:lambda$waitForClusterToBeReady$0(229)) - SCM became leader
2023-08-28 09:31:11,076 [main] INFO  ozone.MiniOzoneClusterImpl (MiniOzoneClusterImpl.java:lambda$waitForClusterToBeReady$0(224)) - Nodes are ready. Got 5 of 5 DN Heartbeats.
2023-08-28 09:31:11,076 [main] INFO  ozone.MiniOzoneClusterImpl (MiniOzoneClusterImpl.java:lambda$waitForClusterToBeReady$0(227)) - Waiting for cluster to exit safe mode
2023-08-28 09:31:11,076 [main] INFO  ozone.MiniOzoneClusterImpl (MiniOzoneClusterImpl.java:lambda$waitForClusterToBeReady$0(229)) - SCM became leader
2023-08-28 09:31:12,077 [main] INFO  ozone.MiniOzoneClusterImpl (MiniOzoneClusterImpl.java:lambda$waitForClusterToBeReady$0(224)) - Nodes are ready. Got 5 of 5 DN Heartbeats.
2023-08-28 09:31:12,077 [main] INFO  ozone.MiniOzoneClusterImpl (MiniOzoneClusterImpl.java:lambda$waitForClusterToBeReady$0(227)) - Waiting for cluster to exit safe mode
2023-08-28 09:31:12,077 [main] INFO  ozone.MiniOzoneClusterImpl (MiniOzoneClusterImpl.java:lambda$waitForClusterToBeReady$0(229)) - SCM became leader
2023-08-28 09:31:12,508 [2b44ba7e-4447-49ac-8e23-11440ea2d57e@group-8D309CA94D72-FollowerState] INFO  impl.FollowerState (FollowerState.java:run(143)) - 2b44ba7e-4447-49ac-8e23-11440ea2d57e@group-8D309CA94D72-FollowerState: change to CANDIDATE, lastRpcElapsedTime:5003114962ns, electionTimeout:5001ms
2023-08-28 09:31:12,509 [2b44ba7e-4447-49ac-8e23-11440ea2d57e@group-8D309CA94D72-FollowerState] INFO  impl.RoleInfo (RoleInfo.java:shutdownFollowerState(110)) - 2b44ba7e-4447-49ac-8e23-11440ea2d57e: shutdown 2b44ba7e-4447-49ac-8e23-11440ea2d57e@group-8D309CA94D72-FollowerState
2023-08-28 09:31:12,509 [2b44ba7e-4447-49ac-8e23-11440ea2d57e@group-8D309CA94D72-FollowerState] INFO  server.RaftServer$Division (RaftServerImpl.java:setRole(329)) - 2b44ba7e-4447-49ac-8e23-11440ea2d57e@group-8D309CA94D72: changes role from  FOLLOWER to CANDIDATE at term 0 for changeToCandidate
2023-08-28 09:31:12,513 [2b44ba7e-4447-49ac-8e23-11440ea2d57e@group-8D309CA94D72-FollowerState] INFO  server.RaftServerConfigKeys (ConfUtils.java:logGet(46)) - raft.server.leaderelection.pre-vote = true (default)
2023-08-28 09:31:12,513 [2b44ba7e-4447-49ac-8e23-11440ea2d57e@group-8D309CA94D72-FollowerState] INFO  impl.RoleInfo (RoleInfo.java:updateAndGet(139)) - 2b44ba7e-4447-49ac-8e23-11440ea2d57e: start 2b44ba7e-4447-49ac-8e23-11440ea2d57e@group-8D309CA94D72-LeaderElection2
2023-08-28 09:31:12,516 [2b44ba7e-4447-49ac-8e23-11440ea2d57e@group-8D309CA94D72-LeaderElection2] INFO  impl.LeaderElection (LeaderElection.java:askForVotes(321)) - 2b44ba7e-4447-49ac-8e23-11440ea2d57e@group-8D309CA94D72-LeaderElection2 PRE_VOTE round 0: submit vote requests at term 0 for -1: peers:[2b44ba7e-4447-49ac-8e23-11440ea2d57e|rpc:10.1.0.27:15014|admin:10.1.0.27:15013|client:10.1.0.27:15012|dataStream:10.1.0.27:15015|priority:1|startupRole:FOLLOWER]|listeners:[], old=null
2023-08-28 09:31:12,516 [2b44ba7e-4447-49ac-8e23-11440ea2d57e@group-8D309CA94D72-LeaderElection2] INFO  impl.LeaderElection (LeaderElection.java:askForVotes(323)) - 2b44ba7e-4447-49ac-8e23-11440ea2d57e@group-8D309CA94D72-LeaderElection2 PRE_VOTE round 0: result PASSED (term=0)
2023-08-28 09:31:12,517 [2b44ba7e-4447-49ac-8e23-11440ea2d57e@group-8D309CA94D72-LeaderElection2] INFO  impl.LeaderElection (LeaderElection.java:askForVotes(321)) - 2b44ba7e-4447-49ac-8e23-11440ea2d57e@group-8D309CA94D72-LeaderElection2 ELECTION round 0: submit vote requests at term 1 for -1: peers:[2b44ba7e-4447-49ac-8e23-11440ea2d57e|rpc:10.1.0.27:15014|admin:10.1.0.27:15013|client:10.1.0.27:15012|dataStream:10.1.0.27:15015|priority:1|startupRole:FOLLOWER]|listeners:[], old=null
2023-08-28 09:31:12,518 [2b44ba7e-4447-49ac-8e23-11440ea2d57e@group-8D309CA94D72-LeaderElection2] INFO  impl.LeaderElection (LeaderElection.java:askForVotes(323)) - 2b44ba7e-4447-49ac-8e23-11440ea2d57e@group-8D309CA94D72-LeaderElection2 ELECTION round 0: result PASSED (term=1)
2023-08-28 09:31:12,518 [2b44ba7e-4447-49ac-8e23-11440ea2d57e@group-8D309CA94D72-LeaderElection2] INFO  impl.RoleInfo (RoleInfo.java:shutdownLeaderElection(130)) - 2b44ba7e-4447-49ac-8e23-11440ea2d57e: shutdown 2b44ba7e-4447-49ac-8e23-11440ea2d57e@group-8D309CA94D72-LeaderElection2
2023-08-28 09:31:12,518 [2b44ba7e-4447-49ac-8e23-11440ea2d57e@group-8D309CA94D72-LeaderElection2] INFO  server.RaftServer$Division (RaftServerImpl.java:setRole(329)) - 2b44ba7e-4447-49ac-8e23-11440ea2d57e@group-8D309CA94D72: changes role from CANDIDATE to LEADER at term 1 for changeToLeader
2023-08-28 09:31:12,518 [2b44ba7e-4447-49ac-8e23-11440ea2d57e@group-8D309CA94D72-LeaderElection2] INFO  ratis.XceiverServerRatis (XceiverServerRatis.java:handleLeaderChangedNotification(902)) - Leader change notification received for group: group-8D309CA94D72 with new leaderId: 2b44ba7e-4447-49ac-8e23-11440ea2d57e
2023-08-28 09:31:12,518 [2b44ba7e-4447-49ac-8e23-11440ea2d57e@group-8D309CA94D72-LeaderElection2] INFO  server.RaftServer$Division (ServerState.java:setLeader(317)) - 2b44ba7e-4447-49ac-8e23-11440ea2d57e@group-8D309CA94D72: change Leader from null to 2b44ba7e-4447-49ac-8e23-11440ea2d57e at term 1 for becomeLeader, leader elected after 5054ms
2023-08-28 09:31:12,518 [2b44ba7e-4447-49ac-8e23-11440ea2d57e@group-8D309CA94D72-LeaderElection2] INFO  server.RaftServerConfigKeys (ConfUtils.java:logGet(46)) - raft.server.staging.catchup.gap = 1000 (default)
2023-08-28 09:31:12,520 [2b44ba7e-4447-49ac-8e23-11440ea2d57e@group-8D309CA94D72-LeaderElection2] INFO  server.RaftServerConfigKeys (ConfUtils.java:logGet(46)) - raft.server.write.element-limit = 1024 (custom)
2023-08-28 09:31:12,520 [2b44ba7e-4447-49ac-8e23-11440ea2d57e@group-8D309CA94D72-LeaderElection2] INFO  server.RaftServerConfigKeys (ConfUtils.java:logGet(46)) - raft.server.write.byte-limit = 1024 M (=1073741824) (custom)
2023-08-28 09:31:12,520 [EventQueue-OpenPipelineForHealthyPipelineSafeModeRule] INFO  safemode.SCMSafeModeManager (HealthyPipelineSafeModeRule.java:process(137)) - SCM in safe mode. Healthy pipelines reported count is 0, required healthy pipeline reported count is 1
2023-08-28 09:31:12,521 [2b44ba7e-4447-49ac-8e23-11440ea2d57e@group-8D309CA94D72-LeaderElection2] INFO  server.RaftServerConfigKeys (ConfUtils.java:logGet(46)) - raft.server.watch.timeout = 180s (custom)
2023-08-28 09:31:12,521 [2b44ba7e-4447-49ac-8e23-11440ea2d57e@group-8D309CA94D72-LeaderElection2] INFO  server.RaftServerConfigKeys (ConfUtils.java:logGet(46)) - raft.server.watch.timeout.denomination = 1s (default)
2023-08-28 09:31:12,521 [2b44ba7e-4447-49ac-8e23-11440ea2d57e@group-8D309CA94D72-LeaderElection2] INFO  server.RaftServerConfigKeys (ConfUtils.java:logGet(46)) - raft.server.watch.element-limit = 65536 (default)
2023-08-28 09:31:12,521 [2b44ba7e-4447-49ac-8e23-11440ea2d57e@group-8D309CA94D72-LeaderElection2] INFO  server.RaftServerConfigKeys (ConfUtils.java:logGet(46)) - raft.server.write.element-limit = 1024 (custom)
2023-08-28 09:31:12,521 [2b44ba7e-4447-49ac-8e23-11440ea2d57e@group-8D309CA94D72-LeaderElection2] INFO  server.RaftServerConfigKeys (ConfUtils.java:logGet(46)) - raft.server.write.follower.gap.ratio.max = -1.0 (default)
2023-08-28 09:31:12,522 [2b44ba7e-4447-49ac-8e23-11440ea2d57e@group-8D309CA94D72-LeaderElection2] INFO  impl.RoleInfo (RoleInfo.java:updateAndGet(139)) - 2b44ba7e-4447-49ac-8e23-11440ea2d57e: start 2b44ba7e-4447-49ac-8e23-11440ea2d57e@group-8D309CA94D72-LeaderStateImpl
2023-08-28 09:31:12,522 [2b44ba7e-4447-49ac-8e23-11440ea2d57e@group-8D309CA94D72-LeaderElection2] INFO  segmented.SegmentedRaftLogWorker (SegmentedRaftLogWorker.java:startLogSegment(447)) - 2b44ba7e-4447-49ac-8e23-11440ea2d57e@group-8D309CA94D72-SegmentedRaftLogWorker: Starting segment from index:0
2023-08-28 09:31:12,528 [2b44ba7e-4447-49ac-8e23-11440ea2d57e@group-8D309CA94D72-LeaderElection2] INFO  server.RaftServer$Division (ServerState.java:setRaftConf(434)) - 2b44ba7e-4447-49ac-8e23-11440ea2d57e@group-8D309CA94D72: set configuration 0: peers:[2b44ba7e-4447-49ac-8e23-11440ea2d57e|rpc:10.1.0.27:15014|admin:10.1.0.27:15013|client:10.1.0.27:15012|dataStream:10.1.0.27:15015|priority:1|startupRole:FOLLOWER]|listeners:[], old=null
2023-08-28 09:31:12,529 [2b44ba7e-4447-49ac-8e23-11440ea2d57e@group-8D309CA94D72-SegmentedRaftLogWorker] INFO  segmented.SegmentedRaftLogWorker (SegmentedRaftLogWorker.java:execute(651)) - 2b44ba7e-4447-49ac-8e23-11440ea2d57e@group-8D309CA94D72-SegmentedRaftLogWorker: created new log segment /home/runner/work/ozone/ozone/hadoop-ozone/integration-test/target/test-dir/MiniOzoneClusterImpl-56d16ed0-cc7e-4f87-bd63-81d84e7eb885/datanode-0/data/ratis/28d535bf-1b69-4277-a89c-8d309ca94d72/current/log_inprogress_0
2023-08-28 09:31:12,638 [2b44ba7e-4447-49ac-8e23-11440ea2d57e@group-A270CD0B37D7-FollowerState] INFO  impl.FollowerState (FollowerState.java:run(143)) - 2b44ba7e-4447-49ac-8e23-11440ea2d57e@group-A270CD0B37D7-FollowerState: change to CANDIDATE, lastRpcElapsedTime:5095864655ns, electionTimeout:5094ms
2023-08-28 09:31:12,640 [2b44ba7e-4447-49ac-8e23-11440ea2d57e@group-A270CD0B37D7-FollowerState] INFO  impl.RoleInfo (RoleInfo.java:shutdownFollowerState(110)) - 2b44ba7e-4447-49ac-8e23-11440ea2d57e: shutdown 2b44ba7e-4447-49ac-8e23-11440ea2d57e@group-A270CD0B37D7-FollowerState
2023-08-28 09:31:12,640 [2b44ba7e-4447-49ac-8e23-11440ea2d57e@group-A270CD0B37D7-FollowerState] INFO  server.RaftServer$Division (RaftServerImpl.java:setRole(329)) - 2b44ba7e-4447-49ac-8e23-11440ea2d57e@group-A270CD0B37D7: changes role from  FOLLOWER to CANDIDATE at term 0 for changeToCandidate
2023-08-28 09:31:12,641 [2b44ba7e-4447-49ac-8e23-11440ea2d57e@group-A270CD0B37D7-FollowerState] INFO  server.RaftServerConfigKeys (ConfUtils.java:logGet(46)) - raft.server.leaderelection.pre-vote = true (default)
2023-08-28 09:31:12,641 [2b44ba7e-4447-49ac-8e23-11440ea2d57e@group-A270CD0B37D7-FollowerState] INFO  impl.RoleInfo (RoleInfo.java:updateAndGet(139)) - 2b44ba7e-4447-49ac-8e23-11440ea2d57e: start 2b44ba7e-4447-49ac-8e23-11440ea2d57e@group-A270CD0B37D7-LeaderElection3
2023-08-28 09:31:12,646 [2b44ba7e-4447-49ac-8e23-11440ea2d57e@group-A270CD0B37D7-LeaderElection3] INFO  impl.LeaderElection (LeaderElection.java:askForVotes(321)) - 2b44ba7e-4447-49ac-8e23-11440ea2d57e@group-A270CD0B37D7-LeaderElection3 PRE_VOTE round 0: submit vote requests at term 0 for -1: peers:[dcc8ddaa-5db1-4c5e-85ac-81412a5c6050|rpc:10.1.0.27:15023|admin:10.1.0.27:15022|client:10.1.0.27:15021|dataStream:10.1.0.27:15024|priority:0|startupRole:FOLLOWER, 4beee146-73ae-4cd4-94a1-e1eb5fcd7f02|rpc:10.1.0.27:15032|admin:10.1.0.27:15031|client:10.1.0.27:15030|dataStream:10.1.0.27:15033|priority:1|startupRole:FOLLOWER, 2b44ba7e-4447-49ac-8e23-11440ea2d57e|rpc:10.1.0.27:15014|admin:10.1.0.27:15013|client:10.1.0.27:15012|dataStream:10.1.0.27:15015|priority:0|startupRole:FOLLOWER]|listeners:[], old=null
2023-08-28 09:31:12,652 [2b44ba7e-4447-49ac-8e23-11440ea2d57e@group-A270CD0B37D7-LeaderElection3] INFO  server.RaftServerConfigKeys (ConfUtils.java:logFallback(53)) - raft.server.rpc.first-election.timeout.min = 5s (fallback to raft.server.rpc.timeout.min)
2023-08-28 09:31:12,652 [2b44ba7e-4447-49ac-8e23-11440ea2d57e@group-A270CD0B37D7-LeaderElection3] INFO  server.RaftServerConfigKeys (ConfUtils.java:logFallback(53)) - raft.server.rpc.first-election.timeout.max = 5200ms (fallback to raft.server.rpc.timeout.max)
2023-08-28 09:31:12,656 [2b44ba7e-4447-49ac-8e23-11440ea2d57e@group-A270CD0B37D7-LeaderElection3-1] INFO  server.GrpcServerProtocolClient (GrpcServerProtocolClient.java:<init>(65)) - Build channel for dcc8ddaa-5db1-4c5e-85ac-81412a5c6050
2023-08-28 09:31:12,664 [2b44ba7e-4447-49ac-8e23-11440ea2d57e@group-A270CD0B37D7-LeaderElection3-2] INFO  server.GrpcServerProtocolClient (GrpcServerProtocolClient.java:<init>(65)) - Build channel for 4beee146-73ae-4cd4-94a1-e1eb5fcd7f02
2023-08-28 09:31:12,679 [grpc-default-executor-1] INFO  server.RaftServer$Division (RaftServerImpl.java:requestVote(1302)) - dcc8ddaa-5db1-4c5e-85ac-81412a5c6050@group-A270CD0B37D7: receive requestVote(PRE_VOTE, 2b44ba7e-4447-49ac-8e23-11440ea2d57e, group-A270CD0B37D7, 0, (t:0, i:0))
2023-08-28 09:31:12,683 [grpc-default-executor-1] INFO  impl.VoteContext (VoteContext.java:log(49)) - dcc8ddaa-5db1-4c5e-85ac-81412a5c6050@group-A270CD0B37D7-FOLLOWER: accept PRE_VOTE from 2b44ba7e-4447-49ac-8e23-11440ea2d57e: our priority 0 <= candidate's priority 0
2023-08-28 09:31:12,691 [grpc-default-executor-0] INFO  server.RaftServer$Division (RaftServerImpl.java:requestVote(1302)) - 4beee146-73ae-4cd4-94a1-e1eb5fcd7f02@group-A270CD0B37D7: receive requestVote(PRE_VOTE, 2b44ba7e-4447-49ac-8e23-11440ea2d57e, group-A270CD0B37D7, 0, (t:0, i:0))
2023-08-28 09:31:12,692 [grpc-default-executor-0] INFO  impl.VoteContext (VoteContext.java:log(49)) - 4beee146-73ae-4cd4-94a1-e1eb5fcd7f02@group-A270CD0B37D7-FOLLOWER: reject PRE_VOTE from 2b44ba7e-4447-49ac-8e23-11440ea2d57e: our priority 1 > candidate's priority 0
2023-08-28 09:31:12,694 [grpc-default-executor-1] INFO  server.RaftServer$Division (RaftServerImpl.java:requestVote(1335)) - dcc8ddaa-5db1-4c5e-85ac-81412a5c6050@group-A270CD0B37D7 replies to PRE_VOTE vote request: 2b44ba7e-4447-49ac-8e23-11440ea2d57e<-dcc8ddaa-5db1-4c5e-85ac-81412a5c6050#0:OK-t0. Peer's state: dcc8ddaa-5db1-4c5e-85ac-81412a5c6050@group-A270CD0B37D7:t0, leader=null, voted=, raftlog=Memoized:dcc8ddaa-5db1-4c5e-85ac-81412a5c6050@group-A270CD0B37D7-SegmentedRaftLog:OPENED:c-1, conf=-1: peers:[dcc8ddaa-5db1-4c5e-85ac-81412a5c6050|rpc:10.1.0.27:15023|admin:10.1.0.27:15022|client:10.1.0.27:15021|dataStream:10.1.0.27:15024|priority:0|startupRole:FOLLOWER, 4beee146-73ae-4cd4-94a1-e1eb5fcd7f02|rpc:10.1.0.27:15032|admin:10.1.0.27:15031|client:10.1.0.27:15030|dataStream:10.1.0.27:15033|priority:1|startupRole:FOLLOWER, 2b44ba7e-4447-49ac-8e23-11440ea2d57e|rpc:10.1.0.27:15014|admin:10.1.0.27:15013|client:10.1.0.27:15012|dataStream:10.1.0.27:15015|priority:0|startupRole:FOLLOWER]|listeners:[], old=null
2023-08-28 09:31:12,694 [grpc-default-executor-0] INFO  server.RaftServer$Division (RaftServerImpl.java:requestVote(1335)) - 4beee146-73ae-4cd4-94a1-e1eb5fcd7f02@group-A270CD0B37D7 replies to PRE_VOTE vote request: 2b44ba7e-4447-49ac-8e23-11440ea2d57e<-4beee146-73ae-4cd4-94a1-e1eb5fcd7f02#0:FAIL-t0. Peer's state: 4beee146-73ae-4cd4-94a1-e1eb5fcd7f02@group-A270CD0B37D7:t0, leader=null, voted=, raftlog=Memoized:4beee146-73ae-4cd4-94a1-e1eb5fcd7f02@group-A270CD0B37D7-SegmentedRaftLog:OPENED:c-1, conf=-1: peers:[dcc8ddaa-5db1-4c5e-85ac-81412a5c6050|rpc:10.1.0.27:15023|admin:10.1.0.27:15022|client:10.1.0.27:15021|dataStream:10.1.0.27:15024|priority:0|startupRole:FOLLOWER, 4beee146-73ae-4cd4-94a1-e1eb5fcd7f02|rpc:10.1.0.27:15032|admin:10.1.0.27:15031|client:10.1.0.27:15030|dataStream:10.1.0.27:15033|priority:1|startupRole:FOLLOWER, 2b44ba7e-4447-49ac-8e23-11440ea2d57e|rpc:10.1.0.27:15014|admin:10.1.0.27:15013|client:10.1.0.27:15012|dataStream:10.1.0.27:15015|priority:0|startupRole:FOLLOWER]|listeners:[], old=null
2023-08-28 09:31:12,697 [2b44ba7e-4447-49ac-8e23-11440ea2d57e@group-A270CD0B37D7-LeaderElection3] INFO  impl.LeaderElection (LeaderElection.java:logAndReturn(90)) - 2b44ba7e-4447-49ac-8e23-11440ea2d57e@group-A270CD0B37D7-LeaderElection3: PRE_VOTE REJECTED received 1 response(s) and 0 exception(s):
2023-08-28 09:31:12,698 [2b44ba7e-4447-49ac-8e23-11440ea2d57e@group-A270CD0B37D7-LeaderElection3] INFO  impl.LeaderElection (LeaderElection.java:logAndReturn(94)) -   Response 0: 2b44ba7e-4447-49ac-8e23-11440ea2d57e<-4beee146-73ae-4cd4-94a1-e1eb5fcd7f02#0:FAIL-t0
2023-08-28 09:31:12,698 [2b44ba7e-4447-49ac-8e23-11440ea2d57e@group-A270CD0B37D7-LeaderElection3] INFO  impl.LeaderElection (LeaderElection.java:askForVotes(323)) - 2b44ba7e-4447-49ac-8e23-11440ea2d57e@group-A270CD0B37D7-LeaderElection3 PRE_VOTE round 0: result REJECTED
2023-08-28 09:31:12,698 [2b44ba7e-4447-49ac-8e23-11440ea2d57e@group-A270CD0B37D7-LeaderElection3] INFO  server.RaftServer$Division (RaftServerImpl.java:setRole(329)) - 2b44ba7e-4447-49ac-8e23-11440ea2d57e@group-A270CD0B37D7: changes role from CANDIDATE to FOLLOWER at term 0 for REJECTED
2023-08-28 09:31:12,698 [2b44ba7e-4447-49ac-8e23-11440ea2d57e@group-A270CD0B37D7-LeaderElection3] INFO  impl.RoleInfo (RoleInfo.java:shutdownLeaderElection(130)) - 2b44ba7e-4447-49ac-8e23-11440ea2d57e: shutdown 2b44ba7e-4447-49ac-8e23-11440ea2d57e@group-A270CD0B37D7-LeaderElection3
2023-08-28 09:31:12,698 [2b44ba7e-4447-49ac-8e23-11440ea2d57e@group-A270CD0B37D7-LeaderElection3] INFO  impl.RoleInfo (RoleInfo.java:updateAndGet(139)) - 2b44ba7e-4447-49ac-8e23-11440ea2d57e: start 2b44ba7e-4447-49ac-8e23-11440ea2d57e@group-A270CD0B37D7-FollowerState
2023-08-28 09:31:13,077 [main] INFO  ozone.MiniOzoneClusterImpl (MiniOzoneClusterImpl.java:lambda$waitForClusterToBeReady$0(224)) - Nodes are ready. Got 5 of 5 DN Heartbeats.
2023-08-28 09:31:13,079 [main] INFO  ozone.MiniOzoneClusterImpl (MiniOzoneClusterImpl.java:lambda$waitForClusterToBeReady$0(227)) - Waiting for cluster to exit safe mode
2023-08-28 09:31:13,079 [main] INFO  ozone.MiniOzoneClusterImpl (MiniOzoneClusterImpl.java:lambda$waitForClusterToBeReady$0(229)) - SCM became leader
2023-08-28 09:31:13,203 [dcc8ddaa-5db1-4c5e-85ac-81412a5c6050@group-BA0DE8F91112-FollowerState] INFO  impl.FollowerState (FollowerState.java:run(143)) - dcc8ddaa-5db1-4c5e-85ac-81412a5c6050@group-BA0DE8F91112-FollowerState: change to CANDIDATE, lastRpcElapsedTime:5019960951ns, electionTimeout:5007ms
2023-08-28 09:31:13,204 [dcc8ddaa-5db1-4c5e-85ac-81412a5c6050@group-BA0DE8F91112-FollowerState] INFO  impl.RoleInfo (RoleInfo.java:shutdownFollowerState(110)) - dcc8ddaa-5db1-4c5e-85ac-81412a5c6050: shutdown dcc8ddaa-5db1-4c5e-85ac-81412a5c6050@group-BA0DE8F91112-FollowerState
2023-08-28 09:31:13,204 [dcc8ddaa-5db1-4c5e-85ac-81412a5c6050@group-BA0DE8F91112-FollowerState] INFO  server.RaftServer$Division (RaftServerImpl.java:setRole(329)) - dcc8ddaa-5db1-4c5e-85ac-81412a5c6050@group-BA0DE8F91112: changes role from  FOLLOWER to CANDIDATE at term 0 for changeToCandidate
2023-08-28 09:31:13,205 [dcc8ddaa-5db1-4c5e-85ac-81412a5c6050@group-BA0DE8F91112-FollowerState] INFO  server.RaftServerConfigKeys (ConfUtils.java:logGet(46)) - raft.server.leaderelection.pre-vote = true (default)
2023-08-28 09:31:13,205 [dcc8ddaa-5db1-4c5e-85ac-81412a5c6050@group-BA0DE8F91112-FollowerState] INFO  impl.RoleInfo (RoleInfo.java:updateAndGet(139)) - dcc8ddaa-5db1-4c5e-85ac-81412a5c6050: start dcc8ddaa-5db1-4c5e-85ac-81412a5c6050@group-BA0DE8F91112-LeaderElection4
2023-08-28 09:31:13,207 [dcc8ddaa-5db1-4c5e-85ac-81412a5c6050@group-BA0DE8F91112-LeaderElection4] INFO  impl.LeaderElection (LeaderElection.java:askForVotes(321)) - dcc8ddaa-5db1-4c5e-85ac-81412a5c6050@group-BA0DE8F91112-LeaderElection4 PRE_VOTE round 0: submit vote requests at term 0 for -1: peers:[dcc8ddaa-5db1-4c5e-85ac-81412a5c6050|rpc:10.1.0.27:15023|admin:10.1.0.27:15022|client:10.1.0.27:15021|dataStream:10.1.0.27:15024|priority:0|startupRole:FOLLOWER, 4beee146-73ae-4cd4-94a1-e1eb5fcd7f02|rpc:10.1.0.27:15032|admin:10.1.0.27:15031|client:10.1.0.27:15030|dataStream:10.1.0.27:15033|priority:0|startupRole:FOLLOWER, 2b44ba7e-4447-49ac-8e23-11440ea2d57e|rpc:10.1.0.27:15014|admin:10.1.0.27:15013|client:10.1.0.27:15012|dataStream:10.1.0.27:15015|priority:1|startupRole:FOLLOWER]|listeners:[], old=null
2023-08-28 09:31:13,208 [dcc8ddaa-5db1-4c5e-85ac-81412a5c6050@group-BA0DE8F91112-LeaderElection4-1] INFO  server.GrpcServerProtocolClient (GrpcServerProtocolClient.java:<init>(65)) - Build channel for 4beee146-73ae-4cd4-94a1-e1eb5fcd7f02
2023-08-28 09:31:13,211 [dcc8ddaa-5db1-4c5e-85ac-81412a5c6050@group-BA0DE8F91112-LeaderElection4] INFO  server.RaftServerConfigKeys (ConfUtils.java:logFallback(53)) - raft.server.rpc.first-election.timeout.min = 5s (fallback to raft.server.rpc.timeout.min)
2023-08-28 09:31:13,212 [dcc8ddaa-5db1-4c5e-85ac-81412a5c6050@group-BA0DE8F91112-LeaderElection4] INFO  server.RaftServerConfigKeys (ConfUtils.java:logFallback(53)) - raft.server.rpc.first-election.timeout.max = 5200ms (fallback to raft.server.rpc.timeout.max)
2023-08-28 09:31:13,216 [dcc8ddaa-5db1-4c5e-85ac-81412a5c6050@group-BA0DE8F91112-LeaderElection4-2] INFO  server.GrpcServerProtocolClient (GrpcServerProtocolClient.java:<init>(65)) - Build channel for 2b44ba7e-4447-49ac-8e23-11440ea2d57e
2023-08-28 09:31:13,218 [dcc8ddaa-5db1-4c5e-85ac-81412a5c6050@group-D79D038BC015-FollowerState] INFO  impl.FollowerState (FollowerState.java:run(143)) - dcc8ddaa-5db1-4c5e-85ac-81412a5c6050@group-D79D038BC015-FollowerState: change to CANDIDATE, lastRpcElapsedTime:5097501924ns, electionTimeout:5089ms
2023-08-28 09:31:13,218 [dcc8ddaa-5db1-4c5e-85ac-81412a5c6050@group-D79D038BC015-FollowerState] INFO  impl.RoleInfo (RoleInfo.java:shutdownFollowerState(110)) - dcc8ddaa-5db1-4c5e-85ac-81412a5c6050: shutdown dcc8ddaa-5db1-4c5e-85ac-81412a5c6050@group-D79D038BC015-FollowerState
2023-08-28 09:31:13,218 [dcc8ddaa-5db1-4c5e-85ac-81412a5c6050@group-D79D038BC015-FollowerState] INFO  server.RaftServer$Division (RaftServerImpl.java:setRole(329)) - dcc8ddaa-5db1-4c5e-85ac-81412a5c6050@group-D79D038BC015: changes role from  FOLLOWER to CANDIDATE at term 0 for changeToCandidate
2023-08-28 09:31:13,228 [dcc8ddaa-5db1-4c5e-85ac-81412a5c6050@group-D79D038BC015-FollowerState] INFO  server.RaftServerConfigKeys (ConfUtils.java:logGet(46)) - raft.server.leaderelection.pre-vote = true (default)
2023-08-28 09:31:13,228 [dcc8ddaa-5db1-4c5e-85ac-81412a5c6050@group-D79D038BC015-FollowerState] INFO  impl.RoleInfo (RoleInfo.java:updateAndGet(139)) - dcc8ddaa-5db1-4c5e-85ac-81412a5c6050: start dcc8ddaa-5db1-4c5e-85ac-81412a5c6050@group-D79D038BC015-LeaderElection5
2023-08-28 09:31:13,233 [grpc-default-executor-1] INFO  server.RaftServer$Division (RaftServerImpl.java:requestVote(1302)) - 4beee146-73ae-4cd4-94a1-e1eb5fcd7f02@group-BA0DE8F91112: receive requestVote(PRE_VOTE, dcc8ddaa-5db1-4c5e-85ac-81412a5c6050, group-BA0DE8F91112, 0, (t:0, i:0))
2023-08-28 09:31:13,233 [grpc-default-executor-1] INFO  impl.VoteContext (VoteContext.java:log(49)) - 4beee146-73ae-4cd4-94a1-e1eb5fcd7f02@group-BA0DE8F91112-FOLLOWER: accept PRE_VOTE from dcc8ddaa-5db1-4c5e-85ac-81412a5c6050: our priority 0 <= candidate's priority 0
2023-08-28 09:31:13,233 [grpc-default-executor-1] INFO  server.RaftServer$Division (RaftServerImpl.java:requestVote(1335)) - 4beee146-73ae-4cd4-94a1-e1eb5fcd7f02@group-BA0DE8F91112 replies to PRE_VOTE vote request: dcc8ddaa-5db1-4c5e-85ac-81412a5c6050<-4beee146-73ae-4cd4-94a1-e1eb5fcd7f02#0:OK-t0. Peer's state: 4beee146-73ae-4cd4-94a1-e1eb5fcd7f02@group-BA0DE8F91112:t0, leader=null, voted=, raftlog=Memoized:4beee146-73ae-4cd4-94a1-e1eb5fcd7f02@group-BA0DE8F91112-SegmentedRaftLog:OPENED:c-1, conf=-1: peers:[dcc8ddaa-5db1-4c5e-85ac-81412a5c6050|rpc:10.1.0.27:15023|admin:10.1.0.27:15022|client:10.1.0.27:15021|dataStream:10.1.0.27:15024|priority:0|startupRole:FOLLOWER, 4beee146-73ae-4cd4-94a1-e1eb5fcd7f02|rpc:10.1.0.27:15032|admin:10.1.0.27:15031|client:10.1.0.27:15030|dataStream:10.1.0.27:15033|priority:0|startupRole:FOLLOWER, 2b44ba7e-4447-49ac-8e23-11440ea2d57e|rpc:10.1.0.27:15014|admin:10.1.0.27:15013|client:10.1.0.27:15012|dataStream:10.1.0.27:15015|priority:1|startupRole:FOLLOWER]|listeners:[], old=null
2023-08-28 09:31:13,236 [dcc8ddaa-5db1-4c5e-85ac-81412a5c6050@group-D79D038BC015-LeaderElection5] INFO  impl.LeaderElection (LeaderElection.java:askForVotes(321)) - dcc8ddaa-5db1-4c5e-85ac-81412a5c6050@group-D79D038BC015-LeaderElection5 PRE_VOTE round 0: submit vote requests at term 0 for -1: peers:[dcc8ddaa-5db1-4c5e-85ac-81412a5c6050|rpc:10.1.0.27:15023|admin:10.1.0.27:15022|client:10.1.0.27:15021|dataStream:10.1.0.27:15024|priority:1|startupRole:FOLLOWER]|listeners:[], old=null
2023-08-28 09:31:13,237 [dcc8ddaa-5db1-4c5e-85ac-81412a5c6050@group-D79D038BC015-LeaderElection5] INFO  impl.LeaderElection (LeaderElection.java:askForVotes(323)) - dcc8ddaa-5db1-4c5e-85ac-81412a5c6050@group-D79D038BC015-LeaderElection5 PRE_VOTE round 0: result PASSED (term=0)
2023-08-28 09:31:13,241 [dcc8ddaa-5db1-4c5e-85ac-81412a5c6050@group-A270CD0B37D7-FollowerState] INFO  server.RaftServerConfigKeys (ConfUtils.java:logFallback(53)) - raft.server.rpc.first-election.timeout.min = 5s (fallback to raft.server.rpc.timeout.min)
2023-08-28 09:31:13,242 [dcc8ddaa-5db1-4c5e-85ac-81412a5c6050@group-A270CD0B37D7-FollowerState] INFO  server.RaftServerConfigKeys (ConfUtils.java:logFallback(53)) - raft.server.rpc.first-election.timeout.max = 5200ms (fallback to raft.server.rpc.timeout.max)
2023-08-28 09:31:13,243 [dcc8ddaa-5db1-4c5e-85ac-81412a5c6050@group-D79D038BC015-LeaderElection5] INFO  impl.LeaderElection (LeaderElection.java:askForVotes(321)) - dcc8ddaa-5db1-4c5e-85ac-81412a5c6050@group-D79D038BC015-LeaderElection5 ELECTION round 0: submit vote requests at term 1 for -1: peers:[dcc8ddaa-5db1-4c5e-85ac-81412a5c6050|rpc:10.1.0.27:15023|admin:10.1.0.27:15022|client:10.1.0.27:15021|dataStream:10.1.0.27:15024|priority:1|startupRole:FOLLOWER]|listeners:[], old=null
2023-08-28 09:31:13,243 [dcc8ddaa-5db1-4c5e-85ac-81412a5c6050@group-D79D038BC015-LeaderElection5] INFO  impl.LeaderElection (LeaderElection.java:askForVotes(323)) - dcc8ddaa-5db1-4c5e-85ac-81412a5c6050@group-D79D038BC015-LeaderElection5 ELECTION round 0: result PASSED (term=1)
2023-08-28 09:31:13,243 [dcc8ddaa-5db1-4c5e-85ac-81412a5c6050@group-D79D038BC015-LeaderElection5] INFO  impl.RoleInfo (RoleInfo.java:shutdownLeaderElection(130)) - dcc8ddaa-5db1-4c5e-85ac-81412a5c6050: shutdown dcc8ddaa-5db1-4c5e-85ac-81412a5c6050@group-D79D038BC015-LeaderElection5
2023-08-28 09:31:13,243 [dcc8ddaa-5db1-4c5e-85ac-81412a5c6050@group-D79D038BC015-LeaderElection5] INFO  server.RaftServer$Division (RaftServerImpl.java:setRole(329)) - dcc8ddaa-5db1-4c5e-85ac-81412a5c6050@group-D79D038BC015: changes role from CANDIDATE to LEADER at term 1 for changeToLeader
2023-08-28 09:31:13,243 [dcc8ddaa-5db1-4c5e-85ac-81412a5c6050@group-D79D038BC015-LeaderElection5] INFO  ratis.XceiverServerRatis (XceiverServerRatis.java:handleLeaderChangedNotification(902)) - Leader change notification received for group: group-D79D038BC015 with new leaderId: dcc8ddaa-5db1-4c5e-85ac-81412a5c6050
2023-08-28 09:31:13,243 [dcc8ddaa-5db1-4c5e-85ac-81412a5c6050@group-D79D038BC015-LeaderElection5] INFO  server.RaftServer$Division (ServerState.java:setLeader(317)) - dcc8ddaa-5db1-4c5e-85ac-81412a5c6050@group-D79D038BC015: change Leader from null to dcc8ddaa-5db1-4c5e-85ac-81412a5c6050 at term 1 for becomeLeader, leader elected after 5153ms
2023-08-28 09:31:13,244 [dcc8ddaa-5db1-4c5e-85ac-81412a5c6050@group-D79D038BC015-LeaderElection5] INFO  server.RaftServerConfigKeys (ConfUtils.java:logGet(46)) - raft.server.staging.catchup.gap = 1000 (default)
2023-08-28 09:31:13,244 [dcc8ddaa-5db1-4c5e-85ac-81412a5c6050@group-D79D038BC015-LeaderElection5] INFO  server.RaftServerConfigKeys (ConfUtils.java:logGet(46)) - raft.server.write.element-limit = 1024 (custom)
2023-08-28 09:31:13,244 [dcc8ddaa-5db1-4c5e-85ac-81412a5c6050@group-D79D038BC015-LeaderElection5] INFO  server.RaftServerConfigKeys (ConfUtils.java:logGet(46)) - raft.server.write.byte-limit = 1024 M (=1073741824) (custom)
2023-08-28 09:31:13,245 [dcc8ddaa-5db1-4c5e-85ac-81412a5c6050@group-D79D038BC015-LeaderElection5] INFO  server.RaftServerConfigKeys (ConfUtils.java:logGet(46)) - raft.server.watch.timeout = 180s (custom)
2023-08-28 09:31:13,245 [dcc8ddaa-5db1-4c5e-85ac-81412a5c6050@group-D79D038BC015-LeaderElection5] INFO  server.RaftServerConfigKeys (ConfUtils.java:logGet(46)) - raft.server.watch.timeout.denomination = 1s (default)
2023-08-28 09:31:13,245 [dcc8ddaa-5db1-4c5e-85ac-81412a5c6050@group-D79D038BC015-LeaderElection5] INFO  server.RaftServerConfigKeys (ConfUtils.java:logGet(46)) - raft.server.watch.element-limit = 65536 (default)
2023-08-28 09:31:13,245 [dcc8ddaa-5db1-4c5e-85ac-81412a5c6050@group-D79D038BC015-LeaderElection5] INFO  server.RaftServerConfigKeys (ConfUtils.java:logGet(46)) - raft.server.write.element-limit = 1024 (custom)
2023-08-28 09:31:13,245 [dcc8ddaa-5db1-4c5e-85ac-81412a5c6050@group-D79D038BC015-LeaderElection5] INFO  server.RaftServerConfigKeys (ConfUtils.java:logGet(46)) - raft.server.write.follower.gap.ratio.max = -1.0 (default)
2023-08-28 09:31:13,245 [dcc8ddaa-5db1-4c5e-85ac-81412a5c6050@group-D79D038BC015-LeaderElection5] INFO  impl.RoleInfo (RoleInfo.java:updateAndGet(139)) - dcc8ddaa-5db1-4c5e-85ac-81412a5c6050: start dcc8ddaa-5db1-4c5e-85ac-81412a5c6050@group-D79D038BC015-LeaderStateImpl
2023-08-28 09:31:13,245 [dcc8ddaa-5db1-4c5e-85ac-81412a5c6050@group-D79D038BC015-LeaderElection5] INFO  segmented.SegmentedRaftLogWorker (SegmentedRaftLogWorker.java:startLogSegment(447)) - dcc8ddaa-5db1-4c5e-85ac-81412a5c6050@group-D79D038BC015-SegmentedRaftLogWorker: Starting segment from index:0
2023-08-28 09:31:13,246 [EventQueue-OpenPipelineForHealthyPipelineSafeModeRule] INFO  safemode.SCMSafeModeManager (HealthyPipelineSafeModeRule.java:process(137)) - SCM in safe mode. Healthy pipelines reported count is 0, required healthy pipeline reported count is 1
2023-08-28 09:31:13,247 [dcc8ddaa-5db1-4c5e-85ac-81412a5c6050@group-D79D038BC015-SegmentedRaftLogWorker] INFO  segmented.SegmentedRaftLogWorker (SegmentedRaftLogWorker.java:execute(651)) - dcc8ddaa-5db1-4c5e-85ac-81412a5c6050@group-D79D038BC015-SegmentedRaftLogWorker: created new log segment /home/runner/work/ozone/ozone/hadoop-ozone/integration-test/target/test-dir/MiniOzoneClusterImpl-56d16ed0-cc7e-4f87-bd63-81d84e7eb885/datanode-1/data/ratis/e386754e-c068-4294-820e-d79d038bc015/current/log_inprogress_0
2023-08-28 09:31:13,251 [dcc8ddaa-5db1-4c5e-85ac-81412a5c6050@group-D79D038BC015-LeaderElection5] INFO  server.RaftServer$Division (ServerState.java:setRaftConf(434)) - dcc8ddaa-5db1-4c5e-85ac-81412a5c6050@group-D79D038BC015: set configuration 0: peers:[dcc8ddaa-5db1-4c5e-85ac-81412a5c6050|rpc:10.1.0.27:15023|admin:10.1.0.27:15022|client:10.1.0.27:15021|dataStream:10.1.0.27:15024|priority:1|startupRole:FOLLOWER]|listeners:[], old=null
2023-08-28 09:31:13,257 [grpc-default-executor-1] INFO  server.RaftServer$Division (RaftServerImpl.java:requestVote(1302)) - 2b44ba7e-4447-49ac-8e23-11440ea2d57e@group-BA0DE8F91112: receive requestVote(PRE_VOTE, dcc8ddaa-5db1-4c5e-85ac-81412a5c6050, group-BA0DE8F91112, 0, (t:0, i:0))
2023-08-28 09:31:13,257 [grpc-default-executor-1] INFO  impl.VoteContext (VoteContext.java:log(49)) - 2b44ba7e-4447-49ac-8e23-11440ea2d57e@group-BA0DE8F91112-FOLLOWER: reject PRE_VOTE from dcc8ddaa-5db1-4c5e-85ac-81412a5c6050: our priority 1 > candidate's priority 0
2023-08-28 09:31:13,257 [grpc-default-executor-1] INFO  server.RaftServer$Division (RaftServerImpl.java:requestVote(1335)) - 2b44ba7e-4447-49ac-8e23-11440ea2d57e@group-BA0DE8F91112 replies to PRE_VOTE vote request: dcc8ddaa-5db1-4c5e-85ac-81412a5c6050<-2b44ba7e-4447-49ac-8e23-11440ea2d57e#0:FAIL-t0. Peer's state: 2b44ba7e-4447-49ac-8e23-11440ea2d57e@group-BA0DE8F91112:t0, leader=null, voted=, raftlog=Memoized:2b44ba7e-4447-49ac-8e23-11440ea2d57e@group-BA0DE8F91112-SegmentedRaftLog:OPENED:c-1, conf=-1: peers:[dcc8ddaa-5db1-4c5e-85ac-81412a5c6050|rpc:10.1.0.27:15023|admin:10.1.0.27:15022|client:10.1.0.27:15021|dataStream:10.1.0.27:15024|priority:0|startupRole:FOLLOWER, 4beee146-73ae-4cd4-94a1-e1eb5fcd7f02|rpc:10.1.0.27:15032|admin:10.1.0.27:15031|client:10.1.0.27:15030|dataStream:10.1.0.27:15033|priority:0|startupRole:FOLLOWER, 2b44ba7e-4447-49ac-8e23-11440ea2d57e|rpc:10.1.0.27:15014|admin:10.1.0.27:15013|client:10.1.0.27:15012|dataStream:10.1.0.27:15015|priority:1|startupRole:FOLLOWER]|listeners:[], old=null
2023-08-28 09:31:13,259 [dcc8ddaa-5db1-4c5e-85ac-81412a5c6050@group-BA0DE8F91112-LeaderElection4] INFO  impl.LeaderElection (LeaderElection.java:logAndReturn(90)) - dcc8ddaa-5db1-4c5e-85ac-81412a5c6050@group-BA0DE8F91112-LeaderElection4: PRE_VOTE REJECTED received 2 response(s) and 0 exception(s):
2023-08-28 09:31:13,259 [dcc8ddaa-5db1-4c5e-85ac-81412a5c6050@group-BA0DE8F91112-LeaderElection4] INFO  impl.LeaderElection (LeaderElection.java:logAndReturn(94)) -   Response 0: dcc8ddaa-5db1-4c5e-85ac-81412a5c6050<-4beee146-73ae-4cd4-94a1-e1eb5fcd7f02#0:OK-t0
2023-08-28 09:31:13,259 [dcc8ddaa-5db1-4c5e-85ac-81412a5c6050@group-BA0DE8F91112-LeaderElection4] INFO  impl.LeaderElection (LeaderElection.java:logAndReturn(94)) -   Response 1: dcc8ddaa-5db1-4c5e-85ac-81412a5c6050<-2b44ba7e-4447-49ac-8e23-11440ea2d57e#0:FAIL-t0
2023-08-28 09:31:13,260 [dcc8ddaa-5db1-4c5e-85ac-81412a5c6050@group-BA0DE8F91112-LeaderElection4] INFO  impl.LeaderElection (LeaderElection.java:askForVotes(323)) - dcc8ddaa-5db1-4c5e-85ac-81412a5c6050@group-BA0DE8F91112-LeaderElection4 PRE_VOTE round 0: result REJECTED
2023-08-28 09:31:13,262 [dcc8ddaa-5db1-4c5e-85ac-81412a5c6050@group-BA0DE8F91112-LeaderElection4] INFO  server.RaftServer$Division (RaftServerImpl.java:setRole(329)) - dcc8ddaa-5db1-4c5e-85ac-81412a5c6050@group-BA0DE8F91112: changes role from CANDIDATE to FOLLOWER at term 0 for REJECTED
2023-08-28 09:31:13,262 [dcc8ddaa-5db1-4c5e-85ac-81412a5c6050@group-BA0DE8F91112-LeaderElection4] INFO  impl.RoleInfo (RoleInfo.java:shutdownLeaderElection(130)) - dcc8ddaa-5db1-4c5e-85ac-81412a5c6050: shutdown dcc8ddaa-5db1-4c5e-85ac-81412a5c6050@group-BA0DE8F91112-LeaderElection4
2023-08-28 09:31:13,262 [dcc8ddaa-5db1-4c5e-85ac-81412a5c6050@group-BA0DE8F91112-LeaderElection4] INFO  impl.RoleInfo (RoleInfo.java:updateAndGet(139)) - dcc8ddaa-5db1-4c5e-85ac-81412a5c6050: start dcc8ddaa-5db1-4c5e-85ac-81412a5c6050@group-BA0DE8F91112-FollowerState
2023-08-28 09:31:13,649 [4beee146-73ae-4cd4-94a1-e1eb5fcd7f02@group-B9BC7A8E5B7D-FollowerState] INFO  impl.FollowerState (FollowerState.java:run(143)) - 4beee146-73ae-4cd4-94a1-e1eb5fcd7f02@group-B9BC7A8E5B7D-FollowerState: change to CANDIDATE, lastRpcElapsedTime:5051548688ns, electionTimeout:5046ms
2023-08-28 09:31:13,650 [4beee146-73ae-4cd4-94a1-e1eb5fcd7f02@group-B9BC7A8E5B7D-FollowerState] INFO  impl.RoleInfo (RoleInfo.java:shutdownFollowerState(110)) - 4beee146-73ae-4cd4-94a1-e1eb5fcd7f02: shutdown 4beee146-73ae-4cd4-94a1-e1eb5fcd7f02@group-B9BC7A8E5B7D-FollowerState
2023-08-28 09:31:13,650 [4beee146-73ae-4cd4-94a1-e1eb5fcd7f02@group-B9BC7A8E5B7D-FollowerState] INFO  server.RaftServer$Division (RaftServerImpl.java:setRole(329)) - 4beee146-73ae-4cd4-94a1-e1eb5fcd7f02@group-B9BC7A8E5B7D: changes role from  FOLLOWER to CANDIDATE at term 0 for changeToCandidate
2023-08-28 09:31:13,651 [4beee146-73ae-4cd4-94a1-e1eb5fcd7f02@group-B9BC7A8E5B7D-FollowerState] INFO  server.RaftServerConfigKeys (ConfUtils.java:logGet(46)) - raft.server.leaderelection.pre-vote = true (default)
2023-08-28 09:31:13,651 [4beee146-73ae-4cd4-94a1-e1eb5fcd7f02@group-B9BC7A8E5B7D-FollowerState] INFO  impl.RoleInfo (RoleInfo.java:updateAndGet(139)) - 4beee146-73ae-4cd4-94a1-e1eb5fcd7f02: start 4beee146-73ae-4cd4-94a1-e1eb5fcd7f02@group-B9BC7A8E5B7D-LeaderElection6
2023-08-28 09:31:13,653 [4beee146-73ae-4cd4-94a1-e1eb5fcd7f02@group-B9BC7A8E5B7D-LeaderElection6] INFO  impl.LeaderElection (LeaderElection.java:askForVotes(321)) - 4beee146-73ae-4cd4-94a1-e1eb5fcd7f02@group-B9BC7A8E5B7D-LeaderElection6 PRE_VOTE round 0: submit vote requests at term 0 for -1: peers:[4beee146-73ae-4cd4-94a1-e1eb5fcd7f02|rpc:10.1.0.27:15032|admin:10.1.0.27:15031|client:10.1.0.27:15030|dataStream:10.1.0.27:15033|priority:1|startupRole:FOLLOWER]|listeners:[], old=null
2023-08-28 09:31:13,653 [4beee146-73ae-4cd4-94a1-e1eb5fcd7f02@group-B9BC7A8E5B7D-LeaderElection6] INFO  impl.LeaderElection (LeaderElection.java:askForVotes(323)) - 4beee146-73ae-4cd4-94a1-e1eb5fcd7f02@group-B9BC7A8E5B7D-LeaderElection6 PRE_VOTE round 0: result PASSED (term=0)
2023-08-28 09:31:13,654 [4beee146-73ae-4cd4-94a1-e1eb5fcd7f02@group-B9BC7A8E5B7D-LeaderElection6] INFO  impl.LeaderElection (LeaderElection.java:askForVotes(321)) - 4beee146-73ae-4cd4-94a1-e1eb5fcd7f02@group-B9BC7A8E5B7D-LeaderElection6 ELECTION round 0: submit vote requests at term 1 for -1: peers:[4beee146-73ae-4cd4-94a1-e1eb5fcd7f02|rpc:10.1.0.27:15032|admin:10.1.0.27:15031|client:10.1.0.27:15030|dataStream:10.1.0.27:15033|priority:1|startupRole:FOLLOWER]|listeners:[], old=null
2023-08-28 09:31:13,655 [4beee146-73ae-4cd4-94a1-e1eb5fcd7f02@group-B9BC7A8E5B7D-LeaderElection6] INFO  impl.LeaderElection (LeaderElection.java:askForVotes(323)) - 4beee146-73ae-4cd4-94a1-e1eb5fcd7f02@group-B9BC7A8E5B7D-LeaderElection6 ELECTION round 0: result PASSED (term=1)
2023-08-28 09:31:13,655 [4beee146-73ae-4cd4-94a1-e1eb5fcd7f02@group-B9BC7A8E5B7D-LeaderElection6] INFO  impl.RoleInfo (RoleInfo.java:shutdownLeaderElection(130)) - 4beee146-73ae-4cd4-94a1-e1eb5fcd7f02: shutdown 4beee146-73ae-4cd4-94a1-e1eb5fcd7f02@group-B9BC7A8E5B7D-LeaderElection6
2023-08-28 09:31:13,655 [4beee146-73ae-4cd4-94a1-e1eb5fcd7f02@group-B9BC7A8E5B7D-LeaderElection6] INFO  server.RaftServer$Division (RaftServerImpl.java:setRole(329)) - 4beee146-73ae-4cd4-94a1-e1eb5fcd7f02@group-B9BC7A8E5B7D: changes role from CANDIDATE to LEADER at term 1 for changeToLeader
2023-08-28 09:31:13,655 [4beee146-73ae-4cd4-94a1-e1eb5fcd7f02@group-B9BC7A8E5B7D-LeaderElection6] INFO  ratis.XceiverServerRatis (XceiverServerRatis.java:handleLeaderChangedNotification(902)) - Leader change notification received for group: group-B9BC7A8E5B7D with new leaderId: 4beee146-73ae-4cd4-94a1-e1eb5fcd7f02
2023-08-28 09:31:13,655 [4beee146-73ae-4cd4-94a1-e1eb5fcd7f02@group-B9BC7A8E5B7D-LeaderElection6] INFO  server.RaftServer$Division (ServerState.java:setLeader(317)) - 4beee146-73ae-4cd4-94a1-e1eb5fcd7f02@group-B9BC7A8E5B7D: change Leader from null to 4beee146-73ae-4cd4-94a1-e1eb5fcd7f02 at term 1 for becomeLeader, leader elected after 5093ms
2023-08-28 09:31:13,655 [4beee146-73ae-4cd4-94a1-e1eb5fcd7f02@group-B9BC7A8E5B7D-LeaderElection6] INFO  server.RaftServerConfigKeys (ConfUtils.java:logGet(46)) - raft.server.staging.catchup.gap = 1000 (default)
2023-08-28 09:31:13,655 [4beee146-73ae-4cd4-94a1-e1eb5fcd7f02@group-B9BC7A8E5B7D-LeaderElection6] INFO  server.RaftServerConfigKeys (ConfUtils.java:logGet(46)) - raft.server.write.element-limit = 1024 (custom)
2023-08-28 09:31:13,655 [4beee146-73ae-4cd4-94a1-e1eb5fcd7f02@group-B9BC7A8E5B7D-LeaderElection6] INFO  server.RaftServerConfigKeys (ConfUtils.java:logGet(46)) - raft.server.write.byte-limit = 1024 M (=1073741824) (custom)
2023-08-28 09:31:13,656 [4beee146-73ae-4cd4-94a1-e1eb5fcd7f02@group-B9BC7A8E5B7D-LeaderElection6] INFO  server.RaftServerConfigKeys (ConfUtils.java:logGet(46)) - raft.server.watch.timeout = 180s (custom)
2023-08-28 09:31:13,656 [4beee146-73ae-4cd4-94a1-e1eb5fcd7f02@group-B9BC7A8E5B7D-LeaderElection6] INFO  server.RaftServerConfigKeys (ConfUtils.java:logGet(46)) - raft.server.watch.timeout.denomination = 1s (default)
2023-08-28 09:31:13,656 [4beee146-73ae-4cd4-94a1-e1eb5fcd7f02@group-B9BC7A8E5B7D-LeaderElection6] INFO  server.RaftServerConfigKeys (ConfUtils.java:logGet(46)) - raft.server.watch.element-limit = 65536 (default)
2023-08-28 09:31:13,656 [4beee146-73ae-4cd4-94a1-e1eb5fcd7f02@group-B9BC7A8E5B7D-LeaderElection6] INFO  server.RaftServerConfigKeys (ConfUtils.java:logGet(46)) - raft.server.write.element-limit = 1024 (custom)
2023-08-28 09:31:13,656 [4beee146-73ae-4cd4-94a1-e1eb5fcd7f02@group-B9BC7A8E5B7D-LeaderElection6] INFO  server.RaftServerConfigKeys (ConfUtils.java:logGet(46)) - raft.server.write.follower.gap.ratio.max = -1.0 (default)
2023-08-28 09:31:13,657 [4beee146-73ae-4cd4-94a1-e1eb5fcd7f02@group-B9BC7A8E5B7D-LeaderElection6] INFO  impl.RoleInfo (RoleInfo.java:updateAndGet(139)) - 4beee146-73ae-4cd4-94a1-e1eb5fcd7f02: start 4beee146-73ae-4cd4-94a1-e1eb5fcd7f02@group-B9BC7A8E5B7D-LeaderStateImpl
2023-08-28 09:31:13,657 [EventQueue-OpenPipelineForHealthyPipelineSafeModeRule] INFO  safemode.SCMSafeModeManager (HealthyPipelineSafeModeRule.java:process(137)) - SCM in safe mode. Healthy pipelines reported count is 0, required healthy pipeline reported count is 1
2023-08-28 09:31:13,657 [4beee146-73ae-4cd4-94a1-e1eb5fcd7f02@group-B9BC7A8E5B7D-LeaderElection6] INFO  segmented.SegmentedRaftLogWorker (SegmentedRaftLogWorker.java:startLogSegment(447)) - 4beee146-73ae-4cd4-94a1-e1eb5fcd7f02@group-B9BC7A8E5B7D-SegmentedRaftLogWorker: Starting segment from index:0
2023-08-28 09:31:13,659 [4beee146-73ae-4cd4-94a1-e1eb5fcd7f02@group-B9BC7A8E5B7D-SegmentedRaftLogWorker] INFO  segmented.SegmentedRaftLogWorker (SegmentedRaftLogWorker.java:execute(651)) - 4beee146-73ae-4cd4-94a1-e1eb5fcd7f02@group-B9BC7A8E5B7D-SegmentedRaftLogWorker: created new log segment /home/runner/work/ozone/ozone/hadoop-ozone/integration-test/target/test-dir/MiniOzoneClusterImpl-56d16ed0-cc7e-4f87-bd63-81d84e7eb885/datanode-2/data/ratis/f013d65f-9eee-4b66-a84d-b9bc7a8e5b7d/current/log_inprogress_0
2023-08-28 09:31:13,659 [4beee146-73ae-4cd4-94a1-e1eb5fcd7f02@group-B9BC7A8E5B7D-LeaderElection6] INFO  server.RaftServer$Division (ServerState.java:setRaftConf(434)) - 4beee146-73ae-4cd4-94a1-e1eb5fcd7f02@group-B9BC7A8E5B7D: set configuration 0: peers:[4beee146-73ae-4cd4-94a1-e1eb5fcd7f02|rpc:10.1.0.27:15032|admin:10.1.0.27:15031|client:10.1.0.27:15030|dataStream:10.1.0.27:15033|priority:1|startupRole:FOLLOWER]|listeners:[], old=null
2023-08-28 09:31:13,744 [2b44ba7e-4447-49ac-8e23-11440ea2d57e@group-BA0DE8F91112-FollowerState] INFO  impl.FollowerState (FollowerState.java:run(143)) - 2b44ba7e-4447-49ac-8e23-11440ea2d57e@group-BA0DE8F91112-FollowerState: change to CANDIDATE, lastRpcElapsedTime:5183795982ns, electionTimeout:5174ms
2023-08-28 09:31:13,744 [2b44ba7e-4447-49ac-8e23-11440ea2d57e@group-BA0DE8F91112-FollowerState] INFO  impl.RoleInfo (RoleInfo.java:shutdownFollowerState(110)) - 2b44ba7e-4447-49ac-8e23-11440ea2d57e: shutdown 2b44ba7e-4447-49ac-8e23-11440ea2d57e@group-BA0DE8F91112-FollowerState
2023-08-28 09:31:13,744 [2b44ba7e-4447-49ac-8e23-11440ea2d57e@group-BA0DE8F91112-FollowerState] INFO  server.RaftServer$Division (RaftServerImpl.java:setRole(329)) - 2b44ba7e-4447-49ac-8e23-11440ea2d57e@group-BA0DE8F91112: changes role from  FOLLOWER to CANDIDATE at term 0 for changeToCandidate
2023-08-28 09:31:13,745 [2b44ba7e-4447-49ac-8e23-11440ea2d57e@group-BA0DE8F91112-FollowerState] INFO  server.RaftServerConfigKeys (ConfUtils.java:logGet(46)) - raft.server.leaderelection.pre-vote = true (default)
2023-08-28 09:31:13,745 [2b44ba7e-4447-49ac-8e23-11440ea2d57e@group-BA0DE8F91112-FollowerState] INFO  impl.RoleInfo (RoleInfo.java:updateAndGet(139)) - 2b44ba7e-4447-49ac-8e23-11440ea2d57e: start 2b44ba7e-4447-49ac-8e23-11440ea2d57e@group-BA0DE8F91112-LeaderElection7
2023-08-28 09:31:13,746 [2b44ba7e-4447-49ac-8e23-11440ea2d57e@group-BA0DE8F91112-LeaderElection7] INFO  impl.LeaderElection (LeaderElection.java:askForVotes(321)) - 2b44ba7e-4447-49ac-8e23-11440ea2d57e@group-BA0DE8F91112-LeaderElection7 PRE_VOTE round 0: submit vote requests at term 0 for -1: peers:[dcc8ddaa-5db1-4c5e-85ac-81412a5c6050|rpc:10.1.0.27:15023|admin:10.1.0.27:15022|client:10.1.0.27:15021|dataStream:10.1.0.27:15024|priority:0|startupRole:FOLLOWER, 4beee146-73ae-4cd4-94a1-e1eb5fcd7f02|rpc:10.1.0.27:15032|admin:10.1.0.27:15031|client:10.1.0.27:15030|dataStream:10.1.0.27:15033|priority:0|startupRole:FOLLOWER, 2b44ba7e-4447-49ac-8e23-11440ea2d57e|rpc:10.1.0.27:15014|admin:10.1.0.27:15013|client:10.1.0.27:15012|dataStream:10.1.0.27:15015|priority:1|startupRole:FOLLOWER]|listeners:[], old=null
2023-08-28 09:31:13,747 [2b44ba7e-4447-49ac-8e23-11440ea2d57e@group-BA0DE8F91112-LeaderElection7] INFO  server.RaftServerConfigKeys (ConfUtils.java:logFallback(53)) - raft.server.rpc.first-election.timeout.min = 5s (fallback to raft.server.rpc.timeout.min)
2023-08-28 09:31:13,747 [2b44ba7e-4447-49ac-8e23-11440ea2d57e@group-BA0DE8F91112-LeaderElection7] INFO  server.RaftServerConfigKeys (ConfUtils.java:logFallback(53)) - raft.server.rpc.first-election.timeout.max = 5200ms (fallback to raft.server.rpc.timeout.max)
2023-08-28 09:31:13,753 [grpc-default-executor-0] INFO  server.RaftServer$Division (RaftServerImpl.java:requestVote(1302)) - 4beee146-73ae-4cd4-94a1-e1eb5fcd7f02@group-BA0DE8F91112: receive requestVote(PRE_VOTE, 2b44ba7e-4447-49ac-8e23-11440ea2d57e, group-BA0DE8F91112, 0, (t:0, i:0))
2023-08-28 09:31:13,755 [grpc-default-executor-0] INFO  impl.VoteContext (VoteContext.java:log(49)) - 4beee146-73ae-4cd4-94a1-e1eb5fcd7f02@group-BA0DE8F91112-FOLLOWER: accept PRE_VOTE from 2b44ba7e-4447-49ac-8e23-11440ea2d57e: our priority 0 <= candidate's priority 1
2023-08-28 09:31:13,755 [grpc-default-executor-0] INFO  server.RaftServer$Division (RaftServerImpl.java:requestVote(1335)) - 4beee146-73ae-4cd4-94a1-e1eb5fcd7f02@group-BA0DE8F91112 replies to PRE_VOTE vote request: 2b44ba7e-4447-49ac-8e23-11440ea2d57e<-4beee146-73ae-4cd4-94a1-e1eb5fcd7f02#0:OK-t0. Peer's state: 4beee146-73ae-4cd4-94a1-e1eb5fcd7f02@group-BA0DE8F91112:t0, leader=null, voted=, raftlog=Memoized:4beee146-73ae-4cd4-94a1-e1eb5fcd7f02@group-BA0DE8F91112-SegmentedRaftLog:OPENED:c-1, conf=-1: peers:[dcc8ddaa-5db1-4c5e-85ac-81412a5c6050|rpc:10.1.0.27:15023|admin:10.1.0.27:15022|client:10.1.0.27:15021|dataStream:10.1.0.27:15024|priority:0|startupRole:FOLLOWER, 4beee146-73ae-4cd4-94a1-e1eb5fcd7f02|rpc:10.1.0.27:15032|admin:10.1.0.27:15031|client:10.1.0.27:15030|dataStream:10.1.0.27:15033|priority:0|startupRole:FOLLOWER, 2b44ba7e-4447-49ac-8e23-11440ea2d57e|rpc:10.1.0.27:15014|admin:10.1.0.27:15013|client:10.1.0.27:15012|dataStream:10.1.0.27:15015|priority:1|startupRole:FOLLOWER]|listeners:[], old=null
2023-08-28 09:31:13,756 [grpc-default-executor-1] INFO  server.RaftServer$Division (RaftServerImpl.java:requestVote(1302)) - dcc8ddaa-5db1-4c5e-85ac-81412a5c6050@group-BA0DE8F91112: receive requestVote(PRE_VOTE, 2b44ba7e-4447-49ac-8e23-11440ea2d57e, group-BA0DE8F91112, 0, (t:0, i:0))
2023-08-28 09:31:13,756 [grpc-default-executor-1] INFO  impl.VoteContext (VoteContext.java:log(49)) - dcc8ddaa-5db1-4c5e-85ac-81412a5c6050@group-BA0DE8F91112-FOLLOWER: accept PRE_VOTE from 2b44ba7e-4447-49ac-8e23-11440ea2d57e: our priority 0 <= candidate's priority 1
2023-08-28 09:31:13,756 [grpc-default-executor-1] INFO  server.RaftServer$Division (RaftServerImpl.java:requestVote(1335)) - dcc8ddaa-5db1-4c5e-85ac-81412a5c6050@group-BA0DE8F91112 replies to PRE_VOTE vote request: 2b44ba7e-4447-49ac-8e23-11440ea2d57e<-dcc8ddaa-5db1-4c5e-85ac-81412a5c6050#0:OK-t0. Peer's state: dcc8ddaa-5db1-4c5e-85ac-81412a5c6050@group-BA0DE8F91112:t0, leader=null, voted=, raftlog=Memoized:dcc8ddaa-5db1-4c5e-85ac-81412a5c6050@group-BA0DE8F91112-SegmentedRaftLog:OPENED:c-1, conf=-1: peers:[dcc8ddaa-5db1-4c5e-85ac-81412a5c6050|rpc:10.1.0.27:15023|admin:10.1.0.27:15022|client:10.1.0.27:15021|dataStream:10.1.0.27:15024|priority:0|startupRole:FOLLOWER, 4beee146-73ae-4cd4-94a1-e1eb5fcd7f02|rpc:10.1.0.27:15032|admin:10.1.0.27:15031|client:10.1.0.27:15030|dataStream:10.1.0.27:15033|priority:0|startupRole:FOLLOWER, 2b44ba7e-4447-49ac-8e23-11440ea2d57e|rpc:10.1.0.27:15014|admin:10.1.0.27:15013|client:10.1.0.27:15012|dataStream:10.1.0.27:15015|priority:1|startupRole:FOLLOWER]|listeners:[], old=null
2023-08-28 09:31:13,757 [2b44ba7e-4447-49ac-8e23-11440ea2d57e@group-BA0DE8F91112-LeaderElection7] INFO  impl.LeaderElection (LeaderElection.java:logAndReturn(90)) - 2b44ba7e-4447-49ac-8e23-11440ea2d57e@group-BA0DE8F91112-LeaderElection7: PRE_VOTE PASSED received 1 response(s) and 0 exception(s):
2023-08-28 09:31:13,760 [2b44ba7e-4447-49ac-8e23-11440ea2d57e@group-BA0DE8F91112-LeaderElection7] INFO  impl.LeaderElection (LeaderElection.java:logAndReturn(94)) -   Response 0: 2b44ba7e-4447-49ac-8e23-11440ea2d57e<-4beee146-73ae-4cd4-94a1-e1eb5fcd7f02#0:OK-t0
2023-08-28 09:31:13,760 [2b44ba7e-4447-49ac-8e23-11440ea2d57e@group-BA0DE8F91112-LeaderElection7] INFO  impl.LeaderElection (LeaderElection.java:askForVotes(323)) - 2b44ba7e-4447-49ac-8e23-11440ea2d57e@group-BA0DE8F91112-LeaderElection7 PRE_VOTE round 0: result PASSED
2023-08-28 09:31:13,762 [2b44ba7e-4447-49ac-8e23-11440ea2d57e@group-BA0DE8F91112-LeaderElection7] INFO  impl.LeaderElection (LeaderElection.java:askForVotes(321)) - 2b44ba7e-4447-49ac-8e23-11440ea2d57e@group-BA0DE8F91112-LeaderElection7 ELECTION round 0: submit vote requests at term 1 for -1: peers:[dcc8ddaa-5db1-4c5e-85ac-81412a5c6050|rpc:10.1.0.27:15023|admin:10.1.0.27:15022|client:10.1.0.27:15021|dataStream:10.1.0.27:15024|priority:0|startupRole:FOLLOWER, 4beee146-73ae-4cd4-94a1-e1eb5fcd7f02|rpc:10.1.0.27:15032|admin:10.1.0.27:15031|client:10.1.0.27:15030|dataStream:10.1.0.27:15033|priority:0|startupRole:FOLLOWER, 2b44ba7e-4447-49ac-8e23-11440ea2d57e|rpc:10.1.0.27:15014|admin:10.1.0.27:15013|client:10.1.0.27:15012|dataStream:10.1.0.27:15015|priority:1|startupRole:FOLLOWER]|listeners:[], old=null
2023-08-28 09:31:13,763 [2b44ba7e-4447-49ac-8e23-11440ea2d57e@group-BA0DE8F91112-LeaderElection7] INFO  server.RaftServerConfigKeys (ConfUtils.java:logFallback(53)) - raft.server.rpc.first-election.timeout.min = 5s (fallback to raft.server.rpc.timeout.min)
2023-08-28 09:31:13,763 [2b44ba7e-4447-49ac-8e23-11440ea2d57e@group-BA0DE8F91112-LeaderElection7] INFO  server.RaftServerConfigKeys (ConfUtils.java:logFallback(53)) - raft.server.rpc.first-election.timeout.max = 5200ms (fallback to raft.server.rpc.timeout.max)
2023-08-28 09:31:13,767 [grpc-default-executor-1] INFO  server.RaftServer$Division (RaftServerImpl.java:requestVote(1302)) - dcc8ddaa-5db1-4c5e-85ac-81412a5c6050@group-BA0DE8F91112: receive requestVote(ELECTION, 2b44ba7e-4447-49ac-8e23-11440ea2d57e, group-BA0DE8F91112, 1, (t:0, i:0))
2023-08-28 09:31:13,767 [grpc-default-executor-0] INFO  server.RaftServer$Division (RaftServerImpl.java:requestVote(1302)) - 4beee146-73ae-4cd4-94a1-e1eb5fcd7f02@group-BA0DE8F91112: receive requestVote(ELECTION, 2b44ba7e-4447-49ac-8e23-11440ea2d57e, group-BA0DE8F91112, 1, (t:0, i:0))
2023-08-28 09:31:13,767 [grpc-default-executor-1] INFO  impl.VoteContext (VoteContext.java:log(49)) - dcc8ddaa-5db1-4c5e-85ac-81412a5c6050@group-BA0DE8F91112-FOLLOWER: accept ELECTION from 2b44ba7e-4447-49ac-8e23-11440ea2d57e: our priority 0 <= candidate's priority 1
2023-08-28 09:31:13,767 [grpc-default-executor-1] INFO  server.RaftServer$Division (RaftServerImpl.java:setRole(329)) - dcc8ddaa-5db1-4c5e-85ac-81412a5c6050@group-BA0DE8F91112: changes role from  FOLLOWER to FOLLOWER at term 1 for candidate:2b44ba7e-4447-49ac-8e23-11440ea2d57e
2023-08-28 09:31:13,767 [grpc-default-executor-0] INFO  impl.VoteContext (VoteContext.java:log(49)) - 4beee146-73ae-4cd4-94a1-e1eb5fcd7f02@group-BA0DE8F91112-FOLLOWER: accept ELECTION from 2b44ba7e-4447-49ac-8e23-11440ea2d57e: our priority 0 <= candidate's priority 1
2023-08-28 09:31:13,768 [grpc-default-executor-1] INFO  impl.RoleInfo (RoleInfo.java:shutdownFollowerState(110)) - dcc8ddaa-5db1-4c5e-85ac-81412a5c6050: shutdown dcc8ddaa-5db1-4c5e-85ac-81412a5c6050@group-BA0DE8F91112-FollowerState
2023-08-28 09:31:13,768 [grpc-default-executor-0] INFO  server.RaftServer$Division (RaftServerImpl.java:setRole(329)) - 4beee146-73ae-4cd4-94a1-e1eb5fcd7f02@group-BA0DE8F91112: changes role from  FOLLOWER to FOLLOWER at term 1 for candidate:2b44ba7e-4447-49ac-8e23-11440ea2d57e
2023-08-28 09:31:13,768 [grpc-default-executor-0] INFO  impl.RoleInfo (RoleInfo.java:shutdownFollowerState(110)) - 4beee146-73ae-4cd4-94a1-e1eb5fcd7f02: shutdown 4beee146-73ae-4cd4-94a1-e1eb5fcd7f02@group-BA0DE8F91112-FollowerState
2023-08-28 09:31:13,768 [grpc-default-executor-1] INFO  impl.RoleInfo (RoleInfo.java:updateAndGet(139)) - dcc8ddaa-5db1-4c5e-85ac-81412a5c6050: start dcc8ddaa-5db1-4c5e-85ac-81412a5c6050@group-BA0DE8F91112-FollowerState
2023-08-28 09:31:13,768 [dcc8ddaa-5db1-4c5e-85ac-81412a5c6050@group-BA0DE8F91112-FollowerState] INFO  impl.FollowerState (FollowerState.java:run(152)) - dcc8ddaa-5db1-4c5e-85ac-81412a5c6050@group-BA0DE8F91112-FollowerState was interrupted
2023-08-28 09:31:13,768 [4beee146-73ae-4cd4-94a1-e1eb5fcd7f02@group-BA0DE8F91112-FollowerState] INFO  impl.FollowerState (FollowerState.java:run(152)) - 4beee146-73ae-4cd4-94a1-e1eb5fcd7f02@group-BA0DE8F91112-FollowerState was interrupted
2023-08-28 09:31:13,769 [grpc-default-executor-0] INFO  impl.RoleInfo (RoleInfo.java:updateAndGet(139)) - 4beee146-73ae-4cd4-94a1-e1eb5fcd7f02: start 4beee146-73ae-4cd4-94a1-e1eb5fcd7f02@group-BA0DE8F91112-FollowerState
2023-08-28 09:31:13,770 [grpc-default-executor-1] INFO  server.RaftServer$Division (RaftServerImpl.java:requestVote(1335)) - dcc8ddaa-5db1-4c5e-85ac-81412a5c6050@group-BA0DE8F91112 replies to ELECTION vote request: 2b44ba7e-4447-49ac-8e23-11440ea2d57e<-dcc8ddaa-5db1-4c5e-85ac-81412a5c6050#0:OK-t1. Peer's state: dcc8ddaa-5db1-4c5e-85ac-81412a5c6050@group-BA0DE8F91112:t1, leader=null, voted=2b44ba7e-4447-49ac-8e23-11440ea2d57e, raftlog=Memoized:dcc8ddaa-5db1-4c5e-85ac-81412a5c6050@group-BA0DE8F91112-SegmentedRaftLog:OPENED:c-1, conf=-1: peers:[dcc8ddaa-5db1-4c5e-85ac-81412a5c6050|rpc:10.1.0.27:15023|admin:10.1.0.27:15022|client:10.1.0.27:15021|dataStream:10.1.0.27:15024|priority:0|startupRole:FOLLOWER, 4beee146-73ae-4cd4-94a1-e1eb5fcd7f02|rpc:10.1.0.27:15032|admin:10.1.0.27:15031|client:10.1.0.27:15030|dataStream:10.1.0.27:15033|priority:0|startupRole:FOLLOWER, 2b44ba7e-4447-49ac-8e23-11440ea2d57e|rpc:10.1.0.27:15014|admin:10.1.0.27:15013|client:10.1.0.27:15012|dataStream:10.1.0.27:15015|priority:1|startupRole:FOLLOWER]|listeners:[], old=null
2023-08-28 09:31:13,776 [grpc-default-executor-0] INFO  server.RaftServer$Division (RaftServerImpl.java:requestVote(1335)) - 4beee146-73ae-4cd4-94a1-e1eb5fcd7f02@group-BA0DE8F91112 replies to ELECTION vote request: 2b44ba7e-4447-49ac-8e23-11440ea2d57e<-4beee146-73ae-4cd4-94a1-e1eb5fcd7f02#0:OK-t1. Peer's state: 4beee146-73ae-4cd4-94a1-e1eb5fcd7f02@group-BA0DE8F91112:t1, leader=null, voted=2b44ba7e-4447-49ac-8e23-11440ea2d57e, raftlog=Memoized:4beee146-73ae-4cd4-94a1-e1eb5fcd7f02@group-BA0DE8F91112-SegmentedRaftLog:OPENED:c-1, conf=-1: peers:[dcc8ddaa-5db1-4c5e-85ac-81412a5c6050|rpc:10.1.0.27:15023|admin:10.1.0.27:15022|client:10.1.0.27:15021|dataStream:10.1.0.27:15024|priority:0|startupRole:FOLLOWER, 4beee146-73ae-4cd4-94a1-e1eb5fcd7f02|rpc:10.1.0.27:15032|admin:10.1.0.27:15031|client:10.1.0.27:15030|dataStream:10.1.0.27:15033|priority:0|startupRole:FOLLOWER, 2b44ba7e-4447-49ac-8e23-11440ea2d57e|rpc:10.1.0.27:15014|admin:10.1.0.27:15013|client:10.1.0.27:15012|dataStream:10.1.0.27:15015|priority:1|startupRole:FOLLOWER]|listeners:[], old=null
2023-08-28 09:31:13,778 [2b44ba7e-4447-49ac-8e23-11440ea2d57e@group-BA0DE8F91112-LeaderElection7] INFO  impl.LeaderElection (LeaderElection.java:logAndReturn(90)) - 2b44ba7e-4447-49ac-8e23-11440ea2d57e@group-BA0DE8F91112-LeaderElection7: ELECTION PASSED received 1 response(s) and 0 exception(s):
2023-08-28 09:31:13,780 [2b44ba7e-4447-49ac-8e23-11440ea2d57e@group-BA0DE8F91112-LeaderElection7] INFO  impl.LeaderElection (LeaderElection.java:logAndReturn(94)) -   Response 0: 2b44ba7e-4447-49ac-8e23-11440ea2d57e<-4beee146-73ae-4cd4-94a1-e1eb5fcd7f02#0:OK-t1
2023-08-28 09:31:13,780 [2b44ba7e-4447-49ac-8e23-11440ea2d57e@group-BA0DE8F91112-LeaderElection7] INFO  impl.LeaderElection (LeaderElection.java:askForVotes(323)) - 2b44ba7e-4447-49ac-8e23-11440ea2d57e@group-BA0DE8F91112-LeaderElection7 ELECTION round 0: result PASSED
2023-08-28 09:31:13,780 [2b44ba7e-4447-49ac-8e23-11440ea2d57e@group-BA0DE8F91112-LeaderElection7] INFO  impl.RoleInfo (RoleInfo.java:shutdownLeaderElection(130)) - 2b44ba7e-4447-49ac-8e23-11440ea2d57e: shutdown 2b44ba7e-4447-49ac-8e23-11440ea2d57e@group-BA0DE8F91112-LeaderElection7
2023-08-28 09:31:13,780 [2b44ba7e-4447-49ac-8e23-11440ea2d57e@group-BA0DE8F91112-LeaderElection7] INFO  server.RaftServer$Division (RaftServerImpl.java:setRole(329)) - 2b44ba7e-4447-49ac-8e23-11440ea2d57e@group-BA0DE8F91112: changes role from CANDIDATE to LEADER at term 1 for changeToLeader
2023-08-28 09:31:13,780 [2b44ba7e-4447-49ac-8e23-11440ea2d57e@group-BA0DE8F91112-LeaderElection7] INFO  ratis.XceiverServerRatis (XceiverServerRatis.java:handleLeaderChangedNotification(902)) - Leader change notification received for group: group-BA0DE8F91112 with new leaderId: 2b44ba7e-4447-49ac-8e23-11440ea2d57e
2023-08-28 09:31:13,781 [2b44ba7e-4447-49ac-8e23-11440ea2d57e@group-BA0DE8F91112-LeaderElection7] INFO  server.RaftServer$Division (ServerState.java:setLeader(317)) - 2b44ba7e-4447-49ac-8e23-11440ea2d57e@group-BA0DE8F91112: change Leader from null to 2b44ba7e-4447-49ac-8e23-11440ea2d57e at term 1 for becomeLeader, leader elected after 5553ms
2023-08-28 09:31:13,781 [2b44ba7e-4447-49ac-8e23-11440ea2d57e@group-BA0DE8F91112-LeaderElection7] INFO  server.RaftServerConfigKeys (ConfUtils.java:logGet(46)) - raft.server.staging.catchup.gap = 1000 (default)
2023-08-28 09:31:13,781 [2b44ba7e-4447-49ac-8e23-11440ea2d57e@group-BA0DE8F91112-LeaderElection7] INFO  server.RaftServerConfigKeys (ConfUtils.java:logGet(46)) - raft.server.write.element-limit = 1024 (custom)
2023-08-28 09:31:13,781 [2b44ba7e-4447-49ac-8e23-11440ea2d57e@group-BA0DE8F91112-LeaderElection7] INFO  server.RaftServerConfigKeys (ConfUtils.java:logGet(46)) - raft.server.write.byte-limit = 1024 M (=1073741824) (custom)
2023-08-28 09:31:13,781 [2b44ba7e-4447-49ac-8e23-11440ea2d57e@group-BA0DE8F91112-LeaderElection7] INFO  server.RaftServerConfigKeys (ConfUtils.java:logGet(46)) - raft.server.watch.timeout = 180s (custom)
2023-08-28 09:31:13,781 [2b44ba7e-4447-49ac-8e23-11440ea2d57e@group-BA0DE8F91112-LeaderElection7] INFO  server.RaftServerConfigKeys (ConfUtils.java:logGet(46)) - raft.server.watch.timeout.denomination = 1s (default)
2023-08-28 09:31:13,781 [2b44ba7e-4447-49ac-8e23-11440ea2d57e@group-BA0DE8F91112-LeaderElection7] INFO  server.RaftServerConfigKeys (ConfUtils.java:logGet(46)) - raft.server.watch.element-limit = 65536 (default)
2023-08-28 09:31:13,781 [2b44ba7e-4447-49ac-8e23-11440ea2d57e@group-BA0DE8F91112-LeaderElection7] INFO  server.RaftServerConfigKeys (ConfUtils.java:logGet(46)) - raft.server.write.element-limit = 1024 (custom)
2023-08-28 09:31:13,782 [2b44ba7e-4447-49ac-8e23-11440ea2d57e@group-BA0DE8F91112-LeaderElection7] INFO  server.RaftServerConfigKeys (ConfUtils.java:logGet(46)) - raft.server.write.follower.gap.ratio.max = -1.0 (default)
2023-08-28 09:31:13,786 [EventQueue-PipelineReportForPipelineReportHandler] INFO  pipeline.PipelineReportHandler (PipelineReportHandler.java:processPipelineReport(136)) - Opened pipeline PipelineID=9e682222-9aa6-4020-964b-ba0de8f91112
2023-08-28 09:31:13,787 [EventQueue-OpenPipelineForHealthyPipelineSafeModeRule] INFO  safemode.SCMSafeModeManager (HealthyPipelineSafeModeRule.java:process(137)) - SCM in safe mode. Healthy pipelines reported count is 1, required healthy pipeline reported count is 1
2023-08-28 09:31:13,787 [EventQueue-OpenPipelineForHealthyPipelineSafeModeRule] INFO  safemode.SCMSafeModeManager (SCMSafeModeManager.java:validateSafeModeExitRules(200)) - HealthyPipelineSafeModeRule rule is successfully validated
2023-08-28 09:31:13,787 [EventQueue-OpenPipelineForHealthyPipelineSafeModeRule] INFO  safemode.SCMSafeModeManager (SCMSafeModeManager.java:validateSafeModeExitRules(215)) - ScmSafeModeManager, all rules are successfully validated
2023-08-28 09:31:13,787 [EventQueue-OpenPipelineForHealthyPipelineSafeModeRule] INFO  safemode.SCMSafeModeManager (SCMSafeModeManager.java:exitSafeMode(244)) - SCM exiting safe mode.
2023-08-28 09:31:13,787 [EventQueue-OpenPipelineForHealthyPipelineSafeModeRule] INFO  ha.SCMContext (SCMContext.java:updateSafeModeStatus(228)) - Update SafeModeStatus from SafeModeStatus{safeModeStatus=true, preCheckPassed=true} to SafeModeStatus{safeModeStatus=false, preCheckPassed=true}.
2023-08-28 09:31:13,787 [EventQueue-OpenPipelineForHealthyPipelineSafeModeRule] INFO  pipeline.BackgroundPipelineCreator (BackgroundPipelineCreator.java:notifyStatusChanged(255)) - Service BackgroundPipelineCreator transitions to RUNNING.
2023-08-28 09:31:13,787 [EventQueue-OpenPipelineForHealthyPipelineSafeModeRule] INFO  BackgroundPipelineScrubber (BackgroundSCMService.java:notifyStatusChanged(82)) - Service BackgroundPipelineScrubber transitions to RUNNING.
2023-08-28 09:31:13,787 [EventQueue-OpenPipelineForHealthyPipelineSafeModeRule] INFO  ExpiredContainerReplicaOpScrubber (BackgroundSCMService.java:notifyStatusChanged(82)) - Service ExpiredContainerReplicaOpScrubber transitions to RUNNING.
2023-08-28 09:31:13,788 [EventQueue-OpenPipelineForHealthyPipelineSafeModeRule] INFO  replication.ReplicationManager (ReplicationManager.java:notifyStatusChanged(1370)) - Service ReplicationManager transitions to RUNNING.
2023-08-28 09:31:13,791 [EventQueue-OpenPipelineForHealthyPipelineSafeModeRule] WARN  balancer.ContainerBalancer (ContainerBalancer.java:shouldRun(134)) - Could not find persisted configuration for ContainerBalancer when checking if ContainerBalancer should run. ContainerBalancer should not run now.
2023-08-28 09:31:13,795 [2b44ba7e-4447-49ac-8e23-11440ea2d57e@group-BA0DE8F91112-LeaderElection7] INFO  server.RaftServerConfigKeys (ConfUtils.java:logGet(46)) - raft.server.log.appender.snapshot.chunk.size.max = 16MB (=16777216) (default)
2023-08-28 09:31:13,796 [2b44ba7e-4447-49ac-8e23-11440ea2d57e@group-BA0DE8F91112-LeaderElection7] INFO  server.RaftServerConfigKeys (ConfUtils.java:logGet(46)) - raft.server.log.appender.buffer.byte-limit = 33554432 (custom)
2023-08-28 09:31:13,796 [2b44ba7e-4447-49ac-8e23-11440ea2d57e@group-BA0DE8F91112-LeaderElection7] INFO  server.RaftServerConfigKeys (ConfUtils.java:logGet(46)) - raft.server.log.appender.buffer.element-limit = 1 (custom)
2023-08-28 09:31:13,798 [2b44ba7e-4447-49ac-8e23-11440ea2d57e@group-BA0DE8F91112-LeaderElection7] INFO  server.RaftServerConfigKeys (ConfUtils.java:logGet(46)) - raft.server.log.appender.wait-time.min = 10ms (default)
2023-08-28 09:31:13,799 [2b44ba7e-4447-49ac-8e23-11440ea2d57e@group-BA0DE8F91112-LeaderElection7] INFO  grpc.GrpcConfigKeys (ConfUtils.java:logGet(46)) - raft.grpc.server.leader.outstanding.appends.max = 128 (default)
2023-08-28 09:31:13,800 [2b44ba7e-4447-49ac-8e23-11440ea2d57e@group-BA0DE8F91112-LeaderElection7] INFO  server.RaftServerConfigKeys (ConfUtils.java:logGet(46)) - raft.server.rpc.request.timeout = 60s (custom)
2023-08-28 09:31:13,800 [2b44ba7e-4447-49ac-8e23-11440ea2d57e@group-BA0DE8F91112-LeaderElection7] INFO  grpc.GrpcConfigKeys (ConfUtils.java:logGet(46)) - raft.grpc.server.install_snapshot.request.element-limit = 8 (default)
2023-08-28 09:31:13,800 [2b44ba7e-4447-49ac-8e23-11440ea2d57e@group-BA0DE8F91112-LeaderElection7] INFO  grpc.GrpcConfigKeys (ConfUtils.java:logGet(46)) - raft.grpc.server.install_snapshot.request.timeout = 3000ms (default)
2023-08-28 09:31:13,800 [2b44ba7e-4447-49ac-8e23-11440ea2d57e@group-BA0DE8F91112-LeaderElection7] INFO  server.RaftServerConfigKeys (ConfUtils.java:logGet(46)) - raft.server.log.appender.install.snapshot.enabled = false (custom)
2023-08-28 09:31:13,800 [2b44ba7e-4447-49ac-8e23-11440ea2d57e@group-BA0DE8F91112-LeaderElection7] INFO  grpc.GrpcConfigKeys (ConfUtils.java:logGet(46)) - raft.grpc.server.heartbeat.channel = true (default)
2023-08-28 09:31:13,803 [2b44ba7e-4447-49ac-8e23-11440ea2d57e@group-BA0DE8F91112-LeaderElection7] INFO  server.RaftServerConfigKeys (ConfUtils.java:logGet(46)) - raft.server.log.appender.snapshot.chunk.size.max = 16MB (=16777216) (default)
2023-08-28 09:31:13,805 [2b44ba7e-4447-49ac-8e23-11440ea2d57e@group-BA0DE8F91112-LeaderElection7] INFO  server.RaftServerConfigKeys (ConfUtils.java:logGet(46)) - raft.server.log.appender.buffer.byte-limit = 33554432 (custom)
2023-08-28 09:31:13,805 [2b44ba7e-4447-49ac-8e23-11440ea2d57e@group-BA0DE8F91112-LeaderElection7] INFO  server.RaftServerConfigKeys (ConfUtils.java:logGet(46)) - raft.server.log.appender.buffer.element-limit = 1 (custom)
2023-08-28 09:31:13,805 [2b44ba7e-4447-49ac-8e23-11440ea2d57e@group-BA0DE8F91112-LeaderElection7] INFO  server.RaftServerConfigKeys (ConfUtils.java:logGet(46)) - raft.server.log.appender.wait-time.min = 10ms (default)
2023-08-28 09:31:13,805 [2b44ba7e-4447-49ac-8e23-11440ea2d57e@group-BA0DE8F91112-LeaderElection7] INFO  grpc.GrpcConfigKeys (ConfUtils.java:logGet(46)) - raft.grpc.server.leader.outstanding.appends.max = 128 (default)
2023-08-28 09:31:13,805 [2b44ba7e-4447-49ac-8e23-11440ea2d57e@group-BA0DE8F91112-LeaderElection7] INFO  server.RaftServerConfigKeys (ConfUtils.java:logGet(46)) - raft.server.rpc.request.timeout = 60s (custom)
2023-08-28 09:31:13,805 [2b44ba7e-4447-49ac-8e23-11440ea2d57e@group-BA0DE8F91112-LeaderElection7] INFO  grpc.GrpcConfigKeys (ConfUtils.java:logGet(46)) - raft.grpc.server.install_snapshot.request.element-limit = 8 (default)
2023-08-28 09:31:13,805 [2b44ba7e-4447-49ac-8e23-11440ea2d57e@group-BA0DE8F91112-LeaderElection7] INFO  grpc.GrpcConfigKeys (ConfUtils.java:logGet(46)) - raft.grpc.server.install_snapshot.request.timeout = 3000ms (default)
2023-08-28 09:31:13,805 [2b44ba7e-4447-49ac-8e23-11440ea2d57e@group-BA0DE8F91112-LeaderElection7] INFO  server.RaftServerConfigKeys (ConfUtils.java:logGet(46)) - raft.server.log.appender.install.snapshot.enabled = false (custom)
2023-08-28 09:31:13,805 [2b44ba7e-4447-49ac-8e23-11440ea2d57e@group-BA0DE8F91112-LeaderElection7] INFO  grpc.GrpcConfigKeys (ConfUtils.java:logGet(46)) - raft.grpc.server.heartbeat.channel = true (default)
2023-08-28 09:31:13,806 [2b44ba7e-4447-49ac-8e23-11440ea2d57e@group-BA0DE8F91112-LeaderElection7] INFO  impl.RoleInfo (RoleInfo.java:updateAndGet(139)) - 2b44ba7e-4447-49ac-8e23-11440ea2d57e: start 2b44ba7e-4447-49ac-8e23-11440ea2d57e@group-BA0DE8F91112-LeaderStateImpl
2023-08-28 09:31:13,807 [2b44ba7e-4447-49ac-8e23-11440ea2d57e@group-BA0DE8F91112-LeaderElection7] INFO  segmented.SegmentedRaftLogWorker (SegmentedRaftLogWorker.java:startLogSegment(447)) - 2b44ba7e-4447-49ac-8e23-11440ea2d57e@group-BA0DE8F91112-SegmentedRaftLogWorker: Starting segment from index:0
2023-08-28 09:31:13,809 [2b44ba7e-4447-49ac-8e23-11440ea2d57e@group-BA0DE8F91112-SegmentedRaftLogWorker] INFO  segmented.SegmentedRaftLogWorker (SegmentedRaftLogWorker.java:execute(651)) - 2b44ba7e-4447-49ac-8e23-11440ea2d57e@group-BA0DE8F91112-SegmentedRaftLogWorker: created new log segment /home/runner/work/ozone/ozone/hadoop-ozone/integration-test/target/test-dir/MiniOzoneClusterImpl-56d16ed0-cc7e-4f87-bd63-81d84e7eb885/datanode-0/data/ratis/9e682222-9aa6-4020-964b-ba0de8f91112/current/log_inprogress_0
2023-08-28 09:31:13,817 [2b44ba7e-4447-49ac-8e23-11440ea2d57e@group-BA0DE8F91112-LeaderElection7] INFO  server.RaftServer$Division (ServerState.java:setRaftConf(434)) - 2b44ba7e-4447-49ac-8e23-11440ea2d57e@group-BA0DE8F91112: set configuration 0: peers:[dcc8ddaa-5db1-4c5e-85ac-81412a5c6050|rpc:10.1.0.27:15023|admin:10.1.0.27:15022|client:10.1.0.27:15021|dataStream:10.1.0.27:15024|priority:0|startupRole:FOLLOWER, 4beee146-73ae-4cd4-94a1-e1eb5fcd7f02|rpc:10.1.0.27:15032|admin:10.1.0.27:15031|client:10.1.0.27:15030|dataStream:10.1.0.27:15033|priority:0|startupRole:FOLLOWER, 2b44ba7e-4447-49ac-8e23-11440ea2d57e|rpc:10.1.0.27:15014|admin:10.1.0.27:15013|client:10.1.0.27:15012|dataStream:10.1.0.27:15015|priority:1|startupRole:FOLLOWER]|listeners:[], old=null
2023-08-28 09:31:13,827 [4beee146-73ae-4cd4-94a1-e1eb5fcd7f02@group-A270CD0B37D7-FollowerState] INFO  impl.FollowerState (FollowerState.java:run(143)) - 4beee146-73ae-4cd4-94a1-e1eb5fcd7f02@group-A270CD0B37D7-FollowerState: change to CANDIDATE, lastRpcElapsedTime:5197369780ns, electionTimeout:5181ms
2023-08-28 09:31:13,827 [4beee146-73ae-4cd4-94a1-e1eb5fcd7f02@group-A270CD0B37D7-FollowerState] INFO  impl.RoleInfo (RoleInfo.java:shutdownFollowerState(110)) - 4beee146-73ae-4cd4-94a1-e1eb5fcd7f02: shutdown 4beee146-73ae-4cd4-94a1-e1eb5fcd7f02@group-A270CD0B37D7-FollowerState
2023-08-28 09:31:13,827 [4beee146-73ae-4cd4-94a1-e1eb5fcd7f02@group-A270CD0B37D7-FollowerState] INFO  server.RaftServer$Division (RaftServerImpl.java:setRole(329)) - 4beee146-73ae-4cd4-94a1-e1eb5fcd7f02@group-A270CD0B37D7: changes role from  FOLLOWER to CANDIDATE at term 0 for changeToCandidate
2023-08-28 09:31:13,828 [4beee146-73ae-4cd4-94a1-e1eb5fcd7f02@group-A270CD0B37D7-FollowerState] INFO  server.RaftServerConfigKeys (ConfUtils.java:logGet(46)) - raft.server.leaderelection.pre-vote = true (default)
2023-08-28 09:31:13,828 [4beee146-73ae-4cd4-94a1-e1eb5fcd7f02@group-A270CD0B37D7-FollowerState] INFO  impl.RoleInfo (RoleInfo.java:updateAndGet(139)) - 4beee146-73ae-4cd4-94a1-e1eb5fcd7f02: start 4beee146-73ae-4cd4-94a1-e1eb5fcd7f02@group-A270CD0B37D7-LeaderElection8
2023-08-28 09:31:13,837 [4beee146-73ae-4cd4-94a1-e1eb5fcd7f02@group-A270CD0B37D7-LeaderElection8] INFO  impl.LeaderElection (LeaderElection.java:askForVotes(321)) - 4beee146-73ae-4cd4-94a1-e1eb5fcd7f02@group-A270CD0B37D7-LeaderElection8 PRE_VOTE round 0: submit vote requests at term 0 for -1: peers:[dcc8ddaa-5db1-4c5e-85ac-81412a5c6050|rpc:10.1.0.27:15023|admin:10.1.0.27:15022|client:10.1.0.27:15021|dataStream:10.1.0.27:15024|priority:0|startupRole:FOLLOWER, 4beee146-73ae-4cd4-94a1-e1eb5fcd7f02|rpc:10.1.0.27:15032|admin:10.1.0.27:15031|client:10.1.0.27:15030|dataStream:10.1.0.27:15033|priority:1|startupRole:FOLLOWER, 2b44ba7e-4447-49ac-8e23-11440ea2d57e|rpc:10.1.0.27:15014|admin:10.1.0.27:15013|client:10.1.0.27:15012|dataStream:10.1.0.27:15015|priority:0|startupRole:FOLLOWER]|listeners:[], old=null
2023-08-28 09:31:13,848 [760c1559-1b0a-45ac-b6d7-a51714e01488@group-AC964504DB78-FollowerState] INFO  impl.FollowerState (FollowerState.java:run(143)) - 760c1559-1b0a-45ac-b6d7-a51714e01488@group-AC964504DB78-FollowerState: change to CANDIDATE, lastRpcElapsedTime:5056827150ns, electionTimeout:5044ms
2023-08-28 09:31:13,854 [760c1559-1b0a-45ac-b6d7-a51714e01488@group-AC964504DB78-FollowerState] INFO  impl.RoleInfo (RoleInfo.java:shutdownFollowerState(110)) - 760c1559-1b0a-45ac-b6d7-a51714e01488: shutdown 760c1559-1b0a-45ac-b6d7-a51714e01488@group-AC964504DB78-FollowerState
2023-08-28 09:31:13,855 [760c1559-1b0a-45ac-b6d7-a51714e01488@group-AC964504DB78-FollowerState] INFO  server.RaftServer$Division (RaftServerImpl.java:setRole(329)) - 760c1559-1b0a-45ac-b6d7-a51714e01488@group-AC964504DB78: changes role from  FOLLOWER to CANDIDATE at term 0 for changeToCandidate
2023-08-28 09:31:13,868 [4beee146-73ae-4cd4-94a1-e1eb5fcd7f02@group-A270CD0B37D7-LeaderElection8-1] INFO  server.GrpcServerProtocolClient (GrpcServerProtocolClient.java:<init>(65)) - Build channel for dcc8ddaa-5db1-4c5e-85ac-81412a5c6050
2023-08-28 09:31:13,872 [4beee146-73ae-4cd4-94a1-e1eb5fcd7f02@group-A270CD0B37D7-LeaderElection8] INFO  server.RaftServerConfigKeys (ConfUtils.java:logFallback(53)) - raft.server.rpc.first-election.timeout.min = 5s (fallback to raft.server.rpc.timeout.min)
2023-08-28 09:31:13,879 [4beee146-73ae-4cd4-94a1-e1eb5fcd7f02@group-A270CD0B37D7-LeaderElection8] INFO  server.RaftServerConfigKeys (ConfUtils.java:logFallback(53)) - raft.server.rpc.first-election.timeout.max = 5200ms (fallback to raft.server.rpc.timeout.max)
2023-08-28 09:31:13,880 [4beee146-73ae-4cd4-94a1-e1eb5fcd7f02-server-thread1] INFO  ratis.XceiverServerRatis (XceiverServerRatis.java:handleLeaderChangedNotification(902)) - Leader change notification received for group: group-BA0DE8F91112 with new leaderId: 2b44ba7e-4447-49ac-8e23-11440ea2d57e
2023-08-28 09:31:13,880 [4beee146-73ae-4cd4-94a1-e1eb5fcd7f02-server-thread1] INFO  server.RaftServer$Division (ServerState.java:setLeader(317)) - 4beee146-73ae-4cd4-94a1-e1eb5fcd7f02@group-BA0DE8F91112: change Leader from null to 2b44ba7e-4447-49ac-8e23-11440ea2d57e at term 1 for appendEntries, leader elected after 5231ms
2023-08-28 09:31:13,881 [760c1559-1b0a-45ac-b6d7-a51714e01488@group-AC964504DB78-FollowerState] INFO  server.RaftServerConfigKeys (ConfUtils.java:logGet(46)) - raft.server.leaderelection.pre-vote = true (default)
2023-08-28 09:31:13,881 [760c1559-1b0a-45ac-b6d7-a51714e01488@group-AC964504DB78-FollowerState] INFO  impl.RoleInfo (RoleInfo.java:updateAndGet(139)) - 760c1559-1b0a-45ac-b6d7-a51714e01488: start 760c1559-1b0a-45ac-b6d7-a51714e01488@group-AC964504DB78-LeaderElection9
2023-08-28 09:31:13,882 [dcc8ddaa-5db1-4c5e-85ac-81412a5c6050-server-thread2] INFO  ratis.XceiverServerRatis (XceiverServerRatis.java:handleLeaderChangedNotification(902)) - Leader change notification received for group: group-BA0DE8F91112 with new leaderId: 2b44ba7e-4447-49ac-8e23-11440ea2d57e
2023-08-28 09:31:13,882 [dcc8ddaa-5db1-4c5e-85ac-81412a5c6050-server-thread2] INFO  server.RaftServer$Division (ServerState.java:setLeader(317)) - dcc8ddaa-5db1-4c5e-85ac-81412a5c6050@group-BA0DE8F91112: change Leader from null to 2b44ba7e-4447-49ac-8e23-11440ea2d57e at term 1 for appendEntries, leader elected after 5733ms
2023-08-28 09:31:13,883 [4beee146-73ae-4cd4-94a1-e1eb5fcd7f02@group-A270CD0B37D7-LeaderElection8-2] INFO  server.GrpcServerProtocolClient (GrpcServerProtocolClient.java:<init>(65)) - Build channel for 2b44ba7e-4447-49ac-8e23-11440ea2d57e
2023-08-28 09:31:13,887 [760c1559-1b0a-45ac-b6d7-a51714e01488@group-AC964504DB78-LeaderElection9] INFO  impl.LeaderElection (LeaderElection.java:askForVotes(321)) - 760c1559-1b0a-45ac-b6d7-a51714e01488@group-AC964504DB78-LeaderElection9 PRE_VOTE round 0: submit vote requests at term 0 for -1: peers:[760c1559-1b0a-45ac-b6d7-a51714e01488|rpc:10.1.0.27:15041|admin:10.1.0.27:15040|client:10.1.0.27:15039|dataStream:10.1.0.27:15042|priority:1|startupRole:FOLLOWER]|listeners:[], old=null
2023-08-28 09:31:13,887 [760c1559-1b0a-45ac-b6d7-a51714e01488@group-AC964504DB78-LeaderElection9] INFO  impl.LeaderElection (LeaderElection.java:askForVotes(323)) - 760c1559-1b0a-45ac-b6d7-a51714e01488@group-AC964504DB78-LeaderElection9 PRE_VOTE round 0: result PASSED (term=0)
2023-08-28 09:31:13,889 [760c1559-1b0a-45ac-b6d7-a51714e01488@group-AC964504DB78-LeaderElection9] INFO  impl.LeaderElection (LeaderElection.java:askForVotes(321)) - 760c1559-1b0a-45ac-b6d7-a51714e01488@group-AC964504DB78-LeaderElection9 ELECTION round 0: submit vote requests at term 1 for -1: peers:[760c1559-1b0a-45ac-b6d7-a51714e01488|rpc:10.1.0.27:15041|admin:10.1.0.27:15040|client:10.1.0.27:15039|dataStream:10.1.0.27:15042|priority:1|startupRole:FOLLOWER]|listeners:[], old=null
2023-08-28 09:31:13,889 [760c1559-1b0a-45ac-b6d7-a51714e01488@group-AC964504DB78-LeaderElection9] INFO  impl.LeaderElection (LeaderElection.java:askForVotes(323)) - 760c1559-1b0a-45ac-b6d7-a51714e01488@group-AC964504DB78-LeaderElection9 ELECTION round 0: result PASSED (term=1)
2023-08-28 09:31:13,889 [760c1559-1b0a-45ac-b6d7-a51714e01488@group-AC964504DB78-LeaderElection9] INFO  impl.RoleInfo (RoleInfo.java:shutdownLeaderElection(130)) - 760c1559-1b0a-45ac-b6d7-a51714e01488: shutdown 760c1559-1b0a-45ac-b6d7-a51714e01488@group-AC964504DB78-LeaderElection9
2023-08-28 09:31:13,889 [760c1559-1b0a-45ac-b6d7-a51714e01488@group-AC964504DB78-LeaderElection9] INFO  server.RaftServer$Division (RaftServerImpl.java:setRole(329)) - 760c1559-1b0a-45ac-b6d7-a51714e01488@group-AC964504DB78: changes role from CANDIDATE to LEADER at term 1 for changeToLeader
2023-08-28 09:31:13,889 [760c1559-1b0a-45ac-b6d7-a51714e01488@group-AC964504DB78-LeaderElection9] INFO  ratis.XceiverServerRatis (XceiverServerRatis.java:handleLeaderChangedNotification(902)) - Leader change notification received for group: group-AC964504DB78 with new leaderId: 760c1559-1b0a-45ac-b6d7-a51714e01488
2023-08-28 09:31:13,889 [dcc8ddaa-5db1-4c5e-85ac-81412a5c6050-server-thread2] INFO  server.RaftServer$Division (ServerState.java:setRaftConf(434)) - dcc8ddaa-5db1-4c5e-85ac-81412a5c6050@group-BA0DE8F91112: set configuration 0: peers:[dcc8ddaa-5db1-4c5e-85ac-81412a5c6050|rpc:10.1.0.27:15023|admin:10.1.0.27:15022|client:10.1.0.27:15021|dataStream:10.1.0.27:15024|priority:0|startupRole:FOLLOWER, 4beee146-73ae-4cd4-94a1-e1eb5fcd7f02|rpc:10.1.0.27:15032|admin:10.1.0.27:15031|client:10.1.0.27:15030|dataStream:10.1.0.27:15033|priority:0|startupRole:FOLLOWER, 2b44ba7e-4447-49ac-8e23-11440ea2d57e|rpc:10.1.0.27:15014|admin:10.1.0.27:15013|client:10.1.0.27:15012|dataStream:10.1.0.27:15015|priority:1|startupRole:FOLLOWER]|listeners:[], old=null
2023-08-28 09:31:13,890 [dcc8ddaa-5db1-4c5e-85ac-81412a5c6050-server-thread2] INFO  segmented.SegmentedRaftLogWorker (SegmentedRaftLogWorker.java:startLogSegment(447)) - dcc8ddaa-5db1-4c5e-85ac-81412a5c6050@group-BA0DE8F91112-SegmentedRaftLogWorker: Starting segment from index:0
2023-08-28 09:31:13,889 [760c1559-1b0a-45ac-b6d7-a51714e01488@group-AC964504DB78-LeaderElection9] INFO  server.RaftServer$Division (ServerState.java:setLeader(317)) - 760c1559-1b0a-45ac-b6d7-a51714e01488@group-AC964504DB78: change Leader from null to 760c1559-1b0a-45ac-b6d7-a51714e01488 at term 1 for becomeLeader, leader elected after 5135ms
2023-08-28 09:31:13,892 [760c1559-1b0a-45ac-b6d7-a51714e01488@group-AC964504DB78-LeaderElection9] INFO  server.RaftServerConfigKeys (ConfUtils.java:logGet(46)) - raft.server.staging.catchup.gap = 1000 (default)
2023-08-28 09:31:13,894 [760c1559-1b0a-45ac-b6d7-a51714e01488@group-AC964504DB78-LeaderElection9] INFO  server.RaftServerConfigKeys (ConfUtils.java:logGet(46)) - raft.server.write.element-limit = 1024 (custom)
2023-08-28 09:31:13,894 [760c1559-1b0a-45ac-b6d7-a51714e01488@group-AC964504DB78-LeaderElection9] INFO  server.RaftServerConfigKeys (ConfUtils.java:logGet(46)) - raft.server.write.byte-limit = 1024 M (=1073741824) (custom)
2023-08-28 09:31:13,894 [760c1559-1b0a-45ac-b6d7-a51714e01488@group-AC964504DB78-LeaderElection9] INFO  server.RaftServerConfigKeys (ConfUtils.java:logGet(46)) - raft.server.watch.timeout = 180s (custom)
2023-08-28 09:31:13,895 [760c1559-1b0a-45ac-b6d7-a51714e01488@group-AC964504DB78-LeaderElection9] INFO  server.RaftServerConfigKeys (ConfUtils.java:logGet(46)) - raft.server.watch.timeout.denomination = 1s (default)
2023-08-28 09:31:13,895 [760c1559-1b0a-45ac-b6d7-a51714e01488@group-AC964504DB78-LeaderElection9] INFO  server.RaftServerConfigKeys (ConfUtils.java:logGet(46)) - raft.server.watch.element-limit = 65536 (default)
2023-08-28 09:31:13,895 [760c1559-1b0a-45ac-b6d7-a51714e01488@group-AC964504DB78-LeaderElection9] INFO  server.RaftServerConfigKeys (ConfUtils.java:logGet(46)) - raft.server.write.element-limit = 1024 (custom)
2023-08-28 09:31:13,895 [760c1559-1b0a-45ac-b6d7-a51714e01488@group-AC964504DB78-LeaderElection9] INFO  server.RaftServerConfigKeys (ConfUtils.java:logGet(46)) - raft.server.write.follower.gap.ratio.max = -1.0 (default)
2023-08-28 09:31:13,895 [760c1559-1b0a-45ac-b6d7-a51714e01488@group-AC964504DB78-LeaderElection9] INFO  impl.RoleInfo (RoleInfo.java:updateAndGet(139)) - 760c1559-1b0a-45ac-b6d7-a51714e01488: start 760c1559-1b0a-45ac-b6d7-a51714e01488@group-AC964504DB78-LeaderStateImpl
2023-08-28 09:31:13,895 [760c1559-1b0a-45ac-b6d7-a51714e01488@group-AC964504DB78-LeaderElection9] INFO  segmented.SegmentedRaftLogWorker (SegmentedRaftLogWorker.java:startLogSegment(447)) - 760c1559-1b0a-45ac-b6d7-a51714e01488@group-AC964504DB78-SegmentedRaftLogWorker: Starting segment from index:0
2023-08-28 09:31:13,902 [760c1559-1b0a-45ac-b6d7-a51714e01488@group-AC964504DB78-SegmentedRaftLogWorker] INFO  segmented.SegmentedRaftLogWorker (SegmentedRaftLogWorker.java:execute(651)) - 760c1559-1b0a-45ac-b6d7-a51714e01488@group-AC964504DB78-SegmentedRaftLogWorker: created new log segment /home/runner/work/ozone/ozone/hadoop-ozone/integration-test/target/test-dir/MiniOzoneClusterImpl-56d16ed0-cc7e-4f87-bd63-81d84e7eb885/datanode-3/data/ratis/4a2cde65-6871-4f45-acd0-ac964504db78/current/log_inprogress_0
2023-08-28 09:31:13,902 [4beee146-73ae-4cd4-94a1-e1eb5fcd7f02-server-thread3] INFO  server.RaftServer$Division (ServerState.java:setRaftConf(434)) - 4beee146-73ae-4cd4-94a1-e1eb5fcd7f02@group-BA0DE8F91112: set configuration 0: peers:[dcc8ddaa-5db1-4c5e-85ac-81412a5c6050|rpc:10.1.0.27:15023|admin:10.1.0.27:15022|client:10.1.0.27:15021|dataStream:10.1.0.27:15024|priority:0|startupRole:FOLLOWER, 4beee146-73ae-4cd4-94a1-e1eb5fcd7f02|rpc:10.1.0.27:15032|admin:10.1.0.27:15031|client:10.1.0.27:15030|dataStream:10.1.0.27:15033|priority:0|startupRole:FOLLOWER, 2b44ba7e-4447-49ac-8e23-11440ea2d57e|rpc:10.1.0.27:15014|admin:10.1.0.27:15013|client:10.1.0.27:15012|dataStream:10.1.0.27:15015|priority:1|startupRole:FOLLOWER]|listeners:[], old=null
2023-08-28 09:31:13,903 [4beee146-73ae-4cd4-94a1-e1eb5fcd7f02-server-thread3] INFO  segmented.SegmentedRaftLogWorker (SegmentedRaftLogWorker.java:startLogSegment(447)) - 4beee146-73ae-4cd4-94a1-e1eb5fcd7f02@group-BA0DE8F91112-SegmentedRaftLogWorker: Starting segment from index:0
2023-08-28 09:31:13,905 [4beee146-73ae-4cd4-94a1-e1eb5fcd7f02@group-BA0DE8F91112-SegmentedRaftLogWorker] INFO  segmented.SegmentedRaftLogWorker (SegmentedRaftLogWorker.java:execute(651)) - 4beee146-73ae-4cd4-94a1-e1eb5fcd7f02@group-BA0DE8F91112-SegmentedRaftLogWorker: created new log segment /home/runner/work/ozone/ozone/hadoop-ozone/integration-test/target/test-dir/MiniOzoneClusterImpl-56d16ed0-cc7e-4f87-bd63-81d84e7eb885/datanode-2/data/ratis/9e682222-9aa6-4020-964b-ba0de8f91112/current/log_inprogress_0
2023-08-28 09:31:13,908 [760c1559-1b0a-45ac-b6d7-a51714e01488@group-AC964504DB78-LeaderElection9] INFO  server.RaftServer$Division (ServerState.java:setRaftConf(434)) - 760c1559-1b0a-45ac-b6d7-a51714e01488@group-AC964504DB78: set configuration 0: peers:[760c1559-1b0a-45ac-b6d7-a51714e01488|rpc:10.1.0.27:15041|admin:10.1.0.27:15040|client:10.1.0.27:15039|dataStream:10.1.0.27:15042|priority:1|startupRole:FOLLOWER]|listeners:[], old=null
2023-08-28 09:31:13,910 [dcc8ddaa-5db1-4c5e-85ac-81412a5c6050@group-BA0DE8F91112-SegmentedRaftLogWorker] INFO  segmented.SegmentedRaftLogWorker (SegmentedRaftLogWorker.java:execute(651)) - dcc8ddaa-5db1-4c5e-85ac-81412a5c6050@group-BA0DE8F91112-SegmentedRaftLogWorker: created new log segment /home/runner/work/ozone/ozone/hadoop-ozone/integration-test/target/test-dir/MiniOzoneClusterImpl-56d16ed0-cc7e-4f87-bd63-81d84e7eb885/datanode-1/data/ratis/9e682222-9aa6-4020-964b-ba0de8f91112/current/log_inprogress_0
2023-08-28 09:31:13,925 [grpc-default-executor-3] INFO  server.RaftServer$Division (RaftServerImpl.java:requestVote(1302)) - 2b44ba7e-4447-49ac-8e23-11440ea2d57e@group-A270CD0B37D7: receive requestVote(PRE_VOTE, 4beee146-73ae-4cd4-94a1-e1eb5fcd7f02, group-A270CD0B37D7, 0, (t:0, i:0))
2023-08-28 09:31:13,925 [grpc-default-executor-3] INFO  impl.VoteContext (VoteContext.java:log(49)) - 2b44ba7e-4447-49ac-8e23-11440ea2d57e@group-A270CD0B37D7-FOLLOWER: accept PRE_VOTE from 4beee146-73ae-4cd4-94a1-e1eb5fcd7f02: our priority 0 <= candidate's priority 1
2023-08-28 09:31:13,925 [grpc-default-executor-3] INFO  server.RaftServer$Division (RaftServerImpl.java:requestVote(1335)) - 2b44ba7e-4447-49ac-8e23-11440ea2d57e@group-A270CD0B37D7 replies to PRE_VOTE vote request: 4beee146-73ae-4cd4-94a1-e1eb5fcd7f02<-2b44ba7e-4447-49ac-8e23-11440ea2d57e#0:OK-t0. Peer's state: 2b44ba7e-4447-49ac-8e23-11440ea2d57e@group-A270CD0B37D7:t0, leader=null, voted=, raftlog=Memoized:2b44ba7e-4447-49ac-8e23-11440ea2d57e@group-A270CD0B37D7-SegmentedRaftLog:OPENED:c-1, conf=-1: peers:[dcc8ddaa-5db1-4c5e-85ac-81412a5c6050|rpc:10.1.0.27:15023|admin:10.1.0.27:15022|client:10.1.0.27:15021|dataStream:10.1.0.27:15024|priority:0|startupRole:FOLLOWER, 4beee146-73ae-4cd4-94a1-e1eb5fcd7f02|rpc:10.1.0.27:15032|admin:10.1.0.27:15031|client:10.1.0.27:15030|dataStream:10.1.0.27:15033|priority:1|startupRole:FOLLOWER, 2b44ba7e-4447-49ac-8e23-11440ea2d57e|rpc:10.1.0.27:15014|admin:10.1.0.27:15013|client:10.1.0.27:15012|dataStream:10.1.0.27:15015|priority:0|startupRole:FOLLOWER]|listeners:[], old=null
2023-08-28 09:31:13,926 [grpc-default-executor-1] INFO  server.RaftServer$Division (RaftServerImpl.java:requestVote(1302)) - dcc8ddaa-5db1-4c5e-85ac-81412a5c6050@group-A270CD0B37D7: receive requestVote(PRE_VOTE, 4beee146-73ae-4cd4-94a1-e1eb5fcd7f02, group-A270CD0B37D7, 0, (t:0, i:0))
2023-08-28 09:31:13,926 [grpc-default-executor-1] INFO  impl.VoteContext (VoteContext.java:log(49)) - dcc8ddaa-5db1-4c5e-85ac-81412a5c6050@group-A270CD0B37D7-FOLLOWER: accept PRE_VOTE from 4beee146-73ae-4cd4-94a1-e1eb5fcd7f02: our priority 0 <= candidate's priority 1
2023-08-28 09:31:13,926 [grpc-default-executor-1] INFO  server.RaftServer$Division (RaftServerImpl.java:requestVote(1335)) - dcc8ddaa-5db1-4c5e-85ac-81412a5c6050@group-A270CD0B37D7 replies to PRE_VOTE vote request: 4beee146-73ae-4cd4-94a1-e1eb5fcd7f02<-dcc8ddaa-5db1-4c5e-85ac-81412a5c6050#0:OK-t0. Peer's state: dcc8ddaa-5db1-4c5e-85ac-81412a5c6050@group-A270CD0B37D7:t0, leader=null, voted=, raftlog=Memoized:dcc8ddaa-5db1-4c5e-85ac-81412a5c6050@group-A270CD0B37D7-SegmentedRaftLog:OPENED:c-1, conf=-1: peers:[dcc8ddaa-5db1-4c5e-85ac-81412a5c6050|rpc:10.1.0.27:15023|admin:10.1.0.27:15022|client:10.1.0.27:15021|dataStream:10.1.0.27:15024|priority:0|startupRole:FOLLOWER, 4beee146-73ae-4cd4-94a1-e1eb5fcd7f02|rpc:10.1.0.27:15032|admin:10.1.0.27:15031|client:10.1.0.27:15030|dataStream:10.1.0.27:15033|priority:1|startupRole:FOLLOWER, 2b44ba7e-4447-49ac-8e23-11440ea2d57e|rpc:10.1.0.27:15014|admin:10.1.0.27:15013|client:10.1.0.27:15012|dataStream:10.1.0.27:15015|priority:0|startupRole:FOLLOWER]|listeners:[], old=null
2023-08-28 09:31:13,928 [4beee146-73ae-4cd4-94a1-e1eb5fcd7f02@group-A270CD0B37D7-LeaderElection8] INFO  impl.LeaderElection (LeaderElection.java:logAndReturn(90)) - 4beee146-73ae-4cd4-94a1-e1eb5fcd7f02@group-A270CD0B37D7-LeaderElection8: PRE_VOTE PASSED received 1 response(s) and 0 exception(s):
2023-08-28 09:31:13,929 [4beee146-73ae-4cd4-94a1-e1eb5fcd7f02@group-A270CD0B37D7-LeaderElection8] INFO  impl.LeaderElection (LeaderElection.java:logAndReturn(94)) -   Response 0: 4beee146-73ae-4cd4-94a1-e1eb5fcd7f02<-2b44ba7e-4447-49ac-8e23-11440ea2d57e#0:OK-t0
2023-08-28 09:31:13,929 [4beee146-73ae-4cd4-94a1-e1eb5fcd7f02@group-A270CD0B37D7-LeaderElection8] INFO  impl.LeaderElection (LeaderElection.java:askForVotes(323)) - 4beee146-73ae-4cd4-94a1-e1eb5fcd7f02@group-A270CD0B37D7-LeaderElection8 PRE_VOTE round 0: result PASSED
2023-08-28 09:31:13,931 [4beee146-73ae-4cd4-94a1-e1eb5fcd7f02@group-A270CD0B37D7-LeaderElection8] INFO  impl.LeaderElection (LeaderElection.java:askForVotes(321)) - 4beee146-73ae-4cd4-94a1-e1eb5fcd7f02@group-A270CD0B37D7-LeaderElection8 ELECTION round 0: submit vote requests at term 1 for -1: peers:[dcc8ddaa-5db1-4c5e-85ac-81412a5c6050|rpc:10.1.0.27:15023|admin:10.1.0.27:15022|client:10.1.0.27:15021|dataStream:10.1.0.27:15024|priority:0|startupRole:FOLLOWER, 4beee146-73ae-4cd4-94a1-e1eb5fcd7f02|rpc:10.1.0.27:15032|admin:10.1.0.27:15031|client:10.1.0.27:15030|dataStream:10.1.0.27:15033|priority:1|startupRole:FOLLOWER, 2b44ba7e-4447-49ac-8e23-11440ea2d57e|rpc:10.1.0.27:15014|admin:10.1.0.27:15013|client:10.1.0.27:15012|dataStream:10.1.0.27:15015|priority:0|startupRole:FOLLOWER]|listeners:[], old=null
2023-08-28 09:31:13,931 [4beee146-73ae-4cd4-94a1-e1eb5fcd7f02@group-A270CD0B37D7-LeaderElection8] INFO  server.RaftServerConfigKeys (ConfUtils.java:logFallback(53)) - raft.server.rpc.first-election.timeout.min = 5s (fallback to raft.server.rpc.timeout.min)
2023-08-28 09:31:13,932 [4beee146-73ae-4cd4-94a1-e1eb5fcd7f02@group-A270CD0B37D7-LeaderElection8] INFO  server.RaftServerConfigKeys (ConfUtils.java:logFallback(53)) - raft.server.rpc.first-election.timeout.max = 5200ms (fallback to raft.server.rpc.timeout.max)
2023-08-28 09:31:13,934 [grpc-default-executor-1] INFO  server.RaftServer$Division (RaftServerImpl.java:requestVote(1302)) - 2b44ba7e-4447-49ac-8e23-11440ea2d57e@group-A270CD0B37D7: receive requestVote(ELECTION, 4beee146-73ae-4cd4-94a1-e1eb5fcd7f02, group-A270CD0B37D7, 1, (t:0, i:0))
2023-08-28 09:31:13,934 [grpc-default-executor-1] INFO  impl.VoteContext (VoteContext.java:log(49)) - 2b44ba7e-4447-49ac-8e23-11440ea2d57e@group-A270CD0B37D7-FOLLOWER: accept ELECTION from 4beee146-73ae-4cd4-94a1-e1eb5fcd7f02: our priority 0 <= candidate's priority 1
2023-08-28 09:31:13,934 [grpc-default-executor-1] INFO  server.RaftServer$Division (RaftServerImpl.java:setRole(329)) - 2b44ba7e-4447-49ac-8e23-11440ea2d57e@group-A270CD0B37D7: changes role from  FOLLOWER to FOLLOWER at term 1 for candidate:4beee146-73ae-4cd4-94a1-e1eb5fcd7f02
2023-08-28 09:31:13,935 [grpc-default-executor-1] INFO  impl.RoleInfo (RoleInfo.java:shutdownFollowerState(110)) - 2b44ba7e-4447-49ac-8e23-11440ea2d57e: shutdown 2b44ba7e-4447-49ac-8e23-11440ea2d57e@group-A270CD0B37D7-FollowerState
2023-08-28 09:31:13,935 [grpc-default-executor-1] INFO  impl.RoleInfo (RoleInfo.java:updateAndGet(139)) - 2b44ba7e-4447-49ac-8e23-11440ea2d57e: start 2b44ba7e-4447-49ac-8e23-11440ea2d57e@group-A270CD0B37D7-FollowerState
2023-08-28 09:31:13,935 [2b44ba7e-4447-49ac-8e23-11440ea2d57e@group-A270CD0B37D7-FollowerState] INFO  impl.FollowerState (FollowerState.java:run(152)) - 2b44ba7e-4447-49ac-8e23-11440ea2d57e@group-A270CD0B37D7-FollowerState was interrupted
2023-08-28 09:31:13,935 [grpc-default-executor-3] INFO  server.RaftServer$Division (RaftServerImpl.java:requestVote(1302)) - dcc8ddaa-5db1-4c5e-85ac-81412a5c6050@group-A270CD0B37D7: receive requestVote(ELECTION, 4beee146-73ae-4cd4-94a1-e1eb5fcd7f02, group-A270CD0B37D7, 1, (t:0, i:0))
2023-08-28 09:31:13,935 [grpc-default-executor-3] INFO  impl.VoteContext (VoteContext.java:log(49)) - dcc8ddaa-5db1-4c5e-85ac-81412a5c6050@group-A270CD0B37D7-FOLLOWER: accept ELECTION from 4beee146-73ae-4cd4-94a1-e1eb5fcd7f02: our priority 0 <= candidate's priority 1
2023-08-28 09:31:13,935 [grpc-default-executor-3] INFO  server.RaftServer$Division (RaftServerImpl.java:setRole(329)) - dcc8ddaa-5db1-4c5e-85ac-81412a5c6050@group-A270CD0B37D7: changes role from  FOLLOWER to FOLLOWER at term 1 for candidate:4beee146-73ae-4cd4-94a1-e1eb5fcd7f02
2023-08-28 09:31:13,935 [grpc-default-executor-3] INFO  impl.RoleInfo (RoleInfo.java:shutdownFollowerState(110)) - dcc8ddaa-5db1-4c5e-85ac-81412a5c6050: shutdown dcc8ddaa-5db1-4c5e-85ac-81412a5c6050@group-A270CD0B37D7-FollowerState
2023-08-28 09:31:13,936 [dcc8ddaa-5db1-4c5e-85ac-81412a5c6050@group-A270CD0B37D7-FollowerState] INFO  impl.FollowerState (FollowerState.java:run(152)) - dcc8ddaa-5db1-4c5e-85ac-81412a5c6050@group-A270CD0B37D7-FollowerState was interrupted
2023-08-28 09:31:13,938 [grpc-default-executor-1] INFO  server.RaftServer$Division (RaftServerImpl.java:requestVote(1335)) - 2b44ba7e-4447-49ac-8e23-11440ea2d57e@group-A270CD0B37D7 replies to ELECTION vote request: 4beee146-73ae-4cd4-94a1-e1eb5fcd7f02<-2b44ba7e-4447-49ac-8e23-11440ea2d57e#0:OK-t1. Peer's state: 2b44ba7e-4447-49ac-8e23-11440ea2d57e@group-A270CD0B37D7:t1, leader=null, voted=4beee146-73ae-4cd4-94a1-e1eb5fcd7f02, raftlog=Memoized:2b44ba7e-4447-49ac-8e23-11440ea2d57e@group-A270CD0B37D7-SegmentedRaftLog:OPENED:c-1, conf=-1: peers:[dcc8ddaa-5db1-4c5e-85ac-81412a5c6050|rpc:10.1.0.27:15023|admin:10.1.0.27:15022|client:10.1.0.27:15021|dataStream:10.1.0.27:15024|priority:0|startupRole:FOLLOWER, 4beee146-73ae-4cd4-94a1-e1eb5fcd7f02|rpc:10.1.0.27:15032|admin:10.1.0.27:15031|client:10.1.0.27:15030|dataStream:10.1.0.27:15033|priority:1|startupRole:FOLLOWER, 2b44ba7e-4447-49ac-8e23-11440ea2d57e|rpc:10.1.0.27:15014|admin:10.1.0.27:15013|client:10.1.0.27:15012|dataStream:10.1.0.27:15015|priority:0|startupRole:FOLLOWER]|listeners:[], old=null
2023-08-28 09:31:13,941 [4beee146-73ae-4cd4-94a1-e1eb5fcd7f02@group-A270CD0B37D7-LeaderElection8] INFO  impl.LeaderElection (LeaderElection.java:logAndReturn(90)) - 4beee146-73ae-4cd4-94a1-e1eb5fcd7f02@group-A270CD0B37D7-LeaderElection8: ELECTION PASSED received 1 response(s) and 0 exception(s):
2023-08-28 09:31:13,941 [4beee146-73ae-4cd4-94a1-e1eb5fcd7f02@group-A270CD0B37D7-LeaderElection8] INFO  impl.LeaderElection (LeaderElection.java:logAndReturn(94)) -   Response 0: 4beee146-73ae-4cd4-94a1-e1eb5fcd7f02<-2b44ba7e-4447-49ac-8e23-11440ea2d57e#0:OK-t1
2023-08-28 09:31:13,941 [4beee146-73ae-4cd4-94a1-e1eb5fcd7f02@group-A270CD0B37D7-LeaderElection8] INFO  impl.LeaderElection (LeaderElection.java:askForVotes(323)) - 4beee146-73ae-4cd4-94a1-e1eb5fcd7f02@group-A270CD0B37D7-LeaderElection8 ELECTION round 0: result PASSED
2023-08-28 09:31:13,941 [4beee146-73ae-4cd4-94a1-e1eb5fcd7f02@group-A270CD0B37D7-LeaderElection8] INFO  impl.RoleInfo (RoleInfo.java:shutdownLeaderElection(130)) - 4beee146-73ae-4cd4-94a1-e1eb5fcd7f02: shutdown 4beee146-73ae-4cd4-94a1-e1eb5fcd7f02@group-A270CD0B37D7-LeaderElection8
2023-08-28 09:31:13,941 [4beee146-73ae-4cd4-94a1-e1eb5fcd7f02@group-A270CD0B37D7-LeaderElection8] INFO  server.RaftServer$Division (RaftServerImpl.java:setRole(329)) - 4beee146-73ae-4cd4-94a1-e1eb5fcd7f02@group-A270CD0B37D7: changes role from CANDIDATE to LEADER at term 1 for changeToLeader
2023-08-28 09:31:13,941 [4beee146-73ae-4cd4-94a1-e1eb5fcd7f02@group-A270CD0B37D7-LeaderElection8] INFO  ratis.XceiverServerRatis (XceiverServerRatis.java:handleLeaderChangedNotification(902)) - Leader change notification received for group: group-A270CD0B37D7 with new leaderId: 4beee146-73ae-4cd4-94a1-e1eb5fcd7f02
2023-08-28 09:31:13,941 [4beee146-73ae-4cd4-94a1-e1eb5fcd7f02@group-A270CD0B37D7-LeaderElection8] INFO  server.RaftServer$Division (ServerState.java:setLeader(317)) - 4beee146-73ae-4cd4-94a1-e1eb5fcd7f02@group-A270CD0B37D7: change Leader from null to 4beee146-73ae-4cd4-94a1-e1eb5fcd7f02 at term 1 for becomeLeader, leader elected after 5370ms
2023-08-28 09:31:13,941 [grpc-default-executor-3] INFO  impl.RoleInfo (RoleInfo.java:updateAndGet(139)) - dcc8ddaa-5db1-4c5e-85ac-81412a5c6050: start dcc8ddaa-5db1-4c5e-85ac-81412a5c6050@group-A270CD0B37D7-FollowerState
2023-08-28 09:31:13,942 [4beee146-73ae-4cd4-94a1-e1eb5fcd7f02@group-A270CD0B37D7-LeaderElection8] INFO  server.RaftServerConfigKeys (ConfUtils.java:logGet(46)) - raft.server.staging.catchup.gap = 1000 (default)
2023-08-28 09:31:13,950 [EventQueue-PipelineReportForPipelineReportHandler] INFO  pipeline.PipelineReportHandler (PipelineReportHandler.java:processPipelineReport(136)) - Opened pipeline PipelineID=78412001-a398-40cc-81dd-a270cd0b37d7
2023-08-28 09:31:13,951 [4beee146-73ae-4cd4-94a1-e1eb5fcd7f02@group-A270CD0B37D7-LeaderElection8] INFO  server.RaftServerConfigKeys (ConfUtils.java:logGet(46)) - raft.server.write.element-limit = 1024 (custom)
2023-08-28 09:31:13,951 [4beee146-73ae-4cd4-94a1-e1eb5fcd7f02@group-A270CD0B37D7-LeaderElection8] INFO  server.RaftServerConfigKeys (ConfUtils.java:logGet(46)) - raft.server.write.byte-limit = 1024 M (=1073741824) (custom)
2023-08-28 09:31:13,951 [4beee146-73ae-4cd4-94a1-e1eb5fcd7f02@group-A270CD0B37D7-LeaderElection8] INFO  server.RaftServerConfigKeys (ConfUtils.java:logGet(46)) - raft.server.watch.timeout = 180s (custom)
2023-08-28 09:31:13,951 [4beee146-73ae-4cd4-94a1-e1eb5fcd7f02@group-A270CD0B37D7-LeaderElection8] INFO  server.RaftServerConfigKeys (ConfUtils.java:logGet(46)) - raft.server.watch.timeout.denomination = 1s (default)
2023-08-28 09:31:13,951 [4beee146-73ae-4cd4-94a1-e1eb5fcd7f02@group-A270CD0B37D7-LeaderElection8] INFO  server.RaftServerConfigKeys (ConfUtils.java:logGet(46)) - raft.server.watch.element-limit = 65536 (default)
2023-08-28 09:31:13,951 [4beee146-73ae-4cd4-94a1-e1eb5fcd7f02@group-A270CD0B37D7-LeaderElection8] INFO  server.RaftServerConfigKeys (ConfUtils.java:logGet(46)) - raft.server.write.element-limit = 1024 (custom)
2023-08-28 09:31:13,951 [4beee146-73ae-4cd4-94a1-e1eb5fcd7f02@group-A270CD0B37D7-LeaderElection8] INFO  server.RaftServerConfigKeys (ConfUtils.java:logGet(46)) - raft.server.write.follower.gap.ratio.max = -1.0 (default)
2023-08-28 09:31:13,952 [grpc-default-executor-3] INFO  server.RaftServer$Division (RaftServerImpl.java:requestVote(1335)) - dcc8ddaa-5db1-4c5e-85ac-81412a5c6050@group-A270CD0B37D7 replies to ELECTION vote request: 4beee146-73ae-4cd4-94a1-e1eb5fcd7f02<-dcc8ddaa-5db1-4c5e-85ac-81412a5c6050#0:OK-t1. Peer's state: dcc8ddaa-5db1-4c5e-85ac-81412a5c6050@group-A270CD0B37D7:t1, leader=null, voted=4beee146-73ae-4cd4-94a1-e1eb5fcd7f02, raftlog=Memoized:dcc8ddaa-5db1-4c5e-85ac-81412a5c6050@group-A270CD0B37D7-SegmentedRaftLog:OPENED:c-1, conf=-1: peers:[dcc8ddaa-5db1-4c5e-85ac-81412a5c6050|rpc:10.1.0.27:15023|admin:10.1.0.27:15022|client:10.1.0.27:15021|dataStream:10.1.0.27:15024|priority:0|startupRole:FOLLOWER, 4beee146-73ae-4cd4-94a1-e1eb5fcd7f02|rpc:10.1.0.27:15032|admin:10.1.0.27:15031|client:10.1.0.27:15030|dataStream:10.1.0.27:15033|priority:1|startupRole:FOLLOWER, 2b44ba7e-4447-49ac-8e23-11440ea2d57e|rpc:10.1.0.27:15014|admin:10.1.0.27:15013|client:10.1.0.27:15012|dataStream:10.1.0.27:15015|priority:0|startupRole:FOLLOWER]|listeners:[], old=null
2023-08-28 09:31:13,957 [4beee146-73ae-4cd4-94a1-e1eb5fcd7f02@group-A270CD0B37D7-LeaderElection8] INFO  server.RaftServerConfigKeys (ConfUtils.java:logGet(46)) - raft.server.log.appender.snapshot.chunk.size.max = 16MB (=16777216) (default)
2023-08-28 09:31:13,957 [4beee146-73ae-4cd4-94a1-e1eb5fcd7f02@group-A270CD0B37D7-LeaderElection8] INFO  server.RaftServerConfigKeys (ConfUtils.java:logGet(46)) - raft.server.log.appender.buffer.byte-limit = 33554432 (custom)
2023-08-28 09:31:13,957 [4beee146-73ae-4cd4-94a1-e1eb5fcd7f02@group-A270CD0B37D7-LeaderElection8] INFO  server.RaftServerConfigKeys (ConfUtils.java:logGet(46)) - raft.server.log.appender.buffer.element-limit = 1 (custom)
2023-08-28 09:31:13,957 [4beee146-73ae-4cd4-94a1-e1eb5fcd7f02@group-A270CD0B37D7-LeaderElection8] INFO  server.RaftServerConfigKeys (ConfUtils.java:logGet(46)) - raft.server.log.appender.wait-time.min = 10ms (default)
2023-08-28 09:31:13,957 [4beee146-73ae-4cd4-94a1-e1eb5fcd7f02@group-A270CD0B37D7-LeaderElection8] INFO  grpc.GrpcConfigKeys (ConfUtils.java:logGet(46)) - raft.grpc.server.leader.outstanding.appends.max = 128 (default)
2023-08-28 09:31:13,958 [4beee146-73ae-4cd4-94a1-e1eb5fcd7f02@group-A270CD0B37D7-LeaderElection8] INFO  server.RaftServerConfigKeys (ConfUtils.java:logGet(46)) - raft.server.rpc.request.timeout = 60s (custom)
2023-08-28 09:31:13,958 [4beee146-73ae-4cd4-94a1-e1eb5fcd7f02@group-A270CD0B37D7-LeaderElection8] INFO  grpc.GrpcConfigKeys (ConfUtils.java:logGet(46)) - raft.grpc.server.install_snapshot.request.element-limit = 8 (default)
2023-08-28 09:31:13,958 [4beee146-73ae-4cd4-94a1-e1eb5fcd7f02@group-A270CD0B37D7-LeaderElection8] INFO  grpc.GrpcConfigKeys (ConfUtils.java:logGet(46)) - raft.grpc.server.install_snapshot.request.timeout = 3000ms (default)
2023-08-28 09:31:13,958 [4beee146-73ae-4cd4-94a1-e1eb5fcd7f02@group-A270CD0B37D7-LeaderElection8] INFO  server.RaftServerConfigKeys (ConfUtils.java:logGet(46)) - raft.server.log.appender.install.snapshot.enabled = false (custom)
2023-08-28 09:31:13,958 [4beee146-73ae-4cd4-94a1-e1eb5fcd7f02@group-A270CD0B37D7-LeaderElection8] INFO  grpc.GrpcConfigKeys (ConfUtils.java:logGet(46)) - raft.grpc.server.heartbeat.channel = true (default)
2023-08-28 09:31:13,959 [4beee146-73ae-4cd4-94a1-e1eb5fcd7f02@group-A270CD0B37D7-LeaderElection8] INFO  server.RaftServerConfigKeys (ConfUtils.java:logGet(46)) - raft.server.log.appender.snapshot.chunk.size.max = 16MB (=16777216) (default)
2023-08-28 09:31:13,959 [4beee146-73ae-4cd4-94a1-e1eb5fcd7f02@group-A270CD0B37D7-LeaderElection8] INFO  server.RaftServerConfigKeys (ConfUtils.java:logGet(46)) - raft.server.log.appender.buffer.byte-limit = 33554432 (custom)
2023-08-28 09:31:13,959 [4beee146-73ae-4cd4-94a1-e1eb5fcd7f02@group-A270CD0B37D7-LeaderElection8] INFO  server.RaftServerConfigKeys (ConfUtils.java:logGet(46)) - raft.server.log.appender.buffer.element-limit = 1 (custom)
2023-08-28 09:31:13,959 [4beee146-73ae-4cd4-94a1-e1eb5fcd7f02@group-A270CD0B37D7-LeaderElection8] INFO  server.RaftServerConfigKeys (ConfUtils.java:logGet(46)) - raft.server.log.appender.wait-time.min = 10ms (default)
2023-08-28 09:31:13,959 [4beee146-73ae-4cd4-94a1-e1eb5fcd7f02@group-A270CD0B37D7-LeaderElection8] INFO  grpc.GrpcConfigKeys (ConfUtils.java:logGet(46)) - raft.grpc.server.leader.outstanding.appends.max = 128 (default)
2023-08-28 09:31:13,959 [4beee146-73ae-4cd4-94a1-e1eb5fcd7f02@group-A270CD0B37D7-LeaderElection8] INFO  server.RaftServerConfigKeys (ConfUtils.java:logGet(46)) - raft.server.rpc.request.timeout = 60s (custom)
2023-08-28 09:31:13,959 [4beee146-73ae-4cd4-94a1-e1eb5fcd7f02@group-A270CD0B37D7-LeaderElection8] INFO  grpc.GrpcConfigKeys (ConfUtils.java:logGet(46)) - raft.grpc.server.install_snapshot.request.element-limit = 8 (default)
2023-08-28 09:31:13,959 [4beee146-73ae-4cd4-94a1-e1eb5fcd7f02@group-A270CD0B37D7-LeaderElection8] INFO  grpc.GrpcConfigKeys (ConfUtils.java:logGet(46)) - raft.grpc.server.install_snapshot.request.timeout = 3000ms (default)
2023-08-28 09:31:13,959 [4beee146-73ae-4cd4-94a1-e1eb5fcd7f02@group-A270CD0B37D7-LeaderElection8] INFO  server.RaftServerConfigKeys (ConfUtils.java:logGet(46)) - raft.server.log.appender.install.snapshot.enabled = false (custom)
2023-08-28 09:31:13,959 [4beee146-73ae-4cd4-94a1-e1eb5fcd7f02@group-A270CD0B37D7-LeaderElection8] INFO  grpc.GrpcConfigKeys (ConfUtils.java:logGet(46)) - raft.grpc.server.heartbeat.channel = true (default)
2023-08-28 09:31:13,960 [4beee146-73ae-4cd4-94a1-e1eb5fcd7f02@group-A270CD0B37D7-LeaderElection8] INFO  impl.RoleInfo (RoleInfo.java:updateAndGet(139)) - 4beee146-73ae-4cd4-94a1-e1eb5fcd7f02: start 4beee146-73ae-4cd4-94a1-e1eb5fcd7f02@group-A270CD0B37D7-LeaderStateImpl
2023-08-28 09:31:13,960 [4beee146-73ae-4cd4-94a1-e1eb5fcd7f02@group-A270CD0B37D7-LeaderElection8] INFO  segmented.SegmentedRaftLogWorker (SegmentedRaftLogWorker.java:startLogSegment(447)) - 4beee146-73ae-4cd4-94a1-e1eb5fcd7f02@group-A270CD0B37D7-SegmentedRaftLogWorker: Starting segment from index:0
2023-08-28 09:31:13,962 [4beee146-73ae-4cd4-94a1-e1eb5fcd7f02@group-A270CD0B37D7-SegmentedRaftLogWorker] INFO  segmented.SegmentedRaftLogWorker (SegmentedRaftLogWorker.java:execute(651)) - 4beee146-73ae-4cd4-94a1-e1eb5fcd7f02@group-A270CD0B37D7-SegmentedRaftLogWorker: created new log segment /home/runner/work/ozone/ozone/hadoop-ozone/integration-test/target/test-dir/MiniOzoneClusterImpl-56d16ed0-cc7e-4f87-bd63-81d84e7eb885/datanode-2/data/ratis/78412001-a398-40cc-81dd-a270cd0b37d7/current/log_inprogress_0
2023-08-28 09:31:13,971 [4beee146-73ae-4cd4-94a1-e1eb5fcd7f02@group-A270CD0B37D7-LeaderElection8] INFO  server.RaftServer$Division (ServerState.java:setRaftConf(434)) - 4beee146-73ae-4cd4-94a1-e1eb5fcd7f02@group-A270CD0B37D7: set configuration 0: peers:[dcc8ddaa-5db1-4c5e-85ac-81412a5c6050|rpc:10.1.0.27:15023|admin:10.1.0.27:15022|client:10.1.0.27:15021|dataStream:10.1.0.27:15024|priority:0|startupRole:FOLLOWER, 4beee146-73ae-4cd4-94a1-e1eb5fcd7f02|rpc:10.1.0.27:15032|admin:10.1.0.27:15031|client:10.1.0.27:15030|dataStream:10.1.0.27:15033|priority:1|startupRole:FOLLOWER, 2b44ba7e-4447-49ac-8e23-11440ea2d57e|rpc:10.1.0.27:15014|admin:10.1.0.27:15013|client:10.1.0.27:15012|dataStream:10.1.0.27:15015|priority:0|startupRole:FOLLOWER]|listeners:[], old=null
2023-08-28 09:31:13,990 [dcc8ddaa-5db1-4c5e-85ac-81412a5c6050-server-thread1] INFO  ratis.XceiverServerRatis (XceiverServerRatis.java:handleLeaderChangedNotification(902)) - Leader change notification received for group: group-A270CD0B37D7 with new leaderId: 4beee146-73ae-4cd4-94a1-e1eb5fcd7f02
2023-08-28 09:31:13,991 [dcc8ddaa-5db1-4c5e-85ac-81412a5c6050-server-thread1] INFO  server.RaftServer$Division (ServerState.java:setLeader(317)) - dcc8ddaa-5db1-4c5e-85ac-81412a5c6050@group-A270CD0B37D7: change Leader from null to 4beee146-73ae-4cd4-94a1-e1eb5fcd7f02 at term 1 for appendEntries, leader elected after 5978ms
2023-08-28 09:31:13,995 [dcc8ddaa-5db1-4c5e-85ac-81412a5c6050-server-thread1] INFO  server.RaftServer$Division (ServerState.java:setRaftConf(434)) - dcc8ddaa-5db1-4c5e-85ac-81412a5c6050@group-A270CD0B37D7: set configuration 0: peers:[dcc8ddaa-5db1-4c5e-85ac-81412a5c6050|rpc:10.1.0.27:15023|admin:10.1.0.27:15022|client:10.1.0.27:15021|dataStream:10.1.0.27:15024|priority:0|startupRole:FOLLOWER, 4beee146-73ae-4cd4-94a1-e1eb5fcd7f02|rpc:10.1.0.27:15032|admin:10.1.0.27:15031|client:10.1.0.27:15030|dataStream:10.1.0.27:15033|priority:1|startupRole:FOLLOWER, 2b44ba7e-4447-49ac-8e23-11440ea2d57e|rpc:10.1.0.27:15014|admin:10.1.0.27:15013|client:10.1.0.27:15012|dataStream:10.1.0.27:15015|priority:0|startupRole:FOLLOWER]|listeners:[], old=null
2023-08-28 09:31:14,001 [2b44ba7e-4447-49ac-8e23-11440ea2d57e-server-thread1] INFO  ratis.XceiverServerRatis (XceiverServerRatis.java:handleLeaderChangedNotification(902)) - Leader change notification received for group: group-A270CD0B37D7 with new leaderId: 4beee146-73ae-4cd4-94a1-e1eb5fcd7f02
2023-08-28 09:31:14,001 [2b44ba7e-4447-49ac-8e23-11440ea2d57e-server-thread1] INFO  server.RaftServer$Division (ServerState.java:setLeader(317)) - 2b44ba7e-4447-49ac-8e23-11440ea2d57e@group-A270CD0B37D7: change Leader from null to 4beee146-73ae-4cd4-94a1-e1eb5fcd7f02 at term 1 for appendEntries, leader elected after 6483ms
2023-08-28 09:31:14,004 [dcc8ddaa-5db1-4c5e-85ac-81412a5c6050-server-thread1] INFO  segmented.SegmentedRaftLogWorker (SegmentedRaftLogWorker.java:startLogSegment(447)) - dcc8ddaa-5db1-4c5e-85ac-81412a5c6050@group-A270CD0B37D7-SegmentedRaftLogWorker: Starting segment from index:0
2023-08-28 09:31:14,005 [2b44ba7e-4447-49ac-8e23-11440ea2d57e-server-thread1] INFO  server.RaftServer$Division (ServerState.java:setRaftConf(434)) - 2b44ba7e-4447-49ac-8e23-11440ea2d57e@group-A270CD0B37D7: set configuration 0: peers:[dcc8ddaa-5db1-4c5e-85ac-81412a5c6050|rpc:10.1.0.27:15023|admin:10.1.0.27:15022|client:10.1.0.27:15021|dataStream:10.1.0.27:15024|priority:0|startupRole:FOLLOWER, 4beee146-73ae-4cd4-94a1-e1eb5fcd7f02|rpc:10.1.0.27:15032|admin:10.1.0.27:15031|client:10.1.0.27:15030|dataStream:10.1.0.27:15033|priority:1|startupRole:FOLLOWER, 2b44ba7e-4447-49ac-8e23-11440ea2d57e|rpc:10.1.0.27:15014|admin:10.1.0.27:15013|client:10.1.0.27:15012|dataStream:10.1.0.27:15015|priority:0|startupRole:FOLLOWER]|listeners:[], old=null
2023-08-28 09:31:14,006 [2b44ba7e-4447-49ac-8e23-11440ea2d57e-server-thread1] INFO  segmented.SegmentedRaftLogWorker (SegmentedRaftLogWorker.java:startLogSegment(447)) - 2b44ba7e-4447-49ac-8e23-11440ea2d57e@group-A270CD0B37D7-SegmentedRaftLogWorker: Starting segment from index:0
2023-08-28 09:31:14,006 [dcc8ddaa-5db1-4c5e-85ac-81412a5c6050@group-A270CD0B37D7-SegmentedRaftLogWorker] INFO  segmented.SegmentedRaftLogWorker (SegmentedRaftLogWorker.java:execute(651)) - dcc8ddaa-5db1-4c5e-85ac-81412a5c6050@group-A270CD0B37D7-SegmentedRaftLogWorker: created new log segment /home/runner/work/ozone/ozone/hadoop-ozone/integration-test/target/test-dir/MiniOzoneClusterImpl-56d16ed0-cc7e-4f87-bd63-81d84e7eb885/datanode-1/data/ratis/78412001-a398-40cc-81dd-a270cd0b37d7/current/log_inprogress_0
2023-08-28 09:31:14,008 [2b44ba7e-4447-49ac-8e23-11440ea2d57e@group-A270CD0B37D7-SegmentedRaftLogWorker] INFO  segmented.SegmentedRaftLogWorker (SegmentedRaftLogWorker.java:execute(651)) - 2b44ba7e-4447-49ac-8e23-11440ea2d57e@group-A270CD0B37D7-SegmentedRaftLogWorker: created new log segment /home/runner/work/ozone/ozone/hadoop-ozone/integration-test/target/test-dir/MiniOzoneClusterImpl-56d16ed0-cc7e-4f87-bd63-81d84e7eb885/datanode-0/data/ratis/78412001-a398-40cc-81dd-a270cd0b37d7/current/log_inprogress_0
2023-08-28 09:31:14,079 [main] INFO  ozone.MiniOzoneClusterImpl (MiniOzoneClusterImpl.java:lambda$waitForClusterToBeReady$0(224)) - Nodes are ready. Got 5 of 5 DN Heartbeats.
2023-08-28 09:31:14,079 [main] INFO  ozone.MiniOzoneClusterImpl (MiniOzoneClusterImpl.java:lambda$waitForClusterToBeReady$0(227)) - Cluster exits safe mode
2023-08-28 09:31:14,079 [main] INFO  ozone.MiniOzoneClusterImpl (MiniOzoneClusterImpl.java:lambda$waitForClusterToBeReady$0(229)) - SCM became leader
2023-08-28 09:31:14,155 [c87c8152-e9d9-48d7-ae39-d5d54b797c29@group-2FDB401EFE73-FollowerState] INFO  impl.FollowerState (FollowerState.java:run(143)) - c87c8152-e9d9-48d7-ae39-d5d54b797c29@group-2FDB401EFE73-FollowerState: change to CANDIDATE, lastRpcElapsedTime:5059597563ns, electionTimeout:5055ms
2023-08-28 09:31:14,156 [c87c8152-e9d9-48d7-ae39-d5d54b797c29@group-2FDB401EFE73-FollowerState] INFO  impl.RoleInfo (RoleInfo.java:shutdownFollowerState(110)) - c87c8152-e9d9-48d7-ae39-d5d54b797c29: shutdown c87c8152-e9d9-48d7-ae39-d5d54b797c29@group-2FDB401EFE73-FollowerState
2023-08-28 09:31:14,156 [c87c8152-e9d9-48d7-ae39-d5d54b797c29@group-2FDB401EFE73-FollowerState] INFO  server.RaftServer$Division (RaftServerImpl.java:setRole(329)) - c87c8152-e9d9-48d7-ae39-d5d54b797c29@group-2FDB401EFE73: changes role from  FOLLOWER to CANDIDATE at term 0 for changeToCandidate
2023-08-28 09:31:14,157 [c87c8152-e9d9-48d7-ae39-d5d54b797c29@group-2FDB401EFE73-FollowerState] INFO  server.RaftServerConfigKeys (ConfUtils.java:logGet(46)) - raft.server.leaderelection.pre-vote = true (default)
2023-08-28 09:31:14,157 [c87c8152-e9d9-48d7-ae39-d5d54b797c29@group-2FDB401EFE73-FollowerState] INFO  impl.RoleInfo (RoleInfo.java:updateAndGet(139)) - c87c8152-e9d9-48d7-ae39-d5d54b797c29: start c87c8152-e9d9-48d7-ae39-d5d54b797c29@group-2FDB401EFE73-LeaderElection10
2023-08-28 09:31:14,161 [c87c8152-e9d9-48d7-ae39-d5d54b797c29@group-2FDB401EFE73-LeaderElection10] INFO  impl.LeaderElection (LeaderElection.java:askForVotes(321)) - c87c8152-e9d9-48d7-ae39-d5d54b797c29@group-2FDB401EFE73-LeaderElection10 PRE_VOTE round 0: submit vote requests at term 0 for -1: peers:[c87c8152-e9d9-48d7-ae39-d5d54b797c29|rpc:10.1.0.27:15050|admin:10.1.0.27:15049|client:10.1.0.27:15048|dataStream:10.1.0.27:15051|priority:1|startupRole:FOLLOWER]|listeners:[], old=null
2023-08-28 09:31:14,161 [c87c8152-e9d9-48d7-ae39-d5d54b797c29@group-2FDB401EFE73-LeaderElection10] INFO  impl.LeaderElection (LeaderElection.java:askForVotes(323)) - c87c8152-e9d9-48d7-ae39-d5d54b797c29@group-2FDB401EFE73-LeaderElection10 PRE_VOTE round 0: result PASSED (term=0)
2023-08-28 09:31:14,162 [c87c8152-e9d9-48d7-ae39-d5d54b797c29@group-2FDB401EFE73-LeaderElection10] INFO  impl.LeaderElection (LeaderElection.java:askForVotes(321)) - c87c8152-e9d9-48d7-ae39-d5d54b797c29@group-2FDB401EFE73-LeaderElection10 ELECTION round 0: submit vote requests at term 1 for -1: peers:[c87c8152-e9d9-48d7-ae39-d5d54b797c29|rpc:10.1.0.27:15050|admin:10.1.0.27:15049|client:10.1.0.27:15048|dataStream:10.1.0.27:15051|priority:1|startupRole:FOLLOWER]|listeners:[], old=null
2023-08-28 09:31:14,162 [c87c8152-e9d9-48d7-ae39-d5d54b797c29@group-2FDB401EFE73-LeaderElection10] INFO  impl.LeaderElection (LeaderElection.java:askForVotes(323)) - c87c8152-e9d9-48d7-ae39-d5d54b797c29@group-2FDB401EFE73-LeaderElection10 ELECTION round 0: result PASSED (term=1)
2023-08-28 09:31:14,163 [c87c8152-e9d9-48d7-ae39-d5d54b797c29@group-2FDB401EFE73-LeaderElection10] INFO  impl.RoleInfo (RoleInfo.java:shutdownLeaderElection(130)) - c87c8152-e9d9-48d7-ae39-d5d54b797c29: shutdown c87c8152-e9d9-48d7-ae39-d5d54b797c29@group-2FDB401EFE73-LeaderElection10
2023-08-28 09:31:14,164 [c87c8152-e9d9-48d7-ae39-d5d54b797c29@group-2FDB401EFE73-LeaderElection10] INFO  server.RaftServer$Division (RaftServerImpl.java:setRole(329)) - c87c8152-e9d9-48d7-ae39-d5d54b797c29@group-2FDB401EFE73: changes role from CANDIDATE to LEADER at term 1 for changeToLeader
2023-08-28 09:31:14,164 [c87c8152-e9d9-48d7-ae39-d5d54b797c29@group-2FDB401EFE73-LeaderElection10] INFO  ratis.XceiverServerRatis (XceiverServerRatis.java:handleLeaderChangedNotification(902)) - Leader change notification received for group: group-2FDB401EFE73 with new leaderId: c87c8152-e9d9-48d7-ae39-d5d54b797c29
2023-08-28 09:31:14,164 [c87c8152-e9d9-48d7-ae39-d5d54b797c29@group-2FDB401EFE73-LeaderElection10] INFO  server.RaftServer$Division (ServerState.java:setLeader(317)) - c87c8152-e9d9-48d7-ae39-d5d54b797c29@group-2FDB401EFE73: change Leader from null to c87c8152-e9d9-48d7-ae39-d5d54b797c29 at term 1 for becomeLeader, leader elected after 5092ms
2023-08-28 09:31:14,164 [c87c8152-e9d9-48d7-ae39-d5d54b797c29@group-2FDB401EFE73-LeaderElection10] INFO  server.RaftServerConfigKeys (ConfUtils.java:logGet(46)) - raft.server.staging.catchup.gap = 1000 (default)
2023-08-28 09:31:14,183 [c87c8152-e9d9-48d7-ae39-d5d54b797c29@group-2FDB401EFE73-LeaderElection10] INFO  server.RaftServerConfigKeys (ConfUtils.java:logGet(46)) - raft.server.write.element-limit = 1024 (custom)
2023-08-28 09:31:14,183 [c87c8152-e9d9-48d7-ae39-d5d54b797c29@group-2FDB401EFE73-LeaderElection10] INFO  server.RaftServerConfigKeys (ConfUtils.java:logGet(46)) - raft.server.write.byte-limit = 1024 M (=1073741824) (custom)
2023-08-28 09:31:14,183 [c87c8152-e9d9-48d7-ae39-d5d54b797c29@group-2FDB401EFE73-LeaderElection10] INFO  server.RaftServerConfigKeys (ConfUtils.java:logGet(46)) - raft.server.watch.timeout = 180s (custom)
2023-08-28 09:31:14,183 [c87c8152-e9d9-48d7-ae39-d5d54b797c29@group-2FDB401EFE73-LeaderElection10] INFO  server.RaftServerConfigKeys (ConfUtils.java:logGet(46)) - raft.server.watch.timeout.denomination = 1s (default)
2023-08-28 09:31:14,183 [c87c8152-e9d9-48d7-ae39-d5d54b797c29@group-2FDB401EFE73-LeaderElection10] INFO  server.RaftServerConfigKeys (ConfUtils.java:logGet(46)) - raft.server.watch.element-limit = 65536 (default)
2023-08-28 09:31:14,184 [c87c8152-e9d9-48d7-ae39-d5d54b797c29@group-2FDB401EFE73-LeaderElection10] INFO  server.RaftServerConfigKeys (ConfUtils.java:logGet(46)) - raft.server.write.element-limit = 1024 (custom)
2023-08-28 09:31:14,184 [c87c8152-e9d9-48d7-ae39-d5d54b797c29@group-2FDB401EFE73-LeaderElection10] INFO  server.RaftServerConfigKeys (ConfUtils.java:logGet(46)) - raft.server.write.follower.gap.ratio.max = -1.0 (default)
2023-08-28 09:31:14,184 [c87c8152-e9d9-48d7-ae39-d5d54b797c29@group-2FDB401EFE73-LeaderElection10] INFO  impl.RoleInfo (RoleInfo.java:updateAndGet(139)) - c87c8152-e9d9-48d7-ae39-d5d54b797c29: start c87c8152-e9d9-48d7-ae39-d5d54b797c29@group-2FDB401EFE73-LeaderStateImpl
2023-08-28 09:31:14,184 [c87c8152-e9d9-48d7-ae39-d5d54b797c29@group-2FDB401EFE73-LeaderElection10] INFO  segmented.SegmentedRaftLogWorker (SegmentedRaftLogWorker.java:startLogSegment(447)) - c87c8152-e9d9-48d7-ae39-d5d54b797c29@group-2FDB401EFE73-SegmentedRaftLogWorker: Starting segment from index:0
2023-08-28 09:31:14,186 [c87c8152-e9d9-48d7-ae39-d5d54b797c29@group-2FDB401EFE73-SegmentedRaftLogWorker] INFO  segmented.SegmentedRaftLogWorker (SegmentedRaftLogWorker.java:execute(651)) - c87c8152-e9d9-48d7-ae39-d5d54b797c29@group-2FDB401EFE73-SegmentedRaftLogWorker: created new log segment /home/runner/work/ozone/ozone/hadoop-ozone/integration-test/target/test-dir/MiniOzoneClusterImpl-56d16ed0-cc7e-4f87-bd63-81d84e7eb885/datanode-4/data/ratis/ab4a6bb6-7157-4a31-bf89-2fdb401efe73/current/log_inprogress_0
2023-08-28 09:31:14,193 [c87c8152-e9d9-48d7-ae39-d5d54b797c29@group-2FDB401EFE73-LeaderElection10] INFO  server.RaftServer$Division (ServerState.java:setRaftConf(434)) - c87c8152-e9d9-48d7-ae39-d5d54b797c29@group-2FDB401EFE73: set configuration 0: peers:[c87c8152-e9d9-48d7-ae39-d5d54b797c29|rpc:10.1.0.27:15050|admin:10.1.0.27:15049|client:10.1.0.27:15048|dataStream:10.1.0.27:15051|priority:1|startupRole:FOLLOWER]|listeners:[], old=null
2023-08-28 09:31:14,578 [main] INFO  rpc.RpcClient (RpcClient.java:createVolume(461)) - Creating Volume: volume76952, with user76829 as owner and space quota set to -1 bytes, counts quota set to -1
2023-08-28 09:31:14,635 [OM StateMachine ApplyTransaction Thread - 0] INFO  volume.OMVolumeCreateRequest (OMVolumeCreateRequest.java:validateAndUpdateCache(196)) - created volume:volume76952 for user:user76829
2023-08-28 09:31:14,661 [main] INFO  rpc.RpcClient (RpcClient.java:createBucket(688)) - Creating Bucket: volume76952/bucket05606, with bucket layout LEGACY, runner as owner, Versioning false, Storage Type set to DISK and Encryption set to false, Replication Type set to server-side default replication type, Namespace Quota set to -1, Space Quota set to -1 
2023-08-28 09:31:14,678 [OM StateMachine ApplyTransaction Thread - 0] INFO  bucket.OMBucketCreateRequest (OMBucketCreateRequest.java:validateAndUpdateCache(270)) - created bucket: bucket05606 of layout LEGACY in volume: volume76952
]]></system-out>
  </testcase>
  <testcase name="testGetTrashRoot" classname="TestOzoneFileSystem" time="18.98">
    <system-out><![CDATA[2023-08-28 09:32:22,462 [main] INFO  ozone.MiniOzoneClusterImpl (MiniOzoneClusterImpl.java:shutdown(443)) - Shutting down the Mini Ozone Cluster
2023-08-28 09:32:22,462 [main] INFO  ozone.MiniOzoneClusterImpl (MiniOzoneClusterImpl.java:stop(460)) - Stopping the Mini Ozone Cluster
2023-08-28 09:32:22,463 [main] INFO  ozone.MiniOzoneClusterImpl (MiniOzoneClusterImpl.java:stopOM(551)) - Stopping the OzoneManager
2023-08-28 09:32:22,463 [main] INFO  om.OzoneManager (OzoneManager.java:stop(2187)) - om1[localhost:15004]: Stopping Ozone Manager
2023-08-28 09:32:22,463 [main] INFO  ipc.Server (Server.java:stop(3523)) - Stopping server on 15004
2023-08-28 09:32:22,464 [IPC Server listener on 15004] INFO  ipc.Server (Server.java:run(1434)) - Stopping IPC Server listener on 15004
2023-08-28 09:32:22,467 [IPC Server Responder] INFO  ipc.Server (Server.java:run(1567)) - Stopping IPC Server Responder
2023-08-28 09:32:22,474 [main] INFO  server.RaftServer (RaftServerProxy.java:lambda$close$6(416)) - om1: close
2023-08-28 09:32:22,476 [main] INFO  server.GrpcService (GrpcService.java:closeImpl(311)) - om1: shutdown server GrpcServerProtocolService now
2023-08-28 09:32:22,487 [om1-impl-thread2] INFO  server.RaftServer$Division (RaftServerImpl.java:lambda$close$4(466)) - om1@group-C5BA1605619E: shutdown
2023-08-28 09:32:22,487 [om1-impl-thread2] INFO  util.JmxRegister (JmxRegister.java:unregister(73)) - Successfully un-registered JMX Bean with object name Ratis:service=RaftServer,group=group-C5BA1605619E,id=om1
2023-08-28 09:32:22,487 [om1-impl-thread2] INFO  impl.RoleInfo (RoleInfo.java:shutdownLeaderState(93)) - om1: shutdown om1@group-C5BA1605619E-LeaderStateImpl
2023-08-28 09:32:22,488 [om1-impl-thread2] INFO  impl.PendingRequests (PendingRequests.java:sendNotLeaderResponses(289)) - om1@group-C5BA1605619E-PendingRequests: sendNotLeaderResponses
2023-08-28 09:32:22,500 [main] INFO  server.GrpcService (GrpcService.java:closeImpl(320)) - om1: shutdown server GrpcServerProtocolService successfully
2023-08-28 09:32:22,505 [om1-impl-thread2] INFO  impl.StateMachineUpdater (StateMachineUpdater.java:stopAndJoin(155)) - om1@group-C5BA1605619E-StateMachineUpdater: set stopIndex = 37022
2023-08-28 09:32:22,505 [om1@group-C5BA1605619E-StateMachineUpdater] INFO  ratis.OzoneManagerStateMachine (OzoneManagerStateMachine.java:takeSnapshot(480)) - Current Snapshot Index (t:1, i:37022)
2023-08-28 09:32:22,544 [om1@group-C5BA1605619E-StateMachineUpdater] INFO  impl.StateMachineUpdater (StateMachineUpdater.java:takeSnapshot(291)) - om1@group-C5BA1605619E-StateMachineUpdater: Took a snapshot at index 37022
2023-08-28 09:32:22,546 [om1@group-C5BA1605619E-StateMachineUpdater] INFO  impl.StateMachineUpdater (StateMachineUpdater.java:lambda$new$0(97)) - om1@group-C5BA1605619E-StateMachineUpdater: snapshotIndex: updateIncreasingly -1 -> 37022
2023-08-28 09:32:22,546 [om1@group-C5BA1605619E-StateMachineUpdater] INFO  ratis.OzoneManagerStateMachine (OzoneManagerStateMachine.java:close(534)) - StateMachine has shutdown. Shutdown OzoneManager if not already shutdown.
2023-08-28 09:32:22,546 [om1@group-C5BA1605619E-StateMachineUpdater] INFO  ratis.OzoneManagerDoubleBuffer (OzoneManagerDoubleBuffer.java:stopDaemon(551)) - Stopping OMDoubleBuffer flush thread
2023-08-28 09:32:22,546 [OMDoubleBufferFlushThread] INFO  ratis.OzoneManagerDoubleBuffer (OzoneManagerDoubleBuffer.java:canFlush(638)) - OMDoubleBuffer flush thread OMDoubleBufferFlushThread is interrupted and will exit.
2023-08-28 09:32:22,548 [om1-impl-thread2] INFO  server.RaftServer$Division (ServerState.java:close(472)) - om1@group-C5BA1605619E: closes. applyIndex: 37022
2023-08-28 09:32:23,456 [om1-impl-thread2] INFO  segmented.SegmentedRaftLogWorker (SegmentedRaftLogWorker.java:close(252)) - om1@group-C5BA1605619E-SegmentedRaftLogWorker close()
2023-08-28 09:32:23,458 [JvmPauseMonitor1] INFO  util.JvmPauseMonitor (JvmPauseMonitor.java:run(109)) - JvmPauseMonitor-om1: Stopped
2023-08-28 09:32:23,458 [main] INFO  ratis.OzoneManagerStateMachine (OzoneManagerStateMachine.java:close(534)) - StateMachine has shutdown. Shutdown OzoneManager if not already shutdown.
2023-08-28 09:32:23,459 [main] INFO  ratis.OzoneManagerDoubleBuffer (OzoneManagerDoubleBuffer.java:stopDaemon(560)) - OMDoubleBuffer flush thread is not running.
2023-08-28 09:32:23,459 [main] INFO  utils.BackgroundService (BackgroundService.java:shutdown(141)) - Shutting down service KeyDeletingService
2023-08-28 09:32:23,460 [main] INFO  utils.BackgroundService (BackgroundService.java:shutdown(141)) - Shutting down service KeyDeletingService
2023-08-28 09:32:23,460 [main] INFO  utils.BackgroundService (BackgroundService.java:shutdown(141)) - Shutting down service OpenKeyCleanupService
2023-08-28 09:32:23,461 [main] INFO  utils.BackgroundService (BackgroundService.java:shutdown(141)) - Shutting down service SstFilteringService
2023-08-28 09:32:23,461 [main] INFO  utils.BackgroundService (BackgroundService.java:shutdown(141)) - Shutting down service SnapshotDeletingService
2023-08-28 09:32:23,463 [main] INFO  handler.ContextHandler (ContextHandler.java:doStop(1159)) - Stopped o.e.j.w.WebAppContext@8a06b28{ozoneManager,/,null,STOPPED}{file:/home/runner/work/ozone/ozone/hadoop-ozone/integration-test/target/test-classes/webapps/ozoneManager}
2023-08-28 09:32:23,469 [main] INFO  server.AbstractConnector (AbstractConnector.java:doStop(383)) - Stopped ServerConnector@601e6724{HTTP/1.1, (http/1.1)}{0.0.0.0:15005}
2023-08-28 09:32:23,470 [main] INFO  server.session (HouseKeeper.java:stopScavenging(149)) - node0 Stopped scavenging
2023-08-28 09:32:23,470 [main] INFO  handler.ContextHandler (ContextHandler.java:doStop(1159)) - Stopped o.e.j.s.ServletContextHandler@40b9d8a2{static,/static,file:///home/runner/work/ozone/ozone/hadoop-ozone/integration-test/target/test-classes/webapps/static,STOPPED}
2023-08-28 09:32:23,470 [main] INFO  handler.ContextHandler (ContextHandler.java:doStop(1159)) - Stopped o.e.j.s.ServletContextHandler@32af7447{logs,/logs,file:///home/runner/work/ozone/ozone/hadoop-ozone/integration-test/target/log,STOPPED}
2023-08-28 09:32:23,473 [Trash Emptier] ERROR om.TrashPolicyOzone (TrashPolicyOzone.java:run(350)) - Error attempting to shutdown
java.lang.InterruptedException
	at java.util.concurrent.locks.AbstractQueuedSynchronizer$ConditionObject.awaitNanos(AbstractQueuedSynchronizer.java:2067)
	at java.util.concurrent.ThreadPoolExecutor.awaitTermination(ThreadPoolExecutor.java:1475)
	at org.apache.hadoop.ozone.om.TrashPolicyOzone$Emptier.run(TrashPolicyOzone.java:348)
	at java.lang.Thread.run(Thread.java:750)
2023-08-28 09:32:23,474 [main] INFO  rocksdiff.RocksDBCheckpointDiffer (RocksDBCheckpointDiffer.java:close(340)) - Shutting down CompactionDagPruningService.
2023-08-28 09:32:23,482 [main] INFO  snapshot.SnapshotDiffManager (SnapshotDiffManager.java:closeExecutorService(1720)) - Shutting down executorService: 'SnapDiffExecutor'
2023-08-28 09:32:23,482 [main] INFO  snapshot.SnapshotDiffManager (SnapshotDiffManager.java:closeExecutorService(1720)) - Shutting down executorService: 'SstDumpToolExecutor'
2023-08-28 09:32:23,482 [main] INFO  utils.BackgroundService (BackgroundService.java:shutdown(141)) - Shutting down service SnapshotDiffCleanupService
2023-08-28 09:32:23,484 [main] INFO  ozone.MiniOzoneClusterImpl (MiniOzoneClusterImpl.java:stopDatanodes(528)) - Stopping the HddsDatanodes
2023-08-28 09:32:23,492 [ForkJoinPool.commonPool-worker-0] INFO  ozoneimpl.OzoneContainer (OzoneContainer.java:stop(451)) - Attempting to stop container services.
2023-08-28 09:32:23,495 [ForkJoinPool.commonPool-worker-0] INFO  server.RaftServer (RaftServerProxy.java:lambda$close$6(416)) - dcc8ddaa-5db1-4c5e-85ac-81412a5c6050: close
2023-08-28 09:32:23,498 [dcc8ddaa-5db1-4c5e-85ac-81412a5c6050-impl-thread2] INFO  server.RaftServer$Division (RaftServerImpl.java:lambda$close$4(466)) - dcc8ddaa-5db1-4c5e-85ac-81412a5c6050@group-BA0DE8F91112: shutdown
2023-08-28 09:32:23,498 [dcc8ddaa-5db1-4c5e-85ac-81412a5c6050-impl-thread2] INFO  util.JmxRegister (JmxRegister.java:unregister(73)) - Successfully un-registered JMX Bean with object name Ratis:service=RaftServer,group=group-BA0DE8F91112,id=dcc8ddaa-5db1-4c5e-85ac-81412a5c6050
2023-08-28 09:32:23,498 [dcc8ddaa-5db1-4c5e-85ac-81412a5c6050-impl-thread2] INFO  impl.RoleInfo (RoleInfo.java:shutdownFollowerState(110)) - dcc8ddaa-5db1-4c5e-85ac-81412a5c6050: shutdown dcc8ddaa-5db1-4c5e-85ac-81412a5c6050@group-BA0DE8F91112-FollowerState
2023-08-28 09:32:23,499 [dcc8ddaa-5db1-4c5e-85ac-81412a5c6050-impl-thread3] INFO  server.RaftServer$Division (RaftServerImpl.java:lambda$close$4(466)) - dcc8ddaa-5db1-4c5e-85ac-81412a5c6050@group-A270CD0B37D7: shutdown
2023-08-28 09:32:23,500 [dcc8ddaa-5db1-4c5e-85ac-81412a5c6050-impl-thread3] INFO  util.JmxRegister (JmxRegister.java:unregister(73)) - Successfully un-registered JMX Bean with object name Ratis:service=RaftServer,group=group-A270CD0B37D7,id=dcc8ddaa-5db1-4c5e-85ac-81412a5c6050
2023-08-28 09:32:23,502 [dcc8ddaa-5db1-4c5e-85ac-81412a5c6050-impl-thread3] INFO  impl.RoleInfo (RoleInfo.java:shutdownFollowerState(110)) - dcc8ddaa-5db1-4c5e-85ac-81412a5c6050: shutdown dcc8ddaa-5db1-4c5e-85ac-81412a5c6050@group-A270CD0B37D7-FollowerState
2023-08-28 09:32:23,502 [ForkJoinPool.commonPool-worker-0] INFO  server.GrpcService (GrpcService.java:closeImpl(311)) - dcc8ddaa-5db1-4c5e-85ac-81412a5c6050: shutdown server org.apache.ratis.grpc.server.GrpcClientProtocolService now
2023-08-28 09:32:23,503 [dcc8ddaa-5db1-4c5e-85ac-81412a5c6050-impl-thread4] INFO  server.RaftServer$Division (RaftServerImpl.java:lambda$close$4(466)) - dcc8ddaa-5db1-4c5e-85ac-81412a5c6050@group-D79D038BC015: shutdown
2023-08-28 09:32:23,503 [dcc8ddaa-5db1-4c5e-85ac-81412a5c6050-impl-thread4] INFO  util.JmxRegister (JmxRegister.java:unregister(73)) - Successfully un-registered JMX Bean with object name Ratis:service=RaftServer,group=group-D79D038BC015,id=dcc8ddaa-5db1-4c5e-85ac-81412a5c6050
2023-08-28 09:32:23,503 [dcc8ddaa-5db1-4c5e-85ac-81412a5c6050-impl-thread4] INFO  impl.RoleInfo (RoleInfo.java:shutdownLeaderState(93)) - dcc8ddaa-5db1-4c5e-85ac-81412a5c6050: shutdown dcc8ddaa-5db1-4c5e-85ac-81412a5c6050@group-D79D038BC015-LeaderStateImpl
2023-08-28 09:32:23,514 [dcc8ddaa-5db1-4c5e-85ac-81412a5c6050-impl-thread3] INFO  impl.StateMachineUpdater (StateMachineUpdater.java:stopAndJoin(155)) - dcc8ddaa-5db1-4c5e-85ac-81412a5c6050@group-A270CD0B37D7-StateMachineUpdater: set stopIndex = 29
2023-08-28 09:32:23,514 [dcc8ddaa-5db1-4c5e-85ac-81412a5c6050@group-A270CD0B37D7-FollowerState] INFO  impl.FollowerState (FollowerState.java:run(152)) - dcc8ddaa-5db1-4c5e-85ac-81412a5c6050@group-A270CD0B37D7-FollowerState was interrupted
2023-08-28 09:32:23,514 [dcc8ddaa-5db1-4c5e-85ac-81412a5c6050-impl-thread2] INFO  impl.StateMachineUpdater (StateMachineUpdater.java:stopAndJoin(155)) - dcc8ddaa-5db1-4c5e-85ac-81412a5c6050@group-BA0DE8F91112-StateMachineUpdater: set stopIndex = 4
2023-08-28 09:32:23,514 [dcc8ddaa-5db1-4c5e-85ac-81412a5c6050@group-BA0DE8F91112-FollowerState] INFO  impl.FollowerState (FollowerState.java:run(152)) - dcc8ddaa-5db1-4c5e-85ac-81412a5c6050@group-BA0DE8F91112-FollowerState was interrupted
2023-08-28 09:32:23,515 [dcc8ddaa-5db1-4c5e-85ac-81412a5c6050@group-A270CD0B37D7-StateMachineUpdater] INFO  ratis.ContainerStateMachine (ContainerStateMachine.java:takeSnapshot(330)) - group-A270CD0B37D7: Taking a snapshot at:(t:1, i:29) file /home/runner/work/ozone/ozone/hadoop-ozone/integration-test/target/test-dir/MiniOzoneClusterImpl-56d16ed0-cc7e-4f87-bd63-81d84e7eb885/datanode-1/data/ratis/78412001-a398-40cc-81dd-a270cd0b37d7/sm/snapshot.1_29
2023-08-28 09:32:23,518 [dcc8ddaa-5db1-4c5e-85ac-81412a5c6050@group-BA0DE8F91112-StateMachineUpdater] INFO  ratis.ContainerStateMachine (ContainerStateMachine.java:takeSnapshot(330)) - group-BA0DE8F91112: Taking a snapshot at:(t:1, i:4) file /home/runner/work/ozone/ozone/hadoop-ozone/integration-test/target/test-dir/MiniOzoneClusterImpl-56d16ed0-cc7e-4f87-bd63-81d84e7eb885/datanode-1/data/ratis/9e682222-9aa6-4020-964b-ba0de8f91112/sm/snapshot.1_4
2023-08-28 09:32:23,524 [main] INFO  ozoneimpl.OzoneContainer (OzoneContainer.java:stop(451)) - Attempting to stop container services.
2023-08-28 09:32:23,503 [dcc8ddaa-5db1-4c5e-85ac-81412a5c6050-impl-thread4] INFO  impl.PendingRequests (PendingRequests.java:sendNotLeaderResponses(289)) - dcc8ddaa-5db1-4c5e-85ac-81412a5c6050@group-D79D038BC015-PendingRequests: sendNotLeaderResponses
2023-08-28 09:32:23,526 [Thread-509] INFO  server.GrpcServerProtocolClient (GrpcServerProtocolClient.java:close(103)) - 4beee146-73ae-4cd4-94a1-e1eb5fcd7f02 Close channels
2023-08-28 09:32:23,526 [Thread-510] INFO  server.GrpcServerProtocolClient (GrpcServerProtocolClient.java:close(103)) - 2b44ba7e-4447-49ac-8e23-11440ea2d57e Close channels
2023-08-28 09:32:23,529 [dcc8ddaa-5db1-4c5e-85ac-81412a5c6050-impl-thread4] INFO  impl.StateMachineUpdater (StateMachineUpdater.java:stopAndJoin(155)) - dcc8ddaa-5db1-4c5e-85ac-81412a5c6050@group-D79D038BC015-StateMachineUpdater: set stopIndex = 0
2023-08-28 09:32:23,529 [dcc8ddaa-5db1-4c5e-85ac-81412a5c6050@group-D79D038BC015-StateMachineUpdater] INFO  ratis.ContainerStateMachine (ContainerStateMachine.java:takeSnapshot(330)) - group-D79D038BC015: Taking a snapshot at:(t:1, i:0) file /home/runner/work/ozone/ozone/hadoop-ozone/integration-test/target/test-dir/MiniOzoneClusterImpl-56d16ed0-cc7e-4f87-bd63-81d84e7eb885/datanode-1/data/ratis/e386754e-c068-4294-820e-d79d038bc015/sm/snapshot.1_0
2023-08-28 09:32:23,529 [main] INFO  server.RaftServer (RaftServerProxy.java:lambda$close$6(416)) - 4beee146-73ae-4cd4-94a1-e1eb5fcd7f02: close
2023-08-28 09:32:23,534 [4beee146-73ae-4cd4-94a1-e1eb5fcd7f02-impl-thread2] INFO  server.RaftServer$Division (RaftServerImpl.java:lambda$close$4(466)) - 4beee146-73ae-4cd4-94a1-e1eb5fcd7f02@group-BA0DE8F91112: shutdown
2023-08-28 09:32:23,534 [4beee146-73ae-4cd4-94a1-e1eb5fcd7f02-impl-thread2] INFO  util.JmxRegister (JmxRegister.java:unregister(73)) - Successfully un-registered JMX Bean with object name Ratis:service=RaftServer,group=group-BA0DE8F91112,id=4beee146-73ae-4cd4-94a1-e1eb5fcd7f02
2023-08-28 09:32:23,534 [4beee146-73ae-4cd4-94a1-e1eb5fcd7f02-impl-thread2] INFO  impl.RoleInfo (RoleInfo.java:shutdownFollowerState(110)) - 4beee146-73ae-4cd4-94a1-e1eb5fcd7f02: shutdown 4beee146-73ae-4cd4-94a1-e1eb5fcd7f02@group-BA0DE8F91112-FollowerState
2023-08-28 09:32:23,535 [4beee146-73ae-4cd4-94a1-e1eb5fcd7f02-impl-thread3] INFO  server.RaftServer$Division (RaftServerImpl.java:lambda$close$4(466)) - 4beee146-73ae-4cd4-94a1-e1eb5fcd7f02@group-A270CD0B37D7: shutdown
2023-08-28 09:32:23,535 [4beee146-73ae-4cd4-94a1-e1eb5fcd7f02-impl-thread3] INFO  util.JmxRegister (JmxRegister.java:unregister(73)) - Successfully un-registered JMX Bean with object name Ratis:service=RaftServer,group=group-A270CD0B37D7,id=4beee146-73ae-4cd4-94a1-e1eb5fcd7f02
2023-08-28 09:32:23,535 [4beee146-73ae-4cd4-94a1-e1eb5fcd7f02-impl-thread3] INFO  impl.RoleInfo (RoleInfo.java:shutdownLeaderState(93)) - 4beee146-73ae-4cd4-94a1-e1eb5fcd7f02: shutdown 4beee146-73ae-4cd4-94a1-e1eb5fcd7f02@group-A270CD0B37D7-LeaderStateImpl
2023-08-28 09:32:23,546 [main] INFO  server.GrpcService (GrpcService.java:closeImpl(311)) - 4beee146-73ae-4cd4-94a1-e1eb5fcd7f02: shutdown server org.apache.ratis.grpc.server.GrpcClientProtocolService now
2023-08-28 09:32:23,547 [4beee146-73ae-4cd4-94a1-e1eb5fcd7f02-impl-thread4] INFO  server.RaftServer$Division (RaftServerImpl.java:lambda$close$4(466)) - 4beee146-73ae-4cd4-94a1-e1eb5fcd7f02@group-B9BC7A8E5B7D: shutdown
2023-08-28 09:32:23,547 [4beee146-73ae-4cd4-94a1-e1eb5fcd7f02-impl-thread4] INFO  util.JmxRegister (JmxRegister.java:unregister(73)) - Successfully un-registered JMX Bean with object name Ratis:service=RaftServer,group=group-B9BC7A8E5B7D,id=4beee146-73ae-4cd4-94a1-e1eb5fcd7f02
2023-08-28 09:32:23,547 [4beee146-73ae-4cd4-94a1-e1eb5fcd7f02-impl-thread4] INFO  impl.RoleInfo (RoleInfo.java:shutdownLeaderState(93)) - 4beee146-73ae-4cd4-94a1-e1eb5fcd7f02: shutdown 4beee146-73ae-4cd4-94a1-e1eb5fcd7f02@group-B9BC7A8E5B7D-LeaderStateImpl
2023-08-28 09:32:23,547 [4beee146-73ae-4cd4-94a1-e1eb5fcd7f02-impl-thread4] INFO  impl.PendingRequests (PendingRequests.java:sendNotLeaderResponses(289)) - 4beee146-73ae-4cd4-94a1-e1eb5fcd7f02@group-B9BC7A8E5B7D-PendingRequests: sendNotLeaderResponses
2023-08-28 09:32:23,548 [4beee146-73ae-4cd4-94a1-e1eb5fcd7f02-impl-thread4] INFO  impl.StateMachineUpdater (StateMachineUpdater.java:stopAndJoin(155)) - 4beee146-73ae-4cd4-94a1-e1eb5fcd7f02@group-B9BC7A8E5B7D-StateMachineUpdater: set stopIndex = 0
2023-08-28 09:32:23,548 [4beee146-73ae-4cd4-94a1-e1eb5fcd7f02@group-B9BC7A8E5B7D-StateMachineUpdater] INFO  ratis.ContainerStateMachine (ContainerStateMachine.java:takeSnapshot(330)) - group-B9BC7A8E5B7D: Taking a snapshot at:(t:1, i:0) file /home/runner/work/ozone/ozone/hadoop-ozone/integration-test/target/test-dir/MiniOzoneClusterImpl-56d16ed0-cc7e-4f87-bd63-81d84e7eb885/datanode-2/data/ratis/f013d65f-9eee-4b66-a84d-b9bc7a8e5b7d/sm/snapshot.1_0
2023-08-28 09:32:23,560 [ForkJoinPool.commonPool-worker-1] INFO  ozoneimpl.OzoneContainer (OzoneContainer.java:stop(451)) - Attempting to stop container services.
2023-08-28 09:32:23,560 [4beee146-73ae-4cd4-94a1-e1eb5fcd7f02@group-B9BC7A8E5B7D-StateMachineUpdater] INFO  ratis.ContainerStateMachine (ContainerStateMachine.java:takeSnapshot(341)) - group-B9BC7A8E5B7D: Finished taking a snapshot at:(t:1, i:0) file:/home/runner/work/ozone/ozone/hadoop-ozone/integration-test/target/test-dir/MiniOzoneClusterImpl-56d16ed0-cc7e-4f87-bd63-81d84e7eb885/datanode-2/data/ratis/f013d65f-9eee-4b66-a84d-b9bc7a8e5b7d/sm/snapshot.1_0 took: 13 ms
2023-08-28 09:32:23,560 [dcc8ddaa-5db1-4c5e-85ac-81412a5c6050@group-D79D038BC015-StateMachineUpdater] INFO  ratis.ContainerStateMachine (ContainerStateMachine.java:takeSnapshot(341)) - group-D79D038BC015: Finished taking a snapshot at:(t:1, i:0) file:/home/runner/work/ozone/ozone/hadoop-ozone/integration-test/target/test-dir/MiniOzoneClusterImpl-56d16ed0-cc7e-4f87-bd63-81d84e7eb885/datanode-1/data/ratis/e386754e-c068-4294-820e-d79d038bc015/sm/snapshot.1_0 took: 31 ms
2023-08-28 09:32:23,562 [dcc8ddaa-5db1-4c5e-85ac-81412a5c6050@group-A270CD0B37D7-StateMachineUpdater] INFO  ratis.ContainerStateMachine (ContainerStateMachine.java:takeSnapshot(341)) - group-A270CD0B37D7: Finished taking a snapshot at:(t:1, i:29) file:/home/runner/work/ozone/ozone/hadoop-ozone/integration-test/target/test-dir/MiniOzoneClusterImpl-56d16ed0-cc7e-4f87-bd63-81d84e7eb885/datanode-1/data/ratis/78412001-a398-40cc-81dd-a270cd0b37d7/sm/snapshot.1_29 took: 47 ms
2023-08-28 09:32:23,562 [dcc8ddaa-5db1-4c5e-85ac-81412a5c6050@group-D79D038BC015-StateMachineUpdater] INFO  impl.StateMachineUpdater (StateMachineUpdater.java:takeSnapshot(291)) - dcc8ddaa-5db1-4c5e-85ac-81412a5c6050@group-D79D038BC015-StateMachineUpdater: Took a snapshot at index 0
2023-08-28 09:32:23,562 [dcc8ddaa-5db1-4c5e-85ac-81412a5c6050@group-A270CD0B37D7-StateMachineUpdater] INFO  impl.StateMachineUpdater (StateMachineUpdater.java:takeSnapshot(291)) - dcc8ddaa-5db1-4c5e-85ac-81412a5c6050@group-A270CD0B37D7-StateMachineUpdater: Took a snapshot at index 29
2023-08-28 09:32:23,562 [ForkJoinPool.commonPool-worker-1] INFO  server.RaftServer (RaftServerProxy.java:lambda$close$6(416)) - 2b44ba7e-4447-49ac-8e23-11440ea2d57e: close
2023-08-28 09:32:23,562 [4beee146-73ae-4cd4-94a1-e1eb5fcd7f02@group-B9BC7A8E5B7D-StateMachineUpdater] INFO  impl.StateMachineUpdater (StateMachineUpdater.java:takeSnapshot(291)) - 4beee146-73ae-4cd4-94a1-e1eb5fcd7f02@group-B9BC7A8E5B7D-StateMachineUpdater: Took a snapshot at index 0
2023-08-28 09:32:23,562 [4beee146-73ae-4cd4-94a1-e1eb5fcd7f02@group-B9BC7A8E5B7D-StateMachineUpdater] INFO  impl.StateMachineUpdater (StateMachineUpdater.java:lambda$new$0(97)) - 4beee146-73ae-4cd4-94a1-e1eb5fcd7f02@group-B9BC7A8E5B7D-StateMachineUpdater: snapshotIndex: updateIncreasingly -1 -> 0
2023-08-28 09:32:23,562 [dcc8ddaa-5db1-4c5e-85ac-81412a5c6050@group-D79D038BC015-StateMachineUpdater] INFO  impl.StateMachineUpdater (StateMachineUpdater.java:lambda$new$0(97)) - dcc8ddaa-5db1-4c5e-85ac-81412a5c6050@group-D79D038BC015-StateMachineUpdater: snapshotIndex: updateIncreasingly -1 -> 0
2023-08-28 09:32:23,562 [dcc8ddaa-5db1-4c5e-85ac-81412a5c6050@group-A270CD0B37D7-StateMachineUpdater] INFO  impl.StateMachineUpdater (StateMachineUpdater.java:lambda$new$0(97)) - dcc8ddaa-5db1-4c5e-85ac-81412a5c6050@group-A270CD0B37D7-StateMachineUpdater: snapshotIndex: updateIncreasingly -1 -> 29
2023-08-28 09:32:23,563 [dcc8ddaa-5db1-4c5e-85ac-81412a5c6050@group-BA0DE8F91112-StateMachineUpdater] INFO  ratis.ContainerStateMachine (ContainerStateMachine.java:takeSnapshot(341)) - group-BA0DE8F91112: Finished taking a snapshot at:(t:1, i:4) file:/home/runner/work/ozone/ozone/hadoop-ozone/integration-test/target/test-dir/MiniOzoneClusterImpl-56d16ed0-cc7e-4f87-bd63-81d84e7eb885/datanode-1/data/ratis/9e682222-9aa6-4020-964b-ba0de8f91112/sm/snapshot.1_4 took: 45 ms
2023-08-28 09:32:23,563 [dcc8ddaa-5db1-4c5e-85ac-81412a5c6050@group-BA0DE8F91112-StateMachineUpdater] INFO  impl.StateMachineUpdater (StateMachineUpdater.java:takeSnapshot(291)) - dcc8ddaa-5db1-4c5e-85ac-81412a5c6050@group-BA0DE8F91112-StateMachineUpdater: Took a snapshot at index 4
2023-08-28 09:32:23,563 [dcc8ddaa-5db1-4c5e-85ac-81412a5c6050@group-BA0DE8F91112-StateMachineUpdater] INFO  impl.StateMachineUpdater (StateMachineUpdater.java:lambda$new$0(97)) - dcc8ddaa-5db1-4c5e-85ac-81412a5c6050@group-BA0DE8F91112-StateMachineUpdater: snapshotIndex: updateIncreasingly -1 -> 4
2023-08-28 09:32:23,563 [2b44ba7e-4447-49ac-8e23-11440ea2d57e-impl-thread2] INFO  server.RaftServer$Division (RaftServerImpl.java:lambda$close$4(466)) - 2b44ba7e-4447-49ac-8e23-11440ea2d57e@group-BA0DE8F91112: shutdown
2023-08-28 09:32:23,563 [2b44ba7e-4447-49ac-8e23-11440ea2d57e-impl-thread2] INFO  util.JmxRegister (JmxRegister.java:unregister(73)) - Successfully un-registered JMX Bean with object name Ratis:service=RaftServer,group=group-BA0DE8F91112,id=2b44ba7e-4447-49ac-8e23-11440ea2d57e
2023-08-28 09:32:23,563 [2b44ba7e-4447-49ac-8e23-11440ea2d57e-impl-thread2] INFO  impl.RoleInfo (RoleInfo.java:shutdownLeaderState(93)) - 2b44ba7e-4447-49ac-8e23-11440ea2d57e: shutdown 2b44ba7e-4447-49ac-8e23-11440ea2d57e@group-BA0DE8F91112-LeaderStateImpl
2023-08-28 09:32:23,563 [2b44ba7e-4447-49ac-8e23-11440ea2d57e-impl-thread3] INFO  server.RaftServer$Division (RaftServerImpl.java:lambda$close$4(466)) - 2b44ba7e-4447-49ac-8e23-11440ea2d57e@group-8D309CA94D72: shutdown
2023-08-28 09:32:23,564 [2b44ba7e-4447-49ac-8e23-11440ea2d57e-impl-thread3] INFO  util.JmxRegister (JmxRegister.java:unregister(73)) - Successfully un-registered JMX Bean with object name Ratis:service=RaftServer,group=group-8D309CA94D72,id=2b44ba7e-4447-49ac-8e23-11440ea2d57e
2023-08-28 09:32:23,564 [2b44ba7e-4447-49ac-8e23-11440ea2d57e-impl-thread3] INFO  impl.RoleInfo (RoleInfo.java:shutdownLeaderState(93)) - 2b44ba7e-4447-49ac-8e23-11440ea2d57e: shutdown 2b44ba7e-4447-49ac-8e23-11440ea2d57e@group-8D309CA94D72-LeaderStateImpl
2023-08-28 09:32:23,564 [2b44ba7e-4447-49ac-8e23-11440ea2d57e-impl-thread3] INFO  impl.PendingRequests (PendingRequests.java:sendNotLeaderResponses(289)) - 2b44ba7e-4447-49ac-8e23-11440ea2d57e@group-8D309CA94D72-PendingRequests: sendNotLeaderResponses
2023-08-28 09:32:23,564 [2b44ba7e-4447-49ac-8e23-11440ea2d57e-impl-thread3] INFO  impl.StateMachineUpdater (StateMachineUpdater.java:stopAndJoin(155)) - 2b44ba7e-4447-49ac-8e23-11440ea2d57e@group-8D309CA94D72-StateMachineUpdater: set stopIndex = 0
2023-08-28 09:32:23,564 [ForkJoinPool.commonPool-worker-1] INFO  server.GrpcService (GrpcService.java:closeImpl(311)) - 2b44ba7e-4447-49ac-8e23-11440ea2d57e: shutdown server org.apache.ratis.grpc.server.GrpcClientProtocolService now
2023-08-28 09:32:23,564 [2b44ba7e-4447-49ac-8e23-11440ea2d57e@group-8D309CA94D72-StateMachineUpdater] INFO  ratis.ContainerStateMachine (ContainerStateMachine.java:takeSnapshot(330)) - group-8D309CA94D72: Taking a snapshot at:(t:1, i:0) file /home/runner/work/ozone/ozone/hadoop-ozone/integration-test/target/test-dir/MiniOzoneClusterImpl-56d16ed0-cc7e-4f87-bd63-81d84e7eb885/datanode-0/data/ratis/28d535bf-1b69-4277-a89c-8d309ca94d72/sm/snapshot.1_0
2023-08-28 09:32:23,575 [4beee146-73ae-4cd4-94a1-e1eb5fcd7f02-impl-thread3] INFO  impl.PendingRequests (PendingRequests.java:sendNotLeaderResponses(289)) - 4beee146-73ae-4cd4-94a1-e1eb5fcd7f02@group-A270CD0B37D7-PendingRequests: sendNotLeaderResponses
2023-08-28 09:32:23,575 [4beee146-73ae-4cd4-94a1-e1eb5fcd7f02@group-A270CD0B37D7->dcc8ddaa-5db1-4c5e-85ac-81412a5c6050-GrpcLogAppender-LogAppenderDaemon] WARN  server.GrpcLogAppender (GrpcLogAppender.java:mayWait(199)) - 4beee146-73ae-4cd4-94a1-e1eb5fcd7f02@group-A270CD0B37D7->dcc8ddaa-5db1-4c5e-85ac-81412a5c6050-GrpcLogAppender: Wait interrupted by java.lang.InterruptedException
2023-08-28 09:32:23,575 [4beee146-73ae-4cd4-94a1-e1eb5fcd7f02-impl-thread2] INFO  impl.StateMachineUpdater (StateMachineUpdater.java:stopAndJoin(155)) - 4beee146-73ae-4cd4-94a1-e1eb5fcd7f02@group-BA0DE8F91112-StateMachineUpdater: set stopIndex = 4
2023-08-28 09:32:23,575 [4beee146-73ae-4cd4-94a1-e1eb5fcd7f02@group-BA0DE8F91112-FollowerState] INFO  impl.FollowerState (FollowerState.java:run(152)) - 4beee146-73ae-4cd4-94a1-e1eb5fcd7f02@group-BA0DE8F91112-FollowerState was interrupted
2023-08-28 09:32:23,576 [2b44ba7e-4447-49ac-8e23-11440ea2d57e-impl-thread4] INFO  server.RaftServer$Division (RaftServerImpl.java:lambda$close$4(466)) - 2b44ba7e-4447-49ac-8e23-11440ea2d57e@group-A270CD0B37D7: shutdown
2023-08-28 09:32:23,576 [2b44ba7e-4447-49ac-8e23-11440ea2d57e-impl-thread4] INFO  util.JmxRegister (JmxRegister.java:unregister(73)) - Successfully un-registered JMX Bean with object name Ratis:service=RaftServer,group=group-A270CD0B37D7,id=2b44ba7e-4447-49ac-8e23-11440ea2d57e
2023-08-28 09:32:23,576 [2b44ba7e-4447-49ac-8e23-11440ea2d57e-impl-thread4] INFO  impl.RoleInfo (RoleInfo.java:shutdownFollowerState(110)) - 2b44ba7e-4447-49ac-8e23-11440ea2d57e: shutdown 2b44ba7e-4447-49ac-8e23-11440ea2d57e@group-A270CD0B37D7-FollowerState
2023-08-28 09:32:23,576 [2b44ba7e-4447-49ac-8e23-11440ea2d57e@group-A270CD0B37D7-FollowerState] INFO  impl.FollowerState (FollowerState.java:run(152)) - 2b44ba7e-4447-49ac-8e23-11440ea2d57e@group-A270CD0B37D7-FollowerState was interrupted
2023-08-28 09:32:23,576 [2b44ba7e-4447-49ac-8e23-11440ea2d57e-impl-thread2] INFO  impl.PendingRequests (PendingRequests.java:sendNotLeaderResponses(289)) - 2b44ba7e-4447-49ac-8e23-11440ea2d57e@group-BA0DE8F91112-PendingRequests: sendNotLeaderResponses
2023-08-28 09:32:23,576 [2b44ba7e-4447-49ac-8e23-11440ea2d57e@group-8D309CA94D72-StateMachineUpdater] INFO  ratis.ContainerStateMachine (ContainerStateMachine.java:takeSnapshot(341)) - group-8D309CA94D72: Finished taking a snapshot at:(t:1, i:0) file:/home/runner/work/ozone/ozone/hadoop-ozone/integration-test/target/test-dir/MiniOzoneClusterImpl-56d16ed0-cc7e-4f87-bd63-81d84e7eb885/datanode-0/data/ratis/28d535bf-1b69-4277-a89c-8d309ca94d72/sm/snapshot.1_0 took: 12 ms
2023-08-28 09:32:23,576 [2b44ba7e-4447-49ac-8e23-11440ea2d57e-impl-thread4] INFO  impl.StateMachineUpdater (StateMachineUpdater.java:stopAndJoin(155)) - 2b44ba7e-4447-49ac-8e23-11440ea2d57e@group-A270CD0B37D7-StateMachineUpdater: set stopIndex = 29
2023-08-28 09:32:23,576 [2b44ba7e-4447-49ac-8e23-11440ea2d57e@group-8D309CA94D72-StateMachineUpdater] INFO  impl.StateMachineUpdater (StateMachineUpdater.java:takeSnapshot(291)) - 2b44ba7e-4447-49ac-8e23-11440ea2d57e@group-8D309CA94D72-StateMachineUpdater: Took a snapshot at index 0
2023-08-28 09:32:23,577 [2b44ba7e-4447-49ac-8e23-11440ea2d57e@group-8D309CA94D72-StateMachineUpdater] INFO  impl.StateMachineUpdater (StateMachineUpdater.java:lambda$new$0(97)) - 2b44ba7e-4447-49ac-8e23-11440ea2d57e@group-8D309CA94D72-StateMachineUpdater: snapshotIndex: updateIncreasingly -1 -> 0
2023-08-28 09:32:23,577 [2b44ba7e-4447-49ac-8e23-11440ea2d57e@group-A270CD0B37D7-StateMachineUpdater] INFO  ratis.ContainerStateMachine (ContainerStateMachine.java:takeSnapshot(330)) - group-A270CD0B37D7: Taking a snapshot at:(t:1, i:29) file /home/runner/work/ozone/ozone/hadoop-ozone/integration-test/target/test-dir/MiniOzoneClusterImpl-56d16ed0-cc7e-4f87-bd63-81d84e7eb885/datanode-0/data/ratis/78412001-a398-40cc-81dd-a270cd0b37d7/sm/snapshot.1_29
2023-08-28 09:32:23,576 [4beee146-73ae-4cd4-94a1-e1eb5fcd7f02@group-BA0DE8F91112-StateMachineUpdater] INFO  ratis.ContainerStateMachine (ContainerStateMachine.java:takeSnapshot(330)) - group-BA0DE8F91112: Taking a snapshot at:(t:1, i:4) file /home/runner/work/ozone/ozone/hadoop-ozone/integration-test/target/test-dir/MiniOzoneClusterImpl-56d16ed0-cc7e-4f87-bd63-81d84e7eb885/datanode-2/data/ratis/9e682222-9aa6-4020-964b-ba0de8f91112/sm/snapshot.1_4
2023-08-28 09:32:23,585 [Thread-514] INFO  server.GrpcServerProtocolClient (GrpcServerProtocolClient.java:close(103)) - dcc8ddaa-5db1-4c5e-85ac-81412a5c6050 Close channels
2023-08-28 09:32:23,586 [Thread-516] INFO  server.GrpcServerProtocolClient (GrpcServerProtocolClient.java:close(103)) - 2b44ba7e-4447-49ac-8e23-11440ea2d57e Close channels
2023-08-28 09:32:23,576 [4beee146-73ae-4cd4-94a1-e1eb5fcd7f02@group-A270CD0B37D7->2b44ba7e-4447-49ac-8e23-11440ea2d57e-GrpcLogAppender-LogAppenderDaemon] WARN  server.GrpcLogAppender (GrpcLogAppender.java:mayWait(199)) - 4beee146-73ae-4cd4-94a1-e1eb5fcd7f02@group-A270CD0B37D7->2b44ba7e-4447-49ac-8e23-11440ea2d57e-GrpcLogAppender: Wait interrupted by java.lang.InterruptedException
2023-08-28 09:32:23,586 [ForkJoinPool.commonPool-worker-0] INFO  server.GrpcService (GrpcService.java:closeImpl(320)) - dcc8ddaa-5db1-4c5e-85ac-81412a5c6050: shutdown server org.apache.ratis.grpc.server.GrpcClientProtocolService successfully
2023-08-28 09:32:23,586 [ForkJoinPool.commonPool-worker-0] INFO  server.GrpcService (GrpcService.java:closeImpl(311)) - dcc8ddaa-5db1-4c5e-85ac-81412a5c6050: shutdown server GrpcServerProtocolService now
2023-08-28 09:32:23,576 [2b44ba7e-4447-49ac-8e23-11440ea2d57e@group-BA0DE8F91112->dcc8ddaa-5db1-4c5e-85ac-81412a5c6050-GrpcLogAppender-LogAppenderDaemon] WARN  server.GrpcLogAppender (GrpcLogAppender.java:mayWait(199)) - 2b44ba7e-4447-49ac-8e23-11440ea2d57e@group-BA0DE8F91112->dcc8ddaa-5db1-4c5e-85ac-81412a5c6050-GrpcLogAppender: Wait interrupted by java.lang.InterruptedException
2023-08-28 09:32:23,576 [2b44ba7e-4447-49ac-8e23-11440ea2d57e@group-BA0DE8F91112->4beee146-73ae-4cd4-94a1-e1eb5fcd7f02-GrpcLogAppender-LogAppenderDaemon] WARN  server.GrpcLogAppender (GrpcLogAppender.java:mayWait(199)) - 2b44ba7e-4447-49ac-8e23-11440ea2d57e@group-BA0DE8F91112->4beee146-73ae-4cd4-94a1-e1eb5fcd7f02-GrpcLogAppender: Wait interrupted by java.lang.InterruptedException
2023-08-28 09:32:23,589 [2b44ba7e-4447-49ac-8e23-11440ea2d57e@group-A270CD0B37D7-StateMachineUpdater] INFO  ratis.ContainerStateMachine (ContainerStateMachine.java:takeSnapshot(341)) - group-A270CD0B37D7: Finished taking a snapshot at:(t:1, i:29) file:/home/runner/work/ozone/ozone/hadoop-ozone/integration-test/target/test-dir/MiniOzoneClusterImpl-56d16ed0-cc7e-4f87-bd63-81d84e7eb885/datanode-0/data/ratis/78412001-a398-40cc-81dd-a270cd0b37d7/sm/snapshot.1_29 took: 13 ms
2023-08-28 09:32:23,589 [4beee146-73ae-4cd4-94a1-e1eb5fcd7f02@group-BA0DE8F91112-StateMachineUpdater] INFO  ratis.ContainerStateMachine (ContainerStateMachine.java:takeSnapshot(341)) - group-BA0DE8F91112: Finished taking a snapshot at:(t:1, i:4) file:/home/runner/work/ozone/ozone/hadoop-ozone/integration-test/target/test-dir/MiniOzoneClusterImpl-56d16ed0-cc7e-4f87-bd63-81d84e7eb885/datanode-2/data/ratis/9e682222-9aa6-4020-964b-ba0de8f91112/sm/snapshot.1_4 took: 13 ms
2023-08-28 09:32:23,589 [2b44ba7e-4447-49ac-8e23-11440ea2d57e@group-A270CD0B37D7-StateMachineUpdater] INFO  impl.StateMachineUpdater (StateMachineUpdater.java:takeSnapshot(291)) - 2b44ba7e-4447-49ac-8e23-11440ea2d57e@group-A270CD0B37D7-StateMachineUpdater: Took a snapshot at index 29
2023-08-28 09:32:23,589 [2b44ba7e-4447-49ac-8e23-11440ea2d57e@group-A270CD0B37D7-StateMachineUpdater] INFO  impl.StateMachineUpdater (StateMachineUpdater.java:lambda$new$0(97)) - 2b44ba7e-4447-49ac-8e23-11440ea2d57e@group-A270CD0B37D7-StateMachineUpdater: snapshotIndex: updateIncreasingly -1 -> 29
2023-08-28 09:32:23,589 [4beee146-73ae-4cd4-94a1-e1eb5fcd7f02@group-BA0DE8F91112-StateMachineUpdater] INFO  impl.StateMachineUpdater (StateMachineUpdater.java:takeSnapshot(291)) - 4beee146-73ae-4cd4-94a1-e1eb5fcd7f02@group-BA0DE8F91112-StateMachineUpdater: Took a snapshot at index 4
2023-08-28 09:32:23,590 [4beee146-73ae-4cd4-94a1-e1eb5fcd7f02@group-BA0DE8F91112-StateMachineUpdater] INFO  impl.StateMachineUpdater (StateMachineUpdater.java:lambda$new$0(97)) - 4beee146-73ae-4cd4-94a1-e1eb5fcd7f02@group-BA0DE8F91112-StateMachineUpdater: snapshotIndex: updateIncreasingly -1 -> 4
2023-08-28 09:32:23,592 [Thread-520] INFO  server.GrpcServerProtocolClient (GrpcServerProtocolClient.java:close(103)) - dcc8ddaa-5db1-4c5e-85ac-81412a5c6050 Close channels
2023-08-28 09:32:23,592 [Thread-521] INFO  server.GrpcServerProtocolClient (GrpcServerProtocolClient.java:close(103)) - 4beee146-73ae-4cd4-94a1-e1eb5fcd7f02 Close channels
2023-08-28 09:32:23,595 [grpc-default-executor-5] WARN  server.GrpcClientProtocolService (LogUtils.java:warn(122)) - 0-OrderedRequestStreamObserver0: onError: org.apache.ratis.thirdparty.io.grpc.StatusRuntimeException: CANCELLED: client cancelled
2023-08-28 09:32:23,598 [grpc-default-executor-7] WARN  server.GrpcServerProtocolService (LogUtils.java:warn(122)) - dcc8ddaa-5db1-4c5e-85ac-81412a5c6050: APPEND_ENTRIES onError, lastRequest: 4beee146-73ae-4cd4-94a1-e1eb5fcd7f02->dcc8ddaa-5db1-4c5e-85ac-81412a5c6050#80-t1,previous=(t:1, i:29),leaderCommit=29,initializing? true,entries: size=1, first=(t:1, i:30), METADATAENTRY(c:29): org.apache.ratis.thirdparty.io.grpc.StatusRuntimeException: CANCELLED: client cancelled
2023-08-28 09:32:23,600 [2b44ba7e-4447-49ac-8e23-11440ea2d57e-impl-thread2] INFO  impl.StateMachineUpdater (StateMachineUpdater.java:stopAndJoin(155)) - 2b44ba7e-4447-49ac-8e23-11440ea2d57e@group-BA0DE8F91112-StateMachineUpdater: set stopIndex = 4
2023-08-28 09:32:23,600 [2b44ba7e-4447-49ac-8e23-11440ea2d57e@group-BA0DE8F91112-StateMachineUpdater] INFO  ratis.ContainerStateMachine (ContainerStateMachine.java:takeSnapshot(330)) - group-BA0DE8F91112: Taking a snapshot at:(t:1, i:4) file /home/runner/work/ozone/ozone/hadoop-ozone/integration-test/target/test-dir/MiniOzoneClusterImpl-56d16ed0-cc7e-4f87-bd63-81d84e7eb885/datanode-0/data/ratis/9e682222-9aa6-4020-964b-ba0de8f91112/sm/snapshot.1_4
2023-08-28 09:32:23,595 [grpc-default-executor-3] WARN  server.GrpcClientProtocolService (LogUtils.java:warn(122)) - 3-OrderedRequestStreamObserver3: onError: org.apache.ratis.thirdparty.io.grpc.StatusRuntimeException: CANCELLED: client cancelled
2023-08-28 09:32:23,602 [2b44ba7e-4447-49ac-8e23-11440ea2d57e@group-BA0DE8F91112-StateMachineUpdater] INFO  ratis.ContainerStateMachine (ContainerStateMachine.java:takeSnapshot(341)) - group-BA0DE8F91112: Finished taking a snapshot at:(t:1, i:4) file:/home/runner/work/ozone/ozone/hadoop-ozone/integration-test/target/test-dir/MiniOzoneClusterImpl-56d16ed0-cc7e-4f87-bd63-81d84e7eb885/datanode-0/data/ratis/9e682222-9aa6-4020-964b-ba0de8f91112/sm/snapshot.1_4 took: 2 ms
2023-08-28 09:32:23,603 [2b44ba7e-4447-49ac-8e23-11440ea2d57e@group-BA0DE8F91112-StateMachineUpdater] INFO  impl.StateMachineUpdater (StateMachineUpdater.java:takeSnapshot(291)) - 2b44ba7e-4447-49ac-8e23-11440ea2d57e@group-BA0DE8F91112-StateMachineUpdater: Took a snapshot at index 4
2023-08-28 09:32:23,603 [2b44ba7e-4447-49ac-8e23-11440ea2d57e@group-BA0DE8F91112-StateMachineUpdater] INFO  impl.StateMachineUpdater (StateMachineUpdater.java:lambda$new$0(97)) - 2b44ba7e-4447-49ac-8e23-11440ea2d57e@group-BA0DE8F91112-StateMachineUpdater: snapshotIndex: updateIncreasingly -1 -> 4
2023-08-28 09:32:23,603 [2b44ba7e-4447-49ac-8e23-11440ea2d57e-impl-thread4] INFO  server.RaftServer$Division (ServerState.java:close(472)) - 2b44ba7e-4447-49ac-8e23-11440ea2d57e@group-A270CD0B37D7: closes. applyIndex: 29
2023-08-28 09:32:23,604 [2b44ba7e-4447-49ac-8e23-11440ea2d57e-impl-thread3] INFO  server.RaftServer$Division (ServerState.java:close(472)) - 2b44ba7e-4447-49ac-8e23-11440ea2d57e@group-8D309CA94D72: closes. applyIndex: 0
2023-08-28 09:32:23,597 [grpc-default-executor-6] WARN  server.GrpcClientProtocolService (LogUtils.java:warn(122)) - 4-UnorderedRequestStreamObserver4: onError: org.apache.ratis.thirdparty.io.grpc.StatusRuntimeException: CANCELLED: client cancelled
2023-08-28 09:32:23,604 [ForkJoinPool.commonPool-worker-2] INFO  ozoneimpl.OzoneContainer (OzoneContainer.java:stop(451)) - Attempting to stop container services.
2023-08-28 09:32:23,604 [dcc8ddaa-5db1-4c5e-85ac-81412a5c6050-impl-thread2] INFO  server.RaftServer$Division (ServerState.java:close(472)) - dcc8ddaa-5db1-4c5e-85ac-81412a5c6050@group-BA0DE8F91112: closes. applyIndex: 4
2023-08-28 09:32:23,604 [4beee146-73ae-4cd4-94a1-e1eb5fcd7f02-impl-thread4] INFO  server.RaftServer$Division (ServerState.java:close(472)) - 4beee146-73ae-4cd4-94a1-e1eb5fcd7f02@group-B9BC7A8E5B7D: closes. applyIndex: 0
2023-08-28 09:32:23,604 [dcc8ddaa-5db1-4c5e-85ac-81412a5c6050-impl-thread4] INFO  server.RaftServer$Division (ServerState.java:close(472)) - dcc8ddaa-5db1-4c5e-85ac-81412a5c6050@group-D79D038BC015: closes. applyIndex: 0
2023-08-28 09:32:23,605 [ForkJoinPool.commonPool-worker-2] INFO  server.RaftServer (RaftServerProxy.java:lambda$close$6(416)) - c87c8152-e9d9-48d7-ae39-d5d54b797c29: close
2023-08-28 09:32:23,606 [4beee146-73ae-4cd4-94a1-e1eb5fcd7f02-impl-thread3] INFO  impl.StateMachineUpdater (StateMachineUpdater.java:stopAndJoin(155)) - 4beee146-73ae-4cd4-94a1-e1eb5fcd7f02@group-A270CD0B37D7-StateMachineUpdater: set stopIndex = 30
2023-08-28 09:32:23,607 [4beee146-73ae-4cd4-94a1-e1eb5fcd7f02@group-A270CD0B37D7-StateMachineUpdater] INFO  ratis.ContainerStateMachine (ContainerStateMachine.java:takeSnapshot(330)) - group-A270CD0B37D7: Taking a snapshot at:(t:1, i:30) file /home/runner/work/ozone/ozone/hadoop-ozone/integration-test/target/test-dir/MiniOzoneClusterImpl-56d16ed0-cc7e-4f87-bd63-81d84e7eb885/datanode-2/data/ratis/78412001-a398-40cc-81dd-a270cd0b37d7/sm/snapshot.1_30
2023-08-28 09:32:23,607 [4beee146-73ae-4cd4-94a1-e1eb5fcd7f02-impl-thread2] INFO  server.RaftServer$Division (ServerState.java:close(472)) - 4beee146-73ae-4cd4-94a1-e1eb5fcd7f02@group-BA0DE8F91112: closes. applyIndex: 4
2023-08-28 09:32:23,607 [2b44ba7e-4447-49ac-8e23-11440ea2d57e-impl-thread2] INFO  server.RaftServer$Division (ServerState.java:close(472)) - 2b44ba7e-4447-49ac-8e23-11440ea2d57e@group-BA0DE8F91112: closes. applyIndex: 4
2023-08-28 09:32:23,607 [dcc8ddaa-5db1-4c5e-85ac-81412a5c6050-impl-thread3] INFO  server.RaftServer$Division (ServerState.java:close(472)) - dcc8ddaa-5db1-4c5e-85ac-81412a5c6050@group-A270CD0B37D7: closes. applyIndex: 29
2023-08-28 09:32:23,609 [4beee146-73ae-4cd4-94a1-e1eb5fcd7f02@group-A270CD0B37D7-StateMachineUpdater] INFO  ratis.ContainerStateMachine (ContainerStateMachine.java:takeSnapshot(341)) - group-A270CD0B37D7: Finished taking a snapshot at:(t:1, i:30) file:/home/runner/work/ozone/ozone/hadoop-ozone/integration-test/target/test-dir/MiniOzoneClusterImpl-56d16ed0-cc7e-4f87-bd63-81d84e7eb885/datanode-2/data/ratis/78412001-a398-40cc-81dd-a270cd0b37d7/sm/snapshot.1_30 took: 3 ms
2023-08-28 09:32:23,610 [4beee146-73ae-4cd4-94a1-e1eb5fcd7f02@group-A270CD0B37D7-StateMachineUpdater] INFO  impl.StateMachineUpdater (StateMachineUpdater.java:takeSnapshot(291)) - 4beee146-73ae-4cd4-94a1-e1eb5fcd7f02@group-A270CD0B37D7-StateMachineUpdater: Took a snapshot at index 30
2023-08-28 09:32:23,610 [4beee146-73ae-4cd4-94a1-e1eb5fcd7f02@group-A270CD0B37D7-StateMachineUpdater] INFO  impl.StateMachineUpdater (StateMachineUpdater.java:lambda$new$0(97)) - 4beee146-73ae-4cd4-94a1-e1eb5fcd7f02@group-A270CD0B37D7-StateMachineUpdater: snapshotIndex: updateIncreasingly -1 -> 30
2023-08-28 09:32:23,610 [ForkJoinPool.commonPool-worker-2] INFO  server.GrpcService (GrpcService.java:closeImpl(311)) - c87c8152-e9d9-48d7-ae39-d5d54b797c29: shutdown server org.apache.ratis.grpc.server.GrpcClientProtocolService now
2023-08-28 09:32:23,611 [c87c8152-e9d9-48d7-ae39-d5d54b797c29-impl-thread2] INFO  server.RaftServer$Division (RaftServerImpl.java:lambda$close$4(466)) - c87c8152-e9d9-48d7-ae39-d5d54b797c29@group-2FDB401EFE73: shutdown
2023-08-28 09:32:23,611 [c87c8152-e9d9-48d7-ae39-d5d54b797c29-impl-thread2] INFO  util.JmxRegister (JmxRegister.java:unregister(73)) - Successfully un-registered JMX Bean with object name Ratis:service=RaftServer,group=group-2FDB401EFE73,id=c87c8152-e9d9-48d7-ae39-d5d54b797c29
2023-08-28 09:32:23,611 [c87c8152-e9d9-48d7-ae39-d5d54b797c29-impl-thread2] INFO  impl.RoleInfo (RoleInfo.java:shutdownLeaderState(93)) - c87c8152-e9d9-48d7-ae39-d5d54b797c29: shutdown c87c8152-e9d9-48d7-ae39-d5d54b797c29@group-2FDB401EFE73-LeaderStateImpl
2023-08-28 09:32:23,611 [c87c8152-e9d9-48d7-ae39-d5d54b797c29-impl-thread2] INFO  impl.PendingRequests (PendingRequests.java:sendNotLeaderResponses(289)) - c87c8152-e9d9-48d7-ae39-d5d54b797c29@group-2FDB401EFE73-PendingRequests: sendNotLeaderResponses
2023-08-28 09:32:23,612 [c87c8152-e9d9-48d7-ae39-d5d54b797c29@group-2FDB401EFE73-StateMachineUpdater] INFO  ratis.ContainerStateMachine (ContainerStateMachine.java:takeSnapshot(330)) - group-2FDB401EFE73: Taking a snapshot at:(t:1, i:0) file /home/runner/work/ozone/ozone/hadoop-ozone/integration-test/target/test-dir/MiniOzoneClusterImpl-56d16ed0-cc7e-4f87-bd63-81d84e7eb885/datanode-4/data/ratis/ab4a6bb6-7157-4a31-bf89-2fdb401efe73/sm/snapshot.1_0
2023-08-28 09:32:23,612 [c87c8152-e9d9-48d7-ae39-d5d54b797c29-impl-thread2] INFO  impl.StateMachineUpdater (StateMachineUpdater.java:stopAndJoin(155)) - c87c8152-e9d9-48d7-ae39-d5d54b797c29@group-2FDB401EFE73-StateMachineUpdater: set stopIndex = 0
2023-08-28 09:32:23,614 [c87c8152-e9d9-48d7-ae39-d5d54b797c29@group-2FDB401EFE73-StateMachineUpdater] INFO  ratis.ContainerStateMachine (ContainerStateMachine.java:takeSnapshot(341)) - group-2FDB401EFE73: Finished taking a snapshot at:(t:1, i:0) file:/home/runner/work/ozone/ozone/hadoop-ozone/integration-test/target/test-dir/MiniOzoneClusterImpl-56d16ed0-cc7e-4f87-bd63-81d84e7eb885/datanode-4/data/ratis/ab4a6bb6-7157-4a31-bf89-2fdb401efe73/sm/snapshot.1_0 took: 2 ms
2023-08-28 09:32:23,614 [c87c8152-e9d9-48d7-ae39-d5d54b797c29@group-2FDB401EFE73-StateMachineUpdater] INFO  impl.StateMachineUpdater (StateMachineUpdater.java:takeSnapshot(291)) - c87c8152-e9d9-48d7-ae39-d5d54b797c29@group-2FDB401EFE73-StateMachineUpdater: Took a snapshot at index 0
2023-08-28 09:32:23,614 [c87c8152-e9d9-48d7-ae39-d5d54b797c29@group-2FDB401EFE73-StateMachineUpdater] INFO  impl.StateMachineUpdater (StateMachineUpdater.java:lambda$new$0(97)) - c87c8152-e9d9-48d7-ae39-d5d54b797c29@group-2FDB401EFE73-StateMachineUpdater: snapshotIndex: updateIncreasingly -1 -> 0
2023-08-28 09:32:23,614 [c87c8152-e9d9-48d7-ae39-d5d54b797c29-impl-thread2] INFO  server.RaftServer$Division (ServerState.java:close(472)) - c87c8152-e9d9-48d7-ae39-d5d54b797c29@group-2FDB401EFE73: closes. applyIndex: 0
2023-08-28 09:32:23,614 [ForkJoinPool.commonPool-worker-2] INFO  server.GrpcService (GrpcService.java:closeImpl(320)) - c87c8152-e9d9-48d7-ae39-d5d54b797c29: shutdown server org.apache.ratis.grpc.server.GrpcClientProtocolService successfully
2023-08-28 09:32:23,614 [ForkJoinPool.commonPool-worker-2] INFO  server.GrpcService (GrpcService.java:closeImpl(311)) - c87c8152-e9d9-48d7-ae39-d5d54b797c29: shutdown server GrpcServerProtocolService now
2023-08-28 09:32:23,616 [ForkJoinPool.commonPool-worker-0] INFO  server.GrpcService (GrpcService.java:closeImpl(320)) - dcc8ddaa-5db1-4c5e-85ac-81412a5c6050: shutdown server GrpcServerProtocolService successfully
2023-08-28 09:32:23,617 [ForkJoinPool.commonPool-worker-0] INFO  server.GrpcService (GrpcService.java:closeImpl(311)) - dcc8ddaa-5db1-4c5e-85ac-81412a5c6050: shutdown server org.apache.ratis.grpc.server.GrpcAdminProtocolService now
2023-08-28 09:32:23,627 [4beee146-73ae-4cd4-94a1-e1eb5fcd7f02-impl-thread3] INFO  server.RaftServer$Division (ServerState.java:close(472)) - 4beee146-73ae-4cd4-94a1-e1eb5fcd7f02@group-A270CD0B37D7: closes. applyIndex: 30
2023-08-28 09:32:23,607 [grpc-default-executor-6] WARN  server.GrpcServerProtocolService (LogUtils.java:warn(122)) - dcc8ddaa-5db1-4c5e-85ac-81412a5c6050: APPEND_ENTRIES onError, lastRequest: null: org.apache.ratis.thirdparty.io.grpc.StatusRuntimeException: CANCELLED: client cancelled
2023-08-28 09:32:23,629 [grpc-default-executor-5] INFO  server.GrpcServerProtocolService (GrpcServerProtocolService.java:onCompleted(155)) - 4beee146-73ae-4cd4-94a1-e1eb5fcd7f02: Completed APPEND_ENTRIES, lastRequest: 2b44ba7e-4447-49ac-8e23-11440ea2d57e->4beee146-73ae-4cd4-94a1-e1eb5fcd7f02#6-t1,previous=(t:1, i:3),leaderCommit=2,initializing? true,entries: size=1, first=(t:1, i:4), METADATAENTRY(c:2)
2023-08-28 09:32:23,615 [grpc-default-executor-9] WARN  server.GrpcServerProtocolService (LogUtils.java:warn(122)) - dcc8ddaa-5db1-4c5e-85ac-81412a5c6050: APPEND_ENTRIES onError, lastRequest: null: org.apache.ratis.thirdparty.io.grpc.StatusRuntimeException: CANCELLED: client cancelled
2023-08-28 09:32:23,630 [grpc-default-executor-10] INFO  server.GrpcLogAppender (GrpcLogAppender.java:onError(417)) - 4beee146-73ae-4cd4-94a1-e1eb5fcd7f02@group-A270CD0B37D7->dcc8ddaa-5db1-4c5e-85ac-81412a5c6050-GrpcLogAppender is already stopped
2023-08-28 09:32:23,616 [grpc-default-executor-1] WARN  server.GrpcServerProtocolService (LogUtils.java:warn(122)) - dcc8ddaa-5db1-4c5e-85ac-81412a5c6050: APPEND_ENTRIES onError, lastRequest: 2b44ba7e-4447-49ac-8e23-11440ea2d57e->dcc8ddaa-5db1-4c5e-85ac-81412a5c6050#6-t1,previous=(t:1, i:3),leaderCommit=2,initializing? true,entries: size=1, first=(t:1, i:4), METADATAENTRY(c:2): org.apache.ratis.thirdparty.io.grpc.StatusRuntimeException: CANCELLED: client cancelled
2023-08-28 09:32:23,630 [grpc-default-executor-5] INFO  server.GrpcServerProtocolService (GrpcServerProtocolService.java:lambda$onCompleted$5(157)) - 4beee146-73ae-4cd4-94a1-e1eb5fcd7f02: Completed APPEND_ENTRIES, lastReply: null
2023-08-28 09:32:23,631 [ForkJoinPool.commonPool-worker-0] INFO  server.GrpcService (GrpcService.java:closeImpl(320)) - dcc8ddaa-5db1-4c5e-85ac-81412a5c6050: shutdown server org.apache.ratis.grpc.server.GrpcAdminProtocolService successfully
2023-08-28 09:32:23,631 [grpc-default-executor-7] INFO  server.GrpcLogAppender (GrpcLogAppender.java:onError(417)) - 2b44ba7e-4447-49ac-8e23-11440ea2d57e@group-BA0DE8F91112->dcc8ddaa-5db1-4c5e-85ac-81412a5c6050-GrpcLogAppender is already stopped
2023-08-28 09:32:23,617 [grpc-default-executor-3] INFO  server.GrpcServerProtocolService (GrpcServerProtocolService.java:onCompleted(155)) - 2b44ba7e-4447-49ac-8e23-11440ea2d57e: Completed APPEND_ENTRIES, lastRequest: null
2023-08-28 09:32:23,631 [dcc8ddaa-5db1-4c5e-85ac-81412a5c6050-NettyServerStreamRpc-bossGroup--thread1] INFO  logging.LoggingHandler (AbstractInternalLogger.java:log(148)) - [id: 0x2fa6c42f, L:/0:0:0:0:0:0:0:0:15024] CLOSE
2023-08-28 09:32:23,632 [grpc-default-executor-8] INFO  server.GrpcLogAppender (GrpcLogAppender.java:onError(417)) - 4beee146-73ae-4cd4-94a1-e1eb5fcd7f02@group-A270CD0B37D7->dcc8ddaa-5db1-4c5e-85ac-81412a5c6050-GrpcLogAppender is already stopped
2023-08-28 09:32:23,632 [dcc8ddaa-5db1-4c5e-85ac-81412a5c6050-NettyServerStreamRpc-bossGroup--thread1] INFO  logging.LoggingHandler (AbstractInternalLogger.java:log(148)) - [id: 0x2fa6c42f, L:/0:0:0:0:0:0:0:0:15024] INACTIVE
2023-08-28 09:32:23,632 [dcc8ddaa-5db1-4c5e-85ac-81412a5c6050-NettyServerStreamRpc-bossGroup--thread1] INFO  logging.LoggingHandler (AbstractInternalLogger.java:log(148)) - [id: 0x2fa6c42f, L:/0:0:0:0:0:0:0:0:15024] UNREGISTERED
2023-08-28 09:32:23,632 [grpc-default-executor-11] INFO  server.GrpcServerProtocolService (GrpcServerProtocolService.java:onCompleted(155)) - 4beee146-73ae-4cd4-94a1-e1eb5fcd7f02: Completed APPEND_ENTRIES, lastRequest: null
2023-08-28 09:32:23,633 [grpc-default-executor-3] INFO  server.GrpcServerProtocolService (GrpcServerProtocolService.java:lambda$onCompleted$5(157)) - 2b44ba7e-4447-49ac-8e23-11440ea2d57e: Completed APPEND_ENTRIES, lastReply: serverReply {
  requestorId: "4beee146-73ae-4cd4-94a1-e1eb5fcd7f02"
  replyId: "2b44ba7e-4447-49ac-8e23-11440ea2d57e"
  raftGroupId {
    id: "xA \001\243\230@\314\201\335\242p\315\v7\327"
  }
  callId: 73
  success: true
}
term: 1
nextIndex: 27
followerCommit: 26
matchIndex: 18446744073709551615
isHearbeat: true

2023-08-28 09:32:23,650 [grpc-default-executor-11] INFO  server.GrpcServerProtocolService (GrpcServerProtocolService.java:lambda$onCompleted$5(157)) - 4beee146-73ae-4cd4-94a1-e1eb5fcd7f02: Completed APPEND_ENTRIES, lastReply: serverReply {
  requestorId: "2b44ba7e-4447-49ac-8e23-11440ea2d57e"
  replyId: "4beee146-73ae-4cd4-94a1-e1eb5fcd7f02"
  raftGroupId {
    id: "\236h\"\"\232\246@ \226K\272\r\350\371\021\022"
  }
  callId: 35
  success: true
}
term: 1
nextIndex: 5
followerCommit: 4
matchIndex: 18446744073709551615
isHearbeat: true

2023-08-28 09:32:23,650 [ForkJoinPool.commonPool-worker-2] INFO  server.GrpcService (GrpcService.java:closeImpl(320)) - c87c8152-e9d9-48d7-ae39-d5d54b797c29: shutdown server GrpcServerProtocolService successfully
2023-08-28 09:32:23,650 [ForkJoinPool.commonPool-worker-2] INFO  server.GrpcService (GrpcService.java:closeImpl(311)) - c87c8152-e9d9-48d7-ae39-d5d54b797c29: shutdown server org.apache.ratis.grpc.server.GrpcAdminProtocolService now
2023-08-28 09:32:23,651 [grpc-default-executor-10] INFO  server.GrpcLogAppender (GrpcLogAppender.java:onError(417)) - 2b44ba7e-4447-49ac-8e23-11440ea2d57e@group-BA0DE8F91112->dcc8ddaa-5db1-4c5e-85ac-81412a5c6050-GrpcLogAppender is already stopped
2023-08-28 09:32:23,661 [grpc-default-executor-9] INFO  server.GrpcServerProtocolService (GrpcServerProtocolService.java:onCompleted(155)) - 2b44ba7e-4447-49ac-8e23-11440ea2d57e: Completed APPEND_ENTRIES, lastRequest: 4beee146-73ae-4cd4-94a1-e1eb5fcd7f02->2b44ba7e-4447-49ac-8e23-11440ea2d57e#78-t1,previous=(t:1, i:29),leaderCommit=29,initializing? true,entries: size=1, first=(t:1, i:30), METADATAENTRY(c:29)
2023-08-28 09:32:23,661 [grpc-default-executor-9] INFO  server.GrpcServerProtocolService (GrpcServerProtocolService.java:lambda$onCompleted$5(157)) - 2b44ba7e-4447-49ac-8e23-11440ea2d57e: Completed APPEND_ENTRIES, lastReply: null
2023-08-28 09:32:23,662 [ForkJoinPool.commonPool-worker-2] INFO  server.GrpcService (GrpcService.java:closeImpl(320)) - c87c8152-e9d9-48d7-ae39-d5d54b797c29: shutdown server org.apache.ratis.grpc.server.GrpcAdminProtocolService successfully
2023-08-28 09:32:23,662 [c87c8152-e9d9-48d7-ae39-d5d54b797c29-NettyServerStreamRpc-bossGroup--thread1] INFO  logging.LoggingHandler (AbstractInternalLogger.java:log(148)) - [id: 0x29f2aa1e, L:/0:0:0:0:0:0:0:0:15051] CLOSE
2023-08-28 09:32:23,662 [c87c8152-e9d9-48d7-ae39-d5d54b797c29-NettyServerStreamRpc-bossGroup--thread1] INFO  logging.LoggingHandler (AbstractInternalLogger.java:log(148)) - [id: 0x29f2aa1e, L:/0:0:0:0:0:0:0:0:15051] INACTIVE
2023-08-28 09:32:23,662 [c87c8152-e9d9-48d7-ae39-d5d54b797c29-NettyServerStreamRpc-bossGroup--thread1] INFO  logging.LoggingHandler (AbstractInternalLogger.java:log(148)) - [id: 0x29f2aa1e, L:/0:0:0:0:0:0:0:0:15051] UNREGISTERED
2023-08-28 09:32:23,673 [ForkJoinPool.commonPool-worker-3] INFO  ozoneimpl.OzoneContainer (OzoneContainer.java:stop(451)) - Attempting to stop container services.
2023-08-28 09:32:23,674 [ForkJoinPool.commonPool-worker-3] INFO  server.RaftServer (RaftServerProxy.java:lambda$close$6(416)) - 760c1559-1b0a-45ac-b6d7-a51714e01488: close
2023-08-28 09:32:23,674 [ForkJoinPool.commonPool-worker-3] INFO  server.GrpcService (GrpcService.java:closeImpl(311)) - 760c1559-1b0a-45ac-b6d7-a51714e01488: shutdown server org.apache.ratis.grpc.server.GrpcClientProtocolService now
2023-08-28 09:32:23,675 [760c1559-1b0a-45ac-b6d7-a51714e01488-impl-thread2] INFO  server.RaftServer$Division (RaftServerImpl.java:lambda$close$4(466)) - 760c1559-1b0a-45ac-b6d7-a51714e01488@group-AC964504DB78: shutdown
2023-08-28 09:32:23,681 [760c1559-1b0a-45ac-b6d7-a51714e01488-impl-thread2] INFO  util.JmxRegister (JmxRegister.java:unregister(73)) - Successfully un-registered JMX Bean with object name Ratis:service=RaftServer,group=group-AC964504DB78,id=760c1559-1b0a-45ac-b6d7-a51714e01488
2023-08-28 09:32:23,681 [760c1559-1b0a-45ac-b6d7-a51714e01488-impl-thread2] INFO  impl.RoleInfo (RoleInfo.java:shutdownLeaderState(93)) - 760c1559-1b0a-45ac-b6d7-a51714e01488: shutdown 760c1559-1b0a-45ac-b6d7-a51714e01488@group-AC964504DB78-LeaderStateImpl
2023-08-28 09:32:23,681 [760c1559-1b0a-45ac-b6d7-a51714e01488-impl-thread2] INFO  impl.PendingRequests (PendingRequests.java:sendNotLeaderResponses(289)) - 760c1559-1b0a-45ac-b6d7-a51714e01488@group-AC964504DB78-PendingRequests: sendNotLeaderResponses
2023-08-28 09:32:23,681 [760c1559-1b0a-45ac-b6d7-a51714e01488-impl-thread2] INFO  impl.StateMachineUpdater (StateMachineUpdater.java:stopAndJoin(155)) - 760c1559-1b0a-45ac-b6d7-a51714e01488@group-AC964504DB78-StateMachineUpdater: set stopIndex = 0
2023-08-28 09:32:23,682 [760c1559-1b0a-45ac-b6d7-a51714e01488@group-AC964504DB78-StateMachineUpdater] INFO  ratis.ContainerStateMachine (ContainerStateMachine.java:takeSnapshot(330)) - group-AC964504DB78: Taking a snapshot at:(t:1, i:0) file /home/runner/work/ozone/ozone/hadoop-ozone/integration-test/target/test-dir/MiniOzoneClusterImpl-56d16ed0-cc7e-4f87-bd63-81d84e7eb885/datanode-3/data/ratis/4a2cde65-6871-4f45-acd0-ac964504db78/sm/snapshot.1_0
2023-08-28 09:32:23,696 [760c1559-1b0a-45ac-b6d7-a51714e01488@group-AC964504DB78-StateMachineUpdater] INFO  ratis.ContainerStateMachine (ContainerStateMachine.java:takeSnapshot(341)) - group-AC964504DB78: Finished taking a snapshot at:(t:1, i:0) file:/home/runner/work/ozone/ozone/hadoop-ozone/integration-test/target/test-dir/MiniOzoneClusterImpl-56d16ed0-cc7e-4f87-bd63-81d84e7eb885/datanode-3/data/ratis/4a2cde65-6871-4f45-acd0-ac964504db78/sm/snapshot.1_0 took: 14 ms
2023-08-28 09:32:23,696 [760c1559-1b0a-45ac-b6d7-a51714e01488@group-AC964504DB78-StateMachineUpdater] INFO  impl.StateMachineUpdater (StateMachineUpdater.java:takeSnapshot(291)) - 760c1559-1b0a-45ac-b6d7-a51714e01488@group-AC964504DB78-StateMachineUpdater: Took a snapshot at index 0
2023-08-28 09:32:23,696 [760c1559-1b0a-45ac-b6d7-a51714e01488@group-AC964504DB78-StateMachineUpdater] INFO  impl.StateMachineUpdater (StateMachineUpdater.java:lambda$new$0(97)) - 760c1559-1b0a-45ac-b6d7-a51714e01488@group-AC964504DB78-StateMachineUpdater: snapshotIndex: updateIncreasingly -1 -> 0
2023-08-28 09:32:23,696 [760c1559-1b0a-45ac-b6d7-a51714e01488-impl-thread2] INFO  server.RaftServer$Division (ServerState.java:close(472)) - 760c1559-1b0a-45ac-b6d7-a51714e01488@group-AC964504DB78: closes. applyIndex: 0
2023-08-28 09:32:23,697 [ForkJoinPool.commonPool-worker-3] INFO  server.GrpcService (GrpcService.java:closeImpl(320)) - 760c1559-1b0a-45ac-b6d7-a51714e01488: shutdown server org.apache.ratis.grpc.server.GrpcClientProtocolService successfully
2023-08-28 09:32:23,697 [ForkJoinPool.commonPool-worker-3] INFO  server.GrpcService (GrpcService.java:closeImpl(311)) - 760c1559-1b0a-45ac-b6d7-a51714e01488: shutdown server GrpcServerProtocolService now
2023-08-28 09:32:23,698 [grpc-default-executor-12] INFO  server.GrpcLogAppender (GrpcLogAppender.java:onCompleted(428)) - 2b44ba7e-4447-49ac-8e23-11440ea2d57e@group-BA0DE8F91112->4beee146-73ae-4cd4-94a1-e1eb5fcd7f02-AppendLogResponseHandler: follower responses appendEntries COMPLETED
2023-08-28 09:32:23,699 [grpc-default-executor-1] INFO  server.GrpcLogAppender (GrpcLogAppender.java:onCompleted(428)) - 4beee146-73ae-4cd4-94a1-e1eb5fcd7f02@group-A270CD0B37D7->2b44ba7e-4447-49ac-8e23-11440ea2d57e-AppendLogResponseHandler: follower responses appendEntries COMPLETED
2023-08-28 09:32:23,699 [grpc-default-executor-12] WARN  server.GrpcLogAppender (GrpcLogAppender.java:resetClient(137)) - 2b44ba7e-4447-49ac-8e23-11440ea2d57e@group-BA0DE8F91112->4beee146-73ae-4cd4-94a1-e1eb5fcd7f02-GrpcLogAppender: Failed to getClient for 4beee146-73ae-4cd4-94a1-e1eb5fcd7f02
org.apache.ratis.protocol.exceptions.AlreadyClosedException: 2b44ba7e-4447-49ac-8e23-11440ea2d57e is already CLOSED
	at org.apache.ratis.util.PeerProxyMap$PeerAndProxy.getProxy(PeerProxyMap.java:61)
	at org.apache.ratis.util.PeerProxyMap.getProxy(PeerProxyMap.java:115)
	at org.apache.ratis.grpc.server.GrpcLogAppender.getClient(GrpcLogAppender.java:112)
	at org.apache.ratis.grpc.server.GrpcLogAppender.resetClient(GrpcLogAppender.java:117)
	at org.apache.ratis.grpc.server.GrpcLogAppender.access$500(GrpcLogAppender.java:56)
	at org.apache.ratis.grpc.server.GrpcLogAppender$AppendLogResponseHandler.onCompleted(GrpcLogAppender.java:429)
	at org.apache.ratis.thirdparty.io.grpc.stub.ClientCalls$StreamObserverToCallListenerAdapter.onClose(ClientCalls.java:485)
	at org.apache.ratis.thirdparty.io.grpc.internal.ClientCallImpl.closeObserver(ClientCallImpl.java:563)
	at org.apache.ratis.thirdparty.io.grpc.internal.ClientCallImpl.access$300(ClientCallImpl.java:70)
	at org.apache.ratis.thirdparty.io.grpc.internal.ClientCallImpl$ClientStreamListenerImpl$1StreamClosed.runInternal(ClientCallImpl.java:744)
	at org.apache.ratis.thirdparty.io.grpc.internal.ClientCallImpl$ClientStreamListenerImpl$1StreamClosed.runInContext(ClientCallImpl.java:723)
	at org.apache.ratis.thirdparty.io.grpc.internal.ContextRunnable.run(ContextRunnable.java:37)
	at org.apache.ratis.thirdparty.io.grpc.internal.SerializingExecutor.run(SerializingExecutor.java:133)
	at java.util.concurrent.ThreadPoolExecutor.runWorker(ThreadPoolExecutor.java:1149)
	at java.util.concurrent.ThreadPoolExecutor$Worker.run(ThreadPoolExecutor.java:624)
	at java.lang.Thread.run(Thread.java:750)
2023-08-28 09:32:23,720 [grpc-default-executor-11] INFO  server.GrpcLogAppender (GrpcLogAppender.java:onCompleted(428)) - 4beee146-73ae-4cd4-94a1-e1eb5fcd7f02@group-A270CD0B37D7->2b44ba7e-4447-49ac-8e23-11440ea2d57e-AppendLogResponseHandler: follower responses appendEntries COMPLETED
2023-08-28 09:32:23,720 [grpc-default-executor-11] WARN  server.GrpcLogAppender (GrpcLogAppender.java:resetClient(137)) - 4beee146-73ae-4cd4-94a1-e1eb5fcd7f02@group-A270CD0B37D7->2b44ba7e-4447-49ac-8e23-11440ea2d57e-GrpcLogAppender: Failed to getClient for 2b44ba7e-4447-49ac-8e23-11440ea2d57e
org.apache.ratis.protocol.exceptions.AlreadyClosedException: 4beee146-73ae-4cd4-94a1-e1eb5fcd7f02 is already CLOSED
	at org.apache.ratis.util.PeerProxyMap$PeerAndProxy.getProxy(PeerProxyMap.java:61)
	at org.apache.ratis.util.PeerProxyMap.getProxy(PeerProxyMap.java:115)
	at org.apache.ratis.grpc.server.GrpcLogAppender.getClient(GrpcLogAppender.java:112)
	at org.apache.ratis.grpc.server.GrpcLogAppender.resetClient(GrpcLogAppender.java:117)
	at org.apache.ratis.grpc.server.GrpcLogAppender.access$500(GrpcLogAppender.java:56)
	at org.apache.ratis.grpc.server.GrpcLogAppender$AppendLogResponseHandler.onCompleted(GrpcLogAppender.java:429)
	at org.apache.ratis.thirdparty.io.grpc.stub.ClientCalls$StreamObserverToCallListenerAdapter.onClose(ClientCalls.java:485)
	at org.apache.ratis.thirdparty.io.grpc.internal.ClientCallImpl.closeObserver(ClientCallImpl.java:563)
	at org.apache.ratis.thirdparty.io.grpc.internal.ClientCallImpl.access$300(ClientCallImpl.java:70)
	at org.apache.ratis.thirdparty.io.grpc.internal.ClientCallImpl$ClientStreamListenerImpl$1StreamClosed.runInternal(ClientCallImpl.java:744)
	at org.apache.ratis.thirdparty.io.grpc.internal.ClientCallImpl$ClientStreamListenerImpl$1StreamClosed.runInContext(ClientCallImpl.java:723)
	at org.apache.ratis.thirdparty.io.grpc.internal.ContextRunnable.run(ContextRunnable.java:37)
	at org.apache.ratis.thirdparty.io.grpc.internal.SerializingExecutor.run(SerializingExecutor.java:133)
	at java.util.concurrent.ThreadPoolExecutor.runWorker(ThreadPoolExecutor.java:1149)
	at java.util.concurrent.ThreadPoolExecutor$Worker.run(ThreadPoolExecutor.java:624)
	at java.lang.Thread.run(Thread.java:750)
2023-08-28 09:32:23,720 [ForkJoinPool.commonPool-worker-3] INFO  server.GrpcService (GrpcService.java:closeImpl(320)) - 760c1559-1b0a-45ac-b6d7-a51714e01488: shutdown server GrpcServerProtocolService successfully
2023-08-28 09:32:23,722 [ForkJoinPool.commonPool-worker-3] INFO  server.GrpcService (GrpcService.java:closeImpl(311)) - 760c1559-1b0a-45ac-b6d7-a51714e01488: shutdown server org.apache.ratis.grpc.server.GrpcAdminProtocolService now
2023-08-28 09:32:23,719 [grpc-default-executor-10] INFO  server.GrpcLogAppender (GrpcLogAppender.java:onCompleted(428)) - 2b44ba7e-4447-49ac-8e23-11440ea2d57e@group-BA0DE8F91112->4beee146-73ae-4cd4-94a1-e1eb5fcd7f02-AppendLogResponseHandler: follower responses appendEntries COMPLETED
2023-08-28 09:32:23,725 [grpc-default-executor-10] WARN  server.GrpcLogAppender (GrpcLogAppender.java:resetClient(137)) - 2b44ba7e-4447-49ac-8e23-11440ea2d57e@group-BA0DE8F91112->4beee146-73ae-4cd4-94a1-e1eb5fcd7f02-GrpcLogAppender: Failed to getClient for 4beee146-73ae-4cd4-94a1-e1eb5fcd7f02
org.apache.ratis.protocol.exceptions.AlreadyClosedException: 2b44ba7e-4447-49ac-8e23-11440ea2d57e is already CLOSED
	at org.apache.ratis.util.PeerProxyMap$PeerAndProxy.getProxy(PeerProxyMap.java:61)
	at org.apache.ratis.util.PeerProxyMap.getProxy(PeerProxyMap.java:115)
	at org.apache.ratis.grpc.server.GrpcLogAppender.getClient(GrpcLogAppender.java:112)
	at org.apache.ratis.grpc.server.GrpcLogAppender.resetClient(GrpcLogAppender.java:117)
	at org.apache.ratis.grpc.server.GrpcLogAppender.access$500(GrpcLogAppender.java:56)
	at org.apache.ratis.grpc.server.GrpcLogAppender$AppendLogResponseHandler.onCompleted(GrpcLogAppender.java:429)
	at org.apache.ratis.thirdparty.io.grpc.stub.ClientCalls$StreamObserverToCallListenerAdapter.onClose(ClientCalls.java:485)
	at org.apache.ratis.thirdparty.io.grpc.internal.ClientCallImpl.closeObserver(ClientCallImpl.java:563)
	at org.apache.ratis.thirdparty.io.grpc.internal.ClientCallImpl.access$300(ClientCallImpl.java:70)
	at org.apache.ratis.thirdparty.io.grpc.internal.ClientCallImpl$ClientStreamListenerImpl$1StreamClosed.runInternal(ClientCallImpl.java:744)
	at org.apache.ratis.thirdparty.io.grpc.internal.ClientCallImpl$ClientStreamListenerImpl$1StreamClosed.runInContext(ClientCallImpl.java:723)
	at org.apache.ratis.thirdparty.io.grpc.internal.ContextRunnable.run(ContextRunnable.java:37)
	at org.apache.ratis.thirdparty.io.grpc.internal.SerializingExecutor.run(SerializingExecutor.java:133)
	at java.util.concurrent.ThreadPoolExecutor.runWorker(ThreadPoolExecutor.java:1149)
	at java.util.concurrent.ThreadPoolExecutor$Worker.run(ThreadPoolExecutor.java:624)
	at java.lang.Thread.run(Thread.java:750)
2023-08-28 09:32:23,699 [grpc-default-executor-1] WARN  server.GrpcLogAppender (GrpcLogAppender.java:resetClient(137)) - 4beee146-73ae-4cd4-94a1-e1eb5fcd7f02@group-A270CD0B37D7->2b44ba7e-4447-49ac-8e23-11440ea2d57e-GrpcLogAppender: Failed to getClient for 2b44ba7e-4447-49ac-8e23-11440ea2d57e
org.apache.ratis.protocol.exceptions.AlreadyClosedException: 4beee146-73ae-4cd4-94a1-e1eb5fcd7f02 is already CLOSED
	at org.apache.ratis.util.PeerProxyMap$PeerAndProxy.getProxy(PeerProxyMap.java:61)
	at org.apache.ratis.util.PeerProxyMap.getProxy(PeerProxyMap.java:115)
	at org.apache.ratis.grpc.server.GrpcLogAppender.getClient(GrpcLogAppender.java:112)
	at org.apache.ratis.grpc.server.GrpcLogAppender.resetClient(GrpcLogAppender.java:117)
	at org.apache.ratis.grpc.server.GrpcLogAppender.access$500(GrpcLogAppender.java:56)
	at org.apache.ratis.grpc.server.GrpcLogAppender$AppendLogResponseHandler.onCompleted(GrpcLogAppender.java:429)
	at org.apache.ratis.thirdparty.io.grpc.stub.ClientCalls$StreamObserverToCallListenerAdapter.onClose(ClientCalls.java:485)
	at org.apache.ratis.thirdparty.io.grpc.internal.ClientCallImpl.closeObserver(ClientCallImpl.java:563)
	at org.apache.ratis.thirdparty.io.grpc.internal.ClientCallImpl.access$300(ClientCallImpl.java:70)
	at org.apache.ratis.thirdparty.io.grpc.internal.ClientCallImpl$ClientStreamListenerImpl$1StreamClosed.runInternal(ClientCallImpl.java:744)
	at org.apache.ratis.thirdparty.io.grpc.internal.ClientCallImpl$ClientStreamListenerImpl$1StreamClosed.runInContext(ClientCallImpl.java:723)
	at org.apache.ratis.thirdparty.io.grpc.internal.ContextRunnable.run(ContextRunnable.java:37)
	at org.apache.ratis.thirdparty.io.grpc.internal.SerializingExecutor.run(SerializingExecutor.java:133)
	at java.util.concurrent.ThreadPoolExecutor.runWorker(ThreadPoolExecutor.java:1149)
	at java.util.concurrent.ThreadPoolExecutor$Worker.run(ThreadPoolExecutor.java:624)
	at java.lang.Thread.run(Thread.java:750)
2023-08-28 09:32:23,725 [main] INFO  server.GrpcService (GrpcService.java:closeImpl(320)) - 4beee146-73ae-4cd4-94a1-e1eb5fcd7f02: shutdown server org.apache.ratis.grpc.server.GrpcClientProtocolService successfully
2023-08-28 09:32:23,727 [main] INFO  server.GrpcService (GrpcService.java:closeImpl(311)) - 4beee146-73ae-4cd4-94a1-e1eb5fcd7f02: shutdown server GrpcServerProtocolService now
2023-08-28 09:32:23,736 [ForkJoinPool.commonPool-worker-1] INFO  server.GrpcService (GrpcService.java:closeImpl(320)) - 2b44ba7e-4447-49ac-8e23-11440ea2d57e: shutdown server org.apache.ratis.grpc.server.GrpcClientProtocolService successfully
2023-08-28 09:32:23,736 [ForkJoinPool.commonPool-worker-1] INFO  server.GrpcService (GrpcService.java:closeImpl(311)) - 2b44ba7e-4447-49ac-8e23-11440ea2d57e: shutdown server GrpcServerProtocolService now
2023-08-28 09:32:23,748 [ForkJoinPool.commonPool-worker-3] INFO  server.GrpcService (GrpcService.java:closeImpl(320)) - 760c1559-1b0a-45ac-b6d7-a51714e01488: shutdown server org.apache.ratis.grpc.server.GrpcAdminProtocolService successfully
2023-08-28 09:32:23,748 [main] INFO  server.GrpcService (GrpcService.java:closeImpl(320)) - 4beee146-73ae-4cd4-94a1-e1eb5fcd7f02: shutdown server GrpcServerProtocolService successfully
2023-08-28 09:32:23,748 [760c1559-1b0a-45ac-b6d7-a51714e01488-NettyServerStreamRpc-bossGroup--thread1] INFO  logging.LoggingHandler (AbstractInternalLogger.java:log(148)) - [id: 0x0bc8170e, L:/0:0:0:0:0:0:0:0:15042] CLOSE
2023-08-28 09:32:23,748 [main] INFO  server.GrpcService (GrpcService.java:closeImpl(311)) - 4beee146-73ae-4cd4-94a1-e1eb5fcd7f02: shutdown server org.apache.ratis.grpc.server.GrpcAdminProtocolService now
2023-08-28 09:32:23,752 [ForkJoinPool.commonPool-worker-1] INFO  server.GrpcService (GrpcService.java:closeImpl(320)) - 2b44ba7e-4447-49ac-8e23-11440ea2d57e: shutdown server GrpcServerProtocolService successfully
2023-08-28 09:32:23,753 [ForkJoinPool.commonPool-worker-1] INFO  server.GrpcService (GrpcService.java:closeImpl(311)) - 2b44ba7e-4447-49ac-8e23-11440ea2d57e: shutdown server org.apache.ratis.grpc.server.GrpcAdminProtocolService now
2023-08-28 09:32:23,752 [760c1559-1b0a-45ac-b6d7-a51714e01488-NettyServerStreamRpc-bossGroup--thread1] INFO  logging.LoggingHandler (AbstractInternalLogger.java:log(148)) - [id: 0x0bc8170e, L:/0:0:0:0:0:0:0:0:15042] INACTIVE
2023-08-28 09:32:23,753 [760c1559-1b0a-45ac-b6d7-a51714e01488-NettyServerStreamRpc-bossGroup--thread1] INFO  logging.LoggingHandler (AbstractInternalLogger.java:log(148)) - [id: 0x0bc8170e, L:/0:0:0:0:0:0:0:0:15042] UNREGISTERED
2023-08-28 09:32:23,767 [main] INFO  server.GrpcService (GrpcService.java:closeImpl(320)) - 4beee146-73ae-4cd4-94a1-e1eb5fcd7f02: shutdown server org.apache.ratis.grpc.server.GrpcAdminProtocolService successfully
2023-08-28 09:32:23,776 [4beee146-73ae-4cd4-94a1-e1eb5fcd7f02-NettyServerStreamRpc-bossGroup--thread1] INFO  logging.LoggingHandler (AbstractInternalLogger.java:log(148)) - [id: 0xa61d7dad, L:/0:0:0:0:0:0:0:0:15033] CLOSE
2023-08-28 09:32:23,776 [4beee146-73ae-4cd4-94a1-e1eb5fcd7f02-NettyServerStreamRpc-bossGroup--thread1] INFO  logging.LoggingHandler (AbstractInternalLogger.java:log(148)) - [id: 0xa61d7dad, L:/0:0:0:0:0:0:0:0:15033] INACTIVE
2023-08-28 09:32:23,776 [4beee146-73ae-4cd4-94a1-e1eb5fcd7f02-NettyServerStreamRpc-bossGroup--thread1] INFO  logging.LoggingHandler (AbstractInternalLogger.java:log(148)) - [id: 0xa61d7dad, L:/0:0:0:0:0:0:0:0:15033] UNREGISTERED
2023-08-28 09:32:23,780 [ForkJoinPool.commonPool-worker-1] INFO  server.GrpcService (GrpcService.java:closeImpl(320)) - 2b44ba7e-4447-49ac-8e23-11440ea2d57e: shutdown server org.apache.ratis.grpc.server.GrpcAdminProtocolService successfully
2023-08-28 09:32:23,781 [2b44ba7e-4447-49ac-8e23-11440ea2d57e-NettyServerStreamRpc-bossGroup--thread1] INFO  logging.LoggingHandler (AbstractInternalLogger.java:log(148)) - [id: 0xb890245d, L:/0:0:0:0:0:0:0:0:15015] CLOSE
2023-08-28 09:32:23,781 [2b44ba7e-4447-49ac-8e23-11440ea2d57e-NettyServerStreamRpc-bossGroup--thread1] INFO  logging.LoggingHandler (AbstractInternalLogger.java:log(148)) - [id: 0xb890245d, L:/0:0:0:0:0:0:0:0:15015] INACTIVE
2023-08-28 09:32:23,781 [2b44ba7e-4447-49ac-8e23-11440ea2d57e-NettyServerStreamRpc-bossGroup--thread1] INFO  logging.LoggingHandler (AbstractInternalLogger.java:log(148)) - [id: 0xb890245d, L:/0:0:0:0:0:0:0:0:15015] UNREGISTERED
2023-08-28 09:32:23,805 [2b44ba7e-4447-49ac-8e23-11440ea2d57e-impl-thread3] INFO  segmented.SegmentedRaftLogWorker (SegmentedRaftLogWorker.java:close(252)) - 2b44ba7e-4447-49ac-8e23-11440ea2d57e@group-8D309CA94D72-SegmentedRaftLogWorker close()
2023-08-28 09:32:23,805 [4beee146-73ae-4cd4-94a1-e1eb5fcd7f02-impl-thread4] INFO  segmented.SegmentedRaftLogWorker (SegmentedRaftLogWorker.java:close(252)) - 4beee146-73ae-4cd4-94a1-e1eb5fcd7f02@group-B9BC7A8E5B7D-SegmentedRaftLogWorker close()
2023-08-28 09:32:23,805 [4beee146-73ae-4cd4-94a1-e1eb5fcd7f02-impl-thread2] INFO  segmented.SegmentedRaftLogWorker (SegmentedRaftLogWorker.java:close(252)) - 4beee146-73ae-4cd4-94a1-e1eb5fcd7f02@group-BA0DE8F91112-SegmentedRaftLogWorker close()
2023-08-28 09:32:23,806 [2b44ba7e-4447-49ac-8e23-11440ea2d57e-impl-thread2] INFO  segmented.SegmentedRaftLogWorker (SegmentedRaftLogWorker.java:close(252)) - 2b44ba7e-4447-49ac-8e23-11440ea2d57e@group-BA0DE8F91112-SegmentedRaftLogWorker close()
2023-08-28 09:32:23,806 [dcc8ddaa-5db1-4c5e-85ac-81412a5c6050-impl-thread2] INFO  segmented.SegmentedRaftLogWorker (SegmentedRaftLogWorker.java:close(252)) - dcc8ddaa-5db1-4c5e-85ac-81412a5c6050@group-BA0DE8F91112-SegmentedRaftLogWorker close()
2023-08-28 09:32:24,126 [760c1559-1b0a-45ac-b6d7-a51714e01488-impl-thread2] INFO  segmented.SegmentedRaftLogWorker (SegmentedRaftLogWorker.java:close(252)) - 760c1559-1b0a-45ac-b6d7-a51714e01488@group-AC964504DB78-SegmentedRaftLogWorker close()
2023-08-28 09:32:24,127 [JvmPauseMonitor5] INFO  util.JvmPauseMonitor (JvmPauseMonitor.java:run(109)) - JvmPauseMonitor-760c1559-1b0a-45ac-b6d7-a51714e01488: Stopped
2023-08-28 09:32:24,374 [4beee146-73ae-4cd4-94a1-e1eb5fcd7f02-impl-thread3] INFO  segmented.SegmentedRaftLogWorker (SegmentedRaftLogWorker.java:close(252)) - 4beee146-73ae-4cd4-94a1-e1eb5fcd7f02@group-A270CD0B37D7-SegmentedRaftLogWorker close()
2023-08-28 09:32:24,375 [JvmPauseMonitor4] INFO  util.JvmPauseMonitor (JvmPauseMonitor.java:run(109)) - JvmPauseMonitor-4beee146-73ae-4cd4-94a1-e1eb5fcd7f02: Stopped
2023-08-28 09:32:24,379 [dcc8ddaa-5db1-4c5e-85ac-81412a5c6050-impl-thread4] INFO  segmented.SegmentedRaftLogWorker (SegmentedRaftLogWorker.java:close(252)) - dcc8ddaa-5db1-4c5e-85ac-81412a5c6050@group-D79D038BC015-SegmentedRaftLogWorker close()
2023-08-28 09:32:24,383 [dcc8ddaa-5db1-4c5e-85ac-81412a5c6050-impl-thread3] INFO  segmented.SegmentedRaftLogWorker (SegmentedRaftLogWorker.java:close(252)) - dcc8ddaa-5db1-4c5e-85ac-81412a5c6050@group-A270CD0B37D7-SegmentedRaftLogWorker close()
2023-08-28 09:32:24,383 [2b44ba7e-4447-49ac-8e23-11440ea2d57e-impl-thread4] INFO  segmented.SegmentedRaftLogWorker (SegmentedRaftLogWorker.java:close(252)) - 2b44ba7e-4447-49ac-8e23-11440ea2d57e@group-A270CD0B37D7-SegmentedRaftLogWorker close()
2023-08-28 09:32:24,386 [c87c8152-e9d9-48d7-ae39-d5d54b797c29-impl-thread2] INFO  segmented.SegmentedRaftLogWorker (SegmentedRaftLogWorker.java:close(252)) - c87c8152-e9d9-48d7-ae39-d5d54b797c29@group-2FDB401EFE73-SegmentedRaftLogWorker close()
2023-08-28 09:32:24,386 [JvmPauseMonitor2] INFO  util.JvmPauseMonitor (JvmPauseMonitor.java:run(109)) - JvmPauseMonitor-2b44ba7e-4447-49ac-8e23-11440ea2d57e: Stopped
2023-08-28 09:32:24,387 [JvmPauseMonitor3] INFO  util.JvmPauseMonitor (JvmPauseMonitor.java:run(109)) - JvmPauseMonitor-dcc8ddaa-5db1-4c5e-85ac-81412a5c6050: Stopped
2023-08-28 09:32:24,391 [JvmPauseMonitor6] INFO  util.JvmPauseMonitor (JvmPauseMonitor.java:run(109)) - JvmPauseMonitor-c87c8152-e9d9-48d7-ae39-d5d54b797c29: Stopped
2023-08-28 09:32:26,150 [ForkJoinPool.commonPool-worker-3] INFO  utils.DatanodeStoreCache (DatanodeStoreCache.java:shutdownCache(110)) - Skip clearing cache in mini cluster mode. Entries left: [/home/runner/work/ozone/ozone/hadoop-ozone/integration-test/target/test-dir/MiniOzoneClusterImpl-56d16ed0-cc7e-4f87-bd63-81d84e7eb885/datanode-0/data-0/containers/hdds/56d16ed0-cc7e-4f87-bd63-81d84e7eb885/DS-2b1a36a4-64dd-439b-8216-ae5c7e290e83/container.db, /home/runner/work/ozone/ozone/hadoop-ozone/integration-test/target/test-dir/MiniOzoneClusterImpl-56d16ed0-cc7e-4f87-bd63-81d84e7eb885/datanode-1/data-0/containers/hdds/56d16ed0-cc7e-4f87-bd63-81d84e7eb885/DS-627a71b4-1133-4a29-b150-6529e7cd53e9/container.db, /home/runner/work/ozone/ozone/hadoop-ozone/integration-test/target/test-dir/MiniOzoneClusterImpl-56d16ed0-cc7e-4f87-bd63-81d84e7eb885/datanode-2/data-0/containers/hdds/56d16ed0-cc7e-4f87-bd63-81d84e7eb885/DS-165332e8-e0a6-43a0-937b-980f3e1b6dc9/container.db, /home/runner/work/ozone/ozone/hadoop-ozone/integration-test/target/test-dir/MiniOzoneClusterImpl-56d16ed0-cc7e-4f87-bd63-81d84e7eb885/datanode-3/data-0/containers/hdds/56d16ed0-cc7e-4f87-bd63-81d84e7eb885/DS-32f9b58e-4b0a-4caf-9c64-02b26da546c2/container.db, /home/runner/work/ozone/ozone/hadoop-ozone/integration-test/target/test-dir/MiniOzoneClusterImpl-56d16ed0-cc7e-4f87-bd63-81d84e7eb885/datanode-4/data-0/containers/hdds/56d16ed0-cc7e-4f87-bd63-81d84e7eb885/DS-c7a2b3bc-ba9c-4e43-8e43-b49f7b62a954/container.db]
2023-08-28 09:32:26,155 [ForkJoinPool.commonPool-worker-3] INFO  utils.DatanodeStoreCache (DatanodeStoreCache.java:removeDB(104)) - Removed db /home/runner/work/ozone/ozone/hadoop-ozone/integration-test/target/test-dir/MiniOzoneClusterImpl-56d16ed0-cc7e-4f87-bd63-81d84e7eb885/datanode-3/data-0/containers/hdds/56d16ed0-cc7e-4f87-bd63-81d84e7eb885/DS-32f9b58e-4b0a-4caf-9c64-02b26da546c2/container.db from cache
2023-08-28 09:32:26,155 [ForkJoinPool.commonPool-worker-3] INFO  volume.HddsVolume (HddsVolume.java:closeDbStore(453)) - SchemaV3 db is stopped at /home/runner/work/ozone/ozone/hadoop-ozone/integration-test/target/test-dir/MiniOzoneClusterImpl-56d16ed0-cc7e-4f87-bd63-81d84e7eb885/datanode-3/data-0/containers/hdds/56d16ed0-cc7e-4f87-bd63-81d84e7eb885/DS-32f9b58e-4b0a-4caf-9c64-02b26da546c2/container.db for volume DS-32f9b58e-4b0a-4caf-9c64-02b26da546c2
2023-08-28 09:32:26,155 [ForkJoinPool.commonPool-worker-3] INFO  utils.BackgroundService (BackgroundService.java:shutdown(141)) - Shutting down service BlockDeletingService
2023-08-28 09:32:26,156 [ForkJoinPool.commonPool-worker-3] INFO  utils.BackgroundService (BackgroundService.java:shutdown(141)) - Shutting down service StaleRecoveringContainerScrubbingService
2023-08-28 09:32:26,159 [ForkJoinPool.commonPool-worker-3] INFO  statemachine.DatanodeStateMachine (DatanodeStateMachine.java:stopDaemon(620)) - Ozone container server stopped.
2023-08-28 09:32:26,176 [ForkJoinPool.commonPool-worker-3] INFO  handler.ContextHandler (ContextHandler.java:doStop(1159)) - Stopped o.e.j.w.WebAppContext@20bce25f{hddsDatanode,/,null,STOPPED}{jar:file:/home/runner/.m2/repository/org/apache/ozone/hdds-container-service/1.4.0-SNAPSHOT/hdds-container-service-1.4.0-SNAPSHOT.jar!/webapps/hddsDatanode}
2023-08-28 09:32:26,179 [ForkJoinPool.commonPool-worker-3] INFO  server.AbstractConnector (AbstractConnector.java:doStop(383)) - Stopped ServerConnector@434522b7{HTTP/1.1, (http/1.1)}{0.0.0.0:15036}
2023-08-28 09:32:26,180 [ForkJoinPool.commonPool-worker-3] INFO  server.session (HouseKeeper.java:stopScavenging(149)) - node0 Stopped scavenging
2023-08-28 09:32:26,181 [ForkJoinPool.commonPool-worker-3] INFO  handler.ContextHandler (ContextHandler.java:doStop(1159)) - Stopped o.e.j.s.ServletContextHandler@59e9d9fa{static,/static,jar:file:/home/runner/.m2/repository/org/apache/ozone/hdds-container-service/1.4.0-SNAPSHOT/hdds-container-service-1.4.0-SNAPSHOT.jar!/webapps/static,STOPPED}
2023-08-28 09:32:26,181 [ForkJoinPool.commonPool-worker-3] INFO  handler.ContextHandler (ContextHandler.java:doStop(1159)) - Stopped o.e.j.s.ServletContextHandler@671bcc16{logs,/logs,file:///home/runner/work/ozone/ozone/hadoop-ozone/integration-test/target/log,STOPPED}
2023-08-28 09:32:26,182 [ForkJoinPool.commonPool-worker-3] INFO  ozone.HddsDatanodeClientProtocolServer (HddsDatanodeClientProtocolServer.java:stop(78)) - Stopping the RPC server for Client Protocol
2023-08-28 09:32:26,183 [ForkJoinPool.commonPool-worker-3] INFO  ipc.Server (Server.java:stop(3523)) - Stopping server on 15037
2023-08-28 09:32:26,184 [IPC Server listener on 15037] INFO  ipc.Server (Server.java:run(1434)) - Stopping IPC Server listener on 15037
2023-08-28 09:32:26,184 [IPC Server Responder] INFO  ipc.Server (Server.java:run(1567)) - Stopping IPC Server Responder
2023-08-28 09:32:26,381 [main] INFO  utils.DatanodeStoreCache (DatanodeStoreCache.java:shutdownCache(110)) - Skip clearing cache in mini cluster mode. Entries left: [/home/runner/work/ozone/ozone/hadoop-ozone/integration-test/target/test-dir/MiniOzoneClusterImpl-56d16ed0-cc7e-4f87-bd63-81d84e7eb885/datanode-0/data-0/containers/hdds/56d16ed0-cc7e-4f87-bd63-81d84e7eb885/DS-2b1a36a4-64dd-439b-8216-ae5c7e290e83/container.db, /home/runner/work/ozone/ozone/hadoop-ozone/integration-test/target/test-dir/MiniOzoneClusterImpl-56d16ed0-cc7e-4f87-bd63-81d84e7eb885/datanode-1/data-0/containers/hdds/56d16ed0-cc7e-4f87-bd63-81d84e7eb885/DS-627a71b4-1133-4a29-b150-6529e7cd53e9/container.db, /home/runner/work/ozone/ozone/hadoop-ozone/integration-test/target/test-dir/MiniOzoneClusterImpl-56d16ed0-cc7e-4f87-bd63-81d84e7eb885/datanode-2/data-0/containers/hdds/56d16ed0-cc7e-4f87-bd63-81d84e7eb885/DS-165332e8-e0a6-43a0-937b-980f3e1b6dc9/container.db, /home/runner/work/ozone/ozone/hadoop-ozone/integration-test/target/test-dir/MiniOzoneClusterImpl-56d16ed0-cc7e-4f87-bd63-81d84e7eb885/datanode-4/data-0/containers/hdds/56d16ed0-cc7e-4f87-bd63-81d84e7eb885/DS-c7a2b3bc-ba9c-4e43-8e43-b49f7b62a954/container.db]
2023-08-28 09:32:26,383 [main] INFO  utils.DatanodeStoreCache (DatanodeStoreCache.java:removeDB(104)) - Removed db /home/runner/work/ozone/ozone/hadoop-ozone/integration-test/target/test-dir/MiniOzoneClusterImpl-56d16ed0-cc7e-4f87-bd63-81d84e7eb885/datanode-2/data-0/containers/hdds/56d16ed0-cc7e-4f87-bd63-81d84e7eb885/DS-165332e8-e0a6-43a0-937b-980f3e1b6dc9/container.db from cache
2023-08-28 09:32:26,383 [main] INFO  volume.HddsVolume (HddsVolume.java:closeDbStore(453)) - SchemaV3 db is stopped at /home/runner/work/ozone/ozone/hadoop-ozone/integration-test/target/test-dir/MiniOzoneClusterImpl-56d16ed0-cc7e-4f87-bd63-81d84e7eb885/datanode-2/data-0/containers/hdds/56d16ed0-cc7e-4f87-bd63-81d84e7eb885/DS-165332e8-e0a6-43a0-937b-980f3e1b6dc9/container.db for volume DS-165332e8-e0a6-43a0-937b-980f3e1b6dc9
2023-08-28 09:32:26,383 [main] INFO  utils.BackgroundService (BackgroundService.java:shutdown(141)) - Shutting down service BlockDeletingService
2023-08-28 09:32:26,384 [main] INFO  utils.BackgroundService (BackgroundService.java:shutdown(141)) - Shutting down service StaleRecoveringContainerScrubbingService
2023-08-28 09:32:26,386 [main] INFO  statemachine.DatanodeStateMachine (DatanodeStateMachine.java:stopDaemon(620)) - Ozone container server stopped.
2023-08-28 09:32:26,390 [ForkJoinPool.commonPool-worker-1] INFO  utils.DatanodeStoreCache (DatanodeStoreCache.java:shutdownCache(110)) - Skip clearing cache in mini cluster mode. Entries left: [/home/runner/work/ozone/ozone/hadoop-ozone/integration-test/target/test-dir/MiniOzoneClusterImpl-56d16ed0-cc7e-4f87-bd63-81d84e7eb885/datanode-0/data-0/containers/hdds/56d16ed0-cc7e-4f87-bd63-81d84e7eb885/DS-2b1a36a4-64dd-439b-8216-ae5c7e290e83/container.db, /home/runner/work/ozone/ozone/hadoop-ozone/integration-test/target/test-dir/MiniOzoneClusterImpl-56d16ed0-cc7e-4f87-bd63-81d84e7eb885/datanode-1/data-0/containers/hdds/56d16ed0-cc7e-4f87-bd63-81d84e7eb885/DS-627a71b4-1133-4a29-b150-6529e7cd53e9/container.db, /home/runner/work/ozone/ozone/hadoop-ozone/integration-test/target/test-dir/MiniOzoneClusterImpl-56d16ed0-cc7e-4f87-bd63-81d84e7eb885/datanode-4/data-0/containers/hdds/56d16ed0-cc7e-4f87-bd63-81d84e7eb885/DS-c7a2b3bc-ba9c-4e43-8e43-b49f7b62a954/container.db]
2023-08-28 09:32:26,391 [ForkJoinPool.commonPool-worker-0] INFO  utils.DatanodeStoreCache (DatanodeStoreCache.java:shutdownCache(110)) - Skip clearing cache in mini cluster mode. Entries left: [/home/runner/work/ozone/ozone/hadoop-ozone/integration-test/target/test-dir/MiniOzoneClusterImpl-56d16ed0-cc7e-4f87-bd63-81d84e7eb885/datanode-0/data-0/containers/hdds/56d16ed0-cc7e-4f87-bd63-81d84e7eb885/DS-2b1a36a4-64dd-439b-8216-ae5c7e290e83/container.db, /home/runner/work/ozone/ozone/hadoop-ozone/integration-test/target/test-dir/MiniOzoneClusterImpl-56d16ed0-cc7e-4f87-bd63-81d84e7eb885/datanode-1/data-0/containers/hdds/56d16ed0-cc7e-4f87-bd63-81d84e7eb885/DS-627a71b4-1133-4a29-b150-6529e7cd53e9/container.db, /home/runner/work/ozone/ozone/hadoop-ozone/integration-test/target/test-dir/MiniOzoneClusterImpl-56d16ed0-cc7e-4f87-bd63-81d84e7eb885/datanode-4/data-0/containers/hdds/56d16ed0-cc7e-4f87-bd63-81d84e7eb885/DS-c7a2b3bc-ba9c-4e43-8e43-b49f7b62a954/container.db]
2023-08-28 09:32:26,393 [ForkJoinPool.commonPool-worker-1] INFO  utils.DatanodeStoreCache (DatanodeStoreCache.java:removeDB(104)) - Removed db /home/runner/work/ozone/ozone/hadoop-ozone/integration-test/target/test-dir/MiniOzoneClusterImpl-56d16ed0-cc7e-4f87-bd63-81d84e7eb885/datanode-0/data-0/containers/hdds/56d16ed0-cc7e-4f87-bd63-81d84e7eb885/DS-2b1a36a4-64dd-439b-8216-ae5c7e290e83/container.db from cache
2023-08-28 09:32:26,393 [ForkJoinPool.commonPool-worker-1] INFO  volume.HddsVolume (HddsVolume.java:closeDbStore(453)) - SchemaV3 db is stopped at /home/runner/work/ozone/ozone/hadoop-ozone/integration-test/target/test-dir/MiniOzoneClusterImpl-56d16ed0-cc7e-4f87-bd63-81d84e7eb885/datanode-0/data-0/containers/hdds/56d16ed0-cc7e-4f87-bd63-81d84e7eb885/DS-2b1a36a4-64dd-439b-8216-ae5c7e290e83/container.db for volume DS-2b1a36a4-64dd-439b-8216-ae5c7e290e83
2023-08-28 09:32:26,395 [ForkJoinPool.commonPool-worker-2] INFO  utils.DatanodeStoreCache (DatanodeStoreCache.java:shutdownCache(110)) - Skip clearing cache in mini cluster mode. Entries left: [/home/runner/work/ozone/ozone/hadoop-ozone/integration-test/target/test-dir/MiniOzoneClusterImpl-56d16ed0-cc7e-4f87-bd63-81d84e7eb885/datanode-4/data-0/containers/hdds/56d16ed0-cc7e-4f87-bd63-81d84e7eb885/DS-c7a2b3bc-ba9c-4e43-8e43-b49f7b62a954/container.db]
2023-08-28 09:32:26,395 [ForkJoinPool.commonPool-worker-0] INFO  utils.DatanodeStoreCache (DatanodeStoreCache.java:removeDB(104)) - Removed db /home/runner/work/ozone/ozone/hadoop-ozone/integration-test/target/test-dir/MiniOzoneClusterImpl-56d16ed0-cc7e-4f87-bd63-81d84e7eb885/datanode-1/data-0/containers/hdds/56d16ed0-cc7e-4f87-bd63-81d84e7eb885/DS-627a71b4-1133-4a29-b150-6529e7cd53e9/container.db from cache
2023-08-28 09:32:26,396 [ForkJoinPool.commonPool-worker-0] INFO  volume.HddsVolume (HddsVolume.java:closeDbStore(453)) - SchemaV3 db is stopped at /home/runner/work/ozone/ozone/hadoop-ozone/integration-test/target/test-dir/MiniOzoneClusterImpl-56d16ed0-cc7e-4f87-bd63-81d84e7eb885/datanode-1/data-0/containers/hdds/56d16ed0-cc7e-4f87-bd63-81d84e7eb885/DS-627a71b4-1133-4a29-b150-6529e7cd53e9/container.db for volume DS-627a71b4-1133-4a29-b150-6529e7cd53e9
2023-08-28 09:32:26,396 [ForkJoinPool.commonPool-worker-1] INFO  utils.BackgroundService (BackgroundService.java:shutdown(141)) - Shutting down service BlockDeletingService
2023-08-28 09:32:26,398 [ForkJoinPool.commonPool-worker-2] INFO  utils.DatanodeStoreCache (DatanodeStoreCache.java:removeDB(104)) - Removed db /home/runner/work/ozone/ozone/hadoop-ozone/integration-test/target/test-dir/MiniOzoneClusterImpl-56d16ed0-cc7e-4f87-bd63-81d84e7eb885/datanode-4/data-0/containers/hdds/56d16ed0-cc7e-4f87-bd63-81d84e7eb885/DS-c7a2b3bc-ba9c-4e43-8e43-b49f7b62a954/container.db from cache
2023-08-28 09:32:26,398 [ForkJoinPool.commonPool-worker-2] INFO  volume.HddsVolume (HddsVolume.java:closeDbStore(453)) - SchemaV3 db is stopped at /home/runner/work/ozone/ozone/hadoop-ozone/integration-test/target/test-dir/MiniOzoneClusterImpl-56d16ed0-cc7e-4f87-bd63-81d84e7eb885/datanode-4/data-0/containers/hdds/56d16ed0-cc7e-4f87-bd63-81d84e7eb885/DS-c7a2b3bc-ba9c-4e43-8e43-b49f7b62a954/container.db for volume DS-c7a2b3bc-ba9c-4e43-8e43-b49f7b62a954
2023-08-28 09:32:26,398 [ForkJoinPool.commonPool-worker-0] INFO  utils.BackgroundService (BackgroundService.java:shutdown(141)) - Shutting down service BlockDeletingService
2023-08-28 09:32:26,398 [ForkJoinPool.commonPool-worker-2] INFO  utils.BackgroundService (BackgroundService.java:shutdown(141)) - Shutting down service BlockDeletingService
2023-08-28 09:32:26,399 [ForkJoinPool.commonPool-worker-0] INFO  utils.BackgroundService (BackgroundService.java:shutdown(141)) - Shutting down service StaleRecoveringContainerScrubbingService
2023-08-28 09:32:26,399 [ForkJoinPool.commonPool-worker-1] INFO  utils.BackgroundService (BackgroundService.java:shutdown(141)) - Shutting down service StaleRecoveringContainerScrubbingService
2023-08-28 09:32:26,401 [ForkJoinPool.commonPool-worker-2] INFO  utils.BackgroundService (BackgroundService.java:shutdown(141)) - Shutting down service StaleRecoveringContainerScrubbingService
2023-08-28 09:32:26,402 [ForkJoinPool.commonPool-worker-0] INFO  statemachine.DatanodeStateMachine (DatanodeStateMachine.java:stopDaemon(620)) - Ozone container server stopped.
2023-08-28 09:32:26,403 [ForkJoinPool.commonPool-worker-1] INFO  statemachine.DatanodeStateMachine (DatanodeStateMachine.java:stopDaemon(620)) - Ozone container server stopped.
2023-08-28 09:32:26,403 [ForkJoinPool.commonPool-worker-2] INFO  statemachine.DatanodeStateMachine (DatanodeStateMachine.java:stopDaemon(620)) - Ozone container server stopped.
2023-08-28 09:32:26,430 [ForkJoinPool.commonPool-worker-2] INFO  handler.ContextHandler (ContextHandler.java:doStop(1159)) - Stopped o.e.j.w.WebAppContext@2dfb9368{hddsDatanode,/,null,STOPPED}{jar:file:/home/runner/.m2/repository/org/apache/ozone/hdds-container-service/1.4.0-SNAPSHOT/hdds-container-service-1.4.0-SNAPSHOT.jar!/webapps/hddsDatanode}
2023-08-28 09:32:26,431 [ForkJoinPool.commonPool-worker-2] INFO  server.AbstractConnector (AbstractConnector.java:doStop(383)) - Stopped ServerConnector@6a820abf{HTTP/1.1, (http/1.1)}{0.0.0.0:15045}
2023-08-28 09:32:26,431 [ForkJoinPool.commonPool-worker-2] INFO  server.session (HouseKeeper.java:stopScavenging(149)) - node0 Stopped scavenging
2023-08-28 09:32:26,432 [ForkJoinPool.commonPool-worker-2] INFO  handler.ContextHandler (ContextHandler.java:doStop(1159)) - Stopped o.e.j.s.ServletContextHandler@627b6b54{static,/static,jar:file:/home/runner/.m2/repository/org/apache/ozone/hdds-container-service/1.4.0-SNAPSHOT/hdds-container-service-1.4.0-SNAPSHOT.jar!/webapps/static,STOPPED}
2023-08-28 09:32:26,433 [main] INFO  handler.ContextHandler (ContextHandler.java:doStop(1159)) - Stopped o.e.j.w.WebAppContext@598aee13{hddsDatanode,/,null,STOPPED}{jar:file:/home/runner/.m2/repository/org/apache/ozone/hdds-container-service/1.4.0-SNAPSHOT/hdds-container-service-1.4.0-SNAPSHOT.jar!/webapps/hddsDatanode}
2023-08-28 09:32:26,435 [main] INFO  server.AbstractConnector (AbstractConnector.java:doStop(383)) - Stopped ServerConnector@12c1a880{HTTP/1.1, (http/1.1)}{0.0.0.0:15027}
2023-08-28 09:32:26,435 [main] INFO  server.session (HouseKeeper.java:stopScavenging(149)) - node0 Stopped scavenging
2023-08-28 09:32:26,436 [main] INFO  handler.ContextHandler (ContextHandler.java:doStop(1159)) - Stopped o.e.j.s.ServletContextHandler@7d5041a1{static,/static,jar:file:/home/runner/.m2/repository/org/apache/ozone/hdds-container-service/1.4.0-SNAPSHOT/hdds-container-service-1.4.0-SNAPSHOT.jar!/webapps/static,STOPPED}
2023-08-28 09:32:26,437 [main] INFO  handler.ContextHandler (ContextHandler.java:doStop(1159)) - Stopped o.e.j.s.ServletContextHandler@70b2ff6f{logs,/logs,file:///home/runner/work/ozone/ozone/hadoop-ozone/integration-test/target/log,STOPPED}
2023-08-28 09:32:26,437 [ForkJoinPool.commonPool-worker-2] INFO  handler.ContextHandler (ContextHandler.java:doStop(1159)) - Stopped o.e.j.s.ServletContextHandler@14c259a2{logs,/logs,file:///home/runner/work/ozone/ozone/hadoop-ozone/integration-test/target/log,STOPPED}
2023-08-28 09:32:26,441 [ForkJoinPool.commonPool-worker-0] INFO  handler.ContextHandler (ContextHandler.java:doStop(1159)) - Stopped o.e.j.w.WebAppContext@3b1e96c2{hddsDatanode,/,null,STOPPED}{jar:file:/home/runner/.m2/repository/org/apache/ozone/hdds-container-service/1.4.0-SNAPSHOT/hdds-container-service-1.4.0-SNAPSHOT.jar!/webapps/hddsDatanode}
2023-08-28 09:32:26,441 [ForkJoinPool.commonPool-worker-1] INFO  handler.ContextHandler (ContextHandler.java:doStop(1159)) - Stopped o.e.j.w.WebAppContext@6c2ede04{hddsDatanode,/,null,STOPPED}{jar:file:/home/runner/.m2/repository/org/apache/ozone/hdds-container-service/1.4.0-SNAPSHOT/hdds-container-service-1.4.0-SNAPSHOT.jar!/webapps/hddsDatanode}
2023-08-28 09:32:26,441 [ForkJoinPool.commonPool-worker-0] INFO  server.AbstractConnector (AbstractConnector.java:doStop(383)) - Stopped ServerConnector@74d9f7{HTTP/1.1, (http/1.1)}{0.0.0.0:15018}
2023-08-28 09:32:26,442 [ForkJoinPool.commonPool-worker-0] INFO  server.session (HouseKeeper.java:stopScavenging(149)) - node0 Stopped scavenging
2023-08-28 09:32:26,442 [ForkJoinPool.commonPool-worker-0] INFO  handler.ContextHandler (ContextHandler.java:doStop(1159)) - Stopped o.e.j.s.ServletContextHandler@7b10f0cd{static,/static,jar:file:/home/runner/.m2/repository/org/apache/ozone/hdds-container-service/1.4.0-SNAPSHOT/hdds-container-service-1.4.0-SNAPSHOT.jar!/webapps/static,STOPPED}
2023-08-28 09:32:26,443 [ForkJoinPool.commonPool-worker-0] INFO  handler.ContextHandler (ContextHandler.java:doStop(1159)) - Stopped o.e.j.s.ServletContextHandler@52c53342{logs,/logs,file:///home/runner/work/ozone/ozone/hadoop-ozone/integration-test/target/log,STOPPED}
2023-08-28 09:32:26,443 [ForkJoinPool.commonPool-worker-1] INFO  server.AbstractConnector (AbstractConnector.java:doStop(383)) - Stopped ServerConnector@23e9f343{HTTP/1.1, (http/1.1)}{0.0.0.0:15009}
2023-08-28 09:32:26,443 [ForkJoinPool.commonPool-worker-1] INFO  server.session (HouseKeeper.java:stopScavenging(149)) - node0 Stopped scavenging
2023-08-28 09:32:26,444 [ForkJoinPool.commonPool-worker-1] INFO  handler.ContextHandler (ContextHandler.java:doStop(1159)) - Stopped o.e.j.s.ServletContextHandler@3ca81397{static,/static,jar:file:/home/runner/.m2/repository/org/apache/ozone/hdds-container-service/1.4.0-SNAPSHOT/hdds-container-service-1.4.0-SNAPSHOT.jar!/webapps/static,STOPPED}
2023-08-28 09:32:26,445 [ForkJoinPool.commonPool-worker-1] INFO  handler.ContextHandler (ContextHandler.java:doStop(1159)) - Stopped o.e.j.s.ServletContextHandler@73b901e4{logs,/logs,file:///home/runner/work/ozone/ozone/hadoop-ozone/integration-test/target/log,STOPPED}
2023-08-28 09:32:26,445 [main] INFO  ozone.HddsDatanodeClientProtocolServer (HddsDatanodeClientProtocolServer.java:stop(78)) - Stopping the RPC server for Client Protocol
2023-08-28 09:32:26,447 [main] INFO  ipc.Server (Server.java:stop(3523)) - Stopping server on 15028
2023-08-28 09:32:26,445 [ForkJoinPool.commonPool-worker-2] INFO  ozone.HddsDatanodeClientProtocolServer (HddsDatanodeClientProtocolServer.java:stop(78)) - Stopping the RPC server for Client Protocol
2023-08-28 09:32:26,450 [ForkJoinPool.commonPool-worker-0] INFO  ozone.HddsDatanodeClientProtocolServer (HddsDatanodeClientProtocolServer.java:stop(78)) - Stopping the RPC server for Client Protocol
2023-08-28 09:32:26,451 [ForkJoinPool.commonPool-worker-2] INFO  ipc.Server (Server.java:stop(3523)) - Stopping server on 15046
2023-08-28 09:32:26,452 [IPC Server listener on 15046] INFO  ipc.Server (Server.java:run(1434)) - Stopping IPC Server listener on 15046
2023-08-28 09:32:26,452 [IPC Server Responder] INFO  ipc.Server (Server.java:run(1567)) - Stopping IPC Server Responder
2023-08-28 09:32:26,453 [ForkJoinPool.commonPool-worker-0] INFO  ipc.Server (Server.java:stop(3523)) - Stopping server on 15019
2023-08-28 09:32:26,453 [IPC Server listener on 15028] INFO  ipc.Server (Server.java:run(1434)) - Stopping IPC Server listener on 15028
2023-08-28 09:32:26,453 [IPC Server Responder] INFO  ipc.Server (Server.java:run(1567)) - Stopping IPC Server Responder
2023-08-28 09:32:26,454 [ForkJoinPool.commonPool-worker-1] INFO  ozone.HddsDatanodeClientProtocolServer (HddsDatanodeClientProtocolServer.java:stop(78)) - Stopping the RPC server for Client Protocol
2023-08-28 09:32:26,454 [ForkJoinPool.commonPool-worker-1] INFO  ipc.Server (Server.java:stop(3523)) - Stopping server on 15010
2023-08-28 09:32:26,455 [IPC Server listener on 15010] INFO  ipc.Server (Server.java:run(1434)) - Stopping IPC Server listener on 15010
2023-08-28 09:32:26,455 [IPC Server Responder] INFO  ipc.Server (Server.java:run(1567)) - Stopping IPC Server Responder
2023-08-28 09:32:26,455 [IPC Server listener on 15019] INFO  ipc.Server (Server.java:run(1434)) - Stopping IPC Server listener on 15019
2023-08-28 09:32:26,456 [IPC Server Responder] INFO  ipc.Server (Server.java:run(1567)) - Stopping IPC Server Responder
2023-08-28 09:32:26,458 [main] INFO  ozone.MiniOzoneClusterImpl (MiniOzoneClusterImpl.java:stopSCM(543)) - Stopping the StorageContainerManager
2023-08-28 09:32:26,458 [main] INFO  server.StorageContainerManager (StorageContainerManager.java:stop(1591)) - Container Balancer is not running.
2023-08-28 09:32:26,459 [main] INFO  server.StorageContainerManager (StorageContainerManager.java:stopReplicationManager(1724)) - Stopping Replication Manager Service.
2023-08-28 09:32:26,459 [main] INFO  replication.ReplicationManager (ReplicationManager.java:stop(323)) - Stopping Replication Monitor Thread.
2023-08-28 09:32:26,459 [main] INFO  server.StorageContainerManager (StorageContainerManager.java:stop(1600)) - Stopping the Datanode Admin Monitor.
2023-08-28 09:32:26,459 [main] INFO  server.StorageContainerManager (StorageContainerManager.java:stop(1607)) - Stopping datanode service RPC server
2023-08-28 09:32:26,459 [main] INFO  server.SCMDatanodeProtocolServer (SCMDatanodeProtocolServer.java:stop(424)) - Stopping the RPC server for DataNodes
2023-08-28 09:32:26,459 [main] INFO  ipc.Server (Server.java:stop(3523)) - Stopping server on 15002
2023-08-28 09:32:26,459 [Under Replicated Processor] WARN  replication.UnhealthyReplicationProcessor (UnhealthyReplicationProcessor.java:run(180)) - Under Replicated Processor interrupted. Exiting...
2023-08-28 09:32:26,459 [Over Replicated Processor] WARN  replication.UnhealthyReplicationProcessor (UnhealthyReplicationProcessor.java:run(180)) - Over Replicated Processor interrupted. Exiting...
2023-08-28 09:32:26,460 [ReplicationMonitor] INFO  replication.ReplicationManager (ReplicationManager.java:run(921)) - Replication Monitor Thread is stopped
2023-08-28 09:32:26,462 [IPC Server Responder] INFO  ipc.Server (Server.java:run(1567)) - Stopping IPC Server Responder
2023-08-28 09:32:26,463 [IPC Server listener on 15002] INFO  ipc.Server (Server.java:run(1434)) - Stopping IPC Server listener on 15002
2023-08-28 09:32:26,530 [SCM Heartbeat Processing Thread - 0] WARN  node.NodeStateManager (NodeStateManager.java:scheduleNextHealthCheck(874)) - Current Thread is interrupted, shutting down HB processing thread for Node Manager.
2023-08-28 09:32:26,531 [main] INFO  server.StorageContainerManager (StorageContainerManager.java:stop(1615)) - Stopping block service RPC server
2023-08-28 09:32:26,531 [main] INFO  server.SCMBlockProtocolServer (SCMBlockProtocolServer.java:stop(161)) - Stopping the RPC server for Block Protocol
2023-08-28 09:32:26,531 [main] INFO  ipc.Server (Server.java:stop(3523)) - Stopping server on 15001
2023-08-28 09:32:26,532 [IPC Server Responder] INFO  ipc.Server (Server.java:run(1567)) - Stopping IPC Server Responder
2023-08-28 09:32:26,532 [IPC Server listener on 15001] INFO  ipc.Server (Server.java:run(1434)) - Stopping IPC Server listener on 15001
2023-08-28 09:32:26,534 [main] INFO  server.StorageContainerManager (StorageContainerManager.java:stop(1622)) - Stopping the StorageContainerLocationProtocol RPC server
2023-08-28 09:32:26,534 [main] INFO  server.SCMClientProtocolServer (SCMClientProtocolServer.java:stop(210)) - Stopping the RPC server for Client Protocol
2023-08-28 09:32:26,534 [main] INFO  ipc.Server (Server.java:stop(3523)) - Stopping server on 15000
2023-08-28 09:32:26,535 [IPC Server Responder] INFO  ipc.Server (Server.java:run(1567)) - Stopping IPC Server Responder
2023-08-28 09:32:26,536 [IPC Server listener on 15000] INFO  ipc.Server (Server.java:run(1434)) - Stopping IPC Server listener on 15000
2023-08-28 09:32:26,537 [main] INFO  server.StorageContainerManager (StorageContainerManager.java:stop(1629)) - Stopping Storage Container Manager HTTP server.
2023-08-28 09:32:26,538 [main] INFO  handler.ContextHandler (ContextHandler.java:doStop(1159)) - Stopped o.e.j.w.WebAppContext@54464330{scm,/,null,STOPPED}{file:/home/runner/work/ozone/ozone/hadoop-ozone/integration-test/target/test-classes/webapps/scm}
2023-08-28 09:32:26,539 [main] INFO  server.AbstractConnector (AbstractConnector.java:doStop(383)) - Stopped ServerConnector@36003e90{HTTP/1.1, (http/1.1)}{0.0.0.0:15003}
2023-08-28 09:32:26,539 [main] INFO  server.session (HouseKeeper.java:stopScavenging(149)) - node0 Stopped scavenging
2023-08-28 09:32:26,540 [main] INFO  handler.ContextHandler (ContextHandler.java:doStop(1159)) - Stopped o.e.j.s.ServletContextHandler@157ff8f8{static,/static,file:///home/runner/work/ozone/ozone/hadoop-ozone/integration-test/target/test-classes/webapps/static,STOPPED}
2023-08-28 09:32:26,540 [main] INFO  handler.ContextHandler (ContextHandler.java:doStop(1159)) - Stopped o.e.j.s.ServletContextHandler@54151d07{logs,/logs,file:///home/runner/work/ozone/ozone/hadoop-ozone/integration-test/target/log,STOPPED}
2023-08-28 09:32:26,541 [main] INFO  server.StorageContainerManager (StorageContainerManager.java:stop(1637)) - Stopping SCM LayoutVersionManager Service.
2023-08-28 09:32:26,541 [main] INFO  server.StorageContainerManager (StorageContainerManager.java:stop(1649)) - Stopping Block Manager Service.
2023-08-28 09:32:26,541 [main] INFO  utils.BackgroundService (BackgroundService.java:shutdown(141)) - Shutting down service SCMBlockDeletingService
2023-08-28 09:32:26,542 [main] INFO  utils.BackgroundService (BackgroundService.java:shutdown(141)) - Shutting down service SCMBlockDeletingService
2023-08-28 09:32:26,542 [main] INFO  server.StorageContainerManager (StorageContainerManager.java:stop(1669)) - Stopping SCM Event Queue.
2023-08-28 09:32:26,545 [JvmPauseMonitor0] INFO  util.JvmPauseMonitor (JvmPauseMonitor.java:run(109)) - JvmPauseMonitor-e8ac97ac-a697-4e54-9991-1ee2cb8c7d0a: Stopped
2023-08-28 09:32:26,545 [main] INFO  server.StorageContainerManager (StorageContainerManager.java:stop(1680)) - Stopping SCM HA services.
2023-08-28 09:32:26,545 [main] INFO  pipeline.BackgroundPipelineCreator (BackgroundPipelineCreator.java:stop(149)) - Stopping RatisPipelineUtilsThread.
2023-08-28 09:32:26,546 [RatisPipelineUtilsThread - 0] WARN  pipeline.BackgroundPipelineCreator (BackgroundPipelineCreator.java:run(180)) - RatisPipelineUtilsThread is interrupted.
2023-08-28 09:32:26,547 [BackgroundPipelineScrubberThread] WARN  BackgroundPipelineScrubber (BackgroundSCMService.java:run(115)) - BackgroundPipelineScrubber is interrupted, exit
2023-08-28 09:32:26,547 [main] INFO  BackgroundPipelineScrubber (BackgroundSCMService.java:stop(131)) - Stopping BackgroundPipelineScrubber Service.
2023-08-28 09:32:26,548 [main] INFO  impl.MetricsSystemImpl (MetricsSystemImpl.java:stop(210)) - Stopping XceiverClientMetrics metrics system...
2023-08-28 09:32:26,549 [prometheus] INFO  impl.MetricsSinkAdapter (MetricsSinkAdapter.java:publishMetricsFromQueue(141)) - prometheus thread interrupted.
2023-08-28 09:32:26,552 [main] INFO  impl.MetricsSystemImpl (MetricsSystemImpl.java:stop(216)) - XceiverClientMetrics metrics system stopped.
2023-08-28 09:32:26,552 [main] WARN  pipeline.BackgroundPipelineCreator (BackgroundPipelineCreator.java:stop(145)) - RatisPipelineUtilsThread is not running, just ignore.
2023-08-28 09:32:26,552 [main] INFO  BackgroundPipelineScrubber (BackgroundSCMService.java:stop(126)) - BackgroundPipelineScrubber Service is not running, skip stop.
2023-08-28 09:32:26,556 [main] INFO  ExpiredContainerReplicaOpScrubber (BackgroundSCMService.java:stop(131)) - Stopping ExpiredContainerReplicaOpScrubber Service.
2023-08-28 09:32:26,556 [ExpiredContainerReplicaOpScrubberThread] WARN  ExpiredContainerReplicaOpScrubber (BackgroundSCMService.java:run(115)) - ExpiredContainerReplicaOpScrubber is interrupted, exit
2023-08-28 09:32:26,556 [main] INFO  utils.BackgroundService (BackgroundService.java:shutdown(141)) - Shutting down service SCMBlockDeletingService
2023-08-28 09:32:26,556 [main] INFO  replication.ReplicationManager (ReplicationManager.java:stop(333)) - Replication Monitor Thread is not running.
2023-08-28 09:32:26,556 [main] WARN  balancer.ContainerBalancer (ContainerBalancer.java:stop(326)) - Cannot stop Container Balancer because it's not running or stopping
2023-08-28 09:32:26,556 [Lease Manager-LeaseManager#LeaseMonitor] WARN  lease.LeaseManager (LeaseManager.java:run(272)) - Lease manager is interrupted. Shutting down...
java.lang.InterruptedException
	at java.util.concurrent.locks.AbstractQueuedSynchronizer.doAcquireSharedNanos(AbstractQueuedSynchronizer.java:1039)
	at java.util.concurrent.locks.AbstractQueuedSynchronizer.tryAcquireSharedNanos(AbstractQueuedSynchronizer.java:1328)
	at java.util.concurrent.Semaphore.tryAcquire(Semaphore.java:409)
	at org.apache.hadoop.ozone.lease.LeaseManager$LeaseMonitor.run(LeaseManager.java:270)
	at java.lang.Thread.run(Thread.java:750)
2023-08-28 09:32:26,556 [main] INFO  server.StorageContainerManager (StorageContainerManager.java:stop(1715)) - Stopping SCM MetadataStore.
2023-08-28 09:32:26,632 [main] WARN  server.ServerUtils (ServerUtils.java:getScmDbDir(155)) - ozone.scm.db.dirs is not configured. We recommend adding this setting. Falling back to ozone.metadata.dirs instead.
2023-08-28 09:32:26,638 [main] WARN  server.ServerUtils (ServerUtils.java:getScmDbDir(155)) - ozone.scm.db.dirs is not configured. We recommend adding this setting. Falling back to ozone.metadata.dirs instead.
2023-08-28 09:32:26,639 [main] INFO  ha.SCMHANodeDetails (SCMHANodeDetails.java:loadSCMHAConfig(210)) - ServiceID for StorageContainerManager is null
2023-08-28 09:32:26,639 [main] INFO  ha.SCMHANodeDetails (SCMHANodeDetails.java:loadSCMHAConfig(215)) - ozone.scm.default.service.id is not defined, falling back to ozone.scm.service.ids to find serviceID for StorageContainerManager if it is HA enabled cluster
2023-08-28 09:32:26,639 [main] WARN  utils.HAUtils (HAUtils.java:getMetaDir(339)) - ozone.scm.db.dirs is not configured. We recommend adding this setting. Falling back to ozone.metadata.dirs instead.
2023-08-28 09:32:26,640 [main] WARN  db.DBStoreBuilder (DBStoreBuilder.java:applyDBDefinition(166)) - ozone.scm.db.dirs is not configured. We recommend adding this setting. Falling back to ozone.metadata.dirs instead.
2023-08-28 09:32:26,746 [main] INFO  net.NodeSchemaLoader (NodeSchemaLoader.java:loadSchemaFromFile(129)) - Loading schema from [jar:file:/home/runner/.m2/repository/org/apache/ozone/hdds-common/1.4.0-SNAPSHOT/hdds-common-1.4.0-SNAPSHOT.jar!/network-topology-default.xml]
2023-08-28 09:32:26,746 [main] INFO  net.NodeSchemaLoader (NodeSchemaLoader.java:loadSchema(176)) - Loading network topology layer schema file
2023-08-28 09:32:26,750 [main] INFO  upgrade.AbstractLayoutVersionManager (AbstractLayoutVersionManager.java:init(83)) - Initializing Layout version manager with metadata layout = HADOOP_PRC_PORTS_IN_DATANODEDETAILS (version = 7), software layout = HADOOP_PRC_PORTS_IN_DATANODEDETAILS (version = 7)
2023-08-28 09:32:26,751 [main] INFO  ha.SequenceIdGenerator (SequenceIdGenerator.java:upgradeToSequenceId(365)) - upgrade localId to 111677748019200000
2023-08-28 09:32:26,752 [main] INFO  ha.SequenceIdGenerator (SequenceIdGenerator.java:upgradeToSequenceId(375)) - upgrade delTxnId to 0
2023-08-28 09:32:26,752 [main] INFO  ha.SequenceIdGenerator (SequenceIdGenerator.java:upgradeToSequenceId(392)) - upgrade containerId to 0
2023-08-28 09:32:26,753 [main] INFO  ha.SequenceIdGenerator (SequenceIdGenerator.java:upgradeToSequenceId(428)) - upgrade rootCertificateId to 1
2023-08-28 09:32:26,753 [main] INFO  ha.SequenceIdGenerator (SequenceIdGenerator.java:<init>(236)) - Init the HA SequenceIdGenerator.
2023-08-28 09:32:26,754 [main] WARN  server.ServerUtils (ServerUtils.java:sanitizeUserArgs(80)) - ozone.scm.stale.node.interval value = 300000 is larger than max = 100000 based on the key value of ozone.scm.heartbeat.thread.interval, reset to the max value 100000.
2023-08-28 09:32:26,754 [main] WARN  server.ServerUtils (ServerUtils.java:sanitizeUserArgs(80)) - ozone.scm.stale.node.interval value = 300000 is larger than max = 100000 based on the key value of ozone.scm.heartbeat.thread.interval, reset to the max value 100000.
2023-08-28 09:32:26,754 [main] INFO  node.SCMNodeManager (SCMNodeManager.java:<init>(157)) - Entering startup safe mode.
2023-08-28 09:32:26,755 [main] INFO  algorithms.ContainerPlacementPolicyFactory (ContainerPlacementPolicyFactory.java:getPolicyInternal(86)) - Create container placement policy of type org.apache.hadoop.hdds.scm.container.placement.algorithms.SCMContainerPlacementRackAware
2023-08-28 09:32:26,755 [main] INFO  algorithms.ContainerPlacementPolicyFactory (ContainerPlacementPolicyFactory.java:getPolicyInternal(86)) - Create container placement policy of type org.apache.hadoop.hdds.scm.container.placement.algorithms.SCMContainerPlacementRackScatter
2023-08-28 09:32:26,755 [main] INFO  pipeline.PipelineStateManagerImpl (PipelineStateManagerImpl.java:initialize(78)) - No pipeline exists in current db
2023-08-28 09:32:26,755 [main] INFO  algorithms.LeaderChoosePolicyFactory (LeaderChoosePolicyFactory.java:getPolicy(57)) - Create leader choose policy of type org.apache.hadoop.hdds.scm.pipeline.leader.choose.algorithms.MinLeaderCountChoosePolicy
2023-08-28 09:32:26,755 [main] INFO  algorithms.ContainerPlacementPolicyFactory (ContainerPlacementPolicyFactory.java:getPolicyInternal(86)) - Create container placement policy of type org.apache.hadoop.hdds.scm.container.placement.algorithms.SCMContainerPlacementRackScatter
2023-08-28 09:32:26,755 [main] INFO  ha.SCMServiceManager (SCMServiceManager.java:register(42)) - Registering service BackgroundPipelineCreator.
2023-08-28 09:32:26,756 [main] INFO  pipeline.BackgroundPipelineCreator (BackgroundPipelineCreator.java:start(124)) - Starting RatisPipelineUtilsThread.
2023-08-28 09:32:26,756 [main] INFO  BackgroundPipelineScrubber (BackgroundSCMService.java:start(68)) - Starting BackgroundPipelineScrubber Service.
2023-08-28 09:32:26,756 [main] INFO  ha.SCMServiceManager (SCMServiceManager.java:register(42)) - Registering service BackgroundPipelineScrubber.
2023-08-28 09:32:26,756 [main] INFO  ExpiredContainerReplicaOpScrubber (BackgroundSCMService.java:start(68)) - Starting ExpiredContainerReplicaOpScrubber Service.
2023-08-28 09:32:26,756 [main] INFO  ha.SCMServiceManager (SCMServiceManager.java:register(42)) - Registering service ExpiredContainerReplicaOpScrubber.
2023-08-28 09:32:26,757 [main] INFO  algorithms.PipelineChoosePolicyFactory (PipelineChoosePolicyFactory.java:createPipelineChoosePolicyFromClass(78)) - Create pipeline choose policy of type org.apache.hadoop.hdds.scm.pipeline.choose.algorithms.RandomPipelineChoosePolicy
2023-08-28 09:32:26,758 [main] INFO  algorithms.PipelineChoosePolicyFactory (PipelineChoosePolicyFactory.java:createPipelineChoosePolicyFromClass(78)) - Create pipeline choose policy of type org.apache.hadoop.hdds.scm.pipeline.choose.algorithms.RandomPipelineChoosePolicy
2023-08-28 09:32:26,758 [main] INFO  ha.SCMServiceManager (SCMServiceManager.java:register(42)) - Registering service SCMBlockDeletingService.
2023-08-28 09:32:26,759 [main] INFO  replication.ReplicationManager (ReplicationManager.java:start(291)) - Starting Replication Monitor Thread.
2023-08-28 09:32:26,764 [ReplicationMonitor] INFO  replication.ReplicationManager (ReplicationManager.java:processAll(365)) - Replication Manager is not ready to run until 3000ms after safemode exit
2023-08-28 09:32:26,764 [main] INFO  ha.SCMServiceManager (SCMServiceManager.java:register(42)) - Registering service ReplicationManager.
2023-08-28 09:32:26,765 [main] INFO  safemode.ContainerSafeModeRule (ContainerSafeModeRule.java:<init>(90)) - containers with one replica threshold count 0
2023-08-28 09:32:26,765 [main] INFO  safemode.HealthyPipelineSafeModeRule (HealthyPipelineSafeModeRule.java:initializeRule(169)) - Total pipeline count is 0, healthy pipeline threshold count is 1
2023-08-28 09:32:26,765 [main] INFO  safemode.OneReplicaPipelineSafeModeRule (OneReplicaPipelineSafeModeRule.java:initializeRule(180)) - Total pipeline count is 0, pipeline's with at least one datanode reported threshold count is 0
2023-08-28 09:32:26,768 [main] INFO  server.StorageContainerManager (StorageContainerManager.java:<init>(425)) - SCM start with adminUsers: [runner]
2023-08-28 09:32:26,768 [main] INFO  ipc.CallQueueManager (CallQueueManager.java:<init>(90)) - Using callQueue: class java.util.concurrent.LinkedBlockingQueue, queueCapacity: 2000, scheduler: class org.apache.hadoop.ipc.DefaultRpcScheduler, ipcBackoff: false.
2023-08-28 09:32:26,768 [main] INFO  ipc.Server (Server.java:<init>(1287)) - Listener at 0.0.0.0:15055
2023-08-28 09:32:26,770 [Socket Reader #1 for port 15055] INFO  ipc.Server (Server.java:run(1323)) - Starting Socket Reader #1 for port 15055
2023-08-28 09:32:26,771 [main] INFO  ipc.CallQueueManager (CallQueueManager.java:<init>(90)) - Using callQueue: class java.util.concurrent.LinkedBlockingQueue, queueCapacity: 2000, scheduler: class org.apache.hadoop.ipc.DefaultRpcScheduler, ipcBackoff: false.
2023-08-28 09:32:26,771 [main] INFO  ipc.Server (Server.java:<init>(1287)) - Listener at 0.0.0.0:15054
2023-08-28 09:32:26,772 [Socket Reader #1 for port 15054] INFO  ipc.Server (Server.java:run(1323)) - Starting Socket Reader #1 for port 15054
2023-08-28 09:32:26,772 [main] INFO  ipc.CallQueueManager (CallQueueManager.java:<init>(90)) - Using callQueue: class java.util.concurrent.LinkedBlockingQueue, queueCapacity: 2000, scheduler: class org.apache.hadoop.ipc.DefaultRpcScheduler, ipcBackoff: false.
2023-08-28 09:32:26,773 [main] INFO  ipc.Server (Server.java:<init>(1287)) - Listener at 0.0.0.0:15053
2023-08-28 09:32:26,773 [Socket Reader #1 for port 15053] INFO  ipc.Server (Server.java:run(1323)) - Starting Socket Reader #1 for port 15053
2023-08-28 09:32:26,780 [main] INFO  ha.SCMServiceManager (SCMServiceManager.java:register(42)) - Registering service ContainerBalancer.
2023-08-28 09:32:26,780 [main] INFO  server.StorageContainerManager (StorageContainerManager.java:<init>(438)) - 
Container Balancer status:
Key                            Value
Running                        false
Container Balancer Configuration values:
Key                                                Value
Threshold                                          10
Max Datanodes to Involve per Iteration(percent)    20
Max Size to Move per Iteration                     500GB
Max Size Entering Target per Iteration             26GB
Max Size Leaving Source per Iteration              26GB

2023-08-28 09:32:26,780 [main] INFO  ha.SCMContext (SCMContext.java:updateSafeModeStatus(228)) - Update SafeModeStatus from SafeModeStatus{safeModeStatus=true, preCheckPassed=false} to SafeModeStatus{safeModeStatus=true, preCheckPassed=false}.
2023-08-28 09:32:26,781 [main] INFO  server.StorageContainerManager (StorageContainerManager.java:start(1483)) - StorageContainerLocationProtocol RPC server is listening at /0.0.0.0:15053
2023-08-28 09:32:26,782 [main] WARN  impl.MetricsConfig (MetricsConfig.java:loadFirst(136)) - Cannot locate configuration: tried hadoop-metrics2-storagecontainermanager.properties,hadoop-metrics2.properties
2023-08-28 09:32:26,785 [main] INFO  impl.MetricsSystemImpl (MetricsSystemImpl.java:startTimer(378)) - Scheduled Metric snapshot period at 10 second(s).
2023-08-28 09:32:26,785 [main] INFO  impl.MetricsSystemImpl (MetricsSystemImpl.java:start(191)) - StorageContainerManager metrics system started
2023-08-28 09:32:26,824 [main] INFO  impl.MetricsSinkAdapter (MetricsSinkAdapter.java:start(204)) - Sink prometheus started
2023-08-28 09:32:26,830 [main] INFO  impl.MetricsSystemImpl (MetricsSystemImpl.java:registerSink(305)) - Registered sink prometheus
2023-08-28 09:32:26,850 [main] INFO  server.SCMClientProtocolServer (SCMClientProtocolServer.java:start(201)) - RPC server for Client  is listening at /0.0.0.0:15053
2023-08-28 09:32:26,852 [IPC Server Responder] INFO  ipc.Server (Server.java:run(1562)) - IPC Server Responder: starting
2023-08-28 09:32:26,856 [IPC Server listener on 15053] INFO  ipc.Server (Server.java:run(1402)) - IPC Server listener on 15053: starting
2023-08-28 09:32:26,861 [main] INFO  server.StorageContainerManager (StorageContainerManager.java:start(1496)) - ScmBlockLocationProtocol RPC server is listening at /0.0.0.0:15054
2023-08-28 09:32:26,861 [main] INFO  server.SCMBlockProtocolServer (SCMBlockProtocolServer.java:start(152)) - RPC server for Block Protocol is listening at /0.0.0.0:15054
2023-08-28 09:32:26,861 [IPC Server Responder] INFO  ipc.Server (Server.java:run(1562)) - IPC Server Responder: starting
2023-08-28 09:32:26,862 [IPC Server listener on 15054] INFO  ipc.Server (Server.java:run(1402)) - IPC Server listener on 15054: starting
2023-08-28 09:32:26,863 [main] INFO  server.SCMDatanodeProtocolServer (SCMDatanodeProtocolServer.java:start(193)) - ScmDatanodeProtocol RPC server for DataNodes is listening at /0.0.0.0:15055
2023-08-28 09:32:26,866 [IPC Server listener on 15055] INFO  ipc.Server (Server.java:run(1402)) - IPC Server listener on 15055: starting
2023-08-28 09:32:26,866 [IPC Server Responder] INFO  ipc.Server (Server.java:run(1562)) - IPC Server Responder: starting
2023-08-28 09:32:26,875 [main] INFO  http.BaseHttpServer (BaseHttpServer.java:newHttpServer2BuilderForOzone(223)) - Starting Web-server for scm at: http://0.0.0.0:15056
2023-08-28 09:32:26,875 [main] INFO  http.BaseHttpServer (BaseHttpServer.java:<init>(110)) - Hadoop Security Enabled: false Ozone Security Enabled: false Ozone HTTP Security Enabled: false 
2023-08-28 09:32:26,876 [JvmPauseMonitor7] INFO  util.JvmPauseMonitor (JvmPauseMonitor.java:run(103)) - JvmPauseMonitor-c7e94084-b2c1-4f60-861e-dd19574e3c98: Started
2023-08-28 09:32:26,878 [main] WARN  server.AuthenticationFilter (AuthenticationFilter.java:constructSecretProvider(240)) - Unable to initialize FileSignerSecretProvider, falling back to use random secrets. Reason: Could not read signature secret file: /home/runner/hadoop-http-auth-signature-secret
2023-08-28 09:32:26,880 [main] INFO  http.HttpRequestLog (HttpRequestLog.java:getRequestLog(86)) - Http request log for http.requests.scm is not defined
2023-08-28 09:32:26,882 [main] INFO  http.HttpServer2 (HttpServer2.java:addGlobalFilter(1031)) - Added global filter 'safety' (class=org.apache.hadoop.hdds.server.http.HttpServer2$QuotingInputFilter)
2023-08-28 09:32:26,883 [main] INFO  http.HttpServer2 (HttpServer2.java:addFilter(1007)) - Added filter static_user_filter (class=org.apache.hadoop.http.lib.StaticUserWebFilter$StaticUserFilter) to context scm
2023-08-28 09:32:26,883 [main] INFO  http.HttpServer2 (HttpServer2.java:addFilter(1015)) - Added filter static_user_filter (class=org.apache.hadoop.http.lib.StaticUserWebFilter$StaticUserFilter) to context logs
2023-08-28 09:32:26,883 [main] INFO  http.HttpServer2 (HttpServer2.java:addFilter(1015)) - Added filter static_user_filter (class=org.apache.hadoop.http.lib.StaticUserWebFilter$StaticUserFilter) to context static
2023-08-28 09:32:26,883 [main] INFO  http.BaseHttpServer (BaseHttpServer.java:<init>(189)) - HTTP server of scm uses base directory /home/runner/work/ozone/ozone/hadoop-ozone/integration-test/target/test-dir/MiniOzoneClusterImpl-67722190-891d-4afa-8cef-415625a2914e/ozone-meta/webserver
2023-08-28 09:32:26,884 [main] INFO  http.HttpServer2 (HttpServer2.java:bindListener(1231)) - Jetty bound to port 15056
2023-08-28 09:32:26,884 [main] INFO  server.Server (Server.java:doStart(375)) - jetty-9.4.51.v20230217; built: 2023-02-17T08:19:37.309Z; git: b45c405e4544384de066f814ed42ae3dceacdd49; jvm 1.8.0_382-b05
2023-08-28 09:32:26,887 [main] INFO  server.session (DefaultSessionIdManager.java:doStart(334)) - DefaultSessionIdManager workerName=node0
2023-08-28 09:32:26,888 [main] INFO  server.session (DefaultSessionIdManager.java:doStart(339)) - No SessionScavenger set, using defaults
2023-08-28 09:32:26,888 [main] INFO  server.session (HouseKeeper.java:startScavenging(132)) - node0 Scavenging every 660000ms
2023-08-28 09:32:26,889 [main] INFO  handler.ContextHandler (ContextHandler.java:doStart(921)) - Started o.e.j.s.ServletContextHandler@63b2bb62{logs,/logs,file:///home/runner/work/ozone/ozone/hadoop-ozone/integration-test/target/log,AVAILABLE}
2023-08-28 09:32:26,889 [main] INFO  handler.ContextHandler (ContextHandler.java:doStart(921)) - Started o.e.j.s.ServletContextHandler@651c471f{static,/static,file:///home/runner/work/ozone/ozone/hadoop-ozone/integration-test/target/test-classes/webapps/static,AVAILABLE}
2023-08-28 09:32:26,892 [main] INFO  handler.ContextHandler (ContextHandler.java:doStart(921)) - Started o.e.j.w.WebAppContext@37e69b7e{scm,/,file:///home/runner/work/ozone/ozone/hadoop-ozone/integration-test/target/test-classes/webapps/scm/,AVAILABLE}{file:/home/runner/work/ozone/ozone/hadoop-ozone/integration-test/target/test-classes/webapps/scm}
2023-08-28 09:32:26,896 [main] INFO  server.AbstractConnector (AbstractConnector.java:doStart(333)) - Started ServerConnector@739bbc14{HTTP/1.1, (http/1.1)}{0.0.0.0:15056}
2023-08-28 09:32:26,896 [main] INFO  server.Server (Server.java:doStart(415)) - Started @95233ms
2023-08-28 09:32:26,896 [main] WARN  impl.MetricsSystemImpl (MetricsSystemImpl.java:register(279)) - Sink prometheus already exists!
2023-08-28 09:32:26,897 [main] INFO  http.BaseHttpServer (BaseHttpServer.java:updateConnectorAddress(354)) - HTTP server of scm listening at http://0.0.0.0:15056
2023-08-28 09:32:26,897 [main] WARN  server.ServerUtils (ServerUtils.java:getDBPath(311)) - ozone.om.db.dirs is not configured. We recommend adding this setting. Falling back to ozone.metadata.dirs instead.
2023-08-28 09:32:26,899 [main] INFO  ha.OMHANodeDetails (OMHANodeDetails.java:loadOMHAConfig(115)) - ozone.om.internal.service.id is not defined, falling back to ozone.om.service.ids to find serviceID for OzoneManager if it is HA enabled cluster
2023-08-28 09:32:26,899 [main] INFO  ha.OMHANodeDetails (OMHANodeDetails.java:loadOMHAConfig(226)) - Configuration does not have ozone.om.address set. Falling back to the default OM address /127.0.0.1:15057
2023-08-28 09:32:26,899 [main] INFO  ha.OMHANodeDetails (OMHANodeDetails.java:getOMNodeDetailsForNonHA(254)) - OM Service ID is not set. Setting it to the default ID: omServiceIdDefault
2023-08-28 09:32:26,899 [main] INFO  ha.OMHANodeDetails (OMHANodeDetails.java:getOMNodeDetailsForNonHA(261)) - OM Node ID is not set. Setting it to the default ID: om1
2023-08-28 09:32:26,900 [main] WARN  server.ServerUtils (ServerUtils.java:getDBPath(311)) - ozone.om.db.dirs is not configured. We recommend adding this setting. Falling back to ozone.metadata.dirs instead.
2023-08-28 09:32:26,901 [main] INFO  upgrade.AbstractLayoutVersionManager (AbstractLayoutVersionManager.java:init(83)) - Initializing Layout version manager with metadata layout = QUOTA (version = 6), software layout = QUOTA (version = 6)
2023-08-28 09:32:26,988 [main] INFO  reflections.Reflections (Reflections.java:scan(232)) - Reflections took 86 ms to scan 2 urls, producing 188 keys and 512 values [using 2 cores]
2023-08-28 09:32:26,989 [main] INFO  upgrade.OMLayoutVersionManager (OMLayoutVersionManager.java:lambda$0(115)) - Skipping Upgrade Action MockOmUpgradeAction since it has been finalized.
2023-08-28 09:32:26,989 [main] INFO  upgrade.OMLayoutVersionManager (OMLayoutVersionManager.java:lambda$0(115)) - Skipping Upgrade Action QuotaRepairUpgradeAction since it has been finalized.
2023-08-28 09:32:26,989 [main] WARN  server.ServerUtils (ServerUtils.java:getDBPath(311)) - ozone.om.db.dirs is not configured. We recommend adding this setting. Falling back to ozone.metadata.dirs instead.
2023-08-28 09:32:26,990 [main] INFO  proxy.SCMBlockLocationFailoverProxyProvider (SCMBlockLocationFailoverProxyProvider.java:<init>(114)) - Created block location fail-over proxy with 1 nodes: [nodeId=scmNodeId,nodeAddress=/0.0.0.0:15054]
2023-08-28 09:32:26,991 [main] INFO  proxy.SCMBlockLocationFailoverProxyProvider (SCMBlockLocationFailoverProxyProvider.java:<init>(114)) - Created block location fail-over proxy with 1 nodes: [nodeId=scmNodeId,nodeAddress=/0.0.0.0:15054]
2023-08-28 09:32:27,003 [main] INFO  om.OzoneManager (OzoneManager.java:<init>(662)) - OM start with adminUsers: [runner]
2023-08-28 09:32:27,005 [main] WARN  server.ServerUtils (ServerUtils.java:getDBPath(311)) - ozone.om.db.dirs is not configured. We recommend adding this setting. Falling back to ozone.metadata.dirs instead.
2023-08-28 09:32:27,007 [main] INFO  helpers.OmKeyInfo (OmKeyInfo.java:getCodec(71)) - OmKeyInfo.getCodec ignorePipeline = true
2023-08-28 09:32:27,199 [main] INFO  om.OzoneManager (OzoneManager.java:instantiateServices(791)) - S3 Multi-Tenancy is disabled
2023-08-28 09:32:27,200 [main] INFO  om.OmSnapshotManager (OmSnapshotManager.java:<init>(175)) - Ozone filesystem snapshot feature is enabled.
2023-08-28 09:32:27,200 [main] WARN  server.ServerUtils (ServerUtils.java:getDBPath(311)) - ozone.om.snapshot.diff.db.dir is not configured. We recommend adding this setting. Falling back to ozone.metadata.dirs instead.
2023-08-28 09:32:27,227 [main] INFO  snapshot.SnapshotDiffManager (SnapshotDiffManager.java:closeExecutorService(1720)) - Shutting down executorService: 'SstDumpToolExecutor'
2023-08-28 09:32:27,228 [main] INFO  om.OzoneManager (OzoneManager.java:addS3GVolumeToDB(4284)) - Created Volume s3v With Owner runner required for S3Gateway operations.
2023-08-28 09:32:27,229 [main] INFO  om.OzoneManager (OzoneManager.java:getRpcServer(1193)) - Creating RPC Server
2023-08-28 09:32:27,724 [main] INFO  reflections.Reflections (Reflections.java:scan(232)) - Reflections took 494 ms to scan 19 urls, producing 70 keys and 5669 values [using 2 cores]
2023-08-28 09:32:27,726 [main] INFO  ipc.CallQueueManager (CallQueueManager.java:<init>(90)) - Using callQueue: class java.util.concurrent.LinkedBlockingQueue, queueCapacity: 2000, scheduler: class org.apache.hadoop.ipc.DefaultRpcScheduler, ipcBackoff: false.
2023-08-28 09:32:27,726 [main] INFO  ipc.Server (Server.java:<init>(1287)) - Listener at 127.0.0.1:15057
2023-08-28 09:32:27,727 [Socket Reader #1 for port 15057] INFO  ipc.Server (Server.java:run(1323)) - Starting Socket Reader #1 for port 15057
2023-08-28 09:32:27,756 [main] INFO  impl.MetricsSystemImpl (MetricsSystemImpl.java:init(158)) - OzoneManager metrics system started (again)
2023-08-28 09:32:27,768 [main] INFO  om.OzoneManager (OzoneManager.java:start(1613)) - OzoneManager RPC server is listening at localhost/127.0.0.1:15057
2023-08-28 09:32:27,769 [main] INFO  om.OzoneManager (OzoneManager.java:start(1629)) - Version File has different layout version (6) than OM DB (null). That is expected if this OM has never been finalized to a newer layout version.
2023-08-28 09:32:27,783 [main] INFO  http.BaseHttpServer (BaseHttpServer.java:newHttpServer2BuilderForOzone(223)) - Starting Web-server for ozoneManager at: http://0.0.0.0:15058
2023-08-28 09:32:27,783 [main] INFO  http.BaseHttpServer (BaseHttpServer.java:<init>(110)) - Hadoop Security Enabled: false Ozone Security Enabled: false Ozone HTTP Security Enabled: false 
2023-08-28 09:32:27,785 [main] WARN  server.AuthenticationFilter (AuthenticationFilter.java:constructSecretProvider(240)) - Unable to initialize FileSignerSecretProvider, falling back to use random secrets. Reason: Could not read signature secret file: /home/runner/hadoop-http-auth-signature-secret
2023-08-28 09:32:27,789 [main] INFO  http.HttpRequestLog (HttpRequestLog.java:getRequestLog(86)) - Http request log for http.requests.ozoneManager is not defined
2023-08-28 09:32:27,791 [main] INFO  http.HttpServer2 (HttpServer2.java:addGlobalFilter(1031)) - Added global filter 'safety' (class=org.apache.hadoop.hdds.server.http.HttpServer2$QuotingInputFilter)
2023-08-28 09:32:27,792 [main] INFO  http.HttpServer2 (HttpServer2.java:addFilter(1007)) - Added filter static_user_filter (class=org.apache.hadoop.http.lib.StaticUserWebFilter$StaticUserFilter) to context ozoneManager
2023-08-28 09:32:27,792 [main] INFO  http.HttpServer2 (HttpServer2.java:addFilter(1015)) - Added filter static_user_filter (class=org.apache.hadoop.http.lib.StaticUserWebFilter$StaticUserFilter) to context static
2023-08-28 09:32:27,792 [main] INFO  http.HttpServer2 (HttpServer2.java:addFilter(1015)) - Added filter static_user_filter (class=org.apache.hadoop.http.lib.StaticUserWebFilter$StaticUserFilter) to context logs
2023-08-28 09:32:27,793 [main] INFO  http.BaseHttpServer (BaseHttpServer.java:<init>(189)) - HTTP server of ozoneManager uses base directory /home/runner/work/ozone/ozone/hadoop-ozone/integration-test/target/test-dir/MiniOzoneClusterImpl-67722190-891d-4afa-8cef-415625a2914e/ozone-meta/webserver
2023-08-28 09:32:27,793 [main] INFO  http.HttpServer2 (HttpServer2.java:bindListener(1231)) - Jetty bound to port 15058
2023-08-28 09:32:27,793 [main] INFO  server.Server (Server.java:doStart(375)) - jetty-9.4.51.v20230217; built: 2023-02-17T08:19:37.309Z; git: b45c405e4544384de066f814ed42ae3dceacdd49; jvm 1.8.0_382-b05
2023-08-28 09:32:27,794 [main] INFO  server.session (DefaultSessionIdManager.java:doStart(334)) - DefaultSessionIdManager workerName=node0
2023-08-28 09:32:27,794 [main] INFO  server.session (DefaultSessionIdManager.java:doStart(339)) - No SessionScavenger set, using defaults
2023-08-28 09:32:27,794 [main] INFO  server.session (HouseKeeper.java:startScavenging(132)) - node0 Scavenging every 660000ms
2023-08-28 09:32:27,795 [main] INFO  handler.ContextHandler (ContextHandler.java:doStart(921)) - Started o.e.j.s.ServletContextHandler@6f4eff69{logs,/logs,file:///home/runner/work/ozone/ozone/hadoop-ozone/integration-test/target/log,AVAILABLE}
2023-08-28 09:32:27,796 [main] INFO  handler.ContextHandler (ContextHandler.java:doStart(921)) - Started o.e.j.s.ServletContextHandler@df65ef7{static,/static,file:///home/runner/work/ozone/ozone/hadoop-ozone/integration-test/target/test-classes/webapps/static,AVAILABLE}
2023-08-28 09:32:27,799 [main] INFO  handler.ContextHandler (ContextHandler.java:doStart(921)) - Started o.e.j.w.WebAppContext@75644d58{ozoneManager,/,file:///home/runner/work/ozone/ozone/hadoop-ozone/integration-test/target/test-classes/webapps/ozoneManager/,AVAILABLE}{file:/home/runner/work/ozone/ozone/hadoop-ozone/integration-test/target/test-classes/webapps/ozoneManager}
2023-08-28 09:32:27,800 [main] INFO  server.AbstractConnector (AbstractConnector.java:doStart(333)) - Started ServerConnector@57fe16a9{HTTP/1.1, (http/1.1)}{0.0.0.0:15058}
2023-08-28 09:32:27,801 [main] INFO  server.Server (Server.java:doStart(415)) - Started @96138ms
2023-08-28 09:32:27,801 [main] WARN  impl.MetricsSystemImpl (MetricsSystemImpl.java:register(279)) - Sink prometheus already exists!
2023-08-28 09:32:27,801 [main] INFO  http.BaseHttpServer (BaseHttpServer.java:updateConnectorAddress(354)) - HTTP server of ozoneManager listening at http://0.0.0.0:15058
2023-08-28 09:32:27,801 [IPC Server Responder] INFO  ipc.Server (Server.java:run(1562)) - IPC Server Responder: starting
2023-08-28 09:32:27,806 [IPC Server listener on 15057] INFO  ipc.Server (Server.java:run(1402)) - IPC Server listener on 15057: starting
2023-08-28 09:32:27,810 [main] INFO  om.TrashPolicyOzone (TrashPolicyOzone.java:<init>(277)) - Ozone Manager trash configuration: Deletion interval = 0 minutes, Emptier interval = 0 minutes.
2023-08-28 09:32:27,820 [JvmPauseMonitor8] INFO  util.JvmPauseMonitor (JvmPauseMonitor.java:run(103)) - JvmPauseMonitor-f569862c-da8f-4cdf-a165-329be4becace: Started
2023-08-28 09:32:27,823 [main] INFO  impl.MetricsSystemImpl (MetricsSystemImpl.java:init(158)) - HddsDatanode metrics system started (again)
2023-08-28 09:32:27,835 [main] INFO  ozone.HddsDatanodeService (HddsDatanodeService.java:start(237)) - HddsDatanodeService host:fv-az625-77.ififypym2nee5jib2gmjcfh3fc.bx.internal.cloudapp.net ip:10.1.0.27
2023-08-28 09:32:27,858 [main] INFO  upgrade.AbstractLayoutVersionManager (AbstractLayoutVersionManager.java:init(83)) - Initializing Layout version manager with metadata layout = HADOOP_PRC_PORTS_IN_DATANODEDETAILS (version = 7), software layout = HADOOP_PRC_PORTS_IN_DATANODEDETAILS (version = 7)
2023-08-28 09:32:27,859 [main] INFO  statemachine.DatanodeStateMachine (DatanodeStateMachine.java:getEndPointTaskThreadPoolSize(282)) - Datanode State Machine Task Thread Pool size 2
2023-08-28 09:32:27,860 [main] INFO  volume.HddsVolume (HddsVolume.java:<init>(126)) - Creating HddsVolume: /home/runner/work/ozone/ozone/hadoop-ozone/integration-test/target/test-dir/MiniOzoneClusterImpl-67722190-891d-4afa-8cef-415625a2914e/datanode-0/data-0/containers/hdds of storage type : DISK capacity : 9223372036854775807
2023-08-28 09:32:27,861 [main] INFO  volume.MutableVolumeSet (MutableVolumeSet.java:initializeVolumeSet(173)) - Added Volume : /home/runner/work/ozone/ozone/hadoop-ozone/integration-test/target/test-dir/MiniOzoneClusterImpl-67722190-891d-4afa-8cef-415625a2914e/datanode-0/data-0/containers/hdds to VolumeSet
2023-08-28 09:32:27,861 [main] INFO  volume.MutableVolumeSet (MutableVolumeSet.java:initializeVolumeSet(173)) - Added Volume : /home/runner/work/ozone/ozone/hadoop-ozone/integration-test/target/test-dir/MiniOzoneClusterImpl-67722190-891d-4afa-8cef-415625a2914e/datanode-0/data/ratis to VolumeSet
2023-08-28 09:32:27,862 [Thread-779] INFO  ozoneimpl.ContainerReader (ContainerReader.java:readVolume(177)) - Finish verifying containers on volume /home/runner/work/ozone/ozone/hadoop-ozone/integration-test/target/test-dir/MiniOzoneClusterImpl-67722190-891d-4afa-8cef-415625a2914e/datanode-0/data-0/containers/hdds
2023-08-28 09:32:27,862 [main] INFO  ozoneimpl.OzoneContainer (OzoneContainer.java:buildContainerSet(314)) - Build ContainerSet costs 0s
2023-08-28 09:32:27,866 [main] INFO  server.RaftServer (ConfUtils.java:logGet(46)) - raft.rpc.type = GRPC (default)
2023-08-28 09:32:27,866 [main] INFO  grpc.GrpcConfigKeys (ConfUtils.java:logFallback(53)) - raft.grpc.admin.host = null (fallback to raft.grpc.server.host)
2023-08-28 09:32:27,866 [main] INFO  grpc.GrpcConfigKeys (ConfUtils.java:logGet(46)) - raft.grpc.admin.port = 15066 (custom)
2023-08-28 09:32:27,867 [main] INFO  grpc.GrpcConfigKeys (ConfUtils.java:logFallback(53)) - raft.grpc.client.host = null (fallback to raft.grpc.server.host)
2023-08-28 09:32:27,867 [main] INFO  grpc.GrpcConfigKeys (ConfUtils.java:logGet(46)) - raft.grpc.client.port = 15065 (custom)
2023-08-28 09:32:27,867 [main] INFO  grpc.GrpcConfigKeys (ConfUtils.java:logGet(46)) - raft.grpc.server.host = null (default)
2023-08-28 09:32:27,867 [main] INFO  grpc.GrpcConfigKeys (ConfUtils.java:logGet(46)) - raft.grpc.server.port = 15067 (custom)
2023-08-28 09:32:27,867 [main] INFO  server.GrpcService (ConfUtils.java:logGet(46)) - raft.grpc.message.size.max = 32MB (=33554432) (custom)
2023-08-28 09:32:27,867 [main] INFO  server.RaftServerConfigKeys (ConfUtils.java:logGet(46)) - raft.server.log.appender.buffer.byte-limit = 33554432 (custom)
2023-08-28 09:32:27,867 [main] INFO  server.GrpcService (ConfUtils.java:logGet(46)) - raft.grpc.flow.control.window = 5MB (=5242880) (custom)
2023-08-28 09:32:27,867 [main] INFO  server.RaftServerConfigKeys (ConfUtils.java:logGet(46)) - raft.server.rpc.request.timeout = 60s (custom)
2023-08-28 09:32:27,867 [main] INFO  grpc.GrpcConfigKeys (ConfUtils.java:logGet(46)) - raft.grpc.server.heartbeat.channel = true (default)
2023-08-28 09:32:27,868 [main] INFO  grpc.GrpcConfigKeys (ConfUtils.java:logGet(46)) - raft.grpc.server.async.request.thread.pool.cached = true (default)
2023-08-28 09:32:27,868 [main] INFO  grpc.GrpcConfigKeys (ConfUtils.java:logGet(46)) - raft.grpc.server.async.request.thread.pool.size = 32 (default)
2023-08-28 09:32:27,871 [main] INFO  impl.DataStreamServerImpl (ConfUtils.java:logGet(46)) - raft.datastream.type = NETTY (custom)
2023-08-28 09:32:27,872 [main] INFO  server.RaftServerConfigKeys (ConfUtils.java:logGet(46)) - raft.server.data-stream.async.request.thread.pool.cached = false (default)
2023-08-28 09:32:27,872 [main] INFO  server.RaftServerConfigKeys (ConfUtils.java:logGet(46)) - raft.server.data-stream.async.request.thread.pool.size = 20 (custom)
2023-08-28 09:32:27,872 [main] INFO  server.RaftServerConfigKeys (ConfUtils.java:logGet(46)) - raft.server.data-stream.async.write.thread.pool.size = 16 (default)
2023-08-28 09:32:27,872 [main] INFO  server.RaftServerConfigKeys (ConfUtils.java:logGet(46)) - raft.server.data-stream.client.pool.size = 10 (default)
2023-08-28 09:32:27,873 [main] INFO  netty.NettyConfigKeys$DataStream (ConfUtils.java:logGet(46)) - raft.netty.dataStream.server.use-epoll = false (default)
2023-08-28 09:32:27,873 [main] INFO  netty.NettyConfigKeys$DataStream (ConfUtils.java:logGet(46)) - raft.netty.dataStream.server.boss-group.size = 0 (default)
2023-08-28 09:32:27,873 [main] INFO  netty.NettyConfigKeys$DataStream (ConfUtils.java:logGet(46)) - raft.netty.dataStream.server.worker-group.size = 0 (default)
2023-08-28 09:32:27,873 [main] INFO  netty.NettyConfigKeys$DataStream (ConfUtils.java:logGet(46)) - raft.netty.dataStream.server.tls.conf = null (default)
2023-08-28 09:32:27,873 [main] INFO  netty.NettyConfigKeys$DataStream (ConfUtils.java:logGet(46)) - raft.netty.dataStream.host = null (default)
2023-08-28 09:32:27,874 [main] INFO  netty.NettyConfigKeys$DataStream (ConfUtils.java:logGet(46)) - raft.netty.dataStream.port = 15068 (custom)
2023-08-28 09:32:27,876 [main] INFO  server.RaftServerConfigKeys (ConfUtils.java:logGet(46)) - raft.server.threadpool.proxy.cached = true (default)
2023-08-28 09:32:27,876 [main] INFO  server.RaftServerConfigKeys (ConfUtils.java:logGet(46)) - raft.server.threadpool.proxy.size = 0 (default)
2023-08-28 09:32:27,876 [main] INFO  server.RaftServerConfigKeys (ConfUtils.java:logGet(46)) - raft.server.rpc.slowness.timeout = 300s (custom)
2023-08-28 09:32:27,876 [main] INFO  server.RaftServerConfigKeys (ConfUtils.java:logGet(46)) - raft.server.leaderelection.leader.step-down.wait-time = 10s (default)
2023-08-28 09:32:27,876 [main] INFO  server.RaftServerConfigKeys (ConfUtils.java:logGet(46)) - raft.server.storage.dir = [/home/runner/work/ozone/ozone/hadoop-ozone/integration-test/target/test-dir/MiniOzoneClusterImpl-67722190-891d-4afa-8cef-415625a2914e/datanode-0/data/ratis] (custom)
2023-08-28 09:32:27,877 [8f24c139-1988-4882-b4c4-ff44179a1ed0-NettyServerStreamRpc-bossGroup--thread1] INFO  logging.LoggingHandler (AbstractInternalLogger.java:log(148)) - [id: 0xe2ec3bf4] REGISTERED
2023-08-28 09:32:27,877 [8f24c139-1988-4882-b4c4-ff44179a1ed0-NettyServerStreamRpc-bossGroup--thread1] INFO  logging.LoggingHandler (AbstractInternalLogger.java:log(148)) - [id: 0xe2ec3bf4] BIND: 0.0.0.0/0.0.0.0:15068
2023-08-28 09:32:27,877 [8f24c139-1988-4882-b4c4-ff44179a1ed0-NettyServerStreamRpc-bossGroup--thread1] INFO  logging.LoggingHandler (AbstractInternalLogger.java:log(148)) - [id: 0xe2ec3bf4, L:/0:0:0:0:0:0:0:0:15068] ACTIVE
2023-08-28 09:32:27,880 [8f24c139-1988-4882-b4c4-ff44179a1ed0-impl-thread1] INFO  server.RaftServer (RaftServerProxy.java:initGroupDir(258)) - 8f24c139-1988-4882-b4c4-ff44179a1ed0: found a subdirectory /home/runner/work/ozone/ozone/hadoop-ozone/integration-test/target/test-dir/MiniOzoneClusterImpl-67722190-891d-4afa-8cef-415625a2914e/datanode-0/data/ratis/tmp
2023-08-28 09:32:27,880 [8f24c139-1988-4882-b4c4-ff44179a1ed0-impl-thread1] INFO  server.RaftServer (RaftServerProxy.java:initGroupDir(263)) - 8f24c139-1988-4882-b4c4-ff44179a1ed0: The directory /home/runner/work/ozone/ozone/hadoop-ozone/integration-test/target/test-dir/MiniOzoneClusterImpl-67722190-891d-4afa-8cef-415625a2914e/datanode-0/data/ratis/tmp is not a group directory; ignoring it. 
2023-08-28 09:32:27,880 [main] INFO  replication.ReplicationServer (ReplicationServer.java:<init>(81)) - Initializing replication server with thread count = 10
2023-08-28 09:32:27,881 [main] INFO  server.XceiverServerGrpc (XceiverServerGrpc.java:<init>(132)) - GrpcServer channel type EpollServerSocketChannel
2023-08-28 09:32:27,883 [main] INFO  replication.ReplicationSupervisor (ReplicationSupervisor.java:build(155)) - Initializing replication supervisor with thread count = 10
2023-08-28 09:32:27,883 [main] INFO  replication.ReplicationSupervisor (ReplicationSupervisor.java:nodeStateUpdated(307)) - Node state updated to IN_SERVICE, scaling executor pool size to 10
2023-08-28 09:32:27,887 [main] INFO  http.BaseHttpServer (BaseHttpServer.java:newHttpServer2BuilderForOzone(223)) - Starting Web-server for hddsDatanode at: http://0.0.0.0:15062
2023-08-28 09:32:27,887 [main] INFO  http.BaseHttpServer (BaseHttpServer.java:<init>(110)) - Hadoop Security Enabled: false Ozone Security Enabled: false Ozone HTTP Security Enabled: false 
2023-08-28 09:32:27,889 [main] WARN  server.AuthenticationFilter (AuthenticationFilter.java:constructSecretProvider(240)) - Unable to initialize FileSignerSecretProvider, falling back to use random secrets. Reason: Could not read signature secret file: /home/runner/hadoop-http-auth-signature-secret
2023-08-28 09:32:27,890 [main] INFO  http.HttpRequestLog (HttpRequestLog.java:getRequestLog(86)) - Http request log for http.requests.hddsDatanode is not defined
2023-08-28 09:32:27,891 [main] INFO  http.HttpServer2 (HttpServer2.java:addGlobalFilter(1031)) - Added global filter 'safety' (class=org.apache.hadoop.hdds.server.http.HttpServer2$QuotingInputFilter)
2023-08-28 09:32:27,892 [main] INFO  http.HttpServer2 (HttpServer2.java:addFilter(1007)) - Added filter static_user_filter (class=org.apache.hadoop.http.lib.StaticUserWebFilter$StaticUserFilter) to context hddsDatanode
2023-08-28 09:32:27,892 [main] INFO  http.HttpServer2 (HttpServer2.java:addFilter(1015)) - Added filter static_user_filter (class=org.apache.hadoop.http.lib.StaticUserWebFilter$StaticUserFilter) to context static
2023-08-28 09:32:27,892 [main] INFO  http.HttpServer2 (HttpServer2.java:addFilter(1015)) - Added filter static_user_filter (class=org.apache.hadoop.http.lib.StaticUserWebFilter$StaticUserFilter) to context logs
2023-08-28 09:32:27,892 [main] INFO  http.BaseHttpServer (BaseHttpServer.java:<init>(189)) - HTTP server of hddsDatanode uses base directory /home/runner/work/ozone/ozone/hadoop-ozone/integration-test/target/test-dir/MiniOzoneClusterImpl-67722190-891d-4afa-8cef-415625a2914e/datanode-0/meta/webserver
2023-08-28 09:32:27,893 [main] INFO  http.HttpServer2 (HttpServer2.java:bindListener(1231)) - Jetty bound to port 15062
2023-08-28 09:32:27,893 [main] INFO  server.Server (Server.java:doStart(375)) - jetty-9.4.51.v20230217; built: 2023-02-17T08:19:37.309Z; git: b45c405e4544384de066f814ed42ae3dceacdd49; jvm 1.8.0_382-b05
2023-08-28 09:32:27,894 [main] INFO  server.session (DefaultSessionIdManager.java:doStart(334)) - DefaultSessionIdManager workerName=node0
2023-08-28 09:32:27,895 [main] INFO  server.session (DefaultSessionIdManager.java:doStart(339)) - No SessionScavenger set, using defaults
2023-08-28 09:32:27,895 [main] INFO  server.session (HouseKeeper.java:startScavenging(132)) - node0 Scavenging every 600000ms
2023-08-28 09:32:27,895 [main] INFO  handler.ContextHandler (ContextHandler.java:doStart(921)) - Started o.e.j.s.ServletContextHandler@2754703d{logs,/logs,file:///home/runner/work/ozone/ozone/hadoop-ozone/integration-test/target/log,AVAILABLE}
2023-08-28 09:32:27,896 [main] INFO  handler.ContextHandler (ContextHandler.java:doStart(921)) - Started o.e.j.s.ServletContextHandler@41ca4c9d{static,/static,jar:file:/home/runner/.m2/repository/org/apache/ozone/hdds-container-service/1.4.0-SNAPSHOT/hdds-container-service-1.4.0-SNAPSHOT.jar!/webapps/static,AVAILABLE}
2023-08-28 09:32:28,093 [main] INFO  handler.ContextHandler (ContextHandler.java:doStart(921)) - Started o.e.j.w.WebAppContext@33f3c818{hddsDatanode,/,file:///home/runner/work/ozone/ozone/hadoop-ozone/integration-test/target/test-dir/MiniOzoneClusterImpl-67722190-891d-4afa-8cef-415625a2914e/datanode-0/meta/webserver/jetty-0_0_0_0-15062-hdds-container-service-1_4_0-SNAPSHOT_jar-_-any-4906404422332222420/webapp/,AVAILABLE}{jar:file:/home/runner/.m2/repository/org/apache/ozone/hdds-container-service/1.4.0-SNAPSHOT/hdds-container-service-1.4.0-SNAPSHOT.jar!/webapps/hddsDatanode}
2023-08-28 09:32:28,096 [main] INFO  server.AbstractConnector (AbstractConnector.java:doStart(333)) - Started ServerConnector@15fccc13{HTTP/1.1, (http/1.1)}{0.0.0.0:15062}
2023-08-28 09:32:28,096 [main] INFO  server.Server (Server.java:doStart(415)) - Started @96433ms
2023-08-28 09:32:28,096 [main] WARN  impl.MetricsSystemImpl (MetricsSystemImpl.java:register(279)) - Sink prometheus already exists!
2023-08-28 09:32:28,097 [main] INFO  http.BaseHttpServer (BaseHttpServer.java:updateConnectorAddress(354)) - HTTP server of hddsDatanode listening at http://0.0.0.0:15062
2023-08-28 09:32:28,097 [main] INFO  ipc.CallQueueManager (CallQueueManager.java:<init>(90)) - Using callQueue: class java.util.concurrent.LinkedBlockingQueue, queueCapacity: 100, scheduler: class org.apache.hadoop.ipc.DefaultRpcScheduler, ipcBackoff: false.
2023-08-28 09:32:28,098 [main] INFO  ipc.Server (Server.java:<init>(1287)) - Listener at 0.0.0.0:15063
2023-08-28 09:32:28,100 [Socket Reader #1 for port 15063] INFO  ipc.Server (Server.java:run(1323)) - Starting Socket Reader #1 for port 15063
2023-08-28 09:32:28,105 [main] INFO  ozone.HddsDatanodeService (HddsDatanodeService.java:start(315)) - Datanode start with admins: [runner]
2023-08-28 09:32:28,105 [main] INFO  ozone.HddsDatanodeClientProtocolServer (HddsDatanodeClientProtocolServer.java:start(72)) - RPC server for Client /0.0.0.0:15063
2023-08-28 09:32:28,105 [IPC Server Responder] INFO  ipc.Server (Server.java:run(1562)) - IPC Server Responder: starting
2023-08-28 09:32:28,107 [IPC Server listener on 15063] INFO  ipc.Server (Server.java:run(1402)) - IPC Server listener on 15063: starting
2023-08-28 09:32:28,107 [main] WARN  impl.MetricRegistriesImpl (MetricRegistriesImpl.java:addReporterRegistration(111)) - New reporters are added after registries were created. Some metrics will be missing from the reporter. Please add reporter before adding any new registry.
2023-08-28 09:32:28,107 [main] WARN  impl.MetricRegistriesImpl (MetricRegistriesImpl.java:addReporterRegistration(111)) - New reporters are added after registries were created. Some metrics will be missing from the reporter. Please add reporter before adding any new registry.
2023-08-28 09:32:28,108 [main] INFO  impl.MetricsSystemImpl (MetricsSystemImpl.java:init(158)) - HddsDatanode metrics system started (again)
2023-08-28 09:32:28,116 [Datanode State Machine Daemon Thread] INFO  statemachine.DatanodeStateMachine (DatanodeStateMachine.java:lambda$startDaemon$0(538)) - Ozone container server started.
2023-08-28 09:32:28,132 [main] INFO  ozone.HddsDatanodeService (HddsDatanodeService.java:start(237)) - HddsDatanodeService host:fv-az625-77.ififypym2nee5jib2gmjcfh3fc.bx.internal.cloudapp.net ip:10.1.0.27
2023-08-28 09:32:28,137 [Datanode State Machine Task Thread - 0] INFO  datanode.InitDatanodeState (InitDatanodeState.java:persistContainerDatanodeDetails(138)) - DatanodeDetails is persisted to /home/runner/work/ozone/ozone/hadoop-ozone/integration-test/target/test-dir/MiniOzoneClusterImpl-67722190-891d-4afa-8cef-415625a2914e/datanode-0/meta/datanode.id
2023-08-28 09:32:28,160 [main] INFO  upgrade.AbstractLayoutVersionManager (AbstractLayoutVersionManager.java:init(83)) - Initializing Layout version manager with metadata layout = HADOOP_PRC_PORTS_IN_DATANODEDETAILS (version = 7), software layout = HADOOP_PRC_PORTS_IN_DATANODEDETAILS (version = 7)
2023-08-28 09:32:28,161 [main] INFO  statemachine.DatanodeStateMachine (DatanodeStateMachine.java:getEndPointTaskThreadPoolSize(282)) - Datanode State Machine Task Thread Pool size 2
2023-08-28 09:32:28,165 [main] INFO  volume.HddsVolume (HddsVolume.java:<init>(126)) - Creating HddsVolume: /home/runner/work/ozone/ozone/hadoop-ozone/integration-test/target/test-dir/MiniOzoneClusterImpl-67722190-891d-4afa-8cef-415625a2914e/datanode-1/data-0/containers/hdds of storage type : DISK capacity : 9223372036854775807
2023-08-28 09:32:28,166 [main] INFO  volume.MutableVolumeSet (MutableVolumeSet.java:initializeVolumeSet(173)) - Added Volume : /home/runner/work/ozone/ozone/hadoop-ozone/integration-test/target/test-dir/MiniOzoneClusterImpl-67722190-891d-4afa-8cef-415625a2914e/datanode-1/data-0/containers/hdds to VolumeSet
2023-08-28 09:32:28,167 [main] INFO  volume.MutableVolumeSet (MutableVolumeSet.java:initializeVolumeSet(173)) - Added Volume : /home/runner/work/ozone/ozone/hadoop-ozone/integration-test/target/test-dir/MiniOzoneClusterImpl-67722190-891d-4afa-8cef-415625a2914e/datanode-1/data/ratis to VolumeSet
2023-08-28 09:32:28,169 [Thread-796] INFO  ozoneimpl.ContainerReader (ContainerReader.java:readVolume(177)) - Finish verifying containers on volume /home/runner/work/ozone/ozone/hadoop-ozone/integration-test/target/test-dir/MiniOzoneClusterImpl-67722190-891d-4afa-8cef-415625a2914e/datanode-1/data-0/containers/hdds
2023-08-28 09:32:28,169 [main] INFO  ozoneimpl.OzoneContainer (OzoneContainer.java:buildContainerSet(314)) - Build ContainerSet costs 0s
2023-08-28 09:32:28,172 [main] INFO  server.RaftServer (ConfUtils.java:logGet(46)) - raft.rpc.type = GRPC (default)
2023-08-28 09:32:28,173 [main] INFO  grpc.GrpcConfigKeys (ConfUtils.java:logFallback(53)) - raft.grpc.admin.host = null (fallback to raft.grpc.server.host)
2023-08-28 09:32:28,173 [main] INFO  grpc.GrpcConfigKeys (ConfUtils.java:logGet(46)) - raft.grpc.admin.port = 15075 (custom)
2023-08-28 09:32:28,173 [main] INFO  grpc.GrpcConfigKeys (ConfUtils.java:logFallback(53)) - raft.grpc.client.host = null (fallback to raft.grpc.server.host)
2023-08-28 09:32:28,173 [main] INFO  grpc.GrpcConfigKeys (ConfUtils.java:logGet(46)) - raft.grpc.client.port = 15074 (custom)
2023-08-28 09:32:28,173 [main] INFO  grpc.GrpcConfigKeys (ConfUtils.java:logGet(46)) - raft.grpc.server.host = null (default)
2023-08-28 09:32:28,173 [main] INFO  grpc.GrpcConfigKeys (ConfUtils.java:logGet(46)) - raft.grpc.server.port = 15076 (custom)
2023-08-28 09:32:28,173 [main] INFO  server.GrpcService (ConfUtils.java:logGet(46)) - raft.grpc.message.size.max = 32MB (=33554432) (custom)
2023-08-28 09:32:28,173 [main] INFO  server.RaftServerConfigKeys (ConfUtils.java:logGet(46)) - raft.server.log.appender.buffer.byte-limit = 33554432 (custom)
2023-08-28 09:32:28,174 [main] INFO  server.GrpcService (ConfUtils.java:logGet(46)) - raft.grpc.flow.control.window = 5MB (=5242880) (custom)
2023-08-28 09:32:28,174 [main] INFO  server.RaftServerConfigKeys (ConfUtils.java:logGet(46)) - raft.server.rpc.request.timeout = 60s (custom)
2023-08-28 09:32:28,174 [main] INFO  grpc.GrpcConfigKeys (ConfUtils.java:logGet(46)) - raft.grpc.server.heartbeat.channel = true (default)
2023-08-28 09:32:28,174 [main] INFO  grpc.GrpcConfigKeys (ConfUtils.java:logGet(46)) - raft.grpc.server.async.request.thread.pool.cached = true (default)
2023-08-28 09:32:28,174 [main] INFO  grpc.GrpcConfigKeys (ConfUtils.java:logGet(46)) - raft.grpc.server.async.request.thread.pool.size = 32 (default)
2023-08-28 09:32:28,177 [main] INFO  impl.DataStreamServerImpl (ConfUtils.java:logGet(46)) - raft.datastream.type = NETTY (custom)
2023-08-28 09:32:28,178 [main] INFO  server.RaftServerConfigKeys (ConfUtils.java:logGet(46)) - raft.server.data-stream.async.request.thread.pool.cached = false (default)
2023-08-28 09:32:28,178 [main] INFO  server.RaftServerConfigKeys (ConfUtils.java:logGet(46)) - raft.server.data-stream.async.request.thread.pool.size = 20 (custom)
2023-08-28 09:32:28,178 [main] INFO  server.RaftServerConfigKeys (ConfUtils.java:logGet(46)) - raft.server.data-stream.async.write.thread.pool.size = 16 (default)
2023-08-28 09:32:28,178 [main] INFO  server.RaftServerConfigKeys (ConfUtils.java:logGet(46)) - raft.server.data-stream.client.pool.size = 10 (default)
2023-08-28 09:32:28,178 [main] INFO  netty.NettyConfigKeys$DataStream (ConfUtils.java:logGet(46)) - raft.netty.dataStream.server.use-epoll = false (default)
2023-08-28 09:32:28,179 [main] INFO  netty.NettyConfigKeys$DataStream (ConfUtils.java:logGet(46)) - raft.netty.dataStream.server.boss-group.size = 0 (default)
2023-08-28 09:32:28,179 [main] INFO  netty.NettyConfigKeys$DataStream (ConfUtils.java:logGet(46)) - raft.netty.dataStream.server.worker-group.size = 0 (default)
2023-08-28 09:32:28,179 [main] INFO  netty.NettyConfigKeys$DataStream (ConfUtils.java:logGet(46)) - raft.netty.dataStream.server.tls.conf = null (default)
2023-08-28 09:32:28,180 [main] INFO  netty.NettyConfigKeys$DataStream (ConfUtils.java:logGet(46)) - raft.netty.dataStream.host = null (default)
2023-08-28 09:32:28,180 [main] INFO  netty.NettyConfigKeys$DataStream (ConfUtils.java:logGet(46)) - raft.netty.dataStream.port = 15077 (custom)
2023-08-28 09:32:28,180 [main] INFO  server.RaftServerConfigKeys (ConfUtils.java:logGet(46)) - raft.server.threadpool.proxy.cached = true (default)
2023-08-28 09:32:28,180 [main] INFO  server.RaftServerConfigKeys (ConfUtils.java:logGet(46)) - raft.server.threadpool.proxy.size = 0 (default)
2023-08-28 09:32:28,180 [main] INFO  server.RaftServerConfigKeys (ConfUtils.java:logGet(46)) - raft.server.rpc.slowness.timeout = 300s (custom)
2023-08-28 09:32:28,180 [main] INFO  server.RaftServerConfigKeys (ConfUtils.java:logGet(46)) - raft.server.leaderelection.leader.step-down.wait-time = 10s (default)
2023-08-28 09:32:28,181 [main] INFO  server.RaftServerConfigKeys (ConfUtils.java:logGet(46)) - raft.server.storage.dir = [/home/runner/work/ozone/ozone/hadoop-ozone/integration-test/target/test-dir/MiniOzoneClusterImpl-67722190-891d-4afa-8cef-415625a2914e/datanode-1/data/ratis] (custom)
2023-08-28 09:32:28,181 [d600485d-b91b-41d8-8672-c913e6695d89-NettyServerStreamRpc-bossGroup--thread1] INFO  logging.LoggingHandler (AbstractInternalLogger.java:log(148)) - [id: 0x08e1dab4] REGISTERED
2023-08-28 09:32:28,181 [d600485d-b91b-41d8-8672-c913e6695d89-NettyServerStreamRpc-bossGroup--thread1] INFO  logging.LoggingHandler (AbstractInternalLogger.java:log(148)) - [id: 0x08e1dab4] BIND: 0.0.0.0/0.0.0.0:15077
2023-08-28 09:32:28,181 [d600485d-b91b-41d8-8672-c913e6695d89-NettyServerStreamRpc-bossGroup--thread1] INFO  logging.LoggingHandler (AbstractInternalLogger.java:log(148)) - [id: 0x08e1dab4, L:/0:0:0:0:0:0:0:0:15077] ACTIVE
2023-08-28 09:32:28,182 [d600485d-b91b-41d8-8672-c913e6695d89-impl-thread1] INFO  server.RaftServer (RaftServerProxy.java:initGroupDir(258)) - d600485d-b91b-41d8-8672-c913e6695d89: found a subdirectory /home/runner/work/ozone/ozone/hadoop-ozone/integration-test/target/test-dir/MiniOzoneClusterImpl-67722190-891d-4afa-8cef-415625a2914e/datanode-1/data/ratis/tmp
2023-08-28 09:32:28,182 [d600485d-b91b-41d8-8672-c913e6695d89-impl-thread1] INFO  server.RaftServer (RaftServerProxy.java:initGroupDir(263)) - d600485d-b91b-41d8-8672-c913e6695d89: The directory /home/runner/work/ozone/ozone/hadoop-ozone/integration-test/target/test-dir/MiniOzoneClusterImpl-67722190-891d-4afa-8cef-415625a2914e/datanode-1/data/ratis/tmp is not a group directory; ignoring it. 
2023-08-28 09:32:28,182 [main] INFO  replication.ReplicationServer (ReplicationServer.java:<init>(81)) - Initializing replication server with thread count = 10
2023-08-28 09:32:28,183 [main] INFO  server.XceiverServerGrpc (XceiverServerGrpc.java:<init>(132)) - GrpcServer channel type EpollServerSocketChannel
2023-08-28 09:32:28,187 [main] INFO  replication.ReplicationSupervisor (ReplicationSupervisor.java:build(155)) - Initializing replication supervisor with thread count = 10
2023-08-28 09:32:28,187 [main] INFO  replication.ReplicationSupervisor (ReplicationSupervisor.java:nodeStateUpdated(307)) - Node state updated to IN_SERVICE, scaling executor pool size to 10
2023-08-28 09:32:28,194 [main] INFO  http.BaseHttpServer (BaseHttpServer.java:newHttpServer2BuilderForOzone(223)) - Starting Web-server for hddsDatanode at: http://0.0.0.0:15071
2023-08-28 09:32:28,195 [main] INFO  http.BaseHttpServer (BaseHttpServer.java:<init>(110)) - Hadoop Security Enabled: false Ozone Security Enabled: false Ozone HTTP Security Enabled: false 
2023-08-28 09:32:28,196 [main] WARN  server.AuthenticationFilter (AuthenticationFilter.java:constructSecretProvider(240)) - Unable to initialize FileSignerSecretProvider, falling back to use random secrets. Reason: Could not read signature secret file: /home/runner/hadoop-http-auth-signature-secret
2023-08-28 09:32:28,197 [main] INFO  http.HttpRequestLog (HttpRequestLog.java:getRequestLog(86)) - Http request log for http.requests.hddsDatanode is not defined
2023-08-28 09:32:28,198 [main] INFO  http.HttpServer2 (HttpServer2.java:addGlobalFilter(1031)) - Added global filter 'safety' (class=org.apache.hadoop.hdds.server.http.HttpServer2$QuotingInputFilter)
2023-08-28 09:32:28,199 [main] INFO  http.HttpServer2 (HttpServer2.java:addFilter(1007)) - Added filter static_user_filter (class=org.apache.hadoop.http.lib.StaticUserWebFilter$StaticUserFilter) to context hddsDatanode
2023-08-28 09:32:28,199 [main] INFO  http.HttpServer2 (HttpServer2.java:addFilter(1015)) - Added filter static_user_filter (class=org.apache.hadoop.http.lib.StaticUserWebFilter$StaticUserFilter) to context static
2023-08-28 09:32:28,199 [main] INFO  http.HttpServer2 (HttpServer2.java:addFilter(1015)) - Added filter static_user_filter (class=org.apache.hadoop.http.lib.StaticUserWebFilter$StaticUserFilter) to context logs
2023-08-28 09:32:28,200 [main] INFO  http.BaseHttpServer (BaseHttpServer.java:<init>(189)) - HTTP server of hddsDatanode uses base directory /home/runner/work/ozone/ozone/hadoop-ozone/integration-test/target/test-dir/MiniOzoneClusterImpl-67722190-891d-4afa-8cef-415625a2914e/datanode-1/meta/webserver
2023-08-28 09:32:28,200 [main] INFO  http.HttpServer2 (HttpServer2.java:bindListener(1231)) - Jetty bound to port 15071
2023-08-28 09:32:28,200 [main] INFO  server.Server (Server.java:doStart(375)) - jetty-9.4.51.v20230217; built: 2023-02-17T08:19:37.309Z; git: b45c405e4544384de066f814ed42ae3dceacdd49; jvm 1.8.0_382-b05
2023-08-28 09:32:28,204 [main] INFO  server.session (DefaultSessionIdManager.java:doStart(334)) - DefaultSessionIdManager workerName=node0
2023-08-28 09:32:28,204 [main] INFO  server.session (DefaultSessionIdManager.java:doStart(339)) - No SessionScavenger set, using defaults
2023-08-28 09:32:28,204 [main] INFO  server.session (HouseKeeper.java:startScavenging(132)) - node0 Scavenging every 660000ms
2023-08-28 09:32:28,205 [main] INFO  handler.ContextHandler (ContextHandler.java:doStart(921)) - Started o.e.j.s.ServletContextHandler@428156ae{logs,/logs,file:///home/runner/work/ozone/ozone/hadoop-ozone/integration-test/target/log,AVAILABLE}
2023-08-28 09:32:28,205 [main] INFO  handler.ContextHandler (ContextHandler.java:doStart(921)) - Started o.e.j.s.ServletContextHandler@679bc4ea{static,/static,jar:file:/home/runner/.m2/repository/org/apache/ozone/hdds-container-service/1.4.0-SNAPSHOT/hdds-container-service-1.4.0-SNAPSHOT.jar!/webapps/static,AVAILABLE}
2023-08-28 09:32:28,403 [main] INFO  handler.ContextHandler (ContextHandler.java:doStart(921)) - Started o.e.j.w.WebAppContext@31bba872{hddsDatanode,/,file:///home/runner/work/ozone/ozone/hadoop-ozone/integration-test/target/test-dir/MiniOzoneClusterImpl-67722190-891d-4afa-8cef-415625a2914e/datanode-1/meta/webserver/jetty-0_0_0_0-15071-hdds-container-service-1_4_0-SNAPSHOT_jar-_-any-5412370489072993272/webapp/,AVAILABLE}{jar:file:/home/runner/.m2/repository/org/apache/ozone/hdds-container-service/1.4.0-SNAPSHOT/hdds-container-service-1.4.0-SNAPSHOT.jar!/webapps/hddsDatanode}
2023-08-28 09:32:28,405 [main] INFO  server.AbstractConnector (AbstractConnector.java:doStart(333)) - Started ServerConnector@64a23d65{HTTP/1.1, (http/1.1)}{0.0.0.0:15071}
2023-08-28 09:32:28,405 [main] INFO  server.Server (Server.java:doStart(415)) - Started @96743ms
2023-08-28 09:32:28,405 [main] WARN  impl.MetricsSystemImpl (MetricsSystemImpl.java:register(279)) - Sink prometheus already exists!
2023-08-28 09:32:28,406 [main] INFO  http.BaseHttpServer (BaseHttpServer.java:updateConnectorAddress(354)) - HTTP server of hddsDatanode listening at http://0.0.0.0:15071
2023-08-28 09:32:28,406 [main] INFO  ipc.CallQueueManager (CallQueueManager.java:<init>(90)) - Using callQueue: class java.util.concurrent.LinkedBlockingQueue, queueCapacity: 100, scheduler: class org.apache.hadoop.ipc.DefaultRpcScheduler, ipcBackoff: false.
2023-08-28 09:32:28,407 [main] INFO  ipc.Server (Server.java:<init>(1287)) - Listener at 0.0.0.0:15072
2023-08-28 09:32:28,408 [Socket Reader #1 for port 15072] INFO  ipc.Server (Server.java:run(1323)) - Starting Socket Reader #1 for port 15072
2023-08-28 09:32:28,411 [main] INFO  ozone.HddsDatanodeService (HddsDatanodeService.java:start(315)) - Datanode start with admins: [runner]
2023-08-28 09:32:28,411 [main] INFO  ozone.HddsDatanodeClientProtocolServer (HddsDatanodeClientProtocolServer.java:start(72)) - RPC server for Client /0.0.0.0:15072
2023-08-28 09:32:28,411 [IPC Server Responder] INFO  ipc.Server (Server.java:run(1562)) - IPC Server Responder: starting
2023-08-28 09:32:28,412 [IPC Server listener on 15072] INFO  ipc.Server (Server.java:run(1402)) - IPC Server listener on 15072: starting
2023-08-28 09:32:28,412 [main] WARN  impl.MetricRegistriesImpl (MetricRegistriesImpl.java:addReporterRegistration(111)) - New reporters are added after registries were created. Some metrics will be missing from the reporter. Please add reporter before adding any new registry.
2023-08-28 09:32:28,412 [main] WARN  impl.MetricRegistriesImpl (MetricRegistriesImpl.java:addReporterRegistration(111)) - New reporters are added after registries were created. Some metrics will be missing from the reporter. Please add reporter before adding any new registry.
2023-08-28 09:32:28,413 [main] INFO  impl.MetricsSystemImpl (MetricsSystemImpl.java:init(158)) - HddsDatanode metrics system started (again)
2023-08-28 09:32:28,416 [Datanode State Machine Daemon Thread] INFO  statemachine.DatanodeStateMachine (DatanodeStateMachine.java:lambda$startDaemon$0(538)) - Ozone container server started.
2023-08-28 09:32:28,432 [main] INFO  ozone.HddsDatanodeService (HddsDatanodeService.java:start(237)) - HddsDatanodeService host:fv-az625-77.ififypym2nee5jib2gmjcfh3fc.bx.internal.cloudapp.net ip:10.1.0.27
2023-08-28 09:32:28,435 [Datanode State Machine Task Thread - 0] INFO  datanode.InitDatanodeState (InitDatanodeState.java:persistContainerDatanodeDetails(138)) - DatanodeDetails is persisted to /home/runner/work/ozone/ozone/hadoop-ozone/integration-test/target/test-dir/MiniOzoneClusterImpl-67722190-891d-4afa-8cef-415625a2914e/datanode-1/meta/datanode.id
2023-08-28 09:32:28,461 [main] INFO  upgrade.AbstractLayoutVersionManager (AbstractLayoutVersionManager.java:init(83)) - Initializing Layout version manager with metadata layout = HADOOP_PRC_PORTS_IN_DATANODEDETAILS (version = 7), software layout = HADOOP_PRC_PORTS_IN_DATANODEDETAILS (version = 7)
2023-08-28 09:32:28,461 [main] INFO  statemachine.DatanodeStateMachine (DatanodeStateMachine.java:getEndPointTaskThreadPoolSize(282)) - Datanode State Machine Task Thread Pool size 2
2023-08-28 09:32:28,463 [main] INFO  volume.HddsVolume (HddsVolume.java:<init>(126)) - Creating HddsVolume: /home/runner/work/ozone/ozone/hadoop-ozone/integration-test/target/test-dir/MiniOzoneClusterImpl-67722190-891d-4afa-8cef-415625a2914e/datanode-2/data-0/containers/hdds of storage type : DISK capacity : 9223372036854775807
2023-08-28 09:32:28,463 [main] INFO  volume.MutableVolumeSet (MutableVolumeSet.java:initializeVolumeSet(173)) - Added Volume : /home/runner/work/ozone/ozone/hadoop-ozone/integration-test/target/test-dir/MiniOzoneClusterImpl-67722190-891d-4afa-8cef-415625a2914e/datanode-2/data-0/containers/hdds to VolumeSet
2023-08-28 09:32:28,465 [main] INFO  volume.MutableVolumeSet (MutableVolumeSet.java:initializeVolumeSet(173)) - Added Volume : /home/runner/work/ozone/ozone/hadoop-ozone/integration-test/target/test-dir/MiniOzoneClusterImpl-67722190-891d-4afa-8cef-415625a2914e/datanode-2/data/ratis to VolumeSet
2023-08-28 09:32:28,466 [Thread-813] INFO  ozoneimpl.ContainerReader (ContainerReader.java:readVolume(177)) - Finish verifying containers on volume /home/runner/work/ozone/ozone/hadoop-ozone/integration-test/target/test-dir/MiniOzoneClusterImpl-67722190-891d-4afa-8cef-415625a2914e/datanode-2/data-0/containers/hdds
2023-08-28 09:32:28,466 [main] INFO  ozoneimpl.OzoneContainer (OzoneContainer.java:buildContainerSet(314)) - Build ContainerSet costs 0s
2023-08-28 09:32:28,468 [main] INFO  server.RaftServer (ConfUtils.java:logGet(46)) - raft.rpc.type = GRPC (default)
2023-08-28 09:32:28,468 [main] INFO  grpc.GrpcConfigKeys (ConfUtils.java:logFallback(53)) - raft.grpc.admin.host = null (fallback to raft.grpc.server.host)
2023-08-28 09:32:28,469 [main] INFO  grpc.GrpcConfigKeys (ConfUtils.java:logGet(46)) - raft.grpc.admin.port = 15084 (custom)
2023-08-28 09:32:28,469 [main] INFO  grpc.GrpcConfigKeys (ConfUtils.java:logFallback(53)) - raft.grpc.client.host = null (fallback to raft.grpc.server.host)
2023-08-28 09:32:28,469 [main] INFO  grpc.GrpcConfigKeys (ConfUtils.java:logGet(46)) - raft.grpc.client.port = 15083 (custom)
2023-08-28 09:32:28,469 [main] INFO  grpc.GrpcConfigKeys (ConfUtils.java:logGet(46)) - raft.grpc.server.host = null (default)
2023-08-28 09:32:28,469 [main] INFO  grpc.GrpcConfigKeys (ConfUtils.java:logGet(46)) - raft.grpc.server.port = 15085 (custom)
2023-08-28 09:32:28,469 [main] INFO  server.GrpcService (ConfUtils.java:logGet(46)) - raft.grpc.message.size.max = 32MB (=33554432) (custom)
2023-08-28 09:32:28,469 [main] INFO  server.RaftServerConfigKeys (ConfUtils.java:logGet(46)) - raft.server.log.appender.buffer.byte-limit = 33554432 (custom)
2023-08-28 09:32:28,469 [main] INFO  server.GrpcService (ConfUtils.java:logGet(46)) - raft.grpc.flow.control.window = 5MB (=5242880) (custom)
2023-08-28 09:32:28,469 [main] INFO  server.RaftServerConfigKeys (ConfUtils.java:logGet(46)) - raft.server.rpc.request.timeout = 60s (custom)
2023-08-28 09:32:28,469 [main] INFO  grpc.GrpcConfigKeys (ConfUtils.java:logGet(46)) - raft.grpc.server.heartbeat.channel = true (default)
2023-08-28 09:32:28,470 [main] INFO  grpc.GrpcConfigKeys (ConfUtils.java:logGet(46)) - raft.grpc.server.async.request.thread.pool.cached = true (default)
2023-08-28 09:32:28,470 [main] INFO  grpc.GrpcConfigKeys (ConfUtils.java:logGet(46)) - raft.grpc.server.async.request.thread.pool.size = 32 (default)
2023-08-28 09:32:28,472 [main] INFO  impl.DataStreamServerImpl (ConfUtils.java:logGet(46)) - raft.datastream.type = NETTY (custom)
2023-08-28 09:32:28,474 [main] INFO  server.RaftServerConfigKeys (ConfUtils.java:logGet(46)) - raft.server.data-stream.async.request.thread.pool.cached = false (default)
2023-08-28 09:32:28,474 [main] INFO  server.RaftServerConfigKeys (ConfUtils.java:logGet(46)) - raft.server.data-stream.async.request.thread.pool.size = 20 (custom)
2023-08-28 09:32:28,475 [main] INFO  server.RaftServerConfigKeys (ConfUtils.java:logGet(46)) - raft.server.data-stream.async.write.thread.pool.size = 16 (default)
2023-08-28 09:32:28,475 [main] INFO  server.RaftServerConfigKeys (ConfUtils.java:logGet(46)) - raft.server.data-stream.client.pool.size = 10 (default)
2023-08-28 09:32:28,475 [main] INFO  netty.NettyConfigKeys$DataStream (ConfUtils.java:logGet(46)) - raft.netty.dataStream.server.use-epoll = false (default)
2023-08-28 09:32:28,475 [main] INFO  netty.NettyConfigKeys$DataStream (ConfUtils.java:logGet(46)) - raft.netty.dataStream.server.boss-group.size = 0 (default)
2023-08-28 09:32:28,475 [main] INFO  netty.NettyConfigKeys$DataStream (ConfUtils.java:logGet(46)) - raft.netty.dataStream.server.worker-group.size = 0 (default)
2023-08-28 09:32:28,476 [main] INFO  netty.NettyConfigKeys$DataStream (ConfUtils.java:logGet(46)) - raft.netty.dataStream.server.tls.conf = null (default)
2023-08-28 09:32:28,476 [main] INFO  netty.NettyConfigKeys$DataStream (ConfUtils.java:logGet(46)) - raft.netty.dataStream.host = null (default)
2023-08-28 09:32:28,476 [main] INFO  netty.NettyConfigKeys$DataStream (ConfUtils.java:logGet(46)) - raft.netty.dataStream.port = 15086 (custom)
2023-08-28 09:32:28,476 [main] INFO  server.RaftServerConfigKeys (ConfUtils.java:logGet(46)) - raft.server.threadpool.proxy.cached = true (default)
2023-08-28 09:32:28,476 [main] INFO  server.RaftServerConfigKeys (ConfUtils.java:logGet(46)) - raft.server.threadpool.proxy.size = 0 (default)
2023-08-28 09:32:28,477 [main] INFO  server.RaftServerConfigKeys (ConfUtils.java:logGet(46)) - raft.server.rpc.slowness.timeout = 300s (custom)
2023-08-28 09:32:28,477 [main] INFO  server.RaftServerConfigKeys (ConfUtils.java:logGet(46)) - raft.server.leaderelection.leader.step-down.wait-time = 10s (default)
2023-08-28 09:32:28,477 [main] INFO  server.RaftServerConfigKeys (ConfUtils.java:logGet(46)) - raft.server.storage.dir = [/home/runner/work/ozone/ozone/hadoop-ozone/integration-test/target/test-dir/MiniOzoneClusterImpl-67722190-891d-4afa-8cef-415625a2914e/datanode-2/data/ratis] (custom)
2023-08-28 09:32:28,477 [454ab8f7-ff05-436e-934f-07f2970d48f1-impl-thread1] INFO  server.RaftServer (RaftServerProxy.java:initGroupDir(258)) - 454ab8f7-ff05-436e-934f-07f2970d48f1: found a subdirectory /home/runner/work/ozone/ozone/hadoop-ozone/integration-test/target/test-dir/MiniOzoneClusterImpl-67722190-891d-4afa-8cef-415625a2914e/datanode-2/data/ratis/tmp
2023-08-28 09:32:28,477 [454ab8f7-ff05-436e-934f-07f2970d48f1-impl-thread1] INFO  server.RaftServer (RaftServerProxy.java:initGroupDir(263)) - 454ab8f7-ff05-436e-934f-07f2970d48f1: The directory /home/runner/work/ozone/ozone/hadoop-ozone/integration-test/target/test-dir/MiniOzoneClusterImpl-67722190-891d-4afa-8cef-415625a2914e/datanode-2/data/ratis/tmp is not a group directory; ignoring it. 
2023-08-28 09:32:28,480 [454ab8f7-ff05-436e-934f-07f2970d48f1-NettyServerStreamRpc-bossGroup--thread1] INFO  logging.LoggingHandler (AbstractInternalLogger.java:log(148)) - [id: 0x124dafaa] REGISTERED
2023-08-28 09:32:28,480 [main] INFO  replication.ReplicationServer (ReplicationServer.java:<init>(81)) - Initializing replication server with thread count = 10
2023-08-28 09:32:28,480 [454ab8f7-ff05-436e-934f-07f2970d48f1-NettyServerStreamRpc-bossGroup--thread1] INFO  logging.LoggingHandler (AbstractInternalLogger.java:log(148)) - [id: 0x124dafaa] BIND: 0.0.0.0/0.0.0.0:15086
2023-08-28 09:32:28,481 [454ab8f7-ff05-436e-934f-07f2970d48f1-NettyServerStreamRpc-bossGroup--thread1] INFO  logging.LoggingHandler (AbstractInternalLogger.java:log(148)) - [id: 0x124dafaa, L:/0:0:0:0:0:0:0:0:15086] ACTIVE
2023-08-28 09:32:28,482 [main] INFO  server.XceiverServerGrpc (XceiverServerGrpc.java:<init>(132)) - GrpcServer channel type EpollServerSocketChannel
2023-08-28 09:32:28,483 [main] INFO  replication.ReplicationSupervisor (ReplicationSupervisor.java:build(155)) - Initializing replication supervisor with thread count = 10
2023-08-28 09:32:28,483 [main] INFO  replication.ReplicationSupervisor (ReplicationSupervisor.java:nodeStateUpdated(307)) - Node state updated to IN_SERVICE, scaling executor pool size to 10
2023-08-28 09:32:28,492 [main] INFO  http.BaseHttpServer (BaseHttpServer.java:newHttpServer2BuilderForOzone(223)) - Starting Web-server for hddsDatanode at: http://0.0.0.0:15080
2023-08-28 09:32:28,492 [main] INFO  http.BaseHttpServer (BaseHttpServer.java:<init>(110)) - Hadoop Security Enabled: false Ozone Security Enabled: false Ozone HTTP Security Enabled: false 
2023-08-28 09:32:28,494 [main] WARN  server.AuthenticationFilter (AuthenticationFilter.java:constructSecretProvider(240)) - Unable to initialize FileSignerSecretProvider, falling back to use random secrets. Reason: Could not read signature secret file: /home/runner/hadoop-http-auth-signature-secret
2023-08-28 09:32:28,495 [main] INFO  http.HttpRequestLog (HttpRequestLog.java:getRequestLog(86)) - Http request log for http.requests.hddsDatanode is not defined
2023-08-28 09:32:28,496 [main] INFO  http.HttpServer2 (HttpServer2.java:addGlobalFilter(1031)) - Added global filter 'safety' (class=org.apache.hadoop.hdds.server.http.HttpServer2$QuotingInputFilter)
2023-08-28 09:32:28,497 [main] INFO  http.HttpServer2 (HttpServer2.java:addFilter(1007)) - Added filter static_user_filter (class=org.apache.hadoop.http.lib.StaticUserWebFilter$StaticUserFilter) to context hddsDatanode
2023-08-28 09:32:28,497 [main] INFO  http.HttpServer2 (HttpServer2.java:addFilter(1015)) - Added filter static_user_filter (class=org.apache.hadoop.http.lib.StaticUserWebFilter$StaticUserFilter) to context logs
2023-08-28 09:32:28,497 [main] INFO  http.HttpServer2 (HttpServer2.java:addFilter(1015)) - Added filter static_user_filter (class=org.apache.hadoop.http.lib.StaticUserWebFilter$StaticUserFilter) to context static
2023-08-28 09:32:28,498 [main] INFO  http.BaseHttpServer (BaseHttpServer.java:<init>(189)) - HTTP server of hddsDatanode uses base directory /home/runner/work/ozone/ozone/hadoop-ozone/integration-test/target/test-dir/MiniOzoneClusterImpl-67722190-891d-4afa-8cef-415625a2914e/datanode-2/meta/webserver
2023-08-28 09:32:28,498 [main] INFO  http.HttpServer2 (HttpServer2.java:bindListener(1231)) - Jetty bound to port 15080
2023-08-28 09:32:28,498 [main] INFO  server.Server (Server.java:doStart(375)) - jetty-9.4.51.v20230217; built: 2023-02-17T08:19:37.309Z; git: b45c405e4544384de066f814ed42ae3dceacdd49; jvm 1.8.0_382-b05
2023-08-28 09:32:28,499 [main] INFO  server.session (DefaultSessionIdManager.java:doStart(334)) - DefaultSessionIdManager workerName=node0
2023-08-28 09:32:28,499 [main] INFO  server.session (DefaultSessionIdManager.java:doStart(339)) - No SessionScavenger set, using defaults
2023-08-28 09:32:28,500 [main] INFO  server.session (HouseKeeper.java:startScavenging(132)) - node0 Scavenging every 660000ms
2023-08-28 09:32:28,500 [main] INFO  handler.ContextHandler (ContextHandler.java:doStart(921)) - Started o.e.j.s.ServletContextHandler@644d264c{logs,/logs,file:///home/runner/work/ozone/ozone/hadoop-ozone/integration-test/target/log,AVAILABLE}
2023-08-28 09:32:28,501 [main] INFO  handler.ContextHandler (ContextHandler.java:doStart(921)) - Started o.e.j.s.ServletContextHandler@58a7ecb9{static,/static,jar:file:/home/runner/.m2/repository/org/apache/ozone/hdds-container-service/1.4.0-SNAPSHOT/hdds-container-service-1.4.0-SNAPSHOT.jar!/webapps/static,AVAILABLE}
2023-08-28 09:32:28,695 [main] INFO  handler.ContextHandler (ContextHandler.java:doStart(921)) - Started o.e.j.w.WebAppContext@2bc1ca3b{hddsDatanode,/,file:///home/runner/work/ozone/ozone/hadoop-ozone/integration-test/target/test-dir/MiniOzoneClusterImpl-67722190-891d-4afa-8cef-415625a2914e/datanode-2/meta/webserver/jetty-0_0_0_0-15080-hdds-container-service-1_4_0-SNAPSHOT_jar-_-any-7012551607572031723/webapp/,AVAILABLE}{jar:file:/home/runner/.m2/repository/org/apache/ozone/hdds-container-service/1.4.0-SNAPSHOT/hdds-container-service-1.4.0-SNAPSHOT.jar!/webapps/hddsDatanode}
2023-08-28 09:32:28,697 [main] INFO  server.AbstractConnector (AbstractConnector.java:doStart(333)) - Started ServerConnector@6d0abe5{HTTP/1.1, (http/1.1)}{0.0.0.0:15080}
2023-08-28 09:32:28,697 [main] INFO  server.Server (Server.java:doStart(415)) - Started @97035ms
2023-08-28 09:32:28,697 [main] WARN  impl.MetricsSystemImpl (MetricsSystemImpl.java:register(279)) - Sink prometheus already exists!
2023-08-28 09:32:28,698 [main] INFO  http.BaseHttpServer (BaseHttpServer.java:updateConnectorAddress(354)) - HTTP server of hddsDatanode listening at http://0.0.0.0:15080
2023-08-28 09:32:28,699 [main] INFO  ipc.CallQueueManager (CallQueueManager.java:<init>(90)) - Using callQueue: class java.util.concurrent.LinkedBlockingQueue, queueCapacity: 100, scheduler: class org.apache.hadoop.ipc.DefaultRpcScheduler, ipcBackoff: false.
2023-08-28 09:32:28,699 [main] INFO  ipc.Server (Server.java:<init>(1287)) - Listener at 0.0.0.0:15081
2023-08-28 09:32:28,703 [Socket Reader #1 for port 15081] INFO  ipc.Server (Server.java:run(1323)) - Starting Socket Reader #1 for port 15081
2023-08-28 09:32:28,705 [main] INFO  ozone.HddsDatanodeService (HddsDatanodeService.java:start(315)) - Datanode start with admins: [runner]
2023-08-28 09:32:28,705 [main] INFO  ozone.HddsDatanodeClientProtocolServer (HddsDatanodeClientProtocolServer.java:start(72)) - RPC server for Client /0.0.0.0:15081
2023-08-28 09:32:28,705 [IPC Server Responder] INFO  ipc.Server (Server.java:run(1562)) - IPC Server Responder: starting
2023-08-28 09:32:28,708 [Datanode State Machine Daemon Thread] INFO  statemachine.DatanodeStateMachine (DatanodeStateMachine.java:lambda$startDaemon$0(538)) - Ozone container server started.
2023-08-28 09:32:28,708 [main] WARN  impl.MetricRegistriesImpl (MetricRegistriesImpl.java:addReporterRegistration(111)) - New reporters are added after registries were created. Some metrics will be missing from the reporter. Please add reporter before adding any new registry.
2023-08-28 09:32:28,709 [main] WARN  impl.MetricRegistriesImpl (MetricRegistriesImpl.java:addReporterRegistration(111)) - New reporters are added after registries were created. Some metrics will be missing from the reporter. Please add reporter before adding any new registry.
2023-08-28 09:32:28,709 [main] INFO  impl.MetricsSystemImpl (MetricsSystemImpl.java:init(158)) - HddsDatanode metrics system started (again)
2023-08-28 09:32:28,715 [IPC Server listener on 15081] INFO  ipc.Server (Server.java:run(1402)) - IPC Server listener on 15081: starting
2023-08-28 09:32:28,807 [main] INFO  ozone.HddsDatanodeService (HddsDatanodeService.java:start(237)) - HddsDatanodeService host:fv-az625-77.ififypym2nee5jib2gmjcfh3fc.bx.internal.cloudapp.net ip:10.1.0.27
2023-08-28 09:32:28,826 [Datanode State Machine Task Thread - 0] INFO  datanode.InitDatanodeState (InitDatanodeState.java:persistContainerDatanodeDetails(138)) - DatanodeDetails is persisted to /home/runner/work/ozone/ozone/hadoop-ozone/integration-test/target/test-dir/MiniOzoneClusterImpl-67722190-891d-4afa-8cef-415625a2914e/datanode-2/meta/datanode.id
2023-08-28 09:32:28,840 [main] INFO  upgrade.AbstractLayoutVersionManager (AbstractLayoutVersionManager.java:init(83)) - Initializing Layout version manager with metadata layout = HADOOP_PRC_PORTS_IN_DATANODEDETAILS (version = 7), software layout = HADOOP_PRC_PORTS_IN_DATANODEDETAILS (version = 7)
2023-08-28 09:32:28,841 [main] INFO  statemachine.DatanodeStateMachine (DatanodeStateMachine.java:getEndPointTaskThreadPoolSize(282)) - Datanode State Machine Task Thread Pool size 2
2023-08-28 09:32:28,843 [main] INFO  volume.HddsVolume (HddsVolume.java:<init>(126)) - Creating HddsVolume: /home/runner/work/ozone/ozone/hadoop-ozone/integration-test/target/test-dir/MiniOzoneClusterImpl-67722190-891d-4afa-8cef-415625a2914e/datanode-3/data-0/containers/hdds of storage type : DISK capacity : 9223372036854775807
2023-08-28 09:32:28,843 [main] INFO  volume.MutableVolumeSet (MutableVolumeSet.java:initializeVolumeSet(173)) - Added Volume : /home/runner/work/ozone/ozone/hadoop-ozone/integration-test/target/test-dir/MiniOzoneClusterImpl-67722190-891d-4afa-8cef-415625a2914e/datanode-3/data-0/containers/hdds to VolumeSet
2023-08-28 09:32:28,844 [main] INFO  volume.MutableVolumeSet (MutableVolumeSet.java:initializeVolumeSet(173)) - Added Volume : /home/runner/work/ozone/ozone/hadoop-ozone/integration-test/target/test-dir/MiniOzoneClusterImpl-67722190-891d-4afa-8cef-415625a2914e/datanode-3/data/ratis to VolumeSet
2023-08-28 09:32:28,845 [Thread-830] INFO  ozoneimpl.ContainerReader (ContainerReader.java:readVolume(177)) - Finish verifying containers on volume /home/runner/work/ozone/ozone/hadoop-ozone/integration-test/target/test-dir/MiniOzoneClusterImpl-67722190-891d-4afa-8cef-415625a2914e/datanode-3/data-0/containers/hdds
2023-08-28 09:32:28,845 [main] INFO  ozoneimpl.OzoneContainer (OzoneContainer.java:buildContainerSet(314)) - Build ContainerSet costs 0s
2023-08-28 09:32:28,847 [main] INFO  server.RaftServer (ConfUtils.java:logGet(46)) - raft.rpc.type = GRPC (default)
2023-08-28 09:32:28,847 [main] INFO  grpc.GrpcConfigKeys (ConfUtils.java:logFallback(53)) - raft.grpc.admin.host = null (fallback to raft.grpc.server.host)
2023-08-28 09:32:28,847 [main] INFO  grpc.GrpcConfigKeys (ConfUtils.java:logGet(46)) - raft.grpc.admin.port = 15093 (custom)
2023-08-28 09:32:28,847 [main] INFO  grpc.GrpcConfigKeys (ConfUtils.java:logFallback(53)) - raft.grpc.client.host = null (fallback to raft.grpc.server.host)
2023-08-28 09:32:28,847 [main] INFO  grpc.GrpcConfigKeys (ConfUtils.java:logGet(46)) - raft.grpc.client.port = 15092 (custom)
2023-08-28 09:32:28,847 [main] INFO  grpc.GrpcConfigKeys (ConfUtils.java:logGet(46)) - raft.grpc.server.host = null (default)
2023-08-28 09:32:28,847 [main] INFO  grpc.GrpcConfigKeys (ConfUtils.java:logGet(46)) - raft.grpc.server.port = 15094 (custom)
2023-08-28 09:32:28,848 [main] INFO  server.GrpcService (ConfUtils.java:logGet(46)) - raft.grpc.message.size.max = 32MB (=33554432) (custom)
2023-08-28 09:32:28,848 [main] INFO  server.RaftServerConfigKeys (ConfUtils.java:logGet(46)) - raft.server.log.appender.buffer.byte-limit = 33554432 (custom)
2023-08-28 09:32:28,848 [main] INFO  server.GrpcService (ConfUtils.java:logGet(46)) - raft.grpc.flow.control.window = 5MB (=5242880) (custom)
2023-08-28 09:32:28,848 [main] INFO  server.RaftServerConfigKeys (ConfUtils.java:logGet(46)) - raft.server.rpc.request.timeout = 60s (custom)
2023-08-28 09:32:28,848 [main] INFO  grpc.GrpcConfigKeys (ConfUtils.java:logGet(46)) - raft.grpc.server.heartbeat.channel = true (default)
2023-08-28 09:32:28,848 [main] INFO  grpc.GrpcConfigKeys (ConfUtils.java:logGet(46)) - raft.grpc.server.async.request.thread.pool.cached = true (default)
2023-08-28 09:32:28,848 [main] INFO  grpc.GrpcConfigKeys (ConfUtils.java:logGet(46)) - raft.grpc.server.async.request.thread.pool.size = 32 (default)
2023-08-28 09:32:28,851 [main] INFO  impl.DataStreamServerImpl (ConfUtils.java:logGet(46)) - raft.datastream.type = NETTY (custom)
2023-08-28 09:32:28,852 [main] INFO  server.RaftServerConfigKeys (ConfUtils.java:logGet(46)) - raft.server.data-stream.async.request.thread.pool.cached = false (default)
2023-08-28 09:32:28,852 [main] INFO  server.RaftServerConfigKeys (ConfUtils.java:logGet(46)) - raft.server.data-stream.async.request.thread.pool.size = 20 (custom)
2023-08-28 09:32:28,852 [main] INFO  server.RaftServerConfigKeys (ConfUtils.java:logGet(46)) - raft.server.data-stream.async.write.thread.pool.size = 16 (default)
2023-08-28 09:32:28,852 [main] INFO  server.RaftServerConfigKeys (ConfUtils.java:logGet(46)) - raft.server.data-stream.client.pool.size = 10 (default)
2023-08-28 09:32:28,852 [main] INFO  netty.NettyConfigKeys$DataStream (ConfUtils.java:logGet(46)) - raft.netty.dataStream.server.use-epoll = false (default)
2023-08-28 09:32:28,852 [main] INFO  netty.NettyConfigKeys$DataStream (ConfUtils.java:logGet(46)) - raft.netty.dataStream.server.boss-group.size = 0 (default)
2023-08-28 09:32:28,853 [main] INFO  netty.NettyConfigKeys$DataStream (ConfUtils.java:logGet(46)) - raft.netty.dataStream.server.worker-group.size = 0 (default)
2023-08-28 09:32:28,853 [main] INFO  netty.NettyConfigKeys$DataStream (ConfUtils.java:logGet(46)) - raft.netty.dataStream.server.tls.conf = null (default)
2023-08-28 09:32:28,853 [main] INFO  netty.NettyConfigKeys$DataStream (ConfUtils.java:logGet(46)) - raft.netty.dataStream.host = null (default)
2023-08-28 09:32:28,853 [main] INFO  netty.NettyConfigKeys$DataStream (ConfUtils.java:logGet(46)) - raft.netty.dataStream.port = 15095 (custom)
2023-08-28 09:32:28,854 [main] INFO  server.RaftServerConfigKeys (ConfUtils.java:logGet(46)) - raft.server.threadpool.proxy.cached = true (default)
2023-08-28 09:32:28,854 [main] INFO  server.RaftServerConfigKeys (ConfUtils.java:logGet(46)) - raft.server.threadpool.proxy.size = 0 (default)
2023-08-28 09:32:28,854 [main] INFO  server.RaftServerConfigKeys (ConfUtils.java:logGet(46)) - raft.server.rpc.slowness.timeout = 300s (custom)
2023-08-28 09:32:28,854 [main] INFO  server.RaftServerConfigKeys (ConfUtils.java:logGet(46)) - raft.server.leaderelection.leader.step-down.wait-time = 10s (default)
2023-08-28 09:32:28,854 [main] INFO  server.RaftServerConfigKeys (ConfUtils.java:logGet(46)) - raft.server.storage.dir = [/home/runner/work/ozone/ozone/hadoop-ozone/integration-test/target/test-dir/MiniOzoneClusterImpl-67722190-891d-4afa-8cef-415625a2914e/datanode-3/data/ratis] (custom)
2023-08-28 09:32:28,855 [6fe57cde-2152-4119-ad90-dc528c983fae-impl-thread1] INFO  server.RaftServer (RaftServerProxy.java:initGroupDir(258)) - 6fe57cde-2152-4119-ad90-dc528c983fae: found a subdirectory /home/runner/work/ozone/ozone/hadoop-ozone/integration-test/target/test-dir/MiniOzoneClusterImpl-67722190-891d-4afa-8cef-415625a2914e/datanode-3/data/ratis/tmp
2023-08-28 09:32:28,855 [6fe57cde-2152-4119-ad90-dc528c983fae-NettyServerStreamRpc-bossGroup--thread1] INFO  logging.LoggingHandler (AbstractInternalLogger.java:log(148)) - [id: 0xbdeba641] REGISTERED
2023-08-28 09:32:28,855 [6fe57cde-2152-4119-ad90-dc528c983fae-impl-thread1] INFO  server.RaftServer (RaftServerProxy.java:initGroupDir(263)) - 6fe57cde-2152-4119-ad90-dc528c983fae: The directory /home/runner/work/ozone/ozone/hadoop-ozone/integration-test/target/test-dir/MiniOzoneClusterImpl-67722190-891d-4afa-8cef-415625a2914e/datanode-3/data/ratis/tmp is not a group directory; ignoring it. 
2023-08-28 09:32:28,855 [6fe57cde-2152-4119-ad90-dc528c983fae-NettyServerStreamRpc-bossGroup--thread1] INFO  logging.LoggingHandler (AbstractInternalLogger.java:log(148)) - [id: 0xbdeba641] BIND: 0.0.0.0/0.0.0.0:15095
2023-08-28 09:32:28,855 [main] INFO  replication.ReplicationServer (ReplicationServer.java:<init>(81)) - Initializing replication server with thread count = 10
2023-08-28 09:32:28,856 [main] INFO  server.XceiverServerGrpc (XceiverServerGrpc.java:<init>(132)) - GrpcServer channel type EpollServerSocketChannel
2023-08-28 09:32:28,858 [main] INFO  replication.ReplicationSupervisor (ReplicationSupervisor.java:build(155)) - Initializing replication supervisor with thread count = 10
2023-08-28 09:32:28,858 [main] INFO  replication.ReplicationSupervisor (ReplicationSupervisor.java:nodeStateUpdated(307)) - Node state updated to IN_SERVICE, scaling executor pool size to 10
2023-08-28 09:32:28,859 [6fe57cde-2152-4119-ad90-dc528c983fae-NettyServerStreamRpc-bossGroup--thread1] INFO  logging.LoggingHandler (AbstractInternalLogger.java:log(148)) - [id: 0xbdeba641, L:/0:0:0:0:0:0:0:0:15095] ACTIVE
2023-08-28 09:32:28,861 [main] INFO  http.BaseHttpServer (BaseHttpServer.java:newHttpServer2BuilderForOzone(223)) - Starting Web-server for hddsDatanode at: http://0.0.0.0:15089
2023-08-28 09:32:28,861 [main] INFO  http.BaseHttpServer (BaseHttpServer.java:<init>(110)) - Hadoop Security Enabled: false Ozone Security Enabled: false Ozone HTTP Security Enabled: false 
2023-08-28 09:32:28,862 [main] WARN  server.AuthenticationFilter (AuthenticationFilter.java:constructSecretProvider(240)) - Unable to initialize FileSignerSecretProvider, falling back to use random secrets. Reason: Could not read signature secret file: /home/runner/hadoop-http-auth-signature-secret
2023-08-28 09:32:28,863 [main] INFO  http.HttpRequestLog (HttpRequestLog.java:getRequestLog(86)) - Http request log for http.requests.hddsDatanode is not defined
2023-08-28 09:32:28,864 [main] INFO  http.HttpServer2 (HttpServer2.java:addGlobalFilter(1031)) - Added global filter 'safety' (class=org.apache.hadoop.hdds.server.http.HttpServer2$QuotingInputFilter)
2023-08-28 09:32:28,865 [main] INFO  http.HttpServer2 (HttpServer2.java:addFilter(1007)) - Added filter static_user_filter (class=org.apache.hadoop.http.lib.StaticUserWebFilter$StaticUserFilter) to context hddsDatanode
2023-08-28 09:32:28,865 [main] INFO  http.HttpServer2 (HttpServer2.java:addFilter(1015)) - Added filter static_user_filter (class=org.apache.hadoop.http.lib.StaticUserWebFilter$StaticUserFilter) to context logs
2023-08-28 09:32:28,865 [main] INFO  http.HttpServer2 (HttpServer2.java:addFilter(1015)) - Added filter static_user_filter (class=org.apache.hadoop.http.lib.StaticUserWebFilter$StaticUserFilter) to context static
2023-08-28 09:32:28,866 [main] INFO  http.BaseHttpServer (BaseHttpServer.java:<init>(189)) - HTTP server of hddsDatanode uses base directory /home/runner/work/ozone/ozone/hadoop-ozone/integration-test/target/test-dir/MiniOzoneClusterImpl-67722190-891d-4afa-8cef-415625a2914e/datanode-3/meta/webserver
2023-08-28 09:32:28,866 [main] INFO  http.HttpServer2 (HttpServer2.java:bindListener(1231)) - Jetty bound to port 15089
2023-08-28 09:32:28,866 [main] INFO  server.Server (Server.java:doStart(375)) - jetty-9.4.51.v20230217; built: 2023-02-17T08:19:37.309Z; git: b45c405e4544384de066f814ed42ae3dceacdd49; jvm 1.8.0_382-b05
2023-08-28 09:32:28,869 [main] INFO  server.session (DefaultSessionIdManager.java:doStart(334)) - DefaultSessionIdManager workerName=node0
2023-08-28 09:32:28,869 [main] INFO  server.session (DefaultSessionIdManager.java:doStart(339)) - No SessionScavenger set, using defaults
2023-08-28 09:32:28,869 [main] INFO  server.session (HouseKeeper.java:startScavenging(132)) - node0 Scavenging every 600000ms
2023-08-28 09:32:28,870 [main] INFO  handler.ContextHandler (ContextHandler.java:doStart(921)) - Started o.e.j.s.ServletContextHandler@3e399fc0{logs,/logs,file:///home/runner/work/ozone/ozone/hadoop-ozone/integration-test/target/log,AVAILABLE}
2023-08-28 09:32:28,870 [main] INFO  handler.ContextHandler (ContextHandler.java:doStart(921)) - Started o.e.j.s.ServletContextHandler@21ad8083{static,/static,jar:file:/home/runner/.m2/repository/org/apache/ozone/hdds-container-service/1.4.0-SNAPSHOT/hdds-container-service-1.4.0-SNAPSHOT.jar!/webapps/static,AVAILABLE}
2023-08-28 09:32:29,063 [main] INFO  handler.ContextHandler (ContextHandler.java:doStart(921)) - Started o.e.j.w.WebAppContext@4feadef9{hddsDatanode,/,file:///home/runner/work/ozone/ozone/hadoop-ozone/integration-test/target/test-dir/MiniOzoneClusterImpl-67722190-891d-4afa-8cef-415625a2914e/datanode-3/meta/webserver/jetty-0_0_0_0-15089-hdds-container-service-1_4_0-SNAPSHOT_jar-_-any-7010262165072213549/webapp/,AVAILABLE}{jar:file:/home/runner/.m2/repository/org/apache/ozone/hdds-container-service/1.4.0-SNAPSHOT/hdds-container-service-1.4.0-SNAPSHOT.jar!/webapps/hddsDatanode}
2023-08-28 09:32:29,065 [main] INFO  server.AbstractConnector (AbstractConnector.java:doStart(333)) - Started ServerConnector@5c2df1e3{HTTP/1.1, (http/1.1)}{0.0.0.0:15089}
2023-08-28 09:32:29,065 [main] INFO  server.Server (Server.java:doStart(415)) - Started @97403ms
2023-08-28 09:32:29,066 [main] WARN  impl.MetricsSystemImpl (MetricsSystemImpl.java:register(279)) - Sink prometheus already exists!
2023-08-28 09:32:29,066 [main] INFO  http.BaseHttpServer (BaseHttpServer.java:updateConnectorAddress(354)) - HTTP server of hddsDatanode listening at http://0.0.0.0:15089
2023-08-28 09:32:29,067 [main] INFO  ipc.CallQueueManager (CallQueueManager.java:<init>(90)) - Using callQueue: class java.util.concurrent.LinkedBlockingQueue, queueCapacity: 100, scheduler: class org.apache.hadoop.ipc.DefaultRpcScheduler, ipcBackoff: false.
2023-08-28 09:32:29,067 [main] INFO  ipc.Server (Server.java:<init>(1287)) - Listener at 0.0.0.0:15090
2023-08-28 09:32:29,068 [Socket Reader #1 for port 15090] INFO  ipc.Server (Server.java:run(1323)) - Starting Socket Reader #1 for port 15090
2023-08-28 09:32:29,074 [main] INFO  ozone.HddsDatanodeService (HddsDatanodeService.java:start(315)) - Datanode start with admins: [runner]
2023-08-28 09:32:29,074 [main] INFO  ozone.HddsDatanodeClientProtocolServer (HddsDatanodeClientProtocolServer.java:start(72)) - RPC server for Client /0.0.0.0:15090
2023-08-28 09:32:29,074 [IPC Server Responder] INFO  ipc.Server (Server.java:run(1562)) - IPC Server Responder: starting
2023-08-28 09:32:29,075 [IPC Server listener on 15090] INFO  ipc.Server (Server.java:run(1402)) - IPC Server listener on 15090: starting
2023-08-28 09:32:29,075 [main] WARN  impl.MetricRegistriesImpl (MetricRegistriesImpl.java:addReporterRegistration(111)) - New reporters are added after registries were created. Some metrics will be missing from the reporter. Please add reporter before adding any new registry.
2023-08-28 09:32:29,075 [main] WARN  impl.MetricRegistriesImpl (MetricRegistriesImpl.java:addReporterRegistration(111)) - New reporters are added after registries were created. Some metrics will be missing from the reporter. Please add reporter before adding any new registry.
2023-08-28 09:32:29,075 [Datanode State Machine Daemon Thread] INFO  statemachine.DatanodeStateMachine (DatanodeStateMachine.java:lambda$startDaemon$0(538)) - Ozone container server started.
2023-08-28 09:32:29,075 [main] INFO  impl.MetricsSystemImpl (MetricsSystemImpl.java:init(158)) - HddsDatanode metrics system started (again)
2023-08-28 09:32:29,090 [Datanode State Machine Task Thread - 0] INFO  datanode.InitDatanodeState (InitDatanodeState.java:persistContainerDatanodeDetails(138)) - DatanodeDetails is persisted to /home/runner/work/ozone/ozone/hadoop-ozone/integration-test/target/test-dir/MiniOzoneClusterImpl-67722190-891d-4afa-8cef-415625a2914e/datanode-3/meta/datanode.id
2023-08-28 09:32:29,095 [main] INFO  ozone.HddsDatanodeService (HddsDatanodeService.java:start(237)) - HddsDatanodeService host:fv-az625-77.ififypym2nee5jib2gmjcfh3fc.bx.internal.cloudapp.net ip:10.1.0.27
2023-08-28 09:32:29,119 [main] INFO  upgrade.AbstractLayoutVersionManager (AbstractLayoutVersionManager.java:init(83)) - Initializing Layout version manager with metadata layout = HADOOP_PRC_PORTS_IN_DATANODEDETAILS (version = 7), software layout = HADOOP_PRC_PORTS_IN_DATANODEDETAILS (version = 7)
2023-08-28 09:32:29,120 [main] INFO  statemachine.DatanodeStateMachine (DatanodeStateMachine.java:getEndPointTaskThreadPoolSize(282)) - Datanode State Machine Task Thread Pool size 2
2023-08-28 09:32:29,123 [main] INFO  volume.HddsVolume (HddsVolume.java:<init>(126)) - Creating HddsVolume: /home/runner/work/ozone/ozone/hadoop-ozone/integration-test/target/test-dir/MiniOzoneClusterImpl-67722190-891d-4afa-8cef-415625a2914e/datanode-4/data-0/containers/hdds of storage type : DISK capacity : 9223372036854775807
2023-08-28 09:32:29,123 [main] INFO  volume.MutableVolumeSet (MutableVolumeSet.java:initializeVolumeSet(173)) - Added Volume : /home/runner/work/ozone/ozone/hadoop-ozone/integration-test/target/test-dir/MiniOzoneClusterImpl-67722190-891d-4afa-8cef-415625a2914e/datanode-4/data-0/containers/hdds to VolumeSet
2023-08-28 09:32:29,123 [main] INFO  volume.MutableVolumeSet (MutableVolumeSet.java:initializeVolumeSet(173)) - Added Volume : /home/runner/work/ozone/ozone/hadoop-ozone/integration-test/target/test-dir/MiniOzoneClusterImpl-67722190-891d-4afa-8cef-415625a2914e/datanode-4/data/ratis to VolumeSet
2023-08-28 09:32:29,124 [Thread-847] INFO  ozoneimpl.ContainerReader (ContainerReader.java:readVolume(177)) - Finish verifying containers on volume /home/runner/work/ozone/ozone/hadoop-ozone/integration-test/target/test-dir/MiniOzoneClusterImpl-67722190-891d-4afa-8cef-415625a2914e/datanode-4/data-0/containers/hdds
2023-08-28 09:32:29,124 [main] INFO  ozoneimpl.OzoneContainer (OzoneContainer.java:buildContainerSet(314)) - Build ContainerSet costs 0s
2023-08-28 09:32:29,130 [main] INFO  server.RaftServer (ConfUtils.java:logGet(46)) - raft.rpc.type = GRPC (default)
2023-08-28 09:32:29,130 [main] INFO  grpc.GrpcConfigKeys (ConfUtils.java:logFallback(53)) - raft.grpc.admin.host = null (fallback to raft.grpc.server.host)
2023-08-28 09:32:29,130 [main] INFO  grpc.GrpcConfigKeys (ConfUtils.java:logGet(46)) - raft.grpc.admin.port = 15102 (custom)
2023-08-28 09:32:29,130 [main] INFO  grpc.GrpcConfigKeys (ConfUtils.java:logFallback(53)) - raft.grpc.client.host = null (fallback to raft.grpc.server.host)
2023-08-28 09:32:29,130 [main] INFO  grpc.GrpcConfigKeys (ConfUtils.java:logGet(46)) - raft.grpc.client.port = 15101 (custom)
2023-08-28 09:32:29,130 [main] INFO  grpc.GrpcConfigKeys (ConfUtils.java:logGet(46)) - raft.grpc.server.host = null (default)
2023-08-28 09:32:29,130 [main] INFO  grpc.GrpcConfigKeys (ConfUtils.java:logGet(46)) - raft.grpc.server.port = 15103 (custom)
2023-08-28 09:32:29,130 [main] INFO  server.GrpcService (ConfUtils.java:logGet(46)) - raft.grpc.message.size.max = 32MB (=33554432) (custom)
2023-08-28 09:32:29,131 [main] INFO  server.RaftServerConfigKeys (ConfUtils.java:logGet(46)) - raft.server.log.appender.buffer.byte-limit = 33554432 (custom)
2023-08-28 09:32:29,131 [main] INFO  server.GrpcService (ConfUtils.java:logGet(46)) - raft.grpc.flow.control.window = 5MB (=5242880) (custom)
2023-08-28 09:32:29,131 [main] INFO  server.RaftServerConfigKeys (ConfUtils.java:logGet(46)) - raft.server.rpc.request.timeout = 60s (custom)
2023-08-28 09:32:29,131 [main] INFO  grpc.GrpcConfigKeys (ConfUtils.java:logGet(46)) - raft.grpc.server.heartbeat.channel = true (default)
2023-08-28 09:32:29,131 [main] INFO  grpc.GrpcConfigKeys (ConfUtils.java:logGet(46)) - raft.grpc.server.async.request.thread.pool.cached = true (default)
2023-08-28 09:32:29,131 [main] INFO  grpc.GrpcConfigKeys (ConfUtils.java:logGet(46)) - raft.grpc.server.async.request.thread.pool.size = 32 (default)
2023-08-28 09:32:29,134 [main] INFO  impl.DataStreamServerImpl (ConfUtils.java:logGet(46)) - raft.datastream.type = NETTY (custom)
2023-08-28 09:32:29,134 [main] INFO  server.RaftServerConfigKeys (ConfUtils.java:logGet(46)) - raft.server.data-stream.async.request.thread.pool.cached = false (default)
2023-08-28 09:32:29,135 [main] INFO  server.RaftServerConfigKeys (ConfUtils.java:logGet(46)) - raft.server.data-stream.async.request.thread.pool.size = 20 (custom)
2023-08-28 09:32:29,135 [main] INFO  server.RaftServerConfigKeys (ConfUtils.java:logGet(46)) - raft.server.data-stream.async.write.thread.pool.size = 16 (default)
2023-08-28 09:32:29,135 [main] INFO  server.RaftServerConfigKeys (ConfUtils.java:logGet(46)) - raft.server.data-stream.client.pool.size = 10 (default)
2023-08-28 09:32:29,135 [main] INFO  netty.NettyConfigKeys$DataStream (ConfUtils.java:logGet(46)) - raft.netty.dataStream.server.use-epoll = false (default)
2023-08-28 09:32:29,135 [main] INFO  netty.NettyConfigKeys$DataStream (ConfUtils.java:logGet(46)) - raft.netty.dataStream.server.boss-group.size = 0 (default)
2023-08-28 09:32:29,135 [main] INFO  netty.NettyConfigKeys$DataStream (ConfUtils.java:logGet(46)) - raft.netty.dataStream.server.worker-group.size = 0 (default)
2023-08-28 09:32:29,136 [main] INFO  netty.NettyConfigKeys$DataStream (ConfUtils.java:logGet(46)) - raft.netty.dataStream.server.tls.conf = null (default)
2023-08-28 09:32:29,136 [main] INFO  netty.NettyConfigKeys$DataStream (ConfUtils.java:logGet(46)) - raft.netty.dataStream.host = null (default)
2023-08-28 09:32:29,136 [main] INFO  netty.NettyConfigKeys$DataStream (ConfUtils.java:logGet(46)) - raft.netty.dataStream.port = 15104 (custom)
2023-08-28 09:32:29,136 [main] INFO  server.RaftServerConfigKeys (ConfUtils.java:logGet(46)) - raft.server.threadpool.proxy.cached = true (default)
2023-08-28 09:32:29,137 [main] INFO  server.RaftServerConfigKeys (ConfUtils.java:logGet(46)) - raft.server.threadpool.proxy.size = 0 (default)
2023-08-28 09:32:29,137 [main] INFO  server.RaftServerConfigKeys (ConfUtils.java:logGet(46)) - raft.server.rpc.slowness.timeout = 300s (custom)
2023-08-28 09:32:29,137 [main] INFO  server.RaftServerConfigKeys (ConfUtils.java:logGet(46)) - raft.server.leaderelection.leader.step-down.wait-time = 10s (default)
2023-08-28 09:32:29,137 [main] INFO  server.RaftServerConfigKeys (ConfUtils.java:logGet(46)) - raft.server.storage.dir = [/home/runner/work/ozone/ozone/hadoop-ozone/integration-test/target/test-dir/MiniOzoneClusterImpl-67722190-891d-4afa-8cef-415625a2914e/datanode-4/data/ratis] (custom)
2023-08-28 09:32:29,137 [8272f6d9-26a6-4075-a6fc-a782e633560b-impl-thread1] INFO  server.RaftServer (RaftServerProxy.java:initGroupDir(258)) - 8272f6d9-26a6-4075-a6fc-a782e633560b: found a subdirectory /home/runner/work/ozone/ozone/hadoop-ozone/integration-test/target/test-dir/MiniOzoneClusterImpl-67722190-891d-4afa-8cef-415625a2914e/datanode-4/data/ratis/tmp
2023-08-28 09:32:29,137 [8272f6d9-26a6-4075-a6fc-a782e633560b-impl-thread1] INFO  server.RaftServer (RaftServerProxy.java:initGroupDir(263)) - 8272f6d9-26a6-4075-a6fc-a782e633560b: The directory /home/runner/work/ozone/ozone/hadoop-ozone/integration-test/target/test-dir/MiniOzoneClusterImpl-67722190-891d-4afa-8cef-415625a2914e/datanode-4/data/ratis/tmp is not a group directory; ignoring it. 
2023-08-28 09:32:29,137 [8272f6d9-26a6-4075-a6fc-a782e633560b-NettyServerStreamRpc-bossGroup--thread1] INFO  logging.LoggingHandler (AbstractInternalLogger.java:log(148)) - [id: 0x32da0fcd] REGISTERED
2023-08-28 09:32:29,138 [main] INFO  replication.ReplicationServer (ReplicationServer.java:<init>(81)) - Initializing replication server with thread count = 10
2023-08-28 09:32:29,138 [8272f6d9-26a6-4075-a6fc-a782e633560b-NettyServerStreamRpc-bossGroup--thread1] INFO  logging.LoggingHandler (AbstractInternalLogger.java:log(148)) - [id: 0x32da0fcd] BIND: 0.0.0.0/0.0.0.0:15104
2023-08-28 09:32:29,138 [8272f6d9-26a6-4075-a6fc-a782e633560b-NettyServerStreamRpc-bossGroup--thread1] INFO  logging.LoggingHandler (AbstractInternalLogger.java:log(148)) - [id: 0x32da0fcd, L:/0:0:0:0:0:0:0:0:15104] ACTIVE
2023-08-28 09:32:29,139 [main] INFO  server.XceiverServerGrpc (XceiverServerGrpc.java:<init>(132)) - GrpcServer channel type EpollServerSocketChannel
2023-08-28 09:32:29,141 [main] INFO  replication.ReplicationSupervisor (ReplicationSupervisor.java:build(155)) - Initializing replication supervisor with thread count = 10
2023-08-28 09:32:29,141 [main] INFO  replication.ReplicationSupervisor (ReplicationSupervisor.java:nodeStateUpdated(307)) - Node state updated to IN_SERVICE, scaling executor pool size to 10
2023-08-28 09:32:29,143 [main] INFO  http.BaseHttpServer (BaseHttpServer.java:newHttpServer2BuilderForOzone(223)) - Starting Web-server for hddsDatanode at: http://0.0.0.0:15098
2023-08-28 09:32:29,143 [main] INFO  http.BaseHttpServer (BaseHttpServer.java:<init>(110)) - Hadoop Security Enabled: false Ozone Security Enabled: false Ozone HTTP Security Enabled: false 
2023-08-28 09:32:29,144 [main] WARN  server.AuthenticationFilter (AuthenticationFilter.java:constructSecretProvider(240)) - Unable to initialize FileSignerSecretProvider, falling back to use random secrets. Reason: Could not read signature secret file: /home/runner/hadoop-http-auth-signature-secret
2023-08-28 09:32:29,145 [main] INFO  http.HttpRequestLog (HttpRequestLog.java:getRequestLog(86)) - Http request log for http.requests.hddsDatanode is not defined
2023-08-28 09:32:29,146 [main] INFO  http.HttpServer2 (HttpServer2.java:addGlobalFilter(1031)) - Added global filter 'safety' (class=org.apache.hadoop.hdds.server.http.HttpServer2$QuotingInputFilter)
2023-08-28 09:32:29,147 [main] INFO  http.HttpServer2 (HttpServer2.java:addFilter(1007)) - Added filter static_user_filter (class=org.apache.hadoop.http.lib.StaticUserWebFilter$StaticUserFilter) to context hddsDatanode
2023-08-28 09:32:29,147 [main] INFO  http.HttpServer2 (HttpServer2.java:addFilter(1015)) - Added filter static_user_filter (class=org.apache.hadoop.http.lib.StaticUserWebFilter$StaticUserFilter) to context logs
2023-08-28 09:32:29,147 [main] INFO  http.HttpServer2 (HttpServer2.java:addFilter(1015)) - Added filter static_user_filter (class=org.apache.hadoop.http.lib.StaticUserWebFilter$StaticUserFilter) to context static
2023-08-28 09:32:29,148 [main] INFO  http.BaseHttpServer (BaseHttpServer.java:<init>(189)) - HTTP server of hddsDatanode uses base directory /home/runner/work/ozone/ozone/hadoop-ozone/integration-test/target/test-dir/MiniOzoneClusterImpl-67722190-891d-4afa-8cef-415625a2914e/datanode-4/meta/webserver
2023-08-28 09:32:29,148 [main] INFO  http.HttpServer2 (HttpServer2.java:bindListener(1231)) - Jetty bound to port 15098
2023-08-28 09:32:29,148 [main] INFO  server.Server (Server.java:doStart(375)) - jetty-9.4.51.v20230217; built: 2023-02-17T08:19:37.309Z; git: b45c405e4544384de066f814ed42ae3dceacdd49; jvm 1.8.0_382-b05
2023-08-28 09:32:29,149 [main] INFO  server.session (DefaultSessionIdManager.java:doStart(334)) - DefaultSessionIdManager workerName=node0
2023-08-28 09:32:29,149 [main] INFO  server.session (DefaultSessionIdManager.java:doStart(339)) - No SessionScavenger set, using defaults
2023-08-28 09:32:29,149 [main] INFO  server.session (HouseKeeper.java:startScavenging(132)) - node0 Scavenging every 600000ms
2023-08-28 09:32:29,150 [main] INFO  handler.ContextHandler (ContextHandler.java:doStart(921)) - Started o.e.j.s.ServletContextHandler@771483f7{logs,/logs,file:///home/runner/work/ozone/ozone/hadoop-ozone/integration-test/target/log,AVAILABLE}
2023-08-28 09:32:29,150 [main] INFO  handler.ContextHandler (ContextHandler.java:doStart(921)) - Started o.e.j.s.ServletContextHandler@3a8c4bab{static,/static,jar:file:/home/runner/.m2/repository/org/apache/ozone/hdds-container-service/1.4.0-SNAPSHOT/hdds-container-service-1.4.0-SNAPSHOT.jar!/webapps/static,AVAILABLE}
2023-08-28 09:32:29,340 [main] INFO  handler.ContextHandler (ContextHandler.java:doStart(921)) - Started o.e.j.w.WebAppContext@7cd9be59{hddsDatanode,/,file:///home/runner/work/ozone/ozone/hadoop-ozone/integration-test/target/test-dir/MiniOzoneClusterImpl-67722190-891d-4afa-8cef-415625a2914e/datanode-4/meta/webserver/jetty-0_0_0_0-15098-hdds-container-service-1_4_0-SNAPSHOT_jar-_-any-581705363146096906/webapp/,AVAILABLE}{jar:file:/home/runner/.m2/repository/org/apache/ozone/hdds-container-service/1.4.0-SNAPSHOT/hdds-container-service-1.4.0-SNAPSHOT.jar!/webapps/hddsDatanode}
2023-08-28 09:32:29,342 [main] INFO  server.AbstractConnector (AbstractConnector.java:doStart(333)) - Started ServerConnector@6156e4cd{HTTP/1.1, (http/1.1)}{0.0.0.0:15098}
2023-08-28 09:32:29,342 [main] INFO  server.Server (Server.java:doStart(415)) - Started @97679ms
2023-08-28 09:32:29,342 [main] WARN  impl.MetricsSystemImpl (MetricsSystemImpl.java:register(279)) - Sink prometheus already exists!
2023-08-28 09:32:29,343 [main] INFO  http.BaseHttpServer (BaseHttpServer.java:updateConnectorAddress(354)) - HTTP server of hddsDatanode listening at http://0.0.0.0:15098
2023-08-28 09:32:29,343 [main] INFO  ipc.CallQueueManager (CallQueueManager.java:<init>(90)) - Using callQueue: class java.util.concurrent.LinkedBlockingQueue, queueCapacity: 100, scheduler: class org.apache.hadoop.ipc.DefaultRpcScheduler, ipcBackoff: false.
2023-08-28 09:32:29,344 [main] INFO  ipc.Server (Server.java:<init>(1287)) - Listener at 0.0.0.0:15099
2023-08-28 09:32:29,345 [Socket Reader #1 for port 15099] INFO  ipc.Server (Server.java:run(1323)) - Starting Socket Reader #1 for port 15099
2023-08-28 09:32:29,350 [main] INFO  ozone.HddsDatanodeService (HddsDatanodeService.java:start(315)) - Datanode start with admins: [runner]
2023-08-28 09:32:29,350 [main] INFO  ozone.HddsDatanodeClientProtocolServer (HddsDatanodeClientProtocolServer.java:start(72)) - RPC server for Client /0.0.0.0:15099
2023-08-28 09:32:29,350 [IPC Server Responder] INFO  ipc.Server (Server.java:run(1562)) - IPC Server Responder: starting
2023-08-28 09:32:29,350 [IPC Server listener on 15099] INFO  ipc.Server (Server.java:run(1402)) - IPC Server listener on 15099: starting
2023-08-28 09:32:29,352 [Datanode State Machine Daemon Thread] INFO  statemachine.DatanodeStateMachine (DatanodeStateMachine.java:lambda$startDaemon$0(538)) - Ozone container server started.
2023-08-28 09:32:29,353 [main] INFO  ozone.MiniOzoneClusterImpl (MiniOzoneClusterImpl.java:lambda$waitForClusterToBeReady$0(224)) - Waiting for nodes to be ready. Got 0 of 5 DN Heartbeats.
2023-08-28 09:32:29,353 [main] INFO  ozone.MiniOzoneClusterImpl (MiniOzoneClusterImpl.java:lambda$waitForClusterToBeReady$0(227)) - Waiting for cluster to exit safe mode
2023-08-28 09:32:29,353 [main] INFO  ozone.MiniOzoneClusterImpl (MiniOzoneClusterImpl.java:lambda$waitForClusterToBeReady$0(229)) - SCM became leader
2023-08-28 09:32:29,360 [Datanode State Machine Task Thread - 0] INFO  datanode.InitDatanodeState (InitDatanodeState.java:persistContainerDatanodeDetails(138)) - DatanodeDetails is persisted to /home/runner/work/ozone/ozone/hadoop-ozone/integration-test/target/test-dir/MiniOzoneClusterImpl-67722190-891d-4afa-8cef-415625a2914e/datanode-4/meta/datanode.id
2023-08-28 09:32:30,164 [EndpointStateMachine task thread for /0.0.0.0:15055 - 0 ] INFO  utils.DatanodeStoreCache (DatanodeStoreCache.java:addDB(66)) - Added db /home/runner/work/ozone/ozone/hadoop-ozone/integration-test/target/test-dir/MiniOzoneClusterImpl-67722190-891d-4afa-8cef-415625a2914e/datanode-0/data-0/containers/hdds/67722190-891d-4afa-8cef-415625a2914e/DS-298fdbdd-9abf-48fb-a82e-842d8e43d5c8/container.db to cache
2023-08-28 09:32:30,164 [EndpointStateMachine task thread for /0.0.0.0:15055 - 0 ] INFO  volume.HddsVolume (HddsVolume.java:createDbStore(422)) - SchemaV3 db is created and loaded at /home/runner/work/ozone/ozone/hadoop-ozone/integration-test/target/test-dir/MiniOzoneClusterImpl-67722190-891d-4afa-8cef-415625a2914e/datanode-0/data-0/containers/hdds/67722190-891d-4afa-8cef-415625a2914e/DS-298fdbdd-9abf-48fb-a82e-842d8e43d5c8/container.db for volume DS-298fdbdd-9abf-48fb-a82e-842d8e43d5c8
2023-08-28 09:32:30,167 [EndpointStateMachine task thread for /0.0.0.0:15055 - 0 ] INFO  volume.ThrottledAsyncChecker (ThrottledAsyncChecker.java:schedule(141)) - Scheduling a check for /home/runner/work/ozone/ozone/hadoop-ozone/integration-test/target/test-dir/MiniOzoneClusterImpl-67722190-891d-4afa-8cef-415625a2914e/datanode-0/data-0/containers/hdds
2023-08-28 09:32:30,169 [EndpointStateMachine task thread for /0.0.0.0:15055 - 0 ] INFO  volume.StorageVolumeChecker (StorageVolumeChecker.java:checkAllVolumes(213)) - Scheduled health check for volume /home/runner/work/ozone/ozone/hadoop-ozone/integration-test/target/test-dir/MiniOzoneClusterImpl-67722190-891d-4afa-8cef-415625a2914e/datanode-0/data-0/containers/hdds
2023-08-28 09:32:30,171 [EndpointStateMachine task thread for /0.0.0.0:15055 - 0 ] INFO  volume.ThrottledAsyncChecker (ThrottledAsyncChecker.java:schedule(141)) - Scheduling a check for /home/runner/work/ozone/ozone/hadoop-ozone/integration-test/target/test-dir/MiniOzoneClusterImpl-67722190-891d-4afa-8cef-415625a2914e/datanode-0/data/ratis
2023-08-28 09:32:30,171 [EndpointStateMachine task thread for /0.0.0.0:15055 - 0 ] INFO  volume.StorageVolumeChecker (StorageVolumeChecker.java:checkAllVolumes(213)) - Scheduled health check for volume /home/runner/work/ozone/ozone/hadoop-ozone/integration-test/target/test-dir/MiniOzoneClusterImpl-67722190-891d-4afa-8cef-415625a2914e/datanode-0/data/ratis
2023-08-28 09:32:30,172 [EndpointStateMachine task thread for /0.0.0.0:15055 - 0 ] INFO  ozoneimpl.OzoneContainer (OzoneContainer.java:start(429)) - Attempting to start container services.
2023-08-28 09:32:30,172 [EndpointStateMachine task thread for /0.0.0.0:15055 - 0 ] INFO  ozoneimpl.OzoneContainer (OzoneContainer.java:startContainerScrub(325)) - Scheduled background container scanners and the on-demand container scanner have been disabled.
2023-08-28 09:32:30,176 [EndpointStateMachine task thread for /0.0.0.0:15055 - 0 ] INFO  replication.ReplicationServer (ReplicationServer.java:start(130)) - ReplicationServer is started using port 15069
2023-08-28 09:32:30,176 [EndpointStateMachine task thread for /0.0.0.0:15055 - 0 ] INFO  ratis.XceiverServerRatis (XceiverServerRatis.java:start(517)) - Starting XceiverServerRatis 8f24c139-1988-4882-b4c4-ff44179a1ed0
2023-08-28 09:32:30,177 [EndpointStateMachine task thread for /0.0.0.0:15055 - 0 ] INFO  server.RaftServer (RaftServerProxy.java:startImpl(400)) - 8f24c139-1988-4882-b4c4-ff44179a1ed0: start RPC server
2023-08-28 09:32:30,179 [EndpointStateMachine task thread for /0.0.0.0:15055 - 0 ] INFO  server.GrpcService (GrpcService.java:startImpl(302)) - 8f24c139-1988-4882-b4c4-ff44179a1ed0: GrpcService started, listening on 15065
2023-08-28 09:32:30,180 [EndpointStateMachine task thread for /0.0.0.0:15055 - 0 ] INFO  server.GrpcService (GrpcService.java:startImpl(302)) - 8f24c139-1988-4882-b4c4-ff44179a1ed0: GrpcService started, listening on 15067
2023-08-28 09:32:30,183 [EndpointStateMachine task thread for /0.0.0.0:15055 - 0 ] INFO  server.GrpcService (GrpcService.java:startImpl(302)) - 8f24c139-1988-4882-b4c4-ff44179a1ed0: GrpcService started, listening on 15066
2023-08-28 09:32:30,184 [EndpointStateMachine task thread for /0.0.0.0:15055 - 0 ] INFO  ratis.XceiverServerRatis (XceiverServerRatis.java:getRealPort(543)) - XceiverServerRatis 8f24c139-1988-4882-b4c4-ff44179a1ed0 is started using port 15065 for RATIS
2023-08-28 09:32:30,184 [EndpointStateMachine task thread for /0.0.0.0:15055 - 0 ] INFO  ratis.XceiverServerRatis (XceiverServerRatis.java:getRealPort(543)) - XceiverServerRatis 8f24c139-1988-4882-b4c4-ff44179a1ed0 is started using port 15066 for RATIS_ADMIN
2023-08-28 09:32:30,184 [EndpointStateMachine task thread for /0.0.0.0:15055 - 0 ] INFO  ratis.XceiverServerRatis (XceiverServerRatis.java:getRealPort(543)) - XceiverServerRatis 8f24c139-1988-4882-b4c4-ff44179a1ed0 is started using port 15067 for RATIS_SERVER
2023-08-28 09:32:30,184 [EndpointStateMachine task thread for /0.0.0.0:15055 - 0 ] INFO  ratis.XceiverServerRatis (XceiverServerRatis.java:getRealPort(543)) - XceiverServerRatis 8f24c139-1988-4882-b4c4-ff44179a1ed0 is started using port 15068 for RATIS_DATASTREAM
2023-08-28 09:32:30,184 [JvmPauseMonitor9] INFO  util.JvmPauseMonitor (JvmPauseMonitor.java:run(103)) - JvmPauseMonitor-8f24c139-1988-4882-b4c4-ff44179a1ed0: Started
2023-08-28 09:32:30,192 [BlockDeletingService#0] INFO  interfaces.ContainerDeletionChoosingPolicyTemplate (ContainerDeletionChoosingPolicyTemplate.java:chooseContainerForBlockDeletion(85)) - Chosen 0/5000 blocks from 0 candidate containers.
2023-08-28 09:32:30,353 [main] INFO  ozone.MiniOzoneClusterImpl (MiniOzoneClusterImpl.java:lambda$waitForClusterToBeReady$0(224)) - Waiting for nodes to be ready. Got 0 of 5 DN Heartbeats.
2023-08-28 09:32:30,353 [main] INFO  ozone.MiniOzoneClusterImpl (MiniOzoneClusterImpl.java:lambda$waitForClusterToBeReady$0(227)) - Waiting for cluster to exit safe mode
2023-08-28 09:32:30,353 [main] INFO  ozone.MiniOzoneClusterImpl (MiniOzoneClusterImpl.java:lambda$waitForClusterToBeReady$0(229)) - SCM became leader
2023-08-28 09:32:30,466 [EndpointStateMachine task thread for /0.0.0.0:15055 - 0 ] INFO  utils.DatanodeStoreCache (DatanodeStoreCache.java:addDB(66)) - Added db /home/runner/work/ozone/ozone/hadoop-ozone/integration-test/target/test-dir/MiniOzoneClusterImpl-67722190-891d-4afa-8cef-415625a2914e/datanode-1/data-0/containers/hdds/67722190-891d-4afa-8cef-415625a2914e/DS-5742b8df-5b2a-4abf-8fef-c618ad114756/container.db to cache
2023-08-28 09:32:30,466 [EndpointStateMachine task thread for /0.0.0.0:15055 - 0 ] INFO  volume.HddsVolume (HddsVolume.java:createDbStore(422)) - SchemaV3 db is created and loaded at /home/runner/work/ozone/ozone/hadoop-ozone/integration-test/target/test-dir/MiniOzoneClusterImpl-67722190-891d-4afa-8cef-415625a2914e/datanode-1/data-0/containers/hdds/67722190-891d-4afa-8cef-415625a2914e/DS-5742b8df-5b2a-4abf-8fef-c618ad114756/container.db for volume DS-5742b8df-5b2a-4abf-8fef-c618ad114756
2023-08-28 09:32:30,467 [EndpointStateMachine task thread for /0.0.0.0:15055 - 0 ] INFO  volume.ThrottledAsyncChecker (ThrottledAsyncChecker.java:schedule(141)) - Scheduling a check for /home/runner/work/ozone/ozone/hadoop-ozone/integration-test/target/test-dir/MiniOzoneClusterImpl-67722190-891d-4afa-8cef-415625a2914e/datanode-1/data-0/containers/hdds
2023-08-28 09:32:30,472 [EndpointStateMachine task thread for /0.0.0.0:15055 - 0 ] INFO  volume.StorageVolumeChecker (StorageVolumeChecker.java:checkAllVolumes(213)) - Scheduled health check for volume /home/runner/work/ozone/ozone/hadoop-ozone/integration-test/target/test-dir/MiniOzoneClusterImpl-67722190-891d-4afa-8cef-415625a2914e/datanode-1/data-0/containers/hdds
2023-08-28 09:32:30,473 [EndpointStateMachine task thread for /0.0.0.0:15055 - 0 ] INFO  volume.ThrottledAsyncChecker (ThrottledAsyncChecker.java:schedule(141)) - Scheduling a check for /home/runner/work/ozone/ozone/hadoop-ozone/integration-test/target/test-dir/MiniOzoneClusterImpl-67722190-891d-4afa-8cef-415625a2914e/datanode-1/data/ratis
2023-08-28 09:32:30,473 [EndpointStateMachine task thread for /0.0.0.0:15055 - 0 ] INFO  volume.StorageVolumeChecker (StorageVolumeChecker.java:checkAllVolumes(213)) - Scheduled health check for volume /home/runner/work/ozone/ozone/hadoop-ozone/integration-test/target/test-dir/MiniOzoneClusterImpl-67722190-891d-4afa-8cef-415625a2914e/datanode-1/data/ratis
2023-08-28 09:32:30,475 [EndpointStateMachine task thread for /0.0.0.0:15055 - 0 ] INFO  ozoneimpl.OzoneContainer (OzoneContainer.java:start(429)) - Attempting to start container services.
2023-08-28 09:32:30,475 [EndpointStateMachine task thread for /0.0.0.0:15055 - 0 ] INFO  ozoneimpl.OzoneContainer (OzoneContainer.java:startContainerScrub(325)) - Scheduled background container scanners and the on-demand container scanner have been disabled.
2023-08-28 09:32:30,476 [EndpointStateMachine task thread for /0.0.0.0:15055 - 0 ] INFO  replication.ReplicationServer (ReplicationServer.java:start(130)) - ReplicationServer is started using port 15078
2023-08-28 09:32:30,476 [EndpointStateMachine task thread for /0.0.0.0:15055 - 0 ] INFO  ratis.XceiverServerRatis (XceiverServerRatis.java:start(517)) - Starting XceiverServerRatis d600485d-b91b-41d8-8672-c913e6695d89
2023-08-28 09:32:30,488 [EndpointStateMachine task thread for /0.0.0.0:15055 - 0 ] INFO  server.RaftServer (RaftServerProxy.java:startImpl(400)) - d600485d-b91b-41d8-8672-c913e6695d89: start RPC server
2023-08-28 09:32:30,495 [EndpointStateMachine task thread for /0.0.0.0:15055 - 0 ] INFO  server.GrpcService (GrpcService.java:startImpl(302)) - d600485d-b91b-41d8-8672-c913e6695d89: GrpcService started, listening on 15074
2023-08-28 09:32:30,496 [EndpointStateMachine task thread for /0.0.0.0:15055 - 0 ] INFO  server.GrpcService (GrpcService.java:startImpl(302)) - d600485d-b91b-41d8-8672-c913e6695d89: GrpcService started, listening on 15076
2023-08-28 09:32:30,497 [EndpointStateMachine task thread for /0.0.0.0:15055 - 0 ] INFO  server.GrpcService (GrpcService.java:startImpl(302)) - d600485d-b91b-41d8-8672-c913e6695d89: GrpcService started, listening on 15075
2023-08-28 09:32:30,497 [EndpointStateMachine task thread for /0.0.0.0:15055 - 0 ] INFO  ratis.XceiverServerRatis (XceiverServerRatis.java:getRealPort(543)) - XceiverServerRatis d600485d-b91b-41d8-8672-c913e6695d89 is started using port 15074 for RATIS
2023-08-28 09:32:30,497 [EndpointStateMachine task thread for /0.0.0.0:15055 - 0 ] INFO  ratis.XceiverServerRatis (XceiverServerRatis.java:getRealPort(543)) - XceiverServerRatis d600485d-b91b-41d8-8672-c913e6695d89 is started using port 15075 for RATIS_ADMIN
2023-08-28 09:32:30,497 [EndpointStateMachine task thread for /0.0.0.0:15055 - 0 ] INFO  ratis.XceiverServerRatis (XceiverServerRatis.java:getRealPort(543)) - XceiverServerRatis d600485d-b91b-41d8-8672-c913e6695d89 is started using port 15076 for RATIS_SERVER
2023-08-28 09:32:30,497 [EndpointStateMachine task thread for /0.0.0.0:15055 - 0 ] INFO  ratis.XceiverServerRatis (XceiverServerRatis.java:getRealPort(543)) - XceiverServerRatis d600485d-b91b-41d8-8672-c913e6695d89 is started using port 15077 for RATIS_DATASTREAM
2023-08-28 09:32:30,498 [JvmPauseMonitor10] INFO  util.JvmPauseMonitor (JvmPauseMonitor.java:run(103)) - JvmPauseMonitor-d600485d-b91b-41d8-8672-c913e6695d89: Started
2023-08-28 09:32:30,516 [BlockDeletingService#0] INFO  interfaces.ContainerDeletionChoosingPolicyTemplate (ContainerDeletionChoosingPolicyTemplate.java:chooseContainerForBlockDeletion(85)) - Chosen 0/5000 blocks from 0 candidate containers.
2023-08-28 09:32:30,846 [EndpointStateMachine task thread for /0.0.0.0:15055 - 0 ] INFO  utils.DatanodeStoreCache (DatanodeStoreCache.java:addDB(66)) - Added db /home/runner/work/ozone/ozone/hadoop-ozone/integration-test/target/test-dir/MiniOzoneClusterImpl-67722190-891d-4afa-8cef-415625a2914e/datanode-2/data-0/containers/hdds/67722190-891d-4afa-8cef-415625a2914e/DS-b3166e09-758d-49fc-94ee-520cf1a6aefc/container.db to cache
2023-08-28 09:32:30,847 [EndpointStateMachine task thread for /0.0.0.0:15055 - 0 ] INFO  volume.HddsVolume (HddsVolume.java:createDbStore(422)) - SchemaV3 db is created and loaded at /home/runner/work/ozone/ozone/hadoop-ozone/integration-test/target/test-dir/MiniOzoneClusterImpl-67722190-891d-4afa-8cef-415625a2914e/datanode-2/data-0/containers/hdds/67722190-891d-4afa-8cef-415625a2914e/DS-b3166e09-758d-49fc-94ee-520cf1a6aefc/container.db for volume DS-b3166e09-758d-49fc-94ee-520cf1a6aefc
2023-08-28 09:32:30,847 [EndpointStateMachine task thread for /0.0.0.0:15055 - 0 ] INFO  volume.ThrottledAsyncChecker (ThrottledAsyncChecker.java:schedule(141)) - Scheduling a check for /home/runner/work/ozone/ozone/hadoop-ozone/integration-test/target/test-dir/MiniOzoneClusterImpl-67722190-891d-4afa-8cef-415625a2914e/datanode-2/data-0/containers/hdds
2023-08-28 09:32:30,848 [EndpointStateMachine task thread for /0.0.0.0:15055 - 0 ] INFO  volume.StorageVolumeChecker (StorageVolumeChecker.java:checkAllVolumes(213)) - Scheduled health check for volume /home/runner/work/ozone/ozone/hadoop-ozone/integration-test/target/test-dir/MiniOzoneClusterImpl-67722190-891d-4afa-8cef-415625a2914e/datanode-2/data-0/containers/hdds
2023-08-28 09:32:30,851 [EndpointStateMachine task thread for /0.0.0.0:15055 - 0 ] INFO  volume.ThrottledAsyncChecker (ThrottledAsyncChecker.java:schedule(141)) - Scheduling a check for /home/runner/work/ozone/ozone/hadoop-ozone/integration-test/target/test-dir/MiniOzoneClusterImpl-67722190-891d-4afa-8cef-415625a2914e/datanode-2/data/ratis
2023-08-28 09:32:30,851 [EndpointStateMachine task thread for /0.0.0.0:15055 - 0 ] INFO  volume.StorageVolumeChecker (StorageVolumeChecker.java:checkAllVolumes(213)) - Scheduled health check for volume /home/runner/work/ozone/ozone/hadoop-ozone/integration-test/target/test-dir/MiniOzoneClusterImpl-67722190-891d-4afa-8cef-415625a2914e/datanode-2/data/ratis
2023-08-28 09:32:30,853 [EndpointStateMachine task thread for /0.0.0.0:15055 - 0 ] INFO  ozoneimpl.OzoneContainer (OzoneContainer.java:start(429)) - Attempting to start container services.
2023-08-28 09:32:30,853 [EndpointStateMachine task thread for /0.0.0.0:15055 - 0 ] INFO  ozoneimpl.OzoneContainer (OzoneContainer.java:startContainerScrub(325)) - Scheduled background container scanners and the on-demand container scanner have been disabled.
2023-08-28 09:32:30,854 [EndpointStateMachine task thread for /0.0.0.0:15055 - 0 ] INFO  replication.ReplicationServer (ReplicationServer.java:start(130)) - ReplicationServer is started using port 15087
2023-08-28 09:32:30,854 [EndpointStateMachine task thread for /0.0.0.0:15055 - 0 ] INFO  ratis.XceiverServerRatis (XceiverServerRatis.java:start(517)) - Starting XceiverServerRatis 454ab8f7-ff05-436e-934f-07f2970d48f1
2023-08-28 09:32:30,854 [EndpointStateMachine task thread for /0.0.0.0:15055 - 0 ] INFO  server.RaftServer (RaftServerProxy.java:startImpl(400)) - 454ab8f7-ff05-436e-934f-07f2970d48f1: start RPC server
2023-08-28 09:32:30,856 [EndpointStateMachine task thread for /0.0.0.0:15055 - 0 ] INFO  server.GrpcService (GrpcService.java:startImpl(302)) - 454ab8f7-ff05-436e-934f-07f2970d48f1: GrpcService started, listening on 15083
2023-08-28 09:32:30,857 [EndpointStateMachine task thread for /0.0.0.0:15055 - 0 ] INFO  server.GrpcService (GrpcService.java:startImpl(302)) - 454ab8f7-ff05-436e-934f-07f2970d48f1: GrpcService started, listening on 15085
2023-08-28 09:32:30,858 [EndpointStateMachine task thread for /0.0.0.0:15055 - 0 ] INFO  server.GrpcService (GrpcService.java:startImpl(302)) - 454ab8f7-ff05-436e-934f-07f2970d48f1: GrpcService started, listening on 15084
2023-08-28 09:32:30,858 [EndpointStateMachine task thread for /0.0.0.0:15055 - 0 ] INFO  ratis.XceiverServerRatis (XceiverServerRatis.java:getRealPort(543)) - XceiverServerRatis 454ab8f7-ff05-436e-934f-07f2970d48f1 is started using port 15083 for RATIS
2023-08-28 09:32:30,858 [EndpointStateMachine task thread for /0.0.0.0:15055 - 0 ] INFO  ratis.XceiverServerRatis (XceiverServerRatis.java:getRealPort(543)) - XceiverServerRatis 454ab8f7-ff05-436e-934f-07f2970d48f1 is started using port 15084 for RATIS_ADMIN
2023-08-28 09:32:30,858 [EndpointStateMachine task thread for /0.0.0.0:15055 - 0 ] INFO  ratis.XceiverServerRatis (XceiverServerRatis.java:getRealPort(543)) - XceiverServerRatis 454ab8f7-ff05-436e-934f-07f2970d48f1 is started using port 15085 for RATIS_SERVER
2023-08-28 09:32:30,858 [EndpointStateMachine task thread for /0.0.0.0:15055 - 0 ] INFO  ratis.XceiverServerRatis (XceiverServerRatis.java:getRealPort(543)) - XceiverServerRatis 454ab8f7-ff05-436e-934f-07f2970d48f1 is started using port 15086 for RATIS_DATASTREAM
2023-08-28 09:32:30,859 [JvmPauseMonitor11] INFO  util.JvmPauseMonitor (JvmPauseMonitor.java:run(103)) - JvmPauseMonitor-454ab8f7-ff05-436e-934f-07f2970d48f1: Started
2023-08-28 09:32:30,865 [BlockDeletingService#0] INFO  interfaces.ContainerDeletionChoosingPolicyTemplate (ContainerDeletionChoosingPolicyTemplate.java:chooseContainerForBlockDeletion(85)) - Chosen 0/5000 blocks from 0 candidate containers.
2023-08-28 09:32:31,126 [EndpointStateMachine task thread for /0.0.0.0:15055 - 0 ] INFO  utils.DatanodeStoreCache (DatanodeStoreCache.java:addDB(66)) - Added db /home/runner/work/ozone/ozone/hadoop-ozone/integration-test/target/test-dir/MiniOzoneClusterImpl-67722190-891d-4afa-8cef-415625a2914e/datanode-3/data-0/containers/hdds/67722190-891d-4afa-8cef-415625a2914e/DS-86d19c40-18c1-488a-9e6f-904de6fec995/container.db to cache
2023-08-28 09:32:31,126 [EndpointStateMachine task thread for /0.0.0.0:15055 - 0 ] INFO  volume.HddsVolume (HddsVolume.java:createDbStore(422)) - SchemaV3 db is created and loaded at /home/runner/work/ozone/ozone/hadoop-ozone/integration-test/target/test-dir/MiniOzoneClusterImpl-67722190-891d-4afa-8cef-415625a2914e/datanode-3/data-0/containers/hdds/67722190-891d-4afa-8cef-415625a2914e/DS-86d19c40-18c1-488a-9e6f-904de6fec995/container.db for volume DS-86d19c40-18c1-488a-9e6f-904de6fec995
2023-08-28 09:32:31,127 [EndpointStateMachine task thread for /0.0.0.0:15055 - 0 ] INFO  volume.ThrottledAsyncChecker (ThrottledAsyncChecker.java:schedule(141)) - Scheduling a check for /home/runner/work/ozone/ozone/hadoop-ozone/integration-test/target/test-dir/MiniOzoneClusterImpl-67722190-891d-4afa-8cef-415625a2914e/datanode-3/data-0/containers/hdds
2023-08-28 09:32:31,129 [EndpointStateMachine task thread for /0.0.0.0:15055 - 0 ] INFO  volume.StorageVolumeChecker (StorageVolumeChecker.java:checkAllVolumes(213)) - Scheduled health check for volume /home/runner/work/ozone/ozone/hadoop-ozone/integration-test/target/test-dir/MiniOzoneClusterImpl-67722190-891d-4afa-8cef-415625a2914e/datanode-3/data-0/containers/hdds
2023-08-28 09:32:31,131 [EndpointStateMachine task thread for /0.0.0.0:15055 - 0 ] INFO  volume.ThrottledAsyncChecker (ThrottledAsyncChecker.java:schedule(141)) - Scheduling a check for /home/runner/work/ozone/ozone/hadoop-ozone/integration-test/target/test-dir/MiniOzoneClusterImpl-67722190-891d-4afa-8cef-415625a2914e/datanode-3/data/ratis
2023-08-28 09:32:31,131 [EndpointStateMachine task thread for /0.0.0.0:15055 - 0 ] INFO  volume.StorageVolumeChecker (StorageVolumeChecker.java:checkAllVolumes(213)) - Scheduled health check for volume /home/runner/work/ozone/ozone/hadoop-ozone/integration-test/target/test-dir/MiniOzoneClusterImpl-67722190-891d-4afa-8cef-415625a2914e/datanode-3/data/ratis
2023-08-28 09:32:31,132 [EndpointStateMachine task thread for /0.0.0.0:15055 - 0 ] INFO  ozoneimpl.OzoneContainer (OzoneContainer.java:start(429)) - Attempting to start container services.
2023-08-28 09:32:31,132 [EndpointStateMachine task thread for /0.0.0.0:15055 - 0 ] INFO  ozoneimpl.OzoneContainer (OzoneContainer.java:startContainerScrub(325)) - Scheduled background container scanners and the on-demand container scanner have been disabled.
2023-08-28 09:32:31,136 [EndpointStateMachine task thread for /0.0.0.0:15055 - 0 ] INFO  replication.ReplicationServer (ReplicationServer.java:start(130)) - ReplicationServer is started using port 15096
2023-08-28 09:32:31,137 [EndpointStateMachine task thread for /0.0.0.0:15055 - 0 ] INFO  ratis.XceiverServerRatis (XceiverServerRatis.java:start(517)) - Starting XceiverServerRatis 6fe57cde-2152-4119-ad90-dc528c983fae
2023-08-28 09:32:31,138 [EndpointStateMachine task thread for /0.0.0.0:15055 - 0 ] INFO  server.RaftServer (RaftServerProxy.java:startImpl(400)) - 6fe57cde-2152-4119-ad90-dc528c983fae: start RPC server
2023-08-28 09:32:31,139 [EndpointStateMachine task thread for /0.0.0.0:15055 - 0 ] INFO  server.GrpcService (GrpcService.java:startImpl(302)) - 6fe57cde-2152-4119-ad90-dc528c983fae: GrpcService started, listening on 15092
2023-08-28 09:32:31,144 [EndpointStateMachine task thread for /0.0.0.0:15055 - 0 ] INFO  server.GrpcService (GrpcService.java:startImpl(302)) - 6fe57cde-2152-4119-ad90-dc528c983fae: GrpcService started, listening on 15094
2023-08-28 09:32:31,146 [EndpointStateMachine task thread for /0.0.0.0:15055 - 0 ] INFO  server.GrpcService (GrpcService.java:startImpl(302)) - 6fe57cde-2152-4119-ad90-dc528c983fae: GrpcService started, listening on 15093
2023-08-28 09:32:31,146 [EndpointStateMachine task thread for /0.0.0.0:15055 - 0 ] INFO  ratis.XceiverServerRatis (XceiverServerRatis.java:getRealPort(543)) - XceiverServerRatis 6fe57cde-2152-4119-ad90-dc528c983fae is started using port 15092 for RATIS
2023-08-28 09:32:31,146 [EndpointStateMachine task thread for /0.0.0.0:15055 - 0 ] INFO  ratis.XceiverServerRatis (XceiverServerRatis.java:getRealPort(543)) - XceiverServerRatis 6fe57cde-2152-4119-ad90-dc528c983fae is started using port 15093 for RATIS_ADMIN
2023-08-28 09:32:31,146 [JvmPauseMonitor12] INFO  util.JvmPauseMonitor (JvmPauseMonitor.java:run(103)) - JvmPauseMonitor-6fe57cde-2152-4119-ad90-dc528c983fae: Started
2023-08-28 09:32:31,146 [EndpointStateMachine task thread for /0.0.0.0:15055 - 0 ] INFO  ratis.XceiverServerRatis (XceiverServerRatis.java:getRealPort(543)) - XceiverServerRatis 6fe57cde-2152-4119-ad90-dc528c983fae is started using port 15094 for RATIS_SERVER
2023-08-28 09:32:31,146 [EndpointStateMachine task thread for /0.0.0.0:15055 - 0 ] INFO  ratis.XceiverServerRatis (XceiverServerRatis.java:getRealPort(543)) - XceiverServerRatis 6fe57cde-2152-4119-ad90-dc528c983fae is started using port 15095 for RATIS_DATASTREAM
2023-08-28 09:32:31,153 [BlockDeletingService#0] INFO  interfaces.ContainerDeletionChoosingPolicyTemplate (ContainerDeletionChoosingPolicyTemplate.java:chooseContainerForBlockDeletion(85)) - Chosen 0/5000 blocks from 0 candidate containers.
2023-08-28 09:32:31,354 [main] INFO  ozone.MiniOzoneClusterImpl (MiniOzoneClusterImpl.java:lambda$waitForClusterToBeReady$0(224)) - Waiting for nodes to be ready. Got 0 of 5 DN Heartbeats.
2023-08-28 09:32:31,354 [main] INFO  ozone.MiniOzoneClusterImpl (MiniOzoneClusterImpl.java:lambda$waitForClusterToBeReady$0(227)) - Waiting for cluster to exit safe mode
2023-08-28 09:32:31,354 [main] INFO  ozone.MiniOzoneClusterImpl (MiniOzoneClusterImpl.java:lambda$waitForClusterToBeReady$0(229)) - SCM became leader
2023-08-28 09:32:31,401 [EndpointStateMachine task thread for /0.0.0.0:15055 - 0 ] INFO  utils.DatanodeStoreCache (DatanodeStoreCache.java:addDB(66)) - Added db /home/runner/work/ozone/ozone/hadoop-ozone/integration-test/target/test-dir/MiniOzoneClusterImpl-67722190-891d-4afa-8cef-415625a2914e/datanode-4/data-0/containers/hdds/67722190-891d-4afa-8cef-415625a2914e/DS-2db3529c-7c52-44e3-80a2-dc91a4a75697/container.db to cache
2023-08-28 09:32:31,402 [EndpointStateMachine task thread for /0.0.0.0:15055 - 0 ] INFO  volume.HddsVolume (HddsVolume.java:createDbStore(422)) - SchemaV3 db is created and loaded at /home/runner/work/ozone/ozone/hadoop-ozone/integration-test/target/test-dir/MiniOzoneClusterImpl-67722190-891d-4afa-8cef-415625a2914e/datanode-4/data-0/containers/hdds/67722190-891d-4afa-8cef-415625a2914e/DS-2db3529c-7c52-44e3-80a2-dc91a4a75697/container.db for volume DS-2db3529c-7c52-44e3-80a2-dc91a4a75697
2023-08-28 09:32:31,403 [EndpointStateMachine task thread for /0.0.0.0:15055 - 0 ] INFO  volume.ThrottledAsyncChecker (ThrottledAsyncChecker.java:schedule(141)) - Scheduling a check for /home/runner/work/ozone/ozone/hadoop-ozone/integration-test/target/test-dir/MiniOzoneClusterImpl-67722190-891d-4afa-8cef-415625a2914e/datanode-4/data-0/containers/hdds
2023-08-28 09:32:31,403 [EndpointStateMachine task thread for /0.0.0.0:15055 - 0 ] INFO  volume.StorageVolumeChecker (StorageVolumeChecker.java:checkAllVolumes(213)) - Scheduled health check for volume /home/runner/work/ozone/ozone/hadoop-ozone/integration-test/target/test-dir/MiniOzoneClusterImpl-67722190-891d-4afa-8cef-415625a2914e/datanode-4/data-0/containers/hdds
2023-08-28 09:32:31,406 [EndpointStateMachine task thread for /0.0.0.0:15055 - 0 ] INFO  volume.ThrottledAsyncChecker (ThrottledAsyncChecker.java:schedule(141)) - Scheduling a check for /home/runner/work/ozone/ozone/hadoop-ozone/integration-test/target/test-dir/MiniOzoneClusterImpl-67722190-891d-4afa-8cef-415625a2914e/datanode-4/data/ratis
2023-08-28 09:32:31,406 [EndpointStateMachine task thread for /0.0.0.0:15055 - 0 ] INFO  volume.StorageVolumeChecker (StorageVolumeChecker.java:checkAllVolumes(213)) - Scheduled health check for volume /home/runner/work/ozone/ozone/hadoop-ozone/integration-test/target/test-dir/MiniOzoneClusterImpl-67722190-891d-4afa-8cef-415625a2914e/datanode-4/data/ratis
2023-08-28 09:32:31,407 [EndpointStateMachine task thread for /0.0.0.0:15055 - 0 ] INFO  ozoneimpl.OzoneContainer (OzoneContainer.java:start(429)) - Attempting to start container services.
2023-08-28 09:32:31,407 [EndpointStateMachine task thread for /0.0.0.0:15055 - 0 ] INFO  ozoneimpl.OzoneContainer (OzoneContainer.java:startContainerScrub(325)) - Scheduled background container scanners and the on-demand container scanner have been disabled.
2023-08-28 09:32:31,409 [EndpointStateMachine task thread for /0.0.0.0:15055 - 0 ] INFO  replication.ReplicationServer (ReplicationServer.java:start(130)) - ReplicationServer is started using port 15105
2023-08-28 09:32:31,409 [EndpointStateMachine task thread for /0.0.0.0:15055 - 0 ] INFO  ratis.XceiverServerRatis (XceiverServerRatis.java:start(517)) - Starting XceiverServerRatis 8272f6d9-26a6-4075-a6fc-a782e633560b
2023-08-28 09:32:31,409 [EndpointStateMachine task thread for /0.0.0.0:15055 - 0 ] INFO  server.RaftServer (RaftServerProxy.java:startImpl(400)) - 8272f6d9-26a6-4075-a6fc-a782e633560b: start RPC server
2023-08-28 09:32:31,410 [EndpointStateMachine task thread for /0.0.0.0:15055 - 0 ] INFO  server.GrpcService (GrpcService.java:startImpl(302)) - 8272f6d9-26a6-4075-a6fc-a782e633560b: GrpcService started, listening on 15101
2023-08-28 09:32:31,411 [EndpointStateMachine task thread for /0.0.0.0:15055 - 0 ] INFO  server.GrpcService (GrpcService.java:startImpl(302)) - 8272f6d9-26a6-4075-a6fc-a782e633560b: GrpcService started, listening on 15103
2023-08-28 09:32:31,412 [EndpointStateMachine task thread for /0.0.0.0:15055 - 0 ] INFO  server.GrpcService (GrpcService.java:startImpl(302)) - 8272f6d9-26a6-4075-a6fc-a782e633560b: GrpcService started, listening on 15102
2023-08-28 09:32:31,412 [EndpointStateMachine task thread for /0.0.0.0:15055 - 0 ] INFO  ratis.XceiverServerRatis (XceiverServerRatis.java:getRealPort(543)) - XceiverServerRatis 8272f6d9-26a6-4075-a6fc-a782e633560b is started using port 15101 for RATIS
2023-08-28 09:32:31,412 [JvmPauseMonitor13] INFO  util.JvmPauseMonitor (JvmPauseMonitor.java:run(103)) - JvmPauseMonitor-8272f6d9-26a6-4075-a6fc-a782e633560b: Started
2023-08-28 09:32:31,412 [EndpointStateMachine task thread for /0.0.0.0:15055 - 0 ] INFO  ratis.XceiverServerRatis (XceiverServerRatis.java:getRealPort(543)) - XceiverServerRatis 8272f6d9-26a6-4075-a6fc-a782e633560b is started using port 15102 for RATIS_ADMIN
2023-08-28 09:32:31,413 [EndpointStateMachine task thread for /0.0.0.0:15055 - 0 ] INFO  ratis.XceiverServerRatis (XceiverServerRatis.java:getRealPort(543)) - XceiverServerRatis 8272f6d9-26a6-4075-a6fc-a782e633560b is started using port 15103 for RATIS_SERVER
2023-08-28 09:32:31,413 [EndpointStateMachine task thread for /0.0.0.0:15055 - 0 ] INFO  ratis.XceiverServerRatis (XceiverServerRatis.java:getRealPort(543)) - XceiverServerRatis 8272f6d9-26a6-4075-a6fc-a782e633560b is started using port 15104 for RATIS_DATASTREAM
2023-08-28 09:32:31,414 [BlockDeletingService#0] INFO  interfaces.ContainerDeletionChoosingPolicyTemplate (ContainerDeletionChoosingPolicyTemplate.java:chooseContainerForBlockDeletion(85)) - Chosen 0/5000 blocks from 0 candidate containers.
2023-08-28 09:32:32,124 [IPC Server handler 2 on default port 15055] INFO  net.NetworkTopologyImpl (NetworkTopologyImpl.java:add(112)) - Added a new node: /default-rack/8f24c139-1988-4882-b4c4-ff44179a1ed0
2023-08-28 09:32:32,125 [IPC Server handler 2 on default port 15055] INFO  node.SCMNodeManager (SCMNodeManager.java:register(405)) - Registered Data node : 8f24c139-1988-4882-b4c4-ff44179a1ed0{ip: 10.1.0.27, host: fv-az625-77.ififypym2nee5jib2gmjcfh3fc.bx.internal.cloudapp.net, ports: [HTTP=15062, CLIENT_RPC=15063, REPLICATION=15069, RATIS=15065, RATIS_ADMIN=15066, RATIS_SERVER=15067, RATIS_DATASTREAM=15068, STANDALONE=15064], networkLocation: /default-rack, certSerialId: null, persistedOpState: null, persistedOpStateExpiryEpochSec: 0}
2023-08-28 09:32:32,128 [EventQueue-NodeRegistrationContainerReportForDataNodeSafeModeRule] INFO  safemode.SCMSafeModeManager (DataNodeSafeModeRule.java:process(71)) - SCM in safe mode. 1 DataNodes registered, 3 required.
2023-08-28 09:32:32,132 [EventQueue-NewNodeForNewNodeHandler] INFO  pipeline.BackgroundPipelineCreator (BackgroundPipelineCreator.java:notifyEventTriggered(277)) - trigger a one-shot run on RatisPipelineUtilsThread.
2023-08-28 09:32:32,133 [RatisPipelineUtilsThread - 0] INFO  pipeline.RatisPipelineProvider (RatisPipelineProvider.java:lambda$create$0(206)) - Sending CreatePipelineCommand for pipeline:PipelineID=baec362b-a0dd-42de-bc70-b1b3fb8fd58a to datanode:8f24c139-1988-4882-b4c4-ff44179a1ed0
2023-08-28 09:32:32,133 [EventQueue-NodeRegistrationContainerReportForContainerSafeModeRule] INFO  safemode.SCMSafeModeManager (SCMSafeModeManager.java:validateSafeModeExitRules(200)) - ContainerSafeModeRule rule is successfully validated
2023-08-28 09:32:32,134 [RatisPipelineUtilsThread - 0] INFO  pipeline.BackgroundPipelineCreator (BackgroundPipelineCreator.java:createPipelines(233)) - Created new pipeline Pipeline[ Id: baec362b-a0dd-42de-bc70-b1b3fb8fd58a, Nodes: 8f24c139-1988-4882-b4c4-ff44179a1ed0(fv-az625-77.ififypym2nee5jib2gmjcfh3fc.bx.internal.cloudapp.net/10.1.0.27), ReplicationConfig: RATIS/ONE, State:ALLOCATED, leaderId:, CreationTimestamp2023-08-28T09:32:32.132Z[Etc/UTC]]
2023-08-28 09:32:32,136 [EventQueue-PipelineReportForOneReplicaPipelineSafeModeRule] INFO  safemode.SCMSafeModeManager (SCMSafeModeManager.java:validateSafeModeExitRules(200)) - AtleastOneDatanodeReportedRule rule is successfully validated
2023-08-28 09:32:32,354 [main] INFO  ozone.MiniOzoneClusterImpl (MiniOzoneClusterImpl.java:lambda$waitForClusterToBeReady$0(224)) - Waiting for nodes to be ready. Got 1 of 5 DN Heartbeats.
2023-08-28 09:32:32,354 [main] INFO  ozone.MiniOzoneClusterImpl (MiniOzoneClusterImpl.java:lambda$waitForClusterToBeReady$0(227)) - Waiting for cluster to exit safe mode
2023-08-28 09:32:32,354 [main] INFO  ozone.MiniOzoneClusterImpl (MiniOzoneClusterImpl.java:lambda$waitForClusterToBeReady$0(229)) - SCM became leader
2023-08-28 09:32:32,424 [IPC Server handler 3 on default port 15055] INFO  net.NetworkTopologyImpl (NetworkTopologyImpl.java:add(112)) - Added a new node: /default-rack/d600485d-b91b-41d8-8672-c913e6695d89
2023-08-28 09:32:32,424 [IPC Server handler 3 on default port 15055] INFO  node.SCMNodeManager (SCMNodeManager.java:register(405)) - Registered Data node : d600485d-b91b-41d8-8672-c913e6695d89{ip: 10.1.0.27, host: fv-az625-77.ififypym2nee5jib2gmjcfh3fc.bx.internal.cloudapp.net, ports: [HTTP=15071, CLIENT_RPC=15072, REPLICATION=15078, RATIS=15074, RATIS_ADMIN=15075, RATIS_SERVER=15076, RATIS_DATASTREAM=15077, STANDALONE=15073], networkLocation: /default-rack, certSerialId: null, persistedOpState: null, persistedOpStateExpiryEpochSec: 0}
2023-08-28 09:32:32,425 [EventQueue-NewNodeForNewNodeHandler] INFO  pipeline.BackgroundPipelineCreator (BackgroundPipelineCreator.java:notifyEventTriggered(277)) - trigger a one-shot run on RatisPipelineUtilsThread.
2023-08-28 09:32:32,425 [EventQueue-NodeRegistrationContainerReportForDataNodeSafeModeRule] INFO  safemode.SCMSafeModeManager (DataNodeSafeModeRule.java:process(71)) - SCM in safe mode. 2 DataNodes registered, 3 required.
2023-08-28 09:32:32,425 [RatisPipelineUtilsThread - 0] INFO  pipeline.RatisPipelineProvider (RatisPipelineProvider.java:lambda$create$0(206)) - Sending CreatePipelineCommand for pipeline:PipelineID=04a48b31-a7ac-4e92-aaa3-1c1955efbc5b to datanode:d600485d-b91b-41d8-8672-c913e6695d89
2023-08-28 09:32:32,426 [RatisPipelineUtilsThread - 0] INFO  pipeline.BackgroundPipelineCreator (BackgroundPipelineCreator.java:createPipelines(233)) - Created new pipeline Pipeline[ Id: 04a48b31-a7ac-4e92-aaa3-1c1955efbc5b, Nodes: d600485d-b91b-41d8-8672-c913e6695d89(fv-az625-77.ififypym2nee5jib2gmjcfh3fc.bx.internal.cloudapp.net/10.1.0.27), ReplicationConfig: RATIS/ONE, State:ALLOCATED, leaderId:, CreationTimestamp2023-08-28T09:32:32.425Z[Etc/UTC]]
2023-08-28 09:32:32,813 [IPC Server handler 4 on default port 15055] INFO  net.NetworkTopologyImpl (NetworkTopologyImpl.java:add(112)) - Added a new node: /default-rack/454ab8f7-ff05-436e-934f-07f2970d48f1
2023-08-28 09:32:32,813 [IPC Server handler 4 on default port 15055] INFO  node.SCMNodeManager (SCMNodeManager.java:register(405)) - Registered Data node : 454ab8f7-ff05-436e-934f-07f2970d48f1{ip: 10.1.0.27, host: fv-az625-77.ififypym2nee5jib2gmjcfh3fc.bx.internal.cloudapp.net, ports: [HTTP=15080, CLIENT_RPC=15081, REPLICATION=15087, RATIS=15083, RATIS_ADMIN=15084, RATIS_SERVER=15085, RATIS_DATASTREAM=15086, STANDALONE=15082], networkLocation: /default-rack, certSerialId: null, persistedOpState: null, persistedOpStateExpiryEpochSec: 0}
2023-08-28 09:32:32,814 [EventQueue-NewNodeForNewNodeHandler] INFO  pipeline.BackgroundPipelineCreator (BackgroundPipelineCreator.java:notifyEventTriggered(277)) - trigger a one-shot run on RatisPipelineUtilsThread.
2023-08-28 09:32:32,821 [EventQueue-NodeRegistrationContainerReportForDataNodeSafeModeRule] INFO  safemode.SCMSafeModeManager (DataNodeSafeModeRule.java:process(71)) - SCM in safe mode. 3 DataNodes registered, 3 required.
2023-08-28 09:32:32,821 [EventQueue-NodeRegistrationContainerReportForDataNodeSafeModeRule] INFO  safemode.SCMSafeModeManager (SCMSafeModeManager.java:validateSafeModeExitRules(200)) - DataNodeSafeModeRule rule is successfully validated
2023-08-28 09:32:32,821 [EventQueue-NodeRegistrationContainerReportForDataNodeSafeModeRule] INFO  safemode.SCMSafeModeManager (SCMSafeModeManager.java:completePreCheck(229)) - All SCM safe mode pre check rules have passed
2023-08-28 09:32:32,821 [EventQueue-NodeRegistrationContainerReportForDataNodeSafeModeRule] INFO  ha.SCMContext (SCMContext.java:updateSafeModeStatus(228)) - Update SafeModeStatus from SafeModeStatus{safeModeStatus=true, preCheckPassed=false} to SafeModeStatus{safeModeStatus=true, preCheckPassed=true}.
2023-08-28 09:32:32,821 [EventQueue-NodeRegistrationContainerReportForDataNodeSafeModeRule] INFO  pipeline.BackgroundPipelineCreator (BackgroundPipelineCreator.java:notifyEventTriggered(277)) - trigger a one-shot run on RatisPipelineUtilsThread.
2023-08-28 09:32:32,821 [RatisPipelineUtilsThread - 0] INFO  pipeline.RatisPipelineProvider (RatisPipelineProvider.java:lambda$create$0(206)) - Sending CreatePipelineCommand for pipeline:PipelineID=d628fb7c-c4cc-444b-8fc9-05a9f76b2b28 to datanode:454ab8f7-ff05-436e-934f-07f2970d48f1
2023-08-28 09:32:32,822 [RatisPipelineUtilsThread - 0] INFO  pipeline.BackgroundPipelineCreator (BackgroundPipelineCreator.java:createPipelines(233)) - Created new pipeline Pipeline[ Id: d628fb7c-c4cc-444b-8fc9-05a9f76b2b28, Nodes: 454ab8f7-ff05-436e-934f-07f2970d48f1(fv-az625-77.ififypym2nee5jib2gmjcfh3fc.bx.internal.cloudapp.net/10.1.0.27), ReplicationConfig: RATIS/ONE, State:ALLOCATED, leaderId:, CreationTimestamp2023-08-28T09:32:32.821Z[Etc/UTC]]
2023-08-28 09:32:32,822 [RatisPipelineUtilsThread - 0] INFO  pipeline.RatisPipelineProvider (RatisPipelineProvider.java:lambda$create$0(206)) - Sending CreatePipelineCommand for pipeline:PipelineID=2ba54fe9-2a0f-4ffc-bd67-ca876597277a to datanode:d600485d-b91b-41d8-8672-c913e6695d89
2023-08-28 09:32:32,822 [RatisPipelineUtilsThread - 0] INFO  pipeline.RatisPipelineProvider (RatisPipelineProvider.java:lambda$create$0(206)) - Sending CreatePipelineCommand for pipeline:PipelineID=2ba54fe9-2a0f-4ffc-bd67-ca876597277a to datanode:8f24c139-1988-4882-b4c4-ff44179a1ed0
2023-08-28 09:32:32,822 [RatisPipelineUtilsThread - 0] INFO  pipeline.RatisPipelineProvider (RatisPipelineProvider.java:lambda$create$0(206)) - Sending CreatePipelineCommand for pipeline:PipelineID=2ba54fe9-2a0f-4ffc-bd67-ca876597277a to datanode:454ab8f7-ff05-436e-934f-07f2970d48f1
2023-08-28 09:32:32,823 [RatisPipelineUtilsThread - 0] INFO  pipeline.BackgroundPipelineCreator (BackgroundPipelineCreator.java:createPipelines(233)) - Created new pipeline Pipeline[ Id: 2ba54fe9-2a0f-4ffc-bd67-ca876597277a, Nodes: d600485d-b91b-41d8-8672-c913e6695d89(fv-az625-77.ififypym2nee5jib2gmjcfh3fc.bx.internal.cloudapp.net/10.1.0.27)8f24c139-1988-4882-b4c4-ff44179a1ed0(fv-az625-77.ififypym2nee5jib2gmjcfh3fc.bx.internal.cloudapp.net/10.1.0.27)454ab8f7-ff05-436e-934f-07f2970d48f1(fv-az625-77.ififypym2nee5jib2gmjcfh3fc.bx.internal.cloudapp.net/10.1.0.27), ReplicationConfig: RATIS/THREE, State:ALLOCATED, leaderId:, CreationTimestamp2023-08-28T09:32:32.822Z[Etc/UTC]]
2023-08-28 09:32:32,823 [RatisPipelineUtilsThread - 0] INFO  pipeline.RatisPipelineProvider (RatisPipelineProvider.java:lambda$create$0(206)) - Sending CreatePipelineCommand for pipeline:PipelineID=d6801b57-a17d-4c13-a6e9-2a7bf07b114c to datanode:d600485d-b91b-41d8-8672-c913e6695d89
2023-08-28 09:32:32,823 [RatisPipelineUtilsThread - 0] INFO  pipeline.RatisPipelineProvider (RatisPipelineProvider.java:lambda$create$0(206)) - Sending CreatePipelineCommand for pipeline:PipelineID=d6801b57-a17d-4c13-a6e9-2a7bf07b114c to datanode:454ab8f7-ff05-436e-934f-07f2970d48f1
2023-08-28 09:32:32,823 [RatisPipelineUtilsThread - 0] INFO  pipeline.RatisPipelineProvider (RatisPipelineProvider.java:lambda$create$0(206)) - Sending CreatePipelineCommand for pipeline:PipelineID=d6801b57-a17d-4c13-a6e9-2a7bf07b114c to datanode:8f24c139-1988-4882-b4c4-ff44179a1ed0
2023-08-28 09:32:32,824 [RatisPipelineUtilsThread - 0] INFO  pipeline.PipelineManagerImpl (PipelineManagerImpl.java:recordMetricsForPipeline(914)) - Pipeline: PipelineID=d6801b57-a17d-4c13-a6e9-2a7bf07b114c contains same datanodes as previous pipelines: PipelineID=2ba54fe9-2a0f-4ffc-bd67-ca876597277a nodeIds: d600485d-b91b-41d8-8672-c913e6695d89, 454ab8f7-ff05-436e-934f-07f2970d48f1, 8f24c139-1988-4882-b4c4-ff44179a1ed0
2023-08-28 09:32:32,824 [RatisPipelineUtilsThread - 0] INFO  pipeline.BackgroundPipelineCreator (BackgroundPipelineCreator.java:createPipelines(233)) - Created new pipeline Pipeline[ Id: d6801b57-a17d-4c13-a6e9-2a7bf07b114c, Nodes: d600485d-b91b-41d8-8672-c913e6695d89(fv-az625-77.ififypym2nee5jib2gmjcfh3fc.bx.internal.cloudapp.net/10.1.0.27)454ab8f7-ff05-436e-934f-07f2970d48f1(fv-az625-77.ififypym2nee5jib2gmjcfh3fc.bx.internal.cloudapp.net/10.1.0.27)8f24c139-1988-4882-b4c4-ff44179a1ed0(fv-az625-77.ififypym2nee5jib2gmjcfh3fc.bx.internal.cloudapp.net/10.1.0.27), ReplicationConfig: RATIS/THREE, State:ALLOCATED, leaderId:, CreationTimestamp2023-08-28T09:32:32.823Z[Etc/UTC]]
2023-08-28 09:32:33,089 [IPC Server handler 0 on default port 15055] INFO  net.NetworkTopologyImpl (NetworkTopologyImpl.java:add(112)) - Added a new node: /default-rack/6fe57cde-2152-4119-ad90-dc528c983fae
2023-08-28 09:32:33,090 [IPC Server handler 0 on default port 15055] INFO  node.SCMNodeManager (SCMNodeManager.java:register(405)) - Registered Data node : 6fe57cde-2152-4119-ad90-dc528c983fae{ip: 10.1.0.27, host: fv-az625-77.ififypym2nee5jib2gmjcfh3fc.bx.internal.cloudapp.net, ports: [HTTP=15089, CLIENT_RPC=15090, REPLICATION=15096, RATIS=15092, RATIS_ADMIN=15093, RATIS_SERVER=15094, RATIS_DATASTREAM=15095, STANDALONE=15091], networkLocation: /default-rack, certSerialId: null, persistedOpState: null, persistedOpStateExpiryEpochSec: 0}
2023-08-28 09:32:33,090 [EventQueue-NewNodeForNewNodeHandler] INFO  pipeline.BackgroundPipelineCreator (BackgroundPipelineCreator.java:notifyEventTriggered(277)) - trigger a one-shot run on RatisPipelineUtilsThread.
2023-08-28 09:32:33,091 [RatisPipelineUtilsThread - 0] INFO  pipeline.RatisPipelineProvider (RatisPipelineProvider.java:lambda$create$0(206)) - Sending CreatePipelineCommand for pipeline:PipelineID=c0485380-7da8-4dd1-b9e3-091753458f2c to datanode:6fe57cde-2152-4119-ad90-dc528c983fae
2023-08-28 09:32:33,091 [RatisPipelineUtilsThread - 0] INFO  pipeline.BackgroundPipelineCreator (BackgroundPipelineCreator.java:createPipelines(233)) - Created new pipeline Pipeline[ Id: c0485380-7da8-4dd1-b9e3-091753458f2c, Nodes: 6fe57cde-2152-4119-ad90-dc528c983fae(fv-az625-77.ififypym2nee5jib2gmjcfh3fc.bx.internal.cloudapp.net/10.1.0.27), ReplicationConfig: RATIS/ONE, State:ALLOCATED, leaderId:, CreationTimestamp2023-08-28T09:32:33.091Z[Etc/UTC]]
2023-08-28 09:32:33,355 [main] INFO  ozone.MiniOzoneClusterImpl (MiniOzoneClusterImpl.java:lambda$waitForClusterToBeReady$0(224)) - Waiting for nodes to be ready. Got 4 of 5 DN Heartbeats.
2023-08-28 09:32:33,355 [main] INFO  ozone.MiniOzoneClusterImpl (MiniOzoneClusterImpl.java:lambda$waitForClusterToBeReady$0(227)) - Waiting for cluster to exit safe mode
2023-08-28 09:32:33,355 [main] INFO  ozone.MiniOzoneClusterImpl (MiniOzoneClusterImpl.java:lambda$waitForClusterToBeReady$0(229)) - SCM became leader
2023-08-28 09:32:33,357 [IPC Server handler 3 on default port 15055] INFO  net.NetworkTopologyImpl (NetworkTopologyImpl.java:add(112)) - Added a new node: /default-rack/8272f6d9-26a6-4075-a6fc-a782e633560b
2023-08-28 09:32:33,357 [IPC Server handler 3 on default port 15055] INFO  node.SCMNodeManager (SCMNodeManager.java:register(405)) - Registered Data node : 8272f6d9-26a6-4075-a6fc-a782e633560b{ip: 10.1.0.27, host: fv-az625-77.ififypym2nee5jib2gmjcfh3fc.bx.internal.cloudapp.net, ports: [HTTP=15098, CLIENT_RPC=15099, REPLICATION=15105, RATIS=15101, RATIS_ADMIN=15102, RATIS_SERVER=15103, RATIS_DATASTREAM=15104, STANDALONE=15100], networkLocation: /default-rack, certSerialId: null, persistedOpState: null, persistedOpStateExpiryEpochSec: 0}
2023-08-28 09:32:33,360 [EventQueue-NewNodeForNewNodeHandler] INFO  pipeline.BackgroundPipelineCreator (BackgroundPipelineCreator.java:notifyEventTriggered(277)) - trigger a one-shot run on RatisPipelineUtilsThread.
2023-08-28 09:32:33,361 [RatisPipelineUtilsThread - 0] INFO  pipeline.RatisPipelineProvider (RatisPipelineProvider.java:lambda$create$0(206)) - Sending CreatePipelineCommand for pipeline:PipelineID=4b1fa764-8346-4db1-8ff3-6179d16e3ea5 to datanode:8272f6d9-26a6-4075-a6fc-a782e633560b
2023-08-28 09:32:33,361 [RatisPipelineUtilsThread - 0] INFO  pipeline.BackgroundPipelineCreator (BackgroundPipelineCreator.java:createPipelines(233)) - Created new pipeline Pipeline[ Id: 4b1fa764-8346-4db1-8ff3-6179d16e3ea5, Nodes: 8272f6d9-26a6-4075-a6fc-a782e633560b(fv-az625-77.ififypym2nee5jib2gmjcfh3fc.bx.internal.cloudapp.net/10.1.0.27), ReplicationConfig: RATIS/ONE, State:ALLOCATED, leaderId:, CreationTimestamp2023-08-28T09:32:33.361Z[Etc/UTC]]
2023-08-28 09:32:34,355 [main] INFO  ozone.MiniOzoneClusterImpl (MiniOzoneClusterImpl.java:lambda$waitForClusterToBeReady$0(224)) - Nodes are ready. Got 5 of 5 DN Heartbeats.
2023-08-28 09:32:34,356 [main] INFO  ozone.MiniOzoneClusterImpl (MiniOzoneClusterImpl.java:lambda$waitForClusterToBeReady$0(227)) - Waiting for cluster to exit safe mode
2023-08-28 09:32:34,356 [main] INFO  ozone.MiniOzoneClusterImpl (MiniOzoneClusterImpl.java:lambda$waitForClusterToBeReady$0(229)) - SCM became leader
2023-08-28 09:32:35,125 [PipelineCommandHandlerThread-0] INFO  server.RaftServer (RaftServerProxy.java:addNew(98)) - 8f24c139-1988-4882-b4c4-ff44179a1ed0: addNew group-B1B3FB8FD58A:[8f24c139-1988-4882-b4c4-ff44179a1ed0|rpc:10.1.0.27:15067|admin:10.1.0.27:15066|client:10.1.0.27:15065|dataStream:10.1.0.27:15068|priority:1|startupRole:FOLLOWER] returns group-B1B3FB8FD58A:java.util.concurrent.CompletableFuture@6e56de99[Not completed]
2023-08-28 09:32:35,127 [8f24c139-1988-4882-b4c4-ff44179a1ed0-groupManagement] INFO  server.RaftServer$Division (RaftServerImpl.java:<init>(198)) - 8f24c139-1988-4882-b4c4-ff44179a1ed0: new RaftServerImpl for group-B1B3FB8FD58A:[8f24c139-1988-4882-b4c4-ff44179a1ed0|rpc:10.1.0.27:15067|admin:10.1.0.27:15066|client:10.1.0.27:15065|dataStream:10.1.0.27:15068|priority:1|startupRole:FOLLOWER] with ContainerStateMachine:uninitialized
2023-08-28 09:32:35,127 [8f24c139-1988-4882-b4c4-ff44179a1ed0-groupManagement] INFO  server.RaftServerConfigKeys (ConfUtils.java:logGet(46)) - raft.server.rpc.timeout.min = 5s (custom)
2023-08-28 09:32:35,127 [8f24c139-1988-4882-b4c4-ff44179a1ed0-groupManagement] INFO  server.RaftServerConfigKeys (ConfUtils.java:logGet(46)) - raft.server.rpc.timeout.max = 5200ms (custom)
2023-08-28 09:32:35,127 [8f24c139-1988-4882-b4c4-ff44179a1ed0-groupManagement] INFO  server.RaftServerConfigKeys (ConfUtils.java:logGet(46)) - raft.server.rpc.sleep.time = 25ms (default)
2023-08-28 09:32:35,127 [8f24c139-1988-4882-b4c4-ff44179a1ed0-groupManagement] INFO  server.RaftServerConfigKeys (ConfUtils.java:logGet(46)) - raft.server.rpc.slowness.timeout = 300s (custom)
2023-08-28 09:32:35,127 [8f24c139-1988-4882-b4c4-ff44179a1ed0-groupManagement] INFO  server.RaftServerConfigKeys (ConfUtils.java:logGet(46)) - raft.server.leaderelection.leader.step-down.wait-time = 10s (default)
2023-08-28 09:32:35,127 [8f24c139-1988-4882-b4c4-ff44179a1ed0-groupManagement] INFO  server.RaftServerConfigKeys (ConfUtils.java:logGet(46)) - raft.server.sleep.deviation.threshold = 300ms (default)
2023-08-28 09:32:35,127 [8f24c139-1988-4882-b4c4-ff44179a1ed0-groupManagement] INFO  server.RaftServer$Division (ServerState.java:<init>(120)) - 8f24c139-1988-4882-b4c4-ff44179a1ed0@group-B1B3FB8FD58A: ConfigurationManager, init=-1: peers:[8f24c139-1988-4882-b4c4-ff44179a1ed0|rpc:10.1.0.27:15067|admin:10.1.0.27:15066|client:10.1.0.27:15065|dataStream:10.1.0.27:15068|priority:1|startupRole:FOLLOWER]|listeners:[], old=null, confs=<EMPTY_MAP>
2023-08-28 09:32:35,127 [8f24c139-1988-4882-b4c4-ff44179a1ed0-groupManagement] INFO  server.RaftServerConfigKeys (ConfUtils.java:logGet(46)) - raft.server.storage.dir = [/home/runner/work/ozone/ozone/hadoop-ozone/integration-test/target/test-dir/MiniOzoneClusterImpl-67722190-891d-4afa-8cef-415625a2914e/datanode-0/data/ratis] (custom)
2023-08-28 09:32:35,127 [8f24c139-1988-4882-b4c4-ff44179a1ed0-groupManagement] INFO  server.RaftServerConfigKeys (ConfUtils.java:logGet(46)) - raft.server.log.corruption.policy = EXCEPTION (default)
2023-08-28 09:32:35,128 [8f24c139-1988-4882-b4c4-ff44179a1ed0-groupManagement] INFO  server.RaftServerConfigKeys (ConfUtils.java:logGet(46)) - raft.server.storage.free-space.min = 0MB (=0) (default)
2023-08-28 09:32:35,128 [8f24c139-1988-4882-b4c4-ff44179a1ed0-groupManagement] INFO  server.RaftServerConfigKeys (ConfUtils.java:logGet(46)) - raft.server.notification.no-leader.timeout = 300s (custom)
2023-08-28 09:32:35,128 [8f24c139-1988-4882-b4c4-ff44179a1ed0-groupManagement] INFO  server.RaftServerConfigKeys (ConfUtils.java:logGet(46)) - raft.server.read.timeout = 10s (default)
2023-08-28 09:32:35,129 [8f24c139-1988-4882-b4c4-ff44179a1ed0-groupManagement] INFO  server.RaftServerConfigKeys (ConfUtils.java:logGet(46)) - raft.server.retrycache.expirytime = 600000ms (custom)
2023-08-28 09:32:35,129 [8f24c139-1988-4882-b4c4-ff44179a1ed0-groupManagement] INFO  server.RaftServerConfigKeys (ConfUtils.java:logGet(46)) - raft.server.retrycache.statistics.expirytime = 100μs (default)
2023-08-28 09:32:35,129 [8f24c139-1988-4882-b4c4-ff44179a1ed0-groupManagement] INFO  server.RaftServerConfigKeys (ConfUtils.java:logGet(46)) - raft.server.read.option = DEFAULT (default)
2023-08-28 09:32:35,130 [8f24c139-1988-4882-b4c4-ff44179a1ed0-groupManagement] INFO  server.RaftServerConfigKeys (ConfUtils.java:logGet(46)) - raft.server.rpc.request.timeout = 60s (custom)
2023-08-28 09:32:35,130 [8f24c139-1988-4882-b4c4-ff44179a1ed0-groupManagement] INFO  server.RaftServerConfigKeys (ConfUtils.java:logGet(46)) - raft.server.log.appender.install.snapshot.enabled = false (custom)
2023-08-28 09:32:35,130 [8f24c139-1988-4882-b4c4-ff44179a1ed0-groupManagement] INFO  server.RaftServerConfigKeys (ConfUtils.java:logGet(46)) - raft.server.threadpool.server.cached = true (default)
2023-08-28 09:32:35,131 [8f24c139-1988-4882-b4c4-ff44179a1ed0-groupManagement] INFO  server.RaftServerConfigKeys (ConfUtils.java:logGet(46)) - raft.server.threadpool.server.size = 0 (default)
2023-08-28 09:32:35,131 [8f24c139-1988-4882-b4c4-ff44179a1ed0-groupManagement] INFO  server.RaftServerConfigKeys (ConfUtils.java:logGet(46)) - raft.server.threadpool.client.cached = true (default)
2023-08-28 09:32:35,131 [8f24c139-1988-4882-b4c4-ff44179a1ed0-groupManagement] INFO  server.RaftServerConfigKeys (ConfUtils.java:logGet(46)) - raft.server.threadpool.client.size = 0 (default)
2023-08-28 09:32:35,131 [8f24c139-1988-4882-b4c4-ff44179a1ed0-groupManagement] INFO  storage.RaftStorageDirectory (RaftStorageDirectoryImpl.java:analyzeStorage(137)) - The storage directory /home/runner/work/ozone/ozone/hadoop-ozone/integration-test/target/test-dir/MiniOzoneClusterImpl-67722190-891d-4afa-8cef-415625a2914e/datanode-0/data/ratis/baec362b-a0dd-42de-bc70-b1b3fb8fd58a does not exist. Creating ...
2023-08-28 09:32:35,132 [8f24c139-1988-4882-b4c4-ff44179a1ed0-groupManagement] INFO  storage.RaftStorageDirectory (RaftStorageDirectoryImpl.java:tryLock(231)) - Lock on /home/runner/work/ozone/ozone/hadoop-ozone/integration-test/target/test-dir/MiniOzoneClusterImpl-67722190-891d-4afa-8cef-415625a2914e/datanode-0/data/ratis/baec362b-a0dd-42de-bc70-b1b3fb8fd58a/in_use.lock acquired by nodename 61172@fv-az625-77
2023-08-28 09:32:35,135 [8f24c139-1988-4882-b4c4-ff44179a1ed0-groupManagement] INFO  storage.RaftStorage (RaftStorageImpl.java:format(96)) - Storage directory /home/runner/work/ozone/ozone/hadoop-ozone/integration-test/target/test-dir/MiniOzoneClusterImpl-67722190-891d-4afa-8cef-415625a2914e/datanode-0/data/ratis/baec362b-a0dd-42de-bc70-b1b3fb8fd58a has been successfully formatted.
2023-08-28 09:32:35,136 [8f24c139-1988-4882-b4c4-ff44179a1ed0-groupManagement] INFO  ratis.ContainerStateMachine (ContainerStateMachine.java:loadSnapshot(262)) - group-B1B3FB8FD58A: The snapshot info is null. Setting the last applied indexto:(t:0, i:~)
2023-08-28 09:32:35,136 [8f24c139-1988-4882-b4c4-ff44179a1ed0-groupManagement] INFO  server.RaftServerConfigKeys (ConfUtils.java:logGet(46)) - raft.server.log.use.memory = false (default)
2023-08-28 09:32:35,137 [8f24c139-1988-4882-b4c4-ff44179a1ed0-groupManagement] INFO  server.RaftServerConfigKeys (ConfUtils.java:logGet(46)) - raft.server.log.purge.gap = 1000000 (custom)
2023-08-28 09:32:35,137 [8f24c139-1988-4882-b4c4-ff44179a1ed0-groupManagement] INFO  server.RaftServerConfigKeys (ConfUtils.java:logGet(46)) - raft.server.log.appender.buffer.byte-limit = 33554432 (custom)
2023-08-28 09:32:35,137 [8f24c139-1988-4882-b4c4-ff44179a1ed0-groupManagement] INFO  server.RaftServerConfigKeys (ConfUtils.java:logGet(46)) - raft.server.log.statemachine.data.read.timeout = 1000ms (default)
2023-08-28 09:32:35,137 [8f24c139-1988-4882-b4c4-ff44179a1ed0-groupManagement] INFO  server.RaftServerConfigKeys (ConfUtils.java:logGet(46)) - raft.server.log.purge.preservation.log.num = 0 (default)
2023-08-28 09:32:35,138 [EventQueue-PipelineReportForPipelineReportHandler] INFO  pipeline.PipelineReportHandler (PipelineReportHandler.java:processPipelineReport(136)) - Opened pipeline PipelineID=baec362b-a0dd-42de-bc70-b1b3fb8fd58a
2023-08-28 09:32:35,141 [8f24c139-1988-4882-b4c4-ff44179a1ed0-groupManagement] INFO  server.RaftServerConfigKeys (ConfUtils.java:logGet(46)) - raft.server.log.segment.size.max = 1048576 (custom)
2023-08-28 09:32:35,141 [8f24c139-1988-4882-b4c4-ff44179a1ed0-groupManagement] INFO  server.RaftServerConfigKeys (ConfUtils.java:logGet(46)) - raft.server.log.segment.cache.num.max = 2 (custom)
2023-08-28 09:32:35,141 [8f24c139-1988-4882-b4c4-ff44179a1ed0-groupManagement] INFO  server.RaftServerConfigKeys (ConfUtils.java:logGet(46)) - raft.server.log.segment.cache.size.max = 200MB (=209715200) (default)
2023-08-28 09:32:35,141 [8f24c139-1988-4882-b4c4-ff44179a1ed0-groupManagement] INFO  server.RaftServerConfigKeys (ConfUtils.java:logGet(46)) - raft.server.log.appender.buffer.byte-limit = 33554432 (custom)
2023-08-28 09:32:35,142 [8f24c139-1988-4882-b4c4-ff44179a1ed0-groupManagement] INFO  segmented.SegmentedRaftLogWorker (SegmentedRaftLogWorker.java:<init>(188)) - new 8f24c139-1988-4882-b4c4-ff44179a1ed0@group-B1B3FB8FD58A-SegmentedRaftLogWorker for RaftStorageImpl:Storage Directory /home/runner/work/ozone/ozone/hadoop-ozone/integration-test/target/test-dir/MiniOzoneClusterImpl-67722190-891d-4afa-8cef-415625a2914e/datanode-0/data/ratis/baec362b-a0dd-42de-bc70-b1b3fb8fd58a
2023-08-28 09:32:35,142 [8f24c139-1988-4882-b4c4-ff44179a1ed0-groupManagement] INFO  server.RaftServerConfigKeys (ConfUtils.java:logGet(46)) - raft.server.log.queue.byte-limit = 4294967296 (custom)
2023-08-28 09:32:35,142 [8f24c139-1988-4882-b4c4-ff44179a1ed0-groupManagement] INFO  server.RaftServerConfigKeys (ConfUtils.java:logGet(46)) - raft.server.log.queue.element-limit = 1024 (custom)
2023-08-28 09:32:35,142 [8f24c139-1988-4882-b4c4-ff44179a1ed0-groupManagement] INFO  server.RaftServerConfigKeys (ConfUtils.java:logGet(46)) - raft.server.log.segment.size.max = 1048576 (custom)
2023-08-28 09:32:35,143 [8f24c139-1988-4882-b4c4-ff44179a1ed0-groupManagement] INFO  server.RaftServerConfigKeys (ConfUtils.java:logGet(46)) - raft.server.log.preallocated.size = 16384 (custom)
2023-08-28 09:32:35,143 [8f24c139-1988-4882-b4c4-ff44179a1ed0-groupManagement] INFO  server.RaftServerConfigKeys (ConfUtils.java:logGet(46)) - raft.server.log.force.sync.num = 128 (default)
2023-08-28 09:32:35,143 [8f24c139-1988-4882-b4c4-ff44179a1ed0-groupManagement] INFO  server.RaftServerConfigKeys (ConfUtils.java:logGet(46)) - raft.server.log.statemachine.data.sync = true (default)
2023-08-28 09:32:35,143 [8f24c139-1988-4882-b4c4-ff44179a1ed0-groupManagement] INFO  server.RaftServerConfigKeys (ConfUtils.java:logGet(46)) - raft.server.log.statemachine.data.sync.timeout = 10s (default)
2023-08-28 09:32:35,143 [8f24c139-1988-4882-b4c4-ff44179a1ed0-groupManagement] INFO  server.RaftServerConfigKeys (ConfUtils.java:logGet(46)) - raft.server.log.statemachine.data.sync.timeout.retry = -1 (default)
2023-08-28 09:32:35,143 [8f24c139-1988-4882-b4c4-ff44179a1ed0-groupManagement] INFO  server.RaftServerConfigKeys (ConfUtils.java:logGet(46)) - raft.server.log.write.buffer.size = 1048576 (custom)
2023-08-28 09:32:35,144 [8f24c139-1988-4882-b4c4-ff44179a1ed0-groupManagement] INFO  server.RaftServerConfigKeys (ConfUtils.java:logGet(46)) - raft.server.log.appender.buffer.byte-limit = 33554432 (custom)
2023-08-28 09:32:35,145 [EventQueue-OpenPipelineForHealthyPipelineSafeModeRule] INFO  safemode.SCMSafeModeManager (HealthyPipelineSafeModeRule.java:process(137)) - SCM in safe mode. Healthy pipelines reported count is 0, required healthy pipeline reported count is 1
2023-08-28 09:32:35,148 [8f24c139-1988-4882-b4c4-ff44179a1ed0-groupManagement] INFO  server.RaftServerConfigKeys (ConfUtils.java:logGet(46)) - raft.server.log.unsafe-flush.enabled = false (default)
2023-08-28 09:32:35,149 [8f24c139-1988-4882-b4c4-ff44179a1ed0-groupManagement] INFO  server.RaftServerConfigKeys (ConfUtils.java:logGet(46)) - raft.server.log.async-flush.enabled = false (default)
2023-08-28 09:32:35,149 [8f24c139-1988-4882-b4c4-ff44179a1ed0-groupManagement] INFO  server.RaftServerConfigKeys (ConfUtils.java:logGet(46)) - raft.server.log.statemachine.data.caching.enabled = true (custom)
2023-08-28 09:32:35,149 [8f24c139-1988-4882-b4c4-ff44179a1ed0-groupManagement] INFO  segmented.SegmentedRaftLogWorker (SegmentedRaftLogWorker.java:lambda$new$0(135)) - 8f24c139-1988-4882-b4c4-ff44179a1ed0@group-B1B3FB8FD58A-SegmentedRaftLogWorker: flushIndex: setUnconditionally 0 -> -1
2023-08-28 09:32:35,149 [8f24c139-1988-4882-b4c4-ff44179a1ed0-groupManagement] INFO  segmented.SegmentedRaftLogWorker (SegmentedRaftLogWorker.java:lambda$new$0(135)) - 8f24c139-1988-4882-b4c4-ff44179a1ed0@group-B1B3FB8FD58A-SegmentedRaftLogWorker: safeCacheEvictIndex: setUnconditionally 0 -> -1
2023-08-28 09:32:35,149 [8f24c139-1988-4882-b4c4-ff44179a1ed0-groupManagement] INFO  server.RaftServer$Division (RaftServerImpl.java:start(342)) - 8f24c139-1988-4882-b4c4-ff44179a1ed0@group-B1B3FB8FD58A: start as a follower, conf=-1: peers:[8f24c139-1988-4882-b4c4-ff44179a1ed0|rpc:10.1.0.27:15067|admin:10.1.0.27:15066|client:10.1.0.27:15065|dataStream:10.1.0.27:15068|priority:1|startupRole:FOLLOWER]|listeners:[], old=null
2023-08-28 09:32:35,149 [8f24c139-1988-4882-b4c4-ff44179a1ed0-groupManagement] INFO  server.RaftServer$Division (RaftServerImpl.java:setRole(329)) - 8f24c139-1988-4882-b4c4-ff44179a1ed0@group-B1B3FB8FD58A: changes role from      null to FOLLOWER at term 0 for startAsFollower
2023-08-28 09:32:35,149 [8f24c139-1988-4882-b4c4-ff44179a1ed0-groupManagement] INFO  impl.RoleInfo (RoleInfo.java:updateAndGet(139)) - 8f24c139-1988-4882-b4c4-ff44179a1ed0: start 8f24c139-1988-4882-b4c4-ff44179a1ed0@group-B1B3FB8FD58A-FollowerState
2023-08-28 09:32:35,154 [8f24c139-1988-4882-b4c4-ff44179a1ed0-groupManagement] INFO  util.JmxRegister (JmxRegister.java:tryRegister(44)) - Successfully registered JMX Bean with object name Ratis:service=RaftServer,group=group-B1B3FB8FD58A,id=8f24c139-1988-4882-b4c4-ff44179a1ed0
2023-08-28 09:32:35,154 [8f24c139-1988-4882-b4c4-ff44179a1ed0-groupManagement] INFO  server.RaftServerConfigKeys (ConfUtils.java:logGet(46)) - raft.server.snapshot.auto.trigger.enabled = true (custom)
2023-08-28 09:32:35,154 [8f24c139-1988-4882-b4c4-ff44179a1ed0-groupManagement] INFO  server.RaftServerConfigKeys (ConfUtils.java:logGet(46)) - raft.server.snapshot.auto.trigger.threshold = 10000 (custom)
2023-08-28 09:32:35,154 [8f24c139-1988-4882-b4c4-ff44179a1ed0-groupManagement] INFO  server.RaftServerConfigKeys (ConfUtils.java:logGet(46)) - raft.server.snapshot.retention.file.num = 5 (custom)
2023-08-28 09:32:35,154 [8f24c139-1988-4882-b4c4-ff44179a1ed0-groupManagement] INFO  server.RaftServerConfigKeys (ConfUtils.java:logGet(46)) - raft.server.log.purge.upto.snapshot.index = false (default)
2023-08-28 09:32:35,157 [8f24c139-1988-4882-b4c4-ff44179a1ed0@group-B1B3FB8FD58A-FollowerState] INFO  server.RaftServerConfigKeys (ConfUtils.java:logFallback(53)) - raft.server.rpc.first-election.timeout.min = 5s (fallback to raft.server.rpc.timeout.min)
2023-08-28 09:32:35,157 [8f24c139-1988-4882-b4c4-ff44179a1ed0@group-B1B3FB8FD58A-FollowerState] INFO  server.RaftServerConfigKeys (ConfUtils.java:logFallback(53)) - raft.server.rpc.first-election.timeout.max = 5200ms (fallback to raft.server.rpc.timeout.max)
2023-08-28 09:32:35,159 [PipelineCommandHandlerThread-0] INFO  ratis.XceiverServerRatis (XceiverServerRatis.java:addGroup(804)) - Created group PipelineID=baec362b-a0dd-42de-bc70-b1b3fb8fd58a
2023-08-28 09:32:35,160 [PipelineCommandHandlerThread-0] INFO  commandhandler.CreatePipelineCommandHandler (CreatePipelineCommandHandler.java:lambda$handle$2(124)) - Created Pipeline RATIS ONE PipelineID=baec362b-a0dd-42de-bc70-b1b3fb8fd58a.
2023-08-28 09:32:35,160 [PipelineCommandHandlerThread-0] INFO  server.RaftServer (RaftServerProxy.java:addNew(98)) - 8f24c139-1988-4882-b4c4-ff44179a1ed0: addNew group-CA876597277A:[d600485d-b91b-41d8-8672-c913e6695d89|rpc:10.1.0.27:15076|admin:10.1.0.27:15075|client:10.1.0.27:15074|dataStream:10.1.0.27:15077|priority:0|startupRole:FOLLOWER, 8f24c139-1988-4882-b4c4-ff44179a1ed0|rpc:10.1.0.27:15067|admin:10.1.0.27:15066|client:10.1.0.27:15065|dataStream:10.1.0.27:15068|priority:0|startupRole:FOLLOWER, 454ab8f7-ff05-436e-934f-07f2970d48f1|rpc:10.1.0.27:15085|admin:10.1.0.27:15084|client:10.1.0.27:15083|dataStream:10.1.0.27:15086|priority:1|startupRole:FOLLOWER] returns group-CA876597277A:java.util.concurrent.CompletableFuture@6a69478b[Not completed]
2023-08-28 09:32:35,161 [8f24c139-1988-4882-b4c4-ff44179a1ed0-groupManagement] INFO  server.RaftServer$Division (RaftServerImpl.java:<init>(198)) - 8f24c139-1988-4882-b4c4-ff44179a1ed0: new RaftServerImpl for group-CA876597277A:[d600485d-b91b-41d8-8672-c913e6695d89|rpc:10.1.0.27:15076|admin:10.1.0.27:15075|client:10.1.0.27:15074|dataStream:10.1.0.27:15077|priority:0|startupRole:FOLLOWER, 8f24c139-1988-4882-b4c4-ff44179a1ed0|rpc:10.1.0.27:15067|admin:10.1.0.27:15066|client:10.1.0.27:15065|dataStream:10.1.0.27:15068|priority:0|startupRole:FOLLOWER, 454ab8f7-ff05-436e-934f-07f2970d48f1|rpc:10.1.0.27:15085|admin:10.1.0.27:15084|client:10.1.0.27:15083|dataStream:10.1.0.27:15086|priority:1|startupRole:FOLLOWER] with ContainerStateMachine:uninitialized
2023-08-28 09:32:35,161 [8f24c139-1988-4882-b4c4-ff44179a1ed0-groupManagement] INFO  server.RaftServerConfigKeys (ConfUtils.java:logGet(46)) - raft.server.rpc.timeout.min = 5s (custom)
2023-08-28 09:32:35,161 [8f24c139-1988-4882-b4c4-ff44179a1ed0-groupManagement] INFO  server.RaftServerConfigKeys (ConfUtils.java:logGet(46)) - raft.server.rpc.timeout.max = 5200ms (custom)
2023-08-28 09:32:35,161 [8f24c139-1988-4882-b4c4-ff44179a1ed0-groupManagement] INFO  server.RaftServerConfigKeys (ConfUtils.java:logGet(46)) - raft.server.rpc.sleep.time = 25ms (default)
2023-08-28 09:32:35,161 [8f24c139-1988-4882-b4c4-ff44179a1ed0-groupManagement] INFO  server.RaftServerConfigKeys (ConfUtils.java:logGet(46)) - raft.server.rpc.slowness.timeout = 300s (custom)
2023-08-28 09:32:35,161 [8f24c139-1988-4882-b4c4-ff44179a1ed0-groupManagement] INFO  server.RaftServerConfigKeys (ConfUtils.java:logGet(46)) - raft.server.leaderelection.leader.step-down.wait-time = 10s (default)
2023-08-28 09:32:35,161 [8f24c139-1988-4882-b4c4-ff44179a1ed0-groupManagement] INFO  server.RaftServerConfigKeys (ConfUtils.java:logGet(46)) - raft.server.sleep.deviation.threshold = 300ms (default)
2023-08-28 09:32:35,161 [8f24c139-1988-4882-b4c4-ff44179a1ed0-groupManagement] INFO  server.RaftServer$Division (ServerState.java:<init>(120)) - 8f24c139-1988-4882-b4c4-ff44179a1ed0@group-CA876597277A: ConfigurationManager, init=-1: peers:[d600485d-b91b-41d8-8672-c913e6695d89|rpc:10.1.0.27:15076|admin:10.1.0.27:15075|client:10.1.0.27:15074|dataStream:10.1.0.27:15077|priority:0|startupRole:FOLLOWER, 8f24c139-1988-4882-b4c4-ff44179a1ed0|rpc:10.1.0.27:15067|admin:10.1.0.27:15066|client:10.1.0.27:15065|dataStream:10.1.0.27:15068|priority:0|startupRole:FOLLOWER, 454ab8f7-ff05-436e-934f-07f2970d48f1|rpc:10.1.0.27:15085|admin:10.1.0.27:15084|client:10.1.0.27:15083|dataStream:10.1.0.27:15086|priority:1|startupRole:FOLLOWER]|listeners:[], old=null, confs=<EMPTY_MAP>
2023-08-28 09:32:35,161 [8f24c139-1988-4882-b4c4-ff44179a1ed0-groupManagement] INFO  server.RaftServerConfigKeys (ConfUtils.java:logGet(46)) - raft.server.storage.dir = [/home/runner/work/ozone/ozone/hadoop-ozone/integration-test/target/test-dir/MiniOzoneClusterImpl-67722190-891d-4afa-8cef-415625a2914e/datanode-0/data/ratis] (custom)
2023-08-28 09:32:35,162 [8f24c139-1988-4882-b4c4-ff44179a1ed0-groupManagement] INFO  server.RaftServerConfigKeys (ConfUtils.java:logGet(46)) - raft.server.log.corruption.policy = EXCEPTION (default)
2023-08-28 09:32:35,162 [8f24c139-1988-4882-b4c4-ff44179a1ed0-groupManagement] INFO  server.RaftServerConfigKeys (ConfUtils.java:logGet(46)) - raft.server.storage.free-space.min = 0MB (=0) (default)
2023-08-28 09:32:35,162 [8f24c139-1988-4882-b4c4-ff44179a1ed0-groupManagement] INFO  server.RaftServerConfigKeys (ConfUtils.java:logGet(46)) - raft.server.notification.no-leader.timeout = 300s (custom)
2023-08-28 09:32:35,162 [8f24c139-1988-4882-b4c4-ff44179a1ed0-groupManagement] INFO  server.RaftServerConfigKeys (ConfUtils.java:logGet(46)) - raft.server.read.timeout = 10s (default)
2023-08-28 09:32:35,162 [8f24c139-1988-4882-b4c4-ff44179a1ed0-groupManagement] INFO  server.RaftServerConfigKeys (ConfUtils.java:logGet(46)) - raft.server.retrycache.expirytime = 600000ms (custom)
2023-08-28 09:32:35,162 [8f24c139-1988-4882-b4c4-ff44179a1ed0-groupManagement] INFO  server.RaftServerConfigKeys (ConfUtils.java:logGet(46)) - raft.server.retrycache.statistics.expirytime = 100μs (default)
2023-08-28 09:32:35,162 [8f24c139-1988-4882-b4c4-ff44179a1ed0-groupManagement] INFO  server.RaftServerConfigKeys (ConfUtils.java:logGet(46)) - raft.server.read.option = DEFAULT (default)
2023-08-28 09:32:35,163 [8f24c139-1988-4882-b4c4-ff44179a1ed0-groupManagement] INFO  server.RaftServerConfigKeys (ConfUtils.java:logGet(46)) - raft.server.rpc.request.timeout = 60s (custom)
2023-08-28 09:32:35,163 [8f24c139-1988-4882-b4c4-ff44179a1ed0-groupManagement] INFO  server.RaftServerConfigKeys (ConfUtils.java:logGet(46)) - raft.server.log.appender.install.snapshot.enabled = false (custom)
2023-08-28 09:32:35,163 [8f24c139-1988-4882-b4c4-ff44179a1ed0-groupManagement] INFO  server.RaftServerConfigKeys (ConfUtils.java:logGet(46)) - raft.server.threadpool.server.cached = true (default)
2023-08-28 09:32:35,163 [8f24c139-1988-4882-b4c4-ff44179a1ed0-groupManagement] INFO  server.RaftServerConfigKeys (ConfUtils.java:logGet(46)) - raft.server.threadpool.server.size = 0 (default)
2023-08-28 09:32:35,163 [8f24c139-1988-4882-b4c4-ff44179a1ed0-groupManagement] INFO  server.RaftServerConfigKeys (ConfUtils.java:logGet(46)) - raft.server.threadpool.client.cached = true (default)
2023-08-28 09:32:35,163 [8f24c139-1988-4882-b4c4-ff44179a1ed0-groupManagement] INFO  server.RaftServerConfigKeys (ConfUtils.java:logGet(46)) - raft.server.threadpool.client.size = 0 (default)
2023-08-28 09:32:35,163 [8f24c139-1988-4882-b4c4-ff44179a1ed0-groupManagement] INFO  storage.RaftStorageDirectory (RaftStorageDirectoryImpl.java:analyzeStorage(137)) - The storage directory /home/runner/work/ozone/ozone/hadoop-ozone/integration-test/target/test-dir/MiniOzoneClusterImpl-67722190-891d-4afa-8cef-415625a2914e/datanode-0/data/ratis/2ba54fe9-2a0f-4ffc-bd67-ca876597277a does not exist. Creating ...
2023-08-28 09:32:35,165 [8f24c139-1988-4882-b4c4-ff44179a1ed0-groupManagement] INFO  storage.RaftStorageDirectory (RaftStorageDirectoryImpl.java:tryLock(231)) - Lock on /home/runner/work/ozone/ozone/hadoop-ozone/integration-test/target/test-dir/MiniOzoneClusterImpl-67722190-891d-4afa-8cef-415625a2914e/datanode-0/data/ratis/2ba54fe9-2a0f-4ffc-bd67-ca876597277a/in_use.lock acquired by nodename 61172@fv-az625-77
2023-08-28 09:32:35,166 [8f24c139-1988-4882-b4c4-ff44179a1ed0-groupManagement] INFO  storage.RaftStorage (RaftStorageImpl.java:format(96)) - Storage directory /home/runner/work/ozone/ozone/hadoop-ozone/integration-test/target/test-dir/MiniOzoneClusterImpl-67722190-891d-4afa-8cef-415625a2914e/datanode-0/data/ratis/2ba54fe9-2a0f-4ffc-bd67-ca876597277a has been successfully formatted.
2023-08-28 09:32:35,166 [8f24c139-1988-4882-b4c4-ff44179a1ed0-groupManagement] INFO  ratis.ContainerStateMachine (ContainerStateMachine.java:loadSnapshot(262)) - group-CA876597277A: The snapshot info is null. Setting the last applied indexto:(t:0, i:~)
2023-08-28 09:32:35,166 [8f24c139-1988-4882-b4c4-ff44179a1ed0-groupManagement] INFO  server.RaftServerConfigKeys (ConfUtils.java:logGet(46)) - raft.server.log.use.memory = false (default)
2023-08-28 09:32:35,166 [8f24c139-1988-4882-b4c4-ff44179a1ed0-groupManagement] INFO  server.RaftServerConfigKeys (ConfUtils.java:logGet(46)) - raft.server.log.purge.gap = 1000000 (custom)
2023-08-28 09:32:35,167 [8f24c139-1988-4882-b4c4-ff44179a1ed0-groupManagement] INFO  server.RaftServerConfigKeys (ConfUtils.java:logGet(46)) - raft.server.log.appender.buffer.byte-limit = 33554432 (custom)
2023-08-28 09:32:35,167 [EventQueue-OpenPipelineForHealthyPipelineSafeModeRule] INFO  safemode.SCMSafeModeManager (HealthyPipelineSafeModeRule.java:process(137)) - SCM in safe mode. Healthy pipelines reported count is 0, required healthy pipeline reported count is 1
2023-08-28 09:32:35,167 [8f24c139-1988-4882-b4c4-ff44179a1ed0-groupManagement] INFO  server.RaftServerConfigKeys (ConfUtils.java:logGet(46)) - raft.server.log.statemachine.data.read.timeout = 1000ms (default)
2023-08-28 09:32:35,167 [8f24c139-1988-4882-b4c4-ff44179a1ed0-groupManagement] INFO  server.RaftServerConfigKeys (ConfUtils.java:logGet(46)) - raft.server.log.purge.preservation.log.num = 0 (default)
2023-08-28 09:32:35,167 [8f24c139-1988-4882-b4c4-ff44179a1ed0-groupManagement] INFO  server.RaftServerConfigKeys (ConfUtils.java:logGet(46)) - raft.server.log.segment.size.max = 1048576 (custom)
2023-08-28 09:32:35,168 [8f24c139-1988-4882-b4c4-ff44179a1ed0-groupManagement] INFO  server.RaftServerConfigKeys (ConfUtils.java:logGet(46)) - raft.server.log.segment.cache.num.max = 2 (custom)
2023-08-28 09:32:35,168 [8f24c139-1988-4882-b4c4-ff44179a1ed0-groupManagement] INFO  server.RaftServerConfigKeys (ConfUtils.java:logGet(46)) - raft.server.log.segment.cache.size.max = 200MB (=209715200) (default)
2023-08-28 09:32:35,168 [8f24c139-1988-4882-b4c4-ff44179a1ed0-groupManagement] INFO  server.RaftServerConfigKeys (ConfUtils.java:logGet(46)) - raft.server.log.appender.buffer.byte-limit = 33554432 (custom)
2023-08-28 09:32:35,168 [8f24c139-1988-4882-b4c4-ff44179a1ed0-groupManagement] INFO  segmented.SegmentedRaftLogWorker (SegmentedRaftLogWorker.java:<init>(188)) - new 8f24c139-1988-4882-b4c4-ff44179a1ed0@group-CA876597277A-SegmentedRaftLogWorker for RaftStorageImpl:Storage Directory /home/runner/work/ozone/ozone/hadoop-ozone/integration-test/target/test-dir/MiniOzoneClusterImpl-67722190-891d-4afa-8cef-415625a2914e/datanode-0/data/ratis/2ba54fe9-2a0f-4ffc-bd67-ca876597277a
2023-08-28 09:32:35,168 [8f24c139-1988-4882-b4c4-ff44179a1ed0-groupManagement] INFO  server.RaftServerConfigKeys (ConfUtils.java:logGet(46)) - raft.server.log.queue.byte-limit = 4294967296 (custom)
2023-08-28 09:32:35,168 [8f24c139-1988-4882-b4c4-ff44179a1ed0-groupManagement] INFO  server.RaftServerConfigKeys (ConfUtils.java:logGet(46)) - raft.server.log.queue.element-limit = 1024 (custom)
2023-08-28 09:32:35,168 [8f24c139-1988-4882-b4c4-ff44179a1ed0-groupManagement] INFO  server.RaftServerConfigKeys (ConfUtils.java:logGet(46)) - raft.server.log.segment.size.max = 1048576 (custom)
2023-08-28 09:32:35,168 [8f24c139-1988-4882-b4c4-ff44179a1ed0-groupManagement] INFO  server.RaftServerConfigKeys (ConfUtils.java:logGet(46)) - raft.server.log.preallocated.size = 16384 (custom)
2023-08-28 09:32:35,168 [8f24c139-1988-4882-b4c4-ff44179a1ed0-groupManagement] INFO  server.RaftServerConfigKeys (ConfUtils.java:logGet(46)) - raft.server.log.force.sync.num = 128 (default)
2023-08-28 09:32:35,168 [8f24c139-1988-4882-b4c4-ff44179a1ed0-groupManagement] INFO  server.RaftServerConfigKeys (ConfUtils.java:logGet(46)) - raft.server.log.statemachine.data.sync = true (default)
2023-08-28 09:32:35,168 [8f24c139-1988-4882-b4c4-ff44179a1ed0-groupManagement] INFO  server.RaftServerConfigKeys (ConfUtils.java:logGet(46)) - raft.server.log.statemachine.data.sync.timeout = 10s (default)
2023-08-28 09:32:35,168 [8f24c139-1988-4882-b4c4-ff44179a1ed0-groupManagement] INFO  server.RaftServerConfigKeys (ConfUtils.java:logGet(46)) - raft.server.log.statemachine.data.sync.timeout.retry = -1 (default)
2023-08-28 09:32:35,169 [8f24c139-1988-4882-b4c4-ff44179a1ed0-groupManagement] INFO  server.RaftServerConfigKeys (ConfUtils.java:logGet(46)) - raft.server.log.write.buffer.size = 1048576 (custom)
2023-08-28 09:32:35,169 [8f24c139-1988-4882-b4c4-ff44179a1ed0-groupManagement] INFO  server.RaftServerConfigKeys (ConfUtils.java:logGet(46)) - raft.server.log.appender.buffer.byte-limit = 33554432 (custom)
2023-08-28 09:32:35,174 [8f24c139-1988-4882-b4c4-ff44179a1ed0-groupManagement] INFO  server.RaftServerConfigKeys (ConfUtils.java:logGet(46)) - raft.server.log.unsafe-flush.enabled = false (default)
2023-08-28 09:32:35,174 [8f24c139-1988-4882-b4c4-ff44179a1ed0-groupManagement] INFO  server.RaftServerConfigKeys (ConfUtils.java:logGet(46)) - raft.server.log.async-flush.enabled = false (default)
2023-08-28 09:32:35,174 [8f24c139-1988-4882-b4c4-ff44179a1ed0-groupManagement] INFO  server.RaftServerConfigKeys (ConfUtils.java:logGet(46)) - raft.server.log.statemachine.data.caching.enabled = true (custom)
2023-08-28 09:32:35,174 [8f24c139-1988-4882-b4c4-ff44179a1ed0-groupManagement] INFO  segmented.SegmentedRaftLogWorker (SegmentedRaftLogWorker.java:lambda$new$0(135)) - 8f24c139-1988-4882-b4c4-ff44179a1ed0@group-CA876597277A-SegmentedRaftLogWorker: flushIndex: setUnconditionally 0 -> -1
2023-08-28 09:32:35,174 [8f24c139-1988-4882-b4c4-ff44179a1ed0-groupManagement] INFO  segmented.SegmentedRaftLogWorker (SegmentedRaftLogWorker.java:lambda$new$0(135)) - 8f24c139-1988-4882-b4c4-ff44179a1ed0@group-CA876597277A-SegmentedRaftLogWorker: safeCacheEvictIndex: setUnconditionally 0 -> -1
2023-08-28 09:32:35,175 [8f24c139-1988-4882-b4c4-ff44179a1ed0-groupManagement] INFO  server.RaftServer$Division (RaftServerImpl.java:start(342)) - 8f24c139-1988-4882-b4c4-ff44179a1ed0@group-CA876597277A: start as a follower, conf=-1: peers:[d600485d-b91b-41d8-8672-c913e6695d89|rpc:10.1.0.27:15076|admin:10.1.0.27:15075|client:10.1.0.27:15074|dataStream:10.1.0.27:15077|priority:0|startupRole:FOLLOWER, 8f24c139-1988-4882-b4c4-ff44179a1ed0|rpc:10.1.0.27:15067|admin:10.1.0.27:15066|client:10.1.0.27:15065|dataStream:10.1.0.27:15068|priority:0|startupRole:FOLLOWER, 454ab8f7-ff05-436e-934f-07f2970d48f1|rpc:10.1.0.27:15085|admin:10.1.0.27:15084|client:10.1.0.27:15083|dataStream:10.1.0.27:15086|priority:1|startupRole:FOLLOWER]|listeners:[], old=null
2023-08-28 09:32:35,175 [8f24c139-1988-4882-b4c4-ff44179a1ed0-groupManagement] INFO  server.RaftServer$Division (RaftServerImpl.java:setRole(329)) - 8f24c139-1988-4882-b4c4-ff44179a1ed0@group-CA876597277A: changes role from      null to FOLLOWER at term 0 for startAsFollower
2023-08-28 09:32:35,175 [8f24c139-1988-4882-b4c4-ff44179a1ed0-groupManagement] INFO  impl.RoleInfo (RoleInfo.java:updateAndGet(139)) - 8f24c139-1988-4882-b4c4-ff44179a1ed0: start 8f24c139-1988-4882-b4c4-ff44179a1ed0@group-CA876597277A-FollowerState
2023-08-28 09:32:35,176 [8f24c139-1988-4882-b4c4-ff44179a1ed0-groupManagement] INFO  util.JmxRegister (JmxRegister.java:tryRegister(44)) - Successfully registered JMX Bean with object name Ratis:service=RaftServer,group=group-CA876597277A,id=8f24c139-1988-4882-b4c4-ff44179a1ed0
2023-08-28 09:32:35,176 [8f24c139-1988-4882-b4c4-ff44179a1ed0-groupManagement] INFO  server.RaftServerConfigKeys (ConfUtils.java:logGet(46)) - raft.server.snapshot.auto.trigger.enabled = true (custom)
2023-08-28 09:32:35,176 [8f24c139-1988-4882-b4c4-ff44179a1ed0-groupManagement] INFO  server.RaftServerConfigKeys (ConfUtils.java:logGet(46)) - raft.server.snapshot.auto.trigger.threshold = 10000 (custom)
2023-08-28 09:32:35,176 [8f24c139-1988-4882-b4c4-ff44179a1ed0-groupManagement] INFO  server.RaftServerConfigKeys (ConfUtils.java:logGet(46)) - raft.server.snapshot.retention.file.num = 5 (custom)
2023-08-28 09:32:35,176 [8f24c139-1988-4882-b4c4-ff44179a1ed0-groupManagement] INFO  server.RaftServerConfigKeys (ConfUtils.java:logGet(46)) - raft.server.log.purge.upto.snapshot.index = false (default)
2023-08-28 09:32:35,177 [8f24c139-1988-4882-b4c4-ff44179a1ed0@group-CA876597277A-FollowerState] INFO  server.RaftServerConfigKeys (ConfUtils.java:logFallback(53)) - raft.server.rpc.first-election.timeout.min = 5s (fallback to raft.server.rpc.timeout.min)
2023-08-28 09:32:35,177 [8f24c139-1988-4882-b4c4-ff44179a1ed0@group-CA876597277A-FollowerState] INFO  server.RaftServerConfigKeys (ConfUtils.java:logFallback(53)) - raft.server.rpc.first-election.timeout.max = 5200ms (fallback to raft.server.rpc.timeout.max)
2023-08-28 09:32:35,179 [PipelineCommandHandlerThread-0] INFO  ratis.XceiverServerRatis (XceiverServerRatis.java:addGroup(804)) - Created group PipelineID=2ba54fe9-2a0f-4ffc-bd67-ca876597277a
2023-08-28 09:32:35,198 [grpc-default-executor-0] INFO  server.RaftServer (RaftServerProxy.java:addNew(98)) - d600485d-b91b-41d8-8672-c913e6695d89: addNew group-CA876597277A:[d600485d-b91b-41d8-8672-c913e6695d89|rpc:10.1.0.27:15076|admin:10.1.0.27:15075|client:10.1.0.27:15074|dataStream:10.1.0.27:15077|priority:0|startupRole:FOLLOWER, 8f24c139-1988-4882-b4c4-ff44179a1ed0|rpc:10.1.0.27:15067|admin:10.1.0.27:15066|client:10.1.0.27:15065|dataStream:10.1.0.27:15068|priority:0|startupRole:FOLLOWER, 454ab8f7-ff05-436e-934f-07f2970d48f1|rpc:10.1.0.27:15085|admin:10.1.0.27:15084|client:10.1.0.27:15083|dataStream:10.1.0.27:15086|priority:1|startupRole:FOLLOWER] returns group-CA876597277A:java.util.concurrent.CompletableFuture@74566dca[Not completed]
2023-08-28 09:32:35,200 [d600485d-b91b-41d8-8672-c913e6695d89-groupManagement] INFO  server.RaftServer$Division (RaftServerImpl.java:<init>(198)) - d600485d-b91b-41d8-8672-c913e6695d89: new RaftServerImpl for group-CA876597277A:[d600485d-b91b-41d8-8672-c913e6695d89|rpc:10.1.0.27:15076|admin:10.1.0.27:15075|client:10.1.0.27:15074|dataStream:10.1.0.27:15077|priority:0|startupRole:FOLLOWER, 8f24c139-1988-4882-b4c4-ff44179a1ed0|rpc:10.1.0.27:15067|admin:10.1.0.27:15066|client:10.1.0.27:15065|dataStream:10.1.0.27:15068|priority:0|startupRole:FOLLOWER, 454ab8f7-ff05-436e-934f-07f2970d48f1|rpc:10.1.0.27:15085|admin:10.1.0.27:15084|client:10.1.0.27:15083|dataStream:10.1.0.27:15086|priority:1|startupRole:FOLLOWER] with ContainerStateMachine:uninitialized
2023-08-28 09:32:35,200 [d600485d-b91b-41d8-8672-c913e6695d89-groupManagement] INFO  server.RaftServerConfigKeys (ConfUtils.java:logGet(46)) - raft.server.rpc.timeout.min = 5s (custom)
2023-08-28 09:32:35,200 [d600485d-b91b-41d8-8672-c913e6695d89-groupManagement] INFO  server.RaftServerConfigKeys (ConfUtils.java:logGet(46)) - raft.server.rpc.timeout.max = 5200ms (custom)
2023-08-28 09:32:35,200 [d600485d-b91b-41d8-8672-c913e6695d89-groupManagement] INFO  server.RaftServerConfigKeys (ConfUtils.java:logGet(46)) - raft.server.rpc.sleep.time = 25ms (default)
2023-08-28 09:32:35,200 [d600485d-b91b-41d8-8672-c913e6695d89-groupManagement] INFO  server.RaftServerConfigKeys (ConfUtils.java:logGet(46)) - raft.server.rpc.slowness.timeout = 300s (custom)
2023-08-28 09:32:35,200 [d600485d-b91b-41d8-8672-c913e6695d89-groupManagement] INFO  server.RaftServerConfigKeys (ConfUtils.java:logGet(46)) - raft.server.leaderelection.leader.step-down.wait-time = 10s (default)
2023-08-28 09:32:35,200 [d600485d-b91b-41d8-8672-c913e6695d89-groupManagement] INFO  server.RaftServerConfigKeys (ConfUtils.java:logGet(46)) - raft.server.sleep.deviation.threshold = 300ms (default)
2023-08-28 09:32:35,200 [d600485d-b91b-41d8-8672-c913e6695d89-groupManagement] INFO  server.RaftServer$Division (ServerState.java:<init>(120)) - d600485d-b91b-41d8-8672-c913e6695d89@group-CA876597277A: ConfigurationManager, init=-1: peers:[d600485d-b91b-41d8-8672-c913e6695d89|rpc:10.1.0.27:15076|admin:10.1.0.27:15075|client:10.1.0.27:15074|dataStream:10.1.0.27:15077|priority:0|startupRole:FOLLOWER, 8f24c139-1988-4882-b4c4-ff44179a1ed0|rpc:10.1.0.27:15067|admin:10.1.0.27:15066|client:10.1.0.27:15065|dataStream:10.1.0.27:15068|priority:0|startupRole:FOLLOWER, 454ab8f7-ff05-436e-934f-07f2970d48f1|rpc:10.1.0.27:15085|admin:10.1.0.27:15084|client:10.1.0.27:15083|dataStream:10.1.0.27:15086|priority:1|startupRole:FOLLOWER]|listeners:[], old=null, confs=<EMPTY_MAP>
2023-08-28 09:32:35,200 [d600485d-b91b-41d8-8672-c913e6695d89-groupManagement] INFO  server.RaftServerConfigKeys (ConfUtils.java:logGet(46)) - raft.server.storage.dir = [/home/runner/work/ozone/ozone/hadoop-ozone/integration-test/target/test-dir/MiniOzoneClusterImpl-67722190-891d-4afa-8cef-415625a2914e/datanode-1/data/ratis] (custom)
2023-08-28 09:32:35,200 [d600485d-b91b-41d8-8672-c913e6695d89-groupManagement] INFO  server.RaftServerConfigKeys (ConfUtils.java:logGet(46)) - raft.server.log.corruption.policy = EXCEPTION (default)
2023-08-28 09:32:35,200 [d600485d-b91b-41d8-8672-c913e6695d89-groupManagement] INFO  server.RaftServerConfigKeys (ConfUtils.java:logGet(46)) - raft.server.storage.free-space.min = 0MB (=0) (default)
2023-08-28 09:32:35,200 [d600485d-b91b-41d8-8672-c913e6695d89-groupManagement] INFO  server.RaftServerConfigKeys (ConfUtils.java:logGet(46)) - raft.server.notification.no-leader.timeout = 300s (custom)
2023-08-28 09:32:35,200 [d600485d-b91b-41d8-8672-c913e6695d89-groupManagement] INFO  server.RaftServerConfigKeys (ConfUtils.java:logGet(46)) - raft.server.read.timeout = 10s (default)
2023-08-28 09:32:35,201 [d600485d-b91b-41d8-8672-c913e6695d89-groupManagement] INFO  server.RaftServerConfigKeys (ConfUtils.java:logGet(46)) - raft.server.retrycache.expirytime = 600000ms (custom)
2023-08-28 09:32:35,201 [d600485d-b91b-41d8-8672-c913e6695d89-groupManagement] INFO  server.RaftServerConfigKeys (ConfUtils.java:logGet(46)) - raft.server.retrycache.statistics.expirytime = 100μs (default)
2023-08-28 09:32:35,201 [d600485d-b91b-41d8-8672-c913e6695d89-groupManagement] INFO  server.RaftServerConfigKeys (ConfUtils.java:logGet(46)) - raft.server.read.option = DEFAULT (default)
2023-08-28 09:32:35,201 [d600485d-b91b-41d8-8672-c913e6695d89-groupManagement] INFO  server.RaftServerConfigKeys (ConfUtils.java:logGet(46)) - raft.server.rpc.request.timeout = 60s (custom)
2023-08-28 09:32:35,202 [d600485d-b91b-41d8-8672-c913e6695d89-groupManagement] INFO  server.RaftServerConfigKeys (ConfUtils.java:logGet(46)) - raft.server.log.appender.install.snapshot.enabled = false (custom)
2023-08-28 09:32:35,202 [d600485d-b91b-41d8-8672-c913e6695d89-groupManagement] INFO  server.RaftServerConfigKeys (ConfUtils.java:logGet(46)) - raft.server.threadpool.server.cached = true (default)
2023-08-28 09:32:35,202 [d600485d-b91b-41d8-8672-c913e6695d89-groupManagement] INFO  server.RaftServerConfigKeys (ConfUtils.java:logGet(46)) - raft.server.threadpool.server.size = 0 (default)
2023-08-28 09:32:35,202 [d600485d-b91b-41d8-8672-c913e6695d89-groupManagement] INFO  server.RaftServerConfigKeys (ConfUtils.java:logGet(46)) - raft.server.threadpool.client.cached = true (default)
2023-08-28 09:32:35,202 [d600485d-b91b-41d8-8672-c913e6695d89-groupManagement] INFO  server.RaftServerConfigKeys (ConfUtils.java:logGet(46)) - raft.server.threadpool.client.size = 0 (default)
2023-08-28 09:32:35,202 [d600485d-b91b-41d8-8672-c913e6695d89-groupManagement] INFO  storage.RaftStorageDirectory (RaftStorageDirectoryImpl.java:analyzeStorage(137)) - The storage directory /home/runner/work/ozone/ozone/hadoop-ozone/integration-test/target/test-dir/MiniOzoneClusterImpl-67722190-891d-4afa-8cef-415625a2914e/datanode-1/data/ratis/2ba54fe9-2a0f-4ffc-bd67-ca876597277a does not exist. Creating ...
2023-08-28 09:32:35,204 [d600485d-b91b-41d8-8672-c913e6695d89-groupManagement] INFO  storage.RaftStorageDirectory (RaftStorageDirectoryImpl.java:tryLock(231)) - Lock on /home/runner/work/ozone/ozone/hadoop-ozone/integration-test/target/test-dir/MiniOzoneClusterImpl-67722190-891d-4afa-8cef-415625a2914e/datanode-1/data/ratis/2ba54fe9-2a0f-4ffc-bd67-ca876597277a/in_use.lock acquired by nodename 61172@fv-az625-77
2023-08-28 09:32:35,206 [d600485d-b91b-41d8-8672-c913e6695d89-groupManagement] INFO  storage.RaftStorage (RaftStorageImpl.java:format(96)) - Storage directory /home/runner/work/ozone/ozone/hadoop-ozone/integration-test/target/test-dir/MiniOzoneClusterImpl-67722190-891d-4afa-8cef-415625a2914e/datanode-1/data/ratis/2ba54fe9-2a0f-4ffc-bd67-ca876597277a has been successfully formatted.
2023-08-28 09:32:35,207 [d600485d-b91b-41d8-8672-c913e6695d89-groupManagement] INFO  ratis.ContainerStateMachine (ContainerStateMachine.java:loadSnapshot(262)) - group-CA876597277A: The snapshot info is null. Setting the last applied indexto:(t:0, i:~)
2023-08-28 09:32:35,207 [d600485d-b91b-41d8-8672-c913e6695d89-groupManagement] INFO  server.RaftServerConfigKeys (ConfUtils.java:logGet(46)) - raft.server.log.use.memory = false (default)
2023-08-28 09:32:35,208 [d600485d-b91b-41d8-8672-c913e6695d89-groupManagement] INFO  server.RaftServerConfigKeys (ConfUtils.java:logGet(46)) - raft.server.log.purge.gap = 1000000 (custom)
2023-08-28 09:32:35,208 [d600485d-b91b-41d8-8672-c913e6695d89-groupManagement] INFO  server.RaftServerConfigKeys (ConfUtils.java:logGet(46)) - raft.server.log.appender.buffer.byte-limit = 33554432 (custom)
2023-08-28 09:32:35,208 [d600485d-b91b-41d8-8672-c913e6695d89-groupManagement] INFO  server.RaftServerConfigKeys (ConfUtils.java:logGet(46)) - raft.server.log.statemachine.data.read.timeout = 1000ms (default)
2023-08-28 09:32:35,208 [d600485d-b91b-41d8-8672-c913e6695d89-groupManagement] INFO  server.RaftServerConfigKeys (ConfUtils.java:logGet(46)) - raft.server.log.purge.preservation.log.num = 0 (default)
2023-08-28 09:32:35,208 [d600485d-b91b-41d8-8672-c913e6695d89-groupManagement] INFO  server.RaftServerConfigKeys (ConfUtils.java:logGet(46)) - raft.server.log.segment.size.max = 1048576 (custom)
2023-08-28 09:32:35,209 [d600485d-b91b-41d8-8672-c913e6695d89-groupManagement] INFO  server.RaftServerConfigKeys (ConfUtils.java:logGet(46)) - raft.server.log.segment.cache.num.max = 2 (custom)
2023-08-28 09:32:35,209 [d600485d-b91b-41d8-8672-c913e6695d89-groupManagement] INFO  server.RaftServerConfigKeys (ConfUtils.java:logGet(46)) - raft.server.log.segment.cache.size.max = 200MB (=209715200) (default)
2023-08-28 09:32:35,209 [d600485d-b91b-41d8-8672-c913e6695d89-groupManagement] INFO  server.RaftServerConfigKeys (ConfUtils.java:logGet(46)) - raft.server.log.appender.buffer.byte-limit = 33554432 (custom)
2023-08-28 09:32:35,209 [d600485d-b91b-41d8-8672-c913e6695d89-groupManagement] INFO  segmented.SegmentedRaftLogWorker (SegmentedRaftLogWorker.java:<init>(188)) - new d600485d-b91b-41d8-8672-c913e6695d89@group-CA876597277A-SegmentedRaftLogWorker for RaftStorageImpl:Storage Directory /home/runner/work/ozone/ozone/hadoop-ozone/integration-test/target/test-dir/MiniOzoneClusterImpl-67722190-891d-4afa-8cef-415625a2914e/datanode-1/data/ratis/2ba54fe9-2a0f-4ffc-bd67-ca876597277a
2023-08-28 09:32:35,209 [d600485d-b91b-41d8-8672-c913e6695d89-groupManagement] INFO  server.RaftServerConfigKeys (ConfUtils.java:logGet(46)) - raft.server.log.queue.byte-limit = 4294967296 (custom)
2023-08-28 09:32:35,209 [d600485d-b91b-41d8-8672-c913e6695d89-groupManagement] INFO  server.RaftServerConfigKeys (ConfUtils.java:logGet(46)) - raft.server.log.queue.element-limit = 1024 (custom)
2023-08-28 09:32:35,209 [d600485d-b91b-41d8-8672-c913e6695d89-groupManagement] INFO  server.RaftServerConfigKeys (ConfUtils.java:logGet(46)) - raft.server.log.segment.size.max = 1048576 (custom)
2023-08-28 09:32:35,209 [d600485d-b91b-41d8-8672-c913e6695d89-groupManagement] INFO  server.RaftServerConfigKeys (ConfUtils.java:logGet(46)) - raft.server.log.preallocated.size = 16384 (custom)
2023-08-28 09:32:35,209 [d600485d-b91b-41d8-8672-c913e6695d89-groupManagement] INFO  server.RaftServerConfigKeys (ConfUtils.java:logGet(46)) - raft.server.log.force.sync.num = 128 (default)
2023-08-28 09:32:35,209 [d600485d-b91b-41d8-8672-c913e6695d89-groupManagement] INFO  server.RaftServerConfigKeys (ConfUtils.java:logGet(46)) - raft.server.log.statemachine.data.sync = true (default)
2023-08-28 09:32:35,209 [d600485d-b91b-41d8-8672-c913e6695d89-groupManagement] INFO  server.RaftServerConfigKeys (ConfUtils.java:logGet(46)) - raft.server.log.statemachine.data.sync.timeout = 10s (default)
2023-08-28 09:32:35,209 [d600485d-b91b-41d8-8672-c913e6695d89-groupManagement] INFO  server.RaftServerConfigKeys (ConfUtils.java:logGet(46)) - raft.server.log.statemachine.data.sync.timeout.retry = -1 (default)
2023-08-28 09:32:35,210 [d600485d-b91b-41d8-8672-c913e6695d89-groupManagement] INFO  server.RaftServerConfigKeys (ConfUtils.java:logGet(46)) - raft.server.log.write.buffer.size = 1048576 (custom)
2023-08-28 09:32:35,210 [d600485d-b91b-41d8-8672-c913e6695d89-groupManagement] INFO  server.RaftServerConfigKeys (ConfUtils.java:logGet(46)) - raft.server.log.appender.buffer.byte-limit = 33554432 (custom)
2023-08-28 09:32:35,215 [d600485d-b91b-41d8-8672-c913e6695d89-groupManagement] INFO  server.RaftServerConfigKeys (ConfUtils.java:logGet(46)) - raft.server.log.unsafe-flush.enabled = false (default)
2023-08-28 09:32:35,215 [d600485d-b91b-41d8-8672-c913e6695d89-groupManagement] INFO  server.RaftServerConfigKeys (ConfUtils.java:logGet(46)) - raft.server.log.async-flush.enabled = false (default)
2023-08-28 09:32:35,215 [d600485d-b91b-41d8-8672-c913e6695d89-groupManagement] INFO  server.RaftServerConfigKeys (ConfUtils.java:logGet(46)) - raft.server.log.statemachine.data.caching.enabled = true (custom)
2023-08-28 09:32:35,215 [d600485d-b91b-41d8-8672-c913e6695d89-groupManagement] INFO  segmented.SegmentedRaftLogWorker (SegmentedRaftLogWorker.java:lambda$new$0(135)) - d600485d-b91b-41d8-8672-c913e6695d89@group-CA876597277A-SegmentedRaftLogWorker: flushIndex: setUnconditionally 0 -> -1
2023-08-28 09:32:35,215 [d600485d-b91b-41d8-8672-c913e6695d89-groupManagement] INFO  segmented.SegmentedRaftLogWorker (SegmentedRaftLogWorker.java:lambda$new$0(135)) - d600485d-b91b-41d8-8672-c913e6695d89@group-CA876597277A-SegmentedRaftLogWorker: safeCacheEvictIndex: setUnconditionally 0 -> -1
2023-08-28 09:32:35,216 [d600485d-b91b-41d8-8672-c913e6695d89-groupManagement] INFO  server.RaftServer$Division (RaftServerImpl.java:start(342)) - d600485d-b91b-41d8-8672-c913e6695d89@group-CA876597277A: start as a follower, conf=-1: peers:[d600485d-b91b-41d8-8672-c913e6695d89|rpc:10.1.0.27:15076|admin:10.1.0.27:15075|client:10.1.0.27:15074|dataStream:10.1.0.27:15077|priority:0|startupRole:FOLLOWER, 8f24c139-1988-4882-b4c4-ff44179a1ed0|rpc:10.1.0.27:15067|admin:10.1.0.27:15066|client:10.1.0.27:15065|dataStream:10.1.0.27:15068|priority:0|startupRole:FOLLOWER, 454ab8f7-ff05-436e-934f-07f2970d48f1|rpc:10.1.0.27:15085|admin:10.1.0.27:15084|client:10.1.0.27:15083|dataStream:10.1.0.27:15086|priority:1|startupRole:FOLLOWER]|listeners:[], old=null
2023-08-28 09:32:35,216 [d600485d-b91b-41d8-8672-c913e6695d89-groupManagement] INFO  server.RaftServer$Division (RaftServerImpl.java:setRole(329)) - d600485d-b91b-41d8-8672-c913e6695d89@group-CA876597277A: changes role from      null to FOLLOWER at term 0 for startAsFollower
2023-08-28 09:32:35,216 [d600485d-b91b-41d8-8672-c913e6695d89-groupManagement] INFO  impl.RoleInfo (RoleInfo.java:updateAndGet(139)) - d600485d-b91b-41d8-8672-c913e6695d89: start d600485d-b91b-41d8-8672-c913e6695d89@group-CA876597277A-FollowerState
2023-08-28 09:32:35,216 [d600485d-b91b-41d8-8672-c913e6695d89@group-CA876597277A-FollowerState] INFO  server.RaftServerConfigKeys (ConfUtils.java:logFallback(53)) - raft.server.rpc.first-election.timeout.min = 5s (fallback to raft.server.rpc.timeout.min)
2023-08-28 09:32:35,216 [d600485d-b91b-41d8-8672-c913e6695d89@group-CA876597277A-FollowerState] INFO  server.RaftServerConfigKeys (ConfUtils.java:logFallback(53)) - raft.server.rpc.first-election.timeout.max = 5200ms (fallback to raft.server.rpc.timeout.max)
2023-08-28 09:32:35,222 [d600485d-b91b-41d8-8672-c913e6695d89-groupManagement] INFO  util.JmxRegister (JmxRegister.java:tryRegister(44)) - Successfully registered JMX Bean with object name Ratis:service=RaftServer,group=group-CA876597277A,id=d600485d-b91b-41d8-8672-c913e6695d89
2023-08-28 09:32:35,222 [d600485d-b91b-41d8-8672-c913e6695d89-groupManagement] INFO  server.RaftServerConfigKeys (ConfUtils.java:logGet(46)) - raft.server.snapshot.auto.trigger.enabled = true (custom)
2023-08-28 09:32:35,222 [d600485d-b91b-41d8-8672-c913e6695d89-groupManagement] INFO  server.RaftServerConfigKeys (ConfUtils.java:logGet(46)) - raft.server.snapshot.auto.trigger.threshold = 10000 (custom)
2023-08-28 09:32:35,222 [d600485d-b91b-41d8-8672-c913e6695d89-groupManagement] INFO  server.RaftServerConfigKeys (ConfUtils.java:logGet(46)) - raft.server.snapshot.retention.file.num = 5 (custom)
2023-08-28 09:32:35,222 [d600485d-b91b-41d8-8672-c913e6695d89-groupManagement] INFO  server.RaftServerConfigKeys (ConfUtils.java:logGet(46)) - raft.server.log.purge.upto.snapshot.index = false (default)
2023-08-28 09:32:35,244 [grpc-default-executor-0] INFO  server.RaftServer (RaftServerProxy.java:addNew(98)) - 454ab8f7-ff05-436e-934f-07f2970d48f1: addNew group-CA876597277A:[d600485d-b91b-41d8-8672-c913e6695d89|rpc:10.1.0.27:15076|admin:10.1.0.27:15075|client:10.1.0.27:15074|dataStream:10.1.0.27:15077|priority:0|startupRole:FOLLOWER, 8f24c139-1988-4882-b4c4-ff44179a1ed0|rpc:10.1.0.27:15067|admin:10.1.0.27:15066|client:10.1.0.27:15065|dataStream:10.1.0.27:15068|priority:0|startupRole:FOLLOWER, 454ab8f7-ff05-436e-934f-07f2970d48f1|rpc:10.1.0.27:15085|admin:10.1.0.27:15084|client:10.1.0.27:15083|dataStream:10.1.0.27:15086|priority:1|startupRole:FOLLOWER] returns group-CA876597277A:java.util.concurrent.CompletableFuture@31ed8676[Not completed]
2023-08-28 09:32:35,247 [454ab8f7-ff05-436e-934f-07f2970d48f1-groupManagement] INFO  server.RaftServer$Division (RaftServerImpl.java:<init>(198)) - 454ab8f7-ff05-436e-934f-07f2970d48f1: new RaftServerImpl for group-CA876597277A:[d600485d-b91b-41d8-8672-c913e6695d89|rpc:10.1.0.27:15076|admin:10.1.0.27:15075|client:10.1.0.27:15074|dataStream:10.1.0.27:15077|priority:0|startupRole:FOLLOWER, 8f24c139-1988-4882-b4c4-ff44179a1ed0|rpc:10.1.0.27:15067|admin:10.1.0.27:15066|client:10.1.0.27:15065|dataStream:10.1.0.27:15068|priority:0|startupRole:FOLLOWER, 454ab8f7-ff05-436e-934f-07f2970d48f1|rpc:10.1.0.27:15085|admin:10.1.0.27:15084|client:10.1.0.27:15083|dataStream:10.1.0.27:15086|priority:1|startupRole:FOLLOWER] with ContainerStateMachine:uninitialized
2023-08-28 09:32:35,247 [454ab8f7-ff05-436e-934f-07f2970d48f1-groupManagement] INFO  server.RaftServerConfigKeys (ConfUtils.java:logGet(46)) - raft.server.rpc.timeout.min = 5s (custom)
2023-08-28 09:32:35,247 [454ab8f7-ff05-436e-934f-07f2970d48f1-groupManagement] INFO  server.RaftServerConfigKeys (ConfUtils.java:logGet(46)) - raft.server.rpc.timeout.max = 5200ms (custom)
2023-08-28 09:32:35,247 [454ab8f7-ff05-436e-934f-07f2970d48f1-groupManagement] INFO  server.RaftServerConfigKeys (ConfUtils.java:logGet(46)) - raft.server.rpc.sleep.time = 25ms (default)
2023-08-28 09:32:35,247 [454ab8f7-ff05-436e-934f-07f2970d48f1-groupManagement] INFO  server.RaftServerConfigKeys (ConfUtils.java:logGet(46)) - raft.server.rpc.slowness.timeout = 300s (custom)
2023-08-28 09:32:35,247 [454ab8f7-ff05-436e-934f-07f2970d48f1-groupManagement] INFO  server.RaftServerConfigKeys (ConfUtils.java:logGet(46)) - raft.server.leaderelection.leader.step-down.wait-time = 10s (default)
2023-08-28 09:32:35,247 [454ab8f7-ff05-436e-934f-07f2970d48f1-groupManagement] INFO  server.RaftServerConfigKeys (ConfUtils.java:logGet(46)) - raft.server.sleep.deviation.threshold = 300ms (default)
2023-08-28 09:32:35,248 [454ab8f7-ff05-436e-934f-07f2970d48f1-groupManagement] INFO  server.RaftServer$Division (ServerState.java:<init>(120)) - 454ab8f7-ff05-436e-934f-07f2970d48f1@group-CA876597277A: ConfigurationManager, init=-1: peers:[d600485d-b91b-41d8-8672-c913e6695d89|rpc:10.1.0.27:15076|admin:10.1.0.27:15075|client:10.1.0.27:15074|dataStream:10.1.0.27:15077|priority:0|startupRole:FOLLOWER, 8f24c139-1988-4882-b4c4-ff44179a1ed0|rpc:10.1.0.27:15067|admin:10.1.0.27:15066|client:10.1.0.27:15065|dataStream:10.1.0.27:15068|priority:0|startupRole:FOLLOWER, 454ab8f7-ff05-436e-934f-07f2970d48f1|rpc:10.1.0.27:15085|admin:10.1.0.27:15084|client:10.1.0.27:15083|dataStream:10.1.0.27:15086|priority:1|startupRole:FOLLOWER]|listeners:[], old=null, confs=<EMPTY_MAP>
2023-08-28 09:32:35,248 [454ab8f7-ff05-436e-934f-07f2970d48f1-groupManagement] INFO  server.RaftServerConfigKeys (ConfUtils.java:logGet(46)) - raft.server.storage.dir = [/home/runner/work/ozone/ozone/hadoop-ozone/integration-test/target/test-dir/MiniOzoneClusterImpl-67722190-891d-4afa-8cef-415625a2914e/datanode-2/data/ratis] (custom)
2023-08-28 09:32:35,248 [454ab8f7-ff05-436e-934f-07f2970d48f1-groupManagement] INFO  server.RaftServerConfigKeys (ConfUtils.java:logGet(46)) - raft.server.log.corruption.policy = EXCEPTION (default)
2023-08-28 09:32:35,248 [454ab8f7-ff05-436e-934f-07f2970d48f1-groupManagement] INFO  server.RaftServerConfigKeys (ConfUtils.java:logGet(46)) - raft.server.storage.free-space.min = 0MB (=0) (default)
2023-08-28 09:32:35,248 [454ab8f7-ff05-436e-934f-07f2970d48f1-groupManagement] INFO  server.RaftServerConfigKeys (ConfUtils.java:logGet(46)) - raft.server.notification.no-leader.timeout = 300s (custom)
2023-08-28 09:32:35,249 [454ab8f7-ff05-436e-934f-07f2970d48f1-groupManagement] INFO  server.RaftServerConfigKeys (ConfUtils.java:logGet(46)) - raft.server.read.timeout = 10s (default)
2023-08-28 09:32:35,249 [454ab8f7-ff05-436e-934f-07f2970d48f1-groupManagement] INFO  server.RaftServerConfigKeys (ConfUtils.java:logGet(46)) - raft.server.retrycache.expirytime = 600000ms (custom)
2023-08-28 09:32:35,249 [454ab8f7-ff05-436e-934f-07f2970d48f1-groupManagement] INFO  server.RaftServerConfigKeys (ConfUtils.java:logGet(46)) - raft.server.retrycache.statistics.expirytime = 100μs (default)
2023-08-28 09:32:35,249 [454ab8f7-ff05-436e-934f-07f2970d48f1-groupManagement] INFO  server.RaftServerConfigKeys (ConfUtils.java:logGet(46)) - raft.server.read.option = DEFAULT (default)
2023-08-28 09:32:35,249 [454ab8f7-ff05-436e-934f-07f2970d48f1-groupManagement] INFO  server.RaftServerConfigKeys (ConfUtils.java:logGet(46)) - raft.server.rpc.request.timeout = 60s (custom)
2023-08-28 09:32:35,249 [454ab8f7-ff05-436e-934f-07f2970d48f1-groupManagement] INFO  server.RaftServerConfigKeys (ConfUtils.java:logGet(46)) - raft.server.log.appender.install.snapshot.enabled = false (custom)
2023-08-28 09:32:35,249 [454ab8f7-ff05-436e-934f-07f2970d48f1-groupManagement] INFO  server.RaftServerConfigKeys (ConfUtils.java:logGet(46)) - raft.server.threadpool.server.cached = true (default)
2023-08-28 09:32:35,249 [454ab8f7-ff05-436e-934f-07f2970d48f1-groupManagement] INFO  server.RaftServerConfigKeys (ConfUtils.java:logGet(46)) - raft.server.threadpool.server.size = 0 (default)
2023-08-28 09:32:35,250 [454ab8f7-ff05-436e-934f-07f2970d48f1-groupManagement] INFO  server.RaftServerConfigKeys (ConfUtils.java:logGet(46)) - raft.server.threadpool.client.cached = true (default)
2023-08-28 09:32:35,250 [454ab8f7-ff05-436e-934f-07f2970d48f1-groupManagement] INFO  server.RaftServerConfigKeys (ConfUtils.java:logGet(46)) - raft.server.threadpool.client.size = 0 (default)
2023-08-28 09:32:35,250 [454ab8f7-ff05-436e-934f-07f2970d48f1-groupManagement] INFO  storage.RaftStorageDirectory (RaftStorageDirectoryImpl.java:analyzeStorage(137)) - The storage directory /home/runner/work/ozone/ozone/hadoop-ozone/integration-test/target/test-dir/MiniOzoneClusterImpl-67722190-891d-4afa-8cef-415625a2914e/datanode-2/data/ratis/2ba54fe9-2a0f-4ffc-bd67-ca876597277a does not exist. Creating ...
2023-08-28 09:32:35,251 [454ab8f7-ff05-436e-934f-07f2970d48f1-groupManagement] INFO  storage.RaftStorageDirectory (RaftStorageDirectoryImpl.java:tryLock(231)) - Lock on /home/runner/work/ozone/ozone/hadoop-ozone/integration-test/target/test-dir/MiniOzoneClusterImpl-67722190-891d-4afa-8cef-415625a2914e/datanode-2/data/ratis/2ba54fe9-2a0f-4ffc-bd67-ca876597277a/in_use.lock acquired by nodename 61172@fv-az625-77
2023-08-28 09:32:35,252 [454ab8f7-ff05-436e-934f-07f2970d48f1-groupManagement] INFO  storage.RaftStorage (RaftStorageImpl.java:format(96)) - Storage directory /home/runner/work/ozone/ozone/hadoop-ozone/integration-test/target/test-dir/MiniOzoneClusterImpl-67722190-891d-4afa-8cef-415625a2914e/datanode-2/data/ratis/2ba54fe9-2a0f-4ffc-bd67-ca876597277a has been successfully formatted.
2023-08-28 09:32:35,254 [454ab8f7-ff05-436e-934f-07f2970d48f1-groupManagement] INFO  ratis.ContainerStateMachine (ContainerStateMachine.java:loadSnapshot(262)) - group-CA876597277A: The snapshot info is null. Setting the last applied indexto:(t:0, i:~)
2023-08-28 09:32:35,254 [454ab8f7-ff05-436e-934f-07f2970d48f1-groupManagement] INFO  server.RaftServerConfigKeys (ConfUtils.java:logGet(46)) - raft.server.log.use.memory = false (default)
2023-08-28 09:32:35,255 [454ab8f7-ff05-436e-934f-07f2970d48f1-groupManagement] INFO  server.RaftServerConfigKeys (ConfUtils.java:logGet(46)) - raft.server.log.purge.gap = 1000000 (custom)
2023-08-28 09:32:35,255 [454ab8f7-ff05-436e-934f-07f2970d48f1-groupManagement] INFO  server.RaftServerConfigKeys (ConfUtils.java:logGet(46)) - raft.server.log.appender.buffer.byte-limit = 33554432 (custom)
2023-08-28 09:32:35,255 [454ab8f7-ff05-436e-934f-07f2970d48f1-groupManagement] INFO  server.RaftServerConfigKeys (ConfUtils.java:logGet(46)) - raft.server.log.statemachine.data.read.timeout = 1000ms (default)
2023-08-28 09:32:35,255 [454ab8f7-ff05-436e-934f-07f2970d48f1-groupManagement] INFO  server.RaftServerConfigKeys (ConfUtils.java:logGet(46)) - raft.server.log.purge.preservation.log.num = 0 (default)
2023-08-28 09:32:35,255 [454ab8f7-ff05-436e-934f-07f2970d48f1-groupManagement] INFO  server.RaftServerConfigKeys (ConfUtils.java:logGet(46)) - raft.server.log.segment.size.max = 1048576 (custom)
2023-08-28 09:32:35,256 [454ab8f7-ff05-436e-934f-07f2970d48f1-groupManagement] INFO  server.RaftServerConfigKeys (ConfUtils.java:logGet(46)) - raft.server.log.segment.cache.num.max = 2 (custom)
2023-08-28 09:32:35,256 [454ab8f7-ff05-436e-934f-07f2970d48f1-groupManagement] INFO  server.RaftServerConfigKeys (ConfUtils.java:logGet(46)) - raft.server.log.segment.cache.size.max = 200MB (=209715200) (default)
2023-08-28 09:32:35,256 [454ab8f7-ff05-436e-934f-07f2970d48f1-groupManagement] INFO  server.RaftServerConfigKeys (ConfUtils.java:logGet(46)) - raft.server.log.appender.buffer.byte-limit = 33554432 (custom)
2023-08-28 09:32:35,256 [454ab8f7-ff05-436e-934f-07f2970d48f1-groupManagement] INFO  segmented.SegmentedRaftLogWorker (SegmentedRaftLogWorker.java:<init>(188)) - new 454ab8f7-ff05-436e-934f-07f2970d48f1@group-CA876597277A-SegmentedRaftLogWorker for RaftStorageImpl:Storage Directory /home/runner/work/ozone/ozone/hadoop-ozone/integration-test/target/test-dir/MiniOzoneClusterImpl-67722190-891d-4afa-8cef-415625a2914e/datanode-2/data/ratis/2ba54fe9-2a0f-4ffc-bd67-ca876597277a
2023-08-28 09:32:35,256 [454ab8f7-ff05-436e-934f-07f2970d48f1-groupManagement] INFO  server.RaftServerConfigKeys (ConfUtils.java:logGet(46)) - raft.server.log.queue.byte-limit = 4294967296 (custom)
2023-08-28 09:32:35,256 [454ab8f7-ff05-436e-934f-07f2970d48f1-groupManagement] INFO  server.RaftServerConfigKeys (ConfUtils.java:logGet(46)) - raft.server.log.queue.element-limit = 1024 (custom)
2023-08-28 09:32:35,256 [454ab8f7-ff05-436e-934f-07f2970d48f1-groupManagement] INFO  server.RaftServerConfigKeys (ConfUtils.java:logGet(46)) - raft.server.log.segment.size.max = 1048576 (custom)
2023-08-28 09:32:35,256 [454ab8f7-ff05-436e-934f-07f2970d48f1-groupManagement] INFO  server.RaftServerConfigKeys (ConfUtils.java:logGet(46)) - raft.server.log.preallocated.size = 16384 (custom)
2023-08-28 09:32:35,256 [454ab8f7-ff05-436e-934f-07f2970d48f1-groupManagement] INFO  server.RaftServerConfigKeys (ConfUtils.java:logGet(46)) - raft.server.log.force.sync.num = 128 (default)
2023-08-28 09:32:35,256 [454ab8f7-ff05-436e-934f-07f2970d48f1-groupManagement] INFO  server.RaftServerConfigKeys (ConfUtils.java:logGet(46)) - raft.server.log.statemachine.data.sync = true (default)
2023-08-28 09:32:35,256 [454ab8f7-ff05-436e-934f-07f2970d48f1-groupManagement] INFO  server.RaftServerConfigKeys (ConfUtils.java:logGet(46)) - raft.server.log.statemachine.data.sync.timeout = 10s (default)
2023-08-28 09:32:35,256 [454ab8f7-ff05-436e-934f-07f2970d48f1-groupManagement] INFO  server.RaftServerConfigKeys (ConfUtils.java:logGet(46)) - raft.server.log.statemachine.data.sync.timeout.retry = -1 (default)
2023-08-28 09:32:35,257 [454ab8f7-ff05-436e-934f-07f2970d48f1-groupManagement] INFO  server.RaftServerConfigKeys (ConfUtils.java:logGet(46)) - raft.server.log.write.buffer.size = 1048576 (custom)
2023-08-28 09:32:35,258 [454ab8f7-ff05-436e-934f-07f2970d48f1-groupManagement] INFO  server.RaftServerConfigKeys (ConfUtils.java:logGet(46)) - raft.server.log.appender.buffer.byte-limit = 33554432 (custom)
2023-08-28 09:32:35,263 [454ab8f7-ff05-436e-934f-07f2970d48f1-groupManagement] INFO  server.RaftServerConfigKeys (ConfUtils.java:logGet(46)) - raft.server.log.unsafe-flush.enabled = false (default)
2023-08-28 09:32:35,263 [454ab8f7-ff05-436e-934f-07f2970d48f1-groupManagement] INFO  server.RaftServerConfigKeys (ConfUtils.java:logGet(46)) - raft.server.log.async-flush.enabled = false (default)
2023-08-28 09:32:35,263 [454ab8f7-ff05-436e-934f-07f2970d48f1-groupManagement] INFO  server.RaftServerConfigKeys (ConfUtils.java:logGet(46)) - raft.server.log.statemachine.data.caching.enabled = true (custom)
2023-08-28 09:32:35,263 [454ab8f7-ff05-436e-934f-07f2970d48f1-groupManagement] INFO  segmented.SegmentedRaftLogWorker (SegmentedRaftLogWorker.java:lambda$new$0(135)) - 454ab8f7-ff05-436e-934f-07f2970d48f1@group-CA876597277A-SegmentedRaftLogWorker: flushIndex: setUnconditionally 0 -> -1
2023-08-28 09:32:35,263 [454ab8f7-ff05-436e-934f-07f2970d48f1-groupManagement] INFO  segmented.SegmentedRaftLogWorker (SegmentedRaftLogWorker.java:lambda$new$0(135)) - 454ab8f7-ff05-436e-934f-07f2970d48f1@group-CA876597277A-SegmentedRaftLogWorker: safeCacheEvictIndex: setUnconditionally 0 -> -1
2023-08-28 09:32:35,264 [454ab8f7-ff05-436e-934f-07f2970d48f1-groupManagement] INFO  server.RaftServer$Division (RaftServerImpl.java:start(342)) - 454ab8f7-ff05-436e-934f-07f2970d48f1@group-CA876597277A: start as a follower, conf=-1: peers:[d600485d-b91b-41d8-8672-c913e6695d89|rpc:10.1.0.27:15076|admin:10.1.0.27:15075|client:10.1.0.27:15074|dataStream:10.1.0.27:15077|priority:0|startupRole:FOLLOWER, 8f24c139-1988-4882-b4c4-ff44179a1ed0|rpc:10.1.0.27:15067|admin:10.1.0.27:15066|client:10.1.0.27:15065|dataStream:10.1.0.27:15068|priority:0|startupRole:FOLLOWER, 454ab8f7-ff05-436e-934f-07f2970d48f1|rpc:10.1.0.27:15085|admin:10.1.0.27:15084|client:10.1.0.27:15083|dataStream:10.1.0.27:15086|priority:1|startupRole:FOLLOWER]|listeners:[], old=null
2023-08-28 09:32:35,264 [454ab8f7-ff05-436e-934f-07f2970d48f1-groupManagement] INFO  server.RaftServer$Division (RaftServerImpl.java:setRole(329)) - 454ab8f7-ff05-436e-934f-07f2970d48f1@group-CA876597277A: changes role from      null to FOLLOWER at term 0 for startAsFollower
2023-08-28 09:32:35,264 [454ab8f7-ff05-436e-934f-07f2970d48f1-groupManagement] INFO  impl.RoleInfo (RoleInfo.java:updateAndGet(139)) - 454ab8f7-ff05-436e-934f-07f2970d48f1: start 454ab8f7-ff05-436e-934f-07f2970d48f1@group-CA876597277A-FollowerState
2023-08-28 09:32:35,264 [454ab8f7-ff05-436e-934f-07f2970d48f1@group-CA876597277A-FollowerState] INFO  server.RaftServerConfigKeys (ConfUtils.java:logFallback(53)) - raft.server.rpc.first-election.timeout.min = 5s (fallback to raft.server.rpc.timeout.min)
2023-08-28 09:32:35,265 [454ab8f7-ff05-436e-934f-07f2970d48f1-groupManagement] INFO  util.JmxRegister (JmxRegister.java:tryRegister(44)) - Successfully registered JMX Bean with object name Ratis:service=RaftServer,group=group-CA876597277A,id=454ab8f7-ff05-436e-934f-07f2970d48f1
2023-08-28 09:32:35,265 [454ab8f7-ff05-436e-934f-07f2970d48f1@group-CA876597277A-FollowerState] INFO  server.RaftServerConfigKeys (ConfUtils.java:logFallback(53)) - raft.server.rpc.first-election.timeout.max = 5200ms (fallback to raft.server.rpc.timeout.max)
2023-08-28 09:32:35,266 [454ab8f7-ff05-436e-934f-07f2970d48f1-groupManagement] INFO  server.RaftServerConfigKeys (ConfUtils.java:logGet(46)) - raft.server.snapshot.auto.trigger.enabled = true (custom)
2023-08-28 09:32:35,267 [454ab8f7-ff05-436e-934f-07f2970d48f1-groupManagement] INFO  server.RaftServerConfigKeys (ConfUtils.java:logGet(46)) - raft.server.snapshot.auto.trigger.threshold = 10000 (custom)
2023-08-28 09:32:35,267 [454ab8f7-ff05-436e-934f-07f2970d48f1-groupManagement] INFO  server.RaftServerConfigKeys (ConfUtils.java:logGet(46)) - raft.server.snapshot.retention.file.num = 5 (custom)
2023-08-28 09:32:35,267 [454ab8f7-ff05-436e-934f-07f2970d48f1-groupManagement] INFO  server.RaftServerConfigKeys (ConfUtils.java:logGet(46)) - raft.server.log.purge.upto.snapshot.index = false (default)
2023-08-28 09:32:35,272 [PipelineCommandHandlerThread-0] INFO  commandhandler.CreatePipelineCommandHandler (CreatePipelineCommandHandler.java:lambda$handle$2(124)) - Created Pipeline RATIS THREE PipelineID=2ba54fe9-2a0f-4ffc-bd67-ca876597277a.
2023-08-28 09:32:35,273 [PipelineCommandHandlerThread-0] INFO  server.RaftServer (RaftServerProxy.java:addNew(98)) - 8f24c139-1988-4882-b4c4-ff44179a1ed0: addNew group-2A7BF07B114C:[d600485d-b91b-41d8-8672-c913e6695d89|rpc:10.1.0.27:15076|admin:10.1.0.27:15075|client:10.1.0.27:15074|dataStream:10.1.0.27:15077|priority:0|startupRole:FOLLOWER, 454ab8f7-ff05-436e-934f-07f2970d48f1|rpc:10.1.0.27:15085|admin:10.1.0.27:15084|client:10.1.0.27:15083|dataStream:10.1.0.27:15086|priority:0|startupRole:FOLLOWER, 8f24c139-1988-4882-b4c4-ff44179a1ed0|rpc:10.1.0.27:15067|admin:10.1.0.27:15066|client:10.1.0.27:15065|dataStream:10.1.0.27:15068|priority:1|startupRole:FOLLOWER] returns group-2A7BF07B114C:java.util.concurrent.CompletableFuture@1467eb94[Not completed]
2023-08-28 09:32:35,274 [8f24c139-1988-4882-b4c4-ff44179a1ed0-groupManagement] INFO  server.RaftServer$Division (RaftServerImpl.java:<init>(198)) - 8f24c139-1988-4882-b4c4-ff44179a1ed0: new RaftServerImpl for group-2A7BF07B114C:[d600485d-b91b-41d8-8672-c913e6695d89|rpc:10.1.0.27:15076|admin:10.1.0.27:15075|client:10.1.0.27:15074|dataStream:10.1.0.27:15077|priority:0|startupRole:FOLLOWER, 454ab8f7-ff05-436e-934f-07f2970d48f1|rpc:10.1.0.27:15085|admin:10.1.0.27:15084|client:10.1.0.27:15083|dataStream:10.1.0.27:15086|priority:0|startupRole:FOLLOWER, 8f24c139-1988-4882-b4c4-ff44179a1ed0|rpc:10.1.0.27:15067|admin:10.1.0.27:15066|client:10.1.0.27:15065|dataStream:10.1.0.27:15068|priority:1|startupRole:FOLLOWER] with ContainerStateMachine:uninitialized
2023-08-28 09:32:35,274 [8f24c139-1988-4882-b4c4-ff44179a1ed0-groupManagement] INFO  server.RaftServerConfigKeys (ConfUtils.java:logGet(46)) - raft.server.rpc.timeout.min = 5s (custom)
2023-08-28 09:32:35,274 [8f24c139-1988-4882-b4c4-ff44179a1ed0-groupManagement] INFO  server.RaftServerConfigKeys (ConfUtils.java:logGet(46)) - raft.server.rpc.timeout.max = 5200ms (custom)
2023-08-28 09:32:35,274 [8f24c139-1988-4882-b4c4-ff44179a1ed0-groupManagement] INFO  server.RaftServerConfigKeys (ConfUtils.java:logGet(46)) - raft.server.rpc.sleep.time = 25ms (default)
2023-08-28 09:32:35,274 [8f24c139-1988-4882-b4c4-ff44179a1ed0-groupManagement] INFO  server.RaftServerConfigKeys (ConfUtils.java:logGet(46)) - raft.server.rpc.slowness.timeout = 300s (custom)
2023-08-28 09:32:35,274 [8f24c139-1988-4882-b4c4-ff44179a1ed0-groupManagement] INFO  server.RaftServerConfigKeys (ConfUtils.java:logGet(46)) - raft.server.leaderelection.leader.step-down.wait-time = 10s (default)
2023-08-28 09:32:35,274 [8f24c139-1988-4882-b4c4-ff44179a1ed0-groupManagement] INFO  server.RaftServerConfigKeys (ConfUtils.java:logGet(46)) - raft.server.sleep.deviation.threshold = 300ms (default)
2023-08-28 09:32:35,274 [8f24c139-1988-4882-b4c4-ff44179a1ed0-groupManagement] INFO  server.RaftServer$Division (ServerState.java:<init>(120)) - 8f24c139-1988-4882-b4c4-ff44179a1ed0@group-2A7BF07B114C: ConfigurationManager, init=-1: peers:[d600485d-b91b-41d8-8672-c913e6695d89|rpc:10.1.0.27:15076|admin:10.1.0.27:15075|client:10.1.0.27:15074|dataStream:10.1.0.27:15077|priority:0|startupRole:FOLLOWER, 454ab8f7-ff05-436e-934f-07f2970d48f1|rpc:10.1.0.27:15085|admin:10.1.0.27:15084|client:10.1.0.27:15083|dataStream:10.1.0.27:15086|priority:0|startupRole:FOLLOWER, 8f24c139-1988-4882-b4c4-ff44179a1ed0|rpc:10.1.0.27:15067|admin:10.1.0.27:15066|client:10.1.0.27:15065|dataStream:10.1.0.27:15068|priority:1|startupRole:FOLLOWER]|listeners:[], old=null, confs=<EMPTY_MAP>
2023-08-28 09:32:35,274 [8f24c139-1988-4882-b4c4-ff44179a1ed0-groupManagement] INFO  server.RaftServerConfigKeys (ConfUtils.java:logGet(46)) - raft.server.storage.dir = [/home/runner/work/ozone/ozone/hadoop-ozone/integration-test/target/test-dir/MiniOzoneClusterImpl-67722190-891d-4afa-8cef-415625a2914e/datanode-0/data/ratis] (custom)
2023-08-28 09:32:35,275 [8f24c139-1988-4882-b4c4-ff44179a1ed0-groupManagement] INFO  server.RaftServerConfigKeys (ConfUtils.java:logGet(46)) - raft.server.log.corruption.policy = EXCEPTION (default)
2023-08-28 09:32:35,275 [8f24c139-1988-4882-b4c4-ff44179a1ed0-groupManagement] INFO  server.RaftServerConfigKeys (ConfUtils.java:logGet(46)) - raft.server.storage.free-space.min = 0MB (=0) (default)
2023-08-28 09:32:35,275 [8f24c139-1988-4882-b4c4-ff44179a1ed0-groupManagement] INFO  server.RaftServerConfigKeys (ConfUtils.java:logGet(46)) - raft.server.notification.no-leader.timeout = 300s (custom)
2023-08-28 09:32:35,275 [8f24c139-1988-4882-b4c4-ff44179a1ed0-groupManagement] INFO  server.RaftServerConfigKeys (ConfUtils.java:logGet(46)) - raft.server.read.timeout = 10s (default)
2023-08-28 09:32:35,275 [8f24c139-1988-4882-b4c4-ff44179a1ed0-groupManagement] INFO  server.RaftServerConfigKeys (ConfUtils.java:logGet(46)) - raft.server.retrycache.expirytime = 600000ms (custom)
2023-08-28 09:32:35,275 [8f24c139-1988-4882-b4c4-ff44179a1ed0-groupManagement] INFO  server.RaftServerConfigKeys (ConfUtils.java:logGet(46)) - raft.server.retrycache.statistics.expirytime = 100μs (default)
2023-08-28 09:32:35,275 [8f24c139-1988-4882-b4c4-ff44179a1ed0-groupManagement] INFO  server.RaftServerConfigKeys (ConfUtils.java:logGet(46)) - raft.server.read.option = DEFAULT (default)
2023-08-28 09:32:35,280 [8f24c139-1988-4882-b4c4-ff44179a1ed0-groupManagement] INFO  server.RaftServerConfigKeys (ConfUtils.java:logGet(46)) - raft.server.rpc.request.timeout = 60s (custom)
2023-08-28 09:32:35,280 [8f24c139-1988-4882-b4c4-ff44179a1ed0-groupManagement] INFO  server.RaftServerConfigKeys (ConfUtils.java:logGet(46)) - raft.server.log.appender.install.snapshot.enabled = false (custom)
2023-08-28 09:32:35,280 [8f24c139-1988-4882-b4c4-ff44179a1ed0-groupManagement] INFO  server.RaftServerConfigKeys (ConfUtils.java:logGet(46)) - raft.server.threadpool.server.cached = true (default)
2023-08-28 09:32:35,280 [8f24c139-1988-4882-b4c4-ff44179a1ed0-groupManagement] INFO  server.RaftServerConfigKeys (ConfUtils.java:logGet(46)) - raft.server.threadpool.server.size = 0 (default)
2023-08-28 09:32:35,280 [8f24c139-1988-4882-b4c4-ff44179a1ed0-groupManagement] INFO  server.RaftServerConfigKeys (ConfUtils.java:logGet(46)) - raft.server.threadpool.client.cached = true (default)
2023-08-28 09:32:35,280 [8f24c139-1988-4882-b4c4-ff44179a1ed0-groupManagement] INFO  server.RaftServerConfigKeys (ConfUtils.java:logGet(46)) - raft.server.threadpool.client.size = 0 (default)
2023-08-28 09:32:35,281 [8f24c139-1988-4882-b4c4-ff44179a1ed0-groupManagement] INFO  storage.RaftStorageDirectory (RaftStorageDirectoryImpl.java:analyzeStorage(137)) - The storage directory /home/runner/work/ozone/ozone/hadoop-ozone/integration-test/target/test-dir/MiniOzoneClusterImpl-67722190-891d-4afa-8cef-415625a2914e/datanode-0/data/ratis/d6801b57-a17d-4c13-a6e9-2a7bf07b114c does not exist. Creating ...
2023-08-28 09:32:35,282 [8f24c139-1988-4882-b4c4-ff44179a1ed0-groupManagement] INFO  storage.RaftStorageDirectory (RaftStorageDirectoryImpl.java:tryLock(231)) - Lock on /home/runner/work/ozone/ozone/hadoop-ozone/integration-test/target/test-dir/MiniOzoneClusterImpl-67722190-891d-4afa-8cef-415625a2914e/datanode-0/data/ratis/d6801b57-a17d-4c13-a6e9-2a7bf07b114c/in_use.lock acquired by nodename 61172@fv-az625-77
2023-08-28 09:32:35,283 [8f24c139-1988-4882-b4c4-ff44179a1ed0-groupManagement] INFO  storage.RaftStorage (RaftStorageImpl.java:format(96)) - Storage directory /home/runner/work/ozone/ozone/hadoop-ozone/integration-test/target/test-dir/MiniOzoneClusterImpl-67722190-891d-4afa-8cef-415625a2914e/datanode-0/data/ratis/d6801b57-a17d-4c13-a6e9-2a7bf07b114c has been successfully formatted.
2023-08-28 09:32:35,283 [8f24c139-1988-4882-b4c4-ff44179a1ed0-groupManagement] INFO  ratis.ContainerStateMachine (ContainerStateMachine.java:loadSnapshot(262)) - group-2A7BF07B114C: The snapshot info is null. Setting the last applied indexto:(t:0, i:~)
2023-08-28 09:32:35,283 [8f24c139-1988-4882-b4c4-ff44179a1ed0-groupManagement] INFO  server.RaftServerConfigKeys (ConfUtils.java:logGet(46)) - raft.server.log.use.memory = false (default)
2023-08-28 09:32:35,283 [8f24c139-1988-4882-b4c4-ff44179a1ed0-groupManagement] INFO  server.RaftServerConfigKeys (ConfUtils.java:logGet(46)) - raft.server.log.purge.gap = 1000000 (custom)
2023-08-28 09:32:35,283 [8f24c139-1988-4882-b4c4-ff44179a1ed0-groupManagement] INFO  server.RaftServerConfigKeys (ConfUtils.java:logGet(46)) - raft.server.log.appender.buffer.byte-limit = 33554432 (custom)
2023-08-28 09:32:35,284 [8f24c139-1988-4882-b4c4-ff44179a1ed0-groupManagement] INFO  server.RaftServerConfigKeys (ConfUtils.java:logGet(46)) - raft.server.log.statemachine.data.read.timeout = 1000ms (default)
2023-08-28 09:32:35,284 [8f24c139-1988-4882-b4c4-ff44179a1ed0-groupManagement] INFO  server.RaftServerConfigKeys (ConfUtils.java:logGet(46)) - raft.server.log.purge.preservation.log.num = 0 (default)
2023-08-28 09:32:35,285 [EventQueue-OpenPipelineForHealthyPipelineSafeModeRule] INFO  safemode.SCMSafeModeManager (HealthyPipelineSafeModeRule.java:process(137)) - SCM in safe mode. Healthy pipelines reported count is 0, required healthy pipeline reported count is 1
2023-08-28 09:32:35,285 [8f24c139-1988-4882-b4c4-ff44179a1ed0-groupManagement] INFO  server.RaftServerConfigKeys (ConfUtils.java:logGet(46)) - raft.server.log.segment.size.max = 1048576 (custom)
2023-08-28 09:32:35,285 [8f24c139-1988-4882-b4c4-ff44179a1ed0-groupManagement] INFO  server.RaftServerConfigKeys (ConfUtils.java:logGet(46)) - raft.server.log.segment.cache.num.max = 2 (custom)
2023-08-28 09:32:35,285 [8f24c139-1988-4882-b4c4-ff44179a1ed0-groupManagement] INFO  server.RaftServerConfigKeys (ConfUtils.java:logGet(46)) - raft.server.log.segment.cache.size.max = 200MB (=209715200) (default)
2023-08-28 09:32:35,285 [8f24c139-1988-4882-b4c4-ff44179a1ed0-groupManagement] INFO  server.RaftServerConfigKeys (ConfUtils.java:logGet(46)) - raft.server.log.appender.buffer.byte-limit = 33554432 (custom)
2023-08-28 09:32:35,285 [8f24c139-1988-4882-b4c4-ff44179a1ed0-groupManagement] INFO  segmented.SegmentedRaftLogWorker (SegmentedRaftLogWorker.java:<init>(188)) - new 8f24c139-1988-4882-b4c4-ff44179a1ed0@group-2A7BF07B114C-SegmentedRaftLogWorker for RaftStorageImpl:Storage Directory /home/runner/work/ozone/ozone/hadoop-ozone/integration-test/target/test-dir/MiniOzoneClusterImpl-67722190-891d-4afa-8cef-415625a2914e/datanode-0/data/ratis/d6801b57-a17d-4c13-a6e9-2a7bf07b114c
2023-08-28 09:32:35,285 [8f24c139-1988-4882-b4c4-ff44179a1ed0-groupManagement] INFO  server.RaftServerConfigKeys (ConfUtils.java:logGet(46)) - raft.server.log.queue.byte-limit = 4294967296 (custom)
2023-08-28 09:32:35,285 [8f24c139-1988-4882-b4c4-ff44179a1ed0-groupManagement] INFO  server.RaftServerConfigKeys (ConfUtils.java:logGet(46)) - raft.server.log.queue.element-limit = 1024 (custom)
2023-08-28 09:32:35,285 [8f24c139-1988-4882-b4c4-ff44179a1ed0-groupManagement] INFO  server.RaftServerConfigKeys (ConfUtils.java:logGet(46)) - raft.server.log.segment.size.max = 1048576 (custom)
2023-08-28 09:32:35,286 [8f24c139-1988-4882-b4c4-ff44179a1ed0-groupManagement] INFO  server.RaftServerConfigKeys (ConfUtils.java:logGet(46)) - raft.server.log.preallocated.size = 16384 (custom)
2023-08-28 09:32:35,286 [8f24c139-1988-4882-b4c4-ff44179a1ed0-groupManagement] INFO  server.RaftServerConfigKeys (ConfUtils.java:logGet(46)) - raft.server.log.force.sync.num = 128 (default)
2023-08-28 09:32:35,286 [8f24c139-1988-4882-b4c4-ff44179a1ed0-groupManagement] INFO  server.RaftServerConfigKeys (ConfUtils.java:logGet(46)) - raft.server.log.statemachine.data.sync = true (default)
2023-08-28 09:32:35,286 [8f24c139-1988-4882-b4c4-ff44179a1ed0-groupManagement] INFO  server.RaftServerConfigKeys (ConfUtils.java:logGet(46)) - raft.server.log.statemachine.data.sync.timeout = 10s (default)
2023-08-28 09:32:35,286 [8f24c139-1988-4882-b4c4-ff44179a1ed0-groupManagement] INFO  server.RaftServerConfigKeys (ConfUtils.java:logGet(46)) - raft.server.log.statemachine.data.sync.timeout.retry = -1 (default)
2023-08-28 09:32:35,286 [8f24c139-1988-4882-b4c4-ff44179a1ed0-groupManagement] INFO  server.RaftServerConfigKeys (ConfUtils.java:logGet(46)) - raft.server.log.write.buffer.size = 1048576 (custom)
2023-08-28 09:32:35,286 [8f24c139-1988-4882-b4c4-ff44179a1ed0-groupManagement] INFO  server.RaftServerConfigKeys (ConfUtils.java:logGet(46)) - raft.server.log.appender.buffer.byte-limit = 33554432 (custom)
2023-08-28 09:32:35,291 [8f24c139-1988-4882-b4c4-ff44179a1ed0-groupManagement] INFO  server.RaftServerConfigKeys (ConfUtils.java:logGet(46)) - raft.server.log.unsafe-flush.enabled = false (default)
2023-08-28 09:32:35,291 [8f24c139-1988-4882-b4c4-ff44179a1ed0-groupManagement] INFO  server.RaftServerConfigKeys (ConfUtils.java:logGet(46)) - raft.server.log.async-flush.enabled = false (default)
2023-08-28 09:32:35,292 [8f24c139-1988-4882-b4c4-ff44179a1ed0-groupManagement] INFO  server.RaftServerConfigKeys (ConfUtils.java:logGet(46)) - raft.server.log.statemachine.data.caching.enabled = true (custom)
2023-08-28 09:32:35,292 [8f24c139-1988-4882-b4c4-ff44179a1ed0-groupManagement] INFO  segmented.SegmentedRaftLogWorker (SegmentedRaftLogWorker.java:lambda$new$0(135)) - 8f24c139-1988-4882-b4c4-ff44179a1ed0@group-2A7BF07B114C-SegmentedRaftLogWorker: flushIndex: setUnconditionally 0 -> -1
2023-08-28 09:32:35,292 [8f24c139-1988-4882-b4c4-ff44179a1ed0-groupManagement] INFO  segmented.SegmentedRaftLogWorker (SegmentedRaftLogWorker.java:lambda$new$0(135)) - 8f24c139-1988-4882-b4c4-ff44179a1ed0@group-2A7BF07B114C-SegmentedRaftLogWorker: safeCacheEvictIndex: setUnconditionally 0 -> -1
2023-08-28 09:32:35,292 [8f24c139-1988-4882-b4c4-ff44179a1ed0-groupManagement] INFO  server.RaftServer$Division (RaftServerImpl.java:start(342)) - 8f24c139-1988-4882-b4c4-ff44179a1ed0@group-2A7BF07B114C: start as a follower, conf=-1: peers:[d600485d-b91b-41d8-8672-c913e6695d89|rpc:10.1.0.27:15076|admin:10.1.0.27:15075|client:10.1.0.27:15074|dataStream:10.1.0.27:15077|priority:0|startupRole:FOLLOWER, 454ab8f7-ff05-436e-934f-07f2970d48f1|rpc:10.1.0.27:15085|admin:10.1.0.27:15084|client:10.1.0.27:15083|dataStream:10.1.0.27:15086|priority:0|startupRole:FOLLOWER, 8f24c139-1988-4882-b4c4-ff44179a1ed0|rpc:10.1.0.27:15067|admin:10.1.0.27:15066|client:10.1.0.27:15065|dataStream:10.1.0.27:15068|priority:1|startupRole:FOLLOWER]|listeners:[], old=null
2023-08-28 09:32:35,292 [8f24c139-1988-4882-b4c4-ff44179a1ed0-groupManagement] INFO  server.RaftServer$Division (RaftServerImpl.java:setRole(329)) - 8f24c139-1988-4882-b4c4-ff44179a1ed0@group-2A7BF07B114C: changes role from      null to FOLLOWER at term 0 for startAsFollower
2023-08-28 09:32:35,292 [8f24c139-1988-4882-b4c4-ff44179a1ed0-groupManagement] INFO  impl.RoleInfo (RoleInfo.java:updateAndGet(139)) - 8f24c139-1988-4882-b4c4-ff44179a1ed0: start 8f24c139-1988-4882-b4c4-ff44179a1ed0@group-2A7BF07B114C-FollowerState
2023-08-28 09:32:35,294 [8f24c139-1988-4882-b4c4-ff44179a1ed0@group-2A7BF07B114C-FollowerState] INFO  server.RaftServerConfigKeys (ConfUtils.java:logFallback(53)) - raft.server.rpc.first-election.timeout.min = 5s (fallback to raft.server.rpc.timeout.min)
2023-08-28 09:32:35,294 [8f24c139-1988-4882-b4c4-ff44179a1ed0-groupManagement] INFO  util.JmxRegister (JmxRegister.java:tryRegister(44)) - Successfully registered JMX Bean with object name Ratis:service=RaftServer,group=group-2A7BF07B114C,id=8f24c139-1988-4882-b4c4-ff44179a1ed0
2023-08-28 09:32:35,294 [8f24c139-1988-4882-b4c4-ff44179a1ed0-groupManagement] INFO  server.RaftServerConfigKeys (ConfUtils.java:logGet(46)) - raft.server.snapshot.auto.trigger.enabled = true (custom)
2023-08-28 09:32:35,294 [8f24c139-1988-4882-b4c4-ff44179a1ed0@group-2A7BF07B114C-FollowerState] INFO  server.RaftServerConfigKeys (ConfUtils.java:logFallback(53)) - raft.server.rpc.first-election.timeout.max = 5200ms (fallback to raft.server.rpc.timeout.max)
2023-08-28 09:32:35,294 [8f24c139-1988-4882-b4c4-ff44179a1ed0-groupManagement] INFO  server.RaftServerConfigKeys (ConfUtils.java:logGet(46)) - raft.server.snapshot.auto.trigger.threshold = 10000 (custom)
2023-08-28 09:32:35,294 [8f24c139-1988-4882-b4c4-ff44179a1ed0-groupManagement] INFO  server.RaftServerConfigKeys (ConfUtils.java:logGet(46)) - raft.server.snapshot.retention.file.num = 5 (custom)
2023-08-28 09:32:35,294 [8f24c139-1988-4882-b4c4-ff44179a1ed0-groupManagement] INFO  server.RaftServerConfigKeys (ConfUtils.java:logGet(46)) - raft.server.log.purge.upto.snapshot.index = false (default)
2023-08-28 09:32:35,296 [PipelineCommandHandlerThread-0] INFO  ratis.XceiverServerRatis (XceiverServerRatis.java:addGroup(804)) - Created group PipelineID=d6801b57-a17d-4c13-a6e9-2a7bf07b114c
2023-08-28 09:32:35,309 [grpc-default-executor-0] INFO  server.RaftServer (RaftServerProxy.java:addNew(98)) - d600485d-b91b-41d8-8672-c913e6695d89: addNew group-2A7BF07B114C:[d600485d-b91b-41d8-8672-c913e6695d89|rpc:10.1.0.27:15076|admin:10.1.0.27:15075|client:10.1.0.27:15074|dataStream:10.1.0.27:15077|priority:0|startupRole:FOLLOWER, 454ab8f7-ff05-436e-934f-07f2970d48f1|rpc:10.1.0.27:15085|admin:10.1.0.27:15084|client:10.1.0.27:15083|dataStream:10.1.0.27:15086|priority:0|startupRole:FOLLOWER, 8f24c139-1988-4882-b4c4-ff44179a1ed0|rpc:10.1.0.27:15067|admin:10.1.0.27:15066|client:10.1.0.27:15065|dataStream:10.1.0.27:15068|priority:1|startupRole:FOLLOWER] returns group-2A7BF07B114C:java.util.concurrent.CompletableFuture@6b249637[Not completed]
2023-08-28 09:32:35,310 [d600485d-b91b-41d8-8672-c913e6695d89-groupManagement] INFO  server.RaftServer$Division (RaftServerImpl.java:<init>(198)) - d600485d-b91b-41d8-8672-c913e6695d89: new RaftServerImpl for group-2A7BF07B114C:[d600485d-b91b-41d8-8672-c913e6695d89|rpc:10.1.0.27:15076|admin:10.1.0.27:15075|client:10.1.0.27:15074|dataStream:10.1.0.27:15077|priority:0|startupRole:FOLLOWER, 454ab8f7-ff05-436e-934f-07f2970d48f1|rpc:10.1.0.27:15085|admin:10.1.0.27:15084|client:10.1.0.27:15083|dataStream:10.1.0.27:15086|priority:0|startupRole:FOLLOWER, 8f24c139-1988-4882-b4c4-ff44179a1ed0|rpc:10.1.0.27:15067|admin:10.1.0.27:15066|client:10.1.0.27:15065|dataStream:10.1.0.27:15068|priority:1|startupRole:FOLLOWER] with ContainerStateMachine:uninitialized
2023-08-28 09:32:35,310 [d600485d-b91b-41d8-8672-c913e6695d89-groupManagement] INFO  server.RaftServerConfigKeys (ConfUtils.java:logGet(46)) - raft.server.rpc.timeout.min = 5s (custom)
2023-08-28 09:32:35,310 [d600485d-b91b-41d8-8672-c913e6695d89-groupManagement] INFO  server.RaftServerConfigKeys (ConfUtils.java:logGet(46)) - raft.server.rpc.timeout.max = 5200ms (custom)
2023-08-28 09:32:35,310 [d600485d-b91b-41d8-8672-c913e6695d89-groupManagement] INFO  server.RaftServerConfigKeys (ConfUtils.java:logGet(46)) - raft.server.rpc.sleep.time = 25ms (default)
2023-08-28 09:32:35,310 [d600485d-b91b-41d8-8672-c913e6695d89-groupManagement] INFO  server.RaftServerConfigKeys (ConfUtils.java:logGet(46)) - raft.server.rpc.slowness.timeout = 300s (custom)
2023-08-28 09:32:35,310 [d600485d-b91b-41d8-8672-c913e6695d89-groupManagement] INFO  server.RaftServerConfigKeys (ConfUtils.java:logGet(46)) - raft.server.leaderelection.leader.step-down.wait-time = 10s (default)
2023-08-28 09:32:35,310 [d600485d-b91b-41d8-8672-c913e6695d89-groupManagement] INFO  server.RaftServerConfigKeys (ConfUtils.java:logGet(46)) - raft.server.sleep.deviation.threshold = 300ms (default)
2023-08-28 09:32:35,310 [d600485d-b91b-41d8-8672-c913e6695d89-groupManagement] INFO  server.RaftServer$Division (ServerState.java:<init>(120)) - d600485d-b91b-41d8-8672-c913e6695d89@group-2A7BF07B114C: ConfigurationManager, init=-1: peers:[d600485d-b91b-41d8-8672-c913e6695d89|rpc:10.1.0.27:15076|admin:10.1.0.27:15075|client:10.1.0.27:15074|dataStream:10.1.0.27:15077|priority:0|startupRole:FOLLOWER, 454ab8f7-ff05-436e-934f-07f2970d48f1|rpc:10.1.0.27:15085|admin:10.1.0.27:15084|client:10.1.0.27:15083|dataStream:10.1.0.27:15086|priority:0|startupRole:FOLLOWER, 8f24c139-1988-4882-b4c4-ff44179a1ed0|rpc:10.1.0.27:15067|admin:10.1.0.27:15066|client:10.1.0.27:15065|dataStream:10.1.0.27:15068|priority:1|startupRole:FOLLOWER]|listeners:[], old=null, confs=<EMPTY_MAP>
2023-08-28 09:32:35,311 [d600485d-b91b-41d8-8672-c913e6695d89-groupManagement] INFO  server.RaftServerConfigKeys (ConfUtils.java:logGet(46)) - raft.server.storage.dir = [/home/runner/work/ozone/ozone/hadoop-ozone/integration-test/target/test-dir/MiniOzoneClusterImpl-67722190-891d-4afa-8cef-415625a2914e/datanode-1/data/ratis] (custom)
2023-08-28 09:32:35,311 [d600485d-b91b-41d8-8672-c913e6695d89-groupManagement] INFO  server.RaftServerConfigKeys (ConfUtils.java:logGet(46)) - raft.server.log.corruption.policy = EXCEPTION (default)
2023-08-28 09:32:35,311 [d600485d-b91b-41d8-8672-c913e6695d89-groupManagement] INFO  server.RaftServerConfigKeys (ConfUtils.java:logGet(46)) - raft.server.storage.free-space.min = 0MB (=0) (default)
2023-08-28 09:32:35,311 [d600485d-b91b-41d8-8672-c913e6695d89-groupManagement] INFO  server.RaftServerConfigKeys (ConfUtils.java:logGet(46)) - raft.server.notification.no-leader.timeout = 300s (custom)
2023-08-28 09:32:35,311 [d600485d-b91b-41d8-8672-c913e6695d89-groupManagement] INFO  server.RaftServerConfigKeys (ConfUtils.java:logGet(46)) - raft.server.read.timeout = 10s (default)
2023-08-28 09:32:35,311 [d600485d-b91b-41d8-8672-c913e6695d89-groupManagement] INFO  server.RaftServerConfigKeys (ConfUtils.java:logGet(46)) - raft.server.retrycache.expirytime = 600000ms (custom)
2023-08-28 09:32:35,311 [d600485d-b91b-41d8-8672-c913e6695d89-groupManagement] INFO  server.RaftServerConfigKeys (ConfUtils.java:logGet(46)) - raft.server.retrycache.statistics.expirytime = 100μs (default)
2023-08-28 09:32:35,311 [d600485d-b91b-41d8-8672-c913e6695d89-groupManagement] INFO  server.RaftServerConfigKeys (ConfUtils.java:logGet(46)) - raft.server.read.option = DEFAULT (default)
2023-08-28 09:32:35,312 [d600485d-b91b-41d8-8672-c913e6695d89-groupManagement] INFO  server.RaftServerConfigKeys (ConfUtils.java:logGet(46)) - raft.server.rpc.request.timeout = 60s (custom)
2023-08-28 09:32:35,312 [d600485d-b91b-41d8-8672-c913e6695d89-groupManagement] INFO  server.RaftServerConfigKeys (ConfUtils.java:logGet(46)) - raft.server.log.appender.install.snapshot.enabled = false (custom)
2023-08-28 09:32:35,312 [d600485d-b91b-41d8-8672-c913e6695d89-groupManagement] INFO  server.RaftServerConfigKeys (ConfUtils.java:logGet(46)) - raft.server.threadpool.server.cached = true (default)
2023-08-28 09:32:35,312 [d600485d-b91b-41d8-8672-c913e6695d89-groupManagement] INFO  server.RaftServerConfigKeys (ConfUtils.java:logGet(46)) - raft.server.threadpool.server.size = 0 (default)
2023-08-28 09:32:35,312 [d600485d-b91b-41d8-8672-c913e6695d89-groupManagement] INFO  server.RaftServerConfigKeys (ConfUtils.java:logGet(46)) - raft.server.threadpool.client.cached = true (default)
2023-08-28 09:32:35,312 [d600485d-b91b-41d8-8672-c913e6695d89-groupManagement] INFO  server.RaftServerConfigKeys (ConfUtils.java:logGet(46)) - raft.server.threadpool.client.size = 0 (default)
2023-08-28 09:32:35,312 [d600485d-b91b-41d8-8672-c913e6695d89-groupManagement] INFO  storage.RaftStorageDirectory (RaftStorageDirectoryImpl.java:analyzeStorage(137)) - The storage directory /home/runner/work/ozone/ozone/hadoop-ozone/integration-test/target/test-dir/MiniOzoneClusterImpl-67722190-891d-4afa-8cef-415625a2914e/datanode-1/data/ratis/d6801b57-a17d-4c13-a6e9-2a7bf07b114c does not exist. Creating ...
2023-08-28 09:32:35,314 [d600485d-b91b-41d8-8672-c913e6695d89-groupManagement] INFO  storage.RaftStorageDirectory (RaftStorageDirectoryImpl.java:tryLock(231)) - Lock on /home/runner/work/ozone/ozone/hadoop-ozone/integration-test/target/test-dir/MiniOzoneClusterImpl-67722190-891d-4afa-8cef-415625a2914e/datanode-1/data/ratis/d6801b57-a17d-4c13-a6e9-2a7bf07b114c/in_use.lock acquired by nodename 61172@fv-az625-77
2023-08-28 09:32:35,316 [d600485d-b91b-41d8-8672-c913e6695d89-groupManagement] INFO  storage.RaftStorage (RaftStorageImpl.java:format(96)) - Storage directory /home/runner/work/ozone/ozone/hadoop-ozone/integration-test/target/test-dir/MiniOzoneClusterImpl-67722190-891d-4afa-8cef-415625a2914e/datanode-1/data/ratis/d6801b57-a17d-4c13-a6e9-2a7bf07b114c has been successfully formatted.
2023-08-28 09:32:35,317 [d600485d-b91b-41d8-8672-c913e6695d89-groupManagement] INFO  ratis.ContainerStateMachine (ContainerStateMachine.java:loadSnapshot(262)) - group-2A7BF07B114C: The snapshot info is null. Setting the last applied indexto:(t:0, i:~)
2023-08-28 09:32:35,318 [d600485d-b91b-41d8-8672-c913e6695d89-groupManagement] INFO  server.RaftServerConfigKeys (ConfUtils.java:logGet(46)) - raft.server.log.use.memory = false (default)
2023-08-28 09:32:35,318 [d600485d-b91b-41d8-8672-c913e6695d89-groupManagement] INFO  server.RaftServerConfigKeys (ConfUtils.java:logGet(46)) - raft.server.log.purge.gap = 1000000 (custom)
2023-08-28 09:32:35,318 [d600485d-b91b-41d8-8672-c913e6695d89-groupManagement] INFO  server.RaftServerConfigKeys (ConfUtils.java:logGet(46)) - raft.server.log.appender.buffer.byte-limit = 33554432 (custom)
2023-08-28 09:32:35,318 [d600485d-b91b-41d8-8672-c913e6695d89-groupManagement] INFO  server.RaftServerConfigKeys (ConfUtils.java:logGet(46)) - raft.server.log.statemachine.data.read.timeout = 1000ms (default)
2023-08-28 09:32:35,318 [d600485d-b91b-41d8-8672-c913e6695d89-groupManagement] INFO  server.RaftServerConfigKeys (ConfUtils.java:logGet(46)) - raft.server.log.purge.preservation.log.num = 0 (default)
2023-08-28 09:32:35,318 [d600485d-b91b-41d8-8672-c913e6695d89-groupManagement] INFO  server.RaftServerConfigKeys (ConfUtils.java:logGet(46)) - raft.server.log.segment.size.max = 1048576 (custom)
2023-08-28 09:32:35,318 [d600485d-b91b-41d8-8672-c913e6695d89-groupManagement] INFO  server.RaftServerConfigKeys (ConfUtils.java:logGet(46)) - raft.server.log.segment.cache.num.max = 2 (custom)
2023-08-28 09:32:35,318 [d600485d-b91b-41d8-8672-c913e6695d89-groupManagement] INFO  server.RaftServerConfigKeys (ConfUtils.java:logGet(46)) - raft.server.log.segment.cache.size.max = 200MB (=209715200) (default)
2023-08-28 09:32:35,318 [d600485d-b91b-41d8-8672-c913e6695d89-groupManagement] INFO  server.RaftServerConfigKeys (ConfUtils.java:logGet(46)) - raft.server.log.appender.buffer.byte-limit = 33554432 (custom)
2023-08-28 09:32:35,318 [d600485d-b91b-41d8-8672-c913e6695d89-groupManagement] INFO  segmented.SegmentedRaftLogWorker (SegmentedRaftLogWorker.java:<init>(188)) - new d600485d-b91b-41d8-8672-c913e6695d89@group-2A7BF07B114C-SegmentedRaftLogWorker for RaftStorageImpl:Storage Directory /home/runner/work/ozone/ozone/hadoop-ozone/integration-test/target/test-dir/MiniOzoneClusterImpl-67722190-891d-4afa-8cef-415625a2914e/datanode-1/data/ratis/d6801b57-a17d-4c13-a6e9-2a7bf07b114c
2023-08-28 09:32:35,318 [d600485d-b91b-41d8-8672-c913e6695d89-groupManagement] INFO  server.RaftServerConfigKeys (ConfUtils.java:logGet(46)) - raft.server.log.queue.byte-limit = 4294967296 (custom)
2023-08-28 09:32:35,318 [d600485d-b91b-41d8-8672-c913e6695d89-groupManagement] INFO  server.RaftServerConfigKeys (ConfUtils.java:logGet(46)) - raft.server.log.queue.element-limit = 1024 (custom)
2023-08-28 09:32:35,318 [d600485d-b91b-41d8-8672-c913e6695d89-groupManagement] INFO  server.RaftServerConfigKeys (ConfUtils.java:logGet(46)) - raft.server.log.segment.size.max = 1048576 (custom)
2023-08-28 09:32:35,319 [d600485d-b91b-41d8-8672-c913e6695d89-groupManagement] INFO  server.RaftServerConfigKeys (ConfUtils.java:logGet(46)) - raft.server.log.preallocated.size = 16384 (custom)
2023-08-28 09:32:35,319 [d600485d-b91b-41d8-8672-c913e6695d89-groupManagement] INFO  server.RaftServerConfigKeys (ConfUtils.java:logGet(46)) - raft.server.log.force.sync.num = 128 (default)
2023-08-28 09:32:35,319 [d600485d-b91b-41d8-8672-c913e6695d89-groupManagement] INFO  server.RaftServerConfigKeys (ConfUtils.java:logGet(46)) - raft.server.log.statemachine.data.sync = true (default)
2023-08-28 09:32:35,319 [d600485d-b91b-41d8-8672-c913e6695d89-groupManagement] INFO  server.RaftServerConfigKeys (ConfUtils.java:logGet(46)) - raft.server.log.statemachine.data.sync.timeout = 10s (default)
2023-08-28 09:32:35,319 [d600485d-b91b-41d8-8672-c913e6695d89-groupManagement] INFO  server.RaftServerConfigKeys (ConfUtils.java:logGet(46)) - raft.server.log.statemachine.data.sync.timeout.retry = -1 (default)
2023-08-28 09:32:35,319 [d600485d-b91b-41d8-8672-c913e6695d89-groupManagement] INFO  server.RaftServerConfigKeys (ConfUtils.java:logGet(46)) - raft.server.log.write.buffer.size = 1048576 (custom)
2023-08-28 09:32:35,319 [d600485d-b91b-41d8-8672-c913e6695d89-groupManagement] INFO  server.RaftServerConfigKeys (ConfUtils.java:logGet(46)) - raft.server.log.appender.buffer.byte-limit = 33554432 (custom)
2023-08-28 09:32:35,324 [d600485d-b91b-41d8-8672-c913e6695d89-groupManagement] INFO  server.RaftServerConfigKeys (ConfUtils.java:logGet(46)) - raft.server.log.unsafe-flush.enabled = false (default)
2023-08-28 09:32:35,324 [d600485d-b91b-41d8-8672-c913e6695d89-groupManagement] INFO  server.RaftServerConfigKeys (ConfUtils.java:logGet(46)) - raft.server.log.async-flush.enabled = false (default)
2023-08-28 09:32:35,324 [d600485d-b91b-41d8-8672-c913e6695d89-groupManagement] INFO  server.RaftServerConfigKeys (ConfUtils.java:logGet(46)) - raft.server.log.statemachine.data.caching.enabled = true (custom)
2023-08-28 09:32:35,325 [d600485d-b91b-41d8-8672-c913e6695d89-groupManagement] INFO  segmented.SegmentedRaftLogWorker (SegmentedRaftLogWorker.java:lambda$new$0(135)) - d600485d-b91b-41d8-8672-c913e6695d89@group-2A7BF07B114C-SegmentedRaftLogWorker: flushIndex: setUnconditionally 0 -> -1
2023-08-28 09:32:35,325 [d600485d-b91b-41d8-8672-c913e6695d89-groupManagement] INFO  segmented.SegmentedRaftLogWorker (SegmentedRaftLogWorker.java:lambda$new$0(135)) - d600485d-b91b-41d8-8672-c913e6695d89@group-2A7BF07B114C-SegmentedRaftLogWorker: safeCacheEvictIndex: setUnconditionally 0 -> -1
2023-08-28 09:32:35,325 [d600485d-b91b-41d8-8672-c913e6695d89-groupManagement] INFO  server.RaftServer$Division (RaftServerImpl.java:start(342)) - d600485d-b91b-41d8-8672-c913e6695d89@group-2A7BF07B114C: start as a follower, conf=-1: peers:[d600485d-b91b-41d8-8672-c913e6695d89|rpc:10.1.0.27:15076|admin:10.1.0.27:15075|client:10.1.0.27:15074|dataStream:10.1.0.27:15077|priority:0|startupRole:FOLLOWER, 454ab8f7-ff05-436e-934f-07f2970d48f1|rpc:10.1.0.27:15085|admin:10.1.0.27:15084|client:10.1.0.27:15083|dataStream:10.1.0.27:15086|priority:0|startupRole:FOLLOWER, 8f24c139-1988-4882-b4c4-ff44179a1ed0|rpc:10.1.0.27:15067|admin:10.1.0.27:15066|client:10.1.0.27:15065|dataStream:10.1.0.27:15068|priority:1|startupRole:FOLLOWER]|listeners:[], old=null
2023-08-28 09:32:35,325 [d600485d-b91b-41d8-8672-c913e6695d89-groupManagement] INFO  server.RaftServer$Division (RaftServerImpl.java:setRole(329)) - d600485d-b91b-41d8-8672-c913e6695d89@group-2A7BF07B114C: changes role from      null to FOLLOWER at term 0 for startAsFollower
2023-08-28 09:32:35,325 [d600485d-b91b-41d8-8672-c913e6695d89-groupManagement] INFO  impl.RoleInfo (RoleInfo.java:updateAndGet(139)) - d600485d-b91b-41d8-8672-c913e6695d89: start d600485d-b91b-41d8-8672-c913e6695d89@group-2A7BF07B114C-FollowerState
2023-08-28 09:32:35,329 [d600485d-b91b-41d8-8672-c913e6695d89-groupManagement] INFO  util.JmxRegister (JmxRegister.java:tryRegister(44)) - Successfully registered JMX Bean with object name Ratis:service=RaftServer,group=group-2A7BF07B114C,id=d600485d-b91b-41d8-8672-c913e6695d89
2023-08-28 09:32:35,329 [d600485d-b91b-41d8-8672-c913e6695d89-groupManagement] INFO  server.RaftServerConfigKeys (ConfUtils.java:logGet(46)) - raft.server.snapshot.auto.trigger.enabled = true (custom)
2023-08-28 09:32:35,329 [d600485d-b91b-41d8-8672-c913e6695d89-groupManagement] INFO  server.RaftServerConfigKeys (ConfUtils.java:logGet(46)) - raft.server.snapshot.auto.trigger.threshold = 10000 (custom)
2023-08-28 09:32:35,329 [d600485d-b91b-41d8-8672-c913e6695d89-groupManagement] INFO  server.RaftServerConfigKeys (ConfUtils.java:logGet(46)) - raft.server.snapshot.retention.file.num = 5 (custom)
2023-08-28 09:32:35,329 [d600485d-b91b-41d8-8672-c913e6695d89-groupManagement] INFO  server.RaftServerConfigKeys (ConfUtils.java:logGet(46)) - raft.server.log.purge.upto.snapshot.index = false (default)
2023-08-28 09:32:35,330 [d600485d-b91b-41d8-8672-c913e6695d89@group-2A7BF07B114C-FollowerState] INFO  server.RaftServerConfigKeys (ConfUtils.java:logFallback(53)) - raft.server.rpc.first-election.timeout.min = 5s (fallback to raft.server.rpc.timeout.min)
2023-08-28 09:32:35,330 [d600485d-b91b-41d8-8672-c913e6695d89@group-2A7BF07B114C-FollowerState] INFO  server.RaftServerConfigKeys (ConfUtils.java:logFallback(53)) - raft.server.rpc.first-election.timeout.max = 5200ms (fallback to raft.server.rpc.timeout.max)
2023-08-28 09:32:35,356 [grpc-default-executor-0] INFO  server.RaftServer (RaftServerProxy.java:addNew(98)) - 454ab8f7-ff05-436e-934f-07f2970d48f1: addNew group-2A7BF07B114C:[d600485d-b91b-41d8-8672-c913e6695d89|rpc:10.1.0.27:15076|admin:10.1.0.27:15075|client:10.1.0.27:15074|dataStream:10.1.0.27:15077|priority:0|startupRole:FOLLOWER, 454ab8f7-ff05-436e-934f-07f2970d48f1|rpc:10.1.0.27:15085|admin:10.1.0.27:15084|client:10.1.0.27:15083|dataStream:10.1.0.27:15086|priority:0|startupRole:FOLLOWER, 8f24c139-1988-4882-b4c4-ff44179a1ed0|rpc:10.1.0.27:15067|admin:10.1.0.27:15066|client:10.1.0.27:15065|dataStream:10.1.0.27:15068|priority:1|startupRole:FOLLOWER] returns group-2A7BF07B114C:java.util.concurrent.CompletableFuture@64c023ef[Not completed]
2023-08-28 09:32:35,356 [main] INFO  ozone.MiniOzoneClusterImpl (MiniOzoneClusterImpl.java:lambda$waitForClusterToBeReady$0(224)) - Nodes are ready. Got 5 of 5 DN Heartbeats.
2023-08-28 09:32:35,356 [main] INFO  ozone.MiniOzoneClusterImpl (MiniOzoneClusterImpl.java:lambda$waitForClusterToBeReady$0(227)) - Waiting for cluster to exit safe mode
2023-08-28 09:32:35,356 [main] INFO  ozone.MiniOzoneClusterImpl (MiniOzoneClusterImpl.java:lambda$waitForClusterToBeReady$0(229)) - SCM became leader
2023-08-28 09:32:35,358 [454ab8f7-ff05-436e-934f-07f2970d48f1-groupManagement] INFO  server.RaftServer$Division (RaftServerImpl.java:<init>(198)) - 454ab8f7-ff05-436e-934f-07f2970d48f1: new RaftServerImpl for group-2A7BF07B114C:[d600485d-b91b-41d8-8672-c913e6695d89|rpc:10.1.0.27:15076|admin:10.1.0.27:15075|client:10.1.0.27:15074|dataStream:10.1.0.27:15077|priority:0|startupRole:FOLLOWER, 454ab8f7-ff05-436e-934f-07f2970d48f1|rpc:10.1.0.27:15085|admin:10.1.0.27:15084|client:10.1.0.27:15083|dataStream:10.1.0.27:15086|priority:0|startupRole:FOLLOWER, 8f24c139-1988-4882-b4c4-ff44179a1ed0|rpc:10.1.0.27:15067|admin:10.1.0.27:15066|client:10.1.0.27:15065|dataStream:10.1.0.27:15068|priority:1|startupRole:FOLLOWER] with ContainerStateMachine:uninitialized
2023-08-28 09:32:35,358 [454ab8f7-ff05-436e-934f-07f2970d48f1-groupManagement] INFO  server.RaftServerConfigKeys (ConfUtils.java:logGet(46)) - raft.server.rpc.timeout.min = 5s (custom)
2023-08-28 09:32:35,358 [454ab8f7-ff05-436e-934f-07f2970d48f1-groupManagement] INFO  server.RaftServerConfigKeys (ConfUtils.java:logGet(46)) - raft.server.rpc.timeout.max = 5200ms (custom)
2023-08-28 09:32:35,358 [454ab8f7-ff05-436e-934f-07f2970d48f1-groupManagement] INFO  server.RaftServerConfigKeys (ConfUtils.java:logGet(46)) - raft.server.rpc.sleep.time = 25ms (default)
2023-08-28 09:32:35,358 [454ab8f7-ff05-436e-934f-07f2970d48f1-groupManagement] INFO  server.RaftServerConfigKeys (ConfUtils.java:logGet(46)) - raft.server.rpc.slowness.timeout = 300s (custom)
2023-08-28 09:32:35,358 [454ab8f7-ff05-436e-934f-07f2970d48f1-groupManagement] INFO  server.RaftServerConfigKeys (ConfUtils.java:logGet(46)) - raft.server.leaderelection.leader.step-down.wait-time = 10s (default)
2023-08-28 09:32:35,359 [454ab8f7-ff05-436e-934f-07f2970d48f1-groupManagement] INFO  server.RaftServerConfigKeys (ConfUtils.java:logGet(46)) - raft.server.sleep.deviation.threshold = 300ms (default)
2023-08-28 09:32:35,359 [454ab8f7-ff05-436e-934f-07f2970d48f1-groupManagement] INFO  server.RaftServer$Division (ServerState.java:<init>(120)) - 454ab8f7-ff05-436e-934f-07f2970d48f1@group-2A7BF07B114C: ConfigurationManager, init=-1: peers:[d600485d-b91b-41d8-8672-c913e6695d89|rpc:10.1.0.27:15076|admin:10.1.0.27:15075|client:10.1.0.27:15074|dataStream:10.1.0.27:15077|priority:0|startupRole:FOLLOWER, 454ab8f7-ff05-436e-934f-07f2970d48f1|rpc:10.1.0.27:15085|admin:10.1.0.27:15084|client:10.1.0.27:15083|dataStream:10.1.0.27:15086|priority:0|startupRole:FOLLOWER, 8f24c139-1988-4882-b4c4-ff44179a1ed0|rpc:10.1.0.27:15067|admin:10.1.0.27:15066|client:10.1.0.27:15065|dataStream:10.1.0.27:15068|priority:1|startupRole:FOLLOWER]|listeners:[], old=null, confs=<EMPTY_MAP>
2023-08-28 09:32:35,359 [454ab8f7-ff05-436e-934f-07f2970d48f1-groupManagement] INFO  server.RaftServerConfigKeys (ConfUtils.java:logGet(46)) - raft.server.storage.dir = [/home/runner/work/ozone/ozone/hadoop-ozone/integration-test/target/test-dir/MiniOzoneClusterImpl-67722190-891d-4afa-8cef-415625a2914e/datanode-2/data/ratis] (custom)
2023-08-28 09:32:35,359 [454ab8f7-ff05-436e-934f-07f2970d48f1-groupManagement] INFO  server.RaftServerConfigKeys (ConfUtils.java:logGet(46)) - raft.server.log.corruption.policy = EXCEPTION (default)
2023-08-28 09:32:35,359 [454ab8f7-ff05-436e-934f-07f2970d48f1-groupManagement] INFO  server.RaftServerConfigKeys (ConfUtils.java:logGet(46)) - raft.server.storage.free-space.min = 0MB (=0) (default)
2023-08-28 09:32:35,359 [454ab8f7-ff05-436e-934f-07f2970d48f1-groupManagement] INFO  server.RaftServerConfigKeys (ConfUtils.java:logGet(46)) - raft.server.notification.no-leader.timeout = 300s (custom)
2023-08-28 09:32:35,359 [454ab8f7-ff05-436e-934f-07f2970d48f1-groupManagement] INFO  server.RaftServerConfigKeys (ConfUtils.java:logGet(46)) - raft.server.read.timeout = 10s (default)
2023-08-28 09:32:35,359 [454ab8f7-ff05-436e-934f-07f2970d48f1-groupManagement] INFO  server.RaftServerConfigKeys (ConfUtils.java:logGet(46)) - raft.server.retrycache.expirytime = 600000ms (custom)
2023-08-28 09:32:35,359 [454ab8f7-ff05-436e-934f-07f2970d48f1-groupManagement] INFO  server.RaftServerConfigKeys (ConfUtils.java:logGet(46)) - raft.server.retrycache.statistics.expirytime = 100μs (default)
2023-08-28 09:32:35,359 [454ab8f7-ff05-436e-934f-07f2970d48f1-groupManagement] INFO  server.RaftServerConfigKeys (ConfUtils.java:logGet(46)) - raft.server.read.option = DEFAULT (default)
2023-08-28 09:32:35,360 [454ab8f7-ff05-436e-934f-07f2970d48f1-groupManagement] INFO  server.RaftServerConfigKeys (ConfUtils.java:logGet(46)) - raft.server.rpc.request.timeout = 60s (custom)
2023-08-28 09:32:35,360 [454ab8f7-ff05-436e-934f-07f2970d48f1-groupManagement] INFO  server.RaftServerConfigKeys (ConfUtils.java:logGet(46)) - raft.server.log.appender.install.snapshot.enabled = false (custom)
2023-08-28 09:32:35,360 [454ab8f7-ff05-436e-934f-07f2970d48f1-groupManagement] INFO  server.RaftServerConfigKeys (ConfUtils.java:logGet(46)) - raft.server.threadpool.server.cached = true (default)
2023-08-28 09:32:35,360 [454ab8f7-ff05-436e-934f-07f2970d48f1-groupManagement] INFO  server.RaftServerConfigKeys (ConfUtils.java:logGet(46)) - raft.server.threadpool.server.size = 0 (default)
2023-08-28 09:32:35,360 [454ab8f7-ff05-436e-934f-07f2970d48f1-groupManagement] INFO  server.RaftServerConfigKeys (ConfUtils.java:logGet(46)) - raft.server.threadpool.client.cached = true (default)
2023-08-28 09:32:35,360 [454ab8f7-ff05-436e-934f-07f2970d48f1-groupManagement] INFO  server.RaftServerConfigKeys (ConfUtils.java:logGet(46)) - raft.server.threadpool.client.size = 0 (default)
2023-08-28 09:32:35,360 [454ab8f7-ff05-436e-934f-07f2970d48f1-groupManagement] INFO  storage.RaftStorageDirectory (RaftStorageDirectoryImpl.java:analyzeStorage(137)) - The storage directory /home/runner/work/ozone/ozone/hadoop-ozone/integration-test/target/test-dir/MiniOzoneClusterImpl-67722190-891d-4afa-8cef-415625a2914e/datanode-2/data/ratis/d6801b57-a17d-4c13-a6e9-2a7bf07b114c does not exist. Creating ...
2023-08-28 09:32:35,362 [454ab8f7-ff05-436e-934f-07f2970d48f1-groupManagement] INFO  storage.RaftStorageDirectory (RaftStorageDirectoryImpl.java:tryLock(231)) - Lock on /home/runner/work/ozone/ozone/hadoop-ozone/integration-test/target/test-dir/MiniOzoneClusterImpl-67722190-891d-4afa-8cef-415625a2914e/datanode-2/data/ratis/d6801b57-a17d-4c13-a6e9-2a7bf07b114c/in_use.lock acquired by nodename 61172@fv-az625-77
2023-08-28 09:32:35,365 [454ab8f7-ff05-436e-934f-07f2970d48f1-groupManagement] INFO  storage.RaftStorage (RaftStorageImpl.java:format(96)) - Storage directory /home/runner/work/ozone/ozone/hadoop-ozone/integration-test/target/test-dir/MiniOzoneClusterImpl-67722190-891d-4afa-8cef-415625a2914e/datanode-2/data/ratis/d6801b57-a17d-4c13-a6e9-2a7bf07b114c has been successfully formatted.
2023-08-28 09:32:35,366 [454ab8f7-ff05-436e-934f-07f2970d48f1-groupManagement] INFO  ratis.ContainerStateMachine (ContainerStateMachine.java:loadSnapshot(262)) - group-2A7BF07B114C: The snapshot info is null. Setting the last applied indexto:(t:0, i:~)
2023-08-28 09:32:35,366 [454ab8f7-ff05-436e-934f-07f2970d48f1-groupManagement] INFO  server.RaftServerConfigKeys (ConfUtils.java:logGet(46)) - raft.server.log.use.memory = false (default)
2023-08-28 09:32:35,366 [454ab8f7-ff05-436e-934f-07f2970d48f1-groupManagement] INFO  server.RaftServerConfigKeys (ConfUtils.java:logGet(46)) - raft.server.log.purge.gap = 1000000 (custom)
2023-08-28 09:32:35,366 [454ab8f7-ff05-436e-934f-07f2970d48f1-groupManagement] INFO  server.RaftServerConfigKeys (ConfUtils.java:logGet(46)) - raft.server.log.appender.buffer.byte-limit = 33554432 (custom)
2023-08-28 09:32:35,366 [454ab8f7-ff05-436e-934f-07f2970d48f1-groupManagement] INFO  server.RaftServerConfigKeys (ConfUtils.java:logGet(46)) - raft.server.log.statemachine.data.read.timeout = 1000ms (default)
2023-08-28 09:32:35,367 [454ab8f7-ff05-436e-934f-07f2970d48f1-groupManagement] INFO  server.RaftServerConfigKeys (ConfUtils.java:logGet(46)) - raft.server.log.purge.preservation.log.num = 0 (default)
2023-08-28 09:32:35,367 [454ab8f7-ff05-436e-934f-07f2970d48f1-groupManagement] INFO  server.RaftServerConfigKeys (ConfUtils.java:logGet(46)) - raft.server.log.segment.size.max = 1048576 (custom)
2023-08-28 09:32:35,367 [454ab8f7-ff05-436e-934f-07f2970d48f1-groupManagement] INFO  server.RaftServerConfigKeys (ConfUtils.java:logGet(46)) - raft.server.log.segment.cache.num.max = 2 (custom)
2023-08-28 09:32:35,367 [454ab8f7-ff05-436e-934f-07f2970d48f1-groupManagement] INFO  server.RaftServerConfigKeys (ConfUtils.java:logGet(46)) - raft.server.log.segment.cache.size.max = 200MB (=209715200) (default)
2023-08-28 09:32:35,367 [454ab8f7-ff05-436e-934f-07f2970d48f1-groupManagement] INFO  server.RaftServerConfigKeys (ConfUtils.java:logGet(46)) - raft.server.log.appender.buffer.byte-limit = 33554432 (custom)
2023-08-28 09:32:35,367 [454ab8f7-ff05-436e-934f-07f2970d48f1-groupManagement] INFO  segmented.SegmentedRaftLogWorker (SegmentedRaftLogWorker.java:<init>(188)) - new 454ab8f7-ff05-436e-934f-07f2970d48f1@group-2A7BF07B114C-SegmentedRaftLogWorker for RaftStorageImpl:Storage Directory /home/runner/work/ozone/ozone/hadoop-ozone/integration-test/target/test-dir/MiniOzoneClusterImpl-67722190-891d-4afa-8cef-415625a2914e/datanode-2/data/ratis/d6801b57-a17d-4c13-a6e9-2a7bf07b114c
2023-08-28 09:32:35,367 [454ab8f7-ff05-436e-934f-07f2970d48f1-groupManagement] INFO  server.RaftServerConfigKeys (ConfUtils.java:logGet(46)) - raft.server.log.queue.byte-limit = 4294967296 (custom)
2023-08-28 09:32:35,367 [454ab8f7-ff05-436e-934f-07f2970d48f1-groupManagement] INFO  server.RaftServerConfigKeys (ConfUtils.java:logGet(46)) - raft.server.log.queue.element-limit = 1024 (custom)
2023-08-28 09:32:35,367 [454ab8f7-ff05-436e-934f-07f2970d48f1-groupManagement] INFO  server.RaftServerConfigKeys (ConfUtils.java:logGet(46)) - raft.server.log.segment.size.max = 1048576 (custom)
2023-08-28 09:32:35,367 [454ab8f7-ff05-436e-934f-07f2970d48f1-groupManagement] INFO  server.RaftServerConfigKeys (ConfUtils.java:logGet(46)) - raft.server.log.preallocated.size = 16384 (custom)
2023-08-28 09:32:35,368 [454ab8f7-ff05-436e-934f-07f2970d48f1-groupManagement] INFO  server.RaftServerConfigKeys (ConfUtils.java:logGet(46)) - raft.server.log.force.sync.num = 128 (default)
2023-08-28 09:32:35,368 [454ab8f7-ff05-436e-934f-07f2970d48f1-groupManagement] INFO  server.RaftServerConfigKeys (ConfUtils.java:logGet(46)) - raft.server.log.statemachine.data.sync = true (default)
2023-08-28 09:32:35,368 [454ab8f7-ff05-436e-934f-07f2970d48f1-groupManagement] INFO  server.RaftServerConfigKeys (ConfUtils.java:logGet(46)) - raft.server.log.statemachine.data.sync.timeout = 10s (default)
2023-08-28 09:32:35,368 [454ab8f7-ff05-436e-934f-07f2970d48f1-groupManagement] INFO  server.RaftServerConfigKeys (ConfUtils.java:logGet(46)) - raft.server.log.statemachine.data.sync.timeout.retry = -1 (default)
2023-08-28 09:32:35,368 [454ab8f7-ff05-436e-934f-07f2970d48f1-groupManagement] INFO  server.RaftServerConfigKeys (ConfUtils.java:logGet(46)) - raft.server.log.write.buffer.size = 1048576 (custom)
2023-08-28 09:32:35,368 [454ab8f7-ff05-436e-934f-07f2970d48f1-groupManagement] INFO  server.RaftServerConfigKeys (ConfUtils.java:logGet(46)) - raft.server.log.appender.buffer.byte-limit = 33554432 (custom)
2023-08-28 09:32:35,373 [454ab8f7-ff05-436e-934f-07f2970d48f1-groupManagement] INFO  server.RaftServerConfigKeys (ConfUtils.java:logGet(46)) - raft.server.log.unsafe-flush.enabled = false (default)
2023-08-28 09:32:35,373 [454ab8f7-ff05-436e-934f-07f2970d48f1-groupManagement] INFO  server.RaftServerConfigKeys (ConfUtils.java:logGet(46)) - raft.server.log.async-flush.enabled = false (default)
2023-08-28 09:32:35,374 [454ab8f7-ff05-436e-934f-07f2970d48f1-groupManagement] INFO  server.RaftServerConfigKeys (ConfUtils.java:logGet(46)) - raft.server.log.statemachine.data.caching.enabled = true (custom)
2023-08-28 09:32:35,374 [454ab8f7-ff05-436e-934f-07f2970d48f1-groupManagement] INFO  segmented.SegmentedRaftLogWorker (SegmentedRaftLogWorker.java:lambda$new$0(135)) - 454ab8f7-ff05-436e-934f-07f2970d48f1@group-2A7BF07B114C-SegmentedRaftLogWorker: flushIndex: setUnconditionally 0 -> -1
2023-08-28 09:32:35,374 [454ab8f7-ff05-436e-934f-07f2970d48f1-groupManagement] INFO  segmented.SegmentedRaftLogWorker (SegmentedRaftLogWorker.java:lambda$new$0(135)) - 454ab8f7-ff05-436e-934f-07f2970d48f1@group-2A7BF07B114C-SegmentedRaftLogWorker: safeCacheEvictIndex: setUnconditionally 0 -> -1
2023-08-28 09:32:35,374 [454ab8f7-ff05-436e-934f-07f2970d48f1-groupManagement] INFO  server.RaftServer$Division (RaftServerImpl.java:start(342)) - 454ab8f7-ff05-436e-934f-07f2970d48f1@group-2A7BF07B114C: start as a follower, conf=-1: peers:[d600485d-b91b-41d8-8672-c913e6695d89|rpc:10.1.0.27:15076|admin:10.1.0.27:15075|client:10.1.0.27:15074|dataStream:10.1.0.27:15077|priority:0|startupRole:FOLLOWER, 454ab8f7-ff05-436e-934f-07f2970d48f1|rpc:10.1.0.27:15085|admin:10.1.0.27:15084|client:10.1.0.27:15083|dataStream:10.1.0.27:15086|priority:0|startupRole:FOLLOWER, 8f24c139-1988-4882-b4c4-ff44179a1ed0|rpc:10.1.0.27:15067|admin:10.1.0.27:15066|client:10.1.0.27:15065|dataStream:10.1.0.27:15068|priority:1|startupRole:FOLLOWER]|listeners:[], old=null
2023-08-28 09:32:35,374 [454ab8f7-ff05-436e-934f-07f2970d48f1-groupManagement] INFO  server.RaftServer$Division (RaftServerImpl.java:setRole(329)) - 454ab8f7-ff05-436e-934f-07f2970d48f1@group-2A7BF07B114C: changes role from      null to FOLLOWER at term 0 for startAsFollower
2023-08-28 09:32:35,374 [454ab8f7-ff05-436e-934f-07f2970d48f1-groupManagement] INFO  impl.RoleInfo (RoleInfo.java:updateAndGet(139)) - 454ab8f7-ff05-436e-934f-07f2970d48f1: start 454ab8f7-ff05-436e-934f-07f2970d48f1@group-2A7BF07B114C-FollowerState
2023-08-28 09:32:35,375 [454ab8f7-ff05-436e-934f-07f2970d48f1-groupManagement] INFO  util.JmxRegister (JmxRegister.java:tryRegister(44)) - Successfully registered JMX Bean with object name Ratis:service=RaftServer,group=group-2A7BF07B114C,id=454ab8f7-ff05-436e-934f-07f2970d48f1
2023-08-28 09:32:35,375 [454ab8f7-ff05-436e-934f-07f2970d48f1-groupManagement] INFO  server.RaftServerConfigKeys (ConfUtils.java:logGet(46)) - raft.server.snapshot.auto.trigger.enabled = true (custom)
2023-08-28 09:32:35,375 [454ab8f7-ff05-436e-934f-07f2970d48f1-groupManagement] INFO  server.RaftServerConfigKeys (ConfUtils.java:logGet(46)) - raft.server.snapshot.auto.trigger.threshold = 10000 (custom)
2023-08-28 09:32:35,375 [454ab8f7-ff05-436e-934f-07f2970d48f1-groupManagement] INFO  server.RaftServerConfigKeys (ConfUtils.java:logGet(46)) - raft.server.snapshot.retention.file.num = 5 (custom)
2023-08-28 09:32:35,375 [454ab8f7-ff05-436e-934f-07f2970d48f1-groupManagement] INFO  server.RaftServerConfigKeys (ConfUtils.java:logGet(46)) - raft.server.log.purge.upto.snapshot.index = false (default)
2023-08-28 09:32:35,375 [454ab8f7-ff05-436e-934f-07f2970d48f1@group-2A7BF07B114C-FollowerState] INFO  server.RaftServerConfigKeys (ConfUtils.java:logFallback(53)) - raft.server.rpc.first-election.timeout.min = 5s (fallback to raft.server.rpc.timeout.min)
2023-08-28 09:32:35,375 [454ab8f7-ff05-436e-934f-07f2970d48f1@group-2A7BF07B114C-FollowerState] INFO  server.RaftServerConfigKeys (ConfUtils.java:logFallback(53)) - raft.server.rpc.first-election.timeout.max = 5200ms (fallback to raft.server.rpc.timeout.max)
2023-08-28 09:32:35,386 [PipelineCommandHandlerThread-0] INFO  commandhandler.CreatePipelineCommandHandler (CreatePipelineCommandHandler.java:lambda$handle$2(124)) - Created Pipeline RATIS THREE PipelineID=d6801b57-a17d-4c13-a6e9-2a7bf07b114c.
2023-08-28 09:32:35,425 [d600485d-b91b-41d8-8672-c913e6695d89-groupManagement] INFO  server.RaftServer$Division (RaftServerImpl.java:<init>(198)) - d600485d-b91b-41d8-8672-c913e6695d89: new RaftServerImpl for group-1C1955EFBC5B:[d600485d-b91b-41d8-8672-c913e6695d89|rpc:10.1.0.27:15076|admin:10.1.0.27:15075|client:10.1.0.27:15074|dataStream:10.1.0.27:15077|priority:1|startupRole:FOLLOWER] with ContainerStateMachine:uninitialized
2023-08-28 09:32:35,426 [d600485d-b91b-41d8-8672-c913e6695d89-groupManagement] INFO  server.RaftServerConfigKeys (ConfUtils.java:logGet(46)) - raft.server.rpc.timeout.min = 5s (custom)
2023-08-28 09:32:35,426 [d600485d-b91b-41d8-8672-c913e6695d89-groupManagement] INFO  server.RaftServerConfigKeys (ConfUtils.java:logGet(46)) - raft.server.rpc.timeout.max = 5200ms (custom)
2023-08-28 09:32:35,426 [d600485d-b91b-41d8-8672-c913e6695d89-groupManagement] INFO  server.RaftServerConfigKeys (ConfUtils.java:logGet(46)) - raft.server.rpc.sleep.time = 25ms (default)
2023-08-28 09:32:35,426 [d600485d-b91b-41d8-8672-c913e6695d89-groupManagement] INFO  server.RaftServerConfigKeys (ConfUtils.java:logGet(46)) - raft.server.rpc.slowness.timeout = 300s (custom)
2023-08-28 09:32:35,426 [d600485d-b91b-41d8-8672-c913e6695d89-groupManagement] INFO  server.RaftServerConfigKeys (ConfUtils.java:logGet(46)) - raft.server.leaderelection.leader.step-down.wait-time = 10s (default)
2023-08-28 09:32:35,426 [d600485d-b91b-41d8-8672-c913e6695d89-groupManagement] INFO  server.RaftServerConfigKeys (ConfUtils.java:logGet(46)) - raft.server.sleep.deviation.threshold = 300ms (default)
2023-08-28 09:32:35,426 [d600485d-b91b-41d8-8672-c913e6695d89-groupManagement] INFO  server.RaftServer$Division (ServerState.java:<init>(120)) - d600485d-b91b-41d8-8672-c913e6695d89@group-1C1955EFBC5B: ConfigurationManager, init=-1: peers:[d600485d-b91b-41d8-8672-c913e6695d89|rpc:10.1.0.27:15076|admin:10.1.0.27:15075|client:10.1.0.27:15074|dataStream:10.1.0.27:15077|priority:1|startupRole:FOLLOWER]|listeners:[], old=null, confs=<EMPTY_MAP>
2023-08-28 09:32:35,426 [d600485d-b91b-41d8-8672-c913e6695d89-groupManagement] INFO  server.RaftServerConfigKeys (ConfUtils.java:logGet(46)) - raft.server.storage.dir = [/home/runner/work/ozone/ozone/hadoop-ozone/integration-test/target/test-dir/MiniOzoneClusterImpl-67722190-891d-4afa-8cef-415625a2914e/datanode-1/data/ratis] (custom)
2023-08-28 09:32:35,426 [d600485d-b91b-41d8-8672-c913e6695d89-groupManagement] INFO  server.RaftServerConfigKeys (ConfUtils.java:logGet(46)) - raft.server.log.corruption.policy = EXCEPTION (default)
2023-08-28 09:32:35,426 [d600485d-b91b-41d8-8672-c913e6695d89-groupManagement] INFO  server.RaftServerConfigKeys (ConfUtils.java:logGet(46)) - raft.server.storage.free-space.min = 0MB (=0) (default)
2023-08-28 09:32:35,426 [d600485d-b91b-41d8-8672-c913e6695d89-groupManagement] INFO  server.RaftServerConfigKeys (ConfUtils.java:logGet(46)) - raft.server.notification.no-leader.timeout = 300s (custom)
2023-08-28 09:32:35,426 [d600485d-b91b-41d8-8672-c913e6695d89-groupManagement] INFO  server.RaftServerConfigKeys (ConfUtils.java:logGet(46)) - raft.server.read.timeout = 10s (default)
2023-08-28 09:32:35,426 [d600485d-b91b-41d8-8672-c913e6695d89-groupManagement] INFO  server.RaftServerConfigKeys (ConfUtils.java:logGet(46)) - raft.server.retrycache.expirytime = 600000ms (custom)
2023-08-28 09:32:35,427 [d600485d-b91b-41d8-8672-c913e6695d89-groupManagement] INFO  server.RaftServerConfigKeys (ConfUtils.java:logGet(46)) - raft.server.retrycache.statistics.expirytime = 100μs (default)
2023-08-28 09:32:35,427 [d600485d-b91b-41d8-8672-c913e6695d89-groupManagement] INFO  server.RaftServerConfigKeys (ConfUtils.java:logGet(46)) - raft.server.read.option = DEFAULT (default)
2023-08-28 09:32:35,427 [PipelineCommandHandlerThread-0] INFO  server.RaftServer (RaftServerProxy.java:addNew(98)) - d600485d-b91b-41d8-8672-c913e6695d89: addNew group-1C1955EFBC5B:[d600485d-b91b-41d8-8672-c913e6695d89|rpc:10.1.0.27:15076|admin:10.1.0.27:15075|client:10.1.0.27:15074|dataStream:10.1.0.27:15077|priority:1|startupRole:FOLLOWER] returns group-1C1955EFBC5B:java.util.concurrent.CompletableFuture@45767d69[Not completed]
2023-08-28 09:32:35,427 [d600485d-b91b-41d8-8672-c913e6695d89-groupManagement] INFO  server.RaftServerConfigKeys (ConfUtils.java:logGet(46)) - raft.server.rpc.request.timeout = 60s (custom)
2023-08-28 09:32:35,427 [d600485d-b91b-41d8-8672-c913e6695d89-groupManagement] INFO  server.RaftServerConfigKeys (ConfUtils.java:logGet(46)) - raft.server.log.appender.install.snapshot.enabled = false (custom)
2023-08-28 09:32:35,427 [d600485d-b91b-41d8-8672-c913e6695d89-groupManagement] INFO  server.RaftServerConfigKeys (ConfUtils.java:logGet(46)) - raft.server.threadpool.server.cached = true (default)
2023-08-28 09:32:35,428 [d600485d-b91b-41d8-8672-c913e6695d89-groupManagement] INFO  server.RaftServerConfigKeys (ConfUtils.java:logGet(46)) - raft.server.threadpool.server.size = 0 (default)
2023-08-28 09:32:35,428 [d600485d-b91b-41d8-8672-c913e6695d89-groupManagement] INFO  server.RaftServerConfigKeys (ConfUtils.java:logGet(46)) - raft.server.threadpool.client.cached = true (default)
2023-08-28 09:32:35,428 [d600485d-b91b-41d8-8672-c913e6695d89-groupManagement] INFO  server.RaftServerConfigKeys (ConfUtils.java:logGet(46)) - raft.server.threadpool.client.size = 0 (default)
2023-08-28 09:32:35,428 [d600485d-b91b-41d8-8672-c913e6695d89-groupManagement] INFO  storage.RaftStorageDirectory (RaftStorageDirectoryImpl.java:analyzeStorage(137)) - The storage directory /home/runner/work/ozone/ozone/hadoop-ozone/integration-test/target/test-dir/MiniOzoneClusterImpl-67722190-891d-4afa-8cef-415625a2914e/datanode-1/data/ratis/04a48b31-a7ac-4e92-aaa3-1c1955efbc5b does not exist. Creating ...
2023-08-28 09:32:35,429 [d600485d-b91b-41d8-8672-c913e6695d89-groupManagement] INFO  storage.RaftStorageDirectory (RaftStorageDirectoryImpl.java:tryLock(231)) - Lock on /home/runner/work/ozone/ozone/hadoop-ozone/integration-test/target/test-dir/MiniOzoneClusterImpl-67722190-891d-4afa-8cef-415625a2914e/datanode-1/data/ratis/04a48b31-a7ac-4e92-aaa3-1c1955efbc5b/in_use.lock acquired by nodename 61172@fv-az625-77
2023-08-28 09:32:35,430 [d600485d-b91b-41d8-8672-c913e6695d89-groupManagement] INFO  storage.RaftStorage (RaftStorageImpl.java:format(96)) - Storage directory /home/runner/work/ozone/ozone/hadoop-ozone/integration-test/target/test-dir/MiniOzoneClusterImpl-67722190-891d-4afa-8cef-415625a2914e/datanode-1/data/ratis/04a48b31-a7ac-4e92-aaa3-1c1955efbc5b has been successfully formatted.
2023-08-28 09:32:35,431 [d600485d-b91b-41d8-8672-c913e6695d89-groupManagement] INFO  ratis.ContainerStateMachine (ContainerStateMachine.java:loadSnapshot(262)) - group-1C1955EFBC5B: The snapshot info is null. Setting the last applied indexto:(t:0, i:~)
2023-08-28 09:32:35,432 [EventQueue-PipelineReportForPipelineReportHandler] INFO  pipeline.PipelineReportHandler (PipelineReportHandler.java:processPipelineReport(136)) - Opened pipeline PipelineID=04a48b31-a7ac-4e92-aaa3-1c1955efbc5b
2023-08-28 09:32:35,432 [EventQueue-OpenPipelineForHealthyPipelineSafeModeRule] INFO  safemode.SCMSafeModeManager (HealthyPipelineSafeModeRule.java:process(137)) - SCM in safe mode. Healthy pipelines reported count is 0, required healthy pipeline reported count is 1
2023-08-28 09:32:35,432 [d600485d-b91b-41d8-8672-c913e6695d89-groupManagement] INFO  server.RaftServerConfigKeys (ConfUtils.java:logGet(46)) - raft.server.log.use.memory = false (default)
2023-08-28 09:32:35,433 [d600485d-b91b-41d8-8672-c913e6695d89-groupManagement] INFO  server.RaftServerConfigKeys (ConfUtils.java:logGet(46)) - raft.server.log.purge.gap = 1000000 (custom)
2023-08-28 09:32:35,433 [d600485d-b91b-41d8-8672-c913e6695d89-groupManagement] INFO  server.RaftServerConfigKeys (ConfUtils.java:logGet(46)) - raft.server.log.appender.buffer.byte-limit = 33554432 (custom)
2023-08-28 09:32:35,433 [d600485d-b91b-41d8-8672-c913e6695d89-groupManagement] INFO  server.RaftServerConfigKeys (ConfUtils.java:logGet(46)) - raft.server.log.statemachine.data.read.timeout = 1000ms (default)
2023-08-28 09:32:35,433 [d600485d-b91b-41d8-8672-c913e6695d89-groupManagement] INFO  server.RaftServerConfigKeys (ConfUtils.java:logGet(46)) - raft.server.log.purge.preservation.log.num = 0 (default)
2023-08-28 09:32:35,433 [d600485d-b91b-41d8-8672-c913e6695d89-groupManagement] INFO  server.RaftServerConfigKeys (ConfUtils.java:logGet(46)) - raft.server.log.segment.size.max = 1048576 (custom)
2023-08-28 09:32:35,434 [d600485d-b91b-41d8-8672-c913e6695d89-groupManagement] INFO  server.RaftServerConfigKeys (ConfUtils.java:logGet(46)) - raft.server.log.segment.cache.num.max = 2 (custom)
2023-08-28 09:32:35,434 [d600485d-b91b-41d8-8672-c913e6695d89-groupManagement] INFO  server.RaftServerConfigKeys (ConfUtils.java:logGet(46)) - raft.server.log.segment.cache.size.max = 200MB (=209715200) (default)
2023-08-28 09:32:35,435 [d600485d-b91b-41d8-8672-c913e6695d89-groupManagement] INFO  server.RaftServerConfigKeys (ConfUtils.java:logGet(46)) - raft.server.log.appender.buffer.byte-limit = 33554432 (custom)
2023-08-28 09:32:35,435 [d600485d-b91b-41d8-8672-c913e6695d89-groupManagement] INFO  segmented.SegmentedRaftLogWorker (SegmentedRaftLogWorker.java:<init>(188)) - new d600485d-b91b-41d8-8672-c913e6695d89@group-1C1955EFBC5B-SegmentedRaftLogWorker for RaftStorageImpl:Storage Directory /home/runner/work/ozone/ozone/hadoop-ozone/integration-test/target/test-dir/MiniOzoneClusterImpl-67722190-891d-4afa-8cef-415625a2914e/datanode-1/data/ratis/04a48b31-a7ac-4e92-aaa3-1c1955efbc5b
2023-08-28 09:32:35,435 [d600485d-b91b-41d8-8672-c913e6695d89-groupManagement] INFO  server.RaftServerConfigKeys (ConfUtils.java:logGet(46)) - raft.server.log.queue.byte-limit = 4294967296 (custom)
2023-08-28 09:32:35,435 [d600485d-b91b-41d8-8672-c913e6695d89-groupManagement] INFO  server.RaftServerConfigKeys (ConfUtils.java:logGet(46)) - raft.server.log.queue.element-limit = 1024 (custom)
2023-08-28 09:32:35,435 [d600485d-b91b-41d8-8672-c913e6695d89-groupManagement] INFO  server.RaftServerConfigKeys (ConfUtils.java:logGet(46)) - raft.server.log.segment.size.max = 1048576 (custom)
2023-08-28 09:32:35,435 [d600485d-b91b-41d8-8672-c913e6695d89-groupManagement] INFO  server.RaftServerConfigKeys (ConfUtils.java:logGet(46)) - raft.server.log.preallocated.size = 16384 (custom)
2023-08-28 09:32:35,435 [d600485d-b91b-41d8-8672-c913e6695d89-groupManagement] INFO  server.RaftServerConfigKeys (ConfUtils.java:logGet(46)) - raft.server.log.force.sync.num = 128 (default)
2023-08-28 09:32:35,435 [d600485d-b91b-41d8-8672-c913e6695d89-groupManagement] INFO  server.RaftServerConfigKeys (ConfUtils.java:logGet(46)) - raft.server.log.statemachine.data.sync = true (default)
2023-08-28 09:32:35,435 [d600485d-b91b-41d8-8672-c913e6695d89-groupManagement] INFO  server.RaftServerConfigKeys (ConfUtils.java:logGet(46)) - raft.server.log.statemachine.data.sync.timeout = 10s (default)
2023-08-28 09:32:35,435 [d600485d-b91b-41d8-8672-c913e6695d89-groupManagement] INFO  server.RaftServerConfigKeys (ConfUtils.java:logGet(46)) - raft.server.log.statemachine.data.sync.timeout.retry = -1 (default)
2023-08-28 09:32:35,436 [d600485d-b91b-41d8-8672-c913e6695d89-groupManagement] INFO  server.RaftServerConfigKeys (ConfUtils.java:logGet(46)) - raft.server.log.write.buffer.size = 1048576 (custom)
2023-08-28 09:32:35,436 [d600485d-b91b-41d8-8672-c913e6695d89-groupManagement] INFO  server.RaftServerConfigKeys (ConfUtils.java:logGet(46)) - raft.server.log.appender.buffer.byte-limit = 33554432 (custom)
2023-08-28 09:32:35,441 [d600485d-b91b-41d8-8672-c913e6695d89-groupManagement] INFO  server.RaftServerConfigKeys (ConfUtils.java:logGet(46)) - raft.server.log.unsafe-flush.enabled = false (default)
2023-08-28 09:32:35,441 [d600485d-b91b-41d8-8672-c913e6695d89-groupManagement] INFO  server.RaftServerConfigKeys (ConfUtils.java:logGet(46)) - raft.server.log.async-flush.enabled = false (default)
2023-08-28 09:32:35,441 [d600485d-b91b-41d8-8672-c913e6695d89-groupManagement] INFO  server.RaftServerConfigKeys (ConfUtils.java:logGet(46)) - raft.server.log.statemachine.data.caching.enabled = true (custom)
2023-08-28 09:32:35,441 [d600485d-b91b-41d8-8672-c913e6695d89-groupManagement] INFO  segmented.SegmentedRaftLogWorker (SegmentedRaftLogWorker.java:lambda$new$0(135)) - d600485d-b91b-41d8-8672-c913e6695d89@group-1C1955EFBC5B-SegmentedRaftLogWorker: flushIndex: setUnconditionally 0 -> -1
2023-08-28 09:32:35,441 [d600485d-b91b-41d8-8672-c913e6695d89-groupManagement] INFO  segmented.SegmentedRaftLogWorker (SegmentedRaftLogWorker.java:lambda$new$0(135)) - d600485d-b91b-41d8-8672-c913e6695d89@group-1C1955EFBC5B-SegmentedRaftLogWorker: safeCacheEvictIndex: setUnconditionally 0 -> -1
2023-08-28 09:32:35,442 [d600485d-b91b-41d8-8672-c913e6695d89-groupManagement] INFO  server.RaftServer$Division (RaftServerImpl.java:start(342)) - d600485d-b91b-41d8-8672-c913e6695d89@group-1C1955EFBC5B: start as a follower, conf=-1: peers:[d600485d-b91b-41d8-8672-c913e6695d89|rpc:10.1.0.27:15076|admin:10.1.0.27:15075|client:10.1.0.27:15074|dataStream:10.1.0.27:15077|priority:1|startupRole:FOLLOWER]|listeners:[], old=null
2023-08-28 09:32:35,442 [d600485d-b91b-41d8-8672-c913e6695d89-groupManagement] INFO  server.RaftServer$Division (RaftServerImpl.java:setRole(329)) - d600485d-b91b-41d8-8672-c913e6695d89@group-1C1955EFBC5B: changes role from      null to FOLLOWER at term 0 for startAsFollower
2023-08-28 09:32:35,442 [d600485d-b91b-41d8-8672-c913e6695d89-groupManagement] INFO  impl.RoleInfo (RoleInfo.java:updateAndGet(139)) - d600485d-b91b-41d8-8672-c913e6695d89: start d600485d-b91b-41d8-8672-c913e6695d89@group-1C1955EFBC5B-FollowerState
2023-08-28 09:32:35,450 [d600485d-b91b-41d8-8672-c913e6695d89-groupManagement] INFO  util.JmxRegister (JmxRegister.java:tryRegister(44)) - Successfully registered JMX Bean with object name Ratis:service=RaftServer,group=group-1C1955EFBC5B,id=d600485d-b91b-41d8-8672-c913e6695d89
2023-08-28 09:32:35,451 [d600485d-b91b-41d8-8672-c913e6695d89@group-1C1955EFBC5B-FollowerState] INFO  server.RaftServerConfigKeys (ConfUtils.java:logFallback(53)) - raft.server.rpc.first-election.timeout.min = 5s (fallback to raft.server.rpc.timeout.min)
2023-08-28 09:32:35,451 [d600485d-b91b-41d8-8672-c913e6695d89-groupManagement] INFO  server.RaftServerConfigKeys (ConfUtils.java:logGet(46)) - raft.server.snapshot.auto.trigger.enabled = true (custom)
2023-08-28 09:32:35,451 [d600485d-b91b-41d8-8672-c913e6695d89-groupManagement] INFO  server.RaftServerConfigKeys (ConfUtils.java:logGet(46)) - raft.server.snapshot.auto.trigger.threshold = 10000 (custom)
2023-08-28 09:32:35,451 [d600485d-b91b-41d8-8672-c913e6695d89-groupManagement] INFO  server.RaftServerConfigKeys (ConfUtils.java:logGet(46)) - raft.server.snapshot.retention.file.num = 5 (custom)
2023-08-28 09:32:35,451 [d600485d-b91b-41d8-8672-c913e6695d89-groupManagement] INFO  server.RaftServerConfigKeys (ConfUtils.java:logGet(46)) - raft.server.log.purge.upto.snapshot.index = false (default)
2023-08-28 09:32:35,451 [d600485d-b91b-41d8-8672-c913e6695d89@group-1C1955EFBC5B-FollowerState] INFO  server.RaftServerConfigKeys (ConfUtils.java:logFallback(53)) - raft.server.rpc.first-election.timeout.max = 5200ms (fallback to raft.server.rpc.timeout.max)
2023-08-28 09:32:35,452 [PipelineCommandHandlerThread-0] INFO  ratis.XceiverServerRatis (XceiverServerRatis.java:addGroup(804)) - Created group PipelineID=04a48b31-a7ac-4e92-aaa3-1c1955efbc5b
2023-08-28 09:32:35,452 [PipelineCommandHandlerThread-0] INFO  commandhandler.CreatePipelineCommandHandler (CreatePipelineCommandHandler.java:lambda$handle$2(124)) - Created Pipeline RATIS ONE PipelineID=04a48b31-a7ac-4e92-aaa3-1c1955efbc5b.
2023-08-28 09:32:35,813 [PipelineCommandHandlerThread-0] INFO  server.RaftServer (RaftServerProxy.java:addNew(98)) - 454ab8f7-ff05-436e-934f-07f2970d48f1: addNew group-05A9F76B2B28:[454ab8f7-ff05-436e-934f-07f2970d48f1|rpc:10.1.0.27:15085|admin:10.1.0.27:15084|client:10.1.0.27:15083|dataStream:10.1.0.27:15086|priority:1|startupRole:FOLLOWER] returns group-05A9F76B2B28:java.util.concurrent.CompletableFuture@547c64b[Not completed]
2023-08-28 09:32:35,814 [454ab8f7-ff05-436e-934f-07f2970d48f1-groupManagement] INFO  server.RaftServer$Division (RaftServerImpl.java:<init>(198)) - 454ab8f7-ff05-436e-934f-07f2970d48f1: new RaftServerImpl for group-05A9F76B2B28:[454ab8f7-ff05-436e-934f-07f2970d48f1|rpc:10.1.0.27:15085|admin:10.1.0.27:15084|client:10.1.0.27:15083|dataStream:10.1.0.27:15086|priority:1|startupRole:FOLLOWER] with ContainerStateMachine:uninitialized
2023-08-28 09:32:35,814 [454ab8f7-ff05-436e-934f-07f2970d48f1-groupManagement] INFO  server.RaftServerConfigKeys (ConfUtils.java:logGet(46)) - raft.server.rpc.timeout.min = 5s (custom)
2023-08-28 09:32:35,814 [454ab8f7-ff05-436e-934f-07f2970d48f1-groupManagement] INFO  server.RaftServerConfigKeys (ConfUtils.java:logGet(46)) - raft.server.rpc.timeout.max = 5200ms (custom)
2023-08-28 09:32:35,814 [454ab8f7-ff05-436e-934f-07f2970d48f1-groupManagement] INFO  server.RaftServerConfigKeys (ConfUtils.java:logGet(46)) - raft.server.rpc.sleep.time = 25ms (default)
2023-08-28 09:32:35,814 [454ab8f7-ff05-436e-934f-07f2970d48f1-groupManagement] INFO  server.RaftServerConfigKeys (ConfUtils.java:logGet(46)) - raft.server.rpc.slowness.timeout = 300s (custom)
2023-08-28 09:32:35,814 [454ab8f7-ff05-436e-934f-07f2970d48f1-groupManagement] INFO  server.RaftServerConfigKeys (ConfUtils.java:logGet(46)) - raft.server.leaderelection.leader.step-down.wait-time = 10s (default)
2023-08-28 09:32:35,814 [454ab8f7-ff05-436e-934f-07f2970d48f1-groupManagement] INFO  server.RaftServerConfigKeys (ConfUtils.java:logGet(46)) - raft.server.sleep.deviation.threshold = 300ms (default)
2023-08-28 09:32:35,814 [454ab8f7-ff05-436e-934f-07f2970d48f1-groupManagement] INFO  server.RaftServer$Division (ServerState.java:<init>(120)) - 454ab8f7-ff05-436e-934f-07f2970d48f1@group-05A9F76B2B28: ConfigurationManager, init=-1: peers:[454ab8f7-ff05-436e-934f-07f2970d48f1|rpc:10.1.0.27:15085|admin:10.1.0.27:15084|client:10.1.0.27:15083|dataStream:10.1.0.27:15086|priority:1|startupRole:FOLLOWER]|listeners:[], old=null, confs=<EMPTY_MAP>
2023-08-28 09:32:35,814 [454ab8f7-ff05-436e-934f-07f2970d48f1-groupManagement] INFO  server.RaftServerConfigKeys (ConfUtils.java:logGet(46)) - raft.server.storage.dir = [/home/runner/work/ozone/ozone/hadoop-ozone/integration-test/target/test-dir/MiniOzoneClusterImpl-67722190-891d-4afa-8cef-415625a2914e/datanode-2/data/ratis] (custom)
2023-08-28 09:32:35,815 [454ab8f7-ff05-436e-934f-07f2970d48f1-groupManagement] INFO  server.RaftServerConfigKeys (ConfUtils.java:logGet(46)) - raft.server.log.corruption.policy = EXCEPTION (default)
2023-08-28 09:32:35,815 [454ab8f7-ff05-436e-934f-07f2970d48f1-groupManagement] INFO  server.RaftServerConfigKeys (ConfUtils.java:logGet(46)) - raft.server.storage.free-space.min = 0MB (=0) (default)
2023-08-28 09:32:35,815 [454ab8f7-ff05-436e-934f-07f2970d48f1-groupManagement] INFO  server.RaftServerConfigKeys (ConfUtils.java:logGet(46)) - raft.server.notification.no-leader.timeout = 300s (custom)
2023-08-28 09:32:35,815 [454ab8f7-ff05-436e-934f-07f2970d48f1-groupManagement] INFO  server.RaftServerConfigKeys (ConfUtils.java:logGet(46)) - raft.server.read.timeout = 10s (default)
2023-08-28 09:32:35,815 [454ab8f7-ff05-436e-934f-07f2970d48f1-groupManagement] INFO  server.RaftServerConfigKeys (ConfUtils.java:logGet(46)) - raft.server.retrycache.expirytime = 600000ms (custom)
2023-08-28 09:32:35,815 [454ab8f7-ff05-436e-934f-07f2970d48f1-groupManagement] INFO  server.RaftServerConfigKeys (ConfUtils.java:logGet(46)) - raft.server.retrycache.statistics.expirytime = 100μs (default)
2023-08-28 09:32:35,815 [454ab8f7-ff05-436e-934f-07f2970d48f1-groupManagement] INFO  server.RaftServerConfigKeys (ConfUtils.java:logGet(46)) - raft.server.read.option = DEFAULT (default)
2023-08-28 09:32:35,816 [454ab8f7-ff05-436e-934f-07f2970d48f1-groupManagement] INFO  server.RaftServerConfigKeys (ConfUtils.java:logGet(46)) - raft.server.rpc.request.timeout = 60s (custom)
2023-08-28 09:32:35,816 [454ab8f7-ff05-436e-934f-07f2970d48f1-groupManagement] INFO  server.RaftServerConfigKeys (ConfUtils.java:logGet(46)) - raft.server.log.appender.install.snapshot.enabled = false (custom)
2023-08-28 09:32:35,816 [454ab8f7-ff05-436e-934f-07f2970d48f1-groupManagement] INFO  server.RaftServerConfigKeys (ConfUtils.java:logGet(46)) - raft.server.threadpool.server.cached = true (default)
2023-08-28 09:32:35,816 [454ab8f7-ff05-436e-934f-07f2970d48f1-groupManagement] INFO  server.RaftServerConfigKeys (ConfUtils.java:logGet(46)) - raft.server.threadpool.server.size = 0 (default)
2023-08-28 09:32:35,816 [454ab8f7-ff05-436e-934f-07f2970d48f1-groupManagement] INFO  server.RaftServerConfigKeys (ConfUtils.java:logGet(46)) - raft.server.threadpool.client.cached = true (default)
2023-08-28 09:32:35,816 [454ab8f7-ff05-436e-934f-07f2970d48f1-groupManagement] INFO  server.RaftServerConfigKeys (ConfUtils.java:logGet(46)) - raft.server.threadpool.client.size = 0 (default)
2023-08-28 09:32:35,816 [454ab8f7-ff05-436e-934f-07f2970d48f1-groupManagement] INFO  storage.RaftStorageDirectory (RaftStorageDirectoryImpl.java:analyzeStorage(137)) - The storage directory /home/runner/work/ozone/ozone/hadoop-ozone/integration-test/target/test-dir/MiniOzoneClusterImpl-67722190-891d-4afa-8cef-415625a2914e/datanode-2/data/ratis/d628fb7c-c4cc-444b-8fc9-05a9f76b2b28 does not exist. Creating ...
2023-08-28 09:32:35,817 [454ab8f7-ff05-436e-934f-07f2970d48f1-groupManagement] INFO  storage.RaftStorageDirectory (RaftStorageDirectoryImpl.java:tryLock(231)) - Lock on /home/runner/work/ozone/ozone/hadoop-ozone/integration-test/target/test-dir/MiniOzoneClusterImpl-67722190-891d-4afa-8cef-415625a2914e/datanode-2/data/ratis/d628fb7c-c4cc-444b-8fc9-05a9f76b2b28/in_use.lock acquired by nodename 61172@fv-az625-77
2023-08-28 09:32:35,819 [454ab8f7-ff05-436e-934f-07f2970d48f1-groupManagement] INFO  storage.RaftStorage (RaftStorageImpl.java:format(96)) - Storage directory /home/runner/work/ozone/ozone/hadoop-ozone/integration-test/target/test-dir/MiniOzoneClusterImpl-67722190-891d-4afa-8cef-415625a2914e/datanode-2/data/ratis/d628fb7c-c4cc-444b-8fc9-05a9f76b2b28 has been successfully formatted.
2023-08-28 09:32:35,819 [454ab8f7-ff05-436e-934f-07f2970d48f1-groupManagement] INFO  ratis.ContainerStateMachine (ContainerStateMachine.java:loadSnapshot(262)) - group-05A9F76B2B28: The snapshot info is null. Setting the last applied indexto:(t:0, i:~)
2023-08-28 09:32:35,819 [454ab8f7-ff05-436e-934f-07f2970d48f1-groupManagement] INFO  server.RaftServerConfigKeys (ConfUtils.java:logGet(46)) - raft.server.log.use.memory = false (default)
2023-08-28 09:32:35,819 [454ab8f7-ff05-436e-934f-07f2970d48f1-groupManagement] INFO  server.RaftServerConfigKeys (ConfUtils.java:logGet(46)) - raft.server.log.purge.gap = 1000000 (custom)
2023-08-28 09:32:35,820 [454ab8f7-ff05-436e-934f-07f2970d48f1-groupManagement] INFO  server.RaftServerConfigKeys (ConfUtils.java:logGet(46)) - raft.server.log.appender.buffer.byte-limit = 33554432 (custom)
2023-08-28 09:32:35,820 [454ab8f7-ff05-436e-934f-07f2970d48f1-groupManagement] INFO  server.RaftServerConfigKeys (ConfUtils.java:logGet(46)) - raft.server.log.statemachine.data.read.timeout = 1000ms (default)
2023-08-28 09:32:35,820 [454ab8f7-ff05-436e-934f-07f2970d48f1-groupManagement] INFO  server.RaftServerConfigKeys (ConfUtils.java:logGet(46)) - raft.server.log.purge.preservation.log.num = 0 (default)
2023-08-28 09:32:35,820 [454ab8f7-ff05-436e-934f-07f2970d48f1-groupManagement] INFO  server.RaftServerConfigKeys (ConfUtils.java:logGet(46)) - raft.server.log.segment.size.max = 1048576 (custom)
2023-08-28 09:32:35,820 [454ab8f7-ff05-436e-934f-07f2970d48f1-groupManagement] INFO  server.RaftServerConfigKeys (ConfUtils.java:logGet(46)) - raft.server.log.segment.cache.num.max = 2 (custom)
2023-08-28 09:32:35,820 [454ab8f7-ff05-436e-934f-07f2970d48f1-groupManagement] INFO  server.RaftServerConfigKeys (ConfUtils.java:logGet(46)) - raft.server.log.segment.cache.size.max = 200MB (=209715200) (default)
2023-08-28 09:32:35,820 [454ab8f7-ff05-436e-934f-07f2970d48f1-groupManagement] INFO  server.RaftServerConfigKeys (ConfUtils.java:logGet(46)) - raft.server.log.appender.buffer.byte-limit = 33554432 (custom)
2023-08-28 09:32:35,820 [454ab8f7-ff05-436e-934f-07f2970d48f1-groupManagement] INFO  segmented.SegmentedRaftLogWorker (SegmentedRaftLogWorker.java:<init>(188)) - new 454ab8f7-ff05-436e-934f-07f2970d48f1@group-05A9F76B2B28-SegmentedRaftLogWorker for RaftStorageImpl:Storage Directory /home/runner/work/ozone/ozone/hadoop-ozone/integration-test/target/test-dir/MiniOzoneClusterImpl-67722190-891d-4afa-8cef-415625a2914e/datanode-2/data/ratis/d628fb7c-c4cc-444b-8fc9-05a9f76b2b28
2023-08-28 09:32:35,820 [454ab8f7-ff05-436e-934f-07f2970d48f1-groupManagement] INFO  server.RaftServerConfigKeys (ConfUtils.java:logGet(46)) - raft.server.log.queue.byte-limit = 4294967296 (custom)
2023-08-28 09:32:35,821 [454ab8f7-ff05-436e-934f-07f2970d48f1-groupManagement] INFO  server.RaftServerConfigKeys (ConfUtils.java:logGet(46)) - raft.server.log.queue.element-limit = 1024 (custom)
2023-08-28 09:32:35,821 [454ab8f7-ff05-436e-934f-07f2970d48f1-groupManagement] INFO  server.RaftServerConfigKeys (ConfUtils.java:logGet(46)) - raft.server.log.segment.size.max = 1048576 (custom)
2023-08-28 09:32:35,821 [EventQueue-PipelineReportForPipelineReportHandler] INFO  pipeline.PipelineReportHandler (PipelineReportHandler.java:processPipelineReport(136)) - Opened pipeline PipelineID=d628fb7c-c4cc-444b-8fc9-05a9f76b2b28
2023-08-28 09:32:35,821 [EventQueue-OpenPipelineForHealthyPipelineSafeModeRule] INFO  safemode.SCMSafeModeManager (HealthyPipelineSafeModeRule.java:process(137)) - SCM in safe mode. Healthy pipelines reported count is 0, required healthy pipeline reported count is 1
2023-08-28 09:32:35,821 [454ab8f7-ff05-436e-934f-07f2970d48f1-groupManagement] INFO  server.RaftServerConfigKeys (ConfUtils.java:logGet(46)) - raft.server.log.preallocated.size = 16384 (custom)
2023-08-28 09:32:35,822 [454ab8f7-ff05-436e-934f-07f2970d48f1-groupManagement] INFO  server.RaftServerConfigKeys (ConfUtils.java:logGet(46)) - raft.server.log.force.sync.num = 128 (default)
2023-08-28 09:32:35,822 [454ab8f7-ff05-436e-934f-07f2970d48f1-groupManagement] INFO  server.RaftServerConfigKeys (ConfUtils.java:logGet(46)) - raft.server.log.statemachine.data.sync = true (default)
2023-08-28 09:32:35,822 [454ab8f7-ff05-436e-934f-07f2970d48f1-groupManagement] INFO  server.RaftServerConfigKeys (ConfUtils.java:logGet(46)) - raft.server.log.statemachine.data.sync.timeout = 10s (default)
2023-08-28 09:32:35,822 [454ab8f7-ff05-436e-934f-07f2970d48f1-groupManagement] INFO  server.RaftServerConfigKeys (ConfUtils.java:logGet(46)) - raft.server.log.statemachine.data.sync.timeout.retry = -1 (default)
2023-08-28 09:32:35,822 [454ab8f7-ff05-436e-934f-07f2970d48f1-groupManagement] INFO  server.RaftServerConfigKeys (ConfUtils.java:logGet(46)) - raft.server.log.write.buffer.size = 1048576 (custom)
2023-08-28 09:32:35,822 [454ab8f7-ff05-436e-934f-07f2970d48f1-groupManagement] INFO  server.RaftServerConfigKeys (ConfUtils.java:logGet(46)) - raft.server.log.appender.buffer.byte-limit = 33554432 (custom)
2023-08-28 09:32:35,827 [454ab8f7-ff05-436e-934f-07f2970d48f1-groupManagement] INFO  server.RaftServerConfigKeys (ConfUtils.java:logGet(46)) - raft.server.log.unsafe-flush.enabled = false (default)
2023-08-28 09:32:35,827 [454ab8f7-ff05-436e-934f-07f2970d48f1-groupManagement] INFO  server.RaftServerConfigKeys (ConfUtils.java:logGet(46)) - raft.server.log.async-flush.enabled = false (default)
2023-08-28 09:32:35,827 [454ab8f7-ff05-436e-934f-07f2970d48f1-groupManagement] INFO  server.RaftServerConfigKeys (ConfUtils.java:logGet(46)) - raft.server.log.statemachine.data.caching.enabled = true (custom)
2023-08-28 09:32:35,828 [454ab8f7-ff05-436e-934f-07f2970d48f1-groupManagement] INFO  segmented.SegmentedRaftLogWorker (SegmentedRaftLogWorker.java:lambda$new$0(135)) - 454ab8f7-ff05-436e-934f-07f2970d48f1@group-05A9F76B2B28-SegmentedRaftLogWorker: flushIndex: setUnconditionally 0 -> -1
2023-08-28 09:32:35,828 [454ab8f7-ff05-436e-934f-07f2970d48f1-groupManagement] INFO  segmented.SegmentedRaftLogWorker (SegmentedRaftLogWorker.java:lambda$new$0(135)) - 454ab8f7-ff05-436e-934f-07f2970d48f1@group-05A9F76B2B28-SegmentedRaftLogWorker: safeCacheEvictIndex: setUnconditionally 0 -> -1
2023-08-28 09:32:35,828 [454ab8f7-ff05-436e-934f-07f2970d48f1-groupManagement] INFO  server.RaftServer$Division (RaftServerImpl.java:start(342)) - 454ab8f7-ff05-436e-934f-07f2970d48f1@group-05A9F76B2B28: start as a follower, conf=-1: peers:[454ab8f7-ff05-436e-934f-07f2970d48f1|rpc:10.1.0.27:15085|admin:10.1.0.27:15084|client:10.1.0.27:15083|dataStream:10.1.0.27:15086|priority:1|startupRole:FOLLOWER]|listeners:[], old=null
2023-08-28 09:32:35,832 [454ab8f7-ff05-436e-934f-07f2970d48f1-groupManagement] INFO  server.RaftServer$Division (RaftServerImpl.java:setRole(329)) - 454ab8f7-ff05-436e-934f-07f2970d48f1@group-05A9F76B2B28: changes role from      null to FOLLOWER at term 0 for startAsFollower
2023-08-28 09:32:35,832 [454ab8f7-ff05-436e-934f-07f2970d48f1-groupManagement] INFO  impl.RoleInfo (RoleInfo.java:updateAndGet(139)) - 454ab8f7-ff05-436e-934f-07f2970d48f1: start 454ab8f7-ff05-436e-934f-07f2970d48f1@group-05A9F76B2B28-FollowerState
2023-08-28 09:32:35,836 [454ab8f7-ff05-436e-934f-07f2970d48f1-groupManagement] INFO  util.JmxRegister (JmxRegister.java:tryRegister(44)) - Successfully registered JMX Bean with object name Ratis:service=RaftServer,group=group-05A9F76B2B28,id=454ab8f7-ff05-436e-934f-07f2970d48f1
2023-08-28 09:32:35,836 [454ab8f7-ff05-436e-934f-07f2970d48f1-groupManagement] INFO  server.RaftServerConfigKeys (ConfUtils.java:logGet(46)) - raft.server.snapshot.auto.trigger.enabled = true (custom)
2023-08-28 09:32:35,836 [454ab8f7-ff05-436e-934f-07f2970d48f1-groupManagement] INFO  server.RaftServerConfigKeys (ConfUtils.java:logGet(46)) - raft.server.snapshot.auto.trigger.threshold = 10000 (custom)
2023-08-28 09:32:35,836 [454ab8f7-ff05-436e-934f-07f2970d48f1-groupManagement] INFO  server.RaftServerConfigKeys (ConfUtils.java:logGet(46)) - raft.server.snapshot.retention.file.num = 5 (custom)
2023-08-28 09:32:35,836 [454ab8f7-ff05-436e-934f-07f2970d48f1-groupManagement] INFO  server.RaftServerConfigKeys (ConfUtils.java:logGet(46)) - raft.server.log.purge.upto.snapshot.index = false (default)
2023-08-28 09:32:35,837 [454ab8f7-ff05-436e-934f-07f2970d48f1@group-05A9F76B2B28-FollowerState] INFO  server.RaftServerConfigKeys (ConfUtils.java:logFallback(53)) - raft.server.rpc.first-election.timeout.min = 5s (fallback to raft.server.rpc.timeout.min)
2023-08-28 09:32:35,837 [454ab8f7-ff05-436e-934f-07f2970d48f1@group-05A9F76B2B28-FollowerState] INFO  server.RaftServerConfigKeys (ConfUtils.java:logFallback(53)) - raft.server.rpc.first-election.timeout.max = 5200ms (fallback to raft.server.rpc.timeout.max)
2023-08-28 09:32:35,850 [PipelineCommandHandlerThread-0] INFO  ratis.XceiverServerRatis (XceiverServerRatis.java:addGroup(804)) - Created group PipelineID=d628fb7c-c4cc-444b-8fc9-05a9f76b2b28
2023-08-28 09:32:35,850 [PipelineCommandHandlerThread-0] INFO  commandhandler.CreatePipelineCommandHandler (CreatePipelineCommandHandler.java:lambda$handle$2(124)) - Created Pipeline RATIS ONE PipelineID=d628fb7c-c4cc-444b-8fc9-05a9f76b2b28.
2023-08-28 09:32:36,091 [PipelineCommandHandlerThread-0] INFO  server.RaftServer (RaftServerProxy.java:addNew(98)) - 6fe57cde-2152-4119-ad90-dc528c983fae: addNew group-091753458F2C:[6fe57cde-2152-4119-ad90-dc528c983fae|rpc:10.1.0.27:15094|admin:10.1.0.27:15093|client:10.1.0.27:15092|dataStream:10.1.0.27:15095|priority:1|startupRole:FOLLOWER] returns group-091753458F2C:java.util.concurrent.CompletableFuture@69e32cc6[Not completed]
2023-08-28 09:32:36,094 [6fe57cde-2152-4119-ad90-dc528c983fae-groupManagement] INFO  server.RaftServer$Division (RaftServerImpl.java:<init>(198)) - 6fe57cde-2152-4119-ad90-dc528c983fae: new RaftServerImpl for group-091753458F2C:[6fe57cde-2152-4119-ad90-dc528c983fae|rpc:10.1.0.27:15094|admin:10.1.0.27:15093|client:10.1.0.27:15092|dataStream:10.1.0.27:15095|priority:1|startupRole:FOLLOWER] with ContainerStateMachine:uninitialized
2023-08-28 09:32:36,094 [6fe57cde-2152-4119-ad90-dc528c983fae-groupManagement] INFO  server.RaftServerConfigKeys (ConfUtils.java:logGet(46)) - raft.server.rpc.timeout.min = 5s (custom)
2023-08-28 09:32:36,094 [6fe57cde-2152-4119-ad90-dc528c983fae-groupManagement] INFO  server.RaftServerConfigKeys (ConfUtils.java:logGet(46)) - raft.server.rpc.timeout.max = 5200ms (custom)
2023-08-28 09:32:36,094 [6fe57cde-2152-4119-ad90-dc528c983fae-groupManagement] INFO  server.RaftServerConfigKeys (ConfUtils.java:logGet(46)) - raft.server.rpc.sleep.time = 25ms (default)
2023-08-28 09:32:36,094 [6fe57cde-2152-4119-ad90-dc528c983fae-groupManagement] INFO  server.RaftServerConfigKeys (ConfUtils.java:logGet(46)) - raft.server.rpc.slowness.timeout = 300s (custom)
2023-08-28 09:32:36,094 [6fe57cde-2152-4119-ad90-dc528c983fae-groupManagement] INFO  server.RaftServerConfigKeys (ConfUtils.java:logGet(46)) - raft.server.leaderelection.leader.step-down.wait-time = 10s (default)
2023-08-28 09:32:36,095 [6fe57cde-2152-4119-ad90-dc528c983fae-groupManagement] INFO  server.RaftServerConfigKeys (ConfUtils.java:logGet(46)) - raft.server.sleep.deviation.threshold = 300ms (default)
2023-08-28 09:32:36,095 [6fe57cde-2152-4119-ad90-dc528c983fae-groupManagement] INFO  server.RaftServer$Division (ServerState.java:<init>(120)) - 6fe57cde-2152-4119-ad90-dc528c983fae@group-091753458F2C: ConfigurationManager, init=-1: peers:[6fe57cde-2152-4119-ad90-dc528c983fae|rpc:10.1.0.27:15094|admin:10.1.0.27:15093|client:10.1.0.27:15092|dataStream:10.1.0.27:15095|priority:1|startupRole:FOLLOWER]|listeners:[], old=null, confs=<EMPTY_MAP>
2023-08-28 09:32:36,095 [6fe57cde-2152-4119-ad90-dc528c983fae-groupManagement] INFO  server.RaftServerConfigKeys (ConfUtils.java:logGet(46)) - raft.server.storage.dir = [/home/runner/work/ozone/ozone/hadoop-ozone/integration-test/target/test-dir/MiniOzoneClusterImpl-67722190-891d-4afa-8cef-415625a2914e/datanode-3/data/ratis] (custom)
2023-08-28 09:32:36,095 [6fe57cde-2152-4119-ad90-dc528c983fae-groupManagement] INFO  server.RaftServerConfigKeys (ConfUtils.java:logGet(46)) - raft.server.log.corruption.policy = EXCEPTION (default)
2023-08-28 09:32:36,095 [6fe57cde-2152-4119-ad90-dc528c983fae-groupManagement] INFO  server.RaftServerConfigKeys (ConfUtils.java:logGet(46)) - raft.server.storage.free-space.min = 0MB (=0) (default)
2023-08-28 09:32:36,095 [6fe57cde-2152-4119-ad90-dc528c983fae-groupManagement] INFO  server.RaftServerConfigKeys (ConfUtils.java:logGet(46)) - raft.server.notification.no-leader.timeout = 300s (custom)
2023-08-28 09:32:36,095 [6fe57cde-2152-4119-ad90-dc528c983fae-groupManagement] INFO  server.RaftServerConfigKeys (ConfUtils.java:logGet(46)) - raft.server.read.timeout = 10s (default)
2023-08-28 09:32:36,095 [6fe57cde-2152-4119-ad90-dc528c983fae-groupManagement] INFO  server.RaftServerConfigKeys (ConfUtils.java:logGet(46)) - raft.server.retrycache.expirytime = 600000ms (custom)
2023-08-28 09:32:36,095 [6fe57cde-2152-4119-ad90-dc528c983fae-groupManagement] INFO  server.RaftServerConfigKeys (ConfUtils.java:logGet(46)) - raft.server.retrycache.statistics.expirytime = 100μs (default)
2023-08-28 09:32:36,095 [6fe57cde-2152-4119-ad90-dc528c983fae-groupManagement] INFO  server.RaftServerConfigKeys (ConfUtils.java:logGet(46)) - raft.server.read.option = DEFAULT (default)
2023-08-28 09:32:36,096 [6fe57cde-2152-4119-ad90-dc528c983fae-groupManagement] INFO  server.RaftServerConfigKeys (ConfUtils.java:logGet(46)) - raft.server.rpc.request.timeout = 60s (custom)
2023-08-28 09:32:36,096 [6fe57cde-2152-4119-ad90-dc528c983fae-groupManagement] INFO  server.RaftServerConfigKeys (ConfUtils.java:logGet(46)) - raft.server.log.appender.install.snapshot.enabled = false (custom)
2023-08-28 09:32:36,096 [6fe57cde-2152-4119-ad90-dc528c983fae-groupManagement] INFO  server.RaftServerConfigKeys (ConfUtils.java:logGet(46)) - raft.server.threadpool.server.cached = true (default)
2023-08-28 09:32:36,096 [6fe57cde-2152-4119-ad90-dc528c983fae-groupManagement] INFO  server.RaftServerConfigKeys (ConfUtils.java:logGet(46)) - raft.server.threadpool.server.size = 0 (default)
2023-08-28 09:32:36,096 [6fe57cde-2152-4119-ad90-dc528c983fae-groupManagement] INFO  server.RaftServerConfigKeys (ConfUtils.java:logGet(46)) - raft.server.threadpool.client.cached = true (default)
2023-08-28 09:32:36,096 [6fe57cde-2152-4119-ad90-dc528c983fae-groupManagement] INFO  server.RaftServerConfigKeys (ConfUtils.java:logGet(46)) - raft.server.threadpool.client.size = 0 (default)
2023-08-28 09:32:36,096 [6fe57cde-2152-4119-ad90-dc528c983fae-groupManagement] INFO  storage.RaftStorageDirectory (RaftStorageDirectoryImpl.java:analyzeStorage(137)) - The storage directory /home/runner/work/ozone/ozone/hadoop-ozone/integration-test/target/test-dir/MiniOzoneClusterImpl-67722190-891d-4afa-8cef-415625a2914e/datanode-3/data/ratis/c0485380-7da8-4dd1-b9e3-091753458f2c does not exist. Creating ...
2023-08-28 09:32:36,098 [6fe57cde-2152-4119-ad90-dc528c983fae-groupManagement] INFO  storage.RaftStorageDirectory (RaftStorageDirectoryImpl.java:tryLock(231)) - Lock on /home/runner/work/ozone/ozone/hadoop-ozone/integration-test/target/test-dir/MiniOzoneClusterImpl-67722190-891d-4afa-8cef-415625a2914e/datanode-3/data/ratis/c0485380-7da8-4dd1-b9e3-091753458f2c/in_use.lock acquired by nodename 61172@fv-az625-77
2023-08-28 09:32:36,100 [6fe57cde-2152-4119-ad90-dc528c983fae-groupManagement] INFO  storage.RaftStorage (RaftStorageImpl.java:format(96)) - Storage directory /home/runner/work/ozone/ozone/hadoop-ozone/integration-test/target/test-dir/MiniOzoneClusterImpl-67722190-891d-4afa-8cef-415625a2914e/datanode-3/data/ratis/c0485380-7da8-4dd1-b9e3-091753458f2c has been successfully formatted.
2023-08-28 09:32:36,101 [6fe57cde-2152-4119-ad90-dc528c983fae-groupManagement] INFO  ratis.ContainerStateMachine (ContainerStateMachine.java:loadSnapshot(262)) - group-091753458F2C: The snapshot info is null. Setting the last applied indexto:(t:0, i:~)
2023-08-28 09:32:36,101 [6fe57cde-2152-4119-ad90-dc528c983fae-groupManagement] INFO  server.RaftServerConfigKeys (ConfUtils.java:logGet(46)) - raft.server.log.use.memory = false (default)
2023-08-28 09:32:36,102 [6fe57cde-2152-4119-ad90-dc528c983fae-groupManagement] INFO  server.RaftServerConfigKeys (ConfUtils.java:logGet(46)) - raft.server.log.purge.gap = 1000000 (custom)
2023-08-28 09:32:36,102 [6fe57cde-2152-4119-ad90-dc528c983fae-groupManagement] INFO  server.RaftServerConfigKeys (ConfUtils.java:logGet(46)) - raft.server.log.appender.buffer.byte-limit = 33554432 (custom)
2023-08-28 09:32:36,103 [EventQueue-PipelineReportForPipelineReportHandler] INFO  pipeline.PipelineReportHandler (PipelineReportHandler.java:processPipelineReport(136)) - Opened pipeline PipelineID=c0485380-7da8-4dd1-b9e3-091753458f2c
2023-08-28 09:32:36,103 [6fe57cde-2152-4119-ad90-dc528c983fae-groupManagement] INFO  server.RaftServerConfigKeys (ConfUtils.java:logGet(46)) - raft.server.log.statemachine.data.read.timeout = 1000ms (default)
2023-08-28 09:32:36,103 [EventQueue-OpenPipelineForHealthyPipelineSafeModeRule] INFO  safemode.SCMSafeModeManager (HealthyPipelineSafeModeRule.java:process(137)) - SCM in safe mode. Healthy pipelines reported count is 0, required healthy pipeline reported count is 1
2023-08-28 09:32:36,103 [6fe57cde-2152-4119-ad90-dc528c983fae-groupManagement] INFO  server.RaftServerConfigKeys (ConfUtils.java:logGet(46)) - raft.server.log.purge.preservation.log.num = 0 (default)
2023-08-28 09:32:36,103 [6fe57cde-2152-4119-ad90-dc528c983fae-groupManagement] INFO  server.RaftServerConfigKeys (ConfUtils.java:logGet(46)) - raft.server.log.segment.size.max = 1048576 (custom)
2023-08-28 09:32:36,104 [6fe57cde-2152-4119-ad90-dc528c983fae-groupManagement] INFO  server.RaftServerConfigKeys (ConfUtils.java:logGet(46)) - raft.server.log.segment.cache.num.max = 2 (custom)
2023-08-28 09:32:36,104 [6fe57cde-2152-4119-ad90-dc528c983fae-groupManagement] INFO  server.RaftServerConfigKeys (ConfUtils.java:logGet(46)) - raft.server.log.segment.cache.size.max = 200MB (=209715200) (default)
2023-08-28 09:32:36,104 [6fe57cde-2152-4119-ad90-dc528c983fae-groupManagement] INFO  server.RaftServerConfigKeys (ConfUtils.java:logGet(46)) - raft.server.log.appender.buffer.byte-limit = 33554432 (custom)
2023-08-28 09:32:36,104 [6fe57cde-2152-4119-ad90-dc528c983fae-groupManagement] INFO  segmented.SegmentedRaftLogWorker (SegmentedRaftLogWorker.java:<init>(188)) - new 6fe57cde-2152-4119-ad90-dc528c983fae@group-091753458F2C-SegmentedRaftLogWorker for RaftStorageImpl:Storage Directory /home/runner/work/ozone/ozone/hadoop-ozone/integration-test/target/test-dir/MiniOzoneClusterImpl-67722190-891d-4afa-8cef-415625a2914e/datanode-3/data/ratis/c0485380-7da8-4dd1-b9e3-091753458f2c
2023-08-28 09:32:36,104 [6fe57cde-2152-4119-ad90-dc528c983fae-groupManagement] INFO  server.RaftServerConfigKeys (ConfUtils.java:logGet(46)) - raft.server.log.queue.byte-limit = 4294967296 (custom)
2023-08-28 09:32:36,104 [6fe57cde-2152-4119-ad90-dc528c983fae-groupManagement] INFO  server.RaftServerConfigKeys (ConfUtils.java:logGet(46)) - raft.server.log.queue.element-limit = 1024 (custom)
2023-08-28 09:32:36,104 [6fe57cde-2152-4119-ad90-dc528c983fae-groupManagement] INFO  server.RaftServerConfigKeys (ConfUtils.java:logGet(46)) - raft.server.log.segment.size.max = 1048576 (custom)
2023-08-28 09:32:36,104 [6fe57cde-2152-4119-ad90-dc528c983fae-groupManagement] INFO  server.RaftServerConfigKeys (ConfUtils.java:logGet(46)) - raft.server.log.preallocated.size = 16384 (custom)
2023-08-28 09:32:36,104 [6fe57cde-2152-4119-ad90-dc528c983fae-groupManagement] INFO  server.RaftServerConfigKeys (ConfUtils.java:logGet(46)) - raft.server.log.force.sync.num = 128 (default)
2023-08-28 09:32:36,104 [6fe57cde-2152-4119-ad90-dc528c983fae-groupManagement] INFO  server.RaftServerConfigKeys (ConfUtils.java:logGet(46)) - raft.server.log.statemachine.data.sync = true (default)
2023-08-28 09:32:36,104 [6fe57cde-2152-4119-ad90-dc528c983fae-groupManagement] INFO  server.RaftServerConfigKeys (ConfUtils.java:logGet(46)) - raft.server.log.statemachine.data.sync.timeout = 10s (default)
2023-08-28 09:32:36,104 [6fe57cde-2152-4119-ad90-dc528c983fae-groupManagement] INFO  server.RaftServerConfigKeys (ConfUtils.java:logGet(46)) - raft.server.log.statemachine.data.sync.timeout.retry = -1 (default)
2023-08-28 09:32:36,112 [6fe57cde-2152-4119-ad90-dc528c983fae-groupManagement] INFO  server.RaftServerConfigKeys (ConfUtils.java:logGet(46)) - raft.server.log.write.buffer.size = 1048576 (custom)
2023-08-28 09:32:36,112 [6fe57cde-2152-4119-ad90-dc528c983fae-groupManagement] INFO  server.RaftServerConfigKeys (ConfUtils.java:logGet(46)) - raft.server.log.appender.buffer.byte-limit = 33554432 (custom)
2023-08-28 09:32:36,117 [6fe57cde-2152-4119-ad90-dc528c983fae-groupManagement] INFO  server.RaftServerConfigKeys (ConfUtils.java:logGet(46)) - raft.server.log.unsafe-flush.enabled = false (default)
2023-08-28 09:32:36,118 [6fe57cde-2152-4119-ad90-dc528c983fae-groupManagement] INFO  server.RaftServerConfigKeys (ConfUtils.java:logGet(46)) - raft.server.log.async-flush.enabled = false (default)
2023-08-28 09:32:36,118 [6fe57cde-2152-4119-ad90-dc528c983fae-groupManagement] INFO  server.RaftServerConfigKeys (ConfUtils.java:logGet(46)) - raft.server.log.statemachine.data.caching.enabled = true (custom)
2023-08-28 09:32:36,118 [6fe57cde-2152-4119-ad90-dc528c983fae-groupManagement] INFO  segmented.SegmentedRaftLogWorker (SegmentedRaftLogWorker.java:lambda$new$0(135)) - 6fe57cde-2152-4119-ad90-dc528c983fae@group-091753458F2C-SegmentedRaftLogWorker: flushIndex: setUnconditionally 0 -> -1
2023-08-28 09:32:36,118 [6fe57cde-2152-4119-ad90-dc528c983fae-groupManagement] INFO  segmented.SegmentedRaftLogWorker (SegmentedRaftLogWorker.java:lambda$new$0(135)) - 6fe57cde-2152-4119-ad90-dc528c983fae@group-091753458F2C-SegmentedRaftLogWorker: safeCacheEvictIndex: setUnconditionally 0 -> -1
2023-08-28 09:32:36,118 [6fe57cde-2152-4119-ad90-dc528c983fae-groupManagement] INFO  server.RaftServer$Division (RaftServerImpl.java:start(342)) - 6fe57cde-2152-4119-ad90-dc528c983fae@group-091753458F2C: start as a follower, conf=-1: peers:[6fe57cde-2152-4119-ad90-dc528c983fae|rpc:10.1.0.27:15094|admin:10.1.0.27:15093|client:10.1.0.27:15092|dataStream:10.1.0.27:15095|priority:1|startupRole:FOLLOWER]|listeners:[], old=null
2023-08-28 09:32:36,118 [6fe57cde-2152-4119-ad90-dc528c983fae-groupManagement] INFO  server.RaftServer$Division (RaftServerImpl.java:setRole(329)) - 6fe57cde-2152-4119-ad90-dc528c983fae@group-091753458F2C: changes role from      null to FOLLOWER at term 0 for startAsFollower
2023-08-28 09:32:36,118 [6fe57cde-2152-4119-ad90-dc528c983fae-groupManagement] INFO  impl.RoleInfo (RoleInfo.java:updateAndGet(139)) - 6fe57cde-2152-4119-ad90-dc528c983fae: start 6fe57cde-2152-4119-ad90-dc528c983fae@group-091753458F2C-FollowerState
2023-08-28 09:32:36,120 [6fe57cde-2152-4119-ad90-dc528c983fae-groupManagement] INFO  util.JmxRegister (JmxRegister.java:tryRegister(44)) - Successfully registered JMX Bean with object name Ratis:service=RaftServer,group=group-091753458F2C,id=6fe57cde-2152-4119-ad90-dc528c983fae
2023-08-28 09:32:36,120 [6fe57cde-2152-4119-ad90-dc528c983fae-groupManagement] INFO  server.RaftServerConfigKeys (ConfUtils.java:logGet(46)) - raft.server.snapshot.auto.trigger.enabled = true (custom)
2023-08-28 09:32:36,120 [6fe57cde-2152-4119-ad90-dc528c983fae-groupManagement] INFO  server.RaftServerConfigKeys (ConfUtils.java:logGet(46)) - raft.server.snapshot.auto.trigger.threshold = 10000 (custom)
2023-08-28 09:32:36,120 [6fe57cde-2152-4119-ad90-dc528c983fae-groupManagement] INFO  server.RaftServerConfigKeys (ConfUtils.java:logGet(46)) - raft.server.snapshot.retention.file.num = 5 (custom)
2023-08-28 09:32:36,120 [6fe57cde-2152-4119-ad90-dc528c983fae-groupManagement] INFO  server.RaftServerConfigKeys (ConfUtils.java:logGet(46)) - raft.server.log.purge.upto.snapshot.index = false (default)
2023-08-28 09:32:36,121 [6fe57cde-2152-4119-ad90-dc528c983fae@group-091753458F2C-FollowerState] INFO  server.RaftServerConfigKeys (ConfUtils.java:logFallback(53)) - raft.server.rpc.first-election.timeout.min = 5s (fallback to raft.server.rpc.timeout.min)
2023-08-28 09:32:36,121 [6fe57cde-2152-4119-ad90-dc528c983fae@group-091753458F2C-FollowerState] INFO  server.RaftServerConfigKeys (ConfUtils.java:logFallback(53)) - raft.server.rpc.first-election.timeout.max = 5200ms (fallback to raft.server.rpc.timeout.max)
2023-08-28 09:32:36,127 [PipelineCommandHandlerThread-0] INFO  ratis.XceiverServerRatis (XceiverServerRatis.java:addGroup(804)) - Created group PipelineID=c0485380-7da8-4dd1-b9e3-091753458f2c
2023-08-28 09:32:36,127 [PipelineCommandHandlerThread-0] INFO  commandhandler.CreatePipelineCommandHandler (CreatePipelineCommandHandler.java:lambda$handle$2(124)) - Created Pipeline RATIS ONE PipelineID=c0485380-7da8-4dd1-b9e3-091753458f2c.
2023-08-28 09:32:36,356 [main] INFO  ozone.MiniOzoneClusterImpl (MiniOzoneClusterImpl.java:lambda$waitForClusterToBeReady$0(224)) - Nodes are ready. Got 5 of 5 DN Heartbeats.
2023-08-28 09:32:36,357 [main] INFO  ozone.MiniOzoneClusterImpl (MiniOzoneClusterImpl.java:lambda$waitForClusterToBeReady$0(227)) - Waiting for cluster to exit safe mode
2023-08-28 09:32:36,357 [main] INFO  ozone.MiniOzoneClusterImpl (MiniOzoneClusterImpl.java:lambda$waitForClusterToBeReady$0(229)) - SCM became leader
2023-08-28 09:32:36,359 [PipelineCommandHandlerThread-0] INFO  server.RaftServer (RaftServerProxy.java:addNew(98)) - 8272f6d9-26a6-4075-a6fc-a782e633560b: addNew group-6179D16E3EA5:[8272f6d9-26a6-4075-a6fc-a782e633560b|rpc:10.1.0.27:15103|admin:10.1.0.27:15102|client:10.1.0.27:15101|dataStream:10.1.0.27:15104|priority:1|startupRole:FOLLOWER] returns group-6179D16E3EA5:java.util.concurrent.CompletableFuture@57952d24[Not completed]
2023-08-28 09:32:36,360 [8272f6d9-26a6-4075-a6fc-a782e633560b-groupManagement] INFO  server.RaftServer$Division (RaftServerImpl.java:<init>(198)) - 8272f6d9-26a6-4075-a6fc-a782e633560b: new RaftServerImpl for group-6179D16E3EA5:[8272f6d9-26a6-4075-a6fc-a782e633560b|rpc:10.1.0.27:15103|admin:10.1.0.27:15102|client:10.1.0.27:15101|dataStream:10.1.0.27:15104|priority:1|startupRole:FOLLOWER] with ContainerStateMachine:uninitialized
2023-08-28 09:32:36,360 [8272f6d9-26a6-4075-a6fc-a782e633560b-groupManagement] INFO  server.RaftServerConfigKeys (ConfUtils.java:logGet(46)) - raft.server.rpc.timeout.min = 5s (custom)
2023-08-28 09:32:36,360 [8272f6d9-26a6-4075-a6fc-a782e633560b-groupManagement] INFO  server.RaftServerConfigKeys (ConfUtils.java:logGet(46)) - raft.server.rpc.timeout.max = 5200ms (custom)
2023-08-28 09:32:36,360 [8272f6d9-26a6-4075-a6fc-a782e633560b-groupManagement] INFO  server.RaftServerConfigKeys (ConfUtils.java:logGet(46)) - raft.server.rpc.sleep.time = 25ms (default)
2023-08-28 09:32:36,360 [8272f6d9-26a6-4075-a6fc-a782e633560b-groupManagement] INFO  server.RaftServerConfigKeys (ConfUtils.java:logGet(46)) - raft.server.rpc.slowness.timeout = 300s (custom)
2023-08-28 09:32:36,360 [8272f6d9-26a6-4075-a6fc-a782e633560b-groupManagement] INFO  server.RaftServerConfigKeys (ConfUtils.java:logGet(46)) - raft.server.leaderelection.leader.step-down.wait-time = 10s (default)
2023-08-28 09:32:36,360 [8272f6d9-26a6-4075-a6fc-a782e633560b-groupManagement] INFO  server.RaftServerConfigKeys (ConfUtils.java:logGet(46)) - raft.server.sleep.deviation.threshold = 300ms (default)
2023-08-28 09:32:36,360 [8272f6d9-26a6-4075-a6fc-a782e633560b-groupManagement] INFO  server.RaftServer$Division (ServerState.java:<init>(120)) - 8272f6d9-26a6-4075-a6fc-a782e633560b@group-6179D16E3EA5: ConfigurationManager, init=-1: peers:[8272f6d9-26a6-4075-a6fc-a782e633560b|rpc:10.1.0.27:15103|admin:10.1.0.27:15102|client:10.1.0.27:15101|dataStream:10.1.0.27:15104|priority:1|startupRole:FOLLOWER]|listeners:[], old=null, confs=<EMPTY_MAP>
2023-08-28 09:32:36,361 [8272f6d9-26a6-4075-a6fc-a782e633560b-groupManagement] INFO  server.RaftServerConfigKeys (ConfUtils.java:logGet(46)) - raft.server.storage.dir = [/home/runner/work/ozone/ozone/hadoop-ozone/integration-test/target/test-dir/MiniOzoneClusterImpl-67722190-891d-4afa-8cef-415625a2914e/datanode-4/data/ratis] (custom)
2023-08-28 09:32:36,361 [8272f6d9-26a6-4075-a6fc-a782e633560b-groupManagement] INFO  server.RaftServerConfigKeys (ConfUtils.java:logGet(46)) - raft.server.log.corruption.policy = EXCEPTION (default)
2023-08-28 09:32:36,361 [8272f6d9-26a6-4075-a6fc-a782e633560b-groupManagement] INFO  server.RaftServerConfigKeys (ConfUtils.java:logGet(46)) - raft.server.storage.free-space.min = 0MB (=0) (default)
2023-08-28 09:32:36,361 [8272f6d9-26a6-4075-a6fc-a782e633560b-groupManagement] INFO  server.RaftServerConfigKeys (ConfUtils.java:logGet(46)) - raft.server.notification.no-leader.timeout = 300s (custom)
2023-08-28 09:32:36,361 [8272f6d9-26a6-4075-a6fc-a782e633560b-groupManagement] INFO  server.RaftServerConfigKeys (ConfUtils.java:logGet(46)) - raft.server.read.timeout = 10s (default)
2023-08-28 09:32:36,361 [8272f6d9-26a6-4075-a6fc-a782e633560b-groupManagement] INFO  server.RaftServerConfigKeys (ConfUtils.java:logGet(46)) - raft.server.retrycache.expirytime = 600000ms (custom)
2023-08-28 09:32:36,361 [8272f6d9-26a6-4075-a6fc-a782e633560b-groupManagement] INFO  server.RaftServerConfigKeys (ConfUtils.java:logGet(46)) - raft.server.retrycache.statistics.expirytime = 100μs (default)
2023-08-28 09:32:36,361 [8272f6d9-26a6-4075-a6fc-a782e633560b-groupManagement] INFO  server.RaftServerConfigKeys (ConfUtils.java:logGet(46)) - raft.server.read.option = DEFAULT (default)
2023-08-28 09:32:36,362 [8272f6d9-26a6-4075-a6fc-a782e633560b-groupManagement] INFO  server.RaftServerConfigKeys (ConfUtils.java:logGet(46)) - raft.server.rpc.request.timeout = 60s (custom)
2023-08-28 09:32:36,362 [8272f6d9-26a6-4075-a6fc-a782e633560b-groupManagement] INFO  server.RaftServerConfigKeys (ConfUtils.java:logGet(46)) - raft.server.log.appender.install.snapshot.enabled = false (custom)
2023-08-28 09:32:36,362 [8272f6d9-26a6-4075-a6fc-a782e633560b-groupManagement] INFO  server.RaftServerConfigKeys (ConfUtils.java:logGet(46)) - raft.server.threadpool.server.cached = true (default)
2023-08-28 09:32:36,362 [8272f6d9-26a6-4075-a6fc-a782e633560b-groupManagement] INFO  server.RaftServerConfigKeys (ConfUtils.java:logGet(46)) - raft.server.threadpool.server.size = 0 (default)
2023-08-28 09:32:36,362 [8272f6d9-26a6-4075-a6fc-a782e633560b-groupManagement] INFO  server.RaftServerConfigKeys (ConfUtils.java:logGet(46)) - raft.server.threadpool.client.cached = true (default)
2023-08-28 09:32:36,362 [8272f6d9-26a6-4075-a6fc-a782e633560b-groupManagement] INFO  server.RaftServerConfigKeys (ConfUtils.java:logGet(46)) - raft.server.threadpool.client.size = 0 (default)
2023-08-28 09:32:36,362 [8272f6d9-26a6-4075-a6fc-a782e633560b-groupManagement] INFO  storage.RaftStorageDirectory (RaftStorageDirectoryImpl.java:analyzeStorage(137)) - The storage directory /home/runner/work/ozone/ozone/hadoop-ozone/integration-test/target/test-dir/MiniOzoneClusterImpl-67722190-891d-4afa-8cef-415625a2914e/datanode-4/data/ratis/4b1fa764-8346-4db1-8ff3-6179d16e3ea5 does not exist. Creating ...
2023-08-28 09:32:36,364 [8272f6d9-26a6-4075-a6fc-a782e633560b-groupManagement] INFO  storage.RaftStorageDirectory (RaftStorageDirectoryImpl.java:tryLock(231)) - Lock on /home/runner/work/ozone/ozone/hadoop-ozone/integration-test/target/test-dir/MiniOzoneClusterImpl-67722190-891d-4afa-8cef-415625a2914e/datanode-4/data/ratis/4b1fa764-8346-4db1-8ff3-6179d16e3ea5/in_use.lock acquired by nodename 61172@fv-az625-77
2023-08-28 09:32:36,365 [8272f6d9-26a6-4075-a6fc-a782e633560b-groupManagement] INFO  storage.RaftStorage (RaftStorageImpl.java:format(96)) - Storage directory /home/runner/work/ozone/ozone/hadoop-ozone/integration-test/target/test-dir/MiniOzoneClusterImpl-67722190-891d-4afa-8cef-415625a2914e/datanode-4/data/ratis/4b1fa764-8346-4db1-8ff3-6179d16e3ea5 has been successfully formatted.
2023-08-28 09:32:36,366 [8272f6d9-26a6-4075-a6fc-a782e633560b-groupManagement] INFO  ratis.ContainerStateMachine (ContainerStateMachine.java:loadSnapshot(262)) - group-6179D16E3EA5: The snapshot info is null. Setting the last applied indexto:(t:0, i:~)
2023-08-28 09:32:36,367 [8272f6d9-26a6-4075-a6fc-a782e633560b-groupManagement] INFO  server.RaftServerConfigKeys (ConfUtils.java:logGet(46)) - raft.server.log.use.memory = false (default)
2023-08-28 09:32:36,367 [8272f6d9-26a6-4075-a6fc-a782e633560b-groupManagement] INFO  server.RaftServerConfigKeys (ConfUtils.java:logGet(46)) - raft.server.log.purge.gap = 1000000 (custom)
2023-08-28 09:32:36,367 [8272f6d9-26a6-4075-a6fc-a782e633560b-groupManagement] INFO  server.RaftServerConfigKeys (ConfUtils.java:logGet(46)) - raft.server.log.appender.buffer.byte-limit = 33554432 (custom)
2023-08-28 09:32:36,367 [8272f6d9-26a6-4075-a6fc-a782e633560b-groupManagement] INFO  server.RaftServerConfigKeys (ConfUtils.java:logGet(46)) - raft.server.log.statemachine.data.read.timeout = 1000ms (default)
2023-08-28 09:32:36,367 [8272f6d9-26a6-4075-a6fc-a782e633560b-groupManagement] INFO  server.RaftServerConfigKeys (ConfUtils.java:logGet(46)) - raft.server.log.purge.preservation.log.num = 0 (default)
2023-08-28 09:32:36,367 [8272f6d9-26a6-4075-a6fc-a782e633560b-groupManagement] INFO  server.RaftServerConfigKeys (ConfUtils.java:logGet(46)) - raft.server.log.segment.size.max = 1048576 (custom)
2023-08-28 09:32:36,368 [EventQueue-PipelineReportForPipelineReportHandler] INFO  pipeline.PipelineReportHandler (PipelineReportHandler.java:processPipelineReport(136)) - Opened pipeline PipelineID=4b1fa764-8346-4db1-8ff3-6179d16e3ea5
2023-08-28 09:32:36,368 [EventQueue-OpenPipelineForHealthyPipelineSafeModeRule] INFO  safemode.SCMSafeModeManager (HealthyPipelineSafeModeRule.java:process(137)) - SCM in safe mode. Healthy pipelines reported count is 0, required healthy pipeline reported count is 1
2023-08-28 09:32:36,369 [8272f6d9-26a6-4075-a6fc-a782e633560b-groupManagement] INFO  server.RaftServerConfigKeys (ConfUtils.java:logGet(46)) - raft.server.log.segment.cache.num.max = 2 (custom)
2023-08-28 09:32:36,369 [8272f6d9-26a6-4075-a6fc-a782e633560b-groupManagement] INFO  server.RaftServerConfigKeys (ConfUtils.java:logGet(46)) - raft.server.log.segment.cache.size.max = 200MB (=209715200) (default)
2023-08-28 09:32:36,369 [8272f6d9-26a6-4075-a6fc-a782e633560b-groupManagement] INFO  server.RaftServerConfigKeys (ConfUtils.java:logGet(46)) - raft.server.log.appender.buffer.byte-limit = 33554432 (custom)
2023-08-28 09:32:36,369 [8272f6d9-26a6-4075-a6fc-a782e633560b-groupManagement] INFO  segmented.SegmentedRaftLogWorker (SegmentedRaftLogWorker.java:<init>(188)) - new 8272f6d9-26a6-4075-a6fc-a782e633560b@group-6179D16E3EA5-SegmentedRaftLogWorker for RaftStorageImpl:Storage Directory /home/runner/work/ozone/ozone/hadoop-ozone/integration-test/target/test-dir/MiniOzoneClusterImpl-67722190-891d-4afa-8cef-415625a2914e/datanode-4/data/ratis/4b1fa764-8346-4db1-8ff3-6179d16e3ea5
2023-08-28 09:32:36,369 [8272f6d9-26a6-4075-a6fc-a782e633560b-groupManagement] INFO  server.RaftServerConfigKeys (ConfUtils.java:logGet(46)) - raft.server.log.queue.byte-limit = 4294967296 (custom)
2023-08-28 09:32:36,369 [8272f6d9-26a6-4075-a6fc-a782e633560b-groupManagement] INFO  server.RaftServerConfigKeys (ConfUtils.java:logGet(46)) - raft.server.log.queue.element-limit = 1024 (custom)
2023-08-28 09:32:36,369 [8272f6d9-26a6-4075-a6fc-a782e633560b-groupManagement] INFO  server.RaftServerConfigKeys (ConfUtils.java:logGet(46)) - raft.server.log.segment.size.max = 1048576 (custom)
2023-08-28 09:32:36,369 [8272f6d9-26a6-4075-a6fc-a782e633560b-groupManagement] INFO  server.RaftServerConfigKeys (ConfUtils.java:logGet(46)) - raft.server.log.preallocated.size = 16384 (custom)
2023-08-28 09:32:36,370 [8272f6d9-26a6-4075-a6fc-a782e633560b-groupManagement] INFO  server.RaftServerConfigKeys (ConfUtils.java:logGet(46)) - raft.server.log.force.sync.num = 128 (default)
2023-08-28 09:32:36,370 [8272f6d9-26a6-4075-a6fc-a782e633560b-groupManagement] INFO  server.RaftServerConfigKeys (ConfUtils.java:logGet(46)) - raft.server.log.statemachine.data.sync = true (default)
2023-08-28 09:32:36,370 [8272f6d9-26a6-4075-a6fc-a782e633560b-groupManagement] INFO  server.RaftServerConfigKeys (ConfUtils.java:logGet(46)) - raft.server.log.statemachine.data.sync.timeout = 10s (default)
2023-08-28 09:32:36,370 [8272f6d9-26a6-4075-a6fc-a782e633560b-groupManagement] INFO  server.RaftServerConfigKeys (ConfUtils.java:logGet(46)) - raft.server.log.statemachine.data.sync.timeout.retry = -1 (default)
2023-08-28 09:32:36,370 [8272f6d9-26a6-4075-a6fc-a782e633560b-groupManagement] INFO  server.RaftServerConfigKeys (ConfUtils.java:logGet(46)) - raft.server.log.write.buffer.size = 1048576 (custom)
2023-08-28 09:32:36,370 [8272f6d9-26a6-4075-a6fc-a782e633560b-groupManagement] INFO  server.RaftServerConfigKeys (ConfUtils.java:logGet(46)) - raft.server.log.appender.buffer.byte-limit = 33554432 (custom)
2023-08-28 09:32:36,375 [8272f6d9-26a6-4075-a6fc-a782e633560b-groupManagement] INFO  server.RaftServerConfigKeys (ConfUtils.java:logGet(46)) - raft.server.log.unsafe-flush.enabled = false (default)
2023-08-28 09:32:36,375 [8272f6d9-26a6-4075-a6fc-a782e633560b-groupManagement] INFO  server.RaftServerConfigKeys (ConfUtils.java:logGet(46)) - raft.server.log.async-flush.enabled = false (default)
2023-08-28 09:32:36,375 [8272f6d9-26a6-4075-a6fc-a782e633560b-groupManagement] INFO  server.RaftServerConfigKeys (ConfUtils.java:logGet(46)) - raft.server.log.statemachine.data.caching.enabled = true (custom)
2023-08-28 09:32:36,376 [8272f6d9-26a6-4075-a6fc-a782e633560b-groupManagement] INFO  segmented.SegmentedRaftLogWorker (SegmentedRaftLogWorker.java:lambda$new$0(135)) - 8272f6d9-26a6-4075-a6fc-a782e633560b@group-6179D16E3EA5-SegmentedRaftLogWorker: flushIndex: setUnconditionally 0 -> -1
2023-08-28 09:32:36,376 [8272f6d9-26a6-4075-a6fc-a782e633560b-groupManagement] INFO  segmented.SegmentedRaftLogWorker (SegmentedRaftLogWorker.java:lambda$new$0(135)) - 8272f6d9-26a6-4075-a6fc-a782e633560b@group-6179D16E3EA5-SegmentedRaftLogWorker: safeCacheEvictIndex: setUnconditionally 0 -> -1
2023-08-28 09:32:36,376 [8272f6d9-26a6-4075-a6fc-a782e633560b-groupManagement] INFO  server.RaftServer$Division (RaftServerImpl.java:start(342)) - 8272f6d9-26a6-4075-a6fc-a782e633560b@group-6179D16E3EA5: start as a follower, conf=-1: peers:[8272f6d9-26a6-4075-a6fc-a782e633560b|rpc:10.1.0.27:15103|admin:10.1.0.27:15102|client:10.1.0.27:15101|dataStream:10.1.0.27:15104|priority:1|startupRole:FOLLOWER]|listeners:[], old=null
2023-08-28 09:32:36,376 [8272f6d9-26a6-4075-a6fc-a782e633560b-groupManagement] INFO  server.RaftServer$Division (RaftServerImpl.java:setRole(329)) - 8272f6d9-26a6-4075-a6fc-a782e633560b@group-6179D16E3EA5: changes role from      null to FOLLOWER at term 0 for startAsFollower
2023-08-28 09:32:36,376 [8272f6d9-26a6-4075-a6fc-a782e633560b-groupManagement] INFO  impl.RoleInfo (RoleInfo.java:updateAndGet(139)) - 8272f6d9-26a6-4075-a6fc-a782e633560b: start 8272f6d9-26a6-4075-a6fc-a782e633560b@group-6179D16E3EA5-FollowerState
2023-08-28 09:32:36,376 [8272f6d9-26a6-4075-a6fc-a782e633560b@group-6179D16E3EA5-FollowerState] INFO  server.RaftServerConfigKeys (ConfUtils.java:logFallback(53)) - raft.server.rpc.first-election.timeout.min = 5s (fallback to raft.server.rpc.timeout.min)
2023-08-28 09:32:36,377 [8272f6d9-26a6-4075-a6fc-a782e633560b@group-6179D16E3EA5-FollowerState] INFO  server.RaftServerConfigKeys (ConfUtils.java:logFallback(53)) - raft.server.rpc.first-election.timeout.max = 5200ms (fallback to raft.server.rpc.timeout.max)
2023-08-28 09:32:36,377 [8272f6d9-26a6-4075-a6fc-a782e633560b-groupManagement] INFO  util.JmxRegister (JmxRegister.java:tryRegister(44)) - Successfully registered JMX Bean with object name Ratis:service=RaftServer,group=group-6179D16E3EA5,id=8272f6d9-26a6-4075-a6fc-a782e633560b
2023-08-28 09:32:36,377 [8272f6d9-26a6-4075-a6fc-a782e633560b-groupManagement] INFO  server.RaftServerConfigKeys (ConfUtils.java:logGet(46)) - raft.server.snapshot.auto.trigger.enabled = true (custom)
2023-08-28 09:32:36,377 [8272f6d9-26a6-4075-a6fc-a782e633560b-groupManagement] INFO  server.RaftServerConfigKeys (ConfUtils.java:logGet(46)) - raft.server.snapshot.auto.trigger.threshold = 10000 (custom)
2023-08-28 09:32:36,377 [8272f6d9-26a6-4075-a6fc-a782e633560b-groupManagement] INFO  server.RaftServerConfigKeys (ConfUtils.java:logGet(46)) - raft.server.snapshot.retention.file.num = 5 (custom)
2023-08-28 09:32:36,377 [8272f6d9-26a6-4075-a6fc-a782e633560b-groupManagement] INFO  server.RaftServerConfigKeys (ConfUtils.java:logGet(46)) - raft.server.log.purge.upto.snapshot.index = false (default)
2023-08-28 09:32:36,377 [PipelineCommandHandlerThread-0] INFO  ratis.XceiverServerRatis (XceiverServerRatis.java:addGroup(804)) - Created group PipelineID=4b1fa764-8346-4db1-8ff3-6179d16e3ea5
2023-08-28 09:32:36,377 [PipelineCommandHandlerThread-0] INFO  commandhandler.CreatePipelineCommandHandler (CreatePipelineCommandHandler.java:lambda$handle$2(124)) - Created Pipeline RATIS ONE PipelineID=4b1fa764-8346-4db1-8ff3-6179d16e3ea5.
2023-08-28 09:32:37,357 [main] INFO  ozone.MiniOzoneClusterImpl (MiniOzoneClusterImpl.java:lambda$waitForClusterToBeReady$0(224)) - Nodes are ready. Got 5 of 5 DN Heartbeats.
2023-08-28 09:32:37,357 [main] INFO  ozone.MiniOzoneClusterImpl (MiniOzoneClusterImpl.java:lambda$waitForClusterToBeReady$0(227)) - Waiting for cluster to exit safe mode
2023-08-28 09:32:37,357 [main] INFO  ozone.MiniOzoneClusterImpl (MiniOzoneClusterImpl.java:lambda$waitForClusterToBeReady$0(229)) - SCM became leader
2023-08-28 09:32:38,358 [main] INFO  ozone.MiniOzoneClusterImpl (MiniOzoneClusterImpl.java:lambda$waitForClusterToBeReady$0(224)) - Nodes are ready. Got 5 of 5 DN Heartbeats.
2023-08-28 09:32:38,358 [main] INFO  ozone.MiniOzoneClusterImpl (MiniOzoneClusterImpl.java:lambda$waitForClusterToBeReady$0(227)) - Waiting for cluster to exit safe mode
2023-08-28 09:32:38,358 [main] INFO  ozone.MiniOzoneClusterImpl (MiniOzoneClusterImpl.java:lambda$waitForClusterToBeReady$0(229)) - SCM became leader
2023-08-28 09:32:39,358 [main] INFO  ozone.MiniOzoneClusterImpl (MiniOzoneClusterImpl.java:lambda$waitForClusterToBeReady$0(224)) - Nodes are ready. Got 5 of 5 DN Heartbeats.
2023-08-28 09:32:39,359 [main] INFO  ozone.MiniOzoneClusterImpl (MiniOzoneClusterImpl.java:lambda$waitForClusterToBeReady$0(227)) - Waiting for cluster to exit safe mode
2023-08-28 09:32:39,359 [main] INFO  ozone.MiniOzoneClusterImpl (MiniOzoneClusterImpl.java:lambda$waitForClusterToBeReady$0(229)) - SCM became leader
2023-08-28 09:32:40,175 [8f24c139-1988-4882-b4c4-ff44179a1ed0@group-B1B3FB8FD58A-FollowerState] INFO  impl.FollowerState (FollowerState.java:run(143)) - 8f24c139-1988-4882-b4c4-ff44179a1ed0@group-B1B3FB8FD58A-FollowerState: change to CANDIDATE, lastRpcElapsedTime:5025998334ns, electionTimeout:5018ms
2023-08-28 09:32:40,176 [8f24c139-1988-4882-b4c4-ff44179a1ed0@group-B1B3FB8FD58A-FollowerState] INFO  impl.RoleInfo (RoleInfo.java:shutdownFollowerState(110)) - 8f24c139-1988-4882-b4c4-ff44179a1ed0: shutdown 8f24c139-1988-4882-b4c4-ff44179a1ed0@group-B1B3FB8FD58A-FollowerState
2023-08-28 09:32:40,176 [8f24c139-1988-4882-b4c4-ff44179a1ed0@group-B1B3FB8FD58A-FollowerState] INFO  server.RaftServer$Division (RaftServerImpl.java:setRole(329)) - 8f24c139-1988-4882-b4c4-ff44179a1ed0@group-B1B3FB8FD58A: changes role from  FOLLOWER to CANDIDATE at term 0 for changeToCandidate
2023-08-28 09:32:40,176 [8f24c139-1988-4882-b4c4-ff44179a1ed0@group-B1B3FB8FD58A-FollowerState] INFO  server.RaftServerConfigKeys (ConfUtils.java:logGet(46)) - raft.server.leaderelection.pre-vote = true (default)
2023-08-28 09:32:40,176 [8f24c139-1988-4882-b4c4-ff44179a1ed0@group-B1B3FB8FD58A-FollowerState] INFO  impl.RoleInfo (RoleInfo.java:updateAndGet(139)) - 8f24c139-1988-4882-b4c4-ff44179a1ed0: start 8f24c139-1988-4882-b4c4-ff44179a1ed0@group-B1B3FB8FD58A-LeaderElection11
2023-08-28 09:32:40,185 [8f24c139-1988-4882-b4c4-ff44179a1ed0@group-B1B3FB8FD58A-LeaderElection11] INFO  impl.LeaderElection (LeaderElection.java:askForVotes(321)) - 8f24c139-1988-4882-b4c4-ff44179a1ed0@group-B1B3FB8FD58A-LeaderElection11 PRE_VOTE round 0: submit vote requests at term 0 for -1: peers:[8f24c139-1988-4882-b4c4-ff44179a1ed0|rpc:10.1.0.27:15067|admin:10.1.0.27:15066|client:10.1.0.27:15065|dataStream:10.1.0.27:15068|priority:1|startupRole:FOLLOWER]|listeners:[], old=null
2023-08-28 09:32:40,186 [8f24c139-1988-4882-b4c4-ff44179a1ed0@group-B1B3FB8FD58A-LeaderElection11] INFO  impl.LeaderElection (LeaderElection.java:askForVotes(323)) - 8f24c139-1988-4882-b4c4-ff44179a1ed0@group-B1B3FB8FD58A-LeaderElection11 PRE_VOTE round 0: result PASSED (term=0)
2023-08-28 09:32:40,187 [8f24c139-1988-4882-b4c4-ff44179a1ed0@group-B1B3FB8FD58A-LeaderElection11] INFO  impl.LeaderElection (LeaderElection.java:askForVotes(321)) - 8f24c139-1988-4882-b4c4-ff44179a1ed0@group-B1B3FB8FD58A-LeaderElection11 ELECTION round 0: submit vote requests at term 1 for -1: peers:[8f24c139-1988-4882-b4c4-ff44179a1ed0|rpc:10.1.0.27:15067|admin:10.1.0.27:15066|client:10.1.0.27:15065|dataStream:10.1.0.27:15068|priority:1|startupRole:FOLLOWER]|listeners:[], old=null
2023-08-28 09:32:40,187 [8f24c139-1988-4882-b4c4-ff44179a1ed0@group-B1B3FB8FD58A-LeaderElection11] INFO  impl.LeaderElection (LeaderElection.java:askForVotes(323)) - 8f24c139-1988-4882-b4c4-ff44179a1ed0@group-B1B3FB8FD58A-LeaderElection11 ELECTION round 0: result PASSED (term=1)
2023-08-28 09:32:40,187 [8f24c139-1988-4882-b4c4-ff44179a1ed0@group-B1B3FB8FD58A-LeaderElection11] INFO  impl.RoleInfo (RoleInfo.java:shutdownLeaderElection(130)) - 8f24c139-1988-4882-b4c4-ff44179a1ed0: shutdown 8f24c139-1988-4882-b4c4-ff44179a1ed0@group-B1B3FB8FD58A-LeaderElection11
2023-08-28 09:32:40,187 [8f24c139-1988-4882-b4c4-ff44179a1ed0@group-B1B3FB8FD58A-LeaderElection11] INFO  server.RaftServer$Division (RaftServerImpl.java:setRole(329)) - 8f24c139-1988-4882-b4c4-ff44179a1ed0@group-B1B3FB8FD58A: changes role from CANDIDATE to LEADER at term 1 for changeToLeader
2023-08-28 09:32:40,187 [8f24c139-1988-4882-b4c4-ff44179a1ed0@group-B1B3FB8FD58A-LeaderElection11] INFO  ratis.XceiverServerRatis (XceiverServerRatis.java:handleLeaderChangedNotification(902)) - Leader change notification received for group: group-B1B3FB8FD58A with new leaderId: 8f24c139-1988-4882-b4c4-ff44179a1ed0
2023-08-28 09:32:40,188 [8f24c139-1988-4882-b4c4-ff44179a1ed0@group-B1B3FB8FD58A-LeaderElection11] INFO  server.RaftServer$Division (ServerState.java:setLeader(317)) - 8f24c139-1988-4882-b4c4-ff44179a1ed0@group-B1B3FB8FD58A: change Leader from null to 8f24c139-1988-4882-b4c4-ff44179a1ed0 at term 1 for becomeLeader, leader elected after 5059ms
2023-08-28 09:32:40,188 [8f24c139-1988-4882-b4c4-ff44179a1ed0@group-B1B3FB8FD58A-LeaderElection11] INFO  server.RaftServerConfigKeys (ConfUtils.java:logGet(46)) - raft.server.staging.catchup.gap = 1000 (default)
2023-08-28 09:32:40,188 [8f24c139-1988-4882-b4c4-ff44179a1ed0@group-B1B3FB8FD58A-LeaderElection11] INFO  server.RaftServerConfigKeys (ConfUtils.java:logGet(46)) - raft.server.write.element-limit = 1024 (custom)
2023-08-28 09:32:40,188 [8f24c139-1988-4882-b4c4-ff44179a1ed0@group-B1B3FB8FD58A-LeaderElection11] INFO  server.RaftServerConfigKeys (ConfUtils.java:logGet(46)) - raft.server.write.byte-limit = 1024 M (=1073741824) (custom)
2023-08-28 09:32:40,188 [8f24c139-1988-4882-b4c4-ff44179a1ed0@group-B1B3FB8FD58A-LeaderElection11] INFO  server.RaftServerConfigKeys (ConfUtils.java:logGet(46)) - raft.server.watch.timeout = 180s (custom)
2023-08-28 09:32:40,188 [8f24c139-1988-4882-b4c4-ff44179a1ed0@group-B1B3FB8FD58A-LeaderElection11] INFO  server.RaftServerConfigKeys (ConfUtils.java:logGet(46)) - raft.server.watch.timeout.denomination = 1s (default)
2023-08-28 09:32:40,188 [8f24c139-1988-4882-b4c4-ff44179a1ed0@group-B1B3FB8FD58A-LeaderElection11] INFO  server.RaftServerConfigKeys (ConfUtils.java:logGet(46)) - raft.server.watch.element-limit = 65536 (default)
2023-08-28 09:32:40,188 [8f24c139-1988-4882-b4c4-ff44179a1ed0@group-B1B3FB8FD58A-LeaderElection11] INFO  server.RaftServerConfigKeys (ConfUtils.java:logGet(46)) - raft.server.write.element-limit = 1024 (custom)
2023-08-28 09:32:40,188 [8f24c139-1988-4882-b4c4-ff44179a1ed0@group-B1B3FB8FD58A-LeaderElection11] INFO  server.RaftServerConfigKeys (ConfUtils.java:logGet(46)) - raft.server.write.follower.gap.ratio.max = -1.0 (default)
2023-08-28 09:32:40,189 [8f24c139-1988-4882-b4c4-ff44179a1ed0@group-B1B3FB8FD58A-LeaderElection11] INFO  impl.RoleInfo (RoleInfo.java:updateAndGet(139)) - 8f24c139-1988-4882-b4c4-ff44179a1ed0: start 8f24c139-1988-4882-b4c4-ff44179a1ed0@group-B1B3FB8FD58A-LeaderStateImpl
2023-08-28 09:32:40,189 [8f24c139-1988-4882-b4c4-ff44179a1ed0@group-B1B3FB8FD58A-LeaderElection11] INFO  segmented.SegmentedRaftLogWorker (SegmentedRaftLogWorker.java:startLogSegment(447)) - 8f24c139-1988-4882-b4c4-ff44179a1ed0@group-B1B3FB8FD58A-SegmentedRaftLogWorker: Starting segment from index:0
2023-08-28 09:32:40,190 [EventQueue-OpenPipelineForHealthyPipelineSafeModeRule] INFO  safemode.SCMSafeModeManager (HealthyPipelineSafeModeRule.java:process(137)) - SCM in safe mode. Healthy pipelines reported count is 0, required healthy pipeline reported count is 1
2023-08-28 09:32:40,191 [8f24c139-1988-4882-b4c4-ff44179a1ed0@group-B1B3FB8FD58A-LeaderElection11] INFO  server.RaftServer$Division (ServerState.java:setRaftConf(434)) - 8f24c139-1988-4882-b4c4-ff44179a1ed0@group-B1B3FB8FD58A: set configuration 0: peers:[8f24c139-1988-4882-b4c4-ff44179a1ed0|rpc:10.1.0.27:15067|admin:10.1.0.27:15066|client:10.1.0.27:15065|dataStream:10.1.0.27:15068|priority:1|startupRole:FOLLOWER]|listeners:[], old=null
2023-08-28 09:32:40,192 [8f24c139-1988-4882-b4c4-ff44179a1ed0@group-B1B3FB8FD58A-SegmentedRaftLogWorker] INFO  segmented.SegmentedRaftLogWorker (SegmentedRaftLogWorker.java:execute(651)) - 8f24c139-1988-4882-b4c4-ff44179a1ed0@group-B1B3FB8FD58A-SegmentedRaftLogWorker: created new log segment /home/runner/work/ozone/ozone/hadoop-ozone/integration-test/target/test-dir/MiniOzoneClusterImpl-67722190-891d-4afa-8cef-415625a2914e/datanode-0/data/ratis/baec362b-a0dd-42de-bc70-b1b3fb8fd58a/current/log_inprogress_0
2023-08-28 09:32:40,234 [8f24c139-1988-4882-b4c4-ff44179a1ed0@group-CA876597277A-FollowerState] INFO  impl.FollowerState (FollowerState.java:run(143)) - 8f24c139-1988-4882-b4c4-ff44179a1ed0@group-CA876597277A-FollowerState: change to CANDIDATE, lastRpcElapsedTime:5059047831ns, electionTimeout:5057ms
2023-08-28 09:32:40,234 [8f24c139-1988-4882-b4c4-ff44179a1ed0@group-CA876597277A-FollowerState] INFO  impl.RoleInfo (RoleInfo.java:shutdownFollowerState(110)) - 8f24c139-1988-4882-b4c4-ff44179a1ed0: shutdown 8f24c139-1988-4882-b4c4-ff44179a1ed0@group-CA876597277A-FollowerState
2023-08-28 09:32:40,234 [8f24c139-1988-4882-b4c4-ff44179a1ed0@group-CA876597277A-FollowerState] INFO  server.RaftServer$Division (RaftServerImpl.java:setRole(329)) - 8f24c139-1988-4882-b4c4-ff44179a1ed0@group-CA876597277A: changes role from  FOLLOWER to CANDIDATE at term 0 for changeToCandidate
2023-08-28 09:32:40,234 [8f24c139-1988-4882-b4c4-ff44179a1ed0@group-CA876597277A-FollowerState] INFO  server.RaftServerConfigKeys (ConfUtils.java:logGet(46)) - raft.server.leaderelection.pre-vote = true (default)
2023-08-28 09:32:40,234 [8f24c139-1988-4882-b4c4-ff44179a1ed0@group-CA876597277A-FollowerState] INFO  impl.RoleInfo (RoleInfo.java:updateAndGet(139)) - 8f24c139-1988-4882-b4c4-ff44179a1ed0: start 8f24c139-1988-4882-b4c4-ff44179a1ed0@group-CA876597277A-LeaderElection12
2023-08-28 09:32:40,238 [8f24c139-1988-4882-b4c4-ff44179a1ed0@group-CA876597277A-LeaderElection12] INFO  impl.LeaderElection (LeaderElection.java:askForVotes(321)) - 8f24c139-1988-4882-b4c4-ff44179a1ed0@group-CA876597277A-LeaderElection12 PRE_VOTE round 0: submit vote requests at term 0 for -1: peers:[d600485d-b91b-41d8-8672-c913e6695d89|rpc:10.1.0.27:15076|admin:10.1.0.27:15075|client:10.1.0.27:15074|dataStream:10.1.0.27:15077|priority:0|startupRole:FOLLOWER, 8f24c139-1988-4882-b4c4-ff44179a1ed0|rpc:10.1.0.27:15067|admin:10.1.0.27:15066|client:10.1.0.27:15065|dataStream:10.1.0.27:15068|priority:0|startupRole:FOLLOWER, 454ab8f7-ff05-436e-934f-07f2970d48f1|rpc:10.1.0.27:15085|admin:10.1.0.27:15084|client:10.1.0.27:15083|dataStream:10.1.0.27:15086|priority:1|startupRole:FOLLOWER]|listeners:[], old=null
2023-08-28 09:32:40,239 [8f24c139-1988-4882-b4c4-ff44179a1ed0@group-CA876597277A-LeaderElection12] INFO  server.RaftServerConfigKeys (ConfUtils.java:logFallback(53)) - raft.server.rpc.first-election.timeout.min = 5s (fallback to raft.server.rpc.timeout.min)
2023-08-28 09:32:40,239 [8f24c139-1988-4882-b4c4-ff44179a1ed0@group-CA876597277A-LeaderElection12-1] INFO  server.GrpcServerProtocolClient (GrpcServerProtocolClient.java:<init>(65)) - Build channel for d600485d-b91b-41d8-8672-c913e6695d89
2023-08-28 09:32:40,239 [8f24c139-1988-4882-b4c4-ff44179a1ed0@group-CA876597277A-LeaderElection12] INFO  server.RaftServerConfigKeys (ConfUtils.java:logFallback(53)) - raft.server.rpc.first-election.timeout.max = 5200ms (fallback to raft.server.rpc.timeout.max)
2023-08-28 09:32:40,239 [8f24c139-1988-4882-b4c4-ff44179a1ed0@group-CA876597277A-LeaderElection12-2] INFO  server.GrpcServerProtocolClient (GrpcServerProtocolClient.java:<init>(65)) - Build channel for 454ab8f7-ff05-436e-934f-07f2970d48f1
2023-08-28 09:32:40,250 [grpc-default-executor-0] INFO  server.RaftServer$Division (RaftServerImpl.java:requestVote(1302)) - 454ab8f7-ff05-436e-934f-07f2970d48f1@group-CA876597277A: receive requestVote(PRE_VOTE, 8f24c139-1988-4882-b4c4-ff44179a1ed0, group-CA876597277A, 0, (t:0, i:0))
2023-08-28 09:32:40,250 [grpc-default-executor-0] INFO  impl.VoteContext (VoteContext.java:log(49)) - 454ab8f7-ff05-436e-934f-07f2970d48f1@group-CA876597277A-FOLLOWER: reject PRE_VOTE from 8f24c139-1988-4882-b4c4-ff44179a1ed0: our priority 1 > candidate's priority 0
2023-08-28 09:32:40,250 [grpc-default-executor-0] INFO  server.RaftServer$Division (RaftServerImpl.java:requestVote(1335)) - 454ab8f7-ff05-436e-934f-07f2970d48f1@group-CA876597277A replies to PRE_VOTE vote request: 8f24c139-1988-4882-b4c4-ff44179a1ed0<-454ab8f7-ff05-436e-934f-07f2970d48f1#0:FAIL-t0. Peer's state: 454ab8f7-ff05-436e-934f-07f2970d48f1@group-CA876597277A:t0, leader=null, voted=, raftlog=Memoized:454ab8f7-ff05-436e-934f-07f2970d48f1@group-CA876597277A-SegmentedRaftLog:OPENED:c-1, conf=-1: peers:[d600485d-b91b-41d8-8672-c913e6695d89|rpc:10.1.0.27:15076|admin:10.1.0.27:15075|client:10.1.0.27:15074|dataStream:10.1.0.27:15077|priority:0|startupRole:FOLLOWER, 8f24c139-1988-4882-b4c4-ff44179a1ed0|rpc:10.1.0.27:15067|admin:10.1.0.27:15066|client:10.1.0.27:15065|dataStream:10.1.0.27:15068|priority:0|startupRole:FOLLOWER, 454ab8f7-ff05-436e-934f-07f2970d48f1|rpc:10.1.0.27:15085|admin:10.1.0.27:15084|client:10.1.0.27:15083|dataStream:10.1.0.27:15086|priority:1|startupRole:FOLLOWER]|listeners:[], old=null
2023-08-28 09:32:40,262 [8f24c139-1988-4882-b4c4-ff44179a1ed0@group-CA876597277A-LeaderElection12] INFO  impl.LeaderElection (LeaderElection.java:logAndReturn(90)) - 8f24c139-1988-4882-b4c4-ff44179a1ed0@group-CA876597277A-LeaderElection12: PRE_VOTE REJECTED received 1 response(s) and 0 exception(s):
2023-08-28 09:32:40,262 [8f24c139-1988-4882-b4c4-ff44179a1ed0@group-CA876597277A-LeaderElection12] INFO  impl.LeaderElection (LeaderElection.java:logAndReturn(94)) -   Response 0: 8f24c139-1988-4882-b4c4-ff44179a1ed0<-454ab8f7-ff05-436e-934f-07f2970d48f1#0:FAIL-t0
2023-08-28 09:32:40,262 [8f24c139-1988-4882-b4c4-ff44179a1ed0@group-CA876597277A-LeaderElection12] INFO  impl.LeaderElection (LeaderElection.java:askForVotes(323)) - 8f24c139-1988-4882-b4c4-ff44179a1ed0@group-CA876597277A-LeaderElection12 PRE_VOTE round 0: result REJECTED
2023-08-28 09:32:40,262 [8f24c139-1988-4882-b4c4-ff44179a1ed0@group-CA876597277A-LeaderElection12] INFO  server.RaftServer$Division (RaftServerImpl.java:setRole(329)) - 8f24c139-1988-4882-b4c4-ff44179a1ed0@group-CA876597277A: changes role from CANDIDATE to FOLLOWER at term 0 for REJECTED
2023-08-28 09:32:40,263 [8f24c139-1988-4882-b4c4-ff44179a1ed0@group-CA876597277A-LeaderElection12] INFO  impl.RoleInfo (RoleInfo.java:shutdownLeaderElection(130)) - 8f24c139-1988-4882-b4c4-ff44179a1ed0: shutdown 8f24c139-1988-4882-b4c4-ff44179a1ed0@group-CA876597277A-LeaderElection12
2023-08-28 09:32:40,263 [8f24c139-1988-4882-b4c4-ff44179a1ed0@group-CA876597277A-LeaderElection12] INFO  impl.RoleInfo (RoleInfo.java:updateAndGet(139)) - 8f24c139-1988-4882-b4c4-ff44179a1ed0: start 8f24c139-1988-4882-b4c4-ff44179a1ed0@group-CA876597277A-FollowerState
2023-08-28 09:32:40,266 [grpc-default-executor-1] INFO  server.RaftServer$Division (RaftServerImpl.java:requestVote(1302)) - d600485d-b91b-41d8-8672-c913e6695d89@group-CA876597277A: receive requestVote(PRE_VOTE, 8f24c139-1988-4882-b4c4-ff44179a1ed0, group-CA876597277A, 0, (t:0, i:0))
2023-08-28 09:32:40,266 [grpc-default-executor-1] INFO  impl.VoteContext (VoteContext.java:log(49)) - d600485d-b91b-41d8-8672-c913e6695d89@group-CA876597277A-FOLLOWER: accept PRE_VOTE from 8f24c139-1988-4882-b4c4-ff44179a1ed0: our priority 0 <= candidate's priority 0
2023-08-28 09:32:40,266 [grpc-default-executor-1] INFO  server.RaftServer$Division (RaftServerImpl.java:requestVote(1335)) - d600485d-b91b-41d8-8672-c913e6695d89@group-CA876597277A replies to PRE_VOTE vote request: 8f24c139-1988-4882-b4c4-ff44179a1ed0<-d600485d-b91b-41d8-8672-c913e6695d89#0:OK-t0. Peer's state: d600485d-b91b-41d8-8672-c913e6695d89@group-CA876597277A:t0, leader=null, voted=, raftlog=Memoized:d600485d-b91b-41d8-8672-c913e6695d89@group-CA876597277A-SegmentedRaftLog:OPENED:c-1, conf=-1: peers:[d600485d-b91b-41d8-8672-c913e6695d89|rpc:10.1.0.27:15076|admin:10.1.0.27:15075|client:10.1.0.27:15074|dataStream:10.1.0.27:15077|priority:0|startupRole:FOLLOWER, 8f24c139-1988-4882-b4c4-ff44179a1ed0|rpc:10.1.0.27:15067|admin:10.1.0.27:15066|client:10.1.0.27:15065|dataStream:10.1.0.27:15068|priority:0|startupRole:FOLLOWER, 454ab8f7-ff05-436e-934f-07f2970d48f1|rpc:10.1.0.27:15085|admin:10.1.0.27:15084|client:10.1.0.27:15083|dataStream:10.1.0.27:15086|priority:1|startupRole:FOLLOWER]|listeners:[], old=null
2023-08-28 09:32:40,324 [d600485d-b91b-41d8-8672-c913e6695d89@group-CA876597277A-FollowerState] INFO  server.RaftServerConfigKeys (ConfUtils.java:logFallback(53)) - raft.server.rpc.first-election.timeout.min = 5s (fallback to raft.server.rpc.timeout.min)
2023-08-28 09:32:40,324 [d600485d-b91b-41d8-8672-c913e6695d89@group-CA876597277A-FollowerState] INFO  server.RaftServerConfigKeys (ConfUtils.java:logFallback(53)) - raft.server.rpc.first-election.timeout.max = 5200ms (fallback to raft.server.rpc.timeout.max)
2023-08-28 09:32:40,347 [454ab8f7-ff05-436e-934f-07f2970d48f1@group-CA876597277A-FollowerState] INFO  impl.FollowerState (FollowerState.java:run(143)) - 454ab8f7-ff05-436e-934f-07f2970d48f1@group-CA876597277A-FollowerState: change to CANDIDATE, lastRpcElapsedTime:5082601885ns, electionTimeout:5079ms
2023-08-28 09:32:40,347 [454ab8f7-ff05-436e-934f-07f2970d48f1@group-CA876597277A-FollowerState] INFO  impl.RoleInfo (RoleInfo.java:shutdownFollowerState(110)) - 454ab8f7-ff05-436e-934f-07f2970d48f1: shutdown 454ab8f7-ff05-436e-934f-07f2970d48f1@group-CA876597277A-FollowerState
2023-08-28 09:32:40,347 [454ab8f7-ff05-436e-934f-07f2970d48f1@group-CA876597277A-FollowerState] INFO  server.RaftServer$Division (RaftServerImpl.java:setRole(329)) - 454ab8f7-ff05-436e-934f-07f2970d48f1@group-CA876597277A: changes role from  FOLLOWER to CANDIDATE at term 0 for changeToCandidate
2023-08-28 09:32:40,347 [454ab8f7-ff05-436e-934f-07f2970d48f1@group-CA876597277A-FollowerState] INFO  server.RaftServerConfigKeys (ConfUtils.java:logGet(46)) - raft.server.leaderelection.pre-vote = true (default)
2023-08-28 09:32:40,347 [454ab8f7-ff05-436e-934f-07f2970d48f1@group-CA876597277A-FollowerState] INFO  impl.RoleInfo (RoleInfo.java:updateAndGet(139)) - 454ab8f7-ff05-436e-934f-07f2970d48f1: start 454ab8f7-ff05-436e-934f-07f2970d48f1@group-CA876597277A-LeaderElection13
2023-08-28 09:32:40,348 [454ab8f7-ff05-436e-934f-07f2970d48f1@group-CA876597277A-LeaderElection13] INFO  impl.LeaderElection (LeaderElection.java:askForVotes(321)) - 454ab8f7-ff05-436e-934f-07f2970d48f1@group-CA876597277A-LeaderElection13 PRE_VOTE round 0: submit vote requests at term 0 for -1: peers:[d600485d-b91b-41d8-8672-c913e6695d89|rpc:10.1.0.27:15076|admin:10.1.0.27:15075|client:10.1.0.27:15074|dataStream:10.1.0.27:15077|priority:0|startupRole:FOLLOWER, 8f24c139-1988-4882-b4c4-ff44179a1ed0|rpc:10.1.0.27:15067|admin:10.1.0.27:15066|client:10.1.0.27:15065|dataStream:10.1.0.27:15068|priority:0|startupRole:FOLLOWER, 454ab8f7-ff05-436e-934f-07f2970d48f1|rpc:10.1.0.27:15085|admin:10.1.0.27:15084|client:10.1.0.27:15083|dataStream:10.1.0.27:15086|priority:1|startupRole:FOLLOWER]|listeners:[], old=null
2023-08-28 09:32:40,348 [454ab8f7-ff05-436e-934f-07f2970d48f1@group-CA876597277A-LeaderElection13] INFO  server.RaftServerConfigKeys (ConfUtils.java:logFallback(53)) - raft.server.rpc.first-election.timeout.min = 5s (fallback to raft.server.rpc.timeout.min)
2023-08-28 09:32:40,348 [454ab8f7-ff05-436e-934f-07f2970d48f1@group-CA876597277A-LeaderElection13-1] INFO  server.GrpcServerProtocolClient (GrpcServerProtocolClient.java:<init>(65)) - Build channel for d600485d-b91b-41d8-8672-c913e6695d89
2023-08-28 09:32:40,349 [454ab8f7-ff05-436e-934f-07f2970d48f1@group-CA876597277A-LeaderElection13] INFO  server.RaftServerConfigKeys (ConfUtils.java:logFallback(53)) - raft.server.rpc.first-election.timeout.max = 5200ms (fallback to raft.server.rpc.timeout.max)
2023-08-28 09:32:40,349 [454ab8f7-ff05-436e-934f-07f2970d48f1@group-CA876597277A-LeaderElection13-2] INFO  server.GrpcServerProtocolClient (GrpcServerProtocolClient.java:<init>(65)) - Build channel for 8f24c139-1988-4882-b4c4-ff44179a1ed0
2023-08-28 09:32:40,359 [main] INFO  ozone.MiniOzoneClusterImpl (MiniOzoneClusterImpl.java:lambda$waitForClusterToBeReady$0(224)) - Nodes are ready. Got 5 of 5 DN Heartbeats.
2023-08-28 09:32:40,359 [main] INFO  ozone.MiniOzoneClusterImpl (MiniOzoneClusterImpl.java:lambda$waitForClusterToBeReady$0(227)) - Waiting for cluster to exit safe mode
2023-08-28 09:32:40,360 [main] INFO  ozone.MiniOzoneClusterImpl (MiniOzoneClusterImpl.java:lambda$waitForClusterToBeReady$0(229)) - SCM became leader
2023-08-28 09:32:40,359 [grpc-default-executor-1] INFO  server.RaftServer$Division (RaftServerImpl.java:requestVote(1302)) - 8f24c139-1988-4882-b4c4-ff44179a1ed0@group-CA876597277A: receive requestVote(PRE_VOTE, 454ab8f7-ff05-436e-934f-07f2970d48f1, group-CA876597277A, 0, (t:0, i:0))
2023-08-28 09:32:40,360 [grpc-default-executor-1] INFO  impl.VoteContext (VoteContext.java:log(49)) - 8f24c139-1988-4882-b4c4-ff44179a1ed0@group-CA876597277A-FOLLOWER: accept PRE_VOTE from 454ab8f7-ff05-436e-934f-07f2970d48f1: our priority 0 <= candidate's priority 1
2023-08-28 09:32:40,360 [grpc-default-executor-1] INFO  server.RaftServer$Division (RaftServerImpl.java:requestVote(1335)) - 8f24c139-1988-4882-b4c4-ff44179a1ed0@group-CA876597277A replies to PRE_VOTE vote request: 454ab8f7-ff05-436e-934f-07f2970d48f1<-8f24c139-1988-4882-b4c4-ff44179a1ed0#0:OK-t0. Peer's state: 8f24c139-1988-4882-b4c4-ff44179a1ed0@group-CA876597277A:t0, leader=null, voted=, raftlog=Memoized:8f24c139-1988-4882-b4c4-ff44179a1ed0@group-CA876597277A-SegmentedRaftLog:OPENED:c-1, conf=-1: peers:[d600485d-b91b-41d8-8672-c913e6695d89|rpc:10.1.0.27:15076|admin:10.1.0.27:15075|client:10.1.0.27:15074|dataStream:10.1.0.27:15077|priority:0|startupRole:FOLLOWER, 8f24c139-1988-4882-b4c4-ff44179a1ed0|rpc:10.1.0.27:15067|admin:10.1.0.27:15066|client:10.1.0.27:15065|dataStream:10.1.0.27:15068|priority:0|startupRole:FOLLOWER, 454ab8f7-ff05-436e-934f-07f2970d48f1|rpc:10.1.0.27:15085|admin:10.1.0.27:15084|client:10.1.0.27:15083|dataStream:10.1.0.27:15086|priority:1|startupRole:FOLLOWER]|listeners:[], old=null
2023-08-28 09:32:40,366 [454ab8f7-ff05-436e-934f-07f2970d48f1@group-CA876597277A-LeaderElection13] INFO  impl.LeaderElection (LeaderElection.java:logAndReturn(90)) - 454ab8f7-ff05-436e-934f-07f2970d48f1@group-CA876597277A-LeaderElection13: PRE_VOTE PASSED received 1 response(s) and 0 exception(s):
2023-08-28 09:32:40,366 [454ab8f7-ff05-436e-934f-07f2970d48f1@group-CA876597277A-LeaderElection13] INFO  impl.LeaderElection (LeaderElection.java:logAndReturn(94)) -   Response 0: 454ab8f7-ff05-436e-934f-07f2970d48f1<-8f24c139-1988-4882-b4c4-ff44179a1ed0#0:OK-t0
2023-08-28 09:32:40,366 [454ab8f7-ff05-436e-934f-07f2970d48f1@group-CA876597277A-LeaderElection13] INFO  impl.LeaderElection (LeaderElection.java:askForVotes(323)) - 454ab8f7-ff05-436e-934f-07f2970d48f1@group-CA876597277A-LeaderElection13 PRE_VOTE round 0: result PASSED
2023-08-28 09:32:40,368 [454ab8f7-ff05-436e-934f-07f2970d48f1@group-CA876597277A-LeaderElection13] INFO  impl.LeaderElection (LeaderElection.java:askForVotes(321)) - 454ab8f7-ff05-436e-934f-07f2970d48f1@group-CA876597277A-LeaderElection13 ELECTION round 0: submit vote requests at term 1 for -1: peers:[d600485d-b91b-41d8-8672-c913e6695d89|rpc:10.1.0.27:15076|admin:10.1.0.27:15075|client:10.1.0.27:15074|dataStream:10.1.0.27:15077|priority:0|startupRole:FOLLOWER, 8f24c139-1988-4882-b4c4-ff44179a1ed0|rpc:10.1.0.27:15067|admin:10.1.0.27:15066|client:10.1.0.27:15065|dataStream:10.1.0.27:15068|priority:0|startupRole:FOLLOWER, 454ab8f7-ff05-436e-934f-07f2970d48f1|rpc:10.1.0.27:15085|admin:10.1.0.27:15084|client:10.1.0.27:15083|dataStream:10.1.0.27:15086|priority:1|startupRole:FOLLOWER]|listeners:[], old=null
2023-08-28 09:32:40,375 [d600485d-b91b-41d8-8672-c913e6695d89@group-2A7BF07B114C-FollowerState] INFO  impl.FollowerState (FollowerState.java:run(143)) - d600485d-b91b-41d8-8672-c913e6695d89@group-2A7BF07B114C-FollowerState: change to CANDIDATE, lastRpcElapsedTime:5050178198ns, electionTimeout:5040ms
2023-08-28 09:32:40,375 [d600485d-b91b-41d8-8672-c913e6695d89@group-2A7BF07B114C-FollowerState] INFO  impl.RoleInfo (RoleInfo.java:shutdownFollowerState(110)) - d600485d-b91b-41d8-8672-c913e6695d89: shutdown d600485d-b91b-41d8-8672-c913e6695d89@group-2A7BF07B114C-FollowerState
2023-08-28 09:32:40,375 [d600485d-b91b-41d8-8672-c913e6695d89@group-2A7BF07B114C-FollowerState] INFO  server.RaftServer$Division (RaftServerImpl.java:setRole(329)) - d600485d-b91b-41d8-8672-c913e6695d89@group-2A7BF07B114C: changes role from  FOLLOWER to CANDIDATE at term 0 for changeToCandidate
2023-08-28 09:32:40,376 [454ab8f7-ff05-436e-934f-07f2970d48f1@group-CA876597277A-LeaderElection13] INFO  server.RaftServerConfigKeys (ConfUtils.java:logFallback(53)) - raft.server.rpc.first-election.timeout.min = 5s (fallback to raft.server.rpc.timeout.min)
2023-08-28 09:32:40,376 [454ab8f7-ff05-436e-934f-07f2970d48f1@group-CA876597277A-LeaderElection13] INFO  server.RaftServerConfigKeys (ConfUtils.java:logFallback(53)) - raft.server.rpc.first-election.timeout.max = 5200ms (fallback to raft.server.rpc.timeout.max)
2023-08-28 09:32:40,382 [grpc-default-executor-1] INFO  server.RaftServer$Division (RaftServerImpl.java:requestVote(1302)) - d600485d-b91b-41d8-8672-c913e6695d89@group-CA876597277A: receive requestVote(PRE_VOTE, 454ab8f7-ff05-436e-934f-07f2970d48f1, group-CA876597277A, 0, (t:0, i:0))
2023-08-28 09:32:40,382 [grpc-default-executor-1] INFO  impl.VoteContext (VoteContext.java:log(49)) - d600485d-b91b-41d8-8672-c913e6695d89@group-CA876597277A-FOLLOWER: accept PRE_VOTE from 454ab8f7-ff05-436e-934f-07f2970d48f1: our priority 0 <= candidate's priority 1
2023-08-28 09:32:40,382 [grpc-default-executor-1] INFO  server.RaftServer$Division (RaftServerImpl.java:requestVote(1335)) - d600485d-b91b-41d8-8672-c913e6695d89@group-CA876597277A replies to PRE_VOTE vote request: 454ab8f7-ff05-436e-934f-07f2970d48f1<-d600485d-b91b-41d8-8672-c913e6695d89#0:OK-t0. Peer's state: d600485d-b91b-41d8-8672-c913e6695d89@group-CA876597277A:t0, leader=null, voted=, raftlog=Memoized:d600485d-b91b-41d8-8672-c913e6695d89@group-CA876597277A-SegmentedRaftLog:OPENED:c-1, conf=-1: peers:[d600485d-b91b-41d8-8672-c913e6695d89|rpc:10.1.0.27:15076|admin:10.1.0.27:15075|client:10.1.0.27:15074|dataStream:10.1.0.27:15077|priority:0|startupRole:FOLLOWER, 8f24c139-1988-4882-b4c4-ff44179a1ed0|rpc:10.1.0.27:15067|admin:10.1.0.27:15066|client:10.1.0.27:15065|dataStream:10.1.0.27:15068|priority:0|startupRole:FOLLOWER, 454ab8f7-ff05-436e-934f-07f2970d48f1|rpc:10.1.0.27:15085|admin:10.1.0.27:15084|client:10.1.0.27:15083|dataStream:10.1.0.27:15086|priority:1|startupRole:FOLLOWER]|listeners:[], old=null
2023-08-28 09:32:40,386 [d600485d-b91b-41d8-8672-c913e6695d89@group-2A7BF07B114C-FollowerState] INFO  server.RaftServerConfigKeys (ConfUtils.java:logGet(46)) - raft.server.leaderelection.pre-vote = true (default)
2023-08-28 09:32:40,386 [d600485d-b91b-41d8-8672-c913e6695d89@group-2A7BF07B114C-FollowerState] INFO  impl.RoleInfo (RoleInfo.java:updateAndGet(139)) - d600485d-b91b-41d8-8672-c913e6695d89: start d600485d-b91b-41d8-8672-c913e6695d89@group-2A7BF07B114C-LeaderElection14
2023-08-28 09:32:40,386 [grpc-default-executor-0] INFO  server.RaftServer$Division (RaftServerImpl.java:requestVote(1302)) - d600485d-b91b-41d8-8672-c913e6695d89@group-CA876597277A: receive requestVote(ELECTION, 454ab8f7-ff05-436e-934f-07f2970d48f1, group-CA876597277A, 1, (t:0, i:0))
2023-08-28 09:32:40,387 [grpc-default-executor-0] INFO  impl.VoteContext (VoteContext.java:log(49)) - d600485d-b91b-41d8-8672-c913e6695d89@group-CA876597277A-FOLLOWER: accept ELECTION from 454ab8f7-ff05-436e-934f-07f2970d48f1: our priority 0 <= candidate's priority 1
2023-08-28 09:32:40,387 [grpc-default-executor-0] INFO  server.RaftServer$Division (RaftServerImpl.java:setRole(329)) - d600485d-b91b-41d8-8672-c913e6695d89@group-CA876597277A: changes role from  FOLLOWER to FOLLOWER at term 1 for candidate:454ab8f7-ff05-436e-934f-07f2970d48f1
2023-08-28 09:32:40,387 [grpc-default-executor-0] INFO  impl.RoleInfo (RoleInfo.java:shutdownFollowerState(110)) - d600485d-b91b-41d8-8672-c913e6695d89: shutdown d600485d-b91b-41d8-8672-c913e6695d89@group-CA876597277A-FollowerState
2023-08-28 09:32:40,387 [grpc-default-executor-1] INFO  server.RaftServer$Division (RaftServerImpl.java:requestVote(1302)) - 8f24c139-1988-4882-b4c4-ff44179a1ed0@group-CA876597277A: receive requestVote(ELECTION, 454ab8f7-ff05-436e-934f-07f2970d48f1, group-CA876597277A, 1, (t:0, i:0))
2023-08-28 09:32:40,387 [grpc-default-executor-1] INFO  impl.VoteContext (VoteContext.java:log(49)) - 8f24c139-1988-4882-b4c4-ff44179a1ed0@group-CA876597277A-FOLLOWER: accept ELECTION from 454ab8f7-ff05-436e-934f-07f2970d48f1: our priority 0 <= candidate's priority 1
2023-08-28 09:32:40,387 [grpc-default-executor-1] INFO  server.RaftServer$Division (RaftServerImpl.java:setRole(329)) - 8f24c139-1988-4882-b4c4-ff44179a1ed0@group-CA876597277A: changes role from  FOLLOWER to FOLLOWER at term 1 for candidate:454ab8f7-ff05-436e-934f-07f2970d48f1
2023-08-28 09:32:40,387 [grpc-default-executor-1] INFO  impl.RoleInfo (RoleInfo.java:shutdownFollowerState(110)) - 8f24c139-1988-4882-b4c4-ff44179a1ed0: shutdown 8f24c139-1988-4882-b4c4-ff44179a1ed0@group-CA876597277A-FollowerState
2023-08-28 09:32:40,396 [grpc-default-executor-1] INFO  impl.RoleInfo (RoleInfo.java:updateAndGet(139)) - 8f24c139-1988-4882-b4c4-ff44179a1ed0: start 8f24c139-1988-4882-b4c4-ff44179a1ed0@group-CA876597277A-FollowerState
2023-08-28 09:32:40,396 [grpc-default-executor-0] INFO  impl.RoleInfo (RoleInfo.java:updateAndGet(139)) - d600485d-b91b-41d8-8672-c913e6695d89: start d600485d-b91b-41d8-8672-c913e6695d89@group-CA876597277A-FollowerState
2023-08-28 09:32:40,396 [d600485d-b91b-41d8-8672-c913e6695d89@group-CA876597277A-FollowerState] INFO  impl.FollowerState (FollowerState.java:run(152)) - d600485d-b91b-41d8-8672-c913e6695d89@group-CA876597277A-FollowerState was interrupted
2023-08-28 09:32:40,396 [8f24c139-1988-4882-b4c4-ff44179a1ed0@group-CA876597277A-FollowerState] INFO  impl.FollowerState (FollowerState.java:run(152)) - 8f24c139-1988-4882-b4c4-ff44179a1ed0@group-CA876597277A-FollowerState was interrupted
2023-08-28 09:32:40,398 [d600485d-b91b-41d8-8672-c913e6695d89@group-2A7BF07B114C-LeaderElection14] INFO  impl.LeaderElection (LeaderElection.java:askForVotes(321)) - d600485d-b91b-41d8-8672-c913e6695d89@group-2A7BF07B114C-LeaderElection14 PRE_VOTE round 0: submit vote requests at term 0 for -1: peers:[d600485d-b91b-41d8-8672-c913e6695d89|rpc:10.1.0.27:15076|admin:10.1.0.27:15075|client:10.1.0.27:15074|dataStream:10.1.0.27:15077|priority:0|startupRole:FOLLOWER, 454ab8f7-ff05-436e-934f-07f2970d48f1|rpc:10.1.0.27:15085|admin:10.1.0.27:15084|client:10.1.0.27:15083|dataStream:10.1.0.27:15086|priority:0|startupRole:FOLLOWER, 8f24c139-1988-4882-b4c4-ff44179a1ed0|rpc:10.1.0.27:15067|admin:10.1.0.27:15066|client:10.1.0.27:15065|dataStream:10.1.0.27:15068|priority:1|startupRole:FOLLOWER]|listeners:[], old=null
2023-08-28 09:32:40,399 [grpc-default-executor-0] INFO  server.RaftServer$Division (RaftServerImpl.java:requestVote(1335)) - d600485d-b91b-41d8-8672-c913e6695d89@group-CA876597277A replies to ELECTION vote request: 454ab8f7-ff05-436e-934f-07f2970d48f1<-d600485d-b91b-41d8-8672-c913e6695d89#0:OK-t1. Peer's state: d600485d-b91b-41d8-8672-c913e6695d89@group-CA876597277A:t1, leader=null, voted=454ab8f7-ff05-436e-934f-07f2970d48f1, raftlog=Memoized:d600485d-b91b-41d8-8672-c913e6695d89@group-CA876597277A-SegmentedRaftLog:OPENED:c-1, conf=-1: peers:[d600485d-b91b-41d8-8672-c913e6695d89|rpc:10.1.0.27:15076|admin:10.1.0.27:15075|client:10.1.0.27:15074|dataStream:10.1.0.27:15077|priority:0|startupRole:FOLLOWER, 8f24c139-1988-4882-b4c4-ff44179a1ed0|rpc:10.1.0.27:15067|admin:10.1.0.27:15066|client:10.1.0.27:15065|dataStream:10.1.0.27:15068|priority:0|startupRole:FOLLOWER, 454ab8f7-ff05-436e-934f-07f2970d48f1|rpc:10.1.0.27:15085|admin:10.1.0.27:15084|client:10.1.0.27:15083|dataStream:10.1.0.27:15086|priority:1|startupRole:FOLLOWER]|listeners:[], old=null
2023-08-28 09:32:40,398 [grpc-default-executor-1] INFO  server.RaftServer$Division (RaftServerImpl.java:requestVote(1335)) - 8f24c139-1988-4882-b4c4-ff44179a1ed0@group-CA876597277A replies to ELECTION vote request: 454ab8f7-ff05-436e-934f-07f2970d48f1<-8f24c139-1988-4882-b4c4-ff44179a1ed0#0:OK-t1. Peer's state: 8f24c139-1988-4882-b4c4-ff44179a1ed0@group-CA876597277A:t1, leader=null, voted=454ab8f7-ff05-436e-934f-07f2970d48f1, raftlog=Memoized:8f24c139-1988-4882-b4c4-ff44179a1ed0@group-CA876597277A-SegmentedRaftLog:OPENED:c-1, conf=-1: peers:[d600485d-b91b-41d8-8672-c913e6695d89|rpc:10.1.0.27:15076|admin:10.1.0.27:15075|client:10.1.0.27:15074|dataStream:10.1.0.27:15077|priority:0|startupRole:FOLLOWER, 8f24c139-1988-4882-b4c4-ff44179a1ed0|rpc:10.1.0.27:15067|admin:10.1.0.27:15066|client:10.1.0.27:15065|dataStream:10.1.0.27:15068|priority:0|startupRole:FOLLOWER, 454ab8f7-ff05-436e-934f-07f2970d48f1|rpc:10.1.0.27:15085|admin:10.1.0.27:15084|client:10.1.0.27:15083|dataStream:10.1.0.27:15086|priority:1|startupRole:FOLLOWER]|listeners:[], old=null
2023-08-28 09:32:40,401 [454ab8f7-ff05-436e-934f-07f2970d48f1@group-CA876597277A-LeaderElection13] INFO  impl.LeaderElection (LeaderElection.java:logAndReturn(90)) - 454ab8f7-ff05-436e-934f-07f2970d48f1@group-CA876597277A-LeaderElection13: ELECTION PASSED received 1 response(s) and 0 exception(s):
2023-08-28 09:32:40,401 [454ab8f7-ff05-436e-934f-07f2970d48f1@group-CA876597277A-LeaderElection13] INFO  impl.LeaderElection (LeaderElection.java:logAndReturn(94)) -   Response 0: 454ab8f7-ff05-436e-934f-07f2970d48f1<-d600485d-b91b-41d8-8672-c913e6695d89#0:OK-t1
2023-08-28 09:32:40,401 [454ab8f7-ff05-436e-934f-07f2970d48f1@group-CA876597277A-LeaderElection13] INFO  impl.LeaderElection (LeaderElection.java:askForVotes(323)) - 454ab8f7-ff05-436e-934f-07f2970d48f1@group-CA876597277A-LeaderElection13 ELECTION round 0: result PASSED
2023-08-28 09:32:40,401 [454ab8f7-ff05-436e-934f-07f2970d48f1@group-CA876597277A-LeaderElection13] INFO  impl.RoleInfo (RoleInfo.java:shutdownLeaderElection(130)) - 454ab8f7-ff05-436e-934f-07f2970d48f1: shutdown 454ab8f7-ff05-436e-934f-07f2970d48f1@group-CA876597277A-LeaderElection13
2023-08-28 09:32:40,401 [454ab8f7-ff05-436e-934f-07f2970d48f1@group-CA876597277A-LeaderElection13] INFO  server.RaftServer$Division (RaftServerImpl.java:setRole(329)) - 454ab8f7-ff05-436e-934f-07f2970d48f1@group-CA876597277A: changes role from CANDIDATE to LEADER at term 1 for changeToLeader
2023-08-28 09:32:40,401 [454ab8f7-ff05-436e-934f-07f2970d48f1@group-CA876597277A-LeaderElection13] INFO  ratis.XceiverServerRatis (XceiverServerRatis.java:handleLeaderChangedNotification(902)) - Leader change notification received for group: group-CA876597277A with new leaderId: 454ab8f7-ff05-436e-934f-07f2970d48f1
2023-08-28 09:32:40,402 [454ab8f7-ff05-436e-934f-07f2970d48f1@group-CA876597277A-LeaderElection13] INFO  server.RaftServer$Division (ServerState.java:setLeader(317)) - 454ab8f7-ff05-436e-934f-07f2970d48f1@group-CA876597277A: change Leader from null to 454ab8f7-ff05-436e-934f-07f2970d48f1 at term 1 for becomeLeader, leader elected after 5153ms
2023-08-28 09:32:40,402 [454ab8f7-ff05-436e-934f-07f2970d48f1@group-CA876597277A-LeaderElection13] INFO  server.RaftServerConfigKeys (ConfUtils.java:logGet(46)) - raft.server.staging.catchup.gap = 1000 (default)
2023-08-28 09:32:40,402 [454ab8f7-ff05-436e-934f-07f2970d48f1@group-CA876597277A-LeaderElection13] INFO  server.RaftServerConfigKeys (ConfUtils.java:logGet(46)) - raft.server.write.element-limit = 1024 (custom)
2023-08-28 09:32:40,402 [454ab8f7-ff05-436e-934f-07f2970d48f1@group-CA876597277A-LeaderElection13] INFO  server.RaftServerConfigKeys (ConfUtils.java:logGet(46)) - raft.server.write.byte-limit = 1024 M (=1073741824) (custom)
2023-08-28 09:32:40,402 [454ab8f7-ff05-436e-934f-07f2970d48f1@group-CA876597277A-LeaderElection13] INFO  server.RaftServerConfigKeys (ConfUtils.java:logGet(46)) - raft.server.watch.timeout = 180s (custom)
2023-08-28 09:32:40,402 [454ab8f7-ff05-436e-934f-07f2970d48f1@group-CA876597277A-LeaderElection13] INFO  server.RaftServerConfigKeys (ConfUtils.java:logGet(46)) - raft.server.watch.timeout.denomination = 1s (default)
2023-08-28 09:32:40,402 [454ab8f7-ff05-436e-934f-07f2970d48f1@group-CA876597277A-LeaderElection13] INFO  server.RaftServerConfigKeys (ConfUtils.java:logGet(46)) - raft.server.watch.element-limit = 65536 (default)
2023-08-28 09:32:40,402 [454ab8f7-ff05-436e-934f-07f2970d48f1@group-CA876597277A-LeaderElection13] INFO  server.RaftServerConfigKeys (ConfUtils.java:logGet(46)) - raft.server.write.element-limit = 1024 (custom)
2023-08-28 09:32:40,402 [454ab8f7-ff05-436e-934f-07f2970d48f1@group-CA876597277A-LeaderElection13] INFO  server.RaftServerConfigKeys (ConfUtils.java:logGet(46)) - raft.server.write.follower.gap.ratio.max = -1.0 (default)
2023-08-28 09:32:40,404 [d600485d-b91b-41d8-8672-c913e6695d89@group-2A7BF07B114C-LeaderElection14] INFO  server.RaftServerConfigKeys (ConfUtils.java:logFallback(53)) - raft.server.rpc.first-election.timeout.min = 5s (fallback to raft.server.rpc.timeout.min)
2023-08-28 09:32:40,404 [d600485d-b91b-41d8-8672-c913e6695d89@group-2A7BF07B114C-LeaderElection14] INFO  server.RaftServerConfigKeys (ConfUtils.java:logFallback(53)) - raft.server.rpc.first-election.timeout.max = 5200ms (fallback to raft.server.rpc.timeout.max)
2023-08-28 09:32:40,404 [454ab8f7-ff05-436e-934f-07f2970d48f1@group-2A7BF07B114C-FollowerState] INFO  impl.FollowerState (FollowerState.java:run(143)) - 454ab8f7-ff05-436e-934f-07f2970d48f1@group-2A7BF07B114C-FollowerState: change to CANDIDATE, lastRpcElapsedTime:5029665589ns, electionTimeout:5027ms
2023-08-28 09:32:40,404 [454ab8f7-ff05-436e-934f-07f2970d48f1@group-2A7BF07B114C-FollowerState] INFO  impl.RoleInfo (RoleInfo.java:shutdownFollowerState(110)) - 454ab8f7-ff05-436e-934f-07f2970d48f1: shutdown 454ab8f7-ff05-436e-934f-07f2970d48f1@group-2A7BF07B114C-FollowerState
2023-08-28 09:32:40,404 [454ab8f7-ff05-436e-934f-07f2970d48f1@group-2A7BF07B114C-FollowerState] INFO  server.RaftServer$Division (RaftServerImpl.java:setRole(329)) - 454ab8f7-ff05-436e-934f-07f2970d48f1@group-2A7BF07B114C: changes role from  FOLLOWER to CANDIDATE at term 0 for changeToCandidate
2023-08-28 09:32:40,404 [454ab8f7-ff05-436e-934f-07f2970d48f1@group-2A7BF07B114C-FollowerState] INFO  server.RaftServerConfigKeys (ConfUtils.java:logGet(46)) - raft.server.leaderelection.pre-vote = true (default)
2023-08-28 09:32:40,404 [454ab8f7-ff05-436e-934f-07f2970d48f1@group-2A7BF07B114C-FollowerState] INFO  impl.RoleInfo (RoleInfo.java:updateAndGet(139)) - 454ab8f7-ff05-436e-934f-07f2970d48f1: start 454ab8f7-ff05-436e-934f-07f2970d48f1@group-2A7BF07B114C-LeaderElection15
2023-08-28 09:32:40,404 [d600485d-b91b-41d8-8672-c913e6695d89@group-2A7BF07B114C-LeaderElection14-1] INFO  server.GrpcServerProtocolClient (GrpcServerProtocolClient.java:<init>(65)) - Build channel for 454ab8f7-ff05-436e-934f-07f2970d48f1
2023-08-28 09:32:40,404 [d600485d-b91b-41d8-8672-c913e6695d89@group-2A7BF07B114C-LeaderElection14-2] INFO  server.GrpcServerProtocolClient (GrpcServerProtocolClient.java:<init>(65)) - Build channel for 8f24c139-1988-4882-b4c4-ff44179a1ed0
2023-08-28 09:32:40,407 [454ab8f7-ff05-436e-934f-07f2970d48f1@group-CA876597277A-LeaderElection13] INFO  server.RaftServerConfigKeys (ConfUtils.java:logGet(46)) - raft.server.log.appender.snapshot.chunk.size.max = 16MB (=16777216) (default)
2023-08-28 09:32:40,407 [454ab8f7-ff05-436e-934f-07f2970d48f1@group-CA876597277A-LeaderElection13] INFO  server.RaftServerConfigKeys (ConfUtils.java:logGet(46)) - raft.server.log.appender.buffer.byte-limit = 33554432 (custom)
2023-08-28 09:32:40,408 [454ab8f7-ff05-436e-934f-07f2970d48f1@group-CA876597277A-LeaderElection13] INFO  server.RaftServerConfigKeys (ConfUtils.java:logGet(46)) - raft.server.log.appender.buffer.element-limit = 1 (custom)
2023-08-28 09:32:40,408 [454ab8f7-ff05-436e-934f-07f2970d48f1@group-CA876597277A-LeaderElection13] INFO  server.RaftServerConfigKeys (ConfUtils.java:logGet(46)) - raft.server.log.appender.wait-time.min = 10ms (default)
2023-08-28 09:32:40,408 [454ab8f7-ff05-436e-934f-07f2970d48f1@group-CA876597277A-LeaderElection13] INFO  grpc.GrpcConfigKeys (ConfUtils.java:logGet(46)) - raft.grpc.server.leader.outstanding.appends.max = 128 (default)
2023-08-28 09:32:40,413 [EventQueue-OpenPipelineForHealthyPipelineSafeModeRule] INFO  safemode.SCMSafeModeManager (HealthyPipelineSafeModeRule.java:process(137)) - SCM in safe mode. Healthy pipelines reported count is 0, required healthy pipeline reported count is 1
2023-08-28 09:32:40,414 [454ab8f7-ff05-436e-934f-07f2970d48f1@group-CA876597277A-LeaderElection13] INFO  server.RaftServerConfigKeys (ConfUtils.java:logGet(46)) - raft.server.rpc.request.timeout = 60s (custom)
2023-08-28 09:32:40,415 [454ab8f7-ff05-436e-934f-07f2970d48f1@group-CA876597277A-LeaderElection13] INFO  grpc.GrpcConfigKeys (ConfUtils.java:logGet(46)) - raft.grpc.server.install_snapshot.request.element-limit = 8 (default)
2023-08-28 09:32:40,415 [454ab8f7-ff05-436e-934f-07f2970d48f1@group-CA876597277A-LeaderElection13] INFO  grpc.GrpcConfigKeys (ConfUtils.java:logGet(46)) - raft.grpc.server.install_snapshot.request.timeout = 3000ms (default)
2023-08-28 09:32:40,415 [454ab8f7-ff05-436e-934f-07f2970d48f1@group-CA876597277A-LeaderElection13] INFO  server.RaftServerConfigKeys (ConfUtils.java:logGet(46)) - raft.server.log.appender.install.snapshot.enabled = false (custom)
2023-08-28 09:32:40,416 [454ab8f7-ff05-436e-934f-07f2970d48f1@group-CA876597277A-LeaderElection13] INFO  grpc.GrpcConfigKeys (ConfUtils.java:logGet(46)) - raft.grpc.server.heartbeat.channel = true (default)
2023-08-28 09:32:40,416 [EventQueue-PipelineReportForPipelineReportHandler] INFO  pipeline.PipelineReportHandler (PipelineReportHandler.java:processPipelineReport(136)) - Opened pipeline PipelineID=2ba54fe9-2a0f-4ffc-bd67-ca876597277a
2023-08-28 09:32:40,416 [454ab8f7-ff05-436e-934f-07f2970d48f1@group-CA876597277A-LeaderElection13] INFO  server.RaftServerConfigKeys (ConfUtils.java:logGet(46)) - raft.server.log.appender.snapshot.chunk.size.max = 16MB (=16777216) (default)
2023-08-28 09:32:40,416 [EventQueue-OpenPipelineForHealthyPipelineSafeModeRule] INFO  safemode.SCMSafeModeManager (HealthyPipelineSafeModeRule.java:process(137)) - SCM in safe mode. Healthy pipelines reported count is 1, required healthy pipeline reported count is 1
2023-08-28 09:32:40,416 [EventQueue-OpenPipelineForHealthyPipelineSafeModeRule] INFO  safemode.SCMSafeModeManager (SCMSafeModeManager.java:validateSafeModeExitRules(200)) - HealthyPipelineSafeModeRule rule is successfully validated
2023-08-28 09:32:40,416 [EventQueue-OpenPipelineForHealthyPipelineSafeModeRule] INFO  safemode.SCMSafeModeManager (SCMSafeModeManager.java:validateSafeModeExitRules(215)) - ScmSafeModeManager, all rules are successfully validated
2023-08-28 09:32:40,416 [EventQueue-OpenPipelineForHealthyPipelineSafeModeRule] INFO  safemode.SCMSafeModeManager (SCMSafeModeManager.java:exitSafeMode(244)) - SCM exiting safe mode.
2023-08-28 09:32:40,416 [454ab8f7-ff05-436e-934f-07f2970d48f1@group-CA876597277A-LeaderElection13] INFO  server.RaftServerConfigKeys (ConfUtils.java:logGet(46)) - raft.server.log.appender.buffer.byte-limit = 33554432 (custom)
2023-08-28 09:32:40,416 [EventQueue-OpenPipelineForHealthyPipelineSafeModeRule] INFO  ha.SCMContext (SCMContext.java:updateSafeModeStatus(228)) - Update SafeModeStatus from SafeModeStatus{safeModeStatus=true, preCheckPassed=true} to SafeModeStatus{safeModeStatus=false, preCheckPassed=true}.
2023-08-28 09:32:40,416 [EventQueue-OpenPipelineForHealthyPipelineSafeModeRule] INFO  pipeline.BackgroundPipelineCreator (BackgroundPipelineCreator.java:notifyStatusChanged(255)) - Service BackgroundPipelineCreator transitions to RUNNING.
2023-08-28 09:32:40,417 [EventQueue-OpenPipelineForHealthyPipelineSafeModeRule] INFO  BackgroundPipelineScrubber (BackgroundSCMService.java:notifyStatusChanged(82)) - Service BackgroundPipelineScrubber transitions to RUNNING.
2023-08-28 09:32:40,417 [EventQueue-OpenPipelineForHealthyPipelineSafeModeRule] INFO  ExpiredContainerReplicaOpScrubber (BackgroundSCMService.java:notifyStatusChanged(82)) - Service ExpiredContainerReplicaOpScrubber transitions to RUNNING.
2023-08-28 09:32:40,417 [EventQueue-OpenPipelineForHealthyPipelineSafeModeRule] INFO  replication.ReplicationManager (ReplicationManager.java:notifyStatusChanged(1370)) - Service ReplicationManager transitions to RUNNING.
2023-08-28 09:32:40,416 [454ab8f7-ff05-436e-934f-07f2970d48f1@group-CA876597277A-LeaderElection13] INFO  server.RaftServerConfigKeys (ConfUtils.java:logGet(46)) - raft.server.log.appender.buffer.element-limit = 1 (custom)
2023-08-28 09:32:40,417 [EventQueue-OpenPipelineForHealthyPipelineSafeModeRule] WARN  balancer.ContainerBalancer (ContainerBalancer.java:shouldRun(134)) - Could not find persisted configuration for ContainerBalancer when checking if ContainerBalancer should run. ContainerBalancer should not run now.
2023-08-28 09:32:40,417 [454ab8f7-ff05-436e-934f-07f2970d48f1@group-CA876597277A-LeaderElection13] INFO  server.RaftServerConfigKeys (ConfUtils.java:logGet(46)) - raft.server.log.appender.wait-time.min = 10ms (default)
2023-08-28 09:32:40,417 [454ab8f7-ff05-436e-934f-07f2970d48f1@group-CA876597277A-LeaderElection13] INFO  grpc.GrpcConfigKeys (ConfUtils.java:logGet(46)) - raft.grpc.server.leader.outstanding.appends.max = 128 (default)
2023-08-28 09:32:40,417 [454ab8f7-ff05-436e-934f-07f2970d48f1@group-CA876597277A-LeaderElection13] INFO  server.RaftServerConfigKeys (ConfUtils.java:logGet(46)) - raft.server.rpc.request.timeout = 60s (custom)
2023-08-28 09:32:40,420 [454ab8f7-ff05-436e-934f-07f2970d48f1@group-2A7BF07B114C-LeaderElection15] INFO  impl.LeaderElection (LeaderElection.java:askForVotes(321)) - 454ab8f7-ff05-436e-934f-07f2970d48f1@group-2A7BF07B114C-LeaderElection15 PRE_VOTE round 0: submit vote requests at term 0 for -1: peers:[d600485d-b91b-41d8-8672-c913e6695d89|rpc:10.1.0.27:15076|admin:10.1.0.27:15075|client:10.1.0.27:15074|dataStream:10.1.0.27:15077|priority:0|startupRole:FOLLOWER, 454ab8f7-ff05-436e-934f-07f2970d48f1|rpc:10.1.0.27:15085|admin:10.1.0.27:15084|client:10.1.0.27:15083|dataStream:10.1.0.27:15086|priority:0|startupRole:FOLLOWER, 8f24c139-1988-4882-b4c4-ff44179a1ed0|rpc:10.1.0.27:15067|admin:10.1.0.27:15066|client:10.1.0.27:15065|dataStream:10.1.0.27:15068|priority:1|startupRole:FOLLOWER]|listeners:[], old=null
2023-08-28 09:32:40,420 [454ab8f7-ff05-436e-934f-07f2970d48f1@group-CA876597277A-LeaderElection13] INFO  grpc.GrpcConfigKeys (ConfUtils.java:logGet(46)) - raft.grpc.server.install_snapshot.request.element-limit = 8 (default)
2023-08-28 09:32:40,421 [454ab8f7-ff05-436e-934f-07f2970d48f1@group-CA876597277A-LeaderElection13] INFO  grpc.GrpcConfigKeys (ConfUtils.java:logGet(46)) - raft.grpc.server.install_snapshot.request.timeout = 3000ms (default)
2023-08-28 09:32:40,421 [454ab8f7-ff05-436e-934f-07f2970d48f1@group-CA876597277A-LeaderElection13] INFO  server.RaftServerConfigKeys (ConfUtils.java:logGet(46)) - raft.server.log.appender.install.snapshot.enabled = false (custom)
2023-08-28 09:32:40,421 [454ab8f7-ff05-436e-934f-07f2970d48f1@group-CA876597277A-LeaderElection13] INFO  grpc.GrpcConfigKeys (ConfUtils.java:logGet(46)) - raft.grpc.server.heartbeat.channel = true (default)
2023-08-28 09:32:40,421 [454ab8f7-ff05-436e-934f-07f2970d48f1@group-CA876597277A-LeaderElection13] INFO  impl.RoleInfo (RoleInfo.java:updateAndGet(139)) - 454ab8f7-ff05-436e-934f-07f2970d48f1: start 454ab8f7-ff05-436e-934f-07f2970d48f1@group-CA876597277A-LeaderStateImpl
2023-08-28 09:32:40,421 [454ab8f7-ff05-436e-934f-07f2970d48f1@group-CA876597277A-LeaderElection13] INFO  segmented.SegmentedRaftLogWorker (SegmentedRaftLogWorker.java:startLogSegment(447)) - 454ab8f7-ff05-436e-934f-07f2970d48f1@group-CA876597277A-SegmentedRaftLogWorker: Starting segment from index:0
2023-08-28 09:32:40,424 [454ab8f7-ff05-436e-934f-07f2970d48f1@group-CA876597277A-LeaderElection13] INFO  server.RaftServer$Division (ServerState.java:setRaftConf(434)) - 454ab8f7-ff05-436e-934f-07f2970d48f1@group-CA876597277A: set configuration 0: peers:[d600485d-b91b-41d8-8672-c913e6695d89|rpc:10.1.0.27:15076|admin:10.1.0.27:15075|client:10.1.0.27:15074|dataStream:10.1.0.27:15077|priority:0|startupRole:FOLLOWER, 8f24c139-1988-4882-b4c4-ff44179a1ed0|rpc:10.1.0.27:15067|admin:10.1.0.27:15066|client:10.1.0.27:15065|dataStream:10.1.0.27:15068|priority:0|startupRole:FOLLOWER, 454ab8f7-ff05-436e-934f-07f2970d48f1|rpc:10.1.0.27:15085|admin:10.1.0.27:15084|client:10.1.0.27:15083|dataStream:10.1.0.27:15086|priority:1|startupRole:FOLLOWER]|listeners:[], old=null
2023-08-28 09:32:40,425 [454ab8f7-ff05-436e-934f-07f2970d48f1@group-CA876597277A-SegmentedRaftLogWorker] INFO  segmented.SegmentedRaftLogWorker (SegmentedRaftLogWorker.java:execute(651)) - 454ab8f7-ff05-436e-934f-07f2970d48f1@group-CA876597277A-SegmentedRaftLogWorker: created new log segment /home/runner/work/ozone/ozone/hadoop-ozone/integration-test/target/test-dir/MiniOzoneClusterImpl-67722190-891d-4afa-8cef-415625a2914e/datanode-2/data/ratis/2ba54fe9-2a0f-4ffc-bd67-ca876597277a/current/log_inprogress_0
2023-08-28 09:32:40,432 [454ab8f7-ff05-436e-934f-07f2970d48f1@group-2A7BF07B114C-LeaderElection15] INFO  server.RaftServerConfigKeys (ConfUtils.java:logFallback(53)) - raft.server.rpc.first-election.timeout.min = 5s (fallback to raft.server.rpc.timeout.min)
2023-08-28 09:32:40,432 [454ab8f7-ff05-436e-934f-07f2970d48f1@group-2A7BF07B114C-LeaderElection15] INFO  server.RaftServerConfigKeys (ConfUtils.java:logFallback(53)) - raft.server.rpc.first-election.timeout.max = 5200ms (fallback to raft.server.rpc.timeout.max)
2023-08-28 09:32:40,448 [d600485d-b91b-41d8-8672-c913e6695d89-server-thread1] INFO  ratis.XceiverServerRatis (XceiverServerRatis.java:handleLeaderChangedNotification(902)) - Leader change notification received for group: group-CA876597277A with new leaderId: 454ab8f7-ff05-436e-934f-07f2970d48f1
2023-08-28 09:32:40,448 [d600485d-b91b-41d8-8672-c913e6695d89-server-thread1] INFO  server.RaftServer$Division (ServerState.java:setLeader(317)) - d600485d-b91b-41d8-8672-c913e6695d89@group-CA876597277A: change Leader from null to 454ab8f7-ff05-436e-934f-07f2970d48f1 at term 1 for appendEntries, leader elected after 5247ms
2023-08-28 09:32:40,457 [grpc-default-executor-1] INFO  server.RaftServer$Division (RaftServerImpl.java:requestVote(1302)) - d600485d-b91b-41d8-8672-c913e6695d89@group-2A7BF07B114C: receive requestVote(PRE_VOTE, 454ab8f7-ff05-436e-934f-07f2970d48f1, group-2A7BF07B114C, 0, (t:0, i:0))
2023-08-28 09:32:40,457 [grpc-default-executor-1] INFO  impl.VoteContext (VoteContext.java:log(49)) - d600485d-b91b-41d8-8672-c913e6695d89@group-2A7BF07B114C-CANDIDATE: accept PRE_VOTE from 454ab8f7-ff05-436e-934f-07f2970d48f1: our priority 0 <= candidate's priority 0
2023-08-28 09:32:40,457 [grpc-default-executor-1] INFO  server.RaftServer$Division (RaftServerImpl.java:requestVote(1335)) - d600485d-b91b-41d8-8672-c913e6695d89@group-2A7BF07B114C replies to PRE_VOTE vote request: 454ab8f7-ff05-436e-934f-07f2970d48f1<-d600485d-b91b-41d8-8672-c913e6695d89#0:OK-t0. Peer's state: d600485d-b91b-41d8-8672-c913e6695d89@group-2A7BF07B114C:t0, leader=null, voted=, raftlog=Memoized:d600485d-b91b-41d8-8672-c913e6695d89@group-2A7BF07B114C-SegmentedRaftLog:OPENED:c-1, conf=-1: peers:[d600485d-b91b-41d8-8672-c913e6695d89|rpc:10.1.0.27:15076|admin:10.1.0.27:15075|client:10.1.0.27:15074|dataStream:10.1.0.27:15077|priority:0|startupRole:FOLLOWER, 454ab8f7-ff05-436e-934f-07f2970d48f1|rpc:10.1.0.27:15085|admin:10.1.0.27:15084|client:10.1.0.27:15083|dataStream:10.1.0.27:15086|priority:0|startupRole:FOLLOWER, 8f24c139-1988-4882-b4c4-ff44179a1ed0|rpc:10.1.0.27:15067|admin:10.1.0.27:15066|client:10.1.0.27:15065|dataStream:10.1.0.27:15068|priority:1|startupRole:FOLLOWER]|listeners:[], old=null
2023-08-28 09:32:40,463 [grpc-default-executor-3] INFO  server.RaftServer$Division (RaftServerImpl.java:requestVote(1302)) - 8f24c139-1988-4882-b4c4-ff44179a1ed0@group-2A7BF07B114C: receive requestVote(PRE_VOTE, 454ab8f7-ff05-436e-934f-07f2970d48f1, group-2A7BF07B114C, 0, (t:0, i:0))
2023-08-28 09:32:40,463 [grpc-default-executor-3] INFO  impl.VoteContext (VoteContext.java:log(49)) - 8f24c139-1988-4882-b4c4-ff44179a1ed0@group-2A7BF07B114C-FOLLOWER: reject PRE_VOTE from 454ab8f7-ff05-436e-934f-07f2970d48f1: our priority 1 > candidate's priority 0
2023-08-28 09:32:40,464 [grpc-default-executor-3] INFO  server.RaftServer$Division (RaftServerImpl.java:requestVote(1335)) - 8f24c139-1988-4882-b4c4-ff44179a1ed0@group-2A7BF07B114C replies to PRE_VOTE vote request: 454ab8f7-ff05-436e-934f-07f2970d48f1<-8f24c139-1988-4882-b4c4-ff44179a1ed0#0:FAIL-t0. Peer's state: 8f24c139-1988-4882-b4c4-ff44179a1ed0@group-2A7BF07B114C:t0, leader=null, voted=, raftlog=Memoized:8f24c139-1988-4882-b4c4-ff44179a1ed0@group-2A7BF07B114C-SegmentedRaftLog:OPENED:c-1, conf=-1: peers:[d600485d-b91b-41d8-8672-c913e6695d89|rpc:10.1.0.27:15076|admin:10.1.0.27:15075|client:10.1.0.27:15074|dataStream:10.1.0.27:15077|priority:0|startupRole:FOLLOWER, 454ab8f7-ff05-436e-934f-07f2970d48f1|rpc:10.1.0.27:15085|admin:10.1.0.27:15084|client:10.1.0.27:15083|dataStream:10.1.0.27:15086|priority:0|startupRole:FOLLOWER, 8f24c139-1988-4882-b4c4-ff44179a1ed0|rpc:10.1.0.27:15067|admin:10.1.0.27:15066|client:10.1.0.27:15065|dataStream:10.1.0.27:15068|priority:1|startupRole:FOLLOWER]|listeners:[], old=null
2023-08-28 09:32:40,469 [grpc-default-executor-1] INFO  server.RaftServer$Division (RaftServerImpl.java:requestVote(1302)) - 8f24c139-1988-4882-b4c4-ff44179a1ed0@group-2A7BF07B114C: receive requestVote(PRE_VOTE, d600485d-b91b-41d8-8672-c913e6695d89, group-2A7BF07B114C, 0, (t:0, i:0))
2023-08-28 09:32:40,469 [grpc-default-executor-1] INFO  impl.VoteContext (VoteContext.java:log(49)) - 8f24c139-1988-4882-b4c4-ff44179a1ed0@group-2A7BF07B114C-FOLLOWER: reject PRE_VOTE from d600485d-b91b-41d8-8672-c913e6695d89: our priority 1 > candidate's priority 0
2023-08-28 09:32:40,469 [grpc-default-executor-1] INFO  server.RaftServer$Division (RaftServerImpl.java:requestVote(1335)) - 8f24c139-1988-4882-b4c4-ff44179a1ed0@group-2A7BF07B114C replies to PRE_VOTE vote request: d600485d-b91b-41d8-8672-c913e6695d89<-8f24c139-1988-4882-b4c4-ff44179a1ed0#0:FAIL-t0. Peer's state: 8f24c139-1988-4882-b4c4-ff44179a1ed0@group-2A7BF07B114C:t0, leader=null, voted=, raftlog=Memoized:8f24c139-1988-4882-b4c4-ff44179a1ed0@group-2A7BF07B114C-SegmentedRaftLog:OPENED:c-1, conf=-1: peers:[d600485d-b91b-41d8-8672-c913e6695d89|rpc:10.1.0.27:15076|admin:10.1.0.27:15075|client:10.1.0.27:15074|dataStream:10.1.0.27:15077|priority:0|startupRole:FOLLOWER, 454ab8f7-ff05-436e-934f-07f2970d48f1|rpc:10.1.0.27:15085|admin:10.1.0.27:15084|client:10.1.0.27:15083|dataStream:10.1.0.27:15086|priority:0|startupRole:FOLLOWER, 8f24c139-1988-4882-b4c4-ff44179a1ed0|rpc:10.1.0.27:15067|admin:10.1.0.27:15066|client:10.1.0.27:15065|dataStream:10.1.0.27:15068|priority:1|startupRole:FOLLOWER]|listeners:[], old=null
2023-08-28 09:32:40,469 [8f24c139-1988-4882-b4c4-ff44179a1ed0@group-2A7BF07B114C-FollowerState] INFO  impl.FollowerState (FollowerState.java:run(143)) - 8f24c139-1988-4882-b4c4-ff44179a1ed0@group-2A7BF07B114C-FollowerState: change to CANDIDATE, lastRpcElapsedTime:5176864004ns, electionTimeout:5166ms
2023-08-28 09:32:40,472 [grpc-default-executor-3] INFO  server.RaftServer$Division (RaftServerImpl.java:requestVote(1302)) - 454ab8f7-ff05-436e-934f-07f2970d48f1@group-2A7BF07B114C: receive requestVote(PRE_VOTE, d600485d-b91b-41d8-8672-c913e6695d89, group-2A7BF07B114C, 0, (t:0, i:0))
2023-08-28 09:32:40,472 [grpc-default-executor-3] INFO  impl.VoteContext (VoteContext.java:log(49)) - 454ab8f7-ff05-436e-934f-07f2970d48f1@group-2A7BF07B114C-CANDIDATE: accept PRE_VOTE from d600485d-b91b-41d8-8672-c913e6695d89: our priority 0 <= candidate's priority 0
2023-08-28 09:32:40,472 [grpc-default-executor-3] INFO  server.RaftServer$Division (RaftServerImpl.java:requestVote(1335)) - 454ab8f7-ff05-436e-934f-07f2970d48f1@group-2A7BF07B114C replies to PRE_VOTE vote request: d600485d-b91b-41d8-8672-c913e6695d89<-454ab8f7-ff05-436e-934f-07f2970d48f1#0:OK-t0. Peer's state: 454ab8f7-ff05-436e-934f-07f2970d48f1@group-2A7BF07B114C:t0, leader=null, voted=, raftlog=Memoized:454ab8f7-ff05-436e-934f-07f2970d48f1@group-2A7BF07B114C-SegmentedRaftLog:OPENED:c-1, conf=-1: peers:[d600485d-b91b-41d8-8672-c913e6695d89|rpc:10.1.0.27:15076|admin:10.1.0.27:15075|client:10.1.0.27:15074|dataStream:10.1.0.27:15077|priority:0|startupRole:FOLLOWER, 454ab8f7-ff05-436e-934f-07f2970d48f1|rpc:10.1.0.27:15085|admin:10.1.0.27:15084|client:10.1.0.27:15083|dataStream:10.1.0.27:15086|priority:0|startupRole:FOLLOWER, 8f24c139-1988-4882-b4c4-ff44179a1ed0|rpc:10.1.0.27:15067|admin:10.1.0.27:15066|client:10.1.0.27:15065|dataStream:10.1.0.27:15068|priority:1|startupRole:FOLLOWER]|listeners:[], old=null
2023-08-28 09:32:40,474 [454ab8f7-ff05-436e-934f-07f2970d48f1@group-2A7BF07B114C-LeaderElection15] INFO  impl.LeaderElection (LeaderElection.java:logAndReturn(90)) - 454ab8f7-ff05-436e-934f-07f2970d48f1@group-2A7BF07B114C-LeaderElection15: PRE_VOTE REJECTED received 1 response(s) and 0 exception(s):
2023-08-28 09:32:40,474 [454ab8f7-ff05-436e-934f-07f2970d48f1@group-2A7BF07B114C-LeaderElection15] INFO  impl.LeaderElection (LeaderElection.java:logAndReturn(94)) -   Response 0: 454ab8f7-ff05-436e-934f-07f2970d48f1<-8f24c139-1988-4882-b4c4-ff44179a1ed0#0:FAIL-t0
2023-08-28 09:32:40,474 [454ab8f7-ff05-436e-934f-07f2970d48f1@group-2A7BF07B114C-LeaderElection15] INFO  impl.LeaderElection (LeaderElection.java:askForVotes(323)) - 454ab8f7-ff05-436e-934f-07f2970d48f1@group-2A7BF07B114C-LeaderElection15 PRE_VOTE round 0: result REJECTED
2023-08-28 09:32:40,474 [454ab8f7-ff05-436e-934f-07f2970d48f1@group-2A7BF07B114C-LeaderElection15] INFO  server.RaftServer$Division (RaftServerImpl.java:setRole(329)) - 454ab8f7-ff05-436e-934f-07f2970d48f1@group-2A7BF07B114C: changes role from CANDIDATE to FOLLOWER at term 0 for REJECTED
2023-08-28 09:32:40,474 [454ab8f7-ff05-436e-934f-07f2970d48f1@group-2A7BF07B114C-LeaderElection15] INFO  impl.RoleInfo (RoleInfo.java:shutdownLeaderElection(130)) - 454ab8f7-ff05-436e-934f-07f2970d48f1: shutdown 454ab8f7-ff05-436e-934f-07f2970d48f1@group-2A7BF07B114C-LeaderElection15
2023-08-28 09:32:40,474 [454ab8f7-ff05-436e-934f-07f2970d48f1@group-2A7BF07B114C-LeaderElection15] INFO  impl.RoleInfo (RoleInfo.java:updateAndGet(139)) - 454ab8f7-ff05-436e-934f-07f2970d48f1: start 454ab8f7-ff05-436e-934f-07f2970d48f1@group-2A7BF07B114C-FollowerState
2023-08-28 09:32:40,475 [d600485d-b91b-41d8-8672-c913e6695d89@group-2A7BF07B114C-LeaderElection14] INFO  impl.LeaderElection (LeaderElection.java:logAndReturn(90)) - d600485d-b91b-41d8-8672-c913e6695d89@group-2A7BF07B114C-LeaderElection14: PRE_VOTE REJECTED received 2 response(s) and 0 exception(s):
2023-08-28 09:32:40,475 [d600485d-b91b-41d8-8672-c913e6695d89@group-2A7BF07B114C-LeaderElection14] INFO  impl.LeaderElection (LeaderElection.java:logAndReturn(94)) -   Response 0: d600485d-b91b-41d8-8672-c913e6695d89<-454ab8f7-ff05-436e-934f-07f2970d48f1#0:OK-t0
2023-08-28 09:32:40,475 [d600485d-b91b-41d8-8672-c913e6695d89@group-2A7BF07B114C-LeaderElection14] INFO  impl.LeaderElection (LeaderElection.java:logAndReturn(94)) -   Response 1: d600485d-b91b-41d8-8672-c913e6695d89<-8f24c139-1988-4882-b4c4-ff44179a1ed0#0:FAIL-t0
2023-08-28 09:32:40,478 [d600485d-b91b-41d8-8672-c913e6695d89@group-2A7BF07B114C-LeaderElection14] INFO  impl.LeaderElection (LeaderElection.java:askForVotes(323)) - d600485d-b91b-41d8-8672-c913e6695d89@group-2A7BF07B114C-LeaderElection14 PRE_VOTE round 0: result REJECTED
2023-08-28 09:32:40,478 [d600485d-b91b-41d8-8672-c913e6695d89@group-2A7BF07B114C-LeaderElection14] INFO  server.RaftServer$Division (RaftServerImpl.java:setRole(329)) - d600485d-b91b-41d8-8672-c913e6695d89@group-2A7BF07B114C: changes role from CANDIDATE to FOLLOWER at term 0 for REJECTED
2023-08-28 09:32:40,478 [d600485d-b91b-41d8-8672-c913e6695d89@group-2A7BF07B114C-LeaderElection14] INFO  impl.RoleInfo (RoleInfo.java:shutdownLeaderElection(130)) - d600485d-b91b-41d8-8672-c913e6695d89: shutdown d600485d-b91b-41d8-8672-c913e6695d89@group-2A7BF07B114C-LeaderElection14
2023-08-28 09:32:40,478 [d600485d-b91b-41d8-8672-c913e6695d89@group-2A7BF07B114C-LeaderElection14] INFO  impl.RoleInfo (RoleInfo.java:updateAndGet(139)) - d600485d-b91b-41d8-8672-c913e6695d89: start d600485d-b91b-41d8-8672-c913e6695d89@group-2A7BF07B114C-FollowerState
2023-08-28 09:32:40,478 [8f24c139-1988-4882-b4c4-ff44179a1ed0-server-thread1] INFO  ratis.XceiverServerRatis (XceiverServerRatis.java:handleLeaderChangedNotification(902)) - Leader change notification received for group: group-CA876597277A with new leaderId: 454ab8f7-ff05-436e-934f-07f2970d48f1
2023-08-28 09:32:40,478 [8f24c139-1988-4882-b4c4-ff44179a1ed0-server-thread1] INFO  server.RaftServer$Division (ServerState.java:setLeader(317)) - 8f24c139-1988-4882-b4c4-ff44179a1ed0@group-CA876597277A: change Leader from null to 454ab8f7-ff05-436e-934f-07f2970d48f1 at term 1 for appendEntries, leader elected after 5316ms
2023-08-28 09:32:40,485 [8f24c139-1988-4882-b4c4-ff44179a1ed0-server-thread1] INFO  server.RaftServer$Division (ServerState.java:setRaftConf(434)) - 8f24c139-1988-4882-b4c4-ff44179a1ed0@group-CA876597277A: set configuration 0: peers:[d600485d-b91b-41d8-8672-c913e6695d89|rpc:10.1.0.27:15076|admin:10.1.0.27:15075|client:10.1.0.27:15074|dataStream:10.1.0.27:15077|priority:0|startupRole:FOLLOWER, 8f24c139-1988-4882-b4c4-ff44179a1ed0|rpc:10.1.0.27:15067|admin:10.1.0.27:15066|client:10.1.0.27:15065|dataStream:10.1.0.27:15068|priority:0|startupRole:FOLLOWER, 454ab8f7-ff05-436e-934f-07f2970d48f1|rpc:10.1.0.27:15085|admin:10.1.0.27:15084|client:10.1.0.27:15083|dataStream:10.1.0.27:15086|priority:1|startupRole:FOLLOWER]|listeners:[], old=null
2023-08-28 09:32:40,486 [8f24c139-1988-4882-b4c4-ff44179a1ed0@group-2A7BF07B114C-FollowerState] INFO  impl.RoleInfo (RoleInfo.java:shutdownFollowerState(110)) - 8f24c139-1988-4882-b4c4-ff44179a1ed0: shutdown 8f24c139-1988-4882-b4c4-ff44179a1ed0@group-2A7BF07B114C-FollowerState
2023-08-28 09:32:40,486 [8f24c139-1988-4882-b4c4-ff44179a1ed0@group-2A7BF07B114C-FollowerState] INFO  server.RaftServer$Division (RaftServerImpl.java:setRole(329)) - 8f24c139-1988-4882-b4c4-ff44179a1ed0@group-2A7BF07B114C: changes role from  FOLLOWER to CANDIDATE at term 0 for changeToCandidate
2023-08-28 09:32:40,486 [8f24c139-1988-4882-b4c4-ff44179a1ed0-server-thread1] INFO  segmented.SegmentedRaftLogWorker (SegmentedRaftLogWorker.java:startLogSegment(447)) - 8f24c139-1988-4882-b4c4-ff44179a1ed0@group-CA876597277A-SegmentedRaftLogWorker: Starting segment from index:0
2023-08-28 09:32:40,490 [8f24c139-1988-4882-b4c4-ff44179a1ed0@group-2A7BF07B114C-FollowerState] INFO  server.RaftServerConfigKeys (ConfUtils.java:logGet(46)) - raft.server.leaderelection.pre-vote = true (default)
2023-08-28 09:32:40,491 [8f24c139-1988-4882-b4c4-ff44179a1ed0@group-2A7BF07B114C-FollowerState] INFO  impl.RoleInfo (RoleInfo.java:updateAndGet(139)) - 8f24c139-1988-4882-b4c4-ff44179a1ed0: start 8f24c139-1988-4882-b4c4-ff44179a1ed0@group-2A7BF07B114C-LeaderElection16
2023-08-28 09:32:40,491 [d600485d-b91b-41d8-8672-c913e6695d89-server-thread2] INFO  server.RaftServer$Division (ServerState.java:setRaftConf(434)) - d600485d-b91b-41d8-8672-c913e6695d89@group-CA876597277A: set configuration 0: peers:[d600485d-b91b-41d8-8672-c913e6695d89|rpc:10.1.0.27:15076|admin:10.1.0.27:15075|client:10.1.0.27:15074|dataStream:10.1.0.27:15077|priority:0|startupRole:FOLLOWER, 8f24c139-1988-4882-b4c4-ff44179a1ed0|rpc:10.1.0.27:15067|admin:10.1.0.27:15066|client:10.1.0.27:15065|dataStream:10.1.0.27:15068|priority:0|startupRole:FOLLOWER, 454ab8f7-ff05-436e-934f-07f2970d48f1|rpc:10.1.0.27:15085|admin:10.1.0.27:15084|client:10.1.0.27:15083|dataStream:10.1.0.27:15086|priority:1|startupRole:FOLLOWER]|listeners:[], old=null
2023-08-28 09:32:40,491 [d600485d-b91b-41d8-8672-c913e6695d89-server-thread2] INFO  segmented.SegmentedRaftLogWorker (SegmentedRaftLogWorker.java:startLogSegment(447)) - d600485d-b91b-41d8-8672-c913e6695d89@group-CA876597277A-SegmentedRaftLogWorker: Starting segment from index:0
2023-08-28 09:32:40,492 [8f24c139-1988-4882-b4c4-ff44179a1ed0@group-CA876597277A-SegmentedRaftLogWorker] INFO  segmented.SegmentedRaftLogWorker (SegmentedRaftLogWorker.java:execute(651)) - 8f24c139-1988-4882-b4c4-ff44179a1ed0@group-CA876597277A-SegmentedRaftLogWorker: created new log segment /home/runner/work/ozone/ozone/hadoop-ozone/integration-test/target/test-dir/MiniOzoneClusterImpl-67722190-891d-4afa-8cef-415625a2914e/datanode-0/data/ratis/2ba54fe9-2a0f-4ffc-bd67-ca876597277a/current/log_inprogress_0
2023-08-28 09:32:40,493 [8f24c139-1988-4882-b4c4-ff44179a1ed0@group-2A7BF07B114C-LeaderElection16] INFO  impl.LeaderElection (LeaderElection.java:askForVotes(321)) - 8f24c139-1988-4882-b4c4-ff44179a1ed0@group-2A7BF07B114C-LeaderElection16 PRE_VOTE round 0: submit vote requests at term 0 for -1: peers:[d600485d-b91b-41d8-8672-c913e6695d89|rpc:10.1.0.27:15076|admin:10.1.0.27:15075|client:10.1.0.27:15074|dataStream:10.1.0.27:15077|priority:0|startupRole:FOLLOWER, 454ab8f7-ff05-436e-934f-07f2970d48f1|rpc:10.1.0.27:15085|admin:10.1.0.27:15084|client:10.1.0.27:15083|dataStream:10.1.0.27:15086|priority:0|startupRole:FOLLOWER, 8f24c139-1988-4882-b4c4-ff44179a1ed0|rpc:10.1.0.27:15067|admin:10.1.0.27:15066|client:10.1.0.27:15065|dataStream:10.1.0.27:15068|priority:1|startupRole:FOLLOWER]|listeners:[], old=null
2023-08-28 09:32:40,494 [d600485d-b91b-41d8-8672-c913e6695d89@group-CA876597277A-SegmentedRaftLogWorker] INFO  segmented.SegmentedRaftLogWorker (SegmentedRaftLogWorker.java:execute(651)) - d600485d-b91b-41d8-8672-c913e6695d89@group-CA876597277A-SegmentedRaftLogWorker: created new log segment /home/runner/work/ozone/ozone/hadoop-ozone/integration-test/target/test-dir/MiniOzoneClusterImpl-67722190-891d-4afa-8cef-415625a2914e/datanode-1/data/ratis/2ba54fe9-2a0f-4ffc-bd67-ca876597277a/current/log_inprogress_0
2023-08-28 09:32:40,495 [8f24c139-1988-4882-b4c4-ff44179a1ed0@group-2A7BF07B114C-LeaderElection16] INFO  server.RaftServerConfigKeys (ConfUtils.java:logFallback(53)) - raft.server.rpc.first-election.timeout.min = 5s (fallback to raft.server.rpc.timeout.min)
2023-08-28 09:32:40,495 [8f24c139-1988-4882-b4c4-ff44179a1ed0@group-2A7BF07B114C-LeaderElection16] INFO  server.RaftServerConfigKeys (ConfUtils.java:logFallback(53)) - raft.server.rpc.first-election.timeout.max = 5200ms (fallback to raft.server.rpc.timeout.max)
2023-08-28 09:32:40,497 [grpc-default-executor-2] INFO  server.RaftServer$Division (RaftServerImpl.java:requestVote(1302)) - d600485d-b91b-41d8-8672-c913e6695d89@group-2A7BF07B114C: receive requestVote(PRE_VOTE, 8f24c139-1988-4882-b4c4-ff44179a1ed0, group-2A7BF07B114C, 0, (t:0, i:0))
2023-08-28 09:32:40,497 [grpc-default-executor-2] INFO  impl.VoteContext (VoteContext.java:log(49)) - d600485d-b91b-41d8-8672-c913e6695d89@group-2A7BF07B114C-FOLLOWER: accept PRE_VOTE from 8f24c139-1988-4882-b4c4-ff44179a1ed0: our priority 0 <= candidate's priority 1
2023-08-28 09:32:40,497 [grpc-default-executor-2] INFO  server.RaftServer$Division (RaftServerImpl.java:requestVote(1335)) - d600485d-b91b-41d8-8672-c913e6695d89@group-2A7BF07B114C replies to PRE_VOTE vote request: 8f24c139-1988-4882-b4c4-ff44179a1ed0<-d600485d-b91b-41d8-8672-c913e6695d89#0:OK-t0. Peer's state: d600485d-b91b-41d8-8672-c913e6695d89@group-2A7BF07B114C:t0, leader=null, voted=, raftlog=Memoized:d600485d-b91b-41d8-8672-c913e6695d89@group-2A7BF07B114C-SegmentedRaftLog:OPENED:c-1, conf=-1: peers:[d600485d-b91b-41d8-8672-c913e6695d89|rpc:10.1.0.27:15076|admin:10.1.0.27:15075|client:10.1.0.27:15074|dataStream:10.1.0.27:15077|priority:0|startupRole:FOLLOWER, 454ab8f7-ff05-436e-934f-07f2970d48f1|rpc:10.1.0.27:15085|admin:10.1.0.27:15084|client:10.1.0.27:15083|dataStream:10.1.0.27:15086|priority:0|startupRole:FOLLOWER, 8f24c139-1988-4882-b4c4-ff44179a1ed0|rpc:10.1.0.27:15067|admin:10.1.0.27:15066|client:10.1.0.27:15065|dataStream:10.1.0.27:15068|priority:1|startupRole:FOLLOWER]|listeners:[], old=null
2023-08-28 09:32:40,498 [8f24c139-1988-4882-b4c4-ff44179a1ed0@group-2A7BF07B114C-LeaderElection16] INFO  impl.LeaderElection (LeaderElection.java:logAndReturn(90)) - 8f24c139-1988-4882-b4c4-ff44179a1ed0@group-2A7BF07B114C-LeaderElection16: PRE_VOTE PASSED received 1 response(s) and 0 exception(s):
2023-08-28 09:32:40,498 [8f24c139-1988-4882-b4c4-ff44179a1ed0@group-2A7BF07B114C-LeaderElection16] INFO  impl.LeaderElection (LeaderElection.java:logAndReturn(94)) -   Response 0: 8f24c139-1988-4882-b4c4-ff44179a1ed0<-d600485d-b91b-41d8-8672-c913e6695d89#0:OK-t0
2023-08-28 09:32:40,498 [grpc-default-executor-5] INFO  server.RaftServer$Division (RaftServerImpl.java:requestVote(1302)) - 454ab8f7-ff05-436e-934f-07f2970d48f1@group-2A7BF07B114C: receive requestVote(PRE_VOTE, 8f24c139-1988-4882-b4c4-ff44179a1ed0, group-2A7BF07B114C, 0, (t:0, i:0))
2023-08-28 09:32:40,498 [8f24c139-1988-4882-b4c4-ff44179a1ed0@group-2A7BF07B114C-LeaderElection16] INFO  impl.LeaderElection (LeaderElection.java:askForVotes(323)) - 8f24c139-1988-4882-b4c4-ff44179a1ed0@group-2A7BF07B114C-LeaderElection16 PRE_VOTE round 0: result PASSED
2023-08-28 09:32:40,499 [grpc-default-executor-5] INFO  impl.VoteContext (VoteContext.java:log(49)) - 454ab8f7-ff05-436e-934f-07f2970d48f1@group-2A7BF07B114C-FOLLOWER: accept PRE_VOTE from 8f24c139-1988-4882-b4c4-ff44179a1ed0: our priority 0 <= candidate's priority 1
2023-08-28 09:32:40,499 [grpc-default-executor-5] INFO  server.RaftServer$Division (RaftServerImpl.java:requestVote(1335)) - 454ab8f7-ff05-436e-934f-07f2970d48f1@group-2A7BF07B114C replies to PRE_VOTE vote request: 8f24c139-1988-4882-b4c4-ff44179a1ed0<-454ab8f7-ff05-436e-934f-07f2970d48f1#0:OK-t0. Peer's state: 454ab8f7-ff05-436e-934f-07f2970d48f1@group-2A7BF07B114C:t0, leader=null, voted=, raftlog=Memoized:454ab8f7-ff05-436e-934f-07f2970d48f1@group-2A7BF07B114C-SegmentedRaftLog:OPENED:c-1, conf=-1: peers:[d600485d-b91b-41d8-8672-c913e6695d89|rpc:10.1.0.27:15076|admin:10.1.0.27:15075|client:10.1.0.27:15074|dataStream:10.1.0.27:15077|priority:0|startupRole:FOLLOWER, 454ab8f7-ff05-436e-934f-07f2970d48f1|rpc:10.1.0.27:15085|admin:10.1.0.27:15084|client:10.1.0.27:15083|dataStream:10.1.0.27:15086|priority:0|startupRole:FOLLOWER, 8f24c139-1988-4882-b4c4-ff44179a1ed0|rpc:10.1.0.27:15067|admin:10.1.0.27:15066|client:10.1.0.27:15065|dataStream:10.1.0.27:15068|priority:1|startupRole:FOLLOWER]|listeners:[], old=null
2023-08-28 09:32:40,501 [8f24c139-1988-4882-b4c4-ff44179a1ed0@group-2A7BF07B114C-LeaderElection16] INFO  impl.LeaderElection (LeaderElection.java:askForVotes(321)) - 8f24c139-1988-4882-b4c4-ff44179a1ed0@group-2A7BF07B114C-LeaderElection16 ELECTION round 0: submit vote requests at term 1 for -1: peers:[d600485d-b91b-41d8-8672-c913e6695d89|rpc:10.1.0.27:15076|admin:10.1.0.27:15075|client:10.1.0.27:15074|dataStream:10.1.0.27:15077|priority:0|startupRole:FOLLOWER, 454ab8f7-ff05-436e-934f-07f2970d48f1|rpc:10.1.0.27:15085|admin:10.1.0.27:15084|client:10.1.0.27:15083|dataStream:10.1.0.27:15086|priority:0|startupRole:FOLLOWER, 8f24c139-1988-4882-b4c4-ff44179a1ed0|rpc:10.1.0.27:15067|admin:10.1.0.27:15066|client:10.1.0.27:15065|dataStream:10.1.0.27:15068|priority:1|startupRole:FOLLOWER]|listeners:[], old=null
2023-08-28 09:32:40,505 [d600485d-b91b-41d8-8672-c913e6695d89@group-1C1955EFBC5B-FollowerState] INFO  impl.FollowerState (FollowerState.java:run(143)) - d600485d-b91b-41d8-8672-c913e6695d89@group-1C1955EFBC5B-FollowerState: change to CANDIDATE, lastRpcElapsedTime:5063670300ns, electionTimeout:5054ms
2023-08-28 09:32:40,506 [d600485d-b91b-41d8-8672-c913e6695d89@group-1C1955EFBC5B-FollowerState] INFO  impl.RoleInfo (RoleInfo.java:shutdownFollowerState(110)) - d600485d-b91b-41d8-8672-c913e6695d89: shutdown d600485d-b91b-41d8-8672-c913e6695d89@group-1C1955EFBC5B-FollowerState
2023-08-28 09:32:40,506 [d600485d-b91b-41d8-8672-c913e6695d89@group-1C1955EFBC5B-FollowerState] INFO  server.RaftServer$Division (RaftServerImpl.java:setRole(329)) - d600485d-b91b-41d8-8672-c913e6695d89@group-1C1955EFBC5B: changes role from  FOLLOWER to CANDIDATE at term 0 for changeToCandidate
2023-08-28 09:32:40,508 [d600485d-b91b-41d8-8672-c913e6695d89@group-1C1955EFBC5B-FollowerState] INFO  server.RaftServerConfigKeys (ConfUtils.java:logGet(46)) - raft.server.leaderelection.pre-vote = true (default)
2023-08-28 09:32:40,508 [8f24c139-1988-4882-b4c4-ff44179a1ed0@group-2A7BF07B114C-LeaderElection16] INFO  server.RaftServerConfigKeys (ConfUtils.java:logFallback(53)) - raft.server.rpc.first-election.timeout.min = 5s (fallback to raft.server.rpc.timeout.min)
2023-08-28 09:32:40,509 [8f24c139-1988-4882-b4c4-ff44179a1ed0@group-2A7BF07B114C-LeaderElection16] INFO  server.RaftServerConfigKeys (ConfUtils.java:logFallback(53)) - raft.server.rpc.first-election.timeout.max = 5200ms (fallback to raft.server.rpc.timeout.max)
2023-08-28 09:32:40,508 [d600485d-b91b-41d8-8672-c913e6695d89@group-1C1955EFBC5B-FollowerState] INFO  impl.RoleInfo (RoleInfo.java:updateAndGet(139)) - d600485d-b91b-41d8-8672-c913e6695d89: start d600485d-b91b-41d8-8672-c913e6695d89@group-1C1955EFBC5B-LeaderElection17
2023-08-28 09:32:40,510 [grpc-default-executor-5] INFO  server.RaftServer$Division (RaftServerImpl.java:requestVote(1302)) - d600485d-b91b-41d8-8672-c913e6695d89@group-2A7BF07B114C: receive requestVote(ELECTION, 8f24c139-1988-4882-b4c4-ff44179a1ed0, group-2A7BF07B114C, 1, (t:0, i:0))
2023-08-28 09:32:40,510 [grpc-default-executor-5] INFO  impl.VoteContext (VoteContext.java:log(49)) - d600485d-b91b-41d8-8672-c913e6695d89@group-2A7BF07B114C-FOLLOWER: accept ELECTION from 8f24c139-1988-4882-b4c4-ff44179a1ed0: our priority 0 <= candidate's priority 1
2023-08-28 09:32:40,510 [grpc-default-executor-5] INFO  server.RaftServer$Division (RaftServerImpl.java:setRole(329)) - d600485d-b91b-41d8-8672-c913e6695d89@group-2A7BF07B114C: changes role from  FOLLOWER to FOLLOWER at term 1 for candidate:8f24c139-1988-4882-b4c4-ff44179a1ed0
2023-08-28 09:32:40,510 [grpc-default-executor-5] INFO  impl.RoleInfo (RoleInfo.java:shutdownFollowerState(110)) - d600485d-b91b-41d8-8672-c913e6695d89: shutdown d600485d-b91b-41d8-8672-c913e6695d89@group-2A7BF07B114C-FollowerState
2023-08-28 09:32:40,510 [grpc-default-executor-5] INFO  impl.RoleInfo (RoleInfo.java:updateAndGet(139)) - d600485d-b91b-41d8-8672-c913e6695d89: start d600485d-b91b-41d8-8672-c913e6695d89@group-2A7BF07B114C-FollowerState
2023-08-28 09:32:40,510 [d600485d-b91b-41d8-8672-c913e6695d89@group-2A7BF07B114C-FollowerState] INFO  impl.FollowerState (FollowerState.java:run(152)) - d600485d-b91b-41d8-8672-c913e6695d89@group-2A7BF07B114C-FollowerState was interrupted
2023-08-28 09:32:40,511 [grpc-default-executor-2] INFO  server.RaftServer$Division (RaftServerImpl.java:requestVote(1302)) - 454ab8f7-ff05-436e-934f-07f2970d48f1@group-2A7BF07B114C: receive requestVote(ELECTION, 8f24c139-1988-4882-b4c4-ff44179a1ed0, group-2A7BF07B114C, 1, (t:0, i:0))
2023-08-28 09:32:40,511 [grpc-default-executor-2] INFO  impl.VoteContext (VoteContext.java:log(49)) - 454ab8f7-ff05-436e-934f-07f2970d48f1@group-2A7BF07B114C-FOLLOWER: accept ELECTION from 8f24c139-1988-4882-b4c4-ff44179a1ed0: our priority 0 <= candidate's priority 1
2023-08-28 09:32:40,512 [grpc-default-executor-2] INFO  server.RaftServer$Division (RaftServerImpl.java:setRole(329)) - 454ab8f7-ff05-436e-934f-07f2970d48f1@group-2A7BF07B114C: changes role from  FOLLOWER to FOLLOWER at term 1 for candidate:8f24c139-1988-4882-b4c4-ff44179a1ed0
2023-08-28 09:32:40,512 [grpc-default-executor-2] INFO  impl.RoleInfo (RoleInfo.java:shutdownFollowerState(110)) - 454ab8f7-ff05-436e-934f-07f2970d48f1: shutdown 454ab8f7-ff05-436e-934f-07f2970d48f1@group-2A7BF07B114C-FollowerState
2023-08-28 09:32:40,513 [grpc-default-executor-2] INFO  impl.RoleInfo (RoleInfo.java:updateAndGet(139)) - 454ab8f7-ff05-436e-934f-07f2970d48f1: start 454ab8f7-ff05-436e-934f-07f2970d48f1@group-2A7BF07B114C-FollowerState
2023-08-28 09:32:40,513 [454ab8f7-ff05-436e-934f-07f2970d48f1@group-2A7BF07B114C-FollowerState] INFO  impl.FollowerState (FollowerState.java:run(152)) - 454ab8f7-ff05-436e-934f-07f2970d48f1@group-2A7BF07B114C-FollowerState was interrupted
2023-08-28 09:32:40,514 [grpc-default-executor-5] INFO  server.RaftServer$Division (RaftServerImpl.java:requestVote(1335)) - d600485d-b91b-41d8-8672-c913e6695d89@group-2A7BF07B114C replies to ELECTION vote request: 8f24c139-1988-4882-b4c4-ff44179a1ed0<-d600485d-b91b-41d8-8672-c913e6695d89#0:OK-t1. Peer's state: d600485d-b91b-41d8-8672-c913e6695d89@group-2A7BF07B114C:t1, leader=null, voted=8f24c139-1988-4882-b4c4-ff44179a1ed0, raftlog=Memoized:d600485d-b91b-41d8-8672-c913e6695d89@group-2A7BF07B114C-SegmentedRaftLog:OPENED:c-1, conf=-1: peers:[d600485d-b91b-41d8-8672-c913e6695d89|rpc:10.1.0.27:15076|admin:10.1.0.27:15075|client:10.1.0.27:15074|dataStream:10.1.0.27:15077|priority:0|startupRole:FOLLOWER, 454ab8f7-ff05-436e-934f-07f2970d48f1|rpc:10.1.0.27:15085|admin:10.1.0.27:15084|client:10.1.0.27:15083|dataStream:10.1.0.27:15086|priority:0|startupRole:FOLLOWER, 8f24c139-1988-4882-b4c4-ff44179a1ed0|rpc:10.1.0.27:15067|admin:10.1.0.27:15066|client:10.1.0.27:15065|dataStream:10.1.0.27:15068|priority:1|startupRole:FOLLOWER]|listeners:[], old=null
2023-08-28 09:32:40,521 [d600485d-b91b-41d8-8672-c913e6695d89@group-1C1955EFBC5B-LeaderElection17] INFO  impl.LeaderElection (LeaderElection.java:askForVotes(321)) - d600485d-b91b-41d8-8672-c913e6695d89@group-1C1955EFBC5B-LeaderElection17 PRE_VOTE round 0: submit vote requests at term 0 for -1: peers:[d600485d-b91b-41d8-8672-c913e6695d89|rpc:10.1.0.27:15076|admin:10.1.0.27:15075|client:10.1.0.27:15074|dataStream:10.1.0.27:15077|priority:1|startupRole:FOLLOWER]|listeners:[], old=null
2023-08-28 09:32:40,521 [d600485d-b91b-41d8-8672-c913e6695d89@group-1C1955EFBC5B-LeaderElection17] INFO  impl.LeaderElection (LeaderElection.java:askForVotes(323)) - d600485d-b91b-41d8-8672-c913e6695d89@group-1C1955EFBC5B-LeaderElection17 PRE_VOTE round 0: result PASSED (term=0)
2023-08-28 09:32:40,521 [8f24c139-1988-4882-b4c4-ff44179a1ed0@group-2A7BF07B114C-LeaderElection16] INFO  impl.LeaderElection (LeaderElection.java:logAndReturn(90)) - 8f24c139-1988-4882-b4c4-ff44179a1ed0@group-2A7BF07B114C-LeaderElection16: ELECTION PASSED received 1 response(s) and 0 exception(s):
2023-08-28 09:32:40,521 [8f24c139-1988-4882-b4c4-ff44179a1ed0@group-2A7BF07B114C-LeaderElection16] INFO  impl.LeaderElection (LeaderElection.java:logAndReturn(94)) -   Response 0: 8f24c139-1988-4882-b4c4-ff44179a1ed0<-d600485d-b91b-41d8-8672-c913e6695d89#0:OK-t1
2023-08-28 09:32:40,521 [grpc-default-executor-2] INFO  server.RaftServer$Division (RaftServerImpl.java:requestVote(1335)) - 454ab8f7-ff05-436e-934f-07f2970d48f1@group-2A7BF07B114C replies to ELECTION vote request: 8f24c139-1988-4882-b4c4-ff44179a1ed0<-454ab8f7-ff05-436e-934f-07f2970d48f1#0:OK-t1. Peer's state: 454ab8f7-ff05-436e-934f-07f2970d48f1@group-2A7BF07B114C:t1, leader=null, voted=8f24c139-1988-4882-b4c4-ff44179a1ed0, raftlog=Memoized:454ab8f7-ff05-436e-934f-07f2970d48f1@group-2A7BF07B114C-SegmentedRaftLog:OPENED:c-1, conf=-1: peers:[d600485d-b91b-41d8-8672-c913e6695d89|rpc:10.1.0.27:15076|admin:10.1.0.27:15075|client:10.1.0.27:15074|dataStream:10.1.0.27:15077|priority:0|startupRole:FOLLOWER, 454ab8f7-ff05-436e-934f-07f2970d48f1|rpc:10.1.0.27:15085|admin:10.1.0.27:15084|client:10.1.0.27:15083|dataStream:10.1.0.27:15086|priority:0|startupRole:FOLLOWER, 8f24c139-1988-4882-b4c4-ff44179a1ed0|rpc:10.1.0.27:15067|admin:10.1.0.27:15066|client:10.1.0.27:15065|dataStream:10.1.0.27:15068|priority:1|startupRole:FOLLOWER]|listeners:[], old=null
2023-08-28 09:32:40,521 [8f24c139-1988-4882-b4c4-ff44179a1ed0@group-2A7BF07B114C-LeaderElection16] INFO  impl.LeaderElection (LeaderElection.java:askForVotes(323)) - 8f24c139-1988-4882-b4c4-ff44179a1ed0@group-2A7BF07B114C-LeaderElection16 ELECTION round 0: result PASSED
2023-08-28 09:32:40,523 [8f24c139-1988-4882-b4c4-ff44179a1ed0@group-2A7BF07B114C-LeaderElection16] INFO  impl.RoleInfo (RoleInfo.java:shutdownLeaderElection(130)) - 8f24c139-1988-4882-b4c4-ff44179a1ed0: shutdown 8f24c139-1988-4882-b4c4-ff44179a1ed0@group-2A7BF07B114C-LeaderElection16
2023-08-28 09:32:40,524 [8f24c139-1988-4882-b4c4-ff44179a1ed0@group-2A7BF07B114C-LeaderElection16] INFO  server.RaftServer$Division (RaftServerImpl.java:setRole(329)) - 8f24c139-1988-4882-b4c4-ff44179a1ed0@group-2A7BF07B114C: changes role from CANDIDATE to LEADER at term 1 for changeToLeader
2023-08-28 09:32:40,524 [8f24c139-1988-4882-b4c4-ff44179a1ed0@group-2A7BF07B114C-LeaderElection16] INFO  ratis.XceiverServerRatis (XceiverServerRatis.java:handleLeaderChangedNotification(902)) - Leader change notification received for group: group-2A7BF07B114C with new leaderId: 8f24c139-1988-4882-b4c4-ff44179a1ed0
2023-08-28 09:32:40,524 [8f24c139-1988-4882-b4c4-ff44179a1ed0@group-2A7BF07B114C-LeaderElection16] INFO  server.RaftServer$Division (ServerState.java:setLeader(317)) - 8f24c139-1988-4882-b4c4-ff44179a1ed0@group-2A7BF07B114C: change Leader from null to 8f24c139-1988-4882-b4c4-ff44179a1ed0 at term 1 for becomeLeader, leader elected after 5248ms
2023-08-28 09:32:40,524 [8f24c139-1988-4882-b4c4-ff44179a1ed0@group-2A7BF07B114C-LeaderElection16] INFO  server.RaftServerConfigKeys (ConfUtils.java:logGet(46)) - raft.server.staging.catchup.gap = 1000 (default)
2023-08-28 09:32:40,524 [8f24c139-1988-4882-b4c4-ff44179a1ed0@group-2A7BF07B114C-LeaderElection16] INFO  server.RaftServerConfigKeys (ConfUtils.java:logGet(46)) - raft.server.write.element-limit = 1024 (custom)
2023-08-28 09:32:40,524 [8f24c139-1988-4882-b4c4-ff44179a1ed0@group-2A7BF07B114C-LeaderElection16] INFO  server.RaftServerConfigKeys (ConfUtils.java:logGet(46)) - raft.server.write.byte-limit = 1024 M (=1073741824) (custom)
2023-08-28 09:32:40,524 [8f24c139-1988-4882-b4c4-ff44179a1ed0@group-2A7BF07B114C-LeaderElection16] INFO  server.RaftServerConfigKeys (ConfUtils.java:logGet(46)) - raft.server.watch.timeout = 180s (custom)
2023-08-28 09:32:40,524 [8f24c139-1988-4882-b4c4-ff44179a1ed0@group-2A7BF07B114C-LeaderElection16] INFO  server.RaftServerConfigKeys (ConfUtils.java:logGet(46)) - raft.server.watch.timeout.denomination = 1s (default)
2023-08-28 09:32:40,524 [8f24c139-1988-4882-b4c4-ff44179a1ed0@group-2A7BF07B114C-LeaderElection16] INFO  server.RaftServerConfigKeys (ConfUtils.java:logGet(46)) - raft.server.watch.element-limit = 65536 (default)
2023-08-28 09:32:40,524 [8f24c139-1988-4882-b4c4-ff44179a1ed0@group-2A7BF07B114C-LeaderElection16] INFO  server.RaftServerConfigKeys (ConfUtils.java:logGet(46)) - raft.server.write.element-limit = 1024 (custom)
2023-08-28 09:32:40,525 [8f24c139-1988-4882-b4c4-ff44179a1ed0@group-2A7BF07B114C-LeaderElection16] INFO  server.RaftServerConfigKeys (ConfUtils.java:logGet(46)) - raft.server.write.follower.gap.ratio.max = -1.0 (default)
2023-08-28 09:32:40,525 [8f24c139-1988-4882-b4c4-ff44179a1ed0@group-2A7BF07B114C-LeaderElection16] INFO  server.RaftServerConfigKeys (ConfUtils.java:logGet(46)) - raft.server.log.appender.snapshot.chunk.size.max = 16MB (=16777216) (default)
2023-08-28 09:32:40,525 [8f24c139-1988-4882-b4c4-ff44179a1ed0@group-2A7BF07B114C-LeaderElection16] INFO  server.RaftServerConfigKeys (ConfUtils.java:logGet(46)) - raft.server.log.appender.buffer.byte-limit = 33554432 (custom)
2023-08-28 09:32:40,525 [8f24c139-1988-4882-b4c4-ff44179a1ed0@group-2A7BF07B114C-LeaderElection16] INFO  server.RaftServerConfigKeys (ConfUtils.java:logGet(46)) - raft.server.log.appender.buffer.element-limit = 1 (custom)
2023-08-28 09:32:40,525 [8f24c139-1988-4882-b4c4-ff44179a1ed0@group-2A7BF07B114C-LeaderElection16] INFO  server.RaftServerConfigKeys (ConfUtils.java:logGet(46)) - raft.server.log.appender.wait-time.min = 10ms (default)
2023-08-28 09:32:40,525 [8f24c139-1988-4882-b4c4-ff44179a1ed0@group-2A7BF07B114C-LeaderElection16] INFO  grpc.GrpcConfigKeys (ConfUtils.java:logGet(46)) - raft.grpc.server.leader.outstanding.appends.max = 128 (default)
2023-08-28 09:32:40,525 [8f24c139-1988-4882-b4c4-ff44179a1ed0@group-2A7BF07B114C-LeaderElection16] INFO  server.RaftServerConfigKeys (ConfUtils.java:logGet(46)) - raft.server.rpc.request.timeout = 60s (custom)
2023-08-28 09:32:40,525 [8f24c139-1988-4882-b4c4-ff44179a1ed0@group-2A7BF07B114C-LeaderElection16] INFO  grpc.GrpcConfigKeys (ConfUtils.java:logGet(46)) - raft.grpc.server.install_snapshot.request.element-limit = 8 (default)
2023-08-28 09:32:40,525 [8f24c139-1988-4882-b4c4-ff44179a1ed0@group-2A7BF07B114C-LeaderElection16] INFO  grpc.GrpcConfigKeys (ConfUtils.java:logGet(46)) - raft.grpc.server.install_snapshot.request.timeout = 3000ms (default)
2023-08-28 09:32:40,525 [8f24c139-1988-4882-b4c4-ff44179a1ed0@group-2A7BF07B114C-LeaderElection16] INFO  server.RaftServerConfigKeys (ConfUtils.java:logGet(46)) - raft.server.log.appender.install.snapshot.enabled = false (custom)
2023-08-28 09:32:40,525 [8f24c139-1988-4882-b4c4-ff44179a1ed0@group-2A7BF07B114C-LeaderElection16] INFO  grpc.GrpcConfigKeys (ConfUtils.java:logGet(46)) - raft.grpc.server.heartbeat.channel = true (default)
2023-08-28 09:32:40,526 [8f24c139-1988-4882-b4c4-ff44179a1ed0@group-2A7BF07B114C-LeaderElection16] INFO  server.RaftServerConfigKeys (ConfUtils.java:logGet(46)) - raft.server.log.appender.snapshot.chunk.size.max = 16MB (=16777216) (default)
2023-08-28 09:32:40,526 [8f24c139-1988-4882-b4c4-ff44179a1ed0@group-2A7BF07B114C-LeaderElection16] INFO  server.RaftServerConfigKeys (ConfUtils.java:logGet(46)) - raft.server.log.appender.buffer.byte-limit = 33554432 (custom)
2023-08-28 09:32:40,526 [8f24c139-1988-4882-b4c4-ff44179a1ed0@group-2A7BF07B114C-LeaderElection16] INFO  server.RaftServerConfigKeys (ConfUtils.java:logGet(46)) - raft.server.log.appender.buffer.element-limit = 1 (custom)
2023-08-28 09:32:40,526 [8f24c139-1988-4882-b4c4-ff44179a1ed0@group-2A7BF07B114C-LeaderElection16] INFO  server.RaftServerConfigKeys (ConfUtils.java:logGet(46)) - raft.server.log.appender.wait-time.min = 10ms (default)
2023-08-28 09:32:40,526 [8f24c139-1988-4882-b4c4-ff44179a1ed0@group-2A7BF07B114C-LeaderElection16] INFO  grpc.GrpcConfigKeys (ConfUtils.java:logGet(46)) - raft.grpc.server.leader.outstanding.appends.max = 128 (default)
2023-08-28 09:32:40,526 [8f24c139-1988-4882-b4c4-ff44179a1ed0@group-2A7BF07B114C-LeaderElection16] INFO  server.RaftServerConfigKeys (ConfUtils.java:logGet(46)) - raft.server.rpc.request.timeout = 60s (custom)
2023-08-28 09:32:40,526 [8f24c139-1988-4882-b4c4-ff44179a1ed0@group-2A7BF07B114C-LeaderElection16] INFO  grpc.GrpcConfigKeys (ConfUtils.java:logGet(46)) - raft.grpc.server.install_snapshot.request.element-limit = 8 (default)
2023-08-28 09:32:40,526 [8f24c139-1988-4882-b4c4-ff44179a1ed0@group-2A7BF07B114C-LeaderElection16] INFO  grpc.GrpcConfigKeys (ConfUtils.java:logGet(46)) - raft.grpc.server.install_snapshot.request.timeout = 3000ms (default)
2023-08-28 09:32:40,526 [8f24c139-1988-4882-b4c4-ff44179a1ed0@group-2A7BF07B114C-LeaderElection16] INFO  server.RaftServerConfigKeys (ConfUtils.java:logGet(46)) - raft.server.log.appender.install.snapshot.enabled = false (custom)
2023-08-28 09:32:40,526 [8f24c139-1988-4882-b4c4-ff44179a1ed0@group-2A7BF07B114C-LeaderElection16] INFO  grpc.GrpcConfigKeys (ConfUtils.java:logGet(46)) - raft.grpc.server.heartbeat.channel = true (default)
2023-08-28 09:32:40,526 [8f24c139-1988-4882-b4c4-ff44179a1ed0@group-2A7BF07B114C-LeaderElection16] INFO  impl.RoleInfo (RoleInfo.java:updateAndGet(139)) - 8f24c139-1988-4882-b4c4-ff44179a1ed0: start 8f24c139-1988-4882-b4c4-ff44179a1ed0@group-2A7BF07B114C-LeaderStateImpl
2023-08-28 09:32:40,527 [8f24c139-1988-4882-b4c4-ff44179a1ed0@group-2A7BF07B114C-LeaderElection16] INFO  segmented.SegmentedRaftLogWorker (SegmentedRaftLogWorker.java:startLogSegment(447)) - 8f24c139-1988-4882-b4c4-ff44179a1ed0@group-2A7BF07B114C-SegmentedRaftLogWorker: Starting segment from index:0
2023-08-28 09:32:40,529 [8f24c139-1988-4882-b4c4-ff44179a1ed0@group-2A7BF07B114C-SegmentedRaftLogWorker] INFO  segmented.SegmentedRaftLogWorker (SegmentedRaftLogWorker.java:execute(651)) - 8f24c139-1988-4882-b4c4-ff44179a1ed0@group-2A7BF07B114C-SegmentedRaftLogWorker: created new log segment /home/runner/work/ozone/ozone/hadoop-ozone/integration-test/target/test-dir/MiniOzoneClusterImpl-67722190-891d-4afa-8cef-415625a2914e/datanode-0/data/ratis/d6801b57-a17d-4c13-a6e9-2a7bf07b114c/current/log_inprogress_0
2023-08-28 09:32:40,529 [EventQueue-PipelineReportForPipelineReportHandler] INFO  pipeline.PipelineReportHandler (PipelineReportHandler.java:processPipelineReport(136)) - Opened pipeline PipelineID=d6801b57-a17d-4c13-a6e9-2a7bf07b114c
2023-08-28 09:32:40,531 [d600485d-b91b-41d8-8672-c913e6695d89@group-1C1955EFBC5B-LeaderElection17] INFO  impl.LeaderElection (LeaderElection.java:askForVotes(321)) - d600485d-b91b-41d8-8672-c913e6695d89@group-1C1955EFBC5B-LeaderElection17 ELECTION round 0: submit vote requests at term 1 for -1: peers:[d600485d-b91b-41d8-8672-c913e6695d89|rpc:10.1.0.27:15076|admin:10.1.0.27:15075|client:10.1.0.27:15074|dataStream:10.1.0.27:15077|priority:1|startupRole:FOLLOWER]|listeners:[], old=null
2023-08-28 09:32:40,532 [d600485d-b91b-41d8-8672-c913e6695d89@group-1C1955EFBC5B-LeaderElection17] INFO  impl.LeaderElection (LeaderElection.java:askForVotes(323)) - d600485d-b91b-41d8-8672-c913e6695d89@group-1C1955EFBC5B-LeaderElection17 ELECTION round 0: result PASSED (term=1)
2023-08-28 09:32:40,532 [d600485d-b91b-41d8-8672-c913e6695d89@group-1C1955EFBC5B-LeaderElection17] INFO  impl.RoleInfo (RoleInfo.java:shutdownLeaderElection(130)) - d600485d-b91b-41d8-8672-c913e6695d89: shutdown d600485d-b91b-41d8-8672-c913e6695d89@group-1C1955EFBC5B-LeaderElection17
2023-08-28 09:32:40,532 [d600485d-b91b-41d8-8672-c913e6695d89@group-1C1955EFBC5B-LeaderElection17] INFO  server.RaftServer$Division (RaftServerImpl.java:setRole(329)) - d600485d-b91b-41d8-8672-c913e6695d89@group-1C1955EFBC5B: changes role from CANDIDATE to LEADER at term 1 for changeToLeader
2023-08-28 09:32:40,532 [d600485d-b91b-41d8-8672-c913e6695d89@group-1C1955EFBC5B-LeaderElection17] INFO  ratis.XceiverServerRatis (XceiverServerRatis.java:handleLeaderChangedNotification(902)) - Leader change notification received for group: group-1C1955EFBC5B with new leaderId: d600485d-b91b-41d8-8672-c913e6695d89
2023-08-28 09:32:40,546 [8f24c139-1988-4882-b4c4-ff44179a1ed0@group-2A7BF07B114C-LeaderElection16] INFO  server.RaftServer$Division (ServerState.java:setRaftConf(434)) - 8f24c139-1988-4882-b4c4-ff44179a1ed0@group-2A7BF07B114C: set configuration 0: peers:[d600485d-b91b-41d8-8672-c913e6695d89|rpc:10.1.0.27:15076|admin:10.1.0.27:15075|client:10.1.0.27:15074|dataStream:10.1.0.27:15077|priority:0|startupRole:FOLLOWER, 454ab8f7-ff05-436e-934f-07f2970d48f1|rpc:10.1.0.27:15085|admin:10.1.0.27:15084|client:10.1.0.27:15083|dataStream:10.1.0.27:15086|priority:0|startupRole:FOLLOWER, 8f24c139-1988-4882-b4c4-ff44179a1ed0|rpc:10.1.0.27:15067|admin:10.1.0.27:15066|client:10.1.0.27:15065|dataStream:10.1.0.27:15068|priority:1|startupRole:FOLLOWER]|listeners:[], old=null
2023-08-28 09:32:40,546 [d600485d-b91b-41d8-8672-c913e6695d89@group-1C1955EFBC5B-LeaderElection17] INFO  server.RaftServer$Division (ServerState.java:setLeader(317)) - d600485d-b91b-41d8-8672-c913e6695d89@group-1C1955EFBC5B: change Leader from null to d600485d-b91b-41d8-8672-c913e6695d89 at term 1 for becomeLeader, leader elected after 5105ms
2023-08-28 09:32:40,547 [d600485d-b91b-41d8-8672-c913e6695d89@group-1C1955EFBC5B-LeaderElection17] INFO  server.RaftServerConfigKeys (ConfUtils.java:logGet(46)) - raft.server.staging.catchup.gap = 1000 (default)
2023-08-28 09:32:40,554 [d600485d-b91b-41d8-8672-c913e6695d89-server-thread1] INFO  ratis.XceiverServerRatis (XceiverServerRatis.java:handleLeaderChangedNotification(902)) - Leader change notification received for group: group-2A7BF07B114C with new leaderId: 8f24c139-1988-4882-b4c4-ff44179a1ed0
2023-08-28 09:32:40,554 [d600485d-b91b-41d8-8672-c913e6695d89-server-thread1] INFO  server.RaftServer$Division (ServerState.java:setLeader(317)) - d600485d-b91b-41d8-8672-c913e6695d89@group-2A7BF07B114C: change Leader from null to 8f24c139-1988-4882-b4c4-ff44179a1ed0 at term 1 for appendEntries, leader elected after 5243ms
2023-08-28 09:32:40,558 [d600485d-b91b-41d8-8672-c913e6695d89@group-1C1955EFBC5B-LeaderElection17] INFO  server.RaftServerConfigKeys (ConfUtils.java:logGet(46)) - raft.server.write.element-limit = 1024 (custom)
2023-08-28 09:32:40,558 [d600485d-b91b-41d8-8672-c913e6695d89@group-1C1955EFBC5B-LeaderElection17] INFO  server.RaftServerConfigKeys (ConfUtils.java:logGet(46)) - raft.server.write.byte-limit = 1024 M (=1073741824) (custom)
2023-08-28 09:32:40,561 [d600485d-b91b-41d8-8672-c913e6695d89@group-1C1955EFBC5B-LeaderElection17] INFO  server.RaftServerConfigKeys (ConfUtils.java:logGet(46)) - raft.server.watch.timeout = 180s (custom)
2023-08-28 09:32:40,561 [d600485d-b91b-41d8-8672-c913e6695d89@group-1C1955EFBC5B-LeaderElection17] INFO  server.RaftServerConfigKeys (ConfUtils.java:logGet(46)) - raft.server.watch.timeout.denomination = 1s (default)
2023-08-28 09:32:40,561 [454ab8f7-ff05-436e-934f-07f2970d48f1-server-thread1] INFO  ratis.XceiverServerRatis (XceiverServerRatis.java:handleLeaderChangedNotification(902)) - Leader change notification received for group: group-2A7BF07B114C with new leaderId: 8f24c139-1988-4882-b4c4-ff44179a1ed0
2023-08-28 09:32:40,561 [d600485d-b91b-41d8-8672-c913e6695d89@group-1C1955EFBC5B-LeaderElection17] INFO  server.RaftServerConfigKeys (ConfUtils.java:logGet(46)) - raft.server.watch.element-limit = 65536 (default)
2023-08-28 09:32:40,561 [d600485d-b91b-41d8-8672-c913e6695d89@group-1C1955EFBC5B-LeaderElection17] INFO  server.RaftServerConfigKeys (ConfUtils.java:logGet(46)) - raft.server.write.element-limit = 1024 (custom)
2023-08-28 09:32:40,562 [d600485d-b91b-41d8-8672-c913e6695d89@group-1C1955EFBC5B-LeaderElection17] INFO  server.RaftServerConfigKeys (ConfUtils.java:logGet(46)) - raft.server.write.follower.gap.ratio.max = -1.0 (default)
2023-08-28 09:32:40,562 [d600485d-b91b-41d8-8672-c913e6695d89@group-1C1955EFBC5B-LeaderElection17] INFO  impl.RoleInfo (RoleInfo.java:updateAndGet(139)) - d600485d-b91b-41d8-8672-c913e6695d89: start d600485d-b91b-41d8-8672-c913e6695d89@group-1C1955EFBC5B-LeaderStateImpl
2023-08-28 09:32:40,562 [d600485d-b91b-41d8-8672-c913e6695d89@group-1C1955EFBC5B-LeaderElection17] INFO  segmented.SegmentedRaftLogWorker (SegmentedRaftLogWorker.java:startLogSegment(447)) - d600485d-b91b-41d8-8672-c913e6695d89@group-1C1955EFBC5B-SegmentedRaftLogWorker: Starting segment from index:0
2023-08-28 09:32:40,562 [454ab8f7-ff05-436e-934f-07f2970d48f1-server-thread1] INFO  server.RaftServer$Division (ServerState.java:setLeader(317)) - 454ab8f7-ff05-436e-934f-07f2970d48f1@group-2A7BF07B114C: change Leader from null to 8f24c139-1988-4882-b4c4-ff44179a1ed0 at term 1 for appendEntries, leader elected after 5202ms
2023-08-28 09:32:40,565 [d600485d-b91b-41d8-8672-c913e6695d89@group-1C1955EFBC5B-SegmentedRaftLogWorker] INFO  segmented.SegmentedRaftLogWorker (SegmentedRaftLogWorker.java:execute(651)) - d600485d-b91b-41d8-8672-c913e6695d89@group-1C1955EFBC5B-SegmentedRaftLogWorker: created new log segment /home/runner/work/ozone/ozone/hadoop-ozone/integration-test/target/test-dir/MiniOzoneClusterImpl-67722190-891d-4afa-8cef-415625a2914e/datanode-1/data/ratis/04a48b31-a7ac-4e92-aaa3-1c1955efbc5b/current/log_inprogress_0
2023-08-28 09:32:40,573 [d600485d-b91b-41d8-8672-c913e6695d89-server-thread3] INFO  server.RaftServer$Division (ServerState.java:setRaftConf(434)) - d600485d-b91b-41d8-8672-c913e6695d89@group-2A7BF07B114C: set configuration 0: peers:[d600485d-b91b-41d8-8672-c913e6695d89|rpc:10.1.0.27:15076|admin:10.1.0.27:15075|client:10.1.0.27:15074|dataStream:10.1.0.27:15077|priority:0|startupRole:FOLLOWER, 454ab8f7-ff05-436e-934f-07f2970d48f1|rpc:10.1.0.27:15085|admin:10.1.0.27:15084|client:10.1.0.27:15083|dataStream:10.1.0.27:15086|priority:0|startupRole:FOLLOWER, 8f24c139-1988-4882-b4c4-ff44179a1ed0|rpc:10.1.0.27:15067|admin:10.1.0.27:15066|client:10.1.0.27:15065|dataStream:10.1.0.27:15068|priority:1|startupRole:FOLLOWER]|listeners:[], old=null
2023-08-28 09:32:40,573 [d600485d-b91b-41d8-8672-c913e6695d89-server-thread3] INFO  segmented.SegmentedRaftLogWorker (SegmentedRaftLogWorker.java:startLogSegment(447)) - d600485d-b91b-41d8-8672-c913e6695d89@group-2A7BF07B114C-SegmentedRaftLogWorker: Starting segment from index:0
2023-08-28 09:32:40,573 [d600485d-b91b-41d8-8672-c913e6695d89@group-1C1955EFBC5B-LeaderElection17] INFO  server.RaftServer$Division (ServerState.java:setRaftConf(434)) - d600485d-b91b-41d8-8672-c913e6695d89@group-1C1955EFBC5B: set configuration 0: peers:[d600485d-b91b-41d8-8672-c913e6695d89|rpc:10.1.0.27:15076|admin:10.1.0.27:15075|client:10.1.0.27:15074|dataStream:10.1.0.27:15077|priority:1|startupRole:FOLLOWER]|listeners:[], old=null
2023-08-28 09:32:40,578 [d600485d-b91b-41d8-8672-c913e6695d89@group-2A7BF07B114C-SegmentedRaftLogWorker] INFO  segmented.SegmentedRaftLogWorker (SegmentedRaftLogWorker.java:execute(651)) - d600485d-b91b-41d8-8672-c913e6695d89@group-2A7BF07B114C-SegmentedRaftLogWorker: created new log segment /home/runner/work/ozone/ozone/hadoop-ozone/integration-test/target/test-dir/MiniOzoneClusterImpl-67722190-891d-4afa-8cef-415625a2914e/datanode-1/data/ratis/d6801b57-a17d-4c13-a6e9-2a7bf07b114c/current/log_inprogress_0
2023-08-28 09:32:40,579 [454ab8f7-ff05-436e-934f-07f2970d48f1-server-thread1] INFO  server.RaftServer$Division (ServerState.java:setRaftConf(434)) - 454ab8f7-ff05-436e-934f-07f2970d48f1@group-2A7BF07B114C: set configuration 0: peers:[d600485d-b91b-41d8-8672-c913e6695d89|rpc:10.1.0.27:15076|admin:10.1.0.27:15075|client:10.1.0.27:15074|dataStream:10.1.0.27:15077|priority:0|startupRole:FOLLOWER, 454ab8f7-ff05-436e-934f-07f2970d48f1|rpc:10.1.0.27:15085|admin:10.1.0.27:15084|client:10.1.0.27:15083|dataStream:10.1.0.27:15086|priority:0|startupRole:FOLLOWER, 8f24c139-1988-4882-b4c4-ff44179a1ed0|rpc:10.1.0.27:15067|admin:10.1.0.27:15066|client:10.1.0.27:15065|dataStream:10.1.0.27:15068|priority:1|startupRole:FOLLOWER]|listeners:[], old=null
2023-08-28 09:32:40,579 [454ab8f7-ff05-436e-934f-07f2970d48f1-server-thread1] INFO  segmented.SegmentedRaftLogWorker (SegmentedRaftLogWorker.java:startLogSegment(447)) - 454ab8f7-ff05-436e-934f-07f2970d48f1@group-2A7BF07B114C-SegmentedRaftLogWorker: Starting segment from index:0
2023-08-28 09:32:40,581 [454ab8f7-ff05-436e-934f-07f2970d48f1@group-2A7BF07B114C-SegmentedRaftLogWorker] INFO  segmented.SegmentedRaftLogWorker (SegmentedRaftLogWorker.java:execute(651)) - 454ab8f7-ff05-436e-934f-07f2970d48f1@group-2A7BF07B114C-SegmentedRaftLogWorker: created new log segment /home/runner/work/ozone/ozone/hadoop-ozone/integration-test/target/test-dir/MiniOzoneClusterImpl-67722190-891d-4afa-8cef-415625a2914e/datanode-2/data/ratis/d6801b57-a17d-4c13-a6e9-2a7bf07b114c/current/log_inprogress_0
2023-08-28 09:32:40,993 [454ab8f7-ff05-436e-934f-07f2970d48f1@group-05A9F76B2B28-FollowerState] INFO  impl.FollowerState (FollowerState.java:run(143)) - 454ab8f7-ff05-436e-934f-07f2970d48f1@group-05A9F76B2B28-FollowerState: change to CANDIDATE, lastRpcElapsedTime:5161144302ns, electionTimeout:5156ms
2023-08-28 09:32:40,993 [454ab8f7-ff05-436e-934f-07f2970d48f1@group-05A9F76B2B28-FollowerState] INFO  impl.RoleInfo (RoleInfo.java:shutdownFollowerState(110)) - 454ab8f7-ff05-436e-934f-07f2970d48f1: shutdown 454ab8f7-ff05-436e-934f-07f2970d48f1@group-05A9F76B2B28-FollowerState
2023-08-28 09:32:40,993 [454ab8f7-ff05-436e-934f-07f2970d48f1@group-05A9F76B2B28-FollowerState] INFO  server.RaftServer$Division (RaftServerImpl.java:setRole(329)) - 454ab8f7-ff05-436e-934f-07f2970d48f1@group-05A9F76B2B28: changes role from  FOLLOWER to CANDIDATE at term 0 for changeToCandidate
2023-08-28 09:32:40,993 [454ab8f7-ff05-436e-934f-07f2970d48f1@group-05A9F76B2B28-FollowerState] INFO  server.RaftServerConfigKeys (ConfUtils.java:logGet(46)) - raft.server.leaderelection.pre-vote = true (default)
2023-08-28 09:32:40,994 [454ab8f7-ff05-436e-934f-07f2970d48f1@group-05A9F76B2B28-FollowerState] INFO  impl.RoleInfo (RoleInfo.java:updateAndGet(139)) - 454ab8f7-ff05-436e-934f-07f2970d48f1: start 454ab8f7-ff05-436e-934f-07f2970d48f1@group-05A9F76B2B28-LeaderElection18
2023-08-28 09:32:40,995 [454ab8f7-ff05-436e-934f-07f2970d48f1@group-05A9F76B2B28-LeaderElection18] INFO  impl.LeaderElection (LeaderElection.java:askForVotes(321)) - 454ab8f7-ff05-436e-934f-07f2970d48f1@group-05A9F76B2B28-LeaderElection18 PRE_VOTE round 0: submit vote requests at term 0 for -1: peers:[454ab8f7-ff05-436e-934f-07f2970d48f1|rpc:10.1.0.27:15085|admin:10.1.0.27:15084|client:10.1.0.27:15083|dataStream:10.1.0.27:15086|priority:1|startupRole:FOLLOWER]|listeners:[], old=null
2023-08-28 09:32:40,995 [454ab8f7-ff05-436e-934f-07f2970d48f1@group-05A9F76B2B28-LeaderElection18] INFO  impl.LeaderElection (LeaderElection.java:askForVotes(323)) - 454ab8f7-ff05-436e-934f-07f2970d48f1@group-05A9F76B2B28-LeaderElection18 PRE_VOTE round 0: result PASSED (term=0)
2023-08-28 09:32:40,997 [454ab8f7-ff05-436e-934f-07f2970d48f1@group-05A9F76B2B28-LeaderElection18] INFO  impl.LeaderElection (LeaderElection.java:askForVotes(321)) - 454ab8f7-ff05-436e-934f-07f2970d48f1@group-05A9F76B2B28-LeaderElection18 ELECTION round 0: submit vote requests at term 1 for -1: peers:[454ab8f7-ff05-436e-934f-07f2970d48f1|rpc:10.1.0.27:15085|admin:10.1.0.27:15084|client:10.1.0.27:15083|dataStream:10.1.0.27:15086|priority:1|startupRole:FOLLOWER]|listeners:[], old=null
2023-08-28 09:32:40,997 [454ab8f7-ff05-436e-934f-07f2970d48f1@group-05A9F76B2B28-LeaderElection18] INFO  impl.LeaderElection (LeaderElection.java:askForVotes(323)) - 454ab8f7-ff05-436e-934f-07f2970d48f1@group-05A9F76B2B28-LeaderElection18 ELECTION round 0: result PASSED (term=1)
2023-08-28 09:32:40,998 [454ab8f7-ff05-436e-934f-07f2970d48f1@group-05A9F76B2B28-LeaderElection18] INFO  impl.RoleInfo (RoleInfo.java:shutdownLeaderElection(130)) - 454ab8f7-ff05-436e-934f-07f2970d48f1: shutdown 454ab8f7-ff05-436e-934f-07f2970d48f1@group-05A9F76B2B28-LeaderElection18
2023-08-28 09:32:40,998 [454ab8f7-ff05-436e-934f-07f2970d48f1@group-05A9F76B2B28-LeaderElection18] INFO  server.RaftServer$Division (RaftServerImpl.java:setRole(329)) - 454ab8f7-ff05-436e-934f-07f2970d48f1@group-05A9F76B2B28: changes role from CANDIDATE to LEADER at term 1 for changeToLeader
2023-08-28 09:32:40,998 [454ab8f7-ff05-436e-934f-07f2970d48f1@group-05A9F76B2B28-LeaderElection18] INFO  ratis.XceiverServerRatis (XceiverServerRatis.java:handleLeaderChangedNotification(902)) - Leader change notification received for group: group-05A9F76B2B28 with new leaderId: 454ab8f7-ff05-436e-934f-07f2970d48f1
2023-08-28 09:32:40,998 [454ab8f7-ff05-436e-934f-07f2970d48f1@group-05A9F76B2B28-LeaderElection18] INFO  server.RaftServer$Division (ServerState.java:setLeader(317)) - 454ab8f7-ff05-436e-934f-07f2970d48f1@group-05A9F76B2B28: change Leader from null to 454ab8f7-ff05-436e-934f-07f2970d48f1 at term 1 for becomeLeader, leader elected after 5182ms
2023-08-28 09:32:40,998 [454ab8f7-ff05-436e-934f-07f2970d48f1@group-05A9F76B2B28-LeaderElection18] INFO  server.RaftServerConfigKeys (ConfUtils.java:logGet(46)) - raft.server.staging.catchup.gap = 1000 (default)
2023-08-28 09:32:40,999 [454ab8f7-ff05-436e-934f-07f2970d48f1@group-05A9F76B2B28-LeaderElection18] INFO  server.RaftServerConfigKeys (ConfUtils.java:logGet(46)) - raft.server.write.element-limit = 1024 (custom)
2023-08-28 09:32:40,999 [454ab8f7-ff05-436e-934f-07f2970d48f1@group-05A9F76B2B28-LeaderElection18] INFO  server.RaftServerConfigKeys (ConfUtils.java:logGet(46)) - raft.server.write.byte-limit = 1024 M (=1073741824) (custom)
2023-08-28 09:32:40,999 [454ab8f7-ff05-436e-934f-07f2970d48f1@group-05A9F76B2B28-LeaderElection18] INFO  server.RaftServerConfigKeys (ConfUtils.java:logGet(46)) - raft.server.watch.timeout = 180s (custom)
2023-08-28 09:32:40,999 [454ab8f7-ff05-436e-934f-07f2970d48f1@group-05A9F76B2B28-LeaderElection18] INFO  server.RaftServerConfigKeys (ConfUtils.java:logGet(46)) - raft.server.watch.timeout.denomination = 1s (default)
2023-08-28 09:32:40,999 [454ab8f7-ff05-436e-934f-07f2970d48f1@group-05A9F76B2B28-LeaderElection18] INFO  server.RaftServerConfigKeys (ConfUtils.java:logGet(46)) - raft.server.watch.element-limit = 65536 (default)
2023-08-28 09:32:40,999 [454ab8f7-ff05-436e-934f-07f2970d48f1@group-05A9F76B2B28-LeaderElection18] INFO  server.RaftServerConfigKeys (ConfUtils.java:logGet(46)) - raft.server.write.element-limit = 1024 (custom)
2023-08-28 09:32:40,999 [454ab8f7-ff05-436e-934f-07f2970d48f1@group-05A9F76B2B28-LeaderElection18] INFO  server.RaftServerConfigKeys (ConfUtils.java:logGet(46)) - raft.server.write.follower.gap.ratio.max = -1.0 (default)
2023-08-28 09:32:40,999 [454ab8f7-ff05-436e-934f-07f2970d48f1@group-05A9F76B2B28-LeaderElection18] INFO  impl.RoleInfo (RoleInfo.java:updateAndGet(139)) - 454ab8f7-ff05-436e-934f-07f2970d48f1: start 454ab8f7-ff05-436e-934f-07f2970d48f1@group-05A9F76B2B28-LeaderStateImpl
2023-08-28 09:32:41,000 [454ab8f7-ff05-436e-934f-07f2970d48f1@group-05A9F76B2B28-LeaderElection18] INFO  segmented.SegmentedRaftLogWorker (SegmentedRaftLogWorker.java:startLogSegment(447)) - 454ab8f7-ff05-436e-934f-07f2970d48f1@group-05A9F76B2B28-SegmentedRaftLogWorker: Starting segment from index:0
2023-08-28 09:32:41,001 [454ab8f7-ff05-436e-934f-07f2970d48f1@group-05A9F76B2B28-LeaderElection18] INFO  server.RaftServer$Division (ServerState.java:setRaftConf(434)) - 454ab8f7-ff05-436e-934f-07f2970d48f1@group-05A9F76B2B28: set configuration 0: peers:[454ab8f7-ff05-436e-934f-07f2970d48f1|rpc:10.1.0.27:15085|admin:10.1.0.27:15084|client:10.1.0.27:15083|dataStream:10.1.0.27:15086|priority:1|startupRole:FOLLOWER]|listeners:[], old=null
2023-08-28 09:32:41,003 [454ab8f7-ff05-436e-934f-07f2970d48f1@group-05A9F76B2B28-SegmentedRaftLogWorker] INFO  segmented.SegmentedRaftLogWorker (SegmentedRaftLogWorker.java:execute(651)) - 454ab8f7-ff05-436e-934f-07f2970d48f1@group-05A9F76B2B28-SegmentedRaftLogWorker: created new log segment /home/runner/work/ozone/ozone/hadoop-ozone/integration-test/target/test-dir/MiniOzoneClusterImpl-67722190-891d-4afa-8cef-415625a2914e/datanode-2/data/ratis/d628fb7c-c4cc-444b-8fc9-05a9f76b2b28/current/log_inprogress_0
2023-08-28 09:32:41,160 [6fe57cde-2152-4119-ad90-dc528c983fae@group-091753458F2C-FollowerState] INFO  impl.FollowerState (FollowerState.java:run(143)) - 6fe57cde-2152-4119-ad90-dc528c983fae@group-091753458F2C-FollowerState: change to CANDIDATE, lastRpcElapsedTime:5041408187ns, electionTimeout:5039ms
2023-08-28 09:32:41,160 [6fe57cde-2152-4119-ad90-dc528c983fae@group-091753458F2C-FollowerState] INFO  impl.RoleInfo (RoleInfo.java:shutdownFollowerState(110)) - 6fe57cde-2152-4119-ad90-dc528c983fae: shutdown 6fe57cde-2152-4119-ad90-dc528c983fae@group-091753458F2C-FollowerState
2023-08-28 09:32:41,160 [6fe57cde-2152-4119-ad90-dc528c983fae@group-091753458F2C-FollowerState] INFO  server.RaftServer$Division (RaftServerImpl.java:setRole(329)) - 6fe57cde-2152-4119-ad90-dc528c983fae@group-091753458F2C: changes role from  FOLLOWER to CANDIDATE at term 0 for changeToCandidate
2023-08-28 09:32:41,160 [6fe57cde-2152-4119-ad90-dc528c983fae@group-091753458F2C-FollowerState] INFO  server.RaftServerConfigKeys (ConfUtils.java:logGet(46)) - raft.server.leaderelection.pre-vote = true (default)
2023-08-28 09:32:41,160 [6fe57cde-2152-4119-ad90-dc528c983fae@group-091753458F2C-FollowerState] INFO  impl.RoleInfo (RoleInfo.java:updateAndGet(139)) - 6fe57cde-2152-4119-ad90-dc528c983fae: start 6fe57cde-2152-4119-ad90-dc528c983fae@group-091753458F2C-LeaderElection19
2023-08-28 09:32:41,162 [6fe57cde-2152-4119-ad90-dc528c983fae@group-091753458F2C-LeaderElection19] INFO  impl.LeaderElection (LeaderElection.java:askForVotes(321)) - 6fe57cde-2152-4119-ad90-dc528c983fae@group-091753458F2C-LeaderElection19 PRE_VOTE round 0: submit vote requests at term 0 for -1: peers:[6fe57cde-2152-4119-ad90-dc528c983fae|rpc:10.1.0.27:15094|admin:10.1.0.27:15093|client:10.1.0.27:15092|dataStream:10.1.0.27:15095|priority:1|startupRole:FOLLOWER]|listeners:[], old=null
2023-08-28 09:32:41,162 [6fe57cde-2152-4119-ad90-dc528c983fae@group-091753458F2C-LeaderElection19] INFO  impl.LeaderElection (LeaderElection.java:askForVotes(323)) - 6fe57cde-2152-4119-ad90-dc528c983fae@group-091753458F2C-LeaderElection19 PRE_VOTE round 0: result PASSED (term=0)
2023-08-28 09:32:41,164 [6fe57cde-2152-4119-ad90-dc528c983fae@group-091753458F2C-LeaderElection19] INFO  impl.LeaderElection (LeaderElection.java:askForVotes(321)) - 6fe57cde-2152-4119-ad90-dc528c983fae@group-091753458F2C-LeaderElection19 ELECTION round 0: submit vote requests at term 1 for -1: peers:[6fe57cde-2152-4119-ad90-dc528c983fae|rpc:10.1.0.27:15094|admin:10.1.0.27:15093|client:10.1.0.27:15092|dataStream:10.1.0.27:15095|priority:1|startupRole:FOLLOWER]|listeners:[], old=null
2023-08-28 09:32:41,164 [6fe57cde-2152-4119-ad90-dc528c983fae@group-091753458F2C-LeaderElection19] INFO  impl.LeaderElection (LeaderElection.java:askForVotes(323)) - 6fe57cde-2152-4119-ad90-dc528c983fae@group-091753458F2C-LeaderElection19 ELECTION round 0: result PASSED (term=1)
2023-08-28 09:32:41,165 [6fe57cde-2152-4119-ad90-dc528c983fae@group-091753458F2C-LeaderElection19] INFO  impl.RoleInfo (RoleInfo.java:shutdownLeaderElection(130)) - 6fe57cde-2152-4119-ad90-dc528c983fae: shutdown 6fe57cde-2152-4119-ad90-dc528c983fae@group-091753458F2C-LeaderElection19
2023-08-28 09:32:41,165 [6fe57cde-2152-4119-ad90-dc528c983fae@group-091753458F2C-LeaderElection19] INFO  server.RaftServer$Division (RaftServerImpl.java:setRole(329)) - 6fe57cde-2152-4119-ad90-dc528c983fae@group-091753458F2C: changes role from CANDIDATE to LEADER at term 1 for changeToLeader
2023-08-28 09:32:41,165 [6fe57cde-2152-4119-ad90-dc528c983fae@group-091753458F2C-LeaderElection19] INFO  ratis.XceiverServerRatis (XceiverServerRatis.java:handleLeaderChangedNotification(902)) - Leader change notification received for group: group-091753458F2C with new leaderId: 6fe57cde-2152-4119-ad90-dc528c983fae
2023-08-28 09:32:41,165 [6fe57cde-2152-4119-ad90-dc528c983fae@group-091753458F2C-LeaderElection19] INFO  server.RaftServer$Division (ServerState.java:setLeader(317)) - 6fe57cde-2152-4119-ad90-dc528c983fae@group-091753458F2C: change Leader from null to 6fe57cde-2152-4119-ad90-dc528c983fae at term 1 for becomeLeader, leader elected after 5069ms
2023-08-28 09:32:41,165 [6fe57cde-2152-4119-ad90-dc528c983fae@group-091753458F2C-LeaderElection19] INFO  server.RaftServerConfigKeys (ConfUtils.java:logGet(46)) - raft.server.staging.catchup.gap = 1000 (default)
2023-08-28 09:32:41,165 [6fe57cde-2152-4119-ad90-dc528c983fae@group-091753458F2C-LeaderElection19] INFO  server.RaftServerConfigKeys (ConfUtils.java:logGet(46)) - raft.server.write.element-limit = 1024 (custom)
2023-08-28 09:32:41,165 [6fe57cde-2152-4119-ad90-dc528c983fae@group-091753458F2C-LeaderElection19] INFO  server.RaftServerConfigKeys (ConfUtils.java:logGet(46)) - raft.server.write.byte-limit = 1024 M (=1073741824) (custom)
2023-08-28 09:32:41,166 [6fe57cde-2152-4119-ad90-dc528c983fae@group-091753458F2C-LeaderElection19] INFO  server.RaftServerConfigKeys (ConfUtils.java:logGet(46)) - raft.server.watch.timeout = 180s (custom)
2023-08-28 09:32:41,166 [6fe57cde-2152-4119-ad90-dc528c983fae@group-091753458F2C-LeaderElection19] INFO  server.RaftServerConfigKeys (ConfUtils.java:logGet(46)) - raft.server.watch.timeout.denomination = 1s (default)
2023-08-28 09:32:41,166 [6fe57cde-2152-4119-ad90-dc528c983fae@group-091753458F2C-LeaderElection19] INFO  server.RaftServerConfigKeys (ConfUtils.java:logGet(46)) - raft.server.watch.element-limit = 65536 (default)
2023-08-28 09:32:41,166 [6fe57cde-2152-4119-ad90-dc528c983fae@group-091753458F2C-LeaderElection19] INFO  server.RaftServerConfigKeys (ConfUtils.java:logGet(46)) - raft.server.write.element-limit = 1024 (custom)
2023-08-28 09:32:41,166 [6fe57cde-2152-4119-ad90-dc528c983fae@group-091753458F2C-LeaderElection19] INFO  server.RaftServerConfigKeys (ConfUtils.java:logGet(46)) - raft.server.write.follower.gap.ratio.max = -1.0 (default)
2023-08-28 09:32:41,166 [6fe57cde-2152-4119-ad90-dc528c983fae@group-091753458F2C-LeaderElection19] INFO  impl.RoleInfo (RoleInfo.java:updateAndGet(139)) - 6fe57cde-2152-4119-ad90-dc528c983fae: start 6fe57cde-2152-4119-ad90-dc528c983fae@group-091753458F2C-LeaderStateImpl
2023-08-28 09:32:41,167 [6fe57cde-2152-4119-ad90-dc528c983fae@group-091753458F2C-LeaderElection19] INFO  segmented.SegmentedRaftLogWorker (SegmentedRaftLogWorker.java:startLogSegment(447)) - 6fe57cde-2152-4119-ad90-dc528c983fae@group-091753458F2C-SegmentedRaftLogWorker: Starting segment from index:0
2023-08-28 09:32:41,167 [6fe57cde-2152-4119-ad90-dc528c983fae@group-091753458F2C-LeaderElection19] INFO  server.RaftServer$Division (ServerState.java:setRaftConf(434)) - 6fe57cde-2152-4119-ad90-dc528c983fae@group-091753458F2C: set configuration 0: peers:[6fe57cde-2152-4119-ad90-dc528c983fae|rpc:10.1.0.27:15094|admin:10.1.0.27:15093|client:10.1.0.27:15092|dataStream:10.1.0.27:15095|priority:1|startupRole:FOLLOWER]|listeners:[], old=null
2023-08-28 09:32:41,171 [6fe57cde-2152-4119-ad90-dc528c983fae@group-091753458F2C-SegmentedRaftLogWorker] INFO  segmented.SegmentedRaftLogWorker (SegmentedRaftLogWorker.java:execute(651)) - 6fe57cde-2152-4119-ad90-dc528c983fae@group-091753458F2C-SegmentedRaftLogWorker: created new log segment /home/runner/work/ozone/ozone/hadoop-ozone/integration-test/target/test-dir/MiniOzoneClusterImpl-67722190-891d-4afa-8cef-415625a2914e/datanode-3/data/ratis/c0485380-7da8-4dd1-b9e3-091753458f2c/current/log_inprogress_0
2023-08-28 09:32:41,360 [main] INFO  ozone.MiniOzoneClusterImpl (MiniOzoneClusterImpl.java:lambda$waitForClusterToBeReady$0(224)) - Nodes are ready. Got 5 of 5 DN Heartbeats.
2023-08-28 09:32:41,360 [main] INFO  ozone.MiniOzoneClusterImpl (MiniOzoneClusterImpl.java:lambda$waitForClusterToBeReady$0(227)) - Cluster exits safe mode
2023-08-28 09:32:41,360 [main] INFO  ozone.MiniOzoneClusterImpl (MiniOzoneClusterImpl.java:lambda$waitForClusterToBeReady$0(229)) - SCM became leader
2023-08-28 09:32:41,386 [main] INFO  rpc.RpcClient (RpcClient.java:createVolume(461)) - Creating Volume: volume78214, with user06090 as owner and space quota set to -1 bytes, counts quota set to -1
2023-08-28 09:32:41,391 [IPC Server handler 12 on default port 15057] INFO  volume.OMVolumeCreateRequest (OMVolumeCreateRequest.java:validateAndUpdateCache(196)) - created volume:volume78214 for user:user06090
2023-08-28 09:32:41,404 [main] INFO  rpc.RpcClient (RpcClient.java:createBucket(688)) - Creating Bucket: volume78214/bucket62222, with bucket layout LEGACY, runner as owner, Versioning false, Storage Type set to DISK and Encryption set to false, Replication Type set to server-side default replication type, Namespace Quota set to -1, Space Quota set to -1 
2023-08-28 09:32:41,407 [IPC Server handler 11 on default port 15057] INFO  bucket.OMBucketCreateRequest (OMBucketCreateRequest.java:validateAndUpdateCache(270)) - created bucket: bucket62222 of layout LEGACY in volume: volume78214
]]></system-out>
  </testcase>
  <testcase name="testGetTrashRoot" classname="TestOzoneFileSystem" time="20.45">
    <system-out><![CDATA[2023-08-28 09:33:28,489 [main] INFO  ozone.MiniOzoneClusterImpl (MiniOzoneClusterImpl.java:shutdown(443)) - Shutting down the Mini Ozone Cluster
2023-08-28 09:33:28,490 [main] INFO  ozone.MiniOzoneClusterImpl (MiniOzoneClusterImpl.java:stop(460)) - Stopping the Mini Ozone Cluster
2023-08-28 09:33:28,490 [main] INFO  ozone.MiniOzoneClusterImpl (MiniOzoneClusterImpl.java:stopOM(551)) - Stopping the OzoneManager
2023-08-28 09:33:28,490 [main] INFO  om.OzoneManager (OzoneManager.java:stop(2187)) - om1[localhost:15057]: Stopping Ozone Manager
2023-08-28 09:33:28,490 [main] INFO  ipc.Server (Server.java:stop(3523)) - Stopping server on 15057
2023-08-28 09:33:28,495 [IPC Server handler 15 on default port 15057] WARN  ipc.Server (Server.java:processResponse(1772)) - IPC Server handler 15 on default port 15057, call Call#117934 Retry#0 org.apache.hadoop.ozone.om.protocol.OzoneManagerProtocol.submitRequest from localhost:37502 / 127.0.0.1:37502: output error
2023-08-28 09:33:28,495 [IPC Server handler 15 on default port 15057] INFO  ipc.Server (Server.java:run(3061)) - IPC Server handler 15 on default port 15057 caught an exception
java.nio.channels.ClosedByInterruptException
	at java.nio.channels.spi.AbstractInterruptibleChannel.end(AbstractInterruptibleChannel.java:202)
	at sun.nio.ch.SocketChannelImpl.write(SocketChannelImpl.java:477)
	at org.apache.hadoop.ipc.Server.channelWrite(Server.java:3743)
	at org.apache.hadoop.ipc.Server.access$1800(Server.java:148)
	at org.apache.hadoop.ipc.Server$Responder.processResponse(Server.java:1722)
	at org.apache.hadoop.ipc.Server$Responder.doRespond(Server.java:1792)
	at org.apache.hadoop.ipc.Server$Connection.sendResponse(Server.java:2919)
	at org.apache.hadoop.ipc.Server$Connection.access$400(Server.java:1864)
	at org.apache.hadoop.ipc.Server$RpcCall.doResponse(Server.java:1176)
	at org.apache.hadoop.ipc.Server$Call.doResponse(Server.java:954)
	at org.apache.hadoop.ipc.Server$Call.sendResponse(Server.java:940)
	at org.apache.hadoop.ipc.Server$RpcCall.run(Server.java:1111)
	at org.apache.hadoop.ipc.Server$RpcCall.run(Server.java:1017)
	at java.security.AccessController.doPrivileged(Native Method)
	at javax.security.auth.Subject.doAs(Subject.java:422)
	at org.apache.hadoop.security.UserGroupInformation.doAs(UserGroupInformation.java:1899)
	at org.apache.hadoop.ipc.Server$Handler.run(Server.java:3048)
2023-08-28 09:33:28,499 [IPC Server listener on 15057] INFO  ipc.Server (Server.java:run(1434)) - Stopping IPC Server listener on 15057
2023-08-28 09:33:28,499 [IPC Server Responder] INFO  ipc.Server (Server.java:run(1567)) - Stopping IPC Server Responder
2023-08-28 09:33:28,500 [main] INFO  ratis.OzoneManagerDoubleBuffer (OzoneManagerDoubleBuffer.java:stopDaemon(551)) - Stopping OMDoubleBuffer flush thread
2023-08-28 09:33:28,500 [OMDoubleBufferFlushThread] INFO  ratis.OzoneManagerDoubleBuffer (OzoneManagerDoubleBuffer.java:canFlush(638)) - OMDoubleBuffer flush thread OMDoubleBufferFlushThread is interrupted and will exit.
2023-08-28 09:33:28,500 [main] INFO  utils.BackgroundService (BackgroundService.java:shutdown(141)) - Shutting down service KeyDeletingService
2023-08-28 09:33:28,504 [main] INFO  utils.BackgroundService (BackgroundService.java:shutdown(141)) - Shutting down service KeyDeletingService
2023-08-28 09:33:28,504 [main] INFO  utils.BackgroundService (BackgroundService.java:shutdown(141)) - Shutting down service OpenKeyCleanupService
2023-08-28 09:33:28,504 [main] INFO  utils.BackgroundService (BackgroundService.java:shutdown(141)) - Shutting down service SstFilteringService
2023-08-28 09:33:28,504 [main] INFO  utils.BackgroundService (BackgroundService.java:shutdown(141)) - Shutting down service SnapshotDeletingService
2023-08-28 09:33:28,505 [main] INFO  handler.ContextHandler (ContextHandler.java:doStop(1159)) - Stopped o.e.j.w.WebAppContext@75644d58{ozoneManager,/,null,STOPPED}{file:/home/runner/work/ozone/ozone/hadoop-ozone/integration-test/target/test-classes/webapps/ozoneManager}
2023-08-28 09:33:28,506 [main] INFO  server.AbstractConnector (AbstractConnector.java:doStop(383)) - Stopped ServerConnector@57fe16a9{HTTP/1.1, (http/1.1)}{0.0.0.0:15058}
2023-08-28 09:33:28,506 [main] INFO  server.session (HouseKeeper.java:stopScavenging(149)) - node0 Stopped scavenging
2023-08-28 09:33:28,506 [main] INFO  handler.ContextHandler (ContextHandler.java:doStop(1159)) - Stopped o.e.j.s.ServletContextHandler@df65ef7{static,/static,file:///home/runner/work/ozone/ozone/hadoop-ozone/integration-test/target/test-classes/webapps/static,STOPPED}
2023-08-28 09:33:28,507 [main] INFO  handler.ContextHandler (ContextHandler.java:doStop(1159)) - Stopped o.e.j.s.ServletContextHandler@6f4eff69{logs,/logs,file:///home/runner/work/ozone/ozone/hadoop-ozone/integration-test/target/log,STOPPED}
2023-08-28 09:33:28,508 [main] INFO  rocksdiff.RocksDBCheckpointDiffer (RocksDBCheckpointDiffer.java:close(340)) - Shutting down CompactionDagPruningService.
2023-08-28 09:33:28,510 [main] INFO  snapshot.SnapshotDiffManager (SnapshotDiffManager.java:closeExecutorService(1720)) - Shutting down executorService: 'SnapDiffExecutor'
2023-08-28 09:33:28,510 [main] INFO  snapshot.SnapshotDiffManager (SnapshotDiffManager.java:closeExecutorService(1720)) - Shutting down executorService: 'SstDumpToolExecutor'
2023-08-28 09:33:28,510 [main] INFO  utils.BackgroundService (BackgroundService.java:shutdown(141)) - Shutting down service SnapshotDiffCleanupService
2023-08-28 09:33:28,511 [JvmPauseMonitor8] INFO  util.JvmPauseMonitor (JvmPauseMonitor.java:run(109)) - JvmPauseMonitor-f569862c-da8f-4cdf-a165-329be4becace: Stopped
2023-08-28 09:33:28,511 [main] INFO  ozone.MiniOzoneClusterImpl (MiniOzoneClusterImpl.java:stopDatanodes(528)) - Stopping the HddsDatanodes
2023-08-28 09:33:28,516 [ForkJoinPool.commonPool-worker-2] INFO  ozoneimpl.OzoneContainer (OzoneContainer.java:stop(451)) - Attempting to stop container services.
2023-08-28 09:33:28,517 [ForkJoinPool.commonPool-worker-2] INFO  server.RaftServer (RaftServerProxy.java:lambda$close$6(416)) - d600485d-b91b-41d8-8672-c913e6695d89: close
2023-08-28 09:33:28,520 [d600485d-b91b-41d8-8672-c913e6695d89-impl-thread2] INFO  server.RaftServer$Division (RaftServerImpl.java:lambda$close$4(466)) - d600485d-b91b-41d8-8672-c913e6695d89@group-CA876597277A: shutdown
2023-08-28 09:33:28,520 [d600485d-b91b-41d8-8672-c913e6695d89-impl-thread2] INFO  util.JmxRegister (JmxRegister.java:unregister(73)) - Successfully un-registered JMX Bean with object name Ratis:service=RaftServer,group=group-CA876597277A,id=d600485d-b91b-41d8-8672-c913e6695d89
2023-08-28 09:33:28,520 [d600485d-b91b-41d8-8672-c913e6695d89-impl-thread2] INFO  impl.RoleInfo (RoleInfo.java:shutdownFollowerState(110)) - d600485d-b91b-41d8-8672-c913e6695d89: shutdown d600485d-b91b-41d8-8672-c913e6695d89@group-CA876597277A-FollowerState
2023-08-28 09:33:28,524 [ForkJoinPool.commonPool-worker-2] INFO  server.GrpcService (GrpcService.java:closeImpl(311)) - d600485d-b91b-41d8-8672-c913e6695d89: shutdown server org.apache.ratis.grpc.server.GrpcClientProtocolService now
2023-08-28 09:33:28,524 [d600485d-b91b-41d8-8672-c913e6695d89-impl-thread3] INFO  server.RaftServer$Division (RaftServerImpl.java:lambda$close$4(466)) - d600485d-b91b-41d8-8672-c913e6695d89@group-1C1955EFBC5B: shutdown
2023-08-28 09:33:28,524 [d600485d-b91b-41d8-8672-c913e6695d89-impl-thread4] INFO  server.RaftServer$Division (RaftServerImpl.java:lambda$close$4(466)) - d600485d-b91b-41d8-8672-c913e6695d89@group-2A7BF07B114C: shutdown
2023-08-28 09:33:28,525 [d600485d-b91b-41d8-8672-c913e6695d89-impl-thread4] INFO  util.JmxRegister (JmxRegister.java:unregister(73)) - Successfully un-registered JMX Bean with object name Ratis:service=RaftServer,group=group-2A7BF07B114C,id=d600485d-b91b-41d8-8672-c913e6695d89
2023-08-28 09:33:28,525 [d600485d-b91b-41d8-8672-c913e6695d89-impl-thread4] INFO  impl.RoleInfo (RoleInfo.java:shutdownFollowerState(110)) - d600485d-b91b-41d8-8672-c913e6695d89: shutdown d600485d-b91b-41d8-8672-c913e6695d89@group-2A7BF07B114C-FollowerState
2023-08-28 09:33:28,524 [d600485d-b91b-41d8-8672-c913e6695d89-impl-thread3] INFO  util.JmxRegister (JmxRegister.java:unregister(73)) - Successfully un-registered JMX Bean with object name Ratis:service=RaftServer,group=group-1C1955EFBC5B,id=d600485d-b91b-41d8-8672-c913e6695d89
2023-08-28 09:33:28,526 [d600485d-b91b-41d8-8672-c913e6695d89-impl-thread3] INFO  impl.RoleInfo (RoleInfo.java:shutdownLeaderState(93)) - d600485d-b91b-41d8-8672-c913e6695d89: shutdown d600485d-b91b-41d8-8672-c913e6695d89@group-1C1955EFBC5B-LeaderStateImpl
2023-08-28 09:33:28,526 [d600485d-b91b-41d8-8672-c913e6695d89-impl-thread3] INFO  impl.PendingRequests (PendingRequests.java:sendNotLeaderResponses(289)) - d600485d-b91b-41d8-8672-c913e6695d89@group-1C1955EFBC5B-PendingRequests: sendNotLeaderResponses
2023-08-28 09:33:28,526 [d600485d-b91b-41d8-8672-c913e6695d89-impl-thread2] INFO  impl.StateMachineUpdater (StateMachineUpdater.java:stopAndJoin(155)) - d600485d-b91b-41d8-8672-c913e6695d89@group-CA876597277A-StateMachineUpdater: set stopIndex = 24
2023-08-28 09:33:28,526 [d600485d-b91b-41d8-8672-c913e6695d89@group-CA876597277A-FollowerState] INFO  impl.FollowerState (FollowerState.java:run(152)) - d600485d-b91b-41d8-8672-c913e6695d89@group-CA876597277A-FollowerState was interrupted
2023-08-28 09:33:28,529 [main] INFO  ozoneimpl.OzoneContainer (OzoneContainer.java:stop(451)) - Attempting to stop container services.
2023-08-28 09:33:28,529 [d600485d-b91b-41d8-8672-c913e6695d89@group-CA876597277A-StateMachineUpdater] INFO  ratis.ContainerStateMachine (ContainerStateMachine.java:takeSnapshot(330)) - group-CA876597277A: Taking a snapshot at:(t:1, i:24) file /home/runner/work/ozone/ozone/hadoop-ozone/integration-test/target/test-dir/MiniOzoneClusterImpl-67722190-891d-4afa-8cef-415625a2914e/datanode-1/data/ratis/2ba54fe9-2a0f-4ffc-bd67-ca876597277a/sm/snapshot.1_24
2023-08-28 09:33:28,530 [d600485d-b91b-41d8-8672-c913e6695d89@group-1C1955EFBC5B-StateMachineUpdater] INFO  ratis.ContainerStateMachine (ContainerStateMachine.java:takeSnapshot(330)) - group-1C1955EFBC5B: Taking a snapshot at:(t:1, i:0) file /home/runner/work/ozone/ozone/hadoop-ozone/integration-test/target/test-dir/MiniOzoneClusterImpl-67722190-891d-4afa-8cef-415625a2914e/datanode-1/data/ratis/04a48b31-a7ac-4e92-aaa3-1c1955efbc5b/sm/snapshot.1_0
2023-08-28 09:33:28,529 [d600485d-b91b-41d8-8672-c913e6695d89@group-2A7BF07B114C-StateMachineUpdater] INFO  ratis.ContainerStateMachine (ContainerStateMachine.java:takeSnapshot(330)) - group-2A7BF07B114C: Taking a snapshot at:(t:1, i:8) file /home/runner/work/ozone/ozone/hadoop-ozone/integration-test/target/test-dir/MiniOzoneClusterImpl-67722190-891d-4afa-8cef-415625a2914e/datanode-1/data/ratis/d6801b57-a17d-4c13-a6e9-2a7bf07b114c/sm/snapshot.1_8
2023-08-28 09:33:28,529 [Thread-1029] INFO  server.GrpcServerProtocolClient (GrpcServerProtocolClient.java:close(103)) - 454ab8f7-ff05-436e-934f-07f2970d48f1 Close channels
2023-08-28 09:33:28,529 [Thread-1028] INFO  server.GrpcServerProtocolClient (GrpcServerProtocolClient.java:close(103)) - 8f24c139-1988-4882-b4c4-ff44179a1ed0 Close channels
2023-08-28 09:33:28,529 [d600485d-b91b-41d8-8672-c913e6695d89@group-2A7BF07B114C-FollowerState] INFO  impl.FollowerState (FollowerState.java:run(152)) - d600485d-b91b-41d8-8672-c913e6695d89@group-2A7BF07B114C-FollowerState was interrupted
2023-08-28 09:33:28,528 [d600485d-b91b-41d8-8672-c913e6695d89-impl-thread4] INFO  impl.StateMachineUpdater (StateMachineUpdater.java:stopAndJoin(155)) - d600485d-b91b-41d8-8672-c913e6695d89@group-2A7BF07B114C-StateMachineUpdater: set stopIndex = 8
2023-08-28 09:33:28,532 [d600485d-b91b-41d8-8672-c913e6695d89@group-1C1955EFBC5B-StateMachineUpdater] INFO  ratis.ContainerStateMachine (ContainerStateMachine.java:takeSnapshot(341)) - group-1C1955EFBC5B: Finished taking a snapshot at:(t:1, i:0) file:/home/runner/work/ozone/ozone/hadoop-ozone/integration-test/target/test-dir/MiniOzoneClusterImpl-67722190-891d-4afa-8cef-415625a2914e/datanode-1/data/ratis/04a48b31-a7ac-4e92-aaa3-1c1955efbc5b/sm/snapshot.1_0 took: 2 ms
2023-08-28 09:33:28,533 [d600485d-b91b-41d8-8672-c913e6695d89@group-CA876597277A-StateMachineUpdater] INFO  ratis.ContainerStateMachine (ContainerStateMachine.java:takeSnapshot(341)) - group-CA876597277A: Finished taking a snapshot at:(t:1, i:24) file:/home/runner/work/ozone/ozone/hadoop-ozone/integration-test/target/test-dir/MiniOzoneClusterImpl-67722190-891d-4afa-8cef-415625a2914e/datanode-1/data/ratis/2ba54fe9-2a0f-4ffc-bd67-ca876597277a/sm/snapshot.1_24 took: 3 ms
2023-08-28 09:33:28,531 [main] INFO  server.RaftServer (RaftServerProxy.java:lambda$close$6(416)) - 454ab8f7-ff05-436e-934f-07f2970d48f1: close
2023-08-28 09:33:28,533 [d600485d-b91b-41d8-8672-c913e6695d89@group-1C1955EFBC5B-StateMachineUpdater] INFO  impl.StateMachineUpdater (StateMachineUpdater.java:takeSnapshot(291)) - d600485d-b91b-41d8-8672-c913e6695d89@group-1C1955EFBC5B-StateMachineUpdater: Took a snapshot at index 0
2023-08-28 09:33:28,533 [d600485d-b91b-41d8-8672-c913e6695d89@group-1C1955EFBC5B-StateMachineUpdater] INFO  impl.StateMachineUpdater (StateMachineUpdater.java:lambda$new$0(97)) - d600485d-b91b-41d8-8672-c913e6695d89@group-1C1955EFBC5B-StateMachineUpdater: snapshotIndex: updateIncreasingly -1 -> 0
2023-08-28 09:33:28,533 [d600485d-b91b-41d8-8672-c913e6695d89@group-2A7BF07B114C-StateMachineUpdater] INFO  ratis.ContainerStateMachine (ContainerStateMachine.java:takeSnapshot(341)) - group-2A7BF07B114C: Finished taking a snapshot at:(t:1, i:8) file:/home/runner/work/ozone/ozone/hadoop-ozone/integration-test/target/test-dir/MiniOzoneClusterImpl-67722190-891d-4afa-8cef-415625a2914e/datanode-1/data/ratis/d6801b57-a17d-4c13-a6e9-2a7bf07b114c/sm/snapshot.1_8 took: 5 ms
2023-08-28 09:33:28,534 [d600485d-b91b-41d8-8672-c913e6695d89@group-2A7BF07B114C-StateMachineUpdater] INFO  impl.StateMachineUpdater (StateMachineUpdater.java:takeSnapshot(291)) - d600485d-b91b-41d8-8672-c913e6695d89@group-2A7BF07B114C-StateMachineUpdater: Took a snapshot at index 8
2023-08-28 09:33:28,534 [d600485d-b91b-41d8-8672-c913e6695d89@group-2A7BF07B114C-StateMachineUpdater] INFO  impl.StateMachineUpdater (StateMachineUpdater.java:lambda$new$0(97)) - d600485d-b91b-41d8-8672-c913e6695d89@group-2A7BF07B114C-StateMachineUpdater: snapshotIndex: updateIncreasingly -1 -> 8
2023-08-28 09:33:28,534 [d600485d-b91b-41d8-8672-c913e6695d89-impl-thread4] INFO  server.RaftServer$Division (ServerState.java:close(472)) - d600485d-b91b-41d8-8672-c913e6695d89@group-2A7BF07B114C: closes. applyIndex: 8
2023-08-28 09:33:28,534 [d600485d-b91b-41d8-8672-c913e6695d89@group-CA876597277A-StateMachineUpdater] INFO  impl.StateMachineUpdater (StateMachineUpdater.java:takeSnapshot(291)) - d600485d-b91b-41d8-8672-c913e6695d89@group-CA876597277A-StateMachineUpdater: Took a snapshot at index 24
2023-08-28 09:33:28,534 [d600485d-b91b-41d8-8672-c913e6695d89@group-CA876597277A-StateMachineUpdater] INFO  impl.StateMachineUpdater (StateMachineUpdater.java:lambda$new$0(97)) - d600485d-b91b-41d8-8672-c913e6695d89@group-CA876597277A-StateMachineUpdater: snapshotIndex: updateIncreasingly -1 -> 24
2023-08-28 09:33:28,530 [d600485d-b91b-41d8-8672-c913e6695d89-impl-thread3] INFO  impl.StateMachineUpdater (StateMachineUpdater.java:stopAndJoin(155)) - d600485d-b91b-41d8-8672-c913e6695d89@group-1C1955EFBC5B-StateMachineUpdater: set stopIndex = 0
2023-08-28 09:33:28,535 [d600485d-b91b-41d8-8672-c913e6695d89-impl-thread3] INFO  server.RaftServer$Division (ServerState.java:close(472)) - d600485d-b91b-41d8-8672-c913e6695d89@group-1C1955EFBC5B: closes. applyIndex: 0
2023-08-28 09:33:28,535 [454ab8f7-ff05-436e-934f-07f2970d48f1-impl-thread2] INFO  server.RaftServer$Division (RaftServerImpl.java:lambda$close$4(466)) - 454ab8f7-ff05-436e-934f-07f2970d48f1@group-05A9F76B2B28: shutdown
2023-08-28 09:33:28,535 [454ab8f7-ff05-436e-934f-07f2970d48f1-impl-thread2] INFO  util.JmxRegister (JmxRegister.java:unregister(73)) - Successfully un-registered JMX Bean with object name Ratis:service=RaftServer,group=group-05A9F76B2B28,id=454ab8f7-ff05-436e-934f-07f2970d48f1
2023-08-28 09:33:28,535 [454ab8f7-ff05-436e-934f-07f2970d48f1-impl-thread2] INFO  impl.RoleInfo (RoleInfo.java:shutdownLeaderState(93)) - 454ab8f7-ff05-436e-934f-07f2970d48f1: shutdown 454ab8f7-ff05-436e-934f-07f2970d48f1@group-05A9F76B2B28-LeaderStateImpl
2023-08-28 09:33:28,535 [454ab8f7-ff05-436e-934f-07f2970d48f1-impl-thread2] INFO  impl.PendingRequests (PendingRequests.java:sendNotLeaderResponses(289)) - 454ab8f7-ff05-436e-934f-07f2970d48f1@group-05A9F76B2B28-PendingRequests: sendNotLeaderResponses
2023-08-28 09:33:28,535 [454ab8f7-ff05-436e-934f-07f2970d48f1-impl-thread2] INFO  impl.StateMachineUpdater (StateMachineUpdater.java:stopAndJoin(155)) - 454ab8f7-ff05-436e-934f-07f2970d48f1@group-05A9F76B2B28-StateMachineUpdater: set stopIndex = 0
2023-08-28 09:33:28,535 [454ab8f7-ff05-436e-934f-07f2970d48f1@group-05A9F76B2B28-StateMachineUpdater] INFO  ratis.ContainerStateMachine (ContainerStateMachine.java:takeSnapshot(330)) - group-05A9F76B2B28: Taking a snapshot at:(t:1, i:0) file /home/runner/work/ozone/ozone/hadoop-ozone/integration-test/target/test-dir/MiniOzoneClusterImpl-67722190-891d-4afa-8cef-415625a2914e/datanode-2/data/ratis/d628fb7c-c4cc-444b-8fc9-05a9f76b2b28/sm/snapshot.1_0
2023-08-28 09:33:28,536 [454ab8f7-ff05-436e-934f-07f2970d48f1-impl-thread3] INFO  server.RaftServer$Division (RaftServerImpl.java:lambda$close$4(466)) - 454ab8f7-ff05-436e-934f-07f2970d48f1@group-CA876597277A: shutdown
2023-08-28 09:33:28,536 [454ab8f7-ff05-436e-934f-07f2970d48f1-impl-thread3] INFO  util.JmxRegister (JmxRegister.java:unregister(73)) - Successfully un-registered JMX Bean with object name Ratis:service=RaftServer,group=group-CA876597277A,id=454ab8f7-ff05-436e-934f-07f2970d48f1
2023-08-28 09:33:28,536 [454ab8f7-ff05-436e-934f-07f2970d48f1-impl-thread3] INFO  impl.RoleInfo (RoleInfo.java:shutdownLeaderState(93)) - 454ab8f7-ff05-436e-934f-07f2970d48f1: shutdown 454ab8f7-ff05-436e-934f-07f2970d48f1@group-CA876597277A-LeaderStateImpl
2023-08-28 09:33:28,536 [454ab8f7-ff05-436e-934f-07f2970d48f1@group-05A9F76B2B28-StateMachineUpdater] INFO  ratis.ContainerStateMachine (ContainerStateMachine.java:takeSnapshot(341)) - group-05A9F76B2B28: Finished taking a snapshot at:(t:1, i:0) file:/home/runner/work/ozone/ozone/hadoop-ozone/integration-test/target/test-dir/MiniOzoneClusterImpl-67722190-891d-4afa-8cef-415625a2914e/datanode-2/data/ratis/d628fb7c-c4cc-444b-8fc9-05a9f76b2b28/sm/snapshot.1_0 took: 1 ms
2023-08-28 09:33:28,536 [454ab8f7-ff05-436e-934f-07f2970d48f1@group-05A9F76B2B28-StateMachineUpdater] INFO  impl.StateMachineUpdater (StateMachineUpdater.java:takeSnapshot(291)) - 454ab8f7-ff05-436e-934f-07f2970d48f1@group-05A9F76B2B28-StateMachineUpdater: Took a snapshot at index 0
2023-08-28 09:33:28,536 [454ab8f7-ff05-436e-934f-07f2970d48f1@group-05A9F76B2B28-StateMachineUpdater] INFO  impl.StateMachineUpdater (StateMachineUpdater.java:lambda$new$0(97)) - 454ab8f7-ff05-436e-934f-07f2970d48f1@group-05A9F76B2B28-StateMachineUpdater: snapshotIndex: updateIncreasingly -1 -> 0
2023-08-28 09:33:28,536 [454ab8f7-ff05-436e-934f-07f2970d48f1-impl-thread2] INFO  server.RaftServer$Division (ServerState.java:close(472)) - 454ab8f7-ff05-436e-934f-07f2970d48f1@group-05A9F76B2B28: closes. applyIndex: 0
2023-08-28 09:33:28,542 [main] INFO  server.GrpcService (GrpcService.java:closeImpl(311)) - 454ab8f7-ff05-436e-934f-07f2970d48f1: shutdown server org.apache.ratis.grpc.server.GrpcClientProtocolService now
2023-08-28 09:33:28,542 [454ab8f7-ff05-436e-934f-07f2970d48f1-impl-thread4] INFO  server.RaftServer$Division (RaftServerImpl.java:lambda$close$4(466)) - 454ab8f7-ff05-436e-934f-07f2970d48f1@group-2A7BF07B114C: shutdown
2023-08-28 09:33:28,542 [454ab8f7-ff05-436e-934f-07f2970d48f1-impl-thread4] INFO  util.JmxRegister (JmxRegister.java:unregister(73)) - Successfully un-registered JMX Bean with object name Ratis:service=RaftServer,group=group-2A7BF07B114C,id=454ab8f7-ff05-436e-934f-07f2970d48f1
2023-08-28 09:33:28,542 [454ab8f7-ff05-436e-934f-07f2970d48f1-impl-thread4] INFO  impl.RoleInfo (RoleInfo.java:shutdownFollowerState(110)) - 454ab8f7-ff05-436e-934f-07f2970d48f1: shutdown 454ab8f7-ff05-436e-934f-07f2970d48f1@group-2A7BF07B114C-FollowerState
2023-08-28 09:33:28,543 [454ab8f7-ff05-436e-934f-07f2970d48f1@group-2A7BF07B114C-FollowerState] INFO  impl.FollowerState (FollowerState.java:run(152)) - 454ab8f7-ff05-436e-934f-07f2970d48f1@group-2A7BF07B114C-FollowerState was interrupted
2023-08-28 09:33:28,543 [454ab8f7-ff05-436e-934f-07f2970d48f1-impl-thread4] INFO  impl.StateMachineUpdater (StateMachineUpdater.java:stopAndJoin(155)) - 454ab8f7-ff05-436e-934f-07f2970d48f1@group-2A7BF07B114C-StateMachineUpdater: set stopIndex = 8
2023-08-28 09:33:28,545 [grpc-default-executor-4] WARN  server.GrpcClientProtocolService (LogUtils.java:warn(122)) - 1-OrderedRequestStreamObserver1: onError: org.apache.ratis.thirdparty.io.grpc.StatusRuntimeException: CANCELLED: client cancelled
2023-08-28 09:33:28,545 [grpc-default-executor-0] WARN  server.GrpcClientProtocolService (LogUtils.java:warn(122)) - 2-UnorderedRequestStreamObserver2: onError: org.apache.ratis.thirdparty.io.grpc.StatusRuntimeException: CANCELLED: client cancelled
2023-08-28 09:33:28,545 [ForkJoinPool.commonPool-worker-2] INFO  server.GrpcService (GrpcService.java:closeImpl(320)) - d600485d-b91b-41d8-8672-c913e6695d89: shutdown server org.apache.ratis.grpc.server.GrpcClientProtocolService successfully
2023-08-28 09:33:28,545 [ForkJoinPool.commonPool-worker-2] INFO  server.GrpcService (GrpcService.java:closeImpl(311)) - d600485d-b91b-41d8-8672-c913e6695d89: shutdown server GrpcServerProtocolService now
2023-08-28 09:33:28,546 [d600485d-b91b-41d8-8672-c913e6695d89-impl-thread2] INFO  server.RaftServer$Division (ServerState.java:close(472)) - d600485d-b91b-41d8-8672-c913e6695d89@group-CA876597277A: closes. applyIndex: 24
2023-08-28 09:33:28,547 [454ab8f7-ff05-436e-934f-07f2970d48f1@group-CA876597277A->8f24c139-1988-4882-b4c4-ff44179a1ed0-GrpcLogAppender-LogAppenderDaemon] WARN  server.GrpcLogAppender (GrpcLogAppender.java:mayWait(199)) - 454ab8f7-ff05-436e-934f-07f2970d48f1@group-CA876597277A->8f24c139-1988-4882-b4c4-ff44179a1ed0-GrpcLogAppender: Wait interrupted by java.lang.InterruptedException
2023-08-28 09:33:28,547 [454ab8f7-ff05-436e-934f-07f2970d48f1@group-CA876597277A->d600485d-b91b-41d8-8672-c913e6695d89-GrpcLogAppender-LogAppenderDaemon] WARN  server.GrpcLogAppender (GrpcLogAppender.java:mayWait(199)) - 454ab8f7-ff05-436e-934f-07f2970d48f1@group-CA876597277A->d600485d-b91b-41d8-8672-c913e6695d89-GrpcLogAppender: Wait interrupted by java.lang.InterruptedException
2023-08-28 09:33:28,548 [454ab8f7-ff05-436e-934f-07f2970d48f1@group-2A7BF07B114C-StateMachineUpdater] INFO  ratis.ContainerStateMachine (ContainerStateMachine.java:takeSnapshot(330)) - group-2A7BF07B114C: Taking a snapshot at:(t:1, i:8) file /home/runner/work/ozone/ozone/hadoop-ozone/integration-test/target/test-dir/MiniOzoneClusterImpl-67722190-891d-4afa-8cef-415625a2914e/datanode-2/data/ratis/d6801b57-a17d-4c13-a6e9-2a7bf07b114c/sm/snapshot.1_8
2023-08-28 09:33:28,548 [grpc-default-executor-5] INFO  server.GrpcServerProtocolService (GrpcServerProtocolService.java:onCompleted(155)) - d600485d-b91b-41d8-8672-c913e6695d89: Completed APPEND_ENTRIES, lastRequest: null
2023-08-28 09:33:28,548 [grpc-default-executor-0] INFO  server.GrpcServerProtocolService (GrpcServerProtocolService.java:onCompleted(155)) - 8f24c139-1988-4882-b4c4-ff44179a1ed0: Completed APPEND_ENTRIES, lastRequest: 454ab8f7-ff05-436e-934f-07f2970d48f1->8f24c139-1988-4882-b4c4-ff44179a1ed0#50-t1,previous=(t:1, i:24),leaderCommit=24,initializing? true,entries: size=1, first=(t:1, i:25), METADATAENTRY(c:24)
2023-08-28 09:33:28,548 [grpc-default-executor-0] INFO  server.GrpcServerProtocolService (GrpcServerProtocolService.java:lambda$onCompleted$5(157)) - 8f24c139-1988-4882-b4c4-ff44179a1ed0: Completed APPEND_ENTRIES, lastReply: null
2023-08-28 09:33:28,549 [grpc-default-executor-2] INFO  server.GrpcServerProtocolService (GrpcServerProtocolService.java:onCompleted(155)) - d600485d-b91b-41d8-8672-c913e6695d89: Completed APPEND_ENTRIES, lastRequest: 454ab8f7-ff05-436e-934f-07f2970d48f1->d600485d-b91b-41d8-8672-c913e6695d89#48-t1,previous=(t:1, i:24),leaderCommit=24,initializing? true,entries: size=1, first=(t:1, i:25), METADATAENTRY(c:24)
2023-08-28 09:33:28,549 [grpc-default-executor-2] INFO  server.GrpcServerProtocolService (GrpcServerProtocolService.java:lambda$onCompleted$5(157)) - d600485d-b91b-41d8-8672-c913e6695d89: Completed APPEND_ENTRIES, lastReply: null
2023-08-28 09:33:28,549 [454ab8f7-ff05-436e-934f-07f2970d48f1@group-2A7BF07B114C-StateMachineUpdater] INFO  ratis.ContainerStateMachine (ContainerStateMachine.java:takeSnapshot(341)) - group-2A7BF07B114C: Finished taking a snapshot at:(t:1, i:8) file:/home/runner/work/ozone/ozone/hadoop-ozone/integration-test/target/test-dir/MiniOzoneClusterImpl-67722190-891d-4afa-8cef-415625a2914e/datanode-2/data/ratis/d6801b57-a17d-4c13-a6e9-2a7bf07b114c/sm/snapshot.1_8 took: 1 ms
2023-08-28 09:33:28,547 [454ab8f7-ff05-436e-934f-07f2970d48f1-impl-thread3] INFO  impl.PendingRequests (PendingRequests.java:sendNotLeaderResponses(289)) - 454ab8f7-ff05-436e-934f-07f2970d48f1@group-CA876597277A-PendingRequests: sendNotLeaderResponses
2023-08-28 09:33:28,549 [454ab8f7-ff05-436e-934f-07f2970d48f1@group-2A7BF07B114C-StateMachineUpdater] INFO  impl.StateMachineUpdater (StateMachineUpdater.java:takeSnapshot(291)) - 454ab8f7-ff05-436e-934f-07f2970d48f1@group-2A7BF07B114C-StateMachineUpdater: Took a snapshot at index 8
2023-08-28 09:33:28,549 [454ab8f7-ff05-436e-934f-07f2970d48f1@group-2A7BF07B114C-StateMachineUpdater] INFO  impl.StateMachineUpdater (StateMachineUpdater.java:lambda$new$0(97)) - 454ab8f7-ff05-436e-934f-07f2970d48f1@group-2A7BF07B114C-StateMachineUpdater: snapshotIndex: updateIncreasingly -1 -> 8
2023-08-28 09:33:28,549 [grpc-default-executor-3] INFO  server.GrpcLogAppender (GrpcLogAppender.java:onCompleted(428)) - 454ab8f7-ff05-436e-934f-07f2970d48f1@group-CA876597277A->d600485d-b91b-41d8-8672-c913e6695d89-AppendLogResponseHandler: follower responses appendEntries COMPLETED
2023-08-28 09:33:28,549 [grpc-default-executor-2] INFO  server.GrpcLogAppender (GrpcLogAppender.java:onCompleted(428)) - 454ab8f7-ff05-436e-934f-07f2970d48f1@group-CA876597277A->8f24c139-1988-4882-b4c4-ff44179a1ed0-AppendLogResponseHandler: follower responses appendEntries COMPLETED
2023-08-28 09:33:28,550 [grpc-default-executor-0] INFO  server.GrpcServerProtocolService (GrpcServerProtocolService.java:onCompleted(155)) - 8f24c139-1988-4882-b4c4-ff44179a1ed0: Completed APPEND_ENTRIES, lastRequest: null
2023-08-28 09:33:28,550 [grpc-default-executor-0] INFO  server.GrpcServerProtocolService (GrpcServerProtocolService.java:lambda$onCompleted$5(157)) - 8f24c139-1988-4882-b4c4-ff44179a1ed0: Completed APPEND_ENTRIES, lastReply: serverReply {
  requestorId: "454ab8f7-ff05-436e-934f-07f2970d48f1"
  replyId: "8f24c139-1988-4882-b4c4-ff44179a1ed0"
  raftGroupId {
    id: "+\245O\351*\017O\374\275g\312\207e\227\'z"
  }
  callId: 47
  success: true
}
term: 1
nextIndex: 23
followerCommit: 22
matchIndex: 18446744073709551615
isHearbeat: true

2023-08-28 09:33:28,550 [grpc-default-executor-5] INFO  server.GrpcServerProtocolService (GrpcServerProtocolService.java:lambda$onCompleted$5(157)) - d600485d-b91b-41d8-8672-c913e6695d89: Completed APPEND_ENTRIES, lastReply: serverReply {
  requestorId: "454ab8f7-ff05-436e-934f-07f2970d48f1"
  replyId: "d600485d-b91b-41d8-8672-c913e6695d89"
  raftGroupId {
    id: "+\245O\351*\017O\374\275g\312\207e\227\'z"
  }
  callId: 45
  success: true
}
term: 1
nextIndex: 23
followerCommit: 22
matchIndex: 18446744073709551615
isHearbeat: true

2023-08-28 09:33:28,552 [grpc-default-executor-3] INFO  leader.FollowerInfo (FollowerInfoImpl.java:lambda$new$0(52)) - 454ab8f7-ff05-436e-934f-07f2970d48f1@group-CA876597277A->d600485d-b91b-41d8-8672-c913e6695d89: decreaseNextIndex nextIndex: updateUnconditionally 26 -> 25
2023-08-28 09:33:28,560 [454ab8f7-ff05-436e-934f-07f2970d48f1-impl-thread4] INFO  server.RaftServer$Division (ServerState.java:close(472)) - 454ab8f7-ff05-436e-934f-07f2970d48f1@group-2A7BF07B114C: closes. applyIndex: 8
2023-08-28 09:33:28,568 [Thread-1033] INFO  server.GrpcServerProtocolClient (GrpcServerProtocolClient.java:close(103)) - d600485d-b91b-41d8-8672-c913e6695d89 Close channels
2023-08-28 09:33:28,552 [grpc-default-executor-2] INFO  leader.FollowerInfo (FollowerInfoImpl.java:lambda$new$0(52)) - 454ab8f7-ff05-436e-934f-07f2970d48f1@group-CA876597277A->8f24c139-1988-4882-b4c4-ff44179a1ed0: decreaseNextIndex nextIndex: updateUnconditionally 26 -> 25
2023-08-28 09:33:28,568 [grpc-default-executor-4] INFO  server.GrpcLogAppender (GrpcLogAppender.java:onCompleted(428)) - 454ab8f7-ff05-436e-934f-07f2970d48f1@group-CA876597277A->d600485d-b91b-41d8-8672-c913e6695d89-AppendLogResponseHandler: follower responses appendEntries COMPLETED
2023-08-28 09:33:28,569 [grpc-default-executor-4] WARN  server.GrpcLogAppender (GrpcLogAppender.java:resetClient(137)) - 454ab8f7-ff05-436e-934f-07f2970d48f1@group-CA876597277A->d600485d-b91b-41d8-8672-c913e6695d89-GrpcLogAppender: Failed to getClient for d600485d-b91b-41d8-8672-c913e6695d89
org.apache.ratis.protocol.exceptions.AlreadyClosedException: 454ab8f7-ff05-436e-934f-07f2970d48f1 is already CLOSED
	at org.apache.ratis.util.PeerProxyMap$PeerAndProxy.getProxy(PeerProxyMap.java:61)
	at org.apache.ratis.util.PeerProxyMap.getProxy(PeerProxyMap.java:115)
	at org.apache.ratis.grpc.server.GrpcLogAppender.getClient(GrpcLogAppender.java:112)
	at org.apache.ratis.grpc.server.GrpcLogAppender.resetClient(GrpcLogAppender.java:117)
	at org.apache.ratis.grpc.server.GrpcLogAppender.access$500(GrpcLogAppender.java:56)
	at org.apache.ratis.grpc.server.GrpcLogAppender$AppendLogResponseHandler.onCompleted(GrpcLogAppender.java:429)
	at org.apache.ratis.thirdparty.io.grpc.stub.ClientCalls$StreamObserverToCallListenerAdapter.onClose(ClientCalls.java:485)
	at org.apache.ratis.thirdparty.io.grpc.internal.DelayedClientCall$DelayedListener$3.run(DelayedClientCall.java:471)
	at org.apache.ratis.thirdparty.io.grpc.internal.DelayedClientCall$DelayedListener.delayOrExecute(DelayedClientCall.java:435)
	at org.apache.ratis.thirdparty.io.grpc.internal.DelayedClientCall$DelayedListener.onClose(DelayedClientCall.java:468)
	at org.apache.ratis.thirdparty.io.grpc.internal.ClientCallImpl.closeObserver(ClientCallImpl.java:563)
	at org.apache.ratis.thirdparty.io.grpc.internal.ClientCallImpl.access$300(ClientCallImpl.java:70)
	at org.apache.ratis.thirdparty.io.grpc.internal.ClientCallImpl$ClientStreamListenerImpl$1StreamClosed.runInternal(ClientCallImpl.java:744)
	at org.apache.ratis.thirdparty.io.grpc.internal.ClientCallImpl$ClientStreamListenerImpl$1StreamClosed.runInContext(ClientCallImpl.java:723)
	at org.apache.ratis.thirdparty.io.grpc.internal.ContextRunnable.run(ContextRunnable.java:37)
	at org.apache.ratis.thirdparty.io.grpc.internal.SerializingExecutor.run(SerializingExecutor.java:133)
	at java.util.concurrent.ThreadPoolExecutor.runWorker(ThreadPoolExecutor.java:1149)
	at java.util.concurrent.ThreadPoolExecutor$Worker.run(ThreadPoolExecutor.java:624)
	at java.lang.Thread.run(Thread.java:750)
2023-08-28 09:33:28,569 [Thread-1034] INFO  server.GrpcServerProtocolClient (GrpcServerProtocolClient.java:close(103)) - 8f24c139-1988-4882-b4c4-ff44179a1ed0 Close channels
2023-08-28 09:33:28,570 [grpc-default-executor-4] WARN  server.GrpcServerProtocolService (LogUtils.java:warn(122)) - d600485d-b91b-41d8-8672-c913e6695d89: APPEND_ENTRIES onError, lastRequest: 8f24c139-1988-4882-b4c4-ff44179a1ed0->d600485d-b91b-41d8-8672-c913e6695d89#12-t1,previous=(t:1, i:7),leaderCommit=7,initializing? true,entries: size=1, first=(t:1, i:8), METADATAENTRY(c:6): org.apache.ratis.thirdparty.io.grpc.StatusRuntimeException: CANCELLED: client cancelled
2023-08-28 09:33:28,570 [grpc-default-executor-6] INFO  server.GrpcLogAppender (GrpcLogAppender.java:onCompleted(428)) - 454ab8f7-ff05-436e-934f-07f2970d48f1@group-CA876597277A->8f24c139-1988-4882-b4c4-ff44179a1ed0-AppendLogResponseHandler: follower responses appendEntries COMPLETED
2023-08-28 09:33:28,570 [grpc-default-executor-6] WARN  server.GrpcLogAppender (GrpcLogAppender.java:resetClient(137)) - 454ab8f7-ff05-436e-934f-07f2970d48f1@group-CA876597277A->8f24c139-1988-4882-b4c4-ff44179a1ed0-GrpcLogAppender: Failed to getClient for 8f24c139-1988-4882-b4c4-ff44179a1ed0
org.apache.ratis.protocol.exceptions.AlreadyClosedException: 454ab8f7-ff05-436e-934f-07f2970d48f1 is already CLOSED
	at org.apache.ratis.util.PeerProxyMap$PeerAndProxy.getProxy(PeerProxyMap.java:61)
	at org.apache.ratis.util.PeerProxyMap.getProxy(PeerProxyMap.java:115)
	at org.apache.ratis.grpc.server.GrpcLogAppender.getClient(GrpcLogAppender.java:112)
	at org.apache.ratis.grpc.server.GrpcLogAppender.resetClient(GrpcLogAppender.java:117)
	at org.apache.ratis.grpc.server.GrpcLogAppender.access$500(GrpcLogAppender.java:56)
	at org.apache.ratis.grpc.server.GrpcLogAppender$AppendLogResponseHandler.onCompleted(GrpcLogAppender.java:429)
	at org.apache.ratis.thirdparty.io.grpc.stub.ClientCalls$StreamObserverToCallListenerAdapter.onClose(ClientCalls.java:485)
	at org.apache.ratis.thirdparty.io.grpc.internal.DelayedClientCall$DelayedListener$3.run(DelayedClientCall.java:471)
	at org.apache.ratis.thirdparty.io.grpc.internal.DelayedClientCall$DelayedListener.delayOrExecute(DelayedClientCall.java:435)
	at org.apache.ratis.thirdparty.io.grpc.internal.DelayedClientCall$DelayedListener.onClose(DelayedClientCall.java:468)
	at org.apache.ratis.thirdparty.io.grpc.internal.ClientCallImpl.closeObserver(ClientCallImpl.java:563)
	at org.apache.ratis.thirdparty.io.grpc.internal.ClientCallImpl.access$300(ClientCallImpl.java:70)
	at org.apache.ratis.thirdparty.io.grpc.internal.ClientCallImpl$ClientStreamListenerImpl$1StreamClosed.runInternal(ClientCallImpl.java:744)
	at org.apache.ratis.thirdparty.io.grpc.internal.ClientCallImpl$ClientStreamListenerImpl$1StreamClosed.runInContext(ClientCallImpl.java:723)
	at org.apache.ratis.thirdparty.io.grpc.internal.ContextRunnable.run(ContextRunnable.java:37)
	at org.apache.ratis.thirdparty.io.grpc.internal.SerializingExecutor.run(SerializingExecutor.java:133)
	at java.util.concurrent.ThreadPoolExecutor.runWorker(ThreadPoolExecutor.java:1149)
	at java.util.concurrent.ThreadPoolExecutor$Worker.run(ThreadPoolExecutor.java:624)
	at java.lang.Thread.run(Thread.java:750)
2023-08-28 09:33:28,576 [main] INFO  server.GrpcService (GrpcService.java:closeImpl(320)) - 454ab8f7-ff05-436e-934f-07f2970d48f1: shutdown server org.apache.ratis.grpc.server.GrpcClientProtocolService successfully
2023-08-28 09:33:28,576 [grpc-default-executor-2] WARN  server.GrpcLogAppender (LogUtils.java:warn(122)) - 8f24c139-1988-4882-b4c4-ff44179a1ed0@group-2A7BF07B114C->d600485d-b91b-41d8-8672-c913e6695d89-AppendLogResponseHandler: Failed appendEntries: org.apache.ratis.thirdparty.io.grpc.StatusRuntimeException: CANCELLED: RST_STREAM closed stream. HTTP/2 error code: CANCEL
2023-08-28 09:33:28,578 [grpc-default-executor-2] INFO  leader.FollowerInfo (FollowerInfoImpl.java:lambda$new$0(52)) - 8f24c139-1988-4882-b4c4-ff44179a1ed0@group-2A7BF07B114C->d600485d-b91b-41d8-8672-c913e6695d89: decreaseNextIndex nextIndex: updateUnconditionally 9 -> 8
2023-08-28 09:33:28,574 [454ab8f7-ff05-436e-934f-07f2970d48f1@group-CA876597277A-StateMachineUpdater] INFO  ratis.ContainerStateMachine (ContainerStateMachine.java:takeSnapshot(330)) - group-CA876597277A: Taking a snapshot at:(t:1, i:25) file /home/runner/work/ozone/ozone/hadoop-ozone/integration-test/target/test-dir/MiniOzoneClusterImpl-67722190-891d-4afa-8cef-415625a2914e/datanode-2/data/ratis/2ba54fe9-2a0f-4ffc-bd67-ca876597277a/sm/snapshot.1_25
2023-08-28 09:33:28,574 [454ab8f7-ff05-436e-934f-07f2970d48f1-impl-thread3] INFO  impl.StateMachineUpdater (StateMachineUpdater.java:stopAndJoin(155)) - 454ab8f7-ff05-436e-934f-07f2970d48f1@group-CA876597277A-StateMachineUpdater: set stopIndex = 25
2023-08-28 09:33:28,579 [454ab8f7-ff05-436e-934f-07f2970d48f1@group-CA876597277A-StateMachineUpdater] INFO  ratis.ContainerStateMachine (ContainerStateMachine.java:takeSnapshot(341)) - group-CA876597277A: Finished taking a snapshot at:(t:1, i:25) file:/home/runner/work/ozone/ozone/hadoop-ozone/integration-test/target/test-dir/MiniOzoneClusterImpl-67722190-891d-4afa-8cef-415625a2914e/datanode-2/data/ratis/2ba54fe9-2a0f-4ffc-bd67-ca876597277a/sm/snapshot.1_25 took: 5 ms
2023-08-28 09:33:28,579 [454ab8f7-ff05-436e-934f-07f2970d48f1@group-CA876597277A-StateMachineUpdater] INFO  impl.StateMachineUpdater (StateMachineUpdater.java:takeSnapshot(291)) - 454ab8f7-ff05-436e-934f-07f2970d48f1@group-CA876597277A-StateMachineUpdater: Took a snapshot at index 25
2023-08-28 09:33:28,579 [454ab8f7-ff05-436e-934f-07f2970d48f1@group-CA876597277A-StateMachineUpdater] INFO  impl.StateMachineUpdater (StateMachineUpdater.java:lambda$new$0(97)) - 454ab8f7-ff05-436e-934f-07f2970d48f1@group-CA876597277A-StateMachineUpdater: snapshotIndex: updateIncreasingly -1 -> 25
2023-08-28 09:33:28,570 [grpc-default-executor-1] WARN  server.GrpcServerProtocolService (LogUtils.java:warn(122)) - d600485d-b91b-41d8-8672-c913e6695d89: APPEND_ENTRIES onError, lastRequest: null: org.apache.ratis.thirdparty.io.grpc.StatusRuntimeException: CANCELLED: client cancelled
2023-08-28 09:33:28,580 [454ab8f7-ff05-436e-934f-07f2970d48f1-impl-thread3] INFO  server.RaftServer$Division (ServerState.java:close(472)) - 454ab8f7-ff05-436e-934f-07f2970d48f1@group-CA876597277A: closes. applyIndex: 25
2023-08-28 09:33:28,573 [grpc-default-executor-4] WARN  server.GrpcLogAppender (LogUtils.java:warn(122)) - 8f24c139-1988-4882-b4c4-ff44179a1ed0@group-2A7BF07B114C->d600485d-b91b-41d8-8672-c913e6695d89-AppendLogResponseHandler: Failed appendEntries: org.apache.ratis.thirdparty.io.grpc.StatusRuntimeException: CANCELLED: RST_STREAM closed stream. HTTP/2 error code: CANCEL
2023-08-28 09:33:28,583 [grpc-default-executor-4] INFO  leader.FollowerInfo (FollowerInfoImpl.java:lambda$new$0(52)) - 8f24c139-1988-4882-b4c4-ff44179a1ed0@group-2A7BF07B114C->d600485d-b91b-41d8-8672-c913e6695d89: decreaseNextIndex nextIndex: updateUnconditionally 8 -> 7
2023-08-28 09:33:28,573 [ForkJoinPool.commonPool-worker-3] INFO  ozoneimpl.OzoneContainer (OzoneContainer.java:stop(451)) - Attempting to stop container services.
2023-08-28 09:33:28,572 [ForkJoinPool.commonPool-worker-2] INFO  server.GrpcService (GrpcService.java:closeImpl(320)) - d600485d-b91b-41d8-8672-c913e6695d89: shutdown server GrpcServerProtocolService successfully
2023-08-28 09:33:28,584 [ForkJoinPool.commonPool-worker-2] INFO  server.GrpcService (GrpcService.java:closeImpl(311)) - d600485d-b91b-41d8-8672-c913e6695d89: shutdown server org.apache.ratis.grpc.server.GrpcAdminProtocolService now
2023-08-28 09:33:28,578 [main] INFO  server.GrpcService (GrpcService.java:closeImpl(311)) - 454ab8f7-ff05-436e-934f-07f2970d48f1: shutdown server GrpcServerProtocolService now
2023-08-28 09:33:28,585 [ForkJoinPool.commonPool-worker-2] INFO  server.GrpcService (GrpcService.java:closeImpl(320)) - d600485d-b91b-41d8-8672-c913e6695d89: shutdown server org.apache.ratis.grpc.server.GrpcAdminProtocolService successfully
2023-08-28 09:33:28,585 [grpc-default-executor-2] WARN  server.GrpcServerProtocolService (LogUtils.java:warn(122)) - 454ab8f7-ff05-436e-934f-07f2970d48f1: APPEND_ENTRIES onError, lastRequest: null: org.apache.ratis.thirdparty.io.grpc.StatusRuntimeException: CANCELLED: client cancelled
2023-08-28 09:33:28,585 [grpc-default-executor-1] WARN  server.GrpcServerProtocolService (LogUtils.java:warn(122)) - 454ab8f7-ff05-436e-934f-07f2970d48f1: APPEND_ENTRIES onError, lastRequest: 8f24c139-1988-4882-b4c4-ff44179a1ed0->454ab8f7-ff05-436e-934f-07f2970d48f1#13-t1,previous=(t:1, i:7),leaderCommit=7,initializing? true,entries: size=1, first=(t:1, i:8), METADATAENTRY(c:6): org.apache.ratis.thirdparty.io.grpc.StatusRuntimeException: CANCELLED: client cancelled
2023-08-28 09:33:28,585 [d600485d-b91b-41d8-8672-c913e6695d89-NettyServerStreamRpc-bossGroup--thread1] INFO  logging.LoggingHandler (AbstractInternalLogger.java:log(148)) - [id: 0x08e1dab4, L:/0:0:0:0:0:0:0:0:15077] CLOSE
2023-08-28 09:33:28,585 [d600485d-b91b-41d8-8672-c913e6695d89-NettyServerStreamRpc-bossGroup--thread1] INFO  logging.LoggingHandler (AbstractInternalLogger.java:log(148)) - [id: 0x08e1dab4, L:/0:0:0:0:0:0:0:0:15077] INACTIVE
2023-08-28 09:33:28,585 [d600485d-b91b-41d8-8672-c913e6695d89-NettyServerStreamRpc-bossGroup--thread1] INFO  logging.LoggingHandler (AbstractInternalLogger.java:log(148)) - [id: 0x08e1dab4, L:/0:0:0:0:0:0:0:0:15077] UNREGISTERED
2023-08-28 09:33:28,590 [ForkJoinPool.commonPool-worker-3] INFO  server.RaftServer (RaftServerProxy.java:lambda$close$6(416)) - 8f24c139-1988-4882-b4c4-ff44179a1ed0: close
2023-08-28 09:33:28,592 [main] INFO  server.GrpcService (GrpcService.java:closeImpl(320)) - 454ab8f7-ff05-436e-934f-07f2970d48f1: shutdown server GrpcServerProtocolService successfully
2023-08-28 09:33:28,592 [main] INFO  server.GrpcService (GrpcService.java:closeImpl(311)) - 454ab8f7-ff05-436e-934f-07f2970d48f1: shutdown server org.apache.ratis.grpc.server.GrpcAdminProtocolService now
2023-08-28 09:33:28,592 [grpc-default-executor-2] WARN  server.GrpcLogAppender (LogUtils.java:warn(122)) - 8f24c139-1988-4882-b4c4-ff44179a1ed0@group-2A7BF07B114C->454ab8f7-ff05-436e-934f-07f2970d48f1-AppendLogResponseHandler: Failed appendEntries: org.apache.ratis.thirdparty.io.grpc.StatusRuntimeException: CANCELLED: RST_STREAM closed stream. HTTP/2 error code: CANCEL
2023-08-28 09:33:28,592 [grpc-default-executor-2] INFO  leader.FollowerInfo (FollowerInfoImpl.java:lambda$new$0(52)) - 8f24c139-1988-4882-b4c4-ff44179a1ed0@group-2A7BF07B114C->454ab8f7-ff05-436e-934f-07f2970d48f1: decreaseNextIndex nextIndex: updateUnconditionally 9 -> 8
2023-08-28 09:33:28,601 [8f24c139-1988-4882-b4c4-ff44179a1ed0-impl-thread3] INFO  server.RaftServer$Division (RaftServerImpl.java:lambda$close$4(466)) - 8f24c139-1988-4882-b4c4-ff44179a1ed0@group-CA876597277A: shutdown
2023-08-28 09:33:28,601 [8f24c139-1988-4882-b4c4-ff44179a1ed0-impl-thread2] INFO  server.RaftServer$Division (RaftServerImpl.java:lambda$close$4(466)) - 8f24c139-1988-4882-b4c4-ff44179a1ed0@group-B1B3FB8FD58A: shutdown
2023-08-28 09:33:28,602 [8f24c139-1988-4882-b4c4-ff44179a1ed0-impl-thread4] INFO  server.RaftServer$Division (RaftServerImpl.java:lambda$close$4(466)) - 8f24c139-1988-4882-b4c4-ff44179a1ed0@group-2A7BF07B114C: shutdown
2023-08-28 09:33:28,602 [ForkJoinPool.commonPool-worker-3] INFO  server.GrpcService (GrpcService.java:closeImpl(311)) - 8f24c139-1988-4882-b4c4-ff44179a1ed0: shutdown server org.apache.ratis.grpc.server.GrpcClientProtocolService now
2023-08-28 09:33:28,601 [8f24c139-1988-4882-b4c4-ff44179a1ed0-impl-thread3] INFO  util.JmxRegister (JmxRegister.java:unregister(73)) - Successfully un-registered JMX Bean with object name Ratis:service=RaftServer,group=group-CA876597277A,id=8f24c139-1988-4882-b4c4-ff44179a1ed0
2023-08-28 09:33:28,609 [8f24c139-1988-4882-b4c4-ff44179a1ed0-impl-thread3] INFO  impl.RoleInfo (RoleInfo.java:shutdownFollowerState(110)) - 8f24c139-1988-4882-b4c4-ff44179a1ed0: shutdown 8f24c139-1988-4882-b4c4-ff44179a1ed0@group-CA876597277A-FollowerState
2023-08-28 09:33:28,610 [8f24c139-1988-4882-b4c4-ff44179a1ed0-impl-thread3] INFO  impl.StateMachineUpdater (StateMachineUpdater.java:stopAndJoin(155)) - 8f24c139-1988-4882-b4c4-ff44179a1ed0@group-CA876597277A-StateMachineUpdater: set stopIndex = 24
2023-08-28 09:33:28,610 [8f24c139-1988-4882-b4c4-ff44179a1ed0@group-CA876597277A-StateMachineUpdater] INFO  ratis.ContainerStateMachine (ContainerStateMachine.java:takeSnapshot(330)) - group-CA876597277A: Taking a snapshot at:(t:1, i:24) file /home/runner/work/ozone/ozone/hadoop-ozone/integration-test/target/test-dir/MiniOzoneClusterImpl-67722190-891d-4afa-8cef-415625a2914e/datanode-0/data/ratis/2ba54fe9-2a0f-4ffc-bd67-ca876597277a/sm/snapshot.1_24
2023-08-28 09:33:28,609 [8f24c139-1988-4882-b4c4-ff44179a1ed0-impl-thread4] INFO  util.JmxRegister (JmxRegister.java:unregister(73)) - Successfully un-registered JMX Bean with object name Ratis:service=RaftServer,group=group-2A7BF07B114C,id=8f24c139-1988-4882-b4c4-ff44179a1ed0
2023-08-28 09:33:28,610 [8f24c139-1988-4882-b4c4-ff44179a1ed0-impl-thread4] INFO  impl.RoleInfo (RoleInfo.java:shutdownLeaderState(93)) - 8f24c139-1988-4882-b4c4-ff44179a1ed0: shutdown 8f24c139-1988-4882-b4c4-ff44179a1ed0@group-2A7BF07B114C-LeaderStateImpl
2023-08-28 09:33:28,611 [8f24c139-1988-4882-b4c4-ff44179a1ed0@group-2A7BF07B114C->454ab8f7-ff05-436e-934f-07f2970d48f1-GrpcLogAppender-LogAppenderDaemon] WARN  server.GrpcLogAppender (GrpcLogAppender.java:mayWait(199)) - 8f24c139-1988-4882-b4c4-ff44179a1ed0@group-2A7BF07B114C->454ab8f7-ff05-436e-934f-07f2970d48f1-GrpcLogAppender: Wait interrupted by java.lang.InterruptedException
2023-08-28 09:33:28,611 [8f24c139-1988-4882-b4c4-ff44179a1ed0@group-2A7BF07B114C->d600485d-b91b-41d8-8672-c913e6695d89-GrpcLogAppender-LogAppenderDaemon] WARN  server.GrpcLogAppender (GrpcLogAppender.java:mayWait(199)) - 8f24c139-1988-4882-b4c4-ff44179a1ed0@group-2A7BF07B114C->d600485d-b91b-41d8-8672-c913e6695d89-GrpcLogAppender: Wait interrupted by java.lang.InterruptedException
2023-08-28 09:33:28,611 [8f24c139-1988-4882-b4c4-ff44179a1ed0-impl-thread4] INFO  impl.PendingRequests (PendingRequests.java:sendNotLeaderResponses(289)) - 8f24c139-1988-4882-b4c4-ff44179a1ed0@group-2A7BF07B114C-PendingRequests: sendNotLeaderResponses
2023-08-28 09:33:28,609 [main] INFO  server.GrpcService (GrpcService.java:closeImpl(320)) - 454ab8f7-ff05-436e-934f-07f2970d48f1: shutdown server org.apache.ratis.grpc.server.GrpcAdminProtocolService successfully
2023-08-28 09:33:28,609 [grpc-default-executor-1] WARN  server.GrpcLogAppender (LogUtils.java:warn(122)) - 8f24c139-1988-4882-b4c4-ff44179a1ed0@group-2A7BF07B114C->454ab8f7-ff05-436e-934f-07f2970d48f1-AppendLogResponseHandler: Failed appendEntries: org.apache.ratis.thirdparty.io.grpc.StatusRuntimeException: CANCELLED: RST_STREAM closed stream. HTTP/2 error code: CANCEL
2023-08-28 09:33:28,624 [grpc-default-executor-1] INFO  leader.FollowerInfo (FollowerInfoImpl.java:lambda$new$0(52)) - 8f24c139-1988-4882-b4c4-ff44179a1ed0@group-2A7BF07B114C->454ab8f7-ff05-436e-934f-07f2970d48f1: decreaseNextIndex nextIndex: updateUnconditionally 8 -> 7
2023-08-28 09:33:28,624 [8f24c139-1988-4882-b4c4-ff44179a1ed0@group-CA876597277A-StateMachineUpdater] INFO  ratis.ContainerStateMachine (ContainerStateMachine.java:takeSnapshot(341)) - group-CA876597277A: Finished taking a snapshot at:(t:1, i:24) file:/home/runner/work/ozone/ozone/hadoop-ozone/integration-test/target/test-dir/MiniOzoneClusterImpl-67722190-891d-4afa-8cef-415625a2914e/datanode-0/data/ratis/2ba54fe9-2a0f-4ffc-bd67-ca876597277a/sm/snapshot.1_24 took: 14 ms
2023-08-28 09:33:28,625 [8f24c139-1988-4882-b4c4-ff44179a1ed0@group-CA876597277A-StateMachineUpdater] INFO  impl.StateMachineUpdater (StateMachineUpdater.java:takeSnapshot(291)) - 8f24c139-1988-4882-b4c4-ff44179a1ed0@group-CA876597277A-StateMachineUpdater: Took a snapshot at index 24
2023-08-28 09:33:28,625 [8f24c139-1988-4882-b4c4-ff44179a1ed0@group-CA876597277A-StateMachineUpdater] INFO  impl.StateMachineUpdater (StateMachineUpdater.java:lambda$new$0(97)) - 8f24c139-1988-4882-b4c4-ff44179a1ed0@group-CA876597277A-StateMachineUpdater: snapshotIndex: updateIncreasingly -1 -> 24
2023-08-28 09:33:28,618 [8f24c139-1988-4882-b4c4-ff44179a1ed0-impl-thread4] INFO  impl.StateMachineUpdater (StateMachineUpdater.java:stopAndJoin(155)) - 8f24c139-1988-4882-b4c4-ff44179a1ed0@group-2A7BF07B114C-StateMachineUpdater: set stopIndex = 8
2023-08-28 09:33:28,618 [8f24c139-1988-4882-b4c4-ff44179a1ed0@group-2A7BF07B114C-StateMachineUpdater] INFO  ratis.ContainerStateMachine (ContainerStateMachine.java:takeSnapshot(330)) - group-2A7BF07B114C: Taking a snapshot at:(t:1, i:8) file /home/runner/work/ozone/ozone/hadoop-ozone/integration-test/target/test-dir/MiniOzoneClusterImpl-67722190-891d-4afa-8cef-415625a2914e/datanode-0/data/ratis/d6801b57-a17d-4c13-a6e9-2a7bf07b114c/sm/snapshot.1_8
2023-08-28 09:33:28,612 [8f24c139-1988-4882-b4c4-ff44179a1ed0-impl-thread2] INFO  util.JmxRegister (JmxRegister.java:unregister(73)) - Successfully un-registered JMX Bean with object name Ratis:service=RaftServer,group=group-B1B3FB8FD58A,id=8f24c139-1988-4882-b4c4-ff44179a1ed0
2023-08-28 09:33:28,625 [8f24c139-1988-4882-b4c4-ff44179a1ed0-impl-thread2] INFO  impl.RoleInfo (RoleInfo.java:shutdownLeaderState(93)) - 8f24c139-1988-4882-b4c4-ff44179a1ed0: shutdown 8f24c139-1988-4882-b4c4-ff44179a1ed0@group-B1B3FB8FD58A-LeaderStateImpl
2023-08-28 09:33:28,625 [8f24c139-1988-4882-b4c4-ff44179a1ed0-impl-thread2] INFO  impl.PendingRequests (PendingRequests.java:sendNotLeaderResponses(289)) - 8f24c139-1988-4882-b4c4-ff44179a1ed0@group-B1B3FB8FD58A-PendingRequests: sendNotLeaderResponses
2023-08-28 09:33:28,626 [8f24c139-1988-4882-b4c4-ff44179a1ed0-impl-thread2] INFO  impl.StateMachineUpdater (StateMachineUpdater.java:stopAndJoin(155)) - 8f24c139-1988-4882-b4c4-ff44179a1ed0@group-B1B3FB8FD58A-StateMachineUpdater: set stopIndex = 0
2023-08-28 09:33:28,611 [8f24c139-1988-4882-b4c4-ff44179a1ed0@group-CA876597277A-FollowerState] INFO  impl.FollowerState (FollowerState.java:run(152)) - 8f24c139-1988-4882-b4c4-ff44179a1ed0@group-CA876597277A-FollowerState was interrupted
2023-08-28 09:33:28,626 [8f24c139-1988-4882-b4c4-ff44179a1ed0@group-B1B3FB8FD58A-StateMachineUpdater] INFO  ratis.ContainerStateMachine (ContainerStateMachine.java:takeSnapshot(330)) - group-B1B3FB8FD58A: Taking a snapshot at:(t:1, i:0) file /home/runner/work/ozone/ozone/hadoop-ozone/integration-test/target/test-dir/MiniOzoneClusterImpl-67722190-891d-4afa-8cef-415625a2914e/datanode-0/data/ratis/baec362b-a0dd-42de-bc70-b1b3fb8fd58a/sm/snapshot.1_0
2023-08-28 09:33:28,626 [454ab8f7-ff05-436e-934f-07f2970d48f1-NettyServerStreamRpc-bossGroup--thread1] INFO  logging.LoggingHandler (AbstractInternalLogger.java:log(148)) - [id: 0x124dafaa, L:/0:0:0:0:0:0:0:0:15086] CLOSE
2023-08-28 09:33:28,626 [454ab8f7-ff05-436e-934f-07f2970d48f1-NettyServerStreamRpc-bossGroup--thread1] INFO  logging.LoggingHandler (AbstractInternalLogger.java:log(148)) - [id: 0x124dafaa, L:/0:0:0:0:0:0:0:0:15086] INACTIVE
2023-08-28 09:33:28,626 [454ab8f7-ff05-436e-934f-07f2970d48f1-NettyServerStreamRpc-bossGroup--thread1] INFO  logging.LoggingHandler (AbstractInternalLogger.java:log(148)) - [id: 0x124dafaa, L:/0:0:0:0:0:0:0:0:15086] UNREGISTERED
2023-08-28 09:33:28,626 [8f24c139-1988-4882-b4c4-ff44179a1ed0@group-2A7BF07B114C-StateMachineUpdater] INFO  ratis.ContainerStateMachine (ContainerStateMachine.java:takeSnapshot(341)) - group-2A7BF07B114C: Finished taking a snapshot at:(t:1, i:8) file:/home/runner/work/ozone/ozone/hadoop-ozone/integration-test/target/test-dir/MiniOzoneClusterImpl-67722190-891d-4afa-8cef-415625a2914e/datanode-0/data/ratis/d6801b57-a17d-4c13-a6e9-2a7bf07b114c/sm/snapshot.1_8 took: 8 ms
2023-08-28 09:33:28,627 [8f24c139-1988-4882-b4c4-ff44179a1ed0@group-B1B3FB8FD58A-StateMachineUpdater] INFO  ratis.ContainerStateMachine (ContainerStateMachine.java:takeSnapshot(341)) - group-B1B3FB8FD58A: Finished taking a snapshot at:(t:1, i:0) file:/home/runner/work/ozone/ozone/hadoop-ozone/integration-test/target/test-dir/MiniOzoneClusterImpl-67722190-891d-4afa-8cef-415625a2914e/datanode-0/data/ratis/baec362b-a0dd-42de-bc70-b1b3fb8fd58a/sm/snapshot.1_0 took: 1 ms
2023-08-28 09:33:28,627 [8f24c139-1988-4882-b4c4-ff44179a1ed0@group-2A7BF07B114C-StateMachineUpdater] INFO  impl.StateMachineUpdater (StateMachineUpdater.java:takeSnapshot(291)) - 8f24c139-1988-4882-b4c4-ff44179a1ed0@group-2A7BF07B114C-StateMachineUpdater: Took a snapshot at index 8
2023-08-28 09:33:28,627 [8f24c139-1988-4882-b4c4-ff44179a1ed0@group-2A7BF07B114C-StateMachineUpdater] INFO  impl.StateMachineUpdater (StateMachineUpdater.java:lambda$new$0(97)) - 8f24c139-1988-4882-b4c4-ff44179a1ed0@group-2A7BF07B114C-StateMachineUpdater: snapshotIndex: updateIncreasingly -1 -> 8
2023-08-28 09:33:28,627 [8f24c139-1988-4882-b4c4-ff44179a1ed0@group-B1B3FB8FD58A-StateMachineUpdater] INFO  impl.StateMachineUpdater (StateMachineUpdater.java:takeSnapshot(291)) - 8f24c139-1988-4882-b4c4-ff44179a1ed0@group-B1B3FB8FD58A-StateMachineUpdater: Took a snapshot at index 0
2023-08-28 09:33:28,627 [8f24c139-1988-4882-b4c4-ff44179a1ed0@group-B1B3FB8FD58A-StateMachineUpdater] INFO  impl.StateMachineUpdater (StateMachineUpdater.java:lambda$new$0(97)) - 8f24c139-1988-4882-b4c4-ff44179a1ed0@group-B1B3FB8FD58A-StateMachineUpdater: snapshotIndex: updateIncreasingly -1 -> 0
2023-08-28 09:33:28,627 [8f24c139-1988-4882-b4c4-ff44179a1ed0-impl-thread2] INFO  server.RaftServer$Division (ServerState.java:close(472)) - 8f24c139-1988-4882-b4c4-ff44179a1ed0@group-B1B3FB8FD58A: closes. applyIndex: 0
2023-08-28 09:33:28,641 [8f24c139-1988-4882-b4c4-ff44179a1ed0-impl-thread4] INFO  server.RaftServer$Division (ServerState.java:close(472)) - 8f24c139-1988-4882-b4c4-ff44179a1ed0@group-2A7BF07B114C: closes. applyIndex: 8
2023-08-28 09:33:28,641 [grpc-default-executor-4] WARN  server.GrpcClientProtocolService (LogUtils.java:warn(122)) - 1-UnorderedRequestStreamObserver1: onError: org.apache.ratis.thirdparty.io.grpc.StatusRuntimeException: CANCELLED: client cancelled
2023-08-28 09:33:28,643 [8f24c139-1988-4882-b4c4-ff44179a1ed0-impl-thread3] INFO  server.RaftServer$Division (ServerState.java:close(472)) - 8f24c139-1988-4882-b4c4-ff44179a1ed0@group-CA876597277A: closes. applyIndex: 24
2023-08-28 09:33:28,648 [Thread-1080] INFO  server.GrpcServerProtocolClient (GrpcServerProtocolClient.java:close(103)) - 454ab8f7-ff05-436e-934f-07f2970d48f1 Close channels
2023-08-28 09:33:28,648 [Thread-1078] INFO  server.GrpcServerProtocolClient (GrpcServerProtocolClient.java:close(103)) - d600485d-b91b-41d8-8672-c913e6695d89 Close channels
2023-08-28 09:33:28,648 [ForkJoinPool.commonPool-worker-3] INFO  server.GrpcService (GrpcService.java:closeImpl(320)) - 8f24c139-1988-4882-b4c4-ff44179a1ed0: shutdown server org.apache.ratis.grpc.server.GrpcClientProtocolService successfully
2023-08-28 09:33:28,648 [ForkJoinPool.commonPool-worker-3] INFO  server.GrpcService (GrpcService.java:closeImpl(311)) - 8f24c139-1988-4882-b4c4-ff44179a1ed0: shutdown server GrpcServerProtocolService now
2023-08-28 09:33:28,650 [ForkJoinPool.commonPool-worker-3] INFO  server.GrpcService (GrpcService.java:closeImpl(320)) - 8f24c139-1988-4882-b4c4-ff44179a1ed0: shutdown server GrpcServerProtocolService successfully
2023-08-28 09:33:28,650 [ForkJoinPool.commonPool-worker-3] INFO  server.GrpcService (GrpcService.java:closeImpl(311)) - 8f24c139-1988-4882-b4c4-ff44179a1ed0: shutdown server org.apache.ratis.grpc.server.GrpcAdminProtocolService now
2023-08-28 09:33:28,667 [ForkJoinPool.commonPool-worker-3] INFO  server.GrpcService (GrpcService.java:closeImpl(320)) - 8f24c139-1988-4882-b4c4-ff44179a1ed0: shutdown server org.apache.ratis.grpc.server.GrpcAdminProtocolService successfully
2023-08-28 09:33:28,667 [8f24c139-1988-4882-b4c4-ff44179a1ed0-NettyServerStreamRpc-bossGroup--thread1] INFO  logging.LoggingHandler (AbstractInternalLogger.java:log(148)) - [id: 0xe2ec3bf4, L:/0:0:0:0:0:0:0:0:15068] CLOSE
2023-08-28 09:33:28,667 [8f24c139-1988-4882-b4c4-ff44179a1ed0-NettyServerStreamRpc-bossGroup--thread1] INFO  logging.LoggingHandler (AbstractInternalLogger.java:log(148)) - [id: 0xe2ec3bf4, L:/0:0:0:0:0:0:0:0:15068] INACTIVE
2023-08-28 09:33:28,668 [8f24c139-1988-4882-b4c4-ff44179a1ed0-NettyServerStreamRpc-bossGroup--thread1] INFO  logging.LoggingHandler (AbstractInternalLogger.java:log(148)) - [id: 0xe2ec3bf4, L:/0:0:0:0:0:0:0:0:15068] UNREGISTERED
2023-08-28 09:33:28,997 [8f24c139-1988-4882-b4c4-ff44179a1ed0-impl-thread2] INFO  segmented.SegmentedRaftLogWorker (SegmentedRaftLogWorker.java:close(252)) - 8f24c139-1988-4882-b4c4-ff44179a1ed0@group-B1B3FB8FD58A-SegmentedRaftLogWorker close()
2023-08-28 09:33:29,001 [d600485d-b91b-41d8-8672-c913e6695d89-impl-thread3] INFO  segmented.SegmentedRaftLogWorker (SegmentedRaftLogWorker.java:close(252)) - d600485d-b91b-41d8-8672-c913e6695d89@group-1C1955EFBC5B-SegmentedRaftLogWorker close()
2023-08-28 09:33:29,116 [454ab8f7-ff05-436e-934f-07f2970d48f1-impl-thread4] INFO  segmented.SegmentedRaftLogWorker (SegmentedRaftLogWorker.java:close(252)) - 454ab8f7-ff05-436e-934f-07f2970d48f1@group-2A7BF07B114C-SegmentedRaftLogWorker close()
2023-08-28 09:33:29,116 [d600485d-b91b-41d8-8672-c913e6695d89-impl-thread4] INFO  segmented.SegmentedRaftLogWorker (SegmentedRaftLogWorker.java:close(252)) - d600485d-b91b-41d8-8672-c913e6695d89@group-2A7BF07B114C-SegmentedRaftLogWorker close()
2023-08-28 09:33:29,117 [8f24c139-1988-4882-b4c4-ff44179a1ed0-impl-thread4] INFO  segmented.SegmentedRaftLogWorker (SegmentedRaftLogWorker.java:close(252)) - 8f24c139-1988-4882-b4c4-ff44179a1ed0@group-2A7BF07B114C-SegmentedRaftLogWorker close()
2023-08-28 09:33:29,119 [454ab8f7-ff05-436e-934f-07f2970d48f1-impl-thread2] INFO  segmented.SegmentedRaftLogWorker (SegmentedRaftLogWorker.java:close(252)) - 454ab8f7-ff05-436e-934f-07f2970d48f1@group-05A9F76B2B28-SegmentedRaftLogWorker close()
2023-08-28 09:33:29,457 [454ab8f7-ff05-436e-934f-07f2970d48f1-impl-thread3] INFO  segmented.SegmentedRaftLogWorker (SegmentedRaftLogWorker.java:close(252)) - 454ab8f7-ff05-436e-934f-07f2970d48f1@group-CA876597277A-SegmentedRaftLogWorker close()
2023-08-28 09:33:29,461 [JvmPauseMonitor11] INFO  util.JvmPauseMonitor (JvmPauseMonitor.java:run(109)) - JvmPauseMonitor-454ab8f7-ff05-436e-934f-07f2970d48f1: Stopped
2023-08-28 09:33:29,461 [d600485d-b91b-41d8-8672-c913e6695d89-impl-thread2] INFO  segmented.SegmentedRaftLogWorker (SegmentedRaftLogWorker.java:close(252)) - d600485d-b91b-41d8-8672-c913e6695d89@group-CA876597277A-SegmentedRaftLogWorker close()
2023-08-28 09:33:29,463 [JvmPauseMonitor10] INFO  util.JvmPauseMonitor (JvmPauseMonitor.java:run(109)) - JvmPauseMonitor-d600485d-b91b-41d8-8672-c913e6695d89: Stopped
2023-08-28 09:33:29,467 [8f24c139-1988-4882-b4c4-ff44179a1ed0-impl-thread3] INFO  segmented.SegmentedRaftLogWorker (SegmentedRaftLogWorker.java:close(252)) - 8f24c139-1988-4882-b4c4-ff44179a1ed0@group-CA876597277A-SegmentedRaftLogWorker close()
2023-08-28 09:33:29,468 [JvmPauseMonitor9] INFO  util.JvmPauseMonitor (JvmPauseMonitor.java:run(109)) - JvmPauseMonitor-8f24c139-1988-4882-b4c4-ff44179a1ed0: Stopped
2023-08-28 09:33:30,192 [BlockDeletingService#0] INFO  interfaces.ContainerDeletionChoosingPolicyTemplate (ContainerDeletionChoosingPolicyTemplate.java:chooseContainerForBlockDeletion(85)) - Chosen 0/5000 blocks from 0 candidate containers.
2023-08-28 09:33:30,516 [BlockDeletingService#0] INFO  interfaces.ContainerDeletionChoosingPolicyTemplate (ContainerDeletionChoosingPolicyTemplate.java:chooseContainerForBlockDeletion(85)) - Chosen 0/5000 blocks from 0 candidate containers.
2023-08-28 09:33:30,865 [BlockDeletingService#0] INFO  interfaces.ContainerDeletionChoosingPolicyTemplate (ContainerDeletionChoosingPolicyTemplate.java:chooseContainerForBlockDeletion(85)) - Chosen 0/5000 blocks from 0 candidate containers.
2023-08-28 09:33:31,153 [BlockDeletingService#0] INFO  interfaces.ContainerDeletionChoosingPolicyTemplate (ContainerDeletionChoosingPolicyTemplate.java:chooseContainerForBlockDeletion(85)) - Chosen 0/5000 blocks from 0 candidate containers.
2023-08-28 09:33:31,415 [BlockDeletingService#0] INFO  interfaces.ContainerDeletionChoosingPolicyTemplate (ContainerDeletionChoosingPolicyTemplate.java:chooseContainerForBlockDeletion(85)) - Chosen 0/5000 blocks from 0 candidate containers.
2023-08-28 09:33:31,471 [ForkJoinPool.commonPool-worker-2] INFO  utils.DatanodeStoreCache (DatanodeStoreCache.java:shutdownCache(110)) - Skip clearing cache in mini cluster mode. Entries left: [/home/runner/work/ozone/ozone/hadoop-ozone/integration-test/target/test-dir/MiniOzoneClusterImpl-67722190-891d-4afa-8cef-415625a2914e/datanode-0/data-0/containers/hdds/67722190-891d-4afa-8cef-415625a2914e/DS-298fdbdd-9abf-48fb-a82e-842d8e43d5c8/container.db, /home/runner/work/ozone/ozone/hadoop-ozone/integration-test/target/test-dir/MiniOzoneClusterImpl-67722190-891d-4afa-8cef-415625a2914e/datanode-1/data-0/containers/hdds/67722190-891d-4afa-8cef-415625a2914e/DS-5742b8df-5b2a-4abf-8fef-c618ad114756/container.db, /home/runner/work/ozone/ozone/hadoop-ozone/integration-test/target/test-dir/MiniOzoneClusterImpl-67722190-891d-4afa-8cef-415625a2914e/datanode-2/data-0/containers/hdds/67722190-891d-4afa-8cef-415625a2914e/DS-b3166e09-758d-49fc-94ee-520cf1a6aefc/container.db, /home/runner/work/ozone/ozone/hadoop-ozone/integration-test/target/test-dir/MiniOzoneClusterImpl-67722190-891d-4afa-8cef-415625a2914e/datanode-3/data-0/containers/hdds/67722190-891d-4afa-8cef-415625a2914e/DS-86d19c40-18c1-488a-9e6f-904de6fec995/container.db, /home/runner/work/ozone/ozone/hadoop-ozone/integration-test/target/test-dir/MiniOzoneClusterImpl-67722190-891d-4afa-8cef-415625a2914e/datanode-4/data-0/containers/hdds/67722190-891d-4afa-8cef-415625a2914e/DS-2db3529c-7c52-44e3-80a2-dc91a4a75697/container.db]
2023-08-28 09:33:31,472 [main] INFO  utils.DatanodeStoreCache (DatanodeStoreCache.java:shutdownCache(110)) - Skip clearing cache in mini cluster mode. Entries left: [/home/runner/work/ozone/ozone/hadoop-ozone/integration-test/target/test-dir/MiniOzoneClusterImpl-67722190-891d-4afa-8cef-415625a2914e/datanode-0/data-0/containers/hdds/67722190-891d-4afa-8cef-415625a2914e/DS-298fdbdd-9abf-48fb-a82e-842d8e43d5c8/container.db, /home/runner/work/ozone/ozone/hadoop-ozone/integration-test/target/test-dir/MiniOzoneClusterImpl-67722190-891d-4afa-8cef-415625a2914e/datanode-1/data-0/containers/hdds/67722190-891d-4afa-8cef-415625a2914e/DS-5742b8df-5b2a-4abf-8fef-c618ad114756/container.db, /home/runner/work/ozone/ozone/hadoop-ozone/integration-test/target/test-dir/MiniOzoneClusterImpl-67722190-891d-4afa-8cef-415625a2914e/datanode-2/data-0/containers/hdds/67722190-891d-4afa-8cef-415625a2914e/DS-b3166e09-758d-49fc-94ee-520cf1a6aefc/container.db, /home/runner/work/ozone/ozone/hadoop-ozone/integration-test/target/test-dir/MiniOzoneClusterImpl-67722190-891d-4afa-8cef-415625a2914e/datanode-3/data-0/containers/hdds/67722190-891d-4afa-8cef-415625a2914e/DS-86d19c40-18c1-488a-9e6f-904de6fec995/container.db, /home/runner/work/ozone/ozone/hadoop-ozone/integration-test/target/test-dir/MiniOzoneClusterImpl-67722190-891d-4afa-8cef-415625a2914e/datanode-4/data-0/containers/hdds/67722190-891d-4afa-8cef-415625a2914e/DS-2db3529c-7c52-44e3-80a2-dc91a4a75697/container.db]
2023-08-28 09:33:31,477 [ForkJoinPool.commonPool-worker-3] INFO  utils.DatanodeStoreCache (DatanodeStoreCache.java:shutdownCache(110)) - Skip clearing cache in mini cluster mode. Entries left: [/home/runner/work/ozone/ozone/hadoop-ozone/integration-test/target/test-dir/MiniOzoneClusterImpl-67722190-891d-4afa-8cef-415625a2914e/datanode-0/data-0/containers/hdds/67722190-891d-4afa-8cef-415625a2914e/DS-298fdbdd-9abf-48fb-a82e-842d8e43d5c8/container.db, /home/runner/work/ozone/ozone/hadoop-ozone/integration-test/target/test-dir/MiniOzoneClusterImpl-67722190-891d-4afa-8cef-415625a2914e/datanode-1/data-0/containers/hdds/67722190-891d-4afa-8cef-415625a2914e/DS-5742b8df-5b2a-4abf-8fef-c618ad114756/container.db, /home/runner/work/ozone/ozone/hadoop-ozone/integration-test/target/test-dir/MiniOzoneClusterImpl-67722190-891d-4afa-8cef-415625a2914e/datanode-2/data-0/containers/hdds/67722190-891d-4afa-8cef-415625a2914e/DS-b3166e09-758d-49fc-94ee-520cf1a6aefc/container.db, /home/runner/work/ozone/ozone/hadoop-ozone/integration-test/target/test-dir/MiniOzoneClusterImpl-67722190-891d-4afa-8cef-415625a2914e/datanode-3/data-0/containers/hdds/67722190-891d-4afa-8cef-415625a2914e/DS-86d19c40-18c1-488a-9e6f-904de6fec995/container.db, /home/runner/work/ozone/ozone/hadoop-ozone/integration-test/target/test-dir/MiniOzoneClusterImpl-67722190-891d-4afa-8cef-415625a2914e/datanode-4/data-0/containers/hdds/67722190-891d-4afa-8cef-415625a2914e/DS-2db3529c-7c52-44e3-80a2-dc91a4a75697/container.db]
2023-08-28 09:33:31,479 [main] INFO  utils.DatanodeStoreCache (DatanodeStoreCache.java:removeDB(104)) - Removed db /home/runner/work/ozone/ozone/hadoop-ozone/integration-test/target/test-dir/MiniOzoneClusterImpl-67722190-891d-4afa-8cef-415625a2914e/datanode-2/data-0/containers/hdds/67722190-891d-4afa-8cef-415625a2914e/DS-b3166e09-758d-49fc-94ee-520cf1a6aefc/container.db from cache
2023-08-28 09:33:31,480 [main] INFO  volume.HddsVolume (HddsVolume.java:closeDbStore(453)) - SchemaV3 db is stopped at /home/runner/work/ozone/ozone/hadoop-ozone/integration-test/target/test-dir/MiniOzoneClusterImpl-67722190-891d-4afa-8cef-415625a2914e/datanode-2/data-0/containers/hdds/67722190-891d-4afa-8cef-415625a2914e/DS-b3166e09-758d-49fc-94ee-520cf1a6aefc/container.db for volume DS-b3166e09-758d-49fc-94ee-520cf1a6aefc
2023-08-28 09:33:31,484 [ForkJoinPool.commonPool-worker-3] INFO  utils.DatanodeStoreCache (DatanodeStoreCache.java:removeDB(104)) - Removed db /home/runner/work/ozone/ozone/hadoop-ozone/integration-test/target/test-dir/MiniOzoneClusterImpl-67722190-891d-4afa-8cef-415625a2914e/datanode-0/data-0/containers/hdds/67722190-891d-4afa-8cef-415625a2914e/DS-298fdbdd-9abf-48fb-a82e-842d8e43d5c8/container.db from cache
2023-08-28 09:33:31,484 [ForkJoinPool.commonPool-worker-3] INFO  volume.HddsVolume (HddsVolume.java:closeDbStore(453)) - SchemaV3 db is stopped at /home/runner/work/ozone/ozone/hadoop-ozone/integration-test/target/test-dir/MiniOzoneClusterImpl-67722190-891d-4afa-8cef-415625a2914e/datanode-0/data-0/containers/hdds/67722190-891d-4afa-8cef-415625a2914e/DS-298fdbdd-9abf-48fb-a82e-842d8e43d5c8/container.db for volume DS-298fdbdd-9abf-48fb-a82e-842d8e43d5c8
2023-08-28 09:33:31,484 [ForkJoinPool.commonPool-worker-2] INFO  utils.DatanodeStoreCache (DatanodeStoreCache.java:removeDB(104)) - Removed db /home/runner/work/ozone/ozone/hadoop-ozone/integration-test/target/test-dir/MiniOzoneClusterImpl-67722190-891d-4afa-8cef-415625a2914e/datanode-1/data-0/containers/hdds/67722190-891d-4afa-8cef-415625a2914e/DS-5742b8df-5b2a-4abf-8fef-c618ad114756/container.db from cache
2023-08-28 09:33:31,485 [ForkJoinPool.commonPool-worker-2] INFO  volume.HddsVolume (HddsVolume.java:closeDbStore(453)) - SchemaV3 db is stopped at /home/runner/work/ozone/ozone/hadoop-ozone/integration-test/target/test-dir/MiniOzoneClusterImpl-67722190-891d-4afa-8cef-415625a2914e/datanode-1/data-0/containers/hdds/67722190-891d-4afa-8cef-415625a2914e/DS-5742b8df-5b2a-4abf-8fef-c618ad114756/container.db for volume DS-5742b8df-5b2a-4abf-8fef-c618ad114756
2023-08-28 09:33:31,485 [main] INFO  utils.BackgroundService (BackgroundService.java:shutdown(141)) - Shutting down service BlockDeletingService
2023-08-28 09:33:31,486 [ForkJoinPool.commonPool-worker-3] INFO  utils.BackgroundService (BackgroundService.java:shutdown(141)) - Shutting down service BlockDeletingService
2023-08-28 09:33:31,486 [ForkJoinPool.commonPool-worker-2] INFO  utils.BackgroundService (BackgroundService.java:shutdown(141)) - Shutting down service BlockDeletingService
2023-08-28 09:33:31,486 [ForkJoinPool.commonPool-worker-2] INFO  utils.BackgroundService (BackgroundService.java:shutdown(141)) - Shutting down service StaleRecoveringContainerScrubbingService
2023-08-28 09:33:31,486 [ForkJoinPool.commonPool-worker-3] INFO  utils.BackgroundService (BackgroundService.java:shutdown(141)) - Shutting down service StaleRecoveringContainerScrubbingService
2023-08-28 09:33:31,489 [main] INFO  utils.BackgroundService (BackgroundService.java:shutdown(141)) - Shutting down service StaleRecoveringContainerScrubbingService
2023-08-28 09:33:31,495 [ForkJoinPool.commonPool-worker-2] INFO  statemachine.DatanodeStateMachine (DatanodeStateMachine.java:stopDaemon(620)) - Ozone container server stopped.
2023-08-28 09:33:31,495 [ForkJoinPool.commonPool-worker-3] INFO  statemachine.DatanodeStateMachine (DatanodeStateMachine.java:stopDaemon(620)) - Ozone container server stopped.
2023-08-28 09:33:31,496 [main] INFO  statemachine.DatanodeStateMachine (DatanodeStateMachine.java:stopDaemon(620)) - Ozone container server stopped.
2023-08-28 09:33:31,527 [ForkJoinPool.commonPool-worker-3] INFO  handler.ContextHandler (ContextHandler.java:doStop(1159)) - Stopped o.e.j.w.WebAppContext@33f3c818{hddsDatanode,/,null,STOPPED}{jar:file:/home/runner/.m2/repository/org/apache/ozone/hdds-container-service/1.4.0-SNAPSHOT/hdds-container-service-1.4.0-SNAPSHOT.jar!/webapps/hddsDatanode}
2023-08-28 09:33:31,527 [main] INFO  handler.ContextHandler (ContextHandler.java:doStop(1159)) - Stopped o.e.j.w.WebAppContext@2bc1ca3b{hddsDatanode,/,null,STOPPED}{jar:file:/home/runner/.m2/repository/org/apache/ozone/hdds-container-service/1.4.0-SNAPSHOT/hdds-container-service-1.4.0-SNAPSHOT.jar!/webapps/hddsDatanode}
2023-08-28 09:33:31,528 [ForkJoinPool.commonPool-worker-3] INFO  server.AbstractConnector (AbstractConnector.java:doStop(383)) - Stopped ServerConnector@15fccc13{HTTP/1.1, (http/1.1)}{0.0.0.0:15062}
2023-08-28 09:33:31,529 [ForkJoinPool.commonPool-worker-3] INFO  server.session (HouseKeeper.java:stopScavenging(149)) - node0 Stopped scavenging
2023-08-28 09:33:31,527 [ForkJoinPool.commonPool-worker-2] INFO  handler.ContextHandler (ContextHandler.java:doStop(1159)) - Stopped o.e.j.w.WebAppContext@31bba872{hddsDatanode,/,null,STOPPED}{jar:file:/home/runner/.m2/repository/org/apache/ozone/hdds-container-service/1.4.0-SNAPSHOT/hdds-container-service-1.4.0-SNAPSHOT.jar!/webapps/hddsDatanode}
2023-08-28 09:33:31,533 [ForkJoinPool.commonPool-worker-2] INFO  server.AbstractConnector (AbstractConnector.java:doStop(383)) - Stopped ServerConnector@64a23d65{HTTP/1.1, (http/1.1)}{0.0.0.0:15071}
2023-08-28 09:33:31,533 [ForkJoinPool.commonPool-worker-2] INFO  server.session (HouseKeeper.java:stopScavenging(149)) - node0 Stopped scavenging
2023-08-28 09:33:31,534 [main] INFO  server.AbstractConnector (AbstractConnector.java:doStop(383)) - Stopped ServerConnector@6d0abe5{HTTP/1.1, (http/1.1)}{0.0.0.0:15080}
2023-08-28 09:33:31,534 [main] INFO  server.session (HouseKeeper.java:stopScavenging(149)) - node0 Stopped scavenging
2023-08-28 09:33:31,535 [main] INFO  handler.ContextHandler (ContextHandler.java:doStop(1159)) - Stopped o.e.j.s.ServletContextHandler@58a7ecb9{static,/static,jar:file:/home/runner/.m2/repository/org/apache/ozone/hdds-container-service/1.4.0-SNAPSHOT/hdds-container-service-1.4.0-SNAPSHOT.jar!/webapps/static,STOPPED}
2023-08-28 09:33:31,535 [main] INFO  handler.ContextHandler (ContextHandler.java:doStop(1159)) - Stopped o.e.j.s.ServletContextHandler@644d264c{logs,/logs,file:///home/runner/work/ozone/ozone/hadoop-ozone/integration-test/target/log,STOPPED}
2023-08-28 09:33:31,535 [ForkJoinPool.commonPool-worker-3] INFO  handler.ContextHandler (ContextHandler.java:doStop(1159)) - Stopped o.e.j.s.ServletContextHandler@41ca4c9d{static,/static,jar:file:/home/runner/.m2/repository/org/apache/ozone/hdds-container-service/1.4.0-SNAPSHOT/hdds-container-service-1.4.0-SNAPSHOT.jar!/webapps/static,STOPPED}
2023-08-28 09:33:31,537 [ForkJoinPool.commonPool-worker-3] INFO  handler.ContextHandler (ContextHandler.java:doStop(1159)) - Stopped o.e.j.s.ServletContextHandler@2754703d{logs,/logs,file:///home/runner/work/ozone/ozone/hadoop-ozone/integration-test/target/log,STOPPED}
2023-08-28 09:33:31,537 [ForkJoinPool.commonPool-worker-2] INFO  handler.ContextHandler (ContextHandler.java:doStop(1159)) - Stopped o.e.j.s.ServletContextHandler@679bc4ea{static,/static,jar:file:/home/runner/.m2/repository/org/apache/ozone/hdds-container-service/1.4.0-SNAPSHOT/hdds-container-service-1.4.0-SNAPSHOT.jar!/webapps/static,STOPPED}
2023-08-28 09:33:31,537 [main] INFO  ozone.HddsDatanodeClientProtocolServer (HddsDatanodeClientProtocolServer.java:stop(78)) - Stopping the RPC server for Client Protocol
2023-08-28 09:33:31,538 [ForkJoinPool.commonPool-worker-3] INFO  ozone.HddsDatanodeClientProtocolServer (HddsDatanodeClientProtocolServer.java:stop(78)) - Stopping the RPC server for Client Protocol
2023-08-28 09:33:31,538 [main] INFO  ipc.Server (Server.java:stop(3523)) - Stopping server on 15081
2023-08-28 09:33:31,538 [ForkJoinPool.commonPool-worker-2] INFO  handler.ContextHandler (ContextHandler.java:doStop(1159)) - Stopped o.e.j.s.ServletContextHandler@428156ae{logs,/logs,file:///home/runner/work/ozone/ozone/hadoop-ozone/integration-test/target/log,STOPPED}
2023-08-28 09:33:31,539 [ForkJoinPool.commonPool-worker-3] INFO  ipc.Server (Server.java:stop(3523)) - Stopping server on 15063
2023-08-28 09:33:31,540 [IPC Server listener on 15063] INFO  ipc.Server (Server.java:run(1434)) - Stopping IPC Server listener on 15063
2023-08-28 09:33:31,540 [ForkJoinPool.commonPool-worker-2] INFO  ozone.HddsDatanodeClientProtocolServer (HddsDatanodeClientProtocolServer.java:stop(78)) - Stopping the RPC server for Client Protocol
2023-08-28 09:33:31,540 [IPC Server Responder] INFO  ipc.Server (Server.java:run(1567)) - Stopping IPC Server Responder
2023-08-28 09:33:31,541 [IPC Server Responder] INFO  ipc.Server (Server.java:run(1567)) - Stopping IPC Server Responder
2023-08-28 09:33:31,541 [IPC Server listener on 15081] INFO  ipc.Server (Server.java:run(1434)) - Stopping IPC Server listener on 15081
2023-08-28 09:33:31,544 [ForkJoinPool.commonPool-worker-2] INFO  ipc.Server (Server.java:stop(3523)) - Stopping server on 15072
2023-08-28 09:33:31,546 [IPC Server Responder] INFO  ipc.Server (Server.java:run(1567)) - Stopping IPC Server Responder
2023-08-28 09:33:31,546 [IPC Server listener on 15072] INFO  ipc.Server (Server.java:run(1434)) - Stopping IPC Server listener on 15072
2023-08-28 09:33:31,548 [ForkJoinPool.commonPool-worker-3] INFO  ozoneimpl.OzoneContainer (OzoneContainer.java:stop(451)) - Attempting to stop container services.
2023-08-28 09:33:31,549 [ForkJoinPool.commonPool-worker-3] INFO  server.RaftServer (RaftServerProxy.java:lambda$close$6(416)) - 8272f6d9-26a6-4075-a6fc-a782e633560b: close
2023-08-28 09:33:31,550 [main] INFO  ozoneimpl.OzoneContainer (OzoneContainer.java:stop(451)) - Attempting to stop container services.
2023-08-28 09:33:31,550 [ForkJoinPool.commonPool-worker-3] INFO  server.GrpcService (GrpcService.java:closeImpl(311)) - 8272f6d9-26a6-4075-a6fc-a782e633560b: shutdown server org.apache.ratis.grpc.server.GrpcClientProtocolService now
2023-08-28 09:33:31,551 [main] INFO  server.RaftServer (RaftServerProxy.java:lambda$close$6(416)) - 6fe57cde-2152-4119-ad90-dc528c983fae: close
2023-08-28 09:33:31,551 [8272f6d9-26a6-4075-a6fc-a782e633560b-impl-thread2] INFO  server.RaftServer$Division (RaftServerImpl.java:lambda$close$4(466)) - 8272f6d9-26a6-4075-a6fc-a782e633560b@group-6179D16E3EA5: shutdown
2023-08-28 09:33:31,551 [8272f6d9-26a6-4075-a6fc-a782e633560b-impl-thread2] INFO  util.JmxRegister (JmxRegister.java:unregister(73)) - Successfully un-registered JMX Bean with object name Ratis:service=RaftServer,group=group-6179D16E3EA5,id=8272f6d9-26a6-4075-a6fc-a782e633560b
2023-08-28 09:33:31,551 [8272f6d9-26a6-4075-a6fc-a782e633560b-impl-thread2] INFO  impl.RoleInfo (RoleInfo.java:shutdownLeaderState(93)) - 8272f6d9-26a6-4075-a6fc-a782e633560b: shutdown 8272f6d9-26a6-4075-a6fc-a782e633560b@group-6179D16E3EA5-LeaderStateImpl
2023-08-28 09:33:31,551 [main] INFO  server.GrpcService (GrpcService.java:closeImpl(311)) - 6fe57cde-2152-4119-ad90-dc528c983fae: shutdown server org.apache.ratis.grpc.server.GrpcClientProtocolService now
2023-08-28 09:33:31,551 [8272f6d9-26a6-4075-a6fc-a782e633560b-impl-thread2] INFO  impl.PendingRequests (PendingRequests.java:sendNotLeaderResponses(289)) - 8272f6d9-26a6-4075-a6fc-a782e633560b@group-6179D16E3EA5-PendingRequests: sendNotLeaderResponses
2023-08-28 09:33:31,553 [6fe57cde-2152-4119-ad90-dc528c983fae-impl-thread2] INFO  server.RaftServer$Division (RaftServerImpl.java:lambda$close$4(466)) - 6fe57cde-2152-4119-ad90-dc528c983fae@group-091753458F2C: shutdown
2023-08-28 09:33:31,553 [8272f6d9-26a6-4075-a6fc-a782e633560b-impl-thread2] INFO  impl.StateMachineUpdater (StateMachineUpdater.java:stopAndJoin(155)) - 8272f6d9-26a6-4075-a6fc-a782e633560b@group-6179D16E3EA5-StateMachineUpdater: set stopIndex = 0
2023-08-28 09:33:31,553 [6fe57cde-2152-4119-ad90-dc528c983fae-impl-thread2] INFO  util.JmxRegister (JmxRegister.java:unregister(73)) - Successfully un-registered JMX Bean with object name Ratis:service=RaftServer,group=group-091753458F2C,id=6fe57cde-2152-4119-ad90-dc528c983fae
2023-08-28 09:33:31,553 [6fe57cde-2152-4119-ad90-dc528c983fae-impl-thread2] INFO  impl.RoleInfo (RoleInfo.java:shutdownLeaderState(93)) - 6fe57cde-2152-4119-ad90-dc528c983fae: shutdown 6fe57cde-2152-4119-ad90-dc528c983fae@group-091753458F2C-LeaderStateImpl
2023-08-28 09:33:31,553 [8272f6d9-26a6-4075-a6fc-a782e633560b@group-6179D16E3EA5-StateMachineUpdater] INFO  ratis.ContainerStateMachine (ContainerStateMachine.java:takeSnapshot(330)) - group-6179D16E3EA5: Taking a snapshot at:(t:1, i:0) file /home/runner/work/ozone/ozone/hadoop-ozone/integration-test/target/test-dir/MiniOzoneClusterImpl-67722190-891d-4afa-8cef-415625a2914e/datanode-4/data/ratis/4b1fa764-8346-4db1-8ff3-6179d16e3ea5/sm/snapshot.1_0
2023-08-28 09:33:31,553 [6fe57cde-2152-4119-ad90-dc528c983fae-impl-thread2] INFO  impl.PendingRequests (PendingRequests.java:sendNotLeaderResponses(289)) - 6fe57cde-2152-4119-ad90-dc528c983fae@group-091753458F2C-PendingRequests: sendNotLeaderResponses
2023-08-28 09:33:31,553 [6fe57cde-2152-4119-ad90-dc528c983fae-impl-thread2] INFO  impl.StateMachineUpdater (StateMachineUpdater.java:stopAndJoin(155)) - 6fe57cde-2152-4119-ad90-dc528c983fae@group-091753458F2C-StateMachineUpdater: set stopIndex = 0
2023-08-28 09:33:31,553 [6fe57cde-2152-4119-ad90-dc528c983fae@group-091753458F2C-StateMachineUpdater] INFO  ratis.ContainerStateMachine (ContainerStateMachine.java:takeSnapshot(330)) - group-091753458F2C: Taking a snapshot at:(t:1, i:0) file /home/runner/work/ozone/ozone/hadoop-ozone/integration-test/target/test-dir/MiniOzoneClusterImpl-67722190-891d-4afa-8cef-415625a2914e/datanode-3/data/ratis/c0485380-7da8-4dd1-b9e3-091753458f2c/sm/snapshot.1_0
2023-08-28 09:33:31,553 [main] INFO  server.GrpcService (GrpcService.java:closeImpl(320)) - 6fe57cde-2152-4119-ad90-dc528c983fae: shutdown server org.apache.ratis.grpc.server.GrpcClientProtocolService successfully
2023-08-28 09:33:31,554 [main] INFO  server.GrpcService (GrpcService.java:closeImpl(311)) - 6fe57cde-2152-4119-ad90-dc528c983fae: shutdown server GrpcServerProtocolService now
2023-08-28 09:33:31,554 [ForkJoinPool.commonPool-worker-3] INFO  server.GrpcService (GrpcService.java:closeImpl(320)) - 8272f6d9-26a6-4075-a6fc-a782e633560b: shutdown server org.apache.ratis.grpc.server.GrpcClientProtocolService successfully
2023-08-28 09:33:31,554 [ForkJoinPool.commonPool-worker-3] INFO  server.GrpcService (GrpcService.java:closeImpl(311)) - 8272f6d9-26a6-4075-a6fc-a782e633560b: shutdown server GrpcServerProtocolService now
2023-08-28 09:33:31,557 [8272f6d9-26a6-4075-a6fc-a782e633560b@group-6179D16E3EA5-StateMachineUpdater] INFO  ratis.ContainerStateMachine (ContainerStateMachine.java:takeSnapshot(341)) - group-6179D16E3EA5: Finished taking a snapshot at:(t:1, i:0) file:/home/runner/work/ozone/ozone/hadoop-ozone/integration-test/target/test-dir/MiniOzoneClusterImpl-67722190-891d-4afa-8cef-415625a2914e/datanode-4/data/ratis/4b1fa764-8346-4db1-8ff3-6179d16e3ea5/sm/snapshot.1_0 took: 4 ms
2023-08-28 09:33:31,557 [6fe57cde-2152-4119-ad90-dc528c983fae@group-091753458F2C-StateMachineUpdater] INFO  ratis.ContainerStateMachine (ContainerStateMachine.java:takeSnapshot(341)) - group-091753458F2C: Finished taking a snapshot at:(t:1, i:0) file:/home/runner/work/ozone/ozone/hadoop-ozone/integration-test/target/test-dir/MiniOzoneClusterImpl-67722190-891d-4afa-8cef-415625a2914e/datanode-3/data/ratis/c0485380-7da8-4dd1-b9e3-091753458f2c/sm/snapshot.1_0 took: 4 ms
2023-08-28 09:33:31,557 [6fe57cde-2152-4119-ad90-dc528c983fae@group-091753458F2C-StateMachineUpdater] INFO  impl.StateMachineUpdater (StateMachineUpdater.java:takeSnapshot(291)) - 6fe57cde-2152-4119-ad90-dc528c983fae@group-091753458F2C-StateMachineUpdater: Took a snapshot at index 0
2023-08-28 09:33:31,558 [6fe57cde-2152-4119-ad90-dc528c983fae@group-091753458F2C-StateMachineUpdater] INFO  impl.StateMachineUpdater (StateMachineUpdater.java:lambda$new$0(97)) - 6fe57cde-2152-4119-ad90-dc528c983fae@group-091753458F2C-StateMachineUpdater: snapshotIndex: updateIncreasingly -1 -> 0
2023-08-28 09:33:31,558 [8272f6d9-26a6-4075-a6fc-a782e633560b@group-6179D16E3EA5-StateMachineUpdater] INFO  impl.StateMachineUpdater (StateMachineUpdater.java:takeSnapshot(291)) - 8272f6d9-26a6-4075-a6fc-a782e633560b@group-6179D16E3EA5-StateMachineUpdater: Took a snapshot at index 0
2023-08-28 09:33:31,558 [8272f6d9-26a6-4075-a6fc-a782e633560b@group-6179D16E3EA5-StateMachineUpdater] INFO  impl.StateMachineUpdater (StateMachineUpdater.java:lambda$new$0(97)) - 8272f6d9-26a6-4075-a6fc-a782e633560b@group-6179D16E3EA5-StateMachineUpdater: snapshotIndex: updateIncreasingly -1 -> 0
2023-08-28 09:33:31,558 [6fe57cde-2152-4119-ad90-dc528c983fae-impl-thread2] INFO  server.RaftServer$Division (ServerState.java:close(472)) - 6fe57cde-2152-4119-ad90-dc528c983fae@group-091753458F2C: closes. applyIndex: 0
2023-08-28 09:33:31,558 [8272f6d9-26a6-4075-a6fc-a782e633560b-impl-thread2] INFO  server.RaftServer$Division (ServerState.java:close(472)) - 8272f6d9-26a6-4075-a6fc-a782e633560b@group-6179D16E3EA5: closes. applyIndex: 0
2023-08-28 09:33:31,559 [main] INFO  server.GrpcService (GrpcService.java:closeImpl(320)) - 6fe57cde-2152-4119-ad90-dc528c983fae: shutdown server GrpcServerProtocolService successfully
2023-08-28 09:33:31,559 [main] INFO  server.GrpcService (GrpcService.java:closeImpl(311)) - 6fe57cde-2152-4119-ad90-dc528c983fae: shutdown server org.apache.ratis.grpc.server.GrpcAdminProtocolService now
2023-08-28 09:33:31,560 [ForkJoinPool.commonPool-worker-3] INFO  server.GrpcService (GrpcService.java:closeImpl(320)) - 8272f6d9-26a6-4075-a6fc-a782e633560b: shutdown server GrpcServerProtocolService successfully
2023-08-28 09:33:31,560 [ForkJoinPool.commonPool-worker-3] INFO  server.GrpcService (GrpcService.java:closeImpl(311)) - 8272f6d9-26a6-4075-a6fc-a782e633560b: shutdown server org.apache.ratis.grpc.server.GrpcAdminProtocolService now
2023-08-28 09:33:31,561 [main] INFO  server.GrpcService (GrpcService.java:closeImpl(320)) - 6fe57cde-2152-4119-ad90-dc528c983fae: shutdown server org.apache.ratis.grpc.server.GrpcAdminProtocolService successfully
2023-08-28 09:33:31,561 [6fe57cde-2152-4119-ad90-dc528c983fae-NettyServerStreamRpc-bossGroup--thread1] INFO  logging.LoggingHandler (AbstractInternalLogger.java:log(148)) - [id: 0xbdeba641, L:/0:0:0:0:0:0:0:0:15095] CLOSE
2023-08-28 09:33:31,561 [6fe57cde-2152-4119-ad90-dc528c983fae-NettyServerStreamRpc-bossGroup--thread1] INFO  logging.LoggingHandler (AbstractInternalLogger.java:log(148)) - [id: 0xbdeba641, L:/0:0:0:0:0:0:0:0:15095] INACTIVE
2023-08-28 09:33:31,561 [6fe57cde-2152-4119-ad90-dc528c983fae-NettyServerStreamRpc-bossGroup--thread1] INFO  logging.LoggingHandler (AbstractInternalLogger.java:log(148)) - [id: 0xbdeba641, L:/0:0:0:0:0:0:0:0:15095] UNREGISTERED
2023-08-28 09:33:31,563 [ForkJoinPool.commonPool-worker-3] INFO  server.GrpcService (GrpcService.java:closeImpl(320)) - 8272f6d9-26a6-4075-a6fc-a782e633560b: shutdown server org.apache.ratis.grpc.server.GrpcAdminProtocolService successfully
2023-08-28 09:33:31,563 [8272f6d9-26a6-4075-a6fc-a782e633560b-NettyServerStreamRpc-bossGroup--thread1] INFO  logging.LoggingHandler (AbstractInternalLogger.java:log(148)) - [id: 0x32da0fcd, L:/0:0:0:0:0:0:0:0:15104] CLOSE
2023-08-28 09:33:31,563 [8272f6d9-26a6-4075-a6fc-a782e633560b-NettyServerStreamRpc-bossGroup--thread1] INFO  logging.LoggingHandler (AbstractInternalLogger.java:log(148)) - [id: 0x32da0fcd, L:/0:0:0:0:0:0:0:0:15104] INACTIVE
2023-08-28 09:33:31,563 [8272f6d9-26a6-4075-a6fc-a782e633560b-NettyServerStreamRpc-bossGroup--thread1] INFO  logging.LoggingHandler (AbstractInternalLogger.java:log(148)) - [id: 0x32da0fcd, L:/0:0:0:0:0:0:0:0:15104] UNREGISTERED
2023-08-28 09:33:31,997 [8272f6d9-26a6-4075-a6fc-a782e633560b-impl-thread2] INFO  segmented.SegmentedRaftLogWorker (SegmentedRaftLogWorker.java:close(252)) - 8272f6d9-26a6-4075-a6fc-a782e633560b@group-6179D16E3EA5-SegmentedRaftLogWorker close()
2023-08-28 09:33:31,997 [6fe57cde-2152-4119-ad90-dc528c983fae-impl-thread2] INFO  segmented.SegmentedRaftLogWorker (SegmentedRaftLogWorker.java:close(252)) - 6fe57cde-2152-4119-ad90-dc528c983fae@group-091753458F2C-SegmentedRaftLogWorker close()
2023-08-28 09:33:31,997 [JvmPauseMonitor13] INFO  util.JvmPauseMonitor (JvmPauseMonitor.java:run(109)) - JvmPauseMonitor-8272f6d9-26a6-4075-a6fc-a782e633560b: Stopped
2023-08-28 09:33:31,997 [JvmPauseMonitor12] INFO  util.JvmPauseMonitor (JvmPauseMonitor.java:run(109)) - JvmPauseMonitor-6fe57cde-2152-4119-ad90-dc528c983fae: Stopped
2023-08-28 09:33:34,002 [main] INFO  utils.DatanodeStoreCache (DatanodeStoreCache.java:shutdownCache(110)) - Skip clearing cache in mini cluster mode. Entries left: [/home/runner/work/ozone/ozone/hadoop-ozone/integration-test/target/test-dir/MiniOzoneClusterImpl-67722190-891d-4afa-8cef-415625a2914e/datanode-3/data-0/containers/hdds/67722190-891d-4afa-8cef-415625a2914e/DS-86d19c40-18c1-488a-9e6f-904de6fec995/container.db, /home/runner/work/ozone/ozone/hadoop-ozone/integration-test/target/test-dir/MiniOzoneClusterImpl-67722190-891d-4afa-8cef-415625a2914e/datanode-4/data-0/containers/hdds/67722190-891d-4afa-8cef-415625a2914e/DS-2db3529c-7c52-44e3-80a2-dc91a4a75697/container.db]
2023-08-28 09:33:34,003 [main] INFO  utils.DatanodeStoreCache (DatanodeStoreCache.java:removeDB(104)) - Removed db /home/runner/work/ozone/ozone/hadoop-ozone/integration-test/target/test-dir/MiniOzoneClusterImpl-67722190-891d-4afa-8cef-415625a2914e/datanode-3/data-0/containers/hdds/67722190-891d-4afa-8cef-415625a2914e/DS-86d19c40-18c1-488a-9e6f-904de6fec995/container.db from cache
2023-08-28 09:33:34,004 [ForkJoinPool.commonPool-worker-3] INFO  utils.DatanodeStoreCache (DatanodeStoreCache.java:shutdownCache(110)) - Skip clearing cache in mini cluster mode. Entries left: [/home/runner/work/ozone/ozone/hadoop-ozone/integration-test/target/test-dir/MiniOzoneClusterImpl-67722190-891d-4afa-8cef-415625a2914e/datanode-4/data-0/containers/hdds/67722190-891d-4afa-8cef-415625a2914e/DS-2db3529c-7c52-44e3-80a2-dc91a4a75697/container.db]
2023-08-28 09:33:34,004 [main] INFO  volume.HddsVolume (HddsVolume.java:closeDbStore(453)) - SchemaV3 db is stopped at /home/runner/work/ozone/ozone/hadoop-ozone/integration-test/target/test-dir/MiniOzoneClusterImpl-67722190-891d-4afa-8cef-415625a2914e/datanode-3/data-0/containers/hdds/67722190-891d-4afa-8cef-415625a2914e/DS-86d19c40-18c1-488a-9e6f-904de6fec995/container.db for volume DS-86d19c40-18c1-488a-9e6f-904de6fec995
2023-08-28 09:33:34,005 [main] INFO  utils.BackgroundService (BackgroundService.java:shutdown(141)) - Shutting down service BlockDeletingService
2023-08-28 09:33:34,006 [ForkJoinPool.commonPool-worker-3] INFO  utils.DatanodeStoreCache (DatanodeStoreCache.java:removeDB(104)) - Removed db /home/runner/work/ozone/ozone/hadoop-ozone/integration-test/target/test-dir/MiniOzoneClusterImpl-67722190-891d-4afa-8cef-415625a2914e/datanode-4/data-0/containers/hdds/67722190-891d-4afa-8cef-415625a2914e/DS-2db3529c-7c52-44e3-80a2-dc91a4a75697/container.db from cache
2023-08-28 09:33:34,007 [ForkJoinPool.commonPool-worker-3] INFO  volume.HddsVolume (HddsVolume.java:closeDbStore(453)) - SchemaV3 db is stopped at /home/runner/work/ozone/ozone/hadoop-ozone/integration-test/target/test-dir/MiniOzoneClusterImpl-67722190-891d-4afa-8cef-415625a2914e/datanode-4/data-0/containers/hdds/67722190-891d-4afa-8cef-415625a2914e/DS-2db3529c-7c52-44e3-80a2-dc91a4a75697/container.db for volume DS-2db3529c-7c52-44e3-80a2-dc91a4a75697
2023-08-28 09:33:34,007 [ForkJoinPool.commonPool-worker-3] INFO  utils.BackgroundService (BackgroundService.java:shutdown(141)) - Shutting down service BlockDeletingService
2023-08-28 09:33:34,008 [ForkJoinPool.commonPool-worker-3] INFO  utils.BackgroundService (BackgroundService.java:shutdown(141)) - Shutting down service StaleRecoveringContainerScrubbingService
2023-08-28 09:33:34,008 [main] INFO  utils.BackgroundService (BackgroundService.java:shutdown(141)) - Shutting down service StaleRecoveringContainerScrubbingService
2023-08-28 09:33:34,008 [main] INFO  statemachine.DatanodeStateMachine (DatanodeStateMachine.java:stopDaemon(620)) - Ozone container server stopped.
2023-08-28 09:33:34,012 [ForkJoinPool.commonPool-worker-3] INFO  statemachine.DatanodeStateMachine (DatanodeStateMachine.java:stopDaemon(620)) - Ozone container server stopped.
2023-08-28 09:33:34,024 [main] INFO  handler.ContextHandler (ContextHandler.java:doStop(1159)) - Stopped o.e.j.w.WebAppContext@4feadef9{hddsDatanode,/,null,STOPPED}{jar:file:/home/runner/.m2/repository/org/apache/ozone/hdds-container-service/1.4.0-SNAPSHOT/hdds-container-service-1.4.0-SNAPSHOT.jar!/webapps/hddsDatanode}
2023-08-28 09:33:34,025 [ForkJoinPool.commonPool-worker-3] INFO  handler.ContextHandler (ContextHandler.java:doStop(1159)) - Stopped o.e.j.w.WebAppContext@7cd9be59{hddsDatanode,/,null,STOPPED}{jar:file:/home/runner/.m2/repository/org/apache/ozone/hdds-container-service/1.4.0-SNAPSHOT/hdds-container-service-1.4.0-SNAPSHOT.jar!/webapps/hddsDatanode}
2023-08-28 09:33:34,027 [ForkJoinPool.commonPool-worker-3] INFO  server.AbstractConnector (AbstractConnector.java:doStop(383)) - Stopped ServerConnector@6156e4cd{HTTP/1.1, (http/1.1)}{0.0.0.0:15098}
2023-08-28 09:33:34,027 [ForkJoinPool.commonPool-worker-3] INFO  server.session (HouseKeeper.java:stopScavenging(149)) - node0 Stopped scavenging
2023-08-28 09:33:34,029 [ForkJoinPool.commonPool-worker-3] INFO  handler.ContextHandler (ContextHandler.java:doStop(1159)) - Stopped o.e.j.s.ServletContextHandler@3a8c4bab{static,/static,jar:file:/home/runner/.m2/repository/org/apache/ozone/hdds-container-service/1.4.0-SNAPSHOT/hdds-container-service-1.4.0-SNAPSHOT.jar!/webapps/static,STOPPED}
2023-08-28 09:33:34,030 [ForkJoinPool.commonPool-worker-3] INFO  handler.ContextHandler (ContextHandler.java:doStop(1159)) - Stopped o.e.j.s.ServletContextHandler@771483f7{logs,/logs,file:///home/runner/work/ozone/ozone/hadoop-ozone/integration-test/target/log,STOPPED}
2023-08-28 09:33:34,030 [main] INFO  server.AbstractConnector (AbstractConnector.java:doStop(383)) - Stopped ServerConnector@5c2df1e3{HTTP/1.1, (http/1.1)}{0.0.0.0:15089}
2023-08-28 09:33:34,030 [main] INFO  server.session (HouseKeeper.java:stopScavenging(149)) - node0 Stopped scavenging
2023-08-28 09:33:34,031 [main] INFO  handler.ContextHandler (ContextHandler.java:doStop(1159)) - Stopped o.e.j.s.ServletContextHandler@21ad8083{static,/static,jar:file:/home/runner/.m2/repository/org/apache/ozone/hdds-container-service/1.4.0-SNAPSHOT/hdds-container-service-1.4.0-SNAPSHOT.jar!/webapps/static,STOPPED}
2023-08-28 09:33:34,031 [main] INFO  handler.ContextHandler (ContextHandler.java:doStop(1159)) - Stopped o.e.j.s.ServletContextHandler@3e399fc0{logs,/logs,file:///home/runner/work/ozone/ozone/hadoop-ozone/integration-test/target/log,STOPPED}
2023-08-28 09:33:34,031 [ForkJoinPool.commonPool-worker-3] INFO  ozone.HddsDatanodeClientProtocolServer (HddsDatanodeClientProtocolServer.java:stop(78)) - Stopping the RPC server for Client Protocol
2023-08-28 09:33:34,032 [ForkJoinPool.commonPool-worker-3] INFO  ipc.Server (Server.java:stop(3523)) - Stopping server on 15099
2023-08-28 09:33:34,032 [IPC Server listener on 15099] INFO  ipc.Server (Server.java:run(1434)) - Stopping IPC Server listener on 15099
2023-08-28 09:33:34,036 [main] INFO  ozone.HddsDatanodeClientProtocolServer (HddsDatanodeClientProtocolServer.java:stop(78)) - Stopping the RPC server for Client Protocol
2023-08-28 09:33:34,036 [main] INFO  ipc.Server (Server.java:stop(3523)) - Stopping server on 15090
2023-08-28 09:33:34,037 [IPC Server Responder] INFO  ipc.Server (Server.java:run(1567)) - Stopping IPC Server Responder
2023-08-28 09:33:34,038 [IPC Server Responder] INFO  ipc.Server (Server.java:run(1567)) - Stopping IPC Server Responder
2023-08-28 09:33:34,038 [IPC Server listener on 15090] INFO  ipc.Server (Server.java:run(1434)) - Stopping IPC Server listener on 15090
2023-08-28 09:33:34,041 [main] INFO  ozone.MiniOzoneClusterImpl (MiniOzoneClusterImpl.java:stopSCM(543)) - Stopping the StorageContainerManager
2023-08-28 09:33:34,041 [main] INFO  server.StorageContainerManager (StorageContainerManager.java:stop(1591)) - Container Balancer is not running.
2023-08-28 09:33:34,041 [main] INFO  server.StorageContainerManager (StorageContainerManager.java:stopReplicationManager(1724)) - Stopping Replication Manager Service.
2023-08-28 09:33:34,041 [main] INFO  replication.ReplicationManager (ReplicationManager.java:stop(323)) - Stopping Replication Monitor Thread.
2023-08-28 09:33:34,041 [Under Replicated Processor] WARN  replication.UnhealthyReplicationProcessor (UnhealthyReplicationProcessor.java:run(180)) - Under Replicated Processor interrupted. Exiting...
2023-08-28 09:33:34,041 [Over Replicated Processor] WARN  replication.UnhealthyReplicationProcessor (UnhealthyReplicationProcessor.java:run(180)) - Over Replicated Processor interrupted. Exiting...
2023-08-28 09:33:34,042 [ReplicationMonitor] INFO  replication.ReplicationManager (ReplicationManager.java:run(921)) - Replication Monitor Thread is stopped
2023-08-28 09:33:34,042 [main] INFO  server.StorageContainerManager (StorageContainerManager.java:stop(1600)) - Stopping the Datanode Admin Monitor.
2023-08-28 09:33:34,042 [main] INFO  server.StorageContainerManager (StorageContainerManager.java:stop(1607)) - Stopping datanode service RPC server
2023-08-28 09:33:34,042 [main] INFO  server.SCMDatanodeProtocolServer (SCMDatanodeProtocolServer.java:stop(424)) - Stopping the RPC server for DataNodes
2023-08-28 09:33:34,043 [main] INFO  ipc.Server (Server.java:stop(3523)) - Stopping server on 15055
2023-08-28 09:33:34,044 [IPC Server listener on 15055] INFO  ipc.Server (Server.java:run(1434)) - Stopping IPC Server listener on 15055
2023-08-28 09:33:34,049 [IPC Server Responder] INFO  ipc.Server (Server.java:run(1567)) - Stopping IPC Server Responder
2023-08-28 09:33:34,052 [SCM Heartbeat Processing Thread - 0] WARN  node.NodeStateManager (NodeStateManager.java:scheduleNextHealthCheck(874)) - Current Thread is interrupted, shutting down HB processing thread for Node Manager.
2023-08-28 09:33:34,052 [main] INFO  server.StorageContainerManager (StorageContainerManager.java:stop(1615)) - Stopping block service RPC server
2023-08-28 09:33:34,052 [main] INFO  server.SCMBlockProtocolServer (SCMBlockProtocolServer.java:stop(161)) - Stopping the RPC server for Block Protocol
2023-08-28 09:33:34,052 [main] INFO  ipc.Server (Server.java:stop(3523)) - Stopping server on 15054
2023-08-28 09:33:34,053 [IPC Server listener on 15054] INFO  ipc.Server (Server.java:run(1434)) - Stopping IPC Server listener on 15054
2023-08-28 09:33:34,056 [IPC Server Responder] INFO  ipc.Server (Server.java:run(1567)) - Stopping IPC Server Responder
2023-08-28 09:33:34,056 [main] INFO  server.StorageContainerManager (StorageContainerManager.java:stop(1622)) - Stopping the StorageContainerLocationProtocol RPC server
2023-08-28 09:33:34,056 [main] INFO  server.SCMClientProtocolServer (SCMClientProtocolServer.java:stop(210)) - Stopping the RPC server for Client Protocol
2023-08-28 09:33:34,056 [main] INFO  ipc.Server (Server.java:stop(3523)) - Stopping server on 15053
2023-08-28 09:33:34,057 [IPC Server listener on 15053] INFO  ipc.Server (Server.java:run(1434)) - Stopping IPC Server listener on 15053
2023-08-28 09:33:34,059 [IPC Server Responder] INFO  ipc.Server (Server.java:run(1567)) - Stopping IPC Server Responder
2023-08-28 09:33:34,060 [main] INFO  server.StorageContainerManager (StorageContainerManager.java:stop(1629)) - Stopping Storage Container Manager HTTP server.
2023-08-28 09:33:34,061 [main] INFO  handler.ContextHandler (ContextHandler.java:doStop(1159)) - Stopped o.e.j.w.WebAppContext@37e69b7e{scm,/,null,STOPPED}{file:/home/runner/work/ozone/ozone/hadoop-ozone/integration-test/target/test-classes/webapps/scm}
2023-08-28 09:33:34,062 [main] INFO  server.AbstractConnector (AbstractConnector.java:doStop(383)) - Stopped ServerConnector@739bbc14{HTTP/1.1, (http/1.1)}{0.0.0.0:15056}
2023-08-28 09:33:34,062 [main] INFO  server.session (HouseKeeper.java:stopScavenging(149)) - node0 Stopped scavenging
2023-08-28 09:33:34,062 [main] INFO  handler.ContextHandler (ContextHandler.java:doStop(1159)) - Stopped o.e.j.s.ServletContextHandler@651c471f{static,/static,file:///home/runner/work/ozone/ozone/hadoop-ozone/integration-test/target/test-classes/webapps/static,STOPPED}
2023-08-28 09:33:34,062 [main] INFO  handler.ContextHandler (ContextHandler.java:doStop(1159)) - Stopped o.e.j.s.ServletContextHandler@63b2bb62{logs,/logs,file:///home/runner/work/ozone/ozone/hadoop-ozone/integration-test/target/log,STOPPED}
2023-08-28 09:33:34,064 [main] INFO  server.StorageContainerManager (StorageContainerManager.java:stop(1637)) - Stopping SCM LayoutVersionManager Service.
2023-08-28 09:33:34,064 [main] INFO  server.StorageContainerManager (StorageContainerManager.java:stop(1649)) - Stopping Block Manager Service.
2023-08-28 09:33:34,064 [main] INFO  utils.BackgroundService (BackgroundService.java:shutdown(141)) - Shutting down service SCMBlockDeletingService
2023-08-28 09:33:34,065 [main] INFO  utils.BackgroundService (BackgroundService.java:shutdown(141)) - Shutting down service SCMBlockDeletingService
2023-08-28 09:33:34,065 [main] INFO  server.StorageContainerManager (StorageContainerManager.java:stop(1669)) - Stopping SCM Event Queue.
2023-08-28 09:33:34,066 [JvmPauseMonitor7] INFO  util.JvmPauseMonitor (JvmPauseMonitor.java:run(109)) - JvmPauseMonitor-c7e94084-b2c1-4f60-861e-dd19574e3c98: Stopped
2023-08-28 09:33:34,067 [main] INFO  server.StorageContainerManager (StorageContainerManager.java:stop(1680)) - Stopping SCM HA services.
2023-08-28 09:33:34,067 [main] INFO  pipeline.BackgroundPipelineCreator (BackgroundPipelineCreator.java:stop(149)) - Stopping RatisPipelineUtilsThread.
2023-08-28 09:33:34,067 [RatisPipelineUtilsThread - 0] WARN  pipeline.BackgroundPipelineCreator (BackgroundPipelineCreator.java:run(180)) - RatisPipelineUtilsThread is interrupted.
2023-08-28 09:33:34,067 [main] INFO  BackgroundPipelineScrubber (BackgroundSCMService.java:stop(131)) - Stopping BackgroundPipelineScrubber Service.
2023-08-28 09:33:34,067 [BackgroundPipelineScrubberThread] WARN  BackgroundPipelineScrubber (BackgroundSCMService.java:run(115)) - BackgroundPipelineScrubber is interrupted, exit
2023-08-28 09:33:34,068 [main] INFO  impl.MetricsSystemImpl (MetricsSystemImpl.java:stop(210)) - Stopping HddsDatanode metrics system...
2023-08-28 09:33:34,071 [prometheus] INFO  impl.MetricsSinkAdapter (MetricsSinkAdapter.java:publishMetricsFromQueue(141)) - prometheus thread interrupted.
2023-08-28 09:33:34,071 [main] INFO  impl.MetricsSystemImpl (MetricsSystemImpl.java:stop(216)) - HddsDatanode metrics system stopped.
2023-08-28 09:33:34,071 [main] WARN  pipeline.BackgroundPipelineCreator (BackgroundPipelineCreator.java:stop(145)) - RatisPipelineUtilsThread is not running, just ignore.
2023-08-28 09:33:34,071 [main] INFO  BackgroundPipelineScrubber (BackgroundSCMService.java:stop(126)) - BackgroundPipelineScrubber Service is not running, skip stop.
2023-08-28 09:33:34,071 [main] INFO  ExpiredContainerReplicaOpScrubber (BackgroundSCMService.java:stop(131)) - Stopping ExpiredContainerReplicaOpScrubber Service.
2023-08-28 09:33:34,071 [ExpiredContainerReplicaOpScrubberThread] WARN  ExpiredContainerReplicaOpScrubber (BackgroundSCMService.java:run(115)) - ExpiredContainerReplicaOpScrubber is interrupted, exit
2023-08-28 09:33:34,071 [main] INFO  utils.BackgroundService (BackgroundService.java:shutdown(141)) - Shutting down service SCMBlockDeletingService
2023-08-28 09:33:34,071 [main] INFO  replication.ReplicationManager (ReplicationManager.java:stop(333)) - Replication Monitor Thread is not running.
2023-08-28 09:33:34,071 [main] WARN  balancer.ContainerBalancer (ContainerBalancer.java:stop(326)) - Cannot stop Container Balancer because it's not running or stopping
2023-08-28 09:33:34,072 [Lease Manager-LeaseManager#LeaseMonitor] WARN  lease.LeaseManager (LeaseManager.java:run(272)) - Lease manager is interrupted. Shutting down...
java.lang.InterruptedException
	at java.util.concurrent.locks.AbstractQueuedSynchronizer.doAcquireSharedNanos(AbstractQueuedSynchronizer.java:1039)
	at java.util.concurrent.locks.AbstractQueuedSynchronizer.tryAcquireSharedNanos(AbstractQueuedSynchronizer.java:1328)
	at java.util.concurrent.Semaphore.tryAcquire(Semaphore.java:409)
	at org.apache.hadoop.ozone.lease.LeaseManager$LeaseMonitor.run(LeaseManager.java:270)
	at java.lang.Thread.run(Thread.java:750)
2023-08-28 09:33:34,072 [main] INFO  server.StorageContainerManager (StorageContainerManager.java:stop(1715)) - Stopping SCM MetadataStore.
2023-08-28 09:33:34,132 [main] WARN  server.ServerUtils (ServerUtils.java:getScmDbDir(155)) - ozone.scm.db.dirs is not configured. We recommend adding this setting. Falling back to ozone.metadata.dirs instead.
2023-08-28 09:33:34,136 [main] WARN  server.ServerUtils (ServerUtils.java:getScmDbDir(155)) - ozone.scm.db.dirs is not configured. We recommend adding this setting. Falling back to ozone.metadata.dirs instead.
2023-08-28 09:33:34,137 [main] INFO  ha.SCMHANodeDetails (SCMHANodeDetails.java:loadSCMHAConfig(210)) - ServiceID for StorageContainerManager is null
2023-08-28 09:33:34,137 [main] INFO  ha.SCMHANodeDetails (SCMHANodeDetails.java:loadSCMHAConfig(215)) - ozone.scm.default.service.id is not defined, falling back to ozone.scm.service.ids to find serviceID for StorageContainerManager if it is HA enabled cluster
2023-08-28 09:33:34,138 [main] WARN  utils.HAUtils (HAUtils.java:getMetaDir(339)) - ozone.scm.db.dirs is not configured. We recommend adding this setting. Falling back to ozone.metadata.dirs instead.
2023-08-28 09:33:34,138 [main] WARN  db.DBStoreBuilder (DBStoreBuilder.java:applyDBDefinition(166)) - ozone.scm.db.dirs is not configured. We recommend adding this setting. Falling back to ozone.metadata.dirs instead.
2023-08-28 09:33:34,240 [main] INFO  net.NodeSchemaLoader (NodeSchemaLoader.java:loadSchemaFromFile(129)) - Loading schema from [jar:file:/home/runner/.m2/repository/org/apache/ozone/hdds-common/1.4.0-SNAPSHOT/hdds-common-1.4.0-SNAPSHOT.jar!/network-topology-default.xml]
2023-08-28 09:33:34,240 [main] INFO  net.NodeSchemaLoader (NodeSchemaLoader.java:loadSchema(176)) - Loading network topology layer schema file
2023-08-28 09:33:34,243 [main] INFO  upgrade.AbstractLayoutVersionManager (AbstractLayoutVersionManager.java:init(83)) - Initializing Layout version manager with metadata layout = HADOOP_PRC_PORTS_IN_DATANODEDETAILS (version = 7), software layout = HADOOP_PRC_PORTS_IN_DATANODEDETAILS (version = 7)
2023-08-28 09:33:34,245 [main] INFO  ha.SequenceIdGenerator (SequenceIdGenerator.java:upgradeToSequenceId(365)) - upgrade localId to 111677748019200000
2023-08-28 09:33:34,245 [main] INFO  ha.SequenceIdGenerator (SequenceIdGenerator.java:upgradeToSequenceId(375)) - upgrade delTxnId to 0
2023-08-28 09:33:34,246 [main] INFO  ha.SequenceIdGenerator (SequenceIdGenerator.java:upgradeToSequenceId(392)) - upgrade containerId to 0
2023-08-28 09:33:34,247 [main] INFO  ha.SequenceIdGenerator (SequenceIdGenerator.java:upgradeToSequenceId(428)) - upgrade rootCertificateId to 1
2023-08-28 09:33:34,247 [main] INFO  ha.SequenceIdGenerator (SequenceIdGenerator.java:<init>(236)) - Init the HA SequenceIdGenerator.
2023-08-28 09:33:34,247 [main] WARN  server.ServerUtils (ServerUtils.java:sanitizeUserArgs(80)) - ozone.scm.stale.node.interval value = 300000 is larger than max = 100000 based on the key value of ozone.scm.heartbeat.thread.interval, reset to the max value 100000.
2023-08-28 09:33:34,247 [main] WARN  server.ServerUtils (ServerUtils.java:sanitizeUserArgs(80)) - ozone.scm.stale.node.interval value = 300000 is larger than max = 100000 based on the key value of ozone.scm.heartbeat.thread.interval, reset to the max value 100000.
2023-08-28 09:33:34,247 [main] INFO  node.SCMNodeManager (SCMNodeManager.java:<init>(157)) - Entering startup safe mode.
2023-08-28 09:33:34,248 [main] INFO  algorithms.ContainerPlacementPolicyFactory (ContainerPlacementPolicyFactory.java:getPolicyInternal(86)) - Create container placement policy of type org.apache.hadoop.hdds.scm.container.placement.algorithms.SCMContainerPlacementRackAware
2023-08-28 09:33:34,248 [main] INFO  algorithms.ContainerPlacementPolicyFactory (ContainerPlacementPolicyFactory.java:getPolicyInternal(86)) - Create container placement policy of type org.apache.hadoop.hdds.scm.container.placement.algorithms.SCMContainerPlacementRackScatter
2023-08-28 09:33:34,248 [main] INFO  pipeline.PipelineStateManagerImpl (PipelineStateManagerImpl.java:initialize(78)) - No pipeline exists in current db
2023-08-28 09:33:34,248 [main] INFO  algorithms.LeaderChoosePolicyFactory (LeaderChoosePolicyFactory.java:getPolicy(57)) - Create leader choose policy of type org.apache.hadoop.hdds.scm.pipeline.leader.choose.algorithms.MinLeaderCountChoosePolicy
2023-08-28 09:33:34,248 [main] INFO  algorithms.ContainerPlacementPolicyFactory (ContainerPlacementPolicyFactory.java:getPolicyInternal(86)) - Create container placement policy of type org.apache.hadoop.hdds.scm.container.placement.algorithms.SCMContainerPlacementRackScatter
2023-08-28 09:33:34,249 [main] INFO  ha.SCMServiceManager (SCMServiceManager.java:register(42)) - Registering service BackgroundPipelineCreator.
2023-08-28 09:33:34,249 [main] INFO  pipeline.BackgroundPipelineCreator (BackgroundPipelineCreator.java:start(124)) - Starting RatisPipelineUtilsThread.
2023-08-28 09:33:34,249 [main] INFO  BackgroundPipelineScrubber (BackgroundSCMService.java:start(68)) - Starting BackgroundPipelineScrubber Service.
2023-08-28 09:33:34,249 [main] INFO  ha.SCMServiceManager (SCMServiceManager.java:register(42)) - Registering service BackgroundPipelineScrubber.
2023-08-28 09:33:34,249 [main] INFO  ExpiredContainerReplicaOpScrubber (BackgroundSCMService.java:start(68)) - Starting ExpiredContainerReplicaOpScrubber Service.
2023-08-28 09:33:34,250 [main] INFO  ha.SCMServiceManager (SCMServiceManager.java:register(42)) - Registering service ExpiredContainerReplicaOpScrubber.
2023-08-28 09:33:34,250 [main] INFO  algorithms.PipelineChoosePolicyFactory (PipelineChoosePolicyFactory.java:createPipelineChoosePolicyFromClass(78)) - Create pipeline choose policy of type org.apache.hadoop.hdds.scm.pipeline.choose.algorithms.RandomPipelineChoosePolicy
2023-08-28 09:33:34,250 [main] INFO  algorithms.PipelineChoosePolicyFactory (PipelineChoosePolicyFactory.java:createPipelineChoosePolicyFromClass(78)) - Create pipeline choose policy of type org.apache.hadoop.hdds.scm.pipeline.choose.algorithms.RandomPipelineChoosePolicy
2023-08-28 09:33:34,251 [main] INFO  ha.SCMServiceManager (SCMServiceManager.java:register(42)) - Registering service SCMBlockDeletingService.
2023-08-28 09:33:34,252 [main] INFO  replication.ReplicationManager (ReplicationManager.java:start(291)) - Starting Replication Monitor Thread.
2023-08-28 09:33:34,252 [main] INFO  ha.SCMServiceManager (SCMServiceManager.java:register(42)) - Registering service ReplicationManager.
2023-08-28 09:33:34,253 [ReplicationMonitor] INFO  replication.ReplicationManager (ReplicationManager.java:processAll(365)) - Replication Manager is not ready to run until 3000ms after safemode exit
2023-08-28 09:33:34,253 [main] INFO  safemode.ContainerSafeModeRule (ContainerSafeModeRule.java:<init>(90)) - containers with one replica threshold count 0
2023-08-28 09:33:34,253 [main] INFO  safemode.HealthyPipelineSafeModeRule (HealthyPipelineSafeModeRule.java:initializeRule(169)) - Total pipeline count is 0, healthy pipeline threshold count is 1
2023-08-28 09:33:34,254 [main] INFO  safemode.OneReplicaPipelineSafeModeRule (OneReplicaPipelineSafeModeRule.java:initializeRule(180)) - Total pipeline count is 0, pipeline's with at least one datanode reported threshold count is 0
2023-08-28 09:33:34,254 [main] INFO  server.StorageContainerManager (StorageContainerManager.java:<init>(425)) - SCM start with adminUsers: [runner]
2023-08-28 09:33:34,254 [main] INFO  ipc.CallQueueManager (CallQueueManager.java:<init>(90)) - Using callQueue: class java.util.concurrent.LinkedBlockingQueue, queueCapacity: 2000, scheduler: class org.apache.hadoop.ipc.DefaultRpcScheduler, ipcBackoff: false.
2023-08-28 09:33:34,255 [main] INFO  ipc.Server (Server.java:<init>(1287)) - Listener at 0.0.0.0:15108
2023-08-28 09:33:34,255 [Socket Reader #1 for port 15108] INFO  ipc.Server (Server.java:run(1323)) - Starting Socket Reader #1 for port 15108
2023-08-28 09:33:34,256 [main] INFO  ipc.CallQueueManager (CallQueueManager.java:<init>(90)) - Using callQueue: class java.util.concurrent.LinkedBlockingQueue, queueCapacity: 2000, scheduler: class org.apache.hadoop.ipc.DefaultRpcScheduler, ipcBackoff: false.
2023-08-28 09:33:34,256 [main] INFO  ipc.Server (Server.java:<init>(1287)) - Listener at 0.0.0.0:15107
2023-08-28 09:33:34,259 [main] INFO  ipc.CallQueueManager (CallQueueManager.java:<init>(90)) - Using callQueue: class java.util.concurrent.LinkedBlockingQueue, queueCapacity: 2000, scheduler: class org.apache.hadoop.ipc.DefaultRpcScheduler, ipcBackoff: false.
2023-08-28 09:33:34,259 [main] INFO  ipc.Server (Server.java:<init>(1287)) - Listener at 0.0.0.0:15106
2023-08-28 09:33:34,260 [Socket Reader #1 for port 15107] INFO  ipc.Server (Server.java:run(1323)) - Starting Socket Reader #1 for port 15107
2023-08-28 09:33:34,265 [Socket Reader #1 for port 15106] INFO  ipc.Server (Server.java:run(1323)) - Starting Socket Reader #1 for port 15106
2023-08-28 09:33:34,269 [main] INFO  ha.SCMServiceManager (SCMServiceManager.java:register(42)) - Registering service ContainerBalancer.
2023-08-28 09:33:34,269 [main] INFO  server.StorageContainerManager (StorageContainerManager.java:<init>(438)) - 
Container Balancer status:
Key                            Value
Running                        false
Container Balancer Configuration values:
Key                                                Value
Threshold                                          10
Max Datanodes to Involve per Iteration(percent)    20
Max Size to Move per Iteration                     500GB
Max Size Entering Target per Iteration             26GB
Max Size Leaving Source per Iteration              26GB

2023-08-28 09:33:34,269 [main] INFO  ha.SCMContext (SCMContext.java:updateSafeModeStatus(228)) - Update SafeModeStatus from SafeModeStatus{safeModeStatus=true, preCheckPassed=false} to SafeModeStatus{safeModeStatus=true, preCheckPassed=false}.
2023-08-28 09:33:34,269 [main] INFO  server.StorageContainerManager (StorageContainerManager.java:start(1483)) - StorageContainerLocationProtocol RPC server is listening at /0.0.0.0:15106
2023-08-28 09:33:34,271 [main] WARN  impl.MetricsConfig (MetricsConfig.java:loadFirst(136)) - Cannot locate configuration: tried hadoop-metrics2-storagecontainermanager.properties,hadoop-metrics2.properties
2023-08-28 09:33:34,271 [main] INFO  impl.MetricsSystemImpl (MetricsSystemImpl.java:startTimer(378)) - Scheduled Metric snapshot period at 10 second(s).
2023-08-28 09:33:34,271 [main] INFO  impl.MetricsSystemImpl (MetricsSystemImpl.java:start(191)) - StorageContainerManager metrics system started
2023-08-28 09:33:34,277 [main] INFO  impl.MetricsSinkAdapter (MetricsSinkAdapter.java:start(204)) - Sink prometheus started
2023-08-28 09:33:34,278 [main] INFO  impl.MetricsSystemImpl (MetricsSystemImpl.java:registerSink(305)) - Registered sink prometheus
2023-08-28 09:33:34,482 [main] INFO  server.SCMClientProtocolServer (SCMClientProtocolServer.java:start(201)) - RPC server for Client  is listening at /0.0.0.0:15106
2023-08-28 09:33:34,488 [IPC Server Responder] INFO  ipc.Server (Server.java:run(1562)) - IPC Server Responder: starting
2023-08-28 09:33:34,488 [IPC Server listener on 15106] INFO  ipc.Server (Server.java:run(1402)) - IPC Server listener on 15106: starting
2023-08-28 09:33:34,490 [main] INFO  server.StorageContainerManager (StorageContainerManager.java:start(1496)) - ScmBlockLocationProtocol RPC server is listening at /0.0.0.0:15107
2023-08-28 09:33:34,490 [main] INFO  server.SCMBlockProtocolServer (SCMBlockProtocolServer.java:start(152)) - RPC server for Block Protocol is listening at /0.0.0.0:15107
2023-08-28 09:33:34,491 [IPC Server Responder] INFO  ipc.Server (Server.java:run(1562)) - IPC Server Responder: starting
2023-08-28 09:33:34,491 [IPC Server listener on 15107] INFO  ipc.Server (Server.java:run(1402)) - IPC Server listener on 15107: starting
2023-08-28 09:33:34,493 [main] INFO  server.SCMDatanodeProtocolServer (SCMDatanodeProtocolServer.java:start(193)) - ScmDatanodeProtocol RPC server for DataNodes is listening at /0.0.0.0:15108
2023-08-28 09:33:34,493 [IPC Server Responder] INFO  ipc.Server (Server.java:run(1562)) - IPC Server Responder: starting
2023-08-28 09:33:34,493 [IPC Server listener on 15108] INFO  ipc.Server (Server.java:run(1402)) - IPC Server listener on 15108: starting
2023-08-28 09:33:34,498 [main] INFO  http.BaseHttpServer (BaseHttpServer.java:newHttpServer2BuilderForOzone(223)) - Starting Web-server for scm at: http://0.0.0.0:15109
2023-08-28 09:33:34,498 [main] INFO  http.BaseHttpServer (BaseHttpServer.java:<init>(110)) - Hadoop Security Enabled: false Ozone Security Enabled: false Ozone HTTP Security Enabled: false 
2023-08-28 09:33:34,500 [JvmPauseMonitor14] INFO  util.JvmPauseMonitor (JvmPauseMonitor.java:run(103)) - JvmPauseMonitor-8692bce6-2e3b-4507-ab11-05510610508a: Started
2023-08-28 09:33:34,500 [main] WARN  server.AuthenticationFilter (AuthenticationFilter.java:constructSecretProvider(240)) - Unable to initialize FileSignerSecretProvider, falling back to use random secrets. Reason: Could not read signature secret file: /home/runner/hadoop-http-auth-signature-secret
2023-08-28 09:33:34,500 [main] INFO  http.HttpRequestLog (HttpRequestLog.java:getRequestLog(86)) - Http request log for http.requests.scm is not defined
2023-08-28 09:33:34,502 [main] INFO  http.HttpServer2 (HttpServer2.java:addGlobalFilter(1031)) - Added global filter 'safety' (class=org.apache.hadoop.hdds.server.http.HttpServer2$QuotingInputFilter)
2023-08-28 09:33:34,504 [main] INFO  http.HttpServer2 (HttpServer2.java:addFilter(1007)) - Added filter static_user_filter (class=org.apache.hadoop.http.lib.StaticUserWebFilter$StaticUserFilter) to context scm
2023-08-28 09:33:34,504 [main] INFO  http.HttpServer2 (HttpServer2.java:addFilter(1015)) - Added filter static_user_filter (class=org.apache.hadoop.http.lib.StaticUserWebFilter$StaticUserFilter) to context static
2023-08-28 09:33:34,504 [main] INFO  http.HttpServer2 (HttpServer2.java:addFilter(1015)) - Added filter static_user_filter (class=org.apache.hadoop.http.lib.StaticUserWebFilter$StaticUserFilter) to context logs
2023-08-28 09:33:34,504 [main] INFO  http.BaseHttpServer (BaseHttpServer.java:<init>(189)) - HTTP server of scm uses base directory /home/runner/work/ozone/ozone/hadoop-ozone/integration-test/target/test-dir/MiniOzoneClusterImpl-ff034f8e-8080-4075-bf38-01537132cba4/ozone-meta/webserver
2023-08-28 09:33:34,506 [main] INFO  http.HttpServer2 (HttpServer2.java:bindListener(1231)) - Jetty bound to port 15109
2023-08-28 09:33:34,506 [main] INFO  server.Server (Server.java:doStart(375)) - jetty-9.4.51.v20230217; built: 2023-02-17T08:19:37.309Z; git: b45c405e4544384de066f814ed42ae3dceacdd49; jvm 1.8.0_382-b05
2023-08-28 09:33:34,507 [main] INFO  server.session (DefaultSessionIdManager.java:doStart(334)) - DefaultSessionIdManager workerName=node0
2023-08-28 09:33:34,508 [main] INFO  server.session (DefaultSessionIdManager.java:doStart(339)) - No SessionScavenger set, using defaults
2023-08-28 09:33:34,508 [main] INFO  server.session (HouseKeeper.java:startScavenging(132)) - node0 Scavenging every 660000ms
2023-08-28 09:33:34,509 [main] INFO  handler.ContextHandler (ContextHandler.java:doStart(921)) - Started o.e.j.s.ServletContextHandler@6e746639{logs,/logs,file:///home/runner/work/ozone/ozone/hadoop-ozone/integration-test/target/log,AVAILABLE}
2023-08-28 09:33:34,509 [main] INFO  handler.ContextHandler (ContextHandler.java:doStart(921)) - Started o.e.j.s.ServletContextHandler@4cc5d71d{static,/static,file:///home/runner/work/ozone/ozone/hadoop-ozone/integration-test/target/test-classes/webapps/static,AVAILABLE}
2023-08-28 09:33:34,512 [main] INFO  handler.ContextHandler (ContextHandler.java:doStart(921)) - Started o.e.j.w.WebAppContext@6efffd0b{scm,/,file:///home/runner/work/ozone/ozone/hadoop-ozone/integration-test/target/test-classes/webapps/scm/,AVAILABLE}{file:/home/runner/work/ozone/ozone/hadoop-ozone/integration-test/target/test-classes/webapps/scm}
2023-08-28 09:33:34,514 [main] INFO  server.AbstractConnector (AbstractConnector.java:doStart(333)) - Started ServerConnector@7229114e{HTTP/1.1, (http/1.1)}{0.0.0.0:15109}
2023-08-28 09:33:34,515 [main] INFO  server.Server (Server.java:doStart(415)) - Started @162852ms
2023-08-28 09:33:34,515 [main] WARN  impl.MetricsSystemImpl (MetricsSystemImpl.java:register(279)) - Sink prometheus already exists!
2023-08-28 09:33:34,515 [main] INFO  http.BaseHttpServer (BaseHttpServer.java:updateConnectorAddress(354)) - HTTP server of scm listening at http://0.0.0.0:15109
2023-08-28 09:33:34,516 [main] WARN  server.ServerUtils (ServerUtils.java:getDBPath(311)) - ozone.om.db.dirs is not configured. We recommend adding this setting. Falling back to ozone.metadata.dirs instead.
2023-08-28 09:33:34,518 [main] INFO  ha.OMHANodeDetails (OMHANodeDetails.java:loadOMHAConfig(115)) - ozone.om.internal.service.id is not defined, falling back to ozone.om.service.ids to find serviceID for OzoneManager if it is HA enabled cluster
2023-08-28 09:33:34,518 [main] INFO  ha.OMHANodeDetails (OMHANodeDetails.java:loadOMHAConfig(226)) - Configuration does not have ozone.om.address set. Falling back to the default OM address /127.0.0.1:15110
2023-08-28 09:33:34,518 [main] INFO  ha.OMHANodeDetails (OMHANodeDetails.java:getOMNodeDetailsForNonHA(254)) - OM Service ID is not set. Setting it to the default ID: omServiceIdDefault
2023-08-28 09:33:34,518 [main] INFO  ha.OMHANodeDetails (OMHANodeDetails.java:getOMNodeDetailsForNonHA(261)) - OM Node ID is not set. Setting it to the default ID: om1
2023-08-28 09:33:34,518 [main] WARN  server.ServerUtils (ServerUtils.java:getDBPath(311)) - ozone.om.db.dirs is not configured. We recommend adding this setting. Falling back to ozone.metadata.dirs instead.
2023-08-28 09:33:34,520 [main] INFO  upgrade.AbstractLayoutVersionManager (AbstractLayoutVersionManager.java:init(83)) - Initializing Layout version manager with metadata layout = QUOTA (version = 6), software layout = QUOTA (version = 6)
2023-08-28 09:33:34,610 [main] INFO  reflections.Reflections (Reflections.java:scan(232)) - Reflections took 89 ms to scan 2 urls, producing 188 keys and 512 values [using 2 cores]
2023-08-28 09:33:34,611 [main] INFO  upgrade.OMLayoutVersionManager (OMLayoutVersionManager.java:lambda$0(115)) - Skipping Upgrade Action MockOmUpgradeAction since it has been finalized.
2023-08-28 09:33:34,611 [main] INFO  upgrade.OMLayoutVersionManager (OMLayoutVersionManager.java:lambda$0(115)) - Skipping Upgrade Action QuotaRepairUpgradeAction since it has been finalized.
2023-08-28 09:33:34,611 [main] WARN  server.ServerUtils (ServerUtils.java:getDBPath(311)) - ozone.om.db.dirs is not configured. We recommend adding this setting. Falling back to ozone.metadata.dirs instead.
2023-08-28 09:33:34,613 [main] INFO  proxy.SCMBlockLocationFailoverProxyProvider (SCMBlockLocationFailoverProxyProvider.java:<init>(114)) - Created block location fail-over proxy with 1 nodes: [nodeId=scmNodeId,nodeAddress=/0.0.0.0:15107]
2023-08-28 09:33:34,615 [main] INFO  proxy.SCMBlockLocationFailoverProxyProvider (SCMBlockLocationFailoverProxyProvider.java:<init>(114)) - Created block location fail-over proxy with 1 nodes: [nodeId=scmNodeId,nodeAddress=/0.0.0.0:15107]
2023-08-28 09:33:34,625 [main] INFO  om.OzoneManager (OzoneManager.java:<init>(662)) - OM start with adminUsers: [runner]
2023-08-28 09:33:34,627 [main] WARN  server.ServerUtils (ServerUtils.java:getDBPath(311)) - ozone.om.db.dirs is not configured. We recommend adding this setting. Falling back to ozone.metadata.dirs instead.
2023-08-28 09:33:34,627 [main] INFO  helpers.OmKeyInfo (OmKeyInfo.java:getCodec(71)) - OmKeyInfo.getCodec ignorePipeline = true
2023-08-28 09:33:34,813 [main] INFO  om.OzoneManager (OzoneManager.java:instantiateServices(791)) - S3 Multi-Tenancy is disabled
2023-08-28 09:33:34,814 [main] INFO  om.OmSnapshotManager (OmSnapshotManager.java:<init>(175)) - Ozone filesystem snapshot feature is enabled.
2023-08-28 09:33:34,814 [main] WARN  server.ServerUtils (ServerUtils.java:getDBPath(311)) - ozone.om.snapshot.diff.db.dir is not configured. We recommend adding this setting. Falling back to ozone.metadata.dirs instead.
2023-08-28 09:33:34,834 [main] INFO  snapshot.SnapshotDiffManager (SnapshotDiffManager.java:closeExecutorService(1720)) - Shutting down executorService: 'SstDumpToolExecutor'
2023-08-28 09:33:34,836 [main] INFO  om.OzoneManager (OzoneManager.java:addS3GVolumeToDB(4284)) - Created Volume s3v With Owner runner required for S3Gateway operations.
2023-08-28 09:33:34,836 [main] WARN  server.ServerUtils (ServerUtils.java:getDefaultRatisDirectory(323)) - Storage directory for Ratis is not configured. It is a good idea to map this to an SSD disk. Falling back to ozone.metadata.dirs
2023-08-28 09:33:34,836 [main] WARN  utils.OzoneManagerRatisUtils (OzoneManagerRatisUtils.java:getOMRatisSnapshotDirectory(461)) - ozone.om.ratis.snapshot.dir is not configured. Falling back to ozone.metadata.dirs config
2023-08-28 09:33:34,837 [main] WARN  server.ServerUtils (ServerUtils.java:getDefaultRatisDirectory(323)) - Storage directory for Ratis is not configured. It is a good idea to map this to an SSD disk. Falling back to ozone.metadata.dirs
2023-08-28 09:33:34,838 [main] INFO  ratis.OzoneManagerRatisServer (OzoneManagerRatisServer.java:<init>(163)) - Instantiating OM Ratis server with groupID: omServiceIdDefault and peers: localhost:15113
2023-08-28 09:33:34,838 [main] INFO  ratis.OzoneManagerStateMachine (OzoneManagerStateMachine.java:loadSnapshotInfoFromDB(687)) - LastAppliedIndex is set from TransactionInfo from OM DB as (t:0, i:~)
2023-08-28 09:33:34,844 [main] INFO  server.RaftServer (ConfUtils.java:logGet(46)) - raft.rpc.type = GRPC (default)
2023-08-28 09:33:34,844 [main] INFO  grpc.GrpcConfigKeys (ConfUtils.java:logFallback(53)) - raft.grpc.admin.host = null (fallback to raft.grpc.server.host)
2023-08-28 09:33:34,844 [main] INFO  grpc.GrpcConfigKeys (ConfUtils.java:logFallback(53)) - raft.grpc.admin.port = 15113 (fallback to raft.grpc.server.port)
2023-08-28 09:33:34,844 [main] INFO  grpc.GrpcConfigKeys (ConfUtils.java:logFallback(53)) - raft.grpc.client.host = null (fallback to raft.grpc.server.host)
2023-08-28 09:33:34,844 [main] INFO  grpc.GrpcConfigKeys (ConfUtils.java:logFallback(53)) - raft.grpc.client.port = 15113 (fallback to raft.grpc.server.port)
2023-08-28 09:33:34,844 [main] INFO  grpc.GrpcConfigKeys (ConfUtils.java:logGet(46)) - raft.grpc.server.host = null (default)
2023-08-28 09:33:34,844 [main] INFO  grpc.GrpcConfigKeys (ConfUtils.java:logGet(46)) - raft.grpc.server.port = 15113 (custom)
2023-08-28 09:33:34,845 [main] INFO  server.GrpcService (ConfUtils.java:logGet(46)) - raft.grpc.message.size.max = 33554432 (custom)
2023-08-28 09:33:34,845 [main] INFO  server.RaftServerConfigKeys (ConfUtils.java:logGet(46)) - raft.server.log.appender.buffer.byte-limit = 33554432 (custom)
2023-08-28 09:33:34,845 [main] INFO  server.GrpcService (ConfUtils.java:logGet(46)) - raft.grpc.flow.control.window = 1MB (=1048576) (default)
2023-08-28 09:33:34,845 [main] INFO  server.RaftServerConfigKeys (ConfUtils.java:logGet(46)) - raft.server.rpc.request.timeout = 3000ms (default)
2023-08-28 09:33:34,845 [main] INFO  grpc.GrpcConfigKeys (ConfUtils.java:logGet(46)) - raft.grpc.server.heartbeat.channel = true (default)
2023-08-28 09:33:34,845 [main] INFO  grpc.GrpcConfigKeys (ConfUtils.java:logGet(46)) - raft.grpc.server.async.request.thread.pool.cached = true (default)
2023-08-28 09:33:34,845 [main] INFO  grpc.GrpcConfigKeys (ConfUtils.java:logGet(46)) - raft.grpc.server.async.request.thread.pool.size = 32 (default)
2023-08-28 09:33:34,847 [main] INFO  impl.DataStreamServerImpl (ConfUtils.java:logGet(46)) - raft.datastream.type = DISABLED (default)
2023-08-28 09:33:34,848 [main] INFO  server.RaftServerConfigKeys (ConfUtils.java:logGet(46)) - raft.server.threadpool.proxy.cached = true (default)
2023-08-28 09:33:34,848 [main] INFO  server.RaftServerConfigKeys (ConfUtils.java:logGet(46)) - raft.server.threadpool.proxy.size = 0 (default)
2023-08-28 09:33:34,848 [main] INFO  server.RaftServerConfigKeys (ConfUtils.java:logGet(46)) - raft.server.rpc.slowness.timeout = 120s (custom)
2023-08-28 09:33:34,848 [main] INFO  server.RaftServerConfigKeys (ConfUtils.java:logGet(46)) - raft.server.leaderelection.leader.step-down.wait-time = 10s (default)
2023-08-28 09:33:34,848 [main] INFO  server.RaftServerConfigKeys (ConfUtils.java:logGet(46)) - raft.server.storage.dir = [/home/runner/work/ozone/ozone/hadoop-ozone/integration-test/target/test-dir/MiniOzoneClusterImpl-ff034f8e-8080-4075-bf38-01537132cba4/ozone-meta/ratis] (custom)
2023-08-28 09:33:34,851 [main] INFO  server.RaftServer (RaftServerProxy.java:addNew(98)) - om1: addNew group-C5BA1605619E:[om1|rpc:localhost:15113|priority:0|startupRole:FOLLOWER] returns group-C5BA1605619E:java.util.concurrent.CompletableFuture@3b7e34af[Not completed]
2023-08-28 09:33:34,851 [om1-groupManagement] INFO  server.RaftServer$Division (RaftServerImpl.java:<init>(198)) - om1: new RaftServerImpl for group-C5BA1605619E:[om1|rpc:localhost:15113|priority:0|startupRole:FOLLOWER] with OzoneManagerStateMachine:uninitialized
2023-08-28 09:33:34,851 [main] INFO  om.OzoneManager (OzoneManager.java:initializeRatisServer(2128)) - OzoneManager Ratis server initialized at port 15113
2023-08-28 09:33:34,851 [om1-groupManagement] INFO  server.RaftServerConfigKeys (ConfUtils.java:logGet(46)) - raft.server.rpc.timeout.min = 1s (custom)
2023-08-28 09:33:34,851 [main] INFO  om.OzoneManager (OzoneManager.java:getRpcServer(1193)) - Creating RPC Server
2023-08-28 09:33:34,851 [om1-groupManagement] INFO  server.RaftServerConfigKeys (ConfUtils.java:logGet(46)) - raft.server.rpc.timeout.max = 1200ms (custom)
2023-08-28 09:33:34,852 [om1-groupManagement] INFO  server.RaftServerConfigKeys (ConfUtils.java:logGet(46)) - raft.server.rpc.sleep.time = 25ms (default)
2023-08-28 09:33:34,852 [om1-groupManagement] INFO  server.RaftServerConfigKeys (ConfUtils.java:logGet(46)) - raft.server.rpc.slowness.timeout = 120s (custom)
2023-08-28 09:33:34,852 [om1-groupManagement] INFO  server.RaftServerConfigKeys (ConfUtils.java:logGet(46)) - raft.server.leaderelection.leader.step-down.wait-time = 10s (default)
2023-08-28 09:33:34,852 [om1-groupManagement] INFO  server.RaftServerConfigKeys (ConfUtils.java:logGet(46)) - raft.server.sleep.deviation.threshold = 300ms (default)
2023-08-28 09:33:34,852 [om1-groupManagement] INFO  server.RaftServer$Division (ServerState.java:<init>(120)) - om1@group-C5BA1605619E: ConfigurationManager, init=-1: peers:[om1|rpc:localhost:15113|priority:0|startupRole:FOLLOWER]|listeners:[], old=null, confs=<EMPTY_MAP>
2023-08-28 09:33:34,852 [om1-groupManagement] INFO  server.RaftServerConfigKeys (ConfUtils.java:logGet(46)) - raft.server.storage.dir = [/home/runner/work/ozone/ozone/hadoop-ozone/integration-test/target/test-dir/MiniOzoneClusterImpl-ff034f8e-8080-4075-bf38-01537132cba4/ozone-meta/ratis] (custom)
2023-08-28 09:33:34,852 [om1-groupManagement] INFO  server.RaftServerConfigKeys (ConfUtils.java:logGet(46)) - raft.server.log.corruption.policy = EXCEPTION (default)
2023-08-28 09:33:34,852 [om1-groupManagement] INFO  server.RaftServerConfigKeys (ConfUtils.java:logGet(46)) - raft.server.storage.free-space.min = 0MB (=0) (default)
2023-08-28 09:33:34,853 [om1-groupManagement] INFO  server.RaftServerConfigKeys (ConfUtils.java:logGet(46)) - raft.server.notification.no-leader.timeout = 120s (custom)
2023-08-28 09:33:34,853 [om1-groupManagement] INFO  server.RaftServerConfigKeys (ConfUtils.java:logGet(46)) - raft.server.read.timeout = 10s (default)
2023-08-28 09:33:34,853 [om1-groupManagement] INFO  server.RaftServerConfigKeys (ConfUtils.java:logGet(46)) - raft.server.retrycache.expirytime = 300s (custom)
2023-08-28 09:33:34,853 [om1-groupManagement] INFO  server.RaftServerConfigKeys (ConfUtils.java:logGet(46)) - raft.server.retrycache.statistics.expirytime = 100μs (default)
2023-08-28 09:33:34,853 [om1-groupManagement] INFO  server.RaftServerConfigKeys (ConfUtils.java:logGet(46)) - raft.server.read.option = DEFAULT (default)
2023-08-28 09:33:34,856 [om1-groupManagement] INFO  server.RaftServerConfigKeys (ConfUtils.java:logGet(46)) - raft.server.rpc.request.timeout = 3000ms (default)
2023-08-28 09:33:34,856 [om1-groupManagement] INFO  server.RaftServerConfigKeys (ConfUtils.java:logGet(46)) - raft.server.log.appender.install.snapshot.enabled = false (custom)
2023-08-28 09:33:34,856 [om1-groupManagement] INFO  server.RaftServerConfigKeys (ConfUtils.java:logGet(46)) - raft.server.threadpool.server.cached = true (default)
2023-08-28 09:33:34,856 [om1-groupManagement] INFO  server.RaftServerConfigKeys (ConfUtils.java:logGet(46)) - raft.server.threadpool.server.size = 0 (default)
2023-08-28 09:33:34,856 [om1-groupManagement] INFO  server.RaftServerConfigKeys (ConfUtils.java:logGet(46)) - raft.server.threadpool.client.cached = true (default)
2023-08-28 09:33:34,856 [om1-groupManagement] INFO  server.RaftServerConfigKeys (ConfUtils.java:logGet(46)) - raft.server.threadpool.client.size = 0 (default)
2023-08-28 09:33:35,263 [main] INFO  reflections.Reflections (Reflections.java:scan(232)) - Reflections took 410 ms to scan 19 urls, producing 70 keys and 5669 values [using 2 cores]
2023-08-28 09:33:35,264 [main] INFO  ipc.CallQueueManager (CallQueueManager.java:<init>(90)) - Using callQueue: class java.util.concurrent.LinkedBlockingQueue, queueCapacity: 2000, scheduler: class org.apache.hadoop.ipc.DefaultRpcScheduler, ipcBackoff: false.
2023-08-28 09:33:35,265 [main] INFO  ipc.Server (Server.java:<init>(1287)) - Listener at 127.0.0.1:15110
2023-08-28 09:33:35,266 [Socket Reader #1 for port 15110] INFO  ipc.Server (Server.java:run(1323)) - Starting Socket Reader #1 for port 15110
2023-08-28 09:33:35,284 [main] INFO  impl.MetricsSystemImpl (MetricsSystemImpl.java:init(158)) - OzoneManager metrics system started (again)
2023-08-28 09:33:35,295 [main] INFO  om.OzoneManager (OzoneManager.java:start(1613)) - OzoneManager RPC server is listening at localhost/127.0.0.1:15110
2023-08-28 09:33:35,295 [main] INFO  ratis.OzoneManagerRatisServer (OzoneManagerRatisServer.java:start(558)) - Starting OzoneManagerRatisServer om1 at port 15113
2023-08-28 09:33:35,295 [om1-impl-thread1] INFO  storage.RaftStorageDirectory (RaftStorageDirectoryImpl.java:analyzeStorage(137)) - The storage directory /home/runner/work/ozone/ozone/hadoop-ozone/integration-test/target/test-dir/MiniOzoneClusterImpl-ff034f8e-8080-4075-bf38-01537132cba4/ozone-meta/ratis/bf265839-605b-3f16-9796-c5ba1605619e does not exist. Creating ...
2023-08-28 09:33:35,297 [om1-impl-thread1] INFO  storage.RaftStorageDirectory (RaftStorageDirectoryImpl.java:tryLock(231)) - Lock on /home/runner/work/ozone/ozone/hadoop-ozone/integration-test/target/test-dir/MiniOzoneClusterImpl-ff034f8e-8080-4075-bf38-01537132cba4/ozone-meta/ratis/bf265839-605b-3f16-9796-c5ba1605619e/in_use.lock acquired by nodename 61172@fv-az625-77
2023-08-28 09:33:35,298 [om1-impl-thread1] INFO  storage.RaftStorage (RaftStorageImpl.java:format(96)) - Storage directory /home/runner/work/ozone/ozone/hadoop-ozone/integration-test/target/test-dir/MiniOzoneClusterImpl-ff034f8e-8080-4075-bf38-01537132cba4/ozone-meta/ratis/bf265839-605b-3f16-9796-c5ba1605619e has been successfully formatted.
2023-08-28 09:33:35,298 [om1-impl-thread1] INFO  server.RaftServerConfigKeys (ConfUtils.java:logGet(46)) - raft.server.log.use.memory = false (default)
2023-08-28 09:33:35,298 [om1-impl-thread1] INFO  server.RaftServerConfigKeys (ConfUtils.java:logGet(46)) - raft.server.log.purge.gap = 1000000 (custom)
2023-08-28 09:33:35,298 [om1-impl-thread1] INFO  server.RaftServerConfigKeys (ConfUtils.java:logGet(46)) - raft.server.log.appender.buffer.byte-limit = 33554432 (custom)
2023-08-28 09:33:35,298 [om1-impl-thread1] INFO  server.RaftServerConfigKeys (ConfUtils.java:logGet(46)) - raft.server.log.statemachine.data.read.timeout = 1000ms (default)
2023-08-28 09:33:35,298 [om1-impl-thread1] INFO  server.RaftServerConfigKeys (ConfUtils.java:logGet(46)) - raft.server.log.purge.preservation.log.num = 0 (default)
2023-08-28 09:33:35,298 [om1-impl-thread1] INFO  server.RaftServerConfigKeys (ConfUtils.java:logGet(46)) - raft.server.log.segment.size.max = 4194304 (custom)
2023-08-28 09:33:35,299 [om1-impl-thread1] INFO  server.RaftServerConfigKeys (ConfUtils.java:logGet(46)) - raft.server.log.segment.cache.num.max = 2 (custom)
2023-08-28 09:33:35,299 [om1-impl-thread1] INFO  server.RaftServerConfigKeys (ConfUtils.java:logGet(46)) - raft.server.log.segment.cache.size.max = 200MB (=209715200) (default)
2023-08-28 09:33:35,299 [om1-impl-thread1] INFO  server.RaftServerConfigKeys (ConfUtils.java:logGet(46)) - raft.server.log.appender.buffer.byte-limit = 33554432 (custom)
2023-08-28 09:33:35,299 [om1-impl-thread1] INFO  segmented.SegmentedRaftLogWorker (SegmentedRaftLogWorker.java:<init>(188)) - new om1@group-C5BA1605619E-SegmentedRaftLogWorker for RaftStorageImpl:Storage Directory /home/runner/work/ozone/ozone/hadoop-ozone/integration-test/target/test-dir/MiniOzoneClusterImpl-ff034f8e-8080-4075-bf38-01537132cba4/ozone-meta/ratis/bf265839-605b-3f16-9796-c5ba1605619e
2023-08-28 09:33:35,299 [om1-impl-thread1] INFO  server.RaftServerConfigKeys (ConfUtils.java:logGet(46)) - raft.server.log.queue.byte-limit = 64MB (=67108864) (default)
2023-08-28 09:33:35,299 [om1-impl-thread1] INFO  server.RaftServerConfigKeys (ConfUtils.java:logGet(46)) - raft.server.log.queue.element-limit = 4096 (default)
2023-08-28 09:33:35,299 [om1-impl-thread1] INFO  server.RaftServerConfigKeys (ConfUtils.java:logGet(46)) - raft.server.log.segment.size.max = 4194304 (custom)
2023-08-28 09:33:35,299 [om1-impl-thread1] INFO  server.RaftServerConfigKeys (ConfUtils.java:logGet(46)) - raft.server.log.preallocated.size = 4194304 (custom)
2023-08-28 09:33:35,299 [om1-impl-thread1] INFO  server.RaftServerConfigKeys (ConfUtils.java:logGet(46)) - raft.server.log.force.sync.num = 128 (default)
2023-08-28 09:33:35,299 [om1-impl-thread1] INFO  server.RaftServerConfigKeys (ConfUtils.java:logGet(46)) - raft.server.log.statemachine.data.sync = true (default)
2023-08-28 09:33:35,299 [om1-impl-thread1] INFO  server.RaftServerConfigKeys (ConfUtils.java:logGet(46)) - raft.server.log.statemachine.data.sync.timeout = 10s (default)
2023-08-28 09:33:35,299 [om1-impl-thread1] INFO  server.RaftServerConfigKeys (ConfUtils.java:logGet(46)) - raft.server.log.statemachine.data.sync.timeout.retry = -1 (default)
2023-08-28 09:33:35,299 [om1-impl-thread1] INFO  server.RaftServerConfigKeys (ConfUtils.java:logGet(46)) - raft.server.log.write.buffer.size = 64KB (=65536) (default)
2023-08-28 09:33:35,299 [om1-impl-thread1] INFO  server.RaftServerConfigKeys (ConfUtils.java:logGet(46)) - raft.server.log.appender.buffer.byte-limit = 33554432 (custom)
2023-08-28 09:33:35,305 [om1-impl-thread1] INFO  server.RaftServerConfigKeys (ConfUtils.java:logGet(46)) - raft.server.log.unsafe-flush.enabled = false (default)
2023-08-28 09:33:35,305 [om1-impl-thread1] INFO  server.RaftServerConfigKeys (ConfUtils.java:logGet(46)) - raft.server.log.async-flush.enabled = false (default)
2023-08-28 09:33:35,305 [om1-impl-thread1] INFO  server.RaftServerConfigKeys (ConfUtils.java:logGet(46)) - raft.server.log.statemachine.data.caching.enabled = false (default)
2023-08-28 09:33:35,305 [om1-impl-thread1] INFO  segmented.SegmentedRaftLogWorker (SegmentedRaftLogWorker.java:lambda$new$0(135)) - om1@group-C5BA1605619E-SegmentedRaftLogWorker: flushIndex: setUnconditionally 0 -> -1
2023-08-28 09:33:35,305 [om1-impl-thread1] INFO  segmented.SegmentedRaftLogWorker (SegmentedRaftLogWorker.java:lambda$new$0(135)) - om1@group-C5BA1605619E-SegmentedRaftLogWorker: safeCacheEvictIndex: setUnconditionally 0 -> -1
2023-08-28 09:33:35,305 [om1-impl-thread1] INFO  server.RaftServer$Division (RaftServerImpl.java:start(342)) - om1@group-C5BA1605619E: start as a follower, conf=-1: peers:[om1|rpc:localhost:15113|priority:0|startupRole:FOLLOWER]|listeners:[], old=null
2023-08-28 09:33:35,305 [om1-impl-thread1] INFO  server.RaftServer$Division (RaftServerImpl.java:setRole(329)) - om1@group-C5BA1605619E: changes role from      null to FOLLOWER at term 0 for startAsFollower
2023-08-28 09:33:35,305 [om1-impl-thread1] INFO  impl.RoleInfo (RoleInfo.java:updateAndGet(139)) - om1: start om1@group-C5BA1605619E-FollowerState
2023-08-28 09:33:35,306 [om1@group-C5BA1605619E-FollowerState] INFO  server.RaftServerConfigKeys (ConfUtils.java:logFallback(53)) - raft.server.rpc.first-election.timeout.min = 1s (fallback to raft.server.rpc.timeout.min)
2023-08-28 09:33:35,306 [om1-impl-thread1] INFO  util.JmxRegister (JmxRegister.java:tryRegister(44)) - Successfully registered JMX Bean with object name Ratis:service=RaftServer,group=group-C5BA1605619E,id=om1
2023-08-28 09:33:35,306 [om1@group-C5BA1605619E-FollowerState] INFO  server.RaftServerConfigKeys (ConfUtils.java:logFallback(53)) - raft.server.rpc.first-election.timeout.max = 1200ms (fallback to raft.server.rpc.timeout.max)
2023-08-28 09:33:35,306 [om1-impl-thread1] INFO  server.RaftServerConfigKeys (ConfUtils.java:logGet(46)) - raft.server.snapshot.auto.trigger.enabled = true (custom)
2023-08-28 09:33:35,306 [om1-impl-thread1] INFO  server.RaftServerConfigKeys (ConfUtils.java:logGet(46)) - raft.server.snapshot.auto.trigger.threshold = 400000 (default)
2023-08-28 09:33:35,306 [om1-impl-thread1] INFO  server.RaftServerConfigKeys (ConfUtils.java:logGet(46)) - raft.server.snapshot.retention.file.num = -1 (default)
2023-08-28 09:33:35,306 [om1-impl-thread1] INFO  server.RaftServerConfigKeys (ConfUtils.java:logGet(46)) - raft.server.log.purge.upto.snapshot.index = true (custom)
2023-08-28 09:33:35,306 [main] INFO  server.RaftServer (RaftServerProxy.java:startImpl(400)) - om1: start RPC server
2023-08-28 09:33:35,308 [main] INFO  server.GrpcService (GrpcService.java:startImpl(302)) - om1: GrpcService started, listening on 15113
2023-08-28 09:33:35,308 [JvmPauseMonitor15] INFO  util.JvmPauseMonitor (JvmPauseMonitor.java:run(103)) - JvmPauseMonitor-om1: Started
2023-08-28 09:33:35,309 [main] INFO  om.OzoneManager (OzoneManager.java:start(1629)) - Version File has different layout version (6) than OM DB (null). That is expected if this OM has never been finalized to a newer layout version.
2023-08-28 09:33:35,311 [main] INFO  http.BaseHttpServer (BaseHttpServer.java:newHttpServer2BuilderForOzone(223)) - Starting Web-server for ozoneManager at: http://0.0.0.0:15111
2023-08-28 09:33:35,312 [main] INFO  http.BaseHttpServer (BaseHttpServer.java:<init>(110)) - Hadoop Security Enabled: false Ozone Security Enabled: false Ozone HTTP Security Enabled: false 
2023-08-28 09:33:35,313 [main] WARN  server.AuthenticationFilter (AuthenticationFilter.java:constructSecretProvider(240)) - Unable to initialize FileSignerSecretProvider, falling back to use random secrets. Reason: Could not read signature secret file: /home/runner/hadoop-http-auth-signature-secret
2023-08-28 09:33:35,314 [main] INFO  http.HttpRequestLog (HttpRequestLog.java:getRequestLog(86)) - Http request log for http.requests.ozoneManager is not defined
2023-08-28 09:33:35,315 [main] INFO  http.HttpServer2 (HttpServer2.java:addGlobalFilter(1031)) - Added global filter 'safety' (class=org.apache.hadoop.hdds.server.http.HttpServer2$QuotingInputFilter)
2023-08-28 09:33:35,316 [main] INFO  http.HttpServer2 (HttpServer2.java:addFilter(1007)) - Added filter static_user_filter (class=org.apache.hadoop.http.lib.StaticUserWebFilter$StaticUserFilter) to context ozoneManager
2023-08-28 09:33:35,316 [main] INFO  http.HttpServer2 (HttpServer2.java:addFilter(1015)) - Added filter static_user_filter (class=org.apache.hadoop.http.lib.StaticUserWebFilter$StaticUserFilter) to context logs
2023-08-28 09:33:35,316 [main] INFO  http.HttpServer2 (HttpServer2.java:addFilter(1015)) - Added filter static_user_filter (class=org.apache.hadoop.http.lib.StaticUserWebFilter$StaticUserFilter) to context static
2023-08-28 09:33:35,319 [main] INFO  http.BaseHttpServer (BaseHttpServer.java:<init>(189)) - HTTP server of ozoneManager uses base directory /home/runner/work/ozone/ozone/hadoop-ozone/integration-test/target/test-dir/MiniOzoneClusterImpl-ff034f8e-8080-4075-bf38-01537132cba4/ozone-meta/webserver
2023-08-28 09:33:35,319 [main] INFO  http.HttpServer2 (HttpServer2.java:bindListener(1231)) - Jetty bound to port 15111
2023-08-28 09:33:35,319 [main] INFO  server.Server (Server.java:doStart(375)) - jetty-9.4.51.v20230217; built: 2023-02-17T08:19:37.309Z; git: b45c405e4544384de066f814ed42ae3dceacdd49; jvm 1.8.0_382-b05
2023-08-28 09:33:35,321 [main] INFO  server.session (DefaultSessionIdManager.java:doStart(334)) - DefaultSessionIdManager workerName=node0
2023-08-28 09:33:35,321 [main] INFO  server.session (DefaultSessionIdManager.java:doStart(339)) - No SessionScavenger set, using defaults
2023-08-28 09:33:35,321 [main] INFO  server.session (HouseKeeper.java:startScavenging(132)) - node0 Scavenging every 600000ms
2023-08-28 09:33:35,322 [main] INFO  handler.ContextHandler (ContextHandler.java:doStart(921)) - Started o.e.j.s.ServletContextHandler@6c3ee210{logs,/logs,file:///home/runner/work/ozone/ozone/hadoop-ozone/integration-test/target/log,AVAILABLE}
2023-08-28 09:33:35,322 [main] INFO  handler.ContextHandler (ContextHandler.java:doStart(921)) - Started o.e.j.s.ServletContextHandler@730e5640{static,/static,file:///home/runner/work/ozone/ozone/hadoop-ozone/integration-test/target/test-classes/webapps/static,AVAILABLE}
2023-08-28 09:33:35,329 [main] INFO  handler.ContextHandler (ContextHandler.java:doStart(921)) - Started o.e.j.w.WebAppContext@79ce971e{ozoneManager,/,file:///home/runner/work/ozone/ozone/hadoop-ozone/integration-test/target/test-classes/webapps/ozoneManager/,AVAILABLE}{file:/home/runner/work/ozone/ozone/hadoop-ozone/integration-test/target/test-classes/webapps/ozoneManager}
2023-08-28 09:33:35,332 [main] INFO  server.AbstractConnector (AbstractConnector.java:doStart(333)) - Started ServerConnector@6c313db7{HTTP/1.1, (http/1.1)}{0.0.0.0:15111}
2023-08-28 09:33:35,332 [main] INFO  server.Server (Server.java:doStart(415)) - Started @163670ms
2023-08-28 09:33:35,333 [main] WARN  impl.MetricsSystemImpl (MetricsSystemImpl.java:register(279)) - Sink prometheus already exists!
2023-08-28 09:33:35,333 [main] INFO  http.BaseHttpServer (BaseHttpServer.java:updateConnectorAddress(354)) - HTTP server of ozoneManager listening at http://0.0.0.0:15111
2023-08-28 09:33:35,334 [IPC Server Responder] INFO  ipc.Server (Server.java:run(1562)) - IPC Server Responder: starting
2023-08-28 09:33:35,334 [IPC Server listener on 15110] INFO  ipc.Server (Server.java:run(1402)) - IPC Server listener on 15110: starting
2023-08-28 09:33:35,335 [main] INFO  om.TrashPolicyOzone (TrashPolicyOzone.java:<init>(277)) - Ozone Manager trash configuration: Deletion interval = 0 minutes, Emptier interval = 0 minutes.
2023-08-28 09:33:35,350 [main] WARN  impl.MetricRegistriesImpl (MetricRegistriesImpl.java:addReporterRegistration(111)) - New reporters are added after registries were created. Some metrics will be missing from the reporter. Please add reporter before adding any new registry.
2023-08-28 09:33:35,350 [main] WARN  impl.MetricRegistriesImpl (MetricRegistriesImpl.java:addReporterRegistration(111)) - New reporters are added after registries were created. Some metrics will be missing from the reporter. Please add reporter before adding any new registry.
2023-08-28 09:33:35,350 [main] INFO  impl.MetricsSystemImpl (MetricsSystemImpl.java:init(158)) - HddsDatanode metrics system started (again)
2023-08-28 09:33:35,363 [main] INFO  ozone.HddsDatanodeService (HddsDatanodeService.java:start(237)) - HddsDatanodeService host:fv-az625-77.ififypym2nee5jib2gmjcfh3fc.bx.internal.cloudapp.net ip:10.1.0.27
2023-08-28 09:33:35,387 [main] INFO  upgrade.AbstractLayoutVersionManager (AbstractLayoutVersionManager.java:init(83)) - Initializing Layout version manager with metadata layout = HADOOP_PRC_PORTS_IN_DATANODEDETAILS (version = 7), software layout = HADOOP_PRC_PORTS_IN_DATANODEDETAILS (version = 7)
2023-08-28 09:33:35,388 [main] INFO  statemachine.DatanodeStateMachine (DatanodeStateMachine.java:getEndPointTaskThreadPoolSize(282)) - Datanode State Machine Task Thread Pool size 2
2023-08-28 09:33:35,389 [main] INFO  volume.HddsVolume (HddsVolume.java:<init>(126)) - Creating HddsVolume: /home/runner/work/ozone/ozone/hadoop-ozone/integration-test/target/test-dir/MiniOzoneClusterImpl-ff034f8e-8080-4075-bf38-01537132cba4/datanode-0/data-0/containers/hdds of storage type : DISK capacity : 9223372036854775807
2023-08-28 09:33:35,390 [main] INFO  volume.MutableVolumeSet (MutableVolumeSet.java:initializeVolumeSet(173)) - Added Volume : /home/runner/work/ozone/ozone/hadoop-ozone/integration-test/target/test-dir/MiniOzoneClusterImpl-ff034f8e-8080-4075-bf38-01537132cba4/datanode-0/data-0/containers/hdds to VolumeSet
2023-08-28 09:33:35,390 [main] INFO  volume.MutableVolumeSet (MutableVolumeSet.java:initializeVolumeSet(173)) - Added Volume : /home/runner/work/ozone/ozone/hadoop-ozone/integration-test/target/test-dir/MiniOzoneClusterImpl-ff034f8e-8080-4075-bf38-01537132cba4/datanode-0/data/ratis to VolumeSet
2023-08-28 09:33:35,391 [Thread-1313] INFO  ozoneimpl.ContainerReader (ContainerReader.java:readVolume(177)) - Finish verifying containers on volume /home/runner/work/ozone/ozone/hadoop-ozone/integration-test/target/test-dir/MiniOzoneClusterImpl-ff034f8e-8080-4075-bf38-01537132cba4/datanode-0/data-0/containers/hdds
2023-08-28 09:33:35,391 [main] INFO  ozoneimpl.OzoneContainer (OzoneContainer.java:buildContainerSet(314)) - Build ContainerSet costs 0s
2023-08-28 09:33:35,393 [main] INFO  server.RaftServer (ConfUtils.java:logGet(46)) - raft.rpc.type = GRPC (default)
2023-08-28 09:33:35,393 [main] INFO  grpc.GrpcConfigKeys (ConfUtils.java:logFallback(53)) - raft.grpc.admin.host = null (fallback to raft.grpc.server.host)
2023-08-28 09:33:35,393 [main] INFO  grpc.GrpcConfigKeys (ConfUtils.java:logGet(46)) - raft.grpc.admin.port = 15119 (custom)
2023-08-28 09:33:35,393 [main] INFO  grpc.GrpcConfigKeys (ConfUtils.java:logFallback(53)) - raft.grpc.client.host = null (fallback to raft.grpc.server.host)
2023-08-28 09:33:35,394 [main] INFO  grpc.GrpcConfigKeys (ConfUtils.java:logGet(46)) - raft.grpc.client.port = 15118 (custom)
2023-08-28 09:33:35,394 [main] INFO  grpc.GrpcConfigKeys (ConfUtils.java:logGet(46)) - raft.grpc.server.host = null (default)
2023-08-28 09:33:35,394 [main] INFO  grpc.GrpcConfigKeys (ConfUtils.java:logGet(46)) - raft.grpc.server.port = 15120 (custom)
2023-08-28 09:33:35,394 [main] INFO  server.GrpcService (ConfUtils.java:logGet(46)) - raft.grpc.message.size.max = 32MB (=33554432) (custom)
2023-08-28 09:33:35,394 [main] INFO  server.RaftServerConfigKeys (ConfUtils.java:logGet(46)) - raft.server.log.appender.buffer.byte-limit = 33554432 (custom)
2023-08-28 09:33:35,394 [main] INFO  server.GrpcService (ConfUtils.java:logGet(46)) - raft.grpc.flow.control.window = 5MB (=5242880) (custom)
2023-08-28 09:33:35,394 [main] INFO  server.RaftServerConfigKeys (ConfUtils.java:logGet(46)) - raft.server.rpc.request.timeout = 60s (custom)
2023-08-28 09:33:35,394 [main] INFO  grpc.GrpcConfigKeys (ConfUtils.java:logGet(46)) - raft.grpc.server.heartbeat.channel = true (default)
2023-08-28 09:33:35,394 [main] INFO  grpc.GrpcConfigKeys (ConfUtils.java:logGet(46)) - raft.grpc.server.async.request.thread.pool.cached = true (default)
2023-08-28 09:33:35,394 [main] INFO  grpc.GrpcConfigKeys (ConfUtils.java:logGet(46)) - raft.grpc.server.async.request.thread.pool.size = 32 (default)
2023-08-28 09:33:35,397 [main] INFO  impl.DataStreamServerImpl (ConfUtils.java:logGet(46)) - raft.datastream.type = NETTY (custom)
2023-08-28 09:33:35,397 [main] INFO  server.RaftServerConfigKeys (ConfUtils.java:logGet(46)) - raft.server.data-stream.async.request.thread.pool.cached = false (default)
2023-08-28 09:33:35,397 [main] INFO  server.RaftServerConfigKeys (ConfUtils.java:logGet(46)) - raft.server.data-stream.async.request.thread.pool.size = 20 (custom)
2023-08-28 09:33:35,398 [main] INFO  server.RaftServerConfigKeys (ConfUtils.java:logGet(46)) - raft.server.data-stream.async.write.thread.pool.size = 16 (default)
2023-08-28 09:33:35,398 [main] INFO  server.RaftServerConfigKeys (ConfUtils.java:logGet(46)) - raft.server.data-stream.client.pool.size = 10 (default)
2023-08-28 09:33:35,398 [main] INFO  netty.NettyConfigKeys$DataStream (ConfUtils.java:logGet(46)) - raft.netty.dataStream.server.use-epoll = false (default)
2023-08-28 09:33:35,398 [main] INFO  netty.NettyConfigKeys$DataStream (ConfUtils.java:logGet(46)) - raft.netty.dataStream.server.boss-group.size = 0 (default)
2023-08-28 09:33:35,398 [main] INFO  netty.NettyConfigKeys$DataStream (ConfUtils.java:logGet(46)) - raft.netty.dataStream.server.worker-group.size = 0 (default)
2023-08-28 09:33:35,399 [main] INFO  netty.NettyConfigKeys$DataStream (ConfUtils.java:logGet(46)) - raft.netty.dataStream.server.tls.conf = null (default)
2023-08-28 09:33:35,399 [main] INFO  netty.NettyConfigKeys$DataStream (ConfUtils.java:logGet(46)) - raft.netty.dataStream.host = null (default)
2023-08-28 09:33:35,399 [main] INFO  netty.NettyConfigKeys$DataStream (ConfUtils.java:logGet(46)) - raft.netty.dataStream.port = 15121 (custom)
2023-08-28 09:33:35,399 [main] INFO  server.RaftServerConfigKeys (ConfUtils.java:logGet(46)) - raft.server.threadpool.proxy.cached = true (default)
2023-08-28 09:33:35,400 [main] INFO  server.RaftServerConfigKeys (ConfUtils.java:logGet(46)) - raft.server.threadpool.proxy.size = 0 (default)
2023-08-28 09:33:35,400 [main] INFO  server.RaftServerConfigKeys (ConfUtils.java:logGet(46)) - raft.server.rpc.slowness.timeout = 300s (custom)
2023-08-28 09:33:35,400 [main] INFO  server.RaftServerConfigKeys (ConfUtils.java:logGet(46)) - raft.server.leaderelection.leader.step-down.wait-time = 10s (default)
2023-08-28 09:33:35,400 [80fac8df-d086-4186-9807-ed58a74d6c90-NettyServerStreamRpc-bossGroup--thread1] INFO  logging.LoggingHandler (AbstractInternalLogger.java:log(148)) - [id: 0xd1f372a7] REGISTERED
2023-08-28 09:33:35,400 [main] INFO  server.RaftServerConfigKeys (ConfUtils.java:logGet(46)) - raft.server.storage.dir = [/home/runner/work/ozone/ozone/hadoop-ozone/integration-test/target/test-dir/MiniOzoneClusterImpl-ff034f8e-8080-4075-bf38-01537132cba4/datanode-0/data/ratis] (custom)
2023-08-28 09:33:35,400 [80fac8df-d086-4186-9807-ed58a74d6c90-NettyServerStreamRpc-bossGroup--thread1] INFO  logging.LoggingHandler (AbstractInternalLogger.java:log(148)) - [id: 0xd1f372a7] BIND: 0.0.0.0/0.0.0.0:15121
2023-08-28 09:33:35,400 [80fac8df-d086-4186-9807-ed58a74d6c90-NettyServerStreamRpc-bossGroup--thread1] INFO  logging.LoggingHandler (AbstractInternalLogger.java:log(148)) - [id: 0xd1f372a7, L:/0:0:0:0:0:0:0:0:15121] ACTIVE
2023-08-28 09:33:35,401 [80fac8df-d086-4186-9807-ed58a74d6c90-impl-thread1] INFO  server.RaftServer (RaftServerProxy.java:initGroupDir(258)) - 80fac8df-d086-4186-9807-ed58a74d6c90: found a subdirectory /home/runner/work/ozone/ozone/hadoop-ozone/integration-test/target/test-dir/MiniOzoneClusterImpl-ff034f8e-8080-4075-bf38-01537132cba4/datanode-0/data/ratis/tmp
2023-08-28 09:33:35,401 [80fac8df-d086-4186-9807-ed58a74d6c90-impl-thread1] INFO  server.RaftServer (RaftServerProxy.java:initGroupDir(263)) - 80fac8df-d086-4186-9807-ed58a74d6c90: The directory /home/runner/work/ozone/ozone/hadoop-ozone/integration-test/target/test-dir/MiniOzoneClusterImpl-ff034f8e-8080-4075-bf38-01537132cba4/datanode-0/data/ratis/tmp is not a group directory; ignoring it. 
2023-08-28 09:33:35,401 [main] INFO  replication.ReplicationServer (ReplicationServer.java:<init>(81)) - Initializing replication server with thread count = 10
2023-08-28 09:33:35,402 [main] INFO  server.XceiverServerGrpc (XceiverServerGrpc.java:<init>(132)) - GrpcServer channel type EpollServerSocketChannel
2023-08-28 09:33:35,404 [main] INFO  replication.ReplicationSupervisor (ReplicationSupervisor.java:build(155)) - Initializing replication supervisor with thread count = 10
2023-08-28 09:33:35,404 [main] INFO  replication.ReplicationSupervisor (ReplicationSupervisor.java:nodeStateUpdated(307)) - Node state updated to IN_SERVICE, scaling executor pool size to 10
2023-08-28 09:33:35,406 [main] INFO  http.BaseHttpServer (BaseHttpServer.java:newHttpServer2BuilderForOzone(223)) - Starting Web-server for hddsDatanode at: http://0.0.0.0:15115
2023-08-28 09:33:35,406 [main] INFO  http.BaseHttpServer (BaseHttpServer.java:<init>(110)) - Hadoop Security Enabled: false Ozone Security Enabled: false Ozone HTTP Security Enabled: false 
2023-08-28 09:33:35,407 [main] WARN  server.AuthenticationFilter (AuthenticationFilter.java:constructSecretProvider(240)) - Unable to initialize FileSignerSecretProvider, falling back to use random secrets. Reason: Could not read signature secret file: /home/runner/hadoop-http-auth-signature-secret
2023-08-28 09:33:35,408 [main] INFO  http.HttpRequestLog (HttpRequestLog.java:getRequestLog(86)) - Http request log for http.requests.hddsDatanode is not defined
2023-08-28 09:33:35,409 [main] INFO  http.HttpServer2 (HttpServer2.java:addGlobalFilter(1031)) - Added global filter 'safety' (class=org.apache.hadoop.hdds.server.http.HttpServer2$QuotingInputFilter)
2023-08-28 09:33:35,409 [main] INFO  http.HttpServer2 (HttpServer2.java:addFilter(1007)) - Added filter static_user_filter (class=org.apache.hadoop.http.lib.StaticUserWebFilter$StaticUserFilter) to context hddsDatanode
2023-08-28 09:33:35,410 [main] INFO  http.HttpServer2 (HttpServer2.java:addFilter(1015)) - Added filter static_user_filter (class=org.apache.hadoop.http.lib.StaticUserWebFilter$StaticUserFilter) to context logs
2023-08-28 09:33:35,410 [main] INFO  http.HttpServer2 (HttpServer2.java:addFilter(1015)) - Added filter static_user_filter (class=org.apache.hadoop.http.lib.StaticUserWebFilter$StaticUserFilter) to context static
2023-08-28 09:33:35,410 [main] INFO  http.BaseHttpServer (BaseHttpServer.java:<init>(189)) - HTTP server of hddsDatanode uses base directory /home/runner/work/ozone/ozone/hadoop-ozone/integration-test/target/test-dir/MiniOzoneClusterImpl-ff034f8e-8080-4075-bf38-01537132cba4/datanode-0/meta/webserver
2023-08-28 09:33:35,410 [main] INFO  http.HttpServer2 (HttpServer2.java:bindListener(1231)) - Jetty bound to port 15115
2023-08-28 09:33:35,411 [main] INFO  server.Server (Server.java:doStart(375)) - jetty-9.4.51.v20230217; built: 2023-02-17T08:19:37.309Z; git: b45c405e4544384de066f814ed42ae3dceacdd49; jvm 1.8.0_382-b05
2023-08-28 09:33:35,413 [main] INFO  server.session (DefaultSessionIdManager.java:doStart(334)) - DefaultSessionIdManager workerName=node0
2023-08-28 09:33:35,413 [main] INFO  server.session (DefaultSessionIdManager.java:doStart(339)) - No SessionScavenger set, using defaults
2023-08-28 09:33:35,413 [main] INFO  server.session (HouseKeeper.java:startScavenging(132)) - node0 Scavenging every 600000ms
2023-08-28 09:33:35,414 [main] INFO  handler.ContextHandler (ContextHandler.java:doStart(921)) - Started o.e.j.s.ServletContextHandler@41643fec{logs,/logs,file:///home/runner/work/ozone/ozone/hadoop-ozone/integration-test/target/log,AVAILABLE}
2023-08-28 09:33:35,414 [main] INFO  handler.ContextHandler (ContextHandler.java:doStart(921)) - Started o.e.j.s.ServletContextHandler@7ba24428{static,/static,jar:file:/home/runner/.m2/repository/org/apache/ozone/hdds-container-service/1.4.0-SNAPSHOT/hdds-container-service-1.4.0-SNAPSHOT.jar!/webapps/static,AVAILABLE}
2023-08-28 09:33:35,606 [main] INFO  handler.ContextHandler (ContextHandler.java:doStart(921)) - Started o.e.j.w.WebAppContext@505d09b0{hddsDatanode,/,file:///home/runner/work/ozone/ozone/hadoop-ozone/integration-test/target/test-dir/MiniOzoneClusterImpl-ff034f8e-8080-4075-bf38-01537132cba4/datanode-0/meta/webserver/jetty-0_0_0_0-15115-hdds-container-service-1_4_0-SNAPSHOT_jar-_-any-7409454830446343591/webapp/,AVAILABLE}{jar:file:/home/runner/.m2/repository/org/apache/ozone/hdds-container-service/1.4.0-SNAPSHOT/hdds-container-service-1.4.0-SNAPSHOT.jar!/webapps/hddsDatanode}
2023-08-28 09:33:35,608 [main] INFO  server.AbstractConnector (AbstractConnector.java:doStart(333)) - Started ServerConnector@6a05679a{HTTP/1.1, (http/1.1)}{0.0.0.0:15115}
2023-08-28 09:33:35,608 [main] INFO  server.Server (Server.java:doStart(415)) - Started @163945ms
2023-08-28 09:33:35,608 [main] WARN  impl.MetricsSystemImpl (MetricsSystemImpl.java:register(279)) - Sink prometheus already exists!
2023-08-28 09:33:35,609 [main] INFO  http.BaseHttpServer (BaseHttpServer.java:updateConnectorAddress(354)) - HTTP server of hddsDatanode listening at http://0.0.0.0:15115
2023-08-28 09:33:35,609 [main] INFO  ipc.CallQueueManager (CallQueueManager.java:<init>(90)) - Using callQueue: class java.util.concurrent.LinkedBlockingQueue, queueCapacity: 100, scheduler: class org.apache.hadoop.ipc.DefaultRpcScheduler, ipcBackoff: false.
2023-08-28 09:33:35,609 [main] INFO  ipc.Server (Server.java:<init>(1287)) - Listener at 0.0.0.0:15116
2023-08-28 09:33:35,616 [Socket Reader #1 for port 15116] INFO  ipc.Server (Server.java:run(1323)) - Starting Socket Reader #1 for port 15116
2023-08-28 09:33:35,623 [main] INFO  ozone.HddsDatanodeService (HddsDatanodeService.java:start(315)) - Datanode start with admins: [runner]
2023-08-28 09:33:35,624 [main] INFO  ozone.HddsDatanodeClientProtocolServer (HddsDatanodeClientProtocolServer.java:start(72)) - RPC server for Client /0.0.0.0:15116
2023-08-28 09:33:35,624 [IPC Server Responder] INFO  ipc.Server (Server.java:run(1562)) - IPC Server Responder: starting
2023-08-28 09:33:35,624 [IPC Server listener on 15116] INFO  ipc.Server (Server.java:run(1402)) - IPC Server listener on 15116: starting
2023-08-28 09:33:35,624 [Datanode State Machine Daemon Thread] INFO  statemachine.DatanodeStateMachine (DatanodeStateMachine.java:lambda$startDaemon$0(538)) - Ozone container server started.
2023-08-28 09:33:35,624 [main] WARN  impl.MetricRegistriesImpl (MetricRegistriesImpl.java:addReporterRegistration(111)) - New reporters are added after registries were created. Some metrics will be missing from the reporter. Please add reporter before adding any new registry.
2023-08-28 09:33:35,625 [main] WARN  impl.MetricRegistriesImpl (MetricRegistriesImpl.java:addReporterRegistration(111)) - New reporters are added after registries were created. Some metrics will be missing from the reporter. Please add reporter before adding any new registry.
2023-08-28 09:33:35,625 [main] INFO  impl.MetricsSystemImpl (MetricsSystemImpl.java:init(158)) - HddsDatanode metrics system started (again)
2023-08-28 09:33:35,635 [Datanode State Machine Task Thread - 0] INFO  datanode.InitDatanodeState (InitDatanodeState.java:persistContainerDatanodeDetails(138)) - DatanodeDetails is persisted to /home/runner/work/ozone/ozone/hadoop-ozone/integration-test/target/test-dir/MiniOzoneClusterImpl-ff034f8e-8080-4075-bf38-01537132cba4/datanode-0/meta/datanode.id
2023-08-28 09:33:35,641 [main] INFO  ozone.HddsDatanodeService (HddsDatanodeService.java:start(237)) - HddsDatanodeService host:fv-az625-77.ififypym2nee5jib2gmjcfh3fc.bx.internal.cloudapp.net ip:10.1.0.27
2023-08-28 09:33:35,662 [main] INFO  upgrade.AbstractLayoutVersionManager (AbstractLayoutVersionManager.java:init(83)) - Initializing Layout version manager with metadata layout = HADOOP_PRC_PORTS_IN_DATANODEDETAILS (version = 7), software layout = HADOOP_PRC_PORTS_IN_DATANODEDETAILS (version = 7)
2023-08-28 09:33:35,662 [main] INFO  statemachine.DatanodeStateMachine (DatanodeStateMachine.java:getEndPointTaskThreadPoolSize(282)) - Datanode State Machine Task Thread Pool size 2
2023-08-28 09:33:35,664 [main] INFO  volume.HddsVolume (HddsVolume.java:<init>(126)) - Creating HddsVolume: /home/runner/work/ozone/ozone/hadoop-ozone/integration-test/target/test-dir/MiniOzoneClusterImpl-ff034f8e-8080-4075-bf38-01537132cba4/datanode-1/data-0/containers/hdds of storage type : DISK capacity : 9223372036854775807
2023-08-28 09:33:35,664 [main] INFO  volume.MutableVolumeSet (MutableVolumeSet.java:initializeVolumeSet(173)) - Added Volume : /home/runner/work/ozone/ozone/hadoop-ozone/integration-test/target/test-dir/MiniOzoneClusterImpl-ff034f8e-8080-4075-bf38-01537132cba4/datanode-1/data-0/containers/hdds to VolumeSet
2023-08-28 09:33:35,665 [main] INFO  volume.MutableVolumeSet (MutableVolumeSet.java:initializeVolumeSet(173)) - Added Volume : /home/runner/work/ozone/ozone/hadoop-ozone/integration-test/target/test-dir/MiniOzoneClusterImpl-ff034f8e-8080-4075-bf38-01537132cba4/datanode-1/data/ratis to VolumeSet
2023-08-28 09:33:35,665 [Thread-1330] INFO  ozoneimpl.ContainerReader (ContainerReader.java:readVolume(177)) - Finish verifying containers on volume /home/runner/work/ozone/ozone/hadoop-ozone/integration-test/target/test-dir/MiniOzoneClusterImpl-ff034f8e-8080-4075-bf38-01537132cba4/datanode-1/data-0/containers/hdds
2023-08-28 09:33:35,665 [main] INFO  ozoneimpl.OzoneContainer (OzoneContainer.java:buildContainerSet(314)) - Build ContainerSet costs 0s
2023-08-28 09:33:35,667 [main] INFO  server.RaftServer (ConfUtils.java:logGet(46)) - raft.rpc.type = GRPC (default)
2023-08-28 09:33:35,667 [main] INFO  grpc.GrpcConfigKeys (ConfUtils.java:logFallback(53)) - raft.grpc.admin.host = null (fallback to raft.grpc.server.host)
2023-08-28 09:33:35,668 [main] INFO  grpc.GrpcConfigKeys (ConfUtils.java:logGet(46)) - raft.grpc.admin.port = 15128 (custom)
2023-08-28 09:33:35,668 [main] INFO  grpc.GrpcConfigKeys (ConfUtils.java:logFallback(53)) - raft.grpc.client.host = null (fallback to raft.grpc.server.host)
2023-08-28 09:33:35,668 [main] INFO  grpc.GrpcConfigKeys (ConfUtils.java:logGet(46)) - raft.grpc.client.port = 15127 (custom)
2023-08-28 09:33:35,668 [main] INFO  grpc.GrpcConfigKeys (ConfUtils.java:logGet(46)) - raft.grpc.server.host = null (default)
2023-08-28 09:33:35,668 [main] INFO  grpc.GrpcConfigKeys (ConfUtils.java:logGet(46)) - raft.grpc.server.port = 15129 (custom)
2023-08-28 09:33:35,668 [main] INFO  server.GrpcService (ConfUtils.java:logGet(46)) - raft.grpc.message.size.max = 32MB (=33554432) (custom)
2023-08-28 09:33:35,668 [main] INFO  server.RaftServerConfigKeys (ConfUtils.java:logGet(46)) - raft.server.log.appender.buffer.byte-limit = 33554432 (custom)
2023-08-28 09:33:35,668 [main] INFO  server.GrpcService (ConfUtils.java:logGet(46)) - raft.grpc.flow.control.window = 5MB (=5242880) (custom)
2023-08-28 09:33:35,668 [main] INFO  server.RaftServerConfigKeys (ConfUtils.java:logGet(46)) - raft.server.rpc.request.timeout = 60s (custom)
2023-08-28 09:33:35,669 [main] INFO  grpc.GrpcConfigKeys (ConfUtils.java:logGet(46)) - raft.grpc.server.heartbeat.channel = true (default)
2023-08-28 09:33:35,669 [main] INFO  grpc.GrpcConfigKeys (ConfUtils.java:logGet(46)) - raft.grpc.server.async.request.thread.pool.cached = true (default)
2023-08-28 09:33:35,669 [main] INFO  grpc.GrpcConfigKeys (ConfUtils.java:logGet(46)) - raft.grpc.server.async.request.thread.pool.size = 32 (default)
2023-08-28 09:33:35,671 [main] INFO  impl.DataStreamServerImpl (ConfUtils.java:logGet(46)) - raft.datastream.type = NETTY (custom)
2023-08-28 09:33:35,672 [main] INFO  server.RaftServerConfigKeys (ConfUtils.java:logGet(46)) - raft.server.data-stream.async.request.thread.pool.cached = false (default)
2023-08-28 09:33:35,672 [main] INFO  server.RaftServerConfigKeys (ConfUtils.java:logGet(46)) - raft.server.data-stream.async.request.thread.pool.size = 20 (custom)
2023-08-28 09:33:35,672 [main] INFO  server.RaftServerConfigKeys (ConfUtils.java:logGet(46)) - raft.server.data-stream.async.write.thread.pool.size = 16 (default)
2023-08-28 09:33:35,672 [main] INFO  server.RaftServerConfigKeys (ConfUtils.java:logGet(46)) - raft.server.data-stream.client.pool.size = 10 (default)
2023-08-28 09:33:35,674 [main] INFO  netty.NettyConfigKeys$DataStream (ConfUtils.java:logGet(46)) - raft.netty.dataStream.server.use-epoll = false (default)
2023-08-28 09:33:35,674 [main] INFO  netty.NettyConfigKeys$DataStream (ConfUtils.java:logGet(46)) - raft.netty.dataStream.server.boss-group.size = 0 (default)
2023-08-28 09:33:35,675 [main] INFO  netty.NettyConfigKeys$DataStream (ConfUtils.java:logGet(46)) - raft.netty.dataStream.server.worker-group.size = 0 (default)
2023-08-28 09:33:35,675 [main] INFO  netty.NettyConfigKeys$DataStream (ConfUtils.java:logGet(46)) - raft.netty.dataStream.server.tls.conf = null (default)
2023-08-28 09:33:35,675 [main] INFO  netty.NettyConfigKeys$DataStream (ConfUtils.java:logGet(46)) - raft.netty.dataStream.host = null (default)
2023-08-28 09:33:35,675 [main] INFO  netty.NettyConfigKeys$DataStream (ConfUtils.java:logGet(46)) - raft.netty.dataStream.port = 15130 (custom)
2023-08-28 09:33:35,676 [main] INFO  server.RaftServerConfigKeys (ConfUtils.java:logGet(46)) - raft.server.threadpool.proxy.cached = true (default)
2023-08-28 09:33:35,676 [main] INFO  server.RaftServerConfigKeys (ConfUtils.java:logGet(46)) - raft.server.threadpool.proxy.size = 0 (default)
2023-08-28 09:33:35,676 [main] INFO  server.RaftServerConfigKeys (ConfUtils.java:logGet(46)) - raft.server.rpc.slowness.timeout = 300s (custom)
2023-08-28 09:33:35,676 [main] INFO  server.RaftServerConfigKeys (ConfUtils.java:logGet(46)) - raft.server.leaderelection.leader.step-down.wait-time = 10s (default)
2023-08-28 09:33:35,676 [5e45d05c-e098-4a5b-a019-6f8f93701f04-NettyServerStreamRpc-bossGroup--thread1] INFO  logging.LoggingHandler (AbstractInternalLogger.java:log(148)) - [id: 0xee9b8d6c] REGISTERED
2023-08-28 09:33:35,676 [main] INFO  server.RaftServerConfigKeys (ConfUtils.java:logGet(46)) - raft.server.storage.dir = [/home/runner/work/ozone/ozone/hadoop-ozone/integration-test/target/test-dir/MiniOzoneClusterImpl-ff034f8e-8080-4075-bf38-01537132cba4/datanode-1/data/ratis] (custom)
2023-08-28 09:33:35,676 [5e45d05c-e098-4a5b-a019-6f8f93701f04-NettyServerStreamRpc-bossGroup--thread1] INFO  logging.LoggingHandler (AbstractInternalLogger.java:log(148)) - [id: 0xee9b8d6c] BIND: 0.0.0.0/0.0.0.0:15130
2023-08-28 09:33:35,677 [5e45d05c-e098-4a5b-a019-6f8f93701f04-impl-thread1] INFO  server.RaftServer (RaftServerProxy.java:initGroupDir(258)) - 5e45d05c-e098-4a5b-a019-6f8f93701f04: found a subdirectory /home/runner/work/ozone/ozone/hadoop-ozone/integration-test/target/test-dir/MiniOzoneClusterImpl-ff034f8e-8080-4075-bf38-01537132cba4/datanode-1/data/ratis/tmp
2023-08-28 09:33:35,677 [5e45d05c-e098-4a5b-a019-6f8f93701f04-impl-thread1] INFO  server.RaftServer (RaftServerProxy.java:initGroupDir(263)) - 5e45d05c-e098-4a5b-a019-6f8f93701f04: The directory /home/runner/work/ozone/ozone/hadoop-ozone/integration-test/target/test-dir/MiniOzoneClusterImpl-ff034f8e-8080-4075-bf38-01537132cba4/datanode-1/data/ratis/tmp is not a group directory; ignoring it. 
2023-08-28 09:33:35,677 [5e45d05c-e098-4a5b-a019-6f8f93701f04-NettyServerStreamRpc-bossGroup--thread1] INFO  logging.LoggingHandler (AbstractInternalLogger.java:log(148)) - [id: 0xee9b8d6c, L:/0:0:0:0:0:0:0:0:15130] ACTIVE
2023-08-28 09:33:35,677 [main] INFO  replication.ReplicationServer (ReplicationServer.java:<init>(81)) - Initializing replication server with thread count = 10
2023-08-28 09:33:35,678 [main] INFO  server.XceiverServerGrpc (XceiverServerGrpc.java:<init>(132)) - GrpcServer channel type EpollServerSocketChannel
2023-08-28 09:33:35,679 [main] INFO  replication.ReplicationSupervisor (ReplicationSupervisor.java:build(155)) - Initializing replication supervisor with thread count = 10
2023-08-28 09:33:35,679 [main] INFO  replication.ReplicationSupervisor (ReplicationSupervisor.java:nodeStateUpdated(307)) - Node state updated to IN_SERVICE, scaling executor pool size to 10
2023-08-28 09:33:35,681 [main] INFO  http.BaseHttpServer (BaseHttpServer.java:newHttpServer2BuilderForOzone(223)) - Starting Web-server for hddsDatanode at: http://0.0.0.0:15124
2023-08-28 09:33:35,681 [main] INFO  http.BaseHttpServer (BaseHttpServer.java:<init>(110)) - Hadoop Security Enabled: false Ozone Security Enabled: false Ozone HTTP Security Enabled: false 
2023-08-28 09:33:35,682 [main] WARN  server.AuthenticationFilter (AuthenticationFilter.java:constructSecretProvider(240)) - Unable to initialize FileSignerSecretProvider, falling back to use random secrets. Reason: Could not read signature secret file: /home/runner/hadoop-http-auth-signature-secret
2023-08-28 09:33:35,683 [main] INFO  http.HttpRequestLog (HttpRequestLog.java:getRequestLog(86)) - Http request log for http.requests.hddsDatanode is not defined
2023-08-28 09:33:35,684 [main] INFO  http.HttpServer2 (HttpServer2.java:addGlobalFilter(1031)) - Added global filter 'safety' (class=org.apache.hadoop.hdds.server.http.HttpServer2$QuotingInputFilter)
2023-08-28 09:33:35,685 [main] INFO  http.HttpServer2 (HttpServer2.java:addFilter(1007)) - Added filter static_user_filter (class=org.apache.hadoop.http.lib.StaticUserWebFilter$StaticUserFilter) to context hddsDatanode
2023-08-28 09:33:35,685 [main] INFO  http.HttpServer2 (HttpServer2.java:addFilter(1015)) - Added filter static_user_filter (class=org.apache.hadoop.http.lib.StaticUserWebFilter$StaticUserFilter) to context logs
2023-08-28 09:33:35,685 [main] INFO  http.HttpServer2 (HttpServer2.java:addFilter(1015)) - Added filter static_user_filter (class=org.apache.hadoop.http.lib.StaticUserWebFilter$StaticUserFilter) to context static
2023-08-28 09:33:35,685 [main] INFO  http.BaseHttpServer (BaseHttpServer.java:<init>(189)) - HTTP server of hddsDatanode uses base directory /home/runner/work/ozone/ozone/hadoop-ozone/integration-test/target/test-dir/MiniOzoneClusterImpl-ff034f8e-8080-4075-bf38-01537132cba4/datanode-1/meta/webserver
2023-08-28 09:33:35,686 [main] INFO  http.HttpServer2 (HttpServer2.java:bindListener(1231)) - Jetty bound to port 15124
2023-08-28 09:33:35,686 [main] INFO  server.Server (Server.java:doStart(375)) - jetty-9.4.51.v20230217; built: 2023-02-17T08:19:37.309Z; git: b45c405e4544384de066f814ed42ae3dceacdd49; jvm 1.8.0_382-b05
2023-08-28 09:33:35,692 [main] INFO  server.session (DefaultSessionIdManager.java:doStart(334)) - DefaultSessionIdManager workerName=node0
2023-08-28 09:33:35,692 [main] INFO  server.session (DefaultSessionIdManager.java:doStart(339)) - No SessionScavenger set, using defaults
2023-08-28 09:33:35,692 [main] INFO  server.session (HouseKeeper.java:startScavenging(132)) - node0 Scavenging every 660000ms
2023-08-28 09:33:35,693 [main] INFO  handler.ContextHandler (ContextHandler.java:doStart(921)) - Started o.e.j.s.ServletContextHandler@22327c82{logs,/logs,file:///home/runner/work/ozone/ozone/hadoop-ozone/integration-test/target/log,AVAILABLE}
2023-08-28 09:33:35,693 [main] INFO  handler.ContextHandler (ContextHandler.java:doStart(921)) - Started o.e.j.s.ServletContextHandler@6ee7ce52{static,/static,jar:file:/home/runner/.m2/repository/org/apache/ozone/hdds-container-service/1.4.0-SNAPSHOT/hdds-container-service-1.4.0-SNAPSHOT.jar!/webapps/static,AVAILABLE}
2023-08-28 09:33:35,888 [main] INFO  handler.ContextHandler (ContextHandler.java:doStart(921)) - Started o.e.j.w.WebAppContext@6892e8b8{hddsDatanode,/,file:///home/runner/work/ozone/ozone/hadoop-ozone/integration-test/target/test-dir/MiniOzoneClusterImpl-ff034f8e-8080-4075-bf38-01537132cba4/datanode-1/meta/webserver/jetty-0_0_0_0-15124-hdds-container-service-1_4_0-SNAPSHOT_jar-_-any-470329218938225655/webapp/,AVAILABLE}{jar:file:/home/runner/.m2/repository/org/apache/ozone/hdds-container-service/1.4.0-SNAPSHOT/hdds-container-service-1.4.0-SNAPSHOT.jar!/webapps/hddsDatanode}
2023-08-28 09:33:35,889 [main] INFO  server.AbstractConnector (AbstractConnector.java:doStart(333)) - Started ServerConnector@54fc62a9{HTTP/1.1, (http/1.1)}{0.0.0.0:15124}
2023-08-28 09:33:35,890 [main] INFO  server.Server (Server.java:doStart(415)) - Started @164227ms
2023-08-28 09:33:35,890 [main] WARN  impl.MetricsSystemImpl (MetricsSystemImpl.java:register(279)) - Sink prometheus already exists!
2023-08-28 09:33:35,890 [main] INFO  http.BaseHttpServer (BaseHttpServer.java:updateConnectorAddress(354)) - HTTP server of hddsDatanode listening at http://0.0.0.0:15124
2023-08-28 09:33:35,891 [main] INFO  ipc.CallQueueManager (CallQueueManager.java:<init>(90)) - Using callQueue: class java.util.concurrent.LinkedBlockingQueue, queueCapacity: 100, scheduler: class org.apache.hadoop.ipc.DefaultRpcScheduler, ipcBackoff: false.
2023-08-28 09:33:35,891 [main] INFO  ipc.Server (Server.java:<init>(1287)) - Listener at 0.0.0.0:15125
2023-08-28 09:33:35,892 [Socket Reader #1 for port 15125] INFO  ipc.Server (Server.java:run(1323)) - Starting Socket Reader #1 for port 15125
2023-08-28 09:33:35,893 [main] INFO  ozone.HddsDatanodeService (HddsDatanodeService.java:start(315)) - Datanode start with admins: [runner]
2023-08-28 09:33:35,894 [main] INFO  ozone.HddsDatanodeClientProtocolServer (HddsDatanodeClientProtocolServer.java:start(72)) - RPC server for Client /0.0.0.0:15125
2023-08-28 09:33:35,894 [IPC Server Responder] INFO  ipc.Server (Server.java:run(1562)) - IPC Server Responder: starting
2023-08-28 09:33:35,894 [IPC Server listener on 15125] INFO  ipc.Server (Server.java:run(1402)) - IPC Server listener on 15125: starting
2023-08-28 09:33:35,900 [Datanode State Machine Daemon Thread] INFO  statemachine.DatanodeStateMachine (DatanodeStateMachine.java:lambda$startDaemon$0(538)) - Ozone container server started.
2023-08-28 09:33:35,900 [main] WARN  impl.MetricRegistriesImpl (MetricRegistriesImpl.java:addReporterRegistration(111)) - New reporters are added after registries were created. Some metrics will be missing from the reporter. Please add reporter before adding any new registry.
2023-08-28 09:33:35,901 [main] WARN  impl.MetricRegistriesImpl (MetricRegistriesImpl.java:addReporterRegistration(111)) - New reporters are added after registries were created. Some metrics will be missing from the reporter. Please add reporter before adding any new registry.
2023-08-28 09:33:35,902 [main] INFO  impl.MetricsSystemImpl (MetricsSystemImpl.java:init(158)) - HddsDatanode metrics system started (again)
2023-08-28 09:33:35,913 [Datanode State Machine Task Thread - 0] INFO  datanode.InitDatanodeState (InitDatanodeState.java:persistContainerDatanodeDetails(138)) - DatanodeDetails is persisted to /home/runner/work/ozone/ozone/hadoop-ozone/integration-test/target/test-dir/MiniOzoneClusterImpl-ff034f8e-8080-4075-bf38-01537132cba4/datanode-1/meta/datanode.id
2023-08-28 09:33:35,919 [main] INFO  ozone.HddsDatanodeService (HddsDatanodeService.java:start(237)) - HddsDatanodeService host:fv-az625-77.ififypym2nee5jib2gmjcfh3fc.bx.internal.cloudapp.net ip:10.1.0.27
2023-08-28 09:33:35,942 [main] INFO  upgrade.AbstractLayoutVersionManager (AbstractLayoutVersionManager.java:init(83)) - Initializing Layout version manager with metadata layout = HADOOP_PRC_PORTS_IN_DATANODEDETAILS (version = 7), software layout = HADOOP_PRC_PORTS_IN_DATANODEDETAILS (version = 7)
2023-08-28 09:33:35,944 [main] INFO  statemachine.DatanodeStateMachine (DatanodeStateMachine.java:getEndPointTaskThreadPoolSize(282)) - Datanode State Machine Task Thread Pool size 2
2023-08-28 09:33:35,945 [main] INFO  volume.HddsVolume (HddsVolume.java:<init>(126)) - Creating HddsVolume: /home/runner/work/ozone/ozone/hadoop-ozone/integration-test/target/test-dir/MiniOzoneClusterImpl-ff034f8e-8080-4075-bf38-01537132cba4/datanode-2/data-0/containers/hdds of storage type : DISK capacity : 9223372036854775807
2023-08-28 09:33:35,946 [main] INFO  volume.MutableVolumeSet (MutableVolumeSet.java:initializeVolumeSet(173)) - Added Volume : /home/runner/work/ozone/ozone/hadoop-ozone/integration-test/target/test-dir/MiniOzoneClusterImpl-ff034f8e-8080-4075-bf38-01537132cba4/datanode-2/data-0/containers/hdds to VolumeSet
2023-08-28 09:33:35,946 [main] INFO  volume.MutableVolumeSet (MutableVolumeSet.java:initializeVolumeSet(173)) - Added Volume : /home/runner/work/ozone/ozone/hadoop-ozone/integration-test/target/test-dir/MiniOzoneClusterImpl-ff034f8e-8080-4075-bf38-01537132cba4/datanode-2/data/ratis to VolumeSet
2023-08-28 09:33:35,947 [Thread-1347] INFO  ozoneimpl.ContainerReader (ContainerReader.java:readVolume(177)) - Finish verifying containers on volume /home/runner/work/ozone/ozone/hadoop-ozone/integration-test/target/test-dir/MiniOzoneClusterImpl-ff034f8e-8080-4075-bf38-01537132cba4/datanode-2/data-0/containers/hdds
2023-08-28 09:33:35,947 [main] INFO  ozoneimpl.OzoneContainer (OzoneContainer.java:buildContainerSet(314)) - Build ContainerSet costs 0s
2023-08-28 09:33:35,949 [main] INFO  server.RaftServer (ConfUtils.java:logGet(46)) - raft.rpc.type = GRPC (default)
2023-08-28 09:33:35,949 [main] INFO  grpc.GrpcConfigKeys (ConfUtils.java:logFallback(53)) - raft.grpc.admin.host = null (fallback to raft.grpc.server.host)
2023-08-28 09:33:35,949 [main] INFO  grpc.GrpcConfigKeys (ConfUtils.java:logGet(46)) - raft.grpc.admin.port = 15137 (custom)
2023-08-28 09:33:35,949 [main] INFO  grpc.GrpcConfigKeys (ConfUtils.java:logFallback(53)) - raft.grpc.client.host = null (fallback to raft.grpc.server.host)
2023-08-28 09:33:35,949 [main] INFO  grpc.GrpcConfigKeys (ConfUtils.java:logGet(46)) - raft.grpc.client.port = 15136 (custom)
2023-08-28 09:33:35,950 [main] INFO  grpc.GrpcConfigKeys (ConfUtils.java:logGet(46)) - raft.grpc.server.host = null (default)
2023-08-28 09:33:35,950 [main] INFO  grpc.GrpcConfigKeys (ConfUtils.java:logGet(46)) - raft.grpc.server.port = 15138 (custom)
2023-08-28 09:33:35,950 [main] INFO  server.GrpcService (ConfUtils.java:logGet(46)) - raft.grpc.message.size.max = 32MB (=33554432) (custom)
2023-08-28 09:33:35,950 [main] INFO  server.RaftServerConfigKeys (ConfUtils.java:logGet(46)) - raft.server.log.appender.buffer.byte-limit = 33554432 (custom)
2023-08-28 09:33:35,950 [main] INFO  server.GrpcService (ConfUtils.java:logGet(46)) - raft.grpc.flow.control.window = 5MB (=5242880) (custom)
2023-08-28 09:33:35,950 [main] INFO  server.RaftServerConfigKeys (ConfUtils.java:logGet(46)) - raft.server.rpc.request.timeout = 60s (custom)
2023-08-28 09:33:35,950 [main] INFO  grpc.GrpcConfigKeys (ConfUtils.java:logGet(46)) - raft.grpc.server.heartbeat.channel = true (default)
2023-08-28 09:33:35,950 [main] INFO  grpc.GrpcConfigKeys (ConfUtils.java:logGet(46)) - raft.grpc.server.async.request.thread.pool.cached = true (default)
2023-08-28 09:33:35,950 [main] INFO  grpc.GrpcConfigKeys (ConfUtils.java:logGet(46)) - raft.grpc.server.async.request.thread.pool.size = 32 (default)
2023-08-28 09:33:35,953 [main] INFO  impl.DataStreamServerImpl (ConfUtils.java:logGet(46)) - raft.datastream.type = NETTY (custom)
2023-08-28 09:33:35,953 [main] INFO  server.RaftServerConfigKeys (ConfUtils.java:logGet(46)) - raft.server.data-stream.async.request.thread.pool.cached = false (default)
2023-08-28 09:33:35,954 [main] INFO  server.RaftServerConfigKeys (ConfUtils.java:logGet(46)) - raft.server.data-stream.async.request.thread.pool.size = 20 (custom)
2023-08-28 09:33:35,954 [main] INFO  server.RaftServerConfigKeys (ConfUtils.java:logGet(46)) - raft.server.data-stream.async.write.thread.pool.size = 16 (default)
2023-08-28 09:33:35,954 [main] INFO  server.RaftServerConfigKeys (ConfUtils.java:logGet(46)) - raft.server.data-stream.client.pool.size = 10 (default)
2023-08-28 09:33:35,954 [main] INFO  netty.NettyConfigKeys$DataStream (ConfUtils.java:logGet(46)) - raft.netty.dataStream.server.use-epoll = false (default)
2023-08-28 09:33:35,954 [main] INFO  netty.NettyConfigKeys$DataStream (ConfUtils.java:logGet(46)) - raft.netty.dataStream.server.boss-group.size = 0 (default)
2023-08-28 09:33:35,954 [main] INFO  netty.NettyConfigKeys$DataStream (ConfUtils.java:logGet(46)) - raft.netty.dataStream.server.worker-group.size = 0 (default)
2023-08-28 09:33:35,955 [main] INFO  netty.NettyConfigKeys$DataStream (ConfUtils.java:logGet(46)) - raft.netty.dataStream.server.tls.conf = null (default)
2023-08-28 09:33:35,955 [main] INFO  netty.NettyConfigKeys$DataStream (ConfUtils.java:logGet(46)) - raft.netty.dataStream.host = null (default)
2023-08-28 09:33:35,955 [main] INFO  netty.NettyConfigKeys$DataStream (ConfUtils.java:logGet(46)) - raft.netty.dataStream.port = 15139 (custom)
2023-08-28 09:33:35,955 [main] INFO  server.RaftServerConfigKeys (ConfUtils.java:logGet(46)) - raft.server.threadpool.proxy.cached = true (default)
2023-08-28 09:33:35,956 [main] INFO  server.RaftServerConfigKeys (ConfUtils.java:logGet(46)) - raft.server.threadpool.proxy.size = 0 (default)
2023-08-28 09:33:35,956 [cd0f2c76-867f-4adb-98b4-ea19f4e614c4-NettyServerStreamRpc-bossGroup--thread1] INFO  logging.LoggingHandler (AbstractInternalLogger.java:log(148)) - [id: 0x8947ff7a] REGISTERED
2023-08-28 09:33:35,956 [main] INFO  server.RaftServerConfigKeys (ConfUtils.java:logGet(46)) - raft.server.rpc.slowness.timeout = 300s (custom)
2023-08-28 09:33:35,956 [main] INFO  server.RaftServerConfigKeys (ConfUtils.java:logGet(46)) - raft.server.leaderelection.leader.step-down.wait-time = 10s (default)
2023-08-28 09:33:35,956 [cd0f2c76-867f-4adb-98b4-ea19f4e614c4-NettyServerStreamRpc-bossGroup--thread1] INFO  logging.LoggingHandler (AbstractInternalLogger.java:log(148)) - [id: 0x8947ff7a] BIND: 0.0.0.0/0.0.0.0:15139
2023-08-28 09:33:35,956 [main] INFO  server.RaftServerConfigKeys (ConfUtils.java:logGet(46)) - raft.server.storage.dir = [/home/runner/work/ozone/ozone/hadoop-ozone/integration-test/target/test-dir/MiniOzoneClusterImpl-ff034f8e-8080-4075-bf38-01537132cba4/datanode-2/data/ratis] (custom)
2023-08-28 09:33:35,956 [cd0f2c76-867f-4adb-98b4-ea19f4e614c4-NettyServerStreamRpc-bossGroup--thread1] INFO  logging.LoggingHandler (AbstractInternalLogger.java:log(148)) - [id: 0x8947ff7a, L:/0:0:0:0:0:0:0:0:15139] ACTIVE
2023-08-28 09:33:35,956 [cd0f2c76-867f-4adb-98b4-ea19f4e614c4-impl-thread1] INFO  server.RaftServer (RaftServerProxy.java:initGroupDir(258)) - cd0f2c76-867f-4adb-98b4-ea19f4e614c4: found a subdirectory /home/runner/work/ozone/ozone/hadoop-ozone/integration-test/target/test-dir/MiniOzoneClusterImpl-ff034f8e-8080-4075-bf38-01537132cba4/datanode-2/data/ratis/tmp
2023-08-28 09:33:35,957 [cd0f2c76-867f-4adb-98b4-ea19f4e614c4-impl-thread1] INFO  server.RaftServer (RaftServerProxy.java:initGroupDir(263)) - cd0f2c76-867f-4adb-98b4-ea19f4e614c4: The directory /home/runner/work/ozone/ozone/hadoop-ozone/integration-test/target/test-dir/MiniOzoneClusterImpl-ff034f8e-8080-4075-bf38-01537132cba4/datanode-2/data/ratis/tmp is not a group directory; ignoring it. 
2023-08-28 09:33:35,957 [main] INFO  replication.ReplicationServer (ReplicationServer.java:<init>(81)) - Initializing replication server with thread count = 10
2023-08-28 09:33:35,958 [main] INFO  server.XceiverServerGrpc (XceiverServerGrpc.java:<init>(132)) - GrpcServer channel type EpollServerSocketChannel
2023-08-28 09:33:35,959 [main] INFO  replication.ReplicationSupervisor (ReplicationSupervisor.java:build(155)) - Initializing replication supervisor with thread count = 10
2023-08-28 09:33:35,959 [main] INFO  replication.ReplicationSupervisor (ReplicationSupervisor.java:nodeStateUpdated(307)) - Node state updated to IN_SERVICE, scaling executor pool size to 10
2023-08-28 09:33:35,961 [main] INFO  http.BaseHttpServer (BaseHttpServer.java:newHttpServer2BuilderForOzone(223)) - Starting Web-server for hddsDatanode at: http://0.0.0.0:15133
2023-08-28 09:33:35,961 [main] INFO  http.BaseHttpServer (BaseHttpServer.java:<init>(110)) - Hadoop Security Enabled: false Ozone Security Enabled: false Ozone HTTP Security Enabled: false 
2023-08-28 09:33:35,962 [main] WARN  server.AuthenticationFilter (AuthenticationFilter.java:constructSecretProvider(240)) - Unable to initialize FileSignerSecretProvider, falling back to use random secrets. Reason: Could not read signature secret file: /home/runner/hadoop-http-auth-signature-secret
2023-08-28 09:33:35,963 [main] INFO  http.HttpRequestLog (HttpRequestLog.java:getRequestLog(86)) - Http request log for http.requests.hddsDatanode is not defined
2023-08-28 09:33:35,964 [main] INFO  http.HttpServer2 (HttpServer2.java:addGlobalFilter(1031)) - Added global filter 'safety' (class=org.apache.hadoop.hdds.server.http.HttpServer2$QuotingInputFilter)
2023-08-28 09:33:35,964 [main] INFO  http.HttpServer2 (HttpServer2.java:addFilter(1007)) - Added filter static_user_filter (class=org.apache.hadoop.http.lib.StaticUserWebFilter$StaticUserFilter) to context hddsDatanode
2023-08-28 09:33:35,964 [main] INFO  http.HttpServer2 (HttpServer2.java:addFilter(1015)) - Added filter static_user_filter (class=org.apache.hadoop.http.lib.StaticUserWebFilter$StaticUserFilter) to context logs
2023-08-28 09:33:35,965 [main] INFO  http.HttpServer2 (HttpServer2.java:addFilter(1015)) - Added filter static_user_filter (class=org.apache.hadoop.http.lib.StaticUserWebFilter$StaticUserFilter) to context static
2023-08-28 09:33:35,965 [main] INFO  http.BaseHttpServer (BaseHttpServer.java:<init>(189)) - HTTP server of hddsDatanode uses base directory /home/runner/work/ozone/ozone/hadoop-ozone/integration-test/target/test-dir/MiniOzoneClusterImpl-ff034f8e-8080-4075-bf38-01537132cba4/datanode-2/meta/webserver
2023-08-28 09:33:35,965 [main] INFO  http.HttpServer2 (HttpServer2.java:bindListener(1231)) - Jetty bound to port 15133
2023-08-28 09:33:35,965 [main] INFO  server.Server (Server.java:doStart(375)) - jetty-9.4.51.v20230217; built: 2023-02-17T08:19:37.309Z; git: b45c405e4544384de066f814ed42ae3dceacdd49; jvm 1.8.0_382-b05
2023-08-28 09:33:35,976 [main] INFO  server.session (DefaultSessionIdManager.java:doStart(334)) - DefaultSessionIdManager workerName=node0
2023-08-28 09:33:35,976 [main] INFO  server.session (DefaultSessionIdManager.java:doStart(339)) - No SessionScavenger set, using defaults
2023-08-28 09:33:35,976 [main] INFO  server.session (HouseKeeper.java:startScavenging(132)) - node0 Scavenging every 660000ms
2023-08-28 09:33:35,977 [main] INFO  handler.ContextHandler (ContextHandler.java:doStart(921)) - Started o.e.j.s.ServletContextHandler@57e6d476{logs,/logs,file:///home/runner/work/ozone/ozone/hadoop-ozone/integration-test/target/log,AVAILABLE}
2023-08-28 09:33:35,977 [main] INFO  handler.ContextHandler (ContextHandler.java:doStart(921)) - Started o.e.j.s.ServletContextHandler@35007ef{static,/static,jar:file:/home/runner/.m2/repository/org/apache/ozone/hdds-container-service/1.4.0-SNAPSHOT/hdds-container-service-1.4.0-SNAPSHOT.jar!/webapps/static,AVAILABLE}
2023-08-28 09:33:36,179 [main] INFO  handler.ContextHandler (ContextHandler.java:doStart(921)) - Started o.e.j.w.WebAppContext@5e484f15{hddsDatanode,/,file:///home/runner/work/ozone/ozone/hadoop-ozone/integration-test/target/test-dir/MiniOzoneClusterImpl-ff034f8e-8080-4075-bf38-01537132cba4/datanode-2/meta/webserver/jetty-0_0_0_0-15133-hdds-container-service-1_4_0-SNAPSHOT_jar-_-any-6580478233991416271/webapp/,AVAILABLE}{jar:file:/home/runner/.m2/repository/org/apache/ozone/hdds-container-service/1.4.0-SNAPSHOT/hdds-container-service-1.4.0-SNAPSHOT.jar!/webapps/hddsDatanode}
2023-08-28 09:33:36,180 [main] INFO  server.AbstractConnector (AbstractConnector.java:doStart(333)) - Started ServerConnector@23897113{HTTP/1.1, (http/1.1)}{0.0.0.0:15133}
2023-08-28 09:33:36,181 [main] INFO  server.Server (Server.java:doStart(415)) - Started @164518ms
2023-08-28 09:33:36,181 [main] WARN  impl.MetricsSystemImpl (MetricsSystemImpl.java:register(279)) - Sink prometheus already exists!
2023-08-28 09:33:36,181 [main] INFO  http.BaseHttpServer (BaseHttpServer.java:updateConnectorAddress(354)) - HTTP server of hddsDatanode listening at http://0.0.0.0:15133
2023-08-28 09:33:36,182 [main] INFO  ipc.CallQueueManager (CallQueueManager.java:<init>(90)) - Using callQueue: class java.util.concurrent.LinkedBlockingQueue, queueCapacity: 100, scheduler: class org.apache.hadoop.ipc.DefaultRpcScheduler, ipcBackoff: false.
2023-08-28 09:33:36,182 [main] INFO  ipc.Server (Server.java:<init>(1287)) - Listener at 0.0.0.0:15134
2023-08-28 09:33:36,182 [Socket Reader #1 for port 15134] INFO  ipc.Server (Server.java:run(1323)) - Starting Socket Reader #1 for port 15134
2023-08-28 09:33:36,187 [main] INFO  ozone.HddsDatanodeService (HddsDatanodeService.java:start(315)) - Datanode start with admins: [runner]
2023-08-28 09:33:36,188 [main] INFO  ozone.HddsDatanodeClientProtocolServer (HddsDatanodeClientProtocolServer.java:start(72)) - RPC server for Client /0.0.0.0:15134
2023-08-28 09:33:36,188 [IPC Server listener on 15134] INFO  ipc.Server (Server.java:run(1402)) - IPC Server listener on 15134: starting
2023-08-28 09:33:36,188 [IPC Server Responder] INFO  ipc.Server (Server.java:run(1562)) - IPC Server Responder: starting
2023-08-28 09:33:36,193 [main] WARN  impl.MetricRegistriesImpl (MetricRegistriesImpl.java:addReporterRegistration(111)) - New reporters are added after registries were created. Some metrics will be missing from the reporter. Please add reporter before adding any new registry.
2023-08-28 09:33:36,193 [main] WARN  impl.MetricRegistriesImpl (MetricRegistriesImpl.java:addReporterRegistration(111)) - New reporters are added after registries were created. Some metrics will be missing from the reporter. Please add reporter before adding any new registry.
2023-08-28 09:33:36,193 [Datanode State Machine Daemon Thread] INFO  statemachine.DatanodeStateMachine (DatanodeStateMachine.java:lambda$startDaemon$0(538)) - Ozone container server started.
2023-08-28 09:33:36,193 [main] INFO  impl.MetricsSystemImpl (MetricsSystemImpl.java:init(158)) - HddsDatanode metrics system started (again)
2023-08-28 09:33:36,207 [main] INFO  ozone.HddsDatanodeService (HddsDatanodeService.java:start(237)) - HddsDatanodeService host:fv-az625-77.ififypym2nee5jib2gmjcfh3fc.bx.internal.cloudapp.net ip:10.1.0.27
2023-08-28 09:33:36,208 [Datanode State Machine Task Thread - 0] INFO  datanode.InitDatanodeState (InitDatanodeState.java:persistContainerDatanodeDetails(138)) - DatanodeDetails is persisted to /home/runner/work/ozone/ozone/hadoop-ozone/integration-test/target/test-dir/MiniOzoneClusterImpl-ff034f8e-8080-4075-bf38-01537132cba4/datanode-2/meta/datanode.id
2023-08-28 09:33:36,226 [main] INFO  upgrade.AbstractLayoutVersionManager (AbstractLayoutVersionManager.java:init(83)) - Initializing Layout version manager with metadata layout = HADOOP_PRC_PORTS_IN_DATANODEDETAILS (version = 7), software layout = HADOOP_PRC_PORTS_IN_DATANODEDETAILS (version = 7)
2023-08-28 09:33:36,227 [main] INFO  statemachine.DatanodeStateMachine (DatanodeStateMachine.java:getEndPointTaskThreadPoolSize(282)) - Datanode State Machine Task Thread Pool size 2
2023-08-28 09:33:36,228 [main] INFO  volume.HddsVolume (HddsVolume.java:<init>(126)) - Creating HddsVolume: /home/runner/work/ozone/ozone/hadoop-ozone/integration-test/target/test-dir/MiniOzoneClusterImpl-ff034f8e-8080-4075-bf38-01537132cba4/datanode-3/data-0/containers/hdds of storage type : DISK capacity : 9223372036854775807
2023-08-28 09:33:36,228 [main] INFO  volume.MutableVolumeSet (MutableVolumeSet.java:initializeVolumeSet(173)) - Added Volume : /home/runner/work/ozone/ozone/hadoop-ozone/integration-test/target/test-dir/MiniOzoneClusterImpl-ff034f8e-8080-4075-bf38-01537132cba4/datanode-3/data-0/containers/hdds to VolumeSet
2023-08-28 09:33:36,229 [main] INFO  volume.MutableVolumeSet (MutableVolumeSet.java:initializeVolumeSet(173)) - Added Volume : /home/runner/work/ozone/ozone/hadoop-ozone/integration-test/target/test-dir/MiniOzoneClusterImpl-ff034f8e-8080-4075-bf38-01537132cba4/datanode-3/data/ratis to VolumeSet
2023-08-28 09:33:36,230 [Thread-1364] INFO  ozoneimpl.ContainerReader (ContainerReader.java:readVolume(177)) - Finish verifying containers on volume /home/runner/work/ozone/ozone/hadoop-ozone/integration-test/target/test-dir/MiniOzoneClusterImpl-ff034f8e-8080-4075-bf38-01537132cba4/datanode-3/data-0/containers/hdds
2023-08-28 09:33:36,230 [main] INFO  ozoneimpl.OzoneContainer (OzoneContainer.java:buildContainerSet(314)) - Build ContainerSet costs 0s
2023-08-28 09:33:36,232 [main] INFO  server.RaftServer (ConfUtils.java:logGet(46)) - raft.rpc.type = GRPC (default)
2023-08-28 09:33:36,232 [main] INFO  grpc.GrpcConfigKeys (ConfUtils.java:logFallback(53)) - raft.grpc.admin.host = null (fallback to raft.grpc.server.host)
2023-08-28 09:33:36,233 [main] INFO  grpc.GrpcConfigKeys (ConfUtils.java:logGet(46)) - raft.grpc.admin.port = 15146 (custom)
2023-08-28 09:33:36,234 [main] INFO  grpc.GrpcConfigKeys (ConfUtils.java:logFallback(53)) - raft.grpc.client.host = null (fallback to raft.grpc.server.host)
2023-08-28 09:33:36,234 [main] INFO  grpc.GrpcConfigKeys (ConfUtils.java:logGet(46)) - raft.grpc.client.port = 15145 (custom)
2023-08-28 09:33:36,236 [main] INFO  grpc.GrpcConfigKeys (ConfUtils.java:logGet(46)) - raft.grpc.server.host = null (default)
2023-08-28 09:33:36,236 [main] INFO  grpc.GrpcConfigKeys (ConfUtils.java:logGet(46)) - raft.grpc.server.port = 15147 (custom)
2023-08-28 09:33:36,236 [main] INFO  server.GrpcService (ConfUtils.java:logGet(46)) - raft.grpc.message.size.max = 32MB (=33554432) (custom)
2023-08-28 09:33:36,236 [main] INFO  server.RaftServerConfigKeys (ConfUtils.java:logGet(46)) - raft.server.log.appender.buffer.byte-limit = 33554432 (custom)
2023-08-28 09:33:36,236 [main] INFO  server.GrpcService (ConfUtils.java:logGet(46)) - raft.grpc.flow.control.window = 5MB (=5242880) (custom)
2023-08-28 09:33:36,236 [main] INFO  server.RaftServerConfigKeys (ConfUtils.java:logGet(46)) - raft.server.rpc.request.timeout = 60s (custom)
2023-08-28 09:33:36,236 [main] INFO  grpc.GrpcConfigKeys (ConfUtils.java:logGet(46)) - raft.grpc.server.heartbeat.channel = true (default)
2023-08-28 09:33:36,236 [main] INFO  grpc.GrpcConfigKeys (ConfUtils.java:logGet(46)) - raft.grpc.server.async.request.thread.pool.cached = true (default)
2023-08-28 09:33:36,237 [main] INFO  grpc.GrpcConfigKeys (ConfUtils.java:logGet(46)) - raft.grpc.server.async.request.thread.pool.size = 32 (default)
2023-08-28 09:33:36,239 [main] INFO  impl.DataStreamServerImpl (ConfUtils.java:logGet(46)) - raft.datastream.type = NETTY (custom)
2023-08-28 09:33:36,239 [main] INFO  server.RaftServerConfigKeys (ConfUtils.java:logGet(46)) - raft.server.data-stream.async.request.thread.pool.cached = false (default)
2023-08-28 09:33:36,239 [main] INFO  server.RaftServerConfigKeys (ConfUtils.java:logGet(46)) - raft.server.data-stream.async.request.thread.pool.size = 20 (custom)
2023-08-28 09:33:36,240 [main] INFO  server.RaftServerConfigKeys (ConfUtils.java:logGet(46)) - raft.server.data-stream.async.write.thread.pool.size = 16 (default)
2023-08-28 09:33:36,240 [main] INFO  server.RaftServerConfigKeys (ConfUtils.java:logGet(46)) - raft.server.data-stream.client.pool.size = 10 (default)
2023-08-28 09:33:36,240 [main] INFO  netty.NettyConfigKeys$DataStream (ConfUtils.java:logGet(46)) - raft.netty.dataStream.server.use-epoll = false (default)
2023-08-28 09:33:36,240 [main] INFO  netty.NettyConfigKeys$DataStream (ConfUtils.java:logGet(46)) - raft.netty.dataStream.server.boss-group.size = 0 (default)
2023-08-28 09:33:36,240 [main] INFO  netty.NettyConfigKeys$DataStream (ConfUtils.java:logGet(46)) - raft.netty.dataStream.server.worker-group.size = 0 (default)
2023-08-28 09:33:36,241 [main] INFO  netty.NettyConfigKeys$DataStream (ConfUtils.java:logGet(46)) - raft.netty.dataStream.server.tls.conf = null (default)
2023-08-28 09:33:36,241 [main] INFO  netty.NettyConfigKeys$DataStream (ConfUtils.java:logGet(46)) - raft.netty.dataStream.host = null (default)
2023-08-28 09:33:36,241 [main] INFO  netty.NettyConfigKeys$DataStream (ConfUtils.java:logGet(46)) - raft.netty.dataStream.port = 15148 (custom)
2023-08-28 09:33:36,241 [main] INFO  server.RaftServerConfigKeys (ConfUtils.java:logGet(46)) - raft.server.threadpool.proxy.cached = true (default)
2023-08-28 09:33:36,241 [main] INFO  server.RaftServerConfigKeys (ConfUtils.java:logGet(46)) - raft.server.threadpool.proxy.size = 0 (default)
2023-08-28 09:33:36,241 [main] INFO  server.RaftServerConfigKeys (ConfUtils.java:logGet(46)) - raft.server.rpc.slowness.timeout = 300s (custom)
2023-08-28 09:33:36,242 [main] INFO  server.RaftServerConfigKeys (ConfUtils.java:logGet(46)) - raft.server.leaderelection.leader.step-down.wait-time = 10s (default)
2023-08-28 09:33:36,242 [main] INFO  server.RaftServerConfigKeys (ConfUtils.java:logGet(46)) - raft.server.storage.dir = [/home/runner/work/ozone/ozone/hadoop-ozone/integration-test/target/test-dir/MiniOzoneClusterImpl-ff034f8e-8080-4075-bf38-01537132cba4/datanode-3/data/ratis] (custom)
2023-08-28 09:33:36,242 [95288828-abab-422b-9e50-2ffffa7b82dd-NettyServerStreamRpc-bossGroup--thread1] INFO  logging.LoggingHandler (AbstractInternalLogger.java:log(148)) - [id: 0x1f314648] REGISTERED
2023-08-28 09:33:36,242 [95288828-abab-422b-9e50-2ffffa7b82dd-NettyServerStreamRpc-bossGroup--thread1] INFO  logging.LoggingHandler (AbstractInternalLogger.java:log(148)) - [id: 0x1f314648] BIND: 0.0.0.0/0.0.0.0:15148
2023-08-28 09:33:36,242 [95288828-abab-422b-9e50-2ffffa7b82dd-NettyServerStreamRpc-bossGroup--thread1] INFO  logging.LoggingHandler (AbstractInternalLogger.java:log(148)) - [id: 0x1f314648, L:/0:0:0:0:0:0:0:0:15148] ACTIVE
2023-08-28 09:33:36,243 [95288828-abab-422b-9e50-2ffffa7b82dd-impl-thread1] INFO  server.RaftServer (RaftServerProxy.java:initGroupDir(258)) - 95288828-abab-422b-9e50-2ffffa7b82dd: found a subdirectory /home/runner/work/ozone/ozone/hadoop-ozone/integration-test/target/test-dir/MiniOzoneClusterImpl-ff034f8e-8080-4075-bf38-01537132cba4/datanode-3/data/ratis/tmp
2023-08-28 09:33:36,244 [95288828-abab-422b-9e50-2ffffa7b82dd-impl-thread1] INFO  server.RaftServer (RaftServerProxy.java:initGroupDir(263)) - 95288828-abab-422b-9e50-2ffffa7b82dd: The directory /home/runner/work/ozone/ozone/hadoop-ozone/integration-test/target/test-dir/MiniOzoneClusterImpl-ff034f8e-8080-4075-bf38-01537132cba4/datanode-3/data/ratis/tmp is not a group directory; ignoring it. 
2023-08-28 09:33:36,244 [main] INFO  replication.ReplicationServer (ReplicationServer.java:<init>(81)) - Initializing replication server with thread count = 10
2023-08-28 09:33:36,245 [main] INFO  server.XceiverServerGrpc (XceiverServerGrpc.java:<init>(132)) - GrpcServer channel type EpollServerSocketChannel
2023-08-28 09:33:36,246 [main] INFO  replication.ReplicationSupervisor (ReplicationSupervisor.java:build(155)) - Initializing replication supervisor with thread count = 10
2023-08-28 09:33:36,246 [main] INFO  replication.ReplicationSupervisor (ReplicationSupervisor.java:nodeStateUpdated(307)) - Node state updated to IN_SERVICE, scaling executor pool size to 10
2023-08-28 09:33:36,249 [main] INFO  http.BaseHttpServer (BaseHttpServer.java:newHttpServer2BuilderForOzone(223)) - Starting Web-server for hddsDatanode at: http://0.0.0.0:15142
2023-08-28 09:33:36,249 [main] INFO  http.BaseHttpServer (BaseHttpServer.java:<init>(110)) - Hadoop Security Enabled: false Ozone Security Enabled: false Ozone HTTP Security Enabled: false 
2023-08-28 09:33:36,252 [main] WARN  server.AuthenticationFilter (AuthenticationFilter.java:constructSecretProvider(240)) - Unable to initialize FileSignerSecretProvider, falling back to use random secrets. Reason: Could not read signature secret file: /home/runner/hadoop-http-auth-signature-secret
2023-08-28 09:33:36,252 [main] INFO  http.HttpRequestLog (HttpRequestLog.java:getRequestLog(86)) - Http request log for http.requests.hddsDatanode is not defined
2023-08-28 09:33:36,253 [main] INFO  http.HttpServer2 (HttpServer2.java:addGlobalFilter(1031)) - Added global filter 'safety' (class=org.apache.hadoop.hdds.server.http.HttpServer2$QuotingInputFilter)
2023-08-28 09:33:36,254 [main] INFO  http.HttpServer2 (HttpServer2.java:addFilter(1007)) - Added filter static_user_filter (class=org.apache.hadoop.http.lib.StaticUserWebFilter$StaticUserFilter) to context hddsDatanode
2023-08-28 09:33:36,254 [main] INFO  http.HttpServer2 (HttpServer2.java:addFilter(1015)) - Added filter static_user_filter (class=org.apache.hadoop.http.lib.StaticUserWebFilter$StaticUserFilter) to context logs
2023-08-28 09:33:36,254 [main] INFO  http.HttpServer2 (HttpServer2.java:addFilter(1015)) - Added filter static_user_filter (class=org.apache.hadoop.http.lib.StaticUserWebFilter$StaticUserFilter) to context static
2023-08-28 09:33:36,254 [main] INFO  http.BaseHttpServer (BaseHttpServer.java:<init>(189)) - HTTP server of hddsDatanode uses base directory /home/runner/work/ozone/ozone/hadoop-ozone/integration-test/target/test-dir/MiniOzoneClusterImpl-ff034f8e-8080-4075-bf38-01537132cba4/datanode-3/meta/webserver
2023-08-28 09:33:36,255 [main] INFO  http.HttpServer2 (HttpServer2.java:bindListener(1231)) - Jetty bound to port 15142
2023-08-28 09:33:36,255 [main] INFO  server.Server (Server.java:doStart(375)) - jetty-9.4.51.v20230217; built: 2023-02-17T08:19:37.309Z; git: b45c405e4544384de066f814ed42ae3dceacdd49; jvm 1.8.0_382-b05
2023-08-28 09:33:36,256 [main] INFO  server.session (DefaultSessionIdManager.java:doStart(334)) - DefaultSessionIdManager workerName=node0
2023-08-28 09:33:36,256 [main] INFO  server.session (DefaultSessionIdManager.java:doStart(339)) - No SessionScavenger set, using defaults
2023-08-28 09:33:36,263 [main] INFO  server.session (HouseKeeper.java:startScavenging(132)) - node0 Scavenging every 660000ms
2023-08-28 09:33:36,263 [main] INFO  handler.ContextHandler (ContextHandler.java:doStart(921)) - Started o.e.j.s.ServletContextHandler@5ed48263{logs,/logs,file:///home/runner/work/ozone/ozone/hadoop-ozone/integration-test/target/log,AVAILABLE}
2023-08-28 09:33:36,264 [main] INFO  handler.ContextHandler (ContextHandler.java:doStart(921)) - Started o.e.j.s.ServletContextHandler@6e46f6ca{static,/static,jar:file:/home/runner/.m2/repository/org/apache/ozone/hdds-container-service/1.4.0-SNAPSHOT/hdds-container-service-1.4.0-SNAPSHOT.jar!/webapps/static,AVAILABLE}
2023-08-28 09:33:36,458 [main] INFO  handler.ContextHandler (ContextHandler.java:doStart(921)) - Started o.e.j.w.WebAppContext@462d2fbf{hddsDatanode,/,file:///home/runner/work/ozone/ozone/hadoop-ozone/integration-test/target/test-dir/MiniOzoneClusterImpl-ff034f8e-8080-4075-bf38-01537132cba4/datanode-3/meta/webserver/jetty-0_0_0_0-15142-hdds-container-service-1_4_0-SNAPSHOT_jar-_-any-5066347717504452526/webapp/,AVAILABLE}{jar:file:/home/runner/.m2/repository/org/apache/ozone/hdds-container-service/1.4.0-SNAPSHOT/hdds-container-service-1.4.0-SNAPSHOT.jar!/webapps/hddsDatanode}
2023-08-28 09:33:36,461 [main] INFO  server.AbstractConnector (AbstractConnector.java:doStart(333)) - Started ServerConnector@35d43d72{HTTP/1.1, (http/1.1)}{0.0.0.0:15142}
2023-08-28 09:33:36,461 [main] INFO  server.Server (Server.java:doStart(415)) - Started @164798ms
2023-08-28 09:33:36,461 [main] WARN  impl.MetricsSystemImpl (MetricsSystemImpl.java:register(279)) - Sink prometheus already exists!
2023-08-28 09:33:36,462 [main] INFO  http.BaseHttpServer (BaseHttpServer.java:updateConnectorAddress(354)) - HTTP server of hddsDatanode listening at http://0.0.0.0:15142
2023-08-28 09:33:36,462 [main] INFO  ipc.CallQueueManager (CallQueueManager.java:<init>(90)) - Using callQueue: class java.util.concurrent.LinkedBlockingQueue, queueCapacity: 100, scheduler: class org.apache.hadoop.ipc.DefaultRpcScheduler, ipcBackoff: false.
2023-08-28 09:33:36,462 [main] INFO  ipc.Server (Server.java:<init>(1287)) - Listener at 0.0.0.0:15143
2023-08-28 09:33:36,463 [Socket Reader #1 for port 15143] INFO  ipc.Server (Server.java:run(1323)) - Starting Socket Reader #1 for port 15143
2023-08-28 09:33:36,465 [main] INFO  ozone.HddsDatanodeService (HddsDatanodeService.java:start(315)) - Datanode start with admins: [runner]
2023-08-28 09:33:36,465 [main] INFO  ozone.HddsDatanodeClientProtocolServer (HddsDatanodeClientProtocolServer.java:start(72)) - RPC server for Client /0.0.0.0:15143
2023-08-28 09:33:36,465 [IPC Server listener on 15143] INFO  ipc.Server (Server.java:run(1402)) - IPC Server listener on 15143: starting
2023-08-28 09:33:36,467 [IPC Server Responder] INFO  ipc.Server (Server.java:run(1562)) - IPC Server Responder: starting
2023-08-28 09:33:36,469 [main] WARN  impl.MetricRegistriesImpl (MetricRegistriesImpl.java:addReporterRegistration(111)) - New reporters are added after registries were created. Some metrics will be missing from the reporter. Please add reporter before adding any new registry.
2023-08-28 09:33:36,469 [main] WARN  impl.MetricRegistriesImpl (MetricRegistriesImpl.java:addReporterRegistration(111)) - New reporters are added after registries were created. Some metrics will be missing from the reporter. Please add reporter before adding any new registry.
2023-08-28 09:33:36,469 [main] INFO  impl.MetricsSystemImpl (MetricsSystemImpl.java:init(158)) - HddsDatanode metrics system started (again)
2023-08-28 09:33:36,476 [Datanode State Machine Daemon Thread] INFO  statemachine.DatanodeStateMachine (DatanodeStateMachine.java:lambda$startDaemon$0(538)) - Ozone container server started.
2023-08-28 09:33:36,488 [main] INFO  ozone.HddsDatanodeService (HddsDatanodeService.java:start(237)) - HddsDatanodeService host:fv-az625-77.ififypym2nee5jib2gmjcfh3fc.bx.internal.cloudapp.net ip:10.1.0.27
2023-08-28 09:33:36,494 [Datanode State Machine Task Thread - 0] INFO  datanode.InitDatanodeState (InitDatanodeState.java:persistContainerDatanodeDetails(138)) - DatanodeDetails is persisted to /home/runner/work/ozone/ozone/hadoop-ozone/integration-test/target/test-dir/MiniOzoneClusterImpl-ff034f8e-8080-4075-bf38-01537132cba4/datanode-3/meta/datanode.id
2023-08-28 09:33:36,506 [om1@group-C5BA1605619E-FollowerState] INFO  impl.FollowerState (FollowerState.java:run(143)) - om1@group-C5BA1605619E-FollowerState: change to CANDIDATE, lastRpcElapsedTime:1200550249ns, electionTimeout:1200ms
2023-08-28 09:33:36,506 [om1@group-C5BA1605619E-FollowerState] INFO  impl.RoleInfo (RoleInfo.java:shutdownFollowerState(110)) - om1: shutdown om1@group-C5BA1605619E-FollowerState
2023-08-28 09:33:36,506 [om1@group-C5BA1605619E-FollowerState] INFO  server.RaftServer$Division (RaftServerImpl.java:setRole(329)) - om1@group-C5BA1605619E: changes role from  FOLLOWER to CANDIDATE at term 0 for changeToCandidate
2023-08-28 09:33:36,506 [om1@group-C5BA1605619E-FollowerState] INFO  server.RaftServerConfigKeys (ConfUtils.java:logGet(46)) - raft.server.leaderelection.pre-vote = true (default)
2023-08-28 09:33:36,506 [om1@group-C5BA1605619E-FollowerState] INFO  impl.RoleInfo (RoleInfo.java:updateAndGet(139)) - om1: start om1@group-C5BA1605619E-LeaderElection21
2023-08-28 09:33:36,514 [om1@group-C5BA1605619E-LeaderElection21] INFO  impl.LeaderElection (LeaderElection.java:askForVotes(321)) - om1@group-C5BA1605619E-LeaderElection21 PRE_VOTE round 0: submit vote requests at term 0 for -1: peers:[om1|rpc:localhost:15113|priority:0|startupRole:FOLLOWER]|listeners:[], old=null
2023-08-28 09:33:36,514 [om1@group-C5BA1605619E-LeaderElection21] INFO  impl.LeaderElection (LeaderElection.java:askForVotes(323)) - om1@group-C5BA1605619E-LeaderElection21 PRE_VOTE round 0: result PASSED (term=0)
2023-08-28 09:33:36,516 [om1@group-C5BA1605619E-LeaderElection21] INFO  impl.LeaderElection (LeaderElection.java:askForVotes(321)) - om1@group-C5BA1605619E-LeaderElection21 ELECTION round 0: submit vote requests at term 1 for -1: peers:[om1|rpc:localhost:15113|priority:0|startupRole:FOLLOWER]|listeners:[], old=null
2023-08-28 09:33:36,516 [om1@group-C5BA1605619E-LeaderElection21] INFO  impl.LeaderElection (LeaderElection.java:askForVotes(323)) - om1@group-C5BA1605619E-LeaderElection21 ELECTION round 0: result PASSED (term=1)
2023-08-28 09:33:36,516 [om1@group-C5BA1605619E-LeaderElection21] INFO  impl.RoleInfo (RoleInfo.java:shutdownLeaderElection(130)) - om1: shutdown om1@group-C5BA1605619E-LeaderElection21
2023-08-28 09:33:36,516 [om1@group-C5BA1605619E-LeaderElection21] INFO  server.RaftServer$Division (RaftServerImpl.java:setRole(329)) - om1@group-C5BA1605619E: changes role from CANDIDATE to LEADER at term 1 for changeToLeader
2023-08-28 09:33:36,517 [om1@group-C5BA1605619E-LeaderElection21] INFO  server.RaftServer$Division (ServerState.java:setLeader(317)) - om1@group-C5BA1605619E: change Leader from null to om1 at term 1 for becomeLeader, leader elected after 1663ms
2023-08-28 09:33:36,517 [om1@group-C5BA1605619E-LeaderElection21] INFO  server.RaftServerConfigKeys (ConfUtils.java:logGet(46)) - raft.server.staging.catchup.gap = 1000 (default)
2023-08-28 09:33:36,517 [om1@group-C5BA1605619E-LeaderElection21] INFO  server.RaftServerConfigKeys (ConfUtils.java:logGet(46)) - raft.server.write.element-limit = 4096 (default)
2023-08-28 09:33:36,517 [om1@group-C5BA1605619E-LeaderElection21] INFO  server.RaftServerConfigKeys (ConfUtils.java:logGet(46)) - raft.server.write.byte-limit = 64MB (=67108864) (default)
2023-08-28 09:33:36,519 [om1@group-C5BA1605619E-LeaderElection21] INFO  server.RaftServerConfigKeys (ConfUtils.java:logGet(46)) - raft.server.watch.timeout = 10s (default)
2023-08-28 09:33:36,519 [om1@group-C5BA1605619E-LeaderElection21] INFO  server.RaftServerConfigKeys (ConfUtils.java:logGet(46)) - raft.server.watch.timeout.denomination = 1s (default)
2023-08-28 09:33:36,519 [om1@group-C5BA1605619E-LeaderElection21] INFO  server.RaftServerConfigKeys (ConfUtils.java:logGet(46)) - raft.server.watch.element-limit = 65536 (default)
2023-08-28 09:33:36,520 [om1@group-C5BA1605619E-LeaderElection21] INFO  server.RaftServerConfigKeys (ConfUtils.java:logGet(46)) - raft.server.write.element-limit = 4096 (default)
2023-08-28 09:33:36,520 [om1@group-C5BA1605619E-LeaderElection21] INFO  server.RaftServerConfigKeys (ConfUtils.java:logGet(46)) - raft.server.write.follower.gap.ratio.max = -1.0 (default)
2023-08-28 09:33:36,520 [om1@group-C5BA1605619E-LeaderElection21] INFO  impl.RoleInfo (RoleInfo.java:updateAndGet(139)) - om1: start om1@group-C5BA1605619E-LeaderStateImpl
2023-08-28 09:33:36,520 [om1@group-C5BA1605619E-LeaderElection21] INFO  segmented.SegmentedRaftLogWorker (SegmentedRaftLogWorker.java:startLogSegment(447)) - om1@group-C5BA1605619E-SegmentedRaftLogWorker: Starting segment from index:0
2023-08-28 09:33:36,523 [main] INFO  upgrade.AbstractLayoutVersionManager (AbstractLayoutVersionManager.java:init(83)) - Initializing Layout version manager with metadata layout = HADOOP_PRC_PORTS_IN_DATANODEDETAILS (version = 7), software layout = HADOOP_PRC_PORTS_IN_DATANODEDETAILS (version = 7)
2023-08-28 09:33:36,523 [main] INFO  statemachine.DatanodeStateMachine (DatanodeStateMachine.java:getEndPointTaskThreadPoolSize(282)) - Datanode State Machine Task Thread Pool size 2
2023-08-28 09:33:36,526 [main] INFO  volume.HddsVolume (HddsVolume.java:<init>(126)) - Creating HddsVolume: /home/runner/work/ozone/ozone/hadoop-ozone/integration-test/target/test-dir/MiniOzoneClusterImpl-ff034f8e-8080-4075-bf38-01537132cba4/datanode-4/data-0/containers/hdds of storage type : DISK capacity : 9223372036854775807
2023-08-28 09:33:36,528 [om1@group-C5BA1605619E-LeaderElection21] INFO  server.RaftServer$Division (ServerState.java:setRaftConf(434)) - om1@group-C5BA1605619E: set configuration 0: peers:[om1|rpc:localhost:15113|admin:|client:|dataStream:|priority:0|startupRole:FOLLOWER]|listeners:[], old=null
2023-08-28 09:33:36,531 [main] INFO  volume.MutableVolumeSet (MutableVolumeSet.java:initializeVolumeSet(173)) - Added Volume : /home/runner/work/ozone/ozone/hadoop-ozone/integration-test/target/test-dir/MiniOzoneClusterImpl-ff034f8e-8080-4075-bf38-01537132cba4/datanode-4/data-0/containers/hdds to VolumeSet
2023-08-28 09:33:36,532 [om1@group-C5BA1605619E-SegmentedRaftLogWorker] INFO  segmented.SegmentedRaftLogWorker (SegmentedRaftLogWorker.java:execute(651)) - om1@group-C5BA1605619E-SegmentedRaftLogWorker: created new log segment /home/runner/work/ozone/ozone/hadoop-ozone/integration-test/target/test-dir/MiniOzoneClusterImpl-ff034f8e-8080-4075-bf38-01537132cba4/ozone-meta/ratis/bf265839-605b-3f16-9796-c5ba1605619e/current/log_inprogress_0
2023-08-28 09:33:36,532 [main] INFO  volume.MutableVolumeSet (MutableVolumeSet.java:initializeVolumeSet(173)) - Added Volume : /home/runner/work/ozone/ozone/hadoop-ozone/integration-test/target/test-dir/MiniOzoneClusterImpl-ff034f8e-8080-4075-bf38-01537132cba4/datanode-4/data/ratis to VolumeSet
2023-08-28 09:33:36,536 [om1@group-C5BA1605619E-StateMachineUpdater] INFO  ratis.OzoneManagerStateMachine (OzoneManagerStateMachine.java:notifyConfigurationChanged(202)) - Received Configuration change notification from Ratis. New Peer list:
[id: "om1"
address: "localhost:15113"
startupRole: FOLLOWER
]
2023-08-28 09:33:36,537 [Thread-1383] INFO  ozoneimpl.ContainerReader (ContainerReader.java:readVolume(177)) - Finish verifying containers on volume /home/runner/work/ozone/ozone/hadoop-ozone/integration-test/target/test-dir/MiniOzoneClusterImpl-ff034f8e-8080-4075-bf38-01537132cba4/datanode-4/data-0/containers/hdds
2023-08-28 09:33:36,537 [main] INFO  ozoneimpl.OzoneContainer (OzoneContainer.java:buildContainerSet(314)) - Build ContainerSet costs 0s
2023-08-28 09:33:36,539 [main] INFO  server.RaftServer (ConfUtils.java:logGet(46)) - raft.rpc.type = GRPC (default)
2023-08-28 09:33:36,540 [main] INFO  grpc.GrpcConfigKeys (ConfUtils.java:logFallback(53)) - raft.grpc.admin.host = null (fallback to raft.grpc.server.host)
2023-08-28 09:33:36,540 [main] INFO  grpc.GrpcConfigKeys (ConfUtils.java:logGet(46)) - raft.grpc.admin.port = 15155 (custom)
2023-08-28 09:33:36,540 [main] INFO  grpc.GrpcConfigKeys (ConfUtils.java:logFallback(53)) - raft.grpc.client.host = null (fallback to raft.grpc.server.host)
2023-08-28 09:33:36,540 [main] INFO  grpc.GrpcConfigKeys (ConfUtils.java:logGet(46)) - raft.grpc.client.port = 15154 (custom)
2023-08-28 09:33:36,540 [main] INFO  grpc.GrpcConfigKeys (ConfUtils.java:logGet(46)) - raft.grpc.server.host = null (default)
2023-08-28 09:33:36,540 [main] INFO  grpc.GrpcConfigKeys (ConfUtils.java:logGet(46)) - raft.grpc.server.port = 15156 (custom)
2023-08-28 09:33:36,540 [main] INFO  server.GrpcService (ConfUtils.java:logGet(46)) - raft.grpc.message.size.max = 32MB (=33554432) (custom)
2023-08-28 09:33:36,540 [main] INFO  server.RaftServerConfigKeys (ConfUtils.java:logGet(46)) - raft.server.log.appender.buffer.byte-limit = 33554432 (custom)
2023-08-28 09:33:36,540 [main] INFO  server.GrpcService (ConfUtils.java:logGet(46)) - raft.grpc.flow.control.window = 5MB (=5242880) (custom)
2023-08-28 09:33:36,541 [main] INFO  server.RaftServerConfigKeys (ConfUtils.java:logGet(46)) - raft.server.rpc.request.timeout = 60s (custom)
2023-08-28 09:33:36,541 [main] INFO  grpc.GrpcConfigKeys (ConfUtils.java:logGet(46)) - raft.grpc.server.heartbeat.channel = true (default)
2023-08-28 09:33:36,541 [main] INFO  grpc.GrpcConfigKeys (ConfUtils.java:logGet(46)) - raft.grpc.server.async.request.thread.pool.cached = true (default)
2023-08-28 09:33:36,541 [main] INFO  grpc.GrpcConfigKeys (ConfUtils.java:logGet(46)) - raft.grpc.server.async.request.thread.pool.size = 32 (default)
2023-08-28 09:33:36,544 [main] INFO  impl.DataStreamServerImpl (ConfUtils.java:logGet(46)) - raft.datastream.type = NETTY (custom)
2023-08-28 09:33:36,544 [main] INFO  server.RaftServerConfigKeys (ConfUtils.java:logGet(46)) - raft.server.data-stream.async.request.thread.pool.cached = false (default)
2023-08-28 09:33:36,545 [main] INFO  server.RaftServerConfigKeys (ConfUtils.java:logGet(46)) - raft.server.data-stream.async.request.thread.pool.size = 20 (custom)
2023-08-28 09:33:36,545 [main] INFO  server.RaftServerConfigKeys (ConfUtils.java:logGet(46)) - raft.server.data-stream.async.write.thread.pool.size = 16 (default)
2023-08-28 09:33:36,545 [main] INFO  server.RaftServerConfigKeys (ConfUtils.java:logGet(46)) - raft.server.data-stream.client.pool.size = 10 (default)
2023-08-28 09:33:36,545 [main] INFO  netty.NettyConfigKeys$DataStream (ConfUtils.java:logGet(46)) - raft.netty.dataStream.server.use-epoll = false (default)
2023-08-28 09:33:36,545 [main] INFO  netty.NettyConfigKeys$DataStream (ConfUtils.java:logGet(46)) - raft.netty.dataStream.server.boss-group.size = 0 (default)
2023-08-28 09:33:36,545 [main] INFO  netty.NettyConfigKeys$DataStream (ConfUtils.java:logGet(46)) - raft.netty.dataStream.server.worker-group.size = 0 (default)
2023-08-28 09:33:36,546 [main] INFO  netty.NettyConfigKeys$DataStream (ConfUtils.java:logGet(46)) - raft.netty.dataStream.server.tls.conf = null (default)
2023-08-28 09:33:36,546 [main] INFO  netty.NettyConfigKeys$DataStream (ConfUtils.java:logGet(46)) - raft.netty.dataStream.host = null (default)
2023-08-28 09:33:36,546 [main] INFO  netty.NettyConfigKeys$DataStream (ConfUtils.java:logGet(46)) - raft.netty.dataStream.port = 15157 (custom)
2023-08-28 09:33:36,546 [main] INFO  server.RaftServerConfigKeys (ConfUtils.java:logGet(46)) - raft.server.threadpool.proxy.cached = true (default)
2023-08-28 09:33:36,546 [main] INFO  server.RaftServerConfigKeys (ConfUtils.java:logGet(46)) - raft.server.threadpool.proxy.size = 0 (default)
2023-08-28 09:33:36,547 [main] INFO  server.RaftServerConfigKeys (ConfUtils.java:logGet(46)) - raft.server.rpc.slowness.timeout = 300s (custom)
2023-08-28 09:33:36,547 [main] INFO  server.RaftServerConfigKeys (ConfUtils.java:logGet(46)) - raft.server.leaderelection.leader.step-down.wait-time = 10s (default)
2023-08-28 09:33:36,547 [main] INFO  server.RaftServerConfigKeys (ConfUtils.java:logGet(46)) - raft.server.storage.dir = [/home/runner/work/ozone/ozone/hadoop-ozone/integration-test/target/test-dir/MiniOzoneClusterImpl-ff034f8e-8080-4075-bf38-01537132cba4/datanode-4/data/ratis] (custom)
2023-08-28 09:33:36,547 [41455824-df48-4b98-a96f-a0f226daf9c9-NettyServerStreamRpc-bossGroup--thread1] INFO  logging.LoggingHandler (AbstractInternalLogger.java:log(148)) - [id: 0xcd191026] REGISTERED
2023-08-28 09:33:36,547 [41455824-df48-4b98-a96f-a0f226daf9c9-NettyServerStreamRpc-bossGroup--thread1] INFO  logging.LoggingHandler (AbstractInternalLogger.java:log(148)) - [id: 0xcd191026] BIND: 0.0.0.0/0.0.0.0:15157
2023-08-28 09:33:36,547 [41455824-df48-4b98-a96f-a0f226daf9c9-NettyServerStreamRpc-bossGroup--thread1] INFO  logging.LoggingHandler (AbstractInternalLogger.java:log(148)) - [id: 0xcd191026, L:/0:0:0:0:0:0:0:0:15157] ACTIVE
2023-08-28 09:33:36,548 [41455824-df48-4b98-a96f-a0f226daf9c9-impl-thread1] INFO  server.RaftServer (RaftServerProxy.java:initGroupDir(258)) - 41455824-df48-4b98-a96f-a0f226daf9c9: found a subdirectory /home/runner/work/ozone/ozone/hadoop-ozone/integration-test/target/test-dir/MiniOzoneClusterImpl-ff034f8e-8080-4075-bf38-01537132cba4/datanode-4/data/ratis/tmp
2023-08-28 09:33:36,548 [41455824-df48-4b98-a96f-a0f226daf9c9-impl-thread1] INFO  server.RaftServer (RaftServerProxy.java:initGroupDir(263)) - 41455824-df48-4b98-a96f-a0f226daf9c9: The directory /home/runner/work/ozone/ozone/hadoop-ozone/integration-test/target/test-dir/MiniOzoneClusterImpl-ff034f8e-8080-4075-bf38-01537132cba4/datanode-4/data/ratis/tmp is not a group directory; ignoring it. 
2023-08-28 09:33:36,548 [main] INFO  replication.ReplicationServer (ReplicationServer.java:<init>(81)) - Initializing replication server with thread count = 10
2023-08-28 09:33:36,549 [main] INFO  server.XceiverServerGrpc (XceiverServerGrpc.java:<init>(132)) - GrpcServer channel type EpollServerSocketChannel
2023-08-28 09:33:36,550 [main] INFO  replication.ReplicationSupervisor (ReplicationSupervisor.java:build(155)) - Initializing replication supervisor with thread count = 10
2023-08-28 09:33:36,551 [main] INFO  replication.ReplicationSupervisor (ReplicationSupervisor.java:nodeStateUpdated(307)) - Node state updated to IN_SERVICE, scaling executor pool size to 10
2023-08-28 09:33:36,556 [main] INFO  http.BaseHttpServer (BaseHttpServer.java:newHttpServer2BuilderForOzone(223)) - Starting Web-server for hddsDatanode at: http://0.0.0.0:15151
2023-08-28 09:33:36,556 [main] INFO  http.BaseHttpServer (BaseHttpServer.java:<init>(110)) - Hadoop Security Enabled: false Ozone Security Enabled: false Ozone HTTP Security Enabled: false 
2023-08-28 09:33:36,558 [main] WARN  server.AuthenticationFilter (AuthenticationFilter.java:constructSecretProvider(240)) - Unable to initialize FileSignerSecretProvider, falling back to use random secrets. Reason: Could not read signature secret file: /home/runner/hadoop-http-auth-signature-secret
2023-08-28 09:33:36,558 [main] INFO  http.HttpRequestLog (HttpRequestLog.java:getRequestLog(86)) - Http request log for http.requests.hddsDatanode is not defined
2023-08-28 09:33:36,560 [main] INFO  http.HttpServer2 (HttpServer2.java:addGlobalFilter(1031)) - Added global filter 'safety' (class=org.apache.hadoop.hdds.server.http.HttpServer2$QuotingInputFilter)
2023-08-28 09:33:36,560 [main] INFO  http.HttpServer2 (HttpServer2.java:addFilter(1007)) - Added filter static_user_filter (class=org.apache.hadoop.http.lib.StaticUserWebFilter$StaticUserFilter) to context hddsDatanode
2023-08-28 09:33:36,560 [main] INFO  http.HttpServer2 (HttpServer2.java:addFilter(1015)) - Added filter static_user_filter (class=org.apache.hadoop.http.lib.StaticUserWebFilter$StaticUserFilter) to context static
2023-08-28 09:33:36,560 [main] INFO  http.HttpServer2 (HttpServer2.java:addFilter(1015)) - Added filter static_user_filter (class=org.apache.hadoop.http.lib.StaticUserWebFilter$StaticUserFilter) to context logs
2023-08-28 09:33:36,561 [main] INFO  http.BaseHttpServer (BaseHttpServer.java:<init>(189)) - HTTP server of hddsDatanode uses base directory /home/runner/work/ozone/ozone/hadoop-ozone/integration-test/target/test-dir/MiniOzoneClusterImpl-ff034f8e-8080-4075-bf38-01537132cba4/datanode-4/meta/webserver
2023-08-28 09:33:36,561 [main] INFO  http.HttpServer2 (HttpServer2.java:bindListener(1231)) - Jetty bound to port 15151
2023-08-28 09:33:36,561 [main] INFO  server.Server (Server.java:doStart(375)) - jetty-9.4.51.v20230217; built: 2023-02-17T08:19:37.309Z; git: b45c405e4544384de066f814ed42ae3dceacdd49; jvm 1.8.0_382-b05
2023-08-28 09:33:36,565 [main] INFO  server.session (DefaultSessionIdManager.java:doStart(334)) - DefaultSessionIdManager workerName=node0
2023-08-28 09:33:36,565 [main] INFO  server.session (DefaultSessionIdManager.java:doStart(339)) - No SessionScavenger set, using defaults
2023-08-28 09:33:36,566 [main] INFO  server.session (HouseKeeper.java:startScavenging(132)) - node0 Scavenging every 660000ms
2023-08-28 09:33:36,566 [main] INFO  handler.ContextHandler (ContextHandler.java:doStart(921)) - Started o.e.j.s.ServletContextHandler@5bb0bacb{logs,/logs,file:///home/runner/work/ozone/ozone/hadoop-ozone/integration-test/target/log,AVAILABLE}
2023-08-28 09:33:36,567 [main] INFO  handler.ContextHandler (ContextHandler.java:doStart(921)) - Started o.e.j.s.ServletContextHandler@1634c79c{static,/static,jar:file:/home/runner/.m2/repository/org/apache/ozone/hdds-container-service/1.4.0-SNAPSHOT/hdds-container-service-1.4.0-SNAPSHOT.jar!/webapps/static,AVAILABLE}
2023-08-28 09:33:36,758 [main] INFO  handler.ContextHandler (ContextHandler.java:doStart(921)) - Started o.e.j.w.WebAppContext@5ce5e5e5{hddsDatanode,/,file:///home/runner/work/ozone/ozone/hadoop-ozone/integration-test/target/test-dir/MiniOzoneClusterImpl-ff034f8e-8080-4075-bf38-01537132cba4/datanode-4/meta/webserver/jetty-0_0_0_0-15151-hdds-container-service-1_4_0-SNAPSHOT_jar-_-any-8911057404480370821/webapp/,AVAILABLE}{jar:file:/home/runner/.m2/repository/org/apache/ozone/hdds-container-service/1.4.0-SNAPSHOT/hdds-container-service-1.4.0-SNAPSHOT.jar!/webapps/hddsDatanode}
2023-08-28 09:33:36,760 [main] INFO  server.AbstractConnector (AbstractConnector.java:doStart(333)) - Started ServerConnector@455efaa6{HTTP/1.1, (http/1.1)}{0.0.0.0:15151}
2023-08-28 09:33:36,761 [main] INFO  server.Server (Server.java:doStart(415)) - Started @165098ms
2023-08-28 09:33:36,761 [main] WARN  impl.MetricsSystemImpl (MetricsSystemImpl.java:register(279)) - Sink prometheus already exists!
2023-08-28 09:33:36,761 [main] INFO  http.BaseHttpServer (BaseHttpServer.java:updateConnectorAddress(354)) - HTTP server of hddsDatanode listening at http://0.0.0.0:15151
2023-08-28 09:33:36,762 [main] INFO  ipc.CallQueueManager (CallQueueManager.java:<init>(90)) - Using callQueue: class java.util.concurrent.LinkedBlockingQueue, queueCapacity: 100, scheduler: class org.apache.hadoop.ipc.DefaultRpcScheduler, ipcBackoff: false.
2023-08-28 09:33:36,762 [main] INFO  ipc.Server (Server.java:<init>(1287)) - Listener at 0.0.0.0:15152
2023-08-28 09:33:36,762 [Socket Reader #1 for port 15152] INFO  ipc.Server (Server.java:run(1323)) - Starting Socket Reader #1 for port 15152
2023-08-28 09:33:36,763 [main] INFO  ozone.HddsDatanodeService (HddsDatanodeService.java:start(315)) - Datanode start with admins: [runner]
2023-08-28 09:33:36,764 [main] INFO  ozone.HddsDatanodeClientProtocolServer (HddsDatanodeClientProtocolServer.java:start(72)) - RPC server for Client /0.0.0.0:15152
2023-08-28 09:33:36,765 [IPC Server Responder] INFO  ipc.Server (Server.java:run(1562)) - IPC Server Responder: starting
2023-08-28 09:33:36,765 [IPC Server listener on 15152] INFO  ipc.Server (Server.java:run(1402)) - IPC Server listener on 15152: starting
2023-08-28 09:33:36,772 [Datanode State Machine Daemon Thread] INFO  statemachine.DatanodeStateMachine (DatanodeStateMachine.java:lambda$startDaemon$0(538)) - Ozone container server started.
2023-08-28 09:33:36,772 [main] INFO  ozone.MiniOzoneClusterImpl (MiniOzoneClusterImpl.java:lambda$waitForClusterToBeReady$0(224)) - Waiting for nodes to be ready. Got 0 of 5 DN Heartbeats.
2023-08-28 09:33:36,773 [main] INFO  ozone.MiniOzoneClusterImpl (MiniOzoneClusterImpl.java:lambda$waitForClusterToBeReady$0(227)) - Waiting for cluster to exit safe mode
2023-08-28 09:33:36,773 [main] INFO  ozone.MiniOzoneClusterImpl (MiniOzoneClusterImpl.java:lambda$waitForClusterToBeReady$0(229)) - SCM became leader
2023-08-28 09:33:36,790 [Datanode State Machine Task Thread - 0] INFO  datanode.InitDatanodeState (InitDatanodeState.java:persistContainerDatanodeDetails(138)) - DatanodeDetails is persisted to /home/runner/work/ozone/ozone/hadoop-ozone/integration-test/target/test-dir/MiniOzoneClusterImpl-ff034f8e-8080-4075-bf38-01537132cba4/datanode-4/meta/datanode.id
2023-08-28 09:33:37,664 [EndpointStateMachine task thread for /0.0.0.0:15108 - 0 ] INFO  utils.DatanodeStoreCache (DatanodeStoreCache.java:addDB(66)) - Added db /home/runner/work/ozone/ozone/hadoop-ozone/integration-test/target/test-dir/MiniOzoneClusterImpl-ff034f8e-8080-4075-bf38-01537132cba4/datanode-0/data-0/containers/hdds/ff034f8e-8080-4075-bf38-01537132cba4/DS-c8e0584c-a9b5-4676-a7e7-a82f02f738a1/container.db to cache
2023-08-28 09:33:37,664 [EndpointStateMachine task thread for /0.0.0.0:15108 - 0 ] INFO  volume.HddsVolume (HddsVolume.java:createDbStore(422)) - SchemaV3 db is created and loaded at /home/runner/work/ozone/ozone/hadoop-ozone/integration-test/target/test-dir/MiniOzoneClusterImpl-ff034f8e-8080-4075-bf38-01537132cba4/datanode-0/data-0/containers/hdds/ff034f8e-8080-4075-bf38-01537132cba4/DS-c8e0584c-a9b5-4676-a7e7-a82f02f738a1/container.db for volume DS-c8e0584c-a9b5-4676-a7e7-a82f02f738a1
2023-08-28 09:33:37,665 [EndpointStateMachine task thread for /0.0.0.0:15108 - 0 ] INFO  volume.ThrottledAsyncChecker (ThrottledAsyncChecker.java:schedule(141)) - Scheduling a check for /home/runner/work/ozone/ozone/hadoop-ozone/integration-test/target/test-dir/MiniOzoneClusterImpl-ff034f8e-8080-4075-bf38-01537132cba4/datanode-0/data-0/containers/hdds
2023-08-28 09:33:37,666 [EndpointStateMachine task thread for /0.0.0.0:15108 - 0 ] INFO  volume.StorageVolumeChecker (StorageVolumeChecker.java:checkAllVolumes(213)) - Scheduled health check for volume /home/runner/work/ozone/ozone/hadoop-ozone/integration-test/target/test-dir/MiniOzoneClusterImpl-ff034f8e-8080-4075-bf38-01537132cba4/datanode-0/data-0/containers/hdds
2023-08-28 09:33:37,667 [EndpointStateMachine task thread for /0.0.0.0:15108 - 0 ] INFO  volume.ThrottledAsyncChecker (ThrottledAsyncChecker.java:schedule(141)) - Scheduling a check for /home/runner/work/ozone/ozone/hadoop-ozone/integration-test/target/test-dir/MiniOzoneClusterImpl-ff034f8e-8080-4075-bf38-01537132cba4/datanode-0/data/ratis
2023-08-28 09:33:37,668 [EndpointStateMachine task thread for /0.0.0.0:15108 - 0 ] INFO  volume.StorageVolumeChecker (StorageVolumeChecker.java:checkAllVolumes(213)) - Scheduled health check for volume /home/runner/work/ozone/ozone/hadoop-ozone/integration-test/target/test-dir/MiniOzoneClusterImpl-ff034f8e-8080-4075-bf38-01537132cba4/datanode-0/data/ratis
2023-08-28 09:33:37,670 [EndpointStateMachine task thread for /0.0.0.0:15108 - 0 ] INFO  ozoneimpl.OzoneContainer (OzoneContainer.java:start(429)) - Attempting to start container services.
2023-08-28 09:33:37,670 [EndpointStateMachine task thread for /0.0.0.0:15108 - 0 ] INFO  ozoneimpl.OzoneContainer (OzoneContainer.java:startContainerScrub(325)) - Scheduled background container scanners and the on-demand container scanner have been disabled.
2023-08-28 09:33:37,671 [EndpointStateMachine task thread for /0.0.0.0:15108 - 0 ] INFO  replication.ReplicationServer (ReplicationServer.java:start(130)) - ReplicationServer is started using port 15122
2023-08-28 09:33:37,671 [EndpointStateMachine task thread for /0.0.0.0:15108 - 0 ] INFO  ratis.XceiverServerRatis (XceiverServerRatis.java:start(517)) - Starting XceiverServerRatis 80fac8df-d086-4186-9807-ed58a74d6c90
2023-08-28 09:33:37,672 [EndpointStateMachine task thread for /0.0.0.0:15108 - 0 ] INFO  server.RaftServer (RaftServerProxy.java:startImpl(400)) - 80fac8df-d086-4186-9807-ed58a74d6c90: start RPC server
2023-08-28 09:33:37,673 [EndpointStateMachine task thread for /0.0.0.0:15108 - 0 ] INFO  server.GrpcService (GrpcService.java:startImpl(302)) - 80fac8df-d086-4186-9807-ed58a74d6c90: GrpcService started, listening on 15118
2023-08-28 09:33:37,674 [EndpointStateMachine task thread for /0.0.0.0:15108 - 0 ] INFO  server.GrpcService (GrpcService.java:startImpl(302)) - 80fac8df-d086-4186-9807-ed58a74d6c90: GrpcService started, listening on 15120
2023-08-28 09:33:37,674 [EndpointStateMachine task thread for /0.0.0.0:15108 - 0 ] INFO  server.GrpcService (GrpcService.java:startImpl(302)) - 80fac8df-d086-4186-9807-ed58a74d6c90: GrpcService started, listening on 15119
2023-08-28 09:33:37,675 [EndpointStateMachine task thread for /0.0.0.0:15108 - 0 ] INFO  ratis.XceiverServerRatis (XceiverServerRatis.java:getRealPort(543)) - XceiverServerRatis 80fac8df-d086-4186-9807-ed58a74d6c90 is started using port 15118 for RATIS
2023-08-28 09:33:37,675 [EndpointStateMachine task thread for /0.0.0.0:15108 - 0 ] INFO  ratis.XceiverServerRatis (XceiverServerRatis.java:getRealPort(543)) - XceiverServerRatis 80fac8df-d086-4186-9807-ed58a74d6c90 is started using port 15119 for RATIS_ADMIN
2023-08-28 09:33:37,675 [JvmPauseMonitor16] INFO  util.JvmPauseMonitor (JvmPauseMonitor.java:run(103)) - JvmPauseMonitor-80fac8df-d086-4186-9807-ed58a74d6c90: Started
2023-08-28 09:33:37,675 [EndpointStateMachine task thread for /0.0.0.0:15108 - 0 ] INFO  ratis.XceiverServerRatis (XceiverServerRatis.java:getRealPort(543)) - XceiverServerRatis 80fac8df-d086-4186-9807-ed58a74d6c90 is started using port 15120 for RATIS_SERVER
2023-08-28 09:33:37,675 [EndpointStateMachine task thread for /0.0.0.0:15108 - 0 ] INFO  ratis.XceiverServerRatis (XceiverServerRatis.java:getRealPort(543)) - XceiverServerRatis 80fac8df-d086-4186-9807-ed58a74d6c90 is started using port 15121 for RATIS_DATASTREAM
2023-08-28 09:33:37,676 [BlockDeletingService#0] INFO  interfaces.ContainerDeletionChoosingPolicyTemplate (ContainerDeletionChoosingPolicyTemplate.java:chooseContainerForBlockDeletion(85)) - Chosen 0/5000 blocks from 0 candidate containers.
2023-08-28 09:33:37,773 [main] INFO  ozone.MiniOzoneClusterImpl (MiniOzoneClusterImpl.java:lambda$waitForClusterToBeReady$0(224)) - Waiting for nodes to be ready. Got 0 of 5 DN Heartbeats.
2023-08-28 09:33:37,773 [main] INFO  ozone.MiniOzoneClusterImpl (MiniOzoneClusterImpl.java:lambda$waitForClusterToBeReady$0(227)) - Waiting for cluster to exit safe mode
2023-08-28 09:33:37,774 [main] INFO  ozone.MiniOzoneClusterImpl (MiniOzoneClusterImpl.java:lambda$waitForClusterToBeReady$0(229)) - SCM became leader
2023-08-28 09:33:37,943 [EndpointStateMachine task thread for /0.0.0.0:15108 - 0 ] INFO  utils.DatanodeStoreCache (DatanodeStoreCache.java:addDB(66)) - Added db /home/runner/work/ozone/ozone/hadoop-ozone/integration-test/target/test-dir/MiniOzoneClusterImpl-ff034f8e-8080-4075-bf38-01537132cba4/datanode-1/data-0/containers/hdds/ff034f8e-8080-4075-bf38-01537132cba4/DS-4ff7ff25-ec4a-4dbd-af08-3ce747055142/container.db to cache
2023-08-28 09:33:37,943 [EndpointStateMachine task thread for /0.0.0.0:15108 - 0 ] INFO  volume.HddsVolume (HddsVolume.java:createDbStore(422)) - SchemaV3 db is created and loaded at /home/runner/work/ozone/ozone/hadoop-ozone/integration-test/target/test-dir/MiniOzoneClusterImpl-ff034f8e-8080-4075-bf38-01537132cba4/datanode-1/data-0/containers/hdds/ff034f8e-8080-4075-bf38-01537132cba4/DS-4ff7ff25-ec4a-4dbd-af08-3ce747055142/container.db for volume DS-4ff7ff25-ec4a-4dbd-af08-3ce747055142
2023-08-28 09:33:37,945 [EndpointStateMachine task thread for /0.0.0.0:15108 - 0 ] INFO  volume.ThrottledAsyncChecker (ThrottledAsyncChecker.java:schedule(141)) - Scheduling a check for /home/runner/work/ozone/ozone/hadoop-ozone/integration-test/target/test-dir/MiniOzoneClusterImpl-ff034f8e-8080-4075-bf38-01537132cba4/datanode-1/data-0/containers/hdds
2023-08-28 09:33:37,945 [EndpointStateMachine task thread for /0.0.0.0:15108 - 0 ] INFO  volume.StorageVolumeChecker (StorageVolumeChecker.java:checkAllVolumes(213)) - Scheduled health check for volume /home/runner/work/ozone/ozone/hadoop-ozone/integration-test/target/test-dir/MiniOzoneClusterImpl-ff034f8e-8080-4075-bf38-01537132cba4/datanode-1/data-0/containers/hdds
2023-08-28 09:33:37,948 [EndpointStateMachine task thread for /0.0.0.0:15108 - 0 ] INFO  volume.ThrottledAsyncChecker (ThrottledAsyncChecker.java:schedule(141)) - Scheduling a check for /home/runner/work/ozone/ozone/hadoop-ozone/integration-test/target/test-dir/MiniOzoneClusterImpl-ff034f8e-8080-4075-bf38-01537132cba4/datanode-1/data/ratis
2023-08-28 09:33:37,948 [EndpointStateMachine task thread for /0.0.0.0:15108 - 0 ] INFO  volume.StorageVolumeChecker (StorageVolumeChecker.java:checkAllVolumes(213)) - Scheduled health check for volume /home/runner/work/ozone/ozone/hadoop-ozone/integration-test/target/test-dir/MiniOzoneClusterImpl-ff034f8e-8080-4075-bf38-01537132cba4/datanode-1/data/ratis
2023-08-28 09:33:37,949 [EndpointStateMachine task thread for /0.0.0.0:15108 - 0 ] INFO  ozoneimpl.OzoneContainer (OzoneContainer.java:start(429)) - Attempting to start container services.
2023-08-28 09:33:37,949 [EndpointStateMachine task thread for /0.0.0.0:15108 - 0 ] INFO  ozoneimpl.OzoneContainer (OzoneContainer.java:startContainerScrub(325)) - Scheduled background container scanners and the on-demand container scanner have been disabled.
2023-08-28 09:33:37,952 [EndpointStateMachine task thread for /0.0.0.0:15108 - 0 ] INFO  replication.ReplicationServer (ReplicationServer.java:start(130)) - ReplicationServer is started using port 15131
2023-08-28 09:33:37,952 [EndpointStateMachine task thread for /0.0.0.0:15108 - 0 ] INFO  ratis.XceiverServerRatis (XceiverServerRatis.java:start(517)) - Starting XceiverServerRatis 5e45d05c-e098-4a5b-a019-6f8f93701f04
2023-08-28 09:33:37,953 [EndpointStateMachine task thread for /0.0.0.0:15108 - 0 ] INFO  server.RaftServer (RaftServerProxy.java:startImpl(400)) - 5e45d05c-e098-4a5b-a019-6f8f93701f04: start RPC server
2023-08-28 09:33:37,954 [EndpointStateMachine task thread for /0.0.0.0:15108 - 0 ] INFO  server.GrpcService (GrpcService.java:startImpl(302)) - 5e45d05c-e098-4a5b-a019-6f8f93701f04: GrpcService started, listening on 15127
2023-08-28 09:33:37,955 [EndpointStateMachine task thread for /0.0.0.0:15108 - 0 ] INFO  server.GrpcService (GrpcService.java:startImpl(302)) - 5e45d05c-e098-4a5b-a019-6f8f93701f04: GrpcService started, listening on 15129
2023-08-28 09:33:37,955 [EndpointStateMachine task thread for /0.0.0.0:15108 - 0 ] INFO  server.GrpcService (GrpcService.java:startImpl(302)) - 5e45d05c-e098-4a5b-a019-6f8f93701f04: GrpcService started, listening on 15128
2023-08-28 09:33:37,956 [EndpointStateMachine task thread for /0.0.0.0:15108 - 0 ] INFO  ratis.XceiverServerRatis (XceiverServerRatis.java:getRealPort(543)) - XceiverServerRatis 5e45d05c-e098-4a5b-a019-6f8f93701f04 is started using port 15127 for RATIS
2023-08-28 09:33:37,956 [EndpointStateMachine task thread for /0.0.0.0:15108 - 0 ] INFO  ratis.XceiverServerRatis (XceiverServerRatis.java:getRealPort(543)) - XceiverServerRatis 5e45d05c-e098-4a5b-a019-6f8f93701f04 is started using port 15128 for RATIS_ADMIN
2023-08-28 09:33:37,956 [JvmPauseMonitor17] INFO  util.JvmPauseMonitor (JvmPauseMonitor.java:run(103)) - JvmPauseMonitor-5e45d05c-e098-4a5b-a019-6f8f93701f04: Started
2023-08-28 09:33:37,956 [EndpointStateMachine task thread for /0.0.0.0:15108 - 0 ] INFO  ratis.XceiverServerRatis (XceiverServerRatis.java:getRealPort(543)) - XceiverServerRatis 5e45d05c-e098-4a5b-a019-6f8f93701f04 is started using port 15129 for RATIS_SERVER
2023-08-28 09:33:37,956 [EndpointStateMachine task thread for /0.0.0.0:15108 - 0 ] INFO  ratis.XceiverServerRatis (XceiverServerRatis.java:getRealPort(543)) - XceiverServerRatis 5e45d05c-e098-4a5b-a019-6f8f93701f04 is started using port 15130 for RATIS_DATASTREAM
2023-08-28 09:33:37,959 [BlockDeletingService#0] INFO  interfaces.ContainerDeletionChoosingPolicyTemplate (ContainerDeletionChoosingPolicyTemplate.java:chooseContainerForBlockDeletion(85)) - Chosen 0/5000 blocks from 0 candidate containers.
2023-08-28 09:33:38,245 [EndpointStateMachine task thread for /0.0.0.0:15108 - 0 ] INFO  utils.DatanodeStoreCache (DatanodeStoreCache.java:addDB(66)) - Added db /home/runner/work/ozone/ozone/hadoop-ozone/integration-test/target/test-dir/MiniOzoneClusterImpl-ff034f8e-8080-4075-bf38-01537132cba4/datanode-2/data-0/containers/hdds/ff034f8e-8080-4075-bf38-01537132cba4/DS-0a5db851-08f6-41ec-926e-3f2bbdcb6cb4/container.db to cache
2023-08-28 09:33:38,245 [EndpointStateMachine task thread for /0.0.0.0:15108 - 0 ] INFO  volume.HddsVolume (HddsVolume.java:createDbStore(422)) - SchemaV3 db is created and loaded at /home/runner/work/ozone/ozone/hadoop-ozone/integration-test/target/test-dir/MiniOzoneClusterImpl-ff034f8e-8080-4075-bf38-01537132cba4/datanode-2/data-0/containers/hdds/ff034f8e-8080-4075-bf38-01537132cba4/DS-0a5db851-08f6-41ec-926e-3f2bbdcb6cb4/container.db for volume DS-0a5db851-08f6-41ec-926e-3f2bbdcb6cb4
2023-08-28 09:33:38,248 [EndpointStateMachine task thread for /0.0.0.0:15108 - 0 ] INFO  volume.ThrottledAsyncChecker (ThrottledAsyncChecker.java:schedule(141)) - Scheduling a check for /home/runner/work/ozone/ozone/hadoop-ozone/integration-test/target/test-dir/MiniOzoneClusterImpl-ff034f8e-8080-4075-bf38-01537132cba4/datanode-2/data-0/containers/hdds
2023-08-28 09:33:38,252 [EndpointStateMachine task thread for /0.0.0.0:15108 - 0 ] INFO  volume.StorageVolumeChecker (StorageVolumeChecker.java:checkAllVolumes(213)) - Scheduled health check for volume /home/runner/work/ozone/ozone/hadoop-ozone/integration-test/target/test-dir/MiniOzoneClusterImpl-ff034f8e-8080-4075-bf38-01537132cba4/datanode-2/data-0/containers/hdds
2023-08-28 09:33:38,254 [EndpointStateMachine task thread for /0.0.0.0:15108 - 0 ] INFO  volume.ThrottledAsyncChecker (ThrottledAsyncChecker.java:schedule(141)) - Scheduling a check for /home/runner/work/ozone/ozone/hadoop-ozone/integration-test/target/test-dir/MiniOzoneClusterImpl-ff034f8e-8080-4075-bf38-01537132cba4/datanode-2/data/ratis
2023-08-28 09:33:38,254 [EndpointStateMachine task thread for /0.0.0.0:15108 - 0 ] INFO  volume.StorageVolumeChecker (StorageVolumeChecker.java:checkAllVolumes(213)) - Scheduled health check for volume /home/runner/work/ozone/ozone/hadoop-ozone/integration-test/target/test-dir/MiniOzoneClusterImpl-ff034f8e-8080-4075-bf38-01537132cba4/datanode-2/data/ratis
2023-08-28 09:33:38,255 [EndpointStateMachine task thread for /0.0.0.0:15108 - 0 ] INFO  ozoneimpl.OzoneContainer (OzoneContainer.java:start(429)) - Attempting to start container services.
2023-08-28 09:33:38,256 [EndpointStateMachine task thread for /0.0.0.0:15108 - 0 ] INFO  ozoneimpl.OzoneContainer (OzoneContainer.java:startContainerScrub(325)) - Scheduled background container scanners and the on-demand container scanner have been disabled.
2023-08-28 09:33:38,257 [EndpointStateMachine task thread for /0.0.0.0:15108 - 0 ] INFO  replication.ReplicationServer (ReplicationServer.java:start(130)) - ReplicationServer is started using port 15140
2023-08-28 09:33:38,257 [EndpointStateMachine task thread for /0.0.0.0:15108 - 0 ] INFO  ratis.XceiverServerRatis (XceiverServerRatis.java:start(517)) - Starting XceiverServerRatis cd0f2c76-867f-4adb-98b4-ea19f4e614c4
2023-08-28 09:33:38,262 [EndpointStateMachine task thread for /0.0.0.0:15108 - 0 ] INFO  server.RaftServer (RaftServerProxy.java:startImpl(400)) - cd0f2c76-867f-4adb-98b4-ea19f4e614c4: start RPC server
2023-08-28 09:33:38,264 [EndpointStateMachine task thread for /0.0.0.0:15108 - 0 ] INFO  server.GrpcService (GrpcService.java:startImpl(302)) - cd0f2c76-867f-4adb-98b4-ea19f4e614c4: GrpcService started, listening on 15136
2023-08-28 09:33:38,265 [EndpointStateMachine task thread for /0.0.0.0:15108 - 0 ] INFO  server.GrpcService (GrpcService.java:startImpl(302)) - cd0f2c76-867f-4adb-98b4-ea19f4e614c4: GrpcService started, listening on 15138
2023-08-28 09:33:38,267 [EndpointStateMachine task thread for /0.0.0.0:15108 - 0 ] INFO  server.GrpcService (GrpcService.java:startImpl(302)) - cd0f2c76-867f-4adb-98b4-ea19f4e614c4: GrpcService started, listening on 15137
2023-08-28 09:33:38,267 [EndpointStateMachine task thread for /0.0.0.0:15108 - 0 ] INFO  ratis.XceiverServerRatis (XceiverServerRatis.java:getRealPort(543)) - XceiverServerRatis cd0f2c76-867f-4adb-98b4-ea19f4e614c4 is started using port 15136 for RATIS
2023-08-28 09:33:38,267 [EndpointStateMachine task thread for /0.0.0.0:15108 - 0 ] INFO  ratis.XceiverServerRatis (XceiverServerRatis.java:getRealPort(543)) - XceiverServerRatis cd0f2c76-867f-4adb-98b4-ea19f4e614c4 is started using port 15137 for RATIS_ADMIN
2023-08-28 09:33:38,267 [EndpointStateMachine task thread for /0.0.0.0:15108 - 0 ] INFO  ratis.XceiverServerRatis (XceiverServerRatis.java:getRealPort(543)) - XceiverServerRatis cd0f2c76-867f-4adb-98b4-ea19f4e614c4 is started using port 15138 for RATIS_SERVER
2023-08-28 09:33:38,267 [EndpointStateMachine task thread for /0.0.0.0:15108 - 0 ] INFO  ratis.XceiverServerRatis (XceiverServerRatis.java:getRealPort(543)) - XceiverServerRatis cd0f2c76-867f-4adb-98b4-ea19f4e614c4 is started using port 15139 for RATIS_DATASTREAM
2023-08-28 09:33:38,268 [JvmPauseMonitor18] INFO  util.JvmPauseMonitor (JvmPauseMonitor.java:run(103)) - JvmPauseMonitor-cd0f2c76-867f-4adb-98b4-ea19f4e614c4: Started
2023-08-28 09:33:38,284 [BlockDeletingService#0] INFO  interfaces.ContainerDeletionChoosingPolicyTemplate (ContainerDeletionChoosingPolicyTemplate.java:chooseContainerForBlockDeletion(85)) - Chosen 0/5000 blocks from 0 candidate containers.
2023-08-28 09:33:38,523 [EndpointStateMachine task thread for /0.0.0.0:15108 - 0 ] INFO  utils.DatanodeStoreCache (DatanodeStoreCache.java:addDB(66)) - Added db /home/runner/work/ozone/ozone/hadoop-ozone/integration-test/target/test-dir/MiniOzoneClusterImpl-ff034f8e-8080-4075-bf38-01537132cba4/datanode-3/data-0/containers/hdds/ff034f8e-8080-4075-bf38-01537132cba4/DS-3334c1b0-5cab-4b36-a341-5d69bc03c20b/container.db to cache
2023-08-28 09:33:38,523 [EndpointStateMachine task thread for /0.0.0.0:15108 - 0 ] INFO  volume.HddsVolume (HddsVolume.java:createDbStore(422)) - SchemaV3 db is created and loaded at /home/runner/work/ozone/ozone/hadoop-ozone/integration-test/target/test-dir/MiniOzoneClusterImpl-ff034f8e-8080-4075-bf38-01537132cba4/datanode-3/data-0/containers/hdds/ff034f8e-8080-4075-bf38-01537132cba4/DS-3334c1b0-5cab-4b36-a341-5d69bc03c20b/container.db for volume DS-3334c1b0-5cab-4b36-a341-5d69bc03c20b
2023-08-28 09:33:38,524 [EndpointStateMachine task thread for /0.0.0.0:15108 - 0 ] INFO  volume.ThrottledAsyncChecker (ThrottledAsyncChecker.java:schedule(141)) - Scheduling a check for /home/runner/work/ozone/ozone/hadoop-ozone/integration-test/target/test-dir/MiniOzoneClusterImpl-ff034f8e-8080-4075-bf38-01537132cba4/datanode-3/data-0/containers/hdds
2023-08-28 09:33:38,525 [EndpointStateMachine task thread for /0.0.0.0:15108 - 0 ] INFO  volume.StorageVolumeChecker (StorageVolumeChecker.java:checkAllVolumes(213)) - Scheduled health check for volume /home/runner/work/ozone/ozone/hadoop-ozone/integration-test/target/test-dir/MiniOzoneClusterImpl-ff034f8e-8080-4075-bf38-01537132cba4/datanode-3/data-0/containers/hdds
2023-08-28 09:33:38,527 [EndpointStateMachine task thread for /0.0.0.0:15108 - 0 ] INFO  volume.ThrottledAsyncChecker (ThrottledAsyncChecker.java:schedule(141)) - Scheduling a check for /home/runner/work/ozone/ozone/hadoop-ozone/integration-test/target/test-dir/MiniOzoneClusterImpl-ff034f8e-8080-4075-bf38-01537132cba4/datanode-3/data/ratis
2023-08-28 09:33:38,527 [EndpointStateMachine task thread for /0.0.0.0:15108 - 0 ] INFO  volume.StorageVolumeChecker (StorageVolumeChecker.java:checkAllVolumes(213)) - Scheduled health check for volume /home/runner/work/ozone/ozone/hadoop-ozone/integration-test/target/test-dir/MiniOzoneClusterImpl-ff034f8e-8080-4075-bf38-01537132cba4/datanode-3/data/ratis
2023-08-28 09:33:38,530 [EndpointStateMachine task thread for /0.0.0.0:15108 - 0 ] INFO  ozoneimpl.OzoneContainer (OzoneContainer.java:start(429)) - Attempting to start container services.
2023-08-28 09:33:38,530 [EndpointStateMachine task thread for /0.0.0.0:15108 - 0 ] INFO  ozoneimpl.OzoneContainer (OzoneContainer.java:startContainerScrub(325)) - Scheduled background container scanners and the on-demand container scanner have been disabled.
2023-08-28 09:33:38,533 [EndpointStateMachine task thread for /0.0.0.0:15108 - 0 ] INFO  replication.ReplicationServer (ReplicationServer.java:start(130)) - ReplicationServer is started using port 15149
2023-08-28 09:33:38,533 [EndpointStateMachine task thread for /0.0.0.0:15108 - 0 ] INFO  ratis.XceiverServerRatis (XceiverServerRatis.java:start(517)) - Starting XceiverServerRatis 95288828-abab-422b-9e50-2ffffa7b82dd
2023-08-28 09:33:38,534 [EndpointStateMachine task thread for /0.0.0.0:15108 - 0 ] INFO  server.RaftServer (RaftServerProxy.java:startImpl(400)) - 95288828-abab-422b-9e50-2ffffa7b82dd: start RPC server
2023-08-28 09:33:38,536 [EndpointStateMachine task thread for /0.0.0.0:15108 - 0 ] INFO  server.GrpcService (GrpcService.java:startImpl(302)) - 95288828-abab-422b-9e50-2ffffa7b82dd: GrpcService started, listening on 15145
2023-08-28 09:33:38,539 [EndpointStateMachine task thread for /0.0.0.0:15108 - 0 ] INFO  server.GrpcService (GrpcService.java:startImpl(302)) - 95288828-abab-422b-9e50-2ffffa7b82dd: GrpcService started, listening on 15147
2023-08-28 09:33:38,540 [EndpointStateMachine task thread for /0.0.0.0:15108 - 0 ] INFO  server.GrpcService (GrpcService.java:startImpl(302)) - 95288828-abab-422b-9e50-2ffffa7b82dd: GrpcService started, listening on 15146
2023-08-28 09:33:38,540 [EndpointStateMachine task thread for /0.0.0.0:15108 - 0 ] INFO  ratis.XceiverServerRatis (XceiverServerRatis.java:getRealPort(543)) - XceiverServerRatis 95288828-abab-422b-9e50-2ffffa7b82dd is started using port 15145 for RATIS
2023-08-28 09:33:38,540 [EndpointStateMachine task thread for /0.0.0.0:15108 - 0 ] INFO  ratis.XceiverServerRatis (XceiverServerRatis.java:getRealPort(543)) - XceiverServerRatis 95288828-abab-422b-9e50-2ffffa7b82dd is started using port 15146 for RATIS_ADMIN
2023-08-28 09:33:38,540 [EndpointStateMachine task thread for /0.0.0.0:15108 - 0 ] INFO  ratis.XceiverServerRatis (XceiverServerRatis.java:getRealPort(543)) - XceiverServerRatis 95288828-abab-422b-9e50-2ffffa7b82dd is started using port 15147 for RATIS_SERVER
2023-08-28 09:33:38,540 [EndpointStateMachine task thread for /0.0.0.0:15108 - 0 ] INFO  ratis.XceiverServerRatis (XceiverServerRatis.java:getRealPort(543)) - XceiverServerRatis 95288828-abab-422b-9e50-2ffffa7b82dd is started using port 15148 for RATIS_DATASTREAM
2023-08-28 09:33:38,541 [JvmPauseMonitor19] INFO  util.JvmPauseMonitor (JvmPauseMonitor.java:run(103)) - JvmPauseMonitor-95288828-abab-422b-9e50-2ffffa7b82dd: Started
2023-08-28 09:33:38,547 [BlockDeletingService#0] INFO  interfaces.ContainerDeletionChoosingPolicyTemplate (ContainerDeletionChoosingPolicyTemplate.java:chooseContainerForBlockDeletion(85)) - Chosen 0/5000 blocks from 0 candidate containers.
2023-08-28 09:33:38,774 [main] INFO  ozone.MiniOzoneClusterImpl (MiniOzoneClusterImpl.java:lambda$waitForClusterToBeReady$0(224)) - Waiting for nodes to be ready. Got 0 of 5 DN Heartbeats.
2023-08-28 09:33:38,774 [main] INFO  ozone.MiniOzoneClusterImpl (MiniOzoneClusterImpl.java:lambda$waitForClusterToBeReady$0(227)) - Waiting for cluster to exit safe mode
2023-08-28 09:33:38,774 [main] INFO  ozone.MiniOzoneClusterImpl (MiniOzoneClusterImpl.java:lambda$waitForClusterToBeReady$0(229)) - SCM became leader
2023-08-28 09:33:38,820 [EndpointStateMachine task thread for /0.0.0.0:15108 - 0 ] INFO  utils.DatanodeStoreCache (DatanodeStoreCache.java:addDB(66)) - Added db /home/runner/work/ozone/ozone/hadoop-ozone/integration-test/target/test-dir/MiniOzoneClusterImpl-ff034f8e-8080-4075-bf38-01537132cba4/datanode-4/data-0/containers/hdds/ff034f8e-8080-4075-bf38-01537132cba4/DS-2266082a-e1da-4fab-ad52-452d1cbe2718/container.db to cache
2023-08-28 09:33:38,820 [EndpointStateMachine task thread for /0.0.0.0:15108 - 0 ] INFO  volume.HddsVolume (HddsVolume.java:createDbStore(422)) - SchemaV3 db is created and loaded at /home/runner/work/ozone/ozone/hadoop-ozone/integration-test/target/test-dir/MiniOzoneClusterImpl-ff034f8e-8080-4075-bf38-01537132cba4/datanode-4/data-0/containers/hdds/ff034f8e-8080-4075-bf38-01537132cba4/DS-2266082a-e1da-4fab-ad52-452d1cbe2718/container.db for volume DS-2266082a-e1da-4fab-ad52-452d1cbe2718
2023-08-28 09:33:38,821 [EndpointStateMachine task thread for /0.0.0.0:15108 - 0 ] INFO  volume.ThrottledAsyncChecker (ThrottledAsyncChecker.java:schedule(141)) - Scheduling a check for /home/runner/work/ozone/ozone/hadoop-ozone/integration-test/target/test-dir/MiniOzoneClusterImpl-ff034f8e-8080-4075-bf38-01537132cba4/datanode-4/data-0/containers/hdds
2023-08-28 09:33:38,822 [EndpointStateMachine task thread for /0.0.0.0:15108 - 0 ] INFO  volume.StorageVolumeChecker (StorageVolumeChecker.java:checkAllVolumes(213)) - Scheduled health check for volume /home/runner/work/ozone/ozone/hadoop-ozone/integration-test/target/test-dir/MiniOzoneClusterImpl-ff034f8e-8080-4075-bf38-01537132cba4/datanode-4/data-0/containers/hdds
2023-08-28 09:33:38,826 [EndpointStateMachine task thread for /0.0.0.0:15108 - 0 ] INFO  volume.ThrottledAsyncChecker (ThrottledAsyncChecker.java:schedule(141)) - Scheduling a check for /home/runner/work/ozone/ozone/hadoop-ozone/integration-test/target/test-dir/MiniOzoneClusterImpl-ff034f8e-8080-4075-bf38-01537132cba4/datanode-4/data/ratis
2023-08-28 09:33:38,826 [EndpointStateMachine task thread for /0.0.0.0:15108 - 0 ] INFO  volume.StorageVolumeChecker (StorageVolumeChecker.java:checkAllVolumes(213)) - Scheduled health check for volume /home/runner/work/ozone/ozone/hadoop-ozone/integration-test/target/test-dir/MiniOzoneClusterImpl-ff034f8e-8080-4075-bf38-01537132cba4/datanode-4/data/ratis
2023-08-28 09:33:38,827 [EndpointStateMachine task thread for /0.0.0.0:15108 - 0 ] INFO  ozoneimpl.OzoneContainer (OzoneContainer.java:start(429)) - Attempting to start container services.
2023-08-28 09:33:38,827 [EndpointStateMachine task thread for /0.0.0.0:15108 - 0 ] INFO  ozoneimpl.OzoneContainer (OzoneContainer.java:startContainerScrub(325)) - Scheduled background container scanners and the on-demand container scanner have been disabled.
2023-08-28 09:33:38,829 [EndpointStateMachine task thread for /0.0.0.0:15108 - 0 ] INFO  replication.ReplicationServer (ReplicationServer.java:start(130)) - ReplicationServer is started using port 15158
2023-08-28 09:33:38,829 [EndpointStateMachine task thread for /0.0.0.0:15108 - 0 ] INFO  ratis.XceiverServerRatis (XceiverServerRatis.java:start(517)) - Starting XceiverServerRatis 41455824-df48-4b98-a96f-a0f226daf9c9
2023-08-28 09:33:38,829 [EndpointStateMachine task thread for /0.0.0.0:15108 - 0 ] INFO  server.RaftServer (RaftServerProxy.java:startImpl(400)) - 41455824-df48-4b98-a96f-a0f226daf9c9: start RPC server
2023-08-28 09:33:38,836 [EndpointStateMachine task thread for /0.0.0.0:15108 - 0 ] INFO  server.GrpcService (GrpcService.java:startImpl(302)) - 41455824-df48-4b98-a96f-a0f226daf9c9: GrpcService started, listening on 15154
2023-08-28 09:33:38,837 [EndpointStateMachine task thread for /0.0.0.0:15108 - 0 ] INFO  server.GrpcService (GrpcService.java:startImpl(302)) - 41455824-df48-4b98-a96f-a0f226daf9c9: GrpcService started, listening on 15156
2023-08-28 09:33:38,839 [EndpointStateMachine task thread for /0.0.0.0:15108 - 0 ] INFO  server.GrpcService (GrpcService.java:startImpl(302)) - 41455824-df48-4b98-a96f-a0f226daf9c9: GrpcService started, listening on 15155
2023-08-28 09:33:38,839 [EndpointStateMachine task thread for /0.0.0.0:15108 - 0 ] INFO  ratis.XceiverServerRatis (XceiverServerRatis.java:getRealPort(543)) - XceiverServerRatis 41455824-df48-4b98-a96f-a0f226daf9c9 is started using port 15154 for RATIS
2023-08-28 09:33:38,839 [EndpointStateMachine task thread for /0.0.0.0:15108 - 0 ] INFO  ratis.XceiverServerRatis (XceiverServerRatis.java:getRealPort(543)) - XceiverServerRatis 41455824-df48-4b98-a96f-a0f226daf9c9 is started using port 15155 for RATIS_ADMIN
2023-08-28 09:33:38,839 [EndpointStateMachine task thread for /0.0.0.0:15108 - 0 ] INFO  ratis.XceiverServerRatis (XceiverServerRatis.java:getRealPort(543)) - XceiverServerRatis 41455824-df48-4b98-a96f-a0f226daf9c9 is started using port 15156 for RATIS_SERVER
2023-08-28 09:33:38,839 [EndpointStateMachine task thread for /0.0.0.0:15108 - 0 ] INFO  ratis.XceiverServerRatis (XceiverServerRatis.java:getRealPort(543)) - XceiverServerRatis 41455824-df48-4b98-a96f-a0f226daf9c9 is started using port 15157 for RATIS_DATASTREAM
2023-08-28 09:33:38,839 [JvmPauseMonitor20] INFO  util.JvmPauseMonitor (JvmPauseMonitor.java:run(103)) - JvmPauseMonitor-41455824-df48-4b98-a96f-a0f226daf9c9: Started
2023-08-28 09:33:38,841 [BlockDeletingService#0] INFO  interfaces.ContainerDeletionChoosingPolicyTemplate (ContainerDeletionChoosingPolicyTemplate.java:chooseContainerForBlockDeletion(85)) - Chosen 0/5000 blocks from 0 candidate containers.
2023-08-28 09:33:39,633 [IPC Server handler 0 on default port 15108] INFO  net.NetworkTopologyImpl (NetworkTopologyImpl.java:add(112)) - Added a new node: /default-rack/80fac8df-d086-4186-9807-ed58a74d6c90
2023-08-28 09:33:39,633 [IPC Server handler 0 on default port 15108] INFO  node.SCMNodeManager (SCMNodeManager.java:register(405)) - Registered Data node : 80fac8df-d086-4186-9807-ed58a74d6c90{ip: 10.1.0.27, host: fv-az625-77.ififypym2nee5jib2gmjcfh3fc.bx.internal.cloudapp.net, ports: [HTTP=15115, CLIENT_RPC=15116, REPLICATION=15122, RATIS=15118, RATIS_ADMIN=15119, RATIS_SERVER=15120, RATIS_DATASTREAM=15121, STANDALONE=15117], networkLocation: /default-rack, certSerialId: null, persistedOpState: null, persistedOpStateExpiryEpochSec: 0}
2023-08-28 09:33:39,641 [EventQueue-NodeRegistrationContainerReportForContainerSafeModeRule] INFO  safemode.SCMSafeModeManager (SCMSafeModeManager.java:validateSafeModeExitRules(200)) - ContainerSafeModeRule rule is successfully validated
2023-08-28 09:33:39,641 [EventQueue-NodeRegistrationContainerReportForDataNodeSafeModeRule] INFO  safemode.SCMSafeModeManager (DataNodeSafeModeRule.java:process(71)) - SCM in safe mode. 1 DataNodes registered, 3 required.
2023-08-28 09:33:39,656 [EventQueue-NewNodeForNewNodeHandler] INFO  pipeline.BackgroundPipelineCreator (BackgroundPipelineCreator.java:notifyEventTriggered(277)) - trigger a one-shot run on RatisPipelineUtilsThread.
2023-08-28 09:33:39,657 [RatisPipelineUtilsThread - 0] INFO  pipeline.RatisPipelineProvider (RatisPipelineProvider.java:lambda$create$0(206)) - Sending CreatePipelineCommand for pipeline:PipelineID=14f93dd3-59f2-424e-9d0a-262c9bc133de to datanode:80fac8df-d086-4186-9807-ed58a74d6c90
2023-08-28 09:33:39,658 [RatisPipelineUtilsThread - 0] INFO  pipeline.BackgroundPipelineCreator (BackgroundPipelineCreator.java:createPipelines(233)) - Created new pipeline Pipeline[ Id: 14f93dd3-59f2-424e-9d0a-262c9bc133de, Nodes: 80fac8df-d086-4186-9807-ed58a74d6c90(fv-az625-77.ififypym2nee5jib2gmjcfh3fc.bx.internal.cloudapp.net/10.1.0.27), ReplicationConfig: RATIS/ONE, State:ALLOCATED, leaderId:, CreationTimestamp2023-08-28T09:33:39.657Z[Etc/UTC]]
2023-08-28 09:33:39,659 [EventQueue-PipelineReportForOneReplicaPipelineSafeModeRule] INFO  safemode.SCMSafeModeManager (SCMSafeModeManager.java:validateSafeModeExitRules(200)) - AtleastOneDatanodeReportedRule rule is successfully validated
2023-08-28 09:33:39,774 [main] INFO  ozone.MiniOzoneClusterImpl (MiniOzoneClusterImpl.java:lambda$waitForClusterToBeReady$0(224)) - Waiting for nodes to be ready. Got 1 of 5 DN Heartbeats.
2023-08-28 09:33:39,775 [main] INFO  ozone.MiniOzoneClusterImpl (MiniOzoneClusterImpl.java:lambda$waitForClusterToBeReady$0(227)) - Waiting for cluster to exit safe mode
2023-08-28 09:33:39,775 [main] INFO  ozone.MiniOzoneClusterImpl (MiniOzoneClusterImpl.java:lambda$waitForClusterToBeReady$0(229)) - SCM became leader
2023-08-28 09:33:39,910 [IPC Server handler 2 on default port 15108] INFO  net.NetworkTopologyImpl (NetworkTopologyImpl.java:add(112)) - Added a new node: /default-rack/5e45d05c-e098-4a5b-a019-6f8f93701f04
2023-08-28 09:33:39,910 [IPC Server handler 2 on default port 15108] INFO  node.SCMNodeManager (SCMNodeManager.java:register(405)) - Registered Data node : 5e45d05c-e098-4a5b-a019-6f8f93701f04{ip: 10.1.0.27, host: fv-az625-77.ififypym2nee5jib2gmjcfh3fc.bx.internal.cloudapp.net, ports: [HTTP=15124, CLIENT_RPC=15125, REPLICATION=15131, RATIS=15127, RATIS_ADMIN=15128, RATIS_SERVER=15129, RATIS_DATASTREAM=15130, STANDALONE=15126], networkLocation: /default-rack, certSerialId: null, persistedOpState: null, persistedOpStateExpiryEpochSec: 0}
2023-08-28 09:33:39,912 [EventQueue-NewNodeForNewNodeHandler] INFO  pipeline.BackgroundPipelineCreator (BackgroundPipelineCreator.java:notifyEventTriggered(277)) - trigger a one-shot run on RatisPipelineUtilsThread.
2023-08-28 09:33:39,912 [EventQueue-NodeRegistrationContainerReportForDataNodeSafeModeRule] INFO  safemode.SCMSafeModeManager (DataNodeSafeModeRule.java:process(71)) - SCM in safe mode. 2 DataNodes registered, 3 required.
2023-08-28 09:33:39,912 [RatisPipelineUtilsThread - 0] INFO  pipeline.RatisPipelineProvider (RatisPipelineProvider.java:lambda$create$0(206)) - Sending CreatePipelineCommand for pipeline:PipelineID=695fa5cc-d134-4429-9e17-bd1f6ad23c4e to datanode:5e45d05c-e098-4a5b-a019-6f8f93701f04
2023-08-28 09:33:39,913 [RatisPipelineUtilsThread - 0] INFO  pipeline.BackgroundPipelineCreator (BackgroundPipelineCreator.java:createPipelines(233)) - Created new pipeline Pipeline[ Id: 695fa5cc-d134-4429-9e17-bd1f6ad23c4e, Nodes: 5e45d05c-e098-4a5b-a019-6f8f93701f04(fv-az625-77.ififypym2nee5jib2gmjcfh3fc.bx.internal.cloudapp.net/10.1.0.27), ReplicationConfig: RATIS/ONE, State:ALLOCATED, leaderId:, CreationTimestamp2023-08-28T09:33:39.912Z[Etc/UTC]]
2023-08-28 09:33:40,205 [IPC Server handler 3 on default port 15108] INFO  net.NetworkTopologyImpl (NetworkTopologyImpl.java:add(112)) - Added a new node: /default-rack/cd0f2c76-867f-4adb-98b4-ea19f4e614c4
2023-08-28 09:33:40,205 [IPC Server handler 3 on default port 15108] INFO  node.SCMNodeManager (SCMNodeManager.java:register(405)) - Registered Data node : cd0f2c76-867f-4adb-98b4-ea19f4e614c4{ip: 10.1.0.27, host: fv-az625-77.ififypym2nee5jib2gmjcfh3fc.bx.internal.cloudapp.net, ports: [HTTP=15133, CLIENT_RPC=15134, REPLICATION=15140, RATIS=15136, RATIS_ADMIN=15137, RATIS_SERVER=15138, RATIS_DATASTREAM=15139, STANDALONE=15135], networkLocation: /default-rack, certSerialId: null, persistedOpState: null, persistedOpStateExpiryEpochSec: 0}
2023-08-28 09:33:40,206 [EventQueue-NewNodeForNewNodeHandler] INFO  pipeline.BackgroundPipelineCreator (BackgroundPipelineCreator.java:notifyEventTriggered(277)) - trigger a one-shot run on RatisPipelineUtilsThread.
2023-08-28 09:33:40,207 [EventQueue-NodeRegistrationContainerReportForDataNodeSafeModeRule] INFO  safemode.SCMSafeModeManager (DataNodeSafeModeRule.java:process(71)) - SCM in safe mode. 3 DataNodes registered, 3 required.
2023-08-28 09:33:40,207 [RatisPipelineUtilsThread - 0] INFO  pipeline.RatisPipelineProvider (RatisPipelineProvider.java:lambda$create$0(206)) - Sending CreatePipelineCommand for pipeline:PipelineID=6ccf0fc7-14e3-4d38-8983-2862a91966c4 to datanode:cd0f2c76-867f-4adb-98b4-ea19f4e614c4
2023-08-28 09:33:40,208 [RatisPipelineUtilsThread - 0] INFO  pipeline.BackgroundPipelineCreator (BackgroundPipelineCreator.java:createPipelines(233)) - Created new pipeline Pipeline[ Id: 6ccf0fc7-14e3-4d38-8983-2862a91966c4, Nodes: cd0f2c76-867f-4adb-98b4-ea19f4e614c4(fv-az625-77.ififypym2nee5jib2gmjcfh3fc.bx.internal.cloudapp.net/10.1.0.27), ReplicationConfig: RATIS/ONE, State:ALLOCATED, leaderId:, CreationTimestamp2023-08-28T09:33:40.207Z[Etc/UTC]]
2023-08-28 09:33:40,207 [EventQueue-NodeRegistrationContainerReportForDataNodeSafeModeRule] INFO  safemode.SCMSafeModeManager (SCMSafeModeManager.java:validateSafeModeExitRules(200)) - DataNodeSafeModeRule rule is successfully validated
2023-08-28 09:33:40,208 [EventQueue-NodeRegistrationContainerReportForDataNodeSafeModeRule] INFO  safemode.SCMSafeModeManager (SCMSafeModeManager.java:completePreCheck(229)) - All SCM safe mode pre check rules have passed
2023-08-28 09:33:40,208 [EventQueue-NodeRegistrationContainerReportForDataNodeSafeModeRule] INFO  ha.SCMContext (SCMContext.java:updateSafeModeStatus(228)) - Update SafeModeStatus from SafeModeStatus{safeModeStatus=true, preCheckPassed=false} to SafeModeStatus{safeModeStatus=true, preCheckPassed=true}.
2023-08-28 09:33:40,208 [EventQueue-NodeRegistrationContainerReportForDataNodeSafeModeRule] INFO  pipeline.BackgroundPipelineCreator (BackgroundPipelineCreator.java:notifyEventTriggered(277)) - trigger a one-shot run on RatisPipelineUtilsThread.
2023-08-28 09:33:40,209 [RatisPipelineUtilsThread - 0] INFO  pipeline.RatisPipelineProvider (RatisPipelineProvider.java:lambda$create$0(206)) - Sending CreatePipelineCommand for pipeline:PipelineID=80e183fb-8bd2-4fe8-8055-1dff6731f38d to datanode:5e45d05c-e098-4a5b-a019-6f8f93701f04
2023-08-28 09:33:40,209 [RatisPipelineUtilsThread - 0] INFO  pipeline.RatisPipelineProvider (RatisPipelineProvider.java:lambda$create$0(206)) - Sending CreatePipelineCommand for pipeline:PipelineID=80e183fb-8bd2-4fe8-8055-1dff6731f38d to datanode:cd0f2c76-867f-4adb-98b4-ea19f4e614c4
2023-08-28 09:33:40,209 [RatisPipelineUtilsThread - 0] INFO  pipeline.RatisPipelineProvider (RatisPipelineProvider.java:lambda$create$0(206)) - Sending CreatePipelineCommand for pipeline:PipelineID=80e183fb-8bd2-4fe8-8055-1dff6731f38d to datanode:80fac8df-d086-4186-9807-ed58a74d6c90
2023-08-28 09:33:40,209 [RatisPipelineUtilsThread - 0] INFO  pipeline.BackgroundPipelineCreator (BackgroundPipelineCreator.java:createPipelines(233)) - Created new pipeline Pipeline[ Id: 80e183fb-8bd2-4fe8-8055-1dff6731f38d, Nodes: 5e45d05c-e098-4a5b-a019-6f8f93701f04(fv-az625-77.ififypym2nee5jib2gmjcfh3fc.bx.internal.cloudapp.net/10.1.0.27)cd0f2c76-867f-4adb-98b4-ea19f4e614c4(fv-az625-77.ififypym2nee5jib2gmjcfh3fc.bx.internal.cloudapp.net/10.1.0.27)80fac8df-d086-4186-9807-ed58a74d6c90(fv-az625-77.ififypym2nee5jib2gmjcfh3fc.bx.internal.cloudapp.net/10.1.0.27), ReplicationConfig: RATIS/THREE, State:ALLOCATED, leaderId:, CreationTimestamp2023-08-28T09:33:40.209Z[Etc/UTC]]
2023-08-28 09:33:40,210 [RatisPipelineUtilsThread - 0] INFO  pipeline.RatisPipelineProvider (RatisPipelineProvider.java:lambda$create$0(206)) - Sending CreatePipelineCommand for pipeline:PipelineID=583a2e2c-9fe4-49db-893a-d67ec9fcb8ac to datanode:cd0f2c76-867f-4adb-98b4-ea19f4e614c4
2023-08-28 09:33:40,210 [RatisPipelineUtilsThread - 0] INFO  pipeline.RatisPipelineProvider (RatisPipelineProvider.java:lambda$create$0(206)) - Sending CreatePipelineCommand for pipeline:PipelineID=583a2e2c-9fe4-49db-893a-d67ec9fcb8ac to datanode:5e45d05c-e098-4a5b-a019-6f8f93701f04
2023-08-28 09:33:40,210 [RatisPipelineUtilsThread - 0] INFO  pipeline.RatisPipelineProvider (RatisPipelineProvider.java:lambda$create$0(206)) - Sending CreatePipelineCommand for pipeline:PipelineID=583a2e2c-9fe4-49db-893a-d67ec9fcb8ac to datanode:80fac8df-d086-4186-9807-ed58a74d6c90
2023-08-28 09:33:40,210 [RatisPipelineUtilsThread - 0] INFO  pipeline.PipelineManagerImpl (PipelineManagerImpl.java:recordMetricsForPipeline(914)) - Pipeline: PipelineID=583a2e2c-9fe4-49db-893a-d67ec9fcb8ac contains same datanodes as previous pipelines: PipelineID=80e183fb-8bd2-4fe8-8055-1dff6731f38d nodeIds: cd0f2c76-867f-4adb-98b4-ea19f4e614c4, 5e45d05c-e098-4a5b-a019-6f8f93701f04, 80fac8df-d086-4186-9807-ed58a74d6c90
2023-08-28 09:33:40,210 [RatisPipelineUtilsThread - 0] INFO  pipeline.BackgroundPipelineCreator (BackgroundPipelineCreator.java:createPipelines(233)) - Created new pipeline Pipeline[ Id: 583a2e2c-9fe4-49db-893a-d67ec9fcb8ac, Nodes: cd0f2c76-867f-4adb-98b4-ea19f4e614c4(fv-az625-77.ififypym2nee5jib2gmjcfh3fc.bx.internal.cloudapp.net/10.1.0.27)5e45d05c-e098-4a5b-a019-6f8f93701f04(fv-az625-77.ififypym2nee5jib2gmjcfh3fc.bx.internal.cloudapp.net/10.1.0.27)80fac8df-d086-4186-9807-ed58a74d6c90(fv-az625-77.ififypym2nee5jib2gmjcfh3fc.bx.internal.cloudapp.net/10.1.0.27), ReplicationConfig: RATIS/THREE, State:ALLOCATED, leaderId:, CreationTimestamp2023-08-28T09:33:40.210Z[Etc/UTC]]
2023-08-28 09:33:40,484 [IPC Server handler 4 on default port 15108] INFO  net.NetworkTopologyImpl (NetworkTopologyImpl.java:add(112)) - Added a new node: /default-rack/95288828-abab-422b-9e50-2ffffa7b82dd
2023-08-28 09:33:40,484 [IPC Server handler 4 on default port 15108] INFO  node.SCMNodeManager (SCMNodeManager.java:register(405)) - Registered Data node : 95288828-abab-422b-9e50-2ffffa7b82dd{ip: 10.1.0.27, host: fv-az625-77.ififypym2nee5jib2gmjcfh3fc.bx.internal.cloudapp.net, ports: [HTTP=15142, CLIENT_RPC=15143, REPLICATION=15149, RATIS=15145, RATIS_ADMIN=15146, RATIS_SERVER=15147, RATIS_DATASTREAM=15148, STANDALONE=15144], networkLocation: /default-rack, certSerialId: null, persistedOpState: null, persistedOpStateExpiryEpochSec: 0}
2023-08-28 09:33:40,484 [EventQueue-NewNodeForNewNodeHandler] INFO  pipeline.BackgroundPipelineCreator (BackgroundPipelineCreator.java:notifyEventTriggered(277)) - trigger a one-shot run on RatisPipelineUtilsThread.
2023-08-28 09:33:40,485 [RatisPipelineUtilsThread - 0] INFO  pipeline.RatisPipelineProvider (RatisPipelineProvider.java:lambda$create$0(206)) - Sending CreatePipelineCommand for pipeline:PipelineID=3c5ed80b-167b-4387-9e9b-0d7ad4651803 to datanode:95288828-abab-422b-9e50-2ffffa7b82dd
2023-08-28 09:33:40,486 [RatisPipelineUtilsThread - 0] INFO  pipeline.BackgroundPipelineCreator (BackgroundPipelineCreator.java:createPipelines(233)) - Created new pipeline Pipeline[ Id: 3c5ed80b-167b-4387-9e9b-0d7ad4651803, Nodes: 95288828-abab-422b-9e50-2ffffa7b82dd(fv-az625-77.ififypym2nee5jib2gmjcfh3fc.bx.internal.cloudapp.net/10.1.0.27), ReplicationConfig: RATIS/ONE, State:ALLOCATED, leaderId:, CreationTimestamp2023-08-28T09:33:40.485Z[Etc/UTC]]
2023-08-28 09:33:40,775 [main] INFO  ozone.MiniOzoneClusterImpl (MiniOzoneClusterImpl.java:lambda$waitForClusterToBeReady$0(224)) - Waiting for nodes to be ready. Got 4 of 5 DN Heartbeats.
2023-08-28 09:33:40,775 [main] INFO  ozone.MiniOzoneClusterImpl (MiniOzoneClusterImpl.java:lambda$waitForClusterToBeReady$0(227)) - Waiting for cluster to exit safe mode
2023-08-28 09:33:40,775 [main] INFO  ozone.MiniOzoneClusterImpl (MiniOzoneClusterImpl.java:lambda$waitForClusterToBeReady$0(229)) - SCM became leader
2023-08-28 09:33:40,785 [IPC Server handler 1 on default port 15108] INFO  net.NetworkTopologyImpl (NetworkTopologyImpl.java:add(112)) - Added a new node: /default-rack/41455824-df48-4b98-a96f-a0f226daf9c9
2023-08-28 09:33:40,785 [IPC Server handler 1 on default port 15108] INFO  node.SCMNodeManager (SCMNodeManager.java:register(405)) - Registered Data node : 41455824-df48-4b98-a96f-a0f226daf9c9{ip: 10.1.0.27, host: fv-az625-77.ififypym2nee5jib2gmjcfh3fc.bx.internal.cloudapp.net, ports: [HTTP=15151, CLIENT_RPC=15152, REPLICATION=15158, RATIS=15154, RATIS_ADMIN=15155, RATIS_SERVER=15156, RATIS_DATASTREAM=15157, STANDALONE=15153], networkLocation: /default-rack, certSerialId: null, persistedOpState: null, persistedOpStateExpiryEpochSec: 0}
2023-08-28 09:33:40,785 [EventQueue-NewNodeForNewNodeHandler] INFO  pipeline.BackgroundPipelineCreator (BackgroundPipelineCreator.java:notifyEventTriggered(277)) - trigger a one-shot run on RatisPipelineUtilsThread.
2023-08-28 09:33:40,786 [RatisPipelineUtilsThread - 0] INFO  pipeline.RatisPipelineProvider (RatisPipelineProvider.java:lambda$create$0(206)) - Sending CreatePipelineCommand for pipeline:PipelineID=b2f5c93a-08a2-4358-8660-5012ece90a63 to datanode:41455824-df48-4b98-a96f-a0f226daf9c9
2023-08-28 09:33:40,787 [RatisPipelineUtilsThread - 0] INFO  pipeline.BackgroundPipelineCreator (BackgroundPipelineCreator.java:createPipelines(233)) - Created new pipeline Pipeline[ Id: b2f5c93a-08a2-4358-8660-5012ece90a63, Nodes: 41455824-df48-4b98-a96f-a0f226daf9c9(fv-az625-77.ififypym2nee5jib2gmjcfh3fc.bx.internal.cloudapp.net/10.1.0.27), ReplicationConfig: RATIS/ONE, State:ALLOCATED, leaderId:, CreationTimestamp2023-08-28T09:33:40.786Z[Etc/UTC]]
2023-08-28 09:33:41,775 [main] INFO  ozone.MiniOzoneClusterImpl (MiniOzoneClusterImpl.java:lambda$waitForClusterToBeReady$0(224)) - Nodes are ready. Got 5 of 5 DN Heartbeats.
2023-08-28 09:33:41,776 [main] INFO  ozone.MiniOzoneClusterImpl (MiniOzoneClusterImpl.java:lambda$waitForClusterToBeReady$0(227)) - Waiting for cluster to exit safe mode
2023-08-28 09:33:41,776 [main] INFO  ozone.MiniOzoneClusterImpl (MiniOzoneClusterImpl.java:lambda$waitForClusterToBeReady$0(229)) - SCM became leader
2023-08-28 09:33:42,634 [PipelineCommandHandlerThread-0] INFO  server.RaftServer (RaftServerProxy.java:addNew(98)) - 80fac8df-d086-4186-9807-ed58a74d6c90: addNew group-262C9BC133DE:[80fac8df-d086-4186-9807-ed58a74d6c90|rpc:10.1.0.27:15120|admin:10.1.0.27:15119|client:10.1.0.27:15118|dataStream:10.1.0.27:15121|priority:1|startupRole:FOLLOWER] returns group-262C9BC133DE:java.util.concurrent.CompletableFuture@548fa810[Not completed]
2023-08-28 09:33:42,635 [80fac8df-d086-4186-9807-ed58a74d6c90-groupManagement] INFO  server.RaftServer$Division (RaftServerImpl.java:<init>(198)) - 80fac8df-d086-4186-9807-ed58a74d6c90: new RaftServerImpl for group-262C9BC133DE:[80fac8df-d086-4186-9807-ed58a74d6c90|rpc:10.1.0.27:15120|admin:10.1.0.27:15119|client:10.1.0.27:15118|dataStream:10.1.0.27:15121|priority:1|startupRole:FOLLOWER] with ContainerStateMachine:uninitialized
2023-08-28 09:33:42,635 [80fac8df-d086-4186-9807-ed58a74d6c90-groupManagement] INFO  server.RaftServerConfigKeys (ConfUtils.java:logGet(46)) - raft.server.rpc.timeout.min = 5s (custom)
2023-08-28 09:33:42,635 [80fac8df-d086-4186-9807-ed58a74d6c90-groupManagement] INFO  server.RaftServerConfigKeys (ConfUtils.java:logGet(46)) - raft.server.rpc.timeout.max = 5200ms (custom)
2023-08-28 09:33:42,635 [80fac8df-d086-4186-9807-ed58a74d6c90-groupManagement] INFO  server.RaftServerConfigKeys (ConfUtils.java:logGet(46)) - raft.server.rpc.sleep.time = 25ms (default)
2023-08-28 09:33:42,635 [80fac8df-d086-4186-9807-ed58a74d6c90-groupManagement] INFO  server.RaftServerConfigKeys (ConfUtils.java:logGet(46)) - raft.server.rpc.slowness.timeout = 300s (custom)
2023-08-28 09:33:42,635 [80fac8df-d086-4186-9807-ed58a74d6c90-groupManagement] INFO  server.RaftServerConfigKeys (ConfUtils.java:logGet(46)) - raft.server.leaderelection.leader.step-down.wait-time = 10s (default)
2023-08-28 09:33:42,635 [80fac8df-d086-4186-9807-ed58a74d6c90-groupManagement] INFO  server.RaftServerConfigKeys (ConfUtils.java:logGet(46)) - raft.server.sleep.deviation.threshold = 300ms (default)
2023-08-28 09:33:42,636 [80fac8df-d086-4186-9807-ed58a74d6c90-groupManagement] INFO  server.RaftServer$Division (ServerState.java:<init>(120)) - 80fac8df-d086-4186-9807-ed58a74d6c90@group-262C9BC133DE: ConfigurationManager, init=-1: peers:[80fac8df-d086-4186-9807-ed58a74d6c90|rpc:10.1.0.27:15120|admin:10.1.0.27:15119|client:10.1.0.27:15118|dataStream:10.1.0.27:15121|priority:1|startupRole:FOLLOWER]|listeners:[], old=null, confs=<EMPTY_MAP>
2023-08-28 09:33:42,636 [80fac8df-d086-4186-9807-ed58a74d6c90-groupManagement] INFO  server.RaftServerConfigKeys (ConfUtils.java:logGet(46)) - raft.server.storage.dir = [/home/runner/work/ozone/ozone/hadoop-ozone/integration-test/target/test-dir/MiniOzoneClusterImpl-ff034f8e-8080-4075-bf38-01537132cba4/datanode-0/data/ratis] (custom)
2023-08-28 09:33:42,636 [80fac8df-d086-4186-9807-ed58a74d6c90-groupManagement] INFO  server.RaftServerConfigKeys (ConfUtils.java:logGet(46)) - raft.server.log.corruption.policy = EXCEPTION (default)
2023-08-28 09:33:42,636 [80fac8df-d086-4186-9807-ed58a74d6c90-groupManagement] INFO  server.RaftServerConfigKeys (ConfUtils.java:logGet(46)) - raft.server.storage.free-space.min = 0MB (=0) (default)
2023-08-28 09:33:42,636 [80fac8df-d086-4186-9807-ed58a74d6c90-groupManagement] INFO  server.RaftServerConfigKeys (ConfUtils.java:logGet(46)) - raft.server.notification.no-leader.timeout = 300s (custom)
2023-08-28 09:33:42,636 [80fac8df-d086-4186-9807-ed58a74d6c90-groupManagement] INFO  server.RaftServerConfigKeys (ConfUtils.java:logGet(46)) - raft.server.read.timeout = 10s (default)
2023-08-28 09:33:42,636 [80fac8df-d086-4186-9807-ed58a74d6c90-groupManagement] INFO  server.RaftServerConfigKeys (ConfUtils.java:logGet(46)) - raft.server.retrycache.expirytime = 600000ms (custom)
2023-08-28 09:33:42,636 [80fac8df-d086-4186-9807-ed58a74d6c90-groupManagement] INFO  server.RaftServerConfigKeys (ConfUtils.java:logGet(46)) - raft.server.retrycache.statistics.expirytime = 100μs (default)
2023-08-28 09:33:42,636 [80fac8df-d086-4186-9807-ed58a74d6c90-groupManagement] INFO  server.RaftServerConfigKeys (ConfUtils.java:logGet(46)) - raft.server.read.option = DEFAULT (default)
2023-08-28 09:33:42,637 [80fac8df-d086-4186-9807-ed58a74d6c90-groupManagement] INFO  server.RaftServerConfigKeys (ConfUtils.java:logGet(46)) - raft.server.rpc.request.timeout = 60s (custom)
2023-08-28 09:33:42,637 [80fac8df-d086-4186-9807-ed58a74d6c90-groupManagement] INFO  server.RaftServerConfigKeys (ConfUtils.java:logGet(46)) - raft.server.log.appender.install.snapshot.enabled = false (custom)
2023-08-28 09:33:42,637 [80fac8df-d086-4186-9807-ed58a74d6c90-groupManagement] INFO  server.RaftServerConfigKeys (ConfUtils.java:logGet(46)) - raft.server.threadpool.server.cached = true (default)
2023-08-28 09:33:42,637 [80fac8df-d086-4186-9807-ed58a74d6c90-groupManagement] INFO  server.RaftServerConfigKeys (ConfUtils.java:logGet(46)) - raft.server.threadpool.server.size = 0 (default)
2023-08-28 09:33:42,637 [80fac8df-d086-4186-9807-ed58a74d6c90-groupManagement] INFO  server.RaftServerConfigKeys (ConfUtils.java:logGet(46)) - raft.server.threadpool.client.cached = true (default)
2023-08-28 09:33:42,637 [80fac8df-d086-4186-9807-ed58a74d6c90-groupManagement] INFO  server.RaftServerConfigKeys (ConfUtils.java:logGet(46)) - raft.server.threadpool.client.size = 0 (default)
2023-08-28 09:33:42,637 [80fac8df-d086-4186-9807-ed58a74d6c90-groupManagement] INFO  storage.RaftStorageDirectory (RaftStorageDirectoryImpl.java:analyzeStorage(137)) - The storage directory /home/runner/work/ozone/ozone/hadoop-ozone/integration-test/target/test-dir/MiniOzoneClusterImpl-ff034f8e-8080-4075-bf38-01537132cba4/datanode-0/data/ratis/14f93dd3-59f2-424e-9d0a-262c9bc133de does not exist. Creating ...
2023-08-28 09:33:42,638 [80fac8df-d086-4186-9807-ed58a74d6c90-groupManagement] INFO  storage.RaftStorageDirectory (RaftStorageDirectoryImpl.java:tryLock(231)) - Lock on /home/runner/work/ozone/ozone/hadoop-ozone/integration-test/target/test-dir/MiniOzoneClusterImpl-ff034f8e-8080-4075-bf38-01537132cba4/datanode-0/data/ratis/14f93dd3-59f2-424e-9d0a-262c9bc133de/in_use.lock acquired by nodename 61172@fv-az625-77
2023-08-28 09:33:42,640 [80fac8df-d086-4186-9807-ed58a74d6c90-groupManagement] INFO  storage.RaftStorage (RaftStorageImpl.java:format(96)) - Storage directory /home/runner/work/ozone/ozone/hadoop-ozone/integration-test/target/test-dir/MiniOzoneClusterImpl-ff034f8e-8080-4075-bf38-01537132cba4/datanode-0/data/ratis/14f93dd3-59f2-424e-9d0a-262c9bc133de has been successfully formatted.
2023-08-28 09:33:42,645 [80fac8df-d086-4186-9807-ed58a74d6c90-groupManagement] INFO  ratis.ContainerStateMachine (ContainerStateMachine.java:loadSnapshot(262)) - group-262C9BC133DE: The snapshot info is null. Setting the last applied indexto:(t:0, i:~)
2023-08-28 09:33:42,645 [80fac8df-d086-4186-9807-ed58a74d6c90-groupManagement] INFO  server.RaftServerConfigKeys (ConfUtils.java:logGet(46)) - raft.server.log.use.memory = false (default)
2023-08-28 09:33:42,645 [80fac8df-d086-4186-9807-ed58a74d6c90-groupManagement] INFO  server.RaftServerConfigKeys (ConfUtils.java:logGet(46)) - raft.server.log.purge.gap = 1000000 (custom)
2023-08-28 09:33:42,645 [80fac8df-d086-4186-9807-ed58a74d6c90-groupManagement] INFO  server.RaftServerConfigKeys (ConfUtils.java:logGet(46)) - raft.server.log.appender.buffer.byte-limit = 33554432 (custom)
2023-08-28 09:33:42,645 [80fac8df-d086-4186-9807-ed58a74d6c90-groupManagement] INFO  server.RaftServerConfigKeys (ConfUtils.java:logGet(46)) - raft.server.log.statemachine.data.read.timeout = 1000ms (default)
2023-08-28 09:33:42,646 [80fac8df-d086-4186-9807-ed58a74d6c90-groupManagement] INFO  server.RaftServerConfigKeys (ConfUtils.java:logGet(46)) - raft.server.log.purge.preservation.log.num = 0 (default)
2023-08-28 09:33:42,646 [EventQueue-PipelineReportForPipelineReportHandler] INFO  pipeline.PipelineReportHandler (PipelineReportHandler.java:processPipelineReport(136)) - Opened pipeline PipelineID=14f93dd3-59f2-424e-9d0a-262c9bc133de
2023-08-28 09:33:42,652 [80fac8df-d086-4186-9807-ed58a74d6c90-groupManagement] INFO  server.RaftServerConfigKeys (ConfUtils.java:logGet(46)) - raft.server.log.segment.size.max = 1048576 (custom)
2023-08-28 09:33:42,652 [80fac8df-d086-4186-9807-ed58a74d6c90-groupManagement] INFO  server.RaftServerConfigKeys (ConfUtils.java:logGet(46)) - raft.server.log.segment.cache.num.max = 2 (custom)
2023-08-28 09:33:42,652 [80fac8df-d086-4186-9807-ed58a74d6c90-groupManagement] INFO  server.RaftServerConfigKeys (ConfUtils.java:logGet(46)) - raft.server.log.segment.cache.size.max = 200MB (=209715200) (default)
2023-08-28 09:33:42,652 [80fac8df-d086-4186-9807-ed58a74d6c90-groupManagement] INFO  server.RaftServerConfigKeys (ConfUtils.java:logGet(46)) - raft.server.log.appender.buffer.byte-limit = 33554432 (custom)
2023-08-28 09:33:42,652 [80fac8df-d086-4186-9807-ed58a74d6c90-groupManagement] INFO  segmented.SegmentedRaftLogWorker (SegmentedRaftLogWorker.java:<init>(188)) - new 80fac8df-d086-4186-9807-ed58a74d6c90@group-262C9BC133DE-SegmentedRaftLogWorker for RaftStorageImpl:Storage Directory /home/runner/work/ozone/ozone/hadoop-ozone/integration-test/target/test-dir/MiniOzoneClusterImpl-ff034f8e-8080-4075-bf38-01537132cba4/datanode-0/data/ratis/14f93dd3-59f2-424e-9d0a-262c9bc133de
2023-08-28 09:33:42,652 [80fac8df-d086-4186-9807-ed58a74d6c90-groupManagement] INFO  server.RaftServerConfigKeys (ConfUtils.java:logGet(46)) - raft.server.log.queue.byte-limit = 4294967296 (custom)
2023-08-28 09:33:42,652 [80fac8df-d086-4186-9807-ed58a74d6c90-groupManagement] INFO  server.RaftServerConfigKeys (ConfUtils.java:logGet(46)) - raft.server.log.queue.element-limit = 1024 (custom)
2023-08-28 09:33:42,652 [80fac8df-d086-4186-9807-ed58a74d6c90-groupManagement] INFO  server.RaftServerConfigKeys (ConfUtils.java:logGet(46)) - raft.server.log.segment.size.max = 1048576 (custom)
2023-08-28 09:33:42,652 [80fac8df-d086-4186-9807-ed58a74d6c90-groupManagement] INFO  server.RaftServerConfigKeys (ConfUtils.java:logGet(46)) - raft.server.log.preallocated.size = 16384 (custom)
2023-08-28 09:33:42,652 [80fac8df-d086-4186-9807-ed58a74d6c90-groupManagement] INFO  server.RaftServerConfigKeys (ConfUtils.java:logGet(46)) - raft.server.log.force.sync.num = 128 (default)
2023-08-28 09:33:42,652 [80fac8df-d086-4186-9807-ed58a74d6c90-groupManagement] INFO  server.RaftServerConfigKeys (ConfUtils.java:logGet(46)) - raft.server.log.statemachine.data.sync = true (default)
2023-08-28 09:33:42,652 [80fac8df-d086-4186-9807-ed58a74d6c90-groupManagement] INFO  server.RaftServerConfigKeys (ConfUtils.java:logGet(46)) - raft.server.log.statemachine.data.sync.timeout = 10s (default)
2023-08-28 09:33:42,652 [80fac8df-d086-4186-9807-ed58a74d6c90-groupManagement] INFO  server.RaftServerConfigKeys (ConfUtils.java:logGet(46)) - raft.server.log.statemachine.data.sync.timeout.retry = -1 (default)
2023-08-28 09:33:42,653 [80fac8df-d086-4186-9807-ed58a74d6c90-groupManagement] INFO  server.RaftServerConfigKeys (ConfUtils.java:logGet(46)) - raft.server.log.write.buffer.size = 1048576 (custom)
2023-08-28 09:33:42,653 [80fac8df-d086-4186-9807-ed58a74d6c90-groupManagement] INFO  server.RaftServerConfigKeys (ConfUtils.java:logGet(46)) - raft.server.log.appender.buffer.byte-limit = 33554432 (custom)
2023-08-28 09:33:42,659 [EventQueue-OpenPipelineForHealthyPipelineSafeModeRule] INFO  safemode.SCMSafeModeManager (HealthyPipelineSafeModeRule.java:process(137)) - SCM in safe mode. Healthy pipelines reported count is 0, required healthy pipeline reported count is 1
2023-08-28 09:33:42,659 [80fac8df-d086-4186-9807-ed58a74d6c90-groupManagement] INFO  server.RaftServerConfigKeys (ConfUtils.java:logGet(46)) - raft.server.log.unsafe-flush.enabled = false (default)
2023-08-28 09:33:42,660 [80fac8df-d086-4186-9807-ed58a74d6c90-groupManagement] INFO  server.RaftServerConfigKeys (ConfUtils.java:logGet(46)) - raft.server.log.async-flush.enabled = false (default)
2023-08-28 09:33:42,660 [80fac8df-d086-4186-9807-ed58a74d6c90-groupManagement] INFO  server.RaftServerConfigKeys (ConfUtils.java:logGet(46)) - raft.server.log.statemachine.data.caching.enabled = true (custom)
2023-08-28 09:33:42,660 [80fac8df-d086-4186-9807-ed58a74d6c90-groupManagement] INFO  segmented.SegmentedRaftLogWorker (SegmentedRaftLogWorker.java:lambda$new$0(135)) - 80fac8df-d086-4186-9807-ed58a74d6c90@group-262C9BC133DE-SegmentedRaftLogWorker: flushIndex: setUnconditionally 0 -> -1
2023-08-28 09:33:42,660 [80fac8df-d086-4186-9807-ed58a74d6c90-groupManagement] INFO  segmented.SegmentedRaftLogWorker (SegmentedRaftLogWorker.java:lambda$new$0(135)) - 80fac8df-d086-4186-9807-ed58a74d6c90@group-262C9BC133DE-SegmentedRaftLogWorker: safeCacheEvictIndex: setUnconditionally 0 -> -1
2023-08-28 09:33:42,663 [80fac8df-d086-4186-9807-ed58a74d6c90-groupManagement] INFO  server.RaftServer$Division (RaftServerImpl.java:start(342)) - 80fac8df-d086-4186-9807-ed58a74d6c90@group-262C9BC133DE: start as a follower, conf=-1: peers:[80fac8df-d086-4186-9807-ed58a74d6c90|rpc:10.1.0.27:15120|admin:10.1.0.27:15119|client:10.1.0.27:15118|dataStream:10.1.0.27:15121|priority:1|startupRole:FOLLOWER]|listeners:[], old=null
2023-08-28 09:33:42,663 [80fac8df-d086-4186-9807-ed58a74d6c90-groupManagement] INFO  server.RaftServer$Division (RaftServerImpl.java:setRole(329)) - 80fac8df-d086-4186-9807-ed58a74d6c90@group-262C9BC133DE: changes role from      null to FOLLOWER at term 0 for startAsFollower
2023-08-28 09:33:42,663 [80fac8df-d086-4186-9807-ed58a74d6c90-groupManagement] INFO  impl.RoleInfo (RoleInfo.java:updateAndGet(139)) - 80fac8df-d086-4186-9807-ed58a74d6c90: start 80fac8df-d086-4186-9807-ed58a74d6c90@group-262C9BC133DE-FollowerState
2023-08-28 09:33:42,664 [80fac8df-d086-4186-9807-ed58a74d6c90-groupManagement] INFO  util.JmxRegister (JmxRegister.java:tryRegister(44)) - Successfully registered JMX Bean with object name Ratis:service=RaftServer,group=group-262C9BC133DE,id=80fac8df-d086-4186-9807-ed58a74d6c90
2023-08-28 09:33:42,664 [80fac8df-d086-4186-9807-ed58a74d6c90-groupManagement] INFO  server.RaftServerConfigKeys (ConfUtils.java:logGet(46)) - raft.server.snapshot.auto.trigger.enabled = true (custom)
2023-08-28 09:33:42,664 [80fac8df-d086-4186-9807-ed58a74d6c90-groupManagement] INFO  server.RaftServerConfigKeys (ConfUtils.java:logGet(46)) - raft.server.snapshot.auto.trigger.threshold = 10000 (custom)
2023-08-28 09:33:42,664 [80fac8df-d086-4186-9807-ed58a74d6c90-groupManagement] INFO  server.RaftServerConfigKeys (ConfUtils.java:logGet(46)) - raft.server.snapshot.retention.file.num = 5 (custom)
2023-08-28 09:33:42,664 [80fac8df-d086-4186-9807-ed58a74d6c90-groupManagement] INFO  server.RaftServerConfigKeys (ConfUtils.java:logGet(46)) - raft.server.log.purge.upto.snapshot.index = false (default)
2023-08-28 09:33:42,665 [80fac8df-d086-4186-9807-ed58a74d6c90@group-262C9BC133DE-FollowerState] INFO  server.RaftServerConfigKeys (ConfUtils.java:logFallback(53)) - raft.server.rpc.first-election.timeout.min = 5s (fallback to raft.server.rpc.timeout.min)
2023-08-28 09:33:42,665 [80fac8df-d086-4186-9807-ed58a74d6c90@group-262C9BC133DE-FollowerState] INFO  server.RaftServerConfigKeys (ConfUtils.java:logFallback(53)) - raft.server.rpc.first-election.timeout.max = 5200ms (fallback to raft.server.rpc.timeout.max)
2023-08-28 09:33:42,665 [PipelineCommandHandlerThread-0] INFO  ratis.XceiverServerRatis (XceiverServerRatis.java:addGroup(804)) - Created group PipelineID=14f93dd3-59f2-424e-9d0a-262c9bc133de
2023-08-28 09:33:42,665 [PipelineCommandHandlerThread-0] INFO  commandhandler.CreatePipelineCommandHandler (CreatePipelineCommandHandler.java:lambda$handle$2(124)) - Created Pipeline RATIS ONE PipelineID=14f93dd3-59f2-424e-9d0a-262c9bc133de.
2023-08-28 09:33:42,665 [PipelineCommandHandlerThread-0] INFO  server.RaftServer (RaftServerProxy.java:addNew(98)) - 80fac8df-d086-4186-9807-ed58a74d6c90: addNew group-1DFF6731F38D:[80fac8df-d086-4186-9807-ed58a74d6c90|rpc:10.1.0.27:15120|admin:10.1.0.27:15119|client:10.1.0.27:15118|dataStream:10.1.0.27:15121|priority:0|startupRole:FOLLOWER, 5e45d05c-e098-4a5b-a019-6f8f93701f04|rpc:10.1.0.27:15129|admin:10.1.0.27:15128|client:10.1.0.27:15127|dataStream:10.1.0.27:15130|priority:0|startupRole:FOLLOWER, cd0f2c76-867f-4adb-98b4-ea19f4e614c4|rpc:10.1.0.27:15138|admin:10.1.0.27:15137|client:10.1.0.27:15136|dataStream:10.1.0.27:15139|priority:1|startupRole:FOLLOWER] returns group-1DFF6731F38D:java.util.concurrent.CompletableFuture@50b02659[Not completed]
2023-08-28 09:33:42,666 [80fac8df-d086-4186-9807-ed58a74d6c90-groupManagement] INFO  server.RaftServer$Division (RaftServerImpl.java:<init>(198)) - 80fac8df-d086-4186-9807-ed58a74d6c90: new RaftServerImpl for group-1DFF6731F38D:[80fac8df-d086-4186-9807-ed58a74d6c90|rpc:10.1.0.27:15120|admin:10.1.0.27:15119|client:10.1.0.27:15118|dataStream:10.1.0.27:15121|priority:0|startupRole:FOLLOWER, 5e45d05c-e098-4a5b-a019-6f8f93701f04|rpc:10.1.0.27:15129|admin:10.1.0.27:15128|client:10.1.0.27:15127|dataStream:10.1.0.27:15130|priority:0|startupRole:FOLLOWER, cd0f2c76-867f-4adb-98b4-ea19f4e614c4|rpc:10.1.0.27:15138|admin:10.1.0.27:15137|client:10.1.0.27:15136|dataStream:10.1.0.27:15139|priority:1|startupRole:FOLLOWER] with ContainerStateMachine:uninitialized
2023-08-28 09:33:42,666 [80fac8df-d086-4186-9807-ed58a74d6c90-groupManagement] INFO  server.RaftServerConfigKeys (ConfUtils.java:logGet(46)) - raft.server.rpc.timeout.min = 5s (custom)
2023-08-28 09:33:42,666 [80fac8df-d086-4186-9807-ed58a74d6c90-groupManagement] INFO  server.RaftServerConfigKeys (ConfUtils.java:logGet(46)) - raft.server.rpc.timeout.max = 5200ms (custom)
2023-08-28 09:33:42,666 [80fac8df-d086-4186-9807-ed58a74d6c90-groupManagement] INFO  server.RaftServerConfigKeys (ConfUtils.java:logGet(46)) - raft.server.rpc.sleep.time = 25ms (default)
2023-08-28 09:33:42,666 [80fac8df-d086-4186-9807-ed58a74d6c90-groupManagement] INFO  server.RaftServerConfigKeys (ConfUtils.java:logGet(46)) - raft.server.rpc.slowness.timeout = 300s (custom)
2023-08-28 09:33:42,666 [80fac8df-d086-4186-9807-ed58a74d6c90-groupManagement] INFO  server.RaftServerConfigKeys (ConfUtils.java:logGet(46)) - raft.server.leaderelection.leader.step-down.wait-time = 10s (default)
2023-08-28 09:33:42,666 [80fac8df-d086-4186-9807-ed58a74d6c90-groupManagement] INFO  server.RaftServerConfigKeys (ConfUtils.java:logGet(46)) - raft.server.sleep.deviation.threshold = 300ms (default)
2023-08-28 09:33:42,666 [80fac8df-d086-4186-9807-ed58a74d6c90-groupManagement] INFO  server.RaftServer$Division (ServerState.java:<init>(120)) - 80fac8df-d086-4186-9807-ed58a74d6c90@group-1DFF6731F38D: ConfigurationManager, init=-1: peers:[80fac8df-d086-4186-9807-ed58a74d6c90|rpc:10.1.0.27:15120|admin:10.1.0.27:15119|client:10.1.0.27:15118|dataStream:10.1.0.27:15121|priority:0|startupRole:FOLLOWER, 5e45d05c-e098-4a5b-a019-6f8f93701f04|rpc:10.1.0.27:15129|admin:10.1.0.27:15128|client:10.1.0.27:15127|dataStream:10.1.0.27:15130|priority:0|startupRole:FOLLOWER, cd0f2c76-867f-4adb-98b4-ea19f4e614c4|rpc:10.1.0.27:15138|admin:10.1.0.27:15137|client:10.1.0.27:15136|dataStream:10.1.0.27:15139|priority:1|startupRole:FOLLOWER]|listeners:[], old=null, confs=<EMPTY_MAP>
2023-08-28 09:33:42,666 [80fac8df-d086-4186-9807-ed58a74d6c90-groupManagement] INFO  server.RaftServerConfigKeys (ConfUtils.java:logGet(46)) - raft.server.storage.dir = [/home/runner/work/ozone/ozone/hadoop-ozone/integration-test/target/test-dir/MiniOzoneClusterImpl-ff034f8e-8080-4075-bf38-01537132cba4/datanode-0/data/ratis] (custom)
2023-08-28 09:33:42,667 [80fac8df-d086-4186-9807-ed58a74d6c90-groupManagement] INFO  server.RaftServerConfigKeys (ConfUtils.java:logGet(46)) - raft.server.log.corruption.policy = EXCEPTION (default)
2023-08-28 09:33:42,667 [80fac8df-d086-4186-9807-ed58a74d6c90-groupManagement] INFO  server.RaftServerConfigKeys (ConfUtils.java:logGet(46)) - raft.server.storage.free-space.min = 0MB (=0) (default)
2023-08-28 09:33:42,667 [80fac8df-d086-4186-9807-ed58a74d6c90-groupManagement] INFO  server.RaftServerConfigKeys (ConfUtils.java:logGet(46)) - raft.server.notification.no-leader.timeout = 300s (custom)
2023-08-28 09:33:42,667 [80fac8df-d086-4186-9807-ed58a74d6c90-groupManagement] INFO  server.RaftServerConfigKeys (ConfUtils.java:logGet(46)) - raft.server.read.timeout = 10s (default)
2023-08-28 09:33:42,667 [80fac8df-d086-4186-9807-ed58a74d6c90-groupManagement] INFO  server.RaftServerConfigKeys (ConfUtils.java:logGet(46)) - raft.server.retrycache.expirytime = 600000ms (custom)
2023-08-28 09:33:42,667 [80fac8df-d086-4186-9807-ed58a74d6c90-groupManagement] INFO  server.RaftServerConfigKeys (ConfUtils.java:logGet(46)) - raft.server.retrycache.statistics.expirytime = 100μs (default)
2023-08-28 09:33:42,667 [80fac8df-d086-4186-9807-ed58a74d6c90-groupManagement] INFO  server.RaftServerConfigKeys (ConfUtils.java:logGet(46)) - raft.server.read.option = DEFAULT (default)
2023-08-28 09:33:42,667 [80fac8df-d086-4186-9807-ed58a74d6c90-groupManagement] INFO  server.RaftServerConfigKeys (ConfUtils.java:logGet(46)) - raft.server.rpc.request.timeout = 60s (custom)
2023-08-28 09:33:42,667 [80fac8df-d086-4186-9807-ed58a74d6c90-groupManagement] INFO  server.RaftServerConfigKeys (ConfUtils.java:logGet(46)) - raft.server.log.appender.install.snapshot.enabled = false (custom)
2023-08-28 09:33:42,668 [80fac8df-d086-4186-9807-ed58a74d6c90-groupManagement] INFO  server.RaftServerConfigKeys (ConfUtils.java:logGet(46)) - raft.server.threadpool.server.cached = true (default)
2023-08-28 09:33:42,668 [80fac8df-d086-4186-9807-ed58a74d6c90-groupManagement] INFO  server.RaftServerConfigKeys (ConfUtils.java:logGet(46)) - raft.server.threadpool.server.size = 0 (default)
2023-08-28 09:33:42,668 [80fac8df-d086-4186-9807-ed58a74d6c90-groupManagement] INFO  server.RaftServerConfigKeys (ConfUtils.java:logGet(46)) - raft.server.threadpool.client.cached = true (default)
2023-08-28 09:33:42,668 [80fac8df-d086-4186-9807-ed58a74d6c90-groupManagement] INFO  server.RaftServerConfigKeys (ConfUtils.java:logGet(46)) - raft.server.threadpool.client.size = 0 (default)
2023-08-28 09:33:42,668 [80fac8df-d086-4186-9807-ed58a74d6c90-groupManagement] INFO  storage.RaftStorageDirectory (RaftStorageDirectoryImpl.java:analyzeStorage(137)) - The storage directory /home/runner/work/ozone/ozone/hadoop-ozone/integration-test/target/test-dir/MiniOzoneClusterImpl-ff034f8e-8080-4075-bf38-01537132cba4/datanode-0/data/ratis/80e183fb-8bd2-4fe8-8055-1dff6731f38d does not exist. Creating ...
2023-08-28 09:33:42,669 [80fac8df-d086-4186-9807-ed58a74d6c90-groupManagement] INFO  storage.RaftStorageDirectory (RaftStorageDirectoryImpl.java:tryLock(231)) - Lock on /home/runner/work/ozone/ozone/hadoop-ozone/integration-test/target/test-dir/MiniOzoneClusterImpl-ff034f8e-8080-4075-bf38-01537132cba4/datanode-0/data/ratis/80e183fb-8bd2-4fe8-8055-1dff6731f38d/in_use.lock acquired by nodename 61172@fv-az625-77
2023-08-28 09:33:42,670 [80fac8df-d086-4186-9807-ed58a74d6c90-groupManagement] INFO  storage.RaftStorage (RaftStorageImpl.java:format(96)) - Storage directory /home/runner/work/ozone/ozone/hadoop-ozone/integration-test/target/test-dir/MiniOzoneClusterImpl-ff034f8e-8080-4075-bf38-01537132cba4/datanode-0/data/ratis/80e183fb-8bd2-4fe8-8055-1dff6731f38d has been successfully formatted.
2023-08-28 09:33:42,671 [80fac8df-d086-4186-9807-ed58a74d6c90-groupManagement] INFO  ratis.ContainerStateMachine (ContainerStateMachine.java:loadSnapshot(262)) - group-1DFF6731F38D: The snapshot info is null. Setting the last applied indexto:(t:0, i:~)
2023-08-28 09:33:42,671 [80fac8df-d086-4186-9807-ed58a74d6c90-groupManagement] INFO  server.RaftServerConfigKeys (ConfUtils.java:logGet(46)) - raft.server.log.use.memory = false (default)
2023-08-28 09:33:42,671 [80fac8df-d086-4186-9807-ed58a74d6c90-groupManagement] INFO  server.RaftServerConfigKeys (ConfUtils.java:logGet(46)) - raft.server.log.purge.gap = 1000000 (custom)
2023-08-28 09:33:42,671 [80fac8df-d086-4186-9807-ed58a74d6c90-groupManagement] INFO  server.RaftServerConfigKeys (ConfUtils.java:logGet(46)) - raft.server.log.appender.buffer.byte-limit = 33554432 (custom)
2023-08-28 09:33:42,671 [80fac8df-d086-4186-9807-ed58a74d6c90-groupManagement] INFO  server.RaftServerConfigKeys (ConfUtils.java:logGet(46)) - raft.server.log.statemachine.data.read.timeout = 1000ms (default)
2023-08-28 09:33:42,671 [80fac8df-d086-4186-9807-ed58a74d6c90-groupManagement] INFO  server.RaftServerConfigKeys (ConfUtils.java:logGet(46)) - raft.server.log.purge.preservation.log.num = 0 (default)
2023-08-28 09:33:42,671 [80fac8df-d086-4186-9807-ed58a74d6c90-groupManagement] INFO  server.RaftServerConfigKeys (ConfUtils.java:logGet(46)) - raft.server.log.segment.size.max = 1048576 (custom)
2023-08-28 09:33:42,671 [EventQueue-OpenPipelineForHealthyPipelineSafeModeRule] INFO  safemode.SCMSafeModeManager (HealthyPipelineSafeModeRule.java:process(137)) - SCM in safe mode. Healthy pipelines reported count is 0, required healthy pipeline reported count is 1
2023-08-28 09:33:42,672 [80fac8df-d086-4186-9807-ed58a74d6c90-groupManagement] INFO  server.RaftServerConfigKeys (ConfUtils.java:logGet(46)) - raft.server.log.segment.cache.num.max = 2 (custom)
2023-08-28 09:33:42,672 [80fac8df-d086-4186-9807-ed58a74d6c90-groupManagement] INFO  server.RaftServerConfigKeys (ConfUtils.java:logGet(46)) - raft.server.log.segment.cache.size.max = 200MB (=209715200) (default)
2023-08-28 09:33:42,672 [80fac8df-d086-4186-9807-ed58a74d6c90-groupManagement] INFO  server.RaftServerConfigKeys (ConfUtils.java:logGet(46)) - raft.server.log.appender.buffer.byte-limit = 33554432 (custom)
2023-08-28 09:33:42,672 [80fac8df-d086-4186-9807-ed58a74d6c90-groupManagement] INFO  segmented.SegmentedRaftLogWorker (SegmentedRaftLogWorker.java:<init>(188)) - new 80fac8df-d086-4186-9807-ed58a74d6c90@group-1DFF6731F38D-SegmentedRaftLogWorker for RaftStorageImpl:Storage Directory /home/runner/work/ozone/ozone/hadoop-ozone/integration-test/target/test-dir/MiniOzoneClusterImpl-ff034f8e-8080-4075-bf38-01537132cba4/datanode-0/data/ratis/80e183fb-8bd2-4fe8-8055-1dff6731f38d
2023-08-28 09:33:42,672 [80fac8df-d086-4186-9807-ed58a74d6c90-groupManagement] INFO  server.RaftServerConfigKeys (ConfUtils.java:logGet(46)) - raft.server.log.queue.byte-limit = 4294967296 (custom)
2023-08-28 09:33:42,672 [80fac8df-d086-4186-9807-ed58a74d6c90-groupManagement] INFO  server.RaftServerConfigKeys (ConfUtils.java:logGet(46)) - raft.server.log.queue.element-limit = 1024 (custom)
2023-08-28 09:33:42,672 [80fac8df-d086-4186-9807-ed58a74d6c90-groupManagement] INFO  server.RaftServerConfigKeys (ConfUtils.java:logGet(46)) - raft.server.log.segment.size.max = 1048576 (custom)
2023-08-28 09:33:42,672 [80fac8df-d086-4186-9807-ed58a74d6c90-groupManagement] INFO  server.RaftServerConfigKeys (ConfUtils.java:logGet(46)) - raft.server.log.preallocated.size = 16384 (custom)
2023-08-28 09:33:42,672 [80fac8df-d086-4186-9807-ed58a74d6c90-groupManagement] INFO  server.RaftServerConfigKeys (ConfUtils.java:logGet(46)) - raft.server.log.force.sync.num = 128 (default)
2023-08-28 09:33:42,672 [80fac8df-d086-4186-9807-ed58a74d6c90-groupManagement] INFO  server.RaftServerConfigKeys (ConfUtils.java:logGet(46)) - raft.server.log.statemachine.data.sync = true (default)
2023-08-28 09:33:42,672 [80fac8df-d086-4186-9807-ed58a74d6c90-groupManagement] INFO  server.RaftServerConfigKeys (ConfUtils.java:logGet(46)) - raft.server.log.statemachine.data.sync.timeout = 10s (default)
2023-08-28 09:33:42,672 [80fac8df-d086-4186-9807-ed58a74d6c90-groupManagement] INFO  server.RaftServerConfigKeys (ConfUtils.java:logGet(46)) - raft.server.log.statemachine.data.sync.timeout.retry = -1 (default)
2023-08-28 09:33:42,673 [80fac8df-d086-4186-9807-ed58a74d6c90-groupManagement] INFO  server.RaftServerConfigKeys (ConfUtils.java:logGet(46)) - raft.server.log.write.buffer.size = 1048576 (custom)
2023-08-28 09:33:42,673 [80fac8df-d086-4186-9807-ed58a74d6c90-groupManagement] INFO  server.RaftServerConfigKeys (ConfUtils.java:logGet(46)) - raft.server.log.appender.buffer.byte-limit = 33554432 (custom)
2023-08-28 09:33:42,678 [80fac8df-d086-4186-9807-ed58a74d6c90-groupManagement] INFO  server.RaftServerConfigKeys (ConfUtils.java:logGet(46)) - raft.server.log.unsafe-flush.enabled = false (default)
2023-08-28 09:33:42,678 [80fac8df-d086-4186-9807-ed58a74d6c90-groupManagement] INFO  server.RaftServerConfigKeys (ConfUtils.java:logGet(46)) - raft.server.log.async-flush.enabled = false (default)
2023-08-28 09:33:42,678 [80fac8df-d086-4186-9807-ed58a74d6c90-groupManagement] INFO  server.RaftServerConfigKeys (ConfUtils.java:logGet(46)) - raft.server.log.statemachine.data.caching.enabled = true (custom)
2023-08-28 09:33:42,678 [80fac8df-d086-4186-9807-ed58a74d6c90-groupManagement] INFO  segmented.SegmentedRaftLogWorker (SegmentedRaftLogWorker.java:lambda$new$0(135)) - 80fac8df-d086-4186-9807-ed58a74d6c90@group-1DFF6731F38D-SegmentedRaftLogWorker: flushIndex: setUnconditionally 0 -> -1
2023-08-28 09:33:42,678 [80fac8df-d086-4186-9807-ed58a74d6c90-groupManagement] INFO  segmented.SegmentedRaftLogWorker (SegmentedRaftLogWorker.java:lambda$new$0(135)) - 80fac8df-d086-4186-9807-ed58a74d6c90@group-1DFF6731F38D-SegmentedRaftLogWorker: safeCacheEvictIndex: setUnconditionally 0 -> -1
2023-08-28 09:33:42,680 [80fac8df-d086-4186-9807-ed58a74d6c90-groupManagement] INFO  server.RaftServer$Division (RaftServerImpl.java:start(342)) - 80fac8df-d086-4186-9807-ed58a74d6c90@group-1DFF6731F38D: start as a follower, conf=-1: peers:[80fac8df-d086-4186-9807-ed58a74d6c90|rpc:10.1.0.27:15120|admin:10.1.0.27:15119|client:10.1.0.27:15118|dataStream:10.1.0.27:15121|priority:0|startupRole:FOLLOWER, 5e45d05c-e098-4a5b-a019-6f8f93701f04|rpc:10.1.0.27:15129|admin:10.1.0.27:15128|client:10.1.0.27:15127|dataStream:10.1.0.27:15130|priority:0|startupRole:FOLLOWER, cd0f2c76-867f-4adb-98b4-ea19f4e614c4|rpc:10.1.0.27:15138|admin:10.1.0.27:15137|client:10.1.0.27:15136|dataStream:10.1.0.27:15139|priority:1|startupRole:FOLLOWER]|listeners:[], old=null
2023-08-28 09:33:42,680 [80fac8df-d086-4186-9807-ed58a74d6c90-groupManagement] INFO  server.RaftServer$Division (RaftServerImpl.java:setRole(329)) - 80fac8df-d086-4186-9807-ed58a74d6c90@group-1DFF6731F38D: changes role from      null to FOLLOWER at term 0 for startAsFollower
2023-08-28 09:33:42,680 [80fac8df-d086-4186-9807-ed58a74d6c90-groupManagement] INFO  impl.RoleInfo (RoleInfo.java:updateAndGet(139)) - 80fac8df-d086-4186-9807-ed58a74d6c90: start 80fac8df-d086-4186-9807-ed58a74d6c90@group-1DFF6731F38D-FollowerState
2023-08-28 09:33:42,682 [80fac8df-d086-4186-9807-ed58a74d6c90-groupManagement] INFO  util.JmxRegister (JmxRegister.java:tryRegister(44)) - Successfully registered JMX Bean with object name Ratis:service=RaftServer,group=group-1DFF6731F38D,id=80fac8df-d086-4186-9807-ed58a74d6c90
2023-08-28 09:33:42,682 [80fac8df-d086-4186-9807-ed58a74d6c90-groupManagement] INFO  server.RaftServerConfigKeys (ConfUtils.java:logGet(46)) - raft.server.snapshot.auto.trigger.enabled = true (custom)
2023-08-28 09:33:42,682 [80fac8df-d086-4186-9807-ed58a74d6c90-groupManagement] INFO  server.RaftServerConfigKeys (ConfUtils.java:logGet(46)) - raft.server.snapshot.auto.trigger.threshold = 10000 (custom)
2023-08-28 09:33:42,682 [80fac8df-d086-4186-9807-ed58a74d6c90-groupManagement] INFO  server.RaftServerConfigKeys (ConfUtils.java:logGet(46)) - raft.server.snapshot.retention.file.num = 5 (custom)
2023-08-28 09:33:42,682 [80fac8df-d086-4186-9807-ed58a74d6c90-groupManagement] INFO  server.RaftServerConfigKeys (ConfUtils.java:logGet(46)) - raft.server.log.purge.upto.snapshot.index = false (default)
2023-08-28 09:33:42,684 [80fac8df-d086-4186-9807-ed58a74d6c90@group-1DFF6731F38D-FollowerState] INFO  server.RaftServerConfigKeys (ConfUtils.java:logFallback(53)) - raft.server.rpc.first-election.timeout.min = 5s (fallback to raft.server.rpc.timeout.min)
2023-08-28 09:33:42,684 [80fac8df-d086-4186-9807-ed58a74d6c90@group-1DFF6731F38D-FollowerState] INFO  server.RaftServerConfigKeys (ConfUtils.java:logFallback(53)) - raft.server.rpc.first-election.timeout.max = 5200ms (fallback to raft.server.rpc.timeout.max)
2023-08-28 09:33:42,684 [PipelineCommandHandlerThread-0] INFO  ratis.XceiverServerRatis (XceiverServerRatis.java:addGroup(804)) - Created group PipelineID=80e183fb-8bd2-4fe8-8055-1dff6731f38d
2023-08-28 09:33:42,695 [grpc-default-executor-0] INFO  server.RaftServer (RaftServerProxy.java:addNew(98)) - 5e45d05c-e098-4a5b-a019-6f8f93701f04: addNew group-1DFF6731F38D:[80fac8df-d086-4186-9807-ed58a74d6c90|rpc:10.1.0.27:15120|admin:10.1.0.27:15119|client:10.1.0.27:15118|dataStream:10.1.0.27:15121|priority:0|startupRole:FOLLOWER, 5e45d05c-e098-4a5b-a019-6f8f93701f04|rpc:10.1.0.27:15129|admin:10.1.0.27:15128|client:10.1.0.27:15127|dataStream:10.1.0.27:15130|priority:0|startupRole:FOLLOWER, cd0f2c76-867f-4adb-98b4-ea19f4e614c4|rpc:10.1.0.27:15138|admin:10.1.0.27:15137|client:10.1.0.27:15136|dataStream:10.1.0.27:15139|priority:1|startupRole:FOLLOWER] returns group-1DFF6731F38D:java.util.concurrent.CompletableFuture@6edcc5e8[Not completed]
2023-08-28 09:33:42,696 [5e45d05c-e098-4a5b-a019-6f8f93701f04-groupManagement] INFO  server.RaftServer$Division (RaftServerImpl.java:<init>(198)) - 5e45d05c-e098-4a5b-a019-6f8f93701f04: new RaftServerImpl for group-1DFF6731F38D:[80fac8df-d086-4186-9807-ed58a74d6c90|rpc:10.1.0.27:15120|admin:10.1.0.27:15119|client:10.1.0.27:15118|dataStream:10.1.0.27:15121|priority:0|startupRole:FOLLOWER, 5e45d05c-e098-4a5b-a019-6f8f93701f04|rpc:10.1.0.27:15129|admin:10.1.0.27:15128|client:10.1.0.27:15127|dataStream:10.1.0.27:15130|priority:0|startupRole:FOLLOWER, cd0f2c76-867f-4adb-98b4-ea19f4e614c4|rpc:10.1.0.27:15138|admin:10.1.0.27:15137|client:10.1.0.27:15136|dataStream:10.1.0.27:15139|priority:1|startupRole:FOLLOWER] with ContainerStateMachine:uninitialized
2023-08-28 09:33:42,696 [5e45d05c-e098-4a5b-a019-6f8f93701f04-groupManagement] INFO  server.RaftServerConfigKeys (ConfUtils.java:logGet(46)) - raft.server.rpc.timeout.min = 5s (custom)
2023-08-28 09:33:42,696 [5e45d05c-e098-4a5b-a019-6f8f93701f04-groupManagement] INFO  server.RaftServerConfigKeys (ConfUtils.java:logGet(46)) - raft.server.rpc.timeout.max = 5200ms (custom)
2023-08-28 09:33:42,696 [5e45d05c-e098-4a5b-a019-6f8f93701f04-groupManagement] INFO  server.RaftServerConfigKeys (ConfUtils.java:logGet(46)) - raft.server.rpc.sleep.time = 25ms (default)
2023-08-28 09:33:42,696 [5e45d05c-e098-4a5b-a019-6f8f93701f04-groupManagement] INFO  server.RaftServerConfigKeys (ConfUtils.java:logGet(46)) - raft.server.rpc.slowness.timeout = 300s (custom)
2023-08-28 09:33:42,696 [5e45d05c-e098-4a5b-a019-6f8f93701f04-groupManagement] INFO  server.RaftServerConfigKeys (ConfUtils.java:logGet(46)) - raft.server.leaderelection.leader.step-down.wait-time = 10s (default)
2023-08-28 09:33:42,696 [5e45d05c-e098-4a5b-a019-6f8f93701f04-groupManagement] INFO  server.RaftServerConfigKeys (ConfUtils.java:logGet(46)) - raft.server.sleep.deviation.threshold = 300ms (default)
2023-08-28 09:33:42,696 [5e45d05c-e098-4a5b-a019-6f8f93701f04-groupManagement] INFO  server.RaftServer$Division (ServerState.java:<init>(120)) - 5e45d05c-e098-4a5b-a019-6f8f93701f04@group-1DFF6731F38D: ConfigurationManager, init=-1: peers:[80fac8df-d086-4186-9807-ed58a74d6c90|rpc:10.1.0.27:15120|admin:10.1.0.27:15119|client:10.1.0.27:15118|dataStream:10.1.0.27:15121|priority:0|startupRole:FOLLOWER, 5e45d05c-e098-4a5b-a019-6f8f93701f04|rpc:10.1.0.27:15129|admin:10.1.0.27:15128|client:10.1.0.27:15127|dataStream:10.1.0.27:15130|priority:0|startupRole:FOLLOWER, cd0f2c76-867f-4adb-98b4-ea19f4e614c4|rpc:10.1.0.27:15138|admin:10.1.0.27:15137|client:10.1.0.27:15136|dataStream:10.1.0.27:15139|priority:1|startupRole:FOLLOWER]|listeners:[], old=null, confs=<EMPTY_MAP>
2023-08-28 09:33:42,696 [5e45d05c-e098-4a5b-a019-6f8f93701f04-groupManagement] INFO  server.RaftServerConfigKeys (ConfUtils.java:logGet(46)) - raft.server.storage.dir = [/home/runner/work/ozone/ozone/hadoop-ozone/integration-test/target/test-dir/MiniOzoneClusterImpl-ff034f8e-8080-4075-bf38-01537132cba4/datanode-1/data/ratis] (custom)
2023-08-28 09:33:42,697 [5e45d05c-e098-4a5b-a019-6f8f93701f04-groupManagement] INFO  server.RaftServerConfigKeys (ConfUtils.java:logGet(46)) - raft.server.log.corruption.policy = EXCEPTION (default)
2023-08-28 09:33:42,697 [5e45d05c-e098-4a5b-a019-6f8f93701f04-groupManagement] INFO  server.RaftServerConfigKeys (ConfUtils.java:logGet(46)) - raft.server.storage.free-space.min = 0MB (=0) (default)
2023-08-28 09:33:42,697 [5e45d05c-e098-4a5b-a019-6f8f93701f04-groupManagement] INFO  server.RaftServerConfigKeys (ConfUtils.java:logGet(46)) - raft.server.notification.no-leader.timeout = 300s (custom)
2023-08-28 09:33:42,697 [5e45d05c-e098-4a5b-a019-6f8f93701f04-groupManagement] INFO  server.RaftServerConfigKeys (ConfUtils.java:logGet(46)) - raft.server.read.timeout = 10s (default)
2023-08-28 09:33:42,697 [5e45d05c-e098-4a5b-a019-6f8f93701f04-groupManagement] INFO  server.RaftServerConfigKeys (ConfUtils.java:logGet(46)) - raft.server.retrycache.expirytime = 600000ms (custom)
2023-08-28 09:33:42,697 [5e45d05c-e098-4a5b-a019-6f8f93701f04-groupManagement] INFO  server.RaftServerConfigKeys (ConfUtils.java:logGet(46)) - raft.server.retrycache.statistics.expirytime = 100μs (default)
2023-08-28 09:33:42,697 [5e45d05c-e098-4a5b-a019-6f8f93701f04-groupManagement] INFO  server.RaftServerConfigKeys (ConfUtils.java:logGet(46)) - raft.server.read.option = DEFAULT (default)
2023-08-28 09:33:42,698 [5e45d05c-e098-4a5b-a019-6f8f93701f04-groupManagement] INFO  server.RaftServerConfigKeys (ConfUtils.java:logGet(46)) - raft.server.rpc.request.timeout = 60s (custom)
2023-08-28 09:33:42,698 [5e45d05c-e098-4a5b-a019-6f8f93701f04-groupManagement] INFO  server.RaftServerConfigKeys (ConfUtils.java:logGet(46)) - raft.server.log.appender.install.snapshot.enabled = false (custom)
2023-08-28 09:33:42,698 [5e45d05c-e098-4a5b-a019-6f8f93701f04-groupManagement] INFO  server.RaftServerConfigKeys (ConfUtils.java:logGet(46)) - raft.server.threadpool.server.cached = true (default)
2023-08-28 09:33:42,698 [5e45d05c-e098-4a5b-a019-6f8f93701f04-groupManagement] INFO  server.RaftServerConfigKeys (ConfUtils.java:logGet(46)) - raft.server.threadpool.server.size = 0 (default)
2023-08-28 09:33:42,698 [5e45d05c-e098-4a5b-a019-6f8f93701f04-groupManagement] INFO  server.RaftServerConfigKeys (ConfUtils.java:logGet(46)) - raft.server.threadpool.client.cached = true (default)
2023-08-28 09:33:42,698 [5e45d05c-e098-4a5b-a019-6f8f93701f04-groupManagement] INFO  server.RaftServerConfigKeys (ConfUtils.java:logGet(46)) - raft.server.threadpool.client.size = 0 (default)
2023-08-28 09:33:42,698 [5e45d05c-e098-4a5b-a019-6f8f93701f04-groupManagement] INFO  storage.RaftStorageDirectory (RaftStorageDirectoryImpl.java:analyzeStorage(137)) - The storage directory /home/runner/work/ozone/ozone/hadoop-ozone/integration-test/target/test-dir/MiniOzoneClusterImpl-ff034f8e-8080-4075-bf38-01537132cba4/datanode-1/data/ratis/80e183fb-8bd2-4fe8-8055-1dff6731f38d does not exist. Creating ...
2023-08-28 09:33:42,699 [5e45d05c-e098-4a5b-a019-6f8f93701f04-groupManagement] INFO  storage.RaftStorageDirectory (RaftStorageDirectoryImpl.java:tryLock(231)) - Lock on /home/runner/work/ozone/ozone/hadoop-ozone/integration-test/target/test-dir/MiniOzoneClusterImpl-ff034f8e-8080-4075-bf38-01537132cba4/datanode-1/data/ratis/80e183fb-8bd2-4fe8-8055-1dff6731f38d/in_use.lock acquired by nodename 61172@fv-az625-77
2023-08-28 09:33:42,700 [5e45d05c-e098-4a5b-a019-6f8f93701f04-groupManagement] INFO  storage.RaftStorage (RaftStorageImpl.java:format(96)) - Storage directory /home/runner/work/ozone/ozone/hadoop-ozone/integration-test/target/test-dir/MiniOzoneClusterImpl-ff034f8e-8080-4075-bf38-01537132cba4/datanode-1/data/ratis/80e183fb-8bd2-4fe8-8055-1dff6731f38d has been successfully formatted.
2023-08-28 09:33:42,702 [5e45d05c-e098-4a5b-a019-6f8f93701f04-groupManagement] INFO  ratis.ContainerStateMachine (ContainerStateMachine.java:loadSnapshot(262)) - group-1DFF6731F38D: The snapshot info is null. Setting the last applied indexto:(t:0, i:~)
2023-08-28 09:33:42,702 [5e45d05c-e098-4a5b-a019-6f8f93701f04-groupManagement] INFO  server.RaftServerConfigKeys (ConfUtils.java:logGet(46)) - raft.server.log.use.memory = false (default)
2023-08-28 09:33:42,702 [5e45d05c-e098-4a5b-a019-6f8f93701f04-groupManagement] INFO  server.RaftServerConfigKeys (ConfUtils.java:logGet(46)) - raft.server.log.purge.gap = 1000000 (custom)
2023-08-28 09:33:42,702 [5e45d05c-e098-4a5b-a019-6f8f93701f04-groupManagement] INFO  server.RaftServerConfigKeys (ConfUtils.java:logGet(46)) - raft.server.log.appender.buffer.byte-limit = 33554432 (custom)
2023-08-28 09:33:42,703 [5e45d05c-e098-4a5b-a019-6f8f93701f04-groupManagement] INFO  server.RaftServerConfigKeys (ConfUtils.java:logGet(46)) - raft.server.log.statemachine.data.read.timeout = 1000ms (default)
2023-08-28 09:33:42,703 [5e45d05c-e098-4a5b-a019-6f8f93701f04-groupManagement] INFO  server.RaftServerConfigKeys (ConfUtils.java:logGet(46)) - raft.server.log.purge.preservation.log.num = 0 (default)
2023-08-28 09:33:42,703 [5e45d05c-e098-4a5b-a019-6f8f93701f04-groupManagement] INFO  server.RaftServerConfigKeys (ConfUtils.java:logGet(46)) - raft.server.log.segment.size.max = 1048576 (custom)
2023-08-28 09:33:42,703 [5e45d05c-e098-4a5b-a019-6f8f93701f04-groupManagement] INFO  server.RaftServerConfigKeys (ConfUtils.java:logGet(46)) - raft.server.log.segment.cache.num.max = 2 (custom)
2023-08-28 09:33:42,703 [5e45d05c-e098-4a5b-a019-6f8f93701f04-groupManagement] INFO  server.RaftServerConfigKeys (ConfUtils.java:logGet(46)) - raft.server.log.segment.cache.size.max = 200MB (=209715200) (default)
2023-08-28 09:33:42,703 [5e45d05c-e098-4a5b-a019-6f8f93701f04-groupManagement] INFO  server.RaftServerConfigKeys (ConfUtils.java:logGet(46)) - raft.server.log.appender.buffer.byte-limit = 33554432 (custom)
2023-08-28 09:33:42,703 [5e45d05c-e098-4a5b-a019-6f8f93701f04-groupManagement] INFO  segmented.SegmentedRaftLogWorker (SegmentedRaftLogWorker.java:<init>(188)) - new 5e45d05c-e098-4a5b-a019-6f8f93701f04@group-1DFF6731F38D-SegmentedRaftLogWorker for RaftStorageImpl:Storage Directory /home/runner/work/ozone/ozone/hadoop-ozone/integration-test/target/test-dir/MiniOzoneClusterImpl-ff034f8e-8080-4075-bf38-01537132cba4/datanode-1/data/ratis/80e183fb-8bd2-4fe8-8055-1dff6731f38d
2023-08-28 09:33:42,703 [5e45d05c-e098-4a5b-a019-6f8f93701f04-groupManagement] INFO  server.RaftServerConfigKeys (ConfUtils.java:logGet(46)) - raft.server.log.queue.byte-limit = 4294967296 (custom)
2023-08-28 09:33:42,703 [5e45d05c-e098-4a5b-a019-6f8f93701f04-groupManagement] INFO  server.RaftServerConfigKeys (ConfUtils.java:logGet(46)) - raft.server.log.queue.element-limit = 1024 (custom)
2023-08-28 09:33:42,703 [5e45d05c-e098-4a5b-a019-6f8f93701f04-groupManagement] INFO  server.RaftServerConfigKeys (ConfUtils.java:logGet(46)) - raft.server.log.segment.size.max = 1048576 (custom)
2023-08-28 09:33:42,703 [5e45d05c-e098-4a5b-a019-6f8f93701f04-groupManagement] INFO  server.RaftServerConfigKeys (ConfUtils.java:logGet(46)) - raft.server.log.preallocated.size = 16384 (custom)
2023-08-28 09:33:42,703 [5e45d05c-e098-4a5b-a019-6f8f93701f04-groupManagement] INFO  server.RaftServerConfigKeys (ConfUtils.java:logGet(46)) - raft.server.log.force.sync.num = 128 (default)
2023-08-28 09:33:42,703 [5e45d05c-e098-4a5b-a019-6f8f93701f04-groupManagement] INFO  server.RaftServerConfigKeys (ConfUtils.java:logGet(46)) - raft.server.log.statemachine.data.sync = true (default)
2023-08-28 09:33:42,703 [5e45d05c-e098-4a5b-a019-6f8f93701f04-groupManagement] INFO  server.RaftServerConfigKeys (ConfUtils.java:logGet(46)) - raft.server.log.statemachine.data.sync.timeout = 10s (default)
2023-08-28 09:33:42,703 [5e45d05c-e098-4a5b-a019-6f8f93701f04-groupManagement] INFO  server.RaftServerConfigKeys (ConfUtils.java:logGet(46)) - raft.server.log.statemachine.data.sync.timeout.retry = -1 (default)
2023-08-28 09:33:42,704 [5e45d05c-e098-4a5b-a019-6f8f93701f04-groupManagement] INFO  server.RaftServerConfigKeys (ConfUtils.java:logGet(46)) - raft.server.log.write.buffer.size = 1048576 (custom)
2023-08-28 09:33:42,704 [5e45d05c-e098-4a5b-a019-6f8f93701f04-groupManagement] INFO  server.RaftServerConfigKeys (ConfUtils.java:logGet(46)) - raft.server.log.appender.buffer.byte-limit = 33554432 (custom)
2023-08-28 09:33:42,709 [5e45d05c-e098-4a5b-a019-6f8f93701f04-groupManagement] INFO  server.RaftServerConfigKeys (ConfUtils.java:logGet(46)) - raft.server.log.unsafe-flush.enabled = false (default)
2023-08-28 09:33:42,709 [5e45d05c-e098-4a5b-a019-6f8f93701f04-groupManagement] INFO  server.RaftServerConfigKeys (ConfUtils.java:logGet(46)) - raft.server.log.async-flush.enabled = false (default)
2023-08-28 09:33:42,709 [5e45d05c-e098-4a5b-a019-6f8f93701f04-groupManagement] INFO  server.RaftServerConfigKeys (ConfUtils.java:logGet(46)) - raft.server.log.statemachine.data.caching.enabled = true (custom)
2023-08-28 09:33:42,709 [5e45d05c-e098-4a5b-a019-6f8f93701f04-groupManagement] INFO  segmented.SegmentedRaftLogWorker (SegmentedRaftLogWorker.java:lambda$new$0(135)) - 5e45d05c-e098-4a5b-a019-6f8f93701f04@group-1DFF6731F38D-SegmentedRaftLogWorker: flushIndex: setUnconditionally 0 -> -1
2023-08-28 09:33:42,710 [5e45d05c-e098-4a5b-a019-6f8f93701f04-groupManagement] INFO  segmented.SegmentedRaftLogWorker (SegmentedRaftLogWorker.java:lambda$new$0(135)) - 5e45d05c-e098-4a5b-a019-6f8f93701f04@group-1DFF6731F38D-SegmentedRaftLogWorker: safeCacheEvictIndex: setUnconditionally 0 -> -1
2023-08-28 09:33:42,710 [5e45d05c-e098-4a5b-a019-6f8f93701f04-groupManagement] INFO  server.RaftServer$Division (RaftServerImpl.java:start(342)) - 5e45d05c-e098-4a5b-a019-6f8f93701f04@group-1DFF6731F38D: start as a follower, conf=-1: peers:[80fac8df-d086-4186-9807-ed58a74d6c90|rpc:10.1.0.27:15120|admin:10.1.0.27:15119|client:10.1.0.27:15118|dataStream:10.1.0.27:15121|priority:0|startupRole:FOLLOWER, 5e45d05c-e098-4a5b-a019-6f8f93701f04|rpc:10.1.0.27:15129|admin:10.1.0.27:15128|client:10.1.0.27:15127|dataStream:10.1.0.27:15130|priority:0|startupRole:FOLLOWER, cd0f2c76-867f-4adb-98b4-ea19f4e614c4|rpc:10.1.0.27:15138|admin:10.1.0.27:15137|client:10.1.0.27:15136|dataStream:10.1.0.27:15139|priority:1|startupRole:FOLLOWER]|listeners:[], old=null
2023-08-28 09:33:42,710 [5e45d05c-e098-4a5b-a019-6f8f93701f04-groupManagement] INFO  server.RaftServer$Division (RaftServerImpl.java:setRole(329)) - 5e45d05c-e098-4a5b-a019-6f8f93701f04@group-1DFF6731F38D: changes role from      null to FOLLOWER at term 0 for startAsFollower
2023-08-28 09:33:42,710 [5e45d05c-e098-4a5b-a019-6f8f93701f04-groupManagement] INFO  impl.RoleInfo (RoleInfo.java:updateAndGet(139)) - 5e45d05c-e098-4a5b-a019-6f8f93701f04: start 5e45d05c-e098-4a5b-a019-6f8f93701f04@group-1DFF6731F38D-FollowerState
2023-08-28 09:33:42,712 [5e45d05c-e098-4a5b-a019-6f8f93701f04-groupManagement] INFO  util.JmxRegister (JmxRegister.java:tryRegister(44)) - Successfully registered JMX Bean with object name Ratis:service=RaftServer,group=group-1DFF6731F38D,id=5e45d05c-e098-4a5b-a019-6f8f93701f04
2023-08-28 09:33:42,712 [5e45d05c-e098-4a5b-a019-6f8f93701f04-groupManagement] INFO  server.RaftServerConfigKeys (ConfUtils.java:logGet(46)) - raft.server.snapshot.auto.trigger.enabled = true (custom)
2023-08-28 09:33:42,712 [5e45d05c-e098-4a5b-a019-6f8f93701f04-groupManagement] INFO  server.RaftServerConfigKeys (ConfUtils.java:logGet(46)) - raft.server.snapshot.auto.trigger.threshold = 10000 (custom)
2023-08-28 09:33:42,712 [5e45d05c-e098-4a5b-a019-6f8f93701f04-groupManagement] INFO  server.RaftServerConfigKeys (ConfUtils.java:logGet(46)) - raft.server.snapshot.retention.file.num = 5 (custom)
2023-08-28 09:33:42,712 [5e45d05c-e098-4a5b-a019-6f8f93701f04-groupManagement] INFO  server.RaftServerConfigKeys (ConfUtils.java:logGet(46)) - raft.server.log.purge.upto.snapshot.index = false (default)
2023-08-28 09:33:42,713 [5e45d05c-e098-4a5b-a019-6f8f93701f04@group-1DFF6731F38D-FollowerState] INFO  server.RaftServerConfigKeys (ConfUtils.java:logFallback(53)) - raft.server.rpc.first-election.timeout.min = 5s (fallback to raft.server.rpc.timeout.min)
2023-08-28 09:33:42,713 [5e45d05c-e098-4a5b-a019-6f8f93701f04@group-1DFF6731F38D-FollowerState] INFO  server.RaftServerConfigKeys (ConfUtils.java:logFallback(53)) - raft.server.rpc.first-election.timeout.max = 5200ms (fallback to raft.server.rpc.timeout.max)
2023-08-28 09:33:42,745 [grpc-default-executor-0] INFO  server.RaftServer (RaftServerProxy.java:addNew(98)) - cd0f2c76-867f-4adb-98b4-ea19f4e614c4: addNew group-1DFF6731F38D:[80fac8df-d086-4186-9807-ed58a74d6c90|rpc:10.1.0.27:15120|admin:10.1.0.27:15119|client:10.1.0.27:15118|dataStream:10.1.0.27:15121|priority:0|startupRole:FOLLOWER, 5e45d05c-e098-4a5b-a019-6f8f93701f04|rpc:10.1.0.27:15129|admin:10.1.0.27:15128|client:10.1.0.27:15127|dataStream:10.1.0.27:15130|priority:0|startupRole:FOLLOWER, cd0f2c76-867f-4adb-98b4-ea19f4e614c4|rpc:10.1.0.27:15138|admin:10.1.0.27:15137|client:10.1.0.27:15136|dataStream:10.1.0.27:15139|priority:1|startupRole:FOLLOWER] returns group-1DFF6731F38D:java.util.concurrent.CompletableFuture@410eff3e[Not completed]
2023-08-28 09:33:42,746 [cd0f2c76-867f-4adb-98b4-ea19f4e614c4-groupManagement] INFO  server.RaftServer$Division (RaftServerImpl.java:<init>(198)) - cd0f2c76-867f-4adb-98b4-ea19f4e614c4: new RaftServerImpl for group-1DFF6731F38D:[80fac8df-d086-4186-9807-ed58a74d6c90|rpc:10.1.0.27:15120|admin:10.1.0.27:15119|client:10.1.0.27:15118|dataStream:10.1.0.27:15121|priority:0|startupRole:FOLLOWER, 5e45d05c-e098-4a5b-a019-6f8f93701f04|rpc:10.1.0.27:15129|admin:10.1.0.27:15128|client:10.1.0.27:15127|dataStream:10.1.0.27:15130|priority:0|startupRole:FOLLOWER, cd0f2c76-867f-4adb-98b4-ea19f4e614c4|rpc:10.1.0.27:15138|admin:10.1.0.27:15137|client:10.1.0.27:15136|dataStream:10.1.0.27:15139|priority:1|startupRole:FOLLOWER] with ContainerStateMachine:uninitialized
2023-08-28 09:33:42,746 [cd0f2c76-867f-4adb-98b4-ea19f4e614c4-groupManagement] INFO  server.RaftServerConfigKeys (ConfUtils.java:logGet(46)) - raft.server.rpc.timeout.min = 5s (custom)
2023-08-28 09:33:42,746 [cd0f2c76-867f-4adb-98b4-ea19f4e614c4-groupManagement] INFO  server.RaftServerConfigKeys (ConfUtils.java:logGet(46)) - raft.server.rpc.timeout.max = 5200ms (custom)
2023-08-28 09:33:42,746 [cd0f2c76-867f-4adb-98b4-ea19f4e614c4-groupManagement] INFO  server.RaftServerConfigKeys (ConfUtils.java:logGet(46)) - raft.server.rpc.sleep.time = 25ms (default)
2023-08-28 09:33:42,746 [cd0f2c76-867f-4adb-98b4-ea19f4e614c4-groupManagement] INFO  server.RaftServerConfigKeys (ConfUtils.java:logGet(46)) - raft.server.rpc.slowness.timeout = 300s (custom)
2023-08-28 09:33:42,746 [cd0f2c76-867f-4adb-98b4-ea19f4e614c4-groupManagement] INFO  server.RaftServerConfigKeys (ConfUtils.java:logGet(46)) - raft.server.leaderelection.leader.step-down.wait-time = 10s (default)
2023-08-28 09:33:42,746 [cd0f2c76-867f-4adb-98b4-ea19f4e614c4-groupManagement] INFO  server.RaftServerConfigKeys (ConfUtils.java:logGet(46)) - raft.server.sleep.deviation.threshold = 300ms (default)
2023-08-28 09:33:42,747 [cd0f2c76-867f-4adb-98b4-ea19f4e614c4-groupManagement] INFO  server.RaftServer$Division (ServerState.java:<init>(120)) - cd0f2c76-867f-4adb-98b4-ea19f4e614c4@group-1DFF6731F38D: ConfigurationManager, init=-1: peers:[80fac8df-d086-4186-9807-ed58a74d6c90|rpc:10.1.0.27:15120|admin:10.1.0.27:15119|client:10.1.0.27:15118|dataStream:10.1.0.27:15121|priority:0|startupRole:FOLLOWER, 5e45d05c-e098-4a5b-a019-6f8f93701f04|rpc:10.1.0.27:15129|admin:10.1.0.27:15128|client:10.1.0.27:15127|dataStream:10.1.0.27:15130|priority:0|startupRole:FOLLOWER, cd0f2c76-867f-4adb-98b4-ea19f4e614c4|rpc:10.1.0.27:15138|admin:10.1.0.27:15137|client:10.1.0.27:15136|dataStream:10.1.0.27:15139|priority:1|startupRole:FOLLOWER]|listeners:[], old=null, confs=<EMPTY_MAP>
2023-08-28 09:33:42,747 [cd0f2c76-867f-4adb-98b4-ea19f4e614c4-groupManagement] INFO  server.RaftServerConfigKeys (ConfUtils.java:logGet(46)) - raft.server.storage.dir = [/home/runner/work/ozone/ozone/hadoop-ozone/integration-test/target/test-dir/MiniOzoneClusterImpl-ff034f8e-8080-4075-bf38-01537132cba4/datanode-2/data/ratis] (custom)
2023-08-28 09:33:42,747 [cd0f2c76-867f-4adb-98b4-ea19f4e614c4-groupManagement] INFO  server.RaftServerConfigKeys (ConfUtils.java:logGet(46)) - raft.server.log.corruption.policy = EXCEPTION (default)
2023-08-28 09:33:42,747 [cd0f2c76-867f-4adb-98b4-ea19f4e614c4-groupManagement] INFO  server.RaftServerConfigKeys (ConfUtils.java:logGet(46)) - raft.server.storage.free-space.min = 0MB (=0) (default)
2023-08-28 09:33:42,747 [cd0f2c76-867f-4adb-98b4-ea19f4e614c4-groupManagement] INFO  server.RaftServerConfigKeys (ConfUtils.java:logGet(46)) - raft.server.notification.no-leader.timeout = 300s (custom)
2023-08-28 09:33:42,747 [cd0f2c76-867f-4adb-98b4-ea19f4e614c4-groupManagement] INFO  server.RaftServerConfigKeys (ConfUtils.java:logGet(46)) - raft.server.read.timeout = 10s (default)
2023-08-28 09:33:42,747 [cd0f2c76-867f-4adb-98b4-ea19f4e614c4-groupManagement] INFO  server.RaftServerConfigKeys (ConfUtils.java:logGet(46)) - raft.server.retrycache.expirytime = 600000ms (custom)
2023-08-28 09:33:42,747 [cd0f2c76-867f-4adb-98b4-ea19f4e614c4-groupManagement] INFO  server.RaftServerConfigKeys (ConfUtils.java:logGet(46)) - raft.server.retrycache.statistics.expirytime = 100μs (default)
2023-08-28 09:33:42,748 [cd0f2c76-867f-4adb-98b4-ea19f4e614c4-groupManagement] INFO  server.RaftServerConfigKeys (ConfUtils.java:logGet(46)) - raft.server.read.option = DEFAULT (default)
2023-08-28 09:33:42,748 [cd0f2c76-867f-4adb-98b4-ea19f4e614c4-groupManagement] INFO  server.RaftServerConfigKeys (ConfUtils.java:logGet(46)) - raft.server.rpc.request.timeout = 60s (custom)
2023-08-28 09:33:42,748 [cd0f2c76-867f-4adb-98b4-ea19f4e614c4-groupManagement] INFO  server.RaftServerConfigKeys (ConfUtils.java:logGet(46)) - raft.server.log.appender.install.snapshot.enabled = false (custom)
2023-08-28 09:33:42,748 [cd0f2c76-867f-4adb-98b4-ea19f4e614c4-groupManagement] INFO  server.RaftServerConfigKeys (ConfUtils.java:logGet(46)) - raft.server.threadpool.server.cached = true (default)
2023-08-28 09:33:42,748 [cd0f2c76-867f-4adb-98b4-ea19f4e614c4-groupManagement] INFO  server.RaftServerConfigKeys (ConfUtils.java:logGet(46)) - raft.server.threadpool.server.size = 0 (default)
2023-08-28 09:33:42,748 [cd0f2c76-867f-4adb-98b4-ea19f4e614c4-groupManagement] INFO  server.RaftServerConfigKeys (ConfUtils.java:logGet(46)) - raft.server.threadpool.client.cached = true (default)
2023-08-28 09:33:42,748 [cd0f2c76-867f-4adb-98b4-ea19f4e614c4-groupManagement] INFO  server.RaftServerConfigKeys (ConfUtils.java:logGet(46)) - raft.server.threadpool.client.size = 0 (default)
2023-08-28 09:33:42,749 [cd0f2c76-867f-4adb-98b4-ea19f4e614c4-groupManagement] INFO  storage.RaftStorageDirectory (RaftStorageDirectoryImpl.java:analyzeStorage(137)) - The storage directory /home/runner/work/ozone/ozone/hadoop-ozone/integration-test/target/test-dir/MiniOzoneClusterImpl-ff034f8e-8080-4075-bf38-01537132cba4/datanode-2/data/ratis/80e183fb-8bd2-4fe8-8055-1dff6731f38d does not exist. Creating ...
2023-08-28 09:33:42,750 [cd0f2c76-867f-4adb-98b4-ea19f4e614c4-groupManagement] INFO  storage.RaftStorageDirectory (RaftStorageDirectoryImpl.java:tryLock(231)) - Lock on /home/runner/work/ozone/ozone/hadoop-ozone/integration-test/target/test-dir/MiniOzoneClusterImpl-ff034f8e-8080-4075-bf38-01537132cba4/datanode-2/data/ratis/80e183fb-8bd2-4fe8-8055-1dff6731f38d/in_use.lock acquired by nodename 61172@fv-az625-77
2023-08-28 09:33:42,751 [cd0f2c76-867f-4adb-98b4-ea19f4e614c4-groupManagement] INFO  storage.RaftStorage (RaftStorageImpl.java:format(96)) - Storage directory /home/runner/work/ozone/ozone/hadoop-ozone/integration-test/target/test-dir/MiniOzoneClusterImpl-ff034f8e-8080-4075-bf38-01537132cba4/datanode-2/data/ratis/80e183fb-8bd2-4fe8-8055-1dff6731f38d has been successfully formatted.
2023-08-28 09:33:42,753 [cd0f2c76-867f-4adb-98b4-ea19f4e614c4-groupManagement] INFO  ratis.ContainerStateMachine (ContainerStateMachine.java:loadSnapshot(262)) - group-1DFF6731F38D: The snapshot info is null. Setting the last applied indexto:(t:0, i:~)
2023-08-28 09:33:42,753 [cd0f2c76-867f-4adb-98b4-ea19f4e614c4-groupManagement] INFO  server.RaftServerConfigKeys (ConfUtils.java:logGet(46)) - raft.server.log.use.memory = false (default)
2023-08-28 09:33:42,753 [cd0f2c76-867f-4adb-98b4-ea19f4e614c4-groupManagement] INFO  server.RaftServerConfigKeys (ConfUtils.java:logGet(46)) - raft.server.log.purge.gap = 1000000 (custom)
2023-08-28 09:33:42,753 [cd0f2c76-867f-4adb-98b4-ea19f4e614c4-groupManagement] INFO  server.RaftServerConfigKeys (ConfUtils.java:logGet(46)) - raft.server.log.appender.buffer.byte-limit = 33554432 (custom)
2023-08-28 09:33:42,753 [cd0f2c76-867f-4adb-98b4-ea19f4e614c4-groupManagement] INFO  server.RaftServerConfigKeys (ConfUtils.java:logGet(46)) - raft.server.log.statemachine.data.read.timeout = 1000ms (default)
2023-08-28 09:33:42,753 [cd0f2c76-867f-4adb-98b4-ea19f4e614c4-groupManagement] INFO  server.RaftServerConfigKeys (ConfUtils.java:logGet(46)) - raft.server.log.purge.preservation.log.num = 0 (default)
2023-08-28 09:33:42,753 [cd0f2c76-867f-4adb-98b4-ea19f4e614c4-groupManagement] INFO  server.RaftServerConfigKeys (ConfUtils.java:logGet(46)) - raft.server.log.segment.size.max = 1048576 (custom)
2023-08-28 09:33:42,754 [cd0f2c76-867f-4adb-98b4-ea19f4e614c4-groupManagement] INFO  server.RaftServerConfigKeys (ConfUtils.java:logGet(46)) - raft.server.log.segment.cache.num.max = 2 (custom)
2023-08-28 09:33:42,754 [cd0f2c76-867f-4adb-98b4-ea19f4e614c4-groupManagement] INFO  server.RaftServerConfigKeys (ConfUtils.java:logGet(46)) - raft.server.log.segment.cache.size.max = 200MB (=209715200) (default)
2023-08-28 09:33:42,754 [cd0f2c76-867f-4adb-98b4-ea19f4e614c4-groupManagement] INFO  server.RaftServerConfigKeys (ConfUtils.java:logGet(46)) - raft.server.log.appender.buffer.byte-limit = 33554432 (custom)
2023-08-28 09:33:42,754 [cd0f2c76-867f-4adb-98b4-ea19f4e614c4-groupManagement] INFO  segmented.SegmentedRaftLogWorker (SegmentedRaftLogWorker.java:<init>(188)) - new cd0f2c76-867f-4adb-98b4-ea19f4e614c4@group-1DFF6731F38D-SegmentedRaftLogWorker for RaftStorageImpl:Storage Directory /home/runner/work/ozone/ozone/hadoop-ozone/integration-test/target/test-dir/MiniOzoneClusterImpl-ff034f8e-8080-4075-bf38-01537132cba4/datanode-2/data/ratis/80e183fb-8bd2-4fe8-8055-1dff6731f38d
2023-08-28 09:33:42,756 [cd0f2c76-867f-4adb-98b4-ea19f4e614c4-groupManagement] INFO  server.RaftServerConfigKeys (ConfUtils.java:logGet(46)) - raft.server.log.queue.byte-limit = 4294967296 (custom)
2023-08-28 09:33:42,756 [cd0f2c76-867f-4adb-98b4-ea19f4e614c4-groupManagement] INFO  server.RaftServerConfigKeys (ConfUtils.java:logGet(46)) - raft.server.log.queue.element-limit = 1024 (custom)
2023-08-28 09:33:42,756 [cd0f2c76-867f-4adb-98b4-ea19f4e614c4-groupManagement] INFO  server.RaftServerConfigKeys (ConfUtils.java:logGet(46)) - raft.server.log.segment.size.max = 1048576 (custom)
2023-08-28 09:33:42,756 [cd0f2c76-867f-4adb-98b4-ea19f4e614c4-groupManagement] INFO  server.RaftServerConfigKeys (ConfUtils.java:logGet(46)) - raft.server.log.preallocated.size = 16384 (custom)
2023-08-28 09:33:42,756 [cd0f2c76-867f-4adb-98b4-ea19f4e614c4-groupManagement] INFO  server.RaftServerConfigKeys (ConfUtils.java:logGet(46)) - raft.server.log.force.sync.num = 128 (default)
2023-08-28 09:33:42,756 [cd0f2c76-867f-4adb-98b4-ea19f4e614c4-groupManagement] INFO  server.RaftServerConfigKeys (ConfUtils.java:logGet(46)) - raft.server.log.statemachine.data.sync = true (default)
2023-08-28 09:33:42,756 [cd0f2c76-867f-4adb-98b4-ea19f4e614c4-groupManagement] INFO  server.RaftServerConfigKeys (ConfUtils.java:logGet(46)) - raft.server.log.statemachine.data.sync.timeout = 10s (default)
2023-08-28 09:33:42,756 [cd0f2c76-867f-4adb-98b4-ea19f4e614c4-groupManagement] INFO  server.RaftServerConfigKeys (ConfUtils.java:logGet(46)) - raft.server.log.statemachine.data.sync.timeout.retry = -1 (default)
2023-08-28 09:33:42,757 [cd0f2c76-867f-4adb-98b4-ea19f4e614c4-groupManagement] INFO  server.RaftServerConfigKeys (ConfUtils.java:logGet(46)) - raft.server.log.write.buffer.size = 1048576 (custom)
2023-08-28 09:33:42,757 [cd0f2c76-867f-4adb-98b4-ea19f4e614c4-groupManagement] INFO  server.RaftServerConfigKeys (ConfUtils.java:logGet(46)) - raft.server.log.appender.buffer.byte-limit = 33554432 (custom)
2023-08-28 09:33:42,865 [main] INFO  ozone.MiniOzoneClusterImpl (MiniOzoneClusterImpl.java:lambda$waitForClusterToBeReady$0(224)) - Nodes are ready. Got 5 of 5 DN Heartbeats.
2023-08-28 09:33:42,866 [main] INFO  ozone.MiniOzoneClusterImpl (MiniOzoneClusterImpl.java:lambda$waitForClusterToBeReady$0(227)) - Waiting for cluster to exit safe mode
2023-08-28 09:33:42,866 [main] INFO  ozone.MiniOzoneClusterImpl (MiniOzoneClusterImpl.java:lambda$waitForClusterToBeReady$0(229)) - SCM became leader
2023-08-28 09:33:42,868 [cd0f2c76-867f-4adb-98b4-ea19f4e614c4-groupManagement] INFO  server.RaftServerConfigKeys (ConfUtils.java:logGet(46)) - raft.server.log.unsafe-flush.enabled = false (default)
2023-08-28 09:33:42,868 [cd0f2c76-867f-4adb-98b4-ea19f4e614c4-groupManagement] INFO  server.RaftServerConfigKeys (ConfUtils.java:logGet(46)) - raft.server.log.async-flush.enabled = false (default)
2023-08-28 09:33:42,868 [cd0f2c76-867f-4adb-98b4-ea19f4e614c4-groupManagement] INFO  server.RaftServerConfigKeys (ConfUtils.java:logGet(46)) - raft.server.log.statemachine.data.caching.enabled = true (custom)
2023-08-28 09:33:42,869 [cd0f2c76-867f-4adb-98b4-ea19f4e614c4-groupManagement] INFO  segmented.SegmentedRaftLogWorker (SegmentedRaftLogWorker.java:lambda$new$0(135)) - cd0f2c76-867f-4adb-98b4-ea19f4e614c4@group-1DFF6731F38D-SegmentedRaftLogWorker: flushIndex: setUnconditionally 0 -> -1
2023-08-28 09:33:42,869 [cd0f2c76-867f-4adb-98b4-ea19f4e614c4-groupManagement] INFO  segmented.SegmentedRaftLogWorker (SegmentedRaftLogWorker.java:lambda$new$0(135)) - cd0f2c76-867f-4adb-98b4-ea19f4e614c4@group-1DFF6731F38D-SegmentedRaftLogWorker: safeCacheEvictIndex: setUnconditionally 0 -> -1
2023-08-28 09:33:42,870 [cd0f2c76-867f-4adb-98b4-ea19f4e614c4-groupManagement] INFO  server.RaftServer$Division (RaftServerImpl.java:start(342)) - cd0f2c76-867f-4adb-98b4-ea19f4e614c4@group-1DFF6731F38D: start as a follower, conf=-1: peers:[80fac8df-d086-4186-9807-ed58a74d6c90|rpc:10.1.0.27:15120|admin:10.1.0.27:15119|client:10.1.0.27:15118|dataStream:10.1.0.27:15121|priority:0|startupRole:FOLLOWER, 5e45d05c-e098-4a5b-a019-6f8f93701f04|rpc:10.1.0.27:15129|admin:10.1.0.27:15128|client:10.1.0.27:15127|dataStream:10.1.0.27:15130|priority:0|startupRole:FOLLOWER, cd0f2c76-867f-4adb-98b4-ea19f4e614c4|rpc:10.1.0.27:15138|admin:10.1.0.27:15137|client:10.1.0.27:15136|dataStream:10.1.0.27:15139|priority:1|startupRole:FOLLOWER]|listeners:[], old=null
2023-08-28 09:33:42,870 [cd0f2c76-867f-4adb-98b4-ea19f4e614c4-groupManagement] INFO  server.RaftServer$Division (RaftServerImpl.java:setRole(329)) - cd0f2c76-867f-4adb-98b4-ea19f4e614c4@group-1DFF6731F38D: changes role from      null to FOLLOWER at term 0 for startAsFollower
2023-08-28 09:33:42,870 [cd0f2c76-867f-4adb-98b4-ea19f4e614c4-groupManagement] INFO  impl.RoleInfo (RoleInfo.java:updateAndGet(139)) - cd0f2c76-867f-4adb-98b4-ea19f4e614c4: start cd0f2c76-867f-4adb-98b4-ea19f4e614c4@group-1DFF6731F38D-FollowerState
2023-08-28 09:33:42,870 [cd0f2c76-867f-4adb-98b4-ea19f4e614c4-groupManagement] INFO  util.JmxRegister (JmxRegister.java:tryRegister(44)) - Successfully registered JMX Bean with object name Ratis:service=RaftServer,group=group-1DFF6731F38D,id=cd0f2c76-867f-4adb-98b4-ea19f4e614c4
2023-08-28 09:33:42,870 [cd0f2c76-867f-4adb-98b4-ea19f4e614c4-groupManagement] INFO  server.RaftServerConfigKeys (ConfUtils.java:logGet(46)) - raft.server.snapshot.auto.trigger.enabled = true (custom)
2023-08-28 09:33:42,870 [cd0f2c76-867f-4adb-98b4-ea19f4e614c4-groupManagement] INFO  server.RaftServerConfigKeys (ConfUtils.java:logGet(46)) - raft.server.snapshot.auto.trigger.threshold = 10000 (custom)
2023-08-28 09:33:42,870 [cd0f2c76-867f-4adb-98b4-ea19f4e614c4-groupManagement] INFO  server.RaftServerConfigKeys (ConfUtils.java:logGet(46)) - raft.server.snapshot.retention.file.num = 5 (custom)
2023-08-28 09:33:42,870 [cd0f2c76-867f-4adb-98b4-ea19f4e614c4-groupManagement] INFO  server.RaftServerConfigKeys (ConfUtils.java:logGet(46)) - raft.server.log.purge.upto.snapshot.index = false (default)
2023-08-28 09:33:42,872 [cd0f2c76-867f-4adb-98b4-ea19f4e614c4@group-1DFF6731F38D-FollowerState] INFO  server.RaftServerConfigKeys (ConfUtils.java:logFallback(53)) - raft.server.rpc.first-election.timeout.min = 5s (fallback to raft.server.rpc.timeout.min)
2023-08-28 09:33:42,872 [cd0f2c76-867f-4adb-98b4-ea19f4e614c4@group-1DFF6731F38D-FollowerState] INFO  server.RaftServerConfigKeys (ConfUtils.java:logFallback(53)) - raft.server.rpc.first-election.timeout.max = 5200ms (fallback to raft.server.rpc.timeout.max)
2023-08-28 09:33:42,896 [PipelineCommandHandlerThread-0] INFO  commandhandler.CreatePipelineCommandHandler (CreatePipelineCommandHandler.java:lambda$handle$2(124)) - Created Pipeline RATIS THREE PipelineID=80e183fb-8bd2-4fe8-8055-1dff6731f38d.
2023-08-28 09:33:42,896 [PipelineCommandHandlerThread-0] INFO  server.RaftServer (RaftServerProxy.java:addNew(98)) - 80fac8df-d086-4186-9807-ed58a74d6c90: addNew group-D67EC9FCB8AC:[80fac8df-d086-4186-9807-ed58a74d6c90|rpc:10.1.0.27:15120|admin:10.1.0.27:15119|client:10.1.0.27:15118|dataStream:10.1.0.27:15121|priority:1|startupRole:FOLLOWER, 5e45d05c-e098-4a5b-a019-6f8f93701f04|rpc:10.1.0.27:15129|admin:10.1.0.27:15128|client:10.1.0.27:15127|dataStream:10.1.0.27:15130|priority:0|startupRole:FOLLOWER, cd0f2c76-867f-4adb-98b4-ea19f4e614c4|rpc:10.1.0.27:15138|admin:10.1.0.27:15137|client:10.1.0.27:15136|dataStream:10.1.0.27:15139|priority:0|startupRole:FOLLOWER] returns group-D67EC9FCB8AC:java.util.concurrent.CompletableFuture@55f2ce45[Not completed]
2023-08-28 09:33:42,897 [80fac8df-d086-4186-9807-ed58a74d6c90-groupManagement] INFO  server.RaftServer$Division (RaftServerImpl.java:<init>(198)) - 80fac8df-d086-4186-9807-ed58a74d6c90: new RaftServerImpl for group-D67EC9FCB8AC:[80fac8df-d086-4186-9807-ed58a74d6c90|rpc:10.1.0.27:15120|admin:10.1.0.27:15119|client:10.1.0.27:15118|dataStream:10.1.0.27:15121|priority:1|startupRole:FOLLOWER, 5e45d05c-e098-4a5b-a019-6f8f93701f04|rpc:10.1.0.27:15129|admin:10.1.0.27:15128|client:10.1.0.27:15127|dataStream:10.1.0.27:15130|priority:0|startupRole:FOLLOWER, cd0f2c76-867f-4adb-98b4-ea19f4e614c4|rpc:10.1.0.27:15138|admin:10.1.0.27:15137|client:10.1.0.27:15136|dataStream:10.1.0.27:15139|priority:0|startupRole:FOLLOWER] with ContainerStateMachine:uninitialized
2023-08-28 09:33:42,897 [80fac8df-d086-4186-9807-ed58a74d6c90-groupManagement] INFO  server.RaftServerConfigKeys (ConfUtils.java:logGet(46)) - raft.server.rpc.timeout.min = 5s (custom)
2023-08-28 09:33:42,897 [80fac8df-d086-4186-9807-ed58a74d6c90-groupManagement] INFO  server.RaftServerConfigKeys (ConfUtils.java:logGet(46)) - raft.server.rpc.timeout.max = 5200ms (custom)
2023-08-28 09:33:42,897 [80fac8df-d086-4186-9807-ed58a74d6c90-groupManagement] INFO  server.RaftServerConfigKeys (ConfUtils.java:logGet(46)) - raft.server.rpc.sleep.time = 25ms (default)
2023-08-28 09:33:42,897 [80fac8df-d086-4186-9807-ed58a74d6c90-groupManagement] INFO  server.RaftServerConfigKeys (ConfUtils.java:logGet(46)) - raft.server.rpc.slowness.timeout = 300s (custom)
2023-08-28 09:33:42,897 [80fac8df-d086-4186-9807-ed58a74d6c90-groupManagement] INFO  server.RaftServerConfigKeys (ConfUtils.java:logGet(46)) - raft.server.leaderelection.leader.step-down.wait-time = 10s (default)
2023-08-28 09:33:42,897 [80fac8df-d086-4186-9807-ed58a74d6c90-groupManagement] INFO  server.RaftServerConfigKeys (ConfUtils.java:logGet(46)) - raft.server.sleep.deviation.threshold = 300ms (default)
2023-08-28 09:33:42,897 [80fac8df-d086-4186-9807-ed58a74d6c90-groupManagement] INFO  server.RaftServer$Division (ServerState.java:<init>(120)) - 80fac8df-d086-4186-9807-ed58a74d6c90@group-D67EC9FCB8AC: ConfigurationManager, init=-1: peers:[80fac8df-d086-4186-9807-ed58a74d6c90|rpc:10.1.0.27:15120|admin:10.1.0.27:15119|client:10.1.0.27:15118|dataStream:10.1.0.27:15121|priority:1|startupRole:FOLLOWER, 5e45d05c-e098-4a5b-a019-6f8f93701f04|rpc:10.1.0.27:15129|admin:10.1.0.27:15128|client:10.1.0.27:15127|dataStream:10.1.0.27:15130|priority:0|startupRole:FOLLOWER, cd0f2c76-867f-4adb-98b4-ea19f4e614c4|rpc:10.1.0.27:15138|admin:10.1.0.27:15137|client:10.1.0.27:15136|dataStream:10.1.0.27:15139|priority:0|startupRole:FOLLOWER]|listeners:[], old=null, confs=<EMPTY_MAP>
2023-08-28 09:33:42,897 [80fac8df-d086-4186-9807-ed58a74d6c90-groupManagement] INFO  server.RaftServerConfigKeys (ConfUtils.java:logGet(46)) - raft.server.storage.dir = [/home/runner/work/ozone/ozone/hadoop-ozone/integration-test/target/test-dir/MiniOzoneClusterImpl-ff034f8e-8080-4075-bf38-01537132cba4/datanode-0/data/ratis] (custom)
2023-08-28 09:33:42,897 [80fac8df-d086-4186-9807-ed58a74d6c90-groupManagement] INFO  server.RaftServerConfigKeys (ConfUtils.java:logGet(46)) - raft.server.log.corruption.policy = EXCEPTION (default)
2023-08-28 09:33:42,897 [80fac8df-d086-4186-9807-ed58a74d6c90-groupManagement] INFO  server.RaftServerConfigKeys (ConfUtils.java:logGet(46)) - raft.server.storage.free-space.min = 0MB (=0) (default)
2023-08-28 09:33:42,897 [80fac8df-d086-4186-9807-ed58a74d6c90-groupManagement] INFO  server.RaftServerConfigKeys (ConfUtils.java:logGet(46)) - raft.server.notification.no-leader.timeout = 300s (custom)
2023-08-28 09:33:42,897 [80fac8df-d086-4186-9807-ed58a74d6c90-groupManagement] INFO  server.RaftServerConfigKeys (ConfUtils.java:logGet(46)) - raft.server.read.timeout = 10s (default)
2023-08-28 09:33:42,897 [80fac8df-d086-4186-9807-ed58a74d6c90-groupManagement] INFO  server.RaftServerConfigKeys (ConfUtils.java:logGet(46)) - raft.server.retrycache.expirytime = 600000ms (custom)
2023-08-28 09:33:42,898 [80fac8df-d086-4186-9807-ed58a74d6c90-groupManagement] INFO  server.RaftServerConfigKeys (ConfUtils.java:logGet(46)) - raft.server.retrycache.statistics.expirytime = 100μs (default)
2023-08-28 09:33:42,898 [80fac8df-d086-4186-9807-ed58a74d6c90-groupManagement] INFO  server.RaftServerConfigKeys (ConfUtils.java:logGet(46)) - raft.server.read.option = DEFAULT (default)
2023-08-28 09:33:42,898 [80fac8df-d086-4186-9807-ed58a74d6c90-groupManagement] INFO  server.RaftServerConfigKeys (ConfUtils.java:logGet(46)) - raft.server.rpc.request.timeout = 60s (custom)
2023-08-28 09:33:42,898 [80fac8df-d086-4186-9807-ed58a74d6c90-groupManagement] INFO  server.RaftServerConfigKeys (ConfUtils.java:logGet(46)) - raft.server.log.appender.install.snapshot.enabled = false (custom)
2023-08-28 09:33:42,898 [80fac8df-d086-4186-9807-ed58a74d6c90-groupManagement] INFO  server.RaftServerConfigKeys (ConfUtils.java:logGet(46)) - raft.server.threadpool.server.cached = true (default)
2023-08-28 09:33:42,898 [80fac8df-d086-4186-9807-ed58a74d6c90-groupManagement] INFO  server.RaftServerConfigKeys (ConfUtils.java:logGet(46)) - raft.server.threadpool.server.size = 0 (default)
2023-08-28 09:33:42,898 [80fac8df-d086-4186-9807-ed58a74d6c90-groupManagement] INFO  server.RaftServerConfigKeys (ConfUtils.java:logGet(46)) - raft.server.threadpool.client.cached = true (default)
2023-08-28 09:33:42,898 [80fac8df-d086-4186-9807-ed58a74d6c90-groupManagement] INFO  server.RaftServerConfigKeys (ConfUtils.java:logGet(46)) - raft.server.threadpool.client.size = 0 (default)
2023-08-28 09:33:42,898 [80fac8df-d086-4186-9807-ed58a74d6c90-groupManagement] INFO  storage.RaftStorageDirectory (RaftStorageDirectoryImpl.java:analyzeStorage(137)) - The storage directory /home/runner/work/ozone/ozone/hadoop-ozone/integration-test/target/test-dir/MiniOzoneClusterImpl-ff034f8e-8080-4075-bf38-01537132cba4/datanode-0/data/ratis/583a2e2c-9fe4-49db-893a-d67ec9fcb8ac does not exist. Creating ...
2023-08-28 09:33:42,900 [80fac8df-d086-4186-9807-ed58a74d6c90-groupManagement] INFO  storage.RaftStorageDirectory (RaftStorageDirectoryImpl.java:tryLock(231)) - Lock on /home/runner/work/ozone/ozone/hadoop-ozone/integration-test/target/test-dir/MiniOzoneClusterImpl-ff034f8e-8080-4075-bf38-01537132cba4/datanode-0/data/ratis/583a2e2c-9fe4-49db-893a-d67ec9fcb8ac/in_use.lock acquired by nodename 61172@fv-az625-77
2023-08-28 09:33:42,901 [80fac8df-d086-4186-9807-ed58a74d6c90-groupManagement] INFO  storage.RaftStorage (RaftStorageImpl.java:format(96)) - Storage directory /home/runner/work/ozone/ozone/hadoop-ozone/integration-test/target/test-dir/MiniOzoneClusterImpl-ff034f8e-8080-4075-bf38-01537132cba4/datanode-0/data/ratis/583a2e2c-9fe4-49db-893a-d67ec9fcb8ac has been successfully formatted.
2023-08-28 09:33:42,901 [80fac8df-d086-4186-9807-ed58a74d6c90-groupManagement] INFO  ratis.ContainerStateMachine (ContainerStateMachine.java:loadSnapshot(262)) - group-D67EC9FCB8AC: The snapshot info is null. Setting the last applied indexto:(t:0, i:~)
2023-08-28 09:33:42,901 [80fac8df-d086-4186-9807-ed58a74d6c90-groupManagement] INFO  server.RaftServerConfigKeys (ConfUtils.java:logGet(46)) - raft.server.log.use.memory = false (default)
2023-08-28 09:33:42,902 [80fac8df-d086-4186-9807-ed58a74d6c90-groupManagement] INFO  server.RaftServerConfigKeys (ConfUtils.java:logGet(46)) - raft.server.log.purge.gap = 1000000 (custom)
2023-08-28 09:33:42,902 [80fac8df-d086-4186-9807-ed58a74d6c90-groupManagement] INFO  server.RaftServerConfigKeys (ConfUtils.java:logGet(46)) - raft.server.log.appender.buffer.byte-limit = 33554432 (custom)
2023-08-28 09:33:42,902 [80fac8df-d086-4186-9807-ed58a74d6c90-groupManagement] INFO  server.RaftServerConfigKeys (ConfUtils.java:logGet(46)) - raft.server.log.statemachine.data.read.timeout = 1000ms (default)
2023-08-28 09:33:42,902 [80fac8df-d086-4186-9807-ed58a74d6c90-groupManagement] INFO  server.RaftServerConfigKeys (ConfUtils.java:logGet(46)) - raft.server.log.purge.preservation.log.num = 0 (default)
2023-08-28 09:33:42,902 [80fac8df-d086-4186-9807-ed58a74d6c90-groupManagement] INFO  server.RaftServerConfigKeys (ConfUtils.java:logGet(46)) - raft.server.log.segment.size.max = 1048576 (custom)
2023-08-28 09:33:42,902 [80fac8df-d086-4186-9807-ed58a74d6c90-groupManagement] INFO  server.RaftServerConfigKeys (ConfUtils.java:logGet(46)) - raft.server.log.segment.cache.num.max = 2 (custom)
2023-08-28 09:33:42,902 [80fac8df-d086-4186-9807-ed58a74d6c90-groupManagement] INFO  server.RaftServerConfigKeys (ConfUtils.java:logGet(46)) - raft.server.log.segment.cache.size.max = 200MB (=209715200) (default)
2023-08-28 09:33:42,902 [80fac8df-d086-4186-9807-ed58a74d6c90-groupManagement] INFO  server.RaftServerConfigKeys (ConfUtils.java:logGet(46)) - raft.server.log.appender.buffer.byte-limit = 33554432 (custom)
2023-08-28 09:33:42,902 [80fac8df-d086-4186-9807-ed58a74d6c90-groupManagement] INFO  segmented.SegmentedRaftLogWorker (SegmentedRaftLogWorker.java:<init>(188)) - new 80fac8df-d086-4186-9807-ed58a74d6c90@group-D67EC9FCB8AC-SegmentedRaftLogWorker for RaftStorageImpl:Storage Directory /home/runner/work/ozone/ozone/hadoop-ozone/integration-test/target/test-dir/MiniOzoneClusterImpl-ff034f8e-8080-4075-bf38-01537132cba4/datanode-0/data/ratis/583a2e2c-9fe4-49db-893a-d67ec9fcb8ac
2023-08-28 09:33:42,902 [80fac8df-d086-4186-9807-ed58a74d6c90-groupManagement] INFO  server.RaftServerConfigKeys (ConfUtils.java:logGet(46)) - raft.server.log.queue.byte-limit = 4294967296 (custom)
2023-08-28 09:33:42,902 [80fac8df-d086-4186-9807-ed58a74d6c90-groupManagement] INFO  server.RaftServerConfigKeys (ConfUtils.java:logGet(46)) - raft.server.log.queue.element-limit = 1024 (custom)
2023-08-28 09:33:42,902 [80fac8df-d086-4186-9807-ed58a74d6c90-groupManagement] INFO  server.RaftServerConfigKeys (ConfUtils.java:logGet(46)) - raft.server.log.segment.size.max = 1048576 (custom)
2023-08-28 09:33:42,902 [80fac8df-d086-4186-9807-ed58a74d6c90-groupManagement] INFO  server.RaftServerConfigKeys (ConfUtils.java:logGet(46)) - raft.server.log.preallocated.size = 16384 (custom)
2023-08-28 09:33:42,902 [80fac8df-d086-4186-9807-ed58a74d6c90-groupManagement] INFO  server.RaftServerConfigKeys (ConfUtils.java:logGet(46)) - raft.server.log.force.sync.num = 128 (default)
2023-08-28 09:33:42,902 [80fac8df-d086-4186-9807-ed58a74d6c90-groupManagement] INFO  server.RaftServerConfigKeys (ConfUtils.java:logGet(46)) - raft.server.log.statemachine.data.sync = true (default)
2023-08-28 09:33:42,902 [80fac8df-d086-4186-9807-ed58a74d6c90-groupManagement] INFO  server.RaftServerConfigKeys (ConfUtils.java:logGet(46)) - raft.server.log.statemachine.data.sync.timeout = 10s (default)
2023-08-28 09:33:42,903 [80fac8df-d086-4186-9807-ed58a74d6c90-groupManagement] INFO  server.RaftServerConfigKeys (ConfUtils.java:logGet(46)) - raft.server.log.statemachine.data.sync.timeout.retry = -1 (default)
2023-08-28 09:33:42,903 [80fac8df-d086-4186-9807-ed58a74d6c90-groupManagement] INFO  server.RaftServerConfigKeys (ConfUtils.java:logGet(46)) - raft.server.log.write.buffer.size = 1048576 (custom)
2023-08-28 09:33:42,903 [80fac8df-d086-4186-9807-ed58a74d6c90-groupManagement] INFO  server.RaftServerConfigKeys (ConfUtils.java:logGet(46)) - raft.server.log.appender.buffer.byte-limit = 33554432 (custom)
2023-08-28 09:33:42,905 [EventQueue-OpenPipelineForHealthyPipelineSafeModeRule] INFO  safemode.SCMSafeModeManager (HealthyPipelineSafeModeRule.java:process(137)) - SCM in safe mode. Healthy pipelines reported count is 0, required healthy pipeline reported count is 1
2023-08-28 09:33:42,909 [PipelineCommandHandlerThread-0] INFO  server.RaftServer (RaftServerProxy.java:addNew(98)) - 5e45d05c-e098-4a5b-a019-6f8f93701f04: addNew group-BD1F6AD23C4E:[5e45d05c-e098-4a5b-a019-6f8f93701f04|rpc:10.1.0.27:15129|admin:10.1.0.27:15128|client:10.1.0.27:15127|dataStream:10.1.0.27:15130|priority:1|startupRole:FOLLOWER] returns group-BD1F6AD23C4E:java.util.concurrent.CompletableFuture@f199be7[Not completed]
2023-08-28 09:33:42,910 [5e45d05c-e098-4a5b-a019-6f8f93701f04-groupManagement] INFO  server.RaftServer$Division (RaftServerImpl.java:<init>(198)) - 5e45d05c-e098-4a5b-a019-6f8f93701f04: new RaftServerImpl for group-BD1F6AD23C4E:[5e45d05c-e098-4a5b-a019-6f8f93701f04|rpc:10.1.0.27:15129|admin:10.1.0.27:15128|client:10.1.0.27:15127|dataStream:10.1.0.27:15130|priority:1|startupRole:FOLLOWER] with ContainerStateMachine:uninitialized
2023-08-28 09:33:42,910 [5e45d05c-e098-4a5b-a019-6f8f93701f04-groupManagement] INFO  server.RaftServerConfigKeys (ConfUtils.java:logGet(46)) - raft.server.rpc.timeout.min = 5s (custom)
2023-08-28 09:33:42,910 [5e45d05c-e098-4a5b-a019-6f8f93701f04-groupManagement] INFO  server.RaftServerConfigKeys (ConfUtils.java:logGet(46)) - raft.server.rpc.timeout.max = 5200ms (custom)
2023-08-28 09:33:42,910 [5e45d05c-e098-4a5b-a019-6f8f93701f04-groupManagement] INFO  server.RaftServerConfigKeys (ConfUtils.java:logGet(46)) - raft.server.rpc.sleep.time = 25ms (default)
2023-08-28 09:33:42,910 [5e45d05c-e098-4a5b-a019-6f8f93701f04-groupManagement] INFO  server.RaftServerConfigKeys (ConfUtils.java:logGet(46)) - raft.server.rpc.slowness.timeout = 300s (custom)
2023-08-28 09:33:42,910 [5e45d05c-e098-4a5b-a019-6f8f93701f04-groupManagement] INFO  server.RaftServerConfigKeys (ConfUtils.java:logGet(46)) - raft.server.leaderelection.leader.step-down.wait-time = 10s (default)
2023-08-28 09:33:42,910 [5e45d05c-e098-4a5b-a019-6f8f93701f04-groupManagement] INFO  server.RaftServerConfigKeys (ConfUtils.java:logGet(46)) - raft.server.sleep.deviation.threshold = 300ms (default)
2023-08-28 09:33:42,910 [5e45d05c-e098-4a5b-a019-6f8f93701f04-groupManagement] INFO  server.RaftServer$Division (ServerState.java:<init>(120)) - 5e45d05c-e098-4a5b-a019-6f8f93701f04@group-BD1F6AD23C4E: ConfigurationManager, init=-1: peers:[5e45d05c-e098-4a5b-a019-6f8f93701f04|rpc:10.1.0.27:15129|admin:10.1.0.27:15128|client:10.1.0.27:15127|dataStream:10.1.0.27:15130|priority:1|startupRole:FOLLOWER]|listeners:[], old=null, confs=<EMPTY_MAP>
2023-08-28 09:33:42,911 [5e45d05c-e098-4a5b-a019-6f8f93701f04-groupManagement] INFO  server.RaftServerConfigKeys (ConfUtils.java:logGet(46)) - raft.server.storage.dir = [/home/runner/work/ozone/ozone/hadoop-ozone/integration-test/target/test-dir/MiniOzoneClusterImpl-ff034f8e-8080-4075-bf38-01537132cba4/datanode-1/data/ratis] (custom)
2023-08-28 09:33:42,911 [5e45d05c-e098-4a5b-a019-6f8f93701f04-groupManagement] INFO  server.RaftServerConfigKeys (ConfUtils.java:logGet(46)) - raft.server.log.corruption.policy = EXCEPTION (default)
2023-08-28 09:33:42,911 [5e45d05c-e098-4a5b-a019-6f8f93701f04-groupManagement] INFO  server.RaftServerConfigKeys (ConfUtils.java:logGet(46)) - raft.server.storage.free-space.min = 0MB (=0) (default)
2023-08-28 09:33:42,911 [5e45d05c-e098-4a5b-a019-6f8f93701f04-groupManagement] INFO  server.RaftServerConfigKeys (ConfUtils.java:logGet(46)) - raft.server.notification.no-leader.timeout = 300s (custom)
2023-08-28 09:33:42,911 [5e45d05c-e098-4a5b-a019-6f8f93701f04-groupManagement] INFO  server.RaftServerConfigKeys (ConfUtils.java:logGet(46)) - raft.server.read.timeout = 10s (default)
2023-08-28 09:33:42,911 [5e45d05c-e098-4a5b-a019-6f8f93701f04-groupManagement] INFO  server.RaftServerConfigKeys (ConfUtils.java:logGet(46)) - raft.server.retrycache.expirytime = 600000ms (custom)
2023-08-28 09:33:42,911 [5e45d05c-e098-4a5b-a019-6f8f93701f04-groupManagement] INFO  server.RaftServerConfigKeys (ConfUtils.java:logGet(46)) - raft.server.retrycache.statistics.expirytime = 100μs (default)
2023-08-28 09:33:42,911 [5e45d05c-e098-4a5b-a019-6f8f93701f04-groupManagement] INFO  server.RaftServerConfigKeys (ConfUtils.java:logGet(46)) - raft.server.read.option = DEFAULT (default)
2023-08-28 09:33:42,912 [5e45d05c-e098-4a5b-a019-6f8f93701f04-groupManagement] INFO  server.RaftServerConfigKeys (ConfUtils.java:logGet(46)) - raft.server.rpc.request.timeout = 60s (custom)
2023-08-28 09:33:42,912 [5e45d05c-e098-4a5b-a019-6f8f93701f04-groupManagement] INFO  server.RaftServerConfigKeys (ConfUtils.java:logGet(46)) - raft.server.log.appender.install.snapshot.enabled = false (custom)
2023-08-28 09:33:42,912 [5e45d05c-e098-4a5b-a019-6f8f93701f04-groupManagement] INFO  server.RaftServerConfigKeys (ConfUtils.java:logGet(46)) - raft.server.threadpool.server.cached = true (default)
2023-08-28 09:33:42,912 [5e45d05c-e098-4a5b-a019-6f8f93701f04-groupManagement] INFO  server.RaftServerConfigKeys (ConfUtils.java:logGet(46)) - raft.server.threadpool.server.size = 0 (default)
2023-08-28 09:33:42,912 [5e45d05c-e098-4a5b-a019-6f8f93701f04-groupManagement] INFO  server.RaftServerConfigKeys (ConfUtils.java:logGet(46)) - raft.server.threadpool.client.cached = true (default)
2023-08-28 09:33:42,912 [5e45d05c-e098-4a5b-a019-6f8f93701f04-groupManagement] INFO  server.RaftServerConfigKeys (ConfUtils.java:logGet(46)) - raft.server.threadpool.client.size = 0 (default)
2023-08-28 09:33:42,912 [5e45d05c-e098-4a5b-a019-6f8f93701f04-groupManagement] INFO  storage.RaftStorageDirectory (RaftStorageDirectoryImpl.java:analyzeStorage(137)) - The storage directory /home/runner/work/ozone/ozone/hadoop-ozone/integration-test/target/test-dir/MiniOzoneClusterImpl-ff034f8e-8080-4075-bf38-01537132cba4/datanode-1/data/ratis/695fa5cc-d134-4429-9e17-bd1f6ad23c4e does not exist. Creating ...
2023-08-28 09:33:42,913 [5e45d05c-e098-4a5b-a019-6f8f93701f04-groupManagement] INFO  storage.RaftStorageDirectory (RaftStorageDirectoryImpl.java:tryLock(231)) - Lock on /home/runner/work/ozone/ozone/hadoop-ozone/integration-test/target/test-dir/MiniOzoneClusterImpl-ff034f8e-8080-4075-bf38-01537132cba4/datanode-1/data/ratis/695fa5cc-d134-4429-9e17-bd1f6ad23c4e/in_use.lock acquired by nodename 61172@fv-az625-77
2023-08-28 09:33:42,914 [5e45d05c-e098-4a5b-a019-6f8f93701f04-groupManagement] INFO  storage.RaftStorage (RaftStorageImpl.java:format(96)) - Storage directory /home/runner/work/ozone/ozone/hadoop-ozone/integration-test/target/test-dir/MiniOzoneClusterImpl-ff034f8e-8080-4075-bf38-01537132cba4/datanode-1/data/ratis/695fa5cc-d134-4429-9e17-bd1f6ad23c4e has been successfully formatted.
2023-08-28 09:33:42,915 [5e45d05c-e098-4a5b-a019-6f8f93701f04-groupManagement] INFO  ratis.ContainerStateMachine (ContainerStateMachine.java:loadSnapshot(262)) - group-BD1F6AD23C4E: The snapshot info is null. Setting the last applied indexto:(t:0, i:~)
2023-08-28 09:33:42,915 [5e45d05c-e098-4a5b-a019-6f8f93701f04-groupManagement] INFO  server.RaftServerConfigKeys (ConfUtils.java:logGet(46)) - raft.server.log.use.memory = false (default)
2023-08-28 09:33:42,915 [5e45d05c-e098-4a5b-a019-6f8f93701f04-groupManagement] INFO  server.RaftServerConfigKeys (ConfUtils.java:logGet(46)) - raft.server.log.purge.gap = 1000000 (custom)
2023-08-28 09:33:42,915 [5e45d05c-e098-4a5b-a019-6f8f93701f04-groupManagement] INFO  server.RaftServerConfigKeys (ConfUtils.java:logGet(46)) - raft.server.log.appender.buffer.byte-limit = 33554432 (custom)
2023-08-28 09:33:42,915 [5e45d05c-e098-4a5b-a019-6f8f93701f04-groupManagement] INFO  server.RaftServerConfigKeys (ConfUtils.java:logGet(46)) - raft.server.log.statemachine.data.read.timeout = 1000ms (default)
2023-08-28 09:33:42,915 [5e45d05c-e098-4a5b-a019-6f8f93701f04-groupManagement] INFO  server.RaftServerConfigKeys (ConfUtils.java:logGet(46)) - raft.server.log.purge.preservation.log.num = 0 (default)
2023-08-28 09:33:42,915 [5e45d05c-e098-4a5b-a019-6f8f93701f04-groupManagement] INFO  server.RaftServerConfigKeys (ConfUtils.java:logGet(46)) - raft.server.log.segment.size.max = 1048576 (custom)
2023-08-28 09:33:42,915 [5e45d05c-e098-4a5b-a019-6f8f93701f04-groupManagement] INFO  server.RaftServerConfigKeys (ConfUtils.java:logGet(46)) - raft.server.log.segment.cache.num.max = 2 (custom)
2023-08-28 09:33:42,915 [5e45d05c-e098-4a5b-a019-6f8f93701f04-groupManagement] INFO  server.RaftServerConfigKeys (ConfUtils.java:logGet(46)) - raft.server.log.segment.cache.size.max = 200MB (=209715200) (default)
2023-08-28 09:33:42,916 [5e45d05c-e098-4a5b-a019-6f8f93701f04-groupManagement] INFO  server.RaftServerConfigKeys (ConfUtils.java:logGet(46)) - raft.server.log.appender.buffer.byte-limit = 33554432 (custom)
2023-08-28 09:33:42,916 [5e45d05c-e098-4a5b-a019-6f8f93701f04-groupManagement] INFO  segmented.SegmentedRaftLogWorker (SegmentedRaftLogWorker.java:<init>(188)) - new 5e45d05c-e098-4a5b-a019-6f8f93701f04@group-BD1F6AD23C4E-SegmentedRaftLogWorker for RaftStorageImpl:Storage Directory /home/runner/work/ozone/ozone/hadoop-ozone/integration-test/target/test-dir/MiniOzoneClusterImpl-ff034f8e-8080-4075-bf38-01537132cba4/datanode-1/data/ratis/695fa5cc-d134-4429-9e17-bd1f6ad23c4e
2023-08-28 09:33:42,916 [5e45d05c-e098-4a5b-a019-6f8f93701f04-groupManagement] INFO  server.RaftServerConfigKeys (ConfUtils.java:logGet(46)) - raft.server.log.queue.byte-limit = 4294967296 (custom)
2023-08-28 09:33:42,916 [5e45d05c-e098-4a5b-a019-6f8f93701f04-groupManagement] INFO  server.RaftServerConfigKeys (ConfUtils.java:logGet(46)) - raft.server.log.queue.element-limit = 1024 (custom)
2023-08-28 09:33:42,916 [5e45d05c-e098-4a5b-a019-6f8f93701f04-groupManagement] INFO  server.RaftServerConfigKeys (ConfUtils.java:logGet(46)) - raft.server.log.segment.size.max = 1048576 (custom)
2023-08-28 09:33:42,916 [5e45d05c-e098-4a5b-a019-6f8f93701f04-groupManagement] INFO  server.RaftServerConfigKeys (ConfUtils.java:logGet(46)) - raft.server.log.preallocated.size = 16384 (custom)
2023-08-28 09:33:42,916 [5e45d05c-e098-4a5b-a019-6f8f93701f04-groupManagement] INFO  server.RaftServerConfigKeys (ConfUtils.java:logGet(46)) - raft.server.log.force.sync.num = 128 (default)
2023-08-28 09:33:42,916 [5e45d05c-e098-4a5b-a019-6f8f93701f04-groupManagement] INFO  server.RaftServerConfigKeys (ConfUtils.java:logGet(46)) - raft.server.log.statemachine.data.sync = true (default)
2023-08-28 09:33:42,916 [5e45d05c-e098-4a5b-a019-6f8f93701f04-groupManagement] INFO  server.RaftServerConfigKeys (ConfUtils.java:logGet(46)) - raft.server.log.statemachine.data.sync.timeout = 10s (default)
2023-08-28 09:33:42,916 [5e45d05c-e098-4a5b-a019-6f8f93701f04-groupManagement] INFO  server.RaftServerConfigKeys (ConfUtils.java:logGet(46)) - raft.server.log.statemachine.data.sync.timeout.retry = -1 (default)
2023-08-28 09:33:42,916 [EventQueue-PipelineReportForPipelineReportHandler] INFO  pipeline.PipelineReportHandler (PipelineReportHandler.java:processPipelineReport(136)) - Opened pipeline PipelineID=695fa5cc-d134-4429-9e17-bd1f6ad23c4e
2023-08-28 09:33:42,916 [EventQueue-OpenPipelineForHealthyPipelineSafeModeRule] INFO  safemode.SCMSafeModeManager (HealthyPipelineSafeModeRule.java:process(137)) - SCM in safe mode. Healthy pipelines reported count is 0, required healthy pipeline reported count is 1
2023-08-28 09:33:42,917 [5e45d05c-e098-4a5b-a019-6f8f93701f04-groupManagement] INFO  server.RaftServerConfigKeys (ConfUtils.java:logGet(46)) - raft.server.log.write.buffer.size = 1048576 (custom)
2023-08-28 09:33:42,917 [5e45d05c-e098-4a5b-a019-6f8f93701f04-groupManagement] INFO  server.RaftServerConfigKeys (ConfUtils.java:logGet(46)) - raft.server.log.appender.buffer.byte-limit = 33554432 (custom)
2023-08-28 09:33:42,919 [80fac8df-d086-4186-9807-ed58a74d6c90-groupManagement] INFO  server.RaftServerConfigKeys (ConfUtils.java:logGet(46)) - raft.server.log.unsafe-flush.enabled = false (default)
2023-08-28 09:33:42,919 [80fac8df-d086-4186-9807-ed58a74d6c90-groupManagement] INFO  server.RaftServerConfigKeys (ConfUtils.java:logGet(46)) - raft.server.log.async-flush.enabled = false (default)
2023-08-28 09:33:42,919 [80fac8df-d086-4186-9807-ed58a74d6c90-groupManagement] INFO  server.RaftServerConfigKeys (ConfUtils.java:logGet(46)) - raft.server.log.statemachine.data.caching.enabled = true (custom)
2023-08-28 09:33:42,919 [80fac8df-d086-4186-9807-ed58a74d6c90-groupManagement] INFO  segmented.SegmentedRaftLogWorker (SegmentedRaftLogWorker.java:lambda$new$0(135)) - 80fac8df-d086-4186-9807-ed58a74d6c90@group-D67EC9FCB8AC-SegmentedRaftLogWorker: flushIndex: setUnconditionally 0 -> -1
2023-08-28 09:33:42,919 [80fac8df-d086-4186-9807-ed58a74d6c90-groupManagement] INFO  segmented.SegmentedRaftLogWorker (SegmentedRaftLogWorker.java:lambda$new$0(135)) - 80fac8df-d086-4186-9807-ed58a74d6c90@group-D67EC9FCB8AC-SegmentedRaftLogWorker: safeCacheEvictIndex: setUnconditionally 0 -> -1
2023-08-28 09:33:42,922 [5e45d05c-e098-4a5b-a019-6f8f93701f04-groupManagement] INFO  server.RaftServerConfigKeys (ConfUtils.java:logGet(46)) - raft.server.log.unsafe-flush.enabled = false (default)
2023-08-28 09:33:42,922 [5e45d05c-e098-4a5b-a019-6f8f93701f04-groupManagement] INFO  server.RaftServerConfigKeys (ConfUtils.java:logGet(46)) - raft.server.log.async-flush.enabled = false (default)
2023-08-28 09:33:42,922 [5e45d05c-e098-4a5b-a019-6f8f93701f04-groupManagement] INFO  server.RaftServerConfigKeys (ConfUtils.java:logGet(46)) - raft.server.log.statemachine.data.caching.enabled = true (custom)
2023-08-28 09:33:42,922 [5e45d05c-e098-4a5b-a019-6f8f93701f04-groupManagement] INFO  segmented.SegmentedRaftLogWorker (SegmentedRaftLogWorker.java:lambda$new$0(135)) - 5e45d05c-e098-4a5b-a019-6f8f93701f04@group-BD1F6AD23C4E-SegmentedRaftLogWorker: flushIndex: setUnconditionally 0 -> -1
2023-08-28 09:33:42,922 [5e45d05c-e098-4a5b-a019-6f8f93701f04-groupManagement] INFO  segmented.SegmentedRaftLogWorker (SegmentedRaftLogWorker.java:lambda$new$0(135)) - 5e45d05c-e098-4a5b-a019-6f8f93701f04@group-BD1F6AD23C4E-SegmentedRaftLogWorker: safeCacheEvictIndex: setUnconditionally 0 -> -1
2023-08-28 09:33:42,923 [80fac8df-d086-4186-9807-ed58a74d6c90-groupManagement] INFO  server.RaftServer$Division (RaftServerImpl.java:start(342)) - 80fac8df-d086-4186-9807-ed58a74d6c90@group-D67EC9FCB8AC: start as a follower, conf=-1: peers:[80fac8df-d086-4186-9807-ed58a74d6c90|rpc:10.1.0.27:15120|admin:10.1.0.27:15119|client:10.1.0.27:15118|dataStream:10.1.0.27:15121|priority:1|startupRole:FOLLOWER, 5e45d05c-e098-4a5b-a019-6f8f93701f04|rpc:10.1.0.27:15129|admin:10.1.0.27:15128|client:10.1.0.27:15127|dataStream:10.1.0.27:15130|priority:0|startupRole:FOLLOWER, cd0f2c76-867f-4adb-98b4-ea19f4e614c4|rpc:10.1.0.27:15138|admin:10.1.0.27:15137|client:10.1.0.27:15136|dataStream:10.1.0.27:15139|priority:0|startupRole:FOLLOWER]|listeners:[], old=null
2023-08-28 09:33:42,923 [80fac8df-d086-4186-9807-ed58a74d6c90-groupManagement] INFO  server.RaftServer$Division (RaftServerImpl.java:setRole(329)) - 80fac8df-d086-4186-9807-ed58a74d6c90@group-D67EC9FCB8AC: changes role from      null to FOLLOWER at term 0 for startAsFollower
2023-08-28 09:33:42,923 [80fac8df-d086-4186-9807-ed58a74d6c90-groupManagement] INFO  impl.RoleInfo (RoleInfo.java:updateAndGet(139)) - 80fac8df-d086-4186-9807-ed58a74d6c90: start 80fac8df-d086-4186-9807-ed58a74d6c90@group-D67EC9FCB8AC-FollowerState
2023-08-28 09:33:42,924 [80fac8df-d086-4186-9807-ed58a74d6c90-groupManagement] INFO  util.JmxRegister (JmxRegister.java:tryRegister(44)) - Successfully registered JMX Bean with object name Ratis:service=RaftServer,group=group-D67EC9FCB8AC,id=80fac8df-d086-4186-9807-ed58a74d6c90
2023-08-28 09:33:42,924 [80fac8df-d086-4186-9807-ed58a74d6c90-groupManagement] INFO  server.RaftServerConfigKeys (ConfUtils.java:logGet(46)) - raft.server.snapshot.auto.trigger.enabled = true (custom)
2023-08-28 09:33:42,924 [80fac8df-d086-4186-9807-ed58a74d6c90-groupManagement] INFO  server.RaftServerConfigKeys (ConfUtils.java:logGet(46)) - raft.server.snapshot.auto.trigger.threshold = 10000 (custom)
2023-08-28 09:33:42,924 [80fac8df-d086-4186-9807-ed58a74d6c90-groupManagement] INFO  server.RaftServerConfigKeys (ConfUtils.java:logGet(46)) - raft.server.snapshot.retention.file.num = 5 (custom)
2023-08-28 09:33:42,924 [80fac8df-d086-4186-9807-ed58a74d6c90-groupManagement] INFO  server.RaftServerConfigKeys (ConfUtils.java:logGet(46)) - raft.server.log.purge.upto.snapshot.index = false (default)
2023-08-28 09:33:42,924 [80fac8df-d086-4186-9807-ed58a74d6c90@group-D67EC9FCB8AC-FollowerState] INFO  server.RaftServerConfigKeys (ConfUtils.java:logFallback(53)) - raft.server.rpc.first-election.timeout.min = 5s (fallback to raft.server.rpc.timeout.min)
2023-08-28 09:33:42,925 [80fac8df-d086-4186-9807-ed58a74d6c90@group-D67EC9FCB8AC-FollowerState] INFO  server.RaftServerConfigKeys (ConfUtils.java:logFallback(53)) - raft.server.rpc.first-election.timeout.max = 5200ms (fallback to raft.server.rpc.timeout.max)
2023-08-28 09:33:42,925 [PipelineCommandHandlerThread-0] INFO  ratis.XceiverServerRatis (XceiverServerRatis.java:addGroup(804)) - Created group PipelineID=583a2e2c-9fe4-49db-893a-d67ec9fcb8ac
2023-08-28 09:33:42,930 [5e45d05c-e098-4a5b-a019-6f8f93701f04-groupManagement] INFO  server.RaftServer$Division (RaftServerImpl.java:start(342)) - 5e45d05c-e098-4a5b-a019-6f8f93701f04@group-BD1F6AD23C4E: start as a follower, conf=-1: peers:[5e45d05c-e098-4a5b-a019-6f8f93701f04|rpc:10.1.0.27:15129|admin:10.1.0.27:15128|client:10.1.0.27:15127|dataStream:10.1.0.27:15130|priority:1|startupRole:FOLLOWER]|listeners:[], old=null
2023-08-28 09:33:42,930 [5e45d05c-e098-4a5b-a019-6f8f93701f04-groupManagement] INFO  server.RaftServer$Division (RaftServerImpl.java:setRole(329)) - 5e45d05c-e098-4a5b-a019-6f8f93701f04@group-BD1F6AD23C4E: changes role from      null to FOLLOWER at term 0 for startAsFollower
2023-08-28 09:33:42,930 [5e45d05c-e098-4a5b-a019-6f8f93701f04-groupManagement] INFO  impl.RoleInfo (RoleInfo.java:updateAndGet(139)) - 5e45d05c-e098-4a5b-a019-6f8f93701f04: start 5e45d05c-e098-4a5b-a019-6f8f93701f04@group-BD1F6AD23C4E-FollowerState
2023-08-28 09:33:42,932 [5e45d05c-e098-4a5b-a019-6f8f93701f04-groupManagement] INFO  util.JmxRegister (JmxRegister.java:tryRegister(44)) - Successfully registered JMX Bean with object name Ratis:service=RaftServer,group=group-BD1F6AD23C4E,id=5e45d05c-e098-4a5b-a019-6f8f93701f04
2023-08-28 09:33:42,932 [5e45d05c-e098-4a5b-a019-6f8f93701f04-groupManagement] INFO  server.RaftServerConfigKeys (ConfUtils.java:logGet(46)) - raft.server.snapshot.auto.trigger.enabled = true (custom)
2023-08-28 09:33:42,932 [5e45d05c-e098-4a5b-a019-6f8f93701f04-groupManagement] INFO  server.RaftServerConfigKeys (ConfUtils.java:logGet(46)) - raft.server.snapshot.auto.trigger.threshold = 10000 (custom)
2023-08-28 09:33:42,932 [5e45d05c-e098-4a5b-a019-6f8f93701f04-groupManagement] INFO  server.RaftServerConfigKeys (ConfUtils.java:logGet(46)) - raft.server.snapshot.retention.file.num = 5 (custom)
2023-08-28 09:33:42,932 [5e45d05c-e098-4a5b-a019-6f8f93701f04-groupManagement] INFO  server.RaftServerConfigKeys (ConfUtils.java:logGet(46)) - raft.server.log.purge.upto.snapshot.index = false (default)
2023-08-28 09:33:42,933 [5e45d05c-e098-4a5b-a019-6f8f93701f04@group-BD1F6AD23C4E-FollowerState] INFO  server.RaftServerConfigKeys (ConfUtils.java:logFallback(53)) - raft.server.rpc.first-election.timeout.min = 5s (fallback to raft.server.rpc.timeout.min)
2023-08-28 09:33:42,933 [5e45d05c-e098-4a5b-a019-6f8f93701f04@group-BD1F6AD23C4E-FollowerState] INFO  server.RaftServerConfigKeys (ConfUtils.java:logFallback(53)) - raft.server.rpc.first-election.timeout.max = 5200ms (fallback to raft.server.rpc.timeout.max)
2023-08-28 09:33:42,934 [grpc-default-executor-0] INFO  server.RaftServer (RaftServerProxy.java:addNew(98)) - cd0f2c76-867f-4adb-98b4-ea19f4e614c4: addNew group-D67EC9FCB8AC:[80fac8df-d086-4186-9807-ed58a74d6c90|rpc:10.1.0.27:15120|admin:10.1.0.27:15119|client:10.1.0.27:15118|dataStream:10.1.0.27:15121|priority:1|startupRole:FOLLOWER, 5e45d05c-e098-4a5b-a019-6f8f93701f04|rpc:10.1.0.27:15129|admin:10.1.0.27:15128|client:10.1.0.27:15127|dataStream:10.1.0.27:15130|priority:0|startupRole:FOLLOWER, cd0f2c76-867f-4adb-98b4-ea19f4e614c4|rpc:10.1.0.27:15138|admin:10.1.0.27:15137|client:10.1.0.27:15136|dataStream:10.1.0.27:15139|priority:0|startupRole:FOLLOWER] returns group-D67EC9FCB8AC:java.util.concurrent.CompletableFuture@277f8ac5[Not completed]
2023-08-28 09:33:42,935 [PipelineCommandHandlerThread-0] INFO  ratis.XceiverServerRatis (XceiverServerRatis.java:addGroup(804)) - Created group PipelineID=695fa5cc-d134-4429-9e17-bd1f6ad23c4e
2023-08-28 09:33:42,935 [PipelineCommandHandlerThread-0] INFO  commandhandler.CreatePipelineCommandHandler (CreatePipelineCommandHandler.java:lambda$handle$2(124)) - Created Pipeline RATIS ONE PipelineID=695fa5cc-d134-4429-9e17-bd1f6ad23c4e.
2023-08-28 09:33:42,935 [PipelineCommandHandlerThread-0] INFO  server.RaftServer (RaftServerProxy.java:addNew(98)) - 5e45d05c-e098-4a5b-a019-6f8f93701f04: addNew group-D67EC9FCB8AC:[80fac8df-d086-4186-9807-ed58a74d6c90|rpc:10.1.0.27:15120|admin:10.1.0.27:15119|client:10.1.0.27:15118|dataStream:10.1.0.27:15121|priority:1|startupRole:FOLLOWER, 5e45d05c-e098-4a5b-a019-6f8f93701f04|rpc:10.1.0.27:15129|admin:10.1.0.27:15128|client:10.1.0.27:15127|dataStream:10.1.0.27:15130|priority:0|startupRole:FOLLOWER, cd0f2c76-867f-4adb-98b4-ea19f4e614c4|rpc:10.1.0.27:15138|admin:10.1.0.27:15137|client:10.1.0.27:15136|dataStream:10.1.0.27:15139|priority:0|startupRole:FOLLOWER] returns group-D67EC9FCB8AC:java.util.concurrent.CompletableFuture@1de6474[Not completed]
2023-08-28 09:33:42,936 [cd0f2c76-867f-4adb-98b4-ea19f4e614c4-groupManagement] INFO  server.RaftServer$Division (RaftServerImpl.java:<init>(198)) - cd0f2c76-867f-4adb-98b4-ea19f4e614c4: new RaftServerImpl for group-D67EC9FCB8AC:[80fac8df-d086-4186-9807-ed58a74d6c90|rpc:10.1.0.27:15120|admin:10.1.0.27:15119|client:10.1.0.27:15118|dataStream:10.1.0.27:15121|priority:1|startupRole:FOLLOWER, 5e45d05c-e098-4a5b-a019-6f8f93701f04|rpc:10.1.0.27:15129|admin:10.1.0.27:15128|client:10.1.0.27:15127|dataStream:10.1.0.27:15130|priority:0|startupRole:FOLLOWER, cd0f2c76-867f-4adb-98b4-ea19f4e614c4|rpc:10.1.0.27:15138|admin:10.1.0.27:15137|client:10.1.0.27:15136|dataStream:10.1.0.27:15139|priority:0|startupRole:FOLLOWER] with ContainerStateMachine:uninitialized
2023-08-28 09:33:42,936 [cd0f2c76-867f-4adb-98b4-ea19f4e614c4-groupManagement] INFO  server.RaftServerConfigKeys (ConfUtils.java:logGet(46)) - raft.server.rpc.timeout.min = 5s (custom)
2023-08-28 09:33:42,936 [cd0f2c76-867f-4adb-98b4-ea19f4e614c4-groupManagement] INFO  server.RaftServerConfigKeys (ConfUtils.java:logGet(46)) - raft.server.rpc.timeout.max = 5200ms (custom)
2023-08-28 09:33:42,936 [cd0f2c76-867f-4adb-98b4-ea19f4e614c4-groupManagement] INFO  server.RaftServerConfigKeys (ConfUtils.java:logGet(46)) - raft.server.rpc.sleep.time = 25ms (default)
2023-08-28 09:33:42,936 [cd0f2c76-867f-4adb-98b4-ea19f4e614c4-groupManagement] INFO  server.RaftServerConfigKeys (ConfUtils.java:logGet(46)) - raft.server.rpc.slowness.timeout = 300s (custom)
2023-08-28 09:33:42,936 [cd0f2c76-867f-4adb-98b4-ea19f4e614c4-groupManagement] INFO  server.RaftServerConfigKeys (ConfUtils.java:logGet(46)) - raft.server.leaderelection.leader.step-down.wait-time = 10s (default)
2023-08-28 09:33:42,936 [cd0f2c76-867f-4adb-98b4-ea19f4e614c4-groupManagement] INFO  server.RaftServerConfigKeys (ConfUtils.java:logGet(46)) - raft.server.sleep.deviation.threshold = 300ms (default)
2023-08-28 09:33:42,936 [cd0f2c76-867f-4adb-98b4-ea19f4e614c4-groupManagement] INFO  server.RaftServer$Division (ServerState.java:<init>(120)) - cd0f2c76-867f-4adb-98b4-ea19f4e614c4@group-D67EC9FCB8AC: ConfigurationManager, init=-1: peers:[80fac8df-d086-4186-9807-ed58a74d6c90|rpc:10.1.0.27:15120|admin:10.1.0.27:15119|client:10.1.0.27:15118|dataStream:10.1.0.27:15121|priority:1|startupRole:FOLLOWER, 5e45d05c-e098-4a5b-a019-6f8f93701f04|rpc:10.1.0.27:15129|admin:10.1.0.27:15128|client:10.1.0.27:15127|dataStream:10.1.0.27:15130|priority:0|startupRole:FOLLOWER, cd0f2c76-867f-4adb-98b4-ea19f4e614c4|rpc:10.1.0.27:15138|admin:10.1.0.27:15137|client:10.1.0.27:15136|dataStream:10.1.0.27:15139|priority:0|startupRole:FOLLOWER]|listeners:[], old=null, confs=<EMPTY_MAP>
2023-08-28 09:33:42,936 [cd0f2c76-867f-4adb-98b4-ea19f4e614c4-groupManagement] INFO  server.RaftServerConfigKeys (ConfUtils.java:logGet(46)) - raft.server.storage.dir = [/home/runner/work/ozone/ozone/hadoop-ozone/integration-test/target/test-dir/MiniOzoneClusterImpl-ff034f8e-8080-4075-bf38-01537132cba4/datanode-2/data/ratis] (custom)
2023-08-28 09:33:42,936 [cd0f2c76-867f-4adb-98b4-ea19f4e614c4-groupManagement] INFO  server.RaftServerConfigKeys (ConfUtils.java:logGet(46)) - raft.server.log.corruption.policy = EXCEPTION (default)
2023-08-28 09:33:42,936 [cd0f2c76-867f-4adb-98b4-ea19f4e614c4-groupManagement] INFO  server.RaftServerConfigKeys (ConfUtils.java:logGet(46)) - raft.server.storage.free-space.min = 0MB (=0) (default)
2023-08-28 09:33:42,936 [cd0f2c76-867f-4adb-98b4-ea19f4e614c4-groupManagement] INFO  server.RaftServerConfigKeys (ConfUtils.java:logGet(46)) - raft.server.notification.no-leader.timeout = 300s (custom)
2023-08-28 09:33:42,936 [cd0f2c76-867f-4adb-98b4-ea19f4e614c4-groupManagement] INFO  server.RaftServerConfigKeys (ConfUtils.java:logGet(46)) - raft.server.read.timeout = 10s (default)
2023-08-28 09:33:42,937 [cd0f2c76-867f-4adb-98b4-ea19f4e614c4-groupManagement] INFO  server.RaftServerConfigKeys (ConfUtils.java:logGet(46)) - raft.server.retrycache.expirytime = 600000ms (custom)
2023-08-28 09:33:42,937 [cd0f2c76-867f-4adb-98b4-ea19f4e614c4-groupManagement] INFO  server.RaftServerConfigKeys (ConfUtils.java:logGet(46)) - raft.server.retrycache.statistics.expirytime = 100μs (default)
2023-08-28 09:33:42,937 [cd0f2c76-867f-4adb-98b4-ea19f4e614c4-groupManagement] INFO  server.RaftServerConfigKeys (ConfUtils.java:logGet(46)) - raft.server.read.option = DEFAULT (default)
2023-08-28 09:33:42,937 [cd0f2c76-867f-4adb-98b4-ea19f4e614c4-groupManagement] INFO  server.RaftServerConfigKeys (ConfUtils.java:logGet(46)) - raft.server.rpc.request.timeout = 60s (custom)
2023-08-28 09:33:42,937 [cd0f2c76-867f-4adb-98b4-ea19f4e614c4-groupManagement] INFO  server.RaftServerConfigKeys (ConfUtils.java:logGet(46)) - raft.server.log.appender.install.snapshot.enabled = false (custom)
2023-08-28 09:33:42,937 [cd0f2c76-867f-4adb-98b4-ea19f4e614c4-groupManagement] INFO  server.RaftServerConfigKeys (ConfUtils.java:logGet(46)) - raft.server.threadpool.server.cached = true (default)
2023-08-28 09:33:42,937 [cd0f2c76-867f-4adb-98b4-ea19f4e614c4-groupManagement] INFO  server.RaftServerConfigKeys (ConfUtils.java:logGet(46)) - raft.server.threadpool.server.size = 0 (default)
2023-08-28 09:33:42,937 [cd0f2c76-867f-4adb-98b4-ea19f4e614c4-groupManagement] INFO  server.RaftServerConfigKeys (ConfUtils.java:logGet(46)) - raft.server.threadpool.client.cached = true (default)
2023-08-28 09:33:42,937 [cd0f2c76-867f-4adb-98b4-ea19f4e614c4-groupManagement] INFO  server.RaftServerConfigKeys (ConfUtils.java:logGet(46)) - raft.server.threadpool.client.size = 0 (default)
2023-08-28 09:33:42,938 [cd0f2c76-867f-4adb-98b4-ea19f4e614c4-groupManagement] INFO  storage.RaftStorageDirectory (RaftStorageDirectoryImpl.java:analyzeStorage(137)) - The storage directory /home/runner/work/ozone/ozone/hadoop-ozone/integration-test/target/test-dir/MiniOzoneClusterImpl-ff034f8e-8080-4075-bf38-01537132cba4/datanode-2/data/ratis/583a2e2c-9fe4-49db-893a-d67ec9fcb8ac does not exist. Creating ...
2023-08-28 09:33:42,939 [5e45d05c-e098-4a5b-a019-6f8f93701f04-groupManagement] INFO  server.RaftServer$Division (RaftServerImpl.java:<init>(198)) - 5e45d05c-e098-4a5b-a019-6f8f93701f04: new RaftServerImpl for group-D67EC9FCB8AC:[80fac8df-d086-4186-9807-ed58a74d6c90|rpc:10.1.0.27:15120|admin:10.1.0.27:15119|client:10.1.0.27:15118|dataStream:10.1.0.27:15121|priority:1|startupRole:FOLLOWER, 5e45d05c-e098-4a5b-a019-6f8f93701f04|rpc:10.1.0.27:15129|admin:10.1.0.27:15128|client:10.1.0.27:15127|dataStream:10.1.0.27:15130|priority:0|startupRole:FOLLOWER, cd0f2c76-867f-4adb-98b4-ea19f4e614c4|rpc:10.1.0.27:15138|admin:10.1.0.27:15137|client:10.1.0.27:15136|dataStream:10.1.0.27:15139|priority:0|startupRole:FOLLOWER] with ContainerStateMachine:uninitialized
2023-08-28 09:33:42,939 [5e45d05c-e098-4a5b-a019-6f8f93701f04-groupManagement] INFO  server.RaftServerConfigKeys (ConfUtils.java:logGet(46)) - raft.server.rpc.timeout.min = 5s (custom)
2023-08-28 09:33:42,939 [5e45d05c-e098-4a5b-a019-6f8f93701f04-groupManagement] INFO  server.RaftServerConfigKeys (ConfUtils.java:logGet(46)) - raft.server.rpc.timeout.max = 5200ms (custom)
2023-08-28 09:33:42,939 [5e45d05c-e098-4a5b-a019-6f8f93701f04-groupManagement] INFO  server.RaftServerConfigKeys (ConfUtils.java:logGet(46)) - raft.server.rpc.sleep.time = 25ms (default)
2023-08-28 09:33:42,939 [5e45d05c-e098-4a5b-a019-6f8f93701f04-groupManagement] INFO  server.RaftServerConfigKeys (ConfUtils.java:logGet(46)) - raft.server.rpc.slowness.timeout = 300s (custom)
2023-08-28 09:33:42,939 [5e45d05c-e098-4a5b-a019-6f8f93701f04-groupManagement] INFO  server.RaftServerConfigKeys (ConfUtils.java:logGet(46)) - raft.server.leaderelection.leader.step-down.wait-time = 10s (default)
2023-08-28 09:33:42,939 [5e45d05c-e098-4a5b-a019-6f8f93701f04-groupManagement] INFO  server.RaftServerConfigKeys (ConfUtils.java:logGet(46)) - raft.server.sleep.deviation.threshold = 300ms (default)
2023-08-28 09:33:42,939 [5e45d05c-e098-4a5b-a019-6f8f93701f04-groupManagement] INFO  server.RaftServer$Division (ServerState.java:<init>(120)) - 5e45d05c-e098-4a5b-a019-6f8f93701f04@group-D67EC9FCB8AC: ConfigurationManager, init=-1: peers:[80fac8df-d086-4186-9807-ed58a74d6c90|rpc:10.1.0.27:15120|admin:10.1.0.27:15119|client:10.1.0.27:15118|dataStream:10.1.0.27:15121|priority:1|startupRole:FOLLOWER, 5e45d05c-e098-4a5b-a019-6f8f93701f04|rpc:10.1.0.27:15129|admin:10.1.0.27:15128|client:10.1.0.27:15127|dataStream:10.1.0.27:15130|priority:0|startupRole:FOLLOWER, cd0f2c76-867f-4adb-98b4-ea19f4e614c4|rpc:10.1.0.27:15138|admin:10.1.0.27:15137|client:10.1.0.27:15136|dataStream:10.1.0.27:15139|priority:0|startupRole:FOLLOWER]|listeners:[], old=null, confs=<EMPTY_MAP>
2023-08-28 09:33:42,939 [5e45d05c-e098-4a5b-a019-6f8f93701f04-groupManagement] INFO  server.RaftServerConfigKeys (ConfUtils.java:logGet(46)) - raft.server.storage.dir = [/home/runner/work/ozone/ozone/hadoop-ozone/integration-test/target/test-dir/MiniOzoneClusterImpl-ff034f8e-8080-4075-bf38-01537132cba4/datanode-1/data/ratis] (custom)
2023-08-28 09:33:42,939 [5e45d05c-e098-4a5b-a019-6f8f93701f04-groupManagement] INFO  server.RaftServerConfigKeys (ConfUtils.java:logGet(46)) - raft.server.log.corruption.policy = EXCEPTION (default)
2023-08-28 09:33:42,939 [5e45d05c-e098-4a5b-a019-6f8f93701f04-groupManagement] INFO  server.RaftServerConfigKeys (ConfUtils.java:logGet(46)) - raft.server.storage.free-space.min = 0MB (=0) (default)
2023-08-28 09:33:42,939 [5e45d05c-e098-4a5b-a019-6f8f93701f04-groupManagement] INFO  server.RaftServerConfigKeys (ConfUtils.java:logGet(46)) - raft.server.notification.no-leader.timeout = 300s (custom)
2023-08-28 09:33:42,939 [5e45d05c-e098-4a5b-a019-6f8f93701f04-groupManagement] INFO  server.RaftServerConfigKeys (ConfUtils.java:logGet(46)) - raft.server.read.timeout = 10s (default)
2023-08-28 09:33:42,939 [5e45d05c-e098-4a5b-a019-6f8f93701f04-groupManagement] INFO  server.RaftServerConfigKeys (ConfUtils.java:logGet(46)) - raft.server.retrycache.expirytime = 600000ms (custom)
2023-08-28 09:33:42,939 [5e45d05c-e098-4a5b-a019-6f8f93701f04-groupManagement] INFO  server.RaftServerConfigKeys (ConfUtils.java:logGet(46)) - raft.server.retrycache.statistics.expirytime = 100μs (default)
2023-08-28 09:33:42,939 [5e45d05c-e098-4a5b-a019-6f8f93701f04-groupManagement] INFO  server.RaftServerConfigKeys (ConfUtils.java:logGet(46)) - raft.server.read.option = DEFAULT (default)
2023-08-28 09:33:42,940 [5e45d05c-e098-4a5b-a019-6f8f93701f04-groupManagement] INFO  server.RaftServerConfigKeys (ConfUtils.java:logGet(46)) - raft.server.rpc.request.timeout = 60s (custom)
2023-08-28 09:33:42,940 [5e45d05c-e098-4a5b-a019-6f8f93701f04-groupManagement] INFO  server.RaftServerConfigKeys (ConfUtils.java:logGet(46)) - raft.server.log.appender.install.snapshot.enabled = false (custom)
2023-08-28 09:33:42,940 [5e45d05c-e098-4a5b-a019-6f8f93701f04-groupManagement] INFO  server.RaftServerConfigKeys (ConfUtils.java:logGet(46)) - raft.server.threadpool.server.cached = true (default)
2023-08-28 09:33:42,940 [5e45d05c-e098-4a5b-a019-6f8f93701f04-groupManagement] INFO  server.RaftServerConfigKeys (ConfUtils.java:logGet(46)) - raft.server.threadpool.server.size = 0 (default)
2023-08-28 09:33:42,940 [5e45d05c-e098-4a5b-a019-6f8f93701f04-groupManagement] INFO  server.RaftServerConfigKeys (ConfUtils.java:logGet(46)) - raft.server.threadpool.client.cached = true (default)
2023-08-28 09:33:42,940 [5e45d05c-e098-4a5b-a019-6f8f93701f04-groupManagement] INFO  server.RaftServerConfigKeys (ConfUtils.java:logGet(46)) - raft.server.threadpool.client.size = 0 (default)
2023-08-28 09:33:42,941 [5e45d05c-e098-4a5b-a019-6f8f93701f04-groupManagement] INFO  storage.RaftStorageDirectory (RaftStorageDirectoryImpl.java:analyzeStorage(137)) - The storage directory /home/runner/work/ozone/ozone/hadoop-ozone/integration-test/target/test-dir/MiniOzoneClusterImpl-ff034f8e-8080-4075-bf38-01537132cba4/datanode-1/data/ratis/583a2e2c-9fe4-49db-893a-d67ec9fcb8ac does not exist. Creating ...
2023-08-28 09:33:42,942 [cd0f2c76-867f-4adb-98b4-ea19f4e614c4-groupManagement] INFO  storage.RaftStorageDirectory (RaftStorageDirectoryImpl.java:tryLock(231)) - Lock on /home/runner/work/ozone/ozone/hadoop-ozone/integration-test/target/test-dir/MiniOzoneClusterImpl-ff034f8e-8080-4075-bf38-01537132cba4/datanode-2/data/ratis/583a2e2c-9fe4-49db-893a-d67ec9fcb8ac/in_use.lock acquired by nodename 61172@fv-az625-77
2023-08-28 09:33:42,942 [5e45d05c-e098-4a5b-a019-6f8f93701f04-groupManagement] INFO  storage.RaftStorageDirectory (RaftStorageDirectoryImpl.java:tryLock(231)) - Lock on /home/runner/work/ozone/ozone/hadoop-ozone/integration-test/target/test-dir/MiniOzoneClusterImpl-ff034f8e-8080-4075-bf38-01537132cba4/datanode-1/data/ratis/583a2e2c-9fe4-49db-893a-d67ec9fcb8ac/in_use.lock acquired by nodename 61172@fv-az625-77
2023-08-28 09:33:42,946 [5e45d05c-e098-4a5b-a019-6f8f93701f04-groupManagement] INFO  storage.RaftStorage (RaftStorageImpl.java:format(96)) - Storage directory /home/runner/work/ozone/ozone/hadoop-ozone/integration-test/target/test-dir/MiniOzoneClusterImpl-ff034f8e-8080-4075-bf38-01537132cba4/datanode-1/data/ratis/583a2e2c-9fe4-49db-893a-d67ec9fcb8ac has been successfully formatted.
2023-08-28 09:33:42,946 [cd0f2c76-867f-4adb-98b4-ea19f4e614c4-groupManagement] INFO  storage.RaftStorage (RaftStorageImpl.java:format(96)) - Storage directory /home/runner/work/ozone/ozone/hadoop-ozone/integration-test/target/test-dir/MiniOzoneClusterImpl-ff034f8e-8080-4075-bf38-01537132cba4/datanode-2/data/ratis/583a2e2c-9fe4-49db-893a-d67ec9fcb8ac has been successfully formatted.
2023-08-28 09:33:42,948 [5e45d05c-e098-4a5b-a019-6f8f93701f04-groupManagement] INFO  ratis.ContainerStateMachine (ContainerStateMachine.java:loadSnapshot(262)) - group-D67EC9FCB8AC: The snapshot info is null. Setting the last applied indexto:(t:0, i:~)
2023-08-28 09:33:42,949 [5e45d05c-e098-4a5b-a019-6f8f93701f04-groupManagement] INFO  server.RaftServerConfigKeys (ConfUtils.java:logGet(46)) - raft.server.log.use.memory = false (default)
2023-08-28 09:33:42,949 [5e45d05c-e098-4a5b-a019-6f8f93701f04-groupManagement] INFO  server.RaftServerConfigKeys (ConfUtils.java:logGet(46)) - raft.server.log.purge.gap = 1000000 (custom)
2023-08-28 09:33:42,949 [5e45d05c-e098-4a5b-a019-6f8f93701f04-groupManagement] INFO  server.RaftServerConfigKeys (ConfUtils.java:logGet(46)) - raft.server.log.appender.buffer.byte-limit = 33554432 (custom)
2023-08-28 09:33:42,949 [5e45d05c-e098-4a5b-a019-6f8f93701f04-groupManagement] INFO  server.RaftServerConfigKeys (ConfUtils.java:logGet(46)) - raft.server.log.statemachine.data.read.timeout = 1000ms (default)
2023-08-28 09:33:42,949 [5e45d05c-e098-4a5b-a019-6f8f93701f04-groupManagement] INFO  server.RaftServerConfigKeys (ConfUtils.java:logGet(46)) - raft.server.log.purge.preservation.log.num = 0 (default)
2023-08-28 09:33:42,949 [5e45d05c-e098-4a5b-a019-6f8f93701f04-groupManagement] INFO  server.RaftServerConfigKeys (ConfUtils.java:logGet(46)) - raft.server.log.segment.size.max = 1048576 (custom)
2023-08-28 09:33:42,949 [5e45d05c-e098-4a5b-a019-6f8f93701f04-groupManagement] INFO  server.RaftServerConfigKeys (ConfUtils.java:logGet(46)) - raft.server.log.segment.cache.num.max = 2 (custom)
2023-08-28 09:33:42,949 [5e45d05c-e098-4a5b-a019-6f8f93701f04-groupManagement] INFO  server.RaftServerConfigKeys (ConfUtils.java:logGet(46)) - raft.server.log.segment.cache.size.max = 200MB (=209715200) (default)
2023-08-28 09:33:42,949 [5e45d05c-e098-4a5b-a019-6f8f93701f04-groupManagement] INFO  server.RaftServerConfigKeys (ConfUtils.java:logGet(46)) - raft.server.log.appender.buffer.byte-limit = 33554432 (custom)
2023-08-28 09:33:42,950 [5e45d05c-e098-4a5b-a019-6f8f93701f04-groupManagement] INFO  segmented.SegmentedRaftLogWorker (SegmentedRaftLogWorker.java:<init>(188)) - new 5e45d05c-e098-4a5b-a019-6f8f93701f04@group-D67EC9FCB8AC-SegmentedRaftLogWorker for RaftStorageImpl:Storage Directory /home/runner/work/ozone/ozone/hadoop-ozone/integration-test/target/test-dir/MiniOzoneClusterImpl-ff034f8e-8080-4075-bf38-01537132cba4/datanode-1/data/ratis/583a2e2c-9fe4-49db-893a-d67ec9fcb8ac
2023-08-28 09:33:42,950 [5e45d05c-e098-4a5b-a019-6f8f93701f04-groupManagement] INFO  server.RaftServerConfigKeys (ConfUtils.java:logGet(46)) - raft.server.log.queue.byte-limit = 4294967296 (custom)
2023-08-28 09:33:42,950 [5e45d05c-e098-4a5b-a019-6f8f93701f04-groupManagement] INFO  server.RaftServerConfigKeys (ConfUtils.java:logGet(46)) - raft.server.log.queue.element-limit = 1024 (custom)
2023-08-28 09:33:42,950 [5e45d05c-e098-4a5b-a019-6f8f93701f04-groupManagement] INFO  server.RaftServerConfigKeys (ConfUtils.java:logGet(46)) - raft.server.log.segment.size.max = 1048576 (custom)
2023-08-28 09:33:42,950 [5e45d05c-e098-4a5b-a019-6f8f93701f04-groupManagement] INFO  server.RaftServerConfigKeys (ConfUtils.java:logGet(46)) - raft.server.log.preallocated.size = 16384 (custom)
2023-08-28 09:33:42,950 [5e45d05c-e098-4a5b-a019-6f8f93701f04-groupManagement] INFO  server.RaftServerConfigKeys (ConfUtils.java:logGet(46)) - raft.server.log.force.sync.num = 128 (default)
2023-08-28 09:33:42,950 [5e45d05c-e098-4a5b-a019-6f8f93701f04-groupManagement] INFO  server.RaftServerConfigKeys (ConfUtils.java:logGet(46)) - raft.server.log.statemachine.data.sync = true (default)
2023-08-28 09:33:42,950 [5e45d05c-e098-4a5b-a019-6f8f93701f04-groupManagement] INFO  server.RaftServerConfigKeys (ConfUtils.java:logGet(46)) - raft.server.log.statemachine.data.sync.timeout = 10s (default)
2023-08-28 09:33:42,950 [5e45d05c-e098-4a5b-a019-6f8f93701f04-groupManagement] INFO  server.RaftServerConfigKeys (ConfUtils.java:logGet(46)) - raft.server.log.statemachine.data.sync.timeout.retry = -1 (default)
2023-08-28 09:33:42,950 [5e45d05c-e098-4a5b-a019-6f8f93701f04-groupManagement] INFO  server.RaftServerConfigKeys (ConfUtils.java:logGet(46)) - raft.server.log.write.buffer.size = 1048576 (custom)
2023-08-28 09:33:42,949 [cd0f2c76-867f-4adb-98b4-ea19f4e614c4-groupManagement] INFO  ratis.ContainerStateMachine (ContainerStateMachine.java:loadSnapshot(262)) - group-D67EC9FCB8AC: The snapshot info is null. Setting the last applied indexto:(t:0, i:~)
2023-08-28 09:33:42,948 [EventQueue-OpenPipelineForHealthyPipelineSafeModeRule] INFO  safemode.SCMSafeModeManager (HealthyPipelineSafeModeRule.java:process(137)) - SCM in safe mode. Healthy pipelines reported count is 0, required healthy pipeline reported count is 1
2023-08-28 09:33:42,951 [cd0f2c76-867f-4adb-98b4-ea19f4e614c4-groupManagement] INFO  server.RaftServerConfigKeys (ConfUtils.java:logGet(46)) - raft.server.log.use.memory = false (default)
2023-08-28 09:33:42,951 [cd0f2c76-867f-4adb-98b4-ea19f4e614c4-groupManagement] INFO  server.RaftServerConfigKeys (ConfUtils.java:logGet(46)) - raft.server.log.purge.gap = 1000000 (custom)
2023-08-28 09:33:42,951 [cd0f2c76-867f-4adb-98b4-ea19f4e614c4-groupManagement] INFO  server.RaftServerConfigKeys (ConfUtils.java:logGet(46)) - raft.server.log.appender.buffer.byte-limit = 33554432 (custom)
2023-08-28 09:33:42,951 [cd0f2c76-867f-4adb-98b4-ea19f4e614c4-groupManagement] INFO  server.RaftServerConfigKeys (ConfUtils.java:logGet(46)) - raft.server.log.statemachine.data.read.timeout = 1000ms (default)
2023-08-28 09:33:42,951 [cd0f2c76-867f-4adb-98b4-ea19f4e614c4-groupManagement] INFO  server.RaftServerConfigKeys (ConfUtils.java:logGet(46)) - raft.server.log.purge.preservation.log.num = 0 (default)
2023-08-28 09:33:42,951 [cd0f2c76-867f-4adb-98b4-ea19f4e614c4-groupManagement] INFO  server.RaftServerConfigKeys (ConfUtils.java:logGet(46)) - raft.server.log.segment.size.max = 1048576 (custom)
2023-08-28 09:33:42,951 [cd0f2c76-867f-4adb-98b4-ea19f4e614c4-groupManagement] INFO  server.RaftServerConfigKeys (ConfUtils.java:logGet(46)) - raft.server.log.segment.cache.num.max = 2 (custom)
2023-08-28 09:33:42,952 [cd0f2c76-867f-4adb-98b4-ea19f4e614c4-groupManagement] INFO  server.RaftServerConfigKeys (ConfUtils.java:logGet(46)) - raft.server.log.segment.cache.size.max = 200MB (=209715200) (default)
2023-08-28 09:33:42,952 [cd0f2c76-867f-4adb-98b4-ea19f4e614c4-groupManagement] INFO  server.RaftServerConfigKeys (ConfUtils.java:logGet(46)) - raft.server.log.appender.buffer.byte-limit = 33554432 (custom)
2023-08-28 09:33:42,952 [cd0f2c76-867f-4adb-98b4-ea19f4e614c4-groupManagement] INFO  segmented.SegmentedRaftLogWorker (SegmentedRaftLogWorker.java:<init>(188)) - new cd0f2c76-867f-4adb-98b4-ea19f4e614c4@group-D67EC9FCB8AC-SegmentedRaftLogWorker for RaftStorageImpl:Storage Directory /home/runner/work/ozone/ozone/hadoop-ozone/integration-test/target/test-dir/MiniOzoneClusterImpl-ff034f8e-8080-4075-bf38-01537132cba4/datanode-2/data/ratis/583a2e2c-9fe4-49db-893a-d67ec9fcb8ac
2023-08-28 09:33:42,952 [cd0f2c76-867f-4adb-98b4-ea19f4e614c4-groupManagement] INFO  server.RaftServerConfigKeys (ConfUtils.java:logGet(46)) - raft.server.log.queue.byte-limit = 4294967296 (custom)
2023-08-28 09:33:42,952 [cd0f2c76-867f-4adb-98b4-ea19f4e614c4-groupManagement] INFO  server.RaftServerConfigKeys (ConfUtils.java:logGet(46)) - raft.server.log.queue.element-limit = 1024 (custom)
2023-08-28 09:33:42,952 [cd0f2c76-867f-4adb-98b4-ea19f4e614c4-groupManagement] INFO  server.RaftServerConfigKeys (ConfUtils.java:logGet(46)) - raft.server.log.segment.size.max = 1048576 (custom)
2023-08-28 09:33:42,952 [cd0f2c76-867f-4adb-98b4-ea19f4e614c4-groupManagement] INFO  server.RaftServerConfigKeys (ConfUtils.java:logGet(46)) - raft.server.log.preallocated.size = 16384 (custom)
2023-08-28 09:33:42,952 [cd0f2c76-867f-4adb-98b4-ea19f4e614c4-groupManagement] INFO  server.RaftServerConfigKeys (ConfUtils.java:logGet(46)) - raft.server.log.force.sync.num = 128 (default)
2023-08-28 09:33:42,952 [cd0f2c76-867f-4adb-98b4-ea19f4e614c4-groupManagement] INFO  server.RaftServerConfigKeys (ConfUtils.java:logGet(46)) - raft.server.log.statemachine.data.sync = true (default)
2023-08-28 09:33:42,952 [cd0f2c76-867f-4adb-98b4-ea19f4e614c4-groupManagement] INFO  server.RaftServerConfigKeys (ConfUtils.java:logGet(46)) - raft.server.log.statemachine.data.sync.timeout = 10s (default)
2023-08-28 09:33:42,952 [cd0f2c76-867f-4adb-98b4-ea19f4e614c4-groupManagement] INFO  server.RaftServerConfigKeys (ConfUtils.java:logGet(46)) - raft.server.log.statemachine.data.sync.timeout.retry = -1 (default)
2023-08-28 09:33:42,952 [cd0f2c76-867f-4adb-98b4-ea19f4e614c4-groupManagement] INFO  server.RaftServerConfigKeys (ConfUtils.java:logGet(46)) - raft.server.log.write.buffer.size = 1048576 (custom)
2023-08-28 09:33:42,953 [5e45d05c-e098-4a5b-a019-6f8f93701f04-groupManagement] INFO  server.RaftServerConfigKeys (ConfUtils.java:logGet(46)) - raft.server.log.appender.buffer.byte-limit = 33554432 (custom)
2023-08-28 09:33:42,954 [cd0f2c76-867f-4adb-98b4-ea19f4e614c4-groupManagement] INFO  server.RaftServerConfigKeys (ConfUtils.java:logGet(46)) - raft.server.log.appender.buffer.byte-limit = 33554432 (custom)
2023-08-28 09:33:42,962 [cd0f2c76-867f-4adb-98b4-ea19f4e614c4-groupManagement] INFO  server.RaftServerConfigKeys (ConfUtils.java:logGet(46)) - raft.server.log.unsafe-flush.enabled = false (default)
2023-08-28 09:33:42,963 [5e45d05c-e098-4a5b-a019-6f8f93701f04-groupManagement] INFO  server.RaftServerConfigKeys (ConfUtils.java:logGet(46)) - raft.server.log.unsafe-flush.enabled = false (default)
2023-08-28 09:33:42,963 [5e45d05c-e098-4a5b-a019-6f8f93701f04-groupManagement] INFO  server.RaftServerConfigKeys (ConfUtils.java:logGet(46)) - raft.server.log.async-flush.enabled = false (default)
2023-08-28 09:33:42,963 [5e45d05c-e098-4a5b-a019-6f8f93701f04-groupManagement] INFO  server.RaftServerConfigKeys (ConfUtils.java:logGet(46)) - raft.server.log.statemachine.data.caching.enabled = true (custom)
2023-08-28 09:33:42,964 [cd0f2c76-867f-4adb-98b4-ea19f4e614c4-groupManagement] INFO  server.RaftServerConfigKeys (ConfUtils.java:logGet(46)) - raft.server.log.async-flush.enabled = false (default)
2023-08-28 09:33:42,964 [cd0f2c76-867f-4adb-98b4-ea19f4e614c4-groupManagement] INFO  server.RaftServerConfigKeys (ConfUtils.java:logGet(46)) - raft.server.log.statemachine.data.caching.enabled = true (custom)
2023-08-28 09:33:42,964 [5e45d05c-e098-4a5b-a019-6f8f93701f04-groupManagement] INFO  segmented.SegmentedRaftLogWorker (SegmentedRaftLogWorker.java:lambda$new$0(135)) - 5e45d05c-e098-4a5b-a019-6f8f93701f04@group-D67EC9FCB8AC-SegmentedRaftLogWorker: flushIndex: setUnconditionally 0 -> -1
2023-08-28 09:33:42,964 [5e45d05c-e098-4a5b-a019-6f8f93701f04-groupManagement] INFO  segmented.SegmentedRaftLogWorker (SegmentedRaftLogWorker.java:lambda$new$0(135)) - 5e45d05c-e098-4a5b-a019-6f8f93701f04@group-D67EC9FCB8AC-SegmentedRaftLogWorker: safeCacheEvictIndex: setUnconditionally 0 -> -1
2023-08-28 09:33:42,964 [cd0f2c76-867f-4adb-98b4-ea19f4e614c4-groupManagement] INFO  segmented.SegmentedRaftLogWorker (SegmentedRaftLogWorker.java:lambda$new$0(135)) - cd0f2c76-867f-4adb-98b4-ea19f4e614c4@group-D67EC9FCB8AC-SegmentedRaftLogWorker: flushIndex: setUnconditionally 0 -> -1
2023-08-28 09:33:42,964 [cd0f2c76-867f-4adb-98b4-ea19f4e614c4-groupManagement] INFO  segmented.SegmentedRaftLogWorker (SegmentedRaftLogWorker.java:lambda$new$0(135)) - cd0f2c76-867f-4adb-98b4-ea19f4e614c4@group-D67EC9FCB8AC-SegmentedRaftLogWorker: safeCacheEvictIndex: setUnconditionally 0 -> -1
2023-08-28 09:33:42,968 [5e45d05c-e098-4a5b-a019-6f8f93701f04-groupManagement] INFO  server.RaftServer$Division (RaftServerImpl.java:start(342)) - 5e45d05c-e098-4a5b-a019-6f8f93701f04@group-D67EC9FCB8AC: start as a follower, conf=-1: peers:[80fac8df-d086-4186-9807-ed58a74d6c90|rpc:10.1.0.27:15120|admin:10.1.0.27:15119|client:10.1.0.27:15118|dataStream:10.1.0.27:15121|priority:1|startupRole:FOLLOWER, 5e45d05c-e098-4a5b-a019-6f8f93701f04|rpc:10.1.0.27:15129|admin:10.1.0.27:15128|client:10.1.0.27:15127|dataStream:10.1.0.27:15130|priority:0|startupRole:FOLLOWER, cd0f2c76-867f-4adb-98b4-ea19f4e614c4|rpc:10.1.0.27:15138|admin:10.1.0.27:15137|client:10.1.0.27:15136|dataStream:10.1.0.27:15139|priority:0|startupRole:FOLLOWER]|listeners:[], old=null
2023-08-28 09:33:42,968 [5e45d05c-e098-4a5b-a019-6f8f93701f04-groupManagement] INFO  server.RaftServer$Division (RaftServerImpl.java:setRole(329)) - 5e45d05c-e098-4a5b-a019-6f8f93701f04@group-D67EC9FCB8AC: changes role from      null to FOLLOWER at term 0 for startAsFollower
2023-08-28 09:33:42,968 [5e45d05c-e098-4a5b-a019-6f8f93701f04-groupManagement] INFO  impl.RoleInfo (RoleInfo.java:updateAndGet(139)) - 5e45d05c-e098-4a5b-a019-6f8f93701f04: start 5e45d05c-e098-4a5b-a019-6f8f93701f04@group-D67EC9FCB8AC-FollowerState
2023-08-28 09:33:42,971 [cd0f2c76-867f-4adb-98b4-ea19f4e614c4-groupManagement] INFO  server.RaftServer$Division (RaftServerImpl.java:start(342)) - cd0f2c76-867f-4adb-98b4-ea19f4e614c4@group-D67EC9FCB8AC: start as a follower, conf=-1: peers:[80fac8df-d086-4186-9807-ed58a74d6c90|rpc:10.1.0.27:15120|admin:10.1.0.27:15119|client:10.1.0.27:15118|dataStream:10.1.0.27:15121|priority:1|startupRole:FOLLOWER, 5e45d05c-e098-4a5b-a019-6f8f93701f04|rpc:10.1.0.27:15129|admin:10.1.0.27:15128|client:10.1.0.27:15127|dataStream:10.1.0.27:15130|priority:0|startupRole:FOLLOWER, cd0f2c76-867f-4adb-98b4-ea19f4e614c4|rpc:10.1.0.27:15138|admin:10.1.0.27:15137|client:10.1.0.27:15136|dataStream:10.1.0.27:15139|priority:0|startupRole:FOLLOWER]|listeners:[], old=null
2023-08-28 09:33:42,971 [cd0f2c76-867f-4adb-98b4-ea19f4e614c4-groupManagement] INFO  server.RaftServer$Division (RaftServerImpl.java:setRole(329)) - cd0f2c76-867f-4adb-98b4-ea19f4e614c4@group-D67EC9FCB8AC: changes role from      null to FOLLOWER at term 0 for startAsFollower
2023-08-28 09:33:42,971 [cd0f2c76-867f-4adb-98b4-ea19f4e614c4-groupManagement] INFO  impl.RoleInfo (RoleInfo.java:updateAndGet(139)) - cd0f2c76-867f-4adb-98b4-ea19f4e614c4: start cd0f2c76-867f-4adb-98b4-ea19f4e614c4@group-D67EC9FCB8AC-FollowerState
2023-08-28 09:33:42,972 [cd0f2c76-867f-4adb-98b4-ea19f4e614c4-groupManagement] INFO  util.JmxRegister (JmxRegister.java:tryRegister(44)) - Successfully registered JMX Bean with object name Ratis:service=RaftServer,group=group-D67EC9FCB8AC,id=cd0f2c76-867f-4adb-98b4-ea19f4e614c4
2023-08-28 09:33:42,972 [cd0f2c76-867f-4adb-98b4-ea19f4e614c4-groupManagement] INFO  server.RaftServerConfigKeys (ConfUtils.java:logGet(46)) - raft.server.snapshot.auto.trigger.enabled = true (custom)
2023-08-28 09:33:42,972 [cd0f2c76-867f-4adb-98b4-ea19f4e614c4-groupManagement] INFO  server.RaftServerConfigKeys (ConfUtils.java:logGet(46)) - raft.server.snapshot.auto.trigger.threshold = 10000 (custom)
2023-08-28 09:33:42,972 [cd0f2c76-867f-4adb-98b4-ea19f4e614c4-groupManagement] INFO  server.RaftServerConfigKeys (ConfUtils.java:logGet(46)) - raft.server.snapshot.retention.file.num = 5 (custom)
2023-08-28 09:33:42,972 [cd0f2c76-867f-4adb-98b4-ea19f4e614c4-groupManagement] INFO  server.RaftServerConfigKeys (ConfUtils.java:logGet(46)) - raft.server.log.purge.upto.snapshot.index = false (default)
2023-08-28 09:33:42,972 [cd0f2c76-867f-4adb-98b4-ea19f4e614c4@group-D67EC9FCB8AC-FollowerState] INFO  server.RaftServerConfigKeys (ConfUtils.java:logFallback(53)) - raft.server.rpc.first-election.timeout.min = 5s (fallback to raft.server.rpc.timeout.min)
2023-08-28 09:33:42,972 [cd0f2c76-867f-4adb-98b4-ea19f4e614c4@group-D67EC9FCB8AC-FollowerState] INFO  server.RaftServerConfigKeys (ConfUtils.java:logFallback(53)) - raft.server.rpc.first-election.timeout.max = 5200ms (fallback to raft.server.rpc.timeout.max)
2023-08-28 09:33:42,973 [5e45d05c-e098-4a5b-a019-6f8f93701f04-groupManagement] INFO  util.JmxRegister (JmxRegister.java:tryRegister(44)) - Successfully registered JMX Bean with object name Ratis:service=RaftServer,group=group-D67EC9FCB8AC,id=5e45d05c-e098-4a5b-a019-6f8f93701f04
2023-08-28 09:33:42,973 [5e45d05c-e098-4a5b-a019-6f8f93701f04-groupManagement] INFO  server.RaftServerConfigKeys (ConfUtils.java:logGet(46)) - raft.server.snapshot.auto.trigger.enabled = true (custom)
2023-08-28 09:33:42,973 [5e45d05c-e098-4a5b-a019-6f8f93701f04-groupManagement] INFO  server.RaftServerConfigKeys (ConfUtils.java:logGet(46)) - raft.server.snapshot.auto.trigger.threshold = 10000 (custom)
2023-08-28 09:33:42,973 [5e45d05c-e098-4a5b-a019-6f8f93701f04-groupManagement] INFO  server.RaftServerConfigKeys (ConfUtils.java:logGet(46)) - raft.server.snapshot.retention.file.num = 5 (custom)
2023-08-28 09:33:42,973 [5e45d05c-e098-4a5b-a019-6f8f93701f04-groupManagement] INFO  server.RaftServerConfigKeys (ConfUtils.java:logGet(46)) - raft.server.log.purge.upto.snapshot.index = false (default)
2023-08-28 09:33:42,973 [5e45d05c-e098-4a5b-a019-6f8f93701f04@group-D67EC9FCB8AC-FollowerState] INFO  server.RaftServerConfigKeys (ConfUtils.java:logFallback(53)) - raft.server.rpc.first-election.timeout.min = 5s (fallback to raft.server.rpc.timeout.min)
2023-08-28 09:33:42,973 [5e45d05c-e098-4a5b-a019-6f8f93701f04@group-D67EC9FCB8AC-FollowerState] INFO  server.RaftServerConfigKeys (ConfUtils.java:logFallback(53)) - raft.server.rpc.first-election.timeout.max = 5200ms (fallback to raft.server.rpc.timeout.max)
2023-08-28 09:33:42,973 [PipelineCommandHandlerThread-0] INFO  ratis.XceiverServerRatis (XceiverServerRatis.java:addGroup(804)) - Created group PipelineID=583a2e2c-9fe4-49db-893a-d67ec9fcb8ac
2023-08-28 09:33:43,042 [PipelineCommandHandlerThread-0] INFO  commandhandler.CreatePipelineCommandHandler (CreatePipelineCommandHandler.java:lambda$handle$2(124)) - Created Pipeline RATIS THREE PipelineID=583a2e2c-9fe4-49db-893a-d67ec9fcb8ac.
2023-08-28 09:33:43,058 [PipelineCommandHandlerThread-0] INFO  commandhandler.CreatePipelineCommandHandler (CreatePipelineCommandHandler.java:lambda$handle$2(124)) - Created Pipeline RATIS THREE PipelineID=583a2e2c-9fe4-49db-893a-d67ec9fcb8ac.
2023-08-28 09:33:43,205 [PipelineCommandHandlerThread-0] INFO  server.RaftServer (RaftServerProxy.java:addNew(98)) - cd0f2c76-867f-4adb-98b4-ea19f4e614c4: addNew group-2862A91966C4:[cd0f2c76-867f-4adb-98b4-ea19f4e614c4|rpc:10.1.0.27:15138|admin:10.1.0.27:15137|client:10.1.0.27:15136|dataStream:10.1.0.27:15139|priority:1|startupRole:FOLLOWER] returns group-2862A91966C4:java.util.concurrent.CompletableFuture@6f4b963f[Not completed]
2023-08-28 09:33:43,206 [cd0f2c76-867f-4adb-98b4-ea19f4e614c4-groupManagement] INFO  server.RaftServer$Division (RaftServerImpl.java:<init>(198)) - cd0f2c76-867f-4adb-98b4-ea19f4e614c4: new RaftServerImpl for group-2862A91966C4:[cd0f2c76-867f-4adb-98b4-ea19f4e614c4|rpc:10.1.0.27:15138|admin:10.1.0.27:15137|client:10.1.0.27:15136|dataStream:10.1.0.27:15139|priority:1|startupRole:FOLLOWER] with ContainerStateMachine:uninitialized
2023-08-28 09:33:43,206 [cd0f2c76-867f-4adb-98b4-ea19f4e614c4-groupManagement] INFO  server.RaftServerConfigKeys (ConfUtils.java:logGet(46)) - raft.server.rpc.timeout.min = 5s (custom)
2023-08-28 09:33:43,206 [cd0f2c76-867f-4adb-98b4-ea19f4e614c4-groupManagement] INFO  server.RaftServerConfigKeys (ConfUtils.java:logGet(46)) - raft.server.rpc.timeout.max = 5200ms (custom)
2023-08-28 09:33:43,206 [cd0f2c76-867f-4adb-98b4-ea19f4e614c4-groupManagement] INFO  server.RaftServerConfigKeys (ConfUtils.java:logGet(46)) - raft.server.rpc.sleep.time = 25ms (default)
2023-08-28 09:33:43,206 [cd0f2c76-867f-4adb-98b4-ea19f4e614c4-groupManagement] INFO  server.RaftServerConfigKeys (ConfUtils.java:logGet(46)) - raft.server.rpc.slowness.timeout = 300s (custom)
2023-08-28 09:33:43,206 [cd0f2c76-867f-4adb-98b4-ea19f4e614c4-groupManagement] INFO  server.RaftServerConfigKeys (ConfUtils.java:logGet(46)) - raft.server.leaderelection.leader.step-down.wait-time = 10s (default)
2023-08-28 09:33:43,206 [cd0f2c76-867f-4adb-98b4-ea19f4e614c4-groupManagement] INFO  server.RaftServerConfigKeys (ConfUtils.java:logGet(46)) - raft.server.sleep.deviation.threshold = 300ms (default)
2023-08-28 09:33:43,206 [cd0f2c76-867f-4adb-98b4-ea19f4e614c4-groupManagement] INFO  server.RaftServer$Division (ServerState.java:<init>(120)) - cd0f2c76-867f-4adb-98b4-ea19f4e614c4@group-2862A91966C4: ConfigurationManager, init=-1: peers:[cd0f2c76-867f-4adb-98b4-ea19f4e614c4|rpc:10.1.0.27:15138|admin:10.1.0.27:15137|client:10.1.0.27:15136|dataStream:10.1.0.27:15139|priority:1|startupRole:FOLLOWER]|listeners:[], old=null, confs=<EMPTY_MAP>
2023-08-28 09:33:43,206 [cd0f2c76-867f-4adb-98b4-ea19f4e614c4-groupManagement] INFO  server.RaftServerConfigKeys (ConfUtils.java:logGet(46)) - raft.server.storage.dir = [/home/runner/work/ozone/ozone/hadoop-ozone/integration-test/target/test-dir/MiniOzoneClusterImpl-ff034f8e-8080-4075-bf38-01537132cba4/datanode-2/data/ratis] (custom)
2023-08-28 09:33:43,206 [cd0f2c76-867f-4adb-98b4-ea19f4e614c4-groupManagement] INFO  server.RaftServerConfigKeys (ConfUtils.java:logGet(46)) - raft.server.log.corruption.policy = EXCEPTION (default)
2023-08-28 09:33:43,206 [cd0f2c76-867f-4adb-98b4-ea19f4e614c4-groupManagement] INFO  server.RaftServerConfigKeys (ConfUtils.java:logGet(46)) - raft.server.storage.free-space.min = 0MB (=0) (default)
2023-08-28 09:33:43,207 [cd0f2c76-867f-4adb-98b4-ea19f4e614c4-groupManagement] INFO  server.RaftServerConfigKeys (ConfUtils.java:logGet(46)) - raft.server.notification.no-leader.timeout = 300s (custom)
2023-08-28 09:33:43,207 [cd0f2c76-867f-4adb-98b4-ea19f4e614c4-groupManagement] INFO  server.RaftServerConfigKeys (ConfUtils.java:logGet(46)) - raft.server.read.timeout = 10s (default)
2023-08-28 09:33:43,207 [cd0f2c76-867f-4adb-98b4-ea19f4e614c4-groupManagement] INFO  server.RaftServerConfigKeys (ConfUtils.java:logGet(46)) - raft.server.retrycache.expirytime = 600000ms (custom)
2023-08-28 09:33:43,207 [cd0f2c76-867f-4adb-98b4-ea19f4e614c4-groupManagement] INFO  server.RaftServerConfigKeys (ConfUtils.java:logGet(46)) - raft.server.retrycache.statistics.expirytime = 100μs (default)
2023-08-28 09:33:43,207 [cd0f2c76-867f-4adb-98b4-ea19f4e614c4-groupManagement] INFO  server.RaftServerConfigKeys (ConfUtils.java:logGet(46)) - raft.server.read.option = DEFAULT (default)
2023-08-28 09:33:43,207 [cd0f2c76-867f-4adb-98b4-ea19f4e614c4-groupManagement] INFO  server.RaftServerConfigKeys (ConfUtils.java:logGet(46)) - raft.server.rpc.request.timeout = 60s (custom)
2023-08-28 09:33:43,208 [cd0f2c76-867f-4adb-98b4-ea19f4e614c4-groupManagement] INFO  server.RaftServerConfigKeys (ConfUtils.java:logGet(46)) - raft.server.log.appender.install.snapshot.enabled = false (custom)
2023-08-28 09:33:43,208 [cd0f2c76-867f-4adb-98b4-ea19f4e614c4-groupManagement] INFO  server.RaftServerConfigKeys (ConfUtils.java:logGet(46)) - raft.server.threadpool.server.cached = true (default)
2023-08-28 09:33:43,208 [cd0f2c76-867f-4adb-98b4-ea19f4e614c4-groupManagement] INFO  server.RaftServerConfigKeys (ConfUtils.java:logGet(46)) - raft.server.threadpool.server.size = 0 (default)
2023-08-28 09:33:43,208 [cd0f2c76-867f-4adb-98b4-ea19f4e614c4-groupManagement] INFO  server.RaftServerConfigKeys (ConfUtils.java:logGet(46)) - raft.server.threadpool.client.cached = true (default)
2023-08-28 09:33:43,208 [cd0f2c76-867f-4adb-98b4-ea19f4e614c4-groupManagement] INFO  server.RaftServerConfigKeys (ConfUtils.java:logGet(46)) - raft.server.threadpool.client.size = 0 (default)
2023-08-28 09:33:43,208 [cd0f2c76-867f-4adb-98b4-ea19f4e614c4-groupManagement] INFO  storage.RaftStorageDirectory (RaftStorageDirectoryImpl.java:analyzeStorage(137)) - The storage directory /home/runner/work/ozone/ozone/hadoop-ozone/integration-test/target/test-dir/MiniOzoneClusterImpl-ff034f8e-8080-4075-bf38-01537132cba4/datanode-2/data/ratis/6ccf0fc7-14e3-4d38-8983-2862a91966c4 does not exist. Creating ...
2023-08-28 09:33:43,209 [cd0f2c76-867f-4adb-98b4-ea19f4e614c4-groupManagement] INFO  storage.RaftStorageDirectory (RaftStorageDirectoryImpl.java:tryLock(231)) - Lock on /home/runner/work/ozone/ozone/hadoop-ozone/integration-test/target/test-dir/MiniOzoneClusterImpl-ff034f8e-8080-4075-bf38-01537132cba4/datanode-2/data/ratis/6ccf0fc7-14e3-4d38-8983-2862a91966c4/in_use.lock acquired by nodename 61172@fv-az625-77
2023-08-28 09:33:43,210 [cd0f2c76-867f-4adb-98b4-ea19f4e614c4-groupManagement] INFO  storage.RaftStorage (RaftStorageImpl.java:format(96)) - Storage directory /home/runner/work/ozone/ozone/hadoop-ozone/integration-test/target/test-dir/MiniOzoneClusterImpl-ff034f8e-8080-4075-bf38-01537132cba4/datanode-2/data/ratis/6ccf0fc7-14e3-4d38-8983-2862a91966c4 has been successfully formatted.
2023-08-28 09:33:43,211 [cd0f2c76-867f-4adb-98b4-ea19f4e614c4-groupManagement] INFO  ratis.ContainerStateMachine (ContainerStateMachine.java:loadSnapshot(262)) - group-2862A91966C4: The snapshot info is null. Setting the last applied indexto:(t:0, i:~)
2023-08-28 09:33:43,211 [cd0f2c76-867f-4adb-98b4-ea19f4e614c4-groupManagement] INFO  server.RaftServerConfigKeys (ConfUtils.java:logGet(46)) - raft.server.log.use.memory = false (default)
2023-08-28 09:33:43,211 [cd0f2c76-867f-4adb-98b4-ea19f4e614c4-groupManagement] INFO  server.RaftServerConfigKeys (ConfUtils.java:logGet(46)) - raft.server.log.purge.gap = 1000000 (custom)
2023-08-28 09:33:43,211 [cd0f2c76-867f-4adb-98b4-ea19f4e614c4-groupManagement] INFO  server.RaftServerConfigKeys (ConfUtils.java:logGet(46)) - raft.server.log.appender.buffer.byte-limit = 33554432 (custom)
2023-08-28 09:33:43,211 [cd0f2c76-867f-4adb-98b4-ea19f4e614c4-groupManagement] INFO  server.RaftServerConfigKeys (ConfUtils.java:logGet(46)) - raft.server.log.statemachine.data.read.timeout = 1000ms (default)
2023-08-28 09:33:43,211 [cd0f2c76-867f-4adb-98b4-ea19f4e614c4-groupManagement] INFO  server.RaftServerConfigKeys (ConfUtils.java:logGet(46)) - raft.server.log.purge.preservation.log.num = 0 (default)
2023-08-28 09:33:43,211 [cd0f2c76-867f-4adb-98b4-ea19f4e614c4-groupManagement] INFO  server.RaftServerConfigKeys (ConfUtils.java:logGet(46)) - raft.server.log.segment.size.max = 1048576 (custom)
2023-08-28 09:33:43,211 [cd0f2c76-867f-4adb-98b4-ea19f4e614c4-groupManagement] INFO  server.RaftServerConfigKeys (ConfUtils.java:logGet(46)) - raft.server.log.segment.cache.num.max = 2 (custom)
2023-08-28 09:33:43,211 [cd0f2c76-867f-4adb-98b4-ea19f4e614c4-groupManagement] INFO  server.RaftServerConfigKeys (ConfUtils.java:logGet(46)) - raft.server.log.segment.cache.size.max = 200MB (=209715200) (default)
2023-08-28 09:33:43,211 [cd0f2c76-867f-4adb-98b4-ea19f4e614c4-groupManagement] INFO  server.RaftServerConfigKeys (ConfUtils.java:logGet(46)) - raft.server.log.appender.buffer.byte-limit = 33554432 (custom)
2023-08-28 09:33:43,211 [cd0f2c76-867f-4adb-98b4-ea19f4e614c4-groupManagement] INFO  segmented.SegmentedRaftLogWorker (SegmentedRaftLogWorker.java:<init>(188)) - new cd0f2c76-867f-4adb-98b4-ea19f4e614c4@group-2862A91966C4-SegmentedRaftLogWorker for RaftStorageImpl:Storage Directory /home/runner/work/ozone/ozone/hadoop-ozone/integration-test/target/test-dir/MiniOzoneClusterImpl-ff034f8e-8080-4075-bf38-01537132cba4/datanode-2/data/ratis/6ccf0fc7-14e3-4d38-8983-2862a91966c4
2023-08-28 09:33:43,211 [cd0f2c76-867f-4adb-98b4-ea19f4e614c4-groupManagement] INFO  server.RaftServerConfigKeys (ConfUtils.java:logGet(46)) - raft.server.log.queue.byte-limit = 4294967296 (custom)
2023-08-28 09:33:43,211 [cd0f2c76-867f-4adb-98b4-ea19f4e614c4-groupManagement] INFO  server.RaftServerConfigKeys (ConfUtils.java:logGet(46)) - raft.server.log.queue.element-limit = 1024 (custom)
2023-08-28 09:33:43,211 [cd0f2c76-867f-4adb-98b4-ea19f4e614c4-groupManagement] INFO  server.RaftServerConfigKeys (ConfUtils.java:logGet(46)) - raft.server.log.segment.size.max = 1048576 (custom)
2023-08-28 09:33:43,212 [cd0f2c76-867f-4adb-98b4-ea19f4e614c4-groupManagement] INFO  server.RaftServerConfigKeys (ConfUtils.java:logGet(46)) - raft.server.log.preallocated.size = 16384 (custom)
2023-08-28 09:33:43,212 [cd0f2c76-867f-4adb-98b4-ea19f4e614c4-groupManagement] INFO  server.RaftServerConfigKeys (ConfUtils.java:logGet(46)) - raft.server.log.force.sync.num = 128 (default)
2023-08-28 09:33:43,212 [cd0f2c76-867f-4adb-98b4-ea19f4e614c4-groupManagement] INFO  server.RaftServerConfigKeys (ConfUtils.java:logGet(46)) - raft.server.log.statemachine.data.sync = true (default)
2023-08-28 09:33:43,212 [cd0f2c76-867f-4adb-98b4-ea19f4e614c4-groupManagement] INFO  server.RaftServerConfigKeys (ConfUtils.java:logGet(46)) - raft.server.log.statemachine.data.sync.timeout = 10s (default)
2023-08-28 09:33:43,212 [cd0f2c76-867f-4adb-98b4-ea19f4e614c4-groupManagement] INFO  server.RaftServerConfigKeys (ConfUtils.java:logGet(46)) - raft.server.log.statemachine.data.sync.timeout.retry = -1 (default)
2023-08-28 09:33:43,212 [EventQueue-PipelineReportForPipelineReportHandler] INFO  pipeline.PipelineReportHandler (PipelineReportHandler.java:processPipelineReport(136)) - Opened pipeline PipelineID=6ccf0fc7-14e3-4d38-8983-2862a91966c4
2023-08-28 09:33:43,212 [EventQueue-OpenPipelineForHealthyPipelineSafeModeRule] INFO  safemode.SCMSafeModeManager (HealthyPipelineSafeModeRule.java:process(137)) - SCM in safe mode. Healthy pipelines reported count is 0, required healthy pipeline reported count is 1
2023-08-28 09:33:43,212 [cd0f2c76-867f-4adb-98b4-ea19f4e614c4-groupManagement] INFO  server.RaftServerConfigKeys (ConfUtils.java:logGet(46)) - raft.server.log.write.buffer.size = 1048576 (custom)
2023-08-28 09:33:43,213 [cd0f2c76-867f-4adb-98b4-ea19f4e614c4-groupManagement] INFO  server.RaftServerConfigKeys (ConfUtils.java:logGet(46)) - raft.server.log.appender.buffer.byte-limit = 33554432 (custom)
2023-08-28 09:33:43,220 [cd0f2c76-867f-4adb-98b4-ea19f4e614c4-groupManagement] INFO  server.RaftServerConfigKeys (ConfUtils.java:logGet(46)) - raft.server.log.unsafe-flush.enabled = false (default)
2023-08-28 09:33:43,220 [cd0f2c76-867f-4adb-98b4-ea19f4e614c4-groupManagement] INFO  server.RaftServerConfigKeys (ConfUtils.java:logGet(46)) - raft.server.log.async-flush.enabled = false (default)
2023-08-28 09:33:43,220 [cd0f2c76-867f-4adb-98b4-ea19f4e614c4-groupManagement] INFO  server.RaftServerConfigKeys (ConfUtils.java:logGet(46)) - raft.server.log.statemachine.data.caching.enabled = true (custom)
2023-08-28 09:33:43,220 [cd0f2c76-867f-4adb-98b4-ea19f4e614c4-groupManagement] INFO  segmented.SegmentedRaftLogWorker (SegmentedRaftLogWorker.java:lambda$new$0(135)) - cd0f2c76-867f-4adb-98b4-ea19f4e614c4@group-2862A91966C4-SegmentedRaftLogWorker: flushIndex: setUnconditionally 0 -> -1
2023-08-28 09:33:43,220 [cd0f2c76-867f-4adb-98b4-ea19f4e614c4-groupManagement] INFO  segmented.SegmentedRaftLogWorker (SegmentedRaftLogWorker.java:lambda$new$0(135)) - cd0f2c76-867f-4adb-98b4-ea19f4e614c4@group-2862A91966C4-SegmentedRaftLogWorker: safeCacheEvictIndex: setUnconditionally 0 -> -1
2023-08-28 09:33:43,220 [cd0f2c76-867f-4adb-98b4-ea19f4e614c4-groupManagement] INFO  server.RaftServer$Division (RaftServerImpl.java:start(342)) - cd0f2c76-867f-4adb-98b4-ea19f4e614c4@group-2862A91966C4: start as a follower, conf=-1: peers:[cd0f2c76-867f-4adb-98b4-ea19f4e614c4|rpc:10.1.0.27:15138|admin:10.1.0.27:15137|client:10.1.0.27:15136|dataStream:10.1.0.27:15139|priority:1|startupRole:FOLLOWER]|listeners:[], old=null
2023-08-28 09:33:43,220 [cd0f2c76-867f-4adb-98b4-ea19f4e614c4-groupManagement] INFO  server.RaftServer$Division (RaftServerImpl.java:setRole(329)) - cd0f2c76-867f-4adb-98b4-ea19f4e614c4@group-2862A91966C4: changes role from      null to FOLLOWER at term 0 for startAsFollower
2023-08-28 09:33:43,220 [cd0f2c76-867f-4adb-98b4-ea19f4e614c4-groupManagement] INFO  impl.RoleInfo (RoleInfo.java:updateAndGet(139)) - cd0f2c76-867f-4adb-98b4-ea19f4e614c4: start cd0f2c76-867f-4adb-98b4-ea19f4e614c4@group-2862A91966C4-FollowerState
2023-08-28 09:33:43,221 [cd0f2c76-867f-4adb-98b4-ea19f4e614c4-groupManagement] INFO  util.JmxRegister (JmxRegister.java:tryRegister(44)) - Successfully registered JMX Bean with object name Ratis:service=RaftServer,group=group-2862A91966C4,id=cd0f2c76-867f-4adb-98b4-ea19f4e614c4
2023-08-28 09:33:43,221 [cd0f2c76-867f-4adb-98b4-ea19f4e614c4-groupManagement] INFO  server.RaftServerConfigKeys (ConfUtils.java:logGet(46)) - raft.server.snapshot.auto.trigger.enabled = true (custom)
2023-08-28 09:33:43,221 [cd0f2c76-867f-4adb-98b4-ea19f4e614c4-groupManagement] INFO  server.RaftServerConfigKeys (ConfUtils.java:logGet(46)) - raft.server.snapshot.auto.trigger.threshold = 10000 (custom)
2023-08-28 09:33:43,221 [cd0f2c76-867f-4adb-98b4-ea19f4e614c4-groupManagement] INFO  server.RaftServerConfigKeys (ConfUtils.java:logGet(46)) - raft.server.snapshot.retention.file.num = 5 (custom)
2023-08-28 09:33:43,221 [cd0f2c76-867f-4adb-98b4-ea19f4e614c4-groupManagement] INFO  server.RaftServerConfigKeys (ConfUtils.java:logGet(46)) - raft.server.log.purge.upto.snapshot.index = false (default)
2023-08-28 09:33:43,221 [cd0f2c76-867f-4adb-98b4-ea19f4e614c4@group-2862A91966C4-FollowerState] INFO  server.RaftServerConfigKeys (ConfUtils.java:logFallback(53)) - raft.server.rpc.first-election.timeout.min = 5s (fallback to raft.server.rpc.timeout.min)
2023-08-28 09:33:43,221 [cd0f2c76-867f-4adb-98b4-ea19f4e614c4@group-2862A91966C4-FollowerState] INFO  server.RaftServerConfigKeys (ConfUtils.java:logFallback(53)) - raft.server.rpc.first-election.timeout.max = 5200ms (fallback to raft.server.rpc.timeout.max)
2023-08-28 09:33:43,224 [PipelineCommandHandlerThread-0] INFO  ratis.XceiverServerRatis (XceiverServerRatis.java:addGroup(804)) - Created group PipelineID=6ccf0fc7-14e3-4d38-8983-2862a91966c4
2023-08-28 09:33:43,224 [PipelineCommandHandlerThread-0] INFO  commandhandler.CreatePipelineCommandHandler (CreatePipelineCommandHandler.java:lambda$handle$2(124)) - Created Pipeline RATIS ONE PipelineID=6ccf0fc7-14e3-4d38-8983-2862a91966c4.
2023-08-28 09:33:43,484 [PipelineCommandHandlerThread-0] INFO  server.RaftServer (RaftServerProxy.java:addNew(98)) - 95288828-abab-422b-9e50-2ffffa7b82dd: addNew group-0D7AD4651803:[95288828-abab-422b-9e50-2ffffa7b82dd|rpc:10.1.0.27:15147|admin:10.1.0.27:15146|client:10.1.0.27:15145|dataStream:10.1.0.27:15148|priority:1|startupRole:FOLLOWER] returns group-0D7AD4651803:java.util.concurrent.CompletableFuture@2f335e3f[Not completed]
2023-08-28 09:33:43,486 [95288828-abab-422b-9e50-2ffffa7b82dd-groupManagement] INFO  server.RaftServer$Division (RaftServerImpl.java:<init>(198)) - 95288828-abab-422b-9e50-2ffffa7b82dd: new RaftServerImpl for group-0D7AD4651803:[95288828-abab-422b-9e50-2ffffa7b82dd|rpc:10.1.0.27:15147|admin:10.1.0.27:15146|client:10.1.0.27:15145|dataStream:10.1.0.27:15148|priority:1|startupRole:FOLLOWER] with ContainerStateMachine:uninitialized
2023-08-28 09:33:43,486 [95288828-abab-422b-9e50-2ffffa7b82dd-groupManagement] INFO  server.RaftServerConfigKeys (ConfUtils.java:logGet(46)) - raft.server.rpc.timeout.min = 5s (custom)
2023-08-28 09:33:43,486 [95288828-abab-422b-9e50-2ffffa7b82dd-groupManagement] INFO  server.RaftServerConfigKeys (ConfUtils.java:logGet(46)) - raft.server.rpc.timeout.max = 5200ms (custom)
2023-08-28 09:33:43,486 [95288828-abab-422b-9e50-2ffffa7b82dd-groupManagement] INFO  server.RaftServerConfigKeys (ConfUtils.java:logGet(46)) - raft.server.rpc.sleep.time = 25ms (default)
2023-08-28 09:33:43,486 [95288828-abab-422b-9e50-2ffffa7b82dd-groupManagement] INFO  server.RaftServerConfigKeys (ConfUtils.java:logGet(46)) - raft.server.rpc.slowness.timeout = 300s (custom)
2023-08-28 09:33:43,486 [95288828-abab-422b-9e50-2ffffa7b82dd-groupManagement] INFO  server.RaftServerConfigKeys (ConfUtils.java:logGet(46)) - raft.server.leaderelection.leader.step-down.wait-time = 10s (default)
2023-08-28 09:33:43,486 [95288828-abab-422b-9e50-2ffffa7b82dd-groupManagement] INFO  server.RaftServerConfigKeys (ConfUtils.java:logGet(46)) - raft.server.sleep.deviation.threshold = 300ms (default)
2023-08-28 09:33:43,486 [95288828-abab-422b-9e50-2ffffa7b82dd-groupManagement] INFO  server.RaftServer$Division (ServerState.java:<init>(120)) - 95288828-abab-422b-9e50-2ffffa7b82dd@group-0D7AD4651803: ConfigurationManager, init=-1: peers:[95288828-abab-422b-9e50-2ffffa7b82dd|rpc:10.1.0.27:15147|admin:10.1.0.27:15146|client:10.1.0.27:15145|dataStream:10.1.0.27:15148|priority:1|startupRole:FOLLOWER]|listeners:[], old=null, confs=<EMPTY_MAP>
2023-08-28 09:33:43,486 [95288828-abab-422b-9e50-2ffffa7b82dd-groupManagement] INFO  server.RaftServerConfigKeys (ConfUtils.java:logGet(46)) - raft.server.storage.dir = [/home/runner/work/ozone/ozone/hadoop-ozone/integration-test/target/test-dir/MiniOzoneClusterImpl-ff034f8e-8080-4075-bf38-01537132cba4/datanode-3/data/ratis] (custom)
2023-08-28 09:33:43,486 [95288828-abab-422b-9e50-2ffffa7b82dd-groupManagement] INFO  server.RaftServerConfigKeys (ConfUtils.java:logGet(46)) - raft.server.log.corruption.policy = EXCEPTION (default)
2023-08-28 09:33:43,486 [95288828-abab-422b-9e50-2ffffa7b82dd-groupManagement] INFO  server.RaftServerConfigKeys (ConfUtils.java:logGet(46)) - raft.server.storage.free-space.min = 0MB (=0) (default)
2023-08-28 09:33:43,486 [95288828-abab-422b-9e50-2ffffa7b82dd-groupManagement] INFO  server.RaftServerConfigKeys (ConfUtils.java:logGet(46)) - raft.server.notification.no-leader.timeout = 300s (custom)
2023-08-28 09:33:43,486 [95288828-abab-422b-9e50-2ffffa7b82dd-groupManagement] INFO  server.RaftServerConfigKeys (ConfUtils.java:logGet(46)) - raft.server.read.timeout = 10s (default)
2023-08-28 09:33:43,486 [95288828-abab-422b-9e50-2ffffa7b82dd-groupManagement] INFO  server.RaftServerConfigKeys (ConfUtils.java:logGet(46)) - raft.server.retrycache.expirytime = 600000ms (custom)
2023-08-28 09:33:43,486 [95288828-abab-422b-9e50-2ffffa7b82dd-groupManagement] INFO  server.RaftServerConfigKeys (ConfUtils.java:logGet(46)) - raft.server.retrycache.statistics.expirytime = 100μs (default)
2023-08-28 09:33:43,487 [95288828-abab-422b-9e50-2ffffa7b82dd-groupManagement] INFO  server.RaftServerConfigKeys (ConfUtils.java:logGet(46)) - raft.server.read.option = DEFAULT (default)
2023-08-28 09:33:43,487 [95288828-abab-422b-9e50-2ffffa7b82dd-groupManagement] INFO  server.RaftServerConfigKeys (ConfUtils.java:logGet(46)) - raft.server.rpc.request.timeout = 60s (custom)
2023-08-28 09:33:43,487 [95288828-abab-422b-9e50-2ffffa7b82dd-groupManagement] INFO  server.RaftServerConfigKeys (ConfUtils.java:logGet(46)) - raft.server.log.appender.install.snapshot.enabled = false (custom)
2023-08-28 09:33:43,487 [95288828-abab-422b-9e50-2ffffa7b82dd-groupManagement] INFO  server.RaftServerConfigKeys (ConfUtils.java:logGet(46)) - raft.server.threadpool.server.cached = true (default)
2023-08-28 09:33:43,487 [95288828-abab-422b-9e50-2ffffa7b82dd-groupManagement] INFO  server.RaftServerConfigKeys (ConfUtils.java:logGet(46)) - raft.server.threadpool.server.size = 0 (default)
2023-08-28 09:33:43,487 [95288828-abab-422b-9e50-2ffffa7b82dd-groupManagement] INFO  server.RaftServerConfigKeys (ConfUtils.java:logGet(46)) - raft.server.threadpool.client.cached = true (default)
2023-08-28 09:33:43,487 [95288828-abab-422b-9e50-2ffffa7b82dd-groupManagement] INFO  server.RaftServerConfigKeys (ConfUtils.java:logGet(46)) - raft.server.threadpool.client.size = 0 (default)
2023-08-28 09:33:43,487 [95288828-abab-422b-9e50-2ffffa7b82dd-groupManagement] INFO  storage.RaftStorageDirectory (RaftStorageDirectoryImpl.java:analyzeStorage(137)) - The storage directory /home/runner/work/ozone/ozone/hadoop-ozone/integration-test/target/test-dir/MiniOzoneClusterImpl-ff034f8e-8080-4075-bf38-01537132cba4/datanode-3/data/ratis/3c5ed80b-167b-4387-9e9b-0d7ad4651803 does not exist. Creating ...
2023-08-28 09:33:43,489 [95288828-abab-422b-9e50-2ffffa7b82dd-groupManagement] INFO  storage.RaftStorageDirectory (RaftStorageDirectoryImpl.java:tryLock(231)) - Lock on /home/runner/work/ozone/ozone/hadoop-ozone/integration-test/target/test-dir/MiniOzoneClusterImpl-ff034f8e-8080-4075-bf38-01537132cba4/datanode-3/data/ratis/3c5ed80b-167b-4387-9e9b-0d7ad4651803/in_use.lock acquired by nodename 61172@fv-az625-77
2023-08-28 09:33:43,490 [95288828-abab-422b-9e50-2ffffa7b82dd-groupManagement] INFO  storage.RaftStorage (RaftStorageImpl.java:format(96)) - Storage directory /home/runner/work/ozone/ozone/hadoop-ozone/integration-test/target/test-dir/MiniOzoneClusterImpl-ff034f8e-8080-4075-bf38-01537132cba4/datanode-3/data/ratis/3c5ed80b-167b-4387-9e9b-0d7ad4651803 has been successfully formatted.
2023-08-28 09:33:43,491 [95288828-abab-422b-9e50-2ffffa7b82dd-groupManagement] INFO  ratis.ContainerStateMachine (ContainerStateMachine.java:loadSnapshot(262)) - group-0D7AD4651803: The snapshot info is null. Setting the last applied indexto:(t:0, i:~)
2023-08-28 09:33:43,491 [95288828-abab-422b-9e50-2ffffa7b82dd-groupManagement] INFO  server.RaftServerConfigKeys (ConfUtils.java:logGet(46)) - raft.server.log.use.memory = false (default)
2023-08-28 09:33:43,493 [EventQueue-PipelineReportForPipelineReportHandler] INFO  pipeline.PipelineReportHandler (PipelineReportHandler.java:processPipelineReport(136)) - Opened pipeline PipelineID=3c5ed80b-167b-4387-9e9b-0d7ad4651803
2023-08-28 09:33:43,493 [EventQueue-OpenPipelineForHealthyPipelineSafeModeRule] INFO  safemode.SCMSafeModeManager (HealthyPipelineSafeModeRule.java:process(137)) - SCM in safe mode. Healthy pipelines reported count is 0, required healthy pipeline reported count is 1
2023-08-28 09:33:43,494 [95288828-abab-422b-9e50-2ffffa7b82dd-groupManagement] INFO  server.RaftServerConfigKeys (ConfUtils.java:logGet(46)) - raft.server.log.purge.gap = 1000000 (custom)
2023-08-28 09:33:43,494 [95288828-abab-422b-9e50-2ffffa7b82dd-groupManagement] INFO  server.RaftServerConfigKeys (ConfUtils.java:logGet(46)) - raft.server.log.appender.buffer.byte-limit = 33554432 (custom)
2023-08-28 09:33:43,494 [95288828-abab-422b-9e50-2ffffa7b82dd-groupManagement] INFO  server.RaftServerConfigKeys (ConfUtils.java:logGet(46)) - raft.server.log.statemachine.data.read.timeout = 1000ms (default)
2023-08-28 09:33:43,494 [95288828-abab-422b-9e50-2ffffa7b82dd-groupManagement] INFO  server.RaftServerConfigKeys (ConfUtils.java:logGet(46)) - raft.server.log.purge.preservation.log.num = 0 (default)
2023-08-28 09:33:43,494 [95288828-abab-422b-9e50-2ffffa7b82dd-groupManagement] INFO  server.RaftServerConfigKeys (ConfUtils.java:logGet(46)) - raft.server.log.segment.size.max = 1048576 (custom)
2023-08-28 09:33:43,494 [95288828-abab-422b-9e50-2ffffa7b82dd-groupManagement] INFO  server.RaftServerConfigKeys (ConfUtils.java:logGet(46)) - raft.server.log.segment.cache.num.max = 2 (custom)
2023-08-28 09:33:43,494 [95288828-abab-422b-9e50-2ffffa7b82dd-groupManagement] INFO  server.RaftServerConfigKeys (ConfUtils.java:logGet(46)) - raft.server.log.segment.cache.size.max = 200MB (=209715200) (default)
2023-08-28 09:33:43,494 [95288828-abab-422b-9e50-2ffffa7b82dd-groupManagement] INFO  server.RaftServerConfigKeys (ConfUtils.java:logGet(46)) - raft.server.log.appender.buffer.byte-limit = 33554432 (custom)
2023-08-28 09:33:43,494 [95288828-abab-422b-9e50-2ffffa7b82dd-groupManagement] INFO  segmented.SegmentedRaftLogWorker (SegmentedRaftLogWorker.java:<init>(188)) - new 95288828-abab-422b-9e50-2ffffa7b82dd@group-0D7AD4651803-SegmentedRaftLogWorker for RaftStorageImpl:Storage Directory /home/runner/work/ozone/ozone/hadoop-ozone/integration-test/target/test-dir/MiniOzoneClusterImpl-ff034f8e-8080-4075-bf38-01537132cba4/datanode-3/data/ratis/3c5ed80b-167b-4387-9e9b-0d7ad4651803
2023-08-28 09:33:43,494 [95288828-abab-422b-9e50-2ffffa7b82dd-groupManagement] INFO  server.RaftServerConfigKeys (ConfUtils.java:logGet(46)) - raft.server.log.queue.byte-limit = 4294967296 (custom)
2023-08-28 09:33:43,495 [95288828-abab-422b-9e50-2ffffa7b82dd-groupManagement] INFO  server.RaftServerConfigKeys (ConfUtils.java:logGet(46)) - raft.server.log.queue.element-limit = 1024 (custom)
2023-08-28 09:33:43,495 [95288828-abab-422b-9e50-2ffffa7b82dd-groupManagement] INFO  server.RaftServerConfigKeys (ConfUtils.java:logGet(46)) - raft.server.log.segment.size.max = 1048576 (custom)
2023-08-28 09:33:43,495 [95288828-abab-422b-9e50-2ffffa7b82dd-groupManagement] INFO  server.RaftServerConfigKeys (ConfUtils.java:logGet(46)) - raft.server.log.preallocated.size = 16384 (custom)
2023-08-28 09:33:43,495 [95288828-abab-422b-9e50-2ffffa7b82dd-groupManagement] INFO  server.RaftServerConfigKeys (ConfUtils.java:logGet(46)) - raft.server.log.force.sync.num = 128 (default)
2023-08-28 09:33:43,495 [95288828-abab-422b-9e50-2ffffa7b82dd-groupManagement] INFO  server.RaftServerConfigKeys (ConfUtils.java:logGet(46)) - raft.server.log.statemachine.data.sync = true (default)
2023-08-28 09:33:43,495 [95288828-abab-422b-9e50-2ffffa7b82dd-groupManagement] INFO  server.RaftServerConfigKeys (ConfUtils.java:logGet(46)) - raft.server.log.statemachine.data.sync.timeout = 10s (default)
2023-08-28 09:33:43,495 [95288828-abab-422b-9e50-2ffffa7b82dd-groupManagement] INFO  server.RaftServerConfigKeys (ConfUtils.java:logGet(46)) - raft.server.log.statemachine.data.sync.timeout.retry = -1 (default)
2023-08-28 09:33:43,495 [95288828-abab-422b-9e50-2ffffa7b82dd-groupManagement] INFO  server.RaftServerConfigKeys (ConfUtils.java:logGet(46)) - raft.server.log.write.buffer.size = 1048576 (custom)
2023-08-28 09:33:43,496 [95288828-abab-422b-9e50-2ffffa7b82dd-groupManagement] INFO  server.RaftServerConfigKeys (ConfUtils.java:logGet(46)) - raft.server.log.appender.buffer.byte-limit = 33554432 (custom)
2023-08-28 09:33:43,500 [95288828-abab-422b-9e50-2ffffa7b82dd-groupManagement] INFO  server.RaftServerConfigKeys (ConfUtils.java:logGet(46)) - raft.server.log.unsafe-flush.enabled = false (default)
2023-08-28 09:33:43,501 [95288828-abab-422b-9e50-2ffffa7b82dd-groupManagement] INFO  server.RaftServerConfigKeys (ConfUtils.java:logGet(46)) - raft.server.log.async-flush.enabled = false (default)
2023-08-28 09:33:43,501 [95288828-abab-422b-9e50-2ffffa7b82dd-groupManagement] INFO  server.RaftServerConfigKeys (ConfUtils.java:logGet(46)) - raft.server.log.statemachine.data.caching.enabled = true (custom)
2023-08-28 09:33:43,501 [95288828-abab-422b-9e50-2ffffa7b82dd-groupManagement] INFO  segmented.SegmentedRaftLogWorker (SegmentedRaftLogWorker.java:lambda$new$0(135)) - 95288828-abab-422b-9e50-2ffffa7b82dd@group-0D7AD4651803-SegmentedRaftLogWorker: flushIndex: setUnconditionally 0 -> -1
2023-08-28 09:33:43,501 [95288828-abab-422b-9e50-2ffffa7b82dd-groupManagement] INFO  segmented.SegmentedRaftLogWorker (SegmentedRaftLogWorker.java:lambda$new$0(135)) - 95288828-abab-422b-9e50-2ffffa7b82dd@group-0D7AD4651803-SegmentedRaftLogWorker: safeCacheEvictIndex: setUnconditionally 0 -> -1
2023-08-28 09:33:43,501 [95288828-abab-422b-9e50-2ffffa7b82dd-groupManagement] INFO  server.RaftServer$Division (RaftServerImpl.java:start(342)) - 95288828-abab-422b-9e50-2ffffa7b82dd@group-0D7AD4651803: start as a follower, conf=-1: peers:[95288828-abab-422b-9e50-2ffffa7b82dd|rpc:10.1.0.27:15147|admin:10.1.0.27:15146|client:10.1.0.27:15145|dataStream:10.1.0.27:15148|priority:1|startupRole:FOLLOWER]|listeners:[], old=null
2023-08-28 09:33:43,501 [95288828-abab-422b-9e50-2ffffa7b82dd-groupManagement] INFO  server.RaftServer$Division (RaftServerImpl.java:setRole(329)) - 95288828-abab-422b-9e50-2ffffa7b82dd@group-0D7AD4651803: changes role from      null to FOLLOWER at term 0 for startAsFollower
2023-08-28 09:33:43,501 [95288828-abab-422b-9e50-2ffffa7b82dd-groupManagement] INFO  impl.RoleInfo (RoleInfo.java:updateAndGet(139)) - 95288828-abab-422b-9e50-2ffffa7b82dd: start 95288828-abab-422b-9e50-2ffffa7b82dd@group-0D7AD4651803-FollowerState
2023-08-28 09:33:43,501 [95288828-abab-422b-9e50-2ffffa7b82dd-groupManagement] INFO  util.JmxRegister (JmxRegister.java:tryRegister(44)) - Successfully registered JMX Bean with object name Ratis:service=RaftServer,group=group-0D7AD4651803,id=95288828-abab-422b-9e50-2ffffa7b82dd
2023-08-28 09:33:43,502 [95288828-abab-422b-9e50-2ffffa7b82dd-groupManagement] INFO  server.RaftServerConfigKeys (ConfUtils.java:logGet(46)) - raft.server.snapshot.auto.trigger.enabled = true (custom)
2023-08-28 09:33:43,502 [95288828-abab-422b-9e50-2ffffa7b82dd-groupManagement] INFO  server.RaftServerConfigKeys (ConfUtils.java:logGet(46)) - raft.server.snapshot.auto.trigger.threshold = 10000 (custom)
2023-08-28 09:33:43,502 [95288828-abab-422b-9e50-2ffffa7b82dd-groupManagement] INFO  server.RaftServerConfigKeys (ConfUtils.java:logGet(46)) - raft.server.snapshot.retention.file.num = 5 (custom)
2023-08-28 09:33:43,502 [95288828-abab-422b-9e50-2ffffa7b82dd-groupManagement] INFO  server.RaftServerConfigKeys (ConfUtils.java:logGet(46)) - raft.server.log.purge.upto.snapshot.index = false (default)
2023-08-28 09:33:43,502 [95288828-abab-422b-9e50-2ffffa7b82dd@group-0D7AD4651803-FollowerState] INFO  server.RaftServerConfigKeys (ConfUtils.java:logFallback(53)) - raft.server.rpc.first-election.timeout.min = 5s (fallback to raft.server.rpc.timeout.min)
2023-08-28 09:33:43,502 [95288828-abab-422b-9e50-2ffffa7b82dd@group-0D7AD4651803-FollowerState] INFO  server.RaftServerConfigKeys (ConfUtils.java:logFallback(53)) - raft.server.rpc.first-election.timeout.max = 5200ms (fallback to raft.server.rpc.timeout.max)
2023-08-28 09:33:43,502 [PipelineCommandHandlerThread-0] INFO  ratis.XceiverServerRatis (XceiverServerRatis.java:addGroup(804)) - Created group PipelineID=3c5ed80b-167b-4387-9e9b-0d7ad4651803
2023-08-28 09:33:43,502 [PipelineCommandHandlerThread-0] INFO  commandhandler.CreatePipelineCommandHandler (CreatePipelineCommandHandler.java:lambda$handle$2(124)) - Created Pipeline RATIS ONE PipelineID=3c5ed80b-167b-4387-9e9b-0d7ad4651803.
2023-08-28 09:33:43,786 [PipelineCommandHandlerThread-0] INFO  server.RaftServer (RaftServerProxy.java:addNew(98)) - 41455824-df48-4b98-a96f-a0f226daf9c9: addNew group-5012ECE90A63:[41455824-df48-4b98-a96f-a0f226daf9c9|rpc:10.1.0.27:15156|admin:10.1.0.27:15155|client:10.1.0.27:15154|dataStream:10.1.0.27:15157|priority:1|startupRole:FOLLOWER] returns group-5012ECE90A63:java.util.concurrent.CompletableFuture@7607e60e[Not completed]
2023-08-28 09:33:43,787 [41455824-df48-4b98-a96f-a0f226daf9c9-groupManagement] INFO  server.RaftServer$Division (RaftServerImpl.java:<init>(198)) - 41455824-df48-4b98-a96f-a0f226daf9c9: new RaftServerImpl for group-5012ECE90A63:[41455824-df48-4b98-a96f-a0f226daf9c9|rpc:10.1.0.27:15156|admin:10.1.0.27:15155|client:10.1.0.27:15154|dataStream:10.1.0.27:15157|priority:1|startupRole:FOLLOWER] with ContainerStateMachine:uninitialized
2023-08-28 09:33:43,787 [41455824-df48-4b98-a96f-a0f226daf9c9-groupManagement] INFO  server.RaftServerConfigKeys (ConfUtils.java:logGet(46)) - raft.server.rpc.timeout.min = 5s (custom)
2023-08-28 09:33:43,787 [41455824-df48-4b98-a96f-a0f226daf9c9-groupManagement] INFO  server.RaftServerConfigKeys (ConfUtils.java:logGet(46)) - raft.server.rpc.timeout.max = 5200ms (custom)
2023-08-28 09:33:43,787 [41455824-df48-4b98-a96f-a0f226daf9c9-groupManagement] INFO  server.RaftServerConfigKeys (ConfUtils.java:logGet(46)) - raft.server.rpc.sleep.time = 25ms (default)
2023-08-28 09:33:43,787 [41455824-df48-4b98-a96f-a0f226daf9c9-groupManagement] INFO  server.RaftServerConfigKeys (ConfUtils.java:logGet(46)) - raft.server.rpc.slowness.timeout = 300s (custom)
2023-08-28 09:33:43,787 [41455824-df48-4b98-a96f-a0f226daf9c9-groupManagement] INFO  server.RaftServerConfigKeys (ConfUtils.java:logGet(46)) - raft.server.leaderelection.leader.step-down.wait-time = 10s (default)
2023-08-28 09:33:43,787 [41455824-df48-4b98-a96f-a0f226daf9c9-groupManagement] INFO  server.RaftServerConfigKeys (ConfUtils.java:logGet(46)) - raft.server.sleep.deviation.threshold = 300ms (default)
2023-08-28 09:33:43,788 [41455824-df48-4b98-a96f-a0f226daf9c9-groupManagement] INFO  server.RaftServer$Division (ServerState.java:<init>(120)) - 41455824-df48-4b98-a96f-a0f226daf9c9@group-5012ECE90A63: ConfigurationManager, init=-1: peers:[41455824-df48-4b98-a96f-a0f226daf9c9|rpc:10.1.0.27:15156|admin:10.1.0.27:15155|client:10.1.0.27:15154|dataStream:10.1.0.27:15157|priority:1|startupRole:FOLLOWER]|listeners:[], old=null, confs=<EMPTY_MAP>
2023-08-28 09:33:43,788 [41455824-df48-4b98-a96f-a0f226daf9c9-groupManagement] INFO  server.RaftServerConfigKeys (ConfUtils.java:logGet(46)) - raft.server.storage.dir = [/home/runner/work/ozone/ozone/hadoop-ozone/integration-test/target/test-dir/MiniOzoneClusterImpl-ff034f8e-8080-4075-bf38-01537132cba4/datanode-4/data/ratis] (custom)
2023-08-28 09:33:43,788 [41455824-df48-4b98-a96f-a0f226daf9c9-groupManagement] INFO  server.RaftServerConfigKeys (ConfUtils.java:logGet(46)) - raft.server.log.corruption.policy = EXCEPTION (default)
2023-08-28 09:33:43,788 [41455824-df48-4b98-a96f-a0f226daf9c9-groupManagement] INFO  server.RaftServerConfigKeys (ConfUtils.java:logGet(46)) - raft.server.storage.free-space.min = 0MB (=0) (default)
2023-08-28 09:33:43,788 [41455824-df48-4b98-a96f-a0f226daf9c9-groupManagement] INFO  server.RaftServerConfigKeys (ConfUtils.java:logGet(46)) - raft.server.notification.no-leader.timeout = 300s (custom)
2023-08-28 09:33:43,788 [41455824-df48-4b98-a96f-a0f226daf9c9-groupManagement] INFO  server.RaftServerConfigKeys (ConfUtils.java:logGet(46)) - raft.server.read.timeout = 10s (default)
2023-08-28 09:33:43,788 [41455824-df48-4b98-a96f-a0f226daf9c9-groupManagement] INFO  server.RaftServerConfigKeys (ConfUtils.java:logGet(46)) - raft.server.retrycache.expirytime = 600000ms (custom)
2023-08-28 09:33:43,788 [41455824-df48-4b98-a96f-a0f226daf9c9-groupManagement] INFO  server.RaftServerConfigKeys (ConfUtils.java:logGet(46)) - raft.server.retrycache.statistics.expirytime = 100μs (default)
2023-08-28 09:33:43,788 [41455824-df48-4b98-a96f-a0f226daf9c9-groupManagement] INFO  server.RaftServerConfigKeys (ConfUtils.java:logGet(46)) - raft.server.read.option = DEFAULT (default)
2023-08-28 09:33:43,789 [41455824-df48-4b98-a96f-a0f226daf9c9-groupManagement] INFO  server.RaftServerConfigKeys (ConfUtils.java:logGet(46)) - raft.server.rpc.request.timeout = 60s (custom)
2023-08-28 09:33:43,789 [41455824-df48-4b98-a96f-a0f226daf9c9-groupManagement] INFO  server.RaftServerConfigKeys (ConfUtils.java:logGet(46)) - raft.server.log.appender.install.snapshot.enabled = false (custom)
2023-08-28 09:33:43,789 [41455824-df48-4b98-a96f-a0f226daf9c9-groupManagement] INFO  server.RaftServerConfigKeys (ConfUtils.java:logGet(46)) - raft.server.threadpool.server.cached = true (default)
2023-08-28 09:33:43,789 [41455824-df48-4b98-a96f-a0f226daf9c9-groupManagement] INFO  server.RaftServerConfigKeys (ConfUtils.java:logGet(46)) - raft.server.threadpool.server.size = 0 (default)
2023-08-28 09:33:43,789 [41455824-df48-4b98-a96f-a0f226daf9c9-groupManagement] INFO  server.RaftServerConfigKeys (ConfUtils.java:logGet(46)) - raft.server.threadpool.client.cached = true (default)
2023-08-28 09:33:43,789 [41455824-df48-4b98-a96f-a0f226daf9c9-groupManagement] INFO  server.RaftServerConfigKeys (ConfUtils.java:logGet(46)) - raft.server.threadpool.client.size = 0 (default)
2023-08-28 09:33:43,789 [41455824-df48-4b98-a96f-a0f226daf9c9-groupManagement] INFO  storage.RaftStorageDirectory (RaftStorageDirectoryImpl.java:analyzeStorage(137)) - The storage directory /home/runner/work/ozone/ozone/hadoop-ozone/integration-test/target/test-dir/MiniOzoneClusterImpl-ff034f8e-8080-4075-bf38-01537132cba4/datanode-4/data/ratis/b2f5c93a-08a2-4358-8660-5012ece90a63 does not exist. Creating ...
2023-08-28 09:33:43,791 [41455824-df48-4b98-a96f-a0f226daf9c9-groupManagement] INFO  storage.RaftStorageDirectory (RaftStorageDirectoryImpl.java:tryLock(231)) - Lock on /home/runner/work/ozone/ozone/hadoop-ozone/integration-test/target/test-dir/MiniOzoneClusterImpl-ff034f8e-8080-4075-bf38-01537132cba4/datanode-4/data/ratis/b2f5c93a-08a2-4358-8660-5012ece90a63/in_use.lock acquired by nodename 61172@fv-az625-77
2023-08-28 09:33:43,792 [41455824-df48-4b98-a96f-a0f226daf9c9-groupManagement] INFO  storage.RaftStorage (RaftStorageImpl.java:format(96)) - Storage directory /home/runner/work/ozone/ozone/hadoop-ozone/integration-test/target/test-dir/MiniOzoneClusterImpl-ff034f8e-8080-4075-bf38-01537132cba4/datanode-4/data/ratis/b2f5c93a-08a2-4358-8660-5012ece90a63 has been successfully formatted.
2023-08-28 09:33:43,793 [41455824-df48-4b98-a96f-a0f226daf9c9-groupManagement] INFO  ratis.ContainerStateMachine (ContainerStateMachine.java:loadSnapshot(262)) - group-5012ECE90A63: The snapshot info is null. Setting the last applied indexto:(t:0, i:~)
2023-08-28 09:33:43,795 [EventQueue-PipelineReportForPipelineReportHandler] INFO  pipeline.PipelineReportHandler (PipelineReportHandler.java:processPipelineReport(136)) - Opened pipeline PipelineID=b2f5c93a-08a2-4358-8660-5012ece90a63
2023-08-28 09:33:43,795 [41455824-df48-4b98-a96f-a0f226daf9c9-groupManagement] INFO  server.RaftServerConfigKeys (ConfUtils.java:logGet(46)) - raft.server.log.use.memory = false (default)
2023-08-28 09:33:43,795 [EventQueue-OpenPipelineForHealthyPipelineSafeModeRule] INFO  safemode.SCMSafeModeManager (HealthyPipelineSafeModeRule.java:process(137)) - SCM in safe mode. Healthy pipelines reported count is 0, required healthy pipeline reported count is 1
2023-08-28 09:33:43,795 [41455824-df48-4b98-a96f-a0f226daf9c9-groupManagement] INFO  server.RaftServerConfigKeys (ConfUtils.java:logGet(46)) - raft.server.log.purge.gap = 1000000 (custom)
2023-08-28 09:33:43,795 [41455824-df48-4b98-a96f-a0f226daf9c9-groupManagement] INFO  server.RaftServerConfigKeys (ConfUtils.java:logGet(46)) - raft.server.log.appender.buffer.byte-limit = 33554432 (custom)
2023-08-28 09:33:43,795 [41455824-df48-4b98-a96f-a0f226daf9c9-groupManagement] INFO  server.RaftServerConfigKeys (ConfUtils.java:logGet(46)) - raft.server.log.statemachine.data.read.timeout = 1000ms (default)
2023-08-28 09:33:43,795 [41455824-df48-4b98-a96f-a0f226daf9c9-groupManagement] INFO  server.RaftServerConfigKeys (ConfUtils.java:logGet(46)) - raft.server.log.purge.preservation.log.num = 0 (default)
2023-08-28 09:33:43,796 [41455824-df48-4b98-a96f-a0f226daf9c9-groupManagement] INFO  server.RaftServerConfigKeys (ConfUtils.java:logGet(46)) - raft.server.log.segment.size.max = 1048576 (custom)
2023-08-28 09:33:43,796 [41455824-df48-4b98-a96f-a0f226daf9c9-groupManagement] INFO  server.RaftServerConfigKeys (ConfUtils.java:logGet(46)) - raft.server.log.segment.cache.num.max = 2 (custom)
2023-08-28 09:33:43,796 [41455824-df48-4b98-a96f-a0f226daf9c9-groupManagement] INFO  server.RaftServerConfigKeys (ConfUtils.java:logGet(46)) - raft.server.log.segment.cache.size.max = 200MB (=209715200) (default)
2023-08-28 09:33:43,796 [41455824-df48-4b98-a96f-a0f226daf9c9-groupManagement] INFO  server.RaftServerConfigKeys (ConfUtils.java:logGet(46)) - raft.server.log.appender.buffer.byte-limit = 33554432 (custom)
2023-08-28 09:33:43,796 [41455824-df48-4b98-a96f-a0f226daf9c9-groupManagement] INFO  segmented.SegmentedRaftLogWorker (SegmentedRaftLogWorker.java:<init>(188)) - new 41455824-df48-4b98-a96f-a0f226daf9c9@group-5012ECE90A63-SegmentedRaftLogWorker for RaftStorageImpl:Storage Directory /home/runner/work/ozone/ozone/hadoop-ozone/integration-test/target/test-dir/MiniOzoneClusterImpl-ff034f8e-8080-4075-bf38-01537132cba4/datanode-4/data/ratis/b2f5c93a-08a2-4358-8660-5012ece90a63
2023-08-28 09:33:43,796 [41455824-df48-4b98-a96f-a0f226daf9c9-groupManagement] INFO  server.RaftServerConfigKeys (ConfUtils.java:logGet(46)) - raft.server.log.queue.byte-limit = 4294967296 (custom)
2023-08-28 09:33:43,796 [41455824-df48-4b98-a96f-a0f226daf9c9-groupManagement] INFO  server.RaftServerConfigKeys (ConfUtils.java:logGet(46)) - raft.server.log.queue.element-limit = 1024 (custom)
2023-08-28 09:33:43,796 [41455824-df48-4b98-a96f-a0f226daf9c9-groupManagement] INFO  server.RaftServerConfigKeys (ConfUtils.java:logGet(46)) - raft.server.log.segment.size.max = 1048576 (custom)
2023-08-28 09:33:43,796 [41455824-df48-4b98-a96f-a0f226daf9c9-groupManagement] INFO  server.RaftServerConfigKeys (ConfUtils.java:logGet(46)) - raft.server.log.preallocated.size = 16384 (custom)
2023-08-28 09:33:43,796 [41455824-df48-4b98-a96f-a0f226daf9c9-groupManagement] INFO  server.RaftServerConfigKeys (ConfUtils.java:logGet(46)) - raft.server.log.force.sync.num = 128 (default)
2023-08-28 09:33:43,796 [41455824-df48-4b98-a96f-a0f226daf9c9-groupManagement] INFO  server.RaftServerConfigKeys (ConfUtils.java:logGet(46)) - raft.server.log.statemachine.data.sync = true (default)
2023-08-28 09:33:43,796 [41455824-df48-4b98-a96f-a0f226daf9c9-groupManagement] INFO  server.RaftServerConfigKeys (ConfUtils.java:logGet(46)) - raft.server.log.statemachine.data.sync.timeout = 10s (default)
2023-08-28 09:33:43,796 [41455824-df48-4b98-a96f-a0f226daf9c9-groupManagement] INFO  server.RaftServerConfigKeys (ConfUtils.java:logGet(46)) - raft.server.log.statemachine.data.sync.timeout.retry = -1 (default)
2023-08-28 09:33:43,797 [41455824-df48-4b98-a96f-a0f226daf9c9-groupManagement] INFO  server.RaftServerConfigKeys (ConfUtils.java:logGet(46)) - raft.server.log.write.buffer.size = 1048576 (custom)
2023-08-28 09:33:43,798 [41455824-df48-4b98-a96f-a0f226daf9c9-groupManagement] INFO  server.RaftServerConfigKeys (ConfUtils.java:logGet(46)) - raft.server.log.appender.buffer.byte-limit = 33554432 (custom)
2023-08-28 09:33:43,802 [41455824-df48-4b98-a96f-a0f226daf9c9-groupManagement] INFO  server.RaftServerConfigKeys (ConfUtils.java:logGet(46)) - raft.server.log.unsafe-flush.enabled = false (default)
2023-08-28 09:33:43,803 [41455824-df48-4b98-a96f-a0f226daf9c9-groupManagement] INFO  server.RaftServerConfigKeys (ConfUtils.java:logGet(46)) - raft.server.log.async-flush.enabled = false (default)
2023-08-28 09:33:43,803 [41455824-df48-4b98-a96f-a0f226daf9c9-groupManagement] INFO  server.RaftServerConfigKeys (ConfUtils.java:logGet(46)) - raft.server.log.statemachine.data.caching.enabled = true (custom)
2023-08-28 09:33:43,803 [41455824-df48-4b98-a96f-a0f226daf9c9-groupManagement] INFO  segmented.SegmentedRaftLogWorker (SegmentedRaftLogWorker.java:lambda$new$0(135)) - 41455824-df48-4b98-a96f-a0f226daf9c9@group-5012ECE90A63-SegmentedRaftLogWorker: flushIndex: setUnconditionally 0 -> -1
2023-08-28 09:33:43,803 [41455824-df48-4b98-a96f-a0f226daf9c9-groupManagement] INFO  segmented.SegmentedRaftLogWorker (SegmentedRaftLogWorker.java:lambda$new$0(135)) - 41455824-df48-4b98-a96f-a0f226daf9c9@group-5012ECE90A63-SegmentedRaftLogWorker: safeCacheEvictIndex: setUnconditionally 0 -> -1
2023-08-28 09:33:43,803 [41455824-df48-4b98-a96f-a0f226daf9c9-groupManagement] INFO  server.RaftServer$Division (RaftServerImpl.java:start(342)) - 41455824-df48-4b98-a96f-a0f226daf9c9@group-5012ECE90A63: start as a follower, conf=-1: peers:[41455824-df48-4b98-a96f-a0f226daf9c9|rpc:10.1.0.27:15156|admin:10.1.0.27:15155|client:10.1.0.27:15154|dataStream:10.1.0.27:15157|priority:1|startupRole:FOLLOWER]|listeners:[], old=null
2023-08-28 09:33:43,803 [41455824-df48-4b98-a96f-a0f226daf9c9-groupManagement] INFO  server.RaftServer$Division (RaftServerImpl.java:setRole(329)) - 41455824-df48-4b98-a96f-a0f226daf9c9@group-5012ECE90A63: changes role from      null to FOLLOWER at term 0 for startAsFollower
2023-08-28 09:33:43,803 [41455824-df48-4b98-a96f-a0f226daf9c9-groupManagement] INFO  impl.RoleInfo (RoleInfo.java:updateAndGet(139)) - 41455824-df48-4b98-a96f-a0f226daf9c9: start 41455824-df48-4b98-a96f-a0f226daf9c9@group-5012ECE90A63-FollowerState
2023-08-28 09:33:43,804 [41455824-df48-4b98-a96f-a0f226daf9c9-groupManagement] INFO  util.JmxRegister (JmxRegister.java:tryRegister(44)) - Successfully registered JMX Bean with object name Ratis:service=RaftServer,group=group-5012ECE90A63,id=41455824-df48-4b98-a96f-a0f226daf9c9
2023-08-28 09:33:43,804 [41455824-df48-4b98-a96f-a0f226daf9c9-groupManagement] INFO  server.RaftServerConfigKeys (ConfUtils.java:logGet(46)) - raft.server.snapshot.auto.trigger.enabled = true (custom)
2023-08-28 09:33:43,804 [41455824-df48-4b98-a96f-a0f226daf9c9-groupManagement] INFO  server.RaftServerConfigKeys (ConfUtils.java:logGet(46)) - raft.server.snapshot.auto.trigger.threshold = 10000 (custom)
2023-08-28 09:33:43,804 [41455824-df48-4b98-a96f-a0f226daf9c9-groupManagement] INFO  server.RaftServerConfigKeys (ConfUtils.java:logGet(46)) - raft.server.snapshot.retention.file.num = 5 (custom)
2023-08-28 09:33:43,804 [41455824-df48-4b98-a96f-a0f226daf9c9-groupManagement] INFO  server.RaftServerConfigKeys (ConfUtils.java:logGet(46)) - raft.server.log.purge.upto.snapshot.index = false (default)
2023-08-28 09:33:43,804 [41455824-df48-4b98-a96f-a0f226daf9c9@group-5012ECE90A63-FollowerState] INFO  server.RaftServerConfigKeys (ConfUtils.java:logFallback(53)) - raft.server.rpc.first-election.timeout.min = 5s (fallback to raft.server.rpc.timeout.min)
2023-08-28 09:33:43,804 [41455824-df48-4b98-a96f-a0f226daf9c9@group-5012ECE90A63-FollowerState] INFO  server.RaftServerConfigKeys (ConfUtils.java:logFallback(53)) - raft.server.rpc.first-election.timeout.max = 5200ms (fallback to raft.server.rpc.timeout.max)
2023-08-28 09:33:43,809 [PipelineCommandHandlerThread-0] INFO  ratis.XceiverServerRatis (XceiverServerRatis.java:addGroup(804)) - Created group PipelineID=b2f5c93a-08a2-4358-8660-5012ece90a63
2023-08-28 09:33:43,809 [PipelineCommandHandlerThread-0] INFO  commandhandler.CreatePipelineCommandHandler (CreatePipelineCommandHandler.java:lambda$handle$2(124)) - Created Pipeline RATIS ONE PipelineID=b2f5c93a-08a2-4358-8660-5012ece90a63.
2023-08-28 09:33:43,866 [main] INFO  ozone.MiniOzoneClusterImpl (MiniOzoneClusterImpl.java:lambda$waitForClusterToBeReady$0(224)) - Nodes are ready. Got 5 of 5 DN Heartbeats.
2023-08-28 09:33:43,866 [main] INFO  ozone.MiniOzoneClusterImpl (MiniOzoneClusterImpl.java:lambda$waitForClusterToBeReady$0(227)) - Waiting for cluster to exit safe mode
2023-08-28 09:33:43,866 [main] INFO  ozone.MiniOzoneClusterImpl (MiniOzoneClusterImpl.java:lambda$waitForClusterToBeReady$0(229)) - SCM became leader
2023-08-28 09:33:44,866 [main] INFO  ozone.MiniOzoneClusterImpl (MiniOzoneClusterImpl.java:lambda$waitForClusterToBeReady$0(224)) - Nodes are ready. Got 5 of 5 DN Heartbeats.
2023-08-28 09:33:44,867 [main] INFO  ozone.MiniOzoneClusterImpl (MiniOzoneClusterImpl.java:lambda$waitForClusterToBeReady$0(227)) - Waiting for cluster to exit safe mode
2023-08-28 09:33:44,867 [main] INFO  ozone.MiniOzoneClusterImpl (MiniOzoneClusterImpl.java:lambda$waitForClusterToBeReady$0(229)) - SCM became leader
2023-08-28 09:33:45,867 [main] INFO  ozone.MiniOzoneClusterImpl (MiniOzoneClusterImpl.java:lambda$waitForClusterToBeReady$0(224)) - Nodes are ready. Got 5 of 5 DN Heartbeats.
2023-08-28 09:33:45,867 [main] INFO  ozone.MiniOzoneClusterImpl (MiniOzoneClusterImpl.java:lambda$waitForClusterToBeReady$0(227)) - Waiting for cluster to exit safe mode
2023-08-28 09:33:45,867 [main] INFO  ozone.MiniOzoneClusterImpl (MiniOzoneClusterImpl.java:lambda$waitForClusterToBeReady$0(229)) - SCM became leader
2023-08-28 09:33:46,868 [main] INFO  ozone.MiniOzoneClusterImpl (MiniOzoneClusterImpl.java:lambda$waitForClusterToBeReady$0(224)) - Nodes are ready. Got 5 of 5 DN Heartbeats.
2023-08-28 09:33:46,868 [main] INFO  ozone.MiniOzoneClusterImpl (MiniOzoneClusterImpl.java:lambda$waitForClusterToBeReady$0(227)) - Waiting for cluster to exit safe mode
2023-08-28 09:33:46,868 [main] INFO  ozone.MiniOzoneClusterImpl (MiniOzoneClusterImpl.java:lambda$waitForClusterToBeReady$0(229)) - SCM became leader
2023-08-28 09:33:47,687 [80fac8df-d086-4186-9807-ed58a74d6c90@group-262C9BC133DE-FollowerState] INFO  impl.FollowerState (FollowerState.java:run(143)) - 80fac8df-d086-4186-9807-ed58a74d6c90@group-262C9BC133DE-FollowerState: change to CANDIDATE, lastRpcElapsedTime:5023324289ns, electionTimeout:5022ms
2023-08-28 09:33:47,687 [80fac8df-d086-4186-9807-ed58a74d6c90@group-262C9BC133DE-FollowerState] INFO  impl.RoleInfo (RoleInfo.java:shutdownFollowerState(110)) - 80fac8df-d086-4186-9807-ed58a74d6c90: shutdown 80fac8df-d086-4186-9807-ed58a74d6c90@group-262C9BC133DE-FollowerState
2023-08-28 09:33:47,687 [80fac8df-d086-4186-9807-ed58a74d6c90@group-262C9BC133DE-FollowerState] INFO  server.RaftServer$Division (RaftServerImpl.java:setRole(329)) - 80fac8df-d086-4186-9807-ed58a74d6c90@group-262C9BC133DE: changes role from  FOLLOWER to CANDIDATE at term 0 for changeToCandidate
2023-08-28 09:33:47,687 [80fac8df-d086-4186-9807-ed58a74d6c90@group-262C9BC133DE-FollowerState] INFO  server.RaftServerConfigKeys (ConfUtils.java:logGet(46)) - raft.server.leaderelection.pre-vote = true (default)
2023-08-28 09:33:47,687 [80fac8df-d086-4186-9807-ed58a74d6c90@group-262C9BC133DE-FollowerState] INFO  impl.RoleInfo (RoleInfo.java:updateAndGet(139)) - 80fac8df-d086-4186-9807-ed58a74d6c90: start 80fac8df-d086-4186-9807-ed58a74d6c90@group-262C9BC133DE-LeaderElection22
2023-08-28 09:33:47,691 [80fac8df-d086-4186-9807-ed58a74d6c90@group-262C9BC133DE-LeaderElection22] INFO  impl.LeaderElection (LeaderElection.java:askForVotes(321)) - 80fac8df-d086-4186-9807-ed58a74d6c90@group-262C9BC133DE-LeaderElection22 PRE_VOTE round 0: submit vote requests at term 0 for -1: peers:[80fac8df-d086-4186-9807-ed58a74d6c90|rpc:10.1.0.27:15120|admin:10.1.0.27:15119|client:10.1.0.27:15118|dataStream:10.1.0.27:15121|priority:1|startupRole:FOLLOWER]|listeners:[], old=null
2023-08-28 09:33:47,691 [80fac8df-d086-4186-9807-ed58a74d6c90@group-262C9BC133DE-LeaderElection22] INFO  impl.LeaderElection (LeaderElection.java:askForVotes(323)) - 80fac8df-d086-4186-9807-ed58a74d6c90@group-262C9BC133DE-LeaderElection22 PRE_VOTE round 0: result PASSED (term=0)
2023-08-28 09:33:47,693 [80fac8df-d086-4186-9807-ed58a74d6c90@group-262C9BC133DE-LeaderElection22] INFO  impl.LeaderElection (LeaderElection.java:askForVotes(321)) - 80fac8df-d086-4186-9807-ed58a74d6c90@group-262C9BC133DE-LeaderElection22 ELECTION round 0: submit vote requests at term 1 for -1: peers:[80fac8df-d086-4186-9807-ed58a74d6c90|rpc:10.1.0.27:15120|admin:10.1.0.27:15119|client:10.1.0.27:15118|dataStream:10.1.0.27:15121|priority:1|startupRole:FOLLOWER]|listeners:[], old=null
2023-08-28 09:33:47,693 [80fac8df-d086-4186-9807-ed58a74d6c90@group-262C9BC133DE-LeaderElection22] INFO  impl.LeaderElection (LeaderElection.java:askForVotes(323)) - 80fac8df-d086-4186-9807-ed58a74d6c90@group-262C9BC133DE-LeaderElection22 ELECTION round 0: result PASSED (term=1)
2023-08-28 09:33:47,693 [80fac8df-d086-4186-9807-ed58a74d6c90@group-262C9BC133DE-LeaderElection22] INFO  impl.RoleInfo (RoleInfo.java:shutdownLeaderElection(130)) - 80fac8df-d086-4186-9807-ed58a74d6c90: shutdown 80fac8df-d086-4186-9807-ed58a74d6c90@group-262C9BC133DE-LeaderElection22
2023-08-28 09:33:47,693 [80fac8df-d086-4186-9807-ed58a74d6c90@group-262C9BC133DE-LeaderElection22] INFO  server.RaftServer$Division (RaftServerImpl.java:setRole(329)) - 80fac8df-d086-4186-9807-ed58a74d6c90@group-262C9BC133DE: changes role from CANDIDATE to LEADER at term 1 for changeToLeader
2023-08-28 09:33:47,693 [80fac8df-d086-4186-9807-ed58a74d6c90@group-262C9BC133DE-LeaderElection22] INFO  ratis.XceiverServerRatis (XceiverServerRatis.java:handleLeaderChangedNotification(902)) - Leader change notification received for group: group-262C9BC133DE with new leaderId: 80fac8df-d086-4186-9807-ed58a74d6c90
2023-08-28 09:33:47,693 [80fac8df-d086-4186-9807-ed58a74d6c90@group-262C9BC133DE-LeaderElection22] INFO  server.RaftServer$Division (ServerState.java:setLeader(317)) - 80fac8df-d086-4186-9807-ed58a74d6c90@group-262C9BC133DE: change Leader from null to 80fac8df-d086-4186-9807-ed58a74d6c90 at term 1 for becomeLeader, leader elected after 5057ms
2023-08-28 09:33:47,696 [EventQueue-OpenPipelineForHealthyPipelineSafeModeRule] INFO  safemode.SCMSafeModeManager (HealthyPipelineSafeModeRule.java:process(137)) - SCM in safe mode. Healthy pipelines reported count is 0, required healthy pipeline reported count is 1
2023-08-28 09:33:47,696 [80fac8df-d086-4186-9807-ed58a74d6c90@group-262C9BC133DE-LeaderElection22] INFO  server.RaftServerConfigKeys (ConfUtils.java:logGet(46)) - raft.server.staging.catchup.gap = 1000 (default)
2023-08-28 09:33:47,696 [80fac8df-d086-4186-9807-ed58a74d6c90@group-262C9BC133DE-LeaderElection22] INFO  server.RaftServerConfigKeys (ConfUtils.java:logGet(46)) - raft.server.write.element-limit = 1024 (custom)
2023-08-28 09:33:47,696 [80fac8df-d086-4186-9807-ed58a74d6c90@group-262C9BC133DE-LeaderElection22] INFO  server.RaftServerConfigKeys (ConfUtils.java:logGet(46)) - raft.server.write.byte-limit = 1024 M (=1073741824) (custom)
2023-08-28 09:33:47,696 [80fac8df-d086-4186-9807-ed58a74d6c90@group-262C9BC133DE-LeaderElection22] INFO  server.RaftServerConfigKeys (ConfUtils.java:logGet(46)) - raft.server.watch.timeout = 180s (custom)
2023-08-28 09:33:47,697 [80fac8df-d086-4186-9807-ed58a74d6c90@group-262C9BC133DE-LeaderElection22] INFO  server.RaftServerConfigKeys (ConfUtils.java:logGet(46)) - raft.server.watch.timeout.denomination = 1s (default)
2023-08-28 09:33:47,697 [80fac8df-d086-4186-9807-ed58a74d6c90@group-262C9BC133DE-LeaderElection22] INFO  server.RaftServerConfigKeys (ConfUtils.java:logGet(46)) - raft.server.watch.element-limit = 65536 (default)
2023-08-28 09:33:47,697 [80fac8df-d086-4186-9807-ed58a74d6c90@group-262C9BC133DE-LeaderElection22] INFO  server.RaftServerConfigKeys (ConfUtils.java:logGet(46)) - raft.server.write.element-limit = 1024 (custom)
2023-08-28 09:33:47,697 [80fac8df-d086-4186-9807-ed58a74d6c90@group-262C9BC133DE-LeaderElection22] INFO  server.RaftServerConfigKeys (ConfUtils.java:logGet(46)) - raft.server.write.follower.gap.ratio.max = -1.0 (default)
2023-08-28 09:33:47,697 [80fac8df-d086-4186-9807-ed58a74d6c90@group-262C9BC133DE-LeaderElection22] INFO  impl.RoleInfo (RoleInfo.java:updateAndGet(139)) - 80fac8df-d086-4186-9807-ed58a74d6c90: start 80fac8df-d086-4186-9807-ed58a74d6c90@group-262C9BC133DE-LeaderStateImpl
2023-08-28 09:33:47,697 [80fac8df-d086-4186-9807-ed58a74d6c90@group-262C9BC133DE-LeaderElection22] INFO  segmented.SegmentedRaftLogWorker (SegmentedRaftLogWorker.java:startLogSegment(447)) - 80fac8df-d086-4186-9807-ed58a74d6c90@group-262C9BC133DE-SegmentedRaftLogWorker: Starting segment from index:0
2023-08-28 09:33:47,700 [80fac8df-d086-4186-9807-ed58a74d6c90@group-262C9BC133DE-LeaderElection22] INFO  server.RaftServer$Division (ServerState.java:setRaftConf(434)) - 80fac8df-d086-4186-9807-ed58a74d6c90@group-262C9BC133DE: set configuration 0: peers:[80fac8df-d086-4186-9807-ed58a74d6c90|rpc:10.1.0.27:15120|admin:10.1.0.27:15119|client:10.1.0.27:15118|dataStream:10.1.0.27:15121|priority:1|startupRole:FOLLOWER]|listeners:[], old=null
2023-08-28 09:33:47,701 [80fac8df-d086-4186-9807-ed58a74d6c90@group-262C9BC133DE-SegmentedRaftLogWorker] INFO  segmented.SegmentedRaftLogWorker (SegmentedRaftLogWorker.java:execute(651)) - 80fac8df-d086-4186-9807-ed58a74d6c90@group-262C9BC133DE-SegmentedRaftLogWorker: created new log segment /home/runner/work/ozone/ozone/hadoop-ozone/integration-test/target/test-dir/MiniOzoneClusterImpl-ff034f8e-8080-4075-bf38-01537132cba4/datanode-0/data/ratis/14f93dd3-59f2-424e-9d0a-262c9bc133de/current/log_inprogress_0
2023-08-28 09:33:47,743 [5e45d05c-e098-4a5b-a019-6f8f93701f04@group-1DFF6731F38D-FollowerState] INFO  impl.FollowerState (FollowerState.java:run(143)) - 5e45d05c-e098-4a5b-a019-6f8f93701f04@group-1DFF6731F38D-FollowerState: change to CANDIDATE, lastRpcElapsedTime:5033286562ns, electionTimeout:5030ms
2023-08-28 09:33:47,743 [5e45d05c-e098-4a5b-a019-6f8f93701f04@group-1DFF6731F38D-FollowerState] INFO  impl.RoleInfo (RoleInfo.java:shutdownFollowerState(110)) - 5e45d05c-e098-4a5b-a019-6f8f93701f04: shutdown 5e45d05c-e098-4a5b-a019-6f8f93701f04@group-1DFF6731F38D-FollowerState
2023-08-28 09:33:47,744 [5e45d05c-e098-4a5b-a019-6f8f93701f04@group-1DFF6731F38D-FollowerState] INFO  server.RaftServer$Division (RaftServerImpl.java:setRole(329)) - 5e45d05c-e098-4a5b-a019-6f8f93701f04@group-1DFF6731F38D: changes role from  FOLLOWER to CANDIDATE at term 0 for changeToCandidate
2023-08-28 09:33:47,744 [5e45d05c-e098-4a5b-a019-6f8f93701f04@group-1DFF6731F38D-FollowerState] INFO  server.RaftServerConfigKeys (ConfUtils.java:logGet(46)) - raft.server.leaderelection.pre-vote = true (default)
2023-08-28 09:33:47,744 [5e45d05c-e098-4a5b-a019-6f8f93701f04@group-1DFF6731F38D-FollowerState] INFO  impl.RoleInfo (RoleInfo.java:updateAndGet(139)) - 5e45d05c-e098-4a5b-a019-6f8f93701f04: start 5e45d05c-e098-4a5b-a019-6f8f93701f04@group-1DFF6731F38D-LeaderElection23
2023-08-28 09:33:47,747 [5e45d05c-e098-4a5b-a019-6f8f93701f04@group-1DFF6731F38D-LeaderElection23] INFO  impl.LeaderElection (LeaderElection.java:askForVotes(321)) - 5e45d05c-e098-4a5b-a019-6f8f93701f04@group-1DFF6731F38D-LeaderElection23 PRE_VOTE round 0: submit vote requests at term 0 for -1: peers:[80fac8df-d086-4186-9807-ed58a74d6c90|rpc:10.1.0.27:15120|admin:10.1.0.27:15119|client:10.1.0.27:15118|dataStream:10.1.0.27:15121|priority:0|startupRole:FOLLOWER, 5e45d05c-e098-4a5b-a019-6f8f93701f04|rpc:10.1.0.27:15129|admin:10.1.0.27:15128|client:10.1.0.27:15127|dataStream:10.1.0.27:15130|priority:0|startupRole:FOLLOWER, cd0f2c76-867f-4adb-98b4-ea19f4e614c4|rpc:10.1.0.27:15138|admin:10.1.0.27:15137|client:10.1.0.27:15136|dataStream:10.1.0.27:15139|priority:1|startupRole:FOLLOWER]|listeners:[], old=null
2023-08-28 09:33:47,747 [5e45d05c-e098-4a5b-a019-6f8f93701f04@group-1DFF6731F38D-LeaderElection23] INFO  server.RaftServerConfigKeys (ConfUtils.java:logFallback(53)) - raft.server.rpc.first-election.timeout.min = 5s (fallback to raft.server.rpc.timeout.min)
2023-08-28 09:33:47,747 [5e45d05c-e098-4a5b-a019-6f8f93701f04@group-1DFF6731F38D-LeaderElection23-1] INFO  server.GrpcServerProtocolClient (GrpcServerProtocolClient.java:<init>(65)) - Build channel for 80fac8df-d086-4186-9807-ed58a74d6c90
2023-08-28 09:33:47,747 [5e45d05c-e098-4a5b-a019-6f8f93701f04@group-1DFF6731F38D-LeaderElection23] INFO  server.RaftServerConfigKeys (ConfUtils.java:logFallback(53)) - raft.server.rpc.first-election.timeout.max = 5200ms (fallback to raft.server.rpc.timeout.max)
2023-08-28 09:33:47,747 [5e45d05c-e098-4a5b-a019-6f8f93701f04@group-1DFF6731F38D-LeaderElection23-2] INFO  server.GrpcServerProtocolClient (GrpcServerProtocolClient.java:<init>(65)) - Build channel for cd0f2c76-867f-4adb-98b4-ea19f4e614c4
2023-08-28 09:33:47,754 [grpc-default-executor-1] INFO  server.RaftServer$Division (RaftServerImpl.java:requestVote(1302)) - 80fac8df-d086-4186-9807-ed58a74d6c90@group-1DFF6731F38D: receive requestVote(PRE_VOTE, 5e45d05c-e098-4a5b-a019-6f8f93701f04, group-1DFF6731F38D, 0, (t:0, i:0))
2023-08-28 09:33:47,754 [grpc-default-executor-1] INFO  impl.VoteContext (VoteContext.java:log(49)) - 80fac8df-d086-4186-9807-ed58a74d6c90@group-1DFF6731F38D-FOLLOWER: accept PRE_VOTE from 5e45d05c-e098-4a5b-a019-6f8f93701f04: our priority 0 <= candidate's priority 0
2023-08-28 09:33:47,754 [grpc-default-executor-1] INFO  server.RaftServer$Division (RaftServerImpl.java:requestVote(1335)) - 80fac8df-d086-4186-9807-ed58a74d6c90@group-1DFF6731F38D replies to PRE_VOTE vote request: 5e45d05c-e098-4a5b-a019-6f8f93701f04<-80fac8df-d086-4186-9807-ed58a74d6c90#0:OK-t0. Peer's state: 80fac8df-d086-4186-9807-ed58a74d6c90@group-1DFF6731F38D:t0, leader=null, voted=, raftlog=Memoized:80fac8df-d086-4186-9807-ed58a74d6c90@group-1DFF6731F38D-SegmentedRaftLog:OPENED:c-1, conf=-1: peers:[80fac8df-d086-4186-9807-ed58a74d6c90|rpc:10.1.0.27:15120|admin:10.1.0.27:15119|client:10.1.0.27:15118|dataStream:10.1.0.27:15121|priority:0|startupRole:FOLLOWER, 5e45d05c-e098-4a5b-a019-6f8f93701f04|rpc:10.1.0.27:15129|admin:10.1.0.27:15128|client:10.1.0.27:15127|dataStream:10.1.0.27:15130|priority:0|startupRole:FOLLOWER, cd0f2c76-867f-4adb-98b4-ea19f4e614c4|rpc:10.1.0.27:15138|admin:10.1.0.27:15137|client:10.1.0.27:15136|dataStream:10.1.0.27:15139|priority:1|startupRole:FOLLOWER]|listeners:[], old=null
2023-08-28 09:33:47,761 [grpc-default-executor-1] INFO  server.RaftServer$Division (RaftServerImpl.java:requestVote(1302)) - cd0f2c76-867f-4adb-98b4-ea19f4e614c4@group-1DFF6731F38D: receive requestVote(PRE_VOTE, 5e45d05c-e098-4a5b-a019-6f8f93701f04, group-1DFF6731F38D, 0, (t:0, i:0))
2023-08-28 09:33:47,762 [grpc-default-executor-1] INFO  impl.VoteContext (VoteContext.java:log(49)) - cd0f2c76-867f-4adb-98b4-ea19f4e614c4@group-1DFF6731F38D-FOLLOWER: reject PRE_VOTE from 5e45d05c-e098-4a5b-a019-6f8f93701f04: our priority 1 > candidate's priority 0
2023-08-28 09:33:47,762 [grpc-default-executor-1] INFO  server.RaftServer$Division (RaftServerImpl.java:requestVote(1335)) - cd0f2c76-867f-4adb-98b4-ea19f4e614c4@group-1DFF6731F38D replies to PRE_VOTE vote request: 5e45d05c-e098-4a5b-a019-6f8f93701f04<-cd0f2c76-867f-4adb-98b4-ea19f4e614c4#0:FAIL-t0. Peer's state: cd0f2c76-867f-4adb-98b4-ea19f4e614c4@group-1DFF6731F38D:t0, leader=null, voted=, raftlog=Memoized:cd0f2c76-867f-4adb-98b4-ea19f4e614c4@group-1DFF6731F38D-SegmentedRaftLog:OPENED:c-1, conf=-1: peers:[80fac8df-d086-4186-9807-ed58a74d6c90|rpc:10.1.0.27:15120|admin:10.1.0.27:15119|client:10.1.0.27:15118|dataStream:10.1.0.27:15121|priority:0|startupRole:FOLLOWER, 5e45d05c-e098-4a5b-a019-6f8f93701f04|rpc:10.1.0.27:15129|admin:10.1.0.27:15128|client:10.1.0.27:15127|dataStream:10.1.0.27:15130|priority:0|startupRole:FOLLOWER, cd0f2c76-867f-4adb-98b4-ea19f4e614c4|rpc:10.1.0.27:15138|admin:10.1.0.27:15137|client:10.1.0.27:15136|dataStream:10.1.0.27:15139|priority:1|startupRole:FOLLOWER]|listeners:[], old=null
2023-08-28 09:33:47,765 [5e45d05c-e098-4a5b-a019-6f8f93701f04@group-1DFF6731F38D-LeaderElection23] INFO  impl.LeaderElection (LeaderElection.java:logAndReturn(90)) - 5e45d05c-e098-4a5b-a019-6f8f93701f04@group-1DFF6731F38D-LeaderElection23: PRE_VOTE REJECTED received 2 response(s) and 0 exception(s):
2023-08-28 09:33:47,765 [5e45d05c-e098-4a5b-a019-6f8f93701f04@group-1DFF6731F38D-LeaderElection23] INFO  impl.LeaderElection (LeaderElection.java:logAndReturn(94)) -   Response 0: 5e45d05c-e098-4a5b-a019-6f8f93701f04<-80fac8df-d086-4186-9807-ed58a74d6c90#0:OK-t0
2023-08-28 09:33:47,765 [5e45d05c-e098-4a5b-a019-6f8f93701f04@group-1DFF6731F38D-LeaderElection23] INFO  impl.LeaderElection (LeaderElection.java:logAndReturn(94)) -   Response 1: 5e45d05c-e098-4a5b-a019-6f8f93701f04<-cd0f2c76-867f-4adb-98b4-ea19f4e614c4#0:FAIL-t0
2023-08-28 09:33:47,766 [5e45d05c-e098-4a5b-a019-6f8f93701f04@group-1DFF6731F38D-LeaderElection23] INFO  impl.LeaderElection (LeaderElection.java:askForVotes(323)) - 5e45d05c-e098-4a5b-a019-6f8f93701f04@group-1DFF6731F38D-LeaderElection23 PRE_VOTE round 0: result REJECTED
2023-08-28 09:33:47,766 [5e45d05c-e098-4a5b-a019-6f8f93701f04@group-1DFF6731F38D-LeaderElection23] INFO  server.RaftServer$Division (RaftServerImpl.java:setRole(329)) - 5e45d05c-e098-4a5b-a019-6f8f93701f04@group-1DFF6731F38D: changes role from CANDIDATE to FOLLOWER at term 0 for REJECTED
2023-08-28 09:33:47,766 [5e45d05c-e098-4a5b-a019-6f8f93701f04@group-1DFF6731F38D-LeaderElection23] INFO  impl.RoleInfo (RoleInfo.java:shutdownLeaderElection(130)) - 5e45d05c-e098-4a5b-a019-6f8f93701f04: shutdown 5e45d05c-e098-4a5b-a019-6f8f93701f04@group-1DFF6731F38D-LeaderElection23
2023-08-28 09:33:47,766 [5e45d05c-e098-4a5b-a019-6f8f93701f04@group-1DFF6731F38D-LeaderElection23] INFO  impl.RoleInfo (RoleInfo.java:updateAndGet(139)) - 5e45d05c-e098-4a5b-a019-6f8f93701f04: start 5e45d05c-e098-4a5b-a019-6f8f93701f04@group-1DFF6731F38D-FollowerState
2023-08-28 09:33:47,818 [80fac8df-d086-4186-9807-ed58a74d6c90@group-1DFF6731F38D-FollowerState] INFO  server.RaftServerConfigKeys (ConfUtils.java:logFallback(53)) - raft.server.rpc.first-election.timeout.min = 5s (fallback to raft.server.rpc.timeout.min)
2023-08-28 09:33:47,818 [80fac8df-d086-4186-9807-ed58a74d6c90@group-1DFF6731F38D-FollowerState] INFO  server.RaftServerConfigKeys (ConfUtils.java:logFallback(53)) - raft.server.rpc.first-election.timeout.max = 5200ms (fallback to raft.server.rpc.timeout.max)
2023-08-28 09:33:47,868 [main] INFO  ozone.MiniOzoneClusterImpl (MiniOzoneClusterImpl.java:lambda$waitForClusterToBeReady$0(224)) - Nodes are ready. Got 5 of 5 DN Heartbeats.
2023-08-28 09:33:47,868 [main] INFO  ozone.MiniOzoneClusterImpl (MiniOzoneClusterImpl.java:lambda$waitForClusterToBeReady$0(227)) - Waiting for cluster to exit safe mode
2023-08-28 09:33:47,868 [main] INFO  ozone.MiniOzoneClusterImpl (MiniOzoneClusterImpl.java:lambda$waitForClusterToBeReady$0(229)) - SCM became leader
2023-08-28 09:33:47,970 [cd0f2c76-867f-4adb-98b4-ea19f4e614c4@group-1DFF6731F38D-FollowerState] INFO  impl.FollowerState (FollowerState.java:run(143)) - cd0f2c76-867f-4adb-98b4-ea19f4e614c4@group-1DFF6731F38D-FollowerState: change to CANDIDATE, lastRpcElapsedTime:5100090168ns, electionTimeout:5096ms
2023-08-28 09:33:47,970 [cd0f2c76-867f-4adb-98b4-ea19f4e614c4@group-1DFF6731F38D-FollowerState] INFO  impl.RoleInfo (RoleInfo.java:shutdownFollowerState(110)) - cd0f2c76-867f-4adb-98b4-ea19f4e614c4: shutdown cd0f2c76-867f-4adb-98b4-ea19f4e614c4@group-1DFF6731F38D-FollowerState
2023-08-28 09:33:47,970 [cd0f2c76-867f-4adb-98b4-ea19f4e614c4@group-1DFF6731F38D-FollowerState] INFO  server.RaftServer$Division (RaftServerImpl.java:setRole(329)) - cd0f2c76-867f-4adb-98b4-ea19f4e614c4@group-1DFF6731F38D: changes role from  FOLLOWER to CANDIDATE at term 0 for changeToCandidate
2023-08-28 09:33:47,970 [cd0f2c76-867f-4adb-98b4-ea19f4e614c4@group-1DFF6731F38D-FollowerState] INFO  server.RaftServerConfigKeys (ConfUtils.java:logGet(46)) - raft.server.leaderelection.pre-vote = true (default)
2023-08-28 09:33:47,970 [cd0f2c76-867f-4adb-98b4-ea19f4e614c4@group-1DFF6731F38D-FollowerState] INFO  impl.RoleInfo (RoleInfo.java:updateAndGet(139)) - cd0f2c76-867f-4adb-98b4-ea19f4e614c4: start cd0f2c76-867f-4adb-98b4-ea19f4e614c4@group-1DFF6731F38D-LeaderElection24
2023-08-28 09:33:47,972 [cd0f2c76-867f-4adb-98b4-ea19f4e614c4@group-1DFF6731F38D-LeaderElection24] INFO  impl.LeaderElection (LeaderElection.java:askForVotes(321)) - cd0f2c76-867f-4adb-98b4-ea19f4e614c4@group-1DFF6731F38D-LeaderElection24 PRE_VOTE round 0: submit vote requests at term 0 for -1: peers:[80fac8df-d086-4186-9807-ed58a74d6c90|rpc:10.1.0.27:15120|admin:10.1.0.27:15119|client:10.1.0.27:15118|dataStream:10.1.0.27:15121|priority:0|startupRole:FOLLOWER, 5e45d05c-e098-4a5b-a019-6f8f93701f04|rpc:10.1.0.27:15129|admin:10.1.0.27:15128|client:10.1.0.27:15127|dataStream:10.1.0.27:15130|priority:0|startupRole:FOLLOWER, cd0f2c76-867f-4adb-98b4-ea19f4e614c4|rpc:10.1.0.27:15138|admin:10.1.0.27:15137|client:10.1.0.27:15136|dataStream:10.1.0.27:15139|priority:1|startupRole:FOLLOWER]|listeners:[], old=null
2023-08-28 09:33:47,973 [cd0f2c76-867f-4adb-98b4-ea19f4e614c4@group-1DFF6731F38D-LeaderElection24-1] INFO  server.GrpcServerProtocolClient (GrpcServerProtocolClient.java:<init>(65)) - Build channel for 80fac8df-d086-4186-9807-ed58a74d6c90
2023-08-28 09:33:47,974 [5e45d05c-e098-4a5b-a019-6f8f93701f04@group-D67EC9FCB8AC-FollowerState] INFO  impl.FollowerState (FollowerState.java:run(143)) - 5e45d05c-e098-4a5b-a019-6f8f93701f04@group-D67EC9FCB8AC-FollowerState: change to CANDIDATE, lastRpcElapsedTime:5006390945ns, electionTimeout:5001ms
2023-08-28 09:33:47,974 [5e45d05c-e098-4a5b-a019-6f8f93701f04@group-D67EC9FCB8AC-FollowerState] INFO  impl.RoleInfo (RoleInfo.java:shutdownFollowerState(110)) - 5e45d05c-e098-4a5b-a019-6f8f93701f04: shutdown 5e45d05c-e098-4a5b-a019-6f8f93701f04@group-D67EC9FCB8AC-FollowerState
2023-08-28 09:33:47,974 [5e45d05c-e098-4a5b-a019-6f8f93701f04@group-D67EC9FCB8AC-FollowerState] INFO  server.RaftServer$Division (RaftServerImpl.java:setRole(329)) - 5e45d05c-e098-4a5b-a019-6f8f93701f04@group-D67EC9FCB8AC: changes role from  FOLLOWER to CANDIDATE at term 0 for changeToCandidate
2023-08-28 09:33:47,978 [cd0f2c76-867f-4adb-98b4-ea19f4e614c4@group-1DFF6731F38D-LeaderElection24] INFO  server.RaftServerConfigKeys (ConfUtils.java:logFallback(53)) - raft.server.rpc.first-election.timeout.min = 5s (fallback to raft.server.rpc.timeout.min)
2023-08-28 09:33:47,978 [cd0f2c76-867f-4adb-98b4-ea19f4e614c4@group-1DFF6731F38D-LeaderElection24] INFO  server.RaftServerConfigKeys (ConfUtils.java:logFallback(53)) - raft.server.rpc.first-election.timeout.max = 5200ms (fallback to raft.server.rpc.timeout.max)
2023-08-28 09:33:47,978 [5e45d05c-e098-4a5b-a019-6f8f93701f04@group-D67EC9FCB8AC-FollowerState] INFO  server.RaftServerConfigKeys (ConfUtils.java:logGet(46)) - raft.server.leaderelection.pre-vote = true (default)
2023-08-28 09:33:47,979 [5e45d05c-e098-4a5b-a019-6f8f93701f04@group-D67EC9FCB8AC-FollowerState] INFO  impl.RoleInfo (RoleInfo.java:updateAndGet(139)) - 5e45d05c-e098-4a5b-a019-6f8f93701f04: start 5e45d05c-e098-4a5b-a019-6f8f93701f04@group-D67EC9FCB8AC-LeaderElection25
2023-08-28 09:33:47,979 [cd0f2c76-867f-4adb-98b4-ea19f4e614c4@group-1DFF6731F38D-LeaderElection24-2] INFO  server.GrpcServerProtocolClient (GrpcServerProtocolClient.java:<init>(65)) - Build channel for 5e45d05c-e098-4a5b-a019-6f8f93701f04
2023-08-28 09:33:47,986 [5e45d05c-e098-4a5b-a019-6f8f93701f04@group-D67EC9FCB8AC-LeaderElection25] INFO  impl.LeaderElection (LeaderElection.java:askForVotes(321)) - 5e45d05c-e098-4a5b-a019-6f8f93701f04@group-D67EC9FCB8AC-LeaderElection25 PRE_VOTE round 0: submit vote requests at term 0 for -1: peers:[80fac8df-d086-4186-9807-ed58a74d6c90|rpc:10.1.0.27:15120|admin:10.1.0.27:15119|client:10.1.0.27:15118|dataStream:10.1.0.27:15121|priority:1|startupRole:FOLLOWER, 5e45d05c-e098-4a5b-a019-6f8f93701f04|rpc:10.1.0.27:15129|admin:10.1.0.27:15128|client:10.1.0.27:15127|dataStream:10.1.0.27:15130|priority:0|startupRole:FOLLOWER, cd0f2c76-867f-4adb-98b4-ea19f4e614c4|rpc:10.1.0.27:15138|admin:10.1.0.27:15137|client:10.1.0.27:15136|dataStream:10.1.0.27:15139|priority:0|startupRole:FOLLOWER]|listeners:[], old=null
2023-08-28 09:33:47,986 [grpc-default-executor-1] INFO  server.RaftServer$Division (RaftServerImpl.java:requestVote(1302)) - 80fac8df-d086-4186-9807-ed58a74d6c90@group-1DFF6731F38D: receive requestVote(PRE_VOTE, cd0f2c76-867f-4adb-98b4-ea19f4e614c4, group-1DFF6731F38D, 0, (t:0, i:0))
2023-08-28 09:33:47,986 [grpc-default-executor-1] INFO  impl.VoteContext (VoteContext.java:log(49)) - 80fac8df-d086-4186-9807-ed58a74d6c90@group-1DFF6731F38D-FOLLOWER: accept PRE_VOTE from cd0f2c76-867f-4adb-98b4-ea19f4e614c4: our priority 0 <= candidate's priority 1
2023-08-28 09:33:47,987 [grpc-default-executor-1] INFO  server.RaftServer$Division (RaftServerImpl.java:requestVote(1335)) - 80fac8df-d086-4186-9807-ed58a74d6c90@group-1DFF6731F38D replies to PRE_VOTE vote request: cd0f2c76-867f-4adb-98b4-ea19f4e614c4<-80fac8df-d086-4186-9807-ed58a74d6c90#0:OK-t0. Peer's state: 80fac8df-d086-4186-9807-ed58a74d6c90@group-1DFF6731F38D:t0, leader=null, voted=, raftlog=Memoized:80fac8df-d086-4186-9807-ed58a74d6c90@group-1DFF6731F38D-SegmentedRaftLog:OPENED:c-1, conf=-1: peers:[80fac8df-d086-4186-9807-ed58a74d6c90|rpc:10.1.0.27:15120|admin:10.1.0.27:15119|client:10.1.0.27:15118|dataStream:10.1.0.27:15121|priority:0|startupRole:FOLLOWER, 5e45d05c-e098-4a5b-a019-6f8f93701f04|rpc:10.1.0.27:15129|admin:10.1.0.27:15128|client:10.1.0.27:15127|dataStream:10.1.0.27:15130|priority:0|startupRole:FOLLOWER, cd0f2c76-867f-4adb-98b4-ea19f4e614c4|rpc:10.1.0.27:15138|admin:10.1.0.27:15137|client:10.1.0.27:15136|dataStream:10.1.0.27:15139|priority:1|startupRole:FOLLOWER]|listeners:[], old=null
2023-08-28 09:33:47,997 [5e45d05c-e098-4a5b-a019-6f8f93701f04@group-D67EC9FCB8AC-LeaderElection25] INFO  server.RaftServerConfigKeys (ConfUtils.java:logFallback(53)) - raft.server.rpc.first-election.timeout.min = 5s (fallback to raft.server.rpc.timeout.min)
2023-08-28 09:33:47,997 [5e45d05c-e098-4a5b-a019-6f8f93701f04@group-D67EC9FCB8AC-LeaderElection25] INFO  server.RaftServerConfigKeys (ConfUtils.java:logFallback(53)) - raft.server.rpc.first-election.timeout.max = 5200ms (fallback to raft.server.rpc.timeout.max)
2023-08-28 09:33:47,997 [cd0f2c76-867f-4adb-98b4-ea19f4e614c4@group-1DFF6731F38D-LeaderElection24] INFO  impl.LeaderElection (LeaderElection.java:logAndReturn(90)) - cd0f2c76-867f-4adb-98b4-ea19f4e614c4@group-1DFF6731F38D-LeaderElection24: PRE_VOTE PASSED received 1 response(s) and 0 exception(s):
2023-08-28 09:33:47,997 [cd0f2c76-867f-4adb-98b4-ea19f4e614c4@group-1DFF6731F38D-LeaderElection24] INFO  impl.LeaderElection (LeaderElection.java:logAndReturn(94)) -   Response 0: cd0f2c76-867f-4adb-98b4-ea19f4e614c4<-80fac8df-d086-4186-9807-ed58a74d6c90#0:OK-t0
2023-08-28 09:33:47,997 [cd0f2c76-867f-4adb-98b4-ea19f4e614c4@group-1DFF6731F38D-LeaderElection24] INFO  impl.LeaderElection (LeaderElection.java:askForVotes(323)) - cd0f2c76-867f-4adb-98b4-ea19f4e614c4@group-1DFF6731F38D-LeaderElection24 PRE_VOTE round 0: result PASSED
2023-08-28 09:33:47,997 [grpc-default-executor-1] INFO  server.RaftServer$Division (RaftServerImpl.java:requestVote(1302)) - 5e45d05c-e098-4a5b-a019-6f8f93701f04@group-1DFF6731F38D: receive requestVote(PRE_VOTE, cd0f2c76-867f-4adb-98b4-ea19f4e614c4, group-1DFF6731F38D, 0, (t:0, i:0))
2023-08-28 09:33:47,997 [grpc-default-executor-1] INFO  impl.VoteContext (VoteContext.java:log(49)) - 5e45d05c-e098-4a5b-a019-6f8f93701f04@group-1DFF6731F38D-FOLLOWER: accept PRE_VOTE from cd0f2c76-867f-4adb-98b4-ea19f4e614c4: our priority 0 <= candidate's priority 1
2023-08-28 09:33:47,998 [grpc-default-executor-1] INFO  server.RaftServer$Division (RaftServerImpl.java:requestVote(1335)) - 5e45d05c-e098-4a5b-a019-6f8f93701f04@group-1DFF6731F38D replies to PRE_VOTE vote request: cd0f2c76-867f-4adb-98b4-ea19f4e614c4<-5e45d05c-e098-4a5b-a019-6f8f93701f04#0:OK-t0. Peer's state: 5e45d05c-e098-4a5b-a019-6f8f93701f04@group-1DFF6731F38D:t0, leader=null, voted=, raftlog=Memoized:5e45d05c-e098-4a5b-a019-6f8f93701f04@group-1DFF6731F38D-SegmentedRaftLog:OPENED:c-1, conf=-1: peers:[80fac8df-d086-4186-9807-ed58a74d6c90|rpc:10.1.0.27:15120|admin:10.1.0.27:15119|client:10.1.0.27:15118|dataStream:10.1.0.27:15121|priority:0|startupRole:FOLLOWER, 5e45d05c-e098-4a5b-a019-6f8f93701f04|rpc:10.1.0.27:15129|admin:10.1.0.27:15128|client:10.1.0.27:15127|dataStream:10.1.0.27:15130|priority:0|startupRole:FOLLOWER, cd0f2c76-867f-4adb-98b4-ea19f4e614c4|rpc:10.1.0.27:15138|admin:10.1.0.27:15137|client:10.1.0.27:15136|dataStream:10.1.0.27:15139|priority:1|startupRole:FOLLOWER]|listeners:[], old=null
2023-08-28 09:33:47,998 [grpc-default-executor-1] INFO  server.RaftServer$Division (RaftServerImpl.java:requestVote(1302)) - 80fac8df-d086-4186-9807-ed58a74d6c90@group-D67EC9FCB8AC: receive requestVote(PRE_VOTE, 5e45d05c-e098-4a5b-a019-6f8f93701f04, group-D67EC9FCB8AC, 0, (t:0, i:0))
2023-08-28 09:33:47,999 [grpc-default-executor-1] INFO  impl.VoteContext (VoteContext.java:log(49)) - 80fac8df-d086-4186-9807-ed58a74d6c90@group-D67EC9FCB8AC-FOLLOWER: reject PRE_VOTE from 5e45d05c-e098-4a5b-a019-6f8f93701f04: our priority 1 > candidate's priority 0
2023-08-28 09:33:48,001 [grpc-default-executor-1] INFO  server.RaftServer$Division (RaftServerImpl.java:requestVote(1335)) - 80fac8df-d086-4186-9807-ed58a74d6c90@group-D67EC9FCB8AC replies to PRE_VOTE vote request: 5e45d05c-e098-4a5b-a019-6f8f93701f04<-80fac8df-d086-4186-9807-ed58a74d6c90#0:FAIL-t0. Peer's state: 80fac8df-d086-4186-9807-ed58a74d6c90@group-D67EC9FCB8AC:t0, leader=null, voted=, raftlog=Memoized:80fac8df-d086-4186-9807-ed58a74d6c90@group-D67EC9FCB8AC-SegmentedRaftLog:OPENED:c-1, conf=-1: peers:[80fac8df-d086-4186-9807-ed58a74d6c90|rpc:10.1.0.27:15120|admin:10.1.0.27:15119|client:10.1.0.27:15118|dataStream:10.1.0.27:15121|priority:1|startupRole:FOLLOWER, 5e45d05c-e098-4a5b-a019-6f8f93701f04|rpc:10.1.0.27:15129|admin:10.1.0.27:15128|client:10.1.0.27:15127|dataStream:10.1.0.27:15130|priority:0|startupRole:FOLLOWER, cd0f2c76-867f-4adb-98b4-ea19f4e614c4|rpc:10.1.0.27:15138|admin:10.1.0.27:15137|client:10.1.0.27:15136|dataStream:10.1.0.27:15139|priority:0|startupRole:FOLLOWER]|listeners:[], old=null
2023-08-28 09:33:48,003 [cd0f2c76-867f-4adb-98b4-ea19f4e614c4@group-1DFF6731F38D-LeaderElection24] INFO  impl.LeaderElection (LeaderElection.java:askForVotes(321)) - cd0f2c76-867f-4adb-98b4-ea19f4e614c4@group-1DFF6731F38D-LeaderElection24 ELECTION round 0: submit vote requests at term 1 for -1: peers:[80fac8df-d086-4186-9807-ed58a74d6c90|rpc:10.1.0.27:15120|admin:10.1.0.27:15119|client:10.1.0.27:15118|dataStream:10.1.0.27:15121|priority:0|startupRole:FOLLOWER, 5e45d05c-e098-4a5b-a019-6f8f93701f04|rpc:10.1.0.27:15129|admin:10.1.0.27:15128|client:10.1.0.27:15127|dataStream:10.1.0.27:15130|priority:0|startupRole:FOLLOWER, cd0f2c76-867f-4adb-98b4-ea19f4e614c4|rpc:10.1.0.27:15138|admin:10.1.0.27:15137|client:10.1.0.27:15136|dataStream:10.1.0.27:15139|priority:1|startupRole:FOLLOWER]|listeners:[], old=null
2023-08-28 09:33:48,003 [grpc-default-executor-0] INFO  server.RaftServer$Division (RaftServerImpl.java:requestVote(1302)) - cd0f2c76-867f-4adb-98b4-ea19f4e614c4@group-D67EC9FCB8AC: receive requestVote(PRE_VOTE, 5e45d05c-e098-4a5b-a019-6f8f93701f04, group-D67EC9FCB8AC, 0, (t:0, i:0))
2023-08-28 09:33:48,004 [grpc-default-executor-0] INFO  impl.VoteContext (VoteContext.java:log(49)) - cd0f2c76-867f-4adb-98b4-ea19f4e614c4@group-D67EC9FCB8AC-FOLLOWER: accept PRE_VOTE from 5e45d05c-e098-4a5b-a019-6f8f93701f04: our priority 0 <= candidate's priority 0
2023-08-28 09:33:48,004 [grpc-default-executor-0] INFO  server.RaftServer$Division (RaftServerImpl.java:requestVote(1335)) - cd0f2c76-867f-4adb-98b4-ea19f4e614c4@group-D67EC9FCB8AC replies to PRE_VOTE vote request: 5e45d05c-e098-4a5b-a019-6f8f93701f04<-cd0f2c76-867f-4adb-98b4-ea19f4e614c4#0:OK-t0. Peer's state: cd0f2c76-867f-4adb-98b4-ea19f4e614c4@group-D67EC9FCB8AC:t0, leader=null, voted=, raftlog=Memoized:cd0f2c76-867f-4adb-98b4-ea19f4e614c4@group-D67EC9FCB8AC-SegmentedRaftLog:OPENED:c-1, conf=-1: peers:[80fac8df-d086-4186-9807-ed58a74d6c90|rpc:10.1.0.27:15120|admin:10.1.0.27:15119|client:10.1.0.27:15118|dataStream:10.1.0.27:15121|priority:1|startupRole:FOLLOWER, 5e45d05c-e098-4a5b-a019-6f8f93701f04|rpc:10.1.0.27:15129|admin:10.1.0.27:15128|client:10.1.0.27:15127|dataStream:10.1.0.27:15130|priority:0|startupRole:FOLLOWER, cd0f2c76-867f-4adb-98b4-ea19f4e614c4|rpc:10.1.0.27:15138|admin:10.1.0.27:15137|client:10.1.0.27:15136|dataStream:10.1.0.27:15139|priority:0|startupRole:FOLLOWER]|listeners:[], old=null
2023-08-28 09:33:48,014 [cd0f2c76-867f-4adb-98b4-ea19f4e614c4@group-1DFF6731F38D-LeaderElection24] INFO  server.RaftServerConfigKeys (ConfUtils.java:logFallback(53)) - raft.server.rpc.first-election.timeout.min = 5s (fallback to raft.server.rpc.timeout.min)
2023-08-28 09:33:48,014 [cd0f2c76-867f-4adb-98b4-ea19f4e614c4@group-1DFF6731F38D-LeaderElection24] INFO  server.RaftServerConfigKeys (ConfUtils.java:logFallback(53)) - raft.server.rpc.first-election.timeout.max = 5200ms (fallback to raft.server.rpc.timeout.max)
2023-08-28 09:33:48,014 [5e45d05c-e098-4a5b-a019-6f8f93701f04@group-D67EC9FCB8AC-LeaderElection25] INFO  impl.LeaderElection (LeaderElection.java:logAndReturn(90)) - 5e45d05c-e098-4a5b-a019-6f8f93701f04@group-D67EC9FCB8AC-LeaderElection25: PRE_VOTE REJECTED received 2 response(s) and 0 exception(s):
2023-08-28 09:33:48,014 [5e45d05c-e098-4a5b-a019-6f8f93701f04@group-D67EC9FCB8AC-LeaderElection25] INFO  impl.LeaderElection (LeaderElection.java:logAndReturn(94)) -   Response 0: 5e45d05c-e098-4a5b-a019-6f8f93701f04<-80fac8df-d086-4186-9807-ed58a74d6c90#0:FAIL-t0
2023-08-28 09:33:48,014 [5e45d05c-e098-4a5b-a019-6f8f93701f04@group-D67EC9FCB8AC-LeaderElection25] INFO  impl.LeaderElection (LeaderElection.java:logAndReturn(94)) -   Response 1: 5e45d05c-e098-4a5b-a019-6f8f93701f04<-cd0f2c76-867f-4adb-98b4-ea19f4e614c4#0:OK-t0
2023-08-28 09:33:48,014 [5e45d05c-e098-4a5b-a019-6f8f93701f04@group-D67EC9FCB8AC-LeaderElection25] INFO  impl.LeaderElection (LeaderElection.java:askForVotes(323)) - 5e45d05c-e098-4a5b-a019-6f8f93701f04@group-D67EC9FCB8AC-LeaderElection25 PRE_VOTE round 0: result REJECTED
2023-08-28 09:33:48,015 [5e45d05c-e098-4a5b-a019-6f8f93701f04@group-D67EC9FCB8AC-LeaderElection25] INFO  server.RaftServer$Division (RaftServerImpl.java:setRole(329)) - 5e45d05c-e098-4a5b-a019-6f8f93701f04@group-D67EC9FCB8AC: changes role from CANDIDATE to FOLLOWER at term 0 for REJECTED
2023-08-28 09:33:48,015 [5e45d05c-e098-4a5b-a019-6f8f93701f04@group-D67EC9FCB8AC-LeaderElection25] INFO  impl.RoleInfo (RoleInfo.java:shutdownLeaderElection(130)) - 5e45d05c-e098-4a5b-a019-6f8f93701f04: shutdown 5e45d05c-e098-4a5b-a019-6f8f93701f04@group-D67EC9FCB8AC-LeaderElection25
2023-08-28 09:33:48,015 [5e45d05c-e098-4a5b-a019-6f8f93701f04@group-D67EC9FCB8AC-LeaderElection25] INFO  impl.RoleInfo (RoleInfo.java:updateAndGet(139)) - 5e45d05c-e098-4a5b-a019-6f8f93701f04: start 5e45d05c-e098-4a5b-a019-6f8f93701f04@group-D67EC9FCB8AC-FollowerState
2023-08-28 09:33:48,016 [grpc-default-executor-0] INFO  server.RaftServer$Division (RaftServerImpl.java:requestVote(1302)) - 80fac8df-d086-4186-9807-ed58a74d6c90@group-1DFF6731F38D: receive requestVote(ELECTION, cd0f2c76-867f-4adb-98b4-ea19f4e614c4, group-1DFF6731F38D, 1, (t:0, i:0))
2023-08-28 09:33:48,016 [grpc-default-executor-1] INFO  server.RaftServer$Division (RaftServerImpl.java:requestVote(1302)) - 5e45d05c-e098-4a5b-a019-6f8f93701f04@group-1DFF6731F38D: receive requestVote(ELECTION, cd0f2c76-867f-4adb-98b4-ea19f4e614c4, group-1DFF6731F38D, 1, (t:0, i:0))
2023-08-28 09:33:48,016 [grpc-default-executor-0] INFO  impl.VoteContext (VoteContext.java:log(49)) - 80fac8df-d086-4186-9807-ed58a74d6c90@group-1DFF6731F38D-FOLLOWER: accept ELECTION from cd0f2c76-867f-4adb-98b4-ea19f4e614c4: our priority 0 <= candidate's priority 1
2023-08-28 09:33:48,016 [grpc-default-executor-0] INFO  server.RaftServer$Division (RaftServerImpl.java:setRole(329)) - 80fac8df-d086-4186-9807-ed58a74d6c90@group-1DFF6731F38D: changes role from  FOLLOWER to FOLLOWER at term 1 for candidate:cd0f2c76-867f-4adb-98b4-ea19f4e614c4
2023-08-28 09:33:48,016 [grpc-default-executor-1] INFO  impl.VoteContext (VoteContext.java:log(49)) - 5e45d05c-e098-4a5b-a019-6f8f93701f04@group-1DFF6731F38D-FOLLOWER: accept ELECTION from cd0f2c76-867f-4adb-98b4-ea19f4e614c4: our priority 0 <= candidate's priority 1
2023-08-28 09:33:48,016 [grpc-default-executor-0] INFO  impl.RoleInfo (RoleInfo.java:shutdownFollowerState(110)) - 80fac8df-d086-4186-9807-ed58a74d6c90: shutdown 80fac8df-d086-4186-9807-ed58a74d6c90@group-1DFF6731F38D-FollowerState
2023-08-28 09:33:48,016 [grpc-default-executor-1] INFO  server.RaftServer$Division (RaftServerImpl.java:setRole(329)) - 5e45d05c-e098-4a5b-a019-6f8f93701f04@group-1DFF6731F38D: changes role from  FOLLOWER to FOLLOWER at term 1 for candidate:cd0f2c76-867f-4adb-98b4-ea19f4e614c4
2023-08-28 09:33:48,016 [grpc-default-executor-1] INFO  impl.RoleInfo (RoleInfo.java:shutdownFollowerState(110)) - 5e45d05c-e098-4a5b-a019-6f8f93701f04: shutdown 5e45d05c-e098-4a5b-a019-6f8f93701f04@group-1DFF6731F38D-FollowerState
2023-08-28 09:33:48,017 [grpc-default-executor-1] INFO  impl.RoleInfo (RoleInfo.java:updateAndGet(139)) - 5e45d05c-e098-4a5b-a019-6f8f93701f04: start 5e45d05c-e098-4a5b-a019-6f8f93701f04@group-1DFF6731F38D-FollowerState
2023-08-28 09:33:48,017 [5e45d05c-e098-4a5b-a019-6f8f93701f04@group-1DFF6731F38D-FollowerState] INFO  impl.FollowerState (FollowerState.java:run(152)) - 5e45d05c-e098-4a5b-a019-6f8f93701f04@group-1DFF6731F38D-FollowerState was interrupted
2023-08-28 09:33:48,022 [grpc-default-executor-0] INFO  impl.RoleInfo (RoleInfo.java:updateAndGet(139)) - 80fac8df-d086-4186-9807-ed58a74d6c90: start 80fac8df-d086-4186-9807-ed58a74d6c90@group-1DFF6731F38D-FollowerState
2023-08-28 09:33:48,022 [80fac8df-d086-4186-9807-ed58a74d6c90@group-1DFF6731F38D-FollowerState] INFO  impl.FollowerState (FollowerState.java:run(152)) - 80fac8df-d086-4186-9807-ed58a74d6c90@group-1DFF6731F38D-FollowerState was interrupted
2023-08-28 09:33:48,023 [grpc-default-executor-1] INFO  server.RaftServer$Division (RaftServerImpl.java:requestVote(1335)) - 5e45d05c-e098-4a5b-a019-6f8f93701f04@group-1DFF6731F38D replies to ELECTION vote request: cd0f2c76-867f-4adb-98b4-ea19f4e614c4<-5e45d05c-e098-4a5b-a019-6f8f93701f04#0:OK-t1. Peer's state: 5e45d05c-e098-4a5b-a019-6f8f93701f04@group-1DFF6731F38D:t1, leader=null, voted=cd0f2c76-867f-4adb-98b4-ea19f4e614c4, raftlog=Memoized:5e45d05c-e098-4a5b-a019-6f8f93701f04@group-1DFF6731F38D-SegmentedRaftLog:OPENED:c-1, conf=-1: peers:[80fac8df-d086-4186-9807-ed58a74d6c90|rpc:10.1.0.27:15120|admin:10.1.0.27:15119|client:10.1.0.27:15118|dataStream:10.1.0.27:15121|priority:0|startupRole:FOLLOWER, 5e45d05c-e098-4a5b-a019-6f8f93701f04|rpc:10.1.0.27:15129|admin:10.1.0.27:15128|client:10.1.0.27:15127|dataStream:10.1.0.27:15130|priority:0|startupRole:FOLLOWER, cd0f2c76-867f-4adb-98b4-ea19f4e614c4|rpc:10.1.0.27:15138|admin:10.1.0.27:15137|client:10.1.0.27:15136|dataStream:10.1.0.27:15139|priority:1|startupRole:FOLLOWER]|listeners:[], old=null
2023-08-28 09:33:48,028 [cd0f2c76-867f-4adb-98b4-ea19f4e614c4@group-1DFF6731F38D-LeaderElection24] INFO  impl.LeaderElection (LeaderElection.java:logAndReturn(90)) - cd0f2c76-867f-4adb-98b4-ea19f4e614c4@group-1DFF6731F38D-LeaderElection24: ELECTION PASSED received 1 response(s) and 0 exception(s):
2023-08-28 09:33:48,028 [cd0f2c76-867f-4adb-98b4-ea19f4e614c4@group-1DFF6731F38D-LeaderElection24] INFO  impl.LeaderElection (LeaderElection.java:logAndReturn(94)) -   Response 0: cd0f2c76-867f-4adb-98b4-ea19f4e614c4<-5e45d05c-e098-4a5b-a019-6f8f93701f04#0:OK-t1
2023-08-28 09:33:48,028 [grpc-default-executor-0] INFO  server.RaftServer$Division (RaftServerImpl.java:requestVote(1335)) - 80fac8df-d086-4186-9807-ed58a74d6c90@group-1DFF6731F38D replies to ELECTION vote request: cd0f2c76-867f-4adb-98b4-ea19f4e614c4<-80fac8df-d086-4186-9807-ed58a74d6c90#0:OK-t1. Peer's state: 80fac8df-d086-4186-9807-ed58a74d6c90@group-1DFF6731F38D:t1, leader=null, voted=cd0f2c76-867f-4adb-98b4-ea19f4e614c4, raftlog=Memoized:80fac8df-d086-4186-9807-ed58a74d6c90@group-1DFF6731F38D-SegmentedRaftLog:OPENED:c-1, conf=-1: peers:[80fac8df-d086-4186-9807-ed58a74d6c90|rpc:10.1.0.27:15120|admin:10.1.0.27:15119|client:10.1.0.27:15118|dataStream:10.1.0.27:15121|priority:0|startupRole:FOLLOWER, 5e45d05c-e098-4a5b-a019-6f8f93701f04|rpc:10.1.0.27:15129|admin:10.1.0.27:15128|client:10.1.0.27:15127|dataStream:10.1.0.27:15130|priority:0|startupRole:FOLLOWER, cd0f2c76-867f-4adb-98b4-ea19f4e614c4|rpc:10.1.0.27:15138|admin:10.1.0.27:15137|client:10.1.0.27:15136|dataStream:10.1.0.27:15139|priority:1|startupRole:FOLLOWER]|listeners:[], old=null
2023-08-28 09:33:48,028 [cd0f2c76-867f-4adb-98b4-ea19f4e614c4@group-1DFF6731F38D-LeaderElection24] INFO  impl.LeaderElection (LeaderElection.java:askForVotes(323)) - cd0f2c76-867f-4adb-98b4-ea19f4e614c4@group-1DFF6731F38D-LeaderElection24 ELECTION round 0: result PASSED
2023-08-28 09:33:48,028 [cd0f2c76-867f-4adb-98b4-ea19f4e614c4@group-1DFF6731F38D-LeaderElection24] INFO  impl.RoleInfo (RoleInfo.java:shutdownLeaderElection(130)) - cd0f2c76-867f-4adb-98b4-ea19f4e614c4: shutdown cd0f2c76-867f-4adb-98b4-ea19f4e614c4@group-1DFF6731F38D-LeaderElection24
2023-08-28 09:33:48,028 [cd0f2c76-867f-4adb-98b4-ea19f4e614c4@group-1DFF6731F38D-LeaderElection24] INFO  server.RaftServer$Division (RaftServerImpl.java:setRole(329)) - cd0f2c76-867f-4adb-98b4-ea19f4e614c4@group-1DFF6731F38D: changes role from CANDIDATE to LEADER at term 1 for changeToLeader
2023-08-28 09:33:48,028 [cd0f2c76-867f-4adb-98b4-ea19f4e614c4@group-1DFF6731F38D-LeaderElection24] INFO  ratis.XceiverServerRatis (XceiverServerRatis.java:handleLeaderChangedNotification(902)) - Leader change notification received for group: group-1DFF6731F38D with new leaderId: cd0f2c76-867f-4adb-98b4-ea19f4e614c4
2023-08-28 09:33:48,029 [cd0f2c76-867f-4adb-98b4-ea19f4e614c4@group-1DFF6731F38D-LeaderElection24] INFO  server.RaftServer$Division (ServerState.java:setLeader(317)) - cd0f2c76-867f-4adb-98b4-ea19f4e614c4@group-1DFF6731F38D: change Leader from null to cd0f2c76-867f-4adb-98b4-ea19f4e614c4 at term 1 for becomeLeader, leader elected after 5281ms
2023-08-28 09:33:48,029 [cd0f2c76-867f-4adb-98b4-ea19f4e614c4@group-1DFF6731F38D-LeaderElection24] INFO  server.RaftServerConfigKeys (ConfUtils.java:logGet(46)) - raft.server.staging.catchup.gap = 1000 (default)
2023-08-28 09:33:48,029 [cd0f2c76-867f-4adb-98b4-ea19f4e614c4@group-1DFF6731F38D-LeaderElection24] INFO  server.RaftServerConfigKeys (ConfUtils.java:logGet(46)) - raft.server.write.element-limit = 1024 (custom)
2023-08-28 09:33:48,029 [cd0f2c76-867f-4adb-98b4-ea19f4e614c4@group-1DFF6731F38D-LeaderElection24] INFO  server.RaftServerConfigKeys (ConfUtils.java:logGet(46)) - raft.server.write.byte-limit = 1024 M (=1073741824) (custom)
2023-08-28 09:33:48,029 [cd0f2c76-867f-4adb-98b4-ea19f4e614c4@group-1DFF6731F38D-LeaderElection24] INFO  server.RaftServerConfigKeys (ConfUtils.java:logGet(46)) - raft.server.watch.timeout = 180s (custom)
2023-08-28 09:33:48,029 [cd0f2c76-867f-4adb-98b4-ea19f4e614c4@group-1DFF6731F38D-LeaderElection24] INFO  server.RaftServerConfigKeys (ConfUtils.java:logGet(46)) - raft.server.watch.timeout.denomination = 1s (default)
2023-08-28 09:33:48,029 [cd0f2c76-867f-4adb-98b4-ea19f4e614c4@group-1DFF6731F38D-LeaderElection24] INFO  server.RaftServerConfigKeys (ConfUtils.java:logGet(46)) - raft.server.watch.element-limit = 65536 (default)
2023-08-28 09:33:48,029 [cd0f2c76-867f-4adb-98b4-ea19f4e614c4@group-1DFF6731F38D-LeaderElection24] INFO  server.RaftServerConfigKeys (ConfUtils.java:logGet(46)) - raft.server.write.element-limit = 1024 (custom)
2023-08-28 09:33:48,029 [cd0f2c76-867f-4adb-98b4-ea19f4e614c4@group-1DFF6731F38D-LeaderElection24] INFO  server.RaftServerConfigKeys (ConfUtils.java:logGet(46)) - raft.server.write.follower.gap.ratio.max = -1.0 (default)
2023-08-28 09:33:48,030 [cd0f2c76-867f-4adb-98b4-ea19f4e614c4@group-1DFF6731F38D-LeaderElection24] INFO  server.RaftServerConfigKeys (ConfUtils.java:logGet(46)) - raft.server.log.appender.snapshot.chunk.size.max = 16MB (=16777216) (default)
2023-08-28 09:33:48,030 [cd0f2c76-867f-4adb-98b4-ea19f4e614c4@group-1DFF6731F38D-LeaderElection24] INFO  server.RaftServerConfigKeys (ConfUtils.java:logGet(46)) - raft.server.log.appender.buffer.byte-limit = 33554432 (custom)
2023-08-28 09:33:48,030 [cd0f2c76-867f-4adb-98b4-ea19f4e614c4@group-1DFF6731F38D-LeaderElection24] INFO  server.RaftServerConfigKeys (ConfUtils.java:logGet(46)) - raft.server.log.appender.buffer.element-limit = 1 (custom)
2023-08-28 09:33:48,030 [cd0f2c76-867f-4adb-98b4-ea19f4e614c4@group-1DFF6731F38D-LeaderElection24] INFO  server.RaftServerConfigKeys (ConfUtils.java:logGet(46)) - raft.server.log.appender.wait-time.min = 10ms (default)
2023-08-28 09:33:48,030 [cd0f2c76-867f-4adb-98b4-ea19f4e614c4@group-1DFF6731F38D-LeaderElection24] INFO  grpc.GrpcConfigKeys (ConfUtils.java:logGet(46)) - raft.grpc.server.leader.outstanding.appends.max = 128 (default)
2023-08-28 09:33:48,031 [cd0f2c76-867f-4adb-98b4-ea19f4e614c4@group-1DFF6731F38D-LeaderElection24] INFO  server.RaftServerConfigKeys (ConfUtils.java:logGet(46)) - raft.server.rpc.request.timeout = 60s (custom)
2023-08-28 09:33:48,031 [cd0f2c76-867f-4adb-98b4-ea19f4e614c4@group-1DFF6731F38D-LeaderElection24] INFO  grpc.GrpcConfigKeys (ConfUtils.java:logGet(46)) - raft.grpc.server.install_snapshot.request.element-limit = 8 (default)
2023-08-28 09:33:48,031 [cd0f2c76-867f-4adb-98b4-ea19f4e614c4@group-1DFF6731F38D-LeaderElection24] INFO  grpc.GrpcConfigKeys (ConfUtils.java:logGet(46)) - raft.grpc.server.install_snapshot.request.timeout = 3000ms (default)
2023-08-28 09:33:48,031 [cd0f2c76-867f-4adb-98b4-ea19f4e614c4@group-1DFF6731F38D-LeaderElection24] INFO  server.RaftServerConfigKeys (ConfUtils.java:logGet(46)) - raft.server.log.appender.install.snapshot.enabled = false (custom)
2023-08-28 09:33:48,031 [cd0f2c76-867f-4adb-98b4-ea19f4e614c4@group-1DFF6731F38D-LeaderElection24] INFO  grpc.GrpcConfigKeys (ConfUtils.java:logGet(46)) - raft.grpc.server.heartbeat.channel = true (default)
2023-08-28 09:33:48,032 [EventQueue-PipelineReportForPipelineReportHandler] INFO  pipeline.PipelineReportHandler (PipelineReportHandler.java:processPipelineReport(136)) - Opened pipeline PipelineID=80e183fb-8bd2-4fe8-8055-1dff6731f38d
2023-08-28 09:33:48,032 [EventQueue-OpenPipelineForHealthyPipelineSafeModeRule] INFO  safemode.SCMSafeModeManager (HealthyPipelineSafeModeRule.java:process(137)) - SCM in safe mode. Healthy pipelines reported count is 1, required healthy pipeline reported count is 1
2023-08-28 09:33:48,032 [EventQueue-OpenPipelineForHealthyPipelineSafeModeRule] INFO  safemode.SCMSafeModeManager (SCMSafeModeManager.java:validateSafeModeExitRules(200)) - HealthyPipelineSafeModeRule rule is successfully validated
2023-08-28 09:33:48,032 [EventQueue-OpenPipelineForHealthyPipelineSafeModeRule] INFO  safemode.SCMSafeModeManager (SCMSafeModeManager.java:validateSafeModeExitRules(215)) - ScmSafeModeManager, all rules are successfully validated
2023-08-28 09:33:48,032 [EventQueue-OpenPipelineForHealthyPipelineSafeModeRule] INFO  safemode.SCMSafeModeManager (SCMSafeModeManager.java:exitSafeMode(244)) - SCM exiting safe mode.
2023-08-28 09:33:48,032 [EventQueue-OpenPipelineForHealthyPipelineSafeModeRule] INFO  ha.SCMContext (SCMContext.java:updateSafeModeStatus(228)) - Update SafeModeStatus from SafeModeStatus{safeModeStatus=true, preCheckPassed=true} to SafeModeStatus{safeModeStatus=false, preCheckPassed=true}.
2023-08-28 09:33:48,032 [EventQueue-OpenPipelineForHealthyPipelineSafeModeRule] INFO  pipeline.BackgroundPipelineCreator (BackgroundPipelineCreator.java:notifyStatusChanged(255)) - Service BackgroundPipelineCreator transitions to RUNNING.
2023-08-28 09:33:48,032 [EventQueue-OpenPipelineForHealthyPipelineSafeModeRule] INFO  BackgroundPipelineScrubber (BackgroundSCMService.java:notifyStatusChanged(82)) - Service BackgroundPipelineScrubber transitions to RUNNING.
2023-08-28 09:33:48,032 [EventQueue-OpenPipelineForHealthyPipelineSafeModeRule] INFO  ExpiredContainerReplicaOpScrubber (BackgroundSCMService.java:notifyStatusChanged(82)) - Service ExpiredContainerReplicaOpScrubber transitions to RUNNING.
2023-08-28 09:33:48,032 [EventQueue-OpenPipelineForHealthyPipelineSafeModeRule] INFO  replication.ReplicationManager (ReplicationManager.java:notifyStatusChanged(1370)) - Service ReplicationManager transitions to RUNNING.
2023-08-28 09:33:48,032 [EventQueue-OpenPipelineForHealthyPipelineSafeModeRule] WARN  balancer.ContainerBalancer (ContainerBalancer.java:shouldRun(134)) - Could not find persisted configuration for ContainerBalancer when checking if ContainerBalancer should run. ContainerBalancer should not run now.
2023-08-28 09:33:48,033 [80fac8df-d086-4186-9807-ed58a74d6c90@group-D67EC9FCB8AC-FollowerState] INFO  impl.FollowerState (FollowerState.java:run(143)) - 80fac8df-d086-4186-9807-ed58a74d6c90@group-D67EC9FCB8AC-FollowerState: change to CANDIDATE, lastRpcElapsedTime:5110549152ns, electionTimeout:5107ms
2023-08-28 09:33:48,033 [80fac8df-d086-4186-9807-ed58a74d6c90@group-D67EC9FCB8AC-FollowerState] INFO  impl.RoleInfo (RoleInfo.java:shutdownFollowerState(110)) - 80fac8df-d086-4186-9807-ed58a74d6c90: shutdown 80fac8df-d086-4186-9807-ed58a74d6c90@group-D67EC9FCB8AC-FollowerState
2023-08-28 09:33:48,034 [80fac8df-d086-4186-9807-ed58a74d6c90@group-D67EC9FCB8AC-FollowerState] INFO  server.RaftServer$Division (RaftServerImpl.java:setRole(329)) - 80fac8df-d086-4186-9807-ed58a74d6c90@group-D67EC9FCB8AC: changes role from  FOLLOWER to CANDIDATE at term 0 for changeToCandidate
2023-08-28 09:33:48,034 [80fac8df-d086-4186-9807-ed58a74d6c90@group-D67EC9FCB8AC-FollowerState] INFO  server.RaftServerConfigKeys (ConfUtils.java:logGet(46)) - raft.server.leaderelection.pre-vote = true (default)
2023-08-28 09:33:48,034 [80fac8df-d086-4186-9807-ed58a74d6c90@group-D67EC9FCB8AC-FollowerState] INFO  impl.RoleInfo (RoleInfo.java:updateAndGet(139)) - 80fac8df-d086-4186-9807-ed58a74d6c90: start 80fac8df-d086-4186-9807-ed58a74d6c90@group-D67EC9FCB8AC-LeaderElection26
2023-08-28 09:33:48,056 [cd0f2c76-867f-4adb-98b4-ea19f4e614c4@group-1DFF6731F38D-LeaderElection24] INFO  server.RaftServerConfigKeys (ConfUtils.java:logGet(46)) - raft.server.log.appender.snapshot.chunk.size.max = 16MB (=16777216) (default)
2023-08-28 09:33:48,056 [cd0f2c76-867f-4adb-98b4-ea19f4e614c4@group-1DFF6731F38D-LeaderElection24] INFO  server.RaftServerConfigKeys (ConfUtils.java:logGet(46)) - raft.server.log.appender.buffer.byte-limit = 33554432 (custom)
2023-08-28 09:33:48,056 [cd0f2c76-867f-4adb-98b4-ea19f4e614c4@group-1DFF6731F38D-LeaderElection24] INFO  server.RaftServerConfigKeys (ConfUtils.java:logGet(46)) - raft.server.log.appender.buffer.element-limit = 1 (custom)
2023-08-28 09:33:48,056 [cd0f2c76-867f-4adb-98b4-ea19f4e614c4@group-1DFF6731F38D-LeaderElection24] INFO  server.RaftServerConfigKeys (ConfUtils.java:logGet(46)) - raft.server.log.appender.wait-time.min = 10ms (default)
2023-08-28 09:33:48,056 [cd0f2c76-867f-4adb-98b4-ea19f4e614c4@group-1DFF6731F38D-LeaderElection24] INFO  grpc.GrpcConfigKeys (ConfUtils.java:logGet(46)) - raft.grpc.server.leader.outstanding.appends.max = 128 (default)
2023-08-28 09:33:48,056 [cd0f2c76-867f-4adb-98b4-ea19f4e614c4@group-1DFF6731F38D-LeaderElection24] INFO  server.RaftServerConfigKeys (ConfUtils.java:logGet(46)) - raft.server.rpc.request.timeout = 60s (custom)
2023-08-28 09:33:48,056 [cd0f2c76-867f-4adb-98b4-ea19f4e614c4@group-1DFF6731F38D-LeaderElection24] INFO  grpc.GrpcConfigKeys (ConfUtils.java:logGet(46)) - raft.grpc.server.install_snapshot.request.element-limit = 8 (default)
2023-08-28 09:33:48,057 [cd0f2c76-867f-4adb-98b4-ea19f4e614c4@group-1DFF6731F38D-LeaderElection24] INFO  grpc.GrpcConfigKeys (ConfUtils.java:logGet(46)) - raft.grpc.server.install_snapshot.request.timeout = 3000ms (default)
2023-08-28 09:33:48,057 [cd0f2c76-867f-4adb-98b4-ea19f4e614c4@group-1DFF6731F38D-LeaderElection24] INFO  server.RaftServerConfigKeys (ConfUtils.java:logGet(46)) - raft.server.log.appender.install.snapshot.enabled = false (custom)
2023-08-28 09:33:48,057 [cd0f2c76-867f-4adb-98b4-ea19f4e614c4@group-1DFF6731F38D-LeaderElection24] INFO  grpc.GrpcConfigKeys (ConfUtils.java:logGet(46)) - raft.grpc.server.heartbeat.channel = true (default)
2023-08-28 09:33:48,057 [cd0f2c76-867f-4adb-98b4-ea19f4e614c4@group-1DFF6731F38D-LeaderElection24] INFO  impl.RoleInfo (RoleInfo.java:updateAndGet(139)) - cd0f2c76-867f-4adb-98b4-ea19f4e614c4: start cd0f2c76-867f-4adb-98b4-ea19f4e614c4@group-1DFF6731F38D-LeaderStateImpl
2023-08-28 09:33:48,057 [cd0f2c76-867f-4adb-98b4-ea19f4e614c4@group-1DFF6731F38D-LeaderElection24] INFO  segmented.SegmentedRaftLogWorker (SegmentedRaftLogWorker.java:startLogSegment(447)) - cd0f2c76-867f-4adb-98b4-ea19f4e614c4@group-1DFF6731F38D-SegmentedRaftLogWorker: Starting segment from index:0
2023-08-28 09:33:48,058 [cd0f2c76-867f-4adb-98b4-ea19f4e614c4@group-1DFF6731F38D-SegmentedRaftLogWorker] INFO  segmented.SegmentedRaftLogWorker (SegmentedRaftLogWorker.java:execute(651)) - cd0f2c76-867f-4adb-98b4-ea19f4e614c4@group-1DFF6731F38D-SegmentedRaftLogWorker: created new log segment /home/runner/work/ozone/ozone/hadoop-ozone/integration-test/target/test-dir/MiniOzoneClusterImpl-ff034f8e-8080-4075-bf38-01537132cba4/datanode-2/data/ratis/80e183fb-8bd2-4fe8-8055-1dff6731f38d/current/log_inprogress_0
2023-08-28 09:33:48,083 [cd0f2c76-867f-4adb-98b4-ea19f4e614c4@group-1DFF6731F38D-LeaderElection24] INFO  server.RaftServer$Division (ServerState.java:setRaftConf(434)) - cd0f2c76-867f-4adb-98b4-ea19f4e614c4@group-1DFF6731F38D: set configuration 0: peers:[80fac8df-d086-4186-9807-ed58a74d6c90|rpc:10.1.0.27:15120|admin:10.1.0.27:15119|client:10.1.0.27:15118|dataStream:10.1.0.27:15121|priority:0|startupRole:FOLLOWER, 5e45d05c-e098-4a5b-a019-6f8f93701f04|rpc:10.1.0.27:15129|admin:10.1.0.27:15128|client:10.1.0.27:15127|dataStream:10.1.0.27:15130|priority:0|startupRole:FOLLOWER, cd0f2c76-867f-4adb-98b4-ea19f4e614c4|rpc:10.1.0.27:15138|admin:10.1.0.27:15137|client:10.1.0.27:15136|dataStream:10.1.0.27:15139|priority:1|startupRole:FOLLOWER]|listeners:[], old=null
2023-08-28 09:33:48,096 [5e45d05c-e098-4a5b-a019-6f8f93701f04@group-BD1F6AD23C4E-FollowerState] INFO  impl.FollowerState (FollowerState.java:run(143)) - 5e45d05c-e098-4a5b-a019-6f8f93701f04@group-BD1F6AD23C4E-FollowerState: change to CANDIDATE, lastRpcElapsedTime:5165835318ns, electionTimeout:5163ms
2023-08-28 09:33:48,096 [5e45d05c-e098-4a5b-a019-6f8f93701f04@group-BD1F6AD23C4E-FollowerState] INFO  impl.RoleInfo (RoleInfo.java:shutdownFollowerState(110)) - 5e45d05c-e098-4a5b-a019-6f8f93701f04: shutdown 5e45d05c-e098-4a5b-a019-6f8f93701f04@group-BD1F6AD23C4E-FollowerState
2023-08-28 09:33:48,096 [5e45d05c-e098-4a5b-a019-6f8f93701f04@group-BD1F6AD23C4E-FollowerState] INFO  server.RaftServer$Division (RaftServerImpl.java:setRole(329)) - 5e45d05c-e098-4a5b-a019-6f8f93701f04@group-BD1F6AD23C4E: changes role from  FOLLOWER to CANDIDATE at term 0 for changeToCandidate
2023-08-28 09:33:48,102 [80fac8df-d086-4186-9807-ed58a74d6c90@group-D67EC9FCB8AC-LeaderElection26] INFO  impl.LeaderElection (LeaderElection.java:askForVotes(321)) - 80fac8df-d086-4186-9807-ed58a74d6c90@group-D67EC9FCB8AC-LeaderElection26 PRE_VOTE round 0: submit vote requests at term 0 for -1: peers:[80fac8df-d086-4186-9807-ed58a74d6c90|rpc:10.1.0.27:15120|admin:10.1.0.27:15119|client:10.1.0.27:15118|dataStream:10.1.0.27:15121|priority:1|startupRole:FOLLOWER, 5e45d05c-e098-4a5b-a019-6f8f93701f04|rpc:10.1.0.27:15129|admin:10.1.0.27:15128|client:10.1.0.27:15127|dataStream:10.1.0.27:15130|priority:0|startupRole:FOLLOWER, cd0f2c76-867f-4adb-98b4-ea19f4e614c4|rpc:10.1.0.27:15138|admin:10.1.0.27:15137|client:10.1.0.27:15136|dataStream:10.1.0.27:15139|priority:0|startupRole:FOLLOWER]|listeners:[], old=null
2023-08-28 09:33:48,102 [5e45d05c-e098-4a5b-a019-6f8f93701f04-server-thread1] INFO  ratis.XceiverServerRatis (XceiverServerRatis.java:handleLeaderChangedNotification(902)) - Leader change notification received for group: group-1DFF6731F38D with new leaderId: cd0f2c76-867f-4adb-98b4-ea19f4e614c4
2023-08-28 09:33:48,102 [5e45d05c-e098-4a5b-a019-6f8f93701f04-server-thread1] INFO  server.RaftServer$Division (ServerState.java:setLeader(317)) - 5e45d05c-e098-4a5b-a019-6f8f93701f04@group-1DFF6731F38D: change Leader from null to cd0f2c76-867f-4adb-98b4-ea19f4e614c4 at term 1 for appendEntries, leader elected after 5405ms
2023-08-28 09:33:48,106 [80fac8df-d086-4186-9807-ed58a74d6c90@group-D67EC9FCB8AC-LeaderElection26-1] INFO  server.GrpcServerProtocolClient (GrpcServerProtocolClient.java:<init>(65)) - Build channel for 5e45d05c-e098-4a5b-a019-6f8f93701f04
2023-08-28 09:33:48,113 [80fac8df-d086-4186-9807-ed58a74d6c90@group-D67EC9FCB8AC-LeaderElection26] INFO  server.RaftServerConfigKeys (ConfUtils.java:logFallback(53)) - raft.server.rpc.first-election.timeout.min = 5s (fallback to raft.server.rpc.timeout.min)
2023-08-28 09:33:48,113 [80fac8df-d086-4186-9807-ed58a74d6c90@group-D67EC9FCB8AC-LeaderElection26] INFO  server.RaftServerConfigKeys (ConfUtils.java:logFallback(53)) - raft.server.rpc.first-election.timeout.max = 5200ms (fallback to raft.server.rpc.timeout.max)
2023-08-28 09:33:48,126 [5e45d05c-e098-4a5b-a019-6f8f93701f04-server-thread1] INFO  server.RaftServer$Division (ServerState.java:setRaftConf(434)) - 5e45d05c-e098-4a5b-a019-6f8f93701f04@group-1DFF6731F38D: set configuration 0: peers:[80fac8df-d086-4186-9807-ed58a74d6c90|rpc:10.1.0.27:15120|admin:10.1.0.27:15119|client:10.1.0.27:15118|dataStream:10.1.0.27:15121|priority:0|startupRole:FOLLOWER, 5e45d05c-e098-4a5b-a019-6f8f93701f04|rpc:10.1.0.27:15129|admin:10.1.0.27:15128|client:10.1.0.27:15127|dataStream:10.1.0.27:15130|priority:0|startupRole:FOLLOWER, cd0f2c76-867f-4adb-98b4-ea19f4e614c4|rpc:10.1.0.27:15138|admin:10.1.0.27:15137|client:10.1.0.27:15136|dataStream:10.1.0.27:15139|priority:1|startupRole:FOLLOWER]|listeners:[], old=null
2023-08-28 09:33:48,127 [5e45d05c-e098-4a5b-a019-6f8f93701f04-server-thread1] INFO  segmented.SegmentedRaftLogWorker (SegmentedRaftLogWorker.java:startLogSegment(447)) - 5e45d05c-e098-4a5b-a019-6f8f93701f04@group-1DFF6731F38D-SegmentedRaftLogWorker: Starting segment from index:0
2023-08-28 09:33:48,128 [5e45d05c-e098-4a5b-a019-6f8f93701f04@group-BD1F6AD23C4E-FollowerState] INFO  server.RaftServerConfigKeys (ConfUtils.java:logGet(46)) - raft.server.leaderelection.pre-vote = true (default)
2023-08-28 09:33:48,128 [5e45d05c-e098-4a5b-a019-6f8f93701f04@group-BD1F6AD23C4E-FollowerState] INFO  impl.RoleInfo (RoleInfo.java:updateAndGet(139)) - 5e45d05c-e098-4a5b-a019-6f8f93701f04: start 5e45d05c-e098-4a5b-a019-6f8f93701f04@group-BD1F6AD23C4E-LeaderElection27
2023-08-28 09:33:48,132 [5e45d05c-e098-4a5b-a019-6f8f93701f04@group-1DFF6731F38D-SegmentedRaftLogWorker] INFO  segmented.SegmentedRaftLogWorker (SegmentedRaftLogWorker.java:execute(651)) - 5e45d05c-e098-4a5b-a019-6f8f93701f04@group-1DFF6731F38D-SegmentedRaftLogWorker: created new log segment /home/runner/work/ozone/ozone/hadoop-ozone/integration-test/target/test-dir/MiniOzoneClusterImpl-ff034f8e-8080-4075-bf38-01537132cba4/datanode-1/data/ratis/80e183fb-8bd2-4fe8-8055-1dff6731f38d/current/log_inprogress_0
2023-08-28 09:33:48,134 [80fac8df-d086-4186-9807-ed58a74d6c90-server-thread2] INFO  ratis.XceiverServerRatis (XceiverServerRatis.java:handleLeaderChangedNotification(902)) - Leader change notification received for group: group-1DFF6731F38D with new leaderId: cd0f2c76-867f-4adb-98b4-ea19f4e614c4
2023-08-28 09:33:48,134 [80fac8df-d086-4186-9807-ed58a74d6c90-server-thread2] INFO  server.RaftServer$Division (ServerState.java:setLeader(317)) - 80fac8df-d086-4186-9807-ed58a74d6c90@group-1DFF6731F38D: change Leader from null to cd0f2c76-867f-4adb-98b4-ea19f4e614c4 at term 1 for appendEntries, leader elected after 5467ms
2023-08-28 09:33:48,141 [80fac8df-d086-4186-9807-ed58a74d6c90@group-D67EC9FCB8AC-LeaderElection26-2] INFO  server.GrpcServerProtocolClient (GrpcServerProtocolClient.java:<init>(65)) - Build channel for cd0f2c76-867f-4adb-98b4-ea19f4e614c4
2023-08-28 09:33:48,145 [5e45d05c-e098-4a5b-a019-6f8f93701f04@group-BD1F6AD23C4E-LeaderElection27] INFO  impl.LeaderElection (LeaderElection.java:askForVotes(321)) - 5e45d05c-e098-4a5b-a019-6f8f93701f04@group-BD1F6AD23C4E-LeaderElection27 PRE_VOTE round 0: submit vote requests at term 0 for -1: peers:[5e45d05c-e098-4a5b-a019-6f8f93701f04|rpc:10.1.0.27:15129|admin:10.1.0.27:15128|client:10.1.0.27:15127|dataStream:10.1.0.27:15130|priority:1|startupRole:FOLLOWER]|listeners:[], old=null
2023-08-28 09:33:48,145 [5e45d05c-e098-4a5b-a019-6f8f93701f04@group-BD1F6AD23C4E-LeaderElection27] INFO  impl.LeaderElection (LeaderElection.java:askForVotes(323)) - 5e45d05c-e098-4a5b-a019-6f8f93701f04@group-BD1F6AD23C4E-LeaderElection27 PRE_VOTE round 0: result PASSED (term=0)
2023-08-28 09:33:48,145 [80fac8df-d086-4186-9807-ed58a74d6c90-server-thread2] INFO  server.RaftServer$Division (ServerState.java:setRaftConf(434)) - 80fac8df-d086-4186-9807-ed58a74d6c90@group-1DFF6731F38D: set configuration 0: peers:[80fac8df-d086-4186-9807-ed58a74d6c90|rpc:10.1.0.27:15120|admin:10.1.0.27:15119|client:10.1.0.27:15118|dataStream:10.1.0.27:15121|priority:0|startupRole:FOLLOWER, 5e45d05c-e098-4a5b-a019-6f8f93701f04|rpc:10.1.0.27:15129|admin:10.1.0.27:15128|client:10.1.0.27:15127|dataStream:10.1.0.27:15130|priority:0|startupRole:FOLLOWER, cd0f2c76-867f-4adb-98b4-ea19f4e614c4|rpc:10.1.0.27:15138|admin:10.1.0.27:15137|client:10.1.0.27:15136|dataStream:10.1.0.27:15139|priority:1|startupRole:FOLLOWER]|listeners:[], old=null
2023-08-28 09:33:48,145 [80fac8df-d086-4186-9807-ed58a74d6c90-server-thread2] INFO  segmented.SegmentedRaftLogWorker (SegmentedRaftLogWorker.java:startLogSegment(447)) - 80fac8df-d086-4186-9807-ed58a74d6c90@group-1DFF6731F38D-SegmentedRaftLogWorker: Starting segment from index:0
2023-08-28 09:33:48,147 [80fac8df-d086-4186-9807-ed58a74d6c90@group-1DFF6731F38D-SegmentedRaftLogWorker] INFO  segmented.SegmentedRaftLogWorker (SegmentedRaftLogWorker.java:execute(651)) - 80fac8df-d086-4186-9807-ed58a74d6c90@group-1DFF6731F38D-SegmentedRaftLogWorker: created new log segment /home/runner/work/ozone/ozone/hadoop-ozone/integration-test/target/test-dir/MiniOzoneClusterImpl-ff034f8e-8080-4075-bf38-01537132cba4/datanode-0/data/ratis/80e183fb-8bd2-4fe8-8055-1dff6731f38d/current/log_inprogress_0
2023-08-28 09:33:48,147 [5e45d05c-e098-4a5b-a019-6f8f93701f04@group-BD1F6AD23C4E-LeaderElection27] INFO  impl.LeaderElection (LeaderElection.java:askForVotes(321)) - 5e45d05c-e098-4a5b-a019-6f8f93701f04@group-BD1F6AD23C4E-LeaderElection27 ELECTION round 0: submit vote requests at term 1 for -1: peers:[5e45d05c-e098-4a5b-a019-6f8f93701f04|rpc:10.1.0.27:15129|admin:10.1.0.27:15128|client:10.1.0.27:15127|dataStream:10.1.0.27:15130|priority:1|startupRole:FOLLOWER]|listeners:[], old=null
2023-08-28 09:33:48,147 [5e45d05c-e098-4a5b-a019-6f8f93701f04@group-BD1F6AD23C4E-LeaderElection27] INFO  impl.LeaderElection (LeaderElection.java:askForVotes(323)) - 5e45d05c-e098-4a5b-a019-6f8f93701f04@group-BD1F6AD23C4E-LeaderElection27 ELECTION round 0: result PASSED (term=1)
2023-08-28 09:33:48,147 [5e45d05c-e098-4a5b-a019-6f8f93701f04@group-BD1F6AD23C4E-LeaderElection27] INFO  impl.RoleInfo (RoleInfo.java:shutdownLeaderElection(130)) - 5e45d05c-e098-4a5b-a019-6f8f93701f04: shutdown 5e45d05c-e098-4a5b-a019-6f8f93701f04@group-BD1F6AD23C4E-LeaderElection27
2023-08-28 09:33:48,147 [5e45d05c-e098-4a5b-a019-6f8f93701f04@group-BD1F6AD23C4E-LeaderElection27] INFO  server.RaftServer$Division (RaftServerImpl.java:setRole(329)) - 5e45d05c-e098-4a5b-a019-6f8f93701f04@group-BD1F6AD23C4E: changes role from CANDIDATE to LEADER at term 1 for changeToLeader
2023-08-28 09:33:48,147 [5e45d05c-e098-4a5b-a019-6f8f93701f04@group-BD1F6AD23C4E-LeaderElection27] INFO  ratis.XceiverServerRatis (XceiverServerRatis.java:handleLeaderChangedNotification(902)) - Leader change notification received for group: group-BD1F6AD23C4E with new leaderId: 5e45d05c-e098-4a5b-a019-6f8f93701f04
2023-08-28 09:33:48,147 [5e45d05c-e098-4a5b-a019-6f8f93701f04@group-BD1F6AD23C4E-LeaderElection27] INFO  server.RaftServer$Division (ServerState.java:setLeader(317)) - 5e45d05c-e098-4a5b-a019-6f8f93701f04@group-BD1F6AD23C4E: change Leader from null to 5e45d05c-e098-4a5b-a019-6f8f93701f04 at term 1 for becomeLeader, leader elected after 5236ms
2023-08-28 09:33:48,147 [5e45d05c-e098-4a5b-a019-6f8f93701f04@group-BD1F6AD23C4E-LeaderElection27] INFO  server.RaftServerConfigKeys (ConfUtils.java:logGet(46)) - raft.server.staging.catchup.gap = 1000 (default)
2023-08-28 09:33:48,147 [5e45d05c-e098-4a5b-a019-6f8f93701f04@group-BD1F6AD23C4E-LeaderElection27] INFO  server.RaftServerConfigKeys (ConfUtils.java:logGet(46)) - raft.server.write.element-limit = 1024 (custom)
2023-08-28 09:33:48,147 [5e45d05c-e098-4a5b-a019-6f8f93701f04@group-BD1F6AD23C4E-LeaderElection27] INFO  server.RaftServerConfigKeys (ConfUtils.java:logGet(46)) - raft.server.write.byte-limit = 1024 M (=1073741824) (custom)
2023-08-28 09:33:48,148 [5e45d05c-e098-4a5b-a019-6f8f93701f04@group-BD1F6AD23C4E-LeaderElection27] INFO  server.RaftServerConfigKeys (ConfUtils.java:logGet(46)) - raft.server.watch.timeout = 180s (custom)
2023-08-28 09:33:48,148 [5e45d05c-e098-4a5b-a019-6f8f93701f04@group-BD1F6AD23C4E-LeaderElection27] INFO  server.RaftServerConfigKeys (ConfUtils.java:logGet(46)) - raft.server.watch.timeout.denomination = 1s (default)
2023-08-28 09:33:48,148 [5e45d05c-e098-4a5b-a019-6f8f93701f04@group-BD1F6AD23C4E-LeaderElection27] INFO  server.RaftServerConfigKeys (ConfUtils.java:logGet(46)) - raft.server.watch.element-limit = 65536 (default)
2023-08-28 09:33:48,148 [5e45d05c-e098-4a5b-a019-6f8f93701f04@group-BD1F6AD23C4E-LeaderElection27] INFO  server.RaftServerConfigKeys (ConfUtils.java:logGet(46)) - raft.server.write.element-limit = 1024 (custom)
2023-08-28 09:33:48,148 [5e45d05c-e098-4a5b-a019-6f8f93701f04@group-BD1F6AD23C4E-LeaderElection27] INFO  server.RaftServerConfigKeys (ConfUtils.java:logGet(46)) - raft.server.write.follower.gap.ratio.max = -1.0 (default)
2023-08-28 09:33:48,148 [5e45d05c-e098-4a5b-a019-6f8f93701f04@group-BD1F6AD23C4E-LeaderElection27] INFO  impl.RoleInfo (RoleInfo.java:updateAndGet(139)) - 5e45d05c-e098-4a5b-a019-6f8f93701f04: start 5e45d05c-e098-4a5b-a019-6f8f93701f04@group-BD1F6AD23C4E-LeaderStateImpl
2023-08-28 09:33:48,148 [5e45d05c-e098-4a5b-a019-6f8f93701f04@group-BD1F6AD23C4E-LeaderElection27] INFO  segmented.SegmentedRaftLogWorker (SegmentedRaftLogWorker.java:startLogSegment(447)) - 5e45d05c-e098-4a5b-a019-6f8f93701f04@group-BD1F6AD23C4E-SegmentedRaftLogWorker: Starting segment from index:0
2023-08-28 09:33:48,150 [5e45d05c-e098-4a5b-a019-6f8f93701f04@group-BD1F6AD23C4E-SegmentedRaftLogWorker] INFO  segmented.SegmentedRaftLogWorker (SegmentedRaftLogWorker.java:execute(651)) - 5e45d05c-e098-4a5b-a019-6f8f93701f04@group-BD1F6AD23C4E-SegmentedRaftLogWorker: created new log segment /home/runner/work/ozone/ozone/hadoop-ozone/integration-test/target/test-dir/MiniOzoneClusterImpl-ff034f8e-8080-4075-bf38-01537132cba4/datanode-1/data/ratis/695fa5cc-d134-4429-9e17-bd1f6ad23c4e/current/log_inprogress_0
2023-08-28 09:33:48,150 [cd0f2c76-867f-4adb-98b4-ea19f4e614c4@group-D67EC9FCB8AC-FollowerState] INFO  server.RaftServerConfigKeys (ConfUtils.java:logFallback(53)) - raft.server.rpc.first-election.timeout.min = 5s (fallback to raft.server.rpc.timeout.min)
2023-08-28 09:33:48,150 [cd0f2c76-867f-4adb-98b4-ea19f4e614c4@group-D67EC9FCB8AC-FollowerState] INFO  server.RaftServerConfigKeys (ConfUtils.java:logFallback(53)) - raft.server.rpc.first-election.timeout.max = 5200ms (fallback to raft.server.rpc.timeout.max)
2023-08-28 09:33:48,152 [5e45d05c-e098-4a5b-a019-6f8f93701f04@group-BD1F6AD23C4E-LeaderElection27] INFO  server.RaftServer$Division (ServerState.java:setRaftConf(434)) - 5e45d05c-e098-4a5b-a019-6f8f93701f04@group-BD1F6AD23C4E: set configuration 0: peers:[5e45d05c-e098-4a5b-a019-6f8f93701f04|rpc:10.1.0.27:15129|admin:10.1.0.27:15128|client:10.1.0.27:15127|dataStream:10.1.0.27:15130|priority:1|startupRole:FOLLOWER]|listeners:[], old=null
2023-08-28 09:33:48,165 [grpc-default-executor-1] INFO  server.RaftServer$Division (RaftServerImpl.java:requestVote(1302)) - 5e45d05c-e098-4a5b-a019-6f8f93701f04@group-D67EC9FCB8AC: receive requestVote(PRE_VOTE, 80fac8df-d086-4186-9807-ed58a74d6c90, group-D67EC9FCB8AC, 0, (t:0, i:0))
2023-08-28 09:33:48,165 [grpc-default-executor-1] INFO  impl.VoteContext (VoteContext.java:log(49)) - 5e45d05c-e098-4a5b-a019-6f8f93701f04@group-D67EC9FCB8AC-FOLLOWER: accept PRE_VOTE from 80fac8df-d086-4186-9807-ed58a74d6c90: our priority 0 <= candidate's priority 1
2023-08-28 09:33:48,166 [grpc-default-executor-1] INFO  server.RaftServer$Division (RaftServerImpl.java:requestVote(1335)) - 5e45d05c-e098-4a5b-a019-6f8f93701f04@group-D67EC9FCB8AC replies to PRE_VOTE vote request: 80fac8df-d086-4186-9807-ed58a74d6c90<-5e45d05c-e098-4a5b-a019-6f8f93701f04#0:OK-t0. Peer's state: 5e45d05c-e098-4a5b-a019-6f8f93701f04@group-D67EC9FCB8AC:t0, leader=null, voted=, raftlog=Memoized:5e45d05c-e098-4a5b-a019-6f8f93701f04@group-D67EC9FCB8AC-SegmentedRaftLog:OPENED:c-1, conf=-1: peers:[80fac8df-d086-4186-9807-ed58a74d6c90|rpc:10.1.0.27:15120|admin:10.1.0.27:15119|client:10.1.0.27:15118|dataStream:10.1.0.27:15121|priority:1|startupRole:FOLLOWER, 5e45d05c-e098-4a5b-a019-6f8f93701f04|rpc:10.1.0.27:15129|admin:10.1.0.27:15128|client:10.1.0.27:15127|dataStream:10.1.0.27:15130|priority:0|startupRole:FOLLOWER, cd0f2c76-867f-4adb-98b4-ea19f4e614c4|rpc:10.1.0.27:15138|admin:10.1.0.27:15137|client:10.1.0.27:15136|dataStream:10.1.0.27:15139|priority:0|startupRole:FOLLOWER]|listeners:[], old=null
2023-08-28 09:33:48,166 [grpc-default-executor-4] INFO  server.RaftServer$Division (RaftServerImpl.java:requestVote(1302)) - cd0f2c76-867f-4adb-98b4-ea19f4e614c4@group-D67EC9FCB8AC: receive requestVote(PRE_VOTE, 80fac8df-d086-4186-9807-ed58a74d6c90, group-D67EC9FCB8AC, 0, (t:0, i:0))
2023-08-28 09:33:48,166 [grpc-default-executor-4] INFO  impl.VoteContext (VoteContext.java:log(49)) - cd0f2c76-867f-4adb-98b4-ea19f4e614c4@group-D67EC9FCB8AC-FOLLOWER: accept PRE_VOTE from 80fac8df-d086-4186-9807-ed58a74d6c90: our priority 0 <= candidate's priority 1
2023-08-28 09:33:48,166 [grpc-default-executor-4] INFO  server.RaftServer$Division (RaftServerImpl.java:requestVote(1335)) - cd0f2c76-867f-4adb-98b4-ea19f4e614c4@group-D67EC9FCB8AC replies to PRE_VOTE vote request: 80fac8df-d086-4186-9807-ed58a74d6c90<-cd0f2c76-867f-4adb-98b4-ea19f4e614c4#0:OK-t0. Peer's state: cd0f2c76-867f-4adb-98b4-ea19f4e614c4@group-D67EC9FCB8AC:t0, leader=null, voted=, raftlog=Memoized:cd0f2c76-867f-4adb-98b4-ea19f4e614c4@group-D67EC9FCB8AC-SegmentedRaftLog:OPENED:c-1, conf=-1: peers:[80fac8df-d086-4186-9807-ed58a74d6c90|rpc:10.1.0.27:15120|admin:10.1.0.27:15119|client:10.1.0.27:15118|dataStream:10.1.0.27:15121|priority:1|startupRole:FOLLOWER, 5e45d05c-e098-4a5b-a019-6f8f93701f04|rpc:10.1.0.27:15129|admin:10.1.0.27:15128|client:10.1.0.27:15127|dataStream:10.1.0.27:15130|priority:0|startupRole:FOLLOWER, cd0f2c76-867f-4adb-98b4-ea19f4e614c4|rpc:10.1.0.27:15138|admin:10.1.0.27:15137|client:10.1.0.27:15136|dataStream:10.1.0.27:15139|priority:0|startupRole:FOLLOWER]|listeners:[], old=null
2023-08-28 09:33:48,169 [80fac8df-d086-4186-9807-ed58a74d6c90@group-D67EC9FCB8AC-LeaderElection26] INFO  impl.LeaderElection (LeaderElection.java:logAndReturn(90)) - 80fac8df-d086-4186-9807-ed58a74d6c90@group-D67EC9FCB8AC-LeaderElection26: PRE_VOTE PASSED received 1 response(s) and 0 exception(s):
2023-08-28 09:33:48,170 [80fac8df-d086-4186-9807-ed58a74d6c90@group-D67EC9FCB8AC-LeaderElection26] INFO  impl.LeaderElection (LeaderElection.java:logAndReturn(94)) -   Response 0: 80fac8df-d086-4186-9807-ed58a74d6c90<-cd0f2c76-867f-4adb-98b4-ea19f4e614c4#0:OK-t0
2023-08-28 09:33:48,170 [80fac8df-d086-4186-9807-ed58a74d6c90@group-D67EC9FCB8AC-LeaderElection26] INFO  impl.LeaderElection (LeaderElection.java:askForVotes(323)) - 80fac8df-d086-4186-9807-ed58a74d6c90@group-D67EC9FCB8AC-LeaderElection26 PRE_VOTE round 0: result PASSED
2023-08-28 09:33:48,171 [80fac8df-d086-4186-9807-ed58a74d6c90@group-D67EC9FCB8AC-LeaderElection26] INFO  impl.LeaderElection (LeaderElection.java:askForVotes(321)) - 80fac8df-d086-4186-9807-ed58a74d6c90@group-D67EC9FCB8AC-LeaderElection26 ELECTION round 0: submit vote requests at term 1 for -1: peers:[80fac8df-d086-4186-9807-ed58a74d6c90|rpc:10.1.0.27:15120|admin:10.1.0.27:15119|client:10.1.0.27:15118|dataStream:10.1.0.27:15121|priority:1|startupRole:FOLLOWER, 5e45d05c-e098-4a5b-a019-6f8f93701f04|rpc:10.1.0.27:15129|admin:10.1.0.27:15128|client:10.1.0.27:15127|dataStream:10.1.0.27:15130|priority:0|startupRole:FOLLOWER, cd0f2c76-867f-4adb-98b4-ea19f4e614c4|rpc:10.1.0.27:15138|admin:10.1.0.27:15137|client:10.1.0.27:15136|dataStream:10.1.0.27:15139|priority:0|startupRole:FOLLOWER]|listeners:[], old=null
2023-08-28 09:33:48,173 [grpc-default-executor-3] INFO  server.RaftServer$Division (RaftServerImpl.java:requestVote(1302)) - 5e45d05c-e098-4a5b-a019-6f8f93701f04@group-D67EC9FCB8AC: receive requestVote(ELECTION, 80fac8df-d086-4186-9807-ed58a74d6c90, group-D67EC9FCB8AC, 1, (t:0, i:0))
2023-08-28 09:33:48,173 [grpc-default-executor-3] INFO  impl.VoteContext (VoteContext.java:log(49)) - 5e45d05c-e098-4a5b-a019-6f8f93701f04@group-D67EC9FCB8AC-FOLLOWER: accept ELECTION from 80fac8df-d086-4186-9807-ed58a74d6c90: our priority 0 <= candidate's priority 1
2023-08-28 09:33:48,173 [grpc-default-executor-3] INFO  server.RaftServer$Division (RaftServerImpl.java:setRole(329)) - 5e45d05c-e098-4a5b-a019-6f8f93701f04@group-D67EC9FCB8AC: changes role from  FOLLOWER to FOLLOWER at term 1 for candidate:80fac8df-d086-4186-9807-ed58a74d6c90
2023-08-28 09:33:48,173 [grpc-default-executor-3] INFO  impl.RoleInfo (RoleInfo.java:shutdownFollowerState(110)) - 5e45d05c-e098-4a5b-a019-6f8f93701f04: shutdown 5e45d05c-e098-4a5b-a019-6f8f93701f04@group-D67EC9FCB8AC-FollowerState
2023-08-28 09:33:48,175 [80fac8df-d086-4186-9807-ed58a74d6c90@group-D67EC9FCB8AC-LeaderElection26] INFO  server.RaftServerConfigKeys (ConfUtils.java:logFallback(53)) - raft.server.rpc.first-election.timeout.min = 5s (fallback to raft.server.rpc.timeout.min)
2023-08-28 09:33:48,175 [80fac8df-d086-4186-9807-ed58a74d6c90@group-D67EC9FCB8AC-LeaderElection26] INFO  server.RaftServerConfigKeys (ConfUtils.java:logFallback(53)) - raft.server.rpc.first-election.timeout.max = 5200ms (fallback to raft.server.rpc.timeout.max)
2023-08-28 09:33:48,175 [5e45d05c-e098-4a5b-a019-6f8f93701f04@group-D67EC9FCB8AC-FollowerState] INFO  impl.FollowerState (FollowerState.java:run(152)) - 5e45d05c-e098-4a5b-a019-6f8f93701f04@group-D67EC9FCB8AC-FollowerState was interrupted
2023-08-28 09:33:48,175 [grpc-default-executor-3] INFO  impl.RoleInfo (RoleInfo.java:updateAndGet(139)) - 5e45d05c-e098-4a5b-a019-6f8f93701f04: start 5e45d05c-e098-4a5b-a019-6f8f93701f04@group-D67EC9FCB8AC-FollowerState
2023-08-28 09:33:48,177 [grpc-default-executor-5] INFO  server.RaftServer$Division (RaftServerImpl.java:requestVote(1302)) - cd0f2c76-867f-4adb-98b4-ea19f4e614c4@group-D67EC9FCB8AC: receive requestVote(ELECTION, 80fac8df-d086-4186-9807-ed58a74d6c90, group-D67EC9FCB8AC, 1, (t:0, i:0))
2023-08-28 09:33:48,177 [grpc-default-executor-5] INFO  impl.VoteContext (VoteContext.java:log(49)) - cd0f2c76-867f-4adb-98b4-ea19f4e614c4@group-D67EC9FCB8AC-FOLLOWER: accept ELECTION from 80fac8df-d086-4186-9807-ed58a74d6c90: our priority 0 <= candidate's priority 1
2023-08-28 09:33:48,177 [grpc-default-executor-5] INFO  server.RaftServer$Division (RaftServerImpl.java:setRole(329)) - cd0f2c76-867f-4adb-98b4-ea19f4e614c4@group-D67EC9FCB8AC: changes role from  FOLLOWER to FOLLOWER at term 1 for candidate:80fac8df-d086-4186-9807-ed58a74d6c90
2023-08-28 09:33:48,177 [grpc-default-executor-5] INFO  impl.RoleInfo (RoleInfo.java:shutdownFollowerState(110)) - cd0f2c76-867f-4adb-98b4-ea19f4e614c4: shutdown cd0f2c76-867f-4adb-98b4-ea19f4e614c4@group-D67EC9FCB8AC-FollowerState
2023-08-28 09:33:48,177 [cd0f2c76-867f-4adb-98b4-ea19f4e614c4@group-D67EC9FCB8AC-FollowerState] INFO  impl.FollowerState (FollowerState.java:run(152)) - cd0f2c76-867f-4adb-98b4-ea19f4e614c4@group-D67EC9FCB8AC-FollowerState was interrupted
2023-08-28 09:33:48,177 [grpc-default-executor-3] INFO  server.RaftServer$Division (RaftServerImpl.java:requestVote(1335)) - 5e45d05c-e098-4a5b-a019-6f8f93701f04@group-D67EC9FCB8AC replies to ELECTION vote request: 80fac8df-d086-4186-9807-ed58a74d6c90<-5e45d05c-e098-4a5b-a019-6f8f93701f04#0:OK-t1. Peer's state: 5e45d05c-e098-4a5b-a019-6f8f93701f04@group-D67EC9FCB8AC:t1, leader=null, voted=80fac8df-d086-4186-9807-ed58a74d6c90, raftlog=Memoized:5e45d05c-e098-4a5b-a019-6f8f93701f04@group-D67EC9FCB8AC-SegmentedRaftLog:OPENED:c-1, conf=-1: peers:[80fac8df-d086-4186-9807-ed58a74d6c90|rpc:10.1.0.27:15120|admin:10.1.0.27:15119|client:10.1.0.27:15118|dataStream:10.1.0.27:15121|priority:1|startupRole:FOLLOWER, 5e45d05c-e098-4a5b-a019-6f8f93701f04|rpc:10.1.0.27:15129|admin:10.1.0.27:15128|client:10.1.0.27:15127|dataStream:10.1.0.27:15130|priority:0|startupRole:FOLLOWER, cd0f2c76-867f-4adb-98b4-ea19f4e614c4|rpc:10.1.0.27:15138|admin:10.1.0.27:15137|client:10.1.0.27:15136|dataStream:10.1.0.27:15139|priority:0|startupRole:FOLLOWER]|listeners:[], old=null
2023-08-28 09:33:48,178 [grpc-default-executor-5] INFO  impl.RoleInfo (RoleInfo.java:updateAndGet(139)) - cd0f2c76-867f-4adb-98b4-ea19f4e614c4: start cd0f2c76-867f-4adb-98b4-ea19f4e614c4@group-D67EC9FCB8AC-FollowerState
2023-08-28 09:33:48,180 [80fac8df-d086-4186-9807-ed58a74d6c90@group-D67EC9FCB8AC-LeaderElection26] INFO  impl.LeaderElection (LeaderElection.java:logAndReturn(90)) - 80fac8df-d086-4186-9807-ed58a74d6c90@group-D67EC9FCB8AC-LeaderElection26: ELECTION PASSED received 1 response(s) and 0 exception(s):
2023-08-28 09:33:48,180 [80fac8df-d086-4186-9807-ed58a74d6c90@group-D67EC9FCB8AC-LeaderElection26] INFO  impl.LeaderElection (LeaderElection.java:logAndReturn(94)) -   Response 0: 80fac8df-d086-4186-9807-ed58a74d6c90<-5e45d05c-e098-4a5b-a019-6f8f93701f04#0:OK-t1
2023-08-28 09:33:48,180 [80fac8df-d086-4186-9807-ed58a74d6c90@group-D67EC9FCB8AC-LeaderElection26] INFO  impl.LeaderElection (LeaderElection.java:askForVotes(323)) - 80fac8df-d086-4186-9807-ed58a74d6c90@group-D67EC9FCB8AC-LeaderElection26 ELECTION round 0: result PASSED
2023-08-28 09:33:48,180 [80fac8df-d086-4186-9807-ed58a74d6c90@group-D67EC9FCB8AC-LeaderElection26] INFO  impl.RoleInfo (RoleInfo.java:shutdownLeaderElection(130)) - 80fac8df-d086-4186-9807-ed58a74d6c90: shutdown 80fac8df-d086-4186-9807-ed58a74d6c90@group-D67EC9FCB8AC-LeaderElection26
2023-08-28 09:33:48,180 [80fac8df-d086-4186-9807-ed58a74d6c90@group-D67EC9FCB8AC-LeaderElection26] INFO  server.RaftServer$Division (RaftServerImpl.java:setRole(329)) - 80fac8df-d086-4186-9807-ed58a74d6c90@group-D67EC9FCB8AC: changes role from CANDIDATE to LEADER at term 1 for changeToLeader
2023-08-28 09:33:48,181 [80fac8df-d086-4186-9807-ed58a74d6c90@group-D67EC9FCB8AC-LeaderElection26] INFO  ratis.XceiverServerRatis (XceiverServerRatis.java:handleLeaderChangedNotification(902)) - Leader change notification received for group: group-D67EC9FCB8AC with new leaderId: 80fac8df-d086-4186-9807-ed58a74d6c90
2023-08-28 09:33:48,181 [80fac8df-d086-4186-9807-ed58a74d6c90@group-D67EC9FCB8AC-LeaderElection26] INFO  server.RaftServer$Division (ServerState.java:setLeader(317)) - 80fac8df-d086-4186-9807-ed58a74d6c90@group-D67EC9FCB8AC: change Leader from null to 80fac8df-d086-4186-9807-ed58a74d6c90 at term 1 for becomeLeader, leader elected after 5283ms
2023-08-28 09:33:48,181 [80fac8df-d086-4186-9807-ed58a74d6c90@group-D67EC9FCB8AC-LeaderElection26] INFO  server.RaftServerConfigKeys (ConfUtils.java:logGet(46)) - raft.server.staging.catchup.gap = 1000 (default)
2023-08-28 09:33:48,181 [grpc-default-executor-5] INFO  server.RaftServer$Division (RaftServerImpl.java:requestVote(1335)) - cd0f2c76-867f-4adb-98b4-ea19f4e614c4@group-D67EC9FCB8AC replies to ELECTION vote request: 80fac8df-d086-4186-9807-ed58a74d6c90<-cd0f2c76-867f-4adb-98b4-ea19f4e614c4#0:OK-t1. Peer's state: cd0f2c76-867f-4adb-98b4-ea19f4e614c4@group-D67EC9FCB8AC:t1, leader=null, voted=80fac8df-d086-4186-9807-ed58a74d6c90, raftlog=Memoized:cd0f2c76-867f-4adb-98b4-ea19f4e614c4@group-D67EC9FCB8AC-SegmentedRaftLog:OPENED:c-1, conf=-1: peers:[80fac8df-d086-4186-9807-ed58a74d6c90|rpc:10.1.0.27:15120|admin:10.1.0.27:15119|client:10.1.0.27:15118|dataStream:10.1.0.27:15121|priority:1|startupRole:FOLLOWER, 5e45d05c-e098-4a5b-a019-6f8f93701f04|rpc:10.1.0.27:15129|admin:10.1.0.27:15128|client:10.1.0.27:15127|dataStream:10.1.0.27:15130|priority:0|startupRole:FOLLOWER, cd0f2c76-867f-4adb-98b4-ea19f4e614c4|rpc:10.1.0.27:15138|admin:10.1.0.27:15137|client:10.1.0.27:15136|dataStream:10.1.0.27:15139|priority:0|startupRole:FOLLOWER]|listeners:[], old=null
2023-08-28 09:33:48,181 [80fac8df-d086-4186-9807-ed58a74d6c90@group-D67EC9FCB8AC-LeaderElection26] INFO  server.RaftServerConfigKeys (ConfUtils.java:logGet(46)) - raft.server.write.element-limit = 1024 (custom)
2023-08-28 09:33:48,181 [80fac8df-d086-4186-9807-ed58a74d6c90@group-D67EC9FCB8AC-LeaderElection26] INFO  server.RaftServerConfigKeys (ConfUtils.java:logGet(46)) - raft.server.write.byte-limit = 1024 M (=1073741824) (custom)
2023-08-28 09:33:48,181 [80fac8df-d086-4186-9807-ed58a74d6c90@group-D67EC9FCB8AC-LeaderElection26] INFO  server.RaftServerConfigKeys (ConfUtils.java:logGet(46)) - raft.server.watch.timeout = 180s (custom)
2023-08-28 09:33:48,181 [80fac8df-d086-4186-9807-ed58a74d6c90@group-D67EC9FCB8AC-LeaderElection26] INFO  server.RaftServerConfigKeys (ConfUtils.java:logGet(46)) - raft.server.watch.timeout.denomination = 1s (default)
2023-08-28 09:33:48,181 [80fac8df-d086-4186-9807-ed58a74d6c90@group-D67EC9FCB8AC-LeaderElection26] INFO  server.RaftServerConfigKeys (ConfUtils.java:logGet(46)) - raft.server.watch.element-limit = 65536 (default)
2023-08-28 09:33:48,181 [80fac8df-d086-4186-9807-ed58a74d6c90@group-D67EC9FCB8AC-LeaderElection26] INFO  server.RaftServerConfigKeys (ConfUtils.java:logGet(46)) - raft.server.write.element-limit = 1024 (custom)
2023-08-28 09:33:48,181 [80fac8df-d086-4186-9807-ed58a74d6c90@group-D67EC9FCB8AC-LeaderElection26] INFO  server.RaftServerConfigKeys (ConfUtils.java:logGet(46)) - raft.server.write.follower.gap.ratio.max = -1.0 (default)
2023-08-28 09:33:48,182 [80fac8df-d086-4186-9807-ed58a74d6c90@group-D67EC9FCB8AC-LeaderElection26] INFO  server.RaftServerConfigKeys (ConfUtils.java:logGet(46)) - raft.server.log.appender.snapshot.chunk.size.max = 16MB (=16777216) (default)
2023-08-28 09:33:48,182 [80fac8df-d086-4186-9807-ed58a74d6c90@group-D67EC9FCB8AC-LeaderElection26] INFO  server.RaftServerConfigKeys (ConfUtils.java:logGet(46)) - raft.server.log.appender.buffer.byte-limit = 33554432 (custom)
2023-08-28 09:33:48,182 [80fac8df-d086-4186-9807-ed58a74d6c90@group-D67EC9FCB8AC-LeaderElection26] INFO  server.RaftServerConfigKeys (ConfUtils.java:logGet(46)) - raft.server.log.appender.buffer.element-limit = 1 (custom)
2023-08-28 09:33:48,182 [80fac8df-d086-4186-9807-ed58a74d6c90@group-D67EC9FCB8AC-LeaderElection26] INFO  server.RaftServerConfigKeys (ConfUtils.java:logGet(46)) - raft.server.log.appender.wait-time.min = 10ms (default)
2023-08-28 09:33:48,182 [80fac8df-d086-4186-9807-ed58a74d6c90@group-D67EC9FCB8AC-LeaderElection26] INFO  grpc.GrpcConfigKeys (ConfUtils.java:logGet(46)) - raft.grpc.server.leader.outstanding.appends.max = 128 (default)
2023-08-28 09:33:48,182 [80fac8df-d086-4186-9807-ed58a74d6c90@group-D67EC9FCB8AC-LeaderElection26] INFO  server.RaftServerConfigKeys (ConfUtils.java:logGet(46)) - raft.server.rpc.request.timeout = 60s (custom)
2023-08-28 09:33:48,182 [80fac8df-d086-4186-9807-ed58a74d6c90@group-D67EC9FCB8AC-LeaderElection26] INFO  grpc.GrpcConfigKeys (ConfUtils.java:logGet(46)) - raft.grpc.server.install_snapshot.request.element-limit = 8 (default)
2023-08-28 09:33:48,182 [80fac8df-d086-4186-9807-ed58a74d6c90@group-D67EC9FCB8AC-LeaderElection26] INFO  grpc.GrpcConfigKeys (ConfUtils.java:logGet(46)) - raft.grpc.server.install_snapshot.request.timeout = 3000ms (default)
2023-08-28 09:33:48,182 [80fac8df-d086-4186-9807-ed58a74d6c90@group-D67EC9FCB8AC-LeaderElection26] INFO  server.RaftServerConfigKeys (ConfUtils.java:logGet(46)) - raft.server.log.appender.install.snapshot.enabled = false (custom)
2023-08-28 09:33:48,182 [80fac8df-d086-4186-9807-ed58a74d6c90@group-D67EC9FCB8AC-LeaderElection26] INFO  grpc.GrpcConfigKeys (ConfUtils.java:logGet(46)) - raft.grpc.server.heartbeat.channel = true (default)
2023-08-28 09:33:48,183 [80fac8df-d086-4186-9807-ed58a74d6c90@group-D67EC9FCB8AC-LeaderElection26] INFO  server.RaftServerConfigKeys (ConfUtils.java:logGet(46)) - raft.server.log.appender.snapshot.chunk.size.max = 16MB (=16777216) (default)
2023-08-28 09:33:48,183 [80fac8df-d086-4186-9807-ed58a74d6c90@group-D67EC9FCB8AC-LeaderElection26] INFO  server.RaftServerConfigKeys (ConfUtils.java:logGet(46)) - raft.server.log.appender.buffer.byte-limit = 33554432 (custom)
2023-08-28 09:33:48,183 [80fac8df-d086-4186-9807-ed58a74d6c90@group-D67EC9FCB8AC-LeaderElection26] INFO  server.RaftServerConfigKeys (ConfUtils.java:logGet(46)) - raft.server.log.appender.buffer.element-limit = 1 (custom)
2023-08-28 09:33:48,183 [80fac8df-d086-4186-9807-ed58a74d6c90@group-D67EC9FCB8AC-LeaderElection26] INFO  server.RaftServerConfigKeys (ConfUtils.java:logGet(46)) - raft.server.log.appender.wait-time.min = 10ms (default)
2023-08-28 09:33:48,183 [80fac8df-d086-4186-9807-ed58a74d6c90@group-D67EC9FCB8AC-LeaderElection26] INFO  grpc.GrpcConfigKeys (ConfUtils.java:logGet(46)) - raft.grpc.server.leader.outstanding.appends.max = 128 (default)
2023-08-28 09:33:48,183 [80fac8df-d086-4186-9807-ed58a74d6c90@group-D67EC9FCB8AC-LeaderElection26] INFO  server.RaftServerConfigKeys (ConfUtils.java:logGet(46)) - raft.server.rpc.request.timeout = 60s (custom)
2023-08-28 09:33:48,183 [80fac8df-d086-4186-9807-ed58a74d6c90@group-D67EC9FCB8AC-LeaderElection26] INFO  grpc.GrpcConfigKeys (ConfUtils.java:logGet(46)) - raft.grpc.server.install_snapshot.request.element-limit = 8 (default)
2023-08-28 09:33:48,183 [80fac8df-d086-4186-9807-ed58a74d6c90@group-D67EC9FCB8AC-LeaderElection26] INFO  grpc.GrpcConfigKeys (ConfUtils.java:logGet(46)) - raft.grpc.server.install_snapshot.request.timeout = 3000ms (default)
2023-08-28 09:33:48,183 [80fac8df-d086-4186-9807-ed58a74d6c90@group-D67EC9FCB8AC-LeaderElection26] INFO  server.RaftServerConfigKeys (ConfUtils.java:logGet(46)) - raft.server.log.appender.install.snapshot.enabled = false (custom)
2023-08-28 09:33:48,183 [80fac8df-d086-4186-9807-ed58a74d6c90@group-D67EC9FCB8AC-LeaderElection26] INFO  grpc.GrpcConfigKeys (ConfUtils.java:logGet(46)) - raft.grpc.server.heartbeat.channel = true (default)
2023-08-28 09:33:48,183 [80fac8df-d086-4186-9807-ed58a74d6c90@group-D67EC9FCB8AC-LeaderElection26] INFO  impl.RoleInfo (RoleInfo.java:updateAndGet(139)) - 80fac8df-d086-4186-9807-ed58a74d6c90: start 80fac8df-d086-4186-9807-ed58a74d6c90@group-D67EC9FCB8AC-LeaderStateImpl
2023-08-28 09:33:48,183 [80fac8df-d086-4186-9807-ed58a74d6c90@group-D67EC9FCB8AC-LeaderElection26] INFO  segmented.SegmentedRaftLogWorker (SegmentedRaftLogWorker.java:startLogSegment(447)) - 80fac8df-d086-4186-9807-ed58a74d6c90@group-D67EC9FCB8AC-SegmentedRaftLogWorker: Starting segment from index:0
2023-08-28 09:33:48,184 [EventQueue-PipelineReportForPipelineReportHandler] INFO  pipeline.PipelineReportHandler (PipelineReportHandler.java:processPipelineReport(136)) - Opened pipeline PipelineID=583a2e2c-9fe4-49db-893a-d67ec9fcb8ac
2023-08-28 09:33:48,185 [80fac8df-d086-4186-9807-ed58a74d6c90@group-D67EC9FCB8AC-SegmentedRaftLogWorker] INFO  segmented.SegmentedRaftLogWorker (SegmentedRaftLogWorker.java:execute(651)) - 80fac8df-d086-4186-9807-ed58a74d6c90@group-D67EC9FCB8AC-SegmentedRaftLogWorker: created new log segment /home/runner/work/ozone/ozone/hadoop-ozone/integration-test/target/test-dir/MiniOzoneClusterImpl-ff034f8e-8080-4075-bf38-01537132cba4/datanode-0/data/ratis/583a2e2c-9fe4-49db-893a-d67ec9fcb8ac/current/log_inprogress_0
2023-08-28 09:33:48,185 [80fac8df-d086-4186-9807-ed58a74d6c90@group-D67EC9FCB8AC-LeaderElection26] INFO  server.RaftServer$Division (ServerState.java:setRaftConf(434)) - 80fac8df-d086-4186-9807-ed58a74d6c90@group-D67EC9FCB8AC: set configuration 0: peers:[80fac8df-d086-4186-9807-ed58a74d6c90|rpc:10.1.0.27:15120|admin:10.1.0.27:15119|client:10.1.0.27:15118|dataStream:10.1.0.27:15121|priority:1|startupRole:FOLLOWER, 5e45d05c-e098-4a5b-a019-6f8f93701f04|rpc:10.1.0.27:15129|admin:10.1.0.27:15128|client:10.1.0.27:15127|dataStream:10.1.0.27:15130|priority:0|startupRole:FOLLOWER, cd0f2c76-867f-4adb-98b4-ea19f4e614c4|rpc:10.1.0.27:15138|admin:10.1.0.27:15137|client:10.1.0.27:15136|dataStream:10.1.0.27:15139|priority:0|startupRole:FOLLOWER]|listeners:[], old=null
2023-08-28 09:33:48,195 [5e45d05c-e098-4a5b-a019-6f8f93701f04-server-thread1] INFO  ratis.XceiverServerRatis (XceiverServerRatis.java:handleLeaderChangedNotification(902)) - Leader change notification received for group: group-D67EC9FCB8AC with new leaderId: 80fac8df-d086-4186-9807-ed58a74d6c90
2023-08-28 09:33:48,195 [5e45d05c-e098-4a5b-a019-6f8f93701f04-server-thread1] INFO  server.RaftServer$Division (ServerState.java:setLeader(317)) - 5e45d05c-e098-4a5b-a019-6f8f93701f04@group-D67EC9FCB8AC: change Leader from null to 80fac8df-d086-4186-9807-ed58a74d6c90 at term 1 for appendEntries, leader elected after 5255ms
2023-08-28 09:33:48,197 [cd0f2c76-867f-4adb-98b4-ea19f4e614c4-server-thread1] INFO  ratis.XceiverServerRatis (XceiverServerRatis.java:handleLeaderChangedNotification(902)) - Leader change notification received for group: group-D67EC9FCB8AC with new leaderId: 80fac8df-d086-4186-9807-ed58a74d6c90
2023-08-28 09:33:48,197 [cd0f2c76-867f-4adb-98b4-ea19f4e614c4-server-thread1] INFO  server.RaftServer$Division (ServerState.java:setLeader(317)) - cd0f2c76-867f-4adb-98b4-ea19f4e614c4@group-D67EC9FCB8AC: change Leader from null to 80fac8df-d086-4186-9807-ed58a74d6c90 at term 1 for appendEntries, leader elected after 5260ms
2023-08-28 09:33:48,199 [cd0f2c76-867f-4adb-98b4-ea19f4e614c4-server-thread2] INFO  server.RaftServer$Division (ServerState.java:setRaftConf(434)) - cd0f2c76-867f-4adb-98b4-ea19f4e614c4@group-D67EC9FCB8AC: set configuration 0: peers:[80fac8df-d086-4186-9807-ed58a74d6c90|rpc:10.1.0.27:15120|admin:10.1.0.27:15119|client:10.1.0.27:15118|dataStream:10.1.0.27:15121|priority:1|startupRole:FOLLOWER, 5e45d05c-e098-4a5b-a019-6f8f93701f04|rpc:10.1.0.27:15129|admin:10.1.0.27:15128|client:10.1.0.27:15127|dataStream:10.1.0.27:15130|priority:0|startupRole:FOLLOWER, cd0f2c76-867f-4adb-98b4-ea19f4e614c4|rpc:10.1.0.27:15138|admin:10.1.0.27:15137|client:10.1.0.27:15136|dataStream:10.1.0.27:15139|priority:0|startupRole:FOLLOWER]|listeners:[], old=null
2023-08-28 09:33:48,200 [cd0f2c76-867f-4adb-98b4-ea19f4e614c4-server-thread2] INFO  segmented.SegmentedRaftLogWorker (SegmentedRaftLogWorker.java:startLogSegment(447)) - cd0f2c76-867f-4adb-98b4-ea19f4e614c4@group-D67EC9FCB8AC-SegmentedRaftLogWorker: Starting segment from index:0
2023-08-28 09:33:48,201 [5e45d05c-e098-4a5b-a019-6f8f93701f04-server-thread2] INFO  server.RaftServer$Division (ServerState.java:setRaftConf(434)) - 5e45d05c-e098-4a5b-a019-6f8f93701f04@group-D67EC9FCB8AC: set configuration 0: peers:[80fac8df-d086-4186-9807-ed58a74d6c90|rpc:10.1.0.27:15120|admin:10.1.0.27:15119|client:10.1.0.27:15118|dataStream:10.1.0.27:15121|priority:1|startupRole:FOLLOWER, 5e45d05c-e098-4a5b-a019-6f8f93701f04|rpc:10.1.0.27:15129|admin:10.1.0.27:15128|client:10.1.0.27:15127|dataStream:10.1.0.27:15130|priority:0|startupRole:FOLLOWER, cd0f2c76-867f-4adb-98b4-ea19f4e614c4|rpc:10.1.0.27:15138|admin:10.1.0.27:15137|client:10.1.0.27:15136|dataStream:10.1.0.27:15139|priority:0|startupRole:FOLLOWER]|listeners:[], old=null
2023-08-28 09:33:48,201 [5e45d05c-e098-4a5b-a019-6f8f93701f04-server-thread2] INFO  segmented.SegmentedRaftLogWorker (SegmentedRaftLogWorker.java:startLogSegment(447)) - 5e45d05c-e098-4a5b-a019-6f8f93701f04@group-D67EC9FCB8AC-SegmentedRaftLogWorker: Starting segment from index:0
2023-08-28 09:33:48,202 [cd0f2c76-867f-4adb-98b4-ea19f4e614c4@group-D67EC9FCB8AC-SegmentedRaftLogWorker] INFO  segmented.SegmentedRaftLogWorker (SegmentedRaftLogWorker.java:execute(651)) - cd0f2c76-867f-4adb-98b4-ea19f4e614c4@group-D67EC9FCB8AC-SegmentedRaftLogWorker: created new log segment /home/runner/work/ozone/ozone/hadoop-ozone/integration-test/target/test-dir/MiniOzoneClusterImpl-ff034f8e-8080-4075-bf38-01537132cba4/datanode-2/data/ratis/583a2e2c-9fe4-49db-893a-d67ec9fcb8ac/current/log_inprogress_0
2023-08-28 09:33:48,203 [5e45d05c-e098-4a5b-a019-6f8f93701f04@group-D67EC9FCB8AC-SegmentedRaftLogWorker] INFO  segmented.SegmentedRaftLogWorker (SegmentedRaftLogWorker.java:execute(651)) - 5e45d05c-e098-4a5b-a019-6f8f93701f04@group-D67EC9FCB8AC-SegmentedRaftLogWorker: created new log segment /home/runner/work/ozone/ozone/hadoop-ozone/integration-test/target/test-dir/MiniOzoneClusterImpl-ff034f8e-8080-4075-bf38-01537132cba4/datanode-1/data/ratis/583a2e2c-9fe4-49db-893a-d67ec9fcb8ac/current/log_inprogress_0
2023-08-28 09:33:48,404 [cd0f2c76-867f-4adb-98b4-ea19f4e614c4@group-2862A91966C4-FollowerState] INFO  impl.FollowerState (FollowerState.java:run(143)) - cd0f2c76-867f-4adb-98b4-ea19f4e614c4@group-2862A91966C4-FollowerState: change to CANDIDATE, lastRpcElapsedTime:5183139503ns, electionTimeout:5182ms
2023-08-28 09:33:48,404 [cd0f2c76-867f-4adb-98b4-ea19f4e614c4@group-2862A91966C4-FollowerState] INFO  impl.RoleInfo (RoleInfo.java:shutdownFollowerState(110)) - cd0f2c76-867f-4adb-98b4-ea19f4e614c4: shutdown cd0f2c76-867f-4adb-98b4-ea19f4e614c4@group-2862A91966C4-FollowerState
2023-08-28 09:33:48,404 [cd0f2c76-867f-4adb-98b4-ea19f4e614c4@group-2862A91966C4-FollowerState] INFO  server.RaftServer$Division (RaftServerImpl.java:setRole(329)) - cd0f2c76-867f-4adb-98b4-ea19f4e614c4@group-2862A91966C4: changes role from  FOLLOWER to CANDIDATE at term 0 for changeToCandidate
2023-08-28 09:33:48,404 [cd0f2c76-867f-4adb-98b4-ea19f4e614c4@group-2862A91966C4-FollowerState] INFO  server.RaftServerConfigKeys (ConfUtils.java:logGet(46)) - raft.server.leaderelection.pre-vote = true (default)
2023-08-28 09:33:48,404 [cd0f2c76-867f-4adb-98b4-ea19f4e614c4@group-2862A91966C4-FollowerState] INFO  impl.RoleInfo (RoleInfo.java:updateAndGet(139)) - cd0f2c76-867f-4adb-98b4-ea19f4e614c4: start cd0f2c76-867f-4adb-98b4-ea19f4e614c4@group-2862A91966C4-LeaderElection28
2023-08-28 09:33:48,407 [cd0f2c76-867f-4adb-98b4-ea19f4e614c4@group-2862A91966C4-LeaderElection28] INFO  impl.LeaderElection (LeaderElection.java:askForVotes(321)) - cd0f2c76-867f-4adb-98b4-ea19f4e614c4@group-2862A91966C4-LeaderElection28 PRE_VOTE round 0: submit vote requests at term 0 for -1: peers:[cd0f2c76-867f-4adb-98b4-ea19f4e614c4|rpc:10.1.0.27:15138|admin:10.1.0.27:15137|client:10.1.0.27:15136|dataStream:10.1.0.27:15139|priority:1|startupRole:FOLLOWER]|listeners:[], old=null
2023-08-28 09:33:48,407 [cd0f2c76-867f-4adb-98b4-ea19f4e614c4@group-2862A91966C4-LeaderElection28] INFO  impl.LeaderElection (LeaderElection.java:askForVotes(323)) - cd0f2c76-867f-4adb-98b4-ea19f4e614c4@group-2862A91966C4-LeaderElection28 PRE_VOTE round 0: result PASSED (term=0)
2023-08-28 09:33:48,409 [cd0f2c76-867f-4adb-98b4-ea19f4e614c4@group-2862A91966C4-LeaderElection28] INFO  impl.LeaderElection (LeaderElection.java:askForVotes(321)) - cd0f2c76-867f-4adb-98b4-ea19f4e614c4@group-2862A91966C4-LeaderElection28 ELECTION round 0: submit vote requests at term 1 for -1: peers:[cd0f2c76-867f-4adb-98b4-ea19f4e614c4|rpc:10.1.0.27:15138|admin:10.1.0.27:15137|client:10.1.0.27:15136|dataStream:10.1.0.27:15139|priority:1|startupRole:FOLLOWER]|listeners:[], old=null
2023-08-28 09:33:48,409 [cd0f2c76-867f-4adb-98b4-ea19f4e614c4@group-2862A91966C4-LeaderElection28] INFO  impl.LeaderElection (LeaderElection.java:askForVotes(323)) - cd0f2c76-867f-4adb-98b4-ea19f4e614c4@group-2862A91966C4-LeaderElection28 ELECTION round 0: result PASSED (term=1)
2023-08-28 09:33:48,409 [cd0f2c76-867f-4adb-98b4-ea19f4e614c4@group-2862A91966C4-LeaderElection28] INFO  impl.RoleInfo (RoleInfo.java:shutdownLeaderElection(130)) - cd0f2c76-867f-4adb-98b4-ea19f4e614c4: shutdown cd0f2c76-867f-4adb-98b4-ea19f4e614c4@group-2862A91966C4-LeaderElection28
2023-08-28 09:33:48,409 [cd0f2c76-867f-4adb-98b4-ea19f4e614c4@group-2862A91966C4-LeaderElection28] INFO  server.RaftServer$Division (RaftServerImpl.java:setRole(329)) - cd0f2c76-867f-4adb-98b4-ea19f4e614c4@group-2862A91966C4: changes role from CANDIDATE to LEADER at term 1 for changeToLeader
2023-08-28 09:33:48,409 [cd0f2c76-867f-4adb-98b4-ea19f4e614c4@group-2862A91966C4-LeaderElection28] INFO  ratis.XceiverServerRatis (XceiverServerRatis.java:handleLeaderChangedNotification(902)) - Leader change notification received for group: group-2862A91966C4 with new leaderId: cd0f2c76-867f-4adb-98b4-ea19f4e614c4
2023-08-28 09:33:48,409 [cd0f2c76-867f-4adb-98b4-ea19f4e614c4@group-2862A91966C4-LeaderElection28] INFO  server.RaftServer$Division (ServerState.java:setLeader(317)) - cd0f2c76-867f-4adb-98b4-ea19f4e614c4@group-2862A91966C4: change Leader from null to cd0f2c76-867f-4adb-98b4-ea19f4e614c4 at term 1 for becomeLeader, leader elected after 5202ms
2023-08-28 09:33:48,409 [cd0f2c76-867f-4adb-98b4-ea19f4e614c4@group-2862A91966C4-LeaderElection28] INFO  server.RaftServerConfigKeys (ConfUtils.java:logGet(46)) - raft.server.staging.catchup.gap = 1000 (default)
2023-08-28 09:33:48,410 [cd0f2c76-867f-4adb-98b4-ea19f4e614c4@group-2862A91966C4-LeaderElection28] INFO  server.RaftServerConfigKeys (ConfUtils.java:logGet(46)) - raft.server.write.element-limit = 1024 (custom)
2023-08-28 09:33:48,410 [cd0f2c76-867f-4adb-98b4-ea19f4e614c4@group-2862A91966C4-LeaderElection28] INFO  server.RaftServerConfigKeys (ConfUtils.java:logGet(46)) - raft.server.write.byte-limit = 1024 M (=1073741824) (custom)
2023-08-28 09:33:48,410 [cd0f2c76-867f-4adb-98b4-ea19f4e614c4@group-2862A91966C4-LeaderElection28] INFO  server.RaftServerConfigKeys (ConfUtils.java:logGet(46)) - raft.server.watch.timeout = 180s (custom)
2023-08-28 09:33:48,411 [cd0f2c76-867f-4adb-98b4-ea19f4e614c4@group-2862A91966C4-LeaderElection28] INFO  server.RaftServerConfigKeys (ConfUtils.java:logGet(46)) - raft.server.watch.timeout.denomination = 1s (default)
2023-08-28 09:33:48,411 [cd0f2c76-867f-4adb-98b4-ea19f4e614c4@group-2862A91966C4-LeaderElection28] INFO  server.RaftServerConfigKeys (ConfUtils.java:logGet(46)) - raft.server.watch.element-limit = 65536 (default)
2023-08-28 09:33:48,411 [cd0f2c76-867f-4adb-98b4-ea19f4e614c4@group-2862A91966C4-LeaderElection28] INFO  server.RaftServerConfigKeys (ConfUtils.java:logGet(46)) - raft.server.write.element-limit = 1024 (custom)
2023-08-28 09:33:48,411 [cd0f2c76-867f-4adb-98b4-ea19f4e614c4@group-2862A91966C4-LeaderElection28] INFO  server.RaftServerConfigKeys (ConfUtils.java:logGet(46)) - raft.server.write.follower.gap.ratio.max = -1.0 (default)
2023-08-28 09:33:48,411 [cd0f2c76-867f-4adb-98b4-ea19f4e614c4@group-2862A91966C4-LeaderElection28] INFO  impl.RoleInfo (RoleInfo.java:updateAndGet(139)) - cd0f2c76-867f-4adb-98b4-ea19f4e614c4: start cd0f2c76-867f-4adb-98b4-ea19f4e614c4@group-2862A91966C4-LeaderStateImpl
2023-08-28 09:33:48,411 [cd0f2c76-867f-4adb-98b4-ea19f4e614c4@group-2862A91966C4-LeaderElection28] INFO  segmented.SegmentedRaftLogWorker (SegmentedRaftLogWorker.java:startLogSegment(447)) - cd0f2c76-867f-4adb-98b4-ea19f4e614c4@group-2862A91966C4-SegmentedRaftLogWorker: Starting segment from index:0
2023-08-28 09:33:48,416 [cd0f2c76-867f-4adb-98b4-ea19f4e614c4@group-2862A91966C4-LeaderElection28] INFO  server.RaftServer$Division (ServerState.java:setRaftConf(434)) - cd0f2c76-867f-4adb-98b4-ea19f4e614c4@group-2862A91966C4: set configuration 0: peers:[cd0f2c76-867f-4adb-98b4-ea19f4e614c4|rpc:10.1.0.27:15138|admin:10.1.0.27:15137|client:10.1.0.27:15136|dataStream:10.1.0.27:15139|priority:1|startupRole:FOLLOWER]|listeners:[], old=null
2023-08-28 09:33:48,418 [cd0f2c76-867f-4adb-98b4-ea19f4e614c4@group-2862A91966C4-SegmentedRaftLogWorker] INFO  segmented.SegmentedRaftLogWorker (SegmentedRaftLogWorker.java:execute(651)) - cd0f2c76-867f-4adb-98b4-ea19f4e614c4@group-2862A91966C4-SegmentedRaftLogWorker: created new log segment /home/runner/work/ozone/ozone/hadoop-ozone/integration-test/target/test-dir/MiniOzoneClusterImpl-ff034f8e-8080-4075-bf38-01537132cba4/datanode-2/data/ratis/6ccf0fc7-14e3-4d38-8983-2862a91966c4/current/log_inprogress_0
2023-08-28 09:33:48,624 [95288828-abab-422b-9e50-2ffffa7b82dd@group-0D7AD4651803-FollowerState] INFO  impl.FollowerState (FollowerState.java:run(143)) - 95288828-abab-422b-9e50-2ffffa7b82dd@group-0D7AD4651803-FollowerState: change to CANDIDATE, lastRpcElapsedTime:5123155079ns, electionTimeout:5122ms
2023-08-28 09:33:48,625 [95288828-abab-422b-9e50-2ffffa7b82dd@group-0D7AD4651803-FollowerState] INFO  impl.RoleInfo (RoleInfo.java:shutdownFollowerState(110)) - 95288828-abab-422b-9e50-2ffffa7b82dd: shutdown 95288828-abab-422b-9e50-2ffffa7b82dd@group-0D7AD4651803-FollowerState
2023-08-28 09:33:48,625 [95288828-abab-422b-9e50-2ffffa7b82dd@group-0D7AD4651803-FollowerState] INFO  server.RaftServer$Division (RaftServerImpl.java:setRole(329)) - 95288828-abab-422b-9e50-2ffffa7b82dd@group-0D7AD4651803: changes role from  FOLLOWER to CANDIDATE at term 0 for changeToCandidate
2023-08-28 09:33:48,625 [95288828-abab-422b-9e50-2ffffa7b82dd@group-0D7AD4651803-FollowerState] INFO  server.RaftServerConfigKeys (ConfUtils.java:logGet(46)) - raft.server.leaderelection.pre-vote = true (default)
2023-08-28 09:33:48,625 [95288828-abab-422b-9e50-2ffffa7b82dd@group-0D7AD4651803-FollowerState] INFO  impl.RoleInfo (RoleInfo.java:updateAndGet(139)) - 95288828-abab-422b-9e50-2ffffa7b82dd: start 95288828-abab-422b-9e50-2ffffa7b82dd@group-0D7AD4651803-LeaderElection29
2023-08-28 09:33:48,628 [95288828-abab-422b-9e50-2ffffa7b82dd@group-0D7AD4651803-LeaderElection29] INFO  impl.LeaderElection (LeaderElection.java:askForVotes(321)) - 95288828-abab-422b-9e50-2ffffa7b82dd@group-0D7AD4651803-LeaderElection29 PRE_VOTE round 0: submit vote requests at term 0 for -1: peers:[95288828-abab-422b-9e50-2ffffa7b82dd|rpc:10.1.0.27:15147|admin:10.1.0.27:15146|client:10.1.0.27:15145|dataStream:10.1.0.27:15148|priority:1|startupRole:FOLLOWER]|listeners:[], old=null
2023-08-28 09:33:48,628 [95288828-abab-422b-9e50-2ffffa7b82dd@group-0D7AD4651803-LeaderElection29] INFO  impl.LeaderElection (LeaderElection.java:askForVotes(323)) - 95288828-abab-422b-9e50-2ffffa7b82dd@group-0D7AD4651803-LeaderElection29 PRE_VOTE round 0: result PASSED (term=0)
2023-08-28 09:33:48,629 [95288828-abab-422b-9e50-2ffffa7b82dd@group-0D7AD4651803-LeaderElection29] INFO  impl.LeaderElection (LeaderElection.java:askForVotes(321)) - 95288828-abab-422b-9e50-2ffffa7b82dd@group-0D7AD4651803-LeaderElection29 ELECTION round 0: submit vote requests at term 1 for -1: peers:[95288828-abab-422b-9e50-2ffffa7b82dd|rpc:10.1.0.27:15147|admin:10.1.0.27:15146|client:10.1.0.27:15145|dataStream:10.1.0.27:15148|priority:1|startupRole:FOLLOWER]|listeners:[], old=null
2023-08-28 09:33:48,629 [95288828-abab-422b-9e50-2ffffa7b82dd@group-0D7AD4651803-LeaderElection29] INFO  impl.LeaderElection (LeaderElection.java:askForVotes(323)) - 95288828-abab-422b-9e50-2ffffa7b82dd@group-0D7AD4651803-LeaderElection29 ELECTION round 0: result PASSED (term=1)
2023-08-28 09:33:48,629 [95288828-abab-422b-9e50-2ffffa7b82dd@group-0D7AD4651803-LeaderElection29] INFO  impl.RoleInfo (RoleInfo.java:shutdownLeaderElection(130)) - 95288828-abab-422b-9e50-2ffffa7b82dd: shutdown 95288828-abab-422b-9e50-2ffffa7b82dd@group-0D7AD4651803-LeaderElection29
2023-08-28 09:33:48,630 [95288828-abab-422b-9e50-2ffffa7b82dd@group-0D7AD4651803-LeaderElection29] INFO  server.RaftServer$Division (RaftServerImpl.java:setRole(329)) - 95288828-abab-422b-9e50-2ffffa7b82dd@group-0D7AD4651803: changes role from CANDIDATE to LEADER at term 1 for changeToLeader
2023-08-28 09:33:48,630 [95288828-abab-422b-9e50-2ffffa7b82dd@group-0D7AD4651803-LeaderElection29] INFO  ratis.XceiverServerRatis (XceiverServerRatis.java:handleLeaderChangedNotification(902)) - Leader change notification received for group: group-0D7AD4651803 with new leaderId: 95288828-abab-422b-9e50-2ffffa7b82dd
2023-08-28 09:33:48,630 [95288828-abab-422b-9e50-2ffffa7b82dd@group-0D7AD4651803-LeaderElection29] INFO  server.RaftServer$Division (ServerState.java:setLeader(317)) - 95288828-abab-422b-9e50-2ffffa7b82dd@group-0D7AD4651803: change Leader from null to 95288828-abab-422b-9e50-2ffffa7b82dd at term 1 for becomeLeader, leader elected after 5143ms
2023-08-28 09:33:48,630 [95288828-abab-422b-9e50-2ffffa7b82dd@group-0D7AD4651803-LeaderElection29] INFO  server.RaftServerConfigKeys (ConfUtils.java:logGet(46)) - raft.server.staging.catchup.gap = 1000 (default)
2023-08-28 09:33:48,630 [95288828-abab-422b-9e50-2ffffa7b82dd@group-0D7AD4651803-LeaderElection29] INFO  server.RaftServerConfigKeys (ConfUtils.java:logGet(46)) - raft.server.write.element-limit = 1024 (custom)
2023-08-28 09:33:48,630 [95288828-abab-422b-9e50-2ffffa7b82dd@group-0D7AD4651803-LeaderElection29] INFO  server.RaftServerConfigKeys (ConfUtils.java:logGet(46)) - raft.server.write.byte-limit = 1024 M (=1073741824) (custom)
2023-08-28 09:33:48,630 [95288828-abab-422b-9e50-2ffffa7b82dd@group-0D7AD4651803-LeaderElection29] INFO  server.RaftServerConfigKeys (ConfUtils.java:logGet(46)) - raft.server.watch.timeout = 180s (custom)
2023-08-28 09:33:48,630 [95288828-abab-422b-9e50-2ffffa7b82dd@group-0D7AD4651803-LeaderElection29] INFO  server.RaftServerConfigKeys (ConfUtils.java:logGet(46)) - raft.server.watch.timeout.denomination = 1s (default)
2023-08-28 09:33:48,630 [95288828-abab-422b-9e50-2ffffa7b82dd@group-0D7AD4651803-LeaderElection29] INFO  server.RaftServerConfigKeys (ConfUtils.java:logGet(46)) - raft.server.watch.element-limit = 65536 (default)
2023-08-28 09:33:48,630 [95288828-abab-422b-9e50-2ffffa7b82dd@group-0D7AD4651803-LeaderElection29] INFO  server.RaftServerConfigKeys (ConfUtils.java:logGet(46)) - raft.server.write.element-limit = 1024 (custom)
2023-08-28 09:33:48,631 [95288828-abab-422b-9e50-2ffffa7b82dd@group-0D7AD4651803-LeaderElection29] INFO  server.RaftServerConfigKeys (ConfUtils.java:logGet(46)) - raft.server.write.follower.gap.ratio.max = -1.0 (default)
2023-08-28 09:33:48,631 [95288828-abab-422b-9e50-2ffffa7b82dd@group-0D7AD4651803-LeaderElection29] INFO  impl.RoleInfo (RoleInfo.java:updateAndGet(139)) - 95288828-abab-422b-9e50-2ffffa7b82dd: start 95288828-abab-422b-9e50-2ffffa7b82dd@group-0D7AD4651803-LeaderStateImpl
2023-08-28 09:33:48,631 [95288828-abab-422b-9e50-2ffffa7b82dd@group-0D7AD4651803-LeaderElection29] INFO  segmented.SegmentedRaftLogWorker (SegmentedRaftLogWorker.java:startLogSegment(447)) - 95288828-abab-422b-9e50-2ffffa7b82dd@group-0D7AD4651803-SegmentedRaftLogWorker: Starting segment from index:0
2023-08-28 09:33:48,632 [95288828-abab-422b-9e50-2ffffa7b82dd@group-0D7AD4651803-SegmentedRaftLogWorker] INFO  segmented.SegmentedRaftLogWorker (SegmentedRaftLogWorker.java:execute(651)) - 95288828-abab-422b-9e50-2ffffa7b82dd@group-0D7AD4651803-SegmentedRaftLogWorker: created new log segment /home/runner/work/ozone/ozone/hadoop-ozone/integration-test/target/test-dir/MiniOzoneClusterImpl-ff034f8e-8080-4075-bf38-01537132cba4/datanode-3/data/ratis/3c5ed80b-167b-4387-9e9b-0d7ad4651803/current/log_inprogress_0
2023-08-28 09:33:48,633 [95288828-abab-422b-9e50-2ffffa7b82dd@group-0D7AD4651803-LeaderElection29] INFO  server.RaftServer$Division (ServerState.java:setRaftConf(434)) - 95288828-abab-422b-9e50-2ffffa7b82dd@group-0D7AD4651803: set configuration 0: peers:[95288828-abab-422b-9e50-2ffffa7b82dd|rpc:10.1.0.27:15147|admin:10.1.0.27:15146|client:10.1.0.27:15145|dataStream:10.1.0.27:15148|priority:1|startupRole:FOLLOWER]|listeners:[], old=null
2023-08-28 09:33:48,869 [main] INFO  ozone.MiniOzoneClusterImpl (MiniOzoneClusterImpl.java:lambda$waitForClusterToBeReady$0(224)) - Nodes are ready. Got 5 of 5 DN Heartbeats.
2023-08-28 09:33:48,869 [main] INFO  ozone.MiniOzoneClusterImpl (MiniOzoneClusterImpl.java:lambda$waitForClusterToBeReady$0(227)) - Cluster exits safe mode
2023-08-28 09:33:48,869 [main] INFO  ozone.MiniOzoneClusterImpl (MiniOzoneClusterImpl.java:lambda$waitForClusterToBeReady$0(229)) - SCM became leader
2023-08-28 09:33:48,892 [main] INFO  rpc.RpcClient (RpcClient.java:createVolume(461)) - Creating Volume: volume01359, with user16522 as owner and space quota set to -1 bytes, counts quota set to -1
2023-08-28 09:33:48,896 [OM StateMachine ApplyTransaction Thread - 0] INFO  volume.OMVolumeCreateRequest (OMVolumeCreateRequest.java:validateAndUpdateCache(196)) - created volume:volume01359 for user:user16522
2023-08-28 09:33:48,908 [main] INFO  rpc.RpcClient (RpcClient.java:createBucket(688)) - Creating Bucket: volume01359/bucket03907, with bucket layout LEGACY, runner as owner, Versioning false, Storage Type set to DISK and Encryption set to false, Replication Type set to server-side default replication type, Namespace Quota set to -1, Space Quota set to -1 
2023-08-28 09:33:48,915 [OM StateMachine ApplyTransaction Thread - 0] INFO  bucket.OMBucketCreateRequest (OMBucketCreateRequest.java:validateAndUpdateCache(270)) - created bucket: bucket03907 of layout LEGACY in volume: volume01359
]]></system-out>
  </testcase>
  <testcase name="testGetTrashRoot" classname="TestOzoneFileSystem" time="17.696">
    <system-out><![CDATA[2023-08-28 09:34:41,862 [main] INFO  ozone.MiniOzoneClusterImpl (MiniOzoneClusterImpl.java:shutdown(443)) - Shutting down the Mini Ozone Cluster
2023-08-28 09:34:41,862 [main] INFO  ozone.MiniOzoneClusterImpl (MiniOzoneClusterImpl.java:stop(460)) - Stopping the Mini Ozone Cluster
2023-08-28 09:34:41,862 [main] INFO  ozone.MiniOzoneClusterImpl (MiniOzoneClusterImpl.java:stopOM(551)) - Stopping the OzoneManager
2023-08-28 09:34:41,862 [main] INFO  om.OzoneManager (OzoneManager.java:stop(2187)) - om1[localhost:15110]: Stopping Ozone Manager
2023-08-28 09:34:41,862 [main] INFO  ipc.Server (Server.java:stop(3523)) - Stopping server on 15110
2023-08-28 09:34:41,863 [IPC Server listener on 15110] INFO  ipc.Server (Server.java:run(1434)) - Stopping IPC Server listener on 15110
2023-08-28 09:34:41,873 [IPC Server Responder] INFO  ipc.Server (Server.java:run(1567)) - Stopping IPC Server Responder
2023-08-28 09:34:41,874 [main] INFO  server.RaftServer (RaftServerProxy.java:lambda$close$6(416)) - om1: close
2023-08-28 09:34:41,874 [main] INFO  server.GrpcService (GrpcService.java:closeImpl(311)) - om1: shutdown server GrpcServerProtocolService now
2023-08-28 09:34:41,875 [om1-impl-thread2] INFO  server.RaftServer$Division (RaftServerImpl.java:lambda$close$4(466)) - om1@group-C5BA1605619E: shutdown
2023-08-28 09:34:41,875 [om1-impl-thread2] INFO  util.JmxRegister (JmxRegister.java:unregister(73)) - Successfully un-registered JMX Bean with object name Ratis:service=RaftServer,group=group-C5BA1605619E,id=om1
2023-08-28 09:34:41,875 [om1-impl-thread2] INFO  impl.RoleInfo (RoleInfo.java:shutdownLeaderState(93)) - om1: shutdown om1@group-C5BA1605619E-LeaderStateImpl
2023-08-28 09:34:41,875 [om1-impl-thread2] INFO  impl.PendingRequests (PendingRequests.java:sendNotLeaderResponses(289)) - om1@group-C5BA1605619E-PendingRequests: sendNotLeaderResponses
2023-08-28 09:34:41,880 [om1-impl-thread2] INFO  impl.StateMachineUpdater (StateMachineUpdater.java:stopAndJoin(155)) - om1@group-C5BA1605619E-StateMachineUpdater: set stopIndex = 37018
2023-08-28 09:34:41,880 [om1@group-C5BA1605619E-StateMachineUpdater] INFO  ratis.OzoneManagerStateMachine (OzoneManagerStateMachine.java:takeSnapshot(480)) - Current Snapshot Index (t:1, i:37018)
2023-08-28 09:34:41,881 [main] INFO  server.GrpcService (GrpcService.java:closeImpl(320)) - om1: shutdown server GrpcServerProtocolService successfully
2023-08-28 09:34:41,909 [om1@group-C5BA1605619E-StateMachineUpdater] INFO  impl.StateMachineUpdater (StateMachineUpdater.java:takeSnapshot(291)) - om1@group-C5BA1605619E-StateMachineUpdater: Took a snapshot at index 37018
2023-08-28 09:34:41,909 [om1@group-C5BA1605619E-StateMachineUpdater] INFO  impl.StateMachineUpdater (StateMachineUpdater.java:lambda$new$0(97)) - om1@group-C5BA1605619E-StateMachineUpdater: snapshotIndex: updateIncreasingly -1 -> 37018
2023-08-28 09:34:41,909 [om1@group-C5BA1605619E-StateMachineUpdater] INFO  ratis.OzoneManagerStateMachine (OzoneManagerStateMachine.java:close(534)) - StateMachine has shutdown. Shutdown OzoneManager if not already shutdown.
2023-08-28 09:34:41,910 [om1@group-C5BA1605619E-StateMachineUpdater] INFO  ratis.OzoneManagerDoubleBuffer (OzoneManagerDoubleBuffer.java:stopDaemon(551)) - Stopping OMDoubleBuffer flush thread
2023-08-28 09:34:41,910 [OMDoubleBufferFlushThread] INFO  ratis.OzoneManagerDoubleBuffer (OzoneManagerDoubleBuffer.java:canFlush(638)) - OMDoubleBuffer flush thread OMDoubleBufferFlushThread is interrupted and will exit.
2023-08-28 09:34:41,915 [om1-impl-thread2] INFO  server.RaftServer$Division (ServerState.java:close(472)) - om1@group-C5BA1605619E: closes. applyIndex: 37018
2023-08-28 09:34:42,851 [om1-impl-thread2] INFO  segmented.SegmentedRaftLogWorker (SegmentedRaftLogWorker.java:close(252)) - om1@group-C5BA1605619E-SegmentedRaftLogWorker close()
2023-08-28 09:34:42,853 [JvmPauseMonitor15] INFO  util.JvmPauseMonitor (JvmPauseMonitor.java:run(109)) - JvmPauseMonitor-om1: Stopped
2023-08-28 09:34:42,853 [main] INFO  ratis.OzoneManagerStateMachine (OzoneManagerStateMachine.java:close(534)) - StateMachine has shutdown. Shutdown OzoneManager if not already shutdown.
2023-08-28 09:34:42,853 [main] INFO  ratis.OzoneManagerDoubleBuffer (OzoneManagerDoubleBuffer.java:stopDaemon(560)) - OMDoubleBuffer flush thread is not running.
2023-08-28 09:34:42,854 [main] INFO  utils.BackgroundService (BackgroundService.java:shutdown(141)) - Shutting down service KeyDeletingService
2023-08-28 09:34:42,854 [main] INFO  utils.BackgroundService (BackgroundService.java:shutdown(141)) - Shutting down service KeyDeletingService
2023-08-28 09:34:42,854 [main] INFO  utils.BackgroundService (BackgroundService.java:shutdown(141)) - Shutting down service OpenKeyCleanupService
2023-08-28 09:34:42,854 [main] INFO  utils.BackgroundService (BackgroundService.java:shutdown(141)) - Shutting down service SstFilteringService
2023-08-28 09:34:42,854 [main] INFO  utils.BackgroundService (BackgroundService.java:shutdown(141)) - Shutting down service SnapshotDeletingService
2023-08-28 09:34:42,855 [main] INFO  handler.ContextHandler (ContextHandler.java:doStop(1159)) - Stopped o.e.j.w.WebAppContext@79ce971e{ozoneManager,/,null,STOPPED}{file:/home/runner/work/ozone/ozone/hadoop-ozone/integration-test/target/test-classes/webapps/ozoneManager}
2023-08-28 09:34:42,856 [main] INFO  server.AbstractConnector (AbstractConnector.java:doStop(383)) - Stopped ServerConnector@6c313db7{HTTP/1.1, (http/1.1)}{0.0.0.0:15111}
2023-08-28 09:34:42,856 [main] INFO  server.session (HouseKeeper.java:stopScavenging(149)) - node0 Stopped scavenging
2023-08-28 09:34:42,856 [main] INFO  handler.ContextHandler (ContextHandler.java:doStop(1159)) - Stopped o.e.j.s.ServletContextHandler@730e5640{static,/static,file:///home/runner/work/ozone/ozone/hadoop-ozone/integration-test/target/test-classes/webapps/static,STOPPED}
2023-08-28 09:34:42,856 [main] INFO  handler.ContextHandler (ContextHandler.java:doStop(1159)) - Stopped o.e.j.s.ServletContextHandler@6c3ee210{logs,/logs,file:///home/runner/work/ozone/ozone/hadoop-ozone/integration-test/target/log,STOPPED}
2023-08-28 09:34:42,857 [Trash Emptier] ERROR om.TrashPolicyOzone (TrashPolicyOzone.java:run(350)) - Error attempting to shutdown
java.lang.InterruptedException
	at java.util.concurrent.locks.AbstractQueuedSynchronizer$ConditionObject.awaitNanos(AbstractQueuedSynchronizer.java:2067)
	at java.util.concurrent.ThreadPoolExecutor.awaitTermination(ThreadPoolExecutor.java:1475)
	at org.apache.hadoop.ozone.om.TrashPolicyOzone$Emptier.run(TrashPolicyOzone.java:348)
	at java.lang.Thread.run(Thread.java:750)
2023-08-28 09:34:42,857 [main] INFO  rocksdiff.RocksDBCheckpointDiffer (RocksDBCheckpointDiffer.java:close(340)) - Shutting down CompactionDagPruningService.
2023-08-28 09:34:42,859 [main] INFO  snapshot.SnapshotDiffManager (SnapshotDiffManager.java:closeExecutorService(1720)) - Shutting down executorService: 'SnapDiffExecutor'
2023-08-28 09:34:42,859 [main] INFO  snapshot.SnapshotDiffManager (SnapshotDiffManager.java:closeExecutorService(1720)) - Shutting down executorService: 'SstDumpToolExecutor'
2023-08-28 09:34:42,859 [main] INFO  utils.BackgroundService (BackgroundService.java:shutdown(141)) - Shutting down service SnapshotDiffCleanupService
2023-08-28 09:34:42,860 [main] INFO  ozone.MiniOzoneClusterImpl (MiniOzoneClusterImpl.java:stopDatanodes(528)) - Stopping the HddsDatanodes
2023-08-28 09:34:42,864 [ForkJoinPool.commonPool-worker-3] INFO  ozoneimpl.OzoneContainer (OzoneContainer.java:stop(451)) - Attempting to stop container services.
2023-08-28 09:34:42,864 [ForkJoinPool.commonPool-worker-3] INFO  server.RaftServer (RaftServerProxy.java:lambda$close$6(416)) - 5e45d05c-e098-4a5b-a019-6f8f93701f04: close
2023-08-28 09:34:42,865 [5e45d05c-e098-4a5b-a019-6f8f93701f04-impl-thread2] INFO  server.RaftServer$Division (RaftServerImpl.java:lambda$close$4(466)) - 5e45d05c-e098-4a5b-a019-6f8f93701f04@group-1DFF6731F38D: shutdown
2023-08-28 09:34:42,865 [5e45d05c-e098-4a5b-a019-6f8f93701f04-impl-thread3] INFO  server.RaftServer$Division (RaftServerImpl.java:lambda$close$4(466)) - 5e45d05c-e098-4a5b-a019-6f8f93701f04@group-BD1F6AD23C4E: shutdown
2023-08-28 09:34:42,865 [5e45d05c-e098-4a5b-a019-6f8f93701f04-impl-thread2] INFO  util.JmxRegister (JmxRegister.java:unregister(73)) - Successfully un-registered JMX Bean with object name Ratis:service=RaftServer,group=group-1DFF6731F38D,id=5e45d05c-e098-4a5b-a019-6f8f93701f04
2023-08-28 09:34:42,865 [5e45d05c-e098-4a5b-a019-6f8f93701f04-impl-thread3] INFO  util.JmxRegister (JmxRegister.java:unregister(73)) - Successfully un-registered JMX Bean with object name Ratis:service=RaftServer,group=group-BD1F6AD23C4E,id=5e45d05c-e098-4a5b-a019-6f8f93701f04
2023-08-28 09:34:42,865 [5e45d05c-e098-4a5b-a019-6f8f93701f04-impl-thread2] INFO  impl.RoleInfo (RoleInfo.java:shutdownFollowerState(110)) - 5e45d05c-e098-4a5b-a019-6f8f93701f04: shutdown 5e45d05c-e098-4a5b-a019-6f8f93701f04@group-1DFF6731F38D-FollowerState
2023-08-28 09:34:42,865 [ForkJoinPool.commonPool-worker-3] INFO  server.GrpcService (GrpcService.java:closeImpl(311)) - 5e45d05c-e098-4a5b-a019-6f8f93701f04: shutdown server org.apache.ratis.grpc.server.GrpcClientProtocolService now
2023-08-28 09:34:42,866 [5e45d05c-e098-4a5b-a019-6f8f93701f04@group-1DFF6731F38D-StateMachineUpdater] INFO  ratis.ContainerStateMachine (ContainerStateMachine.java:takeSnapshot(330)) - group-1DFF6731F38D: Taking a snapshot at:(t:1, i:4) file /home/runner/work/ozone/ozone/hadoop-ozone/integration-test/target/test-dir/MiniOzoneClusterImpl-ff034f8e-8080-4075-bf38-01537132cba4/datanode-1/data/ratis/80e183fb-8bd2-4fe8-8055-1dff6731f38d/sm/snapshot.1_4
2023-08-28 09:34:42,865 [5e45d05c-e098-4a5b-a019-6f8f93701f04-impl-thread3] INFO  impl.RoleInfo (RoleInfo.java:shutdownLeaderState(93)) - 5e45d05c-e098-4a5b-a019-6f8f93701f04: shutdown 5e45d05c-e098-4a5b-a019-6f8f93701f04@group-BD1F6AD23C4E-LeaderStateImpl
2023-08-28 09:34:42,865 [5e45d05c-e098-4a5b-a019-6f8f93701f04@group-1DFF6731F38D-FollowerState] INFO  impl.FollowerState (FollowerState.java:run(152)) - 5e45d05c-e098-4a5b-a019-6f8f93701f04@group-1DFF6731F38D-FollowerState was interrupted
2023-08-28 09:34:42,868 [main] INFO  ozoneimpl.OzoneContainer (OzoneContainer.java:stop(451)) - Attempting to stop container services.
2023-08-28 09:34:42,869 [5e45d05c-e098-4a5b-a019-6f8f93701f04-impl-thread3] INFO  impl.PendingRequests (PendingRequests.java:sendNotLeaderResponses(289)) - 5e45d05c-e098-4a5b-a019-6f8f93701f04@group-BD1F6AD23C4E-PendingRequests: sendNotLeaderResponses
2023-08-28 09:34:42,869 [5e45d05c-e098-4a5b-a019-6f8f93701f04-impl-thread4] INFO  server.RaftServer$Division (RaftServerImpl.java:lambda$close$4(466)) - 5e45d05c-e098-4a5b-a019-6f8f93701f04@group-D67EC9FCB8AC: shutdown
2023-08-28 09:34:42,869 [main] INFO  server.RaftServer (RaftServerProxy.java:lambda$close$6(416)) - cd0f2c76-867f-4adb-98b4-ea19f4e614c4: close
2023-08-28 09:34:42,870 [5e45d05c-e098-4a5b-a019-6f8f93701f04@group-1DFF6731F38D-StateMachineUpdater] INFO  ratis.ContainerStateMachine (ContainerStateMachine.java:takeSnapshot(341)) - group-1DFF6731F38D: Finished taking a snapshot at:(t:1, i:4) file:/home/runner/work/ozone/ozone/hadoop-ozone/integration-test/target/test-dir/MiniOzoneClusterImpl-ff034f8e-8080-4075-bf38-01537132cba4/datanode-1/data/ratis/80e183fb-8bd2-4fe8-8055-1dff6731f38d/sm/snapshot.1_4 took: 4 ms
2023-08-28 09:34:42,870 [5e45d05c-e098-4a5b-a019-6f8f93701f04-impl-thread4] INFO  util.JmxRegister (JmxRegister.java:unregister(73)) - Successfully un-registered JMX Bean with object name Ratis:service=RaftServer,group=group-D67EC9FCB8AC,id=5e45d05c-e098-4a5b-a019-6f8f93701f04
2023-08-28 09:34:42,870 [5e45d05c-e098-4a5b-a019-6f8f93701f04-impl-thread4] INFO  impl.RoleInfo (RoleInfo.java:shutdownFollowerState(110)) - 5e45d05c-e098-4a5b-a019-6f8f93701f04: shutdown 5e45d05c-e098-4a5b-a019-6f8f93701f04@group-D67EC9FCB8AC-FollowerState
2023-08-28 09:34:42,870 [5e45d05c-e098-4a5b-a019-6f8f93701f04@group-1DFF6731F38D-StateMachineUpdater] INFO  impl.StateMachineUpdater (StateMachineUpdater.java:takeSnapshot(291)) - 5e45d05c-e098-4a5b-a019-6f8f93701f04@group-1DFF6731F38D-StateMachineUpdater: Took a snapshot at index 4
2023-08-28 09:34:42,870 [5e45d05c-e098-4a5b-a019-6f8f93701f04@group-1DFF6731F38D-StateMachineUpdater] INFO  impl.StateMachineUpdater (StateMachineUpdater.java:lambda$new$0(97)) - 5e45d05c-e098-4a5b-a019-6f8f93701f04@group-1DFF6731F38D-StateMachineUpdater: snapshotIndex: updateIncreasingly -1 -> 4
2023-08-28 09:34:42,870 [Thread-1667] INFO  server.GrpcServerProtocolClient (GrpcServerProtocolClient.java:close(103)) - 80fac8df-d086-4186-9807-ed58a74d6c90 Close channels
2023-08-28 09:34:42,870 [5e45d05c-e098-4a5b-a019-6f8f93701f04@group-BD1F6AD23C4E-StateMachineUpdater] INFO  ratis.ContainerStateMachine (ContainerStateMachine.java:takeSnapshot(330)) - group-BD1F6AD23C4E: Taking a snapshot at:(t:1, i:0) file /home/runner/work/ozone/ozone/hadoop-ozone/integration-test/target/test-dir/MiniOzoneClusterImpl-ff034f8e-8080-4075-bf38-01537132cba4/datanode-1/data/ratis/695fa5cc-d134-4429-9e17-bd1f6ad23c4e/sm/snapshot.1_0
2023-08-28 09:34:42,870 [5e45d05c-e098-4a5b-a019-6f8f93701f04-impl-thread3] INFO  impl.StateMachineUpdater (StateMachineUpdater.java:stopAndJoin(155)) - 5e45d05c-e098-4a5b-a019-6f8f93701f04@group-BD1F6AD23C4E-StateMachineUpdater: set stopIndex = 0
2023-08-28 09:34:42,870 [5e45d05c-e098-4a5b-a019-6f8f93701f04-impl-thread2] INFO  impl.StateMachineUpdater (StateMachineUpdater.java:stopAndJoin(155)) - 5e45d05c-e098-4a5b-a019-6f8f93701f04@group-1DFF6731F38D-StateMachineUpdater: set stopIndex = 4
2023-08-28 09:34:42,871 [5e45d05c-e098-4a5b-a019-6f8f93701f04@group-BD1F6AD23C4E-StateMachineUpdater] INFO  ratis.ContainerStateMachine (ContainerStateMachine.java:takeSnapshot(341)) - group-BD1F6AD23C4E: Finished taking a snapshot at:(t:1, i:0) file:/home/runner/work/ozone/ozone/hadoop-ozone/integration-test/target/test-dir/MiniOzoneClusterImpl-ff034f8e-8080-4075-bf38-01537132cba4/datanode-1/data/ratis/695fa5cc-d134-4429-9e17-bd1f6ad23c4e/sm/snapshot.1_0 took: 0 ms
2023-08-28 09:34:42,871 [5e45d05c-e098-4a5b-a019-6f8f93701f04@group-BD1F6AD23C4E-StateMachineUpdater] INFO  impl.StateMachineUpdater (StateMachineUpdater.java:takeSnapshot(291)) - 5e45d05c-e098-4a5b-a019-6f8f93701f04@group-BD1F6AD23C4E-StateMachineUpdater: Took a snapshot at index 0
2023-08-28 09:34:42,871 [5e45d05c-e098-4a5b-a019-6f8f93701f04@group-BD1F6AD23C4E-StateMachineUpdater] INFO  impl.StateMachineUpdater (StateMachineUpdater.java:lambda$new$0(97)) - 5e45d05c-e098-4a5b-a019-6f8f93701f04@group-BD1F6AD23C4E-StateMachineUpdater: snapshotIndex: updateIncreasingly -1 -> 0
2023-08-28 09:34:42,871 [5e45d05c-e098-4a5b-a019-6f8f93701f04-impl-thread3] INFO  server.RaftServer$Division (ServerState.java:close(472)) - 5e45d05c-e098-4a5b-a019-6f8f93701f04@group-BD1F6AD23C4E: closes. applyIndex: 0
2023-08-28 09:34:42,871 [Thread-1670] INFO  server.GrpcServerProtocolClient (GrpcServerProtocolClient.java:close(103)) - cd0f2c76-867f-4adb-98b4-ea19f4e614c4 Close channels
2023-08-28 09:34:42,872 [5e45d05c-e098-4a5b-a019-6f8f93701f04-impl-thread4] INFO  impl.StateMachineUpdater (StateMachineUpdater.java:stopAndJoin(155)) - 5e45d05c-e098-4a5b-a019-6f8f93701f04@group-D67EC9FCB8AC-StateMachineUpdater: set stopIndex = 29
2023-08-28 09:34:42,872 [5e45d05c-e098-4a5b-a019-6f8f93701f04@group-D67EC9FCB8AC-FollowerState] INFO  impl.FollowerState (FollowerState.java:run(152)) - 5e45d05c-e098-4a5b-a019-6f8f93701f04@group-D67EC9FCB8AC-FollowerState was interrupted
2023-08-28 09:34:42,872 [5e45d05c-e098-4a5b-a019-6f8f93701f04@group-D67EC9FCB8AC-StateMachineUpdater] INFO  ratis.ContainerStateMachine (ContainerStateMachine.java:takeSnapshot(330)) - group-D67EC9FCB8AC: Taking a snapshot at:(t:1, i:29) file /home/runner/work/ozone/ozone/hadoop-ozone/integration-test/target/test-dir/MiniOzoneClusterImpl-ff034f8e-8080-4075-bf38-01537132cba4/datanode-1/data/ratis/583a2e2c-9fe4-49db-893a-d67ec9fcb8ac/sm/snapshot.1_29
2023-08-28 09:34:42,873 [5e45d05c-e098-4a5b-a019-6f8f93701f04@group-D67EC9FCB8AC-StateMachineUpdater] INFO  ratis.ContainerStateMachine (ContainerStateMachine.java:takeSnapshot(341)) - group-D67EC9FCB8AC: Finished taking a snapshot at:(t:1, i:29) file:/home/runner/work/ozone/ozone/hadoop-ozone/integration-test/target/test-dir/MiniOzoneClusterImpl-ff034f8e-8080-4075-bf38-01537132cba4/datanode-1/data/ratis/583a2e2c-9fe4-49db-893a-d67ec9fcb8ac/sm/snapshot.1_29 took: 0 ms
2023-08-28 09:34:42,873 [5e45d05c-e098-4a5b-a019-6f8f93701f04@group-D67EC9FCB8AC-StateMachineUpdater] INFO  impl.StateMachineUpdater (StateMachineUpdater.java:takeSnapshot(291)) - 5e45d05c-e098-4a5b-a019-6f8f93701f04@group-D67EC9FCB8AC-StateMachineUpdater: Took a snapshot at index 29
2023-08-28 09:34:42,873 [5e45d05c-e098-4a5b-a019-6f8f93701f04@group-D67EC9FCB8AC-StateMachineUpdater] INFO  impl.StateMachineUpdater (StateMachineUpdater.java:lambda$new$0(97)) - 5e45d05c-e098-4a5b-a019-6f8f93701f04@group-D67EC9FCB8AC-StateMachineUpdater: snapshotIndex: updateIncreasingly -1 -> 29
2023-08-28 09:34:42,876 [cd0f2c76-867f-4adb-98b4-ea19f4e614c4-impl-thread2] INFO  server.RaftServer$Division (RaftServerImpl.java:lambda$close$4(466)) - cd0f2c76-867f-4adb-98b4-ea19f4e614c4@group-1DFF6731F38D: shutdown
2023-08-28 09:34:42,876 [cd0f2c76-867f-4adb-98b4-ea19f4e614c4-impl-thread2] INFO  util.JmxRegister (JmxRegister.java:unregister(73)) - Successfully un-registered JMX Bean with object name Ratis:service=RaftServer,group=group-1DFF6731F38D,id=cd0f2c76-867f-4adb-98b4-ea19f4e614c4
2023-08-28 09:34:42,876 [cd0f2c76-867f-4adb-98b4-ea19f4e614c4-impl-thread2] INFO  impl.RoleInfo (RoleInfo.java:shutdownLeaderState(93)) - cd0f2c76-867f-4adb-98b4-ea19f4e614c4: shutdown cd0f2c76-867f-4adb-98b4-ea19f4e614c4@group-1DFF6731F38D-LeaderStateImpl
2023-08-28 09:34:42,877 [cd0f2c76-867f-4adb-98b4-ea19f4e614c4-impl-thread3] INFO  server.RaftServer$Division (RaftServerImpl.java:lambda$close$4(466)) - cd0f2c76-867f-4adb-98b4-ea19f4e614c4@group-D67EC9FCB8AC: shutdown
2023-08-28 09:34:42,877 [cd0f2c76-867f-4adb-98b4-ea19f4e614c4-impl-thread3] INFO  util.JmxRegister (JmxRegister.java:unregister(73)) - Successfully un-registered JMX Bean with object name Ratis:service=RaftServer,group=group-D67EC9FCB8AC,id=cd0f2c76-867f-4adb-98b4-ea19f4e614c4
2023-08-28 09:34:42,877 [cd0f2c76-867f-4adb-98b4-ea19f4e614c4-impl-thread3] INFO  impl.RoleInfo (RoleInfo.java:shutdownFollowerState(110)) - cd0f2c76-867f-4adb-98b4-ea19f4e614c4: shutdown cd0f2c76-867f-4adb-98b4-ea19f4e614c4@group-D67EC9FCB8AC-FollowerState
2023-08-28 09:34:42,877 [main] INFO  server.GrpcService (GrpcService.java:closeImpl(311)) - cd0f2c76-867f-4adb-98b4-ea19f4e614c4: shutdown server org.apache.ratis.grpc.server.GrpcClientProtocolService now
2023-08-28 09:34:42,877 [cd0f2c76-867f-4adb-98b4-ea19f4e614c4-impl-thread4] INFO  server.RaftServer$Division (RaftServerImpl.java:lambda$close$4(466)) - cd0f2c76-867f-4adb-98b4-ea19f4e614c4@group-2862A91966C4: shutdown
2023-08-28 09:34:42,877 [cd0f2c76-867f-4adb-98b4-ea19f4e614c4-impl-thread4] INFO  util.JmxRegister (JmxRegister.java:unregister(73)) - Successfully un-registered JMX Bean with object name Ratis:service=RaftServer,group=group-2862A91966C4,id=cd0f2c76-867f-4adb-98b4-ea19f4e614c4
2023-08-28 09:34:42,877 [cd0f2c76-867f-4adb-98b4-ea19f4e614c4-impl-thread4] INFO  impl.RoleInfo (RoleInfo.java:shutdownLeaderState(93)) - cd0f2c76-867f-4adb-98b4-ea19f4e614c4: shutdown cd0f2c76-867f-4adb-98b4-ea19f4e614c4@group-2862A91966C4-LeaderStateImpl
2023-08-28 09:34:42,877 [cd0f2c76-867f-4adb-98b4-ea19f4e614c4-impl-thread4] INFO  impl.PendingRequests (PendingRequests.java:sendNotLeaderResponses(289)) - cd0f2c76-867f-4adb-98b4-ea19f4e614c4@group-2862A91966C4-PendingRequests: sendNotLeaderResponses
2023-08-28 09:34:42,877 [ForkJoinPool.commonPool-worker-3] INFO  server.GrpcService (GrpcService.java:closeImpl(320)) - 5e45d05c-e098-4a5b-a019-6f8f93701f04: shutdown server org.apache.ratis.grpc.server.GrpcClientProtocolService successfully
2023-08-28 09:34:42,878 [ForkJoinPool.commonPool-worker-3] INFO  server.GrpcService (GrpcService.java:closeImpl(311)) - 5e45d05c-e098-4a5b-a019-6f8f93701f04: shutdown server GrpcServerProtocolService now
2023-08-28 09:34:42,878 [5e45d05c-e098-4a5b-a019-6f8f93701f04-impl-thread4] INFO  server.RaftServer$Division (ServerState.java:close(472)) - 5e45d05c-e098-4a5b-a019-6f8f93701f04@group-D67EC9FCB8AC: closes. applyIndex: 29
2023-08-28 09:34:42,878 [cd0f2c76-867f-4adb-98b4-ea19f4e614c4-impl-thread4] INFO  impl.StateMachineUpdater (StateMachineUpdater.java:stopAndJoin(155)) - cd0f2c76-867f-4adb-98b4-ea19f4e614c4@group-2862A91966C4-StateMachineUpdater: set stopIndex = 0
2023-08-28 09:34:42,879 [cd0f2c76-867f-4adb-98b4-ea19f4e614c4@group-2862A91966C4-StateMachineUpdater] INFO  ratis.ContainerStateMachine (ContainerStateMachine.java:takeSnapshot(330)) - group-2862A91966C4: Taking a snapshot at:(t:1, i:0) file /home/runner/work/ozone/ozone/hadoop-ozone/integration-test/target/test-dir/MiniOzoneClusterImpl-ff034f8e-8080-4075-bf38-01537132cba4/datanode-2/data/ratis/6ccf0fc7-14e3-4d38-8983-2862a91966c4/sm/snapshot.1_0
2023-08-28 09:34:42,886 [grpc-default-executor-5] WARN  server.GrpcServerProtocolService (LogUtils.java:warn(122)) - 5e45d05c-e098-4a5b-a019-6f8f93701f04: APPEND_ENTRIES onError, lastRequest: 80fac8df-d086-4186-9807-ed58a74d6c90->5e45d05c-e098-4a5b-a019-6f8f93701f04#62-t1,previous=(t:1, i:29),leaderCommit=29,initializing? true,entries: size=1, first=(t:1, i:30), METADATAENTRY(c:28): org.apache.ratis.thirdparty.io.grpc.StatusRuntimeException: CANCELLED: client cancelled
2023-08-28 09:34:42,886 [grpc-default-executor-1] WARN  server.GrpcServerProtocolService (LogUtils.java:warn(122)) - 5e45d05c-e098-4a5b-a019-6f8f93701f04: APPEND_ENTRIES onError, lastRequest: cd0f2c76-867f-4adb-98b4-ea19f4e614c4->5e45d05c-e098-4a5b-a019-6f8f93701f04#23-t1,previous=(t:1, i:3),leaderCommit=2,initializing? true,entries: size=1, first=(t:1, i:4), METADATAENTRY(c:2): org.apache.ratis.thirdparty.io.grpc.StatusRuntimeException: CANCELLED: client cancelled
2023-08-28 09:34:42,886 [cd0f2c76-867f-4adb-98b4-ea19f4e614c4-impl-thread3] INFO  impl.StateMachineUpdater (StateMachineUpdater.java:stopAndJoin(155)) - cd0f2c76-867f-4adb-98b4-ea19f4e614c4@group-D67EC9FCB8AC-StateMachineUpdater: set stopIndex = 29
2023-08-28 09:34:42,887 [cd0f2c76-867f-4adb-98b4-ea19f4e614c4@group-D67EC9FCB8AC-FollowerState] INFO  impl.FollowerState (FollowerState.java:run(152)) - cd0f2c76-867f-4adb-98b4-ea19f4e614c4@group-D67EC9FCB8AC-FollowerState was interrupted
2023-08-28 09:34:42,887 [cd0f2c76-867f-4adb-98b4-ea19f4e614c4-impl-thread2] INFO  impl.PendingRequests (PendingRequests.java:sendNotLeaderResponses(289)) - cd0f2c76-867f-4adb-98b4-ea19f4e614c4@group-1DFF6731F38D-PendingRequests: sendNotLeaderResponses
2023-08-28 09:34:42,887 [cd0f2c76-867f-4adb-98b4-ea19f4e614c4@group-D67EC9FCB8AC-StateMachineUpdater] INFO  ratis.ContainerStateMachine (ContainerStateMachine.java:takeSnapshot(330)) - group-D67EC9FCB8AC: Taking a snapshot at:(t:1, i:29) file /home/runner/work/ozone/ozone/hadoop-ozone/integration-test/target/test-dir/MiniOzoneClusterImpl-ff034f8e-8080-4075-bf38-01537132cba4/datanode-2/data/ratis/583a2e2c-9fe4-49db-893a-d67ec9fcb8ac/sm/snapshot.1_29
2023-08-28 09:34:42,887 [cd0f2c76-867f-4adb-98b4-ea19f4e614c4@group-1DFF6731F38D->80fac8df-d086-4186-9807-ed58a74d6c90-GrpcLogAppender-LogAppenderDaemon] WARN  server.GrpcLogAppender (GrpcLogAppender.java:mayWait(199)) - cd0f2c76-867f-4adb-98b4-ea19f4e614c4@group-1DFF6731F38D->80fac8df-d086-4186-9807-ed58a74d6c90-GrpcLogAppender: Wait interrupted by java.lang.InterruptedException
2023-08-28 09:34:42,887 [cd0f2c76-867f-4adb-98b4-ea19f4e614c4@group-1DFF6731F38D->5e45d05c-e098-4a5b-a019-6f8f93701f04-GrpcLogAppender-LogAppenderDaemon] WARN  server.GrpcLogAppender (GrpcLogAppender.java:mayWait(199)) - cd0f2c76-867f-4adb-98b4-ea19f4e614c4@group-1DFF6731F38D->5e45d05c-e098-4a5b-a019-6f8f93701f04-GrpcLogAppender: Wait interrupted by java.lang.InterruptedException
2023-08-28 09:34:42,896 [grpc-default-executor-6] WARN  server.GrpcLogAppender (LogUtils.java:warn(122)) - 80fac8df-d086-4186-9807-ed58a74d6c90@group-D67EC9FCB8AC->5e45d05c-e098-4a5b-a019-6f8f93701f04-AppendLogResponseHandler: Failed appendEntries: org.apache.ratis.thirdparty.io.grpc.StatusRuntimeException: CANCELLED: RST_STREAM closed stream. HTTP/2 error code: CANCEL
2023-08-28 09:34:42,896 [grpc-default-executor-6] INFO  leader.FollowerInfo (FollowerInfoImpl.java:lambda$new$0(52)) - 80fac8df-d086-4186-9807-ed58a74d6c90@group-D67EC9FCB8AC->5e45d05c-e098-4a5b-a019-6f8f93701f04: decreaseNextIndex nextIndex: updateUnconditionally 31 -> 30
2023-08-28 09:34:42,896 [ForkJoinPool.commonPool-worker-0] INFO  ozoneimpl.OzoneContainer (OzoneContainer.java:stop(451)) - Attempting to stop container services.
2023-08-28 09:34:42,893 [grpc-default-executor-3] INFO  server.GrpcServerProtocolService (GrpcServerProtocolService.java:onCompleted(155)) - 80fac8df-d086-4186-9807-ed58a74d6c90: Completed APPEND_ENTRIES, lastRequest: cd0f2c76-867f-4adb-98b4-ea19f4e614c4->80fac8df-d086-4186-9807-ed58a74d6c90#25-t1,previous=(t:1, i:3),leaderCommit=2,initializing? true,entries: size=1, first=(t:1, i:4), METADATAENTRY(c:2)
2023-08-28 09:34:42,893 [cd0f2c76-867f-4adb-98b4-ea19f4e614c4@group-1DFF6731F38D-StateMachineUpdater] INFO  ratis.ContainerStateMachine (ContainerStateMachine.java:takeSnapshot(330)) - group-1DFF6731F38D: Taking a snapshot at:(t:1, i:4) file /home/runner/work/ozone/ozone/hadoop-ozone/integration-test/target/test-dir/MiniOzoneClusterImpl-ff034f8e-8080-4075-bf38-01537132cba4/datanode-2/data/ratis/80e183fb-8bd2-4fe8-8055-1dff6731f38d/sm/snapshot.1_4
2023-08-28 09:34:42,892 [ForkJoinPool.commonPool-worker-3] INFO  server.GrpcService (GrpcService.java:closeImpl(320)) - 5e45d05c-e098-4a5b-a019-6f8f93701f04: shutdown server GrpcServerProtocolService successfully
2023-08-28 09:34:42,901 [ForkJoinPool.commonPool-worker-3] INFO  server.GrpcService (GrpcService.java:closeImpl(311)) - 5e45d05c-e098-4a5b-a019-6f8f93701f04: shutdown server org.apache.ratis.grpc.server.GrpcAdminProtocolService now
2023-08-28 09:34:42,892 [cd0f2c76-867f-4adb-98b4-ea19f4e614c4-impl-thread2] INFO  impl.StateMachineUpdater (StateMachineUpdater.java:stopAndJoin(155)) - cd0f2c76-867f-4adb-98b4-ea19f4e614c4@group-1DFF6731F38D-StateMachineUpdater: set stopIndex = 4
2023-08-28 09:34:42,892 [cd0f2c76-867f-4adb-98b4-ea19f4e614c4@group-D67EC9FCB8AC-StateMachineUpdater] INFO  ratis.ContainerStateMachine (ContainerStateMachine.java:takeSnapshot(341)) - group-D67EC9FCB8AC: Finished taking a snapshot at:(t:1, i:29) file:/home/runner/work/ozone/ozone/hadoop-ozone/integration-test/target/test-dir/MiniOzoneClusterImpl-ff034f8e-8080-4075-bf38-01537132cba4/datanode-2/data/ratis/583a2e2c-9fe4-49db-893a-d67ec9fcb8ac/sm/snapshot.1_29 took: 4 ms
2023-08-28 09:34:42,902 [cd0f2c76-867f-4adb-98b4-ea19f4e614c4@group-D67EC9FCB8AC-StateMachineUpdater] INFO  impl.StateMachineUpdater (StateMachineUpdater.java:takeSnapshot(291)) - cd0f2c76-867f-4adb-98b4-ea19f4e614c4@group-D67EC9FCB8AC-StateMachineUpdater: Took a snapshot at index 29
2023-08-28 09:34:42,902 [cd0f2c76-867f-4adb-98b4-ea19f4e614c4@group-D67EC9FCB8AC-StateMachineUpdater] INFO  impl.StateMachineUpdater (StateMachineUpdater.java:lambda$new$0(97)) - cd0f2c76-867f-4adb-98b4-ea19f4e614c4@group-D67EC9FCB8AC-StateMachineUpdater: snapshotIndex: updateIncreasingly -1 -> 29
2023-08-28 09:34:42,891 [cd0f2c76-867f-4adb-98b4-ea19f4e614c4@group-2862A91966C4-StateMachineUpdater] INFO  ratis.ContainerStateMachine (ContainerStateMachine.java:takeSnapshot(341)) - group-2862A91966C4: Finished taking a snapshot at:(t:1, i:0) file:/home/runner/work/ozone/ozone/hadoop-ozone/integration-test/target/test-dir/MiniOzoneClusterImpl-ff034f8e-8080-4075-bf38-01537132cba4/datanode-2/data/ratis/6ccf0fc7-14e3-4d38-8983-2862a91966c4/sm/snapshot.1_0 took: 13 ms
2023-08-28 09:34:42,902 [cd0f2c76-867f-4adb-98b4-ea19f4e614c4@group-2862A91966C4-StateMachineUpdater] INFO  impl.StateMachineUpdater (StateMachineUpdater.java:takeSnapshot(291)) - cd0f2c76-867f-4adb-98b4-ea19f4e614c4@group-2862A91966C4-StateMachineUpdater: Took a snapshot at index 0
2023-08-28 09:34:42,902 [cd0f2c76-867f-4adb-98b4-ea19f4e614c4@group-2862A91966C4-StateMachineUpdater] INFO  impl.StateMachineUpdater (StateMachineUpdater.java:lambda$new$0(97)) - cd0f2c76-867f-4adb-98b4-ea19f4e614c4@group-2862A91966C4-StateMachineUpdater: snapshotIndex: updateIncreasingly -1 -> 0
2023-08-28 09:34:42,902 [cd0f2c76-867f-4adb-98b4-ea19f4e614c4-impl-thread3] INFO  server.RaftServer$Division (ServerState.java:close(472)) - cd0f2c76-867f-4adb-98b4-ea19f4e614c4@group-D67EC9FCB8AC: closes. applyIndex: 29
2023-08-28 09:34:42,903 [cd0f2c76-867f-4adb-98b4-ea19f4e614c4-impl-thread4] INFO  server.RaftServer$Division (ServerState.java:close(472)) - cd0f2c76-867f-4adb-98b4-ea19f4e614c4@group-2862A91966C4: closes. applyIndex: 0
2023-08-28 09:34:42,903 [cd0f2c76-867f-4adb-98b4-ea19f4e614c4@group-1DFF6731F38D-StateMachineUpdater] INFO  ratis.ContainerStateMachine (ContainerStateMachine.java:takeSnapshot(341)) - group-1DFF6731F38D: Finished taking a snapshot at:(t:1, i:4) file:/home/runner/work/ozone/ozone/hadoop-ozone/integration-test/target/test-dir/MiniOzoneClusterImpl-ff034f8e-8080-4075-bf38-01537132cba4/datanode-2/data/ratis/80e183fb-8bd2-4fe8-8055-1dff6731f38d/sm/snapshot.1_4 took: 11 ms
2023-08-28 09:34:42,904 [cd0f2c76-867f-4adb-98b4-ea19f4e614c4@group-1DFF6731F38D-StateMachineUpdater] INFO  impl.StateMachineUpdater (StateMachineUpdater.java:takeSnapshot(291)) - cd0f2c76-867f-4adb-98b4-ea19f4e614c4@group-1DFF6731F38D-StateMachineUpdater: Took a snapshot at index 4
2023-08-28 09:34:42,904 [cd0f2c76-867f-4adb-98b4-ea19f4e614c4@group-1DFF6731F38D-StateMachineUpdater] INFO  impl.StateMachineUpdater (StateMachineUpdater.java:lambda$new$0(97)) - cd0f2c76-867f-4adb-98b4-ea19f4e614c4@group-1DFF6731F38D-StateMachineUpdater: snapshotIndex: updateIncreasingly -1 -> 4
2023-08-28 09:34:42,904 [cd0f2c76-867f-4adb-98b4-ea19f4e614c4-impl-thread2] INFO  server.RaftServer$Division (ServerState.java:close(472)) - cd0f2c76-867f-4adb-98b4-ea19f4e614c4@group-1DFF6731F38D: closes. applyIndex: 4
2023-08-28 09:34:42,891 [grpc-default-executor-5] WARN  server.GrpcLogAppender (LogUtils.java:warn(122)) - 80fac8df-d086-4186-9807-ed58a74d6c90@group-D67EC9FCB8AC->5e45d05c-e098-4a5b-a019-6f8f93701f04-AppendLogResponseHandler: Failed appendEntries: org.apache.ratis.thirdparty.io.grpc.StatusRuntimeException: CANCELLED: RST_STREAM closed stream. HTTP/2 error code: CANCEL
2023-08-28 09:34:42,890 [grpc-default-executor-1] INFO  server.GrpcLogAppender (GrpcLogAppender.java:onError(417)) - cd0f2c76-867f-4adb-98b4-ea19f4e614c4@group-1DFF6731F38D->5e45d05c-e098-4a5b-a019-6f8f93701f04-GrpcLogAppender is already stopped
2023-08-28 09:34:42,904 [grpc-default-executor-5] INFO  leader.FollowerInfo (FollowerInfoImpl.java:lambda$new$0(52)) - 80fac8df-d086-4186-9807-ed58a74d6c90@group-D67EC9FCB8AC->5e45d05c-e098-4a5b-a019-6f8f93701f04: decreaseNextIndex nextIndex: updateUnconditionally 30 -> 29
2023-08-28 09:34:42,890 [grpc-default-executor-2] WARN  server.GrpcServerProtocolService (LogUtils.java:warn(122)) - 5e45d05c-e098-4a5b-a019-6f8f93701f04: APPEND_ENTRIES onError, lastRequest: null: org.apache.ratis.thirdparty.io.grpc.StatusRuntimeException: CANCELLED: client cancelled
2023-08-28 09:34:42,890 [5e45d05c-e098-4a5b-a019-6f8f93701f04-impl-thread2] INFO  server.RaftServer$Division (ServerState.java:close(472)) - 5e45d05c-e098-4a5b-a019-6f8f93701f04@group-1DFF6731F38D: closes. applyIndex: 4
2023-08-28 09:34:42,889 [Thread-1673] INFO  server.GrpcServerProtocolClient (GrpcServerProtocolClient.java:close(103)) - 80fac8df-d086-4186-9807-ed58a74d6c90 Close channels
2023-08-28 09:34:42,901 [grpc-default-executor-3] INFO  server.GrpcServerProtocolService (GrpcServerProtocolService.java:lambda$onCompleted$5(157)) - 80fac8df-d086-4186-9807-ed58a74d6c90: Completed APPEND_ENTRIES, lastReply: null
2023-08-28 09:34:42,901 [Thread-1674] INFO  server.GrpcServerProtocolClient (GrpcServerProtocolClient.java:close(103)) - 5e45d05c-e098-4a5b-a019-6f8f93701f04 Close channels
2023-08-28 09:34:42,901 [grpc-default-executor-0] INFO  server.GrpcLogAppender (GrpcLogAppender.java:onError(417)) - cd0f2c76-867f-4adb-98b4-ea19f4e614c4@group-1DFF6731F38D->5e45d05c-e098-4a5b-a019-6f8f93701f04-GrpcLogAppender is already stopped
2023-08-28 09:34:42,912 [ForkJoinPool.commonPool-worker-3] INFO  server.GrpcService (GrpcService.java:closeImpl(320)) - 5e45d05c-e098-4a5b-a019-6f8f93701f04: shutdown server org.apache.ratis.grpc.server.GrpcAdminProtocolService successfully
2023-08-28 09:34:42,916 [5e45d05c-e098-4a5b-a019-6f8f93701f04-NettyServerStreamRpc-bossGroup--thread1] INFO  logging.LoggingHandler (AbstractInternalLogger.java:log(148)) - [id: 0xee9b8d6c, L:/0:0:0:0:0:0:0:0:15130] CLOSE
2023-08-28 09:34:42,916 [5e45d05c-e098-4a5b-a019-6f8f93701f04-NettyServerStreamRpc-bossGroup--thread1] INFO  logging.LoggingHandler (AbstractInternalLogger.java:log(148)) - [id: 0xee9b8d6c, L:/0:0:0:0:0:0:0:0:15130] INACTIVE
2023-08-28 09:34:42,916 [5e45d05c-e098-4a5b-a019-6f8f93701f04-NettyServerStreamRpc-bossGroup--thread1] INFO  logging.LoggingHandler (AbstractInternalLogger.java:log(148)) - [id: 0xee9b8d6c, L:/0:0:0:0:0:0:0:0:15130] UNREGISTERED
2023-08-28 09:34:42,910 [grpc-default-executor-7] WARN  server.GrpcServerProtocolService (LogUtils.java:warn(122)) - 5e45d05c-e098-4a5b-a019-6f8f93701f04: APPEND_ENTRIES onError, lastRequest: null: org.apache.ratis.thirdparty.io.grpc.StatusRuntimeException: CANCELLED: client cancelled
2023-08-28 09:34:42,910 [ForkJoinPool.commonPool-worker-0] INFO  server.RaftServer (RaftServerProxy.java:lambda$close$6(416)) - 41455824-df48-4b98-a96f-a0f226daf9c9: close
2023-08-28 09:34:42,910 [grpc-default-executor-8] INFO  server.GrpcServerProtocolService (GrpcServerProtocolService.java:onCompleted(155)) - 80fac8df-d086-4186-9807-ed58a74d6c90: Completed APPEND_ENTRIES, lastRequest: null
2023-08-28 09:34:42,919 [ForkJoinPool.commonPool-worker-2] INFO  ozoneimpl.OzoneContainer (OzoneContainer.java:stop(451)) - Attempting to stop container services.
2023-08-28 09:34:42,920 [grpc-default-executor-8] INFO  server.GrpcServerProtocolService (GrpcServerProtocolService.java:lambda$onCompleted$5(157)) - 80fac8df-d086-4186-9807-ed58a74d6c90: Completed APPEND_ENTRIES, lastReply: serverReply {
  requestorId: "cd0f2c76-867f-4adb-98b4-ea19f4e614c4"
  replyId: "80fac8df-d086-4186-9807-ed58a74d6c90"
  raftGroupId {
    id: "\200\341\203\373\213\322O\350\200U\035\377g1\363\215"
  }
  callId: 32
  success: true
}
term: 1
nextIndex: 5
followerCommit: 4
matchIndex: 18446744073709551615
isHearbeat: true

2023-08-28 09:34:42,928 [ForkJoinPool.commonPool-worker-0] INFO  server.GrpcService (GrpcService.java:closeImpl(311)) - 41455824-df48-4b98-a96f-a0f226daf9c9: shutdown server org.apache.ratis.grpc.server.GrpcClientProtocolService now
2023-08-28 09:34:42,929 [41455824-df48-4b98-a96f-a0f226daf9c9-impl-thread2] INFO  server.RaftServer$Division (RaftServerImpl.java:lambda$close$4(466)) - 41455824-df48-4b98-a96f-a0f226daf9c9@group-5012ECE90A63: shutdown
2023-08-28 09:34:42,929 [41455824-df48-4b98-a96f-a0f226daf9c9-impl-thread2] INFO  util.JmxRegister (JmxRegister.java:unregister(73)) - Successfully un-registered JMX Bean with object name Ratis:service=RaftServer,group=group-5012ECE90A63,id=41455824-df48-4b98-a96f-a0f226daf9c9
2023-08-28 09:34:42,929 [41455824-df48-4b98-a96f-a0f226daf9c9-impl-thread2] INFO  impl.RoleInfo (RoleInfo.java:shutdownLeaderState(93)) - 41455824-df48-4b98-a96f-a0f226daf9c9: shutdown 41455824-df48-4b98-a96f-a0f226daf9c9@group-5012ECE90A63-LeaderStateImpl
2023-08-28 09:34:42,930 [41455824-df48-4b98-a96f-a0f226daf9c9-impl-thread2] INFO  impl.PendingRequests (PendingRequests.java:sendNotLeaderResponses(289)) - 41455824-df48-4b98-a96f-a0f226daf9c9@group-5012ECE90A63-PendingRequests: sendNotLeaderResponses
2023-08-28 09:34:42,930 [41455824-df48-4b98-a96f-a0f226daf9c9-impl-thread2] INFO  impl.StateMachineUpdater (StateMachineUpdater.java:stopAndJoin(155)) - 41455824-df48-4b98-a96f-a0f226daf9c9@group-5012ECE90A63-StateMachineUpdater: set stopIndex = 0
2023-08-28 09:34:42,931 [41455824-df48-4b98-a96f-a0f226daf9c9@group-5012ECE90A63-StateMachineUpdater] INFO  ratis.ContainerStateMachine (ContainerStateMachine.java:takeSnapshot(330)) - group-5012ECE90A63: Taking a snapshot at:(t:1, i:0) file /home/runner/work/ozone/ozone/hadoop-ozone/integration-test/target/test-dir/MiniOzoneClusterImpl-ff034f8e-8080-4075-bf38-01537132cba4/datanode-4/data/ratis/b2f5c93a-08a2-4358-8660-5012ece90a63/sm/snapshot.1_0
2023-08-28 09:34:42,931 [41455824-df48-4b98-a96f-a0f226daf9c9@group-5012ECE90A63-StateMachineUpdater] INFO  ratis.ContainerStateMachine (ContainerStateMachine.java:takeSnapshot(341)) - group-5012ECE90A63: Finished taking a snapshot at:(t:1, i:0) file:/home/runner/work/ozone/ozone/hadoop-ozone/integration-test/target/test-dir/MiniOzoneClusterImpl-ff034f8e-8080-4075-bf38-01537132cba4/datanode-4/data/ratis/b2f5c93a-08a2-4358-8660-5012ece90a63/sm/snapshot.1_0 took: 1 ms
2023-08-28 09:34:42,931 [41455824-df48-4b98-a96f-a0f226daf9c9@group-5012ECE90A63-StateMachineUpdater] INFO  impl.StateMachineUpdater (StateMachineUpdater.java:takeSnapshot(291)) - 41455824-df48-4b98-a96f-a0f226daf9c9@group-5012ECE90A63-StateMachineUpdater: Took a snapshot at index 0
2023-08-28 09:34:42,932 [41455824-df48-4b98-a96f-a0f226daf9c9@group-5012ECE90A63-StateMachineUpdater] INFO  impl.StateMachineUpdater (StateMachineUpdater.java:lambda$new$0(97)) - 41455824-df48-4b98-a96f-a0f226daf9c9@group-5012ECE90A63-StateMachineUpdater: snapshotIndex: updateIncreasingly -1 -> 0
2023-08-28 09:34:42,932 [41455824-df48-4b98-a96f-a0f226daf9c9-impl-thread2] INFO  server.RaftServer$Division (ServerState.java:close(472)) - 41455824-df48-4b98-a96f-a0f226daf9c9@group-5012ECE90A63: closes. applyIndex: 0
2023-08-28 09:34:42,939 [ForkJoinPool.commonPool-worker-1] INFO  ozoneimpl.OzoneContainer (OzoneContainer.java:stop(451)) - Attempting to stop container services.
2023-08-28 09:34:42,940 [ForkJoinPool.commonPool-worker-2] INFO  server.RaftServer (RaftServerProxy.java:lambda$close$6(416)) - 80fac8df-d086-4186-9807-ed58a74d6c90: close
2023-08-28 09:34:42,940 [grpc-default-executor-7] INFO  server.GrpcLogAppender (GrpcLogAppender.java:onCompleted(428)) - cd0f2c76-867f-4adb-98b4-ea19f4e614c4@group-1DFF6731F38D->80fac8df-d086-4186-9807-ed58a74d6c90-AppendLogResponseHandler: follower responses appendEntries COMPLETED
2023-08-28 09:34:42,941 [grpc-default-executor-8] INFO  server.GrpcLogAppender (GrpcLogAppender.java:onCompleted(428)) - cd0f2c76-867f-4adb-98b4-ea19f4e614c4@group-1DFF6731F38D->80fac8df-d086-4186-9807-ed58a74d6c90-AppendLogResponseHandler: follower responses appendEntries COMPLETED
2023-08-28 09:34:42,942 [80fac8df-d086-4186-9807-ed58a74d6c90-impl-thread2] INFO  server.RaftServer$Division (RaftServerImpl.java:lambda$close$4(466)) - 80fac8df-d086-4186-9807-ed58a74d6c90@group-1DFF6731F38D: shutdown
2023-08-28 09:34:42,942 [80fac8df-d086-4186-9807-ed58a74d6c90-impl-thread2] INFO  util.JmxRegister (JmxRegister.java:unregister(73)) - Successfully un-registered JMX Bean with object name Ratis:service=RaftServer,group=group-1DFF6731F38D,id=80fac8df-d086-4186-9807-ed58a74d6c90
2023-08-28 09:34:42,943 [80fac8df-d086-4186-9807-ed58a74d6c90-impl-thread2] INFO  impl.RoleInfo (RoleInfo.java:shutdownFollowerState(110)) - 80fac8df-d086-4186-9807-ed58a74d6c90: shutdown 80fac8df-d086-4186-9807-ed58a74d6c90@group-1DFF6731F38D-FollowerState
2023-08-28 09:34:42,943 [ForkJoinPool.commonPool-worker-2] INFO  server.GrpcService (GrpcService.java:closeImpl(311)) - 80fac8df-d086-4186-9807-ed58a74d6c90: shutdown server org.apache.ratis.grpc.server.GrpcClientProtocolService now
2023-08-28 09:34:42,943 [80fac8df-d086-4186-9807-ed58a74d6c90-impl-thread3] INFO  server.RaftServer$Division (RaftServerImpl.java:lambda$close$4(466)) - 80fac8df-d086-4186-9807-ed58a74d6c90@group-D67EC9FCB8AC: shutdown
2023-08-28 09:34:42,943 [80fac8df-d086-4186-9807-ed58a74d6c90-impl-thread3] INFO  util.JmxRegister (JmxRegister.java:unregister(73)) - Successfully un-registered JMX Bean with object name Ratis:service=RaftServer,group=group-D67EC9FCB8AC,id=80fac8df-d086-4186-9807-ed58a74d6c90
2023-08-28 09:34:42,943 [80fac8df-d086-4186-9807-ed58a74d6c90-impl-thread3] INFO  impl.RoleInfo (RoleInfo.java:shutdownLeaderState(93)) - 80fac8df-d086-4186-9807-ed58a74d6c90: shutdown 80fac8df-d086-4186-9807-ed58a74d6c90@group-D67EC9FCB8AC-LeaderStateImpl
2023-08-28 09:34:42,945 [grpc-default-executor-7] WARN  server.GrpcLogAppender (GrpcLogAppender.java:resetClient(137)) - cd0f2c76-867f-4adb-98b4-ea19f4e614c4@group-1DFF6731F38D->80fac8df-d086-4186-9807-ed58a74d6c90-GrpcLogAppender: Failed to getClient for 80fac8df-d086-4186-9807-ed58a74d6c90
org.apache.ratis.protocol.exceptions.AlreadyClosedException: cd0f2c76-867f-4adb-98b4-ea19f4e614c4 is already CLOSED
	at org.apache.ratis.util.PeerProxyMap$PeerAndProxy.getProxy(PeerProxyMap.java:61)
	at org.apache.ratis.util.PeerProxyMap.getProxy(PeerProxyMap.java:115)
	at org.apache.ratis.grpc.server.GrpcLogAppender.getClient(GrpcLogAppender.java:112)
	at org.apache.ratis.grpc.server.GrpcLogAppender.resetClient(GrpcLogAppender.java:117)
	at org.apache.ratis.grpc.server.GrpcLogAppender.access$500(GrpcLogAppender.java:56)
	at org.apache.ratis.grpc.server.GrpcLogAppender$AppendLogResponseHandler.onCompleted(GrpcLogAppender.java:429)
	at org.apache.ratis.thirdparty.io.grpc.stub.ClientCalls$StreamObserverToCallListenerAdapter.onClose(ClientCalls.java:485)
	at org.apache.ratis.thirdparty.io.grpc.internal.ClientCallImpl.closeObserver(ClientCallImpl.java:563)
	at org.apache.ratis.thirdparty.io.grpc.internal.ClientCallImpl.access$300(ClientCallImpl.java:70)
	at org.apache.ratis.thirdparty.io.grpc.internal.ClientCallImpl$ClientStreamListenerImpl$1StreamClosed.runInternal(ClientCallImpl.java:744)
	at org.apache.ratis.thirdparty.io.grpc.internal.ClientCallImpl$ClientStreamListenerImpl$1StreamClosed.runInContext(ClientCallImpl.java:723)
	at org.apache.ratis.thirdparty.io.grpc.internal.ContextRunnable.run(ContextRunnable.java:37)
	at org.apache.ratis.thirdparty.io.grpc.internal.SerializingExecutor.run(SerializingExecutor.java:133)
	at java.util.concurrent.ThreadPoolExecutor.runWorker(ThreadPoolExecutor.java:1149)
	at java.util.concurrent.ThreadPoolExecutor$Worker.run(ThreadPoolExecutor.java:624)
	at java.lang.Thread.run(Thread.java:750)
2023-08-28 09:34:42,945 [grpc-default-executor-8] WARN  server.GrpcLogAppender (GrpcLogAppender.java:resetClient(137)) - cd0f2c76-867f-4adb-98b4-ea19f4e614c4@group-1DFF6731F38D->80fac8df-d086-4186-9807-ed58a74d6c90-GrpcLogAppender: Failed to getClient for 80fac8df-d086-4186-9807-ed58a74d6c90
org.apache.ratis.protocol.exceptions.AlreadyClosedException: cd0f2c76-867f-4adb-98b4-ea19f4e614c4 is already CLOSED
	at org.apache.ratis.util.PeerProxyMap$PeerAndProxy.getProxy(PeerProxyMap.java:61)
	at org.apache.ratis.util.PeerProxyMap.getProxy(PeerProxyMap.java:115)
	at org.apache.ratis.grpc.server.GrpcLogAppender.getClient(GrpcLogAppender.java:112)
	at org.apache.ratis.grpc.server.GrpcLogAppender.resetClient(GrpcLogAppender.java:117)
	at org.apache.ratis.grpc.server.GrpcLogAppender.access$500(GrpcLogAppender.java:56)
	at org.apache.ratis.grpc.server.GrpcLogAppender$AppendLogResponseHandler.onCompleted(GrpcLogAppender.java:429)
	at org.apache.ratis.thirdparty.io.grpc.stub.ClientCalls$StreamObserverToCallListenerAdapter.onClose(ClientCalls.java:485)
	at org.apache.ratis.thirdparty.io.grpc.internal.ClientCallImpl.closeObserver(ClientCallImpl.java:563)
	at org.apache.ratis.thirdparty.io.grpc.internal.ClientCallImpl.access$300(ClientCallImpl.java:70)
	at org.apache.ratis.thirdparty.io.grpc.internal.ClientCallImpl$ClientStreamListenerImpl$1StreamClosed.runInternal(ClientCallImpl.java:744)
	at org.apache.ratis.thirdparty.io.grpc.internal.ClientCallImpl$ClientStreamListenerImpl$1StreamClosed.runInContext(ClientCallImpl.java:723)
	at org.apache.ratis.thirdparty.io.grpc.internal.ContextRunnable.run(ContextRunnable.java:37)
	at org.apache.ratis.thirdparty.io.grpc.internal.SerializingExecutor.run(SerializingExecutor.java:133)
	at java.util.concurrent.ThreadPoolExecutor.runWorker(ThreadPoolExecutor.java:1149)
	at java.util.concurrent.ThreadPoolExecutor$Worker.run(ThreadPoolExecutor.java:624)
	at java.lang.Thread.run(Thread.java:750)
2023-08-28 09:34:42,945 [Thread-1698] INFO  server.GrpcServerProtocolClient (GrpcServerProtocolClient.java:close(103)) - cd0f2c76-867f-4adb-98b4-ea19f4e614c4 Close channels
2023-08-28 09:34:42,945 [Thread-1697] INFO  server.GrpcServerProtocolClient (GrpcServerProtocolClient.java:close(103)) - 5e45d05c-e098-4a5b-a019-6f8f93701f04 Close channels
2023-08-28 09:34:42,948 [ForkJoinPool.commonPool-worker-0] INFO  server.GrpcService (GrpcService.java:closeImpl(320)) - 41455824-df48-4b98-a96f-a0f226daf9c9: shutdown server org.apache.ratis.grpc.server.GrpcClientProtocolService successfully
2023-08-28 09:34:42,948 [ForkJoinPool.commonPool-worker-0] INFO  server.GrpcService (GrpcService.java:closeImpl(311)) - 41455824-df48-4b98-a96f-a0f226daf9c9: shutdown server GrpcServerProtocolService now
2023-08-28 09:34:42,953 [80fac8df-d086-4186-9807-ed58a74d6c90-impl-thread4] INFO  server.RaftServer$Division (RaftServerImpl.java:lambda$close$4(466)) - 80fac8df-d086-4186-9807-ed58a74d6c90@group-262C9BC133DE: shutdown
2023-08-28 09:34:42,953 [80fac8df-d086-4186-9807-ed58a74d6c90-impl-thread4] INFO  util.JmxRegister (JmxRegister.java:unregister(73)) - Successfully un-registered JMX Bean with object name Ratis:service=RaftServer,group=group-262C9BC133DE,id=80fac8df-d086-4186-9807-ed58a74d6c90
2023-08-28 09:34:42,953 [80fac8df-d086-4186-9807-ed58a74d6c90-impl-thread4] INFO  impl.RoleInfo (RoleInfo.java:shutdownLeaderState(93)) - 80fac8df-d086-4186-9807-ed58a74d6c90: shutdown 80fac8df-d086-4186-9807-ed58a74d6c90@group-262C9BC133DE-LeaderStateImpl
2023-08-28 09:34:42,953 [80fac8df-d086-4186-9807-ed58a74d6c90-impl-thread4] INFO  impl.PendingRequests (PendingRequests.java:sendNotLeaderResponses(289)) - 80fac8df-d086-4186-9807-ed58a74d6c90@group-262C9BC133DE-PendingRequests: sendNotLeaderResponses
2023-08-28 09:34:42,953 [grpc-default-executor-7] WARN  server.GrpcClientProtocolService (LogUtils.java:warn(122)) - 2-OrderedRequestStreamObserver2: onError: org.apache.ratis.thirdparty.io.grpc.StatusRuntimeException: CANCELLED: client cancelled
2023-08-28 09:34:42,954 [grpc-default-executor-0] WARN  server.GrpcClientProtocolService (LogUtils.java:warn(122)) - 3-UnorderedRequestStreamObserver3: onError: org.apache.ratis.thirdparty.io.grpc.StatusRuntimeException: CANCELLED: client cancelled
2023-08-28 09:34:42,956 [80fac8df-d086-4186-9807-ed58a74d6c90-impl-thread4] INFO  impl.StateMachineUpdater (StateMachineUpdater.java:stopAndJoin(155)) - 80fac8df-d086-4186-9807-ed58a74d6c90@group-262C9BC133DE-StateMachineUpdater: set stopIndex = 0
2023-08-28 09:34:42,956 [80fac8df-d086-4186-9807-ed58a74d6c90@group-262C9BC133DE-StateMachineUpdater] INFO  ratis.ContainerStateMachine (ContainerStateMachine.java:takeSnapshot(330)) - group-262C9BC133DE: Taking a snapshot at:(t:1, i:0) file /home/runner/work/ozone/ozone/hadoop-ozone/integration-test/target/test-dir/MiniOzoneClusterImpl-ff034f8e-8080-4075-bf38-01537132cba4/datanode-0/data/ratis/14f93dd3-59f2-424e-9d0a-262c9bc133de/sm/snapshot.1_0
2023-08-28 09:34:42,957 [80fac8df-d086-4186-9807-ed58a74d6c90@group-262C9BC133DE-StateMachineUpdater] INFO  ratis.ContainerStateMachine (ContainerStateMachine.java:takeSnapshot(341)) - group-262C9BC133DE: Finished taking a snapshot at:(t:1, i:0) file:/home/runner/work/ozone/ozone/hadoop-ozone/integration-test/target/test-dir/MiniOzoneClusterImpl-ff034f8e-8080-4075-bf38-01537132cba4/datanode-0/data/ratis/14f93dd3-59f2-424e-9d0a-262c9bc133de/sm/snapshot.1_0 took: 1 ms
2023-08-28 09:34:42,957 [80fac8df-d086-4186-9807-ed58a74d6c90@group-262C9BC133DE-StateMachineUpdater] INFO  impl.StateMachineUpdater (StateMachineUpdater.java:takeSnapshot(291)) - 80fac8df-d086-4186-9807-ed58a74d6c90@group-262C9BC133DE-StateMachineUpdater: Took a snapshot at index 0
2023-08-28 09:34:42,957 [80fac8df-d086-4186-9807-ed58a74d6c90@group-262C9BC133DE-StateMachineUpdater] INFO  impl.StateMachineUpdater (StateMachineUpdater.java:lambda$new$0(97)) - 80fac8df-d086-4186-9807-ed58a74d6c90@group-262C9BC133DE-StateMachineUpdater: snapshotIndex: updateIncreasingly -1 -> 0
2023-08-28 09:34:42,960 [80fac8df-d086-4186-9807-ed58a74d6c90-impl-thread3] INFO  impl.PendingRequests (PendingRequests.java:sendNotLeaderResponses(289)) - 80fac8df-d086-4186-9807-ed58a74d6c90@group-D67EC9FCB8AC-PendingRequests: sendNotLeaderResponses
2023-08-28 09:34:42,960 [80fac8df-d086-4186-9807-ed58a74d6c90@group-D67EC9FCB8AC->5e45d05c-e098-4a5b-a019-6f8f93701f04-GrpcLogAppender-LogAppenderDaemon] WARN  server.GrpcLogAppender (GrpcLogAppender.java:mayWait(199)) - 80fac8df-d086-4186-9807-ed58a74d6c90@group-D67EC9FCB8AC->5e45d05c-e098-4a5b-a019-6f8f93701f04-GrpcLogAppender: Wait interrupted by java.lang.InterruptedException
2023-08-28 09:34:42,960 [80fac8df-d086-4186-9807-ed58a74d6c90-impl-thread2] INFO  impl.StateMachineUpdater (StateMachineUpdater.java:stopAndJoin(155)) - 80fac8df-d086-4186-9807-ed58a74d6c90@group-1DFF6731F38D-StateMachineUpdater: set stopIndex = 4
2023-08-28 09:34:42,960 [80fac8df-d086-4186-9807-ed58a74d6c90@group-D67EC9FCB8AC->cd0f2c76-867f-4adb-98b4-ea19f4e614c4-GrpcLogAppender-LogAppenderDaemon] WARN  server.GrpcLogAppender (GrpcLogAppender.java:mayWait(199)) - 80fac8df-d086-4186-9807-ed58a74d6c90@group-D67EC9FCB8AC->cd0f2c76-867f-4adb-98b4-ea19f4e614c4-GrpcLogAppender: Wait interrupted by java.lang.InterruptedException
2023-08-28 09:34:42,960 [80fac8df-d086-4186-9807-ed58a74d6c90@group-1DFF6731F38D-FollowerState] INFO  impl.FollowerState (FollowerState.java:run(152)) - 80fac8df-d086-4186-9807-ed58a74d6c90@group-1DFF6731F38D-FollowerState was interrupted
2023-08-28 09:34:42,961 [80fac8df-d086-4186-9807-ed58a74d6c90@group-1DFF6731F38D-StateMachineUpdater] INFO  ratis.ContainerStateMachine (ContainerStateMachine.java:takeSnapshot(330)) - group-1DFF6731F38D: Taking a snapshot at:(t:1, i:4) file /home/runner/work/ozone/ozone/hadoop-ozone/integration-test/target/test-dir/MiniOzoneClusterImpl-ff034f8e-8080-4075-bf38-01537132cba4/datanode-0/data/ratis/80e183fb-8bd2-4fe8-8055-1dff6731f38d/sm/snapshot.1_4
2023-08-28 09:34:42,962 [grpc-default-executor-7] INFO  server.GrpcServerProtocolService (GrpcServerProtocolService.java:onCompleted(155)) - cd0f2c76-867f-4adb-98b4-ea19f4e614c4: Completed APPEND_ENTRIES, lastRequest: null
2023-08-28 09:34:42,963 [grpc-default-executor-7] INFO  server.GrpcServerProtocolService (GrpcServerProtocolService.java:lambda$onCompleted$5(157)) - cd0f2c76-867f-4adb-98b4-ea19f4e614c4: Completed APPEND_ENTRIES, lastReply: serverReply {
  requestorId: "80fac8df-d086-4186-9807-ed58a74d6c90"
  replyId: "cd0f2c76-867f-4adb-98b4-ea19f4e614c4"
  raftGroupId {
    id: "X:.,\237\344I\333\211:\326~\311\374\270\254"
  }
  callId: 58
  success: true
}
term: 1
nextIndex: 27
followerCommit: 26
matchIndex: 18446744073709551615
isHearbeat: true

2023-08-28 09:34:42,963 [grpc-default-executor-3] INFO  server.GrpcServerProtocolService (GrpcServerProtocolService.java:onCompleted(155)) - cd0f2c76-867f-4adb-98b4-ea19f4e614c4: Completed APPEND_ENTRIES, lastRequest: 80fac8df-d086-4186-9807-ed58a74d6c90->cd0f2c76-867f-4adb-98b4-ea19f4e614c4#62-t1,previous=(t:1, i:29),leaderCommit=29,initializing? true,entries: size=1, first=(t:1, i:30), METADATAENTRY(c:28)
2023-08-28 09:34:42,963 [grpc-default-executor-3] INFO  server.GrpcServerProtocolService (GrpcServerProtocolService.java:lambda$onCompleted$5(157)) - cd0f2c76-867f-4adb-98b4-ea19f4e614c4: Completed APPEND_ENTRIES, lastReply: null
2023-08-28 09:34:42,964 [main] INFO  server.GrpcService (GrpcService.java:closeImpl(320)) - cd0f2c76-867f-4adb-98b4-ea19f4e614c4: shutdown server org.apache.ratis.grpc.server.GrpcClientProtocolService successfully
2023-08-28 09:34:42,964 [main] INFO  server.GrpcService (GrpcService.java:closeImpl(311)) - cd0f2c76-867f-4adb-98b4-ea19f4e614c4: shutdown server GrpcServerProtocolService now
2023-08-28 09:34:42,964 [80fac8df-d086-4186-9807-ed58a74d6c90-impl-thread4] INFO  server.RaftServer$Division (ServerState.java:close(472)) - 80fac8df-d086-4186-9807-ed58a74d6c90@group-262C9BC133DE: closes. applyIndex: 0
2023-08-28 09:34:42,968 [80fac8df-d086-4186-9807-ed58a74d6c90@group-1DFF6731F38D-StateMachineUpdater] INFO  ratis.ContainerStateMachine (ContainerStateMachine.java:takeSnapshot(341)) - group-1DFF6731F38D: Finished taking a snapshot at:(t:1, i:4) file:/home/runner/work/ozone/ozone/hadoop-ozone/integration-test/target/test-dir/MiniOzoneClusterImpl-ff034f8e-8080-4075-bf38-01537132cba4/datanode-0/data/ratis/80e183fb-8bd2-4fe8-8055-1dff6731f38d/sm/snapshot.1_4 took: 8 ms
2023-08-28 09:34:42,968 [80fac8df-d086-4186-9807-ed58a74d6c90@group-1DFF6731F38D-StateMachineUpdater] INFO  impl.StateMachineUpdater (StateMachineUpdater.java:takeSnapshot(291)) - 80fac8df-d086-4186-9807-ed58a74d6c90@group-1DFF6731F38D-StateMachineUpdater: Took a snapshot at index 4
2023-08-28 09:34:42,968 [80fac8df-d086-4186-9807-ed58a74d6c90@group-1DFF6731F38D-StateMachineUpdater] INFO  impl.StateMachineUpdater (StateMachineUpdater.java:lambda$new$0(97)) - 80fac8df-d086-4186-9807-ed58a74d6c90@group-1DFF6731F38D-StateMachineUpdater: snapshotIndex: updateIncreasingly -1 -> 4
2023-08-28 09:34:42,969 [grpc-default-executor-3] INFO  server.GrpcLogAppender (GrpcLogAppender.java:onCompleted(428)) - 80fac8df-d086-4186-9807-ed58a74d6c90@group-D67EC9FCB8AC->cd0f2c76-867f-4adb-98b4-ea19f4e614c4-AppendLogResponseHandler: follower responses appendEntries COMPLETED
2023-08-28 09:34:42,969 [grpc-default-executor-7] INFO  server.GrpcLogAppender (GrpcLogAppender.java:onCompleted(428)) - 80fac8df-d086-4186-9807-ed58a74d6c90@group-D67EC9FCB8AC->cd0f2c76-867f-4adb-98b4-ea19f4e614c4-AppendLogResponseHandler: follower responses appendEntries COMPLETED
2023-08-28 09:34:42,985 [grpc-default-executor-3] WARN  server.GrpcLogAppender (GrpcLogAppender.java:resetClient(137)) - 80fac8df-d086-4186-9807-ed58a74d6c90@group-D67EC9FCB8AC->cd0f2c76-867f-4adb-98b4-ea19f4e614c4-GrpcLogAppender: Failed to getClient for cd0f2c76-867f-4adb-98b4-ea19f4e614c4
org.apache.ratis.protocol.exceptions.AlreadyClosedException: 80fac8df-d086-4186-9807-ed58a74d6c90 is already CLOSED
	at org.apache.ratis.util.PeerProxyMap$PeerAndProxy.getProxy(PeerProxyMap.java:61)
	at org.apache.ratis.util.PeerProxyMap.getProxy(PeerProxyMap.java:115)
	at org.apache.ratis.grpc.server.GrpcLogAppender.getClient(GrpcLogAppender.java:112)
	at org.apache.ratis.grpc.server.GrpcLogAppender.resetClient(GrpcLogAppender.java:117)
	at org.apache.ratis.grpc.server.GrpcLogAppender.access$500(GrpcLogAppender.java:56)
	at org.apache.ratis.grpc.server.GrpcLogAppender$AppendLogResponseHandler.onCompleted(GrpcLogAppender.java:429)
	at org.apache.ratis.thirdparty.io.grpc.stub.ClientCalls$StreamObserverToCallListenerAdapter.onClose(ClientCalls.java:485)
	at org.apache.ratis.thirdparty.io.grpc.internal.ClientCallImpl.closeObserver(ClientCallImpl.java:563)
	at org.apache.ratis.thirdparty.io.grpc.internal.ClientCallImpl.access$300(ClientCallImpl.java:70)
	at org.apache.ratis.thirdparty.io.grpc.internal.ClientCallImpl$ClientStreamListenerImpl$1StreamClosed.runInternal(ClientCallImpl.java:744)
	at org.apache.ratis.thirdparty.io.grpc.internal.ClientCallImpl$ClientStreamListenerImpl$1StreamClosed.runInContext(ClientCallImpl.java:723)
	at org.apache.ratis.thirdparty.io.grpc.internal.ContextRunnable.run(ContextRunnable.java:37)
	at org.apache.ratis.thirdparty.io.grpc.internal.SerializingExecutor.run(SerializingExecutor.java:133)
	at java.util.concurrent.ThreadPoolExecutor.runWorker(ThreadPoolExecutor.java:1149)
	at java.util.concurrent.ThreadPoolExecutor$Worker.run(ThreadPoolExecutor.java:624)
	at java.lang.Thread.run(Thread.java:750)
2023-08-28 09:34:42,986 [grpc-default-executor-7] WARN  server.GrpcLogAppender (GrpcLogAppender.java:resetClient(137)) - 80fac8df-d086-4186-9807-ed58a74d6c90@group-D67EC9FCB8AC->cd0f2c76-867f-4adb-98b4-ea19f4e614c4-GrpcLogAppender: Failed to getClient for cd0f2c76-867f-4adb-98b4-ea19f4e614c4
org.apache.ratis.protocol.exceptions.AlreadyClosedException: 80fac8df-d086-4186-9807-ed58a74d6c90 is already CLOSED
	at org.apache.ratis.util.PeerProxyMap$PeerAndProxy.getProxy(PeerProxyMap.java:61)
	at org.apache.ratis.util.PeerProxyMap.getProxy(PeerProxyMap.java:115)
	at org.apache.ratis.grpc.server.GrpcLogAppender.getClient(GrpcLogAppender.java:112)
	at org.apache.ratis.grpc.server.GrpcLogAppender.resetClient(GrpcLogAppender.java:117)
	at org.apache.ratis.grpc.server.GrpcLogAppender.access$500(GrpcLogAppender.java:56)
	at org.apache.ratis.grpc.server.GrpcLogAppender$AppendLogResponseHandler.onCompleted(GrpcLogAppender.java:429)
	at org.apache.ratis.thirdparty.io.grpc.stub.ClientCalls$StreamObserverToCallListenerAdapter.onClose(ClientCalls.java:485)
	at org.apache.ratis.thirdparty.io.grpc.internal.ClientCallImpl.closeObserver(ClientCallImpl.java:563)
	at org.apache.ratis.thirdparty.io.grpc.internal.ClientCallImpl.access$300(ClientCallImpl.java:70)
	at org.apache.ratis.thirdparty.io.grpc.internal.ClientCallImpl$ClientStreamListenerImpl$1StreamClosed.runInternal(ClientCallImpl.java:744)
	at org.apache.ratis.thirdparty.io.grpc.internal.ClientCallImpl$ClientStreamListenerImpl$1StreamClosed.runInContext(ClientCallImpl.java:723)
	at org.apache.ratis.thirdparty.io.grpc.internal.ContextRunnable.run(ContextRunnable.java:37)
	at org.apache.ratis.thirdparty.io.grpc.internal.SerializingExecutor.run(SerializingExecutor.java:133)
	at java.util.concurrent.ThreadPoolExecutor.runWorker(ThreadPoolExecutor.java:1149)
	at java.util.concurrent.ThreadPoolExecutor$Worker.run(ThreadPoolExecutor.java:624)
	at java.lang.Thread.run(Thread.java:750)
2023-08-28 09:34:42,989 [80fac8df-d086-4186-9807-ed58a74d6c90-impl-thread2] INFO  server.RaftServer$Division (ServerState.java:close(472)) - 80fac8df-d086-4186-9807-ed58a74d6c90@group-1DFF6731F38D: closes. applyIndex: 4
2023-08-28 09:34:42,989 [ForkJoinPool.commonPool-worker-1] INFO  server.RaftServer (RaftServerProxy.java:lambda$close$6(416)) - 95288828-abab-422b-9e50-2ffffa7b82dd: close
2023-08-28 09:34:42,990 [ForkJoinPool.commonPool-worker-0] INFO  server.GrpcService (GrpcService.java:closeImpl(320)) - 41455824-df48-4b98-a96f-a0f226daf9c9: shutdown server GrpcServerProtocolService successfully
2023-08-28 09:34:42,990 [ForkJoinPool.commonPool-worker-0] INFO  server.GrpcService (GrpcService.java:closeImpl(311)) - 41455824-df48-4b98-a96f-a0f226daf9c9: shutdown server org.apache.ratis.grpc.server.GrpcAdminProtocolService now
2023-08-28 09:34:42,992 [ForkJoinPool.commonPool-worker-1] INFO  server.GrpcService (GrpcService.java:closeImpl(311)) - 95288828-abab-422b-9e50-2ffffa7b82dd: shutdown server org.apache.ratis.grpc.server.GrpcClientProtocolService now
2023-08-28 09:34:42,994 [95288828-abab-422b-9e50-2ffffa7b82dd-impl-thread2] INFO  server.RaftServer$Division (RaftServerImpl.java:lambda$close$4(466)) - 95288828-abab-422b-9e50-2ffffa7b82dd@group-0D7AD4651803: shutdown
2023-08-28 09:34:42,994 [95288828-abab-422b-9e50-2ffffa7b82dd-impl-thread2] INFO  util.JmxRegister (JmxRegister.java:unregister(73)) - Successfully un-registered JMX Bean with object name Ratis:service=RaftServer,group=group-0D7AD4651803,id=95288828-abab-422b-9e50-2ffffa7b82dd
2023-08-28 09:34:42,994 [95288828-abab-422b-9e50-2ffffa7b82dd-impl-thread2] INFO  impl.RoleInfo (RoleInfo.java:shutdownLeaderState(93)) - 95288828-abab-422b-9e50-2ffffa7b82dd: shutdown 95288828-abab-422b-9e50-2ffffa7b82dd@group-0D7AD4651803-LeaderStateImpl
2023-08-28 09:34:42,994 [95288828-abab-422b-9e50-2ffffa7b82dd-impl-thread2] INFO  impl.PendingRequests (PendingRequests.java:sendNotLeaderResponses(289)) - 95288828-abab-422b-9e50-2ffffa7b82dd@group-0D7AD4651803-PendingRequests: sendNotLeaderResponses
2023-08-28 09:34:42,994 [95288828-abab-422b-9e50-2ffffa7b82dd@group-0D7AD4651803-StateMachineUpdater] INFO  ratis.ContainerStateMachine (ContainerStateMachine.java:takeSnapshot(330)) - group-0D7AD4651803: Taking a snapshot at:(t:1, i:0) file /home/runner/work/ozone/ozone/hadoop-ozone/integration-test/target/test-dir/MiniOzoneClusterImpl-ff034f8e-8080-4075-bf38-01537132cba4/datanode-3/data/ratis/3c5ed80b-167b-4387-9e9b-0d7ad4651803/sm/snapshot.1_0
2023-08-28 09:34:42,995 [95288828-abab-422b-9e50-2ffffa7b82dd-impl-thread2] INFO  impl.StateMachineUpdater (StateMachineUpdater.java:stopAndJoin(155)) - 95288828-abab-422b-9e50-2ffffa7b82dd@group-0D7AD4651803-StateMachineUpdater: set stopIndex = 0
2023-08-28 09:34:42,995 [95288828-abab-422b-9e50-2ffffa7b82dd@group-0D7AD4651803-StateMachineUpdater] INFO  ratis.ContainerStateMachine (ContainerStateMachine.java:takeSnapshot(341)) - group-0D7AD4651803: Finished taking a snapshot at:(t:1, i:0) file:/home/runner/work/ozone/ozone/hadoop-ozone/integration-test/target/test-dir/MiniOzoneClusterImpl-ff034f8e-8080-4075-bf38-01537132cba4/datanode-3/data/ratis/3c5ed80b-167b-4387-9e9b-0d7ad4651803/sm/snapshot.1_0 took: 1 ms
2023-08-28 09:34:42,995 [95288828-abab-422b-9e50-2ffffa7b82dd@group-0D7AD4651803-StateMachineUpdater] INFO  impl.StateMachineUpdater (StateMachineUpdater.java:takeSnapshot(291)) - 95288828-abab-422b-9e50-2ffffa7b82dd@group-0D7AD4651803-StateMachineUpdater: Took a snapshot at index 0
2023-08-28 09:34:42,995 [ForkJoinPool.commonPool-worker-0] INFO  server.GrpcService (GrpcService.java:closeImpl(320)) - 41455824-df48-4b98-a96f-a0f226daf9c9: shutdown server org.apache.ratis.grpc.server.GrpcAdminProtocolService successfully
2023-08-28 09:34:42,998 [cd0f2c76-867f-4adb-98b4-ea19f4e614c4-impl-thread2] INFO  segmented.SegmentedRaftLogWorker (SegmentedRaftLogWorker.java:close(252)) - cd0f2c76-867f-4adb-98b4-ea19f4e614c4@group-1DFF6731F38D-SegmentedRaftLogWorker close()
2023-08-28 09:34:43,000 [41455824-df48-4b98-a96f-a0f226daf9c9-NettyServerStreamRpc-bossGroup--thread1] INFO  logging.LoggingHandler (AbstractInternalLogger.java:log(148)) - [id: 0xcd191026, L:/0:0:0:0:0:0:0:0:15157] CLOSE
2023-08-28 09:34:42,998 [ForkJoinPool.commonPool-worker-2] INFO  server.GrpcService (GrpcService.java:closeImpl(320)) - 80fac8df-d086-4186-9807-ed58a74d6c90: shutdown server org.apache.ratis.grpc.server.GrpcClientProtocolService successfully
2023-08-28 09:34:43,000 [41455824-df48-4b98-a96f-a0f226daf9c9-NettyServerStreamRpc-bossGroup--thread1] INFO  logging.LoggingHandler (AbstractInternalLogger.java:log(148)) - [id: 0xcd191026, L:/0:0:0:0:0:0:0:0:15157] INACTIVE
2023-08-28 09:34:42,998 [80fac8df-d086-4186-9807-ed58a74d6c90@group-D67EC9FCB8AC-StateMachineUpdater] INFO  ratis.ContainerStateMachine (ContainerStateMachine.java:takeSnapshot(330)) - group-D67EC9FCB8AC: Taking a snapshot at:(t:1, i:30) file /home/runner/work/ozone/ozone/hadoop-ozone/integration-test/target/test-dir/MiniOzoneClusterImpl-ff034f8e-8080-4075-bf38-01537132cba4/datanode-0/data/ratis/583a2e2c-9fe4-49db-893a-d67ec9fcb8ac/sm/snapshot.1_30
2023-08-28 09:34:43,001 [41455824-df48-4b98-a96f-a0f226daf9c9-NettyServerStreamRpc-bossGroup--thread1] INFO  logging.LoggingHandler (AbstractInternalLogger.java:log(148)) - [id: 0xcd191026, L:/0:0:0:0:0:0:0:0:15157] UNREGISTERED
2023-08-28 09:34:42,998 [80fac8df-d086-4186-9807-ed58a74d6c90-impl-thread3] INFO  impl.StateMachineUpdater (StateMachineUpdater.java:stopAndJoin(155)) - 80fac8df-d086-4186-9807-ed58a74d6c90@group-D67EC9FCB8AC-StateMachineUpdater: set stopIndex = 30
2023-08-28 09:34:42,998 [main] INFO  server.GrpcService (GrpcService.java:closeImpl(320)) - cd0f2c76-867f-4adb-98b4-ea19f4e614c4: shutdown server GrpcServerProtocolService successfully
2023-08-28 09:34:43,001 [main] INFO  server.GrpcService (GrpcService.java:closeImpl(311)) - cd0f2c76-867f-4adb-98b4-ea19f4e614c4: shutdown server org.apache.ratis.grpc.server.GrpcAdminProtocolService now
2023-08-28 09:34:42,996 [95288828-abab-422b-9e50-2ffffa7b82dd@group-0D7AD4651803-StateMachineUpdater] INFO  impl.StateMachineUpdater (StateMachineUpdater.java:lambda$new$0(97)) - 95288828-abab-422b-9e50-2ffffa7b82dd@group-0D7AD4651803-StateMachineUpdater: snapshotIndex: updateIncreasingly -1 -> 0
2023-08-28 09:34:43,002 [95288828-abab-422b-9e50-2ffffa7b82dd-impl-thread2] INFO  server.RaftServer$Division (ServerState.java:close(472)) - 95288828-abab-422b-9e50-2ffffa7b82dd@group-0D7AD4651803: closes. applyIndex: 0
2023-08-28 09:34:43,000 [ForkJoinPool.commonPool-worker-2] INFO  server.GrpcService (GrpcService.java:closeImpl(311)) - 80fac8df-d086-4186-9807-ed58a74d6c90: shutdown server GrpcServerProtocolService now
2023-08-28 09:34:43,002 [80fac8df-d086-4186-9807-ed58a74d6c90@group-D67EC9FCB8AC-StateMachineUpdater] INFO  ratis.ContainerStateMachine (ContainerStateMachine.java:takeSnapshot(341)) - group-D67EC9FCB8AC: Finished taking a snapshot at:(t:1, i:30) file:/home/runner/work/ozone/ozone/hadoop-ozone/integration-test/target/test-dir/MiniOzoneClusterImpl-ff034f8e-8080-4075-bf38-01537132cba4/datanode-0/data/ratis/583a2e2c-9fe4-49db-893a-d67ec9fcb8ac/sm/snapshot.1_30 took: 5 ms
2023-08-28 09:34:43,003 [80fac8df-d086-4186-9807-ed58a74d6c90@group-D67EC9FCB8AC-StateMachineUpdater] INFO  impl.StateMachineUpdater (StateMachineUpdater.java:takeSnapshot(291)) - 80fac8df-d086-4186-9807-ed58a74d6c90@group-D67EC9FCB8AC-StateMachineUpdater: Took a snapshot at index 30
2023-08-28 09:34:43,003 [80fac8df-d086-4186-9807-ed58a74d6c90@group-D67EC9FCB8AC-StateMachineUpdater] INFO  impl.StateMachineUpdater (StateMachineUpdater.java:lambda$new$0(97)) - 80fac8df-d086-4186-9807-ed58a74d6c90@group-D67EC9FCB8AC-StateMachineUpdater: snapshotIndex: updateIncreasingly -1 -> 30
2023-08-28 09:34:43,006 [ForkJoinPool.commonPool-worker-1] INFO  server.GrpcService (GrpcService.java:closeImpl(320)) - 95288828-abab-422b-9e50-2ffffa7b82dd: shutdown server org.apache.ratis.grpc.server.GrpcClientProtocolService successfully
2023-08-28 09:34:43,006 [ForkJoinPool.commonPool-worker-1] INFO  server.GrpcService (GrpcService.java:closeImpl(311)) - 95288828-abab-422b-9e50-2ffffa7b82dd: shutdown server GrpcServerProtocolService now
2023-08-28 09:34:43,006 [80fac8df-d086-4186-9807-ed58a74d6c90-impl-thread3] INFO  server.RaftServer$Division (ServerState.java:close(472)) - 80fac8df-d086-4186-9807-ed58a74d6c90@group-D67EC9FCB8AC: closes. applyIndex: 30
2023-08-28 09:34:43,017 [main] INFO  server.GrpcService (GrpcService.java:closeImpl(320)) - cd0f2c76-867f-4adb-98b4-ea19f4e614c4: shutdown server org.apache.ratis.grpc.server.GrpcAdminProtocolService successfully
2023-08-28 09:34:43,018 [5e45d05c-e098-4a5b-a019-6f8f93701f04-impl-thread2] INFO  segmented.SegmentedRaftLogWorker (SegmentedRaftLogWorker.java:close(252)) - 5e45d05c-e098-4a5b-a019-6f8f93701f04@group-1DFF6731F38D-SegmentedRaftLogWorker close()
2023-08-28 09:34:43,018 [ForkJoinPool.commonPool-worker-2] INFO  server.GrpcService (GrpcService.java:closeImpl(320)) - 80fac8df-d086-4186-9807-ed58a74d6c90: shutdown server GrpcServerProtocolService successfully
2023-08-28 09:34:43,018 [ForkJoinPool.commonPool-worker-2] INFO  server.GrpcService (GrpcService.java:closeImpl(311)) - 80fac8df-d086-4186-9807-ed58a74d6c90: shutdown server org.apache.ratis.grpc.server.GrpcAdminProtocolService now
2023-08-28 09:34:43,018 [80fac8df-d086-4186-9807-ed58a74d6c90-impl-thread2] INFO  segmented.SegmentedRaftLogWorker (SegmentedRaftLogWorker.java:close(252)) - 80fac8df-d086-4186-9807-ed58a74d6c90@group-1DFF6731F38D-SegmentedRaftLogWorker close()
2023-08-28 09:34:43,025 [41455824-df48-4b98-a96f-a0f226daf9c9-impl-thread2] INFO  segmented.SegmentedRaftLogWorker (SegmentedRaftLogWorker.java:close(252)) - 41455824-df48-4b98-a96f-a0f226daf9c9@group-5012ECE90A63-SegmentedRaftLogWorker close()
2023-08-28 09:34:43,026 [cd0f2c76-867f-4adb-98b4-ea19f4e614c4-NettyServerStreamRpc-bossGroup--thread1] INFO  logging.LoggingHandler (AbstractInternalLogger.java:log(148)) - [id: 0x8947ff7a, L:/0:0:0:0:0:0:0:0:15139] CLOSE
2023-08-28 09:34:43,026 [cd0f2c76-867f-4adb-98b4-ea19f4e614c4-NettyServerStreamRpc-bossGroup--thread1] INFO  logging.LoggingHandler (AbstractInternalLogger.java:log(148)) - [id: 0x8947ff7a, L:/0:0:0:0:0:0:0:0:15139] INACTIVE
2023-08-28 09:34:43,026 [cd0f2c76-867f-4adb-98b4-ea19f4e614c4-NettyServerStreamRpc-bossGroup--thread1] INFO  logging.LoggingHandler (AbstractInternalLogger.java:log(148)) - [id: 0x8947ff7a, L:/0:0:0:0:0:0:0:0:15139] UNREGISTERED
2023-08-28 09:34:43,027 [ForkJoinPool.commonPool-worker-1] INFO  server.GrpcService (GrpcService.java:closeImpl(320)) - 95288828-abab-422b-9e50-2ffffa7b82dd: shutdown server GrpcServerProtocolService successfully
2023-08-28 09:34:43,027 [ForkJoinPool.commonPool-worker-1] INFO  server.GrpcService (GrpcService.java:closeImpl(311)) - 95288828-abab-422b-9e50-2ffffa7b82dd: shutdown server org.apache.ratis.grpc.server.GrpcAdminProtocolService now
2023-08-28 09:34:43,031 [JvmPauseMonitor20] INFO  util.JvmPauseMonitor (JvmPauseMonitor.java:run(109)) - JvmPauseMonitor-41455824-df48-4b98-a96f-a0f226daf9c9: Stopped
2023-08-28 09:34:43,031 [ForkJoinPool.commonPool-worker-2] INFO  server.GrpcService (GrpcService.java:closeImpl(320)) - 80fac8df-d086-4186-9807-ed58a74d6c90: shutdown server org.apache.ratis.grpc.server.GrpcAdminProtocolService successfully
2023-08-28 09:34:43,032 [80fac8df-d086-4186-9807-ed58a74d6c90-NettyServerStreamRpc-bossGroup--thread1] INFO  logging.LoggingHandler (AbstractInternalLogger.java:log(148)) - [id: 0xd1f372a7, L:/0:0:0:0:0:0:0:0:15121] CLOSE
2023-08-28 09:34:43,032 [80fac8df-d086-4186-9807-ed58a74d6c90-NettyServerStreamRpc-bossGroup--thread1] INFO  logging.LoggingHandler (AbstractInternalLogger.java:log(148)) - [id: 0xd1f372a7, L:/0:0:0:0:0:0:0:0:15121] INACTIVE
2023-08-28 09:34:43,032 [80fac8df-d086-4186-9807-ed58a74d6c90-NettyServerStreamRpc-bossGroup--thread1] INFO  logging.LoggingHandler (AbstractInternalLogger.java:log(148)) - [id: 0xd1f372a7, L:/0:0:0:0:0:0:0:0:15121] UNREGISTERED
2023-08-28 09:34:43,035 [ForkJoinPool.commonPool-worker-1] INFO  server.GrpcService (GrpcService.java:closeImpl(320)) - 95288828-abab-422b-9e50-2ffffa7b82dd: shutdown server org.apache.ratis.grpc.server.GrpcAdminProtocolService successfully
2023-08-28 09:34:43,035 [95288828-abab-422b-9e50-2ffffa7b82dd-NettyServerStreamRpc-bossGroup--thread1] INFO  logging.LoggingHandler (AbstractInternalLogger.java:log(148)) - [id: 0x1f314648, L:/0:0:0:0:0:0:0:0:15148] CLOSE
2023-08-28 09:34:43,036 [95288828-abab-422b-9e50-2ffffa7b82dd-NettyServerStreamRpc-bossGroup--thread1] INFO  logging.LoggingHandler (AbstractInternalLogger.java:log(148)) - [id: 0x1f314648, L:/0:0:0:0:0:0:0:0:15148] INACTIVE
2023-08-28 09:34:43,036 [95288828-abab-422b-9e50-2ffffa7b82dd-NettyServerStreamRpc-bossGroup--thread1] INFO  logging.LoggingHandler (AbstractInternalLogger.java:log(148)) - [id: 0x1f314648, L:/0:0:0:0:0:0:0:0:15148] UNREGISTERED
2023-08-28 09:34:43,203 [5e45d05c-e098-4a5b-a019-6f8f93701f04-impl-thread3] INFO  segmented.SegmentedRaftLogWorker (SegmentedRaftLogWorker.java:close(252)) - 5e45d05c-e098-4a5b-a019-6f8f93701f04@group-BD1F6AD23C4E-SegmentedRaftLogWorker close()
2023-08-28 09:34:43,792 [80fac8df-d086-4186-9807-ed58a74d6c90-impl-thread3] INFO  segmented.SegmentedRaftLogWorker (SegmentedRaftLogWorker.java:close(252)) - 80fac8df-d086-4186-9807-ed58a74d6c90@group-D67EC9FCB8AC-SegmentedRaftLogWorker close()
2023-08-28 09:34:43,800 [80fac8df-d086-4186-9807-ed58a74d6c90-impl-thread4] INFO  segmented.SegmentedRaftLogWorker (SegmentedRaftLogWorker.java:close(252)) - 80fac8df-d086-4186-9807-ed58a74d6c90@group-262C9BC133DE-SegmentedRaftLogWorker close()
2023-08-28 09:34:43,800 [95288828-abab-422b-9e50-2ffffa7b82dd-impl-thread2] INFO  segmented.SegmentedRaftLogWorker (SegmentedRaftLogWorker.java:close(252)) - 95288828-abab-422b-9e50-2ffffa7b82dd@group-0D7AD4651803-SegmentedRaftLogWorker close()
2023-08-28 09:34:43,801 [cd0f2c76-867f-4adb-98b4-ea19f4e614c4-impl-thread4] INFO  segmented.SegmentedRaftLogWorker (SegmentedRaftLogWorker.java:close(252)) - cd0f2c76-867f-4adb-98b4-ea19f4e614c4@group-2862A91966C4-SegmentedRaftLogWorker close()
2023-08-28 09:34:43,802 [JvmPauseMonitor19] INFO  util.JvmPauseMonitor (JvmPauseMonitor.java:run(109)) - JvmPauseMonitor-95288828-abab-422b-9e50-2ffffa7b82dd: Stopped
2023-08-28 09:34:43,802 [JvmPauseMonitor16] INFO  util.JvmPauseMonitor (JvmPauseMonitor.java:run(109)) - JvmPauseMonitor-80fac8df-d086-4186-9807-ed58a74d6c90: Stopped
2023-08-28 09:34:43,811 [cd0f2c76-867f-4adb-98b4-ea19f4e614c4-impl-thread3] INFO  segmented.SegmentedRaftLogWorker (SegmentedRaftLogWorker.java:close(252)) - cd0f2c76-867f-4adb-98b4-ea19f4e614c4@group-D67EC9FCB8AC-SegmentedRaftLogWorker close()
2023-08-28 09:34:43,812 [5e45d05c-e098-4a5b-a019-6f8f93701f04-impl-thread4] INFO  segmented.SegmentedRaftLogWorker (SegmentedRaftLogWorker.java:close(252)) - 5e45d05c-e098-4a5b-a019-6f8f93701f04@group-D67EC9FCB8AC-SegmentedRaftLogWorker close()
2023-08-28 09:34:43,813 [JvmPauseMonitor18] INFO  util.JvmPauseMonitor (JvmPauseMonitor.java:run(109)) - JvmPauseMonitor-cd0f2c76-867f-4adb-98b4-ea19f4e614c4: Stopped
2023-08-28 09:34:43,814 [JvmPauseMonitor17] INFO  util.JvmPauseMonitor (JvmPauseMonitor.java:run(109)) - JvmPauseMonitor-5e45d05c-e098-4a5b-a019-6f8f93701f04: Stopped
2023-08-28 09:34:45,037 [ForkJoinPool.commonPool-worker-0] INFO  utils.DatanodeStoreCache (DatanodeStoreCache.java:shutdownCache(110)) - Skip clearing cache in mini cluster mode. Entries left: [/home/runner/work/ozone/ozone/hadoop-ozone/integration-test/target/test-dir/MiniOzoneClusterImpl-ff034f8e-8080-4075-bf38-01537132cba4/datanode-0/data-0/containers/hdds/ff034f8e-8080-4075-bf38-01537132cba4/DS-c8e0584c-a9b5-4676-a7e7-a82f02f738a1/container.db, /home/runner/work/ozone/ozone/hadoop-ozone/integration-test/target/test-dir/MiniOzoneClusterImpl-ff034f8e-8080-4075-bf38-01537132cba4/datanode-1/data-0/containers/hdds/ff034f8e-8080-4075-bf38-01537132cba4/DS-4ff7ff25-ec4a-4dbd-af08-3ce747055142/container.db, /home/runner/work/ozone/ozone/hadoop-ozone/integration-test/target/test-dir/MiniOzoneClusterImpl-ff034f8e-8080-4075-bf38-01537132cba4/datanode-2/data-0/containers/hdds/ff034f8e-8080-4075-bf38-01537132cba4/DS-0a5db851-08f6-41ec-926e-3f2bbdcb6cb4/container.db, /home/runner/work/ozone/ozone/hadoop-ozone/integration-test/target/test-dir/MiniOzoneClusterImpl-ff034f8e-8080-4075-bf38-01537132cba4/datanode-3/data-0/containers/hdds/ff034f8e-8080-4075-bf38-01537132cba4/DS-3334c1b0-5cab-4b36-a341-5d69bc03c20b/container.db, /home/runner/work/ozone/ozone/hadoop-ozone/integration-test/target/test-dir/MiniOzoneClusterImpl-ff034f8e-8080-4075-bf38-01537132cba4/datanode-4/data-0/containers/hdds/ff034f8e-8080-4075-bf38-01537132cba4/DS-2266082a-e1da-4fab-ad52-452d1cbe2718/container.db]
2023-08-28 09:34:45,042 [ForkJoinPool.commonPool-worker-0] INFO  utils.DatanodeStoreCache (DatanodeStoreCache.java:removeDB(104)) - Removed db /home/runner/work/ozone/ozone/hadoop-ozone/integration-test/target/test-dir/MiniOzoneClusterImpl-ff034f8e-8080-4075-bf38-01537132cba4/datanode-4/data-0/containers/hdds/ff034f8e-8080-4075-bf38-01537132cba4/DS-2266082a-e1da-4fab-ad52-452d1cbe2718/container.db from cache
2023-08-28 09:34:45,042 [ForkJoinPool.commonPool-worker-0] INFO  volume.HddsVolume (HddsVolume.java:closeDbStore(453)) - SchemaV3 db is stopped at /home/runner/work/ozone/ozone/hadoop-ozone/integration-test/target/test-dir/MiniOzoneClusterImpl-ff034f8e-8080-4075-bf38-01537132cba4/datanode-4/data-0/containers/hdds/ff034f8e-8080-4075-bf38-01537132cba4/DS-2266082a-e1da-4fab-ad52-452d1cbe2718/container.db for volume DS-2266082a-e1da-4fab-ad52-452d1cbe2718
2023-08-28 09:34:45,043 [ForkJoinPool.commonPool-worker-0] INFO  utils.BackgroundService (BackgroundService.java:shutdown(141)) - Shutting down service BlockDeletingService
2023-08-28 09:34:45,043 [ForkJoinPool.commonPool-worker-0] INFO  utils.BackgroundService (BackgroundService.java:shutdown(141)) - Shutting down service StaleRecoveringContainerScrubbingService
2023-08-28 09:34:45,046 [ForkJoinPool.commonPool-worker-0] INFO  statemachine.DatanodeStateMachine (DatanodeStateMachine.java:stopDaemon(620)) - Ozone container server stopped.
2023-08-28 09:34:45,057 [ForkJoinPool.commonPool-worker-0] INFO  handler.ContextHandler (ContextHandler.java:doStop(1159)) - Stopped o.e.j.w.WebAppContext@5ce5e5e5{hddsDatanode,/,null,STOPPED}{jar:file:/home/runner/.m2/repository/org/apache/ozone/hdds-container-service/1.4.0-SNAPSHOT/hdds-container-service-1.4.0-SNAPSHOT.jar!/webapps/hddsDatanode}
2023-08-28 09:34:45,058 [ForkJoinPool.commonPool-worker-0] INFO  server.AbstractConnector (AbstractConnector.java:doStop(383)) - Stopped ServerConnector@455efaa6{HTTP/1.1, (http/1.1)}{0.0.0.0:15151}
2023-08-28 09:34:45,058 [ForkJoinPool.commonPool-worker-0] INFO  server.session (HouseKeeper.java:stopScavenging(149)) - node0 Stopped scavenging
2023-08-28 09:34:45,060 [ForkJoinPool.commonPool-worker-0] INFO  handler.ContextHandler (ContextHandler.java:doStop(1159)) - Stopped o.e.j.s.ServletContextHandler@1634c79c{static,/static,jar:file:/home/runner/.m2/repository/org/apache/ozone/hdds-container-service/1.4.0-SNAPSHOT/hdds-container-service-1.4.0-SNAPSHOT.jar!/webapps/static,STOPPED}
2023-08-28 09:34:45,061 [ForkJoinPool.commonPool-worker-0] INFO  handler.ContextHandler (ContextHandler.java:doStop(1159)) - Stopped o.e.j.s.ServletContextHandler@5bb0bacb{logs,/logs,file:///home/runner/work/ozone/ozone/hadoop-ozone/integration-test/target/log,STOPPED}
2023-08-28 09:34:45,061 [ForkJoinPool.commonPool-worker-0] INFO  ozone.HddsDatanodeClientProtocolServer (HddsDatanodeClientProtocolServer.java:stop(78)) - Stopping the RPC server for Client Protocol
2023-08-28 09:34:45,062 [ForkJoinPool.commonPool-worker-0] INFO  ipc.Server (Server.java:stop(3523)) - Stopping server on 15152
2023-08-28 09:34:45,063 [IPC Server listener on 15152] INFO  ipc.Server (Server.java:run(1434)) - Stopping IPC Server listener on 15152
2023-08-28 09:34:45,063 [IPC Server Responder] INFO  ipc.Server (Server.java:run(1567)) - Stopping IPC Server Responder
2023-08-28 09:34:45,806 [ForkJoinPool.commonPool-worker-2] INFO  utils.DatanodeStoreCache (DatanodeStoreCache.java:shutdownCache(110)) - Skip clearing cache in mini cluster mode. Entries left: [/home/runner/work/ozone/ozone/hadoop-ozone/integration-test/target/test-dir/MiniOzoneClusterImpl-ff034f8e-8080-4075-bf38-01537132cba4/datanode-0/data-0/containers/hdds/ff034f8e-8080-4075-bf38-01537132cba4/DS-c8e0584c-a9b5-4676-a7e7-a82f02f738a1/container.db, /home/runner/work/ozone/ozone/hadoop-ozone/integration-test/target/test-dir/MiniOzoneClusterImpl-ff034f8e-8080-4075-bf38-01537132cba4/datanode-1/data-0/containers/hdds/ff034f8e-8080-4075-bf38-01537132cba4/DS-4ff7ff25-ec4a-4dbd-af08-3ce747055142/container.db, /home/runner/work/ozone/ozone/hadoop-ozone/integration-test/target/test-dir/MiniOzoneClusterImpl-ff034f8e-8080-4075-bf38-01537132cba4/datanode-2/data-0/containers/hdds/ff034f8e-8080-4075-bf38-01537132cba4/DS-0a5db851-08f6-41ec-926e-3f2bbdcb6cb4/container.db, /home/runner/work/ozone/ozone/hadoop-ozone/integration-test/target/test-dir/MiniOzoneClusterImpl-ff034f8e-8080-4075-bf38-01537132cba4/datanode-3/data-0/containers/hdds/ff034f8e-8080-4075-bf38-01537132cba4/DS-3334c1b0-5cab-4b36-a341-5d69bc03c20b/container.db]
2023-08-28 09:34:45,806 [ForkJoinPool.commonPool-worker-1] INFO  utils.DatanodeStoreCache (DatanodeStoreCache.java:shutdownCache(110)) - Skip clearing cache in mini cluster mode. Entries left: [/home/runner/work/ozone/ozone/hadoop-ozone/integration-test/target/test-dir/MiniOzoneClusterImpl-ff034f8e-8080-4075-bf38-01537132cba4/datanode-0/data-0/containers/hdds/ff034f8e-8080-4075-bf38-01537132cba4/DS-c8e0584c-a9b5-4676-a7e7-a82f02f738a1/container.db, /home/runner/work/ozone/ozone/hadoop-ozone/integration-test/target/test-dir/MiniOzoneClusterImpl-ff034f8e-8080-4075-bf38-01537132cba4/datanode-1/data-0/containers/hdds/ff034f8e-8080-4075-bf38-01537132cba4/DS-4ff7ff25-ec4a-4dbd-af08-3ce747055142/container.db, /home/runner/work/ozone/ozone/hadoop-ozone/integration-test/target/test-dir/MiniOzoneClusterImpl-ff034f8e-8080-4075-bf38-01537132cba4/datanode-2/data-0/containers/hdds/ff034f8e-8080-4075-bf38-01537132cba4/DS-0a5db851-08f6-41ec-926e-3f2bbdcb6cb4/container.db, /home/runner/work/ozone/ozone/hadoop-ozone/integration-test/target/test-dir/MiniOzoneClusterImpl-ff034f8e-8080-4075-bf38-01537132cba4/datanode-3/data-0/containers/hdds/ff034f8e-8080-4075-bf38-01537132cba4/DS-3334c1b0-5cab-4b36-a341-5d69bc03c20b/container.db]
2023-08-28 09:34:45,811 [ForkJoinPool.commonPool-worker-2] INFO  utils.DatanodeStoreCache (DatanodeStoreCache.java:removeDB(104)) - Removed db /home/runner/work/ozone/ozone/hadoop-ozone/integration-test/target/test-dir/MiniOzoneClusterImpl-ff034f8e-8080-4075-bf38-01537132cba4/datanode-0/data-0/containers/hdds/ff034f8e-8080-4075-bf38-01537132cba4/DS-c8e0584c-a9b5-4676-a7e7-a82f02f738a1/container.db from cache
2023-08-28 09:34:45,812 [ForkJoinPool.commonPool-worker-2] INFO  volume.HddsVolume (HddsVolume.java:closeDbStore(453)) - SchemaV3 db is stopped at /home/runner/work/ozone/ozone/hadoop-ozone/integration-test/target/test-dir/MiniOzoneClusterImpl-ff034f8e-8080-4075-bf38-01537132cba4/datanode-0/data-0/containers/hdds/ff034f8e-8080-4075-bf38-01537132cba4/DS-c8e0584c-a9b5-4676-a7e7-a82f02f738a1/container.db for volume DS-c8e0584c-a9b5-4676-a7e7-a82f02f738a1
2023-08-28 09:34:45,812 [ForkJoinPool.commonPool-worker-1] INFO  utils.DatanodeStoreCache (DatanodeStoreCache.java:removeDB(104)) - Removed db /home/runner/work/ozone/ozone/hadoop-ozone/integration-test/target/test-dir/MiniOzoneClusterImpl-ff034f8e-8080-4075-bf38-01537132cba4/datanode-3/data-0/containers/hdds/ff034f8e-8080-4075-bf38-01537132cba4/DS-3334c1b0-5cab-4b36-a341-5d69bc03c20b/container.db from cache
2023-08-28 09:34:45,812 [ForkJoinPool.commonPool-worker-1] INFO  volume.HddsVolume (HddsVolume.java:closeDbStore(453)) - SchemaV3 db is stopped at /home/runner/work/ozone/ozone/hadoop-ozone/integration-test/target/test-dir/MiniOzoneClusterImpl-ff034f8e-8080-4075-bf38-01537132cba4/datanode-3/data-0/containers/hdds/ff034f8e-8080-4075-bf38-01537132cba4/DS-3334c1b0-5cab-4b36-a341-5d69bc03c20b/container.db for volume DS-3334c1b0-5cab-4b36-a341-5d69bc03c20b
2023-08-28 09:34:45,814 [ForkJoinPool.commonPool-worker-2] INFO  utils.BackgroundService (BackgroundService.java:shutdown(141)) - Shutting down service BlockDeletingService
2023-08-28 09:34:45,814 [ForkJoinPool.commonPool-worker-1] INFO  utils.BackgroundService (BackgroundService.java:shutdown(141)) - Shutting down service BlockDeletingService
2023-08-28 09:34:45,815 [ForkJoinPool.commonPool-worker-2] INFO  utils.BackgroundService (BackgroundService.java:shutdown(141)) - Shutting down service StaleRecoveringContainerScrubbingService
2023-08-28 09:34:45,815 [ForkJoinPool.commonPool-worker-1] INFO  utils.BackgroundService (BackgroundService.java:shutdown(141)) - Shutting down service StaleRecoveringContainerScrubbingService
2023-08-28 09:34:45,815 [ForkJoinPool.commonPool-worker-2] INFO  statemachine.DatanodeStateMachine (DatanodeStateMachine.java:stopDaemon(620)) - Ozone container server stopped.
2023-08-28 09:34:45,816 [ForkJoinPool.commonPool-worker-1] INFO  statemachine.DatanodeStateMachine (DatanodeStateMachine.java:stopDaemon(620)) - Ozone container server stopped.
2023-08-28 09:34:45,817 [main] INFO  utils.DatanodeStoreCache (DatanodeStoreCache.java:shutdownCache(110)) - Skip clearing cache in mini cluster mode. Entries left: [/home/runner/work/ozone/ozone/hadoop-ozone/integration-test/target/test-dir/MiniOzoneClusterImpl-ff034f8e-8080-4075-bf38-01537132cba4/datanode-1/data-0/containers/hdds/ff034f8e-8080-4075-bf38-01537132cba4/DS-4ff7ff25-ec4a-4dbd-af08-3ce747055142/container.db, /home/runner/work/ozone/ozone/hadoop-ozone/integration-test/target/test-dir/MiniOzoneClusterImpl-ff034f8e-8080-4075-bf38-01537132cba4/datanode-2/data-0/containers/hdds/ff034f8e-8080-4075-bf38-01537132cba4/DS-0a5db851-08f6-41ec-926e-3f2bbdcb6cb4/container.db]
2023-08-28 09:34:45,817 [ForkJoinPool.commonPool-worker-3] INFO  utils.DatanodeStoreCache (DatanodeStoreCache.java:shutdownCache(110)) - Skip clearing cache in mini cluster mode. Entries left: [/home/runner/work/ozone/ozone/hadoop-ozone/integration-test/target/test-dir/MiniOzoneClusterImpl-ff034f8e-8080-4075-bf38-01537132cba4/datanode-1/data-0/containers/hdds/ff034f8e-8080-4075-bf38-01537132cba4/DS-4ff7ff25-ec4a-4dbd-af08-3ce747055142/container.db, /home/runner/work/ozone/ozone/hadoop-ozone/integration-test/target/test-dir/MiniOzoneClusterImpl-ff034f8e-8080-4075-bf38-01537132cba4/datanode-2/data-0/containers/hdds/ff034f8e-8080-4075-bf38-01537132cba4/DS-0a5db851-08f6-41ec-926e-3f2bbdcb6cb4/container.db]
2023-08-28 09:34:45,819 [ForkJoinPool.commonPool-worker-3] INFO  utils.DatanodeStoreCache (DatanodeStoreCache.java:removeDB(104)) - Removed db /home/runner/work/ozone/ozone/hadoop-ozone/integration-test/target/test-dir/MiniOzoneClusterImpl-ff034f8e-8080-4075-bf38-01537132cba4/datanode-1/data-0/containers/hdds/ff034f8e-8080-4075-bf38-01537132cba4/DS-4ff7ff25-ec4a-4dbd-af08-3ce747055142/container.db from cache
2023-08-28 09:34:45,819 [ForkJoinPool.commonPool-worker-3] INFO  volume.HddsVolume (HddsVolume.java:closeDbStore(453)) - SchemaV3 db is stopped at /home/runner/work/ozone/ozone/hadoop-ozone/integration-test/target/test-dir/MiniOzoneClusterImpl-ff034f8e-8080-4075-bf38-01537132cba4/datanode-1/data-0/containers/hdds/ff034f8e-8080-4075-bf38-01537132cba4/DS-4ff7ff25-ec4a-4dbd-af08-3ce747055142/container.db for volume DS-4ff7ff25-ec4a-4dbd-af08-3ce747055142
2023-08-28 09:34:45,819 [ForkJoinPool.commonPool-worker-3] INFO  utils.BackgroundService (BackgroundService.java:shutdown(141)) - Shutting down service BlockDeletingService
2023-08-28 09:34:45,820 [main] INFO  utils.DatanodeStoreCache (DatanodeStoreCache.java:removeDB(104)) - Removed db /home/runner/work/ozone/ozone/hadoop-ozone/integration-test/target/test-dir/MiniOzoneClusterImpl-ff034f8e-8080-4075-bf38-01537132cba4/datanode-2/data-0/containers/hdds/ff034f8e-8080-4075-bf38-01537132cba4/DS-0a5db851-08f6-41ec-926e-3f2bbdcb6cb4/container.db from cache
2023-08-28 09:34:45,821 [main] INFO  volume.HddsVolume (HddsVolume.java:closeDbStore(453)) - SchemaV3 db is stopped at /home/runner/work/ozone/ozone/hadoop-ozone/integration-test/target/test-dir/MiniOzoneClusterImpl-ff034f8e-8080-4075-bf38-01537132cba4/datanode-2/data-0/containers/hdds/ff034f8e-8080-4075-bf38-01537132cba4/DS-0a5db851-08f6-41ec-926e-3f2bbdcb6cb4/container.db for volume DS-0a5db851-08f6-41ec-926e-3f2bbdcb6cb4
2023-08-28 09:34:45,821 [main] INFO  utils.BackgroundService (BackgroundService.java:shutdown(141)) - Shutting down service BlockDeletingService
2023-08-28 09:34:45,822 [main] INFO  utils.BackgroundService (BackgroundService.java:shutdown(141)) - Shutting down service StaleRecoveringContainerScrubbingService
2023-08-28 09:34:45,822 [main] INFO  statemachine.DatanodeStateMachine (DatanodeStateMachine.java:stopDaemon(620)) - Ozone container server stopped.
2023-08-28 09:34:45,828 [ForkJoinPool.commonPool-worker-3] INFO  utils.BackgroundService (BackgroundService.java:shutdown(141)) - Shutting down service StaleRecoveringContainerScrubbingService
2023-08-28 09:34:45,829 [ForkJoinPool.commonPool-worker-3] INFO  statemachine.DatanodeStateMachine (DatanodeStateMachine.java:stopDaemon(620)) - Ozone container server stopped.
2023-08-28 09:34:45,849 [ForkJoinPool.commonPool-worker-2] INFO  handler.ContextHandler (ContextHandler.java:doStop(1159)) - Stopped o.e.j.w.WebAppContext@505d09b0{hddsDatanode,/,null,STOPPED}{jar:file:/home/runner/.m2/repository/org/apache/ozone/hdds-container-service/1.4.0-SNAPSHOT/hdds-container-service-1.4.0-SNAPSHOT.jar!/webapps/hddsDatanode}
2023-08-28 09:34:45,850 [main] INFO  handler.ContextHandler (ContextHandler.java:doStop(1159)) - Stopped o.e.j.w.WebAppContext@5e484f15{hddsDatanode,/,null,STOPPED}{jar:file:/home/runner/.m2/repository/org/apache/ozone/hdds-container-service/1.4.0-SNAPSHOT/hdds-container-service-1.4.0-SNAPSHOT.jar!/webapps/hddsDatanode}
2023-08-28 09:34:45,852 [ForkJoinPool.commonPool-worker-2] INFO  server.AbstractConnector (AbstractConnector.java:doStop(383)) - Stopped ServerConnector@6a05679a{HTTP/1.1, (http/1.1)}{0.0.0.0:15115}
2023-08-28 09:34:45,852 [ForkJoinPool.commonPool-worker-2] INFO  server.session (HouseKeeper.java:stopScavenging(149)) - node0 Stopped scavenging
2023-08-28 09:34:45,852 [main] INFO  server.AbstractConnector (AbstractConnector.java:doStop(383)) - Stopped ServerConnector@23897113{HTTP/1.1, (http/1.1)}{0.0.0.0:15133}
2023-08-28 09:34:45,853 [main] INFO  server.session (HouseKeeper.java:stopScavenging(149)) - node0 Stopped scavenging
2023-08-28 09:34:45,856 [main] INFO  handler.ContextHandler (ContextHandler.java:doStop(1159)) - Stopped o.e.j.s.ServletContextHandler@35007ef{static,/static,jar:file:/home/runner/.m2/repository/org/apache/ozone/hdds-container-service/1.4.0-SNAPSHOT/hdds-container-service-1.4.0-SNAPSHOT.jar!/webapps/static,STOPPED}
2023-08-28 09:34:45,856 [main] INFO  handler.ContextHandler (ContextHandler.java:doStop(1159)) - Stopped o.e.j.s.ServletContextHandler@57e6d476{logs,/logs,file:///home/runner/work/ozone/ozone/hadoop-ozone/integration-test/target/log,STOPPED}
2023-08-28 09:34:45,860 [ForkJoinPool.commonPool-worker-2] INFO  handler.ContextHandler (ContextHandler.java:doStop(1159)) - Stopped o.e.j.s.ServletContextHandler@7ba24428{static,/static,jar:file:/home/runner/.m2/repository/org/apache/ozone/hdds-container-service/1.4.0-SNAPSHOT/hdds-container-service-1.4.0-SNAPSHOT.jar!/webapps/static,STOPPED}
2023-08-28 09:34:45,861 [ForkJoinPool.commonPool-worker-2] INFO  handler.ContextHandler (ContextHandler.java:doStop(1159)) - Stopped o.e.j.s.ServletContextHandler@41643fec{logs,/logs,file:///home/runner/work/ozone/ozone/hadoop-ozone/integration-test/target/log,STOPPED}
2023-08-28 09:34:45,861 [main] INFO  ozone.HddsDatanodeClientProtocolServer (HddsDatanodeClientProtocolServer.java:stop(78)) - Stopping the RPC server for Client Protocol
2023-08-28 09:34:45,862 [main] INFO  ipc.Server (Server.java:stop(3523)) - Stopping server on 15134
2023-08-28 09:34:45,862 [ForkJoinPool.commonPool-worker-2] INFO  ozone.HddsDatanodeClientProtocolServer (HddsDatanodeClientProtocolServer.java:stop(78)) - Stopping the RPC server for Client Protocol
2023-08-28 09:34:45,862 [IPC Server listener on 15134] INFO  ipc.Server (Server.java:run(1434)) - Stopping IPC Server listener on 15134
2023-08-28 09:34:45,862 [IPC Server Responder] INFO  ipc.Server (Server.java:run(1567)) - Stopping IPC Server Responder
2023-08-28 09:34:45,867 [ForkJoinPool.commonPool-worker-2] INFO  ipc.Server (Server.java:stop(3523)) - Stopping server on 15116
2023-08-28 09:34:45,867 [IPC Server listener on 15116] INFO  ipc.Server (Server.java:run(1434)) - Stopping IPC Server listener on 15116
2023-08-28 09:34:45,868 [ForkJoinPool.commonPool-worker-1] INFO  handler.ContextHandler (ContextHandler.java:doStop(1159)) - Stopped o.e.j.w.WebAppContext@462d2fbf{hddsDatanode,/,null,STOPPED}{jar:file:/home/runner/.m2/repository/org/apache/ozone/hdds-container-service/1.4.0-SNAPSHOT/hdds-container-service-1.4.0-SNAPSHOT.jar!/webapps/hddsDatanode}
2023-08-28 09:34:45,870 [IPC Server Responder] INFO  ipc.Server (Server.java:run(1567)) - Stopping IPC Server Responder
2023-08-28 09:34:45,873 [ForkJoinPool.commonPool-worker-3] INFO  handler.ContextHandler (ContextHandler.java:doStop(1159)) - Stopped o.e.j.w.WebAppContext@6892e8b8{hddsDatanode,/,null,STOPPED}{jar:file:/home/runner/.m2/repository/org/apache/ozone/hdds-container-service/1.4.0-SNAPSHOT/hdds-container-service-1.4.0-SNAPSHOT.jar!/webapps/hddsDatanode}
2023-08-28 09:34:45,874 [ForkJoinPool.commonPool-worker-1] INFO  server.AbstractConnector (AbstractConnector.java:doStop(383)) - Stopped ServerConnector@35d43d72{HTTP/1.1, (http/1.1)}{0.0.0.0:15142}
2023-08-28 09:34:45,874 [ForkJoinPool.commonPool-worker-1] INFO  server.session (HouseKeeper.java:stopScavenging(149)) - node0 Stopped scavenging
2023-08-28 09:34:45,874 [ForkJoinPool.commonPool-worker-1] INFO  handler.ContextHandler (ContextHandler.java:doStop(1159)) - Stopped o.e.j.s.ServletContextHandler@6e46f6ca{static,/static,jar:file:/home/runner/.m2/repository/org/apache/ozone/hdds-container-service/1.4.0-SNAPSHOT/hdds-container-service-1.4.0-SNAPSHOT.jar!/webapps/static,STOPPED}
2023-08-28 09:34:45,875 [ForkJoinPool.commonPool-worker-1] INFO  handler.ContextHandler (ContextHandler.java:doStop(1159)) - Stopped o.e.j.s.ServletContextHandler@5ed48263{logs,/logs,file:///home/runner/work/ozone/ozone/hadoop-ozone/integration-test/target/log,STOPPED}
2023-08-28 09:34:45,877 [ForkJoinPool.commonPool-worker-1] INFO  ozone.HddsDatanodeClientProtocolServer (HddsDatanodeClientProtocolServer.java:stop(78)) - Stopping the RPC server for Client Protocol
2023-08-28 09:34:45,878 [ForkJoinPool.commonPool-worker-1] INFO  ipc.Server (Server.java:stop(3523)) - Stopping server on 15143
2023-08-28 09:34:45,879 [IPC Server listener on 15143] INFO  ipc.Server (Server.java:run(1434)) - Stopping IPC Server listener on 15143
2023-08-28 09:34:45,879 [ForkJoinPool.commonPool-worker-3] INFO  server.AbstractConnector (AbstractConnector.java:doStop(383)) - Stopped ServerConnector@54fc62a9{HTTP/1.1, (http/1.1)}{0.0.0.0:15124}
2023-08-28 09:34:45,879 [ForkJoinPool.commonPool-worker-3] INFO  server.session (HouseKeeper.java:stopScavenging(149)) - node0 Stopped scavenging
2023-08-28 09:34:45,879 [IPC Server Responder] INFO  ipc.Server (Server.java:run(1567)) - Stopping IPC Server Responder
2023-08-28 09:34:45,881 [ForkJoinPool.commonPool-worker-3] INFO  handler.ContextHandler (ContextHandler.java:doStop(1159)) - Stopped o.e.j.s.ServletContextHandler@6ee7ce52{static,/static,jar:file:/home/runner/.m2/repository/org/apache/ozone/hdds-container-service/1.4.0-SNAPSHOT/hdds-container-service-1.4.0-SNAPSHOT.jar!/webapps/static,STOPPED}
2023-08-28 09:34:45,883 [ForkJoinPool.commonPool-worker-3] INFO  handler.ContextHandler (ContextHandler.java:doStop(1159)) - Stopped o.e.j.s.ServletContextHandler@22327c82{logs,/logs,file:///home/runner/work/ozone/ozone/hadoop-ozone/integration-test/target/log,STOPPED}
2023-08-28 09:34:45,884 [ForkJoinPool.commonPool-worker-3] INFO  ozone.HddsDatanodeClientProtocolServer (HddsDatanodeClientProtocolServer.java:stop(78)) - Stopping the RPC server for Client Protocol
2023-08-28 09:34:45,884 [ForkJoinPool.commonPool-worker-3] INFO  ipc.Server (Server.java:stop(3523)) - Stopping server on 15125
2023-08-28 09:34:45,884 [IPC Server listener on 15125] INFO  ipc.Server (Server.java:run(1434)) - Stopping IPC Server listener on 15125
2023-08-28 09:34:45,885 [IPC Server Responder] INFO  ipc.Server (Server.java:run(1567)) - Stopping IPC Server Responder
2023-08-28 09:34:45,889 [main] INFO  ozone.MiniOzoneClusterImpl (MiniOzoneClusterImpl.java:stopSCM(543)) - Stopping the StorageContainerManager
2023-08-28 09:34:45,889 [main] INFO  server.StorageContainerManager (StorageContainerManager.java:stop(1591)) - Container Balancer is not running.
2023-08-28 09:34:45,889 [main] INFO  server.StorageContainerManager (StorageContainerManager.java:stopReplicationManager(1724)) - Stopping Replication Manager Service.
2023-08-28 09:34:45,889 [main] INFO  replication.ReplicationManager (ReplicationManager.java:stop(323)) - Stopping Replication Monitor Thread.
2023-08-28 09:34:45,889 [main] INFO  server.StorageContainerManager (StorageContainerManager.java:stop(1600)) - Stopping the Datanode Admin Monitor.
2023-08-28 09:34:45,890 [Over Replicated Processor] WARN  replication.UnhealthyReplicationProcessor (UnhealthyReplicationProcessor.java:run(180)) - Over Replicated Processor interrupted. Exiting...
2023-08-28 09:34:45,890 [ReplicationMonitor] INFO  replication.ReplicationManager (ReplicationManager.java:run(921)) - Replication Monitor Thread is stopped
2023-08-28 09:34:45,890 [Under Replicated Processor] WARN  replication.UnhealthyReplicationProcessor (UnhealthyReplicationProcessor.java:run(180)) - Under Replicated Processor interrupted. Exiting...
2023-08-28 09:34:45,890 [main] INFO  server.StorageContainerManager (StorageContainerManager.java:stop(1607)) - Stopping datanode service RPC server
2023-08-28 09:34:45,890 [main] INFO  server.SCMDatanodeProtocolServer (SCMDatanodeProtocolServer.java:stop(424)) - Stopping the RPC server for DataNodes
2023-08-28 09:34:45,890 [main] INFO  ipc.Server (Server.java:stop(3523)) - Stopping server on 15108
2023-08-28 09:34:45,895 [IPC Server listener on 15108] INFO  ipc.Server (Server.java:run(1434)) - Stopping IPC Server listener on 15108
2023-08-28 09:34:45,895 [IPC Server Responder] INFO  ipc.Server (Server.java:run(1567)) - Stopping IPC Server Responder
2023-08-28 09:34:45,919 [SCM Heartbeat Processing Thread - 0] WARN  node.NodeStateManager (NodeStateManager.java:scheduleNextHealthCheck(874)) - Current Thread is interrupted, shutting down HB processing thread for Node Manager.
2023-08-28 09:34:45,920 [main] INFO  server.StorageContainerManager (StorageContainerManager.java:stop(1615)) - Stopping block service RPC server
2023-08-28 09:34:45,920 [main] INFO  server.SCMBlockProtocolServer (SCMBlockProtocolServer.java:stop(161)) - Stopping the RPC server for Block Protocol
2023-08-28 09:34:45,920 [main] INFO  ipc.Server (Server.java:stop(3523)) - Stopping server on 15107
2023-08-28 09:34:45,922 [IPC Server Responder] INFO  ipc.Server (Server.java:run(1567)) - Stopping IPC Server Responder
2023-08-28 09:34:45,923 [IPC Server listener on 15107] INFO  ipc.Server (Server.java:run(1434)) - Stopping IPC Server listener on 15107
2023-08-28 09:34:45,923 [main] INFO  server.StorageContainerManager (StorageContainerManager.java:stop(1622)) - Stopping the StorageContainerLocationProtocol RPC server
2023-08-28 09:34:45,923 [main] INFO  server.SCMClientProtocolServer (SCMClientProtocolServer.java:stop(210)) - Stopping the RPC server for Client Protocol
2023-08-28 09:34:45,923 [main] INFO  ipc.Server (Server.java:stop(3523)) - Stopping server on 15106
2023-08-28 09:34:45,925 [IPC Server listener on 15106] INFO  ipc.Server (Server.java:run(1434)) - Stopping IPC Server listener on 15106
2023-08-28 09:34:45,925 [IPC Server Responder] INFO  ipc.Server (Server.java:run(1567)) - Stopping IPC Server Responder
2023-08-28 09:34:45,925 [main] INFO  server.StorageContainerManager (StorageContainerManager.java:stop(1629)) - Stopping Storage Container Manager HTTP server.
2023-08-28 09:34:45,926 [main] INFO  handler.ContextHandler (ContextHandler.java:doStop(1159)) - Stopped o.e.j.w.WebAppContext@6efffd0b{scm,/,null,STOPPED}{file:/home/runner/work/ozone/ozone/hadoop-ozone/integration-test/target/test-classes/webapps/scm}
2023-08-28 09:34:45,927 [main] INFO  server.AbstractConnector (AbstractConnector.java:doStop(383)) - Stopped ServerConnector@7229114e{HTTP/1.1, (http/1.1)}{0.0.0.0:15109}
2023-08-28 09:34:45,927 [main] INFO  server.session (HouseKeeper.java:stopScavenging(149)) - node0 Stopped scavenging
2023-08-28 09:34:45,927 [main] INFO  handler.ContextHandler (ContextHandler.java:doStop(1159)) - Stopped o.e.j.s.ServletContextHandler@4cc5d71d{static,/static,file:///home/runner/work/ozone/ozone/hadoop-ozone/integration-test/target/test-classes/webapps/static,STOPPED}
2023-08-28 09:34:45,927 [main] INFO  handler.ContextHandler (ContextHandler.java:doStop(1159)) - Stopped o.e.j.s.ServletContextHandler@6e746639{logs,/logs,file:///home/runner/work/ozone/ozone/hadoop-ozone/integration-test/target/log,STOPPED}
2023-08-28 09:34:45,928 [main] INFO  server.StorageContainerManager (StorageContainerManager.java:stop(1637)) - Stopping SCM LayoutVersionManager Service.
2023-08-28 09:34:45,928 [main] INFO  server.StorageContainerManager (StorageContainerManager.java:stop(1649)) - Stopping Block Manager Service.
2023-08-28 09:34:45,928 [main] INFO  utils.BackgroundService (BackgroundService.java:shutdown(141)) - Shutting down service SCMBlockDeletingService
2023-08-28 09:34:45,928 [main] INFO  utils.BackgroundService (BackgroundService.java:shutdown(141)) - Shutting down service SCMBlockDeletingService
2023-08-28 09:34:45,929 [main] INFO  server.StorageContainerManager (StorageContainerManager.java:stop(1669)) - Stopping SCM Event Queue.
2023-08-28 09:34:45,930 [JvmPauseMonitor14] INFO  util.JvmPauseMonitor (JvmPauseMonitor.java:run(109)) - JvmPauseMonitor-8692bce6-2e3b-4507-ab11-05510610508a: Stopped
2023-08-28 09:34:45,930 [main] INFO  server.StorageContainerManager (StorageContainerManager.java:stop(1680)) - Stopping SCM HA services.
2023-08-28 09:34:45,930 [main] INFO  pipeline.BackgroundPipelineCreator (BackgroundPipelineCreator.java:stop(149)) - Stopping RatisPipelineUtilsThread.
2023-08-28 09:34:45,930 [RatisPipelineUtilsThread - 0] WARN  pipeline.BackgroundPipelineCreator (BackgroundPipelineCreator.java:run(180)) - RatisPipelineUtilsThread is interrupted.
2023-08-28 09:34:45,931 [BackgroundPipelineScrubberThread] WARN  BackgroundPipelineScrubber (BackgroundSCMService.java:run(115)) - BackgroundPipelineScrubber is interrupted, exit
2023-08-28 09:34:45,931 [main] INFO  BackgroundPipelineScrubber (BackgroundSCMService.java:stop(131)) - Stopping BackgroundPipelineScrubber Service.
2023-08-28 09:34:45,931 [main] INFO  impl.MetricsSystemImpl (MetricsSystemImpl.java:stop(210)) - Stopping HddsDatanode metrics system...
2023-08-28 09:34:45,932 [prometheus] INFO  impl.MetricsSinkAdapter (MetricsSinkAdapter.java:publishMetricsFromQueue(141)) - prometheus thread interrupted.
2023-08-28 09:34:45,934 [main] INFO  impl.MetricsSystemImpl (MetricsSystemImpl.java:stop(216)) - HddsDatanode metrics system stopped.
2023-08-28 09:34:45,934 [main] WARN  pipeline.BackgroundPipelineCreator (BackgroundPipelineCreator.java:stop(145)) - RatisPipelineUtilsThread is not running, just ignore.
2023-08-28 09:34:45,934 [main] INFO  BackgroundPipelineScrubber (BackgroundSCMService.java:stop(126)) - BackgroundPipelineScrubber Service is not running, skip stop.
2023-08-28 09:34:45,934 [main] INFO  ExpiredContainerReplicaOpScrubber (BackgroundSCMService.java:stop(131)) - Stopping ExpiredContainerReplicaOpScrubber Service.
2023-08-28 09:34:45,934 [ExpiredContainerReplicaOpScrubberThread] WARN  ExpiredContainerReplicaOpScrubber (BackgroundSCMService.java:run(115)) - ExpiredContainerReplicaOpScrubber is interrupted, exit
2023-08-28 09:34:45,934 [main] INFO  utils.BackgroundService (BackgroundService.java:shutdown(141)) - Shutting down service SCMBlockDeletingService
2023-08-28 09:34:45,934 [main] INFO  replication.ReplicationManager (ReplicationManager.java:stop(333)) - Replication Monitor Thread is not running.
2023-08-28 09:34:45,934 [main] WARN  balancer.ContainerBalancer (ContainerBalancer.java:stop(326)) - Cannot stop Container Balancer because it's not running or stopping
2023-08-28 09:34:45,934 [Lease Manager-LeaseManager#LeaseMonitor] WARN  lease.LeaseManager (LeaseManager.java:run(272)) - Lease manager is interrupted. Shutting down...
java.lang.InterruptedException
	at java.util.concurrent.locks.AbstractQueuedSynchronizer.doAcquireSharedNanos(AbstractQueuedSynchronizer.java:1039)
	at java.util.concurrent.locks.AbstractQueuedSynchronizer.tryAcquireSharedNanos(AbstractQueuedSynchronizer.java:1328)
	at java.util.concurrent.Semaphore.tryAcquire(Semaphore.java:409)
	at org.apache.hadoop.ozone.lease.LeaseManager$LeaseMonitor.run(LeaseManager.java:270)
	at java.lang.Thread.run(Thread.java:750)
2023-08-28 09:34:45,934 [main] INFO  server.StorageContainerManager (StorageContainerManager.java:stop(1715)) - Stopping SCM MetadataStore.
2023-08-28 09:34:45,991 [main] WARN  server.ServerUtils (ServerUtils.java:getScmDbDir(155)) - ozone.scm.db.dirs is not configured. We recommend adding this setting. Falling back to ozone.metadata.dirs instead.
2023-08-28 09:34:45,997 [main] WARN  server.ServerUtils (ServerUtils.java:getScmDbDir(155)) - ozone.scm.db.dirs is not configured. We recommend adding this setting. Falling back to ozone.metadata.dirs instead.
2023-08-28 09:34:45,998 [main] INFO  ha.SCMHANodeDetails (SCMHANodeDetails.java:loadSCMHAConfig(210)) - ServiceID for StorageContainerManager is null
2023-08-28 09:34:45,998 [main] INFO  ha.SCMHANodeDetails (SCMHANodeDetails.java:loadSCMHAConfig(215)) - ozone.scm.default.service.id is not defined, falling back to ozone.scm.service.ids to find serviceID for StorageContainerManager if it is HA enabled cluster
2023-08-28 09:34:45,998 [main] WARN  utils.HAUtils (HAUtils.java:getMetaDir(339)) - ozone.scm.db.dirs is not configured. We recommend adding this setting. Falling back to ozone.metadata.dirs instead.
2023-08-28 09:34:45,999 [main] WARN  db.DBStoreBuilder (DBStoreBuilder.java:applyDBDefinition(166)) - ozone.scm.db.dirs is not configured. We recommend adding this setting. Falling back to ozone.metadata.dirs instead.
2023-08-28 09:34:46,129 [main] INFO  net.NodeSchemaLoader (NodeSchemaLoader.java:loadSchemaFromFile(129)) - Loading schema from [jar:file:/home/runner/.m2/repository/org/apache/ozone/hdds-common/1.4.0-SNAPSHOT/hdds-common-1.4.0-SNAPSHOT.jar!/network-topology-default.xml]
2023-08-28 09:34:46,129 [main] INFO  net.NodeSchemaLoader (NodeSchemaLoader.java:loadSchema(176)) - Loading network topology layer schema file
2023-08-28 09:34:46,132 [main] INFO  upgrade.AbstractLayoutVersionManager (AbstractLayoutVersionManager.java:init(83)) - Initializing Layout version manager with metadata layout = HADOOP_PRC_PORTS_IN_DATANODEDETAILS (version = 7), software layout = HADOOP_PRC_PORTS_IN_DATANODEDETAILS (version = 7)
2023-08-28 09:34:46,133 [main] INFO  ha.SequenceIdGenerator (SequenceIdGenerator.java:upgradeToSequenceId(365)) - upgrade localId to 111677748019200000
2023-08-28 09:34:46,134 [main] INFO  ha.SequenceIdGenerator (SequenceIdGenerator.java:upgradeToSequenceId(375)) - upgrade delTxnId to 0
2023-08-28 09:34:46,134 [main] INFO  ha.SequenceIdGenerator (SequenceIdGenerator.java:upgradeToSequenceId(392)) - upgrade containerId to 0
2023-08-28 09:34:46,135 [main] INFO  ha.SequenceIdGenerator (SequenceIdGenerator.java:upgradeToSequenceId(428)) - upgrade rootCertificateId to 1
2023-08-28 09:34:46,135 [main] INFO  ha.SequenceIdGenerator (SequenceIdGenerator.java:<init>(236)) - Init the HA SequenceIdGenerator.
2023-08-28 09:34:46,136 [main] WARN  server.ServerUtils (ServerUtils.java:sanitizeUserArgs(80)) - ozone.scm.stale.node.interval value = 300000 is larger than max = 100000 based on the key value of ozone.scm.heartbeat.thread.interval, reset to the max value 100000.
2023-08-28 09:34:46,136 [main] WARN  server.ServerUtils (ServerUtils.java:sanitizeUserArgs(80)) - ozone.scm.stale.node.interval value = 300000 is larger than max = 100000 based on the key value of ozone.scm.heartbeat.thread.interval, reset to the max value 100000.
2023-08-28 09:34:46,136 [main] INFO  node.SCMNodeManager (SCMNodeManager.java:<init>(157)) - Entering startup safe mode.
2023-08-28 09:34:46,136 [main] INFO  algorithms.ContainerPlacementPolicyFactory (ContainerPlacementPolicyFactory.java:getPolicyInternal(86)) - Create container placement policy of type org.apache.hadoop.hdds.scm.container.placement.algorithms.SCMContainerPlacementRackAware
2023-08-28 09:34:46,136 [main] INFO  algorithms.ContainerPlacementPolicyFactory (ContainerPlacementPolicyFactory.java:getPolicyInternal(86)) - Create container placement policy of type org.apache.hadoop.hdds.scm.container.placement.algorithms.SCMContainerPlacementRackScatter
2023-08-28 09:34:46,137 [main] INFO  pipeline.PipelineStateManagerImpl (PipelineStateManagerImpl.java:initialize(78)) - No pipeline exists in current db
2023-08-28 09:34:46,137 [main] INFO  algorithms.LeaderChoosePolicyFactory (LeaderChoosePolicyFactory.java:getPolicy(57)) - Create leader choose policy of type org.apache.hadoop.hdds.scm.pipeline.leader.choose.algorithms.MinLeaderCountChoosePolicy
2023-08-28 09:34:46,137 [main] INFO  algorithms.ContainerPlacementPolicyFactory (ContainerPlacementPolicyFactory.java:getPolicyInternal(86)) - Create container placement policy of type org.apache.hadoop.hdds.scm.container.placement.algorithms.SCMContainerPlacementRackScatter
2023-08-28 09:34:46,137 [main] INFO  ha.SCMServiceManager (SCMServiceManager.java:register(42)) - Registering service BackgroundPipelineCreator.
2023-08-28 09:34:46,137 [main] INFO  pipeline.BackgroundPipelineCreator (BackgroundPipelineCreator.java:start(124)) - Starting RatisPipelineUtilsThread.
2023-08-28 09:34:46,137 [main] INFO  BackgroundPipelineScrubber (BackgroundSCMService.java:start(68)) - Starting BackgroundPipelineScrubber Service.
2023-08-28 09:34:46,138 [main] INFO  ha.SCMServiceManager (SCMServiceManager.java:register(42)) - Registering service BackgroundPipelineScrubber.
2023-08-28 09:34:46,138 [main] INFO  ExpiredContainerReplicaOpScrubber (BackgroundSCMService.java:start(68)) - Starting ExpiredContainerReplicaOpScrubber Service.
2023-08-28 09:34:46,138 [main] INFO  ha.SCMServiceManager (SCMServiceManager.java:register(42)) - Registering service ExpiredContainerReplicaOpScrubber.
2023-08-28 09:34:46,139 [main] INFO  algorithms.PipelineChoosePolicyFactory (PipelineChoosePolicyFactory.java:createPipelineChoosePolicyFromClass(78)) - Create pipeline choose policy of type org.apache.hadoop.hdds.scm.pipeline.choose.algorithms.RandomPipelineChoosePolicy
2023-08-28 09:34:46,139 [main] INFO  algorithms.PipelineChoosePolicyFactory (PipelineChoosePolicyFactory.java:createPipelineChoosePolicyFromClass(78)) - Create pipeline choose policy of type org.apache.hadoop.hdds.scm.pipeline.choose.algorithms.RandomPipelineChoosePolicy
2023-08-28 09:34:46,139 [main] INFO  ha.SCMServiceManager (SCMServiceManager.java:register(42)) - Registering service SCMBlockDeletingService.
2023-08-28 09:34:46,140 [main] INFO  replication.ReplicationManager (ReplicationManager.java:start(291)) - Starting Replication Monitor Thread.
2023-08-28 09:34:46,140 [main] INFO  ha.SCMServiceManager (SCMServiceManager.java:register(42)) - Registering service ReplicationManager.
2023-08-28 09:34:46,141 [main] INFO  safemode.ContainerSafeModeRule (ContainerSafeModeRule.java:<init>(90)) - containers with one replica threshold count 0
2023-08-28 09:34:46,141 [main] INFO  safemode.HealthyPipelineSafeModeRule (HealthyPipelineSafeModeRule.java:initializeRule(169)) - Total pipeline count is 0, healthy pipeline threshold count is 1
2023-08-28 09:34:46,141 [main] INFO  safemode.OneReplicaPipelineSafeModeRule (OneReplicaPipelineSafeModeRule.java:initializeRule(180)) - Total pipeline count is 0, pipeline's with at least one datanode reported threshold count is 0
2023-08-28 09:34:46,142 [main] INFO  server.StorageContainerManager (StorageContainerManager.java:<init>(425)) - SCM start with adminUsers: [runner]
2023-08-28 09:34:46,142 [main] INFO  ipc.CallQueueManager (CallQueueManager.java:<init>(90)) - Using callQueue: class java.util.concurrent.LinkedBlockingQueue, queueCapacity: 2000, scheduler: class org.apache.hadoop.ipc.DefaultRpcScheduler, ipcBackoff: false.
2023-08-28 09:34:46,142 [main] INFO  ipc.Server (Server.java:<init>(1287)) - Listener at 0.0.0.0:15161
2023-08-28 09:34:46,142 [Socket Reader #1 for port 15161] INFO  ipc.Server (Server.java:run(1323)) - Starting Socket Reader #1 for port 15161
2023-08-28 09:34:46,144 [ReplicationMonitor] INFO  replication.ReplicationManager (ReplicationManager.java:processAll(365)) - Replication Manager is not ready to run until 3000ms after safemode exit
2023-08-28 09:34:46,144 [main] INFO  ipc.CallQueueManager (CallQueueManager.java:<init>(90)) - Using callQueue: class java.util.concurrent.LinkedBlockingQueue, queueCapacity: 2000, scheduler: class org.apache.hadoop.ipc.DefaultRpcScheduler, ipcBackoff: false.
2023-08-28 09:34:46,145 [main] INFO  ipc.Server (Server.java:<init>(1287)) - Listener at 0.0.0.0:15160
2023-08-28 09:34:46,145 [Socket Reader #1 for port 15160] INFO  ipc.Server (Server.java:run(1323)) - Starting Socket Reader #1 for port 15160
2023-08-28 09:34:46,146 [main] INFO  ipc.CallQueueManager (CallQueueManager.java:<init>(90)) - Using callQueue: class java.util.concurrent.LinkedBlockingQueue, queueCapacity: 2000, scheduler: class org.apache.hadoop.ipc.DefaultRpcScheduler, ipcBackoff: false.
2023-08-28 09:34:46,146 [main] INFO  ipc.Server (Server.java:<init>(1287)) - Listener at 0.0.0.0:15159
2023-08-28 09:34:46,146 [Socket Reader #1 for port 15159] INFO  ipc.Server (Server.java:run(1323)) - Starting Socket Reader #1 for port 15159
2023-08-28 09:34:46,152 [main] INFO  ha.SCMServiceManager (SCMServiceManager.java:register(42)) - Registering service ContainerBalancer.
2023-08-28 09:34:46,152 [main] INFO  server.StorageContainerManager (StorageContainerManager.java:<init>(438)) - 
Container Balancer status:
Key                            Value
Running                        false
Container Balancer Configuration values:
Key                                                Value
Threshold                                          10
Max Datanodes to Involve per Iteration(percent)    20
Max Size to Move per Iteration                     500GB
Max Size Entering Target per Iteration             26GB
Max Size Leaving Source per Iteration              26GB

2023-08-28 09:34:46,152 [main] INFO  ha.SCMContext (SCMContext.java:updateSafeModeStatus(228)) - Update SafeModeStatus from SafeModeStatus{safeModeStatus=true, preCheckPassed=false} to SafeModeStatus{safeModeStatus=true, preCheckPassed=false}.
2023-08-28 09:34:46,152 [main] INFO  server.StorageContainerManager (StorageContainerManager.java:start(1483)) - StorageContainerLocationProtocol RPC server is listening at /0.0.0.0:15159
2023-08-28 09:34:46,154 [main] WARN  impl.MetricsConfig (MetricsConfig.java:loadFirst(136)) - Cannot locate configuration: tried hadoop-metrics2-storagecontainermanager.properties,hadoop-metrics2.properties
2023-08-28 09:34:46,154 [main] INFO  impl.MetricsSystemImpl (MetricsSystemImpl.java:startTimer(378)) - Scheduled Metric snapshot period at 10 second(s).
2023-08-28 09:34:46,155 [main] INFO  impl.MetricsSystemImpl (MetricsSystemImpl.java:start(191)) - StorageContainerManager metrics system started
2023-08-28 09:34:46,158 [main] INFO  impl.MetricsSinkAdapter (MetricsSinkAdapter.java:start(204)) - Sink prometheus started
2023-08-28 09:34:46,158 [main] INFO  impl.MetricsSystemImpl (MetricsSystemImpl.java:registerSink(305)) - Registered sink prometheus
2023-08-28 09:34:46,175 [main] INFO  server.SCMClientProtocolServer (SCMClientProtocolServer.java:start(201)) - RPC server for Client  is listening at /0.0.0.0:15159
2023-08-28 09:34:46,176 [IPC Server Responder] INFO  ipc.Server (Server.java:run(1562)) - IPC Server Responder: starting
2023-08-28 09:34:46,183 [main] INFO  server.StorageContainerManager (StorageContainerManager.java:start(1496)) - ScmBlockLocationProtocol RPC server is listening at /0.0.0.0:15160
2023-08-28 09:34:46,183 [main] INFO  server.SCMBlockProtocolServer (SCMBlockProtocolServer.java:start(152)) - RPC server for Block Protocol is listening at /0.0.0.0:15160
2023-08-28 09:34:46,183 [IPC Server Responder] INFO  ipc.Server (Server.java:run(1562)) - IPC Server Responder: starting
2023-08-28 09:34:46,184 [IPC Server listener on 15160] INFO  ipc.Server (Server.java:run(1402)) - IPC Server listener on 15160: starting
2023-08-28 09:34:46,186 [main] INFO  server.SCMDatanodeProtocolServer (SCMDatanodeProtocolServer.java:start(193)) - ScmDatanodeProtocol RPC server for DataNodes is listening at /0.0.0.0:15161
2023-08-28 09:34:46,187 [IPC Server Responder] INFO  ipc.Server (Server.java:run(1562)) - IPC Server Responder: starting
2023-08-28 09:34:46,187 [IPC Server listener on 15161] INFO  ipc.Server (Server.java:run(1402)) - IPC Server listener on 15161: starting
2023-08-28 09:34:46,193 [IPC Server listener on 15159] INFO  ipc.Server (Server.java:run(1402)) - IPC Server listener on 15159: starting
2023-08-28 09:34:46,193 [main] INFO  http.BaseHttpServer (BaseHttpServer.java:newHttpServer2BuilderForOzone(223)) - Starting Web-server for scm at: http://0.0.0.0:15162
2023-08-28 09:34:46,193 [main] INFO  http.BaseHttpServer (BaseHttpServer.java:<init>(110)) - Hadoop Security Enabled: false Ozone Security Enabled: false Ozone HTTP Security Enabled: false 
2023-08-28 09:34:46,194 [main] WARN  server.AuthenticationFilter (AuthenticationFilter.java:constructSecretProvider(240)) - Unable to initialize FileSignerSecretProvider, falling back to use random secrets. Reason: Could not read signature secret file: /home/runner/hadoop-http-auth-signature-secret
2023-08-28 09:34:46,199 [main] INFO  http.HttpRequestLog (HttpRequestLog.java:getRequestLog(86)) - Http request log for http.requests.scm is not defined
2023-08-28 09:34:46,200 [main] INFO  http.HttpServer2 (HttpServer2.java:addGlobalFilter(1031)) - Added global filter 'safety' (class=org.apache.hadoop.hdds.server.http.HttpServer2$QuotingInputFilter)
2023-08-28 09:34:46,201 [main] INFO  http.HttpServer2 (HttpServer2.java:addFilter(1007)) - Added filter static_user_filter (class=org.apache.hadoop.http.lib.StaticUserWebFilter$StaticUserFilter) to context scm
2023-08-28 09:34:46,201 [main] INFO  http.HttpServer2 (HttpServer2.java:addFilter(1015)) - Added filter static_user_filter (class=org.apache.hadoop.http.lib.StaticUserWebFilter$StaticUserFilter) to context logs
2023-08-28 09:34:46,201 [main] INFO  http.HttpServer2 (HttpServer2.java:addFilter(1015)) - Added filter static_user_filter (class=org.apache.hadoop.http.lib.StaticUserWebFilter$StaticUserFilter) to context static
2023-08-28 09:34:46,202 [main] INFO  http.BaseHttpServer (BaseHttpServer.java:<init>(189)) - HTTP server of scm uses base directory /home/runner/work/ozone/ozone/hadoop-ozone/integration-test/target/test-dir/MiniOzoneClusterImpl-b3d20441-1363-4d90-8b75-dcc1ba5546e4/ozone-meta/webserver
2023-08-28 09:34:46,202 [main] INFO  http.HttpServer2 (HttpServer2.java:bindListener(1231)) - Jetty bound to port 15162
2023-08-28 09:34:46,202 [main] INFO  server.Server (Server.java:doStart(375)) - jetty-9.4.51.v20230217; built: 2023-02-17T08:19:37.309Z; git: b45c405e4544384de066f814ed42ae3dceacdd49; jvm 1.8.0_382-b05
2023-08-28 09:34:46,204 [main] INFO  server.session (DefaultSessionIdManager.java:doStart(334)) - DefaultSessionIdManager workerName=node0
2023-08-28 09:34:46,204 [main] INFO  server.session (DefaultSessionIdManager.java:doStart(339)) - No SessionScavenger set, using defaults
2023-08-28 09:34:46,205 [main] INFO  server.session (HouseKeeper.java:startScavenging(132)) - node0 Scavenging every 660000ms
2023-08-28 09:34:46,206 [main] INFO  handler.ContextHandler (ContextHandler.java:doStart(921)) - Started o.e.j.s.ServletContextHandler@513028e3{logs,/logs,file:///home/runner/work/ozone/ozone/hadoop-ozone/integration-test/target/log,AVAILABLE}
2023-08-28 09:34:46,206 [main] INFO  handler.ContextHandler (ContextHandler.java:doStart(921)) - Started o.e.j.s.ServletContextHandler@4468880e{static,/static,file:///home/runner/work/ozone/ozone/hadoop-ozone/integration-test/target/test-classes/webapps/static,AVAILABLE}
2023-08-28 09:34:46,208 [main] INFO  handler.ContextHandler (ContextHandler.java:doStart(921)) - Started o.e.j.w.WebAppContext@4e76872{scm,/,file:///home/runner/work/ozone/ozone/hadoop-ozone/integration-test/target/test-classes/webapps/scm/,AVAILABLE}{file:/home/runner/work/ozone/ozone/hadoop-ozone/integration-test/target/test-classes/webapps/scm}
2023-08-28 09:34:46,208 [JvmPauseMonitor21] INFO  util.JvmPauseMonitor (JvmPauseMonitor.java:run(103)) - JvmPauseMonitor-acf75b9e-6b4a-4948-9319-2ceea1b54f05: Started
2023-08-28 09:34:46,211 [main] INFO  server.AbstractConnector (AbstractConnector.java:doStart(333)) - Started ServerConnector@3fa5f43a{HTTP/1.1, (http/1.1)}{0.0.0.0:15162}
2023-08-28 09:34:46,211 [main] INFO  server.Server (Server.java:doStart(415)) - Started @234549ms
2023-08-28 09:34:46,211 [main] WARN  impl.MetricsSystemImpl (MetricsSystemImpl.java:register(279)) - Sink prometheus already exists!
2023-08-28 09:34:46,212 [main] INFO  http.BaseHttpServer (BaseHttpServer.java:updateConnectorAddress(354)) - HTTP server of scm listening at http://0.0.0.0:15162
2023-08-28 09:34:46,212 [main] WARN  server.ServerUtils (ServerUtils.java:getDBPath(311)) - ozone.om.db.dirs is not configured. We recommend adding this setting. Falling back to ozone.metadata.dirs instead.
2023-08-28 09:34:46,214 [main] INFO  ha.OMHANodeDetails (OMHANodeDetails.java:loadOMHAConfig(115)) - ozone.om.internal.service.id is not defined, falling back to ozone.om.service.ids to find serviceID for OzoneManager if it is HA enabled cluster
2023-08-28 09:34:46,214 [main] INFO  ha.OMHANodeDetails (OMHANodeDetails.java:loadOMHAConfig(226)) - Configuration does not have ozone.om.address set. Falling back to the default OM address /127.0.0.1:15163
2023-08-28 09:34:46,215 [main] INFO  ha.OMHANodeDetails (OMHANodeDetails.java:getOMNodeDetailsForNonHA(254)) - OM Service ID is not set. Setting it to the default ID: omServiceIdDefault
2023-08-28 09:34:46,215 [main] INFO  ha.OMHANodeDetails (OMHANodeDetails.java:getOMNodeDetailsForNonHA(261)) - OM Node ID is not set. Setting it to the default ID: om1
2023-08-28 09:34:46,215 [main] WARN  server.ServerUtils (ServerUtils.java:getDBPath(311)) - ozone.om.db.dirs is not configured. We recommend adding this setting. Falling back to ozone.metadata.dirs instead.
2023-08-28 09:34:46,216 [main] INFO  upgrade.AbstractLayoutVersionManager (AbstractLayoutVersionManager.java:init(83)) - Initializing Layout version manager with metadata layout = QUOTA (version = 6), software layout = QUOTA (version = 6)
2023-08-28 09:34:46,292 [main] INFO  reflections.Reflections (Reflections.java:scan(232)) - Reflections took 75 ms to scan 2 urls, producing 188 keys and 512 values [using 2 cores]
2023-08-28 09:34:46,293 [main] INFO  upgrade.OMLayoutVersionManager (OMLayoutVersionManager.java:lambda$0(115)) - Skipping Upgrade Action MockOmUpgradeAction since it has been finalized.
2023-08-28 09:34:46,293 [main] INFO  upgrade.OMLayoutVersionManager (OMLayoutVersionManager.java:lambda$0(115)) - Skipping Upgrade Action QuotaRepairUpgradeAction since it has been finalized.
2023-08-28 09:34:46,293 [main] WARN  server.ServerUtils (ServerUtils.java:getDBPath(311)) - ozone.om.db.dirs is not configured. We recommend adding this setting. Falling back to ozone.metadata.dirs instead.
2023-08-28 09:34:46,294 [main] INFO  proxy.SCMBlockLocationFailoverProxyProvider (SCMBlockLocationFailoverProxyProvider.java:<init>(114)) - Created block location fail-over proxy with 1 nodes: [nodeId=scmNodeId,nodeAddress=/0.0.0.0:15160]
2023-08-28 09:34:46,296 [main] INFO  proxy.SCMBlockLocationFailoverProxyProvider (SCMBlockLocationFailoverProxyProvider.java:<init>(114)) - Created block location fail-over proxy with 1 nodes: [nodeId=scmNodeId,nodeAddress=/0.0.0.0:15160]
2023-08-28 09:34:46,306 [main] INFO  om.OzoneManager (OzoneManager.java:<init>(662)) - OM start with adminUsers: [runner]
2023-08-28 09:34:46,307 [main] WARN  server.ServerUtils (ServerUtils.java:getDBPath(311)) - ozone.om.db.dirs is not configured. We recommend adding this setting. Falling back to ozone.metadata.dirs instead.
2023-08-28 09:34:46,307 [main] INFO  helpers.OmKeyInfo (OmKeyInfo.java:getCodec(71)) - OmKeyInfo.getCodec ignorePipeline = true
2023-08-28 09:34:46,488 [main] INFO  om.OzoneManager (OzoneManager.java:instantiateServices(791)) - S3 Multi-Tenancy is disabled
2023-08-28 09:34:46,489 [main] INFO  om.OmSnapshotManager (OmSnapshotManager.java:<init>(175)) - Ozone filesystem snapshot feature is enabled.
2023-08-28 09:34:46,489 [main] WARN  server.ServerUtils (ServerUtils.java:getDBPath(311)) - ozone.om.snapshot.diff.db.dir is not configured. We recommend adding this setting. Falling back to ozone.metadata.dirs instead.
2023-08-28 09:34:46,515 [main] INFO  snapshot.SnapshotDiffManager (SnapshotDiffManager.java:closeExecutorService(1720)) - Shutting down executorService: 'SstDumpToolExecutor'
2023-08-28 09:34:46,517 [main] INFO  om.OzoneManager (OzoneManager.java:addS3GVolumeToDB(4284)) - Created Volume s3v With Owner runner required for S3Gateway operations.
2023-08-28 09:34:46,517 [main] INFO  om.OzoneManager (OzoneManager.java:getRpcServer(1193)) - Creating RPC Server
2023-08-28 09:34:46,989 [main] INFO  reflections.Reflections (Reflections.java:scan(232)) - Reflections took 470 ms to scan 19 urls, producing 70 keys and 5669 values [using 2 cores]
2023-08-28 09:34:46,990 [main] INFO  ipc.CallQueueManager (CallQueueManager.java:<init>(90)) - Using callQueue: class java.util.concurrent.LinkedBlockingQueue, queueCapacity: 2000, scheduler: class org.apache.hadoop.ipc.DefaultRpcScheduler, ipcBackoff: false.
2023-08-28 09:34:46,990 [main] INFO  ipc.Server (Server.java:<init>(1287)) - Listener at 127.0.0.1:15163
2023-08-28 09:34:46,991 [Socket Reader #1 for port 15163] INFO  ipc.Server (Server.java:run(1323)) - Starting Socket Reader #1 for port 15163
2023-08-28 09:34:47,011 [main] INFO  impl.MetricsSystemImpl (MetricsSystemImpl.java:init(158)) - OzoneManager metrics system started (again)
2023-08-28 09:34:47,022 [main] INFO  om.OzoneManager (OzoneManager.java:start(1613)) - OzoneManager RPC server is listening at localhost/127.0.0.1:15163
2023-08-28 09:34:47,023 [main] INFO  om.OzoneManager (OzoneManager.java:start(1629)) - Version File has different layout version (6) than OM DB (null). That is expected if this OM has never been finalized to a newer layout version.
2023-08-28 09:34:47,026 [main] INFO  http.BaseHttpServer (BaseHttpServer.java:newHttpServer2BuilderForOzone(223)) - Starting Web-server for ozoneManager at: http://0.0.0.0:15164
2023-08-28 09:34:47,026 [main] INFO  http.BaseHttpServer (BaseHttpServer.java:<init>(110)) - Hadoop Security Enabled: false Ozone Security Enabled: false Ozone HTTP Security Enabled: false 
2023-08-28 09:34:47,027 [main] WARN  server.AuthenticationFilter (AuthenticationFilter.java:constructSecretProvider(240)) - Unable to initialize FileSignerSecretProvider, falling back to use random secrets. Reason: Could not read signature secret file: /home/runner/hadoop-http-auth-signature-secret
2023-08-28 09:34:47,027 [main] INFO  http.HttpRequestLog (HttpRequestLog.java:getRequestLog(86)) - Http request log for http.requests.ozoneManager is not defined
2023-08-28 09:34:47,029 [main] INFO  http.HttpServer2 (HttpServer2.java:addGlobalFilter(1031)) - Added global filter 'safety' (class=org.apache.hadoop.hdds.server.http.HttpServer2$QuotingInputFilter)
2023-08-28 09:34:47,030 [main] INFO  http.HttpServer2 (HttpServer2.java:addFilter(1007)) - Added filter static_user_filter (class=org.apache.hadoop.http.lib.StaticUserWebFilter$StaticUserFilter) to context ozoneManager
2023-08-28 09:34:47,030 [main] INFO  http.HttpServer2 (HttpServer2.java:addFilter(1015)) - Added filter static_user_filter (class=org.apache.hadoop.http.lib.StaticUserWebFilter$StaticUserFilter) to context static
2023-08-28 09:34:47,030 [main] INFO  http.HttpServer2 (HttpServer2.java:addFilter(1015)) - Added filter static_user_filter (class=org.apache.hadoop.http.lib.StaticUserWebFilter$StaticUserFilter) to context logs
2023-08-28 09:34:47,030 [main] INFO  http.BaseHttpServer (BaseHttpServer.java:<init>(189)) - HTTP server of ozoneManager uses base directory /home/runner/work/ozone/ozone/hadoop-ozone/integration-test/target/test-dir/MiniOzoneClusterImpl-b3d20441-1363-4d90-8b75-dcc1ba5546e4/ozone-meta/webserver
2023-08-28 09:34:47,031 [main] INFO  http.HttpServer2 (HttpServer2.java:bindListener(1231)) - Jetty bound to port 15164
2023-08-28 09:34:47,031 [main] INFO  server.Server (Server.java:doStart(375)) - jetty-9.4.51.v20230217; built: 2023-02-17T08:19:37.309Z; git: b45c405e4544384de066f814ed42ae3dceacdd49; jvm 1.8.0_382-b05
2023-08-28 09:34:47,032 [main] INFO  server.session (DefaultSessionIdManager.java:doStart(334)) - DefaultSessionIdManager workerName=node0
2023-08-28 09:34:47,032 [main] INFO  server.session (DefaultSessionIdManager.java:doStart(339)) - No SessionScavenger set, using defaults
2023-08-28 09:34:47,032 [main] INFO  server.session (HouseKeeper.java:startScavenging(132)) - node0 Scavenging every 660000ms
2023-08-28 09:34:47,032 [main] INFO  handler.ContextHandler (ContextHandler.java:doStart(921)) - Started o.e.j.s.ServletContextHandler@2d46f3b9{logs,/logs,file:///home/runner/work/ozone/ozone/hadoop-ozone/integration-test/target/log,AVAILABLE}
2023-08-28 09:34:47,033 [main] INFO  handler.ContextHandler (ContextHandler.java:doStart(921)) - Started o.e.j.s.ServletContextHandler@429bb757{static,/static,file:///home/runner/work/ozone/ozone/hadoop-ozone/integration-test/target/test-classes/webapps/static,AVAILABLE}
2023-08-28 09:34:47,035 [main] INFO  handler.ContextHandler (ContextHandler.java:doStart(921)) - Started o.e.j.w.WebAppContext@1bb568b1{ozoneManager,/,file:///home/runner/work/ozone/ozone/hadoop-ozone/integration-test/target/test-classes/webapps/ozoneManager/,AVAILABLE}{file:/home/runner/work/ozone/ozone/hadoop-ozone/integration-test/target/test-classes/webapps/ozoneManager}
2023-08-28 09:34:47,037 [main] INFO  server.AbstractConnector (AbstractConnector.java:doStart(333)) - Started ServerConnector@3655a68c{HTTP/1.1, (http/1.1)}{0.0.0.0:15164}
2023-08-28 09:34:47,037 [main] INFO  server.Server (Server.java:doStart(415)) - Started @235374ms
2023-08-28 09:34:47,037 [main] WARN  impl.MetricsSystemImpl (MetricsSystemImpl.java:register(279)) - Sink prometheus already exists!
2023-08-28 09:34:47,037 [main] INFO  http.BaseHttpServer (BaseHttpServer.java:updateConnectorAddress(354)) - HTTP server of ozoneManager listening at http://0.0.0.0:15164
2023-08-28 09:34:47,038 [IPC Server Responder] INFO  ipc.Server (Server.java:run(1562)) - IPC Server Responder: starting
2023-08-28 09:34:47,038 [IPC Server listener on 15163] INFO  ipc.Server (Server.java:run(1402)) - IPC Server listener on 15163: starting
2023-08-28 09:34:47,040 [main] INFO  om.TrashPolicyOzone (TrashPolicyOzone.java:<init>(277)) - Ozone Manager trash configuration: Deletion interval = 0 minutes, Emptier interval = 0 minutes.
2023-08-28 09:34:47,052 [JvmPauseMonitor22] INFO  util.JvmPauseMonitor (JvmPauseMonitor.java:run(103)) - JvmPauseMonitor-4dbab925-ca1a-4119-9b38-af7e2a5f84b8: Started
2023-08-28 09:34:47,068 [main] INFO  impl.MetricsSystemImpl (MetricsSystemImpl.java:init(158)) - HddsDatanode metrics system started (again)
2023-08-28 09:34:47,085 [main] INFO  ozone.HddsDatanodeService (HddsDatanodeService.java:start(237)) - HddsDatanodeService host:fv-az625-77.ififypym2nee5jib2gmjcfh3fc.bx.internal.cloudapp.net ip:10.1.0.27
2023-08-28 09:34:47,105 [main] INFO  upgrade.AbstractLayoutVersionManager (AbstractLayoutVersionManager.java:init(83)) - Initializing Layout version manager with metadata layout = HADOOP_PRC_PORTS_IN_DATANODEDETAILS (version = 7), software layout = HADOOP_PRC_PORTS_IN_DATANODEDETAILS (version = 7)
2023-08-28 09:34:47,106 [main] INFO  statemachine.DatanodeStateMachine (DatanodeStateMachine.java:getEndPointTaskThreadPoolSize(282)) - Datanode State Machine Task Thread Pool size 2
2023-08-28 09:34:47,108 [main] INFO  volume.HddsVolume (HddsVolume.java:<init>(126)) - Creating HddsVolume: /home/runner/work/ozone/ozone/hadoop-ozone/integration-test/target/test-dir/MiniOzoneClusterImpl-b3d20441-1363-4d90-8b75-dcc1ba5546e4/datanode-0/data-0/containers/hdds of storage type : DISK capacity : 9223372036854775807
2023-08-28 09:34:47,108 [main] INFO  volume.MutableVolumeSet (MutableVolumeSet.java:initializeVolumeSet(173)) - Added Volume : /home/runner/work/ozone/ozone/hadoop-ozone/integration-test/target/test-dir/MiniOzoneClusterImpl-b3d20441-1363-4d90-8b75-dcc1ba5546e4/datanode-0/data-0/containers/hdds to VolumeSet
2023-08-28 09:34:47,109 [main] INFO  volume.MutableVolumeSet (MutableVolumeSet.java:initializeVolumeSet(173)) - Added Volume : /home/runner/work/ozone/ozone/hadoop-ozone/integration-test/target/test-dir/MiniOzoneClusterImpl-b3d20441-1363-4d90-8b75-dcc1ba5546e4/datanode-0/data/ratis to VolumeSet
2023-08-28 09:34:47,109 [Thread-1935] INFO  ozoneimpl.ContainerReader (ContainerReader.java:readVolume(177)) - Finish verifying containers on volume /home/runner/work/ozone/ozone/hadoop-ozone/integration-test/target/test-dir/MiniOzoneClusterImpl-b3d20441-1363-4d90-8b75-dcc1ba5546e4/datanode-0/data-0/containers/hdds
2023-08-28 09:34:47,110 [main] INFO  ozoneimpl.OzoneContainer (OzoneContainer.java:buildContainerSet(314)) - Build ContainerSet costs 0s
2023-08-28 09:34:47,112 [main] INFO  server.RaftServer (ConfUtils.java:logGet(46)) - raft.rpc.type = GRPC (default)
2023-08-28 09:34:47,112 [main] INFO  grpc.GrpcConfigKeys (ConfUtils.java:logFallback(53)) - raft.grpc.admin.host = null (fallback to raft.grpc.server.host)
2023-08-28 09:34:47,112 [main] INFO  grpc.GrpcConfigKeys (ConfUtils.java:logGet(46)) - raft.grpc.admin.port = 15172 (custom)
2023-08-28 09:34:47,112 [main] INFO  grpc.GrpcConfigKeys (ConfUtils.java:logFallback(53)) - raft.grpc.client.host = null (fallback to raft.grpc.server.host)
2023-08-28 09:34:47,112 [main] INFO  grpc.GrpcConfigKeys (ConfUtils.java:logGet(46)) - raft.grpc.client.port = 15171 (custom)
2023-08-28 09:34:47,112 [main] INFO  grpc.GrpcConfigKeys (ConfUtils.java:logGet(46)) - raft.grpc.server.host = null (default)
2023-08-28 09:34:47,113 [main] INFO  grpc.GrpcConfigKeys (ConfUtils.java:logGet(46)) - raft.grpc.server.port = 15173 (custom)
2023-08-28 09:34:47,113 [main] INFO  server.GrpcService (ConfUtils.java:logGet(46)) - raft.grpc.message.size.max = 32MB (=33554432) (custom)
2023-08-28 09:34:47,113 [main] INFO  server.RaftServerConfigKeys (ConfUtils.java:logGet(46)) - raft.server.log.appender.buffer.byte-limit = 33554432 (custom)
2023-08-28 09:34:47,113 [main] INFO  server.GrpcService (ConfUtils.java:logGet(46)) - raft.grpc.flow.control.window = 5MB (=5242880) (custom)
2023-08-28 09:34:47,113 [main] INFO  server.RaftServerConfigKeys (ConfUtils.java:logGet(46)) - raft.server.rpc.request.timeout = 60s (custom)
2023-08-28 09:34:47,113 [main] INFO  grpc.GrpcConfigKeys (ConfUtils.java:logGet(46)) - raft.grpc.server.heartbeat.channel = true (default)
2023-08-28 09:34:47,113 [main] INFO  grpc.GrpcConfigKeys (ConfUtils.java:logGet(46)) - raft.grpc.server.async.request.thread.pool.cached = true (default)
2023-08-28 09:34:47,113 [main] INFO  grpc.GrpcConfigKeys (ConfUtils.java:logGet(46)) - raft.grpc.server.async.request.thread.pool.size = 32 (default)
2023-08-28 09:34:47,116 [main] INFO  impl.DataStreamServerImpl (ConfUtils.java:logGet(46)) - raft.datastream.type = NETTY (custom)
2023-08-28 09:34:47,117 [main] INFO  server.RaftServerConfigKeys (ConfUtils.java:logGet(46)) - raft.server.data-stream.async.request.thread.pool.cached = false (default)
2023-08-28 09:34:47,117 [main] INFO  server.RaftServerConfigKeys (ConfUtils.java:logGet(46)) - raft.server.data-stream.async.request.thread.pool.size = 20 (custom)
2023-08-28 09:34:47,117 [main] INFO  server.RaftServerConfigKeys (ConfUtils.java:logGet(46)) - raft.server.data-stream.async.write.thread.pool.size = 16 (default)
2023-08-28 09:34:47,117 [main] INFO  server.RaftServerConfigKeys (ConfUtils.java:logGet(46)) - raft.server.data-stream.client.pool.size = 10 (default)
2023-08-28 09:34:47,117 [main] INFO  netty.NettyConfigKeys$DataStream (ConfUtils.java:logGet(46)) - raft.netty.dataStream.server.use-epoll = false (default)
2023-08-28 09:34:47,117 [main] INFO  netty.NettyConfigKeys$DataStream (ConfUtils.java:logGet(46)) - raft.netty.dataStream.server.boss-group.size = 0 (default)
2023-08-28 09:34:47,117 [main] INFO  netty.NettyConfigKeys$DataStream (ConfUtils.java:logGet(46)) - raft.netty.dataStream.server.worker-group.size = 0 (default)
2023-08-28 09:34:47,119 [main] INFO  netty.NettyConfigKeys$DataStream (ConfUtils.java:logGet(46)) - raft.netty.dataStream.server.tls.conf = null (default)
2023-08-28 09:34:47,119 [main] INFO  netty.NettyConfigKeys$DataStream (ConfUtils.java:logGet(46)) - raft.netty.dataStream.host = null (default)
2023-08-28 09:34:47,119 [main] INFO  netty.NettyConfigKeys$DataStream (ConfUtils.java:logGet(46)) - raft.netty.dataStream.port = 15174 (custom)
2023-08-28 09:34:47,120 [main] INFO  server.RaftServerConfigKeys (ConfUtils.java:logGet(46)) - raft.server.threadpool.proxy.cached = true (default)
2023-08-28 09:34:47,120 [main] INFO  server.RaftServerConfigKeys (ConfUtils.java:logGet(46)) - raft.server.threadpool.proxy.size = 0 (default)
2023-08-28 09:34:47,121 [main] INFO  server.RaftServerConfigKeys (ConfUtils.java:logGet(46)) - raft.server.rpc.slowness.timeout = 300s (custom)
2023-08-28 09:34:47,121 [main] INFO  server.RaftServerConfigKeys (ConfUtils.java:logGet(46)) - raft.server.leaderelection.leader.step-down.wait-time = 10s (default)
2023-08-28 09:34:47,121 [ef3a886b-561e-496b-b271-3b32784cf0be-NettyServerStreamRpc-bossGroup--thread1] INFO  logging.LoggingHandler (AbstractInternalLogger.java:log(148)) - [id: 0xf8adb76f] REGISTERED
2023-08-28 09:34:47,121 [main] INFO  server.RaftServerConfigKeys (ConfUtils.java:logGet(46)) - raft.server.storage.dir = [/home/runner/work/ozone/ozone/hadoop-ozone/integration-test/target/test-dir/MiniOzoneClusterImpl-b3d20441-1363-4d90-8b75-dcc1ba5546e4/datanode-0/data/ratis] (custom)
2023-08-28 09:34:47,121 [ef3a886b-561e-496b-b271-3b32784cf0be-NettyServerStreamRpc-bossGroup--thread1] INFO  logging.LoggingHandler (AbstractInternalLogger.java:log(148)) - [id: 0xf8adb76f] BIND: 0.0.0.0/0.0.0.0:15174
2023-08-28 09:34:47,121 [ef3a886b-561e-496b-b271-3b32784cf0be-NettyServerStreamRpc-bossGroup--thread1] INFO  logging.LoggingHandler (AbstractInternalLogger.java:log(148)) - [id: 0xf8adb76f, L:/0:0:0:0:0:0:0:0:15174] ACTIVE
2023-08-28 09:34:47,121 [ef3a886b-561e-496b-b271-3b32784cf0be-impl-thread1] INFO  server.RaftServer (RaftServerProxy.java:initGroupDir(258)) - ef3a886b-561e-496b-b271-3b32784cf0be: found a subdirectory /home/runner/work/ozone/ozone/hadoop-ozone/integration-test/target/test-dir/MiniOzoneClusterImpl-b3d20441-1363-4d90-8b75-dcc1ba5546e4/datanode-0/data/ratis/tmp
2023-08-28 09:34:47,121 [ef3a886b-561e-496b-b271-3b32784cf0be-impl-thread1] INFO  server.RaftServer (RaftServerProxy.java:initGroupDir(263)) - ef3a886b-561e-496b-b271-3b32784cf0be: The directory /home/runner/work/ozone/ozone/hadoop-ozone/integration-test/target/test-dir/MiniOzoneClusterImpl-b3d20441-1363-4d90-8b75-dcc1ba5546e4/datanode-0/data/ratis/tmp is not a group directory; ignoring it. 
2023-08-28 09:34:47,122 [main] INFO  replication.ReplicationServer (ReplicationServer.java:<init>(81)) - Initializing replication server with thread count = 10
2023-08-28 09:34:47,123 [main] INFO  server.XceiverServerGrpc (XceiverServerGrpc.java:<init>(132)) - GrpcServer channel type EpollServerSocketChannel
2023-08-28 09:34:47,124 [main] INFO  replication.ReplicationSupervisor (ReplicationSupervisor.java:build(155)) - Initializing replication supervisor with thread count = 10
2023-08-28 09:34:47,124 [main] INFO  replication.ReplicationSupervisor (ReplicationSupervisor.java:nodeStateUpdated(307)) - Node state updated to IN_SERVICE, scaling executor pool size to 10
2023-08-28 09:34:47,127 [main] INFO  http.BaseHttpServer (BaseHttpServer.java:newHttpServer2BuilderForOzone(223)) - Starting Web-server for hddsDatanode at: http://0.0.0.0:15168
2023-08-28 09:34:47,128 [main] INFO  http.BaseHttpServer (BaseHttpServer.java:<init>(110)) - Hadoop Security Enabled: false Ozone Security Enabled: false Ozone HTTP Security Enabled: false 
2023-08-28 09:34:47,129 [main] WARN  server.AuthenticationFilter (AuthenticationFilter.java:constructSecretProvider(240)) - Unable to initialize FileSignerSecretProvider, falling back to use random secrets. Reason: Could not read signature secret file: /home/runner/hadoop-http-auth-signature-secret
2023-08-28 09:34:47,131 [main] INFO  http.HttpRequestLog (HttpRequestLog.java:getRequestLog(86)) - Http request log for http.requests.hddsDatanode is not defined
2023-08-28 09:34:47,132 [main] INFO  http.HttpServer2 (HttpServer2.java:addGlobalFilter(1031)) - Added global filter 'safety' (class=org.apache.hadoop.hdds.server.http.HttpServer2$QuotingInputFilter)
2023-08-28 09:34:47,132 [main] INFO  http.HttpServer2 (HttpServer2.java:addFilter(1007)) - Added filter static_user_filter (class=org.apache.hadoop.http.lib.StaticUserWebFilter$StaticUserFilter) to context hddsDatanode
2023-08-28 09:34:47,133 [main] INFO  http.HttpServer2 (HttpServer2.java:addFilter(1015)) - Added filter static_user_filter (class=org.apache.hadoop.http.lib.StaticUserWebFilter$StaticUserFilter) to context logs
2023-08-28 09:34:47,133 [main] INFO  http.HttpServer2 (HttpServer2.java:addFilter(1015)) - Added filter static_user_filter (class=org.apache.hadoop.http.lib.StaticUserWebFilter$StaticUserFilter) to context static
2023-08-28 09:34:47,133 [main] INFO  http.BaseHttpServer (BaseHttpServer.java:<init>(189)) - HTTP server of hddsDatanode uses base directory /home/runner/work/ozone/ozone/hadoop-ozone/integration-test/target/test-dir/MiniOzoneClusterImpl-b3d20441-1363-4d90-8b75-dcc1ba5546e4/datanode-0/meta/webserver
2023-08-28 09:34:47,133 [main] INFO  http.HttpServer2 (HttpServer2.java:bindListener(1231)) - Jetty bound to port 15168
2023-08-28 09:34:47,133 [main] INFO  server.Server (Server.java:doStart(375)) - jetty-9.4.51.v20230217; built: 2023-02-17T08:19:37.309Z; git: b45c405e4544384de066f814ed42ae3dceacdd49; jvm 1.8.0_382-b05
2023-08-28 09:34:47,134 [main] INFO  server.session (DefaultSessionIdManager.java:doStart(334)) - DefaultSessionIdManager workerName=node0
2023-08-28 09:34:47,135 [main] INFO  server.session (DefaultSessionIdManager.java:doStart(339)) - No SessionScavenger set, using defaults
2023-08-28 09:34:47,135 [main] INFO  server.session (HouseKeeper.java:startScavenging(132)) - node0 Scavenging every 600000ms
2023-08-28 09:34:47,135 [main] INFO  handler.ContextHandler (ContextHandler.java:doStart(921)) - Started o.e.j.s.ServletContextHandler@25e16307{logs,/logs,file:///home/runner/work/ozone/ozone/hadoop-ozone/integration-test/target/log,AVAILABLE}
2023-08-28 09:34:47,136 [main] INFO  handler.ContextHandler (ContextHandler.java:doStart(921)) - Started o.e.j.s.ServletContextHandler@40045f23{static,/static,jar:file:/home/runner/.m2/repository/org/apache/ozone/hdds-container-service/1.4.0-SNAPSHOT/hdds-container-service-1.4.0-SNAPSHOT.jar!/webapps/static,AVAILABLE}
2023-08-28 09:34:47,328 [main] INFO  handler.ContextHandler (ContextHandler.java:doStart(921)) - Started o.e.j.w.WebAppContext@6a67f4cb{hddsDatanode,/,file:///home/runner/work/ozone/ozone/hadoop-ozone/integration-test/target/test-dir/MiniOzoneClusterImpl-b3d20441-1363-4d90-8b75-dcc1ba5546e4/datanode-0/meta/webserver/jetty-0_0_0_0-15168-hdds-container-service-1_4_0-SNAPSHOT_jar-_-any-7118240417339413269/webapp/,AVAILABLE}{jar:file:/home/runner/.m2/repository/org/apache/ozone/hdds-container-service/1.4.0-SNAPSHOT/hdds-container-service-1.4.0-SNAPSHOT.jar!/webapps/hddsDatanode}
2023-08-28 09:34:47,330 [main] INFO  server.AbstractConnector (AbstractConnector.java:doStart(333)) - Started ServerConnector@5639d1{HTTP/1.1, (http/1.1)}{0.0.0.0:15168}
2023-08-28 09:34:47,330 [main] INFO  server.Server (Server.java:doStart(415)) - Started @235667ms
2023-08-28 09:34:47,330 [main] WARN  impl.MetricsSystemImpl (MetricsSystemImpl.java:register(279)) - Sink prometheus already exists!
2023-08-28 09:34:47,331 [main] INFO  http.BaseHttpServer (BaseHttpServer.java:updateConnectorAddress(354)) - HTTP server of hddsDatanode listening at http://0.0.0.0:15168
2023-08-28 09:34:47,331 [main] INFO  ipc.CallQueueManager (CallQueueManager.java:<init>(90)) - Using callQueue: class java.util.concurrent.LinkedBlockingQueue, queueCapacity: 100, scheduler: class org.apache.hadoop.ipc.DefaultRpcScheduler, ipcBackoff: false.
2023-08-28 09:34:47,332 [main] INFO  ipc.Server (Server.java:<init>(1287)) - Listener at 0.0.0.0:15169
2023-08-28 09:34:47,332 [Socket Reader #1 for port 15169] INFO  ipc.Server (Server.java:run(1323)) - Starting Socket Reader #1 for port 15169
2023-08-28 09:34:47,340 [main] INFO  ozone.HddsDatanodeService (HddsDatanodeService.java:start(315)) - Datanode start with admins: [runner]
2023-08-28 09:34:47,340 [main] INFO  ozone.HddsDatanodeClientProtocolServer (HddsDatanodeClientProtocolServer.java:start(72)) - RPC server for Client /0.0.0.0:15169
2023-08-28 09:34:47,340 [IPC Server Responder] INFO  ipc.Server (Server.java:run(1562)) - IPC Server Responder: starting
2023-08-28 09:34:47,341 [IPC Server listener on 15169] INFO  ipc.Server (Server.java:run(1402)) - IPC Server listener on 15169: starting
2023-08-28 09:34:47,341 [main] WARN  impl.MetricRegistriesImpl (MetricRegistriesImpl.java:addReporterRegistration(111)) - New reporters are added after registries were created. Some metrics will be missing from the reporter. Please add reporter before adding any new registry.
2023-08-28 09:34:47,341 [main] WARN  impl.MetricRegistriesImpl (MetricRegistriesImpl.java:addReporterRegistration(111)) - New reporters are added after registries were created. Some metrics will be missing from the reporter. Please add reporter before adding any new registry.
2023-08-28 09:34:47,341 [main] INFO  impl.MetricsSystemImpl (MetricsSystemImpl.java:init(158)) - HddsDatanode metrics system started (again)
2023-08-28 09:34:47,349 [Datanode State Machine Daemon Thread] INFO  statemachine.DatanodeStateMachine (DatanodeStateMachine.java:lambda$startDaemon$0(538)) - Ozone container server started.
2023-08-28 09:34:47,356 [Datanode State Machine Task Thread - 0] INFO  datanode.InitDatanodeState (InitDatanodeState.java:persistContainerDatanodeDetails(138)) - DatanodeDetails is persisted to /home/runner/work/ozone/ozone/hadoop-ozone/integration-test/target/test-dir/MiniOzoneClusterImpl-b3d20441-1363-4d90-8b75-dcc1ba5546e4/datanode-0/meta/datanode.id
2023-08-28 09:34:47,363 [main] INFO  ozone.HddsDatanodeService (HddsDatanodeService.java:start(237)) - HddsDatanodeService host:fv-az625-77.ififypym2nee5jib2gmjcfh3fc.bx.internal.cloudapp.net ip:10.1.0.27
2023-08-28 09:34:47,386 [main] INFO  upgrade.AbstractLayoutVersionManager (AbstractLayoutVersionManager.java:init(83)) - Initializing Layout version manager with metadata layout = HADOOP_PRC_PORTS_IN_DATANODEDETAILS (version = 7), software layout = HADOOP_PRC_PORTS_IN_DATANODEDETAILS (version = 7)
2023-08-28 09:34:47,386 [main] INFO  statemachine.DatanodeStateMachine (DatanodeStateMachine.java:getEndPointTaskThreadPoolSize(282)) - Datanode State Machine Task Thread Pool size 2
2023-08-28 09:34:47,388 [main] INFO  volume.HddsVolume (HddsVolume.java:<init>(126)) - Creating HddsVolume: /home/runner/work/ozone/ozone/hadoop-ozone/integration-test/target/test-dir/MiniOzoneClusterImpl-b3d20441-1363-4d90-8b75-dcc1ba5546e4/datanode-1/data-0/containers/hdds of storage type : DISK capacity : 9223372036854775807
2023-08-28 09:34:47,388 [main] INFO  volume.MutableVolumeSet (MutableVolumeSet.java:initializeVolumeSet(173)) - Added Volume : /home/runner/work/ozone/ozone/hadoop-ozone/integration-test/target/test-dir/MiniOzoneClusterImpl-b3d20441-1363-4d90-8b75-dcc1ba5546e4/datanode-1/data-0/containers/hdds to VolumeSet
2023-08-28 09:34:47,389 [main] INFO  volume.MutableVolumeSet (MutableVolumeSet.java:initializeVolumeSet(173)) - Added Volume : /home/runner/work/ozone/ozone/hadoop-ozone/integration-test/target/test-dir/MiniOzoneClusterImpl-b3d20441-1363-4d90-8b75-dcc1ba5546e4/datanode-1/data/ratis to VolumeSet
2023-08-28 09:34:47,389 [Thread-1952] INFO  ozoneimpl.ContainerReader (ContainerReader.java:readVolume(177)) - Finish verifying containers on volume /home/runner/work/ozone/ozone/hadoop-ozone/integration-test/target/test-dir/MiniOzoneClusterImpl-b3d20441-1363-4d90-8b75-dcc1ba5546e4/datanode-1/data-0/containers/hdds
2023-08-28 09:34:47,389 [main] INFO  ozoneimpl.OzoneContainer (OzoneContainer.java:buildContainerSet(314)) - Build ContainerSet costs 0s
2023-08-28 09:34:47,391 [main] INFO  server.RaftServer (ConfUtils.java:logGet(46)) - raft.rpc.type = GRPC (default)
2023-08-28 09:34:47,391 [main] INFO  grpc.GrpcConfigKeys (ConfUtils.java:logFallback(53)) - raft.grpc.admin.host = null (fallback to raft.grpc.server.host)
2023-08-28 09:34:47,391 [main] INFO  grpc.GrpcConfigKeys (ConfUtils.java:logGet(46)) - raft.grpc.admin.port = 15181 (custom)
2023-08-28 09:34:47,391 [main] INFO  grpc.GrpcConfigKeys (ConfUtils.java:logFallback(53)) - raft.grpc.client.host = null (fallback to raft.grpc.server.host)
2023-08-28 09:34:47,391 [main] INFO  grpc.GrpcConfigKeys (ConfUtils.java:logGet(46)) - raft.grpc.client.port = 15180 (custom)
2023-08-28 09:34:47,391 [main] INFO  grpc.GrpcConfigKeys (ConfUtils.java:logGet(46)) - raft.grpc.server.host = null (default)
2023-08-28 09:34:47,392 [main] INFO  grpc.GrpcConfigKeys (ConfUtils.java:logGet(46)) - raft.grpc.server.port = 15182 (custom)
2023-08-28 09:34:47,392 [main] INFO  server.GrpcService (ConfUtils.java:logGet(46)) - raft.grpc.message.size.max = 32MB (=33554432) (custom)
2023-08-28 09:34:47,392 [main] INFO  server.RaftServerConfigKeys (ConfUtils.java:logGet(46)) - raft.server.log.appender.buffer.byte-limit = 33554432 (custom)
2023-08-28 09:34:47,392 [main] INFO  server.GrpcService (ConfUtils.java:logGet(46)) - raft.grpc.flow.control.window = 5MB (=5242880) (custom)
2023-08-28 09:34:47,392 [main] INFO  server.RaftServerConfigKeys (ConfUtils.java:logGet(46)) - raft.server.rpc.request.timeout = 60s (custom)
2023-08-28 09:34:47,392 [main] INFO  grpc.GrpcConfigKeys (ConfUtils.java:logGet(46)) - raft.grpc.server.heartbeat.channel = true (default)
2023-08-28 09:34:47,392 [main] INFO  grpc.GrpcConfigKeys (ConfUtils.java:logGet(46)) - raft.grpc.server.async.request.thread.pool.cached = true (default)
2023-08-28 09:34:47,392 [main] INFO  grpc.GrpcConfigKeys (ConfUtils.java:logGet(46)) - raft.grpc.server.async.request.thread.pool.size = 32 (default)
2023-08-28 09:34:47,395 [main] INFO  impl.DataStreamServerImpl (ConfUtils.java:logGet(46)) - raft.datastream.type = NETTY (custom)
2023-08-28 09:34:47,395 [main] INFO  server.RaftServerConfigKeys (ConfUtils.java:logGet(46)) - raft.server.data-stream.async.request.thread.pool.cached = false (default)
2023-08-28 09:34:47,395 [main] INFO  server.RaftServerConfigKeys (ConfUtils.java:logGet(46)) - raft.server.data-stream.async.request.thread.pool.size = 20 (custom)
2023-08-28 09:34:47,395 [main] INFO  server.RaftServerConfigKeys (ConfUtils.java:logGet(46)) - raft.server.data-stream.async.write.thread.pool.size = 16 (default)
2023-08-28 09:34:47,396 [main] INFO  server.RaftServerConfigKeys (ConfUtils.java:logGet(46)) - raft.server.data-stream.client.pool.size = 10 (default)
2023-08-28 09:34:47,396 [main] INFO  netty.NettyConfigKeys$DataStream (ConfUtils.java:logGet(46)) - raft.netty.dataStream.server.use-epoll = false (default)
2023-08-28 09:34:47,396 [main] INFO  netty.NettyConfigKeys$DataStream (ConfUtils.java:logGet(46)) - raft.netty.dataStream.server.boss-group.size = 0 (default)
2023-08-28 09:34:47,396 [main] INFO  netty.NettyConfigKeys$DataStream (ConfUtils.java:logGet(46)) - raft.netty.dataStream.server.worker-group.size = 0 (default)
2023-08-28 09:34:47,397 [main] INFO  netty.NettyConfigKeys$DataStream (ConfUtils.java:logGet(46)) - raft.netty.dataStream.server.tls.conf = null (default)
2023-08-28 09:34:47,397 [main] INFO  netty.NettyConfigKeys$DataStream (ConfUtils.java:logGet(46)) - raft.netty.dataStream.host = null (default)
2023-08-28 09:34:47,397 [main] INFO  netty.NettyConfigKeys$DataStream (ConfUtils.java:logGet(46)) - raft.netty.dataStream.port = 15183 (custom)
2023-08-28 09:34:47,397 [main] INFO  server.RaftServerConfigKeys (ConfUtils.java:logGet(46)) - raft.server.threadpool.proxy.cached = true (default)
2023-08-28 09:34:47,397 [main] INFO  server.RaftServerConfigKeys (ConfUtils.java:logGet(46)) - raft.server.threadpool.proxy.size = 0 (default)
2023-08-28 09:34:47,397 [main] INFO  server.RaftServerConfigKeys (ConfUtils.java:logGet(46)) - raft.server.rpc.slowness.timeout = 300s (custom)
2023-08-28 09:34:47,398 [main] INFO  server.RaftServerConfigKeys (ConfUtils.java:logGet(46)) - raft.server.leaderelection.leader.step-down.wait-time = 10s (default)
2023-08-28 09:34:47,398 [main] INFO  server.RaftServerConfigKeys (ConfUtils.java:logGet(46)) - raft.server.storage.dir = [/home/runner/work/ozone/ozone/hadoop-ozone/integration-test/target/test-dir/MiniOzoneClusterImpl-b3d20441-1363-4d90-8b75-dcc1ba5546e4/datanode-1/data/ratis] (custom)
2023-08-28 09:34:47,398 [269fa438-bc78-433d-911d-e020a0e24055-NettyServerStreamRpc-bossGroup--thread1] INFO  logging.LoggingHandler (AbstractInternalLogger.java:log(148)) - [id: 0x096252fe] REGISTERED
2023-08-28 09:34:47,398 [269fa438-bc78-433d-911d-e020a0e24055-NettyServerStreamRpc-bossGroup--thread1] INFO  logging.LoggingHandler (AbstractInternalLogger.java:log(148)) - [id: 0x096252fe] BIND: 0.0.0.0/0.0.0.0:15183
2023-08-28 09:34:47,398 [269fa438-bc78-433d-911d-e020a0e24055-NettyServerStreamRpc-bossGroup--thread1] INFO  logging.LoggingHandler (AbstractInternalLogger.java:log(148)) - [id: 0x096252fe, L:/0:0:0:0:0:0:0:0:15183] ACTIVE
2023-08-28 09:34:47,399 [269fa438-bc78-433d-911d-e020a0e24055-impl-thread1] INFO  server.RaftServer (RaftServerProxy.java:initGroupDir(258)) - 269fa438-bc78-433d-911d-e020a0e24055: found a subdirectory /home/runner/work/ozone/ozone/hadoop-ozone/integration-test/target/test-dir/MiniOzoneClusterImpl-b3d20441-1363-4d90-8b75-dcc1ba5546e4/datanode-1/data/ratis/tmp
2023-08-28 09:34:47,399 [269fa438-bc78-433d-911d-e020a0e24055-impl-thread1] INFO  server.RaftServer (RaftServerProxy.java:initGroupDir(263)) - 269fa438-bc78-433d-911d-e020a0e24055: The directory /home/runner/work/ozone/ozone/hadoop-ozone/integration-test/target/test-dir/MiniOzoneClusterImpl-b3d20441-1363-4d90-8b75-dcc1ba5546e4/datanode-1/data/ratis/tmp is not a group directory; ignoring it. 
2023-08-28 09:34:47,399 [main] INFO  replication.ReplicationServer (ReplicationServer.java:<init>(81)) - Initializing replication server with thread count = 10
2023-08-28 09:34:47,400 [main] INFO  server.XceiverServerGrpc (XceiverServerGrpc.java:<init>(132)) - GrpcServer channel type EpollServerSocketChannel
2023-08-28 09:34:47,401 [main] INFO  replication.ReplicationSupervisor (ReplicationSupervisor.java:build(155)) - Initializing replication supervisor with thread count = 10
2023-08-28 09:34:47,402 [main] INFO  replication.ReplicationSupervisor (ReplicationSupervisor.java:nodeStateUpdated(307)) - Node state updated to IN_SERVICE, scaling executor pool size to 10
2023-08-28 09:34:47,403 [main] INFO  http.BaseHttpServer (BaseHttpServer.java:newHttpServer2BuilderForOzone(223)) - Starting Web-server for hddsDatanode at: http://0.0.0.0:15177
2023-08-28 09:34:47,404 [main] INFO  http.BaseHttpServer (BaseHttpServer.java:<init>(110)) - Hadoop Security Enabled: false Ozone Security Enabled: false Ozone HTTP Security Enabled: false 
2023-08-28 09:34:47,405 [main] WARN  server.AuthenticationFilter (AuthenticationFilter.java:constructSecretProvider(240)) - Unable to initialize FileSignerSecretProvider, falling back to use random secrets. Reason: Could not read signature secret file: /home/runner/hadoop-http-auth-signature-secret
2023-08-28 09:34:47,405 [main] INFO  http.HttpRequestLog (HttpRequestLog.java:getRequestLog(86)) - Http request log for http.requests.hddsDatanode is not defined
2023-08-28 09:34:47,406 [main] INFO  http.HttpServer2 (HttpServer2.java:addGlobalFilter(1031)) - Added global filter 'safety' (class=org.apache.hadoop.hdds.server.http.HttpServer2$QuotingInputFilter)
2023-08-28 09:34:47,407 [main] INFO  http.HttpServer2 (HttpServer2.java:addFilter(1007)) - Added filter static_user_filter (class=org.apache.hadoop.http.lib.StaticUserWebFilter$StaticUserFilter) to context hddsDatanode
2023-08-28 09:34:47,407 [main] INFO  http.HttpServer2 (HttpServer2.java:addFilter(1015)) - Added filter static_user_filter (class=org.apache.hadoop.http.lib.StaticUserWebFilter$StaticUserFilter) to context static
2023-08-28 09:34:47,407 [main] INFO  http.HttpServer2 (HttpServer2.java:addFilter(1015)) - Added filter static_user_filter (class=org.apache.hadoop.http.lib.StaticUserWebFilter$StaticUserFilter) to context logs
2023-08-28 09:34:47,408 [main] INFO  http.BaseHttpServer (BaseHttpServer.java:<init>(189)) - HTTP server of hddsDatanode uses base directory /home/runner/work/ozone/ozone/hadoop-ozone/integration-test/target/test-dir/MiniOzoneClusterImpl-b3d20441-1363-4d90-8b75-dcc1ba5546e4/datanode-1/meta/webserver
2023-08-28 09:34:47,408 [main] INFO  http.HttpServer2 (HttpServer2.java:bindListener(1231)) - Jetty bound to port 15177
2023-08-28 09:34:47,408 [main] INFO  server.Server (Server.java:doStart(375)) - jetty-9.4.51.v20230217; built: 2023-02-17T08:19:37.309Z; git: b45c405e4544384de066f814ed42ae3dceacdd49; jvm 1.8.0_382-b05
2023-08-28 09:34:47,409 [main] INFO  server.session (DefaultSessionIdManager.java:doStart(334)) - DefaultSessionIdManager workerName=node0
2023-08-28 09:34:47,410 [main] INFO  server.session (DefaultSessionIdManager.java:doStart(339)) - No SessionScavenger set, using defaults
2023-08-28 09:34:47,410 [main] INFO  server.session (HouseKeeper.java:startScavenging(132)) - node0 Scavenging every 660000ms
2023-08-28 09:34:47,410 [main] INFO  handler.ContextHandler (ContextHandler.java:doStart(921)) - Started o.e.j.s.ServletContextHandler@329e0231{logs,/logs,file:///home/runner/work/ozone/ozone/hadoop-ozone/integration-test/target/log,AVAILABLE}
2023-08-28 09:34:47,411 [main] INFO  handler.ContextHandler (ContextHandler.java:doStart(921)) - Started o.e.j.s.ServletContextHandler@75a42b2{static,/static,jar:file:/home/runner/.m2/repository/org/apache/ozone/hdds-container-service/1.4.0-SNAPSHOT/hdds-container-service-1.4.0-SNAPSHOT.jar!/webapps/static,AVAILABLE}
2023-08-28 09:34:47,607 [main] INFO  handler.ContextHandler (ContextHandler.java:doStart(921)) - Started o.e.j.w.WebAppContext@85b2e37{hddsDatanode,/,file:///home/runner/work/ozone/ozone/hadoop-ozone/integration-test/target/test-dir/MiniOzoneClusterImpl-b3d20441-1363-4d90-8b75-dcc1ba5546e4/datanode-1/meta/webserver/jetty-0_0_0_0-15177-hdds-container-service-1_4_0-SNAPSHOT_jar-_-any-8831220525791565241/webapp/,AVAILABLE}{jar:file:/home/runner/.m2/repository/org/apache/ozone/hdds-container-service/1.4.0-SNAPSHOT/hdds-container-service-1.4.0-SNAPSHOT.jar!/webapps/hddsDatanode}
2023-08-28 09:34:47,609 [main] INFO  server.AbstractConnector (AbstractConnector.java:doStart(333)) - Started ServerConnector@11f2c02a{HTTP/1.1, (http/1.1)}{0.0.0.0:15177}
2023-08-28 09:34:47,609 [main] INFO  server.Server (Server.java:doStart(415)) - Started @235947ms
2023-08-28 09:34:47,609 [main] WARN  impl.MetricsSystemImpl (MetricsSystemImpl.java:register(279)) - Sink prometheus already exists!
2023-08-28 09:34:47,610 [main] INFO  http.BaseHttpServer (BaseHttpServer.java:updateConnectorAddress(354)) - HTTP server of hddsDatanode listening at http://0.0.0.0:15177
2023-08-28 09:34:47,610 [main] INFO  ipc.CallQueueManager (CallQueueManager.java:<init>(90)) - Using callQueue: class java.util.concurrent.LinkedBlockingQueue, queueCapacity: 100, scheduler: class org.apache.hadoop.ipc.DefaultRpcScheduler, ipcBackoff: false.
2023-08-28 09:34:47,611 [main] INFO  ipc.Server (Server.java:<init>(1287)) - Listener at 0.0.0.0:15178
2023-08-28 09:34:47,612 [Socket Reader #1 for port 15178] INFO  ipc.Server (Server.java:run(1323)) - Starting Socket Reader #1 for port 15178
2023-08-28 09:34:47,620 [main] INFO  ozone.HddsDatanodeService (HddsDatanodeService.java:start(315)) - Datanode start with admins: [runner]
2023-08-28 09:34:47,620 [main] INFO  ozone.HddsDatanodeClientProtocolServer (HddsDatanodeClientProtocolServer.java:start(72)) - RPC server for Client /0.0.0.0:15178
2023-08-28 09:34:47,623 [IPC Server Responder] INFO  ipc.Server (Server.java:run(1562)) - IPC Server Responder: starting
2023-08-28 09:34:47,623 [IPC Server listener on 15178] INFO  ipc.Server (Server.java:run(1402)) - IPC Server listener on 15178: starting
2023-08-28 09:34:47,624 [main] WARN  impl.MetricRegistriesImpl (MetricRegistriesImpl.java:addReporterRegistration(111)) - New reporters are added after registries were created. Some metrics will be missing from the reporter. Please add reporter before adding any new registry.
2023-08-28 09:34:47,624 [main] WARN  impl.MetricRegistriesImpl (MetricRegistriesImpl.java:addReporterRegistration(111)) - New reporters are added after registries were created. Some metrics will be missing from the reporter. Please add reporter before adding any new registry.
2023-08-28 09:34:47,624 [main] INFO  impl.MetricsSystemImpl (MetricsSystemImpl.java:init(158)) - HddsDatanode metrics system started (again)
2023-08-28 09:34:47,634 [Datanode State Machine Daemon Thread] INFO  statemachine.DatanodeStateMachine (DatanodeStateMachine.java:lambda$startDaemon$0(538)) - Ozone container server started.
2023-08-28 09:34:47,645 [Datanode State Machine Task Thread - 0] INFO  datanode.InitDatanodeState (InitDatanodeState.java:persistContainerDatanodeDetails(138)) - DatanodeDetails is persisted to /home/runner/work/ozone/ozone/hadoop-ozone/integration-test/target/test-dir/MiniOzoneClusterImpl-b3d20441-1363-4d90-8b75-dcc1ba5546e4/datanode-1/meta/datanode.id
2023-08-28 09:34:47,648 [main] INFO  ozone.HddsDatanodeService (HddsDatanodeService.java:start(237)) - HddsDatanodeService host:fv-az625-77.ififypym2nee5jib2gmjcfh3fc.bx.internal.cloudapp.net ip:10.1.0.27
2023-08-28 09:34:47,673 [main] INFO  upgrade.AbstractLayoutVersionManager (AbstractLayoutVersionManager.java:init(83)) - Initializing Layout version manager with metadata layout = HADOOP_PRC_PORTS_IN_DATANODEDETAILS (version = 7), software layout = HADOOP_PRC_PORTS_IN_DATANODEDETAILS (version = 7)
2023-08-28 09:34:47,675 [main] INFO  statemachine.DatanodeStateMachine (DatanodeStateMachine.java:getEndPointTaskThreadPoolSize(282)) - Datanode State Machine Task Thread Pool size 2
2023-08-28 09:34:47,676 [main] INFO  volume.HddsVolume (HddsVolume.java:<init>(126)) - Creating HddsVolume: /home/runner/work/ozone/ozone/hadoop-ozone/integration-test/target/test-dir/MiniOzoneClusterImpl-b3d20441-1363-4d90-8b75-dcc1ba5546e4/datanode-2/data-0/containers/hdds of storage type : DISK capacity : 9223372036854775807
2023-08-28 09:34:47,677 [main] INFO  volume.MutableVolumeSet (MutableVolumeSet.java:initializeVolumeSet(173)) - Added Volume : /home/runner/work/ozone/ozone/hadoop-ozone/integration-test/target/test-dir/MiniOzoneClusterImpl-b3d20441-1363-4d90-8b75-dcc1ba5546e4/datanode-2/data-0/containers/hdds to VolumeSet
2023-08-28 09:34:47,677 [main] INFO  volume.MutableVolumeSet (MutableVolumeSet.java:initializeVolumeSet(173)) - Added Volume : /home/runner/work/ozone/ozone/hadoop-ozone/integration-test/target/test-dir/MiniOzoneClusterImpl-b3d20441-1363-4d90-8b75-dcc1ba5546e4/datanode-2/data/ratis to VolumeSet
2023-08-28 09:34:47,678 [Thread-1969] INFO  ozoneimpl.ContainerReader (ContainerReader.java:readVolume(177)) - Finish verifying containers on volume /home/runner/work/ozone/ozone/hadoop-ozone/integration-test/target/test-dir/MiniOzoneClusterImpl-b3d20441-1363-4d90-8b75-dcc1ba5546e4/datanode-2/data-0/containers/hdds
2023-08-28 09:34:47,678 [main] INFO  ozoneimpl.OzoneContainer (OzoneContainer.java:buildContainerSet(314)) - Build ContainerSet costs 0s
2023-08-28 09:34:47,680 [main] INFO  server.RaftServer (ConfUtils.java:logGet(46)) - raft.rpc.type = GRPC (default)
2023-08-28 09:34:47,680 [main] INFO  grpc.GrpcConfigKeys (ConfUtils.java:logFallback(53)) - raft.grpc.admin.host = null (fallback to raft.grpc.server.host)
2023-08-28 09:34:47,680 [main] INFO  grpc.GrpcConfigKeys (ConfUtils.java:logGet(46)) - raft.grpc.admin.port = 15190 (custom)
2023-08-28 09:34:47,680 [main] INFO  grpc.GrpcConfigKeys (ConfUtils.java:logFallback(53)) - raft.grpc.client.host = null (fallback to raft.grpc.server.host)
2023-08-28 09:34:47,680 [main] INFO  grpc.GrpcConfigKeys (ConfUtils.java:logGet(46)) - raft.grpc.client.port = 15189 (custom)
2023-08-28 09:34:47,680 [main] INFO  grpc.GrpcConfigKeys (ConfUtils.java:logGet(46)) - raft.grpc.server.host = null (default)
2023-08-28 09:34:47,680 [main] INFO  grpc.GrpcConfigKeys (ConfUtils.java:logGet(46)) - raft.grpc.server.port = 15191 (custom)
2023-08-28 09:34:47,681 [main] INFO  server.GrpcService (ConfUtils.java:logGet(46)) - raft.grpc.message.size.max = 32MB (=33554432) (custom)
2023-08-28 09:34:47,683 [main] INFO  server.RaftServerConfigKeys (ConfUtils.java:logGet(46)) - raft.server.log.appender.buffer.byte-limit = 33554432 (custom)
2023-08-28 09:34:47,683 [main] INFO  server.GrpcService (ConfUtils.java:logGet(46)) - raft.grpc.flow.control.window = 5MB (=5242880) (custom)
2023-08-28 09:34:47,683 [main] INFO  server.RaftServerConfigKeys (ConfUtils.java:logGet(46)) - raft.server.rpc.request.timeout = 60s (custom)
2023-08-28 09:34:47,683 [main] INFO  grpc.GrpcConfigKeys (ConfUtils.java:logGet(46)) - raft.grpc.server.heartbeat.channel = true (default)
2023-08-28 09:34:47,683 [main] INFO  grpc.GrpcConfigKeys (ConfUtils.java:logGet(46)) - raft.grpc.server.async.request.thread.pool.cached = true (default)
2023-08-28 09:34:47,683 [main] INFO  grpc.GrpcConfigKeys (ConfUtils.java:logGet(46)) - raft.grpc.server.async.request.thread.pool.size = 32 (default)
2023-08-28 09:34:47,686 [main] INFO  impl.DataStreamServerImpl (ConfUtils.java:logGet(46)) - raft.datastream.type = NETTY (custom)
2023-08-28 09:34:47,686 [main] INFO  server.RaftServerConfigKeys (ConfUtils.java:logGet(46)) - raft.server.data-stream.async.request.thread.pool.cached = false (default)
2023-08-28 09:34:47,686 [main] INFO  server.RaftServerConfigKeys (ConfUtils.java:logGet(46)) - raft.server.data-stream.async.request.thread.pool.size = 20 (custom)
2023-08-28 09:34:47,686 [main] INFO  server.RaftServerConfigKeys (ConfUtils.java:logGet(46)) - raft.server.data-stream.async.write.thread.pool.size = 16 (default)
2023-08-28 09:34:47,687 [main] INFO  server.RaftServerConfigKeys (ConfUtils.java:logGet(46)) - raft.server.data-stream.client.pool.size = 10 (default)
2023-08-28 09:34:47,687 [main] INFO  netty.NettyConfigKeys$DataStream (ConfUtils.java:logGet(46)) - raft.netty.dataStream.server.use-epoll = false (default)
2023-08-28 09:34:47,687 [main] INFO  netty.NettyConfigKeys$DataStream (ConfUtils.java:logGet(46)) - raft.netty.dataStream.server.boss-group.size = 0 (default)
2023-08-28 09:34:47,687 [main] INFO  netty.NettyConfigKeys$DataStream (ConfUtils.java:logGet(46)) - raft.netty.dataStream.server.worker-group.size = 0 (default)
2023-08-28 09:34:47,688 [main] INFO  netty.NettyConfigKeys$DataStream (ConfUtils.java:logGet(46)) - raft.netty.dataStream.server.tls.conf = null (default)
2023-08-28 09:34:47,688 [main] INFO  netty.NettyConfigKeys$DataStream (ConfUtils.java:logGet(46)) - raft.netty.dataStream.host = null (default)
2023-08-28 09:34:47,688 [main] INFO  netty.NettyConfigKeys$DataStream (ConfUtils.java:logGet(46)) - raft.netty.dataStream.port = 15192 (custom)
2023-08-28 09:34:47,688 [main] INFO  server.RaftServerConfigKeys (ConfUtils.java:logGet(46)) - raft.server.threadpool.proxy.cached = true (default)
2023-08-28 09:34:47,688 [main] INFO  server.RaftServerConfigKeys (ConfUtils.java:logGet(46)) - raft.server.threadpool.proxy.size = 0 (default)
2023-08-28 09:34:47,689 [main] INFO  server.RaftServerConfigKeys (ConfUtils.java:logGet(46)) - raft.server.rpc.slowness.timeout = 300s (custom)
2023-08-28 09:34:47,689 [main] INFO  server.RaftServerConfigKeys (ConfUtils.java:logGet(46)) - raft.server.leaderelection.leader.step-down.wait-time = 10s (default)
2023-08-28 09:34:47,689 [main] INFO  server.RaftServerConfigKeys (ConfUtils.java:logGet(46)) - raft.server.storage.dir = [/home/runner/work/ozone/ozone/hadoop-ozone/integration-test/target/test-dir/MiniOzoneClusterImpl-b3d20441-1363-4d90-8b75-dcc1ba5546e4/datanode-2/data/ratis] (custom)
2023-08-28 09:34:47,689 [2121e5cf-c9a2-43bb-b1d5-56f983d54b52-NettyServerStreamRpc-bossGroup--thread1] INFO  logging.LoggingHandler (AbstractInternalLogger.java:log(148)) - [id: 0x3182d34d] REGISTERED
2023-08-28 09:34:47,690 [2121e5cf-c9a2-43bb-b1d5-56f983d54b52-NettyServerStreamRpc-bossGroup--thread1] INFO  logging.LoggingHandler (AbstractInternalLogger.java:log(148)) - [id: 0x3182d34d] BIND: 0.0.0.0/0.0.0.0:15192
2023-08-28 09:34:47,690 [2121e5cf-c9a2-43bb-b1d5-56f983d54b52-NettyServerStreamRpc-bossGroup--thread1] INFO  logging.LoggingHandler (AbstractInternalLogger.java:log(148)) - [id: 0x3182d34d, L:/0:0:0:0:0:0:0:0:15192] ACTIVE
2023-08-28 09:34:47,692 [2121e5cf-c9a2-43bb-b1d5-56f983d54b52-impl-thread1] INFO  server.RaftServer (RaftServerProxy.java:initGroupDir(258)) - 2121e5cf-c9a2-43bb-b1d5-56f983d54b52: found a subdirectory /home/runner/work/ozone/ozone/hadoop-ozone/integration-test/target/test-dir/MiniOzoneClusterImpl-b3d20441-1363-4d90-8b75-dcc1ba5546e4/datanode-2/data/ratis/tmp
2023-08-28 09:34:47,692 [2121e5cf-c9a2-43bb-b1d5-56f983d54b52-impl-thread1] INFO  server.RaftServer (RaftServerProxy.java:initGroupDir(263)) - 2121e5cf-c9a2-43bb-b1d5-56f983d54b52: The directory /home/runner/work/ozone/ozone/hadoop-ozone/integration-test/target/test-dir/MiniOzoneClusterImpl-b3d20441-1363-4d90-8b75-dcc1ba5546e4/datanode-2/data/ratis/tmp is not a group directory; ignoring it. 
2023-08-28 09:34:47,692 [main] INFO  replication.ReplicationServer (ReplicationServer.java:<init>(81)) - Initializing replication server with thread count = 10
2023-08-28 09:34:47,693 [main] INFO  server.XceiverServerGrpc (XceiverServerGrpc.java:<init>(132)) - GrpcServer channel type EpollServerSocketChannel
2023-08-28 09:34:47,694 [main] INFO  replication.ReplicationSupervisor (ReplicationSupervisor.java:build(155)) - Initializing replication supervisor with thread count = 10
2023-08-28 09:34:47,695 [main] INFO  replication.ReplicationSupervisor (ReplicationSupervisor.java:nodeStateUpdated(307)) - Node state updated to IN_SERVICE, scaling executor pool size to 10
2023-08-28 09:34:47,698 [main] INFO  http.BaseHttpServer (BaseHttpServer.java:newHttpServer2BuilderForOzone(223)) - Starting Web-server for hddsDatanode at: http://0.0.0.0:15186
2023-08-28 09:34:47,698 [main] INFO  http.BaseHttpServer (BaseHttpServer.java:<init>(110)) - Hadoop Security Enabled: false Ozone Security Enabled: false Ozone HTTP Security Enabled: false 
2023-08-28 09:34:47,701 [main] WARN  server.AuthenticationFilter (AuthenticationFilter.java:constructSecretProvider(240)) - Unable to initialize FileSignerSecretProvider, falling back to use random secrets. Reason: Could not read signature secret file: /home/runner/hadoop-http-auth-signature-secret
2023-08-28 09:34:47,702 [main] INFO  http.HttpRequestLog (HttpRequestLog.java:getRequestLog(86)) - Http request log for http.requests.hddsDatanode is not defined
2023-08-28 09:34:47,704 [main] INFO  http.HttpServer2 (HttpServer2.java:addGlobalFilter(1031)) - Added global filter 'safety' (class=org.apache.hadoop.hdds.server.http.HttpServer2$QuotingInputFilter)
2023-08-28 09:34:47,705 [main] INFO  http.HttpServer2 (HttpServer2.java:addFilter(1007)) - Added filter static_user_filter (class=org.apache.hadoop.http.lib.StaticUserWebFilter$StaticUserFilter) to context hddsDatanode
2023-08-28 09:34:47,705 [main] INFO  http.HttpServer2 (HttpServer2.java:addFilter(1015)) - Added filter static_user_filter (class=org.apache.hadoop.http.lib.StaticUserWebFilter$StaticUserFilter) to context logs
2023-08-28 09:34:47,705 [main] INFO  http.HttpServer2 (HttpServer2.java:addFilter(1015)) - Added filter static_user_filter (class=org.apache.hadoop.http.lib.StaticUserWebFilter$StaticUserFilter) to context static
2023-08-28 09:34:47,705 [main] INFO  http.BaseHttpServer (BaseHttpServer.java:<init>(189)) - HTTP server of hddsDatanode uses base directory /home/runner/work/ozone/ozone/hadoop-ozone/integration-test/target/test-dir/MiniOzoneClusterImpl-b3d20441-1363-4d90-8b75-dcc1ba5546e4/datanode-2/meta/webserver
2023-08-28 09:34:47,706 [main] INFO  http.HttpServer2 (HttpServer2.java:bindListener(1231)) - Jetty bound to port 15186
2023-08-28 09:34:47,706 [main] INFO  server.Server (Server.java:doStart(375)) - jetty-9.4.51.v20230217; built: 2023-02-17T08:19:37.309Z; git: b45c405e4544384de066f814ed42ae3dceacdd49; jvm 1.8.0_382-b05
2023-08-28 09:34:47,712 [main] INFO  server.session (DefaultSessionIdManager.java:doStart(334)) - DefaultSessionIdManager workerName=node0
2023-08-28 09:34:47,712 [main] INFO  server.session (DefaultSessionIdManager.java:doStart(339)) - No SessionScavenger set, using defaults
2023-08-28 09:34:47,713 [main] INFO  server.session (HouseKeeper.java:startScavenging(132)) - node0 Scavenging every 660000ms
2023-08-28 09:34:47,713 [main] INFO  handler.ContextHandler (ContextHandler.java:doStart(921)) - Started o.e.j.s.ServletContextHandler@6ef7f054{logs,/logs,file:///home/runner/work/ozone/ozone/hadoop-ozone/integration-test/target/log,AVAILABLE}
2023-08-28 09:34:47,714 [main] INFO  handler.ContextHandler (ContextHandler.java:doStart(921)) - Started o.e.j.s.ServletContextHandler@7a356faf{static,/static,jar:file:/home/runner/.m2/repository/org/apache/ozone/hdds-container-service/1.4.0-SNAPSHOT/hdds-container-service-1.4.0-SNAPSHOT.jar!/webapps/static,AVAILABLE}
2023-08-28 09:34:47,914 [main] INFO  handler.ContextHandler (ContextHandler.java:doStart(921)) - Started o.e.j.w.WebAppContext@dc4aba1{hddsDatanode,/,file:///home/runner/work/ozone/ozone/hadoop-ozone/integration-test/target/test-dir/MiniOzoneClusterImpl-b3d20441-1363-4d90-8b75-dcc1ba5546e4/datanode-2/meta/webserver/jetty-0_0_0_0-15186-hdds-container-service-1_4_0-SNAPSHOT_jar-_-any-727292092307691884/webapp/,AVAILABLE}{jar:file:/home/runner/.m2/repository/org/apache/ozone/hdds-container-service/1.4.0-SNAPSHOT/hdds-container-service-1.4.0-SNAPSHOT.jar!/webapps/hddsDatanode}
2023-08-28 09:34:47,915 [main] INFO  server.AbstractConnector (AbstractConnector.java:doStart(333)) - Started ServerConnector@4e37f121{HTTP/1.1, (http/1.1)}{0.0.0.0:15186}
2023-08-28 09:34:47,916 [main] INFO  server.Server (Server.java:doStart(415)) - Started @236253ms
2023-08-28 09:34:47,916 [main] WARN  impl.MetricsSystemImpl (MetricsSystemImpl.java:register(279)) - Sink prometheus already exists!
2023-08-28 09:34:47,916 [main] INFO  http.BaseHttpServer (BaseHttpServer.java:updateConnectorAddress(354)) - HTTP server of hddsDatanode listening at http://0.0.0.0:15186
2023-08-28 09:34:47,917 [main] INFO  ipc.CallQueueManager (CallQueueManager.java:<init>(90)) - Using callQueue: class java.util.concurrent.LinkedBlockingQueue, queueCapacity: 100, scheduler: class org.apache.hadoop.ipc.DefaultRpcScheduler, ipcBackoff: false.
2023-08-28 09:34:47,917 [main] INFO  ipc.Server (Server.java:<init>(1287)) - Listener at 0.0.0.0:15187
2023-08-28 09:34:47,917 [Socket Reader #1 for port 15187] INFO  ipc.Server (Server.java:run(1323)) - Starting Socket Reader #1 for port 15187
2023-08-28 09:34:47,923 [main] INFO  ozone.HddsDatanodeService (HddsDatanodeService.java:start(315)) - Datanode start with admins: [runner]
2023-08-28 09:34:47,923 [main] INFO  ozone.HddsDatanodeClientProtocolServer (HddsDatanodeClientProtocolServer.java:start(72)) - RPC server for Client /0.0.0.0:15187
2023-08-28 09:34:47,924 [IPC Server Responder] INFO  ipc.Server (Server.java:run(1562)) - IPC Server Responder: starting
2023-08-28 09:34:47,924 [IPC Server listener on 15187] INFO  ipc.Server (Server.java:run(1402)) - IPC Server listener on 15187: starting
2023-08-28 09:34:47,928 [main] WARN  impl.MetricRegistriesImpl (MetricRegistriesImpl.java:addReporterRegistration(111)) - New reporters are added after registries were created. Some metrics will be missing from the reporter. Please add reporter before adding any new registry.
2023-08-28 09:34:47,929 [main] WARN  impl.MetricRegistriesImpl (MetricRegistriesImpl.java:addReporterRegistration(111)) - New reporters are added after registries were created. Some metrics will be missing from the reporter. Please add reporter before adding any new registry.
2023-08-28 09:34:47,929 [main] INFO  impl.MetricsSystemImpl (MetricsSystemImpl.java:init(158)) - HddsDatanode metrics system started (again)
2023-08-28 09:34:47,936 [Datanode State Machine Daemon Thread] INFO  statemachine.DatanodeStateMachine (DatanodeStateMachine.java:lambda$startDaemon$0(538)) - Ozone container server started.
2023-08-28 09:34:47,941 [Datanode State Machine Task Thread - 0] INFO  datanode.InitDatanodeState (InitDatanodeState.java:persistContainerDatanodeDetails(138)) - DatanodeDetails is persisted to /home/runner/work/ozone/ozone/hadoop-ozone/integration-test/target/test-dir/MiniOzoneClusterImpl-b3d20441-1363-4d90-8b75-dcc1ba5546e4/datanode-2/meta/datanode.id
2023-08-28 09:34:47,946 [main] INFO  ozone.HddsDatanodeService (HddsDatanodeService.java:start(237)) - HddsDatanodeService host:fv-az625-77.ififypym2nee5jib2gmjcfh3fc.bx.internal.cloudapp.net ip:10.1.0.27
2023-08-28 09:34:47,966 [main] INFO  upgrade.AbstractLayoutVersionManager (AbstractLayoutVersionManager.java:init(83)) - Initializing Layout version manager with metadata layout = HADOOP_PRC_PORTS_IN_DATANODEDETAILS (version = 7), software layout = HADOOP_PRC_PORTS_IN_DATANODEDETAILS (version = 7)
2023-08-28 09:34:47,967 [main] INFO  statemachine.DatanodeStateMachine (DatanodeStateMachine.java:getEndPointTaskThreadPoolSize(282)) - Datanode State Machine Task Thread Pool size 2
2023-08-28 09:34:47,968 [main] INFO  volume.HddsVolume (HddsVolume.java:<init>(126)) - Creating HddsVolume: /home/runner/work/ozone/ozone/hadoop-ozone/integration-test/target/test-dir/MiniOzoneClusterImpl-b3d20441-1363-4d90-8b75-dcc1ba5546e4/datanode-3/data-0/containers/hdds of storage type : DISK capacity : 9223372036854775807
2023-08-28 09:34:47,969 [main] INFO  volume.MutableVolumeSet (MutableVolumeSet.java:initializeVolumeSet(173)) - Added Volume : /home/runner/work/ozone/ozone/hadoop-ozone/integration-test/target/test-dir/MiniOzoneClusterImpl-b3d20441-1363-4d90-8b75-dcc1ba5546e4/datanode-3/data-0/containers/hdds to VolumeSet
2023-08-28 09:34:47,969 [main] INFO  volume.MutableVolumeSet (MutableVolumeSet.java:initializeVolumeSet(173)) - Added Volume : /home/runner/work/ozone/ozone/hadoop-ozone/integration-test/target/test-dir/MiniOzoneClusterImpl-b3d20441-1363-4d90-8b75-dcc1ba5546e4/datanode-3/data/ratis to VolumeSet
2023-08-28 09:34:47,970 [Thread-1986] INFO  ozoneimpl.ContainerReader (ContainerReader.java:readVolume(177)) - Finish verifying containers on volume /home/runner/work/ozone/ozone/hadoop-ozone/integration-test/target/test-dir/MiniOzoneClusterImpl-b3d20441-1363-4d90-8b75-dcc1ba5546e4/datanode-3/data-0/containers/hdds
2023-08-28 09:34:47,970 [main] INFO  ozoneimpl.OzoneContainer (OzoneContainer.java:buildContainerSet(314)) - Build ContainerSet costs 0s
2023-08-28 09:34:47,972 [main] INFO  server.RaftServer (ConfUtils.java:logGet(46)) - raft.rpc.type = GRPC (default)
2023-08-28 09:34:47,972 [main] INFO  grpc.GrpcConfigKeys (ConfUtils.java:logFallback(53)) - raft.grpc.admin.host = null (fallback to raft.grpc.server.host)
2023-08-28 09:34:47,972 [main] INFO  grpc.GrpcConfigKeys (ConfUtils.java:logGet(46)) - raft.grpc.admin.port = 15199 (custom)
2023-08-28 09:34:47,972 [main] INFO  grpc.GrpcConfigKeys (ConfUtils.java:logFallback(53)) - raft.grpc.client.host = null (fallback to raft.grpc.server.host)
2023-08-28 09:34:47,972 [main] INFO  grpc.GrpcConfigKeys (ConfUtils.java:logGet(46)) - raft.grpc.client.port = 15198 (custom)
2023-08-28 09:34:47,972 [main] INFO  grpc.GrpcConfigKeys (ConfUtils.java:logGet(46)) - raft.grpc.server.host = null (default)
2023-08-28 09:34:47,972 [main] INFO  grpc.GrpcConfigKeys (ConfUtils.java:logGet(46)) - raft.grpc.server.port = 15200 (custom)
2023-08-28 09:34:47,972 [main] INFO  server.GrpcService (ConfUtils.java:logGet(46)) - raft.grpc.message.size.max = 32MB (=33554432) (custom)
2023-08-28 09:34:47,973 [main] INFO  server.RaftServerConfigKeys (ConfUtils.java:logGet(46)) - raft.server.log.appender.buffer.byte-limit = 33554432 (custom)
2023-08-28 09:34:47,973 [main] INFO  server.GrpcService (ConfUtils.java:logGet(46)) - raft.grpc.flow.control.window = 5MB (=5242880) (custom)
2023-08-28 09:34:47,973 [main] INFO  server.RaftServerConfigKeys (ConfUtils.java:logGet(46)) - raft.server.rpc.request.timeout = 60s (custom)
2023-08-28 09:34:47,973 [main] INFO  grpc.GrpcConfigKeys (ConfUtils.java:logGet(46)) - raft.grpc.server.heartbeat.channel = true (default)
2023-08-28 09:34:47,973 [main] INFO  grpc.GrpcConfigKeys (ConfUtils.java:logGet(46)) - raft.grpc.server.async.request.thread.pool.cached = true (default)
2023-08-28 09:34:47,973 [main] INFO  grpc.GrpcConfigKeys (ConfUtils.java:logGet(46)) - raft.grpc.server.async.request.thread.pool.size = 32 (default)
2023-08-28 09:34:47,976 [main] INFO  impl.DataStreamServerImpl (ConfUtils.java:logGet(46)) - raft.datastream.type = NETTY (custom)
2023-08-28 09:34:47,976 [main] INFO  server.RaftServerConfigKeys (ConfUtils.java:logGet(46)) - raft.server.data-stream.async.request.thread.pool.cached = false (default)
2023-08-28 09:34:47,976 [main] INFO  server.RaftServerConfigKeys (ConfUtils.java:logGet(46)) - raft.server.data-stream.async.request.thread.pool.size = 20 (custom)
2023-08-28 09:34:47,976 [main] INFO  server.RaftServerConfigKeys (ConfUtils.java:logGet(46)) - raft.server.data-stream.async.write.thread.pool.size = 16 (default)
2023-08-28 09:34:47,976 [main] INFO  server.RaftServerConfigKeys (ConfUtils.java:logGet(46)) - raft.server.data-stream.client.pool.size = 10 (default)
2023-08-28 09:34:47,976 [main] INFO  netty.NettyConfigKeys$DataStream (ConfUtils.java:logGet(46)) - raft.netty.dataStream.server.use-epoll = false (default)
2023-08-28 09:34:47,976 [main] INFO  netty.NettyConfigKeys$DataStream (ConfUtils.java:logGet(46)) - raft.netty.dataStream.server.boss-group.size = 0 (default)
2023-08-28 09:34:47,977 [main] INFO  netty.NettyConfigKeys$DataStream (ConfUtils.java:logGet(46)) - raft.netty.dataStream.server.worker-group.size = 0 (default)
2023-08-28 09:34:47,977 [main] INFO  netty.NettyConfigKeys$DataStream (ConfUtils.java:logGet(46)) - raft.netty.dataStream.server.tls.conf = null (default)
2023-08-28 09:34:47,977 [main] INFO  netty.NettyConfigKeys$DataStream (ConfUtils.java:logGet(46)) - raft.netty.dataStream.host = null (default)
2023-08-28 09:34:47,977 [main] INFO  netty.NettyConfigKeys$DataStream (ConfUtils.java:logGet(46)) - raft.netty.dataStream.port = 15201 (custom)
2023-08-28 09:34:47,978 [main] INFO  server.RaftServerConfigKeys (ConfUtils.java:logGet(46)) - raft.server.threadpool.proxy.cached = true (default)
2023-08-28 09:34:47,978 [main] INFO  server.RaftServerConfigKeys (ConfUtils.java:logGet(46)) - raft.server.threadpool.proxy.size = 0 (default)
2023-08-28 09:34:47,978 [main] INFO  server.RaftServerConfigKeys (ConfUtils.java:logGet(46)) - raft.server.rpc.slowness.timeout = 300s (custom)
2023-08-28 09:34:47,978 [main] INFO  server.RaftServerConfigKeys (ConfUtils.java:logGet(46)) - raft.server.leaderelection.leader.step-down.wait-time = 10s (default)
2023-08-28 09:34:47,978 [a19c494f-397f-4b39-bf2c-38c439f3a5ad-NettyServerStreamRpc-bossGroup--thread1] INFO  logging.LoggingHandler (AbstractInternalLogger.java:log(148)) - [id: 0xaaf8be54] REGISTERED
2023-08-28 09:34:47,978 [main] INFO  server.RaftServerConfigKeys (ConfUtils.java:logGet(46)) - raft.server.storage.dir = [/home/runner/work/ozone/ozone/hadoop-ozone/integration-test/target/test-dir/MiniOzoneClusterImpl-b3d20441-1363-4d90-8b75-dcc1ba5546e4/datanode-3/data/ratis] (custom)
2023-08-28 09:34:47,978 [a19c494f-397f-4b39-bf2c-38c439f3a5ad-NettyServerStreamRpc-bossGroup--thread1] INFO  logging.LoggingHandler (AbstractInternalLogger.java:log(148)) - [id: 0xaaf8be54] BIND: 0.0.0.0/0.0.0.0:15201
2023-08-28 09:34:47,979 [a19c494f-397f-4b39-bf2c-38c439f3a5ad-impl-thread1] INFO  server.RaftServer (RaftServerProxy.java:initGroupDir(258)) - a19c494f-397f-4b39-bf2c-38c439f3a5ad: found a subdirectory /home/runner/work/ozone/ozone/hadoop-ozone/integration-test/target/test-dir/MiniOzoneClusterImpl-b3d20441-1363-4d90-8b75-dcc1ba5546e4/datanode-3/data/ratis/tmp
2023-08-28 09:34:47,979 [a19c494f-397f-4b39-bf2c-38c439f3a5ad-impl-thread1] INFO  server.RaftServer (RaftServerProxy.java:initGroupDir(263)) - a19c494f-397f-4b39-bf2c-38c439f3a5ad: The directory /home/runner/work/ozone/ozone/hadoop-ozone/integration-test/target/test-dir/MiniOzoneClusterImpl-b3d20441-1363-4d90-8b75-dcc1ba5546e4/datanode-3/data/ratis/tmp is not a group directory; ignoring it. 
2023-08-28 09:34:47,979 [a19c494f-397f-4b39-bf2c-38c439f3a5ad-NettyServerStreamRpc-bossGroup--thread1] INFO  logging.LoggingHandler (AbstractInternalLogger.java:log(148)) - [id: 0xaaf8be54, L:/0:0:0:0:0:0:0:0:15201] ACTIVE
2023-08-28 09:34:47,979 [main] INFO  replication.ReplicationServer (ReplicationServer.java:<init>(81)) - Initializing replication server with thread count = 10
2023-08-28 09:34:47,980 [main] INFO  server.XceiverServerGrpc (XceiverServerGrpc.java:<init>(132)) - GrpcServer channel type EpollServerSocketChannel
2023-08-28 09:34:47,981 [main] INFO  replication.ReplicationSupervisor (ReplicationSupervisor.java:build(155)) - Initializing replication supervisor with thread count = 10
2023-08-28 09:34:47,981 [main] INFO  replication.ReplicationSupervisor (ReplicationSupervisor.java:nodeStateUpdated(307)) - Node state updated to IN_SERVICE, scaling executor pool size to 10
2023-08-28 09:34:47,983 [main] INFO  http.BaseHttpServer (BaseHttpServer.java:newHttpServer2BuilderForOzone(223)) - Starting Web-server for hddsDatanode at: http://0.0.0.0:15195
2023-08-28 09:34:47,983 [main] INFO  http.BaseHttpServer (BaseHttpServer.java:<init>(110)) - Hadoop Security Enabled: false Ozone Security Enabled: false Ozone HTTP Security Enabled: false 
2023-08-28 09:34:47,984 [main] WARN  server.AuthenticationFilter (AuthenticationFilter.java:constructSecretProvider(240)) - Unable to initialize FileSignerSecretProvider, falling back to use random secrets. Reason: Could not read signature secret file: /home/runner/hadoop-http-auth-signature-secret
2023-08-28 09:34:47,985 [main] INFO  http.HttpRequestLog (HttpRequestLog.java:getRequestLog(86)) - Http request log for http.requests.hddsDatanode is not defined
2023-08-28 09:34:47,986 [main] INFO  http.HttpServer2 (HttpServer2.java:addGlobalFilter(1031)) - Added global filter 'safety' (class=org.apache.hadoop.hdds.server.http.HttpServer2$QuotingInputFilter)
2023-08-28 09:34:47,986 [main] INFO  http.HttpServer2 (HttpServer2.java:addFilter(1007)) - Added filter static_user_filter (class=org.apache.hadoop.http.lib.StaticUserWebFilter$StaticUserFilter) to context hddsDatanode
2023-08-28 09:34:47,986 [main] INFO  http.HttpServer2 (HttpServer2.java:addFilter(1015)) - Added filter static_user_filter (class=org.apache.hadoop.http.lib.StaticUserWebFilter$StaticUserFilter) to context logs
2023-08-28 09:34:47,986 [main] INFO  http.HttpServer2 (HttpServer2.java:addFilter(1015)) - Added filter static_user_filter (class=org.apache.hadoop.http.lib.StaticUserWebFilter$StaticUserFilter) to context static
2023-08-28 09:34:47,987 [main] INFO  http.BaseHttpServer (BaseHttpServer.java:<init>(189)) - HTTP server of hddsDatanode uses base directory /home/runner/work/ozone/ozone/hadoop-ozone/integration-test/target/test-dir/MiniOzoneClusterImpl-b3d20441-1363-4d90-8b75-dcc1ba5546e4/datanode-3/meta/webserver
2023-08-28 09:34:47,987 [main] INFO  http.HttpServer2 (HttpServer2.java:bindListener(1231)) - Jetty bound to port 15195
2023-08-28 09:34:47,987 [main] INFO  server.Server (Server.java:doStart(375)) - jetty-9.4.51.v20230217; built: 2023-02-17T08:19:37.309Z; git: b45c405e4544384de066f814ed42ae3dceacdd49; jvm 1.8.0_382-b05
2023-08-28 09:34:47,989 [main] INFO  server.session (DefaultSessionIdManager.java:doStart(334)) - DefaultSessionIdManager workerName=node0
2023-08-28 09:34:47,989 [main] INFO  server.session (DefaultSessionIdManager.java:doStart(339)) - No SessionScavenger set, using defaults
2023-08-28 09:34:47,989 [main] INFO  server.session (HouseKeeper.java:startScavenging(132)) - node0 Scavenging every 600000ms
2023-08-28 09:34:47,990 [main] INFO  handler.ContextHandler (ContextHandler.java:doStart(921)) - Started o.e.j.s.ServletContextHandler@75505110{logs,/logs,file:///home/runner/work/ozone/ozone/hadoop-ozone/integration-test/target/log,AVAILABLE}
2023-08-28 09:34:47,990 [main] INFO  handler.ContextHandler (ContextHandler.java:doStart(921)) - Started o.e.j.s.ServletContextHandler@740e57fc{static,/static,jar:file:/home/runner/.m2/repository/org/apache/ozone/hdds-container-service/1.4.0-SNAPSHOT/hdds-container-service-1.4.0-SNAPSHOT.jar!/webapps/static,AVAILABLE}
2023-08-28 09:34:48,180 [main] INFO  handler.ContextHandler (ContextHandler.java:doStart(921)) - Started o.e.j.w.WebAppContext@f95024{hddsDatanode,/,file:///home/runner/work/ozone/ozone/hadoop-ozone/integration-test/target/test-dir/MiniOzoneClusterImpl-b3d20441-1363-4d90-8b75-dcc1ba5546e4/datanode-3/meta/webserver/jetty-0_0_0_0-15195-hdds-container-service-1_4_0-SNAPSHOT_jar-_-any-8827048735477503784/webapp/,AVAILABLE}{jar:file:/home/runner/.m2/repository/org/apache/ozone/hdds-container-service/1.4.0-SNAPSHOT/hdds-container-service-1.4.0-SNAPSHOT.jar!/webapps/hddsDatanode}
2023-08-28 09:34:48,182 [main] INFO  server.AbstractConnector (AbstractConnector.java:doStart(333)) - Started ServerConnector@cf3dce6{HTTP/1.1, (http/1.1)}{0.0.0.0:15195}
2023-08-28 09:34:48,182 [main] INFO  server.Server (Server.java:doStart(415)) - Started @236520ms
2023-08-28 09:34:48,182 [main] WARN  impl.MetricsSystemImpl (MetricsSystemImpl.java:register(279)) - Sink prometheus already exists!
2023-08-28 09:34:48,183 [main] INFO  http.BaseHttpServer (BaseHttpServer.java:updateConnectorAddress(354)) - HTTP server of hddsDatanode listening at http://0.0.0.0:15195
2023-08-28 09:34:48,183 [main] INFO  ipc.CallQueueManager (CallQueueManager.java:<init>(90)) - Using callQueue: class java.util.concurrent.LinkedBlockingQueue, queueCapacity: 100, scheduler: class org.apache.hadoop.ipc.DefaultRpcScheduler, ipcBackoff: false.
2023-08-28 09:34:48,184 [main] INFO  ipc.Server (Server.java:<init>(1287)) - Listener at 0.0.0.0:15196
2023-08-28 09:34:48,184 [Socket Reader #1 for port 15196] INFO  ipc.Server (Server.java:run(1323)) - Starting Socket Reader #1 for port 15196
2023-08-28 09:34:48,190 [main] INFO  ozone.HddsDatanodeService (HddsDatanodeService.java:start(315)) - Datanode start with admins: [runner]
2023-08-28 09:34:48,190 [main] INFO  ozone.HddsDatanodeClientProtocolServer (HddsDatanodeClientProtocolServer.java:start(72)) - RPC server for Client /0.0.0.0:15196
2023-08-28 09:34:48,190 [IPC Server Responder] INFO  ipc.Server (Server.java:run(1562)) - IPC Server Responder: starting
2023-08-28 09:34:48,190 [IPC Server listener on 15196] INFO  ipc.Server (Server.java:run(1402)) - IPC Server listener on 15196: starting
2023-08-28 09:34:48,192 [main] WARN  impl.MetricRegistriesImpl (MetricRegistriesImpl.java:addReporterRegistration(111)) - New reporters are added after registries were created. Some metrics will be missing from the reporter. Please add reporter before adding any new registry.
2023-08-28 09:34:48,193 [main] WARN  impl.MetricRegistriesImpl (MetricRegistriesImpl.java:addReporterRegistration(111)) - New reporters are added after registries were created. Some metrics will be missing from the reporter. Please add reporter before adding any new registry.
2023-08-28 09:34:48,193 [main] INFO  impl.MetricsSystemImpl (MetricsSystemImpl.java:init(158)) - HddsDatanode metrics system started (again)
2023-08-28 09:34:48,201 [Datanode State Machine Daemon Thread] INFO  statemachine.DatanodeStateMachine (DatanodeStateMachine.java:lambda$startDaemon$0(538)) - Ozone container server started.
2023-08-28 09:34:48,207 [Datanode State Machine Task Thread - 0] INFO  datanode.InitDatanodeState (InitDatanodeState.java:persistContainerDatanodeDetails(138)) - DatanodeDetails is persisted to /home/runner/work/ozone/ozone/hadoop-ozone/integration-test/target/test-dir/MiniOzoneClusterImpl-b3d20441-1363-4d90-8b75-dcc1ba5546e4/datanode-3/meta/datanode.id
2023-08-28 09:34:48,212 [main] INFO  ozone.HddsDatanodeService (HddsDatanodeService.java:start(237)) - HddsDatanodeService host:fv-az625-77.ififypym2nee5jib2gmjcfh3fc.bx.internal.cloudapp.net ip:10.1.0.27
2023-08-28 09:34:48,244 [main] INFO  upgrade.AbstractLayoutVersionManager (AbstractLayoutVersionManager.java:init(83)) - Initializing Layout version manager with metadata layout = HADOOP_PRC_PORTS_IN_DATANODEDETAILS (version = 7), software layout = HADOOP_PRC_PORTS_IN_DATANODEDETAILS (version = 7)
2023-08-28 09:34:48,245 [main] INFO  statemachine.DatanodeStateMachine (DatanodeStateMachine.java:getEndPointTaskThreadPoolSize(282)) - Datanode State Machine Task Thread Pool size 2
2023-08-28 09:34:48,246 [main] INFO  volume.HddsVolume (HddsVolume.java:<init>(126)) - Creating HddsVolume: /home/runner/work/ozone/ozone/hadoop-ozone/integration-test/target/test-dir/MiniOzoneClusterImpl-b3d20441-1363-4d90-8b75-dcc1ba5546e4/datanode-4/data-0/containers/hdds of storage type : DISK capacity : 9223372036854775807
2023-08-28 09:34:48,246 [main] INFO  volume.MutableVolumeSet (MutableVolumeSet.java:initializeVolumeSet(173)) - Added Volume : /home/runner/work/ozone/ozone/hadoop-ozone/integration-test/target/test-dir/MiniOzoneClusterImpl-b3d20441-1363-4d90-8b75-dcc1ba5546e4/datanode-4/data-0/containers/hdds to VolumeSet
2023-08-28 09:34:48,247 [main] INFO  volume.MutableVolumeSet (MutableVolumeSet.java:initializeVolumeSet(173)) - Added Volume : /home/runner/work/ozone/ozone/hadoop-ozone/integration-test/target/test-dir/MiniOzoneClusterImpl-b3d20441-1363-4d90-8b75-dcc1ba5546e4/datanode-4/data/ratis to VolumeSet
2023-08-28 09:34:48,251 [Thread-2003] INFO  ozoneimpl.ContainerReader (ContainerReader.java:readVolume(177)) - Finish verifying containers on volume /home/runner/work/ozone/ozone/hadoop-ozone/integration-test/target/test-dir/MiniOzoneClusterImpl-b3d20441-1363-4d90-8b75-dcc1ba5546e4/datanode-4/data-0/containers/hdds
2023-08-28 09:34:48,251 [main] INFO  ozoneimpl.OzoneContainer (OzoneContainer.java:buildContainerSet(314)) - Build ContainerSet costs 0s
2023-08-28 09:34:48,252 [main] INFO  server.RaftServer (ConfUtils.java:logGet(46)) - raft.rpc.type = GRPC (default)
2023-08-28 09:34:48,253 [main] INFO  grpc.GrpcConfigKeys (ConfUtils.java:logFallback(53)) - raft.grpc.admin.host = null (fallback to raft.grpc.server.host)
2023-08-28 09:34:48,253 [main] INFO  grpc.GrpcConfigKeys (ConfUtils.java:logGet(46)) - raft.grpc.admin.port = 15208 (custom)
2023-08-28 09:34:48,253 [main] INFO  grpc.GrpcConfigKeys (ConfUtils.java:logFallback(53)) - raft.grpc.client.host = null (fallback to raft.grpc.server.host)
2023-08-28 09:34:48,253 [main] INFO  grpc.GrpcConfigKeys (ConfUtils.java:logGet(46)) - raft.grpc.client.port = 15207 (custom)
2023-08-28 09:34:48,253 [main] INFO  grpc.GrpcConfigKeys (ConfUtils.java:logGet(46)) - raft.grpc.server.host = null (default)
2023-08-28 09:34:48,253 [main] INFO  grpc.GrpcConfigKeys (ConfUtils.java:logGet(46)) - raft.grpc.server.port = 15209 (custom)
2023-08-28 09:34:48,253 [main] INFO  server.GrpcService (ConfUtils.java:logGet(46)) - raft.grpc.message.size.max = 32MB (=33554432) (custom)
2023-08-28 09:34:48,253 [main] INFO  server.RaftServerConfigKeys (ConfUtils.java:logGet(46)) - raft.server.log.appender.buffer.byte-limit = 33554432 (custom)
2023-08-28 09:34:48,253 [main] INFO  server.GrpcService (ConfUtils.java:logGet(46)) - raft.grpc.flow.control.window = 5MB (=5242880) (custom)
2023-08-28 09:34:48,253 [main] INFO  server.RaftServerConfigKeys (ConfUtils.java:logGet(46)) - raft.server.rpc.request.timeout = 60s (custom)
2023-08-28 09:34:48,254 [main] INFO  grpc.GrpcConfigKeys (ConfUtils.java:logGet(46)) - raft.grpc.server.heartbeat.channel = true (default)
2023-08-28 09:34:48,254 [main] INFO  grpc.GrpcConfigKeys (ConfUtils.java:logGet(46)) - raft.grpc.server.async.request.thread.pool.cached = true (default)
2023-08-28 09:34:48,254 [main] INFO  grpc.GrpcConfigKeys (ConfUtils.java:logGet(46)) - raft.grpc.server.async.request.thread.pool.size = 32 (default)
2023-08-28 09:34:48,256 [main] INFO  impl.DataStreamServerImpl (ConfUtils.java:logGet(46)) - raft.datastream.type = NETTY (custom)
2023-08-28 09:34:48,257 [main] INFO  server.RaftServerConfigKeys (ConfUtils.java:logGet(46)) - raft.server.data-stream.async.request.thread.pool.cached = false (default)
2023-08-28 09:34:48,257 [main] INFO  server.RaftServerConfigKeys (ConfUtils.java:logGet(46)) - raft.server.data-stream.async.request.thread.pool.size = 20 (custom)
2023-08-28 09:34:48,257 [main] INFO  server.RaftServerConfigKeys (ConfUtils.java:logGet(46)) - raft.server.data-stream.async.write.thread.pool.size = 16 (default)
2023-08-28 09:34:48,257 [main] INFO  server.RaftServerConfigKeys (ConfUtils.java:logGet(46)) - raft.server.data-stream.client.pool.size = 10 (default)
2023-08-28 09:34:48,257 [main] INFO  netty.NettyConfigKeys$DataStream (ConfUtils.java:logGet(46)) - raft.netty.dataStream.server.use-epoll = false (default)
2023-08-28 09:34:48,257 [main] INFO  netty.NettyConfigKeys$DataStream (ConfUtils.java:logGet(46)) - raft.netty.dataStream.server.boss-group.size = 0 (default)
2023-08-28 09:34:48,257 [main] INFO  netty.NettyConfigKeys$DataStream (ConfUtils.java:logGet(46)) - raft.netty.dataStream.server.worker-group.size = 0 (default)
2023-08-28 09:34:48,258 [main] INFO  netty.NettyConfigKeys$DataStream (ConfUtils.java:logGet(46)) - raft.netty.dataStream.server.tls.conf = null (default)
2023-08-28 09:34:48,258 [main] INFO  netty.NettyConfigKeys$DataStream (ConfUtils.java:logGet(46)) - raft.netty.dataStream.host = null (default)
2023-08-28 09:34:48,258 [main] INFO  netty.NettyConfigKeys$DataStream (ConfUtils.java:logGet(46)) - raft.netty.dataStream.port = 15210 (custom)
2023-08-28 09:34:48,262 [main] INFO  server.RaftServerConfigKeys (ConfUtils.java:logGet(46)) - raft.server.threadpool.proxy.cached = true (default)
2023-08-28 09:34:48,262 [main] INFO  server.RaftServerConfigKeys (ConfUtils.java:logGet(46)) - raft.server.threadpool.proxy.size = 0 (default)
2023-08-28 09:34:48,263 [main] INFO  server.RaftServerConfigKeys (ConfUtils.java:logGet(46)) - raft.server.rpc.slowness.timeout = 300s (custom)
2023-08-28 09:34:48,263 [main] INFO  server.RaftServerConfigKeys (ConfUtils.java:logGet(46)) - raft.server.leaderelection.leader.step-down.wait-time = 10s (default)
2023-08-28 09:34:48,263 [main] INFO  server.RaftServerConfigKeys (ConfUtils.java:logGet(46)) - raft.server.storage.dir = [/home/runner/work/ozone/ozone/hadoop-ozone/integration-test/target/test-dir/MiniOzoneClusterImpl-b3d20441-1363-4d90-8b75-dcc1ba5546e4/datanode-4/data/ratis] (custom)
2023-08-28 09:34:48,265 [420b2733-082d-40f5-8baf-45346d279295-NettyServerStreamRpc-bossGroup--thread1] INFO  logging.LoggingHandler (AbstractInternalLogger.java:log(148)) - [id: 0x8f525d37] REGISTERED
2023-08-28 09:34:48,265 [420b2733-082d-40f5-8baf-45346d279295-NettyServerStreamRpc-bossGroup--thread1] INFO  logging.LoggingHandler (AbstractInternalLogger.java:log(148)) - [id: 0x8f525d37] BIND: 0.0.0.0/0.0.0.0:15210
2023-08-28 09:34:48,265 [420b2733-082d-40f5-8baf-45346d279295-NettyServerStreamRpc-bossGroup--thread1] INFO  logging.LoggingHandler (AbstractInternalLogger.java:log(148)) - [id: 0x8f525d37, L:/0:0:0:0:0:0:0:0:15210] ACTIVE
2023-08-28 09:34:48,266 [420b2733-082d-40f5-8baf-45346d279295-impl-thread1] INFO  server.RaftServer (RaftServerProxy.java:initGroupDir(258)) - 420b2733-082d-40f5-8baf-45346d279295: found a subdirectory /home/runner/work/ozone/ozone/hadoop-ozone/integration-test/target/test-dir/MiniOzoneClusterImpl-b3d20441-1363-4d90-8b75-dcc1ba5546e4/datanode-4/data/ratis/tmp
2023-08-28 09:34:48,266 [420b2733-082d-40f5-8baf-45346d279295-impl-thread1] INFO  server.RaftServer (RaftServerProxy.java:initGroupDir(263)) - 420b2733-082d-40f5-8baf-45346d279295: The directory /home/runner/work/ozone/ozone/hadoop-ozone/integration-test/target/test-dir/MiniOzoneClusterImpl-b3d20441-1363-4d90-8b75-dcc1ba5546e4/datanode-4/data/ratis/tmp is not a group directory; ignoring it. 
2023-08-28 09:34:48,269 [main] INFO  replication.ReplicationServer (ReplicationServer.java:<init>(81)) - Initializing replication server with thread count = 10
2023-08-28 09:34:48,270 [main] INFO  server.XceiverServerGrpc (XceiverServerGrpc.java:<init>(132)) - GrpcServer channel type EpollServerSocketChannel
2023-08-28 09:34:48,271 [main] INFO  replication.ReplicationSupervisor (ReplicationSupervisor.java:build(155)) - Initializing replication supervisor with thread count = 10
2023-08-28 09:34:48,271 [main] INFO  replication.ReplicationSupervisor (ReplicationSupervisor.java:nodeStateUpdated(307)) - Node state updated to IN_SERVICE, scaling executor pool size to 10
2023-08-28 09:34:48,273 [main] INFO  http.BaseHttpServer (BaseHttpServer.java:newHttpServer2BuilderForOzone(223)) - Starting Web-server for hddsDatanode at: http://0.0.0.0:15204
2023-08-28 09:34:48,273 [main] INFO  http.BaseHttpServer (BaseHttpServer.java:<init>(110)) - Hadoop Security Enabled: false Ozone Security Enabled: false Ozone HTTP Security Enabled: false 
2023-08-28 09:34:48,274 [main] WARN  server.AuthenticationFilter (AuthenticationFilter.java:constructSecretProvider(240)) - Unable to initialize FileSignerSecretProvider, falling back to use random secrets. Reason: Could not read signature secret file: /home/runner/hadoop-http-auth-signature-secret
2023-08-28 09:34:48,276 [main] INFO  http.HttpRequestLog (HttpRequestLog.java:getRequestLog(86)) - Http request log for http.requests.hddsDatanode is not defined
2023-08-28 09:34:48,277 [main] INFO  http.HttpServer2 (HttpServer2.java:addGlobalFilter(1031)) - Added global filter 'safety' (class=org.apache.hadoop.hdds.server.http.HttpServer2$QuotingInputFilter)
2023-08-28 09:34:48,277 [main] INFO  http.HttpServer2 (HttpServer2.java:addFilter(1007)) - Added filter static_user_filter (class=org.apache.hadoop.http.lib.StaticUserWebFilter$StaticUserFilter) to context hddsDatanode
2023-08-28 09:34:48,278 [main] INFO  http.HttpServer2 (HttpServer2.java:addFilter(1015)) - Added filter static_user_filter (class=org.apache.hadoop.http.lib.StaticUserWebFilter$StaticUserFilter) to context static
2023-08-28 09:34:48,278 [main] INFO  http.HttpServer2 (HttpServer2.java:addFilter(1015)) - Added filter static_user_filter (class=org.apache.hadoop.http.lib.StaticUserWebFilter$StaticUserFilter) to context logs
2023-08-28 09:34:48,278 [main] INFO  http.BaseHttpServer (BaseHttpServer.java:<init>(189)) - HTTP server of hddsDatanode uses base directory /home/runner/work/ozone/ozone/hadoop-ozone/integration-test/target/test-dir/MiniOzoneClusterImpl-b3d20441-1363-4d90-8b75-dcc1ba5546e4/datanode-4/meta/webserver
2023-08-28 09:34:48,278 [main] INFO  http.HttpServer2 (HttpServer2.java:bindListener(1231)) - Jetty bound to port 15204
2023-08-28 09:34:48,279 [main] INFO  server.Server (Server.java:doStart(375)) - jetty-9.4.51.v20230217; built: 2023-02-17T08:19:37.309Z; git: b45c405e4544384de066f814ed42ae3dceacdd49; jvm 1.8.0_382-b05
2023-08-28 09:34:48,280 [main] INFO  server.session (DefaultSessionIdManager.java:doStart(334)) - DefaultSessionIdManager workerName=node0
2023-08-28 09:34:48,280 [main] INFO  server.session (DefaultSessionIdManager.java:doStart(339)) - No SessionScavenger set, using defaults
2023-08-28 09:34:48,280 [main] INFO  server.session (HouseKeeper.java:startScavenging(132)) - node0 Scavenging every 660000ms
2023-08-28 09:34:48,281 [main] INFO  handler.ContextHandler (ContextHandler.java:doStart(921)) - Started o.e.j.s.ServletContextHandler@30abe186{logs,/logs,file:///home/runner/work/ozone/ozone/hadoop-ozone/integration-test/target/log,AVAILABLE}
2023-08-28 09:34:48,281 [main] INFO  handler.ContextHandler (ContextHandler.java:doStart(921)) - Started o.e.j.s.ServletContextHandler@5307d746{static,/static,jar:file:/home/runner/.m2/repository/org/apache/ozone/hdds-container-service/1.4.0-SNAPSHOT/hdds-container-service-1.4.0-SNAPSHOT.jar!/webapps/static,AVAILABLE}
2023-08-28 09:34:48,472 [main] INFO  handler.ContextHandler (ContextHandler.java:doStart(921)) - Started o.e.j.w.WebAppContext@316471cf{hddsDatanode,/,file:///home/runner/work/ozone/ozone/hadoop-ozone/integration-test/target/test-dir/MiniOzoneClusterImpl-b3d20441-1363-4d90-8b75-dcc1ba5546e4/datanode-4/meta/webserver/jetty-0_0_0_0-15204-hdds-container-service-1_4_0-SNAPSHOT_jar-_-any-8028514307382681759/webapp/,AVAILABLE}{jar:file:/home/runner/.m2/repository/org/apache/ozone/hdds-container-service/1.4.0-SNAPSHOT/hdds-container-service-1.4.0-SNAPSHOT.jar!/webapps/hddsDatanode}
2023-08-28 09:34:48,475 [main] INFO  server.AbstractConnector (AbstractConnector.java:doStart(333)) - Started ServerConnector@6549d697{HTTP/1.1, (http/1.1)}{0.0.0.0:15204}
2023-08-28 09:34:48,475 [main] INFO  server.Server (Server.java:doStart(415)) - Started @236813ms
2023-08-28 09:34:48,475 [main] WARN  impl.MetricsSystemImpl (MetricsSystemImpl.java:register(279)) - Sink prometheus already exists!
2023-08-28 09:34:48,476 [main] INFO  http.BaseHttpServer (BaseHttpServer.java:updateConnectorAddress(354)) - HTTP server of hddsDatanode listening at http://0.0.0.0:15204
2023-08-28 09:34:48,476 [main] INFO  ipc.CallQueueManager (CallQueueManager.java:<init>(90)) - Using callQueue: class java.util.concurrent.LinkedBlockingQueue, queueCapacity: 100, scheduler: class org.apache.hadoop.ipc.DefaultRpcScheduler, ipcBackoff: false.
2023-08-28 09:34:48,477 [main] INFO  ipc.Server (Server.java:<init>(1287)) - Listener at 0.0.0.0:15205
2023-08-28 09:34:48,477 [Socket Reader #1 for port 15205] INFO  ipc.Server (Server.java:run(1323)) - Starting Socket Reader #1 for port 15205
2023-08-28 09:34:48,482 [main] INFO  ozone.HddsDatanodeService (HddsDatanodeService.java:start(315)) - Datanode start with admins: [runner]
2023-08-28 09:34:48,482 [main] INFO  ozone.HddsDatanodeClientProtocolServer (HddsDatanodeClientProtocolServer.java:start(72)) - RPC server for Client /0.0.0.0:15205
2023-08-28 09:34:48,482 [IPC Server Responder] INFO  ipc.Server (Server.java:run(1562)) - IPC Server Responder: starting
2023-08-28 09:34:48,485 [Datanode State Machine Daemon Thread] INFO  statemachine.DatanodeStateMachine (DatanodeStateMachine.java:lambda$startDaemon$0(538)) - Ozone container server started.
2023-08-28 09:34:48,486 [IPC Server listener on 15205] INFO  ipc.Server (Server.java:run(1402)) - IPC Server listener on 15205: starting
2023-08-28 09:34:48,486 [main] INFO  ozone.MiniOzoneClusterImpl (MiniOzoneClusterImpl.java:lambda$waitForClusterToBeReady$0(224)) - Waiting for nodes to be ready. Got 0 of 5 DN Heartbeats.
2023-08-28 09:34:48,493 [main] INFO  ozone.MiniOzoneClusterImpl (MiniOzoneClusterImpl.java:lambda$waitForClusterToBeReady$0(227)) - Waiting for cluster to exit safe mode
2023-08-28 09:34:48,493 [main] INFO  ozone.MiniOzoneClusterImpl (MiniOzoneClusterImpl.java:lambda$waitForClusterToBeReady$0(229)) - SCM became leader
2023-08-28 09:34:48,497 [Datanode State Machine Task Thread - 0] INFO  datanode.InitDatanodeState (InitDatanodeState.java:persistContainerDatanodeDetails(138)) - DatanodeDetails is persisted to /home/runner/work/ozone/ozone/hadoop-ozone/integration-test/target/test-dir/MiniOzoneClusterImpl-b3d20441-1363-4d90-8b75-dcc1ba5546e4/datanode-4/meta/datanode.id
2023-08-28 09:34:49,388 [EndpointStateMachine task thread for /0.0.0.0:15161 - 0 ] INFO  utils.DatanodeStoreCache (DatanodeStoreCache.java:addDB(66)) - Added db /home/runner/work/ozone/ozone/hadoop-ozone/integration-test/target/test-dir/MiniOzoneClusterImpl-b3d20441-1363-4d90-8b75-dcc1ba5546e4/datanode-0/data-0/containers/hdds/b3d20441-1363-4d90-8b75-dcc1ba5546e4/DS-7405f9cd-7655-43cb-8a31-00c479d4566a/container.db to cache
2023-08-28 09:34:49,388 [EndpointStateMachine task thread for /0.0.0.0:15161 - 0 ] INFO  volume.HddsVolume (HddsVolume.java:createDbStore(422)) - SchemaV3 db is created and loaded at /home/runner/work/ozone/ozone/hadoop-ozone/integration-test/target/test-dir/MiniOzoneClusterImpl-b3d20441-1363-4d90-8b75-dcc1ba5546e4/datanode-0/data-0/containers/hdds/b3d20441-1363-4d90-8b75-dcc1ba5546e4/DS-7405f9cd-7655-43cb-8a31-00c479d4566a/container.db for volume DS-7405f9cd-7655-43cb-8a31-00c479d4566a
2023-08-28 09:34:49,389 [EndpointStateMachine task thread for /0.0.0.0:15161 - 0 ] INFO  volume.ThrottledAsyncChecker (ThrottledAsyncChecker.java:schedule(141)) - Scheduling a check for /home/runner/work/ozone/ozone/hadoop-ozone/integration-test/target/test-dir/MiniOzoneClusterImpl-b3d20441-1363-4d90-8b75-dcc1ba5546e4/datanode-0/data-0/containers/hdds
2023-08-28 09:34:49,389 [EndpointStateMachine task thread for /0.0.0.0:15161 - 0 ] INFO  volume.StorageVolumeChecker (StorageVolumeChecker.java:checkAllVolumes(213)) - Scheduled health check for volume /home/runner/work/ozone/ozone/hadoop-ozone/integration-test/target/test-dir/MiniOzoneClusterImpl-b3d20441-1363-4d90-8b75-dcc1ba5546e4/datanode-0/data-0/containers/hdds
2023-08-28 09:34:49,392 [EndpointStateMachine task thread for /0.0.0.0:15161 - 0 ] INFO  volume.ThrottledAsyncChecker (ThrottledAsyncChecker.java:schedule(141)) - Scheduling a check for /home/runner/work/ozone/ozone/hadoop-ozone/integration-test/target/test-dir/MiniOzoneClusterImpl-b3d20441-1363-4d90-8b75-dcc1ba5546e4/datanode-0/data/ratis
2023-08-28 09:34:49,392 [EndpointStateMachine task thread for /0.0.0.0:15161 - 0 ] INFO  volume.StorageVolumeChecker (StorageVolumeChecker.java:checkAllVolumes(213)) - Scheduled health check for volume /home/runner/work/ozone/ozone/hadoop-ozone/integration-test/target/test-dir/MiniOzoneClusterImpl-b3d20441-1363-4d90-8b75-dcc1ba5546e4/datanode-0/data/ratis
2023-08-28 09:34:49,394 [EndpointStateMachine task thread for /0.0.0.0:15161 - 0 ] INFO  ozoneimpl.OzoneContainer (OzoneContainer.java:start(429)) - Attempting to start container services.
2023-08-28 09:34:49,394 [EndpointStateMachine task thread for /0.0.0.0:15161 - 0 ] INFO  ozoneimpl.OzoneContainer (OzoneContainer.java:startContainerScrub(325)) - Scheduled background container scanners and the on-demand container scanner have been disabled.
2023-08-28 09:34:49,398 [EndpointStateMachine task thread for /0.0.0.0:15161 - 0 ] INFO  replication.ReplicationServer (ReplicationServer.java:start(130)) - ReplicationServer is started using port 15175
2023-08-28 09:34:49,398 [EndpointStateMachine task thread for /0.0.0.0:15161 - 0 ] INFO  ratis.XceiverServerRatis (XceiverServerRatis.java:start(517)) - Starting XceiverServerRatis ef3a886b-561e-496b-b271-3b32784cf0be
2023-08-28 09:34:49,398 [EndpointStateMachine task thread for /0.0.0.0:15161 - 0 ] INFO  server.RaftServer (RaftServerProxy.java:startImpl(400)) - ef3a886b-561e-496b-b271-3b32784cf0be: start RPC server
2023-08-28 09:34:49,400 [EndpointStateMachine task thread for /0.0.0.0:15161 - 0 ] INFO  server.GrpcService (GrpcService.java:startImpl(302)) - ef3a886b-561e-496b-b271-3b32784cf0be: GrpcService started, listening on 15171
2023-08-28 09:34:49,402 [EndpointStateMachine task thread for /0.0.0.0:15161 - 0 ] INFO  server.GrpcService (GrpcService.java:startImpl(302)) - ef3a886b-561e-496b-b271-3b32784cf0be: GrpcService started, listening on 15173
2023-08-28 09:34:49,403 [EndpointStateMachine task thread for /0.0.0.0:15161 - 0 ] INFO  server.GrpcService (GrpcService.java:startImpl(302)) - ef3a886b-561e-496b-b271-3b32784cf0be: GrpcService started, listening on 15172
2023-08-28 09:34:49,405 [EndpointStateMachine task thread for /0.0.0.0:15161 - 0 ] INFO  ratis.XceiverServerRatis (XceiverServerRatis.java:getRealPort(543)) - XceiverServerRatis ef3a886b-561e-496b-b271-3b32784cf0be is started using port 15171 for RATIS
2023-08-28 09:34:49,405 [EndpointStateMachine task thread for /0.0.0.0:15161 - 0 ] INFO  ratis.XceiverServerRatis (XceiverServerRatis.java:getRealPort(543)) - XceiverServerRatis ef3a886b-561e-496b-b271-3b32784cf0be is started using port 15172 for RATIS_ADMIN
2023-08-28 09:34:49,405 [JvmPauseMonitor23] INFO  util.JvmPauseMonitor (JvmPauseMonitor.java:run(103)) - JvmPauseMonitor-ef3a886b-561e-496b-b271-3b32784cf0be: Started
2023-08-28 09:34:49,405 [EndpointStateMachine task thread for /0.0.0.0:15161 - 0 ] INFO  ratis.XceiverServerRatis (XceiverServerRatis.java:getRealPort(543)) - XceiverServerRatis ef3a886b-561e-496b-b271-3b32784cf0be is started using port 15173 for RATIS_SERVER
2023-08-28 09:34:49,405 [EndpointStateMachine task thread for /0.0.0.0:15161 - 0 ] INFO  ratis.XceiverServerRatis (XceiverServerRatis.java:getRealPort(543)) - XceiverServerRatis ef3a886b-561e-496b-b271-3b32784cf0be is started using port 15174 for RATIS_DATASTREAM
2023-08-28 09:34:49,409 [BlockDeletingService#0] INFO  interfaces.ContainerDeletionChoosingPolicyTemplate (ContainerDeletionChoosingPolicyTemplate.java:chooseContainerForBlockDeletion(85)) - Chosen 0/5000 blocks from 0 candidate containers.
2023-08-28 09:34:49,494 [main] INFO  ozone.MiniOzoneClusterImpl (MiniOzoneClusterImpl.java:lambda$waitForClusterToBeReady$0(224)) - Waiting for nodes to be ready. Got 0 of 5 DN Heartbeats.
2023-08-28 09:34:49,494 [main] INFO  ozone.MiniOzoneClusterImpl (MiniOzoneClusterImpl.java:lambda$waitForClusterToBeReady$0(227)) - Waiting for cluster to exit safe mode
2023-08-28 09:34:49,494 [main] INFO  ozone.MiniOzoneClusterImpl (MiniOzoneClusterImpl.java:lambda$waitForClusterToBeReady$0(229)) - SCM became leader
2023-08-28 09:34:49,677 [EndpointStateMachine task thread for /0.0.0.0:15161 - 0 ] INFO  utils.DatanodeStoreCache (DatanodeStoreCache.java:addDB(66)) - Added db /home/runner/work/ozone/ozone/hadoop-ozone/integration-test/target/test-dir/MiniOzoneClusterImpl-b3d20441-1363-4d90-8b75-dcc1ba5546e4/datanode-1/data-0/containers/hdds/b3d20441-1363-4d90-8b75-dcc1ba5546e4/DS-7238e587-b97e-439e-889e-5ecec9bda27e/container.db to cache
2023-08-28 09:34:49,677 [EndpointStateMachine task thread for /0.0.0.0:15161 - 0 ] INFO  volume.HddsVolume (HddsVolume.java:createDbStore(422)) - SchemaV3 db is created and loaded at /home/runner/work/ozone/ozone/hadoop-ozone/integration-test/target/test-dir/MiniOzoneClusterImpl-b3d20441-1363-4d90-8b75-dcc1ba5546e4/datanode-1/data-0/containers/hdds/b3d20441-1363-4d90-8b75-dcc1ba5546e4/DS-7238e587-b97e-439e-889e-5ecec9bda27e/container.db for volume DS-7238e587-b97e-439e-889e-5ecec9bda27e
2023-08-28 09:34:49,678 [EndpointStateMachine task thread for /0.0.0.0:15161 - 0 ] INFO  volume.ThrottledAsyncChecker (ThrottledAsyncChecker.java:schedule(141)) - Scheduling a check for /home/runner/work/ozone/ozone/hadoop-ozone/integration-test/target/test-dir/MiniOzoneClusterImpl-b3d20441-1363-4d90-8b75-dcc1ba5546e4/datanode-1/data-0/containers/hdds
2023-08-28 09:34:49,678 [EndpointStateMachine task thread for /0.0.0.0:15161 - 0 ] INFO  volume.StorageVolumeChecker (StorageVolumeChecker.java:checkAllVolumes(213)) - Scheduled health check for volume /home/runner/work/ozone/ozone/hadoop-ozone/integration-test/target/test-dir/MiniOzoneClusterImpl-b3d20441-1363-4d90-8b75-dcc1ba5546e4/datanode-1/data-0/containers/hdds
2023-08-28 09:34:49,680 [EndpointStateMachine task thread for /0.0.0.0:15161 - 0 ] INFO  volume.ThrottledAsyncChecker (ThrottledAsyncChecker.java:schedule(141)) - Scheduling a check for /home/runner/work/ozone/ozone/hadoop-ozone/integration-test/target/test-dir/MiniOzoneClusterImpl-b3d20441-1363-4d90-8b75-dcc1ba5546e4/datanode-1/data/ratis
2023-08-28 09:34:49,681 [EndpointStateMachine task thread for /0.0.0.0:15161 - 0 ] INFO  volume.StorageVolumeChecker (StorageVolumeChecker.java:checkAllVolumes(213)) - Scheduled health check for volume /home/runner/work/ozone/ozone/hadoop-ozone/integration-test/target/test-dir/MiniOzoneClusterImpl-b3d20441-1363-4d90-8b75-dcc1ba5546e4/datanode-1/data/ratis
2023-08-28 09:34:49,682 [EndpointStateMachine task thread for /0.0.0.0:15161 - 0 ] INFO  ozoneimpl.OzoneContainer (OzoneContainer.java:start(429)) - Attempting to start container services.
2023-08-28 09:34:49,682 [EndpointStateMachine task thread for /0.0.0.0:15161 - 0 ] INFO  ozoneimpl.OzoneContainer (OzoneContainer.java:startContainerScrub(325)) - Scheduled background container scanners and the on-demand container scanner have been disabled.
2023-08-28 09:34:49,685 [EndpointStateMachine task thread for /0.0.0.0:15161 - 0 ] INFO  replication.ReplicationServer (ReplicationServer.java:start(130)) - ReplicationServer is started using port 15184
2023-08-28 09:34:49,685 [EndpointStateMachine task thread for /0.0.0.0:15161 - 0 ] INFO  ratis.XceiverServerRatis (XceiverServerRatis.java:start(517)) - Starting XceiverServerRatis 269fa438-bc78-433d-911d-e020a0e24055
2023-08-28 09:34:49,685 [EndpointStateMachine task thread for /0.0.0.0:15161 - 0 ] INFO  server.RaftServer (RaftServerProxy.java:startImpl(400)) - 269fa438-bc78-433d-911d-e020a0e24055: start RPC server
2023-08-28 09:34:49,688 [EndpointStateMachine task thread for /0.0.0.0:15161 - 0 ] INFO  server.GrpcService (GrpcService.java:startImpl(302)) - 269fa438-bc78-433d-911d-e020a0e24055: GrpcService started, listening on 15180
2023-08-28 09:34:49,689 [EndpointStateMachine task thread for /0.0.0.0:15161 - 0 ] INFO  server.GrpcService (GrpcService.java:startImpl(302)) - 269fa438-bc78-433d-911d-e020a0e24055: GrpcService started, listening on 15182
2023-08-28 09:34:49,691 [EndpointStateMachine task thread for /0.0.0.0:15161 - 0 ] INFO  server.GrpcService (GrpcService.java:startImpl(302)) - 269fa438-bc78-433d-911d-e020a0e24055: GrpcService started, listening on 15181
2023-08-28 09:34:49,691 [EndpointStateMachine task thread for /0.0.0.0:15161 - 0 ] INFO  ratis.XceiverServerRatis (XceiverServerRatis.java:getRealPort(543)) - XceiverServerRatis 269fa438-bc78-433d-911d-e020a0e24055 is started using port 15180 for RATIS
2023-08-28 09:34:49,691 [EndpointStateMachine task thread for /0.0.0.0:15161 - 0 ] INFO  ratis.XceiverServerRatis (XceiverServerRatis.java:getRealPort(543)) - XceiverServerRatis 269fa438-bc78-433d-911d-e020a0e24055 is started using port 15181 for RATIS_ADMIN
2023-08-28 09:34:49,691 [JvmPauseMonitor24] INFO  util.JvmPauseMonitor (JvmPauseMonitor.java:run(103)) - JvmPauseMonitor-269fa438-bc78-433d-911d-e020a0e24055: Started
2023-08-28 09:34:49,691 [EndpointStateMachine task thread for /0.0.0.0:15161 - 0 ] INFO  ratis.XceiverServerRatis (XceiverServerRatis.java:getRealPort(543)) - XceiverServerRatis 269fa438-bc78-433d-911d-e020a0e24055 is started using port 15182 for RATIS_SERVER
2023-08-28 09:34:49,692 [EndpointStateMachine task thread for /0.0.0.0:15161 - 0 ] INFO  ratis.XceiverServerRatis (XceiverServerRatis.java:getRealPort(543)) - XceiverServerRatis 269fa438-bc78-433d-911d-e020a0e24055 is started using port 15183 for RATIS_DATASTREAM
2023-08-28 09:34:49,694 [BlockDeletingService#0] INFO  interfaces.ContainerDeletionChoosingPolicyTemplate (ContainerDeletionChoosingPolicyTemplate.java:chooseContainerForBlockDeletion(85)) - Chosen 0/5000 blocks from 0 candidate containers.
2023-08-28 09:34:49,970 [EndpointStateMachine task thread for /0.0.0.0:15161 - 0 ] INFO  utils.DatanodeStoreCache (DatanodeStoreCache.java:addDB(66)) - Added db /home/runner/work/ozone/ozone/hadoop-ozone/integration-test/target/test-dir/MiniOzoneClusterImpl-b3d20441-1363-4d90-8b75-dcc1ba5546e4/datanode-2/data-0/containers/hdds/b3d20441-1363-4d90-8b75-dcc1ba5546e4/DS-4b970616-8364-4153-a91f-fe3ccdb0d0c0/container.db to cache
2023-08-28 09:34:49,970 [EndpointStateMachine task thread for /0.0.0.0:15161 - 0 ] INFO  volume.HddsVolume (HddsVolume.java:createDbStore(422)) - SchemaV3 db is created and loaded at /home/runner/work/ozone/ozone/hadoop-ozone/integration-test/target/test-dir/MiniOzoneClusterImpl-b3d20441-1363-4d90-8b75-dcc1ba5546e4/datanode-2/data-0/containers/hdds/b3d20441-1363-4d90-8b75-dcc1ba5546e4/DS-4b970616-8364-4153-a91f-fe3ccdb0d0c0/container.db for volume DS-4b970616-8364-4153-a91f-fe3ccdb0d0c0
2023-08-28 09:34:49,970 [EndpointStateMachine task thread for /0.0.0.0:15161 - 0 ] INFO  volume.ThrottledAsyncChecker (ThrottledAsyncChecker.java:schedule(141)) - Scheduling a check for /home/runner/work/ozone/ozone/hadoop-ozone/integration-test/target/test-dir/MiniOzoneClusterImpl-b3d20441-1363-4d90-8b75-dcc1ba5546e4/datanode-2/data-0/containers/hdds
2023-08-28 09:34:49,974 [EndpointStateMachine task thread for /0.0.0.0:15161 - 0 ] INFO  volume.StorageVolumeChecker (StorageVolumeChecker.java:checkAllVolumes(213)) - Scheduled health check for volume /home/runner/work/ozone/ozone/hadoop-ozone/integration-test/target/test-dir/MiniOzoneClusterImpl-b3d20441-1363-4d90-8b75-dcc1ba5546e4/datanode-2/data-0/containers/hdds
2023-08-28 09:34:49,978 [EndpointStateMachine task thread for /0.0.0.0:15161 - 0 ] INFO  volume.ThrottledAsyncChecker (ThrottledAsyncChecker.java:schedule(141)) - Scheduling a check for /home/runner/work/ozone/ozone/hadoop-ozone/integration-test/target/test-dir/MiniOzoneClusterImpl-b3d20441-1363-4d90-8b75-dcc1ba5546e4/datanode-2/data/ratis
2023-08-28 09:34:49,978 [EndpointStateMachine task thread for /0.0.0.0:15161 - 0 ] INFO  volume.StorageVolumeChecker (StorageVolumeChecker.java:checkAllVolumes(213)) - Scheduled health check for volume /home/runner/work/ozone/ozone/hadoop-ozone/integration-test/target/test-dir/MiniOzoneClusterImpl-b3d20441-1363-4d90-8b75-dcc1ba5546e4/datanode-2/data/ratis
2023-08-28 09:34:49,979 [EndpointStateMachine task thread for /0.0.0.0:15161 - 0 ] INFO  ozoneimpl.OzoneContainer (OzoneContainer.java:start(429)) - Attempting to start container services.
2023-08-28 09:34:49,979 [EndpointStateMachine task thread for /0.0.0.0:15161 - 0 ] INFO  ozoneimpl.OzoneContainer (OzoneContainer.java:startContainerScrub(325)) - Scheduled background container scanners and the on-demand container scanner have been disabled.
2023-08-28 09:34:49,981 [EndpointStateMachine task thread for /0.0.0.0:15161 - 0 ] INFO  replication.ReplicationServer (ReplicationServer.java:start(130)) - ReplicationServer is started using port 15193
2023-08-28 09:34:49,981 [EndpointStateMachine task thread for /0.0.0.0:15161 - 0 ] INFO  ratis.XceiverServerRatis (XceiverServerRatis.java:start(517)) - Starting XceiverServerRatis 2121e5cf-c9a2-43bb-b1d5-56f983d54b52
2023-08-28 09:34:49,981 [EndpointStateMachine task thread for /0.0.0.0:15161 - 0 ] INFO  server.RaftServer (RaftServerProxy.java:startImpl(400)) - 2121e5cf-c9a2-43bb-b1d5-56f983d54b52: start RPC server
2023-08-28 09:34:49,982 [EndpointStateMachine task thread for /0.0.0.0:15161 - 0 ] INFO  server.GrpcService (GrpcService.java:startImpl(302)) - 2121e5cf-c9a2-43bb-b1d5-56f983d54b52: GrpcService started, listening on 15189
2023-08-28 09:34:49,983 [EndpointStateMachine task thread for /0.0.0.0:15161 - 0 ] INFO  server.GrpcService (GrpcService.java:startImpl(302)) - 2121e5cf-c9a2-43bb-b1d5-56f983d54b52: GrpcService started, listening on 15191
2023-08-28 09:34:49,984 [EndpointStateMachine task thread for /0.0.0.0:15161 - 0 ] INFO  server.GrpcService (GrpcService.java:startImpl(302)) - 2121e5cf-c9a2-43bb-b1d5-56f983d54b52: GrpcService started, listening on 15190
2023-08-28 09:34:49,984 [EndpointStateMachine task thread for /0.0.0.0:15161 - 0 ] INFO  ratis.XceiverServerRatis (XceiverServerRatis.java:getRealPort(543)) - XceiverServerRatis 2121e5cf-c9a2-43bb-b1d5-56f983d54b52 is started using port 15189 for RATIS
2023-08-28 09:34:49,984 [EndpointStateMachine task thread for /0.0.0.0:15161 - 0 ] INFO  ratis.XceiverServerRatis (XceiverServerRatis.java:getRealPort(543)) - XceiverServerRatis 2121e5cf-c9a2-43bb-b1d5-56f983d54b52 is started using port 15190 for RATIS_ADMIN
2023-08-28 09:34:49,984 [JvmPauseMonitor25] INFO  util.JvmPauseMonitor (JvmPauseMonitor.java:run(103)) - JvmPauseMonitor-2121e5cf-c9a2-43bb-b1d5-56f983d54b52: Started
2023-08-28 09:34:49,984 [EndpointStateMachine task thread for /0.0.0.0:15161 - 0 ] INFO  ratis.XceiverServerRatis (XceiverServerRatis.java:getRealPort(543)) - XceiverServerRatis 2121e5cf-c9a2-43bb-b1d5-56f983d54b52 is started using port 15191 for RATIS_SERVER
2023-08-28 09:34:49,984 [EndpointStateMachine task thread for /0.0.0.0:15161 - 0 ] INFO  ratis.XceiverServerRatis (XceiverServerRatis.java:getRealPort(543)) - XceiverServerRatis 2121e5cf-c9a2-43bb-b1d5-56f983d54b52 is started using port 15192 for RATIS_DATASTREAM
2023-08-28 09:34:49,986 [BlockDeletingService#0] INFO  interfaces.ContainerDeletionChoosingPolicyTemplate (ContainerDeletionChoosingPolicyTemplate.java:chooseContainerForBlockDeletion(85)) - Chosen 0/5000 blocks from 0 candidate containers.
2023-08-28 09:34:50,235 [EndpointStateMachine task thread for /0.0.0.0:15161 - 0 ] INFO  utils.DatanodeStoreCache (DatanodeStoreCache.java:addDB(66)) - Added db /home/runner/work/ozone/ozone/hadoop-ozone/integration-test/target/test-dir/MiniOzoneClusterImpl-b3d20441-1363-4d90-8b75-dcc1ba5546e4/datanode-3/data-0/containers/hdds/b3d20441-1363-4d90-8b75-dcc1ba5546e4/DS-3d45fdd2-be29-4f59-a32e-08cb27906d05/container.db to cache
2023-08-28 09:34:50,235 [EndpointStateMachine task thread for /0.0.0.0:15161 - 0 ] INFO  volume.HddsVolume (HddsVolume.java:createDbStore(422)) - SchemaV3 db is created and loaded at /home/runner/work/ozone/ozone/hadoop-ozone/integration-test/target/test-dir/MiniOzoneClusterImpl-b3d20441-1363-4d90-8b75-dcc1ba5546e4/datanode-3/data-0/containers/hdds/b3d20441-1363-4d90-8b75-dcc1ba5546e4/DS-3d45fdd2-be29-4f59-a32e-08cb27906d05/container.db for volume DS-3d45fdd2-be29-4f59-a32e-08cb27906d05
2023-08-28 09:34:50,236 [EndpointStateMachine task thread for /0.0.0.0:15161 - 0 ] INFO  volume.ThrottledAsyncChecker (ThrottledAsyncChecker.java:schedule(141)) - Scheduling a check for /home/runner/work/ozone/ozone/hadoop-ozone/integration-test/target/test-dir/MiniOzoneClusterImpl-b3d20441-1363-4d90-8b75-dcc1ba5546e4/datanode-3/data-0/containers/hdds
2023-08-28 09:34:50,244 [EndpointStateMachine task thread for /0.0.0.0:15161 - 0 ] INFO  volume.StorageVolumeChecker (StorageVolumeChecker.java:checkAllVolumes(213)) - Scheduled health check for volume /home/runner/work/ozone/ozone/hadoop-ozone/integration-test/target/test-dir/MiniOzoneClusterImpl-b3d20441-1363-4d90-8b75-dcc1ba5546e4/datanode-3/data-0/containers/hdds
2023-08-28 09:34:50,247 [EndpointStateMachine task thread for /0.0.0.0:15161 - 0 ] INFO  volume.ThrottledAsyncChecker (ThrottledAsyncChecker.java:schedule(141)) - Scheduling a check for /home/runner/work/ozone/ozone/hadoop-ozone/integration-test/target/test-dir/MiniOzoneClusterImpl-b3d20441-1363-4d90-8b75-dcc1ba5546e4/datanode-3/data/ratis
2023-08-28 09:34:50,247 [EndpointStateMachine task thread for /0.0.0.0:15161 - 0 ] INFO  volume.StorageVolumeChecker (StorageVolumeChecker.java:checkAllVolumes(213)) - Scheduled health check for volume /home/runner/work/ozone/ozone/hadoop-ozone/integration-test/target/test-dir/MiniOzoneClusterImpl-b3d20441-1363-4d90-8b75-dcc1ba5546e4/datanode-3/data/ratis
2023-08-28 09:34:50,248 [EndpointStateMachine task thread for /0.0.0.0:15161 - 0 ] INFO  ozoneimpl.OzoneContainer (OzoneContainer.java:start(429)) - Attempting to start container services.
2023-08-28 09:34:50,248 [EndpointStateMachine task thread for /0.0.0.0:15161 - 0 ] INFO  ozoneimpl.OzoneContainer (OzoneContainer.java:startContainerScrub(325)) - Scheduled background container scanners and the on-demand container scanner have been disabled.
2023-08-28 09:34:50,250 [EndpointStateMachine task thread for /0.0.0.0:15161 - 0 ] INFO  replication.ReplicationServer (ReplicationServer.java:start(130)) - ReplicationServer is started using port 15202
2023-08-28 09:34:50,250 [EndpointStateMachine task thread for /0.0.0.0:15161 - 0 ] INFO  ratis.XceiverServerRatis (XceiverServerRatis.java:start(517)) - Starting XceiverServerRatis a19c494f-397f-4b39-bf2c-38c439f3a5ad
2023-08-28 09:34:50,250 [EndpointStateMachine task thread for /0.0.0.0:15161 - 0 ] INFO  server.RaftServer (RaftServerProxy.java:startImpl(400)) - a19c494f-397f-4b39-bf2c-38c439f3a5ad: start RPC server
2023-08-28 09:34:50,251 [EndpointStateMachine task thread for /0.0.0.0:15161 - 0 ] INFO  server.GrpcService (GrpcService.java:startImpl(302)) - a19c494f-397f-4b39-bf2c-38c439f3a5ad: GrpcService started, listening on 15198
2023-08-28 09:34:50,252 [EndpointStateMachine task thread for /0.0.0.0:15161 - 0 ] INFO  server.GrpcService (GrpcService.java:startImpl(302)) - a19c494f-397f-4b39-bf2c-38c439f3a5ad: GrpcService started, listening on 15200
2023-08-28 09:34:50,255 [EndpointStateMachine task thread for /0.0.0.0:15161 - 0 ] INFO  server.GrpcService (GrpcService.java:startImpl(302)) - a19c494f-397f-4b39-bf2c-38c439f3a5ad: GrpcService started, listening on 15199
2023-08-28 09:34:50,255 [EndpointStateMachine task thread for /0.0.0.0:15161 - 0 ] INFO  ratis.XceiverServerRatis (XceiverServerRatis.java:getRealPort(543)) - XceiverServerRatis a19c494f-397f-4b39-bf2c-38c439f3a5ad is started using port 15198 for RATIS
2023-08-28 09:34:50,255 [EndpointStateMachine task thread for /0.0.0.0:15161 - 0 ] INFO  ratis.XceiverServerRatis (XceiverServerRatis.java:getRealPort(543)) - XceiverServerRatis a19c494f-397f-4b39-bf2c-38c439f3a5ad is started using port 15199 for RATIS_ADMIN
2023-08-28 09:34:50,255 [JvmPauseMonitor26] INFO  util.JvmPauseMonitor (JvmPauseMonitor.java:run(103)) - JvmPauseMonitor-a19c494f-397f-4b39-bf2c-38c439f3a5ad: Started
2023-08-28 09:34:50,255 [EndpointStateMachine task thread for /0.0.0.0:15161 - 0 ] INFO  ratis.XceiverServerRatis (XceiverServerRatis.java:getRealPort(543)) - XceiverServerRatis a19c494f-397f-4b39-bf2c-38c439f3a5ad is started using port 15200 for RATIS_SERVER
2023-08-28 09:34:50,255 [EndpointStateMachine task thread for /0.0.0.0:15161 - 0 ] INFO  ratis.XceiverServerRatis (XceiverServerRatis.java:getRealPort(543)) - XceiverServerRatis a19c494f-397f-4b39-bf2c-38c439f3a5ad is started using port 15201 for RATIS_DATASTREAM
2023-08-28 09:34:50,265 [BlockDeletingService#0] INFO  interfaces.ContainerDeletionChoosingPolicyTemplate (ContainerDeletionChoosingPolicyTemplate.java:chooseContainerForBlockDeletion(85)) - Chosen 0/5000 blocks from 0 candidate containers.
2023-08-28 09:34:50,494 [main] INFO  ozone.MiniOzoneClusterImpl (MiniOzoneClusterImpl.java:lambda$waitForClusterToBeReady$0(224)) - Waiting for nodes to be ready. Got 0 of 5 DN Heartbeats.
2023-08-28 09:34:50,494 [main] INFO  ozone.MiniOzoneClusterImpl (MiniOzoneClusterImpl.java:lambda$waitForClusterToBeReady$0(227)) - Waiting for cluster to exit safe mode
2023-08-28 09:34:50,494 [main] INFO  ozone.MiniOzoneClusterImpl (MiniOzoneClusterImpl.java:lambda$waitForClusterToBeReady$0(229)) - SCM became leader
2023-08-28 09:34:50,524 [EndpointStateMachine task thread for /0.0.0.0:15161 - 0 ] INFO  utils.DatanodeStoreCache (DatanodeStoreCache.java:addDB(66)) - Added db /home/runner/work/ozone/ozone/hadoop-ozone/integration-test/target/test-dir/MiniOzoneClusterImpl-b3d20441-1363-4d90-8b75-dcc1ba5546e4/datanode-4/data-0/containers/hdds/b3d20441-1363-4d90-8b75-dcc1ba5546e4/DS-520c3a40-1c0d-46dd-bef5-d32e7c598177/container.db to cache
2023-08-28 09:34:50,524 [EndpointStateMachine task thread for /0.0.0.0:15161 - 0 ] INFO  volume.HddsVolume (HddsVolume.java:createDbStore(422)) - SchemaV3 db is created and loaded at /home/runner/work/ozone/ozone/hadoop-ozone/integration-test/target/test-dir/MiniOzoneClusterImpl-b3d20441-1363-4d90-8b75-dcc1ba5546e4/datanode-4/data-0/containers/hdds/b3d20441-1363-4d90-8b75-dcc1ba5546e4/DS-520c3a40-1c0d-46dd-bef5-d32e7c598177/container.db for volume DS-520c3a40-1c0d-46dd-bef5-d32e7c598177
2023-08-28 09:34:50,524 [EndpointStateMachine task thread for /0.0.0.0:15161 - 0 ] INFO  volume.ThrottledAsyncChecker (ThrottledAsyncChecker.java:schedule(141)) - Scheduling a check for /home/runner/work/ozone/ozone/hadoop-ozone/integration-test/target/test-dir/MiniOzoneClusterImpl-b3d20441-1363-4d90-8b75-dcc1ba5546e4/datanode-4/data-0/containers/hdds
2023-08-28 09:34:50,525 [EndpointStateMachine task thread for /0.0.0.0:15161 - 0 ] INFO  volume.StorageVolumeChecker (StorageVolumeChecker.java:checkAllVolumes(213)) - Scheduled health check for volume /home/runner/work/ozone/ozone/hadoop-ozone/integration-test/target/test-dir/MiniOzoneClusterImpl-b3d20441-1363-4d90-8b75-dcc1ba5546e4/datanode-4/data-0/containers/hdds
2023-08-28 09:34:50,529 [EndpointStateMachine task thread for /0.0.0.0:15161 - 0 ] INFO  volume.ThrottledAsyncChecker (ThrottledAsyncChecker.java:schedule(141)) - Scheduling a check for /home/runner/work/ozone/ozone/hadoop-ozone/integration-test/target/test-dir/MiniOzoneClusterImpl-b3d20441-1363-4d90-8b75-dcc1ba5546e4/datanode-4/data/ratis
2023-08-28 09:34:50,529 [EndpointStateMachine task thread for /0.0.0.0:15161 - 0 ] INFO  volume.StorageVolumeChecker (StorageVolumeChecker.java:checkAllVolumes(213)) - Scheduled health check for volume /home/runner/work/ozone/ozone/hadoop-ozone/integration-test/target/test-dir/MiniOzoneClusterImpl-b3d20441-1363-4d90-8b75-dcc1ba5546e4/datanode-4/data/ratis
2023-08-28 09:34:50,531 [EndpointStateMachine task thread for /0.0.0.0:15161 - 0 ] INFO  ozoneimpl.OzoneContainer (OzoneContainer.java:start(429)) - Attempting to start container services.
2023-08-28 09:34:50,531 [EndpointStateMachine task thread for /0.0.0.0:15161 - 0 ] INFO  ozoneimpl.OzoneContainer (OzoneContainer.java:startContainerScrub(325)) - Scheduled background container scanners and the on-demand container scanner have been disabled.
2023-08-28 09:34:50,532 [EndpointStateMachine task thread for /0.0.0.0:15161 - 0 ] INFO  replication.ReplicationServer (ReplicationServer.java:start(130)) - ReplicationServer is started using port 15211
2023-08-28 09:34:50,533 [EndpointStateMachine task thread for /0.0.0.0:15161 - 0 ] INFO  ratis.XceiverServerRatis (XceiverServerRatis.java:start(517)) - Starting XceiverServerRatis 420b2733-082d-40f5-8baf-45346d279295
2023-08-28 09:34:50,533 [EndpointStateMachine task thread for /0.0.0.0:15161 - 0 ] INFO  server.RaftServer (RaftServerProxy.java:startImpl(400)) - 420b2733-082d-40f5-8baf-45346d279295: start RPC server
2023-08-28 09:34:50,536 [EndpointStateMachine task thread for /0.0.0.0:15161 - 0 ] INFO  server.GrpcService (GrpcService.java:startImpl(302)) - 420b2733-082d-40f5-8baf-45346d279295: GrpcService started, listening on 15207
2023-08-28 09:34:50,537 [EndpointStateMachine task thread for /0.0.0.0:15161 - 0 ] INFO  server.GrpcService (GrpcService.java:startImpl(302)) - 420b2733-082d-40f5-8baf-45346d279295: GrpcService started, listening on 15209
2023-08-28 09:34:50,538 [EndpointStateMachine task thread for /0.0.0.0:15161 - 0 ] INFO  server.GrpcService (GrpcService.java:startImpl(302)) - 420b2733-082d-40f5-8baf-45346d279295: GrpcService started, listening on 15208
2023-08-28 09:34:50,538 [EndpointStateMachine task thread for /0.0.0.0:15161 - 0 ] INFO  ratis.XceiverServerRatis (XceiverServerRatis.java:getRealPort(543)) - XceiverServerRatis 420b2733-082d-40f5-8baf-45346d279295 is started using port 15207 for RATIS
2023-08-28 09:34:50,538 [EndpointStateMachine task thread for /0.0.0.0:15161 - 0 ] INFO  ratis.XceiverServerRatis (XceiverServerRatis.java:getRealPort(543)) - XceiverServerRatis 420b2733-082d-40f5-8baf-45346d279295 is started using port 15208 for RATIS_ADMIN
2023-08-28 09:34:50,538 [EndpointStateMachine task thread for /0.0.0.0:15161 - 0 ] INFO  ratis.XceiverServerRatis (XceiverServerRatis.java:getRealPort(543)) - XceiverServerRatis 420b2733-082d-40f5-8baf-45346d279295 is started using port 15209 for RATIS_SERVER
2023-08-28 09:34:50,538 [EndpointStateMachine task thread for /0.0.0.0:15161 - 0 ] INFO  ratis.XceiverServerRatis (XceiverServerRatis.java:getRealPort(543)) - XceiverServerRatis 420b2733-082d-40f5-8baf-45346d279295 is started using port 15210 for RATIS_DATASTREAM
2023-08-28 09:34:50,539 [JvmPauseMonitor27] INFO  util.JvmPauseMonitor (JvmPauseMonitor.java:run(103)) - JvmPauseMonitor-420b2733-082d-40f5-8baf-45346d279295: Started
2023-08-28 09:34:50,547 [BlockDeletingService#0] INFO  interfaces.ContainerDeletionChoosingPolicyTemplate (ContainerDeletionChoosingPolicyTemplate.java:chooseContainerForBlockDeletion(85)) - Chosen 0/5000 blocks from 0 candidate containers.
2023-08-28 09:34:51,352 [IPC Server handler 8 on default port 15161] INFO  net.NetworkTopologyImpl (NetworkTopologyImpl.java:add(112)) - Added a new node: /default-rack/ef3a886b-561e-496b-b271-3b32784cf0be
2023-08-28 09:34:51,352 [IPC Server handler 8 on default port 15161] INFO  node.SCMNodeManager (SCMNodeManager.java:register(405)) - Registered Data node : ef3a886b-561e-496b-b271-3b32784cf0be{ip: 10.1.0.27, host: fv-az625-77.ififypym2nee5jib2gmjcfh3fc.bx.internal.cloudapp.net, ports: [HTTP=15168, CLIENT_RPC=15169, REPLICATION=15175, RATIS=15171, RATIS_ADMIN=15172, RATIS_SERVER=15173, RATIS_DATASTREAM=15174, STANDALONE=15170], networkLocation: /default-rack, certSerialId: null, persistedOpState: null, persistedOpStateExpiryEpochSec: 0}
2023-08-28 09:34:51,357 [EventQueue-NewNodeForNewNodeHandler] INFO  pipeline.BackgroundPipelineCreator (BackgroundPipelineCreator.java:notifyEventTriggered(277)) - trigger a one-shot run on RatisPipelineUtilsThread.
2023-08-28 09:34:51,357 [EventQueue-NodeRegistrationContainerReportForDataNodeSafeModeRule] INFO  safemode.SCMSafeModeManager (DataNodeSafeModeRule.java:process(71)) - SCM in safe mode. 1 DataNodes registered, 3 required.
2023-08-28 09:34:51,357 [RatisPipelineUtilsThread - 0] INFO  pipeline.RatisPipelineProvider (RatisPipelineProvider.java:lambda$create$0(206)) - Sending CreatePipelineCommand for pipeline:PipelineID=934a16b0-2b42-4d99-badf-d143b37f4df6 to datanode:ef3a886b-561e-496b-b271-3b32784cf0be
2023-08-28 09:34:51,357 [EventQueue-NodeRegistrationContainerReportForContainerSafeModeRule] INFO  safemode.SCMSafeModeManager (SCMSafeModeManager.java:validateSafeModeExitRules(200)) - ContainerSafeModeRule rule is successfully validated
2023-08-28 09:34:51,359 [EventQueue-PipelineReportForOneReplicaPipelineSafeModeRule] INFO  safemode.SCMSafeModeManager (SCMSafeModeManager.java:validateSafeModeExitRules(200)) - AtleastOneDatanodeReportedRule rule is successfully validated
2023-08-28 09:34:51,360 [RatisPipelineUtilsThread - 0] INFO  pipeline.BackgroundPipelineCreator (BackgroundPipelineCreator.java:createPipelines(233)) - Created new pipeline Pipeline[ Id: 934a16b0-2b42-4d99-badf-d143b37f4df6, Nodes: ef3a886b-561e-496b-b271-3b32784cf0be(fv-az625-77.ififypym2nee5jib2gmjcfh3fc.bx.internal.cloudapp.net/10.1.0.27), ReplicationConfig: RATIS/ONE, State:ALLOCATED, leaderId:, CreationTimestamp2023-08-28T09:34:51.357Z[Etc/UTC]]
2023-08-28 09:34:51,495 [main] INFO  ozone.MiniOzoneClusterImpl (MiniOzoneClusterImpl.java:lambda$waitForClusterToBeReady$0(224)) - Waiting for nodes to be ready. Got 1 of 5 DN Heartbeats.
2023-08-28 09:34:51,495 [main] INFO  ozone.MiniOzoneClusterImpl (MiniOzoneClusterImpl.java:lambda$waitForClusterToBeReady$0(227)) - Waiting for cluster to exit safe mode
2023-08-28 09:34:51,495 [main] INFO  ozone.MiniOzoneClusterImpl (MiniOzoneClusterImpl.java:lambda$waitForClusterToBeReady$0(229)) - SCM became leader
2023-08-28 09:34:51,642 [IPC Server handler 7 on default port 15161] INFO  net.NetworkTopologyImpl (NetworkTopologyImpl.java:add(112)) - Added a new node: /default-rack/269fa438-bc78-433d-911d-e020a0e24055
2023-08-28 09:34:51,642 [IPC Server handler 7 on default port 15161] INFO  node.SCMNodeManager (SCMNodeManager.java:register(405)) - Registered Data node : 269fa438-bc78-433d-911d-e020a0e24055{ip: 10.1.0.27, host: fv-az625-77.ififypym2nee5jib2gmjcfh3fc.bx.internal.cloudapp.net, ports: [HTTP=15177, CLIENT_RPC=15178, REPLICATION=15184, RATIS=15180, RATIS_ADMIN=15181, RATIS_SERVER=15182, RATIS_DATASTREAM=15183, STANDALONE=15179], networkLocation: /default-rack, certSerialId: null, persistedOpState: null, persistedOpStateExpiryEpochSec: 0}
2023-08-28 09:34:51,643 [EventQueue-NodeRegistrationContainerReportForDataNodeSafeModeRule] INFO  safemode.SCMSafeModeManager (DataNodeSafeModeRule.java:process(71)) - SCM in safe mode. 2 DataNodes registered, 3 required.
2023-08-28 09:34:51,644 [EventQueue-NewNodeForNewNodeHandler] INFO  pipeline.BackgroundPipelineCreator (BackgroundPipelineCreator.java:notifyEventTriggered(277)) - trigger a one-shot run on RatisPipelineUtilsThread.
2023-08-28 09:34:51,644 [RatisPipelineUtilsThread - 0] INFO  pipeline.RatisPipelineProvider (RatisPipelineProvider.java:lambda$create$0(206)) - Sending CreatePipelineCommand for pipeline:PipelineID=14f02b01-7761-41f7-a5ed-eba1007e34a2 to datanode:269fa438-bc78-433d-911d-e020a0e24055
2023-08-28 09:34:51,645 [RatisPipelineUtilsThread - 0] INFO  pipeline.BackgroundPipelineCreator (BackgroundPipelineCreator.java:createPipelines(233)) - Created new pipeline Pipeline[ Id: 14f02b01-7761-41f7-a5ed-eba1007e34a2, Nodes: 269fa438-bc78-433d-911d-e020a0e24055(fv-az625-77.ififypym2nee5jib2gmjcfh3fc.bx.internal.cloudapp.net/10.1.0.27), ReplicationConfig: RATIS/ONE, State:ALLOCATED, leaderId:, CreationTimestamp2023-08-28T09:34:51.644Z[Etc/UTC]]
2023-08-28 09:34:51,940 [IPC Server handler 6 on default port 15161] INFO  net.NetworkTopologyImpl (NetworkTopologyImpl.java:add(112)) - Added a new node: /default-rack/2121e5cf-c9a2-43bb-b1d5-56f983d54b52
2023-08-28 09:34:51,940 [IPC Server handler 6 on default port 15161] INFO  node.SCMNodeManager (SCMNodeManager.java:register(405)) - Registered Data node : 2121e5cf-c9a2-43bb-b1d5-56f983d54b52{ip: 10.1.0.27, host: fv-az625-77.ififypym2nee5jib2gmjcfh3fc.bx.internal.cloudapp.net, ports: [HTTP=15186, CLIENT_RPC=15187, REPLICATION=15193, RATIS=15189, RATIS_ADMIN=15190, RATIS_SERVER=15191, RATIS_DATASTREAM=15192, STANDALONE=15188], networkLocation: /default-rack, certSerialId: null, persistedOpState: null, persistedOpStateExpiryEpochSec: 0}
2023-08-28 09:34:51,942 [EventQueue-NodeRegistrationContainerReportForDataNodeSafeModeRule] INFO  safemode.SCMSafeModeManager (DataNodeSafeModeRule.java:process(71)) - SCM in safe mode. 3 DataNodes registered, 3 required.
2023-08-28 09:34:51,942 [EventQueue-NodeRegistrationContainerReportForDataNodeSafeModeRule] INFO  safemode.SCMSafeModeManager (SCMSafeModeManager.java:validateSafeModeExitRules(200)) - DataNodeSafeModeRule rule is successfully validated
2023-08-28 09:34:51,942 [EventQueue-NodeRegistrationContainerReportForDataNodeSafeModeRule] INFO  safemode.SCMSafeModeManager (SCMSafeModeManager.java:completePreCheck(229)) - All SCM safe mode pre check rules have passed
2023-08-28 09:34:51,942 [EventQueue-NodeRegistrationContainerReportForDataNodeSafeModeRule] INFO  ha.SCMContext (SCMContext.java:updateSafeModeStatus(228)) - Update SafeModeStatus from SafeModeStatus{safeModeStatus=true, preCheckPassed=false} to SafeModeStatus{safeModeStatus=true, preCheckPassed=true}.
2023-08-28 09:34:51,942 [EventQueue-NodeRegistrationContainerReportForDataNodeSafeModeRule] INFO  pipeline.BackgroundPipelineCreator (BackgroundPipelineCreator.java:notifyEventTriggered(277)) - trigger a one-shot run on RatisPipelineUtilsThread.
2023-08-28 09:34:51,945 [EventQueue-NewNodeForNewNodeHandler] INFO  pipeline.BackgroundPipelineCreator (BackgroundPipelineCreator.java:notifyEventTriggered(277)) - trigger a one-shot run on RatisPipelineUtilsThread.
2023-08-28 09:34:51,945 [RatisPipelineUtilsThread - 0] INFO  pipeline.RatisPipelineProvider (RatisPipelineProvider.java:lambda$create$0(206)) - Sending CreatePipelineCommand for pipeline:PipelineID=796a8cc4-5216-4038-a02a-1d4d4e6c1ab4 to datanode:2121e5cf-c9a2-43bb-b1d5-56f983d54b52
2023-08-28 09:34:51,948 [RatisPipelineUtilsThread - 0] INFO  pipeline.BackgroundPipelineCreator (BackgroundPipelineCreator.java:createPipelines(233)) - Created new pipeline Pipeline[ Id: 796a8cc4-5216-4038-a02a-1d4d4e6c1ab4, Nodes: 2121e5cf-c9a2-43bb-b1d5-56f983d54b52(fv-az625-77.ififypym2nee5jib2gmjcfh3fc.bx.internal.cloudapp.net/10.1.0.27), ReplicationConfig: RATIS/ONE, State:ALLOCATED, leaderId:, CreationTimestamp2023-08-28T09:34:51.945Z[Etc/UTC]]
2023-08-28 09:34:51,948 [RatisPipelineUtilsThread - 0] INFO  pipeline.RatisPipelineProvider (RatisPipelineProvider.java:lambda$create$0(206)) - Sending CreatePipelineCommand for pipeline:PipelineID=0d752240-0551-4b74-81b3-3fa8c06dffc7 to datanode:ef3a886b-561e-496b-b271-3b32784cf0be
2023-08-28 09:34:51,948 [RatisPipelineUtilsThread - 0] INFO  pipeline.RatisPipelineProvider (RatisPipelineProvider.java:lambda$create$0(206)) - Sending CreatePipelineCommand for pipeline:PipelineID=0d752240-0551-4b74-81b3-3fa8c06dffc7 to datanode:269fa438-bc78-433d-911d-e020a0e24055
2023-08-28 09:34:51,948 [RatisPipelineUtilsThread - 0] INFO  pipeline.RatisPipelineProvider (RatisPipelineProvider.java:lambda$create$0(206)) - Sending CreatePipelineCommand for pipeline:PipelineID=0d752240-0551-4b74-81b3-3fa8c06dffc7 to datanode:2121e5cf-c9a2-43bb-b1d5-56f983d54b52
2023-08-28 09:34:51,948 [RatisPipelineUtilsThread - 0] INFO  pipeline.BackgroundPipelineCreator (BackgroundPipelineCreator.java:createPipelines(233)) - Created new pipeline Pipeline[ Id: 0d752240-0551-4b74-81b3-3fa8c06dffc7, Nodes: ef3a886b-561e-496b-b271-3b32784cf0be(fv-az625-77.ififypym2nee5jib2gmjcfh3fc.bx.internal.cloudapp.net/10.1.0.27)269fa438-bc78-433d-911d-e020a0e24055(fv-az625-77.ififypym2nee5jib2gmjcfh3fc.bx.internal.cloudapp.net/10.1.0.27)2121e5cf-c9a2-43bb-b1d5-56f983d54b52(fv-az625-77.ififypym2nee5jib2gmjcfh3fc.bx.internal.cloudapp.net/10.1.0.27), ReplicationConfig: RATIS/THREE, State:ALLOCATED, leaderId:, CreationTimestamp2023-08-28T09:34:51.948Z[Etc/UTC]]
2023-08-28 09:34:51,949 [RatisPipelineUtilsThread - 0] INFO  pipeline.RatisPipelineProvider (RatisPipelineProvider.java:lambda$create$0(206)) - Sending CreatePipelineCommand for pipeline:PipelineID=1d4f85e9-bd84-41f0-b47e-adc6a1f9a082 to datanode:269fa438-bc78-433d-911d-e020a0e24055
2023-08-28 09:34:51,949 [RatisPipelineUtilsThread - 0] INFO  pipeline.RatisPipelineProvider (RatisPipelineProvider.java:lambda$create$0(206)) - Sending CreatePipelineCommand for pipeline:PipelineID=1d4f85e9-bd84-41f0-b47e-adc6a1f9a082 to datanode:2121e5cf-c9a2-43bb-b1d5-56f983d54b52
2023-08-28 09:34:51,949 [RatisPipelineUtilsThread - 0] INFO  pipeline.RatisPipelineProvider (RatisPipelineProvider.java:lambda$create$0(206)) - Sending CreatePipelineCommand for pipeline:PipelineID=1d4f85e9-bd84-41f0-b47e-adc6a1f9a082 to datanode:ef3a886b-561e-496b-b271-3b32784cf0be
2023-08-28 09:34:51,949 [RatisPipelineUtilsThread - 0] INFO  pipeline.PipelineManagerImpl (PipelineManagerImpl.java:recordMetricsForPipeline(914)) - Pipeline: PipelineID=1d4f85e9-bd84-41f0-b47e-adc6a1f9a082 contains same datanodes as previous pipelines: PipelineID=0d752240-0551-4b74-81b3-3fa8c06dffc7 nodeIds: 269fa438-bc78-433d-911d-e020a0e24055, 2121e5cf-c9a2-43bb-b1d5-56f983d54b52, ef3a886b-561e-496b-b271-3b32784cf0be
2023-08-28 09:34:51,949 [RatisPipelineUtilsThread - 0] INFO  pipeline.BackgroundPipelineCreator (BackgroundPipelineCreator.java:createPipelines(233)) - Created new pipeline Pipeline[ Id: 1d4f85e9-bd84-41f0-b47e-adc6a1f9a082, Nodes: 269fa438-bc78-433d-911d-e020a0e24055(fv-az625-77.ififypym2nee5jib2gmjcfh3fc.bx.internal.cloudapp.net/10.1.0.27)2121e5cf-c9a2-43bb-b1d5-56f983d54b52(fv-az625-77.ififypym2nee5jib2gmjcfh3fc.bx.internal.cloudapp.net/10.1.0.27)ef3a886b-561e-496b-b271-3b32784cf0be(fv-az625-77.ififypym2nee5jib2gmjcfh3fc.bx.internal.cloudapp.net/10.1.0.27), ReplicationConfig: RATIS/THREE, State:ALLOCATED, leaderId:, CreationTimestamp2023-08-28T09:34:51.949Z[Etc/UTC]]
2023-08-28 09:34:52,204 [IPC Server handler 9 on default port 15161] INFO  net.NetworkTopologyImpl (NetworkTopologyImpl.java:add(112)) - Added a new node: /default-rack/a19c494f-397f-4b39-bf2c-38c439f3a5ad
2023-08-28 09:34:52,204 [IPC Server handler 9 on default port 15161] INFO  node.SCMNodeManager (SCMNodeManager.java:register(405)) - Registered Data node : a19c494f-397f-4b39-bf2c-38c439f3a5ad{ip: 10.1.0.27, host: fv-az625-77.ififypym2nee5jib2gmjcfh3fc.bx.internal.cloudapp.net, ports: [HTTP=15195, CLIENT_RPC=15196, REPLICATION=15202, RATIS=15198, RATIS_ADMIN=15199, RATIS_SERVER=15200, RATIS_DATASTREAM=15201, STANDALONE=15197], networkLocation: /default-rack, certSerialId: null, persistedOpState: null, persistedOpStateExpiryEpochSec: 0}
2023-08-28 09:34:52,204 [EventQueue-NewNodeForNewNodeHandler] INFO  pipeline.BackgroundPipelineCreator (BackgroundPipelineCreator.java:notifyEventTriggered(277)) - trigger a one-shot run on RatisPipelineUtilsThread.
2023-08-28 09:34:52,206 [RatisPipelineUtilsThread - 0] INFO  pipeline.RatisPipelineProvider (RatisPipelineProvider.java:lambda$create$0(206)) - Sending CreatePipelineCommand for pipeline:PipelineID=2aafa158-bab3-4616-8d7f-d94d13a65752 to datanode:a19c494f-397f-4b39-bf2c-38c439f3a5ad
2023-08-28 09:34:52,207 [RatisPipelineUtilsThread - 0] INFO  pipeline.BackgroundPipelineCreator (BackgroundPipelineCreator.java:createPipelines(233)) - Created new pipeline Pipeline[ Id: 2aafa158-bab3-4616-8d7f-d94d13a65752, Nodes: a19c494f-397f-4b39-bf2c-38c439f3a5ad(fv-az625-77.ififypym2nee5jib2gmjcfh3fc.bx.internal.cloudapp.net/10.1.0.27), ReplicationConfig: RATIS/ONE, State:ALLOCATED, leaderId:, CreationTimestamp2023-08-28T09:34:52.206Z[Etc/UTC]]
2023-08-28 09:34:52,489 [IPC Server handler 7 on default port 15161] INFO  net.NetworkTopologyImpl (NetworkTopologyImpl.java:add(112)) - Added a new node: /default-rack/420b2733-082d-40f5-8baf-45346d279295
2023-08-28 09:34:52,489 [IPC Server handler 7 on default port 15161] INFO  node.SCMNodeManager (SCMNodeManager.java:register(405)) - Registered Data node : 420b2733-082d-40f5-8baf-45346d279295{ip: 10.1.0.27, host: fv-az625-77.ififypym2nee5jib2gmjcfh3fc.bx.internal.cloudapp.net, ports: [HTTP=15204, CLIENT_RPC=15205, REPLICATION=15211, RATIS=15207, RATIS_ADMIN=15208, RATIS_SERVER=15209, RATIS_DATASTREAM=15210, STANDALONE=15206], networkLocation: /default-rack, certSerialId: null, persistedOpState: null, persistedOpStateExpiryEpochSec: 0}
2023-08-28 09:34:52,489 [EventQueue-NewNodeForNewNodeHandler] INFO  pipeline.BackgroundPipelineCreator (BackgroundPipelineCreator.java:notifyEventTriggered(277)) - trigger a one-shot run on RatisPipelineUtilsThread.
2023-08-28 09:34:52,492 [RatisPipelineUtilsThread - 0] INFO  pipeline.RatisPipelineProvider (RatisPipelineProvider.java:lambda$create$0(206)) - Sending CreatePipelineCommand for pipeline:PipelineID=ec7ac682-b865-4905-909a-617769d5e320 to datanode:420b2733-082d-40f5-8baf-45346d279295
2023-08-28 09:34:52,492 [RatisPipelineUtilsThread - 0] INFO  pipeline.BackgroundPipelineCreator (BackgroundPipelineCreator.java:createPipelines(233)) - Created new pipeline Pipeline[ Id: ec7ac682-b865-4905-909a-617769d5e320, Nodes: 420b2733-082d-40f5-8baf-45346d279295(fv-az625-77.ififypym2nee5jib2gmjcfh3fc.bx.internal.cloudapp.net/10.1.0.27), ReplicationConfig: RATIS/ONE, State:ALLOCATED, leaderId:, CreationTimestamp2023-08-28T09:34:52.492Z[Etc/UTC]]
2023-08-28 09:34:52,495 [main] INFO  ozone.MiniOzoneClusterImpl (MiniOzoneClusterImpl.java:lambda$waitForClusterToBeReady$0(224)) - Nodes are ready. Got 5 of 5 DN Heartbeats.
2023-08-28 09:34:52,495 [main] INFO  ozone.MiniOzoneClusterImpl (MiniOzoneClusterImpl.java:lambda$waitForClusterToBeReady$0(227)) - Waiting for cluster to exit safe mode
2023-08-28 09:34:52,496 [main] INFO  ozone.MiniOzoneClusterImpl (MiniOzoneClusterImpl.java:lambda$waitForClusterToBeReady$0(229)) - SCM became leader
2023-08-28 09:34:53,496 [main] INFO  ozone.MiniOzoneClusterImpl (MiniOzoneClusterImpl.java:lambda$waitForClusterToBeReady$0(224)) - Nodes are ready. Got 5 of 5 DN Heartbeats.
2023-08-28 09:34:53,496 [main] INFO  ozone.MiniOzoneClusterImpl (MiniOzoneClusterImpl.java:lambda$waitForClusterToBeReady$0(227)) - Waiting for cluster to exit safe mode
2023-08-28 09:34:53,496 [main] INFO  ozone.MiniOzoneClusterImpl (MiniOzoneClusterImpl.java:lambda$waitForClusterToBeReady$0(229)) - SCM became leader
2023-08-28 09:34:54,354 [PipelineCommandHandlerThread-0] INFO  server.RaftServer (RaftServerProxy.java:addNew(98)) - ef3a886b-561e-496b-b271-3b32784cf0be: addNew group-D143B37F4DF6:[ef3a886b-561e-496b-b271-3b32784cf0be|rpc:10.1.0.27:15173|admin:10.1.0.27:15172|client:10.1.0.27:15171|dataStream:10.1.0.27:15174|priority:1|startupRole:FOLLOWER] returns group-D143B37F4DF6:java.util.concurrent.CompletableFuture@637cd9a4[Not completed]
2023-08-28 09:34:54,355 [ef3a886b-561e-496b-b271-3b32784cf0be-groupManagement] INFO  server.RaftServer$Division (RaftServerImpl.java:<init>(198)) - ef3a886b-561e-496b-b271-3b32784cf0be: new RaftServerImpl for group-D143B37F4DF6:[ef3a886b-561e-496b-b271-3b32784cf0be|rpc:10.1.0.27:15173|admin:10.1.0.27:15172|client:10.1.0.27:15171|dataStream:10.1.0.27:15174|priority:1|startupRole:FOLLOWER] with ContainerStateMachine:uninitialized
2023-08-28 09:34:54,356 [ef3a886b-561e-496b-b271-3b32784cf0be-groupManagement] INFO  server.RaftServerConfigKeys (ConfUtils.java:logGet(46)) - raft.server.rpc.timeout.min = 5s (custom)
2023-08-28 09:34:54,356 [ef3a886b-561e-496b-b271-3b32784cf0be-groupManagement] INFO  server.RaftServerConfigKeys (ConfUtils.java:logGet(46)) - raft.server.rpc.timeout.max = 5200ms (custom)
2023-08-28 09:34:54,356 [ef3a886b-561e-496b-b271-3b32784cf0be-groupManagement] INFO  server.RaftServerConfigKeys (ConfUtils.java:logGet(46)) - raft.server.rpc.sleep.time = 25ms (default)
2023-08-28 09:34:54,356 [ef3a886b-561e-496b-b271-3b32784cf0be-groupManagement] INFO  server.RaftServerConfigKeys (ConfUtils.java:logGet(46)) - raft.server.rpc.slowness.timeout = 300s (custom)
2023-08-28 09:34:54,356 [ef3a886b-561e-496b-b271-3b32784cf0be-groupManagement] INFO  server.RaftServerConfigKeys (ConfUtils.java:logGet(46)) - raft.server.leaderelection.leader.step-down.wait-time = 10s (default)
2023-08-28 09:34:54,356 [ef3a886b-561e-496b-b271-3b32784cf0be-groupManagement] INFO  server.RaftServerConfigKeys (ConfUtils.java:logGet(46)) - raft.server.sleep.deviation.threshold = 300ms (default)
2023-08-28 09:34:54,356 [ef3a886b-561e-496b-b271-3b32784cf0be-groupManagement] INFO  server.RaftServer$Division (ServerState.java:<init>(120)) - ef3a886b-561e-496b-b271-3b32784cf0be@group-D143B37F4DF6: ConfigurationManager, init=-1: peers:[ef3a886b-561e-496b-b271-3b32784cf0be|rpc:10.1.0.27:15173|admin:10.1.0.27:15172|client:10.1.0.27:15171|dataStream:10.1.0.27:15174|priority:1|startupRole:FOLLOWER]|listeners:[], old=null, confs=<EMPTY_MAP>
2023-08-28 09:34:54,356 [ef3a886b-561e-496b-b271-3b32784cf0be-groupManagement] INFO  server.RaftServerConfigKeys (ConfUtils.java:logGet(46)) - raft.server.storage.dir = [/home/runner/work/ozone/ozone/hadoop-ozone/integration-test/target/test-dir/MiniOzoneClusterImpl-b3d20441-1363-4d90-8b75-dcc1ba5546e4/datanode-0/data/ratis] (custom)
2023-08-28 09:34:54,356 [ef3a886b-561e-496b-b271-3b32784cf0be-groupManagement] INFO  server.RaftServerConfigKeys (ConfUtils.java:logGet(46)) - raft.server.log.corruption.policy = EXCEPTION (default)
2023-08-28 09:34:54,356 [ef3a886b-561e-496b-b271-3b32784cf0be-groupManagement] INFO  server.RaftServerConfigKeys (ConfUtils.java:logGet(46)) - raft.server.storage.free-space.min = 0MB (=0) (default)
2023-08-28 09:34:54,356 [ef3a886b-561e-496b-b271-3b32784cf0be-groupManagement] INFO  server.RaftServerConfigKeys (ConfUtils.java:logGet(46)) - raft.server.notification.no-leader.timeout = 300s (custom)
2023-08-28 09:34:54,356 [ef3a886b-561e-496b-b271-3b32784cf0be-groupManagement] INFO  server.RaftServerConfigKeys (ConfUtils.java:logGet(46)) - raft.server.read.timeout = 10s (default)
2023-08-28 09:34:54,356 [ef3a886b-561e-496b-b271-3b32784cf0be-groupManagement] INFO  server.RaftServerConfigKeys (ConfUtils.java:logGet(46)) - raft.server.retrycache.expirytime = 600000ms (custom)
2023-08-28 09:34:54,357 [ef3a886b-561e-496b-b271-3b32784cf0be-groupManagement] INFO  server.RaftServerConfigKeys (ConfUtils.java:logGet(46)) - raft.server.retrycache.statistics.expirytime = 100μs (default)
2023-08-28 09:34:54,357 [ef3a886b-561e-496b-b271-3b32784cf0be-groupManagement] INFO  server.RaftServerConfigKeys (ConfUtils.java:logGet(46)) - raft.server.read.option = DEFAULT (default)
2023-08-28 09:34:54,357 [ef3a886b-561e-496b-b271-3b32784cf0be-groupManagement] INFO  server.RaftServerConfigKeys (ConfUtils.java:logGet(46)) - raft.server.rpc.request.timeout = 60s (custom)
2023-08-28 09:34:54,357 [ef3a886b-561e-496b-b271-3b32784cf0be-groupManagement] INFO  server.RaftServerConfigKeys (ConfUtils.java:logGet(46)) - raft.server.log.appender.install.snapshot.enabled = false (custom)
2023-08-28 09:34:54,357 [ef3a886b-561e-496b-b271-3b32784cf0be-groupManagement] INFO  server.RaftServerConfigKeys (ConfUtils.java:logGet(46)) - raft.server.threadpool.server.cached = true (default)
2023-08-28 09:34:54,357 [ef3a886b-561e-496b-b271-3b32784cf0be-groupManagement] INFO  server.RaftServerConfigKeys (ConfUtils.java:logGet(46)) - raft.server.threadpool.server.size = 0 (default)
2023-08-28 09:34:54,357 [ef3a886b-561e-496b-b271-3b32784cf0be-groupManagement] INFO  server.RaftServerConfigKeys (ConfUtils.java:logGet(46)) - raft.server.threadpool.client.cached = true (default)
2023-08-28 09:34:54,357 [ef3a886b-561e-496b-b271-3b32784cf0be-groupManagement] INFO  server.RaftServerConfigKeys (ConfUtils.java:logGet(46)) - raft.server.threadpool.client.size = 0 (default)
2023-08-28 09:34:54,357 [ef3a886b-561e-496b-b271-3b32784cf0be-groupManagement] INFO  storage.RaftStorageDirectory (RaftStorageDirectoryImpl.java:analyzeStorage(137)) - The storage directory /home/runner/work/ozone/ozone/hadoop-ozone/integration-test/target/test-dir/MiniOzoneClusterImpl-b3d20441-1363-4d90-8b75-dcc1ba5546e4/datanode-0/data/ratis/934a16b0-2b42-4d99-badf-d143b37f4df6 does not exist. Creating ...
2023-08-28 09:34:54,359 [ef3a886b-561e-496b-b271-3b32784cf0be-groupManagement] INFO  storage.RaftStorageDirectory (RaftStorageDirectoryImpl.java:tryLock(231)) - Lock on /home/runner/work/ozone/ozone/hadoop-ozone/integration-test/target/test-dir/MiniOzoneClusterImpl-b3d20441-1363-4d90-8b75-dcc1ba5546e4/datanode-0/data/ratis/934a16b0-2b42-4d99-badf-d143b37f4df6/in_use.lock acquired by nodename 61172@fv-az625-77
2023-08-28 09:34:54,360 [ef3a886b-561e-496b-b271-3b32784cf0be-groupManagement] INFO  storage.RaftStorage (RaftStorageImpl.java:format(96)) - Storage directory /home/runner/work/ozone/ozone/hadoop-ozone/integration-test/target/test-dir/MiniOzoneClusterImpl-b3d20441-1363-4d90-8b75-dcc1ba5546e4/datanode-0/data/ratis/934a16b0-2b42-4d99-badf-d143b37f4df6 has been successfully formatted.
2023-08-28 09:34:54,362 [ef3a886b-561e-496b-b271-3b32784cf0be-groupManagement] INFO  ratis.ContainerStateMachine (ContainerStateMachine.java:loadSnapshot(262)) - group-D143B37F4DF6: The snapshot info is null. Setting the last applied indexto:(t:0, i:~)
2023-08-28 09:34:54,362 [ef3a886b-561e-496b-b271-3b32784cf0be-groupManagement] INFO  server.RaftServerConfigKeys (ConfUtils.java:logGet(46)) - raft.server.log.use.memory = false (default)
2023-08-28 09:34:54,362 [ef3a886b-561e-496b-b271-3b32784cf0be-groupManagement] INFO  server.RaftServerConfigKeys (ConfUtils.java:logGet(46)) - raft.server.log.purge.gap = 1000000 (custom)
2023-08-28 09:34:54,362 [ef3a886b-561e-496b-b271-3b32784cf0be-groupManagement] INFO  server.RaftServerConfigKeys (ConfUtils.java:logGet(46)) - raft.server.log.appender.buffer.byte-limit = 33554432 (custom)
2023-08-28 09:34:54,362 [ef3a886b-561e-496b-b271-3b32784cf0be-groupManagement] INFO  server.RaftServerConfigKeys (ConfUtils.java:logGet(46)) - raft.server.log.statemachine.data.read.timeout = 1000ms (default)
2023-08-28 09:34:54,362 [ef3a886b-561e-496b-b271-3b32784cf0be-groupManagement] INFO  server.RaftServerConfigKeys (ConfUtils.java:logGet(46)) - raft.server.log.purge.preservation.log.num = 0 (default)
2023-08-28 09:34:54,363 [EventQueue-PipelineReportForPipelineReportHandler] INFO  pipeline.PipelineReportHandler (PipelineReportHandler.java:processPipelineReport(136)) - Opened pipeline PipelineID=934a16b0-2b42-4d99-badf-d143b37f4df6
2023-08-28 09:34:54,365 [EventQueue-OpenPipelineForHealthyPipelineSafeModeRule] INFO  safemode.SCMSafeModeManager (HealthyPipelineSafeModeRule.java:process(137)) - SCM in safe mode. Healthy pipelines reported count is 0, required healthy pipeline reported count is 1
2023-08-28 09:34:54,365 [ef3a886b-561e-496b-b271-3b32784cf0be-groupManagement] INFO  server.RaftServerConfigKeys (ConfUtils.java:logGet(46)) - raft.server.log.segment.size.max = 1048576 (custom)
2023-08-28 09:34:54,366 [ef3a886b-561e-496b-b271-3b32784cf0be-groupManagement] INFO  server.RaftServerConfigKeys (ConfUtils.java:logGet(46)) - raft.server.log.segment.cache.num.max = 2 (custom)
2023-08-28 09:34:54,366 [ef3a886b-561e-496b-b271-3b32784cf0be-groupManagement] INFO  server.RaftServerConfigKeys (ConfUtils.java:logGet(46)) - raft.server.log.segment.cache.size.max = 200MB (=209715200) (default)
2023-08-28 09:34:54,366 [ef3a886b-561e-496b-b271-3b32784cf0be-groupManagement] INFO  server.RaftServerConfigKeys (ConfUtils.java:logGet(46)) - raft.server.log.appender.buffer.byte-limit = 33554432 (custom)
2023-08-28 09:34:54,366 [ef3a886b-561e-496b-b271-3b32784cf0be-groupManagement] INFO  segmented.SegmentedRaftLogWorker (SegmentedRaftLogWorker.java:<init>(188)) - new ef3a886b-561e-496b-b271-3b32784cf0be@group-D143B37F4DF6-SegmentedRaftLogWorker for RaftStorageImpl:Storage Directory /home/runner/work/ozone/ozone/hadoop-ozone/integration-test/target/test-dir/MiniOzoneClusterImpl-b3d20441-1363-4d90-8b75-dcc1ba5546e4/datanode-0/data/ratis/934a16b0-2b42-4d99-badf-d143b37f4df6
2023-08-28 09:34:54,366 [ef3a886b-561e-496b-b271-3b32784cf0be-groupManagement] INFO  server.RaftServerConfigKeys (ConfUtils.java:logGet(46)) - raft.server.log.queue.byte-limit = 4294967296 (custom)
2023-08-28 09:34:54,367 [ef3a886b-561e-496b-b271-3b32784cf0be-groupManagement] INFO  server.RaftServerConfigKeys (ConfUtils.java:logGet(46)) - raft.server.log.queue.element-limit = 1024 (custom)
2023-08-28 09:34:54,367 [ef3a886b-561e-496b-b271-3b32784cf0be-groupManagement] INFO  server.RaftServerConfigKeys (ConfUtils.java:logGet(46)) - raft.server.log.segment.size.max = 1048576 (custom)
2023-08-28 09:34:54,367 [ef3a886b-561e-496b-b271-3b32784cf0be-groupManagement] INFO  server.RaftServerConfigKeys (ConfUtils.java:logGet(46)) - raft.server.log.preallocated.size = 16384 (custom)
2023-08-28 09:34:54,367 [ef3a886b-561e-496b-b271-3b32784cf0be-groupManagement] INFO  server.RaftServerConfigKeys (ConfUtils.java:logGet(46)) - raft.server.log.force.sync.num = 128 (default)
2023-08-28 09:34:54,367 [ef3a886b-561e-496b-b271-3b32784cf0be-groupManagement] INFO  server.RaftServerConfigKeys (ConfUtils.java:logGet(46)) - raft.server.log.statemachine.data.sync = true (default)
2023-08-28 09:34:54,367 [ef3a886b-561e-496b-b271-3b32784cf0be-groupManagement] INFO  server.RaftServerConfigKeys (ConfUtils.java:logGet(46)) - raft.server.log.statemachine.data.sync.timeout = 10s (default)
2023-08-28 09:34:54,367 [ef3a886b-561e-496b-b271-3b32784cf0be-groupManagement] INFO  server.RaftServerConfigKeys (ConfUtils.java:logGet(46)) - raft.server.log.statemachine.data.sync.timeout.retry = -1 (default)
2023-08-28 09:34:54,367 [ef3a886b-561e-496b-b271-3b32784cf0be-groupManagement] INFO  server.RaftServerConfigKeys (ConfUtils.java:logGet(46)) - raft.server.log.write.buffer.size = 1048576 (custom)
2023-08-28 09:34:54,367 [ef3a886b-561e-496b-b271-3b32784cf0be-groupManagement] INFO  server.RaftServerConfigKeys (ConfUtils.java:logGet(46)) - raft.server.log.appender.buffer.byte-limit = 33554432 (custom)
2023-08-28 09:34:54,372 [ef3a886b-561e-496b-b271-3b32784cf0be-groupManagement] INFO  server.RaftServerConfigKeys (ConfUtils.java:logGet(46)) - raft.server.log.unsafe-flush.enabled = false (default)
2023-08-28 09:34:54,372 [ef3a886b-561e-496b-b271-3b32784cf0be-groupManagement] INFO  server.RaftServerConfigKeys (ConfUtils.java:logGet(46)) - raft.server.log.async-flush.enabled = false (default)
2023-08-28 09:34:54,372 [ef3a886b-561e-496b-b271-3b32784cf0be-groupManagement] INFO  server.RaftServerConfigKeys (ConfUtils.java:logGet(46)) - raft.server.log.statemachine.data.caching.enabled = true (custom)
2023-08-28 09:34:54,373 [ef3a886b-561e-496b-b271-3b32784cf0be-groupManagement] INFO  segmented.SegmentedRaftLogWorker (SegmentedRaftLogWorker.java:lambda$new$0(135)) - ef3a886b-561e-496b-b271-3b32784cf0be@group-D143B37F4DF6-SegmentedRaftLogWorker: flushIndex: setUnconditionally 0 -> -1
2023-08-28 09:34:54,373 [ef3a886b-561e-496b-b271-3b32784cf0be-groupManagement] INFO  segmented.SegmentedRaftLogWorker (SegmentedRaftLogWorker.java:lambda$new$0(135)) - ef3a886b-561e-496b-b271-3b32784cf0be@group-D143B37F4DF6-SegmentedRaftLogWorker: safeCacheEvictIndex: setUnconditionally 0 -> -1
2023-08-28 09:34:54,373 [ef3a886b-561e-496b-b271-3b32784cf0be-groupManagement] INFO  server.RaftServer$Division (RaftServerImpl.java:start(342)) - ef3a886b-561e-496b-b271-3b32784cf0be@group-D143B37F4DF6: start as a follower, conf=-1: peers:[ef3a886b-561e-496b-b271-3b32784cf0be|rpc:10.1.0.27:15173|admin:10.1.0.27:15172|client:10.1.0.27:15171|dataStream:10.1.0.27:15174|priority:1|startupRole:FOLLOWER]|listeners:[], old=null
2023-08-28 09:34:54,373 [ef3a886b-561e-496b-b271-3b32784cf0be-groupManagement] INFO  server.RaftServer$Division (RaftServerImpl.java:setRole(329)) - ef3a886b-561e-496b-b271-3b32784cf0be@group-D143B37F4DF6: changes role from      null to FOLLOWER at term 0 for startAsFollower
2023-08-28 09:34:54,373 [ef3a886b-561e-496b-b271-3b32784cf0be-groupManagement] INFO  impl.RoleInfo (RoleInfo.java:updateAndGet(139)) - ef3a886b-561e-496b-b271-3b32784cf0be: start ef3a886b-561e-496b-b271-3b32784cf0be@group-D143B37F4DF6-FollowerState
2023-08-28 09:34:54,373 [ef3a886b-561e-496b-b271-3b32784cf0be-groupManagement] INFO  util.JmxRegister (JmxRegister.java:tryRegister(44)) - Successfully registered JMX Bean with object name Ratis:service=RaftServer,group=group-D143B37F4DF6,id=ef3a886b-561e-496b-b271-3b32784cf0be
2023-08-28 09:34:54,374 [ef3a886b-561e-496b-b271-3b32784cf0be-groupManagement] INFO  server.RaftServerConfigKeys (ConfUtils.java:logGet(46)) - raft.server.snapshot.auto.trigger.enabled = true (custom)
2023-08-28 09:34:54,374 [ef3a886b-561e-496b-b271-3b32784cf0be-groupManagement] INFO  server.RaftServerConfigKeys (ConfUtils.java:logGet(46)) - raft.server.snapshot.auto.trigger.threshold = 10000 (custom)
2023-08-28 09:34:54,374 [ef3a886b-561e-496b-b271-3b32784cf0be-groupManagement] INFO  server.RaftServerConfigKeys (ConfUtils.java:logGet(46)) - raft.server.snapshot.retention.file.num = 5 (custom)
2023-08-28 09:34:54,374 [ef3a886b-561e-496b-b271-3b32784cf0be-groupManagement] INFO  server.RaftServerConfigKeys (ConfUtils.java:logGet(46)) - raft.server.log.purge.upto.snapshot.index = false (default)
2023-08-28 09:34:54,375 [ef3a886b-561e-496b-b271-3b32784cf0be@group-D143B37F4DF6-FollowerState] INFO  server.RaftServerConfigKeys (ConfUtils.java:logFallback(53)) - raft.server.rpc.first-election.timeout.min = 5s (fallback to raft.server.rpc.timeout.min)
2023-08-28 09:34:54,375 [ef3a886b-561e-496b-b271-3b32784cf0be@group-D143B37F4DF6-FollowerState] INFO  server.RaftServerConfigKeys (ConfUtils.java:logFallback(53)) - raft.server.rpc.first-election.timeout.max = 5200ms (fallback to raft.server.rpc.timeout.max)
2023-08-28 09:34:54,376 [PipelineCommandHandlerThread-0] INFO  ratis.XceiverServerRatis (XceiverServerRatis.java:addGroup(804)) - Created group PipelineID=934a16b0-2b42-4d99-badf-d143b37f4df6
2023-08-28 09:34:54,376 [PipelineCommandHandlerThread-0] INFO  commandhandler.CreatePipelineCommandHandler (CreatePipelineCommandHandler.java:lambda$handle$2(124)) - Created Pipeline RATIS ONE PipelineID=934a16b0-2b42-4d99-badf-d143b37f4df6.
2023-08-28 09:34:54,376 [PipelineCommandHandlerThread-0] INFO  server.RaftServer (RaftServerProxy.java:addNew(98)) - ef3a886b-561e-496b-b271-3b32784cf0be: addNew group-3FA8C06DFFC7:[2121e5cf-c9a2-43bb-b1d5-56f983d54b52|rpc:10.1.0.27:15191|admin:10.1.0.27:15190|client:10.1.0.27:15189|dataStream:10.1.0.27:15192|priority:0|startupRole:FOLLOWER, 269fa438-bc78-433d-911d-e020a0e24055|rpc:10.1.0.27:15182|admin:10.1.0.27:15181|client:10.1.0.27:15180|dataStream:10.1.0.27:15183|priority:0|startupRole:FOLLOWER, ef3a886b-561e-496b-b271-3b32784cf0be|rpc:10.1.0.27:15173|admin:10.1.0.27:15172|client:10.1.0.27:15171|dataStream:10.1.0.27:15174|priority:1|startupRole:FOLLOWER] returns group-3FA8C06DFFC7:java.util.concurrent.CompletableFuture@67434113[Not completed]
2023-08-28 09:34:54,377 [ef3a886b-561e-496b-b271-3b32784cf0be-groupManagement] INFO  server.RaftServer$Division (RaftServerImpl.java:<init>(198)) - ef3a886b-561e-496b-b271-3b32784cf0be: new RaftServerImpl for group-3FA8C06DFFC7:[2121e5cf-c9a2-43bb-b1d5-56f983d54b52|rpc:10.1.0.27:15191|admin:10.1.0.27:15190|client:10.1.0.27:15189|dataStream:10.1.0.27:15192|priority:0|startupRole:FOLLOWER, 269fa438-bc78-433d-911d-e020a0e24055|rpc:10.1.0.27:15182|admin:10.1.0.27:15181|client:10.1.0.27:15180|dataStream:10.1.0.27:15183|priority:0|startupRole:FOLLOWER, ef3a886b-561e-496b-b271-3b32784cf0be|rpc:10.1.0.27:15173|admin:10.1.0.27:15172|client:10.1.0.27:15171|dataStream:10.1.0.27:15174|priority:1|startupRole:FOLLOWER] with ContainerStateMachine:uninitialized
2023-08-28 09:34:54,377 [ef3a886b-561e-496b-b271-3b32784cf0be-groupManagement] INFO  server.RaftServerConfigKeys (ConfUtils.java:logGet(46)) - raft.server.rpc.timeout.min = 5s (custom)
2023-08-28 09:34:54,377 [ef3a886b-561e-496b-b271-3b32784cf0be-groupManagement] INFO  server.RaftServerConfigKeys (ConfUtils.java:logGet(46)) - raft.server.rpc.timeout.max = 5200ms (custom)
2023-08-28 09:34:54,377 [ef3a886b-561e-496b-b271-3b32784cf0be-groupManagement] INFO  server.RaftServerConfigKeys (ConfUtils.java:logGet(46)) - raft.server.rpc.sleep.time = 25ms (default)
2023-08-28 09:34:54,377 [ef3a886b-561e-496b-b271-3b32784cf0be-groupManagement] INFO  server.RaftServerConfigKeys (ConfUtils.java:logGet(46)) - raft.server.rpc.slowness.timeout = 300s (custom)
2023-08-28 09:34:54,377 [ef3a886b-561e-496b-b271-3b32784cf0be-groupManagement] INFO  server.RaftServerConfigKeys (ConfUtils.java:logGet(46)) - raft.server.leaderelection.leader.step-down.wait-time = 10s (default)
2023-08-28 09:34:54,377 [ef3a886b-561e-496b-b271-3b32784cf0be-groupManagement] INFO  server.RaftServerConfigKeys (ConfUtils.java:logGet(46)) - raft.server.sleep.deviation.threshold = 300ms (default)
2023-08-28 09:34:54,377 [ef3a886b-561e-496b-b271-3b32784cf0be-groupManagement] INFO  server.RaftServer$Division (ServerState.java:<init>(120)) - ef3a886b-561e-496b-b271-3b32784cf0be@group-3FA8C06DFFC7: ConfigurationManager, init=-1: peers:[2121e5cf-c9a2-43bb-b1d5-56f983d54b52|rpc:10.1.0.27:15191|admin:10.1.0.27:15190|client:10.1.0.27:15189|dataStream:10.1.0.27:15192|priority:0|startupRole:FOLLOWER, 269fa438-bc78-433d-911d-e020a0e24055|rpc:10.1.0.27:15182|admin:10.1.0.27:15181|client:10.1.0.27:15180|dataStream:10.1.0.27:15183|priority:0|startupRole:FOLLOWER, ef3a886b-561e-496b-b271-3b32784cf0be|rpc:10.1.0.27:15173|admin:10.1.0.27:15172|client:10.1.0.27:15171|dataStream:10.1.0.27:15174|priority:1|startupRole:FOLLOWER]|listeners:[], old=null, confs=<EMPTY_MAP>
2023-08-28 09:34:54,378 [ef3a886b-561e-496b-b271-3b32784cf0be-groupManagement] INFO  server.RaftServerConfigKeys (ConfUtils.java:logGet(46)) - raft.server.storage.dir = [/home/runner/work/ozone/ozone/hadoop-ozone/integration-test/target/test-dir/MiniOzoneClusterImpl-b3d20441-1363-4d90-8b75-dcc1ba5546e4/datanode-0/data/ratis] (custom)
2023-08-28 09:34:54,378 [ef3a886b-561e-496b-b271-3b32784cf0be-groupManagement] INFO  server.RaftServerConfigKeys (ConfUtils.java:logGet(46)) - raft.server.log.corruption.policy = EXCEPTION (default)
2023-08-28 09:34:54,378 [ef3a886b-561e-496b-b271-3b32784cf0be-groupManagement] INFO  server.RaftServerConfigKeys (ConfUtils.java:logGet(46)) - raft.server.storage.free-space.min = 0MB (=0) (default)
2023-08-28 09:34:54,378 [ef3a886b-561e-496b-b271-3b32784cf0be-groupManagement] INFO  server.RaftServerConfigKeys (ConfUtils.java:logGet(46)) - raft.server.notification.no-leader.timeout = 300s (custom)
2023-08-28 09:34:54,378 [ef3a886b-561e-496b-b271-3b32784cf0be-groupManagement] INFO  server.RaftServerConfigKeys (ConfUtils.java:logGet(46)) - raft.server.read.timeout = 10s (default)
2023-08-28 09:34:54,378 [ef3a886b-561e-496b-b271-3b32784cf0be-groupManagement] INFO  server.RaftServerConfigKeys (ConfUtils.java:logGet(46)) - raft.server.retrycache.expirytime = 600000ms (custom)
2023-08-28 09:34:54,378 [ef3a886b-561e-496b-b271-3b32784cf0be-groupManagement] INFO  server.RaftServerConfigKeys (ConfUtils.java:logGet(46)) - raft.server.retrycache.statistics.expirytime = 100μs (default)
2023-08-28 09:34:54,378 [ef3a886b-561e-496b-b271-3b32784cf0be-groupManagement] INFO  server.RaftServerConfigKeys (ConfUtils.java:logGet(46)) - raft.server.read.option = DEFAULT (default)
2023-08-28 09:34:54,378 [ef3a886b-561e-496b-b271-3b32784cf0be-groupManagement] INFO  server.RaftServerConfigKeys (ConfUtils.java:logGet(46)) - raft.server.rpc.request.timeout = 60s (custom)
2023-08-28 09:34:54,379 [ef3a886b-561e-496b-b271-3b32784cf0be-groupManagement] INFO  server.RaftServerConfigKeys (ConfUtils.java:logGet(46)) - raft.server.log.appender.install.snapshot.enabled = false (custom)
2023-08-28 09:34:54,379 [ef3a886b-561e-496b-b271-3b32784cf0be-groupManagement] INFO  server.RaftServerConfigKeys (ConfUtils.java:logGet(46)) - raft.server.threadpool.server.cached = true (default)
2023-08-28 09:34:54,379 [ef3a886b-561e-496b-b271-3b32784cf0be-groupManagement] INFO  server.RaftServerConfigKeys (ConfUtils.java:logGet(46)) - raft.server.threadpool.server.size = 0 (default)
2023-08-28 09:34:54,379 [ef3a886b-561e-496b-b271-3b32784cf0be-groupManagement] INFO  server.RaftServerConfigKeys (ConfUtils.java:logGet(46)) - raft.server.threadpool.client.cached = true (default)
2023-08-28 09:34:54,379 [ef3a886b-561e-496b-b271-3b32784cf0be-groupManagement] INFO  server.RaftServerConfigKeys (ConfUtils.java:logGet(46)) - raft.server.threadpool.client.size = 0 (default)
2023-08-28 09:34:54,379 [ef3a886b-561e-496b-b271-3b32784cf0be-groupManagement] INFO  storage.RaftStorageDirectory (RaftStorageDirectoryImpl.java:analyzeStorage(137)) - The storage directory /home/runner/work/ozone/ozone/hadoop-ozone/integration-test/target/test-dir/MiniOzoneClusterImpl-b3d20441-1363-4d90-8b75-dcc1ba5546e4/datanode-0/data/ratis/0d752240-0551-4b74-81b3-3fa8c06dffc7 does not exist. Creating ...
2023-08-28 09:34:54,380 [ef3a886b-561e-496b-b271-3b32784cf0be-groupManagement] INFO  storage.RaftStorageDirectory (RaftStorageDirectoryImpl.java:tryLock(231)) - Lock on /home/runner/work/ozone/ozone/hadoop-ozone/integration-test/target/test-dir/MiniOzoneClusterImpl-b3d20441-1363-4d90-8b75-dcc1ba5546e4/datanode-0/data/ratis/0d752240-0551-4b74-81b3-3fa8c06dffc7/in_use.lock acquired by nodename 61172@fv-az625-77
2023-08-28 09:34:54,381 [ef3a886b-561e-496b-b271-3b32784cf0be-groupManagement] INFO  storage.RaftStorage (RaftStorageImpl.java:format(96)) - Storage directory /home/runner/work/ozone/ozone/hadoop-ozone/integration-test/target/test-dir/MiniOzoneClusterImpl-b3d20441-1363-4d90-8b75-dcc1ba5546e4/datanode-0/data/ratis/0d752240-0551-4b74-81b3-3fa8c06dffc7 has been successfully formatted.
2023-08-28 09:34:54,382 [ef3a886b-561e-496b-b271-3b32784cf0be-groupManagement] INFO  ratis.ContainerStateMachine (ContainerStateMachine.java:loadSnapshot(262)) - group-3FA8C06DFFC7: The snapshot info is null. Setting the last applied indexto:(t:0, i:~)
2023-08-28 09:34:54,382 [ef3a886b-561e-496b-b271-3b32784cf0be-groupManagement] INFO  server.RaftServerConfigKeys (ConfUtils.java:logGet(46)) - raft.server.log.use.memory = false (default)
2023-08-28 09:34:54,383 [EventQueue-OpenPipelineForHealthyPipelineSafeModeRule] INFO  safemode.SCMSafeModeManager (HealthyPipelineSafeModeRule.java:process(137)) - SCM in safe mode. Healthy pipelines reported count is 0, required healthy pipeline reported count is 1
2023-08-28 09:34:54,383 [ef3a886b-561e-496b-b271-3b32784cf0be-groupManagement] INFO  server.RaftServerConfigKeys (ConfUtils.java:logGet(46)) - raft.server.log.purge.gap = 1000000 (custom)
2023-08-28 09:34:54,383 [ef3a886b-561e-496b-b271-3b32784cf0be-groupManagement] INFO  server.RaftServerConfigKeys (ConfUtils.java:logGet(46)) - raft.server.log.appender.buffer.byte-limit = 33554432 (custom)
2023-08-28 09:34:54,383 [ef3a886b-561e-496b-b271-3b32784cf0be-groupManagement] INFO  server.RaftServerConfigKeys (ConfUtils.java:logGet(46)) - raft.server.log.statemachine.data.read.timeout = 1000ms (default)
2023-08-28 09:34:54,383 [ef3a886b-561e-496b-b271-3b32784cf0be-groupManagement] INFO  server.RaftServerConfigKeys (ConfUtils.java:logGet(46)) - raft.server.log.purge.preservation.log.num = 0 (default)
2023-08-28 09:34:54,383 [ef3a886b-561e-496b-b271-3b32784cf0be-groupManagement] INFO  server.RaftServerConfigKeys (ConfUtils.java:logGet(46)) - raft.server.log.segment.size.max = 1048576 (custom)
2023-08-28 09:34:54,383 [ef3a886b-561e-496b-b271-3b32784cf0be-groupManagement] INFO  server.RaftServerConfigKeys (ConfUtils.java:logGet(46)) - raft.server.log.segment.cache.num.max = 2 (custom)
2023-08-28 09:34:54,383 [ef3a886b-561e-496b-b271-3b32784cf0be-groupManagement] INFO  server.RaftServerConfigKeys (ConfUtils.java:logGet(46)) - raft.server.log.segment.cache.size.max = 200MB (=209715200) (default)
2023-08-28 09:34:54,383 [ef3a886b-561e-496b-b271-3b32784cf0be-groupManagement] INFO  server.RaftServerConfigKeys (ConfUtils.java:logGet(46)) - raft.server.log.appender.buffer.byte-limit = 33554432 (custom)
2023-08-28 09:34:54,383 [ef3a886b-561e-496b-b271-3b32784cf0be-groupManagement] INFO  segmented.SegmentedRaftLogWorker (SegmentedRaftLogWorker.java:<init>(188)) - new ef3a886b-561e-496b-b271-3b32784cf0be@group-3FA8C06DFFC7-SegmentedRaftLogWorker for RaftStorageImpl:Storage Directory /home/runner/work/ozone/ozone/hadoop-ozone/integration-test/target/test-dir/MiniOzoneClusterImpl-b3d20441-1363-4d90-8b75-dcc1ba5546e4/datanode-0/data/ratis/0d752240-0551-4b74-81b3-3fa8c06dffc7
2023-08-28 09:34:54,383 [ef3a886b-561e-496b-b271-3b32784cf0be-groupManagement] INFO  server.RaftServerConfigKeys (ConfUtils.java:logGet(46)) - raft.server.log.queue.byte-limit = 4294967296 (custom)
2023-08-28 09:34:54,383 [ef3a886b-561e-496b-b271-3b32784cf0be-groupManagement] INFO  server.RaftServerConfigKeys (ConfUtils.java:logGet(46)) - raft.server.log.queue.element-limit = 1024 (custom)
2023-08-28 09:34:54,383 [ef3a886b-561e-496b-b271-3b32784cf0be-groupManagement] INFO  server.RaftServerConfigKeys (ConfUtils.java:logGet(46)) - raft.server.log.segment.size.max = 1048576 (custom)
2023-08-28 09:34:54,383 [ef3a886b-561e-496b-b271-3b32784cf0be-groupManagement] INFO  server.RaftServerConfigKeys (ConfUtils.java:logGet(46)) - raft.server.log.preallocated.size = 16384 (custom)
2023-08-28 09:34:54,383 [ef3a886b-561e-496b-b271-3b32784cf0be-groupManagement] INFO  server.RaftServerConfigKeys (ConfUtils.java:logGet(46)) - raft.server.log.force.sync.num = 128 (default)
2023-08-28 09:34:54,384 [ef3a886b-561e-496b-b271-3b32784cf0be-groupManagement] INFO  server.RaftServerConfigKeys (ConfUtils.java:logGet(46)) - raft.server.log.statemachine.data.sync = true (default)
2023-08-28 09:34:54,384 [ef3a886b-561e-496b-b271-3b32784cf0be-groupManagement] INFO  server.RaftServerConfigKeys (ConfUtils.java:logGet(46)) - raft.server.log.statemachine.data.sync.timeout = 10s (default)
2023-08-28 09:34:54,384 [ef3a886b-561e-496b-b271-3b32784cf0be-groupManagement] INFO  server.RaftServerConfigKeys (ConfUtils.java:logGet(46)) - raft.server.log.statemachine.data.sync.timeout.retry = -1 (default)
2023-08-28 09:34:54,386 [ef3a886b-561e-496b-b271-3b32784cf0be-groupManagement] INFO  server.RaftServerConfigKeys (ConfUtils.java:logGet(46)) - raft.server.log.write.buffer.size = 1048576 (custom)
2023-08-28 09:34:54,386 [ef3a886b-561e-496b-b271-3b32784cf0be-groupManagement] INFO  server.RaftServerConfigKeys (ConfUtils.java:logGet(46)) - raft.server.log.appender.buffer.byte-limit = 33554432 (custom)
2023-08-28 09:34:54,391 [ef3a886b-561e-496b-b271-3b32784cf0be-groupManagement] INFO  server.RaftServerConfigKeys (ConfUtils.java:logGet(46)) - raft.server.log.unsafe-flush.enabled = false (default)
2023-08-28 09:34:54,391 [ef3a886b-561e-496b-b271-3b32784cf0be-groupManagement] INFO  server.RaftServerConfigKeys (ConfUtils.java:logGet(46)) - raft.server.log.async-flush.enabled = false (default)
2023-08-28 09:34:54,391 [ef3a886b-561e-496b-b271-3b32784cf0be-groupManagement] INFO  server.RaftServerConfigKeys (ConfUtils.java:logGet(46)) - raft.server.log.statemachine.data.caching.enabled = true (custom)
2023-08-28 09:34:54,391 [ef3a886b-561e-496b-b271-3b32784cf0be-groupManagement] INFO  segmented.SegmentedRaftLogWorker (SegmentedRaftLogWorker.java:lambda$new$0(135)) - ef3a886b-561e-496b-b271-3b32784cf0be@group-3FA8C06DFFC7-SegmentedRaftLogWorker: flushIndex: setUnconditionally 0 -> -1
2023-08-28 09:34:54,391 [ef3a886b-561e-496b-b271-3b32784cf0be-groupManagement] INFO  segmented.SegmentedRaftLogWorker (SegmentedRaftLogWorker.java:lambda$new$0(135)) - ef3a886b-561e-496b-b271-3b32784cf0be@group-3FA8C06DFFC7-SegmentedRaftLogWorker: safeCacheEvictIndex: setUnconditionally 0 -> -1
2023-08-28 09:34:54,392 [ef3a886b-561e-496b-b271-3b32784cf0be-groupManagement] INFO  server.RaftServer$Division (RaftServerImpl.java:start(342)) - ef3a886b-561e-496b-b271-3b32784cf0be@group-3FA8C06DFFC7: start as a follower, conf=-1: peers:[2121e5cf-c9a2-43bb-b1d5-56f983d54b52|rpc:10.1.0.27:15191|admin:10.1.0.27:15190|client:10.1.0.27:15189|dataStream:10.1.0.27:15192|priority:0|startupRole:FOLLOWER, 269fa438-bc78-433d-911d-e020a0e24055|rpc:10.1.0.27:15182|admin:10.1.0.27:15181|client:10.1.0.27:15180|dataStream:10.1.0.27:15183|priority:0|startupRole:FOLLOWER, ef3a886b-561e-496b-b271-3b32784cf0be|rpc:10.1.0.27:15173|admin:10.1.0.27:15172|client:10.1.0.27:15171|dataStream:10.1.0.27:15174|priority:1|startupRole:FOLLOWER]|listeners:[], old=null
2023-08-28 09:34:54,392 [ef3a886b-561e-496b-b271-3b32784cf0be-groupManagement] INFO  server.RaftServer$Division (RaftServerImpl.java:setRole(329)) - ef3a886b-561e-496b-b271-3b32784cf0be@group-3FA8C06DFFC7: changes role from      null to FOLLOWER at term 0 for startAsFollower
2023-08-28 09:34:54,392 [ef3a886b-561e-496b-b271-3b32784cf0be-groupManagement] INFO  impl.RoleInfo (RoleInfo.java:updateAndGet(139)) - ef3a886b-561e-496b-b271-3b32784cf0be: start ef3a886b-561e-496b-b271-3b32784cf0be@group-3FA8C06DFFC7-FollowerState
2023-08-28 09:34:54,396 [ef3a886b-561e-496b-b271-3b32784cf0be-groupManagement] INFO  util.JmxRegister (JmxRegister.java:tryRegister(44)) - Successfully registered JMX Bean with object name Ratis:service=RaftServer,group=group-3FA8C06DFFC7,id=ef3a886b-561e-496b-b271-3b32784cf0be
2023-08-28 09:34:54,396 [ef3a886b-561e-496b-b271-3b32784cf0be-groupManagement] INFO  server.RaftServerConfigKeys (ConfUtils.java:logGet(46)) - raft.server.snapshot.auto.trigger.enabled = true (custom)
2023-08-28 09:34:54,396 [ef3a886b-561e-496b-b271-3b32784cf0be-groupManagement] INFO  server.RaftServerConfigKeys (ConfUtils.java:logGet(46)) - raft.server.snapshot.auto.trigger.threshold = 10000 (custom)
2023-08-28 09:34:54,396 [ef3a886b-561e-496b-b271-3b32784cf0be-groupManagement] INFO  server.RaftServerConfigKeys (ConfUtils.java:logGet(46)) - raft.server.snapshot.retention.file.num = 5 (custom)
2023-08-28 09:34:54,396 [ef3a886b-561e-496b-b271-3b32784cf0be-groupManagement] INFO  server.RaftServerConfigKeys (ConfUtils.java:logGet(46)) - raft.server.log.purge.upto.snapshot.index = false (default)
2023-08-28 09:34:54,396 [ef3a886b-561e-496b-b271-3b32784cf0be@group-3FA8C06DFFC7-FollowerState] INFO  server.RaftServerConfigKeys (ConfUtils.java:logFallback(53)) - raft.server.rpc.first-election.timeout.min = 5s (fallback to raft.server.rpc.timeout.min)
2023-08-28 09:34:54,396 [ef3a886b-561e-496b-b271-3b32784cf0be@group-3FA8C06DFFC7-FollowerState] INFO  server.RaftServerConfigKeys (ConfUtils.java:logFallback(53)) - raft.server.rpc.first-election.timeout.max = 5200ms (fallback to raft.server.rpc.timeout.max)
2023-08-28 09:34:54,397 [PipelineCommandHandlerThread-0] INFO  ratis.XceiverServerRatis (XceiverServerRatis.java:addGroup(804)) - Created group PipelineID=0d752240-0551-4b74-81b3-3fa8c06dffc7
2023-08-28 09:34:54,411 [grpc-default-executor-0] INFO  server.RaftServer (RaftServerProxy.java:addNew(98)) - 269fa438-bc78-433d-911d-e020a0e24055: addNew group-3FA8C06DFFC7:[2121e5cf-c9a2-43bb-b1d5-56f983d54b52|rpc:10.1.0.27:15191|admin:10.1.0.27:15190|client:10.1.0.27:15189|dataStream:10.1.0.27:15192|priority:0|startupRole:FOLLOWER, 269fa438-bc78-433d-911d-e020a0e24055|rpc:10.1.0.27:15182|admin:10.1.0.27:15181|client:10.1.0.27:15180|dataStream:10.1.0.27:15183|priority:0|startupRole:FOLLOWER, ef3a886b-561e-496b-b271-3b32784cf0be|rpc:10.1.0.27:15173|admin:10.1.0.27:15172|client:10.1.0.27:15171|dataStream:10.1.0.27:15174|priority:1|startupRole:FOLLOWER] returns group-3FA8C06DFFC7:java.util.concurrent.CompletableFuture@260ba8a[Not completed]
2023-08-28 09:34:54,412 [269fa438-bc78-433d-911d-e020a0e24055-groupManagement] INFO  server.RaftServer$Division (RaftServerImpl.java:<init>(198)) - 269fa438-bc78-433d-911d-e020a0e24055: new RaftServerImpl for group-3FA8C06DFFC7:[2121e5cf-c9a2-43bb-b1d5-56f983d54b52|rpc:10.1.0.27:15191|admin:10.1.0.27:15190|client:10.1.0.27:15189|dataStream:10.1.0.27:15192|priority:0|startupRole:FOLLOWER, 269fa438-bc78-433d-911d-e020a0e24055|rpc:10.1.0.27:15182|admin:10.1.0.27:15181|client:10.1.0.27:15180|dataStream:10.1.0.27:15183|priority:0|startupRole:FOLLOWER, ef3a886b-561e-496b-b271-3b32784cf0be|rpc:10.1.0.27:15173|admin:10.1.0.27:15172|client:10.1.0.27:15171|dataStream:10.1.0.27:15174|priority:1|startupRole:FOLLOWER] with ContainerStateMachine:uninitialized
2023-08-28 09:34:54,412 [269fa438-bc78-433d-911d-e020a0e24055-groupManagement] INFO  server.RaftServerConfigKeys (ConfUtils.java:logGet(46)) - raft.server.rpc.timeout.min = 5s (custom)
2023-08-28 09:34:54,412 [269fa438-bc78-433d-911d-e020a0e24055-groupManagement] INFO  server.RaftServerConfigKeys (ConfUtils.java:logGet(46)) - raft.server.rpc.timeout.max = 5200ms (custom)
2023-08-28 09:34:54,412 [269fa438-bc78-433d-911d-e020a0e24055-groupManagement] INFO  server.RaftServerConfigKeys (ConfUtils.java:logGet(46)) - raft.server.rpc.sleep.time = 25ms (default)
2023-08-28 09:34:54,412 [269fa438-bc78-433d-911d-e020a0e24055-groupManagement] INFO  server.RaftServerConfigKeys (ConfUtils.java:logGet(46)) - raft.server.rpc.slowness.timeout = 300s (custom)
2023-08-28 09:34:54,412 [269fa438-bc78-433d-911d-e020a0e24055-groupManagement] INFO  server.RaftServerConfigKeys (ConfUtils.java:logGet(46)) - raft.server.leaderelection.leader.step-down.wait-time = 10s (default)
2023-08-28 09:34:54,412 [269fa438-bc78-433d-911d-e020a0e24055-groupManagement] INFO  server.RaftServerConfigKeys (ConfUtils.java:logGet(46)) - raft.server.sleep.deviation.threshold = 300ms (default)
2023-08-28 09:34:54,412 [269fa438-bc78-433d-911d-e020a0e24055-groupManagement] INFO  server.RaftServer$Division (ServerState.java:<init>(120)) - 269fa438-bc78-433d-911d-e020a0e24055@group-3FA8C06DFFC7: ConfigurationManager, init=-1: peers:[2121e5cf-c9a2-43bb-b1d5-56f983d54b52|rpc:10.1.0.27:15191|admin:10.1.0.27:15190|client:10.1.0.27:15189|dataStream:10.1.0.27:15192|priority:0|startupRole:FOLLOWER, 269fa438-bc78-433d-911d-e020a0e24055|rpc:10.1.0.27:15182|admin:10.1.0.27:15181|client:10.1.0.27:15180|dataStream:10.1.0.27:15183|priority:0|startupRole:FOLLOWER, ef3a886b-561e-496b-b271-3b32784cf0be|rpc:10.1.0.27:15173|admin:10.1.0.27:15172|client:10.1.0.27:15171|dataStream:10.1.0.27:15174|priority:1|startupRole:FOLLOWER]|listeners:[], old=null, confs=<EMPTY_MAP>
2023-08-28 09:34:54,412 [269fa438-bc78-433d-911d-e020a0e24055-groupManagement] INFO  server.RaftServerConfigKeys (ConfUtils.java:logGet(46)) - raft.server.storage.dir = [/home/runner/work/ozone/ozone/hadoop-ozone/integration-test/target/test-dir/MiniOzoneClusterImpl-b3d20441-1363-4d90-8b75-dcc1ba5546e4/datanode-1/data/ratis] (custom)
2023-08-28 09:34:54,413 [269fa438-bc78-433d-911d-e020a0e24055-groupManagement] INFO  server.RaftServerConfigKeys (ConfUtils.java:logGet(46)) - raft.server.log.corruption.policy = EXCEPTION (default)
2023-08-28 09:34:54,413 [269fa438-bc78-433d-911d-e020a0e24055-groupManagement] INFO  server.RaftServerConfigKeys (ConfUtils.java:logGet(46)) - raft.server.storage.free-space.min = 0MB (=0) (default)
2023-08-28 09:34:54,413 [269fa438-bc78-433d-911d-e020a0e24055-groupManagement] INFO  server.RaftServerConfigKeys (ConfUtils.java:logGet(46)) - raft.server.notification.no-leader.timeout = 300s (custom)
2023-08-28 09:34:54,413 [269fa438-bc78-433d-911d-e020a0e24055-groupManagement] INFO  server.RaftServerConfigKeys (ConfUtils.java:logGet(46)) - raft.server.read.timeout = 10s (default)
2023-08-28 09:34:54,413 [269fa438-bc78-433d-911d-e020a0e24055-groupManagement] INFO  server.RaftServerConfigKeys (ConfUtils.java:logGet(46)) - raft.server.retrycache.expirytime = 600000ms (custom)
2023-08-28 09:34:54,413 [269fa438-bc78-433d-911d-e020a0e24055-groupManagement] INFO  server.RaftServerConfigKeys (ConfUtils.java:logGet(46)) - raft.server.retrycache.statistics.expirytime = 100μs (default)
2023-08-28 09:34:54,413 [269fa438-bc78-433d-911d-e020a0e24055-groupManagement] INFO  server.RaftServerConfigKeys (ConfUtils.java:logGet(46)) - raft.server.read.option = DEFAULT (default)
2023-08-28 09:34:54,415 [269fa438-bc78-433d-911d-e020a0e24055-groupManagement] INFO  server.RaftServerConfigKeys (ConfUtils.java:logGet(46)) - raft.server.rpc.request.timeout = 60s (custom)
2023-08-28 09:34:54,415 [269fa438-bc78-433d-911d-e020a0e24055-groupManagement] INFO  server.RaftServerConfigKeys (ConfUtils.java:logGet(46)) - raft.server.log.appender.install.snapshot.enabled = false (custom)
2023-08-28 09:34:54,415 [269fa438-bc78-433d-911d-e020a0e24055-groupManagement] INFO  server.RaftServerConfigKeys (ConfUtils.java:logGet(46)) - raft.server.threadpool.server.cached = true (default)
2023-08-28 09:34:54,415 [269fa438-bc78-433d-911d-e020a0e24055-groupManagement] INFO  server.RaftServerConfigKeys (ConfUtils.java:logGet(46)) - raft.server.threadpool.server.size = 0 (default)
2023-08-28 09:34:54,415 [269fa438-bc78-433d-911d-e020a0e24055-groupManagement] INFO  server.RaftServerConfigKeys (ConfUtils.java:logGet(46)) - raft.server.threadpool.client.cached = true (default)
2023-08-28 09:34:54,415 [269fa438-bc78-433d-911d-e020a0e24055-groupManagement] INFO  server.RaftServerConfigKeys (ConfUtils.java:logGet(46)) - raft.server.threadpool.client.size = 0 (default)
2023-08-28 09:34:54,415 [269fa438-bc78-433d-911d-e020a0e24055-groupManagement] INFO  storage.RaftStorageDirectory (RaftStorageDirectoryImpl.java:analyzeStorage(137)) - The storage directory /home/runner/work/ozone/ozone/hadoop-ozone/integration-test/target/test-dir/MiniOzoneClusterImpl-b3d20441-1363-4d90-8b75-dcc1ba5546e4/datanode-1/data/ratis/0d752240-0551-4b74-81b3-3fa8c06dffc7 does not exist. Creating ...
2023-08-28 09:34:54,417 [269fa438-bc78-433d-911d-e020a0e24055-groupManagement] INFO  storage.RaftStorageDirectory (RaftStorageDirectoryImpl.java:tryLock(231)) - Lock on /home/runner/work/ozone/ozone/hadoop-ozone/integration-test/target/test-dir/MiniOzoneClusterImpl-b3d20441-1363-4d90-8b75-dcc1ba5546e4/datanode-1/data/ratis/0d752240-0551-4b74-81b3-3fa8c06dffc7/in_use.lock acquired by nodename 61172@fv-az625-77
2023-08-28 09:34:54,418 [269fa438-bc78-433d-911d-e020a0e24055-groupManagement] INFO  storage.RaftStorage (RaftStorageImpl.java:format(96)) - Storage directory /home/runner/work/ozone/ozone/hadoop-ozone/integration-test/target/test-dir/MiniOzoneClusterImpl-b3d20441-1363-4d90-8b75-dcc1ba5546e4/datanode-1/data/ratis/0d752240-0551-4b74-81b3-3fa8c06dffc7 has been successfully formatted.
2023-08-28 09:34:54,420 [269fa438-bc78-433d-911d-e020a0e24055-groupManagement] INFO  ratis.ContainerStateMachine (ContainerStateMachine.java:loadSnapshot(262)) - group-3FA8C06DFFC7: The snapshot info is null. Setting the last applied indexto:(t:0, i:~)
2023-08-28 09:34:54,420 [269fa438-bc78-433d-911d-e020a0e24055-groupManagement] INFO  server.RaftServerConfigKeys (ConfUtils.java:logGet(46)) - raft.server.log.use.memory = false (default)
2023-08-28 09:34:54,420 [269fa438-bc78-433d-911d-e020a0e24055-groupManagement] INFO  server.RaftServerConfigKeys (ConfUtils.java:logGet(46)) - raft.server.log.purge.gap = 1000000 (custom)
2023-08-28 09:34:54,420 [269fa438-bc78-433d-911d-e020a0e24055-groupManagement] INFO  server.RaftServerConfigKeys (ConfUtils.java:logGet(46)) - raft.server.log.appender.buffer.byte-limit = 33554432 (custom)
2023-08-28 09:34:54,420 [269fa438-bc78-433d-911d-e020a0e24055-groupManagement] INFO  server.RaftServerConfigKeys (ConfUtils.java:logGet(46)) - raft.server.log.statemachine.data.read.timeout = 1000ms (default)
2023-08-28 09:34:54,420 [269fa438-bc78-433d-911d-e020a0e24055-groupManagement] INFO  server.RaftServerConfigKeys (ConfUtils.java:logGet(46)) - raft.server.log.purge.preservation.log.num = 0 (default)
2023-08-28 09:34:54,421 [269fa438-bc78-433d-911d-e020a0e24055-groupManagement] INFO  server.RaftServerConfigKeys (ConfUtils.java:logGet(46)) - raft.server.log.segment.size.max = 1048576 (custom)
2023-08-28 09:34:54,421 [269fa438-bc78-433d-911d-e020a0e24055-groupManagement] INFO  server.RaftServerConfigKeys (ConfUtils.java:logGet(46)) - raft.server.log.segment.cache.num.max = 2 (custom)
2023-08-28 09:34:54,421 [269fa438-bc78-433d-911d-e020a0e24055-groupManagement] INFO  server.RaftServerConfigKeys (ConfUtils.java:logGet(46)) - raft.server.log.segment.cache.size.max = 200MB (=209715200) (default)
2023-08-28 09:34:54,421 [269fa438-bc78-433d-911d-e020a0e24055-groupManagement] INFO  server.RaftServerConfigKeys (ConfUtils.java:logGet(46)) - raft.server.log.appender.buffer.byte-limit = 33554432 (custom)
2023-08-28 09:34:54,421 [269fa438-bc78-433d-911d-e020a0e24055-groupManagement] INFO  segmented.SegmentedRaftLogWorker (SegmentedRaftLogWorker.java:<init>(188)) - new 269fa438-bc78-433d-911d-e020a0e24055@group-3FA8C06DFFC7-SegmentedRaftLogWorker for RaftStorageImpl:Storage Directory /home/runner/work/ozone/ozone/hadoop-ozone/integration-test/target/test-dir/MiniOzoneClusterImpl-b3d20441-1363-4d90-8b75-dcc1ba5546e4/datanode-1/data/ratis/0d752240-0551-4b74-81b3-3fa8c06dffc7
2023-08-28 09:34:54,421 [269fa438-bc78-433d-911d-e020a0e24055-groupManagement] INFO  server.RaftServerConfigKeys (ConfUtils.java:logGet(46)) - raft.server.log.queue.byte-limit = 4294967296 (custom)
2023-08-28 09:34:54,421 [269fa438-bc78-433d-911d-e020a0e24055-groupManagement] INFO  server.RaftServerConfigKeys (ConfUtils.java:logGet(46)) - raft.server.log.queue.element-limit = 1024 (custom)
2023-08-28 09:34:54,421 [269fa438-bc78-433d-911d-e020a0e24055-groupManagement] INFO  server.RaftServerConfigKeys (ConfUtils.java:logGet(46)) - raft.server.log.segment.size.max = 1048576 (custom)
2023-08-28 09:34:54,421 [269fa438-bc78-433d-911d-e020a0e24055-groupManagement] INFO  server.RaftServerConfigKeys (ConfUtils.java:logGet(46)) - raft.server.log.preallocated.size = 16384 (custom)
2023-08-28 09:34:54,421 [269fa438-bc78-433d-911d-e020a0e24055-groupManagement] INFO  server.RaftServerConfigKeys (ConfUtils.java:logGet(46)) - raft.server.log.force.sync.num = 128 (default)
2023-08-28 09:34:54,421 [269fa438-bc78-433d-911d-e020a0e24055-groupManagement] INFO  server.RaftServerConfigKeys (ConfUtils.java:logGet(46)) - raft.server.log.statemachine.data.sync = true (default)
2023-08-28 09:34:54,421 [269fa438-bc78-433d-911d-e020a0e24055-groupManagement] INFO  server.RaftServerConfigKeys (ConfUtils.java:logGet(46)) - raft.server.log.statemachine.data.sync.timeout = 10s (default)
2023-08-28 09:34:54,421 [269fa438-bc78-433d-911d-e020a0e24055-groupManagement] INFO  server.RaftServerConfigKeys (ConfUtils.java:logGet(46)) - raft.server.log.statemachine.data.sync.timeout.retry = -1 (default)
2023-08-28 09:34:54,422 [269fa438-bc78-433d-911d-e020a0e24055-groupManagement] INFO  server.RaftServerConfigKeys (ConfUtils.java:logGet(46)) - raft.server.log.write.buffer.size = 1048576 (custom)
2023-08-28 09:34:54,422 [269fa438-bc78-433d-911d-e020a0e24055-groupManagement] INFO  server.RaftServerConfigKeys (ConfUtils.java:logGet(46)) - raft.server.log.appender.buffer.byte-limit = 33554432 (custom)
2023-08-28 09:34:54,427 [269fa438-bc78-433d-911d-e020a0e24055-groupManagement] INFO  server.RaftServerConfigKeys (ConfUtils.java:logGet(46)) - raft.server.log.unsafe-flush.enabled = false (default)
2023-08-28 09:34:54,427 [269fa438-bc78-433d-911d-e020a0e24055-groupManagement] INFO  server.RaftServerConfigKeys (ConfUtils.java:logGet(46)) - raft.server.log.async-flush.enabled = false (default)
2023-08-28 09:34:54,427 [269fa438-bc78-433d-911d-e020a0e24055-groupManagement] INFO  server.RaftServerConfigKeys (ConfUtils.java:logGet(46)) - raft.server.log.statemachine.data.caching.enabled = true (custom)
2023-08-28 09:34:54,427 [269fa438-bc78-433d-911d-e020a0e24055-groupManagement] INFO  segmented.SegmentedRaftLogWorker (SegmentedRaftLogWorker.java:lambda$new$0(135)) - 269fa438-bc78-433d-911d-e020a0e24055@group-3FA8C06DFFC7-SegmentedRaftLogWorker: flushIndex: setUnconditionally 0 -> -1
2023-08-28 09:34:54,427 [269fa438-bc78-433d-911d-e020a0e24055-groupManagement] INFO  segmented.SegmentedRaftLogWorker (SegmentedRaftLogWorker.java:lambda$new$0(135)) - 269fa438-bc78-433d-911d-e020a0e24055@group-3FA8C06DFFC7-SegmentedRaftLogWorker: safeCacheEvictIndex: setUnconditionally 0 -> -1
2023-08-28 09:34:54,427 [269fa438-bc78-433d-911d-e020a0e24055-groupManagement] INFO  server.RaftServer$Division (RaftServerImpl.java:start(342)) - 269fa438-bc78-433d-911d-e020a0e24055@group-3FA8C06DFFC7: start as a follower, conf=-1: peers:[2121e5cf-c9a2-43bb-b1d5-56f983d54b52|rpc:10.1.0.27:15191|admin:10.1.0.27:15190|client:10.1.0.27:15189|dataStream:10.1.0.27:15192|priority:0|startupRole:FOLLOWER, 269fa438-bc78-433d-911d-e020a0e24055|rpc:10.1.0.27:15182|admin:10.1.0.27:15181|client:10.1.0.27:15180|dataStream:10.1.0.27:15183|priority:0|startupRole:FOLLOWER, ef3a886b-561e-496b-b271-3b32784cf0be|rpc:10.1.0.27:15173|admin:10.1.0.27:15172|client:10.1.0.27:15171|dataStream:10.1.0.27:15174|priority:1|startupRole:FOLLOWER]|listeners:[], old=null
2023-08-28 09:34:54,427 [269fa438-bc78-433d-911d-e020a0e24055-groupManagement] INFO  server.RaftServer$Division (RaftServerImpl.java:setRole(329)) - 269fa438-bc78-433d-911d-e020a0e24055@group-3FA8C06DFFC7: changes role from      null to FOLLOWER at term 0 for startAsFollower
2023-08-28 09:34:54,427 [269fa438-bc78-433d-911d-e020a0e24055-groupManagement] INFO  impl.RoleInfo (RoleInfo.java:updateAndGet(139)) - 269fa438-bc78-433d-911d-e020a0e24055: start 269fa438-bc78-433d-911d-e020a0e24055@group-3FA8C06DFFC7-FollowerState
2023-08-28 09:34:54,431 [269fa438-bc78-433d-911d-e020a0e24055-groupManagement] INFO  util.JmxRegister (JmxRegister.java:tryRegister(44)) - Successfully registered JMX Bean with object name Ratis:service=RaftServer,group=group-3FA8C06DFFC7,id=269fa438-bc78-433d-911d-e020a0e24055
2023-08-28 09:34:54,431 [269fa438-bc78-433d-911d-e020a0e24055-groupManagement] INFO  server.RaftServerConfigKeys (ConfUtils.java:logGet(46)) - raft.server.snapshot.auto.trigger.enabled = true (custom)
2023-08-28 09:34:54,431 [269fa438-bc78-433d-911d-e020a0e24055-groupManagement] INFO  server.RaftServerConfigKeys (ConfUtils.java:logGet(46)) - raft.server.snapshot.auto.trigger.threshold = 10000 (custom)
2023-08-28 09:34:54,431 [269fa438-bc78-433d-911d-e020a0e24055-groupManagement] INFO  server.RaftServerConfigKeys (ConfUtils.java:logGet(46)) - raft.server.snapshot.retention.file.num = 5 (custom)
2023-08-28 09:34:54,431 [269fa438-bc78-433d-911d-e020a0e24055-groupManagement] INFO  server.RaftServerConfigKeys (ConfUtils.java:logGet(46)) - raft.server.log.purge.upto.snapshot.index = false (default)
2023-08-28 09:34:54,432 [269fa438-bc78-433d-911d-e020a0e24055@group-3FA8C06DFFC7-FollowerState] INFO  server.RaftServerConfigKeys (ConfUtils.java:logFallback(53)) - raft.server.rpc.first-election.timeout.min = 5s (fallback to raft.server.rpc.timeout.min)
2023-08-28 09:34:54,432 [269fa438-bc78-433d-911d-e020a0e24055@group-3FA8C06DFFC7-FollowerState] INFO  server.RaftServerConfigKeys (ConfUtils.java:logFallback(53)) - raft.server.rpc.first-election.timeout.max = 5200ms (fallback to raft.server.rpc.timeout.max)
2023-08-28 09:34:54,449 [grpc-default-executor-0] INFO  server.RaftServer (RaftServerProxy.java:addNew(98)) - 2121e5cf-c9a2-43bb-b1d5-56f983d54b52: addNew group-3FA8C06DFFC7:[2121e5cf-c9a2-43bb-b1d5-56f983d54b52|rpc:10.1.0.27:15191|admin:10.1.0.27:15190|client:10.1.0.27:15189|dataStream:10.1.0.27:15192|priority:0|startupRole:FOLLOWER, 269fa438-bc78-433d-911d-e020a0e24055|rpc:10.1.0.27:15182|admin:10.1.0.27:15181|client:10.1.0.27:15180|dataStream:10.1.0.27:15183|priority:0|startupRole:FOLLOWER, ef3a886b-561e-496b-b271-3b32784cf0be|rpc:10.1.0.27:15173|admin:10.1.0.27:15172|client:10.1.0.27:15171|dataStream:10.1.0.27:15174|priority:1|startupRole:FOLLOWER] returns group-3FA8C06DFFC7:java.util.concurrent.CompletableFuture@2a8f4aac[Not completed]
2023-08-28 09:34:54,450 [2121e5cf-c9a2-43bb-b1d5-56f983d54b52-groupManagement] INFO  server.RaftServer$Division (RaftServerImpl.java:<init>(198)) - 2121e5cf-c9a2-43bb-b1d5-56f983d54b52: new RaftServerImpl for group-3FA8C06DFFC7:[2121e5cf-c9a2-43bb-b1d5-56f983d54b52|rpc:10.1.0.27:15191|admin:10.1.0.27:15190|client:10.1.0.27:15189|dataStream:10.1.0.27:15192|priority:0|startupRole:FOLLOWER, 269fa438-bc78-433d-911d-e020a0e24055|rpc:10.1.0.27:15182|admin:10.1.0.27:15181|client:10.1.0.27:15180|dataStream:10.1.0.27:15183|priority:0|startupRole:FOLLOWER, ef3a886b-561e-496b-b271-3b32784cf0be|rpc:10.1.0.27:15173|admin:10.1.0.27:15172|client:10.1.0.27:15171|dataStream:10.1.0.27:15174|priority:1|startupRole:FOLLOWER] with ContainerStateMachine:uninitialized
2023-08-28 09:34:54,450 [2121e5cf-c9a2-43bb-b1d5-56f983d54b52-groupManagement] INFO  server.RaftServerConfigKeys (ConfUtils.java:logGet(46)) - raft.server.rpc.timeout.min = 5s (custom)
2023-08-28 09:34:54,450 [2121e5cf-c9a2-43bb-b1d5-56f983d54b52-groupManagement] INFO  server.RaftServerConfigKeys (ConfUtils.java:logGet(46)) - raft.server.rpc.timeout.max = 5200ms (custom)
2023-08-28 09:34:54,450 [2121e5cf-c9a2-43bb-b1d5-56f983d54b52-groupManagement] INFO  server.RaftServerConfigKeys (ConfUtils.java:logGet(46)) - raft.server.rpc.sleep.time = 25ms (default)
2023-08-28 09:34:54,450 [2121e5cf-c9a2-43bb-b1d5-56f983d54b52-groupManagement] INFO  server.RaftServerConfigKeys (ConfUtils.java:logGet(46)) - raft.server.rpc.slowness.timeout = 300s (custom)
2023-08-28 09:34:54,450 [2121e5cf-c9a2-43bb-b1d5-56f983d54b52-groupManagement] INFO  server.RaftServerConfigKeys (ConfUtils.java:logGet(46)) - raft.server.leaderelection.leader.step-down.wait-time = 10s (default)
2023-08-28 09:34:54,450 [2121e5cf-c9a2-43bb-b1d5-56f983d54b52-groupManagement] INFO  server.RaftServerConfigKeys (ConfUtils.java:logGet(46)) - raft.server.sleep.deviation.threshold = 300ms (default)
2023-08-28 09:34:54,450 [2121e5cf-c9a2-43bb-b1d5-56f983d54b52-groupManagement] INFO  server.RaftServer$Division (ServerState.java:<init>(120)) - 2121e5cf-c9a2-43bb-b1d5-56f983d54b52@group-3FA8C06DFFC7: ConfigurationManager, init=-1: peers:[2121e5cf-c9a2-43bb-b1d5-56f983d54b52|rpc:10.1.0.27:15191|admin:10.1.0.27:15190|client:10.1.0.27:15189|dataStream:10.1.0.27:15192|priority:0|startupRole:FOLLOWER, 269fa438-bc78-433d-911d-e020a0e24055|rpc:10.1.0.27:15182|admin:10.1.0.27:15181|client:10.1.0.27:15180|dataStream:10.1.0.27:15183|priority:0|startupRole:FOLLOWER, ef3a886b-561e-496b-b271-3b32784cf0be|rpc:10.1.0.27:15173|admin:10.1.0.27:15172|client:10.1.0.27:15171|dataStream:10.1.0.27:15174|priority:1|startupRole:FOLLOWER]|listeners:[], old=null, confs=<EMPTY_MAP>
2023-08-28 09:34:54,450 [2121e5cf-c9a2-43bb-b1d5-56f983d54b52-groupManagement] INFO  server.RaftServerConfigKeys (ConfUtils.java:logGet(46)) - raft.server.storage.dir = [/home/runner/work/ozone/ozone/hadoop-ozone/integration-test/target/test-dir/MiniOzoneClusterImpl-b3d20441-1363-4d90-8b75-dcc1ba5546e4/datanode-2/data/ratis] (custom)
2023-08-28 09:34:54,450 [2121e5cf-c9a2-43bb-b1d5-56f983d54b52-groupManagement] INFO  server.RaftServerConfigKeys (ConfUtils.java:logGet(46)) - raft.server.log.corruption.policy = EXCEPTION (default)
2023-08-28 09:34:54,450 [2121e5cf-c9a2-43bb-b1d5-56f983d54b52-groupManagement] INFO  server.RaftServerConfigKeys (ConfUtils.java:logGet(46)) - raft.server.storage.free-space.min = 0MB (=0) (default)
2023-08-28 09:34:54,451 [2121e5cf-c9a2-43bb-b1d5-56f983d54b52-groupManagement] INFO  server.RaftServerConfigKeys (ConfUtils.java:logGet(46)) - raft.server.notification.no-leader.timeout = 300s (custom)
2023-08-28 09:34:54,451 [2121e5cf-c9a2-43bb-b1d5-56f983d54b52-groupManagement] INFO  server.RaftServerConfigKeys (ConfUtils.java:logGet(46)) - raft.server.read.timeout = 10s (default)
2023-08-28 09:34:54,451 [2121e5cf-c9a2-43bb-b1d5-56f983d54b52-groupManagement] INFO  server.RaftServerConfigKeys (ConfUtils.java:logGet(46)) - raft.server.retrycache.expirytime = 600000ms (custom)
2023-08-28 09:34:54,451 [2121e5cf-c9a2-43bb-b1d5-56f983d54b52-groupManagement] INFO  server.RaftServerConfigKeys (ConfUtils.java:logGet(46)) - raft.server.retrycache.statistics.expirytime = 100μs (default)
2023-08-28 09:34:54,451 [2121e5cf-c9a2-43bb-b1d5-56f983d54b52-groupManagement] INFO  server.RaftServerConfigKeys (ConfUtils.java:logGet(46)) - raft.server.read.option = DEFAULT (default)
2023-08-28 09:34:54,451 [2121e5cf-c9a2-43bb-b1d5-56f983d54b52-groupManagement] INFO  server.RaftServerConfigKeys (ConfUtils.java:logGet(46)) - raft.server.rpc.request.timeout = 60s (custom)
2023-08-28 09:34:54,451 [2121e5cf-c9a2-43bb-b1d5-56f983d54b52-groupManagement] INFO  server.RaftServerConfigKeys (ConfUtils.java:logGet(46)) - raft.server.log.appender.install.snapshot.enabled = false (custom)
2023-08-28 09:34:54,451 [2121e5cf-c9a2-43bb-b1d5-56f983d54b52-groupManagement] INFO  server.RaftServerConfigKeys (ConfUtils.java:logGet(46)) - raft.server.threadpool.server.cached = true (default)
2023-08-28 09:34:54,451 [2121e5cf-c9a2-43bb-b1d5-56f983d54b52-groupManagement] INFO  server.RaftServerConfigKeys (ConfUtils.java:logGet(46)) - raft.server.threadpool.server.size = 0 (default)
2023-08-28 09:34:54,451 [2121e5cf-c9a2-43bb-b1d5-56f983d54b52-groupManagement] INFO  server.RaftServerConfigKeys (ConfUtils.java:logGet(46)) - raft.server.threadpool.client.cached = true (default)
2023-08-28 09:34:54,451 [2121e5cf-c9a2-43bb-b1d5-56f983d54b52-groupManagement] INFO  server.RaftServerConfigKeys (ConfUtils.java:logGet(46)) - raft.server.threadpool.client.size = 0 (default)
2023-08-28 09:34:54,452 [2121e5cf-c9a2-43bb-b1d5-56f983d54b52-groupManagement] INFO  storage.RaftStorageDirectory (RaftStorageDirectoryImpl.java:analyzeStorage(137)) - The storage directory /home/runner/work/ozone/ozone/hadoop-ozone/integration-test/target/test-dir/MiniOzoneClusterImpl-b3d20441-1363-4d90-8b75-dcc1ba5546e4/datanode-2/data/ratis/0d752240-0551-4b74-81b3-3fa8c06dffc7 does not exist. Creating ...
2023-08-28 09:34:54,453 [2121e5cf-c9a2-43bb-b1d5-56f983d54b52-groupManagement] INFO  storage.RaftStorageDirectory (RaftStorageDirectoryImpl.java:tryLock(231)) - Lock on /home/runner/work/ozone/ozone/hadoop-ozone/integration-test/target/test-dir/MiniOzoneClusterImpl-b3d20441-1363-4d90-8b75-dcc1ba5546e4/datanode-2/data/ratis/0d752240-0551-4b74-81b3-3fa8c06dffc7/in_use.lock acquired by nodename 61172@fv-az625-77
2023-08-28 09:34:54,454 [2121e5cf-c9a2-43bb-b1d5-56f983d54b52-groupManagement] INFO  storage.RaftStorage (RaftStorageImpl.java:format(96)) - Storage directory /home/runner/work/ozone/ozone/hadoop-ozone/integration-test/target/test-dir/MiniOzoneClusterImpl-b3d20441-1363-4d90-8b75-dcc1ba5546e4/datanode-2/data/ratis/0d752240-0551-4b74-81b3-3fa8c06dffc7 has been successfully formatted.
2023-08-28 09:34:54,455 [2121e5cf-c9a2-43bb-b1d5-56f983d54b52-groupManagement] INFO  ratis.ContainerStateMachine (ContainerStateMachine.java:loadSnapshot(262)) - group-3FA8C06DFFC7: The snapshot info is null. Setting the last applied indexto:(t:0, i:~)
2023-08-28 09:34:54,456 [2121e5cf-c9a2-43bb-b1d5-56f983d54b52-groupManagement] INFO  server.RaftServerConfigKeys (ConfUtils.java:logGet(46)) - raft.server.log.use.memory = false (default)
2023-08-28 09:34:54,456 [2121e5cf-c9a2-43bb-b1d5-56f983d54b52-groupManagement] INFO  server.RaftServerConfigKeys (ConfUtils.java:logGet(46)) - raft.server.log.purge.gap = 1000000 (custom)
2023-08-28 09:34:54,456 [2121e5cf-c9a2-43bb-b1d5-56f983d54b52-groupManagement] INFO  server.RaftServerConfigKeys (ConfUtils.java:logGet(46)) - raft.server.log.appender.buffer.byte-limit = 33554432 (custom)
2023-08-28 09:34:54,456 [2121e5cf-c9a2-43bb-b1d5-56f983d54b52-groupManagement] INFO  server.RaftServerConfigKeys (ConfUtils.java:logGet(46)) - raft.server.log.statemachine.data.read.timeout = 1000ms (default)
2023-08-28 09:34:54,456 [2121e5cf-c9a2-43bb-b1d5-56f983d54b52-groupManagement] INFO  server.RaftServerConfigKeys (ConfUtils.java:logGet(46)) - raft.server.log.purge.preservation.log.num = 0 (default)
2023-08-28 09:34:54,456 [2121e5cf-c9a2-43bb-b1d5-56f983d54b52-groupManagement] INFO  server.RaftServerConfigKeys (ConfUtils.java:logGet(46)) - raft.server.log.segment.size.max = 1048576 (custom)
2023-08-28 09:34:54,457 [2121e5cf-c9a2-43bb-b1d5-56f983d54b52-groupManagement] INFO  server.RaftServerConfigKeys (ConfUtils.java:logGet(46)) - raft.server.log.segment.cache.num.max = 2 (custom)
2023-08-28 09:34:54,457 [2121e5cf-c9a2-43bb-b1d5-56f983d54b52-groupManagement] INFO  server.RaftServerConfigKeys (ConfUtils.java:logGet(46)) - raft.server.log.segment.cache.size.max = 200MB (=209715200) (default)
2023-08-28 09:34:54,457 [2121e5cf-c9a2-43bb-b1d5-56f983d54b52-groupManagement] INFO  server.RaftServerConfigKeys (ConfUtils.java:logGet(46)) - raft.server.log.appender.buffer.byte-limit = 33554432 (custom)
2023-08-28 09:34:54,457 [2121e5cf-c9a2-43bb-b1d5-56f983d54b52-groupManagement] INFO  segmented.SegmentedRaftLogWorker (SegmentedRaftLogWorker.java:<init>(188)) - new 2121e5cf-c9a2-43bb-b1d5-56f983d54b52@group-3FA8C06DFFC7-SegmentedRaftLogWorker for RaftStorageImpl:Storage Directory /home/runner/work/ozone/ozone/hadoop-ozone/integration-test/target/test-dir/MiniOzoneClusterImpl-b3d20441-1363-4d90-8b75-dcc1ba5546e4/datanode-2/data/ratis/0d752240-0551-4b74-81b3-3fa8c06dffc7
2023-08-28 09:34:54,457 [2121e5cf-c9a2-43bb-b1d5-56f983d54b52-groupManagement] INFO  server.RaftServerConfigKeys (ConfUtils.java:logGet(46)) - raft.server.log.queue.byte-limit = 4294967296 (custom)
2023-08-28 09:34:54,457 [2121e5cf-c9a2-43bb-b1d5-56f983d54b52-groupManagement] INFO  server.RaftServerConfigKeys (ConfUtils.java:logGet(46)) - raft.server.log.queue.element-limit = 1024 (custom)
2023-08-28 09:34:54,457 [2121e5cf-c9a2-43bb-b1d5-56f983d54b52-groupManagement] INFO  server.RaftServerConfigKeys (ConfUtils.java:logGet(46)) - raft.server.log.segment.size.max = 1048576 (custom)
2023-08-28 09:34:54,457 [2121e5cf-c9a2-43bb-b1d5-56f983d54b52-groupManagement] INFO  server.RaftServerConfigKeys (ConfUtils.java:logGet(46)) - raft.server.log.preallocated.size = 16384 (custom)
2023-08-28 09:34:54,457 [2121e5cf-c9a2-43bb-b1d5-56f983d54b52-groupManagement] INFO  server.RaftServerConfigKeys (ConfUtils.java:logGet(46)) - raft.server.log.force.sync.num = 128 (default)
2023-08-28 09:34:54,457 [2121e5cf-c9a2-43bb-b1d5-56f983d54b52-groupManagement] INFO  server.RaftServerConfigKeys (ConfUtils.java:logGet(46)) - raft.server.log.statemachine.data.sync = true (default)
2023-08-28 09:34:54,457 [2121e5cf-c9a2-43bb-b1d5-56f983d54b52-groupManagement] INFO  server.RaftServerConfigKeys (ConfUtils.java:logGet(46)) - raft.server.log.statemachine.data.sync.timeout = 10s (default)
2023-08-28 09:34:54,457 [2121e5cf-c9a2-43bb-b1d5-56f983d54b52-groupManagement] INFO  server.RaftServerConfigKeys (ConfUtils.java:logGet(46)) - raft.server.log.statemachine.data.sync.timeout.retry = -1 (default)
2023-08-28 09:34:54,457 [2121e5cf-c9a2-43bb-b1d5-56f983d54b52-groupManagement] INFO  server.RaftServerConfigKeys (ConfUtils.java:logGet(46)) - raft.server.log.write.buffer.size = 1048576 (custom)
2023-08-28 09:34:54,457 [2121e5cf-c9a2-43bb-b1d5-56f983d54b52-groupManagement] INFO  server.RaftServerConfigKeys (ConfUtils.java:logGet(46)) - raft.server.log.appender.buffer.byte-limit = 33554432 (custom)
2023-08-28 09:34:54,462 [2121e5cf-c9a2-43bb-b1d5-56f983d54b52-groupManagement] INFO  server.RaftServerConfigKeys (ConfUtils.java:logGet(46)) - raft.server.log.unsafe-flush.enabled = false (default)
2023-08-28 09:34:54,462 [2121e5cf-c9a2-43bb-b1d5-56f983d54b52-groupManagement] INFO  server.RaftServerConfigKeys (ConfUtils.java:logGet(46)) - raft.server.log.async-flush.enabled = false (default)
2023-08-28 09:34:54,462 [2121e5cf-c9a2-43bb-b1d5-56f983d54b52-groupManagement] INFO  server.RaftServerConfigKeys (ConfUtils.java:logGet(46)) - raft.server.log.statemachine.data.caching.enabled = true (custom)
2023-08-28 09:34:54,463 [2121e5cf-c9a2-43bb-b1d5-56f983d54b52-groupManagement] INFO  segmented.SegmentedRaftLogWorker (SegmentedRaftLogWorker.java:lambda$new$0(135)) - 2121e5cf-c9a2-43bb-b1d5-56f983d54b52@group-3FA8C06DFFC7-SegmentedRaftLogWorker: flushIndex: setUnconditionally 0 -> -1
2023-08-28 09:34:54,463 [2121e5cf-c9a2-43bb-b1d5-56f983d54b52-groupManagement] INFO  segmented.SegmentedRaftLogWorker (SegmentedRaftLogWorker.java:lambda$new$0(135)) - 2121e5cf-c9a2-43bb-b1d5-56f983d54b52@group-3FA8C06DFFC7-SegmentedRaftLogWorker: safeCacheEvictIndex: setUnconditionally 0 -> -1
2023-08-28 09:34:54,463 [2121e5cf-c9a2-43bb-b1d5-56f983d54b52-groupManagement] INFO  server.RaftServer$Division (RaftServerImpl.java:start(342)) - 2121e5cf-c9a2-43bb-b1d5-56f983d54b52@group-3FA8C06DFFC7: start as a follower, conf=-1: peers:[2121e5cf-c9a2-43bb-b1d5-56f983d54b52|rpc:10.1.0.27:15191|admin:10.1.0.27:15190|client:10.1.0.27:15189|dataStream:10.1.0.27:15192|priority:0|startupRole:FOLLOWER, 269fa438-bc78-433d-911d-e020a0e24055|rpc:10.1.0.27:15182|admin:10.1.0.27:15181|client:10.1.0.27:15180|dataStream:10.1.0.27:15183|priority:0|startupRole:FOLLOWER, ef3a886b-561e-496b-b271-3b32784cf0be|rpc:10.1.0.27:15173|admin:10.1.0.27:15172|client:10.1.0.27:15171|dataStream:10.1.0.27:15174|priority:1|startupRole:FOLLOWER]|listeners:[], old=null
2023-08-28 09:34:54,463 [2121e5cf-c9a2-43bb-b1d5-56f983d54b52-groupManagement] INFO  server.RaftServer$Division (RaftServerImpl.java:setRole(329)) - 2121e5cf-c9a2-43bb-b1d5-56f983d54b52@group-3FA8C06DFFC7: changes role from      null to FOLLOWER at term 0 for startAsFollower
2023-08-28 09:34:54,463 [2121e5cf-c9a2-43bb-b1d5-56f983d54b52-groupManagement] INFO  impl.RoleInfo (RoleInfo.java:updateAndGet(139)) - 2121e5cf-c9a2-43bb-b1d5-56f983d54b52: start 2121e5cf-c9a2-43bb-b1d5-56f983d54b52@group-3FA8C06DFFC7-FollowerState
2023-08-28 09:34:54,463 [2121e5cf-c9a2-43bb-b1d5-56f983d54b52-groupManagement] INFO  util.JmxRegister (JmxRegister.java:tryRegister(44)) - Successfully registered JMX Bean with object name Ratis:service=RaftServer,group=group-3FA8C06DFFC7,id=2121e5cf-c9a2-43bb-b1d5-56f983d54b52
2023-08-28 09:34:54,463 [2121e5cf-c9a2-43bb-b1d5-56f983d54b52@group-3FA8C06DFFC7-FollowerState] INFO  server.RaftServerConfigKeys (ConfUtils.java:logFallback(53)) - raft.server.rpc.first-election.timeout.min = 5s (fallback to raft.server.rpc.timeout.min)
2023-08-28 09:34:54,463 [2121e5cf-c9a2-43bb-b1d5-56f983d54b52-groupManagement] INFO  server.RaftServerConfigKeys (ConfUtils.java:logGet(46)) - raft.server.snapshot.auto.trigger.enabled = true (custom)
2023-08-28 09:34:54,463 [2121e5cf-c9a2-43bb-b1d5-56f983d54b52@group-3FA8C06DFFC7-FollowerState] INFO  server.RaftServerConfigKeys (ConfUtils.java:logFallback(53)) - raft.server.rpc.first-election.timeout.max = 5200ms (fallback to raft.server.rpc.timeout.max)
2023-08-28 09:34:54,464 [2121e5cf-c9a2-43bb-b1d5-56f983d54b52-groupManagement] INFO  server.RaftServerConfigKeys (ConfUtils.java:logGet(46)) - raft.server.snapshot.auto.trigger.threshold = 10000 (custom)
2023-08-28 09:34:54,464 [2121e5cf-c9a2-43bb-b1d5-56f983d54b52-groupManagement] INFO  server.RaftServerConfigKeys (ConfUtils.java:logGet(46)) - raft.server.snapshot.retention.file.num = 5 (custom)
2023-08-28 09:34:54,464 [2121e5cf-c9a2-43bb-b1d5-56f983d54b52-groupManagement] INFO  server.RaftServerConfigKeys (ConfUtils.java:logGet(46)) - raft.server.log.purge.upto.snapshot.index = false (default)
2023-08-28 09:34:54,471 [PipelineCommandHandlerThread-0] INFO  commandhandler.CreatePipelineCommandHandler (CreatePipelineCommandHandler.java:lambda$handle$2(124)) - Created Pipeline RATIS THREE PipelineID=0d752240-0551-4b74-81b3-3fa8c06dffc7.
2023-08-28 09:34:54,471 [PipelineCommandHandlerThread-0] INFO  server.RaftServer (RaftServerProxy.java:addNew(98)) - ef3a886b-561e-496b-b271-3b32784cf0be: addNew group-ADC6A1F9A082:[2121e5cf-c9a2-43bb-b1d5-56f983d54b52|rpc:10.1.0.27:15191|admin:10.1.0.27:15190|client:10.1.0.27:15189|dataStream:10.1.0.27:15192|priority:0|startupRole:FOLLOWER, 269fa438-bc78-433d-911d-e020a0e24055|rpc:10.1.0.27:15182|admin:10.1.0.27:15181|client:10.1.0.27:15180|dataStream:10.1.0.27:15183|priority:1|startupRole:FOLLOWER, ef3a886b-561e-496b-b271-3b32784cf0be|rpc:10.1.0.27:15173|admin:10.1.0.27:15172|client:10.1.0.27:15171|dataStream:10.1.0.27:15174|priority:0|startupRole:FOLLOWER] returns group-ADC6A1F9A082:java.util.concurrent.CompletableFuture@ccb1356[Not completed]
2023-08-28 09:34:54,472 [ef3a886b-561e-496b-b271-3b32784cf0be-groupManagement] INFO  server.RaftServer$Division (RaftServerImpl.java:<init>(198)) - ef3a886b-561e-496b-b271-3b32784cf0be: new RaftServerImpl for group-ADC6A1F9A082:[2121e5cf-c9a2-43bb-b1d5-56f983d54b52|rpc:10.1.0.27:15191|admin:10.1.0.27:15190|client:10.1.0.27:15189|dataStream:10.1.0.27:15192|priority:0|startupRole:FOLLOWER, 269fa438-bc78-433d-911d-e020a0e24055|rpc:10.1.0.27:15182|admin:10.1.0.27:15181|client:10.1.0.27:15180|dataStream:10.1.0.27:15183|priority:1|startupRole:FOLLOWER, ef3a886b-561e-496b-b271-3b32784cf0be|rpc:10.1.0.27:15173|admin:10.1.0.27:15172|client:10.1.0.27:15171|dataStream:10.1.0.27:15174|priority:0|startupRole:FOLLOWER] with ContainerStateMachine:uninitialized
2023-08-28 09:34:54,472 [ef3a886b-561e-496b-b271-3b32784cf0be-groupManagement] INFO  server.RaftServerConfigKeys (ConfUtils.java:logGet(46)) - raft.server.rpc.timeout.min = 5s (custom)
2023-08-28 09:34:54,472 [ef3a886b-561e-496b-b271-3b32784cf0be-groupManagement] INFO  server.RaftServerConfigKeys (ConfUtils.java:logGet(46)) - raft.server.rpc.timeout.max = 5200ms (custom)
2023-08-28 09:34:54,472 [ef3a886b-561e-496b-b271-3b32784cf0be-groupManagement] INFO  server.RaftServerConfigKeys (ConfUtils.java:logGet(46)) - raft.server.rpc.sleep.time = 25ms (default)
2023-08-28 09:34:54,472 [ef3a886b-561e-496b-b271-3b32784cf0be-groupManagement] INFO  server.RaftServerConfigKeys (ConfUtils.java:logGet(46)) - raft.server.rpc.slowness.timeout = 300s (custom)
2023-08-28 09:34:54,472 [ef3a886b-561e-496b-b271-3b32784cf0be-groupManagement] INFO  server.RaftServerConfigKeys (ConfUtils.java:logGet(46)) - raft.server.leaderelection.leader.step-down.wait-time = 10s (default)
2023-08-28 09:34:54,472 [ef3a886b-561e-496b-b271-3b32784cf0be-groupManagement] INFO  server.RaftServerConfigKeys (ConfUtils.java:logGet(46)) - raft.server.sleep.deviation.threshold = 300ms (default)
2023-08-28 09:34:54,472 [ef3a886b-561e-496b-b271-3b32784cf0be-groupManagement] INFO  server.RaftServer$Division (ServerState.java:<init>(120)) - ef3a886b-561e-496b-b271-3b32784cf0be@group-ADC6A1F9A082: ConfigurationManager, init=-1: peers:[2121e5cf-c9a2-43bb-b1d5-56f983d54b52|rpc:10.1.0.27:15191|admin:10.1.0.27:15190|client:10.1.0.27:15189|dataStream:10.1.0.27:15192|priority:0|startupRole:FOLLOWER, 269fa438-bc78-433d-911d-e020a0e24055|rpc:10.1.0.27:15182|admin:10.1.0.27:15181|client:10.1.0.27:15180|dataStream:10.1.0.27:15183|priority:1|startupRole:FOLLOWER, ef3a886b-561e-496b-b271-3b32784cf0be|rpc:10.1.0.27:15173|admin:10.1.0.27:15172|client:10.1.0.27:15171|dataStream:10.1.0.27:15174|priority:0|startupRole:FOLLOWER]|listeners:[], old=null, confs=<EMPTY_MAP>
2023-08-28 09:34:54,472 [ef3a886b-561e-496b-b271-3b32784cf0be-groupManagement] INFO  server.RaftServerConfigKeys (ConfUtils.java:logGet(46)) - raft.server.storage.dir = [/home/runner/work/ozone/ozone/hadoop-ozone/integration-test/target/test-dir/MiniOzoneClusterImpl-b3d20441-1363-4d90-8b75-dcc1ba5546e4/datanode-0/data/ratis] (custom)
2023-08-28 09:34:54,472 [ef3a886b-561e-496b-b271-3b32784cf0be-groupManagement] INFO  server.RaftServerConfigKeys (ConfUtils.java:logGet(46)) - raft.server.log.corruption.policy = EXCEPTION (default)
2023-08-28 09:34:54,472 [ef3a886b-561e-496b-b271-3b32784cf0be-groupManagement] INFO  server.RaftServerConfigKeys (ConfUtils.java:logGet(46)) - raft.server.storage.free-space.min = 0MB (=0) (default)
2023-08-28 09:34:54,472 [ef3a886b-561e-496b-b271-3b32784cf0be-groupManagement] INFO  server.RaftServerConfigKeys (ConfUtils.java:logGet(46)) - raft.server.notification.no-leader.timeout = 300s (custom)
2023-08-28 09:34:54,472 [ef3a886b-561e-496b-b271-3b32784cf0be-groupManagement] INFO  server.RaftServerConfigKeys (ConfUtils.java:logGet(46)) - raft.server.read.timeout = 10s (default)
2023-08-28 09:34:54,472 [ef3a886b-561e-496b-b271-3b32784cf0be-groupManagement] INFO  server.RaftServerConfigKeys (ConfUtils.java:logGet(46)) - raft.server.retrycache.expirytime = 600000ms (custom)
2023-08-28 09:34:54,472 [ef3a886b-561e-496b-b271-3b32784cf0be-groupManagement] INFO  server.RaftServerConfigKeys (ConfUtils.java:logGet(46)) - raft.server.retrycache.statistics.expirytime = 100μs (default)
2023-08-28 09:34:54,473 [ef3a886b-561e-496b-b271-3b32784cf0be-groupManagement] INFO  server.RaftServerConfigKeys (ConfUtils.java:logGet(46)) - raft.server.read.option = DEFAULT (default)
2023-08-28 09:34:54,473 [ef3a886b-561e-496b-b271-3b32784cf0be-groupManagement] INFO  server.RaftServerConfigKeys (ConfUtils.java:logGet(46)) - raft.server.rpc.request.timeout = 60s (custom)
2023-08-28 09:34:54,473 [ef3a886b-561e-496b-b271-3b32784cf0be-groupManagement] INFO  server.RaftServerConfigKeys (ConfUtils.java:logGet(46)) - raft.server.log.appender.install.snapshot.enabled = false (custom)
2023-08-28 09:34:54,473 [ef3a886b-561e-496b-b271-3b32784cf0be-groupManagement] INFO  server.RaftServerConfigKeys (ConfUtils.java:logGet(46)) - raft.server.threadpool.server.cached = true (default)
2023-08-28 09:34:54,473 [ef3a886b-561e-496b-b271-3b32784cf0be-groupManagement] INFO  server.RaftServerConfigKeys (ConfUtils.java:logGet(46)) - raft.server.threadpool.server.size = 0 (default)
2023-08-28 09:34:54,473 [ef3a886b-561e-496b-b271-3b32784cf0be-groupManagement] INFO  server.RaftServerConfigKeys (ConfUtils.java:logGet(46)) - raft.server.threadpool.client.cached = true (default)
2023-08-28 09:34:54,473 [ef3a886b-561e-496b-b271-3b32784cf0be-groupManagement] INFO  server.RaftServerConfigKeys (ConfUtils.java:logGet(46)) - raft.server.threadpool.client.size = 0 (default)
2023-08-28 09:34:54,473 [ef3a886b-561e-496b-b271-3b32784cf0be-groupManagement] INFO  storage.RaftStorageDirectory (RaftStorageDirectoryImpl.java:analyzeStorage(137)) - The storage directory /home/runner/work/ozone/ozone/hadoop-ozone/integration-test/target/test-dir/MiniOzoneClusterImpl-b3d20441-1363-4d90-8b75-dcc1ba5546e4/datanode-0/data/ratis/1d4f85e9-bd84-41f0-b47e-adc6a1f9a082 does not exist. Creating ...
2023-08-28 09:34:54,475 [ef3a886b-561e-496b-b271-3b32784cf0be-groupManagement] INFO  storage.RaftStorageDirectory (RaftStorageDirectoryImpl.java:tryLock(231)) - Lock on /home/runner/work/ozone/ozone/hadoop-ozone/integration-test/target/test-dir/MiniOzoneClusterImpl-b3d20441-1363-4d90-8b75-dcc1ba5546e4/datanode-0/data/ratis/1d4f85e9-bd84-41f0-b47e-adc6a1f9a082/in_use.lock acquired by nodename 61172@fv-az625-77
2023-08-28 09:34:54,476 [ef3a886b-561e-496b-b271-3b32784cf0be-groupManagement] INFO  storage.RaftStorage (RaftStorageImpl.java:format(96)) - Storage directory /home/runner/work/ozone/ozone/hadoop-ozone/integration-test/target/test-dir/MiniOzoneClusterImpl-b3d20441-1363-4d90-8b75-dcc1ba5546e4/datanode-0/data/ratis/1d4f85e9-bd84-41f0-b47e-adc6a1f9a082 has been successfully formatted.
2023-08-28 09:34:54,476 [ef3a886b-561e-496b-b271-3b32784cf0be-groupManagement] INFO  ratis.ContainerStateMachine (ContainerStateMachine.java:loadSnapshot(262)) - group-ADC6A1F9A082: The snapshot info is null. Setting the last applied indexto:(t:0, i:~)
2023-08-28 09:34:54,477 [ef3a886b-561e-496b-b271-3b32784cf0be-groupManagement] INFO  server.RaftServerConfigKeys (ConfUtils.java:logGet(46)) - raft.server.log.use.memory = false (default)
2023-08-28 09:34:54,477 [ef3a886b-561e-496b-b271-3b32784cf0be-groupManagement] INFO  server.RaftServerConfigKeys (ConfUtils.java:logGet(46)) - raft.server.log.purge.gap = 1000000 (custom)
2023-08-28 09:34:54,477 [ef3a886b-561e-496b-b271-3b32784cf0be-groupManagement] INFO  server.RaftServerConfigKeys (ConfUtils.java:logGet(46)) - raft.server.log.appender.buffer.byte-limit = 33554432 (custom)
2023-08-28 09:34:54,477 [ef3a886b-561e-496b-b271-3b32784cf0be-groupManagement] INFO  server.RaftServerConfigKeys (ConfUtils.java:logGet(46)) - raft.server.log.statemachine.data.read.timeout = 1000ms (default)
2023-08-28 09:34:54,477 [ef3a886b-561e-496b-b271-3b32784cf0be-groupManagement] INFO  server.RaftServerConfigKeys (ConfUtils.java:logGet(46)) - raft.server.log.purge.preservation.log.num = 0 (default)
2023-08-28 09:34:54,477 [ef3a886b-561e-496b-b271-3b32784cf0be-groupManagement] INFO  server.RaftServerConfigKeys (ConfUtils.java:logGet(46)) - raft.server.log.segment.size.max = 1048576 (custom)
2023-08-28 09:34:54,477 [ef3a886b-561e-496b-b271-3b32784cf0be-groupManagement] INFO  server.RaftServerConfigKeys (ConfUtils.java:logGet(46)) - raft.server.log.segment.cache.num.max = 2 (custom)
2023-08-28 09:34:54,477 [EventQueue-OpenPipelineForHealthyPipelineSafeModeRule] INFO  safemode.SCMSafeModeManager (HealthyPipelineSafeModeRule.java:process(137)) - SCM in safe mode. Healthy pipelines reported count is 0, required healthy pipeline reported count is 1
2023-08-28 09:34:54,477 [ef3a886b-561e-496b-b271-3b32784cf0be-groupManagement] INFO  server.RaftServerConfigKeys (ConfUtils.java:logGet(46)) - raft.server.log.segment.cache.size.max = 200MB (=209715200) (default)
2023-08-28 09:34:54,477 [ef3a886b-561e-496b-b271-3b32784cf0be-groupManagement] INFO  server.RaftServerConfigKeys (ConfUtils.java:logGet(46)) - raft.server.log.appender.buffer.byte-limit = 33554432 (custom)
2023-08-28 09:34:54,477 [ef3a886b-561e-496b-b271-3b32784cf0be-groupManagement] INFO  segmented.SegmentedRaftLogWorker (SegmentedRaftLogWorker.java:<init>(188)) - new ef3a886b-561e-496b-b271-3b32784cf0be@group-ADC6A1F9A082-SegmentedRaftLogWorker for RaftStorageImpl:Storage Directory /home/runner/work/ozone/ozone/hadoop-ozone/integration-test/target/test-dir/MiniOzoneClusterImpl-b3d20441-1363-4d90-8b75-dcc1ba5546e4/datanode-0/data/ratis/1d4f85e9-bd84-41f0-b47e-adc6a1f9a082
2023-08-28 09:34:54,477 [ef3a886b-561e-496b-b271-3b32784cf0be-groupManagement] INFO  server.RaftServerConfigKeys (ConfUtils.java:logGet(46)) - raft.server.log.queue.byte-limit = 4294967296 (custom)
2023-08-28 09:34:54,477 [ef3a886b-561e-496b-b271-3b32784cf0be-groupManagement] INFO  server.RaftServerConfigKeys (ConfUtils.java:logGet(46)) - raft.server.log.queue.element-limit = 1024 (custom)
2023-08-28 09:34:54,478 [ef3a886b-561e-496b-b271-3b32784cf0be-groupManagement] INFO  server.RaftServerConfigKeys (ConfUtils.java:logGet(46)) - raft.server.log.segment.size.max = 1048576 (custom)
2023-08-28 09:34:54,478 [ef3a886b-561e-496b-b271-3b32784cf0be-groupManagement] INFO  server.RaftServerConfigKeys (ConfUtils.java:logGet(46)) - raft.server.log.preallocated.size = 16384 (custom)
2023-08-28 09:34:54,478 [ef3a886b-561e-496b-b271-3b32784cf0be-groupManagement] INFO  server.RaftServerConfigKeys (ConfUtils.java:logGet(46)) - raft.server.log.force.sync.num = 128 (default)
2023-08-28 09:34:54,478 [ef3a886b-561e-496b-b271-3b32784cf0be-groupManagement] INFO  server.RaftServerConfigKeys (ConfUtils.java:logGet(46)) - raft.server.log.statemachine.data.sync = true (default)
2023-08-28 09:34:54,478 [ef3a886b-561e-496b-b271-3b32784cf0be-groupManagement] INFO  server.RaftServerConfigKeys (ConfUtils.java:logGet(46)) - raft.server.log.statemachine.data.sync.timeout = 10s (default)
2023-08-28 09:34:54,478 [ef3a886b-561e-496b-b271-3b32784cf0be-groupManagement] INFO  server.RaftServerConfigKeys (ConfUtils.java:logGet(46)) - raft.server.log.statemachine.data.sync.timeout.retry = -1 (default)
2023-08-28 09:34:54,478 [ef3a886b-561e-496b-b271-3b32784cf0be-groupManagement] INFO  server.RaftServerConfigKeys (ConfUtils.java:logGet(46)) - raft.server.log.write.buffer.size = 1048576 (custom)
2023-08-28 09:34:54,478 [ef3a886b-561e-496b-b271-3b32784cf0be-groupManagement] INFO  server.RaftServerConfigKeys (ConfUtils.java:logGet(46)) - raft.server.log.appender.buffer.byte-limit = 33554432 (custom)
2023-08-28 09:34:54,483 [ef3a886b-561e-496b-b271-3b32784cf0be-groupManagement] INFO  server.RaftServerConfigKeys (ConfUtils.java:logGet(46)) - raft.server.log.unsafe-flush.enabled = false (default)
2023-08-28 09:34:54,483 [ef3a886b-561e-496b-b271-3b32784cf0be-groupManagement] INFO  server.RaftServerConfigKeys (ConfUtils.java:logGet(46)) - raft.server.log.async-flush.enabled = false (default)
2023-08-28 09:34:54,483 [ef3a886b-561e-496b-b271-3b32784cf0be-groupManagement] INFO  server.RaftServerConfigKeys (ConfUtils.java:logGet(46)) - raft.server.log.statemachine.data.caching.enabled = true (custom)
2023-08-28 09:34:54,484 [ef3a886b-561e-496b-b271-3b32784cf0be-groupManagement] INFO  segmented.SegmentedRaftLogWorker (SegmentedRaftLogWorker.java:lambda$new$0(135)) - ef3a886b-561e-496b-b271-3b32784cf0be@group-ADC6A1F9A082-SegmentedRaftLogWorker: flushIndex: setUnconditionally 0 -> -1
2023-08-28 09:34:54,484 [ef3a886b-561e-496b-b271-3b32784cf0be-groupManagement] INFO  segmented.SegmentedRaftLogWorker (SegmentedRaftLogWorker.java:lambda$new$0(135)) - ef3a886b-561e-496b-b271-3b32784cf0be@group-ADC6A1F9A082-SegmentedRaftLogWorker: safeCacheEvictIndex: setUnconditionally 0 -> -1
2023-08-28 09:34:54,484 [ef3a886b-561e-496b-b271-3b32784cf0be-groupManagement] INFO  server.RaftServer$Division (RaftServerImpl.java:start(342)) - ef3a886b-561e-496b-b271-3b32784cf0be@group-ADC6A1F9A082: start as a follower, conf=-1: peers:[2121e5cf-c9a2-43bb-b1d5-56f983d54b52|rpc:10.1.0.27:15191|admin:10.1.0.27:15190|client:10.1.0.27:15189|dataStream:10.1.0.27:15192|priority:0|startupRole:FOLLOWER, 269fa438-bc78-433d-911d-e020a0e24055|rpc:10.1.0.27:15182|admin:10.1.0.27:15181|client:10.1.0.27:15180|dataStream:10.1.0.27:15183|priority:1|startupRole:FOLLOWER, ef3a886b-561e-496b-b271-3b32784cf0be|rpc:10.1.0.27:15173|admin:10.1.0.27:15172|client:10.1.0.27:15171|dataStream:10.1.0.27:15174|priority:0|startupRole:FOLLOWER]|listeners:[], old=null
2023-08-28 09:34:54,486 [ef3a886b-561e-496b-b271-3b32784cf0be-groupManagement] INFO  server.RaftServer$Division (RaftServerImpl.java:setRole(329)) - ef3a886b-561e-496b-b271-3b32784cf0be@group-ADC6A1F9A082: changes role from      null to FOLLOWER at term 0 for startAsFollower
2023-08-28 09:34:54,486 [ef3a886b-561e-496b-b271-3b32784cf0be-groupManagement] INFO  impl.RoleInfo (RoleInfo.java:updateAndGet(139)) - ef3a886b-561e-496b-b271-3b32784cf0be: start ef3a886b-561e-496b-b271-3b32784cf0be@group-ADC6A1F9A082-FollowerState
2023-08-28 09:34:54,486 [ef3a886b-561e-496b-b271-3b32784cf0be-groupManagement] INFO  util.JmxRegister (JmxRegister.java:tryRegister(44)) - Successfully registered JMX Bean with object name Ratis:service=RaftServer,group=group-ADC6A1F9A082,id=ef3a886b-561e-496b-b271-3b32784cf0be
2023-08-28 09:34:54,486 [ef3a886b-561e-496b-b271-3b32784cf0be@group-ADC6A1F9A082-FollowerState] INFO  server.RaftServerConfigKeys (ConfUtils.java:logFallback(53)) - raft.server.rpc.first-election.timeout.min = 5s (fallback to raft.server.rpc.timeout.min)
2023-08-28 09:34:54,486 [ef3a886b-561e-496b-b271-3b32784cf0be-groupManagement] INFO  server.RaftServerConfigKeys (ConfUtils.java:logGet(46)) - raft.server.snapshot.auto.trigger.enabled = true (custom)
2023-08-28 09:34:54,486 [ef3a886b-561e-496b-b271-3b32784cf0be@group-ADC6A1F9A082-FollowerState] INFO  server.RaftServerConfigKeys (ConfUtils.java:logFallback(53)) - raft.server.rpc.first-election.timeout.max = 5200ms (fallback to raft.server.rpc.timeout.max)
2023-08-28 09:34:54,486 [ef3a886b-561e-496b-b271-3b32784cf0be-groupManagement] INFO  server.RaftServerConfigKeys (ConfUtils.java:logGet(46)) - raft.server.snapshot.auto.trigger.threshold = 10000 (custom)
2023-08-28 09:34:54,486 [ef3a886b-561e-496b-b271-3b32784cf0be-groupManagement] INFO  server.RaftServerConfigKeys (ConfUtils.java:logGet(46)) - raft.server.snapshot.retention.file.num = 5 (custom)
2023-08-28 09:34:54,487 [ef3a886b-561e-496b-b271-3b32784cf0be-groupManagement] INFO  server.RaftServerConfigKeys (ConfUtils.java:logGet(46)) - raft.server.log.purge.upto.snapshot.index = false (default)
2023-08-28 09:34:54,487 [PipelineCommandHandlerThread-0] INFO  ratis.XceiverServerRatis (XceiverServerRatis.java:addGroup(804)) - Created group PipelineID=1d4f85e9-bd84-41f0-b47e-adc6a1f9a082
2023-08-28 09:34:54,496 [main] INFO  ozone.MiniOzoneClusterImpl (MiniOzoneClusterImpl.java:lambda$waitForClusterToBeReady$0(224)) - Nodes are ready. Got 5 of 5 DN Heartbeats.
2023-08-28 09:34:54,497 [main] INFO  ozone.MiniOzoneClusterImpl (MiniOzoneClusterImpl.java:lambda$waitForClusterToBeReady$0(227)) - Waiting for cluster to exit safe mode
2023-08-28 09:34:54,497 [main] INFO  ozone.MiniOzoneClusterImpl (MiniOzoneClusterImpl.java:lambda$waitForClusterToBeReady$0(229)) - SCM became leader
2023-08-28 09:34:54,503 [grpc-default-executor-0] INFO  server.RaftServer (RaftServerProxy.java:addNew(98)) - 269fa438-bc78-433d-911d-e020a0e24055: addNew group-ADC6A1F9A082:[2121e5cf-c9a2-43bb-b1d5-56f983d54b52|rpc:10.1.0.27:15191|admin:10.1.0.27:15190|client:10.1.0.27:15189|dataStream:10.1.0.27:15192|priority:0|startupRole:FOLLOWER, 269fa438-bc78-433d-911d-e020a0e24055|rpc:10.1.0.27:15182|admin:10.1.0.27:15181|client:10.1.0.27:15180|dataStream:10.1.0.27:15183|priority:1|startupRole:FOLLOWER, ef3a886b-561e-496b-b271-3b32784cf0be|rpc:10.1.0.27:15173|admin:10.1.0.27:15172|client:10.1.0.27:15171|dataStream:10.1.0.27:15174|priority:0|startupRole:FOLLOWER] returns group-ADC6A1F9A082:java.util.concurrent.CompletableFuture@653b0ca3[Not completed]
2023-08-28 09:34:54,504 [269fa438-bc78-433d-911d-e020a0e24055-groupManagement] INFO  server.RaftServer$Division (RaftServerImpl.java:<init>(198)) - 269fa438-bc78-433d-911d-e020a0e24055: new RaftServerImpl for group-ADC6A1F9A082:[2121e5cf-c9a2-43bb-b1d5-56f983d54b52|rpc:10.1.0.27:15191|admin:10.1.0.27:15190|client:10.1.0.27:15189|dataStream:10.1.0.27:15192|priority:0|startupRole:FOLLOWER, 269fa438-bc78-433d-911d-e020a0e24055|rpc:10.1.0.27:15182|admin:10.1.0.27:15181|client:10.1.0.27:15180|dataStream:10.1.0.27:15183|priority:1|startupRole:FOLLOWER, ef3a886b-561e-496b-b271-3b32784cf0be|rpc:10.1.0.27:15173|admin:10.1.0.27:15172|client:10.1.0.27:15171|dataStream:10.1.0.27:15174|priority:0|startupRole:FOLLOWER] with ContainerStateMachine:uninitialized
2023-08-28 09:34:54,504 [269fa438-bc78-433d-911d-e020a0e24055-groupManagement] INFO  server.RaftServerConfigKeys (ConfUtils.java:logGet(46)) - raft.server.rpc.timeout.min = 5s (custom)
2023-08-28 09:34:54,504 [269fa438-bc78-433d-911d-e020a0e24055-groupManagement] INFO  server.RaftServerConfigKeys (ConfUtils.java:logGet(46)) - raft.server.rpc.timeout.max = 5200ms (custom)
2023-08-28 09:34:54,504 [269fa438-bc78-433d-911d-e020a0e24055-groupManagement] INFO  server.RaftServerConfigKeys (ConfUtils.java:logGet(46)) - raft.server.rpc.sleep.time = 25ms (default)
2023-08-28 09:34:54,504 [269fa438-bc78-433d-911d-e020a0e24055-groupManagement] INFO  server.RaftServerConfigKeys (ConfUtils.java:logGet(46)) - raft.server.rpc.slowness.timeout = 300s (custom)
2023-08-28 09:34:54,504 [269fa438-bc78-433d-911d-e020a0e24055-groupManagement] INFO  server.RaftServerConfigKeys (ConfUtils.java:logGet(46)) - raft.server.leaderelection.leader.step-down.wait-time = 10s (default)
2023-08-28 09:34:54,504 [269fa438-bc78-433d-911d-e020a0e24055-groupManagement] INFO  server.RaftServerConfigKeys (ConfUtils.java:logGet(46)) - raft.server.sleep.deviation.threshold = 300ms (default)
2023-08-28 09:34:54,504 [269fa438-bc78-433d-911d-e020a0e24055-groupManagement] INFO  server.RaftServer$Division (ServerState.java:<init>(120)) - 269fa438-bc78-433d-911d-e020a0e24055@group-ADC6A1F9A082: ConfigurationManager, init=-1: peers:[2121e5cf-c9a2-43bb-b1d5-56f983d54b52|rpc:10.1.0.27:15191|admin:10.1.0.27:15190|client:10.1.0.27:15189|dataStream:10.1.0.27:15192|priority:0|startupRole:FOLLOWER, 269fa438-bc78-433d-911d-e020a0e24055|rpc:10.1.0.27:15182|admin:10.1.0.27:15181|client:10.1.0.27:15180|dataStream:10.1.0.27:15183|priority:1|startupRole:FOLLOWER, ef3a886b-561e-496b-b271-3b32784cf0be|rpc:10.1.0.27:15173|admin:10.1.0.27:15172|client:10.1.0.27:15171|dataStream:10.1.0.27:15174|priority:0|startupRole:FOLLOWER]|listeners:[], old=null, confs=<EMPTY_MAP>
2023-08-28 09:34:54,504 [269fa438-bc78-433d-911d-e020a0e24055-groupManagement] INFO  server.RaftServerConfigKeys (ConfUtils.java:logGet(46)) - raft.server.storage.dir = [/home/runner/work/ozone/ozone/hadoop-ozone/integration-test/target/test-dir/MiniOzoneClusterImpl-b3d20441-1363-4d90-8b75-dcc1ba5546e4/datanode-1/data/ratis] (custom)
2023-08-28 09:34:54,504 [269fa438-bc78-433d-911d-e020a0e24055-groupManagement] INFO  server.RaftServerConfigKeys (ConfUtils.java:logGet(46)) - raft.server.log.corruption.policy = EXCEPTION (default)
2023-08-28 09:34:54,505 [269fa438-bc78-433d-911d-e020a0e24055-groupManagement] INFO  server.RaftServerConfigKeys (ConfUtils.java:logGet(46)) - raft.server.storage.free-space.min = 0MB (=0) (default)
2023-08-28 09:34:54,505 [269fa438-bc78-433d-911d-e020a0e24055-groupManagement] INFO  server.RaftServerConfigKeys (ConfUtils.java:logGet(46)) - raft.server.notification.no-leader.timeout = 300s (custom)
2023-08-28 09:34:54,505 [269fa438-bc78-433d-911d-e020a0e24055-groupManagement] INFO  server.RaftServerConfigKeys (ConfUtils.java:logGet(46)) - raft.server.read.timeout = 10s (default)
2023-08-28 09:34:54,505 [269fa438-bc78-433d-911d-e020a0e24055-groupManagement] INFO  server.RaftServerConfigKeys (ConfUtils.java:logGet(46)) - raft.server.retrycache.expirytime = 600000ms (custom)
2023-08-28 09:34:54,505 [269fa438-bc78-433d-911d-e020a0e24055-groupManagement] INFO  server.RaftServerConfigKeys (ConfUtils.java:logGet(46)) - raft.server.retrycache.statistics.expirytime = 100μs (default)
2023-08-28 09:34:54,505 [269fa438-bc78-433d-911d-e020a0e24055-groupManagement] INFO  server.RaftServerConfigKeys (ConfUtils.java:logGet(46)) - raft.server.read.option = DEFAULT (default)
2023-08-28 09:34:54,505 [269fa438-bc78-433d-911d-e020a0e24055-groupManagement] INFO  server.RaftServerConfigKeys (ConfUtils.java:logGet(46)) - raft.server.rpc.request.timeout = 60s (custom)
2023-08-28 09:34:54,505 [269fa438-bc78-433d-911d-e020a0e24055-groupManagement] INFO  server.RaftServerConfigKeys (ConfUtils.java:logGet(46)) - raft.server.log.appender.install.snapshot.enabled = false (custom)
2023-08-28 09:34:54,505 [269fa438-bc78-433d-911d-e020a0e24055-groupManagement] INFO  server.RaftServerConfigKeys (ConfUtils.java:logGet(46)) - raft.server.threadpool.server.cached = true (default)
2023-08-28 09:34:54,505 [269fa438-bc78-433d-911d-e020a0e24055-groupManagement] INFO  server.RaftServerConfigKeys (ConfUtils.java:logGet(46)) - raft.server.threadpool.server.size = 0 (default)
2023-08-28 09:34:54,505 [269fa438-bc78-433d-911d-e020a0e24055-groupManagement] INFO  server.RaftServerConfigKeys (ConfUtils.java:logGet(46)) - raft.server.threadpool.client.cached = true (default)
2023-08-28 09:34:54,505 [269fa438-bc78-433d-911d-e020a0e24055-groupManagement] INFO  server.RaftServerConfigKeys (ConfUtils.java:logGet(46)) - raft.server.threadpool.client.size = 0 (default)
2023-08-28 09:34:54,506 [269fa438-bc78-433d-911d-e020a0e24055-groupManagement] INFO  storage.RaftStorageDirectory (RaftStorageDirectoryImpl.java:analyzeStorage(137)) - The storage directory /home/runner/work/ozone/ozone/hadoop-ozone/integration-test/target/test-dir/MiniOzoneClusterImpl-b3d20441-1363-4d90-8b75-dcc1ba5546e4/datanode-1/data/ratis/1d4f85e9-bd84-41f0-b47e-adc6a1f9a082 does not exist. Creating ...
2023-08-28 09:34:54,507 [269fa438-bc78-433d-911d-e020a0e24055-groupManagement] INFO  storage.RaftStorageDirectory (RaftStorageDirectoryImpl.java:tryLock(231)) - Lock on /home/runner/work/ozone/ozone/hadoop-ozone/integration-test/target/test-dir/MiniOzoneClusterImpl-b3d20441-1363-4d90-8b75-dcc1ba5546e4/datanode-1/data/ratis/1d4f85e9-bd84-41f0-b47e-adc6a1f9a082/in_use.lock acquired by nodename 61172@fv-az625-77
2023-08-28 09:34:54,509 [269fa438-bc78-433d-911d-e020a0e24055-groupManagement] INFO  storage.RaftStorage (RaftStorageImpl.java:format(96)) - Storage directory /home/runner/work/ozone/ozone/hadoop-ozone/integration-test/target/test-dir/MiniOzoneClusterImpl-b3d20441-1363-4d90-8b75-dcc1ba5546e4/datanode-1/data/ratis/1d4f85e9-bd84-41f0-b47e-adc6a1f9a082 has been successfully formatted.
2023-08-28 09:34:54,510 [269fa438-bc78-433d-911d-e020a0e24055-groupManagement] INFO  ratis.ContainerStateMachine (ContainerStateMachine.java:loadSnapshot(262)) - group-ADC6A1F9A082: The snapshot info is null. Setting the last applied indexto:(t:0, i:~)
2023-08-28 09:34:54,510 [269fa438-bc78-433d-911d-e020a0e24055-groupManagement] INFO  server.RaftServerConfigKeys (ConfUtils.java:logGet(46)) - raft.server.log.use.memory = false (default)
2023-08-28 09:34:54,510 [269fa438-bc78-433d-911d-e020a0e24055-groupManagement] INFO  server.RaftServerConfigKeys (ConfUtils.java:logGet(46)) - raft.server.log.purge.gap = 1000000 (custom)
2023-08-28 09:34:54,510 [269fa438-bc78-433d-911d-e020a0e24055-groupManagement] INFO  server.RaftServerConfigKeys (ConfUtils.java:logGet(46)) - raft.server.log.appender.buffer.byte-limit = 33554432 (custom)
2023-08-28 09:34:54,510 [269fa438-bc78-433d-911d-e020a0e24055-groupManagement] INFO  server.RaftServerConfigKeys (ConfUtils.java:logGet(46)) - raft.server.log.statemachine.data.read.timeout = 1000ms (default)
2023-08-28 09:34:54,510 [269fa438-bc78-433d-911d-e020a0e24055-groupManagement] INFO  server.RaftServerConfigKeys (ConfUtils.java:logGet(46)) - raft.server.log.purge.preservation.log.num = 0 (default)
2023-08-28 09:34:54,510 [269fa438-bc78-433d-911d-e020a0e24055-groupManagement] INFO  server.RaftServerConfigKeys (ConfUtils.java:logGet(46)) - raft.server.log.segment.size.max = 1048576 (custom)
2023-08-28 09:34:54,510 [269fa438-bc78-433d-911d-e020a0e24055-groupManagement] INFO  server.RaftServerConfigKeys (ConfUtils.java:logGet(46)) - raft.server.log.segment.cache.num.max = 2 (custom)
2023-08-28 09:34:54,511 [269fa438-bc78-433d-911d-e020a0e24055-groupManagement] INFO  server.RaftServerConfigKeys (ConfUtils.java:logGet(46)) - raft.server.log.segment.cache.size.max = 200MB (=209715200) (default)
2023-08-28 09:34:54,511 [269fa438-bc78-433d-911d-e020a0e24055-groupManagement] INFO  server.RaftServerConfigKeys (ConfUtils.java:logGet(46)) - raft.server.log.appender.buffer.byte-limit = 33554432 (custom)
2023-08-28 09:34:54,511 [269fa438-bc78-433d-911d-e020a0e24055-groupManagement] INFO  segmented.SegmentedRaftLogWorker (SegmentedRaftLogWorker.java:<init>(188)) - new 269fa438-bc78-433d-911d-e020a0e24055@group-ADC6A1F9A082-SegmentedRaftLogWorker for RaftStorageImpl:Storage Directory /home/runner/work/ozone/ozone/hadoop-ozone/integration-test/target/test-dir/MiniOzoneClusterImpl-b3d20441-1363-4d90-8b75-dcc1ba5546e4/datanode-1/data/ratis/1d4f85e9-bd84-41f0-b47e-adc6a1f9a082
2023-08-28 09:34:54,511 [269fa438-bc78-433d-911d-e020a0e24055-groupManagement] INFO  server.RaftServerConfigKeys (ConfUtils.java:logGet(46)) - raft.server.log.queue.byte-limit = 4294967296 (custom)
2023-08-28 09:34:54,511 [269fa438-bc78-433d-911d-e020a0e24055-groupManagement] INFO  server.RaftServerConfigKeys (ConfUtils.java:logGet(46)) - raft.server.log.queue.element-limit = 1024 (custom)
2023-08-28 09:34:54,511 [269fa438-bc78-433d-911d-e020a0e24055-groupManagement] INFO  server.RaftServerConfigKeys (ConfUtils.java:logGet(46)) - raft.server.log.segment.size.max = 1048576 (custom)
2023-08-28 09:34:54,511 [269fa438-bc78-433d-911d-e020a0e24055-groupManagement] INFO  server.RaftServerConfigKeys (ConfUtils.java:logGet(46)) - raft.server.log.preallocated.size = 16384 (custom)
2023-08-28 09:34:54,511 [269fa438-bc78-433d-911d-e020a0e24055-groupManagement] INFO  server.RaftServerConfigKeys (ConfUtils.java:logGet(46)) - raft.server.log.force.sync.num = 128 (default)
2023-08-28 09:34:54,511 [269fa438-bc78-433d-911d-e020a0e24055-groupManagement] INFO  server.RaftServerConfigKeys (ConfUtils.java:logGet(46)) - raft.server.log.statemachine.data.sync = true (default)
2023-08-28 09:34:54,511 [269fa438-bc78-433d-911d-e020a0e24055-groupManagement] INFO  server.RaftServerConfigKeys (ConfUtils.java:logGet(46)) - raft.server.log.statemachine.data.sync.timeout = 10s (default)
2023-08-28 09:34:54,511 [269fa438-bc78-433d-911d-e020a0e24055-groupManagement] INFO  server.RaftServerConfigKeys (ConfUtils.java:logGet(46)) - raft.server.log.statemachine.data.sync.timeout.retry = -1 (default)
2023-08-28 09:34:54,511 [269fa438-bc78-433d-911d-e020a0e24055-groupManagement] INFO  server.RaftServerConfigKeys (ConfUtils.java:logGet(46)) - raft.server.log.write.buffer.size = 1048576 (custom)
2023-08-28 09:34:54,511 [269fa438-bc78-433d-911d-e020a0e24055-groupManagement] INFO  server.RaftServerConfigKeys (ConfUtils.java:logGet(46)) - raft.server.log.appender.buffer.byte-limit = 33554432 (custom)
2023-08-28 09:34:54,518 [269fa438-bc78-433d-911d-e020a0e24055-groupManagement] INFO  server.RaftServerConfigKeys (ConfUtils.java:logGet(46)) - raft.server.log.unsafe-flush.enabled = false (default)
2023-08-28 09:34:54,518 [269fa438-bc78-433d-911d-e020a0e24055-groupManagement] INFO  server.RaftServerConfigKeys (ConfUtils.java:logGet(46)) - raft.server.log.async-flush.enabled = false (default)
2023-08-28 09:34:54,519 [269fa438-bc78-433d-911d-e020a0e24055-groupManagement] INFO  server.RaftServerConfigKeys (ConfUtils.java:logGet(46)) - raft.server.log.statemachine.data.caching.enabled = true (custom)
2023-08-28 09:34:54,520 [269fa438-bc78-433d-911d-e020a0e24055-groupManagement] INFO  segmented.SegmentedRaftLogWorker (SegmentedRaftLogWorker.java:lambda$new$0(135)) - 269fa438-bc78-433d-911d-e020a0e24055@group-ADC6A1F9A082-SegmentedRaftLogWorker: flushIndex: setUnconditionally 0 -> -1
2023-08-28 09:34:54,520 [269fa438-bc78-433d-911d-e020a0e24055-groupManagement] INFO  segmented.SegmentedRaftLogWorker (SegmentedRaftLogWorker.java:lambda$new$0(135)) - 269fa438-bc78-433d-911d-e020a0e24055@group-ADC6A1F9A082-SegmentedRaftLogWorker: safeCacheEvictIndex: setUnconditionally 0 -> -1
2023-08-28 09:34:54,520 [269fa438-bc78-433d-911d-e020a0e24055-groupManagement] INFO  server.RaftServer$Division (RaftServerImpl.java:start(342)) - 269fa438-bc78-433d-911d-e020a0e24055@group-ADC6A1F9A082: start as a follower, conf=-1: peers:[2121e5cf-c9a2-43bb-b1d5-56f983d54b52|rpc:10.1.0.27:15191|admin:10.1.0.27:15190|client:10.1.0.27:15189|dataStream:10.1.0.27:15192|priority:0|startupRole:FOLLOWER, 269fa438-bc78-433d-911d-e020a0e24055|rpc:10.1.0.27:15182|admin:10.1.0.27:15181|client:10.1.0.27:15180|dataStream:10.1.0.27:15183|priority:1|startupRole:FOLLOWER, ef3a886b-561e-496b-b271-3b32784cf0be|rpc:10.1.0.27:15173|admin:10.1.0.27:15172|client:10.1.0.27:15171|dataStream:10.1.0.27:15174|priority:0|startupRole:FOLLOWER]|listeners:[], old=null
2023-08-28 09:34:54,520 [269fa438-bc78-433d-911d-e020a0e24055-groupManagement] INFO  server.RaftServer$Division (RaftServerImpl.java:setRole(329)) - 269fa438-bc78-433d-911d-e020a0e24055@group-ADC6A1F9A082: changes role from      null to FOLLOWER at term 0 for startAsFollower
2023-08-28 09:34:54,520 [269fa438-bc78-433d-911d-e020a0e24055-groupManagement] INFO  impl.RoleInfo (RoleInfo.java:updateAndGet(139)) - 269fa438-bc78-433d-911d-e020a0e24055: start 269fa438-bc78-433d-911d-e020a0e24055@group-ADC6A1F9A082-FollowerState
2023-08-28 09:34:54,524 [269fa438-bc78-433d-911d-e020a0e24055-groupManagement] INFO  util.JmxRegister (JmxRegister.java:tryRegister(44)) - Successfully registered JMX Bean with object name Ratis:service=RaftServer,group=group-ADC6A1F9A082,id=269fa438-bc78-433d-911d-e020a0e24055
2023-08-28 09:34:54,524 [269fa438-bc78-433d-911d-e020a0e24055@group-ADC6A1F9A082-FollowerState] INFO  server.RaftServerConfigKeys (ConfUtils.java:logFallback(53)) - raft.server.rpc.first-election.timeout.min = 5s (fallback to raft.server.rpc.timeout.min)
2023-08-28 09:34:54,524 [269fa438-bc78-433d-911d-e020a0e24055-groupManagement] INFO  server.RaftServerConfigKeys (ConfUtils.java:logGet(46)) - raft.server.snapshot.auto.trigger.enabled = true (custom)
2023-08-28 09:34:54,524 [269fa438-bc78-433d-911d-e020a0e24055-groupManagement] INFO  server.RaftServerConfigKeys (ConfUtils.java:logGet(46)) - raft.server.snapshot.auto.trigger.threshold = 10000 (custom)
2023-08-28 09:34:54,524 [269fa438-bc78-433d-911d-e020a0e24055@group-ADC6A1F9A082-FollowerState] INFO  server.RaftServerConfigKeys (ConfUtils.java:logFallback(53)) - raft.server.rpc.first-election.timeout.max = 5200ms (fallback to raft.server.rpc.timeout.max)
2023-08-28 09:34:54,524 [269fa438-bc78-433d-911d-e020a0e24055-groupManagement] INFO  server.RaftServerConfigKeys (ConfUtils.java:logGet(46)) - raft.server.snapshot.retention.file.num = 5 (custom)
2023-08-28 09:34:54,524 [269fa438-bc78-433d-911d-e020a0e24055-groupManagement] INFO  server.RaftServerConfigKeys (ConfUtils.java:logGet(46)) - raft.server.log.purge.upto.snapshot.index = false (default)
2023-08-28 09:34:54,541 [grpc-default-executor-0] INFO  server.RaftServer (RaftServerProxy.java:addNew(98)) - 2121e5cf-c9a2-43bb-b1d5-56f983d54b52: addNew group-ADC6A1F9A082:[2121e5cf-c9a2-43bb-b1d5-56f983d54b52|rpc:10.1.0.27:15191|admin:10.1.0.27:15190|client:10.1.0.27:15189|dataStream:10.1.0.27:15192|priority:0|startupRole:FOLLOWER, 269fa438-bc78-433d-911d-e020a0e24055|rpc:10.1.0.27:15182|admin:10.1.0.27:15181|client:10.1.0.27:15180|dataStream:10.1.0.27:15183|priority:1|startupRole:FOLLOWER, ef3a886b-561e-496b-b271-3b32784cf0be|rpc:10.1.0.27:15173|admin:10.1.0.27:15172|client:10.1.0.27:15171|dataStream:10.1.0.27:15174|priority:0|startupRole:FOLLOWER] returns group-ADC6A1F9A082:java.util.concurrent.CompletableFuture@7830cdc5[Not completed]
2023-08-28 09:34:54,542 [2121e5cf-c9a2-43bb-b1d5-56f983d54b52-groupManagement] INFO  server.RaftServer$Division (RaftServerImpl.java:<init>(198)) - 2121e5cf-c9a2-43bb-b1d5-56f983d54b52: new RaftServerImpl for group-ADC6A1F9A082:[2121e5cf-c9a2-43bb-b1d5-56f983d54b52|rpc:10.1.0.27:15191|admin:10.1.0.27:15190|client:10.1.0.27:15189|dataStream:10.1.0.27:15192|priority:0|startupRole:FOLLOWER, 269fa438-bc78-433d-911d-e020a0e24055|rpc:10.1.0.27:15182|admin:10.1.0.27:15181|client:10.1.0.27:15180|dataStream:10.1.0.27:15183|priority:1|startupRole:FOLLOWER, ef3a886b-561e-496b-b271-3b32784cf0be|rpc:10.1.0.27:15173|admin:10.1.0.27:15172|client:10.1.0.27:15171|dataStream:10.1.0.27:15174|priority:0|startupRole:FOLLOWER] with ContainerStateMachine:uninitialized
2023-08-28 09:34:54,542 [2121e5cf-c9a2-43bb-b1d5-56f983d54b52-groupManagement] INFO  server.RaftServerConfigKeys (ConfUtils.java:logGet(46)) - raft.server.rpc.timeout.min = 5s (custom)
2023-08-28 09:34:54,542 [2121e5cf-c9a2-43bb-b1d5-56f983d54b52-groupManagement] INFO  server.RaftServerConfigKeys (ConfUtils.java:logGet(46)) - raft.server.rpc.timeout.max = 5200ms (custom)
2023-08-28 09:34:54,542 [2121e5cf-c9a2-43bb-b1d5-56f983d54b52-groupManagement] INFO  server.RaftServerConfigKeys (ConfUtils.java:logGet(46)) - raft.server.rpc.sleep.time = 25ms (default)
2023-08-28 09:34:54,542 [2121e5cf-c9a2-43bb-b1d5-56f983d54b52-groupManagement] INFO  server.RaftServerConfigKeys (ConfUtils.java:logGet(46)) - raft.server.rpc.slowness.timeout = 300s (custom)
2023-08-28 09:34:54,542 [2121e5cf-c9a2-43bb-b1d5-56f983d54b52-groupManagement] INFO  server.RaftServerConfigKeys (ConfUtils.java:logGet(46)) - raft.server.leaderelection.leader.step-down.wait-time = 10s (default)
2023-08-28 09:34:54,542 [2121e5cf-c9a2-43bb-b1d5-56f983d54b52-groupManagement] INFO  server.RaftServerConfigKeys (ConfUtils.java:logGet(46)) - raft.server.sleep.deviation.threshold = 300ms (default)
2023-08-28 09:34:54,543 [2121e5cf-c9a2-43bb-b1d5-56f983d54b52-groupManagement] INFO  server.RaftServer$Division (ServerState.java:<init>(120)) - 2121e5cf-c9a2-43bb-b1d5-56f983d54b52@group-ADC6A1F9A082: ConfigurationManager, init=-1: peers:[2121e5cf-c9a2-43bb-b1d5-56f983d54b52|rpc:10.1.0.27:15191|admin:10.1.0.27:15190|client:10.1.0.27:15189|dataStream:10.1.0.27:15192|priority:0|startupRole:FOLLOWER, 269fa438-bc78-433d-911d-e020a0e24055|rpc:10.1.0.27:15182|admin:10.1.0.27:15181|client:10.1.0.27:15180|dataStream:10.1.0.27:15183|priority:1|startupRole:FOLLOWER, ef3a886b-561e-496b-b271-3b32784cf0be|rpc:10.1.0.27:15173|admin:10.1.0.27:15172|client:10.1.0.27:15171|dataStream:10.1.0.27:15174|priority:0|startupRole:FOLLOWER]|listeners:[], old=null, confs=<EMPTY_MAP>
2023-08-28 09:34:54,543 [2121e5cf-c9a2-43bb-b1d5-56f983d54b52-groupManagement] INFO  server.RaftServerConfigKeys (ConfUtils.java:logGet(46)) - raft.server.storage.dir = [/home/runner/work/ozone/ozone/hadoop-ozone/integration-test/target/test-dir/MiniOzoneClusterImpl-b3d20441-1363-4d90-8b75-dcc1ba5546e4/datanode-2/data/ratis] (custom)
2023-08-28 09:34:54,543 [2121e5cf-c9a2-43bb-b1d5-56f983d54b52-groupManagement] INFO  server.RaftServerConfigKeys (ConfUtils.java:logGet(46)) - raft.server.log.corruption.policy = EXCEPTION (default)
2023-08-28 09:34:54,543 [2121e5cf-c9a2-43bb-b1d5-56f983d54b52-groupManagement] INFO  server.RaftServerConfigKeys (ConfUtils.java:logGet(46)) - raft.server.storage.free-space.min = 0MB (=0) (default)
2023-08-28 09:34:54,543 [2121e5cf-c9a2-43bb-b1d5-56f983d54b52-groupManagement] INFO  server.RaftServerConfigKeys (ConfUtils.java:logGet(46)) - raft.server.notification.no-leader.timeout = 300s (custom)
2023-08-28 09:34:54,543 [2121e5cf-c9a2-43bb-b1d5-56f983d54b52-groupManagement] INFO  server.RaftServerConfigKeys (ConfUtils.java:logGet(46)) - raft.server.read.timeout = 10s (default)
2023-08-28 09:34:54,543 [2121e5cf-c9a2-43bb-b1d5-56f983d54b52-groupManagement] INFO  server.RaftServerConfigKeys (ConfUtils.java:logGet(46)) - raft.server.retrycache.expirytime = 600000ms (custom)
2023-08-28 09:34:54,543 [2121e5cf-c9a2-43bb-b1d5-56f983d54b52-groupManagement] INFO  server.RaftServerConfigKeys (ConfUtils.java:logGet(46)) - raft.server.retrycache.statistics.expirytime = 100μs (default)
2023-08-28 09:34:54,543 [2121e5cf-c9a2-43bb-b1d5-56f983d54b52-groupManagement] INFO  server.RaftServerConfigKeys (ConfUtils.java:logGet(46)) - raft.server.read.option = DEFAULT (default)
2023-08-28 09:34:54,544 [2121e5cf-c9a2-43bb-b1d5-56f983d54b52-groupManagement] INFO  server.RaftServerConfigKeys (ConfUtils.java:logGet(46)) - raft.server.rpc.request.timeout = 60s (custom)
2023-08-28 09:34:54,545 [2121e5cf-c9a2-43bb-b1d5-56f983d54b52-groupManagement] INFO  server.RaftServerConfigKeys (ConfUtils.java:logGet(46)) - raft.server.log.appender.install.snapshot.enabled = false (custom)
2023-08-28 09:34:54,546 [2121e5cf-c9a2-43bb-b1d5-56f983d54b52-groupManagement] INFO  server.RaftServerConfigKeys (ConfUtils.java:logGet(46)) - raft.server.threadpool.server.cached = true (default)
2023-08-28 09:34:54,546 [2121e5cf-c9a2-43bb-b1d5-56f983d54b52-groupManagement] INFO  server.RaftServerConfigKeys (ConfUtils.java:logGet(46)) - raft.server.threadpool.server.size = 0 (default)
2023-08-28 09:34:54,546 [2121e5cf-c9a2-43bb-b1d5-56f983d54b52-groupManagement] INFO  server.RaftServerConfigKeys (ConfUtils.java:logGet(46)) - raft.server.threadpool.client.cached = true (default)
2023-08-28 09:34:54,546 [2121e5cf-c9a2-43bb-b1d5-56f983d54b52-groupManagement] INFO  server.RaftServerConfigKeys (ConfUtils.java:logGet(46)) - raft.server.threadpool.client.size = 0 (default)
2023-08-28 09:34:54,546 [2121e5cf-c9a2-43bb-b1d5-56f983d54b52-groupManagement] INFO  storage.RaftStorageDirectory (RaftStorageDirectoryImpl.java:analyzeStorage(137)) - The storage directory /home/runner/work/ozone/ozone/hadoop-ozone/integration-test/target/test-dir/MiniOzoneClusterImpl-b3d20441-1363-4d90-8b75-dcc1ba5546e4/datanode-2/data/ratis/1d4f85e9-bd84-41f0-b47e-adc6a1f9a082 does not exist. Creating ...
2023-08-28 09:34:54,547 [2121e5cf-c9a2-43bb-b1d5-56f983d54b52-groupManagement] INFO  storage.RaftStorageDirectory (RaftStorageDirectoryImpl.java:tryLock(231)) - Lock on /home/runner/work/ozone/ozone/hadoop-ozone/integration-test/target/test-dir/MiniOzoneClusterImpl-b3d20441-1363-4d90-8b75-dcc1ba5546e4/datanode-2/data/ratis/1d4f85e9-bd84-41f0-b47e-adc6a1f9a082/in_use.lock acquired by nodename 61172@fv-az625-77
2023-08-28 09:34:54,548 [2121e5cf-c9a2-43bb-b1d5-56f983d54b52-groupManagement] INFO  storage.RaftStorage (RaftStorageImpl.java:format(96)) - Storage directory /home/runner/work/ozone/ozone/hadoop-ozone/integration-test/target/test-dir/MiniOzoneClusterImpl-b3d20441-1363-4d90-8b75-dcc1ba5546e4/datanode-2/data/ratis/1d4f85e9-bd84-41f0-b47e-adc6a1f9a082 has been successfully formatted.
2023-08-28 09:34:54,549 [2121e5cf-c9a2-43bb-b1d5-56f983d54b52-groupManagement] INFO  ratis.ContainerStateMachine (ContainerStateMachine.java:loadSnapshot(262)) - group-ADC6A1F9A082: The snapshot info is null. Setting the last applied indexto:(t:0, i:~)
2023-08-28 09:34:54,549 [2121e5cf-c9a2-43bb-b1d5-56f983d54b52-groupManagement] INFO  server.RaftServerConfigKeys (ConfUtils.java:logGet(46)) - raft.server.log.use.memory = false (default)
2023-08-28 09:34:54,549 [2121e5cf-c9a2-43bb-b1d5-56f983d54b52-groupManagement] INFO  server.RaftServerConfigKeys (ConfUtils.java:logGet(46)) - raft.server.log.purge.gap = 1000000 (custom)
2023-08-28 09:34:54,549 [2121e5cf-c9a2-43bb-b1d5-56f983d54b52-groupManagement] INFO  server.RaftServerConfigKeys (ConfUtils.java:logGet(46)) - raft.server.log.appender.buffer.byte-limit = 33554432 (custom)
2023-08-28 09:34:54,549 [2121e5cf-c9a2-43bb-b1d5-56f983d54b52-groupManagement] INFO  server.RaftServerConfigKeys (ConfUtils.java:logGet(46)) - raft.server.log.statemachine.data.read.timeout = 1000ms (default)
2023-08-28 09:34:54,549 [2121e5cf-c9a2-43bb-b1d5-56f983d54b52-groupManagement] INFO  server.RaftServerConfigKeys (ConfUtils.java:logGet(46)) - raft.server.log.purge.preservation.log.num = 0 (default)
2023-08-28 09:34:54,550 [2121e5cf-c9a2-43bb-b1d5-56f983d54b52-groupManagement] INFO  server.RaftServerConfigKeys (ConfUtils.java:logGet(46)) - raft.server.log.segment.size.max = 1048576 (custom)
2023-08-28 09:34:54,550 [2121e5cf-c9a2-43bb-b1d5-56f983d54b52-groupManagement] INFO  server.RaftServerConfigKeys (ConfUtils.java:logGet(46)) - raft.server.log.segment.cache.num.max = 2 (custom)
2023-08-28 09:34:54,550 [2121e5cf-c9a2-43bb-b1d5-56f983d54b52-groupManagement] INFO  server.RaftServerConfigKeys (ConfUtils.java:logGet(46)) - raft.server.log.segment.cache.size.max = 200MB (=209715200) (default)
2023-08-28 09:34:54,550 [2121e5cf-c9a2-43bb-b1d5-56f983d54b52-groupManagement] INFO  server.RaftServerConfigKeys (ConfUtils.java:logGet(46)) - raft.server.log.appender.buffer.byte-limit = 33554432 (custom)
2023-08-28 09:34:54,550 [2121e5cf-c9a2-43bb-b1d5-56f983d54b52-groupManagement] INFO  segmented.SegmentedRaftLogWorker (SegmentedRaftLogWorker.java:<init>(188)) - new 2121e5cf-c9a2-43bb-b1d5-56f983d54b52@group-ADC6A1F9A082-SegmentedRaftLogWorker for RaftStorageImpl:Storage Directory /home/runner/work/ozone/ozone/hadoop-ozone/integration-test/target/test-dir/MiniOzoneClusterImpl-b3d20441-1363-4d90-8b75-dcc1ba5546e4/datanode-2/data/ratis/1d4f85e9-bd84-41f0-b47e-adc6a1f9a082
2023-08-28 09:34:54,550 [2121e5cf-c9a2-43bb-b1d5-56f983d54b52-groupManagement] INFO  server.RaftServerConfigKeys (ConfUtils.java:logGet(46)) - raft.server.log.queue.byte-limit = 4294967296 (custom)
2023-08-28 09:34:54,550 [2121e5cf-c9a2-43bb-b1d5-56f983d54b52-groupManagement] INFO  server.RaftServerConfigKeys (ConfUtils.java:logGet(46)) - raft.server.log.queue.element-limit = 1024 (custom)
2023-08-28 09:34:54,550 [2121e5cf-c9a2-43bb-b1d5-56f983d54b52-groupManagement] INFO  server.RaftServerConfigKeys (ConfUtils.java:logGet(46)) - raft.server.log.segment.size.max = 1048576 (custom)
2023-08-28 09:34:54,550 [2121e5cf-c9a2-43bb-b1d5-56f983d54b52-groupManagement] INFO  server.RaftServerConfigKeys (ConfUtils.java:logGet(46)) - raft.server.log.preallocated.size = 16384 (custom)
2023-08-28 09:34:54,550 [2121e5cf-c9a2-43bb-b1d5-56f983d54b52-groupManagement] INFO  server.RaftServerConfigKeys (ConfUtils.java:logGet(46)) - raft.server.log.force.sync.num = 128 (default)
2023-08-28 09:34:54,550 [2121e5cf-c9a2-43bb-b1d5-56f983d54b52-groupManagement] INFO  server.RaftServerConfigKeys (ConfUtils.java:logGet(46)) - raft.server.log.statemachine.data.sync = true (default)
2023-08-28 09:34:54,550 [2121e5cf-c9a2-43bb-b1d5-56f983d54b52-groupManagement] INFO  server.RaftServerConfigKeys (ConfUtils.java:logGet(46)) - raft.server.log.statemachine.data.sync.timeout = 10s (default)
2023-08-28 09:34:54,550 [2121e5cf-c9a2-43bb-b1d5-56f983d54b52-groupManagement] INFO  server.RaftServerConfigKeys (ConfUtils.java:logGet(46)) - raft.server.log.statemachine.data.sync.timeout.retry = -1 (default)
2023-08-28 09:34:54,551 [2121e5cf-c9a2-43bb-b1d5-56f983d54b52-groupManagement] INFO  server.RaftServerConfigKeys (ConfUtils.java:logGet(46)) - raft.server.log.write.buffer.size = 1048576 (custom)
2023-08-28 09:34:54,551 [2121e5cf-c9a2-43bb-b1d5-56f983d54b52-groupManagement] INFO  server.RaftServerConfigKeys (ConfUtils.java:logGet(46)) - raft.server.log.appender.buffer.byte-limit = 33554432 (custom)
2023-08-28 09:34:54,556 [2121e5cf-c9a2-43bb-b1d5-56f983d54b52-groupManagement] INFO  server.RaftServerConfigKeys (ConfUtils.java:logGet(46)) - raft.server.log.unsafe-flush.enabled = false (default)
2023-08-28 09:34:54,556 [2121e5cf-c9a2-43bb-b1d5-56f983d54b52-groupManagement] INFO  server.RaftServerConfigKeys (ConfUtils.java:logGet(46)) - raft.server.log.async-flush.enabled = false (default)
2023-08-28 09:34:54,556 [2121e5cf-c9a2-43bb-b1d5-56f983d54b52-groupManagement] INFO  server.RaftServerConfigKeys (ConfUtils.java:logGet(46)) - raft.server.log.statemachine.data.caching.enabled = true (custom)
2023-08-28 09:34:54,556 [2121e5cf-c9a2-43bb-b1d5-56f983d54b52-groupManagement] INFO  segmented.SegmentedRaftLogWorker (SegmentedRaftLogWorker.java:lambda$new$0(135)) - 2121e5cf-c9a2-43bb-b1d5-56f983d54b52@group-ADC6A1F9A082-SegmentedRaftLogWorker: flushIndex: setUnconditionally 0 -> -1
2023-08-28 09:34:54,556 [2121e5cf-c9a2-43bb-b1d5-56f983d54b52-groupManagement] INFO  segmented.SegmentedRaftLogWorker (SegmentedRaftLogWorker.java:lambda$new$0(135)) - 2121e5cf-c9a2-43bb-b1d5-56f983d54b52@group-ADC6A1F9A082-SegmentedRaftLogWorker: safeCacheEvictIndex: setUnconditionally 0 -> -1
2023-08-28 09:34:54,556 [2121e5cf-c9a2-43bb-b1d5-56f983d54b52-groupManagement] INFO  server.RaftServer$Division (RaftServerImpl.java:start(342)) - 2121e5cf-c9a2-43bb-b1d5-56f983d54b52@group-ADC6A1F9A082: start as a follower, conf=-1: peers:[2121e5cf-c9a2-43bb-b1d5-56f983d54b52|rpc:10.1.0.27:15191|admin:10.1.0.27:15190|client:10.1.0.27:15189|dataStream:10.1.0.27:15192|priority:0|startupRole:FOLLOWER, 269fa438-bc78-433d-911d-e020a0e24055|rpc:10.1.0.27:15182|admin:10.1.0.27:15181|client:10.1.0.27:15180|dataStream:10.1.0.27:15183|priority:1|startupRole:FOLLOWER, ef3a886b-561e-496b-b271-3b32784cf0be|rpc:10.1.0.27:15173|admin:10.1.0.27:15172|client:10.1.0.27:15171|dataStream:10.1.0.27:15174|priority:0|startupRole:FOLLOWER]|listeners:[], old=null
2023-08-28 09:34:54,556 [2121e5cf-c9a2-43bb-b1d5-56f983d54b52-groupManagement] INFO  server.RaftServer$Division (RaftServerImpl.java:setRole(329)) - 2121e5cf-c9a2-43bb-b1d5-56f983d54b52@group-ADC6A1F9A082: changes role from      null to FOLLOWER at term 0 for startAsFollower
2023-08-28 09:34:54,556 [2121e5cf-c9a2-43bb-b1d5-56f983d54b52-groupManagement] INFO  impl.RoleInfo (RoleInfo.java:updateAndGet(139)) - 2121e5cf-c9a2-43bb-b1d5-56f983d54b52: start 2121e5cf-c9a2-43bb-b1d5-56f983d54b52@group-ADC6A1F9A082-FollowerState
2023-08-28 09:34:54,557 [2121e5cf-c9a2-43bb-b1d5-56f983d54b52-groupManagement] INFO  util.JmxRegister (JmxRegister.java:tryRegister(44)) - Successfully registered JMX Bean with object name Ratis:service=RaftServer,group=group-ADC6A1F9A082,id=2121e5cf-c9a2-43bb-b1d5-56f983d54b52
2023-08-28 09:34:54,557 [2121e5cf-c9a2-43bb-b1d5-56f983d54b52@group-ADC6A1F9A082-FollowerState] INFO  server.RaftServerConfigKeys (ConfUtils.java:logFallback(53)) - raft.server.rpc.first-election.timeout.min = 5s (fallback to raft.server.rpc.timeout.min)
2023-08-28 09:34:54,557 [2121e5cf-c9a2-43bb-b1d5-56f983d54b52-groupManagement] INFO  server.RaftServerConfigKeys (ConfUtils.java:logGet(46)) - raft.server.snapshot.auto.trigger.enabled = true (custom)
2023-08-28 09:34:54,557 [2121e5cf-c9a2-43bb-b1d5-56f983d54b52@group-ADC6A1F9A082-FollowerState] INFO  server.RaftServerConfigKeys (ConfUtils.java:logFallback(53)) - raft.server.rpc.first-election.timeout.max = 5200ms (fallback to raft.server.rpc.timeout.max)
2023-08-28 09:34:54,557 [2121e5cf-c9a2-43bb-b1d5-56f983d54b52-groupManagement] INFO  server.RaftServerConfigKeys (ConfUtils.java:logGet(46)) - raft.server.snapshot.auto.trigger.threshold = 10000 (custom)
2023-08-28 09:34:54,557 [2121e5cf-c9a2-43bb-b1d5-56f983d54b52-groupManagement] INFO  server.RaftServerConfigKeys (ConfUtils.java:logGet(46)) - raft.server.snapshot.retention.file.num = 5 (custom)
2023-08-28 09:34:54,557 [2121e5cf-c9a2-43bb-b1d5-56f983d54b52-groupManagement] INFO  server.RaftServerConfigKeys (ConfUtils.java:logGet(46)) - raft.server.log.purge.upto.snapshot.index = false (default)
2023-08-28 09:34:54,570 [PipelineCommandHandlerThread-0] INFO  commandhandler.CreatePipelineCommandHandler (CreatePipelineCommandHandler.java:lambda$handle$2(124)) - Created Pipeline RATIS THREE PipelineID=1d4f85e9-bd84-41f0-b47e-adc6a1f9a082.
2023-08-28 09:34:54,641 [PipelineCommandHandlerThread-0] INFO  server.RaftServer (RaftServerProxy.java:addNew(98)) - 269fa438-bc78-433d-911d-e020a0e24055: addNew group-EBA1007E34A2:[269fa438-bc78-433d-911d-e020a0e24055|rpc:10.1.0.27:15182|admin:10.1.0.27:15181|client:10.1.0.27:15180|dataStream:10.1.0.27:15183|priority:1|startupRole:FOLLOWER] returns group-EBA1007E34A2:java.util.concurrent.CompletableFuture@65b88633[Not completed]
2023-08-28 09:34:54,642 [269fa438-bc78-433d-911d-e020a0e24055-groupManagement] INFO  server.RaftServer$Division (RaftServerImpl.java:<init>(198)) - 269fa438-bc78-433d-911d-e020a0e24055: new RaftServerImpl for group-EBA1007E34A2:[269fa438-bc78-433d-911d-e020a0e24055|rpc:10.1.0.27:15182|admin:10.1.0.27:15181|client:10.1.0.27:15180|dataStream:10.1.0.27:15183|priority:1|startupRole:FOLLOWER] with ContainerStateMachine:uninitialized
2023-08-28 09:34:54,642 [269fa438-bc78-433d-911d-e020a0e24055-groupManagement] INFO  server.RaftServerConfigKeys (ConfUtils.java:logGet(46)) - raft.server.rpc.timeout.min = 5s (custom)
2023-08-28 09:34:54,642 [269fa438-bc78-433d-911d-e020a0e24055-groupManagement] INFO  server.RaftServerConfigKeys (ConfUtils.java:logGet(46)) - raft.server.rpc.timeout.max = 5200ms (custom)
2023-08-28 09:34:54,642 [269fa438-bc78-433d-911d-e020a0e24055-groupManagement] INFO  server.RaftServerConfigKeys (ConfUtils.java:logGet(46)) - raft.server.rpc.sleep.time = 25ms (default)
2023-08-28 09:34:54,642 [269fa438-bc78-433d-911d-e020a0e24055-groupManagement] INFO  server.RaftServerConfigKeys (ConfUtils.java:logGet(46)) - raft.server.rpc.slowness.timeout = 300s (custom)
2023-08-28 09:34:54,642 [269fa438-bc78-433d-911d-e020a0e24055-groupManagement] INFO  server.RaftServerConfigKeys (ConfUtils.java:logGet(46)) - raft.server.leaderelection.leader.step-down.wait-time = 10s (default)
2023-08-28 09:34:54,642 [269fa438-bc78-433d-911d-e020a0e24055-groupManagement] INFO  server.RaftServerConfigKeys (ConfUtils.java:logGet(46)) - raft.server.sleep.deviation.threshold = 300ms (default)
2023-08-28 09:34:54,642 [269fa438-bc78-433d-911d-e020a0e24055-groupManagement] INFO  server.RaftServer$Division (ServerState.java:<init>(120)) - 269fa438-bc78-433d-911d-e020a0e24055@group-EBA1007E34A2: ConfigurationManager, init=-1: peers:[269fa438-bc78-433d-911d-e020a0e24055|rpc:10.1.0.27:15182|admin:10.1.0.27:15181|client:10.1.0.27:15180|dataStream:10.1.0.27:15183|priority:1|startupRole:FOLLOWER]|listeners:[], old=null, confs=<EMPTY_MAP>
2023-08-28 09:34:54,642 [269fa438-bc78-433d-911d-e020a0e24055-groupManagement] INFO  server.RaftServerConfigKeys (ConfUtils.java:logGet(46)) - raft.server.storage.dir = [/home/runner/work/ozone/ozone/hadoop-ozone/integration-test/target/test-dir/MiniOzoneClusterImpl-b3d20441-1363-4d90-8b75-dcc1ba5546e4/datanode-1/data/ratis] (custom)
2023-08-28 09:34:54,642 [269fa438-bc78-433d-911d-e020a0e24055-groupManagement] INFO  server.RaftServerConfigKeys (ConfUtils.java:logGet(46)) - raft.server.log.corruption.policy = EXCEPTION (default)
2023-08-28 09:34:54,642 [269fa438-bc78-433d-911d-e020a0e24055-groupManagement] INFO  server.RaftServerConfigKeys (ConfUtils.java:logGet(46)) - raft.server.storage.free-space.min = 0MB (=0) (default)
2023-08-28 09:34:54,643 [269fa438-bc78-433d-911d-e020a0e24055-groupManagement] INFO  server.RaftServerConfigKeys (ConfUtils.java:logGet(46)) - raft.server.notification.no-leader.timeout = 300s (custom)
2023-08-28 09:34:54,643 [269fa438-bc78-433d-911d-e020a0e24055-groupManagement] INFO  server.RaftServerConfigKeys (ConfUtils.java:logGet(46)) - raft.server.read.timeout = 10s (default)
2023-08-28 09:34:54,643 [269fa438-bc78-433d-911d-e020a0e24055-groupManagement] INFO  server.RaftServerConfigKeys (ConfUtils.java:logGet(46)) - raft.server.retrycache.expirytime = 600000ms (custom)
2023-08-28 09:34:54,643 [269fa438-bc78-433d-911d-e020a0e24055-groupManagement] INFO  server.RaftServerConfigKeys (ConfUtils.java:logGet(46)) - raft.server.retrycache.statistics.expirytime = 100μs (default)
2023-08-28 09:34:54,643 [269fa438-bc78-433d-911d-e020a0e24055-groupManagement] INFO  server.RaftServerConfigKeys (ConfUtils.java:logGet(46)) - raft.server.read.option = DEFAULT (default)
2023-08-28 09:34:54,643 [269fa438-bc78-433d-911d-e020a0e24055-groupManagement] INFO  server.RaftServerConfigKeys (ConfUtils.java:logGet(46)) - raft.server.rpc.request.timeout = 60s (custom)
2023-08-28 09:34:54,643 [269fa438-bc78-433d-911d-e020a0e24055-groupManagement] INFO  server.RaftServerConfigKeys (ConfUtils.java:logGet(46)) - raft.server.log.appender.install.snapshot.enabled = false (custom)
2023-08-28 09:34:54,643 [269fa438-bc78-433d-911d-e020a0e24055-groupManagement] INFO  server.RaftServerConfigKeys (ConfUtils.java:logGet(46)) - raft.server.threadpool.server.cached = true (default)
2023-08-28 09:34:54,643 [269fa438-bc78-433d-911d-e020a0e24055-groupManagement] INFO  server.RaftServerConfigKeys (ConfUtils.java:logGet(46)) - raft.server.threadpool.server.size = 0 (default)
2023-08-28 09:34:54,643 [269fa438-bc78-433d-911d-e020a0e24055-groupManagement] INFO  server.RaftServerConfigKeys (ConfUtils.java:logGet(46)) - raft.server.threadpool.client.cached = true (default)
2023-08-28 09:34:54,644 [269fa438-bc78-433d-911d-e020a0e24055-groupManagement] INFO  server.RaftServerConfigKeys (ConfUtils.java:logGet(46)) - raft.server.threadpool.client.size = 0 (default)
2023-08-28 09:34:54,644 [269fa438-bc78-433d-911d-e020a0e24055-groupManagement] INFO  storage.RaftStorageDirectory (RaftStorageDirectoryImpl.java:analyzeStorage(137)) - The storage directory /home/runner/work/ozone/ozone/hadoop-ozone/integration-test/target/test-dir/MiniOzoneClusterImpl-b3d20441-1363-4d90-8b75-dcc1ba5546e4/datanode-1/data/ratis/14f02b01-7761-41f7-a5ed-eba1007e34a2 does not exist. Creating ...
2023-08-28 09:34:54,645 [269fa438-bc78-433d-911d-e020a0e24055-groupManagement] INFO  storage.RaftStorageDirectory (RaftStorageDirectoryImpl.java:tryLock(231)) - Lock on /home/runner/work/ozone/ozone/hadoop-ozone/integration-test/target/test-dir/MiniOzoneClusterImpl-b3d20441-1363-4d90-8b75-dcc1ba5546e4/datanode-1/data/ratis/14f02b01-7761-41f7-a5ed-eba1007e34a2/in_use.lock acquired by nodename 61172@fv-az625-77
2023-08-28 09:34:54,648 [269fa438-bc78-433d-911d-e020a0e24055-groupManagement] INFO  storage.RaftStorage (RaftStorageImpl.java:format(96)) - Storage directory /home/runner/work/ozone/ozone/hadoop-ozone/integration-test/target/test-dir/MiniOzoneClusterImpl-b3d20441-1363-4d90-8b75-dcc1ba5546e4/datanode-1/data/ratis/14f02b01-7761-41f7-a5ed-eba1007e34a2 has been successfully formatted.
2023-08-28 09:34:54,648 [269fa438-bc78-433d-911d-e020a0e24055-groupManagement] INFO  ratis.ContainerStateMachine (ContainerStateMachine.java:loadSnapshot(262)) - group-EBA1007E34A2: The snapshot info is null. Setting the last applied indexto:(t:0, i:~)
2023-08-28 09:34:54,648 [269fa438-bc78-433d-911d-e020a0e24055-groupManagement] INFO  server.RaftServerConfigKeys (ConfUtils.java:logGet(46)) - raft.server.log.use.memory = false (default)
2023-08-28 09:34:54,648 [269fa438-bc78-433d-911d-e020a0e24055-groupManagement] INFO  server.RaftServerConfigKeys (ConfUtils.java:logGet(46)) - raft.server.log.purge.gap = 1000000 (custom)
2023-08-28 09:34:54,648 [269fa438-bc78-433d-911d-e020a0e24055-groupManagement] INFO  server.RaftServerConfigKeys (ConfUtils.java:logGet(46)) - raft.server.log.appender.buffer.byte-limit = 33554432 (custom)
2023-08-28 09:34:54,648 [269fa438-bc78-433d-911d-e020a0e24055-groupManagement] INFO  server.RaftServerConfigKeys (ConfUtils.java:logGet(46)) - raft.server.log.statemachine.data.read.timeout = 1000ms (default)
2023-08-28 09:34:54,648 [269fa438-bc78-433d-911d-e020a0e24055-groupManagement] INFO  server.RaftServerConfigKeys (ConfUtils.java:logGet(46)) - raft.server.log.purge.preservation.log.num = 0 (default)
2023-08-28 09:34:54,649 [269fa438-bc78-433d-911d-e020a0e24055-groupManagement] INFO  server.RaftServerConfigKeys (ConfUtils.java:logGet(46)) - raft.server.log.segment.size.max = 1048576 (custom)
2023-08-28 09:34:54,649 [EventQueue-PipelineReportForPipelineReportHandler] INFO  pipeline.PipelineReportHandler (PipelineReportHandler.java:processPipelineReport(136)) - Opened pipeline PipelineID=14f02b01-7761-41f7-a5ed-eba1007e34a2
2023-08-28 09:34:54,649 [EventQueue-OpenPipelineForHealthyPipelineSafeModeRule] INFO  safemode.SCMSafeModeManager (HealthyPipelineSafeModeRule.java:process(137)) - SCM in safe mode. Healthy pipelines reported count is 0, required healthy pipeline reported count is 1
2023-08-28 09:34:54,650 [269fa438-bc78-433d-911d-e020a0e24055-groupManagement] INFO  server.RaftServerConfigKeys (ConfUtils.java:logGet(46)) - raft.server.log.segment.cache.num.max = 2 (custom)
2023-08-28 09:34:54,650 [269fa438-bc78-433d-911d-e020a0e24055-groupManagement] INFO  server.RaftServerConfigKeys (ConfUtils.java:logGet(46)) - raft.server.log.segment.cache.size.max = 200MB (=209715200) (default)
2023-08-28 09:34:54,650 [269fa438-bc78-433d-911d-e020a0e24055-groupManagement] INFO  server.RaftServerConfigKeys (ConfUtils.java:logGet(46)) - raft.server.log.appender.buffer.byte-limit = 33554432 (custom)
2023-08-28 09:34:54,650 [269fa438-bc78-433d-911d-e020a0e24055-groupManagement] INFO  segmented.SegmentedRaftLogWorker (SegmentedRaftLogWorker.java:<init>(188)) - new 269fa438-bc78-433d-911d-e020a0e24055@group-EBA1007E34A2-SegmentedRaftLogWorker for RaftStorageImpl:Storage Directory /home/runner/work/ozone/ozone/hadoop-ozone/integration-test/target/test-dir/MiniOzoneClusterImpl-b3d20441-1363-4d90-8b75-dcc1ba5546e4/datanode-1/data/ratis/14f02b01-7761-41f7-a5ed-eba1007e34a2
2023-08-28 09:34:54,650 [269fa438-bc78-433d-911d-e020a0e24055-groupManagement] INFO  server.RaftServerConfigKeys (ConfUtils.java:logGet(46)) - raft.server.log.queue.byte-limit = 4294967296 (custom)
2023-08-28 09:34:54,650 [269fa438-bc78-433d-911d-e020a0e24055-groupManagement] INFO  server.RaftServerConfigKeys (ConfUtils.java:logGet(46)) - raft.server.log.queue.element-limit = 1024 (custom)
2023-08-28 09:34:54,650 [269fa438-bc78-433d-911d-e020a0e24055-groupManagement] INFO  server.RaftServerConfigKeys (ConfUtils.java:logGet(46)) - raft.server.log.segment.size.max = 1048576 (custom)
2023-08-28 09:34:54,650 [269fa438-bc78-433d-911d-e020a0e24055-groupManagement] INFO  server.RaftServerConfigKeys (ConfUtils.java:logGet(46)) - raft.server.log.preallocated.size = 16384 (custom)
2023-08-28 09:34:54,650 [269fa438-bc78-433d-911d-e020a0e24055-groupManagement] INFO  server.RaftServerConfigKeys (ConfUtils.java:logGet(46)) - raft.server.log.force.sync.num = 128 (default)
2023-08-28 09:34:54,650 [269fa438-bc78-433d-911d-e020a0e24055-groupManagement] INFO  server.RaftServerConfigKeys (ConfUtils.java:logGet(46)) - raft.server.log.statemachine.data.sync = true (default)
2023-08-28 09:34:54,650 [269fa438-bc78-433d-911d-e020a0e24055-groupManagement] INFO  server.RaftServerConfigKeys (ConfUtils.java:logGet(46)) - raft.server.log.statemachine.data.sync.timeout = 10s (default)
2023-08-28 09:34:54,650 [269fa438-bc78-433d-911d-e020a0e24055-groupManagement] INFO  server.RaftServerConfigKeys (ConfUtils.java:logGet(46)) - raft.server.log.statemachine.data.sync.timeout.retry = -1 (default)
2023-08-28 09:34:54,650 [269fa438-bc78-433d-911d-e020a0e24055-groupManagement] INFO  server.RaftServerConfigKeys (ConfUtils.java:logGet(46)) - raft.server.log.write.buffer.size = 1048576 (custom)
2023-08-28 09:34:54,651 [269fa438-bc78-433d-911d-e020a0e24055-groupManagement] INFO  server.RaftServerConfigKeys (ConfUtils.java:logGet(46)) - raft.server.log.appender.buffer.byte-limit = 33554432 (custom)
2023-08-28 09:34:54,656 [269fa438-bc78-433d-911d-e020a0e24055-groupManagement] INFO  server.RaftServerConfigKeys (ConfUtils.java:logGet(46)) - raft.server.log.unsafe-flush.enabled = false (default)
2023-08-28 09:34:54,656 [269fa438-bc78-433d-911d-e020a0e24055-groupManagement] INFO  server.RaftServerConfigKeys (ConfUtils.java:logGet(46)) - raft.server.log.async-flush.enabled = false (default)
2023-08-28 09:34:54,656 [269fa438-bc78-433d-911d-e020a0e24055-groupManagement] INFO  server.RaftServerConfigKeys (ConfUtils.java:logGet(46)) - raft.server.log.statemachine.data.caching.enabled = true (custom)
2023-08-28 09:34:54,656 [269fa438-bc78-433d-911d-e020a0e24055-groupManagement] INFO  segmented.SegmentedRaftLogWorker (SegmentedRaftLogWorker.java:lambda$new$0(135)) - 269fa438-bc78-433d-911d-e020a0e24055@group-EBA1007E34A2-SegmentedRaftLogWorker: flushIndex: setUnconditionally 0 -> -1
2023-08-28 09:34:54,656 [269fa438-bc78-433d-911d-e020a0e24055-groupManagement] INFO  segmented.SegmentedRaftLogWorker (SegmentedRaftLogWorker.java:lambda$new$0(135)) - 269fa438-bc78-433d-911d-e020a0e24055@group-EBA1007E34A2-SegmentedRaftLogWorker: safeCacheEvictIndex: setUnconditionally 0 -> -1
2023-08-28 09:34:54,656 [269fa438-bc78-433d-911d-e020a0e24055-groupManagement] INFO  server.RaftServer$Division (RaftServerImpl.java:start(342)) - 269fa438-bc78-433d-911d-e020a0e24055@group-EBA1007E34A2: start as a follower, conf=-1: peers:[269fa438-bc78-433d-911d-e020a0e24055|rpc:10.1.0.27:15182|admin:10.1.0.27:15181|client:10.1.0.27:15180|dataStream:10.1.0.27:15183|priority:1|startupRole:FOLLOWER]|listeners:[], old=null
2023-08-28 09:34:54,656 [269fa438-bc78-433d-911d-e020a0e24055-groupManagement] INFO  server.RaftServer$Division (RaftServerImpl.java:setRole(329)) - 269fa438-bc78-433d-911d-e020a0e24055@group-EBA1007E34A2: changes role from      null to FOLLOWER at term 0 for startAsFollower
2023-08-28 09:34:54,656 [269fa438-bc78-433d-911d-e020a0e24055-groupManagement] INFO  impl.RoleInfo (RoleInfo.java:updateAndGet(139)) - 269fa438-bc78-433d-911d-e020a0e24055: start 269fa438-bc78-433d-911d-e020a0e24055@group-EBA1007E34A2-FollowerState
2023-08-28 09:34:54,663 [269fa438-bc78-433d-911d-e020a0e24055-groupManagement] INFO  util.JmxRegister (JmxRegister.java:tryRegister(44)) - Successfully registered JMX Bean with object name Ratis:service=RaftServer,group=group-EBA1007E34A2,id=269fa438-bc78-433d-911d-e020a0e24055
2023-08-28 09:34:54,663 [269fa438-bc78-433d-911d-e020a0e24055-groupManagement] INFO  server.RaftServerConfigKeys (ConfUtils.java:logGet(46)) - raft.server.snapshot.auto.trigger.enabled = true (custom)
2023-08-28 09:34:54,663 [269fa438-bc78-433d-911d-e020a0e24055-groupManagement] INFO  server.RaftServerConfigKeys (ConfUtils.java:logGet(46)) - raft.server.snapshot.auto.trigger.threshold = 10000 (custom)
2023-08-28 09:34:54,663 [269fa438-bc78-433d-911d-e020a0e24055-groupManagement] INFO  server.RaftServerConfigKeys (ConfUtils.java:logGet(46)) - raft.server.snapshot.retention.file.num = 5 (custom)
2023-08-28 09:34:54,663 [269fa438-bc78-433d-911d-e020a0e24055-groupManagement] INFO  server.RaftServerConfigKeys (ConfUtils.java:logGet(46)) - raft.server.log.purge.upto.snapshot.index = false (default)
2023-08-28 09:34:54,663 [269fa438-bc78-433d-911d-e020a0e24055@group-EBA1007E34A2-FollowerState] INFO  server.RaftServerConfigKeys (ConfUtils.java:logFallback(53)) - raft.server.rpc.first-election.timeout.min = 5s (fallback to raft.server.rpc.timeout.min)
2023-08-28 09:34:54,663 [269fa438-bc78-433d-911d-e020a0e24055@group-EBA1007E34A2-FollowerState] INFO  server.RaftServerConfigKeys (ConfUtils.java:logFallback(53)) - raft.server.rpc.first-election.timeout.max = 5200ms (fallback to raft.server.rpc.timeout.max)
2023-08-28 09:34:54,664 [PipelineCommandHandlerThread-0] INFO  ratis.XceiverServerRatis (XceiverServerRatis.java:addGroup(804)) - Created group PipelineID=14f02b01-7761-41f7-a5ed-eba1007e34a2
2023-08-28 09:34:54,664 [PipelineCommandHandlerThread-0] INFO  commandhandler.CreatePipelineCommandHandler (CreatePipelineCommandHandler.java:lambda$handle$2(124)) - Created Pipeline RATIS ONE PipelineID=14f02b01-7761-41f7-a5ed-eba1007e34a2.
2023-08-28 09:34:54,940 [PipelineCommandHandlerThread-0] INFO  server.RaftServer (RaftServerProxy.java:addNew(98)) - 2121e5cf-c9a2-43bb-b1d5-56f983d54b52: addNew group-1D4D4E6C1AB4:[2121e5cf-c9a2-43bb-b1d5-56f983d54b52|rpc:10.1.0.27:15191|admin:10.1.0.27:15190|client:10.1.0.27:15189|dataStream:10.1.0.27:15192|priority:1|startupRole:FOLLOWER] returns group-1D4D4E6C1AB4:java.util.concurrent.CompletableFuture@5a0ac646[Not completed]
2023-08-28 09:34:54,941 [2121e5cf-c9a2-43bb-b1d5-56f983d54b52-groupManagement] INFO  server.RaftServer$Division (RaftServerImpl.java:<init>(198)) - 2121e5cf-c9a2-43bb-b1d5-56f983d54b52: new RaftServerImpl for group-1D4D4E6C1AB4:[2121e5cf-c9a2-43bb-b1d5-56f983d54b52|rpc:10.1.0.27:15191|admin:10.1.0.27:15190|client:10.1.0.27:15189|dataStream:10.1.0.27:15192|priority:1|startupRole:FOLLOWER] with ContainerStateMachine:uninitialized
2023-08-28 09:34:54,941 [2121e5cf-c9a2-43bb-b1d5-56f983d54b52-groupManagement] INFO  server.RaftServerConfigKeys (ConfUtils.java:logGet(46)) - raft.server.rpc.timeout.min = 5s (custom)
2023-08-28 09:34:54,941 [2121e5cf-c9a2-43bb-b1d5-56f983d54b52-groupManagement] INFO  server.RaftServerConfigKeys (ConfUtils.java:logGet(46)) - raft.server.rpc.timeout.max = 5200ms (custom)
2023-08-28 09:34:54,941 [2121e5cf-c9a2-43bb-b1d5-56f983d54b52-groupManagement] INFO  server.RaftServerConfigKeys (ConfUtils.java:logGet(46)) - raft.server.rpc.sleep.time = 25ms (default)
2023-08-28 09:34:54,941 [2121e5cf-c9a2-43bb-b1d5-56f983d54b52-groupManagement] INFO  server.RaftServerConfigKeys (ConfUtils.java:logGet(46)) - raft.server.rpc.slowness.timeout = 300s (custom)
2023-08-28 09:34:54,941 [2121e5cf-c9a2-43bb-b1d5-56f983d54b52-groupManagement] INFO  server.RaftServerConfigKeys (ConfUtils.java:logGet(46)) - raft.server.leaderelection.leader.step-down.wait-time = 10s (default)
2023-08-28 09:34:54,941 [2121e5cf-c9a2-43bb-b1d5-56f983d54b52-groupManagement] INFO  server.RaftServerConfigKeys (ConfUtils.java:logGet(46)) - raft.server.sleep.deviation.threshold = 300ms (default)
2023-08-28 09:34:54,941 [2121e5cf-c9a2-43bb-b1d5-56f983d54b52-groupManagement] INFO  server.RaftServer$Division (ServerState.java:<init>(120)) - 2121e5cf-c9a2-43bb-b1d5-56f983d54b52@group-1D4D4E6C1AB4: ConfigurationManager, init=-1: peers:[2121e5cf-c9a2-43bb-b1d5-56f983d54b52|rpc:10.1.0.27:15191|admin:10.1.0.27:15190|client:10.1.0.27:15189|dataStream:10.1.0.27:15192|priority:1|startupRole:FOLLOWER]|listeners:[], old=null, confs=<EMPTY_MAP>
2023-08-28 09:34:54,941 [2121e5cf-c9a2-43bb-b1d5-56f983d54b52-groupManagement] INFO  server.RaftServerConfigKeys (ConfUtils.java:logGet(46)) - raft.server.storage.dir = [/home/runner/work/ozone/ozone/hadoop-ozone/integration-test/target/test-dir/MiniOzoneClusterImpl-b3d20441-1363-4d90-8b75-dcc1ba5546e4/datanode-2/data/ratis] (custom)
2023-08-28 09:34:54,942 [2121e5cf-c9a2-43bb-b1d5-56f983d54b52-groupManagement] INFO  server.RaftServerConfigKeys (ConfUtils.java:logGet(46)) - raft.server.log.corruption.policy = EXCEPTION (default)
2023-08-28 09:34:54,942 [2121e5cf-c9a2-43bb-b1d5-56f983d54b52-groupManagement] INFO  server.RaftServerConfigKeys (ConfUtils.java:logGet(46)) - raft.server.storage.free-space.min = 0MB (=0) (default)
2023-08-28 09:34:54,942 [2121e5cf-c9a2-43bb-b1d5-56f983d54b52-groupManagement] INFO  server.RaftServerConfigKeys (ConfUtils.java:logGet(46)) - raft.server.notification.no-leader.timeout = 300s (custom)
2023-08-28 09:34:54,942 [2121e5cf-c9a2-43bb-b1d5-56f983d54b52-groupManagement] INFO  server.RaftServerConfigKeys (ConfUtils.java:logGet(46)) - raft.server.read.timeout = 10s (default)
2023-08-28 09:34:54,942 [2121e5cf-c9a2-43bb-b1d5-56f983d54b52-groupManagement] INFO  server.RaftServerConfigKeys (ConfUtils.java:logGet(46)) - raft.server.retrycache.expirytime = 600000ms (custom)
2023-08-28 09:34:54,942 [2121e5cf-c9a2-43bb-b1d5-56f983d54b52-groupManagement] INFO  server.RaftServerConfigKeys (ConfUtils.java:logGet(46)) - raft.server.retrycache.statistics.expirytime = 100μs (default)
2023-08-28 09:34:54,942 [2121e5cf-c9a2-43bb-b1d5-56f983d54b52-groupManagement] INFO  server.RaftServerConfigKeys (ConfUtils.java:logGet(46)) - raft.server.read.option = DEFAULT (default)
2023-08-28 09:34:54,942 [2121e5cf-c9a2-43bb-b1d5-56f983d54b52-groupManagement] INFO  server.RaftServerConfigKeys (ConfUtils.java:logGet(46)) - raft.server.rpc.request.timeout = 60s (custom)
2023-08-28 09:34:54,942 [2121e5cf-c9a2-43bb-b1d5-56f983d54b52-groupManagement] INFO  server.RaftServerConfigKeys (ConfUtils.java:logGet(46)) - raft.server.log.appender.install.snapshot.enabled = false (custom)
2023-08-28 09:34:54,942 [2121e5cf-c9a2-43bb-b1d5-56f983d54b52-groupManagement] INFO  server.RaftServerConfigKeys (ConfUtils.java:logGet(46)) - raft.server.threadpool.server.cached = true (default)
2023-08-28 09:34:54,943 [2121e5cf-c9a2-43bb-b1d5-56f983d54b52-groupManagement] INFO  server.RaftServerConfigKeys (ConfUtils.java:logGet(46)) - raft.server.threadpool.server.size = 0 (default)
2023-08-28 09:34:54,943 [2121e5cf-c9a2-43bb-b1d5-56f983d54b52-groupManagement] INFO  server.RaftServerConfigKeys (ConfUtils.java:logGet(46)) - raft.server.threadpool.client.cached = true (default)
2023-08-28 09:34:54,943 [2121e5cf-c9a2-43bb-b1d5-56f983d54b52-groupManagement] INFO  server.RaftServerConfigKeys (ConfUtils.java:logGet(46)) - raft.server.threadpool.client.size = 0 (default)
2023-08-28 09:34:54,943 [2121e5cf-c9a2-43bb-b1d5-56f983d54b52-groupManagement] INFO  storage.RaftStorageDirectory (RaftStorageDirectoryImpl.java:analyzeStorage(137)) - The storage directory /home/runner/work/ozone/ozone/hadoop-ozone/integration-test/target/test-dir/MiniOzoneClusterImpl-b3d20441-1363-4d90-8b75-dcc1ba5546e4/datanode-2/data/ratis/796a8cc4-5216-4038-a02a-1d4d4e6c1ab4 does not exist. Creating ...
2023-08-28 09:34:54,944 [2121e5cf-c9a2-43bb-b1d5-56f983d54b52-groupManagement] INFO  storage.RaftStorageDirectory (RaftStorageDirectoryImpl.java:tryLock(231)) - Lock on /home/runner/work/ozone/ozone/hadoop-ozone/integration-test/target/test-dir/MiniOzoneClusterImpl-b3d20441-1363-4d90-8b75-dcc1ba5546e4/datanode-2/data/ratis/796a8cc4-5216-4038-a02a-1d4d4e6c1ab4/in_use.lock acquired by nodename 61172@fv-az625-77
2023-08-28 09:34:54,945 [2121e5cf-c9a2-43bb-b1d5-56f983d54b52-groupManagement] INFO  storage.RaftStorage (RaftStorageImpl.java:format(96)) - Storage directory /home/runner/work/ozone/ozone/hadoop-ozone/integration-test/target/test-dir/MiniOzoneClusterImpl-b3d20441-1363-4d90-8b75-dcc1ba5546e4/datanode-2/data/ratis/796a8cc4-5216-4038-a02a-1d4d4e6c1ab4 has been successfully formatted.
2023-08-28 09:34:54,946 [2121e5cf-c9a2-43bb-b1d5-56f983d54b52-groupManagement] INFO  ratis.ContainerStateMachine (ContainerStateMachine.java:loadSnapshot(262)) - group-1D4D4E6C1AB4: The snapshot info is null. Setting the last applied indexto:(t:0, i:~)
2023-08-28 09:34:54,946 [2121e5cf-c9a2-43bb-b1d5-56f983d54b52-groupManagement] INFO  server.RaftServerConfigKeys (ConfUtils.java:logGet(46)) - raft.server.log.use.memory = false (default)
2023-08-28 09:34:54,946 [2121e5cf-c9a2-43bb-b1d5-56f983d54b52-groupManagement] INFO  server.RaftServerConfigKeys (ConfUtils.java:logGet(46)) - raft.server.log.purge.gap = 1000000 (custom)
2023-08-28 09:34:54,946 [2121e5cf-c9a2-43bb-b1d5-56f983d54b52-groupManagement] INFO  server.RaftServerConfigKeys (ConfUtils.java:logGet(46)) - raft.server.log.appender.buffer.byte-limit = 33554432 (custom)
2023-08-28 09:34:54,946 [2121e5cf-c9a2-43bb-b1d5-56f983d54b52-groupManagement] INFO  server.RaftServerConfigKeys (ConfUtils.java:logGet(46)) - raft.server.log.statemachine.data.read.timeout = 1000ms (default)
2023-08-28 09:34:54,946 [2121e5cf-c9a2-43bb-b1d5-56f983d54b52-groupManagement] INFO  server.RaftServerConfigKeys (ConfUtils.java:logGet(46)) - raft.server.log.purge.preservation.log.num = 0 (default)
2023-08-28 09:34:54,946 [2121e5cf-c9a2-43bb-b1d5-56f983d54b52-groupManagement] INFO  server.RaftServerConfigKeys (ConfUtils.java:logGet(46)) - raft.server.log.segment.size.max = 1048576 (custom)
2023-08-28 09:34:54,947 [EventQueue-PipelineReportForPipelineReportHandler] INFO  pipeline.PipelineReportHandler (PipelineReportHandler.java:processPipelineReport(136)) - Opened pipeline PipelineID=796a8cc4-5216-4038-a02a-1d4d4e6c1ab4
2023-08-28 09:34:54,947 [EventQueue-OpenPipelineForHealthyPipelineSafeModeRule] INFO  safemode.SCMSafeModeManager (HealthyPipelineSafeModeRule.java:process(137)) - SCM in safe mode. Healthy pipelines reported count is 0, required healthy pipeline reported count is 1
2023-08-28 09:34:54,947 [2121e5cf-c9a2-43bb-b1d5-56f983d54b52-groupManagement] INFO  server.RaftServerConfigKeys (ConfUtils.java:logGet(46)) - raft.server.log.segment.cache.num.max = 2 (custom)
2023-08-28 09:34:54,947 [2121e5cf-c9a2-43bb-b1d5-56f983d54b52-groupManagement] INFO  server.RaftServerConfigKeys (ConfUtils.java:logGet(46)) - raft.server.log.segment.cache.size.max = 200MB (=209715200) (default)
2023-08-28 09:34:54,947 [2121e5cf-c9a2-43bb-b1d5-56f983d54b52-groupManagement] INFO  server.RaftServerConfigKeys (ConfUtils.java:logGet(46)) - raft.server.log.appender.buffer.byte-limit = 33554432 (custom)
2023-08-28 09:34:54,947 [2121e5cf-c9a2-43bb-b1d5-56f983d54b52-groupManagement] INFO  segmented.SegmentedRaftLogWorker (SegmentedRaftLogWorker.java:<init>(188)) - new 2121e5cf-c9a2-43bb-b1d5-56f983d54b52@group-1D4D4E6C1AB4-SegmentedRaftLogWorker for RaftStorageImpl:Storage Directory /home/runner/work/ozone/ozone/hadoop-ozone/integration-test/target/test-dir/MiniOzoneClusterImpl-b3d20441-1363-4d90-8b75-dcc1ba5546e4/datanode-2/data/ratis/796a8cc4-5216-4038-a02a-1d4d4e6c1ab4
2023-08-28 09:34:54,947 [2121e5cf-c9a2-43bb-b1d5-56f983d54b52-groupManagement] INFO  server.RaftServerConfigKeys (ConfUtils.java:logGet(46)) - raft.server.log.queue.byte-limit = 4294967296 (custom)
2023-08-28 09:34:54,947 [2121e5cf-c9a2-43bb-b1d5-56f983d54b52-groupManagement] INFO  server.RaftServerConfigKeys (ConfUtils.java:logGet(46)) - raft.server.log.queue.element-limit = 1024 (custom)
2023-08-28 09:34:54,947 [2121e5cf-c9a2-43bb-b1d5-56f983d54b52-groupManagement] INFO  server.RaftServerConfigKeys (ConfUtils.java:logGet(46)) - raft.server.log.segment.size.max = 1048576 (custom)
2023-08-28 09:34:54,947 [2121e5cf-c9a2-43bb-b1d5-56f983d54b52-groupManagement] INFO  server.RaftServerConfigKeys (ConfUtils.java:logGet(46)) - raft.server.log.preallocated.size = 16384 (custom)
2023-08-28 09:34:54,947 [2121e5cf-c9a2-43bb-b1d5-56f983d54b52-groupManagement] INFO  server.RaftServerConfigKeys (ConfUtils.java:logGet(46)) - raft.server.log.force.sync.num = 128 (default)
2023-08-28 09:34:54,947 [2121e5cf-c9a2-43bb-b1d5-56f983d54b52-groupManagement] INFO  server.RaftServerConfigKeys (ConfUtils.java:logGet(46)) - raft.server.log.statemachine.data.sync = true (default)
2023-08-28 09:34:54,948 [2121e5cf-c9a2-43bb-b1d5-56f983d54b52-groupManagement] INFO  server.RaftServerConfigKeys (ConfUtils.java:logGet(46)) - raft.server.log.statemachine.data.sync.timeout = 10s (default)
2023-08-28 09:34:54,948 [2121e5cf-c9a2-43bb-b1d5-56f983d54b52-groupManagement] INFO  server.RaftServerConfigKeys (ConfUtils.java:logGet(46)) - raft.server.log.statemachine.data.sync.timeout.retry = -1 (default)
2023-08-28 09:34:54,948 [2121e5cf-c9a2-43bb-b1d5-56f983d54b52-groupManagement] INFO  server.RaftServerConfigKeys (ConfUtils.java:logGet(46)) - raft.server.log.write.buffer.size = 1048576 (custom)
2023-08-28 09:34:54,949 [2121e5cf-c9a2-43bb-b1d5-56f983d54b52-groupManagement] INFO  server.RaftServerConfigKeys (ConfUtils.java:logGet(46)) - raft.server.log.appender.buffer.byte-limit = 33554432 (custom)
2023-08-28 09:34:54,953 [2121e5cf-c9a2-43bb-b1d5-56f983d54b52-groupManagement] INFO  server.RaftServerConfigKeys (ConfUtils.java:logGet(46)) - raft.server.log.unsafe-flush.enabled = false (default)
2023-08-28 09:34:54,953 [2121e5cf-c9a2-43bb-b1d5-56f983d54b52-groupManagement] INFO  server.RaftServerConfigKeys (ConfUtils.java:logGet(46)) - raft.server.log.async-flush.enabled = false (default)
2023-08-28 09:34:54,953 [2121e5cf-c9a2-43bb-b1d5-56f983d54b52-groupManagement] INFO  server.RaftServerConfigKeys (ConfUtils.java:logGet(46)) - raft.server.log.statemachine.data.caching.enabled = true (custom)
2023-08-28 09:34:54,954 [2121e5cf-c9a2-43bb-b1d5-56f983d54b52-groupManagement] INFO  segmented.SegmentedRaftLogWorker (SegmentedRaftLogWorker.java:lambda$new$0(135)) - 2121e5cf-c9a2-43bb-b1d5-56f983d54b52@group-1D4D4E6C1AB4-SegmentedRaftLogWorker: flushIndex: setUnconditionally 0 -> -1
2023-08-28 09:34:54,954 [2121e5cf-c9a2-43bb-b1d5-56f983d54b52-groupManagement] INFO  segmented.SegmentedRaftLogWorker (SegmentedRaftLogWorker.java:lambda$new$0(135)) - 2121e5cf-c9a2-43bb-b1d5-56f983d54b52@group-1D4D4E6C1AB4-SegmentedRaftLogWorker: safeCacheEvictIndex: setUnconditionally 0 -> -1
2023-08-28 09:34:54,954 [2121e5cf-c9a2-43bb-b1d5-56f983d54b52-groupManagement] INFO  server.RaftServer$Division (RaftServerImpl.java:start(342)) - 2121e5cf-c9a2-43bb-b1d5-56f983d54b52@group-1D4D4E6C1AB4: start as a follower, conf=-1: peers:[2121e5cf-c9a2-43bb-b1d5-56f983d54b52|rpc:10.1.0.27:15191|admin:10.1.0.27:15190|client:10.1.0.27:15189|dataStream:10.1.0.27:15192|priority:1|startupRole:FOLLOWER]|listeners:[], old=null
2023-08-28 09:34:54,954 [2121e5cf-c9a2-43bb-b1d5-56f983d54b52-groupManagement] INFO  server.RaftServer$Division (RaftServerImpl.java:setRole(329)) - 2121e5cf-c9a2-43bb-b1d5-56f983d54b52@group-1D4D4E6C1AB4: changes role from      null to FOLLOWER at term 0 for startAsFollower
2023-08-28 09:34:54,954 [2121e5cf-c9a2-43bb-b1d5-56f983d54b52-groupManagement] INFO  impl.RoleInfo (RoleInfo.java:updateAndGet(139)) - 2121e5cf-c9a2-43bb-b1d5-56f983d54b52: start 2121e5cf-c9a2-43bb-b1d5-56f983d54b52@group-1D4D4E6C1AB4-FollowerState
2023-08-28 09:34:54,954 [2121e5cf-c9a2-43bb-b1d5-56f983d54b52-groupManagement] INFO  util.JmxRegister (JmxRegister.java:tryRegister(44)) - Successfully registered JMX Bean with object name Ratis:service=RaftServer,group=group-1D4D4E6C1AB4,id=2121e5cf-c9a2-43bb-b1d5-56f983d54b52
2023-08-28 09:34:54,954 [2121e5cf-c9a2-43bb-b1d5-56f983d54b52@group-1D4D4E6C1AB4-FollowerState] INFO  server.RaftServerConfigKeys (ConfUtils.java:logFallback(53)) - raft.server.rpc.first-election.timeout.min = 5s (fallback to raft.server.rpc.timeout.min)
2023-08-28 09:34:54,954 [2121e5cf-c9a2-43bb-b1d5-56f983d54b52-groupManagement] INFO  server.RaftServerConfigKeys (ConfUtils.java:logGet(46)) - raft.server.snapshot.auto.trigger.enabled = true (custom)
2023-08-28 09:34:54,954 [2121e5cf-c9a2-43bb-b1d5-56f983d54b52@group-1D4D4E6C1AB4-FollowerState] INFO  server.RaftServerConfigKeys (ConfUtils.java:logFallback(53)) - raft.server.rpc.first-election.timeout.max = 5200ms (fallback to raft.server.rpc.timeout.max)
2023-08-28 09:34:54,954 [2121e5cf-c9a2-43bb-b1d5-56f983d54b52-groupManagement] INFO  server.RaftServerConfigKeys (ConfUtils.java:logGet(46)) - raft.server.snapshot.auto.trigger.threshold = 10000 (custom)
2023-08-28 09:34:54,954 [2121e5cf-c9a2-43bb-b1d5-56f983d54b52-groupManagement] INFO  server.RaftServerConfigKeys (ConfUtils.java:logGet(46)) - raft.server.snapshot.retention.file.num = 5 (custom)
2023-08-28 09:34:54,954 [2121e5cf-c9a2-43bb-b1d5-56f983d54b52-groupManagement] INFO  server.RaftServerConfigKeys (ConfUtils.java:logGet(46)) - raft.server.log.purge.upto.snapshot.index = false (default)
2023-08-28 09:34:54,955 [PipelineCommandHandlerThread-0] INFO  ratis.XceiverServerRatis (XceiverServerRatis.java:addGroup(804)) - Created group PipelineID=796a8cc4-5216-4038-a02a-1d4d4e6c1ab4
2023-08-28 09:34:54,955 [PipelineCommandHandlerThread-0] INFO  commandhandler.CreatePipelineCommandHandler (CreatePipelineCommandHandler.java:lambda$handle$2(124)) - Created Pipeline RATIS ONE PipelineID=796a8cc4-5216-4038-a02a-1d4d4e6c1ab4.
2023-08-28 09:34:55,206 [PipelineCommandHandlerThread-0] INFO  server.RaftServer (RaftServerProxy.java:addNew(98)) - a19c494f-397f-4b39-bf2c-38c439f3a5ad: addNew group-D94D13A65752:[a19c494f-397f-4b39-bf2c-38c439f3a5ad|rpc:10.1.0.27:15200|admin:10.1.0.27:15199|client:10.1.0.27:15198|dataStream:10.1.0.27:15201|priority:1|startupRole:FOLLOWER] returns group-D94D13A65752:java.util.concurrent.CompletableFuture@6b900b1b[Not completed]
2023-08-28 09:34:55,207 [a19c494f-397f-4b39-bf2c-38c439f3a5ad-groupManagement] INFO  server.RaftServer$Division (RaftServerImpl.java:<init>(198)) - a19c494f-397f-4b39-bf2c-38c439f3a5ad: new RaftServerImpl for group-D94D13A65752:[a19c494f-397f-4b39-bf2c-38c439f3a5ad|rpc:10.1.0.27:15200|admin:10.1.0.27:15199|client:10.1.0.27:15198|dataStream:10.1.0.27:15201|priority:1|startupRole:FOLLOWER] with ContainerStateMachine:uninitialized
2023-08-28 09:34:55,207 [a19c494f-397f-4b39-bf2c-38c439f3a5ad-groupManagement] INFO  server.RaftServerConfigKeys (ConfUtils.java:logGet(46)) - raft.server.rpc.timeout.min = 5s (custom)
2023-08-28 09:34:55,207 [a19c494f-397f-4b39-bf2c-38c439f3a5ad-groupManagement] INFO  server.RaftServerConfigKeys (ConfUtils.java:logGet(46)) - raft.server.rpc.timeout.max = 5200ms (custom)
2023-08-28 09:34:55,207 [a19c494f-397f-4b39-bf2c-38c439f3a5ad-groupManagement] INFO  server.RaftServerConfigKeys (ConfUtils.java:logGet(46)) - raft.server.rpc.sleep.time = 25ms (default)
2023-08-28 09:34:55,207 [a19c494f-397f-4b39-bf2c-38c439f3a5ad-groupManagement] INFO  server.RaftServerConfigKeys (ConfUtils.java:logGet(46)) - raft.server.rpc.slowness.timeout = 300s (custom)
2023-08-28 09:34:55,207 [a19c494f-397f-4b39-bf2c-38c439f3a5ad-groupManagement] INFO  server.RaftServerConfigKeys (ConfUtils.java:logGet(46)) - raft.server.leaderelection.leader.step-down.wait-time = 10s (default)
2023-08-28 09:34:55,207 [a19c494f-397f-4b39-bf2c-38c439f3a5ad-groupManagement] INFO  server.RaftServerConfigKeys (ConfUtils.java:logGet(46)) - raft.server.sleep.deviation.threshold = 300ms (default)
2023-08-28 09:34:55,207 [a19c494f-397f-4b39-bf2c-38c439f3a5ad-groupManagement] INFO  server.RaftServer$Division (ServerState.java:<init>(120)) - a19c494f-397f-4b39-bf2c-38c439f3a5ad@group-D94D13A65752: ConfigurationManager, init=-1: peers:[a19c494f-397f-4b39-bf2c-38c439f3a5ad|rpc:10.1.0.27:15200|admin:10.1.0.27:15199|client:10.1.0.27:15198|dataStream:10.1.0.27:15201|priority:1|startupRole:FOLLOWER]|listeners:[], old=null, confs=<EMPTY_MAP>
2023-08-28 09:34:55,207 [a19c494f-397f-4b39-bf2c-38c439f3a5ad-groupManagement] INFO  server.RaftServerConfigKeys (ConfUtils.java:logGet(46)) - raft.server.storage.dir = [/home/runner/work/ozone/ozone/hadoop-ozone/integration-test/target/test-dir/MiniOzoneClusterImpl-b3d20441-1363-4d90-8b75-dcc1ba5546e4/datanode-3/data/ratis] (custom)
2023-08-28 09:34:55,207 [a19c494f-397f-4b39-bf2c-38c439f3a5ad-groupManagement] INFO  server.RaftServerConfigKeys (ConfUtils.java:logGet(46)) - raft.server.log.corruption.policy = EXCEPTION (default)
2023-08-28 09:34:55,207 [a19c494f-397f-4b39-bf2c-38c439f3a5ad-groupManagement] INFO  server.RaftServerConfigKeys (ConfUtils.java:logGet(46)) - raft.server.storage.free-space.min = 0MB (=0) (default)
2023-08-28 09:34:55,207 [a19c494f-397f-4b39-bf2c-38c439f3a5ad-groupManagement] INFO  server.RaftServerConfigKeys (ConfUtils.java:logGet(46)) - raft.server.notification.no-leader.timeout = 300s (custom)
2023-08-28 09:34:55,207 [a19c494f-397f-4b39-bf2c-38c439f3a5ad-groupManagement] INFO  server.RaftServerConfigKeys (ConfUtils.java:logGet(46)) - raft.server.read.timeout = 10s (default)
2023-08-28 09:34:55,207 [a19c494f-397f-4b39-bf2c-38c439f3a5ad-groupManagement] INFO  server.RaftServerConfigKeys (ConfUtils.java:logGet(46)) - raft.server.retrycache.expirytime = 600000ms (custom)
2023-08-28 09:34:55,207 [a19c494f-397f-4b39-bf2c-38c439f3a5ad-groupManagement] INFO  server.RaftServerConfigKeys (ConfUtils.java:logGet(46)) - raft.server.retrycache.statistics.expirytime = 100μs (default)
2023-08-28 09:34:55,208 [a19c494f-397f-4b39-bf2c-38c439f3a5ad-groupManagement] INFO  server.RaftServerConfigKeys (ConfUtils.java:logGet(46)) - raft.server.read.option = DEFAULT (default)
2023-08-28 09:34:55,208 [a19c494f-397f-4b39-bf2c-38c439f3a5ad-groupManagement] INFO  server.RaftServerConfigKeys (ConfUtils.java:logGet(46)) - raft.server.rpc.request.timeout = 60s (custom)
2023-08-28 09:34:55,208 [a19c494f-397f-4b39-bf2c-38c439f3a5ad-groupManagement] INFO  server.RaftServerConfigKeys (ConfUtils.java:logGet(46)) - raft.server.log.appender.install.snapshot.enabled = false (custom)
2023-08-28 09:34:55,208 [a19c494f-397f-4b39-bf2c-38c439f3a5ad-groupManagement] INFO  server.RaftServerConfigKeys (ConfUtils.java:logGet(46)) - raft.server.threadpool.server.cached = true (default)
2023-08-28 09:34:55,208 [a19c494f-397f-4b39-bf2c-38c439f3a5ad-groupManagement] INFO  server.RaftServerConfigKeys (ConfUtils.java:logGet(46)) - raft.server.threadpool.server.size = 0 (default)
2023-08-28 09:34:55,208 [a19c494f-397f-4b39-bf2c-38c439f3a5ad-groupManagement] INFO  server.RaftServerConfigKeys (ConfUtils.java:logGet(46)) - raft.server.threadpool.client.cached = true (default)
2023-08-28 09:34:55,208 [a19c494f-397f-4b39-bf2c-38c439f3a5ad-groupManagement] INFO  server.RaftServerConfigKeys (ConfUtils.java:logGet(46)) - raft.server.threadpool.client.size = 0 (default)
2023-08-28 09:34:55,208 [a19c494f-397f-4b39-bf2c-38c439f3a5ad-groupManagement] INFO  storage.RaftStorageDirectory (RaftStorageDirectoryImpl.java:analyzeStorage(137)) - The storage directory /home/runner/work/ozone/ozone/hadoop-ozone/integration-test/target/test-dir/MiniOzoneClusterImpl-b3d20441-1363-4d90-8b75-dcc1ba5546e4/datanode-3/data/ratis/2aafa158-bab3-4616-8d7f-d94d13a65752 does not exist. Creating ...
2023-08-28 09:34:55,210 [a19c494f-397f-4b39-bf2c-38c439f3a5ad-groupManagement] INFO  storage.RaftStorageDirectory (RaftStorageDirectoryImpl.java:tryLock(231)) - Lock on /home/runner/work/ozone/ozone/hadoop-ozone/integration-test/target/test-dir/MiniOzoneClusterImpl-b3d20441-1363-4d90-8b75-dcc1ba5546e4/datanode-3/data/ratis/2aafa158-bab3-4616-8d7f-d94d13a65752/in_use.lock acquired by nodename 61172@fv-az625-77
2023-08-28 09:34:55,211 [a19c494f-397f-4b39-bf2c-38c439f3a5ad-groupManagement] INFO  storage.RaftStorage (RaftStorageImpl.java:format(96)) - Storage directory /home/runner/work/ozone/ozone/hadoop-ozone/integration-test/target/test-dir/MiniOzoneClusterImpl-b3d20441-1363-4d90-8b75-dcc1ba5546e4/datanode-3/data/ratis/2aafa158-bab3-4616-8d7f-d94d13a65752 has been successfully formatted.
2023-08-28 09:34:55,212 [a19c494f-397f-4b39-bf2c-38c439f3a5ad-groupManagement] INFO  ratis.ContainerStateMachine (ContainerStateMachine.java:loadSnapshot(262)) - group-D94D13A65752: The snapshot info is null. Setting the last applied indexto:(t:0, i:~)
2023-08-28 09:34:55,213 [a19c494f-397f-4b39-bf2c-38c439f3a5ad-groupManagement] INFO  server.RaftServerConfigKeys (ConfUtils.java:logGet(46)) - raft.server.log.use.memory = false (default)
2023-08-28 09:34:55,213 [a19c494f-397f-4b39-bf2c-38c439f3a5ad-groupManagement] INFO  server.RaftServerConfigKeys (ConfUtils.java:logGet(46)) - raft.server.log.purge.gap = 1000000 (custom)
2023-08-28 09:34:55,213 [a19c494f-397f-4b39-bf2c-38c439f3a5ad-groupManagement] INFO  server.RaftServerConfigKeys (ConfUtils.java:logGet(46)) - raft.server.log.appender.buffer.byte-limit = 33554432 (custom)
2023-08-28 09:34:55,213 [a19c494f-397f-4b39-bf2c-38c439f3a5ad-groupManagement] INFO  server.RaftServerConfigKeys (ConfUtils.java:logGet(46)) - raft.server.log.statemachine.data.read.timeout = 1000ms (default)
2023-08-28 09:34:55,213 [a19c494f-397f-4b39-bf2c-38c439f3a5ad-groupManagement] INFO  server.RaftServerConfigKeys (ConfUtils.java:logGet(46)) - raft.server.log.purge.preservation.log.num = 0 (default)
2023-08-28 09:34:55,213 [a19c494f-397f-4b39-bf2c-38c439f3a5ad-groupManagement] INFO  server.RaftServerConfigKeys (ConfUtils.java:logGet(46)) - raft.server.log.segment.size.max = 1048576 (custom)
2023-08-28 09:34:55,213 [a19c494f-397f-4b39-bf2c-38c439f3a5ad-groupManagement] INFO  server.RaftServerConfigKeys (ConfUtils.java:logGet(46)) - raft.server.log.segment.cache.num.max = 2 (custom)
2023-08-28 09:34:55,213 [a19c494f-397f-4b39-bf2c-38c439f3a5ad-groupManagement] INFO  server.RaftServerConfigKeys (ConfUtils.java:logGet(46)) - raft.server.log.segment.cache.size.max = 200MB (=209715200) (default)
2023-08-28 09:34:55,213 [a19c494f-397f-4b39-bf2c-38c439f3a5ad-groupManagement] INFO  server.RaftServerConfigKeys (ConfUtils.java:logGet(46)) - raft.server.log.appender.buffer.byte-limit = 33554432 (custom)
2023-08-28 09:34:55,213 [a19c494f-397f-4b39-bf2c-38c439f3a5ad-groupManagement] INFO  segmented.SegmentedRaftLogWorker (SegmentedRaftLogWorker.java:<init>(188)) - new a19c494f-397f-4b39-bf2c-38c439f3a5ad@group-D94D13A65752-SegmentedRaftLogWorker for RaftStorageImpl:Storage Directory /home/runner/work/ozone/ozone/hadoop-ozone/integration-test/target/test-dir/MiniOzoneClusterImpl-b3d20441-1363-4d90-8b75-dcc1ba5546e4/datanode-3/data/ratis/2aafa158-bab3-4616-8d7f-d94d13a65752
2023-08-28 09:34:55,213 [a19c494f-397f-4b39-bf2c-38c439f3a5ad-groupManagement] INFO  server.RaftServerConfigKeys (ConfUtils.java:logGet(46)) - raft.server.log.queue.byte-limit = 4294967296 (custom)
2023-08-28 09:34:55,213 [a19c494f-397f-4b39-bf2c-38c439f3a5ad-groupManagement] INFO  server.RaftServerConfigKeys (ConfUtils.java:logGet(46)) - raft.server.log.queue.element-limit = 1024 (custom)
2023-08-28 09:34:55,214 [EventQueue-PipelineReportForPipelineReportHandler] INFO  pipeline.PipelineReportHandler (PipelineReportHandler.java:processPipelineReport(136)) - Opened pipeline PipelineID=2aafa158-bab3-4616-8d7f-d94d13a65752
2023-08-28 09:34:55,214 [a19c494f-397f-4b39-bf2c-38c439f3a5ad-groupManagement] INFO  server.RaftServerConfigKeys (ConfUtils.java:logGet(46)) - raft.server.log.segment.size.max = 1048576 (custom)
2023-08-28 09:34:55,214 [EventQueue-OpenPipelineForHealthyPipelineSafeModeRule] INFO  safemode.SCMSafeModeManager (HealthyPipelineSafeModeRule.java:process(137)) - SCM in safe mode. Healthy pipelines reported count is 0, required healthy pipeline reported count is 1
2023-08-28 09:34:55,214 [a19c494f-397f-4b39-bf2c-38c439f3a5ad-groupManagement] INFO  server.RaftServerConfigKeys (ConfUtils.java:logGet(46)) - raft.server.log.preallocated.size = 16384 (custom)
2023-08-28 09:34:55,214 [a19c494f-397f-4b39-bf2c-38c439f3a5ad-groupManagement] INFO  server.RaftServerConfigKeys (ConfUtils.java:logGet(46)) - raft.server.log.force.sync.num = 128 (default)
2023-08-28 09:34:55,214 [a19c494f-397f-4b39-bf2c-38c439f3a5ad-groupManagement] INFO  server.RaftServerConfigKeys (ConfUtils.java:logGet(46)) - raft.server.log.statemachine.data.sync = true (default)
2023-08-28 09:34:55,214 [a19c494f-397f-4b39-bf2c-38c439f3a5ad-groupManagement] INFO  server.RaftServerConfigKeys (ConfUtils.java:logGet(46)) - raft.server.log.statemachine.data.sync.timeout = 10s (default)
2023-08-28 09:34:55,214 [a19c494f-397f-4b39-bf2c-38c439f3a5ad-groupManagement] INFO  server.RaftServerConfigKeys (ConfUtils.java:logGet(46)) - raft.server.log.statemachine.data.sync.timeout.retry = -1 (default)
2023-08-28 09:34:55,214 [a19c494f-397f-4b39-bf2c-38c439f3a5ad-groupManagement] INFO  server.RaftServerConfigKeys (ConfUtils.java:logGet(46)) - raft.server.log.write.buffer.size = 1048576 (custom)
2023-08-28 09:34:55,215 [a19c494f-397f-4b39-bf2c-38c439f3a5ad-groupManagement] INFO  server.RaftServerConfigKeys (ConfUtils.java:logGet(46)) - raft.server.log.appender.buffer.byte-limit = 33554432 (custom)
2023-08-28 09:34:55,219 [a19c494f-397f-4b39-bf2c-38c439f3a5ad-groupManagement] INFO  server.RaftServerConfigKeys (ConfUtils.java:logGet(46)) - raft.server.log.unsafe-flush.enabled = false (default)
2023-08-28 09:34:55,219 [a19c494f-397f-4b39-bf2c-38c439f3a5ad-groupManagement] INFO  server.RaftServerConfigKeys (ConfUtils.java:logGet(46)) - raft.server.log.async-flush.enabled = false (default)
2023-08-28 09:34:55,219 [a19c494f-397f-4b39-bf2c-38c439f3a5ad-groupManagement] INFO  server.RaftServerConfigKeys (ConfUtils.java:logGet(46)) - raft.server.log.statemachine.data.caching.enabled = true (custom)
2023-08-28 09:34:55,220 [a19c494f-397f-4b39-bf2c-38c439f3a5ad-groupManagement] INFO  segmented.SegmentedRaftLogWorker (SegmentedRaftLogWorker.java:lambda$new$0(135)) - a19c494f-397f-4b39-bf2c-38c439f3a5ad@group-D94D13A65752-SegmentedRaftLogWorker: flushIndex: setUnconditionally 0 -> -1
2023-08-28 09:34:55,220 [a19c494f-397f-4b39-bf2c-38c439f3a5ad-groupManagement] INFO  segmented.SegmentedRaftLogWorker (SegmentedRaftLogWorker.java:lambda$new$0(135)) - a19c494f-397f-4b39-bf2c-38c439f3a5ad@group-D94D13A65752-SegmentedRaftLogWorker: safeCacheEvictIndex: setUnconditionally 0 -> -1
2023-08-28 09:34:55,220 [a19c494f-397f-4b39-bf2c-38c439f3a5ad-groupManagement] INFO  server.RaftServer$Division (RaftServerImpl.java:start(342)) - a19c494f-397f-4b39-bf2c-38c439f3a5ad@group-D94D13A65752: start as a follower, conf=-1: peers:[a19c494f-397f-4b39-bf2c-38c439f3a5ad|rpc:10.1.0.27:15200|admin:10.1.0.27:15199|client:10.1.0.27:15198|dataStream:10.1.0.27:15201|priority:1|startupRole:FOLLOWER]|listeners:[], old=null
2023-08-28 09:34:55,220 [a19c494f-397f-4b39-bf2c-38c439f3a5ad-groupManagement] INFO  server.RaftServer$Division (RaftServerImpl.java:setRole(329)) - a19c494f-397f-4b39-bf2c-38c439f3a5ad@group-D94D13A65752: changes role from      null to FOLLOWER at term 0 for startAsFollower
2023-08-28 09:34:55,220 [a19c494f-397f-4b39-bf2c-38c439f3a5ad-groupManagement] INFO  impl.RoleInfo (RoleInfo.java:updateAndGet(139)) - a19c494f-397f-4b39-bf2c-38c439f3a5ad: start a19c494f-397f-4b39-bf2c-38c439f3a5ad@group-D94D13A65752-FollowerState
2023-08-28 09:34:55,220 [a19c494f-397f-4b39-bf2c-38c439f3a5ad-groupManagement] INFO  util.JmxRegister (JmxRegister.java:tryRegister(44)) - Successfully registered JMX Bean with object name Ratis:service=RaftServer,group=group-D94D13A65752,id=a19c494f-397f-4b39-bf2c-38c439f3a5ad
2023-08-28 09:34:55,220 [a19c494f-397f-4b39-bf2c-38c439f3a5ad@group-D94D13A65752-FollowerState] INFO  server.RaftServerConfigKeys (ConfUtils.java:logFallback(53)) - raft.server.rpc.first-election.timeout.min = 5s (fallback to raft.server.rpc.timeout.min)
2023-08-28 09:34:55,220 [a19c494f-397f-4b39-bf2c-38c439f3a5ad-groupManagement] INFO  server.RaftServerConfigKeys (ConfUtils.java:logGet(46)) - raft.server.snapshot.auto.trigger.enabled = true (custom)
2023-08-28 09:34:55,220 [a19c494f-397f-4b39-bf2c-38c439f3a5ad@group-D94D13A65752-FollowerState] INFO  server.RaftServerConfigKeys (ConfUtils.java:logFallback(53)) - raft.server.rpc.first-election.timeout.max = 5200ms (fallback to raft.server.rpc.timeout.max)
2023-08-28 09:34:55,220 [a19c494f-397f-4b39-bf2c-38c439f3a5ad-groupManagement] INFO  server.RaftServerConfigKeys (ConfUtils.java:logGet(46)) - raft.server.snapshot.auto.trigger.threshold = 10000 (custom)
2023-08-28 09:34:55,221 [a19c494f-397f-4b39-bf2c-38c439f3a5ad-groupManagement] INFO  server.RaftServerConfigKeys (ConfUtils.java:logGet(46)) - raft.server.snapshot.retention.file.num = 5 (custom)
2023-08-28 09:34:55,221 [a19c494f-397f-4b39-bf2c-38c439f3a5ad-groupManagement] INFO  server.RaftServerConfigKeys (ConfUtils.java:logGet(46)) - raft.server.log.purge.upto.snapshot.index = false (default)
2023-08-28 09:34:55,221 [PipelineCommandHandlerThread-0] INFO  ratis.XceiverServerRatis (XceiverServerRatis.java:addGroup(804)) - Created group PipelineID=2aafa158-bab3-4616-8d7f-d94d13a65752
2023-08-28 09:34:55,221 [PipelineCommandHandlerThread-0] INFO  commandhandler.CreatePipelineCommandHandler (CreatePipelineCommandHandler.java:lambda$handle$2(124)) - Created Pipeline RATIS ONE PipelineID=2aafa158-bab3-4616-8d7f-d94d13a65752.
2023-08-28 09:34:55,493 [PipelineCommandHandlerThread-0] INFO  server.RaftServer (RaftServerProxy.java:addNew(98)) - 420b2733-082d-40f5-8baf-45346d279295: addNew group-617769D5E320:[420b2733-082d-40f5-8baf-45346d279295|rpc:10.1.0.27:15209|admin:10.1.0.27:15208|client:10.1.0.27:15207|dataStream:10.1.0.27:15210|priority:1|startupRole:FOLLOWER] returns group-617769D5E320:java.util.concurrent.CompletableFuture@1f256010[Not completed]
2023-08-28 09:34:55,496 [420b2733-082d-40f5-8baf-45346d279295-groupManagement] INFO  server.RaftServer$Division (RaftServerImpl.java:<init>(198)) - 420b2733-082d-40f5-8baf-45346d279295: new RaftServerImpl for group-617769D5E320:[420b2733-082d-40f5-8baf-45346d279295|rpc:10.1.0.27:15209|admin:10.1.0.27:15208|client:10.1.0.27:15207|dataStream:10.1.0.27:15210|priority:1|startupRole:FOLLOWER] with ContainerStateMachine:uninitialized
2023-08-28 09:34:55,496 [420b2733-082d-40f5-8baf-45346d279295-groupManagement] INFO  server.RaftServerConfigKeys (ConfUtils.java:logGet(46)) - raft.server.rpc.timeout.min = 5s (custom)
2023-08-28 09:34:55,496 [420b2733-082d-40f5-8baf-45346d279295-groupManagement] INFO  server.RaftServerConfigKeys (ConfUtils.java:logGet(46)) - raft.server.rpc.timeout.max = 5200ms (custom)
2023-08-28 09:34:55,496 [420b2733-082d-40f5-8baf-45346d279295-groupManagement] INFO  server.RaftServerConfigKeys (ConfUtils.java:logGet(46)) - raft.server.rpc.sleep.time = 25ms (default)
2023-08-28 09:34:55,496 [420b2733-082d-40f5-8baf-45346d279295-groupManagement] INFO  server.RaftServerConfigKeys (ConfUtils.java:logGet(46)) - raft.server.rpc.slowness.timeout = 300s (custom)
2023-08-28 09:34:55,496 [420b2733-082d-40f5-8baf-45346d279295-groupManagement] INFO  server.RaftServerConfigKeys (ConfUtils.java:logGet(46)) - raft.server.leaderelection.leader.step-down.wait-time = 10s (default)
2023-08-28 09:34:55,496 [420b2733-082d-40f5-8baf-45346d279295-groupManagement] INFO  server.RaftServerConfigKeys (ConfUtils.java:logGet(46)) - raft.server.sleep.deviation.threshold = 300ms (default)
2023-08-28 09:34:55,496 [420b2733-082d-40f5-8baf-45346d279295-groupManagement] INFO  server.RaftServer$Division (ServerState.java:<init>(120)) - 420b2733-082d-40f5-8baf-45346d279295@group-617769D5E320: ConfigurationManager, init=-1: peers:[420b2733-082d-40f5-8baf-45346d279295|rpc:10.1.0.27:15209|admin:10.1.0.27:15208|client:10.1.0.27:15207|dataStream:10.1.0.27:15210|priority:1|startupRole:FOLLOWER]|listeners:[], old=null, confs=<EMPTY_MAP>
2023-08-28 09:34:55,496 [420b2733-082d-40f5-8baf-45346d279295-groupManagement] INFO  server.RaftServerConfigKeys (ConfUtils.java:logGet(46)) - raft.server.storage.dir = [/home/runner/work/ozone/ozone/hadoop-ozone/integration-test/target/test-dir/MiniOzoneClusterImpl-b3d20441-1363-4d90-8b75-dcc1ba5546e4/datanode-4/data/ratis] (custom)
2023-08-28 09:34:55,497 [420b2733-082d-40f5-8baf-45346d279295-groupManagement] INFO  server.RaftServerConfigKeys (ConfUtils.java:logGet(46)) - raft.server.log.corruption.policy = EXCEPTION (default)
2023-08-28 09:34:55,497 [420b2733-082d-40f5-8baf-45346d279295-groupManagement] INFO  server.RaftServerConfigKeys (ConfUtils.java:logGet(46)) - raft.server.storage.free-space.min = 0MB (=0) (default)
2023-08-28 09:34:55,497 [420b2733-082d-40f5-8baf-45346d279295-groupManagement] INFO  server.RaftServerConfigKeys (ConfUtils.java:logGet(46)) - raft.server.notification.no-leader.timeout = 300s (custom)
2023-08-28 09:34:55,497 [420b2733-082d-40f5-8baf-45346d279295-groupManagement] INFO  server.RaftServerConfigKeys (ConfUtils.java:logGet(46)) - raft.server.read.timeout = 10s (default)
2023-08-28 09:34:55,497 [420b2733-082d-40f5-8baf-45346d279295-groupManagement] INFO  server.RaftServerConfigKeys (ConfUtils.java:logGet(46)) - raft.server.retrycache.expirytime = 600000ms (custom)
2023-08-28 09:34:55,497 [420b2733-082d-40f5-8baf-45346d279295-groupManagement] INFO  server.RaftServerConfigKeys (ConfUtils.java:logGet(46)) - raft.server.retrycache.statistics.expirytime = 100μs (default)
2023-08-28 09:34:55,497 [main] INFO  ozone.MiniOzoneClusterImpl (MiniOzoneClusterImpl.java:lambda$waitForClusterToBeReady$0(224)) - Nodes are ready. Got 5 of 5 DN Heartbeats.
2023-08-28 09:34:55,497 [main] INFO  ozone.MiniOzoneClusterImpl (MiniOzoneClusterImpl.java:lambda$waitForClusterToBeReady$0(227)) - Waiting for cluster to exit safe mode
2023-08-28 09:34:55,497 [main] INFO  ozone.MiniOzoneClusterImpl (MiniOzoneClusterImpl.java:lambda$waitForClusterToBeReady$0(229)) - SCM became leader
2023-08-28 09:34:55,497 [420b2733-082d-40f5-8baf-45346d279295-groupManagement] INFO  server.RaftServerConfigKeys (ConfUtils.java:logGet(46)) - raft.server.read.option = DEFAULT (default)
2023-08-28 09:34:55,498 [420b2733-082d-40f5-8baf-45346d279295-groupManagement] INFO  server.RaftServerConfigKeys (ConfUtils.java:logGet(46)) - raft.server.rpc.request.timeout = 60s (custom)
2023-08-28 09:34:55,498 [420b2733-082d-40f5-8baf-45346d279295-groupManagement] INFO  server.RaftServerConfigKeys (ConfUtils.java:logGet(46)) - raft.server.log.appender.install.snapshot.enabled = false (custom)
2023-08-28 09:34:55,498 [420b2733-082d-40f5-8baf-45346d279295-groupManagement] INFO  server.RaftServerConfigKeys (ConfUtils.java:logGet(46)) - raft.server.threadpool.server.cached = true (default)
2023-08-28 09:34:55,498 [420b2733-082d-40f5-8baf-45346d279295-groupManagement] INFO  server.RaftServerConfigKeys (ConfUtils.java:logGet(46)) - raft.server.threadpool.server.size = 0 (default)
2023-08-28 09:34:55,498 [420b2733-082d-40f5-8baf-45346d279295-groupManagement] INFO  server.RaftServerConfigKeys (ConfUtils.java:logGet(46)) - raft.server.threadpool.client.cached = true (default)
2023-08-28 09:34:55,498 [420b2733-082d-40f5-8baf-45346d279295-groupManagement] INFO  server.RaftServerConfigKeys (ConfUtils.java:logGet(46)) - raft.server.threadpool.client.size = 0 (default)
2023-08-28 09:34:55,498 [420b2733-082d-40f5-8baf-45346d279295-groupManagement] INFO  storage.RaftStorageDirectory (RaftStorageDirectoryImpl.java:analyzeStorage(137)) - The storage directory /home/runner/work/ozone/ozone/hadoop-ozone/integration-test/target/test-dir/MiniOzoneClusterImpl-b3d20441-1363-4d90-8b75-dcc1ba5546e4/datanode-4/data/ratis/ec7ac682-b865-4905-909a-617769d5e320 does not exist. Creating ...
2023-08-28 09:34:55,500 [420b2733-082d-40f5-8baf-45346d279295-groupManagement] INFO  storage.RaftStorageDirectory (RaftStorageDirectoryImpl.java:tryLock(231)) - Lock on /home/runner/work/ozone/ozone/hadoop-ozone/integration-test/target/test-dir/MiniOzoneClusterImpl-b3d20441-1363-4d90-8b75-dcc1ba5546e4/datanode-4/data/ratis/ec7ac682-b865-4905-909a-617769d5e320/in_use.lock acquired by nodename 61172@fv-az625-77
2023-08-28 09:34:55,501 [420b2733-082d-40f5-8baf-45346d279295-groupManagement] INFO  storage.RaftStorage (RaftStorageImpl.java:format(96)) - Storage directory /home/runner/work/ozone/ozone/hadoop-ozone/integration-test/target/test-dir/MiniOzoneClusterImpl-b3d20441-1363-4d90-8b75-dcc1ba5546e4/datanode-4/data/ratis/ec7ac682-b865-4905-909a-617769d5e320 has been successfully formatted.
2023-08-28 09:34:55,504 [420b2733-082d-40f5-8baf-45346d279295-groupManagement] INFO  ratis.ContainerStateMachine (ContainerStateMachine.java:loadSnapshot(262)) - group-617769D5E320: The snapshot info is null. Setting the last applied indexto:(t:0, i:~)
2023-08-28 09:34:55,505 [420b2733-082d-40f5-8baf-45346d279295-groupManagement] INFO  server.RaftServerConfigKeys (ConfUtils.java:logGet(46)) - raft.server.log.use.memory = false (default)
2023-08-28 09:34:55,505 [420b2733-082d-40f5-8baf-45346d279295-groupManagement] INFO  server.RaftServerConfigKeys (ConfUtils.java:logGet(46)) - raft.server.log.purge.gap = 1000000 (custom)
2023-08-28 09:34:55,506 [EventQueue-PipelineReportForPipelineReportHandler] INFO  pipeline.PipelineReportHandler (PipelineReportHandler.java:processPipelineReport(136)) - Opened pipeline PipelineID=ec7ac682-b865-4905-909a-617769d5e320
2023-08-28 09:34:55,506 [420b2733-082d-40f5-8baf-45346d279295-groupManagement] INFO  server.RaftServerConfigKeys (ConfUtils.java:logGet(46)) - raft.server.log.appender.buffer.byte-limit = 33554432 (custom)
2023-08-28 09:34:55,506 [EventQueue-OpenPipelineForHealthyPipelineSafeModeRule] INFO  safemode.SCMSafeModeManager (HealthyPipelineSafeModeRule.java:process(137)) - SCM in safe mode. Healthy pipelines reported count is 0, required healthy pipeline reported count is 1
2023-08-28 09:34:55,506 [420b2733-082d-40f5-8baf-45346d279295-groupManagement] INFO  server.RaftServerConfigKeys (ConfUtils.java:logGet(46)) - raft.server.log.statemachine.data.read.timeout = 1000ms (default)
2023-08-28 09:34:55,506 [420b2733-082d-40f5-8baf-45346d279295-groupManagement] INFO  server.RaftServerConfigKeys (ConfUtils.java:logGet(46)) - raft.server.log.purge.preservation.log.num = 0 (default)
2023-08-28 09:34:55,507 [420b2733-082d-40f5-8baf-45346d279295-groupManagement] INFO  server.RaftServerConfigKeys (ConfUtils.java:logGet(46)) - raft.server.log.segment.size.max = 1048576 (custom)
2023-08-28 09:34:55,507 [420b2733-082d-40f5-8baf-45346d279295-groupManagement] INFO  server.RaftServerConfigKeys (ConfUtils.java:logGet(46)) - raft.server.log.segment.cache.num.max = 2 (custom)
2023-08-28 09:34:55,507 [420b2733-082d-40f5-8baf-45346d279295-groupManagement] INFO  server.RaftServerConfigKeys (ConfUtils.java:logGet(46)) - raft.server.log.segment.cache.size.max = 200MB (=209715200) (default)
2023-08-28 09:34:55,507 [420b2733-082d-40f5-8baf-45346d279295-groupManagement] INFO  server.RaftServerConfigKeys (ConfUtils.java:logGet(46)) - raft.server.log.appender.buffer.byte-limit = 33554432 (custom)
2023-08-28 09:34:55,507 [420b2733-082d-40f5-8baf-45346d279295-groupManagement] INFO  segmented.SegmentedRaftLogWorker (SegmentedRaftLogWorker.java:<init>(188)) - new 420b2733-082d-40f5-8baf-45346d279295@group-617769D5E320-SegmentedRaftLogWorker for RaftStorageImpl:Storage Directory /home/runner/work/ozone/ozone/hadoop-ozone/integration-test/target/test-dir/MiniOzoneClusterImpl-b3d20441-1363-4d90-8b75-dcc1ba5546e4/datanode-4/data/ratis/ec7ac682-b865-4905-909a-617769d5e320
2023-08-28 09:34:55,507 [420b2733-082d-40f5-8baf-45346d279295-groupManagement] INFO  server.RaftServerConfigKeys (ConfUtils.java:logGet(46)) - raft.server.log.queue.byte-limit = 4294967296 (custom)
2023-08-28 09:34:55,507 [420b2733-082d-40f5-8baf-45346d279295-groupManagement] INFO  server.RaftServerConfigKeys (ConfUtils.java:logGet(46)) - raft.server.log.queue.element-limit = 1024 (custom)
2023-08-28 09:34:55,507 [420b2733-082d-40f5-8baf-45346d279295-groupManagement] INFO  server.RaftServerConfigKeys (ConfUtils.java:logGet(46)) - raft.server.log.segment.size.max = 1048576 (custom)
2023-08-28 09:34:55,507 [420b2733-082d-40f5-8baf-45346d279295-groupManagement] INFO  server.RaftServerConfigKeys (ConfUtils.java:logGet(46)) - raft.server.log.preallocated.size = 16384 (custom)
2023-08-28 09:34:55,507 [420b2733-082d-40f5-8baf-45346d279295-groupManagement] INFO  server.RaftServerConfigKeys (ConfUtils.java:logGet(46)) - raft.server.log.force.sync.num = 128 (default)
2023-08-28 09:34:55,507 [420b2733-082d-40f5-8baf-45346d279295-groupManagement] INFO  server.RaftServerConfigKeys (ConfUtils.java:logGet(46)) - raft.server.log.statemachine.data.sync = true (default)
2023-08-28 09:34:55,507 [420b2733-082d-40f5-8baf-45346d279295-groupManagement] INFO  server.RaftServerConfigKeys (ConfUtils.java:logGet(46)) - raft.server.log.statemachine.data.sync.timeout = 10s (default)
2023-08-28 09:34:55,507 [420b2733-082d-40f5-8baf-45346d279295-groupManagement] INFO  server.RaftServerConfigKeys (ConfUtils.java:logGet(46)) - raft.server.log.statemachine.data.sync.timeout.retry = -1 (default)
2023-08-28 09:34:55,508 [420b2733-082d-40f5-8baf-45346d279295-groupManagement] INFO  server.RaftServerConfigKeys (ConfUtils.java:logGet(46)) - raft.server.log.write.buffer.size = 1048576 (custom)
2023-08-28 09:34:55,508 [420b2733-082d-40f5-8baf-45346d279295-groupManagement] INFO  server.RaftServerConfigKeys (ConfUtils.java:logGet(46)) - raft.server.log.appender.buffer.byte-limit = 33554432 (custom)
2023-08-28 09:34:55,513 [420b2733-082d-40f5-8baf-45346d279295-groupManagement] INFO  server.RaftServerConfigKeys (ConfUtils.java:logGet(46)) - raft.server.log.unsafe-flush.enabled = false (default)
2023-08-28 09:34:55,513 [420b2733-082d-40f5-8baf-45346d279295-groupManagement] INFO  server.RaftServerConfigKeys (ConfUtils.java:logGet(46)) - raft.server.log.async-flush.enabled = false (default)
2023-08-28 09:34:55,513 [420b2733-082d-40f5-8baf-45346d279295-groupManagement] INFO  server.RaftServerConfigKeys (ConfUtils.java:logGet(46)) - raft.server.log.statemachine.data.caching.enabled = true (custom)
2023-08-28 09:34:55,513 [420b2733-082d-40f5-8baf-45346d279295-groupManagement] INFO  segmented.SegmentedRaftLogWorker (SegmentedRaftLogWorker.java:lambda$new$0(135)) - 420b2733-082d-40f5-8baf-45346d279295@group-617769D5E320-SegmentedRaftLogWorker: flushIndex: setUnconditionally 0 -> -1
2023-08-28 09:34:55,513 [420b2733-082d-40f5-8baf-45346d279295-groupManagement] INFO  segmented.SegmentedRaftLogWorker (SegmentedRaftLogWorker.java:lambda$new$0(135)) - 420b2733-082d-40f5-8baf-45346d279295@group-617769D5E320-SegmentedRaftLogWorker: safeCacheEvictIndex: setUnconditionally 0 -> -1
2023-08-28 09:34:55,513 [420b2733-082d-40f5-8baf-45346d279295-groupManagement] INFO  server.RaftServer$Division (RaftServerImpl.java:start(342)) - 420b2733-082d-40f5-8baf-45346d279295@group-617769D5E320: start as a follower, conf=-1: peers:[420b2733-082d-40f5-8baf-45346d279295|rpc:10.1.0.27:15209|admin:10.1.0.27:15208|client:10.1.0.27:15207|dataStream:10.1.0.27:15210|priority:1|startupRole:FOLLOWER]|listeners:[], old=null
2023-08-28 09:34:55,513 [420b2733-082d-40f5-8baf-45346d279295-groupManagement] INFO  server.RaftServer$Division (RaftServerImpl.java:setRole(329)) - 420b2733-082d-40f5-8baf-45346d279295@group-617769D5E320: changes role from      null to FOLLOWER at term 0 for startAsFollower
2023-08-28 09:34:55,513 [420b2733-082d-40f5-8baf-45346d279295-groupManagement] INFO  impl.RoleInfo (RoleInfo.java:updateAndGet(139)) - 420b2733-082d-40f5-8baf-45346d279295: start 420b2733-082d-40f5-8baf-45346d279295@group-617769D5E320-FollowerState
2023-08-28 09:34:55,514 [420b2733-082d-40f5-8baf-45346d279295@group-617769D5E320-FollowerState] INFO  server.RaftServerConfigKeys (ConfUtils.java:logFallback(53)) - raft.server.rpc.first-election.timeout.min = 5s (fallback to raft.server.rpc.timeout.min)
2023-08-28 09:34:55,514 [420b2733-082d-40f5-8baf-45346d279295-groupManagement] INFO  util.JmxRegister (JmxRegister.java:tryRegister(44)) - Successfully registered JMX Bean with object name Ratis:service=RaftServer,group=group-617769D5E320,id=420b2733-082d-40f5-8baf-45346d279295
2023-08-28 09:34:55,514 [420b2733-082d-40f5-8baf-45346d279295@group-617769D5E320-FollowerState] INFO  server.RaftServerConfigKeys (ConfUtils.java:logFallback(53)) - raft.server.rpc.first-election.timeout.max = 5200ms (fallback to raft.server.rpc.timeout.max)
2023-08-28 09:34:55,514 [420b2733-082d-40f5-8baf-45346d279295-groupManagement] INFO  server.RaftServerConfigKeys (ConfUtils.java:logGet(46)) - raft.server.snapshot.auto.trigger.enabled = true (custom)
2023-08-28 09:34:55,514 [420b2733-082d-40f5-8baf-45346d279295-groupManagement] INFO  server.RaftServerConfigKeys (ConfUtils.java:logGet(46)) - raft.server.snapshot.auto.trigger.threshold = 10000 (custom)
2023-08-28 09:34:55,514 [420b2733-082d-40f5-8baf-45346d279295-groupManagement] INFO  server.RaftServerConfigKeys (ConfUtils.java:logGet(46)) - raft.server.snapshot.retention.file.num = 5 (custom)
2023-08-28 09:34:55,514 [420b2733-082d-40f5-8baf-45346d279295-groupManagement] INFO  server.RaftServerConfigKeys (ConfUtils.java:logGet(46)) - raft.server.log.purge.upto.snapshot.index = false (default)
2023-08-28 09:34:55,514 [PipelineCommandHandlerThread-0] INFO  ratis.XceiverServerRatis (XceiverServerRatis.java:addGroup(804)) - Created group PipelineID=ec7ac682-b865-4905-909a-617769d5e320
2023-08-28 09:34:55,514 [PipelineCommandHandlerThread-0] INFO  commandhandler.CreatePipelineCommandHandler (CreatePipelineCommandHandler.java:lambda$handle$2(124)) - Created Pipeline RATIS ONE PipelineID=ec7ac682-b865-4905-909a-617769d5e320.
2023-08-28 09:34:56,497 [main] INFO  ozone.MiniOzoneClusterImpl (MiniOzoneClusterImpl.java:lambda$waitForClusterToBeReady$0(224)) - Nodes are ready. Got 5 of 5 DN Heartbeats.
2023-08-28 09:34:56,498 [main] INFO  ozone.MiniOzoneClusterImpl (MiniOzoneClusterImpl.java:lambda$waitForClusterToBeReady$0(227)) - Waiting for cluster to exit safe mode
2023-08-28 09:34:56,498 [main] INFO  ozone.MiniOzoneClusterImpl (MiniOzoneClusterImpl.java:lambda$waitForClusterToBeReady$0(229)) - SCM became leader
2023-08-28 09:34:57,498 [main] INFO  ozone.MiniOzoneClusterImpl (MiniOzoneClusterImpl.java:lambda$waitForClusterToBeReady$0(224)) - Nodes are ready. Got 5 of 5 DN Heartbeats.
2023-08-28 09:34:57,498 [main] INFO  ozone.MiniOzoneClusterImpl (MiniOzoneClusterImpl.java:lambda$waitForClusterToBeReady$0(227)) - Waiting for cluster to exit safe mode
2023-08-28 09:34:57,498 [main] INFO  ozone.MiniOzoneClusterImpl (MiniOzoneClusterImpl.java:lambda$waitForClusterToBeReady$0(229)) - SCM became leader
2023-08-28 09:34:58,499 [main] INFO  ozone.MiniOzoneClusterImpl (MiniOzoneClusterImpl.java:lambda$waitForClusterToBeReady$0(224)) - Nodes are ready. Got 5 of 5 DN Heartbeats.
2023-08-28 09:34:58,499 [main] INFO  ozone.MiniOzoneClusterImpl (MiniOzoneClusterImpl.java:lambda$waitForClusterToBeReady$0(227)) - Waiting for cluster to exit safe mode
2023-08-28 09:34:58,499 [main] INFO  ozone.MiniOzoneClusterImpl (MiniOzoneClusterImpl.java:lambda$waitForClusterToBeReady$0(229)) - SCM became leader
2023-08-28 09:34:59,406 [ef3a886b-561e-496b-b271-3b32784cf0be@group-3FA8C06DFFC7-FollowerState] INFO  impl.FollowerState (FollowerState.java:run(143)) - ef3a886b-561e-496b-b271-3b32784cf0be@group-3FA8C06DFFC7-FollowerState: change to CANDIDATE, lastRpcElapsedTime:5013867237ns, electionTimeout:5009ms
2023-08-28 09:34:59,406 [ef3a886b-561e-496b-b271-3b32784cf0be@group-3FA8C06DFFC7-FollowerState] INFO  impl.RoleInfo (RoleInfo.java:shutdownFollowerState(110)) - ef3a886b-561e-496b-b271-3b32784cf0be: shutdown ef3a886b-561e-496b-b271-3b32784cf0be@group-3FA8C06DFFC7-FollowerState
2023-08-28 09:34:59,406 [ef3a886b-561e-496b-b271-3b32784cf0be@group-3FA8C06DFFC7-FollowerState] INFO  server.RaftServer$Division (RaftServerImpl.java:setRole(329)) - ef3a886b-561e-496b-b271-3b32784cf0be@group-3FA8C06DFFC7: changes role from  FOLLOWER to CANDIDATE at term 0 for changeToCandidate
2023-08-28 09:34:59,406 [ef3a886b-561e-496b-b271-3b32784cf0be@group-3FA8C06DFFC7-FollowerState] INFO  server.RaftServerConfigKeys (ConfUtils.java:logGet(46)) - raft.server.leaderelection.pre-vote = true (default)
2023-08-28 09:34:59,406 [ef3a886b-561e-496b-b271-3b32784cf0be@group-3FA8C06DFFC7-FollowerState] INFO  impl.RoleInfo (RoleInfo.java:updateAndGet(139)) - ef3a886b-561e-496b-b271-3b32784cf0be: start ef3a886b-561e-496b-b271-3b32784cf0be@group-3FA8C06DFFC7-LeaderElection31
2023-08-28 09:34:59,409 [ef3a886b-561e-496b-b271-3b32784cf0be@group-3FA8C06DFFC7-LeaderElection31] INFO  impl.LeaderElection (LeaderElection.java:askForVotes(321)) - ef3a886b-561e-496b-b271-3b32784cf0be@group-3FA8C06DFFC7-LeaderElection31 PRE_VOTE round 0: submit vote requests at term 0 for -1: peers:[2121e5cf-c9a2-43bb-b1d5-56f983d54b52|rpc:10.1.0.27:15191|admin:10.1.0.27:15190|client:10.1.0.27:15189|dataStream:10.1.0.27:15192|priority:0|startupRole:FOLLOWER, 269fa438-bc78-433d-911d-e020a0e24055|rpc:10.1.0.27:15182|admin:10.1.0.27:15181|client:10.1.0.27:15180|dataStream:10.1.0.27:15183|priority:0|startupRole:FOLLOWER, ef3a886b-561e-496b-b271-3b32784cf0be|rpc:10.1.0.27:15173|admin:10.1.0.27:15172|client:10.1.0.27:15171|dataStream:10.1.0.27:15174|priority:1|startupRole:FOLLOWER]|listeners:[], old=null
2023-08-28 09:34:59,410 [ef3a886b-561e-496b-b271-3b32784cf0be@group-3FA8C06DFFC7-LeaderElection31] INFO  server.RaftServerConfigKeys (ConfUtils.java:logFallback(53)) - raft.server.rpc.first-election.timeout.min = 5s (fallback to raft.server.rpc.timeout.min)
2023-08-28 09:34:59,410 [ef3a886b-561e-496b-b271-3b32784cf0be@group-3FA8C06DFFC7-LeaderElection31-1] INFO  server.GrpcServerProtocolClient (GrpcServerProtocolClient.java:<init>(65)) - Build channel for 2121e5cf-c9a2-43bb-b1d5-56f983d54b52
2023-08-28 09:34:59,410 [ef3a886b-561e-496b-b271-3b32784cf0be@group-3FA8C06DFFC7-LeaderElection31] INFO  server.RaftServerConfigKeys (ConfUtils.java:logFallback(53)) - raft.server.rpc.first-election.timeout.max = 5200ms (fallback to raft.server.rpc.timeout.max)
2023-08-28 09:34:59,410 [ef3a886b-561e-496b-b271-3b32784cf0be@group-3FA8C06DFFC7-LeaderElection31-2] INFO  server.GrpcServerProtocolClient (GrpcServerProtocolClient.java:<init>(65)) - Build channel for 269fa438-bc78-433d-911d-e020a0e24055
2023-08-28 09:34:59,419 [grpc-default-executor-0] INFO  server.RaftServer$Division (RaftServerImpl.java:requestVote(1302)) - 2121e5cf-c9a2-43bb-b1d5-56f983d54b52@group-3FA8C06DFFC7: receive requestVote(PRE_VOTE, ef3a886b-561e-496b-b271-3b32784cf0be, group-3FA8C06DFFC7, 0, (t:0, i:0))
2023-08-28 09:34:59,420 [grpc-default-executor-0] INFO  impl.VoteContext (VoteContext.java:log(49)) - 2121e5cf-c9a2-43bb-b1d5-56f983d54b52@group-3FA8C06DFFC7-FOLLOWER: accept PRE_VOTE from ef3a886b-561e-496b-b271-3b32784cf0be: our priority 0 <= candidate's priority 1
2023-08-28 09:34:59,420 [grpc-default-executor-0] INFO  server.RaftServer$Division (RaftServerImpl.java:requestVote(1335)) - 2121e5cf-c9a2-43bb-b1d5-56f983d54b52@group-3FA8C06DFFC7 replies to PRE_VOTE vote request: ef3a886b-561e-496b-b271-3b32784cf0be<-2121e5cf-c9a2-43bb-b1d5-56f983d54b52#0:OK-t0. Peer's state: 2121e5cf-c9a2-43bb-b1d5-56f983d54b52@group-3FA8C06DFFC7:t0, leader=null, voted=, raftlog=Memoized:2121e5cf-c9a2-43bb-b1d5-56f983d54b52@group-3FA8C06DFFC7-SegmentedRaftLog:OPENED:c-1, conf=-1: peers:[2121e5cf-c9a2-43bb-b1d5-56f983d54b52|rpc:10.1.0.27:15191|admin:10.1.0.27:15190|client:10.1.0.27:15189|dataStream:10.1.0.27:15192|priority:0|startupRole:FOLLOWER, 269fa438-bc78-433d-911d-e020a0e24055|rpc:10.1.0.27:15182|admin:10.1.0.27:15181|client:10.1.0.27:15180|dataStream:10.1.0.27:15183|priority:0|startupRole:FOLLOWER, ef3a886b-561e-496b-b271-3b32784cf0be|rpc:10.1.0.27:15173|admin:10.1.0.27:15172|client:10.1.0.27:15171|dataStream:10.1.0.27:15174|priority:1|startupRole:FOLLOWER]|listeners:[], old=null
2023-08-28 09:34:59,421 [ef3a886b-561e-496b-b271-3b32784cf0be@group-3FA8C06DFFC7-LeaderElection31] INFO  impl.LeaderElection (LeaderElection.java:logAndReturn(90)) - ef3a886b-561e-496b-b271-3b32784cf0be@group-3FA8C06DFFC7-LeaderElection31: PRE_VOTE PASSED received 1 response(s) and 0 exception(s):
2023-08-28 09:34:59,421 [ef3a886b-561e-496b-b271-3b32784cf0be@group-3FA8C06DFFC7-LeaderElection31] INFO  impl.LeaderElection (LeaderElection.java:logAndReturn(94)) -   Response 0: ef3a886b-561e-496b-b271-3b32784cf0be<-2121e5cf-c9a2-43bb-b1d5-56f983d54b52#0:OK-t0
2023-08-28 09:34:59,421 [ef3a886b-561e-496b-b271-3b32784cf0be@group-3FA8C06DFFC7-LeaderElection31] INFO  impl.LeaderElection (LeaderElection.java:askForVotes(323)) - ef3a886b-561e-496b-b271-3b32784cf0be@group-3FA8C06DFFC7-LeaderElection31 PRE_VOTE round 0: result PASSED
2023-08-28 09:34:59,423 [ef3a886b-561e-496b-b271-3b32784cf0be@group-3FA8C06DFFC7-LeaderElection31] INFO  impl.LeaderElection (LeaderElection.java:askForVotes(321)) - ef3a886b-561e-496b-b271-3b32784cf0be@group-3FA8C06DFFC7-LeaderElection31 ELECTION round 0: submit vote requests at term 1 for -1: peers:[2121e5cf-c9a2-43bb-b1d5-56f983d54b52|rpc:10.1.0.27:15191|admin:10.1.0.27:15190|client:10.1.0.27:15189|dataStream:10.1.0.27:15192|priority:0|startupRole:FOLLOWER, 269fa438-bc78-433d-911d-e020a0e24055|rpc:10.1.0.27:15182|admin:10.1.0.27:15181|client:10.1.0.27:15180|dataStream:10.1.0.27:15183|priority:0|startupRole:FOLLOWER, ef3a886b-561e-496b-b271-3b32784cf0be|rpc:10.1.0.27:15173|admin:10.1.0.27:15172|client:10.1.0.27:15171|dataStream:10.1.0.27:15174|priority:1|startupRole:FOLLOWER]|listeners:[], old=null
2023-08-28 09:34:59,424 [ef3a886b-561e-496b-b271-3b32784cf0be@group-3FA8C06DFFC7-LeaderElection31] INFO  server.RaftServerConfigKeys (ConfUtils.java:logFallback(53)) - raft.server.rpc.first-election.timeout.min = 5s (fallback to raft.server.rpc.timeout.min)
2023-08-28 09:34:59,424 [ef3a886b-561e-496b-b271-3b32784cf0be@group-3FA8C06DFFC7-LeaderElection31] INFO  server.RaftServerConfigKeys (ConfUtils.java:logFallback(53)) - raft.server.rpc.first-election.timeout.max = 5200ms (fallback to raft.server.rpc.timeout.max)
2023-08-28 09:34:59,425 [grpc-default-executor-0] INFO  server.RaftServer$Division (RaftServerImpl.java:requestVote(1302)) - 2121e5cf-c9a2-43bb-b1d5-56f983d54b52@group-3FA8C06DFFC7: receive requestVote(ELECTION, ef3a886b-561e-496b-b271-3b32784cf0be, group-3FA8C06DFFC7, 1, (t:0, i:0))
2023-08-28 09:34:59,425 [grpc-default-executor-0] INFO  impl.VoteContext (VoteContext.java:log(49)) - 2121e5cf-c9a2-43bb-b1d5-56f983d54b52@group-3FA8C06DFFC7-FOLLOWER: accept ELECTION from ef3a886b-561e-496b-b271-3b32784cf0be: our priority 0 <= candidate's priority 1
2023-08-28 09:34:59,425 [grpc-default-executor-0] INFO  server.RaftServer$Division (RaftServerImpl.java:setRole(329)) - 2121e5cf-c9a2-43bb-b1d5-56f983d54b52@group-3FA8C06DFFC7: changes role from  FOLLOWER to FOLLOWER at term 1 for candidate:ef3a886b-561e-496b-b271-3b32784cf0be
2023-08-28 09:34:59,425 [grpc-default-executor-0] INFO  impl.RoleInfo (RoleInfo.java:shutdownFollowerState(110)) - 2121e5cf-c9a2-43bb-b1d5-56f983d54b52: shutdown 2121e5cf-c9a2-43bb-b1d5-56f983d54b52@group-3FA8C06DFFC7-FollowerState
2023-08-28 09:34:59,432 [grpc-default-executor-0] INFO  impl.RoleInfo (RoleInfo.java:updateAndGet(139)) - 2121e5cf-c9a2-43bb-b1d5-56f983d54b52: start 2121e5cf-c9a2-43bb-b1d5-56f983d54b52@group-3FA8C06DFFC7-FollowerState
2023-08-28 09:34:59,432 [2121e5cf-c9a2-43bb-b1d5-56f983d54b52@group-3FA8C06DFFC7-FollowerState] INFO  impl.FollowerState (FollowerState.java:run(152)) - 2121e5cf-c9a2-43bb-b1d5-56f983d54b52@group-3FA8C06DFFC7-FollowerState was interrupted
2023-08-28 09:34:59,432 [grpc-default-executor-1] INFO  server.RaftServer$Division (RaftServerImpl.java:requestVote(1302)) - 269fa438-bc78-433d-911d-e020a0e24055@group-3FA8C06DFFC7: receive requestVote(PRE_VOTE, ef3a886b-561e-496b-b271-3b32784cf0be, group-3FA8C06DFFC7, 0, (t:0, i:0))
2023-08-28 09:34:59,432 [grpc-default-executor-1] INFO  impl.VoteContext (VoteContext.java:log(49)) - 269fa438-bc78-433d-911d-e020a0e24055@group-3FA8C06DFFC7-FOLLOWER: accept PRE_VOTE from ef3a886b-561e-496b-b271-3b32784cf0be: our priority 0 <= candidate's priority 1
2023-08-28 09:34:59,432 [grpc-default-executor-1] INFO  server.RaftServer$Division (RaftServerImpl.java:requestVote(1335)) - 269fa438-bc78-433d-911d-e020a0e24055@group-3FA8C06DFFC7 replies to PRE_VOTE vote request: ef3a886b-561e-496b-b271-3b32784cf0be<-269fa438-bc78-433d-911d-e020a0e24055#0:OK-t0. Peer's state: 269fa438-bc78-433d-911d-e020a0e24055@group-3FA8C06DFFC7:t0, leader=null, voted=, raftlog=Memoized:269fa438-bc78-433d-911d-e020a0e24055@group-3FA8C06DFFC7-SegmentedRaftLog:OPENED:c-1, conf=-1: peers:[2121e5cf-c9a2-43bb-b1d5-56f983d54b52|rpc:10.1.0.27:15191|admin:10.1.0.27:15190|client:10.1.0.27:15189|dataStream:10.1.0.27:15192|priority:0|startupRole:FOLLOWER, 269fa438-bc78-433d-911d-e020a0e24055|rpc:10.1.0.27:15182|admin:10.1.0.27:15181|client:10.1.0.27:15180|dataStream:10.1.0.27:15183|priority:0|startupRole:FOLLOWER, ef3a886b-561e-496b-b271-3b32784cf0be|rpc:10.1.0.27:15173|admin:10.1.0.27:15172|client:10.1.0.27:15171|dataStream:10.1.0.27:15174|priority:1|startupRole:FOLLOWER]|listeners:[], old=null
2023-08-28 09:34:59,432 [grpc-default-executor-2] INFO  server.RaftServer$Division (RaftServerImpl.java:requestVote(1302)) - 269fa438-bc78-433d-911d-e020a0e24055@group-3FA8C06DFFC7: receive requestVote(ELECTION, ef3a886b-561e-496b-b271-3b32784cf0be, group-3FA8C06DFFC7, 1, (t:0, i:0))
2023-08-28 09:34:59,435 [grpc-default-executor-0] INFO  server.RaftServer$Division (RaftServerImpl.java:requestVote(1335)) - 2121e5cf-c9a2-43bb-b1d5-56f983d54b52@group-3FA8C06DFFC7 replies to ELECTION vote request: ef3a886b-561e-496b-b271-3b32784cf0be<-2121e5cf-c9a2-43bb-b1d5-56f983d54b52#0:OK-t1. Peer's state: 2121e5cf-c9a2-43bb-b1d5-56f983d54b52@group-3FA8C06DFFC7:t1, leader=null, voted=ef3a886b-561e-496b-b271-3b32784cf0be, raftlog=Memoized:2121e5cf-c9a2-43bb-b1d5-56f983d54b52@group-3FA8C06DFFC7-SegmentedRaftLog:OPENED:c-1, conf=-1: peers:[2121e5cf-c9a2-43bb-b1d5-56f983d54b52|rpc:10.1.0.27:15191|admin:10.1.0.27:15190|client:10.1.0.27:15189|dataStream:10.1.0.27:15192|priority:0|startupRole:FOLLOWER, 269fa438-bc78-433d-911d-e020a0e24055|rpc:10.1.0.27:15182|admin:10.1.0.27:15181|client:10.1.0.27:15180|dataStream:10.1.0.27:15183|priority:0|startupRole:FOLLOWER, ef3a886b-561e-496b-b271-3b32784cf0be|rpc:10.1.0.27:15173|admin:10.1.0.27:15172|client:10.1.0.27:15171|dataStream:10.1.0.27:15174|priority:1|startupRole:FOLLOWER]|listeners:[], old=null
2023-08-28 09:34:59,437 [ef3a886b-561e-496b-b271-3b32784cf0be@group-3FA8C06DFFC7-LeaderElection31] INFO  impl.LeaderElection (LeaderElection.java:logAndReturn(90)) - ef3a886b-561e-496b-b271-3b32784cf0be@group-3FA8C06DFFC7-LeaderElection31: ELECTION PASSED received 1 response(s) and 0 exception(s):
2023-08-28 09:34:59,437 [ef3a886b-561e-496b-b271-3b32784cf0be@group-3FA8C06DFFC7-LeaderElection31] INFO  impl.LeaderElection (LeaderElection.java:logAndReturn(94)) -   Response 0: ef3a886b-561e-496b-b271-3b32784cf0be<-2121e5cf-c9a2-43bb-b1d5-56f983d54b52#0:OK-t1
2023-08-28 09:34:59,437 [ef3a886b-561e-496b-b271-3b32784cf0be@group-3FA8C06DFFC7-LeaderElection31] INFO  impl.LeaderElection (LeaderElection.java:askForVotes(323)) - ef3a886b-561e-496b-b271-3b32784cf0be@group-3FA8C06DFFC7-LeaderElection31 ELECTION round 0: result PASSED
2023-08-28 09:34:59,437 [ef3a886b-561e-496b-b271-3b32784cf0be@group-3FA8C06DFFC7-LeaderElection31] INFO  impl.RoleInfo (RoleInfo.java:shutdownLeaderElection(130)) - ef3a886b-561e-496b-b271-3b32784cf0be: shutdown ef3a886b-561e-496b-b271-3b32784cf0be@group-3FA8C06DFFC7-LeaderElection31
2023-08-28 09:34:59,437 [ef3a886b-561e-496b-b271-3b32784cf0be@group-3FA8C06DFFC7-LeaderElection31] INFO  server.RaftServer$Division (RaftServerImpl.java:setRole(329)) - ef3a886b-561e-496b-b271-3b32784cf0be@group-3FA8C06DFFC7: changes role from CANDIDATE to LEADER at term 1 for changeToLeader
2023-08-28 09:34:59,437 [ef3a886b-561e-496b-b271-3b32784cf0be@group-3FA8C06DFFC7-LeaderElection31] INFO  ratis.XceiverServerRatis (XceiverServerRatis.java:handleLeaderChangedNotification(902)) - Leader change notification received for group: group-3FA8C06DFFC7 with new leaderId: ef3a886b-561e-496b-b271-3b32784cf0be
2023-08-28 09:34:59,437 [ef3a886b-561e-496b-b271-3b32784cf0be@group-3FA8C06DFFC7-LeaderElection31] INFO  server.RaftServer$Division (ServerState.java:setLeader(317)) - ef3a886b-561e-496b-b271-3b32784cf0be@group-3FA8C06DFFC7: change Leader from null to ef3a886b-561e-496b-b271-3b32784cf0be at term 1 for becomeLeader, leader elected after 5058ms
2023-08-28 09:34:59,437 [ef3a886b-561e-496b-b271-3b32784cf0be@group-3FA8C06DFFC7-LeaderElection31] INFO  server.RaftServerConfigKeys (ConfUtils.java:logGet(46)) - raft.server.staging.catchup.gap = 1000 (default)
2023-08-28 09:34:59,437 [ef3a886b-561e-496b-b271-3b32784cf0be@group-3FA8C06DFFC7-LeaderElection31] INFO  server.RaftServerConfigKeys (ConfUtils.java:logGet(46)) - raft.server.write.element-limit = 1024 (custom)
2023-08-28 09:34:59,437 [ef3a886b-561e-496b-b271-3b32784cf0be@group-3FA8C06DFFC7-LeaderElection31] INFO  server.RaftServerConfigKeys (ConfUtils.java:logGet(46)) - raft.server.write.byte-limit = 1024 M (=1073741824) (custom)
2023-08-28 09:34:59,437 [ef3a886b-561e-496b-b271-3b32784cf0be@group-3FA8C06DFFC7-LeaderElection31] INFO  server.RaftServerConfigKeys (ConfUtils.java:logGet(46)) - raft.server.watch.timeout = 180s (custom)
2023-08-28 09:34:59,437 [ef3a886b-561e-496b-b271-3b32784cf0be@group-3FA8C06DFFC7-LeaderElection31] INFO  server.RaftServerConfigKeys (ConfUtils.java:logGet(46)) - raft.server.watch.timeout.denomination = 1s (default)
2023-08-28 09:34:59,438 [ef3a886b-561e-496b-b271-3b32784cf0be@group-3FA8C06DFFC7-LeaderElection31] INFO  server.RaftServerConfigKeys (ConfUtils.java:logGet(46)) - raft.server.watch.element-limit = 65536 (default)
2023-08-28 09:34:59,438 [ef3a886b-561e-496b-b271-3b32784cf0be@group-3FA8C06DFFC7-LeaderElection31] INFO  server.RaftServerConfigKeys (ConfUtils.java:logGet(46)) - raft.server.write.element-limit = 1024 (custom)
2023-08-28 09:34:59,438 [ef3a886b-561e-496b-b271-3b32784cf0be@group-3FA8C06DFFC7-LeaderElection31] INFO  server.RaftServerConfigKeys (ConfUtils.java:logGet(46)) - raft.server.write.follower.gap.ratio.max = -1.0 (default)
2023-08-28 09:34:59,438 [ef3a886b-561e-496b-b271-3b32784cf0be@group-3FA8C06DFFC7-LeaderElection31] INFO  server.RaftServerConfigKeys (ConfUtils.java:logGet(46)) - raft.server.log.appender.snapshot.chunk.size.max = 16MB (=16777216) (default)
2023-08-28 09:34:59,438 [ef3a886b-561e-496b-b271-3b32784cf0be@group-3FA8C06DFFC7-LeaderElection31] INFO  server.RaftServerConfigKeys (ConfUtils.java:logGet(46)) - raft.server.log.appender.buffer.byte-limit = 33554432 (custom)
2023-08-28 09:34:59,438 [ef3a886b-561e-496b-b271-3b32784cf0be@group-3FA8C06DFFC7-LeaderElection31] INFO  server.RaftServerConfigKeys (ConfUtils.java:logGet(46)) - raft.server.log.appender.buffer.element-limit = 1 (custom)
2023-08-28 09:34:59,438 [ef3a886b-561e-496b-b271-3b32784cf0be@group-3FA8C06DFFC7-LeaderElection31] INFO  server.RaftServerConfigKeys (ConfUtils.java:logGet(46)) - raft.server.log.appender.wait-time.min = 10ms (default)
2023-08-28 09:34:59,438 [ef3a886b-561e-496b-b271-3b32784cf0be@group-3FA8C06DFFC7-LeaderElection31] INFO  grpc.GrpcConfigKeys (ConfUtils.java:logGet(46)) - raft.grpc.server.leader.outstanding.appends.max = 128 (default)
2023-08-28 09:34:59,438 [ef3a886b-561e-496b-b271-3b32784cf0be@group-3FA8C06DFFC7-LeaderElection31] INFO  server.RaftServerConfigKeys (ConfUtils.java:logGet(46)) - raft.server.rpc.request.timeout = 60s (custom)
2023-08-28 09:34:59,438 [ef3a886b-561e-496b-b271-3b32784cf0be@group-3FA8C06DFFC7-LeaderElection31] INFO  grpc.GrpcConfigKeys (ConfUtils.java:logGet(46)) - raft.grpc.server.install_snapshot.request.element-limit = 8 (default)
2023-08-28 09:34:59,438 [ef3a886b-561e-496b-b271-3b32784cf0be@group-3FA8C06DFFC7-LeaderElection31] INFO  grpc.GrpcConfigKeys (ConfUtils.java:logGet(46)) - raft.grpc.server.install_snapshot.request.timeout = 3000ms (default)
2023-08-28 09:34:59,438 [ef3a886b-561e-496b-b271-3b32784cf0be@group-3FA8C06DFFC7-LeaderElection31] INFO  server.RaftServerConfigKeys (ConfUtils.java:logGet(46)) - raft.server.log.appender.install.snapshot.enabled = false (custom)
2023-08-28 09:34:59,438 [ef3a886b-561e-496b-b271-3b32784cf0be@group-3FA8C06DFFC7-LeaderElection31] INFO  grpc.GrpcConfigKeys (ConfUtils.java:logGet(46)) - raft.grpc.server.heartbeat.channel = true (default)
2023-08-28 09:34:59,439 [ef3a886b-561e-496b-b271-3b32784cf0be@group-3FA8C06DFFC7-LeaderElection31] INFO  server.RaftServerConfigKeys (ConfUtils.java:logGet(46)) - raft.server.log.appender.snapshot.chunk.size.max = 16MB (=16777216) (default)
2023-08-28 09:34:59,439 [ef3a886b-561e-496b-b271-3b32784cf0be@group-3FA8C06DFFC7-LeaderElection31] INFO  server.RaftServerConfigKeys (ConfUtils.java:logGet(46)) - raft.server.log.appender.buffer.byte-limit = 33554432 (custom)
2023-08-28 09:34:59,439 [ef3a886b-561e-496b-b271-3b32784cf0be@group-3FA8C06DFFC7-LeaderElection31] INFO  server.RaftServerConfigKeys (ConfUtils.java:logGet(46)) - raft.server.log.appender.buffer.element-limit = 1 (custom)
2023-08-28 09:34:59,439 [ef3a886b-561e-496b-b271-3b32784cf0be@group-3FA8C06DFFC7-LeaderElection31] INFO  server.RaftServerConfigKeys (ConfUtils.java:logGet(46)) - raft.server.log.appender.wait-time.min = 10ms (default)
2023-08-28 09:34:59,439 [ef3a886b-561e-496b-b271-3b32784cf0be@group-3FA8C06DFFC7-LeaderElection31] INFO  grpc.GrpcConfigKeys (ConfUtils.java:logGet(46)) - raft.grpc.server.leader.outstanding.appends.max = 128 (default)
2023-08-28 09:34:59,439 [ef3a886b-561e-496b-b271-3b32784cf0be@group-3FA8C06DFFC7-LeaderElection31] INFO  server.RaftServerConfigKeys (ConfUtils.java:logGet(46)) - raft.server.rpc.request.timeout = 60s (custom)
2023-08-28 09:34:59,439 [ef3a886b-561e-496b-b271-3b32784cf0be@group-3FA8C06DFFC7-LeaderElection31] INFO  grpc.GrpcConfigKeys (ConfUtils.java:logGet(46)) - raft.grpc.server.install_snapshot.request.element-limit = 8 (default)
2023-08-28 09:34:59,439 [ef3a886b-561e-496b-b271-3b32784cf0be@group-3FA8C06DFFC7-LeaderElection31] INFO  grpc.GrpcConfigKeys (ConfUtils.java:logGet(46)) - raft.grpc.server.install_snapshot.request.timeout = 3000ms (default)
2023-08-28 09:34:59,439 [ef3a886b-561e-496b-b271-3b32784cf0be@group-3FA8C06DFFC7-LeaderElection31] INFO  server.RaftServerConfigKeys (ConfUtils.java:logGet(46)) - raft.server.log.appender.install.snapshot.enabled = false (custom)
2023-08-28 09:34:59,439 [ef3a886b-561e-496b-b271-3b32784cf0be@group-3FA8C06DFFC7-LeaderElection31] INFO  grpc.GrpcConfigKeys (ConfUtils.java:logGet(46)) - raft.grpc.server.heartbeat.channel = true (default)
2023-08-28 09:34:59,439 [ef3a886b-561e-496b-b271-3b32784cf0be@group-3FA8C06DFFC7-LeaderElection31] INFO  impl.RoleInfo (RoleInfo.java:updateAndGet(139)) - ef3a886b-561e-496b-b271-3b32784cf0be: start ef3a886b-561e-496b-b271-3b32784cf0be@group-3FA8C06DFFC7-LeaderStateImpl
2023-08-28 09:34:59,439 [ef3a886b-561e-496b-b271-3b32784cf0be@group-3FA8C06DFFC7-LeaderElection31] INFO  segmented.SegmentedRaftLogWorker (SegmentedRaftLogWorker.java:startLogSegment(447)) - ef3a886b-561e-496b-b271-3b32784cf0be@group-3FA8C06DFFC7-SegmentedRaftLogWorker: Starting segment from index:0
2023-08-28 09:34:59,442 [EventQueue-PipelineReportForPipelineReportHandler] INFO  pipeline.PipelineReportHandler (PipelineReportHandler.java:processPipelineReport(136)) - Opened pipeline PipelineID=0d752240-0551-4b74-81b3-3fa8c06dffc7
2023-08-28 09:34:59,442 [EventQueue-OpenPipelineForHealthyPipelineSafeModeRule] INFO  safemode.SCMSafeModeManager (HealthyPipelineSafeModeRule.java:process(137)) - SCM in safe mode. Healthy pipelines reported count is 1, required healthy pipeline reported count is 1
2023-08-28 09:34:59,442 [EventQueue-OpenPipelineForHealthyPipelineSafeModeRule] INFO  safemode.SCMSafeModeManager (SCMSafeModeManager.java:validateSafeModeExitRules(200)) - HealthyPipelineSafeModeRule rule is successfully validated
2023-08-28 09:34:59,442 [EventQueue-OpenPipelineForHealthyPipelineSafeModeRule] INFO  safemode.SCMSafeModeManager (SCMSafeModeManager.java:validateSafeModeExitRules(215)) - ScmSafeModeManager, all rules are successfully validated
2023-08-28 09:34:59,442 [EventQueue-OpenPipelineForHealthyPipelineSafeModeRule] INFO  safemode.SCMSafeModeManager (SCMSafeModeManager.java:exitSafeMode(244)) - SCM exiting safe mode.
2023-08-28 09:34:59,442 [EventQueue-OpenPipelineForHealthyPipelineSafeModeRule] INFO  ha.SCMContext (SCMContext.java:updateSafeModeStatus(228)) - Update SafeModeStatus from SafeModeStatus{safeModeStatus=true, preCheckPassed=true} to SafeModeStatus{safeModeStatus=false, preCheckPassed=true}.
2023-08-28 09:34:59,443 [EventQueue-OpenPipelineForHealthyPipelineSafeModeRule] INFO  pipeline.BackgroundPipelineCreator (BackgroundPipelineCreator.java:notifyStatusChanged(255)) - Service BackgroundPipelineCreator transitions to RUNNING.
2023-08-28 09:34:59,443 [EventQueue-OpenPipelineForHealthyPipelineSafeModeRule] INFO  BackgroundPipelineScrubber (BackgroundSCMService.java:notifyStatusChanged(82)) - Service BackgroundPipelineScrubber transitions to RUNNING.
2023-08-28 09:34:59,443 [EventQueue-OpenPipelineForHealthyPipelineSafeModeRule] INFO  ExpiredContainerReplicaOpScrubber (BackgroundSCMService.java:notifyStatusChanged(82)) - Service ExpiredContainerReplicaOpScrubber transitions to RUNNING.
2023-08-28 09:34:59,443 [EventQueue-OpenPipelineForHealthyPipelineSafeModeRule] INFO  replication.ReplicationManager (ReplicationManager.java:notifyStatusChanged(1370)) - Service ReplicationManager transitions to RUNNING.
2023-08-28 09:34:59,443 [EventQueue-OpenPipelineForHealthyPipelineSafeModeRule] WARN  balancer.ContainerBalancer (ContainerBalancer.java:shouldRun(134)) - Could not find persisted configuration for ContainerBalancer when checking if ContainerBalancer should run. ContainerBalancer should not run now.
2023-08-28 09:34:59,443 [grpc-default-executor-2] INFO  impl.VoteContext (VoteContext.java:log(49)) - 269fa438-bc78-433d-911d-e020a0e24055@group-3FA8C06DFFC7-FOLLOWER: accept ELECTION from ef3a886b-561e-496b-b271-3b32784cf0be: our priority 0 <= candidate's priority 1
2023-08-28 09:34:59,443 [grpc-default-executor-2] INFO  server.RaftServer$Division (RaftServerImpl.java:setRole(329)) - 269fa438-bc78-433d-911d-e020a0e24055@group-3FA8C06DFFC7: changes role from  FOLLOWER to FOLLOWER at term 1 for candidate:ef3a886b-561e-496b-b271-3b32784cf0be
2023-08-28 09:34:59,443 [grpc-default-executor-2] INFO  impl.RoleInfo (RoleInfo.java:shutdownFollowerState(110)) - 269fa438-bc78-433d-911d-e020a0e24055: shutdown 269fa438-bc78-433d-911d-e020a0e24055@group-3FA8C06DFFC7-FollowerState
2023-08-28 09:34:59,444 [ef3a886b-561e-496b-b271-3b32784cf0be@group-3FA8C06DFFC7-SegmentedRaftLogWorker] INFO  segmented.SegmentedRaftLogWorker (SegmentedRaftLogWorker.java:execute(651)) - ef3a886b-561e-496b-b271-3b32784cf0be@group-3FA8C06DFFC7-SegmentedRaftLogWorker: created new log segment /home/runner/work/ozone/ozone/hadoop-ozone/integration-test/target/test-dir/MiniOzoneClusterImpl-b3d20441-1363-4d90-8b75-dcc1ba5546e4/datanode-0/data/ratis/0d752240-0551-4b74-81b3-3fa8c06dffc7/current/log_inprogress_0
2023-08-28 09:34:59,448 [grpc-default-executor-2] INFO  impl.RoleInfo (RoleInfo.java:updateAndGet(139)) - 269fa438-bc78-433d-911d-e020a0e24055: start 269fa438-bc78-433d-911d-e020a0e24055@group-3FA8C06DFFC7-FollowerState
2023-08-28 09:34:59,448 [269fa438-bc78-433d-911d-e020a0e24055@group-3FA8C06DFFC7-FollowerState] INFO  impl.FollowerState (FollowerState.java:run(152)) - 269fa438-bc78-433d-911d-e020a0e24055@group-3FA8C06DFFC7-FollowerState was interrupted
2023-08-28 09:34:59,461 [ef3a886b-561e-496b-b271-3b32784cf0be@group-D143B37F4DF6-FollowerState] INFO  impl.FollowerState (FollowerState.java:run(143)) - ef3a886b-561e-496b-b271-3b32784cf0be@group-D143B37F4DF6-FollowerState: change to CANDIDATE, lastRpcElapsedTime:5088179834ns, electionTimeout:5081ms
2023-08-28 09:34:59,461 [ef3a886b-561e-496b-b271-3b32784cf0be@group-D143B37F4DF6-FollowerState] INFO  impl.RoleInfo (RoleInfo.java:shutdownFollowerState(110)) - ef3a886b-561e-496b-b271-3b32784cf0be: shutdown ef3a886b-561e-496b-b271-3b32784cf0be@group-D143B37F4DF6-FollowerState
2023-08-28 09:34:59,461 [ef3a886b-561e-496b-b271-3b32784cf0be@group-D143B37F4DF6-FollowerState] INFO  server.RaftServer$Division (RaftServerImpl.java:setRole(329)) - ef3a886b-561e-496b-b271-3b32784cf0be@group-D143B37F4DF6: changes role from  FOLLOWER to CANDIDATE at term 0 for changeToCandidate
2023-08-28 09:34:59,462 [ef3a886b-561e-496b-b271-3b32784cf0be@group-D143B37F4DF6-FollowerState] INFO  server.RaftServerConfigKeys (ConfUtils.java:logGet(46)) - raft.server.leaderelection.pre-vote = true (default)
2023-08-28 09:34:59,462 [ef3a886b-561e-496b-b271-3b32784cf0be@group-3FA8C06DFFC7-LeaderElection31] INFO  server.RaftServer$Division (ServerState.java:setRaftConf(434)) - ef3a886b-561e-496b-b271-3b32784cf0be@group-3FA8C06DFFC7: set configuration 0: peers:[2121e5cf-c9a2-43bb-b1d5-56f983d54b52|rpc:10.1.0.27:15191|admin:10.1.0.27:15190|client:10.1.0.27:15189|dataStream:10.1.0.27:15192|priority:0|startupRole:FOLLOWER, 269fa438-bc78-433d-911d-e020a0e24055|rpc:10.1.0.27:15182|admin:10.1.0.27:15181|client:10.1.0.27:15180|dataStream:10.1.0.27:15183|priority:0|startupRole:FOLLOWER, ef3a886b-561e-496b-b271-3b32784cf0be|rpc:10.1.0.27:15173|admin:10.1.0.27:15172|client:10.1.0.27:15171|dataStream:10.1.0.27:15174|priority:1|startupRole:FOLLOWER]|listeners:[], old=null
2023-08-28 09:34:59,462 [ef3a886b-561e-496b-b271-3b32784cf0be@group-D143B37F4DF6-FollowerState] INFO  impl.RoleInfo (RoleInfo.java:updateAndGet(139)) - ef3a886b-561e-496b-b271-3b32784cf0be: start ef3a886b-561e-496b-b271-3b32784cf0be@group-D143B37F4DF6-LeaderElection32
2023-08-28 09:34:59,464 [grpc-default-executor-2] INFO  server.RaftServer$Division (RaftServerImpl.java:requestVote(1335)) - 269fa438-bc78-433d-911d-e020a0e24055@group-3FA8C06DFFC7 replies to ELECTION vote request: ef3a886b-561e-496b-b271-3b32784cf0be<-269fa438-bc78-433d-911d-e020a0e24055#0:OK-t1. Peer's state: 269fa438-bc78-433d-911d-e020a0e24055@group-3FA8C06DFFC7:t1, leader=null, voted=ef3a886b-561e-496b-b271-3b32784cf0be, raftlog=Memoized:269fa438-bc78-433d-911d-e020a0e24055@group-3FA8C06DFFC7-SegmentedRaftLog:OPENED:c-1, conf=-1: peers:[2121e5cf-c9a2-43bb-b1d5-56f983d54b52|rpc:10.1.0.27:15191|admin:10.1.0.27:15190|client:10.1.0.27:15189|dataStream:10.1.0.27:15192|priority:0|startupRole:FOLLOWER, 269fa438-bc78-433d-911d-e020a0e24055|rpc:10.1.0.27:15182|admin:10.1.0.27:15181|client:10.1.0.27:15180|dataStream:10.1.0.27:15183|priority:0|startupRole:FOLLOWER, ef3a886b-561e-496b-b271-3b32784cf0be|rpc:10.1.0.27:15173|admin:10.1.0.27:15172|client:10.1.0.27:15171|dataStream:10.1.0.27:15174|priority:1|startupRole:FOLLOWER]|listeners:[], old=null
2023-08-28 09:34:59,469 [ef3a886b-561e-496b-b271-3b32784cf0be@group-D143B37F4DF6-LeaderElection32] INFO  impl.LeaderElection (LeaderElection.java:askForVotes(321)) - ef3a886b-561e-496b-b271-3b32784cf0be@group-D143B37F4DF6-LeaderElection32 PRE_VOTE round 0: submit vote requests at term 0 for -1: peers:[ef3a886b-561e-496b-b271-3b32784cf0be|rpc:10.1.0.27:15173|admin:10.1.0.27:15172|client:10.1.0.27:15171|dataStream:10.1.0.27:15174|priority:1|startupRole:FOLLOWER]|listeners:[], old=null
2023-08-28 09:34:59,469 [ef3a886b-561e-496b-b271-3b32784cf0be@group-D143B37F4DF6-LeaderElection32] INFO  impl.LeaderElection (LeaderElection.java:askForVotes(323)) - ef3a886b-561e-496b-b271-3b32784cf0be@group-D143B37F4DF6-LeaderElection32 PRE_VOTE round 0: result PASSED (term=0)
2023-08-28 09:34:59,471 [ef3a886b-561e-496b-b271-3b32784cf0be@group-D143B37F4DF6-LeaderElection32] INFO  impl.LeaderElection (LeaderElection.java:askForVotes(321)) - ef3a886b-561e-496b-b271-3b32784cf0be@group-D143B37F4DF6-LeaderElection32 ELECTION round 0: submit vote requests at term 1 for -1: peers:[ef3a886b-561e-496b-b271-3b32784cf0be|rpc:10.1.0.27:15173|admin:10.1.0.27:15172|client:10.1.0.27:15171|dataStream:10.1.0.27:15174|priority:1|startupRole:FOLLOWER]|listeners:[], old=null
2023-08-28 09:34:59,471 [ef3a886b-561e-496b-b271-3b32784cf0be@group-D143B37F4DF6-LeaderElection32] INFO  impl.LeaderElection (LeaderElection.java:askForVotes(323)) - ef3a886b-561e-496b-b271-3b32784cf0be@group-D143B37F4DF6-LeaderElection32 ELECTION round 0: result PASSED (term=1)
2023-08-28 09:34:59,471 [ef3a886b-561e-496b-b271-3b32784cf0be@group-D143B37F4DF6-LeaderElection32] INFO  impl.RoleInfo (RoleInfo.java:shutdownLeaderElection(130)) - ef3a886b-561e-496b-b271-3b32784cf0be: shutdown ef3a886b-561e-496b-b271-3b32784cf0be@group-D143B37F4DF6-LeaderElection32
2023-08-28 09:34:59,471 [ef3a886b-561e-496b-b271-3b32784cf0be@group-D143B37F4DF6-LeaderElection32] INFO  server.RaftServer$Division (RaftServerImpl.java:setRole(329)) - ef3a886b-561e-496b-b271-3b32784cf0be@group-D143B37F4DF6: changes role from CANDIDATE to LEADER at term 1 for changeToLeader
2023-08-28 09:34:59,471 [ef3a886b-561e-496b-b271-3b32784cf0be@group-D143B37F4DF6-LeaderElection32] INFO  ratis.XceiverServerRatis (XceiverServerRatis.java:handleLeaderChangedNotification(902)) - Leader change notification received for group: group-D143B37F4DF6 with new leaderId: ef3a886b-561e-496b-b271-3b32784cf0be
2023-08-28 09:34:59,472 [ef3a886b-561e-496b-b271-3b32784cf0be@group-D143B37F4DF6-LeaderElection32] INFO  server.RaftServer$Division (ServerState.java:setLeader(317)) - ef3a886b-561e-496b-b271-3b32784cf0be@group-D143B37F4DF6: change Leader from null to ef3a886b-561e-496b-b271-3b32784cf0be at term 1 for becomeLeader, leader elected after 5114ms
2023-08-28 09:34:59,472 [ef3a886b-561e-496b-b271-3b32784cf0be@group-D143B37F4DF6-LeaderElection32] INFO  server.RaftServerConfigKeys (ConfUtils.java:logGet(46)) - raft.server.staging.catchup.gap = 1000 (default)
2023-08-28 09:34:59,472 [ef3a886b-561e-496b-b271-3b32784cf0be@group-D143B37F4DF6-LeaderElection32] INFO  server.RaftServerConfigKeys (ConfUtils.java:logGet(46)) - raft.server.write.element-limit = 1024 (custom)
2023-08-28 09:34:59,472 [ef3a886b-561e-496b-b271-3b32784cf0be@group-D143B37F4DF6-LeaderElection32] INFO  server.RaftServerConfigKeys (ConfUtils.java:logGet(46)) - raft.server.write.byte-limit = 1024 M (=1073741824) (custom)
2023-08-28 09:34:59,472 [ef3a886b-561e-496b-b271-3b32784cf0be@group-D143B37F4DF6-LeaderElection32] INFO  server.RaftServerConfigKeys (ConfUtils.java:logGet(46)) - raft.server.watch.timeout = 180s (custom)
2023-08-28 09:34:59,472 [ef3a886b-561e-496b-b271-3b32784cf0be@group-D143B37F4DF6-LeaderElection32] INFO  server.RaftServerConfigKeys (ConfUtils.java:logGet(46)) - raft.server.watch.timeout.denomination = 1s (default)
2023-08-28 09:34:59,473 [ef3a886b-561e-496b-b271-3b32784cf0be@group-D143B37F4DF6-LeaderElection32] INFO  server.RaftServerConfigKeys (ConfUtils.java:logGet(46)) - raft.server.watch.element-limit = 65536 (default)
2023-08-28 09:34:59,473 [ef3a886b-561e-496b-b271-3b32784cf0be@group-D143B37F4DF6-LeaderElection32] INFO  server.RaftServerConfigKeys (ConfUtils.java:logGet(46)) - raft.server.write.element-limit = 1024 (custom)
2023-08-28 09:34:59,473 [ef3a886b-561e-496b-b271-3b32784cf0be@group-D143B37F4DF6-LeaderElection32] INFO  server.RaftServerConfigKeys (ConfUtils.java:logGet(46)) - raft.server.write.follower.gap.ratio.max = -1.0 (default)
2023-08-28 09:34:59,473 [ef3a886b-561e-496b-b271-3b32784cf0be@group-D143B37F4DF6-LeaderElection32] INFO  impl.RoleInfo (RoleInfo.java:updateAndGet(139)) - ef3a886b-561e-496b-b271-3b32784cf0be: start ef3a886b-561e-496b-b271-3b32784cf0be@group-D143B37F4DF6-LeaderStateImpl
2023-08-28 09:34:59,473 [ef3a886b-561e-496b-b271-3b32784cf0be@group-D143B37F4DF6-LeaderElection32] INFO  segmented.SegmentedRaftLogWorker (SegmentedRaftLogWorker.java:startLogSegment(447)) - ef3a886b-561e-496b-b271-3b32784cf0be@group-D143B37F4DF6-SegmentedRaftLogWorker: Starting segment from index:0
2023-08-28 09:34:59,481 [2121e5cf-c9a2-43bb-b1d5-56f983d54b52-server-thread2] INFO  ratis.XceiverServerRatis (XceiverServerRatis.java:handleLeaderChangedNotification(902)) - Leader change notification received for group: group-3FA8C06DFFC7 with new leaderId: ef3a886b-561e-496b-b271-3b32784cf0be
2023-08-28 09:34:59,481 [2121e5cf-c9a2-43bb-b1d5-56f983d54b52-server-thread2] INFO  server.RaftServer$Division (ServerState.java:setLeader(317)) - 2121e5cf-c9a2-43bb-b1d5-56f983d54b52@group-3FA8C06DFFC7: change Leader from null to ef3a886b-561e-496b-b271-3b32784cf0be at term 1 for appendEntries, leader elected after 5030ms
2023-08-28 09:34:59,481 [269fa438-bc78-433d-911d-e020a0e24055-server-thread1] INFO  ratis.XceiverServerRatis (XceiverServerRatis.java:handleLeaderChangedNotification(902)) - Leader change notification received for group: group-3FA8C06DFFC7 with new leaderId: ef3a886b-561e-496b-b271-3b32784cf0be
2023-08-28 09:34:59,481 [269fa438-bc78-433d-911d-e020a0e24055-server-thread1] INFO  server.RaftServer$Division (ServerState.java:setLeader(317)) - 269fa438-bc78-433d-911d-e020a0e24055@group-3FA8C06DFFC7: change Leader from null to ef3a886b-561e-496b-b271-3b32784cf0be at term 1 for appendEntries, leader elected after 5068ms
2023-08-28 09:34:59,482 [ef3a886b-561e-496b-b271-3b32784cf0be@group-D143B37F4DF6-SegmentedRaftLogWorker] INFO  segmented.SegmentedRaftLogWorker (SegmentedRaftLogWorker.java:execute(651)) - ef3a886b-561e-496b-b271-3b32784cf0be@group-D143B37F4DF6-SegmentedRaftLogWorker: created new log segment /home/runner/work/ozone/ozone/hadoop-ozone/integration-test/target/test-dir/MiniOzoneClusterImpl-b3d20441-1363-4d90-8b75-dcc1ba5546e4/datanode-0/data/ratis/934a16b0-2b42-4d99-badf-d143b37f4df6/current/log_inprogress_0
2023-08-28 09:34:59,484 [ef3a886b-561e-496b-b271-3b32784cf0be@group-D143B37F4DF6-LeaderElection32] INFO  server.RaftServer$Division (ServerState.java:setRaftConf(434)) - ef3a886b-561e-496b-b271-3b32784cf0be@group-D143B37F4DF6: set configuration 0: peers:[ef3a886b-561e-496b-b271-3b32784cf0be|rpc:10.1.0.27:15173|admin:10.1.0.27:15172|client:10.1.0.27:15171|dataStream:10.1.0.27:15174|priority:1|startupRole:FOLLOWER]|listeners:[], old=null
2023-08-28 09:34:59,484 [2121e5cf-c9a2-43bb-b1d5-56f983d54b52-server-thread2] INFO  server.RaftServer$Division (ServerState.java:setRaftConf(434)) - 2121e5cf-c9a2-43bb-b1d5-56f983d54b52@group-3FA8C06DFFC7: set configuration 0: peers:[2121e5cf-c9a2-43bb-b1d5-56f983d54b52|rpc:10.1.0.27:15191|admin:10.1.0.27:15190|client:10.1.0.27:15189|dataStream:10.1.0.27:15192|priority:0|startupRole:FOLLOWER, 269fa438-bc78-433d-911d-e020a0e24055|rpc:10.1.0.27:15182|admin:10.1.0.27:15181|client:10.1.0.27:15180|dataStream:10.1.0.27:15183|priority:0|startupRole:FOLLOWER, ef3a886b-561e-496b-b271-3b32784cf0be|rpc:10.1.0.27:15173|admin:10.1.0.27:15172|client:10.1.0.27:15171|dataStream:10.1.0.27:15174|priority:1|startupRole:FOLLOWER]|listeners:[], old=null
2023-08-28 09:34:59,484 [2121e5cf-c9a2-43bb-b1d5-56f983d54b52-server-thread2] INFO  segmented.SegmentedRaftLogWorker (SegmentedRaftLogWorker.java:startLogSegment(447)) - 2121e5cf-c9a2-43bb-b1d5-56f983d54b52@group-3FA8C06DFFC7-SegmentedRaftLogWorker: Starting segment from index:0
2023-08-28 09:34:59,484 [269fa438-bc78-433d-911d-e020a0e24055-server-thread2] INFO  server.RaftServer$Division (ServerState.java:setRaftConf(434)) - 269fa438-bc78-433d-911d-e020a0e24055@group-3FA8C06DFFC7: set configuration 0: peers:[2121e5cf-c9a2-43bb-b1d5-56f983d54b52|rpc:10.1.0.27:15191|admin:10.1.0.27:15190|client:10.1.0.27:15189|dataStream:10.1.0.27:15192|priority:0|startupRole:FOLLOWER, 269fa438-bc78-433d-911d-e020a0e24055|rpc:10.1.0.27:15182|admin:10.1.0.27:15181|client:10.1.0.27:15180|dataStream:10.1.0.27:15183|priority:0|startupRole:FOLLOWER, ef3a886b-561e-496b-b271-3b32784cf0be|rpc:10.1.0.27:15173|admin:10.1.0.27:15172|client:10.1.0.27:15171|dataStream:10.1.0.27:15174|priority:1|startupRole:FOLLOWER]|listeners:[], old=null
2023-08-28 09:34:59,484 [269fa438-bc78-433d-911d-e020a0e24055-server-thread2] INFO  segmented.SegmentedRaftLogWorker (SegmentedRaftLogWorker.java:startLogSegment(447)) - 269fa438-bc78-433d-911d-e020a0e24055@group-3FA8C06DFFC7-SegmentedRaftLogWorker: Starting segment from index:0
2023-08-28 09:34:59,487 [269fa438-bc78-433d-911d-e020a0e24055@group-3FA8C06DFFC7-SegmentedRaftLogWorker] INFO  segmented.SegmentedRaftLogWorker (SegmentedRaftLogWorker.java:execute(651)) - 269fa438-bc78-433d-911d-e020a0e24055@group-3FA8C06DFFC7-SegmentedRaftLogWorker: created new log segment /home/runner/work/ozone/ozone/hadoop-ozone/integration-test/target/test-dir/MiniOzoneClusterImpl-b3d20441-1363-4d90-8b75-dcc1ba5546e4/datanode-1/data/ratis/0d752240-0551-4b74-81b3-3fa8c06dffc7/current/log_inprogress_0
2023-08-28 09:34:59,487 [2121e5cf-c9a2-43bb-b1d5-56f983d54b52@group-3FA8C06DFFC7-SegmentedRaftLogWorker] INFO  segmented.SegmentedRaftLogWorker (SegmentedRaftLogWorker.java:execute(651)) - 2121e5cf-c9a2-43bb-b1d5-56f983d54b52@group-3FA8C06DFFC7-SegmentedRaftLogWorker: created new log segment /home/runner/work/ozone/ozone/hadoop-ozone/integration-test/target/test-dir/MiniOzoneClusterImpl-b3d20441-1363-4d90-8b75-dcc1ba5546e4/datanode-2/data/ratis/0d752240-0551-4b74-81b3-3fa8c06dffc7/current/log_inprogress_0
2023-08-28 09:34:59,499 [main] INFO  ozone.MiniOzoneClusterImpl (MiniOzoneClusterImpl.java:lambda$waitForClusterToBeReady$0(224)) - Nodes are ready. Got 5 of 5 DN Heartbeats.
2023-08-28 09:34:59,499 [main] INFO  ozone.MiniOzoneClusterImpl (MiniOzoneClusterImpl.java:lambda$waitForClusterToBeReady$0(227)) - Cluster exits safe mode
2023-08-28 09:34:59,499 [main] INFO  ozone.MiniOzoneClusterImpl (MiniOzoneClusterImpl.java:lambda$waitForClusterToBeReady$0(229)) - SCM became leader
2023-08-28 09:34:59,532 [main] INFO  rpc.RpcClient (RpcClient.java:createVolume(461)) - Creating Volume: volume82570, with user99908 as owner and space quota set to -1 bytes, counts quota set to -1
2023-08-28 09:34:59,533 [IPC Server handler 1 on default port 15163] INFO  volume.OMVolumeCreateRequest (OMVolumeCreateRequest.java:validateAndUpdateCache(196)) - created volume:volume82570 for user:user99908
2023-08-28 09:34:59,537 [main] INFO  rpc.RpcClient (RpcClient.java:createBucket(688)) - Creating Bucket: volume82570/bucket71984, with bucket layout LEGACY, runner as owner, Versioning false, Storage Type set to DISK and Encryption set to false, Replication Type set to server-side default replication type, Namespace Quota set to -1, Space Quota set to -1 
2023-08-28 09:34:59,539 [IPC Server handler 3 on default port 15163] INFO  bucket.OMBucketCreateRequest (OMBucketCreateRequest.java:validateAndUpdateCache(270)) - created bucket: bucket71984 of layout LEGACY in volume: volume82570
]]></system-out>
  </testcase>
  <testcase name="testSeekOnFileLength" classname="TestOzoneFileSystem" time="0.922">
    <system-out><![CDATA[2023-08-28 09:31:15,311 [IPC Server handler 6 on default port 15001] INFO  ha.SequenceIdGenerator (SequenceIdGenerator.java:getNextId(140)) - Allocate a batch for containerId, change lastId from 0 to 1000.
2023-08-28 09:31:15,322 [IPC Server handler 6 on default port 15001] WARN  ha.SequenceIdGenerator (SequenceIdGenerator.java:allocateBatch(253)) - Failed to allocate a batch for localId, expected lastId is 0, actual lastId is 111677748019200000.
2023-08-28 09:31:15,322 [IPC Server handler 6 on default port 15001] INFO  ha.SequenceIdGenerator (SequenceIdGenerator.java:getNextId(140)) - Allocate a batch for localId, change lastId from 111677748019200000 to 111677748019201000.
2023-08-28 09:31:15,404 [Time-limited test] INFO  impl.MetricsSystemImpl (MetricsSystemImpl.java:init(158)) - XceiverClientMetrics metrics system started (again)
2023-08-28 09:31:15,405 [Time-limited test] INFO  lib.Interns (Interns.java:removeEldestEntry(50)) - Metrics intern cache overflow at 2011 for MetricsSystem={MetricsSystem=MetricsInfoImpl{name=MetricsSystem, description=MetricsSystem}, MetricsSystem record=MetricsInfoImpl{name=MetricsSystem, description=MetricsSystem record}}
2023-08-28 09:31:16,075 [IPC Server handler 12 on default port 15001] WARN  node.SCMNodeManager (SCMNodeManager.java:getNodesByAddress(1373)) - Cannot find node for address 127.0.0.1
09:31:16.129 [IPC Server handler 4 on default port 15004] ERROR OMAudit - user=runner | ip=127.0.0.1 | op=READ_KEY {volume=volume76952, bucket=bucket05606, key=file_notexist, dataSize=0, replicationConfig=null} | ret=FAILURE
org.apache.hadoop.ozone.om.exceptions.OMException: Key:file_notexist not found
	at org.apache.hadoop.ozone.om.KeyManagerImpl.readKeyInfo(KeyManagerImpl.java:427) ~[ozone-manager-1.4.0-SNAPSHOT.jar:?]
	at org.apache.hadoop.ozone.om.KeyManagerImpl.lambda$9(KeyManagerImpl.java:1931) ~[ozone-manager-1.4.0-SNAPSHOT.jar:?]
	at org.apache.hadoop.util.MetricUtil.captureLatencyNs(MetricUtil.java:39) ~[hdds-common-1.4.0-SNAPSHOT.jar:?]
	at org.apache.hadoop.ozone.om.KeyManagerImpl.getKeyInfo(KeyManagerImpl.java:1929) ~[ozone-manager-1.4.0-SNAPSHOT.jar:?]
	at org.apache.hadoop.ozone.om.OmMetadataReader.getKeyInfo(OmMetadataReader.java:185) ~[ozone-manager-1.4.0-SNAPSHOT.jar:?]
	at org.apache.hadoop.ozone.om.OzoneManager.getKeyInfo(OzoneManager.java:2810) ~[ozone-manager-1.4.0-SNAPSHOT.jar:?]
	at org.apache.hadoop.ozone.protocolPB.OzoneManagerRequestHandler.getKeyInfo(OzoneManagerRequestHandler.java:587) ~[ozone-manager-1.4.0-SNAPSHOT.jar:?]
	at org.apache.hadoop.ozone.protocolPB.OzoneManagerRequestHandler.handleReadRequest(OzoneManagerRequestHandler.java:306) ~[ozone-manager-1.4.0-SNAPSHOT.jar:?]
	at org.apache.hadoop.ozone.protocolPB.OzoneManagerProtocolServerSideTranslatorPB.submitReadRequestToOM(OzoneManagerProtocolServerSideTranslatorPB.java:225) ~[ozone-manager-1.4.0-SNAPSHOT.jar:?]
	at org.apache.hadoop.ozone.protocolPB.OzoneManagerProtocolServerSideTranslatorPB.processRequest(OzoneManagerProtocolServerSideTranslatorPB.java:179) ~[ozone-manager-1.4.0-SNAPSHOT.jar:?]
	at org.apache.hadoop.hdds.server.OzoneProtocolMessageDispatcher.processRequest(OzoneProtocolMessageDispatcher.java:87) [hdds-server-framework-1.4.0-SNAPSHOT.jar:?]
	at org.apache.hadoop.ozone.protocolPB.OzoneManagerProtocolServerSideTranslatorPB.submitRequest(OzoneManagerProtocolServerSideTranslatorPB.java:148) [ozone-manager-1.4.0-SNAPSHOT.jar:?]
	at org.apache.hadoop.ozone.protocol.proto.OzoneManagerProtocolProtos$OzoneManagerService$2.callBlockingMethod(OzoneManagerProtocolProtos.java) [ozone-interface-client-1.4.0-SNAPSHOT.jar:?]
	at org.apache.hadoop.ipc.ProtobufRpcEngine$Server.processCall(ProtobufRpcEngine.java:484) [hadoop-common-3.3.6.jar:?]
	at org.apache.hadoop.ipc.ProtobufRpcEngine2$Server$ProtoBufRpcInvoker.call(ProtobufRpcEngine2.java:595) [hadoop-common-3.3.6.jar:?]
	at org.apache.hadoop.ipc.ProtobufRpcEngine2$Server$ProtoBufRpcInvoker.call(ProtobufRpcEngine2.java:573) [hadoop-common-3.3.6.jar:?]
	at org.apache.hadoop.ipc.RPC$Server.call(RPC.java:1227) [hadoop-common-3.3.6.jar:?]
	at org.apache.hadoop.ipc.Server$RpcCall.run(Server.java:1094) [hadoop-common-3.3.6.jar:?]
	at org.apache.hadoop.ipc.Server$RpcCall.run(Server.java:1017) [hadoop-common-3.3.6.jar:?]
	at java.security.AccessController.doPrivileged(Native Method) ~[?:1.8.0_382]
	at javax.security.auth.Subject.doAs(Subject.java:422) [?:1.8.0_382]
	at org.apache.hadoop.security.UserGroupInformation.doAs(UserGroupInformation.java:1899) [hadoop-common-3.3.6.jar:?]
	at org.apache.hadoop.ipc.Server$Handler.run(Server.java:3048) [hadoop-common-3.3.6.jar:?]
]]></system-out>
  </testcase>
  <testcase name="testSeekOnFileLength" classname="TestOzoneFileSystem" time="0.183">
    <system-out><![CDATA[2023-08-28 09:32:41,453 [8272f6d9-26a6-4075-a6fc-a782e633560b@group-6179D16E3EA5-FollowerState] INFO  impl.FollowerState (FollowerState.java:run(143)) - 8272f6d9-26a6-4075-a6fc-a782e633560b@group-6179D16E3EA5-FollowerState: change to CANDIDATE, lastRpcElapsedTime:5076755471ns, electionTimeout:5072ms
2023-08-28 09:32:41,455 [8272f6d9-26a6-4075-a6fc-a782e633560b@group-6179D16E3EA5-FollowerState] INFO  impl.RoleInfo (RoleInfo.java:shutdownFollowerState(110)) - 8272f6d9-26a6-4075-a6fc-a782e633560b: shutdown 8272f6d9-26a6-4075-a6fc-a782e633560b@group-6179D16E3EA5-FollowerState
2023-08-28 09:32:41,455 [8272f6d9-26a6-4075-a6fc-a782e633560b@group-6179D16E3EA5-FollowerState] INFO  server.RaftServer$Division (RaftServerImpl.java:setRole(329)) - 8272f6d9-26a6-4075-a6fc-a782e633560b@group-6179D16E3EA5: changes role from  FOLLOWER to CANDIDATE at term 0 for changeToCandidate
2023-08-28 09:32:41,455 [8272f6d9-26a6-4075-a6fc-a782e633560b@group-6179D16E3EA5-FollowerState] INFO  server.RaftServerConfigKeys (ConfUtils.java:logGet(46)) - raft.server.leaderelection.pre-vote = true (default)
2023-08-28 09:32:41,455 [8272f6d9-26a6-4075-a6fc-a782e633560b@group-6179D16E3EA5-FollowerState] INFO  impl.RoleInfo (RoleInfo.java:updateAndGet(139)) - 8272f6d9-26a6-4075-a6fc-a782e633560b: start 8272f6d9-26a6-4075-a6fc-a782e633560b@group-6179D16E3EA5-LeaderElection20
2023-08-28 09:32:41,465 [8272f6d9-26a6-4075-a6fc-a782e633560b@group-6179D16E3EA5-LeaderElection20] INFO  impl.LeaderElection (LeaderElection.java:askForVotes(321)) - 8272f6d9-26a6-4075-a6fc-a782e633560b@group-6179D16E3EA5-LeaderElection20 PRE_VOTE round 0: submit vote requests at term 0 for -1: peers:[8272f6d9-26a6-4075-a6fc-a782e633560b|rpc:10.1.0.27:15103|admin:10.1.0.27:15102|client:10.1.0.27:15101|dataStream:10.1.0.27:15104|priority:1|startupRole:FOLLOWER]|listeners:[], old=null
2023-08-28 09:32:41,465 [8272f6d9-26a6-4075-a6fc-a782e633560b@group-6179D16E3EA5-LeaderElection20] INFO  impl.LeaderElection (LeaderElection.java:askForVotes(323)) - 8272f6d9-26a6-4075-a6fc-a782e633560b@group-6179D16E3EA5-LeaderElection20 PRE_VOTE round 0: result PASSED (term=0)
2023-08-28 09:32:41,468 [IPC Server handler 19 on default port 15054] INFO  ha.SequenceIdGenerator (SequenceIdGenerator.java:getNextId(140)) - Allocate a batch for containerId, change lastId from 0 to 1000.
2023-08-28 09:32:41,469 [8272f6d9-26a6-4075-a6fc-a782e633560b@group-6179D16E3EA5-LeaderElection20] INFO  impl.LeaderElection (LeaderElection.java:askForVotes(321)) - 8272f6d9-26a6-4075-a6fc-a782e633560b@group-6179D16E3EA5-LeaderElection20 ELECTION round 0: submit vote requests at term 1 for -1: peers:[8272f6d9-26a6-4075-a6fc-a782e633560b|rpc:10.1.0.27:15103|admin:10.1.0.27:15102|client:10.1.0.27:15101|dataStream:10.1.0.27:15104|priority:1|startupRole:FOLLOWER]|listeners:[], old=null
2023-08-28 09:32:41,469 [8272f6d9-26a6-4075-a6fc-a782e633560b@group-6179D16E3EA5-LeaderElection20] INFO  impl.LeaderElection (LeaderElection.java:askForVotes(323)) - 8272f6d9-26a6-4075-a6fc-a782e633560b@group-6179D16E3EA5-LeaderElection20 ELECTION round 0: result PASSED (term=1)
2023-08-28 09:32:41,469 [8272f6d9-26a6-4075-a6fc-a782e633560b@group-6179D16E3EA5-LeaderElection20] INFO  impl.RoleInfo (RoleInfo.java:shutdownLeaderElection(130)) - 8272f6d9-26a6-4075-a6fc-a782e633560b: shutdown 8272f6d9-26a6-4075-a6fc-a782e633560b@group-6179D16E3EA5-LeaderElection20
2023-08-28 09:32:41,469 [8272f6d9-26a6-4075-a6fc-a782e633560b@group-6179D16E3EA5-LeaderElection20] INFO  server.RaftServer$Division (RaftServerImpl.java:setRole(329)) - 8272f6d9-26a6-4075-a6fc-a782e633560b@group-6179D16E3EA5: changes role from CANDIDATE to LEADER at term 1 for changeToLeader
2023-08-28 09:32:41,469 [IPC Server handler 19 on default port 15054] WARN  ha.SequenceIdGenerator (SequenceIdGenerator.java:allocateBatch(253)) - Failed to allocate a batch for localId, expected lastId is 0, actual lastId is 111677748019200000.
2023-08-28 09:32:41,469 [IPC Server handler 19 on default port 15054] INFO  ha.SequenceIdGenerator (SequenceIdGenerator.java:getNextId(140)) - Allocate a batch for localId, change lastId from 111677748019200000 to 111677748019201000.
2023-08-28 09:32:41,469 [8272f6d9-26a6-4075-a6fc-a782e633560b@group-6179D16E3EA5-LeaderElection20] INFO  ratis.XceiverServerRatis (XceiverServerRatis.java:handleLeaderChangedNotification(902)) - Leader change notification received for group: group-6179D16E3EA5 with new leaderId: 8272f6d9-26a6-4075-a6fc-a782e633560b
2023-08-28 09:32:41,470 [8272f6d9-26a6-4075-a6fc-a782e633560b@group-6179D16E3EA5-LeaderElection20] INFO  server.RaftServer$Division (ServerState.java:setLeader(317)) - 8272f6d9-26a6-4075-a6fc-a782e633560b@group-6179D16E3EA5: change Leader from null to 8272f6d9-26a6-4075-a6fc-a782e633560b at term 1 for becomeLeader, leader elected after 5108ms
2023-08-28 09:32:41,470 [8272f6d9-26a6-4075-a6fc-a782e633560b@group-6179D16E3EA5-LeaderElection20] INFO  server.RaftServerConfigKeys (ConfUtils.java:logGet(46)) - raft.server.staging.catchup.gap = 1000 (default)
2023-08-28 09:32:41,470 [8272f6d9-26a6-4075-a6fc-a782e633560b@group-6179D16E3EA5-LeaderElection20] INFO  server.RaftServerConfigKeys (ConfUtils.java:logGet(46)) - raft.server.write.element-limit = 1024 (custom)
2023-08-28 09:32:41,470 [8272f6d9-26a6-4075-a6fc-a782e633560b@group-6179D16E3EA5-LeaderElection20] INFO  server.RaftServerConfigKeys (ConfUtils.java:logGet(46)) - raft.server.write.byte-limit = 1024 M (=1073741824) (custom)
2023-08-28 09:32:41,470 [8272f6d9-26a6-4075-a6fc-a782e633560b@group-6179D16E3EA5-LeaderElection20] INFO  server.RaftServerConfigKeys (ConfUtils.java:logGet(46)) - raft.server.watch.timeout = 180s (custom)
2023-08-28 09:32:41,471 [8272f6d9-26a6-4075-a6fc-a782e633560b@group-6179D16E3EA5-LeaderElection20] INFO  server.RaftServerConfigKeys (ConfUtils.java:logGet(46)) - raft.server.watch.timeout.denomination = 1s (default)
2023-08-28 09:32:41,471 [8272f6d9-26a6-4075-a6fc-a782e633560b@group-6179D16E3EA5-LeaderElection20] INFO  server.RaftServerConfigKeys (ConfUtils.java:logGet(46)) - raft.server.watch.element-limit = 65536 (default)
2023-08-28 09:32:41,471 [8272f6d9-26a6-4075-a6fc-a782e633560b@group-6179D16E3EA5-LeaderElection20] INFO  server.RaftServerConfigKeys (ConfUtils.java:logGet(46)) - raft.server.write.element-limit = 1024 (custom)
2023-08-28 09:32:41,471 [8272f6d9-26a6-4075-a6fc-a782e633560b@group-6179D16E3EA5-LeaderElection20] INFO  server.RaftServerConfigKeys (ConfUtils.java:logGet(46)) - raft.server.write.follower.gap.ratio.max = -1.0 (default)
2023-08-28 09:32:41,471 [8272f6d9-26a6-4075-a6fc-a782e633560b@group-6179D16E3EA5-LeaderElection20] INFO  impl.RoleInfo (RoleInfo.java:updateAndGet(139)) - 8272f6d9-26a6-4075-a6fc-a782e633560b: start 8272f6d9-26a6-4075-a6fc-a782e633560b@group-6179D16E3EA5-LeaderStateImpl
2023-08-28 09:32:41,471 [8272f6d9-26a6-4075-a6fc-a782e633560b@group-6179D16E3EA5-LeaderElection20] INFO  segmented.SegmentedRaftLogWorker (SegmentedRaftLogWorker.java:startLogSegment(447)) - 8272f6d9-26a6-4075-a6fc-a782e633560b@group-6179D16E3EA5-SegmentedRaftLogWorker: Starting segment from index:0
2023-08-28 09:32:41,472 [8272f6d9-26a6-4075-a6fc-a782e633560b@group-6179D16E3EA5-SegmentedRaftLogWorker] INFO  segmented.SegmentedRaftLogWorker (SegmentedRaftLogWorker.java:execute(651)) - 8272f6d9-26a6-4075-a6fc-a782e633560b@group-6179D16E3EA5-SegmentedRaftLogWorker: created new log segment /home/runner/work/ozone/ozone/hadoop-ozone/integration-test/target/test-dir/MiniOzoneClusterImpl-67722190-891d-4afa-8cef-415625a2914e/datanode-4/data/ratis/4b1fa764-8346-4db1-8ff3-6179d16e3ea5/current/log_inprogress_0
2023-08-28 09:32:41,485 [8272f6d9-26a6-4075-a6fc-a782e633560b@group-6179D16E3EA5-LeaderElection20] INFO  server.RaftServer$Division (ServerState.java:setRaftConf(434)) - 8272f6d9-26a6-4075-a6fc-a782e633560b@group-6179D16E3EA5: set configuration 0: peers:[8272f6d9-26a6-4075-a6fc-a782e633560b|rpc:10.1.0.27:15103|admin:10.1.0.27:15102|client:10.1.0.27:15101|dataStream:10.1.0.27:15104|priority:1|startupRole:FOLLOWER]|listeners:[], old=null
2023-08-28 09:32:41,604 [IPC Server handler 15 on default port 15054] WARN  node.SCMNodeManager (SCMNodeManager.java:getNodesByAddress(1373)) - Cannot find node for address 127.0.0.1
09:32:41.615 [IPC Server handler 17 on default port 15057] ERROR OMAudit - user=runner | ip=127.0.0.1 | op=READ_KEY {volume=volume78214, bucket=bucket62222, key=file_notexist, dataSize=0, replicationConfig=null} | ret=FAILURE
org.apache.hadoop.ozone.om.exceptions.OMException: Key:file_notexist not found
	at org.apache.hadoop.ozone.om.KeyManagerImpl.readKeyInfo(KeyManagerImpl.java:427) ~[ozone-manager-1.4.0-SNAPSHOT.jar:?]
	at org.apache.hadoop.ozone.om.KeyManagerImpl.lambda$9(KeyManagerImpl.java:1931) ~[ozone-manager-1.4.0-SNAPSHOT.jar:?]
	at org.apache.hadoop.util.MetricUtil.captureLatencyNs(MetricUtil.java:39) ~[hdds-common-1.4.0-SNAPSHOT.jar:?]
	at org.apache.hadoop.ozone.om.KeyManagerImpl.getKeyInfo(KeyManagerImpl.java:1929) ~[ozone-manager-1.4.0-SNAPSHOT.jar:?]
	at org.apache.hadoop.ozone.om.OmMetadataReader.getKeyInfo(OmMetadataReader.java:185) ~[ozone-manager-1.4.0-SNAPSHOT.jar:?]
	at org.apache.hadoop.ozone.om.OzoneManager.getKeyInfo(OzoneManager.java:2810) ~[ozone-manager-1.4.0-SNAPSHOT.jar:?]
	at org.apache.hadoop.ozone.protocolPB.OzoneManagerRequestHandler.getKeyInfo(OzoneManagerRequestHandler.java:587) ~[ozone-manager-1.4.0-SNAPSHOT.jar:?]
	at org.apache.hadoop.ozone.protocolPB.OzoneManagerRequestHandler.handleReadRequest(OzoneManagerRequestHandler.java:306) ~[ozone-manager-1.4.0-SNAPSHOT.jar:?]
	at org.apache.hadoop.ozone.protocolPB.OzoneManagerProtocolServerSideTranslatorPB.submitRequestDirectlyToOM(OzoneManagerProtocolServerSideTranslatorPB.java:274) ~[ozone-manager-1.4.0-SNAPSHOT.jar:?]
	at org.apache.hadoop.ozone.protocolPB.OzoneManagerProtocolServerSideTranslatorPB.processRequest(OzoneManagerProtocolServerSideTranslatorPB.java:175) ~[ozone-manager-1.4.0-SNAPSHOT.jar:?]
	at org.apache.hadoop.hdds.server.OzoneProtocolMessageDispatcher.processRequest(OzoneProtocolMessageDispatcher.java:87) [hdds-server-framework-1.4.0-SNAPSHOT.jar:?]
	at org.apache.hadoop.ozone.protocolPB.OzoneManagerProtocolServerSideTranslatorPB.submitRequest(OzoneManagerProtocolServerSideTranslatorPB.java:148) [ozone-manager-1.4.0-SNAPSHOT.jar:?]
	at org.apache.hadoop.ozone.protocol.proto.OzoneManagerProtocolProtos$OzoneManagerService$2.callBlockingMethod(OzoneManagerProtocolProtos.java) [ozone-interface-client-1.4.0-SNAPSHOT.jar:?]
	at org.apache.hadoop.ipc.ProtobufRpcEngine$Server.processCall(ProtobufRpcEngine.java:484) [hadoop-common-3.3.6.jar:?]
	at org.apache.hadoop.ipc.ProtobufRpcEngine2$Server$ProtoBufRpcInvoker.call(ProtobufRpcEngine2.java:595) [hadoop-common-3.3.6.jar:?]
	at org.apache.hadoop.ipc.ProtobufRpcEngine2$Server$ProtoBufRpcInvoker.call(ProtobufRpcEngine2.java:573) [hadoop-common-3.3.6.jar:?]
	at org.apache.hadoop.ipc.RPC$Server.call(RPC.java:1227) [hadoop-common-3.3.6.jar:?]
	at org.apache.hadoop.ipc.Server$RpcCall.run(Server.java:1094) [hadoop-common-3.3.6.jar:?]
	at org.apache.hadoop.ipc.Server$RpcCall.run(Server.java:1017) [hadoop-common-3.3.6.jar:?]
	at java.security.AccessController.doPrivileged(Native Method) ~[?:1.8.0_382]
	at javax.security.auth.Subject.doAs(Subject.java:422) [?:1.8.0_382]
	at org.apache.hadoop.security.UserGroupInformation.doAs(UserGroupInformation.java:1899) [hadoop-common-3.3.6.jar:?]
	at org.apache.hadoop.ipc.Server$Handler.run(Server.java:3048) [hadoop-common-3.3.6.jar:?]
]]></system-out>
  </testcase>
  <testcase name="testSeekOnFileLength" classname="TestOzoneFileSystem" time="0.146">
    <system-out><![CDATA[2023-08-28 09:33:48,948 [IPC Server handler 2 on default port 15107] INFO  ha.SequenceIdGenerator (SequenceIdGenerator.java:getNextId(140)) - Allocate a batch for containerId, change lastId from 0 to 1000.
2023-08-28 09:33:48,948 [IPC Server handler 2 on default port 15107] WARN  ha.SequenceIdGenerator (SequenceIdGenerator.java:allocateBatch(253)) - Failed to allocate a batch for localId, expected lastId is 0, actual lastId is 111677748019200000.
2023-08-28 09:33:48,949 [IPC Server handler 2 on default port 15107] INFO  ha.SequenceIdGenerator (SequenceIdGenerator.java:getNextId(140)) - Allocate a batch for localId, change lastId from 111677748019200000 to 111677748019201000.
2023-08-28 09:33:48,969 [41455824-df48-4b98-a96f-a0f226daf9c9@group-5012ECE90A63-FollowerState] INFO  impl.FollowerState (FollowerState.java:run(143)) - 41455824-df48-4b98-a96f-a0f226daf9c9@group-5012ECE90A63-FollowerState: change to CANDIDATE, lastRpcElapsedTime:5165487659ns, electionTimeout:5164ms
2023-08-28 09:33:48,969 [41455824-df48-4b98-a96f-a0f226daf9c9@group-5012ECE90A63-FollowerState] INFO  impl.RoleInfo (RoleInfo.java:shutdownFollowerState(110)) - 41455824-df48-4b98-a96f-a0f226daf9c9: shutdown 41455824-df48-4b98-a96f-a0f226daf9c9@group-5012ECE90A63-FollowerState
2023-08-28 09:33:48,969 [41455824-df48-4b98-a96f-a0f226daf9c9@group-5012ECE90A63-FollowerState] INFO  server.RaftServer$Division (RaftServerImpl.java:setRole(329)) - 41455824-df48-4b98-a96f-a0f226daf9c9@group-5012ECE90A63: changes role from  FOLLOWER to CANDIDATE at term 0 for changeToCandidate
2023-08-28 09:33:48,969 [41455824-df48-4b98-a96f-a0f226daf9c9@group-5012ECE90A63-FollowerState] INFO  server.RaftServerConfigKeys (ConfUtils.java:logGet(46)) - raft.server.leaderelection.pre-vote = true (default)
2023-08-28 09:33:48,969 [41455824-df48-4b98-a96f-a0f226daf9c9@group-5012ECE90A63-FollowerState] INFO  impl.RoleInfo (RoleInfo.java:updateAndGet(139)) - 41455824-df48-4b98-a96f-a0f226daf9c9: start 41455824-df48-4b98-a96f-a0f226daf9c9@group-5012ECE90A63-LeaderElection30
2023-08-28 09:33:48,971 [41455824-df48-4b98-a96f-a0f226daf9c9@group-5012ECE90A63-LeaderElection30] INFO  impl.LeaderElection (LeaderElection.java:askForVotes(321)) - 41455824-df48-4b98-a96f-a0f226daf9c9@group-5012ECE90A63-LeaderElection30 PRE_VOTE round 0: submit vote requests at term 0 for -1: peers:[41455824-df48-4b98-a96f-a0f226daf9c9|rpc:10.1.0.27:15156|admin:10.1.0.27:15155|client:10.1.0.27:15154|dataStream:10.1.0.27:15157|priority:1|startupRole:FOLLOWER]|listeners:[], old=null
2023-08-28 09:33:48,971 [41455824-df48-4b98-a96f-a0f226daf9c9@group-5012ECE90A63-LeaderElection30] INFO  impl.LeaderElection (LeaderElection.java:askForVotes(323)) - 41455824-df48-4b98-a96f-a0f226daf9c9@group-5012ECE90A63-LeaderElection30 PRE_VOTE round 0: result PASSED (term=0)
2023-08-28 09:33:48,979 [41455824-df48-4b98-a96f-a0f226daf9c9@group-5012ECE90A63-LeaderElection30] INFO  impl.LeaderElection (LeaderElection.java:askForVotes(321)) - 41455824-df48-4b98-a96f-a0f226daf9c9@group-5012ECE90A63-LeaderElection30 ELECTION round 0: submit vote requests at term 1 for -1: peers:[41455824-df48-4b98-a96f-a0f226daf9c9|rpc:10.1.0.27:15156|admin:10.1.0.27:15155|client:10.1.0.27:15154|dataStream:10.1.0.27:15157|priority:1|startupRole:FOLLOWER]|listeners:[], old=null
2023-08-28 09:33:48,979 [41455824-df48-4b98-a96f-a0f226daf9c9@group-5012ECE90A63-LeaderElection30] INFO  impl.LeaderElection (LeaderElection.java:askForVotes(323)) - 41455824-df48-4b98-a96f-a0f226daf9c9@group-5012ECE90A63-LeaderElection30 ELECTION round 0: result PASSED (term=1)
2023-08-28 09:33:48,979 [41455824-df48-4b98-a96f-a0f226daf9c9@group-5012ECE90A63-LeaderElection30] INFO  impl.RoleInfo (RoleInfo.java:shutdownLeaderElection(130)) - 41455824-df48-4b98-a96f-a0f226daf9c9: shutdown 41455824-df48-4b98-a96f-a0f226daf9c9@group-5012ECE90A63-LeaderElection30
2023-08-28 09:33:48,979 [41455824-df48-4b98-a96f-a0f226daf9c9@group-5012ECE90A63-LeaderElection30] INFO  server.RaftServer$Division (RaftServerImpl.java:setRole(329)) - 41455824-df48-4b98-a96f-a0f226daf9c9@group-5012ECE90A63: changes role from CANDIDATE to LEADER at term 1 for changeToLeader
2023-08-28 09:33:48,979 [41455824-df48-4b98-a96f-a0f226daf9c9@group-5012ECE90A63-LeaderElection30] INFO  ratis.XceiverServerRatis (XceiverServerRatis.java:handleLeaderChangedNotification(902)) - Leader change notification received for group: group-5012ECE90A63 with new leaderId: 41455824-df48-4b98-a96f-a0f226daf9c9
2023-08-28 09:33:48,979 [41455824-df48-4b98-a96f-a0f226daf9c9@group-5012ECE90A63-LeaderElection30] INFO  server.RaftServer$Division (ServerState.java:setLeader(317)) - 41455824-df48-4b98-a96f-a0f226daf9c9@group-5012ECE90A63: change Leader from null to 41455824-df48-4b98-a96f-a0f226daf9c9 at term 1 for becomeLeader, leader elected after 5190ms
2023-08-28 09:33:48,979 [41455824-df48-4b98-a96f-a0f226daf9c9@group-5012ECE90A63-LeaderElection30] INFO  server.RaftServerConfigKeys (ConfUtils.java:logGet(46)) - raft.server.staging.catchup.gap = 1000 (default)
2023-08-28 09:33:48,986 [41455824-df48-4b98-a96f-a0f226daf9c9@group-5012ECE90A63-LeaderElection30] INFO  server.RaftServerConfigKeys (ConfUtils.java:logGet(46)) - raft.server.write.element-limit = 1024 (custom)
2023-08-28 09:33:48,996 [41455824-df48-4b98-a96f-a0f226daf9c9@group-5012ECE90A63-LeaderElection30] INFO  server.RaftServerConfigKeys (ConfUtils.java:logGet(46)) - raft.server.write.byte-limit = 1024 M (=1073741824) (custom)
2023-08-28 09:33:49,001 [41455824-df48-4b98-a96f-a0f226daf9c9@group-5012ECE90A63-LeaderElection30] INFO  server.RaftServerConfigKeys (ConfUtils.java:logGet(46)) - raft.server.watch.timeout = 180s (custom)
2023-08-28 09:33:49,001 [41455824-df48-4b98-a96f-a0f226daf9c9@group-5012ECE90A63-LeaderElection30] INFO  server.RaftServerConfigKeys (ConfUtils.java:logGet(46)) - raft.server.watch.timeout.denomination = 1s (default)
2023-08-28 09:33:49,001 [41455824-df48-4b98-a96f-a0f226daf9c9@group-5012ECE90A63-LeaderElection30] INFO  server.RaftServerConfigKeys (ConfUtils.java:logGet(46)) - raft.server.watch.element-limit = 65536 (default)
2023-08-28 09:33:49,001 [41455824-df48-4b98-a96f-a0f226daf9c9@group-5012ECE90A63-LeaderElection30] INFO  server.RaftServerConfigKeys (ConfUtils.java:logGet(46)) - raft.server.write.element-limit = 1024 (custom)
2023-08-28 09:33:49,001 [41455824-df48-4b98-a96f-a0f226daf9c9@group-5012ECE90A63-LeaderElection30] INFO  server.RaftServerConfigKeys (ConfUtils.java:logGet(46)) - raft.server.write.follower.gap.ratio.max = -1.0 (default)
2023-08-28 09:33:49,001 [41455824-df48-4b98-a96f-a0f226daf9c9@group-5012ECE90A63-LeaderElection30] INFO  impl.RoleInfo (RoleInfo.java:updateAndGet(139)) - 41455824-df48-4b98-a96f-a0f226daf9c9: start 41455824-df48-4b98-a96f-a0f226daf9c9@group-5012ECE90A63-LeaderStateImpl
2023-08-28 09:33:49,001 [41455824-df48-4b98-a96f-a0f226daf9c9@group-5012ECE90A63-LeaderElection30] INFO  segmented.SegmentedRaftLogWorker (SegmentedRaftLogWorker.java:startLogSegment(447)) - 41455824-df48-4b98-a96f-a0f226daf9c9@group-5012ECE90A63-SegmentedRaftLogWorker: Starting segment from index:0
2023-08-28 09:33:49,005 [41455824-df48-4b98-a96f-a0f226daf9c9@group-5012ECE90A63-SegmentedRaftLogWorker] INFO  segmented.SegmentedRaftLogWorker (SegmentedRaftLogWorker.java:execute(651)) - 41455824-df48-4b98-a96f-a0f226daf9c9@group-5012ECE90A63-SegmentedRaftLogWorker: created new log segment /home/runner/work/ozone/ozone/hadoop-ozone/integration-test/target/test-dir/MiniOzoneClusterImpl-ff034f8e-8080-4075-bf38-01537132cba4/datanode-4/data/ratis/b2f5c93a-08a2-4358-8660-5012ece90a63/current/log_inprogress_0
2023-08-28 09:33:49,017 [41455824-df48-4b98-a96f-a0f226daf9c9@group-5012ECE90A63-LeaderElection30] INFO  server.RaftServer$Division (ServerState.java:setRaftConf(434)) - 41455824-df48-4b98-a96f-a0f226daf9c9@group-5012ECE90A63: set configuration 0: peers:[41455824-df48-4b98-a96f-a0f226daf9c9|rpc:10.1.0.27:15156|admin:10.1.0.27:15155|client:10.1.0.27:15154|dataStream:10.1.0.27:15157|priority:1|startupRole:FOLLOWER]|listeners:[], old=null
2023-08-28 09:33:49,064 [IPC Server handler 11 on default port 15107] WARN  node.SCMNodeManager (SCMNodeManager.java:getNodesByAddress(1373)) - Cannot find node for address 127.0.0.1
09:33:49.078 [IPC Server handler 14 on default port 15110] ERROR OMAudit - user=runner | ip=127.0.0.1 | op=READ_KEY {volume=volume01359, bucket=bucket03907, key=file_notexist, dataSize=0, replicationConfig=null} | ret=FAILURE
org.apache.hadoop.ozone.om.exceptions.OMException: Key:file_notexist not found
	at org.apache.hadoop.ozone.om.KeyManagerImpl.readKeyInfo(KeyManagerImpl.java:427) ~[ozone-manager-1.4.0-SNAPSHOT.jar:?]
	at org.apache.hadoop.ozone.om.KeyManagerImpl.lambda$9(KeyManagerImpl.java:1931) ~[ozone-manager-1.4.0-SNAPSHOT.jar:?]
	at org.apache.hadoop.util.MetricUtil.captureLatencyNs(MetricUtil.java:39) ~[hdds-common-1.4.0-SNAPSHOT.jar:?]
	at org.apache.hadoop.ozone.om.KeyManagerImpl.getKeyInfo(KeyManagerImpl.java:1929) ~[ozone-manager-1.4.0-SNAPSHOT.jar:?]
	at org.apache.hadoop.ozone.om.OmMetadataReader.getKeyInfo(OmMetadataReader.java:185) ~[ozone-manager-1.4.0-SNAPSHOT.jar:?]
	at org.apache.hadoop.ozone.om.OzoneManager.getKeyInfo(OzoneManager.java:2810) ~[ozone-manager-1.4.0-SNAPSHOT.jar:?]
	at org.apache.hadoop.ozone.protocolPB.OzoneManagerRequestHandler.getKeyInfo(OzoneManagerRequestHandler.java:587) ~[ozone-manager-1.4.0-SNAPSHOT.jar:?]
	at org.apache.hadoop.ozone.protocolPB.OzoneManagerRequestHandler.handleReadRequest(OzoneManagerRequestHandler.java:306) ~[ozone-manager-1.4.0-SNAPSHOT.jar:?]
	at org.apache.hadoop.ozone.protocolPB.OzoneManagerProtocolServerSideTranslatorPB.submitReadRequestToOM(OzoneManagerProtocolServerSideTranslatorPB.java:225) ~[ozone-manager-1.4.0-SNAPSHOT.jar:?]
	at org.apache.hadoop.ozone.protocolPB.OzoneManagerProtocolServerSideTranslatorPB.processRequest(OzoneManagerProtocolServerSideTranslatorPB.java:179) ~[ozone-manager-1.4.0-SNAPSHOT.jar:?]
	at org.apache.hadoop.hdds.server.OzoneProtocolMessageDispatcher.processRequest(OzoneProtocolMessageDispatcher.java:87) [hdds-server-framework-1.4.0-SNAPSHOT.jar:?]
	at org.apache.hadoop.ozone.protocolPB.OzoneManagerProtocolServerSideTranslatorPB.submitRequest(OzoneManagerProtocolServerSideTranslatorPB.java:148) [ozone-manager-1.4.0-SNAPSHOT.jar:?]
	at org.apache.hadoop.ozone.protocol.proto.OzoneManagerProtocolProtos$OzoneManagerService$2.callBlockingMethod(OzoneManagerProtocolProtos.java) [ozone-interface-client-1.4.0-SNAPSHOT.jar:?]
	at org.apache.hadoop.ipc.ProtobufRpcEngine$Server.processCall(ProtobufRpcEngine.java:484) [hadoop-common-3.3.6.jar:?]
	at org.apache.hadoop.ipc.ProtobufRpcEngine2$Server$ProtoBufRpcInvoker.call(ProtobufRpcEngine2.java:595) [hadoop-common-3.3.6.jar:?]
	at org.apache.hadoop.ipc.ProtobufRpcEngine2$Server$ProtoBufRpcInvoker.call(ProtobufRpcEngine2.java:573) [hadoop-common-3.3.6.jar:?]
	at org.apache.hadoop.ipc.RPC$Server.call(RPC.java:1227) [hadoop-common-3.3.6.jar:?]
	at org.apache.hadoop.ipc.Server$RpcCall.run(Server.java:1094) [hadoop-common-3.3.6.jar:?]
	at org.apache.hadoop.ipc.Server$RpcCall.run(Server.java:1017) [hadoop-common-3.3.6.jar:?]
	at java.security.AccessController.doPrivileged(Native Method) ~[?:1.8.0_382]
	at javax.security.auth.Subject.doAs(Subject.java:422) [?:1.8.0_382]
	at org.apache.hadoop.security.UserGroupInformation.doAs(UserGroupInformation.java:1899) [hadoop-common-3.3.6.jar:?]
	at org.apache.hadoop.ipc.Server$Handler.run(Server.java:3048) [hadoop-common-3.3.6.jar:?]
]]></system-out>
  </testcase>
  <testcase name="testSeekOnFileLength" classname="TestOzoneFileSystem" time="0.168">
    <system-out><![CDATA[2023-08-28 09:34:59,580 [IPC Server handler 1 on default port 15160] INFO  ha.SequenceIdGenerator (SequenceIdGenerator.java:getNextId(140)) - Allocate a batch for containerId, change lastId from 0 to 1000.
2023-08-28 09:34:59,584 [IPC Server handler 1 on default port 15160] WARN  ha.SequenceIdGenerator (SequenceIdGenerator.java:allocateBatch(253)) - Failed to allocate a batch for localId, expected lastId is 0, actual lastId is 111677748019200000.
2023-08-28 09:34:59,584 [IPC Server handler 1 on default port 15160] INFO  ha.SequenceIdGenerator (SequenceIdGenerator.java:getNextId(140)) - Allocate a batch for localId, change lastId from 111677748019200000 to 111677748019201000.
2023-08-28 09:34:59,645 [ef3a886b-561e-496b-b271-3b32784cf0be@group-ADC6A1F9A082-FollowerState] INFO  impl.FollowerState (FollowerState.java:run(143)) - ef3a886b-561e-496b-b271-3b32784cf0be@group-ADC6A1F9A082-FollowerState: change to CANDIDATE, lastRpcElapsedTime:5158514118ns, electionTimeout:5158ms
2023-08-28 09:34:59,645 [ef3a886b-561e-496b-b271-3b32784cf0be@group-ADC6A1F9A082-FollowerState] INFO  impl.RoleInfo (RoleInfo.java:shutdownFollowerState(110)) - ef3a886b-561e-496b-b271-3b32784cf0be: shutdown ef3a886b-561e-496b-b271-3b32784cf0be@group-ADC6A1F9A082-FollowerState
2023-08-28 09:34:59,645 [ef3a886b-561e-496b-b271-3b32784cf0be@group-ADC6A1F9A082-FollowerState] INFO  server.RaftServer$Division (RaftServerImpl.java:setRole(329)) - ef3a886b-561e-496b-b271-3b32784cf0be@group-ADC6A1F9A082: changes role from  FOLLOWER to CANDIDATE at term 0 for changeToCandidate
2023-08-28 09:34:59,645 [ef3a886b-561e-496b-b271-3b32784cf0be@group-ADC6A1F9A082-FollowerState] INFO  server.RaftServerConfigKeys (ConfUtils.java:logGet(46)) - raft.server.leaderelection.pre-vote = true (default)
2023-08-28 09:34:59,645 [ef3a886b-561e-496b-b271-3b32784cf0be@group-ADC6A1F9A082-FollowerState] INFO  impl.RoleInfo (RoleInfo.java:updateAndGet(139)) - ef3a886b-561e-496b-b271-3b32784cf0be: start ef3a886b-561e-496b-b271-3b32784cf0be@group-ADC6A1F9A082-LeaderElection33
2023-08-28 09:34:59,659 [ef3a886b-561e-496b-b271-3b32784cf0be@group-ADC6A1F9A082-LeaderElection33] INFO  impl.LeaderElection (LeaderElection.java:askForVotes(321)) - ef3a886b-561e-496b-b271-3b32784cf0be@group-ADC6A1F9A082-LeaderElection33 PRE_VOTE round 0: submit vote requests at term 0 for -1: peers:[2121e5cf-c9a2-43bb-b1d5-56f983d54b52|rpc:10.1.0.27:15191|admin:10.1.0.27:15190|client:10.1.0.27:15189|dataStream:10.1.0.27:15192|priority:0|startupRole:FOLLOWER, 269fa438-bc78-433d-911d-e020a0e24055|rpc:10.1.0.27:15182|admin:10.1.0.27:15181|client:10.1.0.27:15180|dataStream:10.1.0.27:15183|priority:1|startupRole:FOLLOWER, ef3a886b-561e-496b-b271-3b32784cf0be|rpc:10.1.0.27:15173|admin:10.1.0.27:15172|client:10.1.0.27:15171|dataStream:10.1.0.27:15174|priority:0|startupRole:FOLLOWER]|listeners:[], old=null
2023-08-28 09:34:59,661 [grpc-default-executor-3] INFO  server.RaftServer$Division (RaftServerImpl.java:requestVote(1302)) - 2121e5cf-c9a2-43bb-b1d5-56f983d54b52@group-ADC6A1F9A082: receive requestVote(PRE_VOTE, ef3a886b-561e-496b-b271-3b32784cf0be, group-ADC6A1F9A082, 0, (t:0, i:0))
2023-08-28 09:34:59,661 [grpc-default-executor-3] INFO  impl.VoteContext (VoteContext.java:log(49)) - 2121e5cf-c9a2-43bb-b1d5-56f983d54b52@group-ADC6A1F9A082-FOLLOWER: accept PRE_VOTE from ef3a886b-561e-496b-b271-3b32784cf0be: our priority 0 <= candidate's priority 0
2023-08-28 09:34:59,661 [grpc-default-executor-3] INFO  server.RaftServer$Division (RaftServerImpl.java:requestVote(1335)) - 2121e5cf-c9a2-43bb-b1d5-56f983d54b52@group-ADC6A1F9A082 replies to PRE_VOTE vote request: ef3a886b-561e-496b-b271-3b32784cf0be<-2121e5cf-c9a2-43bb-b1d5-56f983d54b52#0:OK-t0. Peer's state: 2121e5cf-c9a2-43bb-b1d5-56f983d54b52@group-ADC6A1F9A082:t0, leader=null, voted=, raftlog=Memoized:2121e5cf-c9a2-43bb-b1d5-56f983d54b52@group-ADC6A1F9A082-SegmentedRaftLog:OPENED:c-1, conf=-1: peers:[2121e5cf-c9a2-43bb-b1d5-56f983d54b52|rpc:10.1.0.27:15191|admin:10.1.0.27:15190|client:10.1.0.27:15189|dataStream:10.1.0.27:15192|priority:0|startupRole:FOLLOWER, 269fa438-bc78-433d-911d-e020a0e24055|rpc:10.1.0.27:15182|admin:10.1.0.27:15181|client:10.1.0.27:15180|dataStream:10.1.0.27:15183|priority:1|startupRole:FOLLOWER, ef3a886b-561e-496b-b271-3b32784cf0be|rpc:10.1.0.27:15173|admin:10.1.0.27:15172|client:10.1.0.27:15171|dataStream:10.1.0.27:15174|priority:0|startupRole:FOLLOWER]|listeners:[], old=null
2023-08-28 09:34:59,662 [ef3a886b-561e-496b-b271-3b32784cf0be@group-ADC6A1F9A082-LeaderElection33] INFO  server.RaftServerConfigKeys (ConfUtils.java:logFallback(53)) - raft.server.rpc.first-election.timeout.min = 5s (fallback to raft.server.rpc.timeout.min)
2023-08-28 09:34:59,662 [ef3a886b-561e-496b-b271-3b32784cf0be@group-ADC6A1F9A082-LeaderElection33] INFO  server.RaftServerConfigKeys (ConfUtils.java:logFallback(53)) - raft.server.rpc.first-election.timeout.max = 5200ms (fallback to raft.server.rpc.timeout.max)
2023-08-28 09:34:59,665 [grpc-default-executor-5] INFO  server.RaftServer$Division (RaftServerImpl.java:requestVote(1302)) - 269fa438-bc78-433d-911d-e020a0e24055@group-ADC6A1F9A082: receive requestVote(PRE_VOTE, ef3a886b-561e-496b-b271-3b32784cf0be, group-ADC6A1F9A082, 0, (t:0, i:0))
2023-08-28 09:34:59,665 [grpc-default-executor-5] INFO  impl.VoteContext (VoteContext.java:log(49)) - 269fa438-bc78-433d-911d-e020a0e24055@group-ADC6A1F9A082-FOLLOWER: reject PRE_VOTE from ef3a886b-561e-496b-b271-3b32784cf0be: our priority 1 > candidate's priority 0
2023-08-28 09:34:59,665 [grpc-default-executor-5] INFO  server.RaftServer$Division (RaftServerImpl.java:requestVote(1335)) - 269fa438-bc78-433d-911d-e020a0e24055@group-ADC6A1F9A082 replies to PRE_VOTE vote request: ef3a886b-561e-496b-b271-3b32784cf0be<-269fa438-bc78-433d-911d-e020a0e24055#0:FAIL-t0. Peer's state: 269fa438-bc78-433d-911d-e020a0e24055@group-ADC6A1F9A082:t0, leader=null, voted=, raftlog=Memoized:269fa438-bc78-433d-911d-e020a0e24055@group-ADC6A1F9A082-SegmentedRaftLog:OPENED:c-1, conf=-1: peers:[2121e5cf-c9a2-43bb-b1d5-56f983d54b52|rpc:10.1.0.27:15191|admin:10.1.0.27:15190|client:10.1.0.27:15189|dataStream:10.1.0.27:15192|priority:0|startupRole:FOLLOWER, 269fa438-bc78-433d-911d-e020a0e24055|rpc:10.1.0.27:15182|admin:10.1.0.27:15181|client:10.1.0.27:15180|dataStream:10.1.0.27:15183|priority:1|startupRole:FOLLOWER, ef3a886b-561e-496b-b271-3b32784cf0be|rpc:10.1.0.27:15173|admin:10.1.0.27:15172|client:10.1.0.27:15171|dataStream:10.1.0.27:15174|priority:0|startupRole:FOLLOWER]|listeners:[], old=null
2023-08-28 09:34:59,667 [ef3a886b-561e-496b-b271-3b32784cf0be@group-ADC6A1F9A082-LeaderElection33] INFO  impl.LeaderElection (LeaderElection.java:logAndReturn(90)) - ef3a886b-561e-496b-b271-3b32784cf0be@group-ADC6A1F9A082-LeaderElection33: PRE_VOTE REJECTED received 2 response(s) and 0 exception(s):
2023-08-28 09:34:59,667 [ef3a886b-561e-496b-b271-3b32784cf0be@group-ADC6A1F9A082-LeaderElection33] INFO  impl.LeaderElection (LeaderElection.java:logAndReturn(94)) -   Response 0: ef3a886b-561e-496b-b271-3b32784cf0be<-2121e5cf-c9a2-43bb-b1d5-56f983d54b52#0:OK-t0
2023-08-28 09:34:59,667 [ef3a886b-561e-496b-b271-3b32784cf0be@group-ADC6A1F9A082-LeaderElection33] INFO  impl.LeaderElection (LeaderElection.java:logAndReturn(94)) -   Response 1: ef3a886b-561e-496b-b271-3b32784cf0be<-269fa438-bc78-433d-911d-e020a0e24055#0:FAIL-t0
2023-08-28 09:34:59,667 [ef3a886b-561e-496b-b271-3b32784cf0be@group-ADC6A1F9A082-LeaderElection33] INFO  impl.LeaderElection (LeaderElection.java:askForVotes(323)) - ef3a886b-561e-496b-b271-3b32784cf0be@group-ADC6A1F9A082-LeaderElection33 PRE_VOTE round 0: result REJECTED
2023-08-28 09:34:59,667 [ef3a886b-561e-496b-b271-3b32784cf0be@group-ADC6A1F9A082-LeaderElection33] INFO  server.RaftServer$Division (RaftServerImpl.java:setRole(329)) - ef3a886b-561e-496b-b271-3b32784cf0be@group-ADC6A1F9A082: changes role from CANDIDATE to FOLLOWER at term 0 for REJECTED
2023-08-28 09:34:59,667 [ef3a886b-561e-496b-b271-3b32784cf0be@group-ADC6A1F9A082-LeaderElection33] INFO  impl.RoleInfo (RoleInfo.java:shutdownLeaderElection(130)) - ef3a886b-561e-496b-b271-3b32784cf0be: shutdown ef3a886b-561e-496b-b271-3b32784cf0be@group-ADC6A1F9A082-LeaderElection33
2023-08-28 09:34:59,667 [ef3a886b-561e-496b-b271-3b32784cf0be@group-ADC6A1F9A082-LeaderElection33] INFO  impl.RoleInfo (RoleInfo.java:updateAndGet(139)) - ef3a886b-561e-496b-b271-3b32784cf0be: start ef3a886b-561e-496b-b271-3b32784cf0be@group-ADC6A1F9A082-FollowerState
2023-08-28 09:34:59,686 [269fa438-bc78-433d-911d-e020a0e24055@group-EBA1007E34A2-FollowerState] INFO  impl.FollowerState (FollowerState.java:run(143)) - 269fa438-bc78-433d-911d-e020a0e24055@group-EBA1007E34A2-FollowerState: change to CANDIDATE, lastRpcElapsedTime:5030221429ns, electionTimeout:5023ms
2023-08-28 09:34:59,687 [269fa438-bc78-433d-911d-e020a0e24055@group-EBA1007E34A2-FollowerState] INFO  impl.RoleInfo (RoleInfo.java:shutdownFollowerState(110)) - 269fa438-bc78-433d-911d-e020a0e24055: shutdown 269fa438-bc78-433d-911d-e020a0e24055@group-EBA1007E34A2-FollowerState
2023-08-28 09:34:59,687 [269fa438-bc78-433d-911d-e020a0e24055@group-EBA1007E34A2-FollowerState] INFO  server.RaftServer$Division (RaftServerImpl.java:setRole(329)) - 269fa438-bc78-433d-911d-e020a0e24055@group-EBA1007E34A2: changes role from  FOLLOWER to CANDIDATE at term 0 for changeToCandidate
2023-08-28 09:34:59,687 [269fa438-bc78-433d-911d-e020a0e24055@group-EBA1007E34A2-FollowerState] INFO  server.RaftServerConfigKeys (ConfUtils.java:logGet(46)) - raft.server.leaderelection.pre-vote = true (default)
2023-08-28 09:34:59,687 [269fa438-bc78-433d-911d-e020a0e24055@group-EBA1007E34A2-FollowerState] INFO  impl.RoleInfo (RoleInfo.java:updateAndGet(139)) - 269fa438-bc78-433d-911d-e020a0e24055: start 269fa438-bc78-433d-911d-e020a0e24055@group-EBA1007E34A2-LeaderElection34
2023-08-28 09:34:59,690 [269fa438-bc78-433d-911d-e020a0e24055@group-EBA1007E34A2-LeaderElection34] INFO  impl.LeaderElection (LeaderElection.java:askForVotes(321)) - 269fa438-bc78-433d-911d-e020a0e24055@group-EBA1007E34A2-LeaderElection34 PRE_VOTE round 0: submit vote requests at term 0 for -1: peers:[269fa438-bc78-433d-911d-e020a0e24055|rpc:10.1.0.27:15182|admin:10.1.0.27:15181|client:10.1.0.27:15180|dataStream:10.1.0.27:15183|priority:1|startupRole:FOLLOWER]|listeners:[], old=null
2023-08-28 09:34:59,690 [269fa438-bc78-433d-911d-e020a0e24055@group-EBA1007E34A2-LeaderElection34] INFO  impl.LeaderElection (LeaderElection.java:askForVotes(323)) - 269fa438-bc78-433d-911d-e020a0e24055@group-EBA1007E34A2-LeaderElection34 PRE_VOTE round 0: result PASSED (term=0)
2023-08-28 09:34:59,692 [269fa438-bc78-433d-911d-e020a0e24055@group-EBA1007E34A2-LeaderElection34] INFO  impl.LeaderElection (LeaderElection.java:askForVotes(321)) - 269fa438-bc78-433d-911d-e020a0e24055@group-EBA1007E34A2-LeaderElection34 ELECTION round 0: submit vote requests at term 1 for -1: peers:[269fa438-bc78-433d-911d-e020a0e24055|rpc:10.1.0.27:15182|admin:10.1.0.27:15181|client:10.1.0.27:15180|dataStream:10.1.0.27:15183|priority:1|startupRole:FOLLOWER]|listeners:[], old=null
2023-08-28 09:34:59,692 [269fa438-bc78-433d-911d-e020a0e24055@group-EBA1007E34A2-LeaderElection34] INFO  impl.LeaderElection (LeaderElection.java:askForVotes(323)) - 269fa438-bc78-433d-911d-e020a0e24055@group-EBA1007E34A2-LeaderElection34 ELECTION round 0: result PASSED (term=1)
2023-08-28 09:34:59,692 [269fa438-bc78-433d-911d-e020a0e24055@group-EBA1007E34A2-LeaderElection34] INFO  impl.RoleInfo (RoleInfo.java:shutdownLeaderElection(130)) - 269fa438-bc78-433d-911d-e020a0e24055: shutdown 269fa438-bc78-433d-911d-e020a0e24055@group-EBA1007E34A2-LeaderElection34
2023-08-28 09:34:59,692 [269fa438-bc78-433d-911d-e020a0e24055@group-EBA1007E34A2-LeaderElection34] INFO  server.RaftServer$Division (RaftServerImpl.java:setRole(329)) - 269fa438-bc78-433d-911d-e020a0e24055@group-EBA1007E34A2: changes role from CANDIDATE to LEADER at term 1 for changeToLeader
2023-08-28 09:34:59,692 [269fa438-bc78-433d-911d-e020a0e24055@group-EBA1007E34A2-LeaderElection34] INFO  ratis.XceiverServerRatis (XceiverServerRatis.java:handleLeaderChangedNotification(902)) - Leader change notification received for group: group-EBA1007E34A2 with new leaderId: 269fa438-bc78-433d-911d-e020a0e24055
2023-08-28 09:34:59,693 [269fa438-bc78-433d-911d-e020a0e24055@group-EBA1007E34A2-LeaderElection34] INFO  server.RaftServer$Division (ServerState.java:setLeader(317)) - 269fa438-bc78-433d-911d-e020a0e24055@group-EBA1007E34A2: change Leader from null to 269fa438-bc78-433d-911d-e020a0e24055 at term 1 for becomeLeader, leader elected after 5049ms
2023-08-28 09:34:59,694 [269fa438-bc78-433d-911d-e020a0e24055@group-EBA1007E34A2-LeaderElection34] INFO  server.RaftServerConfigKeys (ConfUtils.java:logGet(46)) - raft.server.staging.catchup.gap = 1000 (default)
2023-08-28 09:34:59,696 [269fa438-bc78-433d-911d-e020a0e24055@group-EBA1007E34A2-LeaderElection34] INFO  server.RaftServerConfigKeys (ConfUtils.java:logGet(46)) - raft.server.write.element-limit = 1024 (custom)
2023-08-28 09:34:59,697 [269fa438-bc78-433d-911d-e020a0e24055@group-EBA1007E34A2-LeaderElection34] INFO  server.RaftServerConfigKeys (ConfUtils.java:logGet(46)) - raft.server.write.byte-limit = 1024 M (=1073741824) (custom)
2023-08-28 09:34:59,697 [269fa438-bc78-433d-911d-e020a0e24055@group-EBA1007E34A2-LeaderElection34] INFO  server.RaftServerConfigKeys (ConfUtils.java:logGet(46)) - raft.server.watch.timeout = 180s (custom)
2023-08-28 09:34:59,697 [269fa438-bc78-433d-911d-e020a0e24055@group-EBA1007E34A2-LeaderElection34] INFO  server.RaftServerConfigKeys (ConfUtils.java:logGet(46)) - raft.server.watch.timeout.denomination = 1s (default)
2023-08-28 09:34:59,697 [269fa438-bc78-433d-911d-e020a0e24055@group-EBA1007E34A2-LeaderElection34] INFO  server.RaftServerConfigKeys (ConfUtils.java:logGet(46)) - raft.server.watch.element-limit = 65536 (default)
2023-08-28 09:34:59,697 [269fa438-bc78-433d-911d-e020a0e24055@group-EBA1007E34A2-LeaderElection34] INFO  server.RaftServerConfigKeys (ConfUtils.java:logGet(46)) - raft.server.write.element-limit = 1024 (custom)
2023-08-28 09:34:59,697 [269fa438-bc78-433d-911d-e020a0e24055@group-EBA1007E34A2-LeaderElection34] INFO  server.RaftServerConfigKeys (ConfUtils.java:logGet(46)) - raft.server.write.follower.gap.ratio.max = -1.0 (default)
2023-08-28 09:34:59,698 [269fa438-bc78-433d-911d-e020a0e24055@group-EBA1007E34A2-LeaderElection34] INFO  impl.RoleInfo (RoleInfo.java:updateAndGet(139)) - 269fa438-bc78-433d-911d-e020a0e24055: start 269fa438-bc78-433d-911d-e020a0e24055@group-EBA1007E34A2-LeaderStateImpl
2023-08-28 09:34:59,700 [IPC Server handler 19 on default port 15160] WARN  node.SCMNodeManager (SCMNodeManager.java:getNodesByAddress(1373)) - Cannot find node for address 127.0.0.1
2023-08-28 09:34:59,700 [269fa438-bc78-433d-911d-e020a0e24055@group-EBA1007E34A2-LeaderElection34] INFO  segmented.SegmentedRaftLogWorker (SegmentedRaftLogWorker.java:startLogSegment(447)) - 269fa438-bc78-433d-911d-e020a0e24055@group-EBA1007E34A2-SegmentedRaftLogWorker: Starting segment from index:0
2023-08-28 09:34:59,703 [269fa438-bc78-433d-911d-e020a0e24055@group-EBA1007E34A2-SegmentedRaftLogWorker] INFO  segmented.SegmentedRaftLogWorker (SegmentedRaftLogWorker.java:execute(651)) - 269fa438-bc78-433d-911d-e020a0e24055@group-EBA1007E34A2-SegmentedRaftLogWorker: created new log segment /home/runner/work/ozone/ozone/hadoop-ozone/integration-test/target/test-dir/MiniOzoneClusterImpl-b3d20441-1363-4d90-8b75-dcc1ba5546e4/datanode-1/data/ratis/14f02b01-7761-41f7-a5ed-eba1007e34a2/current/log_inprogress_0
2023-08-28 09:34:59,703 [269fa438-bc78-433d-911d-e020a0e24055@group-EBA1007E34A2-LeaderElection34] INFO  server.RaftServer$Division (ServerState.java:setRaftConf(434)) - 269fa438-bc78-433d-911d-e020a0e24055@group-EBA1007E34A2: set configuration 0: peers:[269fa438-bc78-433d-911d-e020a0e24055|rpc:10.1.0.27:15182|admin:10.1.0.27:15181|client:10.1.0.27:15180|dataStream:10.1.0.27:15183|priority:1|startupRole:FOLLOWER]|listeners:[], old=null
2023-08-28 09:34:59,711 [269fa438-bc78-433d-911d-e020a0e24055@group-ADC6A1F9A082-FollowerState] INFO  impl.FollowerState (FollowerState.java:run(143)) - 269fa438-bc78-433d-911d-e020a0e24055@group-ADC6A1F9A082-FollowerState: change to CANDIDATE, lastRpcElapsedTime:5190871205ns, electionTimeout:5184ms
2023-08-28 09:34:59,711 [269fa438-bc78-433d-911d-e020a0e24055@group-ADC6A1F9A082-FollowerState] INFO  impl.RoleInfo (RoleInfo.java:shutdownFollowerState(110)) - 269fa438-bc78-433d-911d-e020a0e24055: shutdown 269fa438-bc78-433d-911d-e020a0e24055@group-ADC6A1F9A082-FollowerState
2023-08-28 09:34:59,711 [269fa438-bc78-433d-911d-e020a0e24055@group-ADC6A1F9A082-FollowerState] INFO  server.RaftServer$Division (RaftServerImpl.java:setRole(329)) - 269fa438-bc78-433d-911d-e020a0e24055@group-ADC6A1F9A082: changes role from  FOLLOWER to CANDIDATE at term 0 for changeToCandidate
2023-08-28 09:34:59,711 [269fa438-bc78-433d-911d-e020a0e24055@group-ADC6A1F9A082-FollowerState] INFO  server.RaftServerConfigKeys (ConfUtils.java:logGet(46)) - raft.server.leaderelection.pre-vote = true (default)
2023-08-28 09:34:59,711 [269fa438-bc78-433d-911d-e020a0e24055@group-ADC6A1F9A082-FollowerState] INFO  impl.RoleInfo (RoleInfo.java:updateAndGet(139)) - 269fa438-bc78-433d-911d-e020a0e24055: start 269fa438-bc78-433d-911d-e020a0e24055@group-ADC6A1F9A082-LeaderElection35
2023-08-28 09:34:59,720 [269fa438-bc78-433d-911d-e020a0e24055@group-ADC6A1F9A082-LeaderElection35] INFO  impl.LeaderElection (LeaderElection.java:askForVotes(321)) - 269fa438-bc78-433d-911d-e020a0e24055@group-ADC6A1F9A082-LeaderElection35 PRE_VOTE round 0: submit vote requests at term 0 for -1: peers:[2121e5cf-c9a2-43bb-b1d5-56f983d54b52|rpc:10.1.0.27:15191|admin:10.1.0.27:15190|client:10.1.0.27:15189|dataStream:10.1.0.27:15192|priority:0|startupRole:FOLLOWER, 269fa438-bc78-433d-911d-e020a0e24055|rpc:10.1.0.27:15182|admin:10.1.0.27:15181|client:10.1.0.27:15180|dataStream:10.1.0.27:15183|priority:1|startupRole:FOLLOWER, ef3a886b-561e-496b-b271-3b32784cf0be|rpc:10.1.0.27:15173|admin:10.1.0.27:15172|client:10.1.0.27:15171|dataStream:10.1.0.27:15174|priority:0|startupRole:FOLLOWER]|listeners:[], old=null
09:34:59.719 [IPC Server handler 11 on default port 15163] ERROR OMAudit - user=runner | ip=127.0.0.1 | op=READ_KEY {volume=volume82570, bucket=bucket71984, key=file_notexist, dataSize=0, replicationConfig=null} | ret=FAILURE
org.apache.hadoop.ozone.om.exceptions.OMException: Key:file_notexist not found
	at org.apache.hadoop.ozone.om.KeyManagerImpl.readKeyInfo(KeyManagerImpl.java:427) ~[ozone-manager-1.4.0-SNAPSHOT.jar:?]
	at org.apache.hadoop.ozone.om.KeyManagerImpl.lambda$9(KeyManagerImpl.java:1931) ~[ozone-manager-1.4.0-SNAPSHOT.jar:?]
	at org.apache.hadoop.util.MetricUtil.captureLatencyNs(MetricUtil.java:39) ~[hdds-common-1.4.0-SNAPSHOT.jar:?]
	at org.apache.hadoop.ozone.om.KeyManagerImpl.getKeyInfo(KeyManagerImpl.java:1929) ~[ozone-manager-1.4.0-SNAPSHOT.jar:?]
	at org.apache.hadoop.ozone.om.OmMetadataReader.getKeyInfo(OmMetadataReader.java:185) ~[ozone-manager-1.4.0-SNAPSHOT.jar:?]
	at org.apache.hadoop.ozone.om.OzoneManager.getKeyInfo(OzoneManager.java:2810) ~[ozone-manager-1.4.0-SNAPSHOT.jar:?]
	at org.apache.hadoop.ozone.protocolPB.OzoneManagerRequestHandler.getKeyInfo(OzoneManagerRequestHandler.java:587) ~[ozone-manager-1.4.0-SNAPSHOT.jar:?]
	at org.apache.hadoop.ozone.protocolPB.OzoneManagerRequestHandler.handleReadRequest(OzoneManagerRequestHandler.java:306) ~[ozone-manager-1.4.0-SNAPSHOT.jar:?]
	at org.apache.hadoop.ozone.protocolPB.OzoneManagerProtocolServerSideTranslatorPB.submitRequestDirectlyToOM(OzoneManagerProtocolServerSideTranslatorPB.java:274) ~[ozone-manager-1.4.0-SNAPSHOT.jar:?]
	at org.apache.hadoop.ozone.protocolPB.OzoneManagerProtocolServerSideTranslatorPB.processRequest(OzoneManagerProtocolServerSideTranslatorPB.java:175) ~[ozone-manager-1.4.0-SNAPSHOT.jar:?]
	at org.apache.hadoop.hdds.server.OzoneProtocolMessageDispatcher.processRequest(OzoneProtocolMessageDispatcher.java:87) [hdds-server-framework-1.4.0-SNAPSHOT.jar:?]
	at org.apache.hadoop.ozone.protocolPB.OzoneManagerProtocolServerSideTranslatorPB.submitRequest(OzoneManagerProtocolServerSideTranslatorPB.java:148) [ozone-manager-1.4.0-SNAPSHOT.jar:?]
	at org.apache.hadoop.ozone.protocol.proto.OzoneManagerProtocolProtos$OzoneManagerService$2.callBlockingMethod(OzoneManagerProtocolProtos.java) [ozone-interface-client-1.4.0-SNAPSHOT.jar:?]
	at org.apache.hadoop.ipc.ProtobufRpcEngine$Server.processCall(ProtobufRpcEngine.java:484) [hadoop-common-3.3.6.jar:?]
	at org.apache.hadoop.ipc.ProtobufRpcEngine2$Server$ProtoBufRpcInvoker.call(ProtobufRpcEngine2.java:595) [hadoop-common-3.3.6.jar:?]
	at org.apache.hadoop.ipc.ProtobufRpcEngine2$Server$ProtoBufRpcInvoker.call(ProtobufRpcEngine2.java:573) [hadoop-common-3.3.6.jar:?]
	at org.apache.hadoop.ipc.RPC$Server.call(RPC.java:1227) [hadoop-common-3.3.6.jar:?]
	at org.apache.hadoop.ipc.Server$RpcCall.run(Server.java:1094) [hadoop-common-3.3.6.jar:?]
	at org.apache.hadoop.ipc.Server$RpcCall.run(Server.java:1017) [hadoop-common-3.3.6.jar:?]
	at java.security.AccessController.doPrivileged(Native Method) ~[?:1.8.0_382]
	at javax.security.auth.Subject.doAs(Subject.java:422) [?:1.8.0_382]
	at org.apache.hadoop.security.UserGroupInformation.doAs(UserGroupInformation.java:1899) [hadoop-common-3.3.6.jar:?]
	at org.apache.hadoop.ipc.Server$Handler.run(Server.java:3048) [hadoop-common-3.3.6.jar:?]
2023-08-28 09:34:59,720 [2121e5cf-c9a2-43bb-b1d5-56f983d54b52@group-ADC6A1F9A082-FollowerState] INFO  server.RaftServerConfigKeys (ConfUtils.java:logFallback(53)) - raft.server.rpc.first-election.timeout.min = 5s (fallback to raft.server.rpc.timeout.min)
2023-08-28 09:34:59,720 [2121e5cf-c9a2-43bb-b1d5-56f983d54b52@group-ADC6A1F9A082-FollowerState] INFO  server.RaftServerConfigKeys (ConfUtils.java:logFallback(53)) - raft.server.rpc.first-election.timeout.max = 5200ms (fallback to raft.server.rpc.timeout.max)
2023-08-28 09:34:59,720 [269fa438-bc78-433d-911d-e020a0e24055@group-ADC6A1F9A082-LeaderElection35-1] INFO  server.GrpcServerProtocolClient (GrpcServerProtocolClient.java:<init>(65)) - Build channel for 2121e5cf-c9a2-43bb-b1d5-56f983d54b52
2023-08-28 09:34:59,721 [269fa438-bc78-433d-911d-e020a0e24055@group-ADC6A1F9A082-LeaderElection35] INFO  server.RaftServerConfigKeys (ConfUtils.java:logFallback(53)) - raft.server.rpc.first-election.timeout.min = 5s (fallback to raft.server.rpc.timeout.min)
2023-08-28 09:34:59,721 [269fa438-bc78-433d-911d-e020a0e24055@group-ADC6A1F9A082-LeaderElection35] INFO  server.RaftServerConfigKeys (ConfUtils.java:logFallback(53)) - raft.server.rpc.first-election.timeout.max = 5200ms (fallback to raft.server.rpc.timeout.max)
2023-08-28 09:34:59,721 [269fa438-bc78-433d-911d-e020a0e24055@group-ADC6A1F9A082-LeaderElection35-2] INFO  server.GrpcServerProtocolClient (GrpcServerProtocolClient.java:<init>(65)) - Build channel for ef3a886b-561e-496b-b271-3b32784cf0be
]]></system-out>
  </testcase>
  <testcase name="testRenameFile" classname="TestOzoneFileSystem" time="0.151">
    <system-out><![CDATA[09:31:16.218 [IPC Server handler 3 on default port 15004] ERROR OMAudit - user=runner | ip=127.0.0.1 | op=GET_FILE_STATUS {volume=volume76952, bucket=bucket05606, key=root/file1, dataSize=0, replicationConfig=null} | ret=FAILURE
org.apache.hadoop.ozone.om.exceptions.OMException: Unable to get file status: volume: volume76952 bucket: bucket05606 key: root/file1
	at org.apache.hadoop.ozone.om.KeyManagerImpl.getOzoneFileStatus(KeyManagerImpl.java:1195) ~[ozone-manager-1.4.0-SNAPSHOT.jar:?]
	at org.apache.hadoop.ozone.om.KeyManagerImpl.getFileStatus(KeyManagerImpl.java:1113) ~[ozone-manager-1.4.0-SNAPSHOT.jar:?]
	at org.apache.hadoop.ozone.om.OmMetadataReader.getFileStatus(OmMetadataReader.java:262) ~[ozone-manager-1.4.0-SNAPSHOT.jar:?]
	at org.apache.hadoop.ozone.om.OzoneManager.getFileStatus(OzoneManager.java:3513) ~[ozone-manager-1.4.0-SNAPSHOT.jar:?]
	at org.apache.hadoop.ozone.protocolPB.OzoneManagerRequestHandler.getOzoneFileStatus(OzoneManagerRequestHandler.java:973) ~[ozone-manager-1.4.0-SNAPSHOT.jar:?]
	at org.apache.hadoop.ozone.protocolPB.OzoneManagerRequestHandler.handleReadRequest(OzoneManagerRequestHandler.java:252) ~[ozone-manager-1.4.0-SNAPSHOT.jar:?]
	at org.apache.hadoop.ozone.protocolPB.OzoneManagerProtocolServerSideTranslatorPB.submitReadRequestToOM(OzoneManagerProtocolServerSideTranslatorPB.java:225) ~[ozone-manager-1.4.0-SNAPSHOT.jar:?]
	at org.apache.hadoop.ozone.protocolPB.OzoneManagerProtocolServerSideTranslatorPB.processRequest(OzoneManagerProtocolServerSideTranslatorPB.java:179) ~[ozone-manager-1.4.0-SNAPSHOT.jar:?]
	at org.apache.hadoop.hdds.server.OzoneProtocolMessageDispatcher.processRequest(OzoneProtocolMessageDispatcher.java:87) [hdds-server-framework-1.4.0-SNAPSHOT.jar:?]
	at org.apache.hadoop.ozone.protocolPB.OzoneManagerProtocolServerSideTranslatorPB.submitRequest(OzoneManagerProtocolServerSideTranslatorPB.java:148) [ozone-manager-1.4.0-SNAPSHOT.jar:?]
	at org.apache.hadoop.ozone.protocol.proto.OzoneManagerProtocolProtos$OzoneManagerService$2.callBlockingMethod(OzoneManagerProtocolProtos.java) [ozone-interface-client-1.4.0-SNAPSHOT.jar:?]
	at org.apache.hadoop.ipc.ProtobufRpcEngine$Server.processCall(ProtobufRpcEngine.java:484) [hadoop-common-3.3.6.jar:?]
	at org.apache.hadoop.ipc.ProtobufRpcEngine2$Server$ProtoBufRpcInvoker.call(ProtobufRpcEngine2.java:595) [hadoop-common-3.3.6.jar:?]
	at org.apache.hadoop.ipc.ProtobufRpcEngine2$Server$ProtoBufRpcInvoker.call(ProtobufRpcEngine2.java:573) [hadoop-common-3.3.6.jar:?]
	at org.apache.hadoop.ipc.RPC$Server.call(RPC.java:1227) [hadoop-common-3.3.6.jar:?]
	at org.apache.hadoop.ipc.Server$RpcCall.run(Server.java:1094) [hadoop-common-3.3.6.jar:?]
	at org.apache.hadoop.ipc.Server$RpcCall.run(Server.java:1017) [hadoop-common-3.3.6.jar:?]
	at java.security.AccessController.doPrivileged(Native Method) ~[?:1.8.0_382]
	at javax.security.auth.Subject.doAs(Subject.java:422) [?:1.8.0_382]
	at org.apache.hadoop.security.UserGroupInformation.doAs(UserGroupInformation.java:1899) [hadoop-common-3.3.6.jar:?]
	at org.apache.hadoop.ipc.Server$Handler.run(Server.java:3048) [hadoop-common-3.3.6.jar:?]
]]></system-out>
  </testcase>
  <testcase name="testRenameFile" classname="TestOzoneFileSystem" time="0.04">
    <system-out><![CDATA[09:32:41.636 [IPC Server handler 11 on default port 15057] ERROR OMAudit - user=runner | ip=127.0.0.1 | op=GET_FILE_STATUS {volume=volume78214, bucket=bucket62222, key=root/file1, dataSize=0, replicationConfig=null} | ret=FAILURE
org.apache.hadoop.ozone.om.exceptions.OMException: Unable to get file status: volume: volume78214 bucket: bucket62222 key: root/file1
	at org.apache.hadoop.ozone.om.KeyManagerImpl.getOzoneFileStatus(KeyManagerImpl.java:1195) ~[ozone-manager-1.4.0-SNAPSHOT.jar:?]
	at org.apache.hadoop.ozone.om.KeyManagerImpl.getFileStatus(KeyManagerImpl.java:1113) ~[ozone-manager-1.4.0-SNAPSHOT.jar:?]
	at org.apache.hadoop.ozone.om.OmMetadataReader.getFileStatus(OmMetadataReader.java:262) ~[ozone-manager-1.4.0-SNAPSHOT.jar:?]
	at org.apache.hadoop.ozone.om.OzoneManager.getFileStatus(OzoneManager.java:3513) ~[ozone-manager-1.4.0-SNAPSHOT.jar:?]
	at org.apache.hadoop.ozone.protocolPB.OzoneManagerRequestHandler.getOzoneFileStatus(OzoneManagerRequestHandler.java:973) ~[ozone-manager-1.4.0-SNAPSHOT.jar:?]
	at org.apache.hadoop.ozone.protocolPB.OzoneManagerRequestHandler.handleReadRequest(OzoneManagerRequestHandler.java:252) ~[ozone-manager-1.4.0-SNAPSHOT.jar:?]
	at org.apache.hadoop.ozone.protocolPB.OzoneManagerProtocolServerSideTranslatorPB.submitRequestDirectlyToOM(OzoneManagerProtocolServerSideTranslatorPB.java:274) ~[ozone-manager-1.4.0-SNAPSHOT.jar:?]
	at org.apache.hadoop.ozone.protocolPB.OzoneManagerProtocolServerSideTranslatorPB.processRequest(OzoneManagerProtocolServerSideTranslatorPB.java:175) ~[ozone-manager-1.4.0-SNAPSHOT.jar:?]
	at org.apache.hadoop.hdds.server.OzoneProtocolMessageDispatcher.processRequest(OzoneProtocolMessageDispatcher.java:87) [hdds-server-framework-1.4.0-SNAPSHOT.jar:?]
	at org.apache.hadoop.ozone.protocolPB.OzoneManagerProtocolServerSideTranslatorPB.submitRequest(OzoneManagerProtocolServerSideTranslatorPB.java:148) [ozone-manager-1.4.0-SNAPSHOT.jar:?]
	at org.apache.hadoop.ozone.protocol.proto.OzoneManagerProtocolProtos$OzoneManagerService$2.callBlockingMethod(OzoneManagerProtocolProtos.java) [ozone-interface-client-1.4.0-SNAPSHOT.jar:?]
	at org.apache.hadoop.ipc.ProtobufRpcEngine$Server.processCall(ProtobufRpcEngine.java:484) [hadoop-common-3.3.6.jar:?]
	at org.apache.hadoop.ipc.ProtobufRpcEngine2$Server$ProtoBufRpcInvoker.call(ProtobufRpcEngine2.java:595) [hadoop-common-3.3.6.jar:?]
	at org.apache.hadoop.ipc.ProtobufRpcEngine2$Server$ProtoBufRpcInvoker.call(ProtobufRpcEngine2.java:573) [hadoop-common-3.3.6.jar:?]
	at org.apache.hadoop.ipc.RPC$Server.call(RPC.java:1227) [hadoop-common-3.3.6.jar:?]
	at org.apache.hadoop.ipc.Server$RpcCall.run(Server.java:1094) [hadoop-common-3.3.6.jar:?]
	at org.apache.hadoop.ipc.Server$RpcCall.run(Server.java:1017) [hadoop-common-3.3.6.jar:?]
	at java.security.AccessController.doPrivileged(Native Method) ~[?:1.8.0_382]
	at javax.security.auth.Subject.doAs(Subject.java:422) [?:1.8.0_382]
	at org.apache.hadoop.security.UserGroupInformation.doAs(UserGroupInformation.java:1899) [hadoop-common-3.3.6.jar:?]
	at org.apache.hadoop.ipc.Server$Handler.run(Server.java:3048) [hadoop-common-3.3.6.jar:?]
]]></system-out>
  </testcase>
  <testcase name="testRenameFile" classname="TestOzoneFileSystem" time="0.033">
    <system-out><![CDATA[09:33:49.100 [IPC Server handler 4 on default port 15110] ERROR OMAudit - user=runner | ip=127.0.0.1 | op=GET_FILE_STATUS {volume=volume01359, bucket=bucket03907, key=root/file1, dataSize=0, replicationConfig=null} | ret=FAILURE
org.apache.hadoop.ozone.om.exceptions.OMException: Unable to get file status: volume: volume01359 bucket: bucket03907 key: root/file1
	at org.apache.hadoop.ozone.om.KeyManagerImpl.getOzoneFileStatus(KeyManagerImpl.java:1195) ~[ozone-manager-1.4.0-SNAPSHOT.jar:?]
	at org.apache.hadoop.ozone.om.KeyManagerImpl.getFileStatus(KeyManagerImpl.java:1113) ~[ozone-manager-1.4.0-SNAPSHOT.jar:?]
	at org.apache.hadoop.ozone.om.OmMetadataReader.getFileStatus(OmMetadataReader.java:262) ~[ozone-manager-1.4.0-SNAPSHOT.jar:?]
	at org.apache.hadoop.ozone.om.OzoneManager.getFileStatus(OzoneManager.java:3513) ~[ozone-manager-1.4.0-SNAPSHOT.jar:?]
	at org.apache.hadoop.ozone.protocolPB.OzoneManagerRequestHandler.getOzoneFileStatus(OzoneManagerRequestHandler.java:973) ~[ozone-manager-1.4.0-SNAPSHOT.jar:?]
	at org.apache.hadoop.ozone.protocolPB.OzoneManagerRequestHandler.handleReadRequest(OzoneManagerRequestHandler.java:252) ~[ozone-manager-1.4.0-SNAPSHOT.jar:?]
	at org.apache.hadoop.ozone.protocolPB.OzoneManagerProtocolServerSideTranslatorPB.submitReadRequestToOM(OzoneManagerProtocolServerSideTranslatorPB.java:225) ~[ozone-manager-1.4.0-SNAPSHOT.jar:?]
	at org.apache.hadoop.ozone.protocolPB.OzoneManagerProtocolServerSideTranslatorPB.processRequest(OzoneManagerProtocolServerSideTranslatorPB.java:179) ~[ozone-manager-1.4.0-SNAPSHOT.jar:?]
	at org.apache.hadoop.hdds.server.OzoneProtocolMessageDispatcher.processRequest(OzoneProtocolMessageDispatcher.java:87) [hdds-server-framework-1.4.0-SNAPSHOT.jar:?]
	at org.apache.hadoop.ozone.protocolPB.OzoneManagerProtocolServerSideTranslatorPB.submitRequest(OzoneManagerProtocolServerSideTranslatorPB.java:148) [ozone-manager-1.4.0-SNAPSHOT.jar:?]
	at org.apache.hadoop.ozone.protocol.proto.OzoneManagerProtocolProtos$OzoneManagerService$2.callBlockingMethod(OzoneManagerProtocolProtos.java) [ozone-interface-client-1.4.0-SNAPSHOT.jar:?]
	at org.apache.hadoop.ipc.ProtobufRpcEngine$Server.processCall(ProtobufRpcEngine.java:484) [hadoop-common-3.3.6.jar:?]
	at org.apache.hadoop.ipc.ProtobufRpcEngine2$Server$ProtoBufRpcInvoker.call(ProtobufRpcEngine2.java:595) [hadoop-common-3.3.6.jar:?]
	at org.apache.hadoop.ipc.ProtobufRpcEngine2$Server$ProtoBufRpcInvoker.call(ProtobufRpcEngine2.java:573) [hadoop-common-3.3.6.jar:?]
	at org.apache.hadoop.ipc.RPC$Server.call(RPC.java:1227) [hadoop-common-3.3.6.jar:?]
	at org.apache.hadoop.ipc.Server$RpcCall.run(Server.java:1094) [hadoop-common-3.3.6.jar:?]
	at org.apache.hadoop.ipc.Server$RpcCall.run(Server.java:1017) [hadoop-common-3.3.6.jar:?]
	at java.security.AccessController.doPrivileged(Native Method) ~[?:1.8.0_382]
	at javax.security.auth.Subject.doAs(Subject.java:422) [?:1.8.0_382]
	at org.apache.hadoop.security.UserGroupInformation.doAs(UserGroupInformation.java:1899) [hadoop-common-3.3.6.jar:?]
	at org.apache.hadoop.ipc.Server$Handler.run(Server.java:3048) [hadoop-common-3.3.6.jar:?]
]]></system-out>
  </testcase>
  <testcase name="testRenameFile" classname="TestOzoneFileSystem" time="0.146">
    <system-out><![CDATA[2023-08-28 09:34:59,817 [grpc-default-executor-3] INFO  server.RaftServer$Division (RaftServerImpl.java:requestVote(1302)) - ef3a886b-561e-496b-b271-3b32784cf0be@group-ADC6A1F9A082: receive requestVote(PRE_VOTE, 269fa438-bc78-433d-911d-e020a0e24055, group-ADC6A1F9A082, 0, (t:0, i:0))
2023-08-28 09:34:59,817 [grpc-default-executor-3] INFO  impl.VoteContext (VoteContext.java:log(49)) - ef3a886b-561e-496b-b271-3b32784cf0be@group-ADC6A1F9A082-FOLLOWER: accept PRE_VOTE from 269fa438-bc78-433d-911d-e020a0e24055: our priority 0 <= candidate's priority 1
2023-08-28 09:34:59,817 [grpc-default-executor-3] INFO  server.RaftServer$Division (RaftServerImpl.java:requestVote(1335)) - ef3a886b-561e-496b-b271-3b32784cf0be@group-ADC6A1F9A082 replies to PRE_VOTE vote request: 269fa438-bc78-433d-911d-e020a0e24055<-ef3a886b-561e-496b-b271-3b32784cf0be#0:OK-t0. Peer's state: ef3a886b-561e-496b-b271-3b32784cf0be@group-ADC6A1F9A082:t0, leader=null, voted=, raftlog=Memoized:ef3a886b-561e-496b-b271-3b32784cf0be@group-ADC6A1F9A082-SegmentedRaftLog:OPENED:c-1, conf=-1: peers:[2121e5cf-c9a2-43bb-b1d5-56f983d54b52|rpc:10.1.0.27:15191|admin:10.1.0.27:15190|client:10.1.0.27:15189|dataStream:10.1.0.27:15192|priority:0|startupRole:FOLLOWER, 269fa438-bc78-433d-911d-e020a0e24055|rpc:10.1.0.27:15182|admin:10.1.0.27:15181|client:10.1.0.27:15180|dataStream:10.1.0.27:15183|priority:1|startupRole:FOLLOWER, ef3a886b-561e-496b-b271-3b32784cf0be|rpc:10.1.0.27:15173|admin:10.1.0.27:15172|client:10.1.0.27:15171|dataStream:10.1.0.27:15174|priority:0|startupRole:FOLLOWER]|listeners:[], old=null
2023-08-28 09:34:59,820 [269fa438-bc78-433d-911d-e020a0e24055@group-ADC6A1F9A082-LeaderElection35] INFO  impl.LeaderElection (LeaderElection.java:logAndReturn(90)) - 269fa438-bc78-433d-911d-e020a0e24055@group-ADC6A1F9A082-LeaderElection35: PRE_VOTE PASSED received 1 response(s) and 0 exception(s):
2023-08-28 09:34:59,820 [269fa438-bc78-433d-911d-e020a0e24055@group-ADC6A1F9A082-LeaderElection35] INFO  impl.LeaderElection (LeaderElection.java:logAndReturn(94)) -   Response 0: 269fa438-bc78-433d-911d-e020a0e24055<-ef3a886b-561e-496b-b271-3b32784cf0be#0:OK-t0
2023-08-28 09:34:59,820 [269fa438-bc78-433d-911d-e020a0e24055@group-ADC6A1F9A082-LeaderElection35] INFO  impl.LeaderElection (LeaderElection.java:askForVotes(323)) - 269fa438-bc78-433d-911d-e020a0e24055@group-ADC6A1F9A082-LeaderElection35 PRE_VOTE round 0: result PASSED
2023-08-28 09:34:59,822 [269fa438-bc78-433d-911d-e020a0e24055@group-ADC6A1F9A082-LeaderElection35] INFO  impl.LeaderElection (LeaderElection.java:askForVotes(321)) - 269fa438-bc78-433d-911d-e020a0e24055@group-ADC6A1F9A082-LeaderElection35 ELECTION round 0: submit vote requests at term 1 for -1: peers:[2121e5cf-c9a2-43bb-b1d5-56f983d54b52|rpc:10.1.0.27:15191|admin:10.1.0.27:15190|client:10.1.0.27:15189|dataStream:10.1.0.27:15192|priority:0|startupRole:FOLLOWER, 269fa438-bc78-433d-911d-e020a0e24055|rpc:10.1.0.27:15182|admin:10.1.0.27:15181|client:10.1.0.27:15180|dataStream:10.1.0.27:15183|priority:1|startupRole:FOLLOWER, ef3a886b-561e-496b-b271-3b32784cf0be|rpc:10.1.0.27:15173|admin:10.1.0.27:15172|client:10.1.0.27:15171|dataStream:10.1.0.27:15174|priority:0|startupRole:FOLLOWER]|listeners:[], old=null
2023-08-28 09:34:59,824 [grpc-default-executor-5] INFO  server.RaftServer$Division (RaftServerImpl.java:requestVote(1302)) - 2121e5cf-c9a2-43bb-b1d5-56f983d54b52@group-ADC6A1F9A082: receive requestVote(PRE_VOTE, 269fa438-bc78-433d-911d-e020a0e24055, group-ADC6A1F9A082, 0, (t:0, i:0))
2023-08-28 09:34:59,825 [269fa438-bc78-433d-911d-e020a0e24055@group-ADC6A1F9A082-LeaderElection35] INFO  server.RaftServerConfigKeys (ConfUtils.java:logFallback(53)) - raft.server.rpc.first-election.timeout.min = 5s (fallback to raft.server.rpc.timeout.min)
2023-08-28 09:34:59,825 [269fa438-bc78-433d-911d-e020a0e24055@group-ADC6A1F9A082-LeaderElection35] INFO  server.RaftServerConfigKeys (ConfUtils.java:logFallback(53)) - raft.server.rpc.first-election.timeout.max = 5200ms (fallback to raft.server.rpc.timeout.max)
2023-08-28 09:34:59,827 [grpc-default-executor-5] INFO  impl.VoteContext (VoteContext.java:log(49)) - 2121e5cf-c9a2-43bb-b1d5-56f983d54b52@group-ADC6A1F9A082-FOLLOWER: accept PRE_VOTE from 269fa438-bc78-433d-911d-e020a0e24055: our priority 0 <= candidate's priority 1
2023-08-28 09:34:59,827 [grpc-default-executor-5] INFO  server.RaftServer$Division (RaftServerImpl.java:requestVote(1335)) - 2121e5cf-c9a2-43bb-b1d5-56f983d54b52@group-ADC6A1F9A082 replies to PRE_VOTE vote request: 269fa438-bc78-433d-911d-e020a0e24055<-2121e5cf-c9a2-43bb-b1d5-56f983d54b52#0:OK-t0. Peer's state: 2121e5cf-c9a2-43bb-b1d5-56f983d54b52@group-ADC6A1F9A082:t0, leader=null, voted=, raftlog=Memoized:2121e5cf-c9a2-43bb-b1d5-56f983d54b52@group-ADC6A1F9A082-SegmentedRaftLog:OPENED:c-1, conf=-1: peers:[2121e5cf-c9a2-43bb-b1d5-56f983d54b52|rpc:10.1.0.27:15191|admin:10.1.0.27:15190|client:10.1.0.27:15189|dataStream:10.1.0.27:15192|priority:0|startupRole:FOLLOWER, 269fa438-bc78-433d-911d-e020a0e24055|rpc:10.1.0.27:15182|admin:10.1.0.27:15181|client:10.1.0.27:15180|dataStream:10.1.0.27:15183|priority:1|startupRole:FOLLOWER, ef3a886b-561e-496b-b271-3b32784cf0be|rpc:10.1.0.27:15173|admin:10.1.0.27:15172|client:10.1.0.27:15171|dataStream:10.1.0.27:15174|priority:0|startupRole:FOLLOWER]|listeners:[], old=null
2023-08-28 09:34:59,831 [grpc-default-executor-3] INFO  server.RaftServer$Division (RaftServerImpl.java:requestVote(1302)) - 2121e5cf-c9a2-43bb-b1d5-56f983d54b52@group-ADC6A1F9A082: receive requestVote(ELECTION, 269fa438-bc78-433d-911d-e020a0e24055, group-ADC6A1F9A082, 1, (t:0, i:0))
2023-08-28 09:34:59,831 [grpc-default-executor-3] INFO  impl.VoteContext (VoteContext.java:log(49)) - 2121e5cf-c9a2-43bb-b1d5-56f983d54b52@group-ADC6A1F9A082-FOLLOWER: accept ELECTION from 269fa438-bc78-433d-911d-e020a0e24055: our priority 0 <= candidate's priority 1
2023-08-28 09:34:59,831 [grpc-default-executor-3] INFO  server.RaftServer$Division (RaftServerImpl.java:setRole(329)) - 2121e5cf-c9a2-43bb-b1d5-56f983d54b52@group-ADC6A1F9A082: changes role from  FOLLOWER to FOLLOWER at term 1 for candidate:269fa438-bc78-433d-911d-e020a0e24055
2023-08-28 09:34:59,831 [grpc-default-executor-3] INFO  impl.RoleInfo (RoleInfo.java:shutdownFollowerState(110)) - 2121e5cf-c9a2-43bb-b1d5-56f983d54b52: shutdown 2121e5cf-c9a2-43bb-b1d5-56f983d54b52@group-ADC6A1F9A082-FollowerState
2023-08-28 09:34:59,832 [grpc-default-executor-3] INFO  impl.RoleInfo (RoleInfo.java:updateAndGet(139)) - 2121e5cf-c9a2-43bb-b1d5-56f983d54b52: start 2121e5cf-c9a2-43bb-b1d5-56f983d54b52@group-ADC6A1F9A082-FollowerState
2023-08-28 09:34:59,832 [2121e5cf-c9a2-43bb-b1d5-56f983d54b52@group-ADC6A1F9A082-FollowerState] INFO  impl.FollowerState (FollowerState.java:run(152)) - 2121e5cf-c9a2-43bb-b1d5-56f983d54b52@group-ADC6A1F9A082-FollowerState was interrupted
09:34:59.833 [IPC Server handler 3 on default port 15163] ERROR OMAudit - user=runner | ip=127.0.0.1 | op=GET_FILE_STATUS {volume=volume82570, bucket=bucket71984, key=root/file1, dataSize=0, replicationConfig=null} | ret=FAILURE
org.apache.hadoop.ozone.om.exceptions.OMException: Unable to get file status: volume: volume82570 bucket: bucket71984 key: root/file1
	at org.apache.hadoop.ozone.om.KeyManagerImpl.getOzoneFileStatus(KeyManagerImpl.java:1195) ~[ozone-manager-1.4.0-SNAPSHOT.jar:?]
	at org.apache.hadoop.ozone.om.KeyManagerImpl.getFileStatus(KeyManagerImpl.java:1113) ~[ozone-manager-1.4.0-SNAPSHOT.jar:?]
	at org.apache.hadoop.ozone.om.OmMetadataReader.getFileStatus(OmMetadataReader.java:262) ~[ozone-manager-1.4.0-SNAPSHOT.jar:?]
	at org.apache.hadoop.ozone.om.OzoneManager.getFileStatus(OzoneManager.java:3513) ~[ozone-manager-1.4.0-SNAPSHOT.jar:?]
	at org.apache.hadoop.ozone.protocolPB.OzoneManagerRequestHandler.getOzoneFileStatus(OzoneManagerRequestHandler.java:973) ~[ozone-manager-1.4.0-SNAPSHOT.jar:?]
	at org.apache.hadoop.ozone.protocolPB.OzoneManagerRequestHandler.handleReadRequest(OzoneManagerRequestHandler.java:252) ~[ozone-manager-1.4.0-SNAPSHOT.jar:?]
	at org.apache.hadoop.ozone.protocolPB.OzoneManagerProtocolServerSideTranslatorPB.submitRequestDirectlyToOM(OzoneManagerProtocolServerSideTranslatorPB.java:274) ~[ozone-manager-1.4.0-SNAPSHOT.jar:?]
	at org.apache.hadoop.ozone.protocolPB.OzoneManagerProtocolServerSideTranslatorPB.processRequest(OzoneManagerProtocolServerSideTranslatorPB.java:175) ~[ozone-manager-1.4.0-SNAPSHOT.jar:?]
	at org.apache.hadoop.hdds.server.OzoneProtocolMessageDispatcher.processRequest(OzoneProtocolMessageDispatcher.java:87) [hdds-server-framework-1.4.0-SNAPSHOT.jar:?]
	at org.apache.hadoop.ozone.protocolPB.OzoneManagerProtocolServerSideTranslatorPB.submitRequest(OzoneManagerProtocolServerSideTranslatorPB.java:148) [ozone-manager-1.4.0-SNAPSHOT.jar:?]
	at org.apache.hadoop.ozone.protocol.proto.OzoneManagerProtocolProtos$OzoneManagerService$2.callBlockingMethod(OzoneManagerProtocolProtos.java) [ozone-interface-client-1.4.0-SNAPSHOT.jar:?]
	at org.apache.hadoop.ipc.ProtobufRpcEngine$Server.processCall(ProtobufRpcEngine.java:484) [hadoop-common-3.3.6.jar:?]
	at org.apache.hadoop.ipc.ProtobufRpcEngine2$Server$ProtoBufRpcInvoker.call(ProtobufRpcEngine2.java:595) [hadoop-common-3.3.6.jar:?]
	at org.apache.hadoop.ipc.ProtobufRpcEngine2$Server$ProtoBufRpcInvoker.call(ProtobufRpcEngine2.java:573) [hadoop-common-3.3.6.jar:?]
	at org.apache.hadoop.ipc.RPC$Server.call(RPC.java:1227) [hadoop-common-3.3.6.jar:?]
	at org.apache.hadoop.ipc.Server$RpcCall.run(Server.java:1094) [hadoop-common-3.3.6.jar:?]
	at org.apache.hadoop.ipc.Server$RpcCall.run(Server.java:1017) [hadoop-common-3.3.6.jar:?]
	at java.security.AccessController.doPrivileged(Native Method) ~[?:1.8.0_382]
	at javax.security.auth.Subject.doAs(Subject.java:422) [?:1.8.0_382]
	at org.apache.hadoop.security.UserGroupInformation.doAs(UserGroupInformation.java:1899) [hadoop-common-3.3.6.jar:?]
	at org.apache.hadoop.ipc.Server$Handler.run(Server.java:3048) [hadoop-common-3.3.6.jar:?]
2023-08-28 09:34:59,837 [grpc-default-executor-5] INFO  server.RaftServer$Division (RaftServerImpl.java:requestVote(1302)) - ef3a886b-561e-496b-b271-3b32784cf0be@group-ADC6A1F9A082: receive requestVote(ELECTION, 269fa438-bc78-433d-911d-e020a0e24055, group-ADC6A1F9A082, 1, (t:0, i:0))
2023-08-28 09:34:59,837 [grpc-default-executor-5] INFO  impl.VoteContext (VoteContext.java:log(49)) - ef3a886b-561e-496b-b271-3b32784cf0be@group-ADC6A1F9A082-FOLLOWER: accept ELECTION from 269fa438-bc78-433d-911d-e020a0e24055: our priority 0 <= candidate's priority 1
2023-08-28 09:34:59,837 [grpc-default-executor-5] INFO  server.RaftServer$Division (RaftServerImpl.java:setRole(329)) - ef3a886b-561e-496b-b271-3b32784cf0be@group-ADC6A1F9A082: changes role from  FOLLOWER to FOLLOWER at term 1 for candidate:269fa438-bc78-433d-911d-e020a0e24055
2023-08-28 09:34:59,837 [grpc-default-executor-5] INFO  impl.RoleInfo (RoleInfo.java:shutdownFollowerState(110)) - ef3a886b-561e-496b-b271-3b32784cf0be: shutdown ef3a886b-561e-496b-b271-3b32784cf0be@group-ADC6A1F9A082-FollowerState
2023-08-28 09:34:59,838 [grpc-default-executor-5] INFO  impl.RoleInfo (RoleInfo.java:updateAndGet(139)) - ef3a886b-561e-496b-b271-3b32784cf0be: start ef3a886b-561e-496b-b271-3b32784cf0be@group-ADC6A1F9A082-FollowerState
2023-08-28 09:34:59,838 [ef3a886b-561e-496b-b271-3b32784cf0be@group-ADC6A1F9A082-FollowerState] INFO  impl.FollowerState (FollowerState.java:run(152)) - ef3a886b-561e-496b-b271-3b32784cf0be@group-ADC6A1F9A082-FollowerState was interrupted
2023-08-28 09:34:59,839 [grpc-default-executor-3] INFO  server.RaftServer$Division (RaftServerImpl.java:requestVote(1335)) - 2121e5cf-c9a2-43bb-b1d5-56f983d54b52@group-ADC6A1F9A082 replies to ELECTION vote request: 269fa438-bc78-433d-911d-e020a0e24055<-2121e5cf-c9a2-43bb-b1d5-56f983d54b52#0:OK-t1. Peer's state: 2121e5cf-c9a2-43bb-b1d5-56f983d54b52@group-ADC6A1F9A082:t1, leader=null, voted=269fa438-bc78-433d-911d-e020a0e24055, raftlog=Memoized:2121e5cf-c9a2-43bb-b1d5-56f983d54b52@group-ADC6A1F9A082-SegmentedRaftLog:OPENED:c-1, conf=-1: peers:[2121e5cf-c9a2-43bb-b1d5-56f983d54b52|rpc:10.1.0.27:15191|admin:10.1.0.27:15190|client:10.1.0.27:15189|dataStream:10.1.0.27:15192|priority:0|startupRole:FOLLOWER, 269fa438-bc78-433d-911d-e020a0e24055|rpc:10.1.0.27:15182|admin:10.1.0.27:15181|client:10.1.0.27:15180|dataStream:10.1.0.27:15183|priority:1|startupRole:FOLLOWER, ef3a886b-561e-496b-b271-3b32784cf0be|rpc:10.1.0.27:15173|admin:10.1.0.27:15172|client:10.1.0.27:15171|dataStream:10.1.0.27:15174|priority:0|startupRole:FOLLOWER]|listeners:[], old=null
2023-08-28 09:34:59,839 [269fa438-bc78-433d-911d-e020a0e24055@group-ADC6A1F9A082-LeaderElection35] INFO  impl.LeaderElection (LeaderElection.java:logAndReturn(90)) - 269fa438-bc78-433d-911d-e020a0e24055@group-ADC6A1F9A082-LeaderElection35: ELECTION PASSED received 1 response(s) and 0 exception(s):
2023-08-28 09:34:59,839 [269fa438-bc78-433d-911d-e020a0e24055@group-ADC6A1F9A082-LeaderElection35] INFO  impl.LeaderElection (LeaderElection.java:logAndReturn(94)) -   Response 0: 269fa438-bc78-433d-911d-e020a0e24055<-2121e5cf-c9a2-43bb-b1d5-56f983d54b52#0:OK-t1
2023-08-28 09:34:59,839 [269fa438-bc78-433d-911d-e020a0e24055@group-ADC6A1F9A082-LeaderElection35] INFO  impl.LeaderElection (LeaderElection.java:askForVotes(323)) - 269fa438-bc78-433d-911d-e020a0e24055@group-ADC6A1F9A082-LeaderElection35 ELECTION round 0: result PASSED
2023-08-28 09:34:59,839 [269fa438-bc78-433d-911d-e020a0e24055@group-ADC6A1F9A082-LeaderElection35] INFO  impl.RoleInfo (RoleInfo.java:shutdownLeaderElection(130)) - 269fa438-bc78-433d-911d-e020a0e24055: shutdown 269fa438-bc78-433d-911d-e020a0e24055@group-ADC6A1F9A082-LeaderElection35
2023-08-28 09:34:59,839 [269fa438-bc78-433d-911d-e020a0e24055@group-ADC6A1F9A082-LeaderElection35] INFO  server.RaftServer$Division (RaftServerImpl.java:setRole(329)) - 269fa438-bc78-433d-911d-e020a0e24055@group-ADC6A1F9A082: changes role from CANDIDATE to LEADER at term 1 for changeToLeader
2023-08-28 09:34:59,839 [269fa438-bc78-433d-911d-e020a0e24055@group-ADC6A1F9A082-LeaderElection35] INFO  ratis.XceiverServerRatis (XceiverServerRatis.java:handleLeaderChangedNotification(902)) - Leader change notification received for group: group-ADC6A1F9A082 with new leaderId: 269fa438-bc78-433d-911d-e020a0e24055
2023-08-28 09:34:59,840 [269fa438-bc78-433d-911d-e020a0e24055@group-ADC6A1F9A082-LeaderElection35] INFO  server.RaftServer$Division (ServerState.java:setLeader(317)) - 269fa438-bc78-433d-911d-e020a0e24055@group-ADC6A1F9A082: change Leader from null to 269fa438-bc78-433d-911d-e020a0e24055 at term 1 for becomeLeader, leader elected after 5334ms
2023-08-28 09:34:59,840 [269fa438-bc78-433d-911d-e020a0e24055@group-ADC6A1F9A082-LeaderElection35] INFO  server.RaftServerConfigKeys (ConfUtils.java:logGet(46)) - raft.server.staging.catchup.gap = 1000 (default)
2023-08-28 09:34:59,840 [269fa438-bc78-433d-911d-e020a0e24055@group-ADC6A1F9A082-LeaderElection35] INFO  server.RaftServerConfigKeys (ConfUtils.java:logGet(46)) - raft.server.write.element-limit = 1024 (custom)
2023-08-28 09:34:59,840 [269fa438-bc78-433d-911d-e020a0e24055@group-ADC6A1F9A082-LeaderElection35] INFO  server.RaftServerConfigKeys (ConfUtils.java:logGet(46)) - raft.server.write.byte-limit = 1024 M (=1073741824) (custom)
2023-08-28 09:34:59,840 [269fa438-bc78-433d-911d-e020a0e24055@group-ADC6A1F9A082-LeaderElection35] INFO  server.RaftServerConfigKeys (ConfUtils.java:logGet(46)) - raft.server.watch.timeout = 180s (custom)
2023-08-28 09:34:59,840 [269fa438-bc78-433d-911d-e020a0e24055@group-ADC6A1F9A082-LeaderElection35] INFO  server.RaftServerConfigKeys (ConfUtils.java:logGet(46)) - raft.server.watch.timeout.denomination = 1s (default)
2023-08-28 09:34:59,840 [269fa438-bc78-433d-911d-e020a0e24055@group-ADC6A1F9A082-LeaderElection35] INFO  server.RaftServerConfigKeys (ConfUtils.java:logGet(46)) - raft.server.watch.element-limit = 65536 (default)
2023-08-28 09:34:59,840 [269fa438-bc78-433d-911d-e020a0e24055@group-ADC6A1F9A082-LeaderElection35] INFO  server.RaftServerConfigKeys (ConfUtils.java:logGet(46)) - raft.server.write.element-limit = 1024 (custom)
2023-08-28 09:34:59,840 [269fa438-bc78-433d-911d-e020a0e24055@group-ADC6A1F9A082-LeaderElection35] INFO  server.RaftServerConfigKeys (ConfUtils.java:logGet(46)) - raft.server.write.follower.gap.ratio.max = -1.0 (default)
2023-08-28 09:34:59,841 [EventQueue-PipelineReportForPipelineReportHandler] INFO  pipeline.PipelineReportHandler (PipelineReportHandler.java:processPipelineReport(136)) - Opened pipeline PipelineID=1d4f85e9-bd84-41f0-b47e-adc6a1f9a082
2023-08-28 09:34:59,842 [grpc-default-executor-5] INFO  server.RaftServer$Division (RaftServerImpl.java:requestVote(1335)) - ef3a886b-561e-496b-b271-3b32784cf0be@group-ADC6A1F9A082 replies to ELECTION vote request: 269fa438-bc78-433d-911d-e020a0e24055<-ef3a886b-561e-496b-b271-3b32784cf0be#0:OK-t1. Peer's state: ef3a886b-561e-496b-b271-3b32784cf0be@group-ADC6A1F9A082:t1, leader=null, voted=269fa438-bc78-433d-911d-e020a0e24055, raftlog=Memoized:ef3a886b-561e-496b-b271-3b32784cf0be@group-ADC6A1F9A082-SegmentedRaftLog:OPENED:c-1, conf=-1: peers:[2121e5cf-c9a2-43bb-b1d5-56f983d54b52|rpc:10.1.0.27:15191|admin:10.1.0.27:15190|client:10.1.0.27:15189|dataStream:10.1.0.27:15192|priority:0|startupRole:FOLLOWER, 269fa438-bc78-433d-911d-e020a0e24055|rpc:10.1.0.27:15182|admin:10.1.0.27:15181|client:10.1.0.27:15180|dataStream:10.1.0.27:15183|priority:1|startupRole:FOLLOWER, ef3a886b-561e-496b-b271-3b32784cf0be|rpc:10.1.0.27:15173|admin:10.1.0.27:15172|client:10.1.0.27:15171|dataStream:10.1.0.27:15174|priority:0|startupRole:FOLLOWER]|listeners:[], old=null
2023-08-28 09:34:59,843 [269fa438-bc78-433d-911d-e020a0e24055@group-ADC6A1F9A082-LeaderElection35] INFO  server.RaftServerConfigKeys (ConfUtils.java:logGet(46)) - raft.server.log.appender.snapshot.chunk.size.max = 16MB (=16777216) (default)
2023-08-28 09:34:59,843 [269fa438-bc78-433d-911d-e020a0e24055@group-ADC6A1F9A082-LeaderElection35] INFO  server.RaftServerConfigKeys (ConfUtils.java:logGet(46)) - raft.server.log.appender.buffer.byte-limit = 33554432 (custom)
2023-08-28 09:34:59,843 [269fa438-bc78-433d-911d-e020a0e24055@group-ADC6A1F9A082-LeaderElection35] INFO  server.RaftServerConfigKeys (ConfUtils.java:logGet(46)) - raft.server.log.appender.buffer.element-limit = 1 (custom)
2023-08-28 09:34:59,846 [269fa438-bc78-433d-911d-e020a0e24055@group-ADC6A1F9A082-LeaderElection35] INFO  server.RaftServerConfigKeys (ConfUtils.java:logGet(46)) - raft.server.log.appender.wait-time.min = 10ms (default)
2023-08-28 09:34:59,846 [269fa438-bc78-433d-911d-e020a0e24055@group-ADC6A1F9A082-LeaderElection35] INFO  grpc.GrpcConfigKeys (ConfUtils.java:logGet(46)) - raft.grpc.server.leader.outstanding.appends.max = 128 (default)
2023-08-28 09:34:59,846 [269fa438-bc78-433d-911d-e020a0e24055@group-ADC6A1F9A082-LeaderElection35] INFO  server.RaftServerConfigKeys (ConfUtils.java:logGet(46)) - raft.server.rpc.request.timeout = 60s (custom)
2023-08-28 09:34:59,846 [269fa438-bc78-433d-911d-e020a0e24055@group-ADC6A1F9A082-LeaderElection35] INFO  grpc.GrpcConfigKeys (ConfUtils.java:logGet(46)) - raft.grpc.server.install_snapshot.request.element-limit = 8 (default)
2023-08-28 09:34:59,846 [269fa438-bc78-433d-911d-e020a0e24055@group-ADC6A1F9A082-LeaderElection35] INFO  grpc.GrpcConfigKeys (ConfUtils.java:logGet(46)) - raft.grpc.server.install_snapshot.request.timeout = 3000ms (default)
2023-08-28 09:34:59,846 [269fa438-bc78-433d-911d-e020a0e24055@group-ADC6A1F9A082-LeaderElection35] INFO  server.RaftServerConfigKeys (ConfUtils.java:logGet(46)) - raft.server.log.appender.install.snapshot.enabled = false (custom)
2023-08-28 09:34:59,846 [269fa438-bc78-433d-911d-e020a0e24055@group-ADC6A1F9A082-LeaderElection35] INFO  grpc.GrpcConfigKeys (ConfUtils.java:logGet(46)) - raft.grpc.server.heartbeat.channel = true (default)
2023-08-28 09:34:59,847 [269fa438-bc78-433d-911d-e020a0e24055@group-ADC6A1F9A082-LeaderElection35] INFO  server.RaftServerConfigKeys (ConfUtils.java:logGet(46)) - raft.server.log.appender.snapshot.chunk.size.max = 16MB (=16777216) (default)
2023-08-28 09:34:59,847 [269fa438-bc78-433d-911d-e020a0e24055@group-ADC6A1F9A082-LeaderElection35] INFO  server.RaftServerConfigKeys (ConfUtils.java:logGet(46)) - raft.server.log.appender.buffer.byte-limit = 33554432 (custom)
2023-08-28 09:34:59,847 [269fa438-bc78-433d-911d-e020a0e24055@group-ADC6A1F9A082-LeaderElection35] INFO  server.RaftServerConfigKeys (ConfUtils.java:logGet(46)) - raft.server.log.appender.buffer.element-limit = 1 (custom)
2023-08-28 09:34:59,847 [269fa438-bc78-433d-911d-e020a0e24055@group-ADC6A1F9A082-LeaderElection35] INFO  server.RaftServerConfigKeys (ConfUtils.java:logGet(46)) - raft.server.log.appender.wait-time.min = 10ms (default)
2023-08-28 09:34:59,847 [269fa438-bc78-433d-911d-e020a0e24055@group-ADC6A1F9A082-LeaderElection35] INFO  grpc.GrpcConfigKeys (ConfUtils.java:logGet(46)) - raft.grpc.server.leader.outstanding.appends.max = 128 (default)
2023-08-28 09:34:59,847 [269fa438-bc78-433d-911d-e020a0e24055@group-ADC6A1F9A082-LeaderElection35] INFO  server.RaftServerConfigKeys (ConfUtils.java:logGet(46)) - raft.server.rpc.request.timeout = 60s (custom)
2023-08-28 09:34:59,847 [269fa438-bc78-433d-911d-e020a0e24055@group-ADC6A1F9A082-LeaderElection35] INFO  grpc.GrpcConfigKeys (ConfUtils.java:logGet(46)) - raft.grpc.server.install_snapshot.request.element-limit = 8 (default)
2023-08-28 09:34:59,847 [269fa438-bc78-433d-911d-e020a0e24055@group-ADC6A1F9A082-LeaderElection35] INFO  grpc.GrpcConfigKeys (ConfUtils.java:logGet(46)) - raft.grpc.server.install_snapshot.request.timeout = 3000ms (default)
2023-08-28 09:34:59,847 [269fa438-bc78-433d-911d-e020a0e24055@group-ADC6A1F9A082-LeaderElection35] INFO  server.RaftServerConfigKeys (ConfUtils.java:logGet(46)) - raft.server.log.appender.install.snapshot.enabled = false (custom)
2023-08-28 09:34:59,847 [269fa438-bc78-433d-911d-e020a0e24055@group-ADC6A1F9A082-LeaderElection35] INFO  grpc.GrpcConfigKeys (ConfUtils.java:logGet(46)) - raft.grpc.server.heartbeat.channel = true (default)
2023-08-28 09:34:59,847 [269fa438-bc78-433d-911d-e020a0e24055@group-ADC6A1F9A082-LeaderElection35] INFO  impl.RoleInfo (RoleInfo.java:updateAndGet(139)) - 269fa438-bc78-433d-911d-e020a0e24055: start 269fa438-bc78-433d-911d-e020a0e24055@group-ADC6A1F9A082-LeaderStateImpl
2023-08-28 09:34:59,847 [269fa438-bc78-433d-911d-e020a0e24055@group-ADC6A1F9A082-LeaderElection35] INFO  segmented.SegmentedRaftLogWorker (SegmentedRaftLogWorker.java:startLogSegment(447)) - 269fa438-bc78-433d-911d-e020a0e24055@group-ADC6A1F9A082-SegmentedRaftLogWorker: Starting segment from index:0
2023-08-28 09:34:59,853 [269fa438-bc78-433d-911d-e020a0e24055@group-ADC6A1F9A082-SegmentedRaftLogWorker] INFO  segmented.SegmentedRaftLogWorker (SegmentedRaftLogWorker.java:execute(651)) - 269fa438-bc78-433d-911d-e020a0e24055@group-ADC6A1F9A082-SegmentedRaftLogWorker: created new log segment /home/runner/work/ozone/ozone/hadoop-ozone/integration-test/target/test-dir/MiniOzoneClusterImpl-b3d20441-1363-4d90-8b75-dcc1ba5546e4/datanode-1/data/ratis/1d4f85e9-bd84-41f0-b47e-adc6a1f9a082/current/log_inprogress_0
2023-08-28 09:34:59,857 [269fa438-bc78-433d-911d-e020a0e24055@group-ADC6A1F9A082-LeaderElection35] INFO  server.RaftServer$Division (ServerState.java:setRaftConf(434)) - 269fa438-bc78-433d-911d-e020a0e24055@group-ADC6A1F9A082: set configuration 0: peers:[2121e5cf-c9a2-43bb-b1d5-56f983d54b52|rpc:10.1.0.27:15191|admin:10.1.0.27:15190|client:10.1.0.27:15189|dataStream:10.1.0.27:15192|priority:0|startupRole:FOLLOWER, 269fa438-bc78-433d-911d-e020a0e24055|rpc:10.1.0.27:15182|admin:10.1.0.27:15181|client:10.1.0.27:15180|dataStream:10.1.0.27:15183|priority:1|startupRole:FOLLOWER, ef3a886b-561e-496b-b271-3b32784cf0be|rpc:10.1.0.27:15173|admin:10.1.0.27:15172|client:10.1.0.27:15171|dataStream:10.1.0.27:15174|priority:0|startupRole:FOLLOWER]|listeners:[], old=null
2023-08-28 09:34:59,868 [2121e5cf-c9a2-43bb-b1d5-56f983d54b52-server-thread1] INFO  ratis.XceiverServerRatis (XceiverServerRatis.java:handleLeaderChangedNotification(902)) - Leader change notification received for group: group-ADC6A1F9A082 with new leaderId: 269fa438-bc78-433d-911d-e020a0e24055
2023-08-28 09:34:59,870 [2121e5cf-c9a2-43bb-b1d5-56f983d54b52-server-thread1] INFO  server.RaftServer$Division (ServerState.java:setLeader(317)) - 2121e5cf-c9a2-43bb-b1d5-56f983d54b52@group-ADC6A1F9A082: change Leader from null to 269fa438-bc78-433d-911d-e020a0e24055 at term 1 for appendEntries, leader elected after 5325ms
2023-08-28 09:34:59,870 [ef3a886b-561e-496b-b271-3b32784cf0be-server-thread1] INFO  ratis.XceiverServerRatis (XceiverServerRatis.java:handleLeaderChangedNotification(902)) - Leader change notification received for group: group-ADC6A1F9A082 with new leaderId: 269fa438-bc78-433d-911d-e020a0e24055
2023-08-28 09:34:59,870 [ef3a886b-561e-496b-b271-3b32784cf0be-server-thread1] INFO  server.RaftServer$Division (ServerState.java:setLeader(317)) - ef3a886b-561e-496b-b271-3b32784cf0be@group-ADC6A1F9A082: change Leader from null to 269fa438-bc78-433d-911d-e020a0e24055 at term 1 for appendEntries, leader elected after 5397ms
2023-08-28 09:34:59,873 [2121e5cf-c9a2-43bb-b1d5-56f983d54b52-server-thread2] INFO  server.RaftServer$Division (ServerState.java:setRaftConf(434)) - 2121e5cf-c9a2-43bb-b1d5-56f983d54b52@group-ADC6A1F9A082: set configuration 0: peers:[2121e5cf-c9a2-43bb-b1d5-56f983d54b52|rpc:10.1.0.27:15191|admin:10.1.0.27:15190|client:10.1.0.27:15189|dataStream:10.1.0.27:15192|priority:0|startupRole:FOLLOWER, 269fa438-bc78-433d-911d-e020a0e24055|rpc:10.1.0.27:15182|admin:10.1.0.27:15181|client:10.1.0.27:15180|dataStream:10.1.0.27:15183|priority:1|startupRole:FOLLOWER, ef3a886b-561e-496b-b271-3b32784cf0be|rpc:10.1.0.27:15173|admin:10.1.0.27:15172|client:10.1.0.27:15171|dataStream:10.1.0.27:15174|priority:0|startupRole:FOLLOWER]|listeners:[], old=null
2023-08-28 09:34:59,873 [2121e5cf-c9a2-43bb-b1d5-56f983d54b52-server-thread2] INFO  segmented.SegmentedRaftLogWorker (SegmentedRaftLogWorker.java:startLogSegment(447)) - 2121e5cf-c9a2-43bb-b1d5-56f983d54b52@group-ADC6A1F9A082-SegmentedRaftLogWorker: Starting segment from index:0
]]></system-out>
  </testcase>
  <testcase name="testRenameDir" classname="TestOzoneFileSystem" time="0.067">
    <system-out><![CDATA[2023-08-28 09:31:16,332 [Time-limited test] INFO  ozone.TestOzoneFileSystem (TestOzoneFileSystem.java:testRenameDir(1435)) - Created dir o3fs://bucket05606.volume76952/root_dir/dir1/sub_dir1
2023-08-28 09:31:16,332 [Time-limited test] INFO  ozone.TestOzoneFileSystem (TestOzoneFileSystem.java:testRenameDir(1436)) - Will move o3fs://bucket05606.volume76952/root_dir/dir1 to o3fs://bucket05606.volume76952/root_dir/dir1.renamed
09:31:16.338 [IPC Server handler 12 on default port 15004] ERROR OMAudit - user=runner | ip=127.0.0.1 | op=GET_FILE_STATUS {volume=volume76952, bucket=bucket05606, key=root_dir/dir1.renamed, dataSize=0, replicationConfig=null} | ret=FAILURE
org.apache.hadoop.ozone.om.exceptions.OMException: Unable to get file status: volume: volume76952 bucket: bucket05606 key: root_dir/dir1.renamed
	at org.apache.hadoop.ozone.om.KeyManagerImpl.getOzoneFileStatus(KeyManagerImpl.java:1195) ~[ozone-manager-1.4.0-SNAPSHOT.jar:?]
	at org.apache.hadoop.ozone.om.KeyManagerImpl.getFileStatus(KeyManagerImpl.java:1113) ~[ozone-manager-1.4.0-SNAPSHOT.jar:?]
	at org.apache.hadoop.ozone.om.OmMetadataReader.getFileStatus(OmMetadataReader.java:262) ~[ozone-manager-1.4.0-SNAPSHOT.jar:?]
	at org.apache.hadoop.ozone.om.OzoneManager.getFileStatus(OzoneManager.java:3513) ~[ozone-manager-1.4.0-SNAPSHOT.jar:?]
	at org.apache.hadoop.ozone.protocolPB.OzoneManagerRequestHandler.getOzoneFileStatus(OzoneManagerRequestHandler.java:973) ~[ozone-manager-1.4.0-SNAPSHOT.jar:?]
	at org.apache.hadoop.ozone.protocolPB.OzoneManagerRequestHandler.handleReadRequest(OzoneManagerRequestHandler.java:252) ~[ozone-manager-1.4.0-SNAPSHOT.jar:?]
	at org.apache.hadoop.ozone.protocolPB.OzoneManagerProtocolServerSideTranslatorPB.submitReadRequestToOM(OzoneManagerProtocolServerSideTranslatorPB.java:225) ~[ozone-manager-1.4.0-SNAPSHOT.jar:?]
	at org.apache.hadoop.ozone.protocolPB.OzoneManagerProtocolServerSideTranslatorPB.processRequest(OzoneManagerProtocolServerSideTranslatorPB.java:179) ~[ozone-manager-1.4.0-SNAPSHOT.jar:?]
	at org.apache.hadoop.hdds.server.OzoneProtocolMessageDispatcher.processRequest(OzoneProtocolMessageDispatcher.java:87) [hdds-server-framework-1.4.0-SNAPSHOT.jar:?]
	at org.apache.hadoop.ozone.protocolPB.OzoneManagerProtocolServerSideTranslatorPB.submitRequest(OzoneManagerProtocolServerSideTranslatorPB.java:148) [ozone-manager-1.4.0-SNAPSHOT.jar:?]
	at org.apache.hadoop.ozone.protocol.proto.OzoneManagerProtocolProtos$OzoneManagerService$2.callBlockingMethod(OzoneManagerProtocolProtos.java) [ozone-interface-client-1.4.0-SNAPSHOT.jar:?]
	at org.apache.hadoop.ipc.ProtobufRpcEngine$Server.processCall(ProtobufRpcEngine.java:484) [hadoop-common-3.3.6.jar:?]
	at org.apache.hadoop.ipc.ProtobufRpcEngine2$Server$ProtoBufRpcInvoker.call(ProtobufRpcEngine2.java:595) [hadoop-common-3.3.6.jar:?]
	at org.apache.hadoop.ipc.ProtobufRpcEngine2$Server$ProtoBufRpcInvoker.call(ProtobufRpcEngine2.java:573) [hadoop-common-3.3.6.jar:?]
	at org.apache.hadoop.ipc.RPC$Server.call(RPC.java:1227) [hadoop-common-3.3.6.jar:?]
	at org.apache.hadoop.ipc.Server$RpcCall.run(Server.java:1094) [hadoop-common-3.3.6.jar:?]
	at org.apache.hadoop.ipc.Server$RpcCall.run(Server.java:1017) [hadoop-common-3.3.6.jar:?]
	at java.security.AccessController.doPrivileged(Native Method) ~[?:1.8.0_382]
	at javax.security.auth.Subject.doAs(Subject.java:422) [?:1.8.0_382]
	at org.apache.hadoop.security.UserGroupInformation.doAs(UserGroupInformation.java:1899) [hadoop-common-3.3.6.jar:?]
	at org.apache.hadoop.ipc.Server$Handler.run(Server.java:3048) [hadoop-common-3.3.6.jar:?]
]]></system-out>
  </testcase>
  <testcase name="testRenameDir" classname="TestOzoneFileSystem" time="0.021">
    <system-out><![CDATA[2023-08-28 09:32:41,669 [Time-limited test] INFO  ozone.TestOzoneFileSystem (TestOzoneFileSystem.java:testRenameDir(1435)) - Created dir o3fs://bucket62222.volume78214/root_dir/dir1/sub_dir1
2023-08-28 09:32:41,669 [Time-limited test] INFO  ozone.TestOzoneFileSystem (TestOzoneFileSystem.java:testRenameDir(1436)) - Will move o3fs://bucket62222.volume78214/root_dir/dir1 to o3fs://bucket62222.volume78214/root_dir/dir1.renamed
09:32:41.671 [IPC Server handler 1 on default port 15057] ERROR OMAudit - user=runner | ip=127.0.0.1 | op=GET_FILE_STATUS {volume=volume78214, bucket=bucket62222, key=root_dir/dir1.renamed, dataSize=0, replicationConfig=null} | ret=FAILURE
org.apache.hadoop.ozone.om.exceptions.OMException: Unable to get file status: volume: volume78214 bucket: bucket62222 key: root_dir/dir1.renamed
	at org.apache.hadoop.ozone.om.KeyManagerImpl.getOzoneFileStatus(KeyManagerImpl.java:1195) ~[ozone-manager-1.4.0-SNAPSHOT.jar:?]
	at org.apache.hadoop.ozone.om.KeyManagerImpl.getFileStatus(KeyManagerImpl.java:1113) ~[ozone-manager-1.4.0-SNAPSHOT.jar:?]
	at org.apache.hadoop.ozone.om.OmMetadataReader.getFileStatus(OmMetadataReader.java:262) ~[ozone-manager-1.4.0-SNAPSHOT.jar:?]
	at org.apache.hadoop.ozone.om.OzoneManager.getFileStatus(OzoneManager.java:3513) ~[ozone-manager-1.4.0-SNAPSHOT.jar:?]
	at org.apache.hadoop.ozone.protocolPB.OzoneManagerRequestHandler.getOzoneFileStatus(OzoneManagerRequestHandler.java:973) ~[ozone-manager-1.4.0-SNAPSHOT.jar:?]
	at org.apache.hadoop.ozone.protocolPB.OzoneManagerRequestHandler.handleReadRequest(OzoneManagerRequestHandler.java:252) ~[ozone-manager-1.4.0-SNAPSHOT.jar:?]
	at org.apache.hadoop.ozone.protocolPB.OzoneManagerProtocolServerSideTranslatorPB.submitRequestDirectlyToOM(OzoneManagerProtocolServerSideTranslatorPB.java:274) ~[ozone-manager-1.4.0-SNAPSHOT.jar:?]
	at org.apache.hadoop.ozone.protocolPB.OzoneManagerProtocolServerSideTranslatorPB.processRequest(OzoneManagerProtocolServerSideTranslatorPB.java:175) ~[ozone-manager-1.4.0-SNAPSHOT.jar:?]
	at org.apache.hadoop.hdds.server.OzoneProtocolMessageDispatcher.processRequest(OzoneProtocolMessageDispatcher.java:87) [hdds-server-framework-1.4.0-SNAPSHOT.jar:?]
	at org.apache.hadoop.ozone.protocolPB.OzoneManagerProtocolServerSideTranslatorPB.submitRequest(OzoneManagerProtocolServerSideTranslatorPB.java:148) [ozone-manager-1.4.0-SNAPSHOT.jar:?]
	at org.apache.hadoop.ozone.protocol.proto.OzoneManagerProtocolProtos$OzoneManagerService$2.callBlockingMethod(OzoneManagerProtocolProtos.java) [ozone-interface-client-1.4.0-SNAPSHOT.jar:?]
	at org.apache.hadoop.ipc.ProtobufRpcEngine$Server.processCall(ProtobufRpcEngine.java:484) [hadoop-common-3.3.6.jar:?]
	at org.apache.hadoop.ipc.ProtobufRpcEngine2$Server$ProtoBufRpcInvoker.call(ProtobufRpcEngine2.java:595) [hadoop-common-3.3.6.jar:?]
	at org.apache.hadoop.ipc.ProtobufRpcEngine2$Server$ProtoBufRpcInvoker.call(ProtobufRpcEngine2.java:573) [hadoop-common-3.3.6.jar:?]
	at org.apache.hadoop.ipc.RPC$Server.call(RPC.java:1227) [hadoop-common-3.3.6.jar:?]
	at org.apache.hadoop.ipc.Server$RpcCall.run(Server.java:1094) [hadoop-common-3.3.6.jar:?]
	at org.apache.hadoop.ipc.Server$RpcCall.run(Server.java:1017) [hadoop-common-3.3.6.jar:?]
	at java.security.AccessController.doPrivileged(Native Method) ~[?:1.8.0_382]
	at javax.security.auth.Subject.doAs(Subject.java:422) [?:1.8.0_382]
	at org.apache.hadoop.security.UserGroupInformation.doAs(UserGroupInformation.java:1899) [hadoop-common-3.3.6.jar:?]
	at org.apache.hadoop.ipc.Server$Handler.run(Server.java:3048) [hadoop-common-3.3.6.jar:?]
]]></system-out>
  </testcase>
  <testcase name="testRenameDir" classname="TestOzoneFileSystem" time="0.02">
    <system-out><![CDATA[2023-08-28 09:33:49,125 [Time-limited test] INFO  ozone.TestOzoneFileSystem (TestOzoneFileSystem.java:testRenameDir(1435)) - Created dir o3fs://bucket03907.volume01359/root_dir/dir1/sub_dir1
2023-08-28 09:33:49,125 [Time-limited test] INFO  ozone.TestOzoneFileSystem (TestOzoneFileSystem.java:testRenameDir(1436)) - Will move o3fs://bucket03907.volume01359/root_dir/dir1 to o3fs://bucket03907.volume01359/root_dir/dir1.renamed
09:33:49.127 [IPC Server handler 9 on default port 15110] ERROR OMAudit - user=runner | ip=127.0.0.1 | op=GET_FILE_STATUS {volume=volume01359, bucket=bucket03907, key=root_dir/dir1.renamed, dataSize=0, replicationConfig=null} | ret=FAILURE
org.apache.hadoop.ozone.om.exceptions.OMException: Unable to get file status: volume: volume01359 bucket: bucket03907 key: root_dir/dir1.renamed
	at org.apache.hadoop.ozone.om.KeyManagerImpl.getOzoneFileStatus(KeyManagerImpl.java:1195) ~[ozone-manager-1.4.0-SNAPSHOT.jar:?]
	at org.apache.hadoop.ozone.om.KeyManagerImpl.getFileStatus(KeyManagerImpl.java:1113) ~[ozone-manager-1.4.0-SNAPSHOT.jar:?]
	at org.apache.hadoop.ozone.om.OmMetadataReader.getFileStatus(OmMetadataReader.java:262) ~[ozone-manager-1.4.0-SNAPSHOT.jar:?]
	at org.apache.hadoop.ozone.om.OzoneManager.getFileStatus(OzoneManager.java:3513) ~[ozone-manager-1.4.0-SNAPSHOT.jar:?]
	at org.apache.hadoop.ozone.protocolPB.OzoneManagerRequestHandler.getOzoneFileStatus(OzoneManagerRequestHandler.java:973) ~[ozone-manager-1.4.0-SNAPSHOT.jar:?]
	at org.apache.hadoop.ozone.protocolPB.OzoneManagerRequestHandler.handleReadRequest(OzoneManagerRequestHandler.java:252) ~[ozone-manager-1.4.0-SNAPSHOT.jar:?]
	at org.apache.hadoop.ozone.protocolPB.OzoneManagerProtocolServerSideTranslatorPB.submitReadRequestToOM(OzoneManagerProtocolServerSideTranslatorPB.java:225) ~[ozone-manager-1.4.0-SNAPSHOT.jar:?]
	at org.apache.hadoop.ozone.protocolPB.OzoneManagerProtocolServerSideTranslatorPB.processRequest(OzoneManagerProtocolServerSideTranslatorPB.java:179) ~[ozone-manager-1.4.0-SNAPSHOT.jar:?]
	at org.apache.hadoop.hdds.server.OzoneProtocolMessageDispatcher.processRequest(OzoneProtocolMessageDispatcher.java:87) [hdds-server-framework-1.4.0-SNAPSHOT.jar:?]
	at org.apache.hadoop.ozone.protocolPB.OzoneManagerProtocolServerSideTranslatorPB.submitRequest(OzoneManagerProtocolServerSideTranslatorPB.java:148) [ozone-manager-1.4.0-SNAPSHOT.jar:?]
	at org.apache.hadoop.ozone.protocol.proto.OzoneManagerProtocolProtos$OzoneManagerService$2.callBlockingMethod(OzoneManagerProtocolProtos.java) [ozone-interface-client-1.4.0-SNAPSHOT.jar:?]
	at org.apache.hadoop.ipc.ProtobufRpcEngine$Server.processCall(ProtobufRpcEngine.java:484) [hadoop-common-3.3.6.jar:?]
	at org.apache.hadoop.ipc.ProtobufRpcEngine2$Server$ProtoBufRpcInvoker.call(ProtobufRpcEngine2.java:595) [hadoop-common-3.3.6.jar:?]
	at org.apache.hadoop.ipc.ProtobufRpcEngine2$Server$ProtoBufRpcInvoker.call(ProtobufRpcEngine2.java:573) [hadoop-common-3.3.6.jar:?]
	at org.apache.hadoop.ipc.RPC$Server.call(RPC.java:1227) [hadoop-common-3.3.6.jar:?]
	at org.apache.hadoop.ipc.Server$RpcCall.run(Server.java:1094) [hadoop-common-3.3.6.jar:?]
	at org.apache.hadoop.ipc.Server$RpcCall.run(Server.java:1017) [hadoop-common-3.3.6.jar:?]
	at java.security.AccessController.doPrivileged(Native Method) ~[?:1.8.0_382]
	at javax.security.auth.Subject.doAs(Subject.java:422) [?:1.8.0_382]
	at org.apache.hadoop.security.UserGroupInformation.doAs(UserGroupInformation.java:1899) [hadoop-common-3.3.6.jar:?]
	at org.apache.hadoop.ipc.Server$Handler.run(Server.java:3048) [hadoop-common-3.3.6.jar:?]
]]></system-out>
  </testcase>
  <testcase name="testRenameDir" classname="TestOzoneFileSystem" time="0.019">
    <system-out><![CDATA[2023-08-28 09:34:59,874 [2121e5cf-c9a2-43bb-b1d5-56f983d54b52@group-ADC6A1F9A082-SegmentedRaftLogWorker] INFO  segmented.SegmentedRaftLogWorker (SegmentedRaftLogWorker.java:execute(651)) - 2121e5cf-c9a2-43bb-b1d5-56f983d54b52@group-ADC6A1F9A082-SegmentedRaftLogWorker: created new log segment /home/runner/work/ozone/ozone/hadoop-ozone/integration-test/target/test-dir/MiniOzoneClusterImpl-b3d20441-1363-4d90-8b75-dcc1ba5546e4/datanode-2/data/ratis/1d4f85e9-bd84-41f0-b47e-adc6a1f9a082/current/log_inprogress_0
2023-08-28 09:34:59,878 [Time-limited test] INFO  ozone.TestOzoneFileSystem (TestOzoneFileSystem.java:testRenameDir(1435)) - Created dir o3fs://bucket71984.volume82570/root_dir/dir1/sub_dir1
2023-08-28 09:34:59,880 [Time-limited test] INFO  ozone.TestOzoneFileSystem (TestOzoneFileSystem.java:testRenameDir(1436)) - Will move o3fs://bucket71984.volume82570/root_dir/dir1 to o3fs://bucket71984.volume82570/root_dir/dir1.renamed
09:34:59.882 [IPC Server handler 9 on default port 15163] ERROR OMAudit - user=runner | ip=127.0.0.1 | op=GET_FILE_STATUS {volume=volume82570, bucket=bucket71984, key=root_dir/dir1.renamed, dataSize=0, replicationConfig=null} | ret=FAILURE
org.apache.hadoop.ozone.om.exceptions.OMException: Unable to get file status: volume: volume82570 bucket: bucket71984 key: root_dir/dir1.renamed
	at org.apache.hadoop.ozone.om.KeyManagerImpl.getOzoneFileStatus(KeyManagerImpl.java:1195) ~[ozone-manager-1.4.0-SNAPSHOT.jar:?]
	at org.apache.hadoop.ozone.om.KeyManagerImpl.getFileStatus(KeyManagerImpl.java:1113) ~[ozone-manager-1.4.0-SNAPSHOT.jar:?]
	at org.apache.hadoop.ozone.om.OmMetadataReader.getFileStatus(OmMetadataReader.java:262) ~[ozone-manager-1.4.0-SNAPSHOT.jar:?]
	at org.apache.hadoop.ozone.om.OzoneManager.getFileStatus(OzoneManager.java:3513) ~[ozone-manager-1.4.0-SNAPSHOT.jar:?]
	at org.apache.hadoop.ozone.protocolPB.OzoneManagerRequestHandler.getOzoneFileStatus(OzoneManagerRequestHandler.java:973) ~[ozone-manager-1.4.0-SNAPSHOT.jar:?]
	at org.apache.hadoop.ozone.protocolPB.OzoneManagerRequestHandler.handleReadRequest(OzoneManagerRequestHandler.java:252) ~[ozone-manager-1.4.0-SNAPSHOT.jar:?]
	at org.apache.hadoop.ozone.protocolPB.OzoneManagerProtocolServerSideTranslatorPB.submitRequestDirectlyToOM(OzoneManagerProtocolServerSideTranslatorPB.java:274) ~[ozone-manager-1.4.0-SNAPSHOT.jar:?]
	at org.apache.hadoop.ozone.protocolPB.OzoneManagerProtocolServerSideTranslatorPB.processRequest(OzoneManagerProtocolServerSideTranslatorPB.java:175) ~[ozone-manager-1.4.0-SNAPSHOT.jar:?]
	at org.apache.hadoop.hdds.server.OzoneProtocolMessageDispatcher.processRequest(OzoneProtocolMessageDispatcher.java:87) [hdds-server-framework-1.4.0-SNAPSHOT.jar:?]
	at org.apache.hadoop.ozone.protocolPB.OzoneManagerProtocolServerSideTranslatorPB.submitRequest(OzoneManagerProtocolServerSideTranslatorPB.java:148) [ozone-manager-1.4.0-SNAPSHOT.jar:?]
	at org.apache.hadoop.ozone.protocol.proto.OzoneManagerProtocolProtos$OzoneManagerService$2.callBlockingMethod(OzoneManagerProtocolProtos.java) [ozone-interface-client-1.4.0-SNAPSHOT.jar:?]
	at org.apache.hadoop.ipc.ProtobufRpcEngine$Server.processCall(ProtobufRpcEngine.java:484) [hadoop-common-3.3.6.jar:?]
	at org.apache.hadoop.ipc.ProtobufRpcEngine2$Server$ProtoBufRpcInvoker.call(ProtobufRpcEngine2.java:595) [hadoop-common-3.3.6.jar:?]
	at org.apache.hadoop.ipc.ProtobufRpcEngine2$Server$ProtoBufRpcInvoker.call(ProtobufRpcEngine2.java:573) [hadoop-common-3.3.6.jar:?]
	at org.apache.hadoop.ipc.RPC$Server.call(RPC.java:1227) [hadoop-common-3.3.6.jar:?]
	at org.apache.hadoop.ipc.Server$RpcCall.run(Server.java:1094) [hadoop-common-3.3.6.jar:?]
	at org.apache.hadoop.ipc.Server$RpcCall.run(Server.java:1017) [hadoop-common-3.3.6.jar:?]
	at java.security.AccessController.doPrivileged(Native Method) ~[?:1.8.0_382]
	at javax.security.auth.Subject.doAs(Subject.java:422) [?:1.8.0_382]
	at org.apache.hadoop.security.UserGroupInformation.doAs(UserGroupInformation.java:1899) [hadoop-common-3.3.6.jar:?]
	at org.apache.hadoop.ipc.Server$Handler.run(Server.java:3048) [hadoop-common-3.3.6.jar:?]
2023-08-28 09:34:59,889 [ef3a886b-561e-496b-b271-3b32784cf0be-server-thread2] INFO  server.RaftServer$Division (ServerState.java:setRaftConf(434)) - ef3a886b-561e-496b-b271-3b32784cf0be@group-ADC6A1F9A082: set configuration 0: peers:[2121e5cf-c9a2-43bb-b1d5-56f983d54b52|rpc:10.1.0.27:15191|admin:10.1.0.27:15190|client:10.1.0.27:15189|dataStream:10.1.0.27:15192|priority:0|startupRole:FOLLOWER, 269fa438-bc78-433d-911d-e020a0e24055|rpc:10.1.0.27:15182|admin:10.1.0.27:15181|client:10.1.0.27:15180|dataStream:10.1.0.27:15183|priority:1|startupRole:FOLLOWER, ef3a886b-561e-496b-b271-3b32784cf0be|rpc:10.1.0.27:15173|admin:10.1.0.27:15172|client:10.1.0.27:15171|dataStream:10.1.0.27:15174|priority:0|startupRole:FOLLOWER]|listeners:[], old=null
2023-08-28 09:34:59,890 [ef3a886b-561e-496b-b271-3b32784cf0be-server-thread2] INFO  segmented.SegmentedRaftLogWorker (SegmentedRaftLogWorker.java:startLogSegment(447)) - ef3a886b-561e-496b-b271-3b32784cf0be@group-ADC6A1F9A082-SegmentedRaftLogWorker: Starting segment from index:0
2023-08-28 09:34:59,891 [ef3a886b-561e-496b-b271-3b32784cf0be@group-ADC6A1F9A082-SegmentedRaftLogWorker] INFO  segmented.SegmentedRaftLogWorker (SegmentedRaftLogWorker.java:execute(651)) - ef3a886b-561e-496b-b271-3b32784cf0be@group-ADC6A1F9A082-SegmentedRaftLogWorker: created new log segment /home/runner/work/ozone/ozone/hadoop-ozone/integration-test/target/test-dir/MiniOzoneClusterImpl-b3d20441-1363-4d90-8b75-dcc1ba5546e4/datanode-0/data/ratis/1d4f85e9-bd84-41f0-b47e-adc6a1f9a082/current/log_inprogress_0
]]></system-out>
  </testcase>
  <testcase name="testListStatusIteratorOnSubDirs" classname="TestOzoneFileSystem" time="0.082"/>
  <testcase name="testListStatusIteratorOnSubDirs" classname="TestOzoneFileSystem" time="0.025"/>
  <testcase name="testListStatusIteratorOnSubDirs" classname="TestOzoneFileSystem" time="0.019"/>
  <testcase name="testListStatusIteratorOnSubDirs" classname="TestOzoneFileSystem" time="0.015"/>
  <testcase name="testAllocateMoreThanOneBlock" classname="TestOzoneFileSystem" time="0.506">
    <system-out><![CDATA[2023-08-28 09:31:16,956 [IPC Server handler 4 on default port 15001] WARN  node.SCMNodeManager (SCMNodeManager.java:getNodesByAddress(1373)) - Cannot find node for address 127.0.0.1
]]></system-out>
  </testcase>
  <testcase name="testAllocateMoreThanOneBlock" classname="TestOzoneFileSystem" time="0.382">
    <system-out><![CDATA[2023-08-28 09:32:42,079 [IPC Server handler 15 on default port 15054] WARN  node.SCMNodeManager (SCMNodeManager.java:getNodesByAddress(1373)) - Cannot find node for address 127.0.0.1
]]></system-out>
  </testcase>
  <testcase name="testAllocateMoreThanOneBlock" classname="TestOzoneFileSystem" time="0.276">
    <system-out><![CDATA[2023-08-28 09:33:49,423 [IPC Server handler 14 on default port 15107] WARN  node.SCMNodeManager (SCMNodeManager.java:getNodesByAddress(1373)) - Cannot find node for address 127.0.0.1
]]></system-out>
  </testcase>
  <testcase name="testAllocateMoreThanOneBlock" classname="TestOzoneFileSystem" time="0.318">
    <system-out><![CDATA[2023-08-28 09:35:00,139 [2121e5cf-c9a2-43bb-b1d5-56f983d54b52@group-1D4D4E6C1AB4-FollowerState] INFO  impl.FollowerState (FollowerState.java:run(143)) - 2121e5cf-c9a2-43bb-b1d5-56f983d54b52@group-1D4D4E6C1AB4-FollowerState: change to CANDIDATE, lastRpcElapsedTime:5184657775ns, electionTimeout:5184ms
2023-08-28 09:35:00,139 [2121e5cf-c9a2-43bb-b1d5-56f983d54b52@group-1D4D4E6C1AB4-FollowerState] INFO  impl.RoleInfo (RoleInfo.java:shutdownFollowerState(110)) - 2121e5cf-c9a2-43bb-b1d5-56f983d54b52: shutdown 2121e5cf-c9a2-43bb-b1d5-56f983d54b52@group-1D4D4E6C1AB4-FollowerState
2023-08-28 09:35:00,139 [2121e5cf-c9a2-43bb-b1d5-56f983d54b52@group-1D4D4E6C1AB4-FollowerState] INFO  server.RaftServer$Division (RaftServerImpl.java:setRole(329)) - 2121e5cf-c9a2-43bb-b1d5-56f983d54b52@group-1D4D4E6C1AB4: changes role from  FOLLOWER to CANDIDATE at term 0 for changeToCandidate
2023-08-28 09:35:00,139 [2121e5cf-c9a2-43bb-b1d5-56f983d54b52@group-1D4D4E6C1AB4-FollowerState] INFO  server.RaftServerConfigKeys (ConfUtils.java:logGet(46)) - raft.server.leaderelection.pre-vote = true (default)
2023-08-28 09:35:00,139 [2121e5cf-c9a2-43bb-b1d5-56f983d54b52@group-1D4D4E6C1AB4-FollowerState] INFO  impl.RoleInfo (RoleInfo.java:updateAndGet(139)) - 2121e5cf-c9a2-43bb-b1d5-56f983d54b52: start 2121e5cf-c9a2-43bb-b1d5-56f983d54b52@group-1D4D4E6C1AB4-LeaderElection36
2023-08-28 09:35:00,143 [2121e5cf-c9a2-43bb-b1d5-56f983d54b52@group-1D4D4E6C1AB4-LeaderElection36] INFO  impl.LeaderElection (LeaderElection.java:askForVotes(321)) - 2121e5cf-c9a2-43bb-b1d5-56f983d54b52@group-1D4D4E6C1AB4-LeaderElection36 PRE_VOTE round 0: submit vote requests at term 0 for -1: peers:[2121e5cf-c9a2-43bb-b1d5-56f983d54b52|rpc:10.1.0.27:15191|admin:10.1.0.27:15190|client:10.1.0.27:15189|dataStream:10.1.0.27:15192|priority:1|startupRole:FOLLOWER]|listeners:[], old=null
2023-08-28 09:35:00,144 [2121e5cf-c9a2-43bb-b1d5-56f983d54b52@group-1D4D4E6C1AB4-LeaderElection36] INFO  impl.LeaderElection (LeaderElection.java:askForVotes(323)) - 2121e5cf-c9a2-43bb-b1d5-56f983d54b52@group-1D4D4E6C1AB4-LeaderElection36 PRE_VOTE round 0: result PASSED (term=0)
2023-08-28 09:35:00,150 [2121e5cf-c9a2-43bb-b1d5-56f983d54b52@group-1D4D4E6C1AB4-LeaderElection36] INFO  impl.LeaderElection (LeaderElection.java:askForVotes(321)) - 2121e5cf-c9a2-43bb-b1d5-56f983d54b52@group-1D4D4E6C1AB4-LeaderElection36 ELECTION round 0: submit vote requests at term 1 for -1: peers:[2121e5cf-c9a2-43bb-b1d5-56f983d54b52|rpc:10.1.0.27:15191|admin:10.1.0.27:15190|client:10.1.0.27:15189|dataStream:10.1.0.27:15192|priority:1|startupRole:FOLLOWER]|listeners:[], old=null
2023-08-28 09:35:00,150 [2121e5cf-c9a2-43bb-b1d5-56f983d54b52@group-1D4D4E6C1AB4-LeaderElection36] INFO  impl.LeaderElection (LeaderElection.java:askForVotes(323)) - 2121e5cf-c9a2-43bb-b1d5-56f983d54b52@group-1D4D4E6C1AB4-LeaderElection36 ELECTION round 0: result PASSED (term=1)
2023-08-28 09:35:00,150 [2121e5cf-c9a2-43bb-b1d5-56f983d54b52@group-1D4D4E6C1AB4-LeaderElection36] INFO  impl.RoleInfo (RoleInfo.java:shutdownLeaderElection(130)) - 2121e5cf-c9a2-43bb-b1d5-56f983d54b52: shutdown 2121e5cf-c9a2-43bb-b1d5-56f983d54b52@group-1D4D4E6C1AB4-LeaderElection36
2023-08-28 09:35:00,150 [2121e5cf-c9a2-43bb-b1d5-56f983d54b52@group-1D4D4E6C1AB4-LeaderElection36] INFO  server.RaftServer$Division (RaftServerImpl.java:setRole(329)) - 2121e5cf-c9a2-43bb-b1d5-56f983d54b52@group-1D4D4E6C1AB4: changes role from CANDIDATE to LEADER at term 1 for changeToLeader
2023-08-28 09:35:00,150 [2121e5cf-c9a2-43bb-b1d5-56f983d54b52@group-1D4D4E6C1AB4-LeaderElection36] INFO  ratis.XceiverServerRatis (XceiverServerRatis.java:handleLeaderChangedNotification(902)) - Leader change notification received for group: group-1D4D4E6C1AB4 with new leaderId: 2121e5cf-c9a2-43bb-b1d5-56f983d54b52
2023-08-28 09:35:00,150 [2121e5cf-c9a2-43bb-b1d5-56f983d54b52@group-1D4D4E6C1AB4-LeaderElection36] INFO  server.RaftServer$Division (ServerState.java:setLeader(317)) - 2121e5cf-c9a2-43bb-b1d5-56f983d54b52@group-1D4D4E6C1AB4: change Leader from null to 2121e5cf-c9a2-43bb-b1d5-56f983d54b52 at term 1 for becomeLeader, leader elected after 5208ms
2023-08-28 09:35:00,150 [2121e5cf-c9a2-43bb-b1d5-56f983d54b52@group-1D4D4E6C1AB4-LeaderElection36] INFO  server.RaftServerConfigKeys (ConfUtils.java:logGet(46)) - raft.server.staging.catchup.gap = 1000 (default)
2023-08-28 09:35:00,151 [2121e5cf-c9a2-43bb-b1d5-56f983d54b52@group-1D4D4E6C1AB4-LeaderElection36] INFO  server.RaftServerConfigKeys (ConfUtils.java:logGet(46)) - raft.server.write.element-limit = 1024 (custom)
2023-08-28 09:35:00,151 [2121e5cf-c9a2-43bb-b1d5-56f983d54b52@group-1D4D4E6C1AB4-LeaderElection36] INFO  server.RaftServerConfigKeys (ConfUtils.java:logGet(46)) - raft.server.write.byte-limit = 1024 M (=1073741824) (custom)
2023-08-28 09:35:00,151 [2121e5cf-c9a2-43bb-b1d5-56f983d54b52@group-1D4D4E6C1AB4-LeaderElection36] INFO  server.RaftServerConfigKeys (ConfUtils.java:logGet(46)) - raft.server.watch.timeout = 180s (custom)
2023-08-28 09:35:00,151 [2121e5cf-c9a2-43bb-b1d5-56f983d54b52@group-1D4D4E6C1AB4-LeaderElection36] INFO  server.RaftServerConfigKeys (ConfUtils.java:logGet(46)) - raft.server.watch.timeout.denomination = 1s (default)
2023-08-28 09:35:00,151 [2121e5cf-c9a2-43bb-b1d5-56f983d54b52@group-1D4D4E6C1AB4-LeaderElection36] INFO  server.RaftServerConfigKeys (ConfUtils.java:logGet(46)) - raft.server.watch.element-limit = 65536 (default)
2023-08-28 09:35:00,151 [2121e5cf-c9a2-43bb-b1d5-56f983d54b52@group-1D4D4E6C1AB4-LeaderElection36] INFO  server.RaftServerConfigKeys (ConfUtils.java:logGet(46)) - raft.server.write.element-limit = 1024 (custom)
2023-08-28 09:35:00,151 [2121e5cf-c9a2-43bb-b1d5-56f983d54b52@group-1D4D4E6C1AB4-LeaderElection36] INFO  server.RaftServerConfigKeys (ConfUtils.java:logGet(46)) - raft.server.write.follower.gap.ratio.max = -1.0 (default)
2023-08-28 09:35:00,151 [2121e5cf-c9a2-43bb-b1d5-56f983d54b52@group-1D4D4E6C1AB4-LeaderElection36] INFO  impl.RoleInfo (RoleInfo.java:updateAndGet(139)) - 2121e5cf-c9a2-43bb-b1d5-56f983d54b52: start 2121e5cf-c9a2-43bb-b1d5-56f983d54b52@group-1D4D4E6C1AB4-LeaderStateImpl
2023-08-28 09:35:00,151 [2121e5cf-c9a2-43bb-b1d5-56f983d54b52@group-1D4D4E6C1AB4-LeaderElection36] INFO  segmented.SegmentedRaftLogWorker (SegmentedRaftLogWorker.java:startLogSegment(447)) - 2121e5cf-c9a2-43bb-b1d5-56f983d54b52@group-1D4D4E6C1AB4-SegmentedRaftLogWorker: Starting segment from index:0
2023-08-28 09:35:00,153 [2121e5cf-c9a2-43bb-b1d5-56f983d54b52@group-1D4D4E6C1AB4-SegmentedRaftLogWorker] INFO  segmented.SegmentedRaftLogWorker (SegmentedRaftLogWorker.java:execute(651)) - 2121e5cf-c9a2-43bb-b1d5-56f983d54b52@group-1D4D4E6C1AB4-SegmentedRaftLogWorker: created new log segment /home/runner/work/ozone/ozone/hadoop-ozone/integration-test/target/test-dir/MiniOzoneClusterImpl-b3d20441-1363-4d90-8b75-dcc1ba5546e4/datanode-2/data/ratis/796a8cc4-5216-4038-a02a-1d4d4e6c1ab4/current/log_inprogress_0
2023-08-28 09:35:00,157 [2121e5cf-c9a2-43bb-b1d5-56f983d54b52@group-1D4D4E6C1AB4-LeaderElection36] INFO  server.RaftServer$Division (ServerState.java:setRaftConf(434)) - 2121e5cf-c9a2-43bb-b1d5-56f983d54b52@group-1D4D4E6C1AB4: set configuration 0: peers:[2121e5cf-c9a2-43bb-b1d5-56f983d54b52|rpc:10.1.0.27:15191|admin:10.1.0.27:15190|client:10.1.0.27:15189|dataStream:10.1.0.27:15192|priority:1|startupRole:FOLLOWER]|listeners:[], old=null
2023-08-28 09:35:00,220 [IPC Server handler 0 on default port 15160] WARN  node.SCMNodeManager (SCMNodeManager.java:getNodesByAddress(1373)) - Cannot find node for address 127.0.0.1
]]></system-out>
  </testcase>
  <testcase name="testRenameToExistingDir" classname="TestOzoneFileSystem" time="0.07">
    <system-out><![CDATA[09:31:17.006 [IPC Server handler 16 on default port 15004] ERROR OMAudit - user=runner | ip=127.0.0.1 | op=LIST_STATUS {volume=volume76952, bucket=bucket05606, key=b/a, dataSize=0, replicationConfig=null} | ret=FAILURE
org.apache.hadoop.ozone.om.exceptions.OMException: Unable to get file status: volume: volume76952 bucket: bucket05606 key: b/a
	at org.apache.hadoop.ozone.om.KeyManagerImpl.getOzoneFileStatus(KeyManagerImpl.java:1195) ~[ozone-manager-1.4.0-SNAPSHOT.jar:?]
	at org.apache.hadoop.ozone.om.KeyManagerImpl.getFileStatus(KeyManagerImpl.java:1113) ~[ozone-manager-1.4.0-SNAPSHOT.jar:?]
	at org.apache.hadoop.ozone.om.KeyManagerImpl.listStatus(KeyManagerImpl.java:1505) ~[ozone-manager-1.4.0-SNAPSHOT.jar:?]
	at org.apache.hadoop.ozone.om.OmMetadataReader.listStatus(OmMetadataReader.java:235) ~[ozone-manager-1.4.0-SNAPSHOT.jar:?]
	at org.apache.hadoop.ozone.om.OzoneManager.listStatus(OzoneManager.java:3543) ~[ozone-manager-1.4.0-SNAPSHOT.jar:?]
	at org.apache.hadoop.ozone.protocolPB.OzoneManagerRequestHandler.listStatus(OzoneManagerRequestHandler.java:1145) ~[ozone-manager-1.4.0-SNAPSHOT.jar:?]
	at org.apache.hadoop.ozone.protocolPB.OzoneManagerRequestHandler.handleReadRequest(OzoneManagerRequestHandler.java:263) ~[ozone-manager-1.4.0-SNAPSHOT.jar:?]
	at org.apache.hadoop.ozone.protocolPB.OzoneManagerProtocolServerSideTranslatorPB.submitReadRequestToOM(OzoneManagerProtocolServerSideTranslatorPB.java:225) ~[ozone-manager-1.4.0-SNAPSHOT.jar:?]
	at org.apache.hadoop.ozone.protocolPB.OzoneManagerProtocolServerSideTranslatorPB.processRequest(OzoneManagerProtocolServerSideTranslatorPB.java:179) ~[ozone-manager-1.4.0-SNAPSHOT.jar:?]
	at org.apache.hadoop.hdds.server.OzoneProtocolMessageDispatcher.processRequest(OzoneProtocolMessageDispatcher.java:87) [hdds-server-framework-1.4.0-SNAPSHOT.jar:?]
	at org.apache.hadoop.ozone.protocolPB.OzoneManagerProtocolServerSideTranslatorPB.submitRequest(OzoneManagerProtocolServerSideTranslatorPB.java:148) [ozone-manager-1.4.0-SNAPSHOT.jar:?]
	at org.apache.hadoop.ozone.protocol.proto.OzoneManagerProtocolProtos$OzoneManagerService$2.callBlockingMethod(OzoneManagerProtocolProtos.java) [ozone-interface-client-1.4.0-SNAPSHOT.jar:?]
	at org.apache.hadoop.ipc.ProtobufRpcEngine$Server.processCall(ProtobufRpcEngine.java:484) [hadoop-common-3.3.6.jar:?]
	at org.apache.hadoop.ipc.ProtobufRpcEngine2$Server$ProtoBufRpcInvoker.call(ProtobufRpcEngine2.java:595) [hadoop-common-3.3.6.jar:?]
	at org.apache.hadoop.ipc.ProtobufRpcEngine2$Server$ProtoBufRpcInvoker.call(ProtobufRpcEngine2.java:573) [hadoop-common-3.3.6.jar:?]
	at org.apache.hadoop.ipc.RPC$Server.call(RPC.java:1227) [hadoop-common-3.3.6.jar:?]
	at org.apache.hadoop.ipc.Server$RpcCall.run(Server.java:1094) [hadoop-common-3.3.6.jar:?]
	at org.apache.hadoop.ipc.Server$RpcCall.run(Server.java:1017) [hadoop-common-3.3.6.jar:?]
	at java.security.AccessController.doPrivileged(Native Method) ~[?:1.8.0_382]
	at javax.security.auth.Subject.doAs(Subject.java:422) [?:1.8.0_382]
	at org.apache.hadoop.security.UserGroupInformation.doAs(UserGroupInformation.java:1899) [hadoop-common-3.3.6.jar:?]
	at org.apache.hadoop.ipc.Server$Handler.run(Server.java:3048) [hadoop-common-3.3.6.jar:?]
]]></system-out>
  </testcase>
  <testcase name="testRenameToExistingDir" classname="TestOzoneFileSystem" time="0.024">
    <system-out><![CDATA[09:32:42.101 [IPC Server handler 19 on default port 15057] ERROR OMAudit - user=runner | ip=127.0.0.1 | op=LIST_STATUS {volume=volume78214, bucket=bucket62222, key=b/a, dataSize=0, replicationConfig=null} | ret=FAILURE
org.apache.hadoop.ozone.om.exceptions.OMException: Unable to get file status: volume: volume78214 bucket: bucket62222 key: b/a
	at org.apache.hadoop.ozone.om.KeyManagerImpl.getOzoneFileStatus(KeyManagerImpl.java:1195) ~[ozone-manager-1.4.0-SNAPSHOT.jar:?]
	at org.apache.hadoop.ozone.om.KeyManagerImpl.getFileStatus(KeyManagerImpl.java:1113) ~[ozone-manager-1.4.0-SNAPSHOT.jar:?]
	at org.apache.hadoop.ozone.om.KeyManagerImpl.listStatus(KeyManagerImpl.java:1505) ~[ozone-manager-1.4.0-SNAPSHOT.jar:?]
	at org.apache.hadoop.ozone.om.OmMetadataReader.listStatus(OmMetadataReader.java:235) ~[ozone-manager-1.4.0-SNAPSHOT.jar:?]
	at org.apache.hadoop.ozone.om.OzoneManager.listStatus(OzoneManager.java:3543) ~[ozone-manager-1.4.0-SNAPSHOT.jar:?]
	at org.apache.hadoop.ozone.protocolPB.OzoneManagerRequestHandler.listStatus(OzoneManagerRequestHandler.java:1145) ~[ozone-manager-1.4.0-SNAPSHOT.jar:?]
	at org.apache.hadoop.ozone.protocolPB.OzoneManagerRequestHandler.handleReadRequest(OzoneManagerRequestHandler.java:263) ~[ozone-manager-1.4.0-SNAPSHOT.jar:?]
	at org.apache.hadoop.ozone.protocolPB.OzoneManagerProtocolServerSideTranslatorPB.submitRequestDirectlyToOM(OzoneManagerProtocolServerSideTranslatorPB.java:274) ~[ozone-manager-1.4.0-SNAPSHOT.jar:?]
	at org.apache.hadoop.ozone.protocolPB.OzoneManagerProtocolServerSideTranslatorPB.processRequest(OzoneManagerProtocolServerSideTranslatorPB.java:175) ~[ozone-manager-1.4.0-SNAPSHOT.jar:?]
	at org.apache.hadoop.hdds.server.OzoneProtocolMessageDispatcher.processRequest(OzoneProtocolMessageDispatcher.java:87) [hdds-server-framework-1.4.0-SNAPSHOT.jar:?]
	at org.apache.hadoop.ozone.protocolPB.OzoneManagerProtocolServerSideTranslatorPB.submitRequest(OzoneManagerProtocolServerSideTranslatorPB.java:148) [ozone-manager-1.4.0-SNAPSHOT.jar:?]
	at org.apache.hadoop.ozone.protocol.proto.OzoneManagerProtocolProtos$OzoneManagerService$2.callBlockingMethod(OzoneManagerProtocolProtos.java) [ozone-interface-client-1.4.0-SNAPSHOT.jar:?]
	at org.apache.hadoop.ipc.ProtobufRpcEngine$Server.processCall(ProtobufRpcEngine.java:484) [hadoop-common-3.3.6.jar:?]
	at org.apache.hadoop.ipc.ProtobufRpcEngine2$Server$ProtoBufRpcInvoker.call(ProtobufRpcEngine2.java:595) [hadoop-common-3.3.6.jar:?]
	at org.apache.hadoop.ipc.ProtobufRpcEngine2$Server$ProtoBufRpcInvoker.call(ProtobufRpcEngine2.java:573) [hadoop-common-3.3.6.jar:?]
	at org.apache.hadoop.ipc.RPC$Server.call(RPC.java:1227) [hadoop-common-3.3.6.jar:?]
	at org.apache.hadoop.ipc.Server$RpcCall.run(Server.java:1094) [hadoop-common-3.3.6.jar:?]
	at org.apache.hadoop.ipc.Server$RpcCall.run(Server.java:1017) [hadoop-common-3.3.6.jar:?]
	at java.security.AccessController.doPrivileged(Native Method) ~[?:1.8.0_382]
	at javax.security.auth.Subject.doAs(Subject.java:422) [?:1.8.0_382]
	at org.apache.hadoop.security.UserGroupInformation.doAs(UserGroupInformation.java:1899) [hadoop-common-3.3.6.jar:?]
	at org.apache.hadoop.ipc.Server$Handler.run(Server.java:3048) [hadoop-common-3.3.6.jar:?]
]]></system-out>
  </testcase>
  <testcase name="testRenameToExistingDir" classname="TestOzoneFileSystem" time="0.024">
    <system-out><![CDATA[09:33:49.446 [IPC Server handler 18 on default port 15110] ERROR OMAudit - user=runner | ip=127.0.0.1 | op=LIST_STATUS {volume=volume01359, bucket=bucket03907, key=b/a, dataSize=0, replicationConfig=null} | ret=FAILURE
org.apache.hadoop.ozone.om.exceptions.OMException: Unable to get file status: volume: volume01359 bucket: bucket03907 key: b/a
	at org.apache.hadoop.ozone.om.KeyManagerImpl.getOzoneFileStatus(KeyManagerImpl.java:1195) ~[ozone-manager-1.4.0-SNAPSHOT.jar:?]
	at org.apache.hadoop.ozone.om.KeyManagerImpl.getFileStatus(KeyManagerImpl.java:1113) ~[ozone-manager-1.4.0-SNAPSHOT.jar:?]
	at org.apache.hadoop.ozone.om.KeyManagerImpl.listStatus(KeyManagerImpl.java:1505) ~[ozone-manager-1.4.0-SNAPSHOT.jar:?]
	at org.apache.hadoop.ozone.om.OmMetadataReader.listStatus(OmMetadataReader.java:235) ~[ozone-manager-1.4.0-SNAPSHOT.jar:?]
	at org.apache.hadoop.ozone.om.OzoneManager.listStatus(OzoneManager.java:3543) ~[ozone-manager-1.4.0-SNAPSHOT.jar:?]
	at org.apache.hadoop.ozone.protocolPB.OzoneManagerRequestHandler.listStatus(OzoneManagerRequestHandler.java:1145) ~[ozone-manager-1.4.0-SNAPSHOT.jar:?]
	at org.apache.hadoop.ozone.protocolPB.OzoneManagerRequestHandler.handleReadRequest(OzoneManagerRequestHandler.java:263) ~[ozone-manager-1.4.0-SNAPSHOT.jar:?]
	at org.apache.hadoop.ozone.protocolPB.OzoneManagerProtocolServerSideTranslatorPB.submitReadRequestToOM(OzoneManagerProtocolServerSideTranslatorPB.java:225) ~[ozone-manager-1.4.0-SNAPSHOT.jar:?]
	at org.apache.hadoop.ozone.protocolPB.OzoneManagerProtocolServerSideTranslatorPB.processRequest(OzoneManagerProtocolServerSideTranslatorPB.java:179) ~[ozone-manager-1.4.0-SNAPSHOT.jar:?]
	at org.apache.hadoop.hdds.server.OzoneProtocolMessageDispatcher.processRequest(OzoneProtocolMessageDispatcher.java:87) [hdds-server-framework-1.4.0-SNAPSHOT.jar:?]
	at org.apache.hadoop.ozone.protocolPB.OzoneManagerProtocolServerSideTranslatorPB.submitRequest(OzoneManagerProtocolServerSideTranslatorPB.java:148) [ozone-manager-1.4.0-SNAPSHOT.jar:?]
	at org.apache.hadoop.ozone.protocol.proto.OzoneManagerProtocolProtos$OzoneManagerService$2.callBlockingMethod(OzoneManagerProtocolProtos.java) [ozone-interface-client-1.4.0-SNAPSHOT.jar:?]
	at org.apache.hadoop.ipc.ProtobufRpcEngine$Server.processCall(ProtobufRpcEngine.java:484) [hadoop-common-3.3.6.jar:?]
	at org.apache.hadoop.ipc.ProtobufRpcEngine2$Server$ProtoBufRpcInvoker.call(ProtobufRpcEngine2.java:595) [hadoop-common-3.3.6.jar:?]
	at org.apache.hadoop.ipc.ProtobufRpcEngine2$Server$ProtoBufRpcInvoker.call(ProtobufRpcEngine2.java:573) [hadoop-common-3.3.6.jar:?]
	at org.apache.hadoop.ipc.RPC$Server.call(RPC.java:1227) [hadoop-common-3.3.6.jar:?]
	at org.apache.hadoop.ipc.Server$RpcCall.run(Server.java:1094) [hadoop-common-3.3.6.jar:?]
	at org.apache.hadoop.ipc.Server$RpcCall.run(Server.java:1017) [hadoop-common-3.3.6.jar:?]
	at java.security.AccessController.doPrivileged(Native Method) ~[?:1.8.0_382]
	at javax.security.auth.Subject.doAs(Subject.java:422) [?:1.8.0_382]
	at org.apache.hadoop.security.UserGroupInformation.doAs(UserGroupInformation.java:1899) [hadoop-common-3.3.6.jar:?]
	at org.apache.hadoop.ipc.Server$Handler.run(Server.java:3048) [hadoop-common-3.3.6.jar:?]
]]></system-out>
  </testcase>
  <testcase name="testRenameToExistingDir" classname="TestOzoneFileSystem" time="0.022">
    <system-out><![CDATA[09:35:00.232 [IPC Server handler 18 on default port 15163] ERROR OMAudit - user=runner | ip=127.0.0.1 | op=LIST_STATUS {volume=volume82570, bucket=bucket71984, key=b/a, dataSize=0, replicationConfig=null} | ret=FAILURE
org.apache.hadoop.ozone.om.exceptions.OMException: Unable to get file status: volume: volume82570 bucket: bucket71984 key: b/a
	at org.apache.hadoop.ozone.om.KeyManagerImpl.getOzoneFileStatus(KeyManagerImpl.java:1195) ~[ozone-manager-1.4.0-SNAPSHOT.jar:?]
	at org.apache.hadoop.ozone.om.KeyManagerImpl.getFileStatus(KeyManagerImpl.java:1113) ~[ozone-manager-1.4.0-SNAPSHOT.jar:?]
	at org.apache.hadoop.ozone.om.KeyManagerImpl.listStatus(KeyManagerImpl.java:1505) ~[ozone-manager-1.4.0-SNAPSHOT.jar:?]
	at org.apache.hadoop.ozone.om.OmMetadataReader.listStatus(OmMetadataReader.java:235) ~[ozone-manager-1.4.0-SNAPSHOT.jar:?]
	at org.apache.hadoop.ozone.om.OzoneManager.listStatus(OzoneManager.java:3543) ~[ozone-manager-1.4.0-SNAPSHOT.jar:?]
	at org.apache.hadoop.ozone.protocolPB.OzoneManagerRequestHandler.listStatus(OzoneManagerRequestHandler.java:1145) ~[ozone-manager-1.4.0-SNAPSHOT.jar:?]
	at org.apache.hadoop.ozone.protocolPB.OzoneManagerRequestHandler.handleReadRequest(OzoneManagerRequestHandler.java:263) ~[ozone-manager-1.4.0-SNAPSHOT.jar:?]
	at org.apache.hadoop.ozone.protocolPB.OzoneManagerProtocolServerSideTranslatorPB.submitRequestDirectlyToOM(OzoneManagerProtocolServerSideTranslatorPB.java:274) ~[ozone-manager-1.4.0-SNAPSHOT.jar:?]
	at org.apache.hadoop.ozone.protocolPB.OzoneManagerProtocolServerSideTranslatorPB.processRequest(OzoneManagerProtocolServerSideTranslatorPB.java:175) ~[ozone-manager-1.4.0-SNAPSHOT.jar:?]
	at org.apache.hadoop.hdds.server.OzoneProtocolMessageDispatcher.processRequest(OzoneProtocolMessageDispatcher.java:87) [hdds-server-framework-1.4.0-SNAPSHOT.jar:?]
	at org.apache.hadoop.ozone.protocolPB.OzoneManagerProtocolServerSideTranslatorPB.submitRequest(OzoneManagerProtocolServerSideTranslatorPB.java:148) [ozone-manager-1.4.0-SNAPSHOT.jar:?]
	at org.apache.hadoop.ozone.protocol.proto.OzoneManagerProtocolProtos$OzoneManagerService$2.callBlockingMethod(OzoneManagerProtocolProtos.java) [ozone-interface-client-1.4.0-SNAPSHOT.jar:?]
	at org.apache.hadoop.ipc.ProtobufRpcEngine$Server.processCall(ProtobufRpcEngine.java:484) [hadoop-common-3.3.6.jar:?]
	at org.apache.hadoop.ipc.ProtobufRpcEngine2$Server$ProtoBufRpcInvoker.call(ProtobufRpcEngine2.java:595) [hadoop-common-3.3.6.jar:?]
	at org.apache.hadoop.ipc.ProtobufRpcEngine2$Server$ProtoBufRpcInvoker.call(ProtobufRpcEngine2.java:573) [hadoop-common-3.3.6.jar:?]
	at org.apache.hadoop.ipc.RPC$Server.call(RPC.java:1227) [hadoop-common-3.3.6.jar:?]
	at org.apache.hadoop.ipc.Server$RpcCall.run(Server.java:1094) [hadoop-common-3.3.6.jar:?]
	at org.apache.hadoop.ipc.Server$RpcCall.run(Server.java:1017) [hadoop-common-3.3.6.jar:?]
	at java.security.AccessController.doPrivileged(Native Method) ~[?:1.8.0_382]
	at javax.security.auth.Subject.doAs(Subject.java:422) [?:1.8.0_382]
	at org.apache.hadoop.security.UserGroupInformation.doAs(UserGroupInformation.java:1899) [hadoop-common-3.3.6.jar:?]
	at org.apache.hadoop.ipc.Server$Handler.run(Server.java:3048) [hadoop-common-3.3.6.jar:?]
]]></system-out>
  </testcase>
  <testcase name="testRenameDirToItsOwnSubDir" classname="TestOzoneFileSystem" time="0.043">
    <system-out><![CDATA[2023-08-28 09:31:17,061 [Time-limited test] INFO  ozone.TestOzoneFileSystem (TestOzoneFileSystem.java:testRenameDirToItsOwnSubDir(1174)) - Created dir1 o3fs://bucket05606.volume76952/root/dir1/sub_dir1
2023-08-28 09:31:17,061 [Time-limited test] INFO  ozone.TestOzoneFileSystem (TestOzoneFileSystem.java:testRenameDirToItsOwnSubDir(1177)) - Rename op-> source:o3fs://bucket05606.volume76952/root to destin:o3fs://bucket05606.volume76952/root/dir1/sub_dir1
]]></system-out>
  </testcase>
  <testcase name="testRenameDirToItsOwnSubDir" classname="TestOzoneFileSystem" time="0.014">
    <system-out><![CDATA[2023-08-28 09:32:42,121 [Time-limited test] INFO  ozone.TestOzoneFileSystem (TestOzoneFileSystem.java:testRenameDirToItsOwnSubDir(1174)) - Created dir1 o3fs://bucket62222.volume78214/root/dir1/sub_dir1
2023-08-28 09:32:42,121 [Time-limited test] INFO  ozone.TestOzoneFileSystem (TestOzoneFileSystem.java:testRenameDirToItsOwnSubDir(1177)) - Rename op-> source:o3fs://bucket62222.volume78214/root to destin:o3fs://bucket62222.volume78214/root/dir1/sub_dir1
]]></system-out>
  </testcase>
  <testcase name="testRenameDirToItsOwnSubDir" classname="TestOzoneFileSystem" time="0.008">
    <system-out><![CDATA[2023-08-28 09:33:49,461 [Time-limited test] INFO  ozone.TestOzoneFileSystem (TestOzoneFileSystem.java:testRenameDirToItsOwnSubDir(1174)) - Created dir1 o3fs://bucket03907.volume01359/root/dir1/sub_dir1
2023-08-28 09:33:49,461 [Time-limited test] INFO  ozone.TestOzoneFileSystem (TestOzoneFileSystem.java:testRenameDirToItsOwnSubDir(1177)) - Rename op-> source:o3fs://bucket03907.volume01359/root to destin:o3fs://bucket03907.volume01359/root/dir1/sub_dir1
]]></system-out>
  </testcase>
  <testcase name="testRenameDirToItsOwnSubDir" classname="TestOzoneFileSystem" time="0.009">
    <system-out><![CDATA[2023-08-28 09:35:00,251 [Time-limited test] INFO  ozone.TestOzoneFileSystem (TestOzoneFileSystem.java:testRenameDirToItsOwnSubDir(1174)) - Created dir1 o3fs://bucket71984.volume82570/root/dir1/sub_dir1
2023-08-28 09:35:00,251 [Time-limited test] INFO  ozone.TestOzoneFileSystem (TestOzoneFileSystem.java:testRenameDirToItsOwnSubDir(1177)) - Rename op-> source:o3fs://bucket71984.volume82570/root to destin:o3fs://bucket71984.volume82570/root/dir1/sub_dir1
]]></system-out>
  </testcase>
  <testcase name="testGetDirectoryModificationTime" classname="TestOzoneFileSystem" time="0.185"/>
  <testcase name="testGetDirectoryModificationTime" classname="TestOzoneFileSystem" time="0.127"/>
  <testcase name="testGetDirectoryModificationTime" classname="TestOzoneFileSystem" time="0.127"/>
  <testcase name="testGetDirectoryModificationTime" classname="TestOzoneFileSystem" time="0.122">
    <system-out><![CDATA[2023-08-28 09:35:00,278 [a19c494f-397f-4b39-bf2c-38c439f3a5ad@group-D94D13A65752-FollowerState] INFO  impl.FollowerState (FollowerState.java:run(143)) - a19c494f-397f-4b39-bf2c-38c439f3a5ad@group-D94D13A65752-FollowerState: change to CANDIDATE, lastRpcElapsedTime:5057535989ns, electionTimeout:5057ms
2023-08-28 09:35:00,278 [a19c494f-397f-4b39-bf2c-38c439f3a5ad@group-D94D13A65752-FollowerState] INFO  impl.RoleInfo (RoleInfo.java:shutdownFollowerState(110)) - a19c494f-397f-4b39-bf2c-38c439f3a5ad: shutdown a19c494f-397f-4b39-bf2c-38c439f3a5ad@group-D94D13A65752-FollowerState
2023-08-28 09:35:00,278 [a19c494f-397f-4b39-bf2c-38c439f3a5ad@group-D94D13A65752-FollowerState] INFO  server.RaftServer$Division (RaftServerImpl.java:setRole(329)) - a19c494f-397f-4b39-bf2c-38c439f3a5ad@group-D94D13A65752: changes role from  FOLLOWER to CANDIDATE at term 0 for changeToCandidate
2023-08-28 09:35:00,278 [a19c494f-397f-4b39-bf2c-38c439f3a5ad@group-D94D13A65752-FollowerState] INFO  server.RaftServerConfigKeys (ConfUtils.java:logGet(46)) - raft.server.leaderelection.pre-vote = true (default)
2023-08-28 09:35:00,278 [a19c494f-397f-4b39-bf2c-38c439f3a5ad@group-D94D13A65752-FollowerState] INFO  impl.RoleInfo (RoleInfo.java:updateAndGet(139)) - a19c494f-397f-4b39-bf2c-38c439f3a5ad: start a19c494f-397f-4b39-bf2c-38c439f3a5ad@group-D94D13A65752-LeaderElection37
2023-08-28 09:35:00,282 [a19c494f-397f-4b39-bf2c-38c439f3a5ad@group-D94D13A65752-LeaderElection37] INFO  impl.LeaderElection (LeaderElection.java:askForVotes(321)) - a19c494f-397f-4b39-bf2c-38c439f3a5ad@group-D94D13A65752-LeaderElection37 PRE_VOTE round 0: submit vote requests at term 0 for -1: peers:[a19c494f-397f-4b39-bf2c-38c439f3a5ad|rpc:10.1.0.27:15200|admin:10.1.0.27:15199|client:10.1.0.27:15198|dataStream:10.1.0.27:15201|priority:1|startupRole:FOLLOWER]|listeners:[], old=null
2023-08-28 09:35:00,282 [a19c494f-397f-4b39-bf2c-38c439f3a5ad@group-D94D13A65752-LeaderElection37] INFO  impl.LeaderElection (LeaderElection.java:askForVotes(323)) - a19c494f-397f-4b39-bf2c-38c439f3a5ad@group-D94D13A65752-LeaderElection37 PRE_VOTE round 0: result PASSED (term=0)
2023-08-28 09:35:00,284 [a19c494f-397f-4b39-bf2c-38c439f3a5ad@group-D94D13A65752-LeaderElection37] INFO  impl.LeaderElection (LeaderElection.java:askForVotes(321)) - a19c494f-397f-4b39-bf2c-38c439f3a5ad@group-D94D13A65752-LeaderElection37 ELECTION round 0: submit vote requests at term 1 for -1: peers:[a19c494f-397f-4b39-bf2c-38c439f3a5ad|rpc:10.1.0.27:15200|admin:10.1.0.27:15199|client:10.1.0.27:15198|dataStream:10.1.0.27:15201|priority:1|startupRole:FOLLOWER]|listeners:[], old=null
2023-08-28 09:35:00,284 [a19c494f-397f-4b39-bf2c-38c439f3a5ad@group-D94D13A65752-LeaderElection37] INFO  impl.LeaderElection (LeaderElection.java:askForVotes(323)) - a19c494f-397f-4b39-bf2c-38c439f3a5ad@group-D94D13A65752-LeaderElection37 ELECTION round 0: result PASSED (term=1)
2023-08-28 09:35:00,284 [a19c494f-397f-4b39-bf2c-38c439f3a5ad@group-D94D13A65752-LeaderElection37] INFO  impl.RoleInfo (RoleInfo.java:shutdownLeaderElection(130)) - a19c494f-397f-4b39-bf2c-38c439f3a5ad: shutdown a19c494f-397f-4b39-bf2c-38c439f3a5ad@group-D94D13A65752-LeaderElection37
2023-08-28 09:35:00,285 [a19c494f-397f-4b39-bf2c-38c439f3a5ad@group-D94D13A65752-LeaderElection37] INFO  server.RaftServer$Division (RaftServerImpl.java:setRole(329)) - a19c494f-397f-4b39-bf2c-38c439f3a5ad@group-D94D13A65752: changes role from CANDIDATE to LEADER at term 1 for changeToLeader
2023-08-28 09:35:00,285 [a19c494f-397f-4b39-bf2c-38c439f3a5ad@group-D94D13A65752-LeaderElection37] INFO  ratis.XceiverServerRatis (XceiverServerRatis.java:handleLeaderChangedNotification(902)) - Leader change notification received for group: group-D94D13A65752 with new leaderId: a19c494f-397f-4b39-bf2c-38c439f3a5ad
2023-08-28 09:35:00,285 [a19c494f-397f-4b39-bf2c-38c439f3a5ad@group-D94D13A65752-LeaderElection37] INFO  server.RaftServer$Division (ServerState.java:setLeader(317)) - a19c494f-397f-4b39-bf2c-38c439f3a5ad@group-D94D13A65752: change Leader from null to a19c494f-397f-4b39-bf2c-38c439f3a5ad at term 1 for becomeLeader, leader elected after 5077ms
2023-08-28 09:35:00,285 [a19c494f-397f-4b39-bf2c-38c439f3a5ad@group-D94D13A65752-LeaderElection37] INFO  server.RaftServerConfigKeys (ConfUtils.java:logGet(46)) - raft.server.staging.catchup.gap = 1000 (default)
2023-08-28 09:35:00,285 [a19c494f-397f-4b39-bf2c-38c439f3a5ad@group-D94D13A65752-LeaderElection37] INFO  server.RaftServerConfigKeys (ConfUtils.java:logGet(46)) - raft.server.write.element-limit = 1024 (custom)
2023-08-28 09:35:00,285 [a19c494f-397f-4b39-bf2c-38c439f3a5ad@group-D94D13A65752-LeaderElection37] INFO  server.RaftServerConfigKeys (ConfUtils.java:logGet(46)) - raft.server.write.byte-limit = 1024 M (=1073741824) (custom)
2023-08-28 09:35:00,286 [a19c494f-397f-4b39-bf2c-38c439f3a5ad@group-D94D13A65752-LeaderElection37] INFO  server.RaftServerConfigKeys (ConfUtils.java:logGet(46)) - raft.server.watch.timeout = 180s (custom)
2023-08-28 09:35:00,286 [a19c494f-397f-4b39-bf2c-38c439f3a5ad@group-D94D13A65752-LeaderElection37] INFO  server.RaftServerConfigKeys (ConfUtils.java:logGet(46)) - raft.server.watch.timeout.denomination = 1s (default)
2023-08-28 09:35:00,286 [a19c494f-397f-4b39-bf2c-38c439f3a5ad@group-D94D13A65752-LeaderElection37] INFO  server.RaftServerConfigKeys (ConfUtils.java:logGet(46)) - raft.server.watch.element-limit = 65536 (default)
2023-08-28 09:35:00,286 [a19c494f-397f-4b39-bf2c-38c439f3a5ad@group-D94D13A65752-LeaderElection37] INFO  server.RaftServerConfigKeys (ConfUtils.java:logGet(46)) - raft.server.write.element-limit = 1024 (custom)
2023-08-28 09:35:00,286 [a19c494f-397f-4b39-bf2c-38c439f3a5ad@group-D94D13A65752-LeaderElection37] INFO  server.RaftServerConfigKeys (ConfUtils.java:logGet(46)) - raft.server.write.follower.gap.ratio.max = -1.0 (default)
2023-08-28 09:35:00,286 [a19c494f-397f-4b39-bf2c-38c439f3a5ad@group-D94D13A65752-LeaderElection37] INFO  impl.RoleInfo (RoleInfo.java:updateAndGet(139)) - a19c494f-397f-4b39-bf2c-38c439f3a5ad: start a19c494f-397f-4b39-bf2c-38c439f3a5ad@group-D94D13A65752-LeaderStateImpl
2023-08-28 09:35:00,286 [a19c494f-397f-4b39-bf2c-38c439f3a5ad@group-D94D13A65752-LeaderElection37] INFO  segmented.SegmentedRaftLogWorker (SegmentedRaftLogWorker.java:startLogSegment(447)) - a19c494f-397f-4b39-bf2c-38c439f3a5ad@group-D94D13A65752-SegmentedRaftLogWorker: Starting segment from index:0
2023-08-28 09:35:00,287 [a19c494f-397f-4b39-bf2c-38c439f3a5ad@group-D94D13A65752-LeaderElection37] INFO  server.RaftServer$Division (ServerState.java:setRaftConf(434)) - a19c494f-397f-4b39-bf2c-38c439f3a5ad@group-D94D13A65752: set configuration 0: peers:[a19c494f-397f-4b39-bf2c-38c439f3a5ad|rpc:10.1.0.27:15200|admin:10.1.0.27:15199|client:10.1.0.27:15198|dataStream:10.1.0.27:15201|priority:1|startupRole:FOLLOWER]|listeners:[], old=null
2023-08-28 09:35:00,287 [a19c494f-397f-4b39-bf2c-38c439f3a5ad@group-D94D13A65752-SegmentedRaftLogWorker] INFO  segmented.SegmentedRaftLogWorker (SegmentedRaftLogWorker.java:execute(651)) - a19c494f-397f-4b39-bf2c-38c439f3a5ad@group-D94D13A65752-SegmentedRaftLogWorker: created new log segment /home/runner/work/ozone/ozone/hadoop-ozone/integration-test/target/test-dir/MiniOzoneClusterImpl-b3d20441-1363-4d90-8b75-dcc1ba5546e4/datanode-3/data/ratis/2aafa158-bab3-4616-8d7f-d94d13a65752/current/log_inprogress_0
]]></system-out>
  </testcase>
  <testcase name="testOzoneFsServiceLoader" classname="TestOzoneFileSystem" time="0.004"/>
  <testcase name="testOzoneFsServiceLoader" classname="TestOzoneFileSystem" time="0.003"/>
  <testcase name="testOzoneFsServiceLoader" classname="TestOzoneFileSystem" time="0.001"/>
  <testcase name="testOzoneFsServiceLoader" classname="TestOzoneFileSystem" time="0.002"/>
  <testcase name="testTrash" classname="TestOzoneFileSystem" time="4.109">
    <system-out><![CDATA[09:31:17.328 [IPC Server handler 13 on default port 15004] ERROR OMAudit - user=runner | ip=127.0.0.1 | op=GET_FILE_STATUS {volume=volume76952, bucket=bucket05606, key=.Trash/runner/Current/testKey2, dataSize=0, replicationConfig=null} | ret=FAILURE
org.apache.hadoop.ozone.om.exceptions.OMException: Unable to get file status: volume: volume76952 bucket: bucket05606 key: .Trash/runner/Current/testKey2
	at org.apache.hadoop.ozone.om.KeyManagerImpl.getOzoneFileStatus(KeyManagerImpl.java:1195) ~[ozone-manager-1.4.0-SNAPSHOT.jar:?]
	at org.apache.hadoop.ozone.om.KeyManagerImpl.getFileStatus(KeyManagerImpl.java:1113) ~[ozone-manager-1.4.0-SNAPSHOT.jar:?]
	at org.apache.hadoop.ozone.om.OmMetadataReader.getFileStatus(OmMetadataReader.java:262) ~[ozone-manager-1.4.0-SNAPSHOT.jar:?]
	at org.apache.hadoop.ozone.om.OzoneManager.getFileStatus(OzoneManager.java:3513) ~[ozone-manager-1.4.0-SNAPSHOT.jar:?]
	at org.apache.hadoop.ozone.protocolPB.OzoneManagerRequestHandler.getOzoneFileStatus(OzoneManagerRequestHandler.java:973) ~[ozone-manager-1.4.0-SNAPSHOT.jar:?]
	at org.apache.hadoop.ozone.protocolPB.OzoneManagerRequestHandler.handleReadRequest(OzoneManagerRequestHandler.java:252) ~[ozone-manager-1.4.0-SNAPSHOT.jar:?]
	at org.apache.hadoop.ozone.protocolPB.OzoneManagerProtocolServerSideTranslatorPB.submitReadRequestToOM(OzoneManagerProtocolServerSideTranslatorPB.java:225) ~[ozone-manager-1.4.0-SNAPSHOT.jar:?]
	at org.apache.hadoop.ozone.protocolPB.OzoneManagerProtocolServerSideTranslatorPB.processRequest(OzoneManagerProtocolServerSideTranslatorPB.java:179) ~[ozone-manager-1.4.0-SNAPSHOT.jar:?]
	at org.apache.hadoop.hdds.server.OzoneProtocolMessageDispatcher.processRequest(OzoneProtocolMessageDispatcher.java:87) [hdds-server-framework-1.4.0-SNAPSHOT.jar:?]
	at org.apache.hadoop.ozone.protocolPB.OzoneManagerProtocolServerSideTranslatorPB.submitRequest(OzoneManagerProtocolServerSideTranslatorPB.java:148) [ozone-manager-1.4.0-SNAPSHOT.jar:?]
	at org.apache.hadoop.ozone.protocol.proto.OzoneManagerProtocolProtos$OzoneManagerService$2.callBlockingMethod(OzoneManagerProtocolProtos.java) [ozone-interface-client-1.4.0-SNAPSHOT.jar:?]
	at org.apache.hadoop.ipc.ProtobufRpcEngine$Server.processCall(ProtobufRpcEngine.java:484) [hadoop-common-3.3.6.jar:?]
	at org.apache.hadoop.ipc.ProtobufRpcEngine2$Server$ProtoBufRpcInvoker.call(ProtobufRpcEngine2.java:595) [hadoop-common-3.3.6.jar:?]
	at org.apache.hadoop.ipc.ProtobufRpcEngine2$Server$ProtoBufRpcInvoker.call(ProtobufRpcEngine2.java:573) [hadoop-common-3.3.6.jar:?]
	at org.apache.hadoop.ipc.RPC$Server.call(RPC.java:1227) [hadoop-common-3.3.6.jar:?]
	at org.apache.hadoop.ipc.Server$RpcCall.run(Server.java:1094) [hadoop-common-3.3.6.jar:?]
	at org.apache.hadoop.ipc.Server$RpcCall.run(Server.java:1017) [hadoop-common-3.3.6.jar:?]
	at java.security.AccessController.doPrivileged(Native Method) ~[?:1.8.0_382]
	at javax.security.auth.Subject.doAs(Subject.java:422) [?:1.8.0_382]
	at org.apache.hadoop.security.UserGroupInformation.doAs(UserGroupInformation.java:1899) [hadoop-common-3.3.6.jar:?]
	at org.apache.hadoop.ipc.Server$Handler.run(Server.java:3048) [hadoop-common-3.3.6.jar:?]
09:31:17.333 [IPC Server handler 8 on default port 15004] ERROR OMAudit - user=runner | ip=127.0.0.1 | op=GET_FILE_STATUS {volume=volume76952, bucket=bucket05606, key=.Trash/runner/Current/testKey2, dataSize=0, replicationConfig=null} | ret=FAILURE
org.apache.hadoop.ozone.om.exceptions.OMException: Unable to get file status: volume: volume76952 bucket: bucket05606 key: .Trash/runner/Current/testKey2
	at org.apache.hadoop.ozone.om.KeyManagerImpl.getOzoneFileStatus(KeyManagerImpl.java:1195) ~[ozone-manager-1.4.0-SNAPSHOT.jar:?]
	at org.apache.hadoop.ozone.om.KeyManagerImpl.getFileStatus(KeyManagerImpl.java:1113) ~[ozone-manager-1.4.0-SNAPSHOT.jar:?]
	at org.apache.hadoop.ozone.om.OmMetadataReader.getFileStatus(OmMetadataReader.java:262) ~[ozone-manager-1.4.0-SNAPSHOT.jar:?]
	at org.apache.hadoop.ozone.om.OzoneManager.getFileStatus(OzoneManager.java:3513) ~[ozone-manager-1.4.0-SNAPSHOT.jar:?]
	at org.apache.hadoop.ozone.protocolPB.OzoneManagerRequestHandler.getOzoneFileStatus(OzoneManagerRequestHandler.java:973) ~[ozone-manager-1.4.0-SNAPSHOT.jar:?]
	at org.apache.hadoop.ozone.protocolPB.OzoneManagerRequestHandler.handleReadRequest(OzoneManagerRequestHandler.java:252) ~[ozone-manager-1.4.0-SNAPSHOT.jar:?]
	at org.apache.hadoop.ozone.protocolPB.OzoneManagerProtocolServerSideTranslatorPB.submitReadRequestToOM(OzoneManagerProtocolServerSideTranslatorPB.java:225) ~[ozone-manager-1.4.0-SNAPSHOT.jar:?]
	at org.apache.hadoop.ozone.protocolPB.OzoneManagerProtocolServerSideTranslatorPB.processRequest(OzoneManagerProtocolServerSideTranslatorPB.java:179) ~[ozone-manager-1.4.0-SNAPSHOT.jar:?]
	at org.apache.hadoop.hdds.server.OzoneProtocolMessageDispatcher.processRequest(OzoneProtocolMessageDispatcher.java:87) [hdds-server-framework-1.4.0-SNAPSHOT.jar:?]
	at org.apache.hadoop.ozone.protocolPB.OzoneManagerProtocolServerSideTranslatorPB.submitRequest(OzoneManagerProtocolServerSideTranslatorPB.java:148) [ozone-manager-1.4.0-SNAPSHOT.jar:?]
	at org.apache.hadoop.ozone.protocol.proto.OzoneManagerProtocolProtos$OzoneManagerService$2.callBlockingMethod(OzoneManagerProtocolProtos.java) [ozone-interface-client-1.4.0-SNAPSHOT.jar:?]
	at org.apache.hadoop.ipc.ProtobufRpcEngine$Server.processCall(ProtobufRpcEngine.java:484) [hadoop-common-3.3.6.jar:?]
	at org.apache.hadoop.ipc.ProtobufRpcEngine2$Server$ProtoBufRpcInvoker.call(ProtobufRpcEngine2.java:595) [hadoop-common-3.3.6.jar:?]
	at org.apache.hadoop.ipc.ProtobufRpcEngine2$Server$ProtoBufRpcInvoker.call(ProtobufRpcEngine2.java:573) [hadoop-common-3.3.6.jar:?]
	at org.apache.hadoop.ipc.RPC$Server.call(RPC.java:1227) [hadoop-common-3.3.6.jar:?]
	at org.apache.hadoop.ipc.Server$RpcCall.run(Server.java:1094) [hadoop-common-3.3.6.jar:?]
	at org.apache.hadoop.ipc.Server$RpcCall.run(Server.java:1017) [hadoop-common-3.3.6.jar:?]
	at java.security.AccessController.doPrivileged(Native Method) ~[?:1.8.0_382]
	at javax.security.auth.Subject.doAs(Subject.java:422) [?:1.8.0_382]
	at org.apache.hadoop.security.UserGroupInformation.doAs(UserGroupInformation.java:1899) [hadoop-common-3.3.6.jar:?]
	at org.apache.hadoop.ipc.Server$Handler.run(Server.java:3048) [hadoop-common-3.3.6.jar:?]
2023-08-28 09:31:17,345 [Time-limited test] INFO  om.TrashPolicyOzone (TrashPolicyOzone.java:moveToTrash(209)) - Moved: '/testKey2' to trash at: /.Trash/runner/Current/testKey2
09:31:18.351 [IPC Server handler 5 on default port 15004] ERROR OMAudit - user=runner | ip=127.0.0.1 | op=GET_FILE_STATUS {volume=volume76952, bucket=bucket05606, key=.Trash/runner/Current/testKey2, dataSize=0, replicationConfig=null} | ret=FAILURE
org.apache.hadoop.ozone.om.exceptions.OMException: Unable to get file status: volume: volume76952 bucket: bucket05606 key: .Trash/runner/Current/testKey2
	at org.apache.hadoop.ozone.om.KeyManagerImpl.getOzoneFileStatus(KeyManagerImpl.java:1195) ~[ozone-manager-1.4.0-SNAPSHOT.jar:?]
	at org.apache.hadoop.ozone.om.KeyManagerImpl.getFileStatus(KeyManagerImpl.java:1113) ~[ozone-manager-1.4.0-SNAPSHOT.jar:?]
	at org.apache.hadoop.ozone.om.OmMetadataReader.getFileStatus(OmMetadataReader.java:262) ~[ozone-manager-1.4.0-SNAPSHOT.jar:?]
	at org.apache.hadoop.ozone.om.OzoneManager.getFileStatus(OzoneManager.java:3513) ~[ozone-manager-1.4.0-SNAPSHOT.jar:?]
	at org.apache.hadoop.ozone.protocolPB.OzoneManagerRequestHandler.getOzoneFileStatus(OzoneManagerRequestHandler.java:973) ~[ozone-manager-1.4.0-SNAPSHOT.jar:?]
	at org.apache.hadoop.ozone.protocolPB.OzoneManagerRequestHandler.handleReadRequest(OzoneManagerRequestHandler.java:252) ~[ozone-manager-1.4.0-SNAPSHOT.jar:?]
	at org.apache.hadoop.ozone.protocolPB.OzoneManagerProtocolServerSideTranslatorPB.submitReadRequestToOM(OzoneManagerProtocolServerSideTranslatorPB.java:225) ~[ozone-manager-1.4.0-SNAPSHOT.jar:?]
	at org.apache.hadoop.ozone.protocolPB.OzoneManagerProtocolServerSideTranslatorPB.processRequest(OzoneManagerProtocolServerSideTranslatorPB.java:179) ~[ozone-manager-1.4.0-SNAPSHOT.jar:?]
	at org.apache.hadoop.hdds.server.OzoneProtocolMessageDispatcher.processRequest(OzoneProtocolMessageDispatcher.java:87) [hdds-server-framework-1.4.0-SNAPSHOT.jar:?]
	at org.apache.hadoop.ozone.protocolPB.OzoneManagerProtocolServerSideTranslatorPB.submitRequest(OzoneManagerProtocolServerSideTranslatorPB.java:148) [ozone-manager-1.4.0-SNAPSHOT.jar:?]
	at org.apache.hadoop.ozone.protocol.proto.OzoneManagerProtocolProtos$OzoneManagerService$2.callBlockingMethod(OzoneManagerProtocolProtos.java) [ozone-interface-client-1.4.0-SNAPSHOT.jar:?]
	at org.apache.hadoop.ipc.ProtobufRpcEngine$Server.processCall(ProtobufRpcEngine.java:484) [hadoop-common-3.3.6.jar:?]
	at org.apache.hadoop.ipc.ProtobufRpcEngine2$Server$ProtoBufRpcInvoker.call(ProtobufRpcEngine2.java:595) [hadoop-common-3.3.6.jar:?]
	at org.apache.hadoop.ipc.ProtobufRpcEngine2$Server$ProtoBufRpcInvoker.call(ProtobufRpcEngine2.java:573) [hadoop-common-3.3.6.jar:?]
	at org.apache.hadoop.ipc.RPC$Server.call(RPC.java:1227) [hadoop-common-3.3.6.jar:?]
	at org.apache.hadoop.ipc.Server$RpcCall.run(Server.java:1094) [hadoop-common-3.3.6.jar:?]
	at org.apache.hadoop.ipc.Server$RpcCall.run(Server.java:1017) [hadoop-common-3.3.6.jar:?]
	at java.security.AccessController.doPrivileged(Native Method) ~[?:1.8.0_382]
	at javax.security.auth.Subject.doAs(Subject.java:422) [?:1.8.0_382]
	at org.apache.hadoop.security.UserGroupInformation.doAs(UserGroupInformation.java:1899) [hadoop-common-3.3.6.jar:?]
	at org.apache.hadoop.ipc.Server$Handler.run(Server.java:3048) [hadoop-common-3.3.6.jar:?]
]]></system-out>
  </testcase>
  <testcase name="testTrash" classname="TestOzoneFileSystem" time="5.044">
    <system-out><![CDATA[09:32:42.272 [IPC Server handler 2 on default port 15057] ERROR OMAudit - user=runner | ip=127.0.0.1 | op=GET_FILE_STATUS {volume=volume78214, bucket=bucket62222, key=.Trash/runner/Current/testKey2, dataSize=0, replicationConfig=null} | ret=FAILURE
org.apache.hadoop.ozone.om.exceptions.OMException: Unable to get file status: volume: volume78214 bucket: bucket62222 key: .Trash/runner/Current/testKey2
	at org.apache.hadoop.ozone.om.KeyManagerImpl.getOzoneFileStatus(KeyManagerImpl.java:1195) ~[ozone-manager-1.4.0-SNAPSHOT.jar:?]
	at org.apache.hadoop.ozone.om.KeyManagerImpl.getFileStatus(KeyManagerImpl.java:1113) ~[ozone-manager-1.4.0-SNAPSHOT.jar:?]
	at org.apache.hadoop.ozone.om.OmMetadataReader.getFileStatus(OmMetadataReader.java:262) ~[ozone-manager-1.4.0-SNAPSHOT.jar:?]
	at org.apache.hadoop.ozone.om.OzoneManager.getFileStatus(OzoneManager.java:3513) ~[ozone-manager-1.4.0-SNAPSHOT.jar:?]
	at org.apache.hadoop.ozone.protocolPB.OzoneManagerRequestHandler.getOzoneFileStatus(OzoneManagerRequestHandler.java:973) ~[ozone-manager-1.4.0-SNAPSHOT.jar:?]
	at org.apache.hadoop.ozone.protocolPB.OzoneManagerRequestHandler.handleReadRequest(OzoneManagerRequestHandler.java:252) ~[ozone-manager-1.4.0-SNAPSHOT.jar:?]
	at org.apache.hadoop.ozone.protocolPB.OzoneManagerProtocolServerSideTranslatorPB.submitRequestDirectlyToOM(OzoneManagerProtocolServerSideTranslatorPB.java:274) ~[ozone-manager-1.4.0-SNAPSHOT.jar:?]
	at org.apache.hadoop.ozone.protocolPB.OzoneManagerProtocolServerSideTranslatorPB.processRequest(OzoneManagerProtocolServerSideTranslatorPB.java:175) ~[ozone-manager-1.4.0-SNAPSHOT.jar:?]
	at org.apache.hadoop.hdds.server.OzoneProtocolMessageDispatcher.processRequest(OzoneProtocolMessageDispatcher.java:87) [hdds-server-framework-1.4.0-SNAPSHOT.jar:?]
	at org.apache.hadoop.ozone.protocolPB.OzoneManagerProtocolServerSideTranslatorPB.submitRequest(OzoneManagerProtocolServerSideTranslatorPB.java:148) [ozone-manager-1.4.0-SNAPSHOT.jar:?]
	at org.apache.hadoop.ozone.protocol.proto.OzoneManagerProtocolProtos$OzoneManagerService$2.callBlockingMethod(OzoneManagerProtocolProtos.java) [ozone-interface-client-1.4.0-SNAPSHOT.jar:?]
	at org.apache.hadoop.ipc.ProtobufRpcEngine$Server.processCall(ProtobufRpcEngine.java:484) [hadoop-common-3.3.6.jar:?]
	at org.apache.hadoop.ipc.ProtobufRpcEngine2$Server$ProtoBufRpcInvoker.call(ProtobufRpcEngine2.java:595) [hadoop-common-3.3.6.jar:?]
	at org.apache.hadoop.ipc.ProtobufRpcEngine2$Server$ProtoBufRpcInvoker.call(ProtobufRpcEngine2.java:573) [hadoop-common-3.3.6.jar:?]
	at org.apache.hadoop.ipc.RPC$Server.call(RPC.java:1227) [hadoop-common-3.3.6.jar:?]
	at org.apache.hadoop.ipc.Server$RpcCall.run(Server.java:1094) [hadoop-common-3.3.6.jar:?]
	at org.apache.hadoop.ipc.Server$RpcCall.run(Server.java:1017) [hadoop-common-3.3.6.jar:?]
	at java.security.AccessController.doPrivileged(Native Method) ~[?:1.8.0_382]
	at javax.security.auth.Subject.doAs(Subject.java:422) [?:1.8.0_382]
	at org.apache.hadoop.security.UserGroupInformation.doAs(UserGroupInformation.java:1899) [hadoop-common-3.3.6.jar:?]
	at org.apache.hadoop.ipc.Server$Handler.run(Server.java:3048) [hadoop-common-3.3.6.jar:?]
09:32:42.274 [IPC Server handler 5 on default port 15057] ERROR OMAudit - user=runner | ip=127.0.0.1 | op=GET_FILE_STATUS {volume=volume78214, bucket=bucket62222, key=.Trash/runner/Current/testKey2, dataSize=0, replicationConfig=null} | ret=FAILURE
org.apache.hadoop.ozone.om.exceptions.OMException: Unable to get file status: volume: volume78214 bucket: bucket62222 key: .Trash/runner/Current/testKey2
	at org.apache.hadoop.ozone.om.KeyManagerImpl.getOzoneFileStatus(KeyManagerImpl.java:1195) ~[ozone-manager-1.4.0-SNAPSHOT.jar:?]
	at org.apache.hadoop.ozone.om.KeyManagerImpl.getFileStatus(KeyManagerImpl.java:1113) ~[ozone-manager-1.4.0-SNAPSHOT.jar:?]
	at org.apache.hadoop.ozone.om.OmMetadataReader.getFileStatus(OmMetadataReader.java:262) ~[ozone-manager-1.4.0-SNAPSHOT.jar:?]
	at org.apache.hadoop.ozone.om.OzoneManager.getFileStatus(OzoneManager.java:3513) ~[ozone-manager-1.4.0-SNAPSHOT.jar:?]
	at org.apache.hadoop.ozone.protocolPB.OzoneManagerRequestHandler.getOzoneFileStatus(OzoneManagerRequestHandler.java:973) ~[ozone-manager-1.4.0-SNAPSHOT.jar:?]
	at org.apache.hadoop.ozone.protocolPB.OzoneManagerRequestHandler.handleReadRequest(OzoneManagerRequestHandler.java:252) ~[ozone-manager-1.4.0-SNAPSHOT.jar:?]
	at org.apache.hadoop.ozone.protocolPB.OzoneManagerProtocolServerSideTranslatorPB.submitRequestDirectlyToOM(OzoneManagerProtocolServerSideTranslatorPB.java:274) ~[ozone-manager-1.4.0-SNAPSHOT.jar:?]
	at org.apache.hadoop.ozone.protocolPB.OzoneManagerProtocolServerSideTranslatorPB.processRequest(OzoneManagerProtocolServerSideTranslatorPB.java:175) ~[ozone-manager-1.4.0-SNAPSHOT.jar:?]
	at org.apache.hadoop.hdds.server.OzoneProtocolMessageDispatcher.processRequest(OzoneProtocolMessageDispatcher.java:87) [hdds-server-framework-1.4.0-SNAPSHOT.jar:?]
	at org.apache.hadoop.ozone.protocolPB.OzoneManagerProtocolServerSideTranslatorPB.submitRequest(OzoneManagerProtocolServerSideTranslatorPB.java:148) [ozone-manager-1.4.0-SNAPSHOT.jar:?]
	at org.apache.hadoop.ozone.protocol.proto.OzoneManagerProtocolProtos$OzoneManagerService$2.callBlockingMethod(OzoneManagerProtocolProtos.java) [ozone-interface-client-1.4.0-SNAPSHOT.jar:?]
	at org.apache.hadoop.ipc.ProtobufRpcEngine$Server.processCall(ProtobufRpcEngine.java:484) [hadoop-common-3.3.6.jar:?]
	at org.apache.hadoop.ipc.ProtobufRpcEngine2$Server$ProtoBufRpcInvoker.call(ProtobufRpcEngine2.java:595) [hadoop-common-3.3.6.jar:?]
	at org.apache.hadoop.ipc.ProtobufRpcEngine2$Server$ProtoBufRpcInvoker.call(ProtobufRpcEngine2.java:573) [hadoop-common-3.3.6.jar:?]
	at org.apache.hadoop.ipc.RPC$Server.call(RPC.java:1227) [hadoop-common-3.3.6.jar:?]
	at org.apache.hadoop.ipc.Server$RpcCall.run(Server.java:1094) [hadoop-common-3.3.6.jar:?]
	at org.apache.hadoop.ipc.Server$RpcCall.run(Server.java:1017) [hadoop-common-3.3.6.jar:?]
	at java.security.AccessController.doPrivileged(Native Method) ~[?:1.8.0_382]
	at javax.security.auth.Subject.doAs(Subject.java:422) [?:1.8.0_382]
	at org.apache.hadoop.security.UserGroupInformation.doAs(UserGroupInformation.java:1899) [hadoop-common-3.3.6.jar:?]
	at org.apache.hadoop.ipc.Server$Handler.run(Server.java:3048) [hadoop-common-3.3.6.jar:?]
2023-08-28 09:32:42,278 [Time-limited test] INFO  om.TrashPolicyOzone (TrashPolicyOzone.java:moveToTrash(209)) - Moved: '/testKey2' to trash at: /.Trash/runner/Current/testKey2
09:32:44.282 [IPC Server handler 15 on default port 15057] ERROR OMAudit - user=runner | ip=127.0.0.1 | op=GET_FILE_STATUS {volume=volume78214, bucket=bucket62222, key=.Trash/runner/Current/testKey2, dataSize=0, replicationConfig=null} | ret=FAILURE
org.apache.hadoop.ozone.om.exceptions.OMException: Unable to get file status: volume: volume78214 bucket: bucket62222 key: .Trash/runner/Current/testKey2
	at org.apache.hadoop.ozone.om.KeyManagerImpl.getOzoneFileStatus(KeyManagerImpl.java:1195) ~[ozone-manager-1.4.0-SNAPSHOT.jar:?]
	at org.apache.hadoop.ozone.om.KeyManagerImpl.getFileStatus(KeyManagerImpl.java:1113) ~[ozone-manager-1.4.0-SNAPSHOT.jar:?]
	at org.apache.hadoop.ozone.om.OmMetadataReader.getFileStatus(OmMetadataReader.java:262) ~[ozone-manager-1.4.0-SNAPSHOT.jar:?]
	at org.apache.hadoop.ozone.om.OzoneManager.getFileStatus(OzoneManager.java:3513) ~[ozone-manager-1.4.0-SNAPSHOT.jar:?]
	at org.apache.hadoop.ozone.protocolPB.OzoneManagerRequestHandler.getOzoneFileStatus(OzoneManagerRequestHandler.java:973) ~[ozone-manager-1.4.0-SNAPSHOT.jar:?]
	at org.apache.hadoop.ozone.protocolPB.OzoneManagerRequestHandler.handleReadRequest(OzoneManagerRequestHandler.java:252) ~[ozone-manager-1.4.0-SNAPSHOT.jar:?]
	at org.apache.hadoop.ozone.protocolPB.OzoneManagerProtocolServerSideTranslatorPB.submitRequestDirectlyToOM(OzoneManagerProtocolServerSideTranslatorPB.java:274) ~[ozone-manager-1.4.0-SNAPSHOT.jar:?]
	at org.apache.hadoop.ozone.protocolPB.OzoneManagerProtocolServerSideTranslatorPB.processRequest(OzoneManagerProtocolServerSideTranslatorPB.java:175) ~[ozone-manager-1.4.0-SNAPSHOT.jar:?]
	at org.apache.hadoop.hdds.server.OzoneProtocolMessageDispatcher.processRequest(OzoneProtocolMessageDispatcher.java:87) [hdds-server-framework-1.4.0-SNAPSHOT.jar:?]
	at org.apache.hadoop.ozone.protocolPB.OzoneManagerProtocolServerSideTranslatorPB.submitRequest(OzoneManagerProtocolServerSideTranslatorPB.java:148) [ozone-manager-1.4.0-SNAPSHOT.jar:?]
	at org.apache.hadoop.ozone.protocol.proto.OzoneManagerProtocolProtos$OzoneManagerService$2.callBlockingMethod(OzoneManagerProtocolProtos.java) [ozone-interface-client-1.4.0-SNAPSHOT.jar:?]
	at org.apache.hadoop.ipc.ProtobufRpcEngine$Server.processCall(ProtobufRpcEngine.java:484) [hadoop-common-3.3.6.jar:?]
	at org.apache.hadoop.ipc.ProtobufRpcEngine2$Server$ProtoBufRpcInvoker.call(ProtobufRpcEngine2.java:595) [hadoop-common-3.3.6.jar:?]
	at org.apache.hadoop.ipc.ProtobufRpcEngine2$Server$ProtoBufRpcInvoker.call(ProtobufRpcEngine2.java:573) [hadoop-common-3.3.6.jar:?]
	at org.apache.hadoop.ipc.RPC$Server.call(RPC.java:1227) [hadoop-common-3.3.6.jar:?]
	at org.apache.hadoop.ipc.Server$RpcCall.run(Server.java:1094) [hadoop-common-3.3.6.jar:?]
	at org.apache.hadoop.ipc.Server$RpcCall.run(Server.java:1017) [hadoop-common-3.3.6.jar:?]
	at java.security.AccessController.doPrivileged(Native Method) ~[?:1.8.0_382]
	at javax.security.auth.Subject.doAs(Subject.java:422) [?:1.8.0_382]
	at org.apache.hadoop.security.UserGroupInformation.doAs(UserGroupInformation.java:1899) [hadoop-common-3.3.6.jar:?]
	at org.apache.hadoop.ipc.Server$Handler.run(Server.java:3048) [hadoop-common-3.3.6.jar:?]
]]></system-out>
  </testcase>
  <testcase name="testTrash" classname="TestOzoneFileSystem" time="5.04">
    <system-out><![CDATA[09:33:49.606 [IPC Server handler 8 on default port 15110] ERROR OMAudit - user=runner | ip=127.0.0.1 | op=GET_FILE_STATUS {volume=volume01359, bucket=bucket03907, key=.Trash/runner/Current/testKey2, dataSize=0, replicationConfig=null} | ret=FAILURE
org.apache.hadoop.ozone.om.exceptions.OMException: Unable to get file status: volume: volume01359 bucket: bucket03907 key: .Trash/runner/Current/testKey2
	at org.apache.hadoop.ozone.om.KeyManagerImpl.getOzoneFileStatus(KeyManagerImpl.java:1195) ~[ozone-manager-1.4.0-SNAPSHOT.jar:?]
	at org.apache.hadoop.ozone.om.KeyManagerImpl.getFileStatus(KeyManagerImpl.java:1113) ~[ozone-manager-1.4.0-SNAPSHOT.jar:?]
	at org.apache.hadoop.ozone.om.OmMetadataReader.getFileStatus(OmMetadataReader.java:262) ~[ozone-manager-1.4.0-SNAPSHOT.jar:?]
	at org.apache.hadoop.ozone.om.OzoneManager.getFileStatus(OzoneManager.java:3513) ~[ozone-manager-1.4.0-SNAPSHOT.jar:?]
	at org.apache.hadoop.ozone.protocolPB.OzoneManagerRequestHandler.getOzoneFileStatus(OzoneManagerRequestHandler.java:973) ~[ozone-manager-1.4.0-SNAPSHOT.jar:?]
	at org.apache.hadoop.ozone.protocolPB.OzoneManagerRequestHandler.handleReadRequest(OzoneManagerRequestHandler.java:252) ~[ozone-manager-1.4.0-SNAPSHOT.jar:?]
	at org.apache.hadoop.ozone.protocolPB.OzoneManagerProtocolServerSideTranslatorPB.submitReadRequestToOM(OzoneManagerProtocolServerSideTranslatorPB.java:225) ~[ozone-manager-1.4.0-SNAPSHOT.jar:?]
	at org.apache.hadoop.ozone.protocolPB.OzoneManagerProtocolServerSideTranslatorPB.processRequest(OzoneManagerProtocolServerSideTranslatorPB.java:179) ~[ozone-manager-1.4.0-SNAPSHOT.jar:?]
	at org.apache.hadoop.hdds.server.OzoneProtocolMessageDispatcher.processRequest(OzoneProtocolMessageDispatcher.java:87) [hdds-server-framework-1.4.0-SNAPSHOT.jar:?]
	at org.apache.hadoop.ozone.protocolPB.OzoneManagerProtocolServerSideTranslatorPB.submitRequest(OzoneManagerProtocolServerSideTranslatorPB.java:148) [ozone-manager-1.4.0-SNAPSHOT.jar:?]
	at org.apache.hadoop.ozone.protocol.proto.OzoneManagerProtocolProtos$OzoneManagerService$2.callBlockingMethod(OzoneManagerProtocolProtos.java) [ozone-interface-client-1.4.0-SNAPSHOT.jar:?]
	at org.apache.hadoop.ipc.ProtobufRpcEngine$Server.processCall(ProtobufRpcEngine.java:484) [hadoop-common-3.3.6.jar:?]
	at org.apache.hadoop.ipc.ProtobufRpcEngine2$Server$ProtoBufRpcInvoker.call(ProtobufRpcEngine2.java:595) [hadoop-common-3.3.6.jar:?]
	at org.apache.hadoop.ipc.ProtobufRpcEngine2$Server$ProtoBufRpcInvoker.call(ProtobufRpcEngine2.java:573) [hadoop-common-3.3.6.jar:?]
	at org.apache.hadoop.ipc.RPC$Server.call(RPC.java:1227) [hadoop-common-3.3.6.jar:?]
	at org.apache.hadoop.ipc.Server$RpcCall.run(Server.java:1094) [hadoop-common-3.3.6.jar:?]
	at org.apache.hadoop.ipc.Server$RpcCall.run(Server.java:1017) [hadoop-common-3.3.6.jar:?]
	at java.security.AccessController.doPrivileged(Native Method) ~[?:1.8.0_382]
	at javax.security.auth.Subject.doAs(Subject.java:422) [?:1.8.0_382]
	at org.apache.hadoop.security.UserGroupInformation.doAs(UserGroupInformation.java:1899) [hadoop-common-3.3.6.jar:?]
	at org.apache.hadoop.ipc.Server$Handler.run(Server.java:3048) [hadoop-common-3.3.6.jar:?]
09:33:49.608 [IPC Server handler 11 on default port 15110] ERROR OMAudit - user=runner | ip=127.0.0.1 | op=GET_FILE_STATUS {volume=volume01359, bucket=bucket03907, key=.Trash/runner/Current/testKey2, dataSize=0, replicationConfig=null} | ret=FAILURE
org.apache.hadoop.ozone.om.exceptions.OMException: Unable to get file status: volume: volume01359 bucket: bucket03907 key: .Trash/runner/Current/testKey2
	at org.apache.hadoop.ozone.om.KeyManagerImpl.getOzoneFileStatus(KeyManagerImpl.java:1195) ~[ozone-manager-1.4.0-SNAPSHOT.jar:?]
	at org.apache.hadoop.ozone.om.KeyManagerImpl.getFileStatus(KeyManagerImpl.java:1113) ~[ozone-manager-1.4.0-SNAPSHOT.jar:?]
	at org.apache.hadoop.ozone.om.OmMetadataReader.getFileStatus(OmMetadataReader.java:262) ~[ozone-manager-1.4.0-SNAPSHOT.jar:?]
	at org.apache.hadoop.ozone.om.OzoneManager.getFileStatus(OzoneManager.java:3513) ~[ozone-manager-1.4.0-SNAPSHOT.jar:?]
	at org.apache.hadoop.ozone.protocolPB.OzoneManagerRequestHandler.getOzoneFileStatus(OzoneManagerRequestHandler.java:973) ~[ozone-manager-1.4.0-SNAPSHOT.jar:?]
	at org.apache.hadoop.ozone.protocolPB.OzoneManagerRequestHandler.handleReadRequest(OzoneManagerRequestHandler.java:252) ~[ozone-manager-1.4.0-SNAPSHOT.jar:?]
	at org.apache.hadoop.ozone.protocolPB.OzoneManagerProtocolServerSideTranslatorPB.submitReadRequestToOM(OzoneManagerProtocolServerSideTranslatorPB.java:225) ~[ozone-manager-1.4.0-SNAPSHOT.jar:?]
	at org.apache.hadoop.ozone.protocolPB.OzoneManagerProtocolServerSideTranslatorPB.processRequest(OzoneManagerProtocolServerSideTranslatorPB.java:179) ~[ozone-manager-1.4.0-SNAPSHOT.jar:?]
	at org.apache.hadoop.hdds.server.OzoneProtocolMessageDispatcher.processRequest(OzoneProtocolMessageDispatcher.java:87) [hdds-server-framework-1.4.0-SNAPSHOT.jar:?]
	at org.apache.hadoop.ozone.protocolPB.OzoneManagerProtocolServerSideTranslatorPB.submitRequest(OzoneManagerProtocolServerSideTranslatorPB.java:148) [ozone-manager-1.4.0-SNAPSHOT.jar:?]
	at org.apache.hadoop.ozone.protocol.proto.OzoneManagerProtocolProtos$OzoneManagerService$2.callBlockingMethod(OzoneManagerProtocolProtos.java) [ozone-interface-client-1.4.0-SNAPSHOT.jar:?]
	at org.apache.hadoop.ipc.ProtobufRpcEngine$Server.processCall(ProtobufRpcEngine.java:484) [hadoop-common-3.3.6.jar:?]
	at org.apache.hadoop.ipc.ProtobufRpcEngine2$Server$ProtoBufRpcInvoker.call(ProtobufRpcEngine2.java:595) [hadoop-common-3.3.6.jar:?]
	at org.apache.hadoop.ipc.ProtobufRpcEngine2$Server$ProtoBufRpcInvoker.call(ProtobufRpcEngine2.java:573) [hadoop-common-3.3.6.jar:?]
	at org.apache.hadoop.ipc.RPC$Server.call(RPC.java:1227) [hadoop-common-3.3.6.jar:?]
	at org.apache.hadoop.ipc.Server$RpcCall.run(Server.java:1094) [hadoop-common-3.3.6.jar:?]
	at org.apache.hadoop.ipc.Server$RpcCall.run(Server.java:1017) [hadoop-common-3.3.6.jar:?]
	at java.security.AccessController.doPrivileged(Native Method) ~[?:1.8.0_382]
	at javax.security.auth.Subject.doAs(Subject.java:422) [?:1.8.0_382]
	at org.apache.hadoop.security.UserGroupInformation.doAs(UserGroupInformation.java:1899) [hadoop-common-3.3.6.jar:?]
	at org.apache.hadoop.ipc.Server$Handler.run(Server.java:3048) [hadoop-common-3.3.6.jar:?]
2023-08-28 09:33:49,612 [Time-limited test] INFO  om.TrashPolicyOzone (TrashPolicyOzone.java:moveToTrash(209)) - Moved: '/testKey2' to trash at: /.Trash/runner/Current/testKey2
09:33:51.615 [IPC Server handler 17 on default port 15110] ERROR OMAudit - user=runner | ip=127.0.0.1 | op=GET_FILE_STATUS {volume=volume01359, bucket=bucket03907, key=.Trash/runner/Current/testKey2, dataSize=0, replicationConfig=null} | ret=FAILURE
org.apache.hadoop.ozone.om.exceptions.OMException: Unable to get file status: volume: volume01359 bucket: bucket03907 key: .Trash/runner/Current/testKey2
	at org.apache.hadoop.ozone.om.KeyManagerImpl.getOzoneFileStatus(KeyManagerImpl.java:1195) ~[ozone-manager-1.4.0-SNAPSHOT.jar:?]
	at org.apache.hadoop.ozone.om.KeyManagerImpl.getFileStatus(KeyManagerImpl.java:1113) ~[ozone-manager-1.4.0-SNAPSHOT.jar:?]
	at org.apache.hadoop.ozone.om.OmMetadataReader.getFileStatus(OmMetadataReader.java:262) ~[ozone-manager-1.4.0-SNAPSHOT.jar:?]
	at org.apache.hadoop.ozone.om.OzoneManager.getFileStatus(OzoneManager.java:3513) ~[ozone-manager-1.4.0-SNAPSHOT.jar:?]
	at org.apache.hadoop.ozone.protocolPB.OzoneManagerRequestHandler.getOzoneFileStatus(OzoneManagerRequestHandler.java:973) ~[ozone-manager-1.4.0-SNAPSHOT.jar:?]
	at org.apache.hadoop.ozone.protocolPB.OzoneManagerRequestHandler.handleReadRequest(OzoneManagerRequestHandler.java:252) ~[ozone-manager-1.4.0-SNAPSHOT.jar:?]
	at org.apache.hadoop.ozone.protocolPB.OzoneManagerProtocolServerSideTranslatorPB.submitReadRequestToOM(OzoneManagerProtocolServerSideTranslatorPB.java:225) ~[ozone-manager-1.4.0-SNAPSHOT.jar:?]
	at org.apache.hadoop.ozone.protocolPB.OzoneManagerProtocolServerSideTranslatorPB.processRequest(OzoneManagerProtocolServerSideTranslatorPB.java:179) ~[ozone-manager-1.4.0-SNAPSHOT.jar:?]
	at org.apache.hadoop.hdds.server.OzoneProtocolMessageDispatcher.processRequest(OzoneProtocolMessageDispatcher.java:87) [hdds-server-framework-1.4.0-SNAPSHOT.jar:?]
	at org.apache.hadoop.ozone.protocolPB.OzoneManagerProtocolServerSideTranslatorPB.submitRequest(OzoneManagerProtocolServerSideTranslatorPB.java:148) [ozone-manager-1.4.0-SNAPSHOT.jar:?]
	at org.apache.hadoop.ozone.protocol.proto.OzoneManagerProtocolProtos$OzoneManagerService$2.callBlockingMethod(OzoneManagerProtocolProtos.java) [ozone-interface-client-1.4.0-SNAPSHOT.jar:?]
	at org.apache.hadoop.ipc.ProtobufRpcEngine$Server.processCall(ProtobufRpcEngine.java:484) [hadoop-common-3.3.6.jar:?]
	at org.apache.hadoop.ipc.ProtobufRpcEngine2$Server$ProtoBufRpcInvoker.call(ProtobufRpcEngine2.java:595) [hadoop-common-3.3.6.jar:?]
	at org.apache.hadoop.ipc.ProtobufRpcEngine2$Server$ProtoBufRpcInvoker.call(ProtobufRpcEngine2.java:573) [hadoop-common-3.3.6.jar:?]
	at org.apache.hadoop.ipc.RPC$Server.call(RPC.java:1227) [hadoop-common-3.3.6.jar:?]
	at org.apache.hadoop.ipc.Server$RpcCall.run(Server.java:1094) [hadoop-common-3.3.6.jar:?]
	at org.apache.hadoop.ipc.Server$RpcCall.run(Server.java:1017) [hadoop-common-3.3.6.jar:?]
	at java.security.AccessController.doPrivileged(Native Method) ~[?:1.8.0_382]
	at javax.security.auth.Subject.doAs(Subject.java:422) [?:1.8.0_382]
	at org.apache.hadoop.security.UserGroupInformation.doAs(UserGroupInformation.java:1899) [hadoop-common-3.3.6.jar:?]
	at org.apache.hadoop.ipc.Server$Handler.run(Server.java:3048) [hadoop-common-3.3.6.jar:?]
]]></system-out>
  </testcase>
  <testcase name="testTrash" classname="TestOzoneFileSystem" time="5.031">
    <system-out><![CDATA[09:35:00.391 [IPC Server handler 8 on default port 15163] ERROR OMAudit - user=runner | ip=127.0.0.1 | op=GET_FILE_STATUS {volume=volume82570, bucket=bucket71984, key=.Trash/runner/Current/testKey2, dataSize=0, replicationConfig=null} | ret=FAILURE
org.apache.hadoop.ozone.om.exceptions.OMException: Unable to get file status: volume: volume82570 bucket: bucket71984 key: .Trash/runner/Current/testKey2
	at org.apache.hadoop.ozone.om.KeyManagerImpl.getOzoneFileStatus(KeyManagerImpl.java:1195) ~[ozone-manager-1.4.0-SNAPSHOT.jar:?]
	at org.apache.hadoop.ozone.om.KeyManagerImpl.getFileStatus(KeyManagerImpl.java:1113) ~[ozone-manager-1.4.0-SNAPSHOT.jar:?]
	at org.apache.hadoop.ozone.om.OmMetadataReader.getFileStatus(OmMetadataReader.java:262) ~[ozone-manager-1.4.0-SNAPSHOT.jar:?]
	at org.apache.hadoop.ozone.om.OzoneManager.getFileStatus(OzoneManager.java:3513) ~[ozone-manager-1.4.0-SNAPSHOT.jar:?]
	at org.apache.hadoop.ozone.protocolPB.OzoneManagerRequestHandler.getOzoneFileStatus(OzoneManagerRequestHandler.java:973) ~[ozone-manager-1.4.0-SNAPSHOT.jar:?]
	at org.apache.hadoop.ozone.protocolPB.OzoneManagerRequestHandler.handleReadRequest(OzoneManagerRequestHandler.java:252) ~[ozone-manager-1.4.0-SNAPSHOT.jar:?]
	at org.apache.hadoop.ozone.protocolPB.OzoneManagerProtocolServerSideTranslatorPB.submitRequestDirectlyToOM(OzoneManagerProtocolServerSideTranslatorPB.java:274) ~[ozone-manager-1.4.0-SNAPSHOT.jar:?]
	at org.apache.hadoop.ozone.protocolPB.OzoneManagerProtocolServerSideTranslatorPB.processRequest(OzoneManagerProtocolServerSideTranslatorPB.java:175) ~[ozone-manager-1.4.0-SNAPSHOT.jar:?]
	at org.apache.hadoop.hdds.server.OzoneProtocolMessageDispatcher.processRequest(OzoneProtocolMessageDispatcher.java:87) [hdds-server-framework-1.4.0-SNAPSHOT.jar:?]
	at org.apache.hadoop.ozone.protocolPB.OzoneManagerProtocolServerSideTranslatorPB.submitRequest(OzoneManagerProtocolServerSideTranslatorPB.java:148) [ozone-manager-1.4.0-SNAPSHOT.jar:?]
	at org.apache.hadoop.ozone.protocol.proto.OzoneManagerProtocolProtos$OzoneManagerService$2.callBlockingMethod(OzoneManagerProtocolProtos.java) [ozone-interface-client-1.4.0-SNAPSHOT.jar:?]
	at org.apache.hadoop.ipc.ProtobufRpcEngine$Server.processCall(ProtobufRpcEngine.java:484) [hadoop-common-3.3.6.jar:?]
	at org.apache.hadoop.ipc.ProtobufRpcEngine2$Server$ProtoBufRpcInvoker.call(ProtobufRpcEngine2.java:595) [hadoop-common-3.3.6.jar:?]
	at org.apache.hadoop.ipc.ProtobufRpcEngine2$Server$ProtoBufRpcInvoker.call(ProtobufRpcEngine2.java:573) [hadoop-common-3.3.6.jar:?]
	at org.apache.hadoop.ipc.RPC$Server.call(RPC.java:1227) [hadoop-common-3.3.6.jar:?]
	at org.apache.hadoop.ipc.Server$RpcCall.run(Server.java:1094) [hadoop-common-3.3.6.jar:?]
	at org.apache.hadoop.ipc.Server$RpcCall.run(Server.java:1017) [hadoop-common-3.3.6.jar:?]
	at java.security.AccessController.doPrivileged(Native Method) ~[?:1.8.0_382]
	at javax.security.auth.Subject.doAs(Subject.java:422) [?:1.8.0_382]
	at org.apache.hadoop.security.UserGroupInformation.doAs(UserGroupInformation.java:1899) [hadoop-common-3.3.6.jar:?]
	at org.apache.hadoop.ipc.Server$Handler.run(Server.java:3048) [hadoop-common-3.3.6.jar:?]
09:35:00.392 [IPC Server handler 12 on default port 15163] ERROR OMAudit - user=runner | ip=127.0.0.1 | op=GET_FILE_STATUS {volume=volume82570, bucket=bucket71984, key=.Trash/runner/Current/testKey2, dataSize=0, replicationConfig=null} | ret=FAILURE
org.apache.hadoop.ozone.om.exceptions.OMException: Unable to get file status: volume: volume82570 bucket: bucket71984 key: .Trash/runner/Current/testKey2
	at org.apache.hadoop.ozone.om.KeyManagerImpl.getOzoneFileStatus(KeyManagerImpl.java:1195) ~[ozone-manager-1.4.0-SNAPSHOT.jar:?]
	at org.apache.hadoop.ozone.om.KeyManagerImpl.getFileStatus(KeyManagerImpl.java:1113) ~[ozone-manager-1.4.0-SNAPSHOT.jar:?]
	at org.apache.hadoop.ozone.om.OmMetadataReader.getFileStatus(OmMetadataReader.java:262) ~[ozone-manager-1.4.0-SNAPSHOT.jar:?]
	at org.apache.hadoop.ozone.om.OzoneManager.getFileStatus(OzoneManager.java:3513) ~[ozone-manager-1.4.0-SNAPSHOT.jar:?]
	at org.apache.hadoop.ozone.protocolPB.OzoneManagerRequestHandler.getOzoneFileStatus(OzoneManagerRequestHandler.java:973) ~[ozone-manager-1.4.0-SNAPSHOT.jar:?]
	at org.apache.hadoop.ozone.protocolPB.OzoneManagerRequestHandler.handleReadRequest(OzoneManagerRequestHandler.java:252) ~[ozone-manager-1.4.0-SNAPSHOT.jar:?]
	at org.apache.hadoop.ozone.protocolPB.OzoneManagerProtocolServerSideTranslatorPB.submitRequestDirectlyToOM(OzoneManagerProtocolServerSideTranslatorPB.java:274) ~[ozone-manager-1.4.0-SNAPSHOT.jar:?]
	at org.apache.hadoop.ozone.protocolPB.OzoneManagerProtocolServerSideTranslatorPB.processRequest(OzoneManagerProtocolServerSideTranslatorPB.java:175) ~[ozone-manager-1.4.0-SNAPSHOT.jar:?]
	at org.apache.hadoop.hdds.server.OzoneProtocolMessageDispatcher.processRequest(OzoneProtocolMessageDispatcher.java:87) [hdds-server-framework-1.4.0-SNAPSHOT.jar:?]
	at org.apache.hadoop.ozone.protocolPB.OzoneManagerProtocolServerSideTranslatorPB.submitRequest(OzoneManagerProtocolServerSideTranslatorPB.java:148) [ozone-manager-1.4.0-SNAPSHOT.jar:?]
	at org.apache.hadoop.ozone.protocol.proto.OzoneManagerProtocolProtos$OzoneManagerService$2.callBlockingMethod(OzoneManagerProtocolProtos.java) [ozone-interface-client-1.4.0-SNAPSHOT.jar:?]
	at org.apache.hadoop.ipc.ProtobufRpcEngine$Server.processCall(ProtobufRpcEngine.java:484) [hadoop-common-3.3.6.jar:?]
	at org.apache.hadoop.ipc.ProtobufRpcEngine2$Server$ProtoBufRpcInvoker.call(ProtobufRpcEngine2.java:595) [hadoop-common-3.3.6.jar:?]
	at org.apache.hadoop.ipc.ProtobufRpcEngine2$Server$ProtoBufRpcInvoker.call(ProtobufRpcEngine2.java:573) [hadoop-common-3.3.6.jar:?]
	at org.apache.hadoop.ipc.RPC$Server.call(RPC.java:1227) [hadoop-common-3.3.6.jar:?]
	at org.apache.hadoop.ipc.Server$RpcCall.run(Server.java:1094) [hadoop-common-3.3.6.jar:?]
	at org.apache.hadoop.ipc.Server$RpcCall.run(Server.java:1017) [hadoop-common-3.3.6.jar:?]
	at java.security.AccessController.doPrivileged(Native Method) ~[?:1.8.0_382]
	at javax.security.auth.Subject.doAs(Subject.java:422) [?:1.8.0_382]
	at org.apache.hadoop.security.UserGroupInformation.doAs(UserGroupInformation.java:1899) [hadoop-common-3.3.6.jar:?]
	at org.apache.hadoop.ipc.Server$Handler.run(Server.java:3048) [hadoop-common-3.3.6.jar:?]
2023-08-28 09:35:00,395 [Time-limited test] INFO  om.TrashPolicyOzone (TrashPolicyOzone.java:moveToTrash(209)) - Moved: '/testKey2' to trash at: /.Trash/runner/Current/testKey2
2023-08-28 09:35:00,546 [420b2733-082d-40f5-8baf-45346d279295@group-617769D5E320-FollowerState] INFO  impl.FollowerState (FollowerState.java:run(143)) - 420b2733-082d-40f5-8baf-45346d279295@group-617769D5E320-FollowerState: change to CANDIDATE, lastRpcElapsedTime:5032484987ns, electionTimeout:5032ms
2023-08-28 09:35:00,546 [420b2733-082d-40f5-8baf-45346d279295@group-617769D5E320-FollowerState] INFO  impl.RoleInfo (RoleInfo.java:shutdownFollowerState(110)) - 420b2733-082d-40f5-8baf-45346d279295: shutdown 420b2733-082d-40f5-8baf-45346d279295@group-617769D5E320-FollowerState
2023-08-28 09:35:00,546 [420b2733-082d-40f5-8baf-45346d279295@group-617769D5E320-FollowerState] INFO  server.RaftServer$Division (RaftServerImpl.java:setRole(329)) - 420b2733-082d-40f5-8baf-45346d279295@group-617769D5E320: changes role from  FOLLOWER to CANDIDATE at term 0 for changeToCandidate
2023-08-28 09:35:00,546 [420b2733-082d-40f5-8baf-45346d279295@group-617769D5E320-FollowerState] INFO  server.RaftServerConfigKeys (ConfUtils.java:logGet(46)) - raft.server.leaderelection.pre-vote = true (default)
2023-08-28 09:35:00,546 [420b2733-082d-40f5-8baf-45346d279295@group-617769D5E320-FollowerState] INFO  impl.RoleInfo (RoleInfo.java:updateAndGet(139)) - 420b2733-082d-40f5-8baf-45346d279295: start 420b2733-082d-40f5-8baf-45346d279295@group-617769D5E320-LeaderElection38
2023-08-28 09:35:00,549 [420b2733-082d-40f5-8baf-45346d279295@group-617769D5E320-LeaderElection38] INFO  impl.LeaderElection (LeaderElection.java:askForVotes(321)) - 420b2733-082d-40f5-8baf-45346d279295@group-617769D5E320-LeaderElection38 PRE_VOTE round 0: submit vote requests at term 0 for -1: peers:[420b2733-082d-40f5-8baf-45346d279295|rpc:10.1.0.27:15209|admin:10.1.0.27:15208|client:10.1.0.27:15207|dataStream:10.1.0.27:15210|priority:1|startupRole:FOLLOWER]|listeners:[], old=null
2023-08-28 09:35:00,549 [420b2733-082d-40f5-8baf-45346d279295@group-617769D5E320-LeaderElection38] INFO  impl.LeaderElection (LeaderElection.java:askForVotes(323)) - 420b2733-082d-40f5-8baf-45346d279295@group-617769D5E320-LeaderElection38 PRE_VOTE round 0: result PASSED (term=0)
2023-08-28 09:35:00,551 [420b2733-082d-40f5-8baf-45346d279295@group-617769D5E320-LeaderElection38] INFO  impl.LeaderElection (LeaderElection.java:askForVotes(321)) - 420b2733-082d-40f5-8baf-45346d279295@group-617769D5E320-LeaderElection38 ELECTION round 0: submit vote requests at term 1 for -1: peers:[420b2733-082d-40f5-8baf-45346d279295|rpc:10.1.0.27:15209|admin:10.1.0.27:15208|client:10.1.0.27:15207|dataStream:10.1.0.27:15210|priority:1|startupRole:FOLLOWER]|listeners:[], old=null
2023-08-28 09:35:00,551 [420b2733-082d-40f5-8baf-45346d279295@group-617769D5E320-LeaderElection38] INFO  impl.LeaderElection (LeaderElection.java:askForVotes(323)) - 420b2733-082d-40f5-8baf-45346d279295@group-617769D5E320-LeaderElection38 ELECTION round 0: result PASSED (term=1)
2023-08-28 09:35:00,551 [420b2733-082d-40f5-8baf-45346d279295@group-617769D5E320-LeaderElection38] INFO  impl.RoleInfo (RoleInfo.java:shutdownLeaderElection(130)) - 420b2733-082d-40f5-8baf-45346d279295: shutdown 420b2733-082d-40f5-8baf-45346d279295@group-617769D5E320-LeaderElection38
2023-08-28 09:35:00,551 [420b2733-082d-40f5-8baf-45346d279295@group-617769D5E320-LeaderElection38] INFO  server.RaftServer$Division (RaftServerImpl.java:setRole(329)) - 420b2733-082d-40f5-8baf-45346d279295@group-617769D5E320: changes role from CANDIDATE to LEADER at term 1 for changeToLeader
2023-08-28 09:35:00,551 [420b2733-082d-40f5-8baf-45346d279295@group-617769D5E320-LeaderElection38] INFO  ratis.XceiverServerRatis (XceiverServerRatis.java:handleLeaderChangedNotification(902)) - Leader change notification received for group: group-617769D5E320 with new leaderId: 420b2733-082d-40f5-8baf-45346d279295
2023-08-28 09:35:00,551 [420b2733-082d-40f5-8baf-45346d279295@group-617769D5E320-LeaderElection38] INFO  server.RaftServer$Division (ServerState.java:setLeader(317)) - 420b2733-082d-40f5-8baf-45346d279295@group-617769D5E320: change Leader from null to 420b2733-082d-40f5-8baf-45346d279295 at term 1 for becomeLeader, leader elected after 5054ms
2023-08-28 09:35:00,551 [420b2733-082d-40f5-8baf-45346d279295@group-617769D5E320-LeaderElection38] INFO  server.RaftServerConfigKeys (ConfUtils.java:logGet(46)) - raft.server.staging.catchup.gap = 1000 (default)
2023-08-28 09:35:00,551 [420b2733-082d-40f5-8baf-45346d279295@group-617769D5E320-LeaderElection38] INFO  server.RaftServerConfigKeys (ConfUtils.java:logGet(46)) - raft.server.write.element-limit = 1024 (custom)
2023-08-28 09:35:00,552 [420b2733-082d-40f5-8baf-45346d279295@group-617769D5E320-LeaderElection38] INFO  server.RaftServerConfigKeys (ConfUtils.java:logGet(46)) - raft.server.write.byte-limit = 1024 M (=1073741824) (custom)
2023-08-28 09:35:00,552 [420b2733-082d-40f5-8baf-45346d279295@group-617769D5E320-LeaderElection38] INFO  server.RaftServerConfigKeys (ConfUtils.java:logGet(46)) - raft.server.watch.timeout = 180s (custom)
2023-08-28 09:35:00,552 [420b2733-082d-40f5-8baf-45346d279295@group-617769D5E320-LeaderElection38] INFO  server.RaftServerConfigKeys (ConfUtils.java:logGet(46)) - raft.server.watch.timeout.denomination = 1s (default)
2023-08-28 09:35:00,552 [420b2733-082d-40f5-8baf-45346d279295@group-617769D5E320-LeaderElection38] INFO  server.RaftServerConfigKeys (ConfUtils.java:logGet(46)) - raft.server.watch.element-limit = 65536 (default)
2023-08-28 09:35:00,552 [420b2733-082d-40f5-8baf-45346d279295@group-617769D5E320-LeaderElection38] INFO  server.RaftServerConfigKeys (ConfUtils.java:logGet(46)) - raft.server.write.element-limit = 1024 (custom)
2023-08-28 09:35:00,552 [420b2733-082d-40f5-8baf-45346d279295@group-617769D5E320-LeaderElection38] INFO  server.RaftServerConfigKeys (ConfUtils.java:logGet(46)) - raft.server.write.follower.gap.ratio.max = -1.0 (default)
2023-08-28 09:35:00,552 [420b2733-082d-40f5-8baf-45346d279295@group-617769D5E320-LeaderElection38] INFO  impl.RoleInfo (RoleInfo.java:updateAndGet(139)) - 420b2733-082d-40f5-8baf-45346d279295: start 420b2733-082d-40f5-8baf-45346d279295@group-617769D5E320-LeaderStateImpl
2023-08-28 09:35:00,552 [420b2733-082d-40f5-8baf-45346d279295@group-617769D5E320-LeaderElection38] INFO  segmented.SegmentedRaftLogWorker (SegmentedRaftLogWorker.java:startLogSegment(447)) - 420b2733-082d-40f5-8baf-45346d279295@group-617769D5E320-SegmentedRaftLogWorker: Starting segment from index:0
2023-08-28 09:35:00,552 [420b2733-082d-40f5-8baf-45346d279295@group-617769D5E320-LeaderElection38] INFO  server.RaftServer$Division (ServerState.java:setRaftConf(434)) - 420b2733-082d-40f5-8baf-45346d279295@group-617769D5E320: set configuration 0: peers:[420b2733-082d-40f5-8baf-45346d279295|rpc:10.1.0.27:15209|admin:10.1.0.27:15208|client:10.1.0.27:15207|dataStream:10.1.0.27:15210|priority:1|startupRole:FOLLOWER]|listeners:[], old=null
2023-08-28 09:35:00,554 [420b2733-082d-40f5-8baf-45346d279295@group-617769D5E320-SegmentedRaftLogWorker] INFO  segmented.SegmentedRaftLogWorker (SegmentedRaftLogWorker.java:execute(651)) - 420b2733-082d-40f5-8baf-45346d279295@group-617769D5E320-SegmentedRaftLogWorker: created new log segment /home/runner/work/ozone/ozone/hadoop-ozone/integration-test/target/test-dir/MiniOzoneClusterImpl-b3d20441-1363-4d90-8b75-dcc1ba5546e4/datanode-4/data/ratis/ec7ac682-b865-4905-909a-617769d5e320/current/log_inprogress_0
09:35:02.398 [IPC Server handler 17 on default port 15163] ERROR OMAudit - user=runner | ip=127.0.0.1 | op=GET_FILE_STATUS {volume=volume82570, bucket=bucket71984, key=.Trash/runner/Current/testKey2, dataSize=0, replicationConfig=null} | ret=FAILURE
org.apache.hadoop.ozone.om.exceptions.OMException: Unable to get file status: volume: volume82570 bucket: bucket71984 key: .Trash/runner/Current/testKey2
	at org.apache.hadoop.ozone.om.KeyManagerImpl.getOzoneFileStatus(KeyManagerImpl.java:1195) ~[ozone-manager-1.4.0-SNAPSHOT.jar:?]
	at org.apache.hadoop.ozone.om.KeyManagerImpl.getFileStatus(KeyManagerImpl.java:1113) ~[ozone-manager-1.4.0-SNAPSHOT.jar:?]
	at org.apache.hadoop.ozone.om.OmMetadataReader.getFileStatus(OmMetadataReader.java:262) ~[ozone-manager-1.4.0-SNAPSHOT.jar:?]
	at org.apache.hadoop.ozone.om.OzoneManager.getFileStatus(OzoneManager.java:3513) ~[ozone-manager-1.4.0-SNAPSHOT.jar:?]
	at org.apache.hadoop.ozone.protocolPB.OzoneManagerRequestHandler.getOzoneFileStatus(OzoneManagerRequestHandler.java:973) ~[ozone-manager-1.4.0-SNAPSHOT.jar:?]
	at org.apache.hadoop.ozone.protocolPB.OzoneManagerRequestHandler.handleReadRequest(OzoneManagerRequestHandler.java:252) ~[ozone-manager-1.4.0-SNAPSHOT.jar:?]
	at org.apache.hadoop.ozone.protocolPB.OzoneManagerProtocolServerSideTranslatorPB.submitRequestDirectlyToOM(OzoneManagerProtocolServerSideTranslatorPB.java:274) ~[ozone-manager-1.4.0-SNAPSHOT.jar:?]
	at org.apache.hadoop.ozone.protocolPB.OzoneManagerProtocolServerSideTranslatorPB.processRequest(OzoneManagerProtocolServerSideTranslatorPB.java:175) ~[ozone-manager-1.4.0-SNAPSHOT.jar:?]
	at org.apache.hadoop.hdds.server.OzoneProtocolMessageDispatcher.processRequest(OzoneProtocolMessageDispatcher.java:87) [hdds-server-framework-1.4.0-SNAPSHOT.jar:?]
	at org.apache.hadoop.ozone.protocolPB.OzoneManagerProtocolServerSideTranslatorPB.submitRequest(OzoneManagerProtocolServerSideTranslatorPB.java:148) [ozone-manager-1.4.0-SNAPSHOT.jar:?]
	at org.apache.hadoop.ozone.protocol.proto.OzoneManagerProtocolProtos$OzoneManagerService$2.callBlockingMethod(OzoneManagerProtocolProtos.java) [ozone-interface-client-1.4.0-SNAPSHOT.jar:?]
	at org.apache.hadoop.ipc.ProtobufRpcEngine$Server.processCall(ProtobufRpcEngine.java:484) [hadoop-common-3.3.6.jar:?]
	at org.apache.hadoop.ipc.ProtobufRpcEngine2$Server$ProtoBufRpcInvoker.call(ProtobufRpcEngine2.java:595) [hadoop-common-3.3.6.jar:?]
	at org.apache.hadoop.ipc.ProtobufRpcEngine2$Server$ProtoBufRpcInvoker.call(ProtobufRpcEngine2.java:573) [hadoop-common-3.3.6.jar:?]
	at org.apache.hadoop.ipc.RPC$Server.call(RPC.java:1227) [hadoop-common-3.3.6.jar:?]
	at org.apache.hadoop.ipc.Server$RpcCall.run(Server.java:1094) [hadoop-common-3.3.6.jar:?]
	at org.apache.hadoop.ipc.Server$RpcCall.run(Server.java:1017) [hadoop-common-3.3.6.jar:?]
	at java.security.AccessController.doPrivileged(Native Method) ~[?:1.8.0_382]
	at javax.security.auth.Subject.doAs(Subject.java:422) [?:1.8.0_382]
	at org.apache.hadoop.security.UserGroupInformation.doAs(UserGroupInformation.java:1899) [hadoop-common-3.3.6.jar:?]
	at org.apache.hadoop.ipc.Server$Handler.run(Server.java:3048) [hadoop-common-3.3.6.jar:?]
]]></system-out>
  </testcase>
  <testcase name="testRenameDestinationParentDoesntExist" classname="TestOzoneFileSystem" time="0.057">
    <system-out><![CDATA[09:31:21.403 [IPC Server handler 11 on default port 15004] ERROR OMAudit - user=runner | ip=127.0.0.1 | op=GET_FILE_STATUS {volume=volume76952, bucket=bucket05606, key=root_dir/b/c, dataSize=0, replicationConfig=null} | ret=FAILURE
org.apache.hadoop.ozone.om.exceptions.OMException: Unable to get file status: volume: volume76952 bucket: bucket05606 key: root_dir/b/c
	at org.apache.hadoop.ozone.om.KeyManagerImpl.getOzoneFileStatus(KeyManagerImpl.java:1195) ~[ozone-manager-1.4.0-SNAPSHOT.jar:?]
	at org.apache.hadoop.ozone.om.KeyManagerImpl.getFileStatus(KeyManagerImpl.java:1113) ~[ozone-manager-1.4.0-SNAPSHOT.jar:?]
	at org.apache.hadoop.ozone.om.OmMetadataReader.getFileStatus(OmMetadataReader.java:262) ~[ozone-manager-1.4.0-SNAPSHOT.jar:?]
	at org.apache.hadoop.ozone.om.OzoneManager.getFileStatus(OzoneManager.java:3513) ~[ozone-manager-1.4.0-SNAPSHOT.jar:?]
	at org.apache.hadoop.ozone.protocolPB.OzoneManagerRequestHandler.getOzoneFileStatus(OzoneManagerRequestHandler.java:973) ~[ozone-manager-1.4.0-SNAPSHOT.jar:?]
	at org.apache.hadoop.ozone.protocolPB.OzoneManagerRequestHandler.handleReadRequest(OzoneManagerRequestHandler.java:252) ~[ozone-manager-1.4.0-SNAPSHOT.jar:?]
	at org.apache.hadoop.ozone.protocolPB.OzoneManagerProtocolServerSideTranslatorPB.submitReadRequestToOM(OzoneManagerProtocolServerSideTranslatorPB.java:225) ~[ozone-manager-1.4.0-SNAPSHOT.jar:?]
	at org.apache.hadoop.ozone.protocolPB.OzoneManagerProtocolServerSideTranslatorPB.processRequest(OzoneManagerProtocolServerSideTranslatorPB.java:179) ~[ozone-manager-1.4.0-SNAPSHOT.jar:?]
	at org.apache.hadoop.hdds.server.OzoneProtocolMessageDispatcher.processRequest(OzoneProtocolMessageDispatcher.java:87) [hdds-server-framework-1.4.0-SNAPSHOT.jar:?]
	at org.apache.hadoop.ozone.protocolPB.OzoneManagerProtocolServerSideTranslatorPB.submitRequest(OzoneManagerProtocolServerSideTranslatorPB.java:148) [ozone-manager-1.4.0-SNAPSHOT.jar:?]
	at org.apache.hadoop.ozone.protocol.proto.OzoneManagerProtocolProtos$OzoneManagerService$2.callBlockingMethod(OzoneManagerProtocolProtos.java) [ozone-interface-client-1.4.0-SNAPSHOT.jar:?]
	at org.apache.hadoop.ipc.ProtobufRpcEngine$Server.processCall(ProtobufRpcEngine.java:484) [hadoop-common-3.3.6.jar:?]
	at org.apache.hadoop.ipc.ProtobufRpcEngine2$Server$ProtoBufRpcInvoker.call(ProtobufRpcEngine2.java:595) [hadoop-common-3.3.6.jar:?]
	at org.apache.hadoop.ipc.ProtobufRpcEngine2$Server$ProtoBufRpcInvoker.call(ProtobufRpcEngine2.java:573) [hadoop-common-3.3.6.jar:?]
	at org.apache.hadoop.ipc.RPC$Server.call(RPC.java:1227) [hadoop-common-3.3.6.jar:?]
	at org.apache.hadoop.ipc.Server$RpcCall.run(Server.java:1094) [hadoop-common-3.3.6.jar:?]
	at org.apache.hadoop.ipc.Server$RpcCall.run(Server.java:1017) [hadoop-common-3.3.6.jar:?]
	at java.security.AccessController.doPrivileged(Native Method) ~[?:1.8.0_382]
	at javax.security.auth.Subject.doAs(Subject.java:422) [?:1.8.0_382]
	at org.apache.hadoop.security.UserGroupInformation.doAs(UserGroupInformation.java:1899) [hadoop-common-3.3.6.jar:?]
	at org.apache.hadoop.ipc.Server$Handler.run(Server.java:3048) [hadoop-common-3.3.6.jar:?]
09:31:21.406 [IPC Server handler 10 on default port 15004] ERROR OMAudit - user=runner | ip=127.0.0.1 | op=GET_FILE_STATUS {volume=volume76952, bucket=bucket05606, key=root_dir/b, dataSize=0, replicationConfig=null} | ret=FAILURE
org.apache.hadoop.ozone.om.exceptions.OMException: Unable to get file status: volume: volume76952 bucket: bucket05606 key: root_dir/b
	at org.apache.hadoop.ozone.om.KeyManagerImpl.getOzoneFileStatus(KeyManagerImpl.java:1195) ~[ozone-manager-1.4.0-SNAPSHOT.jar:?]
	at org.apache.hadoop.ozone.om.KeyManagerImpl.getFileStatus(KeyManagerImpl.java:1113) ~[ozone-manager-1.4.0-SNAPSHOT.jar:?]
	at org.apache.hadoop.ozone.om.OmMetadataReader.getFileStatus(OmMetadataReader.java:262) ~[ozone-manager-1.4.0-SNAPSHOT.jar:?]
	at org.apache.hadoop.ozone.om.OzoneManager.getFileStatus(OzoneManager.java:3513) ~[ozone-manager-1.4.0-SNAPSHOT.jar:?]
	at org.apache.hadoop.ozone.protocolPB.OzoneManagerRequestHandler.getOzoneFileStatus(OzoneManagerRequestHandler.java:973) ~[ozone-manager-1.4.0-SNAPSHOT.jar:?]
	at org.apache.hadoop.ozone.protocolPB.OzoneManagerRequestHandler.handleReadRequest(OzoneManagerRequestHandler.java:252) ~[ozone-manager-1.4.0-SNAPSHOT.jar:?]
	at org.apache.hadoop.ozone.protocolPB.OzoneManagerProtocolServerSideTranslatorPB.submitReadRequestToOM(OzoneManagerProtocolServerSideTranslatorPB.java:225) ~[ozone-manager-1.4.0-SNAPSHOT.jar:?]
	at org.apache.hadoop.ozone.protocolPB.OzoneManagerProtocolServerSideTranslatorPB.processRequest(OzoneManagerProtocolServerSideTranslatorPB.java:179) ~[ozone-manager-1.4.0-SNAPSHOT.jar:?]
	at org.apache.hadoop.hdds.server.OzoneProtocolMessageDispatcher.processRequest(OzoneProtocolMessageDispatcher.java:87) [hdds-server-framework-1.4.0-SNAPSHOT.jar:?]
	at org.apache.hadoop.ozone.protocolPB.OzoneManagerProtocolServerSideTranslatorPB.submitRequest(OzoneManagerProtocolServerSideTranslatorPB.java:148) [ozone-manager-1.4.0-SNAPSHOT.jar:?]
	at org.apache.hadoop.ozone.protocol.proto.OzoneManagerProtocolProtos$OzoneManagerService$2.callBlockingMethod(OzoneManagerProtocolProtos.java) [ozone-interface-client-1.4.0-SNAPSHOT.jar:?]
	at org.apache.hadoop.ipc.ProtobufRpcEngine$Server.processCall(ProtobufRpcEngine.java:484) [hadoop-common-3.3.6.jar:?]
	at org.apache.hadoop.ipc.ProtobufRpcEngine2$Server$ProtoBufRpcInvoker.call(ProtobufRpcEngine2.java:595) [hadoop-common-3.3.6.jar:?]
	at org.apache.hadoop.ipc.ProtobufRpcEngine2$Server$ProtoBufRpcInvoker.call(ProtobufRpcEngine2.java:573) [hadoop-common-3.3.6.jar:?]
	at org.apache.hadoop.ipc.RPC$Server.call(RPC.java:1227) [hadoop-common-3.3.6.jar:?]
	at org.apache.hadoop.ipc.Server$RpcCall.run(Server.java:1094) [hadoop-common-3.3.6.jar:?]
	at org.apache.hadoop.ipc.Server$RpcCall.run(Server.java:1017) [hadoop-common-3.3.6.jar:?]
	at java.security.AccessController.doPrivileged(Native Method) ~[?:1.8.0_382]
	at javax.security.auth.Subject.doAs(Subject.java:422) [?:1.8.0_382]
	at org.apache.hadoop.security.UserGroupInformation.doAs(UserGroupInformation.java:1899) [hadoop-common-3.3.6.jar:?]
	at org.apache.hadoop.ipc.Server$Handler.run(Server.java:3048) [hadoop-common-3.3.6.jar:?]
09:31:21.426 [IPC Server handler 5 on default port 15004] ERROR OMAudit - user=runner | ip=127.0.0.1 | op=GET_FILE_STATUS {volume=volume76952, bucket=bucket05606, key=root_dir/file1/c, dataSize=0, replicationConfig=null} | ret=FAILURE
org.apache.hadoop.ozone.om.exceptions.OMException: Unable to get file status: volume: volume76952 bucket: bucket05606 key: root_dir/file1/c
	at org.apache.hadoop.ozone.om.KeyManagerImpl.getOzoneFileStatus(KeyManagerImpl.java:1195) ~[ozone-manager-1.4.0-SNAPSHOT.jar:?]
	at org.apache.hadoop.ozone.om.KeyManagerImpl.getFileStatus(KeyManagerImpl.java:1113) ~[ozone-manager-1.4.0-SNAPSHOT.jar:?]
	at org.apache.hadoop.ozone.om.OmMetadataReader.getFileStatus(OmMetadataReader.java:262) ~[ozone-manager-1.4.0-SNAPSHOT.jar:?]
	at org.apache.hadoop.ozone.om.OzoneManager.getFileStatus(OzoneManager.java:3513) ~[ozone-manager-1.4.0-SNAPSHOT.jar:?]
	at org.apache.hadoop.ozone.protocolPB.OzoneManagerRequestHandler.getOzoneFileStatus(OzoneManagerRequestHandler.java:973) ~[ozone-manager-1.4.0-SNAPSHOT.jar:?]
	at org.apache.hadoop.ozone.protocolPB.OzoneManagerRequestHandler.handleReadRequest(OzoneManagerRequestHandler.java:252) ~[ozone-manager-1.4.0-SNAPSHOT.jar:?]
	at org.apache.hadoop.ozone.protocolPB.OzoneManagerProtocolServerSideTranslatorPB.submitReadRequestToOM(OzoneManagerProtocolServerSideTranslatorPB.java:225) ~[ozone-manager-1.4.0-SNAPSHOT.jar:?]
	at org.apache.hadoop.ozone.protocolPB.OzoneManagerProtocolServerSideTranslatorPB.processRequest(OzoneManagerProtocolServerSideTranslatorPB.java:179) ~[ozone-manager-1.4.0-SNAPSHOT.jar:?]
	at org.apache.hadoop.hdds.server.OzoneProtocolMessageDispatcher.processRequest(OzoneProtocolMessageDispatcher.java:87) [hdds-server-framework-1.4.0-SNAPSHOT.jar:?]
	at org.apache.hadoop.ozone.protocolPB.OzoneManagerProtocolServerSideTranslatorPB.submitRequest(OzoneManagerProtocolServerSideTranslatorPB.java:148) [ozone-manager-1.4.0-SNAPSHOT.jar:?]
	at org.apache.hadoop.ozone.protocol.proto.OzoneManagerProtocolProtos$OzoneManagerService$2.callBlockingMethod(OzoneManagerProtocolProtos.java) [ozone-interface-client-1.4.0-SNAPSHOT.jar:?]
	at org.apache.hadoop.ipc.ProtobufRpcEngine$Server.processCall(ProtobufRpcEngine.java:484) [hadoop-common-3.3.6.jar:?]
	at org.apache.hadoop.ipc.ProtobufRpcEngine2$Server$ProtoBufRpcInvoker.call(ProtobufRpcEngine2.java:595) [hadoop-common-3.3.6.jar:?]
	at org.apache.hadoop.ipc.ProtobufRpcEngine2$Server$ProtoBufRpcInvoker.call(ProtobufRpcEngine2.java:573) [hadoop-common-3.3.6.jar:?]
	at org.apache.hadoop.ipc.RPC$Server.call(RPC.java:1227) [hadoop-common-3.3.6.jar:?]
	at org.apache.hadoop.ipc.Server$RpcCall.run(Server.java:1094) [hadoop-common-3.3.6.jar:?]
	at org.apache.hadoop.ipc.Server$RpcCall.run(Server.java:1017) [hadoop-common-3.3.6.jar:?]
	at java.security.AccessController.doPrivileged(Native Method) ~[?:1.8.0_382]
	at javax.security.auth.Subject.doAs(Subject.java:422) [?:1.8.0_382]
	at org.apache.hadoop.security.UserGroupInformation.doAs(UserGroupInformation.java:1899) [hadoop-common-3.3.6.jar:?]
	at org.apache.hadoop.ipc.Server$Handler.run(Server.java:3048) [hadoop-common-3.3.6.jar:?]
]]></system-out>
  </testcase>
  <testcase name="testRenameDestinationParentDoesntExist" classname="TestOzoneFileSystem" time="0.022">
    <system-out><![CDATA[09:32:47.308 [IPC Server handler 3 on default port 15057] ERROR OMAudit - user=runner | ip=127.0.0.1 | op=GET_FILE_STATUS {volume=volume78214, bucket=bucket62222, key=root_dir/b/c, dataSize=0, replicationConfig=null} | ret=FAILURE
org.apache.hadoop.ozone.om.exceptions.OMException: Unable to get file status: volume: volume78214 bucket: bucket62222 key: root_dir/b/c
	at org.apache.hadoop.ozone.om.KeyManagerImpl.getOzoneFileStatus(KeyManagerImpl.java:1195) ~[ozone-manager-1.4.0-SNAPSHOT.jar:?]
	at org.apache.hadoop.ozone.om.KeyManagerImpl.getFileStatus(KeyManagerImpl.java:1113) ~[ozone-manager-1.4.0-SNAPSHOT.jar:?]
	at org.apache.hadoop.ozone.om.OmMetadataReader.getFileStatus(OmMetadataReader.java:262) ~[ozone-manager-1.4.0-SNAPSHOT.jar:?]
	at org.apache.hadoop.ozone.om.OzoneManager.getFileStatus(OzoneManager.java:3513) ~[ozone-manager-1.4.0-SNAPSHOT.jar:?]
	at org.apache.hadoop.ozone.protocolPB.OzoneManagerRequestHandler.getOzoneFileStatus(OzoneManagerRequestHandler.java:973) ~[ozone-manager-1.4.0-SNAPSHOT.jar:?]
	at org.apache.hadoop.ozone.protocolPB.OzoneManagerRequestHandler.handleReadRequest(OzoneManagerRequestHandler.java:252) ~[ozone-manager-1.4.0-SNAPSHOT.jar:?]
	at org.apache.hadoop.ozone.protocolPB.OzoneManagerProtocolServerSideTranslatorPB.submitRequestDirectlyToOM(OzoneManagerProtocolServerSideTranslatorPB.java:274) ~[ozone-manager-1.4.0-SNAPSHOT.jar:?]
	at org.apache.hadoop.ozone.protocolPB.OzoneManagerProtocolServerSideTranslatorPB.processRequest(OzoneManagerProtocolServerSideTranslatorPB.java:175) ~[ozone-manager-1.4.0-SNAPSHOT.jar:?]
	at org.apache.hadoop.hdds.server.OzoneProtocolMessageDispatcher.processRequest(OzoneProtocolMessageDispatcher.java:87) [hdds-server-framework-1.4.0-SNAPSHOT.jar:?]
	at org.apache.hadoop.ozone.protocolPB.OzoneManagerProtocolServerSideTranslatorPB.submitRequest(OzoneManagerProtocolServerSideTranslatorPB.java:148) [ozone-manager-1.4.0-SNAPSHOT.jar:?]
	at org.apache.hadoop.ozone.protocol.proto.OzoneManagerProtocolProtos$OzoneManagerService$2.callBlockingMethod(OzoneManagerProtocolProtos.java) [ozone-interface-client-1.4.0-SNAPSHOT.jar:?]
	at org.apache.hadoop.ipc.ProtobufRpcEngine$Server.processCall(ProtobufRpcEngine.java:484) [hadoop-common-3.3.6.jar:?]
	at org.apache.hadoop.ipc.ProtobufRpcEngine2$Server$ProtoBufRpcInvoker.call(ProtobufRpcEngine2.java:595) [hadoop-common-3.3.6.jar:?]
	at org.apache.hadoop.ipc.ProtobufRpcEngine2$Server$ProtoBufRpcInvoker.call(ProtobufRpcEngine2.java:573) [hadoop-common-3.3.6.jar:?]
	at org.apache.hadoop.ipc.RPC$Server.call(RPC.java:1227) [hadoop-common-3.3.6.jar:?]
	at org.apache.hadoop.ipc.Server$RpcCall.run(Server.java:1094) [hadoop-common-3.3.6.jar:?]
	at org.apache.hadoop.ipc.Server$RpcCall.run(Server.java:1017) [hadoop-common-3.3.6.jar:?]
	at java.security.AccessController.doPrivileged(Native Method) ~[?:1.8.0_382]
	at javax.security.auth.Subject.doAs(Subject.java:422) [?:1.8.0_382]
	at org.apache.hadoop.security.UserGroupInformation.doAs(UserGroupInformation.java:1899) [hadoop-common-3.3.6.jar:?]
	at org.apache.hadoop.ipc.Server$Handler.run(Server.java:3048) [hadoop-common-3.3.6.jar:?]
09:32:47.310 [IPC Server handler 7 on default port 15057] ERROR OMAudit - user=runner | ip=127.0.0.1 | op=GET_FILE_STATUS {volume=volume78214, bucket=bucket62222, key=root_dir/b, dataSize=0, replicationConfig=null} | ret=FAILURE
org.apache.hadoop.ozone.om.exceptions.OMException: Unable to get file status: volume: volume78214 bucket: bucket62222 key: root_dir/b
	at org.apache.hadoop.ozone.om.KeyManagerImpl.getOzoneFileStatus(KeyManagerImpl.java:1195) ~[ozone-manager-1.4.0-SNAPSHOT.jar:?]
	at org.apache.hadoop.ozone.om.KeyManagerImpl.getFileStatus(KeyManagerImpl.java:1113) ~[ozone-manager-1.4.0-SNAPSHOT.jar:?]
	at org.apache.hadoop.ozone.om.OmMetadataReader.getFileStatus(OmMetadataReader.java:262) ~[ozone-manager-1.4.0-SNAPSHOT.jar:?]
	at org.apache.hadoop.ozone.om.OzoneManager.getFileStatus(OzoneManager.java:3513) ~[ozone-manager-1.4.0-SNAPSHOT.jar:?]
	at org.apache.hadoop.ozone.protocolPB.OzoneManagerRequestHandler.getOzoneFileStatus(OzoneManagerRequestHandler.java:973) ~[ozone-manager-1.4.0-SNAPSHOT.jar:?]
	at org.apache.hadoop.ozone.protocolPB.OzoneManagerRequestHandler.handleReadRequest(OzoneManagerRequestHandler.java:252) ~[ozone-manager-1.4.0-SNAPSHOT.jar:?]
	at org.apache.hadoop.ozone.protocolPB.OzoneManagerProtocolServerSideTranslatorPB.submitRequestDirectlyToOM(OzoneManagerProtocolServerSideTranslatorPB.java:274) ~[ozone-manager-1.4.0-SNAPSHOT.jar:?]
	at org.apache.hadoop.ozone.protocolPB.OzoneManagerProtocolServerSideTranslatorPB.processRequest(OzoneManagerProtocolServerSideTranslatorPB.java:175) ~[ozone-manager-1.4.0-SNAPSHOT.jar:?]
	at org.apache.hadoop.hdds.server.OzoneProtocolMessageDispatcher.processRequest(OzoneProtocolMessageDispatcher.java:87) [hdds-server-framework-1.4.0-SNAPSHOT.jar:?]
	at org.apache.hadoop.ozone.protocolPB.OzoneManagerProtocolServerSideTranslatorPB.submitRequest(OzoneManagerProtocolServerSideTranslatorPB.java:148) [ozone-manager-1.4.0-SNAPSHOT.jar:?]
	at org.apache.hadoop.ozone.protocol.proto.OzoneManagerProtocolProtos$OzoneManagerService$2.callBlockingMethod(OzoneManagerProtocolProtos.java) [ozone-interface-client-1.4.0-SNAPSHOT.jar:?]
	at org.apache.hadoop.ipc.ProtobufRpcEngine$Server.processCall(ProtobufRpcEngine.java:484) [hadoop-common-3.3.6.jar:?]
	at org.apache.hadoop.ipc.ProtobufRpcEngine2$Server$ProtoBufRpcInvoker.call(ProtobufRpcEngine2.java:595) [hadoop-common-3.3.6.jar:?]
	at org.apache.hadoop.ipc.ProtobufRpcEngine2$Server$ProtoBufRpcInvoker.call(ProtobufRpcEngine2.java:573) [hadoop-common-3.3.6.jar:?]
	at org.apache.hadoop.ipc.RPC$Server.call(RPC.java:1227) [hadoop-common-3.3.6.jar:?]
	at org.apache.hadoop.ipc.Server$RpcCall.run(Server.java:1094) [hadoop-common-3.3.6.jar:?]
	at org.apache.hadoop.ipc.Server$RpcCall.run(Server.java:1017) [hadoop-common-3.3.6.jar:?]
	at java.security.AccessController.doPrivileged(Native Method) ~[?:1.8.0_382]
	at javax.security.auth.Subject.doAs(Subject.java:422) [?:1.8.0_382]
	at org.apache.hadoop.security.UserGroupInformation.doAs(UserGroupInformation.java:1899) [hadoop-common-3.3.6.jar:?]
	at org.apache.hadoop.ipc.Server$Handler.run(Server.java:3048) [hadoop-common-3.3.6.jar:?]
09:32:47.318 [IPC Server handler 15 on default port 15057] ERROR OMAudit - user=runner | ip=127.0.0.1 | op=GET_FILE_STATUS {volume=volume78214, bucket=bucket62222, key=root_dir/file1/c, dataSize=0, replicationConfig=null} | ret=FAILURE
org.apache.hadoop.ozone.om.exceptions.OMException: Unable to get file status: volume: volume78214 bucket: bucket62222 key: root_dir/file1/c
	at org.apache.hadoop.ozone.om.KeyManagerImpl.getOzoneFileStatus(KeyManagerImpl.java:1195) ~[ozone-manager-1.4.0-SNAPSHOT.jar:?]
	at org.apache.hadoop.ozone.om.KeyManagerImpl.getFileStatus(KeyManagerImpl.java:1113) ~[ozone-manager-1.4.0-SNAPSHOT.jar:?]
	at org.apache.hadoop.ozone.om.OmMetadataReader.getFileStatus(OmMetadataReader.java:262) ~[ozone-manager-1.4.0-SNAPSHOT.jar:?]
	at org.apache.hadoop.ozone.om.OzoneManager.getFileStatus(OzoneManager.java:3513) ~[ozone-manager-1.4.0-SNAPSHOT.jar:?]
	at org.apache.hadoop.ozone.protocolPB.OzoneManagerRequestHandler.getOzoneFileStatus(OzoneManagerRequestHandler.java:973) ~[ozone-manager-1.4.0-SNAPSHOT.jar:?]
	at org.apache.hadoop.ozone.protocolPB.OzoneManagerRequestHandler.handleReadRequest(OzoneManagerRequestHandler.java:252) ~[ozone-manager-1.4.0-SNAPSHOT.jar:?]
	at org.apache.hadoop.ozone.protocolPB.OzoneManagerProtocolServerSideTranslatorPB.submitRequestDirectlyToOM(OzoneManagerProtocolServerSideTranslatorPB.java:274) ~[ozone-manager-1.4.0-SNAPSHOT.jar:?]
	at org.apache.hadoop.ozone.protocolPB.OzoneManagerProtocolServerSideTranslatorPB.processRequest(OzoneManagerProtocolServerSideTranslatorPB.java:175) ~[ozone-manager-1.4.0-SNAPSHOT.jar:?]
	at org.apache.hadoop.hdds.server.OzoneProtocolMessageDispatcher.processRequest(OzoneProtocolMessageDispatcher.java:87) [hdds-server-framework-1.4.0-SNAPSHOT.jar:?]
	at org.apache.hadoop.ozone.protocolPB.OzoneManagerProtocolServerSideTranslatorPB.submitRequest(OzoneManagerProtocolServerSideTranslatorPB.java:148) [ozone-manager-1.4.0-SNAPSHOT.jar:?]
	at org.apache.hadoop.ozone.protocol.proto.OzoneManagerProtocolProtos$OzoneManagerService$2.callBlockingMethod(OzoneManagerProtocolProtos.java) [ozone-interface-client-1.4.0-SNAPSHOT.jar:?]
	at org.apache.hadoop.ipc.ProtobufRpcEngine$Server.processCall(ProtobufRpcEngine.java:484) [hadoop-common-3.3.6.jar:?]
	at org.apache.hadoop.ipc.ProtobufRpcEngine2$Server$ProtoBufRpcInvoker.call(ProtobufRpcEngine2.java:595) [hadoop-common-3.3.6.jar:?]
	at org.apache.hadoop.ipc.ProtobufRpcEngine2$Server$ProtoBufRpcInvoker.call(ProtobufRpcEngine2.java:573) [hadoop-common-3.3.6.jar:?]
	at org.apache.hadoop.ipc.RPC$Server.call(RPC.java:1227) [hadoop-common-3.3.6.jar:?]
	at org.apache.hadoop.ipc.Server$RpcCall.run(Server.java:1094) [hadoop-common-3.3.6.jar:?]
	at org.apache.hadoop.ipc.Server$RpcCall.run(Server.java:1017) [hadoop-common-3.3.6.jar:?]
	at java.security.AccessController.doPrivileged(Native Method) ~[?:1.8.0_382]
	at javax.security.auth.Subject.doAs(Subject.java:422) [?:1.8.0_382]
	at org.apache.hadoop.security.UserGroupInformation.doAs(UserGroupInformation.java:1899) [hadoop-common-3.3.6.jar:?]
	at org.apache.hadoop.ipc.Server$Handler.run(Server.java:3048) [hadoop-common-3.3.6.jar:?]
]]></system-out>
  </testcase>
  <testcase name="testRenameDestinationParentDoesntExist" classname="TestOzoneFileSystem" time="0.022">
    <system-out><![CDATA[09:33:54.642 [IPC Server handler 12 on default port 15110] ERROR OMAudit - user=runner | ip=127.0.0.1 | op=GET_FILE_STATUS {volume=volume01359, bucket=bucket03907, key=root_dir/b/c, dataSize=0, replicationConfig=null} | ret=FAILURE
org.apache.hadoop.ozone.om.exceptions.OMException: Unable to get file status: volume: volume01359 bucket: bucket03907 key: root_dir/b/c
	at org.apache.hadoop.ozone.om.KeyManagerImpl.getOzoneFileStatus(KeyManagerImpl.java:1195) ~[ozone-manager-1.4.0-SNAPSHOT.jar:?]
	at org.apache.hadoop.ozone.om.KeyManagerImpl.getFileStatus(KeyManagerImpl.java:1113) ~[ozone-manager-1.4.0-SNAPSHOT.jar:?]
	at org.apache.hadoop.ozone.om.OmMetadataReader.getFileStatus(OmMetadataReader.java:262) ~[ozone-manager-1.4.0-SNAPSHOT.jar:?]
	at org.apache.hadoop.ozone.om.OzoneManager.getFileStatus(OzoneManager.java:3513) ~[ozone-manager-1.4.0-SNAPSHOT.jar:?]
	at org.apache.hadoop.ozone.protocolPB.OzoneManagerRequestHandler.getOzoneFileStatus(OzoneManagerRequestHandler.java:973) ~[ozone-manager-1.4.0-SNAPSHOT.jar:?]
	at org.apache.hadoop.ozone.protocolPB.OzoneManagerRequestHandler.handleReadRequest(OzoneManagerRequestHandler.java:252) ~[ozone-manager-1.4.0-SNAPSHOT.jar:?]
	at org.apache.hadoop.ozone.protocolPB.OzoneManagerProtocolServerSideTranslatorPB.submitReadRequestToOM(OzoneManagerProtocolServerSideTranslatorPB.java:225) ~[ozone-manager-1.4.0-SNAPSHOT.jar:?]
	at org.apache.hadoop.ozone.protocolPB.OzoneManagerProtocolServerSideTranslatorPB.processRequest(OzoneManagerProtocolServerSideTranslatorPB.java:179) ~[ozone-manager-1.4.0-SNAPSHOT.jar:?]
	at org.apache.hadoop.hdds.server.OzoneProtocolMessageDispatcher.processRequest(OzoneProtocolMessageDispatcher.java:87) [hdds-server-framework-1.4.0-SNAPSHOT.jar:?]
	at org.apache.hadoop.ozone.protocolPB.OzoneManagerProtocolServerSideTranslatorPB.submitRequest(OzoneManagerProtocolServerSideTranslatorPB.java:148) [ozone-manager-1.4.0-SNAPSHOT.jar:?]
	at org.apache.hadoop.ozone.protocol.proto.OzoneManagerProtocolProtos$OzoneManagerService$2.callBlockingMethod(OzoneManagerProtocolProtos.java) [ozone-interface-client-1.4.0-SNAPSHOT.jar:?]
	at org.apache.hadoop.ipc.ProtobufRpcEngine$Server.processCall(ProtobufRpcEngine.java:484) [hadoop-common-3.3.6.jar:?]
	at org.apache.hadoop.ipc.ProtobufRpcEngine2$Server$ProtoBufRpcInvoker.call(ProtobufRpcEngine2.java:595) [hadoop-common-3.3.6.jar:?]
	at org.apache.hadoop.ipc.ProtobufRpcEngine2$Server$ProtoBufRpcInvoker.call(ProtobufRpcEngine2.java:573) [hadoop-common-3.3.6.jar:?]
	at org.apache.hadoop.ipc.RPC$Server.call(RPC.java:1227) [hadoop-common-3.3.6.jar:?]
	at org.apache.hadoop.ipc.Server$RpcCall.run(Server.java:1094) [hadoop-common-3.3.6.jar:?]
	at org.apache.hadoop.ipc.Server$RpcCall.run(Server.java:1017) [hadoop-common-3.3.6.jar:?]
	at java.security.AccessController.doPrivileged(Native Method) ~[?:1.8.0_382]
	at javax.security.auth.Subject.doAs(Subject.java:422) [?:1.8.0_382]
	at org.apache.hadoop.security.UserGroupInformation.doAs(UserGroupInformation.java:1899) [hadoop-common-3.3.6.jar:?]
	at org.apache.hadoop.ipc.Server$Handler.run(Server.java:3048) [hadoop-common-3.3.6.jar:?]
09:33:54.643 [IPC Server handler 13 on default port 15110] ERROR OMAudit - user=runner | ip=127.0.0.1 | op=GET_FILE_STATUS {volume=volume01359, bucket=bucket03907, key=root_dir/b, dataSize=0, replicationConfig=null} | ret=FAILURE
org.apache.hadoop.ozone.om.exceptions.OMException: Unable to get file status: volume: volume01359 bucket: bucket03907 key: root_dir/b
	at org.apache.hadoop.ozone.om.KeyManagerImpl.getOzoneFileStatus(KeyManagerImpl.java:1195) ~[ozone-manager-1.4.0-SNAPSHOT.jar:?]
	at org.apache.hadoop.ozone.om.KeyManagerImpl.getFileStatus(KeyManagerImpl.java:1113) ~[ozone-manager-1.4.0-SNAPSHOT.jar:?]
	at org.apache.hadoop.ozone.om.OmMetadataReader.getFileStatus(OmMetadataReader.java:262) ~[ozone-manager-1.4.0-SNAPSHOT.jar:?]
	at org.apache.hadoop.ozone.om.OzoneManager.getFileStatus(OzoneManager.java:3513) ~[ozone-manager-1.4.0-SNAPSHOT.jar:?]
	at org.apache.hadoop.ozone.protocolPB.OzoneManagerRequestHandler.getOzoneFileStatus(OzoneManagerRequestHandler.java:973) ~[ozone-manager-1.4.0-SNAPSHOT.jar:?]
	at org.apache.hadoop.ozone.protocolPB.OzoneManagerRequestHandler.handleReadRequest(OzoneManagerRequestHandler.java:252) ~[ozone-manager-1.4.0-SNAPSHOT.jar:?]
	at org.apache.hadoop.ozone.protocolPB.OzoneManagerProtocolServerSideTranslatorPB.submitReadRequestToOM(OzoneManagerProtocolServerSideTranslatorPB.java:225) ~[ozone-manager-1.4.0-SNAPSHOT.jar:?]
	at org.apache.hadoop.ozone.protocolPB.OzoneManagerProtocolServerSideTranslatorPB.processRequest(OzoneManagerProtocolServerSideTranslatorPB.java:179) ~[ozone-manager-1.4.0-SNAPSHOT.jar:?]
	at org.apache.hadoop.hdds.server.OzoneProtocolMessageDispatcher.processRequest(OzoneProtocolMessageDispatcher.java:87) [hdds-server-framework-1.4.0-SNAPSHOT.jar:?]
	at org.apache.hadoop.ozone.protocolPB.OzoneManagerProtocolServerSideTranslatorPB.submitRequest(OzoneManagerProtocolServerSideTranslatorPB.java:148) [ozone-manager-1.4.0-SNAPSHOT.jar:?]
	at org.apache.hadoop.ozone.protocol.proto.OzoneManagerProtocolProtos$OzoneManagerService$2.callBlockingMethod(OzoneManagerProtocolProtos.java) [ozone-interface-client-1.4.0-SNAPSHOT.jar:?]
	at org.apache.hadoop.ipc.ProtobufRpcEngine$Server.processCall(ProtobufRpcEngine.java:484) [hadoop-common-3.3.6.jar:?]
	at org.apache.hadoop.ipc.ProtobufRpcEngine2$Server$ProtoBufRpcInvoker.call(ProtobufRpcEngine2.java:595) [hadoop-common-3.3.6.jar:?]
	at org.apache.hadoop.ipc.ProtobufRpcEngine2$Server$ProtoBufRpcInvoker.call(ProtobufRpcEngine2.java:573) [hadoop-common-3.3.6.jar:?]
	at org.apache.hadoop.ipc.RPC$Server.call(RPC.java:1227) [hadoop-common-3.3.6.jar:?]
	at org.apache.hadoop.ipc.Server$RpcCall.run(Server.java:1094) [hadoop-common-3.3.6.jar:?]
	at org.apache.hadoop.ipc.Server$RpcCall.run(Server.java:1017) [hadoop-common-3.3.6.jar:?]
	at java.security.AccessController.doPrivileged(Native Method) ~[?:1.8.0_382]
	at javax.security.auth.Subject.doAs(Subject.java:422) [?:1.8.0_382]
	at org.apache.hadoop.security.UserGroupInformation.doAs(UserGroupInformation.java:1899) [hadoop-common-3.3.6.jar:?]
	at org.apache.hadoop.ipc.Server$Handler.run(Server.java:3048) [hadoop-common-3.3.6.jar:?]
09:33:54.651 [IPC Server handler 17 on default port 15110] ERROR OMAudit - user=runner | ip=127.0.0.1 | op=GET_FILE_STATUS {volume=volume01359, bucket=bucket03907, key=root_dir/file1/c, dataSize=0, replicationConfig=null} | ret=FAILURE
org.apache.hadoop.ozone.om.exceptions.OMException: Unable to get file status: volume: volume01359 bucket: bucket03907 key: root_dir/file1/c
	at org.apache.hadoop.ozone.om.KeyManagerImpl.getOzoneFileStatus(KeyManagerImpl.java:1195) ~[ozone-manager-1.4.0-SNAPSHOT.jar:?]
	at org.apache.hadoop.ozone.om.KeyManagerImpl.getFileStatus(KeyManagerImpl.java:1113) ~[ozone-manager-1.4.0-SNAPSHOT.jar:?]
	at org.apache.hadoop.ozone.om.OmMetadataReader.getFileStatus(OmMetadataReader.java:262) ~[ozone-manager-1.4.0-SNAPSHOT.jar:?]
	at org.apache.hadoop.ozone.om.OzoneManager.getFileStatus(OzoneManager.java:3513) ~[ozone-manager-1.4.0-SNAPSHOT.jar:?]
	at org.apache.hadoop.ozone.protocolPB.OzoneManagerRequestHandler.getOzoneFileStatus(OzoneManagerRequestHandler.java:973) ~[ozone-manager-1.4.0-SNAPSHOT.jar:?]
	at org.apache.hadoop.ozone.protocolPB.OzoneManagerRequestHandler.handleReadRequest(OzoneManagerRequestHandler.java:252) ~[ozone-manager-1.4.0-SNAPSHOT.jar:?]
	at org.apache.hadoop.ozone.protocolPB.OzoneManagerProtocolServerSideTranslatorPB.submitReadRequestToOM(OzoneManagerProtocolServerSideTranslatorPB.java:225) ~[ozone-manager-1.4.0-SNAPSHOT.jar:?]
	at org.apache.hadoop.ozone.protocolPB.OzoneManagerProtocolServerSideTranslatorPB.processRequest(OzoneManagerProtocolServerSideTranslatorPB.java:179) ~[ozone-manager-1.4.0-SNAPSHOT.jar:?]
	at org.apache.hadoop.hdds.server.OzoneProtocolMessageDispatcher.processRequest(OzoneProtocolMessageDispatcher.java:87) [hdds-server-framework-1.4.0-SNAPSHOT.jar:?]
	at org.apache.hadoop.ozone.protocolPB.OzoneManagerProtocolServerSideTranslatorPB.submitRequest(OzoneManagerProtocolServerSideTranslatorPB.java:148) [ozone-manager-1.4.0-SNAPSHOT.jar:?]
	at org.apache.hadoop.ozone.protocol.proto.OzoneManagerProtocolProtos$OzoneManagerService$2.callBlockingMethod(OzoneManagerProtocolProtos.java) [ozone-interface-client-1.4.0-SNAPSHOT.jar:?]
	at org.apache.hadoop.ipc.ProtobufRpcEngine$Server.processCall(ProtobufRpcEngine.java:484) [hadoop-common-3.3.6.jar:?]
	at org.apache.hadoop.ipc.ProtobufRpcEngine2$Server$ProtoBufRpcInvoker.call(ProtobufRpcEngine2.java:595) [hadoop-common-3.3.6.jar:?]
	at org.apache.hadoop.ipc.ProtobufRpcEngine2$Server$ProtoBufRpcInvoker.call(ProtobufRpcEngine2.java:573) [hadoop-common-3.3.6.jar:?]
	at org.apache.hadoop.ipc.RPC$Server.call(RPC.java:1227) [hadoop-common-3.3.6.jar:?]
	at org.apache.hadoop.ipc.Server$RpcCall.run(Server.java:1094) [hadoop-common-3.3.6.jar:?]
	at org.apache.hadoop.ipc.Server$RpcCall.run(Server.java:1017) [hadoop-common-3.3.6.jar:?]
	at java.security.AccessController.doPrivileged(Native Method) ~[?:1.8.0_382]
	at javax.security.auth.Subject.doAs(Subject.java:422) [?:1.8.0_382]
	at org.apache.hadoop.security.UserGroupInformation.doAs(UserGroupInformation.java:1899) [hadoop-common-3.3.6.jar:?]
	at org.apache.hadoop.ipc.Server$Handler.run(Server.java:3048) [hadoop-common-3.3.6.jar:?]
]]></system-out>
  </testcase>
  <testcase name="testRenameDestinationParentDoesntExist" classname="TestOzoneFileSystem" time="0.02">
    <system-out><![CDATA[09:35:05.416 [IPC Server handler 14 on default port 15163] ERROR OMAudit - user=runner | ip=127.0.0.1 | op=GET_FILE_STATUS {volume=volume82570, bucket=bucket71984, key=root_dir/b/c, dataSize=0, replicationConfig=null} | ret=FAILURE
org.apache.hadoop.ozone.om.exceptions.OMException: Unable to get file status: volume: volume82570 bucket: bucket71984 key: root_dir/b/c
	at org.apache.hadoop.ozone.om.KeyManagerImpl.getOzoneFileStatus(KeyManagerImpl.java:1195) ~[ozone-manager-1.4.0-SNAPSHOT.jar:?]
	at org.apache.hadoop.ozone.om.KeyManagerImpl.getFileStatus(KeyManagerImpl.java:1113) ~[ozone-manager-1.4.0-SNAPSHOT.jar:?]
	at org.apache.hadoop.ozone.om.OmMetadataReader.getFileStatus(OmMetadataReader.java:262) ~[ozone-manager-1.4.0-SNAPSHOT.jar:?]
	at org.apache.hadoop.ozone.om.OzoneManager.getFileStatus(OzoneManager.java:3513) ~[ozone-manager-1.4.0-SNAPSHOT.jar:?]
	at org.apache.hadoop.ozone.protocolPB.OzoneManagerRequestHandler.getOzoneFileStatus(OzoneManagerRequestHandler.java:973) ~[ozone-manager-1.4.0-SNAPSHOT.jar:?]
	at org.apache.hadoop.ozone.protocolPB.OzoneManagerRequestHandler.handleReadRequest(OzoneManagerRequestHandler.java:252) ~[ozone-manager-1.4.0-SNAPSHOT.jar:?]
	at org.apache.hadoop.ozone.protocolPB.OzoneManagerProtocolServerSideTranslatorPB.submitRequestDirectlyToOM(OzoneManagerProtocolServerSideTranslatorPB.java:274) ~[ozone-manager-1.4.0-SNAPSHOT.jar:?]
	at org.apache.hadoop.ozone.protocolPB.OzoneManagerProtocolServerSideTranslatorPB.processRequest(OzoneManagerProtocolServerSideTranslatorPB.java:175) ~[ozone-manager-1.4.0-SNAPSHOT.jar:?]
	at org.apache.hadoop.hdds.server.OzoneProtocolMessageDispatcher.processRequest(OzoneProtocolMessageDispatcher.java:87) [hdds-server-framework-1.4.0-SNAPSHOT.jar:?]
	at org.apache.hadoop.ozone.protocolPB.OzoneManagerProtocolServerSideTranslatorPB.submitRequest(OzoneManagerProtocolServerSideTranslatorPB.java:148) [ozone-manager-1.4.0-SNAPSHOT.jar:?]
	at org.apache.hadoop.ozone.protocol.proto.OzoneManagerProtocolProtos$OzoneManagerService$2.callBlockingMethod(OzoneManagerProtocolProtos.java) [ozone-interface-client-1.4.0-SNAPSHOT.jar:?]
	at org.apache.hadoop.ipc.ProtobufRpcEngine$Server.processCall(ProtobufRpcEngine.java:484) [hadoop-common-3.3.6.jar:?]
	at org.apache.hadoop.ipc.ProtobufRpcEngine2$Server$ProtoBufRpcInvoker.call(ProtobufRpcEngine2.java:595) [hadoop-common-3.3.6.jar:?]
	at org.apache.hadoop.ipc.ProtobufRpcEngine2$Server$ProtoBufRpcInvoker.call(ProtobufRpcEngine2.java:573) [hadoop-common-3.3.6.jar:?]
	at org.apache.hadoop.ipc.RPC$Server.call(RPC.java:1227) [hadoop-common-3.3.6.jar:?]
	at org.apache.hadoop.ipc.Server$RpcCall.run(Server.java:1094) [hadoop-common-3.3.6.jar:?]
	at org.apache.hadoop.ipc.Server$RpcCall.run(Server.java:1017) [hadoop-common-3.3.6.jar:?]
	at java.security.AccessController.doPrivileged(Native Method) ~[?:1.8.0_382]
	at javax.security.auth.Subject.doAs(Subject.java:422) [?:1.8.0_382]
	at org.apache.hadoop.security.UserGroupInformation.doAs(UserGroupInformation.java:1899) [hadoop-common-3.3.6.jar:?]
	at org.apache.hadoop.ipc.Server$Handler.run(Server.java:3048) [hadoop-common-3.3.6.jar:?]
09:35:05.417 [IPC Server handler 10 on default port 15163] ERROR OMAudit - user=runner | ip=127.0.0.1 | op=GET_FILE_STATUS {volume=volume82570, bucket=bucket71984, key=root_dir/b, dataSize=0, replicationConfig=null} | ret=FAILURE
org.apache.hadoop.ozone.om.exceptions.OMException: Unable to get file status: volume: volume82570 bucket: bucket71984 key: root_dir/b
	at org.apache.hadoop.ozone.om.KeyManagerImpl.getOzoneFileStatus(KeyManagerImpl.java:1195) ~[ozone-manager-1.4.0-SNAPSHOT.jar:?]
	at org.apache.hadoop.ozone.om.KeyManagerImpl.getFileStatus(KeyManagerImpl.java:1113) ~[ozone-manager-1.4.0-SNAPSHOT.jar:?]
	at org.apache.hadoop.ozone.om.OmMetadataReader.getFileStatus(OmMetadataReader.java:262) ~[ozone-manager-1.4.0-SNAPSHOT.jar:?]
	at org.apache.hadoop.ozone.om.OzoneManager.getFileStatus(OzoneManager.java:3513) ~[ozone-manager-1.4.0-SNAPSHOT.jar:?]
	at org.apache.hadoop.ozone.protocolPB.OzoneManagerRequestHandler.getOzoneFileStatus(OzoneManagerRequestHandler.java:973) ~[ozone-manager-1.4.0-SNAPSHOT.jar:?]
	at org.apache.hadoop.ozone.protocolPB.OzoneManagerRequestHandler.handleReadRequest(OzoneManagerRequestHandler.java:252) ~[ozone-manager-1.4.0-SNAPSHOT.jar:?]
	at org.apache.hadoop.ozone.protocolPB.OzoneManagerProtocolServerSideTranslatorPB.submitRequestDirectlyToOM(OzoneManagerProtocolServerSideTranslatorPB.java:274) ~[ozone-manager-1.4.0-SNAPSHOT.jar:?]
	at org.apache.hadoop.ozone.protocolPB.OzoneManagerProtocolServerSideTranslatorPB.processRequest(OzoneManagerProtocolServerSideTranslatorPB.java:175) ~[ozone-manager-1.4.0-SNAPSHOT.jar:?]
	at org.apache.hadoop.hdds.server.OzoneProtocolMessageDispatcher.processRequest(OzoneProtocolMessageDispatcher.java:87) [hdds-server-framework-1.4.0-SNAPSHOT.jar:?]
	at org.apache.hadoop.ozone.protocolPB.OzoneManagerProtocolServerSideTranslatorPB.submitRequest(OzoneManagerProtocolServerSideTranslatorPB.java:148) [ozone-manager-1.4.0-SNAPSHOT.jar:?]
	at org.apache.hadoop.ozone.protocol.proto.OzoneManagerProtocolProtos$OzoneManagerService$2.callBlockingMethod(OzoneManagerProtocolProtos.java) [ozone-interface-client-1.4.0-SNAPSHOT.jar:?]
	at org.apache.hadoop.ipc.ProtobufRpcEngine$Server.processCall(ProtobufRpcEngine.java:484) [hadoop-common-3.3.6.jar:?]
	at org.apache.hadoop.ipc.ProtobufRpcEngine2$Server$ProtoBufRpcInvoker.call(ProtobufRpcEngine2.java:595) [hadoop-common-3.3.6.jar:?]
	at org.apache.hadoop.ipc.ProtobufRpcEngine2$Server$ProtoBufRpcInvoker.call(ProtobufRpcEngine2.java:573) [hadoop-common-3.3.6.jar:?]
	at org.apache.hadoop.ipc.RPC$Server.call(RPC.java:1227) [hadoop-common-3.3.6.jar:?]
	at org.apache.hadoop.ipc.Server$RpcCall.run(Server.java:1094) [hadoop-common-3.3.6.jar:?]
	at org.apache.hadoop.ipc.Server$RpcCall.run(Server.java:1017) [hadoop-common-3.3.6.jar:?]
	at java.security.AccessController.doPrivileged(Native Method) ~[?:1.8.0_382]
	at javax.security.auth.Subject.doAs(Subject.java:422) [?:1.8.0_382]
	at org.apache.hadoop.security.UserGroupInformation.doAs(UserGroupInformation.java:1899) [hadoop-common-3.3.6.jar:?]
	at org.apache.hadoop.ipc.Server$Handler.run(Server.java:3048) [hadoop-common-3.3.6.jar:?]
09:35:05.427 [IPC Server handler 17 on default port 15163] ERROR OMAudit - user=runner | ip=127.0.0.1 | op=GET_FILE_STATUS {volume=volume82570, bucket=bucket71984, key=root_dir/file1/c, dataSize=0, replicationConfig=null} | ret=FAILURE
org.apache.hadoop.ozone.om.exceptions.OMException: Unable to get file status: volume: volume82570 bucket: bucket71984 key: root_dir/file1/c
	at org.apache.hadoop.ozone.om.KeyManagerImpl.getOzoneFileStatus(KeyManagerImpl.java:1195) ~[ozone-manager-1.4.0-SNAPSHOT.jar:?]
	at org.apache.hadoop.ozone.om.KeyManagerImpl.getFileStatus(KeyManagerImpl.java:1113) ~[ozone-manager-1.4.0-SNAPSHOT.jar:?]
	at org.apache.hadoop.ozone.om.OmMetadataReader.getFileStatus(OmMetadataReader.java:262) ~[ozone-manager-1.4.0-SNAPSHOT.jar:?]
	at org.apache.hadoop.ozone.om.OzoneManager.getFileStatus(OzoneManager.java:3513) ~[ozone-manager-1.4.0-SNAPSHOT.jar:?]
	at org.apache.hadoop.ozone.protocolPB.OzoneManagerRequestHandler.getOzoneFileStatus(OzoneManagerRequestHandler.java:973) ~[ozone-manager-1.4.0-SNAPSHOT.jar:?]
	at org.apache.hadoop.ozone.protocolPB.OzoneManagerRequestHandler.handleReadRequest(OzoneManagerRequestHandler.java:252) ~[ozone-manager-1.4.0-SNAPSHOT.jar:?]
	at org.apache.hadoop.ozone.protocolPB.OzoneManagerProtocolServerSideTranslatorPB.submitRequestDirectlyToOM(OzoneManagerProtocolServerSideTranslatorPB.java:274) ~[ozone-manager-1.4.0-SNAPSHOT.jar:?]
	at org.apache.hadoop.ozone.protocolPB.OzoneManagerProtocolServerSideTranslatorPB.processRequest(OzoneManagerProtocolServerSideTranslatorPB.java:175) ~[ozone-manager-1.4.0-SNAPSHOT.jar:?]
	at org.apache.hadoop.hdds.server.OzoneProtocolMessageDispatcher.processRequest(OzoneProtocolMessageDispatcher.java:87) [hdds-server-framework-1.4.0-SNAPSHOT.jar:?]
	at org.apache.hadoop.ozone.protocolPB.OzoneManagerProtocolServerSideTranslatorPB.submitRequest(OzoneManagerProtocolServerSideTranslatorPB.java:148) [ozone-manager-1.4.0-SNAPSHOT.jar:?]
	at org.apache.hadoop.ozone.protocol.proto.OzoneManagerProtocolProtos$OzoneManagerService$2.callBlockingMethod(OzoneManagerProtocolProtos.java) [ozone-interface-client-1.4.0-SNAPSHOT.jar:?]
	at org.apache.hadoop.ipc.ProtobufRpcEngine$Server.processCall(ProtobufRpcEngine.java:484) [hadoop-common-3.3.6.jar:?]
	at org.apache.hadoop.ipc.ProtobufRpcEngine2$Server$ProtoBufRpcInvoker.call(ProtobufRpcEngine2.java:595) [hadoop-common-3.3.6.jar:?]
	at org.apache.hadoop.ipc.ProtobufRpcEngine2$Server$ProtoBufRpcInvoker.call(ProtobufRpcEngine2.java:573) [hadoop-common-3.3.6.jar:?]
	at org.apache.hadoop.ipc.RPC$Server.call(RPC.java:1227) [hadoop-common-3.3.6.jar:?]
	at org.apache.hadoop.ipc.Server$RpcCall.run(Server.java:1094) [hadoop-common-3.3.6.jar:?]
	at org.apache.hadoop.ipc.Server$RpcCall.run(Server.java:1017) [hadoop-common-3.3.6.jar:?]
	at java.security.AccessController.doPrivileged(Native Method) ~[?:1.8.0_382]
	at javax.security.auth.Subject.doAs(Subject.java:422) [?:1.8.0_382]
	at org.apache.hadoop.security.UserGroupInformation.doAs(UserGroupInformation.java:1899) [hadoop-common-3.3.6.jar:?]
	at org.apache.hadoop.ipc.Server$Handler.run(Server.java:3048) [hadoop-common-3.3.6.jar:?]
]]></system-out>
  </testcase>
  <testcase name="testCreateWithInvalidPaths" classname="TestOzoneFileSystem" time="0.015"/>
  <testcase name="testCreateWithInvalidPaths" classname="TestOzoneFileSystem" time="0.002"/>
  <testcase name="testCreateWithInvalidPaths" classname="TestOzoneFileSystem" time="0.002"/>
  <testcase name="testCreateWithInvalidPaths" classname="TestOzoneFileSystem" time="0.002"/>
  <testcase name="testListStatusOnRoot" classname="TestOzoneFileSystem" time="0.045"/>
  <testcase name="testListStatusOnRoot" classname="TestOzoneFileSystem" time="0.014"/>
  <testcase name="testListStatusOnRoot" classname="TestOzoneFileSystem" time="0.014"/>
  <testcase name="testListStatusOnRoot" classname="TestOzoneFileSystem" time="0.01"/>
  <testcase name="testRenameWithNonExistentSource" classname="TestOzoneFileSystem" time="0.041">
    <system-out><![CDATA[2023-08-28 09:31:21,525 [Time-limited test] INFO  ozone.TestOzoneFileSystem (TestOzoneFileSystem.java:testRenameWithNonExistentSource(1156)) - Created destin dir: o3fs://bucket05606.volume76952/root/dir2
2023-08-28 09:31:21,526 [Time-limited test] INFO  ozone.TestOzoneFileSystem (TestOzoneFileSystem.java:testRenameWithNonExistentSource(1158)) - Rename op-> source:o3fs://bucket05606.volume76952/root/dir1 to destin:o3fs://bucket05606.volume76952/root/dir2}
09:31:21.527 [IPC Server handler 3 on default port 15004] ERROR OMAudit - user=runner | ip=127.0.0.1 | op=GET_FILE_STATUS {volume=volume76952, bucket=bucket05606, key=root/dir1, dataSize=0, replicationConfig=null} | ret=FAILURE
org.apache.hadoop.ozone.om.exceptions.OMException: Unable to get file status: volume: volume76952 bucket: bucket05606 key: root/dir1
	at org.apache.hadoop.ozone.om.KeyManagerImpl.getOzoneFileStatus(KeyManagerImpl.java:1195) ~[ozone-manager-1.4.0-SNAPSHOT.jar:?]
	at org.apache.hadoop.ozone.om.KeyManagerImpl.getFileStatus(KeyManagerImpl.java:1113) ~[ozone-manager-1.4.0-SNAPSHOT.jar:?]
	at org.apache.hadoop.ozone.om.OmMetadataReader.getFileStatus(OmMetadataReader.java:262) ~[ozone-manager-1.4.0-SNAPSHOT.jar:?]
	at org.apache.hadoop.ozone.om.OzoneManager.getFileStatus(OzoneManager.java:3513) ~[ozone-manager-1.4.0-SNAPSHOT.jar:?]
	at org.apache.hadoop.ozone.protocolPB.OzoneManagerRequestHandler.getOzoneFileStatus(OzoneManagerRequestHandler.java:973) ~[ozone-manager-1.4.0-SNAPSHOT.jar:?]
	at org.apache.hadoop.ozone.protocolPB.OzoneManagerRequestHandler.handleReadRequest(OzoneManagerRequestHandler.java:252) ~[ozone-manager-1.4.0-SNAPSHOT.jar:?]
	at org.apache.hadoop.ozone.protocolPB.OzoneManagerProtocolServerSideTranslatorPB.submitReadRequestToOM(OzoneManagerProtocolServerSideTranslatorPB.java:225) ~[ozone-manager-1.4.0-SNAPSHOT.jar:?]
	at org.apache.hadoop.ozone.protocolPB.OzoneManagerProtocolServerSideTranslatorPB.processRequest(OzoneManagerProtocolServerSideTranslatorPB.java:179) ~[ozone-manager-1.4.0-SNAPSHOT.jar:?]
	at org.apache.hadoop.hdds.server.OzoneProtocolMessageDispatcher.processRequest(OzoneProtocolMessageDispatcher.java:87) [hdds-server-framework-1.4.0-SNAPSHOT.jar:?]
	at org.apache.hadoop.ozone.protocolPB.OzoneManagerProtocolServerSideTranslatorPB.submitRequest(OzoneManagerProtocolServerSideTranslatorPB.java:148) [ozone-manager-1.4.0-SNAPSHOT.jar:?]
	at org.apache.hadoop.ozone.protocol.proto.OzoneManagerProtocolProtos$OzoneManagerService$2.callBlockingMethod(OzoneManagerProtocolProtos.java) [ozone-interface-client-1.4.0-SNAPSHOT.jar:?]
	at org.apache.hadoop.ipc.ProtobufRpcEngine$Server.processCall(ProtobufRpcEngine.java:484) [hadoop-common-3.3.6.jar:?]
	at org.apache.hadoop.ipc.ProtobufRpcEngine2$Server$ProtoBufRpcInvoker.call(ProtobufRpcEngine2.java:595) [hadoop-common-3.3.6.jar:?]
	at org.apache.hadoop.ipc.ProtobufRpcEngine2$Server$ProtoBufRpcInvoker.call(ProtobufRpcEngine2.java:573) [hadoop-common-3.3.6.jar:?]
	at org.apache.hadoop.ipc.RPC$Server.call(RPC.java:1227) [hadoop-common-3.3.6.jar:?]
	at org.apache.hadoop.ipc.Server$RpcCall.run(Server.java:1094) [hadoop-common-3.3.6.jar:?]
	at org.apache.hadoop.ipc.Server$RpcCall.run(Server.java:1017) [hadoop-common-3.3.6.jar:?]
	at java.security.AccessController.doPrivileged(Native Method) ~[?:1.8.0_382]
	at javax.security.auth.Subject.doAs(Subject.java:422) [?:1.8.0_382]
	at org.apache.hadoop.security.UserGroupInformation.doAs(UserGroupInformation.java:1899) [hadoop-common-3.3.6.jar:?]
	at org.apache.hadoop.ipc.Server$Handler.run(Server.java:3048) [hadoop-common-3.3.6.jar:?]
]]></system-out>
  </testcase>
  <testcase name="testRenameWithNonExistentSource" classname="TestOzoneFileSystem" time="0.009">
    <system-out><![CDATA[2023-08-28 09:32:47,343 [Time-limited test] INFO  ozone.TestOzoneFileSystem (TestOzoneFileSystem.java:testRenameWithNonExistentSource(1156)) - Created destin dir: o3fs://bucket62222.volume78214/root/dir2
2023-08-28 09:32:47,344 [Time-limited test] INFO  ozone.TestOzoneFileSystem (TestOzoneFileSystem.java:testRenameWithNonExistentSource(1158)) - Rename op-> source:o3fs://bucket62222.volume78214/root/dir1 to destin:o3fs://bucket62222.volume78214/root/dir2}
09:32:47.344 [IPC Server handler 13 on default port 15057] ERROR OMAudit - user=runner | ip=127.0.0.1 | op=GET_FILE_STATUS {volume=volume78214, bucket=bucket62222, key=root/dir1, dataSize=0, replicationConfig=null} | ret=FAILURE
org.apache.hadoop.ozone.om.exceptions.OMException: Unable to get file status: volume: volume78214 bucket: bucket62222 key: root/dir1
	at org.apache.hadoop.ozone.om.KeyManagerImpl.getOzoneFileStatus(KeyManagerImpl.java:1195) ~[ozone-manager-1.4.0-SNAPSHOT.jar:?]
	at org.apache.hadoop.ozone.om.KeyManagerImpl.getFileStatus(KeyManagerImpl.java:1113) ~[ozone-manager-1.4.0-SNAPSHOT.jar:?]
	at org.apache.hadoop.ozone.om.OmMetadataReader.getFileStatus(OmMetadataReader.java:262) ~[ozone-manager-1.4.0-SNAPSHOT.jar:?]
	at org.apache.hadoop.ozone.om.OzoneManager.getFileStatus(OzoneManager.java:3513) ~[ozone-manager-1.4.0-SNAPSHOT.jar:?]
	at org.apache.hadoop.ozone.protocolPB.OzoneManagerRequestHandler.getOzoneFileStatus(OzoneManagerRequestHandler.java:973) ~[ozone-manager-1.4.0-SNAPSHOT.jar:?]
	at org.apache.hadoop.ozone.protocolPB.OzoneManagerRequestHandler.handleReadRequest(OzoneManagerRequestHandler.java:252) ~[ozone-manager-1.4.0-SNAPSHOT.jar:?]
	at org.apache.hadoop.ozone.protocolPB.OzoneManagerProtocolServerSideTranslatorPB.submitRequestDirectlyToOM(OzoneManagerProtocolServerSideTranslatorPB.java:274) ~[ozone-manager-1.4.0-SNAPSHOT.jar:?]
	at org.apache.hadoop.ozone.protocolPB.OzoneManagerProtocolServerSideTranslatorPB.processRequest(OzoneManagerProtocolServerSideTranslatorPB.java:175) ~[ozone-manager-1.4.0-SNAPSHOT.jar:?]
	at org.apache.hadoop.hdds.server.OzoneProtocolMessageDispatcher.processRequest(OzoneProtocolMessageDispatcher.java:87) [hdds-server-framework-1.4.0-SNAPSHOT.jar:?]
	at org.apache.hadoop.ozone.protocolPB.OzoneManagerProtocolServerSideTranslatorPB.submitRequest(OzoneManagerProtocolServerSideTranslatorPB.java:148) [ozone-manager-1.4.0-SNAPSHOT.jar:?]
	at org.apache.hadoop.ozone.protocol.proto.OzoneManagerProtocolProtos$OzoneManagerService$2.callBlockingMethod(OzoneManagerProtocolProtos.java) [ozone-interface-client-1.4.0-SNAPSHOT.jar:?]
	at org.apache.hadoop.ipc.ProtobufRpcEngine$Server.processCall(ProtobufRpcEngine.java:484) [hadoop-common-3.3.6.jar:?]
	at org.apache.hadoop.ipc.ProtobufRpcEngine2$Server$ProtoBufRpcInvoker.call(ProtobufRpcEngine2.java:595) [hadoop-common-3.3.6.jar:?]
	at org.apache.hadoop.ipc.ProtobufRpcEngine2$Server$ProtoBufRpcInvoker.call(ProtobufRpcEngine2.java:573) [hadoop-common-3.3.6.jar:?]
	at org.apache.hadoop.ipc.RPC$Server.call(RPC.java:1227) [hadoop-common-3.3.6.jar:?]
	at org.apache.hadoop.ipc.Server$RpcCall.run(Server.java:1094) [hadoop-common-3.3.6.jar:?]
	at org.apache.hadoop.ipc.Server$RpcCall.run(Server.java:1017) [hadoop-common-3.3.6.jar:?]
	at java.security.AccessController.doPrivileged(Native Method) ~[?:1.8.0_382]
	at javax.security.auth.Subject.doAs(Subject.java:422) [?:1.8.0_382]
	at org.apache.hadoop.security.UserGroupInformation.doAs(UserGroupInformation.java:1899) [hadoop-common-3.3.6.jar:?]
	at org.apache.hadoop.ipc.Server$Handler.run(Server.java:3048) [hadoop-common-3.3.6.jar:?]
]]></system-out>
  </testcase>
  <testcase name="testRenameWithNonExistentSource" classname="TestOzoneFileSystem" time="0.018">
    <system-out><![CDATA[2023-08-28 09:33:54,684 [Time-limited test] INFO  ozone.TestOzoneFileSystem (TestOzoneFileSystem.java:testRenameWithNonExistentSource(1156)) - Created destin dir: o3fs://bucket03907.volume01359/root/dir2
2023-08-28 09:33:54,684 [Time-limited test] INFO  ozone.TestOzoneFileSystem (TestOzoneFileSystem.java:testRenameWithNonExistentSource(1158)) - Rename op-> source:o3fs://bucket03907.volume01359/root/dir1 to destin:o3fs://bucket03907.volume01359/root/dir2}
09:33:54.685 [IPC Server handler 3 on default port 15110] ERROR OMAudit - user=runner | ip=127.0.0.1 | op=GET_FILE_STATUS {volume=volume01359, bucket=bucket03907, key=root/dir1, dataSize=0, replicationConfig=null} | ret=FAILURE
org.apache.hadoop.ozone.om.exceptions.OMException: Unable to get file status: volume: volume01359 bucket: bucket03907 key: root/dir1
	at org.apache.hadoop.ozone.om.KeyManagerImpl.getOzoneFileStatus(KeyManagerImpl.java:1195) ~[ozone-manager-1.4.0-SNAPSHOT.jar:?]
	at org.apache.hadoop.ozone.om.KeyManagerImpl.getFileStatus(KeyManagerImpl.java:1113) ~[ozone-manager-1.4.0-SNAPSHOT.jar:?]
	at org.apache.hadoop.ozone.om.OmMetadataReader.getFileStatus(OmMetadataReader.java:262) ~[ozone-manager-1.4.0-SNAPSHOT.jar:?]
	at org.apache.hadoop.ozone.om.OzoneManager.getFileStatus(OzoneManager.java:3513) ~[ozone-manager-1.4.0-SNAPSHOT.jar:?]
	at org.apache.hadoop.ozone.protocolPB.OzoneManagerRequestHandler.getOzoneFileStatus(OzoneManagerRequestHandler.java:973) ~[ozone-manager-1.4.0-SNAPSHOT.jar:?]
	at org.apache.hadoop.ozone.protocolPB.OzoneManagerRequestHandler.handleReadRequest(OzoneManagerRequestHandler.java:252) ~[ozone-manager-1.4.0-SNAPSHOT.jar:?]
	at org.apache.hadoop.ozone.protocolPB.OzoneManagerProtocolServerSideTranslatorPB.submitReadRequestToOM(OzoneManagerProtocolServerSideTranslatorPB.java:225) ~[ozone-manager-1.4.0-SNAPSHOT.jar:?]
	at org.apache.hadoop.ozone.protocolPB.OzoneManagerProtocolServerSideTranslatorPB.processRequest(OzoneManagerProtocolServerSideTranslatorPB.java:179) ~[ozone-manager-1.4.0-SNAPSHOT.jar:?]
	at org.apache.hadoop.hdds.server.OzoneProtocolMessageDispatcher.processRequest(OzoneProtocolMessageDispatcher.java:87) [hdds-server-framework-1.4.0-SNAPSHOT.jar:?]
	at org.apache.hadoop.ozone.protocolPB.OzoneManagerProtocolServerSideTranslatorPB.submitRequest(OzoneManagerProtocolServerSideTranslatorPB.java:148) [ozone-manager-1.4.0-SNAPSHOT.jar:?]
	at org.apache.hadoop.ozone.protocol.proto.OzoneManagerProtocolProtos$OzoneManagerService$2.callBlockingMethod(OzoneManagerProtocolProtos.java) [ozone-interface-client-1.4.0-SNAPSHOT.jar:?]
	at org.apache.hadoop.ipc.ProtobufRpcEngine$Server.processCall(ProtobufRpcEngine.java:484) [hadoop-common-3.3.6.jar:?]
	at org.apache.hadoop.ipc.ProtobufRpcEngine2$Server$ProtoBufRpcInvoker.call(ProtobufRpcEngine2.java:595) [hadoop-common-3.3.6.jar:?]
	at org.apache.hadoop.ipc.ProtobufRpcEngine2$Server$ProtoBufRpcInvoker.call(ProtobufRpcEngine2.java:573) [hadoop-common-3.3.6.jar:?]
	at org.apache.hadoop.ipc.RPC$Server.call(RPC.java:1227) [hadoop-common-3.3.6.jar:?]
	at org.apache.hadoop.ipc.Server$RpcCall.run(Server.java:1094) [hadoop-common-3.3.6.jar:?]
	at org.apache.hadoop.ipc.Server$RpcCall.run(Server.java:1017) [hadoop-common-3.3.6.jar:?]
	at java.security.AccessController.doPrivileged(Native Method) ~[?:1.8.0_382]
	at javax.security.auth.Subject.doAs(Subject.java:422) [?:1.8.0_382]
	at org.apache.hadoop.security.UserGroupInformation.doAs(UserGroupInformation.java:1899) [hadoop-common-3.3.6.jar:?]
	at org.apache.hadoop.ipc.Server$Handler.run(Server.java:3048) [hadoop-common-3.3.6.jar:?]
]]></system-out>
  </testcase>
  <testcase name="testRenameWithNonExistentSource" classname="TestOzoneFileSystem" time="0.008">
    <system-out><![CDATA[2023-08-28 09:35:05,447 [Time-limited test] INFO  ozone.TestOzoneFileSystem (TestOzoneFileSystem.java:testRenameWithNonExistentSource(1156)) - Created destin dir: o3fs://bucket71984.volume82570/root/dir2
2023-08-28 09:35:05,448 [Time-limited test] INFO  ozone.TestOzoneFileSystem (TestOzoneFileSystem.java:testRenameWithNonExistentSource(1158)) - Rename op-> source:o3fs://bucket71984.volume82570/root/dir1 to destin:o3fs://bucket71984.volume82570/root/dir2}
09:35:05.448 [IPC Server handler 5 on default port 15163] ERROR OMAudit - user=runner | ip=127.0.0.1 | op=GET_FILE_STATUS {volume=volume82570, bucket=bucket71984, key=root/dir1, dataSize=0, replicationConfig=null} | ret=FAILURE
org.apache.hadoop.ozone.om.exceptions.OMException: Unable to get file status: volume: volume82570 bucket: bucket71984 key: root/dir1
	at org.apache.hadoop.ozone.om.KeyManagerImpl.getOzoneFileStatus(KeyManagerImpl.java:1195) ~[ozone-manager-1.4.0-SNAPSHOT.jar:?]
	at org.apache.hadoop.ozone.om.KeyManagerImpl.getFileStatus(KeyManagerImpl.java:1113) ~[ozone-manager-1.4.0-SNAPSHOT.jar:?]
	at org.apache.hadoop.ozone.om.OmMetadataReader.getFileStatus(OmMetadataReader.java:262) ~[ozone-manager-1.4.0-SNAPSHOT.jar:?]
	at org.apache.hadoop.ozone.om.OzoneManager.getFileStatus(OzoneManager.java:3513) ~[ozone-manager-1.4.0-SNAPSHOT.jar:?]
	at org.apache.hadoop.ozone.protocolPB.OzoneManagerRequestHandler.getOzoneFileStatus(OzoneManagerRequestHandler.java:973) ~[ozone-manager-1.4.0-SNAPSHOT.jar:?]
	at org.apache.hadoop.ozone.protocolPB.OzoneManagerRequestHandler.handleReadRequest(OzoneManagerRequestHandler.java:252) ~[ozone-manager-1.4.0-SNAPSHOT.jar:?]
	at org.apache.hadoop.ozone.protocolPB.OzoneManagerProtocolServerSideTranslatorPB.submitRequestDirectlyToOM(OzoneManagerProtocolServerSideTranslatorPB.java:274) ~[ozone-manager-1.4.0-SNAPSHOT.jar:?]
	at org.apache.hadoop.ozone.protocolPB.OzoneManagerProtocolServerSideTranslatorPB.processRequest(OzoneManagerProtocolServerSideTranslatorPB.java:175) ~[ozone-manager-1.4.0-SNAPSHOT.jar:?]
	at org.apache.hadoop.hdds.server.OzoneProtocolMessageDispatcher.processRequest(OzoneProtocolMessageDispatcher.java:87) [hdds-server-framework-1.4.0-SNAPSHOT.jar:?]
	at org.apache.hadoop.ozone.protocolPB.OzoneManagerProtocolServerSideTranslatorPB.submitRequest(OzoneManagerProtocolServerSideTranslatorPB.java:148) [ozone-manager-1.4.0-SNAPSHOT.jar:?]
	at org.apache.hadoop.ozone.protocol.proto.OzoneManagerProtocolProtos$OzoneManagerService$2.callBlockingMethod(OzoneManagerProtocolProtos.java) [ozone-interface-client-1.4.0-SNAPSHOT.jar:?]
	at org.apache.hadoop.ipc.ProtobufRpcEngine$Server.processCall(ProtobufRpcEngine.java:484) [hadoop-common-3.3.6.jar:?]
	at org.apache.hadoop.ipc.ProtobufRpcEngine2$Server$ProtoBufRpcInvoker.call(ProtobufRpcEngine2.java:595) [hadoop-common-3.3.6.jar:?]
	at org.apache.hadoop.ipc.ProtobufRpcEngine2$Server$ProtoBufRpcInvoker.call(ProtobufRpcEngine2.java:573) [hadoop-common-3.3.6.jar:?]
	at org.apache.hadoop.ipc.RPC$Server.call(RPC.java:1227) [hadoop-common-3.3.6.jar:?]
	at org.apache.hadoop.ipc.Server$RpcCall.run(Server.java:1094) [hadoop-common-3.3.6.jar:?]
	at org.apache.hadoop.ipc.Server$RpcCall.run(Server.java:1017) [hadoop-common-3.3.6.jar:?]
	at java.security.AccessController.doPrivileged(Native Method) ~[?:1.8.0_382]
	at javax.security.auth.Subject.doAs(Subject.java:422) [?:1.8.0_382]
	at org.apache.hadoop.security.UserGroupInformation.doAs(UserGroupInformation.java:1899) [hadoop-common-3.3.6.jar:?]
	at org.apache.hadoop.ipc.Server$Handler.run(Server.java:3048) [hadoop-common-3.3.6.jar:?]
]]></system-out>
  </testcase>
  <testcase name="testRenameToParentDir" classname="TestOzoneFileSystem" time="0.077">
    <system-out><![CDATA[09:31:21.580 [IPC Server handler 5 on default port 15004] ERROR OMAudit - user=runner | ip=127.0.0.1 | op=LIST_STATUS {volume=volume76952, bucket=bucket05606, key=root_dir/dir2, dataSize=0, replicationConfig=null} | ret=FAILURE
org.apache.hadoop.ozone.om.exceptions.OMException: Unable to get file status: volume: volume76952 bucket: bucket05606 key: root_dir/dir2
	at org.apache.hadoop.ozone.om.KeyManagerImpl.getOzoneFileStatus(KeyManagerImpl.java:1195) ~[ozone-manager-1.4.0-SNAPSHOT.jar:?]
	at org.apache.hadoop.ozone.om.KeyManagerImpl.getFileStatus(KeyManagerImpl.java:1113) ~[ozone-manager-1.4.0-SNAPSHOT.jar:?]
	at org.apache.hadoop.ozone.om.KeyManagerImpl.listStatus(KeyManagerImpl.java:1505) ~[ozone-manager-1.4.0-SNAPSHOT.jar:?]
	at org.apache.hadoop.ozone.om.OmMetadataReader.listStatus(OmMetadataReader.java:235) ~[ozone-manager-1.4.0-SNAPSHOT.jar:?]
	at org.apache.hadoop.ozone.om.OzoneManager.listStatus(OzoneManager.java:3543) ~[ozone-manager-1.4.0-SNAPSHOT.jar:?]
	at org.apache.hadoop.ozone.protocolPB.OzoneManagerRequestHandler.listStatus(OzoneManagerRequestHandler.java:1145) ~[ozone-manager-1.4.0-SNAPSHOT.jar:?]
	at org.apache.hadoop.ozone.protocolPB.OzoneManagerRequestHandler.handleReadRequest(OzoneManagerRequestHandler.java:263) ~[ozone-manager-1.4.0-SNAPSHOT.jar:?]
	at org.apache.hadoop.ozone.protocolPB.OzoneManagerProtocolServerSideTranslatorPB.submitReadRequestToOM(OzoneManagerProtocolServerSideTranslatorPB.java:225) ~[ozone-manager-1.4.0-SNAPSHOT.jar:?]
	at org.apache.hadoop.ozone.protocolPB.OzoneManagerProtocolServerSideTranslatorPB.processRequest(OzoneManagerProtocolServerSideTranslatorPB.java:179) ~[ozone-manager-1.4.0-SNAPSHOT.jar:?]
	at org.apache.hadoop.hdds.server.OzoneProtocolMessageDispatcher.processRequest(OzoneProtocolMessageDispatcher.java:87) [hdds-server-framework-1.4.0-SNAPSHOT.jar:?]
	at org.apache.hadoop.ozone.protocolPB.OzoneManagerProtocolServerSideTranslatorPB.submitRequest(OzoneManagerProtocolServerSideTranslatorPB.java:148) [ozone-manager-1.4.0-SNAPSHOT.jar:?]
	at org.apache.hadoop.ozone.protocol.proto.OzoneManagerProtocolProtos$OzoneManagerService$2.callBlockingMethod(OzoneManagerProtocolProtos.java) [ozone-interface-client-1.4.0-SNAPSHOT.jar:?]
	at org.apache.hadoop.ipc.ProtobufRpcEngine$Server.processCall(ProtobufRpcEngine.java:484) [hadoop-common-3.3.6.jar:?]
	at org.apache.hadoop.ipc.ProtobufRpcEngine2$Server$ProtoBufRpcInvoker.call(ProtobufRpcEngine2.java:595) [hadoop-common-3.3.6.jar:?]
	at org.apache.hadoop.ipc.ProtobufRpcEngine2$Server$ProtoBufRpcInvoker.call(ProtobufRpcEngine2.java:573) [hadoop-common-3.3.6.jar:?]
	at org.apache.hadoop.ipc.RPC$Server.call(RPC.java:1227) [hadoop-common-3.3.6.jar:?]
	at org.apache.hadoop.ipc.Server$RpcCall.run(Server.java:1094) [hadoop-common-3.3.6.jar:?]
	at org.apache.hadoop.ipc.Server$RpcCall.run(Server.java:1017) [hadoop-common-3.3.6.jar:?]
	at java.security.AccessController.doPrivileged(Native Method) ~[?:1.8.0_382]
	at javax.security.auth.Subject.doAs(Subject.java:422) [?:1.8.0_382]
	at org.apache.hadoop.security.UserGroupInformation.doAs(UserGroupInformation.java:1899) [hadoop-common-3.3.6.jar:?]
	at org.apache.hadoop.ipc.Server$Handler.run(Server.java:3048) [hadoop-common-3.3.6.jar:?]
09:31:21.599 [IPC Server handler 0 on default port 15004] ERROR OMAudit - user=runner | ip=127.0.0.1 | op=LIST_STATUS {volume=volume76952, bucket=bucket05606, key=root_dir/file2, dataSize=0, replicationConfig=null} | ret=FAILURE
org.apache.hadoop.ozone.om.exceptions.OMException: Unable to get file status: volume: volume76952 bucket: bucket05606 key: root_dir/file2
	at org.apache.hadoop.ozone.om.KeyManagerImpl.getOzoneFileStatus(KeyManagerImpl.java:1195) ~[ozone-manager-1.4.0-SNAPSHOT.jar:?]
	at org.apache.hadoop.ozone.om.KeyManagerImpl.getFileStatus(KeyManagerImpl.java:1113) ~[ozone-manager-1.4.0-SNAPSHOT.jar:?]
	at org.apache.hadoop.ozone.om.KeyManagerImpl.listStatus(KeyManagerImpl.java:1505) ~[ozone-manager-1.4.0-SNAPSHOT.jar:?]
	at org.apache.hadoop.ozone.om.OmMetadataReader.listStatus(OmMetadataReader.java:235) ~[ozone-manager-1.4.0-SNAPSHOT.jar:?]
	at org.apache.hadoop.ozone.om.OzoneManager.listStatus(OzoneManager.java:3543) ~[ozone-manager-1.4.0-SNAPSHOT.jar:?]
	at org.apache.hadoop.ozone.protocolPB.OzoneManagerRequestHandler.listStatus(OzoneManagerRequestHandler.java:1145) ~[ozone-manager-1.4.0-SNAPSHOT.jar:?]
	at org.apache.hadoop.ozone.protocolPB.OzoneManagerRequestHandler.handleReadRequest(OzoneManagerRequestHandler.java:263) ~[ozone-manager-1.4.0-SNAPSHOT.jar:?]
	at org.apache.hadoop.ozone.protocolPB.OzoneManagerProtocolServerSideTranslatorPB.submitReadRequestToOM(OzoneManagerProtocolServerSideTranslatorPB.java:225) ~[ozone-manager-1.4.0-SNAPSHOT.jar:?]
	at org.apache.hadoop.ozone.protocolPB.OzoneManagerProtocolServerSideTranslatorPB.processRequest(OzoneManagerProtocolServerSideTranslatorPB.java:179) ~[ozone-manager-1.4.0-SNAPSHOT.jar:?]
	at org.apache.hadoop.hdds.server.OzoneProtocolMessageDispatcher.processRequest(OzoneProtocolMessageDispatcher.java:87) [hdds-server-framework-1.4.0-SNAPSHOT.jar:?]
	at org.apache.hadoop.ozone.protocolPB.OzoneManagerProtocolServerSideTranslatorPB.submitRequest(OzoneManagerProtocolServerSideTranslatorPB.java:148) [ozone-manager-1.4.0-SNAPSHOT.jar:?]
	at org.apache.hadoop.ozone.protocol.proto.OzoneManagerProtocolProtos$OzoneManagerService$2.callBlockingMethod(OzoneManagerProtocolProtos.java) [ozone-interface-client-1.4.0-SNAPSHOT.jar:?]
	at org.apache.hadoop.ipc.ProtobufRpcEngine$Server.processCall(ProtobufRpcEngine.java:484) [hadoop-common-3.3.6.jar:?]
	at org.apache.hadoop.ipc.ProtobufRpcEngine2$Server$ProtoBufRpcInvoker.call(ProtobufRpcEngine2.java:595) [hadoop-common-3.3.6.jar:?]
	at org.apache.hadoop.ipc.ProtobufRpcEngine2$Server$ProtoBufRpcInvoker.call(ProtobufRpcEngine2.java:573) [hadoop-common-3.3.6.jar:?]
	at org.apache.hadoop.ipc.RPC$Server.call(RPC.java:1227) [hadoop-common-3.3.6.jar:?]
	at org.apache.hadoop.ipc.Server$RpcCall.run(Server.java:1094) [hadoop-common-3.3.6.jar:?]
	at org.apache.hadoop.ipc.Server$RpcCall.run(Server.java:1017) [hadoop-common-3.3.6.jar:?]
	at java.security.AccessController.doPrivileged(Native Method) ~[?:1.8.0_382]
	at javax.security.auth.Subject.doAs(Subject.java:422) [?:1.8.0_382]
	at org.apache.hadoop.security.UserGroupInformation.doAs(UserGroupInformation.java:1899) [hadoop-common-3.3.6.jar:?]
	at org.apache.hadoop.ipc.Server$Handler.run(Server.java:3048) [hadoop-common-3.3.6.jar:?]
]]></system-out>
  </testcase>
  <testcase name="testRenameToParentDir" classname="TestOzoneFileSystem" time="0.028">
    <system-out><![CDATA[09:32:47.361 [IPC Server handler 15 on default port 15057] ERROR OMAudit - user=runner | ip=127.0.0.1 | op=LIST_STATUS {volume=volume78214, bucket=bucket62222, key=root_dir/dir2, dataSize=0, replicationConfig=null} | ret=FAILURE
org.apache.hadoop.ozone.om.exceptions.OMException: Unable to get file status: volume: volume78214 bucket: bucket62222 key: root_dir/dir2
	at org.apache.hadoop.ozone.om.KeyManagerImpl.getOzoneFileStatus(KeyManagerImpl.java:1195) ~[ozone-manager-1.4.0-SNAPSHOT.jar:?]
	at org.apache.hadoop.ozone.om.KeyManagerImpl.getFileStatus(KeyManagerImpl.java:1113) ~[ozone-manager-1.4.0-SNAPSHOT.jar:?]
	at org.apache.hadoop.ozone.om.KeyManagerImpl.listStatus(KeyManagerImpl.java:1505) ~[ozone-manager-1.4.0-SNAPSHOT.jar:?]
	at org.apache.hadoop.ozone.om.OmMetadataReader.listStatus(OmMetadataReader.java:235) ~[ozone-manager-1.4.0-SNAPSHOT.jar:?]
	at org.apache.hadoop.ozone.om.OzoneManager.listStatus(OzoneManager.java:3543) ~[ozone-manager-1.4.0-SNAPSHOT.jar:?]
	at org.apache.hadoop.ozone.protocolPB.OzoneManagerRequestHandler.listStatus(OzoneManagerRequestHandler.java:1145) ~[ozone-manager-1.4.0-SNAPSHOT.jar:?]
	at org.apache.hadoop.ozone.protocolPB.OzoneManagerRequestHandler.handleReadRequest(OzoneManagerRequestHandler.java:263) ~[ozone-manager-1.4.0-SNAPSHOT.jar:?]
	at org.apache.hadoop.ozone.protocolPB.OzoneManagerProtocolServerSideTranslatorPB.submitRequestDirectlyToOM(OzoneManagerProtocolServerSideTranslatorPB.java:274) ~[ozone-manager-1.4.0-SNAPSHOT.jar:?]
	at org.apache.hadoop.ozone.protocolPB.OzoneManagerProtocolServerSideTranslatorPB.processRequest(OzoneManagerProtocolServerSideTranslatorPB.java:175) ~[ozone-manager-1.4.0-SNAPSHOT.jar:?]
	at org.apache.hadoop.hdds.server.OzoneProtocolMessageDispatcher.processRequest(OzoneProtocolMessageDispatcher.java:87) [hdds-server-framework-1.4.0-SNAPSHOT.jar:?]
	at org.apache.hadoop.ozone.protocolPB.OzoneManagerProtocolServerSideTranslatorPB.submitRequest(OzoneManagerProtocolServerSideTranslatorPB.java:148) [ozone-manager-1.4.0-SNAPSHOT.jar:?]
	at org.apache.hadoop.ozone.protocol.proto.OzoneManagerProtocolProtos$OzoneManagerService$2.callBlockingMethod(OzoneManagerProtocolProtos.java) [ozone-interface-client-1.4.0-SNAPSHOT.jar:?]
	at org.apache.hadoop.ipc.ProtobufRpcEngine$Server.processCall(ProtobufRpcEngine.java:484) [hadoop-common-3.3.6.jar:?]
	at org.apache.hadoop.ipc.ProtobufRpcEngine2$Server$ProtoBufRpcInvoker.call(ProtobufRpcEngine2.java:595) [hadoop-common-3.3.6.jar:?]
	at org.apache.hadoop.ipc.ProtobufRpcEngine2$Server$ProtoBufRpcInvoker.call(ProtobufRpcEngine2.java:573) [hadoop-common-3.3.6.jar:?]
	at org.apache.hadoop.ipc.RPC$Server.call(RPC.java:1227) [hadoop-common-3.3.6.jar:?]
	at org.apache.hadoop.ipc.Server$RpcCall.run(Server.java:1094) [hadoop-common-3.3.6.jar:?]
	at org.apache.hadoop.ipc.Server$RpcCall.run(Server.java:1017) [hadoop-common-3.3.6.jar:?]
	at java.security.AccessController.doPrivileged(Native Method) ~[?:1.8.0_382]
	at javax.security.auth.Subject.doAs(Subject.java:422) [?:1.8.0_382]
	at org.apache.hadoop.security.UserGroupInformation.doAs(UserGroupInformation.java:1899) [hadoop-common-3.3.6.jar:?]
	at org.apache.hadoop.ipc.Server$Handler.run(Server.java:3048) [hadoop-common-3.3.6.jar:?]
09:32:47.369 [IPC Server handler 9 on default port 15057] ERROR OMAudit - user=runner | ip=127.0.0.1 | op=LIST_STATUS {volume=volume78214, bucket=bucket62222, key=root_dir/file2, dataSize=0, replicationConfig=null} | ret=FAILURE
org.apache.hadoop.ozone.om.exceptions.OMException: Unable to get file status: volume: volume78214 bucket: bucket62222 key: root_dir/file2
	at org.apache.hadoop.ozone.om.KeyManagerImpl.getOzoneFileStatus(KeyManagerImpl.java:1195) ~[ozone-manager-1.4.0-SNAPSHOT.jar:?]
	at org.apache.hadoop.ozone.om.KeyManagerImpl.getFileStatus(KeyManagerImpl.java:1113) ~[ozone-manager-1.4.0-SNAPSHOT.jar:?]
	at org.apache.hadoop.ozone.om.KeyManagerImpl.listStatus(KeyManagerImpl.java:1505) ~[ozone-manager-1.4.0-SNAPSHOT.jar:?]
	at org.apache.hadoop.ozone.om.OmMetadataReader.listStatus(OmMetadataReader.java:235) ~[ozone-manager-1.4.0-SNAPSHOT.jar:?]
	at org.apache.hadoop.ozone.om.OzoneManager.listStatus(OzoneManager.java:3543) ~[ozone-manager-1.4.0-SNAPSHOT.jar:?]
	at org.apache.hadoop.ozone.protocolPB.OzoneManagerRequestHandler.listStatus(OzoneManagerRequestHandler.java:1145) ~[ozone-manager-1.4.0-SNAPSHOT.jar:?]
	at org.apache.hadoop.ozone.protocolPB.OzoneManagerRequestHandler.handleReadRequest(OzoneManagerRequestHandler.java:263) ~[ozone-manager-1.4.0-SNAPSHOT.jar:?]
	at org.apache.hadoop.ozone.protocolPB.OzoneManagerProtocolServerSideTranslatorPB.submitRequestDirectlyToOM(OzoneManagerProtocolServerSideTranslatorPB.java:274) ~[ozone-manager-1.4.0-SNAPSHOT.jar:?]
	at org.apache.hadoop.ozone.protocolPB.OzoneManagerProtocolServerSideTranslatorPB.processRequest(OzoneManagerProtocolServerSideTranslatorPB.java:175) ~[ozone-manager-1.4.0-SNAPSHOT.jar:?]
	at org.apache.hadoop.hdds.server.OzoneProtocolMessageDispatcher.processRequest(OzoneProtocolMessageDispatcher.java:87) [hdds-server-framework-1.4.0-SNAPSHOT.jar:?]
	at org.apache.hadoop.ozone.protocolPB.OzoneManagerProtocolServerSideTranslatorPB.submitRequest(OzoneManagerProtocolServerSideTranslatorPB.java:148) [ozone-manager-1.4.0-SNAPSHOT.jar:?]
	at org.apache.hadoop.ozone.protocol.proto.OzoneManagerProtocolProtos$OzoneManagerService$2.callBlockingMethod(OzoneManagerProtocolProtos.java) [ozone-interface-client-1.4.0-SNAPSHOT.jar:?]
	at org.apache.hadoop.ipc.ProtobufRpcEngine$Server.processCall(ProtobufRpcEngine.java:484) [hadoop-common-3.3.6.jar:?]
	at org.apache.hadoop.ipc.ProtobufRpcEngine2$Server$ProtoBufRpcInvoker.call(ProtobufRpcEngine2.java:595) [hadoop-common-3.3.6.jar:?]
	at org.apache.hadoop.ipc.ProtobufRpcEngine2$Server$ProtoBufRpcInvoker.call(ProtobufRpcEngine2.java:573) [hadoop-common-3.3.6.jar:?]
	at org.apache.hadoop.ipc.RPC$Server.call(RPC.java:1227) [hadoop-common-3.3.6.jar:?]
	at org.apache.hadoop.ipc.Server$RpcCall.run(Server.java:1094) [hadoop-common-3.3.6.jar:?]
	at org.apache.hadoop.ipc.Server$RpcCall.run(Server.java:1017) [hadoop-common-3.3.6.jar:?]
	at java.security.AccessController.doPrivileged(Native Method) ~[?:1.8.0_382]
	at javax.security.auth.Subject.doAs(Subject.java:422) [?:1.8.0_382]
	at org.apache.hadoop.security.UserGroupInformation.doAs(UserGroupInformation.java:1899) [hadoop-common-3.3.6.jar:?]
	at org.apache.hadoop.ipc.Server$Handler.run(Server.java:3048) [hadoop-common-3.3.6.jar:?]
]]></system-out>
  </testcase>
  <testcase name="testRenameToParentDir" classname="TestOzoneFileSystem" time="0.03">
    <system-out><![CDATA[09:33:54.706 [IPC Server handler 17 on default port 15110] ERROR OMAudit - user=runner | ip=127.0.0.1 | op=LIST_STATUS {volume=volume01359, bucket=bucket03907, key=root_dir/dir2, dataSize=0, replicationConfig=null} | ret=FAILURE
org.apache.hadoop.ozone.om.exceptions.OMException: Unable to get file status: volume: volume01359 bucket: bucket03907 key: root_dir/dir2
	at org.apache.hadoop.ozone.om.KeyManagerImpl.getOzoneFileStatus(KeyManagerImpl.java:1195) ~[ozone-manager-1.4.0-SNAPSHOT.jar:?]
	at org.apache.hadoop.ozone.om.KeyManagerImpl.getFileStatus(KeyManagerImpl.java:1113) ~[ozone-manager-1.4.0-SNAPSHOT.jar:?]
	at org.apache.hadoop.ozone.om.KeyManagerImpl.listStatus(KeyManagerImpl.java:1505) ~[ozone-manager-1.4.0-SNAPSHOT.jar:?]
	at org.apache.hadoop.ozone.om.OmMetadataReader.listStatus(OmMetadataReader.java:235) ~[ozone-manager-1.4.0-SNAPSHOT.jar:?]
	at org.apache.hadoop.ozone.om.OzoneManager.listStatus(OzoneManager.java:3543) ~[ozone-manager-1.4.0-SNAPSHOT.jar:?]
	at org.apache.hadoop.ozone.protocolPB.OzoneManagerRequestHandler.listStatus(OzoneManagerRequestHandler.java:1145) ~[ozone-manager-1.4.0-SNAPSHOT.jar:?]
	at org.apache.hadoop.ozone.protocolPB.OzoneManagerRequestHandler.handleReadRequest(OzoneManagerRequestHandler.java:263) ~[ozone-manager-1.4.0-SNAPSHOT.jar:?]
	at org.apache.hadoop.ozone.protocolPB.OzoneManagerProtocolServerSideTranslatorPB.submitReadRequestToOM(OzoneManagerProtocolServerSideTranslatorPB.java:225) ~[ozone-manager-1.4.0-SNAPSHOT.jar:?]
	at org.apache.hadoop.ozone.protocolPB.OzoneManagerProtocolServerSideTranslatorPB.processRequest(OzoneManagerProtocolServerSideTranslatorPB.java:179) ~[ozone-manager-1.4.0-SNAPSHOT.jar:?]
	at org.apache.hadoop.hdds.server.OzoneProtocolMessageDispatcher.processRequest(OzoneProtocolMessageDispatcher.java:87) [hdds-server-framework-1.4.0-SNAPSHOT.jar:?]
	at org.apache.hadoop.ozone.protocolPB.OzoneManagerProtocolServerSideTranslatorPB.submitRequest(OzoneManagerProtocolServerSideTranslatorPB.java:148) [ozone-manager-1.4.0-SNAPSHOT.jar:?]
	at org.apache.hadoop.ozone.protocol.proto.OzoneManagerProtocolProtos$OzoneManagerService$2.callBlockingMethod(OzoneManagerProtocolProtos.java) [ozone-interface-client-1.4.0-SNAPSHOT.jar:?]
	at org.apache.hadoop.ipc.ProtobufRpcEngine$Server.processCall(ProtobufRpcEngine.java:484) [hadoop-common-3.3.6.jar:?]
	at org.apache.hadoop.ipc.ProtobufRpcEngine2$Server$ProtoBufRpcInvoker.call(ProtobufRpcEngine2.java:595) [hadoop-common-3.3.6.jar:?]
	at org.apache.hadoop.ipc.ProtobufRpcEngine2$Server$ProtoBufRpcInvoker.call(ProtobufRpcEngine2.java:573) [hadoop-common-3.3.6.jar:?]
	at org.apache.hadoop.ipc.RPC$Server.call(RPC.java:1227) [hadoop-common-3.3.6.jar:?]
	at org.apache.hadoop.ipc.Server$RpcCall.run(Server.java:1094) [hadoop-common-3.3.6.jar:?]
	at org.apache.hadoop.ipc.Server$RpcCall.run(Server.java:1017) [hadoop-common-3.3.6.jar:?]
	at java.security.AccessController.doPrivileged(Native Method) ~[?:1.8.0_382]
	at javax.security.auth.Subject.doAs(Subject.java:422) [?:1.8.0_382]
	at org.apache.hadoop.security.UserGroupInformation.doAs(UserGroupInformation.java:1899) [hadoop-common-3.3.6.jar:?]
	at org.apache.hadoop.ipc.Server$Handler.run(Server.java:3048) [hadoop-common-3.3.6.jar:?]
09:33:54.712 [IPC Server handler 6 on default port 15110] ERROR OMAudit - user=runner | ip=127.0.0.1 | op=LIST_STATUS {volume=volume01359, bucket=bucket03907, key=root_dir/file2, dataSize=0, replicationConfig=null} | ret=FAILURE
org.apache.hadoop.ozone.om.exceptions.OMException: Unable to get file status: volume: volume01359 bucket: bucket03907 key: root_dir/file2
	at org.apache.hadoop.ozone.om.KeyManagerImpl.getOzoneFileStatus(KeyManagerImpl.java:1195) ~[ozone-manager-1.4.0-SNAPSHOT.jar:?]
	at org.apache.hadoop.ozone.om.KeyManagerImpl.getFileStatus(KeyManagerImpl.java:1113) ~[ozone-manager-1.4.0-SNAPSHOT.jar:?]
	at org.apache.hadoop.ozone.om.KeyManagerImpl.listStatus(KeyManagerImpl.java:1505) ~[ozone-manager-1.4.0-SNAPSHOT.jar:?]
	at org.apache.hadoop.ozone.om.OmMetadataReader.listStatus(OmMetadataReader.java:235) ~[ozone-manager-1.4.0-SNAPSHOT.jar:?]
	at org.apache.hadoop.ozone.om.OzoneManager.listStatus(OzoneManager.java:3543) ~[ozone-manager-1.4.0-SNAPSHOT.jar:?]
	at org.apache.hadoop.ozone.protocolPB.OzoneManagerRequestHandler.listStatus(OzoneManagerRequestHandler.java:1145) ~[ozone-manager-1.4.0-SNAPSHOT.jar:?]
	at org.apache.hadoop.ozone.protocolPB.OzoneManagerRequestHandler.handleReadRequest(OzoneManagerRequestHandler.java:263) ~[ozone-manager-1.4.0-SNAPSHOT.jar:?]
	at org.apache.hadoop.ozone.protocolPB.OzoneManagerProtocolServerSideTranslatorPB.submitReadRequestToOM(OzoneManagerProtocolServerSideTranslatorPB.java:225) ~[ozone-manager-1.4.0-SNAPSHOT.jar:?]
	at org.apache.hadoop.ozone.protocolPB.OzoneManagerProtocolServerSideTranslatorPB.processRequest(OzoneManagerProtocolServerSideTranslatorPB.java:179) ~[ozone-manager-1.4.0-SNAPSHOT.jar:?]
	at org.apache.hadoop.hdds.server.OzoneProtocolMessageDispatcher.processRequest(OzoneProtocolMessageDispatcher.java:87) [hdds-server-framework-1.4.0-SNAPSHOT.jar:?]
	at org.apache.hadoop.ozone.protocolPB.OzoneManagerProtocolServerSideTranslatorPB.submitRequest(OzoneManagerProtocolServerSideTranslatorPB.java:148) [ozone-manager-1.4.0-SNAPSHOT.jar:?]
	at org.apache.hadoop.ozone.protocol.proto.OzoneManagerProtocolProtos$OzoneManagerService$2.callBlockingMethod(OzoneManagerProtocolProtos.java) [ozone-interface-client-1.4.0-SNAPSHOT.jar:?]
	at org.apache.hadoop.ipc.ProtobufRpcEngine$Server.processCall(ProtobufRpcEngine.java:484) [hadoop-common-3.3.6.jar:?]
	at org.apache.hadoop.ipc.ProtobufRpcEngine2$Server$ProtoBufRpcInvoker.call(ProtobufRpcEngine2.java:595) [hadoop-common-3.3.6.jar:?]
	at org.apache.hadoop.ipc.ProtobufRpcEngine2$Server$ProtoBufRpcInvoker.call(ProtobufRpcEngine2.java:573) [hadoop-common-3.3.6.jar:?]
	at org.apache.hadoop.ipc.RPC$Server.call(RPC.java:1227) [hadoop-common-3.3.6.jar:?]
	at org.apache.hadoop.ipc.Server$RpcCall.run(Server.java:1094) [hadoop-common-3.3.6.jar:?]
	at org.apache.hadoop.ipc.Server$RpcCall.run(Server.java:1017) [hadoop-common-3.3.6.jar:?]
	at java.security.AccessController.doPrivileged(Native Method) ~[?:1.8.0_382]
	at javax.security.auth.Subject.doAs(Subject.java:422) [?:1.8.0_382]
	at org.apache.hadoop.security.UserGroupInformation.doAs(UserGroupInformation.java:1899) [hadoop-common-3.3.6.jar:?]
	at org.apache.hadoop.ipc.Server$Handler.run(Server.java:3048) [hadoop-common-3.3.6.jar:?]
]]></system-out>
  </testcase>
  <testcase name="testRenameToParentDir" classname="TestOzoneFileSystem" time="0.022">
    <system-out><![CDATA[09:35:05.461 [IPC Server handler 17 on default port 15163] ERROR OMAudit - user=runner | ip=127.0.0.1 | op=LIST_STATUS {volume=volume82570, bucket=bucket71984, key=root_dir/dir2, dataSize=0, replicationConfig=null} | ret=FAILURE
org.apache.hadoop.ozone.om.exceptions.OMException: Unable to get file status: volume: volume82570 bucket: bucket71984 key: root_dir/dir2
	at org.apache.hadoop.ozone.om.KeyManagerImpl.getOzoneFileStatus(KeyManagerImpl.java:1195) ~[ozone-manager-1.4.0-SNAPSHOT.jar:?]
	at org.apache.hadoop.ozone.om.KeyManagerImpl.getFileStatus(KeyManagerImpl.java:1113) ~[ozone-manager-1.4.0-SNAPSHOT.jar:?]
	at org.apache.hadoop.ozone.om.KeyManagerImpl.listStatus(KeyManagerImpl.java:1505) ~[ozone-manager-1.4.0-SNAPSHOT.jar:?]
	at org.apache.hadoop.ozone.om.OmMetadataReader.listStatus(OmMetadataReader.java:235) ~[ozone-manager-1.4.0-SNAPSHOT.jar:?]
	at org.apache.hadoop.ozone.om.OzoneManager.listStatus(OzoneManager.java:3543) ~[ozone-manager-1.4.0-SNAPSHOT.jar:?]
	at org.apache.hadoop.ozone.protocolPB.OzoneManagerRequestHandler.listStatus(OzoneManagerRequestHandler.java:1145) ~[ozone-manager-1.4.0-SNAPSHOT.jar:?]
	at org.apache.hadoop.ozone.protocolPB.OzoneManagerRequestHandler.handleReadRequest(OzoneManagerRequestHandler.java:263) ~[ozone-manager-1.4.0-SNAPSHOT.jar:?]
	at org.apache.hadoop.ozone.protocolPB.OzoneManagerProtocolServerSideTranslatorPB.submitRequestDirectlyToOM(OzoneManagerProtocolServerSideTranslatorPB.java:274) ~[ozone-manager-1.4.0-SNAPSHOT.jar:?]
	at org.apache.hadoop.ozone.protocolPB.OzoneManagerProtocolServerSideTranslatorPB.processRequest(OzoneManagerProtocolServerSideTranslatorPB.java:175) ~[ozone-manager-1.4.0-SNAPSHOT.jar:?]
	at org.apache.hadoop.hdds.server.OzoneProtocolMessageDispatcher.processRequest(OzoneProtocolMessageDispatcher.java:87) [hdds-server-framework-1.4.0-SNAPSHOT.jar:?]
	at org.apache.hadoop.ozone.protocolPB.OzoneManagerProtocolServerSideTranslatorPB.submitRequest(OzoneManagerProtocolServerSideTranslatorPB.java:148) [ozone-manager-1.4.0-SNAPSHOT.jar:?]
	at org.apache.hadoop.ozone.protocol.proto.OzoneManagerProtocolProtos$OzoneManagerService$2.callBlockingMethod(OzoneManagerProtocolProtos.java) [ozone-interface-client-1.4.0-SNAPSHOT.jar:?]
	at org.apache.hadoop.ipc.ProtobufRpcEngine$Server.processCall(ProtobufRpcEngine.java:484) [hadoop-common-3.3.6.jar:?]
	at org.apache.hadoop.ipc.ProtobufRpcEngine2$Server$ProtoBufRpcInvoker.call(ProtobufRpcEngine2.java:595) [hadoop-common-3.3.6.jar:?]
	at org.apache.hadoop.ipc.ProtobufRpcEngine2$Server$ProtoBufRpcInvoker.call(ProtobufRpcEngine2.java:573) [hadoop-common-3.3.6.jar:?]
	at org.apache.hadoop.ipc.RPC$Server.call(RPC.java:1227) [hadoop-common-3.3.6.jar:?]
	at org.apache.hadoop.ipc.Server$RpcCall.run(Server.java:1094) [hadoop-common-3.3.6.jar:?]
	at org.apache.hadoop.ipc.Server$RpcCall.run(Server.java:1017) [hadoop-common-3.3.6.jar:?]
	at java.security.AccessController.doPrivileged(Native Method) ~[?:1.8.0_382]
	at javax.security.auth.Subject.doAs(Subject.java:422) [?:1.8.0_382]
	at org.apache.hadoop.security.UserGroupInformation.doAs(UserGroupInformation.java:1899) [hadoop-common-3.3.6.jar:?]
	at org.apache.hadoop.ipc.Server$Handler.run(Server.java:3048) [hadoop-common-3.3.6.jar:?]
09:35:05.468 [IPC Server handler 7 on default port 15163] ERROR OMAudit - user=runner | ip=127.0.0.1 | op=LIST_STATUS {volume=volume82570, bucket=bucket71984, key=root_dir/file2, dataSize=0, replicationConfig=null} | ret=FAILURE
org.apache.hadoop.ozone.om.exceptions.OMException: Unable to get file status: volume: volume82570 bucket: bucket71984 key: root_dir/file2
	at org.apache.hadoop.ozone.om.KeyManagerImpl.getOzoneFileStatus(KeyManagerImpl.java:1195) ~[ozone-manager-1.4.0-SNAPSHOT.jar:?]
	at org.apache.hadoop.ozone.om.KeyManagerImpl.getFileStatus(KeyManagerImpl.java:1113) ~[ozone-manager-1.4.0-SNAPSHOT.jar:?]
	at org.apache.hadoop.ozone.om.KeyManagerImpl.listStatus(KeyManagerImpl.java:1505) ~[ozone-manager-1.4.0-SNAPSHOT.jar:?]
	at org.apache.hadoop.ozone.om.OmMetadataReader.listStatus(OmMetadataReader.java:235) ~[ozone-manager-1.4.0-SNAPSHOT.jar:?]
	at org.apache.hadoop.ozone.om.OzoneManager.listStatus(OzoneManager.java:3543) ~[ozone-manager-1.4.0-SNAPSHOT.jar:?]
	at org.apache.hadoop.ozone.protocolPB.OzoneManagerRequestHandler.listStatus(OzoneManagerRequestHandler.java:1145) ~[ozone-manager-1.4.0-SNAPSHOT.jar:?]
	at org.apache.hadoop.ozone.protocolPB.OzoneManagerRequestHandler.handleReadRequest(OzoneManagerRequestHandler.java:263) ~[ozone-manager-1.4.0-SNAPSHOT.jar:?]
	at org.apache.hadoop.ozone.protocolPB.OzoneManagerProtocolServerSideTranslatorPB.submitRequestDirectlyToOM(OzoneManagerProtocolServerSideTranslatorPB.java:274) ~[ozone-manager-1.4.0-SNAPSHOT.jar:?]
	at org.apache.hadoop.ozone.protocolPB.OzoneManagerProtocolServerSideTranslatorPB.processRequest(OzoneManagerProtocolServerSideTranslatorPB.java:175) ~[ozone-manager-1.4.0-SNAPSHOT.jar:?]
	at org.apache.hadoop.hdds.server.OzoneProtocolMessageDispatcher.processRequest(OzoneProtocolMessageDispatcher.java:87) [hdds-server-framework-1.4.0-SNAPSHOT.jar:?]
	at org.apache.hadoop.ozone.protocolPB.OzoneManagerProtocolServerSideTranslatorPB.submitRequest(OzoneManagerProtocolServerSideTranslatorPB.java:148) [ozone-manager-1.4.0-SNAPSHOT.jar:?]
	at org.apache.hadoop.ozone.protocol.proto.OzoneManagerProtocolProtos$OzoneManagerService$2.callBlockingMethod(OzoneManagerProtocolProtos.java) [ozone-interface-client-1.4.0-SNAPSHOT.jar:?]
	at org.apache.hadoop.ipc.ProtobufRpcEngine$Server.processCall(ProtobufRpcEngine.java:484) [hadoop-common-3.3.6.jar:?]
	at org.apache.hadoop.ipc.ProtobufRpcEngine2$Server$ProtoBufRpcInvoker.call(ProtobufRpcEngine2.java:595) [hadoop-common-3.3.6.jar:?]
	at org.apache.hadoop.ipc.ProtobufRpcEngine2$Server$ProtoBufRpcInvoker.call(ProtobufRpcEngine2.java:573) [hadoop-common-3.3.6.jar:?]
	at org.apache.hadoop.ipc.RPC$Server.call(RPC.java:1227) [hadoop-common-3.3.6.jar:?]
	at org.apache.hadoop.ipc.Server$RpcCall.run(Server.java:1094) [hadoop-common-3.3.6.jar:?]
	at org.apache.hadoop.ipc.Server$RpcCall.run(Server.java:1017) [hadoop-common-3.3.6.jar:?]
	at java.security.AccessController.doPrivileged(Native Method) ~[?:1.8.0_382]
	at javax.security.auth.Subject.doAs(Subject.java:422) [?:1.8.0_382]
	at org.apache.hadoop.security.UserGroupInformation.doAs(UserGroupInformation.java:1899) [hadoop-common-3.3.6.jar:?]
	at org.apache.hadoop.ipc.Server$Handler.run(Server.java:3048) [hadoop-common-3.3.6.jar:?]
]]></system-out>
  </testcase>
  <testcase name="testListStatusOnSubDirs" classname="TestOzoneFileSystem" time="0.061"/>
  <testcase name="testListStatusOnSubDirs" classname="TestOzoneFileSystem" time="0.025"/>
  <testcase name="testListStatusOnSubDirs" classname="TestOzoneFileSystem" time="0.026"/>
  <testcase name="testListStatusOnSubDirs" classname="TestOzoneFileSystem" time="0.015"/>
  <testcase name="testListStatus" classname="TestOzoneFileSystem" time="0.084"/>
  <testcase name="testListStatus" classname="TestOzoneFileSystem" time="0.039"/>
  <testcase name="testListStatus" classname="TestOzoneFileSystem" time="0.038"/>
  <testcase name="testListStatus" classname="TestOzoneFileSystem" time="0.024"/>
  <testcase name="testRecursiveDelete" classname="TestOzoneFileSystem" time="0.411">
    <system-out><![CDATA[09:31:21.956 [IPC Server handler 4 on default port 15004] ERROR OMAudit - user=runner | ip=127.0.0.1 | op=GET_FILE_STATUS {volume=volume76952, bucket=bucket05606, key=gdir1, dataSize=0, replicationConfig=null} | ret=FAILURE
org.apache.hadoop.ozone.om.exceptions.OMException: Unable to get file status: volume: volume76952 bucket: bucket05606 key: gdir1
	at org.apache.hadoop.ozone.om.KeyManagerImpl.getOzoneFileStatus(KeyManagerImpl.java:1195) ~[ozone-manager-1.4.0-SNAPSHOT.jar:?]
	at org.apache.hadoop.ozone.om.KeyManagerImpl.getFileStatus(KeyManagerImpl.java:1113) ~[ozone-manager-1.4.0-SNAPSHOT.jar:?]
	at org.apache.hadoop.ozone.om.OmMetadataReader.getFileStatus(OmMetadataReader.java:262) ~[ozone-manager-1.4.0-SNAPSHOT.jar:?]
	at org.apache.hadoop.ozone.om.OzoneManager.getFileStatus(OzoneManager.java:3513) ~[ozone-manager-1.4.0-SNAPSHOT.jar:?]
	at org.apache.hadoop.ozone.protocolPB.OzoneManagerRequestHandler.getOzoneFileStatus(OzoneManagerRequestHandler.java:973) ~[ozone-manager-1.4.0-SNAPSHOT.jar:?]
	at org.apache.hadoop.ozone.protocolPB.OzoneManagerRequestHandler.handleReadRequest(OzoneManagerRequestHandler.java:252) ~[ozone-manager-1.4.0-SNAPSHOT.jar:?]
	at org.apache.hadoop.ozone.protocolPB.OzoneManagerProtocolServerSideTranslatorPB.submitReadRequestToOM(OzoneManagerProtocolServerSideTranslatorPB.java:225) ~[ozone-manager-1.4.0-SNAPSHOT.jar:?]
	at org.apache.hadoop.ozone.protocolPB.OzoneManagerProtocolServerSideTranslatorPB.processRequest(OzoneManagerProtocolServerSideTranslatorPB.java:179) ~[ozone-manager-1.4.0-SNAPSHOT.jar:?]
	at org.apache.hadoop.hdds.server.OzoneProtocolMessageDispatcher.processRequest(OzoneProtocolMessageDispatcher.java:87) [hdds-server-framework-1.4.0-SNAPSHOT.jar:?]
	at org.apache.hadoop.ozone.protocolPB.OzoneManagerProtocolServerSideTranslatorPB.submitRequest(OzoneManagerProtocolServerSideTranslatorPB.java:148) [ozone-manager-1.4.0-SNAPSHOT.jar:?]
	at org.apache.hadoop.ozone.protocol.proto.OzoneManagerProtocolProtos$OzoneManagerService$2.callBlockingMethod(OzoneManagerProtocolProtos.java) [ozone-interface-client-1.4.0-SNAPSHOT.jar:?]
	at org.apache.hadoop.ipc.ProtobufRpcEngine$Server.processCall(ProtobufRpcEngine.java:484) [hadoop-common-3.3.6.jar:?]
	at org.apache.hadoop.ipc.ProtobufRpcEngine2$Server$ProtoBufRpcInvoker.call(ProtobufRpcEngine2.java:595) [hadoop-common-3.3.6.jar:?]
	at org.apache.hadoop.ipc.ProtobufRpcEngine2$Server$ProtoBufRpcInvoker.call(ProtobufRpcEngine2.java:573) [hadoop-common-3.3.6.jar:?]
	at org.apache.hadoop.ipc.RPC$Server.call(RPC.java:1227) [hadoop-common-3.3.6.jar:?]
	at org.apache.hadoop.ipc.Server$RpcCall.run(Server.java:1094) [hadoop-common-3.3.6.jar:?]
	at org.apache.hadoop.ipc.Server$RpcCall.run(Server.java:1017) [hadoop-common-3.3.6.jar:?]
	at java.security.AccessController.doPrivileged(Native Method) ~[?:1.8.0_382]
	at javax.security.auth.Subject.doAs(Subject.java:422) [?:1.8.0_382]
	at org.apache.hadoop.security.UserGroupInformation.doAs(UserGroupInformation.java:1899) [hadoop-common-3.3.6.jar:?]
	at org.apache.hadoop.ipc.Server$Handler.run(Server.java:3048) [hadoop-common-3.3.6.jar:?]
09:31:21.958 [IPC Server handler 2 on default port 15004] ERROR OMAudit - user=runner | ip=127.0.0.1 | op=GET_FILE_STATUS {volume=volume76952, bucket=bucket05606, key=gdir1/dir1, dataSize=0, replicationConfig=null} | ret=FAILURE
org.apache.hadoop.ozone.om.exceptions.OMException: Unable to get file status: volume: volume76952 bucket: bucket05606 key: gdir1/dir1
	at org.apache.hadoop.ozone.om.KeyManagerImpl.getOzoneFileStatus(KeyManagerImpl.java:1195) ~[ozone-manager-1.4.0-SNAPSHOT.jar:?]
	at org.apache.hadoop.ozone.om.KeyManagerImpl.getFileStatus(KeyManagerImpl.java:1113) ~[ozone-manager-1.4.0-SNAPSHOT.jar:?]
	at org.apache.hadoop.ozone.om.OmMetadataReader.getFileStatus(OmMetadataReader.java:262) ~[ozone-manager-1.4.0-SNAPSHOT.jar:?]
	at org.apache.hadoop.ozone.om.OzoneManager.getFileStatus(OzoneManager.java:3513) ~[ozone-manager-1.4.0-SNAPSHOT.jar:?]
	at org.apache.hadoop.ozone.protocolPB.OzoneManagerRequestHandler.getOzoneFileStatus(OzoneManagerRequestHandler.java:973) ~[ozone-manager-1.4.0-SNAPSHOT.jar:?]
	at org.apache.hadoop.ozone.protocolPB.OzoneManagerRequestHandler.handleReadRequest(OzoneManagerRequestHandler.java:252) ~[ozone-manager-1.4.0-SNAPSHOT.jar:?]
	at org.apache.hadoop.ozone.protocolPB.OzoneManagerProtocolServerSideTranslatorPB.submitReadRequestToOM(OzoneManagerProtocolServerSideTranslatorPB.java:225) ~[ozone-manager-1.4.0-SNAPSHOT.jar:?]
	at org.apache.hadoop.ozone.protocolPB.OzoneManagerProtocolServerSideTranslatorPB.processRequest(OzoneManagerProtocolServerSideTranslatorPB.java:179) ~[ozone-manager-1.4.0-SNAPSHOT.jar:?]
	at org.apache.hadoop.hdds.server.OzoneProtocolMessageDispatcher.processRequest(OzoneProtocolMessageDispatcher.java:87) [hdds-server-framework-1.4.0-SNAPSHOT.jar:?]
	at org.apache.hadoop.ozone.protocolPB.OzoneManagerProtocolServerSideTranslatorPB.submitRequest(OzoneManagerProtocolServerSideTranslatorPB.java:148) [ozone-manager-1.4.0-SNAPSHOT.jar:?]
	at org.apache.hadoop.ozone.protocol.proto.OzoneManagerProtocolProtos$OzoneManagerService$2.callBlockingMethod(OzoneManagerProtocolProtos.java) [ozone-interface-client-1.4.0-SNAPSHOT.jar:?]
	at org.apache.hadoop.ipc.ProtobufRpcEngine$Server.processCall(ProtobufRpcEngine.java:484) [hadoop-common-3.3.6.jar:?]
	at org.apache.hadoop.ipc.ProtobufRpcEngine2$Server$ProtoBufRpcInvoker.call(ProtobufRpcEngine2.java:595) [hadoop-common-3.3.6.jar:?]
	at org.apache.hadoop.ipc.ProtobufRpcEngine2$Server$ProtoBufRpcInvoker.call(ProtobufRpcEngine2.java:573) [hadoop-common-3.3.6.jar:?]
	at org.apache.hadoop.ipc.RPC$Server.call(RPC.java:1227) [hadoop-common-3.3.6.jar:?]
	at org.apache.hadoop.ipc.Server$RpcCall.run(Server.java:1094) [hadoop-common-3.3.6.jar:?]
	at org.apache.hadoop.ipc.Server$RpcCall.run(Server.java:1017) [hadoop-common-3.3.6.jar:?]
	at java.security.AccessController.doPrivileged(Native Method) ~[?:1.8.0_382]
	at javax.security.auth.Subject.doAs(Subject.java:422) [?:1.8.0_382]
	at org.apache.hadoop.security.UserGroupInformation.doAs(UserGroupInformation.java:1899) [hadoop-common-3.3.6.jar:?]
	at org.apache.hadoop.ipc.Server$Handler.run(Server.java:3048) [hadoop-common-3.3.6.jar:?]
09:31:21.960 [IPC Server handler 5 on default port 15004] ERROR OMAudit - user=runner | ip=127.0.0.1 | op=GET_FILE_STATUS {volume=volume76952, bucket=bucket05606, key=gdir1/dir1/child, dataSize=0, replicationConfig=null} | ret=FAILURE
org.apache.hadoop.ozone.om.exceptions.OMException: Unable to get file status: volume: volume76952 bucket: bucket05606 key: gdir1/dir1/child
	at org.apache.hadoop.ozone.om.KeyManagerImpl.getOzoneFileStatus(KeyManagerImpl.java:1195) ~[ozone-manager-1.4.0-SNAPSHOT.jar:?]
	at org.apache.hadoop.ozone.om.KeyManagerImpl.getFileStatus(KeyManagerImpl.java:1113) ~[ozone-manager-1.4.0-SNAPSHOT.jar:?]
	at org.apache.hadoop.ozone.om.OmMetadataReader.getFileStatus(OmMetadataReader.java:262) ~[ozone-manager-1.4.0-SNAPSHOT.jar:?]
	at org.apache.hadoop.ozone.om.OzoneManager.getFileStatus(OzoneManager.java:3513) ~[ozone-manager-1.4.0-SNAPSHOT.jar:?]
	at org.apache.hadoop.ozone.protocolPB.OzoneManagerRequestHandler.getOzoneFileStatus(OzoneManagerRequestHandler.java:973) ~[ozone-manager-1.4.0-SNAPSHOT.jar:?]
	at org.apache.hadoop.ozone.protocolPB.OzoneManagerRequestHandler.handleReadRequest(OzoneManagerRequestHandler.java:252) ~[ozone-manager-1.4.0-SNAPSHOT.jar:?]
	at org.apache.hadoop.ozone.protocolPB.OzoneManagerProtocolServerSideTranslatorPB.submitReadRequestToOM(OzoneManagerProtocolServerSideTranslatorPB.java:225) ~[ozone-manager-1.4.0-SNAPSHOT.jar:?]
	at org.apache.hadoop.ozone.protocolPB.OzoneManagerProtocolServerSideTranslatorPB.processRequest(OzoneManagerProtocolServerSideTranslatorPB.java:179) ~[ozone-manager-1.4.0-SNAPSHOT.jar:?]
	at org.apache.hadoop.hdds.server.OzoneProtocolMessageDispatcher.processRequest(OzoneProtocolMessageDispatcher.java:87) [hdds-server-framework-1.4.0-SNAPSHOT.jar:?]
	at org.apache.hadoop.ozone.protocolPB.OzoneManagerProtocolServerSideTranslatorPB.submitRequest(OzoneManagerProtocolServerSideTranslatorPB.java:148) [ozone-manager-1.4.0-SNAPSHOT.jar:?]
	at org.apache.hadoop.ozone.protocol.proto.OzoneManagerProtocolProtos$OzoneManagerService$2.callBlockingMethod(OzoneManagerProtocolProtos.java) [ozone-interface-client-1.4.0-SNAPSHOT.jar:?]
	at org.apache.hadoop.ipc.ProtobufRpcEngine$Server.processCall(ProtobufRpcEngine.java:484) [hadoop-common-3.3.6.jar:?]
	at org.apache.hadoop.ipc.ProtobufRpcEngine2$Server$ProtoBufRpcInvoker.call(ProtobufRpcEngine2.java:595) [hadoop-common-3.3.6.jar:?]
	at org.apache.hadoop.ipc.ProtobufRpcEngine2$Server$ProtoBufRpcInvoker.call(ProtobufRpcEngine2.java:573) [hadoop-common-3.3.6.jar:?]
	at org.apache.hadoop.ipc.RPC$Server.call(RPC.java:1227) [hadoop-common-3.3.6.jar:?]
	at org.apache.hadoop.ipc.Server$RpcCall.run(Server.java:1094) [hadoop-common-3.3.6.jar:?]
	at org.apache.hadoop.ipc.Server$RpcCall.run(Server.java:1017) [hadoop-common-3.3.6.jar:?]
	at java.security.AccessController.doPrivileged(Native Method) ~[?:1.8.0_382]
	at javax.security.auth.Subject.doAs(Subject.java:422) [?:1.8.0_382]
	at org.apache.hadoop.security.UserGroupInformation.doAs(UserGroupInformation.java:1899) [hadoop-common-3.3.6.jar:?]
	at org.apache.hadoop.ipc.Server$Handler.run(Server.java:3048) [hadoop-common-3.3.6.jar:?]
09:31:21.961 [IPC Server handler 17 on default port 15004] ERROR OMAudit - user=runner | ip=127.0.0.1 | op=GET_FILE_STATUS {volume=volume76952, bucket=bucket05606, key=gdir1/dir2, dataSize=0, replicationConfig=null} | ret=FAILURE
org.apache.hadoop.ozone.om.exceptions.OMException: Unable to get file status: volume: volume76952 bucket: bucket05606 key: gdir1/dir2
	at org.apache.hadoop.ozone.om.KeyManagerImpl.getOzoneFileStatus(KeyManagerImpl.java:1195) ~[ozone-manager-1.4.0-SNAPSHOT.jar:?]
	at org.apache.hadoop.ozone.om.KeyManagerImpl.getFileStatus(KeyManagerImpl.java:1113) ~[ozone-manager-1.4.0-SNAPSHOT.jar:?]
	at org.apache.hadoop.ozone.om.OmMetadataReader.getFileStatus(OmMetadataReader.java:262) ~[ozone-manager-1.4.0-SNAPSHOT.jar:?]
	at org.apache.hadoop.ozone.om.OzoneManager.getFileStatus(OzoneManager.java:3513) ~[ozone-manager-1.4.0-SNAPSHOT.jar:?]
	at org.apache.hadoop.ozone.protocolPB.OzoneManagerRequestHandler.getOzoneFileStatus(OzoneManagerRequestHandler.java:973) ~[ozone-manager-1.4.0-SNAPSHOT.jar:?]
	at org.apache.hadoop.ozone.protocolPB.OzoneManagerRequestHandler.handleReadRequest(OzoneManagerRequestHandler.java:252) ~[ozone-manager-1.4.0-SNAPSHOT.jar:?]
	at org.apache.hadoop.ozone.protocolPB.OzoneManagerProtocolServerSideTranslatorPB.submitReadRequestToOM(OzoneManagerProtocolServerSideTranslatorPB.java:225) ~[ozone-manager-1.4.0-SNAPSHOT.jar:?]
	at org.apache.hadoop.ozone.protocolPB.OzoneManagerProtocolServerSideTranslatorPB.processRequest(OzoneManagerProtocolServerSideTranslatorPB.java:179) ~[ozone-manager-1.4.0-SNAPSHOT.jar:?]
	at org.apache.hadoop.hdds.server.OzoneProtocolMessageDispatcher.processRequest(OzoneProtocolMessageDispatcher.java:87) [hdds-server-framework-1.4.0-SNAPSHOT.jar:?]
	at org.apache.hadoop.ozone.protocolPB.OzoneManagerProtocolServerSideTranslatorPB.submitRequest(OzoneManagerProtocolServerSideTranslatorPB.java:148) [ozone-manager-1.4.0-SNAPSHOT.jar:?]
	at org.apache.hadoop.ozone.protocol.proto.OzoneManagerProtocolProtos$OzoneManagerService$2.callBlockingMethod(OzoneManagerProtocolProtos.java) [ozone-interface-client-1.4.0-SNAPSHOT.jar:?]
	at org.apache.hadoop.ipc.ProtobufRpcEngine$Server.processCall(ProtobufRpcEngine.java:484) [hadoop-common-3.3.6.jar:?]
	at org.apache.hadoop.ipc.ProtobufRpcEngine2$Server$ProtoBufRpcInvoker.call(ProtobufRpcEngine2.java:595) [hadoop-common-3.3.6.jar:?]
	at org.apache.hadoop.ipc.ProtobufRpcEngine2$Server$ProtoBufRpcInvoker.call(ProtobufRpcEngine2.java:573) [hadoop-common-3.3.6.jar:?]
	at org.apache.hadoop.ipc.RPC$Server.call(RPC.java:1227) [hadoop-common-3.3.6.jar:?]
	at org.apache.hadoop.ipc.Server$RpcCall.run(Server.java:1094) [hadoop-common-3.3.6.jar:?]
	at org.apache.hadoop.ipc.Server$RpcCall.run(Server.java:1017) [hadoop-common-3.3.6.jar:?]
	at java.security.AccessController.doPrivileged(Native Method) ~[?:1.8.0_382]
	at javax.security.auth.Subject.doAs(Subject.java:422) [?:1.8.0_382]
	at org.apache.hadoop.security.UserGroupInformation.doAs(UserGroupInformation.java:1899) [hadoop-common-3.3.6.jar:?]
	at org.apache.hadoop.ipc.Server$Handler.run(Server.java:3048) [hadoop-common-3.3.6.jar:?]
09:31:21.963 [IPC Server handler 16 on default port 15004] ERROR OMAudit - user=runner | ip=127.0.0.1 | op=GET_FILE_STATUS {volume=volume76952, bucket=bucket05606, key=gdir1/dir2/child, dataSize=0, replicationConfig=null} | ret=FAILURE
org.apache.hadoop.ozone.om.exceptions.OMException: Unable to get file status: volume: volume76952 bucket: bucket05606 key: gdir1/dir2/child
	at org.apache.hadoop.ozone.om.KeyManagerImpl.getOzoneFileStatus(KeyManagerImpl.java:1195) ~[ozone-manager-1.4.0-SNAPSHOT.jar:?]
	at org.apache.hadoop.ozone.om.KeyManagerImpl.getFileStatus(KeyManagerImpl.java:1113) ~[ozone-manager-1.4.0-SNAPSHOT.jar:?]
	at org.apache.hadoop.ozone.om.OmMetadataReader.getFileStatus(OmMetadataReader.java:262) ~[ozone-manager-1.4.0-SNAPSHOT.jar:?]
	at org.apache.hadoop.ozone.om.OzoneManager.getFileStatus(OzoneManager.java:3513) ~[ozone-manager-1.4.0-SNAPSHOT.jar:?]
	at org.apache.hadoop.ozone.protocolPB.OzoneManagerRequestHandler.getOzoneFileStatus(OzoneManagerRequestHandler.java:973) ~[ozone-manager-1.4.0-SNAPSHOT.jar:?]
	at org.apache.hadoop.ozone.protocolPB.OzoneManagerRequestHandler.handleReadRequest(OzoneManagerRequestHandler.java:252) ~[ozone-manager-1.4.0-SNAPSHOT.jar:?]
	at org.apache.hadoop.ozone.protocolPB.OzoneManagerProtocolServerSideTranslatorPB.submitReadRequestToOM(OzoneManagerProtocolServerSideTranslatorPB.java:225) ~[ozone-manager-1.4.0-SNAPSHOT.jar:?]
	at org.apache.hadoop.ozone.protocolPB.OzoneManagerProtocolServerSideTranslatorPB.processRequest(OzoneManagerProtocolServerSideTranslatorPB.java:179) ~[ozone-manager-1.4.0-SNAPSHOT.jar:?]
	at org.apache.hadoop.hdds.server.OzoneProtocolMessageDispatcher.processRequest(OzoneProtocolMessageDispatcher.java:87) [hdds-server-framework-1.4.0-SNAPSHOT.jar:?]
	at org.apache.hadoop.ozone.protocolPB.OzoneManagerProtocolServerSideTranslatorPB.submitRequest(OzoneManagerProtocolServerSideTranslatorPB.java:148) [ozone-manager-1.4.0-SNAPSHOT.jar:?]
	at org.apache.hadoop.ozone.protocol.proto.OzoneManagerProtocolProtos$OzoneManagerService$2.callBlockingMethod(OzoneManagerProtocolProtos.java) [ozone-interface-client-1.4.0-SNAPSHOT.jar:?]
	at org.apache.hadoop.ipc.ProtobufRpcEngine$Server.processCall(ProtobufRpcEngine.java:484) [hadoop-common-3.3.6.jar:?]
	at org.apache.hadoop.ipc.ProtobufRpcEngine2$Server$ProtoBufRpcInvoker.call(ProtobufRpcEngine2.java:595) [hadoop-common-3.3.6.jar:?]
	at org.apache.hadoop.ipc.ProtobufRpcEngine2$Server$ProtoBufRpcInvoker.call(ProtobufRpcEngine2.java:573) [hadoop-common-3.3.6.jar:?]
	at org.apache.hadoop.ipc.RPC$Server.call(RPC.java:1227) [hadoop-common-3.3.6.jar:?]
	at org.apache.hadoop.ipc.Server$RpcCall.run(Server.java:1094) [hadoop-common-3.3.6.jar:?]
	at org.apache.hadoop.ipc.Server$RpcCall.run(Server.java:1017) [hadoop-common-3.3.6.jar:?]
	at java.security.AccessController.doPrivileged(Native Method) ~[?:1.8.0_382]
	at javax.security.auth.Subject.doAs(Subject.java:422) [?:1.8.0_382]
	at org.apache.hadoop.security.UserGroupInformation.doAs(UserGroupInformation.java:1899) [hadoop-common-3.3.6.jar:?]
	at org.apache.hadoop.ipc.Server$Handler.run(Server.java:3048) [hadoop-common-3.3.6.jar:?]
09:31:21.965 [IPC Server handler 15 on default port 15004] ERROR OMAudit - user=runner | ip=127.0.0.1 | op=GET_FILE_STATUS {volume=volume76952, bucket=bucket05606, key=gdir1/dir3, dataSize=0, replicationConfig=null} | ret=FAILURE
org.apache.hadoop.ozone.om.exceptions.OMException: Unable to get file status: volume: volume76952 bucket: bucket05606 key: gdir1/dir3
	at org.apache.hadoop.ozone.om.KeyManagerImpl.getOzoneFileStatus(KeyManagerImpl.java:1195) ~[ozone-manager-1.4.0-SNAPSHOT.jar:?]
	at org.apache.hadoop.ozone.om.KeyManagerImpl.getFileStatus(KeyManagerImpl.java:1113) ~[ozone-manager-1.4.0-SNAPSHOT.jar:?]
	at org.apache.hadoop.ozone.om.OmMetadataReader.getFileStatus(OmMetadataReader.java:262) ~[ozone-manager-1.4.0-SNAPSHOT.jar:?]
	at org.apache.hadoop.ozone.om.OzoneManager.getFileStatus(OzoneManager.java:3513) ~[ozone-manager-1.4.0-SNAPSHOT.jar:?]
	at org.apache.hadoop.ozone.protocolPB.OzoneManagerRequestHandler.getOzoneFileStatus(OzoneManagerRequestHandler.java:973) ~[ozone-manager-1.4.0-SNAPSHOT.jar:?]
	at org.apache.hadoop.ozone.protocolPB.OzoneManagerRequestHandler.handleReadRequest(OzoneManagerRequestHandler.java:252) ~[ozone-manager-1.4.0-SNAPSHOT.jar:?]
	at org.apache.hadoop.ozone.protocolPB.OzoneManagerProtocolServerSideTranslatorPB.submitReadRequestToOM(OzoneManagerProtocolServerSideTranslatorPB.java:225) ~[ozone-manager-1.4.0-SNAPSHOT.jar:?]
	at org.apache.hadoop.ozone.protocolPB.OzoneManagerProtocolServerSideTranslatorPB.processRequest(OzoneManagerProtocolServerSideTranslatorPB.java:179) ~[ozone-manager-1.4.0-SNAPSHOT.jar:?]
	at org.apache.hadoop.hdds.server.OzoneProtocolMessageDispatcher.processRequest(OzoneProtocolMessageDispatcher.java:87) [hdds-server-framework-1.4.0-SNAPSHOT.jar:?]
	at org.apache.hadoop.ozone.protocolPB.OzoneManagerProtocolServerSideTranslatorPB.submitRequest(OzoneManagerProtocolServerSideTranslatorPB.java:148) [ozone-manager-1.4.0-SNAPSHOT.jar:?]
	at org.apache.hadoop.ozone.protocol.proto.OzoneManagerProtocolProtos$OzoneManagerService$2.callBlockingMethod(OzoneManagerProtocolProtos.java) [ozone-interface-client-1.4.0-SNAPSHOT.jar:?]
	at org.apache.hadoop.ipc.ProtobufRpcEngine$Server.processCall(ProtobufRpcEngine.java:484) [hadoop-common-3.3.6.jar:?]
	at org.apache.hadoop.ipc.ProtobufRpcEngine2$Server$ProtoBufRpcInvoker.call(ProtobufRpcEngine2.java:595) [hadoop-common-3.3.6.jar:?]
	at org.apache.hadoop.ipc.ProtobufRpcEngine2$Server$ProtoBufRpcInvoker.call(ProtobufRpcEngine2.java:573) [hadoop-common-3.3.6.jar:?]
	at org.apache.hadoop.ipc.RPC$Server.call(RPC.java:1227) [hadoop-common-3.3.6.jar:?]
	at org.apache.hadoop.ipc.Server$RpcCall.run(Server.java:1094) [hadoop-common-3.3.6.jar:?]
	at org.apache.hadoop.ipc.Server$RpcCall.run(Server.java:1017) [hadoop-common-3.3.6.jar:?]
	at java.security.AccessController.doPrivileged(Native Method) ~[?:1.8.0_382]
	at javax.security.auth.Subject.doAs(Subject.java:422) [?:1.8.0_382]
	at org.apache.hadoop.security.UserGroupInformation.doAs(UserGroupInformation.java:1899) [hadoop-common-3.3.6.jar:?]
	at org.apache.hadoop.ipc.Server$Handler.run(Server.java:3048) [hadoop-common-3.3.6.jar:?]
09:31:21.967 [IPC Server handler 14 on default port 15004] ERROR OMAudit - user=runner | ip=127.0.0.1 | op=GET_FILE_STATUS {volume=volume76952, bucket=bucket05606, key=gdir1/dir3/child, dataSize=0, replicationConfig=null} | ret=FAILURE
org.apache.hadoop.ozone.om.exceptions.OMException: Unable to get file status: volume: volume76952 bucket: bucket05606 key: gdir1/dir3/child
	at org.apache.hadoop.ozone.om.KeyManagerImpl.getOzoneFileStatus(KeyManagerImpl.java:1195) ~[ozone-manager-1.4.0-SNAPSHOT.jar:?]
	at org.apache.hadoop.ozone.om.KeyManagerImpl.getFileStatus(KeyManagerImpl.java:1113) ~[ozone-manager-1.4.0-SNAPSHOT.jar:?]
	at org.apache.hadoop.ozone.om.OmMetadataReader.getFileStatus(OmMetadataReader.java:262) ~[ozone-manager-1.4.0-SNAPSHOT.jar:?]
	at org.apache.hadoop.ozone.om.OzoneManager.getFileStatus(OzoneManager.java:3513) ~[ozone-manager-1.4.0-SNAPSHOT.jar:?]
	at org.apache.hadoop.ozone.protocolPB.OzoneManagerRequestHandler.getOzoneFileStatus(OzoneManagerRequestHandler.java:973) ~[ozone-manager-1.4.0-SNAPSHOT.jar:?]
	at org.apache.hadoop.ozone.protocolPB.OzoneManagerRequestHandler.handleReadRequest(OzoneManagerRequestHandler.java:252) ~[ozone-manager-1.4.0-SNAPSHOT.jar:?]
	at org.apache.hadoop.ozone.protocolPB.OzoneManagerProtocolServerSideTranslatorPB.submitReadRequestToOM(OzoneManagerProtocolServerSideTranslatorPB.java:225) ~[ozone-manager-1.4.0-SNAPSHOT.jar:?]
	at org.apache.hadoop.ozone.protocolPB.OzoneManagerProtocolServerSideTranslatorPB.processRequest(OzoneManagerProtocolServerSideTranslatorPB.java:179) ~[ozone-manager-1.4.0-SNAPSHOT.jar:?]
	at org.apache.hadoop.hdds.server.OzoneProtocolMessageDispatcher.processRequest(OzoneProtocolMessageDispatcher.java:87) [hdds-server-framework-1.4.0-SNAPSHOT.jar:?]
	at org.apache.hadoop.ozone.protocolPB.OzoneManagerProtocolServerSideTranslatorPB.submitRequest(OzoneManagerProtocolServerSideTranslatorPB.java:148) [ozone-manager-1.4.0-SNAPSHOT.jar:?]
	at org.apache.hadoop.ozone.protocol.proto.OzoneManagerProtocolProtos$OzoneManagerService$2.callBlockingMethod(OzoneManagerProtocolProtos.java) [ozone-interface-client-1.4.0-SNAPSHOT.jar:?]
	at org.apache.hadoop.ipc.ProtobufRpcEngine$Server.processCall(ProtobufRpcEngine.java:484) [hadoop-common-3.3.6.jar:?]
	at org.apache.hadoop.ipc.ProtobufRpcEngine2$Server$ProtoBufRpcInvoker.call(ProtobufRpcEngine2.java:595) [hadoop-common-3.3.6.jar:?]
	at org.apache.hadoop.ipc.ProtobufRpcEngine2$Server$ProtoBufRpcInvoker.call(ProtobufRpcEngine2.java:573) [hadoop-common-3.3.6.jar:?]
	at org.apache.hadoop.ipc.RPC$Server.call(RPC.java:1227) [hadoop-common-3.3.6.jar:?]
	at org.apache.hadoop.ipc.Server$RpcCall.run(Server.java:1094) [hadoop-common-3.3.6.jar:?]
	at org.apache.hadoop.ipc.Server$RpcCall.run(Server.java:1017) [hadoop-common-3.3.6.jar:?]
	at java.security.AccessController.doPrivileged(Native Method) ~[?:1.8.0_382]
	at javax.security.auth.Subject.doAs(Subject.java:422) [?:1.8.0_382]
	at org.apache.hadoop.security.UserGroupInformation.doAs(UserGroupInformation.java:1899) [hadoop-common-3.3.6.jar:?]
	at org.apache.hadoop.ipc.Server$Handler.run(Server.java:3048) [hadoop-common-3.3.6.jar:?]
09:31:21.969 [IPC Server handler 9 on default port 15004] ERROR OMAudit - user=runner | ip=127.0.0.1 | op=GET_FILE_STATUS {volume=volume76952, bucket=bucket05606, key=gdir1/dir4, dataSize=0, replicationConfig=null} | ret=FAILURE
org.apache.hadoop.ozone.om.exceptions.OMException: Unable to get file status: volume: volume76952 bucket: bucket05606 key: gdir1/dir4
	at org.apache.hadoop.ozone.om.KeyManagerImpl.getOzoneFileStatus(KeyManagerImpl.java:1195) ~[ozone-manager-1.4.0-SNAPSHOT.jar:?]
	at org.apache.hadoop.ozone.om.KeyManagerImpl.getFileStatus(KeyManagerImpl.java:1113) ~[ozone-manager-1.4.0-SNAPSHOT.jar:?]
	at org.apache.hadoop.ozone.om.OmMetadataReader.getFileStatus(OmMetadataReader.java:262) ~[ozone-manager-1.4.0-SNAPSHOT.jar:?]
	at org.apache.hadoop.ozone.om.OzoneManager.getFileStatus(OzoneManager.java:3513) ~[ozone-manager-1.4.0-SNAPSHOT.jar:?]
	at org.apache.hadoop.ozone.protocolPB.OzoneManagerRequestHandler.getOzoneFileStatus(OzoneManagerRequestHandler.java:973) ~[ozone-manager-1.4.0-SNAPSHOT.jar:?]
	at org.apache.hadoop.ozone.protocolPB.OzoneManagerRequestHandler.handleReadRequest(OzoneManagerRequestHandler.java:252) ~[ozone-manager-1.4.0-SNAPSHOT.jar:?]
	at org.apache.hadoop.ozone.protocolPB.OzoneManagerProtocolServerSideTranslatorPB.submitReadRequestToOM(OzoneManagerProtocolServerSideTranslatorPB.java:225) ~[ozone-manager-1.4.0-SNAPSHOT.jar:?]
	at org.apache.hadoop.ozone.protocolPB.OzoneManagerProtocolServerSideTranslatorPB.processRequest(OzoneManagerProtocolServerSideTranslatorPB.java:179) ~[ozone-manager-1.4.0-SNAPSHOT.jar:?]
	at org.apache.hadoop.hdds.server.OzoneProtocolMessageDispatcher.processRequest(OzoneProtocolMessageDispatcher.java:87) [hdds-server-framework-1.4.0-SNAPSHOT.jar:?]
	at org.apache.hadoop.ozone.protocolPB.OzoneManagerProtocolServerSideTranslatorPB.submitRequest(OzoneManagerProtocolServerSideTranslatorPB.java:148) [ozone-manager-1.4.0-SNAPSHOT.jar:?]
	at org.apache.hadoop.ozone.protocol.proto.OzoneManagerProtocolProtos$OzoneManagerService$2.callBlockingMethod(OzoneManagerProtocolProtos.java) [ozone-interface-client-1.4.0-SNAPSHOT.jar:?]
	at org.apache.hadoop.ipc.ProtobufRpcEngine$Server.processCall(ProtobufRpcEngine.java:484) [hadoop-common-3.3.6.jar:?]
	at org.apache.hadoop.ipc.ProtobufRpcEngine2$Server$ProtoBufRpcInvoker.call(ProtobufRpcEngine2.java:595) [hadoop-common-3.3.6.jar:?]
	at org.apache.hadoop.ipc.ProtobufRpcEngine2$Server$ProtoBufRpcInvoker.call(ProtobufRpcEngine2.java:573) [hadoop-common-3.3.6.jar:?]
	at org.apache.hadoop.ipc.RPC$Server.call(RPC.java:1227) [hadoop-common-3.3.6.jar:?]
	at org.apache.hadoop.ipc.Server$RpcCall.run(Server.java:1094) [hadoop-common-3.3.6.jar:?]
	at org.apache.hadoop.ipc.Server$RpcCall.run(Server.java:1017) [hadoop-common-3.3.6.jar:?]
	at java.security.AccessController.doPrivileged(Native Method) ~[?:1.8.0_382]
	at javax.security.auth.Subject.doAs(Subject.java:422) [?:1.8.0_382]
	at org.apache.hadoop.security.UserGroupInformation.doAs(UserGroupInformation.java:1899) [hadoop-common-3.3.6.jar:?]
	at org.apache.hadoop.ipc.Server$Handler.run(Server.java:3048) [hadoop-common-3.3.6.jar:?]
09:31:21.970 [IPC Server handler 7 on default port 15004] ERROR OMAudit - user=runner | ip=127.0.0.1 | op=GET_FILE_STATUS {volume=volume76952, bucket=bucket05606, key=gdir1/dir4/child, dataSize=0, replicationConfig=null} | ret=FAILURE
org.apache.hadoop.ozone.om.exceptions.OMException: Unable to get file status: volume: volume76952 bucket: bucket05606 key: gdir1/dir4/child
	at org.apache.hadoop.ozone.om.KeyManagerImpl.getOzoneFileStatus(KeyManagerImpl.java:1195) ~[ozone-manager-1.4.0-SNAPSHOT.jar:?]
	at org.apache.hadoop.ozone.om.KeyManagerImpl.getFileStatus(KeyManagerImpl.java:1113) ~[ozone-manager-1.4.0-SNAPSHOT.jar:?]
	at org.apache.hadoop.ozone.om.OmMetadataReader.getFileStatus(OmMetadataReader.java:262) ~[ozone-manager-1.4.0-SNAPSHOT.jar:?]
	at org.apache.hadoop.ozone.om.OzoneManager.getFileStatus(OzoneManager.java:3513) ~[ozone-manager-1.4.0-SNAPSHOT.jar:?]
	at org.apache.hadoop.ozone.protocolPB.OzoneManagerRequestHandler.getOzoneFileStatus(OzoneManagerRequestHandler.java:973) ~[ozone-manager-1.4.0-SNAPSHOT.jar:?]
	at org.apache.hadoop.ozone.protocolPB.OzoneManagerRequestHandler.handleReadRequest(OzoneManagerRequestHandler.java:252) ~[ozone-manager-1.4.0-SNAPSHOT.jar:?]
	at org.apache.hadoop.ozone.protocolPB.OzoneManagerProtocolServerSideTranslatorPB.submitReadRequestToOM(OzoneManagerProtocolServerSideTranslatorPB.java:225) ~[ozone-manager-1.4.0-SNAPSHOT.jar:?]
	at org.apache.hadoop.ozone.protocolPB.OzoneManagerProtocolServerSideTranslatorPB.processRequest(OzoneManagerProtocolServerSideTranslatorPB.java:179) ~[ozone-manager-1.4.0-SNAPSHOT.jar:?]
	at org.apache.hadoop.hdds.server.OzoneProtocolMessageDispatcher.processRequest(OzoneProtocolMessageDispatcher.java:87) [hdds-server-framework-1.4.0-SNAPSHOT.jar:?]
	at org.apache.hadoop.ozone.protocolPB.OzoneManagerProtocolServerSideTranslatorPB.submitRequest(OzoneManagerProtocolServerSideTranslatorPB.java:148) [ozone-manager-1.4.0-SNAPSHOT.jar:?]
	at org.apache.hadoop.ozone.protocol.proto.OzoneManagerProtocolProtos$OzoneManagerService$2.callBlockingMethod(OzoneManagerProtocolProtos.java) [ozone-interface-client-1.4.0-SNAPSHOT.jar:?]
	at org.apache.hadoop.ipc.ProtobufRpcEngine$Server.processCall(ProtobufRpcEngine.java:484) [hadoop-common-3.3.6.jar:?]
	at org.apache.hadoop.ipc.ProtobufRpcEngine2$Server$ProtoBufRpcInvoker.call(ProtobufRpcEngine2.java:595) [hadoop-common-3.3.6.jar:?]
	at org.apache.hadoop.ipc.ProtobufRpcEngine2$Server$ProtoBufRpcInvoker.call(ProtobufRpcEngine2.java:573) [hadoop-common-3.3.6.jar:?]
	at org.apache.hadoop.ipc.RPC$Server.call(RPC.java:1227) [hadoop-common-3.3.6.jar:?]
	at org.apache.hadoop.ipc.Server$RpcCall.run(Server.java:1094) [hadoop-common-3.3.6.jar:?]
	at org.apache.hadoop.ipc.Server$RpcCall.run(Server.java:1017) [hadoop-common-3.3.6.jar:?]
	at java.security.AccessController.doPrivileged(Native Method) ~[?:1.8.0_382]
	at javax.security.auth.Subject.doAs(Subject.java:422) [?:1.8.0_382]
	at org.apache.hadoop.security.UserGroupInformation.doAs(UserGroupInformation.java:1899) [hadoop-common-3.3.6.jar:?]
	at org.apache.hadoop.ipc.Server$Handler.run(Server.java:3048) [hadoop-common-3.3.6.jar:?]
09:31:21.972 [IPC Server handler 3 on default port 15004] ERROR OMAudit - user=runner | ip=127.0.0.1 | op=GET_FILE_STATUS {volume=volume76952, bucket=bucket05606, key=gdir1/dir5, dataSize=0, replicationConfig=null} | ret=FAILURE
org.apache.hadoop.ozone.om.exceptions.OMException: Unable to get file status: volume: volume76952 bucket: bucket05606 key: gdir1/dir5
	at org.apache.hadoop.ozone.om.KeyManagerImpl.getOzoneFileStatus(KeyManagerImpl.java:1195) ~[ozone-manager-1.4.0-SNAPSHOT.jar:?]
	at org.apache.hadoop.ozone.om.KeyManagerImpl.getFileStatus(KeyManagerImpl.java:1113) ~[ozone-manager-1.4.0-SNAPSHOT.jar:?]
	at org.apache.hadoop.ozone.om.OmMetadataReader.getFileStatus(OmMetadataReader.java:262) ~[ozone-manager-1.4.0-SNAPSHOT.jar:?]
	at org.apache.hadoop.ozone.om.OzoneManager.getFileStatus(OzoneManager.java:3513) ~[ozone-manager-1.4.0-SNAPSHOT.jar:?]
	at org.apache.hadoop.ozone.protocolPB.OzoneManagerRequestHandler.getOzoneFileStatus(OzoneManagerRequestHandler.java:973) ~[ozone-manager-1.4.0-SNAPSHOT.jar:?]
	at org.apache.hadoop.ozone.protocolPB.OzoneManagerRequestHandler.handleReadRequest(OzoneManagerRequestHandler.java:252) ~[ozone-manager-1.4.0-SNAPSHOT.jar:?]
	at org.apache.hadoop.ozone.protocolPB.OzoneManagerProtocolServerSideTranslatorPB.submitReadRequestToOM(OzoneManagerProtocolServerSideTranslatorPB.java:225) ~[ozone-manager-1.4.0-SNAPSHOT.jar:?]
	at org.apache.hadoop.ozone.protocolPB.OzoneManagerProtocolServerSideTranslatorPB.processRequest(OzoneManagerProtocolServerSideTranslatorPB.java:179) ~[ozone-manager-1.4.0-SNAPSHOT.jar:?]
	at org.apache.hadoop.hdds.server.OzoneProtocolMessageDispatcher.processRequest(OzoneProtocolMessageDispatcher.java:87) [hdds-server-framework-1.4.0-SNAPSHOT.jar:?]
	at org.apache.hadoop.ozone.protocolPB.OzoneManagerProtocolServerSideTranslatorPB.submitRequest(OzoneManagerProtocolServerSideTranslatorPB.java:148) [ozone-manager-1.4.0-SNAPSHOT.jar:?]
	at org.apache.hadoop.ozone.protocol.proto.OzoneManagerProtocolProtos$OzoneManagerService$2.callBlockingMethod(OzoneManagerProtocolProtos.java) [ozone-interface-client-1.4.0-SNAPSHOT.jar:?]
	at org.apache.hadoop.ipc.ProtobufRpcEngine$Server.processCall(ProtobufRpcEngine.java:484) [hadoop-common-3.3.6.jar:?]
	at org.apache.hadoop.ipc.ProtobufRpcEngine2$Server$ProtoBufRpcInvoker.call(ProtobufRpcEngine2.java:595) [hadoop-common-3.3.6.jar:?]
	at org.apache.hadoop.ipc.ProtobufRpcEngine2$Server$ProtoBufRpcInvoker.call(ProtobufRpcEngine2.java:573) [hadoop-common-3.3.6.jar:?]
	at org.apache.hadoop.ipc.RPC$Server.call(RPC.java:1227) [hadoop-common-3.3.6.jar:?]
	at org.apache.hadoop.ipc.Server$RpcCall.run(Server.java:1094) [hadoop-common-3.3.6.jar:?]
	at org.apache.hadoop.ipc.Server$RpcCall.run(Server.java:1017) [hadoop-common-3.3.6.jar:?]
	at java.security.AccessController.doPrivileged(Native Method) ~[?:1.8.0_382]
	at javax.security.auth.Subject.doAs(Subject.java:422) [?:1.8.0_382]
	at org.apache.hadoop.security.UserGroupInformation.doAs(UserGroupInformation.java:1899) [hadoop-common-3.3.6.jar:?]
	at org.apache.hadoop.ipc.Server$Handler.run(Server.java:3048) [hadoop-common-3.3.6.jar:?]
09:31:21.974 [IPC Server handler 1 on default port 15004] ERROR OMAudit - user=runner | ip=127.0.0.1 | op=GET_FILE_STATUS {volume=volume76952, bucket=bucket05606, key=gdir1/dir5/child, dataSize=0, replicationConfig=null} | ret=FAILURE
org.apache.hadoop.ozone.om.exceptions.OMException: Unable to get file status: volume: volume76952 bucket: bucket05606 key: gdir1/dir5/child
	at org.apache.hadoop.ozone.om.KeyManagerImpl.getOzoneFileStatus(KeyManagerImpl.java:1195) ~[ozone-manager-1.4.0-SNAPSHOT.jar:?]
	at org.apache.hadoop.ozone.om.KeyManagerImpl.getFileStatus(KeyManagerImpl.java:1113) ~[ozone-manager-1.4.0-SNAPSHOT.jar:?]
	at org.apache.hadoop.ozone.om.OmMetadataReader.getFileStatus(OmMetadataReader.java:262) ~[ozone-manager-1.4.0-SNAPSHOT.jar:?]
	at org.apache.hadoop.ozone.om.OzoneManager.getFileStatus(OzoneManager.java:3513) ~[ozone-manager-1.4.0-SNAPSHOT.jar:?]
	at org.apache.hadoop.ozone.protocolPB.OzoneManagerRequestHandler.getOzoneFileStatus(OzoneManagerRequestHandler.java:973) ~[ozone-manager-1.4.0-SNAPSHOT.jar:?]
	at org.apache.hadoop.ozone.protocolPB.OzoneManagerRequestHandler.handleReadRequest(OzoneManagerRequestHandler.java:252) ~[ozone-manager-1.4.0-SNAPSHOT.jar:?]
	at org.apache.hadoop.ozone.protocolPB.OzoneManagerProtocolServerSideTranslatorPB.submitReadRequestToOM(OzoneManagerProtocolServerSideTranslatorPB.java:225) ~[ozone-manager-1.4.0-SNAPSHOT.jar:?]
	at org.apache.hadoop.ozone.protocolPB.OzoneManagerProtocolServerSideTranslatorPB.processRequest(OzoneManagerProtocolServerSideTranslatorPB.java:179) ~[ozone-manager-1.4.0-SNAPSHOT.jar:?]
	at org.apache.hadoop.hdds.server.OzoneProtocolMessageDispatcher.processRequest(OzoneProtocolMessageDispatcher.java:87) [hdds-server-framework-1.4.0-SNAPSHOT.jar:?]
	at org.apache.hadoop.ozone.protocolPB.OzoneManagerProtocolServerSideTranslatorPB.submitRequest(OzoneManagerProtocolServerSideTranslatorPB.java:148) [ozone-manager-1.4.0-SNAPSHOT.jar:?]
	at org.apache.hadoop.ozone.protocol.proto.OzoneManagerProtocolProtos$OzoneManagerService$2.callBlockingMethod(OzoneManagerProtocolProtos.java) [ozone-interface-client-1.4.0-SNAPSHOT.jar:?]
	at org.apache.hadoop.ipc.ProtobufRpcEngine$Server.processCall(ProtobufRpcEngine.java:484) [hadoop-common-3.3.6.jar:?]
	at org.apache.hadoop.ipc.ProtobufRpcEngine2$Server$ProtoBufRpcInvoker.call(ProtobufRpcEngine2.java:595) [hadoop-common-3.3.6.jar:?]
	at org.apache.hadoop.ipc.ProtobufRpcEngine2$Server$ProtoBufRpcInvoker.call(ProtobufRpcEngine2.java:573) [hadoop-common-3.3.6.jar:?]
	at org.apache.hadoop.ipc.RPC$Server.call(RPC.java:1227) [hadoop-common-3.3.6.jar:?]
	at org.apache.hadoop.ipc.Server$RpcCall.run(Server.java:1094) [hadoop-common-3.3.6.jar:?]
	at org.apache.hadoop.ipc.Server$RpcCall.run(Server.java:1017) [hadoop-common-3.3.6.jar:?]
	at java.security.AccessController.doPrivileged(Native Method) ~[?:1.8.0_382]
	at javax.security.auth.Subject.doAs(Subject.java:422) [?:1.8.0_382]
	at org.apache.hadoop.security.UserGroupInformation.doAs(UserGroupInformation.java:1899) [hadoop-common-3.3.6.jar:?]
	at org.apache.hadoop.ipc.Server$Handler.run(Server.java:3048) [hadoop-common-3.3.6.jar:?]
09:31:21.975 [IPC Server handler 0 on default port 15004] ERROR OMAudit - user=runner | ip=127.0.0.1 | op=GET_FILE_STATUS {volume=volume76952, bucket=bucket05606, key=gdir1/dir6, dataSize=0, replicationConfig=null} | ret=FAILURE
org.apache.hadoop.ozone.om.exceptions.OMException: Unable to get file status: volume: volume76952 bucket: bucket05606 key: gdir1/dir6
	at org.apache.hadoop.ozone.om.KeyManagerImpl.getOzoneFileStatus(KeyManagerImpl.java:1195) ~[ozone-manager-1.4.0-SNAPSHOT.jar:?]
	at org.apache.hadoop.ozone.om.KeyManagerImpl.getFileStatus(KeyManagerImpl.java:1113) ~[ozone-manager-1.4.0-SNAPSHOT.jar:?]
	at org.apache.hadoop.ozone.om.OmMetadataReader.getFileStatus(OmMetadataReader.java:262) ~[ozone-manager-1.4.0-SNAPSHOT.jar:?]
	at org.apache.hadoop.ozone.om.OzoneManager.getFileStatus(OzoneManager.java:3513) ~[ozone-manager-1.4.0-SNAPSHOT.jar:?]
	at org.apache.hadoop.ozone.protocolPB.OzoneManagerRequestHandler.getOzoneFileStatus(OzoneManagerRequestHandler.java:973) ~[ozone-manager-1.4.0-SNAPSHOT.jar:?]
	at org.apache.hadoop.ozone.protocolPB.OzoneManagerRequestHandler.handleReadRequest(OzoneManagerRequestHandler.java:252) ~[ozone-manager-1.4.0-SNAPSHOT.jar:?]
	at org.apache.hadoop.ozone.protocolPB.OzoneManagerProtocolServerSideTranslatorPB.submitReadRequestToOM(OzoneManagerProtocolServerSideTranslatorPB.java:225) ~[ozone-manager-1.4.0-SNAPSHOT.jar:?]
	at org.apache.hadoop.ozone.protocolPB.OzoneManagerProtocolServerSideTranslatorPB.processRequest(OzoneManagerProtocolServerSideTranslatorPB.java:179) ~[ozone-manager-1.4.0-SNAPSHOT.jar:?]
	at org.apache.hadoop.hdds.server.OzoneProtocolMessageDispatcher.processRequest(OzoneProtocolMessageDispatcher.java:87) [hdds-server-framework-1.4.0-SNAPSHOT.jar:?]
	at org.apache.hadoop.ozone.protocolPB.OzoneManagerProtocolServerSideTranslatorPB.submitRequest(OzoneManagerProtocolServerSideTranslatorPB.java:148) [ozone-manager-1.4.0-SNAPSHOT.jar:?]
	at org.apache.hadoop.ozone.protocol.proto.OzoneManagerProtocolProtos$OzoneManagerService$2.callBlockingMethod(OzoneManagerProtocolProtos.java) [ozone-interface-client-1.4.0-SNAPSHOT.jar:?]
	at org.apache.hadoop.ipc.ProtobufRpcEngine$Server.processCall(ProtobufRpcEngine.java:484) [hadoop-common-3.3.6.jar:?]
	at org.apache.hadoop.ipc.ProtobufRpcEngine2$Server$ProtoBufRpcInvoker.call(ProtobufRpcEngine2.java:595) [hadoop-common-3.3.6.jar:?]
	at org.apache.hadoop.ipc.ProtobufRpcEngine2$Server$ProtoBufRpcInvoker.call(ProtobufRpcEngine2.java:573) [hadoop-common-3.3.6.jar:?]
	at org.apache.hadoop.ipc.RPC$Server.call(RPC.java:1227) [hadoop-common-3.3.6.jar:?]
	at org.apache.hadoop.ipc.Server$RpcCall.run(Server.java:1094) [hadoop-common-3.3.6.jar:?]
	at org.apache.hadoop.ipc.Server$RpcCall.run(Server.java:1017) [hadoop-common-3.3.6.jar:?]
	at java.security.AccessController.doPrivileged(Native Method) ~[?:1.8.0_382]
	at javax.security.auth.Subject.doAs(Subject.java:422) [?:1.8.0_382]
	at org.apache.hadoop.security.UserGroupInformation.doAs(UserGroupInformation.java:1899) [hadoop-common-3.3.6.jar:?]
	at org.apache.hadoop.ipc.Server$Handler.run(Server.java:3048) [hadoop-common-3.3.6.jar:?]
09:31:21.977 [IPC Server handler 19 on default port 15004] ERROR OMAudit - user=runner | ip=127.0.0.1 | op=GET_FILE_STATUS {volume=volume76952, bucket=bucket05606, key=gdir1/dir6/child, dataSize=0, replicationConfig=null} | ret=FAILURE
org.apache.hadoop.ozone.om.exceptions.OMException: Unable to get file status: volume: volume76952 bucket: bucket05606 key: gdir1/dir6/child
	at org.apache.hadoop.ozone.om.KeyManagerImpl.getOzoneFileStatus(KeyManagerImpl.java:1195) ~[ozone-manager-1.4.0-SNAPSHOT.jar:?]
	at org.apache.hadoop.ozone.om.KeyManagerImpl.getFileStatus(KeyManagerImpl.java:1113) ~[ozone-manager-1.4.0-SNAPSHOT.jar:?]
	at org.apache.hadoop.ozone.om.OmMetadataReader.getFileStatus(OmMetadataReader.java:262) ~[ozone-manager-1.4.0-SNAPSHOT.jar:?]
	at org.apache.hadoop.ozone.om.OzoneManager.getFileStatus(OzoneManager.java:3513) ~[ozone-manager-1.4.0-SNAPSHOT.jar:?]
	at org.apache.hadoop.ozone.protocolPB.OzoneManagerRequestHandler.getOzoneFileStatus(OzoneManagerRequestHandler.java:973) ~[ozone-manager-1.4.0-SNAPSHOT.jar:?]
	at org.apache.hadoop.ozone.protocolPB.OzoneManagerRequestHandler.handleReadRequest(OzoneManagerRequestHandler.java:252) ~[ozone-manager-1.4.0-SNAPSHOT.jar:?]
	at org.apache.hadoop.ozone.protocolPB.OzoneManagerProtocolServerSideTranslatorPB.submitReadRequestToOM(OzoneManagerProtocolServerSideTranslatorPB.java:225) ~[ozone-manager-1.4.0-SNAPSHOT.jar:?]
	at org.apache.hadoop.ozone.protocolPB.OzoneManagerProtocolServerSideTranslatorPB.processRequest(OzoneManagerProtocolServerSideTranslatorPB.java:179) ~[ozone-manager-1.4.0-SNAPSHOT.jar:?]
	at org.apache.hadoop.hdds.server.OzoneProtocolMessageDispatcher.processRequest(OzoneProtocolMessageDispatcher.java:87) [hdds-server-framework-1.4.0-SNAPSHOT.jar:?]
	at org.apache.hadoop.ozone.protocolPB.OzoneManagerProtocolServerSideTranslatorPB.submitRequest(OzoneManagerProtocolServerSideTranslatorPB.java:148) [ozone-manager-1.4.0-SNAPSHOT.jar:?]
	at org.apache.hadoop.ozone.protocol.proto.OzoneManagerProtocolProtos$OzoneManagerService$2.callBlockingMethod(OzoneManagerProtocolProtos.java) [ozone-interface-client-1.4.0-SNAPSHOT.jar:?]
	at org.apache.hadoop.ipc.ProtobufRpcEngine$Server.processCall(ProtobufRpcEngine.java:484) [hadoop-common-3.3.6.jar:?]
	at org.apache.hadoop.ipc.ProtobufRpcEngine2$Server$ProtoBufRpcInvoker.call(ProtobufRpcEngine2.java:595) [hadoop-common-3.3.6.jar:?]
	at org.apache.hadoop.ipc.ProtobufRpcEngine2$Server$ProtoBufRpcInvoker.call(ProtobufRpcEngine2.java:573) [hadoop-common-3.3.6.jar:?]
	at org.apache.hadoop.ipc.RPC$Server.call(RPC.java:1227) [hadoop-common-3.3.6.jar:?]
	at org.apache.hadoop.ipc.Server$RpcCall.run(Server.java:1094) [hadoop-common-3.3.6.jar:?]
	at org.apache.hadoop.ipc.Server$RpcCall.run(Server.java:1017) [hadoop-common-3.3.6.jar:?]
	at java.security.AccessController.doPrivileged(Native Method) ~[?:1.8.0_382]
	at javax.security.auth.Subject.doAs(Subject.java:422) [?:1.8.0_382]
	at org.apache.hadoop.security.UserGroupInformation.doAs(UserGroupInformation.java:1899) [hadoop-common-3.3.6.jar:?]
	at org.apache.hadoop.ipc.Server$Handler.run(Server.java:3048) [hadoop-common-3.3.6.jar:?]
09:31:21.979 [IPC Server handler 18 on default port 15004] ERROR OMAudit - user=runner | ip=127.0.0.1 | op=GET_FILE_STATUS {volume=volume76952, bucket=bucket05606, key=gdir1/dir7, dataSize=0, replicationConfig=null} | ret=FAILURE
org.apache.hadoop.ozone.om.exceptions.OMException: Unable to get file status: volume: volume76952 bucket: bucket05606 key: gdir1/dir7
	at org.apache.hadoop.ozone.om.KeyManagerImpl.getOzoneFileStatus(KeyManagerImpl.java:1195) ~[ozone-manager-1.4.0-SNAPSHOT.jar:?]
	at org.apache.hadoop.ozone.om.KeyManagerImpl.getFileStatus(KeyManagerImpl.java:1113) ~[ozone-manager-1.4.0-SNAPSHOT.jar:?]
	at org.apache.hadoop.ozone.om.OmMetadataReader.getFileStatus(OmMetadataReader.java:262) ~[ozone-manager-1.4.0-SNAPSHOT.jar:?]
	at org.apache.hadoop.ozone.om.OzoneManager.getFileStatus(OzoneManager.java:3513) ~[ozone-manager-1.4.0-SNAPSHOT.jar:?]
	at org.apache.hadoop.ozone.protocolPB.OzoneManagerRequestHandler.getOzoneFileStatus(OzoneManagerRequestHandler.java:973) ~[ozone-manager-1.4.0-SNAPSHOT.jar:?]
	at org.apache.hadoop.ozone.protocolPB.OzoneManagerRequestHandler.handleReadRequest(OzoneManagerRequestHandler.java:252) ~[ozone-manager-1.4.0-SNAPSHOT.jar:?]
	at org.apache.hadoop.ozone.protocolPB.OzoneManagerProtocolServerSideTranslatorPB.submitReadRequestToOM(OzoneManagerProtocolServerSideTranslatorPB.java:225) ~[ozone-manager-1.4.0-SNAPSHOT.jar:?]
	at org.apache.hadoop.ozone.protocolPB.OzoneManagerProtocolServerSideTranslatorPB.processRequest(OzoneManagerProtocolServerSideTranslatorPB.java:179) ~[ozone-manager-1.4.0-SNAPSHOT.jar:?]
	at org.apache.hadoop.hdds.server.OzoneProtocolMessageDispatcher.processRequest(OzoneProtocolMessageDispatcher.java:87) [hdds-server-framework-1.4.0-SNAPSHOT.jar:?]
	at org.apache.hadoop.ozone.protocolPB.OzoneManagerProtocolServerSideTranslatorPB.submitRequest(OzoneManagerProtocolServerSideTranslatorPB.java:148) [ozone-manager-1.4.0-SNAPSHOT.jar:?]
	at org.apache.hadoop.ozone.protocol.proto.OzoneManagerProtocolProtos$OzoneManagerService$2.callBlockingMethod(OzoneManagerProtocolProtos.java) [ozone-interface-client-1.4.0-SNAPSHOT.jar:?]
	at org.apache.hadoop.ipc.ProtobufRpcEngine$Server.processCall(ProtobufRpcEngine.java:484) [hadoop-common-3.3.6.jar:?]
	at org.apache.hadoop.ipc.ProtobufRpcEngine2$Server$ProtoBufRpcInvoker.call(ProtobufRpcEngine2.java:595) [hadoop-common-3.3.6.jar:?]
	at org.apache.hadoop.ipc.ProtobufRpcEngine2$Server$ProtoBufRpcInvoker.call(ProtobufRpcEngine2.java:573) [hadoop-common-3.3.6.jar:?]
	at org.apache.hadoop.ipc.RPC$Server.call(RPC.java:1227) [hadoop-common-3.3.6.jar:?]
	at org.apache.hadoop.ipc.Server$RpcCall.run(Server.java:1094) [hadoop-common-3.3.6.jar:?]
	at org.apache.hadoop.ipc.Server$RpcCall.run(Server.java:1017) [hadoop-common-3.3.6.jar:?]
	at java.security.AccessController.doPrivileged(Native Method) ~[?:1.8.0_382]
	at javax.security.auth.Subject.doAs(Subject.java:422) [?:1.8.0_382]
	at org.apache.hadoop.security.UserGroupInformation.doAs(UserGroupInformation.java:1899) [hadoop-common-3.3.6.jar:?]
	at org.apache.hadoop.ipc.Server$Handler.run(Server.java:3048) [hadoop-common-3.3.6.jar:?]
09:31:21.981 [IPC Server handler 13 on default port 15004] ERROR OMAudit - user=runner | ip=127.0.0.1 | op=GET_FILE_STATUS {volume=volume76952, bucket=bucket05606, key=gdir1/dir7/child, dataSize=0, replicationConfig=null} | ret=FAILURE
org.apache.hadoop.ozone.om.exceptions.OMException: Unable to get file status: volume: volume76952 bucket: bucket05606 key: gdir1/dir7/child
	at org.apache.hadoop.ozone.om.KeyManagerImpl.getOzoneFileStatus(KeyManagerImpl.java:1195) ~[ozone-manager-1.4.0-SNAPSHOT.jar:?]
	at org.apache.hadoop.ozone.om.KeyManagerImpl.getFileStatus(KeyManagerImpl.java:1113) ~[ozone-manager-1.4.0-SNAPSHOT.jar:?]
	at org.apache.hadoop.ozone.om.OmMetadataReader.getFileStatus(OmMetadataReader.java:262) ~[ozone-manager-1.4.0-SNAPSHOT.jar:?]
	at org.apache.hadoop.ozone.om.OzoneManager.getFileStatus(OzoneManager.java:3513) ~[ozone-manager-1.4.0-SNAPSHOT.jar:?]
	at org.apache.hadoop.ozone.protocolPB.OzoneManagerRequestHandler.getOzoneFileStatus(OzoneManagerRequestHandler.java:973) ~[ozone-manager-1.4.0-SNAPSHOT.jar:?]
	at org.apache.hadoop.ozone.protocolPB.OzoneManagerRequestHandler.handleReadRequest(OzoneManagerRequestHandler.java:252) ~[ozone-manager-1.4.0-SNAPSHOT.jar:?]
	at org.apache.hadoop.ozone.protocolPB.OzoneManagerProtocolServerSideTranslatorPB.submitReadRequestToOM(OzoneManagerProtocolServerSideTranslatorPB.java:225) ~[ozone-manager-1.4.0-SNAPSHOT.jar:?]
	at org.apache.hadoop.ozone.protocolPB.OzoneManagerProtocolServerSideTranslatorPB.processRequest(OzoneManagerProtocolServerSideTranslatorPB.java:179) ~[ozone-manager-1.4.0-SNAPSHOT.jar:?]
	at org.apache.hadoop.hdds.server.OzoneProtocolMessageDispatcher.processRequest(OzoneProtocolMessageDispatcher.java:87) [hdds-server-framework-1.4.0-SNAPSHOT.jar:?]
	at org.apache.hadoop.ozone.protocolPB.OzoneManagerProtocolServerSideTranslatorPB.submitRequest(OzoneManagerProtocolServerSideTranslatorPB.java:148) [ozone-manager-1.4.0-SNAPSHOT.jar:?]
	at org.apache.hadoop.ozone.protocol.proto.OzoneManagerProtocolProtos$OzoneManagerService$2.callBlockingMethod(OzoneManagerProtocolProtos.java) [ozone-interface-client-1.4.0-SNAPSHOT.jar:?]
	at org.apache.hadoop.ipc.ProtobufRpcEngine$Server.processCall(ProtobufRpcEngine.java:484) [hadoop-common-3.3.6.jar:?]
	at org.apache.hadoop.ipc.ProtobufRpcEngine2$Server$ProtoBufRpcInvoker.call(ProtobufRpcEngine2.java:595) [hadoop-common-3.3.6.jar:?]
	at org.apache.hadoop.ipc.ProtobufRpcEngine2$Server$ProtoBufRpcInvoker.call(ProtobufRpcEngine2.java:573) [hadoop-common-3.3.6.jar:?]
	at org.apache.hadoop.ipc.RPC$Server.call(RPC.java:1227) [hadoop-common-3.3.6.jar:?]
	at org.apache.hadoop.ipc.Server$RpcCall.run(Server.java:1094) [hadoop-common-3.3.6.jar:?]
	at org.apache.hadoop.ipc.Server$RpcCall.run(Server.java:1017) [hadoop-common-3.3.6.jar:?]
	at java.security.AccessController.doPrivileged(Native Method) ~[?:1.8.0_382]
	at javax.security.auth.Subject.doAs(Subject.java:422) [?:1.8.0_382]
	at org.apache.hadoop.security.UserGroupInformation.doAs(UserGroupInformation.java:1899) [hadoop-common-3.3.6.jar:?]
	at org.apache.hadoop.ipc.Server$Handler.run(Server.java:3048) [hadoop-common-3.3.6.jar:?]
09:31:21.982 [IPC Server handler 12 on default port 15004] ERROR OMAudit - user=runner | ip=127.0.0.1 | op=GET_FILE_STATUS {volume=volume76952, bucket=bucket05606, key=gdir1/dir8, dataSize=0, replicationConfig=null} | ret=FAILURE
org.apache.hadoop.ozone.om.exceptions.OMException: Unable to get file status: volume: volume76952 bucket: bucket05606 key: gdir1/dir8
	at org.apache.hadoop.ozone.om.KeyManagerImpl.getOzoneFileStatus(KeyManagerImpl.java:1195) ~[ozone-manager-1.4.0-SNAPSHOT.jar:?]
	at org.apache.hadoop.ozone.om.KeyManagerImpl.getFileStatus(KeyManagerImpl.java:1113) ~[ozone-manager-1.4.0-SNAPSHOT.jar:?]
	at org.apache.hadoop.ozone.om.OmMetadataReader.getFileStatus(OmMetadataReader.java:262) ~[ozone-manager-1.4.0-SNAPSHOT.jar:?]
	at org.apache.hadoop.ozone.om.OzoneManager.getFileStatus(OzoneManager.java:3513) ~[ozone-manager-1.4.0-SNAPSHOT.jar:?]
	at org.apache.hadoop.ozone.protocolPB.OzoneManagerRequestHandler.getOzoneFileStatus(OzoneManagerRequestHandler.java:973) ~[ozone-manager-1.4.0-SNAPSHOT.jar:?]
	at org.apache.hadoop.ozone.protocolPB.OzoneManagerRequestHandler.handleReadRequest(OzoneManagerRequestHandler.java:252) ~[ozone-manager-1.4.0-SNAPSHOT.jar:?]
	at org.apache.hadoop.ozone.protocolPB.OzoneManagerProtocolServerSideTranslatorPB.submitReadRequestToOM(OzoneManagerProtocolServerSideTranslatorPB.java:225) ~[ozone-manager-1.4.0-SNAPSHOT.jar:?]
	at org.apache.hadoop.ozone.protocolPB.OzoneManagerProtocolServerSideTranslatorPB.processRequest(OzoneManagerProtocolServerSideTranslatorPB.java:179) ~[ozone-manager-1.4.0-SNAPSHOT.jar:?]
	at org.apache.hadoop.hdds.server.OzoneProtocolMessageDispatcher.processRequest(OzoneProtocolMessageDispatcher.java:87) [hdds-server-framework-1.4.0-SNAPSHOT.jar:?]
	at org.apache.hadoop.ozone.protocolPB.OzoneManagerProtocolServerSideTranslatorPB.submitRequest(OzoneManagerProtocolServerSideTranslatorPB.java:148) [ozone-manager-1.4.0-SNAPSHOT.jar:?]
	at org.apache.hadoop.ozone.protocol.proto.OzoneManagerProtocolProtos$OzoneManagerService$2.callBlockingMethod(OzoneManagerProtocolProtos.java) [ozone-interface-client-1.4.0-SNAPSHOT.jar:?]
	at org.apache.hadoop.ipc.ProtobufRpcEngine$Server.processCall(ProtobufRpcEngine.java:484) [hadoop-common-3.3.6.jar:?]
	at org.apache.hadoop.ipc.ProtobufRpcEngine2$Server$ProtoBufRpcInvoker.call(ProtobufRpcEngine2.java:595) [hadoop-common-3.3.6.jar:?]
	at org.apache.hadoop.ipc.ProtobufRpcEngine2$Server$ProtoBufRpcInvoker.call(ProtobufRpcEngine2.java:573) [hadoop-common-3.3.6.jar:?]
	at org.apache.hadoop.ipc.RPC$Server.call(RPC.java:1227) [hadoop-common-3.3.6.jar:?]
	at org.apache.hadoop.ipc.Server$RpcCall.run(Server.java:1094) [hadoop-common-3.3.6.jar:?]
	at org.apache.hadoop.ipc.Server$RpcCall.run(Server.java:1017) [hadoop-common-3.3.6.jar:?]
	at java.security.AccessController.doPrivileged(Native Method) ~[?:1.8.0_382]
	at javax.security.auth.Subject.doAs(Subject.java:422) [?:1.8.0_382]
	at org.apache.hadoop.security.UserGroupInformation.doAs(UserGroupInformation.java:1899) [hadoop-common-3.3.6.jar:?]
	at org.apache.hadoop.ipc.Server$Handler.run(Server.java:3048) [hadoop-common-3.3.6.jar:?]
09:31:21.986 [IPC Server handler 8 on default port 15004] ERROR OMAudit - user=runner | ip=127.0.0.1 | op=GET_FILE_STATUS {volume=volume76952, bucket=bucket05606, key=gdir1/dir8/child, dataSize=0, replicationConfig=null} | ret=FAILURE
org.apache.hadoop.ozone.om.exceptions.OMException: Unable to get file status: volume: volume76952 bucket: bucket05606 key: gdir1/dir8/child
	at org.apache.hadoop.ozone.om.KeyManagerImpl.getOzoneFileStatus(KeyManagerImpl.java:1195) ~[ozone-manager-1.4.0-SNAPSHOT.jar:?]
	at org.apache.hadoop.ozone.om.KeyManagerImpl.getFileStatus(KeyManagerImpl.java:1113) ~[ozone-manager-1.4.0-SNAPSHOT.jar:?]
	at org.apache.hadoop.ozone.om.OmMetadataReader.getFileStatus(OmMetadataReader.java:262) ~[ozone-manager-1.4.0-SNAPSHOT.jar:?]
	at org.apache.hadoop.ozone.om.OzoneManager.getFileStatus(OzoneManager.java:3513) ~[ozone-manager-1.4.0-SNAPSHOT.jar:?]
	at org.apache.hadoop.ozone.protocolPB.OzoneManagerRequestHandler.getOzoneFileStatus(OzoneManagerRequestHandler.java:973) ~[ozone-manager-1.4.0-SNAPSHOT.jar:?]
	at org.apache.hadoop.ozone.protocolPB.OzoneManagerRequestHandler.handleReadRequest(OzoneManagerRequestHandler.java:252) ~[ozone-manager-1.4.0-SNAPSHOT.jar:?]
	at org.apache.hadoop.ozone.protocolPB.OzoneManagerProtocolServerSideTranslatorPB.submitReadRequestToOM(OzoneManagerProtocolServerSideTranslatorPB.java:225) ~[ozone-manager-1.4.0-SNAPSHOT.jar:?]
	at org.apache.hadoop.ozone.protocolPB.OzoneManagerProtocolServerSideTranslatorPB.processRequest(OzoneManagerProtocolServerSideTranslatorPB.java:179) ~[ozone-manager-1.4.0-SNAPSHOT.jar:?]
	at org.apache.hadoop.hdds.server.OzoneProtocolMessageDispatcher.processRequest(OzoneProtocolMessageDispatcher.java:87) [hdds-server-framework-1.4.0-SNAPSHOT.jar:?]
	at org.apache.hadoop.ozone.protocolPB.OzoneManagerProtocolServerSideTranslatorPB.submitRequest(OzoneManagerProtocolServerSideTranslatorPB.java:148) [ozone-manager-1.4.0-SNAPSHOT.jar:?]
	at org.apache.hadoop.ozone.protocol.proto.OzoneManagerProtocolProtos$OzoneManagerService$2.callBlockingMethod(OzoneManagerProtocolProtos.java) [ozone-interface-client-1.4.0-SNAPSHOT.jar:?]
	at org.apache.hadoop.ipc.ProtobufRpcEngine$Server.processCall(ProtobufRpcEngine.java:484) [hadoop-common-3.3.6.jar:?]
	at org.apache.hadoop.ipc.ProtobufRpcEngine2$Server$ProtoBufRpcInvoker.call(ProtobufRpcEngine2.java:595) [hadoop-common-3.3.6.jar:?]
	at org.apache.hadoop.ipc.ProtobufRpcEngine2$Server$ProtoBufRpcInvoker.call(ProtobufRpcEngine2.java:573) [hadoop-common-3.3.6.jar:?]
	at org.apache.hadoop.ipc.RPC$Server.call(RPC.java:1227) [hadoop-common-3.3.6.jar:?]
	at org.apache.hadoop.ipc.Server$RpcCall.run(Server.java:1094) [hadoop-common-3.3.6.jar:?]
	at org.apache.hadoop.ipc.Server$RpcCall.run(Server.java:1017) [hadoop-common-3.3.6.jar:?]
	at java.security.AccessController.doPrivileged(Native Method) ~[?:1.8.0_382]
	at javax.security.auth.Subject.doAs(Subject.java:422) [?:1.8.0_382]
	at org.apache.hadoop.security.UserGroupInformation.doAs(UserGroupInformation.java:1899) [hadoop-common-3.3.6.jar:?]
	at org.apache.hadoop.ipc.Server$Handler.run(Server.java:3048) [hadoop-common-3.3.6.jar:?]
09:31:21.987 [IPC Server handler 11 on default port 15004] ERROR OMAudit - user=runner | ip=127.0.0.1 | op=GET_FILE_STATUS {volume=volume76952, bucket=bucket05606, key=gdir1/dir9, dataSize=0, replicationConfig=null} | ret=FAILURE
org.apache.hadoop.ozone.om.exceptions.OMException: Unable to get file status: volume: volume76952 bucket: bucket05606 key: gdir1/dir9
	at org.apache.hadoop.ozone.om.KeyManagerImpl.getOzoneFileStatus(KeyManagerImpl.java:1195) ~[ozone-manager-1.4.0-SNAPSHOT.jar:?]
	at org.apache.hadoop.ozone.om.KeyManagerImpl.getFileStatus(KeyManagerImpl.java:1113) ~[ozone-manager-1.4.0-SNAPSHOT.jar:?]
	at org.apache.hadoop.ozone.om.OmMetadataReader.getFileStatus(OmMetadataReader.java:262) ~[ozone-manager-1.4.0-SNAPSHOT.jar:?]
	at org.apache.hadoop.ozone.om.OzoneManager.getFileStatus(OzoneManager.java:3513) ~[ozone-manager-1.4.0-SNAPSHOT.jar:?]
	at org.apache.hadoop.ozone.protocolPB.OzoneManagerRequestHandler.getOzoneFileStatus(OzoneManagerRequestHandler.java:973) ~[ozone-manager-1.4.0-SNAPSHOT.jar:?]
	at org.apache.hadoop.ozone.protocolPB.OzoneManagerRequestHandler.handleReadRequest(OzoneManagerRequestHandler.java:252) ~[ozone-manager-1.4.0-SNAPSHOT.jar:?]
	at org.apache.hadoop.ozone.protocolPB.OzoneManagerProtocolServerSideTranslatorPB.submitReadRequestToOM(OzoneManagerProtocolServerSideTranslatorPB.java:225) ~[ozone-manager-1.4.0-SNAPSHOT.jar:?]
	at org.apache.hadoop.ozone.protocolPB.OzoneManagerProtocolServerSideTranslatorPB.processRequest(OzoneManagerProtocolServerSideTranslatorPB.java:179) ~[ozone-manager-1.4.0-SNAPSHOT.jar:?]
	at org.apache.hadoop.hdds.server.OzoneProtocolMessageDispatcher.processRequest(OzoneProtocolMessageDispatcher.java:87) [hdds-server-framework-1.4.0-SNAPSHOT.jar:?]
	at org.apache.hadoop.ozone.protocolPB.OzoneManagerProtocolServerSideTranslatorPB.submitRequest(OzoneManagerProtocolServerSideTranslatorPB.java:148) [ozone-manager-1.4.0-SNAPSHOT.jar:?]
	at org.apache.hadoop.ozone.protocol.proto.OzoneManagerProtocolProtos$OzoneManagerService$2.callBlockingMethod(OzoneManagerProtocolProtos.java) [ozone-interface-client-1.4.0-SNAPSHOT.jar:?]
	at org.apache.hadoop.ipc.ProtobufRpcEngine$Server.processCall(ProtobufRpcEngine.java:484) [hadoop-common-3.3.6.jar:?]
	at org.apache.hadoop.ipc.ProtobufRpcEngine2$Server$ProtoBufRpcInvoker.call(ProtobufRpcEngine2.java:595) [hadoop-common-3.3.6.jar:?]
	at org.apache.hadoop.ipc.ProtobufRpcEngine2$Server$ProtoBufRpcInvoker.call(ProtobufRpcEngine2.java:573) [hadoop-common-3.3.6.jar:?]
	at org.apache.hadoop.ipc.RPC$Server.call(RPC.java:1227) [hadoop-common-3.3.6.jar:?]
	at org.apache.hadoop.ipc.Server$RpcCall.run(Server.java:1094) [hadoop-common-3.3.6.jar:?]
	at org.apache.hadoop.ipc.Server$RpcCall.run(Server.java:1017) [hadoop-common-3.3.6.jar:?]
	at java.security.AccessController.doPrivileged(Native Method) ~[?:1.8.0_382]
	at javax.security.auth.Subject.doAs(Subject.java:422) [?:1.8.0_382]
	at org.apache.hadoop.security.UserGroupInformation.doAs(UserGroupInformation.java:1899) [hadoop-common-3.3.6.jar:?]
	at org.apache.hadoop.ipc.Server$Handler.run(Server.java:3048) [hadoop-common-3.3.6.jar:?]
09:31:21.989 [IPC Server handler 10 on default port 15004] ERROR OMAudit - user=runner | ip=127.0.0.1 | op=GET_FILE_STATUS {volume=volume76952, bucket=bucket05606, key=gdir1/dir9/child, dataSize=0, replicationConfig=null} | ret=FAILURE
org.apache.hadoop.ozone.om.exceptions.OMException: Unable to get file status: volume: volume76952 bucket: bucket05606 key: gdir1/dir9/child
	at org.apache.hadoop.ozone.om.KeyManagerImpl.getOzoneFileStatus(KeyManagerImpl.java:1195) ~[ozone-manager-1.4.0-SNAPSHOT.jar:?]
	at org.apache.hadoop.ozone.om.KeyManagerImpl.getFileStatus(KeyManagerImpl.java:1113) ~[ozone-manager-1.4.0-SNAPSHOT.jar:?]
	at org.apache.hadoop.ozone.om.OmMetadataReader.getFileStatus(OmMetadataReader.java:262) ~[ozone-manager-1.4.0-SNAPSHOT.jar:?]
	at org.apache.hadoop.ozone.om.OzoneManager.getFileStatus(OzoneManager.java:3513) ~[ozone-manager-1.4.0-SNAPSHOT.jar:?]
	at org.apache.hadoop.ozone.protocolPB.OzoneManagerRequestHandler.getOzoneFileStatus(OzoneManagerRequestHandler.java:973) ~[ozone-manager-1.4.0-SNAPSHOT.jar:?]
	at org.apache.hadoop.ozone.protocolPB.OzoneManagerRequestHandler.handleReadRequest(OzoneManagerRequestHandler.java:252) ~[ozone-manager-1.4.0-SNAPSHOT.jar:?]
	at org.apache.hadoop.ozone.protocolPB.OzoneManagerProtocolServerSideTranslatorPB.submitReadRequestToOM(OzoneManagerProtocolServerSideTranslatorPB.java:225) ~[ozone-manager-1.4.0-SNAPSHOT.jar:?]
	at org.apache.hadoop.ozone.protocolPB.OzoneManagerProtocolServerSideTranslatorPB.processRequest(OzoneManagerProtocolServerSideTranslatorPB.java:179) ~[ozone-manager-1.4.0-SNAPSHOT.jar:?]
	at org.apache.hadoop.hdds.server.OzoneProtocolMessageDispatcher.processRequest(OzoneProtocolMessageDispatcher.java:87) [hdds-server-framework-1.4.0-SNAPSHOT.jar:?]
	at org.apache.hadoop.ozone.protocolPB.OzoneManagerProtocolServerSideTranslatorPB.submitRequest(OzoneManagerProtocolServerSideTranslatorPB.java:148) [ozone-manager-1.4.0-SNAPSHOT.jar:?]
	at org.apache.hadoop.ozone.protocol.proto.OzoneManagerProtocolProtos$OzoneManagerService$2.callBlockingMethod(OzoneManagerProtocolProtos.java) [ozone-interface-client-1.4.0-SNAPSHOT.jar:?]
	at org.apache.hadoop.ipc.ProtobufRpcEngine$Server.processCall(ProtobufRpcEngine.java:484) [hadoop-common-3.3.6.jar:?]
	at org.apache.hadoop.ipc.ProtobufRpcEngine2$Server$ProtoBufRpcInvoker.call(ProtobufRpcEngine2.java:595) [hadoop-common-3.3.6.jar:?]
	at org.apache.hadoop.ipc.ProtobufRpcEngine2$Server$ProtoBufRpcInvoker.call(ProtobufRpcEngine2.java:573) [hadoop-common-3.3.6.jar:?]
	at org.apache.hadoop.ipc.RPC$Server.call(RPC.java:1227) [hadoop-common-3.3.6.jar:?]
	at org.apache.hadoop.ipc.Server$RpcCall.run(Server.java:1094) [hadoop-common-3.3.6.jar:?]
	at org.apache.hadoop.ipc.Server$RpcCall.run(Server.java:1017) [hadoop-common-3.3.6.jar:?]
	at java.security.AccessController.doPrivileged(Native Method) ~[?:1.8.0_382]
	at javax.security.auth.Subject.doAs(Subject.java:422) [?:1.8.0_382]
	at org.apache.hadoop.security.UserGroupInformation.doAs(UserGroupInformation.java:1899) [hadoop-common-3.3.6.jar:?]
	at org.apache.hadoop.ipc.Server$Handler.run(Server.java:3048) [hadoop-common-3.3.6.jar:?]
09:31:21.991 [IPC Server handler 6 on default port 15004] ERROR OMAudit - user=runner | ip=127.0.0.1 | op=GET_FILE_STATUS {volume=volume76952, bucket=bucket05606, key=gdir1/dir10, dataSize=0, replicationConfig=null} | ret=FAILURE
org.apache.hadoop.ozone.om.exceptions.OMException: Unable to get file status: volume: volume76952 bucket: bucket05606 key: gdir1/dir10
	at org.apache.hadoop.ozone.om.KeyManagerImpl.getOzoneFileStatus(KeyManagerImpl.java:1195) ~[ozone-manager-1.4.0-SNAPSHOT.jar:?]
	at org.apache.hadoop.ozone.om.KeyManagerImpl.getFileStatus(KeyManagerImpl.java:1113) ~[ozone-manager-1.4.0-SNAPSHOT.jar:?]
	at org.apache.hadoop.ozone.om.OmMetadataReader.getFileStatus(OmMetadataReader.java:262) ~[ozone-manager-1.4.0-SNAPSHOT.jar:?]
	at org.apache.hadoop.ozone.om.OzoneManager.getFileStatus(OzoneManager.java:3513) ~[ozone-manager-1.4.0-SNAPSHOT.jar:?]
	at org.apache.hadoop.ozone.protocolPB.OzoneManagerRequestHandler.getOzoneFileStatus(OzoneManagerRequestHandler.java:973) ~[ozone-manager-1.4.0-SNAPSHOT.jar:?]
	at org.apache.hadoop.ozone.protocolPB.OzoneManagerRequestHandler.handleReadRequest(OzoneManagerRequestHandler.java:252) ~[ozone-manager-1.4.0-SNAPSHOT.jar:?]
	at org.apache.hadoop.ozone.protocolPB.OzoneManagerProtocolServerSideTranslatorPB.submitReadRequestToOM(OzoneManagerProtocolServerSideTranslatorPB.java:225) ~[ozone-manager-1.4.0-SNAPSHOT.jar:?]
	at org.apache.hadoop.ozone.protocolPB.OzoneManagerProtocolServerSideTranslatorPB.processRequest(OzoneManagerProtocolServerSideTranslatorPB.java:179) ~[ozone-manager-1.4.0-SNAPSHOT.jar:?]
	at org.apache.hadoop.hdds.server.OzoneProtocolMessageDispatcher.processRequest(OzoneProtocolMessageDispatcher.java:87) [hdds-server-framework-1.4.0-SNAPSHOT.jar:?]
	at org.apache.hadoop.ozone.protocolPB.OzoneManagerProtocolServerSideTranslatorPB.submitRequest(OzoneManagerProtocolServerSideTranslatorPB.java:148) [ozone-manager-1.4.0-SNAPSHOT.jar:?]
	at org.apache.hadoop.ozone.protocol.proto.OzoneManagerProtocolProtos$OzoneManagerService$2.callBlockingMethod(OzoneManagerProtocolProtos.java) [ozone-interface-client-1.4.0-SNAPSHOT.jar:?]
	at org.apache.hadoop.ipc.ProtobufRpcEngine$Server.processCall(ProtobufRpcEngine.java:484) [hadoop-common-3.3.6.jar:?]
	at org.apache.hadoop.ipc.ProtobufRpcEngine2$Server$ProtoBufRpcInvoker.call(ProtobufRpcEngine2.java:595) [hadoop-common-3.3.6.jar:?]
	at org.apache.hadoop.ipc.ProtobufRpcEngine2$Server$ProtoBufRpcInvoker.call(ProtobufRpcEngine2.java:573) [hadoop-common-3.3.6.jar:?]
	at org.apache.hadoop.ipc.RPC$Server.call(RPC.java:1227) [hadoop-common-3.3.6.jar:?]
	at org.apache.hadoop.ipc.Server$RpcCall.run(Server.java:1094) [hadoop-common-3.3.6.jar:?]
	at org.apache.hadoop.ipc.Server$RpcCall.run(Server.java:1017) [hadoop-common-3.3.6.jar:?]
	at java.security.AccessController.doPrivileged(Native Method) ~[?:1.8.0_382]
	at javax.security.auth.Subject.doAs(Subject.java:422) [?:1.8.0_382]
	at org.apache.hadoop.security.UserGroupInformation.doAs(UserGroupInformation.java:1899) [hadoop-common-3.3.6.jar:?]
	at org.apache.hadoop.ipc.Server$Handler.run(Server.java:3048) [hadoop-common-3.3.6.jar:?]
09:31:21.993 [IPC Server handler 4 on default port 15004] ERROR OMAudit - user=runner | ip=127.0.0.1 | op=GET_FILE_STATUS {volume=volume76952, bucket=bucket05606, key=gdir1/dir10/child, dataSize=0, replicationConfig=null} | ret=FAILURE
org.apache.hadoop.ozone.om.exceptions.OMException: Unable to get file status: volume: volume76952 bucket: bucket05606 key: gdir1/dir10/child
	at org.apache.hadoop.ozone.om.KeyManagerImpl.getOzoneFileStatus(KeyManagerImpl.java:1195) ~[ozone-manager-1.4.0-SNAPSHOT.jar:?]
	at org.apache.hadoop.ozone.om.KeyManagerImpl.getFileStatus(KeyManagerImpl.java:1113) ~[ozone-manager-1.4.0-SNAPSHOT.jar:?]
	at org.apache.hadoop.ozone.om.OmMetadataReader.getFileStatus(OmMetadataReader.java:262) ~[ozone-manager-1.4.0-SNAPSHOT.jar:?]
	at org.apache.hadoop.ozone.om.OzoneManager.getFileStatus(OzoneManager.java:3513) ~[ozone-manager-1.4.0-SNAPSHOT.jar:?]
	at org.apache.hadoop.ozone.protocolPB.OzoneManagerRequestHandler.getOzoneFileStatus(OzoneManagerRequestHandler.java:973) ~[ozone-manager-1.4.0-SNAPSHOT.jar:?]
	at org.apache.hadoop.ozone.protocolPB.OzoneManagerRequestHandler.handleReadRequest(OzoneManagerRequestHandler.java:252) ~[ozone-manager-1.4.0-SNAPSHOT.jar:?]
	at org.apache.hadoop.ozone.protocolPB.OzoneManagerProtocolServerSideTranslatorPB.submitReadRequestToOM(OzoneManagerProtocolServerSideTranslatorPB.java:225) ~[ozone-manager-1.4.0-SNAPSHOT.jar:?]
	at org.apache.hadoop.ozone.protocolPB.OzoneManagerProtocolServerSideTranslatorPB.processRequest(OzoneManagerProtocolServerSideTranslatorPB.java:179) ~[ozone-manager-1.4.0-SNAPSHOT.jar:?]
	at org.apache.hadoop.hdds.server.OzoneProtocolMessageDispatcher.processRequest(OzoneProtocolMessageDispatcher.java:87) [hdds-server-framework-1.4.0-SNAPSHOT.jar:?]
	at org.apache.hadoop.ozone.protocolPB.OzoneManagerProtocolServerSideTranslatorPB.submitRequest(OzoneManagerProtocolServerSideTranslatorPB.java:148) [ozone-manager-1.4.0-SNAPSHOT.jar:?]
	at org.apache.hadoop.ozone.protocol.proto.OzoneManagerProtocolProtos$OzoneManagerService$2.callBlockingMethod(OzoneManagerProtocolProtos.java) [ozone-interface-client-1.4.0-SNAPSHOT.jar:?]
	at org.apache.hadoop.ipc.ProtobufRpcEngine$Server.processCall(ProtobufRpcEngine.java:484) [hadoop-common-3.3.6.jar:?]
	at org.apache.hadoop.ipc.ProtobufRpcEngine2$Server$ProtoBufRpcInvoker.call(ProtobufRpcEngine2.java:595) [hadoop-common-3.3.6.jar:?]
	at org.apache.hadoop.ipc.ProtobufRpcEngine2$Server$ProtoBufRpcInvoker.call(ProtobufRpcEngine2.java:573) [hadoop-common-3.3.6.jar:?]
	at org.apache.hadoop.ipc.RPC$Server.call(RPC.java:1227) [hadoop-common-3.3.6.jar:?]
	at org.apache.hadoop.ipc.Server$RpcCall.run(Server.java:1094) [hadoop-common-3.3.6.jar:?]
	at org.apache.hadoop.ipc.Server$RpcCall.run(Server.java:1017) [hadoop-common-3.3.6.jar:?]
	at java.security.AccessController.doPrivileged(Native Method) ~[?:1.8.0_382]
	at javax.security.auth.Subject.doAs(Subject.java:422) [?:1.8.0_382]
	at org.apache.hadoop.security.UserGroupInformation.doAs(UserGroupInformation.java:1899) [hadoop-common-3.3.6.jar:?]
	at org.apache.hadoop.ipc.Server$Handler.run(Server.java:3048) [hadoop-common-3.3.6.jar:?]
09:31:22.158 [IPC Server handler 13 on default port 15004] ERROR OMAudit - user=runner | ip=127.0.0.1 | op=GET_FILE_STATUS {volume=volume76952, bucket=bucket05606, key=level0, dataSize=0, replicationConfig=null} | ret=FAILURE
org.apache.hadoop.ozone.om.exceptions.OMException: Unable to get file status: volume: volume76952 bucket: bucket05606 key: level0
	at org.apache.hadoop.ozone.om.KeyManagerImpl.getOzoneFileStatus(KeyManagerImpl.java:1195) ~[ozone-manager-1.4.0-SNAPSHOT.jar:?]
	at org.apache.hadoop.ozone.om.KeyManagerImpl.getFileStatus(KeyManagerImpl.java:1113) ~[ozone-manager-1.4.0-SNAPSHOT.jar:?]
	at org.apache.hadoop.ozone.om.OmMetadataReader.getFileStatus(OmMetadataReader.java:262) ~[ozone-manager-1.4.0-SNAPSHOT.jar:?]
	at org.apache.hadoop.ozone.om.OzoneManager.getFileStatus(OzoneManager.java:3513) ~[ozone-manager-1.4.0-SNAPSHOT.jar:?]
	at org.apache.hadoop.ozone.protocolPB.OzoneManagerRequestHandler.getOzoneFileStatus(OzoneManagerRequestHandler.java:973) ~[ozone-manager-1.4.0-SNAPSHOT.jar:?]
	at org.apache.hadoop.ozone.protocolPB.OzoneManagerRequestHandler.handleReadRequest(OzoneManagerRequestHandler.java:252) ~[ozone-manager-1.4.0-SNAPSHOT.jar:?]
	at org.apache.hadoop.ozone.protocolPB.OzoneManagerProtocolServerSideTranslatorPB.submitReadRequestToOM(OzoneManagerProtocolServerSideTranslatorPB.java:225) ~[ozone-manager-1.4.0-SNAPSHOT.jar:?]
	at org.apache.hadoop.ozone.protocolPB.OzoneManagerProtocolServerSideTranslatorPB.processRequest(OzoneManagerProtocolServerSideTranslatorPB.java:179) ~[ozone-manager-1.4.0-SNAPSHOT.jar:?]
	at org.apache.hadoop.hdds.server.OzoneProtocolMessageDispatcher.processRequest(OzoneProtocolMessageDispatcher.java:87) [hdds-server-framework-1.4.0-SNAPSHOT.jar:?]
	at org.apache.hadoop.ozone.protocolPB.OzoneManagerProtocolServerSideTranslatorPB.submitRequest(OzoneManagerProtocolServerSideTranslatorPB.java:148) [ozone-manager-1.4.0-SNAPSHOT.jar:?]
	at org.apache.hadoop.ozone.protocol.proto.OzoneManagerProtocolProtos$OzoneManagerService$2.callBlockingMethod(OzoneManagerProtocolProtos.java) [ozone-interface-client-1.4.0-SNAPSHOT.jar:?]
	at org.apache.hadoop.ipc.ProtobufRpcEngine$Server.processCall(ProtobufRpcEngine.java:484) [hadoop-common-3.3.6.jar:?]
	at org.apache.hadoop.ipc.ProtobufRpcEngine2$Server$ProtoBufRpcInvoker.call(ProtobufRpcEngine2.java:595) [hadoop-common-3.3.6.jar:?]
	at org.apache.hadoop.ipc.ProtobufRpcEngine2$Server$ProtoBufRpcInvoker.call(ProtobufRpcEngine2.java:573) [hadoop-common-3.3.6.jar:?]
	at org.apache.hadoop.ipc.RPC$Server.call(RPC.java:1227) [hadoop-common-3.3.6.jar:?]
	at org.apache.hadoop.ipc.Server$RpcCall.run(Server.java:1094) [hadoop-common-3.3.6.jar:?]
	at org.apache.hadoop.ipc.Server$RpcCall.run(Server.java:1017) [hadoop-common-3.3.6.jar:?]
	at java.security.AccessController.doPrivileged(Native Method) ~[?:1.8.0_382]
	at javax.security.auth.Subject.doAs(Subject.java:422) [?:1.8.0_382]
	at org.apache.hadoop.security.UserGroupInformation.doAs(UserGroupInformation.java:1899) [hadoop-common-3.3.6.jar:?]
	at org.apache.hadoop.ipc.Server$Handler.run(Server.java:3048) [hadoop-common-3.3.6.jar:?]
09:31:22.160 [IPC Server handler 12 on default port 15004] ERROR OMAudit - user=runner | ip=127.0.0.1 | op=GET_FILE_STATUS {volume=volume76952, bucket=bucket05606, key=level0/level1, dataSize=0, replicationConfig=null} | ret=FAILURE
org.apache.hadoop.ozone.om.exceptions.OMException: Unable to get file status: volume: volume76952 bucket: bucket05606 key: level0/level1
	at org.apache.hadoop.ozone.om.KeyManagerImpl.getOzoneFileStatus(KeyManagerImpl.java:1195) ~[ozone-manager-1.4.0-SNAPSHOT.jar:?]
	at org.apache.hadoop.ozone.om.KeyManagerImpl.getFileStatus(KeyManagerImpl.java:1113) ~[ozone-manager-1.4.0-SNAPSHOT.jar:?]
	at org.apache.hadoop.ozone.om.OmMetadataReader.getFileStatus(OmMetadataReader.java:262) ~[ozone-manager-1.4.0-SNAPSHOT.jar:?]
	at org.apache.hadoop.ozone.om.OzoneManager.getFileStatus(OzoneManager.java:3513) ~[ozone-manager-1.4.0-SNAPSHOT.jar:?]
	at org.apache.hadoop.ozone.protocolPB.OzoneManagerRequestHandler.getOzoneFileStatus(OzoneManagerRequestHandler.java:973) ~[ozone-manager-1.4.0-SNAPSHOT.jar:?]
	at org.apache.hadoop.ozone.protocolPB.OzoneManagerRequestHandler.handleReadRequest(OzoneManagerRequestHandler.java:252) ~[ozone-manager-1.4.0-SNAPSHOT.jar:?]
	at org.apache.hadoop.ozone.protocolPB.OzoneManagerProtocolServerSideTranslatorPB.submitReadRequestToOM(OzoneManagerProtocolServerSideTranslatorPB.java:225) ~[ozone-manager-1.4.0-SNAPSHOT.jar:?]
	at org.apache.hadoop.ozone.protocolPB.OzoneManagerProtocolServerSideTranslatorPB.processRequest(OzoneManagerProtocolServerSideTranslatorPB.java:179) ~[ozone-manager-1.4.0-SNAPSHOT.jar:?]
	at org.apache.hadoop.hdds.server.OzoneProtocolMessageDispatcher.processRequest(OzoneProtocolMessageDispatcher.java:87) [hdds-server-framework-1.4.0-SNAPSHOT.jar:?]
	at org.apache.hadoop.ozone.protocolPB.OzoneManagerProtocolServerSideTranslatorPB.submitRequest(OzoneManagerProtocolServerSideTranslatorPB.java:148) [ozone-manager-1.4.0-SNAPSHOT.jar:?]
	at org.apache.hadoop.ozone.protocol.proto.OzoneManagerProtocolProtos$OzoneManagerService$2.callBlockingMethod(OzoneManagerProtocolProtos.java) [ozone-interface-client-1.4.0-SNAPSHOT.jar:?]
	at org.apache.hadoop.ipc.ProtobufRpcEngine$Server.processCall(ProtobufRpcEngine.java:484) [hadoop-common-3.3.6.jar:?]
	at org.apache.hadoop.ipc.ProtobufRpcEngine2$Server$ProtoBufRpcInvoker.call(ProtobufRpcEngine2.java:595) [hadoop-common-3.3.6.jar:?]
	at org.apache.hadoop.ipc.ProtobufRpcEngine2$Server$ProtoBufRpcInvoker.call(ProtobufRpcEngine2.java:573) [hadoop-common-3.3.6.jar:?]
	at org.apache.hadoop.ipc.RPC$Server.call(RPC.java:1227) [hadoop-common-3.3.6.jar:?]
	at org.apache.hadoop.ipc.Server$RpcCall.run(Server.java:1094) [hadoop-common-3.3.6.jar:?]
	at org.apache.hadoop.ipc.Server$RpcCall.run(Server.java:1017) [hadoop-common-3.3.6.jar:?]
	at java.security.AccessController.doPrivileged(Native Method) ~[?:1.8.0_382]
	at javax.security.auth.Subject.doAs(Subject.java:422) [?:1.8.0_382]
	at org.apache.hadoop.security.UserGroupInformation.doAs(UserGroupInformation.java:1899) [hadoop-common-3.3.6.jar:?]
	at org.apache.hadoop.ipc.Server$Handler.run(Server.java:3048) [hadoop-common-3.3.6.jar:?]
09:31:22.162 [IPC Server handler 8 on default port 15004] ERROR OMAudit - user=runner | ip=127.0.0.1 | op=GET_FILE_STATUS {volume=volume76952, bucket=bucket05606, key=level0/level1/level1, dataSize=0, replicationConfig=null} | ret=FAILURE
org.apache.hadoop.ozone.om.exceptions.OMException: Unable to get file status: volume: volume76952 bucket: bucket05606 key: level0/level1/level1
	at org.apache.hadoop.ozone.om.KeyManagerImpl.getOzoneFileStatus(KeyManagerImpl.java:1195) ~[ozone-manager-1.4.0-SNAPSHOT.jar:?]
	at org.apache.hadoop.ozone.om.KeyManagerImpl.getFileStatus(KeyManagerImpl.java:1113) ~[ozone-manager-1.4.0-SNAPSHOT.jar:?]
	at org.apache.hadoop.ozone.om.OmMetadataReader.getFileStatus(OmMetadataReader.java:262) ~[ozone-manager-1.4.0-SNAPSHOT.jar:?]
	at org.apache.hadoop.ozone.om.OzoneManager.getFileStatus(OzoneManager.java:3513) ~[ozone-manager-1.4.0-SNAPSHOT.jar:?]
	at org.apache.hadoop.ozone.protocolPB.OzoneManagerRequestHandler.getOzoneFileStatus(OzoneManagerRequestHandler.java:973) ~[ozone-manager-1.4.0-SNAPSHOT.jar:?]
	at org.apache.hadoop.ozone.protocolPB.OzoneManagerRequestHandler.handleReadRequest(OzoneManagerRequestHandler.java:252) ~[ozone-manager-1.4.0-SNAPSHOT.jar:?]
	at org.apache.hadoop.ozone.protocolPB.OzoneManagerProtocolServerSideTranslatorPB.submitReadRequestToOM(OzoneManagerProtocolServerSideTranslatorPB.java:225) ~[ozone-manager-1.4.0-SNAPSHOT.jar:?]
	at org.apache.hadoop.ozone.protocolPB.OzoneManagerProtocolServerSideTranslatorPB.processRequest(OzoneManagerProtocolServerSideTranslatorPB.java:179) ~[ozone-manager-1.4.0-SNAPSHOT.jar:?]
	at org.apache.hadoop.hdds.server.OzoneProtocolMessageDispatcher.processRequest(OzoneProtocolMessageDispatcher.java:87) [hdds-server-framework-1.4.0-SNAPSHOT.jar:?]
	at org.apache.hadoop.ozone.protocolPB.OzoneManagerProtocolServerSideTranslatorPB.submitRequest(OzoneManagerProtocolServerSideTranslatorPB.java:148) [ozone-manager-1.4.0-SNAPSHOT.jar:?]
	at org.apache.hadoop.ozone.protocol.proto.OzoneManagerProtocolProtos$OzoneManagerService$2.callBlockingMethod(OzoneManagerProtocolProtos.java) [ozone-interface-client-1.4.0-SNAPSHOT.jar:?]
	at org.apache.hadoop.ipc.ProtobufRpcEngine$Server.processCall(ProtobufRpcEngine.java:484) [hadoop-common-3.3.6.jar:?]
	at org.apache.hadoop.ipc.ProtobufRpcEngine2$Server$ProtoBufRpcInvoker.call(ProtobufRpcEngine2.java:595) [hadoop-common-3.3.6.jar:?]
	at org.apache.hadoop.ipc.ProtobufRpcEngine2$Server$ProtoBufRpcInvoker.call(ProtobufRpcEngine2.java:573) [hadoop-common-3.3.6.jar:?]
	at org.apache.hadoop.ipc.RPC$Server.call(RPC.java:1227) [hadoop-common-3.3.6.jar:?]
	at org.apache.hadoop.ipc.Server$RpcCall.run(Server.java:1094) [hadoop-common-3.3.6.jar:?]
	at org.apache.hadoop.ipc.Server$RpcCall.run(Server.java:1017) [hadoop-common-3.3.6.jar:?]
	at java.security.AccessController.doPrivileged(Native Method) ~[?:1.8.0_382]
	at javax.security.auth.Subject.doAs(Subject.java:422) [?:1.8.0_382]
	at org.apache.hadoop.security.UserGroupInformation.doAs(UserGroupInformation.java:1899) [hadoop-common-3.3.6.jar:?]
	at org.apache.hadoop.ipc.Server$Handler.run(Server.java:3048) [hadoop-common-3.3.6.jar:?]
09:31:22.164 [IPC Server handler 11 on default port 15004] ERROR OMAudit - user=runner | ip=127.0.0.1 | op=GET_FILE_STATUS {volume=volume76952, bucket=bucket05606, key=level0/level1/file1, dataSize=0, replicationConfig=null} | ret=FAILURE
org.apache.hadoop.ozone.om.exceptions.OMException: Unable to get file status: volume: volume76952 bucket: bucket05606 key: level0/level1/file1
	at org.apache.hadoop.ozone.om.KeyManagerImpl.getOzoneFileStatus(KeyManagerImpl.java:1195) ~[ozone-manager-1.4.0-SNAPSHOT.jar:?]
	at org.apache.hadoop.ozone.om.KeyManagerImpl.getFileStatus(KeyManagerImpl.java:1113) ~[ozone-manager-1.4.0-SNAPSHOT.jar:?]
	at org.apache.hadoop.ozone.om.OmMetadataReader.getFileStatus(OmMetadataReader.java:262) ~[ozone-manager-1.4.0-SNAPSHOT.jar:?]
	at org.apache.hadoop.ozone.om.OzoneManager.getFileStatus(OzoneManager.java:3513) ~[ozone-manager-1.4.0-SNAPSHOT.jar:?]
	at org.apache.hadoop.ozone.protocolPB.OzoneManagerRequestHandler.getOzoneFileStatus(OzoneManagerRequestHandler.java:973) ~[ozone-manager-1.4.0-SNAPSHOT.jar:?]
	at org.apache.hadoop.ozone.protocolPB.OzoneManagerRequestHandler.handleReadRequest(OzoneManagerRequestHandler.java:252) ~[ozone-manager-1.4.0-SNAPSHOT.jar:?]
	at org.apache.hadoop.ozone.protocolPB.OzoneManagerProtocolServerSideTranslatorPB.submitReadRequestToOM(OzoneManagerProtocolServerSideTranslatorPB.java:225) ~[ozone-manager-1.4.0-SNAPSHOT.jar:?]
	at org.apache.hadoop.ozone.protocolPB.OzoneManagerProtocolServerSideTranslatorPB.processRequest(OzoneManagerProtocolServerSideTranslatorPB.java:179) ~[ozone-manager-1.4.0-SNAPSHOT.jar:?]
	at org.apache.hadoop.hdds.server.OzoneProtocolMessageDispatcher.processRequest(OzoneProtocolMessageDispatcher.java:87) [hdds-server-framework-1.4.0-SNAPSHOT.jar:?]
	at org.apache.hadoop.ozone.protocolPB.OzoneManagerProtocolServerSideTranslatorPB.submitRequest(OzoneManagerProtocolServerSideTranslatorPB.java:148) [ozone-manager-1.4.0-SNAPSHOT.jar:?]
	at org.apache.hadoop.ozone.protocol.proto.OzoneManagerProtocolProtos$OzoneManagerService$2.callBlockingMethod(OzoneManagerProtocolProtos.java) [ozone-interface-client-1.4.0-SNAPSHOT.jar:?]
	at org.apache.hadoop.ipc.ProtobufRpcEngine$Server.processCall(ProtobufRpcEngine.java:484) [hadoop-common-3.3.6.jar:?]
	at org.apache.hadoop.ipc.ProtobufRpcEngine2$Server$ProtoBufRpcInvoker.call(ProtobufRpcEngine2.java:595) [hadoop-common-3.3.6.jar:?]
	at org.apache.hadoop.ipc.ProtobufRpcEngine2$Server$ProtoBufRpcInvoker.call(ProtobufRpcEngine2.java:573) [hadoop-common-3.3.6.jar:?]
	at org.apache.hadoop.ipc.RPC$Server.call(RPC.java:1227) [hadoop-common-3.3.6.jar:?]
	at org.apache.hadoop.ipc.Server$RpcCall.run(Server.java:1094) [hadoop-common-3.3.6.jar:?]
	at org.apache.hadoop.ipc.Server$RpcCall.run(Server.java:1017) [hadoop-common-3.3.6.jar:?]
	at java.security.AccessController.doPrivileged(Native Method) ~[?:1.8.0_382]
	at javax.security.auth.Subject.doAs(Subject.java:422) [?:1.8.0_382]
	at org.apache.hadoop.security.UserGroupInformation.doAs(UserGroupInformation.java:1899) [hadoop-common-3.3.6.jar:?]
	at org.apache.hadoop.ipc.Server$Handler.run(Server.java:3048) [hadoop-common-3.3.6.jar:?]
09:31:22.166 [IPC Server handler 10 on default port 15004] ERROR OMAudit - user=runner | ip=127.0.0.1 | op=GET_FILE_STATUS {volume=volume76952, bucket=bucket05606, key=level0/level1/level1/file1, dataSize=0, replicationConfig=null} | ret=FAILURE
org.apache.hadoop.ozone.om.exceptions.OMException: Unable to get file status: volume: volume76952 bucket: bucket05606 key: level0/level1/level1/file1
	at org.apache.hadoop.ozone.om.KeyManagerImpl.getOzoneFileStatus(KeyManagerImpl.java:1195) ~[ozone-manager-1.4.0-SNAPSHOT.jar:?]
	at org.apache.hadoop.ozone.om.KeyManagerImpl.getFileStatus(KeyManagerImpl.java:1113) ~[ozone-manager-1.4.0-SNAPSHOT.jar:?]
	at org.apache.hadoop.ozone.om.OmMetadataReader.getFileStatus(OmMetadataReader.java:262) ~[ozone-manager-1.4.0-SNAPSHOT.jar:?]
	at org.apache.hadoop.ozone.om.OzoneManager.getFileStatus(OzoneManager.java:3513) ~[ozone-manager-1.4.0-SNAPSHOT.jar:?]
	at org.apache.hadoop.ozone.protocolPB.OzoneManagerRequestHandler.getOzoneFileStatus(OzoneManagerRequestHandler.java:973) ~[ozone-manager-1.4.0-SNAPSHOT.jar:?]
	at org.apache.hadoop.ozone.protocolPB.OzoneManagerRequestHandler.handleReadRequest(OzoneManagerRequestHandler.java:252) ~[ozone-manager-1.4.0-SNAPSHOT.jar:?]
	at org.apache.hadoop.ozone.protocolPB.OzoneManagerProtocolServerSideTranslatorPB.submitReadRequestToOM(OzoneManagerProtocolServerSideTranslatorPB.java:225) ~[ozone-manager-1.4.0-SNAPSHOT.jar:?]
	at org.apache.hadoop.ozone.protocolPB.OzoneManagerProtocolServerSideTranslatorPB.processRequest(OzoneManagerProtocolServerSideTranslatorPB.java:179) ~[ozone-manager-1.4.0-SNAPSHOT.jar:?]
	at org.apache.hadoop.hdds.server.OzoneProtocolMessageDispatcher.processRequest(OzoneProtocolMessageDispatcher.java:87) [hdds-server-framework-1.4.0-SNAPSHOT.jar:?]
	at org.apache.hadoop.ozone.protocolPB.OzoneManagerProtocolServerSideTranslatorPB.submitRequest(OzoneManagerProtocolServerSideTranslatorPB.java:148) [ozone-manager-1.4.0-SNAPSHOT.jar:?]
	at org.apache.hadoop.ozone.protocol.proto.OzoneManagerProtocolProtos$OzoneManagerService$2.callBlockingMethod(OzoneManagerProtocolProtos.java) [ozone-interface-client-1.4.0-SNAPSHOT.jar:?]
	at org.apache.hadoop.ipc.ProtobufRpcEngine$Server.processCall(ProtobufRpcEngine.java:484) [hadoop-common-3.3.6.jar:?]
	at org.apache.hadoop.ipc.ProtobufRpcEngine2$Server$ProtoBufRpcInvoker.call(ProtobufRpcEngine2.java:595) [hadoop-common-3.3.6.jar:?]
	at org.apache.hadoop.ipc.ProtobufRpcEngine2$Server$ProtoBufRpcInvoker.call(ProtobufRpcEngine2.java:573) [hadoop-common-3.3.6.jar:?]
	at org.apache.hadoop.ipc.RPC$Server.call(RPC.java:1227) [hadoop-common-3.3.6.jar:?]
	at org.apache.hadoop.ipc.Server$RpcCall.run(Server.java:1094) [hadoop-common-3.3.6.jar:?]
	at org.apache.hadoop.ipc.Server$RpcCall.run(Server.java:1017) [hadoop-common-3.3.6.jar:?]
	at java.security.AccessController.doPrivileged(Native Method) ~[?:1.8.0_382]
	at javax.security.auth.Subject.doAs(Subject.java:422) [?:1.8.0_382]
	at org.apache.hadoop.security.UserGroupInformation.doAs(UserGroupInformation.java:1899) [hadoop-common-3.3.6.jar:?]
	at org.apache.hadoop.ipc.Server$Handler.run(Server.java:3048) [hadoop-common-3.3.6.jar:?]
09:31:22.168 [IPC Server handler 6 on default port 15004] ERROR OMAudit - user=runner | ip=127.0.0.1 | op=GET_FILE_STATUS {volume=volume76952, bucket=bucket05606, key=level0/level2, dataSize=0, replicationConfig=null} | ret=FAILURE
org.apache.hadoop.ozone.om.exceptions.OMException: Unable to get file status: volume: volume76952 bucket: bucket05606 key: level0/level2
	at org.apache.hadoop.ozone.om.KeyManagerImpl.getOzoneFileStatus(KeyManagerImpl.java:1195) ~[ozone-manager-1.4.0-SNAPSHOT.jar:?]
	at org.apache.hadoop.ozone.om.KeyManagerImpl.getFileStatus(KeyManagerImpl.java:1113) ~[ozone-manager-1.4.0-SNAPSHOT.jar:?]
	at org.apache.hadoop.ozone.om.OmMetadataReader.getFileStatus(OmMetadataReader.java:262) ~[ozone-manager-1.4.0-SNAPSHOT.jar:?]
	at org.apache.hadoop.ozone.om.OzoneManager.getFileStatus(OzoneManager.java:3513) ~[ozone-manager-1.4.0-SNAPSHOT.jar:?]
	at org.apache.hadoop.ozone.protocolPB.OzoneManagerRequestHandler.getOzoneFileStatus(OzoneManagerRequestHandler.java:973) ~[ozone-manager-1.4.0-SNAPSHOT.jar:?]
	at org.apache.hadoop.ozone.protocolPB.OzoneManagerRequestHandler.handleReadRequest(OzoneManagerRequestHandler.java:252) ~[ozone-manager-1.4.0-SNAPSHOT.jar:?]
	at org.apache.hadoop.ozone.protocolPB.OzoneManagerProtocolServerSideTranslatorPB.submitReadRequestToOM(OzoneManagerProtocolServerSideTranslatorPB.java:225) ~[ozone-manager-1.4.0-SNAPSHOT.jar:?]
	at org.apache.hadoop.ozone.protocolPB.OzoneManagerProtocolServerSideTranslatorPB.processRequest(OzoneManagerProtocolServerSideTranslatorPB.java:179) ~[ozone-manager-1.4.0-SNAPSHOT.jar:?]
	at org.apache.hadoop.hdds.server.OzoneProtocolMessageDispatcher.processRequest(OzoneProtocolMessageDispatcher.java:87) [hdds-server-framework-1.4.0-SNAPSHOT.jar:?]
	at org.apache.hadoop.ozone.protocolPB.OzoneManagerProtocolServerSideTranslatorPB.submitRequest(OzoneManagerProtocolServerSideTranslatorPB.java:148) [ozone-manager-1.4.0-SNAPSHOT.jar:?]
	at org.apache.hadoop.ozone.protocol.proto.OzoneManagerProtocolProtos$OzoneManagerService$2.callBlockingMethod(OzoneManagerProtocolProtos.java) [ozone-interface-client-1.4.0-SNAPSHOT.jar:?]
	at org.apache.hadoop.ipc.ProtobufRpcEngine$Server.processCall(ProtobufRpcEngine.java:484) [hadoop-common-3.3.6.jar:?]
	at org.apache.hadoop.ipc.ProtobufRpcEngine2$Server$ProtoBufRpcInvoker.call(ProtobufRpcEngine2.java:595) [hadoop-common-3.3.6.jar:?]
	at org.apache.hadoop.ipc.ProtobufRpcEngine2$Server$ProtoBufRpcInvoker.call(ProtobufRpcEngine2.java:573) [hadoop-common-3.3.6.jar:?]
	at org.apache.hadoop.ipc.RPC$Server.call(RPC.java:1227) [hadoop-common-3.3.6.jar:?]
	at org.apache.hadoop.ipc.Server$RpcCall.run(Server.java:1094) [hadoop-common-3.3.6.jar:?]
	at org.apache.hadoop.ipc.Server$RpcCall.run(Server.java:1017) [hadoop-common-3.3.6.jar:?]
	at java.security.AccessController.doPrivileged(Native Method) ~[?:1.8.0_382]
	at javax.security.auth.Subject.doAs(Subject.java:422) [?:1.8.0_382]
	at org.apache.hadoop.security.UserGroupInformation.doAs(UserGroupInformation.java:1899) [hadoop-common-3.3.6.jar:?]
	at org.apache.hadoop.ipc.Server$Handler.run(Server.java:3048) [hadoop-common-3.3.6.jar:?]
09:31:22.170 [IPC Server handler 4 on default port 15004] ERROR OMAudit - user=runner | ip=127.0.0.1 | op=GET_FILE_STATUS {volume=volume76952, bucket=bucket05606, key=level0/level2/level2, dataSize=0, replicationConfig=null} | ret=FAILURE
org.apache.hadoop.ozone.om.exceptions.OMException: Unable to get file status: volume: volume76952 bucket: bucket05606 key: level0/level2/level2
	at org.apache.hadoop.ozone.om.KeyManagerImpl.getOzoneFileStatus(KeyManagerImpl.java:1195) ~[ozone-manager-1.4.0-SNAPSHOT.jar:?]
	at org.apache.hadoop.ozone.om.KeyManagerImpl.getFileStatus(KeyManagerImpl.java:1113) ~[ozone-manager-1.4.0-SNAPSHOT.jar:?]
	at org.apache.hadoop.ozone.om.OmMetadataReader.getFileStatus(OmMetadataReader.java:262) ~[ozone-manager-1.4.0-SNAPSHOT.jar:?]
	at org.apache.hadoop.ozone.om.OzoneManager.getFileStatus(OzoneManager.java:3513) ~[ozone-manager-1.4.0-SNAPSHOT.jar:?]
	at org.apache.hadoop.ozone.protocolPB.OzoneManagerRequestHandler.getOzoneFileStatus(OzoneManagerRequestHandler.java:973) ~[ozone-manager-1.4.0-SNAPSHOT.jar:?]
	at org.apache.hadoop.ozone.protocolPB.OzoneManagerRequestHandler.handleReadRequest(OzoneManagerRequestHandler.java:252) ~[ozone-manager-1.4.0-SNAPSHOT.jar:?]
	at org.apache.hadoop.ozone.protocolPB.OzoneManagerProtocolServerSideTranslatorPB.submitReadRequestToOM(OzoneManagerProtocolServerSideTranslatorPB.java:225) ~[ozone-manager-1.4.0-SNAPSHOT.jar:?]
	at org.apache.hadoop.ozone.protocolPB.OzoneManagerProtocolServerSideTranslatorPB.processRequest(OzoneManagerProtocolServerSideTranslatorPB.java:179) ~[ozone-manager-1.4.0-SNAPSHOT.jar:?]
	at org.apache.hadoop.hdds.server.OzoneProtocolMessageDispatcher.processRequest(OzoneProtocolMessageDispatcher.java:87) [hdds-server-framework-1.4.0-SNAPSHOT.jar:?]
	at org.apache.hadoop.ozone.protocolPB.OzoneManagerProtocolServerSideTranslatorPB.submitRequest(OzoneManagerProtocolServerSideTranslatorPB.java:148) [ozone-manager-1.4.0-SNAPSHOT.jar:?]
	at org.apache.hadoop.ozone.protocol.proto.OzoneManagerProtocolProtos$OzoneManagerService$2.callBlockingMethod(OzoneManagerProtocolProtos.java) [ozone-interface-client-1.4.0-SNAPSHOT.jar:?]
	at org.apache.hadoop.ipc.ProtobufRpcEngine$Server.processCall(ProtobufRpcEngine.java:484) [hadoop-common-3.3.6.jar:?]
	at org.apache.hadoop.ipc.ProtobufRpcEngine2$Server$ProtoBufRpcInvoker.call(ProtobufRpcEngine2.java:595) [hadoop-common-3.3.6.jar:?]
	at org.apache.hadoop.ipc.ProtobufRpcEngine2$Server$ProtoBufRpcInvoker.call(ProtobufRpcEngine2.java:573) [hadoop-common-3.3.6.jar:?]
	at org.apache.hadoop.ipc.RPC$Server.call(RPC.java:1227) [hadoop-common-3.3.6.jar:?]
	at org.apache.hadoop.ipc.Server$RpcCall.run(Server.java:1094) [hadoop-common-3.3.6.jar:?]
	at org.apache.hadoop.ipc.Server$RpcCall.run(Server.java:1017) [hadoop-common-3.3.6.jar:?]
	at java.security.AccessController.doPrivileged(Native Method) ~[?:1.8.0_382]
	at javax.security.auth.Subject.doAs(Subject.java:422) [?:1.8.0_382]
	at org.apache.hadoop.security.UserGroupInformation.doAs(UserGroupInformation.java:1899) [hadoop-common-3.3.6.jar:?]
	at org.apache.hadoop.ipc.Server$Handler.run(Server.java:3048) [hadoop-common-3.3.6.jar:?]
09:31:22.171 [IPC Server handler 2 on default port 15004] ERROR OMAudit - user=runner | ip=127.0.0.1 | op=GET_FILE_STATUS {volume=volume76952, bucket=bucket05606, key=level0/level2/file1, dataSize=0, replicationConfig=null} | ret=FAILURE
org.apache.hadoop.ozone.om.exceptions.OMException: Unable to get file status: volume: volume76952 bucket: bucket05606 key: level0/level2/file1
	at org.apache.hadoop.ozone.om.KeyManagerImpl.getOzoneFileStatus(KeyManagerImpl.java:1195) ~[ozone-manager-1.4.0-SNAPSHOT.jar:?]
	at org.apache.hadoop.ozone.om.KeyManagerImpl.getFileStatus(KeyManagerImpl.java:1113) ~[ozone-manager-1.4.0-SNAPSHOT.jar:?]
	at org.apache.hadoop.ozone.om.OmMetadataReader.getFileStatus(OmMetadataReader.java:262) ~[ozone-manager-1.4.0-SNAPSHOT.jar:?]
	at org.apache.hadoop.ozone.om.OzoneManager.getFileStatus(OzoneManager.java:3513) ~[ozone-manager-1.4.0-SNAPSHOT.jar:?]
	at org.apache.hadoop.ozone.protocolPB.OzoneManagerRequestHandler.getOzoneFileStatus(OzoneManagerRequestHandler.java:973) ~[ozone-manager-1.4.0-SNAPSHOT.jar:?]
	at org.apache.hadoop.ozone.protocolPB.OzoneManagerRequestHandler.handleReadRequest(OzoneManagerRequestHandler.java:252) ~[ozone-manager-1.4.0-SNAPSHOT.jar:?]
	at org.apache.hadoop.ozone.protocolPB.OzoneManagerProtocolServerSideTranslatorPB.submitReadRequestToOM(OzoneManagerProtocolServerSideTranslatorPB.java:225) ~[ozone-manager-1.4.0-SNAPSHOT.jar:?]
	at org.apache.hadoop.ozone.protocolPB.OzoneManagerProtocolServerSideTranslatorPB.processRequest(OzoneManagerProtocolServerSideTranslatorPB.java:179) ~[ozone-manager-1.4.0-SNAPSHOT.jar:?]
	at org.apache.hadoop.hdds.server.OzoneProtocolMessageDispatcher.processRequest(OzoneProtocolMessageDispatcher.java:87) [hdds-server-framework-1.4.0-SNAPSHOT.jar:?]
	at org.apache.hadoop.ozone.protocolPB.OzoneManagerProtocolServerSideTranslatorPB.submitRequest(OzoneManagerProtocolServerSideTranslatorPB.java:148) [ozone-manager-1.4.0-SNAPSHOT.jar:?]
	at org.apache.hadoop.ozone.protocol.proto.OzoneManagerProtocolProtos$OzoneManagerService$2.callBlockingMethod(OzoneManagerProtocolProtos.java) [ozone-interface-client-1.4.0-SNAPSHOT.jar:?]
	at org.apache.hadoop.ipc.ProtobufRpcEngine$Server.processCall(ProtobufRpcEngine.java:484) [hadoop-common-3.3.6.jar:?]
	at org.apache.hadoop.ipc.ProtobufRpcEngine2$Server$ProtoBufRpcInvoker.call(ProtobufRpcEngine2.java:595) [hadoop-common-3.3.6.jar:?]
	at org.apache.hadoop.ipc.ProtobufRpcEngine2$Server$ProtoBufRpcInvoker.call(ProtobufRpcEngine2.java:573) [hadoop-common-3.3.6.jar:?]
	at org.apache.hadoop.ipc.RPC$Server.call(RPC.java:1227) [hadoop-common-3.3.6.jar:?]
	at org.apache.hadoop.ipc.Server$RpcCall.run(Server.java:1094) [hadoop-common-3.3.6.jar:?]
	at org.apache.hadoop.ipc.Server$RpcCall.run(Server.java:1017) [hadoop-common-3.3.6.jar:?]
	at java.security.AccessController.doPrivileged(Native Method) ~[?:1.8.0_382]
	at javax.security.auth.Subject.doAs(Subject.java:422) [?:1.8.0_382]
	at org.apache.hadoop.security.UserGroupInformation.doAs(UserGroupInformation.java:1899) [hadoop-common-3.3.6.jar:?]
	at org.apache.hadoop.ipc.Server$Handler.run(Server.java:3048) [hadoop-common-3.3.6.jar:?]
09:31:22.173 [IPC Server handler 5 on default port 15004] ERROR OMAudit - user=runner | ip=127.0.0.1 | op=GET_FILE_STATUS {volume=volume76952, bucket=bucket05606, key=level0/level2/level2/file1, dataSize=0, replicationConfig=null} | ret=FAILURE
org.apache.hadoop.ozone.om.exceptions.OMException: Unable to get file status: volume: volume76952 bucket: bucket05606 key: level0/level2/level2/file1
	at org.apache.hadoop.ozone.om.KeyManagerImpl.getOzoneFileStatus(KeyManagerImpl.java:1195) ~[ozone-manager-1.4.0-SNAPSHOT.jar:?]
	at org.apache.hadoop.ozone.om.KeyManagerImpl.getFileStatus(KeyManagerImpl.java:1113) ~[ozone-manager-1.4.0-SNAPSHOT.jar:?]
	at org.apache.hadoop.ozone.om.OmMetadataReader.getFileStatus(OmMetadataReader.java:262) ~[ozone-manager-1.4.0-SNAPSHOT.jar:?]
	at org.apache.hadoop.ozone.om.OzoneManager.getFileStatus(OzoneManager.java:3513) ~[ozone-manager-1.4.0-SNAPSHOT.jar:?]
	at org.apache.hadoop.ozone.protocolPB.OzoneManagerRequestHandler.getOzoneFileStatus(OzoneManagerRequestHandler.java:973) ~[ozone-manager-1.4.0-SNAPSHOT.jar:?]
	at org.apache.hadoop.ozone.protocolPB.OzoneManagerRequestHandler.handleReadRequest(OzoneManagerRequestHandler.java:252) ~[ozone-manager-1.4.0-SNAPSHOT.jar:?]
	at org.apache.hadoop.ozone.protocolPB.OzoneManagerProtocolServerSideTranslatorPB.submitReadRequestToOM(OzoneManagerProtocolServerSideTranslatorPB.java:225) ~[ozone-manager-1.4.0-SNAPSHOT.jar:?]
	at org.apache.hadoop.ozone.protocolPB.OzoneManagerProtocolServerSideTranslatorPB.processRequest(OzoneManagerProtocolServerSideTranslatorPB.java:179) ~[ozone-manager-1.4.0-SNAPSHOT.jar:?]
	at org.apache.hadoop.hdds.server.OzoneProtocolMessageDispatcher.processRequest(OzoneProtocolMessageDispatcher.java:87) [hdds-server-framework-1.4.0-SNAPSHOT.jar:?]
	at org.apache.hadoop.ozone.protocolPB.OzoneManagerProtocolServerSideTranslatorPB.submitRequest(OzoneManagerProtocolServerSideTranslatorPB.java:148) [ozone-manager-1.4.0-SNAPSHOT.jar:?]
	at org.apache.hadoop.ozone.protocol.proto.OzoneManagerProtocolProtos$OzoneManagerService$2.callBlockingMethod(OzoneManagerProtocolProtos.java) [ozone-interface-client-1.4.0-SNAPSHOT.jar:?]
	at org.apache.hadoop.ipc.ProtobufRpcEngine$Server.processCall(ProtobufRpcEngine.java:484) [hadoop-common-3.3.6.jar:?]
	at org.apache.hadoop.ipc.ProtobufRpcEngine2$Server$ProtoBufRpcInvoker.call(ProtobufRpcEngine2.java:595) [hadoop-common-3.3.6.jar:?]
	at org.apache.hadoop.ipc.ProtobufRpcEngine2$Server$ProtoBufRpcInvoker.call(ProtobufRpcEngine2.java:573) [hadoop-common-3.3.6.jar:?]
	at org.apache.hadoop.ipc.RPC$Server.call(RPC.java:1227) [hadoop-common-3.3.6.jar:?]
	at org.apache.hadoop.ipc.Server$RpcCall.run(Server.java:1094) [hadoop-common-3.3.6.jar:?]
	at org.apache.hadoop.ipc.Server$RpcCall.run(Server.java:1017) [hadoop-common-3.3.6.jar:?]
	at java.security.AccessController.doPrivileged(Native Method) ~[?:1.8.0_382]
	at javax.security.auth.Subject.doAs(Subject.java:422) [?:1.8.0_382]
	at org.apache.hadoop.security.UserGroupInformation.doAs(UserGroupInformation.java:1899) [hadoop-common-3.3.6.jar:?]
	at org.apache.hadoop.ipc.Server$Handler.run(Server.java:3048) [hadoop-common-3.3.6.jar:?]
09:31:22.175 [IPC Server handler 17 on default port 15004] ERROR OMAudit - user=runner | ip=127.0.0.1 | op=GET_FILE_STATUS {volume=volume76952, bucket=bucket05606, key=level0/level3, dataSize=0, replicationConfig=null} | ret=FAILURE
org.apache.hadoop.ozone.om.exceptions.OMException: Unable to get file status: volume: volume76952 bucket: bucket05606 key: level0/level3
	at org.apache.hadoop.ozone.om.KeyManagerImpl.getOzoneFileStatus(KeyManagerImpl.java:1195) ~[ozone-manager-1.4.0-SNAPSHOT.jar:?]
	at org.apache.hadoop.ozone.om.KeyManagerImpl.getFileStatus(KeyManagerImpl.java:1113) ~[ozone-manager-1.4.0-SNAPSHOT.jar:?]
	at org.apache.hadoop.ozone.om.OmMetadataReader.getFileStatus(OmMetadataReader.java:262) ~[ozone-manager-1.4.0-SNAPSHOT.jar:?]
	at org.apache.hadoop.ozone.om.OzoneManager.getFileStatus(OzoneManager.java:3513) ~[ozone-manager-1.4.0-SNAPSHOT.jar:?]
	at org.apache.hadoop.ozone.protocolPB.OzoneManagerRequestHandler.getOzoneFileStatus(OzoneManagerRequestHandler.java:973) ~[ozone-manager-1.4.0-SNAPSHOT.jar:?]
	at org.apache.hadoop.ozone.protocolPB.OzoneManagerRequestHandler.handleReadRequest(OzoneManagerRequestHandler.java:252) ~[ozone-manager-1.4.0-SNAPSHOT.jar:?]
	at org.apache.hadoop.ozone.protocolPB.OzoneManagerProtocolServerSideTranslatorPB.submitReadRequestToOM(OzoneManagerProtocolServerSideTranslatorPB.java:225) ~[ozone-manager-1.4.0-SNAPSHOT.jar:?]
	at org.apache.hadoop.ozone.protocolPB.OzoneManagerProtocolServerSideTranslatorPB.processRequest(OzoneManagerProtocolServerSideTranslatorPB.java:179) ~[ozone-manager-1.4.0-SNAPSHOT.jar:?]
	at org.apache.hadoop.hdds.server.OzoneProtocolMessageDispatcher.processRequest(OzoneProtocolMessageDispatcher.java:87) [hdds-server-framework-1.4.0-SNAPSHOT.jar:?]
	at org.apache.hadoop.ozone.protocolPB.OzoneManagerProtocolServerSideTranslatorPB.submitRequest(OzoneManagerProtocolServerSideTranslatorPB.java:148) [ozone-manager-1.4.0-SNAPSHOT.jar:?]
	at org.apache.hadoop.ozone.protocol.proto.OzoneManagerProtocolProtos$OzoneManagerService$2.callBlockingMethod(OzoneManagerProtocolProtos.java) [ozone-interface-client-1.4.0-SNAPSHOT.jar:?]
	at org.apache.hadoop.ipc.ProtobufRpcEngine$Server.processCall(ProtobufRpcEngine.java:484) [hadoop-common-3.3.6.jar:?]
	at org.apache.hadoop.ipc.ProtobufRpcEngine2$Server$ProtoBufRpcInvoker.call(ProtobufRpcEngine2.java:595) [hadoop-common-3.3.6.jar:?]
	at org.apache.hadoop.ipc.ProtobufRpcEngine2$Server$ProtoBufRpcInvoker.call(ProtobufRpcEngine2.java:573) [hadoop-common-3.3.6.jar:?]
	at org.apache.hadoop.ipc.RPC$Server.call(RPC.java:1227) [hadoop-common-3.3.6.jar:?]
	at org.apache.hadoop.ipc.Server$RpcCall.run(Server.java:1094) [hadoop-common-3.3.6.jar:?]
	at org.apache.hadoop.ipc.Server$RpcCall.run(Server.java:1017) [hadoop-common-3.3.6.jar:?]
	at java.security.AccessController.doPrivileged(Native Method) ~[?:1.8.0_382]
	at javax.security.auth.Subject.doAs(Subject.java:422) [?:1.8.0_382]
	at org.apache.hadoop.security.UserGroupInformation.doAs(UserGroupInformation.java:1899) [hadoop-common-3.3.6.jar:?]
	at org.apache.hadoop.ipc.Server$Handler.run(Server.java:3048) [hadoop-common-3.3.6.jar:?]
09:31:22.178 [IPC Server handler 16 on default port 15004] ERROR OMAudit - user=runner | ip=127.0.0.1 | op=GET_FILE_STATUS {volume=volume76952, bucket=bucket05606, key=level0/level3/level3, dataSize=0, replicationConfig=null} | ret=FAILURE
org.apache.hadoop.ozone.om.exceptions.OMException: Unable to get file status: volume: volume76952 bucket: bucket05606 key: level0/level3/level3
	at org.apache.hadoop.ozone.om.KeyManagerImpl.getOzoneFileStatus(KeyManagerImpl.java:1195) ~[ozone-manager-1.4.0-SNAPSHOT.jar:?]
	at org.apache.hadoop.ozone.om.KeyManagerImpl.getFileStatus(KeyManagerImpl.java:1113) ~[ozone-manager-1.4.0-SNAPSHOT.jar:?]
	at org.apache.hadoop.ozone.om.OmMetadataReader.getFileStatus(OmMetadataReader.java:262) ~[ozone-manager-1.4.0-SNAPSHOT.jar:?]
	at org.apache.hadoop.ozone.om.OzoneManager.getFileStatus(OzoneManager.java:3513) ~[ozone-manager-1.4.0-SNAPSHOT.jar:?]
	at org.apache.hadoop.ozone.protocolPB.OzoneManagerRequestHandler.getOzoneFileStatus(OzoneManagerRequestHandler.java:973) ~[ozone-manager-1.4.0-SNAPSHOT.jar:?]
	at org.apache.hadoop.ozone.protocolPB.OzoneManagerRequestHandler.handleReadRequest(OzoneManagerRequestHandler.java:252) ~[ozone-manager-1.4.0-SNAPSHOT.jar:?]
	at org.apache.hadoop.ozone.protocolPB.OzoneManagerProtocolServerSideTranslatorPB.submitReadRequestToOM(OzoneManagerProtocolServerSideTranslatorPB.java:225) ~[ozone-manager-1.4.0-SNAPSHOT.jar:?]
	at org.apache.hadoop.ozone.protocolPB.OzoneManagerProtocolServerSideTranslatorPB.processRequest(OzoneManagerProtocolServerSideTranslatorPB.java:179) ~[ozone-manager-1.4.0-SNAPSHOT.jar:?]
	at org.apache.hadoop.hdds.server.OzoneProtocolMessageDispatcher.processRequest(OzoneProtocolMessageDispatcher.java:87) [hdds-server-framework-1.4.0-SNAPSHOT.jar:?]
	at org.apache.hadoop.ozone.protocolPB.OzoneManagerProtocolServerSideTranslatorPB.submitRequest(OzoneManagerProtocolServerSideTranslatorPB.java:148) [ozone-manager-1.4.0-SNAPSHOT.jar:?]
	at org.apache.hadoop.ozone.protocol.proto.OzoneManagerProtocolProtos$OzoneManagerService$2.callBlockingMethod(OzoneManagerProtocolProtos.java) [ozone-interface-client-1.4.0-SNAPSHOT.jar:?]
	at org.apache.hadoop.ipc.ProtobufRpcEngine$Server.processCall(ProtobufRpcEngine.java:484) [hadoop-common-3.3.6.jar:?]
	at org.apache.hadoop.ipc.ProtobufRpcEngine2$Server$ProtoBufRpcInvoker.call(ProtobufRpcEngine2.java:595) [hadoop-common-3.3.6.jar:?]
	at org.apache.hadoop.ipc.ProtobufRpcEngine2$Server$ProtoBufRpcInvoker.call(ProtobufRpcEngine2.java:573) [hadoop-common-3.3.6.jar:?]
	at org.apache.hadoop.ipc.RPC$Server.call(RPC.java:1227) [hadoop-common-3.3.6.jar:?]
	at org.apache.hadoop.ipc.Server$RpcCall.run(Server.java:1094) [hadoop-common-3.3.6.jar:?]
	at org.apache.hadoop.ipc.Server$RpcCall.run(Server.java:1017) [hadoop-common-3.3.6.jar:?]
	at java.security.AccessController.doPrivileged(Native Method) ~[?:1.8.0_382]
	at javax.security.auth.Subject.doAs(Subject.java:422) [?:1.8.0_382]
	at org.apache.hadoop.security.UserGroupInformation.doAs(UserGroupInformation.java:1899) [hadoop-common-3.3.6.jar:?]
	at org.apache.hadoop.ipc.Server$Handler.run(Server.java:3048) [hadoop-common-3.3.6.jar:?]
09:31:22.180 [IPC Server handler 15 on default port 15004] ERROR OMAudit - user=runner | ip=127.0.0.1 | op=GET_FILE_STATUS {volume=volume76952, bucket=bucket05606, key=level0/level3/file1, dataSize=0, replicationConfig=null} | ret=FAILURE
org.apache.hadoop.ozone.om.exceptions.OMException: Unable to get file status: volume: volume76952 bucket: bucket05606 key: level0/level3/file1
	at org.apache.hadoop.ozone.om.KeyManagerImpl.getOzoneFileStatus(KeyManagerImpl.java:1195) ~[ozone-manager-1.4.0-SNAPSHOT.jar:?]
	at org.apache.hadoop.ozone.om.KeyManagerImpl.getFileStatus(KeyManagerImpl.java:1113) ~[ozone-manager-1.4.0-SNAPSHOT.jar:?]
	at org.apache.hadoop.ozone.om.OmMetadataReader.getFileStatus(OmMetadataReader.java:262) ~[ozone-manager-1.4.0-SNAPSHOT.jar:?]
	at org.apache.hadoop.ozone.om.OzoneManager.getFileStatus(OzoneManager.java:3513) ~[ozone-manager-1.4.0-SNAPSHOT.jar:?]
	at org.apache.hadoop.ozone.protocolPB.OzoneManagerRequestHandler.getOzoneFileStatus(OzoneManagerRequestHandler.java:973) ~[ozone-manager-1.4.0-SNAPSHOT.jar:?]
	at org.apache.hadoop.ozone.protocolPB.OzoneManagerRequestHandler.handleReadRequest(OzoneManagerRequestHandler.java:252) ~[ozone-manager-1.4.0-SNAPSHOT.jar:?]
	at org.apache.hadoop.ozone.protocolPB.OzoneManagerProtocolServerSideTranslatorPB.submitReadRequestToOM(OzoneManagerProtocolServerSideTranslatorPB.java:225) ~[ozone-manager-1.4.0-SNAPSHOT.jar:?]
	at org.apache.hadoop.ozone.protocolPB.OzoneManagerProtocolServerSideTranslatorPB.processRequest(OzoneManagerProtocolServerSideTranslatorPB.java:179) ~[ozone-manager-1.4.0-SNAPSHOT.jar:?]
	at org.apache.hadoop.hdds.server.OzoneProtocolMessageDispatcher.processRequest(OzoneProtocolMessageDispatcher.java:87) [hdds-server-framework-1.4.0-SNAPSHOT.jar:?]
	at org.apache.hadoop.ozone.protocolPB.OzoneManagerProtocolServerSideTranslatorPB.submitRequest(OzoneManagerProtocolServerSideTranslatorPB.java:148) [ozone-manager-1.4.0-SNAPSHOT.jar:?]
	at org.apache.hadoop.ozone.protocol.proto.OzoneManagerProtocolProtos$OzoneManagerService$2.callBlockingMethod(OzoneManagerProtocolProtos.java) [ozone-interface-client-1.4.0-SNAPSHOT.jar:?]
	at org.apache.hadoop.ipc.ProtobufRpcEngine$Server.processCall(ProtobufRpcEngine.java:484) [hadoop-common-3.3.6.jar:?]
	at org.apache.hadoop.ipc.ProtobufRpcEngine2$Server$ProtoBufRpcInvoker.call(ProtobufRpcEngine2.java:595) [hadoop-common-3.3.6.jar:?]
	at org.apache.hadoop.ipc.ProtobufRpcEngine2$Server$ProtoBufRpcInvoker.call(ProtobufRpcEngine2.java:573) [hadoop-common-3.3.6.jar:?]
	at org.apache.hadoop.ipc.RPC$Server.call(RPC.java:1227) [hadoop-common-3.3.6.jar:?]
	at org.apache.hadoop.ipc.Server$RpcCall.run(Server.java:1094) [hadoop-common-3.3.6.jar:?]
	at org.apache.hadoop.ipc.Server$RpcCall.run(Server.java:1017) [hadoop-common-3.3.6.jar:?]
	at java.security.AccessController.doPrivileged(Native Method) ~[?:1.8.0_382]
	at javax.security.auth.Subject.doAs(Subject.java:422) [?:1.8.0_382]
	at org.apache.hadoop.security.UserGroupInformation.doAs(UserGroupInformation.java:1899) [hadoop-common-3.3.6.jar:?]
	at org.apache.hadoop.ipc.Server$Handler.run(Server.java:3048) [hadoop-common-3.3.6.jar:?]
09:31:22.181 [IPC Server handler 14 on default port 15004] ERROR OMAudit - user=runner | ip=127.0.0.1 | op=GET_FILE_STATUS {volume=volume76952, bucket=bucket05606, key=level0/level3/level3/file1, dataSize=0, replicationConfig=null} | ret=FAILURE
org.apache.hadoop.ozone.om.exceptions.OMException: Unable to get file status: volume: volume76952 bucket: bucket05606 key: level0/level3/level3/file1
	at org.apache.hadoop.ozone.om.KeyManagerImpl.getOzoneFileStatus(KeyManagerImpl.java:1195) ~[ozone-manager-1.4.0-SNAPSHOT.jar:?]
	at org.apache.hadoop.ozone.om.KeyManagerImpl.getFileStatus(KeyManagerImpl.java:1113) ~[ozone-manager-1.4.0-SNAPSHOT.jar:?]
	at org.apache.hadoop.ozone.om.OmMetadataReader.getFileStatus(OmMetadataReader.java:262) ~[ozone-manager-1.4.0-SNAPSHOT.jar:?]
	at org.apache.hadoop.ozone.om.OzoneManager.getFileStatus(OzoneManager.java:3513) ~[ozone-manager-1.4.0-SNAPSHOT.jar:?]
	at org.apache.hadoop.ozone.protocolPB.OzoneManagerRequestHandler.getOzoneFileStatus(OzoneManagerRequestHandler.java:973) ~[ozone-manager-1.4.0-SNAPSHOT.jar:?]
	at org.apache.hadoop.ozone.protocolPB.OzoneManagerRequestHandler.handleReadRequest(OzoneManagerRequestHandler.java:252) ~[ozone-manager-1.4.0-SNAPSHOT.jar:?]
	at org.apache.hadoop.ozone.protocolPB.OzoneManagerProtocolServerSideTranslatorPB.submitReadRequestToOM(OzoneManagerProtocolServerSideTranslatorPB.java:225) ~[ozone-manager-1.4.0-SNAPSHOT.jar:?]
	at org.apache.hadoop.ozone.protocolPB.OzoneManagerProtocolServerSideTranslatorPB.processRequest(OzoneManagerProtocolServerSideTranslatorPB.java:179) ~[ozone-manager-1.4.0-SNAPSHOT.jar:?]
	at org.apache.hadoop.hdds.server.OzoneProtocolMessageDispatcher.processRequest(OzoneProtocolMessageDispatcher.java:87) [hdds-server-framework-1.4.0-SNAPSHOT.jar:?]
	at org.apache.hadoop.ozone.protocolPB.OzoneManagerProtocolServerSideTranslatorPB.submitRequest(OzoneManagerProtocolServerSideTranslatorPB.java:148) [ozone-manager-1.4.0-SNAPSHOT.jar:?]
	at org.apache.hadoop.ozone.protocol.proto.OzoneManagerProtocolProtos$OzoneManagerService$2.callBlockingMethod(OzoneManagerProtocolProtos.java) [ozone-interface-client-1.4.0-SNAPSHOT.jar:?]
	at org.apache.hadoop.ipc.ProtobufRpcEngine$Server.processCall(ProtobufRpcEngine.java:484) [hadoop-common-3.3.6.jar:?]
	at org.apache.hadoop.ipc.ProtobufRpcEngine2$Server$ProtoBufRpcInvoker.call(ProtobufRpcEngine2.java:595) [hadoop-common-3.3.6.jar:?]
	at org.apache.hadoop.ipc.ProtobufRpcEngine2$Server$ProtoBufRpcInvoker.call(ProtobufRpcEngine2.java:573) [hadoop-common-3.3.6.jar:?]
	at org.apache.hadoop.ipc.RPC$Server.call(RPC.java:1227) [hadoop-common-3.3.6.jar:?]
	at org.apache.hadoop.ipc.Server$RpcCall.run(Server.java:1094) [hadoop-common-3.3.6.jar:?]
	at org.apache.hadoop.ipc.Server$RpcCall.run(Server.java:1017) [hadoop-common-3.3.6.jar:?]
	at java.security.AccessController.doPrivileged(Native Method) ~[?:1.8.0_382]
	at javax.security.auth.Subject.doAs(Subject.java:422) [?:1.8.0_382]
	at org.apache.hadoop.security.UserGroupInformation.doAs(UserGroupInformation.java:1899) [hadoop-common-3.3.6.jar:?]
	at org.apache.hadoop.ipc.Server$Handler.run(Server.java:3048) [hadoop-common-3.3.6.jar:?]
]]></system-out>
  </testcase>
  <testcase name="testRecursiveDelete" classname="TestOzoneFileSystem" time="0.185">
    <system-out><![CDATA[09:32:47.530 [IPC Server handler 14 on default port 15057] ERROR OMAudit - user=runner | ip=127.0.0.1 | op=GET_FILE_STATUS {volume=volume78214, bucket=bucket62222, key=gdir1, dataSize=0, replicationConfig=null} | ret=FAILURE
org.apache.hadoop.ozone.om.exceptions.OMException: Unable to get file status: volume: volume78214 bucket: bucket62222 key: gdir1
	at org.apache.hadoop.ozone.om.KeyManagerImpl.getOzoneFileStatus(KeyManagerImpl.java:1195) ~[ozone-manager-1.4.0-SNAPSHOT.jar:?]
	at org.apache.hadoop.ozone.om.KeyManagerImpl.getFileStatus(KeyManagerImpl.java:1113) ~[ozone-manager-1.4.0-SNAPSHOT.jar:?]
	at org.apache.hadoop.ozone.om.OmMetadataReader.getFileStatus(OmMetadataReader.java:262) ~[ozone-manager-1.4.0-SNAPSHOT.jar:?]
	at org.apache.hadoop.ozone.om.OzoneManager.getFileStatus(OzoneManager.java:3513) ~[ozone-manager-1.4.0-SNAPSHOT.jar:?]
	at org.apache.hadoop.ozone.protocolPB.OzoneManagerRequestHandler.getOzoneFileStatus(OzoneManagerRequestHandler.java:973) ~[ozone-manager-1.4.0-SNAPSHOT.jar:?]
	at org.apache.hadoop.ozone.protocolPB.OzoneManagerRequestHandler.handleReadRequest(OzoneManagerRequestHandler.java:252) ~[ozone-manager-1.4.0-SNAPSHOT.jar:?]
	at org.apache.hadoop.ozone.protocolPB.OzoneManagerProtocolServerSideTranslatorPB.submitRequestDirectlyToOM(OzoneManagerProtocolServerSideTranslatorPB.java:274) ~[ozone-manager-1.4.0-SNAPSHOT.jar:?]
	at org.apache.hadoop.ozone.protocolPB.OzoneManagerProtocolServerSideTranslatorPB.processRequest(OzoneManagerProtocolServerSideTranslatorPB.java:175) ~[ozone-manager-1.4.0-SNAPSHOT.jar:?]
	at org.apache.hadoop.hdds.server.OzoneProtocolMessageDispatcher.processRequest(OzoneProtocolMessageDispatcher.java:87) [hdds-server-framework-1.4.0-SNAPSHOT.jar:?]
	at org.apache.hadoop.ozone.protocolPB.OzoneManagerProtocolServerSideTranslatorPB.submitRequest(OzoneManagerProtocolServerSideTranslatorPB.java:148) [ozone-manager-1.4.0-SNAPSHOT.jar:?]
	at org.apache.hadoop.ozone.protocol.proto.OzoneManagerProtocolProtos$OzoneManagerService$2.callBlockingMethod(OzoneManagerProtocolProtos.java) [ozone-interface-client-1.4.0-SNAPSHOT.jar:?]
	at org.apache.hadoop.ipc.ProtobufRpcEngine$Server.processCall(ProtobufRpcEngine.java:484) [hadoop-common-3.3.6.jar:?]
	at org.apache.hadoop.ipc.ProtobufRpcEngine2$Server$ProtoBufRpcInvoker.call(ProtobufRpcEngine2.java:595) [hadoop-common-3.3.6.jar:?]
	at org.apache.hadoop.ipc.ProtobufRpcEngine2$Server$ProtoBufRpcInvoker.call(ProtobufRpcEngine2.java:573) [hadoop-common-3.3.6.jar:?]
	at org.apache.hadoop.ipc.RPC$Server.call(RPC.java:1227) [hadoop-common-3.3.6.jar:?]
	at org.apache.hadoop.ipc.Server$RpcCall.run(Server.java:1094) [hadoop-common-3.3.6.jar:?]
	at org.apache.hadoop.ipc.Server$RpcCall.run(Server.java:1017) [hadoop-common-3.3.6.jar:?]
	at java.security.AccessController.doPrivileged(Native Method) ~[?:1.8.0_382]
	at javax.security.auth.Subject.doAs(Subject.java:422) [?:1.8.0_382]
	at org.apache.hadoop.security.UserGroupInformation.doAs(UserGroupInformation.java:1899) [hadoop-common-3.3.6.jar:?]
	at org.apache.hadoop.ipc.Server$Handler.run(Server.java:3048) [hadoop-common-3.3.6.jar:?]
09:32:47.532 [IPC Server handler 8 on default port 15057] ERROR OMAudit - user=runner | ip=127.0.0.1 | op=GET_FILE_STATUS {volume=volume78214, bucket=bucket62222, key=gdir1/dir1, dataSize=0, replicationConfig=null} | ret=FAILURE
org.apache.hadoop.ozone.om.exceptions.OMException: Unable to get file status: volume: volume78214 bucket: bucket62222 key: gdir1/dir1
	at org.apache.hadoop.ozone.om.KeyManagerImpl.getOzoneFileStatus(KeyManagerImpl.java:1195) ~[ozone-manager-1.4.0-SNAPSHOT.jar:?]
	at org.apache.hadoop.ozone.om.KeyManagerImpl.getFileStatus(KeyManagerImpl.java:1113) ~[ozone-manager-1.4.0-SNAPSHOT.jar:?]
	at org.apache.hadoop.ozone.om.OmMetadataReader.getFileStatus(OmMetadataReader.java:262) ~[ozone-manager-1.4.0-SNAPSHOT.jar:?]
	at org.apache.hadoop.ozone.om.OzoneManager.getFileStatus(OzoneManager.java:3513) ~[ozone-manager-1.4.0-SNAPSHOT.jar:?]
	at org.apache.hadoop.ozone.protocolPB.OzoneManagerRequestHandler.getOzoneFileStatus(OzoneManagerRequestHandler.java:973) ~[ozone-manager-1.4.0-SNAPSHOT.jar:?]
	at org.apache.hadoop.ozone.protocolPB.OzoneManagerRequestHandler.handleReadRequest(OzoneManagerRequestHandler.java:252) ~[ozone-manager-1.4.0-SNAPSHOT.jar:?]
	at org.apache.hadoop.ozone.protocolPB.OzoneManagerProtocolServerSideTranslatorPB.submitRequestDirectlyToOM(OzoneManagerProtocolServerSideTranslatorPB.java:274) ~[ozone-manager-1.4.0-SNAPSHOT.jar:?]
	at org.apache.hadoop.ozone.protocolPB.OzoneManagerProtocolServerSideTranslatorPB.processRequest(OzoneManagerProtocolServerSideTranslatorPB.java:175) ~[ozone-manager-1.4.0-SNAPSHOT.jar:?]
	at org.apache.hadoop.hdds.server.OzoneProtocolMessageDispatcher.processRequest(OzoneProtocolMessageDispatcher.java:87) [hdds-server-framework-1.4.0-SNAPSHOT.jar:?]
	at org.apache.hadoop.ozone.protocolPB.OzoneManagerProtocolServerSideTranslatorPB.submitRequest(OzoneManagerProtocolServerSideTranslatorPB.java:148) [ozone-manager-1.4.0-SNAPSHOT.jar:?]
	at org.apache.hadoop.ozone.protocol.proto.OzoneManagerProtocolProtos$OzoneManagerService$2.callBlockingMethod(OzoneManagerProtocolProtos.java) [ozone-interface-client-1.4.0-SNAPSHOT.jar:?]
	at org.apache.hadoop.ipc.ProtobufRpcEngine$Server.processCall(ProtobufRpcEngine.java:484) [hadoop-common-3.3.6.jar:?]
	at org.apache.hadoop.ipc.ProtobufRpcEngine2$Server$ProtoBufRpcInvoker.call(ProtobufRpcEngine2.java:595) [hadoop-common-3.3.6.jar:?]
	at org.apache.hadoop.ipc.ProtobufRpcEngine2$Server$ProtoBufRpcInvoker.call(ProtobufRpcEngine2.java:573) [hadoop-common-3.3.6.jar:?]
	at org.apache.hadoop.ipc.RPC$Server.call(RPC.java:1227) [hadoop-common-3.3.6.jar:?]
	at org.apache.hadoop.ipc.Server$RpcCall.run(Server.java:1094) [hadoop-common-3.3.6.jar:?]
	at org.apache.hadoop.ipc.Server$RpcCall.run(Server.java:1017) [hadoop-common-3.3.6.jar:?]
	at java.security.AccessController.doPrivileged(Native Method) ~[?:1.8.0_382]
	at javax.security.auth.Subject.doAs(Subject.java:422) [?:1.8.0_382]
	at org.apache.hadoop.security.UserGroupInformation.doAs(UserGroupInformation.java:1899) [hadoop-common-3.3.6.jar:?]
	at org.apache.hadoop.ipc.Server$Handler.run(Server.java:3048) [hadoop-common-3.3.6.jar:?]
09:32:47.533 [IPC Server handler 15 on default port 15057] ERROR OMAudit - user=runner | ip=127.0.0.1 | op=GET_FILE_STATUS {volume=volume78214, bucket=bucket62222, key=gdir1/dir1/child, dataSize=0, replicationConfig=null} | ret=FAILURE
org.apache.hadoop.ozone.om.exceptions.OMException: Unable to get file status: volume: volume78214 bucket: bucket62222 key: gdir1/dir1/child
	at org.apache.hadoop.ozone.om.KeyManagerImpl.getOzoneFileStatus(KeyManagerImpl.java:1195) ~[ozone-manager-1.4.0-SNAPSHOT.jar:?]
	at org.apache.hadoop.ozone.om.KeyManagerImpl.getFileStatus(KeyManagerImpl.java:1113) ~[ozone-manager-1.4.0-SNAPSHOT.jar:?]
	at org.apache.hadoop.ozone.om.OmMetadataReader.getFileStatus(OmMetadataReader.java:262) ~[ozone-manager-1.4.0-SNAPSHOT.jar:?]
	at org.apache.hadoop.ozone.om.OzoneManager.getFileStatus(OzoneManager.java:3513) ~[ozone-manager-1.4.0-SNAPSHOT.jar:?]
	at org.apache.hadoop.ozone.protocolPB.OzoneManagerRequestHandler.getOzoneFileStatus(OzoneManagerRequestHandler.java:973) ~[ozone-manager-1.4.0-SNAPSHOT.jar:?]
	at org.apache.hadoop.ozone.protocolPB.OzoneManagerRequestHandler.handleReadRequest(OzoneManagerRequestHandler.java:252) ~[ozone-manager-1.4.0-SNAPSHOT.jar:?]
	at org.apache.hadoop.ozone.protocolPB.OzoneManagerProtocolServerSideTranslatorPB.submitRequestDirectlyToOM(OzoneManagerProtocolServerSideTranslatorPB.java:274) ~[ozone-manager-1.4.0-SNAPSHOT.jar:?]
	at org.apache.hadoop.ozone.protocolPB.OzoneManagerProtocolServerSideTranslatorPB.processRequest(OzoneManagerProtocolServerSideTranslatorPB.java:175) ~[ozone-manager-1.4.0-SNAPSHOT.jar:?]
	at org.apache.hadoop.hdds.server.OzoneProtocolMessageDispatcher.processRequest(OzoneProtocolMessageDispatcher.java:87) [hdds-server-framework-1.4.0-SNAPSHOT.jar:?]
	at org.apache.hadoop.ozone.protocolPB.OzoneManagerProtocolServerSideTranslatorPB.submitRequest(OzoneManagerProtocolServerSideTranslatorPB.java:148) [ozone-manager-1.4.0-SNAPSHOT.jar:?]
	at org.apache.hadoop.ozone.protocol.proto.OzoneManagerProtocolProtos$OzoneManagerService$2.callBlockingMethod(OzoneManagerProtocolProtos.java) [ozone-interface-client-1.4.0-SNAPSHOT.jar:?]
	at org.apache.hadoop.ipc.ProtobufRpcEngine$Server.processCall(ProtobufRpcEngine.java:484) [hadoop-common-3.3.6.jar:?]
	at org.apache.hadoop.ipc.ProtobufRpcEngine2$Server$ProtoBufRpcInvoker.call(ProtobufRpcEngine2.java:595) [hadoop-common-3.3.6.jar:?]
	at org.apache.hadoop.ipc.ProtobufRpcEngine2$Server$ProtoBufRpcInvoker.call(ProtobufRpcEngine2.java:573) [hadoop-common-3.3.6.jar:?]
	at org.apache.hadoop.ipc.RPC$Server.call(RPC.java:1227) [hadoop-common-3.3.6.jar:?]
	at org.apache.hadoop.ipc.Server$RpcCall.run(Server.java:1094) [hadoop-common-3.3.6.jar:?]
	at org.apache.hadoop.ipc.Server$RpcCall.run(Server.java:1017) [hadoop-common-3.3.6.jar:?]
	at java.security.AccessController.doPrivileged(Native Method) ~[?:1.8.0_382]
	at javax.security.auth.Subject.doAs(Subject.java:422) [?:1.8.0_382]
	at org.apache.hadoop.security.UserGroupInformation.doAs(UserGroupInformation.java:1899) [hadoop-common-3.3.6.jar:?]
	at org.apache.hadoop.ipc.Server$Handler.run(Server.java:3048) [hadoop-common-3.3.6.jar:?]
09:32:47.534 [IPC Server handler 19 on default port 15057] ERROR OMAudit - user=runner | ip=127.0.0.1 | op=GET_FILE_STATUS {volume=volume78214, bucket=bucket62222, key=gdir1/dir2, dataSize=0, replicationConfig=null} | ret=FAILURE
org.apache.hadoop.ozone.om.exceptions.OMException: Unable to get file status: volume: volume78214 bucket: bucket62222 key: gdir1/dir2
	at org.apache.hadoop.ozone.om.KeyManagerImpl.getOzoneFileStatus(KeyManagerImpl.java:1195) ~[ozone-manager-1.4.0-SNAPSHOT.jar:?]
	at org.apache.hadoop.ozone.om.KeyManagerImpl.getFileStatus(KeyManagerImpl.java:1113) ~[ozone-manager-1.4.0-SNAPSHOT.jar:?]
	at org.apache.hadoop.ozone.om.OmMetadataReader.getFileStatus(OmMetadataReader.java:262) ~[ozone-manager-1.4.0-SNAPSHOT.jar:?]
	at org.apache.hadoop.ozone.om.OzoneManager.getFileStatus(OzoneManager.java:3513) ~[ozone-manager-1.4.0-SNAPSHOT.jar:?]
	at org.apache.hadoop.ozone.protocolPB.OzoneManagerRequestHandler.getOzoneFileStatus(OzoneManagerRequestHandler.java:973) ~[ozone-manager-1.4.0-SNAPSHOT.jar:?]
	at org.apache.hadoop.ozone.protocolPB.OzoneManagerRequestHandler.handleReadRequest(OzoneManagerRequestHandler.java:252) ~[ozone-manager-1.4.0-SNAPSHOT.jar:?]
	at org.apache.hadoop.ozone.protocolPB.OzoneManagerProtocolServerSideTranslatorPB.submitRequestDirectlyToOM(OzoneManagerProtocolServerSideTranslatorPB.java:274) ~[ozone-manager-1.4.0-SNAPSHOT.jar:?]
	at org.apache.hadoop.ozone.protocolPB.OzoneManagerProtocolServerSideTranslatorPB.processRequest(OzoneManagerProtocolServerSideTranslatorPB.java:175) ~[ozone-manager-1.4.0-SNAPSHOT.jar:?]
	at org.apache.hadoop.hdds.server.OzoneProtocolMessageDispatcher.processRequest(OzoneProtocolMessageDispatcher.java:87) [hdds-server-framework-1.4.0-SNAPSHOT.jar:?]
	at org.apache.hadoop.ozone.protocolPB.OzoneManagerProtocolServerSideTranslatorPB.submitRequest(OzoneManagerProtocolServerSideTranslatorPB.java:148) [ozone-manager-1.4.0-SNAPSHOT.jar:?]
	at org.apache.hadoop.ozone.protocol.proto.OzoneManagerProtocolProtos$OzoneManagerService$2.callBlockingMethod(OzoneManagerProtocolProtos.java) [ozone-interface-client-1.4.0-SNAPSHOT.jar:?]
	at org.apache.hadoop.ipc.ProtobufRpcEngine$Server.processCall(ProtobufRpcEngine.java:484) [hadoop-common-3.3.6.jar:?]
	at org.apache.hadoop.ipc.ProtobufRpcEngine2$Server$ProtoBufRpcInvoker.call(ProtobufRpcEngine2.java:595) [hadoop-common-3.3.6.jar:?]
	at org.apache.hadoop.ipc.ProtobufRpcEngine2$Server$ProtoBufRpcInvoker.call(ProtobufRpcEngine2.java:573) [hadoop-common-3.3.6.jar:?]
	at org.apache.hadoop.ipc.RPC$Server.call(RPC.java:1227) [hadoop-common-3.3.6.jar:?]
	at org.apache.hadoop.ipc.Server$RpcCall.run(Server.java:1094) [hadoop-common-3.3.6.jar:?]
	at org.apache.hadoop.ipc.Server$RpcCall.run(Server.java:1017) [hadoop-common-3.3.6.jar:?]
	at java.security.AccessController.doPrivileged(Native Method) ~[?:1.8.0_382]
	at javax.security.auth.Subject.doAs(Subject.java:422) [?:1.8.0_382]
	at org.apache.hadoop.security.UserGroupInformation.doAs(UserGroupInformation.java:1899) [hadoop-common-3.3.6.jar:?]
	at org.apache.hadoop.ipc.Server$Handler.run(Server.java:3048) [hadoop-common-3.3.6.jar:?]
09:32:47.535 [IPC Server handler 16 on default port 15057] ERROR OMAudit - user=runner | ip=127.0.0.1 | op=GET_FILE_STATUS {volume=volume78214, bucket=bucket62222, key=gdir1/dir2/child, dataSize=0, replicationConfig=null} | ret=FAILURE
org.apache.hadoop.ozone.om.exceptions.OMException: Unable to get file status: volume: volume78214 bucket: bucket62222 key: gdir1/dir2/child
	at org.apache.hadoop.ozone.om.KeyManagerImpl.getOzoneFileStatus(KeyManagerImpl.java:1195) ~[ozone-manager-1.4.0-SNAPSHOT.jar:?]
	at org.apache.hadoop.ozone.om.KeyManagerImpl.getFileStatus(KeyManagerImpl.java:1113) ~[ozone-manager-1.4.0-SNAPSHOT.jar:?]
	at org.apache.hadoop.ozone.om.OmMetadataReader.getFileStatus(OmMetadataReader.java:262) ~[ozone-manager-1.4.0-SNAPSHOT.jar:?]
	at org.apache.hadoop.ozone.om.OzoneManager.getFileStatus(OzoneManager.java:3513) ~[ozone-manager-1.4.0-SNAPSHOT.jar:?]
	at org.apache.hadoop.ozone.protocolPB.OzoneManagerRequestHandler.getOzoneFileStatus(OzoneManagerRequestHandler.java:973) ~[ozone-manager-1.4.0-SNAPSHOT.jar:?]
	at org.apache.hadoop.ozone.protocolPB.OzoneManagerRequestHandler.handleReadRequest(OzoneManagerRequestHandler.java:252) ~[ozone-manager-1.4.0-SNAPSHOT.jar:?]
	at org.apache.hadoop.ozone.protocolPB.OzoneManagerProtocolServerSideTranslatorPB.submitRequestDirectlyToOM(OzoneManagerProtocolServerSideTranslatorPB.java:274) ~[ozone-manager-1.4.0-SNAPSHOT.jar:?]
	at org.apache.hadoop.ozone.protocolPB.OzoneManagerProtocolServerSideTranslatorPB.processRequest(OzoneManagerProtocolServerSideTranslatorPB.java:175) ~[ozone-manager-1.4.0-SNAPSHOT.jar:?]
	at org.apache.hadoop.hdds.server.OzoneProtocolMessageDispatcher.processRequest(OzoneProtocolMessageDispatcher.java:87) [hdds-server-framework-1.4.0-SNAPSHOT.jar:?]
	at org.apache.hadoop.ozone.protocolPB.OzoneManagerProtocolServerSideTranslatorPB.submitRequest(OzoneManagerProtocolServerSideTranslatorPB.java:148) [ozone-manager-1.4.0-SNAPSHOT.jar:?]
	at org.apache.hadoop.ozone.protocol.proto.OzoneManagerProtocolProtos$OzoneManagerService$2.callBlockingMethod(OzoneManagerProtocolProtos.java) [ozone-interface-client-1.4.0-SNAPSHOT.jar:?]
	at org.apache.hadoop.ipc.ProtobufRpcEngine$Server.processCall(ProtobufRpcEngine.java:484) [hadoop-common-3.3.6.jar:?]
	at org.apache.hadoop.ipc.ProtobufRpcEngine2$Server$ProtoBufRpcInvoker.call(ProtobufRpcEngine2.java:595) [hadoop-common-3.3.6.jar:?]
	at org.apache.hadoop.ipc.ProtobufRpcEngine2$Server$ProtoBufRpcInvoker.call(ProtobufRpcEngine2.java:573) [hadoop-common-3.3.6.jar:?]
	at org.apache.hadoop.ipc.RPC$Server.call(RPC.java:1227) [hadoop-common-3.3.6.jar:?]
	at org.apache.hadoop.ipc.Server$RpcCall.run(Server.java:1094) [hadoop-common-3.3.6.jar:?]
	at org.apache.hadoop.ipc.Server$RpcCall.run(Server.java:1017) [hadoop-common-3.3.6.jar:?]
	at java.security.AccessController.doPrivileged(Native Method) ~[?:1.8.0_382]
	at javax.security.auth.Subject.doAs(Subject.java:422) [?:1.8.0_382]
	at org.apache.hadoop.security.UserGroupInformation.doAs(UserGroupInformation.java:1899) [hadoop-common-3.3.6.jar:?]
	at org.apache.hadoop.ipc.Server$Handler.run(Server.java:3048) [hadoop-common-3.3.6.jar:?]
09:32:47.536 [IPC Server handler 6 on default port 15057] ERROR OMAudit - user=runner | ip=127.0.0.1 | op=GET_FILE_STATUS {volume=volume78214, bucket=bucket62222, key=gdir1/dir3, dataSize=0, replicationConfig=null} | ret=FAILURE
org.apache.hadoop.ozone.om.exceptions.OMException: Unable to get file status: volume: volume78214 bucket: bucket62222 key: gdir1/dir3
	at org.apache.hadoop.ozone.om.KeyManagerImpl.getOzoneFileStatus(KeyManagerImpl.java:1195) ~[ozone-manager-1.4.0-SNAPSHOT.jar:?]
	at org.apache.hadoop.ozone.om.KeyManagerImpl.getFileStatus(KeyManagerImpl.java:1113) ~[ozone-manager-1.4.0-SNAPSHOT.jar:?]
	at org.apache.hadoop.ozone.om.OmMetadataReader.getFileStatus(OmMetadataReader.java:262) ~[ozone-manager-1.4.0-SNAPSHOT.jar:?]
	at org.apache.hadoop.ozone.om.OzoneManager.getFileStatus(OzoneManager.java:3513) ~[ozone-manager-1.4.0-SNAPSHOT.jar:?]
	at org.apache.hadoop.ozone.protocolPB.OzoneManagerRequestHandler.getOzoneFileStatus(OzoneManagerRequestHandler.java:973) ~[ozone-manager-1.4.0-SNAPSHOT.jar:?]
	at org.apache.hadoop.ozone.protocolPB.OzoneManagerRequestHandler.handleReadRequest(OzoneManagerRequestHandler.java:252) ~[ozone-manager-1.4.0-SNAPSHOT.jar:?]
	at org.apache.hadoop.ozone.protocolPB.OzoneManagerProtocolServerSideTranslatorPB.submitRequestDirectlyToOM(OzoneManagerProtocolServerSideTranslatorPB.java:274) ~[ozone-manager-1.4.0-SNAPSHOT.jar:?]
	at org.apache.hadoop.ozone.protocolPB.OzoneManagerProtocolServerSideTranslatorPB.processRequest(OzoneManagerProtocolServerSideTranslatorPB.java:175) ~[ozone-manager-1.4.0-SNAPSHOT.jar:?]
	at org.apache.hadoop.hdds.server.OzoneProtocolMessageDispatcher.processRequest(OzoneProtocolMessageDispatcher.java:87) [hdds-server-framework-1.4.0-SNAPSHOT.jar:?]
	at org.apache.hadoop.ozone.protocolPB.OzoneManagerProtocolServerSideTranslatorPB.submitRequest(OzoneManagerProtocolServerSideTranslatorPB.java:148) [ozone-manager-1.4.0-SNAPSHOT.jar:?]
	at org.apache.hadoop.ozone.protocol.proto.OzoneManagerProtocolProtos$OzoneManagerService$2.callBlockingMethod(OzoneManagerProtocolProtos.java) [ozone-interface-client-1.4.0-SNAPSHOT.jar:?]
	at org.apache.hadoop.ipc.ProtobufRpcEngine$Server.processCall(ProtobufRpcEngine.java:484) [hadoop-common-3.3.6.jar:?]
	at org.apache.hadoop.ipc.ProtobufRpcEngine2$Server$ProtoBufRpcInvoker.call(ProtobufRpcEngine2.java:595) [hadoop-common-3.3.6.jar:?]
	at org.apache.hadoop.ipc.ProtobufRpcEngine2$Server$ProtoBufRpcInvoker.call(ProtobufRpcEngine2.java:573) [hadoop-common-3.3.6.jar:?]
	at org.apache.hadoop.ipc.RPC$Server.call(RPC.java:1227) [hadoop-common-3.3.6.jar:?]
	at org.apache.hadoop.ipc.Server$RpcCall.run(Server.java:1094) [hadoop-common-3.3.6.jar:?]
	at org.apache.hadoop.ipc.Server$RpcCall.run(Server.java:1017) [hadoop-common-3.3.6.jar:?]
	at java.security.AccessController.doPrivileged(Native Method) ~[?:1.8.0_382]
	at javax.security.auth.Subject.doAs(Subject.java:422) [?:1.8.0_382]
	at org.apache.hadoop.security.UserGroupInformation.doAs(UserGroupInformation.java:1899) [hadoop-common-3.3.6.jar:?]
	at org.apache.hadoop.ipc.Server$Handler.run(Server.java:3048) [hadoop-common-3.3.6.jar:?]
09:32:47.537 [IPC Server handler 12 on default port 15057] ERROR OMAudit - user=runner | ip=127.0.0.1 | op=GET_FILE_STATUS {volume=volume78214, bucket=bucket62222, key=gdir1/dir3/child, dataSize=0, replicationConfig=null} | ret=FAILURE
org.apache.hadoop.ozone.om.exceptions.OMException: Unable to get file status: volume: volume78214 bucket: bucket62222 key: gdir1/dir3/child
	at org.apache.hadoop.ozone.om.KeyManagerImpl.getOzoneFileStatus(KeyManagerImpl.java:1195) ~[ozone-manager-1.4.0-SNAPSHOT.jar:?]
	at org.apache.hadoop.ozone.om.KeyManagerImpl.getFileStatus(KeyManagerImpl.java:1113) ~[ozone-manager-1.4.0-SNAPSHOT.jar:?]
	at org.apache.hadoop.ozone.om.OmMetadataReader.getFileStatus(OmMetadataReader.java:262) ~[ozone-manager-1.4.0-SNAPSHOT.jar:?]
	at org.apache.hadoop.ozone.om.OzoneManager.getFileStatus(OzoneManager.java:3513) ~[ozone-manager-1.4.0-SNAPSHOT.jar:?]
	at org.apache.hadoop.ozone.protocolPB.OzoneManagerRequestHandler.getOzoneFileStatus(OzoneManagerRequestHandler.java:973) ~[ozone-manager-1.4.0-SNAPSHOT.jar:?]
	at org.apache.hadoop.ozone.protocolPB.OzoneManagerRequestHandler.handleReadRequest(OzoneManagerRequestHandler.java:252) ~[ozone-manager-1.4.0-SNAPSHOT.jar:?]
	at org.apache.hadoop.ozone.protocolPB.OzoneManagerProtocolServerSideTranslatorPB.submitRequestDirectlyToOM(OzoneManagerProtocolServerSideTranslatorPB.java:274) ~[ozone-manager-1.4.0-SNAPSHOT.jar:?]
	at org.apache.hadoop.ozone.protocolPB.OzoneManagerProtocolServerSideTranslatorPB.processRequest(OzoneManagerProtocolServerSideTranslatorPB.java:175) ~[ozone-manager-1.4.0-SNAPSHOT.jar:?]
	at org.apache.hadoop.hdds.server.OzoneProtocolMessageDispatcher.processRequest(OzoneProtocolMessageDispatcher.java:87) [hdds-server-framework-1.4.0-SNAPSHOT.jar:?]
	at org.apache.hadoop.ozone.protocolPB.OzoneManagerProtocolServerSideTranslatorPB.submitRequest(OzoneManagerProtocolServerSideTranslatorPB.java:148) [ozone-manager-1.4.0-SNAPSHOT.jar:?]
	at org.apache.hadoop.ozone.protocol.proto.OzoneManagerProtocolProtos$OzoneManagerService$2.callBlockingMethod(OzoneManagerProtocolProtos.java) [ozone-interface-client-1.4.0-SNAPSHOT.jar:?]
	at org.apache.hadoop.ipc.ProtobufRpcEngine$Server.processCall(ProtobufRpcEngine.java:484) [hadoop-common-3.3.6.jar:?]
	at org.apache.hadoop.ipc.ProtobufRpcEngine2$Server$ProtoBufRpcInvoker.call(ProtobufRpcEngine2.java:595) [hadoop-common-3.3.6.jar:?]
	at org.apache.hadoop.ipc.ProtobufRpcEngine2$Server$ProtoBufRpcInvoker.call(ProtobufRpcEngine2.java:573) [hadoop-common-3.3.6.jar:?]
	at org.apache.hadoop.ipc.RPC$Server.call(RPC.java:1227) [hadoop-common-3.3.6.jar:?]
	at org.apache.hadoop.ipc.Server$RpcCall.run(Server.java:1094) [hadoop-common-3.3.6.jar:?]
	at org.apache.hadoop.ipc.Server$RpcCall.run(Server.java:1017) [hadoop-common-3.3.6.jar:?]
	at java.security.AccessController.doPrivileged(Native Method) ~[?:1.8.0_382]
	at javax.security.auth.Subject.doAs(Subject.java:422) [?:1.8.0_382]
	at org.apache.hadoop.security.UserGroupInformation.doAs(UserGroupInformation.java:1899) [hadoop-common-3.3.6.jar:?]
	at org.apache.hadoop.ipc.Server$Handler.run(Server.java:3048) [hadoop-common-3.3.6.jar:?]
09:32:47.538 [IPC Server handler 10 on default port 15057] ERROR OMAudit - user=runner | ip=127.0.0.1 | op=GET_FILE_STATUS {volume=volume78214, bucket=bucket62222, key=gdir1/dir4, dataSize=0, replicationConfig=null} | ret=FAILURE
org.apache.hadoop.ozone.om.exceptions.OMException: Unable to get file status: volume: volume78214 bucket: bucket62222 key: gdir1/dir4
	at org.apache.hadoop.ozone.om.KeyManagerImpl.getOzoneFileStatus(KeyManagerImpl.java:1195) ~[ozone-manager-1.4.0-SNAPSHOT.jar:?]
	at org.apache.hadoop.ozone.om.KeyManagerImpl.getFileStatus(KeyManagerImpl.java:1113) ~[ozone-manager-1.4.0-SNAPSHOT.jar:?]
	at org.apache.hadoop.ozone.om.OmMetadataReader.getFileStatus(OmMetadataReader.java:262) ~[ozone-manager-1.4.0-SNAPSHOT.jar:?]
	at org.apache.hadoop.ozone.om.OzoneManager.getFileStatus(OzoneManager.java:3513) ~[ozone-manager-1.4.0-SNAPSHOT.jar:?]
	at org.apache.hadoop.ozone.protocolPB.OzoneManagerRequestHandler.getOzoneFileStatus(OzoneManagerRequestHandler.java:973) ~[ozone-manager-1.4.0-SNAPSHOT.jar:?]
	at org.apache.hadoop.ozone.protocolPB.OzoneManagerRequestHandler.handleReadRequest(OzoneManagerRequestHandler.java:252) ~[ozone-manager-1.4.0-SNAPSHOT.jar:?]
	at org.apache.hadoop.ozone.protocolPB.OzoneManagerProtocolServerSideTranslatorPB.submitRequestDirectlyToOM(OzoneManagerProtocolServerSideTranslatorPB.java:274) ~[ozone-manager-1.4.0-SNAPSHOT.jar:?]
	at org.apache.hadoop.ozone.protocolPB.OzoneManagerProtocolServerSideTranslatorPB.processRequest(OzoneManagerProtocolServerSideTranslatorPB.java:175) ~[ozone-manager-1.4.0-SNAPSHOT.jar:?]
	at org.apache.hadoop.hdds.server.OzoneProtocolMessageDispatcher.processRequest(OzoneProtocolMessageDispatcher.java:87) [hdds-server-framework-1.4.0-SNAPSHOT.jar:?]
	at org.apache.hadoop.ozone.protocolPB.OzoneManagerProtocolServerSideTranslatorPB.submitRequest(OzoneManagerProtocolServerSideTranslatorPB.java:148) [ozone-manager-1.4.0-SNAPSHOT.jar:?]
	at org.apache.hadoop.ozone.protocol.proto.OzoneManagerProtocolProtos$OzoneManagerService$2.callBlockingMethod(OzoneManagerProtocolProtos.java) [ozone-interface-client-1.4.0-SNAPSHOT.jar:?]
	at org.apache.hadoop.ipc.ProtobufRpcEngine$Server.processCall(ProtobufRpcEngine.java:484) [hadoop-common-3.3.6.jar:?]
	at org.apache.hadoop.ipc.ProtobufRpcEngine2$Server$ProtoBufRpcInvoker.call(ProtobufRpcEngine2.java:595) [hadoop-common-3.3.6.jar:?]
	at org.apache.hadoop.ipc.ProtobufRpcEngine2$Server$ProtoBufRpcInvoker.call(ProtobufRpcEngine2.java:573) [hadoop-common-3.3.6.jar:?]
	at org.apache.hadoop.ipc.RPC$Server.call(RPC.java:1227) [hadoop-common-3.3.6.jar:?]
	at org.apache.hadoop.ipc.Server$RpcCall.run(Server.java:1094) [hadoop-common-3.3.6.jar:?]
	at org.apache.hadoop.ipc.Server$RpcCall.run(Server.java:1017) [hadoop-common-3.3.6.jar:?]
	at java.security.AccessController.doPrivileged(Native Method) ~[?:1.8.0_382]
	at javax.security.auth.Subject.doAs(Subject.java:422) [?:1.8.0_382]
	at org.apache.hadoop.security.UserGroupInformation.doAs(UserGroupInformation.java:1899) [hadoop-common-3.3.6.jar:?]
	at org.apache.hadoop.ipc.Server$Handler.run(Server.java:3048) [hadoop-common-3.3.6.jar:?]
09:32:47.539 [IPC Server handler 11 on default port 15057] ERROR OMAudit - user=runner | ip=127.0.0.1 | op=GET_FILE_STATUS {volume=volume78214, bucket=bucket62222, key=gdir1/dir4/child, dataSize=0, replicationConfig=null} | ret=FAILURE
org.apache.hadoop.ozone.om.exceptions.OMException: Unable to get file status: volume: volume78214 bucket: bucket62222 key: gdir1/dir4/child
	at org.apache.hadoop.ozone.om.KeyManagerImpl.getOzoneFileStatus(KeyManagerImpl.java:1195) ~[ozone-manager-1.4.0-SNAPSHOT.jar:?]
	at org.apache.hadoop.ozone.om.KeyManagerImpl.getFileStatus(KeyManagerImpl.java:1113) ~[ozone-manager-1.4.0-SNAPSHOT.jar:?]
	at org.apache.hadoop.ozone.om.OmMetadataReader.getFileStatus(OmMetadataReader.java:262) ~[ozone-manager-1.4.0-SNAPSHOT.jar:?]
	at org.apache.hadoop.ozone.om.OzoneManager.getFileStatus(OzoneManager.java:3513) ~[ozone-manager-1.4.0-SNAPSHOT.jar:?]
	at org.apache.hadoop.ozone.protocolPB.OzoneManagerRequestHandler.getOzoneFileStatus(OzoneManagerRequestHandler.java:973) ~[ozone-manager-1.4.0-SNAPSHOT.jar:?]
	at org.apache.hadoop.ozone.protocolPB.OzoneManagerRequestHandler.handleReadRequest(OzoneManagerRequestHandler.java:252) ~[ozone-manager-1.4.0-SNAPSHOT.jar:?]
	at org.apache.hadoop.ozone.protocolPB.OzoneManagerProtocolServerSideTranslatorPB.submitRequestDirectlyToOM(OzoneManagerProtocolServerSideTranslatorPB.java:274) ~[ozone-manager-1.4.0-SNAPSHOT.jar:?]
	at org.apache.hadoop.ozone.protocolPB.OzoneManagerProtocolServerSideTranslatorPB.processRequest(OzoneManagerProtocolServerSideTranslatorPB.java:175) ~[ozone-manager-1.4.0-SNAPSHOT.jar:?]
	at org.apache.hadoop.hdds.server.OzoneProtocolMessageDispatcher.processRequest(OzoneProtocolMessageDispatcher.java:87) [hdds-server-framework-1.4.0-SNAPSHOT.jar:?]
	at org.apache.hadoop.ozone.protocolPB.OzoneManagerProtocolServerSideTranslatorPB.submitRequest(OzoneManagerProtocolServerSideTranslatorPB.java:148) [ozone-manager-1.4.0-SNAPSHOT.jar:?]
	at org.apache.hadoop.ozone.protocol.proto.OzoneManagerProtocolProtos$OzoneManagerService$2.callBlockingMethod(OzoneManagerProtocolProtos.java) [ozone-interface-client-1.4.0-SNAPSHOT.jar:?]
	at org.apache.hadoop.ipc.ProtobufRpcEngine$Server.processCall(ProtobufRpcEngine.java:484) [hadoop-common-3.3.6.jar:?]
	at org.apache.hadoop.ipc.ProtobufRpcEngine2$Server$ProtoBufRpcInvoker.call(ProtobufRpcEngine2.java:595) [hadoop-common-3.3.6.jar:?]
	at org.apache.hadoop.ipc.ProtobufRpcEngine2$Server$ProtoBufRpcInvoker.call(ProtobufRpcEngine2.java:573) [hadoop-common-3.3.6.jar:?]
	at org.apache.hadoop.ipc.RPC$Server.call(RPC.java:1227) [hadoop-common-3.3.6.jar:?]
	at org.apache.hadoop.ipc.Server$RpcCall.run(Server.java:1094) [hadoop-common-3.3.6.jar:?]
	at org.apache.hadoop.ipc.Server$RpcCall.run(Server.java:1017) [hadoop-common-3.3.6.jar:?]
	at java.security.AccessController.doPrivileged(Native Method) ~[?:1.8.0_382]
	at javax.security.auth.Subject.doAs(Subject.java:422) [?:1.8.0_382]
	at org.apache.hadoop.security.UserGroupInformation.doAs(UserGroupInformation.java:1899) [hadoop-common-3.3.6.jar:?]
	at org.apache.hadoop.ipc.Server$Handler.run(Server.java:3048) [hadoop-common-3.3.6.jar:?]
09:32:47.540 [IPC Server handler 13 on default port 15057] ERROR OMAudit - user=runner | ip=127.0.0.1 | op=GET_FILE_STATUS {volume=volume78214, bucket=bucket62222, key=gdir1/dir5, dataSize=0, replicationConfig=null} | ret=FAILURE
org.apache.hadoop.ozone.om.exceptions.OMException: Unable to get file status: volume: volume78214 bucket: bucket62222 key: gdir1/dir5
	at org.apache.hadoop.ozone.om.KeyManagerImpl.getOzoneFileStatus(KeyManagerImpl.java:1195) ~[ozone-manager-1.4.0-SNAPSHOT.jar:?]
	at org.apache.hadoop.ozone.om.KeyManagerImpl.getFileStatus(KeyManagerImpl.java:1113) ~[ozone-manager-1.4.0-SNAPSHOT.jar:?]
	at org.apache.hadoop.ozone.om.OmMetadataReader.getFileStatus(OmMetadataReader.java:262) ~[ozone-manager-1.4.0-SNAPSHOT.jar:?]
	at org.apache.hadoop.ozone.om.OzoneManager.getFileStatus(OzoneManager.java:3513) ~[ozone-manager-1.4.0-SNAPSHOT.jar:?]
	at org.apache.hadoop.ozone.protocolPB.OzoneManagerRequestHandler.getOzoneFileStatus(OzoneManagerRequestHandler.java:973) ~[ozone-manager-1.4.0-SNAPSHOT.jar:?]
	at org.apache.hadoop.ozone.protocolPB.OzoneManagerRequestHandler.handleReadRequest(OzoneManagerRequestHandler.java:252) ~[ozone-manager-1.4.0-SNAPSHOT.jar:?]
	at org.apache.hadoop.ozone.protocolPB.OzoneManagerProtocolServerSideTranslatorPB.submitRequestDirectlyToOM(OzoneManagerProtocolServerSideTranslatorPB.java:274) ~[ozone-manager-1.4.0-SNAPSHOT.jar:?]
	at org.apache.hadoop.ozone.protocolPB.OzoneManagerProtocolServerSideTranslatorPB.processRequest(OzoneManagerProtocolServerSideTranslatorPB.java:175) ~[ozone-manager-1.4.0-SNAPSHOT.jar:?]
	at org.apache.hadoop.hdds.server.OzoneProtocolMessageDispatcher.processRequest(OzoneProtocolMessageDispatcher.java:87) [hdds-server-framework-1.4.0-SNAPSHOT.jar:?]
	at org.apache.hadoop.ozone.protocolPB.OzoneManagerProtocolServerSideTranslatorPB.submitRequest(OzoneManagerProtocolServerSideTranslatorPB.java:148) [ozone-manager-1.4.0-SNAPSHOT.jar:?]
	at org.apache.hadoop.ozone.protocol.proto.OzoneManagerProtocolProtos$OzoneManagerService$2.callBlockingMethod(OzoneManagerProtocolProtos.java) [ozone-interface-client-1.4.0-SNAPSHOT.jar:?]
	at org.apache.hadoop.ipc.ProtobufRpcEngine$Server.processCall(ProtobufRpcEngine.java:484) [hadoop-common-3.3.6.jar:?]
	at org.apache.hadoop.ipc.ProtobufRpcEngine2$Server$ProtoBufRpcInvoker.call(ProtobufRpcEngine2.java:595) [hadoop-common-3.3.6.jar:?]
	at org.apache.hadoop.ipc.ProtobufRpcEngine2$Server$ProtoBufRpcInvoker.call(ProtobufRpcEngine2.java:573) [hadoop-common-3.3.6.jar:?]
	at org.apache.hadoop.ipc.RPC$Server.call(RPC.java:1227) [hadoop-common-3.3.6.jar:?]
	at org.apache.hadoop.ipc.Server$RpcCall.run(Server.java:1094) [hadoop-common-3.3.6.jar:?]
	at org.apache.hadoop.ipc.Server$RpcCall.run(Server.java:1017) [hadoop-common-3.3.6.jar:?]
	at java.security.AccessController.doPrivileged(Native Method) ~[?:1.8.0_382]
	at javax.security.auth.Subject.doAs(Subject.java:422) [?:1.8.0_382]
	at org.apache.hadoop.security.UserGroupInformation.doAs(UserGroupInformation.java:1899) [hadoop-common-3.3.6.jar:?]
	at org.apache.hadoop.ipc.Server$Handler.run(Server.java:3048) [hadoop-common-3.3.6.jar:?]
09:32:47.541 [IPC Server handler 4 on default port 15057] ERROR OMAudit - user=runner | ip=127.0.0.1 | op=GET_FILE_STATUS {volume=volume78214, bucket=bucket62222, key=gdir1/dir5/child, dataSize=0, replicationConfig=null} | ret=FAILURE
org.apache.hadoop.ozone.om.exceptions.OMException: Unable to get file status: volume: volume78214 bucket: bucket62222 key: gdir1/dir5/child
	at org.apache.hadoop.ozone.om.KeyManagerImpl.getOzoneFileStatus(KeyManagerImpl.java:1195) ~[ozone-manager-1.4.0-SNAPSHOT.jar:?]
	at org.apache.hadoop.ozone.om.KeyManagerImpl.getFileStatus(KeyManagerImpl.java:1113) ~[ozone-manager-1.4.0-SNAPSHOT.jar:?]
	at org.apache.hadoop.ozone.om.OmMetadataReader.getFileStatus(OmMetadataReader.java:262) ~[ozone-manager-1.4.0-SNAPSHOT.jar:?]
	at org.apache.hadoop.ozone.om.OzoneManager.getFileStatus(OzoneManager.java:3513) ~[ozone-manager-1.4.0-SNAPSHOT.jar:?]
	at org.apache.hadoop.ozone.protocolPB.OzoneManagerRequestHandler.getOzoneFileStatus(OzoneManagerRequestHandler.java:973) ~[ozone-manager-1.4.0-SNAPSHOT.jar:?]
	at org.apache.hadoop.ozone.protocolPB.OzoneManagerRequestHandler.handleReadRequest(OzoneManagerRequestHandler.java:252) ~[ozone-manager-1.4.0-SNAPSHOT.jar:?]
	at org.apache.hadoop.ozone.protocolPB.OzoneManagerProtocolServerSideTranslatorPB.submitRequestDirectlyToOM(OzoneManagerProtocolServerSideTranslatorPB.java:274) ~[ozone-manager-1.4.0-SNAPSHOT.jar:?]
	at org.apache.hadoop.ozone.protocolPB.OzoneManagerProtocolServerSideTranslatorPB.processRequest(OzoneManagerProtocolServerSideTranslatorPB.java:175) ~[ozone-manager-1.4.0-SNAPSHOT.jar:?]
	at org.apache.hadoop.hdds.server.OzoneProtocolMessageDispatcher.processRequest(OzoneProtocolMessageDispatcher.java:87) [hdds-server-framework-1.4.0-SNAPSHOT.jar:?]
	at org.apache.hadoop.ozone.protocolPB.OzoneManagerProtocolServerSideTranslatorPB.submitRequest(OzoneManagerProtocolServerSideTranslatorPB.java:148) [ozone-manager-1.4.0-SNAPSHOT.jar:?]
	at org.apache.hadoop.ozone.protocol.proto.OzoneManagerProtocolProtos$OzoneManagerService$2.callBlockingMethod(OzoneManagerProtocolProtos.java) [ozone-interface-client-1.4.0-SNAPSHOT.jar:?]
	at org.apache.hadoop.ipc.ProtobufRpcEngine$Server.processCall(ProtobufRpcEngine.java:484) [hadoop-common-3.3.6.jar:?]
	at org.apache.hadoop.ipc.ProtobufRpcEngine2$Server$ProtoBufRpcInvoker.call(ProtobufRpcEngine2.java:595) [hadoop-common-3.3.6.jar:?]
	at org.apache.hadoop.ipc.ProtobufRpcEngine2$Server$ProtoBufRpcInvoker.call(ProtobufRpcEngine2.java:573) [hadoop-common-3.3.6.jar:?]
	at org.apache.hadoop.ipc.RPC$Server.call(RPC.java:1227) [hadoop-common-3.3.6.jar:?]
	at org.apache.hadoop.ipc.Server$RpcCall.run(Server.java:1094) [hadoop-common-3.3.6.jar:?]
	at org.apache.hadoop.ipc.Server$RpcCall.run(Server.java:1017) [hadoop-common-3.3.6.jar:?]
	at java.security.AccessController.doPrivileged(Native Method) ~[?:1.8.0_382]
	at javax.security.auth.Subject.doAs(Subject.java:422) [?:1.8.0_382]
	at org.apache.hadoop.security.UserGroupInformation.doAs(UserGroupInformation.java:1899) [hadoop-common-3.3.6.jar:?]
	at org.apache.hadoop.ipc.Server$Handler.run(Server.java:3048) [hadoop-common-3.3.6.jar:?]
09:32:47.542 [IPC Server handler 9 on default port 15057] ERROR OMAudit - user=runner | ip=127.0.0.1 | op=GET_FILE_STATUS {volume=volume78214, bucket=bucket62222, key=gdir1/dir6, dataSize=0, replicationConfig=null} | ret=FAILURE
org.apache.hadoop.ozone.om.exceptions.OMException: Unable to get file status: volume: volume78214 bucket: bucket62222 key: gdir1/dir6
	at org.apache.hadoop.ozone.om.KeyManagerImpl.getOzoneFileStatus(KeyManagerImpl.java:1195) ~[ozone-manager-1.4.0-SNAPSHOT.jar:?]
	at org.apache.hadoop.ozone.om.KeyManagerImpl.getFileStatus(KeyManagerImpl.java:1113) ~[ozone-manager-1.4.0-SNAPSHOT.jar:?]
	at org.apache.hadoop.ozone.om.OmMetadataReader.getFileStatus(OmMetadataReader.java:262) ~[ozone-manager-1.4.0-SNAPSHOT.jar:?]
	at org.apache.hadoop.ozone.om.OzoneManager.getFileStatus(OzoneManager.java:3513) ~[ozone-manager-1.4.0-SNAPSHOT.jar:?]
	at org.apache.hadoop.ozone.protocolPB.OzoneManagerRequestHandler.getOzoneFileStatus(OzoneManagerRequestHandler.java:973) ~[ozone-manager-1.4.0-SNAPSHOT.jar:?]
	at org.apache.hadoop.ozone.protocolPB.OzoneManagerRequestHandler.handleReadRequest(OzoneManagerRequestHandler.java:252) ~[ozone-manager-1.4.0-SNAPSHOT.jar:?]
	at org.apache.hadoop.ozone.protocolPB.OzoneManagerProtocolServerSideTranslatorPB.submitRequestDirectlyToOM(OzoneManagerProtocolServerSideTranslatorPB.java:274) ~[ozone-manager-1.4.0-SNAPSHOT.jar:?]
	at org.apache.hadoop.ozone.protocolPB.OzoneManagerProtocolServerSideTranslatorPB.processRequest(OzoneManagerProtocolServerSideTranslatorPB.java:175) ~[ozone-manager-1.4.0-SNAPSHOT.jar:?]
	at org.apache.hadoop.hdds.server.OzoneProtocolMessageDispatcher.processRequest(OzoneProtocolMessageDispatcher.java:87) [hdds-server-framework-1.4.0-SNAPSHOT.jar:?]
	at org.apache.hadoop.ozone.protocolPB.OzoneManagerProtocolServerSideTranslatorPB.submitRequest(OzoneManagerProtocolServerSideTranslatorPB.java:148) [ozone-manager-1.4.0-SNAPSHOT.jar:?]
	at org.apache.hadoop.ozone.protocol.proto.OzoneManagerProtocolProtos$OzoneManagerService$2.callBlockingMethod(OzoneManagerProtocolProtos.java) [ozone-interface-client-1.4.0-SNAPSHOT.jar:?]
	at org.apache.hadoop.ipc.ProtobufRpcEngine$Server.processCall(ProtobufRpcEngine.java:484) [hadoop-common-3.3.6.jar:?]
	at org.apache.hadoop.ipc.ProtobufRpcEngine2$Server$ProtoBufRpcInvoker.call(ProtobufRpcEngine2.java:595) [hadoop-common-3.3.6.jar:?]
	at org.apache.hadoop.ipc.ProtobufRpcEngine2$Server$ProtoBufRpcInvoker.call(ProtobufRpcEngine2.java:573) [hadoop-common-3.3.6.jar:?]
	at org.apache.hadoop.ipc.RPC$Server.call(RPC.java:1227) [hadoop-common-3.3.6.jar:?]
	at org.apache.hadoop.ipc.Server$RpcCall.run(Server.java:1094) [hadoop-common-3.3.6.jar:?]
	at org.apache.hadoop.ipc.Server$RpcCall.run(Server.java:1017) [hadoop-common-3.3.6.jar:?]
	at java.security.AccessController.doPrivileged(Native Method) ~[?:1.8.0_382]
	at javax.security.auth.Subject.doAs(Subject.java:422) [?:1.8.0_382]
	at org.apache.hadoop.security.UserGroupInformation.doAs(UserGroupInformation.java:1899) [hadoop-common-3.3.6.jar:?]
	at org.apache.hadoop.ipc.Server$Handler.run(Server.java:3048) [hadoop-common-3.3.6.jar:?]
09:32:47.543 [IPC Server handler 0 on default port 15057] ERROR OMAudit - user=runner | ip=127.0.0.1 | op=GET_FILE_STATUS {volume=volume78214, bucket=bucket62222, key=gdir1/dir6/child, dataSize=0, replicationConfig=null} | ret=FAILURE
org.apache.hadoop.ozone.om.exceptions.OMException: Unable to get file status: volume: volume78214 bucket: bucket62222 key: gdir1/dir6/child
	at org.apache.hadoop.ozone.om.KeyManagerImpl.getOzoneFileStatus(KeyManagerImpl.java:1195) ~[ozone-manager-1.4.0-SNAPSHOT.jar:?]
	at org.apache.hadoop.ozone.om.KeyManagerImpl.getFileStatus(KeyManagerImpl.java:1113) ~[ozone-manager-1.4.0-SNAPSHOT.jar:?]
	at org.apache.hadoop.ozone.om.OmMetadataReader.getFileStatus(OmMetadataReader.java:262) ~[ozone-manager-1.4.0-SNAPSHOT.jar:?]
	at org.apache.hadoop.ozone.om.OzoneManager.getFileStatus(OzoneManager.java:3513) ~[ozone-manager-1.4.0-SNAPSHOT.jar:?]
	at org.apache.hadoop.ozone.protocolPB.OzoneManagerRequestHandler.getOzoneFileStatus(OzoneManagerRequestHandler.java:973) ~[ozone-manager-1.4.0-SNAPSHOT.jar:?]
	at org.apache.hadoop.ozone.protocolPB.OzoneManagerRequestHandler.handleReadRequest(OzoneManagerRequestHandler.java:252) ~[ozone-manager-1.4.0-SNAPSHOT.jar:?]
	at org.apache.hadoop.ozone.protocolPB.OzoneManagerProtocolServerSideTranslatorPB.submitRequestDirectlyToOM(OzoneManagerProtocolServerSideTranslatorPB.java:274) ~[ozone-manager-1.4.0-SNAPSHOT.jar:?]
	at org.apache.hadoop.ozone.protocolPB.OzoneManagerProtocolServerSideTranslatorPB.processRequest(OzoneManagerProtocolServerSideTranslatorPB.java:175) ~[ozone-manager-1.4.0-SNAPSHOT.jar:?]
	at org.apache.hadoop.hdds.server.OzoneProtocolMessageDispatcher.processRequest(OzoneProtocolMessageDispatcher.java:87) [hdds-server-framework-1.4.0-SNAPSHOT.jar:?]
	at org.apache.hadoop.ozone.protocolPB.OzoneManagerProtocolServerSideTranslatorPB.submitRequest(OzoneManagerProtocolServerSideTranslatorPB.java:148) [ozone-manager-1.4.0-SNAPSHOT.jar:?]
	at org.apache.hadoop.ozone.protocol.proto.OzoneManagerProtocolProtos$OzoneManagerService$2.callBlockingMethod(OzoneManagerProtocolProtos.java) [ozone-interface-client-1.4.0-SNAPSHOT.jar:?]
	at org.apache.hadoop.ipc.ProtobufRpcEngine$Server.processCall(ProtobufRpcEngine.java:484) [hadoop-common-3.3.6.jar:?]
	at org.apache.hadoop.ipc.ProtobufRpcEngine2$Server$ProtoBufRpcInvoker.call(ProtobufRpcEngine2.java:595) [hadoop-common-3.3.6.jar:?]
	at org.apache.hadoop.ipc.ProtobufRpcEngine2$Server$ProtoBufRpcInvoker.call(ProtobufRpcEngine2.java:573) [hadoop-common-3.3.6.jar:?]
	at org.apache.hadoop.ipc.RPC$Server.call(RPC.java:1227) [hadoop-common-3.3.6.jar:?]
	at org.apache.hadoop.ipc.Server$RpcCall.run(Server.java:1094) [hadoop-common-3.3.6.jar:?]
	at org.apache.hadoop.ipc.Server$RpcCall.run(Server.java:1017) [hadoop-common-3.3.6.jar:?]
	at java.security.AccessController.doPrivileged(Native Method) ~[?:1.8.0_382]
	at javax.security.auth.Subject.doAs(Subject.java:422) [?:1.8.0_382]
	at org.apache.hadoop.security.UserGroupInformation.doAs(UserGroupInformation.java:1899) [hadoop-common-3.3.6.jar:?]
	at org.apache.hadoop.ipc.Server$Handler.run(Server.java:3048) [hadoop-common-3.3.6.jar:?]
09:32:47.544 [IPC Server handler 2 on default port 15057] ERROR OMAudit - user=runner | ip=127.0.0.1 | op=GET_FILE_STATUS {volume=volume78214, bucket=bucket62222, key=gdir1/dir7, dataSize=0, replicationConfig=null} | ret=FAILURE
org.apache.hadoop.ozone.om.exceptions.OMException: Unable to get file status: volume: volume78214 bucket: bucket62222 key: gdir1/dir7
	at org.apache.hadoop.ozone.om.KeyManagerImpl.getOzoneFileStatus(KeyManagerImpl.java:1195) ~[ozone-manager-1.4.0-SNAPSHOT.jar:?]
	at org.apache.hadoop.ozone.om.KeyManagerImpl.getFileStatus(KeyManagerImpl.java:1113) ~[ozone-manager-1.4.0-SNAPSHOT.jar:?]
	at org.apache.hadoop.ozone.om.OmMetadataReader.getFileStatus(OmMetadataReader.java:262) ~[ozone-manager-1.4.0-SNAPSHOT.jar:?]
	at org.apache.hadoop.ozone.om.OzoneManager.getFileStatus(OzoneManager.java:3513) ~[ozone-manager-1.4.0-SNAPSHOT.jar:?]
	at org.apache.hadoop.ozone.protocolPB.OzoneManagerRequestHandler.getOzoneFileStatus(OzoneManagerRequestHandler.java:973) ~[ozone-manager-1.4.0-SNAPSHOT.jar:?]
	at org.apache.hadoop.ozone.protocolPB.OzoneManagerRequestHandler.handleReadRequest(OzoneManagerRequestHandler.java:252) ~[ozone-manager-1.4.0-SNAPSHOT.jar:?]
	at org.apache.hadoop.ozone.protocolPB.OzoneManagerProtocolServerSideTranslatorPB.submitRequestDirectlyToOM(OzoneManagerProtocolServerSideTranslatorPB.java:274) ~[ozone-manager-1.4.0-SNAPSHOT.jar:?]
	at org.apache.hadoop.ozone.protocolPB.OzoneManagerProtocolServerSideTranslatorPB.processRequest(OzoneManagerProtocolServerSideTranslatorPB.java:175) ~[ozone-manager-1.4.0-SNAPSHOT.jar:?]
	at org.apache.hadoop.hdds.server.OzoneProtocolMessageDispatcher.processRequest(OzoneProtocolMessageDispatcher.java:87) [hdds-server-framework-1.4.0-SNAPSHOT.jar:?]
	at org.apache.hadoop.ozone.protocolPB.OzoneManagerProtocolServerSideTranslatorPB.submitRequest(OzoneManagerProtocolServerSideTranslatorPB.java:148) [ozone-manager-1.4.0-SNAPSHOT.jar:?]
	at org.apache.hadoop.ozone.protocol.proto.OzoneManagerProtocolProtos$OzoneManagerService$2.callBlockingMethod(OzoneManagerProtocolProtos.java) [ozone-interface-client-1.4.0-SNAPSHOT.jar:?]
	at org.apache.hadoop.ipc.ProtobufRpcEngine$Server.processCall(ProtobufRpcEngine.java:484) [hadoop-common-3.3.6.jar:?]
	at org.apache.hadoop.ipc.ProtobufRpcEngine2$Server$ProtoBufRpcInvoker.call(ProtobufRpcEngine2.java:595) [hadoop-common-3.3.6.jar:?]
	at org.apache.hadoop.ipc.ProtobufRpcEngine2$Server$ProtoBufRpcInvoker.call(ProtobufRpcEngine2.java:573) [hadoop-common-3.3.6.jar:?]
	at org.apache.hadoop.ipc.RPC$Server.call(RPC.java:1227) [hadoop-common-3.3.6.jar:?]
	at org.apache.hadoop.ipc.Server$RpcCall.run(Server.java:1094) [hadoop-common-3.3.6.jar:?]
	at org.apache.hadoop.ipc.Server$RpcCall.run(Server.java:1017) [hadoop-common-3.3.6.jar:?]
	at java.security.AccessController.doPrivileged(Native Method) ~[?:1.8.0_382]
	at javax.security.auth.Subject.doAs(Subject.java:422) [?:1.8.0_382]
	at org.apache.hadoop.security.UserGroupInformation.doAs(UserGroupInformation.java:1899) [hadoop-common-3.3.6.jar:?]
	at org.apache.hadoop.ipc.Server$Handler.run(Server.java:3048) [hadoop-common-3.3.6.jar:?]
09:32:47.545 [IPC Server handler 1 on default port 15057] ERROR OMAudit - user=runner | ip=127.0.0.1 | op=GET_FILE_STATUS {volume=volume78214, bucket=bucket62222, key=gdir1/dir7/child, dataSize=0, replicationConfig=null} | ret=FAILURE
org.apache.hadoop.ozone.om.exceptions.OMException: Unable to get file status: volume: volume78214 bucket: bucket62222 key: gdir1/dir7/child
	at org.apache.hadoop.ozone.om.KeyManagerImpl.getOzoneFileStatus(KeyManagerImpl.java:1195) ~[ozone-manager-1.4.0-SNAPSHOT.jar:?]
	at org.apache.hadoop.ozone.om.KeyManagerImpl.getFileStatus(KeyManagerImpl.java:1113) ~[ozone-manager-1.4.0-SNAPSHOT.jar:?]
	at org.apache.hadoop.ozone.om.OmMetadataReader.getFileStatus(OmMetadataReader.java:262) ~[ozone-manager-1.4.0-SNAPSHOT.jar:?]
	at org.apache.hadoop.ozone.om.OzoneManager.getFileStatus(OzoneManager.java:3513) ~[ozone-manager-1.4.0-SNAPSHOT.jar:?]
	at org.apache.hadoop.ozone.protocolPB.OzoneManagerRequestHandler.getOzoneFileStatus(OzoneManagerRequestHandler.java:973) ~[ozone-manager-1.4.0-SNAPSHOT.jar:?]
	at org.apache.hadoop.ozone.protocolPB.OzoneManagerRequestHandler.handleReadRequest(OzoneManagerRequestHandler.java:252) ~[ozone-manager-1.4.0-SNAPSHOT.jar:?]
	at org.apache.hadoop.ozone.protocolPB.OzoneManagerProtocolServerSideTranslatorPB.submitRequestDirectlyToOM(OzoneManagerProtocolServerSideTranslatorPB.java:274) ~[ozone-manager-1.4.0-SNAPSHOT.jar:?]
	at org.apache.hadoop.ozone.protocolPB.OzoneManagerProtocolServerSideTranslatorPB.processRequest(OzoneManagerProtocolServerSideTranslatorPB.java:175) ~[ozone-manager-1.4.0-SNAPSHOT.jar:?]
	at org.apache.hadoop.hdds.server.OzoneProtocolMessageDispatcher.processRequest(OzoneProtocolMessageDispatcher.java:87) [hdds-server-framework-1.4.0-SNAPSHOT.jar:?]
	at org.apache.hadoop.ozone.protocolPB.OzoneManagerProtocolServerSideTranslatorPB.submitRequest(OzoneManagerProtocolServerSideTranslatorPB.java:148) [ozone-manager-1.4.0-SNAPSHOT.jar:?]
	at org.apache.hadoop.ozone.protocol.proto.OzoneManagerProtocolProtos$OzoneManagerService$2.callBlockingMethod(OzoneManagerProtocolProtos.java) [ozone-interface-client-1.4.0-SNAPSHOT.jar:?]
	at org.apache.hadoop.ipc.ProtobufRpcEngine$Server.processCall(ProtobufRpcEngine.java:484) [hadoop-common-3.3.6.jar:?]
	at org.apache.hadoop.ipc.ProtobufRpcEngine2$Server$ProtoBufRpcInvoker.call(ProtobufRpcEngine2.java:595) [hadoop-common-3.3.6.jar:?]
	at org.apache.hadoop.ipc.ProtobufRpcEngine2$Server$ProtoBufRpcInvoker.call(ProtobufRpcEngine2.java:573) [hadoop-common-3.3.6.jar:?]
	at org.apache.hadoop.ipc.RPC$Server.call(RPC.java:1227) [hadoop-common-3.3.6.jar:?]
	at org.apache.hadoop.ipc.Server$RpcCall.run(Server.java:1094) [hadoop-common-3.3.6.jar:?]
	at org.apache.hadoop.ipc.Server$RpcCall.run(Server.java:1017) [hadoop-common-3.3.6.jar:?]
	at java.security.AccessController.doPrivileged(Native Method) ~[?:1.8.0_382]
	at javax.security.auth.Subject.doAs(Subject.java:422) [?:1.8.0_382]
	at org.apache.hadoop.security.UserGroupInformation.doAs(UserGroupInformation.java:1899) [hadoop-common-3.3.6.jar:?]
	at org.apache.hadoop.ipc.Server$Handler.run(Server.java:3048) [hadoop-common-3.3.6.jar:?]
09:32:47.546 [IPC Server handler 5 on default port 15057] ERROR OMAudit - user=runner | ip=127.0.0.1 | op=GET_FILE_STATUS {volume=volume78214, bucket=bucket62222, key=gdir1/dir8, dataSize=0, replicationConfig=null} | ret=FAILURE
org.apache.hadoop.ozone.om.exceptions.OMException: Unable to get file status: volume: volume78214 bucket: bucket62222 key: gdir1/dir8
	at org.apache.hadoop.ozone.om.KeyManagerImpl.getOzoneFileStatus(KeyManagerImpl.java:1195) ~[ozone-manager-1.4.0-SNAPSHOT.jar:?]
	at org.apache.hadoop.ozone.om.KeyManagerImpl.getFileStatus(KeyManagerImpl.java:1113) ~[ozone-manager-1.4.0-SNAPSHOT.jar:?]
	at org.apache.hadoop.ozone.om.OmMetadataReader.getFileStatus(OmMetadataReader.java:262) ~[ozone-manager-1.4.0-SNAPSHOT.jar:?]
	at org.apache.hadoop.ozone.om.OzoneManager.getFileStatus(OzoneManager.java:3513) ~[ozone-manager-1.4.0-SNAPSHOT.jar:?]
	at org.apache.hadoop.ozone.protocolPB.OzoneManagerRequestHandler.getOzoneFileStatus(OzoneManagerRequestHandler.java:973) ~[ozone-manager-1.4.0-SNAPSHOT.jar:?]
	at org.apache.hadoop.ozone.protocolPB.OzoneManagerRequestHandler.handleReadRequest(OzoneManagerRequestHandler.java:252) ~[ozone-manager-1.4.0-SNAPSHOT.jar:?]
	at org.apache.hadoop.ozone.protocolPB.OzoneManagerProtocolServerSideTranslatorPB.submitRequestDirectlyToOM(OzoneManagerProtocolServerSideTranslatorPB.java:274) ~[ozone-manager-1.4.0-SNAPSHOT.jar:?]
	at org.apache.hadoop.ozone.protocolPB.OzoneManagerProtocolServerSideTranslatorPB.processRequest(OzoneManagerProtocolServerSideTranslatorPB.java:175) ~[ozone-manager-1.4.0-SNAPSHOT.jar:?]
	at org.apache.hadoop.hdds.server.OzoneProtocolMessageDispatcher.processRequest(OzoneProtocolMessageDispatcher.java:87) [hdds-server-framework-1.4.0-SNAPSHOT.jar:?]
	at org.apache.hadoop.ozone.protocolPB.OzoneManagerProtocolServerSideTranslatorPB.submitRequest(OzoneManagerProtocolServerSideTranslatorPB.java:148) [ozone-manager-1.4.0-SNAPSHOT.jar:?]
	at org.apache.hadoop.ozone.protocol.proto.OzoneManagerProtocolProtos$OzoneManagerService$2.callBlockingMethod(OzoneManagerProtocolProtos.java) [ozone-interface-client-1.4.0-SNAPSHOT.jar:?]
	at org.apache.hadoop.ipc.ProtobufRpcEngine$Server.processCall(ProtobufRpcEngine.java:484) [hadoop-common-3.3.6.jar:?]
	at org.apache.hadoop.ipc.ProtobufRpcEngine2$Server$ProtoBufRpcInvoker.call(ProtobufRpcEngine2.java:595) [hadoop-common-3.3.6.jar:?]
	at org.apache.hadoop.ipc.ProtobufRpcEngine2$Server$ProtoBufRpcInvoker.call(ProtobufRpcEngine2.java:573) [hadoop-common-3.3.6.jar:?]
	at org.apache.hadoop.ipc.RPC$Server.call(RPC.java:1227) [hadoop-common-3.3.6.jar:?]
	at org.apache.hadoop.ipc.Server$RpcCall.run(Server.java:1094) [hadoop-common-3.3.6.jar:?]
	at org.apache.hadoop.ipc.Server$RpcCall.run(Server.java:1017) [hadoop-common-3.3.6.jar:?]
	at java.security.AccessController.doPrivileged(Native Method) ~[?:1.8.0_382]
	at javax.security.auth.Subject.doAs(Subject.java:422) [?:1.8.0_382]
	at org.apache.hadoop.security.UserGroupInformation.doAs(UserGroupInformation.java:1899) [hadoop-common-3.3.6.jar:?]
	at org.apache.hadoop.ipc.Server$Handler.run(Server.java:3048) [hadoop-common-3.3.6.jar:?]
09:32:47.548 [IPC Server handler 18 on default port 15057] ERROR OMAudit - user=runner | ip=127.0.0.1 | op=GET_FILE_STATUS {volume=volume78214, bucket=bucket62222, key=gdir1/dir8/child, dataSize=0, replicationConfig=null} | ret=FAILURE
org.apache.hadoop.ozone.om.exceptions.OMException: Unable to get file status: volume: volume78214 bucket: bucket62222 key: gdir1/dir8/child
	at org.apache.hadoop.ozone.om.KeyManagerImpl.getOzoneFileStatus(KeyManagerImpl.java:1195) ~[ozone-manager-1.4.0-SNAPSHOT.jar:?]
	at org.apache.hadoop.ozone.om.KeyManagerImpl.getFileStatus(KeyManagerImpl.java:1113) ~[ozone-manager-1.4.0-SNAPSHOT.jar:?]
	at org.apache.hadoop.ozone.om.OmMetadataReader.getFileStatus(OmMetadataReader.java:262) ~[ozone-manager-1.4.0-SNAPSHOT.jar:?]
	at org.apache.hadoop.ozone.om.OzoneManager.getFileStatus(OzoneManager.java:3513) ~[ozone-manager-1.4.0-SNAPSHOT.jar:?]
	at org.apache.hadoop.ozone.protocolPB.OzoneManagerRequestHandler.getOzoneFileStatus(OzoneManagerRequestHandler.java:973) ~[ozone-manager-1.4.0-SNAPSHOT.jar:?]
	at org.apache.hadoop.ozone.protocolPB.OzoneManagerRequestHandler.handleReadRequest(OzoneManagerRequestHandler.java:252) ~[ozone-manager-1.4.0-SNAPSHOT.jar:?]
	at org.apache.hadoop.ozone.protocolPB.OzoneManagerProtocolServerSideTranslatorPB.submitRequestDirectlyToOM(OzoneManagerProtocolServerSideTranslatorPB.java:274) ~[ozone-manager-1.4.0-SNAPSHOT.jar:?]
	at org.apache.hadoop.ozone.protocolPB.OzoneManagerProtocolServerSideTranslatorPB.processRequest(OzoneManagerProtocolServerSideTranslatorPB.java:175) ~[ozone-manager-1.4.0-SNAPSHOT.jar:?]
	at org.apache.hadoop.hdds.server.OzoneProtocolMessageDispatcher.processRequest(OzoneProtocolMessageDispatcher.java:87) [hdds-server-framework-1.4.0-SNAPSHOT.jar:?]
	at org.apache.hadoop.ozone.protocolPB.OzoneManagerProtocolServerSideTranslatorPB.submitRequest(OzoneManagerProtocolServerSideTranslatorPB.java:148) [ozone-manager-1.4.0-SNAPSHOT.jar:?]
	at org.apache.hadoop.ozone.protocol.proto.OzoneManagerProtocolProtos$OzoneManagerService$2.callBlockingMethod(OzoneManagerProtocolProtos.java) [ozone-interface-client-1.4.0-SNAPSHOT.jar:?]
	at org.apache.hadoop.ipc.ProtobufRpcEngine$Server.processCall(ProtobufRpcEngine.java:484) [hadoop-common-3.3.6.jar:?]
	at org.apache.hadoop.ipc.ProtobufRpcEngine2$Server$ProtoBufRpcInvoker.call(ProtobufRpcEngine2.java:595) [hadoop-common-3.3.6.jar:?]
	at org.apache.hadoop.ipc.ProtobufRpcEngine2$Server$ProtoBufRpcInvoker.call(ProtobufRpcEngine2.java:573) [hadoop-common-3.3.6.jar:?]
	at org.apache.hadoop.ipc.RPC$Server.call(RPC.java:1227) [hadoop-common-3.3.6.jar:?]
	at org.apache.hadoop.ipc.Server$RpcCall.run(Server.java:1094) [hadoop-common-3.3.6.jar:?]
	at org.apache.hadoop.ipc.Server$RpcCall.run(Server.java:1017) [hadoop-common-3.3.6.jar:?]
	at java.security.AccessController.doPrivileged(Native Method) ~[?:1.8.0_382]
	at javax.security.auth.Subject.doAs(Subject.java:422) [?:1.8.0_382]
	at org.apache.hadoop.security.UserGroupInformation.doAs(UserGroupInformation.java:1899) [hadoop-common-3.3.6.jar:?]
	at org.apache.hadoop.ipc.Server$Handler.run(Server.java:3048) [hadoop-common-3.3.6.jar:?]
09:32:47.549 [IPC Server handler 3 on default port 15057] ERROR OMAudit - user=runner | ip=127.0.0.1 | op=GET_FILE_STATUS {volume=volume78214, bucket=bucket62222, key=gdir1/dir9, dataSize=0, replicationConfig=null} | ret=FAILURE
org.apache.hadoop.ozone.om.exceptions.OMException: Unable to get file status: volume: volume78214 bucket: bucket62222 key: gdir1/dir9
	at org.apache.hadoop.ozone.om.KeyManagerImpl.getOzoneFileStatus(KeyManagerImpl.java:1195) ~[ozone-manager-1.4.0-SNAPSHOT.jar:?]
	at org.apache.hadoop.ozone.om.KeyManagerImpl.getFileStatus(KeyManagerImpl.java:1113) ~[ozone-manager-1.4.0-SNAPSHOT.jar:?]
	at org.apache.hadoop.ozone.om.OmMetadataReader.getFileStatus(OmMetadataReader.java:262) ~[ozone-manager-1.4.0-SNAPSHOT.jar:?]
	at org.apache.hadoop.ozone.om.OzoneManager.getFileStatus(OzoneManager.java:3513) ~[ozone-manager-1.4.0-SNAPSHOT.jar:?]
	at org.apache.hadoop.ozone.protocolPB.OzoneManagerRequestHandler.getOzoneFileStatus(OzoneManagerRequestHandler.java:973) ~[ozone-manager-1.4.0-SNAPSHOT.jar:?]
	at org.apache.hadoop.ozone.protocolPB.OzoneManagerRequestHandler.handleReadRequest(OzoneManagerRequestHandler.java:252) ~[ozone-manager-1.4.0-SNAPSHOT.jar:?]
	at org.apache.hadoop.ozone.protocolPB.OzoneManagerProtocolServerSideTranslatorPB.submitRequestDirectlyToOM(OzoneManagerProtocolServerSideTranslatorPB.java:274) ~[ozone-manager-1.4.0-SNAPSHOT.jar:?]
	at org.apache.hadoop.ozone.protocolPB.OzoneManagerProtocolServerSideTranslatorPB.processRequest(OzoneManagerProtocolServerSideTranslatorPB.java:175) ~[ozone-manager-1.4.0-SNAPSHOT.jar:?]
	at org.apache.hadoop.hdds.server.OzoneProtocolMessageDispatcher.processRequest(OzoneProtocolMessageDispatcher.java:87) [hdds-server-framework-1.4.0-SNAPSHOT.jar:?]
	at org.apache.hadoop.ozone.protocolPB.OzoneManagerProtocolServerSideTranslatorPB.submitRequest(OzoneManagerProtocolServerSideTranslatorPB.java:148) [ozone-manager-1.4.0-SNAPSHOT.jar:?]
	at org.apache.hadoop.ozone.protocol.proto.OzoneManagerProtocolProtos$OzoneManagerService$2.callBlockingMethod(OzoneManagerProtocolProtos.java) [ozone-interface-client-1.4.0-SNAPSHOT.jar:?]
	at org.apache.hadoop.ipc.ProtobufRpcEngine$Server.processCall(ProtobufRpcEngine.java:484) [hadoop-common-3.3.6.jar:?]
	at org.apache.hadoop.ipc.ProtobufRpcEngine2$Server$ProtoBufRpcInvoker.call(ProtobufRpcEngine2.java:595) [hadoop-common-3.3.6.jar:?]
	at org.apache.hadoop.ipc.ProtobufRpcEngine2$Server$ProtoBufRpcInvoker.call(ProtobufRpcEngine2.java:573) [hadoop-common-3.3.6.jar:?]
	at org.apache.hadoop.ipc.RPC$Server.call(RPC.java:1227) [hadoop-common-3.3.6.jar:?]
	at org.apache.hadoop.ipc.Server$RpcCall.run(Server.java:1094) [hadoop-common-3.3.6.jar:?]
	at org.apache.hadoop.ipc.Server$RpcCall.run(Server.java:1017) [hadoop-common-3.3.6.jar:?]
	at java.security.AccessController.doPrivileged(Native Method) ~[?:1.8.0_382]
	at javax.security.auth.Subject.doAs(Subject.java:422) [?:1.8.0_382]
	at org.apache.hadoop.security.UserGroupInformation.doAs(UserGroupInformation.java:1899) [hadoop-common-3.3.6.jar:?]
	at org.apache.hadoop.ipc.Server$Handler.run(Server.java:3048) [hadoop-common-3.3.6.jar:?]
09:32:47.550 [IPC Server handler 7 on default port 15057] ERROR OMAudit - user=runner | ip=127.0.0.1 | op=GET_FILE_STATUS {volume=volume78214, bucket=bucket62222, key=gdir1/dir9/child, dataSize=0, replicationConfig=null} | ret=FAILURE
org.apache.hadoop.ozone.om.exceptions.OMException: Unable to get file status: volume: volume78214 bucket: bucket62222 key: gdir1/dir9/child
	at org.apache.hadoop.ozone.om.KeyManagerImpl.getOzoneFileStatus(KeyManagerImpl.java:1195) ~[ozone-manager-1.4.0-SNAPSHOT.jar:?]
	at org.apache.hadoop.ozone.om.KeyManagerImpl.getFileStatus(KeyManagerImpl.java:1113) ~[ozone-manager-1.4.0-SNAPSHOT.jar:?]
	at org.apache.hadoop.ozone.om.OmMetadataReader.getFileStatus(OmMetadataReader.java:262) ~[ozone-manager-1.4.0-SNAPSHOT.jar:?]
	at org.apache.hadoop.ozone.om.OzoneManager.getFileStatus(OzoneManager.java:3513) ~[ozone-manager-1.4.0-SNAPSHOT.jar:?]
	at org.apache.hadoop.ozone.protocolPB.OzoneManagerRequestHandler.getOzoneFileStatus(OzoneManagerRequestHandler.java:973) ~[ozone-manager-1.4.0-SNAPSHOT.jar:?]
	at org.apache.hadoop.ozone.protocolPB.OzoneManagerRequestHandler.handleReadRequest(OzoneManagerRequestHandler.java:252) ~[ozone-manager-1.4.0-SNAPSHOT.jar:?]
	at org.apache.hadoop.ozone.protocolPB.OzoneManagerProtocolServerSideTranslatorPB.submitRequestDirectlyToOM(OzoneManagerProtocolServerSideTranslatorPB.java:274) ~[ozone-manager-1.4.0-SNAPSHOT.jar:?]
	at org.apache.hadoop.ozone.protocolPB.OzoneManagerProtocolServerSideTranslatorPB.processRequest(OzoneManagerProtocolServerSideTranslatorPB.java:175) ~[ozone-manager-1.4.0-SNAPSHOT.jar:?]
	at org.apache.hadoop.hdds.server.OzoneProtocolMessageDispatcher.processRequest(OzoneProtocolMessageDispatcher.java:87) [hdds-server-framework-1.4.0-SNAPSHOT.jar:?]
	at org.apache.hadoop.ozone.protocolPB.OzoneManagerProtocolServerSideTranslatorPB.submitRequest(OzoneManagerProtocolServerSideTranslatorPB.java:148) [ozone-manager-1.4.0-SNAPSHOT.jar:?]
	at org.apache.hadoop.ozone.protocol.proto.OzoneManagerProtocolProtos$OzoneManagerService$2.callBlockingMethod(OzoneManagerProtocolProtos.java) [ozone-interface-client-1.4.0-SNAPSHOT.jar:?]
	at org.apache.hadoop.ipc.ProtobufRpcEngine$Server.processCall(ProtobufRpcEngine.java:484) [hadoop-common-3.3.6.jar:?]
	at org.apache.hadoop.ipc.ProtobufRpcEngine2$Server$ProtoBufRpcInvoker.call(ProtobufRpcEngine2.java:595) [hadoop-common-3.3.6.jar:?]
	at org.apache.hadoop.ipc.ProtobufRpcEngine2$Server$ProtoBufRpcInvoker.call(ProtobufRpcEngine2.java:573) [hadoop-common-3.3.6.jar:?]
	at org.apache.hadoop.ipc.RPC$Server.call(RPC.java:1227) [hadoop-common-3.3.6.jar:?]
	at org.apache.hadoop.ipc.Server$RpcCall.run(Server.java:1094) [hadoop-common-3.3.6.jar:?]
	at org.apache.hadoop.ipc.Server$RpcCall.run(Server.java:1017) [hadoop-common-3.3.6.jar:?]
	at java.security.AccessController.doPrivileged(Native Method) ~[?:1.8.0_382]
	at javax.security.auth.Subject.doAs(Subject.java:422) [?:1.8.0_382]
	at org.apache.hadoop.security.UserGroupInformation.doAs(UserGroupInformation.java:1899) [hadoop-common-3.3.6.jar:?]
	at org.apache.hadoop.ipc.Server$Handler.run(Server.java:3048) [hadoop-common-3.3.6.jar:?]
09:32:47.551 [IPC Server handler 17 on default port 15057] ERROR OMAudit - user=runner | ip=127.0.0.1 | op=GET_FILE_STATUS {volume=volume78214, bucket=bucket62222, key=gdir1/dir10, dataSize=0, replicationConfig=null} | ret=FAILURE
org.apache.hadoop.ozone.om.exceptions.OMException: Unable to get file status: volume: volume78214 bucket: bucket62222 key: gdir1/dir10
	at org.apache.hadoop.ozone.om.KeyManagerImpl.getOzoneFileStatus(KeyManagerImpl.java:1195) ~[ozone-manager-1.4.0-SNAPSHOT.jar:?]
	at org.apache.hadoop.ozone.om.KeyManagerImpl.getFileStatus(KeyManagerImpl.java:1113) ~[ozone-manager-1.4.0-SNAPSHOT.jar:?]
	at org.apache.hadoop.ozone.om.OmMetadataReader.getFileStatus(OmMetadataReader.java:262) ~[ozone-manager-1.4.0-SNAPSHOT.jar:?]
	at org.apache.hadoop.ozone.om.OzoneManager.getFileStatus(OzoneManager.java:3513) ~[ozone-manager-1.4.0-SNAPSHOT.jar:?]
	at org.apache.hadoop.ozone.protocolPB.OzoneManagerRequestHandler.getOzoneFileStatus(OzoneManagerRequestHandler.java:973) ~[ozone-manager-1.4.0-SNAPSHOT.jar:?]
	at org.apache.hadoop.ozone.protocolPB.OzoneManagerRequestHandler.handleReadRequest(OzoneManagerRequestHandler.java:252) ~[ozone-manager-1.4.0-SNAPSHOT.jar:?]
	at org.apache.hadoop.ozone.protocolPB.OzoneManagerProtocolServerSideTranslatorPB.submitRequestDirectlyToOM(OzoneManagerProtocolServerSideTranslatorPB.java:274) ~[ozone-manager-1.4.0-SNAPSHOT.jar:?]
	at org.apache.hadoop.ozone.protocolPB.OzoneManagerProtocolServerSideTranslatorPB.processRequest(OzoneManagerProtocolServerSideTranslatorPB.java:175) ~[ozone-manager-1.4.0-SNAPSHOT.jar:?]
	at org.apache.hadoop.hdds.server.OzoneProtocolMessageDispatcher.processRequest(OzoneProtocolMessageDispatcher.java:87) [hdds-server-framework-1.4.0-SNAPSHOT.jar:?]
	at org.apache.hadoop.ozone.protocolPB.OzoneManagerProtocolServerSideTranslatorPB.submitRequest(OzoneManagerProtocolServerSideTranslatorPB.java:148) [ozone-manager-1.4.0-SNAPSHOT.jar:?]
	at org.apache.hadoop.ozone.protocol.proto.OzoneManagerProtocolProtos$OzoneManagerService$2.callBlockingMethod(OzoneManagerProtocolProtos.java) [ozone-interface-client-1.4.0-SNAPSHOT.jar:?]
	at org.apache.hadoop.ipc.ProtobufRpcEngine$Server.processCall(ProtobufRpcEngine.java:484) [hadoop-common-3.3.6.jar:?]
	at org.apache.hadoop.ipc.ProtobufRpcEngine2$Server$ProtoBufRpcInvoker.call(ProtobufRpcEngine2.java:595) [hadoop-common-3.3.6.jar:?]
	at org.apache.hadoop.ipc.ProtobufRpcEngine2$Server$ProtoBufRpcInvoker.call(ProtobufRpcEngine2.java:573) [hadoop-common-3.3.6.jar:?]
	at org.apache.hadoop.ipc.RPC$Server.call(RPC.java:1227) [hadoop-common-3.3.6.jar:?]
	at org.apache.hadoop.ipc.Server$RpcCall.run(Server.java:1094) [hadoop-common-3.3.6.jar:?]
	at org.apache.hadoop.ipc.Server$RpcCall.run(Server.java:1017) [hadoop-common-3.3.6.jar:?]
	at java.security.AccessController.doPrivileged(Native Method) ~[?:1.8.0_382]
	at javax.security.auth.Subject.doAs(Subject.java:422) [?:1.8.0_382]
	at org.apache.hadoop.security.UserGroupInformation.doAs(UserGroupInformation.java:1899) [hadoop-common-3.3.6.jar:?]
	at org.apache.hadoop.ipc.Server$Handler.run(Server.java:3048) [hadoop-common-3.3.6.jar:?]
09:32:47.552 [IPC Server handler 14 on default port 15057] ERROR OMAudit - user=runner | ip=127.0.0.1 | op=GET_FILE_STATUS {volume=volume78214, bucket=bucket62222, key=gdir1/dir10/child, dataSize=0, replicationConfig=null} | ret=FAILURE
org.apache.hadoop.ozone.om.exceptions.OMException: Unable to get file status: volume: volume78214 bucket: bucket62222 key: gdir1/dir10/child
	at org.apache.hadoop.ozone.om.KeyManagerImpl.getOzoneFileStatus(KeyManagerImpl.java:1195) ~[ozone-manager-1.4.0-SNAPSHOT.jar:?]
	at org.apache.hadoop.ozone.om.KeyManagerImpl.getFileStatus(KeyManagerImpl.java:1113) ~[ozone-manager-1.4.0-SNAPSHOT.jar:?]
	at org.apache.hadoop.ozone.om.OmMetadataReader.getFileStatus(OmMetadataReader.java:262) ~[ozone-manager-1.4.0-SNAPSHOT.jar:?]
	at org.apache.hadoop.ozone.om.OzoneManager.getFileStatus(OzoneManager.java:3513) ~[ozone-manager-1.4.0-SNAPSHOT.jar:?]
	at org.apache.hadoop.ozone.protocolPB.OzoneManagerRequestHandler.getOzoneFileStatus(OzoneManagerRequestHandler.java:973) ~[ozone-manager-1.4.0-SNAPSHOT.jar:?]
	at org.apache.hadoop.ozone.protocolPB.OzoneManagerRequestHandler.handleReadRequest(OzoneManagerRequestHandler.java:252) ~[ozone-manager-1.4.0-SNAPSHOT.jar:?]
	at org.apache.hadoop.ozone.protocolPB.OzoneManagerProtocolServerSideTranslatorPB.submitRequestDirectlyToOM(OzoneManagerProtocolServerSideTranslatorPB.java:274) ~[ozone-manager-1.4.0-SNAPSHOT.jar:?]
	at org.apache.hadoop.ozone.protocolPB.OzoneManagerProtocolServerSideTranslatorPB.processRequest(OzoneManagerProtocolServerSideTranslatorPB.java:175) ~[ozone-manager-1.4.0-SNAPSHOT.jar:?]
	at org.apache.hadoop.hdds.server.OzoneProtocolMessageDispatcher.processRequest(OzoneProtocolMessageDispatcher.java:87) [hdds-server-framework-1.4.0-SNAPSHOT.jar:?]
	at org.apache.hadoop.ozone.protocolPB.OzoneManagerProtocolServerSideTranslatorPB.submitRequest(OzoneManagerProtocolServerSideTranslatorPB.java:148) [ozone-manager-1.4.0-SNAPSHOT.jar:?]
	at org.apache.hadoop.ozone.protocol.proto.OzoneManagerProtocolProtos$OzoneManagerService$2.callBlockingMethod(OzoneManagerProtocolProtos.java) [ozone-interface-client-1.4.0-SNAPSHOT.jar:?]
	at org.apache.hadoop.ipc.ProtobufRpcEngine$Server.processCall(ProtobufRpcEngine.java:484) [hadoop-common-3.3.6.jar:?]
	at org.apache.hadoop.ipc.ProtobufRpcEngine2$Server$ProtoBufRpcInvoker.call(ProtobufRpcEngine2.java:595) [hadoop-common-3.3.6.jar:?]
	at org.apache.hadoop.ipc.ProtobufRpcEngine2$Server$ProtoBufRpcInvoker.call(ProtobufRpcEngine2.java:573) [hadoop-common-3.3.6.jar:?]
	at org.apache.hadoop.ipc.RPC$Server.call(RPC.java:1227) [hadoop-common-3.3.6.jar:?]
	at org.apache.hadoop.ipc.Server$RpcCall.run(Server.java:1094) [hadoop-common-3.3.6.jar:?]
	at org.apache.hadoop.ipc.Server$RpcCall.run(Server.java:1017) [hadoop-common-3.3.6.jar:?]
	at java.security.AccessController.doPrivileged(Native Method) ~[?:1.8.0_382]
	at javax.security.auth.Subject.doAs(Subject.java:422) [?:1.8.0_382]
	at org.apache.hadoop.security.UserGroupInformation.doAs(UserGroupInformation.java:1899) [hadoop-common-3.3.6.jar:?]
	at org.apache.hadoop.ipc.Server$Handler.run(Server.java:3048) [hadoop-common-3.3.6.jar:?]
09:32:47.613 [IPC Server handler 1 on default port 15057] ERROR OMAudit - user=runner | ip=127.0.0.1 | op=GET_FILE_STATUS {volume=volume78214, bucket=bucket62222, key=level0, dataSize=0, replicationConfig=null} | ret=FAILURE
org.apache.hadoop.ozone.om.exceptions.OMException: Unable to get file status: volume: volume78214 bucket: bucket62222 key: level0
	at org.apache.hadoop.ozone.om.KeyManagerImpl.getOzoneFileStatus(KeyManagerImpl.java:1195) ~[ozone-manager-1.4.0-SNAPSHOT.jar:?]
	at org.apache.hadoop.ozone.om.KeyManagerImpl.getFileStatus(KeyManagerImpl.java:1113) ~[ozone-manager-1.4.0-SNAPSHOT.jar:?]
	at org.apache.hadoop.ozone.om.OmMetadataReader.getFileStatus(OmMetadataReader.java:262) ~[ozone-manager-1.4.0-SNAPSHOT.jar:?]
	at org.apache.hadoop.ozone.om.OzoneManager.getFileStatus(OzoneManager.java:3513) ~[ozone-manager-1.4.0-SNAPSHOT.jar:?]
	at org.apache.hadoop.ozone.protocolPB.OzoneManagerRequestHandler.getOzoneFileStatus(OzoneManagerRequestHandler.java:973) ~[ozone-manager-1.4.0-SNAPSHOT.jar:?]
	at org.apache.hadoop.ozone.protocolPB.OzoneManagerRequestHandler.handleReadRequest(OzoneManagerRequestHandler.java:252) ~[ozone-manager-1.4.0-SNAPSHOT.jar:?]
	at org.apache.hadoop.ozone.protocolPB.OzoneManagerProtocolServerSideTranslatorPB.submitRequestDirectlyToOM(OzoneManagerProtocolServerSideTranslatorPB.java:274) ~[ozone-manager-1.4.0-SNAPSHOT.jar:?]
	at org.apache.hadoop.ozone.protocolPB.OzoneManagerProtocolServerSideTranslatorPB.processRequest(OzoneManagerProtocolServerSideTranslatorPB.java:175) ~[ozone-manager-1.4.0-SNAPSHOT.jar:?]
	at org.apache.hadoop.hdds.server.OzoneProtocolMessageDispatcher.processRequest(OzoneProtocolMessageDispatcher.java:87) [hdds-server-framework-1.4.0-SNAPSHOT.jar:?]
	at org.apache.hadoop.ozone.protocolPB.OzoneManagerProtocolServerSideTranslatorPB.submitRequest(OzoneManagerProtocolServerSideTranslatorPB.java:148) [ozone-manager-1.4.0-SNAPSHOT.jar:?]
	at org.apache.hadoop.ozone.protocol.proto.OzoneManagerProtocolProtos$OzoneManagerService$2.callBlockingMethod(OzoneManagerProtocolProtos.java) [ozone-interface-client-1.4.0-SNAPSHOT.jar:?]
	at org.apache.hadoop.ipc.ProtobufRpcEngine$Server.processCall(ProtobufRpcEngine.java:484) [hadoop-common-3.3.6.jar:?]
	at org.apache.hadoop.ipc.ProtobufRpcEngine2$Server$ProtoBufRpcInvoker.call(ProtobufRpcEngine2.java:595) [hadoop-common-3.3.6.jar:?]
	at org.apache.hadoop.ipc.ProtobufRpcEngine2$Server$ProtoBufRpcInvoker.call(ProtobufRpcEngine2.java:573) [hadoop-common-3.3.6.jar:?]
	at org.apache.hadoop.ipc.RPC$Server.call(RPC.java:1227) [hadoop-common-3.3.6.jar:?]
	at org.apache.hadoop.ipc.Server$RpcCall.run(Server.java:1094) [hadoop-common-3.3.6.jar:?]
	at org.apache.hadoop.ipc.Server$RpcCall.run(Server.java:1017) [hadoop-common-3.3.6.jar:?]
	at java.security.AccessController.doPrivileged(Native Method) ~[?:1.8.0_382]
	at javax.security.auth.Subject.doAs(Subject.java:422) [?:1.8.0_382]
	at org.apache.hadoop.security.UserGroupInformation.doAs(UserGroupInformation.java:1899) [hadoop-common-3.3.6.jar:?]
	at org.apache.hadoop.ipc.Server$Handler.run(Server.java:3048) [hadoop-common-3.3.6.jar:?]
09:32:47.614 [IPC Server handler 5 on default port 15057] ERROR OMAudit - user=runner | ip=127.0.0.1 | op=GET_FILE_STATUS {volume=volume78214, bucket=bucket62222, key=level0/level1, dataSize=0, replicationConfig=null} | ret=FAILURE
org.apache.hadoop.ozone.om.exceptions.OMException: Unable to get file status: volume: volume78214 bucket: bucket62222 key: level0/level1
	at org.apache.hadoop.ozone.om.KeyManagerImpl.getOzoneFileStatus(KeyManagerImpl.java:1195) ~[ozone-manager-1.4.0-SNAPSHOT.jar:?]
	at org.apache.hadoop.ozone.om.KeyManagerImpl.getFileStatus(KeyManagerImpl.java:1113) ~[ozone-manager-1.4.0-SNAPSHOT.jar:?]
	at org.apache.hadoop.ozone.om.OmMetadataReader.getFileStatus(OmMetadataReader.java:262) ~[ozone-manager-1.4.0-SNAPSHOT.jar:?]
	at org.apache.hadoop.ozone.om.OzoneManager.getFileStatus(OzoneManager.java:3513) ~[ozone-manager-1.4.0-SNAPSHOT.jar:?]
	at org.apache.hadoop.ozone.protocolPB.OzoneManagerRequestHandler.getOzoneFileStatus(OzoneManagerRequestHandler.java:973) ~[ozone-manager-1.4.0-SNAPSHOT.jar:?]
	at org.apache.hadoop.ozone.protocolPB.OzoneManagerRequestHandler.handleReadRequest(OzoneManagerRequestHandler.java:252) ~[ozone-manager-1.4.0-SNAPSHOT.jar:?]
	at org.apache.hadoop.ozone.protocolPB.OzoneManagerProtocolServerSideTranslatorPB.submitRequestDirectlyToOM(OzoneManagerProtocolServerSideTranslatorPB.java:274) ~[ozone-manager-1.4.0-SNAPSHOT.jar:?]
	at org.apache.hadoop.ozone.protocolPB.OzoneManagerProtocolServerSideTranslatorPB.processRequest(OzoneManagerProtocolServerSideTranslatorPB.java:175) ~[ozone-manager-1.4.0-SNAPSHOT.jar:?]
	at org.apache.hadoop.hdds.server.OzoneProtocolMessageDispatcher.processRequest(OzoneProtocolMessageDispatcher.java:87) [hdds-server-framework-1.4.0-SNAPSHOT.jar:?]
	at org.apache.hadoop.ozone.protocolPB.OzoneManagerProtocolServerSideTranslatorPB.submitRequest(OzoneManagerProtocolServerSideTranslatorPB.java:148) [ozone-manager-1.4.0-SNAPSHOT.jar:?]
	at org.apache.hadoop.ozone.protocol.proto.OzoneManagerProtocolProtos$OzoneManagerService$2.callBlockingMethod(OzoneManagerProtocolProtos.java) [ozone-interface-client-1.4.0-SNAPSHOT.jar:?]
	at org.apache.hadoop.ipc.ProtobufRpcEngine$Server.processCall(ProtobufRpcEngine.java:484) [hadoop-common-3.3.6.jar:?]
	at org.apache.hadoop.ipc.ProtobufRpcEngine2$Server$ProtoBufRpcInvoker.call(ProtobufRpcEngine2.java:595) [hadoop-common-3.3.6.jar:?]
	at org.apache.hadoop.ipc.ProtobufRpcEngine2$Server$ProtoBufRpcInvoker.call(ProtobufRpcEngine2.java:573) [hadoop-common-3.3.6.jar:?]
	at org.apache.hadoop.ipc.RPC$Server.call(RPC.java:1227) [hadoop-common-3.3.6.jar:?]
	at org.apache.hadoop.ipc.Server$RpcCall.run(Server.java:1094) [hadoop-common-3.3.6.jar:?]
	at org.apache.hadoop.ipc.Server$RpcCall.run(Server.java:1017) [hadoop-common-3.3.6.jar:?]
	at java.security.AccessController.doPrivileged(Native Method) ~[?:1.8.0_382]
	at javax.security.auth.Subject.doAs(Subject.java:422) [?:1.8.0_382]
	at org.apache.hadoop.security.UserGroupInformation.doAs(UserGroupInformation.java:1899) [hadoop-common-3.3.6.jar:?]
	at org.apache.hadoop.ipc.Server$Handler.run(Server.java:3048) [hadoop-common-3.3.6.jar:?]
09:32:47.615 [IPC Server handler 18 on default port 15057] ERROR OMAudit - user=runner | ip=127.0.0.1 | op=GET_FILE_STATUS {volume=volume78214, bucket=bucket62222, key=level0/level1/level1, dataSize=0, replicationConfig=null} | ret=FAILURE
org.apache.hadoop.ozone.om.exceptions.OMException: Unable to get file status: volume: volume78214 bucket: bucket62222 key: level0/level1/level1
	at org.apache.hadoop.ozone.om.KeyManagerImpl.getOzoneFileStatus(KeyManagerImpl.java:1195) ~[ozone-manager-1.4.0-SNAPSHOT.jar:?]
	at org.apache.hadoop.ozone.om.KeyManagerImpl.getFileStatus(KeyManagerImpl.java:1113) ~[ozone-manager-1.4.0-SNAPSHOT.jar:?]
	at org.apache.hadoop.ozone.om.OmMetadataReader.getFileStatus(OmMetadataReader.java:262) ~[ozone-manager-1.4.0-SNAPSHOT.jar:?]
	at org.apache.hadoop.ozone.om.OzoneManager.getFileStatus(OzoneManager.java:3513) ~[ozone-manager-1.4.0-SNAPSHOT.jar:?]
	at org.apache.hadoop.ozone.protocolPB.OzoneManagerRequestHandler.getOzoneFileStatus(OzoneManagerRequestHandler.java:973) ~[ozone-manager-1.4.0-SNAPSHOT.jar:?]
	at org.apache.hadoop.ozone.protocolPB.OzoneManagerRequestHandler.handleReadRequest(OzoneManagerRequestHandler.java:252) ~[ozone-manager-1.4.0-SNAPSHOT.jar:?]
	at org.apache.hadoop.ozone.protocolPB.OzoneManagerProtocolServerSideTranslatorPB.submitRequestDirectlyToOM(OzoneManagerProtocolServerSideTranslatorPB.java:274) ~[ozone-manager-1.4.0-SNAPSHOT.jar:?]
	at org.apache.hadoop.ozone.protocolPB.OzoneManagerProtocolServerSideTranslatorPB.processRequest(OzoneManagerProtocolServerSideTranslatorPB.java:175) ~[ozone-manager-1.4.0-SNAPSHOT.jar:?]
	at org.apache.hadoop.hdds.server.OzoneProtocolMessageDispatcher.processRequest(OzoneProtocolMessageDispatcher.java:87) [hdds-server-framework-1.4.0-SNAPSHOT.jar:?]
	at org.apache.hadoop.ozone.protocolPB.OzoneManagerProtocolServerSideTranslatorPB.submitRequest(OzoneManagerProtocolServerSideTranslatorPB.java:148) [ozone-manager-1.4.0-SNAPSHOT.jar:?]
	at org.apache.hadoop.ozone.protocol.proto.OzoneManagerProtocolProtos$OzoneManagerService$2.callBlockingMethod(OzoneManagerProtocolProtos.java) [ozone-interface-client-1.4.0-SNAPSHOT.jar:?]
	at org.apache.hadoop.ipc.ProtobufRpcEngine$Server.processCall(ProtobufRpcEngine.java:484) [hadoop-common-3.3.6.jar:?]
	at org.apache.hadoop.ipc.ProtobufRpcEngine2$Server$ProtoBufRpcInvoker.call(ProtobufRpcEngine2.java:595) [hadoop-common-3.3.6.jar:?]
	at org.apache.hadoop.ipc.ProtobufRpcEngine2$Server$ProtoBufRpcInvoker.call(ProtobufRpcEngine2.java:573) [hadoop-common-3.3.6.jar:?]
	at org.apache.hadoop.ipc.RPC$Server.call(RPC.java:1227) [hadoop-common-3.3.6.jar:?]
	at org.apache.hadoop.ipc.Server$RpcCall.run(Server.java:1094) [hadoop-common-3.3.6.jar:?]
	at org.apache.hadoop.ipc.Server$RpcCall.run(Server.java:1017) [hadoop-common-3.3.6.jar:?]
	at java.security.AccessController.doPrivileged(Native Method) ~[?:1.8.0_382]
	at javax.security.auth.Subject.doAs(Subject.java:422) [?:1.8.0_382]
	at org.apache.hadoop.security.UserGroupInformation.doAs(UserGroupInformation.java:1899) [hadoop-common-3.3.6.jar:?]
	at org.apache.hadoop.ipc.Server$Handler.run(Server.java:3048) [hadoop-common-3.3.6.jar:?]
09:32:47.616 [IPC Server handler 3 on default port 15057] ERROR OMAudit - user=runner | ip=127.0.0.1 | op=GET_FILE_STATUS {volume=volume78214, bucket=bucket62222, key=level0/level1/file1, dataSize=0, replicationConfig=null} | ret=FAILURE
org.apache.hadoop.ozone.om.exceptions.OMException: Unable to get file status: volume: volume78214 bucket: bucket62222 key: level0/level1/file1
	at org.apache.hadoop.ozone.om.KeyManagerImpl.getOzoneFileStatus(KeyManagerImpl.java:1195) ~[ozone-manager-1.4.0-SNAPSHOT.jar:?]
	at org.apache.hadoop.ozone.om.KeyManagerImpl.getFileStatus(KeyManagerImpl.java:1113) ~[ozone-manager-1.4.0-SNAPSHOT.jar:?]
	at org.apache.hadoop.ozone.om.OmMetadataReader.getFileStatus(OmMetadataReader.java:262) ~[ozone-manager-1.4.0-SNAPSHOT.jar:?]
	at org.apache.hadoop.ozone.om.OzoneManager.getFileStatus(OzoneManager.java:3513) ~[ozone-manager-1.4.0-SNAPSHOT.jar:?]
	at org.apache.hadoop.ozone.protocolPB.OzoneManagerRequestHandler.getOzoneFileStatus(OzoneManagerRequestHandler.java:973) ~[ozone-manager-1.4.0-SNAPSHOT.jar:?]
	at org.apache.hadoop.ozone.protocolPB.OzoneManagerRequestHandler.handleReadRequest(OzoneManagerRequestHandler.java:252) ~[ozone-manager-1.4.0-SNAPSHOT.jar:?]
	at org.apache.hadoop.ozone.protocolPB.OzoneManagerProtocolServerSideTranslatorPB.submitRequestDirectlyToOM(OzoneManagerProtocolServerSideTranslatorPB.java:274) ~[ozone-manager-1.4.0-SNAPSHOT.jar:?]
	at org.apache.hadoop.ozone.protocolPB.OzoneManagerProtocolServerSideTranslatorPB.processRequest(OzoneManagerProtocolServerSideTranslatorPB.java:175) ~[ozone-manager-1.4.0-SNAPSHOT.jar:?]
	at org.apache.hadoop.hdds.server.OzoneProtocolMessageDispatcher.processRequest(OzoneProtocolMessageDispatcher.java:87) [hdds-server-framework-1.4.0-SNAPSHOT.jar:?]
	at org.apache.hadoop.ozone.protocolPB.OzoneManagerProtocolServerSideTranslatorPB.submitRequest(OzoneManagerProtocolServerSideTranslatorPB.java:148) [ozone-manager-1.4.0-SNAPSHOT.jar:?]
	at org.apache.hadoop.ozone.protocol.proto.OzoneManagerProtocolProtos$OzoneManagerService$2.callBlockingMethod(OzoneManagerProtocolProtos.java) [ozone-interface-client-1.4.0-SNAPSHOT.jar:?]
	at org.apache.hadoop.ipc.ProtobufRpcEngine$Server.processCall(ProtobufRpcEngine.java:484) [hadoop-common-3.3.6.jar:?]
	at org.apache.hadoop.ipc.ProtobufRpcEngine2$Server$ProtoBufRpcInvoker.call(ProtobufRpcEngine2.java:595) [hadoop-common-3.3.6.jar:?]
	at org.apache.hadoop.ipc.ProtobufRpcEngine2$Server$ProtoBufRpcInvoker.call(ProtobufRpcEngine2.java:573) [hadoop-common-3.3.6.jar:?]
	at org.apache.hadoop.ipc.RPC$Server.call(RPC.java:1227) [hadoop-common-3.3.6.jar:?]
	at org.apache.hadoop.ipc.Server$RpcCall.run(Server.java:1094) [hadoop-common-3.3.6.jar:?]
	at org.apache.hadoop.ipc.Server$RpcCall.run(Server.java:1017) [hadoop-common-3.3.6.jar:?]
	at java.security.AccessController.doPrivileged(Native Method) ~[?:1.8.0_382]
	at javax.security.auth.Subject.doAs(Subject.java:422) [?:1.8.0_382]
	at org.apache.hadoop.security.UserGroupInformation.doAs(UserGroupInformation.java:1899) [hadoop-common-3.3.6.jar:?]
	at org.apache.hadoop.ipc.Server$Handler.run(Server.java:3048) [hadoop-common-3.3.6.jar:?]
09:32:47.617 [IPC Server handler 7 on default port 15057] ERROR OMAudit - user=runner | ip=127.0.0.1 | op=GET_FILE_STATUS {volume=volume78214, bucket=bucket62222, key=level0/level1/level1/file1, dataSize=0, replicationConfig=null} | ret=FAILURE
org.apache.hadoop.ozone.om.exceptions.OMException: Unable to get file status: volume: volume78214 bucket: bucket62222 key: level0/level1/level1/file1
	at org.apache.hadoop.ozone.om.KeyManagerImpl.getOzoneFileStatus(KeyManagerImpl.java:1195) ~[ozone-manager-1.4.0-SNAPSHOT.jar:?]
	at org.apache.hadoop.ozone.om.KeyManagerImpl.getFileStatus(KeyManagerImpl.java:1113) ~[ozone-manager-1.4.0-SNAPSHOT.jar:?]
	at org.apache.hadoop.ozone.om.OmMetadataReader.getFileStatus(OmMetadataReader.java:262) ~[ozone-manager-1.4.0-SNAPSHOT.jar:?]
	at org.apache.hadoop.ozone.om.OzoneManager.getFileStatus(OzoneManager.java:3513) ~[ozone-manager-1.4.0-SNAPSHOT.jar:?]
	at org.apache.hadoop.ozone.protocolPB.OzoneManagerRequestHandler.getOzoneFileStatus(OzoneManagerRequestHandler.java:973) ~[ozone-manager-1.4.0-SNAPSHOT.jar:?]
	at org.apache.hadoop.ozone.protocolPB.OzoneManagerRequestHandler.handleReadRequest(OzoneManagerRequestHandler.java:252) ~[ozone-manager-1.4.0-SNAPSHOT.jar:?]
	at org.apache.hadoop.ozone.protocolPB.OzoneManagerProtocolServerSideTranslatorPB.submitRequestDirectlyToOM(OzoneManagerProtocolServerSideTranslatorPB.java:274) ~[ozone-manager-1.4.0-SNAPSHOT.jar:?]
	at org.apache.hadoop.ozone.protocolPB.OzoneManagerProtocolServerSideTranslatorPB.processRequest(OzoneManagerProtocolServerSideTranslatorPB.java:175) ~[ozone-manager-1.4.0-SNAPSHOT.jar:?]
	at org.apache.hadoop.hdds.server.OzoneProtocolMessageDispatcher.processRequest(OzoneProtocolMessageDispatcher.java:87) [hdds-server-framework-1.4.0-SNAPSHOT.jar:?]
	at org.apache.hadoop.ozone.protocolPB.OzoneManagerProtocolServerSideTranslatorPB.submitRequest(OzoneManagerProtocolServerSideTranslatorPB.java:148) [ozone-manager-1.4.0-SNAPSHOT.jar:?]
	at org.apache.hadoop.ozone.protocol.proto.OzoneManagerProtocolProtos$OzoneManagerService$2.callBlockingMethod(OzoneManagerProtocolProtos.java) [ozone-interface-client-1.4.0-SNAPSHOT.jar:?]
	at org.apache.hadoop.ipc.ProtobufRpcEngine$Server.processCall(ProtobufRpcEngine.java:484) [hadoop-common-3.3.6.jar:?]
	at org.apache.hadoop.ipc.ProtobufRpcEngine2$Server$ProtoBufRpcInvoker.call(ProtobufRpcEngine2.java:595) [hadoop-common-3.3.6.jar:?]
	at org.apache.hadoop.ipc.ProtobufRpcEngine2$Server$ProtoBufRpcInvoker.call(ProtobufRpcEngine2.java:573) [hadoop-common-3.3.6.jar:?]
	at org.apache.hadoop.ipc.RPC$Server.call(RPC.java:1227) [hadoop-common-3.3.6.jar:?]
	at org.apache.hadoop.ipc.Server$RpcCall.run(Server.java:1094) [hadoop-common-3.3.6.jar:?]
	at org.apache.hadoop.ipc.Server$RpcCall.run(Server.java:1017) [hadoop-common-3.3.6.jar:?]
	at java.security.AccessController.doPrivileged(Native Method) ~[?:1.8.0_382]
	at javax.security.auth.Subject.doAs(Subject.java:422) [?:1.8.0_382]
	at org.apache.hadoop.security.UserGroupInformation.doAs(UserGroupInformation.java:1899) [hadoop-common-3.3.6.jar:?]
	at org.apache.hadoop.ipc.Server$Handler.run(Server.java:3048) [hadoop-common-3.3.6.jar:?]
09:32:47.618 [IPC Server handler 17 on default port 15057] ERROR OMAudit - user=runner | ip=127.0.0.1 | op=GET_FILE_STATUS {volume=volume78214, bucket=bucket62222, key=level0/level2, dataSize=0, replicationConfig=null} | ret=FAILURE
org.apache.hadoop.ozone.om.exceptions.OMException: Unable to get file status: volume: volume78214 bucket: bucket62222 key: level0/level2
	at org.apache.hadoop.ozone.om.KeyManagerImpl.getOzoneFileStatus(KeyManagerImpl.java:1195) ~[ozone-manager-1.4.0-SNAPSHOT.jar:?]
	at org.apache.hadoop.ozone.om.KeyManagerImpl.getFileStatus(KeyManagerImpl.java:1113) ~[ozone-manager-1.4.0-SNAPSHOT.jar:?]
	at org.apache.hadoop.ozone.om.OmMetadataReader.getFileStatus(OmMetadataReader.java:262) ~[ozone-manager-1.4.0-SNAPSHOT.jar:?]
	at org.apache.hadoop.ozone.om.OzoneManager.getFileStatus(OzoneManager.java:3513) ~[ozone-manager-1.4.0-SNAPSHOT.jar:?]
	at org.apache.hadoop.ozone.protocolPB.OzoneManagerRequestHandler.getOzoneFileStatus(OzoneManagerRequestHandler.java:973) ~[ozone-manager-1.4.0-SNAPSHOT.jar:?]
	at org.apache.hadoop.ozone.protocolPB.OzoneManagerRequestHandler.handleReadRequest(OzoneManagerRequestHandler.java:252) ~[ozone-manager-1.4.0-SNAPSHOT.jar:?]
	at org.apache.hadoop.ozone.protocolPB.OzoneManagerProtocolServerSideTranslatorPB.submitRequestDirectlyToOM(OzoneManagerProtocolServerSideTranslatorPB.java:274) ~[ozone-manager-1.4.0-SNAPSHOT.jar:?]
	at org.apache.hadoop.ozone.protocolPB.OzoneManagerProtocolServerSideTranslatorPB.processRequest(OzoneManagerProtocolServerSideTranslatorPB.java:175) ~[ozone-manager-1.4.0-SNAPSHOT.jar:?]
	at org.apache.hadoop.hdds.server.OzoneProtocolMessageDispatcher.processRequest(OzoneProtocolMessageDispatcher.java:87) [hdds-server-framework-1.4.0-SNAPSHOT.jar:?]
	at org.apache.hadoop.ozone.protocolPB.OzoneManagerProtocolServerSideTranslatorPB.submitRequest(OzoneManagerProtocolServerSideTranslatorPB.java:148) [ozone-manager-1.4.0-SNAPSHOT.jar:?]
	at org.apache.hadoop.ozone.protocol.proto.OzoneManagerProtocolProtos$OzoneManagerService$2.callBlockingMethod(OzoneManagerProtocolProtos.java) [ozone-interface-client-1.4.0-SNAPSHOT.jar:?]
	at org.apache.hadoop.ipc.ProtobufRpcEngine$Server.processCall(ProtobufRpcEngine.java:484) [hadoop-common-3.3.6.jar:?]
	at org.apache.hadoop.ipc.ProtobufRpcEngine2$Server$ProtoBufRpcInvoker.call(ProtobufRpcEngine2.java:595) [hadoop-common-3.3.6.jar:?]
	at org.apache.hadoop.ipc.ProtobufRpcEngine2$Server$ProtoBufRpcInvoker.call(ProtobufRpcEngine2.java:573) [hadoop-common-3.3.6.jar:?]
	at org.apache.hadoop.ipc.RPC$Server.call(RPC.java:1227) [hadoop-common-3.3.6.jar:?]
	at org.apache.hadoop.ipc.Server$RpcCall.run(Server.java:1094) [hadoop-common-3.3.6.jar:?]
	at org.apache.hadoop.ipc.Server$RpcCall.run(Server.java:1017) [hadoop-common-3.3.6.jar:?]
	at java.security.AccessController.doPrivileged(Native Method) ~[?:1.8.0_382]
	at javax.security.auth.Subject.doAs(Subject.java:422) [?:1.8.0_382]
	at org.apache.hadoop.security.UserGroupInformation.doAs(UserGroupInformation.java:1899) [hadoop-common-3.3.6.jar:?]
	at org.apache.hadoop.ipc.Server$Handler.run(Server.java:3048) [hadoop-common-3.3.6.jar:?]
09:32:47.619 [IPC Server handler 14 on default port 15057] ERROR OMAudit - user=runner | ip=127.0.0.1 | op=GET_FILE_STATUS {volume=volume78214, bucket=bucket62222, key=level0/level2/level2, dataSize=0, replicationConfig=null} | ret=FAILURE
org.apache.hadoop.ozone.om.exceptions.OMException: Unable to get file status: volume: volume78214 bucket: bucket62222 key: level0/level2/level2
	at org.apache.hadoop.ozone.om.KeyManagerImpl.getOzoneFileStatus(KeyManagerImpl.java:1195) ~[ozone-manager-1.4.0-SNAPSHOT.jar:?]
	at org.apache.hadoop.ozone.om.KeyManagerImpl.getFileStatus(KeyManagerImpl.java:1113) ~[ozone-manager-1.4.0-SNAPSHOT.jar:?]
	at org.apache.hadoop.ozone.om.OmMetadataReader.getFileStatus(OmMetadataReader.java:262) ~[ozone-manager-1.4.0-SNAPSHOT.jar:?]
	at org.apache.hadoop.ozone.om.OzoneManager.getFileStatus(OzoneManager.java:3513) ~[ozone-manager-1.4.0-SNAPSHOT.jar:?]
	at org.apache.hadoop.ozone.protocolPB.OzoneManagerRequestHandler.getOzoneFileStatus(OzoneManagerRequestHandler.java:973) ~[ozone-manager-1.4.0-SNAPSHOT.jar:?]
	at org.apache.hadoop.ozone.protocolPB.OzoneManagerRequestHandler.handleReadRequest(OzoneManagerRequestHandler.java:252) ~[ozone-manager-1.4.0-SNAPSHOT.jar:?]
	at org.apache.hadoop.ozone.protocolPB.OzoneManagerProtocolServerSideTranslatorPB.submitRequestDirectlyToOM(OzoneManagerProtocolServerSideTranslatorPB.java:274) ~[ozone-manager-1.4.0-SNAPSHOT.jar:?]
	at org.apache.hadoop.ozone.protocolPB.OzoneManagerProtocolServerSideTranslatorPB.processRequest(OzoneManagerProtocolServerSideTranslatorPB.java:175) ~[ozone-manager-1.4.0-SNAPSHOT.jar:?]
	at org.apache.hadoop.hdds.server.OzoneProtocolMessageDispatcher.processRequest(OzoneProtocolMessageDispatcher.java:87) [hdds-server-framework-1.4.0-SNAPSHOT.jar:?]
	at org.apache.hadoop.ozone.protocolPB.OzoneManagerProtocolServerSideTranslatorPB.submitRequest(OzoneManagerProtocolServerSideTranslatorPB.java:148) [ozone-manager-1.4.0-SNAPSHOT.jar:?]
	at org.apache.hadoop.ozone.protocol.proto.OzoneManagerProtocolProtos$OzoneManagerService$2.callBlockingMethod(OzoneManagerProtocolProtos.java) [ozone-interface-client-1.4.0-SNAPSHOT.jar:?]
	at org.apache.hadoop.ipc.ProtobufRpcEngine$Server.processCall(ProtobufRpcEngine.java:484) [hadoop-common-3.3.6.jar:?]
	at org.apache.hadoop.ipc.ProtobufRpcEngine2$Server$ProtoBufRpcInvoker.call(ProtobufRpcEngine2.java:595) [hadoop-common-3.3.6.jar:?]
	at org.apache.hadoop.ipc.ProtobufRpcEngine2$Server$ProtoBufRpcInvoker.call(ProtobufRpcEngine2.java:573) [hadoop-common-3.3.6.jar:?]
	at org.apache.hadoop.ipc.RPC$Server.call(RPC.java:1227) [hadoop-common-3.3.6.jar:?]
	at org.apache.hadoop.ipc.Server$RpcCall.run(Server.java:1094) [hadoop-common-3.3.6.jar:?]
	at org.apache.hadoop.ipc.Server$RpcCall.run(Server.java:1017) [hadoop-common-3.3.6.jar:?]
	at java.security.AccessController.doPrivileged(Native Method) ~[?:1.8.0_382]
	at javax.security.auth.Subject.doAs(Subject.java:422) [?:1.8.0_382]
	at org.apache.hadoop.security.UserGroupInformation.doAs(UserGroupInformation.java:1899) [hadoop-common-3.3.6.jar:?]
	at org.apache.hadoop.ipc.Server$Handler.run(Server.java:3048) [hadoop-common-3.3.6.jar:?]
09:32:47.620 [IPC Server handler 8 on default port 15057] ERROR OMAudit - user=runner | ip=127.0.0.1 | op=GET_FILE_STATUS {volume=volume78214, bucket=bucket62222, key=level0/level2/file1, dataSize=0, replicationConfig=null} | ret=FAILURE
org.apache.hadoop.ozone.om.exceptions.OMException: Unable to get file status: volume: volume78214 bucket: bucket62222 key: level0/level2/file1
	at org.apache.hadoop.ozone.om.KeyManagerImpl.getOzoneFileStatus(KeyManagerImpl.java:1195) ~[ozone-manager-1.4.0-SNAPSHOT.jar:?]
	at org.apache.hadoop.ozone.om.KeyManagerImpl.getFileStatus(KeyManagerImpl.java:1113) ~[ozone-manager-1.4.0-SNAPSHOT.jar:?]
	at org.apache.hadoop.ozone.om.OmMetadataReader.getFileStatus(OmMetadataReader.java:262) ~[ozone-manager-1.4.0-SNAPSHOT.jar:?]
	at org.apache.hadoop.ozone.om.OzoneManager.getFileStatus(OzoneManager.java:3513) ~[ozone-manager-1.4.0-SNAPSHOT.jar:?]
	at org.apache.hadoop.ozone.protocolPB.OzoneManagerRequestHandler.getOzoneFileStatus(OzoneManagerRequestHandler.java:973) ~[ozone-manager-1.4.0-SNAPSHOT.jar:?]
	at org.apache.hadoop.ozone.protocolPB.OzoneManagerRequestHandler.handleReadRequest(OzoneManagerRequestHandler.java:252) ~[ozone-manager-1.4.0-SNAPSHOT.jar:?]
	at org.apache.hadoop.ozone.protocolPB.OzoneManagerProtocolServerSideTranslatorPB.submitRequestDirectlyToOM(OzoneManagerProtocolServerSideTranslatorPB.java:274) ~[ozone-manager-1.4.0-SNAPSHOT.jar:?]
	at org.apache.hadoop.ozone.protocolPB.OzoneManagerProtocolServerSideTranslatorPB.processRequest(OzoneManagerProtocolServerSideTranslatorPB.java:175) ~[ozone-manager-1.4.0-SNAPSHOT.jar:?]
	at org.apache.hadoop.hdds.server.OzoneProtocolMessageDispatcher.processRequest(OzoneProtocolMessageDispatcher.java:87) [hdds-server-framework-1.4.0-SNAPSHOT.jar:?]
	at org.apache.hadoop.ozone.protocolPB.OzoneManagerProtocolServerSideTranslatorPB.submitRequest(OzoneManagerProtocolServerSideTranslatorPB.java:148) [ozone-manager-1.4.0-SNAPSHOT.jar:?]
	at org.apache.hadoop.ozone.protocol.proto.OzoneManagerProtocolProtos$OzoneManagerService$2.callBlockingMethod(OzoneManagerProtocolProtos.java) [ozone-interface-client-1.4.0-SNAPSHOT.jar:?]
	at org.apache.hadoop.ipc.ProtobufRpcEngine$Server.processCall(ProtobufRpcEngine.java:484) [hadoop-common-3.3.6.jar:?]
	at org.apache.hadoop.ipc.ProtobufRpcEngine2$Server$ProtoBufRpcInvoker.call(ProtobufRpcEngine2.java:595) [hadoop-common-3.3.6.jar:?]
	at org.apache.hadoop.ipc.ProtobufRpcEngine2$Server$ProtoBufRpcInvoker.call(ProtobufRpcEngine2.java:573) [hadoop-common-3.3.6.jar:?]
	at org.apache.hadoop.ipc.RPC$Server.call(RPC.java:1227) [hadoop-common-3.3.6.jar:?]
	at org.apache.hadoop.ipc.Server$RpcCall.run(Server.java:1094) [hadoop-common-3.3.6.jar:?]
	at org.apache.hadoop.ipc.Server$RpcCall.run(Server.java:1017) [hadoop-common-3.3.6.jar:?]
	at java.security.AccessController.doPrivileged(Native Method) ~[?:1.8.0_382]
	at javax.security.auth.Subject.doAs(Subject.java:422) [?:1.8.0_382]
	at org.apache.hadoop.security.UserGroupInformation.doAs(UserGroupInformation.java:1899) [hadoop-common-3.3.6.jar:?]
	at org.apache.hadoop.ipc.Server$Handler.run(Server.java:3048) [hadoop-common-3.3.6.jar:?]
09:32:47.621 [IPC Server handler 15 on default port 15057] ERROR OMAudit - user=runner | ip=127.0.0.1 | op=GET_FILE_STATUS {volume=volume78214, bucket=bucket62222, key=level0/level2/level2/file1, dataSize=0, replicationConfig=null} | ret=FAILURE
org.apache.hadoop.ozone.om.exceptions.OMException: Unable to get file status: volume: volume78214 bucket: bucket62222 key: level0/level2/level2/file1
	at org.apache.hadoop.ozone.om.KeyManagerImpl.getOzoneFileStatus(KeyManagerImpl.java:1195) ~[ozone-manager-1.4.0-SNAPSHOT.jar:?]
	at org.apache.hadoop.ozone.om.KeyManagerImpl.getFileStatus(KeyManagerImpl.java:1113) ~[ozone-manager-1.4.0-SNAPSHOT.jar:?]
	at org.apache.hadoop.ozone.om.OmMetadataReader.getFileStatus(OmMetadataReader.java:262) ~[ozone-manager-1.4.0-SNAPSHOT.jar:?]
	at org.apache.hadoop.ozone.om.OzoneManager.getFileStatus(OzoneManager.java:3513) ~[ozone-manager-1.4.0-SNAPSHOT.jar:?]
	at org.apache.hadoop.ozone.protocolPB.OzoneManagerRequestHandler.getOzoneFileStatus(OzoneManagerRequestHandler.java:973) ~[ozone-manager-1.4.0-SNAPSHOT.jar:?]
	at org.apache.hadoop.ozone.protocolPB.OzoneManagerRequestHandler.handleReadRequest(OzoneManagerRequestHandler.java:252) ~[ozone-manager-1.4.0-SNAPSHOT.jar:?]
	at org.apache.hadoop.ozone.protocolPB.OzoneManagerProtocolServerSideTranslatorPB.submitRequestDirectlyToOM(OzoneManagerProtocolServerSideTranslatorPB.java:274) ~[ozone-manager-1.4.0-SNAPSHOT.jar:?]
	at org.apache.hadoop.ozone.protocolPB.OzoneManagerProtocolServerSideTranslatorPB.processRequest(OzoneManagerProtocolServerSideTranslatorPB.java:175) ~[ozone-manager-1.4.0-SNAPSHOT.jar:?]
	at org.apache.hadoop.hdds.server.OzoneProtocolMessageDispatcher.processRequest(OzoneProtocolMessageDispatcher.java:87) [hdds-server-framework-1.4.0-SNAPSHOT.jar:?]
	at org.apache.hadoop.ozone.protocolPB.OzoneManagerProtocolServerSideTranslatorPB.submitRequest(OzoneManagerProtocolServerSideTranslatorPB.java:148) [ozone-manager-1.4.0-SNAPSHOT.jar:?]
	at org.apache.hadoop.ozone.protocol.proto.OzoneManagerProtocolProtos$OzoneManagerService$2.callBlockingMethod(OzoneManagerProtocolProtos.java) [ozone-interface-client-1.4.0-SNAPSHOT.jar:?]
	at org.apache.hadoop.ipc.ProtobufRpcEngine$Server.processCall(ProtobufRpcEngine.java:484) [hadoop-common-3.3.6.jar:?]
	at org.apache.hadoop.ipc.ProtobufRpcEngine2$Server$ProtoBufRpcInvoker.call(ProtobufRpcEngine2.java:595) [hadoop-common-3.3.6.jar:?]
	at org.apache.hadoop.ipc.ProtobufRpcEngine2$Server$ProtoBufRpcInvoker.call(ProtobufRpcEngine2.java:573) [hadoop-common-3.3.6.jar:?]
	at org.apache.hadoop.ipc.RPC$Server.call(RPC.java:1227) [hadoop-common-3.3.6.jar:?]
	at org.apache.hadoop.ipc.Server$RpcCall.run(Server.java:1094) [hadoop-common-3.3.6.jar:?]
	at org.apache.hadoop.ipc.Server$RpcCall.run(Server.java:1017) [hadoop-common-3.3.6.jar:?]
	at java.security.AccessController.doPrivileged(Native Method) ~[?:1.8.0_382]
	at javax.security.auth.Subject.doAs(Subject.java:422) [?:1.8.0_382]
	at org.apache.hadoop.security.UserGroupInformation.doAs(UserGroupInformation.java:1899) [hadoop-common-3.3.6.jar:?]
	at org.apache.hadoop.ipc.Server$Handler.run(Server.java:3048) [hadoop-common-3.3.6.jar:?]
09:32:47.621 [IPC Server handler 19 on default port 15057] ERROR OMAudit - user=runner | ip=127.0.0.1 | op=GET_FILE_STATUS {volume=volume78214, bucket=bucket62222, key=level0/level3, dataSize=0, replicationConfig=null} | ret=FAILURE
org.apache.hadoop.ozone.om.exceptions.OMException: Unable to get file status: volume: volume78214 bucket: bucket62222 key: level0/level3
	at org.apache.hadoop.ozone.om.KeyManagerImpl.getOzoneFileStatus(KeyManagerImpl.java:1195) ~[ozone-manager-1.4.0-SNAPSHOT.jar:?]
	at org.apache.hadoop.ozone.om.KeyManagerImpl.getFileStatus(KeyManagerImpl.java:1113) ~[ozone-manager-1.4.0-SNAPSHOT.jar:?]
	at org.apache.hadoop.ozone.om.OmMetadataReader.getFileStatus(OmMetadataReader.java:262) ~[ozone-manager-1.4.0-SNAPSHOT.jar:?]
	at org.apache.hadoop.ozone.om.OzoneManager.getFileStatus(OzoneManager.java:3513) ~[ozone-manager-1.4.0-SNAPSHOT.jar:?]
	at org.apache.hadoop.ozone.protocolPB.OzoneManagerRequestHandler.getOzoneFileStatus(OzoneManagerRequestHandler.java:973) ~[ozone-manager-1.4.0-SNAPSHOT.jar:?]
	at org.apache.hadoop.ozone.protocolPB.OzoneManagerRequestHandler.handleReadRequest(OzoneManagerRequestHandler.java:252) ~[ozone-manager-1.4.0-SNAPSHOT.jar:?]
	at org.apache.hadoop.ozone.protocolPB.OzoneManagerProtocolServerSideTranslatorPB.submitRequestDirectlyToOM(OzoneManagerProtocolServerSideTranslatorPB.java:274) ~[ozone-manager-1.4.0-SNAPSHOT.jar:?]
	at org.apache.hadoop.ozone.protocolPB.OzoneManagerProtocolServerSideTranslatorPB.processRequest(OzoneManagerProtocolServerSideTranslatorPB.java:175) ~[ozone-manager-1.4.0-SNAPSHOT.jar:?]
	at org.apache.hadoop.hdds.server.OzoneProtocolMessageDispatcher.processRequest(OzoneProtocolMessageDispatcher.java:87) [hdds-server-framework-1.4.0-SNAPSHOT.jar:?]
	at org.apache.hadoop.ozone.protocolPB.OzoneManagerProtocolServerSideTranslatorPB.submitRequest(OzoneManagerProtocolServerSideTranslatorPB.java:148) [ozone-manager-1.4.0-SNAPSHOT.jar:?]
	at org.apache.hadoop.ozone.protocol.proto.OzoneManagerProtocolProtos$OzoneManagerService$2.callBlockingMethod(OzoneManagerProtocolProtos.java) [ozone-interface-client-1.4.0-SNAPSHOT.jar:?]
	at org.apache.hadoop.ipc.ProtobufRpcEngine$Server.processCall(ProtobufRpcEngine.java:484) [hadoop-common-3.3.6.jar:?]
	at org.apache.hadoop.ipc.ProtobufRpcEngine2$Server$ProtoBufRpcInvoker.call(ProtobufRpcEngine2.java:595) [hadoop-common-3.3.6.jar:?]
	at org.apache.hadoop.ipc.ProtobufRpcEngine2$Server$ProtoBufRpcInvoker.call(ProtobufRpcEngine2.java:573) [hadoop-common-3.3.6.jar:?]
	at org.apache.hadoop.ipc.RPC$Server.call(RPC.java:1227) [hadoop-common-3.3.6.jar:?]
	at org.apache.hadoop.ipc.Server$RpcCall.run(Server.java:1094) [hadoop-common-3.3.6.jar:?]
	at org.apache.hadoop.ipc.Server$RpcCall.run(Server.java:1017) [hadoop-common-3.3.6.jar:?]
	at java.security.AccessController.doPrivileged(Native Method) ~[?:1.8.0_382]
	at javax.security.auth.Subject.doAs(Subject.java:422) [?:1.8.0_382]
	at org.apache.hadoop.security.UserGroupInformation.doAs(UserGroupInformation.java:1899) [hadoop-common-3.3.6.jar:?]
	at org.apache.hadoop.ipc.Server$Handler.run(Server.java:3048) [hadoop-common-3.3.6.jar:?]
09:32:47.624 [IPC Server handler 16 on default port 15057] ERROR OMAudit - user=runner | ip=127.0.0.1 | op=GET_FILE_STATUS {volume=volume78214, bucket=bucket62222, key=level0/level3/level3, dataSize=0, replicationConfig=null} | ret=FAILURE
org.apache.hadoop.ozone.om.exceptions.OMException: Unable to get file status: volume: volume78214 bucket: bucket62222 key: level0/level3/level3
	at org.apache.hadoop.ozone.om.KeyManagerImpl.getOzoneFileStatus(KeyManagerImpl.java:1195) ~[ozone-manager-1.4.0-SNAPSHOT.jar:?]
	at org.apache.hadoop.ozone.om.KeyManagerImpl.getFileStatus(KeyManagerImpl.java:1113) ~[ozone-manager-1.4.0-SNAPSHOT.jar:?]
	at org.apache.hadoop.ozone.om.OmMetadataReader.getFileStatus(OmMetadataReader.java:262) ~[ozone-manager-1.4.0-SNAPSHOT.jar:?]
	at org.apache.hadoop.ozone.om.OzoneManager.getFileStatus(OzoneManager.java:3513) ~[ozone-manager-1.4.0-SNAPSHOT.jar:?]
	at org.apache.hadoop.ozone.protocolPB.OzoneManagerRequestHandler.getOzoneFileStatus(OzoneManagerRequestHandler.java:973) ~[ozone-manager-1.4.0-SNAPSHOT.jar:?]
	at org.apache.hadoop.ozone.protocolPB.OzoneManagerRequestHandler.handleReadRequest(OzoneManagerRequestHandler.java:252) ~[ozone-manager-1.4.0-SNAPSHOT.jar:?]
	at org.apache.hadoop.ozone.protocolPB.OzoneManagerProtocolServerSideTranslatorPB.submitRequestDirectlyToOM(OzoneManagerProtocolServerSideTranslatorPB.java:274) ~[ozone-manager-1.4.0-SNAPSHOT.jar:?]
	at org.apache.hadoop.ozone.protocolPB.OzoneManagerProtocolServerSideTranslatorPB.processRequest(OzoneManagerProtocolServerSideTranslatorPB.java:175) ~[ozone-manager-1.4.0-SNAPSHOT.jar:?]
	at org.apache.hadoop.hdds.server.OzoneProtocolMessageDispatcher.processRequest(OzoneProtocolMessageDispatcher.java:87) [hdds-server-framework-1.4.0-SNAPSHOT.jar:?]
	at org.apache.hadoop.ozone.protocolPB.OzoneManagerProtocolServerSideTranslatorPB.submitRequest(OzoneManagerProtocolServerSideTranslatorPB.java:148) [ozone-manager-1.4.0-SNAPSHOT.jar:?]
	at org.apache.hadoop.ozone.protocol.proto.OzoneManagerProtocolProtos$OzoneManagerService$2.callBlockingMethod(OzoneManagerProtocolProtos.java) [ozone-interface-client-1.4.0-SNAPSHOT.jar:?]
	at org.apache.hadoop.ipc.ProtobufRpcEngine$Server.processCall(ProtobufRpcEngine.java:484) [hadoop-common-3.3.6.jar:?]
	at org.apache.hadoop.ipc.ProtobufRpcEngine2$Server$ProtoBufRpcInvoker.call(ProtobufRpcEngine2.java:595) [hadoop-common-3.3.6.jar:?]
	at org.apache.hadoop.ipc.ProtobufRpcEngine2$Server$ProtoBufRpcInvoker.call(ProtobufRpcEngine2.java:573) [hadoop-common-3.3.6.jar:?]
	at org.apache.hadoop.ipc.RPC$Server.call(RPC.java:1227) [hadoop-common-3.3.6.jar:?]
	at org.apache.hadoop.ipc.Server$RpcCall.run(Server.java:1094) [hadoop-common-3.3.6.jar:?]
	at org.apache.hadoop.ipc.Server$RpcCall.run(Server.java:1017) [hadoop-common-3.3.6.jar:?]
	at java.security.AccessController.doPrivileged(Native Method) ~[?:1.8.0_382]
	at javax.security.auth.Subject.doAs(Subject.java:422) [?:1.8.0_382]
	at org.apache.hadoop.security.UserGroupInformation.doAs(UserGroupInformation.java:1899) [hadoop-common-3.3.6.jar:?]
	at org.apache.hadoop.ipc.Server$Handler.run(Server.java:3048) [hadoop-common-3.3.6.jar:?]
09:32:47.625 [IPC Server handler 6 on default port 15057] ERROR OMAudit - user=runner | ip=127.0.0.1 | op=GET_FILE_STATUS {volume=volume78214, bucket=bucket62222, key=level0/level3/file1, dataSize=0, replicationConfig=null} | ret=FAILURE
org.apache.hadoop.ozone.om.exceptions.OMException: Unable to get file status: volume: volume78214 bucket: bucket62222 key: level0/level3/file1
	at org.apache.hadoop.ozone.om.KeyManagerImpl.getOzoneFileStatus(KeyManagerImpl.java:1195) ~[ozone-manager-1.4.0-SNAPSHOT.jar:?]
	at org.apache.hadoop.ozone.om.KeyManagerImpl.getFileStatus(KeyManagerImpl.java:1113) ~[ozone-manager-1.4.0-SNAPSHOT.jar:?]
	at org.apache.hadoop.ozone.om.OmMetadataReader.getFileStatus(OmMetadataReader.java:262) ~[ozone-manager-1.4.0-SNAPSHOT.jar:?]
	at org.apache.hadoop.ozone.om.OzoneManager.getFileStatus(OzoneManager.java:3513) ~[ozone-manager-1.4.0-SNAPSHOT.jar:?]
	at org.apache.hadoop.ozone.protocolPB.OzoneManagerRequestHandler.getOzoneFileStatus(OzoneManagerRequestHandler.java:973) ~[ozone-manager-1.4.0-SNAPSHOT.jar:?]
	at org.apache.hadoop.ozone.protocolPB.OzoneManagerRequestHandler.handleReadRequest(OzoneManagerRequestHandler.java:252) ~[ozone-manager-1.4.0-SNAPSHOT.jar:?]
	at org.apache.hadoop.ozone.protocolPB.OzoneManagerProtocolServerSideTranslatorPB.submitRequestDirectlyToOM(OzoneManagerProtocolServerSideTranslatorPB.java:274) ~[ozone-manager-1.4.0-SNAPSHOT.jar:?]
	at org.apache.hadoop.ozone.protocolPB.OzoneManagerProtocolServerSideTranslatorPB.processRequest(OzoneManagerProtocolServerSideTranslatorPB.java:175) ~[ozone-manager-1.4.0-SNAPSHOT.jar:?]
	at org.apache.hadoop.hdds.server.OzoneProtocolMessageDispatcher.processRequest(OzoneProtocolMessageDispatcher.java:87) [hdds-server-framework-1.4.0-SNAPSHOT.jar:?]
	at org.apache.hadoop.ozone.protocolPB.OzoneManagerProtocolServerSideTranslatorPB.submitRequest(OzoneManagerProtocolServerSideTranslatorPB.java:148) [ozone-manager-1.4.0-SNAPSHOT.jar:?]
	at org.apache.hadoop.ozone.protocol.proto.OzoneManagerProtocolProtos$OzoneManagerService$2.callBlockingMethod(OzoneManagerProtocolProtos.java) [ozone-interface-client-1.4.0-SNAPSHOT.jar:?]
	at org.apache.hadoop.ipc.ProtobufRpcEngine$Server.processCall(ProtobufRpcEngine.java:484) [hadoop-common-3.3.6.jar:?]
	at org.apache.hadoop.ipc.ProtobufRpcEngine2$Server$ProtoBufRpcInvoker.call(ProtobufRpcEngine2.java:595) [hadoop-common-3.3.6.jar:?]
	at org.apache.hadoop.ipc.ProtobufRpcEngine2$Server$ProtoBufRpcInvoker.call(ProtobufRpcEngine2.java:573) [hadoop-common-3.3.6.jar:?]
	at org.apache.hadoop.ipc.RPC$Server.call(RPC.java:1227) [hadoop-common-3.3.6.jar:?]
	at org.apache.hadoop.ipc.Server$RpcCall.run(Server.java:1094) [hadoop-common-3.3.6.jar:?]
	at org.apache.hadoop.ipc.Server$RpcCall.run(Server.java:1017) [hadoop-common-3.3.6.jar:?]
	at java.security.AccessController.doPrivileged(Native Method) ~[?:1.8.0_382]
	at javax.security.auth.Subject.doAs(Subject.java:422) [?:1.8.0_382]
	at org.apache.hadoop.security.UserGroupInformation.doAs(UserGroupInformation.java:1899) [hadoop-common-3.3.6.jar:?]
	at org.apache.hadoop.ipc.Server$Handler.run(Server.java:3048) [hadoop-common-3.3.6.jar:?]
09:32:47.626 [IPC Server handler 12 on default port 15057] ERROR OMAudit - user=runner | ip=127.0.0.1 | op=GET_FILE_STATUS {volume=volume78214, bucket=bucket62222, key=level0/level3/level3/file1, dataSize=0, replicationConfig=null} | ret=FAILURE
org.apache.hadoop.ozone.om.exceptions.OMException: Unable to get file status: volume: volume78214 bucket: bucket62222 key: level0/level3/level3/file1
	at org.apache.hadoop.ozone.om.KeyManagerImpl.getOzoneFileStatus(KeyManagerImpl.java:1195) ~[ozone-manager-1.4.0-SNAPSHOT.jar:?]
	at org.apache.hadoop.ozone.om.KeyManagerImpl.getFileStatus(KeyManagerImpl.java:1113) ~[ozone-manager-1.4.0-SNAPSHOT.jar:?]
	at org.apache.hadoop.ozone.om.OmMetadataReader.getFileStatus(OmMetadataReader.java:262) ~[ozone-manager-1.4.0-SNAPSHOT.jar:?]
	at org.apache.hadoop.ozone.om.OzoneManager.getFileStatus(OzoneManager.java:3513) ~[ozone-manager-1.4.0-SNAPSHOT.jar:?]
	at org.apache.hadoop.ozone.protocolPB.OzoneManagerRequestHandler.getOzoneFileStatus(OzoneManagerRequestHandler.java:973) ~[ozone-manager-1.4.0-SNAPSHOT.jar:?]
	at org.apache.hadoop.ozone.protocolPB.OzoneManagerRequestHandler.handleReadRequest(OzoneManagerRequestHandler.java:252) ~[ozone-manager-1.4.0-SNAPSHOT.jar:?]
	at org.apache.hadoop.ozone.protocolPB.OzoneManagerProtocolServerSideTranslatorPB.submitRequestDirectlyToOM(OzoneManagerProtocolServerSideTranslatorPB.java:274) ~[ozone-manager-1.4.0-SNAPSHOT.jar:?]
	at org.apache.hadoop.ozone.protocolPB.OzoneManagerProtocolServerSideTranslatorPB.processRequest(OzoneManagerProtocolServerSideTranslatorPB.java:175) ~[ozone-manager-1.4.0-SNAPSHOT.jar:?]
	at org.apache.hadoop.hdds.server.OzoneProtocolMessageDispatcher.processRequest(OzoneProtocolMessageDispatcher.java:87) [hdds-server-framework-1.4.0-SNAPSHOT.jar:?]
	at org.apache.hadoop.ozone.protocolPB.OzoneManagerProtocolServerSideTranslatorPB.submitRequest(OzoneManagerProtocolServerSideTranslatorPB.java:148) [ozone-manager-1.4.0-SNAPSHOT.jar:?]
	at org.apache.hadoop.ozone.protocol.proto.OzoneManagerProtocolProtos$OzoneManagerService$2.callBlockingMethod(OzoneManagerProtocolProtos.java) [ozone-interface-client-1.4.0-SNAPSHOT.jar:?]
	at org.apache.hadoop.ipc.ProtobufRpcEngine$Server.processCall(ProtobufRpcEngine.java:484) [hadoop-common-3.3.6.jar:?]
	at org.apache.hadoop.ipc.ProtobufRpcEngine2$Server$ProtoBufRpcInvoker.call(ProtobufRpcEngine2.java:595) [hadoop-common-3.3.6.jar:?]
	at org.apache.hadoop.ipc.ProtobufRpcEngine2$Server$ProtoBufRpcInvoker.call(ProtobufRpcEngine2.java:573) [hadoop-common-3.3.6.jar:?]
	at org.apache.hadoop.ipc.RPC$Server.call(RPC.java:1227) [hadoop-common-3.3.6.jar:?]
	at org.apache.hadoop.ipc.Server$RpcCall.run(Server.java:1094) [hadoop-common-3.3.6.jar:?]
	at org.apache.hadoop.ipc.Server$RpcCall.run(Server.java:1017) [hadoop-common-3.3.6.jar:?]
	at java.security.AccessController.doPrivileged(Native Method) ~[?:1.8.0_382]
	at javax.security.auth.Subject.doAs(Subject.java:422) [?:1.8.0_382]
	at org.apache.hadoop.security.UserGroupInformation.doAs(UserGroupInformation.java:1899) [hadoop-common-3.3.6.jar:?]
	at org.apache.hadoop.ipc.Server$Handler.run(Server.java:3048) [hadoop-common-3.3.6.jar:?]
]]></system-out>
  </testcase>
  <testcase name="testRecursiveDelete" classname="TestOzoneFileSystem" time="0.172">
    <system-out><![CDATA[09:33:54.859 [IPC Server handler 15 on default port 15110] ERROR OMAudit - user=runner | ip=127.0.0.1 | op=GET_FILE_STATUS {volume=volume01359, bucket=bucket03907, key=gdir1, dataSize=0, replicationConfig=null} | ret=FAILURE
org.apache.hadoop.ozone.om.exceptions.OMException: Unable to get file status: volume: volume01359 bucket: bucket03907 key: gdir1
	at org.apache.hadoop.ozone.om.KeyManagerImpl.getOzoneFileStatus(KeyManagerImpl.java:1195) ~[ozone-manager-1.4.0-SNAPSHOT.jar:?]
	at org.apache.hadoop.ozone.om.KeyManagerImpl.getFileStatus(KeyManagerImpl.java:1113) ~[ozone-manager-1.4.0-SNAPSHOT.jar:?]
	at org.apache.hadoop.ozone.om.OmMetadataReader.getFileStatus(OmMetadataReader.java:262) ~[ozone-manager-1.4.0-SNAPSHOT.jar:?]
	at org.apache.hadoop.ozone.om.OzoneManager.getFileStatus(OzoneManager.java:3513) ~[ozone-manager-1.4.0-SNAPSHOT.jar:?]
	at org.apache.hadoop.ozone.protocolPB.OzoneManagerRequestHandler.getOzoneFileStatus(OzoneManagerRequestHandler.java:973) ~[ozone-manager-1.4.0-SNAPSHOT.jar:?]
	at org.apache.hadoop.ozone.protocolPB.OzoneManagerRequestHandler.handleReadRequest(OzoneManagerRequestHandler.java:252) ~[ozone-manager-1.4.0-SNAPSHOT.jar:?]
	at org.apache.hadoop.ozone.protocolPB.OzoneManagerProtocolServerSideTranslatorPB.submitReadRequestToOM(OzoneManagerProtocolServerSideTranslatorPB.java:225) ~[ozone-manager-1.4.0-SNAPSHOT.jar:?]
	at org.apache.hadoop.ozone.protocolPB.OzoneManagerProtocolServerSideTranslatorPB.processRequest(OzoneManagerProtocolServerSideTranslatorPB.java:179) ~[ozone-manager-1.4.0-SNAPSHOT.jar:?]
	at org.apache.hadoop.hdds.server.OzoneProtocolMessageDispatcher.processRequest(OzoneProtocolMessageDispatcher.java:87) [hdds-server-framework-1.4.0-SNAPSHOT.jar:?]
	at org.apache.hadoop.ozone.protocolPB.OzoneManagerProtocolServerSideTranslatorPB.submitRequest(OzoneManagerProtocolServerSideTranslatorPB.java:148) [ozone-manager-1.4.0-SNAPSHOT.jar:?]
	at org.apache.hadoop.ozone.protocol.proto.OzoneManagerProtocolProtos$OzoneManagerService$2.callBlockingMethod(OzoneManagerProtocolProtos.java) [ozone-interface-client-1.4.0-SNAPSHOT.jar:?]
	at org.apache.hadoop.ipc.ProtobufRpcEngine$Server.processCall(ProtobufRpcEngine.java:484) [hadoop-common-3.3.6.jar:?]
	at org.apache.hadoop.ipc.ProtobufRpcEngine2$Server$ProtoBufRpcInvoker.call(ProtobufRpcEngine2.java:595) [hadoop-common-3.3.6.jar:?]
	at org.apache.hadoop.ipc.ProtobufRpcEngine2$Server$ProtoBufRpcInvoker.call(ProtobufRpcEngine2.java:573) [hadoop-common-3.3.6.jar:?]
	at org.apache.hadoop.ipc.RPC$Server.call(RPC.java:1227) [hadoop-common-3.3.6.jar:?]
	at org.apache.hadoop.ipc.Server$RpcCall.run(Server.java:1094) [hadoop-common-3.3.6.jar:?]
	at org.apache.hadoop.ipc.Server$RpcCall.run(Server.java:1017) [hadoop-common-3.3.6.jar:?]
	at java.security.AccessController.doPrivileged(Native Method) ~[?:1.8.0_382]
	at javax.security.auth.Subject.doAs(Subject.java:422) [?:1.8.0_382]
	at org.apache.hadoop.security.UserGroupInformation.doAs(UserGroupInformation.java:1899) [hadoop-common-3.3.6.jar:?]
	at org.apache.hadoop.ipc.Server$Handler.run(Server.java:3048) [hadoop-common-3.3.6.jar:?]
09:33:54.860 [IPC Server handler 16 on default port 15110] ERROR OMAudit - user=runner | ip=127.0.0.1 | op=GET_FILE_STATUS {volume=volume01359, bucket=bucket03907, key=gdir1/dir1, dataSize=0, replicationConfig=null} | ret=FAILURE
org.apache.hadoop.ozone.om.exceptions.OMException: Unable to get file status: volume: volume01359 bucket: bucket03907 key: gdir1/dir1
	at org.apache.hadoop.ozone.om.KeyManagerImpl.getOzoneFileStatus(KeyManagerImpl.java:1195) ~[ozone-manager-1.4.0-SNAPSHOT.jar:?]
	at org.apache.hadoop.ozone.om.KeyManagerImpl.getFileStatus(KeyManagerImpl.java:1113) ~[ozone-manager-1.4.0-SNAPSHOT.jar:?]
	at org.apache.hadoop.ozone.om.OmMetadataReader.getFileStatus(OmMetadataReader.java:262) ~[ozone-manager-1.4.0-SNAPSHOT.jar:?]
	at org.apache.hadoop.ozone.om.OzoneManager.getFileStatus(OzoneManager.java:3513) ~[ozone-manager-1.4.0-SNAPSHOT.jar:?]
	at org.apache.hadoop.ozone.protocolPB.OzoneManagerRequestHandler.getOzoneFileStatus(OzoneManagerRequestHandler.java:973) ~[ozone-manager-1.4.0-SNAPSHOT.jar:?]
	at org.apache.hadoop.ozone.protocolPB.OzoneManagerRequestHandler.handleReadRequest(OzoneManagerRequestHandler.java:252) ~[ozone-manager-1.4.0-SNAPSHOT.jar:?]
	at org.apache.hadoop.ozone.protocolPB.OzoneManagerProtocolServerSideTranslatorPB.submitReadRequestToOM(OzoneManagerProtocolServerSideTranslatorPB.java:225) ~[ozone-manager-1.4.0-SNAPSHOT.jar:?]
	at org.apache.hadoop.ozone.protocolPB.OzoneManagerProtocolServerSideTranslatorPB.processRequest(OzoneManagerProtocolServerSideTranslatorPB.java:179) ~[ozone-manager-1.4.0-SNAPSHOT.jar:?]
	at org.apache.hadoop.hdds.server.OzoneProtocolMessageDispatcher.processRequest(OzoneProtocolMessageDispatcher.java:87) [hdds-server-framework-1.4.0-SNAPSHOT.jar:?]
	at org.apache.hadoop.ozone.protocolPB.OzoneManagerProtocolServerSideTranslatorPB.submitRequest(OzoneManagerProtocolServerSideTranslatorPB.java:148) [ozone-manager-1.4.0-SNAPSHOT.jar:?]
	at org.apache.hadoop.ozone.protocol.proto.OzoneManagerProtocolProtos$OzoneManagerService$2.callBlockingMethod(OzoneManagerProtocolProtos.java) [ozone-interface-client-1.4.0-SNAPSHOT.jar:?]
	at org.apache.hadoop.ipc.ProtobufRpcEngine$Server.processCall(ProtobufRpcEngine.java:484) [hadoop-common-3.3.6.jar:?]
	at org.apache.hadoop.ipc.ProtobufRpcEngine2$Server$ProtoBufRpcInvoker.call(ProtobufRpcEngine2.java:595) [hadoop-common-3.3.6.jar:?]
	at org.apache.hadoop.ipc.ProtobufRpcEngine2$Server$ProtoBufRpcInvoker.call(ProtobufRpcEngine2.java:573) [hadoop-common-3.3.6.jar:?]
	at org.apache.hadoop.ipc.RPC$Server.call(RPC.java:1227) [hadoop-common-3.3.6.jar:?]
	at org.apache.hadoop.ipc.Server$RpcCall.run(Server.java:1094) [hadoop-common-3.3.6.jar:?]
	at org.apache.hadoop.ipc.Server$RpcCall.run(Server.java:1017) [hadoop-common-3.3.6.jar:?]
	at java.security.AccessController.doPrivileged(Native Method) ~[?:1.8.0_382]
	at javax.security.auth.Subject.doAs(Subject.java:422) [?:1.8.0_382]
	at org.apache.hadoop.security.UserGroupInformation.doAs(UserGroupInformation.java:1899) [hadoop-common-3.3.6.jar:?]
	at org.apache.hadoop.ipc.Server$Handler.run(Server.java:3048) [hadoop-common-3.3.6.jar:?]
09:33:54.861 [IPC Server handler 17 on default port 15110] ERROR OMAudit - user=runner | ip=127.0.0.1 | op=GET_FILE_STATUS {volume=volume01359, bucket=bucket03907, key=gdir1/dir1/child, dataSize=0, replicationConfig=null} | ret=FAILURE
org.apache.hadoop.ozone.om.exceptions.OMException: Unable to get file status: volume: volume01359 bucket: bucket03907 key: gdir1/dir1/child
	at org.apache.hadoop.ozone.om.KeyManagerImpl.getOzoneFileStatus(KeyManagerImpl.java:1195) ~[ozone-manager-1.4.0-SNAPSHOT.jar:?]
	at org.apache.hadoop.ozone.om.KeyManagerImpl.getFileStatus(KeyManagerImpl.java:1113) ~[ozone-manager-1.4.0-SNAPSHOT.jar:?]
	at org.apache.hadoop.ozone.om.OmMetadataReader.getFileStatus(OmMetadataReader.java:262) ~[ozone-manager-1.4.0-SNAPSHOT.jar:?]
	at org.apache.hadoop.ozone.om.OzoneManager.getFileStatus(OzoneManager.java:3513) ~[ozone-manager-1.4.0-SNAPSHOT.jar:?]
	at org.apache.hadoop.ozone.protocolPB.OzoneManagerRequestHandler.getOzoneFileStatus(OzoneManagerRequestHandler.java:973) ~[ozone-manager-1.4.0-SNAPSHOT.jar:?]
	at org.apache.hadoop.ozone.protocolPB.OzoneManagerRequestHandler.handleReadRequest(OzoneManagerRequestHandler.java:252) ~[ozone-manager-1.4.0-SNAPSHOT.jar:?]
	at org.apache.hadoop.ozone.protocolPB.OzoneManagerProtocolServerSideTranslatorPB.submitReadRequestToOM(OzoneManagerProtocolServerSideTranslatorPB.java:225) ~[ozone-manager-1.4.0-SNAPSHOT.jar:?]
	at org.apache.hadoop.ozone.protocolPB.OzoneManagerProtocolServerSideTranslatorPB.processRequest(OzoneManagerProtocolServerSideTranslatorPB.java:179) ~[ozone-manager-1.4.0-SNAPSHOT.jar:?]
	at org.apache.hadoop.hdds.server.OzoneProtocolMessageDispatcher.processRequest(OzoneProtocolMessageDispatcher.java:87) [hdds-server-framework-1.4.0-SNAPSHOT.jar:?]
	at org.apache.hadoop.ozone.protocolPB.OzoneManagerProtocolServerSideTranslatorPB.submitRequest(OzoneManagerProtocolServerSideTranslatorPB.java:148) [ozone-manager-1.4.0-SNAPSHOT.jar:?]
	at org.apache.hadoop.ozone.protocol.proto.OzoneManagerProtocolProtos$OzoneManagerService$2.callBlockingMethod(OzoneManagerProtocolProtos.java) [ozone-interface-client-1.4.0-SNAPSHOT.jar:?]
	at org.apache.hadoop.ipc.ProtobufRpcEngine$Server.processCall(ProtobufRpcEngine.java:484) [hadoop-common-3.3.6.jar:?]
	at org.apache.hadoop.ipc.ProtobufRpcEngine2$Server$ProtoBufRpcInvoker.call(ProtobufRpcEngine2.java:595) [hadoop-common-3.3.6.jar:?]
	at org.apache.hadoop.ipc.ProtobufRpcEngine2$Server$ProtoBufRpcInvoker.call(ProtobufRpcEngine2.java:573) [hadoop-common-3.3.6.jar:?]
	at org.apache.hadoop.ipc.RPC$Server.call(RPC.java:1227) [hadoop-common-3.3.6.jar:?]
	at org.apache.hadoop.ipc.Server$RpcCall.run(Server.java:1094) [hadoop-common-3.3.6.jar:?]
	at org.apache.hadoop.ipc.Server$RpcCall.run(Server.java:1017) [hadoop-common-3.3.6.jar:?]
	at java.security.AccessController.doPrivileged(Native Method) ~[?:1.8.0_382]
	at javax.security.auth.Subject.doAs(Subject.java:422) [?:1.8.0_382]
	at org.apache.hadoop.security.UserGroupInformation.doAs(UserGroupInformation.java:1899) [hadoop-common-3.3.6.jar:?]
	at org.apache.hadoop.ipc.Server$Handler.run(Server.java:3048) [hadoop-common-3.3.6.jar:?]
09:33:54.862 [IPC Server handler 18 on default port 15110] ERROR OMAudit - user=runner | ip=127.0.0.1 | op=GET_FILE_STATUS {volume=volume01359, bucket=bucket03907, key=gdir1/dir2, dataSize=0, replicationConfig=null} | ret=FAILURE
org.apache.hadoop.ozone.om.exceptions.OMException: Unable to get file status: volume: volume01359 bucket: bucket03907 key: gdir1/dir2
	at org.apache.hadoop.ozone.om.KeyManagerImpl.getOzoneFileStatus(KeyManagerImpl.java:1195) ~[ozone-manager-1.4.0-SNAPSHOT.jar:?]
	at org.apache.hadoop.ozone.om.KeyManagerImpl.getFileStatus(KeyManagerImpl.java:1113) ~[ozone-manager-1.4.0-SNAPSHOT.jar:?]
	at org.apache.hadoop.ozone.om.OmMetadataReader.getFileStatus(OmMetadataReader.java:262) ~[ozone-manager-1.4.0-SNAPSHOT.jar:?]
	at org.apache.hadoop.ozone.om.OzoneManager.getFileStatus(OzoneManager.java:3513) ~[ozone-manager-1.4.0-SNAPSHOT.jar:?]
	at org.apache.hadoop.ozone.protocolPB.OzoneManagerRequestHandler.getOzoneFileStatus(OzoneManagerRequestHandler.java:973) ~[ozone-manager-1.4.0-SNAPSHOT.jar:?]
	at org.apache.hadoop.ozone.protocolPB.OzoneManagerRequestHandler.handleReadRequest(OzoneManagerRequestHandler.java:252) ~[ozone-manager-1.4.0-SNAPSHOT.jar:?]
	at org.apache.hadoop.ozone.protocolPB.OzoneManagerProtocolServerSideTranslatorPB.submitReadRequestToOM(OzoneManagerProtocolServerSideTranslatorPB.java:225) ~[ozone-manager-1.4.0-SNAPSHOT.jar:?]
	at org.apache.hadoop.ozone.protocolPB.OzoneManagerProtocolServerSideTranslatorPB.processRequest(OzoneManagerProtocolServerSideTranslatorPB.java:179) ~[ozone-manager-1.4.0-SNAPSHOT.jar:?]
	at org.apache.hadoop.hdds.server.OzoneProtocolMessageDispatcher.processRequest(OzoneProtocolMessageDispatcher.java:87) [hdds-server-framework-1.4.0-SNAPSHOT.jar:?]
	at org.apache.hadoop.ozone.protocolPB.OzoneManagerProtocolServerSideTranslatorPB.submitRequest(OzoneManagerProtocolServerSideTranslatorPB.java:148) [ozone-manager-1.4.0-SNAPSHOT.jar:?]
	at org.apache.hadoop.ozone.protocol.proto.OzoneManagerProtocolProtos$OzoneManagerService$2.callBlockingMethod(OzoneManagerProtocolProtos.java) [ozone-interface-client-1.4.0-SNAPSHOT.jar:?]
	at org.apache.hadoop.ipc.ProtobufRpcEngine$Server.processCall(ProtobufRpcEngine.java:484) [hadoop-common-3.3.6.jar:?]
	at org.apache.hadoop.ipc.ProtobufRpcEngine2$Server$ProtoBufRpcInvoker.call(ProtobufRpcEngine2.java:595) [hadoop-common-3.3.6.jar:?]
	at org.apache.hadoop.ipc.ProtobufRpcEngine2$Server$ProtoBufRpcInvoker.call(ProtobufRpcEngine2.java:573) [hadoop-common-3.3.6.jar:?]
	at org.apache.hadoop.ipc.RPC$Server.call(RPC.java:1227) [hadoop-common-3.3.6.jar:?]
	at org.apache.hadoop.ipc.Server$RpcCall.run(Server.java:1094) [hadoop-common-3.3.6.jar:?]
	at org.apache.hadoop.ipc.Server$RpcCall.run(Server.java:1017) [hadoop-common-3.3.6.jar:?]
	at java.security.AccessController.doPrivileged(Native Method) ~[?:1.8.0_382]
	at javax.security.auth.Subject.doAs(Subject.java:422) [?:1.8.0_382]
	at org.apache.hadoop.security.UserGroupInformation.doAs(UserGroupInformation.java:1899) [hadoop-common-3.3.6.jar:?]
	at org.apache.hadoop.ipc.Server$Handler.run(Server.java:3048) [hadoop-common-3.3.6.jar:?]
09:33:54.863 [IPC Server handler 19 on default port 15110] ERROR OMAudit - user=runner | ip=127.0.0.1 | op=GET_FILE_STATUS {volume=volume01359, bucket=bucket03907, key=gdir1/dir2/child, dataSize=0, replicationConfig=null} | ret=FAILURE
org.apache.hadoop.ozone.om.exceptions.OMException: Unable to get file status: volume: volume01359 bucket: bucket03907 key: gdir1/dir2/child
	at org.apache.hadoop.ozone.om.KeyManagerImpl.getOzoneFileStatus(KeyManagerImpl.java:1195) ~[ozone-manager-1.4.0-SNAPSHOT.jar:?]
	at org.apache.hadoop.ozone.om.KeyManagerImpl.getFileStatus(KeyManagerImpl.java:1113) ~[ozone-manager-1.4.0-SNAPSHOT.jar:?]
	at org.apache.hadoop.ozone.om.OmMetadataReader.getFileStatus(OmMetadataReader.java:262) ~[ozone-manager-1.4.0-SNAPSHOT.jar:?]
	at org.apache.hadoop.ozone.om.OzoneManager.getFileStatus(OzoneManager.java:3513) ~[ozone-manager-1.4.0-SNAPSHOT.jar:?]
	at org.apache.hadoop.ozone.protocolPB.OzoneManagerRequestHandler.getOzoneFileStatus(OzoneManagerRequestHandler.java:973) ~[ozone-manager-1.4.0-SNAPSHOT.jar:?]
	at org.apache.hadoop.ozone.protocolPB.OzoneManagerRequestHandler.handleReadRequest(OzoneManagerRequestHandler.java:252) ~[ozone-manager-1.4.0-SNAPSHOT.jar:?]
	at org.apache.hadoop.ozone.protocolPB.OzoneManagerProtocolServerSideTranslatorPB.submitReadRequestToOM(OzoneManagerProtocolServerSideTranslatorPB.java:225) ~[ozone-manager-1.4.0-SNAPSHOT.jar:?]
	at org.apache.hadoop.ozone.protocolPB.OzoneManagerProtocolServerSideTranslatorPB.processRequest(OzoneManagerProtocolServerSideTranslatorPB.java:179) ~[ozone-manager-1.4.0-SNAPSHOT.jar:?]
	at org.apache.hadoop.hdds.server.OzoneProtocolMessageDispatcher.processRequest(OzoneProtocolMessageDispatcher.java:87) [hdds-server-framework-1.4.0-SNAPSHOT.jar:?]
	at org.apache.hadoop.ozone.protocolPB.OzoneManagerProtocolServerSideTranslatorPB.submitRequest(OzoneManagerProtocolServerSideTranslatorPB.java:148) [ozone-manager-1.4.0-SNAPSHOT.jar:?]
	at org.apache.hadoop.ozone.protocol.proto.OzoneManagerProtocolProtos$OzoneManagerService$2.callBlockingMethod(OzoneManagerProtocolProtos.java) [ozone-interface-client-1.4.0-SNAPSHOT.jar:?]
	at org.apache.hadoop.ipc.ProtobufRpcEngine$Server.processCall(ProtobufRpcEngine.java:484) [hadoop-common-3.3.6.jar:?]
	at org.apache.hadoop.ipc.ProtobufRpcEngine2$Server$ProtoBufRpcInvoker.call(ProtobufRpcEngine2.java:595) [hadoop-common-3.3.6.jar:?]
	at org.apache.hadoop.ipc.ProtobufRpcEngine2$Server$ProtoBufRpcInvoker.call(ProtobufRpcEngine2.java:573) [hadoop-common-3.3.6.jar:?]
	at org.apache.hadoop.ipc.RPC$Server.call(RPC.java:1227) [hadoop-common-3.3.6.jar:?]
	at org.apache.hadoop.ipc.Server$RpcCall.run(Server.java:1094) [hadoop-common-3.3.6.jar:?]
	at org.apache.hadoop.ipc.Server$RpcCall.run(Server.java:1017) [hadoop-common-3.3.6.jar:?]
	at java.security.AccessController.doPrivileged(Native Method) ~[?:1.8.0_382]
	at javax.security.auth.Subject.doAs(Subject.java:422) [?:1.8.0_382]
	at org.apache.hadoop.security.UserGroupInformation.doAs(UserGroupInformation.java:1899) [hadoop-common-3.3.6.jar:?]
	at org.apache.hadoop.ipc.Server$Handler.run(Server.java:3048) [hadoop-common-3.3.6.jar:?]
09:33:54.864 [IPC Server handler 1 on default port 15110] ERROR OMAudit - user=runner | ip=127.0.0.1 | op=GET_FILE_STATUS {volume=volume01359, bucket=bucket03907, key=gdir1/dir3, dataSize=0, replicationConfig=null} | ret=FAILURE
org.apache.hadoop.ozone.om.exceptions.OMException: Unable to get file status: volume: volume01359 bucket: bucket03907 key: gdir1/dir3
	at org.apache.hadoop.ozone.om.KeyManagerImpl.getOzoneFileStatus(KeyManagerImpl.java:1195) ~[ozone-manager-1.4.0-SNAPSHOT.jar:?]
	at org.apache.hadoop.ozone.om.KeyManagerImpl.getFileStatus(KeyManagerImpl.java:1113) ~[ozone-manager-1.4.0-SNAPSHOT.jar:?]
	at org.apache.hadoop.ozone.om.OmMetadataReader.getFileStatus(OmMetadataReader.java:262) ~[ozone-manager-1.4.0-SNAPSHOT.jar:?]
	at org.apache.hadoop.ozone.om.OzoneManager.getFileStatus(OzoneManager.java:3513) ~[ozone-manager-1.4.0-SNAPSHOT.jar:?]
	at org.apache.hadoop.ozone.protocolPB.OzoneManagerRequestHandler.getOzoneFileStatus(OzoneManagerRequestHandler.java:973) ~[ozone-manager-1.4.0-SNAPSHOT.jar:?]
	at org.apache.hadoop.ozone.protocolPB.OzoneManagerRequestHandler.handleReadRequest(OzoneManagerRequestHandler.java:252) ~[ozone-manager-1.4.0-SNAPSHOT.jar:?]
	at org.apache.hadoop.ozone.protocolPB.OzoneManagerProtocolServerSideTranslatorPB.submitReadRequestToOM(OzoneManagerProtocolServerSideTranslatorPB.java:225) ~[ozone-manager-1.4.0-SNAPSHOT.jar:?]
	at org.apache.hadoop.ozone.protocolPB.OzoneManagerProtocolServerSideTranslatorPB.processRequest(OzoneManagerProtocolServerSideTranslatorPB.java:179) ~[ozone-manager-1.4.0-SNAPSHOT.jar:?]
	at org.apache.hadoop.hdds.server.OzoneProtocolMessageDispatcher.processRequest(OzoneProtocolMessageDispatcher.java:87) [hdds-server-framework-1.4.0-SNAPSHOT.jar:?]
	at org.apache.hadoop.ozone.protocolPB.OzoneManagerProtocolServerSideTranslatorPB.submitRequest(OzoneManagerProtocolServerSideTranslatorPB.java:148) [ozone-manager-1.4.0-SNAPSHOT.jar:?]
	at org.apache.hadoop.ozone.protocol.proto.OzoneManagerProtocolProtos$OzoneManagerService$2.callBlockingMethod(OzoneManagerProtocolProtos.java) [ozone-interface-client-1.4.0-SNAPSHOT.jar:?]
	at org.apache.hadoop.ipc.ProtobufRpcEngine$Server.processCall(ProtobufRpcEngine.java:484) [hadoop-common-3.3.6.jar:?]
	at org.apache.hadoop.ipc.ProtobufRpcEngine2$Server$ProtoBufRpcInvoker.call(ProtobufRpcEngine2.java:595) [hadoop-common-3.3.6.jar:?]
	at org.apache.hadoop.ipc.ProtobufRpcEngine2$Server$ProtoBufRpcInvoker.call(ProtobufRpcEngine2.java:573) [hadoop-common-3.3.6.jar:?]
	at org.apache.hadoop.ipc.RPC$Server.call(RPC.java:1227) [hadoop-common-3.3.6.jar:?]
	at org.apache.hadoop.ipc.Server$RpcCall.run(Server.java:1094) [hadoop-common-3.3.6.jar:?]
	at org.apache.hadoop.ipc.Server$RpcCall.run(Server.java:1017) [hadoop-common-3.3.6.jar:?]
	at java.security.AccessController.doPrivileged(Native Method) ~[?:1.8.0_382]
	at javax.security.auth.Subject.doAs(Subject.java:422) [?:1.8.0_382]
	at org.apache.hadoop.security.UserGroupInformation.doAs(UserGroupInformation.java:1899) [hadoop-common-3.3.6.jar:?]
	at org.apache.hadoop.ipc.Server$Handler.run(Server.java:3048) [hadoop-common-3.3.6.jar:?]
09:33:54.865 [IPC Server handler 0 on default port 15110] ERROR OMAudit - user=runner | ip=127.0.0.1 | op=GET_FILE_STATUS {volume=volume01359, bucket=bucket03907, key=gdir1/dir3/child, dataSize=0, replicationConfig=null} | ret=FAILURE
org.apache.hadoop.ozone.om.exceptions.OMException: Unable to get file status: volume: volume01359 bucket: bucket03907 key: gdir1/dir3/child
	at org.apache.hadoop.ozone.om.KeyManagerImpl.getOzoneFileStatus(KeyManagerImpl.java:1195) ~[ozone-manager-1.4.0-SNAPSHOT.jar:?]
	at org.apache.hadoop.ozone.om.KeyManagerImpl.getFileStatus(KeyManagerImpl.java:1113) ~[ozone-manager-1.4.0-SNAPSHOT.jar:?]
	at org.apache.hadoop.ozone.om.OmMetadataReader.getFileStatus(OmMetadataReader.java:262) ~[ozone-manager-1.4.0-SNAPSHOT.jar:?]
	at org.apache.hadoop.ozone.om.OzoneManager.getFileStatus(OzoneManager.java:3513) ~[ozone-manager-1.4.0-SNAPSHOT.jar:?]
	at org.apache.hadoop.ozone.protocolPB.OzoneManagerRequestHandler.getOzoneFileStatus(OzoneManagerRequestHandler.java:973) ~[ozone-manager-1.4.0-SNAPSHOT.jar:?]
	at org.apache.hadoop.ozone.protocolPB.OzoneManagerRequestHandler.handleReadRequest(OzoneManagerRequestHandler.java:252) ~[ozone-manager-1.4.0-SNAPSHOT.jar:?]
	at org.apache.hadoop.ozone.protocolPB.OzoneManagerProtocolServerSideTranslatorPB.submitReadRequestToOM(OzoneManagerProtocolServerSideTranslatorPB.java:225) ~[ozone-manager-1.4.0-SNAPSHOT.jar:?]
	at org.apache.hadoop.ozone.protocolPB.OzoneManagerProtocolServerSideTranslatorPB.processRequest(OzoneManagerProtocolServerSideTranslatorPB.java:179) ~[ozone-manager-1.4.0-SNAPSHOT.jar:?]
	at org.apache.hadoop.hdds.server.OzoneProtocolMessageDispatcher.processRequest(OzoneProtocolMessageDispatcher.java:87) [hdds-server-framework-1.4.0-SNAPSHOT.jar:?]
	at org.apache.hadoop.ozone.protocolPB.OzoneManagerProtocolServerSideTranslatorPB.submitRequest(OzoneManagerProtocolServerSideTranslatorPB.java:148) [ozone-manager-1.4.0-SNAPSHOT.jar:?]
	at org.apache.hadoop.ozone.protocol.proto.OzoneManagerProtocolProtos$OzoneManagerService$2.callBlockingMethod(OzoneManagerProtocolProtos.java) [ozone-interface-client-1.4.0-SNAPSHOT.jar:?]
	at org.apache.hadoop.ipc.ProtobufRpcEngine$Server.processCall(ProtobufRpcEngine.java:484) [hadoop-common-3.3.6.jar:?]
	at org.apache.hadoop.ipc.ProtobufRpcEngine2$Server$ProtoBufRpcInvoker.call(ProtobufRpcEngine2.java:595) [hadoop-common-3.3.6.jar:?]
	at org.apache.hadoop.ipc.ProtobufRpcEngine2$Server$ProtoBufRpcInvoker.call(ProtobufRpcEngine2.java:573) [hadoop-common-3.3.6.jar:?]
	at org.apache.hadoop.ipc.RPC$Server.call(RPC.java:1227) [hadoop-common-3.3.6.jar:?]
	at org.apache.hadoop.ipc.Server$RpcCall.run(Server.java:1094) [hadoop-common-3.3.6.jar:?]
	at org.apache.hadoop.ipc.Server$RpcCall.run(Server.java:1017) [hadoop-common-3.3.6.jar:?]
	at java.security.AccessController.doPrivileged(Native Method) ~[?:1.8.0_382]
	at javax.security.auth.Subject.doAs(Subject.java:422) [?:1.8.0_382]
	at org.apache.hadoop.security.UserGroupInformation.doAs(UserGroupInformation.java:1899) [hadoop-common-3.3.6.jar:?]
	at org.apache.hadoop.ipc.Server$Handler.run(Server.java:3048) [hadoop-common-3.3.6.jar:?]
09:33:54.866 [IPC Server handler 2 on default port 15110] ERROR OMAudit - user=runner | ip=127.0.0.1 | op=GET_FILE_STATUS {volume=volume01359, bucket=bucket03907, key=gdir1/dir4, dataSize=0, replicationConfig=null} | ret=FAILURE
org.apache.hadoop.ozone.om.exceptions.OMException: Unable to get file status: volume: volume01359 bucket: bucket03907 key: gdir1/dir4
	at org.apache.hadoop.ozone.om.KeyManagerImpl.getOzoneFileStatus(KeyManagerImpl.java:1195) ~[ozone-manager-1.4.0-SNAPSHOT.jar:?]
	at org.apache.hadoop.ozone.om.KeyManagerImpl.getFileStatus(KeyManagerImpl.java:1113) ~[ozone-manager-1.4.0-SNAPSHOT.jar:?]
	at org.apache.hadoop.ozone.om.OmMetadataReader.getFileStatus(OmMetadataReader.java:262) ~[ozone-manager-1.4.0-SNAPSHOT.jar:?]
	at org.apache.hadoop.ozone.om.OzoneManager.getFileStatus(OzoneManager.java:3513) ~[ozone-manager-1.4.0-SNAPSHOT.jar:?]
	at org.apache.hadoop.ozone.protocolPB.OzoneManagerRequestHandler.getOzoneFileStatus(OzoneManagerRequestHandler.java:973) ~[ozone-manager-1.4.0-SNAPSHOT.jar:?]
	at org.apache.hadoop.ozone.protocolPB.OzoneManagerRequestHandler.handleReadRequest(OzoneManagerRequestHandler.java:252) ~[ozone-manager-1.4.0-SNAPSHOT.jar:?]
	at org.apache.hadoop.ozone.protocolPB.OzoneManagerProtocolServerSideTranslatorPB.submitReadRequestToOM(OzoneManagerProtocolServerSideTranslatorPB.java:225) ~[ozone-manager-1.4.0-SNAPSHOT.jar:?]
	at org.apache.hadoop.ozone.protocolPB.OzoneManagerProtocolServerSideTranslatorPB.processRequest(OzoneManagerProtocolServerSideTranslatorPB.java:179) ~[ozone-manager-1.4.0-SNAPSHOT.jar:?]
	at org.apache.hadoop.hdds.server.OzoneProtocolMessageDispatcher.processRequest(OzoneProtocolMessageDispatcher.java:87) [hdds-server-framework-1.4.0-SNAPSHOT.jar:?]
	at org.apache.hadoop.ozone.protocolPB.OzoneManagerProtocolServerSideTranslatorPB.submitRequest(OzoneManagerProtocolServerSideTranslatorPB.java:148) [ozone-manager-1.4.0-SNAPSHOT.jar:?]
	at org.apache.hadoop.ozone.protocol.proto.OzoneManagerProtocolProtos$OzoneManagerService$2.callBlockingMethod(OzoneManagerProtocolProtos.java) [ozone-interface-client-1.4.0-SNAPSHOT.jar:?]
	at org.apache.hadoop.ipc.ProtobufRpcEngine$Server.processCall(ProtobufRpcEngine.java:484) [hadoop-common-3.3.6.jar:?]
	at org.apache.hadoop.ipc.ProtobufRpcEngine2$Server$ProtoBufRpcInvoker.call(ProtobufRpcEngine2.java:595) [hadoop-common-3.3.6.jar:?]
	at org.apache.hadoop.ipc.ProtobufRpcEngine2$Server$ProtoBufRpcInvoker.call(ProtobufRpcEngine2.java:573) [hadoop-common-3.3.6.jar:?]
	at org.apache.hadoop.ipc.RPC$Server.call(RPC.java:1227) [hadoop-common-3.3.6.jar:?]
	at org.apache.hadoop.ipc.Server$RpcCall.run(Server.java:1094) [hadoop-common-3.3.6.jar:?]
	at org.apache.hadoop.ipc.Server$RpcCall.run(Server.java:1017) [hadoop-common-3.3.6.jar:?]
	at java.security.AccessController.doPrivileged(Native Method) ~[?:1.8.0_382]
	at javax.security.auth.Subject.doAs(Subject.java:422) [?:1.8.0_382]
	at org.apache.hadoop.security.UserGroupInformation.doAs(UserGroupInformation.java:1899) [hadoop-common-3.3.6.jar:?]
	at org.apache.hadoop.ipc.Server$Handler.run(Server.java:3048) [hadoop-common-3.3.6.jar:?]
09:33:54.867 [IPC Server handler 4 on default port 15110] ERROR OMAudit - user=runner | ip=127.0.0.1 | op=GET_FILE_STATUS {volume=volume01359, bucket=bucket03907, key=gdir1/dir4/child, dataSize=0, replicationConfig=null} | ret=FAILURE
org.apache.hadoop.ozone.om.exceptions.OMException: Unable to get file status: volume: volume01359 bucket: bucket03907 key: gdir1/dir4/child
	at org.apache.hadoop.ozone.om.KeyManagerImpl.getOzoneFileStatus(KeyManagerImpl.java:1195) ~[ozone-manager-1.4.0-SNAPSHOT.jar:?]
	at org.apache.hadoop.ozone.om.KeyManagerImpl.getFileStatus(KeyManagerImpl.java:1113) ~[ozone-manager-1.4.0-SNAPSHOT.jar:?]
	at org.apache.hadoop.ozone.om.OmMetadataReader.getFileStatus(OmMetadataReader.java:262) ~[ozone-manager-1.4.0-SNAPSHOT.jar:?]
	at org.apache.hadoop.ozone.om.OzoneManager.getFileStatus(OzoneManager.java:3513) ~[ozone-manager-1.4.0-SNAPSHOT.jar:?]
	at org.apache.hadoop.ozone.protocolPB.OzoneManagerRequestHandler.getOzoneFileStatus(OzoneManagerRequestHandler.java:973) ~[ozone-manager-1.4.0-SNAPSHOT.jar:?]
	at org.apache.hadoop.ozone.protocolPB.OzoneManagerRequestHandler.handleReadRequest(OzoneManagerRequestHandler.java:252) ~[ozone-manager-1.4.0-SNAPSHOT.jar:?]
	at org.apache.hadoop.ozone.protocolPB.OzoneManagerProtocolServerSideTranslatorPB.submitReadRequestToOM(OzoneManagerProtocolServerSideTranslatorPB.java:225) ~[ozone-manager-1.4.0-SNAPSHOT.jar:?]
	at org.apache.hadoop.ozone.protocolPB.OzoneManagerProtocolServerSideTranslatorPB.processRequest(OzoneManagerProtocolServerSideTranslatorPB.java:179) ~[ozone-manager-1.4.0-SNAPSHOT.jar:?]
	at org.apache.hadoop.hdds.server.OzoneProtocolMessageDispatcher.processRequest(OzoneProtocolMessageDispatcher.java:87) [hdds-server-framework-1.4.0-SNAPSHOT.jar:?]
	at org.apache.hadoop.ozone.protocolPB.OzoneManagerProtocolServerSideTranslatorPB.submitRequest(OzoneManagerProtocolServerSideTranslatorPB.java:148) [ozone-manager-1.4.0-SNAPSHOT.jar:?]
	at org.apache.hadoop.ozone.protocol.proto.OzoneManagerProtocolProtos$OzoneManagerService$2.callBlockingMethod(OzoneManagerProtocolProtos.java) [ozone-interface-client-1.4.0-SNAPSHOT.jar:?]
	at org.apache.hadoop.ipc.ProtobufRpcEngine$Server.processCall(ProtobufRpcEngine.java:484) [hadoop-common-3.3.6.jar:?]
	at org.apache.hadoop.ipc.ProtobufRpcEngine2$Server$ProtoBufRpcInvoker.call(ProtobufRpcEngine2.java:595) [hadoop-common-3.3.6.jar:?]
	at org.apache.hadoop.ipc.ProtobufRpcEngine2$Server$ProtoBufRpcInvoker.call(ProtobufRpcEngine2.java:573) [hadoop-common-3.3.6.jar:?]
	at org.apache.hadoop.ipc.RPC$Server.call(RPC.java:1227) [hadoop-common-3.3.6.jar:?]
	at org.apache.hadoop.ipc.Server$RpcCall.run(Server.java:1094) [hadoop-common-3.3.6.jar:?]
	at org.apache.hadoop.ipc.Server$RpcCall.run(Server.java:1017) [hadoop-common-3.3.6.jar:?]
	at java.security.AccessController.doPrivileged(Native Method) ~[?:1.8.0_382]
	at javax.security.auth.Subject.doAs(Subject.java:422) [?:1.8.0_382]
	at org.apache.hadoop.security.UserGroupInformation.doAs(UserGroupInformation.java:1899) [hadoop-common-3.3.6.jar:?]
	at org.apache.hadoop.ipc.Server$Handler.run(Server.java:3048) [hadoop-common-3.3.6.jar:?]
09:33:54.868 [IPC Server handler 3 on default port 15110] ERROR OMAudit - user=runner | ip=127.0.0.1 | op=GET_FILE_STATUS {volume=volume01359, bucket=bucket03907, key=gdir1/dir5, dataSize=0, replicationConfig=null} | ret=FAILURE
org.apache.hadoop.ozone.om.exceptions.OMException: Unable to get file status: volume: volume01359 bucket: bucket03907 key: gdir1/dir5
	at org.apache.hadoop.ozone.om.KeyManagerImpl.getOzoneFileStatus(KeyManagerImpl.java:1195) ~[ozone-manager-1.4.0-SNAPSHOT.jar:?]
	at org.apache.hadoop.ozone.om.KeyManagerImpl.getFileStatus(KeyManagerImpl.java:1113) ~[ozone-manager-1.4.0-SNAPSHOT.jar:?]
	at org.apache.hadoop.ozone.om.OmMetadataReader.getFileStatus(OmMetadataReader.java:262) ~[ozone-manager-1.4.0-SNAPSHOT.jar:?]
	at org.apache.hadoop.ozone.om.OzoneManager.getFileStatus(OzoneManager.java:3513) ~[ozone-manager-1.4.0-SNAPSHOT.jar:?]
	at org.apache.hadoop.ozone.protocolPB.OzoneManagerRequestHandler.getOzoneFileStatus(OzoneManagerRequestHandler.java:973) ~[ozone-manager-1.4.0-SNAPSHOT.jar:?]
	at org.apache.hadoop.ozone.protocolPB.OzoneManagerRequestHandler.handleReadRequest(OzoneManagerRequestHandler.java:252) ~[ozone-manager-1.4.0-SNAPSHOT.jar:?]
	at org.apache.hadoop.ozone.protocolPB.OzoneManagerProtocolServerSideTranslatorPB.submitReadRequestToOM(OzoneManagerProtocolServerSideTranslatorPB.java:225) ~[ozone-manager-1.4.0-SNAPSHOT.jar:?]
	at org.apache.hadoop.ozone.protocolPB.OzoneManagerProtocolServerSideTranslatorPB.processRequest(OzoneManagerProtocolServerSideTranslatorPB.java:179) ~[ozone-manager-1.4.0-SNAPSHOT.jar:?]
	at org.apache.hadoop.hdds.server.OzoneProtocolMessageDispatcher.processRequest(OzoneProtocolMessageDispatcher.java:87) [hdds-server-framework-1.4.0-SNAPSHOT.jar:?]
	at org.apache.hadoop.ozone.protocolPB.OzoneManagerProtocolServerSideTranslatorPB.submitRequest(OzoneManagerProtocolServerSideTranslatorPB.java:148) [ozone-manager-1.4.0-SNAPSHOT.jar:?]
	at org.apache.hadoop.ozone.protocol.proto.OzoneManagerProtocolProtos$OzoneManagerService$2.callBlockingMethod(OzoneManagerProtocolProtos.java) [ozone-interface-client-1.4.0-SNAPSHOT.jar:?]
	at org.apache.hadoop.ipc.ProtobufRpcEngine$Server.processCall(ProtobufRpcEngine.java:484) [hadoop-common-3.3.6.jar:?]
	at org.apache.hadoop.ipc.ProtobufRpcEngine2$Server$ProtoBufRpcInvoker.call(ProtobufRpcEngine2.java:595) [hadoop-common-3.3.6.jar:?]
	at org.apache.hadoop.ipc.ProtobufRpcEngine2$Server$ProtoBufRpcInvoker.call(ProtobufRpcEngine2.java:573) [hadoop-common-3.3.6.jar:?]
	at org.apache.hadoop.ipc.RPC$Server.call(RPC.java:1227) [hadoop-common-3.3.6.jar:?]
	at org.apache.hadoop.ipc.Server$RpcCall.run(Server.java:1094) [hadoop-common-3.3.6.jar:?]
	at org.apache.hadoop.ipc.Server$RpcCall.run(Server.java:1017) [hadoop-common-3.3.6.jar:?]
	at java.security.AccessController.doPrivileged(Native Method) ~[?:1.8.0_382]
	at javax.security.auth.Subject.doAs(Subject.java:422) [?:1.8.0_382]
	at org.apache.hadoop.security.UserGroupInformation.doAs(UserGroupInformation.java:1899) [hadoop-common-3.3.6.jar:?]
	at org.apache.hadoop.ipc.Server$Handler.run(Server.java:3048) [hadoop-common-3.3.6.jar:?]
09:33:54.869 [IPC Server handler 5 on default port 15110] ERROR OMAudit - user=runner | ip=127.0.0.1 | op=GET_FILE_STATUS {volume=volume01359, bucket=bucket03907, key=gdir1/dir5/child, dataSize=0, replicationConfig=null} | ret=FAILURE
org.apache.hadoop.ozone.om.exceptions.OMException: Unable to get file status: volume: volume01359 bucket: bucket03907 key: gdir1/dir5/child
	at org.apache.hadoop.ozone.om.KeyManagerImpl.getOzoneFileStatus(KeyManagerImpl.java:1195) ~[ozone-manager-1.4.0-SNAPSHOT.jar:?]
	at org.apache.hadoop.ozone.om.KeyManagerImpl.getFileStatus(KeyManagerImpl.java:1113) ~[ozone-manager-1.4.0-SNAPSHOT.jar:?]
	at org.apache.hadoop.ozone.om.OmMetadataReader.getFileStatus(OmMetadataReader.java:262) ~[ozone-manager-1.4.0-SNAPSHOT.jar:?]
	at org.apache.hadoop.ozone.om.OzoneManager.getFileStatus(OzoneManager.java:3513) ~[ozone-manager-1.4.0-SNAPSHOT.jar:?]
	at org.apache.hadoop.ozone.protocolPB.OzoneManagerRequestHandler.getOzoneFileStatus(OzoneManagerRequestHandler.java:973) ~[ozone-manager-1.4.0-SNAPSHOT.jar:?]
	at org.apache.hadoop.ozone.protocolPB.OzoneManagerRequestHandler.handleReadRequest(OzoneManagerRequestHandler.java:252) ~[ozone-manager-1.4.0-SNAPSHOT.jar:?]
	at org.apache.hadoop.ozone.protocolPB.OzoneManagerProtocolServerSideTranslatorPB.submitReadRequestToOM(OzoneManagerProtocolServerSideTranslatorPB.java:225) ~[ozone-manager-1.4.0-SNAPSHOT.jar:?]
	at org.apache.hadoop.ozone.protocolPB.OzoneManagerProtocolServerSideTranslatorPB.processRequest(OzoneManagerProtocolServerSideTranslatorPB.java:179) ~[ozone-manager-1.4.0-SNAPSHOT.jar:?]
	at org.apache.hadoop.hdds.server.OzoneProtocolMessageDispatcher.processRequest(OzoneProtocolMessageDispatcher.java:87) [hdds-server-framework-1.4.0-SNAPSHOT.jar:?]
	at org.apache.hadoop.ozone.protocolPB.OzoneManagerProtocolServerSideTranslatorPB.submitRequest(OzoneManagerProtocolServerSideTranslatorPB.java:148) [ozone-manager-1.4.0-SNAPSHOT.jar:?]
	at org.apache.hadoop.ozone.protocol.proto.OzoneManagerProtocolProtos$OzoneManagerService$2.callBlockingMethod(OzoneManagerProtocolProtos.java) [ozone-interface-client-1.4.0-SNAPSHOT.jar:?]
	at org.apache.hadoop.ipc.ProtobufRpcEngine$Server.processCall(ProtobufRpcEngine.java:484) [hadoop-common-3.3.6.jar:?]
	at org.apache.hadoop.ipc.ProtobufRpcEngine2$Server$ProtoBufRpcInvoker.call(ProtobufRpcEngine2.java:595) [hadoop-common-3.3.6.jar:?]
	at org.apache.hadoop.ipc.ProtobufRpcEngine2$Server$ProtoBufRpcInvoker.call(ProtobufRpcEngine2.java:573) [hadoop-common-3.3.6.jar:?]
	at org.apache.hadoop.ipc.RPC$Server.call(RPC.java:1227) [hadoop-common-3.3.6.jar:?]
	at org.apache.hadoop.ipc.Server$RpcCall.run(Server.java:1094) [hadoop-common-3.3.6.jar:?]
	at org.apache.hadoop.ipc.Server$RpcCall.run(Server.java:1017) [hadoop-common-3.3.6.jar:?]
	at java.security.AccessController.doPrivileged(Native Method) ~[?:1.8.0_382]
	at javax.security.auth.Subject.doAs(Subject.java:422) [?:1.8.0_382]
	at org.apache.hadoop.security.UserGroupInformation.doAs(UserGroupInformation.java:1899) [hadoop-common-3.3.6.jar:?]
	at org.apache.hadoop.ipc.Server$Handler.run(Server.java:3048) [hadoop-common-3.3.6.jar:?]
09:33:54.870 [IPC Server handler 6 on default port 15110] ERROR OMAudit - user=runner | ip=127.0.0.1 | op=GET_FILE_STATUS {volume=volume01359, bucket=bucket03907, key=gdir1/dir6, dataSize=0, replicationConfig=null} | ret=FAILURE
org.apache.hadoop.ozone.om.exceptions.OMException: Unable to get file status: volume: volume01359 bucket: bucket03907 key: gdir1/dir6
	at org.apache.hadoop.ozone.om.KeyManagerImpl.getOzoneFileStatus(KeyManagerImpl.java:1195) ~[ozone-manager-1.4.0-SNAPSHOT.jar:?]
	at org.apache.hadoop.ozone.om.KeyManagerImpl.getFileStatus(KeyManagerImpl.java:1113) ~[ozone-manager-1.4.0-SNAPSHOT.jar:?]
	at org.apache.hadoop.ozone.om.OmMetadataReader.getFileStatus(OmMetadataReader.java:262) ~[ozone-manager-1.4.0-SNAPSHOT.jar:?]
	at org.apache.hadoop.ozone.om.OzoneManager.getFileStatus(OzoneManager.java:3513) ~[ozone-manager-1.4.0-SNAPSHOT.jar:?]
	at org.apache.hadoop.ozone.protocolPB.OzoneManagerRequestHandler.getOzoneFileStatus(OzoneManagerRequestHandler.java:973) ~[ozone-manager-1.4.0-SNAPSHOT.jar:?]
	at org.apache.hadoop.ozone.protocolPB.OzoneManagerRequestHandler.handleReadRequest(OzoneManagerRequestHandler.java:252) ~[ozone-manager-1.4.0-SNAPSHOT.jar:?]
	at org.apache.hadoop.ozone.protocolPB.OzoneManagerProtocolServerSideTranslatorPB.submitReadRequestToOM(OzoneManagerProtocolServerSideTranslatorPB.java:225) ~[ozone-manager-1.4.0-SNAPSHOT.jar:?]
	at org.apache.hadoop.ozone.protocolPB.OzoneManagerProtocolServerSideTranslatorPB.processRequest(OzoneManagerProtocolServerSideTranslatorPB.java:179) ~[ozone-manager-1.4.0-SNAPSHOT.jar:?]
	at org.apache.hadoop.hdds.server.OzoneProtocolMessageDispatcher.processRequest(OzoneProtocolMessageDispatcher.java:87) [hdds-server-framework-1.4.0-SNAPSHOT.jar:?]
	at org.apache.hadoop.ozone.protocolPB.OzoneManagerProtocolServerSideTranslatorPB.submitRequest(OzoneManagerProtocolServerSideTranslatorPB.java:148) [ozone-manager-1.4.0-SNAPSHOT.jar:?]
	at org.apache.hadoop.ozone.protocol.proto.OzoneManagerProtocolProtos$OzoneManagerService$2.callBlockingMethod(OzoneManagerProtocolProtos.java) [ozone-interface-client-1.4.0-SNAPSHOT.jar:?]
	at org.apache.hadoop.ipc.ProtobufRpcEngine$Server.processCall(ProtobufRpcEngine.java:484) [hadoop-common-3.3.6.jar:?]
	at org.apache.hadoop.ipc.ProtobufRpcEngine2$Server$ProtoBufRpcInvoker.call(ProtobufRpcEngine2.java:595) [hadoop-common-3.3.6.jar:?]
	at org.apache.hadoop.ipc.ProtobufRpcEngine2$Server$ProtoBufRpcInvoker.call(ProtobufRpcEngine2.java:573) [hadoop-common-3.3.6.jar:?]
	at org.apache.hadoop.ipc.RPC$Server.call(RPC.java:1227) [hadoop-common-3.3.6.jar:?]
	at org.apache.hadoop.ipc.Server$RpcCall.run(Server.java:1094) [hadoop-common-3.3.6.jar:?]
	at org.apache.hadoop.ipc.Server$RpcCall.run(Server.java:1017) [hadoop-common-3.3.6.jar:?]
	at java.security.AccessController.doPrivileged(Native Method) ~[?:1.8.0_382]
	at javax.security.auth.Subject.doAs(Subject.java:422) [?:1.8.0_382]
	at org.apache.hadoop.security.UserGroupInformation.doAs(UserGroupInformation.java:1899) [hadoop-common-3.3.6.jar:?]
	at org.apache.hadoop.ipc.Server$Handler.run(Server.java:3048) [hadoop-common-3.3.6.jar:?]
09:33:54.871 [IPC Server handler 7 on default port 15110] ERROR OMAudit - user=runner | ip=127.0.0.1 | op=GET_FILE_STATUS {volume=volume01359, bucket=bucket03907, key=gdir1/dir6/child, dataSize=0, replicationConfig=null} | ret=FAILURE
org.apache.hadoop.ozone.om.exceptions.OMException: Unable to get file status: volume: volume01359 bucket: bucket03907 key: gdir1/dir6/child
	at org.apache.hadoop.ozone.om.KeyManagerImpl.getOzoneFileStatus(KeyManagerImpl.java:1195) ~[ozone-manager-1.4.0-SNAPSHOT.jar:?]
	at org.apache.hadoop.ozone.om.KeyManagerImpl.getFileStatus(KeyManagerImpl.java:1113) ~[ozone-manager-1.4.0-SNAPSHOT.jar:?]
	at org.apache.hadoop.ozone.om.OmMetadataReader.getFileStatus(OmMetadataReader.java:262) ~[ozone-manager-1.4.0-SNAPSHOT.jar:?]
	at org.apache.hadoop.ozone.om.OzoneManager.getFileStatus(OzoneManager.java:3513) ~[ozone-manager-1.4.0-SNAPSHOT.jar:?]
	at org.apache.hadoop.ozone.protocolPB.OzoneManagerRequestHandler.getOzoneFileStatus(OzoneManagerRequestHandler.java:973) ~[ozone-manager-1.4.0-SNAPSHOT.jar:?]
	at org.apache.hadoop.ozone.protocolPB.OzoneManagerRequestHandler.handleReadRequest(OzoneManagerRequestHandler.java:252) ~[ozone-manager-1.4.0-SNAPSHOT.jar:?]
	at org.apache.hadoop.ozone.protocolPB.OzoneManagerProtocolServerSideTranslatorPB.submitReadRequestToOM(OzoneManagerProtocolServerSideTranslatorPB.java:225) ~[ozone-manager-1.4.0-SNAPSHOT.jar:?]
	at org.apache.hadoop.ozone.protocolPB.OzoneManagerProtocolServerSideTranslatorPB.processRequest(OzoneManagerProtocolServerSideTranslatorPB.java:179) ~[ozone-manager-1.4.0-SNAPSHOT.jar:?]
	at org.apache.hadoop.hdds.server.OzoneProtocolMessageDispatcher.processRequest(OzoneProtocolMessageDispatcher.java:87) [hdds-server-framework-1.4.0-SNAPSHOT.jar:?]
	at org.apache.hadoop.ozone.protocolPB.OzoneManagerProtocolServerSideTranslatorPB.submitRequest(OzoneManagerProtocolServerSideTranslatorPB.java:148) [ozone-manager-1.4.0-SNAPSHOT.jar:?]
	at org.apache.hadoop.ozone.protocol.proto.OzoneManagerProtocolProtos$OzoneManagerService$2.callBlockingMethod(OzoneManagerProtocolProtos.java) [ozone-interface-client-1.4.0-SNAPSHOT.jar:?]
	at org.apache.hadoop.ipc.ProtobufRpcEngine$Server.processCall(ProtobufRpcEngine.java:484) [hadoop-common-3.3.6.jar:?]
	at org.apache.hadoop.ipc.ProtobufRpcEngine2$Server$ProtoBufRpcInvoker.call(ProtobufRpcEngine2.java:595) [hadoop-common-3.3.6.jar:?]
	at org.apache.hadoop.ipc.ProtobufRpcEngine2$Server$ProtoBufRpcInvoker.call(ProtobufRpcEngine2.java:573) [hadoop-common-3.3.6.jar:?]
	at org.apache.hadoop.ipc.RPC$Server.call(RPC.java:1227) [hadoop-common-3.3.6.jar:?]
	at org.apache.hadoop.ipc.Server$RpcCall.run(Server.java:1094) [hadoop-common-3.3.6.jar:?]
	at org.apache.hadoop.ipc.Server$RpcCall.run(Server.java:1017) [hadoop-common-3.3.6.jar:?]
	at java.security.AccessController.doPrivileged(Native Method) ~[?:1.8.0_382]
	at javax.security.auth.Subject.doAs(Subject.java:422) [?:1.8.0_382]
	at org.apache.hadoop.security.UserGroupInformation.doAs(UserGroupInformation.java:1899) [hadoop-common-3.3.6.jar:?]
	at org.apache.hadoop.ipc.Server$Handler.run(Server.java:3048) [hadoop-common-3.3.6.jar:?]
09:33:54.872 [IPC Server handler 8 on default port 15110] ERROR OMAudit - user=runner | ip=127.0.0.1 | op=GET_FILE_STATUS {volume=volume01359, bucket=bucket03907, key=gdir1/dir7, dataSize=0, replicationConfig=null} | ret=FAILURE
org.apache.hadoop.ozone.om.exceptions.OMException: Unable to get file status: volume: volume01359 bucket: bucket03907 key: gdir1/dir7
	at org.apache.hadoop.ozone.om.KeyManagerImpl.getOzoneFileStatus(KeyManagerImpl.java:1195) ~[ozone-manager-1.4.0-SNAPSHOT.jar:?]
	at org.apache.hadoop.ozone.om.KeyManagerImpl.getFileStatus(KeyManagerImpl.java:1113) ~[ozone-manager-1.4.0-SNAPSHOT.jar:?]
	at org.apache.hadoop.ozone.om.OmMetadataReader.getFileStatus(OmMetadataReader.java:262) ~[ozone-manager-1.4.0-SNAPSHOT.jar:?]
	at org.apache.hadoop.ozone.om.OzoneManager.getFileStatus(OzoneManager.java:3513) ~[ozone-manager-1.4.0-SNAPSHOT.jar:?]
	at org.apache.hadoop.ozone.protocolPB.OzoneManagerRequestHandler.getOzoneFileStatus(OzoneManagerRequestHandler.java:973) ~[ozone-manager-1.4.0-SNAPSHOT.jar:?]
	at org.apache.hadoop.ozone.protocolPB.OzoneManagerRequestHandler.handleReadRequest(OzoneManagerRequestHandler.java:252) ~[ozone-manager-1.4.0-SNAPSHOT.jar:?]
	at org.apache.hadoop.ozone.protocolPB.OzoneManagerProtocolServerSideTranslatorPB.submitReadRequestToOM(OzoneManagerProtocolServerSideTranslatorPB.java:225) ~[ozone-manager-1.4.0-SNAPSHOT.jar:?]
	at org.apache.hadoop.ozone.protocolPB.OzoneManagerProtocolServerSideTranslatorPB.processRequest(OzoneManagerProtocolServerSideTranslatorPB.java:179) ~[ozone-manager-1.4.0-SNAPSHOT.jar:?]
	at org.apache.hadoop.hdds.server.OzoneProtocolMessageDispatcher.processRequest(OzoneProtocolMessageDispatcher.java:87) [hdds-server-framework-1.4.0-SNAPSHOT.jar:?]
	at org.apache.hadoop.ozone.protocolPB.OzoneManagerProtocolServerSideTranslatorPB.submitRequest(OzoneManagerProtocolServerSideTranslatorPB.java:148) [ozone-manager-1.4.0-SNAPSHOT.jar:?]
	at org.apache.hadoop.ozone.protocol.proto.OzoneManagerProtocolProtos$OzoneManagerService$2.callBlockingMethod(OzoneManagerProtocolProtos.java) [ozone-interface-client-1.4.0-SNAPSHOT.jar:?]
	at org.apache.hadoop.ipc.ProtobufRpcEngine$Server.processCall(ProtobufRpcEngine.java:484) [hadoop-common-3.3.6.jar:?]
	at org.apache.hadoop.ipc.ProtobufRpcEngine2$Server$ProtoBufRpcInvoker.call(ProtobufRpcEngine2.java:595) [hadoop-common-3.3.6.jar:?]
	at org.apache.hadoop.ipc.ProtobufRpcEngine2$Server$ProtoBufRpcInvoker.call(ProtobufRpcEngine2.java:573) [hadoop-common-3.3.6.jar:?]
	at org.apache.hadoop.ipc.RPC$Server.call(RPC.java:1227) [hadoop-common-3.3.6.jar:?]
	at org.apache.hadoop.ipc.Server$RpcCall.run(Server.java:1094) [hadoop-common-3.3.6.jar:?]
	at org.apache.hadoop.ipc.Server$RpcCall.run(Server.java:1017) [hadoop-common-3.3.6.jar:?]
	at java.security.AccessController.doPrivileged(Native Method) ~[?:1.8.0_382]
	at javax.security.auth.Subject.doAs(Subject.java:422) [?:1.8.0_382]
	at org.apache.hadoop.security.UserGroupInformation.doAs(UserGroupInformation.java:1899) [hadoop-common-3.3.6.jar:?]
	at org.apache.hadoop.ipc.Server$Handler.run(Server.java:3048) [hadoop-common-3.3.6.jar:?]
09:33:54.873 [IPC Server handler 9 on default port 15110] ERROR OMAudit - user=runner | ip=127.0.0.1 | op=GET_FILE_STATUS {volume=volume01359, bucket=bucket03907, key=gdir1/dir7/child, dataSize=0, replicationConfig=null} | ret=FAILURE
org.apache.hadoop.ozone.om.exceptions.OMException: Unable to get file status: volume: volume01359 bucket: bucket03907 key: gdir1/dir7/child
	at org.apache.hadoop.ozone.om.KeyManagerImpl.getOzoneFileStatus(KeyManagerImpl.java:1195) ~[ozone-manager-1.4.0-SNAPSHOT.jar:?]
	at org.apache.hadoop.ozone.om.KeyManagerImpl.getFileStatus(KeyManagerImpl.java:1113) ~[ozone-manager-1.4.0-SNAPSHOT.jar:?]
	at org.apache.hadoop.ozone.om.OmMetadataReader.getFileStatus(OmMetadataReader.java:262) ~[ozone-manager-1.4.0-SNAPSHOT.jar:?]
	at org.apache.hadoop.ozone.om.OzoneManager.getFileStatus(OzoneManager.java:3513) ~[ozone-manager-1.4.0-SNAPSHOT.jar:?]
	at org.apache.hadoop.ozone.protocolPB.OzoneManagerRequestHandler.getOzoneFileStatus(OzoneManagerRequestHandler.java:973) ~[ozone-manager-1.4.0-SNAPSHOT.jar:?]
	at org.apache.hadoop.ozone.protocolPB.OzoneManagerRequestHandler.handleReadRequest(OzoneManagerRequestHandler.java:252) ~[ozone-manager-1.4.0-SNAPSHOT.jar:?]
	at org.apache.hadoop.ozone.protocolPB.OzoneManagerProtocolServerSideTranslatorPB.submitReadRequestToOM(OzoneManagerProtocolServerSideTranslatorPB.java:225) ~[ozone-manager-1.4.0-SNAPSHOT.jar:?]
	at org.apache.hadoop.ozone.protocolPB.OzoneManagerProtocolServerSideTranslatorPB.processRequest(OzoneManagerProtocolServerSideTranslatorPB.java:179) ~[ozone-manager-1.4.0-SNAPSHOT.jar:?]
	at org.apache.hadoop.hdds.server.OzoneProtocolMessageDispatcher.processRequest(OzoneProtocolMessageDispatcher.java:87) [hdds-server-framework-1.4.0-SNAPSHOT.jar:?]
	at org.apache.hadoop.ozone.protocolPB.OzoneManagerProtocolServerSideTranslatorPB.submitRequest(OzoneManagerProtocolServerSideTranslatorPB.java:148) [ozone-manager-1.4.0-SNAPSHOT.jar:?]
	at org.apache.hadoop.ozone.protocol.proto.OzoneManagerProtocolProtos$OzoneManagerService$2.callBlockingMethod(OzoneManagerProtocolProtos.java) [ozone-interface-client-1.4.0-SNAPSHOT.jar:?]
	at org.apache.hadoop.ipc.ProtobufRpcEngine$Server.processCall(ProtobufRpcEngine.java:484) [hadoop-common-3.3.6.jar:?]
	at org.apache.hadoop.ipc.ProtobufRpcEngine2$Server$ProtoBufRpcInvoker.call(ProtobufRpcEngine2.java:595) [hadoop-common-3.3.6.jar:?]
	at org.apache.hadoop.ipc.ProtobufRpcEngine2$Server$ProtoBufRpcInvoker.call(ProtobufRpcEngine2.java:573) [hadoop-common-3.3.6.jar:?]
	at org.apache.hadoop.ipc.RPC$Server.call(RPC.java:1227) [hadoop-common-3.3.6.jar:?]
	at org.apache.hadoop.ipc.Server$RpcCall.run(Server.java:1094) [hadoop-common-3.3.6.jar:?]
	at org.apache.hadoop.ipc.Server$RpcCall.run(Server.java:1017) [hadoop-common-3.3.6.jar:?]
	at java.security.AccessController.doPrivileged(Native Method) ~[?:1.8.0_382]
	at javax.security.auth.Subject.doAs(Subject.java:422) [?:1.8.0_382]
	at org.apache.hadoop.security.UserGroupInformation.doAs(UserGroupInformation.java:1899) [hadoop-common-3.3.6.jar:?]
	at org.apache.hadoop.ipc.Server$Handler.run(Server.java:3048) [hadoop-common-3.3.6.jar:?]
09:33:54.874 [IPC Server handler 11 on default port 15110] ERROR OMAudit - user=runner | ip=127.0.0.1 | op=GET_FILE_STATUS {volume=volume01359, bucket=bucket03907, key=gdir1/dir8, dataSize=0, replicationConfig=null} | ret=FAILURE
org.apache.hadoop.ozone.om.exceptions.OMException: Unable to get file status: volume: volume01359 bucket: bucket03907 key: gdir1/dir8
	at org.apache.hadoop.ozone.om.KeyManagerImpl.getOzoneFileStatus(KeyManagerImpl.java:1195) ~[ozone-manager-1.4.0-SNAPSHOT.jar:?]
	at org.apache.hadoop.ozone.om.KeyManagerImpl.getFileStatus(KeyManagerImpl.java:1113) ~[ozone-manager-1.4.0-SNAPSHOT.jar:?]
	at org.apache.hadoop.ozone.om.OmMetadataReader.getFileStatus(OmMetadataReader.java:262) ~[ozone-manager-1.4.0-SNAPSHOT.jar:?]
	at org.apache.hadoop.ozone.om.OzoneManager.getFileStatus(OzoneManager.java:3513) ~[ozone-manager-1.4.0-SNAPSHOT.jar:?]
	at org.apache.hadoop.ozone.protocolPB.OzoneManagerRequestHandler.getOzoneFileStatus(OzoneManagerRequestHandler.java:973) ~[ozone-manager-1.4.0-SNAPSHOT.jar:?]
	at org.apache.hadoop.ozone.protocolPB.OzoneManagerRequestHandler.handleReadRequest(OzoneManagerRequestHandler.java:252) ~[ozone-manager-1.4.0-SNAPSHOT.jar:?]
	at org.apache.hadoop.ozone.protocolPB.OzoneManagerProtocolServerSideTranslatorPB.submitReadRequestToOM(OzoneManagerProtocolServerSideTranslatorPB.java:225) ~[ozone-manager-1.4.0-SNAPSHOT.jar:?]
	at org.apache.hadoop.ozone.protocolPB.OzoneManagerProtocolServerSideTranslatorPB.processRequest(OzoneManagerProtocolServerSideTranslatorPB.java:179) ~[ozone-manager-1.4.0-SNAPSHOT.jar:?]
	at org.apache.hadoop.hdds.server.OzoneProtocolMessageDispatcher.processRequest(OzoneProtocolMessageDispatcher.java:87) [hdds-server-framework-1.4.0-SNAPSHOT.jar:?]
	at org.apache.hadoop.ozone.protocolPB.OzoneManagerProtocolServerSideTranslatorPB.submitRequest(OzoneManagerProtocolServerSideTranslatorPB.java:148) [ozone-manager-1.4.0-SNAPSHOT.jar:?]
	at org.apache.hadoop.ozone.protocol.proto.OzoneManagerProtocolProtos$OzoneManagerService$2.callBlockingMethod(OzoneManagerProtocolProtos.java) [ozone-interface-client-1.4.0-SNAPSHOT.jar:?]
	at org.apache.hadoop.ipc.ProtobufRpcEngine$Server.processCall(ProtobufRpcEngine.java:484) [hadoop-common-3.3.6.jar:?]
	at org.apache.hadoop.ipc.ProtobufRpcEngine2$Server$ProtoBufRpcInvoker.call(ProtobufRpcEngine2.java:595) [hadoop-common-3.3.6.jar:?]
	at org.apache.hadoop.ipc.ProtobufRpcEngine2$Server$ProtoBufRpcInvoker.call(ProtobufRpcEngine2.java:573) [hadoop-common-3.3.6.jar:?]
	at org.apache.hadoop.ipc.RPC$Server.call(RPC.java:1227) [hadoop-common-3.3.6.jar:?]
	at org.apache.hadoop.ipc.Server$RpcCall.run(Server.java:1094) [hadoop-common-3.3.6.jar:?]
	at org.apache.hadoop.ipc.Server$RpcCall.run(Server.java:1017) [hadoop-common-3.3.6.jar:?]
	at java.security.AccessController.doPrivileged(Native Method) ~[?:1.8.0_382]
	at javax.security.auth.Subject.doAs(Subject.java:422) [?:1.8.0_382]
	at org.apache.hadoop.security.UserGroupInformation.doAs(UserGroupInformation.java:1899) [hadoop-common-3.3.6.jar:?]
	at org.apache.hadoop.ipc.Server$Handler.run(Server.java:3048) [hadoop-common-3.3.6.jar:?]
09:33:54.876 [IPC Server handler 10 on default port 15110] ERROR OMAudit - user=runner | ip=127.0.0.1 | op=GET_FILE_STATUS {volume=volume01359, bucket=bucket03907, key=gdir1/dir8/child, dataSize=0, replicationConfig=null} | ret=FAILURE
org.apache.hadoop.ozone.om.exceptions.OMException: Unable to get file status: volume: volume01359 bucket: bucket03907 key: gdir1/dir8/child
	at org.apache.hadoop.ozone.om.KeyManagerImpl.getOzoneFileStatus(KeyManagerImpl.java:1195) ~[ozone-manager-1.4.0-SNAPSHOT.jar:?]
	at org.apache.hadoop.ozone.om.KeyManagerImpl.getFileStatus(KeyManagerImpl.java:1113) ~[ozone-manager-1.4.0-SNAPSHOT.jar:?]
	at org.apache.hadoop.ozone.om.OmMetadataReader.getFileStatus(OmMetadataReader.java:262) ~[ozone-manager-1.4.0-SNAPSHOT.jar:?]
	at org.apache.hadoop.ozone.om.OzoneManager.getFileStatus(OzoneManager.java:3513) ~[ozone-manager-1.4.0-SNAPSHOT.jar:?]
	at org.apache.hadoop.ozone.protocolPB.OzoneManagerRequestHandler.getOzoneFileStatus(OzoneManagerRequestHandler.java:973) ~[ozone-manager-1.4.0-SNAPSHOT.jar:?]
	at org.apache.hadoop.ozone.protocolPB.OzoneManagerRequestHandler.handleReadRequest(OzoneManagerRequestHandler.java:252) ~[ozone-manager-1.4.0-SNAPSHOT.jar:?]
	at org.apache.hadoop.ozone.protocolPB.OzoneManagerProtocolServerSideTranslatorPB.submitReadRequestToOM(OzoneManagerProtocolServerSideTranslatorPB.java:225) ~[ozone-manager-1.4.0-SNAPSHOT.jar:?]
	at org.apache.hadoop.ozone.protocolPB.OzoneManagerProtocolServerSideTranslatorPB.processRequest(OzoneManagerProtocolServerSideTranslatorPB.java:179) ~[ozone-manager-1.4.0-SNAPSHOT.jar:?]
	at org.apache.hadoop.hdds.server.OzoneProtocolMessageDispatcher.processRequest(OzoneProtocolMessageDispatcher.java:87) [hdds-server-framework-1.4.0-SNAPSHOT.jar:?]
	at org.apache.hadoop.ozone.protocolPB.OzoneManagerProtocolServerSideTranslatorPB.submitRequest(OzoneManagerProtocolServerSideTranslatorPB.java:148) [ozone-manager-1.4.0-SNAPSHOT.jar:?]
	at org.apache.hadoop.ozone.protocol.proto.OzoneManagerProtocolProtos$OzoneManagerService$2.callBlockingMethod(OzoneManagerProtocolProtos.java) [ozone-interface-client-1.4.0-SNAPSHOT.jar:?]
	at org.apache.hadoop.ipc.ProtobufRpcEngine$Server.processCall(ProtobufRpcEngine.java:484) [hadoop-common-3.3.6.jar:?]
	at org.apache.hadoop.ipc.ProtobufRpcEngine2$Server$ProtoBufRpcInvoker.call(ProtobufRpcEngine2.java:595) [hadoop-common-3.3.6.jar:?]
	at org.apache.hadoop.ipc.ProtobufRpcEngine2$Server$ProtoBufRpcInvoker.call(ProtobufRpcEngine2.java:573) [hadoop-common-3.3.6.jar:?]
	at org.apache.hadoop.ipc.RPC$Server.call(RPC.java:1227) [hadoop-common-3.3.6.jar:?]
	at org.apache.hadoop.ipc.Server$RpcCall.run(Server.java:1094) [hadoop-common-3.3.6.jar:?]
	at org.apache.hadoop.ipc.Server$RpcCall.run(Server.java:1017) [hadoop-common-3.3.6.jar:?]
	at java.security.AccessController.doPrivileged(Native Method) ~[?:1.8.0_382]
	at javax.security.auth.Subject.doAs(Subject.java:422) [?:1.8.0_382]
	at org.apache.hadoop.security.UserGroupInformation.doAs(UserGroupInformation.java:1899) [hadoop-common-3.3.6.jar:?]
	at org.apache.hadoop.ipc.Server$Handler.run(Server.java:3048) [hadoop-common-3.3.6.jar:?]
09:33:54.877 [IPC Server handler 12 on default port 15110] ERROR OMAudit - user=runner | ip=127.0.0.1 | op=GET_FILE_STATUS {volume=volume01359, bucket=bucket03907, key=gdir1/dir9, dataSize=0, replicationConfig=null} | ret=FAILURE
org.apache.hadoop.ozone.om.exceptions.OMException: Unable to get file status: volume: volume01359 bucket: bucket03907 key: gdir1/dir9
	at org.apache.hadoop.ozone.om.KeyManagerImpl.getOzoneFileStatus(KeyManagerImpl.java:1195) ~[ozone-manager-1.4.0-SNAPSHOT.jar:?]
	at org.apache.hadoop.ozone.om.KeyManagerImpl.getFileStatus(KeyManagerImpl.java:1113) ~[ozone-manager-1.4.0-SNAPSHOT.jar:?]
	at org.apache.hadoop.ozone.om.OmMetadataReader.getFileStatus(OmMetadataReader.java:262) ~[ozone-manager-1.4.0-SNAPSHOT.jar:?]
	at org.apache.hadoop.ozone.om.OzoneManager.getFileStatus(OzoneManager.java:3513) ~[ozone-manager-1.4.0-SNAPSHOT.jar:?]
	at org.apache.hadoop.ozone.protocolPB.OzoneManagerRequestHandler.getOzoneFileStatus(OzoneManagerRequestHandler.java:973) ~[ozone-manager-1.4.0-SNAPSHOT.jar:?]
	at org.apache.hadoop.ozone.protocolPB.OzoneManagerRequestHandler.handleReadRequest(OzoneManagerRequestHandler.java:252) ~[ozone-manager-1.4.0-SNAPSHOT.jar:?]
	at org.apache.hadoop.ozone.protocolPB.OzoneManagerProtocolServerSideTranslatorPB.submitReadRequestToOM(OzoneManagerProtocolServerSideTranslatorPB.java:225) ~[ozone-manager-1.4.0-SNAPSHOT.jar:?]
	at org.apache.hadoop.ozone.protocolPB.OzoneManagerProtocolServerSideTranslatorPB.processRequest(OzoneManagerProtocolServerSideTranslatorPB.java:179) ~[ozone-manager-1.4.0-SNAPSHOT.jar:?]
	at org.apache.hadoop.hdds.server.OzoneProtocolMessageDispatcher.processRequest(OzoneProtocolMessageDispatcher.java:87) [hdds-server-framework-1.4.0-SNAPSHOT.jar:?]
	at org.apache.hadoop.ozone.protocolPB.OzoneManagerProtocolServerSideTranslatorPB.submitRequest(OzoneManagerProtocolServerSideTranslatorPB.java:148) [ozone-manager-1.4.0-SNAPSHOT.jar:?]
	at org.apache.hadoop.ozone.protocol.proto.OzoneManagerProtocolProtos$OzoneManagerService$2.callBlockingMethod(OzoneManagerProtocolProtos.java) [ozone-interface-client-1.4.0-SNAPSHOT.jar:?]
	at org.apache.hadoop.ipc.ProtobufRpcEngine$Server.processCall(ProtobufRpcEngine.java:484) [hadoop-common-3.3.6.jar:?]
	at org.apache.hadoop.ipc.ProtobufRpcEngine2$Server$ProtoBufRpcInvoker.call(ProtobufRpcEngine2.java:595) [hadoop-common-3.3.6.jar:?]
	at org.apache.hadoop.ipc.ProtobufRpcEngine2$Server$ProtoBufRpcInvoker.call(ProtobufRpcEngine2.java:573) [hadoop-common-3.3.6.jar:?]
	at org.apache.hadoop.ipc.RPC$Server.call(RPC.java:1227) [hadoop-common-3.3.6.jar:?]
	at org.apache.hadoop.ipc.Server$RpcCall.run(Server.java:1094) [hadoop-common-3.3.6.jar:?]
	at org.apache.hadoop.ipc.Server$RpcCall.run(Server.java:1017) [hadoop-common-3.3.6.jar:?]
	at java.security.AccessController.doPrivileged(Native Method) ~[?:1.8.0_382]
	at javax.security.auth.Subject.doAs(Subject.java:422) [?:1.8.0_382]
	at org.apache.hadoop.security.UserGroupInformation.doAs(UserGroupInformation.java:1899) [hadoop-common-3.3.6.jar:?]
	at org.apache.hadoop.ipc.Server$Handler.run(Server.java:3048) [hadoop-common-3.3.6.jar:?]
09:33:54.878 [IPC Server handler 13 on default port 15110] ERROR OMAudit - user=runner | ip=127.0.0.1 | op=GET_FILE_STATUS {volume=volume01359, bucket=bucket03907, key=gdir1/dir9/child, dataSize=0, replicationConfig=null} | ret=FAILURE
org.apache.hadoop.ozone.om.exceptions.OMException: Unable to get file status: volume: volume01359 bucket: bucket03907 key: gdir1/dir9/child
	at org.apache.hadoop.ozone.om.KeyManagerImpl.getOzoneFileStatus(KeyManagerImpl.java:1195) ~[ozone-manager-1.4.0-SNAPSHOT.jar:?]
	at org.apache.hadoop.ozone.om.KeyManagerImpl.getFileStatus(KeyManagerImpl.java:1113) ~[ozone-manager-1.4.0-SNAPSHOT.jar:?]
	at org.apache.hadoop.ozone.om.OmMetadataReader.getFileStatus(OmMetadataReader.java:262) ~[ozone-manager-1.4.0-SNAPSHOT.jar:?]
	at org.apache.hadoop.ozone.om.OzoneManager.getFileStatus(OzoneManager.java:3513) ~[ozone-manager-1.4.0-SNAPSHOT.jar:?]
	at org.apache.hadoop.ozone.protocolPB.OzoneManagerRequestHandler.getOzoneFileStatus(OzoneManagerRequestHandler.java:973) ~[ozone-manager-1.4.0-SNAPSHOT.jar:?]
	at org.apache.hadoop.ozone.protocolPB.OzoneManagerRequestHandler.handleReadRequest(OzoneManagerRequestHandler.java:252) ~[ozone-manager-1.4.0-SNAPSHOT.jar:?]
	at org.apache.hadoop.ozone.protocolPB.OzoneManagerProtocolServerSideTranslatorPB.submitReadRequestToOM(OzoneManagerProtocolServerSideTranslatorPB.java:225) ~[ozone-manager-1.4.0-SNAPSHOT.jar:?]
	at org.apache.hadoop.ozone.protocolPB.OzoneManagerProtocolServerSideTranslatorPB.processRequest(OzoneManagerProtocolServerSideTranslatorPB.java:179) ~[ozone-manager-1.4.0-SNAPSHOT.jar:?]
	at org.apache.hadoop.hdds.server.OzoneProtocolMessageDispatcher.processRequest(OzoneProtocolMessageDispatcher.java:87) [hdds-server-framework-1.4.0-SNAPSHOT.jar:?]
	at org.apache.hadoop.ozone.protocolPB.OzoneManagerProtocolServerSideTranslatorPB.submitRequest(OzoneManagerProtocolServerSideTranslatorPB.java:148) [ozone-manager-1.4.0-SNAPSHOT.jar:?]
	at org.apache.hadoop.ozone.protocol.proto.OzoneManagerProtocolProtos$OzoneManagerService$2.callBlockingMethod(OzoneManagerProtocolProtos.java) [ozone-interface-client-1.4.0-SNAPSHOT.jar:?]
	at org.apache.hadoop.ipc.ProtobufRpcEngine$Server.processCall(ProtobufRpcEngine.java:484) [hadoop-common-3.3.6.jar:?]
	at org.apache.hadoop.ipc.ProtobufRpcEngine2$Server$ProtoBufRpcInvoker.call(ProtobufRpcEngine2.java:595) [hadoop-common-3.3.6.jar:?]
	at org.apache.hadoop.ipc.ProtobufRpcEngine2$Server$ProtoBufRpcInvoker.call(ProtobufRpcEngine2.java:573) [hadoop-common-3.3.6.jar:?]
	at org.apache.hadoop.ipc.RPC$Server.call(RPC.java:1227) [hadoop-common-3.3.6.jar:?]
	at org.apache.hadoop.ipc.Server$RpcCall.run(Server.java:1094) [hadoop-common-3.3.6.jar:?]
	at org.apache.hadoop.ipc.Server$RpcCall.run(Server.java:1017) [hadoop-common-3.3.6.jar:?]
	at java.security.AccessController.doPrivileged(Native Method) ~[?:1.8.0_382]
	at javax.security.auth.Subject.doAs(Subject.java:422) [?:1.8.0_382]
	at org.apache.hadoop.security.UserGroupInformation.doAs(UserGroupInformation.java:1899) [hadoop-common-3.3.6.jar:?]
	at org.apache.hadoop.ipc.Server$Handler.run(Server.java:3048) [hadoop-common-3.3.6.jar:?]
09:33:54.879 [IPC Server handler 14 on default port 15110] ERROR OMAudit - user=runner | ip=127.0.0.1 | op=GET_FILE_STATUS {volume=volume01359, bucket=bucket03907, key=gdir1/dir10, dataSize=0, replicationConfig=null} | ret=FAILURE
org.apache.hadoop.ozone.om.exceptions.OMException: Unable to get file status: volume: volume01359 bucket: bucket03907 key: gdir1/dir10
	at org.apache.hadoop.ozone.om.KeyManagerImpl.getOzoneFileStatus(KeyManagerImpl.java:1195) ~[ozone-manager-1.4.0-SNAPSHOT.jar:?]
	at org.apache.hadoop.ozone.om.KeyManagerImpl.getFileStatus(KeyManagerImpl.java:1113) ~[ozone-manager-1.4.0-SNAPSHOT.jar:?]
	at org.apache.hadoop.ozone.om.OmMetadataReader.getFileStatus(OmMetadataReader.java:262) ~[ozone-manager-1.4.0-SNAPSHOT.jar:?]
	at org.apache.hadoop.ozone.om.OzoneManager.getFileStatus(OzoneManager.java:3513) ~[ozone-manager-1.4.0-SNAPSHOT.jar:?]
	at org.apache.hadoop.ozone.protocolPB.OzoneManagerRequestHandler.getOzoneFileStatus(OzoneManagerRequestHandler.java:973) ~[ozone-manager-1.4.0-SNAPSHOT.jar:?]
	at org.apache.hadoop.ozone.protocolPB.OzoneManagerRequestHandler.handleReadRequest(OzoneManagerRequestHandler.java:252) ~[ozone-manager-1.4.0-SNAPSHOT.jar:?]
	at org.apache.hadoop.ozone.protocolPB.OzoneManagerProtocolServerSideTranslatorPB.submitReadRequestToOM(OzoneManagerProtocolServerSideTranslatorPB.java:225) ~[ozone-manager-1.4.0-SNAPSHOT.jar:?]
	at org.apache.hadoop.ozone.protocolPB.OzoneManagerProtocolServerSideTranslatorPB.processRequest(OzoneManagerProtocolServerSideTranslatorPB.java:179) ~[ozone-manager-1.4.0-SNAPSHOT.jar:?]
	at org.apache.hadoop.hdds.server.OzoneProtocolMessageDispatcher.processRequest(OzoneProtocolMessageDispatcher.java:87) [hdds-server-framework-1.4.0-SNAPSHOT.jar:?]
	at org.apache.hadoop.ozone.protocolPB.OzoneManagerProtocolServerSideTranslatorPB.submitRequest(OzoneManagerProtocolServerSideTranslatorPB.java:148) [ozone-manager-1.4.0-SNAPSHOT.jar:?]
	at org.apache.hadoop.ozone.protocol.proto.OzoneManagerProtocolProtos$OzoneManagerService$2.callBlockingMethod(OzoneManagerProtocolProtos.java) [ozone-interface-client-1.4.0-SNAPSHOT.jar:?]
	at org.apache.hadoop.ipc.ProtobufRpcEngine$Server.processCall(ProtobufRpcEngine.java:484) [hadoop-common-3.3.6.jar:?]
	at org.apache.hadoop.ipc.ProtobufRpcEngine2$Server$ProtoBufRpcInvoker.call(ProtobufRpcEngine2.java:595) [hadoop-common-3.3.6.jar:?]
	at org.apache.hadoop.ipc.ProtobufRpcEngine2$Server$ProtoBufRpcInvoker.call(ProtobufRpcEngine2.java:573) [hadoop-common-3.3.6.jar:?]
	at org.apache.hadoop.ipc.RPC$Server.call(RPC.java:1227) [hadoop-common-3.3.6.jar:?]
	at org.apache.hadoop.ipc.Server$RpcCall.run(Server.java:1094) [hadoop-common-3.3.6.jar:?]
	at org.apache.hadoop.ipc.Server$RpcCall.run(Server.java:1017) [hadoop-common-3.3.6.jar:?]
	at java.security.AccessController.doPrivileged(Native Method) ~[?:1.8.0_382]
	at javax.security.auth.Subject.doAs(Subject.java:422) [?:1.8.0_382]
	at org.apache.hadoop.security.UserGroupInformation.doAs(UserGroupInformation.java:1899) [hadoop-common-3.3.6.jar:?]
	at org.apache.hadoop.ipc.Server$Handler.run(Server.java:3048) [hadoop-common-3.3.6.jar:?]
09:33:54.880 [IPC Server handler 15 on default port 15110] ERROR OMAudit - user=runner | ip=127.0.0.1 | op=GET_FILE_STATUS {volume=volume01359, bucket=bucket03907, key=gdir1/dir10/child, dataSize=0, replicationConfig=null} | ret=FAILURE
org.apache.hadoop.ozone.om.exceptions.OMException: Unable to get file status: volume: volume01359 bucket: bucket03907 key: gdir1/dir10/child
	at org.apache.hadoop.ozone.om.KeyManagerImpl.getOzoneFileStatus(KeyManagerImpl.java:1195) ~[ozone-manager-1.4.0-SNAPSHOT.jar:?]
	at org.apache.hadoop.ozone.om.KeyManagerImpl.getFileStatus(KeyManagerImpl.java:1113) ~[ozone-manager-1.4.0-SNAPSHOT.jar:?]
	at org.apache.hadoop.ozone.om.OmMetadataReader.getFileStatus(OmMetadataReader.java:262) ~[ozone-manager-1.4.0-SNAPSHOT.jar:?]
	at org.apache.hadoop.ozone.om.OzoneManager.getFileStatus(OzoneManager.java:3513) ~[ozone-manager-1.4.0-SNAPSHOT.jar:?]
	at org.apache.hadoop.ozone.protocolPB.OzoneManagerRequestHandler.getOzoneFileStatus(OzoneManagerRequestHandler.java:973) ~[ozone-manager-1.4.0-SNAPSHOT.jar:?]
	at org.apache.hadoop.ozone.protocolPB.OzoneManagerRequestHandler.handleReadRequest(OzoneManagerRequestHandler.java:252) ~[ozone-manager-1.4.0-SNAPSHOT.jar:?]
	at org.apache.hadoop.ozone.protocolPB.OzoneManagerProtocolServerSideTranslatorPB.submitReadRequestToOM(OzoneManagerProtocolServerSideTranslatorPB.java:225) ~[ozone-manager-1.4.0-SNAPSHOT.jar:?]
	at org.apache.hadoop.ozone.protocolPB.OzoneManagerProtocolServerSideTranslatorPB.processRequest(OzoneManagerProtocolServerSideTranslatorPB.java:179) ~[ozone-manager-1.4.0-SNAPSHOT.jar:?]
	at org.apache.hadoop.hdds.server.OzoneProtocolMessageDispatcher.processRequest(OzoneProtocolMessageDispatcher.java:87) [hdds-server-framework-1.4.0-SNAPSHOT.jar:?]
	at org.apache.hadoop.ozone.protocolPB.OzoneManagerProtocolServerSideTranslatorPB.submitRequest(OzoneManagerProtocolServerSideTranslatorPB.java:148) [ozone-manager-1.4.0-SNAPSHOT.jar:?]
	at org.apache.hadoop.ozone.protocol.proto.OzoneManagerProtocolProtos$OzoneManagerService$2.callBlockingMethod(OzoneManagerProtocolProtos.java) [ozone-interface-client-1.4.0-SNAPSHOT.jar:?]
	at org.apache.hadoop.ipc.ProtobufRpcEngine$Server.processCall(ProtobufRpcEngine.java:484) [hadoop-common-3.3.6.jar:?]
	at org.apache.hadoop.ipc.ProtobufRpcEngine2$Server$ProtoBufRpcInvoker.call(ProtobufRpcEngine2.java:595) [hadoop-common-3.3.6.jar:?]
	at org.apache.hadoop.ipc.ProtobufRpcEngine2$Server$ProtoBufRpcInvoker.call(ProtobufRpcEngine2.java:573) [hadoop-common-3.3.6.jar:?]
	at org.apache.hadoop.ipc.RPC$Server.call(RPC.java:1227) [hadoop-common-3.3.6.jar:?]
	at org.apache.hadoop.ipc.Server$RpcCall.run(Server.java:1094) [hadoop-common-3.3.6.jar:?]
	at org.apache.hadoop.ipc.Server$RpcCall.run(Server.java:1017) [hadoop-common-3.3.6.jar:?]
	at java.security.AccessController.doPrivileged(Native Method) ~[?:1.8.0_382]
	at javax.security.auth.Subject.doAs(Subject.java:422) [?:1.8.0_382]
	at org.apache.hadoop.security.UserGroupInformation.doAs(UserGroupInformation.java:1899) [hadoop-common-3.3.6.jar:?]
	at org.apache.hadoop.ipc.Server$Handler.run(Server.java:3048) [hadoop-common-3.3.6.jar:?]
09:33:54.943 [IPC Server handler 9 on default port 15110] ERROR OMAudit - user=runner | ip=127.0.0.1 | op=GET_FILE_STATUS {volume=volume01359, bucket=bucket03907, key=level0, dataSize=0, replicationConfig=null} | ret=FAILURE
org.apache.hadoop.ozone.om.exceptions.OMException: Unable to get file status: volume: volume01359 bucket: bucket03907 key: level0
	at org.apache.hadoop.ozone.om.KeyManagerImpl.getOzoneFileStatus(KeyManagerImpl.java:1195) ~[ozone-manager-1.4.0-SNAPSHOT.jar:?]
	at org.apache.hadoop.ozone.om.KeyManagerImpl.getFileStatus(KeyManagerImpl.java:1113) ~[ozone-manager-1.4.0-SNAPSHOT.jar:?]
	at org.apache.hadoop.ozone.om.OmMetadataReader.getFileStatus(OmMetadataReader.java:262) ~[ozone-manager-1.4.0-SNAPSHOT.jar:?]
	at org.apache.hadoop.ozone.om.OzoneManager.getFileStatus(OzoneManager.java:3513) ~[ozone-manager-1.4.0-SNAPSHOT.jar:?]
	at org.apache.hadoop.ozone.protocolPB.OzoneManagerRequestHandler.getOzoneFileStatus(OzoneManagerRequestHandler.java:973) ~[ozone-manager-1.4.0-SNAPSHOT.jar:?]
	at org.apache.hadoop.ozone.protocolPB.OzoneManagerRequestHandler.handleReadRequest(OzoneManagerRequestHandler.java:252) ~[ozone-manager-1.4.0-SNAPSHOT.jar:?]
	at org.apache.hadoop.ozone.protocolPB.OzoneManagerProtocolServerSideTranslatorPB.submitReadRequestToOM(OzoneManagerProtocolServerSideTranslatorPB.java:225) ~[ozone-manager-1.4.0-SNAPSHOT.jar:?]
	at org.apache.hadoop.ozone.protocolPB.OzoneManagerProtocolServerSideTranslatorPB.processRequest(OzoneManagerProtocolServerSideTranslatorPB.java:179) ~[ozone-manager-1.4.0-SNAPSHOT.jar:?]
	at org.apache.hadoop.hdds.server.OzoneProtocolMessageDispatcher.processRequest(OzoneProtocolMessageDispatcher.java:87) [hdds-server-framework-1.4.0-SNAPSHOT.jar:?]
	at org.apache.hadoop.ozone.protocolPB.OzoneManagerProtocolServerSideTranslatorPB.submitRequest(OzoneManagerProtocolServerSideTranslatorPB.java:148) [ozone-manager-1.4.0-SNAPSHOT.jar:?]
	at org.apache.hadoop.ozone.protocol.proto.OzoneManagerProtocolProtos$OzoneManagerService$2.callBlockingMethod(OzoneManagerProtocolProtos.java) [ozone-interface-client-1.4.0-SNAPSHOT.jar:?]
	at org.apache.hadoop.ipc.ProtobufRpcEngine$Server.processCall(ProtobufRpcEngine.java:484) [hadoop-common-3.3.6.jar:?]
	at org.apache.hadoop.ipc.ProtobufRpcEngine2$Server$ProtoBufRpcInvoker.call(ProtobufRpcEngine2.java:595) [hadoop-common-3.3.6.jar:?]
	at org.apache.hadoop.ipc.ProtobufRpcEngine2$Server$ProtoBufRpcInvoker.call(ProtobufRpcEngine2.java:573) [hadoop-common-3.3.6.jar:?]
	at org.apache.hadoop.ipc.RPC$Server.call(RPC.java:1227) [hadoop-common-3.3.6.jar:?]
	at org.apache.hadoop.ipc.Server$RpcCall.run(Server.java:1094) [hadoop-common-3.3.6.jar:?]
	at org.apache.hadoop.ipc.Server$RpcCall.run(Server.java:1017) [hadoop-common-3.3.6.jar:?]
	at java.security.AccessController.doPrivileged(Native Method) ~[?:1.8.0_382]
	at javax.security.auth.Subject.doAs(Subject.java:422) [?:1.8.0_382]
	at org.apache.hadoop.security.UserGroupInformation.doAs(UserGroupInformation.java:1899) [hadoop-common-3.3.6.jar:?]
	at org.apache.hadoop.ipc.Server$Handler.run(Server.java:3048) [hadoop-common-3.3.6.jar:?]
09:33:54.944 [IPC Server handler 11 on default port 15110] ERROR OMAudit - user=runner | ip=127.0.0.1 | op=GET_FILE_STATUS {volume=volume01359, bucket=bucket03907, key=level0/level1, dataSize=0, replicationConfig=null} | ret=FAILURE
org.apache.hadoop.ozone.om.exceptions.OMException: Unable to get file status: volume: volume01359 bucket: bucket03907 key: level0/level1
	at org.apache.hadoop.ozone.om.KeyManagerImpl.getOzoneFileStatus(KeyManagerImpl.java:1195) ~[ozone-manager-1.4.0-SNAPSHOT.jar:?]
	at org.apache.hadoop.ozone.om.KeyManagerImpl.getFileStatus(KeyManagerImpl.java:1113) ~[ozone-manager-1.4.0-SNAPSHOT.jar:?]
	at org.apache.hadoop.ozone.om.OmMetadataReader.getFileStatus(OmMetadataReader.java:262) ~[ozone-manager-1.4.0-SNAPSHOT.jar:?]
	at org.apache.hadoop.ozone.om.OzoneManager.getFileStatus(OzoneManager.java:3513) ~[ozone-manager-1.4.0-SNAPSHOT.jar:?]
	at org.apache.hadoop.ozone.protocolPB.OzoneManagerRequestHandler.getOzoneFileStatus(OzoneManagerRequestHandler.java:973) ~[ozone-manager-1.4.0-SNAPSHOT.jar:?]
	at org.apache.hadoop.ozone.protocolPB.OzoneManagerRequestHandler.handleReadRequest(OzoneManagerRequestHandler.java:252) ~[ozone-manager-1.4.0-SNAPSHOT.jar:?]
	at org.apache.hadoop.ozone.protocolPB.OzoneManagerProtocolServerSideTranslatorPB.submitReadRequestToOM(OzoneManagerProtocolServerSideTranslatorPB.java:225) ~[ozone-manager-1.4.0-SNAPSHOT.jar:?]
	at org.apache.hadoop.ozone.protocolPB.OzoneManagerProtocolServerSideTranslatorPB.processRequest(OzoneManagerProtocolServerSideTranslatorPB.java:179) ~[ozone-manager-1.4.0-SNAPSHOT.jar:?]
	at org.apache.hadoop.hdds.server.OzoneProtocolMessageDispatcher.processRequest(OzoneProtocolMessageDispatcher.java:87) [hdds-server-framework-1.4.0-SNAPSHOT.jar:?]
	at org.apache.hadoop.ozone.protocolPB.OzoneManagerProtocolServerSideTranslatorPB.submitRequest(OzoneManagerProtocolServerSideTranslatorPB.java:148) [ozone-manager-1.4.0-SNAPSHOT.jar:?]
	at org.apache.hadoop.ozone.protocol.proto.OzoneManagerProtocolProtos$OzoneManagerService$2.callBlockingMethod(OzoneManagerProtocolProtos.java) [ozone-interface-client-1.4.0-SNAPSHOT.jar:?]
	at org.apache.hadoop.ipc.ProtobufRpcEngine$Server.processCall(ProtobufRpcEngine.java:484) [hadoop-common-3.3.6.jar:?]
	at org.apache.hadoop.ipc.ProtobufRpcEngine2$Server$ProtoBufRpcInvoker.call(ProtobufRpcEngine2.java:595) [hadoop-common-3.3.6.jar:?]
	at org.apache.hadoop.ipc.ProtobufRpcEngine2$Server$ProtoBufRpcInvoker.call(ProtobufRpcEngine2.java:573) [hadoop-common-3.3.6.jar:?]
	at org.apache.hadoop.ipc.RPC$Server.call(RPC.java:1227) [hadoop-common-3.3.6.jar:?]
	at org.apache.hadoop.ipc.Server$RpcCall.run(Server.java:1094) [hadoop-common-3.3.6.jar:?]
	at org.apache.hadoop.ipc.Server$RpcCall.run(Server.java:1017) [hadoop-common-3.3.6.jar:?]
	at java.security.AccessController.doPrivileged(Native Method) ~[?:1.8.0_382]
	at javax.security.auth.Subject.doAs(Subject.java:422) [?:1.8.0_382]
	at org.apache.hadoop.security.UserGroupInformation.doAs(UserGroupInformation.java:1899) [hadoop-common-3.3.6.jar:?]
	at org.apache.hadoop.ipc.Server$Handler.run(Server.java:3048) [hadoop-common-3.3.6.jar:?]
09:33:54.945 [IPC Server handler 10 on default port 15110] ERROR OMAudit - user=runner | ip=127.0.0.1 | op=GET_FILE_STATUS {volume=volume01359, bucket=bucket03907, key=level0/level1/level1, dataSize=0, replicationConfig=null} | ret=FAILURE
org.apache.hadoop.ozone.om.exceptions.OMException: Unable to get file status: volume: volume01359 bucket: bucket03907 key: level0/level1/level1
	at org.apache.hadoop.ozone.om.KeyManagerImpl.getOzoneFileStatus(KeyManagerImpl.java:1195) ~[ozone-manager-1.4.0-SNAPSHOT.jar:?]
	at org.apache.hadoop.ozone.om.KeyManagerImpl.getFileStatus(KeyManagerImpl.java:1113) ~[ozone-manager-1.4.0-SNAPSHOT.jar:?]
	at org.apache.hadoop.ozone.om.OmMetadataReader.getFileStatus(OmMetadataReader.java:262) ~[ozone-manager-1.4.0-SNAPSHOT.jar:?]
	at org.apache.hadoop.ozone.om.OzoneManager.getFileStatus(OzoneManager.java:3513) ~[ozone-manager-1.4.0-SNAPSHOT.jar:?]
	at org.apache.hadoop.ozone.protocolPB.OzoneManagerRequestHandler.getOzoneFileStatus(OzoneManagerRequestHandler.java:973) ~[ozone-manager-1.4.0-SNAPSHOT.jar:?]
	at org.apache.hadoop.ozone.protocolPB.OzoneManagerRequestHandler.handleReadRequest(OzoneManagerRequestHandler.java:252) ~[ozone-manager-1.4.0-SNAPSHOT.jar:?]
	at org.apache.hadoop.ozone.protocolPB.OzoneManagerProtocolServerSideTranslatorPB.submitReadRequestToOM(OzoneManagerProtocolServerSideTranslatorPB.java:225) ~[ozone-manager-1.4.0-SNAPSHOT.jar:?]
	at org.apache.hadoop.ozone.protocolPB.OzoneManagerProtocolServerSideTranslatorPB.processRequest(OzoneManagerProtocolServerSideTranslatorPB.java:179) ~[ozone-manager-1.4.0-SNAPSHOT.jar:?]
	at org.apache.hadoop.hdds.server.OzoneProtocolMessageDispatcher.processRequest(OzoneProtocolMessageDispatcher.java:87) [hdds-server-framework-1.4.0-SNAPSHOT.jar:?]
	at org.apache.hadoop.ozone.protocolPB.OzoneManagerProtocolServerSideTranslatorPB.submitRequest(OzoneManagerProtocolServerSideTranslatorPB.java:148) [ozone-manager-1.4.0-SNAPSHOT.jar:?]
	at org.apache.hadoop.ozone.protocol.proto.OzoneManagerProtocolProtos$OzoneManagerService$2.callBlockingMethod(OzoneManagerProtocolProtos.java) [ozone-interface-client-1.4.0-SNAPSHOT.jar:?]
	at org.apache.hadoop.ipc.ProtobufRpcEngine$Server.processCall(ProtobufRpcEngine.java:484) [hadoop-common-3.3.6.jar:?]
	at org.apache.hadoop.ipc.ProtobufRpcEngine2$Server$ProtoBufRpcInvoker.call(ProtobufRpcEngine2.java:595) [hadoop-common-3.3.6.jar:?]
	at org.apache.hadoop.ipc.ProtobufRpcEngine2$Server$ProtoBufRpcInvoker.call(ProtobufRpcEngine2.java:573) [hadoop-common-3.3.6.jar:?]
	at org.apache.hadoop.ipc.RPC$Server.call(RPC.java:1227) [hadoop-common-3.3.6.jar:?]
	at org.apache.hadoop.ipc.Server$RpcCall.run(Server.java:1094) [hadoop-common-3.3.6.jar:?]
	at org.apache.hadoop.ipc.Server$RpcCall.run(Server.java:1017) [hadoop-common-3.3.6.jar:?]
	at java.security.AccessController.doPrivileged(Native Method) ~[?:1.8.0_382]
	at javax.security.auth.Subject.doAs(Subject.java:422) [?:1.8.0_382]
	at org.apache.hadoop.security.UserGroupInformation.doAs(UserGroupInformation.java:1899) [hadoop-common-3.3.6.jar:?]
	at org.apache.hadoop.ipc.Server$Handler.run(Server.java:3048) [hadoop-common-3.3.6.jar:?]
09:33:54.946 [IPC Server handler 12 on default port 15110] ERROR OMAudit - user=runner | ip=127.0.0.1 | op=GET_FILE_STATUS {volume=volume01359, bucket=bucket03907, key=level0/level1/file1, dataSize=0, replicationConfig=null} | ret=FAILURE
org.apache.hadoop.ozone.om.exceptions.OMException: Unable to get file status: volume: volume01359 bucket: bucket03907 key: level0/level1/file1
	at org.apache.hadoop.ozone.om.KeyManagerImpl.getOzoneFileStatus(KeyManagerImpl.java:1195) ~[ozone-manager-1.4.0-SNAPSHOT.jar:?]
	at org.apache.hadoop.ozone.om.KeyManagerImpl.getFileStatus(KeyManagerImpl.java:1113) ~[ozone-manager-1.4.0-SNAPSHOT.jar:?]
	at org.apache.hadoop.ozone.om.OmMetadataReader.getFileStatus(OmMetadataReader.java:262) ~[ozone-manager-1.4.0-SNAPSHOT.jar:?]
	at org.apache.hadoop.ozone.om.OzoneManager.getFileStatus(OzoneManager.java:3513) ~[ozone-manager-1.4.0-SNAPSHOT.jar:?]
	at org.apache.hadoop.ozone.protocolPB.OzoneManagerRequestHandler.getOzoneFileStatus(OzoneManagerRequestHandler.java:973) ~[ozone-manager-1.4.0-SNAPSHOT.jar:?]
	at org.apache.hadoop.ozone.protocolPB.OzoneManagerRequestHandler.handleReadRequest(OzoneManagerRequestHandler.java:252) ~[ozone-manager-1.4.0-SNAPSHOT.jar:?]
	at org.apache.hadoop.ozone.protocolPB.OzoneManagerProtocolServerSideTranslatorPB.submitReadRequestToOM(OzoneManagerProtocolServerSideTranslatorPB.java:225) ~[ozone-manager-1.4.0-SNAPSHOT.jar:?]
	at org.apache.hadoop.ozone.protocolPB.OzoneManagerProtocolServerSideTranslatorPB.processRequest(OzoneManagerProtocolServerSideTranslatorPB.java:179) ~[ozone-manager-1.4.0-SNAPSHOT.jar:?]
	at org.apache.hadoop.hdds.server.OzoneProtocolMessageDispatcher.processRequest(OzoneProtocolMessageDispatcher.java:87) [hdds-server-framework-1.4.0-SNAPSHOT.jar:?]
	at org.apache.hadoop.ozone.protocolPB.OzoneManagerProtocolServerSideTranslatorPB.submitRequest(OzoneManagerProtocolServerSideTranslatorPB.java:148) [ozone-manager-1.4.0-SNAPSHOT.jar:?]
	at org.apache.hadoop.ozone.protocol.proto.OzoneManagerProtocolProtos$OzoneManagerService$2.callBlockingMethod(OzoneManagerProtocolProtos.java) [ozone-interface-client-1.4.0-SNAPSHOT.jar:?]
	at org.apache.hadoop.ipc.ProtobufRpcEngine$Server.processCall(ProtobufRpcEngine.java:484) [hadoop-common-3.3.6.jar:?]
	at org.apache.hadoop.ipc.ProtobufRpcEngine2$Server$ProtoBufRpcInvoker.call(ProtobufRpcEngine2.java:595) [hadoop-common-3.3.6.jar:?]
	at org.apache.hadoop.ipc.ProtobufRpcEngine2$Server$ProtoBufRpcInvoker.call(ProtobufRpcEngine2.java:573) [hadoop-common-3.3.6.jar:?]
	at org.apache.hadoop.ipc.RPC$Server.call(RPC.java:1227) [hadoop-common-3.3.6.jar:?]
	at org.apache.hadoop.ipc.Server$RpcCall.run(Server.java:1094) [hadoop-common-3.3.6.jar:?]
	at org.apache.hadoop.ipc.Server$RpcCall.run(Server.java:1017) [hadoop-common-3.3.6.jar:?]
	at java.security.AccessController.doPrivileged(Native Method) ~[?:1.8.0_382]
	at javax.security.auth.Subject.doAs(Subject.java:422) [?:1.8.0_382]
	at org.apache.hadoop.security.UserGroupInformation.doAs(UserGroupInformation.java:1899) [hadoop-common-3.3.6.jar:?]
	at org.apache.hadoop.ipc.Server$Handler.run(Server.java:3048) [hadoop-common-3.3.6.jar:?]
09:33:54.947 [IPC Server handler 13 on default port 15110] ERROR OMAudit - user=runner | ip=127.0.0.1 | op=GET_FILE_STATUS {volume=volume01359, bucket=bucket03907, key=level0/level1/level1/file1, dataSize=0, replicationConfig=null} | ret=FAILURE
org.apache.hadoop.ozone.om.exceptions.OMException: Unable to get file status: volume: volume01359 bucket: bucket03907 key: level0/level1/level1/file1
	at org.apache.hadoop.ozone.om.KeyManagerImpl.getOzoneFileStatus(KeyManagerImpl.java:1195) ~[ozone-manager-1.4.0-SNAPSHOT.jar:?]
	at org.apache.hadoop.ozone.om.KeyManagerImpl.getFileStatus(KeyManagerImpl.java:1113) ~[ozone-manager-1.4.0-SNAPSHOT.jar:?]
	at org.apache.hadoop.ozone.om.OmMetadataReader.getFileStatus(OmMetadataReader.java:262) ~[ozone-manager-1.4.0-SNAPSHOT.jar:?]
	at org.apache.hadoop.ozone.om.OzoneManager.getFileStatus(OzoneManager.java:3513) ~[ozone-manager-1.4.0-SNAPSHOT.jar:?]
	at org.apache.hadoop.ozone.protocolPB.OzoneManagerRequestHandler.getOzoneFileStatus(OzoneManagerRequestHandler.java:973) ~[ozone-manager-1.4.0-SNAPSHOT.jar:?]
	at org.apache.hadoop.ozone.protocolPB.OzoneManagerRequestHandler.handleReadRequest(OzoneManagerRequestHandler.java:252) ~[ozone-manager-1.4.0-SNAPSHOT.jar:?]
	at org.apache.hadoop.ozone.protocolPB.OzoneManagerProtocolServerSideTranslatorPB.submitReadRequestToOM(OzoneManagerProtocolServerSideTranslatorPB.java:225) ~[ozone-manager-1.4.0-SNAPSHOT.jar:?]
	at org.apache.hadoop.ozone.protocolPB.OzoneManagerProtocolServerSideTranslatorPB.processRequest(OzoneManagerProtocolServerSideTranslatorPB.java:179) ~[ozone-manager-1.4.0-SNAPSHOT.jar:?]
	at org.apache.hadoop.hdds.server.OzoneProtocolMessageDispatcher.processRequest(OzoneProtocolMessageDispatcher.java:87) [hdds-server-framework-1.4.0-SNAPSHOT.jar:?]
	at org.apache.hadoop.ozone.protocolPB.OzoneManagerProtocolServerSideTranslatorPB.submitRequest(OzoneManagerProtocolServerSideTranslatorPB.java:148) [ozone-manager-1.4.0-SNAPSHOT.jar:?]
	at org.apache.hadoop.ozone.protocol.proto.OzoneManagerProtocolProtos$OzoneManagerService$2.callBlockingMethod(OzoneManagerProtocolProtos.java) [ozone-interface-client-1.4.0-SNAPSHOT.jar:?]
	at org.apache.hadoop.ipc.ProtobufRpcEngine$Server.processCall(ProtobufRpcEngine.java:484) [hadoop-common-3.3.6.jar:?]
	at org.apache.hadoop.ipc.ProtobufRpcEngine2$Server$ProtoBufRpcInvoker.call(ProtobufRpcEngine2.java:595) [hadoop-common-3.3.6.jar:?]
	at org.apache.hadoop.ipc.ProtobufRpcEngine2$Server$ProtoBufRpcInvoker.call(ProtobufRpcEngine2.java:573) [hadoop-common-3.3.6.jar:?]
	at org.apache.hadoop.ipc.RPC$Server.call(RPC.java:1227) [hadoop-common-3.3.6.jar:?]
	at org.apache.hadoop.ipc.Server$RpcCall.run(Server.java:1094) [hadoop-common-3.3.6.jar:?]
	at org.apache.hadoop.ipc.Server$RpcCall.run(Server.java:1017) [hadoop-common-3.3.6.jar:?]
	at java.security.AccessController.doPrivileged(Native Method) ~[?:1.8.0_382]
	at javax.security.auth.Subject.doAs(Subject.java:422) [?:1.8.0_382]
	at org.apache.hadoop.security.UserGroupInformation.doAs(UserGroupInformation.java:1899) [hadoop-common-3.3.6.jar:?]
	at org.apache.hadoop.ipc.Server$Handler.run(Server.java:3048) [hadoop-common-3.3.6.jar:?]
09:33:54.947 [IPC Server handler 14 on default port 15110] ERROR OMAudit - user=runner | ip=127.0.0.1 | op=GET_FILE_STATUS {volume=volume01359, bucket=bucket03907, key=level0/level2, dataSize=0, replicationConfig=null} | ret=FAILURE
org.apache.hadoop.ozone.om.exceptions.OMException: Unable to get file status: volume: volume01359 bucket: bucket03907 key: level0/level2
	at org.apache.hadoop.ozone.om.KeyManagerImpl.getOzoneFileStatus(KeyManagerImpl.java:1195) ~[ozone-manager-1.4.0-SNAPSHOT.jar:?]
	at org.apache.hadoop.ozone.om.KeyManagerImpl.getFileStatus(KeyManagerImpl.java:1113) ~[ozone-manager-1.4.0-SNAPSHOT.jar:?]
	at org.apache.hadoop.ozone.om.OmMetadataReader.getFileStatus(OmMetadataReader.java:262) ~[ozone-manager-1.4.0-SNAPSHOT.jar:?]
	at org.apache.hadoop.ozone.om.OzoneManager.getFileStatus(OzoneManager.java:3513) ~[ozone-manager-1.4.0-SNAPSHOT.jar:?]
	at org.apache.hadoop.ozone.protocolPB.OzoneManagerRequestHandler.getOzoneFileStatus(OzoneManagerRequestHandler.java:973) ~[ozone-manager-1.4.0-SNAPSHOT.jar:?]
	at org.apache.hadoop.ozone.protocolPB.OzoneManagerRequestHandler.handleReadRequest(OzoneManagerRequestHandler.java:252) ~[ozone-manager-1.4.0-SNAPSHOT.jar:?]
	at org.apache.hadoop.ozone.protocolPB.OzoneManagerProtocolServerSideTranslatorPB.submitReadRequestToOM(OzoneManagerProtocolServerSideTranslatorPB.java:225) ~[ozone-manager-1.4.0-SNAPSHOT.jar:?]
	at org.apache.hadoop.ozone.protocolPB.OzoneManagerProtocolServerSideTranslatorPB.processRequest(OzoneManagerProtocolServerSideTranslatorPB.java:179) ~[ozone-manager-1.4.0-SNAPSHOT.jar:?]
	at org.apache.hadoop.hdds.server.OzoneProtocolMessageDispatcher.processRequest(OzoneProtocolMessageDispatcher.java:87) [hdds-server-framework-1.4.0-SNAPSHOT.jar:?]
	at org.apache.hadoop.ozone.protocolPB.OzoneManagerProtocolServerSideTranslatorPB.submitRequest(OzoneManagerProtocolServerSideTranslatorPB.java:148) [ozone-manager-1.4.0-SNAPSHOT.jar:?]
	at org.apache.hadoop.ozone.protocol.proto.OzoneManagerProtocolProtos$OzoneManagerService$2.callBlockingMethod(OzoneManagerProtocolProtos.java) [ozone-interface-client-1.4.0-SNAPSHOT.jar:?]
	at org.apache.hadoop.ipc.ProtobufRpcEngine$Server.processCall(ProtobufRpcEngine.java:484) [hadoop-common-3.3.6.jar:?]
	at org.apache.hadoop.ipc.ProtobufRpcEngine2$Server$ProtoBufRpcInvoker.call(ProtobufRpcEngine2.java:595) [hadoop-common-3.3.6.jar:?]
	at org.apache.hadoop.ipc.ProtobufRpcEngine2$Server$ProtoBufRpcInvoker.call(ProtobufRpcEngine2.java:573) [hadoop-common-3.3.6.jar:?]
	at org.apache.hadoop.ipc.RPC$Server.call(RPC.java:1227) [hadoop-common-3.3.6.jar:?]
	at org.apache.hadoop.ipc.Server$RpcCall.run(Server.java:1094) [hadoop-common-3.3.6.jar:?]
	at org.apache.hadoop.ipc.Server$RpcCall.run(Server.java:1017) [hadoop-common-3.3.6.jar:?]
	at java.security.AccessController.doPrivileged(Native Method) ~[?:1.8.0_382]
	at javax.security.auth.Subject.doAs(Subject.java:422) [?:1.8.0_382]
	at org.apache.hadoop.security.UserGroupInformation.doAs(UserGroupInformation.java:1899) [hadoop-common-3.3.6.jar:?]
	at org.apache.hadoop.ipc.Server$Handler.run(Server.java:3048) [hadoop-common-3.3.6.jar:?]
09:33:54.948 [IPC Server handler 15 on default port 15110] ERROR OMAudit - user=runner | ip=127.0.0.1 | op=GET_FILE_STATUS {volume=volume01359, bucket=bucket03907, key=level0/level2/level2, dataSize=0, replicationConfig=null} | ret=FAILURE
org.apache.hadoop.ozone.om.exceptions.OMException: Unable to get file status: volume: volume01359 bucket: bucket03907 key: level0/level2/level2
	at org.apache.hadoop.ozone.om.KeyManagerImpl.getOzoneFileStatus(KeyManagerImpl.java:1195) ~[ozone-manager-1.4.0-SNAPSHOT.jar:?]
	at org.apache.hadoop.ozone.om.KeyManagerImpl.getFileStatus(KeyManagerImpl.java:1113) ~[ozone-manager-1.4.0-SNAPSHOT.jar:?]
	at org.apache.hadoop.ozone.om.OmMetadataReader.getFileStatus(OmMetadataReader.java:262) ~[ozone-manager-1.4.0-SNAPSHOT.jar:?]
	at org.apache.hadoop.ozone.om.OzoneManager.getFileStatus(OzoneManager.java:3513) ~[ozone-manager-1.4.0-SNAPSHOT.jar:?]
	at org.apache.hadoop.ozone.protocolPB.OzoneManagerRequestHandler.getOzoneFileStatus(OzoneManagerRequestHandler.java:973) ~[ozone-manager-1.4.0-SNAPSHOT.jar:?]
	at org.apache.hadoop.ozone.protocolPB.OzoneManagerRequestHandler.handleReadRequest(OzoneManagerRequestHandler.java:252) ~[ozone-manager-1.4.0-SNAPSHOT.jar:?]
	at org.apache.hadoop.ozone.protocolPB.OzoneManagerProtocolServerSideTranslatorPB.submitReadRequestToOM(OzoneManagerProtocolServerSideTranslatorPB.java:225) ~[ozone-manager-1.4.0-SNAPSHOT.jar:?]
	at org.apache.hadoop.ozone.protocolPB.OzoneManagerProtocolServerSideTranslatorPB.processRequest(OzoneManagerProtocolServerSideTranslatorPB.java:179) ~[ozone-manager-1.4.0-SNAPSHOT.jar:?]
	at org.apache.hadoop.hdds.server.OzoneProtocolMessageDispatcher.processRequest(OzoneProtocolMessageDispatcher.java:87) [hdds-server-framework-1.4.0-SNAPSHOT.jar:?]
	at org.apache.hadoop.ozone.protocolPB.OzoneManagerProtocolServerSideTranslatorPB.submitRequest(OzoneManagerProtocolServerSideTranslatorPB.java:148) [ozone-manager-1.4.0-SNAPSHOT.jar:?]
	at org.apache.hadoop.ozone.protocol.proto.OzoneManagerProtocolProtos$OzoneManagerService$2.callBlockingMethod(OzoneManagerProtocolProtos.java) [ozone-interface-client-1.4.0-SNAPSHOT.jar:?]
	at org.apache.hadoop.ipc.ProtobufRpcEngine$Server.processCall(ProtobufRpcEngine.java:484) [hadoop-common-3.3.6.jar:?]
	at org.apache.hadoop.ipc.ProtobufRpcEngine2$Server$ProtoBufRpcInvoker.call(ProtobufRpcEngine2.java:595) [hadoop-common-3.3.6.jar:?]
	at org.apache.hadoop.ipc.ProtobufRpcEngine2$Server$ProtoBufRpcInvoker.call(ProtobufRpcEngine2.java:573) [hadoop-common-3.3.6.jar:?]
	at org.apache.hadoop.ipc.RPC$Server.call(RPC.java:1227) [hadoop-common-3.3.6.jar:?]
	at org.apache.hadoop.ipc.Server$RpcCall.run(Server.java:1094) [hadoop-common-3.3.6.jar:?]
	at org.apache.hadoop.ipc.Server$RpcCall.run(Server.java:1017) [hadoop-common-3.3.6.jar:?]
	at java.security.AccessController.doPrivileged(Native Method) ~[?:1.8.0_382]
	at javax.security.auth.Subject.doAs(Subject.java:422) [?:1.8.0_382]
	at org.apache.hadoop.security.UserGroupInformation.doAs(UserGroupInformation.java:1899) [hadoop-common-3.3.6.jar:?]
	at org.apache.hadoop.ipc.Server$Handler.run(Server.java:3048) [hadoop-common-3.3.6.jar:?]
09:33:54.949 [IPC Server handler 16 on default port 15110] ERROR OMAudit - user=runner | ip=127.0.0.1 | op=GET_FILE_STATUS {volume=volume01359, bucket=bucket03907, key=level0/level2/file1, dataSize=0, replicationConfig=null} | ret=FAILURE
org.apache.hadoop.ozone.om.exceptions.OMException: Unable to get file status: volume: volume01359 bucket: bucket03907 key: level0/level2/file1
	at org.apache.hadoop.ozone.om.KeyManagerImpl.getOzoneFileStatus(KeyManagerImpl.java:1195) ~[ozone-manager-1.4.0-SNAPSHOT.jar:?]
	at org.apache.hadoop.ozone.om.KeyManagerImpl.getFileStatus(KeyManagerImpl.java:1113) ~[ozone-manager-1.4.0-SNAPSHOT.jar:?]
	at org.apache.hadoop.ozone.om.OmMetadataReader.getFileStatus(OmMetadataReader.java:262) ~[ozone-manager-1.4.0-SNAPSHOT.jar:?]
	at org.apache.hadoop.ozone.om.OzoneManager.getFileStatus(OzoneManager.java:3513) ~[ozone-manager-1.4.0-SNAPSHOT.jar:?]
	at org.apache.hadoop.ozone.protocolPB.OzoneManagerRequestHandler.getOzoneFileStatus(OzoneManagerRequestHandler.java:973) ~[ozone-manager-1.4.0-SNAPSHOT.jar:?]
	at org.apache.hadoop.ozone.protocolPB.OzoneManagerRequestHandler.handleReadRequest(OzoneManagerRequestHandler.java:252) ~[ozone-manager-1.4.0-SNAPSHOT.jar:?]
	at org.apache.hadoop.ozone.protocolPB.OzoneManagerProtocolServerSideTranslatorPB.submitReadRequestToOM(OzoneManagerProtocolServerSideTranslatorPB.java:225) ~[ozone-manager-1.4.0-SNAPSHOT.jar:?]
	at org.apache.hadoop.ozone.protocolPB.OzoneManagerProtocolServerSideTranslatorPB.processRequest(OzoneManagerProtocolServerSideTranslatorPB.java:179) ~[ozone-manager-1.4.0-SNAPSHOT.jar:?]
	at org.apache.hadoop.hdds.server.OzoneProtocolMessageDispatcher.processRequest(OzoneProtocolMessageDispatcher.java:87) [hdds-server-framework-1.4.0-SNAPSHOT.jar:?]
	at org.apache.hadoop.ozone.protocolPB.OzoneManagerProtocolServerSideTranslatorPB.submitRequest(OzoneManagerProtocolServerSideTranslatorPB.java:148) [ozone-manager-1.4.0-SNAPSHOT.jar:?]
	at org.apache.hadoop.ozone.protocol.proto.OzoneManagerProtocolProtos$OzoneManagerService$2.callBlockingMethod(OzoneManagerProtocolProtos.java) [ozone-interface-client-1.4.0-SNAPSHOT.jar:?]
	at org.apache.hadoop.ipc.ProtobufRpcEngine$Server.processCall(ProtobufRpcEngine.java:484) [hadoop-common-3.3.6.jar:?]
	at org.apache.hadoop.ipc.ProtobufRpcEngine2$Server$ProtoBufRpcInvoker.call(ProtobufRpcEngine2.java:595) [hadoop-common-3.3.6.jar:?]
	at org.apache.hadoop.ipc.ProtobufRpcEngine2$Server$ProtoBufRpcInvoker.call(ProtobufRpcEngine2.java:573) [hadoop-common-3.3.6.jar:?]
	at org.apache.hadoop.ipc.RPC$Server.call(RPC.java:1227) [hadoop-common-3.3.6.jar:?]
	at org.apache.hadoop.ipc.Server$RpcCall.run(Server.java:1094) [hadoop-common-3.3.6.jar:?]
	at org.apache.hadoop.ipc.Server$RpcCall.run(Server.java:1017) [hadoop-common-3.3.6.jar:?]
	at java.security.AccessController.doPrivileged(Native Method) ~[?:1.8.0_382]
	at javax.security.auth.Subject.doAs(Subject.java:422) [?:1.8.0_382]
	at org.apache.hadoop.security.UserGroupInformation.doAs(UserGroupInformation.java:1899) [hadoop-common-3.3.6.jar:?]
	at org.apache.hadoop.ipc.Server$Handler.run(Server.java:3048) [hadoop-common-3.3.6.jar:?]
09:33:54.950 [IPC Server handler 17 on default port 15110] ERROR OMAudit - user=runner | ip=127.0.0.1 | op=GET_FILE_STATUS {volume=volume01359, bucket=bucket03907, key=level0/level2/level2/file1, dataSize=0, replicationConfig=null} | ret=FAILURE
org.apache.hadoop.ozone.om.exceptions.OMException: Unable to get file status: volume: volume01359 bucket: bucket03907 key: level0/level2/level2/file1
	at org.apache.hadoop.ozone.om.KeyManagerImpl.getOzoneFileStatus(KeyManagerImpl.java:1195) ~[ozone-manager-1.4.0-SNAPSHOT.jar:?]
	at org.apache.hadoop.ozone.om.KeyManagerImpl.getFileStatus(KeyManagerImpl.java:1113) ~[ozone-manager-1.4.0-SNAPSHOT.jar:?]
	at org.apache.hadoop.ozone.om.OmMetadataReader.getFileStatus(OmMetadataReader.java:262) ~[ozone-manager-1.4.0-SNAPSHOT.jar:?]
	at org.apache.hadoop.ozone.om.OzoneManager.getFileStatus(OzoneManager.java:3513) ~[ozone-manager-1.4.0-SNAPSHOT.jar:?]
	at org.apache.hadoop.ozone.protocolPB.OzoneManagerRequestHandler.getOzoneFileStatus(OzoneManagerRequestHandler.java:973) ~[ozone-manager-1.4.0-SNAPSHOT.jar:?]
	at org.apache.hadoop.ozone.protocolPB.OzoneManagerRequestHandler.handleReadRequest(OzoneManagerRequestHandler.java:252) ~[ozone-manager-1.4.0-SNAPSHOT.jar:?]
	at org.apache.hadoop.ozone.protocolPB.OzoneManagerProtocolServerSideTranslatorPB.submitReadRequestToOM(OzoneManagerProtocolServerSideTranslatorPB.java:225) ~[ozone-manager-1.4.0-SNAPSHOT.jar:?]
	at org.apache.hadoop.ozone.protocolPB.OzoneManagerProtocolServerSideTranslatorPB.processRequest(OzoneManagerProtocolServerSideTranslatorPB.java:179) ~[ozone-manager-1.4.0-SNAPSHOT.jar:?]
	at org.apache.hadoop.hdds.server.OzoneProtocolMessageDispatcher.processRequest(OzoneProtocolMessageDispatcher.java:87) [hdds-server-framework-1.4.0-SNAPSHOT.jar:?]
	at org.apache.hadoop.ozone.protocolPB.OzoneManagerProtocolServerSideTranslatorPB.submitRequest(OzoneManagerProtocolServerSideTranslatorPB.java:148) [ozone-manager-1.4.0-SNAPSHOT.jar:?]
	at org.apache.hadoop.ozone.protocol.proto.OzoneManagerProtocolProtos$OzoneManagerService$2.callBlockingMethod(OzoneManagerProtocolProtos.java) [ozone-interface-client-1.4.0-SNAPSHOT.jar:?]
	at org.apache.hadoop.ipc.ProtobufRpcEngine$Server.processCall(ProtobufRpcEngine.java:484) [hadoop-common-3.3.6.jar:?]
	at org.apache.hadoop.ipc.ProtobufRpcEngine2$Server$ProtoBufRpcInvoker.call(ProtobufRpcEngine2.java:595) [hadoop-common-3.3.6.jar:?]
	at org.apache.hadoop.ipc.ProtobufRpcEngine2$Server$ProtoBufRpcInvoker.call(ProtobufRpcEngine2.java:573) [hadoop-common-3.3.6.jar:?]
	at org.apache.hadoop.ipc.RPC$Server.call(RPC.java:1227) [hadoop-common-3.3.6.jar:?]
	at org.apache.hadoop.ipc.Server$RpcCall.run(Server.java:1094) [hadoop-common-3.3.6.jar:?]
	at org.apache.hadoop.ipc.Server$RpcCall.run(Server.java:1017) [hadoop-common-3.3.6.jar:?]
	at java.security.AccessController.doPrivileged(Native Method) ~[?:1.8.0_382]
	at javax.security.auth.Subject.doAs(Subject.java:422) [?:1.8.0_382]
	at org.apache.hadoop.security.UserGroupInformation.doAs(UserGroupInformation.java:1899) [hadoop-common-3.3.6.jar:?]
	at org.apache.hadoop.ipc.Server$Handler.run(Server.java:3048) [hadoop-common-3.3.6.jar:?]
09:33:54.952 [IPC Server handler 18 on default port 15110] ERROR OMAudit - user=runner | ip=127.0.0.1 | op=GET_FILE_STATUS {volume=volume01359, bucket=bucket03907, key=level0/level3, dataSize=0, replicationConfig=null} | ret=FAILURE
org.apache.hadoop.ozone.om.exceptions.OMException: Unable to get file status: volume: volume01359 bucket: bucket03907 key: level0/level3
	at org.apache.hadoop.ozone.om.KeyManagerImpl.getOzoneFileStatus(KeyManagerImpl.java:1195) ~[ozone-manager-1.4.0-SNAPSHOT.jar:?]
	at org.apache.hadoop.ozone.om.KeyManagerImpl.getFileStatus(KeyManagerImpl.java:1113) ~[ozone-manager-1.4.0-SNAPSHOT.jar:?]
	at org.apache.hadoop.ozone.om.OmMetadataReader.getFileStatus(OmMetadataReader.java:262) ~[ozone-manager-1.4.0-SNAPSHOT.jar:?]
	at org.apache.hadoop.ozone.om.OzoneManager.getFileStatus(OzoneManager.java:3513) ~[ozone-manager-1.4.0-SNAPSHOT.jar:?]
	at org.apache.hadoop.ozone.protocolPB.OzoneManagerRequestHandler.getOzoneFileStatus(OzoneManagerRequestHandler.java:973) ~[ozone-manager-1.4.0-SNAPSHOT.jar:?]
	at org.apache.hadoop.ozone.protocolPB.OzoneManagerRequestHandler.handleReadRequest(OzoneManagerRequestHandler.java:252) ~[ozone-manager-1.4.0-SNAPSHOT.jar:?]
	at org.apache.hadoop.ozone.protocolPB.OzoneManagerProtocolServerSideTranslatorPB.submitReadRequestToOM(OzoneManagerProtocolServerSideTranslatorPB.java:225) ~[ozone-manager-1.4.0-SNAPSHOT.jar:?]
	at org.apache.hadoop.ozone.protocolPB.OzoneManagerProtocolServerSideTranslatorPB.processRequest(OzoneManagerProtocolServerSideTranslatorPB.java:179) ~[ozone-manager-1.4.0-SNAPSHOT.jar:?]
	at org.apache.hadoop.hdds.server.OzoneProtocolMessageDispatcher.processRequest(OzoneProtocolMessageDispatcher.java:87) [hdds-server-framework-1.4.0-SNAPSHOT.jar:?]
	at org.apache.hadoop.ozone.protocolPB.OzoneManagerProtocolServerSideTranslatorPB.submitRequest(OzoneManagerProtocolServerSideTranslatorPB.java:148) [ozone-manager-1.4.0-SNAPSHOT.jar:?]
	at org.apache.hadoop.ozone.protocol.proto.OzoneManagerProtocolProtos$OzoneManagerService$2.callBlockingMethod(OzoneManagerProtocolProtos.java) [ozone-interface-client-1.4.0-SNAPSHOT.jar:?]
	at org.apache.hadoop.ipc.ProtobufRpcEngine$Server.processCall(ProtobufRpcEngine.java:484) [hadoop-common-3.3.6.jar:?]
	at org.apache.hadoop.ipc.ProtobufRpcEngine2$Server$ProtoBufRpcInvoker.call(ProtobufRpcEngine2.java:595) [hadoop-common-3.3.6.jar:?]
	at org.apache.hadoop.ipc.ProtobufRpcEngine2$Server$ProtoBufRpcInvoker.call(ProtobufRpcEngine2.java:573) [hadoop-common-3.3.6.jar:?]
	at org.apache.hadoop.ipc.RPC$Server.call(RPC.java:1227) [hadoop-common-3.3.6.jar:?]
	at org.apache.hadoop.ipc.Server$RpcCall.run(Server.java:1094) [hadoop-common-3.3.6.jar:?]
	at org.apache.hadoop.ipc.Server$RpcCall.run(Server.java:1017) [hadoop-common-3.3.6.jar:?]
	at java.security.AccessController.doPrivileged(Native Method) ~[?:1.8.0_382]
	at javax.security.auth.Subject.doAs(Subject.java:422) [?:1.8.0_382]
	at org.apache.hadoop.security.UserGroupInformation.doAs(UserGroupInformation.java:1899) [hadoop-common-3.3.6.jar:?]
	at org.apache.hadoop.ipc.Server$Handler.run(Server.java:3048) [hadoop-common-3.3.6.jar:?]
09:33:54.954 [IPC Server handler 19 on default port 15110] ERROR OMAudit - user=runner | ip=127.0.0.1 | op=GET_FILE_STATUS {volume=volume01359, bucket=bucket03907, key=level0/level3/level3, dataSize=0, replicationConfig=null} | ret=FAILURE
org.apache.hadoop.ozone.om.exceptions.OMException: Unable to get file status: volume: volume01359 bucket: bucket03907 key: level0/level3/level3
	at org.apache.hadoop.ozone.om.KeyManagerImpl.getOzoneFileStatus(KeyManagerImpl.java:1195) ~[ozone-manager-1.4.0-SNAPSHOT.jar:?]
	at org.apache.hadoop.ozone.om.KeyManagerImpl.getFileStatus(KeyManagerImpl.java:1113) ~[ozone-manager-1.4.0-SNAPSHOT.jar:?]
	at org.apache.hadoop.ozone.om.OmMetadataReader.getFileStatus(OmMetadataReader.java:262) ~[ozone-manager-1.4.0-SNAPSHOT.jar:?]
	at org.apache.hadoop.ozone.om.OzoneManager.getFileStatus(OzoneManager.java:3513) ~[ozone-manager-1.4.0-SNAPSHOT.jar:?]
	at org.apache.hadoop.ozone.protocolPB.OzoneManagerRequestHandler.getOzoneFileStatus(OzoneManagerRequestHandler.java:973) ~[ozone-manager-1.4.0-SNAPSHOT.jar:?]
	at org.apache.hadoop.ozone.protocolPB.OzoneManagerRequestHandler.handleReadRequest(OzoneManagerRequestHandler.java:252) ~[ozone-manager-1.4.0-SNAPSHOT.jar:?]
	at org.apache.hadoop.ozone.protocolPB.OzoneManagerProtocolServerSideTranslatorPB.submitReadRequestToOM(OzoneManagerProtocolServerSideTranslatorPB.java:225) ~[ozone-manager-1.4.0-SNAPSHOT.jar:?]
	at org.apache.hadoop.ozone.protocolPB.OzoneManagerProtocolServerSideTranslatorPB.processRequest(OzoneManagerProtocolServerSideTranslatorPB.java:179) ~[ozone-manager-1.4.0-SNAPSHOT.jar:?]
	at org.apache.hadoop.hdds.server.OzoneProtocolMessageDispatcher.processRequest(OzoneProtocolMessageDispatcher.java:87) [hdds-server-framework-1.4.0-SNAPSHOT.jar:?]
	at org.apache.hadoop.ozone.protocolPB.OzoneManagerProtocolServerSideTranslatorPB.submitRequest(OzoneManagerProtocolServerSideTranslatorPB.java:148) [ozone-manager-1.4.0-SNAPSHOT.jar:?]
	at org.apache.hadoop.ozone.protocol.proto.OzoneManagerProtocolProtos$OzoneManagerService$2.callBlockingMethod(OzoneManagerProtocolProtos.java) [ozone-interface-client-1.4.0-SNAPSHOT.jar:?]
	at org.apache.hadoop.ipc.ProtobufRpcEngine$Server.processCall(ProtobufRpcEngine.java:484) [hadoop-common-3.3.6.jar:?]
	at org.apache.hadoop.ipc.ProtobufRpcEngine2$Server$ProtoBufRpcInvoker.call(ProtobufRpcEngine2.java:595) [hadoop-common-3.3.6.jar:?]
	at org.apache.hadoop.ipc.ProtobufRpcEngine2$Server$ProtoBufRpcInvoker.call(ProtobufRpcEngine2.java:573) [hadoop-common-3.3.6.jar:?]
	at org.apache.hadoop.ipc.RPC$Server.call(RPC.java:1227) [hadoop-common-3.3.6.jar:?]
	at org.apache.hadoop.ipc.Server$RpcCall.run(Server.java:1094) [hadoop-common-3.3.6.jar:?]
	at org.apache.hadoop.ipc.Server$RpcCall.run(Server.java:1017) [hadoop-common-3.3.6.jar:?]
	at java.security.AccessController.doPrivileged(Native Method) ~[?:1.8.0_382]
	at javax.security.auth.Subject.doAs(Subject.java:422) [?:1.8.0_382]
	at org.apache.hadoop.security.UserGroupInformation.doAs(UserGroupInformation.java:1899) [hadoop-common-3.3.6.jar:?]
	at org.apache.hadoop.ipc.Server$Handler.run(Server.java:3048) [hadoop-common-3.3.6.jar:?]
09:33:54.955 [IPC Server handler 1 on default port 15110] ERROR OMAudit - user=runner | ip=127.0.0.1 | op=GET_FILE_STATUS {volume=volume01359, bucket=bucket03907, key=level0/level3/file1, dataSize=0, replicationConfig=null} | ret=FAILURE
org.apache.hadoop.ozone.om.exceptions.OMException: Unable to get file status: volume: volume01359 bucket: bucket03907 key: level0/level3/file1
	at org.apache.hadoop.ozone.om.KeyManagerImpl.getOzoneFileStatus(KeyManagerImpl.java:1195) ~[ozone-manager-1.4.0-SNAPSHOT.jar:?]
	at org.apache.hadoop.ozone.om.KeyManagerImpl.getFileStatus(KeyManagerImpl.java:1113) ~[ozone-manager-1.4.0-SNAPSHOT.jar:?]
	at org.apache.hadoop.ozone.om.OmMetadataReader.getFileStatus(OmMetadataReader.java:262) ~[ozone-manager-1.4.0-SNAPSHOT.jar:?]
	at org.apache.hadoop.ozone.om.OzoneManager.getFileStatus(OzoneManager.java:3513) ~[ozone-manager-1.4.0-SNAPSHOT.jar:?]
	at org.apache.hadoop.ozone.protocolPB.OzoneManagerRequestHandler.getOzoneFileStatus(OzoneManagerRequestHandler.java:973) ~[ozone-manager-1.4.0-SNAPSHOT.jar:?]
	at org.apache.hadoop.ozone.protocolPB.OzoneManagerRequestHandler.handleReadRequest(OzoneManagerRequestHandler.java:252) ~[ozone-manager-1.4.0-SNAPSHOT.jar:?]
	at org.apache.hadoop.ozone.protocolPB.OzoneManagerProtocolServerSideTranslatorPB.submitReadRequestToOM(OzoneManagerProtocolServerSideTranslatorPB.java:225) ~[ozone-manager-1.4.0-SNAPSHOT.jar:?]
	at org.apache.hadoop.ozone.protocolPB.OzoneManagerProtocolServerSideTranslatorPB.processRequest(OzoneManagerProtocolServerSideTranslatorPB.java:179) ~[ozone-manager-1.4.0-SNAPSHOT.jar:?]
	at org.apache.hadoop.hdds.server.OzoneProtocolMessageDispatcher.processRequest(OzoneProtocolMessageDispatcher.java:87) [hdds-server-framework-1.4.0-SNAPSHOT.jar:?]
	at org.apache.hadoop.ozone.protocolPB.OzoneManagerProtocolServerSideTranslatorPB.submitRequest(OzoneManagerProtocolServerSideTranslatorPB.java:148) [ozone-manager-1.4.0-SNAPSHOT.jar:?]
	at org.apache.hadoop.ozone.protocol.proto.OzoneManagerProtocolProtos$OzoneManagerService$2.callBlockingMethod(OzoneManagerProtocolProtos.java) [ozone-interface-client-1.4.0-SNAPSHOT.jar:?]
	at org.apache.hadoop.ipc.ProtobufRpcEngine$Server.processCall(ProtobufRpcEngine.java:484) [hadoop-common-3.3.6.jar:?]
	at org.apache.hadoop.ipc.ProtobufRpcEngine2$Server$ProtoBufRpcInvoker.call(ProtobufRpcEngine2.java:595) [hadoop-common-3.3.6.jar:?]
	at org.apache.hadoop.ipc.ProtobufRpcEngine2$Server$ProtoBufRpcInvoker.call(ProtobufRpcEngine2.java:573) [hadoop-common-3.3.6.jar:?]
	at org.apache.hadoop.ipc.RPC$Server.call(RPC.java:1227) [hadoop-common-3.3.6.jar:?]
	at org.apache.hadoop.ipc.Server$RpcCall.run(Server.java:1094) [hadoop-common-3.3.6.jar:?]
	at org.apache.hadoop.ipc.Server$RpcCall.run(Server.java:1017) [hadoop-common-3.3.6.jar:?]
	at java.security.AccessController.doPrivileged(Native Method) ~[?:1.8.0_382]
	at javax.security.auth.Subject.doAs(Subject.java:422) [?:1.8.0_382]
	at org.apache.hadoop.security.UserGroupInformation.doAs(UserGroupInformation.java:1899) [hadoop-common-3.3.6.jar:?]
	at org.apache.hadoop.ipc.Server$Handler.run(Server.java:3048) [hadoop-common-3.3.6.jar:?]
09:33:54.956 [IPC Server handler 0 on default port 15110] ERROR OMAudit - user=runner | ip=127.0.0.1 | op=GET_FILE_STATUS {volume=volume01359, bucket=bucket03907, key=level0/level3/level3/file1, dataSize=0, replicationConfig=null} | ret=FAILURE
org.apache.hadoop.ozone.om.exceptions.OMException: Unable to get file status: volume: volume01359 bucket: bucket03907 key: level0/level3/level3/file1
	at org.apache.hadoop.ozone.om.KeyManagerImpl.getOzoneFileStatus(KeyManagerImpl.java:1195) ~[ozone-manager-1.4.0-SNAPSHOT.jar:?]
	at org.apache.hadoop.ozone.om.KeyManagerImpl.getFileStatus(KeyManagerImpl.java:1113) ~[ozone-manager-1.4.0-SNAPSHOT.jar:?]
	at org.apache.hadoop.ozone.om.OmMetadataReader.getFileStatus(OmMetadataReader.java:262) ~[ozone-manager-1.4.0-SNAPSHOT.jar:?]
	at org.apache.hadoop.ozone.om.OzoneManager.getFileStatus(OzoneManager.java:3513) ~[ozone-manager-1.4.0-SNAPSHOT.jar:?]
	at org.apache.hadoop.ozone.protocolPB.OzoneManagerRequestHandler.getOzoneFileStatus(OzoneManagerRequestHandler.java:973) ~[ozone-manager-1.4.0-SNAPSHOT.jar:?]
	at org.apache.hadoop.ozone.protocolPB.OzoneManagerRequestHandler.handleReadRequest(OzoneManagerRequestHandler.java:252) ~[ozone-manager-1.4.0-SNAPSHOT.jar:?]
	at org.apache.hadoop.ozone.protocolPB.OzoneManagerProtocolServerSideTranslatorPB.submitReadRequestToOM(OzoneManagerProtocolServerSideTranslatorPB.java:225) ~[ozone-manager-1.4.0-SNAPSHOT.jar:?]
	at org.apache.hadoop.ozone.protocolPB.OzoneManagerProtocolServerSideTranslatorPB.processRequest(OzoneManagerProtocolServerSideTranslatorPB.java:179) ~[ozone-manager-1.4.0-SNAPSHOT.jar:?]
	at org.apache.hadoop.hdds.server.OzoneProtocolMessageDispatcher.processRequest(OzoneProtocolMessageDispatcher.java:87) [hdds-server-framework-1.4.0-SNAPSHOT.jar:?]
	at org.apache.hadoop.ozone.protocolPB.OzoneManagerProtocolServerSideTranslatorPB.submitRequest(OzoneManagerProtocolServerSideTranslatorPB.java:148) [ozone-manager-1.4.0-SNAPSHOT.jar:?]
	at org.apache.hadoop.ozone.protocol.proto.OzoneManagerProtocolProtos$OzoneManagerService$2.callBlockingMethod(OzoneManagerProtocolProtos.java) [ozone-interface-client-1.4.0-SNAPSHOT.jar:?]
	at org.apache.hadoop.ipc.ProtobufRpcEngine$Server.processCall(ProtobufRpcEngine.java:484) [hadoop-common-3.3.6.jar:?]
	at org.apache.hadoop.ipc.ProtobufRpcEngine2$Server$ProtoBufRpcInvoker.call(ProtobufRpcEngine2.java:595) [hadoop-common-3.3.6.jar:?]
	at org.apache.hadoop.ipc.ProtobufRpcEngine2$Server$ProtoBufRpcInvoker.call(ProtobufRpcEngine2.java:573) [hadoop-common-3.3.6.jar:?]
	at org.apache.hadoop.ipc.RPC$Server.call(RPC.java:1227) [hadoop-common-3.3.6.jar:?]
	at org.apache.hadoop.ipc.Server$RpcCall.run(Server.java:1094) [hadoop-common-3.3.6.jar:?]
	at org.apache.hadoop.ipc.Server$RpcCall.run(Server.java:1017) [hadoop-common-3.3.6.jar:?]
	at java.security.AccessController.doPrivileged(Native Method) ~[?:1.8.0_382]
	at javax.security.auth.Subject.doAs(Subject.java:422) [?:1.8.0_382]
	at org.apache.hadoop.security.UserGroupInformation.doAs(UserGroupInformation.java:1899) [hadoop-common-3.3.6.jar:?]
	at org.apache.hadoop.ipc.Server$Handler.run(Server.java:3048) [hadoop-common-3.3.6.jar:?]
]]></system-out>
  </testcase>
  <testcase name="testRecursiveDelete" classname="TestOzoneFileSystem" time="0.142">
    <system-out><![CDATA[09:35:05.574 [IPC Server handler 15 on default port 15163] ERROR OMAudit - user=runner | ip=127.0.0.1 | op=GET_FILE_STATUS {volume=volume82570, bucket=bucket71984, key=gdir1, dataSize=0, replicationConfig=null} | ret=FAILURE
org.apache.hadoop.ozone.om.exceptions.OMException: Unable to get file status: volume: volume82570 bucket: bucket71984 key: gdir1
	at org.apache.hadoop.ozone.om.KeyManagerImpl.getOzoneFileStatus(KeyManagerImpl.java:1195) ~[ozone-manager-1.4.0-SNAPSHOT.jar:?]
	at org.apache.hadoop.ozone.om.KeyManagerImpl.getFileStatus(KeyManagerImpl.java:1113) ~[ozone-manager-1.4.0-SNAPSHOT.jar:?]
	at org.apache.hadoop.ozone.om.OmMetadataReader.getFileStatus(OmMetadataReader.java:262) ~[ozone-manager-1.4.0-SNAPSHOT.jar:?]
	at org.apache.hadoop.ozone.om.OzoneManager.getFileStatus(OzoneManager.java:3513) ~[ozone-manager-1.4.0-SNAPSHOT.jar:?]
	at org.apache.hadoop.ozone.protocolPB.OzoneManagerRequestHandler.getOzoneFileStatus(OzoneManagerRequestHandler.java:973) ~[ozone-manager-1.4.0-SNAPSHOT.jar:?]
	at org.apache.hadoop.ozone.protocolPB.OzoneManagerRequestHandler.handleReadRequest(OzoneManagerRequestHandler.java:252) ~[ozone-manager-1.4.0-SNAPSHOT.jar:?]
	at org.apache.hadoop.ozone.protocolPB.OzoneManagerProtocolServerSideTranslatorPB.submitRequestDirectlyToOM(OzoneManagerProtocolServerSideTranslatorPB.java:274) ~[ozone-manager-1.4.0-SNAPSHOT.jar:?]
	at org.apache.hadoop.ozone.protocolPB.OzoneManagerProtocolServerSideTranslatorPB.processRequest(OzoneManagerProtocolServerSideTranslatorPB.java:175) ~[ozone-manager-1.4.0-SNAPSHOT.jar:?]
	at org.apache.hadoop.hdds.server.OzoneProtocolMessageDispatcher.processRequest(OzoneProtocolMessageDispatcher.java:87) [hdds-server-framework-1.4.0-SNAPSHOT.jar:?]
	at org.apache.hadoop.ozone.protocolPB.OzoneManagerProtocolServerSideTranslatorPB.submitRequest(OzoneManagerProtocolServerSideTranslatorPB.java:148) [ozone-manager-1.4.0-SNAPSHOT.jar:?]
	at org.apache.hadoop.ozone.protocol.proto.OzoneManagerProtocolProtos$OzoneManagerService$2.callBlockingMethod(OzoneManagerProtocolProtos.java) [ozone-interface-client-1.4.0-SNAPSHOT.jar:?]
	at org.apache.hadoop.ipc.ProtobufRpcEngine$Server.processCall(ProtobufRpcEngine.java:484) [hadoop-common-3.3.6.jar:?]
	at org.apache.hadoop.ipc.ProtobufRpcEngine2$Server$ProtoBufRpcInvoker.call(ProtobufRpcEngine2.java:595) [hadoop-common-3.3.6.jar:?]
	at org.apache.hadoop.ipc.ProtobufRpcEngine2$Server$ProtoBufRpcInvoker.call(ProtobufRpcEngine2.java:573) [hadoop-common-3.3.6.jar:?]
	at org.apache.hadoop.ipc.RPC$Server.call(RPC.java:1227) [hadoop-common-3.3.6.jar:?]
	at org.apache.hadoop.ipc.Server$RpcCall.run(Server.java:1094) [hadoop-common-3.3.6.jar:?]
	at org.apache.hadoop.ipc.Server$RpcCall.run(Server.java:1017) [hadoop-common-3.3.6.jar:?]
	at java.security.AccessController.doPrivileged(Native Method) ~[?:1.8.0_382]
	at javax.security.auth.Subject.doAs(Subject.java:422) [?:1.8.0_382]
	at org.apache.hadoop.security.UserGroupInformation.doAs(UserGroupInformation.java:1899) [hadoop-common-3.3.6.jar:?]
	at org.apache.hadoop.ipc.Server$Handler.run(Server.java:3048) [hadoop-common-3.3.6.jar:?]
09:35:05.575 [IPC Server handler 16 on default port 15163] ERROR OMAudit - user=runner | ip=127.0.0.1 | op=GET_FILE_STATUS {volume=volume82570, bucket=bucket71984, key=gdir1/dir1, dataSize=0, replicationConfig=null} | ret=FAILURE
org.apache.hadoop.ozone.om.exceptions.OMException: Unable to get file status: volume: volume82570 bucket: bucket71984 key: gdir1/dir1
	at org.apache.hadoop.ozone.om.KeyManagerImpl.getOzoneFileStatus(KeyManagerImpl.java:1195) ~[ozone-manager-1.4.0-SNAPSHOT.jar:?]
	at org.apache.hadoop.ozone.om.KeyManagerImpl.getFileStatus(KeyManagerImpl.java:1113) ~[ozone-manager-1.4.0-SNAPSHOT.jar:?]
	at org.apache.hadoop.ozone.om.OmMetadataReader.getFileStatus(OmMetadataReader.java:262) ~[ozone-manager-1.4.0-SNAPSHOT.jar:?]
	at org.apache.hadoop.ozone.om.OzoneManager.getFileStatus(OzoneManager.java:3513) ~[ozone-manager-1.4.0-SNAPSHOT.jar:?]
	at org.apache.hadoop.ozone.protocolPB.OzoneManagerRequestHandler.getOzoneFileStatus(OzoneManagerRequestHandler.java:973) ~[ozone-manager-1.4.0-SNAPSHOT.jar:?]
	at org.apache.hadoop.ozone.protocolPB.OzoneManagerRequestHandler.handleReadRequest(OzoneManagerRequestHandler.java:252) ~[ozone-manager-1.4.0-SNAPSHOT.jar:?]
	at org.apache.hadoop.ozone.protocolPB.OzoneManagerProtocolServerSideTranslatorPB.submitRequestDirectlyToOM(OzoneManagerProtocolServerSideTranslatorPB.java:274) ~[ozone-manager-1.4.0-SNAPSHOT.jar:?]
	at org.apache.hadoop.ozone.protocolPB.OzoneManagerProtocolServerSideTranslatorPB.processRequest(OzoneManagerProtocolServerSideTranslatorPB.java:175) ~[ozone-manager-1.4.0-SNAPSHOT.jar:?]
	at org.apache.hadoop.hdds.server.OzoneProtocolMessageDispatcher.processRequest(OzoneProtocolMessageDispatcher.java:87) [hdds-server-framework-1.4.0-SNAPSHOT.jar:?]
	at org.apache.hadoop.ozone.protocolPB.OzoneManagerProtocolServerSideTranslatorPB.submitRequest(OzoneManagerProtocolServerSideTranslatorPB.java:148) [ozone-manager-1.4.0-SNAPSHOT.jar:?]
	at org.apache.hadoop.ozone.protocol.proto.OzoneManagerProtocolProtos$OzoneManagerService$2.callBlockingMethod(OzoneManagerProtocolProtos.java) [ozone-interface-client-1.4.0-SNAPSHOT.jar:?]
	at org.apache.hadoop.ipc.ProtobufRpcEngine$Server.processCall(ProtobufRpcEngine.java:484) [hadoop-common-3.3.6.jar:?]
	at org.apache.hadoop.ipc.ProtobufRpcEngine2$Server$ProtoBufRpcInvoker.call(ProtobufRpcEngine2.java:595) [hadoop-common-3.3.6.jar:?]
	at org.apache.hadoop.ipc.ProtobufRpcEngine2$Server$ProtoBufRpcInvoker.call(ProtobufRpcEngine2.java:573) [hadoop-common-3.3.6.jar:?]
	at org.apache.hadoop.ipc.RPC$Server.call(RPC.java:1227) [hadoop-common-3.3.6.jar:?]
	at org.apache.hadoop.ipc.Server$RpcCall.run(Server.java:1094) [hadoop-common-3.3.6.jar:?]
	at org.apache.hadoop.ipc.Server$RpcCall.run(Server.java:1017) [hadoop-common-3.3.6.jar:?]
	at java.security.AccessController.doPrivileged(Native Method) ~[?:1.8.0_382]
	at javax.security.auth.Subject.doAs(Subject.java:422) [?:1.8.0_382]
	at org.apache.hadoop.security.UserGroupInformation.doAs(UserGroupInformation.java:1899) [hadoop-common-3.3.6.jar:?]
	at org.apache.hadoop.ipc.Server$Handler.run(Server.java:3048) [hadoop-common-3.3.6.jar:?]
09:35:05.576 [IPC Server handler 17 on default port 15163] ERROR OMAudit - user=runner | ip=127.0.0.1 | op=GET_FILE_STATUS {volume=volume82570, bucket=bucket71984, key=gdir1/dir1/child, dataSize=0, replicationConfig=null} | ret=FAILURE
org.apache.hadoop.ozone.om.exceptions.OMException: Unable to get file status: volume: volume82570 bucket: bucket71984 key: gdir1/dir1/child
	at org.apache.hadoop.ozone.om.KeyManagerImpl.getOzoneFileStatus(KeyManagerImpl.java:1195) ~[ozone-manager-1.4.0-SNAPSHOT.jar:?]
	at org.apache.hadoop.ozone.om.KeyManagerImpl.getFileStatus(KeyManagerImpl.java:1113) ~[ozone-manager-1.4.0-SNAPSHOT.jar:?]
	at org.apache.hadoop.ozone.om.OmMetadataReader.getFileStatus(OmMetadataReader.java:262) ~[ozone-manager-1.4.0-SNAPSHOT.jar:?]
	at org.apache.hadoop.ozone.om.OzoneManager.getFileStatus(OzoneManager.java:3513) ~[ozone-manager-1.4.0-SNAPSHOT.jar:?]
	at org.apache.hadoop.ozone.protocolPB.OzoneManagerRequestHandler.getOzoneFileStatus(OzoneManagerRequestHandler.java:973) ~[ozone-manager-1.4.0-SNAPSHOT.jar:?]
	at org.apache.hadoop.ozone.protocolPB.OzoneManagerRequestHandler.handleReadRequest(OzoneManagerRequestHandler.java:252) ~[ozone-manager-1.4.0-SNAPSHOT.jar:?]
	at org.apache.hadoop.ozone.protocolPB.OzoneManagerProtocolServerSideTranslatorPB.submitRequestDirectlyToOM(OzoneManagerProtocolServerSideTranslatorPB.java:274) ~[ozone-manager-1.4.0-SNAPSHOT.jar:?]
	at org.apache.hadoop.ozone.protocolPB.OzoneManagerProtocolServerSideTranslatorPB.processRequest(OzoneManagerProtocolServerSideTranslatorPB.java:175) ~[ozone-manager-1.4.0-SNAPSHOT.jar:?]
	at org.apache.hadoop.hdds.server.OzoneProtocolMessageDispatcher.processRequest(OzoneProtocolMessageDispatcher.java:87) [hdds-server-framework-1.4.0-SNAPSHOT.jar:?]
	at org.apache.hadoop.ozone.protocolPB.OzoneManagerProtocolServerSideTranslatorPB.submitRequest(OzoneManagerProtocolServerSideTranslatorPB.java:148) [ozone-manager-1.4.0-SNAPSHOT.jar:?]
	at org.apache.hadoop.ozone.protocol.proto.OzoneManagerProtocolProtos$OzoneManagerService$2.callBlockingMethod(OzoneManagerProtocolProtos.java) [ozone-interface-client-1.4.0-SNAPSHOT.jar:?]
	at org.apache.hadoop.ipc.ProtobufRpcEngine$Server.processCall(ProtobufRpcEngine.java:484) [hadoop-common-3.3.6.jar:?]
	at org.apache.hadoop.ipc.ProtobufRpcEngine2$Server$ProtoBufRpcInvoker.call(ProtobufRpcEngine2.java:595) [hadoop-common-3.3.6.jar:?]
	at org.apache.hadoop.ipc.ProtobufRpcEngine2$Server$ProtoBufRpcInvoker.call(ProtobufRpcEngine2.java:573) [hadoop-common-3.3.6.jar:?]
	at org.apache.hadoop.ipc.RPC$Server.call(RPC.java:1227) [hadoop-common-3.3.6.jar:?]
	at org.apache.hadoop.ipc.Server$RpcCall.run(Server.java:1094) [hadoop-common-3.3.6.jar:?]
	at org.apache.hadoop.ipc.Server$RpcCall.run(Server.java:1017) [hadoop-common-3.3.6.jar:?]
	at java.security.AccessController.doPrivileged(Native Method) ~[?:1.8.0_382]
	at javax.security.auth.Subject.doAs(Subject.java:422) [?:1.8.0_382]
	at org.apache.hadoop.security.UserGroupInformation.doAs(UserGroupInformation.java:1899) [hadoop-common-3.3.6.jar:?]
	at org.apache.hadoop.ipc.Server$Handler.run(Server.java:3048) [hadoop-common-3.3.6.jar:?]
09:35:05.576 [IPC Server handler 18 on default port 15163] ERROR OMAudit - user=runner | ip=127.0.0.1 | op=GET_FILE_STATUS {volume=volume82570, bucket=bucket71984, key=gdir1/dir2, dataSize=0, replicationConfig=null} | ret=FAILURE
org.apache.hadoop.ozone.om.exceptions.OMException: Unable to get file status: volume: volume82570 bucket: bucket71984 key: gdir1/dir2
	at org.apache.hadoop.ozone.om.KeyManagerImpl.getOzoneFileStatus(KeyManagerImpl.java:1195) ~[ozone-manager-1.4.0-SNAPSHOT.jar:?]
	at org.apache.hadoop.ozone.om.KeyManagerImpl.getFileStatus(KeyManagerImpl.java:1113) ~[ozone-manager-1.4.0-SNAPSHOT.jar:?]
	at org.apache.hadoop.ozone.om.OmMetadataReader.getFileStatus(OmMetadataReader.java:262) ~[ozone-manager-1.4.0-SNAPSHOT.jar:?]
	at org.apache.hadoop.ozone.om.OzoneManager.getFileStatus(OzoneManager.java:3513) ~[ozone-manager-1.4.0-SNAPSHOT.jar:?]
	at org.apache.hadoop.ozone.protocolPB.OzoneManagerRequestHandler.getOzoneFileStatus(OzoneManagerRequestHandler.java:973) ~[ozone-manager-1.4.0-SNAPSHOT.jar:?]
	at org.apache.hadoop.ozone.protocolPB.OzoneManagerRequestHandler.handleReadRequest(OzoneManagerRequestHandler.java:252) ~[ozone-manager-1.4.0-SNAPSHOT.jar:?]
	at org.apache.hadoop.ozone.protocolPB.OzoneManagerProtocolServerSideTranslatorPB.submitRequestDirectlyToOM(OzoneManagerProtocolServerSideTranslatorPB.java:274) ~[ozone-manager-1.4.0-SNAPSHOT.jar:?]
	at org.apache.hadoop.ozone.protocolPB.OzoneManagerProtocolServerSideTranslatorPB.processRequest(OzoneManagerProtocolServerSideTranslatorPB.java:175) ~[ozone-manager-1.4.0-SNAPSHOT.jar:?]
	at org.apache.hadoop.hdds.server.OzoneProtocolMessageDispatcher.processRequest(OzoneProtocolMessageDispatcher.java:87) [hdds-server-framework-1.4.0-SNAPSHOT.jar:?]
	at org.apache.hadoop.ozone.protocolPB.OzoneManagerProtocolServerSideTranslatorPB.submitRequest(OzoneManagerProtocolServerSideTranslatorPB.java:148) [ozone-manager-1.4.0-SNAPSHOT.jar:?]
	at org.apache.hadoop.ozone.protocol.proto.OzoneManagerProtocolProtos$OzoneManagerService$2.callBlockingMethod(OzoneManagerProtocolProtos.java) [ozone-interface-client-1.4.0-SNAPSHOT.jar:?]
	at org.apache.hadoop.ipc.ProtobufRpcEngine$Server.processCall(ProtobufRpcEngine.java:484) [hadoop-common-3.3.6.jar:?]
	at org.apache.hadoop.ipc.ProtobufRpcEngine2$Server$ProtoBufRpcInvoker.call(ProtobufRpcEngine2.java:595) [hadoop-common-3.3.6.jar:?]
	at org.apache.hadoop.ipc.ProtobufRpcEngine2$Server$ProtoBufRpcInvoker.call(ProtobufRpcEngine2.java:573) [hadoop-common-3.3.6.jar:?]
	at org.apache.hadoop.ipc.RPC$Server.call(RPC.java:1227) [hadoop-common-3.3.6.jar:?]
	at org.apache.hadoop.ipc.Server$RpcCall.run(Server.java:1094) [hadoop-common-3.3.6.jar:?]
	at org.apache.hadoop.ipc.Server$RpcCall.run(Server.java:1017) [hadoop-common-3.3.6.jar:?]
	at java.security.AccessController.doPrivileged(Native Method) ~[?:1.8.0_382]
	at javax.security.auth.Subject.doAs(Subject.java:422) [?:1.8.0_382]
	at org.apache.hadoop.security.UserGroupInformation.doAs(UserGroupInformation.java:1899) [hadoop-common-3.3.6.jar:?]
	at org.apache.hadoop.ipc.Server$Handler.run(Server.java:3048) [hadoop-common-3.3.6.jar:?]
09:35:05.577 [IPC Server handler 19 on default port 15163] ERROR OMAudit - user=runner | ip=127.0.0.1 | op=GET_FILE_STATUS {volume=volume82570, bucket=bucket71984, key=gdir1/dir2/child, dataSize=0, replicationConfig=null} | ret=FAILURE
org.apache.hadoop.ozone.om.exceptions.OMException: Unable to get file status: volume: volume82570 bucket: bucket71984 key: gdir1/dir2/child
	at org.apache.hadoop.ozone.om.KeyManagerImpl.getOzoneFileStatus(KeyManagerImpl.java:1195) ~[ozone-manager-1.4.0-SNAPSHOT.jar:?]
	at org.apache.hadoop.ozone.om.KeyManagerImpl.getFileStatus(KeyManagerImpl.java:1113) ~[ozone-manager-1.4.0-SNAPSHOT.jar:?]
	at org.apache.hadoop.ozone.om.OmMetadataReader.getFileStatus(OmMetadataReader.java:262) ~[ozone-manager-1.4.0-SNAPSHOT.jar:?]
	at org.apache.hadoop.ozone.om.OzoneManager.getFileStatus(OzoneManager.java:3513) ~[ozone-manager-1.4.0-SNAPSHOT.jar:?]
	at org.apache.hadoop.ozone.protocolPB.OzoneManagerRequestHandler.getOzoneFileStatus(OzoneManagerRequestHandler.java:973) ~[ozone-manager-1.4.0-SNAPSHOT.jar:?]
	at org.apache.hadoop.ozone.protocolPB.OzoneManagerRequestHandler.handleReadRequest(OzoneManagerRequestHandler.java:252) ~[ozone-manager-1.4.0-SNAPSHOT.jar:?]
	at org.apache.hadoop.ozone.protocolPB.OzoneManagerProtocolServerSideTranslatorPB.submitRequestDirectlyToOM(OzoneManagerProtocolServerSideTranslatorPB.java:274) ~[ozone-manager-1.4.0-SNAPSHOT.jar:?]
	at org.apache.hadoop.ozone.protocolPB.OzoneManagerProtocolServerSideTranslatorPB.processRequest(OzoneManagerProtocolServerSideTranslatorPB.java:175) ~[ozone-manager-1.4.0-SNAPSHOT.jar:?]
	at org.apache.hadoop.hdds.server.OzoneProtocolMessageDispatcher.processRequest(OzoneProtocolMessageDispatcher.java:87) [hdds-server-framework-1.4.0-SNAPSHOT.jar:?]
	at org.apache.hadoop.ozone.protocolPB.OzoneManagerProtocolServerSideTranslatorPB.submitRequest(OzoneManagerProtocolServerSideTranslatorPB.java:148) [ozone-manager-1.4.0-SNAPSHOT.jar:?]
	at org.apache.hadoop.ozone.protocol.proto.OzoneManagerProtocolProtos$OzoneManagerService$2.callBlockingMethod(OzoneManagerProtocolProtos.java) [ozone-interface-client-1.4.0-SNAPSHOT.jar:?]
	at org.apache.hadoop.ipc.ProtobufRpcEngine$Server.processCall(ProtobufRpcEngine.java:484) [hadoop-common-3.3.6.jar:?]
	at org.apache.hadoop.ipc.ProtobufRpcEngine2$Server$ProtoBufRpcInvoker.call(ProtobufRpcEngine2.java:595) [hadoop-common-3.3.6.jar:?]
	at org.apache.hadoop.ipc.ProtobufRpcEngine2$Server$ProtoBufRpcInvoker.call(ProtobufRpcEngine2.java:573) [hadoop-common-3.3.6.jar:?]
	at org.apache.hadoop.ipc.RPC$Server.call(RPC.java:1227) [hadoop-common-3.3.6.jar:?]
	at org.apache.hadoop.ipc.Server$RpcCall.run(Server.java:1094) [hadoop-common-3.3.6.jar:?]
	at org.apache.hadoop.ipc.Server$RpcCall.run(Server.java:1017) [hadoop-common-3.3.6.jar:?]
	at java.security.AccessController.doPrivileged(Native Method) ~[?:1.8.0_382]
	at javax.security.auth.Subject.doAs(Subject.java:422) [?:1.8.0_382]
	at org.apache.hadoop.security.UserGroupInformation.doAs(UserGroupInformation.java:1899) [hadoop-common-3.3.6.jar:?]
	at org.apache.hadoop.ipc.Server$Handler.run(Server.java:3048) [hadoop-common-3.3.6.jar:?]
09:35:05.578 [IPC Server handler 0 on default port 15163] ERROR OMAudit - user=runner | ip=127.0.0.1 | op=GET_FILE_STATUS {volume=volume82570, bucket=bucket71984, key=gdir1/dir3, dataSize=0, replicationConfig=null} | ret=FAILURE
org.apache.hadoop.ozone.om.exceptions.OMException: Unable to get file status: volume: volume82570 bucket: bucket71984 key: gdir1/dir3
	at org.apache.hadoop.ozone.om.KeyManagerImpl.getOzoneFileStatus(KeyManagerImpl.java:1195) ~[ozone-manager-1.4.0-SNAPSHOT.jar:?]
	at org.apache.hadoop.ozone.om.KeyManagerImpl.getFileStatus(KeyManagerImpl.java:1113) ~[ozone-manager-1.4.0-SNAPSHOT.jar:?]
	at org.apache.hadoop.ozone.om.OmMetadataReader.getFileStatus(OmMetadataReader.java:262) ~[ozone-manager-1.4.0-SNAPSHOT.jar:?]
	at org.apache.hadoop.ozone.om.OzoneManager.getFileStatus(OzoneManager.java:3513) ~[ozone-manager-1.4.0-SNAPSHOT.jar:?]
	at org.apache.hadoop.ozone.protocolPB.OzoneManagerRequestHandler.getOzoneFileStatus(OzoneManagerRequestHandler.java:973) ~[ozone-manager-1.4.0-SNAPSHOT.jar:?]
	at org.apache.hadoop.ozone.protocolPB.OzoneManagerRequestHandler.handleReadRequest(OzoneManagerRequestHandler.java:252) ~[ozone-manager-1.4.0-SNAPSHOT.jar:?]
	at org.apache.hadoop.ozone.protocolPB.OzoneManagerProtocolServerSideTranslatorPB.submitRequestDirectlyToOM(OzoneManagerProtocolServerSideTranslatorPB.java:274) ~[ozone-manager-1.4.0-SNAPSHOT.jar:?]
	at org.apache.hadoop.ozone.protocolPB.OzoneManagerProtocolServerSideTranslatorPB.processRequest(OzoneManagerProtocolServerSideTranslatorPB.java:175) ~[ozone-manager-1.4.0-SNAPSHOT.jar:?]
	at org.apache.hadoop.hdds.server.OzoneProtocolMessageDispatcher.processRequest(OzoneProtocolMessageDispatcher.java:87) [hdds-server-framework-1.4.0-SNAPSHOT.jar:?]
	at org.apache.hadoop.ozone.protocolPB.OzoneManagerProtocolServerSideTranslatorPB.submitRequest(OzoneManagerProtocolServerSideTranslatorPB.java:148) [ozone-manager-1.4.0-SNAPSHOT.jar:?]
	at org.apache.hadoop.ozone.protocol.proto.OzoneManagerProtocolProtos$OzoneManagerService$2.callBlockingMethod(OzoneManagerProtocolProtos.java) [ozone-interface-client-1.4.0-SNAPSHOT.jar:?]
	at org.apache.hadoop.ipc.ProtobufRpcEngine$Server.processCall(ProtobufRpcEngine.java:484) [hadoop-common-3.3.6.jar:?]
	at org.apache.hadoop.ipc.ProtobufRpcEngine2$Server$ProtoBufRpcInvoker.call(ProtobufRpcEngine2.java:595) [hadoop-common-3.3.6.jar:?]
	at org.apache.hadoop.ipc.ProtobufRpcEngine2$Server$ProtoBufRpcInvoker.call(ProtobufRpcEngine2.java:573) [hadoop-common-3.3.6.jar:?]
	at org.apache.hadoop.ipc.RPC$Server.call(RPC.java:1227) [hadoop-common-3.3.6.jar:?]
	at org.apache.hadoop.ipc.Server$RpcCall.run(Server.java:1094) [hadoop-common-3.3.6.jar:?]
	at org.apache.hadoop.ipc.Server$RpcCall.run(Server.java:1017) [hadoop-common-3.3.6.jar:?]
	at java.security.AccessController.doPrivileged(Native Method) ~[?:1.8.0_382]
	at javax.security.auth.Subject.doAs(Subject.java:422) [?:1.8.0_382]
	at org.apache.hadoop.security.UserGroupInformation.doAs(UserGroupInformation.java:1899) [hadoop-common-3.3.6.jar:?]
	at org.apache.hadoop.ipc.Server$Handler.run(Server.java:3048) [hadoop-common-3.3.6.jar:?]
09:35:05.579 [IPC Server handler 1 on default port 15163] ERROR OMAudit - user=runner | ip=127.0.0.1 | op=GET_FILE_STATUS {volume=volume82570, bucket=bucket71984, key=gdir1/dir3/child, dataSize=0, replicationConfig=null} | ret=FAILURE
org.apache.hadoop.ozone.om.exceptions.OMException: Unable to get file status: volume: volume82570 bucket: bucket71984 key: gdir1/dir3/child
	at org.apache.hadoop.ozone.om.KeyManagerImpl.getOzoneFileStatus(KeyManagerImpl.java:1195) ~[ozone-manager-1.4.0-SNAPSHOT.jar:?]
	at org.apache.hadoop.ozone.om.KeyManagerImpl.getFileStatus(KeyManagerImpl.java:1113) ~[ozone-manager-1.4.0-SNAPSHOT.jar:?]
	at org.apache.hadoop.ozone.om.OmMetadataReader.getFileStatus(OmMetadataReader.java:262) ~[ozone-manager-1.4.0-SNAPSHOT.jar:?]
	at org.apache.hadoop.ozone.om.OzoneManager.getFileStatus(OzoneManager.java:3513) ~[ozone-manager-1.4.0-SNAPSHOT.jar:?]
	at org.apache.hadoop.ozone.protocolPB.OzoneManagerRequestHandler.getOzoneFileStatus(OzoneManagerRequestHandler.java:973) ~[ozone-manager-1.4.0-SNAPSHOT.jar:?]
	at org.apache.hadoop.ozone.protocolPB.OzoneManagerRequestHandler.handleReadRequest(OzoneManagerRequestHandler.java:252) ~[ozone-manager-1.4.0-SNAPSHOT.jar:?]
	at org.apache.hadoop.ozone.protocolPB.OzoneManagerProtocolServerSideTranslatorPB.submitRequestDirectlyToOM(OzoneManagerProtocolServerSideTranslatorPB.java:274) ~[ozone-manager-1.4.0-SNAPSHOT.jar:?]
	at org.apache.hadoop.ozone.protocolPB.OzoneManagerProtocolServerSideTranslatorPB.processRequest(OzoneManagerProtocolServerSideTranslatorPB.java:175) ~[ozone-manager-1.4.0-SNAPSHOT.jar:?]
	at org.apache.hadoop.hdds.server.OzoneProtocolMessageDispatcher.processRequest(OzoneProtocolMessageDispatcher.java:87) [hdds-server-framework-1.4.0-SNAPSHOT.jar:?]
	at org.apache.hadoop.ozone.protocolPB.OzoneManagerProtocolServerSideTranslatorPB.submitRequest(OzoneManagerProtocolServerSideTranslatorPB.java:148) [ozone-manager-1.4.0-SNAPSHOT.jar:?]
	at org.apache.hadoop.ozone.protocol.proto.OzoneManagerProtocolProtos$OzoneManagerService$2.callBlockingMethod(OzoneManagerProtocolProtos.java) [ozone-interface-client-1.4.0-SNAPSHOT.jar:?]
	at org.apache.hadoop.ipc.ProtobufRpcEngine$Server.processCall(ProtobufRpcEngine.java:484) [hadoop-common-3.3.6.jar:?]
	at org.apache.hadoop.ipc.ProtobufRpcEngine2$Server$ProtoBufRpcInvoker.call(ProtobufRpcEngine2.java:595) [hadoop-common-3.3.6.jar:?]
	at org.apache.hadoop.ipc.ProtobufRpcEngine2$Server$ProtoBufRpcInvoker.call(ProtobufRpcEngine2.java:573) [hadoop-common-3.3.6.jar:?]
	at org.apache.hadoop.ipc.RPC$Server.call(RPC.java:1227) [hadoop-common-3.3.6.jar:?]
	at org.apache.hadoop.ipc.Server$RpcCall.run(Server.java:1094) [hadoop-common-3.3.6.jar:?]
	at org.apache.hadoop.ipc.Server$RpcCall.run(Server.java:1017) [hadoop-common-3.3.6.jar:?]
	at java.security.AccessController.doPrivileged(Native Method) ~[?:1.8.0_382]
	at javax.security.auth.Subject.doAs(Subject.java:422) [?:1.8.0_382]
	at org.apache.hadoop.security.UserGroupInformation.doAs(UserGroupInformation.java:1899) [hadoop-common-3.3.6.jar:?]
	at org.apache.hadoop.ipc.Server$Handler.run(Server.java:3048) [hadoop-common-3.3.6.jar:?]
09:35:05.580 [IPC Server handler 2 on default port 15163] ERROR OMAudit - user=runner | ip=127.0.0.1 | op=GET_FILE_STATUS {volume=volume82570, bucket=bucket71984, key=gdir1/dir4, dataSize=0, replicationConfig=null} | ret=FAILURE
org.apache.hadoop.ozone.om.exceptions.OMException: Unable to get file status: volume: volume82570 bucket: bucket71984 key: gdir1/dir4
	at org.apache.hadoop.ozone.om.KeyManagerImpl.getOzoneFileStatus(KeyManagerImpl.java:1195) ~[ozone-manager-1.4.0-SNAPSHOT.jar:?]
	at org.apache.hadoop.ozone.om.KeyManagerImpl.getFileStatus(KeyManagerImpl.java:1113) ~[ozone-manager-1.4.0-SNAPSHOT.jar:?]
	at org.apache.hadoop.ozone.om.OmMetadataReader.getFileStatus(OmMetadataReader.java:262) ~[ozone-manager-1.4.0-SNAPSHOT.jar:?]
	at org.apache.hadoop.ozone.om.OzoneManager.getFileStatus(OzoneManager.java:3513) ~[ozone-manager-1.4.0-SNAPSHOT.jar:?]
	at org.apache.hadoop.ozone.protocolPB.OzoneManagerRequestHandler.getOzoneFileStatus(OzoneManagerRequestHandler.java:973) ~[ozone-manager-1.4.0-SNAPSHOT.jar:?]
	at org.apache.hadoop.ozone.protocolPB.OzoneManagerRequestHandler.handleReadRequest(OzoneManagerRequestHandler.java:252) ~[ozone-manager-1.4.0-SNAPSHOT.jar:?]
	at org.apache.hadoop.ozone.protocolPB.OzoneManagerProtocolServerSideTranslatorPB.submitRequestDirectlyToOM(OzoneManagerProtocolServerSideTranslatorPB.java:274) ~[ozone-manager-1.4.0-SNAPSHOT.jar:?]
	at org.apache.hadoop.ozone.protocolPB.OzoneManagerProtocolServerSideTranslatorPB.processRequest(OzoneManagerProtocolServerSideTranslatorPB.java:175) ~[ozone-manager-1.4.0-SNAPSHOT.jar:?]
	at org.apache.hadoop.hdds.server.OzoneProtocolMessageDispatcher.processRequest(OzoneProtocolMessageDispatcher.java:87) [hdds-server-framework-1.4.0-SNAPSHOT.jar:?]
	at org.apache.hadoop.ozone.protocolPB.OzoneManagerProtocolServerSideTranslatorPB.submitRequest(OzoneManagerProtocolServerSideTranslatorPB.java:148) [ozone-manager-1.4.0-SNAPSHOT.jar:?]
	at org.apache.hadoop.ozone.protocol.proto.OzoneManagerProtocolProtos$OzoneManagerService$2.callBlockingMethod(OzoneManagerProtocolProtos.java) [ozone-interface-client-1.4.0-SNAPSHOT.jar:?]
	at org.apache.hadoop.ipc.ProtobufRpcEngine$Server.processCall(ProtobufRpcEngine.java:484) [hadoop-common-3.3.6.jar:?]
	at org.apache.hadoop.ipc.ProtobufRpcEngine2$Server$ProtoBufRpcInvoker.call(ProtobufRpcEngine2.java:595) [hadoop-common-3.3.6.jar:?]
	at org.apache.hadoop.ipc.ProtobufRpcEngine2$Server$ProtoBufRpcInvoker.call(ProtobufRpcEngine2.java:573) [hadoop-common-3.3.6.jar:?]
	at org.apache.hadoop.ipc.RPC$Server.call(RPC.java:1227) [hadoop-common-3.3.6.jar:?]
	at org.apache.hadoop.ipc.Server$RpcCall.run(Server.java:1094) [hadoop-common-3.3.6.jar:?]
	at org.apache.hadoop.ipc.Server$RpcCall.run(Server.java:1017) [hadoop-common-3.3.6.jar:?]
	at java.security.AccessController.doPrivileged(Native Method) ~[?:1.8.0_382]
	at javax.security.auth.Subject.doAs(Subject.java:422) [?:1.8.0_382]
	at org.apache.hadoop.security.UserGroupInformation.doAs(UserGroupInformation.java:1899) [hadoop-common-3.3.6.jar:?]
	at org.apache.hadoop.ipc.Server$Handler.run(Server.java:3048) [hadoop-common-3.3.6.jar:?]
09:35:05.581 [IPC Server handler 3 on default port 15163] ERROR OMAudit - user=runner | ip=127.0.0.1 | op=GET_FILE_STATUS {volume=volume82570, bucket=bucket71984, key=gdir1/dir4/child, dataSize=0, replicationConfig=null} | ret=FAILURE
org.apache.hadoop.ozone.om.exceptions.OMException: Unable to get file status: volume: volume82570 bucket: bucket71984 key: gdir1/dir4/child
	at org.apache.hadoop.ozone.om.KeyManagerImpl.getOzoneFileStatus(KeyManagerImpl.java:1195) ~[ozone-manager-1.4.0-SNAPSHOT.jar:?]
	at org.apache.hadoop.ozone.om.KeyManagerImpl.getFileStatus(KeyManagerImpl.java:1113) ~[ozone-manager-1.4.0-SNAPSHOT.jar:?]
	at org.apache.hadoop.ozone.om.OmMetadataReader.getFileStatus(OmMetadataReader.java:262) ~[ozone-manager-1.4.0-SNAPSHOT.jar:?]
	at org.apache.hadoop.ozone.om.OzoneManager.getFileStatus(OzoneManager.java:3513) ~[ozone-manager-1.4.0-SNAPSHOT.jar:?]
	at org.apache.hadoop.ozone.protocolPB.OzoneManagerRequestHandler.getOzoneFileStatus(OzoneManagerRequestHandler.java:973) ~[ozone-manager-1.4.0-SNAPSHOT.jar:?]
	at org.apache.hadoop.ozone.protocolPB.OzoneManagerRequestHandler.handleReadRequest(OzoneManagerRequestHandler.java:252) ~[ozone-manager-1.4.0-SNAPSHOT.jar:?]
	at org.apache.hadoop.ozone.protocolPB.OzoneManagerProtocolServerSideTranslatorPB.submitRequestDirectlyToOM(OzoneManagerProtocolServerSideTranslatorPB.java:274) ~[ozone-manager-1.4.0-SNAPSHOT.jar:?]
	at org.apache.hadoop.ozone.protocolPB.OzoneManagerProtocolServerSideTranslatorPB.processRequest(OzoneManagerProtocolServerSideTranslatorPB.java:175) ~[ozone-manager-1.4.0-SNAPSHOT.jar:?]
	at org.apache.hadoop.hdds.server.OzoneProtocolMessageDispatcher.processRequest(OzoneProtocolMessageDispatcher.java:87) [hdds-server-framework-1.4.0-SNAPSHOT.jar:?]
	at org.apache.hadoop.ozone.protocolPB.OzoneManagerProtocolServerSideTranslatorPB.submitRequest(OzoneManagerProtocolServerSideTranslatorPB.java:148) [ozone-manager-1.4.0-SNAPSHOT.jar:?]
	at org.apache.hadoop.ozone.protocol.proto.OzoneManagerProtocolProtos$OzoneManagerService$2.callBlockingMethod(OzoneManagerProtocolProtos.java) [ozone-interface-client-1.4.0-SNAPSHOT.jar:?]
	at org.apache.hadoop.ipc.ProtobufRpcEngine$Server.processCall(ProtobufRpcEngine.java:484) [hadoop-common-3.3.6.jar:?]
	at org.apache.hadoop.ipc.ProtobufRpcEngine2$Server$ProtoBufRpcInvoker.call(ProtobufRpcEngine2.java:595) [hadoop-common-3.3.6.jar:?]
	at org.apache.hadoop.ipc.ProtobufRpcEngine2$Server$ProtoBufRpcInvoker.call(ProtobufRpcEngine2.java:573) [hadoop-common-3.3.6.jar:?]
	at org.apache.hadoop.ipc.RPC$Server.call(RPC.java:1227) [hadoop-common-3.3.6.jar:?]
	at org.apache.hadoop.ipc.Server$RpcCall.run(Server.java:1094) [hadoop-common-3.3.6.jar:?]
	at org.apache.hadoop.ipc.Server$RpcCall.run(Server.java:1017) [hadoop-common-3.3.6.jar:?]
	at java.security.AccessController.doPrivileged(Native Method) ~[?:1.8.0_382]
	at javax.security.auth.Subject.doAs(Subject.java:422) [?:1.8.0_382]
	at org.apache.hadoop.security.UserGroupInformation.doAs(UserGroupInformation.java:1899) [hadoop-common-3.3.6.jar:?]
	at org.apache.hadoop.ipc.Server$Handler.run(Server.java:3048) [hadoop-common-3.3.6.jar:?]
09:35:05.581 [IPC Server handler 5 on default port 15163] ERROR OMAudit - user=runner | ip=127.0.0.1 | op=GET_FILE_STATUS {volume=volume82570, bucket=bucket71984, key=gdir1/dir5, dataSize=0, replicationConfig=null} | ret=FAILURE
org.apache.hadoop.ozone.om.exceptions.OMException: Unable to get file status: volume: volume82570 bucket: bucket71984 key: gdir1/dir5
	at org.apache.hadoop.ozone.om.KeyManagerImpl.getOzoneFileStatus(KeyManagerImpl.java:1195) ~[ozone-manager-1.4.0-SNAPSHOT.jar:?]
	at org.apache.hadoop.ozone.om.KeyManagerImpl.getFileStatus(KeyManagerImpl.java:1113) ~[ozone-manager-1.4.0-SNAPSHOT.jar:?]
	at org.apache.hadoop.ozone.om.OmMetadataReader.getFileStatus(OmMetadataReader.java:262) ~[ozone-manager-1.4.0-SNAPSHOT.jar:?]
	at org.apache.hadoop.ozone.om.OzoneManager.getFileStatus(OzoneManager.java:3513) ~[ozone-manager-1.4.0-SNAPSHOT.jar:?]
	at org.apache.hadoop.ozone.protocolPB.OzoneManagerRequestHandler.getOzoneFileStatus(OzoneManagerRequestHandler.java:973) ~[ozone-manager-1.4.0-SNAPSHOT.jar:?]
	at org.apache.hadoop.ozone.protocolPB.OzoneManagerRequestHandler.handleReadRequest(OzoneManagerRequestHandler.java:252) ~[ozone-manager-1.4.0-SNAPSHOT.jar:?]
	at org.apache.hadoop.ozone.protocolPB.OzoneManagerProtocolServerSideTranslatorPB.submitRequestDirectlyToOM(OzoneManagerProtocolServerSideTranslatorPB.java:274) ~[ozone-manager-1.4.0-SNAPSHOT.jar:?]
	at org.apache.hadoop.ozone.protocolPB.OzoneManagerProtocolServerSideTranslatorPB.processRequest(OzoneManagerProtocolServerSideTranslatorPB.java:175) ~[ozone-manager-1.4.0-SNAPSHOT.jar:?]
	at org.apache.hadoop.hdds.server.OzoneProtocolMessageDispatcher.processRequest(OzoneProtocolMessageDispatcher.java:87) [hdds-server-framework-1.4.0-SNAPSHOT.jar:?]
	at org.apache.hadoop.ozone.protocolPB.OzoneManagerProtocolServerSideTranslatorPB.submitRequest(OzoneManagerProtocolServerSideTranslatorPB.java:148) [ozone-manager-1.4.0-SNAPSHOT.jar:?]
	at org.apache.hadoop.ozone.protocol.proto.OzoneManagerProtocolProtos$OzoneManagerService$2.callBlockingMethod(OzoneManagerProtocolProtos.java) [ozone-interface-client-1.4.0-SNAPSHOT.jar:?]
	at org.apache.hadoop.ipc.ProtobufRpcEngine$Server.processCall(ProtobufRpcEngine.java:484) [hadoop-common-3.3.6.jar:?]
	at org.apache.hadoop.ipc.ProtobufRpcEngine2$Server$ProtoBufRpcInvoker.call(ProtobufRpcEngine2.java:595) [hadoop-common-3.3.6.jar:?]
	at org.apache.hadoop.ipc.ProtobufRpcEngine2$Server$ProtoBufRpcInvoker.call(ProtobufRpcEngine2.java:573) [hadoop-common-3.3.6.jar:?]
	at org.apache.hadoop.ipc.RPC$Server.call(RPC.java:1227) [hadoop-common-3.3.6.jar:?]
	at org.apache.hadoop.ipc.Server$RpcCall.run(Server.java:1094) [hadoop-common-3.3.6.jar:?]
	at org.apache.hadoop.ipc.Server$RpcCall.run(Server.java:1017) [hadoop-common-3.3.6.jar:?]
	at java.security.AccessController.doPrivileged(Native Method) ~[?:1.8.0_382]
	at javax.security.auth.Subject.doAs(Subject.java:422) [?:1.8.0_382]
	at org.apache.hadoop.security.UserGroupInformation.doAs(UserGroupInformation.java:1899) [hadoop-common-3.3.6.jar:?]
	at org.apache.hadoop.ipc.Server$Handler.run(Server.java:3048) [hadoop-common-3.3.6.jar:?]
09:35:05.582 [IPC Server handler 4 on default port 15163] ERROR OMAudit - user=runner | ip=127.0.0.1 | op=GET_FILE_STATUS {volume=volume82570, bucket=bucket71984, key=gdir1/dir5/child, dataSize=0, replicationConfig=null} | ret=FAILURE
org.apache.hadoop.ozone.om.exceptions.OMException: Unable to get file status: volume: volume82570 bucket: bucket71984 key: gdir1/dir5/child
	at org.apache.hadoop.ozone.om.KeyManagerImpl.getOzoneFileStatus(KeyManagerImpl.java:1195) ~[ozone-manager-1.4.0-SNAPSHOT.jar:?]
	at org.apache.hadoop.ozone.om.KeyManagerImpl.getFileStatus(KeyManagerImpl.java:1113) ~[ozone-manager-1.4.0-SNAPSHOT.jar:?]
	at org.apache.hadoop.ozone.om.OmMetadataReader.getFileStatus(OmMetadataReader.java:262) ~[ozone-manager-1.4.0-SNAPSHOT.jar:?]
	at org.apache.hadoop.ozone.om.OzoneManager.getFileStatus(OzoneManager.java:3513) ~[ozone-manager-1.4.0-SNAPSHOT.jar:?]
	at org.apache.hadoop.ozone.protocolPB.OzoneManagerRequestHandler.getOzoneFileStatus(OzoneManagerRequestHandler.java:973) ~[ozone-manager-1.4.0-SNAPSHOT.jar:?]
	at org.apache.hadoop.ozone.protocolPB.OzoneManagerRequestHandler.handleReadRequest(OzoneManagerRequestHandler.java:252) ~[ozone-manager-1.4.0-SNAPSHOT.jar:?]
	at org.apache.hadoop.ozone.protocolPB.OzoneManagerProtocolServerSideTranslatorPB.submitRequestDirectlyToOM(OzoneManagerProtocolServerSideTranslatorPB.java:274) ~[ozone-manager-1.4.0-SNAPSHOT.jar:?]
	at org.apache.hadoop.ozone.protocolPB.OzoneManagerProtocolServerSideTranslatorPB.processRequest(OzoneManagerProtocolServerSideTranslatorPB.java:175) ~[ozone-manager-1.4.0-SNAPSHOT.jar:?]
	at org.apache.hadoop.hdds.server.OzoneProtocolMessageDispatcher.processRequest(OzoneProtocolMessageDispatcher.java:87) [hdds-server-framework-1.4.0-SNAPSHOT.jar:?]
	at org.apache.hadoop.ozone.protocolPB.OzoneManagerProtocolServerSideTranslatorPB.submitRequest(OzoneManagerProtocolServerSideTranslatorPB.java:148) [ozone-manager-1.4.0-SNAPSHOT.jar:?]
	at org.apache.hadoop.ozone.protocol.proto.OzoneManagerProtocolProtos$OzoneManagerService$2.callBlockingMethod(OzoneManagerProtocolProtos.java) [ozone-interface-client-1.4.0-SNAPSHOT.jar:?]
	at org.apache.hadoop.ipc.ProtobufRpcEngine$Server.processCall(ProtobufRpcEngine.java:484) [hadoop-common-3.3.6.jar:?]
	at org.apache.hadoop.ipc.ProtobufRpcEngine2$Server$ProtoBufRpcInvoker.call(ProtobufRpcEngine2.java:595) [hadoop-common-3.3.6.jar:?]
	at org.apache.hadoop.ipc.ProtobufRpcEngine2$Server$ProtoBufRpcInvoker.call(ProtobufRpcEngine2.java:573) [hadoop-common-3.3.6.jar:?]
	at org.apache.hadoop.ipc.RPC$Server.call(RPC.java:1227) [hadoop-common-3.3.6.jar:?]
	at org.apache.hadoop.ipc.Server$RpcCall.run(Server.java:1094) [hadoop-common-3.3.6.jar:?]
	at org.apache.hadoop.ipc.Server$RpcCall.run(Server.java:1017) [hadoop-common-3.3.6.jar:?]
	at java.security.AccessController.doPrivileged(Native Method) ~[?:1.8.0_382]
	at javax.security.auth.Subject.doAs(Subject.java:422) [?:1.8.0_382]
	at org.apache.hadoop.security.UserGroupInformation.doAs(UserGroupInformation.java:1899) [hadoop-common-3.3.6.jar:?]
	at org.apache.hadoop.ipc.Server$Handler.run(Server.java:3048) [hadoop-common-3.3.6.jar:?]
09:35:05.583 [IPC Server handler 7 on default port 15163] ERROR OMAudit - user=runner | ip=127.0.0.1 | op=GET_FILE_STATUS {volume=volume82570, bucket=bucket71984, key=gdir1/dir6, dataSize=0, replicationConfig=null} | ret=FAILURE
org.apache.hadoop.ozone.om.exceptions.OMException: Unable to get file status: volume: volume82570 bucket: bucket71984 key: gdir1/dir6
	at org.apache.hadoop.ozone.om.KeyManagerImpl.getOzoneFileStatus(KeyManagerImpl.java:1195) ~[ozone-manager-1.4.0-SNAPSHOT.jar:?]
	at org.apache.hadoop.ozone.om.KeyManagerImpl.getFileStatus(KeyManagerImpl.java:1113) ~[ozone-manager-1.4.0-SNAPSHOT.jar:?]
	at org.apache.hadoop.ozone.om.OmMetadataReader.getFileStatus(OmMetadataReader.java:262) ~[ozone-manager-1.4.0-SNAPSHOT.jar:?]
	at org.apache.hadoop.ozone.om.OzoneManager.getFileStatus(OzoneManager.java:3513) ~[ozone-manager-1.4.0-SNAPSHOT.jar:?]
	at org.apache.hadoop.ozone.protocolPB.OzoneManagerRequestHandler.getOzoneFileStatus(OzoneManagerRequestHandler.java:973) ~[ozone-manager-1.4.0-SNAPSHOT.jar:?]
	at org.apache.hadoop.ozone.protocolPB.OzoneManagerRequestHandler.handleReadRequest(OzoneManagerRequestHandler.java:252) ~[ozone-manager-1.4.0-SNAPSHOT.jar:?]
	at org.apache.hadoop.ozone.protocolPB.OzoneManagerProtocolServerSideTranslatorPB.submitRequestDirectlyToOM(OzoneManagerProtocolServerSideTranslatorPB.java:274) ~[ozone-manager-1.4.0-SNAPSHOT.jar:?]
	at org.apache.hadoop.ozone.protocolPB.OzoneManagerProtocolServerSideTranslatorPB.processRequest(OzoneManagerProtocolServerSideTranslatorPB.java:175) ~[ozone-manager-1.4.0-SNAPSHOT.jar:?]
	at org.apache.hadoop.hdds.server.OzoneProtocolMessageDispatcher.processRequest(OzoneProtocolMessageDispatcher.java:87) [hdds-server-framework-1.4.0-SNAPSHOT.jar:?]
	at org.apache.hadoop.ozone.protocolPB.OzoneManagerProtocolServerSideTranslatorPB.submitRequest(OzoneManagerProtocolServerSideTranslatorPB.java:148) [ozone-manager-1.4.0-SNAPSHOT.jar:?]
	at org.apache.hadoop.ozone.protocol.proto.OzoneManagerProtocolProtos$OzoneManagerService$2.callBlockingMethod(OzoneManagerProtocolProtos.java) [ozone-interface-client-1.4.0-SNAPSHOT.jar:?]
	at org.apache.hadoop.ipc.ProtobufRpcEngine$Server.processCall(ProtobufRpcEngine.java:484) [hadoop-common-3.3.6.jar:?]
	at org.apache.hadoop.ipc.ProtobufRpcEngine2$Server$ProtoBufRpcInvoker.call(ProtobufRpcEngine2.java:595) [hadoop-common-3.3.6.jar:?]
	at org.apache.hadoop.ipc.ProtobufRpcEngine2$Server$ProtoBufRpcInvoker.call(ProtobufRpcEngine2.java:573) [hadoop-common-3.3.6.jar:?]
	at org.apache.hadoop.ipc.RPC$Server.call(RPC.java:1227) [hadoop-common-3.3.6.jar:?]
	at org.apache.hadoop.ipc.Server$RpcCall.run(Server.java:1094) [hadoop-common-3.3.6.jar:?]
	at org.apache.hadoop.ipc.Server$RpcCall.run(Server.java:1017) [hadoop-common-3.3.6.jar:?]
	at java.security.AccessController.doPrivileged(Native Method) ~[?:1.8.0_382]
	at javax.security.auth.Subject.doAs(Subject.java:422) [?:1.8.0_382]
	at org.apache.hadoop.security.UserGroupInformation.doAs(UserGroupInformation.java:1899) [hadoop-common-3.3.6.jar:?]
	at org.apache.hadoop.ipc.Server$Handler.run(Server.java:3048) [hadoop-common-3.3.6.jar:?]
09:35:05.584 [IPC Server handler 6 on default port 15163] ERROR OMAudit - user=runner | ip=127.0.0.1 | op=GET_FILE_STATUS {volume=volume82570, bucket=bucket71984, key=gdir1/dir6/child, dataSize=0, replicationConfig=null} | ret=FAILURE
org.apache.hadoop.ozone.om.exceptions.OMException: Unable to get file status: volume: volume82570 bucket: bucket71984 key: gdir1/dir6/child
	at org.apache.hadoop.ozone.om.KeyManagerImpl.getOzoneFileStatus(KeyManagerImpl.java:1195) ~[ozone-manager-1.4.0-SNAPSHOT.jar:?]
	at org.apache.hadoop.ozone.om.KeyManagerImpl.getFileStatus(KeyManagerImpl.java:1113) ~[ozone-manager-1.4.0-SNAPSHOT.jar:?]
	at org.apache.hadoop.ozone.om.OmMetadataReader.getFileStatus(OmMetadataReader.java:262) ~[ozone-manager-1.4.0-SNAPSHOT.jar:?]
	at org.apache.hadoop.ozone.om.OzoneManager.getFileStatus(OzoneManager.java:3513) ~[ozone-manager-1.4.0-SNAPSHOT.jar:?]
	at org.apache.hadoop.ozone.protocolPB.OzoneManagerRequestHandler.getOzoneFileStatus(OzoneManagerRequestHandler.java:973) ~[ozone-manager-1.4.0-SNAPSHOT.jar:?]
	at org.apache.hadoop.ozone.protocolPB.OzoneManagerRequestHandler.handleReadRequest(OzoneManagerRequestHandler.java:252) ~[ozone-manager-1.4.0-SNAPSHOT.jar:?]
	at org.apache.hadoop.ozone.protocolPB.OzoneManagerProtocolServerSideTranslatorPB.submitRequestDirectlyToOM(OzoneManagerProtocolServerSideTranslatorPB.java:274) ~[ozone-manager-1.4.0-SNAPSHOT.jar:?]
	at org.apache.hadoop.ozone.protocolPB.OzoneManagerProtocolServerSideTranslatorPB.processRequest(OzoneManagerProtocolServerSideTranslatorPB.java:175) ~[ozone-manager-1.4.0-SNAPSHOT.jar:?]
	at org.apache.hadoop.hdds.server.OzoneProtocolMessageDispatcher.processRequest(OzoneProtocolMessageDispatcher.java:87) [hdds-server-framework-1.4.0-SNAPSHOT.jar:?]
	at org.apache.hadoop.ozone.protocolPB.OzoneManagerProtocolServerSideTranslatorPB.submitRequest(OzoneManagerProtocolServerSideTranslatorPB.java:148) [ozone-manager-1.4.0-SNAPSHOT.jar:?]
	at org.apache.hadoop.ozone.protocol.proto.OzoneManagerProtocolProtos$OzoneManagerService$2.callBlockingMethod(OzoneManagerProtocolProtos.java) [ozone-interface-client-1.4.0-SNAPSHOT.jar:?]
	at org.apache.hadoop.ipc.ProtobufRpcEngine$Server.processCall(ProtobufRpcEngine.java:484) [hadoop-common-3.3.6.jar:?]
	at org.apache.hadoop.ipc.ProtobufRpcEngine2$Server$ProtoBufRpcInvoker.call(ProtobufRpcEngine2.java:595) [hadoop-common-3.3.6.jar:?]
	at org.apache.hadoop.ipc.ProtobufRpcEngine2$Server$ProtoBufRpcInvoker.call(ProtobufRpcEngine2.java:573) [hadoop-common-3.3.6.jar:?]
	at org.apache.hadoop.ipc.RPC$Server.call(RPC.java:1227) [hadoop-common-3.3.6.jar:?]
	at org.apache.hadoop.ipc.Server$RpcCall.run(Server.java:1094) [hadoop-common-3.3.6.jar:?]
	at org.apache.hadoop.ipc.Server$RpcCall.run(Server.java:1017) [hadoop-common-3.3.6.jar:?]
	at java.security.AccessController.doPrivileged(Native Method) ~[?:1.8.0_382]
	at javax.security.auth.Subject.doAs(Subject.java:422) [?:1.8.0_382]
	at org.apache.hadoop.security.UserGroupInformation.doAs(UserGroupInformation.java:1899) [hadoop-common-3.3.6.jar:?]
	at org.apache.hadoop.ipc.Server$Handler.run(Server.java:3048) [hadoop-common-3.3.6.jar:?]
09:35:05.585 [IPC Server handler 8 on default port 15163] ERROR OMAudit - user=runner | ip=127.0.0.1 | op=GET_FILE_STATUS {volume=volume82570, bucket=bucket71984, key=gdir1/dir7, dataSize=0, replicationConfig=null} | ret=FAILURE
org.apache.hadoop.ozone.om.exceptions.OMException: Unable to get file status: volume: volume82570 bucket: bucket71984 key: gdir1/dir7
	at org.apache.hadoop.ozone.om.KeyManagerImpl.getOzoneFileStatus(KeyManagerImpl.java:1195) ~[ozone-manager-1.4.0-SNAPSHOT.jar:?]
	at org.apache.hadoop.ozone.om.KeyManagerImpl.getFileStatus(KeyManagerImpl.java:1113) ~[ozone-manager-1.4.0-SNAPSHOT.jar:?]
	at org.apache.hadoop.ozone.om.OmMetadataReader.getFileStatus(OmMetadataReader.java:262) ~[ozone-manager-1.4.0-SNAPSHOT.jar:?]
	at org.apache.hadoop.ozone.om.OzoneManager.getFileStatus(OzoneManager.java:3513) ~[ozone-manager-1.4.0-SNAPSHOT.jar:?]
	at org.apache.hadoop.ozone.protocolPB.OzoneManagerRequestHandler.getOzoneFileStatus(OzoneManagerRequestHandler.java:973) ~[ozone-manager-1.4.0-SNAPSHOT.jar:?]
	at org.apache.hadoop.ozone.protocolPB.OzoneManagerRequestHandler.handleReadRequest(OzoneManagerRequestHandler.java:252) ~[ozone-manager-1.4.0-SNAPSHOT.jar:?]
	at org.apache.hadoop.ozone.protocolPB.OzoneManagerProtocolServerSideTranslatorPB.submitRequestDirectlyToOM(OzoneManagerProtocolServerSideTranslatorPB.java:274) ~[ozone-manager-1.4.0-SNAPSHOT.jar:?]
	at org.apache.hadoop.ozone.protocolPB.OzoneManagerProtocolServerSideTranslatorPB.processRequest(OzoneManagerProtocolServerSideTranslatorPB.java:175) ~[ozone-manager-1.4.0-SNAPSHOT.jar:?]
	at org.apache.hadoop.hdds.server.OzoneProtocolMessageDispatcher.processRequest(OzoneProtocolMessageDispatcher.java:87) [hdds-server-framework-1.4.0-SNAPSHOT.jar:?]
	at org.apache.hadoop.ozone.protocolPB.OzoneManagerProtocolServerSideTranslatorPB.submitRequest(OzoneManagerProtocolServerSideTranslatorPB.java:148) [ozone-manager-1.4.0-SNAPSHOT.jar:?]
	at org.apache.hadoop.ozone.protocol.proto.OzoneManagerProtocolProtos$OzoneManagerService$2.callBlockingMethod(OzoneManagerProtocolProtos.java) [ozone-interface-client-1.4.0-SNAPSHOT.jar:?]
	at org.apache.hadoop.ipc.ProtobufRpcEngine$Server.processCall(ProtobufRpcEngine.java:484) [hadoop-common-3.3.6.jar:?]
	at org.apache.hadoop.ipc.ProtobufRpcEngine2$Server$ProtoBufRpcInvoker.call(ProtobufRpcEngine2.java:595) [hadoop-common-3.3.6.jar:?]
	at org.apache.hadoop.ipc.ProtobufRpcEngine2$Server$ProtoBufRpcInvoker.call(ProtobufRpcEngine2.java:573) [hadoop-common-3.3.6.jar:?]
	at org.apache.hadoop.ipc.RPC$Server.call(RPC.java:1227) [hadoop-common-3.3.6.jar:?]
	at org.apache.hadoop.ipc.Server$RpcCall.run(Server.java:1094) [hadoop-common-3.3.6.jar:?]
	at org.apache.hadoop.ipc.Server$RpcCall.run(Server.java:1017) [hadoop-common-3.3.6.jar:?]
	at java.security.AccessController.doPrivileged(Native Method) ~[?:1.8.0_382]
	at javax.security.auth.Subject.doAs(Subject.java:422) [?:1.8.0_382]
	at org.apache.hadoop.security.UserGroupInformation.doAs(UserGroupInformation.java:1899) [hadoop-common-3.3.6.jar:?]
	at org.apache.hadoop.ipc.Server$Handler.run(Server.java:3048) [hadoop-common-3.3.6.jar:?]
09:35:05.588 [IPC Server handler 9 on default port 15163] ERROR OMAudit - user=runner | ip=127.0.0.1 | op=GET_FILE_STATUS {volume=volume82570, bucket=bucket71984, key=gdir1/dir7/child, dataSize=0, replicationConfig=null} | ret=FAILURE
org.apache.hadoop.ozone.om.exceptions.OMException: Unable to get file status: volume: volume82570 bucket: bucket71984 key: gdir1/dir7/child
	at org.apache.hadoop.ozone.om.KeyManagerImpl.getOzoneFileStatus(KeyManagerImpl.java:1195) ~[ozone-manager-1.4.0-SNAPSHOT.jar:?]
	at org.apache.hadoop.ozone.om.KeyManagerImpl.getFileStatus(KeyManagerImpl.java:1113) ~[ozone-manager-1.4.0-SNAPSHOT.jar:?]
	at org.apache.hadoop.ozone.om.OmMetadataReader.getFileStatus(OmMetadataReader.java:262) ~[ozone-manager-1.4.0-SNAPSHOT.jar:?]
	at org.apache.hadoop.ozone.om.OzoneManager.getFileStatus(OzoneManager.java:3513) ~[ozone-manager-1.4.0-SNAPSHOT.jar:?]
	at org.apache.hadoop.ozone.protocolPB.OzoneManagerRequestHandler.getOzoneFileStatus(OzoneManagerRequestHandler.java:973) ~[ozone-manager-1.4.0-SNAPSHOT.jar:?]
	at org.apache.hadoop.ozone.protocolPB.OzoneManagerRequestHandler.handleReadRequest(OzoneManagerRequestHandler.java:252) ~[ozone-manager-1.4.0-SNAPSHOT.jar:?]
	at org.apache.hadoop.ozone.protocolPB.OzoneManagerProtocolServerSideTranslatorPB.submitRequestDirectlyToOM(OzoneManagerProtocolServerSideTranslatorPB.java:274) ~[ozone-manager-1.4.0-SNAPSHOT.jar:?]
	at org.apache.hadoop.ozone.protocolPB.OzoneManagerProtocolServerSideTranslatorPB.processRequest(OzoneManagerProtocolServerSideTranslatorPB.java:175) ~[ozone-manager-1.4.0-SNAPSHOT.jar:?]
	at org.apache.hadoop.hdds.server.OzoneProtocolMessageDispatcher.processRequest(OzoneProtocolMessageDispatcher.java:87) [hdds-server-framework-1.4.0-SNAPSHOT.jar:?]
	at org.apache.hadoop.ozone.protocolPB.OzoneManagerProtocolServerSideTranslatorPB.submitRequest(OzoneManagerProtocolServerSideTranslatorPB.java:148) [ozone-manager-1.4.0-SNAPSHOT.jar:?]
	at org.apache.hadoop.ozone.protocol.proto.OzoneManagerProtocolProtos$OzoneManagerService$2.callBlockingMethod(OzoneManagerProtocolProtos.java) [ozone-interface-client-1.4.0-SNAPSHOT.jar:?]
	at org.apache.hadoop.ipc.ProtobufRpcEngine$Server.processCall(ProtobufRpcEngine.java:484) [hadoop-common-3.3.6.jar:?]
	at org.apache.hadoop.ipc.ProtobufRpcEngine2$Server$ProtoBufRpcInvoker.call(ProtobufRpcEngine2.java:595) [hadoop-common-3.3.6.jar:?]
	at org.apache.hadoop.ipc.ProtobufRpcEngine2$Server$ProtoBufRpcInvoker.call(ProtobufRpcEngine2.java:573) [hadoop-common-3.3.6.jar:?]
	at org.apache.hadoop.ipc.RPC$Server.call(RPC.java:1227) [hadoop-common-3.3.6.jar:?]
	at org.apache.hadoop.ipc.Server$RpcCall.run(Server.java:1094) [hadoop-common-3.3.6.jar:?]
	at org.apache.hadoop.ipc.Server$RpcCall.run(Server.java:1017) [hadoop-common-3.3.6.jar:?]
	at java.security.AccessController.doPrivileged(Native Method) ~[?:1.8.0_382]
	at javax.security.auth.Subject.doAs(Subject.java:422) [?:1.8.0_382]
	at org.apache.hadoop.security.UserGroupInformation.doAs(UserGroupInformation.java:1899) [hadoop-common-3.3.6.jar:?]
	at org.apache.hadoop.ipc.Server$Handler.run(Server.java:3048) [hadoop-common-3.3.6.jar:?]
09:35:05.589 [IPC Server handler 12 on default port 15163] ERROR OMAudit - user=runner | ip=127.0.0.1 | op=GET_FILE_STATUS {volume=volume82570, bucket=bucket71984, key=gdir1/dir8, dataSize=0, replicationConfig=null} | ret=FAILURE
org.apache.hadoop.ozone.om.exceptions.OMException: Unable to get file status: volume: volume82570 bucket: bucket71984 key: gdir1/dir8
	at org.apache.hadoop.ozone.om.KeyManagerImpl.getOzoneFileStatus(KeyManagerImpl.java:1195) ~[ozone-manager-1.4.0-SNAPSHOT.jar:?]
	at org.apache.hadoop.ozone.om.KeyManagerImpl.getFileStatus(KeyManagerImpl.java:1113) ~[ozone-manager-1.4.0-SNAPSHOT.jar:?]
	at org.apache.hadoop.ozone.om.OmMetadataReader.getFileStatus(OmMetadataReader.java:262) ~[ozone-manager-1.4.0-SNAPSHOT.jar:?]
	at org.apache.hadoop.ozone.om.OzoneManager.getFileStatus(OzoneManager.java:3513) ~[ozone-manager-1.4.0-SNAPSHOT.jar:?]
	at org.apache.hadoop.ozone.protocolPB.OzoneManagerRequestHandler.getOzoneFileStatus(OzoneManagerRequestHandler.java:973) ~[ozone-manager-1.4.0-SNAPSHOT.jar:?]
	at org.apache.hadoop.ozone.protocolPB.OzoneManagerRequestHandler.handleReadRequest(OzoneManagerRequestHandler.java:252) ~[ozone-manager-1.4.0-SNAPSHOT.jar:?]
	at org.apache.hadoop.ozone.protocolPB.OzoneManagerProtocolServerSideTranslatorPB.submitRequestDirectlyToOM(OzoneManagerProtocolServerSideTranslatorPB.java:274) ~[ozone-manager-1.4.0-SNAPSHOT.jar:?]
	at org.apache.hadoop.ozone.protocolPB.OzoneManagerProtocolServerSideTranslatorPB.processRequest(OzoneManagerProtocolServerSideTranslatorPB.java:175) ~[ozone-manager-1.4.0-SNAPSHOT.jar:?]
	at org.apache.hadoop.hdds.server.OzoneProtocolMessageDispatcher.processRequest(OzoneProtocolMessageDispatcher.java:87) [hdds-server-framework-1.4.0-SNAPSHOT.jar:?]
	at org.apache.hadoop.ozone.protocolPB.OzoneManagerProtocolServerSideTranslatorPB.submitRequest(OzoneManagerProtocolServerSideTranslatorPB.java:148) [ozone-manager-1.4.0-SNAPSHOT.jar:?]
	at org.apache.hadoop.ozone.protocol.proto.OzoneManagerProtocolProtos$OzoneManagerService$2.callBlockingMethod(OzoneManagerProtocolProtos.java) [ozone-interface-client-1.4.0-SNAPSHOT.jar:?]
	at org.apache.hadoop.ipc.ProtobufRpcEngine$Server.processCall(ProtobufRpcEngine.java:484) [hadoop-common-3.3.6.jar:?]
	at org.apache.hadoop.ipc.ProtobufRpcEngine2$Server$ProtoBufRpcInvoker.call(ProtobufRpcEngine2.java:595) [hadoop-common-3.3.6.jar:?]
	at org.apache.hadoop.ipc.ProtobufRpcEngine2$Server$ProtoBufRpcInvoker.call(ProtobufRpcEngine2.java:573) [hadoop-common-3.3.6.jar:?]
	at org.apache.hadoop.ipc.RPC$Server.call(RPC.java:1227) [hadoop-common-3.3.6.jar:?]
	at org.apache.hadoop.ipc.Server$RpcCall.run(Server.java:1094) [hadoop-common-3.3.6.jar:?]
	at org.apache.hadoop.ipc.Server$RpcCall.run(Server.java:1017) [hadoop-common-3.3.6.jar:?]
	at java.security.AccessController.doPrivileged(Native Method) ~[?:1.8.0_382]
	at javax.security.auth.Subject.doAs(Subject.java:422) [?:1.8.0_382]
	at org.apache.hadoop.security.UserGroupInformation.doAs(UserGroupInformation.java:1899) [hadoop-common-3.3.6.jar:?]
	at org.apache.hadoop.ipc.Server$Handler.run(Server.java:3048) [hadoop-common-3.3.6.jar:?]
09:35:05.591 [IPC Server handler 13 on default port 15163] ERROR OMAudit - user=runner | ip=127.0.0.1 | op=GET_FILE_STATUS {volume=volume82570, bucket=bucket71984, key=gdir1/dir8/child, dataSize=0, replicationConfig=null} | ret=FAILURE
org.apache.hadoop.ozone.om.exceptions.OMException: Unable to get file status: volume: volume82570 bucket: bucket71984 key: gdir1/dir8/child
	at org.apache.hadoop.ozone.om.KeyManagerImpl.getOzoneFileStatus(KeyManagerImpl.java:1195) ~[ozone-manager-1.4.0-SNAPSHOT.jar:?]
	at org.apache.hadoop.ozone.om.KeyManagerImpl.getFileStatus(KeyManagerImpl.java:1113) ~[ozone-manager-1.4.0-SNAPSHOT.jar:?]
	at org.apache.hadoop.ozone.om.OmMetadataReader.getFileStatus(OmMetadataReader.java:262) ~[ozone-manager-1.4.0-SNAPSHOT.jar:?]
	at org.apache.hadoop.ozone.om.OzoneManager.getFileStatus(OzoneManager.java:3513) ~[ozone-manager-1.4.0-SNAPSHOT.jar:?]
	at org.apache.hadoop.ozone.protocolPB.OzoneManagerRequestHandler.getOzoneFileStatus(OzoneManagerRequestHandler.java:973) ~[ozone-manager-1.4.0-SNAPSHOT.jar:?]
	at org.apache.hadoop.ozone.protocolPB.OzoneManagerRequestHandler.handleReadRequest(OzoneManagerRequestHandler.java:252) ~[ozone-manager-1.4.0-SNAPSHOT.jar:?]
	at org.apache.hadoop.ozone.protocolPB.OzoneManagerProtocolServerSideTranslatorPB.submitRequestDirectlyToOM(OzoneManagerProtocolServerSideTranslatorPB.java:274) ~[ozone-manager-1.4.0-SNAPSHOT.jar:?]
	at org.apache.hadoop.ozone.protocolPB.OzoneManagerProtocolServerSideTranslatorPB.processRequest(OzoneManagerProtocolServerSideTranslatorPB.java:175) ~[ozone-manager-1.4.0-SNAPSHOT.jar:?]
	at org.apache.hadoop.hdds.server.OzoneProtocolMessageDispatcher.processRequest(OzoneProtocolMessageDispatcher.java:87) [hdds-server-framework-1.4.0-SNAPSHOT.jar:?]
	at org.apache.hadoop.ozone.protocolPB.OzoneManagerProtocolServerSideTranslatorPB.submitRequest(OzoneManagerProtocolServerSideTranslatorPB.java:148) [ozone-manager-1.4.0-SNAPSHOT.jar:?]
	at org.apache.hadoop.ozone.protocol.proto.OzoneManagerProtocolProtos$OzoneManagerService$2.callBlockingMethod(OzoneManagerProtocolProtos.java) [ozone-interface-client-1.4.0-SNAPSHOT.jar:?]
	at org.apache.hadoop.ipc.ProtobufRpcEngine$Server.processCall(ProtobufRpcEngine.java:484) [hadoop-common-3.3.6.jar:?]
	at org.apache.hadoop.ipc.ProtobufRpcEngine2$Server$ProtoBufRpcInvoker.call(ProtobufRpcEngine2.java:595) [hadoop-common-3.3.6.jar:?]
	at org.apache.hadoop.ipc.ProtobufRpcEngine2$Server$ProtoBufRpcInvoker.call(ProtobufRpcEngine2.java:573) [hadoop-common-3.3.6.jar:?]
	at org.apache.hadoop.ipc.RPC$Server.call(RPC.java:1227) [hadoop-common-3.3.6.jar:?]
	at org.apache.hadoop.ipc.Server$RpcCall.run(Server.java:1094) [hadoop-common-3.3.6.jar:?]
	at org.apache.hadoop.ipc.Server$RpcCall.run(Server.java:1017) [hadoop-common-3.3.6.jar:?]
	at java.security.AccessController.doPrivileged(Native Method) ~[?:1.8.0_382]
	at javax.security.auth.Subject.doAs(Subject.java:422) [?:1.8.0_382]
	at org.apache.hadoop.security.UserGroupInformation.doAs(UserGroupInformation.java:1899) [hadoop-common-3.3.6.jar:?]
	at org.apache.hadoop.ipc.Server$Handler.run(Server.java:3048) [hadoop-common-3.3.6.jar:?]
09:35:05.592 [IPC Server handler 14 on default port 15163] ERROR OMAudit - user=runner | ip=127.0.0.1 | op=GET_FILE_STATUS {volume=volume82570, bucket=bucket71984, key=gdir1/dir9, dataSize=0, replicationConfig=null} | ret=FAILURE
org.apache.hadoop.ozone.om.exceptions.OMException: Unable to get file status: volume: volume82570 bucket: bucket71984 key: gdir1/dir9
	at org.apache.hadoop.ozone.om.KeyManagerImpl.getOzoneFileStatus(KeyManagerImpl.java:1195) ~[ozone-manager-1.4.0-SNAPSHOT.jar:?]
	at org.apache.hadoop.ozone.om.KeyManagerImpl.getFileStatus(KeyManagerImpl.java:1113) ~[ozone-manager-1.4.0-SNAPSHOT.jar:?]
	at org.apache.hadoop.ozone.om.OmMetadataReader.getFileStatus(OmMetadataReader.java:262) ~[ozone-manager-1.4.0-SNAPSHOT.jar:?]
	at org.apache.hadoop.ozone.om.OzoneManager.getFileStatus(OzoneManager.java:3513) ~[ozone-manager-1.4.0-SNAPSHOT.jar:?]
	at org.apache.hadoop.ozone.protocolPB.OzoneManagerRequestHandler.getOzoneFileStatus(OzoneManagerRequestHandler.java:973) ~[ozone-manager-1.4.0-SNAPSHOT.jar:?]
	at org.apache.hadoop.ozone.protocolPB.OzoneManagerRequestHandler.handleReadRequest(OzoneManagerRequestHandler.java:252) ~[ozone-manager-1.4.0-SNAPSHOT.jar:?]
	at org.apache.hadoop.ozone.protocolPB.OzoneManagerProtocolServerSideTranslatorPB.submitRequestDirectlyToOM(OzoneManagerProtocolServerSideTranslatorPB.java:274) ~[ozone-manager-1.4.0-SNAPSHOT.jar:?]
	at org.apache.hadoop.ozone.protocolPB.OzoneManagerProtocolServerSideTranslatorPB.processRequest(OzoneManagerProtocolServerSideTranslatorPB.java:175) ~[ozone-manager-1.4.0-SNAPSHOT.jar:?]
	at org.apache.hadoop.hdds.server.OzoneProtocolMessageDispatcher.processRequest(OzoneProtocolMessageDispatcher.java:87) [hdds-server-framework-1.4.0-SNAPSHOT.jar:?]
	at org.apache.hadoop.ozone.protocolPB.OzoneManagerProtocolServerSideTranslatorPB.submitRequest(OzoneManagerProtocolServerSideTranslatorPB.java:148) [ozone-manager-1.4.0-SNAPSHOT.jar:?]
	at org.apache.hadoop.ozone.protocol.proto.OzoneManagerProtocolProtos$OzoneManagerService$2.callBlockingMethod(OzoneManagerProtocolProtos.java) [ozone-interface-client-1.4.0-SNAPSHOT.jar:?]
	at org.apache.hadoop.ipc.ProtobufRpcEngine$Server.processCall(ProtobufRpcEngine.java:484) [hadoop-common-3.3.6.jar:?]
	at org.apache.hadoop.ipc.ProtobufRpcEngine2$Server$ProtoBufRpcInvoker.call(ProtobufRpcEngine2.java:595) [hadoop-common-3.3.6.jar:?]
	at org.apache.hadoop.ipc.ProtobufRpcEngine2$Server$ProtoBufRpcInvoker.call(ProtobufRpcEngine2.java:573) [hadoop-common-3.3.6.jar:?]
	at org.apache.hadoop.ipc.RPC$Server.call(RPC.java:1227) [hadoop-common-3.3.6.jar:?]
	at org.apache.hadoop.ipc.Server$RpcCall.run(Server.java:1094) [hadoop-common-3.3.6.jar:?]
	at org.apache.hadoop.ipc.Server$RpcCall.run(Server.java:1017) [hadoop-common-3.3.6.jar:?]
	at java.security.AccessController.doPrivileged(Native Method) ~[?:1.8.0_382]
	at javax.security.auth.Subject.doAs(Subject.java:422) [?:1.8.0_382]
	at org.apache.hadoop.security.UserGroupInformation.doAs(UserGroupInformation.java:1899) [hadoop-common-3.3.6.jar:?]
	at org.apache.hadoop.ipc.Server$Handler.run(Server.java:3048) [hadoop-common-3.3.6.jar:?]
09:35:05.593 [IPC Server handler 10 on default port 15163] ERROR OMAudit - user=runner | ip=127.0.0.1 | op=GET_FILE_STATUS {volume=volume82570, bucket=bucket71984, key=gdir1/dir9/child, dataSize=0, replicationConfig=null} | ret=FAILURE
org.apache.hadoop.ozone.om.exceptions.OMException: Unable to get file status: volume: volume82570 bucket: bucket71984 key: gdir1/dir9/child
	at org.apache.hadoop.ozone.om.KeyManagerImpl.getOzoneFileStatus(KeyManagerImpl.java:1195) ~[ozone-manager-1.4.0-SNAPSHOT.jar:?]
	at org.apache.hadoop.ozone.om.KeyManagerImpl.getFileStatus(KeyManagerImpl.java:1113) ~[ozone-manager-1.4.0-SNAPSHOT.jar:?]
	at org.apache.hadoop.ozone.om.OmMetadataReader.getFileStatus(OmMetadataReader.java:262) ~[ozone-manager-1.4.0-SNAPSHOT.jar:?]
	at org.apache.hadoop.ozone.om.OzoneManager.getFileStatus(OzoneManager.java:3513) ~[ozone-manager-1.4.0-SNAPSHOT.jar:?]
	at org.apache.hadoop.ozone.protocolPB.OzoneManagerRequestHandler.getOzoneFileStatus(OzoneManagerRequestHandler.java:973) ~[ozone-manager-1.4.0-SNAPSHOT.jar:?]
	at org.apache.hadoop.ozone.protocolPB.OzoneManagerRequestHandler.handleReadRequest(OzoneManagerRequestHandler.java:252) ~[ozone-manager-1.4.0-SNAPSHOT.jar:?]
	at org.apache.hadoop.ozone.protocolPB.OzoneManagerProtocolServerSideTranslatorPB.submitRequestDirectlyToOM(OzoneManagerProtocolServerSideTranslatorPB.java:274) ~[ozone-manager-1.4.0-SNAPSHOT.jar:?]
	at org.apache.hadoop.ozone.protocolPB.OzoneManagerProtocolServerSideTranslatorPB.processRequest(OzoneManagerProtocolServerSideTranslatorPB.java:175) ~[ozone-manager-1.4.0-SNAPSHOT.jar:?]
	at org.apache.hadoop.hdds.server.OzoneProtocolMessageDispatcher.processRequest(OzoneProtocolMessageDispatcher.java:87) [hdds-server-framework-1.4.0-SNAPSHOT.jar:?]
	at org.apache.hadoop.ozone.protocolPB.OzoneManagerProtocolServerSideTranslatorPB.submitRequest(OzoneManagerProtocolServerSideTranslatorPB.java:148) [ozone-manager-1.4.0-SNAPSHOT.jar:?]
	at org.apache.hadoop.ozone.protocol.proto.OzoneManagerProtocolProtos$OzoneManagerService$2.callBlockingMethod(OzoneManagerProtocolProtos.java) [ozone-interface-client-1.4.0-SNAPSHOT.jar:?]
	at org.apache.hadoop.ipc.ProtobufRpcEngine$Server.processCall(ProtobufRpcEngine.java:484) [hadoop-common-3.3.6.jar:?]
	at org.apache.hadoop.ipc.ProtobufRpcEngine2$Server$ProtoBufRpcInvoker.call(ProtobufRpcEngine2.java:595) [hadoop-common-3.3.6.jar:?]
	at org.apache.hadoop.ipc.ProtobufRpcEngine2$Server$ProtoBufRpcInvoker.call(ProtobufRpcEngine2.java:573) [hadoop-common-3.3.6.jar:?]
	at org.apache.hadoop.ipc.RPC$Server.call(RPC.java:1227) [hadoop-common-3.3.6.jar:?]
	at org.apache.hadoop.ipc.Server$RpcCall.run(Server.java:1094) [hadoop-common-3.3.6.jar:?]
	at org.apache.hadoop.ipc.Server$RpcCall.run(Server.java:1017) [hadoop-common-3.3.6.jar:?]
	at java.security.AccessController.doPrivileged(Native Method) ~[?:1.8.0_382]
	at javax.security.auth.Subject.doAs(Subject.java:422) [?:1.8.0_382]
	at org.apache.hadoop.security.UserGroupInformation.doAs(UserGroupInformation.java:1899) [hadoop-common-3.3.6.jar:?]
	at org.apache.hadoop.ipc.Server$Handler.run(Server.java:3048) [hadoop-common-3.3.6.jar:?]
09:35:05.594 [IPC Server handler 11 on default port 15163] ERROR OMAudit - user=runner | ip=127.0.0.1 | op=GET_FILE_STATUS {volume=volume82570, bucket=bucket71984, key=gdir1/dir10, dataSize=0, replicationConfig=null} | ret=FAILURE
org.apache.hadoop.ozone.om.exceptions.OMException: Unable to get file status: volume: volume82570 bucket: bucket71984 key: gdir1/dir10
	at org.apache.hadoop.ozone.om.KeyManagerImpl.getOzoneFileStatus(KeyManagerImpl.java:1195) ~[ozone-manager-1.4.0-SNAPSHOT.jar:?]
	at org.apache.hadoop.ozone.om.KeyManagerImpl.getFileStatus(KeyManagerImpl.java:1113) ~[ozone-manager-1.4.0-SNAPSHOT.jar:?]
	at org.apache.hadoop.ozone.om.OmMetadataReader.getFileStatus(OmMetadataReader.java:262) ~[ozone-manager-1.4.0-SNAPSHOT.jar:?]
	at org.apache.hadoop.ozone.om.OzoneManager.getFileStatus(OzoneManager.java:3513) ~[ozone-manager-1.4.0-SNAPSHOT.jar:?]
	at org.apache.hadoop.ozone.protocolPB.OzoneManagerRequestHandler.getOzoneFileStatus(OzoneManagerRequestHandler.java:973) ~[ozone-manager-1.4.0-SNAPSHOT.jar:?]
	at org.apache.hadoop.ozone.protocolPB.OzoneManagerRequestHandler.handleReadRequest(OzoneManagerRequestHandler.java:252) ~[ozone-manager-1.4.0-SNAPSHOT.jar:?]
	at org.apache.hadoop.ozone.protocolPB.OzoneManagerProtocolServerSideTranslatorPB.submitRequestDirectlyToOM(OzoneManagerProtocolServerSideTranslatorPB.java:274) ~[ozone-manager-1.4.0-SNAPSHOT.jar:?]
	at org.apache.hadoop.ozone.protocolPB.OzoneManagerProtocolServerSideTranslatorPB.processRequest(OzoneManagerProtocolServerSideTranslatorPB.java:175) ~[ozone-manager-1.4.0-SNAPSHOT.jar:?]
	at org.apache.hadoop.hdds.server.OzoneProtocolMessageDispatcher.processRequest(OzoneProtocolMessageDispatcher.java:87) [hdds-server-framework-1.4.0-SNAPSHOT.jar:?]
	at org.apache.hadoop.ozone.protocolPB.OzoneManagerProtocolServerSideTranslatorPB.submitRequest(OzoneManagerProtocolServerSideTranslatorPB.java:148) [ozone-manager-1.4.0-SNAPSHOT.jar:?]
	at org.apache.hadoop.ozone.protocol.proto.OzoneManagerProtocolProtos$OzoneManagerService$2.callBlockingMethod(OzoneManagerProtocolProtos.java) [ozone-interface-client-1.4.0-SNAPSHOT.jar:?]
	at org.apache.hadoop.ipc.ProtobufRpcEngine$Server.processCall(ProtobufRpcEngine.java:484) [hadoop-common-3.3.6.jar:?]
	at org.apache.hadoop.ipc.ProtobufRpcEngine2$Server$ProtoBufRpcInvoker.call(ProtobufRpcEngine2.java:595) [hadoop-common-3.3.6.jar:?]
	at org.apache.hadoop.ipc.ProtobufRpcEngine2$Server$ProtoBufRpcInvoker.call(ProtobufRpcEngine2.java:573) [hadoop-common-3.3.6.jar:?]
	at org.apache.hadoop.ipc.RPC$Server.call(RPC.java:1227) [hadoop-common-3.3.6.jar:?]
	at org.apache.hadoop.ipc.Server$RpcCall.run(Server.java:1094) [hadoop-common-3.3.6.jar:?]
	at org.apache.hadoop.ipc.Server$RpcCall.run(Server.java:1017) [hadoop-common-3.3.6.jar:?]
	at java.security.AccessController.doPrivileged(Native Method) ~[?:1.8.0_382]
	at javax.security.auth.Subject.doAs(Subject.java:422) [?:1.8.0_382]
	at org.apache.hadoop.security.UserGroupInformation.doAs(UserGroupInformation.java:1899) [hadoop-common-3.3.6.jar:?]
	at org.apache.hadoop.ipc.Server$Handler.run(Server.java:3048) [hadoop-common-3.3.6.jar:?]
09:35:05.594 [IPC Server handler 15 on default port 15163] ERROR OMAudit - user=runner | ip=127.0.0.1 | op=GET_FILE_STATUS {volume=volume82570, bucket=bucket71984, key=gdir1/dir10/child, dataSize=0, replicationConfig=null} | ret=FAILURE
org.apache.hadoop.ozone.om.exceptions.OMException: Unable to get file status: volume: volume82570 bucket: bucket71984 key: gdir1/dir10/child
	at org.apache.hadoop.ozone.om.KeyManagerImpl.getOzoneFileStatus(KeyManagerImpl.java:1195) ~[ozone-manager-1.4.0-SNAPSHOT.jar:?]
	at org.apache.hadoop.ozone.om.KeyManagerImpl.getFileStatus(KeyManagerImpl.java:1113) ~[ozone-manager-1.4.0-SNAPSHOT.jar:?]
	at org.apache.hadoop.ozone.om.OmMetadataReader.getFileStatus(OmMetadataReader.java:262) ~[ozone-manager-1.4.0-SNAPSHOT.jar:?]
	at org.apache.hadoop.ozone.om.OzoneManager.getFileStatus(OzoneManager.java:3513) ~[ozone-manager-1.4.0-SNAPSHOT.jar:?]
	at org.apache.hadoop.ozone.protocolPB.OzoneManagerRequestHandler.getOzoneFileStatus(OzoneManagerRequestHandler.java:973) ~[ozone-manager-1.4.0-SNAPSHOT.jar:?]
	at org.apache.hadoop.ozone.protocolPB.OzoneManagerRequestHandler.handleReadRequest(OzoneManagerRequestHandler.java:252) ~[ozone-manager-1.4.0-SNAPSHOT.jar:?]
	at org.apache.hadoop.ozone.protocolPB.OzoneManagerProtocolServerSideTranslatorPB.submitRequestDirectlyToOM(OzoneManagerProtocolServerSideTranslatorPB.java:274) ~[ozone-manager-1.4.0-SNAPSHOT.jar:?]
	at org.apache.hadoop.ozone.protocolPB.OzoneManagerProtocolServerSideTranslatorPB.processRequest(OzoneManagerProtocolServerSideTranslatorPB.java:175) ~[ozone-manager-1.4.0-SNAPSHOT.jar:?]
	at org.apache.hadoop.hdds.server.OzoneProtocolMessageDispatcher.processRequest(OzoneProtocolMessageDispatcher.java:87) [hdds-server-framework-1.4.0-SNAPSHOT.jar:?]
	at org.apache.hadoop.ozone.protocolPB.OzoneManagerProtocolServerSideTranslatorPB.submitRequest(OzoneManagerProtocolServerSideTranslatorPB.java:148) [ozone-manager-1.4.0-SNAPSHOT.jar:?]
	at org.apache.hadoop.ozone.protocol.proto.OzoneManagerProtocolProtos$OzoneManagerService$2.callBlockingMethod(OzoneManagerProtocolProtos.java) [ozone-interface-client-1.4.0-SNAPSHOT.jar:?]
	at org.apache.hadoop.ipc.ProtobufRpcEngine$Server.processCall(ProtobufRpcEngine.java:484) [hadoop-common-3.3.6.jar:?]
	at org.apache.hadoop.ipc.ProtobufRpcEngine2$Server$ProtoBufRpcInvoker.call(ProtobufRpcEngine2.java:595) [hadoop-common-3.3.6.jar:?]
	at org.apache.hadoop.ipc.ProtobufRpcEngine2$Server$ProtoBufRpcInvoker.call(ProtobufRpcEngine2.java:573) [hadoop-common-3.3.6.jar:?]
	at org.apache.hadoop.ipc.RPC$Server.call(RPC.java:1227) [hadoop-common-3.3.6.jar:?]
	at org.apache.hadoop.ipc.Server$RpcCall.run(Server.java:1094) [hadoop-common-3.3.6.jar:?]
	at org.apache.hadoop.ipc.Server$RpcCall.run(Server.java:1017) [hadoop-common-3.3.6.jar:?]
	at java.security.AccessController.doPrivileged(Native Method) ~[?:1.8.0_382]
	at javax.security.auth.Subject.doAs(Subject.java:422) [?:1.8.0_382]
	at org.apache.hadoop.security.UserGroupInformation.doAs(UserGroupInformation.java:1899) [hadoop-common-3.3.6.jar:?]
	at org.apache.hadoop.ipc.Server$Handler.run(Server.java:3048) [hadoop-common-3.3.6.jar:?]
09:35:05.644 [IPC Server handler 9 on default port 15163] ERROR OMAudit - user=runner | ip=127.0.0.1 | op=GET_FILE_STATUS {volume=volume82570, bucket=bucket71984, key=level0, dataSize=0, replicationConfig=null} | ret=FAILURE
org.apache.hadoop.ozone.om.exceptions.OMException: Unable to get file status: volume: volume82570 bucket: bucket71984 key: level0
	at org.apache.hadoop.ozone.om.KeyManagerImpl.getOzoneFileStatus(KeyManagerImpl.java:1195) ~[ozone-manager-1.4.0-SNAPSHOT.jar:?]
	at org.apache.hadoop.ozone.om.KeyManagerImpl.getFileStatus(KeyManagerImpl.java:1113) ~[ozone-manager-1.4.0-SNAPSHOT.jar:?]
	at org.apache.hadoop.ozone.om.OmMetadataReader.getFileStatus(OmMetadataReader.java:262) ~[ozone-manager-1.4.0-SNAPSHOT.jar:?]
	at org.apache.hadoop.ozone.om.OzoneManager.getFileStatus(OzoneManager.java:3513) ~[ozone-manager-1.4.0-SNAPSHOT.jar:?]
	at org.apache.hadoop.ozone.protocolPB.OzoneManagerRequestHandler.getOzoneFileStatus(OzoneManagerRequestHandler.java:973) ~[ozone-manager-1.4.0-SNAPSHOT.jar:?]
	at org.apache.hadoop.ozone.protocolPB.OzoneManagerRequestHandler.handleReadRequest(OzoneManagerRequestHandler.java:252) ~[ozone-manager-1.4.0-SNAPSHOT.jar:?]
	at org.apache.hadoop.ozone.protocolPB.OzoneManagerProtocolServerSideTranslatorPB.submitRequestDirectlyToOM(OzoneManagerProtocolServerSideTranslatorPB.java:274) ~[ozone-manager-1.4.0-SNAPSHOT.jar:?]
	at org.apache.hadoop.ozone.protocolPB.OzoneManagerProtocolServerSideTranslatorPB.processRequest(OzoneManagerProtocolServerSideTranslatorPB.java:175) ~[ozone-manager-1.4.0-SNAPSHOT.jar:?]
	at org.apache.hadoop.hdds.server.OzoneProtocolMessageDispatcher.processRequest(OzoneProtocolMessageDispatcher.java:87) [hdds-server-framework-1.4.0-SNAPSHOT.jar:?]
	at org.apache.hadoop.ozone.protocolPB.OzoneManagerProtocolServerSideTranslatorPB.submitRequest(OzoneManagerProtocolServerSideTranslatorPB.java:148) [ozone-manager-1.4.0-SNAPSHOT.jar:?]
	at org.apache.hadoop.ozone.protocol.proto.OzoneManagerProtocolProtos$OzoneManagerService$2.callBlockingMethod(OzoneManagerProtocolProtos.java) [ozone-interface-client-1.4.0-SNAPSHOT.jar:?]
	at org.apache.hadoop.ipc.ProtobufRpcEngine$Server.processCall(ProtobufRpcEngine.java:484) [hadoop-common-3.3.6.jar:?]
	at org.apache.hadoop.ipc.ProtobufRpcEngine2$Server$ProtoBufRpcInvoker.call(ProtobufRpcEngine2.java:595) [hadoop-common-3.3.6.jar:?]
	at org.apache.hadoop.ipc.ProtobufRpcEngine2$Server$ProtoBufRpcInvoker.call(ProtobufRpcEngine2.java:573) [hadoop-common-3.3.6.jar:?]
	at org.apache.hadoop.ipc.RPC$Server.call(RPC.java:1227) [hadoop-common-3.3.6.jar:?]
	at org.apache.hadoop.ipc.Server$RpcCall.run(Server.java:1094) [hadoop-common-3.3.6.jar:?]
	at org.apache.hadoop.ipc.Server$RpcCall.run(Server.java:1017) [hadoop-common-3.3.6.jar:?]
	at java.security.AccessController.doPrivileged(Native Method) ~[?:1.8.0_382]
	at javax.security.auth.Subject.doAs(Subject.java:422) [?:1.8.0_382]
	at org.apache.hadoop.security.UserGroupInformation.doAs(UserGroupInformation.java:1899) [hadoop-common-3.3.6.jar:?]
	at org.apache.hadoop.ipc.Server$Handler.run(Server.java:3048) [hadoop-common-3.3.6.jar:?]
09:35:05.645 [IPC Server handler 12 on default port 15163] ERROR OMAudit - user=runner | ip=127.0.0.1 | op=GET_FILE_STATUS {volume=volume82570, bucket=bucket71984, key=level0/level1, dataSize=0, replicationConfig=null} | ret=FAILURE
org.apache.hadoop.ozone.om.exceptions.OMException: Unable to get file status: volume: volume82570 bucket: bucket71984 key: level0/level1
	at org.apache.hadoop.ozone.om.KeyManagerImpl.getOzoneFileStatus(KeyManagerImpl.java:1195) ~[ozone-manager-1.4.0-SNAPSHOT.jar:?]
	at org.apache.hadoop.ozone.om.KeyManagerImpl.getFileStatus(KeyManagerImpl.java:1113) ~[ozone-manager-1.4.0-SNAPSHOT.jar:?]
	at org.apache.hadoop.ozone.om.OmMetadataReader.getFileStatus(OmMetadataReader.java:262) ~[ozone-manager-1.4.0-SNAPSHOT.jar:?]
	at org.apache.hadoop.ozone.om.OzoneManager.getFileStatus(OzoneManager.java:3513) ~[ozone-manager-1.4.0-SNAPSHOT.jar:?]
	at org.apache.hadoop.ozone.protocolPB.OzoneManagerRequestHandler.getOzoneFileStatus(OzoneManagerRequestHandler.java:973) ~[ozone-manager-1.4.0-SNAPSHOT.jar:?]
	at org.apache.hadoop.ozone.protocolPB.OzoneManagerRequestHandler.handleReadRequest(OzoneManagerRequestHandler.java:252) ~[ozone-manager-1.4.0-SNAPSHOT.jar:?]
	at org.apache.hadoop.ozone.protocolPB.OzoneManagerProtocolServerSideTranslatorPB.submitRequestDirectlyToOM(OzoneManagerProtocolServerSideTranslatorPB.java:274) ~[ozone-manager-1.4.0-SNAPSHOT.jar:?]
	at org.apache.hadoop.ozone.protocolPB.OzoneManagerProtocolServerSideTranslatorPB.processRequest(OzoneManagerProtocolServerSideTranslatorPB.java:175) ~[ozone-manager-1.4.0-SNAPSHOT.jar:?]
	at org.apache.hadoop.hdds.server.OzoneProtocolMessageDispatcher.processRequest(OzoneProtocolMessageDispatcher.java:87) [hdds-server-framework-1.4.0-SNAPSHOT.jar:?]
	at org.apache.hadoop.ozone.protocolPB.OzoneManagerProtocolServerSideTranslatorPB.submitRequest(OzoneManagerProtocolServerSideTranslatorPB.java:148) [ozone-manager-1.4.0-SNAPSHOT.jar:?]
	at org.apache.hadoop.ozone.protocol.proto.OzoneManagerProtocolProtos$OzoneManagerService$2.callBlockingMethod(OzoneManagerProtocolProtos.java) [ozone-interface-client-1.4.0-SNAPSHOT.jar:?]
	at org.apache.hadoop.ipc.ProtobufRpcEngine$Server.processCall(ProtobufRpcEngine.java:484) [hadoop-common-3.3.6.jar:?]
	at org.apache.hadoop.ipc.ProtobufRpcEngine2$Server$ProtoBufRpcInvoker.call(ProtobufRpcEngine2.java:595) [hadoop-common-3.3.6.jar:?]
	at org.apache.hadoop.ipc.ProtobufRpcEngine2$Server$ProtoBufRpcInvoker.call(ProtobufRpcEngine2.java:573) [hadoop-common-3.3.6.jar:?]
	at org.apache.hadoop.ipc.RPC$Server.call(RPC.java:1227) [hadoop-common-3.3.6.jar:?]
	at org.apache.hadoop.ipc.Server$RpcCall.run(Server.java:1094) [hadoop-common-3.3.6.jar:?]
	at org.apache.hadoop.ipc.Server$RpcCall.run(Server.java:1017) [hadoop-common-3.3.6.jar:?]
	at java.security.AccessController.doPrivileged(Native Method) ~[?:1.8.0_382]
	at javax.security.auth.Subject.doAs(Subject.java:422) [?:1.8.0_382]
	at org.apache.hadoop.security.UserGroupInformation.doAs(UserGroupInformation.java:1899) [hadoop-common-3.3.6.jar:?]
	at org.apache.hadoop.ipc.Server$Handler.run(Server.java:3048) [hadoop-common-3.3.6.jar:?]
09:35:05.646 [IPC Server handler 13 on default port 15163] ERROR OMAudit - user=runner | ip=127.0.0.1 | op=GET_FILE_STATUS {volume=volume82570, bucket=bucket71984, key=level0/level1/level1, dataSize=0, replicationConfig=null} | ret=FAILURE
org.apache.hadoop.ozone.om.exceptions.OMException: Unable to get file status: volume: volume82570 bucket: bucket71984 key: level0/level1/level1
	at org.apache.hadoop.ozone.om.KeyManagerImpl.getOzoneFileStatus(KeyManagerImpl.java:1195) ~[ozone-manager-1.4.0-SNAPSHOT.jar:?]
	at org.apache.hadoop.ozone.om.KeyManagerImpl.getFileStatus(KeyManagerImpl.java:1113) ~[ozone-manager-1.4.0-SNAPSHOT.jar:?]
	at org.apache.hadoop.ozone.om.OmMetadataReader.getFileStatus(OmMetadataReader.java:262) ~[ozone-manager-1.4.0-SNAPSHOT.jar:?]
	at org.apache.hadoop.ozone.om.OzoneManager.getFileStatus(OzoneManager.java:3513) ~[ozone-manager-1.4.0-SNAPSHOT.jar:?]
	at org.apache.hadoop.ozone.protocolPB.OzoneManagerRequestHandler.getOzoneFileStatus(OzoneManagerRequestHandler.java:973) ~[ozone-manager-1.4.0-SNAPSHOT.jar:?]
	at org.apache.hadoop.ozone.protocolPB.OzoneManagerRequestHandler.handleReadRequest(OzoneManagerRequestHandler.java:252) ~[ozone-manager-1.4.0-SNAPSHOT.jar:?]
	at org.apache.hadoop.ozone.protocolPB.OzoneManagerProtocolServerSideTranslatorPB.submitRequestDirectlyToOM(OzoneManagerProtocolServerSideTranslatorPB.java:274) ~[ozone-manager-1.4.0-SNAPSHOT.jar:?]
	at org.apache.hadoop.ozone.protocolPB.OzoneManagerProtocolServerSideTranslatorPB.processRequest(OzoneManagerProtocolServerSideTranslatorPB.java:175) ~[ozone-manager-1.4.0-SNAPSHOT.jar:?]
	at org.apache.hadoop.hdds.server.OzoneProtocolMessageDispatcher.processRequest(OzoneProtocolMessageDispatcher.java:87) [hdds-server-framework-1.4.0-SNAPSHOT.jar:?]
	at org.apache.hadoop.ozone.protocolPB.OzoneManagerProtocolServerSideTranslatorPB.submitRequest(OzoneManagerProtocolServerSideTranslatorPB.java:148) [ozone-manager-1.4.0-SNAPSHOT.jar:?]
	at org.apache.hadoop.ozone.protocol.proto.OzoneManagerProtocolProtos$OzoneManagerService$2.callBlockingMethod(OzoneManagerProtocolProtos.java) [ozone-interface-client-1.4.0-SNAPSHOT.jar:?]
	at org.apache.hadoop.ipc.ProtobufRpcEngine$Server.processCall(ProtobufRpcEngine.java:484) [hadoop-common-3.3.6.jar:?]
	at org.apache.hadoop.ipc.ProtobufRpcEngine2$Server$ProtoBufRpcInvoker.call(ProtobufRpcEngine2.java:595) [hadoop-common-3.3.6.jar:?]
	at org.apache.hadoop.ipc.ProtobufRpcEngine2$Server$ProtoBufRpcInvoker.call(ProtobufRpcEngine2.java:573) [hadoop-common-3.3.6.jar:?]
	at org.apache.hadoop.ipc.RPC$Server.call(RPC.java:1227) [hadoop-common-3.3.6.jar:?]
	at org.apache.hadoop.ipc.Server$RpcCall.run(Server.java:1094) [hadoop-common-3.3.6.jar:?]
	at org.apache.hadoop.ipc.Server$RpcCall.run(Server.java:1017) [hadoop-common-3.3.6.jar:?]
	at java.security.AccessController.doPrivileged(Native Method) ~[?:1.8.0_382]
	at javax.security.auth.Subject.doAs(Subject.java:422) [?:1.8.0_382]
	at org.apache.hadoop.security.UserGroupInformation.doAs(UserGroupInformation.java:1899) [hadoop-common-3.3.6.jar:?]
	at org.apache.hadoop.ipc.Server$Handler.run(Server.java:3048) [hadoop-common-3.3.6.jar:?]
09:35:05.646 [IPC Server handler 14 on default port 15163] ERROR OMAudit - user=runner | ip=127.0.0.1 | op=GET_FILE_STATUS {volume=volume82570, bucket=bucket71984, key=level0/level1/file1, dataSize=0, replicationConfig=null} | ret=FAILURE
org.apache.hadoop.ozone.om.exceptions.OMException: Unable to get file status: volume: volume82570 bucket: bucket71984 key: level0/level1/file1
	at org.apache.hadoop.ozone.om.KeyManagerImpl.getOzoneFileStatus(KeyManagerImpl.java:1195) ~[ozone-manager-1.4.0-SNAPSHOT.jar:?]
	at org.apache.hadoop.ozone.om.KeyManagerImpl.getFileStatus(KeyManagerImpl.java:1113) ~[ozone-manager-1.4.0-SNAPSHOT.jar:?]
	at org.apache.hadoop.ozone.om.OmMetadataReader.getFileStatus(OmMetadataReader.java:262) ~[ozone-manager-1.4.0-SNAPSHOT.jar:?]
	at org.apache.hadoop.ozone.om.OzoneManager.getFileStatus(OzoneManager.java:3513) ~[ozone-manager-1.4.0-SNAPSHOT.jar:?]
	at org.apache.hadoop.ozone.protocolPB.OzoneManagerRequestHandler.getOzoneFileStatus(OzoneManagerRequestHandler.java:973) ~[ozone-manager-1.4.0-SNAPSHOT.jar:?]
	at org.apache.hadoop.ozone.protocolPB.OzoneManagerRequestHandler.handleReadRequest(OzoneManagerRequestHandler.java:252) ~[ozone-manager-1.4.0-SNAPSHOT.jar:?]
	at org.apache.hadoop.ozone.protocolPB.OzoneManagerProtocolServerSideTranslatorPB.submitRequestDirectlyToOM(OzoneManagerProtocolServerSideTranslatorPB.java:274) ~[ozone-manager-1.4.0-SNAPSHOT.jar:?]
	at org.apache.hadoop.ozone.protocolPB.OzoneManagerProtocolServerSideTranslatorPB.processRequest(OzoneManagerProtocolServerSideTranslatorPB.java:175) ~[ozone-manager-1.4.0-SNAPSHOT.jar:?]
	at org.apache.hadoop.hdds.server.OzoneProtocolMessageDispatcher.processRequest(OzoneProtocolMessageDispatcher.java:87) [hdds-server-framework-1.4.0-SNAPSHOT.jar:?]
	at org.apache.hadoop.ozone.protocolPB.OzoneManagerProtocolServerSideTranslatorPB.submitRequest(OzoneManagerProtocolServerSideTranslatorPB.java:148) [ozone-manager-1.4.0-SNAPSHOT.jar:?]
	at org.apache.hadoop.ozone.protocol.proto.OzoneManagerProtocolProtos$OzoneManagerService$2.callBlockingMethod(OzoneManagerProtocolProtos.java) [ozone-interface-client-1.4.0-SNAPSHOT.jar:?]
	at org.apache.hadoop.ipc.ProtobufRpcEngine$Server.processCall(ProtobufRpcEngine.java:484) [hadoop-common-3.3.6.jar:?]
	at org.apache.hadoop.ipc.ProtobufRpcEngine2$Server$ProtoBufRpcInvoker.call(ProtobufRpcEngine2.java:595) [hadoop-common-3.3.6.jar:?]
	at org.apache.hadoop.ipc.ProtobufRpcEngine2$Server$ProtoBufRpcInvoker.call(ProtobufRpcEngine2.java:573) [hadoop-common-3.3.6.jar:?]
	at org.apache.hadoop.ipc.RPC$Server.call(RPC.java:1227) [hadoop-common-3.3.6.jar:?]
	at org.apache.hadoop.ipc.Server$RpcCall.run(Server.java:1094) [hadoop-common-3.3.6.jar:?]
	at org.apache.hadoop.ipc.Server$RpcCall.run(Server.java:1017) [hadoop-common-3.3.6.jar:?]
	at java.security.AccessController.doPrivileged(Native Method) ~[?:1.8.0_382]
	at javax.security.auth.Subject.doAs(Subject.java:422) [?:1.8.0_382]
	at org.apache.hadoop.security.UserGroupInformation.doAs(UserGroupInformation.java:1899) [hadoop-common-3.3.6.jar:?]
	at org.apache.hadoop.ipc.Server$Handler.run(Server.java:3048) [hadoop-common-3.3.6.jar:?]
09:35:05.647 [IPC Server handler 10 on default port 15163] ERROR OMAudit - user=runner | ip=127.0.0.1 | op=GET_FILE_STATUS {volume=volume82570, bucket=bucket71984, key=level0/level1/level1/file1, dataSize=0, replicationConfig=null} | ret=FAILURE
org.apache.hadoop.ozone.om.exceptions.OMException: Unable to get file status: volume: volume82570 bucket: bucket71984 key: level0/level1/level1/file1
	at org.apache.hadoop.ozone.om.KeyManagerImpl.getOzoneFileStatus(KeyManagerImpl.java:1195) ~[ozone-manager-1.4.0-SNAPSHOT.jar:?]
	at org.apache.hadoop.ozone.om.KeyManagerImpl.getFileStatus(KeyManagerImpl.java:1113) ~[ozone-manager-1.4.0-SNAPSHOT.jar:?]
	at org.apache.hadoop.ozone.om.OmMetadataReader.getFileStatus(OmMetadataReader.java:262) ~[ozone-manager-1.4.0-SNAPSHOT.jar:?]
	at org.apache.hadoop.ozone.om.OzoneManager.getFileStatus(OzoneManager.java:3513) ~[ozone-manager-1.4.0-SNAPSHOT.jar:?]
	at org.apache.hadoop.ozone.protocolPB.OzoneManagerRequestHandler.getOzoneFileStatus(OzoneManagerRequestHandler.java:973) ~[ozone-manager-1.4.0-SNAPSHOT.jar:?]
	at org.apache.hadoop.ozone.protocolPB.OzoneManagerRequestHandler.handleReadRequest(OzoneManagerRequestHandler.java:252) ~[ozone-manager-1.4.0-SNAPSHOT.jar:?]
	at org.apache.hadoop.ozone.protocolPB.OzoneManagerProtocolServerSideTranslatorPB.submitRequestDirectlyToOM(OzoneManagerProtocolServerSideTranslatorPB.java:274) ~[ozone-manager-1.4.0-SNAPSHOT.jar:?]
	at org.apache.hadoop.ozone.protocolPB.OzoneManagerProtocolServerSideTranslatorPB.processRequest(OzoneManagerProtocolServerSideTranslatorPB.java:175) ~[ozone-manager-1.4.0-SNAPSHOT.jar:?]
	at org.apache.hadoop.hdds.server.OzoneProtocolMessageDispatcher.processRequest(OzoneProtocolMessageDispatcher.java:87) [hdds-server-framework-1.4.0-SNAPSHOT.jar:?]
	at org.apache.hadoop.ozone.protocolPB.OzoneManagerProtocolServerSideTranslatorPB.submitRequest(OzoneManagerProtocolServerSideTranslatorPB.java:148) [ozone-manager-1.4.0-SNAPSHOT.jar:?]
	at org.apache.hadoop.ozone.protocol.proto.OzoneManagerProtocolProtos$OzoneManagerService$2.callBlockingMethod(OzoneManagerProtocolProtos.java) [ozone-interface-client-1.4.0-SNAPSHOT.jar:?]
	at org.apache.hadoop.ipc.ProtobufRpcEngine$Server.processCall(ProtobufRpcEngine.java:484) [hadoop-common-3.3.6.jar:?]
	at org.apache.hadoop.ipc.ProtobufRpcEngine2$Server$ProtoBufRpcInvoker.call(ProtobufRpcEngine2.java:595) [hadoop-common-3.3.6.jar:?]
	at org.apache.hadoop.ipc.ProtobufRpcEngine2$Server$ProtoBufRpcInvoker.call(ProtobufRpcEngine2.java:573) [hadoop-common-3.3.6.jar:?]
	at org.apache.hadoop.ipc.RPC$Server.call(RPC.java:1227) [hadoop-common-3.3.6.jar:?]
	at org.apache.hadoop.ipc.Server$RpcCall.run(Server.java:1094) [hadoop-common-3.3.6.jar:?]
	at org.apache.hadoop.ipc.Server$RpcCall.run(Server.java:1017) [hadoop-common-3.3.6.jar:?]
	at java.security.AccessController.doPrivileged(Native Method) ~[?:1.8.0_382]
	at javax.security.auth.Subject.doAs(Subject.java:422) [?:1.8.0_382]
	at org.apache.hadoop.security.UserGroupInformation.doAs(UserGroupInformation.java:1899) [hadoop-common-3.3.6.jar:?]
	at org.apache.hadoop.ipc.Server$Handler.run(Server.java:3048) [hadoop-common-3.3.6.jar:?]
09:35:05.649 [IPC Server handler 11 on default port 15163] ERROR OMAudit - user=runner | ip=127.0.0.1 | op=GET_FILE_STATUS {volume=volume82570, bucket=bucket71984, key=level0/level2, dataSize=0, replicationConfig=null} | ret=FAILURE
org.apache.hadoop.ozone.om.exceptions.OMException: Unable to get file status: volume: volume82570 bucket: bucket71984 key: level0/level2
	at org.apache.hadoop.ozone.om.KeyManagerImpl.getOzoneFileStatus(KeyManagerImpl.java:1195) ~[ozone-manager-1.4.0-SNAPSHOT.jar:?]
	at org.apache.hadoop.ozone.om.KeyManagerImpl.getFileStatus(KeyManagerImpl.java:1113) ~[ozone-manager-1.4.0-SNAPSHOT.jar:?]
	at org.apache.hadoop.ozone.om.OmMetadataReader.getFileStatus(OmMetadataReader.java:262) ~[ozone-manager-1.4.0-SNAPSHOT.jar:?]
	at org.apache.hadoop.ozone.om.OzoneManager.getFileStatus(OzoneManager.java:3513) ~[ozone-manager-1.4.0-SNAPSHOT.jar:?]
	at org.apache.hadoop.ozone.protocolPB.OzoneManagerRequestHandler.getOzoneFileStatus(OzoneManagerRequestHandler.java:973) ~[ozone-manager-1.4.0-SNAPSHOT.jar:?]
	at org.apache.hadoop.ozone.protocolPB.OzoneManagerRequestHandler.handleReadRequest(OzoneManagerRequestHandler.java:252) ~[ozone-manager-1.4.0-SNAPSHOT.jar:?]
	at org.apache.hadoop.ozone.protocolPB.OzoneManagerProtocolServerSideTranslatorPB.submitRequestDirectlyToOM(OzoneManagerProtocolServerSideTranslatorPB.java:274) ~[ozone-manager-1.4.0-SNAPSHOT.jar:?]
	at org.apache.hadoop.ozone.protocolPB.OzoneManagerProtocolServerSideTranslatorPB.processRequest(OzoneManagerProtocolServerSideTranslatorPB.java:175) ~[ozone-manager-1.4.0-SNAPSHOT.jar:?]
	at org.apache.hadoop.hdds.server.OzoneProtocolMessageDispatcher.processRequest(OzoneProtocolMessageDispatcher.java:87) [hdds-server-framework-1.4.0-SNAPSHOT.jar:?]
	at org.apache.hadoop.ozone.protocolPB.OzoneManagerProtocolServerSideTranslatorPB.submitRequest(OzoneManagerProtocolServerSideTranslatorPB.java:148) [ozone-manager-1.4.0-SNAPSHOT.jar:?]
	at org.apache.hadoop.ozone.protocol.proto.OzoneManagerProtocolProtos$OzoneManagerService$2.callBlockingMethod(OzoneManagerProtocolProtos.java) [ozone-interface-client-1.4.0-SNAPSHOT.jar:?]
	at org.apache.hadoop.ipc.ProtobufRpcEngine$Server.processCall(ProtobufRpcEngine.java:484) [hadoop-common-3.3.6.jar:?]
	at org.apache.hadoop.ipc.ProtobufRpcEngine2$Server$ProtoBufRpcInvoker.call(ProtobufRpcEngine2.java:595) [hadoop-common-3.3.6.jar:?]
	at org.apache.hadoop.ipc.ProtobufRpcEngine2$Server$ProtoBufRpcInvoker.call(ProtobufRpcEngine2.java:573) [hadoop-common-3.3.6.jar:?]
	at org.apache.hadoop.ipc.RPC$Server.call(RPC.java:1227) [hadoop-common-3.3.6.jar:?]
	at org.apache.hadoop.ipc.Server$RpcCall.run(Server.java:1094) [hadoop-common-3.3.6.jar:?]
	at org.apache.hadoop.ipc.Server$RpcCall.run(Server.java:1017) [hadoop-common-3.3.6.jar:?]
	at java.security.AccessController.doPrivileged(Native Method) ~[?:1.8.0_382]
	at javax.security.auth.Subject.doAs(Subject.java:422) [?:1.8.0_382]
	at org.apache.hadoop.security.UserGroupInformation.doAs(UserGroupInformation.java:1899) [hadoop-common-3.3.6.jar:?]
	at org.apache.hadoop.ipc.Server$Handler.run(Server.java:3048) [hadoop-common-3.3.6.jar:?]
09:35:05.650 [IPC Server handler 15 on default port 15163] ERROR OMAudit - user=runner | ip=127.0.0.1 | op=GET_FILE_STATUS {volume=volume82570, bucket=bucket71984, key=level0/level2/level2, dataSize=0, replicationConfig=null} | ret=FAILURE
org.apache.hadoop.ozone.om.exceptions.OMException: Unable to get file status: volume: volume82570 bucket: bucket71984 key: level0/level2/level2
	at org.apache.hadoop.ozone.om.KeyManagerImpl.getOzoneFileStatus(KeyManagerImpl.java:1195) ~[ozone-manager-1.4.0-SNAPSHOT.jar:?]
	at org.apache.hadoop.ozone.om.KeyManagerImpl.getFileStatus(KeyManagerImpl.java:1113) ~[ozone-manager-1.4.0-SNAPSHOT.jar:?]
	at org.apache.hadoop.ozone.om.OmMetadataReader.getFileStatus(OmMetadataReader.java:262) ~[ozone-manager-1.4.0-SNAPSHOT.jar:?]
	at org.apache.hadoop.ozone.om.OzoneManager.getFileStatus(OzoneManager.java:3513) ~[ozone-manager-1.4.0-SNAPSHOT.jar:?]
	at org.apache.hadoop.ozone.protocolPB.OzoneManagerRequestHandler.getOzoneFileStatus(OzoneManagerRequestHandler.java:973) ~[ozone-manager-1.4.0-SNAPSHOT.jar:?]
	at org.apache.hadoop.ozone.protocolPB.OzoneManagerRequestHandler.handleReadRequest(OzoneManagerRequestHandler.java:252) ~[ozone-manager-1.4.0-SNAPSHOT.jar:?]
	at org.apache.hadoop.ozone.protocolPB.OzoneManagerProtocolServerSideTranslatorPB.submitRequestDirectlyToOM(OzoneManagerProtocolServerSideTranslatorPB.java:274) ~[ozone-manager-1.4.0-SNAPSHOT.jar:?]
	at org.apache.hadoop.ozone.protocolPB.OzoneManagerProtocolServerSideTranslatorPB.processRequest(OzoneManagerProtocolServerSideTranslatorPB.java:175) ~[ozone-manager-1.4.0-SNAPSHOT.jar:?]
	at org.apache.hadoop.hdds.server.OzoneProtocolMessageDispatcher.processRequest(OzoneProtocolMessageDispatcher.java:87) [hdds-server-framework-1.4.0-SNAPSHOT.jar:?]
	at org.apache.hadoop.ozone.protocolPB.OzoneManagerProtocolServerSideTranslatorPB.submitRequest(OzoneManagerProtocolServerSideTranslatorPB.java:148) [ozone-manager-1.4.0-SNAPSHOT.jar:?]
	at org.apache.hadoop.ozone.protocol.proto.OzoneManagerProtocolProtos$OzoneManagerService$2.callBlockingMethod(OzoneManagerProtocolProtos.java) [ozone-interface-client-1.4.0-SNAPSHOT.jar:?]
	at org.apache.hadoop.ipc.ProtobufRpcEngine$Server.processCall(ProtobufRpcEngine.java:484) [hadoop-common-3.3.6.jar:?]
	at org.apache.hadoop.ipc.ProtobufRpcEngine2$Server$ProtoBufRpcInvoker.call(ProtobufRpcEngine2.java:595) [hadoop-common-3.3.6.jar:?]
	at org.apache.hadoop.ipc.ProtobufRpcEngine2$Server$ProtoBufRpcInvoker.call(ProtobufRpcEngine2.java:573) [hadoop-common-3.3.6.jar:?]
	at org.apache.hadoop.ipc.RPC$Server.call(RPC.java:1227) [hadoop-common-3.3.6.jar:?]
	at org.apache.hadoop.ipc.Server$RpcCall.run(Server.java:1094) [hadoop-common-3.3.6.jar:?]
	at org.apache.hadoop.ipc.Server$RpcCall.run(Server.java:1017) [hadoop-common-3.3.6.jar:?]
	at java.security.AccessController.doPrivileged(Native Method) ~[?:1.8.0_382]
	at javax.security.auth.Subject.doAs(Subject.java:422) [?:1.8.0_382]
	at org.apache.hadoop.security.UserGroupInformation.doAs(UserGroupInformation.java:1899) [hadoop-common-3.3.6.jar:?]
	at org.apache.hadoop.ipc.Server$Handler.run(Server.java:3048) [hadoop-common-3.3.6.jar:?]
09:35:05.651 [IPC Server handler 16 on default port 15163] ERROR OMAudit - user=runner | ip=127.0.0.1 | op=GET_FILE_STATUS {volume=volume82570, bucket=bucket71984, key=level0/level2/file1, dataSize=0, replicationConfig=null} | ret=FAILURE
org.apache.hadoop.ozone.om.exceptions.OMException: Unable to get file status: volume: volume82570 bucket: bucket71984 key: level0/level2/file1
	at org.apache.hadoop.ozone.om.KeyManagerImpl.getOzoneFileStatus(KeyManagerImpl.java:1195) ~[ozone-manager-1.4.0-SNAPSHOT.jar:?]
	at org.apache.hadoop.ozone.om.KeyManagerImpl.getFileStatus(KeyManagerImpl.java:1113) ~[ozone-manager-1.4.0-SNAPSHOT.jar:?]
	at org.apache.hadoop.ozone.om.OmMetadataReader.getFileStatus(OmMetadataReader.java:262) ~[ozone-manager-1.4.0-SNAPSHOT.jar:?]
	at org.apache.hadoop.ozone.om.OzoneManager.getFileStatus(OzoneManager.java:3513) ~[ozone-manager-1.4.0-SNAPSHOT.jar:?]
	at org.apache.hadoop.ozone.protocolPB.OzoneManagerRequestHandler.getOzoneFileStatus(OzoneManagerRequestHandler.java:973) ~[ozone-manager-1.4.0-SNAPSHOT.jar:?]
	at org.apache.hadoop.ozone.protocolPB.OzoneManagerRequestHandler.handleReadRequest(OzoneManagerRequestHandler.java:252) ~[ozone-manager-1.4.0-SNAPSHOT.jar:?]
	at org.apache.hadoop.ozone.protocolPB.OzoneManagerProtocolServerSideTranslatorPB.submitRequestDirectlyToOM(OzoneManagerProtocolServerSideTranslatorPB.java:274) ~[ozone-manager-1.4.0-SNAPSHOT.jar:?]
	at org.apache.hadoop.ozone.protocolPB.OzoneManagerProtocolServerSideTranslatorPB.processRequest(OzoneManagerProtocolServerSideTranslatorPB.java:175) ~[ozone-manager-1.4.0-SNAPSHOT.jar:?]
	at org.apache.hadoop.hdds.server.OzoneProtocolMessageDispatcher.processRequest(OzoneProtocolMessageDispatcher.java:87) [hdds-server-framework-1.4.0-SNAPSHOT.jar:?]
	at org.apache.hadoop.ozone.protocolPB.OzoneManagerProtocolServerSideTranslatorPB.submitRequest(OzoneManagerProtocolServerSideTranslatorPB.java:148) [ozone-manager-1.4.0-SNAPSHOT.jar:?]
	at org.apache.hadoop.ozone.protocol.proto.OzoneManagerProtocolProtos$OzoneManagerService$2.callBlockingMethod(OzoneManagerProtocolProtos.java) [ozone-interface-client-1.4.0-SNAPSHOT.jar:?]
	at org.apache.hadoop.ipc.ProtobufRpcEngine$Server.processCall(ProtobufRpcEngine.java:484) [hadoop-common-3.3.6.jar:?]
	at org.apache.hadoop.ipc.ProtobufRpcEngine2$Server$ProtoBufRpcInvoker.call(ProtobufRpcEngine2.java:595) [hadoop-common-3.3.6.jar:?]
	at org.apache.hadoop.ipc.ProtobufRpcEngine2$Server$ProtoBufRpcInvoker.call(ProtobufRpcEngine2.java:573) [hadoop-common-3.3.6.jar:?]
	at org.apache.hadoop.ipc.RPC$Server.call(RPC.java:1227) [hadoop-common-3.3.6.jar:?]
	at org.apache.hadoop.ipc.Server$RpcCall.run(Server.java:1094) [hadoop-common-3.3.6.jar:?]
	at org.apache.hadoop.ipc.Server$RpcCall.run(Server.java:1017) [hadoop-common-3.3.6.jar:?]
	at java.security.AccessController.doPrivileged(Native Method) ~[?:1.8.0_382]
	at javax.security.auth.Subject.doAs(Subject.java:422) [?:1.8.0_382]
	at org.apache.hadoop.security.UserGroupInformation.doAs(UserGroupInformation.java:1899) [hadoop-common-3.3.6.jar:?]
	at org.apache.hadoop.ipc.Server$Handler.run(Server.java:3048) [hadoop-common-3.3.6.jar:?]
09:35:05.651 [IPC Server handler 17 on default port 15163] ERROR OMAudit - user=runner | ip=127.0.0.1 | op=GET_FILE_STATUS {volume=volume82570, bucket=bucket71984, key=level0/level2/level2/file1, dataSize=0, replicationConfig=null} | ret=FAILURE
org.apache.hadoop.ozone.om.exceptions.OMException: Unable to get file status: volume: volume82570 bucket: bucket71984 key: level0/level2/level2/file1
	at org.apache.hadoop.ozone.om.KeyManagerImpl.getOzoneFileStatus(KeyManagerImpl.java:1195) ~[ozone-manager-1.4.0-SNAPSHOT.jar:?]
	at org.apache.hadoop.ozone.om.KeyManagerImpl.getFileStatus(KeyManagerImpl.java:1113) ~[ozone-manager-1.4.0-SNAPSHOT.jar:?]
	at org.apache.hadoop.ozone.om.OmMetadataReader.getFileStatus(OmMetadataReader.java:262) ~[ozone-manager-1.4.0-SNAPSHOT.jar:?]
	at org.apache.hadoop.ozone.om.OzoneManager.getFileStatus(OzoneManager.java:3513) ~[ozone-manager-1.4.0-SNAPSHOT.jar:?]
	at org.apache.hadoop.ozone.protocolPB.OzoneManagerRequestHandler.getOzoneFileStatus(OzoneManagerRequestHandler.java:973) ~[ozone-manager-1.4.0-SNAPSHOT.jar:?]
	at org.apache.hadoop.ozone.protocolPB.OzoneManagerRequestHandler.handleReadRequest(OzoneManagerRequestHandler.java:252) ~[ozone-manager-1.4.0-SNAPSHOT.jar:?]
	at org.apache.hadoop.ozone.protocolPB.OzoneManagerProtocolServerSideTranslatorPB.submitRequestDirectlyToOM(OzoneManagerProtocolServerSideTranslatorPB.java:274) ~[ozone-manager-1.4.0-SNAPSHOT.jar:?]
	at org.apache.hadoop.ozone.protocolPB.OzoneManagerProtocolServerSideTranslatorPB.processRequest(OzoneManagerProtocolServerSideTranslatorPB.java:175) ~[ozone-manager-1.4.0-SNAPSHOT.jar:?]
	at org.apache.hadoop.hdds.server.OzoneProtocolMessageDispatcher.processRequest(OzoneProtocolMessageDispatcher.java:87) [hdds-server-framework-1.4.0-SNAPSHOT.jar:?]
	at org.apache.hadoop.ozone.protocolPB.OzoneManagerProtocolServerSideTranslatorPB.submitRequest(OzoneManagerProtocolServerSideTranslatorPB.java:148) [ozone-manager-1.4.0-SNAPSHOT.jar:?]
	at org.apache.hadoop.ozone.protocol.proto.OzoneManagerProtocolProtos$OzoneManagerService$2.callBlockingMethod(OzoneManagerProtocolProtos.java) [ozone-interface-client-1.4.0-SNAPSHOT.jar:?]
	at org.apache.hadoop.ipc.ProtobufRpcEngine$Server.processCall(ProtobufRpcEngine.java:484) [hadoop-common-3.3.6.jar:?]
	at org.apache.hadoop.ipc.ProtobufRpcEngine2$Server$ProtoBufRpcInvoker.call(ProtobufRpcEngine2.java:595) [hadoop-common-3.3.6.jar:?]
	at org.apache.hadoop.ipc.ProtobufRpcEngine2$Server$ProtoBufRpcInvoker.call(ProtobufRpcEngine2.java:573) [hadoop-common-3.3.6.jar:?]
	at org.apache.hadoop.ipc.RPC$Server.call(RPC.java:1227) [hadoop-common-3.3.6.jar:?]
	at org.apache.hadoop.ipc.Server$RpcCall.run(Server.java:1094) [hadoop-common-3.3.6.jar:?]
	at org.apache.hadoop.ipc.Server$RpcCall.run(Server.java:1017) [hadoop-common-3.3.6.jar:?]
	at java.security.AccessController.doPrivileged(Native Method) ~[?:1.8.0_382]
	at javax.security.auth.Subject.doAs(Subject.java:422) [?:1.8.0_382]
	at org.apache.hadoop.security.UserGroupInformation.doAs(UserGroupInformation.java:1899) [hadoop-common-3.3.6.jar:?]
	at org.apache.hadoop.ipc.Server$Handler.run(Server.java:3048) [hadoop-common-3.3.6.jar:?]
09:35:05.652 [IPC Server handler 18 on default port 15163] ERROR OMAudit - user=runner | ip=127.0.0.1 | op=GET_FILE_STATUS {volume=volume82570, bucket=bucket71984, key=level0/level3, dataSize=0, replicationConfig=null} | ret=FAILURE
org.apache.hadoop.ozone.om.exceptions.OMException: Unable to get file status: volume: volume82570 bucket: bucket71984 key: level0/level3
	at org.apache.hadoop.ozone.om.KeyManagerImpl.getOzoneFileStatus(KeyManagerImpl.java:1195) ~[ozone-manager-1.4.0-SNAPSHOT.jar:?]
	at org.apache.hadoop.ozone.om.KeyManagerImpl.getFileStatus(KeyManagerImpl.java:1113) ~[ozone-manager-1.4.0-SNAPSHOT.jar:?]
	at org.apache.hadoop.ozone.om.OmMetadataReader.getFileStatus(OmMetadataReader.java:262) ~[ozone-manager-1.4.0-SNAPSHOT.jar:?]
	at org.apache.hadoop.ozone.om.OzoneManager.getFileStatus(OzoneManager.java:3513) ~[ozone-manager-1.4.0-SNAPSHOT.jar:?]
	at org.apache.hadoop.ozone.protocolPB.OzoneManagerRequestHandler.getOzoneFileStatus(OzoneManagerRequestHandler.java:973) ~[ozone-manager-1.4.0-SNAPSHOT.jar:?]
	at org.apache.hadoop.ozone.protocolPB.OzoneManagerRequestHandler.handleReadRequest(OzoneManagerRequestHandler.java:252) ~[ozone-manager-1.4.0-SNAPSHOT.jar:?]
	at org.apache.hadoop.ozone.protocolPB.OzoneManagerProtocolServerSideTranslatorPB.submitRequestDirectlyToOM(OzoneManagerProtocolServerSideTranslatorPB.java:274) ~[ozone-manager-1.4.0-SNAPSHOT.jar:?]
	at org.apache.hadoop.ozone.protocolPB.OzoneManagerProtocolServerSideTranslatorPB.processRequest(OzoneManagerProtocolServerSideTranslatorPB.java:175) ~[ozone-manager-1.4.0-SNAPSHOT.jar:?]
	at org.apache.hadoop.hdds.server.OzoneProtocolMessageDispatcher.processRequest(OzoneProtocolMessageDispatcher.java:87) [hdds-server-framework-1.4.0-SNAPSHOT.jar:?]
	at org.apache.hadoop.ozone.protocolPB.OzoneManagerProtocolServerSideTranslatorPB.submitRequest(OzoneManagerProtocolServerSideTranslatorPB.java:148) [ozone-manager-1.4.0-SNAPSHOT.jar:?]
	at org.apache.hadoop.ozone.protocol.proto.OzoneManagerProtocolProtos$OzoneManagerService$2.callBlockingMethod(OzoneManagerProtocolProtos.java) [ozone-interface-client-1.4.0-SNAPSHOT.jar:?]
	at org.apache.hadoop.ipc.ProtobufRpcEngine$Server.processCall(ProtobufRpcEngine.java:484) [hadoop-common-3.3.6.jar:?]
	at org.apache.hadoop.ipc.ProtobufRpcEngine2$Server$ProtoBufRpcInvoker.call(ProtobufRpcEngine2.java:595) [hadoop-common-3.3.6.jar:?]
	at org.apache.hadoop.ipc.ProtobufRpcEngine2$Server$ProtoBufRpcInvoker.call(ProtobufRpcEngine2.java:573) [hadoop-common-3.3.6.jar:?]
	at org.apache.hadoop.ipc.RPC$Server.call(RPC.java:1227) [hadoop-common-3.3.6.jar:?]
	at org.apache.hadoop.ipc.Server$RpcCall.run(Server.java:1094) [hadoop-common-3.3.6.jar:?]
	at org.apache.hadoop.ipc.Server$RpcCall.run(Server.java:1017) [hadoop-common-3.3.6.jar:?]
	at java.security.AccessController.doPrivileged(Native Method) ~[?:1.8.0_382]
	at javax.security.auth.Subject.doAs(Subject.java:422) [?:1.8.0_382]
	at org.apache.hadoop.security.UserGroupInformation.doAs(UserGroupInformation.java:1899) [hadoop-common-3.3.6.jar:?]
	at org.apache.hadoop.ipc.Server$Handler.run(Server.java:3048) [hadoop-common-3.3.6.jar:?]
09:35:05.654 [IPC Server handler 19 on default port 15163] ERROR OMAudit - user=runner | ip=127.0.0.1 | op=GET_FILE_STATUS {volume=volume82570, bucket=bucket71984, key=level0/level3/level3, dataSize=0, replicationConfig=null} | ret=FAILURE
org.apache.hadoop.ozone.om.exceptions.OMException: Unable to get file status: volume: volume82570 bucket: bucket71984 key: level0/level3/level3
	at org.apache.hadoop.ozone.om.KeyManagerImpl.getOzoneFileStatus(KeyManagerImpl.java:1195) ~[ozone-manager-1.4.0-SNAPSHOT.jar:?]
	at org.apache.hadoop.ozone.om.KeyManagerImpl.getFileStatus(KeyManagerImpl.java:1113) ~[ozone-manager-1.4.0-SNAPSHOT.jar:?]
	at org.apache.hadoop.ozone.om.OmMetadataReader.getFileStatus(OmMetadataReader.java:262) ~[ozone-manager-1.4.0-SNAPSHOT.jar:?]
	at org.apache.hadoop.ozone.om.OzoneManager.getFileStatus(OzoneManager.java:3513) ~[ozone-manager-1.4.0-SNAPSHOT.jar:?]
	at org.apache.hadoop.ozone.protocolPB.OzoneManagerRequestHandler.getOzoneFileStatus(OzoneManagerRequestHandler.java:973) ~[ozone-manager-1.4.0-SNAPSHOT.jar:?]
	at org.apache.hadoop.ozone.protocolPB.OzoneManagerRequestHandler.handleReadRequest(OzoneManagerRequestHandler.java:252) ~[ozone-manager-1.4.0-SNAPSHOT.jar:?]
	at org.apache.hadoop.ozone.protocolPB.OzoneManagerProtocolServerSideTranslatorPB.submitRequestDirectlyToOM(OzoneManagerProtocolServerSideTranslatorPB.java:274) ~[ozone-manager-1.4.0-SNAPSHOT.jar:?]
	at org.apache.hadoop.ozone.protocolPB.OzoneManagerProtocolServerSideTranslatorPB.processRequest(OzoneManagerProtocolServerSideTranslatorPB.java:175) ~[ozone-manager-1.4.0-SNAPSHOT.jar:?]
	at org.apache.hadoop.hdds.server.OzoneProtocolMessageDispatcher.processRequest(OzoneProtocolMessageDispatcher.java:87) [hdds-server-framework-1.4.0-SNAPSHOT.jar:?]
	at org.apache.hadoop.ozone.protocolPB.OzoneManagerProtocolServerSideTranslatorPB.submitRequest(OzoneManagerProtocolServerSideTranslatorPB.java:148) [ozone-manager-1.4.0-SNAPSHOT.jar:?]
	at org.apache.hadoop.ozone.protocol.proto.OzoneManagerProtocolProtos$OzoneManagerService$2.callBlockingMethod(OzoneManagerProtocolProtos.java) [ozone-interface-client-1.4.0-SNAPSHOT.jar:?]
	at org.apache.hadoop.ipc.ProtobufRpcEngine$Server.processCall(ProtobufRpcEngine.java:484) [hadoop-common-3.3.6.jar:?]
	at org.apache.hadoop.ipc.ProtobufRpcEngine2$Server$ProtoBufRpcInvoker.call(ProtobufRpcEngine2.java:595) [hadoop-common-3.3.6.jar:?]
	at org.apache.hadoop.ipc.ProtobufRpcEngine2$Server$ProtoBufRpcInvoker.call(ProtobufRpcEngine2.java:573) [hadoop-common-3.3.6.jar:?]
	at org.apache.hadoop.ipc.RPC$Server.call(RPC.java:1227) [hadoop-common-3.3.6.jar:?]
	at org.apache.hadoop.ipc.Server$RpcCall.run(Server.java:1094) [hadoop-common-3.3.6.jar:?]
	at org.apache.hadoop.ipc.Server$RpcCall.run(Server.java:1017) [hadoop-common-3.3.6.jar:?]
	at java.security.AccessController.doPrivileged(Native Method) ~[?:1.8.0_382]
	at javax.security.auth.Subject.doAs(Subject.java:422) [?:1.8.0_382]
	at org.apache.hadoop.security.UserGroupInformation.doAs(UserGroupInformation.java:1899) [hadoop-common-3.3.6.jar:?]
	at org.apache.hadoop.ipc.Server$Handler.run(Server.java:3048) [hadoop-common-3.3.6.jar:?]
09:35:05.655 [IPC Server handler 0 on default port 15163] ERROR OMAudit - user=runner | ip=127.0.0.1 | op=GET_FILE_STATUS {volume=volume82570, bucket=bucket71984, key=level0/level3/file1, dataSize=0, replicationConfig=null} | ret=FAILURE
org.apache.hadoop.ozone.om.exceptions.OMException: Unable to get file status: volume: volume82570 bucket: bucket71984 key: level0/level3/file1
	at org.apache.hadoop.ozone.om.KeyManagerImpl.getOzoneFileStatus(KeyManagerImpl.java:1195) ~[ozone-manager-1.4.0-SNAPSHOT.jar:?]
	at org.apache.hadoop.ozone.om.KeyManagerImpl.getFileStatus(KeyManagerImpl.java:1113) ~[ozone-manager-1.4.0-SNAPSHOT.jar:?]
	at org.apache.hadoop.ozone.om.OmMetadataReader.getFileStatus(OmMetadataReader.java:262) ~[ozone-manager-1.4.0-SNAPSHOT.jar:?]
	at org.apache.hadoop.ozone.om.OzoneManager.getFileStatus(OzoneManager.java:3513) ~[ozone-manager-1.4.0-SNAPSHOT.jar:?]
	at org.apache.hadoop.ozone.protocolPB.OzoneManagerRequestHandler.getOzoneFileStatus(OzoneManagerRequestHandler.java:973) ~[ozone-manager-1.4.0-SNAPSHOT.jar:?]
	at org.apache.hadoop.ozone.protocolPB.OzoneManagerRequestHandler.handleReadRequest(OzoneManagerRequestHandler.java:252) ~[ozone-manager-1.4.0-SNAPSHOT.jar:?]
	at org.apache.hadoop.ozone.protocolPB.OzoneManagerProtocolServerSideTranslatorPB.submitRequestDirectlyToOM(OzoneManagerProtocolServerSideTranslatorPB.java:274) ~[ozone-manager-1.4.0-SNAPSHOT.jar:?]
	at org.apache.hadoop.ozone.protocolPB.OzoneManagerProtocolServerSideTranslatorPB.processRequest(OzoneManagerProtocolServerSideTranslatorPB.java:175) ~[ozone-manager-1.4.0-SNAPSHOT.jar:?]
	at org.apache.hadoop.hdds.server.OzoneProtocolMessageDispatcher.processRequest(OzoneProtocolMessageDispatcher.java:87) [hdds-server-framework-1.4.0-SNAPSHOT.jar:?]
	at org.apache.hadoop.ozone.protocolPB.OzoneManagerProtocolServerSideTranslatorPB.submitRequest(OzoneManagerProtocolServerSideTranslatorPB.java:148) [ozone-manager-1.4.0-SNAPSHOT.jar:?]
	at org.apache.hadoop.ozone.protocol.proto.OzoneManagerProtocolProtos$OzoneManagerService$2.callBlockingMethod(OzoneManagerProtocolProtos.java) [ozone-interface-client-1.4.0-SNAPSHOT.jar:?]
	at org.apache.hadoop.ipc.ProtobufRpcEngine$Server.processCall(ProtobufRpcEngine.java:484) [hadoop-common-3.3.6.jar:?]
	at org.apache.hadoop.ipc.ProtobufRpcEngine2$Server$ProtoBufRpcInvoker.call(ProtobufRpcEngine2.java:595) [hadoop-common-3.3.6.jar:?]
	at org.apache.hadoop.ipc.ProtobufRpcEngine2$Server$ProtoBufRpcInvoker.call(ProtobufRpcEngine2.java:573) [hadoop-common-3.3.6.jar:?]
	at org.apache.hadoop.ipc.RPC$Server.call(RPC.java:1227) [hadoop-common-3.3.6.jar:?]
	at org.apache.hadoop.ipc.Server$RpcCall.run(Server.java:1094) [hadoop-common-3.3.6.jar:?]
	at org.apache.hadoop.ipc.Server$RpcCall.run(Server.java:1017) [hadoop-common-3.3.6.jar:?]
	at java.security.AccessController.doPrivileged(Native Method) ~[?:1.8.0_382]
	at javax.security.auth.Subject.doAs(Subject.java:422) [?:1.8.0_382]
	at org.apache.hadoop.security.UserGroupInformation.doAs(UserGroupInformation.java:1899) [hadoop-common-3.3.6.jar:?]
	at org.apache.hadoop.ipc.Server$Handler.run(Server.java:3048) [hadoop-common-3.3.6.jar:?]
09:35:05.656 [IPC Server handler 1 on default port 15163] ERROR OMAudit - user=runner | ip=127.0.0.1 | op=GET_FILE_STATUS {volume=volume82570, bucket=bucket71984, key=level0/level3/level3/file1, dataSize=0, replicationConfig=null} | ret=FAILURE
org.apache.hadoop.ozone.om.exceptions.OMException: Unable to get file status: volume: volume82570 bucket: bucket71984 key: level0/level3/level3/file1
	at org.apache.hadoop.ozone.om.KeyManagerImpl.getOzoneFileStatus(KeyManagerImpl.java:1195) ~[ozone-manager-1.4.0-SNAPSHOT.jar:?]
	at org.apache.hadoop.ozone.om.KeyManagerImpl.getFileStatus(KeyManagerImpl.java:1113) ~[ozone-manager-1.4.0-SNAPSHOT.jar:?]
	at org.apache.hadoop.ozone.om.OmMetadataReader.getFileStatus(OmMetadataReader.java:262) ~[ozone-manager-1.4.0-SNAPSHOT.jar:?]
	at org.apache.hadoop.ozone.om.OzoneManager.getFileStatus(OzoneManager.java:3513) ~[ozone-manager-1.4.0-SNAPSHOT.jar:?]
	at org.apache.hadoop.ozone.protocolPB.OzoneManagerRequestHandler.getOzoneFileStatus(OzoneManagerRequestHandler.java:973) ~[ozone-manager-1.4.0-SNAPSHOT.jar:?]
	at org.apache.hadoop.ozone.protocolPB.OzoneManagerRequestHandler.handleReadRequest(OzoneManagerRequestHandler.java:252) ~[ozone-manager-1.4.0-SNAPSHOT.jar:?]
	at org.apache.hadoop.ozone.protocolPB.OzoneManagerProtocolServerSideTranslatorPB.submitRequestDirectlyToOM(OzoneManagerProtocolServerSideTranslatorPB.java:274) ~[ozone-manager-1.4.0-SNAPSHOT.jar:?]
	at org.apache.hadoop.ozone.protocolPB.OzoneManagerProtocolServerSideTranslatorPB.processRequest(OzoneManagerProtocolServerSideTranslatorPB.java:175) ~[ozone-manager-1.4.0-SNAPSHOT.jar:?]
	at org.apache.hadoop.hdds.server.OzoneProtocolMessageDispatcher.processRequest(OzoneProtocolMessageDispatcher.java:87) [hdds-server-framework-1.4.0-SNAPSHOT.jar:?]
	at org.apache.hadoop.ozone.protocolPB.OzoneManagerProtocolServerSideTranslatorPB.submitRequest(OzoneManagerProtocolServerSideTranslatorPB.java:148) [ozone-manager-1.4.0-SNAPSHOT.jar:?]
	at org.apache.hadoop.ozone.protocol.proto.OzoneManagerProtocolProtos$OzoneManagerService$2.callBlockingMethod(OzoneManagerProtocolProtos.java) [ozone-interface-client-1.4.0-SNAPSHOT.jar:?]
	at org.apache.hadoop.ipc.ProtobufRpcEngine$Server.processCall(ProtobufRpcEngine.java:484) [hadoop-common-3.3.6.jar:?]
	at org.apache.hadoop.ipc.ProtobufRpcEngine2$Server$ProtoBufRpcInvoker.call(ProtobufRpcEngine2.java:595) [hadoop-common-3.3.6.jar:?]
	at org.apache.hadoop.ipc.ProtobufRpcEngine2$Server$ProtoBufRpcInvoker.call(ProtobufRpcEngine2.java:573) [hadoop-common-3.3.6.jar:?]
	at org.apache.hadoop.ipc.RPC$Server.call(RPC.java:1227) [hadoop-common-3.3.6.jar:?]
	at org.apache.hadoop.ipc.Server$RpcCall.run(Server.java:1094) [hadoop-common-3.3.6.jar:?]
	at org.apache.hadoop.ipc.Server$RpcCall.run(Server.java:1017) [hadoop-common-3.3.6.jar:?]
	at java.security.AccessController.doPrivileged(Native Method) ~[?:1.8.0_382]
	at javax.security.auth.Subject.doAs(Subject.java:422) [?:1.8.0_382]
	at org.apache.hadoop.security.UserGroupInformation.doAs(UserGroupInformation.java:1899) [hadoop-common-3.3.6.jar:?]
	at org.apache.hadoop.ipc.Server$Handler.run(Server.java:3048) [hadoop-common-3.3.6.jar:?]
]]></system-out>
  </testcase>
  <testcase name="testGetTrashRoots" classname="TestOzoneFileSystem" time="0.085">
    <system-out><![CDATA[09:31:22.187 [IPC Server handler 3 on default port 15004] ERROR OMAudit - user=runner | ip=127.0.0.1 | op=GET_FILE_STATUS {volume=volume76952, bucket=bucket05606, key=.Trash/runner, dataSize=0, replicationConfig=null} | ret=FAILURE
org.apache.hadoop.ozone.om.exceptions.OMException: Unable to get file status: volume: volume76952 bucket: bucket05606 key: .Trash/runner
	at org.apache.hadoop.ozone.om.KeyManagerImpl.getOzoneFileStatus(KeyManagerImpl.java:1195) ~[ozone-manager-1.4.0-SNAPSHOT.jar:?]
	at org.apache.hadoop.ozone.om.KeyManagerImpl.getFileStatus(KeyManagerImpl.java:1113) ~[ozone-manager-1.4.0-SNAPSHOT.jar:?]
	at org.apache.hadoop.ozone.om.OmMetadataReader.getFileStatus(OmMetadataReader.java:262) ~[ozone-manager-1.4.0-SNAPSHOT.jar:?]
	at org.apache.hadoop.ozone.om.OzoneManager.getFileStatus(OzoneManager.java:3513) ~[ozone-manager-1.4.0-SNAPSHOT.jar:?]
	at org.apache.hadoop.ozone.protocolPB.OzoneManagerRequestHandler.getOzoneFileStatus(OzoneManagerRequestHandler.java:973) ~[ozone-manager-1.4.0-SNAPSHOT.jar:?]
	at org.apache.hadoop.ozone.protocolPB.OzoneManagerRequestHandler.handleReadRequest(OzoneManagerRequestHandler.java:252) ~[ozone-manager-1.4.0-SNAPSHOT.jar:?]
	at org.apache.hadoop.ozone.protocolPB.OzoneManagerProtocolServerSideTranslatorPB.submitReadRequestToOM(OzoneManagerProtocolServerSideTranslatorPB.java:225) ~[ozone-manager-1.4.0-SNAPSHOT.jar:?]
	at org.apache.hadoop.ozone.protocolPB.OzoneManagerProtocolServerSideTranslatorPB.processRequest(OzoneManagerProtocolServerSideTranslatorPB.java:179) ~[ozone-manager-1.4.0-SNAPSHOT.jar:?]
	at org.apache.hadoop.hdds.server.OzoneProtocolMessageDispatcher.processRequest(OzoneProtocolMessageDispatcher.java:87) [hdds-server-framework-1.4.0-SNAPSHOT.jar:?]
	at org.apache.hadoop.ozone.protocolPB.OzoneManagerProtocolServerSideTranslatorPB.submitRequest(OzoneManagerProtocolServerSideTranslatorPB.java:148) [ozone-manager-1.4.0-SNAPSHOT.jar:?]
	at org.apache.hadoop.ozone.protocol.proto.OzoneManagerProtocolProtos$OzoneManagerService$2.callBlockingMethod(OzoneManagerProtocolProtos.java) [ozone-interface-client-1.4.0-SNAPSHOT.jar:?]
	at org.apache.hadoop.ipc.ProtobufRpcEngine$Server.processCall(ProtobufRpcEngine.java:484) [hadoop-common-3.3.6.jar:?]
	at org.apache.hadoop.ipc.ProtobufRpcEngine2$Server$ProtoBufRpcInvoker.call(ProtobufRpcEngine2.java:595) [hadoop-common-3.3.6.jar:?]
	at org.apache.hadoop.ipc.ProtobufRpcEngine2$Server$ProtoBufRpcInvoker.call(ProtobufRpcEngine2.java:573) [hadoop-common-3.3.6.jar:?]
	at org.apache.hadoop.ipc.RPC$Server.call(RPC.java:1227) [hadoop-common-3.3.6.jar:?]
	at org.apache.hadoop.ipc.Server$RpcCall.run(Server.java:1094) [hadoop-common-3.3.6.jar:?]
	at org.apache.hadoop.ipc.Server$RpcCall.run(Server.java:1017) [hadoop-common-3.3.6.jar:?]
	at java.security.AccessController.doPrivileged(Native Method) ~[?:1.8.0_382]
	at javax.security.auth.Subject.doAs(Subject.java:422) [?:1.8.0_382]
	at org.apache.hadoop.security.UserGroupInformation.doAs(UserGroupInformation.java:1899) [hadoop-common-3.3.6.jar:?]
	at org.apache.hadoop.ipc.Server$Handler.run(Server.java:3048) [hadoop-common-3.3.6.jar:?]
]]></system-out>
  </testcase>
  <testcase name="testGetTrashRoots" classname="TestOzoneFileSystem" time="0.03">
    <system-out><![CDATA[09:32:47.632 [IPC Server handler 13 on default port 15057] ERROR OMAudit - user=runner | ip=127.0.0.1 | op=GET_FILE_STATUS {volume=volume78214, bucket=bucket62222, key=.Trash/runner, dataSize=0, replicationConfig=null} | ret=FAILURE
org.apache.hadoop.ozone.om.exceptions.OMException: Unable to get file status: volume: volume78214 bucket: bucket62222 key: .Trash/runner
	at org.apache.hadoop.ozone.om.KeyManagerImpl.getOzoneFileStatus(KeyManagerImpl.java:1195) ~[ozone-manager-1.4.0-SNAPSHOT.jar:?]
	at org.apache.hadoop.ozone.om.KeyManagerImpl.getFileStatus(KeyManagerImpl.java:1113) ~[ozone-manager-1.4.0-SNAPSHOT.jar:?]
	at org.apache.hadoop.ozone.om.OmMetadataReader.getFileStatus(OmMetadataReader.java:262) ~[ozone-manager-1.4.0-SNAPSHOT.jar:?]
	at org.apache.hadoop.ozone.om.OzoneManager.getFileStatus(OzoneManager.java:3513) ~[ozone-manager-1.4.0-SNAPSHOT.jar:?]
	at org.apache.hadoop.ozone.protocolPB.OzoneManagerRequestHandler.getOzoneFileStatus(OzoneManagerRequestHandler.java:973) ~[ozone-manager-1.4.0-SNAPSHOT.jar:?]
	at org.apache.hadoop.ozone.protocolPB.OzoneManagerRequestHandler.handleReadRequest(OzoneManagerRequestHandler.java:252) ~[ozone-manager-1.4.0-SNAPSHOT.jar:?]
	at org.apache.hadoop.ozone.protocolPB.OzoneManagerProtocolServerSideTranslatorPB.submitRequestDirectlyToOM(OzoneManagerProtocolServerSideTranslatorPB.java:274) ~[ozone-manager-1.4.0-SNAPSHOT.jar:?]
	at org.apache.hadoop.ozone.protocolPB.OzoneManagerProtocolServerSideTranslatorPB.processRequest(OzoneManagerProtocolServerSideTranslatorPB.java:175) ~[ozone-manager-1.4.0-SNAPSHOT.jar:?]
	at org.apache.hadoop.hdds.server.OzoneProtocolMessageDispatcher.processRequest(OzoneProtocolMessageDispatcher.java:87) [hdds-server-framework-1.4.0-SNAPSHOT.jar:?]
	at org.apache.hadoop.ozone.protocolPB.OzoneManagerProtocolServerSideTranslatorPB.submitRequest(OzoneManagerProtocolServerSideTranslatorPB.java:148) [ozone-manager-1.4.0-SNAPSHOT.jar:?]
	at org.apache.hadoop.ozone.protocol.proto.OzoneManagerProtocolProtos$OzoneManagerService$2.callBlockingMethod(OzoneManagerProtocolProtos.java) [ozone-interface-client-1.4.0-SNAPSHOT.jar:?]
	at org.apache.hadoop.ipc.ProtobufRpcEngine$Server.processCall(ProtobufRpcEngine.java:484) [hadoop-common-3.3.6.jar:?]
	at org.apache.hadoop.ipc.ProtobufRpcEngine2$Server$ProtoBufRpcInvoker.call(ProtobufRpcEngine2.java:595) [hadoop-common-3.3.6.jar:?]
	at org.apache.hadoop.ipc.ProtobufRpcEngine2$Server$ProtoBufRpcInvoker.call(ProtobufRpcEngine2.java:573) [hadoop-common-3.3.6.jar:?]
	at org.apache.hadoop.ipc.RPC$Server.call(RPC.java:1227) [hadoop-common-3.3.6.jar:?]
	at org.apache.hadoop.ipc.Server$RpcCall.run(Server.java:1094) [hadoop-common-3.3.6.jar:?]
	at org.apache.hadoop.ipc.Server$RpcCall.run(Server.java:1017) [hadoop-common-3.3.6.jar:?]
	at java.security.AccessController.doPrivileged(Native Method) ~[?:1.8.0_382]
	at javax.security.auth.Subject.doAs(Subject.java:422) [?:1.8.0_382]
	at org.apache.hadoop.security.UserGroupInformation.doAs(UserGroupInformation.java:1899) [hadoop-common-3.3.6.jar:?]
	at org.apache.hadoop.ipc.Server$Handler.run(Server.java:3048) [hadoop-common-3.3.6.jar:?]
]]></system-out>
  </testcase>
  <testcase name="testGetTrashRoots" classname="TestOzoneFileSystem" time="0.038">
    <system-out><![CDATA[09:33:54.960 [IPC Server handler 3 on default port 15110] ERROR OMAudit - user=runner | ip=127.0.0.1 | op=GET_FILE_STATUS {volume=volume01359, bucket=bucket03907, key=.Trash/runner, dataSize=0, replicationConfig=null} | ret=FAILURE
org.apache.hadoop.ozone.om.exceptions.OMException: Unable to get file status: volume: volume01359 bucket: bucket03907 key: .Trash/runner
	at org.apache.hadoop.ozone.om.KeyManagerImpl.getOzoneFileStatus(KeyManagerImpl.java:1195) ~[ozone-manager-1.4.0-SNAPSHOT.jar:?]
	at org.apache.hadoop.ozone.om.KeyManagerImpl.getFileStatus(KeyManagerImpl.java:1113) ~[ozone-manager-1.4.0-SNAPSHOT.jar:?]
	at org.apache.hadoop.ozone.om.OmMetadataReader.getFileStatus(OmMetadataReader.java:262) ~[ozone-manager-1.4.0-SNAPSHOT.jar:?]
	at org.apache.hadoop.ozone.om.OzoneManager.getFileStatus(OzoneManager.java:3513) ~[ozone-manager-1.4.0-SNAPSHOT.jar:?]
	at org.apache.hadoop.ozone.protocolPB.OzoneManagerRequestHandler.getOzoneFileStatus(OzoneManagerRequestHandler.java:973) ~[ozone-manager-1.4.0-SNAPSHOT.jar:?]
	at org.apache.hadoop.ozone.protocolPB.OzoneManagerRequestHandler.handleReadRequest(OzoneManagerRequestHandler.java:252) ~[ozone-manager-1.4.0-SNAPSHOT.jar:?]
	at org.apache.hadoop.ozone.protocolPB.OzoneManagerProtocolServerSideTranslatorPB.submitReadRequestToOM(OzoneManagerProtocolServerSideTranslatorPB.java:225) ~[ozone-manager-1.4.0-SNAPSHOT.jar:?]
	at org.apache.hadoop.ozone.protocolPB.OzoneManagerProtocolServerSideTranslatorPB.processRequest(OzoneManagerProtocolServerSideTranslatorPB.java:179) ~[ozone-manager-1.4.0-SNAPSHOT.jar:?]
	at org.apache.hadoop.hdds.server.OzoneProtocolMessageDispatcher.processRequest(OzoneProtocolMessageDispatcher.java:87) [hdds-server-framework-1.4.0-SNAPSHOT.jar:?]
	at org.apache.hadoop.ozone.protocolPB.OzoneManagerProtocolServerSideTranslatorPB.submitRequest(OzoneManagerProtocolServerSideTranslatorPB.java:148) [ozone-manager-1.4.0-SNAPSHOT.jar:?]
	at org.apache.hadoop.ozone.protocol.proto.OzoneManagerProtocolProtos$OzoneManagerService$2.callBlockingMethod(OzoneManagerProtocolProtos.java) [ozone-interface-client-1.4.0-SNAPSHOT.jar:?]
	at org.apache.hadoop.ipc.ProtobufRpcEngine$Server.processCall(ProtobufRpcEngine.java:484) [hadoop-common-3.3.6.jar:?]
	at org.apache.hadoop.ipc.ProtobufRpcEngine2$Server$ProtoBufRpcInvoker.call(ProtobufRpcEngine2.java:595) [hadoop-common-3.3.6.jar:?]
	at org.apache.hadoop.ipc.ProtobufRpcEngine2$Server$ProtoBufRpcInvoker.call(ProtobufRpcEngine2.java:573) [hadoop-common-3.3.6.jar:?]
	at org.apache.hadoop.ipc.RPC$Server.call(RPC.java:1227) [hadoop-common-3.3.6.jar:?]
	at org.apache.hadoop.ipc.Server$RpcCall.run(Server.java:1094) [hadoop-common-3.3.6.jar:?]
	at org.apache.hadoop.ipc.Server$RpcCall.run(Server.java:1017) [hadoop-common-3.3.6.jar:?]
	at java.security.AccessController.doPrivileged(Native Method) ~[?:1.8.0_382]
	at javax.security.auth.Subject.doAs(Subject.java:422) [?:1.8.0_382]
	at org.apache.hadoop.security.UserGroupInformation.doAs(UserGroupInformation.java:1899) [hadoop-common-3.3.6.jar:?]
	at org.apache.hadoop.ipc.Server$Handler.run(Server.java:3048) [hadoop-common-3.3.6.jar:?]
]]></system-out>
  </testcase>
  <testcase name="testGetTrashRoots" classname="TestOzoneFileSystem" time="0.024">
    <system-out><![CDATA[09:35:05.659 [IPC Server handler 5 on default port 15163] ERROR OMAudit - user=runner | ip=127.0.0.1 | op=GET_FILE_STATUS {volume=volume82570, bucket=bucket71984, key=.Trash/runner, dataSize=0, replicationConfig=null} | ret=FAILURE
org.apache.hadoop.ozone.om.exceptions.OMException: Unable to get file status: volume: volume82570 bucket: bucket71984 key: .Trash/runner
	at org.apache.hadoop.ozone.om.KeyManagerImpl.getOzoneFileStatus(KeyManagerImpl.java:1195) ~[ozone-manager-1.4.0-SNAPSHOT.jar:?]
	at org.apache.hadoop.ozone.om.KeyManagerImpl.getFileStatus(KeyManagerImpl.java:1113) ~[ozone-manager-1.4.0-SNAPSHOT.jar:?]
	at org.apache.hadoop.ozone.om.OmMetadataReader.getFileStatus(OmMetadataReader.java:262) ~[ozone-manager-1.4.0-SNAPSHOT.jar:?]
	at org.apache.hadoop.ozone.om.OzoneManager.getFileStatus(OzoneManager.java:3513) ~[ozone-manager-1.4.0-SNAPSHOT.jar:?]
	at org.apache.hadoop.ozone.protocolPB.OzoneManagerRequestHandler.getOzoneFileStatus(OzoneManagerRequestHandler.java:973) ~[ozone-manager-1.4.0-SNAPSHOT.jar:?]
	at org.apache.hadoop.ozone.protocolPB.OzoneManagerRequestHandler.handleReadRequest(OzoneManagerRequestHandler.java:252) ~[ozone-manager-1.4.0-SNAPSHOT.jar:?]
	at org.apache.hadoop.ozone.protocolPB.OzoneManagerProtocolServerSideTranslatorPB.submitRequestDirectlyToOM(OzoneManagerProtocolServerSideTranslatorPB.java:274) ~[ozone-manager-1.4.0-SNAPSHOT.jar:?]
	at org.apache.hadoop.ozone.protocolPB.OzoneManagerProtocolServerSideTranslatorPB.processRequest(OzoneManagerProtocolServerSideTranslatorPB.java:175) ~[ozone-manager-1.4.0-SNAPSHOT.jar:?]
	at org.apache.hadoop.hdds.server.OzoneProtocolMessageDispatcher.processRequest(OzoneProtocolMessageDispatcher.java:87) [hdds-server-framework-1.4.0-SNAPSHOT.jar:?]
	at org.apache.hadoop.ozone.protocolPB.OzoneManagerProtocolServerSideTranslatorPB.submitRequest(OzoneManagerProtocolServerSideTranslatorPB.java:148) [ozone-manager-1.4.0-SNAPSHOT.jar:?]
	at org.apache.hadoop.ozone.protocol.proto.OzoneManagerProtocolProtos$OzoneManagerService$2.callBlockingMethod(OzoneManagerProtocolProtos.java) [ozone-interface-client-1.4.0-SNAPSHOT.jar:?]
	at org.apache.hadoop.ipc.ProtobufRpcEngine$Server.processCall(ProtobufRpcEngine.java:484) [hadoop-common-3.3.6.jar:?]
	at org.apache.hadoop.ipc.ProtobufRpcEngine2$Server$ProtoBufRpcInvoker.call(ProtobufRpcEngine2.java:595) [hadoop-common-3.3.6.jar:?]
	at org.apache.hadoop.ipc.ProtobufRpcEngine2$Server$ProtoBufRpcInvoker.call(ProtobufRpcEngine2.java:573) [hadoop-common-3.3.6.jar:?]
	at org.apache.hadoop.ipc.RPC$Server.call(RPC.java:1227) [hadoop-common-3.3.6.jar:?]
	at org.apache.hadoop.ipc.Server$RpcCall.run(Server.java:1094) [hadoop-common-3.3.6.jar:?]
	at org.apache.hadoop.ipc.Server$RpcCall.run(Server.java:1017) [hadoop-common-3.3.6.jar:?]
	at java.security.AccessController.doPrivileged(Native Method) ~[?:1.8.0_382]
	at javax.security.auth.Subject.doAs(Subject.java:422) [?:1.8.0_382]
	at org.apache.hadoop.security.UserGroupInformation.doAs(UserGroupInformation.java:1899) [hadoop-common-3.3.6.jar:?]
	at org.apache.hadoop.ipc.Server$Handler.run(Server.java:3048) [hadoop-common-3.3.6.jar:?]
]]></system-out>
  </testcase>
  <testcase name="testCreateDoesNotAddParentDirKeys" classname="TestOzoneFileSystem" time="0.046">
    <system-out><![CDATA[09:31:22.298 [IPC Server handler 5 on default port 15004] ERROR OMAudit - user=runner | ip=127.0.0.1 | op=READ_KEY {volume=volume76952, bucket=bucket05606, key=testCreateDoesNotAddParentDirKeys/parent/, dataSize=0, replicationConfig=null} | ret=FAILURE
org.apache.hadoop.ozone.om.exceptions.OMException: Key:testCreateDoesNotAddParentDirKeys/parent not found
	at org.apache.hadoop.ozone.om.KeyManagerImpl.readKeyInfo(KeyManagerImpl.java:427) ~[ozone-manager-1.4.0-SNAPSHOT.jar:?]
	at org.apache.hadoop.ozone.om.KeyManagerImpl.lambda$9(KeyManagerImpl.java:1931) ~[ozone-manager-1.4.0-SNAPSHOT.jar:?]
	at org.apache.hadoop.util.MetricUtil.captureLatencyNs(MetricUtil.java:39) ~[hdds-common-1.4.0-SNAPSHOT.jar:?]
	at org.apache.hadoop.ozone.om.KeyManagerImpl.getKeyInfo(KeyManagerImpl.java:1929) ~[ozone-manager-1.4.0-SNAPSHOT.jar:?]
	at org.apache.hadoop.ozone.om.OmMetadataReader.getKeyInfo(OmMetadataReader.java:185) ~[ozone-manager-1.4.0-SNAPSHOT.jar:?]
	at org.apache.hadoop.ozone.om.OzoneManager.getKeyInfo(OzoneManager.java:2810) ~[ozone-manager-1.4.0-SNAPSHOT.jar:?]
	at org.apache.hadoop.ozone.protocolPB.OzoneManagerRequestHandler.getKeyInfo(OzoneManagerRequestHandler.java:587) ~[ozone-manager-1.4.0-SNAPSHOT.jar:?]
	at org.apache.hadoop.ozone.protocolPB.OzoneManagerRequestHandler.handleReadRequest(OzoneManagerRequestHandler.java:306) ~[ozone-manager-1.4.0-SNAPSHOT.jar:?]
	at org.apache.hadoop.ozone.protocolPB.OzoneManagerProtocolServerSideTranslatorPB.submitReadRequestToOM(OzoneManagerProtocolServerSideTranslatorPB.java:225) ~[ozone-manager-1.4.0-SNAPSHOT.jar:?]
	at org.apache.hadoop.ozone.protocolPB.OzoneManagerProtocolServerSideTranslatorPB.processRequest(OzoneManagerProtocolServerSideTranslatorPB.java:179) ~[ozone-manager-1.4.0-SNAPSHOT.jar:?]
	at org.apache.hadoop.hdds.server.OzoneProtocolMessageDispatcher.processRequest(OzoneProtocolMessageDispatcher.java:87) [hdds-server-framework-1.4.0-SNAPSHOT.jar:?]
	at org.apache.hadoop.ozone.protocolPB.OzoneManagerProtocolServerSideTranslatorPB.submitRequest(OzoneManagerProtocolServerSideTranslatorPB.java:148) [ozone-manager-1.4.0-SNAPSHOT.jar:?]
	at org.apache.hadoop.ozone.protocol.proto.OzoneManagerProtocolProtos$OzoneManagerService$2.callBlockingMethod(OzoneManagerProtocolProtos.java) [ozone-interface-client-1.4.0-SNAPSHOT.jar:?]
	at org.apache.hadoop.ipc.ProtobufRpcEngine$Server.processCall(ProtobufRpcEngine.java:484) [hadoop-common-3.3.6.jar:?]
	at org.apache.hadoop.ipc.ProtobufRpcEngine2$Server$ProtoBufRpcInvoker.call(ProtobufRpcEngine2.java:595) [hadoop-common-3.3.6.jar:?]
	at org.apache.hadoop.ipc.ProtobufRpcEngine2$Server$ProtoBufRpcInvoker.call(ProtobufRpcEngine2.java:573) [hadoop-common-3.3.6.jar:?]
	at org.apache.hadoop.ipc.RPC$Server.call(RPC.java:1227) [hadoop-common-3.3.6.jar:?]
	at org.apache.hadoop.ipc.Server$RpcCall.run(Server.java:1094) [hadoop-common-3.3.6.jar:?]
	at org.apache.hadoop.ipc.Server$RpcCall.run(Server.java:1017) [hadoop-common-3.3.6.jar:?]
	at java.security.AccessController.doPrivileged(Native Method) ~[?:1.8.0_382]
	at javax.security.auth.Subject.doAs(Subject.java:422) [?:1.8.0_382]
	at org.apache.hadoop.security.UserGroupInformation.doAs(UserGroupInformation.java:1899) [hadoop-common-3.3.6.jar:?]
	at org.apache.hadoop.ipc.Server$Handler.run(Server.java:3048) [hadoop-common-3.3.6.jar:?]
]]></system-out>
  </testcase>
  <testcase name="testCreateDoesNotAddParentDirKeys" classname="TestOzoneFileSystem" time="0.018">
    <system-out><![CDATA[09:32:47.669 [IPC Server handler 15 on default port 15057] ERROR OMAudit - user=runner | ip=127.0.0.1 | op=READ_KEY {volume=volume78214, bucket=bucket62222, key=testCreateDoesNotAddParentDirKeys/parent/, dataSize=0, replicationConfig=null} | ret=FAILURE
org.apache.hadoop.ozone.om.exceptions.OMException: Key:testCreateDoesNotAddParentDirKeys/parent not found
	at org.apache.hadoop.ozone.om.KeyManagerImpl.readKeyInfo(KeyManagerImpl.java:427) ~[ozone-manager-1.4.0-SNAPSHOT.jar:?]
	at org.apache.hadoop.ozone.om.KeyManagerImpl.lambda$9(KeyManagerImpl.java:1931) ~[ozone-manager-1.4.0-SNAPSHOT.jar:?]
	at org.apache.hadoop.util.MetricUtil.captureLatencyNs(MetricUtil.java:39) ~[hdds-common-1.4.0-SNAPSHOT.jar:?]
	at org.apache.hadoop.ozone.om.KeyManagerImpl.getKeyInfo(KeyManagerImpl.java:1929) ~[ozone-manager-1.4.0-SNAPSHOT.jar:?]
	at org.apache.hadoop.ozone.om.OmMetadataReader.getKeyInfo(OmMetadataReader.java:185) ~[ozone-manager-1.4.0-SNAPSHOT.jar:?]
	at org.apache.hadoop.ozone.om.OzoneManager.getKeyInfo(OzoneManager.java:2810) ~[ozone-manager-1.4.0-SNAPSHOT.jar:?]
	at org.apache.hadoop.ozone.protocolPB.OzoneManagerRequestHandler.getKeyInfo(OzoneManagerRequestHandler.java:587) ~[ozone-manager-1.4.0-SNAPSHOT.jar:?]
	at org.apache.hadoop.ozone.protocolPB.OzoneManagerRequestHandler.handleReadRequest(OzoneManagerRequestHandler.java:306) ~[ozone-manager-1.4.0-SNAPSHOT.jar:?]
	at org.apache.hadoop.ozone.protocolPB.OzoneManagerProtocolServerSideTranslatorPB.submitRequestDirectlyToOM(OzoneManagerProtocolServerSideTranslatorPB.java:274) ~[ozone-manager-1.4.0-SNAPSHOT.jar:?]
	at org.apache.hadoop.ozone.protocolPB.OzoneManagerProtocolServerSideTranslatorPB.processRequest(OzoneManagerProtocolServerSideTranslatorPB.java:175) ~[ozone-manager-1.4.0-SNAPSHOT.jar:?]
	at org.apache.hadoop.hdds.server.OzoneProtocolMessageDispatcher.processRequest(OzoneProtocolMessageDispatcher.java:87) [hdds-server-framework-1.4.0-SNAPSHOT.jar:?]
	at org.apache.hadoop.ozone.protocolPB.OzoneManagerProtocolServerSideTranslatorPB.submitRequest(OzoneManagerProtocolServerSideTranslatorPB.java:148) [ozone-manager-1.4.0-SNAPSHOT.jar:?]
	at org.apache.hadoop.ozone.protocol.proto.OzoneManagerProtocolProtos$OzoneManagerService$2.callBlockingMethod(OzoneManagerProtocolProtos.java) [ozone-interface-client-1.4.0-SNAPSHOT.jar:?]
	at org.apache.hadoop.ipc.ProtobufRpcEngine$Server.processCall(ProtobufRpcEngine.java:484) [hadoop-common-3.3.6.jar:?]
	at org.apache.hadoop.ipc.ProtobufRpcEngine2$Server$ProtoBufRpcInvoker.call(ProtobufRpcEngine2.java:595) [hadoop-common-3.3.6.jar:?]
	at org.apache.hadoop.ipc.ProtobufRpcEngine2$Server$ProtoBufRpcInvoker.call(ProtobufRpcEngine2.java:573) [hadoop-common-3.3.6.jar:?]
	at org.apache.hadoop.ipc.RPC$Server.call(RPC.java:1227) [hadoop-common-3.3.6.jar:?]
	at org.apache.hadoop.ipc.Server$RpcCall.run(Server.java:1094) [hadoop-common-3.3.6.jar:?]
	at org.apache.hadoop.ipc.Server$RpcCall.run(Server.java:1017) [hadoop-common-3.3.6.jar:?]
	at java.security.AccessController.doPrivileged(Native Method) ~[?:1.8.0_382]
	at javax.security.auth.Subject.doAs(Subject.java:422) [?:1.8.0_382]
	at org.apache.hadoop.security.UserGroupInformation.doAs(UserGroupInformation.java:1899) [hadoop-common-3.3.6.jar:?]
	at org.apache.hadoop.ipc.Server$Handler.run(Server.java:3048) [hadoop-common-3.3.6.jar:?]
]]></system-out>
  </testcase>
  <testcase name="testCreateDoesNotAddParentDirKeys" classname="TestOzoneFileSystem" time="0.021"/>
  <testcase name="testCreateDoesNotAddParentDirKeys" classname="TestOzoneFileSystem" time="0.016"/>
  <testcase name="testDeleteCreatesFakeParentDir" classname="TestOzoneFileSystem" time="0.057">
    <system-out><![CDATA[09:31:22.342 [IPC Server handler 8 on default port 15004] ERROR OMAudit - user=runner | ip=127.0.0.1 | op=READ_KEY {volume=volume76952, bucket=bucket05606, key=testDeleteCreatesFakeParentDir/parent/, dataSize=0, replicationConfig=null} | ret=FAILURE
org.apache.hadoop.ozone.om.exceptions.OMException: Key:testDeleteCreatesFakeParentDir/parent not found
	at org.apache.hadoop.ozone.om.KeyManagerImpl.readKeyInfo(KeyManagerImpl.java:427) ~[ozone-manager-1.4.0-SNAPSHOT.jar:?]
	at org.apache.hadoop.ozone.om.KeyManagerImpl.lambda$9(KeyManagerImpl.java:1931) ~[ozone-manager-1.4.0-SNAPSHOT.jar:?]
	at org.apache.hadoop.util.MetricUtil.captureLatencyNs(MetricUtil.java:39) ~[hdds-common-1.4.0-SNAPSHOT.jar:?]
	at org.apache.hadoop.ozone.om.KeyManagerImpl.getKeyInfo(KeyManagerImpl.java:1929) ~[ozone-manager-1.4.0-SNAPSHOT.jar:?]
	at org.apache.hadoop.ozone.om.OmMetadataReader.getKeyInfo(OmMetadataReader.java:185) ~[ozone-manager-1.4.0-SNAPSHOT.jar:?]
	at org.apache.hadoop.ozone.om.OzoneManager.getKeyInfo(OzoneManager.java:2810) ~[ozone-manager-1.4.0-SNAPSHOT.jar:?]
	at org.apache.hadoop.ozone.protocolPB.OzoneManagerRequestHandler.getKeyInfo(OzoneManagerRequestHandler.java:587) ~[ozone-manager-1.4.0-SNAPSHOT.jar:?]
	at org.apache.hadoop.ozone.protocolPB.OzoneManagerRequestHandler.handleReadRequest(OzoneManagerRequestHandler.java:306) ~[ozone-manager-1.4.0-SNAPSHOT.jar:?]
	at org.apache.hadoop.ozone.protocolPB.OzoneManagerProtocolServerSideTranslatorPB.submitReadRequestToOM(OzoneManagerProtocolServerSideTranslatorPB.java:225) ~[ozone-manager-1.4.0-SNAPSHOT.jar:?]
	at org.apache.hadoop.ozone.protocolPB.OzoneManagerProtocolServerSideTranslatorPB.processRequest(OzoneManagerProtocolServerSideTranslatorPB.java:179) ~[ozone-manager-1.4.0-SNAPSHOT.jar:?]
	at org.apache.hadoop.hdds.server.OzoneProtocolMessageDispatcher.processRequest(OzoneProtocolMessageDispatcher.java:87) [hdds-server-framework-1.4.0-SNAPSHOT.jar:?]
	at org.apache.hadoop.ozone.protocolPB.OzoneManagerProtocolServerSideTranslatorPB.submitRequest(OzoneManagerProtocolServerSideTranslatorPB.java:148) [ozone-manager-1.4.0-SNAPSHOT.jar:?]
	at org.apache.hadoop.ozone.protocol.proto.OzoneManagerProtocolProtos$OzoneManagerService$2.callBlockingMethod(OzoneManagerProtocolProtos.java) [ozone-interface-client-1.4.0-SNAPSHOT.jar:?]
	at org.apache.hadoop.ipc.ProtobufRpcEngine$Server.processCall(ProtobufRpcEngine.java:484) [hadoop-common-3.3.6.jar:?]
	at org.apache.hadoop.ipc.ProtobufRpcEngine2$Server$ProtoBufRpcInvoker.call(ProtobufRpcEngine2.java:595) [hadoop-common-3.3.6.jar:?]
	at org.apache.hadoop.ipc.ProtobufRpcEngine2$Server$ProtoBufRpcInvoker.call(ProtobufRpcEngine2.java:573) [hadoop-common-3.3.6.jar:?]
	at org.apache.hadoop.ipc.RPC$Server.call(RPC.java:1227) [hadoop-common-3.3.6.jar:?]
	at org.apache.hadoop.ipc.Server$RpcCall.run(Server.java:1094) [hadoop-common-3.3.6.jar:?]
	at org.apache.hadoop.ipc.Server$RpcCall.run(Server.java:1017) [hadoop-common-3.3.6.jar:?]
	at java.security.AccessController.doPrivileged(Native Method) ~[?:1.8.0_382]
	at javax.security.auth.Subject.doAs(Subject.java:422) [?:1.8.0_382]
	at org.apache.hadoop.security.UserGroupInformation.doAs(UserGroupInformation.java:1899) [hadoop-common-3.3.6.jar:?]
	at org.apache.hadoop.ipc.Server$Handler.run(Server.java:3048) [hadoop-common-3.3.6.jar:?]
]]></system-out>
  </testcase>
  <testcase name="testDeleteCreatesFakeParentDir" classname="TestOzoneFileSystem" time="0.017">
    <system-out><![CDATA[09:32:47.685 [IPC Server handler 18 on default port 15057] ERROR OMAudit - user=runner | ip=127.0.0.1 | op=READ_KEY {volume=volume78214, bucket=bucket62222, key=testDeleteCreatesFakeParentDir/parent/, dataSize=0, replicationConfig=null} | ret=FAILURE
org.apache.hadoop.ozone.om.exceptions.OMException: Key:testDeleteCreatesFakeParentDir/parent not found
	at org.apache.hadoop.ozone.om.KeyManagerImpl.readKeyInfo(KeyManagerImpl.java:427) ~[ozone-manager-1.4.0-SNAPSHOT.jar:?]
	at org.apache.hadoop.ozone.om.KeyManagerImpl.lambda$9(KeyManagerImpl.java:1931) ~[ozone-manager-1.4.0-SNAPSHOT.jar:?]
	at org.apache.hadoop.util.MetricUtil.captureLatencyNs(MetricUtil.java:39) ~[hdds-common-1.4.0-SNAPSHOT.jar:?]
	at org.apache.hadoop.ozone.om.KeyManagerImpl.getKeyInfo(KeyManagerImpl.java:1929) ~[ozone-manager-1.4.0-SNAPSHOT.jar:?]
	at org.apache.hadoop.ozone.om.OmMetadataReader.getKeyInfo(OmMetadataReader.java:185) ~[ozone-manager-1.4.0-SNAPSHOT.jar:?]
	at org.apache.hadoop.ozone.om.OzoneManager.getKeyInfo(OzoneManager.java:2810) ~[ozone-manager-1.4.0-SNAPSHOT.jar:?]
	at org.apache.hadoop.ozone.protocolPB.OzoneManagerRequestHandler.getKeyInfo(OzoneManagerRequestHandler.java:587) ~[ozone-manager-1.4.0-SNAPSHOT.jar:?]
	at org.apache.hadoop.ozone.protocolPB.OzoneManagerRequestHandler.handleReadRequest(OzoneManagerRequestHandler.java:306) ~[ozone-manager-1.4.0-SNAPSHOT.jar:?]
	at org.apache.hadoop.ozone.protocolPB.OzoneManagerProtocolServerSideTranslatorPB.submitRequestDirectlyToOM(OzoneManagerProtocolServerSideTranslatorPB.java:274) ~[ozone-manager-1.4.0-SNAPSHOT.jar:?]
	at org.apache.hadoop.ozone.protocolPB.OzoneManagerProtocolServerSideTranslatorPB.processRequest(OzoneManagerProtocolServerSideTranslatorPB.java:175) ~[ozone-manager-1.4.0-SNAPSHOT.jar:?]
	at org.apache.hadoop.hdds.server.OzoneProtocolMessageDispatcher.processRequest(OzoneProtocolMessageDispatcher.java:87) [hdds-server-framework-1.4.0-SNAPSHOT.jar:?]
	at org.apache.hadoop.ozone.protocolPB.OzoneManagerProtocolServerSideTranslatorPB.submitRequest(OzoneManagerProtocolServerSideTranslatorPB.java:148) [ozone-manager-1.4.0-SNAPSHOT.jar:?]
	at org.apache.hadoop.ozone.protocol.proto.OzoneManagerProtocolProtos$OzoneManagerService$2.callBlockingMethod(OzoneManagerProtocolProtos.java) [ozone-interface-client-1.4.0-SNAPSHOT.jar:?]
	at org.apache.hadoop.ipc.ProtobufRpcEngine$Server.processCall(ProtobufRpcEngine.java:484) [hadoop-common-3.3.6.jar:?]
	at org.apache.hadoop.ipc.ProtobufRpcEngine2$Server$ProtoBufRpcInvoker.call(ProtobufRpcEngine2.java:595) [hadoop-common-3.3.6.jar:?]
	at org.apache.hadoop.ipc.ProtobufRpcEngine2$Server$ProtoBufRpcInvoker.call(ProtobufRpcEngine2.java:573) [hadoop-common-3.3.6.jar:?]
	at org.apache.hadoop.ipc.RPC$Server.call(RPC.java:1227) [hadoop-common-3.3.6.jar:?]
	at org.apache.hadoop.ipc.Server$RpcCall.run(Server.java:1094) [hadoop-common-3.3.6.jar:?]
	at org.apache.hadoop.ipc.Server$RpcCall.run(Server.java:1017) [hadoop-common-3.3.6.jar:?]
	at java.security.AccessController.doPrivileged(Native Method) ~[?:1.8.0_382]
	at javax.security.auth.Subject.doAs(Subject.java:422) [?:1.8.0_382]
	at org.apache.hadoop.security.UserGroupInformation.doAs(UserGroupInformation.java:1899) [hadoop-common-3.3.6.jar:?]
	at org.apache.hadoop.ipc.Server$Handler.run(Server.java:3048) [hadoop-common-3.3.6.jar:?]
]]></system-out>
  </testcase>
  <testcase name="testDeleteCreatesFakeParentDir" classname="TestOzoneFileSystem" time="0.018"/>
  <testcase name="testDeleteCreatesFakeParentDir" classname="TestOzoneFileSystem" time="0.014"/>
  <testcase name="testListStatusOnKeyNameContainDelimiter" classname="TestOzoneFileSystem" time="0.057"/>
  <testcase name="testListStatusOnKeyNameContainDelimiter" classname="TestOzoneFileSystem" time="0.017"/>
  <testcase name="testListStatusOnKeyNameContainDelimiter" classname="TestOzoneFileSystem" time="0.018"/>
  <testcase name="testListStatusOnKeyNameContainDelimiter" classname="TestOzoneFileSystem" time="0.017"/>
  <testcase name="testNonExplicitlyCreatedPathExistsAfterItsLeafsWereRemoved" classname="TestOzoneFileSystem" time="0.056">
    <system-out><![CDATA[09:31:22.452 [IPC Server handler 2 on default port 15004] ERROR OMAudit - user=runner | ip=127.0.0.1 | op=GET_FILE_STATUS {volume=volume76952, bucket=bucket05606, key=target/leaf, dataSize=0, replicationConfig=null} | ret=FAILURE
org.apache.hadoop.ozone.om.exceptions.OMException: Unable to get file status: volume: volume76952 bucket: bucket05606 key: target/leaf
	at org.apache.hadoop.ozone.om.KeyManagerImpl.getOzoneFileStatus(KeyManagerImpl.java:1195) ~[ozone-manager-1.4.0-SNAPSHOT.jar:?]
	at org.apache.hadoop.ozone.om.KeyManagerImpl.getFileStatus(KeyManagerImpl.java:1113) ~[ozone-manager-1.4.0-SNAPSHOT.jar:?]
	at org.apache.hadoop.ozone.om.OmMetadataReader.getFileStatus(OmMetadataReader.java:262) ~[ozone-manager-1.4.0-SNAPSHOT.jar:?]
	at org.apache.hadoop.ozone.om.OzoneManager.getFileStatus(OzoneManager.java:3513) ~[ozone-manager-1.4.0-SNAPSHOT.jar:?]
	at org.apache.hadoop.ozone.protocolPB.OzoneManagerRequestHandler.getOzoneFileStatus(OzoneManagerRequestHandler.java:973) ~[ozone-manager-1.4.0-SNAPSHOT.jar:?]
	at org.apache.hadoop.ozone.protocolPB.OzoneManagerRequestHandler.handleReadRequest(OzoneManagerRequestHandler.java:252) ~[ozone-manager-1.4.0-SNAPSHOT.jar:?]
	at org.apache.hadoop.ozone.protocolPB.OzoneManagerProtocolServerSideTranslatorPB.submitReadRequestToOM(OzoneManagerProtocolServerSideTranslatorPB.java:225) ~[ozone-manager-1.4.0-SNAPSHOT.jar:?]
	at org.apache.hadoop.ozone.protocolPB.OzoneManagerProtocolServerSideTranslatorPB.processRequest(OzoneManagerProtocolServerSideTranslatorPB.java:179) ~[ozone-manager-1.4.0-SNAPSHOT.jar:?]
	at org.apache.hadoop.hdds.server.OzoneProtocolMessageDispatcher.processRequest(OzoneProtocolMessageDispatcher.java:87) [hdds-server-framework-1.4.0-SNAPSHOT.jar:?]
	at org.apache.hadoop.ozone.protocolPB.OzoneManagerProtocolServerSideTranslatorPB.submitRequest(OzoneManagerProtocolServerSideTranslatorPB.java:148) [ozone-manager-1.4.0-SNAPSHOT.jar:?]
	at org.apache.hadoop.ozone.protocol.proto.OzoneManagerProtocolProtos$OzoneManagerService$2.callBlockingMethod(OzoneManagerProtocolProtos.java) [ozone-interface-client-1.4.0-SNAPSHOT.jar:?]
	at org.apache.hadoop.ipc.ProtobufRpcEngine$Server.processCall(ProtobufRpcEngine.java:484) [hadoop-common-3.3.6.jar:?]
	at org.apache.hadoop.ipc.ProtobufRpcEngine2$Server$ProtoBufRpcInvoker.call(ProtobufRpcEngine2.java:595) [hadoop-common-3.3.6.jar:?]
	at org.apache.hadoop.ipc.ProtobufRpcEngine2$Server$ProtoBufRpcInvoker.call(ProtobufRpcEngine2.java:573) [hadoop-common-3.3.6.jar:?]
	at org.apache.hadoop.ipc.RPC$Server.call(RPC.java:1227) [hadoop-common-3.3.6.jar:?]
	at org.apache.hadoop.ipc.Server$RpcCall.run(Server.java:1094) [hadoop-common-3.3.6.jar:?]
	at org.apache.hadoop.ipc.Server$RpcCall.run(Server.java:1017) [hadoop-common-3.3.6.jar:?]
	at java.security.AccessController.doPrivileged(Native Method) ~[?:1.8.0_382]
	at javax.security.auth.Subject.doAs(Subject.java:422) [?:1.8.0_382]
	at org.apache.hadoop.security.UserGroupInformation.doAs(UserGroupInformation.java:1899) [hadoop-common-3.3.6.jar:?]
	at org.apache.hadoop.ipc.Server$Handler.run(Server.java:3048) [hadoop-common-3.3.6.jar:?]
]]></system-out>
  </testcase>
  <testcase name="testNonExplicitlyCreatedPathExistsAfterItsLeafsWereRemoved" classname="TestOzoneFileSystem" time="0.023">
    <system-out><![CDATA[09:32:47.717 [IPC Server handler 16 on default port 15057] ERROR OMAudit - user=runner | ip=127.0.0.1 | op=GET_FILE_STATUS {volume=volume78214, bucket=bucket62222, key=target/leaf, dataSize=0, replicationConfig=null} | ret=FAILURE
org.apache.hadoop.ozone.om.exceptions.OMException: Unable to get file status: volume: volume78214 bucket: bucket62222 key: target/leaf
	at org.apache.hadoop.ozone.om.KeyManagerImpl.getOzoneFileStatus(KeyManagerImpl.java:1195) ~[ozone-manager-1.4.0-SNAPSHOT.jar:?]
	at org.apache.hadoop.ozone.om.KeyManagerImpl.getFileStatus(KeyManagerImpl.java:1113) ~[ozone-manager-1.4.0-SNAPSHOT.jar:?]
	at org.apache.hadoop.ozone.om.OmMetadataReader.getFileStatus(OmMetadataReader.java:262) ~[ozone-manager-1.4.0-SNAPSHOT.jar:?]
	at org.apache.hadoop.ozone.om.OzoneManager.getFileStatus(OzoneManager.java:3513) ~[ozone-manager-1.4.0-SNAPSHOT.jar:?]
	at org.apache.hadoop.ozone.protocolPB.OzoneManagerRequestHandler.getOzoneFileStatus(OzoneManagerRequestHandler.java:973) ~[ozone-manager-1.4.0-SNAPSHOT.jar:?]
	at org.apache.hadoop.ozone.protocolPB.OzoneManagerRequestHandler.handleReadRequest(OzoneManagerRequestHandler.java:252) ~[ozone-manager-1.4.0-SNAPSHOT.jar:?]
	at org.apache.hadoop.ozone.protocolPB.OzoneManagerProtocolServerSideTranslatorPB.submitRequestDirectlyToOM(OzoneManagerProtocolServerSideTranslatorPB.java:274) ~[ozone-manager-1.4.0-SNAPSHOT.jar:?]
	at org.apache.hadoop.ozone.protocolPB.OzoneManagerProtocolServerSideTranslatorPB.processRequest(OzoneManagerProtocolServerSideTranslatorPB.java:175) ~[ozone-manager-1.4.0-SNAPSHOT.jar:?]
	at org.apache.hadoop.hdds.server.OzoneProtocolMessageDispatcher.processRequest(OzoneProtocolMessageDispatcher.java:87) [hdds-server-framework-1.4.0-SNAPSHOT.jar:?]
	at org.apache.hadoop.ozone.protocolPB.OzoneManagerProtocolServerSideTranslatorPB.submitRequest(OzoneManagerProtocolServerSideTranslatorPB.java:148) [ozone-manager-1.4.0-SNAPSHOT.jar:?]
	at org.apache.hadoop.ozone.protocol.proto.OzoneManagerProtocolProtos$OzoneManagerService$2.callBlockingMethod(OzoneManagerProtocolProtos.java) [ozone-interface-client-1.4.0-SNAPSHOT.jar:?]
	at org.apache.hadoop.ipc.ProtobufRpcEngine$Server.processCall(ProtobufRpcEngine.java:484) [hadoop-common-3.3.6.jar:?]
	at org.apache.hadoop.ipc.ProtobufRpcEngine2$Server$ProtoBufRpcInvoker.call(ProtobufRpcEngine2.java:595) [hadoop-common-3.3.6.jar:?]
	at org.apache.hadoop.ipc.ProtobufRpcEngine2$Server$ProtoBufRpcInvoker.call(ProtobufRpcEngine2.java:573) [hadoop-common-3.3.6.jar:?]
	at org.apache.hadoop.ipc.RPC$Server.call(RPC.java:1227) [hadoop-common-3.3.6.jar:?]
	at org.apache.hadoop.ipc.Server$RpcCall.run(Server.java:1094) [hadoop-common-3.3.6.jar:?]
	at org.apache.hadoop.ipc.Server$RpcCall.run(Server.java:1017) [hadoop-common-3.3.6.jar:?]
	at java.security.AccessController.doPrivileged(Native Method) ~[?:1.8.0_382]
	at javax.security.auth.Subject.doAs(Subject.java:422) [?:1.8.0_382]
	at org.apache.hadoop.security.UserGroupInformation.doAs(UserGroupInformation.java:1899) [hadoop-common-3.3.6.jar:?]
	at org.apache.hadoop.ipc.Server$Handler.run(Server.java:3048) [hadoop-common-3.3.6.jar:?]
]]></system-out>
  </testcase>
  <testcase name="testNonExplicitlyCreatedPathExistsAfterItsLeafsWereRemoved" classname="TestOzoneFileSystem" time="0.023">
    <system-out><![CDATA[09:33:55.061 [IPC Server handler 19 on default port 15110] ERROR OMAudit - user=runner | ip=127.0.0.1 | op=GET_FILE_STATUS {volume=volume01359, bucket=bucket03907, key=target/leaf, dataSize=0, replicationConfig=null} | ret=FAILURE
org.apache.hadoop.ozone.om.exceptions.OMException: Unable to get file status: volume: volume01359 bucket: bucket03907 key: target/leaf
	at org.apache.hadoop.ozone.om.KeyManagerImpl.getOzoneFileStatus(KeyManagerImpl.java:1195) ~[ozone-manager-1.4.0-SNAPSHOT.jar:?]
	at org.apache.hadoop.ozone.om.KeyManagerImpl.getFileStatus(KeyManagerImpl.java:1113) ~[ozone-manager-1.4.0-SNAPSHOT.jar:?]
	at org.apache.hadoop.ozone.om.OmMetadataReader.getFileStatus(OmMetadataReader.java:262) ~[ozone-manager-1.4.0-SNAPSHOT.jar:?]
	at org.apache.hadoop.ozone.om.OzoneManager.getFileStatus(OzoneManager.java:3513) ~[ozone-manager-1.4.0-SNAPSHOT.jar:?]
	at org.apache.hadoop.ozone.protocolPB.OzoneManagerRequestHandler.getOzoneFileStatus(OzoneManagerRequestHandler.java:973) ~[ozone-manager-1.4.0-SNAPSHOT.jar:?]
	at org.apache.hadoop.ozone.protocolPB.OzoneManagerRequestHandler.handleReadRequest(OzoneManagerRequestHandler.java:252) ~[ozone-manager-1.4.0-SNAPSHOT.jar:?]
	at org.apache.hadoop.ozone.protocolPB.OzoneManagerProtocolServerSideTranslatorPB.submitReadRequestToOM(OzoneManagerProtocolServerSideTranslatorPB.java:225) ~[ozone-manager-1.4.0-SNAPSHOT.jar:?]
	at org.apache.hadoop.ozone.protocolPB.OzoneManagerProtocolServerSideTranslatorPB.processRequest(OzoneManagerProtocolServerSideTranslatorPB.java:179) ~[ozone-manager-1.4.0-SNAPSHOT.jar:?]
	at org.apache.hadoop.hdds.server.OzoneProtocolMessageDispatcher.processRequest(OzoneProtocolMessageDispatcher.java:87) [hdds-server-framework-1.4.0-SNAPSHOT.jar:?]
	at org.apache.hadoop.ozone.protocolPB.OzoneManagerProtocolServerSideTranslatorPB.submitRequest(OzoneManagerProtocolServerSideTranslatorPB.java:148) [ozone-manager-1.4.0-SNAPSHOT.jar:?]
	at org.apache.hadoop.ozone.protocol.proto.OzoneManagerProtocolProtos$OzoneManagerService$2.callBlockingMethod(OzoneManagerProtocolProtos.java) [ozone-interface-client-1.4.0-SNAPSHOT.jar:?]
	at org.apache.hadoop.ipc.ProtobufRpcEngine$Server.processCall(ProtobufRpcEngine.java:484) [hadoop-common-3.3.6.jar:?]
	at org.apache.hadoop.ipc.ProtobufRpcEngine2$Server$ProtoBufRpcInvoker.call(ProtobufRpcEngine2.java:595) [hadoop-common-3.3.6.jar:?]
	at org.apache.hadoop.ipc.ProtobufRpcEngine2$Server$ProtoBufRpcInvoker.call(ProtobufRpcEngine2.java:573) [hadoop-common-3.3.6.jar:?]
	at org.apache.hadoop.ipc.RPC$Server.call(RPC.java:1227) [hadoop-common-3.3.6.jar:?]
	at org.apache.hadoop.ipc.Server$RpcCall.run(Server.java:1094) [hadoop-common-3.3.6.jar:?]
	at org.apache.hadoop.ipc.Server$RpcCall.run(Server.java:1017) [hadoop-common-3.3.6.jar:?]
	at java.security.AccessController.doPrivileged(Native Method) ~[?:1.8.0_382]
	at javax.security.auth.Subject.doAs(Subject.java:422) [?:1.8.0_382]
	at org.apache.hadoop.security.UserGroupInformation.doAs(UserGroupInformation.java:1899) [hadoop-common-3.3.6.jar:?]
	at org.apache.hadoop.ipc.Server$Handler.run(Server.java:3048) [hadoop-common-3.3.6.jar:?]
]]></system-out>
  </testcase>
  <testcase name="testNonExplicitlyCreatedPathExistsAfterItsLeafsWereRemoved" classname="TestOzoneFileSystem" time="0.025">
    <system-out><![CDATA[09:35:05.742 [IPC Server handler 19 on default port 15163] ERROR OMAudit - user=runner | ip=127.0.0.1 | op=GET_FILE_STATUS {volume=volume82570, bucket=bucket71984, key=target/leaf, dataSize=0, replicationConfig=null} | ret=FAILURE
org.apache.hadoop.ozone.om.exceptions.OMException: Unable to get file status: volume: volume82570 bucket: bucket71984 key: target/leaf
	at org.apache.hadoop.ozone.om.KeyManagerImpl.getOzoneFileStatus(KeyManagerImpl.java:1195) ~[ozone-manager-1.4.0-SNAPSHOT.jar:?]
	at org.apache.hadoop.ozone.om.KeyManagerImpl.getFileStatus(KeyManagerImpl.java:1113) ~[ozone-manager-1.4.0-SNAPSHOT.jar:?]
	at org.apache.hadoop.ozone.om.OmMetadataReader.getFileStatus(OmMetadataReader.java:262) ~[ozone-manager-1.4.0-SNAPSHOT.jar:?]
	at org.apache.hadoop.ozone.om.OzoneManager.getFileStatus(OzoneManager.java:3513) ~[ozone-manager-1.4.0-SNAPSHOT.jar:?]
	at org.apache.hadoop.ozone.protocolPB.OzoneManagerRequestHandler.getOzoneFileStatus(OzoneManagerRequestHandler.java:973) ~[ozone-manager-1.4.0-SNAPSHOT.jar:?]
	at org.apache.hadoop.ozone.protocolPB.OzoneManagerRequestHandler.handleReadRequest(OzoneManagerRequestHandler.java:252) ~[ozone-manager-1.4.0-SNAPSHOT.jar:?]
	at org.apache.hadoop.ozone.protocolPB.OzoneManagerProtocolServerSideTranslatorPB.submitRequestDirectlyToOM(OzoneManagerProtocolServerSideTranslatorPB.java:274) ~[ozone-manager-1.4.0-SNAPSHOT.jar:?]
	at org.apache.hadoop.ozone.protocolPB.OzoneManagerProtocolServerSideTranslatorPB.processRequest(OzoneManagerProtocolServerSideTranslatorPB.java:175) ~[ozone-manager-1.4.0-SNAPSHOT.jar:?]
	at org.apache.hadoop.hdds.server.OzoneProtocolMessageDispatcher.processRequest(OzoneProtocolMessageDispatcher.java:87) [hdds-server-framework-1.4.0-SNAPSHOT.jar:?]
	at org.apache.hadoop.ozone.protocolPB.OzoneManagerProtocolServerSideTranslatorPB.submitRequest(OzoneManagerProtocolServerSideTranslatorPB.java:148) [ozone-manager-1.4.0-SNAPSHOT.jar:?]
	at org.apache.hadoop.ozone.protocol.proto.OzoneManagerProtocolProtos$OzoneManagerService$2.callBlockingMethod(OzoneManagerProtocolProtos.java) [ozone-interface-client-1.4.0-SNAPSHOT.jar:?]
	at org.apache.hadoop.ipc.ProtobufRpcEngine$Server.processCall(ProtobufRpcEngine.java:484) [hadoop-common-3.3.6.jar:?]
	at org.apache.hadoop.ipc.ProtobufRpcEngine2$Server$ProtoBufRpcInvoker.call(ProtobufRpcEngine2.java:595) [hadoop-common-3.3.6.jar:?]
	at org.apache.hadoop.ipc.ProtobufRpcEngine2$Server$ProtoBufRpcInvoker.call(ProtobufRpcEngine2.java:573) [hadoop-common-3.3.6.jar:?]
	at org.apache.hadoop.ipc.RPC$Server.call(RPC.java:1227) [hadoop-common-3.3.6.jar:?]
	at org.apache.hadoop.ipc.Server$RpcCall.run(Server.java:1094) [hadoop-common-3.3.6.jar:?]
	at org.apache.hadoop.ipc.Server$RpcCall.run(Server.java:1017) [hadoop-common-3.3.6.jar:?]
	at java.security.AccessController.doPrivileged(Native Method) ~[?:1.8.0_382]
	at javax.security.auth.Subject.doAs(Subject.java:422) [?:1.8.0_382]
	at org.apache.hadoop.security.UserGroupInformation.doAs(UserGroupInformation.java:1899) [hadoop-common-3.3.6.jar:?]
	at org.apache.hadoop.ipc.Server$Handler.run(Server.java:3048) [hadoop-common-3.3.6.jar:?]
]]></system-out>
  </testcase>
  <testcase name="testCreateFileShouldCheckExistenceOfDirWithSameName" classname="TestOzoneFileSystem" time="0.086">
    <system-out><![CDATA[09:31:22.520 [OM StateMachine ApplyTransaction Thread - 0] ERROR OMAudit - user=runner | ip=127.0.0.1 | op=CREATE_FILE {volume=volume76952, bucket=bucket05606, key=d1/d2/d3/d4/key2, dataSize=4194304, replicationType=RATIS, replicationFactor=THREE} | ret=FAILURE
org.apache.hadoop.ozone.om.exceptions.OMException: Can not write to directory: d1/d2/d3/d4/key2
	at org.apache.hadoop.ozone.om.request.file.OMFileCreateRequest.checkDirectoryResult(OMFileCreateRequest.java:363) ~[ozone-manager-1.4.0-SNAPSHOT.jar:?]
	at org.apache.hadoop.ozone.om.request.file.OMFileCreateRequest.validateAndUpdateCache(OMFileCreateRequest.java:237) ~[ozone-manager-1.4.0-SNAPSHOT.jar:?]
	at org.apache.hadoop.ozone.protocolPB.OzoneManagerRequestHandler.handleWriteRequest(OzoneManagerRequestHandler.java:375) ~[ozone-manager-1.4.0-SNAPSHOT.jar:?]
	at org.apache.hadoop.ozone.om.ratis.OzoneManagerStateMachine.runCommand(OzoneManagerStateMachine.java:568) ~[ozone-manager-1.4.0-SNAPSHOT.jar:?]
	at org.apache.hadoop.ozone.om.ratis.OzoneManagerStateMachine.lambda$1(OzoneManagerStateMachine.java:359) ~[ozone-manager-1.4.0-SNAPSHOT.jar:?]
	at java.util.concurrent.CompletableFuture$AsyncSupply.run(CompletableFuture.java:1604) [?:1.8.0_382]
	at java.util.concurrent.ThreadPoolExecutor.runWorker(ThreadPoolExecutor.java:1149) [?:1.8.0_382]
	at java.util.concurrent.ThreadPoolExecutor$Worker.run(ThreadPoolExecutor.java:624) [?:1.8.0_382]
	at java.lang.Thread.run(Thread.java:750) [?:1.8.0_382]
2023-08-28 09:31:22,521 [OM StateMachine ApplyTransaction Thread - 0] ERROR file.OMFileCreateRequest (OMFileCreateRequest.java:validateAndUpdateCache(336)) - File create failed. Volume:volume76952, Bucket:bucket05606, Keyd1/d2/d3/d4/key2.
NOT_A_FILE org.apache.hadoop.ozone.om.exceptions.OMException: Can not write to directory: d1/d2/d3/d4/key2
	at org.apache.hadoop.ozone.om.request.file.OMFileCreateRequest.checkDirectoryResult(OMFileCreateRequest.java:363)
	at org.apache.hadoop.ozone.om.request.file.OMFileCreateRequest.validateAndUpdateCache(OMFileCreateRequest.java:237)
	at org.apache.hadoop.ozone.protocolPB.OzoneManagerRequestHandler.handleWriteRequest(OzoneManagerRequestHandler.java:375)
	at org.apache.hadoop.ozone.om.ratis.OzoneManagerStateMachine.runCommand(OzoneManagerStateMachine.java:568)
	at org.apache.hadoop.ozone.om.ratis.OzoneManagerStateMachine.lambda$1(OzoneManagerStateMachine.java:359)
	at java.util.concurrent.CompletableFuture$AsyncSupply.run(CompletableFuture.java:1604)
	at java.util.concurrent.ThreadPoolExecutor.runWorker(ThreadPoolExecutor.java:1149)
	at java.util.concurrent.ThreadPoolExecutor$Worker.run(ThreadPoolExecutor.java:624)
	at java.lang.Thread.run(Thread.java:750)
09:31:22.538 [OM StateMachine ApplyTransaction Thread - 0] ERROR OMAudit - user=runner | ip=127.0.0.1 | op=CREATE_DIRECTORY {volume=volume76952, bucket=bucket05606, key=d1/d2/d3/d4/key3, dataSize=0, replicationType=NONE, replicationFactor=ZERO} | ret=FAILURE
org.apache.hadoop.ozone.om.exceptions.OMException: Unable to create directory: d1/d2/d3/d4/key3 in volume/bucket: volume76952/bucket05606
	at org.apache.hadoop.ozone.om.request.file.OMDirectoryCreateRequest.validateAndUpdateCache(OMDirectoryCreateRequest.java:194) ~[ozone-manager-1.4.0-SNAPSHOT.jar:?]
	at org.apache.hadoop.ozone.protocolPB.OzoneManagerRequestHandler.handleWriteRequest(OzoneManagerRequestHandler.java:375) ~[ozone-manager-1.4.0-SNAPSHOT.jar:?]
	at org.apache.hadoop.ozone.om.ratis.OzoneManagerStateMachine.runCommand(OzoneManagerStateMachine.java:568) ~[ozone-manager-1.4.0-SNAPSHOT.jar:?]
	at org.apache.hadoop.ozone.om.ratis.OzoneManagerStateMachine.lambda$1(OzoneManagerStateMachine.java:359) ~[ozone-manager-1.4.0-SNAPSHOT.jar:?]
	at java.util.concurrent.CompletableFuture$AsyncSupply.run(CompletableFuture.java:1604) [?:1.8.0_382]
	at java.util.concurrent.ThreadPoolExecutor.runWorker(ThreadPoolExecutor.java:1149) [?:1.8.0_382]
	at java.util.concurrent.ThreadPoolExecutor$Worker.run(ThreadPoolExecutor.java:624) [?:1.8.0_382]
	at java.lang.Thread.run(Thread.java:750) [?:1.8.0_382]
2023-08-28 09:31:22,538 [OM StateMachine ApplyTransaction Thread - 0] ERROR file.OMDirectoryCreateRequest (OMDirectoryCreateRequest.java:logResult(334)) - Directory creation failed. Volume:volume76952, Bucket:bucket05606, Keyd1/d2/d3/d4/key3. Exception:{}
FILE_ALREADY_EXISTS org.apache.hadoop.ozone.om.exceptions.OMException: Unable to create directory: d1/d2/d3/d4/key3 in volume/bucket: volume76952/bucket05606
	at org.apache.hadoop.ozone.om.request.file.OMDirectoryCreateRequest.validateAndUpdateCache(OMDirectoryCreateRequest.java:194)
	at org.apache.hadoop.ozone.protocolPB.OzoneManagerRequestHandler.handleWriteRequest(OzoneManagerRequestHandler.java:375)
	at org.apache.hadoop.ozone.om.ratis.OzoneManagerStateMachine.runCommand(OzoneManagerStateMachine.java:568)
	at org.apache.hadoop.ozone.om.ratis.OzoneManagerStateMachine.lambda$1(OzoneManagerStateMachine.java:359)
	at java.util.concurrent.CompletableFuture$AsyncSupply.run(CompletableFuture.java:1604)
	at java.util.concurrent.ThreadPoolExecutor.runWorker(ThreadPoolExecutor.java:1149)
	at java.util.concurrent.ThreadPoolExecutor$Worker.run(ThreadPoolExecutor.java:624)
	at java.lang.Thread.run(Thread.java:750)
09:31:22.543 [OM StateMachine ApplyTransaction Thread - 0] ERROR OMAudit - user=runner | ip=127.0.0.1 | op=CREATE_FILE {volume=volume76952, bucket=bucket05606, key=d1/d2/d3, dataSize=4194304, replicationType=RATIS, replicationFactor=THREE} | ret=FAILURE
org.apache.hadoop.ozone.om.exceptions.OMException: Can not write to directory: d1/d2/d3
	at org.apache.hadoop.ozone.om.request.file.OMFileCreateRequest.checkDirectoryResult(OMFileCreateRequest.java:363) ~[ozone-manager-1.4.0-SNAPSHOT.jar:?]
	at org.apache.hadoop.ozone.om.request.file.OMFileCreateRequest.validateAndUpdateCache(OMFileCreateRequest.java:237) ~[ozone-manager-1.4.0-SNAPSHOT.jar:?]
	at org.apache.hadoop.ozone.protocolPB.OzoneManagerRequestHandler.handleWriteRequest(OzoneManagerRequestHandler.java:375) ~[ozone-manager-1.4.0-SNAPSHOT.jar:?]
	at org.apache.hadoop.ozone.om.ratis.OzoneManagerStateMachine.runCommand(OzoneManagerStateMachine.java:568) ~[ozone-manager-1.4.0-SNAPSHOT.jar:?]
	at org.apache.hadoop.ozone.om.ratis.OzoneManagerStateMachine.lambda$1(OzoneManagerStateMachine.java:359) ~[ozone-manager-1.4.0-SNAPSHOT.jar:?]
	at java.util.concurrent.CompletableFuture$AsyncSupply.run(CompletableFuture.java:1604) [?:1.8.0_382]
	at java.util.concurrent.ThreadPoolExecutor.runWorker(ThreadPoolExecutor.java:1149) [?:1.8.0_382]
	at java.util.concurrent.ThreadPoolExecutor$Worker.run(ThreadPoolExecutor.java:624) [?:1.8.0_382]
	at java.lang.Thread.run(Thread.java:750) [?:1.8.0_382]
2023-08-28 09:31:22,543 [OM StateMachine ApplyTransaction Thread - 0] ERROR file.OMFileCreateRequest (OMFileCreateRequest.java:validateAndUpdateCache(336)) - File create failed. Volume:volume76952, Bucket:bucket05606, Keyd1/d2/d3.
NOT_A_FILE org.apache.hadoop.ozone.om.exceptions.OMException: Can not write to directory: d1/d2/d3
	at org.apache.hadoop.ozone.om.request.file.OMFileCreateRequest.checkDirectoryResult(OMFileCreateRequest.java:363)
	at org.apache.hadoop.ozone.om.request.file.OMFileCreateRequest.validateAndUpdateCache(OMFileCreateRequest.java:237)
	at org.apache.hadoop.ozone.protocolPB.OzoneManagerRequestHandler.handleWriteRequest(OzoneManagerRequestHandler.java:375)
	at org.apache.hadoop.ozone.om.ratis.OzoneManagerStateMachine.runCommand(OzoneManagerStateMachine.java:568)
	at org.apache.hadoop.ozone.om.ratis.OzoneManagerStateMachine.lambda$1(OzoneManagerStateMachine.java:359)
	at java.util.concurrent.CompletableFuture$AsyncSupply.run(CompletableFuture.java:1604)
	at java.util.concurrent.ThreadPoolExecutor.runWorker(ThreadPoolExecutor.java:1149)
	at java.util.concurrent.ThreadPoolExecutor$Worker.run(ThreadPoolExecutor.java:624)
	at java.lang.Thread.run(Thread.java:750)
09:31:22.546 [IPC Server handler 13 on default port 15004] ERROR OMAudit - user=runner | ip=127.0.0.1 | op=GET_FILE_STATUS {volume=volume76952, bucket=bucket05606, key=d1/d2/d3/d4/key3/invalid, dataSize=0, replicationConfig=null} | ret=FAILURE
org.apache.hadoop.ozone.om.exceptions.OMException: Unable to get file status: volume: volume76952 bucket: bucket05606 key: d1/d2/d3/d4/key3/invalid
	at org.apache.hadoop.ozone.om.KeyManagerImpl.getOzoneFileStatus(KeyManagerImpl.java:1195) ~[ozone-manager-1.4.0-SNAPSHOT.jar:?]
	at org.apache.hadoop.ozone.om.KeyManagerImpl.getFileStatus(KeyManagerImpl.java:1113) ~[ozone-manager-1.4.0-SNAPSHOT.jar:?]
	at org.apache.hadoop.ozone.om.OmMetadataReader.getFileStatus(OmMetadataReader.java:262) ~[ozone-manager-1.4.0-SNAPSHOT.jar:?]
	at org.apache.hadoop.ozone.om.OzoneManager.getFileStatus(OzoneManager.java:3513) ~[ozone-manager-1.4.0-SNAPSHOT.jar:?]
	at org.apache.hadoop.ozone.protocolPB.OzoneManagerRequestHandler.getOzoneFileStatus(OzoneManagerRequestHandler.java:973) ~[ozone-manager-1.4.0-SNAPSHOT.jar:?]
	at org.apache.hadoop.ozone.protocolPB.OzoneManagerRequestHandler.handleReadRequest(OzoneManagerRequestHandler.java:252) ~[ozone-manager-1.4.0-SNAPSHOT.jar:?]
	at org.apache.hadoop.ozone.protocolPB.OzoneManagerProtocolServerSideTranslatorPB.submitReadRequestToOM(OzoneManagerProtocolServerSideTranslatorPB.java:225) ~[ozone-manager-1.4.0-SNAPSHOT.jar:?]
	at org.apache.hadoop.ozone.protocolPB.OzoneManagerProtocolServerSideTranslatorPB.processRequest(OzoneManagerProtocolServerSideTranslatorPB.java:179) ~[ozone-manager-1.4.0-SNAPSHOT.jar:?]
	at org.apache.hadoop.hdds.server.OzoneProtocolMessageDispatcher.processRequest(OzoneProtocolMessageDispatcher.java:87) [hdds-server-framework-1.4.0-SNAPSHOT.jar:?]
	at org.apache.hadoop.ozone.protocolPB.OzoneManagerProtocolServerSideTranslatorPB.submitRequest(OzoneManagerProtocolServerSideTranslatorPB.java:148) [ozone-manager-1.4.0-SNAPSHOT.jar:?]
	at org.apache.hadoop.ozone.protocol.proto.OzoneManagerProtocolProtos$OzoneManagerService$2.callBlockingMethod(OzoneManagerProtocolProtos.java) [ozone-interface-client-1.4.0-SNAPSHOT.jar:?]
	at org.apache.hadoop.ipc.ProtobufRpcEngine$Server.processCall(ProtobufRpcEngine.java:484) [hadoop-common-3.3.6.jar:?]
	at org.apache.hadoop.ipc.ProtobufRpcEngine2$Server$ProtoBufRpcInvoker.call(ProtobufRpcEngine2.java:595) [hadoop-common-3.3.6.jar:?]
	at org.apache.hadoop.ipc.ProtobufRpcEngine2$Server$ProtoBufRpcInvoker.call(ProtobufRpcEngine2.java:573) [hadoop-common-3.3.6.jar:?]
	at org.apache.hadoop.ipc.RPC$Server.call(RPC.java:1227) [hadoop-common-3.3.6.jar:?]
	at org.apache.hadoop.ipc.Server$RpcCall.run(Server.java:1094) [hadoop-common-3.3.6.jar:?]
	at org.apache.hadoop.ipc.Server$RpcCall.run(Server.java:1017) [hadoop-common-3.3.6.jar:?]
	at java.security.AccessController.doPrivileged(Native Method) ~[?:1.8.0_382]
	at javax.security.auth.Subject.doAs(Subject.java:422) [?:1.8.0_382]
	at org.apache.hadoop.security.UserGroupInformation.doAs(UserGroupInformation.java:1899) [hadoop-common-3.3.6.jar:?]
	at org.apache.hadoop.ipc.Server$Handler.run(Server.java:3048) [hadoop-common-3.3.6.jar:?]
09:31:22.548 [IPC Server handler 12 on default port 15004] ERROR OMAudit - user=runner | ip=127.0.0.1 | op=GET_FILE_STATUS {volume=volume76952, bucket=bucket05606, key=d1/d2/d3/d4/invalidkey, dataSize=0, replicationConfig=null} | ret=FAILURE
org.apache.hadoop.ozone.om.exceptions.OMException: Unable to get file status: volume: volume76952 bucket: bucket05606 key: d1/d2/d3/d4/invalidkey
	at org.apache.hadoop.ozone.om.KeyManagerImpl.getOzoneFileStatus(KeyManagerImpl.java:1195) ~[ozone-manager-1.4.0-SNAPSHOT.jar:?]
	at org.apache.hadoop.ozone.om.KeyManagerImpl.getFileStatus(KeyManagerImpl.java:1113) ~[ozone-manager-1.4.0-SNAPSHOT.jar:?]
	at org.apache.hadoop.ozone.om.OmMetadataReader.getFileStatus(OmMetadataReader.java:262) ~[ozone-manager-1.4.0-SNAPSHOT.jar:?]
	at org.apache.hadoop.ozone.om.OzoneManager.getFileStatus(OzoneManager.java:3513) ~[ozone-manager-1.4.0-SNAPSHOT.jar:?]
	at org.apache.hadoop.ozone.protocolPB.OzoneManagerRequestHandler.getOzoneFileStatus(OzoneManagerRequestHandler.java:973) ~[ozone-manager-1.4.0-SNAPSHOT.jar:?]
	at org.apache.hadoop.ozone.protocolPB.OzoneManagerRequestHandler.handleReadRequest(OzoneManagerRequestHandler.java:252) ~[ozone-manager-1.4.0-SNAPSHOT.jar:?]
	at org.apache.hadoop.ozone.protocolPB.OzoneManagerProtocolServerSideTranslatorPB.submitReadRequestToOM(OzoneManagerProtocolServerSideTranslatorPB.java:225) ~[ozone-manager-1.4.0-SNAPSHOT.jar:?]
	at org.apache.hadoop.ozone.protocolPB.OzoneManagerProtocolServerSideTranslatorPB.processRequest(OzoneManagerProtocolServerSideTranslatorPB.java:179) ~[ozone-manager-1.4.0-SNAPSHOT.jar:?]
	at org.apache.hadoop.hdds.server.OzoneProtocolMessageDispatcher.processRequest(OzoneProtocolMessageDispatcher.java:87) [hdds-server-framework-1.4.0-SNAPSHOT.jar:?]
	at org.apache.hadoop.ozone.protocolPB.OzoneManagerProtocolServerSideTranslatorPB.submitRequest(OzoneManagerProtocolServerSideTranslatorPB.java:148) [ozone-manager-1.4.0-SNAPSHOT.jar:?]
	at org.apache.hadoop.ozone.protocol.proto.OzoneManagerProtocolProtos$OzoneManagerService$2.callBlockingMethod(OzoneManagerProtocolProtos.java) [ozone-interface-client-1.4.0-SNAPSHOT.jar:?]
	at org.apache.hadoop.ipc.ProtobufRpcEngine$Server.processCall(ProtobufRpcEngine.java:484) [hadoop-common-3.3.6.jar:?]
	at org.apache.hadoop.ipc.ProtobufRpcEngine2$Server$ProtoBufRpcInvoker.call(ProtobufRpcEngine2.java:595) [hadoop-common-3.3.6.jar:?]
	at org.apache.hadoop.ipc.ProtobufRpcEngine2$Server$ProtoBufRpcInvoker.call(ProtobufRpcEngine2.java:573) [hadoop-common-3.3.6.jar:?]
	at org.apache.hadoop.ipc.RPC$Server.call(RPC.java:1227) [hadoop-common-3.3.6.jar:?]
	at org.apache.hadoop.ipc.Server$RpcCall.run(Server.java:1094) [hadoop-common-3.3.6.jar:?]
	at org.apache.hadoop.ipc.Server$RpcCall.run(Server.java:1017) [hadoop-common-3.3.6.jar:?]
	at java.security.AccessController.doPrivileged(Native Method) ~[?:1.8.0_382]
	at javax.security.auth.Subject.doAs(Subject.java:422) [?:1.8.0_382]
	at org.apache.hadoop.security.UserGroupInformation.doAs(UserGroupInformation.java:1899) [hadoop-common-3.3.6.jar:?]
	at org.apache.hadoop.ipc.Server$Handler.run(Server.java:3048) [hadoop-common-3.3.6.jar:?]
]]></system-out>
  </testcase>
  <testcase name="testCreateFileShouldCheckExistenceOfDirWithSameName" classname="TestOzoneFileSystem" time="0.034">
    <system-out><![CDATA[09:32:47.744 [IPC Server handler 11 on default port 15057] ERROR OMAudit - user=runner | ip=127.0.0.1 | op=CREATE_FILE {volume=volume78214, bucket=bucket62222, key=d1/d2/d3/d4/key2, dataSize=4194304, replicationType=RATIS, replicationFactor=THREE} | ret=FAILURE
org.apache.hadoop.ozone.om.exceptions.OMException: Can not write to directory: d1/d2/d3/d4/key2
	at org.apache.hadoop.ozone.om.request.file.OMFileCreateRequest.checkDirectoryResult(OMFileCreateRequest.java:363) ~[ozone-manager-1.4.0-SNAPSHOT.jar:?]
	at org.apache.hadoop.ozone.om.request.file.OMFileCreateRequest.validateAndUpdateCache(OMFileCreateRequest.java:237) ~[ozone-manager-1.4.0-SNAPSHOT.jar:?]
	at org.apache.hadoop.ozone.protocolPB.OzoneManagerRequestHandler.handleWriteRequest(OzoneManagerRequestHandler.java:375) ~[ozone-manager-1.4.0-SNAPSHOT.jar:?]
	at org.apache.hadoop.ozone.protocolPB.OzoneManagerProtocolServerSideTranslatorPB.submitRequestDirectlyToOM(OzoneManagerProtocolServerSideTranslatorPB.java:280) ~[ozone-manager-1.4.0-SNAPSHOT.jar:?]
	at org.apache.hadoop.ozone.protocolPB.OzoneManagerProtocolServerSideTranslatorPB.processRequest(OzoneManagerProtocolServerSideTranslatorPB.java:175) ~[ozone-manager-1.4.0-SNAPSHOT.jar:?]
	at org.apache.hadoop.hdds.server.OzoneProtocolMessageDispatcher.processRequest(OzoneProtocolMessageDispatcher.java:87) [hdds-server-framework-1.4.0-SNAPSHOT.jar:?]
	at org.apache.hadoop.ozone.protocolPB.OzoneManagerProtocolServerSideTranslatorPB.submitRequest(OzoneManagerProtocolServerSideTranslatorPB.java:148) [ozone-manager-1.4.0-SNAPSHOT.jar:?]
	at org.apache.hadoop.ozone.protocol.proto.OzoneManagerProtocolProtos$OzoneManagerService$2.callBlockingMethod(OzoneManagerProtocolProtos.java) [ozone-interface-client-1.4.0-SNAPSHOT.jar:?]
	at org.apache.hadoop.ipc.ProtobufRpcEngine$Server.processCall(ProtobufRpcEngine.java:484) [hadoop-common-3.3.6.jar:?]
	at org.apache.hadoop.ipc.ProtobufRpcEngine2$Server$ProtoBufRpcInvoker.call(ProtobufRpcEngine2.java:595) [hadoop-common-3.3.6.jar:?]
	at org.apache.hadoop.ipc.ProtobufRpcEngine2$Server$ProtoBufRpcInvoker.call(ProtobufRpcEngine2.java:573) [hadoop-common-3.3.6.jar:?]
	at org.apache.hadoop.ipc.RPC$Server.call(RPC.java:1227) [hadoop-common-3.3.6.jar:?]
	at org.apache.hadoop.ipc.Server$RpcCall.run(Server.java:1094) [hadoop-common-3.3.6.jar:?]
	at org.apache.hadoop.ipc.Server$RpcCall.run(Server.java:1017) [hadoop-common-3.3.6.jar:?]
	at java.security.AccessController.doPrivileged(Native Method) ~[?:1.8.0_382]
	at javax.security.auth.Subject.doAs(Subject.java:422) [?:1.8.0_382]
	at org.apache.hadoop.security.UserGroupInformation.doAs(UserGroupInformation.java:1899) [hadoop-common-3.3.6.jar:?]
	at org.apache.hadoop.ipc.Server$Handler.run(Server.java:3048) [hadoop-common-3.3.6.jar:?]
2023-08-28 09:32:47,744 [IPC Server handler 11 on default port 15057] ERROR file.OMFileCreateRequest (OMFileCreateRequest.java:validateAndUpdateCache(336)) - File create failed. Volume:volume78214, Bucket:bucket62222, Keyd1/d2/d3/d4/key2.
NOT_A_FILE org.apache.hadoop.ozone.om.exceptions.OMException: Can not write to directory: d1/d2/d3/d4/key2
	at org.apache.hadoop.ozone.om.request.file.OMFileCreateRequest.checkDirectoryResult(OMFileCreateRequest.java:363)
	at org.apache.hadoop.ozone.om.request.file.OMFileCreateRequest.validateAndUpdateCache(OMFileCreateRequest.java:237)
	at org.apache.hadoop.ozone.protocolPB.OzoneManagerRequestHandler.handleWriteRequest(OzoneManagerRequestHandler.java:375)
	at org.apache.hadoop.ozone.protocolPB.OzoneManagerProtocolServerSideTranslatorPB.submitRequestDirectlyToOM(OzoneManagerProtocolServerSideTranslatorPB.java:280)
	at org.apache.hadoop.ozone.protocolPB.OzoneManagerProtocolServerSideTranslatorPB.processRequest(OzoneManagerProtocolServerSideTranslatorPB.java:175)
	at org.apache.hadoop.hdds.server.OzoneProtocolMessageDispatcher.processRequest(OzoneProtocolMessageDispatcher.java:87)
	at org.apache.hadoop.ozone.protocolPB.OzoneManagerProtocolServerSideTranslatorPB.submitRequest(OzoneManagerProtocolServerSideTranslatorPB.java:148)
	at org.apache.hadoop.ozone.protocol.proto.OzoneManagerProtocolProtos$OzoneManagerService$2.callBlockingMethod(OzoneManagerProtocolProtos.java)
	at org.apache.hadoop.ipc.ProtobufRpcEngine$Server.processCall(ProtobufRpcEngine.java:484)
	at org.apache.hadoop.ipc.ProtobufRpcEngine2$Server$ProtoBufRpcInvoker.call(ProtobufRpcEngine2.java:595)
	at org.apache.hadoop.ipc.ProtobufRpcEngine2$Server$ProtoBufRpcInvoker.call(ProtobufRpcEngine2.java:573)
	at org.apache.hadoop.ipc.RPC$Server.call(RPC.java:1227)
	at org.apache.hadoop.ipc.Server$RpcCall.run(Server.java:1094)
	at org.apache.hadoop.ipc.Server$RpcCall.run(Server.java:1017)
	at java.security.AccessController.doPrivileged(Native Method)
	at javax.security.auth.Subject.doAs(Subject.java:422)
	at org.apache.hadoop.security.UserGroupInformation.doAs(UserGroupInformation.java:1899)
	at org.apache.hadoop.ipc.Server$Handler.run(Server.java:3048)
09:32:47.752 [IPC Server handler 9 on default port 15057] ERROR OMAudit - user=runner | ip=127.0.0.1 | op=CREATE_DIRECTORY {volume=volume78214, bucket=bucket62222, key=d1/d2/d3/d4/key3, dataSize=0, replicationType=NONE, replicationFactor=ZERO} | ret=FAILURE
org.apache.hadoop.ozone.om.exceptions.OMException: Unable to create directory: d1/d2/d3/d4/key3 in volume/bucket: volume78214/bucket62222
	at org.apache.hadoop.ozone.om.request.file.OMDirectoryCreateRequest.validateAndUpdateCache(OMDirectoryCreateRequest.java:194) ~[ozone-manager-1.4.0-SNAPSHOT.jar:?]
	at org.apache.hadoop.ozone.protocolPB.OzoneManagerRequestHandler.handleWriteRequest(OzoneManagerRequestHandler.java:375) ~[ozone-manager-1.4.0-SNAPSHOT.jar:?]
	at org.apache.hadoop.ozone.protocolPB.OzoneManagerProtocolServerSideTranslatorPB.submitRequestDirectlyToOM(OzoneManagerProtocolServerSideTranslatorPB.java:280) ~[ozone-manager-1.4.0-SNAPSHOT.jar:?]
	at org.apache.hadoop.ozone.protocolPB.OzoneManagerProtocolServerSideTranslatorPB.processRequest(OzoneManagerProtocolServerSideTranslatorPB.java:175) ~[ozone-manager-1.4.0-SNAPSHOT.jar:?]
	at org.apache.hadoop.hdds.server.OzoneProtocolMessageDispatcher.processRequest(OzoneProtocolMessageDispatcher.java:87) [hdds-server-framework-1.4.0-SNAPSHOT.jar:?]
	at org.apache.hadoop.ozone.protocolPB.OzoneManagerProtocolServerSideTranslatorPB.submitRequest(OzoneManagerProtocolServerSideTranslatorPB.java:148) [ozone-manager-1.4.0-SNAPSHOT.jar:?]
	at org.apache.hadoop.ozone.protocol.proto.OzoneManagerProtocolProtos$OzoneManagerService$2.callBlockingMethod(OzoneManagerProtocolProtos.java) [ozone-interface-client-1.4.0-SNAPSHOT.jar:?]
	at org.apache.hadoop.ipc.ProtobufRpcEngine$Server.processCall(ProtobufRpcEngine.java:484) [hadoop-common-3.3.6.jar:?]
	at org.apache.hadoop.ipc.ProtobufRpcEngine2$Server$ProtoBufRpcInvoker.call(ProtobufRpcEngine2.java:595) [hadoop-common-3.3.6.jar:?]
	at org.apache.hadoop.ipc.ProtobufRpcEngine2$Server$ProtoBufRpcInvoker.call(ProtobufRpcEngine2.java:573) [hadoop-common-3.3.6.jar:?]
	at org.apache.hadoop.ipc.RPC$Server.call(RPC.java:1227) [hadoop-common-3.3.6.jar:?]
	at org.apache.hadoop.ipc.Server$RpcCall.run(Server.java:1094) [hadoop-common-3.3.6.jar:?]
	at org.apache.hadoop.ipc.Server$RpcCall.run(Server.java:1017) [hadoop-common-3.3.6.jar:?]
	at java.security.AccessController.doPrivileged(Native Method) ~[?:1.8.0_382]
	at javax.security.auth.Subject.doAs(Subject.java:422) [?:1.8.0_382]
	at org.apache.hadoop.security.UserGroupInformation.doAs(UserGroupInformation.java:1899) [hadoop-common-3.3.6.jar:?]
	at org.apache.hadoop.ipc.Server$Handler.run(Server.java:3048) [hadoop-common-3.3.6.jar:?]
2023-08-28 09:32:47,753 [IPC Server handler 9 on default port 15057] ERROR file.OMDirectoryCreateRequest (OMDirectoryCreateRequest.java:logResult(334)) - Directory creation failed. Volume:volume78214, Bucket:bucket62222, Keyd1/d2/d3/d4/key3. Exception:{}
FILE_ALREADY_EXISTS org.apache.hadoop.ozone.om.exceptions.OMException: Unable to create directory: d1/d2/d3/d4/key3 in volume/bucket: volume78214/bucket62222
	at org.apache.hadoop.ozone.om.request.file.OMDirectoryCreateRequest.validateAndUpdateCache(OMDirectoryCreateRequest.java:194)
	at org.apache.hadoop.ozone.protocolPB.OzoneManagerRequestHandler.handleWriteRequest(OzoneManagerRequestHandler.java:375)
	at org.apache.hadoop.ozone.protocolPB.OzoneManagerProtocolServerSideTranslatorPB.submitRequestDirectlyToOM(OzoneManagerProtocolServerSideTranslatorPB.java:280)
	at org.apache.hadoop.ozone.protocolPB.OzoneManagerProtocolServerSideTranslatorPB.processRequest(OzoneManagerProtocolServerSideTranslatorPB.java:175)
	at org.apache.hadoop.hdds.server.OzoneProtocolMessageDispatcher.processRequest(OzoneProtocolMessageDispatcher.java:87)
	at org.apache.hadoop.ozone.protocolPB.OzoneManagerProtocolServerSideTranslatorPB.submitRequest(OzoneManagerProtocolServerSideTranslatorPB.java:148)
	at org.apache.hadoop.ozone.protocol.proto.OzoneManagerProtocolProtos$OzoneManagerService$2.callBlockingMethod(OzoneManagerProtocolProtos.java)
	at org.apache.hadoop.ipc.ProtobufRpcEngine$Server.processCall(ProtobufRpcEngine.java:484)
	at org.apache.hadoop.ipc.ProtobufRpcEngine2$Server$ProtoBufRpcInvoker.call(ProtobufRpcEngine2.java:595)
	at org.apache.hadoop.ipc.ProtobufRpcEngine2$Server$ProtoBufRpcInvoker.call(ProtobufRpcEngine2.java:573)
	at org.apache.hadoop.ipc.RPC$Server.call(RPC.java:1227)
	at org.apache.hadoop.ipc.Server$RpcCall.run(Server.java:1094)
	at org.apache.hadoop.ipc.Server$RpcCall.run(Server.java:1017)
	at java.security.AccessController.doPrivileged(Native Method)
	at javax.security.auth.Subject.doAs(Subject.java:422)
	at org.apache.hadoop.security.UserGroupInformation.doAs(UserGroupInformation.java:1899)
	at org.apache.hadoop.ipc.Server$Handler.run(Server.java:3048)
09:32:47.756 [IPC Server handler 0 on default port 15057] ERROR OMAudit - user=runner | ip=127.0.0.1 | op=CREATE_FILE {volume=volume78214, bucket=bucket62222, key=d1/d2/d3, dataSize=4194304, replicationType=RATIS, replicationFactor=THREE} | ret=FAILURE
org.apache.hadoop.ozone.om.exceptions.OMException: Can not write to directory: d1/d2/d3
	at org.apache.hadoop.ozone.om.request.file.OMFileCreateRequest.checkDirectoryResult(OMFileCreateRequest.java:363) ~[ozone-manager-1.4.0-SNAPSHOT.jar:?]
	at org.apache.hadoop.ozone.om.request.file.OMFileCreateRequest.validateAndUpdateCache(OMFileCreateRequest.java:237) ~[ozone-manager-1.4.0-SNAPSHOT.jar:?]
	at org.apache.hadoop.ozone.protocolPB.OzoneManagerRequestHandler.handleWriteRequest(OzoneManagerRequestHandler.java:375) ~[ozone-manager-1.4.0-SNAPSHOT.jar:?]
	at org.apache.hadoop.ozone.protocolPB.OzoneManagerProtocolServerSideTranslatorPB.submitRequestDirectlyToOM(OzoneManagerProtocolServerSideTranslatorPB.java:280) ~[ozone-manager-1.4.0-SNAPSHOT.jar:?]
	at org.apache.hadoop.ozone.protocolPB.OzoneManagerProtocolServerSideTranslatorPB.processRequest(OzoneManagerProtocolServerSideTranslatorPB.java:175) ~[ozone-manager-1.4.0-SNAPSHOT.jar:?]
	at org.apache.hadoop.hdds.server.OzoneProtocolMessageDispatcher.processRequest(OzoneProtocolMessageDispatcher.java:87) [hdds-server-framework-1.4.0-SNAPSHOT.jar:?]
	at org.apache.hadoop.ozone.protocolPB.OzoneManagerProtocolServerSideTranslatorPB.submitRequest(OzoneManagerProtocolServerSideTranslatorPB.java:148) [ozone-manager-1.4.0-SNAPSHOT.jar:?]
	at org.apache.hadoop.ozone.protocol.proto.OzoneManagerProtocolProtos$OzoneManagerService$2.callBlockingMethod(OzoneManagerProtocolProtos.java) [ozone-interface-client-1.4.0-SNAPSHOT.jar:?]
	at org.apache.hadoop.ipc.ProtobufRpcEngine$Server.processCall(ProtobufRpcEngine.java:484) [hadoop-common-3.3.6.jar:?]
	at org.apache.hadoop.ipc.ProtobufRpcEngine2$Server$ProtoBufRpcInvoker.call(ProtobufRpcEngine2.java:595) [hadoop-common-3.3.6.jar:?]
	at org.apache.hadoop.ipc.ProtobufRpcEngine2$Server$ProtoBufRpcInvoker.call(ProtobufRpcEngine2.java:573) [hadoop-common-3.3.6.jar:?]
	at org.apache.hadoop.ipc.RPC$Server.call(RPC.java:1227) [hadoop-common-3.3.6.jar:?]
	at org.apache.hadoop.ipc.Server$RpcCall.run(Server.java:1094) [hadoop-common-3.3.6.jar:?]
	at org.apache.hadoop.ipc.Server$RpcCall.run(Server.java:1017) [hadoop-common-3.3.6.jar:?]
	at java.security.AccessController.doPrivileged(Native Method) ~[?:1.8.0_382]
	at javax.security.auth.Subject.doAs(Subject.java:422) [?:1.8.0_382]
	at org.apache.hadoop.security.UserGroupInformation.doAs(UserGroupInformation.java:1899) [hadoop-common-3.3.6.jar:?]
	at org.apache.hadoop.ipc.Server$Handler.run(Server.java:3048) [hadoop-common-3.3.6.jar:?]
2023-08-28 09:32:47,756 [IPC Server handler 0 on default port 15057] ERROR file.OMFileCreateRequest (OMFileCreateRequest.java:validateAndUpdateCache(336)) - File create failed. Volume:volume78214, Bucket:bucket62222, Keyd1/d2/d3.
NOT_A_FILE org.apache.hadoop.ozone.om.exceptions.OMException: Can not write to directory: d1/d2/d3
	at org.apache.hadoop.ozone.om.request.file.OMFileCreateRequest.checkDirectoryResult(OMFileCreateRequest.java:363)
	at org.apache.hadoop.ozone.om.request.file.OMFileCreateRequest.validateAndUpdateCache(OMFileCreateRequest.java:237)
	at org.apache.hadoop.ozone.protocolPB.OzoneManagerRequestHandler.handleWriteRequest(OzoneManagerRequestHandler.java:375)
	at org.apache.hadoop.ozone.protocolPB.OzoneManagerProtocolServerSideTranslatorPB.submitRequestDirectlyToOM(OzoneManagerProtocolServerSideTranslatorPB.java:280)
	at org.apache.hadoop.ozone.protocolPB.OzoneManagerProtocolServerSideTranslatorPB.processRequest(OzoneManagerProtocolServerSideTranslatorPB.java:175)
	at org.apache.hadoop.hdds.server.OzoneProtocolMessageDispatcher.processRequest(OzoneProtocolMessageDispatcher.java:87)
	at org.apache.hadoop.ozone.protocolPB.OzoneManagerProtocolServerSideTranslatorPB.submitRequest(OzoneManagerProtocolServerSideTranslatorPB.java:148)
	at org.apache.hadoop.ozone.protocol.proto.OzoneManagerProtocolProtos$OzoneManagerService$2.callBlockingMethod(OzoneManagerProtocolProtos.java)
	at org.apache.hadoop.ipc.ProtobufRpcEngine$Server.processCall(ProtobufRpcEngine.java:484)
	at org.apache.hadoop.ipc.ProtobufRpcEngine2$Server$ProtoBufRpcInvoker.call(ProtobufRpcEngine2.java:595)
	at org.apache.hadoop.ipc.ProtobufRpcEngine2$Server$ProtoBufRpcInvoker.call(ProtobufRpcEngine2.java:573)
	at org.apache.hadoop.ipc.RPC$Server.call(RPC.java:1227)
	at org.apache.hadoop.ipc.Server$RpcCall.run(Server.java:1094)
	at org.apache.hadoop.ipc.Server$RpcCall.run(Server.java:1017)
	at java.security.AccessController.doPrivileged(Native Method)
	at javax.security.auth.Subject.doAs(Subject.java:422)
	at org.apache.hadoop.security.UserGroupInformation.doAs(UserGroupInformation.java:1899)
	at org.apache.hadoop.ipc.Server$Handler.run(Server.java:3048)
09:32:47.760 [IPC Server handler 1 on default port 15057] ERROR OMAudit - user=runner | ip=127.0.0.1 | op=GET_FILE_STATUS {volume=volume78214, bucket=bucket62222, key=d1/d2/d3/d4/key3/invalid, dataSize=0, replicationConfig=null} | ret=FAILURE
org.apache.hadoop.ozone.om.exceptions.OMException: Unable to get file status: volume: volume78214 bucket: bucket62222 key: d1/d2/d3/d4/key3/invalid
	at org.apache.hadoop.ozone.om.KeyManagerImpl.getOzoneFileStatus(KeyManagerImpl.java:1195) ~[ozone-manager-1.4.0-SNAPSHOT.jar:?]
	at org.apache.hadoop.ozone.om.KeyManagerImpl.getFileStatus(KeyManagerImpl.java:1113) ~[ozone-manager-1.4.0-SNAPSHOT.jar:?]
	at org.apache.hadoop.ozone.om.OmMetadataReader.getFileStatus(OmMetadataReader.java:262) ~[ozone-manager-1.4.0-SNAPSHOT.jar:?]
	at org.apache.hadoop.ozone.om.OzoneManager.getFileStatus(OzoneManager.java:3513) ~[ozone-manager-1.4.0-SNAPSHOT.jar:?]
	at org.apache.hadoop.ozone.protocolPB.OzoneManagerRequestHandler.getOzoneFileStatus(OzoneManagerRequestHandler.java:973) ~[ozone-manager-1.4.0-SNAPSHOT.jar:?]
	at org.apache.hadoop.ozone.protocolPB.OzoneManagerRequestHandler.handleReadRequest(OzoneManagerRequestHandler.java:252) ~[ozone-manager-1.4.0-SNAPSHOT.jar:?]
	at org.apache.hadoop.ozone.protocolPB.OzoneManagerProtocolServerSideTranslatorPB.submitRequestDirectlyToOM(OzoneManagerProtocolServerSideTranslatorPB.java:274) ~[ozone-manager-1.4.0-SNAPSHOT.jar:?]
	at org.apache.hadoop.ozone.protocolPB.OzoneManagerProtocolServerSideTranslatorPB.processRequest(OzoneManagerProtocolServerSideTranslatorPB.java:175) ~[ozone-manager-1.4.0-SNAPSHOT.jar:?]
	at org.apache.hadoop.hdds.server.OzoneProtocolMessageDispatcher.processRequest(OzoneProtocolMessageDispatcher.java:87) [hdds-server-framework-1.4.0-SNAPSHOT.jar:?]
	at org.apache.hadoop.ozone.protocolPB.OzoneManagerProtocolServerSideTranslatorPB.submitRequest(OzoneManagerProtocolServerSideTranslatorPB.java:148) [ozone-manager-1.4.0-SNAPSHOT.jar:?]
	at org.apache.hadoop.ozone.protocol.proto.OzoneManagerProtocolProtos$OzoneManagerService$2.callBlockingMethod(OzoneManagerProtocolProtos.java) [ozone-interface-client-1.4.0-SNAPSHOT.jar:?]
	at org.apache.hadoop.ipc.ProtobufRpcEngine$Server.processCall(ProtobufRpcEngine.java:484) [hadoop-common-3.3.6.jar:?]
	at org.apache.hadoop.ipc.ProtobufRpcEngine2$Server$ProtoBufRpcInvoker.call(ProtobufRpcEngine2.java:595) [hadoop-common-3.3.6.jar:?]
	at org.apache.hadoop.ipc.ProtobufRpcEngine2$Server$ProtoBufRpcInvoker.call(ProtobufRpcEngine2.java:573) [hadoop-common-3.3.6.jar:?]
	at org.apache.hadoop.ipc.RPC$Server.call(RPC.java:1227) [hadoop-common-3.3.6.jar:?]
	at org.apache.hadoop.ipc.Server$RpcCall.run(Server.java:1094) [hadoop-common-3.3.6.jar:?]
	at org.apache.hadoop.ipc.Server$RpcCall.run(Server.java:1017) [hadoop-common-3.3.6.jar:?]
	at java.security.AccessController.doPrivileged(Native Method) ~[?:1.8.0_382]
	at javax.security.auth.Subject.doAs(Subject.java:422) [?:1.8.0_382]
	at org.apache.hadoop.security.UserGroupInformation.doAs(UserGroupInformation.java:1899) [hadoop-common-3.3.6.jar:?]
	at org.apache.hadoop.ipc.Server$Handler.run(Server.java:3048) [hadoop-common-3.3.6.jar:?]
09:32:47.761 [IPC Server handler 5 on default port 15057] ERROR OMAudit - user=runner | ip=127.0.0.1 | op=GET_FILE_STATUS {volume=volume78214, bucket=bucket62222, key=d1/d2/d3/d4/invalidkey, dataSize=0, replicationConfig=null} | ret=FAILURE
org.apache.hadoop.ozone.om.exceptions.OMException: Unable to get file status: volume: volume78214 bucket: bucket62222 key: d1/d2/d3/d4/invalidkey
	at org.apache.hadoop.ozone.om.KeyManagerImpl.getOzoneFileStatus(KeyManagerImpl.java:1195) ~[ozone-manager-1.4.0-SNAPSHOT.jar:?]
	at org.apache.hadoop.ozone.om.KeyManagerImpl.getFileStatus(KeyManagerImpl.java:1113) ~[ozone-manager-1.4.0-SNAPSHOT.jar:?]
	at org.apache.hadoop.ozone.om.OmMetadataReader.getFileStatus(OmMetadataReader.java:262) ~[ozone-manager-1.4.0-SNAPSHOT.jar:?]
	at org.apache.hadoop.ozone.om.OzoneManager.getFileStatus(OzoneManager.java:3513) ~[ozone-manager-1.4.0-SNAPSHOT.jar:?]
	at org.apache.hadoop.ozone.protocolPB.OzoneManagerRequestHandler.getOzoneFileStatus(OzoneManagerRequestHandler.java:973) ~[ozone-manager-1.4.0-SNAPSHOT.jar:?]
	at org.apache.hadoop.ozone.protocolPB.OzoneManagerRequestHandler.handleReadRequest(OzoneManagerRequestHandler.java:252) ~[ozone-manager-1.4.0-SNAPSHOT.jar:?]
	at org.apache.hadoop.ozone.protocolPB.OzoneManagerProtocolServerSideTranslatorPB.submitRequestDirectlyToOM(OzoneManagerProtocolServerSideTranslatorPB.java:274) ~[ozone-manager-1.4.0-SNAPSHOT.jar:?]
	at org.apache.hadoop.ozone.protocolPB.OzoneManagerProtocolServerSideTranslatorPB.processRequest(OzoneManagerProtocolServerSideTranslatorPB.java:175) ~[ozone-manager-1.4.0-SNAPSHOT.jar:?]
	at org.apache.hadoop.hdds.server.OzoneProtocolMessageDispatcher.processRequest(OzoneProtocolMessageDispatcher.java:87) [hdds-server-framework-1.4.0-SNAPSHOT.jar:?]
	at org.apache.hadoop.ozone.protocolPB.OzoneManagerProtocolServerSideTranslatorPB.submitRequest(OzoneManagerProtocolServerSideTranslatorPB.java:148) [ozone-manager-1.4.0-SNAPSHOT.jar:?]
	at org.apache.hadoop.ozone.protocol.proto.OzoneManagerProtocolProtos$OzoneManagerService$2.callBlockingMethod(OzoneManagerProtocolProtos.java) [ozone-interface-client-1.4.0-SNAPSHOT.jar:?]
	at org.apache.hadoop.ipc.ProtobufRpcEngine$Server.processCall(ProtobufRpcEngine.java:484) [hadoop-common-3.3.6.jar:?]
	at org.apache.hadoop.ipc.ProtobufRpcEngine2$Server$ProtoBufRpcInvoker.call(ProtobufRpcEngine2.java:595) [hadoop-common-3.3.6.jar:?]
	at org.apache.hadoop.ipc.ProtobufRpcEngine2$Server$ProtoBufRpcInvoker.call(ProtobufRpcEngine2.java:573) [hadoop-common-3.3.6.jar:?]
	at org.apache.hadoop.ipc.RPC$Server.call(RPC.java:1227) [hadoop-common-3.3.6.jar:?]
	at org.apache.hadoop.ipc.Server$RpcCall.run(Server.java:1094) [hadoop-common-3.3.6.jar:?]
	at org.apache.hadoop.ipc.Server$RpcCall.run(Server.java:1017) [hadoop-common-3.3.6.jar:?]
	at java.security.AccessController.doPrivileged(Native Method) ~[?:1.8.0_382]
	at javax.security.auth.Subject.doAs(Subject.java:422) [?:1.8.0_382]
	at org.apache.hadoop.security.UserGroupInformation.doAs(UserGroupInformation.java:1899) [hadoop-common-3.3.6.jar:?]
	at org.apache.hadoop.ipc.Server$Handler.run(Server.java:3048) [hadoop-common-3.3.6.jar:?]
]]></system-out>
  </testcase>
  <testcase name="testCreateFileShouldCheckExistenceOfDirWithSameName" classname="TestOzoneFileSystem" time="0.039">
    <system-out><![CDATA[09:33:55.091 [OM StateMachine ApplyTransaction Thread - 0] ERROR OMAudit - user=runner | ip=127.0.0.1 | op=CREATE_FILE {volume=volume01359, bucket=bucket03907, key=d1/d2/d3/d4/key2, dataSize=4194304, replicationType=RATIS, replicationFactor=THREE} | ret=FAILURE
org.apache.hadoop.ozone.om.exceptions.OMException: Can not write to directory: d1/d2/d3/d4/key2
	at org.apache.hadoop.ozone.om.request.file.OMFileCreateRequest.checkDirectoryResult(OMFileCreateRequest.java:363) ~[ozone-manager-1.4.0-SNAPSHOT.jar:?]
	at org.apache.hadoop.ozone.om.request.file.OMFileCreateRequest.validateAndUpdateCache(OMFileCreateRequest.java:237) ~[ozone-manager-1.4.0-SNAPSHOT.jar:?]
	at org.apache.hadoop.ozone.protocolPB.OzoneManagerRequestHandler.handleWriteRequest(OzoneManagerRequestHandler.java:375) ~[ozone-manager-1.4.0-SNAPSHOT.jar:?]
	at org.apache.hadoop.ozone.om.ratis.OzoneManagerStateMachine.runCommand(OzoneManagerStateMachine.java:568) ~[ozone-manager-1.4.0-SNAPSHOT.jar:?]
	at org.apache.hadoop.ozone.om.ratis.OzoneManagerStateMachine.lambda$1(OzoneManagerStateMachine.java:359) ~[ozone-manager-1.4.0-SNAPSHOT.jar:?]
	at java.util.concurrent.CompletableFuture$AsyncSupply.run(CompletableFuture.java:1604) [?:1.8.0_382]
	at java.util.concurrent.ThreadPoolExecutor.runWorker(ThreadPoolExecutor.java:1149) [?:1.8.0_382]
	at java.util.concurrent.ThreadPoolExecutor$Worker.run(ThreadPoolExecutor.java:624) [?:1.8.0_382]
	at java.lang.Thread.run(Thread.java:750) [?:1.8.0_382]
2023-08-28 09:33:55,092 [OM StateMachine ApplyTransaction Thread - 0] ERROR file.OMFileCreateRequest (OMFileCreateRequest.java:validateAndUpdateCache(336)) - File create failed. Volume:volume01359, Bucket:bucket03907, Keyd1/d2/d3/d4/key2.
NOT_A_FILE org.apache.hadoop.ozone.om.exceptions.OMException: Can not write to directory: d1/d2/d3/d4/key2
	at org.apache.hadoop.ozone.om.request.file.OMFileCreateRequest.checkDirectoryResult(OMFileCreateRequest.java:363)
	at org.apache.hadoop.ozone.om.request.file.OMFileCreateRequest.validateAndUpdateCache(OMFileCreateRequest.java:237)
	at org.apache.hadoop.ozone.protocolPB.OzoneManagerRequestHandler.handleWriteRequest(OzoneManagerRequestHandler.java:375)
	at org.apache.hadoop.ozone.om.ratis.OzoneManagerStateMachine.runCommand(OzoneManagerStateMachine.java:568)
	at org.apache.hadoop.ozone.om.ratis.OzoneManagerStateMachine.lambda$1(OzoneManagerStateMachine.java:359)
	at java.util.concurrent.CompletableFuture$AsyncSupply.run(CompletableFuture.java:1604)
	at java.util.concurrent.ThreadPoolExecutor.runWorker(ThreadPoolExecutor.java:1149)
	at java.util.concurrent.ThreadPoolExecutor$Worker.run(ThreadPoolExecutor.java:624)
	at java.lang.Thread.run(Thread.java:750)
09:33:55.099 [OM StateMachine ApplyTransaction Thread - 0] ERROR OMAudit - user=runner | ip=127.0.0.1 | op=CREATE_DIRECTORY {volume=volume01359, bucket=bucket03907, key=d1/d2/d3/d4/key3, dataSize=0, replicationType=NONE, replicationFactor=ZERO} | ret=FAILURE
org.apache.hadoop.ozone.om.exceptions.OMException: Unable to create directory: d1/d2/d3/d4/key3 in volume/bucket: volume01359/bucket03907
	at org.apache.hadoop.ozone.om.request.file.OMDirectoryCreateRequest.validateAndUpdateCache(OMDirectoryCreateRequest.java:194) ~[ozone-manager-1.4.0-SNAPSHOT.jar:?]
	at org.apache.hadoop.ozone.protocolPB.OzoneManagerRequestHandler.handleWriteRequest(OzoneManagerRequestHandler.java:375) ~[ozone-manager-1.4.0-SNAPSHOT.jar:?]
	at org.apache.hadoop.ozone.om.ratis.OzoneManagerStateMachine.runCommand(OzoneManagerStateMachine.java:568) ~[ozone-manager-1.4.0-SNAPSHOT.jar:?]
	at org.apache.hadoop.ozone.om.ratis.OzoneManagerStateMachine.lambda$1(OzoneManagerStateMachine.java:359) ~[ozone-manager-1.4.0-SNAPSHOT.jar:?]
	at java.util.concurrent.CompletableFuture$AsyncSupply.run(CompletableFuture.java:1604) [?:1.8.0_382]
	at java.util.concurrent.ThreadPoolExecutor.runWorker(ThreadPoolExecutor.java:1149) [?:1.8.0_382]
	at java.util.concurrent.ThreadPoolExecutor$Worker.run(ThreadPoolExecutor.java:624) [?:1.8.0_382]
	at java.lang.Thread.run(Thread.java:750) [?:1.8.0_382]
2023-08-28 09:33:55,099 [OM StateMachine ApplyTransaction Thread - 0] ERROR file.OMDirectoryCreateRequest (OMDirectoryCreateRequest.java:logResult(334)) - Directory creation failed. Volume:volume01359, Bucket:bucket03907, Keyd1/d2/d3/d4/key3. Exception:{}
FILE_ALREADY_EXISTS org.apache.hadoop.ozone.om.exceptions.OMException: Unable to create directory: d1/d2/d3/d4/key3 in volume/bucket: volume01359/bucket03907
	at org.apache.hadoop.ozone.om.request.file.OMDirectoryCreateRequest.validateAndUpdateCache(OMDirectoryCreateRequest.java:194)
	at org.apache.hadoop.ozone.protocolPB.OzoneManagerRequestHandler.handleWriteRequest(OzoneManagerRequestHandler.java:375)
	at org.apache.hadoop.ozone.om.ratis.OzoneManagerStateMachine.runCommand(OzoneManagerStateMachine.java:568)
	at org.apache.hadoop.ozone.om.ratis.OzoneManagerStateMachine.lambda$1(OzoneManagerStateMachine.java:359)
	at java.util.concurrent.CompletableFuture$AsyncSupply.run(CompletableFuture.java:1604)
	at java.util.concurrent.ThreadPoolExecutor.runWorker(ThreadPoolExecutor.java:1149)
	at java.util.concurrent.ThreadPoolExecutor$Worker.run(ThreadPoolExecutor.java:624)
	at java.lang.Thread.run(Thread.java:750)
09:33:55.105 [OM StateMachine ApplyTransaction Thread - 0] ERROR OMAudit - user=runner | ip=127.0.0.1 | op=CREATE_FILE {volume=volume01359, bucket=bucket03907, key=d1/d2/d3, dataSize=4194304, replicationType=RATIS, replicationFactor=THREE} | ret=FAILURE
org.apache.hadoop.ozone.om.exceptions.OMException: Can not write to directory: d1/d2/d3
	at org.apache.hadoop.ozone.om.request.file.OMFileCreateRequest.checkDirectoryResult(OMFileCreateRequest.java:363) ~[ozone-manager-1.4.0-SNAPSHOT.jar:?]
	at org.apache.hadoop.ozone.om.request.file.OMFileCreateRequest.validateAndUpdateCache(OMFileCreateRequest.java:237) ~[ozone-manager-1.4.0-SNAPSHOT.jar:?]
	at org.apache.hadoop.ozone.protocolPB.OzoneManagerRequestHandler.handleWriteRequest(OzoneManagerRequestHandler.java:375) ~[ozone-manager-1.4.0-SNAPSHOT.jar:?]
	at org.apache.hadoop.ozone.om.ratis.OzoneManagerStateMachine.runCommand(OzoneManagerStateMachine.java:568) ~[ozone-manager-1.4.0-SNAPSHOT.jar:?]
	at org.apache.hadoop.ozone.om.ratis.OzoneManagerStateMachine.lambda$1(OzoneManagerStateMachine.java:359) ~[ozone-manager-1.4.0-SNAPSHOT.jar:?]
	at java.util.concurrent.CompletableFuture$AsyncSupply.run(CompletableFuture.java:1604) [?:1.8.0_382]
	at java.util.concurrent.ThreadPoolExecutor.runWorker(ThreadPoolExecutor.java:1149) [?:1.8.0_382]
	at java.util.concurrent.ThreadPoolExecutor$Worker.run(ThreadPoolExecutor.java:624) [?:1.8.0_382]
	at java.lang.Thread.run(Thread.java:750) [?:1.8.0_382]
2023-08-28 09:33:55,105 [OM StateMachine ApplyTransaction Thread - 0] ERROR file.OMFileCreateRequest (OMFileCreateRequest.java:validateAndUpdateCache(336)) - File create failed. Volume:volume01359, Bucket:bucket03907, Keyd1/d2/d3.
NOT_A_FILE org.apache.hadoop.ozone.om.exceptions.OMException: Can not write to directory: d1/d2/d3
	at org.apache.hadoop.ozone.om.request.file.OMFileCreateRequest.checkDirectoryResult(OMFileCreateRequest.java:363)
	at org.apache.hadoop.ozone.om.request.file.OMFileCreateRequest.validateAndUpdateCache(OMFileCreateRequest.java:237)
	at org.apache.hadoop.ozone.protocolPB.OzoneManagerRequestHandler.handleWriteRequest(OzoneManagerRequestHandler.java:375)
	at org.apache.hadoop.ozone.om.ratis.OzoneManagerStateMachine.runCommand(OzoneManagerStateMachine.java:568)
	at org.apache.hadoop.ozone.om.ratis.OzoneManagerStateMachine.lambda$1(OzoneManagerStateMachine.java:359)
	at java.util.concurrent.CompletableFuture$AsyncSupply.run(CompletableFuture.java:1604)
	at java.util.concurrent.ThreadPoolExecutor.runWorker(ThreadPoolExecutor.java:1149)
	at java.util.concurrent.ThreadPoolExecutor$Worker.run(ThreadPoolExecutor.java:624)
	at java.lang.Thread.run(Thread.java:750)
09:33:55.107 [IPC Server handler 9 on default port 15110] ERROR OMAudit - user=runner | ip=127.0.0.1 | op=GET_FILE_STATUS {volume=volume01359, bucket=bucket03907, key=d1/d2/d3/d4/key3/invalid, dataSize=0, replicationConfig=null} | ret=FAILURE
org.apache.hadoop.ozone.om.exceptions.OMException: Unable to get file status: volume: volume01359 bucket: bucket03907 key: d1/d2/d3/d4/key3/invalid
	at org.apache.hadoop.ozone.om.KeyManagerImpl.getOzoneFileStatus(KeyManagerImpl.java:1195) ~[ozone-manager-1.4.0-SNAPSHOT.jar:?]
	at org.apache.hadoop.ozone.om.KeyManagerImpl.getFileStatus(KeyManagerImpl.java:1113) ~[ozone-manager-1.4.0-SNAPSHOT.jar:?]
	at org.apache.hadoop.ozone.om.OmMetadataReader.getFileStatus(OmMetadataReader.java:262) ~[ozone-manager-1.4.0-SNAPSHOT.jar:?]
	at org.apache.hadoop.ozone.om.OzoneManager.getFileStatus(OzoneManager.java:3513) ~[ozone-manager-1.4.0-SNAPSHOT.jar:?]
	at org.apache.hadoop.ozone.protocolPB.OzoneManagerRequestHandler.getOzoneFileStatus(OzoneManagerRequestHandler.java:973) ~[ozone-manager-1.4.0-SNAPSHOT.jar:?]
	at org.apache.hadoop.ozone.protocolPB.OzoneManagerRequestHandler.handleReadRequest(OzoneManagerRequestHandler.java:252) ~[ozone-manager-1.4.0-SNAPSHOT.jar:?]
	at org.apache.hadoop.ozone.protocolPB.OzoneManagerProtocolServerSideTranslatorPB.submitReadRequestToOM(OzoneManagerProtocolServerSideTranslatorPB.java:225) ~[ozone-manager-1.4.0-SNAPSHOT.jar:?]
	at org.apache.hadoop.ozone.protocolPB.OzoneManagerProtocolServerSideTranslatorPB.processRequest(OzoneManagerProtocolServerSideTranslatorPB.java:179) ~[ozone-manager-1.4.0-SNAPSHOT.jar:?]
	at org.apache.hadoop.hdds.server.OzoneProtocolMessageDispatcher.processRequest(OzoneProtocolMessageDispatcher.java:87) [hdds-server-framework-1.4.0-SNAPSHOT.jar:?]
	at org.apache.hadoop.ozone.protocolPB.OzoneManagerProtocolServerSideTranslatorPB.submitRequest(OzoneManagerProtocolServerSideTranslatorPB.java:148) [ozone-manager-1.4.0-SNAPSHOT.jar:?]
	at org.apache.hadoop.ozone.protocol.proto.OzoneManagerProtocolProtos$OzoneManagerService$2.callBlockingMethod(OzoneManagerProtocolProtos.java) [ozone-interface-client-1.4.0-SNAPSHOT.jar:?]
	at org.apache.hadoop.ipc.ProtobufRpcEngine$Server.processCall(ProtobufRpcEngine.java:484) [hadoop-common-3.3.6.jar:?]
	at org.apache.hadoop.ipc.ProtobufRpcEngine2$Server$ProtoBufRpcInvoker.call(ProtobufRpcEngine2.java:595) [hadoop-common-3.3.6.jar:?]
	at org.apache.hadoop.ipc.ProtobufRpcEngine2$Server$ProtoBufRpcInvoker.call(ProtobufRpcEngine2.java:573) [hadoop-common-3.3.6.jar:?]
	at org.apache.hadoop.ipc.RPC$Server.call(RPC.java:1227) [hadoop-common-3.3.6.jar:?]
	at org.apache.hadoop.ipc.Server$RpcCall.run(Server.java:1094) [hadoop-common-3.3.6.jar:?]
	at org.apache.hadoop.ipc.Server$RpcCall.run(Server.java:1017) [hadoop-common-3.3.6.jar:?]
	at java.security.AccessController.doPrivileged(Native Method) ~[?:1.8.0_382]
	at javax.security.auth.Subject.doAs(Subject.java:422) [?:1.8.0_382]
	at org.apache.hadoop.security.UserGroupInformation.doAs(UserGroupInformation.java:1899) [hadoop-common-3.3.6.jar:?]
	at org.apache.hadoop.ipc.Server$Handler.run(Server.java:3048) [hadoop-common-3.3.6.jar:?]
09:33:55.108 [IPC Server handler 11 on default port 15110] ERROR OMAudit - user=runner | ip=127.0.0.1 | op=GET_FILE_STATUS {volume=volume01359, bucket=bucket03907, key=d1/d2/d3/d4/invalidkey, dataSize=0, replicationConfig=null} | ret=FAILURE
org.apache.hadoop.ozone.om.exceptions.OMException: Unable to get file status: volume: volume01359 bucket: bucket03907 key: d1/d2/d3/d4/invalidkey
	at org.apache.hadoop.ozone.om.KeyManagerImpl.getOzoneFileStatus(KeyManagerImpl.java:1195) ~[ozone-manager-1.4.0-SNAPSHOT.jar:?]
	at org.apache.hadoop.ozone.om.KeyManagerImpl.getFileStatus(KeyManagerImpl.java:1113) ~[ozone-manager-1.4.0-SNAPSHOT.jar:?]
	at org.apache.hadoop.ozone.om.OmMetadataReader.getFileStatus(OmMetadataReader.java:262) ~[ozone-manager-1.4.0-SNAPSHOT.jar:?]
	at org.apache.hadoop.ozone.om.OzoneManager.getFileStatus(OzoneManager.java:3513) ~[ozone-manager-1.4.0-SNAPSHOT.jar:?]
	at org.apache.hadoop.ozone.protocolPB.OzoneManagerRequestHandler.getOzoneFileStatus(OzoneManagerRequestHandler.java:973) ~[ozone-manager-1.4.0-SNAPSHOT.jar:?]
	at org.apache.hadoop.ozone.protocolPB.OzoneManagerRequestHandler.handleReadRequest(OzoneManagerRequestHandler.java:252) ~[ozone-manager-1.4.0-SNAPSHOT.jar:?]
	at org.apache.hadoop.ozone.protocolPB.OzoneManagerProtocolServerSideTranslatorPB.submitReadRequestToOM(OzoneManagerProtocolServerSideTranslatorPB.java:225) ~[ozone-manager-1.4.0-SNAPSHOT.jar:?]
	at org.apache.hadoop.ozone.protocolPB.OzoneManagerProtocolServerSideTranslatorPB.processRequest(OzoneManagerProtocolServerSideTranslatorPB.java:179) ~[ozone-manager-1.4.0-SNAPSHOT.jar:?]
	at org.apache.hadoop.hdds.server.OzoneProtocolMessageDispatcher.processRequest(OzoneProtocolMessageDispatcher.java:87) [hdds-server-framework-1.4.0-SNAPSHOT.jar:?]
	at org.apache.hadoop.ozone.protocolPB.OzoneManagerProtocolServerSideTranslatorPB.submitRequest(OzoneManagerProtocolServerSideTranslatorPB.java:148) [ozone-manager-1.4.0-SNAPSHOT.jar:?]
	at org.apache.hadoop.ozone.protocol.proto.OzoneManagerProtocolProtos$OzoneManagerService$2.callBlockingMethod(OzoneManagerProtocolProtos.java) [ozone-interface-client-1.4.0-SNAPSHOT.jar:?]
	at org.apache.hadoop.ipc.ProtobufRpcEngine$Server.processCall(ProtobufRpcEngine.java:484) [hadoop-common-3.3.6.jar:?]
	at org.apache.hadoop.ipc.ProtobufRpcEngine2$Server$ProtoBufRpcInvoker.call(ProtobufRpcEngine2.java:595) [hadoop-common-3.3.6.jar:?]
	at org.apache.hadoop.ipc.ProtobufRpcEngine2$Server$ProtoBufRpcInvoker.call(ProtobufRpcEngine2.java:573) [hadoop-common-3.3.6.jar:?]
	at org.apache.hadoop.ipc.RPC$Server.call(RPC.java:1227) [hadoop-common-3.3.6.jar:?]
	at org.apache.hadoop.ipc.Server$RpcCall.run(Server.java:1094) [hadoop-common-3.3.6.jar:?]
	at org.apache.hadoop.ipc.Server$RpcCall.run(Server.java:1017) [hadoop-common-3.3.6.jar:?]
	at java.security.AccessController.doPrivileged(Native Method) ~[?:1.8.0_382]
	at javax.security.auth.Subject.doAs(Subject.java:422) [?:1.8.0_382]
	at org.apache.hadoop.security.UserGroupInformation.doAs(UserGroupInformation.java:1899) [hadoop-common-3.3.6.jar:?]
	at org.apache.hadoop.ipc.Server$Handler.run(Server.java:3048) [hadoop-common-3.3.6.jar:?]
]]></system-out>
  </testcase>
  <testcase name="testCreateFileShouldCheckExistenceOfDirWithSameName" classname="TestOzoneFileSystem" time="0.029">
    <system-out><![CDATA[09:35:05.769 [IPC Server handler 3 on default port 15163] ERROR OMAudit - user=runner | ip=127.0.0.1 | op=CREATE_FILE {volume=volume82570, bucket=bucket71984, key=d1/d2/d3/d4/key2, dataSize=4194304, replicationType=RATIS, replicationFactor=THREE} | ret=FAILURE
org.apache.hadoop.ozone.om.exceptions.OMException: Can not write to directory: d1/d2/d3/d4/key2
	at org.apache.hadoop.ozone.om.request.file.OMFileCreateRequest.checkDirectoryResult(OMFileCreateRequest.java:363) ~[ozone-manager-1.4.0-SNAPSHOT.jar:?]
	at org.apache.hadoop.ozone.om.request.file.OMFileCreateRequest.validateAndUpdateCache(OMFileCreateRequest.java:237) ~[ozone-manager-1.4.0-SNAPSHOT.jar:?]
	at org.apache.hadoop.ozone.protocolPB.OzoneManagerRequestHandler.handleWriteRequest(OzoneManagerRequestHandler.java:375) ~[ozone-manager-1.4.0-SNAPSHOT.jar:?]
	at org.apache.hadoop.ozone.protocolPB.OzoneManagerProtocolServerSideTranslatorPB.submitRequestDirectlyToOM(OzoneManagerProtocolServerSideTranslatorPB.java:280) ~[ozone-manager-1.4.0-SNAPSHOT.jar:?]
	at org.apache.hadoop.ozone.protocolPB.OzoneManagerProtocolServerSideTranslatorPB.processRequest(OzoneManagerProtocolServerSideTranslatorPB.java:175) ~[ozone-manager-1.4.0-SNAPSHOT.jar:?]
	at org.apache.hadoop.hdds.server.OzoneProtocolMessageDispatcher.processRequest(OzoneProtocolMessageDispatcher.java:87) [hdds-server-framework-1.4.0-SNAPSHOT.jar:?]
	at org.apache.hadoop.ozone.protocolPB.OzoneManagerProtocolServerSideTranslatorPB.submitRequest(OzoneManagerProtocolServerSideTranslatorPB.java:148) [ozone-manager-1.4.0-SNAPSHOT.jar:?]
	at org.apache.hadoop.ozone.protocol.proto.OzoneManagerProtocolProtos$OzoneManagerService$2.callBlockingMethod(OzoneManagerProtocolProtos.java) [ozone-interface-client-1.4.0-SNAPSHOT.jar:?]
	at org.apache.hadoop.ipc.ProtobufRpcEngine$Server.processCall(ProtobufRpcEngine.java:484) [hadoop-common-3.3.6.jar:?]
	at org.apache.hadoop.ipc.ProtobufRpcEngine2$Server$ProtoBufRpcInvoker.call(ProtobufRpcEngine2.java:595) [hadoop-common-3.3.6.jar:?]
	at org.apache.hadoop.ipc.ProtobufRpcEngine2$Server$ProtoBufRpcInvoker.call(ProtobufRpcEngine2.java:573) [hadoop-common-3.3.6.jar:?]
	at org.apache.hadoop.ipc.RPC$Server.call(RPC.java:1227) [hadoop-common-3.3.6.jar:?]
	at org.apache.hadoop.ipc.Server$RpcCall.run(Server.java:1094) [hadoop-common-3.3.6.jar:?]
	at org.apache.hadoop.ipc.Server$RpcCall.run(Server.java:1017) [hadoop-common-3.3.6.jar:?]
	at java.security.AccessController.doPrivileged(Native Method) ~[?:1.8.0_382]
	at javax.security.auth.Subject.doAs(Subject.java:422) [?:1.8.0_382]
	at org.apache.hadoop.security.UserGroupInformation.doAs(UserGroupInformation.java:1899) [hadoop-common-3.3.6.jar:?]
	at org.apache.hadoop.ipc.Server$Handler.run(Server.java:3048) [hadoop-common-3.3.6.jar:?]
2023-08-28 09:35:05,769 [IPC Server handler 3 on default port 15163] ERROR file.OMFileCreateRequest (OMFileCreateRequest.java:validateAndUpdateCache(336)) - File create failed. Volume:volume82570, Bucket:bucket71984, Keyd1/d2/d3/d4/key2.
NOT_A_FILE org.apache.hadoop.ozone.om.exceptions.OMException: Can not write to directory: d1/d2/d3/d4/key2
	at org.apache.hadoop.ozone.om.request.file.OMFileCreateRequest.checkDirectoryResult(OMFileCreateRequest.java:363)
	at org.apache.hadoop.ozone.om.request.file.OMFileCreateRequest.validateAndUpdateCache(OMFileCreateRequest.java:237)
	at org.apache.hadoop.ozone.protocolPB.OzoneManagerRequestHandler.handleWriteRequest(OzoneManagerRequestHandler.java:375)
	at org.apache.hadoop.ozone.protocolPB.OzoneManagerProtocolServerSideTranslatorPB.submitRequestDirectlyToOM(OzoneManagerProtocolServerSideTranslatorPB.java:280)
	at org.apache.hadoop.ozone.protocolPB.OzoneManagerProtocolServerSideTranslatorPB.processRequest(OzoneManagerProtocolServerSideTranslatorPB.java:175)
	at org.apache.hadoop.hdds.server.OzoneProtocolMessageDispatcher.processRequest(OzoneProtocolMessageDispatcher.java:87)
	at org.apache.hadoop.ozone.protocolPB.OzoneManagerProtocolServerSideTranslatorPB.submitRequest(OzoneManagerProtocolServerSideTranslatorPB.java:148)
	at org.apache.hadoop.ozone.protocol.proto.OzoneManagerProtocolProtos$OzoneManagerService$2.callBlockingMethod(OzoneManagerProtocolProtos.java)
	at org.apache.hadoop.ipc.ProtobufRpcEngine$Server.processCall(ProtobufRpcEngine.java:484)
	at org.apache.hadoop.ipc.ProtobufRpcEngine2$Server$ProtoBufRpcInvoker.call(ProtobufRpcEngine2.java:595)
	at org.apache.hadoop.ipc.ProtobufRpcEngine2$Server$ProtoBufRpcInvoker.call(ProtobufRpcEngine2.java:573)
	at org.apache.hadoop.ipc.RPC$Server.call(RPC.java:1227)
	at org.apache.hadoop.ipc.Server$RpcCall.run(Server.java:1094)
	at org.apache.hadoop.ipc.Server$RpcCall.run(Server.java:1017)
	at java.security.AccessController.doPrivileged(Native Method)
	at javax.security.auth.Subject.doAs(Subject.java:422)
	at org.apache.hadoop.security.UserGroupInformation.doAs(UserGroupInformation.java:1899)
	at org.apache.hadoop.ipc.Server$Handler.run(Server.java:3048)
09:35:05.774 [IPC Server handler 7 on default port 15163] ERROR OMAudit - user=runner | ip=127.0.0.1 | op=CREATE_DIRECTORY {volume=volume82570, bucket=bucket71984, key=d1/d2/d3/d4/key3, dataSize=0, replicationType=NONE, replicationFactor=ZERO} | ret=FAILURE
org.apache.hadoop.ozone.om.exceptions.OMException: Unable to create directory: d1/d2/d3/d4/key3 in volume/bucket: volume82570/bucket71984
	at org.apache.hadoop.ozone.om.request.file.OMDirectoryCreateRequest.validateAndUpdateCache(OMDirectoryCreateRequest.java:194) ~[ozone-manager-1.4.0-SNAPSHOT.jar:?]
	at org.apache.hadoop.ozone.protocolPB.OzoneManagerRequestHandler.handleWriteRequest(OzoneManagerRequestHandler.java:375) ~[ozone-manager-1.4.0-SNAPSHOT.jar:?]
	at org.apache.hadoop.ozone.protocolPB.OzoneManagerProtocolServerSideTranslatorPB.submitRequestDirectlyToOM(OzoneManagerProtocolServerSideTranslatorPB.java:280) ~[ozone-manager-1.4.0-SNAPSHOT.jar:?]
	at org.apache.hadoop.ozone.protocolPB.OzoneManagerProtocolServerSideTranslatorPB.processRequest(OzoneManagerProtocolServerSideTranslatorPB.java:175) ~[ozone-manager-1.4.0-SNAPSHOT.jar:?]
	at org.apache.hadoop.hdds.server.OzoneProtocolMessageDispatcher.processRequest(OzoneProtocolMessageDispatcher.java:87) [hdds-server-framework-1.4.0-SNAPSHOT.jar:?]
	at org.apache.hadoop.ozone.protocolPB.OzoneManagerProtocolServerSideTranslatorPB.submitRequest(OzoneManagerProtocolServerSideTranslatorPB.java:148) [ozone-manager-1.4.0-SNAPSHOT.jar:?]
	at org.apache.hadoop.ozone.protocol.proto.OzoneManagerProtocolProtos$OzoneManagerService$2.callBlockingMethod(OzoneManagerProtocolProtos.java) [ozone-interface-client-1.4.0-SNAPSHOT.jar:?]
	at org.apache.hadoop.ipc.ProtobufRpcEngine$Server.processCall(ProtobufRpcEngine.java:484) [hadoop-common-3.3.6.jar:?]
	at org.apache.hadoop.ipc.ProtobufRpcEngine2$Server$ProtoBufRpcInvoker.call(ProtobufRpcEngine2.java:595) [hadoop-common-3.3.6.jar:?]
	at org.apache.hadoop.ipc.ProtobufRpcEngine2$Server$ProtoBufRpcInvoker.call(ProtobufRpcEngine2.java:573) [hadoop-common-3.3.6.jar:?]
	at org.apache.hadoop.ipc.RPC$Server.call(RPC.java:1227) [hadoop-common-3.3.6.jar:?]
	at org.apache.hadoop.ipc.Server$RpcCall.run(Server.java:1094) [hadoop-common-3.3.6.jar:?]
	at org.apache.hadoop.ipc.Server$RpcCall.run(Server.java:1017) [hadoop-common-3.3.6.jar:?]
	at java.security.AccessController.doPrivileged(Native Method) ~[?:1.8.0_382]
	at javax.security.auth.Subject.doAs(Subject.java:422) [?:1.8.0_382]
	at org.apache.hadoop.security.UserGroupInformation.doAs(UserGroupInformation.java:1899) [hadoop-common-3.3.6.jar:?]
	at org.apache.hadoop.ipc.Server$Handler.run(Server.java:3048) [hadoop-common-3.3.6.jar:?]
2023-08-28 09:35:05,774 [IPC Server handler 7 on default port 15163] ERROR file.OMDirectoryCreateRequest (OMDirectoryCreateRequest.java:logResult(334)) - Directory creation failed. Volume:volume82570, Bucket:bucket71984, Keyd1/d2/d3/d4/key3. Exception:{}
FILE_ALREADY_EXISTS org.apache.hadoop.ozone.om.exceptions.OMException: Unable to create directory: d1/d2/d3/d4/key3 in volume/bucket: volume82570/bucket71984
	at org.apache.hadoop.ozone.om.request.file.OMDirectoryCreateRequest.validateAndUpdateCache(OMDirectoryCreateRequest.java:194)
	at org.apache.hadoop.ozone.protocolPB.OzoneManagerRequestHandler.handleWriteRequest(OzoneManagerRequestHandler.java:375)
	at org.apache.hadoop.ozone.protocolPB.OzoneManagerProtocolServerSideTranslatorPB.submitRequestDirectlyToOM(OzoneManagerProtocolServerSideTranslatorPB.java:280)
	at org.apache.hadoop.ozone.protocolPB.OzoneManagerProtocolServerSideTranslatorPB.processRequest(OzoneManagerProtocolServerSideTranslatorPB.java:175)
	at org.apache.hadoop.hdds.server.OzoneProtocolMessageDispatcher.processRequest(OzoneProtocolMessageDispatcher.java:87)
	at org.apache.hadoop.ozone.protocolPB.OzoneManagerProtocolServerSideTranslatorPB.submitRequest(OzoneManagerProtocolServerSideTranslatorPB.java:148)
	at org.apache.hadoop.ozone.protocol.proto.OzoneManagerProtocolProtos$OzoneManagerService$2.callBlockingMethod(OzoneManagerProtocolProtos.java)
	at org.apache.hadoop.ipc.ProtobufRpcEngine$Server.processCall(ProtobufRpcEngine.java:484)
	at org.apache.hadoop.ipc.ProtobufRpcEngine2$Server$ProtoBufRpcInvoker.call(ProtobufRpcEngine2.java:595)
	at org.apache.hadoop.ipc.ProtobufRpcEngine2$Server$ProtoBufRpcInvoker.call(ProtobufRpcEngine2.java:573)
	at org.apache.hadoop.ipc.RPC$Server.call(RPC.java:1227)
	at org.apache.hadoop.ipc.Server$RpcCall.run(Server.java:1094)
	at org.apache.hadoop.ipc.Server$RpcCall.run(Server.java:1017)
	at java.security.AccessController.doPrivileged(Native Method)
	at javax.security.auth.Subject.doAs(Subject.java:422)
	at org.apache.hadoop.security.UserGroupInformation.doAs(UserGroupInformation.java:1899)
	at org.apache.hadoop.ipc.Server$Handler.run(Server.java:3048)
09:35:05.776 [IPC Server handler 6 on default port 15163] ERROR OMAudit - user=runner | ip=127.0.0.1 | op=CREATE_FILE {volume=volume82570, bucket=bucket71984, key=d1/d2/d3, dataSize=4194304, replicationType=RATIS, replicationFactor=THREE} | ret=FAILURE
org.apache.hadoop.ozone.om.exceptions.OMException: Can not write to directory: d1/d2/d3
	at org.apache.hadoop.ozone.om.request.file.OMFileCreateRequest.checkDirectoryResult(OMFileCreateRequest.java:363) ~[ozone-manager-1.4.0-SNAPSHOT.jar:?]
	at org.apache.hadoop.ozone.om.request.file.OMFileCreateRequest.validateAndUpdateCache(OMFileCreateRequest.java:237) ~[ozone-manager-1.4.0-SNAPSHOT.jar:?]
	at org.apache.hadoop.ozone.protocolPB.OzoneManagerRequestHandler.handleWriteRequest(OzoneManagerRequestHandler.java:375) ~[ozone-manager-1.4.0-SNAPSHOT.jar:?]
	at org.apache.hadoop.ozone.protocolPB.OzoneManagerProtocolServerSideTranslatorPB.submitRequestDirectlyToOM(OzoneManagerProtocolServerSideTranslatorPB.java:280) ~[ozone-manager-1.4.0-SNAPSHOT.jar:?]
	at org.apache.hadoop.ozone.protocolPB.OzoneManagerProtocolServerSideTranslatorPB.processRequest(OzoneManagerProtocolServerSideTranslatorPB.java:175) ~[ozone-manager-1.4.0-SNAPSHOT.jar:?]
	at org.apache.hadoop.hdds.server.OzoneProtocolMessageDispatcher.processRequest(OzoneProtocolMessageDispatcher.java:87) [hdds-server-framework-1.4.0-SNAPSHOT.jar:?]
	at org.apache.hadoop.ozone.protocolPB.OzoneManagerProtocolServerSideTranslatorPB.submitRequest(OzoneManagerProtocolServerSideTranslatorPB.java:148) [ozone-manager-1.4.0-SNAPSHOT.jar:?]
	at org.apache.hadoop.ozone.protocol.proto.OzoneManagerProtocolProtos$OzoneManagerService$2.callBlockingMethod(OzoneManagerProtocolProtos.java) [ozone-interface-client-1.4.0-SNAPSHOT.jar:?]
	at org.apache.hadoop.ipc.ProtobufRpcEngine$Server.processCall(ProtobufRpcEngine.java:484) [hadoop-common-3.3.6.jar:?]
	at org.apache.hadoop.ipc.ProtobufRpcEngine2$Server$ProtoBufRpcInvoker.call(ProtobufRpcEngine2.java:595) [hadoop-common-3.3.6.jar:?]
	at org.apache.hadoop.ipc.ProtobufRpcEngine2$Server$ProtoBufRpcInvoker.call(ProtobufRpcEngine2.java:573) [hadoop-common-3.3.6.jar:?]
	at org.apache.hadoop.ipc.RPC$Server.call(RPC.java:1227) [hadoop-common-3.3.6.jar:?]
	at org.apache.hadoop.ipc.Server$RpcCall.run(Server.java:1094) [hadoop-common-3.3.6.jar:?]
	at org.apache.hadoop.ipc.Server$RpcCall.run(Server.java:1017) [hadoop-common-3.3.6.jar:?]
	at java.security.AccessController.doPrivileged(Native Method) ~[?:1.8.0_382]
	at javax.security.auth.Subject.doAs(Subject.java:422) [?:1.8.0_382]
	at org.apache.hadoop.security.UserGroupInformation.doAs(UserGroupInformation.java:1899) [hadoop-common-3.3.6.jar:?]
	at org.apache.hadoop.ipc.Server$Handler.run(Server.java:3048) [hadoop-common-3.3.6.jar:?]
2023-08-28 09:35:05,777 [IPC Server handler 6 on default port 15163] ERROR file.OMFileCreateRequest (OMFileCreateRequest.java:validateAndUpdateCache(336)) - File create failed. Volume:volume82570, Bucket:bucket71984, Keyd1/d2/d3.
NOT_A_FILE org.apache.hadoop.ozone.om.exceptions.OMException: Can not write to directory: d1/d2/d3
	at org.apache.hadoop.ozone.om.request.file.OMFileCreateRequest.checkDirectoryResult(OMFileCreateRequest.java:363)
	at org.apache.hadoop.ozone.om.request.file.OMFileCreateRequest.validateAndUpdateCache(OMFileCreateRequest.java:237)
	at org.apache.hadoop.ozone.protocolPB.OzoneManagerRequestHandler.handleWriteRequest(OzoneManagerRequestHandler.java:375)
	at org.apache.hadoop.ozone.protocolPB.OzoneManagerProtocolServerSideTranslatorPB.submitRequestDirectlyToOM(OzoneManagerProtocolServerSideTranslatorPB.java:280)
	at org.apache.hadoop.ozone.protocolPB.OzoneManagerProtocolServerSideTranslatorPB.processRequest(OzoneManagerProtocolServerSideTranslatorPB.java:175)
	at org.apache.hadoop.hdds.server.OzoneProtocolMessageDispatcher.processRequest(OzoneProtocolMessageDispatcher.java:87)
	at org.apache.hadoop.ozone.protocolPB.OzoneManagerProtocolServerSideTranslatorPB.submitRequest(OzoneManagerProtocolServerSideTranslatorPB.java:148)
	at org.apache.hadoop.ozone.protocol.proto.OzoneManagerProtocolProtos$OzoneManagerService$2.callBlockingMethod(OzoneManagerProtocolProtos.java)
	at org.apache.hadoop.ipc.ProtobufRpcEngine$Server.processCall(ProtobufRpcEngine.java:484)
	at org.apache.hadoop.ipc.ProtobufRpcEngine2$Server$ProtoBufRpcInvoker.call(ProtobufRpcEngine2.java:595)
	at org.apache.hadoop.ipc.ProtobufRpcEngine2$Server$ProtoBufRpcInvoker.call(ProtobufRpcEngine2.java:573)
	at org.apache.hadoop.ipc.RPC$Server.call(RPC.java:1227)
	at org.apache.hadoop.ipc.Server$RpcCall.run(Server.java:1094)
	at org.apache.hadoop.ipc.Server$RpcCall.run(Server.java:1017)
	at java.security.AccessController.doPrivileged(Native Method)
	at javax.security.auth.Subject.doAs(Subject.java:422)
	at org.apache.hadoop.security.UserGroupInformation.doAs(UserGroupInformation.java:1899)
	at org.apache.hadoop.ipc.Server$Handler.run(Server.java:3048)
09:35:05.778 [IPC Server handler 9 on default port 15163] ERROR OMAudit - user=runner | ip=127.0.0.1 | op=GET_FILE_STATUS {volume=volume82570, bucket=bucket71984, key=d1/d2/d3/d4/key3/invalid, dataSize=0, replicationConfig=null} | ret=FAILURE
org.apache.hadoop.ozone.om.exceptions.OMException: Unable to get file status: volume: volume82570 bucket: bucket71984 key: d1/d2/d3/d4/key3/invalid
	at org.apache.hadoop.ozone.om.KeyManagerImpl.getOzoneFileStatus(KeyManagerImpl.java:1195) ~[ozone-manager-1.4.0-SNAPSHOT.jar:?]
	at org.apache.hadoop.ozone.om.KeyManagerImpl.getFileStatus(KeyManagerImpl.java:1113) ~[ozone-manager-1.4.0-SNAPSHOT.jar:?]
	at org.apache.hadoop.ozone.om.OmMetadataReader.getFileStatus(OmMetadataReader.java:262) ~[ozone-manager-1.4.0-SNAPSHOT.jar:?]
	at org.apache.hadoop.ozone.om.OzoneManager.getFileStatus(OzoneManager.java:3513) ~[ozone-manager-1.4.0-SNAPSHOT.jar:?]
	at org.apache.hadoop.ozone.protocolPB.OzoneManagerRequestHandler.getOzoneFileStatus(OzoneManagerRequestHandler.java:973) ~[ozone-manager-1.4.0-SNAPSHOT.jar:?]
	at org.apache.hadoop.ozone.protocolPB.OzoneManagerRequestHandler.handleReadRequest(OzoneManagerRequestHandler.java:252) ~[ozone-manager-1.4.0-SNAPSHOT.jar:?]
	at org.apache.hadoop.ozone.protocolPB.OzoneManagerProtocolServerSideTranslatorPB.submitRequestDirectlyToOM(OzoneManagerProtocolServerSideTranslatorPB.java:274) ~[ozone-manager-1.4.0-SNAPSHOT.jar:?]
	at org.apache.hadoop.ozone.protocolPB.OzoneManagerProtocolServerSideTranslatorPB.processRequest(OzoneManagerProtocolServerSideTranslatorPB.java:175) ~[ozone-manager-1.4.0-SNAPSHOT.jar:?]
	at org.apache.hadoop.hdds.server.OzoneProtocolMessageDispatcher.processRequest(OzoneProtocolMessageDispatcher.java:87) [hdds-server-framework-1.4.0-SNAPSHOT.jar:?]
	at org.apache.hadoop.ozone.protocolPB.OzoneManagerProtocolServerSideTranslatorPB.submitRequest(OzoneManagerProtocolServerSideTranslatorPB.java:148) [ozone-manager-1.4.0-SNAPSHOT.jar:?]
	at org.apache.hadoop.ozone.protocol.proto.OzoneManagerProtocolProtos$OzoneManagerService$2.callBlockingMethod(OzoneManagerProtocolProtos.java) [ozone-interface-client-1.4.0-SNAPSHOT.jar:?]
	at org.apache.hadoop.ipc.ProtobufRpcEngine$Server.processCall(ProtobufRpcEngine.java:484) [hadoop-common-3.3.6.jar:?]
	at org.apache.hadoop.ipc.ProtobufRpcEngine2$Server$ProtoBufRpcInvoker.call(ProtobufRpcEngine2.java:595) [hadoop-common-3.3.6.jar:?]
	at org.apache.hadoop.ipc.ProtobufRpcEngine2$Server$ProtoBufRpcInvoker.call(ProtobufRpcEngine2.java:573) [hadoop-common-3.3.6.jar:?]
	at org.apache.hadoop.ipc.RPC$Server.call(RPC.java:1227) [hadoop-common-3.3.6.jar:?]
	at org.apache.hadoop.ipc.Server$RpcCall.run(Server.java:1094) [hadoop-common-3.3.6.jar:?]
	at org.apache.hadoop.ipc.Server$RpcCall.run(Server.java:1017) [hadoop-common-3.3.6.jar:?]
	at java.security.AccessController.doPrivileged(Native Method) ~[?:1.8.0_382]
	at javax.security.auth.Subject.doAs(Subject.java:422) [?:1.8.0_382]
	at org.apache.hadoop.security.UserGroupInformation.doAs(UserGroupInformation.java:1899) [hadoop-common-3.3.6.jar:?]
	at org.apache.hadoop.ipc.Server$Handler.run(Server.java:3048) [hadoop-common-3.3.6.jar:?]
09:35:05.779 [IPC Server handler 12 on default port 15163] ERROR OMAudit - user=runner | ip=127.0.0.1 | op=GET_FILE_STATUS {volume=volume82570, bucket=bucket71984, key=d1/d2/d3/d4/invalidkey, dataSize=0, replicationConfig=null} | ret=FAILURE
org.apache.hadoop.ozone.om.exceptions.OMException: Unable to get file status: volume: volume82570 bucket: bucket71984 key: d1/d2/d3/d4/invalidkey
	at org.apache.hadoop.ozone.om.KeyManagerImpl.getOzoneFileStatus(KeyManagerImpl.java:1195) ~[ozone-manager-1.4.0-SNAPSHOT.jar:?]
	at org.apache.hadoop.ozone.om.KeyManagerImpl.getFileStatus(KeyManagerImpl.java:1113) ~[ozone-manager-1.4.0-SNAPSHOT.jar:?]
	at org.apache.hadoop.ozone.om.OmMetadataReader.getFileStatus(OmMetadataReader.java:262) ~[ozone-manager-1.4.0-SNAPSHOT.jar:?]
	at org.apache.hadoop.ozone.om.OzoneManager.getFileStatus(OzoneManager.java:3513) ~[ozone-manager-1.4.0-SNAPSHOT.jar:?]
	at org.apache.hadoop.ozone.protocolPB.OzoneManagerRequestHandler.getOzoneFileStatus(OzoneManagerRequestHandler.java:973) ~[ozone-manager-1.4.0-SNAPSHOT.jar:?]
	at org.apache.hadoop.ozone.protocolPB.OzoneManagerRequestHandler.handleReadRequest(OzoneManagerRequestHandler.java:252) ~[ozone-manager-1.4.0-SNAPSHOT.jar:?]
	at org.apache.hadoop.ozone.protocolPB.OzoneManagerProtocolServerSideTranslatorPB.submitRequestDirectlyToOM(OzoneManagerProtocolServerSideTranslatorPB.java:274) ~[ozone-manager-1.4.0-SNAPSHOT.jar:?]
	at org.apache.hadoop.ozone.protocolPB.OzoneManagerProtocolServerSideTranslatorPB.processRequest(OzoneManagerProtocolServerSideTranslatorPB.java:175) ~[ozone-manager-1.4.0-SNAPSHOT.jar:?]
	at org.apache.hadoop.hdds.server.OzoneProtocolMessageDispatcher.processRequest(OzoneProtocolMessageDispatcher.java:87) [hdds-server-framework-1.4.0-SNAPSHOT.jar:?]
	at org.apache.hadoop.ozone.protocolPB.OzoneManagerProtocolServerSideTranslatorPB.submitRequest(OzoneManagerProtocolServerSideTranslatorPB.java:148) [ozone-manager-1.4.0-SNAPSHOT.jar:?]
	at org.apache.hadoop.ozone.protocol.proto.OzoneManagerProtocolProtos$OzoneManagerService$2.callBlockingMethod(OzoneManagerProtocolProtos.java) [ozone-interface-client-1.4.0-SNAPSHOT.jar:?]
	at org.apache.hadoop.ipc.ProtobufRpcEngine$Server.processCall(ProtobufRpcEngine.java:484) [hadoop-common-3.3.6.jar:?]
	at org.apache.hadoop.ipc.ProtobufRpcEngine2$Server$ProtoBufRpcInvoker.call(ProtobufRpcEngine2.java:595) [hadoop-common-3.3.6.jar:?]
	at org.apache.hadoop.ipc.ProtobufRpcEngine2$Server$ProtoBufRpcInvoker.call(ProtobufRpcEngine2.java:573) [hadoop-common-3.3.6.jar:?]
	at org.apache.hadoop.ipc.RPC$Server.call(RPC.java:1227) [hadoop-common-3.3.6.jar:?]
	at org.apache.hadoop.ipc.Server$RpcCall.run(Server.java:1094) [hadoop-common-3.3.6.jar:?]
	at org.apache.hadoop.ipc.Server$RpcCall.run(Server.java:1017) [hadoop-common-3.3.6.jar:?]
	at java.security.AccessController.doPrivileged(Native Method) ~[?:1.8.0_382]
	at javax.security.auth.Subject.doAs(Subject.java:422) [?:1.8.0_382]
	at org.apache.hadoop.security.UserGroupInformation.doAs(UserGroupInformation.java:1899) [hadoop-common-3.3.6.jar:?]
	at org.apache.hadoop.ipc.Server$Handler.run(Server.java:3048) [hadoop-common-3.3.6.jar:?]
]]></system-out>
  </testcase>
  <testcase name="testRenameContainDelimiterFile" classname="TestOzoneFileSystem" time="0.046">
    <system-out><![CDATA[09:31:22.594 [IPC Server handler 7 on default port 15004] ERROR OMAudit - user=runner | ip=127.0.0.1 | op=GET_FILE_STATUS {volume=volume76952, bucket=bucket05606, key=dir1/dir2/key2, dataSize=0, replicationConfig=null} | ret=FAILURE
org.apache.hadoop.ozone.om.exceptions.OMException: Unable to get file status: volume: volume76952 bucket: bucket05606 key: dir1/dir2/key2
	at org.apache.hadoop.ozone.om.KeyManagerImpl.getOzoneFileStatus(KeyManagerImpl.java:1195) ~[ozone-manager-1.4.0-SNAPSHOT.jar:?]
	at org.apache.hadoop.ozone.om.KeyManagerImpl.getFileStatus(KeyManagerImpl.java:1113) ~[ozone-manager-1.4.0-SNAPSHOT.jar:?]
	at org.apache.hadoop.ozone.om.OmMetadataReader.getFileStatus(OmMetadataReader.java:262) ~[ozone-manager-1.4.0-SNAPSHOT.jar:?]
	at org.apache.hadoop.ozone.om.OzoneManager.getFileStatus(OzoneManager.java:3513) ~[ozone-manager-1.4.0-SNAPSHOT.jar:?]
	at org.apache.hadoop.ozone.protocolPB.OzoneManagerRequestHandler.getOzoneFileStatus(OzoneManagerRequestHandler.java:973) ~[ozone-manager-1.4.0-SNAPSHOT.jar:?]
	at org.apache.hadoop.ozone.protocolPB.OzoneManagerRequestHandler.handleReadRequest(OzoneManagerRequestHandler.java:252) ~[ozone-manager-1.4.0-SNAPSHOT.jar:?]
	at org.apache.hadoop.ozone.protocolPB.OzoneManagerProtocolServerSideTranslatorPB.submitReadRequestToOM(OzoneManagerProtocolServerSideTranslatorPB.java:225) ~[ozone-manager-1.4.0-SNAPSHOT.jar:?]
	at org.apache.hadoop.ozone.protocolPB.OzoneManagerProtocolServerSideTranslatorPB.processRequest(OzoneManagerProtocolServerSideTranslatorPB.java:179) ~[ozone-manager-1.4.0-SNAPSHOT.jar:?]
	at org.apache.hadoop.hdds.server.OzoneProtocolMessageDispatcher.processRequest(OzoneProtocolMessageDispatcher.java:87) [hdds-server-framework-1.4.0-SNAPSHOT.jar:?]
	at org.apache.hadoop.ozone.protocolPB.OzoneManagerProtocolServerSideTranslatorPB.submitRequest(OzoneManagerProtocolServerSideTranslatorPB.java:148) [ozone-manager-1.4.0-SNAPSHOT.jar:?]
	at org.apache.hadoop.ozone.protocol.proto.OzoneManagerProtocolProtos$OzoneManagerService$2.callBlockingMethod(OzoneManagerProtocolProtos.java) [ozone-interface-client-1.4.0-SNAPSHOT.jar:?]
	at org.apache.hadoop.ipc.ProtobufRpcEngine$Server.processCall(ProtobufRpcEngine.java:484) [hadoop-common-3.3.6.jar:?]
	at org.apache.hadoop.ipc.ProtobufRpcEngine2$Server$ProtoBufRpcInvoker.call(ProtobufRpcEngine2.java:595) [hadoop-common-3.3.6.jar:?]
	at org.apache.hadoop.ipc.ProtobufRpcEngine2$Server$ProtoBufRpcInvoker.call(ProtobufRpcEngine2.java:573) [hadoop-common-3.3.6.jar:?]
	at org.apache.hadoop.ipc.RPC$Server.call(RPC.java:1227) [hadoop-common-3.3.6.jar:?]
	at org.apache.hadoop.ipc.Server$RpcCall.run(Server.java:1094) [hadoop-common-3.3.6.jar:?]
	at org.apache.hadoop.ipc.Server$RpcCall.run(Server.java:1017) [hadoop-common-3.3.6.jar:?]
	at java.security.AccessController.doPrivileged(Native Method) ~[?:1.8.0_382]
	at javax.security.auth.Subject.doAs(Subject.java:422) [?:1.8.0_382]
	at org.apache.hadoop.security.UserGroupInformation.doAs(UserGroupInformation.java:1899) [hadoop-common-3.3.6.jar:?]
	at org.apache.hadoop.ipc.Server$Handler.run(Server.java:3048) [hadoop-common-3.3.6.jar:?]
09:31:22.606 [IPC Server handler 18 on default port 15004] ERROR OMAudit - user=runner | ip=127.0.0.1 | op=GET_FILE_STATUS {volume=volume76952, bucket=bucket05606, key=dir1/dir2/key1, dataSize=0, replicationConfig=null} | ret=FAILURE
org.apache.hadoop.ozone.om.exceptions.OMException: Unable to get file status: volume: volume76952 bucket: bucket05606 key: dir1/dir2/key1
	at org.apache.hadoop.ozone.om.KeyManagerImpl.getOzoneFileStatus(KeyManagerImpl.java:1195) ~[ozone-manager-1.4.0-SNAPSHOT.jar:?]
	at org.apache.hadoop.ozone.om.KeyManagerImpl.getFileStatus(KeyManagerImpl.java:1113) ~[ozone-manager-1.4.0-SNAPSHOT.jar:?]
	at org.apache.hadoop.ozone.om.OmMetadataReader.getFileStatus(OmMetadataReader.java:262) ~[ozone-manager-1.4.0-SNAPSHOT.jar:?]
	at org.apache.hadoop.ozone.om.OzoneManager.getFileStatus(OzoneManager.java:3513) ~[ozone-manager-1.4.0-SNAPSHOT.jar:?]
	at org.apache.hadoop.ozone.protocolPB.OzoneManagerRequestHandler.getOzoneFileStatus(OzoneManagerRequestHandler.java:973) ~[ozone-manager-1.4.0-SNAPSHOT.jar:?]
	at org.apache.hadoop.ozone.protocolPB.OzoneManagerRequestHandler.handleReadRequest(OzoneManagerRequestHandler.java:252) ~[ozone-manager-1.4.0-SNAPSHOT.jar:?]
	at org.apache.hadoop.ozone.protocolPB.OzoneManagerProtocolServerSideTranslatorPB.submitReadRequestToOM(OzoneManagerProtocolServerSideTranslatorPB.java:225) ~[ozone-manager-1.4.0-SNAPSHOT.jar:?]
	at org.apache.hadoop.ozone.protocolPB.OzoneManagerProtocolServerSideTranslatorPB.processRequest(OzoneManagerProtocolServerSideTranslatorPB.java:179) ~[ozone-manager-1.4.0-SNAPSHOT.jar:?]
	at org.apache.hadoop.hdds.server.OzoneProtocolMessageDispatcher.processRequest(OzoneProtocolMessageDispatcher.java:87) [hdds-server-framework-1.4.0-SNAPSHOT.jar:?]
	at org.apache.hadoop.ozone.protocolPB.OzoneManagerProtocolServerSideTranslatorPB.submitRequest(OzoneManagerProtocolServerSideTranslatorPB.java:148) [ozone-manager-1.4.0-SNAPSHOT.jar:?]
	at org.apache.hadoop.ozone.protocol.proto.OzoneManagerProtocolProtos$OzoneManagerService$2.callBlockingMethod(OzoneManagerProtocolProtos.java) [ozone-interface-client-1.4.0-SNAPSHOT.jar:?]
	at org.apache.hadoop.ipc.ProtobufRpcEngine$Server.processCall(ProtobufRpcEngine.java:484) [hadoop-common-3.3.6.jar:?]
	at org.apache.hadoop.ipc.ProtobufRpcEngine2$Server$ProtoBufRpcInvoker.call(ProtobufRpcEngine2.java:595) [hadoop-common-3.3.6.jar:?]
	at org.apache.hadoop.ipc.ProtobufRpcEngine2$Server$ProtoBufRpcInvoker.call(ProtobufRpcEngine2.java:573) [hadoop-common-3.3.6.jar:?]
	at org.apache.hadoop.ipc.RPC$Server.call(RPC.java:1227) [hadoop-common-3.3.6.jar:?]
	at org.apache.hadoop.ipc.Server$RpcCall.run(Server.java:1094) [hadoop-common-3.3.6.jar:?]
	at org.apache.hadoop.ipc.Server$RpcCall.run(Server.java:1017) [hadoop-common-3.3.6.jar:?]
	at java.security.AccessController.doPrivileged(Native Method) ~[?:1.8.0_382]
	at javax.security.auth.Subject.doAs(Subject.java:422) [?:1.8.0_382]
	at org.apache.hadoop.security.UserGroupInformation.doAs(UserGroupInformation.java:1899) [hadoop-common-3.3.6.jar:?]
	at org.apache.hadoop.ipc.Server$Handler.run(Server.java:3048) [hadoop-common-3.3.6.jar:?]
09:31:22.608 [IPC Server handler 12 on default port 15004] ERROR OMAudit - user=runner | ip=127.0.0.1 | op=GET_FILE_STATUS {volume=volume76952, bucket=bucket05606, key=user/runner/dir1, dataSize=0, replicationConfig=null} | ret=FAILURE
org.apache.hadoop.ozone.om.exceptions.OMException: Unable to get file status: volume: volume76952 bucket: bucket05606 key: user/runner/dir1
	at org.apache.hadoop.ozone.om.KeyManagerImpl.getOzoneFileStatus(KeyManagerImpl.java:1195) ~[ozone-manager-1.4.0-SNAPSHOT.jar:?]
	at org.apache.hadoop.ozone.om.KeyManagerImpl.getFileStatus(KeyManagerImpl.java:1113) ~[ozone-manager-1.4.0-SNAPSHOT.jar:?]
	at org.apache.hadoop.ozone.om.OmMetadataReader.getFileStatus(OmMetadataReader.java:262) ~[ozone-manager-1.4.0-SNAPSHOT.jar:?]
	at org.apache.hadoop.ozone.om.OzoneManager.getFileStatus(OzoneManager.java:3513) ~[ozone-manager-1.4.0-SNAPSHOT.jar:?]
	at org.apache.hadoop.ozone.protocolPB.OzoneManagerRequestHandler.getOzoneFileStatus(OzoneManagerRequestHandler.java:973) ~[ozone-manager-1.4.0-SNAPSHOT.jar:?]
	at org.apache.hadoop.ozone.protocolPB.OzoneManagerRequestHandler.handleReadRequest(OzoneManagerRequestHandler.java:252) ~[ozone-manager-1.4.0-SNAPSHOT.jar:?]
	at org.apache.hadoop.ozone.protocolPB.OzoneManagerProtocolServerSideTranslatorPB.submitReadRequestToOM(OzoneManagerProtocolServerSideTranslatorPB.java:225) ~[ozone-manager-1.4.0-SNAPSHOT.jar:?]
	at org.apache.hadoop.ozone.protocolPB.OzoneManagerProtocolServerSideTranslatorPB.processRequest(OzoneManagerProtocolServerSideTranslatorPB.java:179) ~[ozone-manager-1.4.0-SNAPSHOT.jar:?]
	at org.apache.hadoop.hdds.server.OzoneProtocolMessageDispatcher.processRequest(OzoneProtocolMessageDispatcher.java:87) [hdds-server-framework-1.4.0-SNAPSHOT.jar:?]
	at org.apache.hadoop.ozone.protocolPB.OzoneManagerProtocolServerSideTranslatorPB.submitRequest(OzoneManagerProtocolServerSideTranslatorPB.java:148) [ozone-manager-1.4.0-SNAPSHOT.jar:?]
	at org.apache.hadoop.ozone.protocol.proto.OzoneManagerProtocolProtos$OzoneManagerService$2.callBlockingMethod(OzoneManagerProtocolProtos.java) [ozone-interface-client-1.4.0-SNAPSHOT.jar:?]
	at org.apache.hadoop.ipc.ProtobufRpcEngine$Server.processCall(ProtobufRpcEngine.java:484) [hadoop-common-3.3.6.jar:?]
	at org.apache.hadoop.ipc.ProtobufRpcEngine2$Server$ProtoBufRpcInvoker.call(ProtobufRpcEngine2.java:595) [hadoop-common-3.3.6.jar:?]
	at org.apache.hadoop.ipc.ProtobufRpcEngine2$Server$ProtoBufRpcInvoker.call(ProtobufRpcEngine2.java:573) [hadoop-common-3.3.6.jar:?]
	at org.apache.hadoop.ipc.RPC$Server.call(RPC.java:1227) [hadoop-common-3.3.6.jar:?]
	at org.apache.hadoop.ipc.Server$RpcCall.run(Server.java:1094) [hadoop-common-3.3.6.jar:?]
	at org.apache.hadoop.ipc.Server$RpcCall.run(Server.java:1017) [hadoop-common-3.3.6.jar:?]
	at java.security.AccessController.doPrivileged(Native Method) ~[?:1.8.0_382]
	at javax.security.auth.Subject.doAs(Subject.java:422) [?:1.8.0_382]
	at org.apache.hadoop.security.UserGroupInformation.doAs(UserGroupInformation.java:1899) [hadoop-common-3.3.6.jar:?]
	at org.apache.hadoop.ipc.Server$Handler.run(Server.java:3048) [hadoop-common-3.3.6.jar:?]
09:31:22.610 [IPC Server handler 8 on default port 15004] ERROR OMAudit - user=runner | ip=127.0.0.1 | op=GET_FILE_STATUS {volume=volume76952, bucket=bucket05606, key=user/runner/dir1/dir2, dataSize=0, replicationConfig=null} | ret=FAILURE
org.apache.hadoop.ozone.om.exceptions.OMException: Unable to get file status: volume: volume76952 bucket: bucket05606 key: user/runner/dir1/dir2
	at org.apache.hadoop.ozone.om.KeyManagerImpl.getOzoneFileStatus(KeyManagerImpl.java:1195) ~[ozone-manager-1.4.0-SNAPSHOT.jar:?]
	at org.apache.hadoop.ozone.om.KeyManagerImpl.getFileStatus(KeyManagerImpl.java:1113) ~[ozone-manager-1.4.0-SNAPSHOT.jar:?]
	at org.apache.hadoop.ozone.om.OmMetadataReader.getFileStatus(OmMetadataReader.java:262) ~[ozone-manager-1.4.0-SNAPSHOT.jar:?]
	at org.apache.hadoop.ozone.om.OzoneManager.getFileStatus(OzoneManager.java:3513) ~[ozone-manager-1.4.0-SNAPSHOT.jar:?]
	at org.apache.hadoop.ozone.protocolPB.OzoneManagerRequestHandler.getOzoneFileStatus(OzoneManagerRequestHandler.java:973) ~[ozone-manager-1.4.0-SNAPSHOT.jar:?]
	at org.apache.hadoop.ozone.protocolPB.OzoneManagerRequestHandler.handleReadRequest(OzoneManagerRequestHandler.java:252) ~[ozone-manager-1.4.0-SNAPSHOT.jar:?]
	at org.apache.hadoop.ozone.protocolPB.OzoneManagerProtocolServerSideTranslatorPB.submitReadRequestToOM(OzoneManagerProtocolServerSideTranslatorPB.java:225) ~[ozone-manager-1.4.0-SNAPSHOT.jar:?]
	at org.apache.hadoop.ozone.protocolPB.OzoneManagerProtocolServerSideTranslatorPB.processRequest(OzoneManagerProtocolServerSideTranslatorPB.java:179) ~[ozone-manager-1.4.0-SNAPSHOT.jar:?]
	at org.apache.hadoop.hdds.server.OzoneProtocolMessageDispatcher.processRequest(OzoneProtocolMessageDispatcher.java:87) [hdds-server-framework-1.4.0-SNAPSHOT.jar:?]
	at org.apache.hadoop.ozone.protocolPB.OzoneManagerProtocolServerSideTranslatorPB.submitRequest(OzoneManagerProtocolServerSideTranslatorPB.java:148) [ozone-manager-1.4.0-SNAPSHOT.jar:?]
	at org.apache.hadoop.ozone.protocol.proto.OzoneManagerProtocolProtos$OzoneManagerService$2.callBlockingMethod(OzoneManagerProtocolProtos.java) [ozone-interface-client-1.4.0-SNAPSHOT.jar:?]
	at org.apache.hadoop.ipc.ProtobufRpcEngine$Server.processCall(ProtobufRpcEngine.java:484) [hadoop-common-3.3.6.jar:?]
	at org.apache.hadoop.ipc.ProtobufRpcEngine2$Server$ProtoBufRpcInvoker.call(ProtobufRpcEngine2.java:595) [hadoop-common-3.3.6.jar:?]
	at org.apache.hadoop.ipc.ProtobufRpcEngine2$Server$ProtoBufRpcInvoker.call(ProtobufRpcEngine2.java:573) [hadoop-common-3.3.6.jar:?]
	at org.apache.hadoop.ipc.RPC$Server.call(RPC.java:1227) [hadoop-common-3.3.6.jar:?]
	at org.apache.hadoop.ipc.Server$RpcCall.run(Server.java:1094) [hadoop-common-3.3.6.jar:?]
	at org.apache.hadoop.ipc.Server$RpcCall.run(Server.java:1017) [hadoop-common-3.3.6.jar:?]
	at java.security.AccessController.doPrivileged(Native Method) ~[?:1.8.0_382]
	at javax.security.auth.Subject.doAs(Subject.java:422) [?:1.8.0_382]
	at org.apache.hadoop.security.UserGroupInformation.doAs(UserGroupInformation.java:1899) [hadoop-common-3.3.6.jar:?]
	at org.apache.hadoop.ipc.Server$Handler.run(Server.java:3048) [hadoop-common-3.3.6.jar:?]
]]></system-out>
  </testcase>
  <testcase name="testRenameContainDelimiterFile" classname="TestOzoneFileSystem" time="0.02">
    <system-out><![CDATA[09:32:47.775 [IPC Server handler 10 on default port 15057] ERROR OMAudit - user=runner | ip=127.0.0.1 | op=GET_FILE_STATUS {volume=volume78214, bucket=bucket62222, key=dir1/dir2/key2, dataSize=0, replicationConfig=null} | ret=FAILURE
org.apache.hadoop.ozone.om.exceptions.OMException: Unable to get file status: volume: volume78214 bucket: bucket62222 key: dir1/dir2/key2
	at org.apache.hadoop.ozone.om.KeyManagerImpl.getOzoneFileStatus(KeyManagerImpl.java:1195) ~[ozone-manager-1.4.0-SNAPSHOT.jar:?]
	at org.apache.hadoop.ozone.om.KeyManagerImpl.getFileStatus(KeyManagerImpl.java:1113) ~[ozone-manager-1.4.0-SNAPSHOT.jar:?]
	at org.apache.hadoop.ozone.om.OmMetadataReader.getFileStatus(OmMetadataReader.java:262) ~[ozone-manager-1.4.0-SNAPSHOT.jar:?]
	at org.apache.hadoop.ozone.om.OzoneManager.getFileStatus(OzoneManager.java:3513) ~[ozone-manager-1.4.0-SNAPSHOT.jar:?]
	at org.apache.hadoop.ozone.protocolPB.OzoneManagerRequestHandler.getOzoneFileStatus(OzoneManagerRequestHandler.java:973) ~[ozone-manager-1.4.0-SNAPSHOT.jar:?]
	at org.apache.hadoop.ozone.protocolPB.OzoneManagerRequestHandler.handleReadRequest(OzoneManagerRequestHandler.java:252) ~[ozone-manager-1.4.0-SNAPSHOT.jar:?]
	at org.apache.hadoop.ozone.protocolPB.OzoneManagerProtocolServerSideTranslatorPB.submitRequestDirectlyToOM(OzoneManagerProtocolServerSideTranslatorPB.java:274) ~[ozone-manager-1.4.0-SNAPSHOT.jar:?]
	at org.apache.hadoop.ozone.protocolPB.OzoneManagerProtocolServerSideTranslatorPB.processRequest(OzoneManagerProtocolServerSideTranslatorPB.java:175) ~[ozone-manager-1.4.0-SNAPSHOT.jar:?]
	at org.apache.hadoop.hdds.server.OzoneProtocolMessageDispatcher.processRequest(OzoneProtocolMessageDispatcher.java:87) [hdds-server-framework-1.4.0-SNAPSHOT.jar:?]
	at org.apache.hadoop.ozone.protocolPB.OzoneManagerProtocolServerSideTranslatorPB.submitRequest(OzoneManagerProtocolServerSideTranslatorPB.java:148) [ozone-manager-1.4.0-SNAPSHOT.jar:?]
	at org.apache.hadoop.ozone.protocol.proto.OzoneManagerProtocolProtos$OzoneManagerService$2.callBlockingMethod(OzoneManagerProtocolProtos.java) [ozone-interface-client-1.4.0-SNAPSHOT.jar:?]
	at org.apache.hadoop.ipc.ProtobufRpcEngine$Server.processCall(ProtobufRpcEngine.java:484) [hadoop-common-3.3.6.jar:?]
	at org.apache.hadoop.ipc.ProtobufRpcEngine2$Server$ProtoBufRpcInvoker.call(ProtobufRpcEngine2.java:595) [hadoop-common-3.3.6.jar:?]
	at org.apache.hadoop.ipc.ProtobufRpcEngine2$Server$ProtoBufRpcInvoker.call(ProtobufRpcEngine2.java:573) [hadoop-common-3.3.6.jar:?]
	at org.apache.hadoop.ipc.RPC$Server.call(RPC.java:1227) [hadoop-common-3.3.6.jar:?]
	at org.apache.hadoop.ipc.Server$RpcCall.run(Server.java:1094) [hadoop-common-3.3.6.jar:?]
	at org.apache.hadoop.ipc.Server$RpcCall.run(Server.java:1017) [hadoop-common-3.3.6.jar:?]
	at java.security.AccessController.doPrivileged(Native Method) ~[?:1.8.0_382]
	at javax.security.auth.Subject.doAs(Subject.java:422) [?:1.8.0_382]
	at org.apache.hadoop.security.UserGroupInformation.doAs(UserGroupInformation.java:1899) [hadoop-common-3.3.6.jar:?]
	at org.apache.hadoop.ipc.Server$Handler.run(Server.java:3048) [hadoop-common-3.3.6.jar:?]
09:32:47.780 [IPC Server handler 2 on default port 15057] ERROR OMAudit - user=runner | ip=127.0.0.1 | op=GET_FILE_STATUS {volume=volume78214, bucket=bucket62222, key=dir1/dir2/key1, dataSize=0, replicationConfig=null} | ret=FAILURE
org.apache.hadoop.ozone.om.exceptions.OMException: Unable to get file status: volume: volume78214 bucket: bucket62222 key: dir1/dir2/key1
	at org.apache.hadoop.ozone.om.KeyManagerImpl.getOzoneFileStatus(KeyManagerImpl.java:1195) ~[ozone-manager-1.4.0-SNAPSHOT.jar:?]
	at org.apache.hadoop.ozone.om.KeyManagerImpl.getFileStatus(KeyManagerImpl.java:1113) ~[ozone-manager-1.4.0-SNAPSHOT.jar:?]
	at org.apache.hadoop.ozone.om.OmMetadataReader.getFileStatus(OmMetadataReader.java:262) ~[ozone-manager-1.4.0-SNAPSHOT.jar:?]
	at org.apache.hadoop.ozone.om.OzoneManager.getFileStatus(OzoneManager.java:3513) ~[ozone-manager-1.4.0-SNAPSHOT.jar:?]
	at org.apache.hadoop.ozone.protocolPB.OzoneManagerRequestHandler.getOzoneFileStatus(OzoneManagerRequestHandler.java:973) ~[ozone-manager-1.4.0-SNAPSHOT.jar:?]
	at org.apache.hadoop.ozone.protocolPB.OzoneManagerRequestHandler.handleReadRequest(OzoneManagerRequestHandler.java:252) ~[ozone-manager-1.4.0-SNAPSHOT.jar:?]
	at org.apache.hadoop.ozone.protocolPB.OzoneManagerProtocolServerSideTranslatorPB.submitRequestDirectlyToOM(OzoneManagerProtocolServerSideTranslatorPB.java:274) ~[ozone-manager-1.4.0-SNAPSHOT.jar:?]
	at org.apache.hadoop.ozone.protocolPB.OzoneManagerProtocolServerSideTranslatorPB.processRequest(OzoneManagerProtocolServerSideTranslatorPB.java:175) ~[ozone-manager-1.4.0-SNAPSHOT.jar:?]
	at org.apache.hadoop.hdds.server.OzoneProtocolMessageDispatcher.processRequest(OzoneProtocolMessageDispatcher.java:87) [hdds-server-framework-1.4.0-SNAPSHOT.jar:?]
	at org.apache.hadoop.ozone.protocolPB.OzoneManagerProtocolServerSideTranslatorPB.submitRequest(OzoneManagerProtocolServerSideTranslatorPB.java:148) [ozone-manager-1.4.0-SNAPSHOT.jar:?]
	at org.apache.hadoop.ozone.protocol.proto.OzoneManagerProtocolProtos$OzoneManagerService$2.callBlockingMethod(OzoneManagerProtocolProtos.java) [ozone-interface-client-1.4.0-SNAPSHOT.jar:?]
	at org.apache.hadoop.ipc.ProtobufRpcEngine$Server.processCall(ProtobufRpcEngine.java:484) [hadoop-common-3.3.6.jar:?]
	at org.apache.hadoop.ipc.ProtobufRpcEngine2$Server$ProtoBufRpcInvoker.call(ProtobufRpcEngine2.java:595) [hadoop-common-3.3.6.jar:?]
	at org.apache.hadoop.ipc.ProtobufRpcEngine2$Server$ProtoBufRpcInvoker.call(ProtobufRpcEngine2.java:573) [hadoop-common-3.3.6.jar:?]
	at org.apache.hadoop.ipc.RPC$Server.call(RPC.java:1227) [hadoop-common-3.3.6.jar:?]
	at org.apache.hadoop.ipc.Server$RpcCall.run(Server.java:1094) [hadoop-common-3.3.6.jar:?]
	at org.apache.hadoop.ipc.Server$RpcCall.run(Server.java:1017) [hadoop-common-3.3.6.jar:?]
	at java.security.AccessController.doPrivileged(Native Method) ~[?:1.8.0_382]
	at javax.security.auth.Subject.doAs(Subject.java:422) [?:1.8.0_382]
	at org.apache.hadoop.security.UserGroupInformation.doAs(UserGroupInformation.java:1899) [hadoop-common-3.3.6.jar:?]
	at org.apache.hadoop.ipc.Server$Handler.run(Server.java:3048) [hadoop-common-3.3.6.jar:?]
09:32:47.781 [IPC Server handler 5 on default port 15057] ERROR OMAudit - user=runner | ip=127.0.0.1 | op=GET_FILE_STATUS {volume=volume78214, bucket=bucket62222, key=user/runner/dir1, dataSize=0, replicationConfig=null} | ret=FAILURE
org.apache.hadoop.ozone.om.exceptions.OMException: Unable to get file status: volume: volume78214 bucket: bucket62222 key: user/runner/dir1
	at org.apache.hadoop.ozone.om.KeyManagerImpl.getOzoneFileStatus(KeyManagerImpl.java:1195) ~[ozone-manager-1.4.0-SNAPSHOT.jar:?]
	at org.apache.hadoop.ozone.om.KeyManagerImpl.getFileStatus(KeyManagerImpl.java:1113) ~[ozone-manager-1.4.0-SNAPSHOT.jar:?]
	at org.apache.hadoop.ozone.om.OmMetadataReader.getFileStatus(OmMetadataReader.java:262) ~[ozone-manager-1.4.0-SNAPSHOT.jar:?]
	at org.apache.hadoop.ozone.om.OzoneManager.getFileStatus(OzoneManager.java:3513) ~[ozone-manager-1.4.0-SNAPSHOT.jar:?]
	at org.apache.hadoop.ozone.protocolPB.OzoneManagerRequestHandler.getOzoneFileStatus(OzoneManagerRequestHandler.java:973) ~[ozone-manager-1.4.0-SNAPSHOT.jar:?]
	at org.apache.hadoop.ozone.protocolPB.OzoneManagerRequestHandler.handleReadRequest(OzoneManagerRequestHandler.java:252) ~[ozone-manager-1.4.0-SNAPSHOT.jar:?]
	at org.apache.hadoop.ozone.protocolPB.OzoneManagerProtocolServerSideTranslatorPB.submitRequestDirectlyToOM(OzoneManagerProtocolServerSideTranslatorPB.java:274) ~[ozone-manager-1.4.0-SNAPSHOT.jar:?]
	at org.apache.hadoop.ozone.protocolPB.OzoneManagerProtocolServerSideTranslatorPB.processRequest(OzoneManagerProtocolServerSideTranslatorPB.java:175) ~[ozone-manager-1.4.0-SNAPSHOT.jar:?]
	at org.apache.hadoop.hdds.server.OzoneProtocolMessageDispatcher.processRequest(OzoneProtocolMessageDispatcher.java:87) [hdds-server-framework-1.4.0-SNAPSHOT.jar:?]
	at org.apache.hadoop.ozone.protocolPB.OzoneManagerProtocolServerSideTranslatorPB.submitRequest(OzoneManagerProtocolServerSideTranslatorPB.java:148) [ozone-manager-1.4.0-SNAPSHOT.jar:?]
	at org.apache.hadoop.ozone.protocol.proto.OzoneManagerProtocolProtos$OzoneManagerService$2.callBlockingMethod(OzoneManagerProtocolProtos.java) [ozone-interface-client-1.4.0-SNAPSHOT.jar:?]
	at org.apache.hadoop.ipc.ProtobufRpcEngine$Server.processCall(ProtobufRpcEngine.java:484) [hadoop-common-3.3.6.jar:?]
	at org.apache.hadoop.ipc.ProtobufRpcEngine2$Server$ProtoBufRpcInvoker.call(ProtobufRpcEngine2.java:595) [hadoop-common-3.3.6.jar:?]
	at org.apache.hadoop.ipc.ProtobufRpcEngine2$Server$ProtoBufRpcInvoker.call(ProtobufRpcEngine2.java:573) [hadoop-common-3.3.6.jar:?]
	at org.apache.hadoop.ipc.RPC$Server.call(RPC.java:1227) [hadoop-common-3.3.6.jar:?]
	at org.apache.hadoop.ipc.Server$RpcCall.run(Server.java:1094) [hadoop-common-3.3.6.jar:?]
	at org.apache.hadoop.ipc.Server$RpcCall.run(Server.java:1017) [hadoop-common-3.3.6.jar:?]
	at java.security.AccessController.doPrivileged(Native Method) ~[?:1.8.0_382]
	at javax.security.auth.Subject.doAs(Subject.java:422) [?:1.8.0_382]
	at org.apache.hadoop.security.UserGroupInformation.doAs(UserGroupInformation.java:1899) [hadoop-common-3.3.6.jar:?]
	at org.apache.hadoop.ipc.Server$Handler.run(Server.java:3048) [hadoop-common-3.3.6.jar:?]
09:32:47.782 [IPC Server handler 18 on default port 15057] ERROR OMAudit - user=runner | ip=127.0.0.1 | op=GET_FILE_STATUS {volume=volume78214, bucket=bucket62222, key=user/runner/dir1/dir2, dataSize=0, replicationConfig=null} | ret=FAILURE
org.apache.hadoop.ozone.om.exceptions.OMException: Unable to get file status: volume: volume78214 bucket: bucket62222 key: user/runner/dir1/dir2
	at org.apache.hadoop.ozone.om.KeyManagerImpl.getOzoneFileStatus(KeyManagerImpl.java:1195) ~[ozone-manager-1.4.0-SNAPSHOT.jar:?]
	at org.apache.hadoop.ozone.om.KeyManagerImpl.getFileStatus(KeyManagerImpl.java:1113) ~[ozone-manager-1.4.0-SNAPSHOT.jar:?]
	at org.apache.hadoop.ozone.om.OmMetadataReader.getFileStatus(OmMetadataReader.java:262) ~[ozone-manager-1.4.0-SNAPSHOT.jar:?]
	at org.apache.hadoop.ozone.om.OzoneManager.getFileStatus(OzoneManager.java:3513) ~[ozone-manager-1.4.0-SNAPSHOT.jar:?]
	at org.apache.hadoop.ozone.protocolPB.OzoneManagerRequestHandler.getOzoneFileStatus(OzoneManagerRequestHandler.java:973) ~[ozone-manager-1.4.0-SNAPSHOT.jar:?]
	at org.apache.hadoop.ozone.protocolPB.OzoneManagerRequestHandler.handleReadRequest(OzoneManagerRequestHandler.java:252) ~[ozone-manager-1.4.0-SNAPSHOT.jar:?]
	at org.apache.hadoop.ozone.protocolPB.OzoneManagerProtocolServerSideTranslatorPB.submitRequestDirectlyToOM(OzoneManagerProtocolServerSideTranslatorPB.java:274) ~[ozone-manager-1.4.0-SNAPSHOT.jar:?]
	at org.apache.hadoop.ozone.protocolPB.OzoneManagerProtocolServerSideTranslatorPB.processRequest(OzoneManagerProtocolServerSideTranslatorPB.java:175) ~[ozone-manager-1.4.0-SNAPSHOT.jar:?]
	at org.apache.hadoop.hdds.server.OzoneProtocolMessageDispatcher.processRequest(OzoneProtocolMessageDispatcher.java:87) [hdds-server-framework-1.4.0-SNAPSHOT.jar:?]
	at org.apache.hadoop.ozone.protocolPB.OzoneManagerProtocolServerSideTranslatorPB.submitRequest(OzoneManagerProtocolServerSideTranslatorPB.java:148) [ozone-manager-1.4.0-SNAPSHOT.jar:?]
	at org.apache.hadoop.ozone.protocol.proto.OzoneManagerProtocolProtos$OzoneManagerService$2.callBlockingMethod(OzoneManagerProtocolProtos.java) [ozone-interface-client-1.4.0-SNAPSHOT.jar:?]
	at org.apache.hadoop.ipc.ProtobufRpcEngine$Server.processCall(ProtobufRpcEngine.java:484) [hadoop-common-3.3.6.jar:?]
	at org.apache.hadoop.ipc.ProtobufRpcEngine2$Server$ProtoBufRpcInvoker.call(ProtobufRpcEngine2.java:595) [hadoop-common-3.3.6.jar:?]
	at org.apache.hadoop.ipc.ProtobufRpcEngine2$Server$ProtoBufRpcInvoker.call(ProtobufRpcEngine2.java:573) [hadoop-common-3.3.6.jar:?]
	at org.apache.hadoop.ipc.RPC$Server.call(RPC.java:1227) [hadoop-common-3.3.6.jar:?]
	at org.apache.hadoop.ipc.Server$RpcCall.run(Server.java:1094) [hadoop-common-3.3.6.jar:?]
	at org.apache.hadoop.ipc.Server$RpcCall.run(Server.java:1017) [hadoop-common-3.3.6.jar:?]
	at java.security.AccessController.doPrivileged(Native Method) ~[?:1.8.0_382]
	at javax.security.auth.Subject.doAs(Subject.java:422) [?:1.8.0_382]
	at org.apache.hadoop.security.UserGroupInformation.doAs(UserGroupInformation.java:1899) [hadoop-common-3.3.6.jar:?]
	at org.apache.hadoop.ipc.Server$Handler.run(Server.java:3048) [hadoop-common-3.3.6.jar:?]
]]></system-out>
  </testcase>
  <testcase name="testRenameContainDelimiterFile" classname="TestOzoneFileSystem" time="0.024">
    <system-out><![CDATA[09:33:55.127 [IPC Server handler 2 on default port 15110] ERROR OMAudit - user=runner | ip=127.0.0.1 | op=GET_FILE_STATUS {volume=volume01359, bucket=bucket03907, key=dir1/dir2/key2, dataSize=0, replicationConfig=null} | ret=FAILURE
org.apache.hadoop.ozone.om.exceptions.OMException: Unable to get file status: volume: volume01359 bucket: bucket03907 key: dir1/dir2/key2
	at org.apache.hadoop.ozone.om.KeyManagerImpl.getOzoneFileStatus(KeyManagerImpl.java:1195) ~[ozone-manager-1.4.0-SNAPSHOT.jar:?]
	at org.apache.hadoop.ozone.om.KeyManagerImpl.getFileStatus(KeyManagerImpl.java:1113) ~[ozone-manager-1.4.0-SNAPSHOT.jar:?]
	at org.apache.hadoop.ozone.om.OmMetadataReader.getFileStatus(OmMetadataReader.java:262) ~[ozone-manager-1.4.0-SNAPSHOT.jar:?]
	at org.apache.hadoop.ozone.om.OzoneManager.getFileStatus(OzoneManager.java:3513) ~[ozone-manager-1.4.0-SNAPSHOT.jar:?]
	at org.apache.hadoop.ozone.protocolPB.OzoneManagerRequestHandler.getOzoneFileStatus(OzoneManagerRequestHandler.java:973) ~[ozone-manager-1.4.0-SNAPSHOT.jar:?]
	at org.apache.hadoop.ozone.protocolPB.OzoneManagerRequestHandler.handleReadRequest(OzoneManagerRequestHandler.java:252) ~[ozone-manager-1.4.0-SNAPSHOT.jar:?]
	at org.apache.hadoop.ozone.protocolPB.OzoneManagerProtocolServerSideTranslatorPB.submitReadRequestToOM(OzoneManagerProtocolServerSideTranslatorPB.java:225) ~[ozone-manager-1.4.0-SNAPSHOT.jar:?]
	at org.apache.hadoop.ozone.protocolPB.OzoneManagerProtocolServerSideTranslatorPB.processRequest(OzoneManagerProtocolServerSideTranslatorPB.java:179) ~[ozone-manager-1.4.0-SNAPSHOT.jar:?]
	at org.apache.hadoop.hdds.server.OzoneProtocolMessageDispatcher.processRequest(OzoneProtocolMessageDispatcher.java:87) [hdds-server-framework-1.4.0-SNAPSHOT.jar:?]
	at org.apache.hadoop.ozone.protocolPB.OzoneManagerProtocolServerSideTranslatorPB.submitRequest(OzoneManagerProtocolServerSideTranslatorPB.java:148) [ozone-manager-1.4.0-SNAPSHOT.jar:?]
	at org.apache.hadoop.ozone.protocol.proto.OzoneManagerProtocolProtos$OzoneManagerService$2.callBlockingMethod(OzoneManagerProtocolProtos.java) [ozone-interface-client-1.4.0-SNAPSHOT.jar:?]
	at org.apache.hadoop.ipc.ProtobufRpcEngine$Server.processCall(ProtobufRpcEngine.java:484) [hadoop-common-3.3.6.jar:?]
	at org.apache.hadoop.ipc.ProtobufRpcEngine2$Server$ProtoBufRpcInvoker.call(ProtobufRpcEngine2.java:595) [hadoop-common-3.3.6.jar:?]
	at org.apache.hadoop.ipc.ProtobufRpcEngine2$Server$ProtoBufRpcInvoker.call(ProtobufRpcEngine2.java:573) [hadoop-common-3.3.6.jar:?]
	at org.apache.hadoop.ipc.RPC$Server.call(RPC.java:1227) [hadoop-common-3.3.6.jar:?]
	at org.apache.hadoop.ipc.Server$RpcCall.run(Server.java:1094) [hadoop-common-3.3.6.jar:?]
	at org.apache.hadoop.ipc.Server$RpcCall.run(Server.java:1017) [hadoop-common-3.3.6.jar:?]
	at java.security.AccessController.doPrivileged(Native Method) ~[?:1.8.0_382]
	at javax.security.auth.Subject.doAs(Subject.java:422) [?:1.8.0_382]
	at org.apache.hadoop.security.UserGroupInformation.doAs(UserGroupInformation.java:1899) [hadoop-common-3.3.6.jar:?]
	at org.apache.hadoop.ipc.Server$Handler.run(Server.java:3048) [hadoop-common-3.3.6.jar:?]
09:33:55.132 [IPC Server handler 8 on default port 15110] ERROR OMAudit - user=runner | ip=127.0.0.1 | op=GET_FILE_STATUS {volume=volume01359, bucket=bucket03907, key=dir1/dir2/key1, dataSize=0, replicationConfig=null} | ret=FAILURE
org.apache.hadoop.ozone.om.exceptions.OMException: Unable to get file status: volume: volume01359 bucket: bucket03907 key: dir1/dir2/key1
	at org.apache.hadoop.ozone.om.KeyManagerImpl.getOzoneFileStatus(KeyManagerImpl.java:1195) ~[ozone-manager-1.4.0-SNAPSHOT.jar:?]
	at org.apache.hadoop.ozone.om.KeyManagerImpl.getFileStatus(KeyManagerImpl.java:1113) ~[ozone-manager-1.4.0-SNAPSHOT.jar:?]
	at org.apache.hadoop.ozone.om.OmMetadataReader.getFileStatus(OmMetadataReader.java:262) ~[ozone-manager-1.4.0-SNAPSHOT.jar:?]
	at org.apache.hadoop.ozone.om.OzoneManager.getFileStatus(OzoneManager.java:3513) ~[ozone-manager-1.4.0-SNAPSHOT.jar:?]
	at org.apache.hadoop.ozone.protocolPB.OzoneManagerRequestHandler.getOzoneFileStatus(OzoneManagerRequestHandler.java:973) ~[ozone-manager-1.4.0-SNAPSHOT.jar:?]
	at org.apache.hadoop.ozone.protocolPB.OzoneManagerRequestHandler.handleReadRequest(OzoneManagerRequestHandler.java:252) ~[ozone-manager-1.4.0-SNAPSHOT.jar:?]
	at org.apache.hadoop.ozone.protocolPB.OzoneManagerProtocolServerSideTranslatorPB.submitReadRequestToOM(OzoneManagerProtocolServerSideTranslatorPB.java:225) ~[ozone-manager-1.4.0-SNAPSHOT.jar:?]
	at org.apache.hadoop.ozone.protocolPB.OzoneManagerProtocolServerSideTranslatorPB.processRequest(OzoneManagerProtocolServerSideTranslatorPB.java:179) ~[ozone-manager-1.4.0-SNAPSHOT.jar:?]
	at org.apache.hadoop.hdds.server.OzoneProtocolMessageDispatcher.processRequest(OzoneProtocolMessageDispatcher.java:87) [hdds-server-framework-1.4.0-SNAPSHOT.jar:?]
	at org.apache.hadoop.ozone.protocolPB.OzoneManagerProtocolServerSideTranslatorPB.submitRequest(OzoneManagerProtocolServerSideTranslatorPB.java:148) [ozone-manager-1.4.0-SNAPSHOT.jar:?]
	at org.apache.hadoop.ozone.protocol.proto.OzoneManagerProtocolProtos$OzoneManagerService$2.callBlockingMethod(OzoneManagerProtocolProtos.java) [ozone-interface-client-1.4.0-SNAPSHOT.jar:?]
	at org.apache.hadoop.ipc.ProtobufRpcEngine$Server.processCall(ProtobufRpcEngine.java:484) [hadoop-common-3.3.6.jar:?]
	at org.apache.hadoop.ipc.ProtobufRpcEngine2$Server$ProtoBufRpcInvoker.call(ProtobufRpcEngine2.java:595) [hadoop-common-3.3.6.jar:?]
	at org.apache.hadoop.ipc.ProtobufRpcEngine2$Server$ProtoBufRpcInvoker.call(ProtobufRpcEngine2.java:573) [hadoop-common-3.3.6.jar:?]
	at org.apache.hadoop.ipc.RPC$Server.call(RPC.java:1227) [hadoop-common-3.3.6.jar:?]
	at org.apache.hadoop.ipc.Server$RpcCall.run(Server.java:1094) [hadoop-common-3.3.6.jar:?]
	at org.apache.hadoop.ipc.Server$RpcCall.run(Server.java:1017) [hadoop-common-3.3.6.jar:?]
	at java.security.AccessController.doPrivileged(Native Method) ~[?:1.8.0_382]
	at javax.security.auth.Subject.doAs(Subject.java:422) [?:1.8.0_382]
	at org.apache.hadoop.security.UserGroupInformation.doAs(UserGroupInformation.java:1899) [hadoop-common-3.3.6.jar:?]
	at org.apache.hadoop.ipc.Server$Handler.run(Server.java:3048) [hadoop-common-3.3.6.jar:?]
09:33:55.134 [IPC Server handler 11 on default port 15110] ERROR OMAudit - user=runner | ip=127.0.0.1 | op=GET_FILE_STATUS {volume=volume01359, bucket=bucket03907, key=user/runner/dir1, dataSize=0, replicationConfig=null} | ret=FAILURE
org.apache.hadoop.ozone.om.exceptions.OMException: Unable to get file status: volume: volume01359 bucket: bucket03907 key: user/runner/dir1
	at org.apache.hadoop.ozone.om.KeyManagerImpl.getOzoneFileStatus(KeyManagerImpl.java:1195) ~[ozone-manager-1.4.0-SNAPSHOT.jar:?]
	at org.apache.hadoop.ozone.om.KeyManagerImpl.getFileStatus(KeyManagerImpl.java:1113) ~[ozone-manager-1.4.0-SNAPSHOT.jar:?]
	at org.apache.hadoop.ozone.om.OmMetadataReader.getFileStatus(OmMetadataReader.java:262) ~[ozone-manager-1.4.0-SNAPSHOT.jar:?]
	at org.apache.hadoop.ozone.om.OzoneManager.getFileStatus(OzoneManager.java:3513) ~[ozone-manager-1.4.0-SNAPSHOT.jar:?]
	at org.apache.hadoop.ozone.protocolPB.OzoneManagerRequestHandler.getOzoneFileStatus(OzoneManagerRequestHandler.java:973) ~[ozone-manager-1.4.0-SNAPSHOT.jar:?]
	at org.apache.hadoop.ozone.protocolPB.OzoneManagerRequestHandler.handleReadRequest(OzoneManagerRequestHandler.java:252) ~[ozone-manager-1.4.0-SNAPSHOT.jar:?]
	at org.apache.hadoop.ozone.protocolPB.OzoneManagerProtocolServerSideTranslatorPB.submitReadRequestToOM(OzoneManagerProtocolServerSideTranslatorPB.java:225) ~[ozone-manager-1.4.0-SNAPSHOT.jar:?]
	at org.apache.hadoop.ozone.protocolPB.OzoneManagerProtocolServerSideTranslatorPB.processRequest(OzoneManagerProtocolServerSideTranslatorPB.java:179) ~[ozone-manager-1.4.0-SNAPSHOT.jar:?]
	at org.apache.hadoop.hdds.server.OzoneProtocolMessageDispatcher.processRequest(OzoneProtocolMessageDispatcher.java:87) [hdds-server-framework-1.4.0-SNAPSHOT.jar:?]
	at org.apache.hadoop.ozone.protocolPB.OzoneManagerProtocolServerSideTranslatorPB.submitRequest(OzoneManagerProtocolServerSideTranslatorPB.java:148) [ozone-manager-1.4.0-SNAPSHOT.jar:?]
	at org.apache.hadoop.ozone.protocol.proto.OzoneManagerProtocolProtos$OzoneManagerService$2.callBlockingMethod(OzoneManagerProtocolProtos.java) [ozone-interface-client-1.4.0-SNAPSHOT.jar:?]
	at org.apache.hadoop.ipc.ProtobufRpcEngine$Server.processCall(ProtobufRpcEngine.java:484) [hadoop-common-3.3.6.jar:?]
	at org.apache.hadoop.ipc.ProtobufRpcEngine2$Server$ProtoBufRpcInvoker.call(ProtobufRpcEngine2.java:595) [hadoop-common-3.3.6.jar:?]
	at org.apache.hadoop.ipc.ProtobufRpcEngine2$Server$ProtoBufRpcInvoker.call(ProtobufRpcEngine2.java:573) [hadoop-common-3.3.6.jar:?]
	at org.apache.hadoop.ipc.RPC$Server.call(RPC.java:1227) [hadoop-common-3.3.6.jar:?]
	at org.apache.hadoop.ipc.Server$RpcCall.run(Server.java:1094) [hadoop-common-3.3.6.jar:?]
	at org.apache.hadoop.ipc.Server$RpcCall.run(Server.java:1017) [hadoop-common-3.3.6.jar:?]
	at java.security.AccessController.doPrivileged(Native Method) ~[?:1.8.0_382]
	at javax.security.auth.Subject.doAs(Subject.java:422) [?:1.8.0_382]
	at org.apache.hadoop.security.UserGroupInformation.doAs(UserGroupInformation.java:1899) [hadoop-common-3.3.6.jar:?]
	at org.apache.hadoop.ipc.Server$Handler.run(Server.java:3048) [hadoop-common-3.3.6.jar:?]
09:33:55.135 [IPC Server handler 10 on default port 15110] ERROR OMAudit - user=runner | ip=127.0.0.1 | op=GET_FILE_STATUS {volume=volume01359, bucket=bucket03907, key=user/runner/dir1/dir2, dataSize=0, replicationConfig=null} | ret=FAILURE
org.apache.hadoop.ozone.om.exceptions.OMException: Unable to get file status: volume: volume01359 bucket: bucket03907 key: user/runner/dir1/dir2
	at org.apache.hadoop.ozone.om.KeyManagerImpl.getOzoneFileStatus(KeyManagerImpl.java:1195) ~[ozone-manager-1.4.0-SNAPSHOT.jar:?]
	at org.apache.hadoop.ozone.om.KeyManagerImpl.getFileStatus(KeyManagerImpl.java:1113) ~[ozone-manager-1.4.0-SNAPSHOT.jar:?]
	at org.apache.hadoop.ozone.om.OmMetadataReader.getFileStatus(OmMetadataReader.java:262) ~[ozone-manager-1.4.0-SNAPSHOT.jar:?]
	at org.apache.hadoop.ozone.om.OzoneManager.getFileStatus(OzoneManager.java:3513) ~[ozone-manager-1.4.0-SNAPSHOT.jar:?]
	at org.apache.hadoop.ozone.protocolPB.OzoneManagerRequestHandler.getOzoneFileStatus(OzoneManagerRequestHandler.java:973) ~[ozone-manager-1.4.0-SNAPSHOT.jar:?]
	at org.apache.hadoop.ozone.protocolPB.OzoneManagerRequestHandler.handleReadRequest(OzoneManagerRequestHandler.java:252) ~[ozone-manager-1.4.0-SNAPSHOT.jar:?]
	at org.apache.hadoop.ozone.protocolPB.OzoneManagerProtocolServerSideTranslatorPB.submitReadRequestToOM(OzoneManagerProtocolServerSideTranslatorPB.java:225) ~[ozone-manager-1.4.0-SNAPSHOT.jar:?]
	at org.apache.hadoop.ozone.protocolPB.OzoneManagerProtocolServerSideTranslatorPB.processRequest(OzoneManagerProtocolServerSideTranslatorPB.java:179) ~[ozone-manager-1.4.0-SNAPSHOT.jar:?]
	at org.apache.hadoop.hdds.server.OzoneProtocolMessageDispatcher.processRequest(OzoneProtocolMessageDispatcher.java:87) [hdds-server-framework-1.4.0-SNAPSHOT.jar:?]
	at org.apache.hadoop.ozone.protocolPB.OzoneManagerProtocolServerSideTranslatorPB.submitRequest(OzoneManagerProtocolServerSideTranslatorPB.java:148) [ozone-manager-1.4.0-SNAPSHOT.jar:?]
	at org.apache.hadoop.ozone.protocol.proto.OzoneManagerProtocolProtos$OzoneManagerService$2.callBlockingMethod(OzoneManagerProtocolProtos.java) [ozone-interface-client-1.4.0-SNAPSHOT.jar:?]
	at org.apache.hadoop.ipc.ProtobufRpcEngine$Server.processCall(ProtobufRpcEngine.java:484) [hadoop-common-3.3.6.jar:?]
	at org.apache.hadoop.ipc.ProtobufRpcEngine2$Server$ProtoBufRpcInvoker.call(ProtobufRpcEngine2.java:595) [hadoop-common-3.3.6.jar:?]
	at org.apache.hadoop.ipc.ProtobufRpcEngine2$Server$ProtoBufRpcInvoker.call(ProtobufRpcEngine2.java:573) [hadoop-common-3.3.6.jar:?]
	at org.apache.hadoop.ipc.RPC$Server.call(RPC.java:1227) [hadoop-common-3.3.6.jar:?]
	at org.apache.hadoop.ipc.Server$RpcCall.run(Server.java:1094) [hadoop-common-3.3.6.jar:?]
	at org.apache.hadoop.ipc.Server$RpcCall.run(Server.java:1017) [hadoop-common-3.3.6.jar:?]
	at java.security.AccessController.doPrivileged(Native Method) ~[?:1.8.0_382]
	at javax.security.auth.Subject.doAs(Subject.java:422) [?:1.8.0_382]
	at org.apache.hadoop.security.UserGroupInformation.doAs(UserGroupInformation.java:1899) [hadoop-common-3.3.6.jar:?]
	at org.apache.hadoop.ipc.Server$Handler.run(Server.java:3048) [hadoop-common-3.3.6.jar:?]
]]></system-out>
  </testcase>
  <testcase name="testRenameContainDelimiterFile" classname="TestOzoneFileSystem" time="0.028">
    <system-out><![CDATA[09:35:05.793 [IPC Server handler 2 on default port 15163] ERROR OMAudit - user=runner | ip=127.0.0.1 | op=GET_FILE_STATUS {volume=volume82570, bucket=bucket71984, key=dir1/dir2/key2, dataSize=0, replicationConfig=null} | ret=FAILURE
org.apache.hadoop.ozone.om.exceptions.OMException: Unable to get file status: volume: volume82570 bucket: bucket71984 key: dir1/dir2/key2
	at org.apache.hadoop.ozone.om.KeyManagerImpl.getOzoneFileStatus(KeyManagerImpl.java:1195) ~[ozone-manager-1.4.0-SNAPSHOT.jar:?]
	at org.apache.hadoop.ozone.om.KeyManagerImpl.getFileStatus(KeyManagerImpl.java:1113) ~[ozone-manager-1.4.0-SNAPSHOT.jar:?]
	at org.apache.hadoop.ozone.om.OmMetadataReader.getFileStatus(OmMetadataReader.java:262) ~[ozone-manager-1.4.0-SNAPSHOT.jar:?]
	at org.apache.hadoop.ozone.om.OzoneManager.getFileStatus(OzoneManager.java:3513) ~[ozone-manager-1.4.0-SNAPSHOT.jar:?]
	at org.apache.hadoop.ozone.protocolPB.OzoneManagerRequestHandler.getOzoneFileStatus(OzoneManagerRequestHandler.java:973) ~[ozone-manager-1.4.0-SNAPSHOT.jar:?]
	at org.apache.hadoop.ozone.protocolPB.OzoneManagerRequestHandler.handleReadRequest(OzoneManagerRequestHandler.java:252) ~[ozone-manager-1.4.0-SNAPSHOT.jar:?]
	at org.apache.hadoop.ozone.protocolPB.OzoneManagerProtocolServerSideTranslatorPB.submitRequestDirectlyToOM(OzoneManagerProtocolServerSideTranslatorPB.java:274) ~[ozone-manager-1.4.0-SNAPSHOT.jar:?]
	at org.apache.hadoop.ozone.protocolPB.OzoneManagerProtocolServerSideTranslatorPB.processRequest(OzoneManagerProtocolServerSideTranslatorPB.java:175) ~[ozone-manager-1.4.0-SNAPSHOT.jar:?]
	at org.apache.hadoop.hdds.server.OzoneProtocolMessageDispatcher.processRequest(OzoneProtocolMessageDispatcher.java:87) [hdds-server-framework-1.4.0-SNAPSHOT.jar:?]
	at org.apache.hadoop.ozone.protocolPB.OzoneManagerProtocolServerSideTranslatorPB.submitRequest(OzoneManagerProtocolServerSideTranslatorPB.java:148) [ozone-manager-1.4.0-SNAPSHOT.jar:?]
	at org.apache.hadoop.ozone.protocol.proto.OzoneManagerProtocolProtos$OzoneManagerService$2.callBlockingMethod(OzoneManagerProtocolProtos.java) [ozone-interface-client-1.4.0-SNAPSHOT.jar:?]
	at org.apache.hadoop.ipc.ProtobufRpcEngine$Server.processCall(ProtobufRpcEngine.java:484) [hadoop-common-3.3.6.jar:?]
	at org.apache.hadoop.ipc.ProtobufRpcEngine2$Server$ProtoBufRpcInvoker.call(ProtobufRpcEngine2.java:595) [hadoop-common-3.3.6.jar:?]
	at org.apache.hadoop.ipc.ProtobufRpcEngine2$Server$ProtoBufRpcInvoker.call(ProtobufRpcEngine2.java:573) [hadoop-common-3.3.6.jar:?]
	at org.apache.hadoop.ipc.RPC$Server.call(RPC.java:1227) [hadoop-common-3.3.6.jar:?]
	at org.apache.hadoop.ipc.Server$RpcCall.run(Server.java:1094) [hadoop-common-3.3.6.jar:?]
	at org.apache.hadoop.ipc.Server$RpcCall.run(Server.java:1017) [hadoop-common-3.3.6.jar:?]
	at java.security.AccessController.doPrivileged(Native Method) ~[?:1.8.0_382]
	at javax.security.auth.Subject.doAs(Subject.java:422) [?:1.8.0_382]
	at org.apache.hadoop.security.UserGroupInformation.doAs(UserGroupInformation.java:1899) [hadoop-common-3.3.6.jar:?]
	at org.apache.hadoop.ipc.Server$Handler.run(Server.java:3048) [hadoop-common-3.3.6.jar:?]
09:35:05.804 [IPC Server handler 8 on default port 15163] ERROR OMAudit - user=runner | ip=127.0.0.1 | op=GET_FILE_STATUS {volume=volume82570, bucket=bucket71984, key=dir1/dir2/key1, dataSize=0, replicationConfig=null} | ret=FAILURE
org.apache.hadoop.ozone.om.exceptions.OMException: Unable to get file status: volume: volume82570 bucket: bucket71984 key: dir1/dir2/key1
	at org.apache.hadoop.ozone.om.KeyManagerImpl.getOzoneFileStatus(KeyManagerImpl.java:1195) ~[ozone-manager-1.4.0-SNAPSHOT.jar:?]
	at org.apache.hadoop.ozone.om.KeyManagerImpl.getFileStatus(KeyManagerImpl.java:1113) ~[ozone-manager-1.4.0-SNAPSHOT.jar:?]
	at org.apache.hadoop.ozone.om.OmMetadataReader.getFileStatus(OmMetadataReader.java:262) ~[ozone-manager-1.4.0-SNAPSHOT.jar:?]
	at org.apache.hadoop.ozone.om.OzoneManager.getFileStatus(OzoneManager.java:3513) ~[ozone-manager-1.4.0-SNAPSHOT.jar:?]
	at org.apache.hadoop.ozone.protocolPB.OzoneManagerRequestHandler.getOzoneFileStatus(OzoneManagerRequestHandler.java:973) ~[ozone-manager-1.4.0-SNAPSHOT.jar:?]
	at org.apache.hadoop.ozone.protocolPB.OzoneManagerRequestHandler.handleReadRequest(OzoneManagerRequestHandler.java:252) ~[ozone-manager-1.4.0-SNAPSHOT.jar:?]
	at org.apache.hadoop.ozone.protocolPB.OzoneManagerProtocolServerSideTranslatorPB.submitRequestDirectlyToOM(OzoneManagerProtocolServerSideTranslatorPB.java:274) ~[ozone-manager-1.4.0-SNAPSHOT.jar:?]
	at org.apache.hadoop.ozone.protocolPB.OzoneManagerProtocolServerSideTranslatorPB.processRequest(OzoneManagerProtocolServerSideTranslatorPB.java:175) ~[ozone-manager-1.4.0-SNAPSHOT.jar:?]
	at org.apache.hadoop.hdds.server.OzoneProtocolMessageDispatcher.processRequest(OzoneProtocolMessageDispatcher.java:87) [hdds-server-framework-1.4.0-SNAPSHOT.jar:?]
	at org.apache.hadoop.ozone.protocolPB.OzoneManagerProtocolServerSideTranslatorPB.submitRequest(OzoneManagerProtocolServerSideTranslatorPB.java:148) [ozone-manager-1.4.0-SNAPSHOT.jar:?]
	at org.apache.hadoop.ozone.protocol.proto.OzoneManagerProtocolProtos$OzoneManagerService$2.callBlockingMethod(OzoneManagerProtocolProtos.java) [ozone-interface-client-1.4.0-SNAPSHOT.jar:?]
	at org.apache.hadoop.ipc.ProtobufRpcEngine$Server.processCall(ProtobufRpcEngine.java:484) [hadoop-common-3.3.6.jar:?]
	at org.apache.hadoop.ipc.ProtobufRpcEngine2$Server$ProtoBufRpcInvoker.call(ProtobufRpcEngine2.java:595) [hadoop-common-3.3.6.jar:?]
	at org.apache.hadoop.ipc.ProtobufRpcEngine2$Server$ProtoBufRpcInvoker.call(ProtobufRpcEngine2.java:573) [hadoop-common-3.3.6.jar:?]
	at org.apache.hadoop.ipc.RPC$Server.call(RPC.java:1227) [hadoop-common-3.3.6.jar:?]
	at org.apache.hadoop.ipc.Server$RpcCall.run(Server.java:1094) [hadoop-common-3.3.6.jar:?]
	at org.apache.hadoop.ipc.Server$RpcCall.run(Server.java:1017) [hadoop-common-3.3.6.jar:?]
	at java.security.AccessController.doPrivileged(Native Method) ~[?:1.8.0_382]
	at javax.security.auth.Subject.doAs(Subject.java:422) [?:1.8.0_382]
	at org.apache.hadoop.security.UserGroupInformation.doAs(UserGroupInformation.java:1899) [hadoop-common-3.3.6.jar:?]
	at org.apache.hadoop.ipc.Server$Handler.run(Server.java:3048) [hadoop-common-3.3.6.jar:?]
09:35:05.806 [IPC Server handler 12 on default port 15163] ERROR OMAudit - user=runner | ip=127.0.0.1 | op=GET_FILE_STATUS {volume=volume82570, bucket=bucket71984, key=user/runner/dir1, dataSize=0, replicationConfig=null} | ret=FAILURE
org.apache.hadoop.ozone.om.exceptions.OMException: Unable to get file status: volume: volume82570 bucket: bucket71984 key: user/runner/dir1
	at org.apache.hadoop.ozone.om.KeyManagerImpl.getOzoneFileStatus(KeyManagerImpl.java:1195) ~[ozone-manager-1.4.0-SNAPSHOT.jar:?]
	at org.apache.hadoop.ozone.om.KeyManagerImpl.getFileStatus(KeyManagerImpl.java:1113) ~[ozone-manager-1.4.0-SNAPSHOT.jar:?]
	at org.apache.hadoop.ozone.om.OmMetadataReader.getFileStatus(OmMetadataReader.java:262) ~[ozone-manager-1.4.0-SNAPSHOT.jar:?]
	at org.apache.hadoop.ozone.om.OzoneManager.getFileStatus(OzoneManager.java:3513) ~[ozone-manager-1.4.0-SNAPSHOT.jar:?]
	at org.apache.hadoop.ozone.protocolPB.OzoneManagerRequestHandler.getOzoneFileStatus(OzoneManagerRequestHandler.java:973) ~[ozone-manager-1.4.0-SNAPSHOT.jar:?]
	at org.apache.hadoop.ozone.protocolPB.OzoneManagerRequestHandler.handleReadRequest(OzoneManagerRequestHandler.java:252) ~[ozone-manager-1.4.0-SNAPSHOT.jar:?]
	at org.apache.hadoop.ozone.protocolPB.OzoneManagerProtocolServerSideTranslatorPB.submitRequestDirectlyToOM(OzoneManagerProtocolServerSideTranslatorPB.java:274) ~[ozone-manager-1.4.0-SNAPSHOT.jar:?]
	at org.apache.hadoop.ozone.protocolPB.OzoneManagerProtocolServerSideTranslatorPB.processRequest(OzoneManagerProtocolServerSideTranslatorPB.java:175) ~[ozone-manager-1.4.0-SNAPSHOT.jar:?]
	at org.apache.hadoop.hdds.server.OzoneProtocolMessageDispatcher.processRequest(OzoneProtocolMessageDispatcher.java:87) [hdds-server-framework-1.4.0-SNAPSHOT.jar:?]
	at org.apache.hadoop.ozone.protocolPB.OzoneManagerProtocolServerSideTranslatorPB.submitRequest(OzoneManagerProtocolServerSideTranslatorPB.java:148) [ozone-manager-1.4.0-SNAPSHOT.jar:?]
	at org.apache.hadoop.ozone.protocol.proto.OzoneManagerProtocolProtos$OzoneManagerService$2.callBlockingMethod(OzoneManagerProtocolProtos.java) [ozone-interface-client-1.4.0-SNAPSHOT.jar:?]
	at org.apache.hadoop.ipc.ProtobufRpcEngine$Server.processCall(ProtobufRpcEngine.java:484) [hadoop-common-3.3.6.jar:?]
	at org.apache.hadoop.ipc.ProtobufRpcEngine2$Server$ProtoBufRpcInvoker.call(ProtobufRpcEngine2.java:595) [hadoop-common-3.3.6.jar:?]
	at org.apache.hadoop.ipc.ProtobufRpcEngine2$Server$ProtoBufRpcInvoker.call(ProtobufRpcEngine2.java:573) [hadoop-common-3.3.6.jar:?]
	at org.apache.hadoop.ipc.RPC$Server.call(RPC.java:1227) [hadoop-common-3.3.6.jar:?]
	at org.apache.hadoop.ipc.Server$RpcCall.run(Server.java:1094) [hadoop-common-3.3.6.jar:?]
	at org.apache.hadoop.ipc.Server$RpcCall.run(Server.java:1017) [hadoop-common-3.3.6.jar:?]
	at java.security.AccessController.doPrivileged(Native Method) ~[?:1.8.0_382]
	at javax.security.auth.Subject.doAs(Subject.java:422) [?:1.8.0_382]
	at org.apache.hadoop.security.UserGroupInformation.doAs(UserGroupInformation.java:1899) [hadoop-common-3.3.6.jar:?]
	at org.apache.hadoop.ipc.Server$Handler.run(Server.java:3048) [hadoop-common-3.3.6.jar:?]
09:35:05.807 [IPC Server handler 13 on default port 15163] ERROR OMAudit - user=runner | ip=127.0.0.1 | op=GET_FILE_STATUS {volume=volume82570, bucket=bucket71984, key=user/runner/dir1/dir2, dataSize=0, replicationConfig=null} | ret=FAILURE
org.apache.hadoop.ozone.om.exceptions.OMException: Unable to get file status: volume: volume82570 bucket: bucket71984 key: user/runner/dir1/dir2
	at org.apache.hadoop.ozone.om.KeyManagerImpl.getOzoneFileStatus(KeyManagerImpl.java:1195) ~[ozone-manager-1.4.0-SNAPSHOT.jar:?]
	at org.apache.hadoop.ozone.om.KeyManagerImpl.getFileStatus(KeyManagerImpl.java:1113) ~[ozone-manager-1.4.0-SNAPSHOT.jar:?]
	at org.apache.hadoop.ozone.om.OmMetadataReader.getFileStatus(OmMetadataReader.java:262) ~[ozone-manager-1.4.0-SNAPSHOT.jar:?]
	at org.apache.hadoop.ozone.om.OzoneManager.getFileStatus(OzoneManager.java:3513) ~[ozone-manager-1.4.0-SNAPSHOT.jar:?]
	at org.apache.hadoop.ozone.protocolPB.OzoneManagerRequestHandler.getOzoneFileStatus(OzoneManagerRequestHandler.java:973) ~[ozone-manager-1.4.0-SNAPSHOT.jar:?]
	at org.apache.hadoop.ozone.protocolPB.OzoneManagerRequestHandler.handleReadRequest(OzoneManagerRequestHandler.java:252) ~[ozone-manager-1.4.0-SNAPSHOT.jar:?]
	at org.apache.hadoop.ozone.protocolPB.OzoneManagerProtocolServerSideTranslatorPB.submitRequestDirectlyToOM(OzoneManagerProtocolServerSideTranslatorPB.java:274) ~[ozone-manager-1.4.0-SNAPSHOT.jar:?]
	at org.apache.hadoop.ozone.protocolPB.OzoneManagerProtocolServerSideTranslatorPB.processRequest(OzoneManagerProtocolServerSideTranslatorPB.java:175) ~[ozone-manager-1.4.0-SNAPSHOT.jar:?]
	at org.apache.hadoop.hdds.server.OzoneProtocolMessageDispatcher.processRequest(OzoneProtocolMessageDispatcher.java:87) [hdds-server-framework-1.4.0-SNAPSHOT.jar:?]
	at org.apache.hadoop.ozone.protocolPB.OzoneManagerProtocolServerSideTranslatorPB.submitRequest(OzoneManagerProtocolServerSideTranslatorPB.java:148) [ozone-manager-1.4.0-SNAPSHOT.jar:?]
	at org.apache.hadoop.ozone.protocol.proto.OzoneManagerProtocolProtos$OzoneManagerService$2.callBlockingMethod(OzoneManagerProtocolProtos.java) [ozone-interface-client-1.4.0-SNAPSHOT.jar:?]
	at org.apache.hadoop.ipc.ProtobufRpcEngine$Server.processCall(ProtobufRpcEngine.java:484) [hadoop-common-3.3.6.jar:?]
	at org.apache.hadoop.ipc.ProtobufRpcEngine2$Server$ProtoBufRpcInvoker.call(ProtobufRpcEngine2.java:595) [hadoop-common-3.3.6.jar:?]
	at org.apache.hadoop.ipc.ProtobufRpcEngine2$Server$ProtoBufRpcInvoker.call(ProtobufRpcEngine2.java:573) [hadoop-common-3.3.6.jar:?]
	at org.apache.hadoop.ipc.RPC$Server.call(RPC.java:1227) [hadoop-common-3.3.6.jar:?]
	at org.apache.hadoop.ipc.Server$RpcCall.run(Server.java:1094) [hadoop-common-3.3.6.jar:?]
	at org.apache.hadoop.ipc.Server$RpcCall.run(Server.java:1017) [hadoop-common-3.3.6.jar:?]
	at java.security.AccessController.doPrivileged(Native Method) ~[?:1.8.0_382]
	at javax.security.auth.Subject.doAs(Subject.java:422) [?:1.8.0_382]
	at org.apache.hadoop.security.UserGroupInformation.doAs(UserGroupInformation.java:1899) [hadoop-common-3.3.6.jar:?]
	at org.apache.hadoop.ipc.Server$Handler.run(Server.java:3048) [hadoop-common-3.3.6.jar:?]
]]></system-out>
  </testcase>
  <testcase name="testMakeDirsWithAnFakeDirectory" classname="TestOzoneFileSystem" time="0.049">
    <system-out><![CDATA[09:31:22.643 [IPC Server handler 9 on default port 15004] ERROR OMAudit - user=runner | ip=127.0.0.1 | op=GET_FILE_STATUS {volume=volume76952, bucket=bucket05606, key=user/runner/dir1/dir2, dataSize=0, replicationConfig=null} | ret=FAILURE
org.apache.hadoop.ozone.om.exceptions.OMException: Unable to get file status: volume: volume76952 bucket: bucket05606 key: user/runner/dir1/dir2
	at org.apache.hadoop.ozone.om.KeyManagerImpl.getOzoneFileStatus(KeyManagerImpl.java:1195) ~[ozone-manager-1.4.0-SNAPSHOT.jar:?]
	at org.apache.hadoop.ozone.om.KeyManagerImpl.getFileStatus(KeyManagerImpl.java:1113) ~[ozone-manager-1.4.0-SNAPSHOT.jar:?]
	at org.apache.hadoop.ozone.om.OmMetadataReader.getFileStatus(OmMetadataReader.java:262) ~[ozone-manager-1.4.0-SNAPSHOT.jar:?]
	at org.apache.hadoop.ozone.om.OzoneManager.getFileStatus(OzoneManager.java:3513) ~[ozone-manager-1.4.0-SNAPSHOT.jar:?]
	at org.apache.hadoop.ozone.protocolPB.OzoneManagerRequestHandler.getOzoneFileStatus(OzoneManagerRequestHandler.java:973) ~[ozone-manager-1.4.0-SNAPSHOT.jar:?]
	at org.apache.hadoop.ozone.protocolPB.OzoneManagerRequestHandler.handleReadRequest(OzoneManagerRequestHandler.java:252) ~[ozone-manager-1.4.0-SNAPSHOT.jar:?]
	at org.apache.hadoop.ozone.protocolPB.OzoneManagerProtocolServerSideTranslatorPB.submitReadRequestToOM(OzoneManagerProtocolServerSideTranslatorPB.java:225) ~[ozone-manager-1.4.0-SNAPSHOT.jar:?]
	at org.apache.hadoop.ozone.protocolPB.OzoneManagerProtocolServerSideTranslatorPB.processRequest(OzoneManagerProtocolServerSideTranslatorPB.java:179) ~[ozone-manager-1.4.0-SNAPSHOT.jar:?]
	at org.apache.hadoop.hdds.server.OzoneProtocolMessageDispatcher.processRequest(OzoneProtocolMessageDispatcher.java:87) [hdds-server-framework-1.4.0-SNAPSHOT.jar:?]
	at org.apache.hadoop.ozone.protocolPB.OzoneManagerProtocolServerSideTranslatorPB.submitRequest(OzoneManagerProtocolServerSideTranslatorPB.java:148) [ozone-manager-1.4.0-SNAPSHOT.jar:?]
	at org.apache.hadoop.ozone.protocol.proto.OzoneManagerProtocolProtos$OzoneManagerService$2.callBlockingMethod(OzoneManagerProtocolProtos.java) [ozone-interface-client-1.4.0-SNAPSHOT.jar:?]
	at org.apache.hadoop.ipc.ProtobufRpcEngine$Server.processCall(ProtobufRpcEngine.java:484) [hadoop-common-3.3.6.jar:?]
	at org.apache.hadoop.ipc.ProtobufRpcEngine2$Server$ProtoBufRpcInvoker.call(ProtobufRpcEngine2.java:595) [hadoop-common-3.3.6.jar:?]
	at org.apache.hadoop.ipc.ProtobufRpcEngine2$Server$ProtoBufRpcInvoker.call(ProtobufRpcEngine2.java:573) [hadoop-common-3.3.6.jar:?]
	at org.apache.hadoop.ipc.RPC$Server.call(RPC.java:1227) [hadoop-common-3.3.6.jar:?]
	at org.apache.hadoop.ipc.Server$RpcCall.run(Server.java:1094) [hadoop-common-3.3.6.jar:?]
	at org.apache.hadoop.ipc.Server$RpcCall.run(Server.java:1017) [hadoop-common-3.3.6.jar:?]
	at java.security.AccessController.doPrivileged(Native Method) ~[?:1.8.0_382]
	at javax.security.auth.Subject.doAs(Subject.java:422) [?:1.8.0_382]
	at org.apache.hadoop.security.UserGroupInformation.doAs(UserGroupInformation.java:1899) [hadoop-common-3.3.6.jar:?]
	at org.apache.hadoop.ipc.Server$Handler.run(Server.java:3048) [hadoop-common-3.3.6.jar:?]
]]></system-out>
  </testcase>
  <testcase name="testMakeDirsWithAnFakeDirectory" classname="TestOzoneFileSystem" time="0.022">
    <system-out><![CDATA[09:32:47.797 [IPC Server handler 12 on default port 15057] ERROR OMAudit - user=runner | ip=127.0.0.1 | op=GET_FILE_STATUS {volume=volume78214, bucket=bucket62222, key=user/runner/dir1/dir2, dataSize=0, replicationConfig=null} | ret=FAILURE
org.apache.hadoop.ozone.om.exceptions.OMException: Unable to get file status: volume: volume78214 bucket: bucket62222 key: user/runner/dir1/dir2
	at org.apache.hadoop.ozone.om.KeyManagerImpl.getOzoneFileStatus(KeyManagerImpl.java:1195) ~[ozone-manager-1.4.0-SNAPSHOT.jar:?]
	at org.apache.hadoop.ozone.om.KeyManagerImpl.getFileStatus(KeyManagerImpl.java:1113) ~[ozone-manager-1.4.0-SNAPSHOT.jar:?]
	at org.apache.hadoop.ozone.om.OmMetadataReader.getFileStatus(OmMetadataReader.java:262) ~[ozone-manager-1.4.0-SNAPSHOT.jar:?]
	at org.apache.hadoop.ozone.om.OzoneManager.getFileStatus(OzoneManager.java:3513) ~[ozone-manager-1.4.0-SNAPSHOT.jar:?]
	at org.apache.hadoop.ozone.protocolPB.OzoneManagerRequestHandler.getOzoneFileStatus(OzoneManagerRequestHandler.java:973) ~[ozone-manager-1.4.0-SNAPSHOT.jar:?]
	at org.apache.hadoop.ozone.protocolPB.OzoneManagerRequestHandler.handleReadRequest(OzoneManagerRequestHandler.java:252) ~[ozone-manager-1.4.0-SNAPSHOT.jar:?]
	at org.apache.hadoop.ozone.protocolPB.OzoneManagerProtocolServerSideTranslatorPB.submitRequestDirectlyToOM(OzoneManagerProtocolServerSideTranslatorPB.java:274) ~[ozone-manager-1.4.0-SNAPSHOT.jar:?]
	at org.apache.hadoop.ozone.protocolPB.OzoneManagerProtocolServerSideTranslatorPB.processRequest(OzoneManagerProtocolServerSideTranslatorPB.java:175) ~[ozone-manager-1.4.0-SNAPSHOT.jar:?]
	at org.apache.hadoop.hdds.server.OzoneProtocolMessageDispatcher.processRequest(OzoneProtocolMessageDispatcher.java:87) [hdds-server-framework-1.4.0-SNAPSHOT.jar:?]
	at org.apache.hadoop.ozone.protocolPB.OzoneManagerProtocolServerSideTranslatorPB.submitRequest(OzoneManagerProtocolServerSideTranslatorPB.java:148) [ozone-manager-1.4.0-SNAPSHOT.jar:?]
	at org.apache.hadoop.ozone.protocol.proto.OzoneManagerProtocolProtos$OzoneManagerService$2.callBlockingMethod(OzoneManagerProtocolProtos.java) [ozone-interface-client-1.4.0-SNAPSHOT.jar:?]
	at org.apache.hadoop.ipc.ProtobufRpcEngine$Server.processCall(ProtobufRpcEngine.java:484) [hadoop-common-3.3.6.jar:?]
	at org.apache.hadoop.ipc.ProtobufRpcEngine2$Server$ProtoBufRpcInvoker.call(ProtobufRpcEngine2.java:595) [hadoop-common-3.3.6.jar:?]
	at org.apache.hadoop.ipc.ProtobufRpcEngine2$Server$ProtoBufRpcInvoker.call(ProtobufRpcEngine2.java:573) [hadoop-common-3.3.6.jar:?]
	at org.apache.hadoop.ipc.RPC$Server.call(RPC.java:1227) [hadoop-common-3.3.6.jar:?]
	at org.apache.hadoop.ipc.Server$RpcCall.run(Server.java:1094) [hadoop-common-3.3.6.jar:?]
	at org.apache.hadoop.ipc.Server$RpcCall.run(Server.java:1017) [hadoop-common-3.3.6.jar:?]
	at java.security.AccessController.doPrivileged(Native Method) ~[?:1.8.0_382]
	at javax.security.auth.Subject.doAs(Subject.java:422) [?:1.8.0_382]
	at org.apache.hadoop.security.UserGroupInformation.doAs(UserGroupInformation.java:1899) [hadoop-common-3.3.6.jar:?]
	at org.apache.hadoop.ipc.Server$Handler.run(Server.java:3048) [hadoop-common-3.3.6.jar:?]
]]></system-out>
  </testcase>
  <testcase name="testMakeDirsWithAnFakeDirectory" classname="TestOzoneFileSystem" time="0.023">
    <system-out><![CDATA[09:33:55.152 [IPC Server handler 0 on default port 15110] ERROR OMAudit - user=runner | ip=127.0.0.1 | op=GET_FILE_STATUS {volume=volume01359, bucket=bucket03907, key=user/runner/dir1/dir2, dataSize=0, replicationConfig=null} | ret=FAILURE
org.apache.hadoop.ozone.om.exceptions.OMException: Unable to get file status: volume: volume01359 bucket: bucket03907 key: user/runner/dir1/dir2
	at org.apache.hadoop.ozone.om.KeyManagerImpl.getOzoneFileStatus(KeyManagerImpl.java:1195) ~[ozone-manager-1.4.0-SNAPSHOT.jar:?]
	at org.apache.hadoop.ozone.om.KeyManagerImpl.getFileStatus(KeyManagerImpl.java:1113) ~[ozone-manager-1.4.0-SNAPSHOT.jar:?]
	at org.apache.hadoop.ozone.om.OmMetadataReader.getFileStatus(OmMetadataReader.java:262) ~[ozone-manager-1.4.0-SNAPSHOT.jar:?]
	at org.apache.hadoop.ozone.om.OzoneManager.getFileStatus(OzoneManager.java:3513) ~[ozone-manager-1.4.0-SNAPSHOT.jar:?]
	at org.apache.hadoop.ozone.protocolPB.OzoneManagerRequestHandler.getOzoneFileStatus(OzoneManagerRequestHandler.java:973) ~[ozone-manager-1.4.0-SNAPSHOT.jar:?]
	at org.apache.hadoop.ozone.protocolPB.OzoneManagerRequestHandler.handleReadRequest(OzoneManagerRequestHandler.java:252) ~[ozone-manager-1.4.0-SNAPSHOT.jar:?]
	at org.apache.hadoop.ozone.protocolPB.OzoneManagerProtocolServerSideTranslatorPB.submitReadRequestToOM(OzoneManagerProtocolServerSideTranslatorPB.java:225) ~[ozone-manager-1.4.0-SNAPSHOT.jar:?]
	at org.apache.hadoop.ozone.protocolPB.OzoneManagerProtocolServerSideTranslatorPB.processRequest(OzoneManagerProtocolServerSideTranslatorPB.java:179) ~[ozone-manager-1.4.0-SNAPSHOT.jar:?]
	at org.apache.hadoop.hdds.server.OzoneProtocolMessageDispatcher.processRequest(OzoneProtocolMessageDispatcher.java:87) [hdds-server-framework-1.4.0-SNAPSHOT.jar:?]
	at org.apache.hadoop.ozone.protocolPB.OzoneManagerProtocolServerSideTranslatorPB.submitRequest(OzoneManagerProtocolServerSideTranslatorPB.java:148) [ozone-manager-1.4.0-SNAPSHOT.jar:?]
	at org.apache.hadoop.ozone.protocol.proto.OzoneManagerProtocolProtos$OzoneManagerService$2.callBlockingMethod(OzoneManagerProtocolProtos.java) [ozone-interface-client-1.4.0-SNAPSHOT.jar:?]
	at org.apache.hadoop.ipc.ProtobufRpcEngine$Server.processCall(ProtobufRpcEngine.java:484) [hadoop-common-3.3.6.jar:?]
	at org.apache.hadoop.ipc.ProtobufRpcEngine2$Server$ProtoBufRpcInvoker.call(ProtobufRpcEngine2.java:595) [hadoop-common-3.3.6.jar:?]
	at org.apache.hadoop.ipc.ProtobufRpcEngine2$Server$ProtoBufRpcInvoker.call(ProtobufRpcEngine2.java:573) [hadoop-common-3.3.6.jar:?]
	at org.apache.hadoop.ipc.RPC$Server.call(RPC.java:1227) [hadoop-common-3.3.6.jar:?]
	at org.apache.hadoop.ipc.Server$RpcCall.run(Server.java:1094) [hadoop-common-3.3.6.jar:?]
	at org.apache.hadoop.ipc.Server$RpcCall.run(Server.java:1017) [hadoop-common-3.3.6.jar:?]
	at java.security.AccessController.doPrivileged(Native Method) ~[?:1.8.0_382]
	at javax.security.auth.Subject.doAs(Subject.java:422) [?:1.8.0_382]
	at org.apache.hadoop.security.UserGroupInformation.doAs(UserGroupInformation.java:1899) [hadoop-common-3.3.6.jar:?]
	at org.apache.hadoop.ipc.Server$Handler.run(Server.java:3048) [hadoop-common-3.3.6.jar:?]
]]></system-out>
  </testcase>
  <testcase name="testMakeDirsWithAnFakeDirectory" classname="TestOzoneFileSystem" time="0.019">
    <system-out><![CDATA[09:35:05.821 [IPC Server handler 1 on default port 15163] ERROR OMAudit - user=runner | ip=127.0.0.1 | op=GET_FILE_STATUS {volume=volume82570, bucket=bucket71984, key=user/runner/dir1/dir2, dataSize=0, replicationConfig=null} | ret=FAILURE
org.apache.hadoop.ozone.om.exceptions.OMException: Unable to get file status: volume: volume82570 bucket: bucket71984 key: user/runner/dir1/dir2
	at org.apache.hadoop.ozone.om.KeyManagerImpl.getOzoneFileStatus(KeyManagerImpl.java:1195) ~[ozone-manager-1.4.0-SNAPSHOT.jar:?]
	at org.apache.hadoop.ozone.om.KeyManagerImpl.getFileStatus(KeyManagerImpl.java:1113) ~[ozone-manager-1.4.0-SNAPSHOT.jar:?]
	at org.apache.hadoop.ozone.om.OmMetadataReader.getFileStatus(OmMetadataReader.java:262) ~[ozone-manager-1.4.0-SNAPSHOT.jar:?]
	at org.apache.hadoop.ozone.om.OzoneManager.getFileStatus(OzoneManager.java:3513) ~[ozone-manager-1.4.0-SNAPSHOT.jar:?]
	at org.apache.hadoop.ozone.protocolPB.OzoneManagerRequestHandler.getOzoneFileStatus(OzoneManagerRequestHandler.java:973) ~[ozone-manager-1.4.0-SNAPSHOT.jar:?]
	at org.apache.hadoop.ozone.protocolPB.OzoneManagerRequestHandler.handleReadRequest(OzoneManagerRequestHandler.java:252) ~[ozone-manager-1.4.0-SNAPSHOT.jar:?]
	at org.apache.hadoop.ozone.protocolPB.OzoneManagerProtocolServerSideTranslatorPB.submitRequestDirectlyToOM(OzoneManagerProtocolServerSideTranslatorPB.java:274) ~[ozone-manager-1.4.0-SNAPSHOT.jar:?]
	at org.apache.hadoop.ozone.protocolPB.OzoneManagerProtocolServerSideTranslatorPB.processRequest(OzoneManagerProtocolServerSideTranslatorPB.java:175) ~[ozone-manager-1.4.0-SNAPSHOT.jar:?]
	at org.apache.hadoop.hdds.server.OzoneProtocolMessageDispatcher.processRequest(OzoneProtocolMessageDispatcher.java:87) [hdds-server-framework-1.4.0-SNAPSHOT.jar:?]
	at org.apache.hadoop.ozone.protocolPB.OzoneManagerProtocolServerSideTranslatorPB.submitRequest(OzoneManagerProtocolServerSideTranslatorPB.java:148) [ozone-manager-1.4.0-SNAPSHOT.jar:?]
	at org.apache.hadoop.ozone.protocol.proto.OzoneManagerProtocolProtos$OzoneManagerService$2.callBlockingMethod(OzoneManagerProtocolProtos.java) [ozone-interface-client-1.4.0-SNAPSHOT.jar:?]
	at org.apache.hadoop.ipc.ProtobufRpcEngine$Server.processCall(ProtobufRpcEngine.java:484) [hadoop-common-3.3.6.jar:?]
	at org.apache.hadoop.ipc.ProtobufRpcEngine2$Server$ProtoBufRpcInvoker.call(ProtobufRpcEngine2.java:595) [hadoop-common-3.3.6.jar:?]
	at org.apache.hadoop.ipc.ProtobufRpcEngine2$Server$ProtoBufRpcInvoker.call(ProtobufRpcEngine2.java:573) [hadoop-common-3.3.6.jar:?]
	at org.apache.hadoop.ipc.RPC$Server.call(RPC.java:1227) [hadoop-common-3.3.6.jar:?]
	at org.apache.hadoop.ipc.Server$RpcCall.run(Server.java:1094) [hadoop-common-3.3.6.jar:?]
	at org.apache.hadoop.ipc.Server$RpcCall.run(Server.java:1017) [hadoop-common-3.3.6.jar:?]
	at java.security.AccessController.doPrivileged(Native Method) ~[?:1.8.0_382]
	at javax.security.auth.Subject.doAs(Subject.java:422) [?:1.8.0_382]
	at org.apache.hadoop.security.UserGroupInformation.doAs(UserGroupInformation.java:1899) [hadoop-common-3.3.6.jar:?]
	at org.apache.hadoop.ipc.Server$Handler.run(Server.java:3048) [hadoop-common-3.3.6.jar:?]
]]></system-out>
  </testcase>
  <testcase name="testFileDelete" classname="TestOzoneFileSystem" time="0.226">
    <system-out><![CDATA[09:31:22.870 [IPC Server handler 15 on default port 15004] ERROR OMAudit - user=runner | ip=127.0.0.1 | op=GET_FILE_STATUS {volume=volume76952, bucket=bucket05606, key=testBatchDelete, dataSize=0, replicationConfig=null} | ret=FAILURE
org.apache.hadoop.ozone.om.exceptions.OMException: Unable to get file status: volume: volume76952 bucket: bucket05606 key: testBatchDelete
	at org.apache.hadoop.ozone.om.KeyManagerImpl.getOzoneFileStatus(KeyManagerImpl.java:1195) ~[ozone-manager-1.4.0-SNAPSHOT.jar:?]
	at org.apache.hadoop.ozone.om.KeyManagerImpl.getFileStatus(KeyManagerImpl.java:1113) ~[ozone-manager-1.4.0-SNAPSHOT.jar:?]
	at org.apache.hadoop.ozone.om.OmMetadataReader.getFileStatus(OmMetadataReader.java:262) ~[ozone-manager-1.4.0-SNAPSHOT.jar:?]
	at org.apache.hadoop.ozone.om.OzoneManager.getFileStatus(OzoneManager.java:3513) ~[ozone-manager-1.4.0-SNAPSHOT.jar:?]
	at org.apache.hadoop.ozone.protocolPB.OzoneManagerRequestHandler.getOzoneFileStatus(OzoneManagerRequestHandler.java:973) ~[ozone-manager-1.4.0-SNAPSHOT.jar:?]
	at org.apache.hadoop.ozone.protocolPB.OzoneManagerRequestHandler.handleReadRequest(OzoneManagerRequestHandler.java:252) ~[ozone-manager-1.4.0-SNAPSHOT.jar:?]
	at org.apache.hadoop.ozone.protocolPB.OzoneManagerProtocolServerSideTranslatorPB.submitReadRequestToOM(OzoneManagerProtocolServerSideTranslatorPB.java:225) ~[ozone-manager-1.4.0-SNAPSHOT.jar:?]
	at org.apache.hadoop.ozone.protocolPB.OzoneManagerProtocolServerSideTranslatorPB.processRequest(OzoneManagerProtocolServerSideTranslatorPB.java:179) ~[ozone-manager-1.4.0-SNAPSHOT.jar:?]
	at org.apache.hadoop.hdds.server.OzoneProtocolMessageDispatcher.processRequest(OzoneProtocolMessageDispatcher.java:87) [hdds-server-framework-1.4.0-SNAPSHOT.jar:?]
	at org.apache.hadoop.ozone.protocolPB.OzoneManagerProtocolServerSideTranslatorPB.submitRequest(OzoneManagerProtocolServerSideTranslatorPB.java:148) [ozone-manager-1.4.0-SNAPSHOT.jar:?]
	at org.apache.hadoop.ozone.protocol.proto.OzoneManagerProtocolProtos$OzoneManagerService$2.callBlockingMethod(OzoneManagerProtocolProtos.java) [ozone-interface-client-1.4.0-SNAPSHOT.jar:?]
	at org.apache.hadoop.ipc.ProtobufRpcEngine$Server.processCall(ProtobufRpcEngine.java:484) [hadoop-common-3.3.6.jar:?]
	at org.apache.hadoop.ipc.ProtobufRpcEngine2$Server$ProtoBufRpcInvoker.call(ProtobufRpcEngine2.java:595) [hadoop-common-3.3.6.jar:?]
	at org.apache.hadoop.ipc.ProtobufRpcEngine2$Server$ProtoBufRpcInvoker.call(ProtobufRpcEngine2.java:573) [hadoop-common-3.3.6.jar:?]
	at org.apache.hadoop.ipc.RPC$Server.call(RPC.java:1227) [hadoop-common-3.3.6.jar:?]
	at org.apache.hadoop.ipc.Server$RpcCall.run(Server.java:1094) [hadoop-common-3.3.6.jar:?]
	at org.apache.hadoop.ipc.Server$RpcCall.run(Server.java:1017) [hadoop-common-3.3.6.jar:?]
	at java.security.AccessController.doPrivileged(Native Method) ~[?:1.8.0_382]
	at javax.security.auth.Subject.doAs(Subject.java:422) [?:1.8.0_382]
	at org.apache.hadoop.security.UserGroupInformation.doAs(UserGroupInformation.java:1899) [hadoop-common-3.3.6.jar:?]
	at org.apache.hadoop.ipc.Server$Handler.run(Server.java:3048) [hadoop-common-3.3.6.jar:?]
09:31:22.871 [IPC Server handler 9 on default port 15004] ERROR OMAudit - user=runner | ip=127.0.0.1 | op=GET_FILE_STATUS {volume=volume76952, bucket=bucket05606, key=testBatchDelete/parent/child0, dataSize=0, replicationConfig=null} | ret=FAILURE
org.apache.hadoop.ozone.om.exceptions.OMException: Unable to get file status: volume: volume76952 bucket: bucket05606 key: testBatchDelete/parent/child0
	at org.apache.hadoop.ozone.om.KeyManagerImpl.getOzoneFileStatus(KeyManagerImpl.java:1195) ~[ozone-manager-1.4.0-SNAPSHOT.jar:?]
	at org.apache.hadoop.ozone.om.KeyManagerImpl.getFileStatus(KeyManagerImpl.java:1113) ~[ozone-manager-1.4.0-SNAPSHOT.jar:?]
	at org.apache.hadoop.ozone.om.OmMetadataReader.getFileStatus(OmMetadataReader.java:262) ~[ozone-manager-1.4.0-SNAPSHOT.jar:?]
	at org.apache.hadoop.ozone.om.OzoneManager.getFileStatus(OzoneManager.java:3513) ~[ozone-manager-1.4.0-SNAPSHOT.jar:?]
	at org.apache.hadoop.ozone.protocolPB.OzoneManagerRequestHandler.getOzoneFileStatus(OzoneManagerRequestHandler.java:973) ~[ozone-manager-1.4.0-SNAPSHOT.jar:?]
	at org.apache.hadoop.ozone.protocolPB.OzoneManagerRequestHandler.handleReadRequest(OzoneManagerRequestHandler.java:252) ~[ozone-manager-1.4.0-SNAPSHOT.jar:?]
	at org.apache.hadoop.ozone.protocolPB.OzoneManagerProtocolServerSideTranslatorPB.submitReadRequestToOM(OzoneManagerProtocolServerSideTranslatorPB.java:225) ~[ozone-manager-1.4.0-SNAPSHOT.jar:?]
	at org.apache.hadoop.ozone.protocolPB.OzoneManagerProtocolServerSideTranslatorPB.processRequest(OzoneManagerProtocolServerSideTranslatorPB.java:179) ~[ozone-manager-1.4.0-SNAPSHOT.jar:?]
	at org.apache.hadoop.hdds.server.OzoneProtocolMessageDispatcher.processRequest(OzoneProtocolMessageDispatcher.java:87) [hdds-server-framework-1.4.0-SNAPSHOT.jar:?]
	at org.apache.hadoop.ozone.protocolPB.OzoneManagerProtocolServerSideTranslatorPB.submitRequest(OzoneManagerProtocolServerSideTranslatorPB.java:148) [ozone-manager-1.4.0-SNAPSHOT.jar:?]
	at org.apache.hadoop.ozone.protocol.proto.OzoneManagerProtocolProtos$OzoneManagerService$2.callBlockingMethod(OzoneManagerProtocolProtos.java) [ozone-interface-client-1.4.0-SNAPSHOT.jar:?]
	at org.apache.hadoop.ipc.ProtobufRpcEngine$Server.processCall(ProtobufRpcEngine.java:484) [hadoop-common-3.3.6.jar:?]
	at org.apache.hadoop.ipc.ProtobufRpcEngine2$Server$ProtoBufRpcInvoker.call(ProtobufRpcEngine2.java:595) [hadoop-common-3.3.6.jar:?]
	at org.apache.hadoop.ipc.ProtobufRpcEngine2$Server$ProtoBufRpcInvoker.call(ProtobufRpcEngine2.java:573) [hadoop-common-3.3.6.jar:?]
	at org.apache.hadoop.ipc.RPC$Server.call(RPC.java:1227) [hadoop-common-3.3.6.jar:?]
	at org.apache.hadoop.ipc.Server$RpcCall.run(Server.java:1094) [hadoop-common-3.3.6.jar:?]
	at org.apache.hadoop.ipc.Server$RpcCall.run(Server.java:1017) [hadoop-common-3.3.6.jar:?]
	at java.security.AccessController.doPrivileged(Native Method) ~[?:1.8.0_382]
	at javax.security.auth.Subject.doAs(Subject.java:422) [?:1.8.0_382]
	at org.apache.hadoop.security.UserGroupInformation.doAs(UserGroupInformation.java:1899) [hadoop-common-3.3.6.jar:?]
	at org.apache.hadoop.ipc.Server$Handler.run(Server.java:3048) [hadoop-common-3.3.6.jar:?]
09:31:22.873 [IPC Server handler 7 on default port 15004] ERROR OMAudit - user=runner | ip=127.0.0.1 | op=GET_FILE_STATUS {volume=volume76952, bucket=bucket05606, key=testBatchDelete/parent/childFolder/child0, dataSize=0, replicationConfig=null} | ret=FAILURE
org.apache.hadoop.ozone.om.exceptions.OMException: Unable to get file status: volume: volume76952 bucket: bucket05606 key: testBatchDelete/parent/childFolder/child0
	at org.apache.hadoop.ozone.om.KeyManagerImpl.getOzoneFileStatus(KeyManagerImpl.java:1195) ~[ozone-manager-1.4.0-SNAPSHOT.jar:?]
	at org.apache.hadoop.ozone.om.KeyManagerImpl.getFileStatus(KeyManagerImpl.java:1113) ~[ozone-manager-1.4.0-SNAPSHOT.jar:?]
	at org.apache.hadoop.ozone.om.OmMetadataReader.getFileStatus(OmMetadataReader.java:262) ~[ozone-manager-1.4.0-SNAPSHOT.jar:?]
	at org.apache.hadoop.ozone.om.OzoneManager.getFileStatus(OzoneManager.java:3513) ~[ozone-manager-1.4.0-SNAPSHOT.jar:?]
	at org.apache.hadoop.ozone.protocolPB.OzoneManagerRequestHandler.getOzoneFileStatus(OzoneManagerRequestHandler.java:973) ~[ozone-manager-1.4.0-SNAPSHOT.jar:?]
	at org.apache.hadoop.ozone.protocolPB.OzoneManagerRequestHandler.handleReadRequest(OzoneManagerRequestHandler.java:252) ~[ozone-manager-1.4.0-SNAPSHOT.jar:?]
	at org.apache.hadoop.ozone.protocolPB.OzoneManagerProtocolServerSideTranslatorPB.submitReadRequestToOM(OzoneManagerProtocolServerSideTranslatorPB.java:225) ~[ozone-manager-1.4.0-SNAPSHOT.jar:?]
	at org.apache.hadoop.ozone.protocolPB.OzoneManagerProtocolServerSideTranslatorPB.processRequest(OzoneManagerProtocolServerSideTranslatorPB.java:179) ~[ozone-manager-1.4.0-SNAPSHOT.jar:?]
	at org.apache.hadoop.hdds.server.OzoneProtocolMessageDispatcher.processRequest(OzoneProtocolMessageDispatcher.java:87) [hdds-server-framework-1.4.0-SNAPSHOT.jar:?]
	at org.apache.hadoop.ozone.protocolPB.OzoneManagerProtocolServerSideTranslatorPB.submitRequest(OzoneManagerProtocolServerSideTranslatorPB.java:148) [ozone-manager-1.4.0-SNAPSHOT.jar:?]
	at org.apache.hadoop.ozone.protocol.proto.OzoneManagerProtocolProtos$OzoneManagerService$2.callBlockingMethod(OzoneManagerProtocolProtos.java) [ozone-interface-client-1.4.0-SNAPSHOT.jar:?]
	at org.apache.hadoop.ipc.ProtobufRpcEngine$Server.processCall(ProtobufRpcEngine.java:484) [hadoop-common-3.3.6.jar:?]
	at org.apache.hadoop.ipc.ProtobufRpcEngine2$Server$ProtoBufRpcInvoker.call(ProtobufRpcEngine2.java:595) [hadoop-common-3.3.6.jar:?]
	at org.apache.hadoop.ipc.ProtobufRpcEngine2$Server$ProtoBufRpcInvoker.call(ProtobufRpcEngine2.java:573) [hadoop-common-3.3.6.jar:?]
	at org.apache.hadoop.ipc.RPC$Server.call(RPC.java:1227) [hadoop-common-3.3.6.jar:?]
	at org.apache.hadoop.ipc.Server$RpcCall.run(Server.java:1094) [hadoop-common-3.3.6.jar:?]
	at org.apache.hadoop.ipc.Server$RpcCall.run(Server.java:1017) [hadoop-common-3.3.6.jar:?]
	at java.security.AccessController.doPrivileged(Native Method) ~[?:1.8.0_382]
	at javax.security.auth.Subject.doAs(Subject.java:422) [?:1.8.0_382]
	at org.apache.hadoop.security.UserGroupInformation.doAs(UserGroupInformation.java:1899) [hadoop-common-3.3.6.jar:?]
	at org.apache.hadoop.ipc.Server$Handler.run(Server.java:3048) [hadoop-common-3.3.6.jar:?]
09:31:22.875 [IPC Server handler 3 on default port 15004] ERROR OMAudit - user=runner | ip=127.0.0.1 | op=GET_FILE_STATUS {volume=volume76952, bucket=bucket05606, key=testBatchDelete/parent/child1, dataSize=0, replicationConfig=null} | ret=FAILURE
org.apache.hadoop.ozone.om.exceptions.OMException: Unable to get file status: volume: volume76952 bucket: bucket05606 key: testBatchDelete/parent/child1
	at org.apache.hadoop.ozone.om.KeyManagerImpl.getOzoneFileStatus(KeyManagerImpl.java:1195) ~[ozone-manager-1.4.0-SNAPSHOT.jar:?]
	at org.apache.hadoop.ozone.om.KeyManagerImpl.getFileStatus(KeyManagerImpl.java:1113) ~[ozone-manager-1.4.0-SNAPSHOT.jar:?]
	at org.apache.hadoop.ozone.om.OmMetadataReader.getFileStatus(OmMetadataReader.java:262) ~[ozone-manager-1.4.0-SNAPSHOT.jar:?]
	at org.apache.hadoop.ozone.om.OzoneManager.getFileStatus(OzoneManager.java:3513) ~[ozone-manager-1.4.0-SNAPSHOT.jar:?]
	at org.apache.hadoop.ozone.protocolPB.OzoneManagerRequestHandler.getOzoneFileStatus(OzoneManagerRequestHandler.java:973) ~[ozone-manager-1.4.0-SNAPSHOT.jar:?]
	at org.apache.hadoop.ozone.protocolPB.OzoneManagerRequestHandler.handleReadRequest(OzoneManagerRequestHandler.java:252) ~[ozone-manager-1.4.0-SNAPSHOT.jar:?]
	at org.apache.hadoop.ozone.protocolPB.OzoneManagerProtocolServerSideTranslatorPB.submitReadRequestToOM(OzoneManagerProtocolServerSideTranslatorPB.java:225) ~[ozone-manager-1.4.0-SNAPSHOT.jar:?]
	at org.apache.hadoop.ozone.protocolPB.OzoneManagerProtocolServerSideTranslatorPB.processRequest(OzoneManagerProtocolServerSideTranslatorPB.java:179) ~[ozone-manager-1.4.0-SNAPSHOT.jar:?]
	at org.apache.hadoop.hdds.server.OzoneProtocolMessageDispatcher.processRequest(OzoneProtocolMessageDispatcher.java:87) [hdds-server-framework-1.4.0-SNAPSHOT.jar:?]
	at org.apache.hadoop.ozone.protocolPB.OzoneManagerProtocolServerSideTranslatorPB.submitRequest(OzoneManagerProtocolServerSideTranslatorPB.java:148) [ozone-manager-1.4.0-SNAPSHOT.jar:?]
	at org.apache.hadoop.ozone.protocol.proto.OzoneManagerProtocolProtos$OzoneManagerService$2.callBlockingMethod(OzoneManagerProtocolProtos.java) [ozone-interface-client-1.4.0-SNAPSHOT.jar:?]
	at org.apache.hadoop.ipc.ProtobufRpcEngine$Server.processCall(ProtobufRpcEngine.java:484) [hadoop-common-3.3.6.jar:?]
	at org.apache.hadoop.ipc.ProtobufRpcEngine2$Server$ProtoBufRpcInvoker.call(ProtobufRpcEngine2.java:595) [hadoop-common-3.3.6.jar:?]
	at org.apache.hadoop.ipc.ProtobufRpcEngine2$Server$ProtoBufRpcInvoker.call(ProtobufRpcEngine2.java:573) [hadoop-common-3.3.6.jar:?]
	at org.apache.hadoop.ipc.RPC$Server.call(RPC.java:1227) [hadoop-common-3.3.6.jar:?]
	at org.apache.hadoop.ipc.Server$RpcCall.run(Server.java:1094) [hadoop-common-3.3.6.jar:?]
	at org.apache.hadoop.ipc.Server$RpcCall.run(Server.java:1017) [hadoop-common-3.3.6.jar:?]
	at java.security.AccessController.doPrivileged(Native Method) ~[?:1.8.0_382]
	at javax.security.auth.Subject.doAs(Subject.java:422) [?:1.8.0_382]
	at org.apache.hadoop.security.UserGroupInformation.doAs(UserGroupInformation.java:1899) [hadoop-common-3.3.6.jar:?]
	at org.apache.hadoop.ipc.Server$Handler.run(Server.java:3048) [hadoop-common-3.3.6.jar:?]
09:31:22.876 [IPC Server handler 14 on default port 15004] ERROR OMAudit - user=runner | ip=127.0.0.1 | op=GET_FILE_STATUS {volume=volume76952, bucket=bucket05606, key=testBatchDelete/parent/childFolder/child1, dataSize=0, replicationConfig=null} | ret=FAILURE
org.apache.hadoop.ozone.om.exceptions.OMException: Unable to get file status: volume: volume76952 bucket: bucket05606 key: testBatchDelete/parent/childFolder/child1
	at org.apache.hadoop.ozone.om.KeyManagerImpl.getOzoneFileStatus(KeyManagerImpl.java:1195) ~[ozone-manager-1.4.0-SNAPSHOT.jar:?]
	at org.apache.hadoop.ozone.om.KeyManagerImpl.getFileStatus(KeyManagerImpl.java:1113) ~[ozone-manager-1.4.0-SNAPSHOT.jar:?]
	at org.apache.hadoop.ozone.om.OmMetadataReader.getFileStatus(OmMetadataReader.java:262) ~[ozone-manager-1.4.0-SNAPSHOT.jar:?]
	at org.apache.hadoop.ozone.om.OzoneManager.getFileStatus(OzoneManager.java:3513) ~[ozone-manager-1.4.0-SNAPSHOT.jar:?]
	at org.apache.hadoop.ozone.protocolPB.OzoneManagerRequestHandler.getOzoneFileStatus(OzoneManagerRequestHandler.java:973) ~[ozone-manager-1.4.0-SNAPSHOT.jar:?]
	at org.apache.hadoop.ozone.protocolPB.OzoneManagerRequestHandler.handleReadRequest(OzoneManagerRequestHandler.java:252) ~[ozone-manager-1.4.0-SNAPSHOT.jar:?]
	at org.apache.hadoop.ozone.protocolPB.OzoneManagerProtocolServerSideTranslatorPB.submitReadRequestToOM(OzoneManagerProtocolServerSideTranslatorPB.java:225) ~[ozone-manager-1.4.0-SNAPSHOT.jar:?]
	at org.apache.hadoop.ozone.protocolPB.OzoneManagerProtocolServerSideTranslatorPB.processRequest(OzoneManagerProtocolServerSideTranslatorPB.java:179) ~[ozone-manager-1.4.0-SNAPSHOT.jar:?]
	at org.apache.hadoop.hdds.server.OzoneProtocolMessageDispatcher.processRequest(OzoneProtocolMessageDispatcher.java:87) [hdds-server-framework-1.4.0-SNAPSHOT.jar:?]
	at org.apache.hadoop.ozone.protocolPB.OzoneManagerProtocolServerSideTranslatorPB.submitRequest(OzoneManagerProtocolServerSideTranslatorPB.java:148) [ozone-manager-1.4.0-SNAPSHOT.jar:?]
	at org.apache.hadoop.ozone.protocol.proto.OzoneManagerProtocolProtos$OzoneManagerService$2.callBlockingMethod(OzoneManagerProtocolProtos.java) [ozone-interface-client-1.4.0-SNAPSHOT.jar:?]
	at org.apache.hadoop.ipc.ProtobufRpcEngine$Server.processCall(ProtobufRpcEngine.java:484) [hadoop-common-3.3.6.jar:?]
	at org.apache.hadoop.ipc.ProtobufRpcEngine2$Server$ProtoBufRpcInvoker.call(ProtobufRpcEngine2.java:595) [hadoop-common-3.3.6.jar:?]
	at org.apache.hadoop.ipc.ProtobufRpcEngine2$Server$ProtoBufRpcInvoker.call(ProtobufRpcEngine2.java:573) [hadoop-common-3.3.6.jar:?]
	at org.apache.hadoop.ipc.RPC$Server.call(RPC.java:1227) [hadoop-common-3.3.6.jar:?]
	at org.apache.hadoop.ipc.Server$RpcCall.run(Server.java:1094) [hadoop-common-3.3.6.jar:?]
	at org.apache.hadoop.ipc.Server$RpcCall.run(Server.java:1017) [hadoop-common-3.3.6.jar:?]
	at java.security.AccessController.doPrivileged(Native Method) ~[?:1.8.0_382]
	at javax.security.auth.Subject.doAs(Subject.java:422) [?:1.8.0_382]
	at org.apache.hadoop.security.UserGroupInformation.doAs(UserGroupInformation.java:1899) [hadoop-common-3.3.6.jar:?]
	at org.apache.hadoop.ipc.Server$Handler.run(Server.java:3048) [hadoop-common-3.3.6.jar:?]
09:31:22.877 [IPC Server handler 1 on default port 15004] ERROR OMAudit - user=runner | ip=127.0.0.1 | op=GET_FILE_STATUS {volume=volume76952, bucket=bucket05606, key=testBatchDelete/parent/child2, dataSize=0, replicationConfig=null} | ret=FAILURE
org.apache.hadoop.ozone.om.exceptions.OMException: Unable to get file status: volume: volume76952 bucket: bucket05606 key: testBatchDelete/parent/child2
	at org.apache.hadoop.ozone.om.KeyManagerImpl.getOzoneFileStatus(KeyManagerImpl.java:1195) ~[ozone-manager-1.4.0-SNAPSHOT.jar:?]
	at org.apache.hadoop.ozone.om.KeyManagerImpl.getFileStatus(KeyManagerImpl.java:1113) ~[ozone-manager-1.4.0-SNAPSHOT.jar:?]
	at org.apache.hadoop.ozone.om.OmMetadataReader.getFileStatus(OmMetadataReader.java:262) ~[ozone-manager-1.4.0-SNAPSHOT.jar:?]
	at org.apache.hadoop.ozone.om.OzoneManager.getFileStatus(OzoneManager.java:3513) ~[ozone-manager-1.4.0-SNAPSHOT.jar:?]
	at org.apache.hadoop.ozone.protocolPB.OzoneManagerRequestHandler.getOzoneFileStatus(OzoneManagerRequestHandler.java:973) ~[ozone-manager-1.4.0-SNAPSHOT.jar:?]
	at org.apache.hadoop.ozone.protocolPB.OzoneManagerRequestHandler.handleReadRequest(OzoneManagerRequestHandler.java:252) ~[ozone-manager-1.4.0-SNAPSHOT.jar:?]
	at org.apache.hadoop.ozone.protocolPB.OzoneManagerProtocolServerSideTranslatorPB.submitReadRequestToOM(OzoneManagerProtocolServerSideTranslatorPB.java:225) ~[ozone-manager-1.4.0-SNAPSHOT.jar:?]
	at org.apache.hadoop.ozone.protocolPB.OzoneManagerProtocolServerSideTranslatorPB.processRequest(OzoneManagerProtocolServerSideTranslatorPB.java:179) ~[ozone-manager-1.4.0-SNAPSHOT.jar:?]
	at org.apache.hadoop.hdds.server.OzoneProtocolMessageDispatcher.processRequest(OzoneProtocolMessageDispatcher.java:87) [hdds-server-framework-1.4.0-SNAPSHOT.jar:?]
	at org.apache.hadoop.ozone.protocolPB.OzoneManagerProtocolServerSideTranslatorPB.submitRequest(OzoneManagerProtocolServerSideTranslatorPB.java:148) [ozone-manager-1.4.0-SNAPSHOT.jar:?]
	at org.apache.hadoop.ozone.protocol.proto.OzoneManagerProtocolProtos$OzoneManagerService$2.callBlockingMethod(OzoneManagerProtocolProtos.java) [ozone-interface-client-1.4.0-SNAPSHOT.jar:?]
	at org.apache.hadoop.ipc.ProtobufRpcEngine$Server.processCall(ProtobufRpcEngine.java:484) [hadoop-common-3.3.6.jar:?]
	at org.apache.hadoop.ipc.ProtobufRpcEngine2$Server$ProtoBufRpcInvoker.call(ProtobufRpcEngine2.java:595) [hadoop-common-3.3.6.jar:?]
	at org.apache.hadoop.ipc.ProtobufRpcEngine2$Server$ProtoBufRpcInvoker.call(ProtobufRpcEngine2.java:573) [hadoop-common-3.3.6.jar:?]
	at org.apache.hadoop.ipc.RPC$Server.call(RPC.java:1227) [hadoop-common-3.3.6.jar:?]
	at org.apache.hadoop.ipc.Server$RpcCall.run(Server.java:1094) [hadoop-common-3.3.6.jar:?]
	at org.apache.hadoop.ipc.Server$RpcCall.run(Server.java:1017) [hadoop-common-3.3.6.jar:?]
	at java.security.AccessController.doPrivileged(Native Method) ~[?:1.8.0_382]
	at javax.security.auth.Subject.doAs(Subject.java:422) [?:1.8.0_382]
	at org.apache.hadoop.security.UserGroupInformation.doAs(UserGroupInformation.java:1899) [hadoop-common-3.3.6.jar:?]
	at org.apache.hadoop.ipc.Server$Handler.run(Server.java:3048) [hadoop-common-3.3.6.jar:?]
09:31:22.879 [IPC Server handler 0 on default port 15004] ERROR OMAudit - user=runner | ip=127.0.0.1 | op=GET_FILE_STATUS {volume=volume76952, bucket=bucket05606, key=testBatchDelete/parent/childFolder/child2, dataSize=0, replicationConfig=null} | ret=FAILURE
org.apache.hadoop.ozone.om.exceptions.OMException: Unable to get file status: volume: volume76952 bucket: bucket05606 key: testBatchDelete/parent/childFolder/child2
	at org.apache.hadoop.ozone.om.KeyManagerImpl.getOzoneFileStatus(KeyManagerImpl.java:1195) ~[ozone-manager-1.4.0-SNAPSHOT.jar:?]
	at org.apache.hadoop.ozone.om.KeyManagerImpl.getFileStatus(KeyManagerImpl.java:1113) ~[ozone-manager-1.4.0-SNAPSHOT.jar:?]
	at org.apache.hadoop.ozone.om.OmMetadataReader.getFileStatus(OmMetadataReader.java:262) ~[ozone-manager-1.4.0-SNAPSHOT.jar:?]
	at org.apache.hadoop.ozone.om.OzoneManager.getFileStatus(OzoneManager.java:3513) ~[ozone-manager-1.4.0-SNAPSHOT.jar:?]
	at org.apache.hadoop.ozone.protocolPB.OzoneManagerRequestHandler.getOzoneFileStatus(OzoneManagerRequestHandler.java:973) ~[ozone-manager-1.4.0-SNAPSHOT.jar:?]
	at org.apache.hadoop.ozone.protocolPB.OzoneManagerRequestHandler.handleReadRequest(OzoneManagerRequestHandler.java:252) ~[ozone-manager-1.4.0-SNAPSHOT.jar:?]
	at org.apache.hadoop.ozone.protocolPB.OzoneManagerProtocolServerSideTranslatorPB.submitReadRequestToOM(OzoneManagerProtocolServerSideTranslatorPB.java:225) ~[ozone-manager-1.4.0-SNAPSHOT.jar:?]
	at org.apache.hadoop.ozone.protocolPB.OzoneManagerProtocolServerSideTranslatorPB.processRequest(OzoneManagerProtocolServerSideTranslatorPB.java:179) ~[ozone-manager-1.4.0-SNAPSHOT.jar:?]
	at org.apache.hadoop.hdds.server.OzoneProtocolMessageDispatcher.processRequest(OzoneProtocolMessageDispatcher.java:87) [hdds-server-framework-1.4.0-SNAPSHOT.jar:?]
	at org.apache.hadoop.ozone.protocolPB.OzoneManagerProtocolServerSideTranslatorPB.submitRequest(OzoneManagerProtocolServerSideTranslatorPB.java:148) [ozone-manager-1.4.0-SNAPSHOT.jar:?]
	at org.apache.hadoop.ozone.protocol.proto.OzoneManagerProtocolProtos$OzoneManagerService$2.callBlockingMethod(OzoneManagerProtocolProtos.java) [ozone-interface-client-1.4.0-SNAPSHOT.jar:?]
	at org.apache.hadoop.ipc.ProtobufRpcEngine$Server.processCall(ProtobufRpcEngine.java:484) [hadoop-common-3.3.6.jar:?]
	at org.apache.hadoop.ipc.ProtobufRpcEngine2$Server$ProtoBufRpcInvoker.call(ProtobufRpcEngine2.java:595) [hadoop-common-3.3.6.jar:?]
	at org.apache.hadoop.ipc.ProtobufRpcEngine2$Server$ProtoBufRpcInvoker.call(ProtobufRpcEngine2.java:573) [hadoop-common-3.3.6.jar:?]
	at org.apache.hadoop.ipc.RPC$Server.call(RPC.java:1227) [hadoop-common-3.3.6.jar:?]
	at org.apache.hadoop.ipc.Server$RpcCall.run(Server.java:1094) [hadoop-common-3.3.6.jar:?]
	at org.apache.hadoop.ipc.Server$RpcCall.run(Server.java:1017) [hadoop-common-3.3.6.jar:?]
	at java.security.AccessController.doPrivileged(Native Method) ~[?:1.8.0_382]
	at javax.security.auth.Subject.doAs(Subject.java:422) [?:1.8.0_382]
	at org.apache.hadoop.security.UserGroupInformation.doAs(UserGroupInformation.java:1899) [hadoop-common-3.3.6.jar:?]
	at org.apache.hadoop.ipc.Server$Handler.run(Server.java:3048) [hadoop-common-3.3.6.jar:?]
09:31:22.880 [IPC Server handler 19 on default port 15004] ERROR OMAudit - user=runner | ip=127.0.0.1 | op=GET_FILE_STATUS {volume=volume76952, bucket=bucket05606, key=testBatchDelete/parent/child3, dataSize=0, replicationConfig=null} | ret=FAILURE
org.apache.hadoop.ozone.om.exceptions.OMException: Unable to get file status: volume: volume76952 bucket: bucket05606 key: testBatchDelete/parent/child3
	at org.apache.hadoop.ozone.om.KeyManagerImpl.getOzoneFileStatus(KeyManagerImpl.java:1195) ~[ozone-manager-1.4.0-SNAPSHOT.jar:?]
	at org.apache.hadoop.ozone.om.KeyManagerImpl.getFileStatus(KeyManagerImpl.java:1113) ~[ozone-manager-1.4.0-SNAPSHOT.jar:?]
	at org.apache.hadoop.ozone.om.OmMetadataReader.getFileStatus(OmMetadataReader.java:262) ~[ozone-manager-1.4.0-SNAPSHOT.jar:?]
	at org.apache.hadoop.ozone.om.OzoneManager.getFileStatus(OzoneManager.java:3513) ~[ozone-manager-1.4.0-SNAPSHOT.jar:?]
	at org.apache.hadoop.ozone.protocolPB.OzoneManagerRequestHandler.getOzoneFileStatus(OzoneManagerRequestHandler.java:973) ~[ozone-manager-1.4.0-SNAPSHOT.jar:?]
	at org.apache.hadoop.ozone.protocolPB.OzoneManagerRequestHandler.handleReadRequest(OzoneManagerRequestHandler.java:252) ~[ozone-manager-1.4.0-SNAPSHOT.jar:?]
	at org.apache.hadoop.ozone.protocolPB.OzoneManagerProtocolServerSideTranslatorPB.submitReadRequestToOM(OzoneManagerProtocolServerSideTranslatorPB.java:225) ~[ozone-manager-1.4.0-SNAPSHOT.jar:?]
	at org.apache.hadoop.ozone.protocolPB.OzoneManagerProtocolServerSideTranslatorPB.processRequest(OzoneManagerProtocolServerSideTranslatorPB.java:179) ~[ozone-manager-1.4.0-SNAPSHOT.jar:?]
	at org.apache.hadoop.hdds.server.OzoneProtocolMessageDispatcher.processRequest(OzoneProtocolMessageDispatcher.java:87) [hdds-server-framework-1.4.0-SNAPSHOT.jar:?]
	at org.apache.hadoop.ozone.protocolPB.OzoneManagerProtocolServerSideTranslatorPB.submitRequest(OzoneManagerProtocolServerSideTranslatorPB.java:148) [ozone-manager-1.4.0-SNAPSHOT.jar:?]
	at org.apache.hadoop.ozone.protocol.proto.OzoneManagerProtocolProtos$OzoneManagerService$2.callBlockingMethod(OzoneManagerProtocolProtos.java) [ozone-interface-client-1.4.0-SNAPSHOT.jar:?]
	at org.apache.hadoop.ipc.ProtobufRpcEngine$Server.processCall(ProtobufRpcEngine.java:484) [hadoop-common-3.3.6.jar:?]
	at org.apache.hadoop.ipc.ProtobufRpcEngine2$Server$ProtoBufRpcInvoker.call(ProtobufRpcEngine2.java:595) [hadoop-common-3.3.6.jar:?]
	at org.apache.hadoop.ipc.ProtobufRpcEngine2$Server$ProtoBufRpcInvoker.call(ProtobufRpcEngine2.java:573) [hadoop-common-3.3.6.jar:?]
	at org.apache.hadoop.ipc.RPC$Server.call(RPC.java:1227) [hadoop-common-3.3.6.jar:?]
	at org.apache.hadoop.ipc.Server$RpcCall.run(Server.java:1094) [hadoop-common-3.3.6.jar:?]
	at org.apache.hadoop.ipc.Server$RpcCall.run(Server.java:1017) [hadoop-common-3.3.6.jar:?]
	at java.security.AccessController.doPrivileged(Native Method) ~[?:1.8.0_382]
	at javax.security.auth.Subject.doAs(Subject.java:422) [?:1.8.0_382]
	at org.apache.hadoop.security.UserGroupInformation.doAs(UserGroupInformation.java:1899) [hadoop-common-3.3.6.jar:?]
	at org.apache.hadoop.ipc.Server$Handler.run(Server.java:3048) [hadoop-common-3.3.6.jar:?]
09:31:22.882 [IPC Server handler 18 on default port 15004] ERROR OMAudit - user=runner | ip=127.0.0.1 | op=GET_FILE_STATUS {volume=volume76952, bucket=bucket05606, key=testBatchDelete/parent/childFolder/child3, dataSize=0, replicationConfig=null} | ret=FAILURE
org.apache.hadoop.ozone.om.exceptions.OMException: Unable to get file status: volume: volume76952 bucket: bucket05606 key: testBatchDelete/parent/childFolder/child3
	at org.apache.hadoop.ozone.om.KeyManagerImpl.getOzoneFileStatus(KeyManagerImpl.java:1195) ~[ozone-manager-1.4.0-SNAPSHOT.jar:?]
	at org.apache.hadoop.ozone.om.KeyManagerImpl.getFileStatus(KeyManagerImpl.java:1113) ~[ozone-manager-1.4.0-SNAPSHOT.jar:?]
	at org.apache.hadoop.ozone.om.OmMetadataReader.getFileStatus(OmMetadataReader.java:262) ~[ozone-manager-1.4.0-SNAPSHOT.jar:?]
	at org.apache.hadoop.ozone.om.OzoneManager.getFileStatus(OzoneManager.java:3513) ~[ozone-manager-1.4.0-SNAPSHOT.jar:?]
	at org.apache.hadoop.ozone.protocolPB.OzoneManagerRequestHandler.getOzoneFileStatus(OzoneManagerRequestHandler.java:973) ~[ozone-manager-1.4.0-SNAPSHOT.jar:?]
	at org.apache.hadoop.ozone.protocolPB.OzoneManagerRequestHandler.handleReadRequest(OzoneManagerRequestHandler.java:252) ~[ozone-manager-1.4.0-SNAPSHOT.jar:?]
	at org.apache.hadoop.ozone.protocolPB.OzoneManagerProtocolServerSideTranslatorPB.submitReadRequestToOM(OzoneManagerProtocolServerSideTranslatorPB.java:225) ~[ozone-manager-1.4.0-SNAPSHOT.jar:?]
	at org.apache.hadoop.ozone.protocolPB.OzoneManagerProtocolServerSideTranslatorPB.processRequest(OzoneManagerProtocolServerSideTranslatorPB.java:179) ~[ozone-manager-1.4.0-SNAPSHOT.jar:?]
	at org.apache.hadoop.hdds.server.OzoneProtocolMessageDispatcher.processRequest(OzoneProtocolMessageDispatcher.java:87) [hdds-server-framework-1.4.0-SNAPSHOT.jar:?]
	at org.apache.hadoop.ozone.protocolPB.OzoneManagerProtocolServerSideTranslatorPB.submitRequest(OzoneManagerProtocolServerSideTranslatorPB.java:148) [ozone-manager-1.4.0-SNAPSHOT.jar:?]
	at org.apache.hadoop.ozone.protocol.proto.OzoneManagerProtocolProtos$OzoneManagerService$2.callBlockingMethod(OzoneManagerProtocolProtos.java) [ozone-interface-client-1.4.0-SNAPSHOT.jar:?]
	at org.apache.hadoop.ipc.ProtobufRpcEngine$Server.processCall(ProtobufRpcEngine.java:484) [hadoop-common-3.3.6.jar:?]
	at org.apache.hadoop.ipc.ProtobufRpcEngine2$Server$ProtoBufRpcInvoker.call(ProtobufRpcEngine2.java:595) [hadoop-common-3.3.6.jar:?]
	at org.apache.hadoop.ipc.ProtobufRpcEngine2$Server$ProtoBufRpcInvoker.call(ProtobufRpcEngine2.java:573) [hadoop-common-3.3.6.jar:?]
	at org.apache.hadoop.ipc.RPC$Server.call(RPC.java:1227) [hadoop-common-3.3.6.jar:?]
	at org.apache.hadoop.ipc.Server$RpcCall.run(Server.java:1094) [hadoop-common-3.3.6.jar:?]
	at org.apache.hadoop.ipc.Server$RpcCall.run(Server.java:1017) [hadoop-common-3.3.6.jar:?]
	at java.security.AccessController.doPrivileged(Native Method) ~[?:1.8.0_382]
	at javax.security.auth.Subject.doAs(Subject.java:422) [?:1.8.0_382]
	at org.apache.hadoop.security.UserGroupInformation.doAs(UserGroupInformation.java:1899) [hadoop-common-3.3.6.jar:?]
	at org.apache.hadoop.ipc.Server$Handler.run(Server.java:3048) [hadoop-common-3.3.6.jar:?]
09:31:22.883 [IPC Server handler 13 on default port 15004] ERROR OMAudit - user=runner | ip=127.0.0.1 | op=GET_FILE_STATUS {volume=volume76952, bucket=bucket05606, key=testBatchDelete/parent/child4, dataSize=0, replicationConfig=null} | ret=FAILURE
org.apache.hadoop.ozone.om.exceptions.OMException: Unable to get file status: volume: volume76952 bucket: bucket05606 key: testBatchDelete/parent/child4
	at org.apache.hadoop.ozone.om.KeyManagerImpl.getOzoneFileStatus(KeyManagerImpl.java:1195) ~[ozone-manager-1.4.0-SNAPSHOT.jar:?]
	at org.apache.hadoop.ozone.om.KeyManagerImpl.getFileStatus(KeyManagerImpl.java:1113) ~[ozone-manager-1.4.0-SNAPSHOT.jar:?]
	at org.apache.hadoop.ozone.om.OmMetadataReader.getFileStatus(OmMetadataReader.java:262) ~[ozone-manager-1.4.0-SNAPSHOT.jar:?]
	at org.apache.hadoop.ozone.om.OzoneManager.getFileStatus(OzoneManager.java:3513) ~[ozone-manager-1.4.0-SNAPSHOT.jar:?]
	at org.apache.hadoop.ozone.protocolPB.OzoneManagerRequestHandler.getOzoneFileStatus(OzoneManagerRequestHandler.java:973) ~[ozone-manager-1.4.0-SNAPSHOT.jar:?]
	at org.apache.hadoop.ozone.protocolPB.OzoneManagerRequestHandler.handleReadRequest(OzoneManagerRequestHandler.java:252) ~[ozone-manager-1.4.0-SNAPSHOT.jar:?]
	at org.apache.hadoop.ozone.protocolPB.OzoneManagerProtocolServerSideTranslatorPB.submitReadRequestToOM(OzoneManagerProtocolServerSideTranslatorPB.java:225) ~[ozone-manager-1.4.0-SNAPSHOT.jar:?]
	at org.apache.hadoop.ozone.protocolPB.OzoneManagerProtocolServerSideTranslatorPB.processRequest(OzoneManagerProtocolServerSideTranslatorPB.java:179) ~[ozone-manager-1.4.0-SNAPSHOT.jar:?]
	at org.apache.hadoop.hdds.server.OzoneProtocolMessageDispatcher.processRequest(OzoneProtocolMessageDispatcher.java:87) [hdds-server-framework-1.4.0-SNAPSHOT.jar:?]
	at org.apache.hadoop.ozone.protocolPB.OzoneManagerProtocolServerSideTranslatorPB.submitRequest(OzoneManagerProtocolServerSideTranslatorPB.java:148) [ozone-manager-1.4.0-SNAPSHOT.jar:?]
	at org.apache.hadoop.ozone.protocol.proto.OzoneManagerProtocolProtos$OzoneManagerService$2.callBlockingMethod(OzoneManagerProtocolProtos.java) [ozone-interface-client-1.4.0-SNAPSHOT.jar:?]
	at org.apache.hadoop.ipc.ProtobufRpcEngine$Server.processCall(ProtobufRpcEngine.java:484) [hadoop-common-3.3.6.jar:?]
	at org.apache.hadoop.ipc.ProtobufRpcEngine2$Server$ProtoBufRpcInvoker.call(ProtobufRpcEngine2.java:595) [hadoop-common-3.3.6.jar:?]
	at org.apache.hadoop.ipc.ProtobufRpcEngine2$Server$ProtoBufRpcInvoker.call(ProtobufRpcEngine2.java:573) [hadoop-common-3.3.6.jar:?]
	at org.apache.hadoop.ipc.RPC$Server.call(RPC.java:1227) [hadoop-common-3.3.6.jar:?]
	at org.apache.hadoop.ipc.Server$RpcCall.run(Server.java:1094) [hadoop-common-3.3.6.jar:?]
	at org.apache.hadoop.ipc.Server$RpcCall.run(Server.java:1017) [hadoop-common-3.3.6.jar:?]
	at java.security.AccessController.doPrivileged(Native Method) ~[?:1.8.0_382]
	at javax.security.auth.Subject.doAs(Subject.java:422) [?:1.8.0_382]
	at org.apache.hadoop.security.UserGroupInformation.doAs(UserGroupInformation.java:1899) [hadoop-common-3.3.6.jar:?]
	at org.apache.hadoop.ipc.Server$Handler.run(Server.java:3048) [hadoop-common-3.3.6.jar:?]
09:31:22.884 [IPC Server handler 12 on default port 15004] ERROR OMAudit - user=runner | ip=127.0.0.1 | op=GET_FILE_STATUS {volume=volume76952, bucket=bucket05606, key=testBatchDelete/parent/childFolder/child4, dataSize=0, replicationConfig=null} | ret=FAILURE
org.apache.hadoop.ozone.om.exceptions.OMException: Unable to get file status: volume: volume76952 bucket: bucket05606 key: testBatchDelete/parent/childFolder/child4
	at org.apache.hadoop.ozone.om.KeyManagerImpl.getOzoneFileStatus(KeyManagerImpl.java:1195) ~[ozone-manager-1.4.0-SNAPSHOT.jar:?]
	at org.apache.hadoop.ozone.om.KeyManagerImpl.getFileStatus(KeyManagerImpl.java:1113) ~[ozone-manager-1.4.0-SNAPSHOT.jar:?]
	at org.apache.hadoop.ozone.om.OmMetadataReader.getFileStatus(OmMetadataReader.java:262) ~[ozone-manager-1.4.0-SNAPSHOT.jar:?]
	at org.apache.hadoop.ozone.om.OzoneManager.getFileStatus(OzoneManager.java:3513) ~[ozone-manager-1.4.0-SNAPSHOT.jar:?]
	at org.apache.hadoop.ozone.protocolPB.OzoneManagerRequestHandler.getOzoneFileStatus(OzoneManagerRequestHandler.java:973) ~[ozone-manager-1.4.0-SNAPSHOT.jar:?]
	at org.apache.hadoop.ozone.protocolPB.OzoneManagerRequestHandler.handleReadRequest(OzoneManagerRequestHandler.java:252) ~[ozone-manager-1.4.0-SNAPSHOT.jar:?]
	at org.apache.hadoop.ozone.protocolPB.OzoneManagerProtocolServerSideTranslatorPB.submitReadRequestToOM(OzoneManagerProtocolServerSideTranslatorPB.java:225) ~[ozone-manager-1.4.0-SNAPSHOT.jar:?]
	at org.apache.hadoop.ozone.protocolPB.OzoneManagerProtocolServerSideTranslatorPB.processRequest(OzoneManagerProtocolServerSideTranslatorPB.java:179) ~[ozone-manager-1.4.0-SNAPSHOT.jar:?]
	at org.apache.hadoop.hdds.server.OzoneProtocolMessageDispatcher.processRequest(OzoneProtocolMessageDispatcher.java:87) [hdds-server-framework-1.4.0-SNAPSHOT.jar:?]
	at org.apache.hadoop.ozone.protocolPB.OzoneManagerProtocolServerSideTranslatorPB.submitRequest(OzoneManagerProtocolServerSideTranslatorPB.java:148) [ozone-manager-1.4.0-SNAPSHOT.jar:?]
	at org.apache.hadoop.ozone.protocol.proto.OzoneManagerProtocolProtos$OzoneManagerService$2.callBlockingMethod(OzoneManagerProtocolProtos.java) [ozone-interface-client-1.4.0-SNAPSHOT.jar:?]
	at org.apache.hadoop.ipc.ProtobufRpcEngine$Server.processCall(ProtobufRpcEngine.java:484) [hadoop-common-3.3.6.jar:?]
	at org.apache.hadoop.ipc.ProtobufRpcEngine2$Server$ProtoBufRpcInvoker.call(ProtobufRpcEngine2.java:595) [hadoop-common-3.3.6.jar:?]
	at org.apache.hadoop.ipc.ProtobufRpcEngine2$Server$ProtoBufRpcInvoker.call(ProtobufRpcEngine2.java:573) [hadoop-common-3.3.6.jar:?]
	at org.apache.hadoop.ipc.RPC$Server.call(RPC.java:1227) [hadoop-common-3.3.6.jar:?]
	at org.apache.hadoop.ipc.Server$RpcCall.run(Server.java:1094) [hadoop-common-3.3.6.jar:?]
	at org.apache.hadoop.ipc.Server$RpcCall.run(Server.java:1017) [hadoop-common-3.3.6.jar:?]
	at java.security.AccessController.doPrivileged(Native Method) ~[?:1.8.0_382]
	at javax.security.auth.Subject.doAs(Subject.java:422) [?:1.8.0_382]
	at org.apache.hadoop.security.UserGroupInformation.doAs(UserGroupInformation.java:1899) [hadoop-common-3.3.6.jar:?]
	at org.apache.hadoop.ipc.Server$Handler.run(Server.java:3048) [hadoop-common-3.3.6.jar:?]
09:31:22.886 [IPC Server handler 8 on default port 15004] ERROR OMAudit - user=runner | ip=127.0.0.1 | op=GET_FILE_STATUS {volume=volume76952, bucket=bucket05606, key=testBatchDelete/parent/child5, dataSize=0, replicationConfig=null} | ret=FAILURE
org.apache.hadoop.ozone.om.exceptions.OMException: Unable to get file status: volume: volume76952 bucket: bucket05606 key: testBatchDelete/parent/child5
	at org.apache.hadoop.ozone.om.KeyManagerImpl.getOzoneFileStatus(KeyManagerImpl.java:1195) ~[ozone-manager-1.4.0-SNAPSHOT.jar:?]
	at org.apache.hadoop.ozone.om.KeyManagerImpl.getFileStatus(KeyManagerImpl.java:1113) ~[ozone-manager-1.4.0-SNAPSHOT.jar:?]
	at org.apache.hadoop.ozone.om.OmMetadataReader.getFileStatus(OmMetadataReader.java:262) ~[ozone-manager-1.4.0-SNAPSHOT.jar:?]
	at org.apache.hadoop.ozone.om.OzoneManager.getFileStatus(OzoneManager.java:3513) ~[ozone-manager-1.4.0-SNAPSHOT.jar:?]
	at org.apache.hadoop.ozone.protocolPB.OzoneManagerRequestHandler.getOzoneFileStatus(OzoneManagerRequestHandler.java:973) ~[ozone-manager-1.4.0-SNAPSHOT.jar:?]
	at org.apache.hadoop.ozone.protocolPB.OzoneManagerRequestHandler.handleReadRequest(OzoneManagerRequestHandler.java:252) ~[ozone-manager-1.4.0-SNAPSHOT.jar:?]
	at org.apache.hadoop.ozone.protocolPB.OzoneManagerProtocolServerSideTranslatorPB.submitReadRequestToOM(OzoneManagerProtocolServerSideTranslatorPB.java:225) ~[ozone-manager-1.4.0-SNAPSHOT.jar:?]
	at org.apache.hadoop.ozone.protocolPB.OzoneManagerProtocolServerSideTranslatorPB.processRequest(OzoneManagerProtocolServerSideTranslatorPB.java:179) ~[ozone-manager-1.4.0-SNAPSHOT.jar:?]
	at org.apache.hadoop.hdds.server.OzoneProtocolMessageDispatcher.processRequest(OzoneProtocolMessageDispatcher.java:87) [hdds-server-framework-1.4.0-SNAPSHOT.jar:?]
	at org.apache.hadoop.ozone.protocolPB.OzoneManagerProtocolServerSideTranslatorPB.submitRequest(OzoneManagerProtocolServerSideTranslatorPB.java:148) [ozone-manager-1.4.0-SNAPSHOT.jar:?]
	at org.apache.hadoop.ozone.protocol.proto.OzoneManagerProtocolProtos$OzoneManagerService$2.callBlockingMethod(OzoneManagerProtocolProtos.java) [ozone-interface-client-1.4.0-SNAPSHOT.jar:?]
	at org.apache.hadoop.ipc.ProtobufRpcEngine$Server.processCall(ProtobufRpcEngine.java:484) [hadoop-common-3.3.6.jar:?]
	at org.apache.hadoop.ipc.ProtobufRpcEngine2$Server$ProtoBufRpcInvoker.call(ProtobufRpcEngine2.java:595) [hadoop-common-3.3.6.jar:?]
	at org.apache.hadoop.ipc.ProtobufRpcEngine2$Server$ProtoBufRpcInvoker.call(ProtobufRpcEngine2.java:573) [hadoop-common-3.3.6.jar:?]
	at org.apache.hadoop.ipc.RPC$Server.call(RPC.java:1227) [hadoop-common-3.3.6.jar:?]
	at org.apache.hadoop.ipc.Server$RpcCall.run(Server.java:1094) [hadoop-common-3.3.6.jar:?]
	at org.apache.hadoop.ipc.Server$RpcCall.run(Server.java:1017) [hadoop-common-3.3.6.jar:?]
	at java.security.AccessController.doPrivileged(Native Method) ~[?:1.8.0_382]
	at javax.security.auth.Subject.doAs(Subject.java:422) [?:1.8.0_382]
	at org.apache.hadoop.security.UserGroupInformation.doAs(UserGroupInformation.java:1899) [hadoop-common-3.3.6.jar:?]
	at org.apache.hadoop.ipc.Server$Handler.run(Server.java:3048) [hadoop-common-3.3.6.jar:?]
09:31:22.887 [IPC Server handler 11 on default port 15004] ERROR OMAudit - user=runner | ip=127.0.0.1 | op=GET_FILE_STATUS {volume=volume76952, bucket=bucket05606, key=testBatchDelete/parent/childFolder/child5, dataSize=0, replicationConfig=null} | ret=FAILURE
org.apache.hadoop.ozone.om.exceptions.OMException: Unable to get file status: volume: volume76952 bucket: bucket05606 key: testBatchDelete/parent/childFolder/child5
	at org.apache.hadoop.ozone.om.KeyManagerImpl.getOzoneFileStatus(KeyManagerImpl.java:1195) ~[ozone-manager-1.4.0-SNAPSHOT.jar:?]
	at org.apache.hadoop.ozone.om.KeyManagerImpl.getFileStatus(KeyManagerImpl.java:1113) ~[ozone-manager-1.4.0-SNAPSHOT.jar:?]
	at org.apache.hadoop.ozone.om.OmMetadataReader.getFileStatus(OmMetadataReader.java:262) ~[ozone-manager-1.4.0-SNAPSHOT.jar:?]
	at org.apache.hadoop.ozone.om.OzoneManager.getFileStatus(OzoneManager.java:3513) ~[ozone-manager-1.4.0-SNAPSHOT.jar:?]
	at org.apache.hadoop.ozone.protocolPB.OzoneManagerRequestHandler.getOzoneFileStatus(OzoneManagerRequestHandler.java:973) ~[ozone-manager-1.4.0-SNAPSHOT.jar:?]
	at org.apache.hadoop.ozone.protocolPB.OzoneManagerRequestHandler.handleReadRequest(OzoneManagerRequestHandler.java:252) ~[ozone-manager-1.4.0-SNAPSHOT.jar:?]
	at org.apache.hadoop.ozone.protocolPB.OzoneManagerProtocolServerSideTranslatorPB.submitReadRequestToOM(OzoneManagerProtocolServerSideTranslatorPB.java:225) ~[ozone-manager-1.4.0-SNAPSHOT.jar:?]
	at org.apache.hadoop.ozone.protocolPB.OzoneManagerProtocolServerSideTranslatorPB.processRequest(OzoneManagerProtocolServerSideTranslatorPB.java:179) ~[ozone-manager-1.4.0-SNAPSHOT.jar:?]
	at org.apache.hadoop.hdds.server.OzoneProtocolMessageDispatcher.processRequest(OzoneProtocolMessageDispatcher.java:87) [hdds-server-framework-1.4.0-SNAPSHOT.jar:?]
	at org.apache.hadoop.ozone.protocolPB.OzoneManagerProtocolServerSideTranslatorPB.submitRequest(OzoneManagerProtocolServerSideTranslatorPB.java:148) [ozone-manager-1.4.0-SNAPSHOT.jar:?]
	at org.apache.hadoop.ozone.protocol.proto.OzoneManagerProtocolProtos$OzoneManagerService$2.callBlockingMethod(OzoneManagerProtocolProtos.java) [ozone-interface-client-1.4.0-SNAPSHOT.jar:?]
	at org.apache.hadoop.ipc.ProtobufRpcEngine$Server.processCall(ProtobufRpcEngine.java:484) [hadoop-common-3.3.6.jar:?]
	at org.apache.hadoop.ipc.ProtobufRpcEngine2$Server$ProtoBufRpcInvoker.call(ProtobufRpcEngine2.java:595) [hadoop-common-3.3.6.jar:?]
	at org.apache.hadoop.ipc.ProtobufRpcEngine2$Server$ProtoBufRpcInvoker.call(ProtobufRpcEngine2.java:573) [hadoop-common-3.3.6.jar:?]
	at org.apache.hadoop.ipc.RPC$Server.call(RPC.java:1227) [hadoop-common-3.3.6.jar:?]
	at org.apache.hadoop.ipc.Server$RpcCall.run(Server.java:1094) [hadoop-common-3.3.6.jar:?]
	at org.apache.hadoop.ipc.Server$RpcCall.run(Server.java:1017) [hadoop-common-3.3.6.jar:?]
	at java.security.AccessController.doPrivileged(Native Method) ~[?:1.8.0_382]
	at javax.security.auth.Subject.doAs(Subject.java:422) [?:1.8.0_382]
	at org.apache.hadoop.security.UserGroupInformation.doAs(UserGroupInformation.java:1899) [hadoop-common-3.3.6.jar:?]
	at org.apache.hadoop.ipc.Server$Handler.run(Server.java:3048) [hadoop-common-3.3.6.jar:?]
09:31:22.889 [IPC Server handler 10 on default port 15004] ERROR OMAudit - user=runner | ip=127.0.0.1 | op=GET_FILE_STATUS {volume=volume76952, bucket=bucket05606, key=testBatchDelete/parent/child6, dataSize=0, replicationConfig=null} | ret=FAILURE
org.apache.hadoop.ozone.om.exceptions.OMException: Unable to get file status: volume: volume76952 bucket: bucket05606 key: testBatchDelete/parent/child6
	at org.apache.hadoop.ozone.om.KeyManagerImpl.getOzoneFileStatus(KeyManagerImpl.java:1195) ~[ozone-manager-1.4.0-SNAPSHOT.jar:?]
	at org.apache.hadoop.ozone.om.KeyManagerImpl.getFileStatus(KeyManagerImpl.java:1113) ~[ozone-manager-1.4.0-SNAPSHOT.jar:?]
	at org.apache.hadoop.ozone.om.OmMetadataReader.getFileStatus(OmMetadataReader.java:262) ~[ozone-manager-1.4.0-SNAPSHOT.jar:?]
	at org.apache.hadoop.ozone.om.OzoneManager.getFileStatus(OzoneManager.java:3513) ~[ozone-manager-1.4.0-SNAPSHOT.jar:?]
	at org.apache.hadoop.ozone.protocolPB.OzoneManagerRequestHandler.getOzoneFileStatus(OzoneManagerRequestHandler.java:973) ~[ozone-manager-1.4.0-SNAPSHOT.jar:?]
	at org.apache.hadoop.ozone.protocolPB.OzoneManagerRequestHandler.handleReadRequest(OzoneManagerRequestHandler.java:252) ~[ozone-manager-1.4.0-SNAPSHOT.jar:?]
	at org.apache.hadoop.ozone.protocolPB.OzoneManagerProtocolServerSideTranslatorPB.submitReadRequestToOM(OzoneManagerProtocolServerSideTranslatorPB.java:225) ~[ozone-manager-1.4.0-SNAPSHOT.jar:?]
	at org.apache.hadoop.ozone.protocolPB.OzoneManagerProtocolServerSideTranslatorPB.processRequest(OzoneManagerProtocolServerSideTranslatorPB.java:179) ~[ozone-manager-1.4.0-SNAPSHOT.jar:?]
	at org.apache.hadoop.hdds.server.OzoneProtocolMessageDispatcher.processRequest(OzoneProtocolMessageDispatcher.java:87) [hdds-server-framework-1.4.0-SNAPSHOT.jar:?]
	at org.apache.hadoop.ozone.protocolPB.OzoneManagerProtocolServerSideTranslatorPB.submitRequest(OzoneManagerProtocolServerSideTranslatorPB.java:148) [ozone-manager-1.4.0-SNAPSHOT.jar:?]
	at org.apache.hadoop.ozone.protocol.proto.OzoneManagerProtocolProtos$OzoneManagerService$2.callBlockingMethod(OzoneManagerProtocolProtos.java) [ozone-interface-client-1.4.0-SNAPSHOT.jar:?]
	at org.apache.hadoop.ipc.ProtobufRpcEngine$Server.processCall(ProtobufRpcEngine.java:484) [hadoop-common-3.3.6.jar:?]
	at org.apache.hadoop.ipc.ProtobufRpcEngine2$Server$ProtoBufRpcInvoker.call(ProtobufRpcEngine2.java:595) [hadoop-common-3.3.6.jar:?]
	at org.apache.hadoop.ipc.ProtobufRpcEngine2$Server$ProtoBufRpcInvoker.call(ProtobufRpcEngine2.java:573) [hadoop-common-3.3.6.jar:?]
	at org.apache.hadoop.ipc.RPC$Server.call(RPC.java:1227) [hadoop-common-3.3.6.jar:?]
	at org.apache.hadoop.ipc.Server$RpcCall.run(Server.java:1094) [hadoop-common-3.3.6.jar:?]
	at org.apache.hadoop.ipc.Server$RpcCall.run(Server.java:1017) [hadoop-common-3.3.6.jar:?]
	at java.security.AccessController.doPrivileged(Native Method) ~[?:1.8.0_382]
	at javax.security.auth.Subject.doAs(Subject.java:422) [?:1.8.0_382]
	at org.apache.hadoop.security.UserGroupInformation.doAs(UserGroupInformation.java:1899) [hadoop-common-3.3.6.jar:?]
	at org.apache.hadoop.ipc.Server$Handler.run(Server.java:3048) [hadoop-common-3.3.6.jar:?]
09:31:22.890 [IPC Server handler 6 on default port 15004] ERROR OMAudit - user=runner | ip=127.0.0.1 | op=GET_FILE_STATUS {volume=volume76952, bucket=bucket05606, key=testBatchDelete/parent/childFolder/child6, dataSize=0, replicationConfig=null} | ret=FAILURE
org.apache.hadoop.ozone.om.exceptions.OMException: Unable to get file status: volume: volume76952 bucket: bucket05606 key: testBatchDelete/parent/childFolder/child6
	at org.apache.hadoop.ozone.om.KeyManagerImpl.getOzoneFileStatus(KeyManagerImpl.java:1195) ~[ozone-manager-1.4.0-SNAPSHOT.jar:?]
	at org.apache.hadoop.ozone.om.KeyManagerImpl.getFileStatus(KeyManagerImpl.java:1113) ~[ozone-manager-1.4.0-SNAPSHOT.jar:?]
	at org.apache.hadoop.ozone.om.OmMetadataReader.getFileStatus(OmMetadataReader.java:262) ~[ozone-manager-1.4.0-SNAPSHOT.jar:?]
	at org.apache.hadoop.ozone.om.OzoneManager.getFileStatus(OzoneManager.java:3513) ~[ozone-manager-1.4.0-SNAPSHOT.jar:?]
	at org.apache.hadoop.ozone.protocolPB.OzoneManagerRequestHandler.getOzoneFileStatus(OzoneManagerRequestHandler.java:973) ~[ozone-manager-1.4.0-SNAPSHOT.jar:?]
	at org.apache.hadoop.ozone.protocolPB.OzoneManagerRequestHandler.handleReadRequest(OzoneManagerRequestHandler.java:252) ~[ozone-manager-1.4.0-SNAPSHOT.jar:?]
	at org.apache.hadoop.ozone.protocolPB.OzoneManagerProtocolServerSideTranslatorPB.submitReadRequestToOM(OzoneManagerProtocolServerSideTranslatorPB.java:225) ~[ozone-manager-1.4.0-SNAPSHOT.jar:?]
	at org.apache.hadoop.ozone.protocolPB.OzoneManagerProtocolServerSideTranslatorPB.processRequest(OzoneManagerProtocolServerSideTranslatorPB.java:179) ~[ozone-manager-1.4.0-SNAPSHOT.jar:?]
	at org.apache.hadoop.hdds.server.OzoneProtocolMessageDispatcher.processRequest(OzoneProtocolMessageDispatcher.java:87) [hdds-server-framework-1.4.0-SNAPSHOT.jar:?]
	at org.apache.hadoop.ozone.protocolPB.OzoneManagerProtocolServerSideTranslatorPB.submitRequest(OzoneManagerProtocolServerSideTranslatorPB.java:148) [ozone-manager-1.4.0-SNAPSHOT.jar:?]
	at org.apache.hadoop.ozone.protocol.proto.OzoneManagerProtocolProtos$OzoneManagerService$2.callBlockingMethod(OzoneManagerProtocolProtos.java) [ozone-interface-client-1.4.0-SNAPSHOT.jar:?]
	at org.apache.hadoop.ipc.ProtobufRpcEngine$Server.processCall(ProtobufRpcEngine.java:484) [hadoop-common-3.3.6.jar:?]
	at org.apache.hadoop.ipc.ProtobufRpcEngine2$Server$ProtoBufRpcInvoker.call(ProtobufRpcEngine2.java:595) [hadoop-common-3.3.6.jar:?]
	at org.apache.hadoop.ipc.ProtobufRpcEngine2$Server$ProtoBufRpcInvoker.call(ProtobufRpcEngine2.java:573) [hadoop-common-3.3.6.jar:?]
	at org.apache.hadoop.ipc.RPC$Server.call(RPC.java:1227) [hadoop-common-3.3.6.jar:?]
	at org.apache.hadoop.ipc.Server$RpcCall.run(Server.java:1094) [hadoop-common-3.3.6.jar:?]
	at org.apache.hadoop.ipc.Server$RpcCall.run(Server.java:1017) [hadoop-common-3.3.6.jar:?]
	at java.security.AccessController.doPrivileged(Native Method) ~[?:1.8.0_382]
	at javax.security.auth.Subject.doAs(Subject.java:422) [?:1.8.0_382]
	at org.apache.hadoop.security.UserGroupInformation.doAs(UserGroupInformation.java:1899) [hadoop-common-3.3.6.jar:?]
	at org.apache.hadoop.ipc.Server$Handler.run(Server.java:3048) [hadoop-common-3.3.6.jar:?]
09:31:22.891 [IPC Server handler 4 on default port 15004] ERROR OMAudit - user=runner | ip=127.0.0.1 | op=GET_FILE_STATUS {volume=volume76952, bucket=bucket05606, key=testBatchDelete/parent/child7, dataSize=0, replicationConfig=null} | ret=FAILURE
org.apache.hadoop.ozone.om.exceptions.OMException: Unable to get file status: volume: volume76952 bucket: bucket05606 key: testBatchDelete/parent/child7
	at org.apache.hadoop.ozone.om.KeyManagerImpl.getOzoneFileStatus(KeyManagerImpl.java:1195) ~[ozone-manager-1.4.0-SNAPSHOT.jar:?]
	at org.apache.hadoop.ozone.om.KeyManagerImpl.getFileStatus(KeyManagerImpl.java:1113) ~[ozone-manager-1.4.0-SNAPSHOT.jar:?]
	at org.apache.hadoop.ozone.om.OmMetadataReader.getFileStatus(OmMetadataReader.java:262) ~[ozone-manager-1.4.0-SNAPSHOT.jar:?]
	at org.apache.hadoop.ozone.om.OzoneManager.getFileStatus(OzoneManager.java:3513) ~[ozone-manager-1.4.0-SNAPSHOT.jar:?]
	at org.apache.hadoop.ozone.protocolPB.OzoneManagerRequestHandler.getOzoneFileStatus(OzoneManagerRequestHandler.java:973) ~[ozone-manager-1.4.0-SNAPSHOT.jar:?]
	at org.apache.hadoop.ozone.protocolPB.OzoneManagerRequestHandler.handleReadRequest(OzoneManagerRequestHandler.java:252) ~[ozone-manager-1.4.0-SNAPSHOT.jar:?]
	at org.apache.hadoop.ozone.protocolPB.OzoneManagerProtocolServerSideTranslatorPB.submitReadRequestToOM(OzoneManagerProtocolServerSideTranslatorPB.java:225) ~[ozone-manager-1.4.0-SNAPSHOT.jar:?]
	at org.apache.hadoop.ozone.protocolPB.OzoneManagerProtocolServerSideTranslatorPB.processRequest(OzoneManagerProtocolServerSideTranslatorPB.java:179) ~[ozone-manager-1.4.0-SNAPSHOT.jar:?]
	at org.apache.hadoop.hdds.server.OzoneProtocolMessageDispatcher.processRequest(OzoneProtocolMessageDispatcher.java:87) [hdds-server-framework-1.4.0-SNAPSHOT.jar:?]
	at org.apache.hadoop.ozone.protocolPB.OzoneManagerProtocolServerSideTranslatorPB.submitRequest(OzoneManagerProtocolServerSideTranslatorPB.java:148) [ozone-manager-1.4.0-SNAPSHOT.jar:?]
	at org.apache.hadoop.ozone.protocol.proto.OzoneManagerProtocolProtos$OzoneManagerService$2.callBlockingMethod(OzoneManagerProtocolProtos.java) [ozone-interface-client-1.4.0-SNAPSHOT.jar:?]
	at org.apache.hadoop.ipc.ProtobufRpcEngine$Server.processCall(ProtobufRpcEngine.java:484) [hadoop-common-3.3.6.jar:?]
	at org.apache.hadoop.ipc.ProtobufRpcEngine2$Server$ProtoBufRpcInvoker.call(ProtobufRpcEngine2.java:595) [hadoop-common-3.3.6.jar:?]
	at org.apache.hadoop.ipc.ProtobufRpcEngine2$Server$ProtoBufRpcInvoker.call(ProtobufRpcEngine2.java:573) [hadoop-common-3.3.6.jar:?]
	at org.apache.hadoop.ipc.RPC$Server.call(RPC.java:1227) [hadoop-common-3.3.6.jar:?]
	at org.apache.hadoop.ipc.Server$RpcCall.run(Server.java:1094) [hadoop-common-3.3.6.jar:?]
	at org.apache.hadoop.ipc.Server$RpcCall.run(Server.java:1017) [hadoop-common-3.3.6.jar:?]
	at java.security.AccessController.doPrivileged(Native Method) ~[?:1.8.0_382]
	at javax.security.auth.Subject.doAs(Subject.java:422) [?:1.8.0_382]
	at org.apache.hadoop.security.UserGroupInformation.doAs(UserGroupInformation.java:1899) [hadoop-common-3.3.6.jar:?]
	at org.apache.hadoop.ipc.Server$Handler.run(Server.java:3048) [hadoop-common-3.3.6.jar:?]
09:31:22.894 [IPC Server handler 5 on default port 15004] ERROR OMAudit - user=runner | ip=127.0.0.1 | op=GET_FILE_STATUS {volume=volume76952, bucket=bucket05606, key=testBatchDelete/parent/childFolder/child7, dataSize=0, replicationConfig=null} | ret=FAILURE
org.apache.hadoop.ozone.om.exceptions.OMException: Unable to get file status: volume: volume76952 bucket: bucket05606 key: testBatchDelete/parent/childFolder/child7
	at org.apache.hadoop.ozone.om.KeyManagerImpl.getOzoneFileStatus(KeyManagerImpl.java:1195) ~[ozone-manager-1.4.0-SNAPSHOT.jar:?]
	at org.apache.hadoop.ozone.om.KeyManagerImpl.getFileStatus(KeyManagerImpl.java:1113) ~[ozone-manager-1.4.0-SNAPSHOT.jar:?]
	at org.apache.hadoop.ozone.om.OmMetadataReader.getFileStatus(OmMetadataReader.java:262) ~[ozone-manager-1.4.0-SNAPSHOT.jar:?]
	at org.apache.hadoop.ozone.om.OzoneManager.getFileStatus(OzoneManager.java:3513) ~[ozone-manager-1.4.0-SNAPSHOT.jar:?]
	at org.apache.hadoop.ozone.protocolPB.OzoneManagerRequestHandler.getOzoneFileStatus(OzoneManagerRequestHandler.java:973) ~[ozone-manager-1.4.0-SNAPSHOT.jar:?]
	at org.apache.hadoop.ozone.protocolPB.OzoneManagerRequestHandler.handleReadRequest(OzoneManagerRequestHandler.java:252) ~[ozone-manager-1.4.0-SNAPSHOT.jar:?]
	at org.apache.hadoop.ozone.protocolPB.OzoneManagerProtocolServerSideTranslatorPB.submitReadRequestToOM(OzoneManagerProtocolServerSideTranslatorPB.java:225) ~[ozone-manager-1.4.0-SNAPSHOT.jar:?]
	at org.apache.hadoop.ozone.protocolPB.OzoneManagerProtocolServerSideTranslatorPB.processRequest(OzoneManagerProtocolServerSideTranslatorPB.java:179) ~[ozone-manager-1.4.0-SNAPSHOT.jar:?]
	at org.apache.hadoop.hdds.server.OzoneProtocolMessageDispatcher.processRequest(OzoneProtocolMessageDispatcher.java:87) [hdds-server-framework-1.4.0-SNAPSHOT.jar:?]
	at org.apache.hadoop.ozone.protocolPB.OzoneManagerProtocolServerSideTranslatorPB.submitRequest(OzoneManagerProtocolServerSideTranslatorPB.java:148) [ozone-manager-1.4.0-SNAPSHOT.jar:?]
	at org.apache.hadoop.ozone.protocol.proto.OzoneManagerProtocolProtos$OzoneManagerService$2.callBlockingMethod(OzoneManagerProtocolProtos.java) [ozone-interface-client-1.4.0-SNAPSHOT.jar:?]
	at org.apache.hadoop.ipc.ProtobufRpcEngine$Server.processCall(ProtobufRpcEngine.java:484) [hadoop-common-3.3.6.jar:?]
	at org.apache.hadoop.ipc.ProtobufRpcEngine2$Server$ProtoBufRpcInvoker.call(ProtobufRpcEngine2.java:595) [hadoop-common-3.3.6.jar:?]
	at org.apache.hadoop.ipc.ProtobufRpcEngine2$Server$ProtoBufRpcInvoker.call(ProtobufRpcEngine2.java:573) [hadoop-common-3.3.6.jar:?]
	at org.apache.hadoop.ipc.RPC$Server.call(RPC.java:1227) [hadoop-common-3.3.6.jar:?]
	at org.apache.hadoop.ipc.Server$RpcCall.run(Server.java:1094) [hadoop-common-3.3.6.jar:?]
	at org.apache.hadoop.ipc.Server$RpcCall.run(Server.java:1017) [hadoop-common-3.3.6.jar:?]
	at java.security.AccessController.doPrivileged(Native Method) ~[?:1.8.0_382]
	at javax.security.auth.Subject.doAs(Subject.java:422) [?:1.8.0_382]
	at org.apache.hadoop.security.UserGroupInformation.doAs(UserGroupInformation.java:1899) [hadoop-common-3.3.6.jar:?]
	at org.apache.hadoop.ipc.Server$Handler.run(Server.java:3048) [hadoop-common-3.3.6.jar:?]
09:31:22.896 [IPC Server handler 17 on default port 15004] ERROR OMAudit - user=runner | ip=127.0.0.1 | op=GET_FILE_STATUS {volume=volume76952, bucket=bucket05606, key=testBatchDelete/parent, dataSize=0, replicationConfig=null} | ret=FAILURE
org.apache.hadoop.ozone.om.exceptions.OMException: Unable to get file status: volume: volume76952 bucket: bucket05606 key: testBatchDelete/parent
	at org.apache.hadoop.ozone.om.KeyManagerImpl.getOzoneFileStatus(KeyManagerImpl.java:1195) ~[ozone-manager-1.4.0-SNAPSHOT.jar:?]
	at org.apache.hadoop.ozone.om.KeyManagerImpl.getFileStatus(KeyManagerImpl.java:1113) ~[ozone-manager-1.4.0-SNAPSHOT.jar:?]
	at org.apache.hadoop.ozone.om.OmMetadataReader.getFileStatus(OmMetadataReader.java:262) ~[ozone-manager-1.4.0-SNAPSHOT.jar:?]
	at org.apache.hadoop.ozone.om.OzoneManager.getFileStatus(OzoneManager.java:3513) ~[ozone-manager-1.4.0-SNAPSHOT.jar:?]
	at org.apache.hadoop.ozone.protocolPB.OzoneManagerRequestHandler.getOzoneFileStatus(OzoneManagerRequestHandler.java:973) ~[ozone-manager-1.4.0-SNAPSHOT.jar:?]
	at org.apache.hadoop.ozone.protocolPB.OzoneManagerRequestHandler.handleReadRequest(OzoneManagerRequestHandler.java:252) ~[ozone-manager-1.4.0-SNAPSHOT.jar:?]
	at org.apache.hadoop.ozone.protocolPB.OzoneManagerProtocolServerSideTranslatorPB.submitReadRequestToOM(OzoneManagerProtocolServerSideTranslatorPB.java:225) ~[ozone-manager-1.4.0-SNAPSHOT.jar:?]
	at org.apache.hadoop.ozone.protocolPB.OzoneManagerProtocolServerSideTranslatorPB.processRequest(OzoneManagerProtocolServerSideTranslatorPB.java:179) ~[ozone-manager-1.4.0-SNAPSHOT.jar:?]
	at org.apache.hadoop.hdds.server.OzoneProtocolMessageDispatcher.processRequest(OzoneProtocolMessageDispatcher.java:87) [hdds-server-framework-1.4.0-SNAPSHOT.jar:?]
	at org.apache.hadoop.ozone.protocolPB.OzoneManagerProtocolServerSideTranslatorPB.submitRequest(OzoneManagerProtocolServerSideTranslatorPB.java:148) [ozone-manager-1.4.0-SNAPSHOT.jar:?]
	at org.apache.hadoop.ozone.protocol.proto.OzoneManagerProtocolProtos$OzoneManagerService$2.callBlockingMethod(OzoneManagerProtocolProtos.java) [ozone-interface-client-1.4.0-SNAPSHOT.jar:?]
	at org.apache.hadoop.ipc.ProtobufRpcEngine$Server.processCall(ProtobufRpcEngine.java:484) [hadoop-common-3.3.6.jar:?]
	at org.apache.hadoop.ipc.ProtobufRpcEngine2$Server$ProtoBufRpcInvoker.call(ProtobufRpcEngine2.java:595) [hadoop-common-3.3.6.jar:?]
	at org.apache.hadoop.ipc.ProtobufRpcEngine2$Server$ProtoBufRpcInvoker.call(ProtobufRpcEngine2.java:573) [hadoop-common-3.3.6.jar:?]
	at org.apache.hadoop.ipc.RPC$Server.call(RPC.java:1227) [hadoop-common-3.3.6.jar:?]
	at org.apache.hadoop.ipc.Server$RpcCall.run(Server.java:1094) [hadoop-common-3.3.6.jar:?]
	at org.apache.hadoop.ipc.Server$RpcCall.run(Server.java:1017) [hadoop-common-3.3.6.jar:?]
	at java.security.AccessController.doPrivileged(Native Method) ~[?:1.8.0_382]
	at javax.security.auth.Subject.doAs(Subject.java:422) [?:1.8.0_382]
	at org.apache.hadoop.security.UserGroupInformation.doAs(UserGroupInformation.java:1899) [hadoop-common-3.3.6.jar:?]
	at org.apache.hadoop.ipc.Server$Handler.run(Server.java:3048) [hadoop-common-3.3.6.jar:?]
2023-08-28 09:31:22,896 [Time-limited test] WARN  ozone.BasicOzoneFileSystem (BasicOzoneFileSystem.java:delete(595)) - delete: Path does not exist: /testBatchDelete/parent
]]></system-out>
  </testcase>
  <testcase name="testFileDelete" classname="TestOzoneFileSystem" time="0.107">
    <system-out><![CDATA[09:32:47.899 [IPC Server handler 6 on default port 15057] ERROR OMAudit - user=runner | ip=127.0.0.1 | op=GET_FILE_STATUS {volume=volume78214, bucket=bucket62222, key=testBatchDelete, dataSize=0, replicationConfig=null} | ret=FAILURE
org.apache.hadoop.ozone.om.exceptions.OMException: Unable to get file status: volume: volume78214 bucket: bucket62222 key: testBatchDelete
	at org.apache.hadoop.ozone.om.KeyManagerImpl.getOzoneFileStatus(KeyManagerImpl.java:1195) ~[ozone-manager-1.4.0-SNAPSHOT.jar:?]
	at org.apache.hadoop.ozone.om.KeyManagerImpl.getFileStatus(KeyManagerImpl.java:1113) ~[ozone-manager-1.4.0-SNAPSHOT.jar:?]
	at org.apache.hadoop.ozone.om.OmMetadataReader.getFileStatus(OmMetadataReader.java:262) ~[ozone-manager-1.4.0-SNAPSHOT.jar:?]
	at org.apache.hadoop.ozone.om.OzoneManager.getFileStatus(OzoneManager.java:3513) ~[ozone-manager-1.4.0-SNAPSHOT.jar:?]
	at org.apache.hadoop.ozone.protocolPB.OzoneManagerRequestHandler.getOzoneFileStatus(OzoneManagerRequestHandler.java:973) ~[ozone-manager-1.4.0-SNAPSHOT.jar:?]
	at org.apache.hadoop.ozone.protocolPB.OzoneManagerRequestHandler.handleReadRequest(OzoneManagerRequestHandler.java:252) ~[ozone-manager-1.4.0-SNAPSHOT.jar:?]
	at org.apache.hadoop.ozone.protocolPB.OzoneManagerProtocolServerSideTranslatorPB.submitRequestDirectlyToOM(OzoneManagerProtocolServerSideTranslatorPB.java:274) ~[ozone-manager-1.4.0-SNAPSHOT.jar:?]
	at org.apache.hadoop.ozone.protocolPB.OzoneManagerProtocolServerSideTranslatorPB.processRequest(OzoneManagerProtocolServerSideTranslatorPB.java:175) ~[ozone-manager-1.4.0-SNAPSHOT.jar:?]
	at org.apache.hadoop.hdds.server.OzoneProtocolMessageDispatcher.processRequest(OzoneProtocolMessageDispatcher.java:87) [hdds-server-framework-1.4.0-SNAPSHOT.jar:?]
	at org.apache.hadoop.ozone.protocolPB.OzoneManagerProtocolServerSideTranslatorPB.submitRequest(OzoneManagerProtocolServerSideTranslatorPB.java:148) [ozone-manager-1.4.0-SNAPSHOT.jar:?]
	at org.apache.hadoop.ozone.protocol.proto.OzoneManagerProtocolProtos$OzoneManagerService$2.callBlockingMethod(OzoneManagerProtocolProtos.java) [ozone-interface-client-1.4.0-SNAPSHOT.jar:?]
	at org.apache.hadoop.ipc.ProtobufRpcEngine$Server.processCall(ProtobufRpcEngine.java:484) [hadoop-common-3.3.6.jar:?]
	at org.apache.hadoop.ipc.ProtobufRpcEngine2$Server$ProtoBufRpcInvoker.call(ProtobufRpcEngine2.java:595) [hadoop-common-3.3.6.jar:?]
	at org.apache.hadoop.ipc.ProtobufRpcEngine2$Server$ProtoBufRpcInvoker.call(ProtobufRpcEngine2.java:573) [hadoop-common-3.3.6.jar:?]
	at org.apache.hadoop.ipc.RPC$Server.call(RPC.java:1227) [hadoop-common-3.3.6.jar:?]
	at org.apache.hadoop.ipc.Server$RpcCall.run(Server.java:1094) [hadoop-common-3.3.6.jar:?]
	at org.apache.hadoop.ipc.Server$RpcCall.run(Server.java:1017) [hadoop-common-3.3.6.jar:?]
	at java.security.AccessController.doPrivileged(Native Method) ~[?:1.8.0_382]
	at javax.security.auth.Subject.doAs(Subject.java:422) [?:1.8.0_382]
	at org.apache.hadoop.security.UserGroupInformation.doAs(UserGroupInformation.java:1899) [hadoop-common-3.3.6.jar:?]
	at org.apache.hadoop.ipc.Server$Handler.run(Server.java:3048) [hadoop-common-3.3.6.jar:?]
09:32:47.900 [IPC Server handler 12 on default port 15057] ERROR OMAudit - user=runner | ip=127.0.0.1 | op=GET_FILE_STATUS {volume=volume78214, bucket=bucket62222, key=testBatchDelete/parent/child0, dataSize=0, replicationConfig=null} | ret=FAILURE
org.apache.hadoop.ozone.om.exceptions.OMException: Unable to get file status: volume: volume78214 bucket: bucket62222 key: testBatchDelete/parent/child0
	at org.apache.hadoop.ozone.om.KeyManagerImpl.getOzoneFileStatus(KeyManagerImpl.java:1195) ~[ozone-manager-1.4.0-SNAPSHOT.jar:?]
	at org.apache.hadoop.ozone.om.KeyManagerImpl.getFileStatus(KeyManagerImpl.java:1113) ~[ozone-manager-1.4.0-SNAPSHOT.jar:?]
	at org.apache.hadoop.ozone.om.OmMetadataReader.getFileStatus(OmMetadataReader.java:262) ~[ozone-manager-1.4.0-SNAPSHOT.jar:?]
	at org.apache.hadoop.ozone.om.OzoneManager.getFileStatus(OzoneManager.java:3513) ~[ozone-manager-1.4.0-SNAPSHOT.jar:?]
	at org.apache.hadoop.ozone.protocolPB.OzoneManagerRequestHandler.getOzoneFileStatus(OzoneManagerRequestHandler.java:973) ~[ozone-manager-1.4.0-SNAPSHOT.jar:?]
	at org.apache.hadoop.ozone.protocolPB.OzoneManagerRequestHandler.handleReadRequest(OzoneManagerRequestHandler.java:252) ~[ozone-manager-1.4.0-SNAPSHOT.jar:?]
	at org.apache.hadoop.ozone.protocolPB.OzoneManagerProtocolServerSideTranslatorPB.submitRequestDirectlyToOM(OzoneManagerProtocolServerSideTranslatorPB.java:274) ~[ozone-manager-1.4.0-SNAPSHOT.jar:?]
	at org.apache.hadoop.ozone.protocolPB.OzoneManagerProtocolServerSideTranslatorPB.processRequest(OzoneManagerProtocolServerSideTranslatorPB.java:175) ~[ozone-manager-1.4.0-SNAPSHOT.jar:?]
	at org.apache.hadoop.hdds.server.OzoneProtocolMessageDispatcher.processRequest(OzoneProtocolMessageDispatcher.java:87) [hdds-server-framework-1.4.0-SNAPSHOT.jar:?]
	at org.apache.hadoop.ozone.protocolPB.OzoneManagerProtocolServerSideTranslatorPB.submitRequest(OzoneManagerProtocolServerSideTranslatorPB.java:148) [ozone-manager-1.4.0-SNAPSHOT.jar:?]
	at org.apache.hadoop.ozone.protocol.proto.OzoneManagerProtocolProtos$OzoneManagerService$2.callBlockingMethod(OzoneManagerProtocolProtos.java) [ozone-interface-client-1.4.0-SNAPSHOT.jar:?]
	at org.apache.hadoop.ipc.ProtobufRpcEngine$Server.processCall(ProtobufRpcEngine.java:484) [hadoop-common-3.3.6.jar:?]
	at org.apache.hadoop.ipc.ProtobufRpcEngine2$Server$ProtoBufRpcInvoker.call(ProtobufRpcEngine2.java:595) [hadoop-common-3.3.6.jar:?]
	at org.apache.hadoop.ipc.ProtobufRpcEngine2$Server$ProtoBufRpcInvoker.call(ProtobufRpcEngine2.java:573) [hadoop-common-3.3.6.jar:?]
	at org.apache.hadoop.ipc.RPC$Server.call(RPC.java:1227) [hadoop-common-3.3.6.jar:?]
	at org.apache.hadoop.ipc.Server$RpcCall.run(Server.java:1094) [hadoop-common-3.3.6.jar:?]
	at org.apache.hadoop.ipc.Server$RpcCall.run(Server.java:1017) [hadoop-common-3.3.6.jar:?]
	at java.security.AccessController.doPrivileged(Native Method) ~[?:1.8.0_382]
	at javax.security.auth.Subject.doAs(Subject.java:422) [?:1.8.0_382]
	at org.apache.hadoop.security.UserGroupInformation.doAs(UserGroupInformation.java:1899) [hadoop-common-3.3.6.jar:?]
	at org.apache.hadoop.ipc.Server$Handler.run(Server.java:3048) [hadoop-common-3.3.6.jar:?]
09:32:47.901 [IPC Server handler 10 on default port 15057] ERROR OMAudit - user=runner | ip=127.0.0.1 | op=GET_FILE_STATUS {volume=volume78214, bucket=bucket62222, key=testBatchDelete/parent/childFolder/child0, dataSize=0, replicationConfig=null} | ret=FAILURE
org.apache.hadoop.ozone.om.exceptions.OMException: Unable to get file status: volume: volume78214 bucket: bucket62222 key: testBatchDelete/parent/childFolder/child0
	at org.apache.hadoop.ozone.om.KeyManagerImpl.getOzoneFileStatus(KeyManagerImpl.java:1195) ~[ozone-manager-1.4.0-SNAPSHOT.jar:?]
	at org.apache.hadoop.ozone.om.KeyManagerImpl.getFileStatus(KeyManagerImpl.java:1113) ~[ozone-manager-1.4.0-SNAPSHOT.jar:?]
	at org.apache.hadoop.ozone.om.OmMetadataReader.getFileStatus(OmMetadataReader.java:262) ~[ozone-manager-1.4.0-SNAPSHOT.jar:?]
	at org.apache.hadoop.ozone.om.OzoneManager.getFileStatus(OzoneManager.java:3513) ~[ozone-manager-1.4.0-SNAPSHOT.jar:?]
	at org.apache.hadoop.ozone.protocolPB.OzoneManagerRequestHandler.getOzoneFileStatus(OzoneManagerRequestHandler.java:973) ~[ozone-manager-1.4.0-SNAPSHOT.jar:?]
	at org.apache.hadoop.ozone.protocolPB.OzoneManagerRequestHandler.handleReadRequest(OzoneManagerRequestHandler.java:252) ~[ozone-manager-1.4.0-SNAPSHOT.jar:?]
	at org.apache.hadoop.ozone.protocolPB.OzoneManagerProtocolServerSideTranslatorPB.submitRequestDirectlyToOM(OzoneManagerProtocolServerSideTranslatorPB.java:274) ~[ozone-manager-1.4.0-SNAPSHOT.jar:?]
	at org.apache.hadoop.ozone.protocolPB.OzoneManagerProtocolServerSideTranslatorPB.processRequest(OzoneManagerProtocolServerSideTranslatorPB.java:175) ~[ozone-manager-1.4.0-SNAPSHOT.jar:?]
	at org.apache.hadoop.hdds.server.OzoneProtocolMessageDispatcher.processRequest(OzoneProtocolMessageDispatcher.java:87) [hdds-server-framework-1.4.0-SNAPSHOT.jar:?]
	at org.apache.hadoop.ozone.protocolPB.OzoneManagerProtocolServerSideTranslatorPB.submitRequest(OzoneManagerProtocolServerSideTranslatorPB.java:148) [ozone-manager-1.4.0-SNAPSHOT.jar:?]
	at org.apache.hadoop.ozone.protocol.proto.OzoneManagerProtocolProtos$OzoneManagerService$2.callBlockingMethod(OzoneManagerProtocolProtos.java) [ozone-interface-client-1.4.0-SNAPSHOT.jar:?]
	at org.apache.hadoop.ipc.ProtobufRpcEngine$Server.processCall(ProtobufRpcEngine.java:484) [hadoop-common-3.3.6.jar:?]
	at org.apache.hadoop.ipc.ProtobufRpcEngine2$Server$ProtoBufRpcInvoker.call(ProtobufRpcEngine2.java:595) [hadoop-common-3.3.6.jar:?]
	at org.apache.hadoop.ipc.ProtobufRpcEngine2$Server$ProtoBufRpcInvoker.call(ProtobufRpcEngine2.java:573) [hadoop-common-3.3.6.jar:?]
	at org.apache.hadoop.ipc.RPC$Server.call(RPC.java:1227) [hadoop-common-3.3.6.jar:?]
	at org.apache.hadoop.ipc.Server$RpcCall.run(Server.java:1094) [hadoop-common-3.3.6.jar:?]
	at org.apache.hadoop.ipc.Server$RpcCall.run(Server.java:1017) [hadoop-common-3.3.6.jar:?]
	at java.security.AccessController.doPrivileged(Native Method) ~[?:1.8.0_382]
	at javax.security.auth.Subject.doAs(Subject.java:422) [?:1.8.0_382]
	at org.apache.hadoop.security.UserGroupInformation.doAs(UserGroupInformation.java:1899) [hadoop-common-3.3.6.jar:?]
	at org.apache.hadoop.ipc.Server$Handler.run(Server.java:3048) [hadoop-common-3.3.6.jar:?]
09:32:47.902 [IPC Server handler 11 on default port 15057] ERROR OMAudit - user=runner | ip=127.0.0.1 | op=GET_FILE_STATUS {volume=volume78214, bucket=bucket62222, key=testBatchDelete/parent/child1, dataSize=0, replicationConfig=null} | ret=FAILURE
org.apache.hadoop.ozone.om.exceptions.OMException: Unable to get file status: volume: volume78214 bucket: bucket62222 key: testBatchDelete/parent/child1
	at org.apache.hadoop.ozone.om.KeyManagerImpl.getOzoneFileStatus(KeyManagerImpl.java:1195) ~[ozone-manager-1.4.0-SNAPSHOT.jar:?]
	at org.apache.hadoop.ozone.om.KeyManagerImpl.getFileStatus(KeyManagerImpl.java:1113) ~[ozone-manager-1.4.0-SNAPSHOT.jar:?]
	at org.apache.hadoop.ozone.om.OmMetadataReader.getFileStatus(OmMetadataReader.java:262) ~[ozone-manager-1.4.0-SNAPSHOT.jar:?]
	at org.apache.hadoop.ozone.om.OzoneManager.getFileStatus(OzoneManager.java:3513) ~[ozone-manager-1.4.0-SNAPSHOT.jar:?]
	at org.apache.hadoop.ozone.protocolPB.OzoneManagerRequestHandler.getOzoneFileStatus(OzoneManagerRequestHandler.java:973) ~[ozone-manager-1.4.0-SNAPSHOT.jar:?]
	at org.apache.hadoop.ozone.protocolPB.OzoneManagerRequestHandler.handleReadRequest(OzoneManagerRequestHandler.java:252) ~[ozone-manager-1.4.0-SNAPSHOT.jar:?]
	at org.apache.hadoop.ozone.protocolPB.OzoneManagerProtocolServerSideTranslatorPB.submitRequestDirectlyToOM(OzoneManagerProtocolServerSideTranslatorPB.java:274) ~[ozone-manager-1.4.0-SNAPSHOT.jar:?]
	at org.apache.hadoop.ozone.protocolPB.OzoneManagerProtocolServerSideTranslatorPB.processRequest(OzoneManagerProtocolServerSideTranslatorPB.java:175) ~[ozone-manager-1.4.0-SNAPSHOT.jar:?]
	at org.apache.hadoop.hdds.server.OzoneProtocolMessageDispatcher.processRequest(OzoneProtocolMessageDispatcher.java:87) [hdds-server-framework-1.4.0-SNAPSHOT.jar:?]
	at org.apache.hadoop.ozone.protocolPB.OzoneManagerProtocolServerSideTranslatorPB.submitRequest(OzoneManagerProtocolServerSideTranslatorPB.java:148) [ozone-manager-1.4.0-SNAPSHOT.jar:?]
	at org.apache.hadoop.ozone.protocol.proto.OzoneManagerProtocolProtos$OzoneManagerService$2.callBlockingMethod(OzoneManagerProtocolProtos.java) [ozone-interface-client-1.4.0-SNAPSHOT.jar:?]
	at org.apache.hadoop.ipc.ProtobufRpcEngine$Server.processCall(ProtobufRpcEngine.java:484) [hadoop-common-3.3.6.jar:?]
	at org.apache.hadoop.ipc.ProtobufRpcEngine2$Server$ProtoBufRpcInvoker.call(ProtobufRpcEngine2.java:595) [hadoop-common-3.3.6.jar:?]
	at org.apache.hadoop.ipc.ProtobufRpcEngine2$Server$ProtoBufRpcInvoker.call(ProtobufRpcEngine2.java:573) [hadoop-common-3.3.6.jar:?]
	at org.apache.hadoop.ipc.RPC$Server.call(RPC.java:1227) [hadoop-common-3.3.6.jar:?]
	at org.apache.hadoop.ipc.Server$RpcCall.run(Server.java:1094) [hadoop-common-3.3.6.jar:?]
	at org.apache.hadoop.ipc.Server$RpcCall.run(Server.java:1017) [hadoop-common-3.3.6.jar:?]
	at java.security.AccessController.doPrivileged(Native Method) ~[?:1.8.0_382]
	at javax.security.auth.Subject.doAs(Subject.java:422) [?:1.8.0_382]
	at org.apache.hadoop.security.UserGroupInformation.doAs(UserGroupInformation.java:1899) [hadoop-common-3.3.6.jar:?]
	at org.apache.hadoop.ipc.Server$Handler.run(Server.java:3048) [hadoop-common-3.3.6.jar:?]
09:32:47.903 [IPC Server handler 13 on default port 15057] ERROR OMAudit - user=runner | ip=127.0.0.1 | op=GET_FILE_STATUS {volume=volume78214, bucket=bucket62222, key=testBatchDelete/parent/childFolder/child1, dataSize=0, replicationConfig=null} | ret=FAILURE
org.apache.hadoop.ozone.om.exceptions.OMException: Unable to get file status: volume: volume78214 bucket: bucket62222 key: testBatchDelete/parent/childFolder/child1
	at org.apache.hadoop.ozone.om.KeyManagerImpl.getOzoneFileStatus(KeyManagerImpl.java:1195) ~[ozone-manager-1.4.0-SNAPSHOT.jar:?]
	at org.apache.hadoop.ozone.om.KeyManagerImpl.getFileStatus(KeyManagerImpl.java:1113) ~[ozone-manager-1.4.0-SNAPSHOT.jar:?]
	at org.apache.hadoop.ozone.om.OmMetadataReader.getFileStatus(OmMetadataReader.java:262) ~[ozone-manager-1.4.0-SNAPSHOT.jar:?]
	at org.apache.hadoop.ozone.om.OzoneManager.getFileStatus(OzoneManager.java:3513) ~[ozone-manager-1.4.0-SNAPSHOT.jar:?]
	at org.apache.hadoop.ozone.protocolPB.OzoneManagerRequestHandler.getOzoneFileStatus(OzoneManagerRequestHandler.java:973) ~[ozone-manager-1.4.0-SNAPSHOT.jar:?]
	at org.apache.hadoop.ozone.protocolPB.OzoneManagerRequestHandler.handleReadRequest(OzoneManagerRequestHandler.java:252) ~[ozone-manager-1.4.0-SNAPSHOT.jar:?]
	at org.apache.hadoop.ozone.protocolPB.OzoneManagerProtocolServerSideTranslatorPB.submitRequestDirectlyToOM(OzoneManagerProtocolServerSideTranslatorPB.java:274) ~[ozone-manager-1.4.0-SNAPSHOT.jar:?]
	at org.apache.hadoop.ozone.protocolPB.OzoneManagerProtocolServerSideTranslatorPB.processRequest(OzoneManagerProtocolServerSideTranslatorPB.java:175) ~[ozone-manager-1.4.0-SNAPSHOT.jar:?]
	at org.apache.hadoop.hdds.server.OzoneProtocolMessageDispatcher.processRequest(OzoneProtocolMessageDispatcher.java:87) [hdds-server-framework-1.4.0-SNAPSHOT.jar:?]
	at org.apache.hadoop.ozone.protocolPB.OzoneManagerProtocolServerSideTranslatorPB.submitRequest(OzoneManagerProtocolServerSideTranslatorPB.java:148) [ozone-manager-1.4.0-SNAPSHOT.jar:?]
	at org.apache.hadoop.ozone.protocol.proto.OzoneManagerProtocolProtos$OzoneManagerService$2.callBlockingMethod(OzoneManagerProtocolProtos.java) [ozone-interface-client-1.4.0-SNAPSHOT.jar:?]
	at org.apache.hadoop.ipc.ProtobufRpcEngine$Server.processCall(ProtobufRpcEngine.java:484) [hadoop-common-3.3.6.jar:?]
	at org.apache.hadoop.ipc.ProtobufRpcEngine2$Server$ProtoBufRpcInvoker.call(ProtobufRpcEngine2.java:595) [hadoop-common-3.3.6.jar:?]
	at org.apache.hadoop.ipc.ProtobufRpcEngine2$Server$ProtoBufRpcInvoker.call(ProtobufRpcEngine2.java:573) [hadoop-common-3.3.6.jar:?]
	at org.apache.hadoop.ipc.RPC$Server.call(RPC.java:1227) [hadoop-common-3.3.6.jar:?]
	at org.apache.hadoop.ipc.Server$RpcCall.run(Server.java:1094) [hadoop-common-3.3.6.jar:?]
	at org.apache.hadoop.ipc.Server$RpcCall.run(Server.java:1017) [hadoop-common-3.3.6.jar:?]
	at java.security.AccessController.doPrivileged(Native Method) ~[?:1.8.0_382]
	at javax.security.auth.Subject.doAs(Subject.java:422) [?:1.8.0_382]
	at org.apache.hadoop.security.UserGroupInformation.doAs(UserGroupInformation.java:1899) [hadoop-common-3.3.6.jar:?]
	at org.apache.hadoop.ipc.Server$Handler.run(Server.java:3048) [hadoop-common-3.3.6.jar:?]
09:32:47.904 [IPC Server handler 4 on default port 15057] ERROR OMAudit - user=runner | ip=127.0.0.1 | op=GET_FILE_STATUS {volume=volume78214, bucket=bucket62222, key=testBatchDelete/parent/child2, dataSize=0, replicationConfig=null} | ret=FAILURE
org.apache.hadoop.ozone.om.exceptions.OMException: Unable to get file status: volume: volume78214 bucket: bucket62222 key: testBatchDelete/parent/child2
	at org.apache.hadoop.ozone.om.KeyManagerImpl.getOzoneFileStatus(KeyManagerImpl.java:1195) ~[ozone-manager-1.4.0-SNAPSHOT.jar:?]
	at org.apache.hadoop.ozone.om.KeyManagerImpl.getFileStatus(KeyManagerImpl.java:1113) ~[ozone-manager-1.4.0-SNAPSHOT.jar:?]
	at org.apache.hadoop.ozone.om.OmMetadataReader.getFileStatus(OmMetadataReader.java:262) ~[ozone-manager-1.4.0-SNAPSHOT.jar:?]
	at org.apache.hadoop.ozone.om.OzoneManager.getFileStatus(OzoneManager.java:3513) ~[ozone-manager-1.4.0-SNAPSHOT.jar:?]
	at org.apache.hadoop.ozone.protocolPB.OzoneManagerRequestHandler.getOzoneFileStatus(OzoneManagerRequestHandler.java:973) ~[ozone-manager-1.4.0-SNAPSHOT.jar:?]
	at org.apache.hadoop.ozone.protocolPB.OzoneManagerRequestHandler.handleReadRequest(OzoneManagerRequestHandler.java:252) ~[ozone-manager-1.4.0-SNAPSHOT.jar:?]
	at org.apache.hadoop.ozone.protocolPB.OzoneManagerProtocolServerSideTranslatorPB.submitRequestDirectlyToOM(OzoneManagerProtocolServerSideTranslatorPB.java:274) ~[ozone-manager-1.4.0-SNAPSHOT.jar:?]
	at org.apache.hadoop.ozone.protocolPB.OzoneManagerProtocolServerSideTranslatorPB.processRequest(OzoneManagerProtocolServerSideTranslatorPB.java:175) ~[ozone-manager-1.4.0-SNAPSHOT.jar:?]
	at org.apache.hadoop.hdds.server.OzoneProtocolMessageDispatcher.processRequest(OzoneProtocolMessageDispatcher.java:87) [hdds-server-framework-1.4.0-SNAPSHOT.jar:?]
	at org.apache.hadoop.ozone.protocolPB.OzoneManagerProtocolServerSideTranslatorPB.submitRequest(OzoneManagerProtocolServerSideTranslatorPB.java:148) [ozone-manager-1.4.0-SNAPSHOT.jar:?]
	at org.apache.hadoop.ozone.protocol.proto.OzoneManagerProtocolProtos$OzoneManagerService$2.callBlockingMethod(OzoneManagerProtocolProtos.java) [ozone-interface-client-1.4.0-SNAPSHOT.jar:?]
	at org.apache.hadoop.ipc.ProtobufRpcEngine$Server.processCall(ProtobufRpcEngine.java:484) [hadoop-common-3.3.6.jar:?]
	at org.apache.hadoop.ipc.ProtobufRpcEngine2$Server$ProtoBufRpcInvoker.call(ProtobufRpcEngine2.java:595) [hadoop-common-3.3.6.jar:?]
	at org.apache.hadoop.ipc.ProtobufRpcEngine2$Server$ProtoBufRpcInvoker.call(ProtobufRpcEngine2.java:573) [hadoop-common-3.3.6.jar:?]
	at org.apache.hadoop.ipc.RPC$Server.call(RPC.java:1227) [hadoop-common-3.3.6.jar:?]
	at org.apache.hadoop.ipc.Server$RpcCall.run(Server.java:1094) [hadoop-common-3.3.6.jar:?]
	at org.apache.hadoop.ipc.Server$RpcCall.run(Server.java:1017) [hadoop-common-3.3.6.jar:?]
	at java.security.AccessController.doPrivileged(Native Method) ~[?:1.8.0_382]
	at javax.security.auth.Subject.doAs(Subject.java:422) [?:1.8.0_382]
	at org.apache.hadoop.security.UserGroupInformation.doAs(UserGroupInformation.java:1899) [hadoop-common-3.3.6.jar:?]
	at org.apache.hadoop.ipc.Server$Handler.run(Server.java:3048) [hadoop-common-3.3.6.jar:?]
09:32:47.905 [IPC Server handler 9 on default port 15057] ERROR OMAudit - user=runner | ip=127.0.0.1 | op=GET_FILE_STATUS {volume=volume78214, bucket=bucket62222, key=testBatchDelete/parent/childFolder/child2, dataSize=0, replicationConfig=null} | ret=FAILURE
org.apache.hadoop.ozone.om.exceptions.OMException: Unable to get file status: volume: volume78214 bucket: bucket62222 key: testBatchDelete/parent/childFolder/child2
	at org.apache.hadoop.ozone.om.KeyManagerImpl.getOzoneFileStatus(KeyManagerImpl.java:1195) ~[ozone-manager-1.4.0-SNAPSHOT.jar:?]
	at org.apache.hadoop.ozone.om.KeyManagerImpl.getFileStatus(KeyManagerImpl.java:1113) ~[ozone-manager-1.4.0-SNAPSHOT.jar:?]
	at org.apache.hadoop.ozone.om.OmMetadataReader.getFileStatus(OmMetadataReader.java:262) ~[ozone-manager-1.4.0-SNAPSHOT.jar:?]
	at org.apache.hadoop.ozone.om.OzoneManager.getFileStatus(OzoneManager.java:3513) ~[ozone-manager-1.4.0-SNAPSHOT.jar:?]
	at org.apache.hadoop.ozone.protocolPB.OzoneManagerRequestHandler.getOzoneFileStatus(OzoneManagerRequestHandler.java:973) ~[ozone-manager-1.4.0-SNAPSHOT.jar:?]
	at org.apache.hadoop.ozone.protocolPB.OzoneManagerRequestHandler.handleReadRequest(OzoneManagerRequestHandler.java:252) ~[ozone-manager-1.4.0-SNAPSHOT.jar:?]
	at org.apache.hadoop.ozone.protocolPB.OzoneManagerProtocolServerSideTranslatorPB.submitRequestDirectlyToOM(OzoneManagerProtocolServerSideTranslatorPB.java:274) ~[ozone-manager-1.4.0-SNAPSHOT.jar:?]
	at org.apache.hadoop.ozone.protocolPB.OzoneManagerProtocolServerSideTranslatorPB.processRequest(OzoneManagerProtocolServerSideTranslatorPB.java:175) ~[ozone-manager-1.4.0-SNAPSHOT.jar:?]
	at org.apache.hadoop.hdds.server.OzoneProtocolMessageDispatcher.processRequest(OzoneProtocolMessageDispatcher.java:87) [hdds-server-framework-1.4.0-SNAPSHOT.jar:?]
	at org.apache.hadoop.ozone.protocolPB.OzoneManagerProtocolServerSideTranslatorPB.submitRequest(OzoneManagerProtocolServerSideTranslatorPB.java:148) [ozone-manager-1.4.0-SNAPSHOT.jar:?]
	at org.apache.hadoop.ozone.protocol.proto.OzoneManagerProtocolProtos$OzoneManagerService$2.callBlockingMethod(OzoneManagerProtocolProtos.java) [ozone-interface-client-1.4.0-SNAPSHOT.jar:?]
	at org.apache.hadoop.ipc.ProtobufRpcEngine$Server.processCall(ProtobufRpcEngine.java:484) [hadoop-common-3.3.6.jar:?]
	at org.apache.hadoop.ipc.ProtobufRpcEngine2$Server$ProtoBufRpcInvoker.call(ProtobufRpcEngine2.java:595) [hadoop-common-3.3.6.jar:?]
	at org.apache.hadoop.ipc.ProtobufRpcEngine2$Server$ProtoBufRpcInvoker.call(ProtobufRpcEngine2.java:573) [hadoop-common-3.3.6.jar:?]
	at org.apache.hadoop.ipc.RPC$Server.call(RPC.java:1227) [hadoop-common-3.3.6.jar:?]
	at org.apache.hadoop.ipc.Server$RpcCall.run(Server.java:1094) [hadoop-common-3.3.6.jar:?]
	at org.apache.hadoop.ipc.Server$RpcCall.run(Server.java:1017) [hadoop-common-3.3.6.jar:?]
	at java.security.AccessController.doPrivileged(Native Method) ~[?:1.8.0_382]
	at javax.security.auth.Subject.doAs(Subject.java:422) [?:1.8.0_382]
	at org.apache.hadoop.security.UserGroupInformation.doAs(UserGroupInformation.java:1899) [hadoop-common-3.3.6.jar:?]
	at org.apache.hadoop.ipc.Server$Handler.run(Server.java:3048) [hadoop-common-3.3.6.jar:?]
09:32:47.906 [IPC Server handler 0 on default port 15057] ERROR OMAudit - user=runner | ip=127.0.0.1 | op=GET_FILE_STATUS {volume=volume78214, bucket=bucket62222, key=testBatchDelete/parent/child3, dataSize=0, replicationConfig=null} | ret=FAILURE
org.apache.hadoop.ozone.om.exceptions.OMException: Unable to get file status: volume: volume78214 bucket: bucket62222 key: testBatchDelete/parent/child3
	at org.apache.hadoop.ozone.om.KeyManagerImpl.getOzoneFileStatus(KeyManagerImpl.java:1195) ~[ozone-manager-1.4.0-SNAPSHOT.jar:?]
	at org.apache.hadoop.ozone.om.KeyManagerImpl.getFileStatus(KeyManagerImpl.java:1113) ~[ozone-manager-1.4.0-SNAPSHOT.jar:?]
	at org.apache.hadoop.ozone.om.OmMetadataReader.getFileStatus(OmMetadataReader.java:262) ~[ozone-manager-1.4.0-SNAPSHOT.jar:?]
	at org.apache.hadoop.ozone.om.OzoneManager.getFileStatus(OzoneManager.java:3513) ~[ozone-manager-1.4.0-SNAPSHOT.jar:?]
	at org.apache.hadoop.ozone.protocolPB.OzoneManagerRequestHandler.getOzoneFileStatus(OzoneManagerRequestHandler.java:973) ~[ozone-manager-1.4.0-SNAPSHOT.jar:?]
	at org.apache.hadoop.ozone.protocolPB.OzoneManagerRequestHandler.handleReadRequest(OzoneManagerRequestHandler.java:252) ~[ozone-manager-1.4.0-SNAPSHOT.jar:?]
	at org.apache.hadoop.ozone.protocolPB.OzoneManagerProtocolServerSideTranslatorPB.submitRequestDirectlyToOM(OzoneManagerProtocolServerSideTranslatorPB.java:274) ~[ozone-manager-1.4.0-SNAPSHOT.jar:?]
	at org.apache.hadoop.ozone.protocolPB.OzoneManagerProtocolServerSideTranslatorPB.processRequest(OzoneManagerProtocolServerSideTranslatorPB.java:175) ~[ozone-manager-1.4.0-SNAPSHOT.jar:?]
	at org.apache.hadoop.hdds.server.OzoneProtocolMessageDispatcher.processRequest(OzoneProtocolMessageDispatcher.java:87) [hdds-server-framework-1.4.0-SNAPSHOT.jar:?]
	at org.apache.hadoop.ozone.protocolPB.OzoneManagerProtocolServerSideTranslatorPB.submitRequest(OzoneManagerProtocolServerSideTranslatorPB.java:148) [ozone-manager-1.4.0-SNAPSHOT.jar:?]
	at org.apache.hadoop.ozone.protocol.proto.OzoneManagerProtocolProtos$OzoneManagerService$2.callBlockingMethod(OzoneManagerProtocolProtos.java) [ozone-interface-client-1.4.0-SNAPSHOT.jar:?]
	at org.apache.hadoop.ipc.ProtobufRpcEngine$Server.processCall(ProtobufRpcEngine.java:484) [hadoop-common-3.3.6.jar:?]
	at org.apache.hadoop.ipc.ProtobufRpcEngine2$Server$ProtoBufRpcInvoker.call(ProtobufRpcEngine2.java:595) [hadoop-common-3.3.6.jar:?]
	at org.apache.hadoop.ipc.ProtobufRpcEngine2$Server$ProtoBufRpcInvoker.call(ProtobufRpcEngine2.java:573) [hadoop-common-3.3.6.jar:?]
	at org.apache.hadoop.ipc.RPC$Server.call(RPC.java:1227) [hadoop-common-3.3.6.jar:?]
	at org.apache.hadoop.ipc.Server$RpcCall.run(Server.java:1094) [hadoop-common-3.3.6.jar:?]
	at org.apache.hadoop.ipc.Server$RpcCall.run(Server.java:1017) [hadoop-common-3.3.6.jar:?]
	at java.security.AccessController.doPrivileged(Native Method) ~[?:1.8.0_382]
	at javax.security.auth.Subject.doAs(Subject.java:422) [?:1.8.0_382]
	at org.apache.hadoop.security.UserGroupInformation.doAs(UserGroupInformation.java:1899) [hadoop-common-3.3.6.jar:?]
	at org.apache.hadoop.ipc.Server$Handler.run(Server.java:3048) [hadoop-common-3.3.6.jar:?]
09:32:47.907 [IPC Server handler 2 on default port 15057] ERROR OMAudit - user=runner | ip=127.0.0.1 | op=GET_FILE_STATUS {volume=volume78214, bucket=bucket62222, key=testBatchDelete/parent/childFolder/child3, dataSize=0, replicationConfig=null} | ret=FAILURE
org.apache.hadoop.ozone.om.exceptions.OMException: Unable to get file status: volume: volume78214 bucket: bucket62222 key: testBatchDelete/parent/childFolder/child3
	at org.apache.hadoop.ozone.om.KeyManagerImpl.getOzoneFileStatus(KeyManagerImpl.java:1195) ~[ozone-manager-1.4.0-SNAPSHOT.jar:?]
	at org.apache.hadoop.ozone.om.KeyManagerImpl.getFileStatus(KeyManagerImpl.java:1113) ~[ozone-manager-1.4.0-SNAPSHOT.jar:?]
	at org.apache.hadoop.ozone.om.OmMetadataReader.getFileStatus(OmMetadataReader.java:262) ~[ozone-manager-1.4.0-SNAPSHOT.jar:?]
	at org.apache.hadoop.ozone.om.OzoneManager.getFileStatus(OzoneManager.java:3513) ~[ozone-manager-1.4.0-SNAPSHOT.jar:?]
	at org.apache.hadoop.ozone.protocolPB.OzoneManagerRequestHandler.getOzoneFileStatus(OzoneManagerRequestHandler.java:973) ~[ozone-manager-1.4.0-SNAPSHOT.jar:?]
	at org.apache.hadoop.ozone.protocolPB.OzoneManagerRequestHandler.handleReadRequest(OzoneManagerRequestHandler.java:252) ~[ozone-manager-1.4.0-SNAPSHOT.jar:?]
	at org.apache.hadoop.ozone.protocolPB.OzoneManagerProtocolServerSideTranslatorPB.submitRequestDirectlyToOM(OzoneManagerProtocolServerSideTranslatorPB.java:274) ~[ozone-manager-1.4.0-SNAPSHOT.jar:?]
	at org.apache.hadoop.ozone.protocolPB.OzoneManagerProtocolServerSideTranslatorPB.processRequest(OzoneManagerProtocolServerSideTranslatorPB.java:175) ~[ozone-manager-1.4.0-SNAPSHOT.jar:?]
	at org.apache.hadoop.hdds.server.OzoneProtocolMessageDispatcher.processRequest(OzoneProtocolMessageDispatcher.java:87) [hdds-server-framework-1.4.0-SNAPSHOT.jar:?]
	at org.apache.hadoop.ozone.protocolPB.OzoneManagerProtocolServerSideTranslatorPB.submitRequest(OzoneManagerProtocolServerSideTranslatorPB.java:148) [ozone-manager-1.4.0-SNAPSHOT.jar:?]
	at org.apache.hadoop.ozone.protocol.proto.OzoneManagerProtocolProtos$OzoneManagerService$2.callBlockingMethod(OzoneManagerProtocolProtos.java) [ozone-interface-client-1.4.0-SNAPSHOT.jar:?]
	at org.apache.hadoop.ipc.ProtobufRpcEngine$Server.processCall(ProtobufRpcEngine.java:484) [hadoop-common-3.3.6.jar:?]
	at org.apache.hadoop.ipc.ProtobufRpcEngine2$Server$ProtoBufRpcInvoker.call(ProtobufRpcEngine2.java:595) [hadoop-common-3.3.6.jar:?]
	at org.apache.hadoop.ipc.ProtobufRpcEngine2$Server$ProtoBufRpcInvoker.call(ProtobufRpcEngine2.java:573) [hadoop-common-3.3.6.jar:?]
	at org.apache.hadoop.ipc.RPC$Server.call(RPC.java:1227) [hadoop-common-3.3.6.jar:?]
	at org.apache.hadoop.ipc.Server$RpcCall.run(Server.java:1094) [hadoop-common-3.3.6.jar:?]
	at org.apache.hadoop.ipc.Server$RpcCall.run(Server.java:1017) [hadoop-common-3.3.6.jar:?]
	at java.security.AccessController.doPrivileged(Native Method) ~[?:1.8.0_382]
	at javax.security.auth.Subject.doAs(Subject.java:422) [?:1.8.0_382]
	at org.apache.hadoop.security.UserGroupInformation.doAs(UserGroupInformation.java:1899) [hadoop-common-3.3.6.jar:?]
	at org.apache.hadoop.ipc.Server$Handler.run(Server.java:3048) [hadoop-common-3.3.6.jar:?]
09:32:47.908 [IPC Server handler 1 on default port 15057] ERROR OMAudit - user=runner | ip=127.0.0.1 | op=GET_FILE_STATUS {volume=volume78214, bucket=bucket62222, key=testBatchDelete/parent/child4, dataSize=0, replicationConfig=null} | ret=FAILURE
org.apache.hadoop.ozone.om.exceptions.OMException: Unable to get file status: volume: volume78214 bucket: bucket62222 key: testBatchDelete/parent/child4
	at org.apache.hadoop.ozone.om.KeyManagerImpl.getOzoneFileStatus(KeyManagerImpl.java:1195) ~[ozone-manager-1.4.0-SNAPSHOT.jar:?]
	at org.apache.hadoop.ozone.om.KeyManagerImpl.getFileStatus(KeyManagerImpl.java:1113) ~[ozone-manager-1.4.0-SNAPSHOT.jar:?]
	at org.apache.hadoop.ozone.om.OmMetadataReader.getFileStatus(OmMetadataReader.java:262) ~[ozone-manager-1.4.0-SNAPSHOT.jar:?]
	at org.apache.hadoop.ozone.om.OzoneManager.getFileStatus(OzoneManager.java:3513) ~[ozone-manager-1.4.0-SNAPSHOT.jar:?]
	at org.apache.hadoop.ozone.protocolPB.OzoneManagerRequestHandler.getOzoneFileStatus(OzoneManagerRequestHandler.java:973) ~[ozone-manager-1.4.0-SNAPSHOT.jar:?]
	at org.apache.hadoop.ozone.protocolPB.OzoneManagerRequestHandler.handleReadRequest(OzoneManagerRequestHandler.java:252) ~[ozone-manager-1.4.0-SNAPSHOT.jar:?]
	at org.apache.hadoop.ozone.protocolPB.OzoneManagerProtocolServerSideTranslatorPB.submitRequestDirectlyToOM(OzoneManagerProtocolServerSideTranslatorPB.java:274) ~[ozone-manager-1.4.0-SNAPSHOT.jar:?]
	at org.apache.hadoop.ozone.protocolPB.OzoneManagerProtocolServerSideTranslatorPB.processRequest(OzoneManagerProtocolServerSideTranslatorPB.java:175) ~[ozone-manager-1.4.0-SNAPSHOT.jar:?]
	at org.apache.hadoop.hdds.server.OzoneProtocolMessageDispatcher.processRequest(OzoneProtocolMessageDispatcher.java:87) [hdds-server-framework-1.4.0-SNAPSHOT.jar:?]
	at org.apache.hadoop.ozone.protocolPB.OzoneManagerProtocolServerSideTranslatorPB.submitRequest(OzoneManagerProtocolServerSideTranslatorPB.java:148) [ozone-manager-1.4.0-SNAPSHOT.jar:?]
	at org.apache.hadoop.ozone.protocol.proto.OzoneManagerProtocolProtos$OzoneManagerService$2.callBlockingMethod(OzoneManagerProtocolProtos.java) [ozone-interface-client-1.4.0-SNAPSHOT.jar:?]
	at org.apache.hadoop.ipc.ProtobufRpcEngine$Server.processCall(ProtobufRpcEngine.java:484) [hadoop-common-3.3.6.jar:?]
	at org.apache.hadoop.ipc.ProtobufRpcEngine2$Server$ProtoBufRpcInvoker.call(ProtobufRpcEngine2.java:595) [hadoop-common-3.3.6.jar:?]
	at org.apache.hadoop.ipc.ProtobufRpcEngine2$Server$ProtoBufRpcInvoker.call(ProtobufRpcEngine2.java:573) [hadoop-common-3.3.6.jar:?]
	at org.apache.hadoop.ipc.RPC$Server.call(RPC.java:1227) [hadoop-common-3.3.6.jar:?]
	at org.apache.hadoop.ipc.Server$RpcCall.run(Server.java:1094) [hadoop-common-3.3.6.jar:?]
	at org.apache.hadoop.ipc.Server$RpcCall.run(Server.java:1017) [hadoop-common-3.3.6.jar:?]
	at java.security.AccessController.doPrivileged(Native Method) ~[?:1.8.0_382]
	at javax.security.auth.Subject.doAs(Subject.java:422) [?:1.8.0_382]
	at org.apache.hadoop.security.UserGroupInformation.doAs(UserGroupInformation.java:1899) [hadoop-common-3.3.6.jar:?]
	at org.apache.hadoop.ipc.Server$Handler.run(Server.java:3048) [hadoop-common-3.3.6.jar:?]
09:32:47.908 [IPC Server handler 5 on default port 15057] ERROR OMAudit - user=runner | ip=127.0.0.1 | op=GET_FILE_STATUS {volume=volume78214, bucket=bucket62222, key=testBatchDelete/parent/childFolder/child4, dataSize=0, replicationConfig=null} | ret=FAILURE
org.apache.hadoop.ozone.om.exceptions.OMException: Unable to get file status: volume: volume78214 bucket: bucket62222 key: testBatchDelete/parent/childFolder/child4
	at org.apache.hadoop.ozone.om.KeyManagerImpl.getOzoneFileStatus(KeyManagerImpl.java:1195) ~[ozone-manager-1.4.0-SNAPSHOT.jar:?]
	at org.apache.hadoop.ozone.om.KeyManagerImpl.getFileStatus(KeyManagerImpl.java:1113) ~[ozone-manager-1.4.0-SNAPSHOT.jar:?]
	at org.apache.hadoop.ozone.om.OmMetadataReader.getFileStatus(OmMetadataReader.java:262) ~[ozone-manager-1.4.0-SNAPSHOT.jar:?]
	at org.apache.hadoop.ozone.om.OzoneManager.getFileStatus(OzoneManager.java:3513) ~[ozone-manager-1.4.0-SNAPSHOT.jar:?]
	at org.apache.hadoop.ozone.protocolPB.OzoneManagerRequestHandler.getOzoneFileStatus(OzoneManagerRequestHandler.java:973) ~[ozone-manager-1.4.0-SNAPSHOT.jar:?]
	at org.apache.hadoop.ozone.protocolPB.OzoneManagerRequestHandler.handleReadRequest(OzoneManagerRequestHandler.java:252) ~[ozone-manager-1.4.0-SNAPSHOT.jar:?]
	at org.apache.hadoop.ozone.protocolPB.OzoneManagerProtocolServerSideTranslatorPB.submitRequestDirectlyToOM(OzoneManagerProtocolServerSideTranslatorPB.java:274) ~[ozone-manager-1.4.0-SNAPSHOT.jar:?]
	at org.apache.hadoop.ozone.protocolPB.OzoneManagerProtocolServerSideTranslatorPB.processRequest(OzoneManagerProtocolServerSideTranslatorPB.java:175) ~[ozone-manager-1.4.0-SNAPSHOT.jar:?]
	at org.apache.hadoop.hdds.server.OzoneProtocolMessageDispatcher.processRequest(OzoneProtocolMessageDispatcher.java:87) [hdds-server-framework-1.4.0-SNAPSHOT.jar:?]
	at org.apache.hadoop.ozone.protocolPB.OzoneManagerProtocolServerSideTranslatorPB.submitRequest(OzoneManagerProtocolServerSideTranslatorPB.java:148) [ozone-manager-1.4.0-SNAPSHOT.jar:?]
	at org.apache.hadoop.ozone.protocol.proto.OzoneManagerProtocolProtos$OzoneManagerService$2.callBlockingMethod(OzoneManagerProtocolProtos.java) [ozone-interface-client-1.4.0-SNAPSHOT.jar:?]
	at org.apache.hadoop.ipc.ProtobufRpcEngine$Server.processCall(ProtobufRpcEngine.java:484) [hadoop-common-3.3.6.jar:?]
	at org.apache.hadoop.ipc.ProtobufRpcEngine2$Server$ProtoBufRpcInvoker.call(ProtobufRpcEngine2.java:595) [hadoop-common-3.3.6.jar:?]
	at org.apache.hadoop.ipc.ProtobufRpcEngine2$Server$ProtoBufRpcInvoker.call(ProtobufRpcEngine2.java:573) [hadoop-common-3.3.6.jar:?]
	at org.apache.hadoop.ipc.RPC$Server.call(RPC.java:1227) [hadoop-common-3.3.6.jar:?]
	at org.apache.hadoop.ipc.Server$RpcCall.run(Server.java:1094) [hadoop-common-3.3.6.jar:?]
	at org.apache.hadoop.ipc.Server$RpcCall.run(Server.java:1017) [hadoop-common-3.3.6.jar:?]
	at java.security.AccessController.doPrivileged(Native Method) ~[?:1.8.0_382]
	at javax.security.auth.Subject.doAs(Subject.java:422) [?:1.8.0_382]
	at org.apache.hadoop.security.UserGroupInformation.doAs(UserGroupInformation.java:1899) [hadoop-common-3.3.6.jar:?]
	at org.apache.hadoop.ipc.Server$Handler.run(Server.java:3048) [hadoop-common-3.3.6.jar:?]
09:32:47.909 [IPC Server handler 18 on default port 15057] ERROR OMAudit - user=runner | ip=127.0.0.1 | op=GET_FILE_STATUS {volume=volume78214, bucket=bucket62222, key=testBatchDelete/parent/child5, dataSize=0, replicationConfig=null} | ret=FAILURE
org.apache.hadoop.ozone.om.exceptions.OMException: Unable to get file status: volume: volume78214 bucket: bucket62222 key: testBatchDelete/parent/child5
	at org.apache.hadoop.ozone.om.KeyManagerImpl.getOzoneFileStatus(KeyManagerImpl.java:1195) ~[ozone-manager-1.4.0-SNAPSHOT.jar:?]
	at org.apache.hadoop.ozone.om.KeyManagerImpl.getFileStatus(KeyManagerImpl.java:1113) ~[ozone-manager-1.4.0-SNAPSHOT.jar:?]
	at org.apache.hadoop.ozone.om.OmMetadataReader.getFileStatus(OmMetadataReader.java:262) ~[ozone-manager-1.4.0-SNAPSHOT.jar:?]
	at org.apache.hadoop.ozone.om.OzoneManager.getFileStatus(OzoneManager.java:3513) ~[ozone-manager-1.4.0-SNAPSHOT.jar:?]
	at org.apache.hadoop.ozone.protocolPB.OzoneManagerRequestHandler.getOzoneFileStatus(OzoneManagerRequestHandler.java:973) ~[ozone-manager-1.4.0-SNAPSHOT.jar:?]
	at org.apache.hadoop.ozone.protocolPB.OzoneManagerRequestHandler.handleReadRequest(OzoneManagerRequestHandler.java:252) ~[ozone-manager-1.4.0-SNAPSHOT.jar:?]
	at org.apache.hadoop.ozone.protocolPB.OzoneManagerProtocolServerSideTranslatorPB.submitRequestDirectlyToOM(OzoneManagerProtocolServerSideTranslatorPB.java:274) ~[ozone-manager-1.4.0-SNAPSHOT.jar:?]
	at org.apache.hadoop.ozone.protocolPB.OzoneManagerProtocolServerSideTranslatorPB.processRequest(OzoneManagerProtocolServerSideTranslatorPB.java:175) ~[ozone-manager-1.4.0-SNAPSHOT.jar:?]
	at org.apache.hadoop.hdds.server.OzoneProtocolMessageDispatcher.processRequest(OzoneProtocolMessageDispatcher.java:87) [hdds-server-framework-1.4.0-SNAPSHOT.jar:?]
	at org.apache.hadoop.ozone.protocolPB.OzoneManagerProtocolServerSideTranslatorPB.submitRequest(OzoneManagerProtocolServerSideTranslatorPB.java:148) [ozone-manager-1.4.0-SNAPSHOT.jar:?]
	at org.apache.hadoop.ozone.protocol.proto.OzoneManagerProtocolProtos$OzoneManagerService$2.callBlockingMethod(OzoneManagerProtocolProtos.java) [ozone-interface-client-1.4.0-SNAPSHOT.jar:?]
	at org.apache.hadoop.ipc.ProtobufRpcEngine$Server.processCall(ProtobufRpcEngine.java:484) [hadoop-common-3.3.6.jar:?]
	at org.apache.hadoop.ipc.ProtobufRpcEngine2$Server$ProtoBufRpcInvoker.call(ProtobufRpcEngine2.java:595) [hadoop-common-3.3.6.jar:?]
	at org.apache.hadoop.ipc.ProtobufRpcEngine2$Server$ProtoBufRpcInvoker.call(ProtobufRpcEngine2.java:573) [hadoop-common-3.3.6.jar:?]
	at org.apache.hadoop.ipc.RPC$Server.call(RPC.java:1227) [hadoop-common-3.3.6.jar:?]
	at org.apache.hadoop.ipc.Server$RpcCall.run(Server.java:1094) [hadoop-common-3.3.6.jar:?]
	at org.apache.hadoop.ipc.Server$RpcCall.run(Server.java:1017) [hadoop-common-3.3.6.jar:?]
	at java.security.AccessController.doPrivileged(Native Method) ~[?:1.8.0_382]
	at javax.security.auth.Subject.doAs(Subject.java:422) [?:1.8.0_382]
	at org.apache.hadoop.security.UserGroupInformation.doAs(UserGroupInformation.java:1899) [hadoop-common-3.3.6.jar:?]
	at org.apache.hadoop.ipc.Server$Handler.run(Server.java:3048) [hadoop-common-3.3.6.jar:?]
09:32:47.910 [IPC Server handler 3 on default port 15057] ERROR OMAudit - user=runner | ip=127.0.0.1 | op=GET_FILE_STATUS {volume=volume78214, bucket=bucket62222, key=testBatchDelete/parent/childFolder/child5, dataSize=0, replicationConfig=null} | ret=FAILURE
org.apache.hadoop.ozone.om.exceptions.OMException: Unable to get file status: volume: volume78214 bucket: bucket62222 key: testBatchDelete/parent/childFolder/child5
	at org.apache.hadoop.ozone.om.KeyManagerImpl.getOzoneFileStatus(KeyManagerImpl.java:1195) ~[ozone-manager-1.4.0-SNAPSHOT.jar:?]
	at org.apache.hadoop.ozone.om.KeyManagerImpl.getFileStatus(KeyManagerImpl.java:1113) ~[ozone-manager-1.4.0-SNAPSHOT.jar:?]
	at org.apache.hadoop.ozone.om.OmMetadataReader.getFileStatus(OmMetadataReader.java:262) ~[ozone-manager-1.4.0-SNAPSHOT.jar:?]
	at org.apache.hadoop.ozone.om.OzoneManager.getFileStatus(OzoneManager.java:3513) ~[ozone-manager-1.4.0-SNAPSHOT.jar:?]
	at org.apache.hadoop.ozone.protocolPB.OzoneManagerRequestHandler.getOzoneFileStatus(OzoneManagerRequestHandler.java:973) ~[ozone-manager-1.4.0-SNAPSHOT.jar:?]
	at org.apache.hadoop.ozone.protocolPB.OzoneManagerRequestHandler.handleReadRequest(OzoneManagerRequestHandler.java:252) ~[ozone-manager-1.4.0-SNAPSHOT.jar:?]
	at org.apache.hadoop.ozone.protocolPB.OzoneManagerProtocolServerSideTranslatorPB.submitRequestDirectlyToOM(OzoneManagerProtocolServerSideTranslatorPB.java:274) ~[ozone-manager-1.4.0-SNAPSHOT.jar:?]
	at org.apache.hadoop.ozone.protocolPB.OzoneManagerProtocolServerSideTranslatorPB.processRequest(OzoneManagerProtocolServerSideTranslatorPB.java:175) ~[ozone-manager-1.4.0-SNAPSHOT.jar:?]
	at org.apache.hadoop.hdds.server.OzoneProtocolMessageDispatcher.processRequest(OzoneProtocolMessageDispatcher.java:87) [hdds-server-framework-1.4.0-SNAPSHOT.jar:?]
	at org.apache.hadoop.ozone.protocolPB.OzoneManagerProtocolServerSideTranslatorPB.submitRequest(OzoneManagerProtocolServerSideTranslatorPB.java:148) [ozone-manager-1.4.0-SNAPSHOT.jar:?]
	at org.apache.hadoop.ozone.protocol.proto.OzoneManagerProtocolProtos$OzoneManagerService$2.callBlockingMethod(OzoneManagerProtocolProtos.java) [ozone-interface-client-1.4.0-SNAPSHOT.jar:?]
	at org.apache.hadoop.ipc.ProtobufRpcEngine$Server.processCall(ProtobufRpcEngine.java:484) [hadoop-common-3.3.6.jar:?]
	at org.apache.hadoop.ipc.ProtobufRpcEngine2$Server$ProtoBufRpcInvoker.call(ProtobufRpcEngine2.java:595) [hadoop-common-3.3.6.jar:?]
	at org.apache.hadoop.ipc.ProtobufRpcEngine2$Server$ProtoBufRpcInvoker.call(ProtobufRpcEngine2.java:573) [hadoop-common-3.3.6.jar:?]
	at org.apache.hadoop.ipc.RPC$Server.call(RPC.java:1227) [hadoop-common-3.3.6.jar:?]
	at org.apache.hadoop.ipc.Server$RpcCall.run(Server.java:1094) [hadoop-common-3.3.6.jar:?]
	at org.apache.hadoop.ipc.Server$RpcCall.run(Server.java:1017) [hadoop-common-3.3.6.jar:?]
	at java.security.AccessController.doPrivileged(Native Method) ~[?:1.8.0_382]
	at javax.security.auth.Subject.doAs(Subject.java:422) [?:1.8.0_382]
	at org.apache.hadoop.security.UserGroupInformation.doAs(UserGroupInformation.java:1899) [hadoop-common-3.3.6.jar:?]
	at org.apache.hadoop.ipc.Server$Handler.run(Server.java:3048) [hadoop-common-3.3.6.jar:?]
09:32:47.911 [IPC Server handler 7 on default port 15057] ERROR OMAudit - user=runner | ip=127.0.0.1 | op=GET_FILE_STATUS {volume=volume78214, bucket=bucket62222, key=testBatchDelete/parent/child6, dataSize=0, replicationConfig=null} | ret=FAILURE
org.apache.hadoop.ozone.om.exceptions.OMException: Unable to get file status: volume: volume78214 bucket: bucket62222 key: testBatchDelete/parent/child6
	at org.apache.hadoop.ozone.om.KeyManagerImpl.getOzoneFileStatus(KeyManagerImpl.java:1195) ~[ozone-manager-1.4.0-SNAPSHOT.jar:?]
	at org.apache.hadoop.ozone.om.KeyManagerImpl.getFileStatus(KeyManagerImpl.java:1113) ~[ozone-manager-1.4.0-SNAPSHOT.jar:?]
	at org.apache.hadoop.ozone.om.OmMetadataReader.getFileStatus(OmMetadataReader.java:262) ~[ozone-manager-1.4.0-SNAPSHOT.jar:?]
	at org.apache.hadoop.ozone.om.OzoneManager.getFileStatus(OzoneManager.java:3513) ~[ozone-manager-1.4.0-SNAPSHOT.jar:?]
	at org.apache.hadoop.ozone.protocolPB.OzoneManagerRequestHandler.getOzoneFileStatus(OzoneManagerRequestHandler.java:973) ~[ozone-manager-1.4.0-SNAPSHOT.jar:?]
	at org.apache.hadoop.ozone.protocolPB.OzoneManagerRequestHandler.handleReadRequest(OzoneManagerRequestHandler.java:252) ~[ozone-manager-1.4.0-SNAPSHOT.jar:?]
	at org.apache.hadoop.ozone.protocolPB.OzoneManagerProtocolServerSideTranslatorPB.submitRequestDirectlyToOM(OzoneManagerProtocolServerSideTranslatorPB.java:274) ~[ozone-manager-1.4.0-SNAPSHOT.jar:?]
	at org.apache.hadoop.ozone.protocolPB.OzoneManagerProtocolServerSideTranslatorPB.processRequest(OzoneManagerProtocolServerSideTranslatorPB.java:175) ~[ozone-manager-1.4.0-SNAPSHOT.jar:?]
	at org.apache.hadoop.hdds.server.OzoneProtocolMessageDispatcher.processRequest(OzoneProtocolMessageDispatcher.java:87) [hdds-server-framework-1.4.0-SNAPSHOT.jar:?]
	at org.apache.hadoop.ozone.protocolPB.OzoneManagerProtocolServerSideTranslatorPB.submitRequest(OzoneManagerProtocolServerSideTranslatorPB.java:148) [ozone-manager-1.4.0-SNAPSHOT.jar:?]
	at org.apache.hadoop.ozone.protocol.proto.OzoneManagerProtocolProtos$OzoneManagerService$2.callBlockingMethod(OzoneManagerProtocolProtos.java) [ozone-interface-client-1.4.0-SNAPSHOT.jar:?]
	at org.apache.hadoop.ipc.ProtobufRpcEngine$Server.processCall(ProtobufRpcEngine.java:484) [hadoop-common-3.3.6.jar:?]
	at org.apache.hadoop.ipc.ProtobufRpcEngine2$Server$ProtoBufRpcInvoker.call(ProtobufRpcEngine2.java:595) [hadoop-common-3.3.6.jar:?]
	at org.apache.hadoop.ipc.ProtobufRpcEngine2$Server$ProtoBufRpcInvoker.call(ProtobufRpcEngine2.java:573) [hadoop-common-3.3.6.jar:?]
	at org.apache.hadoop.ipc.RPC$Server.call(RPC.java:1227) [hadoop-common-3.3.6.jar:?]
	at org.apache.hadoop.ipc.Server$RpcCall.run(Server.java:1094) [hadoop-common-3.3.6.jar:?]
	at org.apache.hadoop.ipc.Server$RpcCall.run(Server.java:1017) [hadoop-common-3.3.6.jar:?]
	at java.security.AccessController.doPrivileged(Native Method) ~[?:1.8.0_382]
	at javax.security.auth.Subject.doAs(Subject.java:422) [?:1.8.0_382]
	at org.apache.hadoop.security.UserGroupInformation.doAs(UserGroupInformation.java:1899) [hadoop-common-3.3.6.jar:?]
	at org.apache.hadoop.ipc.Server$Handler.run(Server.java:3048) [hadoop-common-3.3.6.jar:?]
09:32:47.912 [IPC Server handler 17 on default port 15057] ERROR OMAudit - user=runner | ip=127.0.0.1 | op=GET_FILE_STATUS {volume=volume78214, bucket=bucket62222, key=testBatchDelete/parent/childFolder/child6, dataSize=0, replicationConfig=null} | ret=FAILURE
org.apache.hadoop.ozone.om.exceptions.OMException: Unable to get file status: volume: volume78214 bucket: bucket62222 key: testBatchDelete/parent/childFolder/child6
	at org.apache.hadoop.ozone.om.KeyManagerImpl.getOzoneFileStatus(KeyManagerImpl.java:1195) ~[ozone-manager-1.4.0-SNAPSHOT.jar:?]
	at org.apache.hadoop.ozone.om.KeyManagerImpl.getFileStatus(KeyManagerImpl.java:1113) ~[ozone-manager-1.4.0-SNAPSHOT.jar:?]
	at org.apache.hadoop.ozone.om.OmMetadataReader.getFileStatus(OmMetadataReader.java:262) ~[ozone-manager-1.4.0-SNAPSHOT.jar:?]
	at org.apache.hadoop.ozone.om.OzoneManager.getFileStatus(OzoneManager.java:3513) ~[ozone-manager-1.4.0-SNAPSHOT.jar:?]
	at org.apache.hadoop.ozone.protocolPB.OzoneManagerRequestHandler.getOzoneFileStatus(OzoneManagerRequestHandler.java:973) ~[ozone-manager-1.4.0-SNAPSHOT.jar:?]
	at org.apache.hadoop.ozone.protocolPB.OzoneManagerRequestHandler.handleReadRequest(OzoneManagerRequestHandler.java:252) ~[ozone-manager-1.4.0-SNAPSHOT.jar:?]
	at org.apache.hadoop.ozone.protocolPB.OzoneManagerProtocolServerSideTranslatorPB.submitRequestDirectlyToOM(OzoneManagerProtocolServerSideTranslatorPB.java:274) ~[ozone-manager-1.4.0-SNAPSHOT.jar:?]
	at org.apache.hadoop.ozone.protocolPB.OzoneManagerProtocolServerSideTranslatorPB.processRequest(OzoneManagerProtocolServerSideTranslatorPB.java:175) ~[ozone-manager-1.4.0-SNAPSHOT.jar:?]
	at org.apache.hadoop.hdds.server.OzoneProtocolMessageDispatcher.processRequest(OzoneProtocolMessageDispatcher.java:87) [hdds-server-framework-1.4.0-SNAPSHOT.jar:?]
	at org.apache.hadoop.ozone.protocolPB.OzoneManagerProtocolServerSideTranslatorPB.submitRequest(OzoneManagerProtocolServerSideTranslatorPB.java:148) [ozone-manager-1.4.0-SNAPSHOT.jar:?]
	at org.apache.hadoop.ozone.protocol.proto.OzoneManagerProtocolProtos$OzoneManagerService$2.callBlockingMethod(OzoneManagerProtocolProtos.java) [ozone-interface-client-1.4.0-SNAPSHOT.jar:?]
	at org.apache.hadoop.ipc.ProtobufRpcEngine$Server.processCall(ProtobufRpcEngine.java:484) [hadoop-common-3.3.6.jar:?]
	at org.apache.hadoop.ipc.ProtobufRpcEngine2$Server$ProtoBufRpcInvoker.call(ProtobufRpcEngine2.java:595) [hadoop-common-3.3.6.jar:?]
	at org.apache.hadoop.ipc.ProtobufRpcEngine2$Server$ProtoBufRpcInvoker.call(ProtobufRpcEngine2.java:573) [hadoop-common-3.3.6.jar:?]
	at org.apache.hadoop.ipc.RPC$Server.call(RPC.java:1227) [hadoop-common-3.3.6.jar:?]
	at org.apache.hadoop.ipc.Server$RpcCall.run(Server.java:1094) [hadoop-common-3.3.6.jar:?]
	at org.apache.hadoop.ipc.Server$RpcCall.run(Server.java:1017) [hadoop-common-3.3.6.jar:?]
	at java.security.AccessController.doPrivileged(Native Method) ~[?:1.8.0_382]
	at javax.security.auth.Subject.doAs(Subject.java:422) [?:1.8.0_382]
	at org.apache.hadoop.security.UserGroupInformation.doAs(UserGroupInformation.java:1899) [hadoop-common-3.3.6.jar:?]
	at org.apache.hadoop.ipc.Server$Handler.run(Server.java:3048) [hadoop-common-3.3.6.jar:?]
09:32:47.913 [IPC Server handler 14 on default port 15057] ERROR OMAudit - user=runner | ip=127.0.0.1 | op=GET_FILE_STATUS {volume=volume78214, bucket=bucket62222, key=testBatchDelete/parent/child7, dataSize=0, replicationConfig=null} | ret=FAILURE
org.apache.hadoop.ozone.om.exceptions.OMException: Unable to get file status: volume: volume78214 bucket: bucket62222 key: testBatchDelete/parent/child7
	at org.apache.hadoop.ozone.om.KeyManagerImpl.getOzoneFileStatus(KeyManagerImpl.java:1195) ~[ozone-manager-1.4.0-SNAPSHOT.jar:?]
	at org.apache.hadoop.ozone.om.KeyManagerImpl.getFileStatus(KeyManagerImpl.java:1113) ~[ozone-manager-1.4.0-SNAPSHOT.jar:?]
	at org.apache.hadoop.ozone.om.OmMetadataReader.getFileStatus(OmMetadataReader.java:262) ~[ozone-manager-1.4.0-SNAPSHOT.jar:?]
	at org.apache.hadoop.ozone.om.OzoneManager.getFileStatus(OzoneManager.java:3513) ~[ozone-manager-1.4.0-SNAPSHOT.jar:?]
	at org.apache.hadoop.ozone.protocolPB.OzoneManagerRequestHandler.getOzoneFileStatus(OzoneManagerRequestHandler.java:973) ~[ozone-manager-1.4.0-SNAPSHOT.jar:?]
	at org.apache.hadoop.ozone.protocolPB.OzoneManagerRequestHandler.handleReadRequest(OzoneManagerRequestHandler.java:252) ~[ozone-manager-1.4.0-SNAPSHOT.jar:?]
	at org.apache.hadoop.ozone.protocolPB.OzoneManagerProtocolServerSideTranslatorPB.submitRequestDirectlyToOM(OzoneManagerProtocolServerSideTranslatorPB.java:274) ~[ozone-manager-1.4.0-SNAPSHOT.jar:?]
	at org.apache.hadoop.ozone.protocolPB.OzoneManagerProtocolServerSideTranslatorPB.processRequest(OzoneManagerProtocolServerSideTranslatorPB.java:175) ~[ozone-manager-1.4.0-SNAPSHOT.jar:?]
	at org.apache.hadoop.hdds.server.OzoneProtocolMessageDispatcher.processRequest(OzoneProtocolMessageDispatcher.java:87) [hdds-server-framework-1.4.0-SNAPSHOT.jar:?]
	at org.apache.hadoop.ozone.protocolPB.OzoneManagerProtocolServerSideTranslatorPB.submitRequest(OzoneManagerProtocolServerSideTranslatorPB.java:148) [ozone-manager-1.4.0-SNAPSHOT.jar:?]
	at org.apache.hadoop.ozone.protocol.proto.OzoneManagerProtocolProtos$OzoneManagerService$2.callBlockingMethod(OzoneManagerProtocolProtos.java) [ozone-interface-client-1.4.0-SNAPSHOT.jar:?]
	at org.apache.hadoop.ipc.ProtobufRpcEngine$Server.processCall(ProtobufRpcEngine.java:484) [hadoop-common-3.3.6.jar:?]
	at org.apache.hadoop.ipc.ProtobufRpcEngine2$Server$ProtoBufRpcInvoker.call(ProtobufRpcEngine2.java:595) [hadoop-common-3.3.6.jar:?]
	at org.apache.hadoop.ipc.ProtobufRpcEngine2$Server$ProtoBufRpcInvoker.call(ProtobufRpcEngine2.java:573) [hadoop-common-3.3.6.jar:?]
	at org.apache.hadoop.ipc.RPC$Server.call(RPC.java:1227) [hadoop-common-3.3.6.jar:?]
	at org.apache.hadoop.ipc.Server$RpcCall.run(Server.java:1094) [hadoop-common-3.3.6.jar:?]
	at org.apache.hadoop.ipc.Server$RpcCall.run(Server.java:1017) [hadoop-common-3.3.6.jar:?]
	at java.security.AccessController.doPrivileged(Native Method) ~[?:1.8.0_382]
	at javax.security.auth.Subject.doAs(Subject.java:422) [?:1.8.0_382]
	at org.apache.hadoop.security.UserGroupInformation.doAs(UserGroupInformation.java:1899) [hadoop-common-3.3.6.jar:?]
	at org.apache.hadoop.ipc.Server$Handler.run(Server.java:3048) [hadoop-common-3.3.6.jar:?]
09:32:47.914 [IPC Server handler 8 on default port 15057] ERROR OMAudit - user=runner | ip=127.0.0.1 | op=GET_FILE_STATUS {volume=volume78214, bucket=bucket62222, key=testBatchDelete/parent/childFolder/child7, dataSize=0, replicationConfig=null} | ret=FAILURE
org.apache.hadoop.ozone.om.exceptions.OMException: Unable to get file status: volume: volume78214 bucket: bucket62222 key: testBatchDelete/parent/childFolder/child7
	at org.apache.hadoop.ozone.om.KeyManagerImpl.getOzoneFileStatus(KeyManagerImpl.java:1195) ~[ozone-manager-1.4.0-SNAPSHOT.jar:?]
	at org.apache.hadoop.ozone.om.KeyManagerImpl.getFileStatus(KeyManagerImpl.java:1113) ~[ozone-manager-1.4.0-SNAPSHOT.jar:?]
	at org.apache.hadoop.ozone.om.OmMetadataReader.getFileStatus(OmMetadataReader.java:262) ~[ozone-manager-1.4.0-SNAPSHOT.jar:?]
	at org.apache.hadoop.ozone.om.OzoneManager.getFileStatus(OzoneManager.java:3513) ~[ozone-manager-1.4.0-SNAPSHOT.jar:?]
	at org.apache.hadoop.ozone.protocolPB.OzoneManagerRequestHandler.getOzoneFileStatus(OzoneManagerRequestHandler.java:973) ~[ozone-manager-1.4.0-SNAPSHOT.jar:?]
	at org.apache.hadoop.ozone.protocolPB.OzoneManagerRequestHandler.handleReadRequest(OzoneManagerRequestHandler.java:252) ~[ozone-manager-1.4.0-SNAPSHOT.jar:?]
	at org.apache.hadoop.ozone.protocolPB.OzoneManagerProtocolServerSideTranslatorPB.submitRequestDirectlyToOM(OzoneManagerProtocolServerSideTranslatorPB.java:274) ~[ozone-manager-1.4.0-SNAPSHOT.jar:?]
	at org.apache.hadoop.ozone.protocolPB.OzoneManagerProtocolServerSideTranslatorPB.processRequest(OzoneManagerProtocolServerSideTranslatorPB.java:175) ~[ozone-manager-1.4.0-SNAPSHOT.jar:?]
	at org.apache.hadoop.hdds.server.OzoneProtocolMessageDispatcher.processRequest(OzoneProtocolMessageDispatcher.java:87) [hdds-server-framework-1.4.0-SNAPSHOT.jar:?]
	at org.apache.hadoop.ozone.protocolPB.OzoneManagerProtocolServerSideTranslatorPB.submitRequest(OzoneManagerProtocolServerSideTranslatorPB.java:148) [ozone-manager-1.4.0-SNAPSHOT.jar:?]
	at org.apache.hadoop.ozone.protocol.proto.OzoneManagerProtocolProtos$OzoneManagerService$2.callBlockingMethod(OzoneManagerProtocolProtos.java) [ozone-interface-client-1.4.0-SNAPSHOT.jar:?]
	at org.apache.hadoop.ipc.ProtobufRpcEngine$Server.processCall(ProtobufRpcEngine.java:484) [hadoop-common-3.3.6.jar:?]
	at org.apache.hadoop.ipc.ProtobufRpcEngine2$Server$ProtoBufRpcInvoker.call(ProtobufRpcEngine2.java:595) [hadoop-common-3.3.6.jar:?]
	at org.apache.hadoop.ipc.ProtobufRpcEngine2$Server$ProtoBufRpcInvoker.call(ProtobufRpcEngine2.java:573) [hadoop-common-3.3.6.jar:?]
	at org.apache.hadoop.ipc.RPC$Server.call(RPC.java:1227) [hadoop-common-3.3.6.jar:?]
	at org.apache.hadoop.ipc.Server$RpcCall.run(Server.java:1094) [hadoop-common-3.3.6.jar:?]
	at org.apache.hadoop.ipc.Server$RpcCall.run(Server.java:1017) [hadoop-common-3.3.6.jar:?]
	at java.security.AccessController.doPrivileged(Native Method) ~[?:1.8.0_382]
	at javax.security.auth.Subject.doAs(Subject.java:422) [?:1.8.0_382]
	at org.apache.hadoop.security.UserGroupInformation.doAs(UserGroupInformation.java:1899) [hadoop-common-3.3.6.jar:?]
	at org.apache.hadoop.ipc.Server$Handler.run(Server.java:3048) [hadoop-common-3.3.6.jar:?]
09:32:47.915 [IPC Server handler 15 on default port 15057] ERROR OMAudit - user=runner | ip=127.0.0.1 | op=GET_FILE_STATUS {volume=volume78214, bucket=bucket62222, key=testBatchDelete/parent, dataSize=0, replicationConfig=null} | ret=FAILURE
org.apache.hadoop.ozone.om.exceptions.OMException: Unable to get file status: volume: volume78214 bucket: bucket62222 key: testBatchDelete/parent
	at org.apache.hadoop.ozone.om.KeyManagerImpl.getOzoneFileStatus(KeyManagerImpl.java:1195) ~[ozone-manager-1.4.0-SNAPSHOT.jar:?]
	at org.apache.hadoop.ozone.om.KeyManagerImpl.getFileStatus(KeyManagerImpl.java:1113) ~[ozone-manager-1.4.0-SNAPSHOT.jar:?]
	at org.apache.hadoop.ozone.om.OmMetadataReader.getFileStatus(OmMetadataReader.java:262) ~[ozone-manager-1.4.0-SNAPSHOT.jar:?]
	at org.apache.hadoop.ozone.om.OzoneManager.getFileStatus(OzoneManager.java:3513) ~[ozone-manager-1.4.0-SNAPSHOT.jar:?]
	at org.apache.hadoop.ozone.protocolPB.OzoneManagerRequestHandler.getOzoneFileStatus(OzoneManagerRequestHandler.java:973) ~[ozone-manager-1.4.0-SNAPSHOT.jar:?]
	at org.apache.hadoop.ozone.protocolPB.OzoneManagerRequestHandler.handleReadRequest(OzoneManagerRequestHandler.java:252) ~[ozone-manager-1.4.0-SNAPSHOT.jar:?]
	at org.apache.hadoop.ozone.protocolPB.OzoneManagerProtocolServerSideTranslatorPB.submitRequestDirectlyToOM(OzoneManagerProtocolServerSideTranslatorPB.java:274) ~[ozone-manager-1.4.0-SNAPSHOT.jar:?]
	at org.apache.hadoop.ozone.protocolPB.OzoneManagerProtocolServerSideTranslatorPB.processRequest(OzoneManagerProtocolServerSideTranslatorPB.java:175) ~[ozone-manager-1.4.0-SNAPSHOT.jar:?]
	at org.apache.hadoop.hdds.server.OzoneProtocolMessageDispatcher.processRequest(OzoneProtocolMessageDispatcher.java:87) [hdds-server-framework-1.4.0-SNAPSHOT.jar:?]
	at org.apache.hadoop.ozone.protocolPB.OzoneManagerProtocolServerSideTranslatorPB.submitRequest(OzoneManagerProtocolServerSideTranslatorPB.java:148) [ozone-manager-1.4.0-SNAPSHOT.jar:?]
	at org.apache.hadoop.ozone.protocol.proto.OzoneManagerProtocolProtos$OzoneManagerService$2.callBlockingMethod(OzoneManagerProtocolProtos.java) [ozone-interface-client-1.4.0-SNAPSHOT.jar:?]
	at org.apache.hadoop.ipc.ProtobufRpcEngine$Server.processCall(ProtobufRpcEngine.java:484) [hadoop-common-3.3.6.jar:?]
	at org.apache.hadoop.ipc.ProtobufRpcEngine2$Server$ProtoBufRpcInvoker.call(ProtobufRpcEngine2.java:595) [hadoop-common-3.3.6.jar:?]
	at org.apache.hadoop.ipc.ProtobufRpcEngine2$Server$ProtoBufRpcInvoker.call(ProtobufRpcEngine2.java:573) [hadoop-common-3.3.6.jar:?]
	at org.apache.hadoop.ipc.RPC$Server.call(RPC.java:1227) [hadoop-common-3.3.6.jar:?]
	at org.apache.hadoop.ipc.Server$RpcCall.run(Server.java:1094) [hadoop-common-3.3.6.jar:?]
	at org.apache.hadoop.ipc.Server$RpcCall.run(Server.java:1017) [hadoop-common-3.3.6.jar:?]
	at java.security.AccessController.doPrivileged(Native Method) ~[?:1.8.0_382]
	at javax.security.auth.Subject.doAs(Subject.java:422) [?:1.8.0_382]
	at org.apache.hadoop.security.UserGroupInformation.doAs(UserGroupInformation.java:1899) [hadoop-common-3.3.6.jar:?]
	at org.apache.hadoop.ipc.Server$Handler.run(Server.java:3048) [hadoop-common-3.3.6.jar:?]
2023-08-28 09:32:47,916 [Time-limited test] WARN  ozone.BasicOzoneFileSystem (BasicOzoneFileSystem.java:delete(595)) - delete: Path does not exist: /testBatchDelete/parent
]]></system-out>
  </testcase>
  <testcase name="testFileDelete" classname="TestOzoneFileSystem" time="0.126">
    <system-out><![CDATA[09:33:55.273 [IPC Server handler 1 on default port 15110] ERROR OMAudit - user=runner | ip=127.0.0.1 | op=GET_FILE_STATUS {volume=volume01359, bucket=bucket03907, key=testBatchDelete, dataSize=0, replicationConfig=null} | ret=FAILURE
org.apache.hadoop.ozone.om.exceptions.OMException: Unable to get file status: volume: volume01359 bucket: bucket03907 key: testBatchDelete
	at org.apache.hadoop.ozone.om.KeyManagerImpl.getOzoneFileStatus(KeyManagerImpl.java:1195) ~[ozone-manager-1.4.0-SNAPSHOT.jar:?]
	at org.apache.hadoop.ozone.om.KeyManagerImpl.getFileStatus(KeyManagerImpl.java:1113) ~[ozone-manager-1.4.0-SNAPSHOT.jar:?]
	at org.apache.hadoop.ozone.om.OmMetadataReader.getFileStatus(OmMetadataReader.java:262) ~[ozone-manager-1.4.0-SNAPSHOT.jar:?]
	at org.apache.hadoop.ozone.om.OzoneManager.getFileStatus(OzoneManager.java:3513) ~[ozone-manager-1.4.0-SNAPSHOT.jar:?]
	at org.apache.hadoop.ozone.protocolPB.OzoneManagerRequestHandler.getOzoneFileStatus(OzoneManagerRequestHandler.java:973) ~[ozone-manager-1.4.0-SNAPSHOT.jar:?]
	at org.apache.hadoop.ozone.protocolPB.OzoneManagerRequestHandler.handleReadRequest(OzoneManagerRequestHandler.java:252) ~[ozone-manager-1.4.0-SNAPSHOT.jar:?]
	at org.apache.hadoop.ozone.protocolPB.OzoneManagerProtocolServerSideTranslatorPB.submitReadRequestToOM(OzoneManagerProtocolServerSideTranslatorPB.java:225) ~[ozone-manager-1.4.0-SNAPSHOT.jar:?]
	at org.apache.hadoop.ozone.protocolPB.OzoneManagerProtocolServerSideTranslatorPB.processRequest(OzoneManagerProtocolServerSideTranslatorPB.java:179) ~[ozone-manager-1.4.0-SNAPSHOT.jar:?]
	at org.apache.hadoop.hdds.server.OzoneProtocolMessageDispatcher.processRequest(OzoneProtocolMessageDispatcher.java:87) [hdds-server-framework-1.4.0-SNAPSHOT.jar:?]
	at org.apache.hadoop.ozone.protocolPB.OzoneManagerProtocolServerSideTranslatorPB.submitRequest(OzoneManagerProtocolServerSideTranslatorPB.java:148) [ozone-manager-1.4.0-SNAPSHOT.jar:?]
	at org.apache.hadoop.ozone.protocol.proto.OzoneManagerProtocolProtos$OzoneManagerService$2.callBlockingMethod(OzoneManagerProtocolProtos.java) [ozone-interface-client-1.4.0-SNAPSHOT.jar:?]
	at org.apache.hadoop.ipc.ProtobufRpcEngine$Server.processCall(ProtobufRpcEngine.java:484) [hadoop-common-3.3.6.jar:?]
	at org.apache.hadoop.ipc.ProtobufRpcEngine2$Server$ProtoBufRpcInvoker.call(ProtobufRpcEngine2.java:595) [hadoop-common-3.3.6.jar:?]
	at org.apache.hadoop.ipc.ProtobufRpcEngine2$Server$ProtoBufRpcInvoker.call(ProtobufRpcEngine2.java:573) [hadoop-common-3.3.6.jar:?]
	at org.apache.hadoop.ipc.RPC$Server.call(RPC.java:1227) [hadoop-common-3.3.6.jar:?]
	at org.apache.hadoop.ipc.Server$RpcCall.run(Server.java:1094) [hadoop-common-3.3.6.jar:?]
	at org.apache.hadoop.ipc.Server$RpcCall.run(Server.java:1017) [hadoop-common-3.3.6.jar:?]
	at java.security.AccessController.doPrivileged(Native Method) ~[?:1.8.0_382]
	at javax.security.auth.Subject.doAs(Subject.java:422) [?:1.8.0_382]
	at org.apache.hadoop.security.UserGroupInformation.doAs(UserGroupInformation.java:1899) [hadoop-common-3.3.6.jar:?]
	at org.apache.hadoop.ipc.Server$Handler.run(Server.java:3048) [hadoop-common-3.3.6.jar:?]
09:33:55.274 [IPC Server handler 0 on default port 15110] ERROR OMAudit - user=runner | ip=127.0.0.1 | op=GET_FILE_STATUS {volume=volume01359, bucket=bucket03907, key=testBatchDelete/parent/child0, dataSize=0, replicationConfig=null} | ret=FAILURE
org.apache.hadoop.ozone.om.exceptions.OMException: Unable to get file status: volume: volume01359 bucket: bucket03907 key: testBatchDelete/parent/child0
	at org.apache.hadoop.ozone.om.KeyManagerImpl.getOzoneFileStatus(KeyManagerImpl.java:1195) ~[ozone-manager-1.4.0-SNAPSHOT.jar:?]
	at org.apache.hadoop.ozone.om.KeyManagerImpl.getFileStatus(KeyManagerImpl.java:1113) ~[ozone-manager-1.4.0-SNAPSHOT.jar:?]
	at org.apache.hadoop.ozone.om.OmMetadataReader.getFileStatus(OmMetadataReader.java:262) ~[ozone-manager-1.4.0-SNAPSHOT.jar:?]
	at org.apache.hadoop.ozone.om.OzoneManager.getFileStatus(OzoneManager.java:3513) ~[ozone-manager-1.4.0-SNAPSHOT.jar:?]
	at org.apache.hadoop.ozone.protocolPB.OzoneManagerRequestHandler.getOzoneFileStatus(OzoneManagerRequestHandler.java:973) ~[ozone-manager-1.4.0-SNAPSHOT.jar:?]
	at org.apache.hadoop.ozone.protocolPB.OzoneManagerRequestHandler.handleReadRequest(OzoneManagerRequestHandler.java:252) ~[ozone-manager-1.4.0-SNAPSHOT.jar:?]
	at org.apache.hadoop.ozone.protocolPB.OzoneManagerProtocolServerSideTranslatorPB.submitReadRequestToOM(OzoneManagerProtocolServerSideTranslatorPB.java:225) ~[ozone-manager-1.4.0-SNAPSHOT.jar:?]
	at org.apache.hadoop.ozone.protocolPB.OzoneManagerProtocolServerSideTranslatorPB.processRequest(OzoneManagerProtocolServerSideTranslatorPB.java:179) ~[ozone-manager-1.4.0-SNAPSHOT.jar:?]
	at org.apache.hadoop.hdds.server.OzoneProtocolMessageDispatcher.processRequest(OzoneProtocolMessageDispatcher.java:87) [hdds-server-framework-1.4.0-SNAPSHOT.jar:?]
	at org.apache.hadoop.ozone.protocolPB.OzoneManagerProtocolServerSideTranslatorPB.submitRequest(OzoneManagerProtocolServerSideTranslatorPB.java:148) [ozone-manager-1.4.0-SNAPSHOT.jar:?]
	at org.apache.hadoop.ozone.protocol.proto.OzoneManagerProtocolProtos$OzoneManagerService$2.callBlockingMethod(OzoneManagerProtocolProtos.java) [ozone-interface-client-1.4.0-SNAPSHOT.jar:?]
	at org.apache.hadoop.ipc.ProtobufRpcEngine$Server.processCall(ProtobufRpcEngine.java:484) [hadoop-common-3.3.6.jar:?]
	at org.apache.hadoop.ipc.ProtobufRpcEngine2$Server$ProtoBufRpcInvoker.call(ProtobufRpcEngine2.java:595) [hadoop-common-3.3.6.jar:?]
	at org.apache.hadoop.ipc.ProtobufRpcEngine2$Server$ProtoBufRpcInvoker.call(ProtobufRpcEngine2.java:573) [hadoop-common-3.3.6.jar:?]
	at org.apache.hadoop.ipc.RPC$Server.call(RPC.java:1227) [hadoop-common-3.3.6.jar:?]
	at org.apache.hadoop.ipc.Server$RpcCall.run(Server.java:1094) [hadoop-common-3.3.6.jar:?]
	at org.apache.hadoop.ipc.Server$RpcCall.run(Server.java:1017) [hadoop-common-3.3.6.jar:?]
	at java.security.AccessController.doPrivileged(Native Method) ~[?:1.8.0_382]
	at javax.security.auth.Subject.doAs(Subject.java:422) [?:1.8.0_382]
	at org.apache.hadoop.security.UserGroupInformation.doAs(UserGroupInformation.java:1899) [hadoop-common-3.3.6.jar:?]
	at org.apache.hadoop.ipc.Server$Handler.run(Server.java:3048) [hadoop-common-3.3.6.jar:?]
09:33:55.275 [IPC Server handler 2 on default port 15110] ERROR OMAudit - user=runner | ip=127.0.0.1 | op=GET_FILE_STATUS {volume=volume01359, bucket=bucket03907, key=testBatchDelete/parent/childFolder/child0, dataSize=0, replicationConfig=null} | ret=FAILURE
org.apache.hadoop.ozone.om.exceptions.OMException: Unable to get file status: volume: volume01359 bucket: bucket03907 key: testBatchDelete/parent/childFolder/child0
	at org.apache.hadoop.ozone.om.KeyManagerImpl.getOzoneFileStatus(KeyManagerImpl.java:1195) ~[ozone-manager-1.4.0-SNAPSHOT.jar:?]
	at org.apache.hadoop.ozone.om.KeyManagerImpl.getFileStatus(KeyManagerImpl.java:1113) ~[ozone-manager-1.4.0-SNAPSHOT.jar:?]
	at org.apache.hadoop.ozone.om.OmMetadataReader.getFileStatus(OmMetadataReader.java:262) ~[ozone-manager-1.4.0-SNAPSHOT.jar:?]
	at org.apache.hadoop.ozone.om.OzoneManager.getFileStatus(OzoneManager.java:3513) ~[ozone-manager-1.4.0-SNAPSHOT.jar:?]
	at org.apache.hadoop.ozone.protocolPB.OzoneManagerRequestHandler.getOzoneFileStatus(OzoneManagerRequestHandler.java:973) ~[ozone-manager-1.4.0-SNAPSHOT.jar:?]
	at org.apache.hadoop.ozone.protocolPB.OzoneManagerRequestHandler.handleReadRequest(OzoneManagerRequestHandler.java:252) ~[ozone-manager-1.4.0-SNAPSHOT.jar:?]
	at org.apache.hadoop.ozone.protocolPB.OzoneManagerProtocolServerSideTranslatorPB.submitReadRequestToOM(OzoneManagerProtocolServerSideTranslatorPB.java:225) ~[ozone-manager-1.4.0-SNAPSHOT.jar:?]
	at org.apache.hadoop.ozone.protocolPB.OzoneManagerProtocolServerSideTranslatorPB.processRequest(OzoneManagerProtocolServerSideTranslatorPB.java:179) ~[ozone-manager-1.4.0-SNAPSHOT.jar:?]
	at org.apache.hadoop.hdds.server.OzoneProtocolMessageDispatcher.processRequest(OzoneProtocolMessageDispatcher.java:87) [hdds-server-framework-1.4.0-SNAPSHOT.jar:?]
	at org.apache.hadoop.ozone.protocolPB.OzoneManagerProtocolServerSideTranslatorPB.submitRequest(OzoneManagerProtocolServerSideTranslatorPB.java:148) [ozone-manager-1.4.0-SNAPSHOT.jar:?]
	at org.apache.hadoop.ozone.protocol.proto.OzoneManagerProtocolProtos$OzoneManagerService$2.callBlockingMethod(OzoneManagerProtocolProtos.java) [ozone-interface-client-1.4.0-SNAPSHOT.jar:?]
	at org.apache.hadoop.ipc.ProtobufRpcEngine$Server.processCall(ProtobufRpcEngine.java:484) [hadoop-common-3.3.6.jar:?]
	at org.apache.hadoop.ipc.ProtobufRpcEngine2$Server$ProtoBufRpcInvoker.call(ProtobufRpcEngine2.java:595) [hadoop-common-3.3.6.jar:?]
	at org.apache.hadoop.ipc.ProtobufRpcEngine2$Server$ProtoBufRpcInvoker.call(ProtobufRpcEngine2.java:573) [hadoop-common-3.3.6.jar:?]
	at org.apache.hadoop.ipc.RPC$Server.call(RPC.java:1227) [hadoop-common-3.3.6.jar:?]
	at org.apache.hadoop.ipc.Server$RpcCall.run(Server.java:1094) [hadoop-common-3.3.6.jar:?]
	at org.apache.hadoop.ipc.Server$RpcCall.run(Server.java:1017) [hadoop-common-3.3.6.jar:?]
	at java.security.AccessController.doPrivileged(Native Method) ~[?:1.8.0_382]
	at javax.security.auth.Subject.doAs(Subject.java:422) [?:1.8.0_382]
	at org.apache.hadoop.security.UserGroupInformation.doAs(UserGroupInformation.java:1899) [hadoop-common-3.3.6.jar:?]
	at org.apache.hadoop.ipc.Server$Handler.run(Server.java:3048) [hadoop-common-3.3.6.jar:?]
09:33:55.276 [IPC Server handler 4 on default port 15110] ERROR OMAudit - user=runner | ip=127.0.0.1 | op=GET_FILE_STATUS {volume=volume01359, bucket=bucket03907, key=testBatchDelete/parent/child1, dataSize=0, replicationConfig=null} | ret=FAILURE
org.apache.hadoop.ozone.om.exceptions.OMException: Unable to get file status: volume: volume01359 bucket: bucket03907 key: testBatchDelete/parent/child1
	at org.apache.hadoop.ozone.om.KeyManagerImpl.getOzoneFileStatus(KeyManagerImpl.java:1195) ~[ozone-manager-1.4.0-SNAPSHOT.jar:?]
	at org.apache.hadoop.ozone.om.KeyManagerImpl.getFileStatus(KeyManagerImpl.java:1113) ~[ozone-manager-1.4.0-SNAPSHOT.jar:?]
	at org.apache.hadoop.ozone.om.OmMetadataReader.getFileStatus(OmMetadataReader.java:262) ~[ozone-manager-1.4.0-SNAPSHOT.jar:?]
	at org.apache.hadoop.ozone.om.OzoneManager.getFileStatus(OzoneManager.java:3513) ~[ozone-manager-1.4.0-SNAPSHOT.jar:?]
	at org.apache.hadoop.ozone.protocolPB.OzoneManagerRequestHandler.getOzoneFileStatus(OzoneManagerRequestHandler.java:973) ~[ozone-manager-1.4.0-SNAPSHOT.jar:?]
	at org.apache.hadoop.ozone.protocolPB.OzoneManagerRequestHandler.handleReadRequest(OzoneManagerRequestHandler.java:252) ~[ozone-manager-1.4.0-SNAPSHOT.jar:?]
	at org.apache.hadoop.ozone.protocolPB.OzoneManagerProtocolServerSideTranslatorPB.submitReadRequestToOM(OzoneManagerProtocolServerSideTranslatorPB.java:225) ~[ozone-manager-1.4.0-SNAPSHOT.jar:?]
	at org.apache.hadoop.ozone.protocolPB.OzoneManagerProtocolServerSideTranslatorPB.processRequest(OzoneManagerProtocolServerSideTranslatorPB.java:179) ~[ozone-manager-1.4.0-SNAPSHOT.jar:?]
	at org.apache.hadoop.hdds.server.OzoneProtocolMessageDispatcher.processRequest(OzoneProtocolMessageDispatcher.java:87) [hdds-server-framework-1.4.0-SNAPSHOT.jar:?]
	at org.apache.hadoop.ozone.protocolPB.OzoneManagerProtocolServerSideTranslatorPB.submitRequest(OzoneManagerProtocolServerSideTranslatorPB.java:148) [ozone-manager-1.4.0-SNAPSHOT.jar:?]
	at org.apache.hadoop.ozone.protocol.proto.OzoneManagerProtocolProtos$OzoneManagerService$2.callBlockingMethod(OzoneManagerProtocolProtos.java) [ozone-interface-client-1.4.0-SNAPSHOT.jar:?]
	at org.apache.hadoop.ipc.ProtobufRpcEngine$Server.processCall(ProtobufRpcEngine.java:484) [hadoop-common-3.3.6.jar:?]
	at org.apache.hadoop.ipc.ProtobufRpcEngine2$Server$ProtoBufRpcInvoker.call(ProtobufRpcEngine2.java:595) [hadoop-common-3.3.6.jar:?]
	at org.apache.hadoop.ipc.ProtobufRpcEngine2$Server$ProtoBufRpcInvoker.call(ProtobufRpcEngine2.java:573) [hadoop-common-3.3.6.jar:?]
	at org.apache.hadoop.ipc.RPC$Server.call(RPC.java:1227) [hadoop-common-3.3.6.jar:?]
	at org.apache.hadoop.ipc.Server$RpcCall.run(Server.java:1094) [hadoop-common-3.3.6.jar:?]
	at org.apache.hadoop.ipc.Server$RpcCall.run(Server.java:1017) [hadoop-common-3.3.6.jar:?]
	at java.security.AccessController.doPrivileged(Native Method) ~[?:1.8.0_382]
	at javax.security.auth.Subject.doAs(Subject.java:422) [?:1.8.0_382]
	at org.apache.hadoop.security.UserGroupInformation.doAs(UserGroupInformation.java:1899) [hadoop-common-3.3.6.jar:?]
	at org.apache.hadoop.ipc.Server$Handler.run(Server.java:3048) [hadoop-common-3.3.6.jar:?]
09:33:55.277 [IPC Server handler 3 on default port 15110] ERROR OMAudit - user=runner | ip=127.0.0.1 | op=GET_FILE_STATUS {volume=volume01359, bucket=bucket03907, key=testBatchDelete/parent/childFolder/child1, dataSize=0, replicationConfig=null} | ret=FAILURE
org.apache.hadoop.ozone.om.exceptions.OMException: Unable to get file status: volume: volume01359 bucket: bucket03907 key: testBatchDelete/parent/childFolder/child1
	at org.apache.hadoop.ozone.om.KeyManagerImpl.getOzoneFileStatus(KeyManagerImpl.java:1195) ~[ozone-manager-1.4.0-SNAPSHOT.jar:?]
	at org.apache.hadoop.ozone.om.KeyManagerImpl.getFileStatus(KeyManagerImpl.java:1113) ~[ozone-manager-1.4.0-SNAPSHOT.jar:?]
	at org.apache.hadoop.ozone.om.OmMetadataReader.getFileStatus(OmMetadataReader.java:262) ~[ozone-manager-1.4.0-SNAPSHOT.jar:?]
	at org.apache.hadoop.ozone.om.OzoneManager.getFileStatus(OzoneManager.java:3513) ~[ozone-manager-1.4.0-SNAPSHOT.jar:?]
	at org.apache.hadoop.ozone.protocolPB.OzoneManagerRequestHandler.getOzoneFileStatus(OzoneManagerRequestHandler.java:973) ~[ozone-manager-1.4.0-SNAPSHOT.jar:?]
	at org.apache.hadoop.ozone.protocolPB.OzoneManagerRequestHandler.handleReadRequest(OzoneManagerRequestHandler.java:252) ~[ozone-manager-1.4.0-SNAPSHOT.jar:?]
	at org.apache.hadoop.ozone.protocolPB.OzoneManagerProtocolServerSideTranslatorPB.submitReadRequestToOM(OzoneManagerProtocolServerSideTranslatorPB.java:225) ~[ozone-manager-1.4.0-SNAPSHOT.jar:?]
	at org.apache.hadoop.ozone.protocolPB.OzoneManagerProtocolServerSideTranslatorPB.processRequest(OzoneManagerProtocolServerSideTranslatorPB.java:179) ~[ozone-manager-1.4.0-SNAPSHOT.jar:?]
	at org.apache.hadoop.hdds.server.OzoneProtocolMessageDispatcher.processRequest(OzoneProtocolMessageDispatcher.java:87) [hdds-server-framework-1.4.0-SNAPSHOT.jar:?]
	at org.apache.hadoop.ozone.protocolPB.OzoneManagerProtocolServerSideTranslatorPB.submitRequest(OzoneManagerProtocolServerSideTranslatorPB.java:148) [ozone-manager-1.4.0-SNAPSHOT.jar:?]
	at org.apache.hadoop.ozone.protocol.proto.OzoneManagerProtocolProtos$OzoneManagerService$2.callBlockingMethod(OzoneManagerProtocolProtos.java) [ozone-interface-client-1.4.0-SNAPSHOT.jar:?]
	at org.apache.hadoop.ipc.ProtobufRpcEngine$Server.processCall(ProtobufRpcEngine.java:484) [hadoop-common-3.3.6.jar:?]
	at org.apache.hadoop.ipc.ProtobufRpcEngine2$Server$ProtoBufRpcInvoker.call(ProtobufRpcEngine2.java:595) [hadoop-common-3.3.6.jar:?]
	at org.apache.hadoop.ipc.ProtobufRpcEngine2$Server$ProtoBufRpcInvoker.call(ProtobufRpcEngine2.java:573) [hadoop-common-3.3.6.jar:?]
	at org.apache.hadoop.ipc.RPC$Server.call(RPC.java:1227) [hadoop-common-3.3.6.jar:?]
	at org.apache.hadoop.ipc.Server$RpcCall.run(Server.java:1094) [hadoop-common-3.3.6.jar:?]
	at org.apache.hadoop.ipc.Server$RpcCall.run(Server.java:1017) [hadoop-common-3.3.6.jar:?]
	at java.security.AccessController.doPrivileged(Native Method) ~[?:1.8.0_382]
	at javax.security.auth.Subject.doAs(Subject.java:422) [?:1.8.0_382]
	at org.apache.hadoop.security.UserGroupInformation.doAs(UserGroupInformation.java:1899) [hadoop-common-3.3.6.jar:?]
	at org.apache.hadoop.ipc.Server$Handler.run(Server.java:3048) [hadoop-common-3.3.6.jar:?]
09:33:55.278 [IPC Server handler 5 on default port 15110] ERROR OMAudit - user=runner | ip=127.0.0.1 | op=GET_FILE_STATUS {volume=volume01359, bucket=bucket03907, key=testBatchDelete/parent/child2, dataSize=0, replicationConfig=null} | ret=FAILURE
org.apache.hadoop.ozone.om.exceptions.OMException: Unable to get file status: volume: volume01359 bucket: bucket03907 key: testBatchDelete/parent/child2
	at org.apache.hadoop.ozone.om.KeyManagerImpl.getOzoneFileStatus(KeyManagerImpl.java:1195) ~[ozone-manager-1.4.0-SNAPSHOT.jar:?]
	at org.apache.hadoop.ozone.om.KeyManagerImpl.getFileStatus(KeyManagerImpl.java:1113) ~[ozone-manager-1.4.0-SNAPSHOT.jar:?]
	at org.apache.hadoop.ozone.om.OmMetadataReader.getFileStatus(OmMetadataReader.java:262) ~[ozone-manager-1.4.0-SNAPSHOT.jar:?]
	at org.apache.hadoop.ozone.om.OzoneManager.getFileStatus(OzoneManager.java:3513) ~[ozone-manager-1.4.0-SNAPSHOT.jar:?]
	at org.apache.hadoop.ozone.protocolPB.OzoneManagerRequestHandler.getOzoneFileStatus(OzoneManagerRequestHandler.java:973) ~[ozone-manager-1.4.0-SNAPSHOT.jar:?]
	at org.apache.hadoop.ozone.protocolPB.OzoneManagerRequestHandler.handleReadRequest(OzoneManagerRequestHandler.java:252) ~[ozone-manager-1.4.0-SNAPSHOT.jar:?]
	at org.apache.hadoop.ozone.protocolPB.OzoneManagerProtocolServerSideTranslatorPB.submitReadRequestToOM(OzoneManagerProtocolServerSideTranslatorPB.java:225) ~[ozone-manager-1.4.0-SNAPSHOT.jar:?]
	at org.apache.hadoop.ozone.protocolPB.OzoneManagerProtocolServerSideTranslatorPB.processRequest(OzoneManagerProtocolServerSideTranslatorPB.java:179) ~[ozone-manager-1.4.0-SNAPSHOT.jar:?]
	at org.apache.hadoop.hdds.server.OzoneProtocolMessageDispatcher.processRequest(OzoneProtocolMessageDispatcher.java:87) [hdds-server-framework-1.4.0-SNAPSHOT.jar:?]
	at org.apache.hadoop.ozone.protocolPB.OzoneManagerProtocolServerSideTranslatorPB.submitRequest(OzoneManagerProtocolServerSideTranslatorPB.java:148) [ozone-manager-1.4.0-SNAPSHOT.jar:?]
	at org.apache.hadoop.ozone.protocol.proto.OzoneManagerProtocolProtos$OzoneManagerService$2.callBlockingMethod(OzoneManagerProtocolProtos.java) [ozone-interface-client-1.4.0-SNAPSHOT.jar:?]
	at org.apache.hadoop.ipc.ProtobufRpcEngine$Server.processCall(ProtobufRpcEngine.java:484) [hadoop-common-3.3.6.jar:?]
	at org.apache.hadoop.ipc.ProtobufRpcEngine2$Server$ProtoBufRpcInvoker.call(ProtobufRpcEngine2.java:595) [hadoop-common-3.3.6.jar:?]
	at org.apache.hadoop.ipc.ProtobufRpcEngine2$Server$ProtoBufRpcInvoker.call(ProtobufRpcEngine2.java:573) [hadoop-common-3.3.6.jar:?]
	at org.apache.hadoop.ipc.RPC$Server.call(RPC.java:1227) [hadoop-common-3.3.6.jar:?]
	at org.apache.hadoop.ipc.Server$RpcCall.run(Server.java:1094) [hadoop-common-3.3.6.jar:?]
	at org.apache.hadoop.ipc.Server$RpcCall.run(Server.java:1017) [hadoop-common-3.3.6.jar:?]
	at java.security.AccessController.doPrivileged(Native Method) ~[?:1.8.0_382]
	at javax.security.auth.Subject.doAs(Subject.java:422) [?:1.8.0_382]
	at org.apache.hadoop.security.UserGroupInformation.doAs(UserGroupInformation.java:1899) [hadoop-common-3.3.6.jar:?]
	at org.apache.hadoop.ipc.Server$Handler.run(Server.java:3048) [hadoop-common-3.3.6.jar:?]
09:33:55.279 [IPC Server handler 6 on default port 15110] ERROR OMAudit - user=runner | ip=127.0.0.1 | op=GET_FILE_STATUS {volume=volume01359, bucket=bucket03907, key=testBatchDelete/parent/childFolder/child2, dataSize=0, replicationConfig=null} | ret=FAILURE
org.apache.hadoop.ozone.om.exceptions.OMException: Unable to get file status: volume: volume01359 bucket: bucket03907 key: testBatchDelete/parent/childFolder/child2
	at org.apache.hadoop.ozone.om.KeyManagerImpl.getOzoneFileStatus(KeyManagerImpl.java:1195) ~[ozone-manager-1.4.0-SNAPSHOT.jar:?]
	at org.apache.hadoop.ozone.om.KeyManagerImpl.getFileStatus(KeyManagerImpl.java:1113) ~[ozone-manager-1.4.0-SNAPSHOT.jar:?]
	at org.apache.hadoop.ozone.om.OmMetadataReader.getFileStatus(OmMetadataReader.java:262) ~[ozone-manager-1.4.0-SNAPSHOT.jar:?]
	at org.apache.hadoop.ozone.om.OzoneManager.getFileStatus(OzoneManager.java:3513) ~[ozone-manager-1.4.0-SNAPSHOT.jar:?]
	at org.apache.hadoop.ozone.protocolPB.OzoneManagerRequestHandler.getOzoneFileStatus(OzoneManagerRequestHandler.java:973) ~[ozone-manager-1.4.0-SNAPSHOT.jar:?]
	at org.apache.hadoop.ozone.protocolPB.OzoneManagerRequestHandler.handleReadRequest(OzoneManagerRequestHandler.java:252) ~[ozone-manager-1.4.0-SNAPSHOT.jar:?]
	at org.apache.hadoop.ozone.protocolPB.OzoneManagerProtocolServerSideTranslatorPB.submitReadRequestToOM(OzoneManagerProtocolServerSideTranslatorPB.java:225) ~[ozone-manager-1.4.0-SNAPSHOT.jar:?]
	at org.apache.hadoop.ozone.protocolPB.OzoneManagerProtocolServerSideTranslatorPB.processRequest(OzoneManagerProtocolServerSideTranslatorPB.java:179) ~[ozone-manager-1.4.0-SNAPSHOT.jar:?]
	at org.apache.hadoop.hdds.server.OzoneProtocolMessageDispatcher.processRequest(OzoneProtocolMessageDispatcher.java:87) [hdds-server-framework-1.4.0-SNAPSHOT.jar:?]
	at org.apache.hadoop.ozone.protocolPB.OzoneManagerProtocolServerSideTranslatorPB.submitRequest(OzoneManagerProtocolServerSideTranslatorPB.java:148) [ozone-manager-1.4.0-SNAPSHOT.jar:?]
	at org.apache.hadoop.ozone.protocol.proto.OzoneManagerProtocolProtos$OzoneManagerService$2.callBlockingMethod(OzoneManagerProtocolProtos.java) [ozone-interface-client-1.4.0-SNAPSHOT.jar:?]
	at org.apache.hadoop.ipc.ProtobufRpcEngine$Server.processCall(ProtobufRpcEngine.java:484) [hadoop-common-3.3.6.jar:?]
	at org.apache.hadoop.ipc.ProtobufRpcEngine2$Server$ProtoBufRpcInvoker.call(ProtobufRpcEngine2.java:595) [hadoop-common-3.3.6.jar:?]
	at org.apache.hadoop.ipc.ProtobufRpcEngine2$Server$ProtoBufRpcInvoker.call(ProtobufRpcEngine2.java:573) [hadoop-common-3.3.6.jar:?]
	at org.apache.hadoop.ipc.RPC$Server.call(RPC.java:1227) [hadoop-common-3.3.6.jar:?]
	at org.apache.hadoop.ipc.Server$RpcCall.run(Server.java:1094) [hadoop-common-3.3.6.jar:?]
	at org.apache.hadoop.ipc.Server$RpcCall.run(Server.java:1017) [hadoop-common-3.3.6.jar:?]
	at java.security.AccessController.doPrivileged(Native Method) ~[?:1.8.0_382]
	at javax.security.auth.Subject.doAs(Subject.java:422) [?:1.8.0_382]
	at org.apache.hadoop.security.UserGroupInformation.doAs(UserGroupInformation.java:1899) [hadoop-common-3.3.6.jar:?]
	at org.apache.hadoop.ipc.Server$Handler.run(Server.java:3048) [hadoop-common-3.3.6.jar:?]
09:33:55.280 [IPC Server handler 7 on default port 15110] ERROR OMAudit - user=runner | ip=127.0.0.1 | op=GET_FILE_STATUS {volume=volume01359, bucket=bucket03907, key=testBatchDelete/parent/child3, dataSize=0, replicationConfig=null} | ret=FAILURE
org.apache.hadoop.ozone.om.exceptions.OMException: Unable to get file status: volume: volume01359 bucket: bucket03907 key: testBatchDelete/parent/child3
	at org.apache.hadoop.ozone.om.KeyManagerImpl.getOzoneFileStatus(KeyManagerImpl.java:1195) ~[ozone-manager-1.4.0-SNAPSHOT.jar:?]
	at org.apache.hadoop.ozone.om.KeyManagerImpl.getFileStatus(KeyManagerImpl.java:1113) ~[ozone-manager-1.4.0-SNAPSHOT.jar:?]
	at org.apache.hadoop.ozone.om.OmMetadataReader.getFileStatus(OmMetadataReader.java:262) ~[ozone-manager-1.4.0-SNAPSHOT.jar:?]
	at org.apache.hadoop.ozone.om.OzoneManager.getFileStatus(OzoneManager.java:3513) ~[ozone-manager-1.4.0-SNAPSHOT.jar:?]
	at org.apache.hadoop.ozone.protocolPB.OzoneManagerRequestHandler.getOzoneFileStatus(OzoneManagerRequestHandler.java:973) ~[ozone-manager-1.4.0-SNAPSHOT.jar:?]
	at org.apache.hadoop.ozone.protocolPB.OzoneManagerRequestHandler.handleReadRequest(OzoneManagerRequestHandler.java:252) ~[ozone-manager-1.4.0-SNAPSHOT.jar:?]
	at org.apache.hadoop.ozone.protocolPB.OzoneManagerProtocolServerSideTranslatorPB.submitReadRequestToOM(OzoneManagerProtocolServerSideTranslatorPB.java:225) ~[ozone-manager-1.4.0-SNAPSHOT.jar:?]
	at org.apache.hadoop.ozone.protocolPB.OzoneManagerProtocolServerSideTranslatorPB.processRequest(OzoneManagerProtocolServerSideTranslatorPB.java:179) ~[ozone-manager-1.4.0-SNAPSHOT.jar:?]
	at org.apache.hadoop.hdds.server.OzoneProtocolMessageDispatcher.processRequest(OzoneProtocolMessageDispatcher.java:87) [hdds-server-framework-1.4.0-SNAPSHOT.jar:?]
	at org.apache.hadoop.ozone.protocolPB.OzoneManagerProtocolServerSideTranslatorPB.submitRequest(OzoneManagerProtocolServerSideTranslatorPB.java:148) [ozone-manager-1.4.0-SNAPSHOT.jar:?]
	at org.apache.hadoop.ozone.protocol.proto.OzoneManagerProtocolProtos$OzoneManagerService$2.callBlockingMethod(OzoneManagerProtocolProtos.java) [ozone-interface-client-1.4.0-SNAPSHOT.jar:?]
	at org.apache.hadoop.ipc.ProtobufRpcEngine$Server.processCall(ProtobufRpcEngine.java:484) [hadoop-common-3.3.6.jar:?]
	at org.apache.hadoop.ipc.ProtobufRpcEngine2$Server$ProtoBufRpcInvoker.call(ProtobufRpcEngine2.java:595) [hadoop-common-3.3.6.jar:?]
	at org.apache.hadoop.ipc.ProtobufRpcEngine2$Server$ProtoBufRpcInvoker.call(ProtobufRpcEngine2.java:573) [hadoop-common-3.3.6.jar:?]
	at org.apache.hadoop.ipc.RPC$Server.call(RPC.java:1227) [hadoop-common-3.3.6.jar:?]
	at org.apache.hadoop.ipc.Server$RpcCall.run(Server.java:1094) [hadoop-common-3.3.6.jar:?]
	at org.apache.hadoop.ipc.Server$RpcCall.run(Server.java:1017) [hadoop-common-3.3.6.jar:?]
	at java.security.AccessController.doPrivileged(Native Method) ~[?:1.8.0_382]
	at javax.security.auth.Subject.doAs(Subject.java:422) [?:1.8.0_382]
	at org.apache.hadoop.security.UserGroupInformation.doAs(UserGroupInformation.java:1899) [hadoop-common-3.3.6.jar:?]
	at org.apache.hadoop.ipc.Server$Handler.run(Server.java:3048) [hadoop-common-3.3.6.jar:?]
09:33:55.281 [IPC Server handler 8 on default port 15110] ERROR OMAudit - user=runner | ip=127.0.0.1 | op=GET_FILE_STATUS {volume=volume01359, bucket=bucket03907, key=testBatchDelete/parent/childFolder/child3, dataSize=0, replicationConfig=null} | ret=FAILURE
org.apache.hadoop.ozone.om.exceptions.OMException: Unable to get file status: volume: volume01359 bucket: bucket03907 key: testBatchDelete/parent/childFolder/child3
	at org.apache.hadoop.ozone.om.KeyManagerImpl.getOzoneFileStatus(KeyManagerImpl.java:1195) ~[ozone-manager-1.4.0-SNAPSHOT.jar:?]
	at org.apache.hadoop.ozone.om.KeyManagerImpl.getFileStatus(KeyManagerImpl.java:1113) ~[ozone-manager-1.4.0-SNAPSHOT.jar:?]
	at org.apache.hadoop.ozone.om.OmMetadataReader.getFileStatus(OmMetadataReader.java:262) ~[ozone-manager-1.4.0-SNAPSHOT.jar:?]
	at org.apache.hadoop.ozone.om.OzoneManager.getFileStatus(OzoneManager.java:3513) ~[ozone-manager-1.4.0-SNAPSHOT.jar:?]
	at org.apache.hadoop.ozone.protocolPB.OzoneManagerRequestHandler.getOzoneFileStatus(OzoneManagerRequestHandler.java:973) ~[ozone-manager-1.4.0-SNAPSHOT.jar:?]
	at org.apache.hadoop.ozone.protocolPB.OzoneManagerRequestHandler.handleReadRequest(OzoneManagerRequestHandler.java:252) ~[ozone-manager-1.4.0-SNAPSHOT.jar:?]
	at org.apache.hadoop.ozone.protocolPB.OzoneManagerProtocolServerSideTranslatorPB.submitReadRequestToOM(OzoneManagerProtocolServerSideTranslatorPB.java:225) ~[ozone-manager-1.4.0-SNAPSHOT.jar:?]
	at org.apache.hadoop.ozone.protocolPB.OzoneManagerProtocolServerSideTranslatorPB.processRequest(OzoneManagerProtocolServerSideTranslatorPB.java:179) ~[ozone-manager-1.4.0-SNAPSHOT.jar:?]
	at org.apache.hadoop.hdds.server.OzoneProtocolMessageDispatcher.processRequest(OzoneProtocolMessageDispatcher.java:87) [hdds-server-framework-1.4.0-SNAPSHOT.jar:?]
	at org.apache.hadoop.ozone.protocolPB.OzoneManagerProtocolServerSideTranslatorPB.submitRequest(OzoneManagerProtocolServerSideTranslatorPB.java:148) [ozone-manager-1.4.0-SNAPSHOT.jar:?]
	at org.apache.hadoop.ozone.protocol.proto.OzoneManagerProtocolProtos$OzoneManagerService$2.callBlockingMethod(OzoneManagerProtocolProtos.java) [ozone-interface-client-1.4.0-SNAPSHOT.jar:?]
	at org.apache.hadoop.ipc.ProtobufRpcEngine$Server.processCall(ProtobufRpcEngine.java:484) [hadoop-common-3.3.6.jar:?]
	at org.apache.hadoop.ipc.ProtobufRpcEngine2$Server$ProtoBufRpcInvoker.call(ProtobufRpcEngine2.java:595) [hadoop-common-3.3.6.jar:?]
	at org.apache.hadoop.ipc.ProtobufRpcEngine2$Server$ProtoBufRpcInvoker.call(ProtobufRpcEngine2.java:573) [hadoop-common-3.3.6.jar:?]
	at org.apache.hadoop.ipc.RPC$Server.call(RPC.java:1227) [hadoop-common-3.3.6.jar:?]
	at org.apache.hadoop.ipc.Server$RpcCall.run(Server.java:1094) [hadoop-common-3.3.6.jar:?]
	at org.apache.hadoop.ipc.Server$RpcCall.run(Server.java:1017) [hadoop-common-3.3.6.jar:?]
	at java.security.AccessController.doPrivileged(Native Method) ~[?:1.8.0_382]
	at javax.security.auth.Subject.doAs(Subject.java:422) [?:1.8.0_382]
	at org.apache.hadoop.security.UserGroupInformation.doAs(UserGroupInformation.java:1899) [hadoop-common-3.3.6.jar:?]
	at org.apache.hadoop.ipc.Server$Handler.run(Server.java:3048) [hadoop-common-3.3.6.jar:?]
09:33:55.282 [IPC Server handler 9 on default port 15110] ERROR OMAudit - user=runner | ip=127.0.0.1 | op=GET_FILE_STATUS {volume=volume01359, bucket=bucket03907, key=testBatchDelete/parent/child4, dataSize=0, replicationConfig=null} | ret=FAILURE
org.apache.hadoop.ozone.om.exceptions.OMException: Unable to get file status: volume: volume01359 bucket: bucket03907 key: testBatchDelete/parent/child4
	at org.apache.hadoop.ozone.om.KeyManagerImpl.getOzoneFileStatus(KeyManagerImpl.java:1195) ~[ozone-manager-1.4.0-SNAPSHOT.jar:?]
	at org.apache.hadoop.ozone.om.KeyManagerImpl.getFileStatus(KeyManagerImpl.java:1113) ~[ozone-manager-1.4.0-SNAPSHOT.jar:?]
	at org.apache.hadoop.ozone.om.OmMetadataReader.getFileStatus(OmMetadataReader.java:262) ~[ozone-manager-1.4.0-SNAPSHOT.jar:?]
	at org.apache.hadoop.ozone.om.OzoneManager.getFileStatus(OzoneManager.java:3513) ~[ozone-manager-1.4.0-SNAPSHOT.jar:?]
	at org.apache.hadoop.ozone.protocolPB.OzoneManagerRequestHandler.getOzoneFileStatus(OzoneManagerRequestHandler.java:973) ~[ozone-manager-1.4.0-SNAPSHOT.jar:?]
	at org.apache.hadoop.ozone.protocolPB.OzoneManagerRequestHandler.handleReadRequest(OzoneManagerRequestHandler.java:252) ~[ozone-manager-1.4.0-SNAPSHOT.jar:?]
	at org.apache.hadoop.ozone.protocolPB.OzoneManagerProtocolServerSideTranslatorPB.submitReadRequestToOM(OzoneManagerProtocolServerSideTranslatorPB.java:225) ~[ozone-manager-1.4.0-SNAPSHOT.jar:?]
	at org.apache.hadoop.ozone.protocolPB.OzoneManagerProtocolServerSideTranslatorPB.processRequest(OzoneManagerProtocolServerSideTranslatorPB.java:179) ~[ozone-manager-1.4.0-SNAPSHOT.jar:?]
	at org.apache.hadoop.hdds.server.OzoneProtocolMessageDispatcher.processRequest(OzoneProtocolMessageDispatcher.java:87) [hdds-server-framework-1.4.0-SNAPSHOT.jar:?]
	at org.apache.hadoop.ozone.protocolPB.OzoneManagerProtocolServerSideTranslatorPB.submitRequest(OzoneManagerProtocolServerSideTranslatorPB.java:148) [ozone-manager-1.4.0-SNAPSHOT.jar:?]
	at org.apache.hadoop.ozone.protocol.proto.OzoneManagerProtocolProtos$OzoneManagerService$2.callBlockingMethod(OzoneManagerProtocolProtos.java) [ozone-interface-client-1.4.0-SNAPSHOT.jar:?]
	at org.apache.hadoop.ipc.ProtobufRpcEngine$Server.processCall(ProtobufRpcEngine.java:484) [hadoop-common-3.3.6.jar:?]
	at org.apache.hadoop.ipc.ProtobufRpcEngine2$Server$ProtoBufRpcInvoker.call(ProtobufRpcEngine2.java:595) [hadoop-common-3.3.6.jar:?]
	at org.apache.hadoop.ipc.ProtobufRpcEngine2$Server$ProtoBufRpcInvoker.call(ProtobufRpcEngine2.java:573) [hadoop-common-3.3.6.jar:?]
	at org.apache.hadoop.ipc.RPC$Server.call(RPC.java:1227) [hadoop-common-3.3.6.jar:?]
	at org.apache.hadoop.ipc.Server$RpcCall.run(Server.java:1094) [hadoop-common-3.3.6.jar:?]
	at org.apache.hadoop.ipc.Server$RpcCall.run(Server.java:1017) [hadoop-common-3.3.6.jar:?]
	at java.security.AccessController.doPrivileged(Native Method) ~[?:1.8.0_382]
	at javax.security.auth.Subject.doAs(Subject.java:422) [?:1.8.0_382]
	at org.apache.hadoop.security.UserGroupInformation.doAs(UserGroupInformation.java:1899) [hadoop-common-3.3.6.jar:?]
	at org.apache.hadoop.ipc.Server$Handler.run(Server.java:3048) [hadoop-common-3.3.6.jar:?]
09:33:55.282 [IPC Server handler 11 on default port 15110] ERROR OMAudit - user=runner | ip=127.0.0.1 | op=GET_FILE_STATUS {volume=volume01359, bucket=bucket03907, key=testBatchDelete/parent/childFolder/child4, dataSize=0, replicationConfig=null} | ret=FAILURE
org.apache.hadoop.ozone.om.exceptions.OMException: Unable to get file status: volume: volume01359 bucket: bucket03907 key: testBatchDelete/parent/childFolder/child4
	at org.apache.hadoop.ozone.om.KeyManagerImpl.getOzoneFileStatus(KeyManagerImpl.java:1195) ~[ozone-manager-1.4.0-SNAPSHOT.jar:?]
	at org.apache.hadoop.ozone.om.KeyManagerImpl.getFileStatus(KeyManagerImpl.java:1113) ~[ozone-manager-1.4.0-SNAPSHOT.jar:?]
	at org.apache.hadoop.ozone.om.OmMetadataReader.getFileStatus(OmMetadataReader.java:262) ~[ozone-manager-1.4.0-SNAPSHOT.jar:?]
	at org.apache.hadoop.ozone.om.OzoneManager.getFileStatus(OzoneManager.java:3513) ~[ozone-manager-1.4.0-SNAPSHOT.jar:?]
	at org.apache.hadoop.ozone.protocolPB.OzoneManagerRequestHandler.getOzoneFileStatus(OzoneManagerRequestHandler.java:973) ~[ozone-manager-1.4.0-SNAPSHOT.jar:?]
	at org.apache.hadoop.ozone.protocolPB.OzoneManagerRequestHandler.handleReadRequest(OzoneManagerRequestHandler.java:252) ~[ozone-manager-1.4.0-SNAPSHOT.jar:?]
	at org.apache.hadoop.ozone.protocolPB.OzoneManagerProtocolServerSideTranslatorPB.submitReadRequestToOM(OzoneManagerProtocolServerSideTranslatorPB.java:225) ~[ozone-manager-1.4.0-SNAPSHOT.jar:?]
	at org.apache.hadoop.ozone.protocolPB.OzoneManagerProtocolServerSideTranslatorPB.processRequest(OzoneManagerProtocolServerSideTranslatorPB.java:179) ~[ozone-manager-1.4.0-SNAPSHOT.jar:?]
	at org.apache.hadoop.hdds.server.OzoneProtocolMessageDispatcher.processRequest(OzoneProtocolMessageDispatcher.java:87) [hdds-server-framework-1.4.0-SNAPSHOT.jar:?]
	at org.apache.hadoop.ozone.protocolPB.OzoneManagerProtocolServerSideTranslatorPB.submitRequest(OzoneManagerProtocolServerSideTranslatorPB.java:148) [ozone-manager-1.4.0-SNAPSHOT.jar:?]
	at org.apache.hadoop.ozone.protocol.proto.OzoneManagerProtocolProtos$OzoneManagerService$2.callBlockingMethod(OzoneManagerProtocolProtos.java) [ozone-interface-client-1.4.0-SNAPSHOT.jar:?]
	at org.apache.hadoop.ipc.ProtobufRpcEngine$Server.processCall(ProtobufRpcEngine.java:484) [hadoop-common-3.3.6.jar:?]
	at org.apache.hadoop.ipc.ProtobufRpcEngine2$Server$ProtoBufRpcInvoker.call(ProtobufRpcEngine2.java:595) [hadoop-common-3.3.6.jar:?]
	at org.apache.hadoop.ipc.ProtobufRpcEngine2$Server$ProtoBufRpcInvoker.call(ProtobufRpcEngine2.java:573) [hadoop-common-3.3.6.jar:?]
	at org.apache.hadoop.ipc.RPC$Server.call(RPC.java:1227) [hadoop-common-3.3.6.jar:?]
	at org.apache.hadoop.ipc.Server$RpcCall.run(Server.java:1094) [hadoop-common-3.3.6.jar:?]
	at org.apache.hadoop.ipc.Server$RpcCall.run(Server.java:1017) [hadoop-common-3.3.6.jar:?]
	at java.security.AccessController.doPrivileged(Native Method) ~[?:1.8.0_382]
	at javax.security.auth.Subject.doAs(Subject.java:422) [?:1.8.0_382]
	at org.apache.hadoop.security.UserGroupInformation.doAs(UserGroupInformation.java:1899) [hadoop-common-3.3.6.jar:?]
	at org.apache.hadoop.ipc.Server$Handler.run(Server.java:3048) [hadoop-common-3.3.6.jar:?]
09:33:55.283 [IPC Server handler 10 on default port 15110] ERROR OMAudit - user=runner | ip=127.0.0.1 | op=GET_FILE_STATUS {volume=volume01359, bucket=bucket03907, key=testBatchDelete/parent/child5, dataSize=0, replicationConfig=null} | ret=FAILURE
org.apache.hadoop.ozone.om.exceptions.OMException: Unable to get file status: volume: volume01359 bucket: bucket03907 key: testBatchDelete/parent/child5
	at org.apache.hadoop.ozone.om.KeyManagerImpl.getOzoneFileStatus(KeyManagerImpl.java:1195) ~[ozone-manager-1.4.0-SNAPSHOT.jar:?]
	at org.apache.hadoop.ozone.om.KeyManagerImpl.getFileStatus(KeyManagerImpl.java:1113) ~[ozone-manager-1.4.0-SNAPSHOT.jar:?]
	at org.apache.hadoop.ozone.om.OmMetadataReader.getFileStatus(OmMetadataReader.java:262) ~[ozone-manager-1.4.0-SNAPSHOT.jar:?]
	at org.apache.hadoop.ozone.om.OzoneManager.getFileStatus(OzoneManager.java:3513) ~[ozone-manager-1.4.0-SNAPSHOT.jar:?]
	at org.apache.hadoop.ozone.protocolPB.OzoneManagerRequestHandler.getOzoneFileStatus(OzoneManagerRequestHandler.java:973) ~[ozone-manager-1.4.0-SNAPSHOT.jar:?]
	at org.apache.hadoop.ozone.protocolPB.OzoneManagerRequestHandler.handleReadRequest(OzoneManagerRequestHandler.java:252) ~[ozone-manager-1.4.0-SNAPSHOT.jar:?]
	at org.apache.hadoop.ozone.protocolPB.OzoneManagerProtocolServerSideTranslatorPB.submitReadRequestToOM(OzoneManagerProtocolServerSideTranslatorPB.java:225) ~[ozone-manager-1.4.0-SNAPSHOT.jar:?]
	at org.apache.hadoop.ozone.protocolPB.OzoneManagerProtocolServerSideTranslatorPB.processRequest(OzoneManagerProtocolServerSideTranslatorPB.java:179) ~[ozone-manager-1.4.0-SNAPSHOT.jar:?]
	at org.apache.hadoop.hdds.server.OzoneProtocolMessageDispatcher.processRequest(OzoneProtocolMessageDispatcher.java:87) [hdds-server-framework-1.4.0-SNAPSHOT.jar:?]
	at org.apache.hadoop.ozone.protocolPB.OzoneManagerProtocolServerSideTranslatorPB.submitRequest(OzoneManagerProtocolServerSideTranslatorPB.java:148) [ozone-manager-1.4.0-SNAPSHOT.jar:?]
	at org.apache.hadoop.ozone.protocol.proto.OzoneManagerProtocolProtos$OzoneManagerService$2.callBlockingMethod(OzoneManagerProtocolProtos.java) [ozone-interface-client-1.4.0-SNAPSHOT.jar:?]
	at org.apache.hadoop.ipc.ProtobufRpcEngine$Server.processCall(ProtobufRpcEngine.java:484) [hadoop-common-3.3.6.jar:?]
	at org.apache.hadoop.ipc.ProtobufRpcEngine2$Server$ProtoBufRpcInvoker.call(ProtobufRpcEngine2.java:595) [hadoop-common-3.3.6.jar:?]
	at org.apache.hadoop.ipc.ProtobufRpcEngine2$Server$ProtoBufRpcInvoker.call(ProtobufRpcEngine2.java:573) [hadoop-common-3.3.6.jar:?]
	at org.apache.hadoop.ipc.RPC$Server.call(RPC.java:1227) [hadoop-common-3.3.6.jar:?]
	at org.apache.hadoop.ipc.Server$RpcCall.run(Server.java:1094) [hadoop-common-3.3.6.jar:?]
	at org.apache.hadoop.ipc.Server$RpcCall.run(Server.java:1017) [hadoop-common-3.3.6.jar:?]
	at java.security.AccessController.doPrivileged(Native Method) ~[?:1.8.0_382]
	at javax.security.auth.Subject.doAs(Subject.java:422) [?:1.8.0_382]
	at org.apache.hadoop.security.UserGroupInformation.doAs(UserGroupInformation.java:1899) [hadoop-common-3.3.6.jar:?]
	at org.apache.hadoop.ipc.Server$Handler.run(Server.java:3048) [hadoop-common-3.3.6.jar:?]
09:33:55.284 [IPC Server handler 12 on default port 15110] ERROR OMAudit - user=runner | ip=127.0.0.1 | op=GET_FILE_STATUS {volume=volume01359, bucket=bucket03907, key=testBatchDelete/parent/childFolder/child5, dataSize=0, replicationConfig=null} | ret=FAILURE
org.apache.hadoop.ozone.om.exceptions.OMException: Unable to get file status: volume: volume01359 bucket: bucket03907 key: testBatchDelete/parent/childFolder/child5
	at org.apache.hadoop.ozone.om.KeyManagerImpl.getOzoneFileStatus(KeyManagerImpl.java:1195) ~[ozone-manager-1.4.0-SNAPSHOT.jar:?]
	at org.apache.hadoop.ozone.om.KeyManagerImpl.getFileStatus(KeyManagerImpl.java:1113) ~[ozone-manager-1.4.0-SNAPSHOT.jar:?]
	at org.apache.hadoop.ozone.om.OmMetadataReader.getFileStatus(OmMetadataReader.java:262) ~[ozone-manager-1.4.0-SNAPSHOT.jar:?]
	at org.apache.hadoop.ozone.om.OzoneManager.getFileStatus(OzoneManager.java:3513) ~[ozone-manager-1.4.0-SNAPSHOT.jar:?]
	at org.apache.hadoop.ozone.protocolPB.OzoneManagerRequestHandler.getOzoneFileStatus(OzoneManagerRequestHandler.java:973) ~[ozone-manager-1.4.0-SNAPSHOT.jar:?]
	at org.apache.hadoop.ozone.protocolPB.OzoneManagerRequestHandler.handleReadRequest(OzoneManagerRequestHandler.java:252) ~[ozone-manager-1.4.0-SNAPSHOT.jar:?]
	at org.apache.hadoop.ozone.protocolPB.OzoneManagerProtocolServerSideTranslatorPB.submitReadRequestToOM(OzoneManagerProtocolServerSideTranslatorPB.java:225) ~[ozone-manager-1.4.0-SNAPSHOT.jar:?]
	at org.apache.hadoop.ozone.protocolPB.OzoneManagerProtocolServerSideTranslatorPB.processRequest(OzoneManagerProtocolServerSideTranslatorPB.java:179) ~[ozone-manager-1.4.0-SNAPSHOT.jar:?]
	at org.apache.hadoop.hdds.server.OzoneProtocolMessageDispatcher.processRequest(OzoneProtocolMessageDispatcher.java:87) [hdds-server-framework-1.4.0-SNAPSHOT.jar:?]
	at org.apache.hadoop.ozone.protocolPB.OzoneManagerProtocolServerSideTranslatorPB.submitRequest(OzoneManagerProtocolServerSideTranslatorPB.java:148) [ozone-manager-1.4.0-SNAPSHOT.jar:?]
	at org.apache.hadoop.ozone.protocol.proto.OzoneManagerProtocolProtos$OzoneManagerService$2.callBlockingMethod(OzoneManagerProtocolProtos.java) [ozone-interface-client-1.4.0-SNAPSHOT.jar:?]
	at org.apache.hadoop.ipc.ProtobufRpcEngine$Server.processCall(ProtobufRpcEngine.java:484) [hadoop-common-3.3.6.jar:?]
	at org.apache.hadoop.ipc.ProtobufRpcEngine2$Server$ProtoBufRpcInvoker.call(ProtobufRpcEngine2.java:595) [hadoop-common-3.3.6.jar:?]
	at org.apache.hadoop.ipc.ProtobufRpcEngine2$Server$ProtoBufRpcInvoker.call(ProtobufRpcEngine2.java:573) [hadoop-common-3.3.6.jar:?]
	at org.apache.hadoop.ipc.RPC$Server.call(RPC.java:1227) [hadoop-common-3.3.6.jar:?]
	at org.apache.hadoop.ipc.Server$RpcCall.run(Server.java:1094) [hadoop-common-3.3.6.jar:?]
	at org.apache.hadoop.ipc.Server$RpcCall.run(Server.java:1017) [hadoop-common-3.3.6.jar:?]
	at java.security.AccessController.doPrivileged(Native Method) ~[?:1.8.0_382]
	at javax.security.auth.Subject.doAs(Subject.java:422) [?:1.8.0_382]
	at org.apache.hadoop.security.UserGroupInformation.doAs(UserGroupInformation.java:1899) [hadoop-common-3.3.6.jar:?]
	at org.apache.hadoop.ipc.Server$Handler.run(Server.java:3048) [hadoop-common-3.3.6.jar:?]
09:33:55.285 [IPC Server handler 13 on default port 15110] ERROR OMAudit - user=runner | ip=127.0.0.1 | op=GET_FILE_STATUS {volume=volume01359, bucket=bucket03907, key=testBatchDelete/parent/child6, dataSize=0, replicationConfig=null} | ret=FAILURE
org.apache.hadoop.ozone.om.exceptions.OMException: Unable to get file status: volume: volume01359 bucket: bucket03907 key: testBatchDelete/parent/child6
	at org.apache.hadoop.ozone.om.KeyManagerImpl.getOzoneFileStatus(KeyManagerImpl.java:1195) ~[ozone-manager-1.4.0-SNAPSHOT.jar:?]
	at org.apache.hadoop.ozone.om.KeyManagerImpl.getFileStatus(KeyManagerImpl.java:1113) ~[ozone-manager-1.4.0-SNAPSHOT.jar:?]
	at org.apache.hadoop.ozone.om.OmMetadataReader.getFileStatus(OmMetadataReader.java:262) ~[ozone-manager-1.4.0-SNAPSHOT.jar:?]
	at org.apache.hadoop.ozone.om.OzoneManager.getFileStatus(OzoneManager.java:3513) ~[ozone-manager-1.4.0-SNAPSHOT.jar:?]
	at org.apache.hadoop.ozone.protocolPB.OzoneManagerRequestHandler.getOzoneFileStatus(OzoneManagerRequestHandler.java:973) ~[ozone-manager-1.4.0-SNAPSHOT.jar:?]
	at org.apache.hadoop.ozone.protocolPB.OzoneManagerRequestHandler.handleReadRequest(OzoneManagerRequestHandler.java:252) ~[ozone-manager-1.4.0-SNAPSHOT.jar:?]
	at org.apache.hadoop.ozone.protocolPB.OzoneManagerProtocolServerSideTranslatorPB.submitReadRequestToOM(OzoneManagerProtocolServerSideTranslatorPB.java:225) ~[ozone-manager-1.4.0-SNAPSHOT.jar:?]
	at org.apache.hadoop.ozone.protocolPB.OzoneManagerProtocolServerSideTranslatorPB.processRequest(OzoneManagerProtocolServerSideTranslatorPB.java:179) ~[ozone-manager-1.4.0-SNAPSHOT.jar:?]
	at org.apache.hadoop.hdds.server.OzoneProtocolMessageDispatcher.processRequest(OzoneProtocolMessageDispatcher.java:87) [hdds-server-framework-1.4.0-SNAPSHOT.jar:?]
	at org.apache.hadoop.ozone.protocolPB.OzoneManagerProtocolServerSideTranslatorPB.submitRequest(OzoneManagerProtocolServerSideTranslatorPB.java:148) [ozone-manager-1.4.0-SNAPSHOT.jar:?]
	at org.apache.hadoop.ozone.protocol.proto.OzoneManagerProtocolProtos$OzoneManagerService$2.callBlockingMethod(OzoneManagerProtocolProtos.java) [ozone-interface-client-1.4.0-SNAPSHOT.jar:?]
	at org.apache.hadoop.ipc.ProtobufRpcEngine$Server.processCall(ProtobufRpcEngine.java:484) [hadoop-common-3.3.6.jar:?]
	at org.apache.hadoop.ipc.ProtobufRpcEngine2$Server$ProtoBufRpcInvoker.call(ProtobufRpcEngine2.java:595) [hadoop-common-3.3.6.jar:?]
	at org.apache.hadoop.ipc.ProtobufRpcEngine2$Server$ProtoBufRpcInvoker.call(ProtobufRpcEngine2.java:573) [hadoop-common-3.3.6.jar:?]
	at org.apache.hadoop.ipc.RPC$Server.call(RPC.java:1227) [hadoop-common-3.3.6.jar:?]
	at org.apache.hadoop.ipc.Server$RpcCall.run(Server.java:1094) [hadoop-common-3.3.6.jar:?]
	at org.apache.hadoop.ipc.Server$RpcCall.run(Server.java:1017) [hadoop-common-3.3.6.jar:?]
	at java.security.AccessController.doPrivileged(Native Method) ~[?:1.8.0_382]
	at javax.security.auth.Subject.doAs(Subject.java:422) [?:1.8.0_382]
	at org.apache.hadoop.security.UserGroupInformation.doAs(UserGroupInformation.java:1899) [hadoop-common-3.3.6.jar:?]
	at org.apache.hadoop.ipc.Server$Handler.run(Server.java:3048) [hadoop-common-3.3.6.jar:?]
09:33:55.286 [IPC Server handler 14 on default port 15110] ERROR OMAudit - user=runner | ip=127.0.0.1 | op=GET_FILE_STATUS {volume=volume01359, bucket=bucket03907, key=testBatchDelete/parent/childFolder/child6, dataSize=0, replicationConfig=null} | ret=FAILURE
org.apache.hadoop.ozone.om.exceptions.OMException: Unable to get file status: volume: volume01359 bucket: bucket03907 key: testBatchDelete/parent/childFolder/child6
	at org.apache.hadoop.ozone.om.KeyManagerImpl.getOzoneFileStatus(KeyManagerImpl.java:1195) ~[ozone-manager-1.4.0-SNAPSHOT.jar:?]
	at org.apache.hadoop.ozone.om.KeyManagerImpl.getFileStatus(KeyManagerImpl.java:1113) ~[ozone-manager-1.4.0-SNAPSHOT.jar:?]
	at org.apache.hadoop.ozone.om.OmMetadataReader.getFileStatus(OmMetadataReader.java:262) ~[ozone-manager-1.4.0-SNAPSHOT.jar:?]
	at org.apache.hadoop.ozone.om.OzoneManager.getFileStatus(OzoneManager.java:3513) ~[ozone-manager-1.4.0-SNAPSHOT.jar:?]
	at org.apache.hadoop.ozone.protocolPB.OzoneManagerRequestHandler.getOzoneFileStatus(OzoneManagerRequestHandler.java:973) ~[ozone-manager-1.4.0-SNAPSHOT.jar:?]
	at org.apache.hadoop.ozone.protocolPB.OzoneManagerRequestHandler.handleReadRequest(OzoneManagerRequestHandler.java:252) ~[ozone-manager-1.4.0-SNAPSHOT.jar:?]
	at org.apache.hadoop.ozone.protocolPB.OzoneManagerProtocolServerSideTranslatorPB.submitReadRequestToOM(OzoneManagerProtocolServerSideTranslatorPB.java:225) ~[ozone-manager-1.4.0-SNAPSHOT.jar:?]
	at org.apache.hadoop.ozone.protocolPB.OzoneManagerProtocolServerSideTranslatorPB.processRequest(OzoneManagerProtocolServerSideTranslatorPB.java:179) ~[ozone-manager-1.4.0-SNAPSHOT.jar:?]
	at org.apache.hadoop.hdds.server.OzoneProtocolMessageDispatcher.processRequest(OzoneProtocolMessageDispatcher.java:87) [hdds-server-framework-1.4.0-SNAPSHOT.jar:?]
	at org.apache.hadoop.ozone.protocolPB.OzoneManagerProtocolServerSideTranslatorPB.submitRequest(OzoneManagerProtocolServerSideTranslatorPB.java:148) [ozone-manager-1.4.0-SNAPSHOT.jar:?]
	at org.apache.hadoop.ozone.protocol.proto.OzoneManagerProtocolProtos$OzoneManagerService$2.callBlockingMethod(OzoneManagerProtocolProtos.java) [ozone-interface-client-1.4.0-SNAPSHOT.jar:?]
	at org.apache.hadoop.ipc.ProtobufRpcEngine$Server.processCall(ProtobufRpcEngine.java:484) [hadoop-common-3.3.6.jar:?]
	at org.apache.hadoop.ipc.ProtobufRpcEngine2$Server$ProtoBufRpcInvoker.call(ProtobufRpcEngine2.java:595) [hadoop-common-3.3.6.jar:?]
	at org.apache.hadoop.ipc.ProtobufRpcEngine2$Server$ProtoBufRpcInvoker.call(ProtobufRpcEngine2.java:573) [hadoop-common-3.3.6.jar:?]
	at org.apache.hadoop.ipc.RPC$Server.call(RPC.java:1227) [hadoop-common-3.3.6.jar:?]
	at org.apache.hadoop.ipc.Server$RpcCall.run(Server.java:1094) [hadoop-common-3.3.6.jar:?]
	at org.apache.hadoop.ipc.Server$RpcCall.run(Server.java:1017) [hadoop-common-3.3.6.jar:?]
	at java.security.AccessController.doPrivileged(Native Method) ~[?:1.8.0_382]
	at javax.security.auth.Subject.doAs(Subject.java:422) [?:1.8.0_382]
	at org.apache.hadoop.security.UserGroupInformation.doAs(UserGroupInformation.java:1899) [hadoop-common-3.3.6.jar:?]
	at org.apache.hadoop.ipc.Server$Handler.run(Server.java:3048) [hadoop-common-3.3.6.jar:?]
09:33:55.287 [IPC Server handler 15 on default port 15110] ERROR OMAudit - user=runner | ip=127.0.0.1 | op=GET_FILE_STATUS {volume=volume01359, bucket=bucket03907, key=testBatchDelete/parent/child7, dataSize=0, replicationConfig=null} | ret=FAILURE
org.apache.hadoop.ozone.om.exceptions.OMException: Unable to get file status: volume: volume01359 bucket: bucket03907 key: testBatchDelete/parent/child7
	at org.apache.hadoop.ozone.om.KeyManagerImpl.getOzoneFileStatus(KeyManagerImpl.java:1195) ~[ozone-manager-1.4.0-SNAPSHOT.jar:?]
	at org.apache.hadoop.ozone.om.KeyManagerImpl.getFileStatus(KeyManagerImpl.java:1113) ~[ozone-manager-1.4.0-SNAPSHOT.jar:?]
	at org.apache.hadoop.ozone.om.OmMetadataReader.getFileStatus(OmMetadataReader.java:262) ~[ozone-manager-1.4.0-SNAPSHOT.jar:?]
	at org.apache.hadoop.ozone.om.OzoneManager.getFileStatus(OzoneManager.java:3513) ~[ozone-manager-1.4.0-SNAPSHOT.jar:?]
	at org.apache.hadoop.ozone.protocolPB.OzoneManagerRequestHandler.getOzoneFileStatus(OzoneManagerRequestHandler.java:973) ~[ozone-manager-1.4.0-SNAPSHOT.jar:?]
	at org.apache.hadoop.ozone.protocolPB.OzoneManagerRequestHandler.handleReadRequest(OzoneManagerRequestHandler.java:252) ~[ozone-manager-1.4.0-SNAPSHOT.jar:?]
	at org.apache.hadoop.ozone.protocolPB.OzoneManagerProtocolServerSideTranslatorPB.submitReadRequestToOM(OzoneManagerProtocolServerSideTranslatorPB.java:225) ~[ozone-manager-1.4.0-SNAPSHOT.jar:?]
	at org.apache.hadoop.ozone.protocolPB.OzoneManagerProtocolServerSideTranslatorPB.processRequest(OzoneManagerProtocolServerSideTranslatorPB.java:179) ~[ozone-manager-1.4.0-SNAPSHOT.jar:?]
	at org.apache.hadoop.hdds.server.OzoneProtocolMessageDispatcher.processRequest(OzoneProtocolMessageDispatcher.java:87) [hdds-server-framework-1.4.0-SNAPSHOT.jar:?]
	at org.apache.hadoop.ozone.protocolPB.OzoneManagerProtocolServerSideTranslatorPB.submitRequest(OzoneManagerProtocolServerSideTranslatorPB.java:148) [ozone-manager-1.4.0-SNAPSHOT.jar:?]
	at org.apache.hadoop.ozone.protocol.proto.OzoneManagerProtocolProtos$OzoneManagerService$2.callBlockingMethod(OzoneManagerProtocolProtos.java) [ozone-interface-client-1.4.0-SNAPSHOT.jar:?]
	at org.apache.hadoop.ipc.ProtobufRpcEngine$Server.processCall(ProtobufRpcEngine.java:484) [hadoop-common-3.3.6.jar:?]
	at org.apache.hadoop.ipc.ProtobufRpcEngine2$Server$ProtoBufRpcInvoker.call(ProtobufRpcEngine2.java:595) [hadoop-common-3.3.6.jar:?]
	at org.apache.hadoop.ipc.ProtobufRpcEngine2$Server$ProtoBufRpcInvoker.call(ProtobufRpcEngine2.java:573) [hadoop-common-3.3.6.jar:?]
	at org.apache.hadoop.ipc.RPC$Server.call(RPC.java:1227) [hadoop-common-3.3.6.jar:?]
	at org.apache.hadoop.ipc.Server$RpcCall.run(Server.java:1094) [hadoop-common-3.3.6.jar:?]
	at org.apache.hadoop.ipc.Server$RpcCall.run(Server.java:1017) [hadoop-common-3.3.6.jar:?]
	at java.security.AccessController.doPrivileged(Native Method) ~[?:1.8.0_382]
	at javax.security.auth.Subject.doAs(Subject.java:422) [?:1.8.0_382]
	at org.apache.hadoop.security.UserGroupInformation.doAs(UserGroupInformation.java:1899) [hadoop-common-3.3.6.jar:?]
	at org.apache.hadoop.ipc.Server$Handler.run(Server.java:3048) [hadoop-common-3.3.6.jar:?]
09:33:55.288 [IPC Server handler 16 on default port 15110] ERROR OMAudit - user=runner | ip=127.0.0.1 | op=GET_FILE_STATUS {volume=volume01359, bucket=bucket03907, key=testBatchDelete/parent/childFolder/child7, dataSize=0, replicationConfig=null} | ret=FAILURE
org.apache.hadoop.ozone.om.exceptions.OMException: Unable to get file status: volume: volume01359 bucket: bucket03907 key: testBatchDelete/parent/childFolder/child7
	at org.apache.hadoop.ozone.om.KeyManagerImpl.getOzoneFileStatus(KeyManagerImpl.java:1195) ~[ozone-manager-1.4.0-SNAPSHOT.jar:?]
	at org.apache.hadoop.ozone.om.KeyManagerImpl.getFileStatus(KeyManagerImpl.java:1113) ~[ozone-manager-1.4.0-SNAPSHOT.jar:?]
	at org.apache.hadoop.ozone.om.OmMetadataReader.getFileStatus(OmMetadataReader.java:262) ~[ozone-manager-1.4.0-SNAPSHOT.jar:?]
	at org.apache.hadoop.ozone.om.OzoneManager.getFileStatus(OzoneManager.java:3513) ~[ozone-manager-1.4.0-SNAPSHOT.jar:?]
	at org.apache.hadoop.ozone.protocolPB.OzoneManagerRequestHandler.getOzoneFileStatus(OzoneManagerRequestHandler.java:973) ~[ozone-manager-1.4.0-SNAPSHOT.jar:?]
	at org.apache.hadoop.ozone.protocolPB.OzoneManagerRequestHandler.handleReadRequest(OzoneManagerRequestHandler.java:252) ~[ozone-manager-1.4.0-SNAPSHOT.jar:?]
	at org.apache.hadoop.ozone.protocolPB.OzoneManagerProtocolServerSideTranslatorPB.submitReadRequestToOM(OzoneManagerProtocolServerSideTranslatorPB.java:225) ~[ozone-manager-1.4.0-SNAPSHOT.jar:?]
	at org.apache.hadoop.ozone.protocolPB.OzoneManagerProtocolServerSideTranslatorPB.processRequest(OzoneManagerProtocolServerSideTranslatorPB.java:179) ~[ozone-manager-1.4.0-SNAPSHOT.jar:?]
	at org.apache.hadoop.hdds.server.OzoneProtocolMessageDispatcher.processRequest(OzoneProtocolMessageDispatcher.java:87) [hdds-server-framework-1.4.0-SNAPSHOT.jar:?]
	at org.apache.hadoop.ozone.protocolPB.OzoneManagerProtocolServerSideTranslatorPB.submitRequest(OzoneManagerProtocolServerSideTranslatorPB.java:148) [ozone-manager-1.4.0-SNAPSHOT.jar:?]
	at org.apache.hadoop.ozone.protocol.proto.OzoneManagerProtocolProtos$OzoneManagerService$2.callBlockingMethod(OzoneManagerProtocolProtos.java) [ozone-interface-client-1.4.0-SNAPSHOT.jar:?]
	at org.apache.hadoop.ipc.ProtobufRpcEngine$Server.processCall(ProtobufRpcEngine.java:484) [hadoop-common-3.3.6.jar:?]
	at org.apache.hadoop.ipc.ProtobufRpcEngine2$Server$ProtoBufRpcInvoker.call(ProtobufRpcEngine2.java:595) [hadoop-common-3.3.6.jar:?]
	at org.apache.hadoop.ipc.ProtobufRpcEngine2$Server$ProtoBufRpcInvoker.call(ProtobufRpcEngine2.java:573) [hadoop-common-3.3.6.jar:?]
	at org.apache.hadoop.ipc.RPC$Server.call(RPC.java:1227) [hadoop-common-3.3.6.jar:?]
	at org.apache.hadoop.ipc.Server$RpcCall.run(Server.java:1094) [hadoop-common-3.3.6.jar:?]
	at org.apache.hadoop.ipc.Server$RpcCall.run(Server.java:1017) [hadoop-common-3.3.6.jar:?]
	at java.security.AccessController.doPrivileged(Native Method) ~[?:1.8.0_382]
	at javax.security.auth.Subject.doAs(Subject.java:422) [?:1.8.0_382]
	at org.apache.hadoop.security.UserGroupInformation.doAs(UserGroupInformation.java:1899) [hadoop-common-3.3.6.jar:?]
	at org.apache.hadoop.ipc.Server$Handler.run(Server.java:3048) [hadoop-common-3.3.6.jar:?]
09:33:55.289 [IPC Server handler 17 on default port 15110] ERROR OMAudit - user=runner | ip=127.0.0.1 | op=GET_FILE_STATUS {volume=volume01359, bucket=bucket03907, key=testBatchDelete/parent, dataSize=0, replicationConfig=null} | ret=FAILURE
org.apache.hadoop.ozone.om.exceptions.OMException: Unable to get file status: volume: volume01359 bucket: bucket03907 key: testBatchDelete/parent
	at org.apache.hadoop.ozone.om.KeyManagerImpl.getOzoneFileStatus(KeyManagerImpl.java:1195) ~[ozone-manager-1.4.0-SNAPSHOT.jar:?]
	at org.apache.hadoop.ozone.om.KeyManagerImpl.getFileStatus(KeyManagerImpl.java:1113) ~[ozone-manager-1.4.0-SNAPSHOT.jar:?]
	at org.apache.hadoop.ozone.om.OmMetadataReader.getFileStatus(OmMetadataReader.java:262) ~[ozone-manager-1.4.0-SNAPSHOT.jar:?]
	at org.apache.hadoop.ozone.om.OzoneManager.getFileStatus(OzoneManager.java:3513) ~[ozone-manager-1.4.0-SNAPSHOT.jar:?]
	at org.apache.hadoop.ozone.protocolPB.OzoneManagerRequestHandler.getOzoneFileStatus(OzoneManagerRequestHandler.java:973) ~[ozone-manager-1.4.0-SNAPSHOT.jar:?]
	at org.apache.hadoop.ozone.protocolPB.OzoneManagerRequestHandler.handleReadRequest(OzoneManagerRequestHandler.java:252) ~[ozone-manager-1.4.0-SNAPSHOT.jar:?]
	at org.apache.hadoop.ozone.protocolPB.OzoneManagerProtocolServerSideTranslatorPB.submitReadRequestToOM(OzoneManagerProtocolServerSideTranslatorPB.java:225) ~[ozone-manager-1.4.0-SNAPSHOT.jar:?]
	at org.apache.hadoop.ozone.protocolPB.OzoneManagerProtocolServerSideTranslatorPB.processRequest(OzoneManagerProtocolServerSideTranslatorPB.java:179) ~[ozone-manager-1.4.0-SNAPSHOT.jar:?]
	at org.apache.hadoop.hdds.server.OzoneProtocolMessageDispatcher.processRequest(OzoneProtocolMessageDispatcher.java:87) [hdds-server-framework-1.4.0-SNAPSHOT.jar:?]
	at org.apache.hadoop.ozone.protocolPB.OzoneManagerProtocolServerSideTranslatorPB.submitRequest(OzoneManagerProtocolServerSideTranslatorPB.java:148) [ozone-manager-1.4.0-SNAPSHOT.jar:?]
	at org.apache.hadoop.ozone.protocol.proto.OzoneManagerProtocolProtos$OzoneManagerService$2.callBlockingMethod(OzoneManagerProtocolProtos.java) [ozone-interface-client-1.4.0-SNAPSHOT.jar:?]
	at org.apache.hadoop.ipc.ProtobufRpcEngine$Server.processCall(ProtobufRpcEngine.java:484) [hadoop-common-3.3.6.jar:?]
	at org.apache.hadoop.ipc.ProtobufRpcEngine2$Server$ProtoBufRpcInvoker.call(ProtobufRpcEngine2.java:595) [hadoop-common-3.3.6.jar:?]
	at org.apache.hadoop.ipc.ProtobufRpcEngine2$Server$ProtoBufRpcInvoker.call(ProtobufRpcEngine2.java:573) [hadoop-common-3.3.6.jar:?]
	at org.apache.hadoop.ipc.RPC$Server.call(RPC.java:1227) [hadoop-common-3.3.6.jar:?]
	at org.apache.hadoop.ipc.Server$RpcCall.run(Server.java:1094) [hadoop-common-3.3.6.jar:?]
	at org.apache.hadoop.ipc.Server$RpcCall.run(Server.java:1017) [hadoop-common-3.3.6.jar:?]
	at java.security.AccessController.doPrivileged(Native Method) ~[?:1.8.0_382]
	at javax.security.auth.Subject.doAs(Subject.java:422) [?:1.8.0_382]
	at org.apache.hadoop.security.UserGroupInformation.doAs(UserGroupInformation.java:1899) [hadoop-common-3.3.6.jar:?]
	at org.apache.hadoop.ipc.Server$Handler.run(Server.java:3048) [hadoop-common-3.3.6.jar:?]
2023-08-28 09:33:55,289 [Time-limited test] WARN  ozone.BasicOzoneFileSystem (BasicOzoneFileSystem.java:delete(595)) - delete: Path does not exist: /testBatchDelete/parent
]]></system-out>
  </testcase>
  <testcase name="testFileDelete" classname="TestOzoneFileSystem" time="0.087">
    <system-out><![CDATA[09:35:05.898 [IPC Server handler 0 on default port 15163] ERROR OMAudit - user=runner | ip=127.0.0.1 | op=GET_FILE_STATUS {volume=volume82570, bucket=bucket71984, key=testBatchDelete, dataSize=0, replicationConfig=null} | ret=FAILURE
org.apache.hadoop.ozone.om.exceptions.OMException: Unable to get file status: volume: volume82570 bucket: bucket71984 key: testBatchDelete
	at org.apache.hadoop.ozone.om.KeyManagerImpl.getOzoneFileStatus(KeyManagerImpl.java:1195) ~[ozone-manager-1.4.0-SNAPSHOT.jar:?]
	at org.apache.hadoop.ozone.om.KeyManagerImpl.getFileStatus(KeyManagerImpl.java:1113) ~[ozone-manager-1.4.0-SNAPSHOT.jar:?]
	at org.apache.hadoop.ozone.om.OmMetadataReader.getFileStatus(OmMetadataReader.java:262) ~[ozone-manager-1.4.0-SNAPSHOT.jar:?]
	at org.apache.hadoop.ozone.om.OzoneManager.getFileStatus(OzoneManager.java:3513) ~[ozone-manager-1.4.0-SNAPSHOT.jar:?]
	at org.apache.hadoop.ozone.protocolPB.OzoneManagerRequestHandler.getOzoneFileStatus(OzoneManagerRequestHandler.java:973) ~[ozone-manager-1.4.0-SNAPSHOT.jar:?]
	at org.apache.hadoop.ozone.protocolPB.OzoneManagerRequestHandler.handleReadRequest(OzoneManagerRequestHandler.java:252) ~[ozone-manager-1.4.0-SNAPSHOT.jar:?]
	at org.apache.hadoop.ozone.protocolPB.OzoneManagerProtocolServerSideTranslatorPB.submitRequestDirectlyToOM(OzoneManagerProtocolServerSideTranslatorPB.java:274) ~[ozone-manager-1.4.0-SNAPSHOT.jar:?]
	at org.apache.hadoop.ozone.protocolPB.OzoneManagerProtocolServerSideTranslatorPB.processRequest(OzoneManagerProtocolServerSideTranslatorPB.java:175) ~[ozone-manager-1.4.0-SNAPSHOT.jar:?]
	at org.apache.hadoop.hdds.server.OzoneProtocolMessageDispatcher.processRequest(OzoneProtocolMessageDispatcher.java:87) [hdds-server-framework-1.4.0-SNAPSHOT.jar:?]
	at org.apache.hadoop.ozone.protocolPB.OzoneManagerProtocolServerSideTranslatorPB.submitRequest(OzoneManagerProtocolServerSideTranslatorPB.java:148) [ozone-manager-1.4.0-SNAPSHOT.jar:?]
	at org.apache.hadoop.ozone.protocol.proto.OzoneManagerProtocolProtos$OzoneManagerService$2.callBlockingMethod(OzoneManagerProtocolProtos.java) [ozone-interface-client-1.4.0-SNAPSHOT.jar:?]
	at org.apache.hadoop.ipc.ProtobufRpcEngine$Server.processCall(ProtobufRpcEngine.java:484) [hadoop-common-3.3.6.jar:?]
	at org.apache.hadoop.ipc.ProtobufRpcEngine2$Server$ProtoBufRpcInvoker.call(ProtobufRpcEngine2.java:595) [hadoop-common-3.3.6.jar:?]
	at org.apache.hadoop.ipc.ProtobufRpcEngine2$Server$ProtoBufRpcInvoker.call(ProtobufRpcEngine2.java:573) [hadoop-common-3.3.6.jar:?]
	at org.apache.hadoop.ipc.RPC$Server.call(RPC.java:1227) [hadoop-common-3.3.6.jar:?]
	at org.apache.hadoop.ipc.Server$RpcCall.run(Server.java:1094) [hadoop-common-3.3.6.jar:?]
	at org.apache.hadoop.ipc.Server$RpcCall.run(Server.java:1017) [hadoop-common-3.3.6.jar:?]
	at java.security.AccessController.doPrivileged(Native Method) ~[?:1.8.0_382]
	at javax.security.auth.Subject.doAs(Subject.java:422) [?:1.8.0_382]
	at org.apache.hadoop.security.UserGroupInformation.doAs(UserGroupInformation.java:1899) [hadoop-common-3.3.6.jar:?]
	at org.apache.hadoop.ipc.Server$Handler.run(Server.java:3048) [hadoop-common-3.3.6.jar:?]
09:35:05.899 [IPC Server handler 1 on default port 15163] ERROR OMAudit - user=runner | ip=127.0.0.1 | op=GET_FILE_STATUS {volume=volume82570, bucket=bucket71984, key=testBatchDelete/parent/child0, dataSize=0, replicationConfig=null} | ret=FAILURE
org.apache.hadoop.ozone.om.exceptions.OMException: Unable to get file status: volume: volume82570 bucket: bucket71984 key: testBatchDelete/parent/child0
	at org.apache.hadoop.ozone.om.KeyManagerImpl.getOzoneFileStatus(KeyManagerImpl.java:1195) ~[ozone-manager-1.4.0-SNAPSHOT.jar:?]
	at org.apache.hadoop.ozone.om.KeyManagerImpl.getFileStatus(KeyManagerImpl.java:1113) ~[ozone-manager-1.4.0-SNAPSHOT.jar:?]
	at org.apache.hadoop.ozone.om.OmMetadataReader.getFileStatus(OmMetadataReader.java:262) ~[ozone-manager-1.4.0-SNAPSHOT.jar:?]
	at org.apache.hadoop.ozone.om.OzoneManager.getFileStatus(OzoneManager.java:3513) ~[ozone-manager-1.4.0-SNAPSHOT.jar:?]
	at org.apache.hadoop.ozone.protocolPB.OzoneManagerRequestHandler.getOzoneFileStatus(OzoneManagerRequestHandler.java:973) ~[ozone-manager-1.4.0-SNAPSHOT.jar:?]
	at org.apache.hadoop.ozone.protocolPB.OzoneManagerRequestHandler.handleReadRequest(OzoneManagerRequestHandler.java:252) ~[ozone-manager-1.4.0-SNAPSHOT.jar:?]
	at org.apache.hadoop.ozone.protocolPB.OzoneManagerProtocolServerSideTranslatorPB.submitRequestDirectlyToOM(OzoneManagerProtocolServerSideTranslatorPB.java:274) ~[ozone-manager-1.4.0-SNAPSHOT.jar:?]
	at org.apache.hadoop.ozone.protocolPB.OzoneManagerProtocolServerSideTranslatorPB.processRequest(OzoneManagerProtocolServerSideTranslatorPB.java:175) ~[ozone-manager-1.4.0-SNAPSHOT.jar:?]
	at org.apache.hadoop.hdds.server.OzoneProtocolMessageDispatcher.processRequest(OzoneProtocolMessageDispatcher.java:87) [hdds-server-framework-1.4.0-SNAPSHOT.jar:?]
	at org.apache.hadoop.ozone.protocolPB.OzoneManagerProtocolServerSideTranslatorPB.submitRequest(OzoneManagerProtocolServerSideTranslatorPB.java:148) [ozone-manager-1.4.0-SNAPSHOT.jar:?]
	at org.apache.hadoop.ozone.protocol.proto.OzoneManagerProtocolProtos$OzoneManagerService$2.callBlockingMethod(OzoneManagerProtocolProtos.java) [ozone-interface-client-1.4.0-SNAPSHOT.jar:?]
	at org.apache.hadoop.ipc.ProtobufRpcEngine$Server.processCall(ProtobufRpcEngine.java:484) [hadoop-common-3.3.6.jar:?]
	at org.apache.hadoop.ipc.ProtobufRpcEngine2$Server$ProtoBufRpcInvoker.call(ProtobufRpcEngine2.java:595) [hadoop-common-3.3.6.jar:?]
	at org.apache.hadoop.ipc.ProtobufRpcEngine2$Server$ProtoBufRpcInvoker.call(ProtobufRpcEngine2.java:573) [hadoop-common-3.3.6.jar:?]
	at org.apache.hadoop.ipc.RPC$Server.call(RPC.java:1227) [hadoop-common-3.3.6.jar:?]
	at org.apache.hadoop.ipc.Server$RpcCall.run(Server.java:1094) [hadoop-common-3.3.6.jar:?]
	at org.apache.hadoop.ipc.Server$RpcCall.run(Server.java:1017) [hadoop-common-3.3.6.jar:?]
	at java.security.AccessController.doPrivileged(Native Method) ~[?:1.8.0_382]
	at javax.security.auth.Subject.doAs(Subject.java:422) [?:1.8.0_382]
	at org.apache.hadoop.security.UserGroupInformation.doAs(UserGroupInformation.java:1899) [hadoop-common-3.3.6.jar:?]
	at org.apache.hadoop.ipc.Server$Handler.run(Server.java:3048) [hadoop-common-3.3.6.jar:?]
09:35:05.900 [IPC Server handler 2 on default port 15163] ERROR OMAudit - user=runner | ip=127.0.0.1 | op=GET_FILE_STATUS {volume=volume82570, bucket=bucket71984, key=testBatchDelete/parent/childFolder/child0, dataSize=0, replicationConfig=null} | ret=FAILURE
org.apache.hadoop.ozone.om.exceptions.OMException: Unable to get file status: volume: volume82570 bucket: bucket71984 key: testBatchDelete/parent/childFolder/child0
	at org.apache.hadoop.ozone.om.KeyManagerImpl.getOzoneFileStatus(KeyManagerImpl.java:1195) ~[ozone-manager-1.4.0-SNAPSHOT.jar:?]
	at org.apache.hadoop.ozone.om.KeyManagerImpl.getFileStatus(KeyManagerImpl.java:1113) ~[ozone-manager-1.4.0-SNAPSHOT.jar:?]
	at org.apache.hadoop.ozone.om.OmMetadataReader.getFileStatus(OmMetadataReader.java:262) ~[ozone-manager-1.4.0-SNAPSHOT.jar:?]
	at org.apache.hadoop.ozone.om.OzoneManager.getFileStatus(OzoneManager.java:3513) ~[ozone-manager-1.4.0-SNAPSHOT.jar:?]
	at org.apache.hadoop.ozone.protocolPB.OzoneManagerRequestHandler.getOzoneFileStatus(OzoneManagerRequestHandler.java:973) ~[ozone-manager-1.4.0-SNAPSHOT.jar:?]
	at org.apache.hadoop.ozone.protocolPB.OzoneManagerRequestHandler.handleReadRequest(OzoneManagerRequestHandler.java:252) ~[ozone-manager-1.4.0-SNAPSHOT.jar:?]
	at org.apache.hadoop.ozone.protocolPB.OzoneManagerProtocolServerSideTranslatorPB.submitRequestDirectlyToOM(OzoneManagerProtocolServerSideTranslatorPB.java:274) ~[ozone-manager-1.4.0-SNAPSHOT.jar:?]
	at org.apache.hadoop.ozone.protocolPB.OzoneManagerProtocolServerSideTranslatorPB.processRequest(OzoneManagerProtocolServerSideTranslatorPB.java:175) ~[ozone-manager-1.4.0-SNAPSHOT.jar:?]
	at org.apache.hadoop.hdds.server.OzoneProtocolMessageDispatcher.processRequest(OzoneProtocolMessageDispatcher.java:87) [hdds-server-framework-1.4.0-SNAPSHOT.jar:?]
	at org.apache.hadoop.ozone.protocolPB.OzoneManagerProtocolServerSideTranslatorPB.submitRequest(OzoneManagerProtocolServerSideTranslatorPB.java:148) [ozone-manager-1.4.0-SNAPSHOT.jar:?]
	at org.apache.hadoop.ozone.protocol.proto.OzoneManagerProtocolProtos$OzoneManagerService$2.callBlockingMethod(OzoneManagerProtocolProtos.java) [ozone-interface-client-1.4.0-SNAPSHOT.jar:?]
	at org.apache.hadoop.ipc.ProtobufRpcEngine$Server.processCall(ProtobufRpcEngine.java:484) [hadoop-common-3.3.6.jar:?]
	at org.apache.hadoop.ipc.ProtobufRpcEngine2$Server$ProtoBufRpcInvoker.call(ProtobufRpcEngine2.java:595) [hadoop-common-3.3.6.jar:?]
	at org.apache.hadoop.ipc.ProtobufRpcEngine2$Server$ProtoBufRpcInvoker.call(ProtobufRpcEngine2.java:573) [hadoop-common-3.3.6.jar:?]
	at org.apache.hadoop.ipc.RPC$Server.call(RPC.java:1227) [hadoop-common-3.3.6.jar:?]
	at org.apache.hadoop.ipc.Server$RpcCall.run(Server.java:1094) [hadoop-common-3.3.6.jar:?]
	at org.apache.hadoop.ipc.Server$RpcCall.run(Server.java:1017) [hadoop-common-3.3.6.jar:?]
	at java.security.AccessController.doPrivileged(Native Method) ~[?:1.8.0_382]
	at javax.security.auth.Subject.doAs(Subject.java:422) [?:1.8.0_382]
	at org.apache.hadoop.security.UserGroupInformation.doAs(UserGroupInformation.java:1899) [hadoop-common-3.3.6.jar:?]
	at org.apache.hadoop.ipc.Server$Handler.run(Server.java:3048) [hadoop-common-3.3.6.jar:?]
09:35:05.901 [IPC Server handler 3 on default port 15163] ERROR OMAudit - user=runner | ip=127.0.0.1 | op=GET_FILE_STATUS {volume=volume82570, bucket=bucket71984, key=testBatchDelete/parent/child1, dataSize=0, replicationConfig=null} | ret=FAILURE
org.apache.hadoop.ozone.om.exceptions.OMException: Unable to get file status: volume: volume82570 bucket: bucket71984 key: testBatchDelete/parent/child1
	at org.apache.hadoop.ozone.om.KeyManagerImpl.getOzoneFileStatus(KeyManagerImpl.java:1195) ~[ozone-manager-1.4.0-SNAPSHOT.jar:?]
	at org.apache.hadoop.ozone.om.KeyManagerImpl.getFileStatus(KeyManagerImpl.java:1113) ~[ozone-manager-1.4.0-SNAPSHOT.jar:?]
	at org.apache.hadoop.ozone.om.OmMetadataReader.getFileStatus(OmMetadataReader.java:262) ~[ozone-manager-1.4.0-SNAPSHOT.jar:?]
	at org.apache.hadoop.ozone.om.OzoneManager.getFileStatus(OzoneManager.java:3513) ~[ozone-manager-1.4.0-SNAPSHOT.jar:?]
	at org.apache.hadoop.ozone.protocolPB.OzoneManagerRequestHandler.getOzoneFileStatus(OzoneManagerRequestHandler.java:973) ~[ozone-manager-1.4.0-SNAPSHOT.jar:?]
	at org.apache.hadoop.ozone.protocolPB.OzoneManagerRequestHandler.handleReadRequest(OzoneManagerRequestHandler.java:252) ~[ozone-manager-1.4.0-SNAPSHOT.jar:?]
	at org.apache.hadoop.ozone.protocolPB.OzoneManagerProtocolServerSideTranslatorPB.submitRequestDirectlyToOM(OzoneManagerProtocolServerSideTranslatorPB.java:274) ~[ozone-manager-1.4.0-SNAPSHOT.jar:?]
	at org.apache.hadoop.ozone.protocolPB.OzoneManagerProtocolServerSideTranslatorPB.processRequest(OzoneManagerProtocolServerSideTranslatorPB.java:175) ~[ozone-manager-1.4.0-SNAPSHOT.jar:?]
	at org.apache.hadoop.hdds.server.OzoneProtocolMessageDispatcher.processRequest(OzoneProtocolMessageDispatcher.java:87) [hdds-server-framework-1.4.0-SNAPSHOT.jar:?]
	at org.apache.hadoop.ozone.protocolPB.OzoneManagerProtocolServerSideTranslatorPB.submitRequest(OzoneManagerProtocolServerSideTranslatorPB.java:148) [ozone-manager-1.4.0-SNAPSHOT.jar:?]
	at org.apache.hadoop.ozone.protocol.proto.OzoneManagerProtocolProtos$OzoneManagerService$2.callBlockingMethod(OzoneManagerProtocolProtos.java) [ozone-interface-client-1.4.0-SNAPSHOT.jar:?]
	at org.apache.hadoop.ipc.ProtobufRpcEngine$Server.processCall(ProtobufRpcEngine.java:484) [hadoop-common-3.3.6.jar:?]
	at org.apache.hadoop.ipc.ProtobufRpcEngine2$Server$ProtoBufRpcInvoker.call(ProtobufRpcEngine2.java:595) [hadoop-common-3.3.6.jar:?]
	at org.apache.hadoop.ipc.ProtobufRpcEngine2$Server$ProtoBufRpcInvoker.call(ProtobufRpcEngine2.java:573) [hadoop-common-3.3.6.jar:?]
	at org.apache.hadoop.ipc.RPC$Server.call(RPC.java:1227) [hadoop-common-3.3.6.jar:?]
	at org.apache.hadoop.ipc.Server$RpcCall.run(Server.java:1094) [hadoop-common-3.3.6.jar:?]
	at org.apache.hadoop.ipc.Server$RpcCall.run(Server.java:1017) [hadoop-common-3.3.6.jar:?]
	at java.security.AccessController.doPrivileged(Native Method) ~[?:1.8.0_382]
	at javax.security.auth.Subject.doAs(Subject.java:422) [?:1.8.0_382]
	at org.apache.hadoop.security.UserGroupInformation.doAs(UserGroupInformation.java:1899) [hadoop-common-3.3.6.jar:?]
	at org.apache.hadoop.ipc.Server$Handler.run(Server.java:3048) [hadoop-common-3.3.6.jar:?]
09:35:05.902 [IPC Server handler 5 on default port 15163] ERROR OMAudit - user=runner | ip=127.0.0.1 | op=GET_FILE_STATUS {volume=volume82570, bucket=bucket71984, key=testBatchDelete/parent/childFolder/child1, dataSize=0, replicationConfig=null} | ret=FAILURE
org.apache.hadoop.ozone.om.exceptions.OMException: Unable to get file status: volume: volume82570 bucket: bucket71984 key: testBatchDelete/parent/childFolder/child1
	at org.apache.hadoop.ozone.om.KeyManagerImpl.getOzoneFileStatus(KeyManagerImpl.java:1195) ~[ozone-manager-1.4.0-SNAPSHOT.jar:?]
	at org.apache.hadoop.ozone.om.KeyManagerImpl.getFileStatus(KeyManagerImpl.java:1113) ~[ozone-manager-1.4.0-SNAPSHOT.jar:?]
	at org.apache.hadoop.ozone.om.OmMetadataReader.getFileStatus(OmMetadataReader.java:262) ~[ozone-manager-1.4.0-SNAPSHOT.jar:?]
	at org.apache.hadoop.ozone.om.OzoneManager.getFileStatus(OzoneManager.java:3513) ~[ozone-manager-1.4.0-SNAPSHOT.jar:?]
	at org.apache.hadoop.ozone.protocolPB.OzoneManagerRequestHandler.getOzoneFileStatus(OzoneManagerRequestHandler.java:973) ~[ozone-manager-1.4.0-SNAPSHOT.jar:?]
	at org.apache.hadoop.ozone.protocolPB.OzoneManagerRequestHandler.handleReadRequest(OzoneManagerRequestHandler.java:252) ~[ozone-manager-1.4.0-SNAPSHOT.jar:?]
	at org.apache.hadoop.ozone.protocolPB.OzoneManagerProtocolServerSideTranslatorPB.submitRequestDirectlyToOM(OzoneManagerProtocolServerSideTranslatorPB.java:274) ~[ozone-manager-1.4.0-SNAPSHOT.jar:?]
	at org.apache.hadoop.ozone.protocolPB.OzoneManagerProtocolServerSideTranslatorPB.processRequest(OzoneManagerProtocolServerSideTranslatorPB.java:175) ~[ozone-manager-1.4.0-SNAPSHOT.jar:?]
	at org.apache.hadoop.hdds.server.OzoneProtocolMessageDispatcher.processRequest(OzoneProtocolMessageDispatcher.java:87) [hdds-server-framework-1.4.0-SNAPSHOT.jar:?]
	at org.apache.hadoop.ozone.protocolPB.OzoneManagerProtocolServerSideTranslatorPB.submitRequest(OzoneManagerProtocolServerSideTranslatorPB.java:148) [ozone-manager-1.4.0-SNAPSHOT.jar:?]
	at org.apache.hadoop.ozone.protocol.proto.OzoneManagerProtocolProtos$OzoneManagerService$2.callBlockingMethod(OzoneManagerProtocolProtos.java) [ozone-interface-client-1.4.0-SNAPSHOT.jar:?]
	at org.apache.hadoop.ipc.ProtobufRpcEngine$Server.processCall(ProtobufRpcEngine.java:484) [hadoop-common-3.3.6.jar:?]
	at org.apache.hadoop.ipc.ProtobufRpcEngine2$Server$ProtoBufRpcInvoker.call(ProtobufRpcEngine2.java:595) [hadoop-common-3.3.6.jar:?]
	at org.apache.hadoop.ipc.ProtobufRpcEngine2$Server$ProtoBufRpcInvoker.call(ProtobufRpcEngine2.java:573) [hadoop-common-3.3.6.jar:?]
	at org.apache.hadoop.ipc.RPC$Server.call(RPC.java:1227) [hadoop-common-3.3.6.jar:?]
	at org.apache.hadoop.ipc.Server$RpcCall.run(Server.java:1094) [hadoop-common-3.3.6.jar:?]
	at org.apache.hadoop.ipc.Server$RpcCall.run(Server.java:1017) [hadoop-common-3.3.6.jar:?]
	at java.security.AccessController.doPrivileged(Native Method) ~[?:1.8.0_382]
	at javax.security.auth.Subject.doAs(Subject.java:422) [?:1.8.0_382]
	at org.apache.hadoop.security.UserGroupInformation.doAs(UserGroupInformation.java:1899) [hadoop-common-3.3.6.jar:?]
	at org.apache.hadoop.ipc.Server$Handler.run(Server.java:3048) [hadoop-common-3.3.6.jar:?]
09:35:05.902 [IPC Server handler 4 on default port 15163] ERROR OMAudit - user=runner | ip=127.0.0.1 | op=GET_FILE_STATUS {volume=volume82570, bucket=bucket71984, key=testBatchDelete/parent/child2, dataSize=0, replicationConfig=null} | ret=FAILURE
org.apache.hadoop.ozone.om.exceptions.OMException: Unable to get file status: volume: volume82570 bucket: bucket71984 key: testBatchDelete/parent/child2
	at org.apache.hadoop.ozone.om.KeyManagerImpl.getOzoneFileStatus(KeyManagerImpl.java:1195) ~[ozone-manager-1.4.0-SNAPSHOT.jar:?]
	at org.apache.hadoop.ozone.om.KeyManagerImpl.getFileStatus(KeyManagerImpl.java:1113) ~[ozone-manager-1.4.0-SNAPSHOT.jar:?]
	at org.apache.hadoop.ozone.om.OmMetadataReader.getFileStatus(OmMetadataReader.java:262) ~[ozone-manager-1.4.0-SNAPSHOT.jar:?]
	at org.apache.hadoop.ozone.om.OzoneManager.getFileStatus(OzoneManager.java:3513) ~[ozone-manager-1.4.0-SNAPSHOT.jar:?]
	at org.apache.hadoop.ozone.protocolPB.OzoneManagerRequestHandler.getOzoneFileStatus(OzoneManagerRequestHandler.java:973) ~[ozone-manager-1.4.0-SNAPSHOT.jar:?]
	at org.apache.hadoop.ozone.protocolPB.OzoneManagerRequestHandler.handleReadRequest(OzoneManagerRequestHandler.java:252) ~[ozone-manager-1.4.0-SNAPSHOT.jar:?]
	at org.apache.hadoop.ozone.protocolPB.OzoneManagerProtocolServerSideTranslatorPB.submitRequestDirectlyToOM(OzoneManagerProtocolServerSideTranslatorPB.java:274) ~[ozone-manager-1.4.0-SNAPSHOT.jar:?]
	at org.apache.hadoop.ozone.protocolPB.OzoneManagerProtocolServerSideTranslatorPB.processRequest(OzoneManagerProtocolServerSideTranslatorPB.java:175) ~[ozone-manager-1.4.0-SNAPSHOT.jar:?]
	at org.apache.hadoop.hdds.server.OzoneProtocolMessageDispatcher.processRequest(OzoneProtocolMessageDispatcher.java:87) [hdds-server-framework-1.4.0-SNAPSHOT.jar:?]
	at org.apache.hadoop.ozone.protocolPB.OzoneManagerProtocolServerSideTranslatorPB.submitRequest(OzoneManagerProtocolServerSideTranslatorPB.java:148) [ozone-manager-1.4.0-SNAPSHOT.jar:?]
	at org.apache.hadoop.ozone.protocol.proto.OzoneManagerProtocolProtos$OzoneManagerService$2.callBlockingMethod(OzoneManagerProtocolProtos.java) [ozone-interface-client-1.4.0-SNAPSHOT.jar:?]
	at org.apache.hadoop.ipc.ProtobufRpcEngine$Server.processCall(ProtobufRpcEngine.java:484) [hadoop-common-3.3.6.jar:?]
	at org.apache.hadoop.ipc.ProtobufRpcEngine2$Server$ProtoBufRpcInvoker.call(ProtobufRpcEngine2.java:595) [hadoop-common-3.3.6.jar:?]
	at org.apache.hadoop.ipc.ProtobufRpcEngine2$Server$ProtoBufRpcInvoker.call(ProtobufRpcEngine2.java:573) [hadoop-common-3.3.6.jar:?]
	at org.apache.hadoop.ipc.RPC$Server.call(RPC.java:1227) [hadoop-common-3.3.6.jar:?]
	at org.apache.hadoop.ipc.Server$RpcCall.run(Server.java:1094) [hadoop-common-3.3.6.jar:?]
	at org.apache.hadoop.ipc.Server$RpcCall.run(Server.java:1017) [hadoop-common-3.3.6.jar:?]
	at java.security.AccessController.doPrivileged(Native Method) ~[?:1.8.0_382]
	at javax.security.auth.Subject.doAs(Subject.java:422) [?:1.8.0_382]
	at org.apache.hadoop.security.UserGroupInformation.doAs(UserGroupInformation.java:1899) [hadoop-common-3.3.6.jar:?]
	at org.apache.hadoop.ipc.Server$Handler.run(Server.java:3048) [hadoop-common-3.3.6.jar:?]
09:35:05.908 [IPC Server handler 7 on default port 15163] ERROR OMAudit - user=runner | ip=127.0.0.1 | op=GET_FILE_STATUS {volume=volume82570, bucket=bucket71984, key=testBatchDelete/parent/childFolder/child2, dataSize=0, replicationConfig=null} | ret=FAILURE
org.apache.hadoop.ozone.om.exceptions.OMException: Unable to get file status: volume: volume82570 bucket: bucket71984 key: testBatchDelete/parent/childFolder/child2
	at org.apache.hadoop.ozone.om.KeyManagerImpl.getOzoneFileStatus(KeyManagerImpl.java:1195) ~[ozone-manager-1.4.0-SNAPSHOT.jar:?]
	at org.apache.hadoop.ozone.om.KeyManagerImpl.getFileStatus(KeyManagerImpl.java:1113) ~[ozone-manager-1.4.0-SNAPSHOT.jar:?]
	at org.apache.hadoop.ozone.om.OmMetadataReader.getFileStatus(OmMetadataReader.java:262) ~[ozone-manager-1.4.0-SNAPSHOT.jar:?]
	at org.apache.hadoop.ozone.om.OzoneManager.getFileStatus(OzoneManager.java:3513) ~[ozone-manager-1.4.0-SNAPSHOT.jar:?]
	at org.apache.hadoop.ozone.protocolPB.OzoneManagerRequestHandler.getOzoneFileStatus(OzoneManagerRequestHandler.java:973) ~[ozone-manager-1.4.0-SNAPSHOT.jar:?]
	at org.apache.hadoop.ozone.protocolPB.OzoneManagerRequestHandler.handleReadRequest(OzoneManagerRequestHandler.java:252) ~[ozone-manager-1.4.0-SNAPSHOT.jar:?]
	at org.apache.hadoop.ozone.protocolPB.OzoneManagerProtocolServerSideTranslatorPB.submitRequestDirectlyToOM(OzoneManagerProtocolServerSideTranslatorPB.java:274) ~[ozone-manager-1.4.0-SNAPSHOT.jar:?]
	at org.apache.hadoop.ozone.protocolPB.OzoneManagerProtocolServerSideTranslatorPB.processRequest(OzoneManagerProtocolServerSideTranslatorPB.java:175) ~[ozone-manager-1.4.0-SNAPSHOT.jar:?]
	at org.apache.hadoop.hdds.server.OzoneProtocolMessageDispatcher.processRequest(OzoneProtocolMessageDispatcher.java:87) [hdds-server-framework-1.4.0-SNAPSHOT.jar:?]
	at org.apache.hadoop.ozone.protocolPB.OzoneManagerProtocolServerSideTranslatorPB.submitRequest(OzoneManagerProtocolServerSideTranslatorPB.java:148) [ozone-manager-1.4.0-SNAPSHOT.jar:?]
	at org.apache.hadoop.ozone.protocol.proto.OzoneManagerProtocolProtos$OzoneManagerService$2.callBlockingMethod(OzoneManagerProtocolProtos.java) [ozone-interface-client-1.4.0-SNAPSHOT.jar:?]
	at org.apache.hadoop.ipc.ProtobufRpcEngine$Server.processCall(ProtobufRpcEngine.java:484) [hadoop-common-3.3.6.jar:?]
	at org.apache.hadoop.ipc.ProtobufRpcEngine2$Server$ProtoBufRpcInvoker.call(ProtobufRpcEngine2.java:595) [hadoop-common-3.3.6.jar:?]
	at org.apache.hadoop.ipc.ProtobufRpcEngine2$Server$ProtoBufRpcInvoker.call(ProtobufRpcEngine2.java:573) [hadoop-common-3.3.6.jar:?]
	at org.apache.hadoop.ipc.RPC$Server.call(RPC.java:1227) [hadoop-common-3.3.6.jar:?]
	at org.apache.hadoop.ipc.Server$RpcCall.run(Server.java:1094) [hadoop-common-3.3.6.jar:?]
	at org.apache.hadoop.ipc.Server$RpcCall.run(Server.java:1017) [hadoop-common-3.3.6.jar:?]
	at java.security.AccessController.doPrivileged(Native Method) ~[?:1.8.0_382]
	at javax.security.auth.Subject.doAs(Subject.java:422) [?:1.8.0_382]
	at org.apache.hadoop.security.UserGroupInformation.doAs(UserGroupInformation.java:1899) [hadoop-common-3.3.6.jar:?]
	at org.apache.hadoop.ipc.Server$Handler.run(Server.java:3048) [hadoop-common-3.3.6.jar:?]
09:35:05.909 [IPC Server handler 6 on default port 15163] ERROR OMAudit - user=runner | ip=127.0.0.1 | op=GET_FILE_STATUS {volume=volume82570, bucket=bucket71984, key=testBatchDelete/parent/child3, dataSize=0, replicationConfig=null} | ret=FAILURE
org.apache.hadoop.ozone.om.exceptions.OMException: Unable to get file status: volume: volume82570 bucket: bucket71984 key: testBatchDelete/parent/child3
	at org.apache.hadoop.ozone.om.KeyManagerImpl.getOzoneFileStatus(KeyManagerImpl.java:1195) ~[ozone-manager-1.4.0-SNAPSHOT.jar:?]
	at org.apache.hadoop.ozone.om.KeyManagerImpl.getFileStatus(KeyManagerImpl.java:1113) ~[ozone-manager-1.4.0-SNAPSHOT.jar:?]
	at org.apache.hadoop.ozone.om.OmMetadataReader.getFileStatus(OmMetadataReader.java:262) ~[ozone-manager-1.4.0-SNAPSHOT.jar:?]
	at org.apache.hadoop.ozone.om.OzoneManager.getFileStatus(OzoneManager.java:3513) ~[ozone-manager-1.4.0-SNAPSHOT.jar:?]
	at org.apache.hadoop.ozone.protocolPB.OzoneManagerRequestHandler.getOzoneFileStatus(OzoneManagerRequestHandler.java:973) ~[ozone-manager-1.4.0-SNAPSHOT.jar:?]
	at org.apache.hadoop.ozone.protocolPB.OzoneManagerRequestHandler.handleReadRequest(OzoneManagerRequestHandler.java:252) ~[ozone-manager-1.4.0-SNAPSHOT.jar:?]
	at org.apache.hadoop.ozone.protocolPB.OzoneManagerProtocolServerSideTranslatorPB.submitRequestDirectlyToOM(OzoneManagerProtocolServerSideTranslatorPB.java:274) ~[ozone-manager-1.4.0-SNAPSHOT.jar:?]
	at org.apache.hadoop.ozone.protocolPB.OzoneManagerProtocolServerSideTranslatorPB.processRequest(OzoneManagerProtocolServerSideTranslatorPB.java:175) ~[ozone-manager-1.4.0-SNAPSHOT.jar:?]
	at org.apache.hadoop.hdds.server.OzoneProtocolMessageDispatcher.processRequest(OzoneProtocolMessageDispatcher.java:87) [hdds-server-framework-1.4.0-SNAPSHOT.jar:?]
	at org.apache.hadoop.ozone.protocolPB.OzoneManagerProtocolServerSideTranslatorPB.submitRequest(OzoneManagerProtocolServerSideTranslatorPB.java:148) [ozone-manager-1.4.0-SNAPSHOT.jar:?]
	at org.apache.hadoop.ozone.protocol.proto.OzoneManagerProtocolProtos$OzoneManagerService$2.callBlockingMethod(OzoneManagerProtocolProtos.java) [ozone-interface-client-1.4.0-SNAPSHOT.jar:?]
	at org.apache.hadoop.ipc.ProtobufRpcEngine$Server.processCall(ProtobufRpcEngine.java:484) [hadoop-common-3.3.6.jar:?]
	at org.apache.hadoop.ipc.ProtobufRpcEngine2$Server$ProtoBufRpcInvoker.call(ProtobufRpcEngine2.java:595) [hadoop-common-3.3.6.jar:?]
	at org.apache.hadoop.ipc.ProtobufRpcEngine2$Server$ProtoBufRpcInvoker.call(ProtobufRpcEngine2.java:573) [hadoop-common-3.3.6.jar:?]
	at org.apache.hadoop.ipc.RPC$Server.call(RPC.java:1227) [hadoop-common-3.3.6.jar:?]
	at org.apache.hadoop.ipc.Server$RpcCall.run(Server.java:1094) [hadoop-common-3.3.6.jar:?]
	at org.apache.hadoop.ipc.Server$RpcCall.run(Server.java:1017) [hadoop-common-3.3.6.jar:?]
	at java.security.AccessController.doPrivileged(Native Method) ~[?:1.8.0_382]
	at javax.security.auth.Subject.doAs(Subject.java:422) [?:1.8.0_382]
	at org.apache.hadoop.security.UserGroupInformation.doAs(UserGroupInformation.java:1899) [hadoop-common-3.3.6.jar:?]
	at org.apache.hadoop.ipc.Server$Handler.run(Server.java:3048) [hadoop-common-3.3.6.jar:?]
09:35:05.910 [IPC Server handler 8 on default port 15163] ERROR OMAudit - user=runner | ip=127.0.0.1 | op=GET_FILE_STATUS {volume=volume82570, bucket=bucket71984, key=testBatchDelete/parent/childFolder/child3, dataSize=0, replicationConfig=null} | ret=FAILURE
org.apache.hadoop.ozone.om.exceptions.OMException: Unable to get file status: volume: volume82570 bucket: bucket71984 key: testBatchDelete/parent/childFolder/child3
	at org.apache.hadoop.ozone.om.KeyManagerImpl.getOzoneFileStatus(KeyManagerImpl.java:1195) ~[ozone-manager-1.4.0-SNAPSHOT.jar:?]
	at org.apache.hadoop.ozone.om.KeyManagerImpl.getFileStatus(KeyManagerImpl.java:1113) ~[ozone-manager-1.4.0-SNAPSHOT.jar:?]
	at org.apache.hadoop.ozone.om.OmMetadataReader.getFileStatus(OmMetadataReader.java:262) ~[ozone-manager-1.4.0-SNAPSHOT.jar:?]
	at org.apache.hadoop.ozone.om.OzoneManager.getFileStatus(OzoneManager.java:3513) ~[ozone-manager-1.4.0-SNAPSHOT.jar:?]
	at org.apache.hadoop.ozone.protocolPB.OzoneManagerRequestHandler.getOzoneFileStatus(OzoneManagerRequestHandler.java:973) ~[ozone-manager-1.4.0-SNAPSHOT.jar:?]
	at org.apache.hadoop.ozone.protocolPB.OzoneManagerRequestHandler.handleReadRequest(OzoneManagerRequestHandler.java:252) ~[ozone-manager-1.4.0-SNAPSHOT.jar:?]
	at org.apache.hadoop.ozone.protocolPB.OzoneManagerProtocolServerSideTranslatorPB.submitRequestDirectlyToOM(OzoneManagerProtocolServerSideTranslatorPB.java:274) ~[ozone-manager-1.4.0-SNAPSHOT.jar:?]
	at org.apache.hadoop.ozone.protocolPB.OzoneManagerProtocolServerSideTranslatorPB.processRequest(OzoneManagerProtocolServerSideTranslatorPB.java:175) ~[ozone-manager-1.4.0-SNAPSHOT.jar:?]
	at org.apache.hadoop.hdds.server.OzoneProtocolMessageDispatcher.processRequest(OzoneProtocolMessageDispatcher.java:87) [hdds-server-framework-1.4.0-SNAPSHOT.jar:?]
	at org.apache.hadoop.ozone.protocolPB.OzoneManagerProtocolServerSideTranslatorPB.submitRequest(OzoneManagerProtocolServerSideTranslatorPB.java:148) [ozone-manager-1.4.0-SNAPSHOT.jar:?]
	at org.apache.hadoop.ozone.protocol.proto.OzoneManagerProtocolProtos$OzoneManagerService$2.callBlockingMethod(OzoneManagerProtocolProtos.java) [ozone-interface-client-1.4.0-SNAPSHOT.jar:?]
	at org.apache.hadoop.ipc.ProtobufRpcEngine$Server.processCall(ProtobufRpcEngine.java:484) [hadoop-common-3.3.6.jar:?]
	at org.apache.hadoop.ipc.ProtobufRpcEngine2$Server$ProtoBufRpcInvoker.call(ProtobufRpcEngine2.java:595) [hadoop-common-3.3.6.jar:?]
	at org.apache.hadoop.ipc.ProtobufRpcEngine2$Server$ProtoBufRpcInvoker.call(ProtobufRpcEngine2.java:573) [hadoop-common-3.3.6.jar:?]
	at org.apache.hadoop.ipc.RPC$Server.call(RPC.java:1227) [hadoop-common-3.3.6.jar:?]
	at org.apache.hadoop.ipc.Server$RpcCall.run(Server.java:1094) [hadoop-common-3.3.6.jar:?]
	at org.apache.hadoop.ipc.Server$RpcCall.run(Server.java:1017) [hadoop-common-3.3.6.jar:?]
	at java.security.AccessController.doPrivileged(Native Method) ~[?:1.8.0_382]
	at javax.security.auth.Subject.doAs(Subject.java:422) [?:1.8.0_382]
	at org.apache.hadoop.security.UserGroupInformation.doAs(UserGroupInformation.java:1899) [hadoop-common-3.3.6.jar:?]
	at org.apache.hadoop.ipc.Server$Handler.run(Server.java:3048) [hadoop-common-3.3.6.jar:?]
09:35:05.910 [IPC Server handler 9 on default port 15163] ERROR OMAudit - user=runner | ip=127.0.0.1 | op=GET_FILE_STATUS {volume=volume82570, bucket=bucket71984, key=testBatchDelete/parent/child4, dataSize=0, replicationConfig=null} | ret=FAILURE
org.apache.hadoop.ozone.om.exceptions.OMException: Unable to get file status: volume: volume82570 bucket: bucket71984 key: testBatchDelete/parent/child4
	at org.apache.hadoop.ozone.om.KeyManagerImpl.getOzoneFileStatus(KeyManagerImpl.java:1195) ~[ozone-manager-1.4.0-SNAPSHOT.jar:?]
	at org.apache.hadoop.ozone.om.KeyManagerImpl.getFileStatus(KeyManagerImpl.java:1113) ~[ozone-manager-1.4.0-SNAPSHOT.jar:?]
	at org.apache.hadoop.ozone.om.OmMetadataReader.getFileStatus(OmMetadataReader.java:262) ~[ozone-manager-1.4.0-SNAPSHOT.jar:?]
	at org.apache.hadoop.ozone.om.OzoneManager.getFileStatus(OzoneManager.java:3513) ~[ozone-manager-1.4.0-SNAPSHOT.jar:?]
	at org.apache.hadoop.ozone.protocolPB.OzoneManagerRequestHandler.getOzoneFileStatus(OzoneManagerRequestHandler.java:973) ~[ozone-manager-1.4.0-SNAPSHOT.jar:?]
	at org.apache.hadoop.ozone.protocolPB.OzoneManagerRequestHandler.handleReadRequest(OzoneManagerRequestHandler.java:252) ~[ozone-manager-1.4.0-SNAPSHOT.jar:?]
	at org.apache.hadoop.ozone.protocolPB.OzoneManagerProtocolServerSideTranslatorPB.submitRequestDirectlyToOM(OzoneManagerProtocolServerSideTranslatorPB.java:274) ~[ozone-manager-1.4.0-SNAPSHOT.jar:?]
	at org.apache.hadoop.ozone.protocolPB.OzoneManagerProtocolServerSideTranslatorPB.processRequest(OzoneManagerProtocolServerSideTranslatorPB.java:175) ~[ozone-manager-1.4.0-SNAPSHOT.jar:?]
	at org.apache.hadoop.hdds.server.OzoneProtocolMessageDispatcher.processRequest(OzoneProtocolMessageDispatcher.java:87) [hdds-server-framework-1.4.0-SNAPSHOT.jar:?]
	at org.apache.hadoop.ozone.protocolPB.OzoneManagerProtocolServerSideTranslatorPB.submitRequest(OzoneManagerProtocolServerSideTranslatorPB.java:148) [ozone-manager-1.4.0-SNAPSHOT.jar:?]
	at org.apache.hadoop.ozone.protocol.proto.OzoneManagerProtocolProtos$OzoneManagerService$2.callBlockingMethod(OzoneManagerProtocolProtos.java) [ozone-interface-client-1.4.0-SNAPSHOT.jar:?]
	at org.apache.hadoop.ipc.ProtobufRpcEngine$Server.processCall(ProtobufRpcEngine.java:484) [hadoop-common-3.3.6.jar:?]
	at org.apache.hadoop.ipc.ProtobufRpcEngine2$Server$ProtoBufRpcInvoker.call(ProtobufRpcEngine2.java:595) [hadoop-common-3.3.6.jar:?]
	at org.apache.hadoop.ipc.ProtobufRpcEngine2$Server$ProtoBufRpcInvoker.call(ProtobufRpcEngine2.java:573) [hadoop-common-3.3.6.jar:?]
	at org.apache.hadoop.ipc.RPC$Server.call(RPC.java:1227) [hadoop-common-3.3.6.jar:?]
	at org.apache.hadoop.ipc.Server$RpcCall.run(Server.java:1094) [hadoop-common-3.3.6.jar:?]
	at org.apache.hadoop.ipc.Server$RpcCall.run(Server.java:1017) [hadoop-common-3.3.6.jar:?]
	at java.security.AccessController.doPrivileged(Native Method) ~[?:1.8.0_382]
	at javax.security.auth.Subject.doAs(Subject.java:422) [?:1.8.0_382]
	at org.apache.hadoop.security.UserGroupInformation.doAs(UserGroupInformation.java:1899) [hadoop-common-3.3.6.jar:?]
	at org.apache.hadoop.ipc.Server$Handler.run(Server.java:3048) [hadoop-common-3.3.6.jar:?]
09:35:05.911 [IPC Server handler 12 on default port 15163] ERROR OMAudit - user=runner | ip=127.0.0.1 | op=GET_FILE_STATUS {volume=volume82570, bucket=bucket71984, key=testBatchDelete/parent/childFolder/child4, dataSize=0, replicationConfig=null} | ret=FAILURE
org.apache.hadoop.ozone.om.exceptions.OMException: Unable to get file status: volume: volume82570 bucket: bucket71984 key: testBatchDelete/parent/childFolder/child4
	at org.apache.hadoop.ozone.om.KeyManagerImpl.getOzoneFileStatus(KeyManagerImpl.java:1195) ~[ozone-manager-1.4.0-SNAPSHOT.jar:?]
	at org.apache.hadoop.ozone.om.KeyManagerImpl.getFileStatus(KeyManagerImpl.java:1113) ~[ozone-manager-1.4.0-SNAPSHOT.jar:?]
	at org.apache.hadoop.ozone.om.OmMetadataReader.getFileStatus(OmMetadataReader.java:262) ~[ozone-manager-1.4.0-SNAPSHOT.jar:?]
	at org.apache.hadoop.ozone.om.OzoneManager.getFileStatus(OzoneManager.java:3513) ~[ozone-manager-1.4.0-SNAPSHOT.jar:?]
	at org.apache.hadoop.ozone.protocolPB.OzoneManagerRequestHandler.getOzoneFileStatus(OzoneManagerRequestHandler.java:973) ~[ozone-manager-1.4.0-SNAPSHOT.jar:?]
	at org.apache.hadoop.ozone.protocolPB.OzoneManagerRequestHandler.handleReadRequest(OzoneManagerRequestHandler.java:252) ~[ozone-manager-1.4.0-SNAPSHOT.jar:?]
	at org.apache.hadoop.ozone.protocolPB.OzoneManagerProtocolServerSideTranslatorPB.submitRequestDirectlyToOM(OzoneManagerProtocolServerSideTranslatorPB.java:274) ~[ozone-manager-1.4.0-SNAPSHOT.jar:?]
	at org.apache.hadoop.ozone.protocolPB.OzoneManagerProtocolServerSideTranslatorPB.processRequest(OzoneManagerProtocolServerSideTranslatorPB.java:175) ~[ozone-manager-1.4.0-SNAPSHOT.jar:?]
	at org.apache.hadoop.hdds.server.OzoneProtocolMessageDispatcher.processRequest(OzoneProtocolMessageDispatcher.java:87) [hdds-server-framework-1.4.0-SNAPSHOT.jar:?]
	at org.apache.hadoop.ozone.protocolPB.OzoneManagerProtocolServerSideTranslatorPB.submitRequest(OzoneManagerProtocolServerSideTranslatorPB.java:148) [ozone-manager-1.4.0-SNAPSHOT.jar:?]
	at org.apache.hadoop.ozone.protocol.proto.OzoneManagerProtocolProtos$OzoneManagerService$2.callBlockingMethod(OzoneManagerProtocolProtos.java) [ozone-interface-client-1.4.0-SNAPSHOT.jar:?]
	at org.apache.hadoop.ipc.ProtobufRpcEngine$Server.processCall(ProtobufRpcEngine.java:484) [hadoop-common-3.3.6.jar:?]
	at org.apache.hadoop.ipc.ProtobufRpcEngine2$Server$ProtoBufRpcInvoker.call(ProtobufRpcEngine2.java:595) [hadoop-common-3.3.6.jar:?]
	at org.apache.hadoop.ipc.ProtobufRpcEngine2$Server$ProtoBufRpcInvoker.call(ProtobufRpcEngine2.java:573) [hadoop-common-3.3.6.jar:?]
	at org.apache.hadoop.ipc.RPC$Server.call(RPC.java:1227) [hadoop-common-3.3.6.jar:?]
	at org.apache.hadoop.ipc.Server$RpcCall.run(Server.java:1094) [hadoop-common-3.3.6.jar:?]
	at org.apache.hadoop.ipc.Server$RpcCall.run(Server.java:1017) [hadoop-common-3.3.6.jar:?]
	at java.security.AccessController.doPrivileged(Native Method) ~[?:1.8.0_382]
	at javax.security.auth.Subject.doAs(Subject.java:422) [?:1.8.0_382]
	at org.apache.hadoop.security.UserGroupInformation.doAs(UserGroupInformation.java:1899) [hadoop-common-3.3.6.jar:?]
	at org.apache.hadoop.ipc.Server$Handler.run(Server.java:3048) [hadoop-common-3.3.6.jar:?]
09:35:05.912 [IPC Server handler 13 on default port 15163] ERROR OMAudit - user=runner | ip=127.0.0.1 | op=GET_FILE_STATUS {volume=volume82570, bucket=bucket71984, key=testBatchDelete/parent/child5, dataSize=0, replicationConfig=null} | ret=FAILURE
org.apache.hadoop.ozone.om.exceptions.OMException: Unable to get file status: volume: volume82570 bucket: bucket71984 key: testBatchDelete/parent/child5
	at org.apache.hadoop.ozone.om.KeyManagerImpl.getOzoneFileStatus(KeyManagerImpl.java:1195) ~[ozone-manager-1.4.0-SNAPSHOT.jar:?]
	at org.apache.hadoop.ozone.om.KeyManagerImpl.getFileStatus(KeyManagerImpl.java:1113) ~[ozone-manager-1.4.0-SNAPSHOT.jar:?]
	at org.apache.hadoop.ozone.om.OmMetadataReader.getFileStatus(OmMetadataReader.java:262) ~[ozone-manager-1.4.0-SNAPSHOT.jar:?]
	at org.apache.hadoop.ozone.om.OzoneManager.getFileStatus(OzoneManager.java:3513) ~[ozone-manager-1.4.0-SNAPSHOT.jar:?]
	at org.apache.hadoop.ozone.protocolPB.OzoneManagerRequestHandler.getOzoneFileStatus(OzoneManagerRequestHandler.java:973) ~[ozone-manager-1.4.0-SNAPSHOT.jar:?]
	at org.apache.hadoop.ozone.protocolPB.OzoneManagerRequestHandler.handleReadRequest(OzoneManagerRequestHandler.java:252) ~[ozone-manager-1.4.0-SNAPSHOT.jar:?]
	at org.apache.hadoop.ozone.protocolPB.OzoneManagerProtocolServerSideTranslatorPB.submitRequestDirectlyToOM(OzoneManagerProtocolServerSideTranslatorPB.java:274) ~[ozone-manager-1.4.0-SNAPSHOT.jar:?]
	at org.apache.hadoop.ozone.protocolPB.OzoneManagerProtocolServerSideTranslatorPB.processRequest(OzoneManagerProtocolServerSideTranslatorPB.java:175) ~[ozone-manager-1.4.0-SNAPSHOT.jar:?]
	at org.apache.hadoop.hdds.server.OzoneProtocolMessageDispatcher.processRequest(OzoneProtocolMessageDispatcher.java:87) [hdds-server-framework-1.4.0-SNAPSHOT.jar:?]
	at org.apache.hadoop.ozone.protocolPB.OzoneManagerProtocolServerSideTranslatorPB.submitRequest(OzoneManagerProtocolServerSideTranslatorPB.java:148) [ozone-manager-1.4.0-SNAPSHOT.jar:?]
	at org.apache.hadoop.ozone.protocol.proto.OzoneManagerProtocolProtos$OzoneManagerService$2.callBlockingMethod(OzoneManagerProtocolProtos.java) [ozone-interface-client-1.4.0-SNAPSHOT.jar:?]
	at org.apache.hadoop.ipc.ProtobufRpcEngine$Server.processCall(ProtobufRpcEngine.java:484) [hadoop-common-3.3.6.jar:?]
	at org.apache.hadoop.ipc.ProtobufRpcEngine2$Server$ProtoBufRpcInvoker.call(ProtobufRpcEngine2.java:595) [hadoop-common-3.3.6.jar:?]
	at org.apache.hadoop.ipc.ProtobufRpcEngine2$Server$ProtoBufRpcInvoker.call(ProtobufRpcEngine2.java:573) [hadoop-common-3.3.6.jar:?]
	at org.apache.hadoop.ipc.RPC$Server.call(RPC.java:1227) [hadoop-common-3.3.6.jar:?]
	at org.apache.hadoop.ipc.Server$RpcCall.run(Server.java:1094) [hadoop-common-3.3.6.jar:?]
	at org.apache.hadoop.ipc.Server$RpcCall.run(Server.java:1017) [hadoop-common-3.3.6.jar:?]
	at java.security.AccessController.doPrivileged(Native Method) ~[?:1.8.0_382]
	at javax.security.auth.Subject.doAs(Subject.java:422) [?:1.8.0_382]
	at org.apache.hadoop.security.UserGroupInformation.doAs(UserGroupInformation.java:1899) [hadoop-common-3.3.6.jar:?]
	at org.apache.hadoop.ipc.Server$Handler.run(Server.java:3048) [hadoop-common-3.3.6.jar:?]
09:35:05.913 [IPC Server handler 14 on default port 15163] ERROR OMAudit - user=runner | ip=127.0.0.1 | op=GET_FILE_STATUS {volume=volume82570, bucket=bucket71984, key=testBatchDelete/parent/childFolder/child5, dataSize=0, replicationConfig=null} | ret=FAILURE
org.apache.hadoop.ozone.om.exceptions.OMException: Unable to get file status: volume: volume82570 bucket: bucket71984 key: testBatchDelete/parent/childFolder/child5
	at org.apache.hadoop.ozone.om.KeyManagerImpl.getOzoneFileStatus(KeyManagerImpl.java:1195) ~[ozone-manager-1.4.0-SNAPSHOT.jar:?]
	at org.apache.hadoop.ozone.om.KeyManagerImpl.getFileStatus(KeyManagerImpl.java:1113) ~[ozone-manager-1.4.0-SNAPSHOT.jar:?]
	at org.apache.hadoop.ozone.om.OmMetadataReader.getFileStatus(OmMetadataReader.java:262) ~[ozone-manager-1.4.0-SNAPSHOT.jar:?]
	at org.apache.hadoop.ozone.om.OzoneManager.getFileStatus(OzoneManager.java:3513) ~[ozone-manager-1.4.0-SNAPSHOT.jar:?]
	at org.apache.hadoop.ozone.protocolPB.OzoneManagerRequestHandler.getOzoneFileStatus(OzoneManagerRequestHandler.java:973) ~[ozone-manager-1.4.0-SNAPSHOT.jar:?]
	at org.apache.hadoop.ozone.protocolPB.OzoneManagerRequestHandler.handleReadRequest(OzoneManagerRequestHandler.java:252) ~[ozone-manager-1.4.0-SNAPSHOT.jar:?]
	at org.apache.hadoop.ozone.protocolPB.OzoneManagerProtocolServerSideTranslatorPB.submitRequestDirectlyToOM(OzoneManagerProtocolServerSideTranslatorPB.java:274) ~[ozone-manager-1.4.0-SNAPSHOT.jar:?]
	at org.apache.hadoop.ozone.protocolPB.OzoneManagerProtocolServerSideTranslatorPB.processRequest(OzoneManagerProtocolServerSideTranslatorPB.java:175) ~[ozone-manager-1.4.0-SNAPSHOT.jar:?]
	at org.apache.hadoop.hdds.server.OzoneProtocolMessageDispatcher.processRequest(OzoneProtocolMessageDispatcher.java:87) [hdds-server-framework-1.4.0-SNAPSHOT.jar:?]
	at org.apache.hadoop.ozone.protocolPB.OzoneManagerProtocolServerSideTranslatorPB.submitRequest(OzoneManagerProtocolServerSideTranslatorPB.java:148) [ozone-manager-1.4.0-SNAPSHOT.jar:?]
	at org.apache.hadoop.ozone.protocol.proto.OzoneManagerProtocolProtos$OzoneManagerService$2.callBlockingMethod(OzoneManagerProtocolProtos.java) [ozone-interface-client-1.4.0-SNAPSHOT.jar:?]
	at org.apache.hadoop.ipc.ProtobufRpcEngine$Server.processCall(ProtobufRpcEngine.java:484) [hadoop-common-3.3.6.jar:?]
	at org.apache.hadoop.ipc.ProtobufRpcEngine2$Server$ProtoBufRpcInvoker.call(ProtobufRpcEngine2.java:595) [hadoop-common-3.3.6.jar:?]
	at org.apache.hadoop.ipc.ProtobufRpcEngine2$Server$ProtoBufRpcInvoker.call(ProtobufRpcEngine2.java:573) [hadoop-common-3.3.6.jar:?]
	at org.apache.hadoop.ipc.RPC$Server.call(RPC.java:1227) [hadoop-common-3.3.6.jar:?]
	at org.apache.hadoop.ipc.Server$RpcCall.run(Server.java:1094) [hadoop-common-3.3.6.jar:?]
	at org.apache.hadoop.ipc.Server$RpcCall.run(Server.java:1017) [hadoop-common-3.3.6.jar:?]
	at java.security.AccessController.doPrivileged(Native Method) ~[?:1.8.0_382]
	at javax.security.auth.Subject.doAs(Subject.java:422) [?:1.8.0_382]
	at org.apache.hadoop.security.UserGroupInformation.doAs(UserGroupInformation.java:1899) [hadoop-common-3.3.6.jar:?]
	at org.apache.hadoop.ipc.Server$Handler.run(Server.java:3048) [hadoop-common-3.3.6.jar:?]
09:35:05.914 [IPC Server handler 10 on default port 15163] ERROR OMAudit - user=runner | ip=127.0.0.1 | op=GET_FILE_STATUS {volume=volume82570, bucket=bucket71984, key=testBatchDelete/parent/child6, dataSize=0, replicationConfig=null} | ret=FAILURE
org.apache.hadoop.ozone.om.exceptions.OMException: Unable to get file status: volume: volume82570 bucket: bucket71984 key: testBatchDelete/parent/child6
	at org.apache.hadoop.ozone.om.KeyManagerImpl.getOzoneFileStatus(KeyManagerImpl.java:1195) ~[ozone-manager-1.4.0-SNAPSHOT.jar:?]
	at org.apache.hadoop.ozone.om.KeyManagerImpl.getFileStatus(KeyManagerImpl.java:1113) ~[ozone-manager-1.4.0-SNAPSHOT.jar:?]
	at org.apache.hadoop.ozone.om.OmMetadataReader.getFileStatus(OmMetadataReader.java:262) ~[ozone-manager-1.4.0-SNAPSHOT.jar:?]
	at org.apache.hadoop.ozone.om.OzoneManager.getFileStatus(OzoneManager.java:3513) ~[ozone-manager-1.4.0-SNAPSHOT.jar:?]
	at org.apache.hadoop.ozone.protocolPB.OzoneManagerRequestHandler.getOzoneFileStatus(OzoneManagerRequestHandler.java:973) ~[ozone-manager-1.4.0-SNAPSHOT.jar:?]
	at org.apache.hadoop.ozone.protocolPB.OzoneManagerRequestHandler.handleReadRequest(OzoneManagerRequestHandler.java:252) ~[ozone-manager-1.4.0-SNAPSHOT.jar:?]
	at org.apache.hadoop.ozone.protocolPB.OzoneManagerProtocolServerSideTranslatorPB.submitRequestDirectlyToOM(OzoneManagerProtocolServerSideTranslatorPB.java:274) ~[ozone-manager-1.4.0-SNAPSHOT.jar:?]
	at org.apache.hadoop.ozone.protocolPB.OzoneManagerProtocolServerSideTranslatorPB.processRequest(OzoneManagerProtocolServerSideTranslatorPB.java:175) ~[ozone-manager-1.4.0-SNAPSHOT.jar:?]
	at org.apache.hadoop.hdds.server.OzoneProtocolMessageDispatcher.processRequest(OzoneProtocolMessageDispatcher.java:87) [hdds-server-framework-1.4.0-SNAPSHOT.jar:?]
	at org.apache.hadoop.ozone.protocolPB.OzoneManagerProtocolServerSideTranslatorPB.submitRequest(OzoneManagerProtocolServerSideTranslatorPB.java:148) [ozone-manager-1.4.0-SNAPSHOT.jar:?]
	at org.apache.hadoop.ozone.protocol.proto.OzoneManagerProtocolProtos$OzoneManagerService$2.callBlockingMethod(OzoneManagerProtocolProtos.java) [ozone-interface-client-1.4.0-SNAPSHOT.jar:?]
	at org.apache.hadoop.ipc.ProtobufRpcEngine$Server.processCall(ProtobufRpcEngine.java:484) [hadoop-common-3.3.6.jar:?]
	at org.apache.hadoop.ipc.ProtobufRpcEngine2$Server$ProtoBufRpcInvoker.call(ProtobufRpcEngine2.java:595) [hadoop-common-3.3.6.jar:?]
	at org.apache.hadoop.ipc.ProtobufRpcEngine2$Server$ProtoBufRpcInvoker.call(ProtobufRpcEngine2.java:573) [hadoop-common-3.3.6.jar:?]
	at org.apache.hadoop.ipc.RPC$Server.call(RPC.java:1227) [hadoop-common-3.3.6.jar:?]
	at org.apache.hadoop.ipc.Server$RpcCall.run(Server.java:1094) [hadoop-common-3.3.6.jar:?]
	at org.apache.hadoop.ipc.Server$RpcCall.run(Server.java:1017) [hadoop-common-3.3.6.jar:?]
	at java.security.AccessController.doPrivileged(Native Method) ~[?:1.8.0_382]
	at javax.security.auth.Subject.doAs(Subject.java:422) [?:1.8.0_382]
	at org.apache.hadoop.security.UserGroupInformation.doAs(UserGroupInformation.java:1899) [hadoop-common-3.3.6.jar:?]
	at org.apache.hadoop.ipc.Server$Handler.run(Server.java:3048) [hadoop-common-3.3.6.jar:?]
09:35:05.915 [IPC Server handler 11 on default port 15163] ERROR OMAudit - user=runner | ip=127.0.0.1 | op=GET_FILE_STATUS {volume=volume82570, bucket=bucket71984, key=testBatchDelete/parent/childFolder/child6, dataSize=0, replicationConfig=null} | ret=FAILURE
org.apache.hadoop.ozone.om.exceptions.OMException: Unable to get file status: volume: volume82570 bucket: bucket71984 key: testBatchDelete/parent/childFolder/child6
	at org.apache.hadoop.ozone.om.KeyManagerImpl.getOzoneFileStatus(KeyManagerImpl.java:1195) ~[ozone-manager-1.4.0-SNAPSHOT.jar:?]
	at org.apache.hadoop.ozone.om.KeyManagerImpl.getFileStatus(KeyManagerImpl.java:1113) ~[ozone-manager-1.4.0-SNAPSHOT.jar:?]
	at org.apache.hadoop.ozone.om.OmMetadataReader.getFileStatus(OmMetadataReader.java:262) ~[ozone-manager-1.4.0-SNAPSHOT.jar:?]
	at org.apache.hadoop.ozone.om.OzoneManager.getFileStatus(OzoneManager.java:3513) ~[ozone-manager-1.4.0-SNAPSHOT.jar:?]
	at org.apache.hadoop.ozone.protocolPB.OzoneManagerRequestHandler.getOzoneFileStatus(OzoneManagerRequestHandler.java:973) ~[ozone-manager-1.4.0-SNAPSHOT.jar:?]
	at org.apache.hadoop.ozone.protocolPB.OzoneManagerRequestHandler.handleReadRequest(OzoneManagerRequestHandler.java:252) ~[ozone-manager-1.4.0-SNAPSHOT.jar:?]
	at org.apache.hadoop.ozone.protocolPB.OzoneManagerProtocolServerSideTranslatorPB.submitRequestDirectlyToOM(OzoneManagerProtocolServerSideTranslatorPB.java:274) ~[ozone-manager-1.4.0-SNAPSHOT.jar:?]
	at org.apache.hadoop.ozone.protocolPB.OzoneManagerProtocolServerSideTranslatorPB.processRequest(OzoneManagerProtocolServerSideTranslatorPB.java:175) ~[ozone-manager-1.4.0-SNAPSHOT.jar:?]
	at org.apache.hadoop.hdds.server.OzoneProtocolMessageDispatcher.processRequest(OzoneProtocolMessageDispatcher.java:87) [hdds-server-framework-1.4.0-SNAPSHOT.jar:?]
	at org.apache.hadoop.ozone.protocolPB.OzoneManagerProtocolServerSideTranslatorPB.submitRequest(OzoneManagerProtocolServerSideTranslatorPB.java:148) [ozone-manager-1.4.0-SNAPSHOT.jar:?]
	at org.apache.hadoop.ozone.protocol.proto.OzoneManagerProtocolProtos$OzoneManagerService$2.callBlockingMethod(OzoneManagerProtocolProtos.java) [ozone-interface-client-1.4.0-SNAPSHOT.jar:?]
	at org.apache.hadoop.ipc.ProtobufRpcEngine$Server.processCall(ProtobufRpcEngine.java:484) [hadoop-common-3.3.6.jar:?]
	at org.apache.hadoop.ipc.ProtobufRpcEngine2$Server$ProtoBufRpcInvoker.call(ProtobufRpcEngine2.java:595) [hadoop-common-3.3.6.jar:?]
	at org.apache.hadoop.ipc.ProtobufRpcEngine2$Server$ProtoBufRpcInvoker.call(ProtobufRpcEngine2.java:573) [hadoop-common-3.3.6.jar:?]
	at org.apache.hadoop.ipc.RPC$Server.call(RPC.java:1227) [hadoop-common-3.3.6.jar:?]
	at org.apache.hadoop.ipc.Server$RpcCall.run(Server.java:1094) [hadoop-common-3.3.6.jar:?]
	at org.apache.hadoop.ipc.Server$RpcCall.run(Server.java:1017) [hadoop-common-3.3.6.jar:?]
	at java.security.AccessController.doPrivileged(Native Method) ~[?:1.8.0_382]
	at javax.security.auth.Subject.doAs(Subject.java:422) [?:1.8.0_382]
	at org.apache.hadoop.security.UserGroupInformation.doAs(UserGroupInformation.java:1899) [hadoop-common-3.3.6.jar:?]
	at org.apache.hadoop.ipc.Server$Handler.run(Server.java:3048) [hadoop-common-3.3.6.jar:?]
09:35:05.915 [IPC Server handler 15 on default port 15163] ERROR OMAudit - user=runner | ip=127.0.0.1 | op=GET_FILE_STATUS {volume=volume82570, bucket=bucket71984, key=testBatchDelete/parent/child7, dataSize=0, replicationConfig=null} | ret=FAILURE
org.apache.hadoop.ozone.om.exceptions.OMException: Unable to get file status: volume: volume82570 bucket: bucket71984 key: testBatchDelete/parent/child7
	at org.apache.hadoop.ozone.om.KeyManagerImpl.getOzoneFileStatus(KeyManagerImpl.java:1195) ~[ozone-manager-1.4.0-SNAPSHOT.jar:?]
	at org.apache.hadoop.ozone.om.KeyManagerImpl.getFileStatus(KeyManagerImpl.java:1113) ~[ozone-manager-1.4.0-SNAPSHOT.jar:?]
	at org.apache.hadoop.ozone.om.OmMetadataReader.getFileStatus(OmMetadataReader.java:262) ~[ozone-manager-1.4.0-SNAPSHOT.jar:?]
	at org.apache.hadoop.ozone.om.OzoneManager.getFileStatus(OzoneManager.java:3513) ~[ozone-manager-1.4.0-SNAPSHOT.jar:?]
	at org.apache.hadoop.ozone.protocolPB.OzoneManagerRequestHandler.getOzoneFileStatus(OzoneManagerRequestHandler.java:973) ~[ozone-manager-1.4.0-SNAPSHOT.jar:?]
	at org.apache.hadoop.ozone.protocolPB.OzoneManagerRequestHandler.handleReadRequest(OzoneManagerRequestHandler.java:252) ~[ozone-manager-1.4.0-SNAPSHOT.jar:?]
	at org.apache.hadoop.ozone.protocolPB.OzoneManagerProtocolServerSideTranslatorPB.submitRequestDirectlyToOM(OzoneManagerProtocolServerSideTranslatorPB.java:274) ~[ozone-manager-1.4.0-SNAPSHOT.jar:?]
	at org.apache.hadoop.ozone.protocolPB.OzoneManagerProtocolServerSideTranslatorPB.processRequest(OzoneManagerProtocolServerSideTranslatorPB.java:175) ~[ozone-manager-1.4.0-SNAPSHOT.jar:?]
	at org.apache.hadoop.hdds.server.OzoneProtocolMessageDispatcher.processRequest(OzoneProtocolMessageDispatcher.java:87) [hdds-server-framework-1.4.0-SNAPSHOT.jar:?]
	at org.apache.hadoop.ozone.protocolPB.OzoneManagerProtocolServerSideTranslatorPB.submitRequest(OzoneManagerProtocolServerSideTranslatorPB.java:148) [ozone-manager-1.4.0-SNAPSHOT.jar:?]
	at org.apache.hadoop.ozone.protocol.proto.OzoneManagerProtocolProtos$OzoneManagerService$2.callBlockingMethod(OzoneManagerProtocolProtos.java) [ozone-interface-client-1.4.0-SNAPSHOT.jar:?]
	at org.apache.hadoop.ipc.ProtobufRpcEngine$Server.processCall(ProtobufRpcEngine.java:484) [hadoop-common-3.3.6.jar:?]
	at org.apache.hadoop.ipc.ProtobufRpcEngine2$Server$ProtoBufRpcInvoker.call(ProtobufRpcEngine2.java:595) [hadoop-common-3.3.6.jar:?]
	at org.apache.hadoop.ipc.ProtobufRpcEngine2$Server$ProtoBufRpcInvoker.call(ProtobufRpcEngine2.java:573) [hadoop-common-3.3.6.jar:?]
	at org.apache.hadoop.ipc.RPC$Server.call(RPC.java:1227) [hadoop-common-3.3.6.jar:?]
	at org.apache.hadoop.ipc.Server$RpcCall.run(Server.java:1094) [hadoop-common-3.3.6.jar:?]
	at org.apache.hadoop.ipc.Server$RpcCall.run(Server.java:1017) [hadoop-common-3.3.6.jar:?]
	at java.security.AccessController.doPrivileged(Native Method) ~[?:1.8.0_382]
	at javax.security.auth.Subject.doAs(Subject.java:422) [?:1.8.0_382]
	at org.apache.hadoop.security.UserGroupInformation.doAs(UserGroupInformation.java:1899) [hadoop-common-3.3.6.jar:?]
	at org.apache.hadoop.ipc.Server$Handler.run(Server.java:3048) [hadoop-common-3.3.6.jar:?]
09:35:05.917 [IPC Server handler 16 on default port 15163] ERROR OMAudit - user=runner | ip=127.0.0.1 | op=GET_FILE_STATUS {volume=volume82570, bucket=bucket71984, key=testBatchDelete/parent/childFolder/child7, dataSize=0, replicationConfig=null} | ret=FAILURE
org.apache.hadoop.ozone.om.exceptions.OMException: Unable to get file status: volume: volume82570 bucket: bucket71984 key: testBatchDelete/parent/childFolder/child7
	at org.apache.hadoop.ozone.om.KeyManagerImpl.getOzoneFileStatus(KeyManagerImpl.java:1195) ~[ozone-manager-1.4.0-SNAPSHOT.jar:?]
	at org.apache.hadoop.ozone.om.KeyManagerImpl.getFileStatus(KeyManagerImpl.java:1113) ~[ozone-manager-1.4.0-SNAPSHOT.jar:?]
	at org.apache.hadoop.ozone.om.OmMetadataReader.getFileStatus(OmMetadataReader.java:262) ~[ozone-manager-1.4.0-SNAPSHOT.jar:?]
	at org.apache.hadoop.ozone.om.OzoneManager.getFileStatus(OzoneManager.java:3513) ~[ozone-manager-1.4.0-SNAPSHOT.jar:?]
	at org.apache.hadoop.ozone.protocolPB.OzoneManagerRequestHandler.getOzoneFileStatus(OzoneManagerRequestHandler.java:973) ~[ozone-manager-1.4.0-SNAPSHOT.jar:?]
	at org.apache.hadoop.ozone.protocolPB.OzoneManagerRequestHandler.handleReadRequest(OzoneManagerRequestHandler.java:252) ~[ozone-manager-1.4.0-SNAPSHOT.jar:?]
	at org.apache.hadoop.ozone.protocolPB.OzoneManagerProtocolServerSideTranslatorPB.submitRequestDirectlyToOM(OzoneManagerProtocolServerSideTranslatorPB.java:274) ~[ozone-manager-1.4.0-SNAPSHOT.jar:?]
	at org.apache.hadoop.ozone.protocolPB.OzoneManagerProtocolServerSideTranslatorPB.processRequest(OzoneManagerProtocolServerSideTranslatorPB.java:175) ~[ozone-manager-1.4.0-SNAPSHOT.jar:?]
	at org.apache.hadoop.hdds.server.OzoneProtocolMessageDispatcher.processRequest(OzoneProtocolMessageDispatcher.java:87) [hdds-server-framework-1.4.0-SNAPSHOT.jar:?]
	at org.apache.hadoop.ozone.protocolPB.OzoneManagerProtocolServerSideTranslatorPB.submitRequest(OzoneManagerProtocolServerSideTranslatorPB.java:148) [ozone-manager-1.4.0-SNAPSHOT.jar:?]
	at org.apache.hadoop.ozone.protocol.proto.OzoneManagerProtocolProtos$OzoneManagerService$2.callBlockingMethod(OzoneManagerProtocolProtos.java) [ozone-interface-client-1.4.0-SNAPSHOT.jar:?]
	at org.apache.hadoop.ipc.ProtobufRpcEngine$Server.processCall(ProtobufRpcEngine.java:484) [hadoop-common-3.3.6.jar:?]
	at org.apache.hadoop.ipc.ProtobufRpcEngine2$Server$ProtoBufRpcInvoker.call(ProtobufRpcEngine2.java:595) [hadoop-common-3.3.6.jar:?]
	at org.apache.hadoop.ipc.ProtobufRpcEngine2$Server$ProtoBufRpcInvoker.call(ProtobufRpcEngine2.java:573) [hadoop-common-3.3.6.jar:?]
	at org.apache.hadoop.ipc.RPC$Server.call(RPC.java:1227) [hadoop-common-3.3.6.jar:?]
	at org.apache.hadoop.ipc.Server$RpcCall.run(Server.java:1094) [hadoop-common-3.3.6.jar:?]
	at org.apache.hadoop.ipc.Server$RpcCall.run(Server.java:1017) [hadoop-common-3.3.6.jar:?]
	at java.security.AccessController.doPrivileged(Native Method) ~[?:1.8.0_382]
	at javax.security.auth.Subject.doAs(Subject.java:422) [?:1.8.0_382]
	at org.apache.hadoop.security.UserGroupInformation.doAs(UserGroupInformation.java:1899) [hadoop-common-3.3.6.jar:?]
	at org.apache.hadoop.ipc.Server$Handler.run(Server.java:3048) [hadoop-common-3.3.6.jar:?]
09:35:05.918 [IPC Server handler 17 on default port 15163] ERROR OMAudit - user=runner | ip=127.0.0.1 | op=GET_FILE_STATUS {volume=volume82570, bucket=bucket71984, key=testBatchDelete/parent, dataSize=0, replicationConfig=null} | ret=FAILURE
org.apache.hadoop.ozone.om.exceptions.OMException: Unable to get file status: volume: volume82570 bucket: bucket71984 key: testBatchDelete/parent
	at org.apache.hadoop.ozone.om.KeyManagerImpl.getOzoneFileStatus(KeyManagerImpl.java:1195) ~[ozone-manager-1.4.0-SNAPSHOT.jar:?]
	at org.apache.hadoop.ozone.om.KeyManagerImpl.getFileStatus(KeyManagerImpl.java:1113) ~[ozone-manager-1.4.0-SNAPSHOT.jar:?]
	at org.apache.hadoop.ozone.om.OmMetadataReader.getFileStatus(OmMetadataReader.java:262) ~[ozone-manager-1.4.0-SNAPSHOT.jar:?]
	at org.apache.hadoop.ozone.om.OzoneManager.getFileStatus(OzoneManager.java:3513) ~[ozone-manager-1.4.0-SNAPSHOT.jar:?]
	at org.apache.hadoop.ozone.protocolPB.OzoneManagerRequestHandler.getOzoneFileStatus(OzoneManagerRequestHandler.java:973) ~[ozone-manager-1.4.0-SNAPSHOT.jar:?]
	at org.apache.hadoop.ozone.protocolPB.OzoneManagerRequestHandler.handleReadRequest(OzoneManagerRequestHandler.java:252) ~[ozone-manager-1.4.0-SNAPSHOT.jar:?]
	at org.apache.hadoop.ozone.protocolPB.OzoneManagerProtocolServerSideTranslatorPB.submitRequestDirectlyToOM(OzoneManagerProtocolServerSideTranslatorPB.java:274) ~[ozone-manager-1.4.0-SNAPSHOT.jar:?]
	at org.apache.hadoop.ozone.protocolPB.OzoneManagerProtocolServerSideTranslatorPB.processRequest(OzoneManagerProtocolServerSideTranslatorPB.java:175) ~[ozone-manager-1.4.0-SNAPSHOT.jar:?]
	at org.apache.hadoop.hdds.server.OzoneProtocolMessageDispatcher.processRequest(OzoneProtocolMessageDispatcher.java:87) [hdds-server-framework-1.4.0-SNAPSHOT.jar:?]
	at org.apache.hadoop.ozone.protocolPB.OzoneManagerProtocolServerSideTranslatorPB.submitRequest(OzoneManagerProtocolServerSideTranslatorPB.java:148) [ozone-manager-1.4.0-SNAPSHOT.jar:?]
	at org.apache.hadoop.ozone.protocol.proto.OzoneManagerProtocolProtos$OzoneManagerService$2.callBlockingMethod(OzoneManagerProtocolProtos.java) [ozone-interface-client-1.4.0-SNAPSHOT.jar:?]
	at org.apache.hadoop.ipc.ProtobufRpcEngine$Server.processCall(ProtobufRpcEngine.java:484) [hadoop-common-3.3.6.jar:?]
	at org.apache.hadoop.ipc.ProtobufRpcEngine2$Server$ProtoBufRpcInvoker.call(ProtobufRpcEngine2.java:595) [hadoop-common-3.3.6.jar:?]
	at org.apache.hadoop.ipc.ProtobufRpcEngine2$Server$ProtoBufRpcInvoker.call(ProtobufRpcEngine2.java:573) [hadoop-common-3.3.6.jar:?]
	at org.apache.hadoop.ipc.RPC$Server.call(RPC.java:1227) [hadoop-common-3.3.6.jar:?]
	at org.apache.hadoop.ipc.Server$RpcCall.run(Server.java:1094) [hadoop-common-3.3.6.jar:?]
	at org.apache.hadoop.ipc.Server$RpcCall.run(Server.java:1017) [hadoop-common-3.3.6.jar:?]
	at java.security.AccessController.doPrivileged(Native Method) ~[?:1.8.0_382]
	at javax.security.auth.Subject.doAs(Subject.java:422) [?:1.8.0_382]
	at org.apache.hadoop.security.UserGroupInformation.doAs(UserGroupInformation.java:1899) [hadoop-common-3.3.6.jar:?]
	at org.apache.hadoop.ipc.Server$Handler.run(Server.java:3048) [hadoop-common-3.3.6.jar:?]
2023-08-28 09:35:05,919 [Time-limited test] WARN  ozone.BasicOzoneFileSystem (BasicOzoneFileSystem.java:delete(595)) - delete: Path does not exist: /testBatchDelete/parent
]]></system-out>
  </testcase>
  <testcase name="testListStatusIteratorOnPageSize" classname="TestOzoneFileSystem" time="45.617">
    <system-out><![CDATA[2023-08-28 09:31:59,519 [IPC Server handler 19 on default port 15001] INFO  ha.SequenceIdGenerator (SequenceIdGenerator.java:getNextId(140)) - Allocate a batch for delTxnId, change lastId from 0 to 1000.
2023-08-28 09:32:02,637 [BlockDeletingService#0] INFO  interfaces.ContainerDeletionChoosingPolicyTemplate (ContainerDeletionChoosingPolicyTemplate.java:chooseContainerForBlockDeletion(85)) - Chosen 0/5000 blocks from 0 candidate containers.
2023-08-28 09:32:03,132 [BlockDeletingService#0] INFO  interfaces.ContainerDeletionChoosingPolicyTemplate (ContainerDeletionChoosingPolicyTemplate.java:chooseContainerForBlockDeletion(85)) - Chosen 0/5000 blocks from 0 candidate containers.
2023-08-28 09:32:03,522 [BlockDeletingService#0] INFO  interfaces.ContainerDeletionChoosingPolicyTemplate (ContainerDeletionChoosingPolicyTemplate.java:chooseContainerForBlockDeletion(85)) - Chosen 0/5000 blocks from 0 candidate containers.
2023-08-28 09:32:03,804 [BlockDeletingService#0] INFO  interfaces.ContainerDeletionChoosingPolicyTemplate (ContainerDeletionChoosingPolicyTemplate.java:chooseContainerForBlockDeletion(85)) - Chosen 0/5000 blocks from 0 candidate containers.
2023-08-28 09:32:04,115 [BlockDeletingService#0] INFO  interfaces.ContainerDeletionChoosingPolicyTemplate (ContainerDeletionChoosingPolicyTemplate.java:chooseContainerForBlockDeletion(85)) - Chosen 0/5000 blocks from 0 candidate containers.
]]></system-out>
  </testcase>
  <testcase name="testListStatusIteratorOnPageSize" classname="TestOzoneFileSystem" time="31.469">
    <system-out><![CDATA[2023-08-28 09:32:49,869 [JvmPauseMonitor10] WARN  util.JvmPauseMonitor (JvmPauseMonitor.java:detectPause(124)) - JvmPauseMonitor-d600485d-b91b-41d8-8672-c913e6695d89: Detected pause in JVM or host machine approximately 0.361s with 0.726s GC time.
GC pool 'PS MarkSweep' had collection(s): count=1 time=517ms
GC pool 'PS Scavenge' had collection(s): count=1 time=209ms
2023-08-28 09:32:49,874 [JvmPauseMonitor13] WARN  util.JvmPauseMonitor (JvmPauseMonitor.java:detectPause(124)) - JvmPauseMonitor-8272f6d9-26a6-4075-a6fc-a782e633560b: Detected pause in JVM or host machine approximately 0.457s with 0.726s GC time.
GC pool 'PS MarkSweep' had collection(s): count=1 time=517ms
GC pool 'PS Scavenge' had collection(s): count=1 time=209ms
2023-08-28 09:32:49,874 [JvmPauseMonitor7] WARN  util.JvmPauseMonitor (JvmPauseMonitor.java:detectPause(124)) - JvmPauseMonitor-c7e94084-b2c1-4f60-861e-dd19574e3c98: Detected pause in JVM or host machine approximately 0.490s with 0.726s GC time.
GC pool 'PS MarkSweep' had collection(s): count=1 time=517ms
GC pool 'PS Scavenge' had collection(s): count=1 time=209ms
2023-08-28 09:32:49,875 [JvmPauseMonitor11] WARN  util.JvmPauseMonitor (JvmPauseMonitor.java:detectPause(124)) - JvmPauseMonitor-454ab8f7-ff05-436e-934f-07f2970d48f1: Detected pause in JVM or host machine approximately 0.505s with 0.726s GC time.
GC pool 'PS MarkSweep' had collection(s): count=1 time=517ms
GC pool 'PS Scavenge' had collection(s): count=1 time=209ms
2023-08-28 09:32:49,875 [JvmPauseMonitor8] WARN  util.JvmPauseMonitor (JvmPauseMonitor.java:detectPause(124)) - JvmPauseMonitor-f569862c-da8f-4cdf-a165-329be4becace: Detected pause in JVM or host machine approximately 0.548s with 0.726s GC time.
GC pool 'PS MarkSweep' had collection(s): count=1 time=517ms
GC pool 'PS Scavenge' had collection(s): count=1 time=209ms
2023-08-28 09:32:49,876 [JvmPauseMonitor9] WARN  util.JvmPauseMonitor (JvmPauseMonitor.java:detectPause(124)) - JvmPauseMonitor-8f24c139-1988-4882-b4c4-ff44179a1ed0: Detected pause in JVM or host machine approximately 0.687s with 0.726s GC time.
GC pool 'PS MarkSweep' had collection(s): count=1 time=517ms
GC pool 'PS Scavenge' had collection(s): count=1 time=209ms
2023-08-28 09:32:49,877 [JvmPauseMonitor12] WARN  util.JvmPauseMonitor (JvmPauseMonitor.java:detectPause(124)) - JvmPauseMonitor-6fe57cde-2152-4119-ad90-dc528c983fae: Detected pause in JVM or host machine approximately 0.726s with 0.726s GC time.
GC pool 'PS MarkSweep' had collection(s): count=1 time=517ms
GC pool 'PS Scavenge' had collection(s): count=1 time=209ms
2023-08-28 09:33:06,991 [JvmPauseMonitor9] WARN  util.JvmPauseMonitor (JvmPauseMonitor.java:detectPause(124)) - JvmPauseMonitor-8f24c139-1988-4882-b4c4-ff44179a1ed0: Detected pause in JVM or host machine approximately 0.110s with 0.127s GC time.
GC pool 'PS Scavenge' had collection(s): count=1 time=127ms
2023-08-28 09:33:06,992 [JvmPauseMonitor8] WARN  util.JvmPauseMonitor (JvmPauseMonitor.java:detectPause(124)) - JvmPauseMonitor-f569862c-da8f-4cdf-a165-329be4becace: Detected pause in JVM or host machine approximately 0.111s with 0.127s GC time.
GC pool 'PS Scavenge' had collection(s): count=1 time=127ms
2023-08-28 09:33:06,992 [JvmPauseMonitor12] WARN  util.JvmPauseMonitor (JvmPauseMonitor.java:detectPause(124)) - JvmPauseMonitor-6fe57cde-2152-4119-ad90-dc528c983fae: Detected pause in JVM or host machine approximately 0.111s with 0.127s GC time.
GC pool 'PS Scavenge' had collection(s): count=1 time=127ms
2023-08-28 09:33:06,992 [JvmPauseMonitor11] WARN  util.JvmPauseMonitor (JvmPauseMonitor.java:detectPause(124)) - JvmPauseMonitor-454ab8f7-ff05-436e-934f-07f2970d48f1: Detected pause in JVM or host machine approximately 0.112s with 0.127s GC time.
GC pool 'PS Scavenge' had collection(s): count=1 time=127ms
2023-08-28 09:33:06,992 [JvmPauseMonitor7] WARN  util.JvmPauseMonitor (JvmPauseMonitor.java:detectPause(124)) - JvmPauseMonitor-c7e94084-b2c1-4f60-861e-dd19574e3c98: Detected pause in JVM or host machine approximately 0.112s with 0.127s GC time.
GC pool 'PS Scavenge' had collection(s): count=1 time=127ms
2023-08-28 09:33:06,992 [JvmPauseMonitor13] WARN  util.JvmPauseMonitor (JvmPauseMonitor.java:detectPause(124)) - JvmPauseMonitor-8272f6d9-26a6-4075-a6fc-a782e633560b: Detected pause in JVM or host machine approximately 0.113s with 0.127s GC time.
GC pool 'PS Scavenge' had collection(s): count=1 time=127ms
2023-08-28 09:33:06,992 [JvmPauseMonitor10] WARN  util.JvmPauseMonitor (JvmPauseMonitor.java:detectPause(124)) - JvmPauseMonitor-d600485d-b91b-41d8-8672-c913e6695d89: Detected pause in JVM or host machine approximately 0.114s with 0.127s GC time.
GC pool 'PS Scavenge' had collection(s): count=1 time=127ms
]]></system-out>
  </testcase>
  <testcase name="testListStatusIteratorOnPageSize" classname="TestOzoneFileSystem" time="35.604">
    <system-out><![CDATA[2023-08-28 09:33:58,792 [JvmPauseMonitor14] WARN  util.JvmPauseMonitor (JvmPauseMonitor.java:detectPause(124)) - JvmPauseMonitor-8692bce6-2e3b-4507-ab11-05510610508a: Detected pause in JVM or host machine approximately 0.285s with 0.628s GC time.
GC pool 'PS MarkSweep' had collection(s): count=1 time=492ms
GC pool 'PS Scavenge' had collection(s): count=1 time=136ms
2023-08-28 09:33:58,793 [JvmPauseMonitor19] WARN  util.JvmPauseMonitor (JvmPauseMonitor.java:detectPause(124)) - JvmPauseMonitor-95288828-abab-422b-9e50-2ffffa7b82dd: Detected pause in JVM or host machine approximately 0.244s with 0.628s GC time.
GC pool 'PS MarkSweep' had collection(s): count=1 time=492ms
GC pool 'PS Scavenge' had collection(s): count=1 time=136ms
2023-08-28 09:33:58,794 [cd0f2c76-867f-4adb-98b4-ea19f4e614c4@group-D67EC9FCB8AC-FollowerState] WARN  impl.FollowerState (FollowerState.java:run(130)) - Unexpected long sleep: sleep 5131ms but took extra 317359512ns (> threshold = 300ms)
2023-08-28 09:33:58,794 [JvmPauseMonitor17] WARN  util.JvmPauseMonitor (JvmPauseMonitor.java:detectPause(124)) - JvmPauseMonitor-5e45d05c-e098-4a5b-a019-6f8f93701f04: Detected pause in JVM or host machine approximately 0.332s with 0.628s GC time.
GC pool 'PS MarkSweep' had collection(s): count=1 time=492ms
GC pool 'PS Scavenge' had collection(s): count=1 time=136ms
2023-08-28 09:33:58,794 [5e45d05c-e098-4a5b-a019-6f8f93701f04@group-D67EC9FCB8AC-FollowerState] WARN  impl.FollowerState (FollowerState.java:run(130)) - Unexpected long sleep: sleep 5017ms but took extra 401826659ns (> threshold = 300ms)
2023-08-28 09:33:58,795 [JvmPauseMonitor18] WARN  util.JvmPauseMonitor (JvmPauseMonitor.java:detectPause(124)) - JvmPauseMonitor-cd0f2c76-867f-4adb-98b4-ea19f4e614c4: Detected pause in JVM or host machine approximately 0.424s with 0.628s GC time.
GC pool 'PS MarkSweep' had collection(s): count=1 time=492ms
GC pool 'PS Scavenge' had collection(s): count=1 time=136ms
2023-08-28 09:33:58,795 [JvmPauseMonitor20] WARN  util.JvmPauseMonitor (JvmPauseMonitor.java:detectPause(124)) - JvmPauseMonitor-41455824-df48-4b98-a96f-a0f226daf9c9: Detected pause in JVM or host machine approximately 0.430s with 0.628s GC time.
GC pool 'PS MarkSweep' had collection(s): count=1 time=492ms
GC pool 'PS Scavenge' had collection(s): count=1 time=136ms
2023-08-28 09:33:58,795 [JvmPauseMonitor15] WARN  util.JvmPauseMonitor (JvmPauseMonitor.java:detectPause(124)) - JvmPauseMonitor-om1: Detected pause in JVM or host machine approximately 0.431s with 0.628s GC time.
GC pool 'PS MarkSweep' had collection(s): count=1 time=492ms
GC pool 'PS Scavenge' had collection(s): count=1 time=136ms
2023-08-28 09:33:58,795 [80fac8df-d086-4186-9807-ed58a74d6c90@group-1DFF6731F38D-FollowerState] WARN  impl.FollowerState (FollowerState.java:run(130)) - Unexpected long sleep: sleep 5004ms but took extra 570549851ns (> threshold = 300ms)
2023-08-28 09:33:58,800 [JvmPauseMonitor16] WARN  util.JvmPauseMonitor (JvmPauseMonitor.java:detectPause(124)) - JvmPauseMonitor-80fac8df-d086-4186-9807-ed58a74d6c90: Detected pause in JVM or host machine approximately 0.620s with 0.628s GC time.
GC pool 'PS MarkSweep' had collection(s): count=1 time=492ms
GC pool 'PS Scavenge' had collection(s): count=1 time=136ms
]]></system-out>
  </testcase>
  <testcase name="testListStatusIteratorOnPageSize" classname="TestOzoneFileSystem" time="30.093">
    <system-out><![CDATA[2023-08-28 09:35:11,073 [JvmPauseMonitor23] WARN  util.JvmPauseMonitor (JvmPauseMonitor.java:detectPause(124)) - JvmPauseMonitor-ef3a886b-561e-496b-b271-3b32784cf0be: Detected pause in JVM or host machine approximately 0.162s with 0.192s GC time.
GC pool 'PS Scavenge' had collection(s): count=1 time=192ms
2023-08-28 09:35:17,936 [JvmPauseMonitor26] WARN  util.JvmPauseMonitor (JvmPauseMonitor.java:detectPause(124)) - JvmPauseMonitor-a19c494f-397f-4b39-bf2c-38c439f3a5ad: Detected pause in JVM or host machine approximately 0.116s with 0.134s GC time.
GC pool 'PS Scavenge' had collection(s): count=1 time=134ms
2023-08-28 09:35:33,990 [JvmPauseMonitor21] WARN  util.JvmPauseMonitor (JvmPauseMonitor.java:detectPause(124)) - JvmPauseMonitor-acf75b9e-6b4a-4948-9319-2ceea1b54f05: Detected pause in JVM or host machine approximately 0.266s with 0.694s GC time.
GC pool 'PS MarkSweep' had collection(s): count=1 time=515ms
GC pool 'PS Scavenge' had collection(s): count=1 time=179ms
2023-08-28 09:35:33,990 [JvmPauseMonitor24] WARN  util.JvmPauseMonitor (JvmPauseMonitor.java:detectPause(124)) - JvmPauseMonitor-269fa438-bc78-433d-911d-e020a0e24055: Detected pause in JVM or host machine approximately 0.289s with 0.694s GC time.
GC pool 'PS MarkSweep' had collection(s): count=1 time=515ms
GC pool 'PS Scavenge' had collection(s): count=1 time=179ms
2023-08-28 09:35:33,990 [JvmPauseMonitor25] WARN  util.JvmPauseMonitor (JvmPauseMonitor.java:detectPause(124)) - JvmPauseMonitor-2121e5cf-c9a2-43bb-b1d5-56f983d54b52: Detected pause in JVM or host machine approximately 0.339s with 0.694s GC time.
GC pool 'PS MarkSweep' had collection(s): count=1 time=515ms
GC pool 'PS Scavenge' had collection(s): count=1 time=179ms
2023-08-28 09:35:33,990 [JvmPauseMonitor22] WARN  util.JvmPauseMonitor (JvmPauseMonitor.java:detectPause(124)) - JvmPauseMonitor-4dbab925-ca1a-4119-9b38-af7e2a5f84b8: Detected pause in JVM or host machine approximately 0.340s with 0.694s GC time.
GC pool 'PS MarkSweep' had collection(s): count=1 time=515ms
GC pool 'PS Scavenge' had collection(s): count=1 time=179ms
2023-08-28 09:35:33,990 [JvmPauseMonitor23] WARN  util.JvmPauseMonitor (JvmPauseMonitor.java:detectPause(124)) - JvmPauseMonitor-ef3a886b-561e-496b-b271-3b32784cf0be: Detected pause in JVM or host machine approximately 0.340s with 0.694s GC time.
GC pool 'PS MarkSweep' had collection(s): count=1 time=515ms
GC pool 'PS Scavenge' had collection(s): count=1 time=179ms
2023-08-28 09:35:33,990 [JvmPauseMonitor27] WARN  util.JvmPauseMonitor (JvmPauseMonitor.java:detectPause(124)) - JvmPauseMonitor-420b2733-082d-40f5-8baf-45346d279295: Detected pause in JVM or host machine approximately 0.340s with 0.694s GC time.
GC pool 'PS MarkSweep' had collection(s): count=1 time=515ms
GC pool 'PS Scavenge' had collection(s): count=1 time=179ms
2023-08-28 09:35:33,991 [JvmPauseMonitor26] WARN  util.JvmPauseMonitor (JvmPauseMonitor.java:detectPause(124)) - JvmPauseMonitor-a19c494f-397f-4b39-bf2c-38c439f3a5ad: Detected pause in JVM or host machine approximately 0.545s with 0.694s GC time.
GC pool 'PS MarkSweep' had collection(s): count=1 time=515ms
GC pool 'PS Scavenge' had collection(s): count=1 time=179ms
]]></system-out>
  </testcase>
  <testcase name="testRenameToTrashEnabled" classname="TestOzoneFileSystem" time="0.179">
    <system-out><![CDATA[09:32:08.656 [IPC Server handler 3 on default port 15004] ERROR OMAudit - user=runner | ip=127.0.0.1 | op=GET_FILE_STATUS {volume=volume76952, bucket=bucket05606, key=.Trash/runner/Current/testKey1, dataSize=0, replicationConfig=null} | ret=FAILURE
org.apache.hadoop.ozone.om.exceptions.OMException: Unable to get file status: volume: volume76952 bucket: bucket05606 key: .Trash/runner/Current/testKey1
	at org.apache.hadoop.ozone.om.KeyManagerImpl.getOzoneFileStatus(KeyManagerImpl.java:1195) ~[ozone-manager-1.4.0-SNAPSHOT.jar:?]
	at org.apache.hadoop.ozone.om.KeyManagerImpl.getFileStatus(KeyManagerImpl.java:1113) ~[ozone-manager-1.4.0-SNAPSHOT.jar:?]
	at org.apache.hadoop.ozone.om.OmMetadataReader.getFileStatus(OmMetadataReader.java:262) ~[ozone-manager-1.4.0-SNAPSHOT.jar:?]
	at org.apache.hadoop.ozone.om.OzoneManager.getFileStatus(OzoneManager.java:3513) ~[ozone-manager-1.4.0-SNAPSHOT.jar:?]
	at org.apache.hadoop.ozone.protocolPB.OzoneManagerRequestHandler.getOzoneFileStatus(OzoneManagerRequestHandler.java:973) ~[ozone-manager-1.4.0-SNAPSHOT.jar:?]
	at org.apache.hadoop.ozone.protocolPB.OzoneManagerRequestHandler.handleReadRequest(OzoneManagerRequestHandler.java:252) ~[ozone-manager-1.4.0-SNAPSHOT.jar:?]
	at org.apache.hadoop.ozone.protocolPB.OzoneManagerProtocolServerSideTranslatorPB.submitReadRequestToOM(OzoneManagerProtocolServerSideTranslatorPB.java:225) ~[ozone-manager-1.4.0-SNAPSHOT.jar:?]
	at org.apache.hadoop.ozone.protocolPB.OzoneManagerProtocolServerSideTranslatorPB.processRequest(OzoneManagerProtocolServerSideTranslatorPB.java:179) ~[ozone-manager-1.4.0-SNAPSHOT.jar:?]
	at org.apache.hadoop.hdds.server.OzoneProtocolMessageDispatcher.processRequest(OzoneProtocolMessageDispatcher.java:87) [hdds-server-framework-1.4.0-SNAPSHOT.jar:?]
	at org.apache.hadoop.ozone.protocolPB.OzoneManagerProtocolServerSideTranslatorPB.submitRequest(OzoneManagerProtocolServerSideTranslatorPB.java:148) [ozone-manager-1.4.0-SNAPSHOT.jar:?]
	at org.apache.hadoop.ozone.protocol.proto.OzoneManagerProtocolProtos$OzoneManagerService$2.callBlockingMethod(OzoneManagerProtocolProtos.java) [ozone-interface-client-1.4.0-SNAPSHOT.jar:?]
	at org.apache.hadoop.ipc.ProtobufRpcEngine$Server.processCall(ProtobufRpcEngine.java:484) [hadoop-common-3.3.6.jar:?]
	at org.apache.hadoop.ipc.ProtobufRpcEngine2$Server$ProtoBufRpcInvoker.call(ProtobufRpcEngine2.java:595) [hadoop-common-3.3.6.jar:?]
	at org.apache.hadoop.ipc.ProtobufRpcEngine2$Server$ProtoBufRpcInvoker.call(ProtobufRpcEngine2.java:573) [hadoop-common-3.3.6.jar:?]
	at org.apache.hadoop.ipc.RPC$Server.call(RPC.java:1227) [hadoop-common-3.3.6.jar:?]
	at org.apache.hadoop.ipc.Server$RpcCall.run(Server.java:1094) [hadoop-common-3.3.6.jar:?]
	at org.apache.hadoop.ipc.Server$RpcCall.run(Server.java:1017) [hadoop-common-3.3.6.jar:?]
	at java.security.AccessController.doPrivileged(Native Method) ~[?:1.8.0_382]
	at javax.security.auth.Subject.doAs(Subject.java:422) [?:1.8.0_382]
	at org.apache.hadoop.security.UserGroupInformation.doAs(UserGroupInformation.java:1899) [hadoop-common-3.3.6.jar:?]
	at org.apache.hadoop.ipc.Server$Handler.run(Server.java:3048) [hadoop-common-3.3.6.jar:?]
09:32:08.666 [IPC Server handler 1 on default port 15004] ERROR OMAudit - user=runner | ip=127.0.0.1 | op=GET_FILE_STATUS {volume=volume76952, bucket=bucket05606, key=.Trash/runner/Current/testKey1, dataSize=0, replicationConfig=null} | ret=FAILURE
org.apache.hadoop.ozone.om.exceptions.OMException: Unable to get file status: volume: volume76952 bucket: bucket05606 key: .Trash/runner/Current/testKey1
	at org.apache.hadoop.ozone.om.KeyManagerImpl.getOzoneFileStatus(KeyManagerImpl.java:1195) ~[ozone-manager-1.4.0-SNAPSHOT.jar:?]
	at org.apache.hadoop.ozone.om.KeyManagerImpl.getFileStatus(KeyManagerImpl.java:1113) ~[ozone-manager-1.4.0-SNAPSHOT.jar:?]
	at org.apache.hadoop.ozone.om.OmMetadataReader.getFileStatus(OmMetadataReader.java:262) ~[ozone-manager-1.4.0-SNAPSHOT.jar:?]
	at org.apache.hadoop.ozone.om.OzoneManager.getFileStatus(OzoneManager.java:3513) ~[ozone-manager-1.4.0-SNAPSHOT.jar:?]
	at org.apache.hadoop.ozone.protocolPB.OzoneManagerRequestHandler.getOzoneFileStatus(OzoneManagerRequestHandler.java:973) ~[ozone-manager-1.4.0-SNAPSHOT.jar:?]
	at org.apache.hadoop.ozone.protocolPB.OzoneManagerRequestHandler.handleReadRequest(OzoneManagerRequestHandler.java:252) ~[ozone-manager-1.4.0-SNAPSHOT.jar:?]
	at org.apache.hadoop.ozone.protocolPB.OzoneManagerProtocolServerSideTranslatorPB.submitReadRequestToOM(OzoneManagerProtocolServerSideTranslatorPB.java:225) ~[ozone-manager-1.4.0-SNAPSHOT.jar:?]
	at org.apache.hadoop.ozone.protocolPB.OzoneManagerProtocolServerSideTranslatorPB.processRequest(OzoneManagerProtocolServerSideTranslatorPB.java:179) ~[ozone-manager-1.4.0-SNAPSHOT.jar:?]
	at org.apache.hadoop.hdds.server.OzoneProtocolMessageDispatcher.processRequest(OzoneProtocolMessageDispatcher.java:87) [hdds-server-framework-1.4.0-SNAPSHOT.jar:?]
	at org.apache.hadoop.ozone.protocolPB.OzoneManagerProtocolServerSideTranslatorPB.submitRequest(OzoneManagerProtocolServerSideTranslatorPB.java:148) [ozone-manager-1.4.0-SNAPSHOT.jar:?]
	at org.apache.hadoop.ozone.protocol.proto.OzoneManagerProtocolProtos$OzoneManagerService$2.callBlockingMethod(OzoneManagerProtocolProtos.java) [ozone-interface-client-1.4.0-SNAPSHOT.jar:?]
	at org.apache.hadoop.ipc.ProtobufRpcEngine$Server.processCall(ProtobufRpcEngine.java:484) [hadoop-common-3.3.6.jar:?]
	at org.apache.hadoop.ipc.ProtobufRpcEngine2$Server$ProtoBufRpcInvoker.call(ProtobufRpcEngine2.java:595) [hadoop-common-3.3.6.jar:?]
	at org.apache.hadoop.ipc.ProtobufRpcEngine2$Server$ProtoBufRpcInvoker.call(ProtobufRpcEngine2.java:573) [hadoop-common-3.3.6.jar:?]
	at org.apache.hadoop.ipc.RPC$Server.call(RPC.java:1227) [hadoop-common-3.3.6.jar:?]
	at org.apache.hadoop.ipc.Server$RpcCall.run(Server.java:1094) [hadoop-common-3.3.6.jar:?]
	at org.apache.hadoop.ipc.Server$RpcCall.run(Server.java:1017) [hadoop-common-3.3.6.jar:?]
	at java.security.AccessController.doPrivileged(Native Method) ~[?:1.8.0_382]
	at javax.security.auth.Subject.doAs(Subject.java:422) [?:1.8.0_382]
	at org.apache.hadoop.security.UserGroupInformation.doAs(UserGroupInformation.java:1899) [hadoop-common-3.3.6.jar:?]
	at org.apache.hadoop.ipc.Server$Handler.run(Server.java:3048) [hadoop-common-3.3.6.jar:?]
2023-08-28 09:32:08,675 [Time-limited test] INFO  om.TrashPolicyOzone (TrashPolicyOzone.java:moveToTrash(209)) - Moved: '/testKey1' to trash at: /.Trash/runner/Current/testKey1
]]></system-out>
  </testcase>
  <testcase name="testRenameToTrashEnabled" classname="TestOzoneFileSystem" time="0.153">
    <system-out><![CDATA[09:33:19.509 [IPC Server handler 11 on default port 15057] ERROR OMAudit - user=runner | ip=127.0.0.1 | op=GET_FILE_STATUS {volume=volume78214, bucket=bucket62222, key=.Trash/runner/Current/testKey1, dataSize=0, replicationConfig=null} | ret=FAILURE
org.apache.hadoop.ozone.om.exceptions.OMException: Unable to get file status: volume: volume78214 bucket: bucket62222 key: .Trash/runner/Current/testKey1
	at org.apache.hadoop.ozone.om.KeyManagerImpl.getOzoneFileStatus(KeyManagerImpl.java:1195) ~[ozone-manager-1.4.0-SNAPSHOT.jar:?]
	at org.apache.hadoop.ozone.om.KeyManagerImpl.getFileStatus(KeyManagerImpl.java:1113) ~[ozone-manager-1.4.0-SNAPSHOT.jar:?]
	at org.apache.hadoop.ozone.om.OmMetadataReader.getFileStatus(OmMetadataReader.java:262) ~[ozone-manager-1.4.0-SNAPSHOT.jar:?]
	at org.apache.hadoop.ozone.om.OzoneManager.getFileStatus(OzoneManager.java:3513) ~[ozone-manager-1.4.0-SNAPSHOT.jar:?]
	at org.apache.hadoop.ozone.protocolPB.OzoneManagerRequestHandler.getOzoneFileStatus(OzoneManagerRequestHandler.java:973) ~[ozone-manager-1.4.0-SNAPSHOT.jar:?]
	at org.apache.hadoop.ozone.protocolPB.OzoneManagerRequestHandler.handleReadRequest(OzoneManagerRequestHandler.java:252) ~[ozone-manager-1.4.0-SNAPSHOT.jar:?]
	at org.apache.hadoop.ozone.protocolPB.OzoneManagerProtocolServerSideTranslatorPB.submitRequestDirectlyToOM(OzoneManagerProtocolServerSideTranslatorPB.java:274) ~[ozone-manager-1.4.0-SNAPSHOT.jar:?]
	at org.apache.hadoop.ozone.protocolPB.OzoneManagerProtocolServerSideTranslatorPB.processRequest(OzoneManagerProtocolServerSideTranslatorPB.java:175) ~[ozone-manager-1.4.0-SNAPSHOT.jar:?]
	at org.apache.hadoop.hdds.server.OzoneProtocolMessageDispatcher.processRequest(OzoneProtocolMessageDispatcher.java:87) [hdds-server-framework-1.4.0-SNAPSHOT.jar:?]
	at org.apache.hadoop.ozone.protocolPB.OzoneManagerProtocolServerSideTranslatorPB.submitRequest(OzoneManagerProtocolServerSideTranslatorPB.java:148) [ozone-manager-1.4.0-SNAPSHOT.jar:?]
	at org.apache.hadoop.ozone.protocol.proto.OzoneManagerProtocolProtos$OzoneManagerService$2.callBlockingMethod(OzoneManagerProtocolProtos.java) [ozone-interface-client-1.4.0-SNAPSHOT.jar:?]
	at org.apache.hadoop.ipc.ProtobufRpcEngine$Server.processCall(ProtobufRpcEngine.java:484) [hadoop-common-3.3.6.jar:?]
	at org.apache.hadoop.ipc.ProtobufRpcEngine2$Server$ProtoBufRpcInvoker.call(ProtobufRpcEngine2.java:595) [hadoop-common-3.3.6.jar:?]
	at org.apache.hadoop.ipc.ProtobufRpcEngine2$Server$ProtoBufRpcInvoker.call(ProtobufRpcEngine2.java:573) [hadoop-common-3.3.6.jar:?]
	at org.apache.hadoop.ipc.RPC$Server.call(RPC.java:1227) [hadoop-common-3.3.6.jar:?]
	at org.apache.hadoop.ipc.Server$RpcCall.run(Server.java:1094) [hadoop-common-3.3.6.jar:?]
	at org.apache.hadoop.ipc.Server$RpcCall.run(Server.java:1017) [hadoop-common-3.3.6.jar:?]
	at java.security.AccessController.doPrivileged(Native Method) ~[?:1.8.0_382]
	at javax.security.auth.Subject.doAs(Subject.java:422) [?:1.8.0_382]
	at org.apache.hadoop.security.UserGroupInformation.doAs(UserGroupInformation.java:1899) [hadoop-common-3.3.6.jar:?]
	at org.apache.hadoop.ipc.Server$Handler.run(Server.java:3048) [hadoop-common-3.3.6.jar:?]
09:33:19.518 [IPC Server handler 4 on default port 15057] ERROR OMAudit - user=runner | ip=127.0.0.1 | op=GET_FILE_STATUS {volume=volume78214, bucket=bucket62222, key=.Trash/runner/Current/testKey1, dataSize=0, replicationConfig=null} | ret=FAILURE
org.apache.hadoop.ozone.om.exceptions.OMException: Unable to get file status: volume: volume78214 bucket: bucket62222 key: .Trash/runner/Current/testKey1
	at org.apache.hadoop.ozone.om.KeyManagerImpl.getOzoneFileStatus(KeyManagerImpl.java:1195) ~[ozone-manager-1.4.0-SNAPSHOT.jar:?]
	at org.apache.hadoop.ozone.om.KeyManagerImpl.getFileStatus(KeyManagerImpl.java:1113) ~[ozone-manager-1.4.0-SNAPSHOT.jar:?]
	at org.apache.hadoop.ozone.om.OmMetadataReader.getFileStatus(OmMetadataReader.java:262) ~[ozone-manager-1.4.0-SNAPSHOT.jar:?]
	at org.apache.hadoop.ozone.om.OzoneManager.getFileStatus(OzoneManager.java:3513) ~[ozone-manager-1.4.0-SNAPSHOT.jar:?]
	at org.apache.hadoop.ozone.protocolPB.OzoneManagerRequestHandler.getOzoneFileStatus(OzoneManagerRequestHandler.java:973) ~[ozone-manager-1.4.0-SNAPSHOT.jar:?]
	at org.apache.hadoop.ozone.protocolPB.OzoneManagerRequestHandler.handleReadRequest(OzoneManagerRequestHandler.java:252) ~[ozone-manager-1.4.0-SNAPSHOT.jar:?]
	at org.apache.hadoop.ozone.protocolPB.OzoneManagerProtocolServerSideTranslatorPB.submitRequestDirectlyToOM(OzoneManagerProtocolServerSideTranslatorPB.java:274) ~[ozone-manager-1.4.0-SNAPSHOT.jar:?]
	at org.apache.hadoop.ozone.protocolPB.OzoneManagerProtocolServerSideTranslatorPB.processRequest(OzoneManagerProtocolServerSideTranslatorPB.java:175) ~[ozone-manager-1.4.0-SNAPSHOT.jar:?]
	at org.apache.hadoop.hdds.server.OzoneProtocolMessageDispatcher.processRequest(OzoneProtocolMessageDispatcher.java:87) [hdds-server-framework-1.4.0-SNAPSHOT.jar:?]
	at org.apache.hadoop.ozone.protocolPB.OzoneManagerProtocolServerSideTranslatorPB.submitRequest(OzoneManagerProtocolServerSideTranslatorPB.java:148) [ozone-manager-1.4.0-SNAPSHOT.jar:?]
	at org.apache.hadoop.ozone.protocol.proto.OzoneManagerProtocolProtos$OzoneManagerService$2.callBlockingMethod(OzoneManagerProtocolProtos.java) [ozone-interface-client-1.4.0-SNAPSHOT.jar:?]
	at org.apache.hadoop.ipc.ProtobufRpcEngine$Server.processCall(ProtobufRpcEngine.java:484) [hadoop-common-3.3.6.jar:?]
	at org.apache.hadoop.ipc.ProtobufRpcEngine2$Server$ProtoBufRpcInvoker.call(ProtobufRpcEngine2.java:595) [hadoop-common-3.3.6.jar:?]
	at org.apache.hadoop.ipc.ProtobufRpcEngine2$Server$ProtoBufRpcInvoker.call(ProtobufRpcEngine2.java:573) [hadoop-common-3.3.6.jar:?]
	at org.apache.hadoop.ipc.RPC$Server.call(RPC.java:1227) [hadoop-common-3.3.6.jar:?]
	at org.apache.hadoop.ipc.Server$RpcCall.run(Server.java:1094) [hadoop-common-3.3.6.jar:?]
	at org.apache.hadoop.ipc.Server$RpcCall.run(Server.java:1017) [hadoop-common-3.3.6.jar:?]
	at java.security.AccessController.doPrivileged(Native Method) ~[?:1.8.0_382]
	at javax.security.auth.Subject.doAs(Subject.java:422) [?:1.8.0_382]
	at org.apache.hadoop.security.UserGroupInformation.doAs(UserGroupInformation.java:1899) [hadoop-common-3.3.6.jar:?]
	at org.apache.hadoop.ipc.Server$Handler.run(Server.java:3048) [hadoop-common-3.3.6.jar:?]
2023-08-28 09:33:19,525 [Time-limited test] INFO  om.TrashPolicyOzone (TrashPolicyOzone.java:moveToTrash(209)) - Moved: '/testKey1' to trash at: /.Trash/runner/Current/testKey1
]]></system-out>
  </testcase>
  <testcase name="testRenameToTrashEnabled" classname="TestOzoneFileSystem" time="0.168">
    <system-out><![CDATA[09:34:31.031 [IPC Server handler 4 on default port 15110] ERROR OMAudit - user=runner | ip=127.0.0.1 | op=GET_FILE_STATUS {volume=volume01359, bucket=bucket03907, key=.Trash/runner/Current/testKey1, dataSize=0, replicationConfig=null} | ret=FAILURE
org.apache.hadoop.ozone.om.exceptions.OMException: Unable to get file status: volume: volume01359 bucket: bucket03907 key: .Trash/runner/Current/testKey1
	at org.apache.hadoop.ozone.om.KeyManagerImpl.getOzoneFileStatus(KeyManagerImpl.java:1195) ~[ozone-manager-1.4.0-SNAPSHOT.jar:?]
	at org.apache.hadoop.ozone.om.KeyManagerImpl.getFileStatus(KeyManagerImpl.java:1113) ~[ozone-manager-1.4.0-SNAPSHOT.jar:?]
	at org.apache.hadoop.ozone.om.OmMetadataReader.getFileStatus(OmMetadataReader.java:262) ~[ozone-manager-1.4.0-SNAPSHOT.jar:?]
	at org.apache.hadoop.ozone.om.OzoneManager.getFileStatus(OzoneManager.java:3513) ~[ozone-manager-1.4.0-SNAPSHOT.jar:?]
	at org.apache.hadoop.ozone.protocolPB.OzoneManagerRequestHandler.getOzoneFileStatus(OzoneManagerRequestHandler.java:973) ~[ozone-manager-1.4.0-SNAPSHOT.jar:?]
	at org.apache.hadoop.ozone.protocolPB.OzoneManagerRequestHandler.handleReadRequest(OzoneManagerRequestHandler.java:252) ~[ozone-manager-1.4.0-SNAPSHOT.jar:?]
	at org.apache.hadoop.ozone.protocolPB.OzoneManagerProtocolServerSideTranslatorPB.submitReadRequestToOM(OzoneManagerProtocolServerSideTranslatorPB.java:225) ~[ozone-manager-1.4.0-SNAPSHOT.jar:?]
	at org.apache.hadoop.ozone.protocolPB.OzoneManagerProtocolServerSideTranslatorPB.processRequest(OzoneManagerProtocolServerSideTranslatorPB.java:179) ~[ozone-manager-1.4.0-SNAPSHOT.jar:?]
	at org.apache.hadoop.hdds.server.OzoneProtocolMessageDispatcher.processRequest(OzoneProtocolMessageDispatcher.java:87) [hdds-server-framework-1.4.0-SNAPSHOT.jar:?]
	at org.apache.hadoop.ozone.protocolPB.OzoneManagerProtocolServerSideTranslatorPB.submitRequest(OzoneManagerProtocolServerSideTranslatorPB.java:148) [ozone-manager-1.4.0-SNAPSHOT.jar:?]
	at org.apache.hadoop.ozone.protocol.proto.OzoneManagerProtocolProtos$OzoneManagerService$2.callBlockingMethod(OzoneManagerProtocolProtos.java) [ozone-interface-client-1.4.0-SNAPSHOT.jar:?]
	at org.apache.hadoop.ipc.ProtobufRpcEngine$Server.processCall(ProtobufRpcEngine.java:484) [hadoop-common-3.3.6.jar:?]
	at org.apache.hadoop.ipc.ProtobufRpcEngine2$Server$ProtoBufRpcInvoker.call(ProtobufRpcEngine2.java:595) [hadoop-common-3.3.6.jar:?]
	at org.apache.hadoop.ipc.ProtobufRpcEngine2$Server$ProtoBufRpcInvoker.call(ProtobufRpcEngine2.java:573) [hadoop-common-3.3.6.jar:?]
	at org.apache.hadoop.ipc.RPC$Server.call(RPC.java:1227) [hadoop-common-3.3.6.jar:?]
	at org.apache.hadoop.ipc.Server$RpcCall.run(Server.java:1094) [hadoop-common-3.3.6.jar:?]
	at org.apache.hadoop.ipc.Server$RpcCall.run(Server.java:1017) [hadoop-common-3.3.6.jar:?]
	at java.security.AccessController.doPrivileged(Native Method) ~[?:1.8.0_382]
	at javax.security.auth.Subject.doAs(Subject.java:422) [?:1.8.0_382]
	at org.apache.hadoop.security.UserGroupInformation.doAs(UserGroupInformation.java:1899) [hadoop-common-3.3.6.jar:?]
	at org.apache.hadoop.ipc.Server$Handler.run(Server.java:3048) [hadoop-common-3.3.6.jar:?]
09:34:31.036 [IPC Server handler 5 on default port 15110] ERROR OMAudit - user=runner | ip=127.0.0.1 | op=GET_FILE_STATUS {volume=volume01359, bucket=bucket03907, key=.Trash/runner/Current/testKey1, dataSize=0, replicationConfig=null} | ret=FAILURE
org.apache.hadoop.ozone.om.exceptions.OMException: Unable to get file status: volume: volume01359 bucket: bucket03907 key: .Trash/runner/Current/testKey1
	at org.apache.hadoop.ozone.om.KeyManagerImpl.getOzoneFileStatus(KeyManagerImpl.java:1195) ~[ozone-manager-1.4.0-SNAPSHOT.jar:?]
	at org.apache.hadoop.ozone.om.KeyManagerImpl.getFileStatus(KeyManagerImpl.java:1113) ~[ozone-manager-1.4.0-SNAPSHOT.jar:?]
	at org.apache.hadoop.ozone.om.OmMetadataReader.getFileStatus(OmMetadataReader.java:262) ~[ozone-manager-1.4.0-SNAPSHOT.jar:?]
	at org.apache.hadoop.ozone.om.OzoneManager.getFileStatus(OzoneManager.java:3513) ~[ozone-manager-1.4.0-SNAPSHOT.jar:?]
	at org.apache.hadoop.ozone.protocolPB.OzoneManagerRequestHandler.getOzoneFileStatus(OzoneManagerRequestHandler.java:973) ~[ozone-manager-1.4.0-SNAPSHOT.jar:?]
	at org.apache.hadoop.ozone.protocolPB.OzoneManagerRequestHandler.handleReadRequest(OzoneManagerRequestHandler.java:252) ~[ozone-manager-1.4.0-SNAPSHOT.jar:?]
	at org.apache.hadoop.ozone.protocolPB.OzoneManagerProtocolServerSideTranslatorPB.submitReadRequestToOM(OzoneManagerProtocolServerSideTranslatorPB.java:225) ~[ozone-manager-1.4.0-SNAPSHOT.jar:?]
	at org.apache.hadoop.ozone.protocolPB.OzoneManagerProtocolServerSideTranslatorPB.processRequest(OzoneManagerProtocolServerSideTranslatorPB.java:179) ~[ozone-manager-1.4.0-SNAPSHOT.jar:?]
	at org.apache.hadoop.hdds.server.OzoneProtocolMessageDispatcher.processRequest(OzoneProtocolMessageDispatcher.java:87) [hdds-server-framework-1.4.0-SNAPSHOT.jar:?]
	at org.apache.hadoop.ozone.protocolPB.OzoneManagerProtocolServerSideTranslatorPB.submitRequest(OzoneManagerProtocolServerSideTranslatorPB.java:148) [ozone-manager-1.4.0-SNAPSHOT.jar:?]
	at org.apache.hadoop.ozone.protocol.proto.OzoneManagerProtocolProtos$OzoneManagerService$2.callBlockingMethod(OzoneManagerProtocolProtos.java) [ozone-interface-client-1.4.0-SNAPSHOT.jar:?]
	at org.apache.hadoop.ipc.ProtobufRpcEngine$Server.processCall(ProtobufRpcEngine.java:484) [hadoop-common-3.3.6.jar:?]
	at org.apache.hadoop.ipc.ProtobufRpcEngine2$Server$ProtoBufRpcInvoker.call(ProtobufRpcEngine2.java:595) [hadoop-common-3.3.6.jar:?]
	at org.apache.hadoop.ipc.ProtobufRpcEngine2$Server$ProtoBufRpcInvoker.call(ProtobufRpcEngine2.java:573) [hadoop-common-3.3.6.jar:?]
	at org.apache.hadoop.ipc.RPC$Server.call(RPC.java:1227) [hadoop-common-3.3.6.jar:?]
	at org.apache.hadoop.ipc.Server$RpcCall.run(Server.java:1094) [hadoop-common-3.3.6.jar:?]
	at org.apache.hadoop.ipc.Server$RpcCall.run(Server.java:1017) [hadoop-common-3.3.6.jar:?]
	at java.security.AccessController.doPrivileged(Native Method) ~[?:1.8.0_382]
	at javax.security.auth.Subject.doAs(Subject.java:422) [?:1.8.0_382]
	at org.apache.hadoop.security.UserGroupInformation.doAs(UserGroupInformation.java:1899) [hadoop-common-3.3.6.jar:?]
	at org.apache.hadoop.ipc.Server$Handler.run(Server.java:3048) [hadoop-common-3.3.6.jar:?]
2023-08-28 09:34:31,044 [Time-limited test] INFO  om.TrashPolicyOzone (TrashPolicyOzone.java:moveToTrash(209)) - Moved: '/testKey1' to trash at: /.Trash/runner/Current/testKey1
]]></system-out>
  </testcase>
  <testcase name="testRenameToTrashEnabled" classname="TestOzoneFileSystem" time="0.155">
    <system-out><![CDATA[09:35:36.137 [IPC Server handler 3 on default port 15163] ERROR OMAudit - user=runner | ip=127.0.0.1 | op=GET_FILE_STATUS {volume=volume82570, bucket=bucket71984, key=.Trash/runner/Current/testKey1, dataSize=0, replicationConfig=null} | ret=FAILURE
org.apache.hadoop.ozone.om.exceptions.OMException: Unable to get file status: volume: volume82570 bucket: bucket71984 key: .Trash/runner/Current/testKey1
	at org.apache.hadoop.ozone.om.KeyManagerImpl.getOzoneFileStatus(KeyManagerImpl.java:1195) ~[ozone-manager-1.4.0-SNAPSHOT.jar:?]
	at org.apache.hadoop.ozone.om.KeyManagerImpl.getFileStatus(KeyManagerImpl.java:1113) ~[ozone-manager-1.4.0-SNAPSHOT.jar:?]
	at org.apache.hadoop.ozone.om.OmMetadataReader.getFileStatus(OmMetadataReader.java:262) ~[ozone-manager-1.4.0-SNAPSHOT.jar:?]
	at org.apache.hadoop.ozone.om.OzoneManager.getFileStatus(OzoneManager.java:3513) ~[ozone-manager-1.4.0-SNAPSHOT.jar:?]
	at org.apache.hadoop.ozone.protocolPB.OzoneManagerRequestHandler.getOzoneFileStatus(OzoneManagerRequestHandler.java:973) ~[ozone-manager-1.4.0-SNAPSHOT.jar:?]
	at org.apache.hadoop.ozone.protocolPB.OzoneManagerRequestHandler.handleReadRequest(OzoneManagerRequestHandler.java:252) ~[ozone-manager-1.4.0-SNAPSHOT.jar:?]
	at org.apache.hadoop.ozone.protocolPB.OzoneManagerProtocolServerSideTranslatorPB.submitRequestDirectlyToOM(OzoneManagerProtocolServerSideTranslatorPB.java:274) ~[ozone-manager-1.4.0-SNAPSHOT.jar:?]
	at org.apache.hadoop.ozone.protocolPB.OzoneManagerProtocolServerSideTranslatorPB.processRequest(OzoneManagerProtocolServerSideTranslatorPB.java:175) ~[ozone-manager-1.4.0-SNAPSHOT.jar:?]
	at org.apache.hadoop.hdds.server.OzoneProtocolMessageDispatcher.processRequest(OzoneProtocolMessageDispatcher.java:87) [hdds-server-framework-1.4.0-SNAPSHOT.jar:?]
	at org.apache.hadoop.ozone.protocolPB.OzoneManagerProtocolServerSideTranslatorPB.submitRequest(OzoneManagerProtocolServerSideTranslatorPB.java:148) [ozone-manager-1.4.0-SNAPSHOT.jar:?]
	at org.apache.hadoop.ozone.protocol.proto.OzoneManagerProtocolProtos$OzoneManagerService$2.callBlockingMethod(OzoneManagerProtocolProtos.java) [ozone-interface-client-1.4.0-SNAPSHOT.jar:?]
	at org.apache.hadoop.ipc.ProtobufRpcEngine$Server.processCall(ProtobufRpcEngine.java:484) [hadoop-common-3.3.6.jar:?]
	at org.apache.hadoop.ipc.ProtobufRpcEngine2$Server$ProtoBufRpcInvoker.call(ProtobufRpcEngine2.java:595) [hadoop-common-3.3.6.jar:?]
	at org.apache.hadoop.ipc.ProtobufRpcEngine2$Server$ProtoBufRpcInvoker.call(ProtobufRpcEngine2.java:573) [hadoop-common-3.3.6.jar:?]
	at org.apache.hadoop.ipc.RPC$Server.call(RPC.java:1227) [hadoop-common-3.3.6.jar:?]
	at org.apache.hadoop.ipc.Server$RpcCall.run(Server.java:1094) [hadoop-common-3.3.6.jar:?]
	at org.apache.hadoop.ipc.Server$RpcCall.run(Server.java:1017) [hadoop-common-3.3.6.jar:?]
	at java.security.AccessController.doPrivileged(Native Method) ~[?:1.8.0_382]
	at javax.security.auth.Subject.doAs(Subject.java:422) [?:1.8.0_382]
	at org.apache.hadoop.security.UserGroupInformation.doAs(UserGroupInformation.java:1899) [hadoop-common-3.3.6.jar:?]
	at org.apache.hadoop.ipc.Server$Handler.run(Server.java:3048) [hadoop-common-3.3.6.jar:?]
09:35:36.140 [IPC Server handler 4 on default port 15163] ERROR OMAudit - user=runner | ip=127.0.0.1 | op=GET_FILE_STATUS {volume=volume82570, bucket=bucket71984, key=.Trash/runner/Current/testKey1, dataSize=0, replicationConfig=null} | ret=FAILURE
org.apache.hadoop.ozone.om.exceptions.OMException: Unable to get file status: volume: volume82570 bucket: bucket71984 key: .Trash/runner/Current/testKey1
	at org.apache.hadoop.ozone.om.KeyManagerImpl.getOzoneFileStatus(KeyManagerImpl.java:1195) ~[ozone-manager-1.4.0-SNAPSHOT.jar:?]
	at org.apache.hadoop.ozone.om.KeyManagerImpl.getFileStatus(KeyManagerImpl.java:1113) ~[ozone-manager-1.4.0-SNAPSHOT.jar:?]
	at org.apache.hadoop.ozone.om.OmMetadataReader.getFileStatus(OmMetadataReader.java:262) ~[ozone-manager-1.4.0-SNAPSHOT.jar:?]
	at org.apache.hadoop.ozone.om.OzoneManager.getFileStatus(OzoneManager.java:3513) ~[ozone-manager-1.4.0-SNAPSHOT.jar:?]
	at org.apache.hadoop.ozone.protocolPB.OzoneManagerRequestHandler.getOzoneFileStatus(OzoneManagerRequestHandler.java:973) ~[ozone-manager-1.4.0-SNAPSHOT.jar:?]
	at org.apache.hadoop.ozone.protocolPB.OzoneManagerRequestHandler.handleReadRequest(OzoneManagerRequestHandler.java:252) ~[ozone-manager-1.4.0-SNAPSHOT.jar:?]
	at org.apache.hadoop.ozone.protocolPB.OzoneManagerProtocolServerSideTranslatorPB.submitRequestDirectlyToOM(OzoneManagerProtocolServerSideTranslatorPB.java:274) ~[ozone-manager-1.4.0-SNAPSHOT.jar:?]
	at org.apache.hadoop.ozone.protocolPB.OzoneManagerProtocolServerSideTranslatorPB.processRequest(OzoneManagerProtocolServerSideTranslatorPB.java:175) ~[ozone-manager-1.4.0-SNAPSHOT.jar:?]
	at org.apache.hadoop.hdds.server.OzoneProtocolMessageDispatcher.processRequest(OzoneProtocolMessageDispatcher.java:87) [hdds-server-framework-1.4.0-SNAPSHOT.jar:?]
	at org.apache.hadoop.ozone.protocolPB.OzoneManagerProtocolServerSideTranslatorPB.submitRequest(OzoneManagerProtocolServerSideTranslatorPB.java:148) [ozone-manager-1.4.0-SNAPSHOT.jar:?]
	at org.apache.hadoop.ozone.protocol.proto.OzoneManagerProtocolProtos$OzoneManagerService$2.callBlockingMethod(OzoneManagerProtocolProtos.java) [ozone-interface-client-1.4.0-SNAPSHOT.jar:?]
	at org.apache.hadoop.ipc.ProtobufRpcEngine$Server.processCall(ProtobufRpcEngine.java:484) [hadoop-common-3.3.6.jar:?]
	at org.apache.hadoop.ipc.ProtobufRpcEngine2$Server$ProtoBufRpcInvoker.call(ProtobufRpcEngine2.java:595) [hadoop-common-3.3.6.jar:?]
	at org.apache.hadoop.ipc.ProtobufRpcEngine2$Server$ProtoBufRpcInvoker.call(ProtobufRpcEngine2.java:573) [hadoop-common-3.3.6.jar:?]
	at org.apache.hadoop.ipc.RPC$Server.call(RPC.java:1227) [hadoop-common-3.3.6.jar:?]
	at org.apache.hadoop.ipc.Server$RpcCall.run(Server.java:1094) [hadoop-common-3.3.6.jar:?]
	at org.apache.hadoop.ipc.Server$RpcCall.run(Server.java:1017) [hadoop-common-3.3.6.jar:?]
	at java.security.AccessController.doPrivileged(Native Method) ~[?:1.8.0_382]
	at javax.security.auth.Subject.doAs(Subject.java:422) [?:1.8.0_382]
	at org.apache.hadoop.security.UserGroupInformation.doAs(UserGroupInformation.java:1899) [hadoop-common-3.3.6.jar:?]
	at org.apache.hadoop.ipc.Server$Handler.run(Server.java:3048) [hadoop-common-3.3.6.jar:?]
2023-08-28 09:35:36,146 [Time-limited test] INFO  om.TrashPolicyOzone (TrashPolicyOzone.java:moveToTrash(209)) - Moved: '/testKey1' to trash at: /.Trash/runner/Current/testKey1
]]></system-out>
  </testcase>
  <testcase name="testListStatusWithIntermediateDir" classname="TestOzoneFileSystem" time="0.055"/>
  <testcase name="testListStatusWithIntermediateDir" classname="TestOzoneFileSystem" time="0.051"/>
  <testcase name="testListStatusWithIntermediateDir" classname="TestOzoneFileSystem" time="0.042"/>
  <testcase name="testListStatusWithIntermediateDir" classname="TestOzoneFileSystem" time="0.058"/>
  <testcase name="testRenameSourceAndDestinAreSame" classname="TestOzoneFileSystem" time="0.036"/>
  <testcase name="testRenameSourceAndDestinAreSame" classname="TestOzoneFileSystem" time="0.021"/>
  <testcase name="testRenameSourceAndDestinAreSame" classname="TestOzoneFileSystem" time="0.023"/>
  <testcase name="testRenameSourceAndDestinAreSame" classname="TestOzoneFileSystem" time="0.022"/>
  <testcase name="testListStatusIteratorWithDir" classname="TestOzoneFileSystem" time="0.065"/>
  <testcase name="testListStatusIteratorWithDir" classname="TestOzoneFileSystem" time="0.046"/>
  <testcase name="testListStatusIteratorWithDir" classname="TestOzoneFileSystem" time="0.057"/>
  <testcase name="testListStatusIteratorWithDir" classname="TestOzoneFileSystem" time="0.051"/>
  <testcase name="testListStatusOnLargeDirectory" classname="TestOzoneFileSystem" time="8.568"/>
  <testcase name="testListStatusOnLargeDirectory" classname="TestOzoneFileSystem" time="6.12"/>
  <testcase name="testListStatusOnLargeDirectory" classname="TestOzoneFileSystem" time="7.115">
    <system-out><![CDATA[2023-08-28 09:34:35,316 [IPC Server handler 11 on default port 15107] INFO  ha.SequenceIdGenerator (SequenceIdGenerator.java:getNextId(140)) - Allocate a batch for delTxnId, change lastId from 0 to 1000.
2023-08-28 09:34:37,677 [BlockDeletingService#0] INFO  interfaces.ContainerDeletionChoosingPolicyTemplate (ContainerDeletionChoosingPolicyTemplate.java:chooseContainerForBlockDeletion(85)) - Chosen 0/5000 blocks from 0 candidate containers.
2023-08-28 09:34:37,959 [BlockDeletingService#0] INFO  interfaces.ContainerDeletionChoosingPolicyTemplate (ContainerDeletionChoosingPolicyTemplate.java:chooseContainerForBlockDeletion(85)) - Chosen 0/5000 blocks from 0 candidate containers.
2023-08-28 09:34:38,284 [BlockDeletingService#0] INFO  interfaces.ContainerDeletionChoosingPolicyTemplate (ContainerDeletionChoosingPolicyTemplate.java:chooseContainerForBlockDeletion(85)) - Chosen 0/5000 blocks from 0 candidate containers.
]]></system-out>
  </testcase>
  <testcase name="testListStatusOnLargeDirectory" classname="TestOzoneFileSystem" time="5.979"/>
  <testcase name="testFileSystemDeclaresCapability" classname="TestOzoneFileSystem" time="0.017"/>
  <testcase name="testFileSystemDeclaresCapability" classname="TestOzoneFileSystem" time="0.01"/>
  <testcase name="testFileSystemDeclaresCapability" classname="TestOzoneFileSystem" time="0.01"/>
  <testcase name="testFileSystemDeclaresCapability" classname="TestOzoneFileSystem" time="0.01"/>
  <testcase name="testCreateKeyShouldUseRefreshedBucketReplicationConfig" classname="TestOzoneFileSystem" time="0.373">
    <system-out><![CDATA[2023-08-28 09:32:17,466 [Time-limited test] INFO  rpc.RpcClient (RpcClient.java:createVolume(461)) - Creating Volume: volume82198, with user69018 as owner and space quota set to -1 bytes, counts quota set to -1
2023-08-28 09:32:17,473 [OM StateMachine ApplyTransaction Thread - 0] INFO  volume.OMVolumeCreateRequest (OMVolumeCreateRequest.java:validateAndUpdateCache(196)) - created volume:volume82198 for user:user69018
2023-08-28 09:32:17,475 [Time-limited test] INFO  rpc.RpcClient (RpcClient.java:createBucket(688)) - Creating Bucket: volume82198/bucket39976, with bucket layout LEGACY, runner as owner, Versioning false, Storage Type set to DISK and Encryption set to false, Replication Type set to server-side default replication type, Namespace Quota set to -1, Space Quota set to -1 
2023-08-28 09:32:17,477 [OM StateMachine ApplyTransaction Thread - 0] INFO  bucket.OMBucketCreateRequest (OMBucketCreateRequest.java:validateAndUpdateCache(270)) - created bucket: bucket39976 of layout LEGACY in volume: volume82198
2023-08-28 09:32:17,575 [IPC Server handler 14 on default port 15001] INFO  algorithms.SCMContainerPlacementRackScatter (SCMContainerPlacementRackScatter.java:chooseDatanodesInternal(362)) - Chosen nodes: [dcc8ddaa-5db1-4c5e-85ac-81412a5c6050(fv-az625-77.ififypym2nee5jib2gmjcfh3fc.bx.internal.cloudapp.net/10.1.0.27), 2b44ba7e-4447-49ac-8e23-11440ea2d57e(fv-az625-77.ififypym2nee5jib2gmjcfh3fc.bx.internal.cloudapp.net/10.1.0.27), 760c1559-1b0a-45ac-b6d7-a51714e01488(fv-az625-77.ififypym2nee5jib2gmjcfh3fc.bx.internal.cloudapp.net/10.1.0.27), c87c8152-e9d9-48d7-ae39-d5d54b797c29(fv-az625-77.ififypym2nee5jib2gmjcfh3fc.bx.internal.cloudapp.net/10.1.0.27), 4beee146-73ae-4cd4-94a1-e1eb5fcd7f02(fv-az625-77.ififypym2nee5jib2gmjcfh3fc.bx.internal.cloudapp.net/10.1.0.27)]. isPolicySatisfied: true.
2023-08-28 09:32:17,577 [IPC Server handler 14 on default port 15001] INFO  pipeline.WritableECContainerProvider (WritableECContainerProvider.java:allocateContainer(211)) - Created and opened new pipeline Pipeline[ Id: 042214a1-63af-4fc4-b12c-607ffb86d8d7, Nodes: dcc8ddaa-5db1-4c5e-85ac-81412a5c6050(fv-az625-77.ififypym2nee5jib2gmjcfh3fc.bx.internal.cloudapp.net/10.1.0.27)2b44ba7e-4447-49ac-8e23-11440ea2d57e(fv-az625-77.ififypym2nee5jib2gmjcfh3fc.bx.internal.cloudapp.net/10.1.0.27)760c1559-1b0a-45ac-b6d7-a51714e01488(fv-az625-77.ififypym2nee5jib2gmjcfh3fc.bx.internal.cloudapp.net/10.1.0.27)c87c8152-e9d9-48d7-ae39-d5d54b797c29(fv-az625-77.ififypym2nee5jib2gmjcfh3fc.bx.internal.cloudapp.net/10.1.0.27)4beee146-73ae-4cd4-94a1-e1eb5fcd7f02(fv-az625-77.ififypym2nee5jib2gmjcfh3fc.bx.internal.cloudapp.net/10.1.0.27), ReplicationConfig: EC{rs-3-2-1024k}, State:ALLOCATED, leaderId:, CreationTimestamp2023-08-28T09:32:17.575Z[Etc/UTC]]
2023-08-28 09:32:17,651 [Time-limited test] WARN  erasurecode.ErasureCodeNative (ErasureCodeNative.java:<clinit>(55)) - ISA-L support is not available in your platform... using builtin-java codec where applicable
2023-08-28 09:32:17,760 [IPC Server handler 5 on default port 15001] INFO  algorithms.SCMContainerPlacementRackScatter (SCMContainerPlacementRackScatter.java:chooseDatanodesInternal(362)) - Chosen nodes: [dcc8ddaa-5db1-4c5e-85ac-81412a5c6050(fv-az625-77.ififypym2nee5jib2gmjcfh3fc.bx.internal.cloudapp.net/10.1.0.27), c87c8152-e9d9-48d7-ae39-d5d54b797c29(fv-az625-77.ififypym2nee5jib2gmjcfh3fc.bx.internal.cloudapp.net/10.1.0.27), 760c1559-1b0a-45ac-b6d7-a51714e01488(fv-az625-77.ififypym2nee5jib2gmjcfh3fc.bx.internal.cloudapp.net/10.1.0.27), 2b44ba7e-4447-49ac-8e23-11440ea2d57e(fv-az625-77.ififypym2nee5jib2gmjcfh3fc.bx.internal.cloudapp.net/10.1.0.27), 4beee146-73ae-4cd4-94a1-e1eb5fcd7f02(fv-az625-77.ififypym2nee5jib2gmjcfh3fc.bx.internal.cloudapp.net/10.1.0.27)]. isPolicySatisfied: true.
2023-08-28 09:32:17,762 [IPC Server handler 5 on default port 15001] INFO  pipeline.WritableECContainerProvider (WritableECContainerProvider.java:allocateContainer(211)) - Created and opened new pipeline Pipeline[ Id: 3b7a697c-7e0a-494b-8293-308c92f7833c, Nodes: dcc8ddaa-5db1-4c5e-85ac-81412a5c6050(fv-az625-77.ififypym2nee5jib2gmjcfh3fc.bx.internal.cloudapp.net/10.1.0.27)c87c8152-e9d9-48d7-ae39-d5d54b797c29(fv-az625-77.ififypym2nee5jib2gmjcfh3fc.bx.internal.cloudapp.net/10.1.0.27)760c1559-1b0a-45ac-b6d7-a51714e01488(fv-az625-77.ififypym2nee5jib2gmjcfh3fc.bx.internal.cloudapp.net/10.1.0.27)2b44ba7e-4447-49ac-8e23-11440ea2d57e(fv-az625-77.ififypym2nee5jib2gmjcfh3fc.bx.internal.cloudapp.net/10.1.0.27)4beee146-73ae-4cd4-94a1-e1eb5fcd7f02(fv-az625-77.ififypym2nee5jib2gmjcfh3fc.bx.internal.cloudapp.net/10.1.0.27), ReplicationConfig: EC{rs-3-2-1024k}, State:ALLOCATED, leaderId:, CreationTimestamp2023-08-28T09:32:17.760Z[Etc/UTC]]
]]></system-out>
  </testcase>
  <testcase name="testCreateKeyShouldUseRefreshedBucketReplicationConfig" classname="TestOzoneFileSystem" time="0.122">
    <system-out><![CDATA[2023-08-28 09:33:25,807 [Time-limited test] INFO  rpc.RpcClient (RpcClient.java:createVolume(461)) - Creating Volume: volume49967, with user69627 as owner and space quota set to -1 bytes, counts quota set to -1
2023-08-28 09:33:25,808 [IPC Server handler 4 on default port 15057] INFO  volume.OMVolumeCreateRequest (OMVolumeCreateRequest.java:validateAndUpdateCache(196)) - created volume:volume49967 for user:user69627
2023-08-28 09:33:25,810 [Time-limited test] INFO  rpc.RpcClient (RpcClient.java:createBucket(688)) - Creating Bucket: volume49967/bucket91983, with bucket layout LEGACY, runner as owner, Versioning false, Storage Type set to DISK and Encryption set to false, Replication Type set to server-side default replication type, Namespace Quota set to -1, Space Quota set to -1 
2023-08-28 09:33:25,811 [IPC Server handler 0 on default port 15057] INFO  bucket.OMBucketCreateRequest (OMBucketCreateRequest.java:validateAndUpdateCache(270)) - created bucket: bucket91983 of layout LEGACY in volume: volume49967
2023-08-28 09:33:25,842 [IPC Server handler 8 on default port 15054] INFO  algorithms.SCMContainerPlacementRackScatter (SCMContainerPlacementRackScatter.java:chooseDatanodesInternal(362)) - Chosen nodes: [6fe57cde-2152-4119-ad90-dc528c983fae(fv-az625-77.ififypym2nee5jib2gmjcfh3fc.bx.internal.cloudapp.net/10.1.0.27), 454ab8f7-ff05-436e-934f-07f2970d48f1(fv-az625-77.ififypym2nee5jib2gmjcfh3fc.bx.internal.cloudapp.net/10.1.0.27), 8272f6d9-26a6-4075-a6fc-a782e633560b(fv-az625-77.ififypym2nee5jib2gmjcfh3fc.bx.internal.cloudapp.net/10.1.0.27), d600485d-b91b-41d8-8672-c913e6695d89(fv-az625-77.ififypym2nee5jib2gmjcfh3fc.bx.internal.cloudapp.net/10.1.0.27), 8f24c139-1988-4882-b4c4-ff44179a1ed0(fv-az625-77.ififypym2nee5jib2gmjcfh3fc.bx.internal.cloudapp.net/10.1.0.27)]. isPolicySatisfied: true.
2023-08-28 09:33:25,843 [IPC Server handler 8 on default port 15054] INFO  pipeline.WritableECContainerProvider (WritableECContainerProvider.java:allocateContainer(211)) - Created and opened new pipeline Pipeline[ Id: 948d1a02-39fd-42f2-a443-8ad280747bf3, Nodes: 6fe57cde-2152-4119-ad90-dc528c983fae(fv-az625-77.ififypym2nee5jib2gmjcfh3fc.bx.internal.cloudapp.net/10.1.0.27)454ab8f7-ff05-436e-934f-07f2970d48f1(fv-az625-77.ififypym2nee5jib2gmjcfh3fc.bx.internal.cloudapp.net/10.1.0.27)8272f6d9-26a6-4075-a6fc-a782e633560b(fv-az625-77.ififypym2nee5jib2gmjcfh3fc.bx.internal.cloudapp.net/10.1.0.27)d600485d-b91b-41d8-8672-c913e6695d89(fv-az625-77.ififypym2nee5jib2gmjcfh3fc.bx.internal.cloudapp.net/10.1.0.27)8f24c139-1988-4882-b4c4-ff44179a1ed0(fv-az625-77.ififypym2nee5jib2gmjcfh3fc.bx.internal.cloudapp.net/10.1.0.27), ReplicationConfig: EC{rs-3-2-1024k}, State:ALLOCATED, leaderId:, CreationTimestamp2023-08-28T09:33:25.842Z[Etc/UTC]]
2023-08-28 09:33:25,877 [IPC Server handler 14 on default port 15054] INFO  algorithms.SCMContainerPlacementRackScatter (SCMContainerPlacementRackScatter.java:chooseDatanodesInternal(362)) - Chosen nodes: [8f24c139-1988-4882-b4c4-ff44179a1ed0(fv-az625-77.ififypym2nee5jib2gmjcfh3fc.bx.internal.cloudapp.net/10.1.0.27), d600485d-b91b-41d8-8672-c913e6695d89(fv-az625-77.ififypym2nee5jib2gmjcfh3fc.bx.internal.cloudapp.net/10.1.0.27), 8272f6d9-26a6-4075-a6fc-a782e633560b(fv-az625-77.ififypym2nee5jib2gmjcfh3fc.bx.internal.cloudapp.net/10.1.0.27), 454ab8f7-ff05-436e-934f-07f2970d48f1(fv-az625-77.ififypym2nee5jib2gmjcfh3fc.bx.internal.cloudapp.net/10.1.0.27), 6fe57cde-2152-4119-ad90-dc528c983fae(fv-az625-77.ififypym2nee5jib2gmjcfh3fc.bx.internal.cloudapp.net/10.1.0.27)]. isPolicySatisfied: true.
2023-08-28 09:33:25,878 [IPC Server handler 14 on default port 15054] INFO  pipeline.WritableECContainerProvider (WritableECContainerProvider.java:allocateContainer(211)) - Created and opened new pipeline Pipeline[ Id: 5aed6a95-fbe3-41ce-8588-cead80589041, Nodes: 8f24c139-1988-4882-b4c4-ff44179a1ed0(fv-az625-77.ififypym2nee5jib2gmjcfh3fc.bx.internal.cloudapp.net/10.1.0.27)d600485d-b91b-41d8-8672-c913e6695d89(fv-az625-77.ififypym2nee5jib2gmjcfh3fc.bx.internal.cloudapp.net/10.1.0.27)8272f6d9-26a6-4075-a6fc-a782e633560b(fv-az625-77.ififypym2nee5jib2gmjcfh3fc.bx.internal.cloudapp.net/10.1.0.27)454ab8f7-ff05-436e-934f-07f2970d48f1(fv-az625-77.ififypym2nee5jib2gmjcfh3fc.bx.internal.cloudapp.net/10.1.0.27)6fe57cde-2152-4119-ad90-dc528c983fae(fv-az625-77.ififypym2nee5jib2gmjcfh3fc.bx.internal.cloudapp.net/10.1.0.27), ReplicationConfig: EC{rs-3-2-1024k}, State:ALLOCATED, leaderId:, CreationTimestamp2023-08-28T09:33:25.877Z[Etc/UTC]]
]]></system-out>
  </testcase>
  <testcase name="testCreateKeyShouldUseRefreshedBucketReplicationConfig" classname="TestOzoneFileSystem" time="0.138">
    <system-out><![CDATA[2023-08-28 09:34:38,332 [Time-limited test] INFO  rpc.RpcClient (RpcClient.java:createVolume(461)) - Creating Volume: volume55021, with user94322 as owner and space quota set to -1 bytes, counts quota set to -1
2023-08-28 09:34:38,333 [OM StateMachine ApplyTransaction Thread - 0] INFO  volume.OMVolumeCreateRequest (OMVolumeCreateRequest.java:validateAndUpdateCache(196)) - created volume:volume55021 for user:user94322
2023-08-28 09:34:38,335 [Time-limited test] INFO  rpc.RpcClient (RpcClient.java:createBucket(688)) - Creating Bucket: volume55021/bucket96949, with bucket layout LEGACY, runner as owner, Versioning false, Storage Type set to DISK and Encryption set to false, Replication Type set to server-side default replication type, Namespace Quota set to -1, Space Quota set to -1 
2023-08-28 09:34:38,337 [OM StateMachine ApplyTransaction Thread - 0] INFO  bucket.OMBucketCreateRequest (OMBucketCreateRequest.java:validateAndUpdateCache(270)) - created bucket: bucket96949 of layout LEGACY in volume: volume55021
2023-08-28 09:34:38,370 [IPC Server handler 10 on default port 15107] INFO  algorithms.SCMContainerPlacementRackScatter (SCMContainerPlacementRackScatter.java:chooseDatanodesInternal(362)) - Chosen nodes: [cd0f2c76-867f-4adb-98b4-ea19f4e614c4(fv-az625-77.ififypym2nee5jib2gmjcfh3fc.bx.internal.cloudapp.net/10.1.0.27), 41455824-df48-4b98-a96f-a0f226daf9c9(fv-az625-77.ififypym2nee5jib2gmjcfh3fc.bx.internal.cloudapp.net/10.1.0.27), 5e45d05c-e098-4a5b-a019-6f8f93701f04(fv-az625-77.ififypym2nee5jib2gmjcfh3fc.bx.internal.cloudapp.net/10.1.0.27), 80fac8df-d086-4186-9807-ed58a74d6c90(fv-az625-77.ififypym2nee5jib2gmjcfh3fc.bx.internal.cloudapp.net/10.1.0.27), 95288828-abab-422b-9e50-2ffffa7b82dd(fv-az625-77.ififypym2nee5jib2gmjcfh3fc.bx.internal.cloudapp.net/10.1.0.27)]. isPolicySatisfied: true.
2023-08-28 09:34:38,371 [IPC Server handler 10 on default port 15107] INFO  pipeline.WritableECContainerProvider (WritableECContainerProvider.java:allocateContainer(211)) - Created and opened new pipeline Pipeline[ Id: c4ff01e3-1b84-4193-aad9-fe01527ba952, Nodes: cd0f2c76-867f-4adb-98b4-ea19f4e614c4(fv-az625-77.ififypym2nee5jib2gmjcfh3fc.bx.internal.cloudapp.net/10.1.0.27)41455824-df48-4b98-a96f-a0f226daf9c9(fv-az625-77.ififypym2nee5jib2gmjcfh3fc.bx.internal.cloudapp.net/10.1.0.27)5e45d05c-e098-4a5b-a019-6f8f93701f04(fv-az625-77.ififypym2nee5jib2gmjcfh3fc.bx.internal.cloudapp.net/10.1.0.27)80fac8df-d086-4186-9807-ed58a74d6c90(fv-az625-77.ififypym2nee5jib2gmjcfh3fc.bx.internal.cloudapp.net/10.1.0.27)95288828-abab-422b-9e50-2ffffa7b82dd(fv-az625-77.ififypym2nee5jib2gmjcfh3fc.bx.internal.cloudapp.net/10.1.0.27), ReplicationConfig: EC{rs-3-2-1024k}, State:ALLOCATED, leaderId:, CreationTimestamp2023-08-28T09:34:38.370Z[Etc/UTC]]
2023-08-28 09:34:38,405 [IPC Server handler 19 on default port 15107] INFO  algorithms.SCMContainerPlacementRackScatter (SCMContainerPlacementRackScatter.java:chooseDatanodesInternal(362)) - Chosen nodes: [80fac8df-d086-4186-9807-ed58a74d6c90(fv-az625-77.ififypym2nee5jib2gmjcfh3fc.bx.internal.cloudapp.net/10.1.0.27), cd0f2c76-867f-4adb-98b4-ea19f4e614c4(fv-az625-77.ififypym2nee5jib2gmjcfh3fc.bx.internal.cloudapp.net/10.1.0.27), 41455824-df48-4b98-a96f-a0f226daf9c9(fv-az625-77.ififypym2nee5jib2gmjcfh3fc.bx.internal.cloudapp.net/10.1.0.27), 95288828-abab-422b-9e50-2ffffa7b82dd(fv-az625-77.ififypym2nee5jib2gmjcfh3fc.bx.internal.cloudapp.net/10.1.0.27), 5e45d05c-e098-4a5b-a019-6f8f93701f04(fv-az625-77.ififypym2nee5jib2gmjcfh3fc.bx.internal.cloudapp.net/10.1.0.27)]. isPolicySatisfied: true.
2023-08-28 09:34:38,407 [IPC Server handler 19 on default port 15107] INFO  pipeline.WritableECContainerProvider (WritableECContainerProvider.java:allocateContainer(211)) - Created and opened new pipeline Pipeline[ Id: 3f43007d-2d2f-4ece-92de-1a099084fb80, Nodes: 80fac8df-d086-4186-9807-ed58a74d6c90(fv-az625-77.ififypym2nee5jib2gmjcfh3fc.bx.internal.cloudapp.net/10.1.0.27)cd0f2c76-867f-4adb-98b4-ea19f4e614c4(fv-az625-77.ififypym2nee5jib2gmjcfh3fc.bx.internal.cloudapp.net/10.1.0.27)41455824-df48-4b98-a96f-a0f226daf9c9(fv-az625-77.ififypym2nee5jib2gmjcfh3fc.bx.internal.cloudapp.net/10.1.0.27)95288828-abab-422b-9e50-2ffffa7b82dd(fv-az625-77.ififypym2nee5jib2gmjcfh3fc.bx.internal.cloudapp.net/10.1.0.27)5e45d05c-e098-4a5b-a019-6f8f93701f04(fv-az625-77.ififypym2nee5jib2gmjcfh3fc.bx.internal.cloudapp.net/10.1.0.27), ReplicationConfig: EC{rs-3-2-1024k}, State:ALLOCATED, leaderId:, CreationTimestamp2023-08-28T09:34:38.405Z[Etc/UTC]]
]]></system-out>
  </testcase>
  <testcase name="testCreateKeyShouldUseRefreshedBucketReplicationConfig" classname="TestOzoneFileSystem" time="0.124">
    <system-out><![CDATA[2023-08-28 09:35:42,306 [Time-limited test] INFO  rpc.RpcClient (RpcClient.java:createVolume(461)) - Creating Volume: volume99946, with user01863 as owner and space quota set to -1 bytes, counts quota set to -1
2023-08-28 09:35:42,307 [IPC Server handler 1 on default port 15163] INFO  volume.OMVolumeCreateRequest (OMVolumeCreateRequest.java:validateAndUpdateCache(196)) - created volume:volume99946 for user:user01863
2023-08-28 09:35:42,308 [Time-limited test] INFO  rpc.RpcClient (RpcClient.java:createBucket(688)) - Creating Bucket: volume99946/bucket43476, with bucket layout LEGACY, runner as owner, Versioning false, Storage Type set to DISK and Encryption set to false, Replication Type set to server-side default replication type, Namespace Quota set to -1, Space Quota set to -1 
2023-08-28 09:35:42,308 [IPC Server handler 3 on default port 15163] INFO  bucket.OMBucketCreateRequest (OMBucketCreateRequest.java:validateAndUpdateCache(270)) - created bucket: bucket43476 of layout LEGACY in volume: volume99946
2023-08-28 09:35:42,337 [IPC Server handler 9 on default port 15160] INFO  algorithms.SCMContainerPlacementRackScatter (SCMContainerPlacementRackScatter.java:chooseDatanodesInternal(362)) - Chosen nodes: [2121e5cf-c9a2-43bb-b1d5-56f983d54b52(fv-az625-77.ififypym2nee5jib2gmjcfh3fc.bx.internal.cloudapp.net/10.1.0.27), 420b2733-082d-40f5-8baf-45346d279295(fv-az625-77.ififypym2nee5jib2gmjcfh3fc.bx.internal.cloudapp.net/10.1.0.27), ef3a886b-561e-496b-b271-3b32784cf0be(fv-az625-77.ififypym2nee5jib2gmjcfh3fc.bx.internal.cloudapp.net/10.1.0.27), 269fa438-bc78-433d-911d-e020a0e24055(fv-az625-77.ififypym2nee5jib2gmjcfh3fc.bx.internal.cloudapp.net/10.1.0.27), a19c494f-397f-4b39-bf2c-38c439f3a5ad(fv-az625-77.ififypym2nee5jib2gmjcfh3fc.bx.internal.cloudapp.net/10.1.0.27)]. isPolicySatisfied: true.
2023-08-28 09:35:42,339 [IPC Server handler 9 on default port 15160] INFO  pipeline.WritableECContainerProvider (WritableECContainerProvider.java:allocateContainer(211)) - Created and opened new pipeline Pipeline[ Id: 912a55b7-89b5-4591-95f0-975b1a48ae2a, Nodes: 2121e5cf-c9a2-43bb-b1d5-56f983d54b52(fv-az625-77.ififypym2nee5jib2gmjcfh3fc.bx.internal.cloudapp.net/10.1.0.27)420b2733-082d-40f5-8baf-45346d279295(fv-az625-77.ififypym2nee5jib2gmjcfh3fc.bx.internal.cloudapp.net/10.1.0.27)ef3a886b-561e-496b-b271-3b32784cf0be(fv-az625-77.ififypym2nee5jib2gmjcfh3fc.bx.internal.cloudapp.net/10.1.0.27)269fa438-bc78-433d-911d-e020a0e24055(fv-az625-77.ififypym2nee5jib2gmjcfh3fc.bx.internal.cloudapp.net/10.1.0.27)a19c494f-397f-4b39-bf2c-38c439f3a5ad(fv-az625-77.ififypym2nee5jib2gmjcfh3fc.bx.internal.cloudapp.net/10.1.0.27), ReplicationConfig: EC{rs-3-2-1024k}, State:ALLOCATED, leaderId:, CreationTimestamp2023-08-28T09:35:42.338Z[Etc/UTC]]
2023-08-28 09:35:42,371 [IPC Server handler 0 on default port 15160] INFO  algorithms.SCMContainerPlacementRackScatter (SCMContainerPlacementRackScatter.java:chooseDatanodesInternal(362)) - Chosen nodes: [269fa438-bc78-433d-911d-e020a0e24055(fv-az625-77.ififypym2nee5jib2gmjcfh3fc.bx.internal.cloudapp.net/10.1.0.27), ef3a886b-561e-496b-b271-3b32784cf0be(fv-az625-77.ififypym2nee5jib2gmjcfh3fc.bx.internal.cloudapp.net/10.1.0.27), 2121e5cf-c9a2-43bb-b1d5-56f983d54b52(fv-az625-77.ififypym2nee5jib2gmjcfh3fc.bx.internal.cloudapp.net/10.1.0.27), a19c494f-397f-4b39-bf2c-38c439f3a5ad(fv-az625-77.ififypym2nee5jib2gmjcfh3fc.bx.internal.cloudapp.net/10.1.0.27), 420b2733-082d-40f5-8baf-45346d279295(fv-az625-77.ififypym2nee5jib2gmjcfh3fc.bx.internal.cloudapp.net/10.1.0.27)]. isPolicySatisfied: true.
2023-08-28 09:35:42,372 [IPC Server handler 0 on default port 15160] INFO  pipeline.WritableECContainerProvider (WritableECContainerProvider.java:allocateContainer(211)) - Created and opened new pipeline Pipeline[ Id: e6045e6e-fff4-4771-ae1d-5c4f6be6ca13, Nodes: 269fa438-bc78-433d-911d-e020a0e24055(fv-az625-77.ififypym2nee5jib2gmjcfh3fc.bx.internal.cloudapp.net/10.1.0.27)ef3a886b-561e-496b-b271-3b32784cf0be(fv-az625-77.ififypym2nee5jib2gmjcfh3fc.bx.internal.cloudapp.net/10.1.0.27)2121e5cf-c9a2-43bb-b1d5-56f983d54b52(fv-az625-77.ififypym2nee5jib2gmjcfh3fc.bx.internal.cloudapp.net/10.1.0.27)a19c494f-397f-4b39-bf2c-38c439f3a5ad(fv-az625-77.ififypym2nee5jib2gmjcfh3fc.bx.internal.cloudapp.net/10.1.0.27)420b2733-082d-40f5-8baf-45346d279295(fv-az625-77.ififypym2nee5jib2gmjcfh3fc.bx.internal.cloudapp.net/10.1.0.27), ReplicationConfig: EC{rs-3-2-1024k}, State:ALLOCATED, leaderId:, CreationTimestamp2023-08-28T09:35:42.371Z[Etc/UTC]]
]]></system-out>
  </testcase>
  <testcase name="testListStatusIteratorOnRoot" classname="TestOzoneFileSystem" time="0.042"/>
  <testcase name="testListStatusIteratorOnRoot" classname="TestOzoneFileSystem" time="0.025"/>
  <testcase name="testListStatusIteratorOnRoot" classname="TestOzoneFileSystem" time="0.036"/>
  <testcase name="testListStatusIteratorOnRoot" classname="TestOzoneFileSystem" time="0.032"/>
  <testcase name="testRenameDirToFile" classname="TestOzoneFileSystem" time="0.044">
    <system-out><![CDATA[2023-08-28 09:32:17,872 [Time-limited test] WARN  ozone.BasicOzoneFileSystem (BasicOzoneFileSystem.java:rename(459)) - Failed to rename o3fs://bucket05606.volume76952/a/b/c to o3fs://bucket05606.volume76952/root/file1, file already exists!
]]></system-out>
  </testcase>
  <testcase name="testRenameDirToFile" classname="TestOzoneFileSystem" time="0.023">
    <system-out><![CDATA[2023-08-28 09:33:25,947 [Time-limited test] WARN  ozone.BasicOzoneFileSystem (BasicOzoneFileSystem.java:rename(459)) - Failed to rename o3fs://bucket62222.volume78214/a/b/c to o3fs://bucket62222.volume78214/root/file1, file already exists!
]]></system-out>
  </testcase>
  <testcase name="testRenameDirToFile" classname="TestOzoneFileSystem" time="0.037">
    <system-out><![CDATA[2023-08-28 09:34:38,498 [Time-limited test] WARN  ozone.BasicOzoneFileSystem (BasicOzoneFileSystem.java:rename(459)) - Failed to rename o3fs://bucket03907.volume01359/a/b/c to o3fs://bucket03907.volume01359/root/file1, file already exists!
]]></system-out>
  </testcase>
  <testcase name="testRenameDirToFile" classname="TestOzoneFileSystem" time="0.04">
    <system-out><![CDATA[2023-08-28 09:35:42,460 [Time-limited test] WARN  ozone.BasicOzoneFileSystem (BasicOzoneFileSystem.java:rename(459)) - Failed to rename o3fs://bucket71984.volume82570/a/b/c to o3fs://bucket71984.volume82570/root/file1, file already exists!
]]></system-out>
  </testcase>
  <testcase name="testRenameToNewSubDirShouldNotExist" classname="TestOzoneFileSystem" time="0.064">
    <system-out><![CDATA[2023-08-28 09:32:17,918 [Time-limited test] WARN  ozone.BasicOzoneFileSystem (BasicOzoneFileSystem.java:rename(453)) - Failed to rename o3fs://bucket05606.volume76952/a to o3fs://bucket05606.volume76952/b/a, file already exists or not empty!
2023-08-28 09:32:17,936 [Time-limited test] WARN  ozone.BasicOzoneFileSystem (BasicOzoneFileSystem.java:rename(453)) - Failed to rename o3fs://bucket05606.volume76952/file1 to o3fs://bucket05606.volume76952/a/file1, file already exists or not empty!
]]></system-out>
  </testcase>
  <testcase name="testRenameToNewSubDirShouldNotExist" classname="TestOzoneFileSystem" time="0.041">
    <system-out><![CDATA[2023-08-28 09:33:25,971 [Time-limited test] WARN  ozone.BasicOzoneFileSystem (BasicOzoneFileSystem.java:rename(453)) - Failed to rename o3fs://bucket62222.volume78214/a to o3fs://bucket62222.volume78214/b/a, file already exists or not empty!
2023-08-28 09:33:25,986 [Time-limited test] WARN  ozone.BasicOzoneFileSystem (BasicOzoneFileSystem.java:rename(453)) - Failed to rename o3fs://bucket62222.volume78214/file1 to o3fs://bucket62222.volume78214/a/file1, file already exists or not empty!
]]></system-out>
  </testcase>
  <testcase name="testRenameToNewSubDirShouldNotExist" classname="TestOzoneFileSystem" time="0.055">
    <system-out><![CDATA[2023-08-28 09:34:38,538 [Time-limited test] WARN  ozone.BasicOzoneFileSystem (BasicOzoneFileSystem.java:rename(453)) - Failed to rename o3fs://bucket03907.volume01359/a to o3fs://bucket03907.volume01359/b/a, file already exists or not empty!
2023-08-28 09:34:38,548 [BlockDeletingService#0] INFO  interfaces.ContainerDeletionChoosingPolicyTemplate (ContainerDeletionChoosingPolicyTemplate.java:chooseContainerForBlockDeletion(85)) - Chosen 0/5000 blocks from 0 candidate containers.
2023-08-28 09:34:38,555 [Time-limited test] WARN  ozone.BasicOzoneFileSystem (BasicOzoneFileSystem.java:rename(453)) - Failed to rename o3fs://bucket03907.volume01359/file1 to o3fs://bucket03907.volume01359/a/file1, file already exists or not empty!
]]></system-out>
  </testcase>
  <testcase name="testRenameToNewSubDirShouldNotExist" classname="TestOzoneFileSystem" time="0.043">
    <system-out><![CDATA[2023-08-28 09:35:42,495 [Time-limited test] WARN  ozone.BasicOzoneFileSystem (BasicOzoneFileSystem.java:rename(453)) - Failed to rename o3fs://bucket71984.volume82570/a to o3fs://bucket71984.volume82570/b/a, file already exists or not empty!
2023-08-28 09:35:42,506 [Time-limited test] WARN  ozone.BasicOzoneFileSystem (BasicOzoneFileSystem.java:rename(453)) - Failed to rename o3fs://bucket71984.volume82570/file1 to o3fs://bucket71984.volume82570/a/file1, file already exists or not empty!
]]></system-out>
  </testcase>
  <testcase name="testListStatusOnLargeDirectoryForACLCheck" classname="TestOzoneFileSystem" time="4.205">
    <system-out><![CDATA[2023-08-28 09:32:21,789 [JvmPauseMonitor3] WARN  util.JvmPauseMonitor (JvmPauseMonitor.java:detectPause(124)) - JvmPauseMonitor-dcc8ddaa-5db1-4c5e-85ac-81412a5c6050: Detected pause in JVM or host machine approximately 0.136s with 0.225s GC time.
GC pool 'PS Scavenge' had collection(s): count=1 time=225ms
2023-08-28 09:32:21,789 [JvmPauseMonitor1] WARN  util.JvmPauseMonitor (JvmPauseMonitor.java:detectPause(124)) - JvmPauseMonitor-om1: Detected pause in JVM or host machine approximately 0.160s with 0.225s GC time.
GC pool 'PS Scavenge' had collection(s): count=1 time=225ms
2023-08-28 09:32:21,789 [JvmPauseMonitor6] WARN  util.JvmPauseMonitor (JvmPauseMonitor.java:detectPause(124)) - JvmPauseMonitor-c87c8152-e9d9-48d7-ae39-d5d54b797c29: Detected pause in JVM or host machine approximately 0.156s with 0.225s GC time.
GC pool 'PS Scavenge' had collection(s): count=1 time=225ms
2023-08-28 09:32:21,790 [JvmPauseMonitor5] WARN  util.JvmPauseMonitor (JvmPauseMonitor.java:detectPause(124)) - JvmPauseMonitor-760c1559-1b0a-45ac-b6d7-a51714e01488: Detected pause in JVM or host machine approximately 0.162s with 0.225s GC time.
GC pool 'PS Scavenge' had collection(s): count=1 time=225ms
2023-08-28 09:32:21,790 [JvmPauseMonitor4] WARN  util.JvmPauseMonitor (JvmPauseMonitor.java:detectPause(124)) - JvmPauseMonitor-4beee146-73ae-4cd4-94a1-e1eb5fcd7f02: Detected pause in JVM or host machine approximately 0.165s with 0.225s GC time.
GC pool 'PS Scavenge' had collection(s): count=1 time=225ms
2023-08-28 09:32:22,040 [om1-client-thread1] INFO  segmented.SegmentedRaftLogWorker (SegmentedRaftLogWorker.java:rollLogSegment(452)) - om1@group-C5BA1605619E-SegmentedRaftLogWorker: Rolling segment log-0_36866 to index:36866
2023-08-28 09:32:22,041 [om1@group-C5BA1605619E-SegmentedRaftLogWorker] INFO  segmented.SegmentedRaftLogWorker (SegmentedRaftLogWorker.java:execute(608)) - om1@group-C5BA1605619E-SegmentedRaftLogWorker: Rolled log segment from /home/runner/work/ozone/ozone/hadoop-ozone/integration-test/target/test-dir/MiniOzoneClusterImpl-56d16ed0-cc7e-4f87-bd63-81d84e7eb885/ozone-meta/ratis/bf265839-605b-3f16-9796-c5ba1605619e/current/log_inprogress_0 to /home/runner/work/ozone/ozone/hadoop-ozone/integration-test/target/test-dir/MiniOzoneClusterImpl-56d16ed0-cc7e-4f87-bd63-81d84e7eb885/ozone-meta/ratis/bf265839-605b-3f16-9796-c5ba1605619e/current/log_0-36866
2023-08-28 09:32:22,053 [om1@group-C5BA1605619E-SegmentedRaftLogWorker] INFO  segmented.SegmentedRaftLogWorker (SegmentedRaftLogWorker.java:execute(651)) - om1@group-C5BA1605619E-SegmentedRaftLogWorker: created new log segment /home/runner/work/ozone/ozone/hadoop-ozone/integration-test/target/test-dir/MiniOzoneClusterImpl-56d16ed0-cc7e-4f87-bd63-81d84e7eb885/ozone-meta/ratis/bf265839-605b-3f16-9796-c5ba1605619e/current/log_inprogress_36867
]]></system-out>
  </testcase>
  <testcase name="testListStatusOnLargeDirectoryForACLCheck" classname="TestOzoneFileSystem" time="2.312">
    <system-out><![CDATA[2023-08-28 09:33:27,781 [IPC Server handler 3 on default port 15054] INFO  ha.SequenceIdGenerator (SequenceIdGenerator.java:getNextId(140)) - Allocate a batch for delTxnId, change lastId from 0 to 1000.
]]></system-out>
  </testcase>
  <testcase name="testListStatusOnLargeDirectoryForACLCheck" classname="TestOzoneFileSystem" time="3.046">
    <system-out><![CDATA[2023-08-28 09:34:38,842 [BlockDeletingService#0] INFO  interfaces.ContainerDeletionChoosingPolicyTemplate (ContainerDeletionChoosingPolicyTemplate.java:chooseContainerForBlockDeletion(85)) - Chosen 0/5000 blocks from 0 candidate containers.
2023-08-28 09:34:41,526 [om1-client-thread1] INFO  segmented.SegmentedRaftLogWorker (SegmentedRaftLogWorker.java:rollLogSegment(452)) - om1@group-C5BA1605619E-SegmentedRaftLogWorker: Rolling segment log-0_36838 to index:36838
2023-08-28 09:34:41,527 [om1@group-C5BA1605619E-SegmentedRaftLogWorker] INFO  segmented.SegmentedRaftLogWorker (SegmentedRaftLogWorker.java:execute(608)) - om1@group-C5BA1605619E-SegmentedRaftLogWorker: Rolled log segment from /home/runner/work/ozone/ozone/hadoop-ozone/integration-test/target/test-dir/MiniOzoneClusterImpl-ff034f8e-8080-4075-bf38-01537132cba4/ozone-meta/ratis/bf265839-605b-3f16-9796-c5ba1605619e/current/log_inprogress_0 to /home/runner/work/ozone/ozone/hadoop-ozone/integration-test/target/test-dir/MiniOzoneClusterImpl-ff034f8e-8080-4075-bf38-01537132cba4/ozone-meta/ratis/bf265839-605b-3f16-9796-c5ba1605619e/current/log_0-36838
2023-08-28 09:34:41,539 [om1@group-C5BA1605619E-SegmentedRaftLogWorker] INFO  segmented.SegmentedRaftLogWorker (SegmentedRaftLogWorker.java:execute(651)) - om1@group-C5BA1605619E-SegmentedRaftLogWorker: created new log segment /home/runner/work/ozone/ozone/hadoop-ozone/integration-test/target/test-dir/MiniOzoneClusterImpl-ff034f8e-8080-4075-bf38-01537132cba4/ozone-meta/ratis/bf265839-605b-3f16-9796-c5ba1605619e/current/log_inprogress_36839
]]></system-out>
  </testcase>
  <testcase name="testListStatusOnLargeDirectoryForACLCheck" classname="TestOzoneFileSystem" time="2.74"/>
  <testcase name="testRenameFileToDir" classname="TestOzoneFileSystem" time="0.064">
    <system-out><![CDATA[09:32:22.187 [IPC Server handler 13 on default port 15004] ERROR OMAudit - user=runner | ip=127.0.0.1 | op=LIST_STATUS {volume=volume76952, bucket=bucket05606, key=a/b/c/file1, dataSize=0, replicationConfig=null} | ret=FAILURE
org.apache.hadoop.ozone.om.exceptions.OMException: Unable to get file status: volume: volume76952 bucket: bucket05606 key: a/b/c/file1
	at org.apache.hadoop.ozone.om.KeyManagerImpl.getOzoneFileStatus(KeyManagerImpl.java:1195) ~[ozone-manager-1.4.0-SNAPSHOT.jar:?]
	at org.apache.hadoop.ozone.om.KeyManagerImpl.getFileStatus(KeyManagerImpl.java:1113) ~[ozone-manager-1.4.0-SNAPSHOT.jar:?]
	at org.apache.hadoop.ozone.om.KeyManagerImpl.listStatus(KeyManagerImpl.java:1505) ~[ozone-manager-1.4.0-SNAPSHOT.jar:?]
	at org.apache.hadoop.ozone.om.OmMetadataReader.listStatus(OmMetadataReader.java:235) ~[ozone-manager-1.4.0-SNAPSHOT.jar:?]
	at org.apache.hadoop.ozone.om.OzoneManager.listStatus(OzoneManager.java:3543) ~[ozone-manager-1.4.0-SNAPSHOT.jar:?]
	at org.apache.hadoop.ozone.protocolPB.OzoneManagerRequestHandler.listStatus(OzoneManagerRequestHandler.java:1145) ~[ozone-manager-1.4.0-SNAPSHOT.jar:?]
	at org.apache.hadoop.ozone.protocolPB.OzoneManagerRequestHandler.handleReadRequest(OzoneManagerRequestHandler.java:263) ~[ozone-manager-1.4.0-SNAPSHOT.jar:?]
	at org.apache.hadoop.ozone.protocolPB.OzoneManagerProtocolServerSideTranslatorPB.submitReadRequestToOM(OzoneManagerProtocolServerSideTranslatorPB.java:225) ~[ozone-manager-1.4.0-SNAPSHOT.jar:?]
	at org.apache.hadoop.ozone.protocolPB.OzoneManagerProtocolServerSideTranslatorPB.processRequest(OzoneManagerProtocolServerSideTranslatorPB.java:179) ~[ozone-manager-1.4.0-SNAPSHOT.jar:?]
	at org.apache.hadoop.hdds.server.OzoneProtocolMessageDispatcher.processRequest(OzoneProtocolMessageDispatcher.java:87) [hdds-server-framework-1.4.0-SNAPSHOT.jar:?]
	at org.apache.hadoop.ozone.protocolPB.OzoneManagerProtocolServerSideTranslatorPB.submitRequest(OzoneManagerProtocolServerSideTranslatorPB.java:148) [ozone-manager-1.4.0-SNAPSHOT.jar:?]
	at org.apache.hadoop.ozone.protocol.proto.OzoneManagerProtocolProtos$OzoneManagerService$2.callBlockingMethod(OzoneManagerProtocolProtos.java) [ozone-interface-client-1.4.0-SNAPSHOT.jar:?]
	at org.apache.hadoop.ipc.ProtobufRpcEngine$Server.processCall(ProtobufRpcEngine.java:484) [hadoop-common-3.3.6.jar:?]
	at org.apache.hadoop.ipc.ProtobufRpcEngine2$Server$ProtoBufRpcInvoker.call(ProtobufRpcEngine2.java:595) [hadoop-common-3.3.6.jar:?]
	at org.apache.hadoop.ipc.ProtobufRpcEngine2$Server$ProtoBufRpcInvoker.call(ProtobufRpcEngine2.java:573) [hadoop-common-3.3.6.jar:?]
	at org.apache.hadoop.ipc.RPC$Server.call(RPC.java:1227) [hadoop-common-3.3.6.jar:?]
	at org.apache.hadoop.ipc.Server$RpcCall.run(Server.java:1094) [hadoop-common-3.3.6.jar:?]
	at org.apache.hadoop.ipc.Server$RpcCall.run(Server.java:1017) [hadoop-common-3.3.6.jar:?]
	at java.security.AccessController.doPrivileged(Native Method) ~[?:1.8.0_382]
	at javax.security.auth.Subject.doAs(Subject.java:422) [?:1.8.0_382]
	at org.apache.hadoop.security.UserGroupInformation.doAs(UserGroupInformation.java:1899) [hadoop-common-3.3.6.jar:?]
	at org.apache.hadoop.ipc.Server$Handler.run(Server.java:3048) [hadoop-common-3.3.6.jar:?]
]]></system-out>
  </testcase>
  <testcase name="testRenameFileToDir" classname="TestOzoneFileSystem" time="0.039">
    <system-out><![CDATA[09:33:28.327 [IPC Server handler 18 on default port 15057] ERROR OMAudit - user=runner | ip=127.0.0.1 | op=LIST_STATUS {volume=volume78214, bucket=bucket62222, key=a/b/c/file1, dataSize=0, replicationConfig=null} | ret=FAILURE
org.apache.hadoop.ozone.om.exceptions.OMException: Unable to get file status: volume: volume78214 bucket: bucket62222 key: a/b/c/file1
	at org.apache.hadoop.ozone.om.KeyManagerImpl.getOzoneFileStatus(KeyManagerImpl.java:1195) ~[ozone-manager-1.4.0-SNAPSHOT.jar:?]
	at org.apache.hadoop.ozone.om.KeyManagerImpl.getFileStatus(KeyManagerImpl.java:1113) ~[ozone-manager-1.4.0-SNAPSHOT.jar:?]
	at org.apache.hadoop.ozone.om.KeyManagerImpl.listStatus(KeyManagerImpl.java:1505) ~[ozone-manager-1.4.0-SNAPSHOT.jar:?]
	at org.apache.hadoop.ozone.om.OmMetadataReader.listStatus(OmMetadataReader.java:235) ~[ozone-manager-1.4.0-SNAPSHOT.jar:?]
	at org.apache.hadoop.ozone.om.OzoneManager.listStatus(OzoneManager.java:3543) ~[ozone-manager-1.4.0-SNAPSHOT.jar:?]
	at org.apache.hadoop.ozone.protocolPB.OzoneManagerRequestHandler.listStatus(OzoneManagerRequestHandler.java:1145) ~[ozone-manager-1.4.0-SNAPSHOT.jar:?]
	at org.apache.hadoop.ozone.protocolPB.OzoneManagerRequestHandler.handleReadRequest(OzoneManagerRequestHandler.java:263) ~[ozone-manager-1.4.0-SNAPSHOT.jar:?]
	at org.apache.hadoop.ozone.protocolPB.OzoneManagerProtocolServerSideTranslatorPB.submitRequestDirectlyToOM(OzoneManagerProtocolServerSideTranslatorPB.java:274) ~[ozone-manager-1.4.0-SNAPSHOT.jar:?]
	at org.apache.hadoop.ozone.protocolPB.OzoneManagerProtocolServerSideTranslatorPB.processRequest(OzoneManagerProtocolServerSideTranslatorPB.java:175) ~[ozone-manager-1.4.0-SNAPSHOT.jar:?]
	at org.apache.hadoop.hdds.server.OzoneProtocolMessageDispatcher.processRequest(OzoneProtocolMessageDispatcher.java:87) [hdds-server-framework-1.4.0-SNAPSHOT.jar:?]
	at org.apache.hadoop.ozone.protocolPB.OzoneManagerProtocolServerSideTranslatorPB.submitRequest(OzoneManagerProtocolServerSideTranslatorPB.java:148) [ozone-manager-1.4.0-SNAPSHOT.jar:?]
	at org.apache.hadoop.ozone.protocol.proto.OzoneManagerProtocolProtos$OzoneManagerService$2.callBlockingMethod(OzoneManagerProtocolProtos.java) [ozone-interface-client-1.4.0-SNAPSHOT.jar:?]
	at org.apache.hadoop.ipc.ProtobufRpcEngine$Server.processCall(ProtobufRpcEngine.java:484) [hadoop-common-3.3.6.jar:?]
	at org.apache.hadoop.ipc.ProtobufRpcEngine2$Server$ProtoBufRpcInvoker.call(ProtobufRpcEngine2.java:595) [hadoop-common-3.3.6.jar:?]
	at org.apache.hadoop.ipc.ProtobufRpcEngine2$Server$ProtoBufRpcInvoker.call(ProtobufRpcEngine2.java:573) [hadoop-common-3.3.6.jar:?]
	at org.apache.hadoop.ipc.RPC$Server.call(RPC.java:1227) [hadoop-common-3.3.6.jar:?]
	at org.apache.hadoop.ipc.Server$RpcCall.run(Server.java:1094) [hadoop-common-3.3.6.jar:?]
	at org.apache.hadoop.ipc.Server$RpcCall.run(Server.java:1017) [hadoop-common-3.3.6.jar:?]
	at java.security.AccessController.doPrivileged(Native Method) ~[?:1.8.0_382]
	at javax.security.auth.Subject.doAs(Subject.java:422) [?:1.8.0_382]
	at org.apache.hadoop.security.UserGroupInformation.doAs(UserGroupInformation.java:1899) [hadoop-common-3.3.6.jar:?]
	at org.apache.hadoop.ipc.Server$Handler.run(Server.java:3048) [hadoop-common-3.3.6.jar:?]
]]></system-out>
  </testcase>
  <testcase name="testRenameFileToDir" classname="TestOzoneFileSystem" time="0.049">
    <system-out><![CDATA[09:34:41.640 [IPC Server handler 7 on default port 15110] ERROR OMAudit - user=runner | ip=127.0.0.1 | op=LIST_STATUS {volume=volume01359, bucket=bucket03907, key=a/b/c/file1, dataSize=0, replicationConfig=null} | ret=FAILURE
org.apache.hadoop.ozone.om.exceptions.OMException: Unable to get file status: volume: volume01359 bucket: bucket03907 key: a/b/c/file1
	at org.apache.hadoop.ozone.om.KeyManagerImpl.getOzoneFileStatus(KeyManagerImpl.java:1195) ~[ozone-manager-1.4.0-SNAPSHOT.jar:?]
	at org.apache.hadoop.ozone.om.KeyManagerImpl.getFileStatus(KeyManagerImpl.java:1113) ~[ozone-manager-1.4.0-SNAPSHOT.jar:?]
	at org.apache.hadoop.ozone.om.KeyManagerImpl.listStatus(KeyManagerImpl.java:1505) ~[ozone-manager-1.4.0-SNAPSHOT.jar:?]
	at org.apache.hadoop.ozone.om.OmMetadataReader.listStatus(OmMetadataReader.java:235) ~[ozone-manager-1.4.0-SNAPSHOT.jar:?]
	at org.apache.hadoop.ozone.om.OzoneManager.listStatus(OzoneManager.java:3543) ~[ozone-manager-1.4.0-SNAPSHOT.jar:?]
	at org.apache.hadoop.ozone.protocolPB.OzoneManagerRequestHandler.listStatus(OzoneManagerRequestHandler.java:1145) ~[ozone-manager-1.4.0-SNAPSHOT.jar:?]
	at org.apache.hadoop.ozone.protocolPB.OzoneManagerRequestHandler.handleReadRequest(OzoneManagerRequestHandler.java:263) ~[ozone-manager-1.4.0-SNAPSHOT.jar:?]
	at org.apache.hadoop.ozone.protocolPB.OzoneManagerProtocolServerSideTranslatorPB.submitReadRequestToOM(OzoneManagerProtocolServerSideTranslatorPB.java:225) ~[ozone-manager-1.4.0-SNAPSHOT.jar:?]
	at org.apache.hadoop.ozone.protocolPB.OzoneManagerProtocolServerSideTranslatorPB.processRequest(OzoneManagerProtocolServerSideTranslatorPB.java:179) ~[ozone-manager-1.4.0-SNAPSHOT.jar:?]
	at org.apache.hadoop.hdds.server.OzoneProtocolMessageDispatcher.processRequest(OzoneProtocolMessageDispatcher.java:87) [hdds-server-framework-1.4.0-SNAPSHOT.jar:?]
	at org.apache.hadoop.ozone.protocolPB.OzoneManagerProtocolServerSideTranslatorPB.submitRequest(OzoneManagerProtocolServerSideTranslatorPB.java:148) [ozone-manager-1.4.0-SNAPSHOT.jar:?]
	at org.apache.hadoop.ozone.protocol.proto.OzoneManagerProtocolProtos$OzoneManagerService$2.callBlockingMethod(OzoneManagerProtocolProtos.java) [ozone-interface-client-1.4.0-SNAPSHOT.jar:?]
	at org.apache.hadoop.ipc.ProtobufRpcEngine$Server.processCall(ProtobufRpcEngine.java:484) [hadoop-common-3.3.6.jar:?]
	at org.apache.hadoop.ipc.ProtobufRpcEngine2$Server$ProtoBufRpcInvoker.call(ProtobufRpcEngine2.java:595) [hadoop-common-3.3.6.jar:?]
	at org.apache.hadoop.ipc.ProtobufRpcEngine2$Server$ProtoBufRpcInvoker.call(ProtobufRpcEngine2.java:573) [hadoop-common-3.3.6.jar:?]
	at org.apache.hadoop.ipc.RPC$Server.call(RPC.java:1227) [hadoop-common-3.3.6.jar:?]
	at org.apache.hadoop.ipc.Server$RpcCall.run(Server.java:1094) [hadoop-common-3.3.6.jar:?]
	at org.apache.hadoop.ipc.Server$RpcCall.run(Server.java:1017) [hadoop-common-3.3.6.jar:?]
	at java.security.AccessController.doPrivileged(Native Method) ~[?:1.8.0_382]
	at javax.security.auth.Subject.doAs(Subject.java:422) [?:1.8.0_382]
	at org.apache.hadoop.security.UserGroupInformation.doAs(UserGroupInformation.java:1899) [hadoop-common-3.3.6.jar:?]
	at org.apache.hadoop.ipc.Server$Handler.run(Server.java:3048) [hadoop-common-3.3.6.jar:?]
]]></system-out>
  </testcase>
  <testcase name="testRenameFileToDir" classname="TestOzoneFileSystem" time="0.041">
    <system-out><![CDATA[09:35:45.277 [IPC Server handler 6 on default port 15163] ERROR OMAudit - user=runner | ip=127.0.0.1 | op=LIST_STATUS {volume=volume82570, bucket=bucket71984, key=a/b/c/file1, dataSize=0, replicationConfig=null} | ret=FAILURE
org.apache.hadoop.ozone.om.exceptions.OMException: Unable to get file status: volume: volume82570 bucket: bucket71984 key: a/b/c/file1
	at org.apache.hadoop.ozone.om.KeyManagerImpl.getOzoneFileStatus(KeyManagerImpl.java:1195) ~[ozone-manager-1.4.0-SNAPSHOT.jar:?]
	at org.apache.hadoop.ozone.om.KeyManagerImpl.getFileStatus(KeyManagerImpl.java:1113) ~[ozone-manager-1.4.0-SNAPSHOT.jar:?]
	at org.apache.hadoop.ozone.om.KeyManagerImpl.listStatus(KeyManagerImpl.java:1505) ~[ozone-manager-1.4.0-SNAPSHOT.jar:?]
	at org.apache.hadoop.ozone.om.OmMetadataReader.listStatus(OmMetadataReader.java:235) ~[ozone-manager-1.4.0-SNAPSHOT.jar:?]
	at org.apache.hadoop.ozone.om.OzoneManager.listStatus(OzoneManager.java:3543) ~[ozone-manager-1.4.0-SNAPSHOT.jar:?]
	at org.apache.hadoop.ozone.protocolPB.OzoneManagerRequestHandler.listStatus(OzoneManagerRequestHandler.java:1145) ~[ozone-manager-1.4.0-SNAPSHOT.jar:?]
	at org.apache.hadoop.ozone.protocolPB.OzoneManagerRequestHandler.handleReadRequest(OzoneManagerRequestHandler.java:263) ~[ozone-manager-1.4.0-SNAPSHOT.jar:?]
	at org.apache.hadoop.ozone.protocolPB.OzoneManagerProtocolServerSideTranslatorPB.submitRequestDirectlyToOM(OzoneManagerProtocolServerSideTranslatorPB.java:274) ~[ozone-manager-1.4.0-SNAPSHOT.jar:?]
	at org.apache.hadoop.ozone.protocolPB.OzoneManagerProtocolServerSideTranslatorPB.processRequest(OzoneManagerProtocolServerSideTranslatorPB.java:175) ~[ozone-manager-1.4.0-SNAPSHOT.jar:?]
	at org.apache.hadoop.hdds.server.OzoneProtocolMessageDispatcher.processRequest(OzoneProtocolMessageDispatcher.java:87) [hdds-server-framework-1.4.0-SNAPSHOT.jar:?]
	at org.apache.hadoop.ozone.protocolPB.OzoneManagerProtocolServerSideTranslatorPB.submitRequest(OzoneManagerProtocolServerSideTranslatorPB.java:148) [ozone-manager-1.4.0-SNAPSHOT.jar:?]
	at org.apache.hadoop.ozone.protocol.proto.OzoneManagerProtocolProtos$OzoneManagerService$2.callBlockingMethod(OzoneManagerProtocolProtos.java) [ozone-interface-client-1.4.0-SNAPSHOT.jar:?]
	at org.apache.hadoop.ipc.ProtobufRpcEngine$Server.processCall(ProtobufRpcEngine.java:484) [hadoop-common-3.3.6.jar:?]
	at org.apache.hadoop.ipc.ProtobufRpcEngine2$Server$ProtoBufRpcInvoker.call(ProtobufRpcEngine2.java:595) [hadoop-common-3.3.6.jar:?]
	at org.apache.hadoop.ipc.ProtobufRpcEngine2$Server$ProtoBufRpcInvoker.call(ProtobufRpcEngine2.java:573) [hadoop-common-3.3.6.jar:?]
	at org.apache.hadoop.ipc.RPC$Server.call(RPC.java:1227) [hadoop-common-3.3.6.jar:?]
	at org.apache.hadoop.ipc.Server$RpcCall.run(Server.java:1094) [hadoop-common-3.3.6.jar:?]
	at org.apache.hadoop.ipc.Server$RpcCall.run(Server.java:1017) [hadoop-common-3.3.6.jar:?]
	at java.security.AccessController.doPrivileged(Native Method) ~[?:1.8.0_382]
	at javax.security.auth.Subject.doAs(Subject.java:422) [?:1.8.0_382]
	at org.apache.hadoop.security.UserGroupInformation.doAs(UserGroupInformation.java:1899) [hadoop-common-3.3.6.jar:?]
	at org.apache.hadoop.ipc.Server$Handler.run(Server.java:3048) [hadoop-common-3.3.6.jar:?]
]]></system-out>
  </testcase>
  <testcase name="testListStatusWithIntermediateDirWithECEnabled" classname="TestOzoneFileSystem" time="0.041">
    <system-out><![CDATA[2023-08-28 09:32:22,234 [IPC Server handler 4 on default port 15001] INFO  algorithms.SCMContainerPlacementRackScatter (SCMContainerPlacementRackScatter.java:chooseDatanodesInternal(362)) - Chosen nodes: [c87c8152-e9d9-48d7-ae39-d5d54b797c29(fv-az625-77.ififypym2nee5jib2gmjcfh3fc.bx.internal.cloudapp.net/10.1.0.27), 4beee146-73ae-4cd4-94a1-e1eb5fcd7f02(fv-az625-77.ififypym2nee5jib2gmjcfh3fc.bx.internal.cloudapp.net/10.1.0.27), 2b44ba7e-4447-49ac-8e23-11440ea2d57e(fv-az625-77.ififypym2nee5jib2gmjcfh3fc.bx.internal.cloudapp.net/10.1.0.27), dcc8ddaa-5db1-4c5e-85ac-81412a5c6050(fv-az625-77.ififypym2nee5jib2gmjcfh3fc.bx.internal.cloudapp.net/10.1.0.27), 760c1559-1b0a-45ac-b6d7-a51714e01488(fv-az625-77.ififypym2nee5jib2gmjcfh3fc.bx.internal.cloudapp.net/10.1.0.27)]. isPolicySatisfied: true.
2023-08-28 09:32:22,236 [IPC Server handler 4 on default port 15001] INFO  pipeline.WritableECContainerProvider (WritableECContainerProvider.java:allocateContainer(211)) - Created and opened new pipeline Pipeline[ Id: 9d99e6d5-c39b-406b-bd49-7baa64fd2d04, Nodes: c87c8152-e9d9-48d7-ae39-d5d54b797c29(fv-az625-77.ififypym2nee5jib2gmjcfh3fc.bx.internal.cloudapp.net/10.1.0.27)4beee146-73ae-4cd4-94a1-e1eb5fcd7f02(fv-az625-77.ififypym2nee5jib2gmjcfh3fc.bx.internal.cloudapp.net/10.1.0.27)2b44ba7e-4447-49ac-8e23-11440ea2d57e(fv-az625-77.ififypym2nee5jib2gmjcfh3fc.bx.internal.cloudapp.net/10.1.0.27)dcc8ddaa-5db1-4c5e-85ac-81412a5c6050(fv-az625-77.ififypym2nee5jib2gmjcfh3fc.bx.internal.cloudapp.net/10.1.0.27)760c1559-1b0a-45ac-b6d7-a51714e01488(fv-az625-77.ififypym2nee5jib2gmjcfh3fc.bx.internal.cloudapp.net/10.1.0.27), ReplicationConfig: EC{rs-3-2-1024k}, State:ALLOCATED, leaderId:, CreationTimestamp2023-08-28T09:32:22.235Z[Etc/UTC]]
]]></system-out>
  </testcase>
  <testcase name="testListStatusWithIntermediateDirWithECEnabled" classname="TestOzoneFileSystem" time="0.031">
    <system-out><![CDATA[2023-08-28 09:33:28,358 [IPC Server handler 2 on default port 15054] INFO  algorithms.SCMContainerPlacementRackScatter (SCMContainerPlacementRackScatter.java:chooseDatanodesInternal(362)) - Chosen nodes: [d600485d-b91b-41d8-8672-c913e6695d89(fv-az625-77.ififypym2nee5jib2gmjcfh3fc.bx.internal.cloudapp.net/10.1.0.27), 6fe57cde-2152-4119-ad90-dc528c983fae(fv-az625-77.ififypym2nee5jib2gmjcfh3fc.bx.internal.cloudapp.net/10.1.0.27), 8272f6d9-26a6-4075-a6fc-a782e633560b(fv-az625-77.ififypym2nee5jib2gmjcfh3fc.bx.internal.cloudapp.net/10.1.0.27), 8f24c139-1988-4882-b4c4-ff44179a1ed0(fv-az625-77.ififypym2nee5jib2gmjcfh3fc.bx.internal.cloudapp.net/10.1.0.27), 454ab8f7-ff05-436e-934f-07f2970d48f1(fv-az625-77.ififypym2nee5jib2gmjcfh3fc.bx.internal.cloudapp.net/10.1.0.27)]. isPolicySatisfied: true.
2023-08-28 09:33:28,360 [IPC Server handler 2 on default port 15054] INFO  pipeline.WritableECContainerProvider (WritableECContainerProvider.java:allocateContainer(211)) - Created and opened new pipeline Pipeline[ Id: 3d4b4caa-e4cb-42cb-92cf-dd47646644d3, Nodes: d600485d-b91b-41d8-8672-c913e6695d89(fv-az625-77.ififypym2nee5jib2gmjcfh3fc.bx.internal.cloudapp.net/10.1.0.27)6fe57cde-2152-4119-ad90-dc528c983fae(fv-az625-77.ififypym2nee5jib2gmjcfh3fc.bx.internal.cloudapp.net/10.1.0.27)8272f6d9-26a6-4075-a6fc-a782e633560b(fv-az625-77.ififypym2nee5jib2gmjcfh3fc.bx.internal.cloudapp.net/10.1.0.27)8f24c139-1988-4882-b4c4-ff44179a1ed0(fv-az625-77.ififypym2nee5jib2gmjcfh3fc.bx.internal.cloudapp.net/10.1.0.27)454ab8f7-ff05-436e-934f-07f2970d48f1(fv-az625-77.ififypym2nee5jib2gmjcfh3fc.bx.internal.cloudapp.net/10.1.0.27), ReplicationConfig: EC{rs-3-2-1024k}, State:ALLOCATED, leaderId:, CreationTimestamp2023-08-28T09:33:28.359Z[Etc/UTC]]
]]></system-out>
  </testcase>
  <testcase name="testListStatusWithIntermediateDirWithECEnabled" classname="TestOzoneFileSystem" time="0.032">
    <system-out><![CDATA[2023-08-28 09:34:41,677 [IPC Server handler 18 on default port 15107] INFO  algorithms.SCMContainerPlacementRackScatter (SCMContainerPlacementRackScatter.java:chooseDatanodesInternal(362)) - Chosen nodes: [95288828-abab-422b-9e50-2ffffa7b82dd(fv-az625-77.ififypym2nee5jib2gmjcfh3fc.bx.internal.cloudapp.net/10.1.0.27), 5e45d05c-e098-4a5b-a019-6f8f93701f04(fv-az625-77.ififypym2nee5jib2gmjcfh3fc.bx.internal.cloudapp.net/10.1.0.27), 41455824-df48-4b98-a96f-a0f226daf9c9(fv-az625-77.ififypym2nee5jib2gmjcfh3fc.bx.internal.cloudapp.net/10.1.0.27), cd0f2c76-867f-4adb-98b4-ea19f4e614c4(fv-az625-77.ififypym2nee5jib2gmjcfh3fc.bx.internal.cloudapp.net/10.1.0.27), 80fac8df-d086-4186-9807-ed58a74d6c90(fv-az625-77.ififypym2nee5jib2gmjcfh3fc.bx.internal.cloudapp.net/10.1.0.27)]. isPolicySatisfied: true.
2023-08-28 09:34:41,679 [IPC Server handler 18 on default port 15107] INFO  pipeline.WritableECContainerProvider (WritableECContainerProvider.java:allocateContainer(211)) - Created and opened new pipeline Pipeline[ Id: bf47d978-29c0-4266-9bbf-c88666dd60d2, Nodes: 95288828-abab-422b-9e50-2ffffa7b82dd(fv-az625-77.ififypym2nee5jib2gmjcfh3fc.bx.internal.cloudapp.net/10.1.0.27)5e45d05c-e098-4a5b-a019-6f8f93701f04(fv-az625-77.ififypym2nee5jib2gmjcfh3fc.bx.internal.cloudapp.net/10.1.0.27)41455824-df48-4b98-a96f-a0f226daf9c9(fv-az625-77.ififypym2nee5jib2gmjcfh3fc.bx.internal.cloudapp.net/10.1.0.27)cd0f2c76-867f-4adb-98b4-ea19f4e614c4(fv-az625-77.ififypym2nee5jib2gmjcfh3fc.bx.internal.cloudapp.net/10.1.0.27)80fac8df-d086-4186-9807-ed58a74d6c90(fv-az625-77.ififypym2nee5jib2gmjcfh3fc.bx.internal.cloudapp.net/10.1.0.27), ReplicationConfig: EC{rs-3-2-1024k}, State:ALLOCATED, leaderId:, CreationTimestamp2023-08-28T09:34:41.677Z[Etc/UTC]]
]]></system-out>
  </testcase>
  <testcase name="testListStatusWithIntermediateDirWithECEnabled" classname="TestOzoneFileSystem" time="0.033">
    <system-out><![CDATA[2023-08-28 09:35:45,314 [IPC Server handler 9 on default port 15160] INFO  algorithms.SCMContainerPlacementRackScatter (SCMContainerPlacementRackScatter.java:chooseDatanodesInternal(362)) - Chosen nodes: [420b2733-082d-40f5-8baf-45346d279295(fv-az625-77.ififypym2nee5jib2gmjcfh3fc.bx.internal.cloudapp.net/10.1.0.27), 2121e5cf-c9a2-43bb-b1d5-56f983d54b52(fv-az625-77.ififypym2nee5jib2gmjcfh3fc.bx.internal.cloudapp.net/10.1.0.27), a19c494f-397f-4b39-bf2c-38c439f3a5ad(fv-az625-77.ififypym2nee5jib2gmjcfh3fc.bx.internal.cloudapp.net/10.1.0.27), 269fa438-bc78-433d-911d-e020a0e24055(fv-az625-77.ififypym2nee5jib2gmjcfh3fc.bx.internal.cloudapp.net/10.1.0.27), ef3a886b-561e-496b-b271-3b32784cf0be(fv-az625-77.ififypym2nee5jib2gmjcfh3fc.bx.internal.cloudapp.net/10.1.0.27)]. isPolicySatisfied: true.
2023-08-28 09:35:45,315 [IPC Server handler 9 on default port 15160] INFO  pipeline.WritableECContainerProvider (WritableECContainerProvider.java:allocateContainer(211)) - Created and opened new pipeline Pipeline[ Id: c50fb6f0-5d47-4d75-a2ad-c9363bd876fb, Nodes: 420b2733-082d-40f5-8baf-45346d279295(fv-az625-77.ififypym2nee5jib2gmjcfh3fc.bx.internal.cloudapp.net/10.1.0.27)2121e5cf-c9a2-43bb-b1d5-56f983d54b52(fv-az625-77.ififypym2nee5jib2gmjcfh3fc.bx.internal.cloudapp.net/10.1.0.27)a19c494f-397f-4b39-bf2c-38c439f3a5ad(fv-az625-77.ififypym2nee5jib2gmjcfh3fc.bx.internal.cloudapp.net/10.1.0.27)269fa438-bc78-433d-911d-e020a0e24055(fv-az625-77.ififypym2nee5jib2gmjcfh3fc.bx.internal.cloudapp.net/10.1.0.27)ef3a886b-561e-496b-b271-3b32784cf0be(fv-az625-77.ififypym2nee5jib2gmjcfh3fc.bx.internal.cloudapp.net/10.1.0.27), ReplicationConfig: EC{rs-3-2-1024k}, State:ALLOCATED, leaderId:, CreationTimestamp2023-08-28T09:35:45.314Z[Etc/UTC]]
]]></system-out>
  </testcase>
  <testcase name="testMakeDirsWithAnExistingDirectoryPath" classname="TestOzoneFileSystem" time="0.03"/>
  <testcase name="testMakeDirsWithAnExistingDirectoryPath" classname="TestOzoneFileSystem" time="0.038"/>
  <testcase name="testMakeDirsWithAnExistingDirectoryPath" classname="TestOzoneFileSystem" time="0.035"/>
  <testcase name="testMakeDirsWithAnExistingDirectoryPath" classname="TestOzoneFileSystem" time="0.025"/>
  <testcase name="testSetTimes" classname="TestOzoneFileSystem" time="0.155"/>
  <testcase name="testSetTimes" classname="TestOzoneFileSystem" time="0.064"/>
  <testcase name="testSetTimes" classname="TestOzoneFileSystem" time="0.113">
    <failure type="java.lang.AssertionError"><![CDATA[java.lang.AssertionError: Delete root failed! expected:<0> but was:<1>
	at org.junit.Assert.fail(Assert.java:89)
	at org.junit.Assert.failNotEquals(Assert.java:835)
	at org.junit.Assert.assertEquals(Assert.java:647)
	at org.apache.hadoop.fs.ozone.TestOzoneFileSystem.deleteRootDir(TestOzoneFileSystem.java:807)
	at org.apache.hadoop.fs.ozone.TestOzoneFileSystem.cleanup(TestOzoneFileSystem.java:230)
	at sun.reflect.GeneratedMethodAccessor47.invoke(Unknown Source)
	at sun.reflect.DelegatingMethodAccessorImpl.invoke(DelegatingMethodAccessorImpl.java:43)
	at java.lang.reflect.Method.invoke(Method.java:498)
	at org.junit.runners.model.FrameworkMethod$1.runReflectiveCall(FrameworkMethod.java:59)
	at org.junit.internal.runners.model.ReflectiveCallable.run(ReflectiveCallable.java:12)
	at org.junit.runners.model.FrameworkMethod.invokeExplosively(FrameworkMethod.java:56)
	at org.junit.internal.runners.statements.RunAfters.invokeMethod(RunAfters.java:46)
	at org.junit.internal.runners.statements.RunAfters.evaluate(RunAfters.java:33)
	at org.junit.internal.runners.statements.FailOnTimeout$CallableStatement.call(FailOnTimeout.java:288)
	at org.junit.internal.runners.statements.FailOnTimeout$CallableStatement.call(FailOnTimeout.java:282)
	at java.util.concurrent.FutureTask.run(FutureTask.java:266)
	at java.lang.Thread.run(Thread.java:750)
]]></failure>
  </testcase>
  <testcase name="testSetTimes" classname="TestOzoneFileSystem" time="0.082"/>
</testsuite>