<?xml version="1.0" encoding="UTF-8"?>
<testsuite xmlns:xsi="http://www.w3.org/2001/XMLSchema-instance" xsi:noNamespaceSchemaLocation="https://maven.apache.org/surefire/maven-surefire-plugin/xsd/surefire-test-report.xsd" name="org.apache.hadoop.hdds.scm.pipeline.TestPipelineClose" time="146.074" tests="4" errors="0" skipped="0" failures="1">
  <properties>
    <property name="awt.toolkit" value="sun.awt.X11.XToolkit"/>
    <property name="file.encoding.pkg" value="sun.io"/>
    <property name="java.specification.version" value="1.8"/>
    <property name="sun.cpu.isalist" value=""/>
    <property name="sun.jnu.encoding" value="UTF-8"/>
    <property name="java.class.path" value="/home/runner/work/ozone/ozone/mnt/ozone/hadoop-ozone/integration-test/target/test-classes:/home/runner/work/ozone/ozone/mnt/ozone/hadoop-ozone/integration-test/target/classes:/home/runner/.m2/repository/org/apache/ozone/ozone-common/1.2.0-SNAPSHOT/ozone-common-1.2.0-SNAPSHOT.jar:/home/runner/.m2/repository/org/apache/commons/commons-compress/1.20/commons-compress-1.20.jar:/home/runner/.m2/repository/org/apache/ozone/hdds-common/1.2.0-SNAPSHOT/hdds-common-1.2.0-SNAPSHOT.jar:/home/runner/.m2/repository/org/apache/ozone/hdds-client/1.2.0-SNAPSHOT/hdds-client-1.2.0-SNAPSHOT.jar:/home/runner/.m2/repository/org/apache/ozone/ozone-interface-client/1.2.0-SNAPSHOT/ozone-interface-client-1.2.0-SNAPSHOT.jar:/home/runner/.m2/repository/org/apache/ozone/hdds-server-framework/1.2.0-SNAPSHOT/hdds-server-framework-1.2.0-SNAPSHOT.jar:/home/runner/.m2/repository/org/apache/ozone/hdds-interface-server/1.2.0-SNAPSHOT/hdds-interface-server-1.2.0-SNAPSHOT.jar:/home/runner/.m2/repository/org/eclipse/jetty/jetty-servlet/9.4.35.v20201120/jetty-servlet-9.4.35.v20201120.jar:/home/runner/.m2/repository/org/eclipse/jetty/jetty-security/9.4.35.v20201120/jetty-security-9.4.35.v20201120.jar:/home/runner/.m2/repository/org/rocksdb/rocksdbjni/6.20.3/rocksdbjni-6.20.3.jar:/home/runner/.m2/repository/io/prometheus/simpleclient_dropwizard/0.7.0/simpleclient_dropwizard-0.7.0.jar:/home/runner/.m2/repository/io/prometheus/simpleclient/0.7.0/simpleclient-0.7.0.jar:/home/runner/.m2/repository/io/prometheus/simpleclient_common/0.7.0/simpleclient_common-0.7.0.jar:/home/runner/.m2/repository/com/fasterxml/jackson/datatype/jackson-datatype-jsr310/2.12.1/jackson-datatype-jsr310-2.12.1.jar:/home/runner/.m2/repository/org/apache/ozone/hdds-test-utils/1.2.0-SNAPSHOT/hdds-test-utils-1.2.0-SNAPSHOT.jar:/home/runner/.m2/repository/com/google/guava/guava/30.1.1-jre/guava-30.1.1-jre.jar:/home/runner/.m2/repository/com/google/guava/failureaccess/1.0.1/failureaccess-1.0.1.jar:/home/runner/.m2/repository/com/google/guava/listenablefuture/9999.0-empty-to-avoid-conflict-with-guava/listenablefuture-9999.0-empty-to-avoid-conflict-with-guava.jar:/home/runner/.m2/repository/com/google/code/findbugs/jsr305/3.0.0/jsr305-3.0.0.jar:/home/runner/.m2/repository/org/checkerframework/checker-qual/3.8.0/checker-qual-3.8.0.jar:/home/runner/.m2/repository/com/google/errorprone/error_prone_annotations/2.2.0/error_prone_annotations-2.2.0.jar:/home/runner/.m2/repository/com/google/j2objc/j2objc-annotations/1.3/j2objc-annotations-1.3.jar:/home/runner/.m2/repository/commons-io/commons-io/2.8.0/commons-io-2.8.0.jar:/home/runner/.m2/repository/commons-logging/commons-logging/1.2/commons-logging-1.2.jar:/home/runner/.m2/repository/log4j/log4j/1.2.17/log4j-1.2.17.jar:/home/runner/.m2/repository/org/slf4j/slf4j-api/1.7.30/slf4j-api-1.7.30.jar:/home/runner/.m2/repository/org/apache/ozone/hdds-server-scm/1.2.0-SNAPSHOT/hdds-server-scm-1.2.0-SNAPSHOT.jar:/home/runner/.m2/repository/org/apache/ozone/hdds-container-service/1.2.0-SNAPSHOT/hdds-container-service-1.2.0-SNAPSHOT.jar:/home/runner/.m2/repository/org/apache/ozone/hdds-hadoop-dependency-server/1.2.0-SNAPSHOT/hdds-hadoop-dependency-server-1.2.0-SNAPSHOT.jar:/home/runner/.m2/repository/org/apache/hadoop/hadoop-hdfs/3.3.1/hadoop-hdfs-3.3.1.jar:/home/runner/.m2/repository/io/dropwizard/metrics/metrics-core/3.2.4/metrics-core-3.2.4.jar:/home/runner/.m2/repository/org/apache/hadoop/hadoop-hdfs-client/3.3.1/hadoop-hdfs-client-3.3.1.jar:/home/runner/.m2/repository/org/bouncycastle/bcprov-jdk15on/1.67/bcprov-jdk15on-1.67.jar:/home/runner/.m2/repository/com/google/protobuf/protobuf-java/2.5.0/protobuf-java-2.5.0.jar:/home/runner/.m2/repository/org/apache/ozone/ozone-manager/1.2.0-SNAPSHOT/ozone-manager-1.2.0-SNAPSHOT.jar:/home/runner/.m2/repository/org/aspectj/aspectjrt/1.8.9/aspectjrt-1.8.9.jar:/home/runner/.m2/repository/org/aspectj/aspectjweaver/1.8.9/aspectjweaver-1.8.9.jar:/home/runner/.m2/repository/org/apache/ozone/hdds-interface-client/1.2.0-SNAPSHOT/hdds-interface-client-1.2.0-SNAPSHOT.jar:/home/runner/.m2/repository/org/apache/hadoop/thirdparty/hadoop-shaded-protobuf_3_7/1.1.1/hadoop-shaded-protobuf_3_7-1.1.1.jar:/home/runner/.m2/repository/org/apache/ratis/ratis-thirdparty-misc/0.7.0/ratis-thirdparty-misc-0.7.0.jar:/home/runner/.m2/repository/org/apache/ozone/ozone-interface-storage/1.2.0-SNAPSHOT/ozone-interface-storage-1.2.0-SNAPSHOT.jar:/home/runner/.m2/repository/org/reflections/reflections/0.9.11/reflections-0.9.11.jar:/home/runner/.m2/repository/org/apache/hadoop/hadoop-minikdc/3.3.1/hadoop-minikdc-3.3.1.jar:/home/runner/.m2/repository/org/apache/kerby/kerb-simplekdc/1.0.1/kerb-simplekdc-1.0.1.jar:/home/runner/.m2/repository/org/apache/kerby/kerb-client/1.0.1/kerb-client-1.0.1.jar:/home/runner/.m2/repository/org/apache/kerby/kerby-config/1.0.1/kerby-config-1.0.1.jar:/home/runner/.m2/repository/org/apache/kerby/kerb-common/1.0.1/kerb-common-1.0.1.jar:/home/runner/.m2/repository/org/apache/kerby/kerb-crypto/1.0.1/kerb-crypto-1.0.1.jar:/home/runner/.m2/repository/org/apache/kerby/kerb-util/1.0.1/kerb-util-1.0.1.jar:/home/runner/.m2/repository/org/apache/kerby/token-provider/1.0.1/token-provider-1.0.1.jar:/home/runner/.m2/repository/org/apache/kerby/kerb-admin/1.0.1/kerb-admin-1.0.1.jar:/home/runner/.m2/repository/org/apache/kerby/kerb-server/1.0.1/kerb-server-1.0.1.jar:/home/runner/.m2/repository/org/apache/kerby/kerb-identity/1.0.1/kerb-identity-1.0.1.jar:/home/runner/.m2/repository/org/apache/kerby/kerby-xdr/1.0.1/kerby-xdr-1.0.1.jar:/home/runner/.m2/repository/org/slf4j/slf4j-log4j12/1.7.30/slf4j-log4j12-1.7.30.jar:/home/runner/.m2/repository/org/apache/ozone/ozone-s3gateway/1.2.0-SNAPSHOT/ozone-s3gateway-1.2.0-SNAPSHOT.jar:/home/runner/.m2/repository/org/javassist/javassist/3.21.0-GA/javassist-3.21.0-GA.jar:/home/runner/.m2/repository/org/jboss/weld/servlet/weld-servlet/2.4.7.Final/weld-servlet-2.4.7.Final.jar:/home/runner/.m2/repository/org/glassfish/jersey/containers/jersey-container-servlet-core/2.33/jersey-container-servlet-core-2.33.jar:/home/runner/.m2/repository/org/glassfish/hk2/external/jakarta.inject/2.6.1/jakarta.inject-2.6.1.jar:/home/runner/.m2/repository/org/glassfish/jersey/core/jersey-common/2.33/jersey-common-2.33.jar:/home/runner/.m2/repository/jakarta/ws/rs/jakarta.ws.rs-api/2.1.6/jakarta.ws.rs-api-2.1.6.jar:/home/runner/.m2/repository/org/glassfish/jersey/ext/cdi/jersey-cdi1x/2.33/jersey-cdi1x-2.33.jar:/home/runner/.m2/repository/org/glassfish/jersey/inject/jersey-hk2/2.33/jersey-hk2-2.33.jar:/home/runner/.m2/repository/org/glassfish/hk2/hk2-locator/2.6.1/hk2-locator-2.6.1.jar:/home/runner/.m2/repository/org/glassfish/jersey/media/jersey-media-jaxb/2.33/jersey-media-jaxb-2.33.jar:/home/runner/.m2/repository/org/glassfish/hk2/osgi-resource-locator/1.0.3/osgi-resource-locator-1.0.3.jar:/home/runner/.m2/repository/org/glassfish/hk2/hk2-api/2.5.0/hk2-api-2.5.0.jar:/home/runner/.m2/repository/org/glassfish/hk2/hk2-utils/2.5.0/hk2-utils-2.5.0.jar:/home/runner/.m2/repository/org/glassfish/hk2/external/aopalliance-repackaged/2.5.0/aopalliance-repackaged-2.5.0.jar:/home/runner/.m2/repository/com/fasterxml/jackson/dataformat/jackson-dataformat-xml/2.12.1/jackson-dataformat-xml-2.12.1.jar:/home/runner/.m2/repository/com/fasterxml/jackson/core/jackson-core/2.12.1/jackson-core-2.12.1.jar:/home/runner/.m2/repository/com/fasterxml/jackson/module/jackson-module-jaxb-annotations/2.12.1/jackson-module-jaxb-annotations-2.12.1.jar:/home/runner/.m2/repository/jakarta/xml/bind/jakarta.xml.bind-api/2.3.2/jakarta.xml.bind-api-2.3.2.jar:/home/runner/.m2/repository/org/codehaus/woodstox/stax2-api/3.1.4/stax2-api-3.1.4.jar:/home/runner/.m2/repository/com/fasterxml/woodstox/woodstox-core/5.0.3/woodstox-core-5.0.3.jar:/home/runner/.m2/repository/javax/enterprise/cdi-api/1.2/cdi-api-1.2.jar:/home/runner/.m2/repository/javax/el/javax.el-api/3.0.0/javax.el-api-3.0.0.jar:/home/runner/.m2/repository/javax/interceptor/javax.interceptor-api/1.2/javax.interceptor-api-1.2.jar:/home/runner/.m2/repository/javax/inject/javax.inject/1/javax.inject-1.jar:/home/runner/.m2/repository/javax/xml/bind/jaxb-api/2.3.0/jaxb-api-2.3.0.jar:/home/runner/.m2/repository/org/glassfish/jaxb/jaxb-runtime/2.3.0.1/jaxb-runtime-2.3.0.1.jar:/home/runner/.m2/repository/org/glassfish/jaxb/jaxb-core/2.3.0.1/jaxb-core-2.3.0.1.jar:/home/runner/.m2/repository/org/glassfish/jaxb/txw2/2.3.0.1/txw2-2.3.0.1.jar:/home/runner/.m2/repository/com/sun/istack/istack-commons-runtime/3.0.5/istack-commons-runtime-3.0.5.jar:/home/runner/.m2/repository/org/jvnet/staxex/stax-ex/1.7.8/stax-ex-1.7.8.jar:/home/runner/.m2/repository/com/sun/xml/fastinfoset/FastInfoset/1.2.13/FastInfoset-1.2.13.jar:/home/runner/.m2/repository/javax/activation/activation/1.1.1/activation-1.1.1.jar:/home/runner/.m2/repository/org/apache/ozone/ozone-csi/1.2.0-SNAPSHOT/ozone-csi-1.2.0-SNAPSHOT.jar:/home/runner/.m2/repository/com/google/protobuf/protobuf-java-util/3.12.0/protobuf-java-util-3.12.0.jar:/home/runner/.m2/repository/com/google/code/gson/gson/2.2.4/gson-2.2.4.jar:/home/runner/.m2/repository/org/apache/ozone/hdds-config/1.2.0-SNAPSHOT/hdds-config-1.2.0-SNAPSHOT.jar:/home/runner/.m2/repository/io/grpc/grpc-netty/1.33.0/grpc-netty-1.33.0.jar:/home/runner/.m2/repository/io/grpc/grpc-core/1.33.0/grpc-core-1.33.0.jar:/home/runner/.m2/repository/com/google/android/annotations/4.1.1.4/annotations-4.1.1.4.jar:/home/runner/.m2/repository/io/netty/netty-codec-http2/4.1.63.Final/netty-codec-http2-4.1.63.Final.jar:/home/runner/.m2/repository/io/netty/netty-codec-http/4.1.63.Final/netty-codec-http-4.1.63.Final.jar:/home/runner/.m2/repository/io/netty/netty-handler-proxy/4.1.63.Final/netty-handler-proxy-4.1.63.Final.jar:/home/runner/.m2/repository/io/netty/netty-codec-socks/4.1.63.Final/netty-codec-socks-4.1.63.Final.jar:/home/runner/.m2/repository/io/perfmark/perfmark-api/0.19.0/perfmark-api-0.19.0.jar:/home/runner/.m2/repository/org/codehaus/mojo/animal-sniffer-annotations/1.18/animal-sniffer-annotations-1.18.jar:/home/runner/.m2/repository/io/netty/netty-transport-native-epoll/4.1.63.Final/netty-transport-native-epoll-4.1.63.Final.jar:/home/runner/.m2/repository/io/netty/netty-common/4.1.63.Final/netty-common-4.1.63.Final.jar:/home/runner/.m2/repository/io/netty/netty-buffer/4.1.63.Final/netty-buffer-4.1.63.Final.jar:/home/runner/.m2/repository/io/netty/netty-transport-native-unix-common/4.1.63.Final/netty-transport-native-unix-common-4.1.63.Final.jar:/home/runner/.m2/repository/io/grpc/grpc-protobuf/1.33.0/grpc-protobuf-1.33.0.jar:/home/runner/.m2/repository/io/grpc/grpc-api/1.33.0/grpc-api-1.33.0.jar:/home/runner/.m2/repository/io/grpc/grpc-context/1.33.0/grpc-context-1.33.0.jar:/home/runner/.m2/repository/com/google/api/grpc/proto-google-common-protos/1.17.0/proto-google-common-protos-1.17.0.jar:/home/runner/.m2/repository/io/grpc/grpc-protobuf-lite/1.33.0/grpc-protobuf-lite-1.33.0.jar:/home/runner/.m2/repository/io/grpc/grpc-stub/1.33.0/grpc-stub-1.33.0.jar:/home/runner/.m2/repository/org/apache/ozone/ozone-recon/1.2.0-SNAPSHOT/ozone-recon-1.2.0-SNAPSHOT.jar:/home/runner/.m2/repository/org/apache/ozone/ozone-reconcodegen/1.2.0-SNAPSHOT/ozone-reconcodegen-1.2.0-SNAPSHOT.jar:/home/runner/.m2/repository/com/google/inject/extensions/guice-multibindings/4.0/guice-multibindings-4.0.jar:/home/runner/.m2/repository/com/google/inject/guice/4.0/guice-4.0.jar:/home/runner/.m2/repository/aopalliance/aopalliance/1.0/aopalliance-1.0.jar:/home/runner/.m2/repository/com/google/inject/extensions/guice-assistedinject/4.0/guice-assistedinject-4.0.jar:/home/runner/.m2/repository/com/google/inject/extensions/guice-servlet/4.0/guice-servlet-4.0.jar:/home/runner/.m2/repository/org/glassfish/jersey/containers/jersey-container-servlet/2.33/jersey-container-servlet-2.33.jar:/home/runner/.m2/repository/org/glassfish/hk2/guice-bridge/2.5.0/guice-bridge-2.5.0.jar:/home/runner/.m2/repository/org/glassfish/jersey/core/jersey-server/2.33/jersey-server-2.33.jar:/home/runner/.m2/repository/org/glassfish/jersey/core/jersey-client/2.33/jersey-client-2.33.jar:/home/runner/.m2/repository/jakarta/annotation/jakarta.annotation-api/1.3.5/jakarta.annotation-api-1.3.5.jar:/home/runner/.m2/repository/jakarta/validation/jakarta.validation-api/2.0.2/jakarta.validation-api-2.0.2.jar:/home/runner/.m2/repository/org/glassfish/jersey/media/jersey-media-json-jackson/2.33/jersey-media-json-jackson-2.33.jar:/home/runner/.m2/repository/org/glassfish/jersey/ext/jersey-entity-filtering/2.33/jersey-entity-filtering-2.33.jar:/home/runner/.m2/repository/org/jooq/jooq/3.11.10/jooq-3.11.10.jar:/home/runner/.m2/repository/org/jooq/jooq-meta/3.11.10/jooq-meta-3.11.10.jar:/home/runner/.m2/repository/org/jooq/jooq-codegen/3.11.10/jooq-codegen-3.11.10.jar:/home/runner/.m2/repository/com/jolbox/bonecp/0.8.0.RELEASE/bonecp-0.8.0.RELEASE.jar:/home/runner/.m2/repository/org/apache/derby/derby/10.14.2.0/derby-10.14.2.0.jar:/home/runner/.m2/repository/org/xerial/sqlite-jdbc/3.25.2/sqlite-jdbc-3.25.2.jar:/home/runner/.m2/repository/org/springframework/spring-jdbc/5.2.11.RELEASE/spring-jdbc-5.2.11.RELEASE.jar:/home/runner/.m2/repository/org/springframework/spring-beans/5.2.11.RELEASE/spring-beans-5.2.11.RELEASE.jar:/home/runner/.m2/repository/org/springframework/spring-core/5.2.11.RELEASE/spring-core-5.2.11.RELEASE.jar:/home/runner/.m2/repository/org/springframework/spring-jcl/5.2.11.RELEASE/spring-jcl-5.2.11.RELEASE.jar:/home/runner/.m2/repository/org/springframework/spring-tx/5.2.11.RELEASE/spring-tx-5.2.11.RELEASE.jar:/home/runner/.m2/repository/org/apache/ozone/ozone-client/1.2.0-SNAPSHOT/ozone-client-1.2.0-SNAPSHOT.jar:/home/runner/.m2/repository/org/apache/ozone/ozone-filesystem/1.2.0-SNAPSHOT/ozone-filesystem-1.2.0-SNAPSHOT.jar:/home/runner/.m2/repository/org/apache/ozone/ozone-filesystem-common/1.2.0-SNAPSHOT/ozone-filesystem-common-1.2.0-SNAPSHOT.jar:/home/runner/.m2/repository/org/apache/ozone/ozone-tools/1.2.0-SNAPSHOT/ozone-tools-1.2.0-SNAPSHOT.jar:/home/runner/.m2/repository/org/apache/ratis/ratis-tools/2.1.0/ratis-tools-2.1.0.jar:/home/runner/.m2/repository/org/apache/ratis/ratis-proto/2.1.0/ratis-proto-2.1.0.jar:/home/runner/.m2/repository/org/apache/ratis/ratis-common/2.1.0/ratis-common-2.1.0.jar:/home/runner/.m2/repository/com/amazonaws/aws-java-sdk-core/1.11.901/aws-java-sdk-core-1.11.901.jar:/home/runner/.m2/repository/org/apache/httpcomponents/httpclient/4.5.13/httpclient-4.5.13.jar:/home/runner/.m2/repository/org/apache/httpcomponents/httpcore/4.4.13/httpcore-4.4.13.jar:/home/runner/.m2/repository/software/amazon/ion/ion-java/1.0.2/ion-java-1.0.2.jar:/home/runner/.m2/repository/com/fasterxml/jackson/dataformat/jackson-dataformat-cbor/2.12.1/jackson-dataformat-cbor-2.12.1.jar:/home/runner/.m2/repository/joda-time/joda-time/2.8.1/joda-time-2.8.1.jar:/home/runner/.m2/repository/com/amazonaws/aws-java-sdk-s3/1.11.901/aws-java-sdk-s3-1.11.901.jar:/home/runner/.m2/repository/com/amazonaws/aws-java-sdk-kms/1.11.901/aws-java-sdk-kms-1.11.901.jar:/home/runner/.m2/repository/com/amazonaws/jmespath-java/1.11.901/jmespath-java-1.11.901.jar:/home/runner/.m2/repository/org/kohsuke/metainf-services/metainf-services/1.8/metainf-services-1.8.jar:/home/runner/.m2/repository/org/apache/ozone/hdds-tools/1.2.0-SNAPSHOT/hdds-tools-1.2.0-SNAPSHOT.jar:/home/runner/.m2/repository/commons-cli/commons-cli/1.2/commons-cli-1.2.jar:/home/runner/.m2/repository/org/apache/commons/commons-lang3/3.7/commons-lang3-3.7.jar:/home/runner/.m2/repository/org/apache/ozone/ozone-manager/1.2.0-SNAPSHOT/ozone-manager-1.2.0-SNAPSHOT-tests.jar:/home/runner/.m2/repository/org/apache/ozone/hdds-common/1.2.0-SNAPSHOT/hdds-common-1.2.0-SNAPSHOT-tests.jar:/home/runner/.m2/repository/org/apache/ozone/hdds-hadoop-dependency-client/1.2.0-SNAPSHOT/hdds-hadoop-dependency-client-1.2.0-SNAPSHOT.jar:/home/runner/.m2/repository/info/picocli/picocli/4.4.0/picocli-4.4.0.jar:/home/runner/.m2/repository/com/fasterxml/jackson/core/jackson-annotations/2.12.1/jackson-annotations-2.12.1.jar:/home/runner/.m2/repository/javax/annotation/javax.annotation-api/1.2/javax.annotation-api-1.2.jar:/home/runner/.m2/repository/org/apache/ratis/ratis-server/2.1.0/ratis-server-2.1.0.jar:/home/runner/.m2/repository/org/apache/ratis/ratis-client/2.1.0/ratis-client-2.1.0.jar:/home/runner/.m2/repository/org/apache/ratis/ratis-server-api/2.1.0/ratis-server-api-2.1.0.jar:/home/runner/.m2/repository/org/apache/ratis/ratis-metrics/2.1.0/ratis-metrics-2.1.0.jar:/home/runner/.m2/repository/org/apache/ratis/ratis-netty/2.1.0/ratis-netty-2.1.0.jar:/home/runner/.m2/repository/org/apache/ratis/ratis-grpc/2.1.0/ratis-grpc-2.1.0.jar:/home/runner/.m2/repository/org/apache/logging/log4j/log4j-api/2.13.3/log4j-api-2.13.3.jar:/home/runner/.m2/repository/org/apache/logging/log4j/log4j-core/2.13.3/log4j-core-2.13.3.jar:/home/runner/.m2/repository/com/lmax/disruptor/3.4.2/disruptor-3.4.2.jar:/home/runner/.m2/repository/org/apache/commons/commons-pool2/2.6.0/commons-pool2-2.6.0.jar:/home/runner/.m2/repository/org/bouncycastle/bcpkix-jdk15on/1.67/bcpkix-jdk15on-1.67.jar:/home/runner/.m2/repository/commons-validator/commons-validator/1.6/commons-validator-1.6.jar:/home/runner/.m2/repository/commons-beanutils/commons-beanutils/1.9.4/commons-beanutils-1.9.4.jar:/home/runner/.m2/repository/commons-digester/commons-digester/1.8.1/commons-digester-1.8.1.jar:/home/runner/.m2/repository/commons-collections/commons-collections/3.2.2/commons-collections-3.2.2.jar:/home/runner/.m2/repository/io/jaegertracing/jaeger-client/1.6.0/jaeger-client-1.6.0.jar:/home/runner/.m2/repository/io/jaegertracing/jaeger-thrift/1.6.0/jaeger-thrift-1.6.0.jar:/home/runner/.m2/repository/org/apache/thrift/libthrift/0.14.1/libthrift-0.14.1.jar:/home/runner/.m2/repository/com/squareup/okhttp3/okhttp/4.9.0/okhttp-4.9.0.jar:/home/runner/.m2/repository/com/squareup/okio/okio/2.8.0/okio-2.8.0.jar:/home/runner/.m2/repository/io/jaegertracing/jaeger-core/1.6.0/jaeger-core-1.6.0.jar:/home/runner/.m2/repository/io/jaegertracing/jaeger-tracerresolver/1.6.0/jaeger-tracerresolver-1.6.0.jar:/home/runner/.m2/repository/io/opentracing/contrib/opentracing-tracerresolver/0.1.8/opentracing-tracerresolver-0.1.8.jar:/home/runner/.m2/repository/org/jetbrains/kotlin/kotlin-stdlib/1.4.31/kotlin-stdlib-1.4.31.jar:/home/runner/.m2/repository/org/jetbrains/kotlin/kotlin-stdlib-common/1.4.31/kotlin-stdlib-common-1.4.31.jar:/home/runner/.m2/repository/org/jetbrains/annotations/13.0/annotations-13.0.jar:/home/runner/.m2/repository/io/opentracing/opentracing-util/0.33.0/opentracing-util-0.33.0.jar:/home/runner/.m2/repository/io/opentracing/opentracing-api/0.33.0/opentracing-api-0.33.0.jar:/home/runner/.m2/repository/io/opentracing/opentracing-noop/0.33.0/opentracing-noop-0.33.0.jar:/home/runner/.m2/repository/org/yaml/snakeyaml/1.26/snakeyaml-1.26.jar:/home/runner/.m2/repository/org/apache/ozone/hdds-interface-admin/1.2.0-SNAPSHOT/hdds-interface-admin-1.2.0-SNAPSHOT.jar:/home/runner/.m2/repository/junit/junit/4.13.1/junit-4.13.1.jar:/home/runner/.m2/repository/org/hamcrest/hamcrest-core/1.3/hamcrest-core-1.3.jar:/home/runner/.m2/repository/org/junit/jupiter/junit-jupiter-api/5.7.0/junit-jupiter-api-5.7.0.jar:/home/runner/.m2/repository/org/apiguardian/apiguardian-api/1.1.0/apiguardian-api-1.1.0.jar:/home/runner/.m2/repository/org/opentest4j/opentest4j/1.2.0/opentest4j-1.2.0.jar:/home/runner/.m2/repository/org/junit/platform/junit-platform-commons/1.7.0/junit-platform-commons-1.7.0.jar:/home/runner/.m2/repository/org/junit/jupiter/junit-jupiter-engine/5.7.0/junit-jupiter-engine-5.7.0.jar:/home/runner/.m2/repository/org/junit/platform/junit-platform-engine/1.7.0/junit-platform-engine-1.7.0.jar:/home/runner/.m2/repository/org/junit/vintage/junit-vintage-engine/5.7.0/junit-vintage-engine-5.7.0.jar:/home/runner/.m2/repository/org/junit/platform/junit-platform-launcher/1.7.0/junit-platform-launcher-1.7.0.jar:/home/runner/.m2/repository/org/openjdk/jmh/jmh-core/1.19/jmh-core-1.19.jar:/home/runner/.m2/repository/net/sf/jopt-simple/jopt-simple/4.6/jopt-simple-4.6.jar:/home/runner/.m2/repository/org/apache/commons/commons-math3/3.1.1/commons-math3-3.1.1.jar:/home/runner/.m2/repository/org/openjdk/jmh/jmh-generator-annprocess/1.19/jmh-generator-annprocess-1.19.jar:/home/runner/.m2/repository/org/mockito/mockito-core/2.28.2/mockito-core-2.28.2.jar:/home/runner/.m2/repository/net/bytebuddy/byte-buddy/1.9.10/byte-buddy-1.9.10.jar:/home/runner/.m2/repository/net/bytebuddy/byte-buddy-agent/1.9.10/byte-buddy-agent-1.9.10.jar:/home/runner/.m2/repository/org/objenesis/objenesis/1.0/objenesis-1.0.jar:/home/runner/.m2/repository/org/apache/hadoop/hadoop-kms/3.3.1/hadoop-kms-3.3.1.jar:/home/runner/.m2/repository/org/apache/hadoop/hadoop-auth/3.3.1/hadoop-auth-3.3.1.jar:/home/runner/.m2/repository/com/nimbusds/nimbus-jose-jwt/7.9/nimbus-jose-jwt-7.9.jar:/home/runner/.m2/repository/com/github/stephenc/jcip/jcip-annotations/1.0-1/jcip-annotations-1.0-1.jar:/home/runner/.m2/repository/net/minidev/json-smart/2.3/json-smart-2.3.jar:/home/runner/.m2/repository/net/minidev/accessors-smart/1.2/accessors-smart-1.2.jar:/home/runner/.m2/repository/org/ow2/asm/asm/5.0.4/asm-5.0.4.jar:/home/runner/.m2/repository/org/apache/zookeeper/zookeeper/3.5.6/zookeeper-3.5.6.jar:/home/runner/.m2/repository/org/apache/zookeeper/zookeeper-jute/3.5.6/zookeeper-jute-3.5.6.jar:/home/runner/.m2/repository/org/apache/yetus/audience-annotations/0.5.0/audience-annotations-0.5.0.jar:/home/runner/.m2/repository/org/apache/curator/curator-framework/4.2.0/curator-framework-4.2.0.jar:/home/runner/.m2/repository/org/apache/hadoop/thirdparty/hadoop-shaded-guava/1.1.1/hadoop-shaded-guava-1.1.1.jar:/home/runner/.m2/repository/com/sun/jersey/jersey-core/1.19/jersey-core-1.19.jar:/home/runner/.m2/repository/javax/ws/rs/jsr311-api/1.1.1/jsr311-api-1.1.1.jar:/home/runner/.m2/repository/com/sun/jersey/jersey-server/1.19/jersey-server-1.19.jar:/home/runner/.m2/repository/javax/servlet/javax.servlet-api/3.1.0/javax.servlet-api-3.1.0.jar:/home/runner/.m2/repository/org/eclipse/jetty/jetty-server/9.4.35.v20201120/jetty-server-9.4.35.v20201120.jar:/home/runner/.m2/repository/org/eclipse/jetty/jetty-http/9.4.35.v20201120/jetty-http-9.4.35.v20201120.jar:/home/runner/.m2/repository/org/eclipse/jetty/jetty-io/9.4.35.v20201120/jetty-io-9.4.35.v20201120.jar:/home/runner/.m2/repository/org/eclipse/jetty/jetty-webapp/9.4.35.v20201120/jetty-webapp-9.4.35.v20201120.jar:/home/runner/.m2/repository/org/eclipse/jetty/jetty-xml/9.4.35.v20201120/jetty-xml-9.4.35.v20201120.jar:/home/runner/.m2/repository/org/apache/hadoop/hadoop-common/3.3.1/hadoop-common-3.3.1.jar:/home/runner/.m2/repository/commons-net/commons-net/3.6/commons-net-3.6.jar:/home/runner/.m2/repository/jakarta/activation/jakarta.activation-api/1.2.1/jakarta.activation-api-1.2.1.jar:/home/runner/.m2/repository/com/sun/jersey/jersey-servlet/1.19/jersey-servlet-1.19.jar:/home/runner/.m2/repository/com/sun/jersey/jersey-json/1.19/jersey-json-1.19.jar:/home/runner/.m2/repository/org/codehaus/jettison/jettison/1.1/jettison-1.1.jar:/home/runner/.m2/repository/com/sun/xml/bind/jaxb-impl/2.2.3-1/jaxb-impl-2.2.3-1.jar:/home/runner/.m2/repository/org/codehaus/jackson/jackson-jaxrs/1.9.2/jackson-jaxrs-1.9.2.jar:/home/runner/.m2/repository/org/codehaus/jackson/jackson-xc/1.9.2/jackson-xc-1.9.2.jar:/home/runner/.m2/repository/org/apache/commons/commons-configuration2/2.1.1/commons-configuration2-2.1.1.jar:/home/runner/.m2/repository/org/apache/commons/commons-text/1.4/commons-text-1.4.jar:/home/runner/.m2/repository/com/google/re2j/re2j/1.1/re2j-1.1.jar:/home/runner/.m2/repository/com/jcraft/jsch/0.1.54/jsch-0.1.54.jar:/home/runner/.m2/repository/org/apache/curator/curator-client/4.2.0/curator-client-4.2.0.jar:/home/runner/.m2/repository/org/apache/curator/curator-recipes/4.2.0/curator-recipes-4.2.0.jar:/home/runner/.m2/repository/org/apache/kerby/kerb-core/1.0.1/kerb-core-1.0.1.jar:/home/runner/.m2/repository/org/apache/kerby/kerby-pkix/1.0.1/kerby-pkix-1.0.1.jar:/home/runner/.m2/repository/org/apache/kerby/kerby-asn1/1.0.1/kerby-asn1-1.0.1.jar:/home/runner/.m2/repository/org/apache/kerby/kerby-util/1.0.1/kerby-util-1.0.1.jar:/home/runner/.m2/repository/dnsjava/dnsjava/2.1.7/dnsjava-2.1.7.jar:/home/runner/.m2/repository/org/xerial/snappy/snappy-java/1.1.8.2/snappy-java-1.1.8.2.jar:/home/runner/.m2/repository/org/slf4j/jul-to-slf4j/1.7.30/jul-to-slf4j-1.7.30.jar:/home/runner/.m2/repository/org/eclipse/jetty/jetty-util/9.4.35.v20201120/jetty-util-9.4.35.v20201120.jar:/home/runner/.m2/repository/com/fasterxml/jackson/core/jackson-databind/2.12.1/jackson-databind-2.12.1.jar:/home/runner/.m2/repository/org/apache/hadoop/hadoop-kms/3.3.1/hadoop-kms-3.3.1-tests.jar:/home/runner/.m2/repository/org/apache/ozone/hdds-server-scm/1.2.0-SNAPSHOT/hdds-server-scm-1.2.0-SNAPSHOT-tests.jar:/home/runner/.m2/repository/org/apache/ozone/hdds-container-service/1.2.0-SNAPSHOT/hdds-container-service-1.2.0-SNAPSHOT-tests.jar:/home/runner/.m2/repository/commons-codec/commons-codec/1.11/commons-codec-1.11.jar:/home/runner/.m2/repository/io/netty/netty-transport/4.1.63.Final/netty-transport-4.1.63.Final.jar:/home/runner/.m2/repository/io/netty/netty-resolver/4.1.63.Final/netty-resolver-4.1.63.Final.jar:/home/runner/.m2/repository/io/netty/netty-codec/4.1.63.Final/netty-codec-4.1.63.Final.jar:/home/runner/.m2/repository/io/netty/netty-handler/4.1.63.Final/netty-handler-4.1.63.Final.jar:/home/runner/.m2/repository/org/apache/ozone/hdds-hadoop-dependency-test/1.2.0-SNAPSHOT/hdds-hadoop-dependency-test-1.2.0-SNAPSHOT.jar:/home/runner/.m2/repository/org/apache/hadoop/hadoop-common/3.3.1/hadoop-common-3.3.1-tests.jar:/home/runner/.m2/repository/org/assertj/assertj-core/3.12.2/assertj-core-3.12.2.jar:/home/runner/.m2/repository/org/apache/hadoop/hadoop-hdfs/3.3.1/hadoop-hdfs-3.3.1-tests.jar:/home/runner/.m2/repository/org/eclipse/jetty/jetty-util-ajax/9.4.35.v20201120/jetty-util-ajax-9.4.35.v20201120.jar:/home/runner/.m2/repository/commons-daemon/commons-daemon/1.0.13/commons-daemon-1.0.13.jar:/home/runner/.m2/repository/io/netty/netty/3.10.6.Final/netty-3.10.6.Final.jar:/home/runner/.m2/repository/io/netty/netty-all/4.1.63.Final/netty-all-4.1.63.Final.jar:/home/runner/.m2/repository/org/apache/htrace/htrace-core4/4.1.0-incubating/htrace-core4-4.1.0-incubating.jar:/home/runner/.m2/repository/org/fusesource/leveldbjni/leveldbjni-all/1.8/leveldbjni-all-1.8.jar:/home/runner/.m2/repository/org/apache/hadoop/hadoop-distcp/3.3.1/hadoop-distcp-3.3.1.jar:/home/runner/.m2/repository/org/apache/hadoop/hadoop-mapreduce-client-jobclient/3.3.1/hadoop-mapreduce-client-jobclient-3.3.1.jar:/home/runner/.m2/repository/org/apache/hadoop/hadoop-mapreduce-client-common/3.3.1/hadoop-mapreduce-client-common-3.3.1.jar:/home/runner/.m2/repository/org/apache/hadoop/hadoop-yarn-common/3.3.1/hadoop-yarn-common-3.3.1.jar:/home/runner/.m2/repository/org/apache/hadoop/hadoop-yarn-api/3.3.1/hadoop-yarn-api-3.3.1.jar:/home/runner/.m2/repository/com/sun/jersey/jersey-client/1.19/jersey-client-1.19.jar:/home/runner/.m2/repository/com/sun/jersey/contribs/jersey-guice/1.19/jersey-guice-1.19.jar:/home/runner/.m2/repository/com/fasterxml/jackson/jaxrs/jackson-jaxrs-json-provider/2.12.1/jackson-jaxrs-json-provider-2.12.1.jar:/home/runner/.m2/repository/com/fasterxml/jackson/jaxrs/jackson-jaxrs-base/2.12.1/jackson-jaxrs-base-2.12.1.jar:/home/runner/.m2/repository/org/apache/hadoop/hadoop-yarn-client/3.3.1/hadoop-yarn-client-3.3.1.jar:/home/runner/.m2/repository/org/eclipse/jetty/websocket/websocket-client/9.4.40.v20210413/websocket-client-9.4.40.v20210413.jar:/home/runner/.m2/repository/org/eclipse/jetty/jetty-client/9.4.40.v20210413/jetty-client-9.4.40.v20210413.jar:/home/runner/.m2/repository/org/eclipse/jetty/websocket/websocket-common/9.4.40.v20210413/websocket-common-9.4.40.v20210413.jar:/home/runner/.m2/repository/org/eclipse/jetty/websocket/websocket-api/9.4.40.v20210413/websocket-api-9.4.40.v20210413.jar:/home/runner/.m2/repository/org/jline/jline/3.9.0/jline-3.9.0.jar:/home/runner/.m2/repository/org/apache/hadoop/hadoop-mapreduce-client-core/3.3.1/hadoop-mapreduce-client-core-3.3.1.jar:/home/runner/.m2/repository/org/apache/avro/avro/1.7.7/avro-1.7.7.jar:/home/runner/.m2/repository/org/codehaus/jackson/jackson-core-asl/1.9.13/jackson-core-asl-1.9.13.jar:/home/runner/.m2/repository/org/codehaus/jackson/jackson-mapper-asl/1.9.13/jackson-mapper-asl-1.9.13.jar:/home/runner/.m2/repository/com/thoughtworks/paranamer/paranamer/2.3/paranamer-2.3.jar:/home/runner/.m2/repository/org/apache/hadoop/hadoop-annotations/3.3.1/hadoop-annotations-3.3.1.jar:/usr/lib/jvm/adoptopenjdk-8-hotspot-amd64/jre/../lib/tools.jar:/home/runner/.m2/repository/org/apache/hadoop/hadoop-distcp/3.3.1/hadoop-distcp-3.3.1-tests.jar:"/>
    <property name="java.vm.vendor" value="AdoptOpenJDK"/>
    <property name="sun.arch.data.model" value="64"/>
    <property name="test.build.dir" value="/home/runner/work/ozone/ozone/mnt/ozone/hadoop-ozone/integration-test/target/test-dir"/>
    <property name="test.cache.data" value=""/>
    <property name="java.vendor.url" value="https://adoptopenjdk.net/"/>
    <property name="user.timezone" value=""/>
    <property name="java.vm.specification.version" value="1.8"/>
    <property name="os.name" value="Linux"/>
    <property name="test.build.data" value="/home/runner/work/ozone/ozone/mnt/ozone/hadoop-ozone/integration-test/target/test-dir"/>
    <property name="sun.java.launcher" value="SUN_STANDARD"/>
    <property name="sun.boot.library.path" value="/usr/lib/jvm/adoptopenjdk-8-hotspot-amd64/jre/lib/amd64"/>
    <property name="sun.java.command" value="/home/runner/work/ozone/ozone/mnt/ozone/hadoop-ozone/integration-test/target/surefire/surefirebooter8731024448161241089.jar /home/runner/work/ozone/ozone/mnt/ozone/hadoop-ozone/integration-test/target/surefire 2021-07-27T00-54-29_940-jvmRun1 surefire8517478348521505151tmp surefire_37499129215643041759tmp"/>
    <property name="surefire.test.class.path" value="/home/runner/work/ozone/ozone/mnt/ozone/hadoop-ozone/integration-test/target/test-classes:/home/runner/work/ozone/ozone/mnt/ozone/hadoop-ozone/integration-test/target/classes:/home/runner/.m2/repository/org/apache/ozone/ozone-common/1.2.0-SNAPSHOT/ozone-common-1.2.0-SNAPSHOT.jar:/home/runner/.m2/repository/org/apache/commons/commons-compress/1.20/commons-compress-1.20.jar:/home/runner/.m2/repository/org/apache/ozone/hdds-common/1.2.0-SNAPSHOT/hdds-common-1.2.0-SNAPSHOT.jar:/home/runner/.m2/repository/org/apache/ozone/hdds-client/1.2.0-SNAPSHOT/hdds-client-1.2.0-SNAPSHOT.jar:/home/runner/.m2/repository/org/apache/ozone/ozone-interface-client/1.2.0-SNAPSHOT/ozone-interface-client-1.2.0-SNAPSHOT.jar:/home/runner/.m2/repository/org/apache/ozone/hdds-server-framework/1.2.0-SNAPSHOT/hdds-server-framework-1.2.0-SNAPSHOT.jar:/home/runner/.m2/repository/org/apache/ozone/hdds-interface-server/1.2.0-SNAPSHOT/hdds-interface-server-1.2.0-SNAPSHOT.jar:/home/runner/.m2/repository/org/eclipse/jetty/jetty-servlet/9.4.35.v20201120/jetty-servlet-9.4.35.v20201120.jar:/home/runner/.m2/repository/org/eclipse/jetty/jetty-security/9.4.35.v20201120/jetty-security-9.4.35.v20201120.jar:/home/runner/.m2/repository/org/rocksdb/rocksdbjni/6.20.3/rocksdbjni-6.20.3.jar:/home/runner/.m2/repository/io/prometheus/simpleclient_dropwizard/0.7.0/simpleclient_dropwizard-0.7.0.jar:/home/runner/.m2/repository/io/prometheus/simpleclient/0.7.0/simpleclient-0.7.0.jar:/home/runner/.m2/repository/io/prometheus/simpleclient_common/0.7.0/simpleclient_common-0.7.0.jar:/home/runner/.m2/repository/com/fasterxml/jackson/datatype/jackson-datatype-jsr310/2.12.1/jackson-datatype-jsr310-2.12.1.jar:/home/runner/.m2/repository/org/apache/ozone/hdds-test-utils/1.2.0-SNAPSHOT/hdds-test-utils-1.2.0-SNAPSHOT.jar:/home/runner/.m2/repository/com/google/guava/guava/30.1.1-jre/guava-30.1.1-jre.jar:/home/runner/.m2/repository/com/google/guava/failureaccess/1.0.1/failureaccess-1.0.1.jar:/home/runner/.m2/repository/com/google/guava/listenablefuture/9999.0-empty-to-avoid-conflict-with-guava/listenablefuture-9999.0-empty-to-avoid-conflict-with-guava.jar:/home/runner/.m2/repository/com/google/code/findbugs/jsr305/3.0.0/jsr305-3.0.0.jar:/home/runner/.m2/repository/org/checkerframework/checker-qual/3.8.0/checker-qual-3.8.0.jar:/home/runner/.m2/repository/com/google/errorprone/error_prone_annotations/2.2.0/error_prone_annotations-2.2.0.jar:/home/runner/.m2/repository/com/google/j2objc/j2objc-annotations/1.3/j2objc-annotations-1.3.jar:/home/runner/.m2/repository/commons-io/commons-io/2.8.0/commons-io-2.8.0.jar:/home/runner/.m2/repository/commons-logging/commons-logging/1.2/commons-logging-1.2.jar:/home/runner/.m2/repository/log4j/log4j/1.2.17/log4j-1.2.17.jar:/home/runner/.m2/repository/org/slf4j/slf4j-api/1.7.30/slf4j-api-1.7.30.jar:/home/runner/.m2/repository/org/apache/ozone/hdds-server-scm/1.2.0-SNAPSHOT/hdds-server-scm-1.2.0-SNAPSHOT.jar:/home/runner/.m2/repository/org/apache/ozone/hdds-container-service/1.2.0-SNAPSHOT/hdds-container-service-1.2.0-SNAPSHOT.jar:/home/runner/.m2/repository/org/apache/ozone/hdds-hadoop-dependency-server/1.2.0-SNAPSHOT/hdds-hadoop-dependency-server-1.2.0-SNAPSHOT.jar:/home/runner/.m2/repository/org/apache/hadoop/hadoop-hdfs/3.3.1/hadoop-hdfs-3.3.1.jar:/home/runner/.m2/repository/io/dropwizard/metrics/metrics-core/3.2.4/metrics-core-3.2.4.jar:/home/runner/.m2/repository/org/apache/hadoop/hadoop-hdfs-client/3.3.1/hadoop-hdfs-client-3.3.1.jar:/home/runner/.m2/repository/org/bouncycastle/bcprov-jdk15on/1.67/bcprov-jdk15on-1.67.jar:/home/runner/.m2/repository/com/google/protobuf/protobuf-java/2.5.0/protobuf-java-2.5.0.jar:/home/runner/.m2/repository/org/apache/ozone/ozone-manager/1.2.0-SNAPSHOT/ozone-manager-1.2.0-SNAPSHOT.jar:/home/runner/.m2/repository/org/aspectj/aspectjrt/1.8.9/aspectjrt-1.8.9.jar:/home/runner/.m2/repository/org/aspectj/aspectjweaver/1.8.9/aspectjweaver-1.8.9.jar:/home/runner/.m2/repository/org/apache/ozone/hdds-interface-client/1.2.0-SNAPSHOT/hdds-interface-client-1.2.0-SNAPSHOT.jar:/home/runner/.m2/repository/org/apache/hadoop/thirdparty/hadoop-shaded-protobuf_3_7/1.1.1/hadoop-shaded-protobuf_3_7-1.1.1.jar:/home/runner/.m2/repository/org/apache/ratis/ratis-thirdparty-misc/0.7.0/ratis-thirdparty-misc-0.7.0.jar:/home/runner/.m2/repository/org/apache/ozone/ozone-interface-storage/1.2.0-SNAPSHOT/ozone-interface-storage-1.2.0-SNAPSHOT.jar:/home/runner/.m2/repository/org/reflections/reflections/0.9.11/reflections-0.9.11.jar:/home/runner/.m2/repository/org/apache/hadoop/hadoop-minikdc/3.3.1/hadoop-minikdc-3.3.1.jar:/home/runner/.m2/repository/org/apache/kerby/kerb-simplekdc/1.0.1/kerb-simplekdc-1.0.1.jar:/home/runner/.m2/repository/org/apache/kerby/kerb-client/1.0.1/kerb-client-1.0.1.jar:/home/runner/.m2/repository/org/apache/kerby/kerby-config/1.0.1/kerby-config-1.0.1.jar:/home/runner/.m2/repository/org/apache/kerby/kerb-common/1.0.1/kerb-common-1.0.1.jar:/home/runner/.m2/repository/org/apache/kerby/kerb-crypto/1.0.1/kerb-crypto-1.0.1.jar:/home/runner/.m2/repository/org/apache/kerby/kerb-util/1.0.1/kerb-util-1.0.1.jar:/home/runner/.m2/repository/org/apache/kerby/token-provider/1.0.1/token-provider-1.0.1.jar:/home/runner/.m2/repository/org/apache/kerby/kerb-admin/1.0.1/kerb-admin-1.0.1.jar:/home/runner/.m2/repository/org/apache/kerby/kerb-server/1.0.1/kerb-server-1.0.1.jar:/home/runner/.m2/repository/org/apache/kerby/kerb-identity/1.0.1/kerb-identity-1.0.1.jar:/home/runner/.m2/repository/org/apache/kerby/kerby-xdr/1.0.1/kerby-xdr-1.0.1.jar:/home/runner/.m2/repository/org/slf4j/slf4j-log4j12/1.7.30/slf4j-log4j12-1.7.30.jar:/home/runner/.m2/repository/org/apache/ozone/ozone-s3gateway/1.2.0-SNAPSHOT/ozone-s3gateway-1.2.0-SNAPSHOT.jar:/home/runner/.m2/repository/org/javassist/javassist/3.21.0-GA/javassist-3.21.0-GA.jar:/home/runner/.m2/repository/org/jboss/weld/servlet/weld-servlet/2.4.7.Final/weld-servlet-2.4.7.Final.jar:/home/runner/.m2/repository/org/glassfish/jersey/containers/jersey-container-servlet-core/2.33/jersey-container-servlet-core-2.33.jar:/home/runner/.m2/repository/org/glassfish/hk2/external/jakarta.inject/2.6.1/jakarta.inject-2.6.1.jar:/home/runner/.m2/repository/org/glassfish/jersey/core/jersey-common/2.33/jersey-common-2.33.jar:/home/runner/.m2/repository/jakarta/ws/rs/jakarta.ws.rs-api/2.1.6/jakarta.ws.rs-api-2.1.6.jar:/home/runner/.m2/repository/org/glassfish/jersey/ext/cdi/jersey-cdi1x/2.33/jersey-cdi1x-2.33.jar:/home/runner/.m2/repository/org/glassfish/jersey/inject/jersey-hk2/2.33/jersey-hk2-2.33.jar:/home/runner/.m2/repository/org/glassfish/hk2/hk2-locator/2.6.1/hk2-locator-2.6.1.jar:/home/runner/.m2/repository/org/glassfish/jersey/media/jersey-media-jaxb/2.33/jersey-media-jaxb-2.33.jar:/home/runner/.m2/repository/org/glassfish/hk2/osgi-resource-locator/1.0.3/osgi-resource-locator-1.0.3.jar:/home/runner/.m2/repository/org/glassfish/hk2/hk2-api/2.5.0/hk2-api-2.5.0.jar:/home/runner/.m2/repository/org/glassfish/hk2/hk2-utils/2.5.0/hk2-utils-2.5.0.jar:/home/runner/.m2/repository/org/glassfish/hk2/external/aopalliance-repackaged/2.5.0/aopalliance-repackaged-2.5.0.jar:/home/runner/.m2/repository/com/fasterxml/jackson/dataformat/jackson-dataformat-xml/2.12.1/jackson-dataformat-xml-2.12.1.jar:/home/runner/.m2/repository/com/fasterxml/jackson/core/jackson-core/2.12.1/jackson-core-2.12.1.jar:/home/runner/.m2/repository/com/fasterxml/jackson/module/jackson-module-jaxb-annotations/2.12.1/jackson-module-jaxb-annotations-2.12.1.jar:/home/runner/.m2/repository/jakarta/xml/bind/jakarta.xml.bind-api/2.3.2/jakarta.xml.bind-api-2.3.2.jar:/home/runner/.m2/repository/org/codehaus/woodstox/stax2-api/3.1.4/stax2-api-3.1.4.jar:/home/runner/.m2/repository/com/fasterxml/woodstox/woodstox-core/5.0.3/woodstox-core-5.0.3.jar:/home/runner/.m2/repository/javax/enterprise/cdi-api/1.2/cdi-api-1.2.jar:/home/runner/.m2/repository/javax/el/javax.el-api/3.0.0/javax.el-api-3.0.0.jar:/home/runner/.m2/repository/javax/interceptor/javax.interceptor-api/1.2/javax.interceptor-api-1.2.jar:/home/runner/.m2/repository/javax/inject/javax.inject/1/javax.inject-1.jar:/home/runner/.m2/repository/javax/xml/bind/jaxb-api/2.3.0/jaxb-api-2.3.0.jar:/home/runner/.m2/repository/org/glassfish/jaxb/jaxb-runtime/2.3.0.1/jaxb-runtime-2.3.0.1.jar:/home/runner/.m2/repository/org/glassfish/jaxb/jaxb-core/2.3.0.1/jaxb-core-2.3.0.1.jar:/home/runner/.m2/repository/org/glassfish/jaxb/txw2/2.3.0.1/txw2-2.3.0.1.jar:/home/runner/.m2/repository/com/sun/istack/istack-commons-runtime/3.0.5/istack-commons-runtime-3.0.5.jar:/home/runner/.m2/repository/org/jvnet/staxex/stax-ex/1.7.8/stax-ex-1.7.8.jar:/home/runner/.m2/repository/com/sun/xml/fastinfoset/FastInfoset/1.2.13/FastInfoset-1.2.13.jar:/home/runner/.m2/repository/javax/activation/activation/1.1.1/activation-1.1.1.jar:/home/runner/.m2/repository/org/apache/ozone/ozone-csi/1.2.0-SNAPSHOT/ozone-csi-1.2.0-SNAPSHOT.jar:/home/runner/.m2/repository/com/google/protobuf/protobuf-java-util/3.12.0/protobuf-java-util-3.12.0.jar:/home/runner/.m2/repository/com/google/code/gson/gson/2.2.4/gson-2.2.4.jar:/home/runner/.m2/repository/org/apache/ozone/hdds-config/1.2.0-SNAPSHOT/hdds-config-1.2.0-SNAPSHOT.jar:/home/runner/.m2/repository/io/grpc/grpc-netty/1.33.0/grpc-netty-1.33.0.jar:/home/runner/.m2/repository/io/grpc/grpc-core/1.33.0/grpc-core-1.33.0.jar:/home/runner/.m2/repository/com/google/android/annotations/4.1.1.4/annotations-4.1.1.4.jar:/home/runner/.m2/repository/io/netty/netty-codec-http2/4.1.63.Final/netty-codec-http2-4.1.63.Final.jar:/home/runner/.m2/repository/io/netty/netty-codec-http/4.1.63.Final/netty-codec-http-4.1.63.Final.jar:/home/runner/.m2/repository/io/netty/netty-handler-proxy/4.1.63.Final/netty-handler-proxy-4.1.63.Final.jar:/home/runner/.m2/repository/io/netty/netty-codec-socks/4.1.63.Final/netty-codec-socks-4.1.63.Final.jar:/home/runner/.m2/repository/io/perfmark/perfmark-api/0.19.0/perfmark-api-0.19.0.jar:/home/runner/.m2/repository/org/codehaus/mojo/animal-sniffer-annotations/1.18/animal-sniffer-annotations-1.18.jar:/home/runner/.m2/repository/io/netty/netty-transport-native-epoll/4.1.63.Final/netty-transport-native-epoll-4.1.63.Final.jar:/home/runner/.m2/repository/io/netty/netty-common/4.1.63.Final/netty-common-4.1.63.Final.jar:/home/runner/.m2/repository/io/netty/netty-buffer/4.1.63.Final/netty-buffer-4.1.63.Final.jar:/home/runner/.m2/repository/io/netty/netty-transport-native-unix-common/4.1.63.Final/netty-transport-native-unix-common-4.1.63.Final.jar:/home/runner/.m2/repository/io/grpc/grpc-protobuf/1.33.0/grpc-protobuf-1.33.0.jar:/home/runner/.m2/repository/io/grpc/grpc-api/1.33.0/grpc-api-1.33.0.jar:/home/runner/.m2/repository/io/grpc/grpc-context/1.33.0/grpc-context-1.33.0.jar:/home/runner/.m2/repository/com/google/api/grpc/proto-google-common-protos/1.17.0/proto-google-common-protos-1.17.0.jar:/home/runner/.m2/repository/io/grpc/grpc-protobuf-lite/1.33.0/grpc-protobuf-lite-1.33.0.jar:/home/runner/.m2/repository/io/grpc/grpc-stub/1.33.0/grpc-stub-1.33.0.jar:/home/runner/.m2/repository/org/apache/ozone/ozone-recon/1.2.0-SNAPSHOT/ozone-recon-1.2.0-SNAPSHOT.jar:/home/runner/.m2/repository/org/apache/ozone/ozone-reconcodegen/1.2.0-SNAPSHOT/ozone-reconcodegen-1.2.0-SNAPSHOT.jar:/home/runner/.m2/repository/com/google/inject/extensions/guice-multibindings/4.0/guice-multibindings-4.0.jar:/home/runner/.m2/repository/com/google/inject/guice/4.0/guice-4.0.jar:/home/runner/.m2/repository/aopalliance/aopalliance/1.0/aopalliance-1.0.jar:/home/runner/.m2/repository/com/google/inject/extensions/guice-assistedinject/4.0/guice-assistedinject-4.0.jar:/home/runner/.m2/repository/com/google/inject/extensions/guice-servlet/4.0/guice-servlet-4.0.jar:/home/runner/.m2/repository/org/glassfish/jersey/containers/jersey-container-servlet/2.33/jersey-container-servlet-2.33.jar:/home/runner/.m2/repository/org/glassfish/hk2/guice-bridge/2.5.0/guice-bridge-2.5.0.jar:/home/runner/.m2/repository/org/glassfish/jersey/core/jersey-server/2.33/jersey-server-2.33.jar:/home/runner/.m2/repository/org/glassfish/jersey/core/jersey-client/2.33/jersey-client-2.33.jar:/home/runner/.m2/repository/jakarta/annotation/jakarta.annotation-api/1.3.5/jakarta.annotation-api-1.3.5.jar:/home/runner/.m2/repository/jakarta/validation/jakarta.validation-api/2.0.2/jakarta.validation-api-2.0.2.jar:/home/runner/.m2/repository/org/glassfish/jersey/media/jersey-media-json-jackson/2.33/jersey-media-json-jackson-2.33.jar:/home/runner/.m2/repository/org/glassfish/jersey/ext/jersey-entity-filtering/2.33/jersey-entity-filtering-2.33.jar:/home/runner/.m2/repository/org/jooq/jooq/3.11.10/jooq-3.11.10.jar:/home/runner/.m2/repository/org/jooq/jooq-meta/3.11.10/jooq-meta-3.11.10.jar:/home/runner/.m2/repository/org/jooq/jooq-codegen/3.11.10/jooq-codegen-3.11.10.jar:/home/runner/.m2/repository/com/jolbox/bonecp/0.8.0.RELEASE/bonecp-0.8.0.RELEASE.jar:/home/runner/.m2/repository/org/apache/derby/derby/10.14.2.0/derby-10.14.2.0.jar:/home/runner/.m2/repository/org/xerial/sqlite-jdbc/3.25.2/sqlite-jdbc-3.25.2.jar:/home/runner/.m2/repository/org/springframework/spring-jdbc/5.2.11.RELEASE/spring-jdbc-5.2.11.RELEASE.jar:/home/runner/.m2/repository/org/springframework/spring-beans/5.2.11.RELEASE/spring-beans-5.2.11.RELEASE.jar:/home/runner/.m2/repository/org/springframework/spring-core/5.2.11.RELEASE/spring-core-5.2.11.RELEASE.jar:/home/runner/.m2/repository/org/springframework/spring-jcl/5.2.11.RELEASE/spring-jcl-5.2.11.RELEASE.jar:/home/runner/.m2/repository/org/springframework/spring-tx/5.2.11.RELEASE/spring-tx-5.2.11.RELEASE.jar:/home/runner/.m2/repository/org/apache/ozone/ozone-client/1.2.0-SNAPSHOT/ozone-client-1.2.0-SNAPSHOT.jar:/home/runner/.m2/repository/org/apache/ozone/ozone-filesystem/1.2.0-SNAPSHOT/ozone-filesystem-1.2.0-SNAPSHOT.jar:/home/runner/.m2/repository/org/apache/ozone/ozone-filesystem-common/1.2.0-SNAPSHOT/ozone-filesystem-common-1.2.0-SNAPSHOT.jar:/home/runner/.m2/repository/org/apache/ozone/ozone-tools/1.2.0-SNAPSHOT/ozone-tools-1.2.0-SNAPSHOT.jar:/home/runner/.m2/repository/org/apache/ratis/ratis-tools/2.1.0/ratis-tools-2.1.0.jar:/home/runner/.m2/repository/org/apache/ratis/ratis-proto/2.1.0/ratis-proto-2.1.0.jar:/home/runner/.m2/repository/org/apache/ratis/ratis-common/2.1.0/ratis-common-2.1.0.jar:/home/runner/.m2/repository/com/amazonaws/aws-java-sdk-core/1.11.901/aws-java-sdk-core-1.11.901.jar:/home/runner/.m2/repository/org/apache/httpcomponents/httpclient/4.5.13/httpclient-4.5.13.jar:/home/runner/.m2/repository/org/apache/httpcomponents/httpcore/4.4.13/httpcore-4.4.13.jar:/home/runner/.m2/repository/software/amazon/ion/ion-java/1.0.2/ion-java-1.0.2.jar:/home/runner/.m2/repository/com/fasterxml/jackson/dataformat/jackson-dataformat-cbor/2.12.1/jackson-dataformat-cbor-2.12.1.jar:/home/runner/.m2/repository/joda-time/joda-time/2.8.1/joda-time-2.8.1.jar:/home/runner/.m2/repository/com/amazonaws/aws-java-sdk-s3/1.11.901/aws-java-sdk-s3-1.11.901.jar:/home/runner/.m2/repository/com/amazonaws/aws-java-sdk-kms/1.11.901/aws-java-sdk-kms-1.11.901.jar:/home/runner/.m2/repository/com/amazonaws/jmespath-java/1.11.901/jmespath-java-1.11.901.jar:/home/runner/.m2/repository/org/kohsuke/metainf-services/metainf-services/1.8/metainf-services-1.8.jar:/home/runner/.m2/repository/org/apache/ozone/hdds-tools/1.2.0-SNAPSHOT/hdds-tools-1.2.0-SNAPSHOT.jar:/home/runner/.m2/repository/commons-cli/commons-cli/1.2/commons-cli-1.2.jar:/home/runner/.m2/repository/org/apache/commons/commons-lang3/3.7/commons-lang3-3.7.jar:/home/runner/.m2/repository/org/apache/ozone/ozone-manager/1.2.0-SNAPSHOT/ozone-manager-1.2.0-SNAPSHOT-tests.jar:/home/runner/.m2/repository/org/apache/ozone/hdds-common/1.2.0-SNAPSHOT/hdds-common-1.2.0-SNAPSHOT-tests.jar:/home/runner/.m2/repository/org/apache/ozone/hdds-hadoop-dependency-client/1.2.0-SNAPSHOT/hdds-hadoop-dependency-client-1.2.0-SNAPSHOT.jar:/home/runner/.m2/repository/info/picocli/picocli/4.4.0/picocli-4.4.0.jar:/home/runner/.m2/repository/com/fasterxml/jackson/core/jackson-annotations/2.12.1/jackson-annotations-2.12.1.jar:/home/runner/.m2/repository/javax/annotation/javax.annotation-api/1.2/javax.annotation-api-1.2.jar:/home/runner/.m2/repository/org/apache/ratis/ratis-server/2.1.0/ratis-server-2.1.0.jar:/home/runner/.m2/repository/org/apache/ratis/ratis-client/2.1.0/ratis-client-2.1.0.jar:/home/runner/.m2/repository/org/apache/ratis/ratis-server-api/2.1.0/ratis-server-api-2.1.0.jar:/home/runner/.m2/repository/org/apache/ratis/ratis-metrics/2.1.0/ratis-metrics-2.1.0.jar:/home/runner/.m2/repository/org/apache/ratis/ratis-netty/2.1.0/ratis-netty-2.1.0.jar:/home/runner/.m2/repository/org/apache/ratis/ratis-grpc/2.1.0/ratis-grpc-2.1.0.jar:/home/runner/.m2/repository/org/apache/logging/log4j/log4j-api/2.13.3/log4j-api-2.13.3.jar:/home/runner/.m2/repository/org/apache/logging/log4j/log4j-core/2.13.3/log4j-core-2.13.3.jar:/home/runner/.m2/repository/com/lmax/disruptor/3.4.2/disruptor-3.4.2.jar:/home/runner/.m2/repository/org/apache/commons/commons-pool2/2.6.0/commons-pool2-2.6.0.jar:/home/runner/.m2/repository/org/bouncycastle/bcpkix-jdk15on/1.67/bcpkix-jdk15on-1.67.jar:/home/runner/.m2/repository/commons-validator/commons-validator/1.6/commons-validator-1.6.jar:/home/runner/.m2/repository/commons-beanutils/commons-beanutils/1.9.4/commons-beanutils-1.9.4.jar:/home/runner/.m2/repository/commons-digester/commons-digester/1.8.1/commons-digester-1.8.1.jar:/home/runner/.m2/repository/commons-collections/commons-collections/3.2.2/commons-collections-3.2.2.jar:/home/runner/.m2/repository/io/jaegertracing/jaeger-client/1.6.0/jaeger-client-1.6.0.jar:/home/runner/.m2/repository/io/jaegertracing/jaeger-thrift/1.6.0/jaeger-thrift-1.6.0.jar:/home/runner/.m2/repository/org/apache/thrift/libthrift/0.14.1/libthrift-0.14.1.jar:/home/runner/.m2/repository/com/squareup/okhttp3/okhttp/4.9.0/okhttp-4.9.0.jar:/home/runner/.m2/repository/com/squareup/okio/okio/2.8.0/okio-2.8.0.jar:/home/runner/.m2/repository/io/jaegertracing/jaeger-core/1.6.0/jaeger-core-1.6.0.jar:/home/runner/.m2/repository/io/jaegertracing/jaeger-tracerresolver/1.6.0/jaeger-tracerresolver-1.6.0.jar:/home/runner/.m2/repository/io/opentracing/contrib/opentracing-tracerresolver/0.1.8/opentracing-tracerresolver-0.1.8.jar:/home/runner/.m2/repository/org/jetbrains/kotlin/kotlin-stdlib/1.4.31/kotlin-stdlib-1.4.31.jar:/home/runner/.m2/repository/org/jetbrains/kotlin/kotlin-stdlib-common/1.4.31/kotlin-stdlib-common-1.4.31.jar:/home/runner/.m2/repository/org/jetbrains/annotations/13.0/annotations-13.0.jar:/home/runner/.m2/repository/io/opentracing/opentracing-util/0.33.0/opentracing-util-0.33.0.jar:/home/runner/.m2/repository/io/opentracing/opentracing-api/0.33.0/opentracing-api-0.33.0.jar:/home/runner/.m2/repository/io/opentracing/opentracing-noop/0.33.0/opentracing-noop-0.33.0.jar:/home/runner/.m2/repository/org/yaml/snakeyaml/1.26/snakeyaml-1.26.jar:/home/runner/.m2/repository/org/apache/ozone/hdds-interface-admin/1.2.0-SNAPSHOT/hdds-interface-admin-1.2.0-SNAPSHOT.jar:/home/runner/.m2/repository/junit/junit/4.13.1/junit-4.13.1.jar:/home/runner/.m2/repository/org/hamcrest/hamcrest-core/1.3/hamcrest-core-1.3.jar:/home/runner/.m2/repository/org/junit/jupiter/junit-jupiter-api/5.7.0/junit-jupiter-api-5.7.0.jar:/home/runner/.m2/repository/org/apiguardian/apiguardian-api/1.1.0/apiguardian-api-1.1.0.jar:/home/runner/.m2/repository/org/opentest4j/opentest4j/1.2.0/opentest4j-1.2.0.jar:/home/runner/.m2/repository/org/junit/platform/junit-platform-commons/1.7.0/junit-platform-commons-1.7.0.jar:/home/runner/.m2/repository/org/junit/jupiter/junit-jupiter-engine/5.7.0/junit-jupiter-engine-5.7.0.jar:/home/runner/.m2/repository/org/junit/platform/junit-platform-engine/1.7.0/junit-platform-engine-1.7.0.jar:/home/runner/.m2/repository/org/junit/vintage/junit-vintage-engine/5.7.0/junit-vintage-engine-5.7.0.jar:/home/runner/.m2/repository/org/junit/platform/junit-platform-launcher/1.7.0/junit-platform-launcher-1.7.0.jar:/home/runner/.m2/repository/org/openjdk/jmh/jmh-core/1.19/jmh-core-1.19.jar:/home/runner/.m2/repository/net/sf/jopt-simple/jopt-simple/4.6/jopt-simple-4.6.jar:/home/runner/.m2/repository/org/apache/commons/commons-math3/3.1.1/commons-math3-3.1.1.jar:/home/runner/.m2/repository/org/openjdk/jmh/jmh-generator-annprocess/1.19/jmh-generator-annprocess-1.19.jar:/home/runner/.m2/repository/org/mockito/mockito-core/2.28.2/mockito-core-2.28.2.jar:/home/runner/.m2/repository/net/bytebuddy/byte-buddy/1.9.10/byte-buddy-1.9.10.jar:/home/runner/.m2/repository/net/bytebuddy/byte-buddy-agent/1.9.10/byte-buddy-agent-1.9.10.jar:/home/runner/.m2/repository/org/objenesis/objenesis/1.0/objenesis-1.0.jar:/home/runner/.m2/repository/org/apache/hadoop/hadoop-kms/3.3.1/hadoop-kms-3.3.1.jar:/home/runner/.m2/repository/org/apache/hadoop/hadoop-auth/3.3.1/hadoop-auth-3.3.1.jar:/home/runner/.m2/repository/com/nimbusds/nimbus-jose-jwt/7.9/nimbus-jose-jwt-7.9.jar:/home/runner/.m2/repository/com/github/stephenc/jcip/jcip-annotations/1.0-1/jcip-annotations-1.0-1.jar:/home/runner/.m2/repository/net/minidev/json-smart/2.3/json-smart-2.3.jar:/home/runner/.m2/repository/net/minidev/accessors-smart/1.2/accessors-smart-1.2.jar:/home/runner/.m2/repository/org/ow2/asm/asm/5.0.4/asm-5.0.4.jar:/home/runner/.m2/repository/org/apache/zookeeper/zookeeper/3.5.6/zookeeper-3.5.6.jar:/home/runner/.m2/repository/org/apache/zookeeper/zookeeper-jute/3.5.6/zookeeper-jute-3.5.6.jar:/home/runner/.m2/repository/org/apache/yetus/audience-annotations/0.5.0/audience-annotations-0.5.0.jar:/home/runner/.m2/repository/org/apache/curator/curator-framework/4.2.0/curator-framework-4.2.0.jar:/home/runner/.m2/repository/org/apache/hadoop/thirdparty/hadoop-shaded-guava/1.1.1/hadoop-shaded-guava-1.1.1.jar:/home/runner/.m2/repository/com/sun/jersey/jersey-core/1.19/jersey-core-1.19.jar:/home/runner/.m2/repository/javax/ws/rs/jsr311-api/1.1.1/jsr311-api-1.1.1.jar:/home/runner/.m2/repository/com/sun/jersey/jersey-server/1.19/jersey-server-1.19.jar:/home/runner/.m2/repository/javax/servlet/javax.servlet-api/3.1.0/javax.servlet-api-3.1.0.jar:/home/runner/.m2/repository/org/eclipse/jetty/jetty-server/9.4.35.v20201120/jetty-server-9.4.35.v20201120.jar:/home/runner/.m2/repository/org/eclipse/jetty/jetty-http/9.4.35.v20201120/jetty-http-9.4.35.v20201120.jar:/home/runner/.m2/repository/org/eclipse/jetty/jetty-io/9.4.35.v20201120/jetty-io-9.4.35.v20201120.jar:/home/runner/.m2/repository/org/eclipse/jetty/jetty-webapp/9.4.35.v20201120/jetty-webapp-9.4.35.v20201120.jar:/home/runner/.m2/repository/org/eclipse/jetty/jetty-xml/9.4.35.v20201120/jetty-xml-9.4.35.v20201120.jar:/home/runner/.m2/repository/org/apache/hadoop/hadoop-common/3.3.1/hadoop-common-3.3.1.jar:/home/runner/.m2/repository/commons-net/commons-net/3.6/commons-net-3.6.jar:/home/runner/.m2/repository/jakarta/activation/jakarta.activation-api/1.2.1/jakarta.activation-api-1.2.1.jar:/home/runner/.m2/repository/com/sun/jersey/jersey-servlet/1.19/jersey-servlet-1.19.jar:/home/runner/.m2/repository/com/sun/jersey/jersey-json/1.19/jersey-json-1.19.jar:/home/runner/.m2/repository/org/codehaus/jettison/jettison/1.1/jettison-1.1.jar:/home/runner/.m2/repository/com/sun/xml/bind/jaxb-impl/2.2.3-1/jaxb-impl-2.2.3-1.jar:/home/runner/.m2/repository/org/codehaus/jackson/jackson-jaxrs/1.9.2/jackson-jaxrs-1.9.2.jar:/home/runner/.m2/repository/org/codehaus/jackson/jackson-xc/1.9.2/jackson-xc-1.9.2.jar:/home/runner/.m2/repository/org/apache/commons/commons-configuration2/2.1.1/commons-configuration2-2.1.1.jar:/home/runner/.m2/repository/org/apache/commons/commons-text/1.4/commons-text-1.4.jar:/home/runner/.m2/repository/com/google/re2j/re2j/1.1/re2j-1.1.jar:/home/runner/.m2/repository/com/jcraft/jsch/0.1.54/jsch-0.1.54.jar:/home/runner/.m2/repository/org/apache/curator/curator-client/4.2.0/curator-client-4.2.0.jar:/home/runner/.m2/repository/org/apache/curator/curator-recipes/4.2.0/curator-recipes-4.2.0.jar:/home/runner/.m2/repository/org/apache/kerby/kerb-core/1.0.1/kerb-core-1.0.1.jar:/home/runner/.m2/repository/org/apache/kerby/kerby-pkix/1.0.1/kerby-pkix-1.0.1.jar:/home/runner/.m2/repository/org/apache/kerby/kerby-asn1/1.0.1/kerby-asn1-1.0.1.jar:/home/runner/.m2/repository/org/apache/kerby/kerby-util/1.0.1/kerby-util-1.0.1.jar:/home/runner/.m2/repository/dnsjava/dnsjava/2.1.7/dnsjava-2.1.7.jar:/home/runner/.m2/repository/org/xerial/snappy/snappy-java/1.1.8.2/snappy-java-1.1.8.2.jar:/home/runner/.m2/repository/org/slf4j/jul-to-slf4j/1.7.30/jul-to-slf4j-1.7.30.jar:/home/runner/.m2/repository/org/eclipse/jetty/jetty-util/9.4.35.v20201120/jetty-util-9.4.35.v20201120.jar:/home/runner/.m2/repository/com/fasterxml/jackson/core/jackson-databind/2.12.1/jackson-databind-2.12.1.jar:/home/runner/.m2/repository/org/apache/hadoop/hadoop-kms/3.3.1/hadoop-kms-3.3.1-tests.jar:/home/runner/.m2/repository/org/apache/ozone/hdds-server-scm/1.2.0-SNAPSHOT/hdds-server-scm-1.2.0-SNAPSHOT-tests.jar:/home/runner/.m2/repository/org/apache/ozone/hdds-container-service/1.2.0-SNAPSHOT/hdds-container-service-1.2.0-SNAPSHOT-tests.jar:/home/runner/.m2/repository/commons-codec/commons-codec/1.11/commons-codec-1.11.jar:/home/runner/.m2/repository/io/netty/netty-transport/4.1.63.Final/netty-transport-4.1.63.Final.jar:/home/runner/.m2/repository/io/netty/netty-resolver/4.1.63.Final/netty-resolver-4.1.63.Final.jar:/home/runner/.m2/repository/io/netty/netty-codec/4.1.63.Final/netty-codec-4.1.63.Final.jar:/home/runner/.m2/repository/io/netty/netty-handler/4.1.63.Final/netty-handler-4.1.63.Final.jar:/home/runner/.m2/repository/org/apache/ozone/hdds-hadoop-dependency-test/1.2.0-SNAPSHOT/hdds-hadoop-dependency-test-1.2.0-SNAPSHOT.jar:/home/runner/.m2/repository/org/apache/hadoop/hadoop-common/3.3.1/hadoop-common-3.3.1-tests.jar:/home/runner/.m2/repository/org/assertj/assertj-core/3.12.2/assertj-core-3.12.2.jar:/home/runner/.m2/repository/org/apache/hadoop/hadoop-hdfs/3.3.1/hadoop-hdfs-3.3.1-tests.jar:/home/runner/.m2/repository/org/eclipse/jetty/jetty-util-ajax/9.4.35.v20201120/jetty-util-ajax-9.4.35.v20201120.jar:/home/runner/.m2/repository/commons-daemon/commons-daemon/1.0.13/commons-daemon-1.0.13.jar:/home/runner/.m2/repository/io/netty/netty/3.10.6.Final/netty-3.10.6.Final.jar:/home/runner/.m2/repository/io/netty/netty-all/4.1.63.Final/netty-all-4.1.63.Final.jar:/home/runner/.m2/repository/org/apache/htrace/htrace-core4/4.1.0-incubating/htrace-core4-4.1.0-incubating.jar:/home/runner/.m2/repository/org/fusesource/leveldbjni/leveldbjni-all/1.8/leveldbjni-all-1.8.jar:/home/runner/.m2/repository/org/apache/hadoop/hadoop-distcp/3.3.1/hadoop-distcp-3.3.1.jar:/home/runner/.m2/repository/org/apache/hadoop/hadoop-mapreduce-client-jobclient/3.3.1/hadoop-mapreduce-client-jobclient-3.3.1.jar:/home/runner/.m2/repository/org/apache/hadoop/hadoop-mapreduce-client-common/3.3.1/hadoop-mapreduce-client-common-3.3.1.jar:/home/runner/.m2/repository/org/apache/hadoop/hadoop-yarn-common/3.3.1/hadoop-yarn-common-3.3.1.jar:/home/runner/.m2/repository/org/apache/hadoop/hadoop-yarn-api/3.3.1/hadoop-yarn-api-3.3.1.jar:/home/runner/.m2/repository/com/sun/jersey/jersey-client/1.19/jersey-client-1.19.jar:/home/runner/.m2/repository/com/sun/jersey/contribs/jersey-guice/1.19/jersey-guice-1.19.jar:/home/runner/.m2/repository/com/fasterxml/jackson/jaxrs/jackson-jaxrs-json-provider/2.12.1/jackson-jaxrs-json-provider-2.12.1.jar:/home/runner/.m2/repository/com/fasterxml/jackson/jaxrs/jackson-jaxrs-base/2.12.1/jackson-jaxrs-base-2.12.1.jar:/home/runner/.m2/repository/org/apache/hadoop/hadoop-yarn-client/3.3.1/hadoop-yarn-client-3.3.1.jar:/home/runner/.m2/repository/org/eclipse/jetty/websocket/websocket-client/9.4.40.v20210413/websocket-client-9.4.40.v20210413.jar:/home/runner/.m2/repository/org/eclipse/jetty/jetty-client/9.4.40.v20210413/jetty-client-9.4.40.v20210413.jar:/home/runner/.m2/repository/org/eclipse/jetty/websocket/websocket-common/9.4.40.v20210413/websocket-common-9.4.40.v20210413.jar:/home/runner/.m2/repository/org/eclipse/jetty/websocket/websocket-api/9.4.40.v20210413/websocket-api-9.4.40.v20210413.jar:/home/runner/.m2/repository/org/jline/jline/3.9.0/jline-3.9.0.jar:/home/runner/.m2/repository/org/apache/hadoop/hadoop-mapreduce-client-core/3.3.1/hadoop-mapreduce-client-core-3.3.1.jar:/home/runner/.m2/repository/org/apache/avro/avro/1.7.7/avro-1.7.7.jar:/home/runner/.m2/repository/org/codehaus/jackson/jackson-core-asl/1.9.13/jackson-core-asl-1.9.13.jar:/home/runner/.m2/repository/org/codehaus/jackson/jackson-mapper-asl/1.9.13/jackson-mapper-asl-1.9.13.jar:/home/runner/.m2/repository/com/thoughtworks/paranamer/paranamer/2.3/paranamer-2.3.jar:/home/runner/.m2/repository/org/apache/hadoop/hadoop-annotations/3.3.1/hadoop-annotations-3.3.1.jar:/usr/lib/jvm/adoptopenjdk-8-hotspot-amd64/jre/../lib/tools.jar:/home/runner/.m2/repository/org/apache/hadoop/hadoop-distcp/3.3.1/hadoop-distcp-3.3.1-tests.jar:"/>
    <property name="sun.cpu.endian" value="little"/>
    <property name="user.home" value="/home/runner"/>
    <property name="user.language" value="en"/>
    <property name="java.specification.vendor" value="Oracle Corporation"/>
    <property name="java.home" value="/usr/lib/jvm/adoptopenjdk-8-hotspot-amd64/jre"/>
    <property name="java.security.krb5.conf" value="/home/runner/work/ozone/ozone/mnt/ozone/hadoop-ozone/integration-test/target/test-classes/krb5.conf"/>
    <property name="basedir" value="/home/runner/work/ozone/ozone/mnt/ozone/hadoop-ozone/integration-test"/>
    <property name="file.separator" value="/"/>
    <property name="line.separator" value="&#10;"/>
    <property name="java.vm.specification.vendor" value="Oracle Corporation"/>
    <property name="java.specification.name" value="Java Platform API Specification"/>
    <property name="java.awt.graphicsenv" value="sun.awt.X11GraphicsEnvironment"/>
    <property name="skip.installnpx" value="true"/>
    <property name="surefire.real.class.path" value="/home/runner/work/ozone/ozone/mnt/ozone/hadoop-ozone/integration-test/target/surefire/surefirebooter8731024448161241089.jar:/home/runner/.m2/repository/org/jacoco/org.jacoco.agent/0.8.5/org.jacoco.agent-0.8.5-runtime.jar"/>
    <property name="hadoop.log.dir" value="/home/runner/work/ozone/ozone/mnt/ozone/hadoop-ozone/integration-test/target/log"/>
    <property name="sun.boot.class.path" value="/usr/lib/jvm/adoptopenjdk-8-hotspot-amd64/jre/lib/resources.jar:/usr/lib/jvm/adoptopenjdk-8-hotspot-amd64/jre/lib/rt.jar:/usr/lib/jvm/adoptopenjdk-8-hotspot-amd64/jre/lib/sunrsasign.jar:/usr/lib/jvm/adoptopenjdk-8-hotspot-amd64/jre/lib/jsse.jar:/usr/lib/jvm/adoptopenjdk-8-hotspot-amd64/jre/lib/jce.jar:/usr/lib/jvm/adoptopenjdk-8-hotspot-amd64/jre/lib/charsets.jar:/usr/lib/jvm/adoptopenjdk-8-hotspot-amd64/jre/lib/jfr.jar:/usr/lib/jvm/adoptopenjdk-8-hotspot-amd64/jre/classes"/>
    <property name="sun.management.compiler" value="HotSpot 64-Bit Tiered Compilers"/>
    <property name="skip.npx" value="true"/>
    <property name="java.runtime.version" value="1.8.0_292-b10"/>
    <property name="java.net.preferIPv4Stack" value="true"/>
    <property name="user.name" value="runner"/>
    <property name="path.separator" value=":"/>
    <property name="java.security.egd" value="file:///dev/urandom"/>
    <property name="os.version" value="5.4.0-1051-azure"/>
    <property name="java.endorsed.dirs" value="/usr/lib/jvm/adoptopenjdk-8-hotspot-amd64/jre/lib/endorsed"/>
    <property name="java.runtime.name" value="OpenJDK Runtime Environment"/>
    <property name="file.encoding" value="UTF-8"/>
    <property name="java.vm.name" value="OpenJDK 64-Bit Server VM"/>
    <property name="test.build.webapps" value=""/>
    <property name="localRepository" value="/home/runner/.m2/repository"/>
    <property name="java.vendor.url.bug" value="https://github.com/AdoptOpenJDK/openjdk-support/issues"/>
    <property name="java.io.tmpdir" value="/tmp"/>
    <property name="require.test.libhadoop" value=""/>
    <property name="java.version" value="1.8.0_292"/>
    <property name="user.dir" value="/home/runner/work/ozone/ozone/mnt/ozone/hadoop-ozone/integration-test"/>
    <property name="os.arch" value="amd64"/>
    <property name="java.vm.specification.name" value="Java Virtual Machine Specification"/>
    <property name="test.build.classes" value="/home/runner/work/ozone/ozone/mnt/ozone/hadoop-ozone/integration-test/target/test-classes"/>
    <property name="java.awt.printerjob" value="sun.print.PSPrinterJob"/>
    <property name="sun.os.patch.level" value="unknown"/>
    <property name="hadoop.tmp.dir" value="/home/runner/work/ozone/ozone/mnt/ozone/hadoop-ozone/integration-test/target/tmp"/>
    <property name="java.library.path" value="/usr/java/packages/lib/amd64:/usr/lib64:/lib64:/lib:/usr/lib"/>
    <property name="java.vm.info" value="mixed mode"/>
    <property name="java.vendor" value="AdoptOpenJDK"/>
    <property name="java.vm.version" value="25.292-b10"/>
    <property name="java.ext.dirs" value="/usr/lib/jvm/adoptopenjdk-8-hotspot-amd64/jre/lib/ext:/usr/java/packages/lib/ext"/>
    <property name="sun.io.unicode.encoding" value="UnicodeLittle"/>
    <property name="java.class.version" value="52.0"/>
  </properties>
  <testcase name="testPipelineCloseWithPipelineAction" classname="org.apache.hadoop.hdds.scm.pipeline.TestPipelineClose" time="32.989"/>
  <testcase name="testPipelineCloseWithOpenContainer" classname="org.apache.hadoop.hdds.scm.pipeline.TestPipelineClose" time="39.358"/>
  <testcase name="testPipelineCloseWithClosedContainer" classname="org.apache.hadoop.hdds.scm.pipeline.TestPipelineClose" time="28.222"/>
  <testcase name="testPipelineCloseWithLogFailure" classname="org.apache.hadoop.hdds.scm.pipeline.TestPipelineClose" time="45.489">
    <failure message="&#10;Wanted but not invoked:&#10;pipelineActionHandler.onMessage(&#10;    &lt;Capturing argument&gt;,&#10;    &lt;any org.apache.hadoop.hdds.server.events.EventPublisher&gt;&#10;);&#10;-&gt; at org.apache.hadoop.hdds.scm.pipeline.PipelineActionHandler.onMessage(PipelineActionHandler.java:64)&#10;Actually, there were zero interactions with this mock.&#10;" type="Wanted but not invoked"><![CDATA[Wanted but not invoked:
pipelineActionHandler.onMessage(
    <Capturing argument>,
    <any org.apache.hadoop.hdds.server.events.EventPublisher>
);
-> at org.apache.hadoop.hdds.scm.pipeline.PipelineActionHandler.onMessage(PipelineActionHandler.java:64)
Actually, there were zero interactions with this mock.

	at org.apache.hadoop.hdds.scm.pipeline.PipelineActionHandler.onMessage(PipelineActionHandler.java:64)
	at org.apache.hadoop.hdds.scm.pipeline.TestPipelineClose.testPipelineCloseWithLogFailure(TestPipelineClose.java:246)
	at sun.reflect.NativeMethodAccessorImpl.invoke0(Native Method)
	at sun.reflect.NativeMethodAccessorImpl.invoke(NativeMethodAccessorImpl.java:62)
	at sun.reflect.DelegatingMethodAccessorImpl.invoke(DelegatingMethodAccessorImpl.java:43)
	at java.lang.reflect.Method.invoke(Method.java:498)
	at org.junit.runners.model.FrameworkMethod$1.runReflectiveCall(FrameworkMethod.java:59)
	at org.junit.internal.runners.model.ReflectiveCallable.run(ReflectiveCallable.java:12)
	at org.junit.runners.model.FrameworkMethod.invokeExplosively(FrameworkMethod.java:56)
	at org.junit.internal.runners.statements.InvokeMethod.evaluate(InvokeMethod.java:17)
	at org.junit.internal.runners.statements.RunBefores.evaluate(RunBefores.java:26)
	at org.junit.internal.runners.statements.RunAfters.evaluate(RunAfters.java:27)
	at org.junit.internal.runners.statements.FailOnTimeout$CallableStatement.call(FailOnTimeout.java:288)
	at org.junit.internal.runners.statements.FailOnTimeout$CallableStatement.call(FailOnTimeout.java:282)
	at java.util.concurrent.FutureTask.run(FutureTask.java:266)
	at java.lang.Thread.run(Thread.java:748)
]]></failure>
    <system-out><![CDATA[2021-07-27 01:06:59,445 [Time-limited test] WARN  server.ServerUtils (ServerUtils.java:getScmDbDir(148)) - ozone.scm.db.dirs is not configured. We recommend adding this setting. Falling back to ozone.metadata.dirs instead.
2021-07-27 01:06:59,447 [Time-limited test] INFO  ha.SCMHANodeDetails (SCMHANodeDetails.java:loadSCMHAConfig(157)) - ServiceID for StorageContainerManager is null
2021-07-27 01:06:59,448 [Time-limited test] INFO  ha.SCMHANodeDetails (SCMHANodeDetails.java:loadSCMHAConfig(162)) - ozone.scm.default.service.id is not defined, falling back to ozone.scm.service.ids to find serviceID for StorageContainerManager if it is HA enabled cluster
2021-07-27 01:06:59,448 [Time-limited test] WARN  server.ServerUtils (ServerUtils.java:getScmDbDir(148)) - ozone.scm.db.dirs is not configured. We recommend adding this setting. Falling back to ozone.metadata.dirs instead.
2021-07-27 01:06:59,448 [Time-limited test] INFO  upgrade.AbstractLayoutVersionManager (AbstractLayoutVersionManager.java:init(70)) - Initializing Layout version manager with metadata layout = SCM_HA (version = 2), software layout = SCM_HA (version = 2)
2021-07-27 01:06:59,484 [Time-limited test] INFO  reflections.Reflections (Reflections.java:scan(232)) - Reflections took 35 ms to scan 7 urls, producing 119 keys and 271 values 
2021-07-27 01:06:59,485 [Time-limited test] WARN  utils.HAUtils (HAUtils.java:getMetaDir(342)) - ozone.scm.db.dirs is not configured. We recommend adding this setting. Falling back to ozone.metadata.dirs instead.
2021-07-27 01:06:59,486 [Time-limited test] WARN  db.DBStoreBuilder (DBStoreBuilder.java:applyDBDefinition(145)) - ozone.scm.db.dirs is not configured. We recommend adding this setting. Falling back to ozone.metadata.dirs instead.
2021-07-27 01:06:59,555 [Time-limited test] INFO  net.NodeSchemaLoader (NodeSchemaLoader.java:loadSchemaFromFile(129)) - Loading schema from [jar:file:/home/runner/.m2/repository/org/apache/ozone/hdds-common/1.2.0-SNAPSHOT/hdds-common-1.2.0-SNAPSHOT.jar!/network-topology-default.xml]
2021-07-27 01:06:59,555 [Time-limited test] INFO  net.NodeSchemaLoader (NodeSchemaLoader.java:loadSchema(176)) - Loading network topology layer schema file
2021-07-27 01:06:59,558 [Time-limited test] INFO  ha.SequenceIdGenerator (SequenceIdGenerator.java:upgradeToSequenceId(327)) - upgrade localId to 107544261427200000
2021-07-27 01:06:59,558 [Time-limited test] INFO  ha.SequenceIdGenerator (SequenceIdGenerator.java:upgradeToSequenceId(337)) - upgrade delTxnId to 0
2021-07-27 01:06:59,558 [Time-limited test] INFO  ha.SequenceIdGenerator (SequenceIdGenerator.java:upgradeToSequenceId(351)) - upgrade containerId to 0
2021-07-27 01:06:59,558 [Time-limited test] INFO  ha.SequenceIdGenerator (SequenceIdGenerator.java:<init>(217)) - Init the HA SequenceIdGenerator.
2021-07-27 01:06:59,558 [Time-limited test] WARN  server.ServerUtils (ServerUtils.java:sanitizeUserArgs(73)) - ozone.scm.stale.node.interval value = 300000 is larger than max = 100000 based on the key value of ozone.scm.heartbeat.thread.interval, reset to the max value 100000.
2021-07-27 01:06:59,558 [Time-limited test] WARN  server.ServerUtils (ServerUtils.java:sanitizeUserArgs(73)) - ozone.scm.stale.node.interval value = 300000 is larger than max = 100000 based on the key value of ozone.scm.heartbeat.thread.interval, reset to the max value 100000.
2021-07-27 01:06:59,560 [Time-limited test] INFO  node.SCMNodeManager (SCMNodeManager.java:<init>(141)) - Entering startup safe mode.
2021-07-27 01:06:59,560 [Time-limited test] INFO  algorithms.ContainerPlacementPolicyFactory (ContainerPlacementPolicyFactory.java:getPolicy(60)) - Create container placement policy of type org.apache.hadoop.hdds.scm.container.placement.algorithms.SCMContainerPlacementRandom
2021-07-27 01:06:59,560 [Time-limited test] INFO  pipeline.PipelineStateManager (PipelineStateManagerV2Impl.java:initialize(78)) - No pipeline exists in current db
2021-07-27 01:06:59,561 [Time-limited test] INFO  algorithms.LeaderChoosePolicyFactory (LeaderChoosePolicyFactory.java:getPolicy(57)) - Create leader choose policy of type org.apache.hadoop.hdds.scm.pipeline.leader.choose.algorithms.MinLeaderCountChoosePolicy
2021-07-27 01:06:59,561 [Time-limited test] INFO  ha.SCMServiceManager (SCMServiceManager.java:register(43)) - Registering service BackgroundPipelineCreator.
2021-07-27 01:06:59,561 [Time-limited test] INFO  pipeline.BackgroundPipelineCreator (BackgroundPipelineCreatorV2.java:start(130)) - Starting RatisPipelineUtilsThread.
2021-07-27 01:06:59,562 [Time-limited test] INFO  algorithms.PipelineChoosePolicyFactory (PipelineChoosePolicyFactory.java:createPipelineChoosePolicyFromClass(73)) - Create pipeline choose policy of type org.apache.hadoop.hdds.scm.pipeline.choose.algorithms.RandomPipelineChoosePolicy
2021-07-27 01:06:59,562 [Time-limited test] INFO  ha.SCMServiceManager (SCMServiceManager.java:register(43)) - Registering service SCMBlockDeletingService.
2021-07-27 01:06:59,562 [Time-limited test] INFO  ha.SCMServiceManager (SCMServiceManager.java:register(43)) - Registering service ReplicationManager.
2021-07-27 01:06:59,562 [Time-limited test] INFO  container.ReplicationManager (ReplicationManager.java:start(286)) - Starting Replication Monitor Thread.
2021-07-27 01:06:59,562 [Time-limited test] INFO  safemode.ContainerSafeModeRule (ContainerSafeModeRule.java:<init>(89)) - containers with one replica threshold count 0
2021-07-27 01:06:59,563 [Time-limited test] INFO  safemode.HealthyPipelineSafeModeRule (HealthyPipelineSafeModeRule.java:initializeRule(156)) - Total pipeline count is 0, healthy pipeline threshold count is 1
2021-07-27 01:06:59,563 [Time-limited test] INFO  safemode.OneReplicaPipelineSafeModeRule (OneReplicaPipelineSafeModeRule.java:initializeRule(180)) - Total pipeline count is 0, pipeline's with at least one datanode reported threshold count is 0
2021-07-27 01:06:59,563 [ReplicationMonitor] INFO  container.ReplicationManager (ReplicationManager.java:processAll(341)) - Replication Monitor Thread took 1 milliseconds for processing 0 containers.
2021-07-27 01:06:59,563 [Time-limited test] INFO  ipc.CallQueueManager (CallQueueManager.java:<init>(90)) - Using callQueue: class java.util.concurrent.LinkedBlockingQueue, queueCapacity: 2000, scheduler: class org.apache.hadoop.ipc.DefaultRpcScheduler, ipcBackoff: false.
2021-07-27 01:06:59,564 [Socket Reader #1 for port 0] INFO  ipc.Server (Server.java:run(1265)) - Starting Socket Reader #1 for port 0
2021-07-27 01:06:59,568 [Listener at 0.0.0.0/45411] INFO  ipc.CallQueueManager (CallQueueManager.java:<init>(90)) - Using callQueue: class java.util.concurrent.LinkedBlockingQueue, queueCapacity: 2000, scheduler: class org.apache.hadoop.ipc.DefaultRpcScheduler, ipcBackoff: false.
2021-07-27 01:06:59,568 [Socket Reader #1 for port 0] INFO  ipc.Server (Server.java:run(1265)) - Starting Socket Reader #1 for port 0
2021-07-27 01:06:59,571 [Listener at 0.0.0.0/41161] INFO  ipc.CallQueueManager (CallQueueManager.java:<init>(90)) - Using callQueue: class java.util.concurrent.LinkedBlockingQueue, queueCapacity: 2000, scheduler: class org.apache.hadoop.ipc.DefaultRpcScheduler, ipcBackoff: false.
2021-07-27 01:06:59,571 [Socket Reader #1 for port 0] INFO  ipc.Server (Server.java:run(1265)) - Starting Socket Reader #1 for port 0
2021-07-27 01:06:59,587 [Listener at 0.0.0.0/46425] INFO  server.StorageContainerManager (StorageContainerManager.java:<init>(380)) - 
Container Balancer status:
Key                            Value
Running                        true
Container Balancer Configuration values:
Key                            Value
Threshold                      0.1
Max Datanodes to Balance       5
Max Size to Move               10737418240B

2021-07-27 01:06:59,587 [Listener at 0.0.0.0/46425] WARN  events.EventQueue (EventQueue.java:fireEvent(194)) - No event handler registered for event TypedEvent{payloadType=SafeModeStatus, name='Safe mode status'}
2021-07-27 01:06:59,587 [Listener at 0.0.0.0/46425] INFO  ha.SCMContext (SCMContext.java:updateSafeModeStatus(205)) - Update SafeModeStatus from SafeModeStatus{safeModeStatus=true, preCheckPassed=false} to SafeModeStatus{safeModeStatus=true, preCheckPassed=false}.
2021-07-27 01:06:59,588 [Listener at 0.0.0.0/46425] INFO  server.StorageContainerManager (StorageContainerManager.java:start(1245)) - StorageContainerLocationProtocol RPC server is listening at /0.0.0.0:46425
2021-07-27 01:06:59,589 [Listener at 0.0.0.0/46425] WARN  impl.MetricsConfig (MetricsConfig.java:loadFirst(136)) - Cannot locate configuration: tried hadoop-metrics2-storagecontainermanager.properties,hadoop-metrics2.properties
2021-07-27 01:06:59,591 [Listener at 0.0.0.0/46425] INFO  impl.MetricsSystemImpl (MetricsSystemImpl.java:startTimer(378)) - Scheduled Metric snapshot period at 10 second(s).
2021-07-27 01:06:59,591 [Listener at 0.0.0.0/46425] INFO  impl.MetricsSystemImpl (MetricsSystemImpl.java:start(191)) - StorageContainerManager metrics system started
2021-07-27 01:06:59,598 [Listener at 0.0.0.0/46425] INFO  impl.MetricsSinkAdapter (MetricsSinkAdapter.java:start(204)) - Sink prometheus started
2021-07-27 01:06:59,598 [Listener at 0.0.0.0/46425] INFO  impl.MetricsSystemImpl (MetricsSystemImpl.java:registerSink(305)) - Registered sink prometheus
2021-07-27 01:06:59,613 [Listener at 0.0.0.0/46425] INFO  server.SCMClientProtocolServer (SCMClientProtocolServer.java:start(165)) - RPC server for Client  is listening at /0.0.0.0:46425
2021-07-27 01:06:59,614 [IPC Server Responder] INFO  ipc.Server (Server.java:run(1507)) - IPC Server Responder: starting
2021-07-27 01:06:59,614 [IPC Server listener on 0] INFO  ipc.Server (Server.java:run(1344)) - IPC Server listener on 0: starting
2021-07-27 01:06:59,621 [Listener at 0.0.0.0/46425] INFO  server.StorageContainerManager (StorageContainerManager.java:start(1260)) - ScmBlockLocationProtocol RPC server is listening at /0.0.0.0:41161
2021-07-27 01:06:59,621 [Listener at 0.0.0.0/46425] INFO  server.SCMBlockProtocolServer (SCMBlockProtocolServer.java:start(151)) - RPC server for Block Protocol is listening at /0.0.0.0:41161
2021-07-27 01:06:59,622 [IPC Server Responder] INFO  ipc.Server (Server.java:run(1507)) - IPC Server Responder: starting
2021-07-27 01:06:59,622 [IPC Server listener on 0] INFO  ipc.Server (Server.java:run(1344)) - IPC Server listener on 0: starting
2021-07-27 01:06:59,628 [Listener at 0.0.0.0/46425] INFO  server.StorageContainerManager (StorageContainerManager.java:start(1266)) - ScmDatanodeProtocl RPC server is listening at /0.0.0.0:45411
2021-07-27 01:06:59,628 [Listener at 0.0.0.0/46425] INFO  server.SCMDatanodeProtocolServer (SCMDatanodeProtocolServer.java:start(181)) - RPC server for DataNodes is listening at /0.0.0.0:45411
2021-07-27 01:06:59,629 [IPC Server Responder] INFO  ipc.Server (Server.java:run(1507)) - IPC Server Responder: starting
2021-07-27 01:06:59,632 [IPC Server listener on 0] INFO  ipc.Server (Server.java:run(1344)) - IPC Server listener on 0: starting
2021-07-27 01:06:59,636 [org.apache.hadoop.util.JvmPauseMonitor$Monitor@6f14a203] INFO  util.JvmPauseMonitor (JvmPauseMonitor.java:run(188)) - Starting JVM pause monitor
2021-07-27 01:06:59,637 [Listener at 0.0.0.0/46425] INFO  http.BaseHttpServer (BaseHttpServer.java:newHttpServer2BuilderForOzone(209)) - Starting Web-server for scm at: http://0.0.0.0:0
2021-07-27 01:06:59,637 [Listener at 0.0.0.0/46425] INFO  http.BaseHttpServer (BaseHttpServer.java:<init>(107)) - Hadoop Security Enabled: false Ozone Security Enabled: false Ozone HTTP Security Enabled: false 
2021-07-27 01:06:59,638 [Listener at 0.0.0.0/46425] INFO  server.AuthenticationFilter (AuthenticationFilter.java:constructSecretProvider(240)) - Unable to initialize FileSignerSecretProvider, falling back to use random secrets.
2021-07-27 01:06:59,639 [Listener at 0.0.0.0/46425] WARN  http.HttpRequestLog (HttpRequestLog.java:getRequestLog(103)) - Jetty request log can only be enabled using Log4j
2021-07-27 01:06:59,639 [Listener at 0.0.0.0/46425] INFO  http.HttpServer2 (HttpServer2.java:addGlobalFilter(1020)) - Added global filter 'safety' (class=org.apache.hadoop.hdds.server.http.HttpServer2$QuotingInputFilter)
2021-07-27 01:06:59,640 [Listener at 0.0.0.0/46425] INFO  http.HttpServer2 (HttpServer2.java:addFilter(996)) - Added filter static_user_filter (class=org.apache.hadoop.http.lib.StaticUserWebFilter$StaticUserFilter) to context scm
2021-07-27 01:06:59,640 [Listener at 0.0.0.0/46425] INFO  http.HttpServer2 (HttpServer2.java:addFilter(1004)) - Added filter static_user_filter (class=org.apache.hadoop.http.lib.StaticUserWebFilter$StaticUserFilter) to context logs
2021-07-27 01:06:59,640 [Listener at 0.0.0.0/46425] INFO  http.HttpServer2 (HttpServer2.java:addFilter(1004)) - Added filter static_user_filter (class=org.apache.hadoop.http.lib.StaticUserWebFilter$StaticUserFilter) to context static
2021-07-27 01:06:59,641 [Listener at 0.0.0.0/46425] INFO  http.HttpServer2 (HttpServer2.java:bindListener(1239)) - Jetty bound to port 37991
2021-07-27 01:06:59,641 [Listener at 0.0.0.0/46425] INFO  server.Server (Server.java:doStart(375)) - jetty-9.4.35.v20201120; built: 2020-11-20T21:17:03.964Z; git: bdc54f03a5e0a7e280fab27f55c3c75ee8da89fb; jvm 1.8.0_292-b10
2021-07-27 01:06:59,642 [Listener at 0.0.0.0/46425] INFO  server.session (DefaultSessionIdManager.java:doStart(334)) - DefaultSessionIdManager workerName=node0
2021-07-27 01:06:59,642 [Listener at 0.0.0.0/46425] INFO  server.session (DefaultSessionIdManager.java:doStart(339)) - No SessionScavenger set, using defaults
2021-07-27 01:06:59,642 [Listener at 0.0.0.0/46425] INFO  server.session (HouseKeeper.java:startScavenging(132)) - node0 Scavenging every 660000ms
2021-07-27 01:06:59,643 [Listener at 0.0.0.0/46425] INFO  handler.ContextHandler (ContextHandler.java:doStart(916)) - Started o.e.j.s.ServletContextHandler@413992b3{logs,/logs,file:///home/runner/work/ozone/ozone/mnt/ozone/hadoop-ozone/integration-test/target/log,AVAILABLE}
2021-07-27 01:06:59,643 [Listener at 0.0.0.0/46425] INFO  handler.ContextHandler (ContextHandler.java:doStart(916)) - Started o.e.j.s.ServletContextHandler@7e3e7920{static,/static,file:///home/runner/work/ozone/ozone/mnt/ozone/hadoop-ozone/integration-test/target/test-classes/webapps/static,AVAILABLE}
2021-07-27 01:06:59,647 [Listener at 0.0.0.0/46425] INFO  handler.ContextHandler (ContextHandler.java:doStart(916)) - Started o.e.j.w.WebAppContext@6bdedfac{scm,/,file:///home/runner/work/ozone/ozone/mnt/ozone/hadoop-ozone/integration-test/target/test-classes/webapps/scm/,AVAILABLE}{file:/home/runner/work/ozone/ozone/mnt/ozone/hadoop-ozone/integration-test/target/test-classes/webapps/scm}
2021-07-27 01:06:59,648 [Listener at 0.0.0.0/46425] INFO  server.AbstractConnector (AbstractConnector.java:doStart(331)) - Started ServerConnector@67f1cfb5{HTTP/1.1, (http/1.1)}{0.0.0.0:37991}
2021-07-27 01:06:59,648 [Listener at 0.0.0.0/46425] INFO  server.Server (Server.java:doStart(415)) - Started @101842ms
2021-07-27 01:06:59,648 [Listener at 0.0.0.0/46425] WARN  impl.MetricsSystemImpl (MetricsSystemImpl.java:register(279)) - Sink prometheus already exists!
2021-07-27 01:06:59,648 [Listener at 0.0.0.0/46425] INFO  http.BaseHttpServer (BaseHttpServer.java:updateConnectorAddress(329)) - HTTP server of scm listening at http://0.0.0.0:37991
2021-07-27 01:06:59,648 [Listener at 0.0.0.0/46425] WARN  server.ServerUtils (ServerUtils.java:getDBPath(225)) - ozone.om.db.dirs is not configured. We recommend adding this setting. Falling back to ozone.metadata.dirs instead.
2021-07-27 01:06:59,649 [Listener at 0.0.0.0/46425] INFO  ha.OMHANodeDetails (OMHANodeDetails.java:loadOMHAConfig(112)) - ozone.om.internal.service.id is not defined, falling back to ozone.om.service.ids to find serviceID for OzoneManager if it is HA enabled cluster
2021-07-27 01:06:59,650 [Listener at 0.0.0.0/46425] INFO  ha.OMHANodeDetails (OMHANodeDetails.java:loadOMHAConfig(219)) - Configuration does not have ozone.om.address set. Falling back to the default OM address /127.0.0.1:0
2021-07-27 01:06:59,650 [Listener at 0.0.0.0/46425] INFO  ha.OMHANodeDetails (OMHANodeDetails.java:getOMNodeDetails(247)) - OM Service ID is not set. Setting it to the default ID: omServiceIdDefault
2021-07-27 01:06:59,650 [Listener at 0.0.0.0/46425] INFO  ha.OMHANodeDetails (OMHANodeDetails.java:getOMNodeDetails(254)) - OM Node ID is not set. Setting it to the default ID: om1
2021-07-27 01:06:59,650 [Listener at 0.0.0.0/46425] WARN  server.ServerUtils (ServerUtils.java:getDBPath(225)) - ozone.om.db.dirs is not configured. We recommend adding this setting. Falling back to ozone.metadata.dirs instead.
2021-07-27 01:06:59,650 [Listener at 0.0.0.0/46425] INFO  upgrade.AbstractLayoutVersionManager (AbstractLayoutVersionManager.java:init(70)) - Initializing Layout version manager with metadata layout = INITIAL_VERSION (version = 0), software layout = INITIAL_VERSION (version = 0)
2021-07-27 01:06:59,689 [Listener at 0.0.0.0/46425] INFO  reflections.Reflections (Reflections.java:scan(232)) - Reflections took 38 ms to scan 2 urls, producing 131 keys and 342 values [using 2 cores]
2021-07-27 01:06:59,690 [Listener at 0.0.0.0/46425] INFO  upgrade.OMLayoutVersionManager (OMLayoutVersionManager.java:lambda$0(116)) - Skipping Upgrade Action MockOmUpgradeAction since it has been finalized.
2021-07-27 01:06:59,690 [Listener at 0.0.0.0/46425] WARN  server.ServerUtils (ServerUtils.java:getDBPath(225)) - ozone.om.db.dirs is not configured. We recommend adding this setting. Falling back to ozone.metadata.dirs instead.
2021-07-27 01:06:59,697 [Listener at 0.0.0.0/46425] WARN  server.ServerUtils (ServerUtils.java:getDBPath(225)) - ozone.om.db.dirs is not configured. We recommend adding this setting. Falling back to ozone.metadata.dirs instead.
2021-07-27 01:06:59,698 [Listener at 0.0.0.0/46425] INFO  codec.OmKeyInfoCodec (OmKeyInfoCodec.java:<init>(51)) - OmKeyInfoCodec ignorePipeline = true
2021-07-27 01:06:59,698 [Listener at 0.0.0.0/46425] INFO  codec.RepeatedOmKeyInfoCodec (RepeatedOmKeyInfoCodec.java:<init>(42)) - RepeatedOmKeyInfoCodec ignorePipeline = true
2021-07-27 01:06:59,808 [Listener at 0.0.0.0/46425] INFO  om.OzoneManager (OzoneManager.java:addS3GVolumeToDB(4084)) - Created Volume s3v With Owner runner required for S3Gateway operations.
2021-07-27 01:06:59,808 [Listener at 0.0.0.0/46425] WARN  server.ServerUtils (ServerUtils.java:getDefaultRatisDirectory(237)) - Storage directory for Ratis is not configured. It is a good idea to map this to an SSD disk. Falling back to ozone.metadata.dirs
2021-07-27 01:06:59,808 [Listener at 0.0.0.0/46425] WARN  utils.OzoneManagerRatisUtils (OzoneManagerRatisUtils.java:getOMRatisSnapshotDirectory(391)) - ozone.om.ratis.snapshot.dir is not configured. Falling back to ozone.metadata.dirs config
2021-07-27 01:06:59,808 [Listener at 0.0.0.0/46425] WARN  impl.MetricRegistriesImpl (MetricRegistriesImpl.java:addReporterRegistration(111)) - New reporters are added after registries were created. Some metrics will be missing from the reporter. Please add reporter before adding any new registry.
2021-07-27 01:06:59,808 [Listener at 0.0.0.0/46425] WARN  impl.MetricRegistriesImpl (MetricRegistriesImpl.java:addReporterRegistration(111)) - New reporters are added after registries were created. Some metrics will be missing from the reporter. Please add reporter before adding any new registry.
2021-07-27 01:06:59,808 [Listener at 0.0.0.0/46425] WARN  server.ServerUtils (ServerUtils.java:getDefaultRatisDirectory(237)) - Storage directory for Ratis is not configured. It is a good idea to map this to an SSD disk. Falling back to ozone.metadata.dirs
2021-07-27 01:06:59,809 [Listener at 0.0.0.0/46425] INFO  ratis.OzoneManagerRatisServer (OzoneManagerRatisServer.java:<init>(158)) - Instantiating OM Ratis server with groupID: omServiceIdDefault and peers: localhost:9872
2021-07-27 01:06:59,810 [Listener at 0.0.0.0/46425] INFO  ratis.OzoneManagerStateMachine (OzoneManagerStateMachine.java:loadSnapshotInfoFromDB(605)) - LastAppliedIndex is set from TransactionInfo from OM DB as (t:0, i:~)
2021-07-27 01:06:59,819 [Listener at 0.0.0.0/46425] INFO  server.RaftServer (ConfUtils.java:logGet(44)) - raft.rpc.type = GRPC (default)
2021-07-27 01:06:59,820 [Listener at 0.0.0.0/46425] INFO  grpc.GrpcFactory (GrpcFactory.java:checkPooledByteBufAllocatorUseCacheForAllThreads(48)) - PERFORMANCE WARNING: useCacheForAllThreads is true that may cause Netty to create a lot garbage objects and, as a result, trigger GC.
	It is recommended to disable useCacheForAllThreads by setting -Dorg.apache.ratis.thirdparty.io.netty.allocator.useCacheForAllThreads=false in command line.
2021-07-27 01:06:59,820 [Listener at 0.0.0.0/46425] INFO  grpc.GrpcConfigKeys (ConfUtils.java:logGet(44)) - raft.grpc.admin.port = -1 (default)
2021-07-27 01:06:59,820 [Listener at 0.0.0.0/46425] INFO  grpc.GrpcConfigKeys (ConfUtils.java:logGet(44)) - raft.grpc.server.port = 9872 (custom)
2021-07-27 01:06:59,820 [Listener at 0.0.0.0/46425] INFO  grpc.GrpcConfigKeys (ConfUtils.java:logGet(44)) - raft.grpc.client.port = -1 (default)
2021-07-27 01:06:59,820 [Listener at 0.0.0.0/46425] INFO  grpc.GrpcConfigKeys (ConfUtils.java:logGet(44)) - raft.grpc.server.port = 9872 (custom)
2021-07-27 01:06:59,820 [Listener at 0.0.0.0/46425] INFO  grpc.GrpcConfigKeys (ConfUtils.java:logGet(44)) - raft.grpc.server.port = 9872 (custom)
2021-07-27 01:06:59,820 [Listener at 0.0.0.0/46425] INFO  server.GrpcService (ConfUtils.java:logGet(44)) - raft.grpc.message.size.max = 33554432 (custom)
2021-07-27 01:06:59,820 [Listener at 0.0.0.0/46425] INFO  server.RaftServerConfigKeys (ConfUtils.java:logGet(44)) - raft.server.log.appender.buffer.byte-limit = 33554432 (custom)
2021-07-27 01:06:59,821 [Listener at 0.0.0.0/46425] INFO  server.GrpcService (ConfUtils.java:logGet(44)) - raft.grpc.flow.control.window = 1MB (=1048576) (default)
2021-07-27 01:06:59,821 [Listener at 0.0.0.0/46425] INFO  server.RaftServerConfigKeys (ConfUtils.java:logGet(44)) - raft.server.rpc.request.timeout = 3000ms (default)
2021-07-27 01:06:59,822 [Listener at 0.0.0.0/46425] INFO  impl.DataStreamServerImpl (ConfUtils.java:logGet(44)) - raft.datastream.type = DISABLED (default)
2021-07-27 01:06:59,822 [Listener at 0.0.0.0/46425] INFO  server.RaftServerConfigKeys (ConfUtils.java:logGet(44)) - raft.server.rpc.slowness.timeout = 120s (custom)
2021-07-27 01:06:59,822 [Listener at 0.0.0.0/46425] INFO  server.RaftServerConfigKeys (ConfUtils.java:logGet(44)) - raft.server.leaderelection.leader.step-down.wait-time = 10s (default)
2021-07-27 01:06:59,822 [Listener at 0.0.0.0/46425] INFO  server.RaftServerConfigKeys (ConfUtils.java:logGet(44)) - raft.server.storage.dir = [/home/runner/work/ozone/ozone/mnt/ozone/hadoop-ozone/integration-test/target/test-dir/MiniOzoneClusterImpl-16f2dd64-f1ad-4a1a-be58-d3c69d16c599/ozone-meta/ratis] (custom)
2021-07-27 01:06:59,823 [Listener at 0.0.0.0/46425] INFO  server.RaftServer (RaftServerProxy.java:addNew(95)) - om1: addNew group-C5BA1605619E:[om1|rpc:localhost:9872|priority:0] returns group-C5BA1605619E:java.util.concurrent.CompletableFuture@54b651e9[Not completed]
2021-07-27 01:06:59,823 [Listener at 0.0.0.0/46425] INFO  om.OzoneManager (OzoneManager.java:initializeRatisServer(1542)) - OzoneManager Ratis server initialized at port 9872
2021-07-27 01:06:59,824 [Listener at 0.0.0.0/46425] INFO  ipc.CallQueueManager (CallQueueManager.java:<init>(90)) - Using callQueue: class java.util.concurrent.LinkedBlockingQueue, queueCapacity: 2000, scheduler: class org.apache.hadoop.ipc.DefaultRpcScheduler, ipcBackoff: false.
2021-07-27 01:06:59,825 [pool-342-thread-1] INFO  server.RaftServer$Division (RaftServerImpl.java:<init>(181)) - om1: new RaftServerImpl for group-C5BA1605619E:[om1|rpc:localhost:9872|priority:0] with OzoneManagerStateMachine:uninitialized
2021-07-27 01:06:59,825 [pool-342-thread-1] INFO  server.RaftServerConfigKeys (ConfUtils.java:logGet(44)) - raft.server.rpc.timeout.min = 1s (custom)
2021-07-27 01:06:59,825 [pool-342-thread-1] INFO  server.RaftServerConfigKeys (ConfUtils.java:logGet(44)) - raft.server.rpc.timeout.max = 1200ms (custom)
2021-07-27 01:06:59,826 [pool-342-thread-1] INFO  server.RaftServerConfigKeys (ConfUtils.java:logGet(44)) - raft.server.rpc.sleep.time = 25ms (default)
2021-07-27 01:06:59,826 [pool-342-thread-1] INFO  server.RaftServerConfigKeys (ConfUtils.java:logGet(44)) - raft.server.rpc.slowness.timeout = 120s (custom)
2021-07-27 01:06:59,826 [pool-342-thread-1] INFO  server.RaftServerConfigKeys (ConfUtils.java:logGet(44)) - raft.server.leaderelection.leader.step-down.wait-time = 10s (default)
2021-07-27 01:06:59,826 [pool-342-thread-1] INFO  server.RaftServerConfigKeys (ConfUtils.java:logGet(44)) - raft.server.sleep.deviation.threshold = 300ms (default)
2021-07-27 01:06:59,826 [pool-342-thread-1] INFO  server.RaftServerConfigKeys (ConfUtils.java:logGet(44)) - raft.server.log.appender.install.snapshot.enabled = false (custom)
2021-07-27 01:06:59,826 [pool-342-thread-1] INFO  server.RaftServer$Division (ServerState.java:<init>(105)) - om1@group-C5BA1605619E: ConfigurationManager, init=-1: [om1|rpc:localhost:9872|priority:0], old=null, confs=<EMPTY_MAP>
2021-07-27 01:06:59,826 [pool-342-thread-1] INFO  server.RaftServerConfigKeys (ConfUtils.java:logGet(44)) - raft.server.storage.dir = [/home/runner/work/ozone/ozone/mnt/ozone/hadoop-ozone/integration-test/target/test-dir/MiniOzoneClusterImpl-16f2dd64-f1ad-4a1a-be58-d3c69d16c599/ozone-meta/ratis] (custom)
2021-07-27 01:06:59,827 [pool-342-thread-1] INFO  server.RaftServerConfigKeys (ConfUtils.java:logGet(44)) - raft.server.log.corruption.policy = EXCEPTION (default)
2021-07-27 01:06:59,827 [pool-342-thread-1] INFO  server.RaftServerConfigKeys (ConfUtils.java:logGet(44)) - raft.server.storage.free-space.min = 0MB (=0) (default)
2021-07-27 01:06:59,827 [pool-342-thread-1] INFO  storage.RaftStorageDirectory (RaftStorageDirectoryImpl.java:analyzeStorage(135)) - The storage directory /home/runner/work/ozone/ozone/mnt/ozone/hadoop-ozone/integration-test/target/test-dir/MiniOzoneClusterImpl-16f2dd64-f1ad-4a1a-be58-d3c69d16c599/ozone-meta/ratis/bf265839-605b-3f16-9796-c5ba1605619e does not exist. Creating ...
2021-07-27 01:06:59,828 [Socket Reader #1 for port 0] INFO  ipc.Server (Server.java:run(1265)) - Starting Socket Reader #1 for port 0
2021-07-27 01:06:59,829 [pool-342-thread-1] INFO  storage.RaftStorageDirectory (RaftStorageDirectoryImpl.java:tryLock(230)) - Lock on /home/runner/work/ozone/ozone/mnt/ozone/hadoop-ozone/integration-test/target/test-dir/MiniOzoneClusterImpl-16f2dd64-f1ad-4a1a-be58-d3c69d16c599/ozone-meta/ratis/bf265839-605b-3f16-9796-c5ba1605619e/in_use.lock acquired by nodename 14231@fv-az116-554
2021-07-27 01:06:59,834 [pool-342-thread-1] INFO  storage.RaftStorage (RaftStorageImpl.java:format(89)) - Storage directory /home/runner/work/ozone/ozone/mnt/ozone/hadoop-ozone/integration-test/target/test-dir/MiniOzoneClusterImpl-16f2dd64-f1ad-4a1a-be58-d3c69d16c599/ozone-meta/ratis/bf265839-605b-3f16-9796-c5ba1605619e has been successfully formatted.
2021-07-27 01:06:59,834 [pool-342-thread-1] INFO  server.RaftServerConfigKeys (ConfUtils.java:logGet(44)) - raft.server.notification.no-leader.timeout = 120s (custom)
2021-07-27 01:06:59,835 [pool-342-thread-1] INFO  server.RaftServerConfigKeys (ConfUtils.java:logGet(44)) - raft.server.log.use.memory = false (default)
2021-07-27 01:06:59,835 [pool-342-thread-1] INFO  server.RaftServerConfigKeys (ConfUtils.java:logGet(44)) - raft.server.log.purge.gap = 1000000 (custom)
2021-07-27 01:06:59,835 [pool-342-thread-1] INFO  server.RaftServerConfigKeys (ConfUtils.java:logGet(44)) - raft.server.log.appender.buffer.byte-limit = 33554432 (custom)
2021-07-27 01:06:59,835 [pool-342-thread-1] INFO  server.RaftServerConfigKeys (ConfUtils.java:logGet(44)) - raft.server.log.segment.size.max = 4194304 (custom)
2021-07-27 01:06:59,835 [pool-342-thread-1] INFO  server.RaftServerConfigKeys (ConfUtils.java:logGet(44)) - raft.server.log.segment.cache.num.max = 2 (custom)
2021-07-27 01:06:59,835 [pool-342-thread-1] INFO  server.RaftServerConfigKeys (ConfUtils.java:logGet(44)) - raft.server.log.segment.cache.size.max = 200MB (=209715200) (default)
2021-07-27 01:06:59,835 [pool-342-thread-1] INFO  segmented.SegmentedRaftLogWorker (SegmentedRaftLogWorker.java:<init>(182)) - new om1@group-C5BA1605619E-SegmentedRaftLogWorker for RaftStorageImpl:Storage Directory /home/runner/work/ozone/ozone/mnt/ozone/hadoop-ozone/integration-test/target/test-dir/MiniOzoneClusterImpl-16f2dd64-f1ad-4a1a-be58-d3c69d16c599/ozone-meta/ratis/bf265839-605b-3f16-9796-c5ba1605619e
2021-07-27 01:06:59,835 [pool-342-thread-1] INFO  server.RaftServerConfigKeys (ConfUtils.java:logGet(44)) - raft.server.log.queue.byte-limit = 64MB (=67108864) (default)
2021-07-27 01:06:59,836 [pool-342-thread-1] INFO  server.RaftServerConfigKeys (ConfUtils.java:logGet(44)) - raft.server.log.queue.element-limit = 4096 (default)
2021-07-27 01:06:59,836 [pool-342-thread-1] INFO  server.RaftServerConfigKeys (ConfUtils.java:logGet(44)) - raft.server.log.segment.size.max = 4194304 (custom)
2021-07-27 01:06:59,836 [pool-342-thread-1] INFO  server.RaftServerConfigKeys (ConfUtils.java:logGet(44)) - raft.server.log.preallocated.size = 4194304 (custom)
2021-07-27 01:06:59,836 [pool-342-thread-1] INFO  server.RaftServerConfigKeys (ConfUtils.java:logGet(44)) - raft.server.log.force.sync.num = 128 (default)
2021-07-27 01:06:59,836 [pool-342-thread-1] INFO  server.RaftServerConfigKeys (ConfUtils.java:logGet(44)) - raft.server.log.statemachine.data.sync = true (default)
2021-07-27 01:06:59,836 [pool-342-thread-1] INFO  server.RaftServerConfigKeys (ConfUtils.java:logGet(44)) - raft.server.log.statemachine.data.sync.timeout = 10s (default)
2021-07-27 01:06:59,836 [pool-342-thread-1] INFO  server.RaftServerConfigKeys (ConfUtils.java:logGet(44)) - raft.server.log.statemachine.data.sync.timeout.retry = -1 (default)
2021-07-27 01:06:59,837 [pool-342-thread-1] INFO  server.RaftServerConfigKeys (ConfUtils.java:logGet(44)) - raft.server.log.write.buffer.size = 64KB (=65536) (default)
2021-07-27 01:06:59,837 [pool-342-thread-1] INFO  server.RaftServerConfigKeys (ConfUtils.java:logGet(44)) - raft.server.log.statemachine.data.caching.enabled = false (default)
2021-07-27 01:06:59,837 [pool-342-thread-1] INFO  segmented.SegmentedRaftLogWorker (SegmentedRaftLogWorker.java:lambda$new$0(133)) - om1@group-C5BA1605619E-SegmentedRaftLogWorker: flushIndex: setUnconditionally 0 -> -1
2021-07-27 01:06:59,837 [pool-342-thread-1] INFO  segmented.SegmentedRaftLogWorker (SegmentedRaftLogWorker.java:lambda$new$0(133)) - om1@group-C5BA1605619E-SegmentedRaftLogWorker: safeCacheEvictIndex: setUnconditionally 0 -> -1
2021-07-27 01:06:59,847 [pool-342-thread-1] INFO  server.RaftServerConfigKeys (ConfUtils.java:logGet(44)) - raft.server.snapshot.auto.trigger.enabled = true (custom)
2021-07-27 01:06:59,847 [pool-342-thread-1] INFO  server.RaftServerConfigKeys (ConfUtils.java:logGet(44)) - raft.server.snapshot.auto.trigger.threshold = 400000 (default)
2021-07-27 01:06:59,847 [pool-342-thread-1] INFO  server.RaftServerConfigKeys (ConfUtils.java:logGet(44)) - raft.server.snapshot.retention.file.num = -1 (default)
2021-07-27 01:06:59,847 [pool-342-thread-1] INFO  server.RaftServerConfigKeys (ConfUtils.java:logGet(44)) - raft.server.log.purge.upto.snapshot.index = true (custom)
2021-07-27 01:06:59,848 [pool-342-thread-1] INFO  server.RaftServerConfigKeys (ConfUtils.java:logGet(44)) - raft.server.retrycache.expirytime = 300s (custom)
2021-07-27 01:06:59,848 [pool-342-thread-1] INFO  server.RaftServerConfigKeys (ConfUtils.java:logGet(44)) - raft.server.retrycache.statistics.expirytime = 100μs (default)
2021-07-27 01:06:59,854 [Listener at 127.0.0.1/40495] INFO  om.OzoneManager (OzoneManager.java:initFSOLayout(4290)) - Configured ozone.om.metadata.layout=SIMPLE and disabled optimized OM FS operations
2021-07-27 01:06:59,854 [Listener at 127.0.0.1/40495] INFO  impl.MetricsSystemImpl (MetricsSystemImpl.java:init(158)) - OzoneManager metrics system started (again)
2021-07-27 01:06:59,867 [Listener at 127.0.0.1/40495] INFO  om.OzoneManager (OzoneManager.java:start(1239)) - OzoneManager RPC server is listening at localhost/127.0.0.1:40495
2021-07-27 01:06:59,867 [Listener at 127.0.0.1/40495] INFO  ratis.OzoneManagerRatisServer (OzoneManagerRatisServer.java:start(516)) - Starting OzoneManagerRatisServer om1 at port 9872
2021-07-27 01:06:59,867 [Listener at 127.0.0.1/40495] INFO  server.RaftServer$Division (RaftServerImpl.java:start(296)) - om1@group-C5BA1605619E: start as a follower, conf=-1: [om1|rpc:localhost:9872|priority:0], old=null
2021-07-27 01:06:59,867 [Listener at 127.0.0.1/40495] INFO  server.RaftServer$Division (RaftServerImpl.java:setRole(285)) - om1@group-C5BA1605619E: changes role from      null to FOLLOWER at term 0 for startAsFollower
2021-07-27 01:06:59,867 [Listener at 127.0.0.1/40495] INFO  impl.RoleInfo (RoleInfo.java:updateAndGet(130)) - om1: start om1@group-C5BA1605619E-FollowerState
2021-07-27 01:06:59,867 [Listener at 127.0.0.1/40495] INFO  util.JmxRegister (JmxRegister.java:tryRegister(44)) - Successfully registered JMX Bean with object name Ratis:service=RaftServer,group=group-C5BA1605619E,id=om1
2021-07-27 01:06:59,868 [Listener at 127.0.0.1/40495] INFO  server.RaftServer (RaftServerProxy.java:lambda$start$5(374)) - om1: start RPC server
2021-07-27 01:06:59,869 [Listener at 127.0.0.1/40495] INFO  server.GrpcService (GrpcService.java:startImpl(253)) - om1: GrpcService started, listening on 9872
2021-07-27 01:06:59,869 [Listener at 127.0.0.1/40495] INFO  om.OzoneManager (OzoneManager.java:start(1257)) - Version File has different layout version (0) than OM DB (null). That is expected if this OM has never been finalized to a newer layout version.
2021-07-27 01:06:59,870 [org.apache.ratis.util.JvmPauseMonitor$$Lambda$526/1158709959@1ccc28bd] INFO  util.JvmPauseMonitor (JvmPauseMonitor.java:run(103)) - JvmPauseMonitor-om1: Started
2021-07-27 01:06:59,872 [Listener at 127.0.0.1/40495] INFO  http.BaseHttpServer (BaseHttpServer.java:newHttpServer2BuilderForOzone(209)) - Starting Web-server for ozoneManager at: http://0.0.0.0:0
2021-07-27 01:06:59,874 [Listener at 127.0.0.1/40495] INFO  http.BaseHttpServer (BaseHttpServer.java:<init>(107)) - Hadoop Security Enabled: false Ozone Security Enabled: false Ozone HTTP Security Enabled: false 
2021-07-27 01:06:59,875 [Listener at 127.0.0.1/40495] INFO  server.AuthenticationFilter (AuthenticationFilter.java:constructSecretProvider(240)) - Unable to initialize FileSignerSecretProvider, falling back to use random secrets.
2021-07-27 01:06:59,875 [Listener at 127.0.0.1/40495] WARN  http.HttpRequestLog (HttpRequestLog.java:getRequestLog(103)) - Jetty request log can only be enabled using Log4j
2021-07-27 01:06:59,876 [Listener at 127.0.0.1/40495] INFO  http.HttpServer2 (HttpServer2.java:addGlobalFilter(1020)) - Added global filter 'safety' (class=org.apache.hadoop.hdds.server.http.HttpServer2$QuotingInputFilter)
2021-07-27 01:06:59,878 [Listener at 127.0.0.1/40495] INFO  http.HttpServer2 (HttpServer2.java:addFilter(996)) - Added filter static_user_filter (class=org.apache.hadoop.http.lib.StaticUserWebFilter$StaticUserFilter) to context ozoneManager
2021-07-27 01:06:59,878 [Listener at 127.0.0.1/40495] INFO  http.HttpServer2 (HttpServer2.java:addFilter(1004)) - Added filter static_user_filter (class=org.apache.hadoop.http.lib.StaticUserWebFilter$StaticUserFilter) to context logs
2021-07-27 01:06:59,878 [Listener at 127.0.0.1/40495] INFO  http.HttpServer2 (HttpServer2.java:addFilter(1004)) - Added filter static_user_filter (class=org.apache.hadoop.http.lib.StaticUserWebFilter$StaticUserFilter) to context static
2021-07-27 01:06:59,879 [Listener at 127.0.0.1/40495] INFO  http.HttpServer2 (HttpServer2.java:bindListener(1239)) - Jetty bound to port 34259
2021-07-27 01:06:59,879 [Listener at 127.0.0.1/40495] INFO  server.Server (Server.java:doStart(375)) - jetty-9.4.35.v20201120; built: 2020-11-20T21:17:03.964Z; git: bdc54f03a5e0a7e280fab27f55c3c75ee8da89fb; jvm 1.8.0_292-b10
2021-07-27 01:06:59,881 [Listener at 127.0.0.1/40495] INFO  server.session (DefaultSessionIdManager.java:doStart(334)) - DefaultSessionIdManager workerName=node0
2021-07-27 01:06:59,881 [Listener at 127.0.0.1/40495] INFO  server.session (DefaultSessionIdManager.java:doStart(339)) - No SessionScavenger set, using defaults
2021-07-27 01:06:59,881 [Listener at 127.0.0.1/40495] INFO  server.session (HouseKeeper.java:startScavenging(132)) - node0 Scavenging every 600000ms
2021-07-27 01:06:59,882 [Listener at 127.0.0.1/40495] INFO  handler.ContextHandler (ContextHandler.java:doStart(916)) - Started o.e.j.s.ServletContextHandler@7a3d3795{logs,/logs,file:///home/runner/work/ozone/ozone/mnt/ozone/hadoop-ozone/integration-test/target/log,AVAILABLE}
2021-07-27 01:06:59,882 [Listener at 127.0.0.1/40495] INFO  handler.ContextHandler (ContextHandler.java:doStart(916)) - Started o.e.j.s.ServletContextHandler@251e6fc5{static,/static,file:///home/runner/work/ozone/ozone/mnt/ozone/hadoop-ozone/integration-test/target/test-classes/webapps/static,AVAILABLE}
2021-07-27 01:06:59,886 [Listener at 127.0.0.1/40495] INFO  handler.ContextHandler (ContextHandler.java:doStart(916)) - Started o.e.j.w.WebAppContext@53c550ee{ozoneManager,/,file:///home/runner/work/ozone/ozone/mnt/ozone/hadoop-ozone/integration-test/target/test-classes/webapps/ozoneManager/,AVAILABLE}{file:/home/runner/work/ozone/ozone/mnt/ozone/hadoop-ozone/integration-test/target/test-classes/webapps/ozoneManager}
2021-07-27 01:06:59,888 [Listener at 127.0.0.1/40495] INFO  server.AbstractConnector (AbstractConnector.java:doStart(331)) - Started ServerConnector@10aa4556{HTTP/1.1, (http/1.1)}{0.0.0.0:34259}
2021-07-27 01:06:59,888 [Listener at 127.0.0.1/40495] INFO  server.Server (Server.java:doStart(415)) - Started @102082ms
2021-07-27 01:06:59,888 [Listener at 127.0.0.1/40495] WARN  impl.MetricsSystemImpl (MetricsSystemImpl.java:register(279)) - Sink prometheus already exists!
2021-07-27 01:06:59,889 [Listener at 127.0.0.1/40495] INFO  http.BaseHttpServer (BaseHttpServer.java:updateConnectorAddress(329)) - HTTP server of ozoneManager listening at http://0.0.0.0:34259
2021-07-27 01:06:59,891 [IPC Server Responder] INFO  ipc.Server (Server.java:run(1507)) - IPC Server Responder: starting
2021-07-27 01:06:59,895 [IPC Server listener on 0] INFO  ipc.Server (Server.java:run(1344)) - IPC Server listener on 0: starting
2021-07-27 01:06:59,900 [Listener at 127.0.0.1/40495] INFO  om.OzoneManager (OzoneManager.java:startTrashEmptier(1500)) - Trash Interval set to 0. Files deleted will not move to trash
2021-07-27 01:06:59,917 [Listener at 127.0.0.1/40495] WARN  impl.MetricRegistriesImpl (MetricRegistriesImpl.java:addReporterRegistration(111)) - New reporters are added after registries were created. Some metrics will be missing from the reporter. Please add reporter before adding any new registry.
2021-07-27 01:06:59,917 [Listener at 127.0.0.1/40495] WARN  impl.MetricRegistriesImpl (MetricRegistriesImpl.java:addReporterRegistration(111)) - New reporters are added after registries were created. Some metrics will be missing from the reporter. Please add reporter before adding any new registry.
2021-07-27 01:06:59,919 [Listener at 127.0.0.1/40495] INFO  impl.MetricsSystemImpl (MetricsSystemImpl.java:init(158)) - HddsDatanode metrics system started (again)
2021-07-27 01:06:59,919 [org.apache.hadoop.util.JvmPauseMonitor$Monitor@f117bee] INFO  util.JvmPauseMonitor (JvmPauseMonitor.java:run(188)) - Starting JVM pause monitor
2021-07-27 01:06:59,934 [Listener at 127.0.0.1/40495] INFO  ozone.HddsDatanodeService (HddsDatanodeService.java:start(234)) - HddsDatanodeService host:fv-az116-554.vzw04321ajxubdbcnpick5nqva.xx.internal.cloudapp.net ip:10.1.0.6
2021-07-27 01:06:59,962 [Listener at 127.0.0.1/40495] INFO  upgrade.AbstractLayoutVersionManager (AbstractLayoutVersionManager.java:init(70)) - Initializing Layout version manager with metadata layout = SCM_HA (version = 2), software layout = SCM_HA (version = 2)
2021-07-27 01:06:59,998 [Listener at 127.0.0.1/40495] INFO  reflections.Reflections (Reflections.java:scan(232)) - Reflections took 35 ms to scan 7 urls, producing 119 keys and 271 values 
2021-07-27 01:07:00,001 [Listener at 127.0.0.1/40495] INFO  volume.HddsVolume (HddsVolume.java:<init>(120)) - Creating HddsVolume: /home/runner/work/ozone/ozone/mnt/ozone/hadoop-ozone/integration-test/target/test-dir/MiniOzoneClusterImpl-16f2dd64-f1ad-4a1a-be58-d3c69d16c599/datanode-0/data-0/containers/hdds of storage type : DISK capacity : 9223372036854775807
2021-07-27 01:07:00,001 [Listener at 127.0.0.1/40495] INFO  volume.MutableVolumeSet (MutableVolumeSet.java:initializeVolumeSet(181)) - Added Volume : /home/runner/work/ozone/ozone/mnt/ozone/hadoop-ozone/integration-test/target/test-dir/MiniOzoneClusterImpl-16f2dd64-f1ad-4a1a-be58-d3c69d16c599/datanode-0/data-0/containers/hdds to VolumeSet
2021-07-27 01:07:00,001 [Listener at 127.0.0.1/40495] INFO  volume.ThrottledAsyncChecker (ThrottledAsyncChecker.java:schedule(141)) - Scheduling a check for /home/runner/work/ozone/ozone/mnt/ozone/hadoop-ozone/integration-test/target/test-dir/MiniOzoneClusterImpl-16f2dd64-f1ad-4a1a-be58-d3c69d16c599/datanode-0/data-0/containers/hdds
2021-07-27 01:07:00,003 [Listener at 127.0.0.1/40495] INFO  volume.StorageVolumeChecker (StorageVolumeChecker.java:checkAllVolumes(202)) - Scheduled health check for volume /home/runner/work/ozone/ozone/mnt/ozone/hadoop-ozone/integration-test/target/test-dir/MiniOzoneClusterImpl-16f2dd64-f1ad-4a1a-be58-d3c69d16c599/datanode-0/data-0/containers/hdds
2021-07-27 01:07:00,016 [Listener at 127.0.0.1/40495] INFO  volume.MutableVolumeSet (MutableVolumeSet.java:initializeVolumeSet(181)) - Added Volume : /home/runner/work/ozone/ozone/mnt/ozone/hadoop-ozone/integration-test/target/test-dir/MiniOzoneClusterImpl-16f2dd64-f1ad-4a1a-be58-d3c69d16c599/datanode-0/data/ratis to VolumeSet
2021-07-27 01:07:00,016 [Listener at 127.0.0.1/40495] INFO  volume.ThrottledAsyncChecker (ThrottledAsyncChecker.java:schedule(141)) - Scheduling a check for /home/runner/work/ozone/ozone/mnt/ozone/hadoop-ozone/integration-test/target/test-dir/MiniOzoneClusterImpl-16f2dd64-f1ad-4a1a-be58-d3c69d16c599/datanode-0/data/ratis
2021-07-27 01:07:00,016 [Listener at 127.0.0.1/40495] INFO  volume.StorageVolumeChecker (StorageVolumeChecker.java:checkAllVolumes(202)) - Scheduled health check for volume /home/runner/work/ozone/ozone/mnt/ozone/hadoop-ozone/integration-test/target/test-dir/MiniOzoneClusterImpl-16f2dd64-f1ad-4a1a-be58-d3c69d16c599/datanode-0/data/ratis
2021-07-27 01:07:00,028 [Listener at 127.0.0.1/40495] INFO  ozoneimpl.ContainerReader (ContainerReader.java:<init>(98)) - Running in upgrade mode:true
2021-07-27 01:07:00,029 [Thread-904] INFO  ozoneimpl.ContainerReader (ContainerReader.java:readVolume(142)) - Start to verify containers on volume /home/runner/work/ozone/ozone/mnt/ozone/hadoop-ozone/integration-test/target/test-dir/MiniOzoneClusterImpl-16f2dd64-f1ad-4a1a-be58-d3c69d16c599/datanode-0/data-0/containers/hdds
2021-07-27 01:07:00,029 [Thread-904] INFO  ozoneimpl.ContainerReader (ContainerReader.java:readVolume(174)) - Finish verifying containers on volume /home/runner/work/ozone/ozone/mnt/ozone/hadoop-ozone/integration-test/target/test-dir/MiniOzoneClusterImpl-16f2dd64-f1ad-4a1a-be58-d3c69d16c599/datanode-0/data-0/containers/hdds
2021-07-27 01:07:00,029 [Listener at 127.0.0.1/40495] INFO  ozoneimpl.OzoneContainer (OzoneContainer.java:buildContainerSet(237)) - Build ContainerSet costs 0s
2021-07-27 01:07:00,031 [Listener at 127.0.0.1/40495] INFO  server.RaftServer (ConfUtils.java:logGet(44)) - raft.rpc.type = GRPC (default)
2021-07-27 01:07:00,031 [Listener at 127.0.0.1/40495] INFO  grpc.GrpcFactory (GrpcFactory.java:checkPooledByteBufAllocatorUseCacheForAllThreads(48)) - PERFORMANCE WARNING: useCacheForAllThreads is true that may cause Netty to create a lot garbage objects and, as a result, trigger GC.
	It is recommended to disable useCacheForAllThreads by setting -Dorg.apache.ratis.thirdparty.io.netty.allocator.useCacheForAllThreads=false in command line.
2021-07-27 01:07:00,031 [Listener at 127.0.0.1/40495] INFO  grpc.GrpcConfigKeys (ConfUtils.java:logGet(44)) - raft.grpc.admin.port = 0 (custom)
2021-07-27 01:07:00,031 [Listener at 127.0.0.1/40495] INFO  grpc.GrpcConfigKeys (ConfUtils.java:logGet(44)) - raft.grpc.client.port = 0 (custom)
2021-07-27 01:07:00,032 [Listener at 127.0.0.1/40495] INFO  grpc.GrpcConfigKeys (ConfUtils.java:logGet(44)) - raft.grpc.server.port = 0 (default)
2021-07-27 01:07:00,032 [Listener at 127.0.0.1/40495] INFO  server.GrpcService (ConfUtils.java:logGet(44)) - raft.grpc.message.size.max = 32MB (=33554432) (custom)
2021-07-27 01:07:00,032 [Listener at 127.0.0.1/40495] INFO  server.RaftServerConfigKeys (ConfUtils.java:logGet(44)) - raft.server.log.appender.buffer.byte-limit = 33554432 (custom)
2021-07-27 01:07:00,032 [Listener at 127.0.0.1/40495] INFO  server.GrpcService (ConfUtils.java:logGet(44)) - raft.grpc.flow.control.window = 5MB (=5242880) (custom)
2021-07-27 01:07:00,032 [Listener at 127.0.0.1/40495] INFO  server.RaftServerConfigKeys (ConfUtils.java:logGet(44)) - raft.server.rpc.request.timeout = 60s (custom)
2021-07-27 01:07:00,033 [Listener at 127.0.0.1/40495] INFO  impl.DataStreamServerImpl (ConfUtils.java:logGet(44)) - raft.datastream.type = DISABLED (default)
2021-07-27 01:07:00,033 [Listener at 127.0.0.1/40495] INFO  server.RaftServerConfigKeys (ConfUtils.java:logGet(44)) - raft.server.rpc.slowness.timeout = 300s (custom)
2021-07-27 01:07:00,033 [Listener at 127.0.0.1/40495] INFO  server.RaftServerConfigKeys (ConfUtils.java:logGet(44)) - raft.server.leaderelection.leader.step-down.wait-time = 10s (default)
2021-07-27 01:07:00,033 [Listener at 127.0.0.1/40495] INFO  server.RaftServerConfigKeys (ConfUtils.java:logGet(44)) - raft.server.storage.dir = [/home/runner/work/ozone/ozone/mnt/ozone/hadoop-ozone/integration-test/target/test-dir/MiniOzoneClusterImpl-16f2dd64-f1ad-4a1a-be58-d3c69d16c599/datanode-0/data/ratis] (custom)
2021-07-27 01:07:00,036 [Listener at 127.0.0.1/40495] INFO  http.BaseHttpServer (BaseHttpServer.java:newHttpServer2BuilderForOzone(209)) - Starting Web-server for hddsDatanode at: http://0.0.0.0:0
2021-07-27 01:07:00,036 [Listener at 127.0.0.1/40495] INFO  http.BaseHttpServer (BaseHttpServer.java:<init>(107)) - Hadoop Security Enabled: false Ozone Security Enabled: false Ozone HTTP Security Enabled: false 
2021-07-27 01:07:00,036 [Listener at 127.0.0.1/40495] INFO  server.AuthenticationFilter (AuthenticationFilter.java:constructSecretProvider(240)) - Unable to initialize FileSignerSecretProvider, falling back to use random secrets.
2021-07-27 01:07:00,037 [Listener at 127.0.0.1/40495] WARN  http.HttpRequestLog (HttpRequestLog.java:getRequestLog(103)) - Jetty request log can only be enabled using Log4j
2021-07-27 01:07:00,037 [Listener at 127.0.0.1/40495] INFO  http.HttpServer2 (HttpServer2.java:addGlobalFilter(1020)) - Added global filter 'safety' (class=org.apache.hadoop.hdds.server.http.HttpServer2$QuotingInputFilter)
2021-07-27 01:07:00,038 [Listener at 127.0.0.1/40495] INFO  http.HttpServer2 (HttpServer2.java:addFilter(996)) - Added filter static_user_filter (class=org.apache.hadoop.http.lib.StaticUserWebFilter$StaticUserFilter) to context hddsDatanode
2021-07-27 01:07:00,038 [Listener at 127.0.0.1/40495] INFO  http.HttpServer2 (HttpServer2.java:addFilter(1004)) - Added filter static_user_filter (class=org.apache.hadoop.http.lib.StaticUserWebFilter$StaticUserFilter) to context static
2021-07-27 01:07:00,038 [Listener at 127.0.0.1/40495] INFO  http.HttpServer2 (HttpServer2.java:addFilter(1004)) - Added filter static_user_filter (class=org.apache.hadoop.http.lib.StaticUserWebFilter$StaticUserFilter) to context logs
2021-07-27 01:07:00,039 [Listener at 127.0.0.1/40495] INFO  http.HttpServer2 (HttpServer2.java:bindListener(1239)) - Jetty bound to port 36771
2021-07-27 01:07:00,039 [Listener at 127.0.0.1/40495] INFO  server.Server (Server.java:doStart(375)) - jetty-9.4.35.v20201120; built: 2020-11-20T21:17:03.964Z; git: bdc54f03a5e0a7e280fab27f55c3c75ee8da89fb; jvm 1.8.0_292-b10
2021-07-27 01:07:00,047 [Listener at 127.0.0.1/40495] INFO  server.session (DefaultSessionIdManager.java:doStart(334)) - DefaultSessionIdManager workerName=node0
2021-07-27 01:07:00,047 [Listener at 127.0.0.1/40495] INFO  server.session (DefaultSessionIdManager.java:doStart(339)) - No SessionScavenger set, using defaults
2021-07-27 01:07:00,048 [Listener at 127.0.0.1/40495] INFO  server.session (HouseKeeper.java:startScavenging(132)) - node0 Scavenging every 660000ms
2021-07-27 01:07:00,049 [Listener at 127.0.0.1/40495] INFO  handler.ContextHandler (ContextHandler.java:doStart(916)) - Started o.e.j.s.ServletContextHandler@a15b0e9{logs,/logs,file:///home/runner/work/ozone/ozone/mnt/ozone/hadoop-ozone/integration-test/target/log,AVAILABLE}
2021-07-27 01:07:00,049 [Listener at 127.0.0.1/40495] INFO  handler.ContextHandler (ContextHandler.java:doStart(916)) - Started o.e.j.s.ServletContextHandler@2810154{static,/static,jar:file:/home/runner/.m2/repository/org/apache/ozone/hdds-container-service/1.2.0-SNAPSHOT/hdds-container-service-1.2.0-SNAPSHOT.jar!/webapps/static,AVAILABLE}
2021-07-27 01:07:00,098 [Listener at 127.0.0.1/40495] INFO  handler.ContextHandler (ContextHandler.java:doStart(916)) - Started o.e.j.w.WebAppContext@3ea32784{hddsDatanode,/,file:///tmp/jetty-0_0_0_0-36771-hdds-container-service-1_2_0-SNAPSHOT_jar-_-any-5647202593407805081/webapp/,AVAILABLE}{jar:file:/home/runner/.m2/repository/org/apache/ozone/hdds-container-service/1.2.0-SNAPSHOT/hdds-container-service-1.2.0-SNAPSHOT.jar!/webapps/hddsDatanode}
2021-07-27 01:07:00,099 [Listener at 127.0.0.1/40495] INFO  server.AbstractConnector (AbstractConnector.java:doStart(331)) - Started ServerConnector@2995abaa{HTTP/1.1, (http/1.1)}{0.0.0.0:36771}
2021-07-27 01:07:00,099 [Listener at 127.0.0.1/40495] INFO  server.Server (Server.java:doStart(415)) - Started @102294ms
2021-07-27 01:07:00,099 [Listener at 127.0.0.1/40495] WARN  impl.MetricsSystemImpl (MetricsSystemImpl.java:register(279)) - Sink prometheus already exists!
2021-07-27 01:07:00,100 [Listener at 127.0.0.1/40495] INFO  http.BaseHttpServer (BaseHttpServer.java:updateConnectorAddress(329)) - HTTP server of hddsDatanode listening at http://0.0.0.0:36771
2021-07-27 01:07:00,104 [Listener at 127.0.0.1/40495] WARN  impl.MetricRegistriesImpl (MetricRegistriesImpl.java:addReporterRegistration(111)) - New reporters are added after registries were created. Some metrics will be missing from the reporter. Please add reporter before adding any new registry.
2021-07-27 01:07:00,104 [Listener at 127.0.0.1/40495] WARN  impl.MetricRegistriesImpl (MetricRegistriesImpl.java:addReporterRegistration(111)) - New reporters are added after registries were created. Some metrics will be missing from the reporter. Please add reporter before adding any new registry.
2021-07-27 01:07:00,104 [Listener at 127.0.0.1/40495] INFO  impl.MetricsSystemImpl (MetricsSystemImpl.java:init(158)) - HddsDatanode metrics system started (again)
2021-07-27 01:07:00,117 [Listener at 127.0.0.1/40495] INFO  ozone.HddsDatanodeService (HddsDatanodeService.java:start(234)) - HddsDatanodeService host:fv-az116-554.vzw04321ajxubdbcnpick5nqva.xx.internal.cloudapp.net ip:10.1.0.6
2021-07-27 01:07:00,123 [org.apache.hadoop.util.JvmPauseMonitor$Monitor@7fbd12ef] INFO  util.JvmPauseMonitor (JvmPauseMonitor.java:run(188)) - Starting JVM pause monitor
2021-07-27 01:07:00,129 [Datanode State Machine Task Thread - 0] INFO  datanode.InitDatanodeState (InitDatanodeState.java:persistContainerDatanodeDetails(145)) - DatanodeDetails is persisted to /home/runner/work/ozone/ozone/mnt/ozone/hadoop-ozone/integration-test/target/test-dir/MiniOzoneClusterImpl-16f2dd64-f1ad-4a1a-be58-d3c69d16c599/datanode-0/meta/datanode.id
2021-07-27 01:07:00,137 [Listener at 127.0.0.1/40495] INFO  upgrade.AbstractLayoutVersionManager (AbstractLayoutVersionManager.java:init(70)) - Initializing Layout version manager with metadata layout = SCM_HA (version = 2), software layout = SCM_HA (version = 2)
2021-07-27 01:07:00,173 [Listener at 127.0.0.1/40495] INFO  reflections.Reflections (Reflections.java:scan(232)) - Reflections took 35 ms to scan 7 urls, producing 119 keys and 271 values 
2021-07-27 01:07:00,179 [Listener at 127.0.0.1/40495] INFO  volume.HddsVolume (HddsVolume.java:<init>(120)) - Creating HddsVolume: /home/runner/work/ozone/ozone/mnt/ozone/hadoop-ozone/integration-test/target/test-dir/MiniOzoneClusterImpl-16f2dd64-f1ad-4a1a-be58-d3c69d16c599/datanode-1/data-0/containers/hdds of storage type : DISK capacity : 9223372036854775807
2021-07-27 01:07:00,179 [Listener at 127.0.0.1/40495] INFO  volume.MutableVolumeSet (MutableVolumeSet.java:initializeVolumeSet(181)) - Added Volume : /home/runner/work/ozone/ozone/mnt/ozone/hadoop-ozone/integration-test/target/test-dir/MiniOzoneClusterImpl-16f2dd64-f1ad-4a1a-be58-d3c69d16c599/datanode-1/data-0/containers/hdds to VolumeSet
2021-07-27 01:07:00,180 [Listener at 127.0.0.1/40495] INFO  volume.ThrottledAsyncChecker (ThrottledAsyncChecker.java:schedule(141)) - Scheduling a check for /home/runner/work/ozone/ozone/mnt/ozone/hadoop-ozone/integration-test/target/test-dir/MiniOzoneClusterImpl-16f2dd64-f1ad-4a1a-be58-d3c69d16c599/datanode-1/data-0/containers/hdds
2021-07-27 01:07:00,180 [Listener at 127.0.0.1/40495] INFO  volume.StorageVolumeChecker (StorageVolumeChecker.java:checkAllVolumes(202)) - Scheduled health check for volume /home/runner/work/ozone/ozone/mnt/ozone/hadoop-ozone/integration-test/target/test-dir/MiniOzoneClusterImpl-16f2dd64-f1ad-4a1a-be58-d3c69d16c599/datanode-1/data-0/containers/hdds
2021-07-27 01:07:00,194 [Listener at 127.0.0.1/40495] INFO  volume.MutableVolumeSet (MutableVolumeSet.java:initializeVolumeSet(181)) - Added Volume : /home/runner/work/ozone/ozone/mnt/ozone/hadoop-ozone/integration-test/target/test-dir/MiniOzoneClusterImpl-16f2dd64-f1ad-4a1a-be58-d3c69d16c599/datanode-1/data/ratis to VolumeSet
2021-07-27 01:07:00,194 [Listener at 127.0.0.1/40495] INFO  volume.ThrottledAsyncChecker (ThrottledAsyncChecker.java:schedule(141)) - Scheduling a check for /home/runner/work/ozone/ozone/mnt/ozone/hadoop-ozone/integration-test/target/test-dir/MiniOzoneClusterImpl-16f2dd64-f1ad-4a1a-be58-d3c69d16c599/datanode-1/data/ratis
2021-07-27 01:07:00,194 [Listener at 127.0.0.1/40495] INFO  volume.StorageVolumeChecker (StorageVolumeChecker.java:checkAllVolumes(202)) - Scheduled health check for volume /home/runner/work/ozone/ozone/mnt/ozone/hadoop-ozone/integration-test/target/test-dir/MiniOzoneClusterImpl-16f2dd64-f1ad-4a1a-be58-d3c69d16c599/datanode-1/data/ratis
2021-07-27 01:07:00,206 [Listener at 127.0.0.1/40495] INFO  ozoneimpl.ContainerReader (ContainerReader.java:<init>(98)) - Running in upgrade mode:true
2021-07-27 01:07:00,206 [Thread-915] INFO  ozoneimpl.ContainerReader (ContainerReader.java:readVolume(142)) - Start to verify containers on volume /home/runner/work/ozone/ozone/mnt/ozone/hadoop-ozone/integration-test/target/test-dir/MiniOzoneClusterImpl-16f2dd64-f1ad-4a1a-be58-d3c69d16c599/datanode-1/data-0/containers/hdds
2021-07-27 01:07:00,206 [Thread-915] INFO  ozoneimpl.ContainerReader (ContainerReader.java:readVolume(174)) - Finish verifying containers on volume /home/runner/work/ozone/ozone/mnt/ozone/hadoop-ozone/integration-test/target/test-dir/MiniOzoneClusterImpl-16f2dd64-f1ad-4a1a-be58-d3c69d16c599/datanode-1/data-0/containers/hdds
2021-07-27 01:07:00,206 [Listener at 127.0.0.1/40495] INFO  ozoneimpl.OzoneContainer (OzoneContainer.java:buildContainerSet(237)) - Build ContainerSet costs 0s
2021-07-27 01:07:00,208 [Listener at 127.0.0.1/40495] INFO  server.RaftServer (ConfUtils.java:logGet(44)) - raft.rpc.type = GRPC (default)
2021-07-27 01:07:00,208 [Listener at 127.0.0.1/40495] INFO  grpc.GrpcFactory (GrpcFactory.java:checkPooledByteBufAllocatorUseCacheForAllThreads(48)) - PERFORMANCE WARNING: useCacheForAllThreads is true that may cause Netty to create a lot garbage objects and, as a result, trigger GC.
	It is recommended to disable useCacheForAllThreads by setting -Dorg.apache.ratis.thirdparty.io.netty.allocator.useCacheForAllThreads=false in command line.
2021-07-27 01:07:00,208 [Listener at 127.0.0.1/40495] INFO  grpc.GrpcConfigKeys (ConfUtils.java:logGet(44)) - raft.grpc.admin.port = 0 (custom)
2021-07-27 01:07:00,208 [Listener at 127.0.0.1/40495] INFO  grpc.GrpcConfigKeys (ConfUtils.java:logGet(44)) - raft.grpc.client.port = 0 (custom)
2021-07-27 01:07:00,209 [Listener at 127.0.0.1/40495] INFO  grpc.GrpcConfigKeys (ConfUtils.java:logGet(44)) - raft.grpc.server.port = 0 (default)
2021-07-27 01:07:00,209 [Listener at 127.0.0.1/40495] INFO  server.GrpcService (ConfUtils.java:logGet(44)) - raft.grpc.message.size.max = 32MB (=33554432) (custom)
2021-07-27 01:07:00,209 [Listener at 127.0.0.1/40495] INFO  server.RaftServerConfigKeys (ConfUtils.java:logGet(44)) - raft.server.log.appender.buffer.byte-limit = 33554432 (custom)
2021-07-27 01:07:00,209 [Listener at 127.0.0.1/40495] INFO  server.GrpcService (ConfUtils.java:logGet(44)) - raft.grpc.flow.control.window = 5MB (=5242880) (custom)
2021-07-27 01:07:00,209 [Listener at 127.0.0.1/40495] INFO  server.RaftServerConfigKeys (ConfUtils.java:logGet(44)) - raft.server.rpc.request.timeout = 60s (custom)
2021-07-27 01:07:00,210 [Listener at 127.0.0.1/40495] INFO  impl.DataStreamServerImpl (ConfUtils.java:logGet(44)) - raft.datastream.type = DISABLED (default)
2021-07-27 01:07:00,210 [Listener at 127.0.0.1/40495] INFO  server.RaftServerConfigKeys (ConfUtils.java:logGet(44)) - raft.server.rpc.slowness.timeout = 300s (custom)
2021-07-27 01:07:00,210 [Listener at 127.0.0.1/40495] INFO  server.RaftServerConfigKeys (ConfUtils.java:logGet(44)) - raft.server.leaderelection.leader.step-down.wait-time = 10s (default)
2021-07-27 01:07:00,211 [Listener at 127.0.0.1/40495] INFO  server.RaftServerConfigKeys (ConfUtils.java:logGet(44)) - raft.server.storage.dir = [/home/runner/work/ozone/ozone/mnt/ozone/hadoop-ozone/integration-test/target/test-dir/MiniOzoneClusterImpl-16f2dd64-f1ad-4a1a-be58-d3c69d16c599/datanode-1/data/ratis] (custom)
2021-07-27 01:07:00,213 [Listener at 127.0.0.1/40495] INFO  http.BaseHttpServer (BaseHttpServer.java:newHttpServer2BuilderForOzone(209)) - Starting Web-server for hddsDatanode at: http://0.0.0.0:0
2021-07-27 01:07:00,213 [Listener at 127.0.0.1/40495] INFO  http.BaseHttpServer (BaseHttpServer.java:<init>(107)) - Hadoop Security Enabled: false Ozone Security Enabled: false Ozone HTTP Security Enabled: false 
2021-07-27 01:07:00,214 [Listener at 127.0.0.1/40495] INFO  server.AuthenticationFilter (AuthenticationFilter.java:constructSecretProvider(240)) - Unable to initialize FileSignerSecretProvider, falling back to use random secrets.
2021-07-27 01:07:00,214 [Listener at 127.0.0.1/40495] WARN  http.HttpRequestLog (HttpRequestLog.java:getRequestLog(103)) - Jetty request log can only be enabled using Log4j
2021-07-27 01:07:00,214 [Listener at 127.0.0.1/40495] INFO  http.HttpServer2 (HttpServer2.java:addGlobalFilter(1020)) - Added global filter 'safety' (class=org.apache.hadoop.hdds.server.http.HttpServer2$QuotingInputFilter)
2021-07-27 01:07:00,215 [Listener at 127.0.0.1/40495] INFO  http.HttpServer2 (HttpServer2.java:addFilter(996)) - Added filter static_user_filter (class=org.apache.hadoop.http.lib.StaticUserWebFilter$StaticUserFilter) to context hddsDatanode
2021-07-27 01:07:00,215 [Listener at 127.0.0.1/40495] INFO  http.HttpServer2 (HttpServer2.java:addFilter(1004)) - Added filter static_user_filter (class=org.apache.hadoop.http.lib.StaticUserWebFilter$StaticUserFilter) to context static
2021-07-27 01:07:00,215 [Listener at 127.0.0.1/40495] INFO  http.HttpServer2 (HttpServer2.java:addFilter(1004)) - Added filter static_user_filter (class=org.apache.hadoop.http.lib.StaticUserWebFilter$StaticUserFilter) to context logs
2021-07-27 01:07:00,215 [Listener at 127.0.0.1/40495] INFO  http.HttpServer2 (HttpServer2.java:bindListener(1239)) - Jetty bound to port 39335
2021-07-27 01:07:00,215 [Listener at 127.0.0.1/40495] INFO  server.Server (Server.java:doStart(375)) - jetty-9.4.35.v20201120; built: 2020-11-20T21:17:03.964Z; git: bdc54f03a5e0a7e280fab27f55c3c75ee8da89fb; jvm 1.8.0_292-b10
2021-07-27 01:07:00,217 [Listener at 127.0.0.1/40495] INFO  server.session (DefaultSessionIdManager.java:doStart(334)) - DefaultSessionIdManager workerName=node0
2021-07-27 01:07:00,217 [Listener at 127.0.0.1/40495] INFO  server.session (DefaultSessionIdManager.java:doStart(339)) - No SessionScavenger set, using defaults
2021-07-27 01:07:00,217 [Listener at 127.0.0.1/40495] INFO  server.session (HouseKeeper.java:startScavenging(132)) - node0 Scavenging every 600000ms
2021-07-27 01:07:00,217 [Listener at 127.0.0.1/40495] INFO  handler.ContextHandler (ContextHandler.java:doStart(916)) - Started o.e.j.s.ServletContextHandler@301f2dc6{logs,/logs,file:///home/runner/work/ozone/ozone/mnt/ozone/hadoop-ozone/integration-test/target/log,AVAILABLE}
2021-07-27 01:07:00,218 [Listener at 127.0.0.1/40495] INFO  handler.ContextHandler (ContextHandler.java:doStart(916)) - Started o.e.j.s.ServletContextHandler@491451b5{static,/static,jar:file:/home/runner/.m2/repository/org/apache/ozone/hdds-container-service/1.2.0-SNAPSHOT/hdds-container-service-1.2.0-SNAPSHOT.jar!/webapps/static,AVAILABLE}
2021-07-27 01:07:00,257 [Listener at 127.0.0.1/40495] INFO  handler.ContextHandler (ContextHandler.java:doStart(916)) - Started o.e.j.w.WebAppContext@29e270a7{hddsDatanode,/,file:///tmp/jetty-0_0_0_0-39335-hdds-container-service-1_2_0-SNAPSHOT_jar-_-any-325068510098852219/webapp/,AVAILABLE}{jar:file:/home/runner/.m2/repository/org/apache/ozone/hdds-container-service/1.2.0-SNAPSHOT/hdds-container-service-1.2.0-SNAPSHOT.jar!/webapps/hddsDatanode}
2021-07-27 01:07:00,258 [Listener at 127.0.0.1/40495] INFO  server.AbstractConnector (AbstractConnector.java:doStart(331)) - Started ServerConnector@24e270c1{HTTP/1.1, (http/1.1)}{0.0.0.0:39335}
2021-07-27 01:07:00,258 [Listener at 127.0.0.1/40495] INFO  server.Server (Server.java:doStart(415)) - Started @102453ms
2021-07-27 01:07:00,258 [Listener at 127.0.0.1/40495] WARN  impl.MetricsSystemImpl (MetricsSystemImpl.java:register(279)) - Sink prometheus already exists!
2021-07-27 01:07:00,259 [Listener at 127.0.0.1/40495] INFO  http.BaseHttpServer (BaseHttpServer.java:updateConnectorAddress(329)) - HTTP server of hddsDatanode listening at http://0.0.0.0:39335
2021-07-27 01:07:00,260 [Listener at 127.0.0.1/40495] WARN  impl.MetricRegistriesImpl (MetricRegistriesImpl.java:addReporterRegistration(111)) - New reporters are added after registries were created. Some metrics will be missing from the reporter. Please add reporter before adding any new registry.
2021-07-27 01:07:00,260 [Listener at 127.0.0.1/40495] WARN  impl.MetricRegistriesImpl (MetricRegistriesImpl.java:addReporterRegistration(111)) - New reporters are added after registries were created. Some metrics will be missing from the reporter. Please add reporter before adding any new registry.
2021-07-27 01:07:00,260 [Listener at 127.0.0.1/40495] INFO  impl.MetricsSystemImpl (MetricsSystemImpl.java:init(158)) - HddsDatanode metrics system started (again)
2021-07-27 01:07:00,271 [org.apache.hadoop.util.JvmPauseMonitor$Monitor@7c7b0d73] INFO  util.JvmPauseMonitor (JvmPauseMonitor.java:run(188)) - Starting JVM pause monitor
2021-07-27 01:07:00,279 [Listener at 127.0.0.1/40495] INFO  ozone.HddsDatanodeService (HddsDatanodeService.java:start(234)) - HddsDatanodeService host:fv-az116-554.vzw04321ajxubdbcnpick5nqva.xx.internal.cloudapp.net ip:10.1.0.6
2021-07-27 01:07:00,293 [Datanode State Machine Task Thread - 0] INFO  datanode.InitDatanodeState (InitDatanodeState.java:persistContainerDatanodeDetails(145)) - DatanodeDetails is persisted to /home/runner/work/ozone/ozone/mnt/ozone/hadoop-ozone/integration-test/target/test-dir/MiniOzoneClusterImpl-16f2dd64-f1ad-4a1a-be58-d3c69d16c599/datanode-1/meta/datanode.id
2021-07-27 01:07:00,300 [Listener at 127.0.0.1/40495] INFO  upgrade.AbstractLayoutVersionManager (AbstractLayoutVersionManager.java:init(70)) - Initializing Layout version manager with metadata layout = SCM_HA (version = 2), software layout = SCM_HA (version = 2)
2021-07-27 01:07:00,333 [Listener at 127.0.0.1/40495] INFO  reflections.Reflections (Reflections.java:scan(232)) - Reflections took 32 ms to scan 7 urls, producing 119 keys and 271 values 
2021-07-27 01:07:00,336 [Listener at 127.0.0.1/40495] INFO  volume.HddsVolume (HddsVolume.java:<init>(120)) - Creating HddsVolume: /home/runner/work/ozone/ozone/mnt/ozone/hadoop-ozone/integration-test/target/test-dir/MiniOzoneClusterImpl-16f2dd64-f1ad-4a1a-be58-d3c69d16c599/datanode-2/data-0/containers/hdds of storage type : DISK capacity : 9223372036854775807
2021-07-27 01:07:00,336 [Listener at 127.0.0.1/40495] INFO  volume.MutableVolumeSet (MutableVolumeSet.java:initializeVolumeSet(181)) - Added Volume : /home/runner/work/ozone/ozone/mnt/ozone/hadoop-ozone/integration-test/target/test-dir/MiniOzoneClusterImpl-16f2dd64-f1ad-4a1a-be58-d3c69d16c599/datanode-2/data-0/containers/hdds to VolumeSet
2021-07-27 01:07:00,336 [Listener at 127.0.0.1/40495] INFO  volume.ThrottledAsyncChecker (ThrottledAsyncChecker.java:schedule(141)) - Scheduling a check for /home/runner/work/ozone/ozone/mnt/ozone/hadoop-ozone/integration-test/target/test-dir/MiniOzoneClusterImpl-16f2dd64-f1ad-4a1a-be58-d3c69d16c599/datanode-2/data-0/containers/hdds
2021-07-27 01:07:00,336 [Listener at 127.0.0.1/40495] INFO  volume.StorageVolumeChecker (StorageVolumeChecker.java:checkAllVolumes(202)) - Scheduled health check for volume /home/runner/work/ozone/ozone/mnt/ozone/hadoop-ozone/integration-test/target/test-dir/MiniOzoneClusterImpl-16f2dd64-f1ad-4a1a-be58-d3c69d16c599/datanode-2/data-0/containers/hdds
2021-07-27 01:07:00,348 [Listener at 127.0.0.1/40495] INFO  volume.MutableVolumeSet (MutableVolumeSet.java:initializeVolumeSet(181)) - Added Volume : /home/runner/work/ozone/ozone/mnt/ozone/hadoop-ozone/integration-test/target/test-dir/MiniOzoneClusterImpl-16f2dd64-f1ad-4a1a-be58-d3c69d16c599/datanode-2/data/ratis to VolumeSet
2021-07-27 01:07:00,348 [Listener at 127.0.0.1/40495] INFO  volume.ThrottledAsyncChecker (ThrottledAsyncChecker.java:schedule(141)) - Scheduling a check for /home/runner/work/ozone/ozone/mnt/ozone/hadoop-ozone/integration-test/target/test-dir/MiniOzoneClusterImpl-16f2dd64-f1ad-4a1a-be58-d3c69d16c599/datanode-2/data/ratis
2021-07-27 01:07:00,348 [Listener at 127.0.0.1/40495] INFO  volume.StorageVolumeChecker (StorageVolumeChecker.java:checkAllVolumes(202)) - Scheduled health check for volume /home/runner/work/ozone/ozone/mnt/ozone/hadoop-ozone/integration-test/target/test-dir/MiniOzoneClusterImpl-16f2dd64-f1ad-4a1a-be58-d3c69d16c599/datanode-2/data/ratis
2021-07-27 01:07:00,367 [Listener at 127.0.0.1/40495] INFO  ozoneimpl.ContainerReader (ContainerReader.java:<init>(98)) - Running in upgrade mode:true
2021-07-27 01:07:00,368 [Thread-926] INFO  ozoneimpl.ContainerReader (ContainerReader.java:readVolume(142)) - Start to verify containers on volume /home/runner/work/ozone/ozone/mnt/ozone/hadoop-ozone/integration-test/target/test-dir/MiniOzoneClusterImpl-16f2dd64-f1ad-4a1a-be58-d3c69d16c599/datanode-2/data-0/containers/hdds
2021-07-27 01:07:00,368 [Thread-926] INFO  ozoneimpl.ContainerReader (ContainerReader.java:readVolume(174)) - Finish verifying containers on volume /home/runner/work/ozone/ozone/mnt/ozone/hadoop-ozone/integration-test/target/test-dir/MiniOzoneClusterImpl-16f2dd64-f1ad-4a1a-be58-d3c69d16c599/datanode-2/data-0/containers/hdds
2021-07-27 01:07:00,368 [Listener at 127.0.0.1/40495] INFO  ozoneimpl.OzoneContainer (OzoneContainer.java:buildContainerSet(237)) - Build ContainerSet costs 0s
2021-07-27 01:07:00,369 [Listener at 127.0.0.1/40495] INFO  server.RaftServer (ConfUtils.java:logGet(44)) - raft.rpc.type = GRPC (default)
2021-07-27 01:07:00,369 [Listener at 127.0.0.1/40495] INFO  grpc.GrpcFactory (GrpcFactory.java:checkPooledByteBufAllocatorUseCacheForAllThreads(48)) - PERFORMANCE WARNING: useCacheForAllThreads is true that may cause Netty to create a lot garbage objects and, as a result, trigger GC.
	It is recommended to disable useCacheForAllThreads by setting -Dorg.apache.ratis.thirdparty.io.netty.allocator.useCacheForAllThreads=false in command line.
2021-07-27 01:07:00,370 [Listener at 127.0.0.1/40495] INFO  grpc.GrpcConfigKeys (ConfUtils.java:logGet(44)) - raft.grpc.admin.port = 0 (custom)
2021-07-27 01:07:00,370 [Listener at 127.0.0.1/40495] INFO  grpc.GrpcConfigKeys (ConfUtils.java:logGet(44)) - raft.grpc.client.port = 0 (custom)
2021-07-27 01:07:00,370 [Listener at 127.0.0.1/40495] INFO  grpc.GrpcConfigKeys (ConfUtils.java:logGet(44)) - raft.grpc.server.port = 0 (default)
2021-07-27 01:07:00,370 [Listener at 127.0.0.1/40495] INFO  server.GrpcService (ConfUtils.java:logGet(44)) - raft.grpc.message.size.max = 32MB (=33554432) (custom)
2021-07-27 01:07:00,370 [Listener at 127.0.0.1/40495] INFO  server.RaftServerConfigKeys (ConfUtils.java:logGet(44)) - raft.server.log.appender.buffer.byte-limit = 33554432 (custom)
2021-07-27 01:07:00,370 [Listener at 127.0.0.1/40495] INFO  server.GrpcService (ConfUtils.java:logGet(44)) - raft.grpc.flow.control.window = 5MB (=5242880) (custom)
2021-07-27 01:07:00,370 [Listener at 127.0.0.1/40495] INFO  server.RaftServerConfigKeys (ConfUtils.java:logGet(44)) - raft.server.rpc.request.timeout = 60s (custom)
2021-07-27 01:07:00,371 [Listener at 127.0.0.1/40495] INFO  impl.DataStreamServerImpl (ConfUtils.java:logGet(44)) - raft.datastream.type = DISABLED (default)
2021-07-27 01:07:00,372 [Listener at 127.0.0.1/40495] INFO  server.RaftServerConfigKeys (ConfUtils.java:logGet(44)) - raft.server.rpc.slowness.timeout = 300s (custom)
2021-07-27 01:07:00,372 [Listener at 127.0.0.1/40495] INFO  server.RaftServerConfigKeys (ConfUtils.java:logGet(44)) - raft.server.leaderelection.leader.step-down.wait-time = 10s (default)
2021-07-27 01:07:00,372 [Listener at 127.0.0.1/40495] INFO  server.RaftServerConfigKeys (ConfUtils.java:logGet(44)) - raft.server.storage.dir = [/home/runner/work/ozone/ozone/mnt/ozone/hadoop-ozone/integration-test/target/test-dir/MiniOzoneClusterImpl-16f2dd64-f1ad-4a1a-be58-d3c69d16c599/datanode-2/data/ratis] (custom)
2021-07-27 01:07:00,374 [Listener at 127.0.0.1/40495] INFO  http.BaseHttpServer (BaseHttpServer.java:newHttpServer2BuilderForOzone(209)) - Starting Web-server for hddsDatanode at: http://0.0.0.0:0
2021-07-27 01:07:00,374 [Listener at 127.0.0.1/40495] INFO  http.BaseHttpServer (BaseHttpServer.java:<init>(107)) - Hadoop Security Enabled: false Ozone Security Enabled: false Ozone HTTP Security Enabled: false 
2021-07-27 01:07:00,375 [Listener at 127.0.0.1/40495] INFO  server.AuthenticationFilter (AuthenticationFilter.java:constructSecretProvider(240)) - Unable to initialize FileSignerSecretProvider, falling back to use random secrets.
2021-07-27 01:07:00,376 [Listener at 127.0.0.1/40495] WARN  http.HttpRequestLog (HttpRequestLog.java:getRequestLog(103)) - Jetty request log can only be enabled using Log4j
2021-07-27 01:07:00,376 [Listener at 127.0.0.1/40495] INFO  http.HttpServer2 (HttpServer2.java:addGlobalFilter(1020)) - Added global filter 'safety' (class=org.apache.hadoop.hdds.server.http.HttpServer2$QuotingInputFilter)
2021-07-27 01:07:00,377 [Listener at 127.0.0.1/40495] INFO  http.HttpServer2 (HttpServer2.java:addFilter(996)) - Added filter static_user_filter (class=org.apache.hadoop.http.lib.StaticUserWebFilter$StaticUserFilter) to context hddsDatanode
2021-07-27 01:07:00,377 [Listener at 127.0.0.1/40495] INFO  http.HttpServer2 (HttpServer2.java:addFilter(1004)) - Added filter static_user_filter (class=org.apache.hadoop.http.lib.StaticUserWebFilter$StaticUserFilter) to context static
2021-07-27 01:07:00,377 [Listener at 127.0.0.1/40495] INFO  http.HttpServer2 (HttpServer2.java:addFilter(1004)) - Added filter static_user_filter (class=org.apache.hadoop.http.lib.StaticUserWebFilter$StaticUserFilter) to context logs
2021-07-27 01:07:00,377 [Listener at 127.0.0.1/40495] INFO  http.HttpServer2 (HttpServer2.java:bindListener(1239)) - Jetty bound to port 36281
2021-07-27 01:07:00,377 [Listener at 127.0.0.1/40495] INFO  server.Server (Server.java:doStart(375)) - jetty-9.4.35.v20201120; built: 2020-11-20T21:17:03.964Z; git: bdc54f03a5e0a7e280fab27f55c3c75ee8da89fb; jvm 1.8.0_292-b10
2021-07-27 01:07:00,379 [Listener at 127.0.0.1/40495] INFO  server.session (DefaultSessionIdManager.java:doStart(334)) - DefaultSessionIdManager workerName=node0
2021-07-27 01:07:00,379 [Listener at 127.0.0.1/40495] INFO  server.session (DefaultSessionIdManager.java:doStart(339)) - No SessionScavenger set, using defaults
2021-07-27 01:07:00,379 [Listener at 127.0.0.1/40495] INFO  server.session (HouseKeeper.java:startScavenging(132)) - node0 Scavenging every 600000ms
2021-07-27 01:07:00,379 [Listener at 127.0.0.1/40495] INFO  handler.ContextHandler (ContextHandler.java:doStart(916)) - Started o.e.j.s.ServletContextHandler@16cb0bc3{logs,/logs,file:///home/runner/work/ozone/ozone/mnt/ozone/hadoop-ozone/integration-test/target/log,AVAILABLE}
2021-07-27 01:07:00,380 [Listener at 127.0.0.1/40495] INFO  handler.ContextHandler (ContextHandler.java:doStart(916)) - Started o.e.j.s.ServletContextHandler@1c369bf5{static,/static,jar:file:/home/runner/.m2/repository/org/apache/ozone/hdds-container-service/1.2.0-SNAPSHOT/hdds-container-service-1.2.0-SNAPSHOT.jar!/webapps/static,AVAILABLE}
2021-07-27 01:07:00,417 [Listener at 127.0.0.1/40495] INFO  handler.ContextHandler (ContextHandler.java:doStart(916)) - Started o.e.j.w.WebAppContext@7aadafee{hddsDatanode,/,file:///tmp/jetty-0_0_0_0-36281-hdds-container-service-1_2_0-SNAPSHOT_jar-_-any-760885769906885896/webapp/,AVAILABLE}{jar:file:/home/runner/.m2/repository/org/apache/ozone/hdds-container-service/1.2.0-SNAPSHOT/hdds-container-service-1.2.0-SNAPSHOT.jar!/webapps/hddsDatanode}
2021-07-27 01:07:00,418 [Listener at 127.0.0.1/40495] INFO  server.AbstractConnector (AbstractConnector.java:doStart(331)) - Started ServerConnector@3341f68c{HTTP/1.1, (http/1.1)}{0.0.0.0:36281}
2021-07-27 01:07:00,418 [Listener at 127.0.0.1/40495] INFO  server.Server (Server.java:doStart(415)) - Started @102613ms
2021-07-27 01:07:00,419 [Listener at 127.0.0.1/40495] WARN  impl.MetricsSystemImpl (MetricsSystemImpl.java:register(279)) - Sink prometheus already exists!
2021-07-27 01:07:00,419 [Listener at 127.0.0.1/40495] INFO  http.BaseHttpServer (BaseHttpServer.java:updateConnectorAddress(329)) - HTTP server of hddsDatanode listening at http://0.0.0.0:36281
2021-07-27 01:07:00,420 [Listener at 127.0.0.1/40495] INFO  ozone.MiniOzoneClusterImpl (MiniOzoneClusterImpl.java:lambda$waitForClusterToBeReady$0(235)) - Waiting for nodes to be ready. Got 0 of 3 DN Heartbeats.
2021-07-27 01:07:00,421 [Listener at 127.0.0.1/40495] INFO  ozone.MiniOzoneClusterImpl (MiniOzoneClusterImpl.java:lambda$waitForClusterToBeReady$0(238)) - Waiting for cluster to exit safe mode
2021-07-27 01:07:00,421 [Listener at 127.0.0.1/40495] INFO  ozone.MiniOzoneClusterImpl (MiniOzoneClusterImpl.java:lambda$waitForClusterToBeReady$0(240)) - SCM became leader
2021-07-27 01:07:00,422 [org.apache.hadoop.util.JvmPauseMonitor$Monitor@19acf7bc] INFO  util.JvmPauseMonitor (JvmPauseMonitor.java:run(188)) - Starting JVM pause monitor
2021-07-27 01:07:00,427 [Datanode State Machine Task Thread - 0] INFO  datanode.InitDatanodeState (InitDatanodeState.java:persistContainerDatanodeDetails(145)) - DatanodeDetails is persisted to /home/runner/work/ozone/ozone/mnt/ozone/hadoop-ozone/integration-test/target/test-dir/MiniOzoneClusterImpl-16f2dd64-f1ad-4a1a-be58-d3c69d16c599/datanode-2/meta/datanode.id
2021-07-27 01:07:01,053 [om1@group-C5BA1605619E-FollowerState] INFO  impl.FollowerState (FollowerState.java:run(134)) - om1@group-C5BA1605619E-FollowerState: change to CANDIDATE, lastRpcElapsedTime:1186440917ns, electionTimeout:1185ms
2021-07-27 01:07:01,054 [om1@group-C5BA1605619E-FollowerState] INFO  impl.RoleInfo (RoleInfo.java:shutdownFollowerState(108)) - om1: shutdown om1@group-C5BA1605619E-FollowerState
2021-07-27 01:07:01,054 [om1@group-C5BA1605619E-FollowerState] INFO  server.RaftServer$Division (RaftServerImpl.java:setRole(285)) - om1@group-C5BA1605619E: changes role from  FOLLOWER to CANDIDATE at term 0 for changeToCandidate
2021-07-27 01:07:01,054 [om1@group-C5BA1605619E-FollowerState] INFO  server.RaftServerConfigKeys (ConfUtils.java:logGet(44)) - raft.server.leaderelection.pre-vote = false (custom)
2021-07-27 01:07:01,054 [om1@group-C5BA1605619E-FollowerState] INFO  impl.RoleInfo (RoleInfo.java:updateAndGet(130)) - om1: start om1@group-C5BA1605619E-LeaderElection35
2021-07-27 01:07:01,057 [om1@group-C5BA1605619E-LeaderElection35] INFO  impl.LeaderElection (LeaderElection.java:askForVotes(306)) - om1@group-C5BA1605619E-LeaderElection35 ELECTION round 0: submit vote requests at term 1 for -1: [om1|rpc:localhost:9872|priority:0], old=null
2021-07-27 01:07:01,057 [om1@group-C5BA1605619E-LeaderElection35] INFO  impl.LeaderElection (LeaderElection.java:askForVotes(308)) - om1@group-C5BA1605619E-LeaderElection35 ELECTION round 0: result PASSED (term=1)
2021-07-27 01:07:01,057 [om1@group-C5BA1605619E-LeaderElection35] INFO  impl.RoleInfo (RoleInfo.java:shutdownLeaderElection(121)) - om1: shutdown om1@group-C5BA1605619E-LeaderElection35
2021-07-27 01:07:01,057 [om1@group-C5BA1605619E-LeaderElection35] INFO  server.RaftServer$Division (RaftServerImpl.java:setRole(285)) - om1@group-C5BA1605619E: changes role from CANDIDATE to LEADER at term 1 for changeToLeader
2021-07-27 01:07:01,057 [om1@group-C5BA1605619E-LeaderElection35] INFO  server.RaftServer$Division (ServerState.java:setLeader(285)) - om1@group-C5BA1605619E: change Leader from null to om1 at term 1 for becomeLeader, leader elected after 1222ms
2021-07-27 01:07:01,057 [om1@group-C5BA1605619E-LeaderElection35] INFO  server.RaftServerConfigKeys (ConfUtils.java:logGet(44)) - raft.server.staging.catchup.gap = 1000 (default)
2021-07-27 01:07:01,058 [om1@group-C5BA1605619E-LeaderElection35] INFO  server.RaftServerConfigKeys (ConfUtils.java:logGet(44)) - raft.server.write.element-limit = 4096 (default)
2021-07-27 01:07:01,058 [om1@group-C5BA1605619E-LeaderElection35] INFO  server.RaftServerConfigKeys (ConfUtils.java:logGet(44)) - raft.server.write.byte-limit = 64MB (=67108864) (default)
2021-07-27 01:07:01,058 [om1@group-C5BA1605619E-LeaderElection35] INFO  server.RaftServerConfigKeys (ConfUtils.java:logGet(44)) - raft.server.watch.timeout = 10s (default)
2021-07-27 01:07:01,058 [om1@group-C5BA1605619E-LeaderElection35] INFO  server.RaftServerConfigKeys (ConfUtils.java:logGet(44)) - raft.server.watch.timeout.denomination = 1s (default)
2021-07-27 01:07:01,058 [om1@group-C5BA1605619E-LeaderElection35] INFO  server.RaftServerConfigKeys (ConfUtils.java:logGet(44)) - raft.server.watch.element-limit = 65536 (default)
2021-07-27 01:07:01,058 [om1@group-C5BA1605619E-LeaderElection35] INFO  impl.RoleInfo (RoleInfo.java:updateAndGet(130)) - om1: start om1@group-C5BA1605619E-LeaderStateImpl
2021-07-27 01:07:01,059 [om1@group-C5BA1605619E-LeaderElection35] INFO  segmented.SegmentedRaftLogWorker (SegmentedRaftLogWorker.java:startLogSegment(394)) - om1@group-C5BA1605619E-SegmentedRaftLogWorker: Starting segment from index:0
2021-07-27 01:07:01,064 [om1@group-C5BA1605619E-LeaderElection35] INFO  server.RaftServer$Division (ServerState.java:setRaftConf(387)) - om1@group-C5BA1605619E: set configuration 0: [om1|rpc:localhost:9872|admin:|client:|dataStream:|priority:0], old=null
2021-07-27 01:07:01,071 [om1@group-C5BA1605619E-SegmentedRaftLogWorker] INFO  segmented.SegmentedRaftLogWorker (SegmentedRaftLogWorker.java:execute(601)) - om1@group-C5BA1605619E-SegmentedRaftLogWorker: created new log segment /home/runner/work/ozone/ozone/mnt/ozone/hadoop-ozone/integration-test/target/test-dir/MiniOzoneClusterImpl-16f2dd64-f1ad-4a1a-be58-d3c69d16c599/ozone-meta/ratis/bf265839-605b-3f16-9796-c5ba1605619e/current/log_inprogress_0
2021-07-27 01:07:01,073 [om1@group-C5BA1605619E-StateMachineUpdater] INFO  ratis.OzoneManagerStateMachine (OzoneManagerStateMachine.java:notifyConfigurationChanged(188)) - Received Configuration change notification from Ratis. New Peer list:
[id: "om1"
address: "localhost:9872"
]
2021-07-27 01:07:01,421 [Listener at 127.0.0.1/40495] INFO  ozone.MiniOzoneClusterImpl (MiniOzoneClusterImpl.java:lambda$waitForClusterToBeReady$0(235)) - Waiting for nodes to be ready. Got 0 of 3 DN Heartbeats.
2021-07-27 01:07:01,421 [Listener at 127.0.0.1/40495] INFO  ozone.MiniOzoneClusterImpl (MiniOzoneClusterImpl.java:lambda$waitForClusterToBeReady$0(238)) - Waiting for cluster to exit safe mode
2021-07-27 01:07:01,421 [Listener at 127.0.0.1/40495] INFO  ozone.MiniOzoneClusterImpl (MiniOzoneClusterImpl.java:lambda$waitForClusterToBeReady$0(240)) - SCM became leader
2021-07-27 01:07:02,129 [EndpointStateMachine task thread for /0.0.0.0:45411 - 0 ] INFO  ozoneimpl.OzoneContainer (OzoneContainer.java:start(305)) - Attempting to start container services.
2021-07-27 01:07:02,130 [EndpointStateMachine task thread for /0.0.0.0:45411 - 0 ] INFO  ozoneimpl.OzoneContainer (OzoneContainer.java:startContainerScrub(250)) - Background container scanner has been disabled.
2021-07-27 01:07:02,130 [EndpointStateMachine task thread for /0.0.0.0:45411 - 0 ] INFO  replication.ReplicationServer (ReplicationServer.java:start(106)) - ReplicationServer is started using port 45111
2021-07-27 01:07:02,131 [EndpointStateMachine task thread for /0.0.0.0:45411 - 0 ] INFO  ratis.XceiverServerRatis (XceiverServerRatis.java:start(478)) - Starting XceiverServerRatis 09544a2e-d1be-4322-b22d-d49b1aa9b056
2021-07-27 01:07:02,131 [EndpointStateMachine task thread for /0.0.0.0:45411 - 0 ] INFO  server.RaftServer (RaftServerProxy.java:lambda$start$5(374)) - 09544a2e-d1be-4322-b22d-d49b1aa9b056: start RPC server
2021-07-27 01:07:02,132 [EndpointStateMachine task thread for /0.0.0.0:45411 - 0 ] INFO  server.GrpcService (GrpcService.java:startImpl(253)) - 09544a2e-d1be-4322-b22d-d49b1aa9b056: GrpcService started, listening on 42003
2021-07-27 01:07:02,132 [EndpointStateMachine task thread for /0.0.0.0:45411 - 0 ] INFO  ratis.XceiverServerRatis (XceiverServerRatis.java:getRealPort(499)) - XceiverServerRatis 09544a2e-d1be-4322-b22d-d49b1aa9b056 is started using port 42003 for RATIS
2021-07-27 01:07:02,132 [EndpointStateMachine task thread for /0.0.0.0:45411 - 0 ] INFO  ratis.XceiverServerRatis (XceiverServerRatis.java:getRealPort(499)) - XceiverServerRatis 09544a2e-d1be-4322-b22d-d49b1aa9b056 is started using port 42003 for RATIS_ADMIN
2021-07-27 01:07:02,132 [EndpointStateMachine task thread for /0.0.0.0:45411 - 0 ] INFO  ratis.XceiverServerRatis (XceiverServerRatis.java:getRealPort(499)) - XceiverServerRatis 09544a2e-d1be-4322-b22d-d49b1aa9b056 is started using port 42003 for RATIS_SERVER
2021-07-27 01:07:02,132 [org.apache.ratis.util.JvmPauseMonitor$$Lambda$526/1158709959@83914d8] INFO  util.JvmPauseMonitor (JvmPauseMonitor.java:run(103)) - JvmPauseMonitor-09544a2e-d1be-4322-b22d-d49b1aa9b056: Started
2021-07-27 01:07:02,133 [EndpointStateMachine task thread for /0.0.0.0:45411 - 0 ] INFO  server.XceiverServerGrpc (XceiverServerGrpc.java:start(135)) - XceiverServerGrpc 09544a2e-d1be-4322-b22d-d49b1aa9b056 is started using port 41157
2021-07-27 01:07:02,275 [EndpointStateMachine task thread for /0.0.0.0:45411 - 0 ] INFO  ozoneimpl.OzoneContainer (OzoneContainer.java:start(305)) - Attempting to start container services.
2021-07-27 01:07:02,275 [EndpointStateMachine task thread for /0.0.0.0:45411 - 0 ] INFO  ozoneimpl.OzoneContainer (OzoneContainer.java:startContainerScrub(250)) - Background container scanner has been disabled.
2021-07-27 01:07:02,276 [EndpointStateMachine task thread for /0.0.0.0:45411 - 0 ] INFO  replication.ReplicationServer (ReplicationServer.java:start(106)) - ReplicationServer is started using port 40083
2021-07-27 01:07:02,276 [EndpointStateMachine task thread for /0.0.0.0:45411 - 0 ] INFO  ratis.XceiverServerRatis (XceiverServerRatis.java:start(478)) - Starting XceiverServerRatis add9ee20-ac1a-4d1d-a881-b847474b364b
2021-07-27 01:07:02,277 [EndpointStateMachine task thread for /0.0.0.0:45411 - 0 ] INFO  server.RaftServer (RaftServerProxy.java:lambda$start$5(374)) - add9ee20-ac1a-4d1d-a881-b847474b364b: start RPC server
2021-07-27 01:07:02,277 [EndpointStateMachine task thread for /0.0.0.0:45411 - 0 ] INFO  server.GrpcService (GrpcService.java:startImpl(253)) - add9ee20-ac1a-4d1d-a881-b847474b364b: GrpcService started, listening on 39643
2021-07-27 01:07:02,277 [EndpointStateMachine task thread for /0.0.0.0:45411 - 0 ] INFO  ratis.XceiverServerRatis (XceiverServerRatis.java:getRealPort(499)) - XceiverServerRatis add9ee20-ac1a-4d1d-a881-b847474b364b is started using port 39643 for RATIS
2021-07-27 01:07:02,278 [EndpointStateMachine task thread for /0.0.0.0:45411 - 0 ] INFO  ratis.XceiverServerRatis (XceiverServerRatis.java:getRealPort(499)) - XceiverServerRatis add9ee20-ac1a-4d1d-a881-b847474b364b is started using port 39643 for RATIS_ADMIN
2021-07-27 01:07:02,278 [EndpointStateMachine task thread for /0.0.0.0:45411 - 0 ] INFO  ratis.XceiverServerRatis (XceiverServerRatis.java:getRealPort(499)) - XceiverServerRatis add9ee20-ac1a-4d1d-a881-b847474b364b is started using port 39643 for RATIS_SERVER
2021-07-27 01:07:02,278 [org.apache.ratis.util.JvmPauseMonitor$$Lambda$526/1158709959@45a6c9e8] INFO  util.JvmPauseMonitor (JvmPauseMonitor.java:run(103)) - JvmPauseMonitor-add9ee20-ac1a-4d1d-a881-b847474b364b: Started
2021-07-27 01:07:02,278 [EndpointStateMachine task thread for /0.0.0.0:45411 - 0 ] INFO  server.XceiverServerGrpc (XceiverServerGrpc.java:start(135)) - XceiverServerGrpc add9ee20-ac1a-4d1d-a881-b847474b364b is started using port 46257
2021-07-27 01:07:02,421 [Listener at 127.0.0.1/40495] INFO  ozone.MiniOzoneClusterImpl (MiniOzoneClusterImpl.java:lambda$waitForClusterToBeReady$0(235)) - Waiting for nodes to be ready. Got 0 of 3 DN Heartbeats.
2021-07-27 01:07:02,422 [Listener at 127.0.0.1/40495] INFO  ozone.MiniOzoneClusterImpl (MiniOzoneClusterImpl.java:lambda$waitForClusterToBeReady$0(238)) - Waiting for cluster to exit safe mode
2021-07-27 01:07:02,422 [Listener at 127.0.0.1/40495] INFO  ozone.MiniOzoneClusterImpl (MiniOzoneClusterImpl.java:lambda$waitForClusterToBeReady$0(240)) - SCM became leader
2021-07-27 01:07:02,426 [EndpointStateMachine task thread for /0.0.0.0:45411 - 0 ] INFO  ozoneimpl.OzoneContainer (OzoneContainer.java:start(305)) - Attempting to start container services.
2021-07-27 01:07:02,426 [EndpointStateMachine task thread for /0.0.0.0:45411 - 0 ] INFO  ozoneimpl.OzoneContainer (OzoneContainer.java:startContainerScrub(250)) - Background container scanner has been disabled.
2021-07-27 01:07:02,427 [EndpointStateMachine task thread for /0.0.0.0:45411 - 0 ] INFO  replication.ReplicationServer (ReplicationServer.java:start(106)) - ReplicationServer is started using port 44605
2021-07-27 01:07:02,428 [EndpointStateMachine task thread for /0.0.0.0:45411 - 0 ] INFO  ratis.XceiverServerRatis (XceiverServerRatis.java:start(478)) - Starting XceiverServerRatis 78df850f-b6e4-442f-ab73-43f51794e862
2021-07-27 01:07:02,429 [EndpointStateMachine task thread for /0.0.0.0:45411 - 0 ] INFO  server.RaftServer (RaftServerProxy.java:lambda$start$5(374)) - 78df850f-b6e4-442f-ab73-43f51794e862: start RPC server
2021-07-27 01:07:02,429 [EndpointStateMachine task thread for /0.0.0.0:45411 - 0 ] INFO  server.GrpcService (GrpcService.java:startImpl(253)) - 78df850f-b6e4-442f-ab73-43f51794e862: GrpcService started, listening on 39903
2021-07-27 01:07:02,430 [EndpointStateMachine task thread for /0.0.0.0:45411 - 0 ] INFO  ratis.XceiverServerRatis (XceiverServerRatis.java:getRealPort(499)) - XceiverServerRatis 78df850f-b6e4-442f-ab73-43f51794e862 is started using port 39903 for RATIS
2021-07-27 01:07:02,430 [org.apache.ratis.util.JvmPauseMonitor$$Lambda$526/1158709959@29a33e75] INFO  util.JvmPauseMonitor (JvmPauseMonitor.java:run(103)) - JvmPauseMonitor-78df850f-b6e4-442f-ab73-43f51794e862: Started
2021-07-27 01:07:02,430 [EndpointStateMachine task thread for /0.0.0.0:45411 - 0 ] INFO  ratis.XceiverServerRatis (XceiverServerRatis.java:getRealPort(499)) - XceiverServerRatis 78df850f-b6e4-442f-ab73-43f51794e862 is started using port 39903 for RATIS_ADMIN
2021-07-27 01:07:02,430 [EndpointStateMachine task thread for /0.0.0.0:45411 - 0 ] INFO  ratis.XceiverServerRatis (XceiverServerRatis.java:getRealPort(499)) - XceiverServerRatis 78df850f-b6e4-442f-ab73-43f51794e862 is started using port 39903 for RATIS_SERVER
2021-07-27 01:07:02,430 [EndpointStateMachine task thread for /0.0.0.0:45411 - 0 ] INFO  server.XceiverServerGrpc (XceiverServerGrpc.java:start(135)) - XceiverServerGrpc 78df850f-b6e4-442f-ab73-43f51794e862 is started using port 38763
2021-07-27 01:07:03,422 [Listener at 127.0.0.1/40495] INFO  ozone.MiniOzoneClusterImpl (MiniOzoneClusterImpl.java:lambda$waitForClusterToBeReady$0(235)) - Waiting for nodes to be ready. Got 0 of 3 DN Heartbeats.
2021-07-27 01:07:03,422 [Listener at 127.0.0.1/40495] INFO  ozone.MiniOzoneClusterImpl (MiniOzoneClusterImpl.java:lambda$waitForClusterToBeReady$0(238)) - Waiting for cluster to exit safe mode
2021-07-27 01:07:03,422 [Listener at 127.0.0.1/40495] INFO  ozone.MiniOzoneClusterImpl (MiniOzoneClusterImpl.java:lambda$waitForClusterToBeReady$0(240)) - SCM became leader
2021-07-27 01:07:04,126 [IPC Server handler 0 on default port 45411] INFO  net.NetworkTopologyImpl (NetworkTopologyImpl.java:add(112)) - Added a new node: /default-rack/09544a2e-d1be-4322-b22d-d49b1aa9b056
2021-07-27 01:07:04,127 [IPC Server handler 0 on default port 45411] INFO  node.SCMNodeManager (SCMNodeManager.java:register(386)) - Registered Data node : 09544a2e-d1be-4322-b22d-d49b1aa9b056{ip: 10.1.0.6, host: fv-az116-554.vzw04321ajxubdbcnpick5nqva.xx.internal.cloudapp.net, ports: [REPLICATION=45111, RATIS=42003, RATIS_ADMIN=42003, RATIS_SERVER=42003, STANDALONE=41157], networkLocation: /default-rack, certSerialId: null, persistedOpState: null, persistedOpStateExpiryEpochSec: 0}
2021-07-27 01:07:04,134 [EventQueue-NewNodeForNewNodeHandler] INFO  pipeline.BackgroundPipelineCreator (BackgroundPipelineCreatorV2.java:notifyEventTriggered(285)) - trigger a one-shot run on RatisPipelineUtilsThread.
2021-07-27 01:07:04,134 [RatisPipelineUtilsThread - 0] INFO  pipeline.RatisPipelineProvider (RatisPipelineProvider.java:lambda$create$0(183)) - Sending CreatePipelineCommand for pipeline:PipelineID=369d0a57-f444-409a-ae1a-10322319cfab to datanode:09544a2e-d1be-4322-b22d-d49b1aa9b056
2021-07-27 01:07:04,135 [EventQueue-NodeRegistrationContainerReportForContainerSafeModeRule] INFO  safemode.SCMSafeModeManager (SCMSafeModeManager.java:validateSafeModeExitRules(204)) - ContainerSafeModeRule rule is successfully validated
2021-07-27 01:07:04,135 [EventQueue-NodeRegistrationContainerReportForDataNodeSafeModeRule] INFO  safemode.SCMSafeModeManager (DataNodeSafeModeRule.java:process(71)) - SCM in safe mode. 1 DataNodes registered, 3 required.
2021-07-27 01:07:04,136 [EventQueue-PipelineReportForOneReplicaPipelineSafeModeRule] INFO  safemode.SCMSafeModeManager (SCMSafeModeManager.java:validateSafeModeExitRules(204)) - AtleastOneDatanodeReportedRule rule is successfully validated
2021-07-27 01:07:04,137 [RatisPipelineUtilsThread - 0] INFO  pipeline.PipelineStateManager (PipelineStateManagerV2Impl.java:addPipeline(101)) - Created pipeline Pipeline[ Id: 369d0a57-f444-409a-ae1a-10322319cfab, Nodes: 09544a2e-d1be-4322-b22d-d49b1aa9b056{ip: 10.1.0.6, host: fv-az116-554.vzw04321ajxubdbcnpick5nqva.xx.internal.cloudapp.net, ports: [REPLICATION=45111, RATIS=42003, RATIS_ADMIN=42003, RATIS_SERVER=42003, STANDALONE=41157], networkLocation: /default-rack, certSerialId: null, persistedOpState: IN_SERVICE, persistedOpStateExpiryEpochSec: 0}, ReplicationConfig: RATIS/ONE, State:ALLOCATED, leaderId:, CreationTimestamp2021-07-27T01:07:04.134Z[Etc/UTC]].
2021-07-27 01:07:04,273 [IPC Server handler 1 on default port 45411] INFO  net.NetworkTopologyImpl (NetworkTopologyImpl.java:add(112)) - Added a new node: /default-rack/add9ee20-ac1a-4d1d-a881-b847474b364b
2021-07-27 01:07:04,273 [IPC Server handler 1 on default port 45411] INFO  node.SCMNodeManager (SCMNodeManager.java:register(386)) - Registered Data node : add9ee20-ac1a-4d1d-a881-b847474b364b{ip: 10.1.0.6, host: fv-az116-554.vzw04321ajxubdbcnpick5nqva.xx.internal.cloudapp.net, ports: [REPLICATION=40083, RATIS=39643, RATIS_ADMIN=39643, RATIS_SERVER=39643, STANDALONE=46257], networkLocation: /default-rack, certSerialId: null, persistedOpState: null, persistedOpStateExpiryEpochSec: 0}
2021-07-27 01:07:04,273 [EventQueue-NewNodeForNewNodeHandler] INFO  pipeline.BackgroundPipelineCreator (BackgroundPipelineCreatorV2.java:notifyEventTriggered(285)) - trigger a one-shot run on RatisPipelineUtilsThread.
2021-07-27 01:07:04,274 [EventQueue-NodeRegistrationContainerReportForDataNodeSafeModeRule] INFO  safemode.SCMSafeModeManager (DataNodeSafeModeRule.java:process(71)) - SCM in safe mode. 2 DataNodes registered, 3 required.
2021-07-27 01:07:04,275 [RatisPipelineUtilsThread - 0] INFO  pipeline.RatisPipelineProvider (RatisPipelineProvider.java:lambda$create$0(183)) - Sending CreatePipelineCommand for pipeline:PipelineID=63ed4410-75b1-433a-b596-9dc8aae452a8 to datanode:add9ee20-ac1a-4d1d-a881-b847474b364b
2021-07-27 01:07:04,276 [RatisPipelineUtilsThread - 0] INFO  pipeline.PipelineStateManager (PipelineStateManagerV2Impl.java:addPipeline(101)) - Created pipeline Pipeline[ Id: 63ed4410-75b1-433a-b596-9dc8aae452a8, Nodes: add9ee20-ac1a-4d1d-a881-b847474b364b{ip: 10.1.0.6, host: fv-az116-554.vzw04321ajxubdbcnpick5nqva.xx.internal.cloudapp.net, ports: [REPLICATION=40083, RATIS=39643, RATIS_ADMIN=39643, RATIS_SERVER=39643, STANDALONE=46257], networkLocation: /default-rack, certSerialId: null, persistedOpState: IN_SERVICE, persistedOpStateExpiryEpochSec: 0}, ReplicationConfig: RATIS/ONE, State:ALLOCATED, leaderId:, CreationTimestamp2021-07-27T01:07:04.275Z[Etc/UTC]].
2021-07-27 01:07:04,422 [Listener at 127.0.0.1/40495] INFO  ozone.MiniOzoneClusterImpl (MiniOzoneClusterImpl.java:lambda$waitForClusterToBeReady$0(235)) - Waiting for nodes to be ready. Got 2 of 3 DN Heartbeats.
2021-07-27 01:07:04,423 [Listener at 127.0.0.1/40495] INFO  ozone.MiniOzoneClusterImpl (MiniOzoneClusterImpl.java:lambda$waitForClusterToBeReady$0(238)) - Waiting for cluster to exit safe mode
2021-07-27 01:07:04,423 [Listener at 127.0.0.1/40495] INFO  ozone.MiniOzoneClusterImpl (MiniOzoneClusterImpl.java:lambda$waitForClusterToBeReady$0(240)) - SCM became leader
2021-07-27 01:07:04,423 [IPC Server handler 2 on default port 45411] INFO  net.NetworkTopologyImpl (NetworkTopologyImpl.java:add(112)) - Added a new node: /default-rack/78df850f-b6e4-442f-ab73-43f51794e862
2021-07-27 01:07:04,423 [IPC Server handler 2 on default port 45411] INFO  node.SCMNodeManager (SCMNodeManager.java:register(386)) - Registered Data node : 78df850f-b6e4-442f-ab73-43f51794e862{ip: 10.1.0.6, host: fv-az116-554.vzw04321ajxubdbcnpick5nqva.xx.internal.cloudapp.net, ports: [REPLICATION=44605, RATIS=39903, RATIS_ADMIN=39903, RATIS_SERVER=39903, STANDALONE=38763], networkLocation: /default-rack, certSerialId: null, persistedOpState: null, persistedOpStateExpiryEpochSec: 0}
2021-07-27 01:07:04,424 [EventQueue-NewNodeForNewNodeHandler] INFO  pipeline.BackgroundPipelineCreator (BackgroundPipelineCreatorV2.java:notifyEventTriggered(285)) - trigger a one-shot run on RatisPipelineUtilsThread.
2021-07-27 01:07:04,424 [EventQueue-NodeRegistrationContainerReportForDataNodeSafeModeRule] INFO  safemode.SCMSafeModeManager (DataNodeSafeModeRule.java:process(71)) - SCM in safe mode. 3 DataNodes registered, 3 required.
2021-07-27 01:07:04,424 [EventQueue-NodeRegistrationContainerReportForDataNodeSafeModeRule] INFO  safemode.SCMSafeModeManager (SCMSafeModeManager.java:validateSafeModeExitRules(204)) - DataNodeSafeModeRule rule is successfully validated
2021-07-27 01:07:04,424 [EventQueue-NodeRegistrationContainerReportForDataNodeSafeModeRule] INFO  safemode.SCMSafeModeManager (SCMSafeModeManager.java:completePreCheck(233)) - All SCM safe mode pre check rules have passed
2021-07-27 01:07:04,424 [EventQueue-NodeRegistrationContainerReportForDataNodeSafeModeRule] WARN  events.EventQueue (EventQueue.java:fireEvent(194)) - No event handler registered for event TypedEvent{payloadType=SafeModeStatus, name='Safe mode status'}
2021-07-27 01:07:04,424 [RatisPipelineUtilsThread - 0] INFO  pipeline.RatisPipelineProvider (RatisPipelineProvider.java:lambda$create$0(183)) - Sending CreatePipelineCommand for pipeline:PipelineID=66ac7ade-78a1-4dde-a6ce-bd3f080e74ee to datanode:78df850f-b6e4-442f-ab73-43f51794e862
2021-07-27 01:07:04,424 [EventQueue-NodeRegistrationContainerReportForDataNodeSafeModeRule] INFO  ha.SCMContext (SCMContext.java:updateSafeModeStatus(205)) - Update SafeModeStatus from SafeModeStatus{safeModeStatus=true, preCheckPassed=false} to SafeModeStatus{safeModeStatus=true, preCheckPassed=true}.
2021-07-27 01:07:04,424 [EventQueue-NodeRegistrationContainerReportForDataNodeSafeModeRule] INFO  pipeline.BackgroundPipelineCreator (BackgroundPipelineCreatorV2.java:notifyEventTriggered(285)) - trigger a one-shot run on RatisPipelineUtilsThread.
2021-07-27 01:07:04,425 [RatisPipelineUtilsThread - 0] INFO  pipeline.PipelineStateManager (PipelineStateManagerV2Impl.java:addPipeline(101)) - Created pipeline Pipeline[ Id: 66ac7ade-78a1-4dde-a6ce-bd3f080e74ee, Nodes: 78df850f-b6e4-442f-ab73-43f51794e862{ip: 10.1.0.6, host: fv-az116-554.vzw04321ajxubdbcnpick5nqva.xx.internal.cloudapp.net, ports: [REPLICATION=44605, RATIS=39903, RATIS_ADMIN=39903, RATIS_SERVER=39903, STANDALONE=38763], networkLocation: /default-rack, certSerialId: null, persistedOpState: IN_SERVICE, persistedOpStateExpiryEpochSec: 0}, ReplicationConfig: RATIS/ONE, State:ALLOCATED, leaderId:, CreationTimestamp2021-07-27T01:07:04.424Z[Etc/UTC]].
2021-07-27 01:07:04,425 [RatisPipelineUtilsThread - 0] INFO  pipeline.RatisPipelineProvider (RatisPipelineProvider.java:lambda$create$0(183)) - Sending CreatePipelineCommand for pipeline:PipelineID=1adaa32e-2617-4847-b406-c5a1d46ce2eb to datanode:78df850f-b6e4-442f-ab73-43f51794e862
2021-07-27 01:07:04,425 [RatisPipelineUtilsThread - 0] INFO  pipeline.RatisPipelineProvider (RatisPipelineProvider.java:lambda$create$0(183)) - Sending CreatePipelineCommand for pipeline:PipelineID=1adaa32e-2617-4847-b406-c5a1d46ce2eb to datanode:09544a2e-d1be-4322-b22d-d49b1aa9b056
2021-07-27 01:07:04,426 [RatisPipelineUtilsThread - 0] INFO  pipeline.RatisPipelineProvider (RatisPipelineProvider.java:lambda$create$0(183)) - Sending CreatePipelineCommand for pipeline:PipelineID=1adaa32e-2617-4847-b406-c5a1d46ce2eb to datanode:add9ee20-ac1a-4d1d-a881-b847474b364b
2021-07-27 01:07:04,426 [RatisPipelineUtilsThread - 0] INFO  pipeline.PipelineStateManager (PipelineStateManagerV2Impl.java:addPipeline(101)) - Created pipeline Pipeline[ Id: 1adaa32e-2617-4847-b406-c5a1d46ce2eb, Nodes: 78df850f-b6e4-442f-ab73-43f51794e862{ip: 10.1.0.6, host: fv-az116-554.vzw04321ajxubdbcnpick5nqva.xx.internal.cloudapp.net, ports: [REPLICATION=44605, RATIS=39903, RATIS_ADMIN=39903, RATIS_SERVER=39903, STANDALONE=38763], networkLocation: /default-rack, certSerialId: null, persistedOpState: IN_SERVICE, persistedOpStateExpiryEpochSec: 0}09544a2e-d1be-4322-b22d-d49b1aa9b056{ip: 10.1.0.6, host: fv-az116-554.vzw04321ajxubdbcnpick5nqva.xx.internal.cloudapp.net, ports: [REPLICATION=45111, RATIS=42003, RATIS_ADMIN=42003, RATIS_SERVER=42003, STANDALONE=41157], networkLocation: /default-rack, certSerialId: null, persistedOpState: IN_SERVICE, persistedOpStateExpiryEpochSec: 0}add9ee20-ac1a-4d1d-a881-b847474b364b{ip: 10.1.0.6, host: fv-az116-554.vzw04321ajxubdbcnpick5nqva.xx.internal.cloudapp.net, ports: [REPLICATION=40083, RATIS=39643, RATIS_ADMIN=39643, RATIS_SERVER=39643, STANDALONE=46257], networkLocation: /default-rack, certSerialId: null, persistedOpState: IN_SERVICE, persistedOpStateExpiryEpochSec: 0}, ReplicationConfig: RATIS/THREE, State:ALLOCATED, leaderId:, CreationTimestamp2021-07-27T01:07:04.425Z[Etc/UTC]].
2021-07-27 01:07:04,427 [RatisPipelineUtilsThread - 0] INFO  pipeline.RatisPipelineProvider (RatisPipelineProvider.java:lambda$create$0(183)) - Sending CreatePipelineCommand for pipeline:PipelineID=d52de00d-9d09-4d5f-b3fc-13fc57b98b14 to datanode:add9ee20-ac1a-4d1d-a881-b847474b364b
2021-07-27 01:07:04,427 [RatisPipelineUtilsThread - 0] INFO  pipeline.RatisPipelineProvider (RatisPipelineProvider.java:lambda$create$0(183)) - Sending CreatePipelineCommand for pipeline:PipelineID=d52de00d-9d09-4d5f-b3fc-13fc57b98b14 to datanode:78df850f-b6e4-442f-ab73-43f51794e862
2021-07-27 01:07:04,427 [RatisPipelineUtilsThread - 0] INFO  pipeline.RatisPipelineProvider (RatisPipelineProvider.java:lambda$create$0(183)) - Sending CreatePipelineCommand for pipeline:PipelineID=d52de00d-9d09-4d5f-b3fc-13fc57b98b14 to datanode:09544a2e-d1be-4322-b22d-d49b1aa9b056
2021-07-27 01:07:04,427 [RatisPipelineUtilsThread - 0] INFO  pipeline.PipelineStateManager (PipelineStateManagerV2Impl.java:addPipeline(101)) - Created pipeline Pipeline[ Id: d52de00d-9d09-4d5f-b3fc-13fc57b98b14, Nodes: add9ee20-ac1a-4d1d-a881-b847474b364b{ip: 10.1.0.6, host: fv-az116-554.vzw04321ajxubdbcnpick5nqva.xx.internal.cloudapp.net, ports: [REPLICATION=40083, RATIS=39643, RATIS_ADMIN=39643, RATIS_SERVER=39643, STANDALONE=46257], networkLocation: /default-rack, certSerialId: null, persistedOpState: IN_SERVICE, persistedOpStateExpiryEpochSec: 0}78df850f-b6e4-442f-ab73-43f51794e862{ip: 10.1.0.6, host: fv-az116-554.vzw04321ajxubdbcnpick5nqva.xx.internal.cloudapp.net, ports: [REPLICATION=44605, RATIS=39903, RATIS_ADMIN=39903, RATIS_SERVER=39903, STANDALONE=38763], networkLocation: /default-rack, certSerialId: null, persistedOpState: IN_SERVICE, persistedOpStateExpiryEpochSec: 0}09544a2e-d1be-4322-b22d-d49b1aa9b056{ip: 10.1.0.6, host: fv-az116-554.vzw04321ajxubdbcnpick5nqva.xx.internal.cloudapp.net, ports: [REPLICATION=45111, RATIS=42003, RATIS_ADMIN=42003, RATIS_SERVER=42003, STANDALONE=41157], networkLocation: /default-rack, certSerialId: null, persistedOpState: IN_SERVICE, persistedOpStateExpiryEpochSec: 0}, ReplicationConfig: RATIS/THREE, State:ALLOCATED, leaderId:, CreationTimestamp2021-07-27T01:07:04.426Z[Etc/UTC]].
2021-07-27 01:07:04,428 [RatisPipelineUtilsThread - 0] INFO  pipeline.PipelineManagerV2Impl (PipelineManagerV2Impl.java:recordMetricsForPipeline(614)) - Pipeline: PipelineID=d52de00d-9d09-4d5f-b3fc-13fc57b98b14 contains same datanodes as previous pipelines: PipelineID=1adaa32e-2617-4847-b406-c5a1d46ce2eb nodeIds: add9ee20-ac1a-4d1d-a881-b847474b364b, 78df850f-b6e4-442f-ab73-43f51794e862, 09544a2e-d1be-4322-b22d-d49b1aa9b056
2021-07-27 01:07:05,423 [Listener at 127.0.0.1/40495] INFO  ozone.MiniOzoneClusterImpl (MiniOzoneClusterImpl.java:lambda$waitForClusterToBeReady$0(235)) - Nodes are ready. Got 3 of 3 DN Heartbeats.
2021-07-27 01:07:05,423 [Listener at 127.0.0.1/40495] INFO  ozone.MiniOzoneClusterImpl (MiniOzoneClusterImpl.java:lambda$waitForClusterToBeReady$0(238)) - Waiting for cluster to exit safe mode
2021-07-27 01:07:05,423 [Listener at 127.0.0.1/40495] INFO  ozone.MiniOzoneClusterImpl (MiniOzoneClusterImpl.java:lambda$waitForClusterToBeReady$0(240)) - SCM became leader
2021-07-27 01:07:06,423 [Listener at 127.0.0.1/40495] INFO  ozone.MiniOzoneClusterImpl (MiniOzoneClusterImpl.java:lambda$waitForClusterToBeReady$0(235)) - Nodes are ready. Got 3 of 3 DN Heartbeats.
2021-07-27 01:07:06,423 [Listener at 127.0.0.1/40495] INFO  ozone.MiniOzoneClusterImpl (MiniOzoneClusterImpl.java:lambda$waitForClusterToBeReady$0(238)) - Waiting for cluster to exit safe mode
2021-07-27 01:07:06,423 [Listener at 127.0.0.1/40495] INFO  ozone.MiniOzoneClusterImpl (MiniOzoneClusterImpl.java:lambda$waitForClusterToBeReady$0(240)) - SCM became leader
2021-07-27 01:07:07,125 [Command processor thread] INFO  server.RaftServer (RaftServerProxy.java:addNew(95)) - 09544a2e-d1be-4322-b22d-d49b1aa9b056: addNew group-10322319CFAB:[09544a2e-d1be-4322-b22d-d49b1aa9b056|rpc:10.1.0.6:42003|priority:1] returns group-10322319CFAB:java.util.concurrent.CompletableFuture@261be86a[Not completed]
2021-07-27 01:07:07,126 [pool-355-thread-1] INFO  server.RaftServer$Division (RaftServerImpl.java:<init>(181)) - 09544a2e-d1be-4322-b22d-d49b1aa9b056: new RaftServerImpl for group-10322319CFAB:[09544a2e-d1be-4322-b22d-d49b1aa9b056|rpc:10.1.0.6:42003|priority:1] with ContainerStateMachine:uninitialized
2021-07-27 01:07:07,127 [pool-355-thread-1] INFO  server.RaftServerConfigKeys (ConfUtils.java:logGet(44)) - raft.server.rpc.timeout.min = 5s (custom)
2021-07-27 01:07:07,127 [pool-355-thread-1] INFO  server.RaftServerConfigKeys (ConfUtils.java:logGet(44)) - raft.server.rpc.timeout.max = 5200ms (custom)
2021-07-27 01:07:07,127 [pool-355-thread-1] INFO  server.RaftServerConfigKeys (ConfUtils.java:logGet(44)) - raft.server.rpc.sleep.time = 25ms (default)
2021-07-27 01:07:07,127 [pool-355-thread-1] INFO  server.RaftServerConfigKeys (ConfUtils.java:logGet(44)) - raft.server.rpc.slowness.timeout = 300s (custom)
2021-07-27 01:07:07,127 [pool-355-thread-1] INFO  server.RaftServerConfigKeys (ConfUtils.java:logGet(44)) - raft.server.leaderelection.leader.step-down.wait-time = 10s (default)
2021-07-27 01:07:07,127 [pool-355-thread-1] INFO  server.RaftServerConfigKeys (ConfUtils.java:logGet(44)) - raft.server.sleep.deviation.threshold = 300ms (default)
2021-07-27 01:07:07,127 [pool-355-thread-1] INFO  server.RaftServerConfigKeys (ConfUtils.java:logGet(44)) - raft.server.log.appender.install.snapshot.enabled = false (custom)
2021-07-27 01:07:07,127 [pool-355-thread-1] INFO  server.RaftServer$Division (ServerState.java:<init>(105)) - 09544a2e-d1be-4322-b22d-d49b1aa9b056@group-10322319CFAB: ConfigurationManager, init=-1: [09544a2e-d1be-4322-b22d-d49b1aa9b056|rpc:10.1.0.6:42003|priority:1], old=null, confs=<EMPTY_MAP>
2021-07-27 01:07:07,127 [pool-355-thread-1] INFO  server.RaftServerConfigKeys (ConfUtils.java:logGet(44)) - raft.server.storage.dir = [/home/runner/work/ozone/ozone/mnt/ozone/hadoop-ozone/integration-test/target/test-dir/MiniOzoneClusterImpl-16f2dd64-f1ad-4a1a-be58-d3c69d16c599/datanode-0/data/ratis] (custom)
2021-07-27 01:07:07,128 [pool-355-thread-1] INFO  server.RaftServerConfigKeys (ConfUtils.java:logGet(44)) - raft.server.log.corruption.policy = EXCEPTION (default)
2021-07-27 01:07:07,128 [pool-355-thread-1] INFO  server.RaftServerConfigKeys (ConfUtils.java:logGet(44)) - raft.server.storage.free-space.min = 0MB (=0) (default)
2021-07-27 01:07:07,128 [pool-355-thread-1] INFO  storage.RaftStorageDirectory (RaftStorageDirectoryImpl.java:analyzeStorage(135)) - The storage directory /home/runner/work/ozone/ozone/mnt/ozone/hadoop-ozone/integration-test/target/test-dir/MiniOzoneClusterImpl-16f2dd64-f1ad-4a1a-be58-d3c69d16c599/datanode-0/data/ratis/369d0a57-f444-409a-ae1a-10322319cfab does not exist. Creating ...
2021-07-27 01:07:07,129 [pool-355-thread-1] INFO  storage.RaftStorageDirectory (RaftStorageDirectoryImpl.java:tryLock(230)) - Lock on /home/runner/work/ozone/ozone/mnt/ozone/hadoop-ozone/integration-test/target/test-dir/MiniOzoneClusterImpl-16f2dd64-f1ad-4a1a-be58-d3c69d16c599/datanode-0/data/ratis/369d0a57-f444-409a-ae1a-10322319cfab/in_use.lock acquired by nodename 14231@fv-az116-554
2021-07-27 01:07:07,130 [pool-355-thread-1] INFO  storage.RaftStorage (RaftStorageImpl.java:format(89)) - Storage directory /home/runner/work/ozone/ozone/mnt/ozone/hadoop-ozone/integration-test/target/test-dir/MiniOzoneClusterImpl-16f2dd64-f1ad-4a1a-be58-d3c69d16c599/datanode-0/data/ratis/369d0a57-f444-409a-ae1a-10322319cfab has been successfully formatted.
2021-07-27 01:07:07,131 [pool-355-thread-1] INFO  ratis.ContainerStateMachine (ContainerStateMachine.java:loadSnapshot(223)) - group-10322319CFAB: The snapshot info is null. Setting the last applied indexto:(t:0, i:~)
2021-07-27 01:07:07,131 [Datanode State Machine Thread - 0] WARN  statemachine.StateContext (StateContext.java:execute(621)) - No available thread in pool for past 1 seconds.
2021-07-27 01:07:07,131 [pool-355-thread-1] INFO  server.RaftServerConfigKeys (ConfUtils.java:logGet(44)) - raft.server.notification.no-leader.timeout = 300s (custom)
2021-07-27 01:07:07,131 [pool-355-thread-1] INFO  server.RaftServerConfigKeys (ConfUtils.java:logGet(44)) - raft.server.log.use.memory = false (default)
2021-07-27 01:07:07,131 [pool-355-thread-1] INFO  server.RaftServerConfigKeys (ConfUtils.java:logGet(44)) - raft.server.log.purge.gap = 1000000 (custom)
2021-07-27 01:07:07,131 [pool-355-thread-1] INFO  server.RaftServerConfigKeys (ConfUtils.java:logGet(44)) - raft.server.log.appender.buffer.byte-limit = 33554432 (custom)
2021-07-27 01:07:07,131 [pool-355-thread-1] INFO  server.RaftServerConfigKeys (ConfUtils.java:logGet(44)) - raft.server.log.segment.size.max = 1048576 (custom)
2021-07-27 01:07:07,132 [pool-355-thread-1] INFO  server.RaftServerConfigKeys (ConfUtils.java:logGet(44)) - raft.server.log.segment.cache.num.max = 2 (custom)
2021-07-27 01:07:07,132 [pool-355-thread-1] INFO  server.RaftServerConfigKeys (ConfUtils.java:logGet(44)) - raft.server.log.segment.cache.size.max = 200MB (=209715200) (default)
2021-07-27 01:07:07,132 [pool-355-thread-1] INFO  segmented.SegmentedRaftLogWorker (SegmentedRaftLogWorker.java:<init>(182)) - new 09544a2e-d1be-4322-b22d-d49b1aa9b056@group-10322319CFAB-SegmentedRaftLogWorker for RaftStorageImpl:Storage Directory /home/runner/work/ozone/ozone/mnt/ozone/hadoop-ozone/integration-test/target/test-dir/MiniOzoneClusterImpl-16f2dd64-f1ad-4a1a-be58-d3c69d16c599/datanode-0/data/ratis/369d0a57-f444-409a-ae1a-10322319cfab
2021-07-27 01:07:07,132 [pool-355-thread-1] INFO  server.RaftServerConfigKeys (ConfUtils.java:logGet(44)) - raft.server.log.queue.byte-limit = 2147483647 (custom)
2021-07-27 01:07:07,132 [pool-355-thread-1] INFO  server.RaftServerConfigKeys (ConfUtils.java:logGet(44)) - raft.server.log.queue.element-limit = 1024 (custom)
2021-07-27 01:07:07,132 [pool-355-thread-1] INFO  server.RaftServerConfigKeys (ConfUtils.java:logGet(44)) - raft.server.log.segment.size.max = 1048576 (custom)
2021-07-27 01:07:07,132 [EventQueue-PipelineReportForPipelineReportHandler] INFO  pipeline.PipelineManagerV2Impl (PipelineManagerV2Impl.java:openPipeline(283)) - Pipeline Pipeline[ Id: 369d0a57-f444-409a-ae1a-10322319cfab, Nodes: 09544a2e-d1be-4322-b22d-d49b1aa9b056{ip: 10.1.0.6, host: fv-az116-554.vzw04321ajxubdbcnpick5nqva.xx.internal.cloudapp.net, ports: [REPLICATION=45111, RATIS=42003, RATIS_ADMIN=42003, RATIS_SERVER=42003, STANDALONE=41157], networkLocation: /default-rack, certSerialId: null, persistedOpState: IN_SERVICE, persistedOpStateExpiryEpochSec: 0}, ReplicationConfig: RATIS/ONE, State:ALLOCATED, leaderId:09544a2e-d1be-4322-b22d-d49b1aa9b056, CreationTimestamp2021-07-27T01:07:04.134Z[Etc/UTC]] moved to OPEN state
2021-07-27 01:07:07,132 [pool-355-thread-1] INFO  server.RaftServerConfigKeys (ConfUtils.java:logGet(44)) - raft.server.log.preallocated.size = 16384 (custom)
2021-07-27 01:07:07,135 [pool-355-thread-1] INFO  server.RaftServerConfigKeys (ConfUtils.java:logGet(44)) - raft.server.log.force.sync.num = 128 (default)
2021-07-27 01:07:07,135 [pool-355-thread-1] INFO  server.RaftServerConfigKeys (ConfUtils.java:logGet(44)) - raft.server.log.statemachine.data.sync = true (default)
2021-07-27 01:07:07,135 [pool-355-thread-1] INFO  server.RaftServerConfigKeys (ConfUtils.java:logGet(44)) - raft.server.log.statemachine.data.sync.timeout = 10s (default)
2021-07-27 01:07:07,135 [pool-355-thread-1] INFO  server.RaftServerConfigKeys (ConfUtils.java:logGet(44)) - raft.server.log.statemachine.data.sync.timeout.retry = -1 (default)
2021-07-27 01:07:07,134 [EventQueue-OpenPipelineForHealthyPipelineSafeModeRule] INFO  safemode.SCMSafeModeManager (HealthyPipelineSafeModeRule.java:process(124)) - SCM in safe mode. Healthy pipelines reported count is 0, required healthy pipeline reported count is 1
2021-07-27 01:07:07,136 [pool-355-thread-1] INFO  server.RaftServerConfigKeys (ConfUtils.java:logGet(44)) - raft.server.log.write.buffer.size = 1048576 (custom)
2021-07-27 01:07:07,136 [pool-355-thread-1] INFO  server.RaftServerConfigKeys (ConfUtils.java:logGet(44)) - raft.server.log.statemachine.data.caching.enabled = true (custom)
2021-07-27 01:07:07,136 [pool-355-thread-1] INFO  segmented.SegmentedRaftLogWorker (SegmentedRaftLogWorker.java:lambda$new$0(133)) - 09544a2e-d1be-4322-b22d-d49b1aa9b056@group-10322319CFAB-SegmentedRaftLogWorker: flushIndex: setUnconditionally 0 -> -1
2021-07-27 01:07:07,136 [pool-355-thread-1] INFO  segmented.SegmentedRaftLogWorker (SegmentedRaftLogWorker.java:lambda$new$0(133)) - 09544a2e-d1be-4322-b22d-d49b1aa9b056@group-10322319CFAB-SegmentedRaftLogWorker: safeCacheEvictIndex: setUnconditionally 0 -> -1
2021-07-27 01:07:07,136 [pool-355-thread-1] INFO  server.RaftServerConfigKeys (ConfUtils.java:logGet(44)) - raft.server.snapshot.auto.trigger.enabled = true (custom)
2021-07-27 01:07:07,136 [pool-355-thread-1] INFO  server.RaftServerConfigKeys (ConfUtils.java:logGet(44)) - raft.server.snapshot.auto.trigger.threshold = 10000 (custom)
2021-07-27 01:07:07,136 [pool-355-thread-1] INFO  server.RaftServerConfigKeys (ConfUtils.java:logGet(44)) - raft.server.snapshot.retention.file.num = 5 (custom)
2021-07-27 01:07:07,137 [pool-355-thread-1] INFO  server.RaftServerConfigKeys (ConfUtils.java:logGet(44)) - raft.server.log.purge.upto.snapshot.index = false (default)
2021-07-27 01:07:07,137 [pool-355-thread-1] INFO  server.RaftServerConfigKeys (ConfUtils.java:logGet(44)) - raft.server.retrycache.expirytime = 600000ms (custom)
2021-07-27 01:07:07,137 [pool-355-thread-1] INFO  server.RaftServerConfigKeys (ConfUtils.java:logGet(44)) - raft.server.retrycache.statistics.expirytime = 100μs (default)
2021-07-27 01:07:07,138 [pool-355-thread-1] INFO  server.RaftServer$Division (RaftServerImpl.java:start(296)) - 09544a2e-d1be-4322-b22d-d49b1aa9b056@group-10322319CFAB: start as a follower, conf=-1: [09544a2e-d1be-4322-b22d-d49b1aa9b056|rpc:10.1.0.6:42003|priority:1], old=null
2021-07-27 01:07:07,138 [pool-355-thread-1] INFO  server.RaftServer$Division (RaftServerImpl.java:setRole(285)) - 09544a2e-d1be-4322-b22d-d49b1aa9b056@group-10322319CFAB: changes role from      null to FOLLOWER at term 0 for startAsFollower
2021-07-27 01:07:07,138 [pool-355-thread-1] INFO  impl.RoleInfo (RoleInfo.java:updateAndGet(130)) - 09544a2e-d1be-4322-b22d-d49b1aa9b056: start 09544a2e-d1be-4322-b22d-d49b1aa9b056@group-10322319CFAB-FollowerState
2021-07-27 01:07:07,139 [pool-355-thread-1] INFO  util.JmxRegister (JmxRegister.java:tryRegister(44)) - Successfully registered JMX Bean with object name Ratis:service=RaftServer,group=group-10322319CFAB,id=09544a2e-d1be-4322-b22d-d49b1aa9b056
2021-07-27 01:07:07,147 [Command processor thread] INFO  ratis.XceiverServerRatis (XceiverServerRatis.java:addGroup(759)) - Created group PipelineID=369d0a57-f444-409a-ae1a-10322319cfab
2021-07-27 01:07:07,147 [Command processor thread] INFO  commandhandler.CreatePipelineCommandHandler (CreatePipelineCommandHandler.java:handle(106)) - Created Pipeline RATIS ONE PipelineID=369d0a57-f444-409a-ae1a-10322319cfab.
2021-07-27 01:07:07,148 [Command processor thread] INFO  server.RaftServer (RaftServerProxy.java:addNew(95)) - 09544a2e-d1be-4322-b22d-d49b1aa9b056: addNew group-C5A1D46CE2EB:[78df850f-b6e4-442f-ab73-43f51794e862|rpc:10.1.0.6:39903|priority:0, 09544a2e-d1be-4322-b22d-d49b1aa9b056|rpc:10.1.0.6:42003|priority:0, add9ee20-ac1a-4d1d-a881-b847474b364b|rpc:10.1.0.6:39643|priority:1] returns group-C5A1D46CE2EB:java.util.concurrent.CompletableFuture@22246871[Not completed]
2021-07-27 01:07:07,148 [pool-355-thread-1] INFO  server.RaftServer$Division (RaftServerImpl.java:<init>(181)) - 09544a2e-d1be-4322-b22d-d49b1aa9b056: new RaftServerImpl for group-C5A1D46CE2EB:[78df850f-b6e4-442f-ab73-43f51794e862|rpc:10.1.0.6:39903|priority:0, 09544a2e-d1be-4322-b22d-d49b1aa9b056|rpc:10.1.0.6:42003|priority:0, add9ee20-ac1a-4d1d-a881-b847474b364b|rpc:10.1.0.6:39643|priority:1] with ContainerStateMachine:uninitialized
2021-07-27 01:07:07,148 [pool-355-thread-1] INFO  server.RaftServerConfigKeys (ConfUtils.java:logGet(44)) - raft.server.rpc.timeout.min = 5s (custom)
2021-07-27 01:07:07,148 [pool-355-thread-1] INFO  server.RaftServerConfigKeys (ConfUtils.java:logGet(44)) - raft.server.rpc.timeout.max = 5200ms (custom)
2021-07-27 01:07:07,149 [pool-355-thread-1] INFO  server.RaftServerConfigKeys (ConfUtils.java:logGet(44)) - raft.server.rpc.sleep.time = 25ms (default)
2021-07-27 01:07:07,149 [pool-355-thread-1] INFO  server.RaftServerConfigKeys (ConfUtils.java:logGet(44)) - raft.server.rpc.slowness.timeout = 300s (custom)
2021-07-27 01:07:07,149 [pool-355-thread-1] INFO  server.RaftServerConfigKeys (ConfUtils.java:logGet(44)) - raft.server.leaderelection.leader.step-down.wait-time = 10s (default)
2021-07-27 01:07:07,149 [pool-355-thread-1] INFO  server.RaftServerConfigKeys (ConfUtils.java:logGet(44)) - raft.server.sleep.deviation.threshold = 300ms (default)
2021-07-27 01:07:07,149 [pool-355-thread-1] INFO  server.RaftServerConfigKeys (ConfUtils.java:logGet(44)) - raft.server.log.appender.install.snapshot.enabled = false (custom)
2021-07-27 01:07:07,149 [pool-355-thread-1] INFO  server.RaftServer$Division (ServerState.java:<init>(105)) - 09544a2e-d1be-4322-b22d-d49b1aa9b056@group-C5A1D46CE2EB: ConfigurationManager, init=-1: [78df850f-b6e4-442f-ab73-43f51794e862|rpc:10.1.0.6:39903|priority:0, 09544a2e-d1be-4322-b22d-d49b1aa9b056|rpc:10.1.0.6:42003|priority:0, add9ee20-ac1a-4d1d-a881-b847474b364b|rpc:10.1.0.6:39643|priority:1], old=null, confs=<EMPTY_MAP>
2021-07-27 01:07:07,149 [pool-355-thread-1] INFO  server.RaftServerConfigKeys (ConfUtils.java:logGet(44)) - raft.server.storage.dir = [/home/runner/work/ozone/ozone/mnt/ozone/hadoop-ozone/integration-test/target/test-dir/MiniOzoneClusterImpl-16f2dd64-f1ad-4a1a-be58-d3c69d16c599/datanode-0/data/ratis] (custom)
2021-07-27 01:07:07,149 [pool-355-thread-1] INFO  server.RaftServerConfigKeys (ConfUtils.java:logGet(44)) - raft.server.log.corruption.policy = EXCEPTION (default)
2021-07-27 01:07:07,149 [pool-355-thread-1] INFO  server.RaftServerConfigKeys (ConfUtils.java:logGet(44)) - raft.server.storage.free-space.min = 0MB (=0) (default)
2021-07-27 01:07:07,149 [pool-355-thread-1] INFO  storage.RaftStorageDirectory (RaftStorageDirectoryImpl.java:analyzeStorage(135)) - The storage directory /home/runner/work/ozone/ozone/mnt/ozone/hadoop-ozone/integration-test/target/test-dir/MiniOzoneClusterImpl-16f2dd64-f1ad-4a1a-be58-d3c69d16c599/datanode-0/data/ratis/1adaa32e-2617-4847-b406-c5a1d46ce2eb does not exist. Creating ...
2021-07-27 01:07:07,153 [pool-355-thread-1] INFO  storage.RaftStorageDirectory (RaftStorageDirectoryImpl.java:tryLock(230)) - Lock on /home/runner/work/ozone/ozone/mnt/ozone/hadoop-ozone/integration-test/target/test-dir/MiniOzoneClusterImpl-16f2dd64-f1ad-4a1a-be58-d3c69d16c599/datanode-0/data/ratis/1adaa32e-2617-4847-b406-c5a1d46ce2eb/in_use.lock acquired by nodename 14231@fv-az116-554
2021-07-27 01:07:07,157 [pool-355-thread-1] INFO  storage.RaftStorage (RaftStorageImpl.java:format(89)) - Storage directory /home/runner/work/ozone/ozone/mnt/ozone/hadoop-ozone/integration-test/target/test-dir/MiniOzoneClusterImpl-16f2dd64-f1ad-4a1a-be58-d3c69d16c599/datanode-0/data/ratis/1adaa32e-2617-4847-b406-c5a1d46ce2eb has been successfully formatted.
2021-07-27 01:07:07,157 [pool-355-thread-1] INFO  ratis.ContainerStateMachine (ContainerStateMachine.java:loadSnapshot(223)) - group-C5A1D46CE2EB: The snapshot info is null. Setting the last applied indexto:(t:0, i:~)
2021-07-27 01:07:07,157 [pool-355-thread-1] INFO  server.RaftServerConfigKeys (ConfUtils.java:logGet(44)) - raft.server.notification.no-leader.timeout = 300s (custom)
2021-07-27 01:07:07,157 [pool-355-thread-1] INFO  server.RaftServerConfigKeys (ConfUtils.java:logGet(44)) - raft.server.log.use.memory = false (default)
2021-07-27 01:07:07,157 [pool-355-thread-1] INFO  server.RaftServerConfigKeys (ConfUtils.java:logGet(44)) - raft.server.log.purge.gap = 1000000 (custom)
2021-07-27 01:07:07,157 [pool-355-thread-1] INFO  server.RaftServerConfigKeys (ConfUtils.java:logGet(44)) - raft.server.log.appender.buffer.byte-limit = 33554432 (custom)
2021-07-27 01:07:07,158 [EventQueue-OpenPipelineForHealthyPipelineSafeModeRule] INFO  safemode.SCMSafeModeManager (HealthyPipelineSafeModeRule.java:process(124)) - SCM in safe mode. Healthy pipelines reported count is 0, required healthy pipeline reported count is 1
2021-07-27 01:07:07,162 [pool-355-thread-1] INFO  server.RaftServerConfigKeys (ConfUtils.java:logGet(44)) - raft.server.log.segment.size.max = 1048576 (custom)
2021-07-27 01:07:07,162 [pool-355-thread-1] INFO  server.RaftServerConfigKeys (ConfUtils.java:logGet(44)) - raft.server.log.segment.cache.num.max = 2 (custom)
2021-07-27 01:07:07,163 [pool-355-thread-1] INFO  server.RaftServerConfigKeys (ConfUtils.java:logGet(44)) - raft.server.log.segment.cache.size.max = 200MB (=209715200) (default)
2021-07-27 01:07:07,163 [pool-355-thread-1] INFO  segmented.SegmentedRaftLogWorker (SegmentedRaftLogWorker.java:<init>(182)) - new 09544a2e-d1be-4322-b22d-d49b1aa9b056@group-C5A1D46CE2EB-SegmentedRaftLogWorker for RaftStorageImpl:Storage Directory /home/runner/work/ozone/ozone/mnt/ozone/hadoop-ozone/integration-test/target/test-dir/MiniOzoneClusterImpl-16f2dd64-f1ad-4a1a-be58-d3c69d16c599/datanode-0/data/ratis/1adaa32e-2617-4847-b406-c5a1d46ce2eb
2021-07-27 01:07:07,163 [pool-355-thread-1] INFO  server.RaftServerConfigKeys (ConfUtils.java:logGet(44)) - raft.server.log.queue.byte-limit = 2147483647 (custom)
2021-07-27 01:07:07,163 [pool-355-thread-1] INFO  server.RaftServerConfigKeys (ConfUtils.java:logGet(44)) - raft.server.log.queue.element-limit = 1024 (custom)
2021-07-27 01:07:07,163 [pool-355-thread-1] INFO  server.RaftServerConfigKeys (ConfUtils.java:logGet(44)) - raft.server.log.segment.size.max = 1048576 (custom)
2021-07-27 01:07:07,164 [pool-355-thread-1] INFO  server.RaftServerConfigKeys (ConfUtils.java:logGet(44)) - raft.server.log.preallocated.size = 16384 (custom)
2021-07-27 01:07:07,164 [pool-355-thread-1] INFO  server.RaftServerConfigKeys (ConfUtils.java:logGet(44)) - raft.server.log.force.sync.num = 128 (default)
2021-07-27 01:07:07,164 [pool-355-thread-1] INFO  server.RaftServerConfigKeys (ConfUtils.java:logGet(44)) - raft.server.log.statemachine.data.sync = true (default)
2021-07-27 01:07:07,164 [pool-355-thread-1] INFO  server.RaftServerConfigKeys (ConfUtils.java:logGet(44)) - raft.server.log.statemachine.data.sync.timeout = 10s (default)
2021-07-27 01:07:07,164 [pool-355-thread-1] INFO  server.RaftServerConfigKeys (ConfUtils.java:logGet(44)) - raft.server.log.statemachine.data.sync.timeout.retry = -1 (default)
2021-07-27 01:07:07,165 [pool-355-thread-1] INFO  server.RaftServerConfigKeys (ConfUtils.java:logGet(44)) - raft.server.log.write.buffer.size = 1048576 (custom)
2021-07-27 01:07:07,165 [pool-355-thread-1] INFO  server.RaftServerConfigKeys (ConfUtils.java:logGet(44)) - raft.server.log.statemachine.data.caching.enabled = true (custom)
2021-07-27 01:07:07,165 [pool-355-thread-1] INFO  segmented.SegmentedRaftLogWorker (SegmentedRaftLogWorker.java:lambda$new$0(133)) - 09544a2e-d1be-4322-b22d-d49b1aa9b056@group-C5A1D46CE2EB-SegmentedRaftLogWorker: flushIndex: setUnconditionally 0 -> -1
2021-07-27 01:07:07,166 [pool-355-thread-1] INFO  segmented.SegmentedRaftLogWorker (SegmentedRaftLogWorker.java:lambda$new$0(133)) - 09544a2e-d1be-4322-b22d-d49b1aa9b056@group-C5A1D46CE2EB-SegmentedRaftLogWorker: safeCacheEvictIndex: setUnconditionally 0 -> -1
2021-07-27 01:07:07,166 [pool-355-thread-1] INFO  server.RaftServerConfigKeys (ConfUtils.java:logGet(44)) - raft.server.snapshot.auto.trigger.enabled = true (custom)
2021-07-27 01:07:07,166 [pool-355-thread-1] INFO  server.RaftServerConfigKeys (ConfUtils.java:logGet(44)) - raft.server.snapshot.auto.trigger.threshold = 10000 (custom)
2021-07-27 01:07:07,166 [pool-355-thread-1] INFO  server.RaftServerConfigKeys (ConfUtils.java:logGet(44)) - raft.server.snapshot.retention.file.num = 5 (custom)
2021-07-27 01:07:07,166 [pool-355-thread-1] INFO  server.RaftServerConfigKeys (ConfUtils.java:logGet(44)) - raft.server.log.purge.upto.snapshot.index = false (default)
2021-07-27 01:07:07,166 [pool-355-thread-1] INFO  server.RaftServerConfigKeys (ConfUtils.java:logGet(44)) - raft.server.retrycache.expirytime = 600000ms (custom)
2021-07-27 01:07:07,166 [pool-355-thread-1] INFO  server.RaftServerConfigKeys (ConfUtils.java:logGet(44)) - raft.server.retrycache.statistics.expirytime = 100μs (default)
2021-07-27 01:07:07,167 [pool-355-thread-1] INFO  server.RaftServer$Division (RaftServerImpl.java:start(296)) - 09544a2e-d1be-4322-b22d-d49b1aa9b056@group-C5A1D46CE2EB: start as a follower, conf=-1: [78df850f-b6e4-442f-ab73-43f51794e862|rpc:10.1.0.6:39903|priority:0, 09544a2e-d1be-4322-b22d-d49b1aa9b056|rpc:10.1.0.6:42003|priority:0, add9ee20-ac1a-4d1d-a881-b847474b364b|rpc:10.1.0.6:39643|priority:1], old=null
2021-07-27 01:07:07,167 [pool-355-thread-1] INFO  server.RaftServer$Division (RaftServerImpl.java:setRole(285)) - 09544a2e-d1be-4322-b22d-d49b1aa9b056@group-C5A1D46CE2EB: changes role from      null to FOLLOWER at term 0 for startAsFollower
2021-07-27 01:07:07,167 [pool-355-thread-1] INFO  impl.RoleInfo (RoleInfo.java:updateAndGet(130)) - 09544a2e-d1be-4322-b22d-d49b1aa9b056: start 09544a2e-d1be-4322-b22d-d49b1aa9b056@group-C5A1D46CE2EB-FollowerState
2021-07-27 01:07:07,168 [pool-355-thread-1] INFO  util.JmxRegister (JmxRegister.java:tryRegister(44)) - Successfully registered JMX Bean with object name Ratis:service=RaftServer,group=group-C5A1D46CE2EB,id=09544a2e-d1be-4322-b22d-d49b1aa9b056
2021-07-27 01:07:07,168 [Command processor thread] INFO  ratis.XceiverServerRatis (XceiverServerRatis.java:addGroup(759)) - Created group PipelineID=1adaa32e-2617-4847-b406-c5a1d46ce2eb
2021-07-27 01:07:07,178 [grpc-default-executor-4] INFO  server.RaftServer (RaftServerProxy.java:addNew(95)) - 78df850f-b6e4-442f-ab73-43f51794e862: addNew group-C5A1D46CE2EB:[78df850f-b6e4-442f-ab73-43f51794e862|rpc:10.1.0.6:39903|dataStream:|priority:0, 09544a2e-d1be-4322-b22d-d49b1aa9b056|rpc:10.1.0.6:42003|dataStream:|priority:0, add9ee20-ac1a-4d1d-a881-b847474b364b|rpc:10.1.0.6:39643|dataStream:|priority:1] returns group-C5A1D46CE2EB:java.util.concurrent.CompletableFuture@4d80122[Not completed]
2021-07-27 01:07:07,179 [pool-391-thread-1] INFO  server.RaftServer$Division (RaftServerImpl.java:<init>(181)) - 78df850f-b6e4-442f-ab73-43f51794e862: new RaftServerImpl for group-C5A1D46CE2EB:[78df850f-b6e4-442f-ab73-43f51794e862|rpc:10.1.0.6:39903|dataStream:|priority:0, 09544a2e-d1be-4322-b22d-d49b1aa9b056|rpc:10.1.0.6:42003|dataStream:|priority:0, add9ee20-ac1a-4d1d-a881-b847474b364b|rpc:10.1.0.6:39643|dataStream:|priority:1] with ContainerStateMachine:uninitialized
2021-07-27 01:07:07,180 [pool-391-thread-1] INFO  server.RaftServerConfigKeys (ConfUtils.java:logGet(44)) - raft.server.rpc.timeout.min = 5s (custom)
2021-07-27 01:07:07,180 [pool-391-thread-1] INFO  server.RaftServerConfigKeys (ConfUtils.java:logGet(44)) - raft.server.rpc.timeout.max = 5200ms (custom)
2021-07-27 01:07:07,180 [pool-391-thread-1] INFO  server.RaftServerConfigKeys (ConfUtils.java:logGet(44)) - raft.server.rpc.sleep.time = 25ms (default)
2021-07-27 01:07:07,180 [pool-391-thread-1] INFO  server.RaftServerConfigKeys (ConfUtils.java:logGet(44)) - raft.server.rpc.slowness.timeout = 300s (custom)
2021-07-27 01:07:07,180 [pool-391-thread-1] INFO  server.RaftServerConfigKeys (ConfUtils.java:logGet(44)) - raft.server.leaderelection.leader.step-down.wait-time = 10s (default)
2021-07-27 01:07:07,180 [pool-391-thread-1] INFO  server.RaftServerConfigKeys (ConfUtils.java:logGet(44)) - raft.server.sleep.deviation.threshold = 300ms (default)
2021-07-27 01:07:07,180 [pool-391-thread-1] INFO  server.RaftServerConfigKeys (ConfUtils.java:logGet(44)) - raft.server.log.appender.install.snapshot.enabled = false (custom)
2021-07-27 01:07:07,180 [pool-391-thread-1] INFO  server.RaftServer$Division (ServerState.java:<init>(105)) - 78df850f-b6e4-442f-ab73-43f51794e862@group-C5A1D46CE2EB: ConfigurationManager, init=-1: [78df850f-b6e4-442f-ab73-43f51794e862|rpc:10.1.0.6:39903|dataStream:|priority:0, 09544a2e-d1be-4322-b22d-d49b1aa9b056|rpc:10.1.0.6:42003|dataStream:|priority:0, add9ee20-ac1a-4d1d-a881-b847474b364b|rpc:10.1.0.6:39643|dataStream:|priority:1], old=null, confs=<EMPTY_MAP>
2021-07-27 01:07:07,180 [pool-391-thread-1] INFO  server.RaftServerConfigKeys (ConfUtils.java:logGet(44)) - raft.server.storage.dir = [/home/runner/work/ozone/ozone/mnt/ozone/hadoop-ozone/integration-test/target/test-dir/MiniOzoneClusterImpl-16f2dd64-f1ad-4a1a-be58-d3c69d16c599/datanode-2/data/ratis] (custom)
2021-07-27 01:07:07,180 [pool-391-thread-1] INFO  server.RaftServerConfigKeys (ConfUtils.java:logGet(44)) - raft.server.log.corruption.policy = EXCEPTION (default)
2021-07-27 01:07:07,181 [pool-391-thread-1] INFO  server.RaftServerConfigKeys (ConfUtils.java:logGet(44)) - raft.server.storage.free-space.min = 0MB (=0) (default)
2021-07-27 01:07:07,181 [pool-391-thread-1] INFO  storage.RaftStorageDirectory (RaftStorageDirectoryImpl.java:analyzeStorage(135)) - The storage directory /home/runner/work/ozone/ozone/mnt/ozone/hadoop-ozone/integration-test/target/test-dir/MiniOzoneClusterImpl-16f2dd64-f1ad-4a1a-be58-d3c69d16c599/datanode-2/data/ratis/1adaa32e-2617-4847-b406-c5a1d46ce2eb does not exist. Creating ...
2021-07-27 01:07:07,182 [pool-391-thread-1] INFO  storage.RaftStorageDirectory (RaftStorageDirectoryImpl.java:tryLock(230)) - Lock on /home/runner/work/ozone/ozone/mnt/ozone/hadoop-ozone/integration-test/target/test-dir/MiniOzoneClusterImpl-16f2dd64-f1ad-4a1a-be58-d3c69d16c599/datanode-2/data/ratis/1adaa32e-2617-4847-b406-c5a1d46ce2eb/in_use.lock acquired by nodename 14231@fv-az116-554
2021-07-27 01:07:07,183 [pool-391-thread-1] INFO  storage.RaftStorage (RaftStorageImpl.java:format(89)) - Storage directory /home/runner/work/ozone/ozone/mnt/ozone/hadoop-ozone/integration-test/target/test-dir/MiniOzoneClusterImpl-16f2dd64-f1ad-4a1a-be58-d3c69d16c599/datanode-2/data/ratis/1adaa32e-2617-4847-b406-c5a1d46ce2eb has been successfully formatted.
2021-07-27 01:07:07,187 [pool-391-thread-1] INFO  ratis.ContainerStateMachine (ContainerStateMachine.java:loadSnapshot(223)) - group-C5A1D46CE2EB: The snapshot info is null. Setting the last applied indexto:(t:0, i:~)
2021-07-27 01:07:07,187 [pool-391-thread-1] INFO  server.RaftServerConfigKeys (ConfUtils.java:logGet(44)) - raft.server.notification.no-leader.timeout = 300s (custom)
2021-07-27 01:07:07,187 [pool-391-thread-1] INFO  server.RaftServerConfigKeys (ConfUtils.java:logGet(44)) - raft.server.log.use.memory = false (default)
2021-07-27 01:07:07,188 [pool-391-thread-1] INFO  server.RaftServerConfigKeys (ConfUtils.java:logGet(44)) - raft.server.log.purge.gap = 1000000 (custom)
2021-07-27 01:07:07,188 [pool-391-thread-1] INFO  server.RaftServerConfigKeys (ConfUtils.java:logGet(44)) - raft.server.log.appender.buffer.byte-limit = 33554432 (custom)
2021-07-27 01:07:07,189 [pool-391-thread-1] INFO  server.RaftServerConfigKeys (ConfUtils.java:logGet(44)) - raft.server.log.segment.size.max = 1048576 (custom)
2021-07-27 01:07:07,189 [pool-391-thread-1] INFO  server.RaftServerConfigKeys (ConfUtils.java:logGet(44)) - raft.server.log.segment.cache.num.max = 2 (custom)
2021-07-27 01:07:07,189 [pool-391-thread-1] INFO  server.RaftServerConfigKeys (ConfUtils.java:logGet(44)) - raft.server.log.segment.cache.size.max = 200MB (=209715200) (default)
2021-07-27 01:07:07,189 [pool-391-thread-1] INFO  segmented.SegmentedRaftLogWorker (SegmentedRaftLogWorker.java:<init>(182)) - new 78df850f-b6e4-442f-ab73-43f51794e862@group-C5A1D46CE2EB-SegmentedRaftLogWorker for RaftStorageImpl:Storage Directory /home/runner/work/ozone/ozone/mnt/ozone/hadoop-ozone/integration-test/target/test-dir/MiniOzoneClusterImpl-16f2dd64-f1ad-4a1a-be58-d3c69d16c599/datanode-2/data/ratis/1adaa32e-2617-4847-b406-c5a1d46ce2eb
2021-07-27 01:07:07,189 [pool-391-thread-1] INFO  server.RaftServerConfigKeys (ConfUtils.java:logGet(44)) - raft.server.log.queue.byte-limit = 2147483647 (custom)
2021-07-27 01:07:07,189 [pool-391-thread-1] INFO  server.RaftServerConfigKeys (ConfUtils.java:logGet(44)) - raft.server.log.queue.element-limit = 1024 (custom)
2021-07-27 01:07:07,190 [pool-391-thread-1] INFO  server.RaftServerConfigKeys (ConfUtils.java:logGet(44)) - raft.server.log.segment.size.max = 1048576 (custom)
2021-07-27 01:07:07,190 [pool-391-thread-1] INFO  server.RaftServerConfigKeys (ConfUtils.java:logGet(44)) - raft.server.log.preallocated.size = 16384 (custom)
2021-07-27 01:07:07,190 [pool-391-thread-1] INFO  server.RaftServerConfigKeys (ConfUtils.java:logGet(44)) - raft.server.log.force.sync.num = 128 (default)
2021-07-27 01:07:07,190 [pool-391-thread-1] INFO  server.RaftServerConfigKeys (ConfUtils.java:logGet(44)) - raft.server.log.statemachine.data.sync = true (default)
2021-07-27 01:07:07,190 [pool-391-thread-1] INFO  server.RaftServerConfigKeys (ConfUtils.java:logGet(44)) - raft.server.log.statemachine.data.sync.timeout = 10s (default)
2021-07-27 01:07:07,190 [pool-391-thread-1] INFO  server.RaftServerConfigKeys (ConfUtils.java:logGet(44)) - raft.server.log.statemachine.data.sync.timeout.retry = -1 (default)
2021-07-27 01:07:07,191 [pool-391-thread-1] INFO  server.RaftServerConfigKeys (ConfUtils.java:logGet(44)) - raft.server.log.write.buffer.size = 1048576 (custom)
2021-07-27 01:07:07,191 [pool-391-thread-1] INFO  server.RaftServerConfigKeys (ConfUtils.java:logGet(44)) - raft.server.log.statemachine.data.caching.enabled = true (custom)
2021-07-27 01:07:07,191 [pool-391-thread-1] INFO  segmented.SegmentedRaftLogWorker (SegmentedRaftLogWorker.java:lambda$new$0(133)) - 78df850f-b6e4-442f-ab73-43f51794e862@group-C5A1D46CE2EB-SegmentedRaftLogWorker: flushIndex: setUnconditionally 0 -> -1
2021-07-27 01:07:07,191 [pool-391-thread-1] INFO  segmented.SegmentedRaftLogWorker (SegmentedRaftLogWorker.java:lambda$new$0(133)) - 78df850f-b6e4-442f-ab73-43f51794e862@group-C5A1D46CE2EB-SegmentedRaftLogWorker: safeCacheEvictIndex: setUnconditionally 0 -> -1
2021-07-27 01:07:07,195 [pool-391-thread-1] INFO  server.RaftServerConfigKeys (ConfUtils.java:logGet(44)) - raft.server.snapshot.auto.trigger.enabled = true (custom)
2021-07-27 01:07:07,195 [pool-391-thread-1] INFO  server.RaftServerConfigKeys (ConfUtils.java:logGet(44)) - raft.server.snapshot.auto.trigger.threshold = 10000 (custom)
2021-07-27 01:07:07,195 [pool-391-thread-1] INFO  server.RaftServerConfigKeys (ConfUtils.java:logGet(44)) - raft.server.snapshot.retention.file.num = 5 (custom)
2021-07-27 01:07:07,195 [pool-391-thread-1] INFO  server.RaftServerConfigKeys (ConfUtils.java:logGet(44)) - raft.server.log.purge.upto.snapshot.index = false (default)
2021-07-27 01:07:07,195 [pool-391-thread-1] INFO  server.RaftServerConfigKeys (ConfUtils.java:logGet(44)) - raft.server.retrycache.expirytime = 600000ms (custom)
2021-07-27 01:07:07,195 [pool-391-thread-1] INFO  server.RaftServerConfigKeys (ConfUtils.java:logGet(44)) - raft.server.retrycache.statistics.expirytime = 100μs (default)
2021-07-27 01:07:07,196 [pool-391-thread-1] INFO  server.RaftServer$Division (RaftServerImpl.java:start(296)) - 78df850f-b6e4-442f-ab73-43f51794e862@group-C5A1D46CE2EB: start as a follower, conf=-1: [78df850f-b6e4-442f-ab73-43f51794e862|rpc:10.1.0.6:39903|dataStream:|priority:0, 09544a2e-d1be-4322-b22d-d49b1aa9b056|rpc:10.1.0.6:42003|dataStream:|priority:0, add9ee20-ac1a-4d1d-a881-b847474b364b|rpc:10.1.0.6:39643|dataStream:|priority:1], old=null
2021-07-27 01:07:07,196 [pool-391-thread-1] INFO  server.RaftServer$Division (RaftServerImpl.java:setRole(285)) - 78df850f-b6e4-442f-ab73-43f51794e862@group-C5A1D46CE2EB: changes role from      null to FOLLOWER at term 0 for startAsFollower
2021-07-27 01:07:07,196 [pool-391-thread-1] INFO  impl.RoleInfo (RoleInfo.java:updateAndGet(130)) - 78df850f-b6e4-442f-ab73-43f51794e862: start 78df850f-b6e4-442f-ab73-43f51794e862@group-C5A1D46CE2EB-FollowerState
2021-07-27 01:07:07,196 [pool-391-thread-1] INFO  util.JmxRegister (JmxRegister.java:tryRegister(44)) - Successfully registered JMX Bean with object name Ratis:service=RaftServer,group=group-C5A1D46CE2EB,id=78df850f-b6e4-442f-ab73-43f51794e862
2021-07-27 01:07:07,206 [grpc-default-executor-4] INFO  server.RaftServer (RaftServerProxy.java:addNew(95)) - add9ee20-ac1a-4d1d-a881-b847474b364b: addNew group-C5A1D46CE2EB:[78df850f-b6e4-442f-ab73-43f51794e862|rpc:10.1.0.6:39903|dataStream:|priority:0, 09544a2e-d1be-4322-b22d-d49b1aa9b056|rpc:10.1.0.6:42003|dataStream:|priority:0, add9ee20-ac1a-4d1d-a881-b847474b364b|rpc:10.1.0.6:39643|dataStream:|priority:1] returns group-C5A1D46CE2EB:java.util.concurrent.CompletableFuture@6709cf3e[Not completed]
2021-07-27 01:07:07,207 [pool-373-thread-1] INFO  server.RaftServer$Division (RaftServerImpl.java:<init>(181)) - add9ee20-ac1a-4d1d-a881-b847474b364b: new RaftServerImpl for group-C5A1D46CE2EB:[78df850f-b6e4-442f-ab73-43f51794e862|rpc:10.1.0.6:39903|dataStream:|priority:0, 09544a2e-d1be-4322-b22d-d49b1aa9b056|rpc:10.1.0.6:42003|dataStream:|priority:0, add9ee20-ac1a-4d1d-a881-b847474b364b|rpc:10.1.0.6:39643|dataStream:|priority:1] with ContainerStateMachine:uninitialized
2021-07-27 01:07:07,207 [pool-373-thread-1] INFO  server.RaftServerConfigKeys (ConfUtils.java:logGet(44)) - raft.server.rpc.timeout.min = 5s (custom)
2021-07-27 01:07:07,207 [pool-373-thread-1] INFO  server.RaftServerConfigKeys (ConfUtils.java:logGet(44)) - raft.server.rpc.timeout.max = 5200ms (custom)
2021-07-27 01:07:07,207 [pool-373-thread-1] INFO  server.RaftServerConfigKeys (ConfUtils.java:logGet(44)) - raft.server.rpc.sleep.time = 25ms (default)
2021-07-27 01:07:07,207 [pool-373-thread-1] INFO  server.RaftServerConfigKeys (ConfUtils.java:logGet(44)) - raft.server.rpc.slowness.timeout = 300s (custom)
2021-07-27 01:07:07,207 [pool-373-thread-1] INFO  server.RaftServerConfigKeys (ConfUtils.java:logGet(44)) - raft.server.leaderelection.leader.step-down.wait-time = 10s (default)
2021-07-27 01:07:07,208 [pool-373-thread-1] INFO  server.RaftServerConfigKeys (ConfUtils.java:logGet(44)) - raft.server.sleep.deviation.threshold = 300ms (default)
2021-07-27 01:07:07,208 [pool-373-thread-1] INFO  server.RaftServerConfigKeys (ConfUtils.java:logGet(44)) - raft.server.log.appender.install.snapshot.enabled = false (custom)
2021-07-27 01:07:07,211 [pool-373-thread-1] INFO  server.RaftServer$Division (ServerState.java:<init>(105)) - add9ee20-ac1a-4d1d-a881-b847474b364b@group-C5A1D46CE2EB: ConfigurationManager, init=-1: [78df850f-b6e4-442f-ab73-43f51794e862|rpc:10.1.0.6:39903|dataStream:|priority:0, 09544a2e-d1be-4322-b22d-d49b1aa9b056|rpc:10.1.0.6:42003|dataStream:|priority:0, add9ee20-ac1a-4d1d-a881-b847474b364b|rpc:10.1.0.6:39643|dataStream:|priority:1], old=null, confs=<EMPTY_MAP>
2021-07-27 01:07:07,211 [pool-373-thread-1] INFO  server.RaftServerConfigKeys (ConfUtils.java:logGet(44)) - raft.server.storage.dir = [/home/runner/work/ozone/ozone/mnt/ozone/hadoop-ozone/integration-test/target/test-dir/MiniOzoneClusterImpl-16f2dd64-f1ad-4a1a-be58-d3c69d16c599/datanode-1/data/ratis] (custom)
2021-07-27 01:07:07,212 [pool-373-thread-1] INFO  server.RaftServerConfigKeys (ConfUtils.java:logGet(44)) - raft.server.log.corruption.policy = EXCEPTION (default)
2021-07-27 01:07:07,212 [pool-373-thread-1] INFO  server.RaftServerConfigKeys (ConfUtils.java:logGet(44)) - raft.server.storage.free-space.min = 0MB (=0) (default)
2021-07-27 01:07:07,212 [pool-373-thread-1] INFO  storage.RaftStorageDirectory (RaftStorageDirectoryImpl.java:analyzeStorage(135)) - The storage directory /home/runner/work/ozone/ozone/mnt/ozone/hadoop-ozone/integration-test/target/test-dir/MiniOzoneClusterImpl-16f2dd64-f1ad-4a1a-be58-d3c69d16c599/datanode-1/data/ratis/1adaa32e-2617-4847-b406-c5a1d46ce2eb does not exist. Creating ...
2021-07-27 01:07:07,213 [pool-373-thread-1] INFO  storage.RaftStorageDirectory (RaftStorageDirectoryImpl.java:tryLock(230)) - Lock on /home/runner/work/ozone/ozone/mnt/ozone/hadoop-ozone/integration-test/target/test-dir/MiniOzoneClusterImpl-16f2dd64-f1ad-4a1a-be58-d3c69d16c599/datanode-1/data/ratis/1adaa32e-2617-4847-b406-c5a1d46ce2eb/in_use.lock acquired by nodename 14231@fv-az116-554
2021-07-27 01:07:07,214 [pool-373-thread-1] INFO  storage.RaftStorage (RaftStorageImpl.java:format(89)) - Storage directory /home/runner/work/ozone/ozone/mnt/ozone/hadoop-ozone/integration-test/target/test-dir/MiniOzoneClusterImpl-16f2dd64-f1ad-4a1a-be58-d3c69d16c599/datanode-1/data/ratis/1adaa32e-2617-4847-b406-c5a1d46ce2eb has been successfully formatted.
2021-07-27 01:07:07,214 [pool-373-thread-1] INFO  ratis.ContainerStateMachine (ContainerStateMachine.java:loadSnapshot(223)) - group-C5A1D46CE2EB: The snapshot info is null. Setting the last applied indexto:(t:0, i:~)
2021-07-27 01:07:07,215 [Datanode State Machine Thread - 0] WARN  statemachine.StateContext (StateContext.java:execute(621)) - No available thread in pool for past 1 seconds.
2021-07-27 01:07:07,215 [pool-373-thread-1] INFO  server.RaftServerConfigKeys (ConfUtils.java:logGet(44)) - raft.server.notification.no-leader.timeout = 300s (custom)
2021-07-27 01:07:07,215 [pool-373-thread-1] INFO  server.RaftServerConfigKeys (ConfUtils.java:logGet(44)) - raft.server.log.use.memory = false (default)
2021-07-27 01:07:07,215 [pool-373-thread-1] INFO  server.RaftServerConfigKeys (ConfUtils.java:logGet(44)) - raft.server.log.purge.gap = 1000000 (custom)
2021-07-27 01:07:07,215 [pool-373-thread-1] INFO  server.RaftServerConfigKeys (ConfUtils.java:logGet(44)) - raft.server.log.appender.buffer.byte-limit = 33554432 (custom)
2021-07-27 01:07:07,215 [pool-373-thread-1] INFO  server.RaftServerConfigKeys (ConfUtils.java:logGet(44)) - raft.server.log.segment.size.max = 1048576 (custom)
2021-07-27 01:07:07,219 [pool-373-thread-1] INFO  server.RaftServerConfigKeys (ConfUtils.java:logGet(44)) - raft.server.log.segment.cache.num.max = 2 (custom)
2021-07-27 01:07:07,219 [pool-373-thread-1] INFO  server.RaftServerConfigKeys (ConfUtils.java:logGet(44)) - raft.server.log.segment.cache.size.max = 200MB (=209715200) (default)
2021-07-27 01:07:07,219 [pool-373-thread-1] INFO  segmented.SegmentedRaftLogWorker (SegmentedRaftLogWorker.java:<init>(182)) - new add9ee20-ac1a-4d1d-a881-b847474b364b@group-C5A1D46CE2EB-SegmentedRaftLogWorker for RaftStorageImpl:Storage Directory /home/runner/work/ozone/ozone/mnt/ozone/hadoop-ozone/integration-test/target/test-dir/MiniOzoneClusterImpl-16f2dd64-f1ad-4a1a-be58-d3c69d16c599/datanode-1/data/ratis/1adaa32e-2617-4847-b406-c5a1d46ce2eb
2021-07-27 01:07:07,219 [pool-373-thread-1] INFO  server.RaftServerConfigKeys (ConfUtils.java:logGet(44)) - raft.server.log.queue.byte-limit = 2147483647 (custom)
2021-07-27 01:07:07,219 [pool-373-thread-1] INFO  server.RaftServerConfigKeys (ConfUtils.java:logGet(44)) - raft.server.log.queue.element-limit = 1024 (custom)
2021-07-27 01:07:07,219 [pool-373-thread-1] INFO  server.RaftServerConfigKeys (ConfUtils.java:logGet(44)) - raft.server.log.segment.size.max = 1048576 (custom)
2021-07-27 01:07:07,219 [pool-373-thread-1] INFO  server.RaftServerConfigKeys (ConfUtils.java:logGet(44)) - raft.server.log.preallocated.size = 16384 (custom)
2021-07-27 01:07:07,219 [pool-373-thread-1] INFO  server.RaftServerConfigKeys (ConfUtils.java:logGet(44)) - raft.server.log.force.sync.num = 128 (default)
2021-07-27 01:07:07,219 [pool-373-thread-1] INFO  server.RaftServerConfigKeys (ConfUtils.java:logGet(44)) - raft.server.log.statemachine.data.sync = true (default)
2021-07-27 01:07:07,219 [pool-373-thread-1] INFO  server.RaftServerConfigKeys (ConfUtils.java:logGet(44)) - raft.server.log.statemachine.data.sync.timeout = 10s (default)
2021-07-27 01:07:07,219 [pool-373-thread-1] INFO  server.RaftServerConfigKeys (ConfUtils.java:logGet(44)) - raft.server.log.statemachine.data.sync.timeout.retry = -1 (default)
2021-07-27 01:07:07,221 [pool-373-thread-1] INFO  server.RaftServerConfigKeys (ConfUtils.java:logGet(44)) - raft.server.log.write.buffer.size = 1048576 (custom)
2021-07-27 01:07:07,221 [pool-373-thread-1] INFO  server.RaftServerConfigKeys (ConfUtils.java:logGet(44)) - raft.server.log.statemachine.data.caching.enabled = true (custom)
2021-07-27 01:07:07,221 [pool-373-thread-1] INFO  segmented.SegmentedRaftLogWorker (SegmentedRaftLogWorker.java:lambda$new$0(133)) - add9ee20-ac1a-4d1d-a881-b847474b364b@group-C5A1D46CE2EB-SegmentedRaftLogWorker: flushIndex: setUnconditionally 0 -> -1
2021-07-27 01:07:07,222 [pool-373-thread-1] INFO  segmented.SegmentedRaftLogWorker (SegmentedRaftLogWorker.java:lambda$new$0(133)) - add9ee20-ac1a-4d1d-a881-b847474b364b@group-C5A1D46CE2EB-SegmentedRaftLogWorker: safeCacheEvictIndex: setUnconditionally 0 -> -1
2021-07-27 01:07:07,222 [pool-373-thread-1] INFO  server.RaftServerConfigKeys (ConfUtils.java:logGet(44)) - raft.server.snapshot.auto.trigger.enabled = true (custom)
2021-07-27 01:07:07,222 [pool-373-thread-1] INFO  server.RaftServerConfigKeys (ConfUtils.java:logGet(44)) - raft.server.snapshot.auto.trigger.threshold = 10000 (custom)
2021-07-27 01:07:07,222 [pool-373-thread-1] INFO  server.RaftServerConfigKeys (ConfUtils.java:logGet(44)) - raft.server.snapshot.retention.file.num = 5 (custom)
2021-07-27 01:07:07,222 [pool-373-thread-1] INFO  server.RaftServerConfigKeys (ConfUtils.java:logGet(44)) - raft.server.log.purge.upto.snapshot.index = false (default)
2021-07-27 01:07:07,222 [pool-373-thread-1] INFO  server.RaftServerConfigKeys (ConfUtils.java:logGet(44)) - raft.server.retrycache.expirytime = 600000ms (custom)
2021-07-27 01:07:07,222 [pool-373-thread-1] INFO  server.RaftServerConfigKeys (ConfUtils.java:logGet(44)) - raft.server.retrycache.statistics.expirytime = 100μs (default)
2021-07-27 01:07:07,224 [pool-373-thread-1] INFO  server.RaftServer$Division (RaftServerImpl.java:start(296)) - add9ee20-ac1a-4d1d-a881-b847474b364b@group-C5A1D46CE2EB: start as a follower, conf=-1: [78df850f-b6e4-442f-ab73-43f51794e862|rpc:10.1.0.6:39903|dataStream:|priority:0, 09544a2e-d1be-4322-b22d-d49b1aa9b056|rpc:10.1.0.6:42003|dataStream:|priority:0, add9ee20-ac1a-4d1d-a881-b847474b364b|rpc:10.1.0.6:39643|dataStream:|priority:1], old=null
2021-07-27 01:07:07,224 [pool-373-thread-1] INFO  server.RaftServer$Division (RaftServerImpl.java:setRole(285)) - add9ee20-ac1a-4d1d-a881-b847474b364b@group-C5A1D46CE2EB: changes role from      null to FOLLOWER at term 0 for startAsFollower
2021-07-27 01:07:07,224 [pool-373-thread-1] INFO  impl.RoleInfo (RoleInfo.java:updateAndGet(130)) - add9ee20-ac1a-4d1d-a881-b847474b364b: start add9ee20-ac1a-4d1d-a881-b847474b364b@group-C5A1D46CE2EB-FollowerState
2021-07-27 01:07:07,224 [pool-373-thread-1] INFO  util.JmxRegister (JmxRegister.java:tryRegister(44)) - Successfully registered JMX Bean with object name Ratis:service=RaftServer,group=group-C5A1D46CE2EB,id=add9ee20-ac1a-4d1d-a881-b847474b364b
2021-07-27 01:07:07,230 [Command processor thread] INFO  commandhandler.CreatePipelineCommandHandler (CreatePipelineCommandHandler.java:handle(106)) - Created Pipeline RATIS THREE PipelineID=1adaa32e-2617-4847-b406-c5a1d46ce2eb.
2021-07-27 01:07:07,231 [Command processor thread] INFO  server.RaftServer (RaftServerProxy.java:addNew(95)) - 09544a2e-d1be-4322-b22d-d49b1aa9b056: addNew group-13FC57B98B14:[78df850f-b6e4-442f-ab73-43f51794e862|rpc:10.1.0.6:39903|priority:1, 09544a2e-d1be-4322-b22d-d49b1aa9b056|rpc:10.1.0.6:42003|priority:0, add9ee20-ac1a-4d1d-a881-b847474b364b|rpc:10.1.0.6:39643|priority:0] returns group-13FC57B98B14:java.util.concurrent.CompletableFuture@1b2f6891[Not completed]
2021-07-27 01:07:07,231 [pool-355-thread-1] INFO  server.RaftServer$Division (RaftServerImpl.java:<init>(181)) - 09544a2e-d1be-4322-b22d-d49b1aa9b056: new RaftServerImpl for group-13FC57B98B14:[78df850f-b6e4-442f-ab73-43f51794e862|rpc:10.1.0.6:39903|priority:1, 09544a2e-d1be-4322-b22d-d49b1aa9b056|rpc:10.1.0.6:42003|priority:0, add9ee20-ac1a-4d1d-a881-b847474b364b|rpc:10.1.0.6:39643|priority:0] with ContainerStateMachine:uninitialized
2021-07-27 01:07:07,231 [pool-355-thread-1] INFO  server.RaftServerConfigKeys (ConfUtils.java:logGet(44)) - raft.server.rpc.timeout.min = 5s (custom)
2021-07-27 01:07:07,231 [pool-355-thread-1] INFO  server.RaftServerConfigKeys (ConfUtils.java:logGet(44)) - raft.server.rpc.timeout.max = 5200ms (custom)
2021-07-27 01:07:07,231 [pool-355-thread-1] INFO  server.RaftServerConfigKeys (ConfUtils.java:logGet(44)) - raft.server.rpc.sleep.time = 25ms (default)
2021-07-27 01:07:07,232 [pool-355-thread-1] INFO  server.RaftServerConfigKeys (ConfUtils.java:logGet(44)) - raft.server.rpc.slowness.timeout = 300s (custom)
2021-07-27 01:07:07,232 [pool-355-thread-1] INFO  server.RaftServerConfigKeys (ConfUtils.java:logGet(44)) - raft.server.leaderelection.leader.step-down.wait-time = 10s (default)
2021-07-27 01:07:07,232 [pool-355-thread-1] INFO  server.RaftServerConfigKeys (ConfUtils.java:logGet(44)) - raft.server.sleep.deviation.threshold = 300ms (default)
2021-07-27 01:07:07,232 [pool-355-thread-1] INFO  server.RaftServerConfigKeys (ConfUtils.java:logGet(44)) - raft.server.log.appender.install.snapshot.enabled = false (custom)
2021-07-27 01:07:07,232 [pool-355-thread-1] INFO  server.RaftServer$Division (ServerState.java:<init>(105)) - 09544a2e-d1be-4322-b22d-d49b1aa9b056@group-13FC57B98B14: ConfigurationManager, init=-1: [78df850f-b6e4-442f-ab73-43f51794e862|rpc:10.1.0.6:39903|priority:1, 09544a2e-d1be-4322-b22d-d49b1aa9b056|rpc:10.1.0.6:42003|priority:0, add9ee20-ac1a-4d1d-a881-b847474b364b|rpc:10.1.0.6:39643|priority:0], old=null, confs=<EMPTY_MAP>
2021-07-27 01:07:07,232 [pool-355-thread-1] INFO  server.RaftServerConfigKeys (ConfUtils.java:logGet(44)) - raft.server.storage.dir = [/home/runner/work/ozone/ozone/mnt/ozone/hadoop-ozone/integration-test/target/test-dir/MiniOzoneClusterImpl-16f2dd64-f1ad-4a1a-be58-d3c69d16c599/datanode-0/data/ratis] (custom)
2021-07-27 01:07:07,232 [pool-355-thread-1] INFO  server.RaftServerConfigKeys (ConfUtils.java:logGet(44)) - raft.server.log.corruption.policy = EXCEPTION (default)
2021-07-27 01:07:07,232 [pool-355-thread-1] INFO  server.RaftServerConfigKeys (ConfUtils.java:logGet(44)) - raft.server.storage.free-space.min = 0MB (=0) (default)
2021-07-27 01:07:07,232 [pool-355-thread-1] INFO  storage.RaftStorageDirectory (RaftStorageDirectoryImpl.java:analyzeStorage(135)) - The storage directory /home/runner/work/ozone/ozone/mnt/ozone/hadoop-ozone/integration-test/target/test-dir/MiniOzoneClusterImpl-16f2dd64-f1ad-4a1a-be58-d3c69d16c599/datanode-0/data/ratis/d52de00d-9d09-4d5f-b3fc-13fc57b98b14 does not exist. Creating ...
2021-07-27 01:07:07,233 [pool-355-thread-1] INFO  storage.RaftStorageDirectory (RaftStorageDirectoryImpl.java:tryLock(230)) - Lock on /home/runner/work/ozone/ozone/mnt/ozone/hadoop-ozone/integration-test/target/test-dir/MiniOzoneClusterImpl-16f2dd64-f1ad-4a1a-be58-d3c69d16c599/datanode-0/data/ratis/d52de00d-9d09-4d5f-b3fc-13fc57b98b14/in_use.lock acquired by nodename 14231@fv-az116-554
2021-07-27 01:07:07,234 [pool-355-thread-1] INFO  storage.RaftStorage (RaftStorageImpl.java:format(89)) - Storage directory /home/runner/work/ozone/ozone/mnt/ozone/hadoop-ozone/integration-test/target/test-dir/MiniOzoneClusterImpl-16f2dd64-f1ad-4a1a-be58-d3c69d16c599/datanode-0/data/ratis/d52de00d-9d09-4d5f-b3fc-13fc57b98b14 has been successfully formatted.
2021-07-27 01:07:07,235 [pool-355-thread-1] INFO  ratis.ContainerStateMachine (ContainerStateMachine.java:loadSnapshot(223)) - group-13FC57B98B14: The snapshot info is null. Setting the last applied indexto:(t:0, i:~)
2021-07-27 01:07:07,235 [Datanode State Machine Thread - 0] WARN  statemachine.StateContext (StateContext.java:execute(621)) - No available thread in pool for past 1 seconds.
2021-07-27 01:07:07,235 [pool-355-thread-1] INFO  server.RaftServerConfigKeys (ConfUtils.java:logGet(44)) - raft.server.notification.no-leader.timeout = 300s (custom)
2021-07-27 01:07:07,235 [pool-355-thread-1] INFO  server.RaftServerConfigKeys (ConfUtils.java:logGet(44)) - raft.server.log.use.memory = false (default)
2021-07-27 01:07:07,236 [pool-355-thread-1] INFO  server.RaftServerConfigKeys (ConfUtils.java:logGet(44)) - raft.server.log.purge.gap = 1000000 (custom)
2021-07-27 01:07:07,236 [pool-355-thread-1] INFO  server.RaftServerConfigKeys (ConfUtils.java:logGet(44)) - raft.server.log.appender.buffer.byte-limit = 33554432 (custom)
2021-07-27 01:07:07,236 [pool-355-thread-1] INFO  server.RaftServerConfigKeys (ConfUtils.java:logGet(44)) - raft.server.log.segment.size.max = 1048576 (custom)
2021-07-27 01:07:07,236 [EventQueue-OpenPipelineForHealthyPipelineSafeModeRule] INFO  safemode.SCMSafeModeManager (HealthyPipelineSafeModeRule.java:process(124)) - SCM in safe mode. Healthy pipelines reported count is 0, required healthy pipeline reported count is 1
2021-07-27 01:07:07,237 [pool-355-thread-1] INFO  server.RaftServerConfigKeys (ConfUtils.java:logGet(44)) - raft.server.log.segment.cache.num.max = 2 (custom)
2021-07-27 01:07:07,237 [pool-355-thread-1] INFO  server.RaftServerConfigKeys (ConfUtils.java:logGet(44)) - raft.server.log.segment.cache.size.max = 200MB (=209715200) (default)
2021-07-27 01:07:07,237 [pool-355-thread-1] INFO  segmented.SegmentedRaftLogWorker (SegmentedRaftLogWorker.java:<init>(182)) - new 09544a2e-d1be-4322-b22d-d49b1aa9b056@group-13FC57B98B14-SegmentedRaftLogWorker for RaftStorageImpl:Storage Directory /home/runner/work/ozone/ozone/mnt/ozone/hadoop-ozone/integration-test/target/test-dir/MiniOzoneClusterImpl-16f2dd64-f1ad-4a1a-be58-d3c69d16c599/datanode-0/data/ratis/d52de00d-9d09-4d5f-b3fc-13fc57b98b14
2021-07-27 01:07:07,237 [pool-355-thread-1] INFO  server.RaftServerConfigKeys (ConfUtils.java:logGet(44)) - raft.server.log.queue.byte-limit = 2147483647 (custom)
2021-07-27 01:07:07,237 [pool-355-thread-1] INFO  server.RaftServerConfigKeys (ConfUtils.java:logGet(44)) - raft.server.log.queue.element-limit = 1024 (custom)
2021-07-27 01:07:07,237 [pool-355-thread-1] INFO  server.RaftServerConfigKeys (ConfUtils.java:logGet(44)) - raft.server.log.segment.size.max = 1048576 (custom)
2021-07-27 01:07:07,237 [pool-355-thread-1] INFO  server.RaftServerConfigKeys (ConfUtils.java:logGet(44)) - raft.server.log.preallocated.size = 16384 (custom)
2021-07-27 01:07:07,237 [pool-355-thread-1] INFO  server.RaftServerConfigKeys (ConfUtils.java:logGet(44)) - raft.server.log.force.sync.num = 128 (default)
2021-07-27 01:07:07,237 [pool-355-thread-1] INFO  server.RaftServerConfigKeys (ConfUtils.java:logGet(44)) - raft.server.log.statemachine.data.sync = true (default)
2021-07-27 01:07:07,237 [pool-355-thread-1] INFO  server.RaftServerConfigKeys (ConfUtils.java:logGet(44)) - raft.server.log.statemachine.data.sync.timeout = 10s (default)
2021-07-27 01:07:07,237 [pool-355-thread-1] INFO  server.RaftServerConfigKeys (ConfUtils.java:logGet(44)) - raft.server.log.statemachine.data.sync.timeout.retry = -1 (default)
2021-07-27 01:07:07,238 [pool-355-thread-1] INFO  server.RaftServerConfigKeys (ConfUtils.java:logGet(44)) - raft.server.log.write.buffer.size = 1048576 (custom)
2021-07-27 01:07:07,239 [pool-355-thread-1] INFO  server.RaftServerConfigKeys (ConfUtils.java:logGet(44)) - raft.server.log.statemachine.data.caching.enabled = true (custom)
2021-07-27 01:07:07,239 [pool-355-thread-1] INFO  segmented.SegmentedRaftLogWorker (SegmentedRaftLogWorker.java:lambda$new$0(133)) - 09544a2e-d1be-4322-b22d-d49b1aa9b056@group-13FC57B98B14-SegmentedRaftLogWorker: flushIndex: setUnconditionally 0 -> -1
2021-07-27 01:07:07,239 [pool-355-thread-1] INFO  segmented.SegmentedRaftLogWorker (SegmentedRaftLogWorker.java:lambda$new$0(133)) - 09544a2e-d1be-4322-b22d-d49b1aa9b056@group-13FC57B98B14-SegmentedRaftLogWorker: safeCacheEvictIndex: setUnconditionally 0 -> -1
2021-07-27 01:07:07,239 [pool-355-thread-1] INFO  server.RaftServerConfigKeys (ConfUtils.java:logGet(44)) - raft.server.snapshot.auto.trigger.enabled = true (custom)
2021-07-27 01:07:07,239 [pool-355-thread-1] INFO  server.RaftServerConfigKeys (ConfUtils.java:logGet(44)) - raft.server.snapshot.auto.trigger.threshold = 10000 (custom)
2021-07-27 01:07:07,239 [pool-355-thread-1] INFO  server.RaftServerConfigKeys (ConfUtils.java:logGet(44)) - raft.server.snapshot.retention.file.num = 5 (custom)
2021-07-27 01:07:07,239 [pool-355-thread-1] INFO  server.RaftServerConfigKeys (ConfUtils.java:logGet(44)) - raft.server.log.purge.upto.snapshot.index = false (default)
2021-07-27 01:07:07,239 [pool-355-thread-1] INFO  server.RaftServerConfigKeys (ConfUtils.java:logGet(44)) - raft.server.retrycache.expirytime = 600000ms (custom)
2021-07-27 01:07:07,239 [pool-355-thread-1] INFO  server.RaftServerConfigKeys (ConfUtils.java:logGet(44)) - raft.server.retrycache.statistics.expirytime = 100μs (default)
2021-07-27 01:07:07,241 [pool-355-thread-1] INFO  server.RaftServer$Division (RaftServerImpl.java:start(296)) - 09544a2e-d1be-4322-b22d-d49b1aa9b056@group-13FC57B98B14: start as a follower, conf=-1: [78df850f-b6e4-442f-ab73-43f51794e862|rpc:10.1.0.6:39903|priority:1, 09544a2e-d1be-4322-b22d-d49b1aa9b056|rpc:10.1.0.6:42003|priority:0, add9ee20-ac1a-4d1d-a881-b847474b364b|rpc:10.1.0.6:39643|priority:0], old=null
2021-07-27 01:07:07,241 [pool-355-thread-1] INFO  server.RaftServer$Division (RaftServerImpl.java:setRole(285)) - 09544a2e-d1be-4322-b22d-d49b1aa9b056@group-13FC57B98B14: changes role from      null to FOLLOWER at term 0 for startAsFollower
2021-07-27 01:07:07,241 [pool-355-thread-1] INFO  impl.RoleInfo (RoleInfo.java:updateAndGet(130)) - 09544a2e-d1be-4322-b22d-d49b1aa9b056: start 09544a2e-d1be-4322-b22d-d49b1aa9b056@group-13FC57B98B14-FollowerState
2021-07-27 01:07:07,241 [pool-355-thread-1] INFO  util.JmxRegister (JmxRegister.java:tryRegister(44)) - Successfully registered JMX Bean with object name Ratis:service=RaftServer,group=group-13FC57B98B14,id=09544a2e-d1be-4322-b22d-d49b1aa9b056
2021-07-27 01:07:07,242 [Command processor thread] INFO  ratis.XceiverServerRatis (XceiverServerRatis.java:addGroup(759)) - Created group PipelineID=d52de00d-9d09-4d5f-b3fc-13fc57b98b14
2021-07-27 01:07:07,250 [grpc-default-executor-4] INFO  server.RaftServer (RaftServerProxy.java:addNew(95)) - add9ee20-ac1a-4d1d-a881-b847474b364b: addNew group-13FC57B98B14:[78df850f-b6e4-442f-ab73-43f51794e862|rpc:10.1.0.6:39903|dataStream:|priority:1, 09544a2e-d1be-4322-b22d-d49b1aa9b056|rpc:10.1.0.6:42003|dataStream:|priority:0, add9ee20-ac1a-4d1d-a881-b847474b364b|rpc:10.1.0.6:39643|dataStream:|priority:0] returns group-13FC57B98B14:java.util.concurrent.CompletableFuture@60cb1647[Not completed]
2021-07-27 01:07:07,251 [pool-373-thread-1] INFO  server.RaftServer$Division (RaftServerImpl.java:<init>(181)) - add9ee20-ac1a-4d1d-a881-b847474b364b: new RaftServerImpl for group-13FC57B98B14:[78df850f-b6e4-442f-ab73-43f51794e862|rpc:10.1.0.6:39903|dataStream:|priority:1, 09544a2e-d1be-4322-b22d-d49b1aa9b056|rpc:10.1.0.6:42003|dataStream:|priority:0, add9ee20-ac1a-4d1d-a881-b847474b364b|rpc:10.1.0.6:39643|dataStream:|priority:0] with ContainerStateMachine:uninitialized
2021-07-27 01:07:07,251 [pool-373-thread-1] INFO  server.RaftServerConfigKeys (ConfUtils.java:logGet(44)) - raft.server.rpc.timeout.min = 5s (custom)
2021-07-27 01:07:07,251 [pool-373-thread-1] INFO  server.RaftServerConfigKeys (ConfUtils.java:logGet(44)) - raft.server.rpc.timeout.max = 5200ms (custom)
2021-07-27 01:07:07,251 [pool-373-thread-1] INFO  server.RaftServerConfigKeys (ConfUtils.java:logGet(44)) - raft.server.rpc.sleep.time = 25ms (default)
2021-07-27 01:07:07,251 [pool-373-thread-1] INFO  server.RaftServerConfigKeys (ConfUtils.java:logGet(44)) - raft.server.rpc.slowness.timeout = 300s (custom)
2021-07-27 01:07:07,251 [pool-373-thread-1] INFO  server.RaftServerConfigKeys (ConfUtils.java:logGet(44)) - raft.server.leaderelection.leader.step-down.wait-time = 10s (default)
2021-07-27 01:07:07,251 [pool-373-thread-1] INFO  server.RaftServerConfigKeys (ConfUtils.java:logGet(44)) - raft.server.sleep.deviation.threshold = 300ms (default)
2021-07-27 01:07:07,251 [pool-373-thread-1] INFO  server.RaftServerConfigKeys (ConfUtils.java:logGet(44)) - raft.server.log.appender.install.snapshot.enabled = false (custom)
2021-07-27 01:07:07,251 [pool-373-thread-1] INFO  server.RaftServer$Division (ServerState.java:<init>(105)) - add9ee20-ac1a-4d1d-a881-b847474b364b@group-13FC57B98B14: ConfigurationManager, init=-1: [78df850f-b6e4-442f-ab73-43f51794e862|rpc:10.1.0.6:39903|dataStream:|priority:1, 09544a2e-d1be-4322-b22d-d49b1aa9b056|rpc:10.1.0.6:42003|dataStream:|priority:0, add9ee20-ac1a-4d1d-a881-b847474b364b|rpc:10.1.0.6:39643|dataStream:|priority:0], old=null, confs=<EMPTY_MAP>
2021-07-27 01:07:07,251 [pool-373-thread-1] INFO  server.RaftServerConfigKeys (ConfUtils.java:logGet(44)) - raft.server.storage.dir = [/home/runner/work/ozone/ozone/mnt/ozone/hadoop-ozone/integration-test/target/test-dir/MiniOzoneClusterImpl-16f2dd64-f1ad-4a1a-be58-d3c69d16c599/datanode-1/data/ratis] (custom)
2021-07-27 01:07:07,251 [pool-373-thread-1] INFO  server.RaftServerConfigKeys (ConfUtils.java:logGet(44)) - raft.server.log.corruption.policy = EXCEPTION (default)
2021-07-27 01:07:07,251 [pool-373-thread-1] INFO  server.RaftServerConfigKeys (ConfUtils.java:logGet(44)) - raft.server.storage.free-space.min = 0MB (=0) (default)
2021-07-27 01:07:07,251 [pool-373-thread-1] INFO  storage.RaftStorageDirectory (RaftStorageDirectoryImpl.java:analyzeStorage(135)) - The storage directory /home/runner/work/ozone/ozone/mnt/ozone/hadoop-ozone/integration-test/target/test-dir/MiniOzoneClusterImpl-16f2dd64-f1ad-4a1a-be58-d3c69d16c599/datanode-1/data/ratis/d52de00d-9d09-4d5f-b3fc-13fc57b98b14 does not exist. Creating ...
2021-07-27 01:07:07,253 [pool-373-thread-1] INFO  storage.RaftStorageDirectory (RaftStorageDirectoryImpl.java:tryLock(230)) - Lock on /home/runner/work/ozone/ozone/mnt/ozone/hadoop-ozone/integration-test/target/test-dir/MiniOzoneClusterImpl-16f2dd64-f1ad-4a1a-be58-d3c69d16c599/datanode-1/data/ratis/d52de00d-9d09-4d5f-b3fc-13fc57b98b14/in_use.lock acquired by nodename 14231@fv-az116-554
2021-07-27 01:07:07,254 [pool-373-thread-1] INFO  storage.RaftStorage (RaftStorageImpl.java:format(89)) - Storage directory /home/runner/work/ozone/ozone/mnt/ozone/hadoop-ozone/integration-test/target/test-dir/MiniOzoneClusterImpl-16f2dd64-f1ad-4a1a-be58-d3c69d16c599/datanode-1/data/ratis/d52de00d-9d09-4d5f-b3fc-13fc57b98b14 has been successfully formatted.
2021-07-27 01:07:07,255 [Datanode State Machine Thread - 0] WARN  statemachine.StateContext (StateContext.java:execute(621)) - No available thread in pool for past 1 seconds.
2021-07-27 01:07:07,255 [pool-373-thread-1] INFO  ratis.ContainerStateMachine (ContainerStateMachine.java:loadSnapshot(223)) - group-13FC57B98B14: The snapshot info is null. Setting the last applied indexto:(t:0, i:~)
2021-07-27 01:07:07,257 [pool-373-thread-1] INFO  server.RaftServerConfigKeys (ConfUtils.java:logGet(44)) - raft.server.notification.no-leader.timeout = 300s (custom)
2021-07-27 01:07:07,257 [pool-373-thread-1] INFO  server.RaftServerConfigKeys (ConfUtils.java:logGet(44)) - raft.server.log.use.memory = false (default)
2021-07-27 01:07:07,257 [pool-373-thread-1] INFO  server.RaftServerConfigKeys (ConfUtils.java:logGet(44)) - raft.server.log.purge.gap = 1000000 (custom)
2021-07-27 01:07:07,257 [pool-373-thread-1] INFO  server.RaftServerConfigKeys (ConfUtils.java:logGet(44)) - raft.server.log.appender.buffer.byte-limit = 33554432 (custom)
2021-07-27 01:07:07,258 [pool-373-thread-1] INFO  server.RaftServerConfigKeys (ConfUtils.java:logGet(44)) - raft.server.log.segment.size.max = 1048576 (custom)
2021-07-27 01:07:07,258 [pool-373-thread-1] INFO  server.RaftServerConfigKeys (ConfUtils.java:logGet(44)) - raft.server.log.segment.cache.num.max = 2 (custom)
2021-07-27 01:07:07,258 [pool-373-thread-1] INFO  server.RaftServerConfigKeys (ConfUtils.java:logGet(44)) - raft.server.log.segment.cache.size.max = 200MB (=209715200) (default)
2021-07-27 01:07:07,258 [pool-373-thread-1] INFO  segmented.SegmentedRaftLogWorker (SegmentedRaftLogWorker.java:<init>(182)) - new add9ee20-ac1a-4d1d-a881-b847474b364b@group-13FC57B98B14-SegmentedRaftLogWorker for RaftStorageImpl:Storage Directory /home/runner/work/ozone/ozone/mnt/ozone/hadoop-ozone/integration-test/target/test-dir/MiniOzoneClusterImpl-16f2dd64-f1ad-4a1a-be58-d3c69d16c599/datanode-1/data/ratis/d52de00d-9d09-4d5f-b3fc-13fc57b98b14
2021-07-27 01:07:07,258 [pool-373-thread-1] INFO  server.RaftServerConfigKeys (ConfUtils.java:logGet(44)) - raft.server.log.queue.byte-limit = 2147483647 (custom)
2021-07-27 01:07:07,258 [pool-373-thread-1] INFO  server.RaftServerConfigKeys (ConfUtils.java:logGet(44)) - raft.server.log.queue.element-limit = 1024 (custom)
2021-07-27 01:07:07,259 [pool-373-thread-1] INFO  server.RaftServerConfigKeys (ConfUtils.java:logGet(44)) - raft.server.log.segment.size.max = 1048576 (custom)
2021-07-27 01:07:07,259 [pool-373-thread-1] INFO  server.RaftServerConfigKeys (ConfUtils.java:logGet(44)) - raft.server.log.preallocated.size = 16384 (custom)
2021-07-27 01:07:07,259 [pool-373-thread-1] INFO  server.RaftServerConfigKeys (ConfUtils.java:logGet(44)) - raft.server.log.force.sync.num = 128 (default)
2021-07-27 01:07:07,259 [pool-373-thread-1] INFO  server.RaftServerConfigKeys (ConfUtils.java:logGet(44)) - raft.server.log.statemachine.data.sync = true (default)
2021-07-27 01:07:07,259 [pool-373-thread-1] INFO  server.RaftServerConfigKeys (ConfUtils.java:logGet(44)) - raft.server.log.statemachine.data.sync.timeout = 10s (default)
2021-07-27 01:07:07,259 [pool-373-thread-1] INFO  server.RaftServerConfigKeys (ConfUtils.java:logGet(44)) - raft.server.log.statemachine.data.sync.timeout.retry = -1 (default)
2021-07-27 01:07:07,260 [pool-373-thread-1] INFO  server.RaftServerConfigKeys (ConfUtils.java:logGet(44)) - raft.server.log.write.buffer.size = 1048576 (custom)
2021-07-27 01:07:07,260 [pool-373-thread-1] INFO  server.RaftServerConfigKeys (ConfUtils.java:logGet(44)) - raft.server.log.statemachine.data.caching.enabled = true (custom)
2021-07-27 01:07:07,261 [pool-373-thread-1] INFO  segmented.SegmentedRaftLogWorker (SegmentedRaftLogWorker.java:lambda$new$0(133)) - add9ee20-ac1a-4d1d-a881-b847474b364b@group-13FC57B98B14-SegmentedRaftLogWorker: flushIndex: setUnconditionally 0 -> -1
2021-07-27 01:07:07,261 [pool-373-thread-1] INFO  segmented.SegmentedRaftLogWorker (SegmentedRaftLogWorker.java:lambda$new$0(133)) - add9ee20-ac1a-4d1d-a881-b847474b364b@group-13FC57B98B14-SegmentedRaftLogWorker: safeCacheEvictIndex: setUnconditionally 0 -> -1
2021-07-27 01:07:07,267 [pool-373-thread-1] INFO  server.RaftServerConfigKeys (ConfUtils.java:logGet(44)) - raft.server.snapshot.auto.trigger.enabled = true (custom)
2021-07-27 01:07:07,267 [pool-373-thread-1] INFO  server.RaftServerConfigKeys (ConfUtils.java:logGet(44)) - raft.server.snapshot.auto.trigger.threshold = 10000 (custom)
2021-07-27 01:07:07,267 [pool-373-thread-1] INFO  server.RaftServerConfigKeys (ConfUtils.java:logGet(44)) - raft.server.snapshot.retention.file.num = 5 (custom)
2021-07-27 01:07:07,268 [pool-373-thread-1] INFO  server.RaftServerConfigKeys (ConfUtils.java:logGet(44)) - raft.server.log.purge.upto.snapshot.index = false (default)
2021-07-27 01:07:07,268 [pool-373-thread-1] INFO  server.RaftServerConfigKeys (ConfUtils.java:logGet(44)) - raft.server.retrycache.expirytime = 600000ms (custom)
2021-07-27 01:07:07,268 [pool-373-thread-1] INFO  server.RaftServerConfigKeys (ConfUtils.java:logGet(44)) - raft.server.retrycache.statistics.expirytime = 100μs (default)
2021-07-27 01:07:07,269 [pool-373-thread-1] INFO  server.RaftServer$Division (RaftServerImpl.java:start(296)) - add9ee20-ac1a-4d1d-a881-b847474b364b@group-13FC57B98B14: start as a follower, conf=-1: [78df850f-b6e4-442f-ab73-43f51794e862|rpc:10.1.0.6:39903|dataStream:|priority:1, 09544a2e-d1be-4322-b22d-d49b1aa9b056|rpc:10.1.0.6:42003|dataStream:|priority:0, add9ee20-ac1a-4d1d-a881-b847474b364b|rpc:10.1.0.6:39643|dataStream:|priority:0], old=null
2021-07-27 01:07:07,269 [pool-373-thread-1] INFO  server.RaftServer$Division (RaftServerImpl.java:setRole(285)) - add9ee20-ac1a-4d1d-a881-b847474b364b@group-13FC57B98B14: changes role from      null to FOLLOWER at term 0 for startAsFollower
2021-07-27 01:07:07,269 [pool-373-thread-1] INFO  impl.RoleInfo (RoleInfo.java:updateAndGet(130)) - add9ee20-ac1a-4d1d-a881-b847474b364b: start add9ee20-ac1a-4d1d-a881-b847474b364b@group-13FC57B98B14-FollowerState
2021-07-27 01:07:07,269 [pool-373-thread-1] INFO  util.JmxRegister (JmxRegister.java:tryRegister(44)) - Successfully registered JMX Bean with object name Ratis:service=RaftServer,group=group-13FC57B98B14,id=add9ee20-ac1a-4d1d-a881-b847474b364b
2021-07-27 01:07:07,272 [Command processor thread] INFO  server.RaftServer (RaftServerProxy.java:addNew(95)) - add9ee20-ac1a-4d1d-a881-b847474b364b: addNew group-9DC8AAE452A8:[add9ee20-ac1a-4d1d-a881-b847474b364b|rpc:10.1.0.6:39643|priority:1] returns group-9DC8AAE452A8:java.util.concurrent.CompletableFuture@54b4a375[Not completed]
2021-07-27 01:07:07,274 [pool-373-thread-1] INFO  server.RaftServer$Division (RaftServerImpl.java:<init>(181)) - add9ee20-ac1a-4d1d-a881-b847474b364b: new RaftServerImpl for group-9DC8AAE452A8:[add9ee20-ac1a-4d1d-a881-b847474b364b|rpc:10.1.0.6:39643|priority:1] with ContainerStateMachine:uninitialized
2021-07-27 01:07:07,274 [pool-373-thread-1] INFO  server.RaftServerConfigKeys (ConfUtils.java:logGet(44)) - raft.server.rpc.timeout.min = 5s (custom)
2021-07-27 01:07:07,274 [pool-373-thread-1] INFO  server.RaftServerConfigKeys (ConfUtils.java:logGet(44)) - raft.server.rpc.timeout.max = 5200ms (custom)
2021-07-27 01:07:07,274 [pool-373-thread-1] INFO  server.RaftServerConfigKeys (ConfUtils.java:logGet(44)) - raft.server.rpc.sleep.time = 25ms (default)
2021-07-27 01:07:07,274 [pool-373-thread-1] INFO  server.RaftServerConfigKeys (ConfUtils.java:logGet(44)) - raft.server.rpc.slowness.timeout = 300s (custom)
2021-07-27 01:07:07,274 [pool-373-thread-1] INFO  server.RaftServerConfigKeys (ConfUtils.java:logGet(44)) - raft.server.leaderelection.leader.step-down.wait-time = 10s (default)
2021-07-27 01:07:07,274 [pool-373-thread-1] INFO  server.RaftServerConfigKeys (ConfUtils.java:logGet(44)) - raft.server.sleep.deviation.threshold = 300ms (default)
2021-07-27 01:07:07,274 [pool-373-thread-1] INFO  server.RaftServerConfigKeys (ConfUtils.java:logGet(44)) - raft.server.log.appender.install.snapshot.enabled = false (custom)
2021-07-27 01:07:07,274 [pool-373-thread-1] INFO  server.RaftServer$Division (ServerState.java:<init>(105)) - add9ee20-ac1a-4d1d-a881-b847474b364b@group-9DC8AAE452A8: ConfigurationManager, init=-1: [add9ee20-ac1a-4d1d-a881-b847474b364b|rpc:10.1.0.6:39643|priority:1], old=null, confs=<EMPTY_MAP>
2021-07-27 01:07:07,274 [pool-373-thread-1] INFO  server.RaftServerConfigKeys (ConfUtils.java:logGet(44)) - raft.server.storage.dir = [/home/runner/work/ozone/ozone/mnt/ozone/hadoop-ozone/integration-test/target/test-dir/MiniOzoneClusterImpl-16f2dd64-f1ad-4a1a-be58-d3c69d16c599/datanode-1/data/ratis] (custom)
2021-07-27 01:07:07,274 [pool-373-thread-1] INFO  server.RaftServerConfigKeys (ConfUtils.java:logGet(44)) - raft.server.log.corruption.policy = EXCEPTION (default)
2021-07-27 01:07:07,275 [pool-373-thread-1] INFO  server.RaftServerConfigKeys (ConfUtils.java:logGet(44)) - raft.server.storage.free-space.min = 0MB (=0) (default)
2021-07-27 01:07:07,275 [pool-373-thread-1] INFO  storage.RaftStorageDirectory (RaftStorageDirectoryImpl.java:analyzeStorage(135)) - The storage directory /home/runner/work/ozone/ozone/mnt/ozone/hadoop-ozone/integration-test/target/test-dir/MiniOzoneClusterImpl-16f2dd64-f1ad-4a1a-be58-d3c69d16c599/datanode-1/data/ratis/63ed4410-75b1-433a-b596-9dc8aae452a8 does not exist. Creating ...
2021-07-27 01:07:07,277 [pool-373-thread-1] INFO  storage.RaftStorageDirectory (RaftStorageDirectoryImpl.java:tryLock(230)) - Lock on /home/runner/work/ozone/ozone/mnt/ozone/hadoop-ozone/integration-test/target/test-dir/MiniOzoneClusterImpl-16f2dd64-f1ad-4a1a-be58-d3c69d16c599/datanode-1/data/ratis/63ed4410-75b1-433a-b596-9dc8aae452a8/in_use.lock acquired by nodename 14231@fv-az116-554
2021-07-27 01:07:07,285 [pool-373-thread-1] INFO  storage.RaftStorage (RaftStorageImpl.java:format(89)) - Storage directory /home/runner/work/ozone/ozone/mnt/ozone/hadoop-ozone/integration-test/target/test-dir/MiniOzoneClusterImpl-16f2dd64-f1ad-4a1a-be58-d3c69d16c599/datanode-1/data/ratis/63ed4410-75b1-433a-b596-9dc8aae452a8 has been successfully formatted.
2021-07-27 01:07:07,285 [Datanode State Machine Thread - 0] WARN  statemachine.StateContext (StateContext.java:execute(621)) - No available thread in pool for past 1 seconds.
2021-07-27 01:07:07,285 [pool-373-thread-1] INFO  ratis.ContainerStateMachine (ContainerStateMachine.java:loadSnapshot(223)) - group-9DC8AAE452A8: The snapshot info is null. Setting the last applied indexto:(t:0, i:~)
2021-07-27 01:07:07,286 [pool-373-thread-1] INFO  server.RaftServerConfigKeys (ConfUtils.java:logGet(44)) - raft.server.notification.no-leader.timeout = 300s (custom)
2021-07-27 01:07:07,286 [pool-373-thread-1] INFO  server.RaftServerConfigKeys (ConfUtils.java:logGet(44)) - raft.server.log.use.memory = false (default)
2021-07-27 01:07:07,286 [pool-373-thread-1] INFO  server.RaftServerConfigKeys (ConfUtils.java:logGet(44)) - raft.server.log.purge.gap = 1000000 (custom)
2021-07-27 01:07:07,286 [pool-373-thread-1] INFO  server.RaftServerConfigKeys (ConfUtils.java:logGet(44)) - raft.server.log.appender.buffer.byte-limit = 33554432 (custom)
2021-07-27 01:07:07,286 [EventQueue-PipelineReportForPipelineReportHandler] INFO  pipeline.PipelineManagerV2Impl (PipelineManagerV2Impl.java:openPipeline(283)) - Pipeline Pipeline[ Id: 63ed4410-75b1-433a-b596-9dc8aae452a8, Nodes: add9ee20-ac1a-4d1d-a881-b847474b364b{ip: 10.1.0.6, host: fv-az116-554.vzw04321ajxubdbcnpick5nqva.xx.internal.cloudapp.net, ports: [REPLICATION=40083, RATIS=39643, RATIS_ADMIN=39643, RATIS_SERVER=39643, STANDALONE=46257], networkLocation: /default-rack, certSerialId: null, persistedOpState: IN_SERVICE, persistedOpStateExpiryEpochSec: 0}, ReplicationConfig: RATIS/ONE, State:ALLOCATED, leaderId:add9ee20-ac1a-4d1d-a881-b847474b364b, CreationTimestamp2021-07-27T01:07:04.275Z[Etc/UTC]] moved to OPEN state
2021-07-27 01:07:07,286 [EventQueue-OpenPipelineForHealthyPipelineSafeModeRule] INFO  safemode.SCMSafeModeManager (HealthyPipelineSafeModeRule.java:process(124)) - SCM in safe mode. Healthy pipelines reported count is 0, required healthy pipeline reported count is 1
2021-07-27 01:07:07,287 [pool-373-thread-1] INFO  server.RaftServerConfigKeys (ConfUtils.java:logGet(44)) - raft.server.log.segment.size.max = 1048576 (custom)
2021-07-27 01:07:07,287 [pool-373-thread-1] INFO  server.RaftServerConfigKeys (ConfUtils.java:logGet(44)) - raft.server.log.segment.cache.num.max = 2 (custom)
2021-07-27 01:07:07,287 [pool-373-thread-1] INFO  server.RaftServerConfigKeys (ConfUtils.java:logGet(44)) - raft.server.log.segment.cache.size.max = 200MB (=209715200) (default)
2021-07-27 01:07:07,287 [pool-373-thread-1] INFO  segmented.SegmentedRaftLogWorker (SegmentedRaftLogWorker.java:<init>(182)) - new add9ee20-ac1a-4d1d-a881-b847474b364b@group-9DC8AAE452A8-SegmentedRaftLogWorker for RaftStorageImpl:Storage Directory /home/runner/work/ozone/ozone/mnt/ozone/hadoop-ozone/integration-test/target/test-dir/MiniOzoneClusterImpl-16f2dd64-f1ad-4a1a-be58-d3c69d16c599/datanode-1/data/ratis/63ed4410-75b1-433a-b596-9dc8aae452a8
2021-07-27 01:07:07,287 [pool-373-thread-1] INFO  server.RaftServerConfigKeys (ConfUtils.java:logGet(44)) - raft.server.log.queue.byte-limit = 2147483647 (custom)
2021-07-27 01:07:07,287 [pool-373-thread-1] INFO  server.RaftServerConfigKeys (ConfUtils.java:logGet(44)) - raft.server.log.queue.element-limit = 1024 (custom)
2021-07-27 01:07:07,287 [pool-373-thread-1] INFO  server.RaftServerConfigKeys (ConfUtils.java:logGet(44)) - raft.server.log.segment.size.max = 1048576 (custom)
2021-07-27 01:07:07,287 [pool-373-thread-1] INFO  server.RaftServerConfigKeys (ConfUtils.java:logGet(44)) - raft.server.log.preallocated.size = 16384 (custom)
2021-07-27 01:07:07,287 [pool-373-thread-1] INFO  server.RaftServerConfigKeys (ConfUtils.java:logGet(44)) - raft.server.log.force.sync.num = 128 (default)
2021-07-27 01:07:07,287 [pool-373-thread-1] INFO  server.RaftServerConfigKeys (ConfUtils.java:logGet(44)) - raft.server.log.statemachine.data.sync = true (default)
2021-07-27 01:07:07,288 [pool-373-thread-1] INFO  server.RaftServerConfigKeys (ConfUtils.java:logGet(44)) - raft.server.log.statemachine.data.sync.timeout = 10s (default)
2021-07-27 01:07:07,288 [pool-373-thread-1] INFO  server.RaftServerConfigKeys (ConfUtils.java:logGet(44)) - raft.server.log.statemachine.data.sync.timeout.retry = -1 (default)
2021-07-27 01:07:07,288 [pool-373-thread-1] INFO  server.RaftServerConfigKeys (ConfUtils.java:logGet(44)) - raft.server.log.write.buffer.size = 1048576 (custom)
2021-07-27 01:07:07,289 [pool-373-thread-1] INFO  server.RaftServerConfigKeys (ConfUtils.java:logGet(44)) - raft.server.log.statemachine.data.caching.enabled = true (custom)
2021-07-27 01:07:07,289 [pool-373-thread-1] INFO  segmented.SegmentedRaftLogWorker (SegmentedRaftLogWorker.java:lambda$new$0(133)) - add9ee20-ac1a-4d1d-a881-b847474b364b@group-9DC8AAE452A8-SegmentedRaftLogWorker: flushIndex: setUnconditionally 0 -> -1
2021-07-27 01:07:07,289 [pool-373-thread-1] INFO  segmented.SegmentedRaftLogWorker (SegmentedRaftLogWorker.java:lambda$new$0(133)) - add9ee20-ac1a-4d1d-a881-b847474b364b@group-9DC8AAE452A8-SegmentedRaftLogWorker: safeCacheEvictIndex: setUnconditionally 0 -> -1
2021-07-27 01:07:07,293 [pool-373-thread-1] INFO  server.RaftServerConfigKeys (ConfUtils.java:logGet(44)) - raft.server.snapshot.auto.trigger.enabled = true (custom)
2021-07-27 01:07:07,293 [pool-373-thread-1] INFO  server.RaftServerConfigKeys (ConfUtils.java:logGet(44)) - raft.server.snapshot.auto.trigger.threshold = 10000 (custom)
2021-07-27 01:07:07,293 [pool-373-thread-1] INFO  server.RaftServerConfigKeys (ConfUtils.java:logGet(44)) - raft.server.snapshot.retention.file.num = 5 (custom)
2021-07-27 01:07:07,293 [pool-373-thread-1] INFO  server.RaftServerConfigKeys (ConfUtils.java:logGet(44)) - raft.server.log.purge.upto.snapshot.index = false (default)
2021-07-27 01:07:07,293 [pool-373-thread-1] INFO  server.RaftServerConfigKeys (ConfUtils.java:logGet(44)) - raft.server.retrycache.expirytime = 600000ms (custom)
2021-07-27 01:07:07,293 [pool-373-thread-1] INFO  server.RaftServerConfigKeys (ConfUtils.java:logGet(44)) - raft.server.retrycache.statistics.expirytime = 100μs (default)
2021-07-27 01:07:07,295 [pool-373-thread-1] INFO  server.RaftServer$Division (RaftServerImpl.java:start(296)) - add9ee20-ac1a-4d1d-a881-b847474b364b@group-9DC8AAE452A8: start as a follower, conf=-1: [add9ee20-ac1a-4d1d-a881-b847474b364b|rpc:10.1.0.6:39643|priority:1], old=null
2021-07-27 01:07:07,295 [pool-373-thread-1] INFO  server.RaftServer$Division (RaftServerImpl.java:setRole(285)) - add9ee20-ac1a-4d1d-a881-b847474b364b@group-9DC8AAE452A8: changes role from      null to FOLLOWER at term 0 for startAsFollower
2021-07-27 01:07:07,295 [pool-373-thread-1] INFO  impl.RoleInfo (RoleInfo.java:updateAndGet(130)) - add9ee20-ac1a-4d1d-a881-b847474b364b: start add9ee20-ac1a-4d1d-a881-b847474b364b@group-9DC8AAE452A8-FollowerState
2021-07-27 01:07:07,296 [pool-373-thread-1] INFO  util.JmxRegister (JmxRegister.java:tryRegister(44)) - Successfully registered JMX Bean with object name Ratis:service=RaftServer,group=group-9DC8AAE452A8,id=add9ee20-ac1a-4d1d-a881-b847474b364b
2021-07-27 01:07:07,299 [Command processor thread] INFO  ratis.XceiverServerRatis (XceiverServerRatis.java:addGroup(759)) - Created group PipelineID=63ed4410-75b1-433a-b596-9dc8aae452a8
2021-07-27 01:07:07,299 [Command processor thread] INFO  commandhandler.CreatePipelineCommandHandler (CreatePipelineCommandHandler.java:handle(106)) - Created Pipeline RATIS ONE PipelineID=63ed4410-75b1-433a-b596-9dc8aae452a8.
2021-07-27 01:07:07,304 [grpc-default-executor-4] INFO  server.RaftServer (RaftServerProxy.java:addNew(95)) - 78df850f-b6e4-442f-ab73-43f51794e862: addNew group-13FC57B98B14:[78df850f-b6e4-442f-ab73-43f51794e862|rpc:10.1.0.6:39903|dataStream:|priority:1, 09544a2e-d1be-4322-b22d-d49b1aa9b056|rpc:10.1.0.6:42003|dataStream:|priority:0, add9ee20-ac1a-4d1d-a881-b847474b364b|rpc:10.1.0.6:39643|dataStream:|priority:0] returns group-13FC57B98B14:java.util.concurrent.CompletableFuture@4992555f[Not completed]
2021-07-27 01:07:07,305 [pool-391-thread-1] INFO  server.RaftServer$Division (RaftServerImpl.java:<init>(181)) - 78df850f-b6e4-442f-ab73-43f51794e862: new RaftServerImpl for group-13FC57B98B14:[78df850f-b6e4-442f-ab73-43f51794e862|rpc:10.1.0.6:39903|dataStream:|priority:1, 09544a2e-d1be-4322-b22d-d49b1aa9b056|rpc:10.1.0.6:42003|dataStream:|priority:0, add9ee20-ac1a-4d1d-a881-b847474b364b|rpc:10.1.0.6:39643|dataStream:|priority:0] with ContainerStateMachine:uninitialized
2021-07-27 01:07:07,305 [pool-391-thread-1] INFO  server.RaftServerConfigKeys (ConfUtils.java:logGet(44)) - raft.server.rpc.timeout.min = 5s (custom)
2021-07-27 01:07:07,305 [pool-391-thread-1] INFO  server.RaftServerConfigKeys (ConfUtils.java:logGet(44)) - raft.server.rpc.timeout.max = 5200ms (custom)
2021-07-27 01:07:07,305 [pool-391-thread-1] INFO  server.RaftServerConfigKeys (ConfUtils.java:logGet(44)) - raft.server.rpc.sleep.time = 25ms (default)
2021-07-27 01:07:07,305 [pool-391-thread-1] INFO  server.RaftServerConfigKeys (ConfUtils.java:logGet(44)) - raft.server.rpc.slowness.timeout = 300s (custom)
2021-07-27 01:07:07,305 [pool-391-thread-1] INFO  server.RaftServerConfigKeys (ConfUtils.java:logGet(44)) - raft.server.leaderelection.leader.step-down.wait-time = 10s (default)
2021-07-27 01:07:07,305 [pool-391-thread-1] INFO  server.RaftServerConfigKeys (ConfUtils.java:logGet(44)) - raft.server.sleep.deviation.threshold = 300ms (default)
2021-07-27 01:07:07,305 [pool-391-thread-1] INFO  server.RaftServerConfigKeys (ConfUtils.java:logGet(44)) - raft.server.log.appender.install.snapshot.enabled = false (custom)
2021-07-27 01:07:07,305 [pool-391-thread-1] INFO  server.RaftServer$Division (ServerState.java:<init>(105)) - 78df850f-b6e4-442f-ab73-43f51794e862@group-13FC57B98B14: ConfigurationManager, init=-1: [78df850f-b6e4-442f-ab73-43f51794e862|rpc:10.1.0.6:39903|dataStream:|priority:1, 09544a2e-d1be-4322-b22d-d49b1aa9b056|rpc:10.1.0.6:42003|dataStream:|priority:0, add9ee20-ac1a-4d1d-a881-b847474b364b|rpc:10.1.0.6:39643|dataStream:|priority:0], old=null, confs=<EMPTY_MAP>
2021-07-27 01:07:07,305 [pool-391-thread-1] INFO  server.RaftServerConfigKeys (ConfUtils.java:logGet(44)) - raft.server.storage.dir = [/home/runner/work/ozone/ozone/mnt/ozone/hadoop-ozone/integration-test/target/test-dir/MiniOzoneClusterImpl-16f2dd64-f1ad-4a1a-be58-d3c69d16c599/datanode-2/data/ratis] (custom)
2021-07-27 01:07:07,305 [pool-391-thread-1] INFO  server.RaftServerConfigKeys (ConfUtils.java:logGet(44)) - raft.server.log.corruption.policy = EXCEPTION (default)
2021-07-27 01:07:07,305 [pool-391-thread-1] INFO  server.RaftServerConfigKeys (ConfUtils.java:logGet(44)) - raft.server.storage.free-space.min = 0MB (=0) (default)
2021-07-27 01:07:07,305 [pool-391-thread-1] INFO  storage.RaftStorageDirectory (RaftStorageDirectoryImpl.java:analyzeStorage(135)) - The storage directory /home/runner/work/ozone/ozone/mnt/ozone/hadoop-ozone/integration-test/target/test-dir/MiniOzoneClusterImpl-16f2dd64-f1ad-4a1a-be58-d3c69d16c599/datanode-2/data/ratis/d52de00d-9d09-4d5f-b3fc-13fc57b98b14 does not exist. Creating ...
2021-07-27 01:07:07,306 [pool-391-thread-1] INFO  storage.RaftStorageDirectory (RaftStorageDirectoryImpl.java:tryLock(230)) - Lock on /home/runner/work/ozone/ozone/mnt/ozone/hadoop-ozone/integration-test/target/test-dir/MiniOzoneClusterImpl-16f2dd64-f1ad-4a1a-be58-d3c69d16c599/datanode-2/data/ratis/d52de00d-9d09-4d5f-b3fc-13fc57b98b14/in_use.lock acquired by nodename 14231@fv-az116-554
2021-07-27 01:07:07,307 [pool-391-thread-1] INFO  storage.RaftStorage (RaftStorageImpl.java:format(89)) - Storage directory /home/runner/work/ozone/ozone/mnt/ozone/hadoop-ozone/integration-test/target/test-dir/MiniOzoneClusterImpl-16f2dd64-f1ad-4a1a-be58-d3c69d16c599/datanode-2/data/ratis/d52de00d-9d09-4d5f-b3fc-13fc57b98b14 has been successfully formatted.
2021-07-27 01:07:07,308 [Datanode State Machine Thread - 0] WARN  statemachine.StateContext (StateContext.java:execute(621)) - No available thread in pool for past 1 seconds.
2021-07-27 01:07:07,309 [pool-391-thread-1] INFO  ratis.ContainerStateMachine (ContainerStateMachine.java:loadSnapshot(223)) - group-13FC57B98B14: The snapshot info is null. Setting the last applied indexto:(t:0, i:~)
2021-07-27 01:07:07,309 [pool-391-thread-1] INFO  server.RaftServerConfigKeys (ConfUtils.java:logGet(44)) - raft.server.notification.no-leader.timeout = 300s (custom)
2021-07-27 01:07:07,310 [pool-391-thread-1] INFO  server.RaftServerConfigKeys (ConfUtils.java:logGet(44)) - raft.server.log.use.memory = false (default)
2021-07-27 01:07:07,310 [pool-391-thread-1] INFO  server.RaftServerConfigKeys (ConfUtils.java:logGet(44)) - raft.server.log.purge.gap = 1000000 (custom)
2021-07-27 01:07:07,310 [pool-391-thread-1] INFO  server.RaftServerConfigKeys (ConfUtils.java:logGet(44)) - raft.server.log.appender.buffer.byte-limit = 33554432 (custom)
2021-07-27 01:07:07,310 [pool-391-thread-1] INFO  server.RaftServerConfigKeys (ConfUtils.java:logGet(44)) - raft.server.log.segment.size.max = 1048576 (custom)
2021-07-27 01:07:07,310 [pool-391-thread-1] INFO  server.RaftServerConfigKeys (ConfUtils.java:logGet(44)) - raft.server.log.segment.cache.num.max = 2 (custom)
2021-07-27 01:07:07,310 [pool-391-thread-1] INFO  server.RaftServerConfigKeys (ConfUtils.java:logGet(44)) - raft.server.log.segment.cache.size.max = 200MB (=209715200) (default)
2021-07-27 01:07:07,310 [pool-391-thread-1] INFO  segmented.SegmentedRaftLogWorker (SegmentedRaftLogWorker.java:<init>(182)) - new 78df850f-b6e4-442f-ab73-43f51794e862@group-13FC57B98B14-SegmentedRaftLogWorker for RaftStorageImpl:Storage Directory /home/runner/work/ozone/ozone/mnt/ozone/hadoop-ozone/integration-test/target/test-dir/MiniOzoneClusterImpl-16f2dd64-f1ad-4a1a-be58-d3c69d16c599/datanode-2/data/ratis/d52de00d-9d09-4d5f-b3fc-13fc57b98b14
2021-07-27 01:07:07,310 [pool-391-thread-1] INFO  server.RaftServerConfigKeys (ConfUtils.java:logGet(44)) - raft.server.log.queue.byte-limit = 2147483647 (custom)
2021-07-27 01:07:07,310 [pool-391-thread-1] INFO  server.RaftServerConfigKeys (ConfUtils.java:logGet(44)) - raft.server.log.queue.element-limit = 1024 (custom)
2021-07-27 01:07:07,311 [pool-391-thread-1] INFO  server.RaftServerConfigKeys (ConfUtils.java:logGet(44)) - raft.server.log.segment.size.max = 1048576 (custom)
2021-07-27 01:07:07,311 [pool-391-thread-1] INFO  server.RaftServerConfigKeys (ConfUtils.java:logGet(44)) - raft.server.log.preallocated.size = 16384 (custom)
2021-07-27 01:07:07,311 [pool-391-thread-1] INFO  server.RaftServerConfigKeys (ConfUtils.java:logGet(44)) - raft.server.log.force.sync.num = 128 (default)
2021-07-27 01:07:07,311 [pool-391-thread-1] INFO  server.RaftServerConfigKeys (ConfUtils.java:logGet(44)) - raft.server.log.statemachine.data.sync = true (default)
2021-07-27 01:07:07,311 [pool-391-thread-1] INFO  server.RaftServerConfigKeys (ConfUtils.java:logGet(44)) - raft.server.log.statemachine.data.sync.timeout = 10s (default)
2021-07-27 01:07:07,311 [pool-391-thread-1] INFO  server.RaftServerConfigKeys (ConfUtils.java:logGet(44)) - raft.server.log.statemachine.data.sync.timeout.retry = -1 (default)
2021-07-27 01:07:07,312 [pool-391-thread-1] INFO  server.RaftServerConfigKeys (ConfUtils.java:logGet(44)) - raft.server.log.write.buffer.size = 1048576 (custom)
2021-07-27 01:07:07,312 [pool-391-thread-1] INFO  server.RaftServerConfigKeys (ConfUtils.java:logGet(44)) - raft.server.log.statemachine.data.caching.enabled = true (custom)
2021-07-27 01:07:07,312 [pool-391-thread-1] INFO  segmented.SegmentedRaftLogWorker (SegmentedRaftLogWorker.java:lambda$new$0(133)) - 78df850f-b6e4-442f-ab73-43f51794e862@group-13FC57B98B14-SegmentedRaftLogWorker: flushIndex: setUnconditionally 0 -> -1
2021-07-27 01:07:07,312 [pool-391-thread-1] INFO  segmented.SegmentedRaftLogWorker (SegmentedRaftLogWorker.java:lambda$new$0(133)) - 78df850f-b6e4-442f-ab73-43f51794e862@group-13FC57B98B14-SegmentedRaftLogWorker: safeCacheEvictIndex: setUnconditionally 0 -> -1
2021-07-27 01:07:07,312 [pool-391-thread-1] INFO  server.RaftServerConfigKeys (ConfUtils.java:logGet(44)) - raft.server.snapshot.auto.trigger.enabled = true (custom)
2021-07-27 01:07:07,312 [pool-391-thread-1] INFO  server.RaftServerConfigKeys (ConfUtils.java:logGet(44)) - raft.server.snapshot.auto.trigger.threshold = 10000 (custom)
2021-07-27 01:07:07,312 [pool-391-thread-1] INFO  server.RaftServerConfigKeys (ConfUtils.java:logGet(44)) - raft.server.snapshot.retention.file.num = 5 (custom)
2021-07-27 01:07:07,312 [pool-391-thread-1] INFO  server.RaftServerConfigKeys (ConfUtils.java:logGet(44)) - raft.server.log.purge.upto.snapshot.index = false (default)
2021-07-27 01:07:07,312 [pool-391-thread-1] INFO  server.RaftServerConfigKeys (ConfUtils.java:logGet(44)) - raft.server.retrycache.expirytime = 600000ms (custom)
2021-07-27 01:07:07,312 [pool-391-thread-1] INFO  server.RaftServerConfigKeys (ConfUtils.java:logGet(44)) - raft.server.retrycache.statistics.expirytime = 100μs (default)
2021-07-27 01:07:07,313 [pool-391-thread-1] INFO  server.RaftServer$Division (RaftServerImpl.java:start(296)) - 78df850f-b6e4-442f-ab73-43f51794e862@group-13FC57B98B14: start as a follower, conf=-1: [78df850f-b6e4-442f-ab73-43f51794e862|rpc:10.1.0.6:39903|dataStream:|priority:1, 09544a2e-d1be-4322-b22d-d49b1aa9b056|rpc:10.1.0.6:42003|dataStream:|priority:0, add9ee20-ac1a-4d1d-a881-b847474b364b|rpc:10.1.0.6:39643|dataStream:|priority:0], old=null
2021-07-27 01:07:07,314 [pool-391-thread-1] INFO  server.RaftServer$Division (RaftServerImpl.java:setRole(285)) - 78df850f-b6e4-442f-ab73-43f51794e862@group-13FC57B98B14: changes role from      null to FOLLOWER at term 0 for startAsFollower
2021-07-27 01:07:07,314 [pool-391-thread-1] INFO  impl.RoleInfo (RoleInfo.java:updateAndGet(130)) - 78df850f-b6e4-442f-ab73-43f51794e862: start 78df850f-b6e4-442f-ab73-43f51794e862@group-13FC57B98B14-FollowerState
2021-07-27 01:07:07,314 [pool-391-thread-1] INFO  util.JmxRegister (JmxRegister.java:tryRegister(44)) - Successfully registered JMX Bean with object name Ratis:service=RaftServer,group=group-13FC57B98B14,id=78df850f-b6e4-442f-ab73-43f51794e862
2021-07-27 01:07:07,317 [Command processor thread] INFO  commandhandler.CreatePipelineCommandHandler (CreatePipelineCommandHandler.java:handle(106)) - Created Pipeline RATIS THREE PipelineID=d52de00d-9d09-4d5f-b3fc-13fc57b98b14.
2021-07-27 01:07:07,422 [Command processor thread] INFO  server.RaftServer (RaftServerProxy.java:addNew(95)) - 78df850f-b6e4-442f-ab73-43f51794e862: addNew group-BD3F080E74EE:[78df850f-b6e4-442f-ab73-43f51794e862|rpc:10.1.0.6:39903|priority:1] returns group-BD3F080E74EE:java.util.concurrent.CompletableFuture@7cb53aad[Not completed]
2021-07-27 01:07:07,423 [pool-391-thread-1] INFO  server.RaftServer$Division (RaftServerImpl.java:<init>(181)) - 78df850f-b6e4-442f-ab73-43f51794e862: new RaftServerImpl for group-BD3F080E74EE:[78df850f-b6e4-442f-ab73-43f51794e862|rpc:10.1.0.6:39903|priority:1] with ContainerStateMachine:uninitialized
2021-07-27 01:07:07,423 [pool-391-thread-1] INFO  server.RaftServerConfigKeys (ConfUtils.java:logGet(44)) - raft.server.rpc.timeout.min = 5s (custom)
2021-07-27 01:07:07,423 [pool-391-thread-1] INFO  server.RaftServerConfigKeys (ConfUtils.java:logGet(44)) - raft.server.rpc.timeout.max = 5200ms (custom)
2021-07-27 01:07:07,423 [pool-391-thread-1] INFO  server.RaftServerConfigKeys (ConfUtils.java:logGet(44)) - raft.server.rpc.sleep.time = 25ms (default)
2021-07-27 01:07:07,423 [pool-391-thread-1] INFO  server.RaftServerConfigKeys (ConfUtils.java:logGet(44)) - raft.server.rpc.slowness.timeout = 300s (custom)
2021-07-27 01:07:07,423 [pool-391-thread-1] INFO  server.RaftServerConfigKeys (ConfUtils.java:logGet(44)) - raft.server.leaderelection.leader.step-down.wait-time = 10s (default)
2021-07-27 01:07:07,423 [pool-391-thread-1] INFO  server.RaftServerConfigKeys (ConfUtils.java:logGet(44)) - raft.server.sleep.deviation.threshold = 300ms (default)
2021-07-27 01:07:07,424 [pool-391-thread-1] INFO  server.RaftServerConfigKeys (ConfUtils.java:logGet(44)) - raft.server.log.appender.install.snapshot.enabled = false (custom)
2021-07-27 01:07:07,424 [pool-391-thread-1] INFO  server.RaftServer$Division (ServerState.java:<init>(105)) - 78df850f-b6e4-442f-ab73-43f51794e862@group-BD3F080E74EE: ConfigurationManager, init=-1: [78df850f-b6e4-442f-ab73-43f51794e862|rpc:10.1.0.6:39903|priority:1], old=null, confs=<EMPTY_MAP>
2021-07-27 01:07:07,424 [pool-391-thread-1] INFO  server.RaftServerConfigKeys (ConfUtils.java:logGet(44)) - raft.server.storage.dir = [/home/runner/work/ozone/ozone/mnt/ozone/hadoop-ozone/integration-test/target/test-dir/MiniOzoneClusterImpl-16f2dd64-f1ad-4a1a-be58-d3c69d16c599/datanode-2/data/ratis] (custom)
2021-07-27 01:07:07,424 [pool-391-thread-1] INFO  server.RaftServerConfigKeys (ConfUtils.java:logGet(44)) - raft.server.log.corruption.policy = EXCEPTION (default)
2021-07-27 01:07:07,424 [pool-391-thread-1] INFO  server.RaftServerConfigKeys (ConfUtils.java:logGet(44)) - raft.server.storage.free-space.min = 0MB (=0) (default)
2021-07-27 01:07:07,424 [pool-391-thread-1] INFO  storage.RaftStorageDirectory (RaftStorageDirectoryImpl.java:analyzeStorage(135)) - The storage directory /home/runner/work/ozone/ozone/mnt/ozone/hadoop-ozone/integration-test/target/test-dir/MiniOzoneClusterImpl-16f2dd64-f1ad-4a1a-be58-d3c69d16c599/datanode-2/data/ratis/66ac7ade-78a1-4dde-a6ce-bd3f080e74ee does not exist. Creating ...
2021-07-27 01:07:07,425 [Listener at 127.0.0.1/40495] INFO  ozone.MiniOzoneClusterImpl (MiniOzoneClusterImpl.java:lambda$waitForClusterToBeReady$0(235)) - Nodes are ready. Got 3 of 3 DN Heartbeats.
2021-07-27 01:07:07,425 [Listener at 127.0.0.1/40495] INFO  ozone.MiniOzoneClusterImpl (MiniOzoneClusterImpl.java:lambda$waitForClusterToBeReady$0(238)) - Waiting for cluster to exit safe mode
2021-07-27 01:07:07,425 [Listener at 127.0.0.1/40495] INFO  ozone.MiniOzoneClusterImpl (MiniOzoneClusterImpl.java:lambda$waitForClusterToBeReady$0(240)) - SCM became leader
2021-07-27 01:07:07,426 [pool-391-thread-1] INFO  storage.RaftStorageDirectory (RaftStorageDirectoryImpl.java:tryLock(230)) - Lock on /home/runner/work/ozone/ozone/mnt/ozone/hadoop-ozone/integration-test/target/test-dir/MiniOzoneClusterImpl-16f2dd64-f1ad-4a1a-be58-d3c69d16c599/datanode-2/data/ratis/66ac7ade-78a1-4dde-a6ce-bd3f080e74ee/in_use.lock acquired by nodename 14231@fv-az116-554
2021-07-27 01:07:07,427 [pool-391-thread-1] INFO  storage.RaftStorage (RaftStorageImpl.java:format(89)) - Storage directory /home/runner/work/ozone/ozone/mnt/ozone/hadoop-ozone/integration-test/target/test-dir/MiniOzoneClusterImpl-16f2dd64-f1ad-4a1a-be58-d3c69d16c599/datanode-2/data/ratis/66ac7ade-78a1-4dde-a6ce-bd3f080e74ee has been successfully formatted.
2021-07-27 01:07:07,427 [pool-391-thread-1] INFO  ratis.ContainerStateMachine (ContainerStateMachine.java:loadSnapshot(223)) - group-BD3F080E74EE: The snapshot info is null. Setting the last applied indexto:(t:0, i:~)
2021-07-27 01:07:07,427 [pool-391-thread-1] INFO  server.RaftServerConfigKeys (ConfUtils.java:logGet(44)) - raft.server.notification.no-leader.timeout = 300s (custom)
2021-07-27 01:07:07,427 [pool-391-thread-1] INFO  server.RaftServerConfigKeys (ConfUtils.java:logGet(44)) - raft.server.log.use.memory = false (default)
2021-07-27 01:07:07,428 [pool-391-thread-1] INFO  server.RaftServerConfigKeys (ConfUtils.java:logGet(44)) - raft.server.log.purge.gap = 1000000 (custom)
2021-07-27 01:07:07,428 [pool-391-thread-1] INFO  server.RaftServerConfigKeys (ConfUtils.java:logGet(44)) - raft.server.log.appender.buffer.byte-limit = 33554432 (custom)
2021-07-27 01:07:07,428 [pool-391-thread-1] INFO  server.RaftServerConfigKeys (ConfUtils.java:logGet(44)) - raft.server.log.segment.size.max = 1048576 (custom)
2021-07-27 01:07:07,428 [pool-391-thread-1] INFO  server.RaftServerConfigKeys (ConfUtils.java:logGet(44)) - raft.server.log.segment.cache.num.max = 2 (custom)
2021-07-27 01:07:07,428 [pool-391-thread-1] INFO  server.RaftServerConfigKeys (ConfUtils.java:logGet(44)) - raft.server.log.segment.cache.size.max = 200MB (=209715200) (default)
2021-07-27 01:07:07,428 [pool-391-thread-1] INFO  segmented.SegmentedRaftLogWorker (SegmentedRaftLogWorker.java:<init>(182)) - new 78df850f-b6e4-442f-ab73-43f51794e862@group-BD3F080E74EE-SegmentedRaftLogWorker for RaftStorageImpl:Storage Directory /home/runner/work/ozone/ozone/mnt/ozone/hadoop-ozone/integration-test/target/test-dir/MiniOzoneClusterImpl-16f2dd64-f1ad-4a1a-be58-d3c69d16c599/datanode-2/data/ratis/66ac7ade-78a1-4dde-a6ce-bd3f080e74ee
2021-07-27 01:07:07,428 [pool-391-thread-1] INFO  server.RaftServerConfigKeys (ConfUtils.java:logGet(44)) - raft.server.log.queue.byte-limit = 2147483647 (custom)
2021-07-27 01:07:07,428 [pool-391-thread-1] INFO  server.RaftServerConfigKeys (ConfUtils.java:logGet(44)) - raft.server.log.queue.element-limit = 1024 (custom)
2021-07-27 01:07:07,428 [pool-391-thread-1] INFO  server.RaftServerConfigKeys (ConfUtils.java:logGet(44)) - raft.server.log.segment.size.max = 1048576 (custom)
2021-07-27 01:07:07,428 [pool-391-thread-1] INFO  server.RaftServerConfigKeys (ConfUtils.java:logGet(44)) - raft.server.log.preallocated.size = 16384 (custom)
2021-07-27 01:07:07,428 [pool-391-thread-1] INFO  server.RaftServerConfigKeys (ConfUtils.java:logGet(44)) - raft.server.log.force.sync.num = 128 (default)
2021-07-27 01:07:07,429 [pool-391-thread-1] INFO  server.RaftServerConfigKeys (ConfUtils.java:logGet(44)) - raft.server.log.statemachine.data.sync = true (default)
2021-07-27 01:07:07,429 [pool-391-thread-1] INFO  server.RaftServerConfigKeys (ConfUtils.java:logGet(44)) - raft.server.log.statemachine.data.sync.timeout = 10s (default)
2021-07-27 01:07:07,429 [pool-391-thread-1] INFO  server.RaftServerConfigKeys (ConfUtils.java:logGet(44)) - raft.server.log.statemachine.data.sync.timeout.retry = -1 (default)
2021-07-27 01:07:07,429 [EventQueue-PipelineReportForPipelineReportHandler] INFO  pipeline.PipelineManagerV2Impl (PipelineManagerV2Impl.java:openPipeline(283)) - Pipeline Pipeline[ Id: 66ac7ade-78a1-4dde-a6ce-bd3f080e74ee, Nodes: 78df850f-b6e4-442f-ab73-43f51794e862{ip: 10.1.0.6, host: fv-az116-554.vzw04321ajxubdbcnpick5nqva.xx.internal.cloudapp.net, ports: [REPLICATION=44605, RATIS=39903, RATIS_ADMIN=39903, RATIS_SERVER=39903, STANDALONE=38763], networkLocation: /default-rack, certSerialId: null, persistedOpState: IN_SERVICE, persistedOpStateExpiryEpochSec: 0}, ReplicationConfig: RATIS/ONE, State:ALLOCATED, leaderId:78df850f-b6e4-442f-ab73-43f51794e862, CreationTimestamp2021-07-27T01:07:04.424Z[Etc/UTC]] moved to OPEN state
2021-07-27 01:07:07,429 [EventQueue-OpenPipelineForHealthyPipelineSafeModeRule] INFO  safemode.SCMSafeModeManager (HealthyPipelineSafeModeRule.java:process(124)) - SCM in safe mode. Healthy pipelines reported count is 0, required healthy pipeline reported count is 1
2021-07-27 01:07:07,429 [pool-391-thread-1] INFO  server.RaftServerConfigKeys (ConfUtils.java:logGet(44)) - raft.server.log.write.buffer.size = 1048576 (custom)
2021-07-27 01:07:07,430 [pool-391-thread-1] INFO  server.RaftServerConfigKeys (ConfUtils.java:logGet(44)) - raft.server.log.statemachine.data.caching.enabled = true (custom)
2021-07-27 01:07:07,430 [pool-391-thread-1] INFO  segmented.SegmentedRaftLogWorker (SegmentedRaftLogWorker.java:lambda$new$0(133)) - 78df850f-b6e4-442f-ab73-43f51794e862@group-BD3F080E74EE-SegmentedRaftLogWorker: flushIndex: setUnconditionally 0 -> -1
2021-07-27 01:07:07,430 [pool-391-thread-1] INFO  segmented.SegmentedRaftLogWorker (SegmentedRaftLogWorker.java:lambda$new$0(133)) - 78df850f-b6e4-442f-ab73-43f51794e862@group-BD3F080E74EE-SegmentedRaftLogWorker: safeCacheEvictIndex: setUnconditionally 0 -> -1
2021-07-27 01:07:07,431 [pool-391-thread-1] INFO  server.RaftServerConfigKeys (ConfUtils.java:logGet(44)) - raft.server.snapshot.auto.trigger.enabled = true (custom)
2021-07-27 01:07:07,431 [pool-391-thread-1] INFO  server.RaftServerConfigKeys (ConfUtils.java:logGet(44)) - raft.server.snapshot.auto.trigger.threshold = 10000 (custom)
2021-07-27 01:07:07,431 [pool-391-thread-1] INFO  server.RaftServerConfigKeys (ConfUtils.java:logGet(44)) - raft.server.snapshot.retention.file.num = 5 (custom)
2021-07-27 01:07:07,431 [pool-391-thread-1] INFO  server.RaftServerConfigKeys (ConfUtils.java:logGet(44)) - raft.server.log.purge.upto.snapshot.index = false (default)
2021-07-27 01:07:07,431 [pool-391-thread-1] INFO  server.RaftServerConfigKeys (ConfUtils.java:logGet(44)) - raft.server.retrycache.expirytime = 600000ms (custom)
2021-07-27 01:07:07,431 [pool-391-thread-1] INFO  server.RaftServerConfigKeys (ConfUtils.java:logGet(44)) - raft.server.retrycache.statistics.expirytime = 100μs (default)
2021-07-27 01:07:07,432 [pool-391-thread-1] INFO  server.RaftServer$Division (RaftServerImpl.java:start(296)) - 78df850f-b6e4-442f-ab73-43f51794e862@group-BD3F080E74EE: start as a follower, conf=-1: [78df850f-b6e4-442f-ab73-43f51794e862|rpc:10.1.0.6:39903|priority:1], old=null
2021-07-27 01:07:07,432 [pool-391-thread-1] INFO  server.RaftServer$Division (RaftServerImpl.java:setRole(285)) - 78df850f-b6e4-442f-ab73-43f51794e862@group-BD3F080E74EE: changes role from      null to FOLLOWER at term 0 for startAsFollower
2021-07-27 01:07:07,432 [pool-391-thread-1] INFO  impl.RoleInfo (RoleInfo.java:updateAndGet(130)) - 78df850f-b6e4-442f-ab73-43f51794e862: start 78df850f-b6e4-442f-ab73-43f51794e862@group-BD3F080E74EE-FollowerState
2021-07-27 01:07:07,436 [pool-391-thread-1] INFO  util.JmxRegister (JmxRegister.java:tryRegister(44)) - Successfully registered JMX Bean with object name Ratis:service=RaftServer,group=group-BD3F080E74EE,id=78df850f-b6e4-442f-ab73-43f51794e862
2021-07-27 01:07:07,438 [Command processor thread] INFO  ratis.XceiverServerRatis (XceiverServerRatis.java:addGroup(759)) - Created group PipelineID=66ac7ade-78a1-4dde-a6ce-bd3f080e74ee
2021-07-27 01:07:07,438 [Command processor thread] INFO  commandhandler.CreatePipelineCommandHandler (CreatePipelineCommandHandler.java:handle(106)) - Created Pipeline RATIS ONE PipelineID=66ac7ade-78a1-4dde-a6ce-bd3f080e74ee.
2021-07-27 01:07:08,425 [Listener at 127.0.0.1/40495] INFO  ozone.MiniOzoneClusterImpl (MiniOzoneClusterImpl.java:lambda$waitForClusterToBeReady$0(235)) - Nodes are ready. Got 3 of 3 DN Heartbeats.
2021-07-27 01:07:08,425 [Listener at 127.0.0.1/40495] INFO  ozone.MiniOzoneClusterImpl (MiniOzoneClusterImpl.java:lambda$waitForClusterToBeReady$0(238)) - Waiting for cluster to exit safe mode
2021-07-27 01:07:08,425 [Listener at 127.0.0.1/40495] INFO  ozone.MiniOzoneClusterImpl (MiniOzoneClusterImpl.java:lambda$waitForClusterToBeReady$0(240)) - SCM became leader
2021-07-27 01:07:09,426 [Listener at 127.0.0.1/40495] INFO  ozone.MiniOzoneClusterImpl (MiniOzoneClusterImpl.java:lambda$waitForClusterToBeReady$0(235)) - Nodes are ready. Got 3 of 3 DN Heartbeats.
2021-07-27 01:07:09,426 [Listener at 127.0.0.1/40495] INFO  ozone.MiniOzoneClusterImpl (MiniOzoneClusterImpl.java:lambda$waitForClusterToBeReady$0(238)) - Waiting for cluster to exit safe mode
2021-07-27 01:07:09,426 [Listener at 127.0.0.1/40495] INFO  ozone.MiniOzoneClusterImpl (MiniOzoneClusterImpl.java:lambda$waitForClusterToBeReady$0(240)) - SCM became leader
2021-07-27 01:07:10,426 [Listener at 127.0.0.1/40495] INFO  ozone.MiniOzoneClusterImpl (MiniOzoneClusterImpl.java:lambda$waitForClusterToBeReady$0(235)) - Nodes are ready. Got 3 of 3 DN Heartbeats.
2021-07-27 01:07:10,426 [Listener at 127.0.0.1/40495] INFO  ozone.MiniOzoneClusterImpl (MiniOzoneClusterImpl.java:lambda$waitForClusterToBeReady$0(238)) - Waiting for cluster to exit safe mode
2021-07-27 01:07:10,427 [Listener at 127.0.0.1/40495] INFO  ozone.MiniOzoneClusterImpl (MiniOzoneClusterImpl.java:lambda$waitForClusterToBeReady$0(240)) - SCM became leader
2021-07-27 01:07:11,427 [Listener at 127.0.0.1/40495] INFO  ozone.MiniOzoneClusterImpl (MiniOzoneClusterImpl.java:lambda$waitForClusterToBeReady$0(235)) - Nodes are ready. Got 3 of 3 DN Heartbeats.
2021-07-27 01:07:11,427 [Listener at 127.0.0.1/40495] INFO  ozone.MiniOzoneClusterImpl (MiniOzoneClusterImpl.java:lambda$waitForClusterToBeReady$0(238)) - Waiting for cluster to exit safe mode
2021-07-27 01:07:11,427 [Listener at 127.0.0.1/40495] INFO  ozone.MiniOzoneClusterImpl (MiniOzoneClusterImpl.java:lambda$waitForClusterToBeReady$0(240)) - SCM became leader
2021-07-27 01:07:12,186 [09544a2e-d1be-4322-b22d-d49b1aa9b056@group-10322319CFAB-FollowerState] INFO  impl.FollowerState (FollowerState.java:run(134)) - 09544a2e-d1be-4322-b22d-d49b1aa9b056@group-10322319CFAB-FollowerState: change to CANDIDATE, lastRpcElapsedTime:5048312608ns, electionTimeout:5046ms
2021-07-27 01:07:12,187 [09544a2e-d1be-4322-b22d-d49b1aa9b056@group-10322319CFAB-FollowerState] INFO  impl.RoleInfo (RoleInfo.java:shutdownFollowerState(108)) - 09544a2e-d1be-4322-b22d-d49b1aa9b056: shutdown 09544a2e-d1be-4322-b22d-d49b1aa9b056@group-10322319CFAB-FollowerState
2021-07-27 01:07:12,187 [09544a2e-d1be-4322-b22d-d49b1aa9b056@group-10322319CFAB-FollowerState] INFO  server.RaftServer$Division (RaftServerImpl.java:setRole(285)) - 09544a2e-d1be-4322-b22d-d49b1aa9b056@group-10322319CFAB: changes role from  FOLLOWER to CANDIDATE at term 0 for changeToCandidate
2021-07-27 01:07:12,188 [09544a2e-d1be-4322-b22d-d49b1aa9b056@group-10322319CFAB-FollowerState] INFO  server.RaftServerConfigKeys (ConfUtils.java:logGet(44)) - raft.server.leaderelection.pre-vote = false (custom)
2021-07-27 01:07:12,188 [09544a2e-d1be-4322-b22d-d49b1aa9b056@group-10322319CFAB-FollowerState] INFO  impl.RoleInfo (RoleInfo.java:updateAndGet(130)) - 09544a2e-d1be-4322-b22d-d49b1aa9b056: start 09544a2e-d1be-4322-b22d-d49b1aa9b056@group-10322319CFAB-LeaderElection36
2021-07-27 01:07:12,192 [09544a2e-d1be-4322-b22d-d49b1aa9b056@group-10322319CFAB-LeaderElection36] INFO  impl.LeaderElection (LeaderElection.java:askForVotes(306)) - 09544a2e-d1be-4322-b22d-d49b1aa9b056@group-10322319CFAB-LeaderElection36 ELECTION round 0: submit vote requests at term 1 for -1: [09544a2e-d1be-4322-b22d-d49b1aa9b056|rpc:10.1.0.6:42003|priority:1], old=null
2021-07-27 01:07:12,192 [09544a2e-d1be-4322-b22d-d49b1aa9b056@group-10322319CFAB-LeaderElection36] INFO  impl.LeaderElection (LeaderElection.java:askForVotes(308)) - 09544a2e-d1be-4322-b22d-d49b1aa9b056@group-10322319CFAB-LeaderElection36 ELECTION round 0: result PASSED (term=1)
2021-07-27 01:07:12,192 [09544a2e-d1be-4322-b22d-d49b1aa9b056@group-10322319CFAB-LeaderElection36] INFO  impl.RoleInfo (RoleInfo.java:shutdownLeaderElection(121)) - 09544a2e-d1be-4322-b22d-d49b1aa9b056: shutdown 09544a2e-d1be-4322-b22d-d49b1aa9b056@group-10322319CFAB-LeaderElection36
2021-07-27 01:07:12,192 [09544a2e-d1be-4322-b22d-d49b1aa9b056@group-10322319CFAB-LeaderElection36] INFO  server.RaftServer$Division (RaftServerImpl.java:setRole(285)) - 09544a2e-d1be-4322-b22d-d49b1aa9b056@group-10322319CFAB: changes role from CANDIDATE to LEADER at term 1 for changeToLeader
2021-07-27 01:07:12,192 [09544a2e-d1be-4322-b22d-d49b1aa9b056@group-10322319CFAB-LeaderElection36] INFO  ratis.XceiverServerRatis (XceiverServerRatis.java:handleLeaderChangedNotification(857)) - Leader change notification received for group: group-10322319CFAB with new leaderId: 09544a2e-d1be-4322-b22d-d49b1aa9b056
2021-07-27 01:07:12,193 [09544a2e-d1be-4322-b22d-d49b1aa9b056@group-10322319CFAB-LeaderElection36] INFO  server.RaftServer$Division (ServerState.java:setLeader(285)) - 09544a2e-d1be-4322-b22d-d49b1aa9b056@group-10322319CFAB: change Leader from null to 09544a2e-d1be-4322-b22d-d49b1aa9b056 at term 1 for becomeLeader, leader elected after 5061ms
2021-07-27 01:07:12,193 [09544a2e-d1be-4322-b22d-d49b1aa9b056@group-10322319CFAB-LeaderElection36] INFO  server.RaftServerConfigKeys (ConfUtils.java:logGet(44)) - raft.server.staging.catchup.gap = 1000 (default)
2021-07-27 01:07:12,193 [Datanode State Machine Thread - 0] WARN  statemachine.StateContext (StateContext.java:execute(621)) - No available thread in pool for past 1 seconds.
2021-07-27 01:07:12,193 [09544a2e-d1be-4322-b22d-d49b1aa9b056@group-10322319CFAB-LeaderElection36] INFO  server.RaftServerConfigKeys (ConfUtils.java:logGet(44)) - raft.server.write.element-limit = 1024 (custom)
2021-07-27 01:07:12,193 [09544a2e-d1be-4322-b22d-d49b1aa9b056@group-10322319CFAB-LeaderElection36] INFO  server.RaftServerConfigKeys (ConfUtils.java:logGet(44)) - raft.server.write.byte-limit = 1073741824 (custom)
2021-07-27 01:07:12,194 [09544a2e-d1be-4322-b22d-d49b1aa9b056@group-10322319CFAB-LeaderElection36] INFO  server.RaftServerConfigKeys (ConfUtils.java:logGet(44)) - raft.server.watch.timeout = 180s (custom)
2021-07-27 01:07:12,194 [09544a2e-d1be-4322-b22d-d49b1aa9b056@group-10322319CFAB-LeaderElection36] INFO  server.RaftServerConfigKeys (ConfUtils.java:logGet(44)) - raft.server.watch.timeout.denomination = 1s (default)
2021-07-27 01:07:12,194 [09544a2e-d1be-4322-b22d-d49b1aa9b056@group-10322319CFAB-LeaderElection36] INFO  server.RaftServerConfigKeys (ConfUtils.java:logGet(44)) - raft.server.watch.element-limit = 65536 (default)
2021-07-27 01:07:12,194 [09544a2e-d1be-4322-b22d-d49b1aa9b056@group-10322319CFAB-LeaderElection36] INFO  impl.RoleInfo (RoleInfo.java:updateAndGet(130)) - 09544a2e-d1be-4322-b22d-d49b1aa9b056: start 09544a2e-d1be-4322-b22d-d49b1aa9b056@group-10322319CFAB-LeaderStateImpl
2021-07-27 01:07:12,196 [09544a2e-d1be-4322-b22d-d49b1aa9b056@group-10322319CFAB-LeaderElection36] INFO  segmented.SegmentedRaftLogWorker (SegmentedRaftLogWorker.java:startLogSegment(394)) - 09544a2e-d1be-4322-b22d-d49b1aa9b056@group-10322319CFAB-SegmentedRaftLogWorker: Starting segment from index:0
2021-07-27 01:07:12,197 [EventQueue-OpenPipelineForHealthyPipelineSafeModeRule] INFO  safemode.SCMSafeModeManager (HealthyPipelineSafeModeRule.java:process(124)) - SCM in safe mode. Healthy pipelines reported count is 0, required healthy pipeline reported count is 1
2021-07-27 01:07:12,197 [09544a2e-d1be-4322-b22d-d49b1aa9b056@group-10322319CFAB-SegmentedRaftLogWorker] INFO  segmented.SegmentedRaftLogWorker (SegmentedRaftLogWorker.java:execute(601)) - 09544a2e-d1be-4322-b22d-d49b1aa9b056@group-10322319CFAB-SegmentedRaftLogWorker: created new log segment /home/runner/work/ozone/ozone/mnt/ozone/hadoop-ozone/integration-test/target/test-dir/MiniOzoneClusterImpl-16f2dd64-f1ad-4a1a-be58-d3c69d16c599/datanode-0/data/ratis/369d0a57-f444-409a-ae1a-10322319cfab/current/log_inprogress_0
2021-07-27 01:07:12,204 [09544a2e-d1be-4322-b22d-d49b1aa9b056@group-10322319CFAB-LeaderElection36] INFO  server.RaftServer$Division (ServerState.java:setRaftConf(387)) - 09544a2e-d1be-4322-b22d-d49b1aa9b056@group-10322319CFAB: set configuration 0: [09544a2e-d1be-4322-b22d-d49b1aa9b056|rpc:10.1.0.6:42003|dataStream:|priority:1], old=null
2021-07-27 01:07:12,251 [78df850f-b6e4-442f-ab73-43f51794e862@group-C5A1D46CE2EB-FollowerState] INFO  impl.FollowerState (FollowerState.java:run(134)) - 78df850f-b6e4-442f-ab73-43f51794e862@group-C5A1D46CE2EB-FollowerState: change to CANDIDATE, lastRpcElapsedTime:5054922940ns, electionTimeout:5054ms
2021-07-27 01:07:12,251 [78df850f-b6e4-442f-ab73-43f51794e862@group-C5A1D46CE2EB-FollowerState] INFO  impl.RoleInfo (RoleInfo.java:shutdownFollowerState(108)) - 78df850f-b6e4-442f-ab73-43f51794e862: shutdown 78df850f-b6e4-442f-ab73-43f51794e862@group-C5A1D46CE2EB-FollowerState
2021-07-27 01:07:12,251 [78df850f-b6e4-442f-ab73-43f51794e862@group-C5A1D46CE2EB-FollowerState] INFO  server.RaftServer$Division (RaftServerImpl.java:setRole(285)) - 78df850f-b6e4-442f-ab73-43f51794e862@group-C5A1D46CE2EB: changes role from  FOLLOWER to CANDIDATE at term 0 for changeToCandidate
2021-07-27 01:07:12,252 [78df850f-b6e4-442f-ab73-43f51794e862@group-C5A1D46CE2EB-FollowerState] INFO  server.RaftServerConfigKeys (ConfUtils.java:logGet(44)) - raft.server.leaderelection.pre-vote = false (custom)
2021-07-27 01:07:12,252 [78df850f-b6e4-442f-ab73-43f51794e862@group-C5A1D46CE2EB-FollowerState] INFO  impl.RoleInfo (RoleInfo.java:updateAndGet(130)) - 78df850f-b6e4-442f-ab73-43f51794e862: start 78df850f-b6e4-442f-ab73-43f51794e862@group-C5A1D46CE2EB-LeaderElection37
2021-07-27 01:07:12,254 [78df850f-b6e4-442f-ab73-43f51794e862@group-C5A1D46CE2EB-LeaderElection37] INFO  impl.LeaderElection (LeaderElection.java:askForVotes(306)) - 78df850f-b6e4-442f-ab73-43f51794e862@group-C5A1D46CE2EB-LeaderElection37 ELECTION round 0: submit vote requests at term 1 for -1: [78df850f-b6e4-442f-ab73-43f51794e862|rpc:10.1.0.6:39903|dataStream:|priority:0, 09544a2e-d1be-4322-b22d-d49b1aa9b056|rpc:10.1.0.6:42003|dataStream:|priority:0, add9ee20-ac1a-4d1d-a881-b847474b364b|rpc:10.1.0.6:39643|dataStream:|priority:1], old=null
2021-07-27 01:07:12,264 [grpc-default-executor-4] INFO  server.RaftServer$Division (RaftServerImpl.java:requestVote(1043)) - add9ee20-ac1a-4d1d-a881-b847474b364b@group-C5A1D46CE2EB: receive requestVote(ELECTION, 78df850f-b6e4-442f-ab73-43f51794e862, group-C5A1D46CE2EB, 1, (t:0, i:0))
2021-07-27 01:07:12,264 [grpc-default-executor-4] INFO  impl.VoteContext (VoteContext.java:log(48)) - add9ee20-ac1a-4d1d-a881-b847474b364b@group-C5A1D46CE2EB-FOLLOWER: reject ELECTION from 78df850f-b6e4-442f-ab73-43f51794e862: our priority 1 > candidate's priority 0
2021-07-27 01:07:12,264 [grpc-default-executor-4] INFO  server.RaftServer$Division (RaftServerImpl.java:setRole(285)) - add9ee20-ac1a-4d1d-a881-b847474b364b@group-C5A1D46CE2EB: changes role from  FOLLOWER to FOLLOWER at term 1 for candidate:78df850f-b6e4-442f-ab73-43f51794e862
2021-07-27 01:07:12,264 [grpc-default-executor-4] INFO  impl.RoleInfo (RoleInfo.java:shutdownFollowerState(108)) - add9ee20-ac1a-4d1d-a881-b847474b364b: shutdown add9ee20-ac1a-4d1d-a881-b847474b364b@group-C5A1D46CE2EB-FollowerState
2021-07-27 01:07:12,265 [grpc-default-executor-4] INFO  impl.RoleInfo (RoleInfo.java:updateAndGet(130)) - add9ee20-ac1a-4d1d-a881-b847474b364b: start add9ee20-ac1a-4d1d-a881-b847474b364b@group-C5A1D46CE2EB-FollowerState
2021-07-27 01:07:12,265 [add9ee20-ac1a-4d1d-a881-b847474b364b@group-C5A1D46CE2EB-FollowerState] INFO  impl.FollowerState (FollowerState.java:run(143)) - add9ee20-ac1a-4d1d-a881-b847474b364b@group-C5A1D46CE2EB-FollowerState was interrupted: {}
java.lang.InterruptedException: sleep interrupted
	at java.lang.Thread.sleep(Native Method)
	at java.lang.Thread.sleep(Thread.java:340)
	at java.util.concurrent.TimeUnit.sleep(TimeUnit.java:386)
	at org.apache.ratis.util.TimeDuration.sleep(TimeDuration.java:324)
	at org.apache.ratis.util.TimeDuration.sleep(TimeDuration.java:309)
	at org.apache.ratis.server.impl.FollowerState.run(FollowerState.java:118)
2021-07-27 01:07:12,267 [grpc-default-executor-4] INFO  server.RaftServer$Division (RaftServerImpl.java:requestVote(1075)) - add9ee20-ac1a-4d1d-a881-b847474b364b@group-C5A1D46CE2EB replies to ELECTION vote request: 78df850f-b6e4-442f-ab73-43f51794e862<-add9ee20-ac1a-4d1d-a881-b847474b364b#0:FAIL-t1. Peer's state: add9ee20-ac1a-4d1d-a881-b847474b364b@group-C5A1D46CE2EB:t1, leader=null, voted=null, raftlog=add9ee20-ac1a-4d1d-a881-b847474b364b@group-C5A1D46CE2EB-SegmentedRaftLog:OPENED:c-1,f-1,i0, conf=-1: [78df850f-b6e4-442f-ab73-43f51794e862|rpc:10.1.0.6:39903|dataStream:|priority:0, 09544a2e-d1be-4322-b22d-d49b1aa9b056|rpc:10.1.0.6:42003|dataStream:|priority:0, add9ee20-ac1a-4d1d-a881-b847474b364b|rpc:10.1.0.6:39643|dataStream:|priority:1], old=null
2021-07-27 01:07:12,269 [grpc-default-executor-4] INFO  server.RaftServer$Division (RaftServerImpl.java:requestVote(1043)) - 09544a2e-d1be-4322-b22d-d49b1aa9b056@group-C5A1D46CE2EB: receive requestVote(ELECTION, 78df850f-b6e4-442f-ab73-43f51794e862, group-C5A1D46CE2EB, 1, (t:0, i:0))
2021-07-27 01:07:12,270 [grpc-default-executor-4] INFO  impl.VoteContext (VoteContext.java:log(48)) - 09544a2e-d1be-4322-b22d-d49b1aa9b056@group-C5A1D46CE2EB-FOLLOWER: accept ELECTION from 78df850f-b6e4-442f-ab73-43f51794e862: our priority 0 <= candidate's priority 0
2021-07-27 01:07:12,270 [grpc-default-executor-4] INFO  server.RaftServer$Division (RaftServerImpl.java:setRole(285)) - 09544a2e-d1be-4322-b22d-d49b1aa9b056@group-C5A1D46CE2EB: changes role from  FOLLOWER to FOLLOWER at term 1 for candidate:78df850f-b6e4-442f-ab73-43f51794e862
2021-07-27 01:07:12,270 [grpc-default-executor-4] INFO  impl.RoleInfo (RoleInfo.java:shutdownFollowerState(108)) - 09544a2e-d1be-4322-b22d-d49b1aa9b056: shutdown 09544a2e-d1be-4322-b22d-d49b1aa9b056@group-C5A1D46CE2EB-FollowerState
2021-07-27 01:07:12,270 [grpc-default-executor-4] INFO  impl.RoleInfo (RoleInfo.java:updateAndGet(130)) - 09544a2e-d1be-4322-b22d-d49b1aa9b056: start 09544a2e-d1be-4322-b22d-d49b1aa9b056@group-C5A1D46CE2EB-FollowerState
2021-07-27 01:07:12,270 [09544a2e-d1be-4322-b22d-d49b1aa9b056@group-C5A1D46CE2EB-FollowerState] INFO  impl.FollowerState (FollowerState.java:run(143)) - 09544a2e-d1be-4322-b22d-d49b1aa9b056@group-C5A1D46CE2EB-FollowerState was interrupted: {}
java.lang.InterruptedException: sleep interrupted
	at java.lang.Thread.sleep(Native Method)
	at java.lang.Thread.sleep(Thread.java:340)
	at java.util.concurrent.TimeUnit.sleep(TimeUnit.java:386)
	at org.apache.ratis.util.TimeDuration.sleep(TimeDuration.java:324)
	at org.apache.ratis.util.TimeDuration.sleep(TimeDuration.java:309)
	at org.apache.ratis.server.impl.FollowerState.run(FollowerState.java:118)
2021-07-27 01:07:12,278 [78df850f-b6e4-442f-ab73-43f51794e862@group-C5A1D46CE2EB-LeaderElection37] INFO  impl.LeaderElection (LeaderElection.java:logAndReturn(89)) - 78df850f-b6e4-442f-ab73-43f51794e862@group-C5A1D46CE2EB-LeaderElection37: ELECTION REJECTED received 1 response(s) and 0 exception(s):
2021-07-27 01:07:12,278 [78df850f-b6e4-442f-ab73-43f51794e862@group-C5A1D46CE2EB-LeaderElection37] INFO  impl.LeaderElection (LeaderElection.java:logAndReturn(93)) -   Response 0: 78df850f-b6e4-442f-ab73-43f51794e862<-add9ee20-ac1a-4d1d-a881-b847474b364b#0:FAIL-t1
2021-07-27 01:07:12,278 [78df850f-b6e4-442f-ab73-43f51794e862@group-C5A1D46CE2EB-LeaderElection37] INFO  impl.LeaderElection (LeaderElection.java:askForVotes(308)) - 78df850f-b6e4-442f-ab73-43f51794e862@group-C5A1D46CE2EB-LeaderElection37 ELECTION round 0: result REJECTED
2021-07-27 01:07:12,278 [grpc-default-executor-4] INFO  server.RaftServer$Division (RaftServerImpl.java:requestVote(1075)) - 09544a2e-d1be-4322-b22d-d49b1aa9b056@group-C5A1D46CE2EB replies to ELECTION vote request: 78df850f-b6e4-442f-ab73-43f51794e862<-09544a2e-d1be-4322-b22d-d49b1aa9b056#0:OK-t1. Peer's state: 09544a2e-d1be-4322-b22d-d49b1aa9b056@group-C5A1D46CE2EB:t1, leader=null, voted=78df850f-b6e4-442f-ab73-43f51794e862, raftlog=09544a2e-d1be-4322-b22d-d49b1aa9b056@group-C5A1D46CE2EB-SegmentedRaftLog:OPENED:c-1,f-1,i0, conf=-1: [78df850f-b6e4-442f-ab73-43f51794e862|rpc:10.1.0.6:39903|priority:0, 09544a2e-d1be-4322-b22d-d49b1aa9b056|rpc:10.1.0.6:42003|priority:0, add9ee20-ac1a-4d1d-a881-b847474b364b|rpc:10.1.0.6:39643|priority:1], old=null
2021-07-27 01:07:12,278 [78df850f-b6e4-442f-ab73-43f51794e862@group-C5A1D46CE2EB-LeaderElection37] INFO  server.RaftServer$Division (RaftServerImpl.java:setRole(285)) - 78df850f-b6e4-442f-ab73-43f51794e862@group-C5A1D46CE2EB: changes role from CANDIDATE to FOLLOWER at term 1 for REJECTED
2021-07-27 01:07:12,278 [78df850f-b6e4-442f-ab73-43f51794e862@group-C5A1D46CE2EB-LeaderElection37] INFO  impl.RoleInfo (RoleInfo.java:shutdownLeaderElection(121)) - 78df850f-b6e4-442f-ab73-43f51794e862: shutdown 78df850f-b6e4-442f-ab73-43f51794e862@group-C5A1D46CE2EB-LeaderElection37
2021-07-27 01:07:12,279 [78df850f-b6e4-442f-ab73-43f51794e862@group-C5A1D46CE2EB-LeaderElection37] INFO  impl.RoleInfo (RoleInfo.java:updateAndGet(130)) - 78df850f-b6e4-442f-ab73-43f51794e862: start 78df850f-b6e4-442f-ab73-43f51794e862@group-C5A1D46CE2EB-FollowerState
2021-07-27 01:07:12,427 [Listener at 127.0.0.1/40495] INFO  ozone.MiniOzoneClusterImpl (MiniOzoneClusterImpl.java:lambda$waitForClusterToBeReady$0(235)) - Nodes are ready. Got 3 of 3 DN Heartbeats.
2021-07-27 01:07:12,428 [Listener at 127.0.0.1/40495] INFO  ozone.MiniOzoneClusterImpl (MiniOzoneClusterImpl.java:lambda$waitForClusterToBeReady$0(238)) - Waiting for cluster to exit safe mode
2021-07-27 01:07:12,428 [Listener at 127.0.0.1/40495] INFO  ozone.MiniOzoneClusterImpl (MiniOzoneClusterImpl.java:lambda$waitForClusterToBeReady$0(240)) - SCM became leader
2021-07-27 01:07:12,430 [09544a2e-d1be-4322-b22d-d49b1aa9b056@group-13FC57B98B14-FollowerState] INFO  impl.FollowerState (FollowerState.java:run(134)) - 09544a2e-d1be-4322-b22d-d49b1aa9b056@group-13FC57B98B14-FollowerState: change to CANDIDATE, lastRpcElapsedTime:5188864118ns, electionTimeout:5188ms
2021-07-27 01:07:12,430 [09544a2e-d1be-4322-b22d-d49b1aa9b056@group-13FC57B98B14-FollowerState] INFO  impl.RoleInfo (RoleInfo.java:shutdownFollowerState(108)) - 09544a2e-d1be-4322-b22d-d49b1aa9b056: shutdown 09544a2e-d1be-4322-b22d-d49b1aa9b056@group-13FC57B98B14-FollowerState
2021-07-27 01:07:12,430 [09544a2e-d1be-4322-b22d-d49b1aa9b056@group-13FC57B98B14-FollowerState] INFO  server.RaftServer$Division (RaftServerImpl.java:setRole(285)) - 09544a2e-d1be-4322-b22d-d49b1aa9b056@group-13FC57B98B14: changes role from  FOLLOWER to CANDIDATE at term 0 for changeToCandidate
2021-07-27 01:07:12,430 [09544a2e-d1be-4322-b22d-d49b1aa9b056@group-13FC57B98B14-FollowerState] INFO  server.RaftServerConfigKeys (ConfUtils.java:logGet(44)) - raft.server.leaderelection.pre-vote = false (custom)
2021-07-27 01:07:12,430 [09544a2e-d1be-4322-b22d-d49b1aa9b056@group-13FC57B98B14-FollowerState] INFO  impl.RoleInfo (RoleInfo.java:updateAndGet(130)) - 09544a2e-d1be-4322-b22d-d49b1aa9b056: start 09544a2e-d1be-4322-b22d-d49b1aa9b056@group-13FC57B98B14-LeaderElection38
2021-07-27 01:07:12,432 [09544a2e-d1be-4322-b22d-d49b1aa9b056@group-13FC57B98B14-LeaderElection38] INFO  impl.LeaderElection (LeaderElection.java:askForVotes(306)) - 09544a2e-d1be-4322-b22d-d49b1aa9b056@group-13FC57B98B14-LeaderElection38 ELECTION round 0: submit vote requests at term 1 for -1: [78df850f-b6e4-442f-ab73-43f51794e862|rpc:10.1.0.6:39903|priority:1, 09544a2e-d1be-4322-b22d-d49b1aa9b056|rpc:10.1.0.6:42003|priority:0, add9ee20-ac1a-4d1d-a881-b847474b364b|rpc:10.1.0.6:39643|priority:0], old=null
2021-07-27 01:07:12,437 [78df850f-b6e4-442f-ab73-43f51794e862@group-13FC57B98B14-FollowerState] INFO  impl.FollowerState (FollowerState.java:run(134)) - 78df850f-b6e4-442f-ab73-43f51794e862@group-13FC57B98B14-FollowerState: change to CANDIDATE, lastRpcElapsedTime:5123304383ns, electionTimeout:5123ms
2021-07-27 01:07:12,437 [78df850f-b6e4-442f-ab73-43f51794e862@group-13FC57B98B14-FollowerState] INFO  impl.RoleInfo (RoleInfo.java:shutdownFollowerState(108)) - 78df850f-b6e4-442f-ab73-43f51794e862: shutdown 78df850f-b6e4-442f-ab73-43f51794e862@group-13FC57B98B14-FollowerState
2021-07-27 01:07:12,438 [78df850f-b6e4-442f-ab73-43f51794e862@group-13FC57B98B14-FollowerState] INFO  server.RaftServer$Division (RaftServerImpl.java:setRole(285)) - 78df850f-b6e4-442f-ab73-43f51794e862@group-13FC57B98B14: changes role from  FOLLOWER to CANDIDATE at term 0 for changeToCandidate
2021-07-27 01:07:12,438 [78df850f-b6e4-442f-ab73-43f51794e862@group-13FC57B98B14-FollowerState] INFO  server.RaftServerConfigKeys (ConfUtils.java:logGet(44)) - raft.server.leaderelection.pre-vote = false (custom)
2021-07-27 01:07:12,438 [78df850f-b6e4-442f-ab73-43f51794e862@group-13FC57B98B14-FollowerState] INFO  impl.RoleInfo (RoleInfo.java:updateAndGet(130)) - 78df850f-b6e4-442f-ab73-43f51794e862: start 78df850f-b6e4-442f-ab73-43f51794e862@group-13FC57B98B14-LeaderElection39
2021-07-27 01:07:12,442 [grpc-default-executor-4] INFO  server.RaftServer$Division (RaftServerImpl.java:requestVote(1043)) - 78df850f-b6e4-442f-ab73-43f51794e862@group-13FC57B98B14: receive requestVote(ELECTION, 09544a2e-d1be-4322-b22d-d49b1aa9b056, group-13FC57B98B14, 1, (t:0, i:0))
2021-07-27 01:07:12,443 [grpc-default-executor-4] INFO  impl.VoteContext (VoteContext.java:log(48)) - 78df850f-b6e4-442f-ab73-43f51794e862@group-13FC57B98B14-CANDIDATE: reject ELECTION from 09544a2e-d1be-4322-b22d-d49b1aa9b056: our priority 1 > candidate's priority 0
2021-07-27 01:07:12,443 [grpc-default-executor-4] INFO  server.RaftServer$Division (RaftServerImpl.java:setRole(285)) - 78df850f-b6e4-442f-ab73-43f51794e862@group-13FC57B98B14: changes role from CANDIDATE to FOLLOWER at term 1 for candidate:09544a2e-d1be-4322-b22d-d49b1aa9b056
2021-07-27 01:07:12,443 [grpc-default-executor-4] INFO  impl.RoleInfo (RoleInfo.java:shutdownLeaderElection(121)) - 78df850f-b6e4-442f-ab73-43f51794e862: shutdown 78df850f-b6e4-442f-ab73-43f51794e862@group-13FC57B98B14-LeaderElection39
2021-07-27 01:07:12,443 [grpc-default-executor-4] INFO  impl.RoleInfo (RoleInfo.java:updateAndGet(130)) - 78df850f-b6e4-442f-ab73-43f51794e862: start 78df850f-b6e4-442f-ab73-43f51794e862@group-13FC57B98B14-FollowerState
2021-07-27 01:07:12,443 [78df850f-b6e4-442f-ab73-43f51794e862@group-13FC57B98B14-LeaderElection39] INFO  impl.LeaderElection (LeaderElection.java:run(230)) - 78df850f-b6e4-442f-ab73-43f51794e862@group-13FC57B98B14-LeaderElection39: skip running since this is already CLOSING
2021-07-27 01:07:12,448 [grpc-default-executor-3] INFO  server.RaftServer$Division (RaftServerImpl.java:requestVote(1043)) - add9ee20-ac1a-4d1d-a881-b847474b364b@group-13FC57B98B14: receive requestVote(ELECTION, 09544a2e-d1be-4322-b22d-d49b1aa9b056, group-13FC57B98B14, 1, (t:0, i:0))
2021-07-27 01:07:12,448 [grpc-default-executor-3] INFO  impl.VoteContext (VoteContext.java:log(48)) - add9ee20-ac1a-4d1d-a881-b847474b364b@group-13FC57B98B14-FOLLOWER: accept ELECTION from 09544a2e-d1be-4322-b22d-d49b1aa9b056: our priority 0 <= candidate's priority 0
2021-07-27 01:07:12,448 [grpc-default-executor-3] INFO  server.RaftServer$Division (RaftServerImpl.java:setRole(285)) - add9ee20-ac1a-4d1d-a881-b847474b364b@group-13FC57B98B14: changes role from  FOLLOWER to FOLLOWER at term 1 for candidate:09544a2e-d1be-4322-b22d-d49b1aa9b056
2021-07-27 01:07:12,448 [grpc-default-executor-3] INFO  impl.RoleInfo (RoleInfo.java:shutdownFollowerState(108)) - add9ee20-ac1a-4d1d-a881-b847474b364b: shutdown add9ee20-ac1a-4d1d-a881-b847474b364b@group-13FC57B98B14-FollowerState
2021-07-27 01:07:12,448 [grpc-default-executor-3] INFO  impl.RoleInfo (RoleInfo.java:updateAndGet(130)) - add9ee20-ac1a-4d1d-a881-b847474b364b: start add9ee20-ac1a-4d1d-a881-b847474b364b@group-13FC57B98B14-FollowerState
2021-07-27 01:07:12,448 [add9ee20-ac1a-4d1d-a881-b847474b364b@group-13FC57B98B14-FollowerState] INFO  impl.FollowerState (FollowerState.java:run(143)) - add9ee20-ac1a-4d1d-a881-b847474b364b@group-13FC57B98B14-FollowerState was interrupted: {}
java.lang.InterruptedException: sleep interrupted
	at java.lang.Thread.sleep(Native Method)
	at java.lang.Thread.sleep(Thread.java:340)
	at java.util.concurrent.TimeUnit.sleep(TimeUnit.java:386)
	at org.apache.ratis.util.TimeDuration.sleep(TimeDuration.java:324)
	at org.apache.ratis.util.TimeDuration.sleep(TimeDuration.java:309)
	at org.apache.ratis.server.impl.FollowerState.run(FollowerState.java:118)
2021-07-27 01:07:12,449 [grpc-default-executor-4] INFO  server.RaftServer$Division (RaftServerImpl.java:requestVote(1075)) - 78df850f-b6e4-442f-ab73-43f51794e862@group-13FC57B98B14 replies to ELECTION vote request: 09544a2e-d1be-4322-b22d-d49b1aa9b056<-78df850f-b6e4-442f-ab73-43f51794e862#0:FAIL-t1. Peer's state: 78df850f-b6e4-442f-ab73-43f51794e862@group-13FC57B98B14:t1, leader=null, voted=null, raftlog=78df850f-b6e4-442f-ab73-43f51794e862@group-13FC57B98B14-SegmentedRaftLog:OPENED:c-1,f-1,i0, conf=-1: [78df850f-b6e4-442f-ab73-43f51794e862|rpc:10.1.0.6:39903|dataStream:|priority:1, 09544a2e-d1be-4322-b22d-d49b1aa9b056|rpc:10.1.0.6:42003|dataStream:|priority:0, add9ee20-ac1a-4d1d-a881-b847474b364b|rpc:10.1.0.6:39643|dataStream:|priority:0], old=null
2021-07-27 01:07:12,452 [09544a2e-d1be-4322-b22d-d49b1aa9b056@group-13FC57B98B14-LeaderElection38] INFO  impl.LeaderElection (LeaderElection.java:logAndReturn(89)) - 09544a2e-d1be-4322-b22d-d49b1aa9b056@group-13FC57B98B14-LeaderElection38: ELECTION REJECTED received 1 response(s) and 0 exception(s):
2021-07-27 01:07:12,452 [09544a2e-d1be-4322-b22d-d49b1aa9b056@group-13FC57B98B14-LeaderElection38] INFO  impl.LeaderElection (LeaderElection.java:logAndReturn(93)) -   Response 0: 09544a2e-d1be-4322-b22d-d49b1aa9b056<-78df850f-b6e4-442f-ab73-43f51794e862#0:FAIL-t1
2021-07-27 01:07:12,452 [09544a2e-d1be-4322-b22d-d49b1aa9b056@group-13FC57B98B14-LeaderElection38] INFO  impl.LeaderElection (LeaderElection.java:askForVotes(308)) - 09544a2e-d1be-4322-b22d-d49b1aa9b056@group-13FC57B98B14-LeaderElection38 ELECTION round 0: result REJECTED
2021-07-27 01:07:12,452 [09544a2e-d1be-4322-b22d-d49b1aa9b056@group-13FC57B98B14-LeaderElection38] INFO  server.RaftServer$Division (RaftServerImpl.java:setRole(285)) - 09544a2e-d1be-4322-b22d-d49b1aa9b056@group-13FC57B98B14: changes role from CANDIDATE to FOLLOWER at term 1 for REJECTED
2021-07-27 01:07:12,452 [09544a2e-d1be-4322-b22d-d49b1aa9b056@group-13FC57B98B14-LeaderElection38] INFO  impl.RoleInfo (RoleInfo.java:shutdownLeaderElection(121)) - 09544a2e-d1be-4322-b22d-d49b1aa9b056: shutdown 09544a2e-d1be-4322-b22d-d49b1aa9b056@group-13FC57B98B14-LeaderElection38
2021-07-27 01:07:12,452 [09544a2e-d1be-4322-b22d-d49b1aa9b056@group-13FC57B98B14-LeaderElection38] INFO  impl.RoleInfo (RoleInfo.java:updateAndGet(130)) - 09544a2e-d1be-4322-b22d-d49b1aa9b056: start 09544a2e-d1be-4322-b22d-d49b1aa9b056@group-13FC57B98B14-FollowerState
2021-07-27 01:07:12,456 [grpc-default-executor-3] INFO  server.RaftServer$Division (RaftServerImpl.java:requestVote(1075)) - add9ee20-ac1a-4d1d-a881-b847474b364b@group-13FC57B98B14 replies to ELECTION vote request: 09544a2e-d1be-4322-b22d-d49b1aa9b056<-add9ee20-ac1a-4d1d-a881-b847474b364b#0:OK-t1. Peer's state: add9ee20-ac1a-4d1d-a881-b847474b364b@group-13FC57B98B14:t1, leader=null, voted=09544a2e-d1be-4322-b22d-d49b1aa9b056, raftlog=add9ee20-ac1a-4d1d-a881-b847474b364b@group-13FC57B98B14-SegmentedRaftLog:OPENED:c-1,f-1,i0, conf=-1: [78df850f-b6e4-442f-ab73-43f51794e862|rpc:10.1.0.6:39903|dataStream:|priority:1, 09544a2e-d1be-4322-b22d-d49b1aa9b056|rpc:10.1.0.6:42003|dataStream:|priority:0, add9ee20-ac1a-4d1d-a881-b847474b364b|rpc:10.1.0.6:39643|dataStream:|priority:0], old=null
2021-07-27 01:07:12,456 [add9ee20-ac1a-4d1d-a881-b847474b364b@group-9DC8AAE452A8-FollowerState] INFO  impl.FollowerState (FollowerState.java:run(134)) - add9ee20-ac1a-4d1d-a881-b847474b364b@group-9DC8AAE452A8-FollowerState: change to CANDIDATE, lastRpcElapsedTime:5161289475ns, electionTimeout:5157ms
2021-07-27 01:07:12,456 [add9ee20-ac1a-4d1d-a881-b847474b364b@group-9DC8AAE452A8-FollowerState] INFO  impl.RoleInfo (RoleInfo.java:shutdownFollowerState(108)) - add9ee20-ac1a-4d1d-a881-b847474b364b: shutdown add9ee20-ac1a-4d1d-a881-b847474b364b@group-9DC8AAE452A8-FollowerState
2021-07-27 01:07:12,456 [add9ee20-ac1a-4d1d-a881-b847474b364b@group-9DC8AAE452A8-FollowerState] INFO  server.RaftServer$Division (RaftServerImpl.java:setRole(285)) - add9ee20-ac1a-4d1d-a881-b847474b364b@group-9DC8AAE452A8: changes role from  FOLLOWER to CANDIDATE at term 0 for changeToCandidate
2021-07-27 01:07:12,461 [add9ee20-ac1a-4d1d-a881-b847474b364b@group-9DC8AAE452A8-FollowerState] INFO  server.RaftServerConfigKeys (ConfUtils.java:logGet(44)) - raft.server.leaderelection.pre-vote = false (custom)
2021-07-27 01:07:12,461 [add9ee20-ac1a-4d1d-a881-b847474b364b@group-9DC8AAE452A8-FollowerState] INFO  impl.RoleInfo (RoleInfo.java:updateAndGet(130)) - add9ee20-ac1a-4d1d-a881-b847474b364b: start add9ee20-ac1a-4d1d-a881-b847474b364b@group-9DC8AAE452A8-LeaderElection40
2021-07-27 01:07:12,465 [add9ee20-ac1a-4d1d-a881-b847474b364b@group-9DC8AAE452A8-LeaderElection40] INFO  impl.LeaderElection (LeaderElection.java:askForVotes(306)) - add9ee20-ac1a-4d1d-a881-b847474b364b@group-9DC8AAE452A8-LeaderElection40 ELECTION round 0: submit vote requests at term 1 for -1: [add9ee20-ac1a-4d1d-a881-b847474b364b|rpc:10.1.0.6:39643|priority:1], old=null
2021-07-27 01:07:12,465 [add9ee20-ac1a-4d1d-a881-b847474b364b@group-9DC8AAE452A8-LeaderElection40] INFO  impl.LeaderElection (LeaderElection.java:askForVotes(308)) - add9ee20-ac1a-4d1d-a881-b847474b364b@group-9DC8AAE452A8-LeaderElection40 ELECTION round 0: result PASSED (term=1)
2021-07-27 01:07:12,465 [add9ee20-ac1a-4d1d-a881-b847474b364b@group-9DC8AAE452A8-LeaderElection40] INFO  impl.RoleInfo (RoleInfo.java:shutdownLeaderElection(121)) - add9ee20-ac1a-4d1d-a881-b847474b364b: shutdown add9ee20-ac1a-4d1d-a881-b847474b364b@group-9DC8AAE452A8-LeaderElection40
2021-07-27 01:07:12,465 [add9ee20-ac1a-4d1d-a881-b847474b364b@group-9DC8AAE452A8-LeaderElection40] INFO  server.RaftServer$Division (RaftServerImpl.java:setRole(285)) - add9ee20-ac1a-4d1d-a881-b847474b364b@group-9DC8AAE452A8: changes role from CANDIDATE to LEADER at term 1 for changeToLeader
2021-07-27 01:07:12,465 [add9ee20-ac1a-4d1d-a881-b847474b364b@group-9DC8AAE452A8-LeaderElection40] INFO  ratis.XceiverServerRatis (XceiverServerRatis.java:handleLeaderChangedNotification(857)) - Leader change notification received for group: group-9DC8AAE452A8 with new leaderId: add9ee20-ac1a-4d1d-a881-b847474b364b
2021-07-27 01:07:12,466 [add9ee20-ac1a-4d1d-a881-b847474b364b@group-9DC8AAE452A8-LeaderElection40] INFO  server.RaftServer$Division (ServerState.java:setLeader(285)) - add9ee20-ac1a-4d1d-a881-b847474b364b@group-9DC8AAE452A8: change Leader from null to add9ee20-ac1a-4d1d-a881-b847474b364b at term 1 for becomeLeader, leader elected after 5179ms
2021-07-27 01:07:12,466 [add9ee20-ac1a-4d1d-a881-b847474b364b@group-9DC8AAE452A8-LeaderElection40] INFO  server.RaftServerConfigKeys (ConfUtils.java:logGet(44)) - raft.server.staging.catchup.gap = 1000 (default)
2021-07-27 01:07:12,466 [Datanode State Machine Thread - 0] WARN  statemachine.StateContext (StateContext.java:execute(621)) - No available thread in pool for past 1 seconds.
2021-07-27 01:07:12,466 [add9ee20-ac1a-4d1d-a881-b847474b364b@group-9DC8AAE452A8-LeaderElection40] INFO  server.RaftServerConfigKeys (ConfUtils.java:logGet(44)) - raft.server.write.element-limit = 1024 (custom)
2021-07-27 01:07:12,467 [EventQueue-OpenPipelineForHealthyPipelineSafeModeRule] INFO  safemode.SCMSafeModeManager (HealthyPipelineSafeModeRule.java:process(124)) - SCM in safe mode. Healthy pipelines reported count is 0, required healthy pipeline reported count is 1
2021-07-27 01:07:12,469 [add9ee20-ac1a-4d1d-a881-b847474b364b@group-9DC8AAE452A8-LeaderElection40] INFO  server.RaftServerConfigKeys (ConfUtils.java:logGet(44)) - raft.server.write.byte-limit = 1073741824 (custom)
2021-07-27 01:07:12,469 [add9ee20-ac1a-4d1d-a881-b847474b364b@group-9DC8AAE452A8-LeaderElection40] INFO  server.RaftServerConfigKeys (ConfUtils.java:logGet(44)) - raft.server.watch.timeout = 180s (custom)
2021-07-27 01:07:12,473 [add9ee20-ac1a-4d1d-a881-b847474b364b@group-9DC8AAE452A8-LeaderElection40] INFO  server.RaftServerConfigKeys (ConfUtils.java:logGet(44)) - raft.server.watch.timeout.denomination = 1s (default)
2021-07-27 01:07:12,473 [add9ee20-ac1a-4d1d-a881-b847474b364b@group-9DC8AAE452A8-LeaderElection40] INFO  server.RaftServerConfigKeys (ConfUtils.java:logGet(44)) - raft.server.watch.element-limit = 65536 (default)
2021-07-27 01:07:12,473 [add9ee20-ac1a-4d1d-a881-b847474b364b@group-9DC8AAE452A8-LeaderElection40] INFO  impl.RoleInfo (RoleInfo.java:updateAndGet(130)) - add9ee20-ac1a-4d1d-a881-b847474b364b: start add9ee20-ac1a-4d1d-a881-b847474b364b@group-9DC8AAE452A8-LeaderStateImpl
2021-07-27 01:07:12,473 [add9ee20-ac1a-4d1d-a881-b847474b364b@group-9DC8AAE452A8-LeaderElection40] INFO  segmented.SegmentedRaftLogWorker (SegmentedRaftLogWorker.java:startLogSegment(394)) - add9ee20-ac1a-4d1d-a881-b847474b364b@group-9DC8AAE452A8-SegmentedRaftLogWorker: Starting segment from index:0
2021-07-27 01:07:12,480 [add9ee20-ac1a-4d1d-a881-b847474b364b@group-9DC8AAE452A8-SegmentedRaftLogWorker] INFO  segmented.SegmentedRaftLogWorker (SegmentedRaftLogWorker.java:execute(601)) - add9ee20-ac1a-4d1d-a881-b847474b364b@group-9DC8AAE452A8-SegmentedRaftLogWorker: created new log segment /home/runner/work/ozone/ozone/mnt/ozone/hadoop-ozone/integration-test/target/test-dir/MiniOzoneClusterImpl-16f2dd64-f1ad-4a1a-be58-d3c69d16c599/datanode-1/data/ratis/63ed4410-75b1-433a-b596-9dc8aae452a8/current/log_inprogress_0
2021-07-27 01:07:12,480 [add9ee20-ac1a-4d1d-a881-b847474b364b@group-9DC8AAE452A8-LeaderElection40] INFO  server.RaftServer$Division (ServerState.java:setRaftConf(387)) - add9ee20-ac1a-4d1d-a881-b847474b364b@group-9DC8AAE452A8: set configuration 0: [add9ee20-ac1a-4d1d-a881-b847474b364b|rpc:10.1.0.6:39643|dataStream:|priority:1], old=null
2021-07-27 01:07:12,500 [78df850f-b6e4-442f-ab73-43f51794e862@group-BD3F080E74EE-FollowerState] INFO  impl.FollowerState (FollowerState.java:run(134)) - 78df850f-b6e4-442f-ab73-43f51794e862@group-BD3F080E74EE-FollowerState: change to CANDIDATE, lastRpcElapsedTime:5067593895ns, electionTimeout:5066ms
2021-07-27 01:07:12,500 [78df850f-b6e4-442f-ab73-43f51794e862@group-BD3F080E74EE-FollowerState] INFO  impl.RoleInfo (RoleInfo.java:shutdownFollowerState(108)) - 78df850f-b6e4-442f-ab73-43f51794e862: shutdown 78df850f-b6e4-442f-ab73-43f51794e862@group-BD3F080E74EE-FollowerState
2021-07-27 01:07:12,500 [78df850f-b6e4-442f-ab73-43f51794e862@group-BD3F080E74EE-FollowerState] INFO  server.RaftServer$Division (RaftServerImpl.java:setRole(285)) - 78df850f-b6e4-442f-ab73-43f51794e862@group-BD3F080E74EE: changes role from  FOLLOWER to CANDIDATE at term 0 for changeToCandidate
2021-07-27 01:07:12,500 [78df850f-b6e4-442f-ab73-43f51794e862@group-BD3F080E74EE-FollowerState] INFO  server.RaftServerConfigKeys (ConfUtils.java:logGet(44)) - raft.server.leaderelection.pre-vote = false (custom)
2021-07-27 01:07:12,500 [78df850f-b6e4-442f-ab73-43f51794e862@group-BD3F080E74EE-FollowerState] INFO  impl.RoleInfo (RoleInfo.java:updateAndGet(130)) - 78df850f-b6e4-442f-ab73-43f51794e862: start 78df850f-b6e4-442f-ab73-43f51794e862@group-BD3F080E74EE-LeaderElection41
2021-07-27 01:07:12,502 [78df850f-b6e4-442f-ab73-43f51794e862@group-BD3F080E74EE-LeaderElection41] INFO  impl.LeaderElection (LeaderElection.java:askForVotes(306)) - 78df850f-b6e4-442f-ab73-43f51794e862@group-BD3F080E74EE-LeaderElection41 ELECTION round 0: submit vote requests at term 1 for -1: [78df850f-b6e4-442f-ab73-43f51794e862|rpc:10.1.0.6:39903|priority:1], old=null
2021-07-27 01:07:12,502 [78df850f-b6e4-442f-ab73-43f51794e862@group-BD3F080E74EE-LeaderElection41] INFO  impl.LeaderElection (LeaderElection.java:askForVotes(308)) - 78df850f-b6e4-442f-ab73-43f51794e862@group-BD3F080E74EE-LeaderElection41 ELECTION round 0: result PASSED (term=1)
2021-07-27 01:07:12,502 [78df850f-b6e4-442f-ab73-43f51794e862@group-BD3F080E74EE-LeaderElection41] INFO  impl.RoleInfo (RoleInfo.java:shutdownLeaderElection(121)) - 78df850f-b6e4-442f-ab73-43f51794e862: shutdown 78df850f-b6e4-442f-ab73-43f51794e862@group-BD3F080E74EE-LeaderElection41
2021-07-27 01:07:12,502 [78df850f-b6e4-442f-ab73-43f51794e862@group-BD3F080E74EE-LeaderElection41] INFO  server.RaftServer$Division (RaftServerImpl.java:setRole(285)) - 78df850f-b6e4-442f-ab73-43f51794e862@group-BD3F080E74EE: changes role from CANDIDATE to LEADER at term 1 for changeToLeader
2021-07-27 01:07:12,502 [78df850f-b6e4-442f-ab73-43f51794e862@group-BD3F080E74EE-LeaderElection41] INFO  ratis.XceiverServerRatis (XceiverServerRatis.java:handleLeaderChangedNotification(857)) - Leader change notification received for group: group-BD3F080E74EE with new leaderId: 78df850f-b6e4-442f-ab73-43f51794e862
2021-07-27 01:07:12,502 [78df850f-b6e4-442f-ab73-43f51794e862@group-BD3F080E74EE-LeaderElection41] INFO  server.RaftServer$Division (ServerState.java:setLeader(285)) - 78df850f-b6e4-442f-ab73-43f51794e862@group-BD3F080E74EE: change Leader from null to 78df850f-b6e4-442f-ab73-43f51794e862 at term 1 for becomeLeader, leader elected after 5074ms
2021-07-27 01:07:12,502 [78df850f-b6e4-442f-ab73-43f51794e862@group-BD3F080E74EE-LeaderElection41] INFO  server.RaftServerConfigKeys (ConfUtils.java:logGet(44)) - raft.server.staging.catchup.gap = 1000 (default)
2021-07-27 01:07:12,503 [Datanode State Machine Thread - 0] WARN  statemachine.StateContext (StateContext.java:execute(621)) - No available thread in pool for past 1 seconds.
2021-07-27 01:07:12,503 [78df850f-b6e4-442f-ab73-43f51794e862@group-BD3F080E74EE-LeaderElection41] INFO  server.RaftServerConfigKeys (ConfUtils.java:logGet(44)) - raft.server.write.element-limit = 1024 (custom)
2021-07-27 01:07:12,503 [78df850f-b6e4-442f-ab73-43f51794e862@group-BD3F080E74EE-LeaderElection41] INFO  server.RaftServerConfigKeys (ConfUtils.java:logGet(44)) - raft.server.write.byte-limit = 1073741824 (custom)
2021-07-27 01:07:12,505 [78df850f-b6e4-442f-ab73-43f51794e862@group-BD3F080E74EE-LeaderElection41] INFO  server.RaftServerConfigKeys (ConfUtils.java:logGet(44)) - raft.server.watch.timeout = 180s (custom)
2021-07-27 01:07:12,505 [78df850f-b6e4-442f-ab73-43f51794e862@group-BD3F080E74EE-LeaderElection41] INFO  server.RaftServerConfigKeys (ConfUtils.java:logGet(44)) - raft.server.watch.timeout.denomination = 1s (default)
2021-07-27 01:07:12,505 [78df850f-b6e4-442f-ab73-43f51794e862@group-BD3F080E74EE-LeaderElection41] INFO  server.RaftServerConfigKeys (ConfUtils.java:logGet(44)) - raft.server.watch.element-limit = 65536 (default)
2021-07-27 01:07:12,505 [78df850f-b6e4-442f-ab73-43f51794e862@group-BD3F080E74EE-LeaderElection41] INFO  impl.RoleInfo (RoleInfo.java:updateAndGet(130)) - 78df850f-b6e4-442f-ab73-43f51794e862: start 78df850f-b6e4-442f-ab73-43f51794e862@group-BD3F080E74EE-LeaderStateImpl
2021-07-27 01:07:12,505 [EventQueue-OpenPipelineForHealthyPipelineSafeModeRule] INFO  safemode.SCMSafeModeManager (HealthyPipelineSafeModeRule.java:process(124)) - SCM in safe mode. Healthy pipelines reported count is 0, required healthy pipeline reported count is 1
2021-07-27 01:07:12,505 [78df850f-b6e4-442f-ab73-43f51794e862@group-BD3F080E74EE-LeaderElection41] INFO  segmented.SegmentedRaftLogWorker (SegmentedRaftLogWorker.java:startLogSegment(394)) - 78df850f-b6e4-442f-ab73-43f51794e862@group-BD3F080E74EE-SegmentedRaftLogWorker: Starting segment from index:0
2021-07-27 01:07:12,507 [78df850f-b6e4-442f-ab73-43f51794e862@group-BD3F080E74EE-LeaderElection41] INFO  server.RaftServer$Division (ServerState.java:setRaftConf(387)) - 78df850f-b6e4-442f-ab73-43f51794e862@group-BD3F080E74EE: set configuration 0: [78df850f-b6e4-442f-ab73-43f51794e862|rpc:10.1.0.6:39903|dataStream:|priority:1], old=null
2021-07-27 01:07:12,507 [78df850f-b6e4-442f-ab73-43f51794e862@group-BD3F080E74EE-SegmentedRaftLogWorker] INFO  segmented.SegmentedRaftLogWorker (SegmentedRaftLogWorker.java:execute(601)) - 78df850f-b6e4-442f-ab73-43f51794e862@group-BD3F080E74EE-SegmentedRaftLogWorker: created new log segment /home/runner/work/ozone/ozone/mnt/ozone/hadoop-ozone/integration-test/target/test-dir/MiniOzoneClusterImpl-16f2dd64-f1ad-4a1a-be58-d3c69d16c599/datanode-2/data/ratis/66ac7ade-78a1-4dde-a6ce-bd3f080e74ee/current/log_inprogress_0
2021-07-27 01:07:13,428 [Listener at 127.0.0.1/40495] INFO  ozone.MiniOzoneClusterImpl (MiniOzoneClusterImpl.java:lambda$waitForClusterToBeReady$0(235)) - Nodes are ready. Got 3 of 3 DN Heartbeats.
2021-07-27 01:07:13,428 [Listener at 127.0.0.1/40495] INFO  ozone.MiniOzoneClusterImpl (MiniOzoneClusterImpl.java:lambda$waitForClusterToBeReady$0(238)) - Waiting for cluster to exit safe mode
2021-07-27 01:07:13,428 [Listener at 127.0.0.1/40495] INFO  ozone.MiniOzoneClusterImpl (MiniOzoneClusterImpl.java:lambda$waitForClusterToBeReady$0(240)) - SCM became leader
2021-07-27 01:07:14,428 [Listener at 127.0.0.1/40495] INFO  ozone.MiniOzoneClusterImpl (MiniOzoneClusterImpl.java:lambda$waitForClusterToBeReady$0(235)) - Nodes are ready. Got 3 of 3 DN Heartbeats.
2021-07-27 01:07:14,429 [Listener at 127.0.0.1/40495] INFO  ozone.MiniOzoneClusterImpl (MiniOzoneClusterImpl.java:lambda$waitForClusterToBeReady$0(238)) - Waiting for cluster to exit safe mode
2021-07-27 01:07:14,429 [Listener at 127.0.0.1/40495] INFO  ozone.MiniOzoneClusterImpl (MiniOzoneClusterImpl.java:lambda$waitForClusterToBeReady$0(240)) - SCM became leader
2021-07-27 01:07:15,429 [Listener at 127.0.0.1/40495] INFO  ozone.MiniOzoneClusterImpl (MiniOzoneClusterImpl.java:lambda$waitForClusterToBeReady$0(235)) - Nodes are ready. Got 3 of 3 DN Heartbeats.
2021-07-27 01:07:15,429 [Listener at 127.0.0.1/40495] INFO  ozone.MiniOzoneClusterImpl (MiniOzoneClusterImpl.java:lambda$waitForClusterToBeReady$0(238)) - Waiting for cluster to exit safe mode
2021-07-27 01:07:15,429 [Listener at 127.0.0.1/40495] INFO  ozone.MiniOzoneClusterImpl (MiniOzoneClusterImpl.java:lambda$waitForClusterToBeReady$0(240)) - SCM became leader
2021-07-27 01:07:16,429 [Listener at 127.0.0.1/40495] INFO  ozone.MiniOzoneClusterImpl (MiniOzoneClusterImpl.java:lambda$waitForClusterToBeReady$0(235)) - Nodes are ready. Got 3 of 3 DN Heartbeats.
2021-07-27 01:07:16,430 [Listener at 127.0.0.1/40495] INFO  ozone.MiniOzoneClusterImpl (MiniOzoneClusterImpl.java:lambda$waitForClusterToBeReady$0(238)) - Waiting for cluster to exit safe mode
2021-07-27 01:07:16,430 [Listener at 127.0.0.1/40495] INFO  ozone.MiniOzoneClusterImpl (MiniOzoneClusterImpl.java:lambda$waitForClusterToBeReady$0(240)) - SCM became leader
2021-07-27 01:07:17,335 [78df850f-b6e4-442f-ab73-43f51794e862@group-C5A1D46CE2EB-FollowerState] INFO  impl.FollowerState (FollowerState.java:run(134)) - 78df850f-b6e4-442f-ab73-43f51794e862@group-C5A1D46CE2EB-FollowerState: change to CANDIDATE, lastRpcElapsedTime:5056655076ns, electionTimeout:5053ms
2021-07-27 01:07:17,335 [78df850f-b6e4-442f-ab73-43f51794e862@group-C5A1D46CE2EB-FollowerState] INFO  impl.RoleInfo (RoleInfo.java:shutdownFollowerState(108)) - 78df850f-b6e4-442f-ab73-43f51794e862: shutdown 78df850f-b6e4-442f-ab73-43f51794e862@group-C5A1D46CE2EB-FollowerState
2021-07-27 01:07:17,335 [78df850f-b6e4-442f-ab73-43f51794e862@group-C5A1D46CE2EB-FollowerState] INFO  server.RaftServer$Division (RaftServerImpl.java:setRole(285)) - 78df850f-b6e4-442f-ab73-43f51794e862@group-C5A1D46CE2EB: changes role from  FOLLOWER to CANDIDATE at term 1 for changeToCandidate
2021-07-27 01:07:17,336 [78df850f-b6e4-442f-ab73-43f51794e862@group-C5A1D46CE2EB-FollowerState] INFO  server.RaftServerConfigKeys (ConfUtils.java:logGet(44)) - raft.server.leaderelection.pre-vote = false (custom)
2021-07-27 01:07:17,336 [78df850f-b6e4-442f-ab73-43f51794e862@group-C5A1D46CE2EB-FollowerState] INFO  impl.RoleInfo (RoleInfo.java:updateAndGet(130)) - 78df850f-b6e4-442f-ab73-43f51794e862: start 78df850f-b6e4-442f-ab73-43f51794e862@group-C5A1D46CE2EB-LeaderElection42
2021-07-27 01:07:17,338 [09544a2e-d1be-4322-b22d-d49b1aa9b056@group-C5A1D46CE2EB-FollowerState] INFO  impl.FollowerState (FollowerState.java:run(134)) - 09544a2e-d1be-4322-b22d-d49b1aa9b056@group-C5A1D46CE2EB-FollowerState: change to CANDIDATE, lastRpcElapsedTime:5059474991ns, electionTimeout:5058ms
2021-07-27 01:07:17,338 [09544a2e-d1be-4322-b22d-d49b1aa9b056@group-C5A1D46CE2EB-FollowerState] INFO  impl.RoleInfo (RoleInfo.java:shutdownFollowerState(108)) - 09544a2e-d1be-4322-b22d-d49b1aa9b056: shutdown 09544a2e-d1be-4322-b22d-d49b1aa9b056@group-C5A1D46CE2EB-FollowerState
2021-07-27 01:07:17,338 [09544a2e-d1be-4322-b22d-d49b1aa9b056@group-C5A1D46CE2EB-FollowerState] INFO  server.RaftServer$Division (RaftServerImpl.java:setRole(285)) - 09544a2e-d1be-4322-b22d-d49b1aa9b056@group-C5A1D46CE2EB: changes role from  FOLLOWER to CANDIDATE at term 1 for changeToCandidate
2021-07-27 01:07:17,338 [09544a2e-d1be-4322-b22d-d49b1aa9b056@group-C5A1D46CE2EB-FollowerState] INFO  server.RaftServerConfigKeys (ConfUtils.java:logGet(44)) - raft.server.leaderelection.pre-vote = false (custom)
2021-07-27 01:07:17,338 [09544a2e-d1be-4322-b22d-d49b1aa9b056@group-C5A1D46CE2EB-FollowerState] INFO  impl.RoleInfo (RoleInfo.java:updateAndGet(130)) - 09544a2e-d1be-4322-b22d-d49b1aa9b056: start 09544a2e-d1be-4322-b22d-d49b1aa9b056@group-C5A1D46CE2EB-LeaderElection43
2021-07-27 01:07:17,338 [78df850f-b6e4-442f-ab73-43f51794e862@group-C5A1D46CE2EB-LeaderElection42] INFO  impl.LeaderElection (LeaderElection.java:askForVotes(306)) - 78df850f-b6e4-442f-ab73-43f51794e862@group-C5A1D46CE2EB-LeaderElection42 ELECTION round 0: submit vote requests at term 2 for -1: [78df850f-b6e4-442f-ab73-43f51794e862|rpc:10.1.0.6:39903|dataStream:|priority:0, 09544a2e-d1be-4322-b22d-d49b1aa9b056|rpc:10.1.0.6:42003|dataStream:|priority:0, add9ee20-ac1a-4d1d-a881-b847474b364b|rpc:10.1.0.6:39643|dataStream:|priority:1], old=null
2021-07-27 01:07:17,344 [09544a2e-d1be-4322-b22d-d49b1aa9b056@group-C5A1D46CE2EB-LeaderElection43] INFO  impl.LeaderElection (LeaderElection.java:askForVotes(306)) - 09544a2e-d1be-4322-b22d-d49b1aa9b056@group-C5A1D46CE2EB-LeaderElection43 ELECTION round 0: submit vote requests at term 2 for -1: [78df850f-b6e4-442f-ab73-43f51794e862|rpc:10.1.0.6:39903|priority:0, 09544a2e-d1be-4322-b22d-d49b1aa9b056|rpc:10.1.0.6:42003|priority:0, add9ee20-ac1a-4d1d-a881-b847474b364b|rpc:10.1.0.6:39643|priority:1], old=null
2021-07-27 01:07:17,347 [grpc-default-executor-4] INFO  server.RaftServer$Division (RaftServerImpl.java:requestVote(1043)) - add9ee20-ac1a-4d1d-a881-b847474b364b@group-C5A1D46CE2EB: receive requestVote(ELECTION, 78df850f-b6e4-442f-ab73-43f51794e862, group-C5A1D46CE2EB, 2, (t:0, i:0))
2021-07-27 01:07:17,348 [grpc-default-executor-4] INFO  impl.VoteContext (VoteContext.java:log(48)) - add9ee20-ac1a-4d1d-a881-b847474b364b@group-C5A1D46CE2EB-FOLLOWER: reject ELECTION from 78df850f-b6e4-442f-ab73-43f51794e862: our priority 1 > candidate's priority 0
2021-07-27 01:07:17,348 [grpc-default-executor-4] INFO  server.RaftServer$Division (RaftServerImpl.java:setRole(285)) - add9ee20-ac1a-4d1d-a881-b847474b364b@group-C5A1D46CE2EB: changes role from  FOLLOWER to FOLLOWER at term 2 for candidate:78df850f-b6e4-442f-ab73-43f51794e862
2021-07-27 01:07:17,348 [grpc-default-executor-4] INFO  impl.RoleInfo (RoleInfo.java:shutdownFollowerState(108)) - add9ee20-ac1a-4d1d-a881-b847474b364b: shutdown add9ee20-ac1a-4d1d-a881-b847474b364b@group-C5A1D46CE2EB-FollowerState
2021-07-27 01:07:17,348 [grpc-default-executor-4] INFO  impl.RoleInfo (RoleInfo.java:updateAndGet(130)) - add9ee20-ac1a-4d1d-a881-b847474b364b: start add9ee20-ac1a-4d1d-a881-b847474b364b@group-C5A1D46CE2EB-FollowerState
2021-07-27 01:07:17,349 [add9ee20-ac1a-4d1d-a881-b847474b364b@group-C5A1D46CE2EB-FollowerState] INFO  impl.FollowerState (FollowerState.java:run(143)) - add9ee20-ac1a-4d1d-a881-b847474b364b@group-C5A1D46CE2EB-FollowerState was interrupted: {}
java.lang.InterruptedException: sleep interrupted
	at java.lang.Thread.sleep(Native Method)
	at java.lang.Thread.sleep(Thread.java:340)
	at java.util.concurrent.TimeUnit.sleep(TimeUnit.java:386)
	at org.apache.ratis.util.TimeDuration.sleep(TimeDuration.java:324)
	at org.apache.ratis.util.TimeDuration.sleep(TimeDuration.java:309)
	at org.apache.ratis.server.impl.FollowerState.run(FollowerState.java:118)
2021-07-27 01:07:17,350 [grpc-default-executor-3] INFO  server.RaftServer$Division (RaftServerImpl.java:requestVote(1043)) - 09544a2e-d1be-4322-b22d-d49b1aa9b056@group-C5A1D46CE2EB: receive requestVote(ELECTION, 78df850f-b6e4-442f-ab73-43f51794e862, group-C5A1D46CE2EB, 2, (t:0, i:0))
2021-07-27 01:07:17,350 [grpc-default-executor-3] INFO  impl.VoteContext (VoteContext.java:log(48)) - 09544a2e-d1be-4322-b22d-d49b1aa9b056@group-C5A1D46CE2EB-CANDIDATE: reject ELECTION from 78df850f-b6e4-442f-ab73-43f51794e862: already has voted for 09544a2e-d1be-4322-b22d-d49b1aa9b056 at current term 2
2021-07-27 01:07:17,350 [grpc-default-executor-4] INFO  server.RaftServer$Division (RaftServerImpl.java:requestVote(1075)) - add9ee20-ac1a-4d1d-a881-b847474b364b@group-C5A1D46CE2EB replies to ELECTION vote request: 78df850f-b6e4-442f-ab73-43f51794e862<-add9ee20-ac1a-4d1d-a881-b847474b364b#0:FAIL-t2. Peer's state: add9ee20-ac1a-4d1d-a881-b847474b364b@group-C5A1D46CE2EB:t2, leader=null, voted=null, raftlog=add9ee20-ac1a-4d1d-a881-b847474b364b@group-C5A1D46CE2EB-SegmentedRaftLog:OPENED:c-1,f-1,i0, conf=-1: [78df850f-b6e4-442f-ab73-43f51794e862|rpc:10.1.0.6:39903|dataStream:|priority:0, 09544a2e-d1be-4322-b22d-d49b1aa9b056|rpc:10.1.0.6:42003|dataStream:|priority:0, add9ee20-ac1a-4d1d-a881-b847474b364b|rpc:10.1.0.6:39643|dataStream:|priority:1], old=null
2021-07-27 01:07:17,351 [grpc-default-executor-3] INFO  server.RaftServer$Division (RaftServerImpl.java:requestVote(1075)) - 09544a2e-d1be-4322-b22d-d49b1aa9b056@group-C5A1D46CE2EB replies to ELECTION vote request: 78df850f-b6e4-442f-ab73-43f51794e862<-09544a2e-d1be-4322-b22d-d49b1aa9b056#0:FAIL-t2. Peer's state: 09544a2e-d1be-4322-b22d-d49b1aa9b056@group-C5A1D46CE2EB:t2, leader=null, voted=09544a2e-d1be-4322-b22d-d49b1aa9b056, raftlog=09544a2e-d1be-4322-b22d-d49b1aa9b056@group-C5A1D46CE2EB-SegmentedRaftLog:OPENED:c-1,f-1,i0, conf=-1: [78df850f-b6e4-442f-ab73-43f51794e862|rpc:10.1.0.6:39903|priority:0, 09544a2e-d1be-4322-b22d-d49b1aa9b056|rpc:10.1.0.6:42003|priority:0, add9ee20-ac1a-4d1d-a881-b847474b364b|rpc:10.1.0.6:39643|priority:1], old=null
2021-07-27 01:07:17,352 [grpc-default-executor-3] INFO  server.RaftServer$Division (RaftServerImpl.java:requestVote(1043)) - 78df850f-b6e4-442f-ab73-43f51794e862@group-C5A1D46CE2EB: receive requestVote(ELECTION, 09544a2e-d1be-4322-b22d-d49b1aa9b056, group-C5A1D46CE2EB, 2, (t:0, i:0))
2021-07-27 01:07:17,352 [grpc-default-executor-3] INFO  impl.VoteContext (VoteContext.java:log(48)) - 78df850f-b6e4-442f-ab73-43f51794e862@group-C5A1D46CE2EB-CANDIDATE: reject ELECTION from 09544a2e-d1be-4322-b22d-d49b1aa9b056: already has voted for 78df850f-b6e4-442f-ab73-43f51794e862 at current term 2
2021-07-27 01:07:17,352 [grpc-default-executor-3] INFO  server.RaftServer$Division (RaftServerImpl.java:requestVote(1075)) - 78df850f-b6e4-442f-ab73-43f51794e862@group-C5A1D46CE2EB replies to ELECTION vote request: 09544a2e-d1be-4322-b22d-d49b1aa9b056<-78df850f-b6e4-442f-ab73-43f51794e862#0:FAIL-t2. Peer's state: 78df850f-b6e4-442f-ab73-43f51794e862@group-C5A1D46CE2EB:t2, leader=null, voted=78df850f-b6e4-442f-ab73-43f51794e862, raftlog=78df850f-b6e4-442f-ab73-43f51794e862@group-C5A1D46CE2EB-SegmentedRaftLog:OPENED:c-1,f-1,i0, conf=-1: [78df850f-b6e4-442f-ab73-43f51794e862|rpc:10.1.0.6:39903|dataStream:|priority:0, 09544a2e-d1be-4322-b22d-d49b1aa9b056|rpc:10.1.0.6:42003|dataStream:|priority:0, add9ee20-ac1a-4d1d-a881-b847474b364b|rpc:10.1.0.6:39643|dataStream:|priority:1], old=null
2021-07-27 01:07:17,353 [78df850f-b6e4-442f-ab73-43f51794e862@group-C5A1D46CE2EB-LeaderElection42] INFO  impl.LeaderElection (LeaderElection.java:logAndReturn(89)) - 78df850f-b6e4-442f-ab73-43f51794e862@group-C5A1D46CE2EB-LeaderElection42: ELECTION REJECTED received 1 response(s) and 0 exception(s):
2021-07-27 01:07:17,353 [78df850f-b6e4-442f-ab73-43f51794e862@group-C5A1D46CE2EB-LeaderElection42] INFO  impl.LeaderElection (LeaderElection.java:logAndReturn(93)) -   Response 0: 78df850f-b6e4-442f-ab73-43f51794e862<-add9ee20-ac1a-4d1d-a881-b847474b364b#0:FAIL-t2
2021-07-27 01:07:17,353 [78df850f-b6e4-442f-ab73-43f51794e862@group-C5A1D46CE2EB-LeaderElection42] INFO  impl.LeaderElection (LeaderElection.java:askForVotes(308)) - 78df850f-b6e4-442f-ab73-43f51794e862@group-C5A1D46CE2EB-LeaderElection42 ELECTION round 0: result REJECTED
2021-07-27 01:07:17,354 [78df850f-b6e4-442f-ab73-43f51794e862@group-C5A1D46CE2EB-LeaderElection42] INFO  server.RaftServer$Division (RaftServerImpl.java:setRole(285)) - 78df850f-b6e4-442f-ab73-43f51794e862@group-C5A1D46CE2EB: changes role from CANDIDATE to FOLLOWER at term 2 for REJECTED
2021-07-27 01:07:17,354 [78df850f-b6e4-442f-ab73-43f51794e862@group-C5A1D46CE2EB-LeaderElection42] INFO  impl.RoleInfo (RoleInfo.java:shutdownLeaderElection(121)) - 78df850f-b6e4-442f-ab73-43f51794e862: shutdown 78df850f-b6e4-442f-ab73-43f51794e862@group-C5A1D46CE2EB-LeaderElection42
2021-07-27 01:07:17,354 [78df850f-b6e4-442f-ab73-43f51794e862@group-C5A1D46CE2EB-LeaderElection42] INFO  impl.RoleInfo (RoleInfo.java:updateAndGet(130)) - 78df850f-b6e4-442f-ab73-43f51794e862: start 78df850f-b6e4-442f-ab73-43f51794e862@group-C5A1D46CE2EB-FollowerState
2021-07-27 01:07:17,360 [grpc-default-executor-5] INFO  server.RaftServer$Division (RaftServerImpl.java:requestVote(1043)) - add9ee20-ac1a-4d1d-a881-b847474b364b@group-C5A1D46CE2EB: receive requestVote(ELECTION, 09544a2e-d1be-4322-b22d-d49b1aa9b056, group-C5A1D46CE2EB, 2, (t:0, i:0))
2021-07-27 01:07:17,366 [grpc-default-executor-5] INFO  impl.VoteContext (VoteContext.java:log(48)) - add9ee20-ac1a-4d1d-a881-b847474b364b@group-C5A1D46CE2EB-FOLLOWER: reject ELECTION from 09544a2e-d1be-4322-b22d-d49b1aa9b056: our priority 1 > candidate's priority 0
2021-07-27 01:07:17,366 [grpc-default-executor-5] INFO  server.RaftServer$Division (RaftServerImpl.java:setRole(285)) - add9ee20-ac1a-4d1d-a881-b847474b364b@group-C5A1D46CE2EB: changes role from  FOLLOWER to FOLLOWER at term 2 for candidate:09544a2e-d1be-4322-b22d-d49b1aa9b056
2021-07-27 01:07:17,366 [grpc-default-executor-5] INFO  impl.RoleInfo (RoleInfo.java:shutdownFollowerState(108)) - add9ee20-ac1a-4d1d-a881-b847474b364b: shutdown add9ee20-ac1a-4d1d-a881-b847474b364b@group-C5A1D46CE2EB-FollowerState
2021-07-27 01:07:17,366 [add9ee20-ac1a-4d1d-a881-b847474b364b@group-C5A1D46CE2EB-FollowerState] INFO  impl.FollowerState (FollowerState.java:run(143)) - add9ee20-ac1a-4d1d-a881-b847474b364b@group-C5A1D46CE2EB-FollowerState was interrupted: {}
java.lang.InterruptedException: sleep interrupted
	at java.lang.Thread.sleep(Native Method)
	at java.lang.Thread.sleep(Thread.java:340)
	at java.util.concurrent.TimeUnit.sleep(TimeUnit.java:386)
	at org.apache.ratis.util.TimeDuration.sleep(TimeDuration.java:324)
	at org.apache.ratis.util.TimeDuration.sleep(TimeDuration.java:309)
	at org.apache.ratis.server.impl.FollowerState.run(FollowerState.java:118)
2021-07-27 01:07:17,366 [grpc-default-executor-5] INFO  impl.RoleInfo (RoleInfo.java:updateAndGet(130)) - add9ee20-ac1a-4d1d-a881-b847474b364b: start add9ee20-ac1a-4d1d-a881-b847474b364b@group-C5A1D46CE2EB-FollowerState
2021-07-27 01:07:17,366 [grpc-default-executor-5] INFO  server.RaftServer$Division (RaftServerImpl.java:requestVote(1075)) - add9ee20-ac1a-4d1d-a881-b847474b364b@group-C5A1D46CE2EB replies to ELECTION vote request: 09544a2e-d1be-4322-b22d-d49b1aa9b056<-add9ee20-ac1a-4d1d-a881-b847474b364b#0:FAIL-t2. Peer's state: add9ee20-ac1a-4d1d-a881-b847474b364b@group-C5A1D46CE2EB:t2, leader=null, voted=null, raftlog=add9ee20-ac1a-4d1d-a881-b847474b364b@group-C5A1D46CE2EB-SegmentedRaftLog:OPENED:c-1,f-1,i0, conf=-1: [78df850f-b6e4-442f-ab73-43f51794e862|rpc:10.1.0.6:39903|dataStream:|priority:0, 09544a2e-d1be-4322-b22d-d49b1aa9b056|rpc:10.1.0.6:42003|dataStream:|priority:0, add9ee20-ac1a-4d1d-a881-b847474b364b|rpc:10.1.0.6:39643|dataStream:|priority:1], old=null
2021-07-27 01:07:17,367 [09544a2e-d1be-4322-b22d-d49b1aa9b056@group-C5A1D46CE2EB-LeaderElection43] INFO  impl.LeaderElection (LeaderElection.java:logAndReturn(89)) - 09544a2e-d1be-4322-b22d-d49b1aa9b056@group-C5A1D46CE2EB-LeaderElection43: ELECTION REJECTED received 2 response(s) and 0 exception(s):
2021-07-27 01:07:17,367 [09544a2e-d1be-4322-b22d-d49b1aa9b056@group-C5A1D46CE2EB-LeaderElection43] INFO  impl.LeaderElection (LeaderElection.java:logAndReturn(93)) -   Response 0: 09544a2e-d1be-4322-b22d-d49b1aa9b056<-78df850f-b6e4-442f-ab73-43f51794e862#0:FAIL-t2
2021-07-27 01:07:17,368 [09544a2e-d1be-4322-b22d-d49b1aa9b056@group-C5A1D46CE2EB-LeaderElection43] INFO  impl.LeaderElection (LeaderElection.java:logAndReturn(93)) -   Response 1: 09544a2e-d1be-4322-b22d-d49b1aa9b056<-add9ee20-ac1a-4d1d-a881-b847474b364b#0:FAIL-t2
2021-07-27 01:07:17,368 [09544a2e-d1be-4322-b22d-d49b1aa9b056@group-C5A1D46CE2EB-LeaderElection43] INFO  impl.LeaderElection (LeaderElection.java:askForVotes(308)) - 09544a2e-d1be-4322-b22d-d49b1aa9b056@group-C5A1D46CE2EB-LeaderElection43 ELECTION round 0: result REJECTED
2021-07-27 01:07:17,368 [09544a2e-d1be-4322-b22d-d49b1aa9b056@group-C5A1D46CE2EB-LeaderElection43] INFO  server.RaftServer$Division (RaftServerImpl.java:setRole(285)) - 09544a2e-d1be-4322-b22d-d49b1aa9b056@group-C5A1D46CE2EB: changes role from CANDIDATE to FOLLOWER at term 2 for REJECTED
2021-07-27 01:07:17,368 [09544a2e-d1be-4322-b22d-d49b1aa9b056@group-C5A1D46CE2EB-LeaderElection43] INFO  impl.RoleInfo (RoleInfo.java:shutdownLeaderElection(121)) - 09544a2e-d1be-4322-b22d-d49b1aa9b056: shutdown 09544a2e-d1be-4322-b22d-d49b1aa9b056@group-C5A1D46CE2EB-LeaderElection43
2021-07-27 01:07:17,368 [09544a2e-d1be-4322-b22d-d49b1aa9b056@group-C5A1D46CE2EB-LeaderElection43] INFO  impl.RoleInfo (RoleInfo.java:updateAndGet(130)) - 09544a2e-d1be-4322-b22d-d49b1aa9b056: start 09544a2e-d1be-4322-b22d-d49b1aa9b056@group-C5A1D46CE2EB-FollowerState
2021-07-27 01:07:17,430 [Listener at 127.0.0.1/40495] INFO  ozone.MiniOzoneClusterImpl (MiniOzoneClusterImpl.java:lambda$waitForClusterToBeReady$0(235)) - Nodes are ready. Got 3 of 3 DN Heartbeats.
2021-07-27 01:07:17,430 [Listener at 127.0.0.1/40495] INFO  ozone.MiniOzoneClusterImpl (MiniOzoneClusterImpl.java:lambda$waitForClusterToBeReady$0(238)) - Waiting for cluster to exit safe mode
2021-07-27 01:07:17,430 [Listener at 127.0.0.1/40495] INFO  ozone.MiniOzoneClusterImpl (MiniOzoneClusterImpl.java:lambda$waitForClusterToBeReady$0(240)) - SCM became leader
2021-07-27 01:07:17,466 [09544a2e-d1be-4322-b22d-d49b1aa9b056@group-13FC57B98B14-FollowerState] INFO  impl.FollowerState (FollowerState.java:run(134)) - 09544a2e-d1be-4322-b22d-d49b1aa9b056@group-13FC57B98B14-FollowerState: change to CANDIDATE, lastRpcElapsedTime:5014140956ns, electionTimeout:5005ms
2021-07-27 01:07:17,466 [09544a2e-d1be-4322-b22d-d49b1aa9b056@group-13FC57B98B14-FollowerState] INFO  impl.RoleInfo (RoleInfo.java:shutdownFollowerState(108)) - 09544a2e-d1be-4322-b22d-d49b1aa9b056: shutdown 09544a2e-d1be-4322-b22d-d49b1aa9b056@group-13FC57B98B14-FollowerState
2021-07-27 01:07:17,466 [09544a2e-d1be-4322-b22d-d49b1aa9b056@group-13FC57B98B14-FollowerState] INFO  server.RaftServer$Division (RaftServerImpl.java:setRole(285)) - 09544a2e-d1be-4322-b22d-d49b1aa9b056@group-13FC57B98B14: changes role from  FOLLOWER to CANDIDATE at term 1 for changeToCandidate
2021-07-27 01:07:17,467 [09544a2e-d1be-4322-b22d-d49b1aa9b056@group-13FC57B98B14-FollowerState] INFO  server.RaftServerConfigKeys (ConfUtils.java:logGet(44)) - raft.server.leaderelection.pre-vote = false (custom)
2021-07-27 01:07:17,467 [09544a2e-d1be-4322-b22d-d49b1aa9b056@group-13FC57B98B14-FollowerState] INFO  impl.RoleInfo (RoleInfo.java:updateAndGet(130)) - 09544a2e-d1be-4322-b22d-d49b1aa9b056: start 09544a2e-d1be-4322-b22d-d49b1aa9b056@group-13FC57B98B14-LeaderElection44
2021-07-27 01:07:17,469 [09544a2e-d1be-4322-b22d-d49b1aa9b056@group-13FC57B98B14-LeaderElection44] INFO  impl.LeaderElection (LeaderElection.java:askForVotes(306)) - 09544a2e-d1be-4322-b22d-d49b1aa9b056@group-13FC57B98B14-LeaderElection44 ELECTION round 0: submit vote requests at term 2 for -1: [78df850f-b6e4-442f-ab73-43f51794e862|rpc:10.1.0.6:39903|priority:1, 09544a2e-d1be-4322-b22d-d49b1aa9b056|rpc:10.1.0.6:42003|priority:0, add9ee20-ac1a-4d1d-a881-b847474b364b|rpc:10.1.0.6:39643|priority:0], old=null
2021-07-27 01:07:17,474 [grpc-default-executor-5] INFO  server.RaftServer$Division (RaftServerImpl.java:requestVote(1043)) - add9ee20-ac1a-4d1d-a881-b847474b364b@group-13FC57B98B14: receive requestVote(ELECTION, 09544a2e-d1be-4322-b22d-d49b1aa9b056, group-13FC57B98B14, 2, (t:0, i:0))
2021-07-27 01:07:17,475 [grpc-default-executor-5] INFO  impl.VoteContext (VoteContext.java:log(48)) - add9ee20-ac1a-4d1d-a881-b847474b364b@group-13FC57B98B14-FOLLOWER: accept ELECTION from 09544a2e-d1be-4322-b22d-d49b1aa9b056: our priority 0 <= candidate's priority 0
2021-07-27 01:07:17,475 [grpc-default-executor-5] INFO  server.RaftServer$Division (RaftServerImpl.java:setRole(285)) - add9ee20-ac1a-4d1d-a881-b847474b364b@group-13FC57B98B14: changes role from  FOLLOWER to FOLLOWER at term 2 for candidate:09544a2e-d1be-4322-b22d-d49b1aa9b056
2021-07-27 01:07:17,475 [grpc-default-executor-5] INFO  impl.RoleInfo (RoleInfo.java:shutdownFollowerState(108)) - add9ee20-ac1a-4d1d-a881-b847474b364b: shutdown add9ee20-ac1a-4d1d-a881-b847474b364b@group-13FC57B98B14-FollowerState
2021-07-27 01:07:17,475 [grpc-default-executor-5] INFO  impl.RoleInfo (RoleInfo.java:updateAndGet(130)) - add9ee20-ac1a-4d1d-a881-b847474b364b: start add9ee20-ac1a-4d1d-a881-b847474b364b@group-13FC57B98B14-FollowerState
2021-07-27 01:07:17,475 [add9ee20-ac1a-4d1d-a881-b847474b364b@group-13FC57B98B14-FollowerState] INFO  impl.FollowerState (FollowerState.java:run(143)) - add9ee20-ac1a-4d1d-a881-b847474b364b@group-13FC57B98B14-FollowerState was interrupted: {}
java.lang.InterruptedException: sleep interrupted
	at java.lang.Thread.sleep(Native Method)
	at java.lang.Thread.sleep(Thread.java:340)
	at java.util.concurrent.TimeUnit.sleep(TimeUnit.java:386)
	at org.apache.ratis.util.TimeDuration.sleep(TimeDuration.java:324)
	at org.apache.ratis.util.TimeDuration.sleep(TimeDuration.java:309)
	at org.apache.ratis.server.impl.FollowerState.run(FollowerState.java:118)
2021-07-27 01:07:17,476 [grpc-default-executor-1] INFO  server.RaftServer$Division (RaftServerImpl.java:requestVote(1043)) - 78df850f-b6e4-442f-ab73-43f51794e862@group-13FC57B98B14: receive requestVote(ELECTION, 09544a2e-d1be-4322-b22d-d49b1aa9b056, group-13FC57B98B14, 2, (t:0, i:0))
2021-07-27 01:07:17,477 [grpc-default-executor-1] INFO  impl.VoteContext (VoteContext.java:log(48)) - 78df850f-b6e4-442f-ab73-43f51794e862@group-13FC57B98B14-FOLLOWER: reject ELECTION from 09544a2e-d1be-4322-b22d-d49b1aa9b056: our priority 1 > candidate's priority 0
2021-07-27 01:07:17,477 [grpc-default-executor-1] INFO  server.RaftServer$Division (RaftServerImpl.java:setRole(285)) - 78df850f-b6e4-442f-ab73-43f51794e862@group-13FC57B98B14: changes role from  FOLLOWER to FOLLOWER at term 2 for candidate:09544a2e-d1be-4322-b22d-d49b1aa9b056
2021-07-27 01:07:17,477 [grpc-default-executor-1] INFO  impl.RoleInfo (RoleInfo.java:shutdownFollowerState(108)) - 78df850f-b6e4-442f-ab73-43f51794e862: shutdown 78df850f-b6e4-442f-ab73-43f51794e862@group-13FC57B98B14-FollowerState
2021-07-27 01:07:17,477 [grpc-default-executor-1] INFO  impl.RoleInfo (RoleInfo.java:updateAndGet(130)) - 78df850f-b6e4-442f-ab73-43f51794e862: start 78df850f-b6e4-442f-ab73-43f51794e862@group-13FC57B98B14-FollowerState
2021-07-27 01:07:17,477 [grpc-default-executor-5] INFO  server.RaftServer$Division (RaftServerImpl.java:requestVote(1075)) - add9ee20-ac1a-4d1d-a881-b847474b364b@group-13FC57B98B14 replies to ELECTION vote request: 09544a2e-d1be-4322-b22d-d49b1aa9b056<-add9ee20-ac1a-4d1d-a881-b847474b364b#0:OK-t2. Peer's state: add9ee20-ac1a-4d1d-a881-b847474b364b@group-13FC57B98B14:t2, leader=null, voted=09544a2e-d1be-4322-b22d-d49b1aa9b056, raftlog=add9ee20-ac1a-4d1d-a881-b847474b364b@group-13FC57B98B14-SegmentedRaftLog:OPENED:c-1,f-1,i0, conf=-1: [78df850f-b6e4-442f-ab73-43f51794e862|rpc:10.1.0.6:39903|dataStream:|priority:1, 09544a2e-d1be-4322-b22d-d49b1aa9b056|rpc:10.1.0.6:42003|dataStream:|priority:0, add9ee20-ac1a-4d1d-a881-b847474b364b|rpc:10.1.0.6:39643|dataStream:|priority:0], old=null
2021-07-27 01:07:17,477 [78df850f-b6e4-442f-ab73-43f51794e862@group-13FC57B98B14-FollowerState] INFO  impl.FollowerState (FollowerState.java:run(143)) - 78df850f-b6e4-442f-ab73-43f51794e862@group-13FC57B98B14-FollowerState was interrupted: {}
java.lang.InterruptedException: sleep interrupted
	at java.lang.Thread.sleep(Native Method)
	at java.lang.Thread.sleep(Thread.java:340)
	at java.util.concurrent.TimeUnit.sleep(TimeUnit.java:386)
	at org.apache.ratis.util.TimeDuration.sleep(TimeDuration.java:324)
	at org.apache.ratis.util.TimeDuration.sleep(TimeDuration.java:309)
	at org.apache.ratis.server.impl.FollowerState.run(FollowerState.java:118)
2021-07-27 01:07:17,480 [grpc-default-executor-1] INFO  server.RaftServer$Division (RaftServerImpl.java:requestVote(1075)) - 78df850f-b6e4-442f-ab73-43f51794e862@group-13FC57B98B14 replies to ELECTION vote request: 09544a2e-d1be-4322-b22d-d49b1aa9b056<-78df850f-b6e4-442f-ab73-43f51794e862#0:FAIL-t2. Peer's state: 78df850f-b6e4-442f-ab73-43f51794e862@group-13FC57B98B14:t2, leader=null, voted=null, raftlog=78df850f-b6e4-442f-ab73-43f51794e862@group-13FC57B98B14-SegmentedRaftLog:OPENED:c-1,f-1,i0, conf=-1: [78df850f-b6e4-442f-ab73-43f51794e862|rpc:10.1.0.6:39903|dataStream:|priority:1, 09544a2e-d1be-4322-b22d-d49b1aa9b056|rpc:10.1.0.6:42003|dataStream:|priority:0, add9ee20-ac1a-4d1d-a881-b847474b364b|rpc:10.1.0.6:39643|dataStream:|priority:0], old=null
2021-07-27 01:07:17,482 [09544a2e-d1be-4322-b22d-d49b1aa9b056@group-13FC57B98B14-LeaderElection44] INFO  impl.LeaderElection (LeaderElection.java:logAndReturn(89)) - 09544a2e-d1be-4322-b22d-d49b1aa9b056@group-13FC57B98B14-LeaderElection44: ELECTION REJECTED received 2 response(s) and 0 exception(s):
2021-07-27 01:07:17,482 [09544a2e-d1be-4322-b22d-d49b1aa9b056@group-13FC57B98B14-LeaderElection44] INFO  impl.LeaderElection (LeaderElection.java:logAndReturn(93)) -   Response 0: 09544a2e-d1be-4322-b22d-d49b1aa9b056<-78df850f-b6e4-442f-ab73-43f51794e862#0:FAIL-t2
2021-07-27 01:07:17,482 [09544a2e-d1be-4322-b22d-d49b1aa9b056@group-13FC57B98B14-LeaderElection44] INFO  impl.LeaderElection (LeaderElection.java:logAndReturn(93)) -   Response 1: 09544a2e-d1be-4322-b22d-d49b1aa9b056<-add9ee20-ac1a-4d1d-a881-b847474b364b#0:OK-t2
2021-07-27 01:07:17,482 [09544a2e-d1be-4322-b22d-d49b1aa9b056@group-13FC57B98B14-LeaderElection44] INFO  impl.LeaderElection (LeaderElection.java:askForVotes(308)) - 09544a2e-d1be-4322-b22d-d49b1aa9b056@group-13FC57B98B14-LeaderElection44 ELECTION round 0: result REJECTED
2021-07-27 01:07:17,482 [09544a2e-d1be-4322-b22d-d49b1aa9b056@group-13FC57B98B14-LeaderElection44] INFO  server.RaftServer$Division (RaftServerImpl.java:setRole(285)) - 09544a2e-d1be-4322-b22d-d49b1aa9b056@group-13FC57B98B14: changes role from CANDIDATE to FOLLOWER at term 2 for REJECTED
2021-07-27 01:07:17,482 [09544a2e-d1be-4322-b22d-d49b1aa9b056@group-13FC57B98B14-LeaderElection44] INFO  impl.RoleInfo (RoleInfo.java:shutdownLeaderElection(121)) - 09544a2e-d1be-4322-b22d-d49b1aa9b056: shutdown 09544a2e-d1be-4322-b22d-d49b1aa9b056@group-13FC57B98B14-LeaderElection44
2021-07-27 01:07:17,482 [09544a2e-d1be-4322-b22d-d49b1aa9b056@group-13FC57B98B14-LeaderElection44] INFO  impl.RoleInfo (RoleInfo.java:updateAndGet(130)) - 09544a2e-d1be-4322-b22d-d49b1aa9b056: start 09544a2e-d1be-4322-b22d-d49b1aa9b056@group-13FC57B98B14-FollowerState
2021-07-27 01:07:18,431 [Listener at 127.0.0.1/40495] INFO  ozone.MiniOzoneClusterImpl (MiniOzoneClusterImpl.java:lambda$waitForClusterToBeReady$0(235)) - Nodes are ready. Got 3 of 3 DN Heartbeats.
2021-07-27 01:07:18,431 [Listener at 127.0.0.1/40495] INFO  ozone.MiniOzoneClusterImpl (MiniOzoneClusterImpl.java:lambda$waitForClusterToBeReady$0(238)) - Waiting for cluster to exit safe mode
2021-07-27 01:07:18,431 [Listener at 127.0.0.1/40495] INFO  ozone.MiniOzoneClusterImpl (MiniOzoneClusterImpl.java:lambda$waitForClusterToBeReady$0(240)) - SCM became leader
2021-07-27 01:07:19,431 [Listener at 127.0.0.1/40495] INFO  ozone.MiniOzoneClusterImpl (MiniOzoneClusterImpl.java:lambda$waitForClusterToBeReady$0(235)) - Nodes are ready. Got 3 of 3 DN Heartbeats.
2021-07-27 01:07:19,431 [Listener at 127.0.0.1/40495] INFO  ozone.MiniOzoneClusterImpl (MiniOzoneClusterImpl.java:lambda$waitForClusterToBeReady$0(238)) - Waiting for cluster to exit safe mode
2021-07-27 01:07:19,431 [Listener at 127.0.0.1/40495] INFO  ozone.MiniOzoneClusterImpl (MiniOzoneClusterImpl.java:lambda$waitForClusterToBeReady$0(240)) - SCM became leader
2021-07-27 01:07:20,432 [Listener at 127.0.0.1/40495] INFO  ozone.MiniOzoneClusterImpl (MiniOzoneClusterImpl.java:lambda$waitForClusterToBeReady$0(235)) - Nodes are ready. Got 3 of 3 DN Heartbeats.
2021-07-27 01:07:20,432 [Listener at 127.0.0.1/40495] INFO  ozone.MiniOzoneClusterImpl (MiniOzoneClusterImpl.java:lambda$waitForClusterToBeReady$0(238)) - Waiting for cluster to exit safe mode
2021-07-27 01:07:20,432 [Listener at 127.0.0.1/40495] INFO  ozone.MiniOzoneClusterImpl (MiniOzoneClusterImpl.java:lambda$waitForClusterToBeReady$0(240)) - SCM became leader
2021-07-27 01:07:21,432 [Listener at 127.0.0.1/40495] INFO  ozone.MiniOzoneClusterImpl (MiniOzoneClusterImpl.java:lambda$waitForClusterToBeReady$0(235)) - Nodes are ready. Got 3 of 3 DN Heartbeats.
2021-07-27 01:07:21,432 [Listener at 127.0.0.1/40495] INFO  ozone.MiniOzoneClusterImpl (MiniOzoneClusterImpl.java:lambda$waitForClusterToBeReady$0(238)) - Waiting for cluster to exit safe mode
2021-07-27 01:07:21,432 [Listener at 127.0.0.1/40495] INFO  ozone.MiniOzoneClusterImpl (MiniOzoneClusterImpl.java:lambda$waitForClusterToBeReady$0(240)) - SCM became leader
2021-07-27 01:07:22,379 [09544a2e-d1be-4322-b22d-d49b1aa9b056@group-C5A1D46CE2EB-FollowerState] INFO  impl.FollowerState (FollowerState.java:run(134)) - 09544a2e-d1be-4322-b22d-d49b1aa9b056@group-C5A1D46CE2EB-FollowerState: change to CANDIDATE, lastRpcElapsedTime:5011744283ns, electionTimeout:5011ms
2021-07-27 01:07:22,380 [09544a2e-d1be-4322-b22d-d49b1aa9b056@group-C5A1D46CE2EB-FollowerState] INFO  impl.RoleInfo (RoleInfo.java:shutdownFollowerState(108)) - 09544a2e-d1be-4322-b22d-d49b1aa9b056: shutdown 09544a2e-d1be-4322-b22d-d49b1aa9b056@group-C5A1D46CE2EB-FollowerState
2021-07-27 01:07:22,380 [09544a2e-d1be-4322-b22d-d49b1aa9b056@group-C5A1D46CE2EB-FollowerState] INFO  server.RaftServer$Division (RaftServerImpl.java:setRole(285)) - 09544a2e-d1be-4322-b22d-d49b1aa9b056@group-C5A1D46CE2EB: changes role from  FOLLOWER to CANDIDATE at term 2 for changeToCandidate
2021-07-27 01:07:22,380 [09544a2e-d1be-4322-b22d-d49b1aa9b056@group-C5A1D46CE2EB-FollowerState] INFO  server.RaftServerConfigKeys (ConfUtils.java:logGet(44)) - raft.server.leaderelection.pre-vote = false (custom)
2021-07-27 01:07:22,380 [09544a2e-d1be-4322-b22d-d49b1aa9b056@group-C5A1D46CE2EB-FollowerState] INFO  impl.RoleInfo (RoleInfo.java:updateAndGet(130)) - 09544a2e-d1be-4322-b22d-d49b1aa9b056: start 09544a2e-d1be-4322-b22d-d49b1aa9b056@group-C5A1D46CE2EB-LeaderElection45
2021-07-27 01:07:22,383 [09544a2e-d1be-4322-b22d-d49b1aa9b056@group-C5A1D46CE2EB-LeaderElection45] INFO  impl.LeaderElection (LeaderElection.java:askForVotes(306)) - 09544a2e-d1be-4322-b22d-d49b1aa9b056@group-C5A1D46CE2EB-LeaderElection45 ELECTION round 0: submit vote requests at term 3 for -1: [78df850f-b6e4-442f-ab73-43f51794e862|rpc:10.1.0.6:39903|priority:0, 09544a2e-d1be-4322-b22d-d49b1aa9b056|rpc:10.1.0.6:42003|priority:0, add9ee20-ac1a-4d1d-a881-b847474b364b|rpc:10.1.0.6:39643|priority:1], old=null
2021-07-27 01:07:22,388 [grpc-default-executor-1] INFO  server.RaftServer$Division (RaftServerImpl.java:requestVote(1043)) - 78df850f-b6e4-442f-ab73-43f51794e862@group-C5A1D46CE2EB: receive requestVote(ELECTION, 09544a2e-d1be-4322-b22d-d49b1aa9b056, group-C5A1D46CE2EB, 3, (t:0, i:0))
2021-07-27 01:07:22,388 [grpc-default-executor-1] INFO  impl.VoteContext (VoteContext.java:log(48)) - 78df850f-b6e4-442f-ab73-43f51794e862@group-C5A1D46CE2EB-FOLLOWER: accept ELECTION from 09544a2e-d1be-4322-b22d-d49b1aa9b056: our priority 0 <= candidate's priority 0
2021-07-27 01:07:22,388 [grpc-default-executor-1] INFO  server.RaftServer$Division (RaftServerImpl.java:setRole(285)) - 78df850f-b6e4-442f-ab73-43f51794e862@group-C5A1D46CE2EB: changes role from  FOLLOWER to FOLLOWER at term 3 for candidate:09544a2e-d1be-4322-b22d-d49b1aa9b056
2021-07-27 01:07:22,388 [grpc-default-executor-1] INFO  impl.RoleInfo (RoleInfo.java:shutdownFollowerState(108)) - 78df850f-b6e4-442f-ab73-43f51794e862: shutdown 78df850f-b6e4-442f-ab73-43f51794e862@group-C5A1D46CE2EB-FollowerState
2021-07-27 01:07:22,388 [grpc-default-executor-1] INFO  impl.RoleInfo (RoleInfo.java:updateAndGet(130)) - 78df850f-b6e4-442f-ab73-43f51794e862: start 78df850f-b6e4-442f-ab73-43f51794e862@group-C5A1D46CE2EB-FollowerState
2021-07-27 01:07:22,389 [78df850f-b6e4-442f-ab73-43f51794e862@group-C5A1D46CE2EB-FollowerState] INFO  impl.FollowerState (FollowerState.java:run(143)) - 78df850f-b6e4-442f-ab73-43f51794e862@group-C5A1D46CE2EB-FollowerState was interrupted: {}
java.lang.InterruptedException: sleep interrupted
	at java.lang.Thread.sleep(Native Method)
	at java.lang.Thread.sleep(Thread.java:340)
	at java.util.concurrent.TimeUnit.sleep(TimeUnit.java:386)
	at org.apache.ratis.util.TimeDuration.sleep(TimeDuration.java:324)
	at org.apache.ratis.util.TimeDuration.sleep(TimeDuration.java:309)
	at org.apache.ratis.server.impl.FollowerState.run(FollowerState.java:118)
2021-07-27 01:07:22,392 [grpc-default-executor-1] INFO  server.RaftServer$Division (RaftServerImpl.java:requestVote(1075)) - 78df850f-b6e4-442f-ab73-43f51794e862@group-C5A1D46CE2EB replies to ELECTION vote request: 09544a2e-d1be-4322-b22d-d49b1aa9b056<-78df850f-b6e4-442f-ab73-43f51794e862#0:OK-t3. Peer's state: 78df850f-b6e4-442f-ab73-43f51794e862@group-C5A1D46CE2EB:t3, leader=null, voted=09544a2e-d1be-4322-b22d-d49b1aa9b056, raftlog=78df850f-b6e4-442f-ab73-43f51794e862@group-C5A1D46CE2EB-SegmentedRaftLog:OPENED:c-1,f-1,i0, conf=-1: [78df850f-b6e4-442f-ab73-43f51794e862|rpc:10.1.0.6:39903|dataStream:|priority:0, 09544a2e-d1be-4322-b22d-d49b1aa9b056|rpc:10.1.0.6:42003|dataStream:|priority:0, add9ee20-ac1a-4d1d-a881-b847474b364b|rpc:10.1.0.6:39643|dataStream:|priority:1], old=null
2021-07-27 01:07:22,395 [grpc-default-executor-1] INFO  server.RaftServer$Division (RaftServerImpl.java:requestVote(1043)) - add9ee20-ac1a-4d1d-a881-b847474b364b@group-C5A1D46CE2EB: receive requestVote(ELECTION, 09544a2e-d1be-4322-b22d-d49b1aa9b056, group-C5A1D46CE2EB, 3, (t:0, i:0))
2021-07-27 01:07:22,396 [grpc-default-executor-1] INFO  impl.VoteContext (VoteContext.java:log(48)) - add9ee20-ac1a-4d1d-a881-b847474b364b@group-C5A1D46CE2EB-FOLLOWER: reject ELECTION from 09544a2e-d1be-4322-b22d-d49b1aa9b056: our priority 1 > candidate's priority 0
2021-07-27 01:07:22,396 [grpc-default-executor-1] INFO  server.RaftServer$Division (RaftServerImpl.java:setRole(285)) - add9ee20-ac1a-4d1d-a881-b847474b364b@group-C5A1D46CE2EB: changes role from  FOLLOWER to FOLLOWER at term 3 for candidate:09544a2e-d1be-4322-b22d-d49b1aa9b056
2021-07-27 01:07:22,396 [grpc-default-executor-1] INFO  impl.RoleInfo (RoleInfo.java:shutdownFollowerState(108)) - add9ee20-ac1a-4d1d-a881-b847474b364b: shutdown add9ee20-ac1a-4d1d-a881-b847474b364b@group-C5A1D46CE2EB-FollowerState
2021-07-27 01:07:22,396 [grpc-default-executor-1] INFO  impl.RoleInfo (RoleInfo.java:updateAndGet(130)) - add9ee20-ac1a-4d1d-a881-b847474b364b: start add9ee20-ac1a-4d1d-a881-b847474b364b@group-C5A1D46CE2EB-FollowerState
2021-07-27 01:07:22,396 [add9ee20-ac1a-4d1d-a881-b847474b364b@group-C5A1D46CE2EB-FollowerState] INFO  impl.FollowerState (FollowerState.java:run(143)) - add9ee20-ac1a-4d1d-a881-b847474b364b@group-C5A1D46CE2EB-FollowerState was interrupted: {}
java.lang.InterruptedException: sleep interrupted
	at java.lang.Thread.sleep(Native Method)
	at java.lang.Thread.sleep(Thread.java:340)
	at java.util.concurrent.TimeUnit.sleep(TimeUnit.java:386)
	at org.apache.ratis.util.TimeDuration.sleep(TimeDuration.java:324)
	at org.apache.ratis.util.TimeDuration.sleep(TimeDuration.java:309)
	at org.apache.ratis.server.impl.FollowerState.run(FollowerState.java:118)
2021-07-27 01:07:22,398 [grpc-default-executor-1] INFO  server.RaftServer$Division (RaftServerImpl.java:requestVote(1075)) - add9ee20-ac1a-4d1d-a881-b847474b364b@group-C5A1D46CE2EB replies to ELECTION vote request: 09544a2e-d1be-4322-b22d-d49b1aa9b056<-add9ee20-ac1a-4d1d-a881-b847474b364b#0:FAIL-t3. Peer's state: add9ee20-ac1a-4d1d-a881-b847474b364b@group-C5A1D46CE2EB:t3, leader=null, voted=null, raftlog=add9ee20-ac1a-4d1d-a881-b847474b364b@group-C5A1D46CE2EB-SegmentedRaftLog:OPENED:c-1,f-1,i0, conf=-1: [78df850f-b6e4-442f-ab73-43f51794e862|rpc:10.1.0.6:39903|dataStream:|priority:0, 09544a2e-d1be-4322-b22d-d49b1aa9b056|rpc:10.1.0.6:42003|dataStream:|priority:0, add9ee20-ac1a-4d1d-a881-b847474b364b|rpc:10.1.0.6:39643|dataStream:|priority:1], old=null
2021-07-27 01:07:22,399 [09544a2e-d1be-4322-b22d-d49b1aa9b056@group-C5A1D46CE2EB-LeaderElection45] INFO  impl.LeaderElection (LeaderElection.java:logAndReturn(89)) - 09544a2e-d1be-4322-b22d-d49b1aa9b056@group-C5A1D46CE2EB-LeaderElection45: ELECTION REJECTED received 2 response(s) and 0 exception(s):
2021-07-27 01:07:22,399 [09544a2e-d1be-4322-b22d-d49b1aa9b056@group-C5A1D46CE2EB-LeaderElection45] INFO  impl.LeaderElection (LeaderElection.java:logAndReturn(93)) -   Response 0: 09544a2e-d1be-4322-b22d-d49b1aa9b056<-78df850f-b6e4-442f-ab73-43f51794e862#0:OK-t3
2021-07-27 01:07:22,399 [09544a2e-d1be-4322-b22d-d49b1aa9b056@group-C5A1D46CE2EB-LeaderElection45] INFO  impl.LeaderElection (LeaderElection.java:logAndReturn(93)) -   Response 1: 09544a2e-d1be-4322-b22d-d49b1aa9b056<-add9ee20-ac1a-4d1d-a881-b847474b364b#0:FAIL-t3
2021-07-27 01:07:22,399 [09544a2e-d1be-4322-b22d-d49b1aa9b056@group-C5A1D46CE2EB-LeaderElection45] INFO  impl.LeaderElection (LeaderElection.java:askForVotes(308)) - 09544a2e-d1be-4322-b22d-d49b1aa9b056@group-C5A1D46CE2EB-LeaderElection45 ELECTION round 0: result REJECTED
2021-07-27 01:07:22,399 [09544a2e-d1be-4322-b22d-d49b1aa9b056@group-C5A1D46CE2EB-LeaderElection45] INFO  server.RaftServer$Division (RaftServerImpl.java:setRole(285)) - 09544a2e-d1be-4322-b22d-d49b1aa9b056@group-C5A1D46CE2EB: changes role from CANDIDATE to FOLLOWER at term 3 for REJECTED
2021-07-27 01:07:22,399 [09544a2e-d1be-4322-b22d-d49b1aa9b056@group-C5A1D46CE2EB-LeaderElection45] INFO  impl.RoleInfo (RoleInfo.java:shutdownLeaderElection(121)) - 09544a2e-d1be-4322-b22d-d49b1aa9b056: shutdown 09544a2e-d1be-4322-b22d-d49b1aa9b056@group-C5A1D46CE2EB-LeaderElection45
2021-07-27 01:07:22,399 [09544a2e-d1be-4322-b22d-d49b1aa9b056@group-C5A1D46CE2EB-LeaderElection45] INFO  impl.RoleInfo (RoleInfo.java:updateAndGet(130)) - 09544a2e-d1be-4322-b22d-d49b1aa9b056: start 09544a2e-d1be-4322-b22d-d49b1aa9b056@group-C5A1D46CE2EB-FollowerState
2021-07-27 01:07:22,433 [Listener at 127.0.0.1/40495] INFO  ozone.MiniOzoneClusterImpl (MiniOzoneClusterImpl.java:lambda$waitForClusterToBeReady$0(235)) - Nodes are ready. Got 3 of 3 DN Heartbeats.
2021-07-27 01:07:22,433 [Listener at 127.0.0.1/40495] INFO  ozone.MiniOzoneClusterImpl (MiniOzoneClusterImpl.java:lambda$waitForClusterToBeReady$0(238)) - Waiting for cluster to exit safe mode
2021-07-27 01:07:22,433 [Listener at 127.0.0.1/40495] INFO  ozone.MiniOzoneClusterImpl (MiniOzoneClusterImpl.java:lambda$waitForClusterToBeReady$0(240)) - SCM became leader
2021-07-27 01:07:22,616 [09544a2e-d1be-4322-b22d-d49b1aa9b056@group-13FC57B98B14-FollowerState] INFO  impl.FollowerState (FollowerState.java:run(134)) - 09544a2e-d1be-4322-b22d-d49b1aa9b056@group-13FC57B98B14-FollowerState: change to CANDIDATE, lastRpcElapsedTime:5133343688ns, electionTimeout:5133ms
2021-07-27 01:07:22,616 [09544a2e-d1be-4322-b22d-d49b1aa9b056@group-13FC57B98B14-FollowerState] INFO  impl.RoleInfo (RoleInfo.java:shutdownFollowerState(108)) - 09544a2e-d1be-4322-b22d-d49b1aa9b056: shutdown 09544a2e-d1be-4322-b22d-d49b1aa9b056@group-13FC57B98B14-FollowerState
2021-07-27 01:07:22,616 [09544a2e-d1be-4322-b22d-d49b1aa9b056@group-13FC57B98B14-FollowerState] INFO  server.RaftServer$Division (RaftServerImpl.java:setRole(285)) - 09544a2e-d1be-4322-b22d-d49b1aa9b056@group-13FC57B98B14: changes role from  FOLLOWER to CANDIDATE at term 2 for changeToCandidate
2021-07-27 01:07:22,616 [09544a2e-d1be-4322-b22d-d49b1aa9b056@group-13FC57B98B14-FollowerState] INFO  server.RaftServerConfigKeys (ConfUtils.java:logGet(44)) - raft.server.leaderelection.pre-vote = false (custom)
2021-07-27 01:07:22,616 [09544a2e-d1be-4322-b22d-d49b1aa9b056@group-13FC57B98B14-FollowerState] INFO  impl.RoleInfo (RoleInfo.java:updateAndGet(130)) - 09544a2e-d1be-4322-b22d-d49b1aa9b056: start 09544a2e-d1be-4322-b22d-d49b1aa9b056@group-13FC57B98B14-LeaderElection46
2021-07-27 01:07:22,618 [09544a2e-d1be-4322-b22d-d49b1aa9b056@group-13FC57B98B14-LeaderElection46] INFO  impl.LeaderElection (LeaderElection.java:askForVotes(306)) - 09544a2e-d1be-4322-b22d-d49b1aa9b056@group-13FC57B98B14-LeaderElection46 ELECTION round 0: submit vote requests at term 3 for -1: [78df850f-b6e4-442f-ab73-43f51794e862|rpc:10.1.0.6:39903|priority:1, 09544a2e-d1be-4322-b22d-d49b1aa9b056|rpc:10.1.0.6:42003|priority:0, add9ee20-ac1a-4d1d-a881-b847474b364b|rpc:10.1.0.6:39643|priority:0], old=null
2021-07-27 01:07:22,621 [grpc-default-executor-1] INFO  server.RaftServer$Division (RaftServerImpl.java:requestVote(1043)) - add9ee20-ac1a-4d1d-a881-b847474b364b@group-13FC57B98B14: receive requestVote(ELECTION, 09544a2e-d1be-4322-b22d-d49b1aa9b056, group-13FC57B98B14, 3, (t:0, i:0))
2021-07-27 01:07:22,621 [grpc-default-executor-1] INFO  impl.VoteContext (VoteContext.java:log(48)) - add9ee20-ac1a-4d1d-a881-b847474b364b@group-13FC57B98B14-FOLLOWER: accept ELECTION from 09544a2e-d1be-4322-b22d-d49b1aa9b056: our priority 0 <= candidate's priority 0
2021-07-27 01:07:22,621 [grpc-default-executor-1] INFO  server.RaftServer$Division (RaftServerImpl.java:setRole(285)) - add9ee20-ac1a-4d1d-a881-b847474b364b@group-13FC57B98B14: changes role from  FOLLOWER to FOLLOWER at term 3 for candidate:09544a2e-d1be-4322-b22d-d49b1aa9b056
2021-07-27 01:07:22,621 [grpc-default-executor-1] INFO  impl.RoleInfo (RoleInfo.java:shutdownFollowerState(108)) - add9ee20-ac1a-4d1d-a881-b847474b364b: shutdown add9ee20-ac1a-4d1d-a881-b847474b364b@group-13FC57B98B14-FollowerState
2021-07-27 01:07:22,621 [grpc-default-executor-1] INFO  impl.RoleInfo (RoleInfo.java:updateAndGet(130)) - add9ee20-ac1a-4d1d-a881-b847474b364b: start add9ee20-ac1a-4d1d-a881-b847474b364b@group-13FC57B98B14-FollowerState
2021-07-27 01:07:22,622 [add9ee20-ac1a-4d1d-a881-b847474b364b@group-13FC57B98B14-FollowerState] INFO  impl.FollowerState (FollowerState.java:run(143)) - add9ee20-ac1a-4d1d-a881-b847474b364b@group-13FC57B98B14-FollowerState was interrupted: {}
java.lang.InterruptedException: sleep interrupted
	at java.lang.Thread.sleep(Native Method)
	at java.lang.Thread.sleep(Thread.java:340)
	at java.util.concurrent.TimeUnit.sleep(TimeUnit.java:386)
	at org.apache.ratis.util.TimeDuration.sleep(TimeDuration.java:324)
	at org.apache.ratis.util.TimeDuration.sleep(TimeDuration.java:309)
	at org.apache.ratis.server.impl.FollowerState.run(FollowerState.java:118)
2021-07-27 01:07:22,623 [grpc-default-executor-1] INFO  server.RaftServer$Division (RaftServerImpl.java:requestVote(1075)) - add9ee20-ac1a-4d1d-a881-b847474b364b@group-13FC57B98B14 replies to ELECTION vote request: 09544a2e-d1be-4322-b22d-d49b1aa9b056<-add9ee20-ac1a-4d1d-a881-b847474b364b#0:OK-t3. Peer's state: add9ee20-ac1a-4d1d-a881-b847474b364b@group-13FC57B98B14:t3, leader=null, voted=09544a2e-d1be-4322-b22d-d49b1aa9b056, raftlog=add9ee20-ac1a-4d1d-a881-b847474b364b@group-13FC57B98B14-SegmentedRaftLog:OPENED:c-1,f-1,i0, conf=-1: [78df850f-b6e4-442f-ab73-43f51794e862|rpc:10.1.0.6:39903|dataStream:|priority:1, 09544a2e-d1be-4322-b22d-d49b1aa9b056|rpc:10.1.0.6:42003|dataStream:|priority:0, add9ee20-ac1a-4d1d-a881-b847474b364b|rpc:10.1.0.6:39643|dataStream:|priority:0], old=null
2021-07-27 01:07:22,631 [grpc-default-executor-5] INFO  server.RaftServer$Division (RaftServerImpl.java:requestVote(1043)) - 78df850f-b6e4-442f-ab73-43f51794e862@group-13FC57B98B14: receive requestVote(ELECTION, 09544a2e-d1be-4322-b22d-d49b1aa9b056, group-13FC57B98B14, 3, (t:0, i:0))
2021-07-27 01:07:22,631 [grpc-default-executor-5] INFO  impl.VoteContext (VoteContext.java:log(48)) - 78df850f-b6e4-442f-ab73-43f51794e862@group-13FC57B98B14-FOLLOWER: reject ELECTION from 09544a2e-d1be-4322-b22d-d49b1aa9b056: our priority 1 > candidate's priority 0
2021-07-27 01:07:22,631 [grpc-default-executor-5] INFO  server.RaftServer$Division (RaftServerImpl.java:setRole(285)) - 78df850f-b6e4-442f-ab73-43f51794e862@group-13FC57B98B14: changes role from  FOLLOWER to FOLLOWER at term 3 for candidate:09544a2e-d1be-4322-b22d-d49b1aa9b056
2021-07-27 01:07:22,631 [grpc-default-executor-5] INFO  impl.RoleInfo (RoleInfo.java:shutdownFollowerState(108)) - 78df850f-b6e4-442f-ab73-43f51794e862: shutdown 78df850f-b6e4-442f-ab73-43f51794e862@group-13FC57B98B14-FollowerState
2021-07-27 01:07:22,631 [grpc-default-executor-5] INFO  impl.RoleInfo (RoleInfo.java:updateAndGet(130)) - 78df850f-b6e4-442f-ab73-43f51794e862: start 78df850f-b6e4-442f-ab73-43f51794e862@group-13FC57B98B14-FollowerState
2021-07-27 01:07:22,631 [78df850f-b6e4-442f-ab73-43f51794e862@group-13FC57B98B14-FollowerState] INFO  impl.FollowerState (FollowerState.java:run(143)) - 78df850f-b6e4-442f-ab73-43f51794e862@group-13FC57B98B14-FollowerState was interrupted: {}
java.lang.InterruptedException: sleep interrupted
	at java.lang.Thread.sleep(Native Method)
	at java.lang.Thread.sleep(Thread.java:340)
	at java.util.concurrent.TimeUnit.sleep(TimeUnit.java:386)
	at org.apache.ratis.util.TimeDuration.sleep(TimeDuration.java:324)
	at org.apache.ratis.util.TimeDuration.sleep(TimeDuration.java:309)
	at org.apache.ratis.server.impl.FollowerState.run(FollowerState.java:118)
2021-07-27 01:07:22,632 [grpc-default-executor-5] INFO  server.RaftServer$Division (RaftServerImpl.java:requestVote(1075)) - 78df850f-b6e4-442f-ab73-43f51794e862@group-13FC57B98B14 replies to ELECTION vote request: 09544a2e-d1be-4322-b22d-d49b1aa9b056<-78df850f-b6e4-442f-ab73-43f51794e862#0:FAIL-t3. Peer's state: 78df850f-b6e4-442f-ab73-43f51794e862@group-13FC57B98B14:t3, leader=null, voted=null, raftlog=78df850f-b6e4-442f-ab73-43f51794e862@group-13FC57B98B14-SegmentedRaftLog:OPENED:c-1,f-1,i0, conf=-1: [78df850f-b6e4-442f-ab73-43f51794e862|rpc:10.1.0.6:39903|dataStream:|priority:1, 09544a2e-d1be-4322-b22d-d49b1aa9b056|rpc:10.1.0.6:42003|dataStream:|priority:0, add9ee20-ac1a-4d1d-a881-b847474b364b|rpc:10.1.0.6:39643|dataStream:|priority:0], old=null
2021-07-27 01:07:22,633 [09544a2e-d1be-4322-b22d-d49b1aa9b056@group-13FC57B98B14-LeaderElection46] INFO  impl.LeaderElection (LeaderElection.java:logAndReturn(89)) - 09544a2e-d1be-4322-b22d-d49b1aa9b056@group-13FC57B98B14-LeaderElection46: ELECTION REJECTED received 2 response(s) and 0 exception(s):
2021-07-27 01:07:22,633 [09544a2e-d1be-4322-b22d-d49b1aa9b056@group-13FC57B98B14-LeaderElection46] INFO  impl.LeaderElection (LeaderElection.java:logAndReturn(93)) -   Response 0: 09544a2e-d1be-4322-b22d-d49b1aa9b056<-78df850f-b6e4-442f-ab73-43f51794e862#0:FAIL-t3
2021-07-27 01:07:22,633 [09544a2e-d1be-4322-b22d-d49b1aa9b056@group-13FC57B98B14-LeaderElection46] INFO  impl.LeaderElection (LeaderElection.java:logAndReturn(93)) -   Response 1: 09544a2e-d1be-4322-b22d-d49b1aa9b056<-add9ee20-ac1a-4d1d-a881-b847474b364b#0:OK-t3
2021-07-27 01:07:22,633 [09544a2e-d1be-4322-b22d-d49b1aa9b056@group-13FC57B98B14-LeaderElection46] INFO  impl.LeaderElection (LeaderElection.java:askForVotes(308)) - 09544a2e-d1be-4322-b22d-d49b1aa9b056@group-13FC57B98B14-LeaderElection46 ELECTION round 0: result REJECTED
2021-07-27 01:07:22,633 [09544a2e-d1be-4322-b22d-d49b1aa9b056@group-13FC57B98B14-LeaderElection46] INFO  server.RaftServer$Division (RaftServerImpl.java:setRole(285)) - 09544a2e-d1be-4322-b22d-d49b1aa9b056@group-13FC57B98B14: changes role from CANDIDATE to FOLLOWER at term 3 for REJECTED
2021-07-27 01:07:22,634 [09544a2e-d1be-4322-b22d-d49b1aa9b056@group-13FC57B98B14-LeaderElection46] INFO  impl.RoleInfo (RoleInfo.java:shutdownLeaderElection(121)) - 09544a2e-d1be-4322-b22d-d49b1aa9b056: shutdown 09544a2e-d1be-4322-b22d-d49b1aa9b056@group-13FC57B98B14-LeaderElection46
2021-07-27 01:07:22,634 [09544a2e-d1be-4322-b22d-d49b1aa9b056@group-13FC57B98B14-LeaderElection46] INFO  impl.RoleInfo (RoleInfo.java:updateAndGet(130)) - 09544a2e-d1be-4322-b22d-d49b1aa9b056: start 09544a2e-d1be-4322-b22d-d49b1aa9b056@group-13FC57B98B14-FollowerState
2021-07-27 01:07:23,433 [Listener at 127.0.0.1/40495] INFO  ozone.MiniOzoneClusterImpl (MiniOzoneClusterImpl.java:lambda$waitForClusterToBeReady$0(235)) - Nodes are ready. Got 3 of 3 DN Heartbeats.
2021-07-27 01:07:23,433 [Listener at 127.0.0.1/40495] INFO  ozone.MiniOzoneClusterImpl (MiniOzoneClusterImpl.java:lambda$waitForClusterToBeReady$0(238)) - Waiting for cluster to exit safe mode
2021-07-27 01:07:23,433 [Listener at 127.0.0.1/40495] INFO  ozone.MiniOzoneClusterImpl (MiniOzoneClusterImpl.java:lambda$waitForClusterToBeReady$0(240)) - SCM became leader
2021-07-27 01:07:24,434 [Listener at 127.0.0.1/40495] INFO  ozone.MiniOzoneClusterImpl (MiniOzoneClusterImpl.java:lambda$waitForClusterToBeReady$0(235)) - Nodes are ready. Got 3 of 3 DN Heartbeats.
2021-07-27 01:07:24,434 [Listener at 127.0.0.1/40495] INFO  ozone.MiniOzoneClusterImpl (MiniOzoneClusterImpl.java:lambda$waitForClusterToBeReady$0(238)) - Waiting for cluster to exit safe mode
2021-07-27 01:07:24,434 [Listener at 127.0.0.1/40495] INFO  ozone.MiniOzoneClusterImpl (MiniOzoneClusterImpl.java:lambda$waitForClusterToBeReady$0(240)) - SCM became leader
2021-07-27 01:07:25,434 [Listener at 127.0.0.1/40495] INFO  ozone.MiniOzoneClusterImpl (MiniOzoneClusterImpl.java:lambda$waitForClusterToBeReady$0(235)) - Nodes are ready. Got 3 of 3 DN Heartbeats.
2021-07-27 01:07:25,434 [Listener at 127.0.0.1/40495] INFO  ozone.MiniOzoneClusterImpl (MiniOzoneClusterImpl.java:lambda$waitForClusterToBeReady$0(238)) - Waiting for cluster to exit safe mode
2021-07-27 01:07:25,434 [Listener at 127.0.0.1/40495] INFO  ozone.MiniOzoneClusterImpl (MiniOzoneClusterImpl.java:lambda$waitForClusterToBeReady$0(240)) - SCM became leader
2021-07-27 01:07:26,435 [Listener at 127.0.0.1/40495] INFO  ozone.MiniOzoneClusterImpl (MiniOzoneClusterImpl.java:lambda$waitForClusterToBeReady$0(235)) - Nodes are ready. Got 3 of 3 DN Heartbeats.
2021-07-27 01:07:26,435 [Listener at 127.0.0.1/40495] INFO  ozone.MiniOzoneClusterImpl (MiniOzoneClusterImpl.java:lambda$waitForClusterToBeReady$0(238)) - Waiting for cluster to exit safe mode
2021-07-27 01:07:26,435 [Listener at 127.0.0.1/40495] INFO  ozone.MiniOzoneClusterImpl (MiniOzoneClusterImpl.java:lambda$waitForClusterToBeReady$0(240)) - SCM became leader
2021-07-27 01:07:27,435 [Listener at 127.0.0.1/40495] INFO  ozone.MiniOzoneClusterImpl (MiniOzoneClusterImpl.java:lambda$waitForClusterToBeReady$0(235)) - Nodes are ready. Got 3 of 3 DN Heartbeats.
2021-07-27 01:07:27,435 [Listener at 127.0.0.1/40495] INFO  ozone.MiniOzoneClusterImpl (MiniOzoneClusterImpl.java:lambda$waitForClusterToBeReady$0(238)) - Waiting for cluster to exit safe mode
2021-07-27 01:07:27,435 [Listener at 127.0.0.1/40495] INFO  ozone.MiniOzoneClusterImpl (MiniOzoneClusterImpl.java:lambda$waitForClusterToBeReady$0(240)) - SCM became leader
2021-07-27 01:07:27,436 [09544a2e-d1be-4322-b22d-d49b1aa9b056@group-C5A1D46CE2EB-FollowerState] INFO  impl.FollowerState (FollowerState.java:run(134)) - 09544a2e-d1be-4322-b22d-d49b1aa9b056@group-C5A1D46CE2EB-FollowerState: change to CANDIDATE, lastRpcElapsedTime:5036697645ns, electionTimeout:5028ms
2021-07-27 01:07:27,436 [09544a2e-d1be-4322-b22d-d49b1aa9b056@group-C5A1D46CE2EB-FollowerState] INFO  impl.RoleInfo (RoleInfo.java:shutdownFollowerState(108)) - 09544a2e-d1be-4322-b22d-d49b1aa9b056: shutdown 09544a2e-d1be-4322-b22d-d49b1aa9b056@group-C5A1D46CE2EB-FollowerState
2021-07-27 01:07:27,436 [09544a2e-d1be-4322-b22d-d49b1aa9b056@group-C5A1D46CE2EB-FollowerState] INFO  server.RaftServer$Division (RaftServerImpl.java:setRole(285)) - 09544a2e-d1be-4322-b22d-d49b1aa9b056@group-C5A1D46CE2EB: changes role from  FOLLOWER to CANDIDATE at term 3 for changeToCandidate
2021-07-27 01:07:27,436 [09544a2e-d1be-4322-b22d-d49b1aa9b056@group-C5A1D46CE2EB-FollowerState] INFO  server.RaftServerConfigKeys (ConfUtils.java:logGet(44)) - raft.server.leaderelection.pre-vote = false (custom)
2021-07-27 01:07:27,436 [09544a2e-d1be-4322-b22d-d49b1aa9b056@group-C5A1D46CE2EB-FollowerState] INFO  impl.RoleInfo (RoleInfo.java:updateAndGet(130)) - 09544a2e-d1be-4322-b22d-d49b1aa9b056: start 09544a2e-d1be-4322-b22d-d49b1aa9b056@group-C5A1D46CE2EB-LeaderElection47
2021-07-27 01:07:27,438 [09544a2e-d1be-4322-b22d-d49b1aa9b056@group-C5A1D46CE2EB-LeaderElection47] INFO  impl.LeaderElection (LeaderElection.java:askForVotes(306)) - 09544a2e-d1be-4322-b22d-d49b1aa9b056@group-C5A1D46CE2EB-LeaderElection47 ELECTION round 0: submit vote requests at term 4 for -1: [78df850f-b6e4-442f-ab73-43f51794e862|rpc:10.1.0.6:39903|priority:0, 09544a2e-d1be-4322-b22d-d49b1aa9b056|rpc:10.1.0.6:42003|priority:0, add9ee20-ac1a-4d1d-a881-b847474b364b|rpc:10.1.0.6:39643|priority:1], old=null
2021-07-27 01:07:27,448 [grpc-default-executor-1] INFO  server.RaftServer$Division (RaftServerImpl.java:requestVote(1043)) - add9ee20-ac1a-4d1d-a881-b847474b364b@group-C5A1D46CE2EB: receive requestVote(ELECTION, 09544a2e-d1be-4322-b22d-d49b1aa9b056, group-C5A1D46CE2EB, 4, (t:0, i:0))
2021-07-27 01:07:27,448 [grpc-default-executor-1] INFO  impl.VoteContext (VoteContext.java:log(48)) - add9ee20-ac1a-4d1d-a881-b847474b364b@group-C5A1D46CE2EB-FOLLOWER: reject ELECTION from 09544a2e-d1be-4322-b22d-d49b1aa9b056: our priority 1 > candidate's priority 0
2021-07-27 01:07:27,448 [grpc-default-executor-1] INFO  server.RaftServer$Division (RaftServerImpl.java:setRole(285)) - add9ee20-ac1a-4d1d-a881-b847474b364b@group-C5A1D46CE2EB: changes role from  FOLLOWER to FOLLOWER at term 4 for candidate:09544a2e-d1be-4322-b22d-d49b1aa9b056
2021-07-27 01:07:27,448 [grpc-default-executor-1] INFO  impl.RoleInfo (RoleInfo.java:shutdownFollowerState(108)) - add9ee20-ac1a-4d1d-a881-b847474b364b: shutdown add9ee20-ac1a-4d1d-a881-b847474b364b@group-C5A1D46CE2EB-FollowerState
2021-07-27 01:07:27,449 [grpc-default-executor-1] INFO  impl.RoleInfo (RoleInfo.java:updateAndGet(130)) - add9ee20-ac1a-4d1d-a881-b847474b364b: start add9ee20-ac1a-4d1d-a881-b847474b364b@group-C5A1D46CE2EB-FollowerState
2021-07-27 01:07:27,450 [add9ee20-ac1a-4d1d-a881-b847474b364b@group-C5A1D46CE2EB-FollowerState] INFO  impl.FollowerState (FollowerState.java:run(143)) - add9ee20-ac1a-4d1d-a881-b847474b364b@group-C5A1D46CE2EB-FollowerState was interrupted: {}
java.lang.InterruptedException: sleep interrupted
	at java.lang.Thread.sleep(Native Method)
	at java.lang.Thread.sleep(Thread.java:340)
	at java.util.concurrent.TimeUnit.sleep(TimeUnit.java:386)
	at org.apache.ratis.util.TimeDuration.sleep(TimeDuration.java:324)
	at org.apache.ratis.util.TimeDuration.sleep(TimeDuration.java:309)
	at org.apache.ratis.server.impl.FollowerState.run(FollowerState.java:118)
2021-07-27 01:07:27,451 [grpc-default-executor-5] INFO  server.RaftServer$Division (RaftServerImpl.java:requestVote(1043)) - 78df850f-b6e4-442f-ab73-43f51794e862@group-C5A1D46CE2EB: receive requestVote(ELECTION, 09544a2e-d1be-4322-b22d-d49b1aa9b056, group-C5A1D46CE2EB, 4, (t:0, i:0))
2021-07-27 01:07:27,451 [grpc-default-executor-5] INFO  impl.VoteContext (VoteContext.java:log(48)) - 78df850f-b6e4-442f-ab73-43f51794e862@group-C5A1D46CE2EB-FOLLOWER: accept ELECTION from 09544a2e-d1be-4322-b22d-d49b1aa9b056: our priority 0 <= candidate's priority 0
2021-07-27 01:07:27,451 [grpc-default-executor-5] INFO  server.RaftServer$Division (RaftServerImpl.java:setRole(285)) - 78df850f-b6e4-442f-ab73-43f51794e862@group-C5A1D46CE2EB: changes role from  FOLLOWER to FOLLOWER at term 4 for candidate:09544a2e-d1be-4322-b22d-d49b1aa9b056
2021-07-27 01:07:27,451 [grpc-default-executor-5] INFO  impl.RoleInfo (RoleInfo.java:shutdownFollowerState(108)) - 78df850f-b6e4-442f-ab73-43f51794e862: shutdown 78df850f-b6e4-442f-ab73-43f51794e862@group-C5A1D46CE2EB-FollowerState
2021-07-27 01:07:27,451 [grpc-default-executor-5] INFO  impl.RoleInfo (RoleInfo.java:updateAndGet(130)) - 78df850f-b6e4-442f-ab73-43f51794e862: start 78df850f-b6e4-442f-ab73-43f51794e862@group-C5A1D46CE2EB-FollowerState
2021-07-27 01:07:27,451 [78df850f-b6e4-442f-ab73-43f51794e862@group-C5A1D46CE2EB-FollowerState] INFO  impl.FollowerState (FollowerState.java:run(143)) - 78df850f-b6e4-442f-ab73-43f51794e862@group-C5A1D46CE2EB-FollowerState was interrupted: {}
java.lang.InterruptedException: sleep interrupted
	at java.lang.Thread.sleep(Native Method)
	at java.lang.Thread.sleep(Thread.java:340)
	at java.util.concurrent.TimeUnit.sleep(TimeUnit.java:386)
	at org.apache.ratis.util.TimeDuration.sleep(TimeDuration.java:324)
	at org.apache.ratis.util.TimeDuration.sleep(TimeDuration.java:309)
	at org.apache.ratis.server.impl.FollowerState.run(FollowerState.java:118)
2021-07-27 01:07:27,452 [grpc-default-executor-1] INFO  server.RaftServer$Division (RaftServerImpl.java:requestVote(1075)) - add9ee20-ac1a-4d1d-a881-b847474b364b@group-C5A1D46CE2EB replies to ELECTION vote request: 09544a2e-d1be-4322-b22d-d49b1aa9b056<-add9ee20-ac1a-4d1d-a881-b847474b364b#0:FAIL-t4. Peer's state: add9ee20-ac1a-4d1d-a881-b847474b364b@group-C5A1D46CE2EB:t4, leader=null, voted=null, raftlog=add9ee20-ac1a-4d1d-a881-b847474b364b@group-C5A1D46CE2EB-SegmentedRaftLog:OPENED:c-1,f-1,i0, conf=-1: [78df850f-b6e4-442f-ab73-43f51794e862|rpc:10.1.0.6:39903|dataStream:|priority:0, 09544a2e-d1be-4322-b22d-d49b1aa9b056|rpc:10.1.0.6:42003|dataStream:|priority:0, add9ee20-ac1a-4d1d-a881-b847474b364b|rpc:10.1.0.6:39643|dataStream:|priority:1], old=null
2021-07-27 01:07:27,452 [09544a2e-d1be-4322-b22d-d49b1aa9b056@group-C5A1D46CE2EB-LeaderElection47] INFO  impl.LeaderElection (LeaderElection.java:logAndReturn(89)) - 09544a2e-d1be-4322-b22d-d49b1aa9b056@group-C5A1D46CE2EB-LeaderElection47: ELECTION REJECTED received 1 response(s) and 0 exception(s):
2021-07-27 01:07:27,453 [09544a2e-d1be-4322-b22d-d49b1aa9b056@group-C5A1D46CE2EB-LeaderElection47] INFO  impl.LeaderElection (LeaderElection.java:logAndReturn(93)) -   Response 0: 09544a2e-d1be-4322-b22d-d49b1aa9b056<-add9ee20-ac1a-4d1d-a881-b847474b364b#0:FAIL-t4
2021-07-27 01:07:27,453 [09544a2e-d1be-4322-b22d-d49b1aa9b056@group-C5A1D46CE2EB-LeaderElection47] INFO  impl.LeaderElection (LeaderElection.java:askForVotes(308)) - 09544a2e-d1be-4322-b22d-d49b1aa9b056@group-C5A1D46CE2EB-LeaderElection47 ELECTION round 0: result REJECTED
2021-07-27 01:07:27,453 [09544a2e-d1be-4322-b22d-d49b1aa9b056@group-C5A1D46CE2EB-LeaderElection47] INFO  server.RaftServer$Division (RaftServerImpl.java:setRole(285)) - 09544a2e-d1be-4322-b22d-d49b1aa9b056@group-C5A1D46CE2EB: changes role from CANDIDATE to FOLLOWER at term 4 for REJECTED
2021-07-27 01:07:27,453 [09544a2e-d1be-4322-b22d-d49b1aa9b056@group-C5A1D46CE2EB-LeaderElection47] INFO  impl.RoleInfo (RoleInfo.java:shutdownLeaderElection(121)) - 09544a2e-d1be-4322-b22d-d49b1aa9b056: shutdown 09544a2e-d1be-4322-b22d-d49b1aa9b056@group-C5A1D46CE2EB-LeaderElection47
2021-07-27 01:07:27,453 [09544a2e-d1be-4322-b22d-d49b1aa9b056@group-C5A1D46CE2EB-LeaderElection47] INFO  impl.RoleInfo (RoleInfo.java:updateAndGet(130)) - 09544a2e-d1be-4322-b22d-d49b1aa9b056: start 09544a2e-d1be-4322-b22d-d49b1aa9b056@group-C5A1D46CE2EB-FollowerState
2021-07-27 01:07:27,454 [grpc-default-executor-5] INFO  server.RaftServer$Division (RaftServerImpl.java:requestVote(1075)) - 78df850f-b6e4-442f-ab73-43f51794e862@group-C5A1D46CE2EB replies to ELECTION vote request: 09544a2e-d1be-4322-b22d-d49b1aa9b056<-78df850f-b6e4-442f-ab73-43f51794e862#0:OK-t4. Peer's state: 78df850f-b6e4-442f-ab73-43f51794e862@group-C5A1D46CE2EB:t4, leader=null, voted=09544a2e-d1be-4322-b22d-d49b1aa9b056, raftlog=78df850f-b6e4-442f-ab73-43f51794e862@group-C5A1D46CE2EB-SegmentedRaftLog:OPENED:c-1,f-1,i0, conf=-1: [78df850f-b6e4-442f-ab73-43f51794e862|rpc:10.1.0.6:39903|dataStream:|priority:0, 09544a2e-d1be-4322-b22d-d49b1aa9b056|rpc:10.1.0.6:42003|dataStream:|priority:0, add9ee20-ac1a-4d1d-a881-b847474b364b|rpc:10.1.0.6:39643|dataStream:|priority:1], old=null
2021-07-27 01:07:27,653 [09544a2e-d1be-4322-b22d-d49b1aa9b056@group-13FC57B98B14-FollowerState] INFO  impl.FollowerState (FollowerState.java:run(134)) - 09544a2e-d1be-4322-b22d-d49b1aa9b056@group-13FC57B98B14-FollowerState: change to CANDIDATE, lastRpcElapsedTime:5019541351ns, electionTimeout:5019ms
2021-07-27 01:07:27,653 [09544a2e-d1be-4322-b22d-d49b1aa9b056@group-13FC57B98B14-FollowerState] INFO  impl.RoleInfo (RoleInfo.java:shutdownFollowerState(108)) - 09544a2e-d1be-4322-b22d-d49b1aa9b056: shutdown 09544a2e-d1be-4322-b22d-d49b1aa9b056@group-13FC57B98B14-FollowerState
2021-07-27 01:07:27,653 [09544a2e-d1be-4322-b22d-d49b1aa9b056@group-13FC57B98B14-FollowerState] INFO  server.RaftServer$Division (RaftServerImpl.java:setRole(285)) - 09544a2e-d1be-4322-b22d-d49b1aa9b056@group-13FC57B98B14: changes role from  FOLLOWER to CANDIDATE at term 3 for changeToCandidate
2021-07-27 01:07:27,653 [09544a2e-d1be-4322-b22d-d49b1aa9b056@group-13FC57B98B14-FollowerState] INFO  server.RaftServerConfigKeys (ConfUtils.java:logGet(44)) - raft.server.leaderelection.pre-vote = false (custom)
2021-07-27 01:07:27,654 [09544a2e-d1be-4322-b22d-d49b1aa9b056@group-13FC57B98B14-FollowerState] INFO  impl.RoleInfo (RoleInfo.java:updateAndGet(130)) - 09544a2e-d1be-4322-b22d-d49b1aa9b056: start 09544a2e-d1be-4322-b22d-d49b1aa9b056@group-13FC57B98B14-LeaderElection48
2021-07-27 01:07:27,655 [09544a2e-d1be-4322-b22d-d49b1aa9b056@group-13FC57B98B14-LeaderElection48] INFO  impl.LeaderElection (LeaderElection.java:askForVotes(306)) - 09544a2e-d1be-4322-b22d-d49b1aa9b056@group-13FC57B98B14-LeaderElection48 ELECTION round 0: submit vote requests at term 4 for -1: [78df850f-b6e4-442f-ab73-43f51794e862|rpc:10.1.0.6:39903|priority:1, 09544a2e-d1be-4322-b22d-d49b1aa9b056|rpc:10.1.0.6:42003|priority:0, add9ee20-ac1a-4d1d-a881-b847474b364b|rpc:10.1.0.6:39643|priority:0], old=null
2021-07-27 01:07:27,658 [grpc-default-executor-5] INFO  server.RaftServer$Division (RaftServerImpl.java:requestVote(1043)) - 78df850f-b6e4-442f-ab73-43f51794e862@group-13FC57B98B14: receive requestVote(ELECTION, 09544a2e-d1be-4322-b22d-d49b1aa9b056, group-13FC57B98B14, 4, (t:0, i:0))
2021-07-27 01:07:27,658 [grpc-default-executor-5] INFO  impl.VoteContext (VoteContext.java:log(48)) - 78df850f-b6e4-442f-ab73-43f51794e862@group-13FC57B98B14-FOLLOWER: reject ELECTION from 09544a2e-d1be-4322-b22d-d49b1aa9b056: our priority 1 > candidate's priority 0
2021-07-27 01:07:27,658 [grpc-default-executor-5] INFO  server.RaftServer$Division (RaftServerImpl.java:setRole(285)) - 78df850f-b6e4-442f-ab73-43f51794e862@group-13FC57B98B14: changes role from  FOLLOWER to FOLLOWER at term 4 for candidate:09544a2e-d1be-4322-b22d-d49b1aa9b056
2021-07-27 01:07:27,658 [grpc-default-executor-5] INFO  impl.RoleInfo (RoleInfo.java:shutdownFollowerState(108)) - 78df850f-b6e4-442f-ab73-43f51794e862: shutdown 78df850f-b6e4-442f-ab73-43f51794e862@group-13FC57B98B14-FollowerState
2021-07-27 01:07:27,658 [grpc-default-executor-5] INFO  impl.RoleInfo (RoleInfo.java:updateAndGet(130)) - 78df850f-b6e4-442f-ab73-43f51794e862: start 78df850f-b6e4-442f-ab73-43f51794e862@group-13FC57B98B14-FollowerState
2021-07-27 01:07:27,658 [78df850f-b6e4-442f-ab73-43f51794e862@group-13FC57B98B14-FollowerState] INFO  impl.FollowerState (FollowerState.java:run(143)) - 78df850f-b6e4-442f-ab73-43f51794e862@group-13FC57B98B14-FollowerState was interrupted: {}
java.lang.InterruptedException: sleep interrupted
	at java.lang.Thread.sleep(Native Method)
	at java.lang.Thread.sleep(Thread.java:340)
	at java.util.concurrent.TimeUnit.sleep(TimeUnit.java:386)
	at org.apache.ratis.util.TimeDuration.sleep(TimeDuration.java:324)
	at org.apache.ratis.util.TimeDuration.sleep(TimeDuration.java:309)
	at org.apache.ratis.server.impl.FollowerState.run(FollowerState.java:118)
2021-07-27 01:07:27,659 [grpc-default-executor-1] INFO  server.RaftServer$Division (RaftServerImpl.java:requestVote(1043)) - add9ee20-ac1a-4d1d-a881-b847474b364b@group-13FC57B98B14: receive requestVote(ELECTION, 09544a2e-d1be-4322-b22d-d49b1aa9b056, group-13FC57B98B14, 4, (t:0, i:0))
2021-07-27 01:07:27,660 [grpc-default-executor-1] INFO  impl.VoteContext (VoteContext.java:log(48)) - add9ee20-ac1a-4d1d-a881-b847474b364b@group-13FC57B98B14-FOLLOWER: accept ELECTION from 09544a2e-d1be-4322-b22d-d49b1aa9b056: our priority 0 <= candidate's priority 0
2021-07-27 01:07:27,660 [grpc-default-executor-1] INFO  server.RaftServer$Division (RaftServerImpl.java:setRole(285)) - add9ee20-ac1a-4d1d-a881-b847474b364b@group-13FC57B98B14: changes role from  FOLLOWER to FOLLOWER at term 4 for candidate:09544a2e-d1be-4322-b22d-d49b1aa9b056
2021-07-27 01:07:27,660 [grpc-default-executor-1] INFO  impl.RoleInfo (RoleInfo.java:shutdownFollowerState(108)) - add9ee20-ac1a-4d1d-a881-b847474b364b: shutdown add9ee20-ac1a-4d1d-a881-b847474b364b@group-13FC57B98B14-FollowerState
2021-07-27 01:07:27,660 [grpc-default-executor-1] INFO  impl.RoleInfo (RoleInfo.java:updateAndGet(130)) - add9ee20-ac1a-4d1d-a881-b847474b364b: start add9ee20-ac1a-4d1d-a881-b847474b364b@group-13FC57B98B14-FollowerState
2021-07-27 01:07:27,660 [add9ee20-ac1a-4d1d-a881-b847474b364b@group-13FC57B98B14-FollowerState] INFO  impl.FollowerState (FollowerState.java:run(143)) - add9ee20-ac1a-4d1d-a881-b847474b364b@group-13FC57B98B14-FollowerState was interrupted: {}
java.lang.InterruptedException: sleep interrupted
	at java.lang.Thread.sleep(Native Method)
	at java.lang.Thread.sleep(Thread.java:340)
	at java.util.concurrent.TimeUnit.sleep(TimeUnit.java:386)
	at org.apache.ratis.util.TimeDuration.sleep(TimeDuration.java:324)
	at org.apache.ratis.util.TimeDuration.sleep(TimeDuration.java:309)
	at org.apache.ratis.server.impl.FollowerState.run(FollowerState.java:118)
2021-07-27 01:07:27,661 [grpc-default-executor-1] INFO  server.RaftServer$Division (RaftServerImpl.java:requestVote(1075)) - add9ee20-ac1a-4d1d-a881-b847474b364b@group-13FC57B98B14 replies to ELECTION vote request: 09544a2e-d1be-4322-b22d-d49b1aa9b056<-add9ee20-ac1a-4d1d-a881-b847474b364b#0:OK-t4. Peer's state: add9ee20-ac1a-4d1d-a881-b847474b364b@group-13FC57B98B14:t4, leader=null, voted=09544a2e-d1be-4322-b22d-d49b1aa9b056, raftlog=add9ee20-ac1a-4d1d-a881-b847474b364b@group-13FC57B98B14-SegmentedRaftLog:OPENED:c-1,f-1,i0, conf=-1: [78df850f-b6e4-442f-ab73-43f51794e862|rpc:10.1.0.6:39903|dataStream:|priority:1, 09544a2e-d1be-4322-b22d-d49b1aa9b056|rpc:10.1.0.6:42003|dataStream:|priority:0, add9ee20-ac1a-4d1d-a881-b847474b364b|rpc:10.1.0.6:39643|dataStream:|priority:0], old=null
2021-07-27 01:07:27,663 [grpc-default-executor-5] INFO  server.RaftServer$Division (RaftServerImpl.java:requestVote(1075)) - 78df850f-b6e4-442f-ab73-43f51794e862@group-13FC57B98B14 replies to ELECTION vote request: 09544a2e-d1be-4322-b22d-d49b1aa9b056<-78df850f-b6e4-442f-ab73-43f51794e862#0:FAIL-t4. Peer's state: 78df850f-b6e4-442f-ab73-43f51794e862@group-13FC57B98B14:t4, leader=null, voted=null, raftlog=78df850f-b6e4-442f-ab73-43f51794e862@group-13FC57B98B14-SegmentedRaftLog:OPENED:c-1,f-1,i0, conf=-1: [78df850f-b6e4-442f-ab73-43f51794e862|rpc:10.1.0.6:39903|dataStream:|priority:1, 09544a2e-d1be-4322-b22d-d49b1aa9b056|rpc:10.1.0.6:42003|dataStream:|priority:0, add9ee20-ac1a-4d1d-a881-b847474b364b|rpc:10.1.0.6:39643|dataStream:|priority:0], old=null
2021-07-27 01:07:27,664 [09544a2e-d1be-4322-b22d-d49b1aa9b056@group-13FC57B98B14-LeaderElection48] INFO  impl.LeaderElection (LeaderElection.java:logAndReturn(89)) - 09544a2e-d1be-4322-b22d-d49b1aa9b056@group-13FC57B98B14-LeaderElection48: ELECTION REJECTED received 2 response(s) and 0 exception(s):
2021-07-27 01:07:27,664 [09544a2e-d1be-4322-b22d-d49b1aa9b056@group-13FC57B98B14-LeaderElection48] INFO  impl.LeaderElection (LeaderElection.java:logAndReturn(93)) -   Response 0: 09544a2e-d1be-4322-b22d-d49b1aa9b056<-78df850f-b6e4-442f-ab73-43f51794e862#0:FAIL-t4
2021-07-27 01:07:27,664 [09544a2e-d1be-4322-b22d-d49b1aa9b056@group-13FC57B98B14-LeaderElection48] INFO  impl.LeaderElection (LeaderElection.java:logAndReturn(93)) -   Response 1: 09544a2e-d1be-4322-b22d-d49b1aa9b056<-add9ee20-ac1a-4d1d-a881-b847474b364b#0:OK-t4
2021-07-27 01:07:27,665 [09544a2e-d1be-4322-b22d-d49b1aa9b056@group-13FC57B98B14-LeaderElection48] INFO  impl.LeaderElection (LeaderElection.java:askForVotes(308)) - 09544a2e-d1be-4322-b22d-d49b1aa9b056@group-13FC57B98B14-LeaderElection48 ELECTION round 0: result REJECTED
2021-07-27 01:07:27,665 [09544a2e-d1be-4322-b22d-d49b1aa9b056@group-13FC57B98B14-LeaderElection48] INFO  server.RaftServer$Division (RaftServerImpl.java:setRole(285)) - 09544a2e-d1be-4322-b22d-d49b1aa9b056@group-13FC57B98B14: changes role from CANDIDATE to FOLLOWER at term 4 for REJECTED
2021-07-27 01:07:27,665 [09544a2e-d1be-4322-b22d-d49b1aa9b056@group-13FC57B98B14-LeaderElection48] INFO  impl.RoleInfo (RoleInfo.java:shutdownLeaderElection(121)) - 09544a2e-d1be-4322-b22d-d49b1aa9b056: shutdown 09544a2e-d1be-4322-b22d-d49b1aa9b056@group-13FC57B98B14-LeaderElection48
2021-07-27 01:07:27,665 [09544a2e-d1be-4322-b22d-d49b1aa9b056@group-13FC57B98B14-LeaderElection48] INFO  impl.RoleInfo (RoleInfo.java:updateAndGet(130)) - 09544a2e-d1be-4322-b22d-d49b1aa9b056: start 09544a2e-d1be-4322-b22d-d49b1aa9b056@group-13FC57B98B14-FollowerState
2021-07-27 01:07:28,436 [Listener at 127.0.0.1/40495] INFO  ozone.MiniOzoneClusterImpl (MiniOzoneClusterImpl.java:lambda$waitForClusterToBeReady$0(235)) - Nodes are ready. Got 3 of 3 DN Heartbeats.
2021-07-27 01:07:28,436 [Listener at 127.0.0.1/40495] INFO  ozone.MiniOzoneClusterImpl (MiniOzoneClusterImpl.java:lambda$waitForClusterToBeReady$0(238)) - Waiting for cluster to exit safe mode
2021-07-27 01:07:28,436 [Listener at 127.0.0.1/40495] INFO  ozone.MiniOzoneClusterImpl (MiniOzoneClusterImpl.java:lambda$waitForClusterToBeReady$0(240)) - SCM became leader
2021-07-27 01:07:29,436 [Listener at 127.0.0.1/40495] INFO  ozone.MiniOzoneClusterImpl (MiniOzoneClusterImpl.java:lambda$waitForClusterToBeReady$0(235)) - Nodes are ready. Got 3 of 3 DN Heartbeats.
2021-07-27 01:07:29,436 [Listener at 127.0.0.1/40495] INFO  ozone.MiniOzoneClusterImpl (MiniOzoneClusterImpl.java:lambda$waitForClusterToBeReady$0(238)) - Waiting for cluster to exit safe mode
2021-07-27 01:07:29,436 [Listener at 127.0.0.1/40495] INFO  ozone.MiniOzoneClusterImpl (MiniOzoneClusterImpl.java:lambda$waitForClusterToBeReady$0(240)) - SCM became leader
2021-07-27 01:07:30,437 [Listener at 127.0.0.1/40495] INFO  ozone.MiniOzoneClusterImpl (MiniOzoneClusterImpl.java:lambda$waitForClusterToBeReady$0(235)) - Nodes are ready. Got 3 of 3 DN Heartbeats.
2021-07-27 01:07:30,437 [Listener at 127.0.0.1/40495] INFO  ozone.MiniOzoneClusterImpl (MiniOzoneClusterImpl.java:lambda$waitForClusterToBeReady$0(238)) - Waiting for cluster to exit safe mode
2021-07-27 01:07:30,437 [Listener at 127.0.0.1/40495] INFO  ozone.MiniOzoneClusterImpl (MiniOzoneClusterImpl.java:lambda$waitForClusterToBeReady$0(240)) - SCM became leader
2021-07-27 01:07:31,437 [Listener at 127.0.0.1/40495] INFO  ozone.MiniOzoneClusterImpl (MiniOzoneClusterImpl.java:lambda$waitForClusterToBeReady$0(235)) - Nodes are ready. Got 3 of 3 DN Heartbeats.
2021-07-27 01:07:31,437 [Listener at 127.0.0.1/40495] INFO  ozone.MiniOzoneClusterImpl (MiniOzoneClusterImpl.java:lambda$waitForClusterToBeReady$0(238)) - Waiting for cluster to exit safe mode
2021-07-27 01:07:31,438 [Listener at 127.0.0.1/40495] INFO  ozone.MiniOzoneClusterImpl (MiniOzoneClusterImpl.java:lambda$waitForClusterToBeReady$0(240)) - SCM became leader
2021-07-27 01:07:32,438 [Listener at 127.0.0.1/40495] INFO  ozone.MiniOzoneClusterImpl (MiniOzoneClusterImpl.java:lambda$waitForClusterToBeReady$0(235)) - Nodes are ready. Got 3 of 3 DN Heartbeats.
2021-07-27 01:07:32,438 [Listener at 127.0.0.1/40495] INFO  ozone.MiniOzoneClusterImpl (MiniOzoneClusterImpl.java:lambda$waitForClusterToBeReady$0(238)) - Waiting for cluster to exit safe mode
2021-07-27 01:07:32,438 [Listener at 127.0.0.1/40495] INFO  ozone.MiniOzoneClusterImpl (MiniOzoneClusterImpl.java:lambda$waitForClusterToBeReady$0(240)) - SCM became leader
2021-07-27 01:07:32,512 [add9ee20-ac1a-4d1d-a881-b847474b364b@group-C5A1D46CE2EB-FollowerState] INFO  impl.FollowerState (FollowerState.java:run(134)) - add9ee20-ac1a-4d1d-a881-b847474b364b@group-C5A1D46CE2EB-FollowerState: change to CANDIDATE, lastRpcElapsedTime:5063318116ns, electionTimeout:5061ms
2021-07-27 01:07:32,512 [add9ee20-ac1a-4d1d-a881-b847474b364b@group-C5A1D46CE2EB-FollowerState] INFO  impl.RoleInfo (RoleInfo.java:shutdownFollowerState(108)) - add9ee20-ac1a-4d1d-a881-b847474b364b: shutdown add9ee20-ac1a-4d1d-a881-b847474b364b@group-C5A1D46CE2EB-FollowerState
2021-07-27 01:07:32,512 [add9ee20-ac1a-4d1d-a881-b847474b364b@group-C5A1D46CE2EB-FollowerState] INFO  server.RaftServer$Division (RaftServerImpl.java:setRole(285)) - add9ee20-ac1a-4d1d-a881-b847474b364b@group-C5A1D46CE2EB: changes role from  FOLLOWER to CANDIDATE at term 4 for changeToCandidate
2021-07-27 01:07:32,512 [add9ee20-ac1a-4d1d-a881-b847474b364b@group-C5A1D46CE2EB-FollowerState] INFO  server.RaftServerConfigKeys (ConfUtils.java:logGet(44)) - raft.server.leaderelection.pre-vote = false (custom)
2021-07-27 01:07:32,512 [add9ee20-ac1a-4d1d-a881-b847474b364b@group-C5A1D46CE2EB-FollowerState] INFO  impl.RoleInfo (RoleInfo.java:updateAndGet(130)) - add9ee20-ac1a-4d1d-a881-b847474b364b: start add9ee20-ac1a-4d1d-a881-b847474b364b@group-C5A1D46CE2EB-LeaderElection49
2021-07-27 01:07:32,514 [add9ee20-ac1a-4d1d-a881-b847474b364b@group-C5A1D46CE2EB-LeaderElection49] INFO  impl.LeaderElection (LeaderElection.java:askForVotes(306)) - add9ee20-ac1a-4d1d-a881-b847474b364b@group-C5A1D46CE2EB-LeaderElection49 ELECTION round 0: submit vote requests at term 5 for -1: [78df850f-b6e4-442f-ab73-43f51794e862|rpc:10.1.0.6:39903|dataStream:|priority:0, 09544a2e-d1be-4322-b22d-d49b1aa9b056|rpc:10.1.0.6:42003|dataStream:|priority:0, add9ee20-ac1a-4d1d-a881-b847474b364b|rpc:10.1.0.6:39643|dataStream:|priority:1], old=null
2021-07-27 01:07:32,525 [grpc-default-executor-5] INFO  server.RaftServer$Division (RaftServerImpl.java:requestVote(1043)) - 78df850f-b6e4-442f-ab73-43f51794e862@group-C5A1D46CE2EB: receive requestVote(ELECTION, add9ee20-ac1a-4d1d-a881-b847474b364b, group-C5A1D46CE2EB, 5, (t:0, i:0))
2021-07-27 01:07:32,525 [grpc-default-executor-5] INFO  impl.VoteContext (VoteContext.java:log(48)) - 78df850f-b6e4-442f-ab73-43f51794e862@group-C5A1D46CE2EB-FOLLOWER: accept ELECTION from add9ee20-ac1a-4d1d-a881-b847474b364b: our priority 0 <= candidate's priority 1
2021-07-27 01:07:32,525 [grpc-default-executor-5] INFO  server.RaftServer$Division (RaftServerImpl.java:setRole(285)) - 78df850f-b6e4-442f-ab73-43f51794e862@group-C5A1D46CE2EB: changes role from  FOLLOWER to FOLLOWER at term 5 for candidate:add9ee20-ac1a-4d1d-a881-b847474b364b
2021-07-27 01:07:32,525 [grpc-default-executor-5] INFO  impl.RoleInfo (RoleInfo.java:shutdownFollowerState(108)) - 78df850f-b6e4-442f-ab73-43f51794e862: shutdown 78df850f-b6e4-442f-ab73-43f51794e862@group-C5A1D46CE2EB-FollowerState
2021-07-27 01:07:32,525 [grpc-default-executor-5] INFO  impl.RoleInfo (RoleInfo.java:updateAndGet(130)) - 78df850f-b6e4-442f-ab73-43f51794e862: start 78df850f-b6e4-442f-ab73-43f51794e862@group-C5A1D46CE2EB-FollowerState
2021-07-27 01:07:32,525 [78df850f-b6e4-442f-ab73-43f51794e862@group-C5A1D46CE2EB-FollowerState] INFO  impl.FollowerState (FollowerState.java:run(143)) - 78df850f-b6e4-442f-ab73-43f51794e862@group-C5A1D46CE2EB-FollowerState was interrupted: {}
java.lang.InterruptedException: sleep interrupted
	at java.lang.Thread.sleep(Native Method)
	at java.lang.Thread.sleep(Thread.java:340)
	at java.util.concurrent.TimeUnit.sleep(TimeUnit.java:386)
	at org.apache.ratis.util.TimeDuration.sleep(TimeDuration.java:324)
	at org.apache.ratis.util.TimeDuration.sleep(TimeDuration.java:309)
	at org.apache.ratis.server.impl.FollowerState.run(FollowerState.java:118)
2021-07-27 01:07:32,526 [grpc-default-executor-1] INFO  server.RaftServer$Division (RaftServerImpl.java:requestVote(1043)) - 09544a2e-d1be-4322-b22d-d49b1aa9b056@group-C5A1D46CE2EB: receive requestVote(ELECTION, add9ee20-ac1a-4d1d-a881-b847474b364b, group-C5A1D46CE2EB, 5, (t:0, i:0))
2021-07-27 01:07:32,526 [grpc-default-executor-1] INFO  impl.VoteContext (VoteContext.java:log(48)) - 09544a2e-d1be-4322-b22d-d49b1aa9b056@group-C5A1D46CE2EB-FOLLOWER: accept ELECTION from add9ee20-ac1a-4d1d-a881-b847474b364b: our priority 0 <= candidate's priority 1
2021-07-27 01:07:32,526 [grpc-default-executor-1] INFO  server.RaftServer$Division (RaftServerImpl.java:setRole(285)) - 09544a2e-d1be-4322-b22d-d49b1aa9b056@group-C5A1D46CE2EB: changes role from  FOLLOWER to FOLLOWER at term 5 for candidate:add9ee20-ac1a-4d1d-a881-b847474b364b
2021-07-27 01:07:32,526 [grpc-default-executor-1] INFO  impl.RoleInfo (RoleInfo.java:shutdownFollowerState(108)) - 09544a2e-d1be-4322-b22d-d49b1aa9b056: shutdown 09544a2e-d1be-4322-b22d-d49b1aa9b056@group-C5A1D46CE2EB-FollowerState
2021-07-27 01:07:32,528 [grpc-default-executor-1] INFO  impl.RoleInfo (RoleInfo.java:updateAndGet(130)) - 09544a2e-d1be-4322-b22d-d49b1aa9b056: start 09544a2e-d1be-4322-b22d-d49b1aa9b056@group-C5A1D46CE2EB-FollowerState
2021-07-27 01:07:32,528 [09544a2e-d1be-4322-b22d-d49b1aa9b056@group-C5A1D46CE2EB-FollowerState] INFO  impl.FollowerState (FollowerState.java:run(143)) - 09544a2e-d1be-4322-b22d-d49b1aa9b056@group-C5A1D46CE2EB-FollowerState was interrupted: {}
java.lang.InterruptedException: sleep interrupted
	at java.lang.Thread.sleep(Native Method)
	at java.lang.Thread.sleep(Thread.java:340)
	at java.util.concurrent.TimeUnit.sleep(TimeUnit.java:386)
	at org.apache.ratis.util.TimeDuration.sleep(TimeDuration.java:324)
	at org.apache.ratis.util.TimeDuration.sleep(TimeDuration.java:309)
	at org.apache.ratis.server.impl.FollowerState.run(FollowerState.java:118)
2021-07-27 01:07:32,530 [grpc-default-executor-5] INFO  server.RaftServer$Division (RaftServerImpl.java:requestVote(1075)) - 78df850f-b6e4-442f-ab73-43f51794e862@group-C5A1D46CE2EB replies to ELECTION vote request: add9ee20-ac1a-4d1d-a881-b847474b364b<-78df850f-b6e4-442f-ab73-43f51794e862#0:OK-t5. Peer's state: 78df850f-b6e4-442f-ab73-43f51794e862@group-C5A1D46CE2EB:t5, leader=null, voted=add9ee20-ac1a-4d1d-a881-b847474b364b, raftlog=78df850f-b6e4-442f-ab73-43f51794e862@group-C5A1D46CE2EB-SegmentedRaftLog:OPENED:c-1,f-1,i0, conf=-1: [78df850f-b6e4-442f-ab73-43f51794e862|rpc:10.1.0.6:39903|dataStream:|priority:0, 09544a2e-d1be-4322-b22d-d49b1aa9b056|rpc:10.1.0.6:42003|dataStream:|priority:0, add9ee20-ac1a-4d1d-a881-b847474b364b|rpc:10.1.0.6:39643|dataStream:|priority:1], old=null
2021-07-27 01:07:32,532 [grpc-default-executor-1] INFO  server.RaftServer$Division (RaftServerImpl.java:requestVote(1075)) - 09544a2e-d1be-4322-b22d-d49b1aa9b056@group-C5A1D46CE2EB replies to ELECTION vote request: add9ee20-ac1a-4d1d-a881-b847474b364b<-09544a2e-d1be-4322-b22d-d49b1aa9b056#0:OK-t5. Peer's state: 09544a2e-d1be-4322-b22d-d49b1aa9b056@group-C5A1D46CE2EB:t5, leader=null, voted=add9ee20-ac1a-4d1d-a881-b847474b364b, raftlog=09544a2e-d1be-4322-b22d-d49b1aa9b056@group-C5A1D46CE2EB-SegmentedRaftLog:OPENED:c-1,f-1,i0, conf=-1: [78df850f-b6e4-442f-ab73-43f51794e862|rpc:10.1.0.6:39903|priority:0, 09544a2e-d1be-4322-b22d-d49b1aa9b056|rpc:10.1.0.6:42003|priority:0, add9ee20-ac1a-4d1d-a881-b847474b364b|rpc:10.1.0.6:39643|priority:1], old=null
2021-07-27 01:07:32,539 [add9ee20-ac1a-4d1d-a881-b847474b364b@group-C5A1D46CE2EB-LeaderElection49] INFO  impl.LeaderElection (LeaderElection.java:logAndReturn(89)) - add9ee20-ac1a-4d1d-a881-b847474b364b@group-C5A1D46CE2EB-LeaderElection49: ELECTION PASSED received 1 response(s) and 0 exception(s):
2021-07-27 01:07:32,539 [add9ee20-ac1a-4d1d-a881-b847474b364b@group-C5A1D46CE2EB-LeaderElection49] INFO  impl.LeaderElection (LeaderElection.java:logAndReturn(93)) -   Response 0: add9ee20-ac1a-4d1d-a881-b847474b364b<-09544a2e-d1be-4322-b22d-d49b1aa9b056#0:OK-t5
2021-07-27 01:07:32,539 [add9ee20-ac1a-4d1d-a881-b847474b364b@group-C5A1D46CE2EB-LeaderElection49] INFO  impl.LeaderElection (LeaderElection.java:askForVotes(308)) - add9ee20-ac1a-4d1d-a881-b847474b364b@group-C5A1D46CE2EB-LeaderElection49 ELECTION round 0: result PASSED
2021-07-27 01:07:32,539 [add9ee20-ac1a-4d1d-a881-b847474b364b@group-C5A1D46CE2EB-LeaderElection49] INFO  impl.RoleInfo (RoleInfo.java:shutdownLeaderElection(121)) - add9ee20-ac1a-4d1d-a881-b847474b364b: shutdown add9ee20-ac1a-4d1d-a881-b847474b364b@group-C5A1D46CE2EB-LeaderElection49
2021-07-27 01:07:32,539 [add9ee20-ac1a-4d1d-a881-b847474b364b@group-C5A1D46CE2EB-LeaderElection49] INFO  server.RaftServer$Division (RaftServerImpl.java:setRole(285)) - add9ee20-ac1a-4d1d-a881-b847474b364b@group-C5A1D46CE2EB: changes role from CANDIDATE to LEADER at term 5 for changeToLeader
2021-07-27 01:07:32,539 [add9ee20-ac1a-4d1d-a881-b847474b364b@group-C5A1D46CE2EB-LeaderElection49] INFO  ratis.XceiverServerRatis (XceiverServerRatis.java:handleLeaderChangedNotification(857)) - Leader change notification received for group: group-C5A1D46CE2EB with new leaderId: add9ee20-ac1a-4d1d-a881-b847474b364b
2021-07-27 01:07:32,539 [add9ee20-ac1a-4d1d-a881-b847474b364b@group-C5A1D46CE2EB-LeaderElection49] INFO  server.RaftServer$Division (ServerState.java:setLeader(285)) - add9ee20-ac1a-4d1d-a881-b847474b364b@group-C5A1D46CE2EB: change Leader from null to add9ee20-ac1a-4d1d-a881-b847474b364b at term 5 for becomeLeader, leader elected after 25324ms
2021-07-27 01:07:32,539 [add9ee20-ac1a-4d1d-a881-b847474b364b@group-C5A1D46CE2EB-LeaderElection49] INFO  server.RaftServerConfigKeys (ConfUtils.java:logGet(44)) - raft.server.staging.catchup.gap = 1000 (default)
2021-07-27 01:07:32,539 [add9ee20-ac1a-4d1d-a881-b847474b364b@group-C5A1D46CE2EB-LeaderElection49] INFO  server.RaftServerConfigKeys (ConfUtils.java:logGet(44)) - raft.server.write.element-limit = 1024 (custom)
2021-07-27 01:07:32,539 [add9ee20-ac1a-4d1d-a881-b847474b364b@group-C5A1D46CE2EB-LeaderElection49] INFO  server.RaftServerConfigKeys (ConfUtils.java:logGet(44)) - raft.server.write.byte-limit = 1073741824 (custom)
2021-07-27 01:07:32,540 [add9ee20-ac1a-4d1d-a881-b847474b364b@group-C5A1D46CE2EB-LeaderElection49] INFO  server.RaftServerConfigKeys (ConfUtils.java:logGet(44)) - raft.server.watch.timeout = 180s (custom)
2021-07-27 01:07:32,540 [add9ee20-ac1a-4d1d-a881-b847474b364b@group-C5A1D46CE2EB-LeaderElection49] INFO  server.RaftServerConfigKeys (ConfUtils.java:logGet(44)) - raft.server.watch.timeout.denomination = 1s (default)
2021-07-27 01:07:32,540 [add9ee20-ac1a-4d1d-a881-b847474b364b@group-C5A1D46CE2EB-LeaderElection49] INFO  server.RaftServerConfigKeys (ConfUtils.java:logGet(44)) - raft.server.watch.element-limit = 65536 (default)
2021-07-27 01:07:32,540 [add9ee20-ac1a-4d1d-a881-b847474b364b@group-C5A1D46CE2EB-LeaderElection49] INFO  server.RaftServerConfigKeys (ConfUtils.java:logGet(44)) - raft.server.log.appender.snapshot.chunk.size.max = 16MB (=16777216) (default)
2021-07-27 01:07:32,540 [add9ee20-ac1a-4d1d-a881-b847474b364b@group-C5A1D46CE2EB-LeaderElection49] INFO  server.RaftServerConfigKeys (ConfUtils.java:logGet(44)) - raft.server.log.appender.buffer.byte-limit = 33554432 (custom)
2021-07-27 01:07:32,540 [add9ee20-ac1a-4d1d-a881-b847474b364b@group-C5A1D46CE2EB-LeaderElection49] INFO  server.RaftServerConfigKeys (ConfUtils.java:logGet(44)) - raft.server.log.appender.buffer.element-limit = 1 (custom)
2021-07-27 01:07:32,540 [add9ee20-ac1a-4d1d-a881-b847474b364b@group-C5A1D46CE2EB-LeaderElection49] INFO  grpc.GrpcConfigKeys (ConfUtils.java:logGet(44)) - raft.grpc.server.leader.outstanding.appends.max = 128 (default)
2021-07-27 01:07:32,540 [add9ee20-ac1a-4d1d-a881-b847474b364b@group-C5A1D46CE2EB-LeaderElection49] INFO  server.RaftServerConfigKeys (ConfUtils.java:logGet(44)) - raft.server.rpc.request.timeout = 60s (custom)
2021-07-27 01:07:32,540 [add9ee20-ac1a-4d1d-a881-b847474b364b@group-C5A1D46CE2EB-LeaderElection49] INFO  server.RaftServerConfigKeys (ConfUtils.java:logGet(44)) - raft.server.log.appender.install.snapshot.enabled = false (custom)
2021-07-27 01:07:32,541 [add9ee20-ac1a-4d1d-a881-b847474b364b@group-C5A1D46CE2EB-LeaderElection49] INFO  server.RaftServerConfigKeys (ConfUtils.java:logGet(44)) - raft.server.log.appender.snapshot.chunk.size.max = 16MB (=16777216) (default)
2021-07-27 01:07:32,541 [add9ee20-ac1a-4d1d-a881-b847474b364b@group-C5A1D46CE2EB-LeaderElection49] INFO  server.RaftServerConfigKeys (ConfUtils.java:logGet(44)) - raft.server.log.appender.buffer.byte-limit = 33554432 (custom)
2021-07-27 01:07:32,541 [add9ee20-ac1a-4d1d-a881-b847474b364b@group-C5A1D46CE2EB-LeaderElection49] INFO  server.RaftServerConfigKeys (ConfUtils.java:logGet(44)) - raft.server.log.appender.buffer.element-limit = 1 (custom)
2021-07-27 01:07:32,541 [add9ee20-ac1a-4d1d-a881-b847474b364b@group-C5A1D46CE2EB-LeaderElection49] INFO  grpc.GrpcConfigKeys (ConfUtils.java:logGet(44)) - raft.grpc.server.leader.outstanding.appends.max = 128 (default)
2021-07-27 01:07:32,541 [add9ee20-ac1a-4d1d-a881-b847474b364b@group-C5A1D46CE2EB-LeaderElection49] INFO  server.RaftServerConfigKeys (ConfUtils.java:logGet(44)) - raft.server.rpc.request.timeout = 60s (custom)
2021-07-27 01:07:32,541 [add9ee20-ac1a-4d1d-a881-b847474b364b@group-C5A1D46CE2EB-LeaderElection49] INFO  server.RaftServerConfigKeys (ConfUtils.java:logGet(44)) - raft.server.log.appender.install.snapshot.enabled = false (custom)
2021-07-27 01:07:32,542 [add9ee20-ac1a-4d1d-a881-b847474b364b@group-C5A1D46CE2EB-LeaderElection49] INFO  impl.RoleInfo (RoleInfo.java:updateAndGet(130)) - add9ee20-ac1a-4d1d-a881-b847474b364b: start add9ee20-ac1a-4d1d-a881-b847474b364b@group-C5A1D46CE2EB-LeaderStateImpl
2021-07-27 01:07:32,542 [add9ee20-ac1a-4d1d-a881-b847474b364b@group-C5A1D46CE2EB-LeaderElection49] INFO  segmented.SegmentedRaftLogWorker (SegmentedRaftLogWorker.java:startLogSegment(394)) - add9ee20-ac1a-4d1d-a881-b847474b364b@group-C5A1D46CE2EB-SegmentedRaftLogWorker: Starting segment from index:0
2021-07-27 01:07:32,543 [Datanode State Machine Thread - 0] WARN  statemachine.StateContext (StateContext.java:execute(621)) - No available thread in pool for past 1 seconds.
2021-07-27 01:07:32,544 [EventQueue-PipelineReportForPipelineReportHandler] INFO  pipeline.PipelineManagerV2Impl (PipelineManagerV2Impl.java:openPipeline(283)) - Pipeline Pipeline[ Id: 1adaa32e-2617-4847-b406-c5a1d46ce2eb, Nodes: 78df850f-b6e4-442f-ab73-43f51794e862{ip: 10.1.0.6, host: fv-az116-554.vzw04321ajxubdbcnpick5nqva.xx.internal.cloudapp.net, ports: [REPLICATION=44605, RATIS=39903, RATIS_ADMIN=39903, RATIS_SERVER=39903, STANDALONE=38763], networkLocation: /default-rack, certSerialId: null, persistedOpState: IN_SERVICE, persistedOpStateExpiryEpochSec: 0}09544a2e-d1be-4322-b22d-d49b1aa9b056{ip: 10.1.0.6, host: fv-az116-554.vzw04321ajxubdbcnpick5nqva.xx.internal.cloudapp.net, ports: [REPLICATION=45111, RATIS=42003, RATIS_ADMIN=42003, RATIS_SERVER=42003, STANDALONE=41157], networkLocation: /default-rack, certSerialId: null, persistedOpState: IN_SERVICE, persistedOpStateExpiryEpochSec: 0}add9ee20-ac1a-4d1d-a881-b847474b364b{ip: 10.1.0.6, host: fv-az116-554.vzw04321ajxubdbcnpick5nqva.xx.internal.cloudapp.net, ports: [REPLICATION=40083, RATIS=39643, RATIS_ADMIN=39643, RATIS_SERVER=39643, STANDALONE=46257], networkLocation: /default-rack, certSerialId: null, persistedOpState: IN_SERVICE, persistedOpStateExpiryEpochSec: 0}, ReplicationConfig: RATIS/THREE, State:ALLOCATED, leaderId:add9ee20-ac1a-4d1d-a881-b847474b364b, CreationTimestamp2021-07-27T01:07:04.425Z[Etc/UTC]] moved to OPEN state
2021-07-27 01:07:32,544 [EventQueue-OpenPipelineForHealthyPipelineSafeModeRule] INFO  safemode.SCMSafeModeManager (HealthyPipelineSafeModeRule.java:process(124)) - SCM in safe mode. Healthy pipelines reported count is 1, required healthy pipeline reported count is 1
2021-07-27 01:07:32,544 [EventQueue-OpenPipelineForHealthyPipelineSafeModeRule] INFO  safemode.SCMSafeModeManager (SCMSafeModeManager.java:validateSafeModeExitRules(204)) - HealthyPipelineSafeModeRule rule is successfully validated
2021-07-27 01:07:32,544 [EventQueue-OpenPipelineForHealthyPipelineSafeModeRule] INFO  safemode.SCMSafeModeManager (SCMSafeModeManager.java:validateSafeModeExitRules(219)) - ScmSafeModeManager, all rules are successfully validated
2021-07-27 01:07:32,544 [EventQueue-OpenPipelineForHealthyPipelineSafeModeRule] INFO  safemode.SCMSafeModeManager (SCMSafeModeManager.java:exitSafeMode(248)) - SCM exiting safe mode.
2021-07-27 01:07:32,544 [EventQueue-OpenPipelineForHealthyPipelineSafeModeRule] WARN  events.EventQueue (EventQueue.java:fireEvent(194)) - No event handler registered for event TypedEvent{payloadType=SafeModeStatus, name='Safe mode status'}
2021-07-27 01:07:32,544 [EventQueue-OpenPipelineForHealthyPipelineSafeModeRule] INFO  ha.SCMContext (SCMContext.java:updateSafeModeStatus(205)) - Update SafeModeStatus from SafeModeStatus{safeModeStatus=true, preCheckPassed=true} to SafeModeStatus{safeModeStatus=false, preCheckPassed=true}.
2021-07-27 01:07:32,544 [EventQueue-OpenPipelineForHealthyPipelineSafeModeRule] INFO  pipeline.BackgroundPipelineCreator (BackgroundPipelineCreatorV2.java:notifyStatusChanged(264)) - Service BackgroundPipelineCreator transitions to RUNNING.
2021-07-27 01:07:32,544 [EventQueue-OpenPipelineForHealthyPipelineSafeModeRule] INFO  container.ReplicationManager (ReplicationManager.java:notifyStatusChanged(1686)) - Service ReplicationManager transitions to RUNNING.
2021-07-27 01:07:32,545 [add9ee20-ac1a-4d1d-a881-b847474b364b@group-C5A1D46CE2EB-SegmentedRaftLogWorker] INFO  segmented.SegmentedRaftLogWorker (SegmentedRaftLogWorker.java:execute(601)) - add9ee20-ac1a-4d1d-a881-b847474b364b@group-C5A1D46CE2EB-SegmentedRaftLogWorker: created new log segment /home/runner/work/ozone/ozone/mnt/ozone/hadoop-ozone/integration-test/target/test-dir/MiniOzoneClusterImpl-16f2dd64-f1ad-4a1a-be58-d3c69d16c599/datanode-1/data/ratis/1adaa32e-2617-4847-b406-c5a1d46ce2eb/current/log_inprogress_0
2021-07-27 01:07:32,554 [grpc-default-executor-5] INFO  ratis.XceiverServerRatis (XceiverServerRatis.java:handleLeaderChangedNotification(857)) - Leader change notification received for group: group-C5A1D46CE2EB with new leaderId: add9ee20-ac1a-4d1d-a881-b847474b364b
2021-07-27 01:07:32,554 [grpc-default-executor-5] INFO  server.RaftServer$Division (ServerState.java:setLeader(285)) - 78df850f-b6e4-442f-ab73-43f51794e862@group-C5A1D46CE2EB: change Leader from null to add9ee20-ac1a-4d1d-a881-b847474b364b at term 5 for appendEntries, leader elected after 25366ms
2021-07-27 01:07:32,556 [add9ee20-ac1a-4d1d-a881-b847474b364b@group-C5A1D46CE2EB-LeaderElection49] INFO  server.RaftServer$Division (ServerState.java:setRaftConf(387)) - add9ee20-ac1a-4d1d-a881-b847474b364b@group-C5A1D46CE2EB: set configuration 0: [78df850f-b6e4-442f-ab73-43f51794e862|rpc:10.1.0.6:39903|dataStream:|priority:0, 09544a2e-d1be-4322-b22d-d49b1aa9b056|rpc:10.1.0.6:42003|dataStream:|priority:0, add9ee20-ac1a-4d1d-a881-b847474b364b|rpc:10.1.0.6:39643|dataStream:|priority:1], old=null
2021-07-27 01:07:32,558 [grpc-default-executor-1] INFO  ratis.XceiverServerRatis (XceiverServerRatis.java:handleLeaderChangedNotification(857)) - Leader change notification received for group: group-C5A1D46CE2EB with new leaderId: add9ee20-ac1a-4d1d-a881-b847474b364b
2021-07-27 01:07:32,559 [grpc-default-executor-1] INFO  server.RaftServer$Division (ServerState.java:setLeader(285)) - 09544a2e-d1be-4322-b22d-d49b1aa9b056@group-C5A1D46CE2EB: change Leader from null to add9ee20-ac1a-4d1d-a881-b847474b364b at term 5 for appendEntries, leader elected after 25401ms
2021-07-27 01:07:32,562 [grpc-default-executor-1] INFO  server.RaftServer$Division (ServerState.java:setRaftConf(387)) - 78df850f-b6e4-442f-ab73-43f51794e862@group-C5A1D46CE2EB: set configuration 0: [78df850f-b6e4-442f-ab73-43f51794e862|rpc:10.1.0.6:39903|dataStream:|priority:0, 09544a2e-d1be-4322-b22d-d49b1aa9b056|rpc:10.1.0.6:42003|dataStream:|priority:0, add9ee20-ac1a-4d1d-a881-b847474b364b|rpc:10.1.0.6:39643|dataStream:|priority:1], old=null
2021-07-27 01:07:32,563 [grpc-default-executor-1] INFO  segmented.SegmentedRaftLogWorker (SegmentedRaftLogWorker.java:startLogSegment(394)) - 78df850f-b6e4-442f-ab73-43f51794e862@group-C5A1D46CE2EB-SegmentedRaftLogWorker: Starting segment from index:0
2021-07-27 01:07:32,564 [grpc-default-executor-4] INFO  server.RaftServer$Division (ServerState.java:setRaftConf(387)) - 09544a2e-d1be-4322-b22d-d49b1aa9b056@group-C5A1D46CE2EB: set configuration 0: [78df850f-b6e4-442f-ab73-43f51794e862|rpc:10.1.0.6:39903|dataStream:|priority:0, 09544a2e-d1be-4322-b22d-d49b1aa9b056|rpc:10.1.0.6:42003|dataStream:|priority:0, add9ee20-ac1a-4d1d-a881-b847474b364b|rpc:10.1.0.6:39643|dataStream:|priority:1], old=null
2021-07-27 01:07:32,564 [grpc-default-executor-4] INFO  segmented.SegmentedRaftLogWorker (SegmentedRaftLogWorker.java:startLogSegment(394)) - 09544a2e-d1be-4322-b22d-d49b1aa9b056@group-C5A1D46CE2EB-SegmentedRaftLogWorker: Starting segment from index:0
2021-07-27 01:07:32,565 [78df850f-b6e4-442f-ab73-43f51794e862@group-C5A1D46CE2EB-SegmentedRaftLogWorker] INFO  segmented.SegmentedRaftLogWorker (SegmentedRaftLogWorker.java:execute(601)) - 78df850f-b6e4-442f-ab73-43f51794e862@group-C5A1D46CE2EB-SegmentedRaftLogWorker: created new log segment /home/runner/work/ozone/ozone/mnt/ozone/hadoop-ozone/integration-test/target/test-dir/MiniOzoneClusterImpl-16f2dd64-f1ad-4a1a-be58-d3c69d16c599/datanode-2/data/ratis/1adaa32e-2617-4847-b406-c5a1d46ce2eb/current/log_inprogress_0
2021-07-27 01:07:32,566 [09544a2e-d1be-4322-b22d-d49b1aa9b056@group-C5A1D46CE2EB-SegmentedRaftLogWorker] INFO  segmented.SegmentedRaftLogWorker (SegmentedRaftLogWorker.java:execute(601)) - 09544a2e-d1be-4322-b22d-d49b1aa9b056@group-C5A1D46CE2EB-SegmentedRaftLogWorker: created new log segment /home/runner/work/ozone/ozone/mnt/ozone/hadoop-ozone/integration-test/target/test-dir/MiniOzoneClusterImpl-16f2dd64-f1ad-4a1a-be58-d3c69d16c599/datanode-0/data/ratis/1adaa32e-2617-4847-b406-c5a1d46ce2eb/current/log_inprogress_0
2021-07-27 01:07:32,826 [09544a2e-d1be-4322-b22d-d49b1aa9b056@group-13FC57B98B14-FollowerState] INFO  impl.FollowerState (FollowerState.java:run(134)) - 09544a2e-d1be-4322-b22d-d49b1aa9b056@group-13FC57B98B14-FollowerState: change to CANDIDATE, lastRpcElapsedTime:5161742596ns, electionTimeout:5160ms
2021-07-27 01:07:32,827 [09544a2e-d1be-4322-b22d-d49b1aa9b056@group-13FC57B98B14-FollowerState] INFO  impl.RoleInfo (RoleInfo.java:shutdownFollowerState(108)) - 09544a2e-d1be-4322-b22d-d49b1aa9b056: shutdown 09544a2e-d1be-4322-b22d-d49b1aa9b056@group-13FC57B98B14-FollowerState
2021-07-27 01:07:32,827 [09544a2e-d1be-4322-b22d-d49b1aa9b056@group-13FC57B98B14-FollowerState] INFO  server.RaftServer$Division (RaftServerImpl.java:setRole(285)) - 09544a2e-d1be-4322-b22d-d49b1aa9b056@group-13FC57B98B14: changes role from  FOLLOWER to CANDIDATE at term 4 for changeToCandidate
2021-07-27 01:07:32,827 [09544a2e-d1be-4322-b22d-d49b1aa9b056@group-13FC57B98B14-FollowerState] INFO  server.RaftServerConfigKeys (ConfUtils.java:logGet(44)) - raft.server.leaderelection.pre-vote = false (custom)
2021-07-27 01:07:32,827 [09544a2e-d1be-4322-b22d-d49b1aa9b056@group-13FC57B98B14-FollowerState] INFO  impl.RoleInfo (RoleInfo.java:updateAndGet(130)) - 09544a2e-d1be-4322-b22d-d49b1aa9b056: start 09544a2e-d1be-4322-b22d-d49b1aa9b056@group-13FC57B98B14-LeaderElection50
2021-07-27 01:07:32,829 [09544a2e-d1be-4322-b22d-d49b1aa9b056@group-13FC57B98B14-LeaderElection50] INFO  impl.LeaderElection (LeaderElection.java:askForVotes(306)) - 09544a2e-d1be-4322-b22d-d49b1aa9b056@group-13FC57B98B14-LeaderElection50 ELECTION round 0: submit vote requests at term 5 for -1: [78df850f-b6e4-442f-ab73-43f51794e862|rpc:10.1.0.6:39903|priority:1, 09544a2e-d1be-4322-b22d-d49b1aa9b056|rpc:10.1.0.6:42003|priority:0, add9ee20-ac1a-4d1d-a881-b847474b364b|rpc:10.1.0.6:39643|priority:0], old=null
2021-07-27 01:07:32,831 [grpc-default-executor-5] INFO  server.RaftServer$Division (RaftServerImpl.java:requestVote(1043)) - add9ee20-ac1a-4d1d-a881-b847474b364b@group-13FC57B98B14: receive requestVote(ELECTION, 09544a2e-d1be-4322-b22d-d49b1aa9b056, group-13FC57B98B14, 5, (t:0, i:0))
2021-07-27 01:07:32,831 [grpc-default-executor-5] INFO  impl.VoteContext (VoteContext.java:log(48)) - add9ee20-ac1a-4d1d-a881-b847474b364b@group-13FC57B98B14-FOLLOWER: accept ELECTION from 09544a2e-d1be-4322-b22d-d49b1aa9b056: our priority 0 <= candidate's priority 0
2021-07-27 01:07:32,831 [grpc-default-executor-5] INFO  server.RaftServer$Division (RaftServerImpl.java:setRole(285)) - add9ee20-ac1a-4d1d-a881-b847474b364b@group-13FC57B98B14: changes role from  FOLLOWER to FOLLOWER at term 5 for candidate:09544a2e-d1be-4322-b22d-d49b1aa9b056
2021-07-27 01:07:32,831 [grpc-default-executor-5] INFO  impl.RoleInfo (RoleInfo.java:shutdownFollowerState(108)) - add9ee20-ac1a-4d1d-a881-b847474b364b: shutdown add9ee20-ac1a-4d1d-a881-b847474b364b@group-13FC57B98B14-FollowerState
2021-07-27 01:07:32,831 [grpc-default-executor-5] INFO  impl.RoleInfo (RoleInfo.java:updateAndGet(130)) - add9ee20-ac1a-4d1d-a881-b847474b364b: start add9ee20-ac1a-4d1d-a881-b847474b364b@group-13FC57B98B14-FollowerState
2021-07-27 01:07:32,832 [add9ee20-ac1a-4d1d-a881-b847474b364b@group-13FC57B98B14-FollowerState] INFO  impl.FollowerState (FollowerState.java:run(143)) - add9ee20-ac1a-4d1d-a881-b847474b364b@group-13FC57B98B14-FollowerState was interrupted: {}
java.lang.InterruptedException: sleep interrupted
	at java.lang.Thread.sleep(Native Method)
	at java.lang.Thread.sleep(Thread.java:340)
	at java.util.concurrent.TimeUnit.sleep(TimeUnit.java:386)
	at org.apache.ratis.util.TimeDuration.sleep(TimeDuration.java:324)
	at org.apache.ratis.util.TimeDuration.sleep(TimeDuration.java:309)
	at org.apache.ratis.server.impl.FollowerState.run(FollowerState.java:118)
2021-07-27 01:07:32,835 [78df850f-b6e4-442f-ab73-43f51794e862@group-13FC57B98B14-FollowerState] INFO  impl.FollowerState (FollowerState.java:run(134)) - 78df850f-b6e4-442f-ab73-43f51794e862@group-13FC57B98B14-FollowerState: change to CANDIDATE, lastRpcElapsedTime:5177298174ns, electionTimeout:5169ms
2021-07-27 01:07:32,836 [78df850f-b6e4-442f-ab73-43f51794e862@group-13FC57B98B14-FollowerState] INFO  impl.RoleInfo (RoleInfo.java:shutdownFollowerState(108)) - 78df850f-b6e4-442f-ab73-43f51794e862: shutdown 78df850f-b6e4-442f-ab73-43f51794e862@group-13FC57B98B14-FollowerState
2021-07-27 01:07:32,836 [78df850f-b6e4-442f-ab73-43f51794e862@group-13FC57B98B14-FollowerState] INFO  server.RaftServer$Division (RaftServerImpl.java:setRole(285)) - 78df850f-b6e4-442f-ab73-43f51794e862@group-13FC57B98B14: changes role from  FOLLOWER to CANDIDATE at term 4 for changeToCandidate
2021-07-27 01:07:32,836 [78df850f-b6e4-442f-ab73-43f51794e862@group-13FC57B98B14-FollowerState] INFO  server.RaftServerConfigKeys (ConfUtils.java:logGet(44)) - raft.server.leaderelection.pre-vote = false (custom)
2021-07-27 01:07:32,836 [78df850f-b6e4-442f-ab73-43f51794e862@group-13FC57B98B14-FollowerState] INFO  impl.RoleInfo (RoleInfo.java:updateAndGet(130)) - 78df850f-b6e4-442f-ab73-43f51794e862: start 78df850f-b6e4-442f-ab73-43f51794e862@group-13FC57B98B14-LeaderElection51
2021-07-27 01:07:32,836 [grpc-default-executor-4] INFO  server.RaftServer$Division (RaftServerImpl.java:requestVote(1043)) - 78df850f-b6e4-442f-ab73-43f51794e862@group-13FC57B98B14: receive requestVote(ELECTION, 09544a2e-d1be-4322-b22d-d49b1aa9b056, group-13FC57B98B14, 5, (t:0, i:0))
2021-07-27 01:07:32,837 [grpc-default-executor-5] INFO  server.RaftServer$Division (RaftServerImpl.java:requestVote(1075)) - add9ee20-ac1a-4d1d-a881-b847474b364b@group-13FC57B98B14 replies to ELECTION vote request: 09544a2e-d1be-4322-b22d-d49b1aa9b056<-add9ee20-ac1a-4d1d-a881-b847474b364b#0:OK-t5. Peer's state: add9ee20-ac1a-4d1d-a881-b847474b364b@group-13FC57B98B14:t5, leader=null, voted=09544a2e-d1be-4322-b22d-d49b1aa9b056, raftlog=add9ee20-ac1a-4d1d-a881-b847474b364b@group-13FC57B98B14-SegmentedRaftLog:OPENED:c-1,f-1,i0, conf=-1: [78df850f-b6e4-442f-ab73-43f51794e862|rpc:10.1.0.6:39903|dataStream:|priority:1, 09544a2e-d1be-4322-b22d-d49b1aa9b056|rpc:10.1.0.6:42003|dataStream:|priority:0, add9ee20-ac1a-4d1d-a881-b847474b364b|rpc:10.1.0.6:39643|dataStream:|priority:0], old=null
2021-07-27 01:07:32,837 [grpc-default-executor-4] INFO  impl.VoteContext (VoteContext.java:log(48)) - 78df850f-b6e4-442f-ab73-43f51794e862@group-13FC57B98B14-CANDIDATE: reject ELECTION from 09544a2e-d1be-4322-b22d-d49b1aa9b056: our priority 1 > candidate's priority 0
2021-07-27 01:07:32,837 [grpc-default-executor-4] INFO  server.RaftServer$Division (RaftServerImpl.java:setRole(285)) - 78df850f-b6e4-442f-ab73-43f51794e862@group-13FC57B98B14: changes role from CANDIDATE to FOLLOWER at term 5 for candidate:09544a2e-d1be-4322-b22d-d49b1aa9b056
2021-07-27 01:07:32,837 [grpc-default-executor-4] INFO  impl.RoleInfo (RoleInfo.java:shutdownLeaderElection(121)) - 78df850f-b6e4-442f-ab73-43f51794e862: shutdown 78df850f-b6e4-442f-ab73-43f51794e862@group-13FC57B98B14-LeaderElection51
2021-07-27 01:07:32,837 [grpc-default-executor-4] INFO  impl.RoleInfo (RoleInfo.java:updateAndGet(130)) - 78df850f-b6e4-442f-ab73-43f51794e862: start 78df850f-b6e4-442f-ab73-43f51794e862@group-13FC57B98B14-FollowerState
2021-07-27 01:07:32,837 [78df850f-b6e4-442f-ab73-43f51794e862@group-13FC57B98B14-LeaderElection51] INFO  impl.LeaderElection (LeaderElection.java:run(230)) - 78df850f-b6e4-442f-ab73-43f51794e862@group-13FC57B98B14-LeaderElection51: skip running since this is already CLOSING
2021-07-27 01:07:32,839 [grpc-default-executor-4] INFO  server.RaftServer$Division (RaftServerImpl.java:requestVote(1075)) - 78df850f-b6e4-442f-ab73-43f51794e862@group-13FC57B98B14 replies to ELECTION vote request: 09544a2e-d1be-4322-b22d-d49b1aa9b056<-78df850f-b6e4-442f-ab73-43f51794e862#0:FAIL-t5. Peer's state: 78df850f-b6e4-442f-ab73-43f51794e862@group-13FC57B98B14:t5, leader=null, voted=null, raftlog=78df850f-b6e4-442f-ab73-43f51794e862@group-13FC57B98B14-SegmentedRaftLog:OPENED:c-1,f-1,i0, conf=-1: [78df850f-b6e4-442f-ab73-43f51794e862|rpc:10.1.0.6:39903|dataStream:|priority:1, 09544a2e-d1be-4322-b22d-d49b1aa9b056|rpc:10.1.0.6:42003|dataStream:|priority:0, add9ee20-ac1a-4d1d-a881-b847474b364b|rpc:10.1.0.6:39643|dataStream:|priority:0], old=null
2021-07-27 01:07:32,840 [09544a2e-d1be-4322-b22d-d49b1aa9b056@group-13FC57B98B14-LeaderElection50] INFO  impl.LeaderElection (LeaderElection.java:logAndReturn(89)) - 09544a2e-d1be-4322-b22d-d49b1aa9b056@group-13FC57B98B14-LeaderElection50: ELECTION REJECTED received 2 response(s) and 0 exception(s):
2021-07-27 01:07:32,840 [09544a2e-d1be-4322-b22d-d49b1aa9b056@group-13FC57B98B14-LeaderElection50] INFO  impl.LeaderElection (LeaderElection.java:logAndReturn(93)) -   Response 0: 09544a2e-d1be-4322-b22d-d49b1aa9b056<-78df850f-b6e4-442f-ab73-43f51794e862#0:FAIL-t5
2021-07-27 01:07:32,840 [09544a2e-d1be-4322-b22d-d49b1aa9b056@group-13FC57B98B14-LeaderElection50] INFO  impl.LeaderElection (LeaderElection.java:logAndReturn(93)) -   Response 1: 09544a2e-d1be-4322-b22d-d49b1aa9b056<-add9ee20-ac1a-4d1d-a881-b847474b364b#0:OK-t5
2021-07-27 01:07:32,840 [09544a2e-d1be-4322-b22d-d49b1aa9b056@group-13FC57B98B14-LeaderElection50] INFO  impl.LeaderElection (LeaderElection.java:askForVotes(308)) - 09544a2e-d1be-4322-b22d-d49b1aa9b056@group-13FC57B98B14-LeaderElection50 ELECTION round 0: result REJECTED
2021-07-27 01:07:32,840 [09544a2e-d1be-4322-b22d-d49b1aa9b056@group-13FC57B98B14-LeaderElection50] INFO  server.RaftServer$Division (RaftServerImpl.java:setRole(285)) - 09544a2e-d1be-4322-b22d-d49b1aa9b056@group-13FC57B98B14: changes role from CANDIDATE to FOLLOWER at term 5 for REJECTED
2021-07-27 01:07:32,840 [09544a2e-d1be-4322-b22d-d49b1aa9b056@group-13FC57B98B14-LeaderElection50] INFO  impl.RoleInfo (RoleInfo.java:shutdownLeaderElection(121)) - 09544a2e-d1be-4322-b22d-d49b1aa9b056: shutdown 09544a2e-d1be-4322-b22d-d49b1aa9b056@group-13FC57B98B14-LeaderElection50
2021-07-27 01:07:32,840 [09544a2e-d1be-4322-b22d-d49b1aa9b056@group-13FC57B98B14-LeaderElection50] INFO  impl.RoleInfo (RoleInfo.java:updateAndGet(130)) - 09544a2e-d1be-4322-b22d-d49b1aa9b056: start 09544a2e-d1be-4322-b22d-d49b1aa9b056@group-13FC57B98B14-FollowerState
2021-07-27 01:07:33,438 [Listener at 127.0.0.1/40495] INFO  ozone.MiniOzoneClusterImpl (MiniOzoneClusterImpl.java:lambda$waitForClusterToBeReady$0(235)) - Nodes are ready. Got 3 of 3 DN Heartbeats.
2021-07-27 01:07:33,438 [Listener at 127.0.0.1/40495] INFO  ozone.MiniOzoneClusterImpl (MiniOzoneClusterImpl.java:lambda$waitForClusterToBeReady$0(238)) - Cluster exits safe mode
2021-07-27 01:07:33,438 [Listener at 127.0.0.1/40495] INFO  ozone.MiniOzoneClusterImpl (MiniOzoneClusterImpl.java:lambda$waitForClusterToBeReady$0(240)) - SCM became leader
2021-07-27 01:07:33,439 [Listener at 127.0.0.1/40495] INFO  ha.SequenceIdGenerator (SequenceIdGenerator.java:getNextId(127)) - Allocate a batch for containerId, change lastId from 0 to 1000.
2021-07-27 01:07:34,372 [Listener at 127.0.0.1/40495] ERROR ratis.XceiverServerRatis (XceiverServerRatis.java:triggerPipelineClose(672)) - pipeline Action CLOSE on pipeline PipelineID=1adaa32e-2617-4847-b406-c5a1d46ce2eb.Reason : Unspecified failure reported in Ratis log
2021-07-27 01:07:34,372 [Datanode State Machine Thread - 0] WARN  statemachine.StateContext (StateContext.java:execute(621)) - No available thread in pool for past 1 seconds.
2021-07-27 01:07:34,409 [EventQueue-PipelineActionsForPipelineActionHandler] INFO  pipeline.PipelineActionHandler (PipelineActionHandler.java:processPipelineAction(82)) - Received pipeline action CLOSE for PipelineID=1adaa32e-2617-4847-b406-c5a1d46ce2eb from datanode 78df850f-b6e4-442f-ab73-43f51794e862. Reason : Unspecified failure reported in Ratis log
2021-07-27 01:07:34,411 [EventQueue-PipelineActionsForPipelineActionHandler] INFO  pipeline.PipelineManagerV2Impl (PipelineManagerV2Impl.java:closePipeline(343)) - Pipeline Pipeline[ Id: 1adaa32e-2617-4847-b406-c5a1d46ce2eb, Nodes: 78df850f-b6e4-442f-ab73-43f51794e862{ip: 10.1.0.6, host: fv-az116-554.vzw04321ajxubdbcnpick5nqva.xx.internal.cloudapp.net, ports: [REPLICATION=44605, RATIS=39903, RATIS_ADMIN=39903, RATIS_SERVER=39903, STANDALONE=38763], networkLocation: /default-rack, certSerialId: null, persistedOpState: IN_SERVICE, persistedOpStateExpiryEpochSec: 0}09544a2e-d1be-4322-b22d-d49b1aa9b056{ip: 10.1.0.6, host: fv-az116-554.vzw04321ajxubdbcnpick5nqva.xx.internal.cloudapp.net, ports: [REPLICATION=45111, RATIS=42003, RATIS_ADMIN=42003, RATIS_SERVER=42003, STANDALONE=41157], networkLocation: /default-rack, certSerialId: null, persistedOpState: IN_SERVICE, persistedOpStateExpiryEpochSec: 0}add9ee20-ac1a-4d1d-a881-b847474b364b{ip: 10.1.0.6, host: fv-az116-554.vzw04321ajxubdbcnpick5nqva.xx.internal.cloudapp.net, ports: [REPLICATION=40083, RATIS=39643, RATIS_ADMIN=39643, RATIS_SERVER=39643, STANDALONE=46257], networkLocation: /default-rack, certSerialId: null, persistedOpState: IN_SERVICE, persistedOpStateExpiryEpochSec: 0}, ReplicationConfig: RATIS/THREE, State:OPEN, leaderId:add9ee20-ac1a-4d1d-a881-b847474b364b, CreationTimestamp2021-07-27T01:07:04.425Z[Etc/UTC]] moved to CLOSED state
2021-07-27 01:07:34,420 [EventQueue-PipelineActionsForPipelineActionHandler] INFO  pipeline.RatisPipelineProvider (RatisPipelineProvider.java:lambda$close$1(222)) - Send pipeline:PipelineID=1adaa32e-2617-4847-b406-c5a1d46ce2eb close command to datanode 78df850f-b6e4-442f-ab73-43f51794e862
2021-07-27 01:07:34,420 [EventQueue-PipelineActionsForPipelineActionHandler] INFO  pipeline.RatisPipelineProvider (RatisPipelineProvider.java:lambda$close$1(222)) - Send pipeline:PipelineID=1adaa32e-2617-4847-b406-c5a1d46ce2eb close command to datanode 09544a2e-d1be-4322-b22d-d49b1aa9b056
2021-07-27 01:07:34,420 [EventQueue-PipelineActionsForPipelineActionHandler] INFO  pipeline.RatisPipelineProvider (RatisPipelineProvider.java:lambda$close$1(222)) - Send pipeline:PipelineID=1adaa32e-2617-4847-b406-c5a1d46ce2eb close command to datanode add9ee20-ac1a-4d1d-a881-b847474b364b
2021-07-27 01:07:34,431 [EventQueue-PipelineActionsForPipelineActionHandler] INFO  pipeline.PipelineStateManager (PipelineStateManagerV2Impl.java:removePipeline(211)) - Pipeline Pipeline[ Id: 1adaa32e-2617-4847-b406-c5a1d46ce2eb, Nodes: 78df850f-b6e4-442f-ab73-43f51794e862{ip: 10.1.0.6, host: fv-az116-554.vzw04321ajxubdbcnpick5nqva.xx.internal.cloudapp.net, ports: [REPLICATION=44605, RATIS=39903, RATIS_ADMIN=39903, RATIS_SERVER=39903, STANDALONE=38763], networkLocation: /default-rack, certSerialId: null, persistedOpState: IN_SERVICE, persistedOpStateExpiryEpochSec: 0}09544a2e-d1be-4322-b22d-d49b1aa9b056{ip: 10.1.0.6, host: fv-az116-554.vzw04321ajxubdbcnpick5nqva.xx.internal.cloudapp.net, ports: [REPLICATION=45111, RATIS=42003, RATIS_ADMIN=42003, RATIS_SERVER=42003, STANDALONE=41157], networkLocation: /default-rack, certSerialId: null, persistedOpState: IN_SERVICE, persistedOpStateExpiryEpochSec: 0}add9ee20-ac1a-4d1d-a881-b847474b364b{ip: 10.1.0.6, host: fv-az116-554.vzw04321ajxubdbcnpick5nqva.xx.internal.cloudapp.net, ports: [REPLICATION=40083, RATIS=39643, RATIS_ADMIN=39643, RATIS_SERVER=39643, STANDALONE=46257], networkLocation: /default-rack, certSerialId: null, persistedOpState: IN_SERVICE, persistedOpStateExpiryEpochSec: 0}, ReplicationConfig: RATIS/THREE, State:CLOSED, leaderId:add9ee20-ac1a-4d1d-a881-b847474b364b, CreationTimestamp2021-07-27T01:07:04.425Z[Etc/UTC]] removed.
2021-07-27 01:07:34,439 [EventQueue-CloseContainerForCloseContainerEventHandler] INFO  container.CloseContainerEventHandler (CloseContainerEventHandler.java:onMessage(69)) - Close container Event triggered for container : #1
2021-07-27 01:07:34,440 [EventQueue-CloseContainerForCloseContainerEventHandler] INFO  pipeline.PipelineStateManager (PipelineStateManagerV2Impl.java:removeContainerFromPipeline(237)) - Pipeline PipelineID=1adaa32e-2617-4847-b406-c5a1d46ce2eb is not found in the pipeline2ContainerMap. Pipeline may have been closed already.
2021-07-27 01:07:34,441 [EventQueue-CloseContainerForCloseContainerEventHandler] INFO  container.CloseContainerEventHandler (CloseContainerEventHandler.java:onMessage(69)) - Close container Event triggered for container : #2
2021-07-27 01:07:34,444 [EventQueue-CloseContainerForCloseContainerEventHandler] INFO  pipeline.PipelineStateManager (PipelineStateManagerV2Impl.java:removeContainerFromPipeline(237)) - Pipeline PipelineID=1adaa32e-2617-4847-b406-c5a1d46ce2eb is not found in the pipeline2ContainerMap. Pipeline may have been closed already.
2021-07-27 01:07:34,620 [Listener at 127.0.0.1/40495] INFO  ozone.MiniOzoneClusterImpl (MiniOzoneClusterImpl.java:shutdown(453)) - Shutting down the Mini Ozone Cluster
2021-07-27 01:07:34,620 [Listener at 127.0.0.1/40495] INFO  ozone.MiniOzoneClusterImpl (MiniOzoneClusterImpl.java:stop(468)) - Stopping the Mini Ozone Cluster
2021-07-27 01:07:34,620 [Listener at 127.0.0.1/40495] INFO  ozone.MiniOzoneClusterImpl (MiniOzoneClusterImpl.java:stopOM(550)) - Stopping the OzoneManager
2021-07-27 01:07:34,621 [Listener at 127.0.0.1/40495] INFO  om.OzoneManager (OzoneManager.java:stop(1601)) - Stopping Ozone Manager
2021-07-27 01:07:34,621 [Listener at 127.0.0.1/40495] INFO  ipc.Server (Server.java:stop(3414)) - Stopping server on 40495
2021-07-27 01:07:34,633 [IPC Server listener on 0] INFO  ipc.Server (Server.java:run(1376)) - Stopping IPC Server listener on 0
2021-07-27 01:07:34,633 [IPC Server Responder] INFO  ipc.Server (Server.java:run(1512)) - Stopping IPC Server Responder
2021-07-27 01:07:34,633 [Listener at 127.0.0.1/40495] INFO  server.RaftServer (RaftServerProxy.java:lambda$close$6(391)) - om1: close
2021-07-27 01:07:34,634 [Listener at 127.0.0.1/40495] INFO  server.RaftServer$Division (RaftServerImpl.java:lambda$close$4(407)) - om1@group-C5BA1605619E: shutdown
2021-07-27 01:07:34,634 [Listener at 127.0.0.1/40495] INFO  util.JmxRegister (JmxRegister.java:unregister(73)) - Successfully un-registered JMX Bean with object name Ratis:service=RaftServer,group=group-C5BA1605619E,id=om1
2021-07-27 01:07:34,637 [Listener at 127.0.0.1/40495] INFO  impl.RoleInfo (RoleInfo.java:shutdownLeaderState(91)) - om1: shutdown om1@group-C5BA1605619E-LeaderStateImpl
2021-07-27 01:07:34,637 [Listener at 127.0.0.1/40495] INFO  impl.PendingRequests (PendingRequests.java:sendNotLeaderResponses(249)) - om1@group-C5BA1605619E-PendingRequests: sendNotLeaderResponses
2021-07-27 01:07:34,639 [Listener at 127.0.0.1/40495] INFO  impl.StateMachineUpdater (StateMachineUpdater.java:stopAndJoin(149)) - om1@group-C5BA1605619E-StateMachineUpdater: set stopIndex = 0
2021-07-27 01:07:34,640 [om1@group-C5BA1605619E-StateMachineUpdater] INFO  ratis.OzoneManagerStateMachine (OzoneManagerStateMachine.java:takeSnapshot(417)) - Current Snapshot Index (t:1, i:0)
2021-07-27 01:07:34,640 [om1@group-C5BA1605619E-StateMachineUpdater] INFO  impl.StateMachineUpdater (StateMachineUpdater.java:takeSnapshot(281)) - om1@group-C5BA1605619E-StateMachineUpdater: Took a snapshot at index 0
2021-07-27 01:07:34,641 [om1@group-C5BA1605619E-StateMachineUpdater] INFO  impl.StateMachineUpdater (StateMachineUpdater.java:lambda$new$0(89)) - om1@group-C5BA1605619E-StateMachineUpdater: snapshotIndex: updateIncreasingly -1 -> 0
2021-07-27 01:07:34,641 [om1@group-C5BA1605619E-StateMachineUpdater] INFO  ratis.OzoneManagerStateMachine (OzoneManagerStateMachine.java:close(471)) - StateMachine has shutdown. Shutdown OzoneManager if not already shutdown.
2021-07-27 01:07:34,641 [Listener at 127.0.0.1/40495] INFO  server.RaftServer$Division (ServerState.java:close(419)) - om1@group-C5BA1605619E: closes. applyIndex: 0
2021-07-27 01:07:34,641 [om1@group-C5BA1605619E-SegmentedRaftLogWorker] INFO  segmented.SegmentedRaftLogWorker (SegmentedRaftLogWorker.java:run(327)) - om1@group-C5BA1605619E-SegmentedRaftLogWorker was interrupted, exiting. There are 0 tasks remaining in the queue.
2021-07-27 01:07:34,643 [Listener at 127.0.0.1/40495] INFO  segmented.SegmentedRaftLogWorker (SegmentedRaftLogWorker.java:close(237)) - om1@group-C5BA1605619E-SegmentedRaftLogWorker close()
2021-07-27 01:07:34,644 [Listener at 127.0.0.1/40495] INFO  server.GrpcService (GrpcService.java:closeImpl(262)) - om1: shutdown server with port 9872 now
2021-07-27 01:07:34,646 [Listener at 127.0.0.1/40495] INFO  server.GrpcService (GrpcService.java:closeImpl(271)) - om1: shutdown server with port 9872 successfully
2021-07-27 01:07:34,647 [org.apache.ratis.util.JvmPauseMonitor$$Lambda$526/1158709959@1ccc28bd] INFO  util.JvmPauseMonitor (JvmPauseMonitor.java:run(109)) - JvmPauseMonitor-om1: Stopped
2021-07-27 01:07:34,647 [Listener at 127.0.0.1/40495] INFO  ratis.OzoneManagerDoubleBuffer (OzoneManagerDoubleBuffer.java:stop(437)) - Stopping OMDoubleBuffer flush thread
2021-07-27 01:07:34,647 [OMDoubleBufferFlushThread] INFO  ratis.OzoneManagerDoubleBuffer (OzoneManagerDoubleBuffer.java:flushTransactions(356)) - OMDoubleBuffer flush thread OMDoubleBufferFlushThread is interrupted and will exit. OMDoubleBufferFlushThread
2021-07-27 01:07:34,652 [Listener at 127.0.0.1/40495] INFO  utils.BackgroundService (BackgroundService.java:shutdown(132)) - Shutting down service KeyDeletingService
2021-07-27 01:07:34,653 [Listener at 127.0.0.1/40495] INFO  handler.ContextHandler (ContextHandler.java:doStop(1154)) - Stopped o.e.j.w.WebAppContext@53c550ee{ozoneManager,/,null,STOPPED}{file:/home/runner/work/ozone/ozone/mnt/ozone/hadoop-ozone/integration-test/target/test-classes/webapps/ozoneManager}
2021-07-27 01:07:34,663 [Listener at 127.0.0.1/40495] INFO  server.AbstractConnector (AbstractConnector.java:doStop(381)) - Stopped ServerConnector@10aa4556{HTTP/1.1, (http/1.1)}{0.0.0.0:0}
2021-07-27 01:07:34,663 [Listener at 127.0.0.1/40495] INFO  server.session (HouseKeeper.java:stopScavenging(149)) - node0 Stopped scavenging
2021-07-27 01:07:34,663 [Listener at 127.0.0.1/40495] INFO  handler.ContextHandler (ContextHandler.java:doStop(1154)) - Stopped o.e.j.s.ServletContextHandler@251e6fc5{static,/static,file:///home/runner/work/ozone/ozone/mnt/ozone/hadoop-ozone/integration-test/target/test-classes/webapps/static,STOPPED}
2021-07-27 01:07:34,663 [Listener at 127.0.0.1/40495] INFO  handler.ContextHandler (ContextHandler.java:doStop(1154)) - Stopped o.e.j.s.ServletContextHandler@7a3d3795{logs,/logs,file:///home/runner/work/ozone/ozone/mnt/ozone/hadoop-ozone/integration-test/target/log,STOPPED}
2021-07-27 01:07:34,666 [Listener at 127.0.0.1/40495] INFO  ozone.MiniOzoneClusterImpl (MiniOzoneClusterImpl.java:stopDatanodes(527)) - Stopping the HddsDatanodes
2021-07-27 01:07:35,198 [Datanode State Machine Thread - 0] INFO  statemachine.DatanodeStateMachine (DatanodeStateMachine.java:lambda$startDaemon$0(456)) - Ozone container server started.
2021-07-27 01:07:35,543 [Datanode State Machine Thread - 0] INFO  statemachine.DatanodeStateMachine (DatanodeStateMachine.java:lambda$startDaemon$0(456)) - Ozone container server started.
2021-07-27 01:07:36,374 [Command processor thread] INFO  server.RaftServer (RaftServerProxy.java:remove(106)) - 78df850f-b6e4-442f-ab73-43f51794e862: remove  FOLLOWER 78df850f-b6e4-442f-ab73-43f51794e862@group-C5A1D46CE2EB:t5, leader=add9ee20-ac1a-4d1d-a881-b847474b364b, voted=add9ee20-ac1a-4d1d-a881-b847474b364b, raftlog=78df850f-b6e4-442f-ab73-43f51794e862@group-C5A1D46CE2EB-SegmentedRaftLog:OPENED:c0,f0,i0, conf=0: [78df850f-b6e4-442f-ab73-43f51794e862|rpc:10.1.0.6:39903|dataStream:|priority:0, 09544a2e-d1be-4322-b22d-d49b1aa9b056|rpc:10.1.0.6:42003|dataStream:|priority:0, add9ee20-ac1a-4d1d-a881-b847474b364b|rpc:10.1.0.6:39643|dataStream:|priority:1], old=null RUNNING
2021-07-27 01:07:36,374 [Command processor thread] INFO  server.RaftServer$Division (RaftServerImpl.java:lambda$close$4(407)) - 78df850f-b6e4-442f-ab73-43f51794e862@group-C5A1D46CE2EB: shutdown
2021-07-27 01:07:36,374 [Command processor thread] INFO  util.JmxRegister (JmxRegister.java:unregister(73)) - Successfully un-registered JMX Bean with object name Ratis:service=RaftServer,group=group-C5A1D46CE2EB,id=78df850f-b6e4-442f-ab73-43f51794e862
2021-07-27 01:07:36,374 [Command processor thread] INFO  impl.RoleInfo (RoleInfo.java:shutdownFollowerState(108)) - 78df850f-b6e4-442f-ab73-43f51794e862: shutdown 78df850f-b6e4-442f-ab73-43f51794e862@group-C5A1D46CE2EB-FollowerState
2021-07-27 01:07:36,374 [Command processor thread] INFO  impl.StateMachineUpdater (StateMachineUpdater.java:stopAndJoin(149)) - 78df850f-b6e4-442f-ab73-43f51794e862@group-C5A1D46CE2EB-StateMachineUpdater: set stopIndex = 0
2021-07-27 01:07:36,375 [78df850f-b6e4-442f-ab73-43f51794e862@group-C5A1D46CE2EB-FollowerState] INFO  impl.FollowerState (FollowerState.java:run(143)) - 78df850f-b6e4-442f-ab73-43f51794e862@group-C5A1D46CE2EB-FollowerState was interrupted: {}
java.lang.InterruptedException: sleep interrupted
	at java.lang.Thread.sleep(Native Method)
	at java.lang.Thread.sleep(Thread.java:340)
	at java.util.concurrent.TimeUnit.sleep(TimeUnit.java:386)
	at org.apache.ratis.util.TimeDuration.sleep(TimeDuration.java:324)
	at org.apache.ratis.util.TimeDuration.sleep(TimeDuration.java:309)
	at org.apache.ratis.server.impl.FollowerState.run(FollowerState.java:118)
2021-07-27 01:07:36,380 [78df850f-b6e4-442f-ab73-43f51794e862@group-C5A1D46CE2EB-StateMachineUpdater] INFO  ratis.ContainerStateMachine (ContainerStateMachine.java:takeSnapshot(291)) - group-C5A1D46CE2EB: Taking a snapshot at:(t:5, i:0) file /home/runner/work/ozone/ozone/mnt/ozone/hadoop-ozone/integration-test/target/test-dir/MiniOzoneClusterImpl-16f2dd64-f1ad-4a1a-be58-d3c69d16c599/datanode-2/data/ratis/1adaa32e-2617-4847-b406-c5a1d46ce2eb/sm/snapshot.5_0
2021-07-27 01:07:36,382 [78df850f-b6e4-442f-ab73-43f51794e862@group-C5A1D46CE2EB-StateMachineUpdater] INFO  ratis.ContainerStateMachine (ContainerStateMachine.java:takeSnapshot(302)) - group-C5A1D46CE2EB: Finished taking a snapshot at:(t:5, i:0) file:/home/runner/work/ozone/ozone/mnt/ozone/hadoop-ozone/integration-test/target/test-dir/MiniOzoneClusterImpl-16f2dd64-f1ad-4a1a-be58-d3c69d16c599/datanode-2/data/ratis/1adaa32e-2617-4847-b406-c5a1d46ce2eb/sm/snapshot.5_0 took: 2 ms
2021-07-27 01:07:36,382 [78df850f-b6e4-442f-ab73-43f51794e862@group-C5A1D46CE2EB-StateMachineUpdater] INFO  impl.StateMachineUpdater (StateMachineUpdater.java:takeSnapshot(281)) - 78df850f-b6e4-442f-ab73-43f51794e862@group-C5A1D46CE2EB-StateMachineUpdater: Took a snapshot at index 0
2021-07-27 01:07:36,382 [78df850f-b6e4-442f-ab73-43f51794e862@group-C5A1D46CE2EB-StateMachineUpdater] INFO  impl.StateMachineUpdater (StateMachineUpdater.java:lambda$new$0(89)) - 78df850f-b6e4-442f-ab73-43f51794e862@group-C5A1D46CE2EB-StateMachineUpdater: snapshotIndex: updateIncreasingly -1 -> 0
2021-07-27 01:07:36,383 [Command processor thread] INFO  server.RaftServer$Division (ServerState.java:close(419)) - 78df850f-b6e4-442f-ab73-43f51794e862@group-C5A1D46CE2EB: closes. applyIndex: 0
2021-07-27 01:07:36,383 [78df850f-b6e4-442f-ab73-43f51794e862@group-C5A1D46CE2EB-SegmentedRaftLogWorker] INFO  segmented.SegmentedRaftLogWorker (SegmentedRaftLogWorker.java:run(327)) - 78df850f-b6e4-442f-ab73-43f51794e862@group-C5A1D46CE2EB-SegmentedRaftLogWorker was interrupted, exiting. There are 0 tasks remaining in the queue.
2021-07-27 01:07:36,384 [Command processor thread] INFO  segmented.SegmentedRaftLogWorker (SegmentedRaftLogWorker.java:close(237)) - 78df850f-b6e4-442f-ab73-43f51794e862@group-C5A1D46CE2EB-SegmentedRaftLogWorker close()
2021-07-27 01:07:36,386 [Command processor thread] INFO  server.RaftServer$Division (RaftServerImpl.java:groupRemove(377)) - 78df850f-b6e4-442f-ab73-43f51794e862@group-C5A1D46CE2EB: Succeed to remove RaftStorageDirectory Storage Directory /home/runner/work/ozone/ozone/mnt/ozone/hadoop-ozone/integration-test/target/test-dir/MiniOzoneClusterImpl-16f2dd64-f1ad-4a1a-be58-d3c69d16c599/datanode-2/data/ratis/1adaa32e-2617-4847-b406-c5a1d46ce2eb
2021-07-27 01:07:36,386 [Command processor thread] INFO  commandhandler.ClosePipelineCommandHandler (ClosePipelineCommandHandler.java:handle(75)) - Close Pipeline PipelineID=1adaa32e-2617-4847-b406-c5a1d46ce2eb command on datanode 78df850f-b6e4-442f-ab73-43f51794e862.
2021-07-27 01:07:37,864 [09544a2e-d1be-4322-b22d-d49b1aa9b056@group-13FC57B98B14-FollowerState] INFO  impl.FollowerState (FollowerState.java:run(134)) - 09544a2e-d1be-4322-b22d-d49b1aa9b056@group-13FC57B98B14-FollowerState: change to CANDIDATE, lastRpcElapsedTime:5023577452ns, electionTimeout:5023ms
2021-07-27 01:07:37,864 [09544a2e-d1be-4322-b22d-d49b1aa9b056@group-13FC57B98B14-FollowerState] INFO  impl.RoleInfo (RoleInfo.java:shutdownFollowerState(108)) - 09544a2e-d1be-4322-b22d-d49b1aa9b056: shutdown 09544a2e-d1be-4322-b22d-d49b1aa9b056@group-13FC57B98B14-FollowerState
2021-07-27 01:07:37,864 [09544a2e-d1be-4322-b22d-d49b1aa9b056@group-13FC57B98B14-FollowerState] INFO  server.RaftServer$Division (RaftServerImpl.java:setRole(285)) - 09544a2e-d1be-4322-b22d-d49b1aa9b056@group-13FC57B98B14: changes role from  FOLLOWER to CANDIDATE at term 5 for changeToCandidate
2021-07-27 01:07:37,865 [09544a2e-d1be-4322-b22d-d49b1aa9b056@group-13FC57B98B14-FollowerState] INFO  server.RaftServerConfigKeys (ConfUtils.java:logGet(44)) - raft.server.leaderelection.pre-vote = false (custom)
2021-07-27 01:07:37,865 [09544a2e-d1be-4322-b22d-d49b1aa9b056@group-13FC57B98B14-FollowerState] INFO  impl.RoleInfo (RoleInfo.java:updateAndGet(130)) - 09544a2e-d1be-4322-b22d-d49b1aa9b056: start 09544a2e-d1be-4322-b22d-d49b1aa9b056@group-13FC57B98B14-LeaderElection52
2021-07-27 01:07:37,868 [09544a2e-d1be-4322-b22d-d49b1aa9b056@group-13FC57B98B14-LeaderElection52] INFO  impl.LeaderElection (LeaderElection.java:askForVotes(306)) - 09544a2e-d1be-4322-b22d-d49b1aa9b056@group-13FC57B98B14-LeaderElection52 ELECTION round 0: submit vote requests at term 6 for -1: [78df850f-b6e4-442f-ab73-43f51794e862|rpc:10.1.0.6:39903|priority:1, 09544a2e-d1be-4322-b22d-d49b1aa9b056|rpc:10.1.0.6:42003|priority:0, add9ee20-ac1a-4d1d-a881-b847474b364b|rpc:10.1.0.6:39643|priority:0], old=null
2021-07-27 01:07:37,875 [grpc-default-executor-4] INFO  server.RaftServer$Division (RaftServerImpl.java:requestVote(1043)) - 78df850f-b6e4-442f-ab73-43f51794e862@group-13FC57B98B14: receive requestVote(ELECTION, 09544a2e-d1be-4322-b22d-d49b1aa9b056, group-13FC57B98B14, 6, (t:0, i:0))
2021-07-27 01:07:37,875 [grpc-default-executor-4] INFO  impl.VoteContext (VoteContext.java:log(48)) - 78df850f-b6e4-442f-ab73-43f51794e862@group-13FC57B98B14-FOLLOWER: reject ELECTION from 09544a2e-d1be-4322-b22d-d49b1aa9b056: our priority 1 > candidate's priority 0
2021-07-27 01:07:37,876 [grpc-default-executor-4] INFO  server.RaftServer$Division (RaftServerImpl.java:setRole(285)) - 78df850f-b6e4-442f-ab73-43f51794e862@group-13FC57B98B14: changes role from  FOLLOWER to FOLLOWER at term 6 for candidate:09544a2e-d1be-4322-b22d-d49b1aa9b056
2021-07-27 01:07:37,876 [grpc-default-executor-4] INFO  impl.RoleInfo (RoleInfo.java:shutdownFollowerState(108)) - 78df850f-b6e4-442f-ab73-43f51794e862: shutdown 78df850f-b6e4-442f-ab73-43f51794e862@group-13FC57B98B14-FollowerState
2021-07-27 01:07:37,876 [grpc-default-executor-4] INFO  impl.RoleInfo (RoleInfo.java:updateAndGet(130)) - 78df850f-b6e4-442f-ab73-43f51794e862: start 78df850f-b6e4-442f-ab73-43f51794e862@group-13FC57B98B14-FollowerState
2021-07-27 01:07:37,876 [78df850f-b6e4-442f-ab73-43f51794e862@group-13FC57B98B14-FollowerState] INFO  impl.FollowerState (FollowerState.java:run(143)) - 78df850f-b6e4-442f-ab73-43f51794e862@group-13FC57B98B14-FollowerState was interrupted: {}
java.lang.InterruptedException: sleep interrupted
	at java.lang.Thread.sleep(Native Method)
	at java.lang.Thread.sleep(Thread.java:340)
	at java.util.concurrent.TimeUnit.sleep(TimeUnit.java:386)
	at org.apache.ratis.util.TimeDuration.sleep(TimeDuration.java:324)
	at org.apache.ratis.util.TimeDuration.sleep(TimeDuration.java:309)
	at org.apache.ratis.server.impl.FollowerState.run(FollowerState.java:118)
2021-07-27 01:07:37,876 [grpc-default-executor-5] INFO  server.RaftServer$Division (RaftServerImpl.java:requestVote(1043)) - add9ee20-ac1a-4d1d-a881-b847474b364b@group-13FC57B98B14: receive requestVote(ELECTION, 09544a2e-d1be-4322-b22d-d49b1aa9b056, group-13FC57B98B14, 6, (t:0, i:0))
2021-07-27 01:07:37,877 [grpc-default-executor-5] INFO  impl.VoteContext (VoteContext.java:log(48)) - add9ee20-ac1a-4d1d-a881-b847474b364b@group-13FC57B98B14-FOLLOWER: accept ELECTION from 09544a2e-d1be-4322-b22d-d49b1aa9b056: our priority 0 <= candidate's priority 0
2021-07-27 01:07:37,877 [grpc-default-executor-5] INFO  server.RaftServer$Division (RaftServerImpl.java:setRole(285)) - add9ee20-ac1a-4d1d-a881-b847474b364b@group-13FC57B98B14: changes role from  FOLLOWER to FOLLOWER at term 6 for candidate:09544a2e-d1be-4322-b22d-d49b1aa9b056
2021-07-27 01:07:37,877 [grpc-default-executor-5] INFO  impl.RoleInfo (RoleInfo.java:shutdownFollowerState(108)) - add9ee20-ac1a-4d1d-a881-b847474b364b: shutdown add9ee20-ac1a-4d1d-a881-b847474b364b@group-13FC57B98B14-FollowerState
2021-07-27 01:07:37,880 [grpc-default-executor-5] INFO  impl.RoleInfo (RoleInfo.java:updateAndGet(130)) - add9ee20-ac1a-4d1d-a881-b847474b364b: start add9ee20-ac1a-4d1d-a881-b847474b364b@group-13FC57B98B14-FollowerState
2021-07-27 01:07:37,881 [add9ee20-ac1a-4d1d-a881-b847474b364b@group-13FC57B98B14-FollowerState] INFO  impl.FollowerState (FollowerState.java:run(143)) - add9ee20-ac1a-4d1d-a881-b847474b364b@group-13FC57B98B14-FollowerState was interrupted: {}
java.lang.InterruptedException: sleep interrupted
	at java.lang.Thread.sleep(Native Method)
	at java.lang.Thread.sleep(Thread.java:340)
	at java.util.concurrent.TimeUnit.sleep(TimeUnit.java:386)
	at org.apache.ratis.util.TimeDuration.sleep(TimeDuration.java:324)
	at org.apache.ratis.util.TimeDuration.sleep(TimeDuration.java:309)
	at org.apache.ratis.server.impl.FollowerState.run(FollowerState.java:118)
2021-07-27 01:07:37,883 [grpc-default-executor-4] INFO  server.RaftServer$Division (RaftServerImpl.java:requestVote(1075)) - 78df850f-b6e4-442f-ab73-43f51794e862@group-13FC57B98B14 replies to ELECTION vote request: 09544a2e-d1be-4322-b22d-d49b1aa9b056<-78df850f-b6e4-442f-ab73-43f51794e862#0:FAIL-t6. Peer's state: 78df850f-b6e4-442f-ab73-43f51794e862@group-13FC57B98B14:t6, leader=null, voted=null, raftlog=78df850f-b6e4-442f-ab73-43f51794e862@group-13FC57B98B14-SegmentedRaftLog:OPENED:c-1,f-1,i0, conf=-1: [78df850f-b6e4-442f-ab73-43f51794e862|rpc:10.1.0.6:39903|dataStream:|priority:1, 09544a2e-d1be-4322-b22d-d49b1aa9b056|rpc:10.1.0.6:42003|dataStream:|priority:0, add9ee20-ac1a-4d1d-a881-b847474b364b|rpc:10.1.0.6:39643|dataStream:|priority:0], old=null
2021-07-27 01:07:37,885 [grpc-default-executor-5] INFO  server.RaftServer$Division (RaftServerImpl.java:requestVote(1075)) - add9ee20-ac1a-4d1d-a881-b847474b364b@group-13FC57B98B14 replies to ELECTION vote request: 09544a2e-d1be-4322-b22d-d49b1aa9b056<-add9ee20-ac1a-4d1d-a881-b847474b364b#0:OK-t6. Peer's state: add9ee20-ac1a-4d1d-a881-b847474b364b@group-13FC57B98B14:t6, leader=null, voted=09544a2e-d1be-4322-b22d-d49b1aa9b056, raftlog=add9ee20-ac1a-4d1d-a881-b847474b364b@group-13FC57B98B14-SegmentedRaftLog:OPENED:c-1,f-1,i0, conf=-1: [78df850f-b6e4-442f-ab73-43f51794e862|rpc:10.1.0.6:39903|dataStream:|priority:1, 09544a2e-d1be-4322-b22d-d49b1aa9b056|rpc:10.1.0.6:42003|dataStream:|priority:0, add9ee20-ac1a-4d1d-a881-b847474b364b|rpc:10.1.0.6:39643|dataStream:|priority:0], old=null
2021-07-27 01:07:37,887 [09544a2e-d1be-4322-b22d-d49b1aa9b056@group-13FC57B98B14-LeaderElection52] INFO  impl.LeaderElection (LeaderElection.java:logAndReturn(89)) - 09544a2e-d1be-4322-b22d-d49b1aa9b056@group-13FC57B98B14-LeaderElection52: ELECTION REJECTED received 1 response(s) and 0 exception(s):
2021-07-27 01:07:37,887 [09544a2e-d1be-4322-b22d-d49b1aa9b056@group-13FC57B98B14-LeaderElection52] INFO  impl.LeaderElection (LeaderElection.java:logAndReturn(93)) -   Response 0: 09544a2e-d1be-4322-b22d-d49b1aa9b056<-78df850f-b6e4-442f-ab73-43f51794e862#0:FAIL-t6
2021-07-27 01:07:37,887 [09544a2e-d1be-4322-b22d-d49b1aa9b056@group-13FC57B98B14-LeaderElection52] INFO  impl.LeaderElection (LeaderElection.java:askForVotes(308)) - 09544a2e-d1be-4322-b22d-d49b1aa9b056@group-13FC57B98B14-LeaderElection52 ELECTION round 0: result REJECTED
2021-07-27 01:07:37,887 [09544a2e-d1be-4322-b22d-d49b1aa9b056@group-13FC57B98B14-LeaderElection52] INFO  server.RaftServer$Division (RaftServerImpl.java:setRole(285)) - 09544a2e-d1be-4322-b22d-d49b1aa9b056@group-13FC57B98B14: changes role from CANDIDATE to FOLLOWER at term 6 for REJECTED
2021-07-27 01:07:37,887 [09544a2e-d1be-4322-b22d-d49b1aa9b056@group-13FC57B98B14-LeaderElection52] INFO  impl.RoleInfo (RoleInfo.java:shutdownLeaderElection(121)) - 09544a2e-d1be-4322-b22d-d49b1aa9b056: shutdown 09544a2e-d1be-4322-b22d-d49b1aa9b056@group-13FC57B98B14-LeaderElection52
2021-07-27 01:07:37,887 [09544a2e-d1be-4322-b22d-d49b1aa9b056@group-13FC57B98B14-LeaderElection52] INFO  impl.RoleInfo (RoleInfo.java:updateAndGet(130)) - 09544a2e-d1be-4322-b22d-d49b1aa9b056: start 09544a2e-d1be-4322-b22d-d49b1aa9b056@group-13FC57B98B14-FollowerState
2021-07-27 01:07:39,668 [Listener at 127.0.0.1/40495] INFO  ozoneimpl.OzoneContainer (OzoneContainer.java:stop(326)) - Attempting to stop container services.
2021-07-27 01:07:39,668 [Listener at 127.0.0.1/40495] INFO  server.RaftServer (RaftServerProxy.java:lambda$close$6(391)) - add9ee20-ac1a-4d1d-a881-b847474b364b: close
2021-07-27 01:07:39,669 [Listener at 127.0.0.1/40495] INFO  server.RaftServer$Division (RaftServerImpl.java:lambda$close$4(407)) - add9ee20-ac1a-4d1d-a881-b847474b364b@group-C5A1D46CE2EB: shutdown
2021-07-27 01:07:39,669 [Listener at 127.0.0.1/40495] INFO  util.JmxRegister (JmxRegister.java:unregister(73)) - Successfully un-registered JMX Bean with object name Ratis:service=RaftServer,group=group-C5A1D46CE2EB,id=add9ee20-ac1a-4d1d-a881-b847474b364b
2021-07-27 01:07:39,669 [Listener at 127.0.0.1/40495] INFO  impl.RoleInfo (RoleInfo.java:shutdownLeaderState(91)) - add9ee20-ac1a-4d1d-a881-b847474b364b: shutdown add9ee20-ac1a-4d1d-a881-b847474b364b@group-C5A1D46CE2EB-LeaderStateImpl
2021-07-27 01:07:39,669 [Listener at 127.0.0.1/40495] INFO  impl.PendingRequests (PendingRequests.java:sendNotLeaderResponses(249)) - add9ee20-ac1a-4d1d-a881-b847474b364b@group-C5A1D46CE2EB-PendingRequests: sendNotLeaderResponses
2021-07-27 01:07:39,671 [Listener at 127.0.0.1/40495] INFO  impl.StateMachineUpdater (StateMachineUpdater.java:stopAndJoin(149)) - add9ee20-ac1a-4d1d-a881-b847474b364b@group-C5A1D46CE2EB-StateMachineUpdater: set stopIndex = 0
2021-07-27 01:07:39,672 [add9ee20-ac1a-4d1d-a881-b847474b364b@group-C5A1D46CE2EB-StateMachineUpdater] INFO  ratis.ContainerStateMachine (ContainerStateMachine.java:takeSnapshot(291)) - group-C5A1D46CE2EB: Taking a snapshot at:(t:5, i:0) file /home/runner/work/ozone/ozone/mnt/ozone/hadoop-ozone/integration-test/target/test-dir/MiniOzoneClusterImpl-16f2dd64-f1ad-4a1a-be58-d3c69d16c599/datanode-1/data/ratis/1adaa32e-2617-4847-b406-c5a1d46ce2eb/sm/snapshot.5_0
2021-07-27 01:07:39,672 [add9ee20-ac1a-4d1d-a881-b847474b364b@group-C5A1D46CE2EB->78df850f-b6e4-442f-ab73-43f51794e862-GrpcLogAppender-LogAppenderDaemon] WARN  server.GrpcLogAppender (GrpcLogAppender.java:mayWait(175)) - add9ee20-ac1a-4d1d-a881-b847474b364b@group-C5A1D46CE2EB->78df850f-b6e4-442f-ab73-43f51794e862-GrpcLogAppender: Wait interrupted by java.lang.InterruptedException
2021-07-27 01:07:39,673 [add9ee20-ac1a-4d1d-a881-b847474b364b@group-C5A1D46CE2EB->09544a2e-d1be-4322-b22d-d49b1aa9b056-GrpcLogAppender-LogAppenderDaemon] WARN  server.GrpcLogAppender (GrpcLogAppender.java:mayWait(175)) - add9ee20-ac1a-4d1d-a881-b847474b364b@group-C5A1D46CE2EB->09544a2e-d1be-4322-b22d-d49b1aa9b056-GrpcLogAppender: Wait interrupted by java.lang.InterruptedException
2021-07-27 01:07:39,674 [grpc-default-executor-5] INFO  server.GrpcServerProtocolService (GrpcServerProtocolService.java:onCompleted(140)) - 78df850f-b6e4-442f-ab73-43f51794e862: Completed APPEND_ENTRIES, lastRequest: add9ee20-ac1a-4d1d-a881-b847474b364b->78df850f-b6e4-442f-ab73-43f51794e862#1-t5,previous=(t:0, i:0),leaderCommit=0,initializing? true,entries: size=1, first=(t:5, i:0), CONFIGURATIONENTRY
2021-07-27 01:07:39,674 [grpc-default-executor-4] INFO  server.GrpcServerProtocolService (GrpcServerProtocolService.java:onCompleted(140)) - 09544a2e-d1be-4322-b22d-d49b1aa9b056: Completed APPEND_ENTRIES, lastRequest: add9ee20-ac1a-4d1d-a881-b847474b364b->09544a2e-d1be-4322-b22d-d49b1aa9b056#1-t5,previous=(t:0, i:0),leaderCommit=0,initializing? true,entries: size=1, first=(t:5, i:0), CONFIGURATIONENTRY
2021-07-27 01:07:39,675 [ForkJoinPool.commonPool-worker-1] INFO  ozoneimpl.OzoneContainer (OzoneContainer.java:stop(326)) - Attempting to stop container services.
2021-07-27 01:07:39,675 [add9ee20-ac1a-4d1d-a881-b847474b364b@group-C5A1D46CE2EB-StateMachineUpdater] INFO  ratis.ContainerStateMachine (ContainerStateMachine.java:takeSnapshot(302)) - group-C5A1D46CE2EB: Finished taking a snapshot at:(t:5, i:0) file:/home/runner/work/ozone/ozone/mnt/ozone/hadoop-ozone/integration-test/target/test-dir/MiniOzoneClusterImpl-16f2dd64-f1ad-4a1a-be58-d3c69d16c599/datanode-1/data/ratis/1adaa32e-2617-4847-b406-c5a1d46ce2eb/sm/snapshot.5_0 took: 3 ms
2021-07-27 01:07:39,676 [add9ee20-ac1a-4d1d-a881-b847474b364b@group-C5A1D46CE2EB-StateMachineUpdater] INFO  impl.StateMachineUpdater (StateMachineUpdater.java:takeSnapshot(281)) - add9ee20-ac1a-4d1d-a881-b847474b364b@group-C5A1D46CE2EB-StateMachineUpdater: Took a snapshot at index 0
2021-07-27 01:07:39,676 [add9ee20-ac1a-4d1d-a881-b847474b364b@group-C5A1D46CE2EB-StateMachineUpdater] INFO  impl.StateMachineUpdater (StateMachineUpdater.java:lambda$new$0(89)) - add9ee20-ac1a-4d1d-a881-b847474b364b@group-C5A1D46CE2EB-StateMachineUpdater: snapshotIndex: updateIncreasingly -1 -> 0
2021-07-27 01:07:39,676 [grpc-default-executor-1] INFO  server.GrpcLogAppender (GrpcLogAppender.java:onCompleted(344)) - add9ee20-ac1a-4d1d-a881-b847474b364b@group-C5A1D46CE2EB->78df850f-b6e4-442f-ab73-43f51794e862-AppendLogResponseHandler: follower responses appendEntries COMPLETED
2021-07-27 01:07:39,677 [grpc-default-executor-1] INFO  leader.FollowerInfo (FollowerInfoImpl.java:lambda$new$0(46)) - add9ee20-ac1a-4d1d-a881-b847474b364b@group-C5A1D46CE2EB->78df850f-b6e4-442f-ab73-43f51794e862: nextIndex: updateUnconditionally 1 -> 0
2021-07-27 01:07:39,677 [grpc-default-executor-3] INFO  server.GrpcLogAppender (GrpcLogAppender.java:onCompleted(344)) - add9ee20-ac1a-4d1d-a881-b847474b364b@group-C5A1D46CE2EB->09544a2e-d1be-4322-b22d-d49b1aa9b056-AppendLogResponseHandler: follower responses appendEntries COMPLETED
2021-07-27 01:07:39,677 [grpc-default-executor-3] INFO  leader.FollowerInfo (FollowerInfoImpl.java:lambda$new$0(46)) - add9ee20-ac1a-4d1d-a881-b847474b364b@group-C5A1D46CE2EB->09544a2e-d1be-4322-b22d-d49b1aa9b056: nextIndex: updateUnconditionally 1 -> 0
2021-07-27 01:07:39,677 [ForkJoinPool.commonPool-worker-1] INFO  server.RaftServer (RaftServerProxy.java:lambda$close$6(391)) - 09544a2e-d1be-4322-b22d-d49b1aa9b056: close
2021-07-27 01:07:39,677 [ForkJoinPool.commonPool-worker-1] INFO  server.RaftServer$Division (RaftServerImpl.java:lambda$close$4(407)) - 09544a2e-d1be-4322-b22d-d49b1aa9b056@group-C5A1D46CE2EB: shutdown
2021-07-27 01:07:39,678 [ForkJoinPool.commonPool-worker-1] INFO  util.JmxRegister (JmxRegister.java:unregister(73)) - Successfully un-registered JMX Bean with object name Ratis:service=RaftServer,group=group-C5A1D46CE2EB,id=09544a2e-d1be-4322-b22d-d49b1aa9b056
2021-07-27 01:07:39,678 [ForkJoinPool.commonPool-worker-1] INFO  impl.RoleInfo (RoleInfo.java:shutdownFollowerState(108)) - 09544a2e-d1be-4322-b22d-d49b1aa9b056: shutdown 09544a2e-d1be-4322-b22d-d49b1aa9b056@group-C5A1D46CE2EB-FollowerState
2021-07-27 01:07:39,678 [ForkJoinPool.commonPool-worker-1] INFO  impl.StateMachineUpdater (StateMachineUpdater.java:stopAndJoin(149)) - 09544a2e-d1be-4322-b22d-d49b1aa9b056@group-C5A1D46CE2EB-StateMachineUpdater: set stopIndex = 0
2021-07-27 01:07:39,678 [Listener at 127.0.0.1/40495] INFO  server.RaftServer$Division (ServerState.java:close(419)) - add9ee20-ac1a-4d1d-a881-b847474b364b@group-C5A1D46CE2EB: closes. applyIndex: 0
2021-07-27 01:07:39,678 [09544a2e-d1be-4322-b22d-d49b1aa9b056@group-C5A1D46CE2EB-StateMachineUpdater] INFO  ratis.ContainerStateMachine (ContainerStateMachine.java:takeSnapshot(291)) - group-C5A1D46CE2EB: Taking a snapshot at:(t:5, i:0) file /home/runner/work/ozone/ozone/mnt/ozone/hadoop-ozone/integration-test/target/test-dir/MiniOzoneClusterImpl-16f2dd64-f1ad-4a1a-be58-d3c69d16c599/datanode-0/data/ratis/1adaa32e-2617-4847-b406-c5a1d46ce2eb/sm/snapshot.5_0
2021-07-27 01:07:39,678 [09544a2e-d1be-4322-b22d-d49b1aa9b056@group-C5A1D46CE2EB-FollowerState] INFO  impl.FollowerState (FollowerState.java:run(143)) - 09544a2e-d1be-4322-b22d-d49b1aa9b056@group-C5A1D46CE2EB-FollowerState was interrupted: {}
java.lang.InterruptedException: sleep interrupted
	at java.lang.Thread.sleep(Native Method)
	at java.lang.Thread.sleep(Thread.java:340)
	at java.util.concurrent.TimeUnit.sleep(TimeUnit.java:386)
	at org.apache.ratis.util.TimeDuration.sleep(TimeDuration.java:324)
	at org.apache.ratis.util.TimeDuration.sleep(TimeDuration.java:309)
	at org.apache.ratis.server.impl.FollowerState.run(FollowerState.java:118)
2021-07-27 01:07:39,679 [09544a2e-d1be-4322-b22d-d49b1aa9b056@group-C5A1D46CE2EB-StateMachineUpdater] INFO  ratis.ContainerStateMachine (ContainerStateMachine.java:takeSnapshot(302)) - group-C5A1D46CE2EB: Finished taking a snapshot at:(t:5, i:0) file:/home/runner/work/ozone/ozone/mnt/ozone/hadoop-ozone/integration-test/target/test-dir/MiniOzoneClusterImpl-16f2dd64-f1ad-4a1a-be58-d3c69d16c599/datanode-0/data/ratis/1adaa32e-2617-4847-b406-c5a1d46ce2eb/sm/snapshot.5_0 took: 1 ms
2021-07-27 01:07:39,680 [add9ee20-ac1a-4d1d-a881-b847474b364b@group-C5A1D46CE2EB-SegmentedRaftLogWorker] INFO  segmented.SegmentedRaftLogWorker (SegmentedRaftLogWorker.java:run(327)) - add9ee20-ac1a-4d1d-a881-b847474b364b@group-C5A1D46CE2EB-SegmentedRaftLogWorker was interrupted, exiting. There are 0 tasks remaining in the queue.
2021-07-27 01:07:39,680 [09544a2e-d1be-4322-b22d-d49b1aa9b056@group-C5A1D46CE2EB-StateMachineUpdater] INFO  impl.StateMachineUpdater (StateMachineUpdater.java:takeSnapshot(281)) - 09544a2e-d1be-4322-b22d-d49b1aa9b056@group-C5A1D46CE2EB-StateMachineUpdater: Took a snapshot at index 0
2021-07-27 01:07:39,680 [09544a2e-d1be-4322-b22d-d49b1aa9b056@group-C5A1D46CE2EB-StateMachineUpdater] INFO  impl.StateMachineUpdater (StateMachineUpdater.java:lambda$new$0(89)) - 09544a2e-d1be-4322-b22d-d49b1aa9b056@group-C5A1D46CE2EB-StateMachineUpdater: snapshotIndex: updateIncreasingly -1 -> 0
2021-07-27 01:07:39,680 [ForkJoinPool.commonPool-worker-1] INFO  server.RaftServer$Division (ServerState.java:close(419)) - 09544a2e-d1be-4322-b22d-d49b1aa9b056@group-C5A1D46CE2EB: closes. applyIndex: 0
2021-07-27 01:07:39,681 [09544a2e-d1be-4322-b22d-d49b1aa9b056@group-C5A1D46CE2EB-SegmentedRaftLogWorker] INFO  segmented.SegmentedRaftLogWorker (SegmentedRaftLogWorker.java:run(327)) - 09544a2e-d1be-4322-b22d-d49b1aa9b056@group-C5A1D46CE2EB-SegmentedRaftLogWorker was interrupted, exiting. There are 0 tasks remaining in the queue.
2021-07-27 01:07:39,681 [Listener at 127.0.0.1/40495] INFO  segmented.SegmentedRaftLogWorker (SegmentedRaftLogWorker.java:close(237)) - add9ee20-ac1a-4d1d-a881-b847474b364b@group-C5A1D46CE2EB-SegmentedRaftLogWorker close()
2021-07-27 01:07:39,681 [ForkJoinPool.commonPool-worker-1] INFO  segmented.SegmentedRaftLogWorker (SegmentedRaftLogWorker.java:close(237)) - 09544a2e-d1be-4322-b22d-d49b1aa9b056@group-C5A1D46CE2EB-SegmentedRaftLogWorker close()
2021-07-27 01:07:39,683 [ForkJoinPool.commonPool-worker-1] INFO  server.RaftServer$Division (RaftServerImpl.java:lambda$close$4(407)) - 09544a2e-d1be-4322-b22d-d49b1aa9b056@group-13FC57B98B14: shutdown
2021-07-27 01:07:39,683 [Listener at 127.0.0.1/40495] INFO  server.RaftServer$Division (RaftServerImpl.java:lambda$close$4(407)) - add9ee20-ac1a-4d1d-a881-b847474b364b@group-9DC8AAE452A8: shutdown
2021-07-27 01:07:39,683 [ForkJoinPool.commonPool-worker-1] INFO  util.JmxRegister (JmxRegister.java:unregister(73)) - Successfully un-registered JMX Bean with object name Ratis:service=RaftServer,group=group-13FC57B98B14,id=09544a2e-d1be-4322-b22d-d49b1aa9b056
2021-07-27 01:07:39,683 [ForkJoinPool.commonPool-worker-1] INFO  impl.RoleInfo (RoleInfo.java:shutdownFollowerState(108)) - 09544a2e-d1be-4322-b22d-d49b1aa9b056: shutdown 09544a2e-d1be-4322-b22d-d49b1aa9b056@group-13FC57B98B14-FollowerState
2021-07-27 01:07:39,684 [ForkJoinPool.commonPool-worker-1] INFO  impl.StateMachineUpdater (StateMachineUpdater.java:stopAndJoin(149)) - 09544a2e-d1be-4322-b22d-d49b1aa9b056@group-13FC57B98B14-StateMachineUpdater: set stopIndex = -1
2021-07-27 01:07:39,683 [Listener at 127.0.0.1/40495] INFO  util.JmxRegister (JmxRegister.java:unregister(73)) - Successfully un-registered JMX Bean with object name Ratis:service=RaftServer,group=group-9DC8AAE452A8,id=add9ee20-ac1a-4d1d-a881-b847474b364b
2021-07-27 01:07:39,684 [09544a2e-d1be-4322-b22d-d49b1aa9b056@group-13FC57B98B14-FollowerState] INFO  impl.FollowerState (FollowerState.java:run(143)) - 09544a2e-d1be-4322-b22d-d49b1aa9b056@group-13FC57B98B14-FollowerState was interrupted: {}
java.lang.InterruptedException: sleep interrupted
	at java.lang.Thread.sleep(Native Method)
	at java.lang.Thread.sleep(Thread.java:340)
	at java.util.concurrent.TimeUnit.sleep(TimeUnit.java:386)
	at org.apache.ratis.util.TimeDuration.sleep(TimeDuration.java:324)
	at org.apache.ratis.util.TimeDuration.sleep(TimeDuration.java:309)
	at org.apache.ratis.server.impl.FollowerState.run(FollowerState.java:118)
2021-07-27 01:07:39,684 [ForkJoinPool.commonPool-worker-1] INFO  server.RaftServer$Division (ServerState.java:close(419)) - 09544a2e-d1be-4322-b22d-d49b1aa9b056@group-13FC57B98B14: closes. applyIndex: -1
2021-07-27 01:07:39,684 [09544a2e-d1be-4322-b22d-d49b1aa9b056@group-13FC57B98B14-SegmentedRaftLogWorker] INFO  segmented.SegmentedRaftLogWorker (SegmentedRaftLogWorker.java:run(327)) - 09544a2e-d1be-4322-b22d-d49b1aa9b056@group-13FC57B98B14-SegmentedRaftLogWorker was interrupted, exiting. There are 0 tasks remaining in the queue.
2021-07-27 01:07:39,684 [Listener at 127.0.0.1/40495] INFO  impl.RoleInfo (RoleInfo.java:shutdownLeaderState(91)) - add9ee20-ac1a-4d1d-a881-b847474b364b: shutdown add9ee20-ac1a-4d1d-a881-b847474b364b@group-9DC8AAE452A8-LeaderStateImpl
2021-07-27 01:07:39,685 [Listener at 127.0.0.1/40495] INFO  impl.PendingRequests (PendingRequests.java:sendNotLeaderResponses(249)) - add9ee20-ac1a-4d1d-a881-b847474b364b@group-9DC8AAE452A8-PendingRequests: sendNotLeaderResponses
2021-07-27 01:07:39,685 [ForkJoinPool.commonPool-worker-1] INFO  segmented.SegmentedRaftLogWorker (SegmentedRaftLogWorker.java:close(237)) - 09544a2e-d1be-4322-b22d-d49b1aa9b056@group-13FC57B98B14-SegmentedRaftLogWorker close()
2021-07-27 01:07:39,687 [ForkJoinPool.commonPool-worker-1] INFO  server.RaftServer$Division (RaftServerImpl.java:lambda$close$4(407)) - 09544a2e-d1be-4322-b22d-d49b1aa9b056@group-10322319CFAB: shutdown
2021-07-27 01:07:39,687 [ForkJoinPool.commonPool-worker-1] INFO  util.JmxRegister (JmxRegister.java:unregister(73)) - Successfully un-registered JMX Bean with object name Ratis:service=RaftServer,group=group-10322319CFAB,id=09544a2e-d1be-4322-b22d-d49b1aa9b056
2021-07-27 01:07:39,687 [ForkJoinPool.commonPool-worker-1] INFO  impl.RoleInfo (RoleInfo.java:shutdownLeaderState(91)) - 09544a2e-d1be-4322-b22d-d49b1aa9b056: shutdown 09544a2e-d1be-4322-b22d-d49b1aa9b056@group-10322319CFAB-LeaderStateImpl
2021-07-27 01:07:39,688 [ForkJoinPool.commonPool-worker-1] INFO  impl.PendingRequests (PendingRequests.java:sendNotLeaderResponses(249)) - 09544a2e-d1be-4322-b22d-d49b1aa9b056@group-10322319CFAB-PendingRequests: sendNotLeaderResponses
2021-07-27 01:07:39,689 [09544a2e-d1be-4322-b22d-d49b1aa9b056@group-10322319CFAB-StateMachineUpdater] INFO  ratis.ContainerStateMachine (ContainerStateMachine.java:takeSnapshot(291)) - group-10322319CFAB: Taking a snapshot at:(t:1, i:0) file /home/runner/work/ozone/ozone/mnt/ozone/hadoop-ozone/integration-test/target/test-dir/MiniOzoneClusterImpl-16f2dd64-f1ad-4a1a-be58-d3c69d16c599/datanode-0/data/ratis/369d0a57-f444-409a-ae1a-10322319cfab/sm/snapshot.1_0
2021-07-27 01:07:39,689 [ForkJoinPool.commonPool-worker-1] INFO  impl.StateMachineUpdater (StateMachineUpdater.java:stopAndJoin(149)) - 09544a2e-d1be-4322-b22d-d49b1aa9b056@group-10322319CFAB-StateMachineUpdater: set stopIndex = 0
2021-07-27 01:07:39,690 [Listener at 127.0.0.1/40495] INFO  impl.StateMachineUpdater (StateMachineUpdater.java:stopAndJoin(149)) - add9ee20-ac1a-4d1d-a881-b847474b364b@group-9DC8AAE452A8-StateMachineUpdater: set stopIndex = 0
2021-07-27 01:07:39,690 [add9ee20-ac1a-4d1d-a881-b847474b364b@group-9DC8AAE452A8-StateMachineUpdater] INFO  ratis.ContainerStateMachine (ContainerStateMachine.java:takeSnapshot(291)) - group-9DC8AAE452A8: Taking a snapshot at:(t:1, i:0) file /home/runner/work/ozone/ozone/mnt/ozone/hadoop-ozone/integration-test/target/test-dir/MiniOzoneClusterImpl-16f2dd64-f1ad-4a1a-be58-d3c69d16c599/datanode-1/data/ratis/63ed4410-75b1-433a-b596-9dc8aae452a8/sm/snapshot.1_0
2021-07-27 01:07:39,695 [add9ee20-ac1a-4d1d-a881-b847474b364b@group-9DC8AAE452A8-StateMachineUpdater] INFO  ratis.ContainerStateMachine (ContainerStateMachine.java:takeSnapshot(302)) - group-9DC8AAE452A8: Finished taking a snapshot at:(t:1, i:0) file:/home/runner/work/ozone/ozone/mnt/ozone/hadoop-ozone/integration-test/target/test-dir/MiniOzoneClusterImpl-16f2dd64-f1ad-4a1a-be58-d3c69d16c599/datanode-1/data/ratis/63ed4410-75b1-433a-b596-9dc8aae452a8/sm/snapshot.1_0 took: 1 ms
2021-07-27 01:07:39,696 [add9ee20-ac1a-4d1d-a881-b847474b364b@group-9DC8AAE452A8-StateMachineUpdater] INFO  impl.StateMachineUpdater (StateMachineUpdater.java:takeSnapshot(281)) - add9ee20-ac1a-4d1d-a881-b847474b364b@group-9DC8AAE452A8-StateMachineUpdater: Took a snapshot at index 0
2021-07-27 01:07:39,696 [add9ee20-ac1a-4d1d-a881-b847474b364b@group-9DC8AAE452A8-StateMachineUpdater] INFO  impl.StateMachineUpdater (StateMachineUpdater.java:lambda$new$0(89)) - add9ee20-ac1a-4d1d-a881-b847474b364b@group-9DC8AAE452A8-StateMachineUpdater: snapshotIndex: updateIncreasingly -1 -> 0
2021-07-27 01:07:39,696 [09544a2e-d1be-4322-b22d-d49b1aa9b056@group-10322319CFAB-StateMachineUpdater] INFO  ratis.ContainerStateMachine (ContainerStateMachine.java:takeSnapshot(302)) - group-10322319CFAB: Finished taking a snapshot at:(t:1, i:0) file:/home/runner/work/ozone/ozone/mnt/ozone/hadoop-ozone/integration-test/target/test-dir/MiniOzoneClusterImpl-16f2dd64-f1ad-4a1a-be58-d3c69d16c599/datanode-0/data/ratis/369d0a57-f444-409a-ae1a-10322319cfab/sm/snapshot.1_0 took: 2 ms
2021-07-27 01:07:39,696 [09544a2e-d1be-4322-b22d-d49b1aa9b056@group-10322319CFAB-StateMachineUpdater] INFO  impl.StateMachineUpdater (StateMachineUpdater.java:takeSnapshot(281)) - 09544a2e-d1be-4322-b22d-d49b1aa9b056@group-10322319CFAB-StateMachineUpdater: Took a snapshot at index 0
2021-07-27 01:07:39,696 [09544a2e-d1be-4322-b22d-d49b1aa9b056@group-10322319CFAB-StateMachineUpdater] INFO  impl.StateMachineUpdater (StateMachineUpdater.java:lambda$new$0(89)) - 09544a2e-d1be-4322-b22d-d49b1aa9b056@group-10322319CFAB-StateMachineUpdater: snapshotIndex: updateIncreasingly -1 -> 0
2021-07-27 01:07:39,697 [Listener at 127.0.0.1/40495] INFO  server.RaftServer$Division (ServerState.java:close(419)) - add9ee20-ac1a-4d1d-a881-b847474b364b@group-9DC8AAE452A8: closes. applyIndex: 0
2021-07-27 01:07:39,697 [ForkJoinPool.commonPool-worker-1] INFO  server.RaftServer$Division (ServerState.java:close(419)) - 09544a2e-d1be-4322-b22d-d49b1aa9b056@group-10322319CFAB: closes. applyIndex: 0
2021-07-27 01:07:39,697 [add9ee20-ac1a-4d1d-a881-b847474b364b@group-9DC8AAE452A8-SegmentedRaftLogWorker] INFO  segmented.SegmentedRaftLogWorker (SegmentedRaftLogWorker.java:run(327)) - add9ee20-ac1a-4d1d-a881-b847474b364b@group-9DC8AAE452A8-SegmentedRaftLogWorker was interrupted, exiting. There are 0 tasks remaining in the queue.
2021-07-27 01:07:39,697 [09544a2e-d1be-4322-b22d-d49b1aa9b056@group-10322319CFAB-SegmentedRaftLogWorker] INFO  segmented.SegmentedRaftLogWorker (SegmentedRaftLogWorker.java:run(327)) - 09544a2e-d1be-4322-b22d-d49b1aa9b056@group-10322319CFAB-SegmentedRaftLogWorker was interrupted, exiting. There are 0 tasks remaining in the queue.
2021-07-27 01:07:39,698 [Listener at 127.0.0.1/40495] INFO  segmented.SegmentedRaftLogWorker (SegmentedRaftLogWorker.java:close(237)) - add9ee20-ac1a-4d1d-a881-b847474b364b@group-9DC8AAE452A8-SegmentedRaftLogWorker close()
2021-07-27 01:07:39,699 [Listener at 127.0.0.1/40495] INFO  server.RaftServer$Division (RaftServerImpl.java:lambda$close$4(407)) - add9ee20-ac1a-4d1d-a881-b847474b364b@group-13FC57B98B14: shutdown
2021-07-27 01:07:39,699 [Listener at 127.0.0.1/40495] INFO  util.JmxRegister (JmxRegister.java:unregister(73)) - Successfully un-registered JMX Bean with object name Ratis:service=RaftServer,group=group-13FC57B98B14,id=add9ee20-ac1a-4d1d-a881-b847474b364b
2021-07-27 01:07:39,699 [Listener at 127.0.0.1/40495] INFO  impl.RoleInfo (RoleInfo.java:shutdownFollowerState(108)) - add9ee20-ac1a-4d1d-a881-b847474b364b: shutdown add9ee20-ac1a-4d1d-a881-b847474b364b@group-13FC57B98B14-FollowerState
2021-07-27 01:07:39,699 [add9ee20-ac1a-4d1d-a881-b847474b364b@group-13FC57B98B14-FollowerState] INFO  impl.FollowerState (FollowerState.java:run(143)) - add9ee20-ac1a-4d1d-a881-b847474b364b@group-13FC57B98B14-FollowerState was interrupted: {}
java.lang.InterruptedException: sleep interrupted
	at java.lang.Thread.sleep(Native Method)
	at java.lang.Thread.sleep(Thread.java:340)
	at java.util.concurrent.TimeUnit.sleep(TimeUnit.java:386)
	at org.apache.ratis.util.TimeDuration.sleep(TimeDuration.java:324)
	at org.apache.ratis.util.TimeDuration.sleep(TimeDuration.java:309)
	at org.apache.ratis.server.impl.FollowerState.run(FollowerState.java:118)
2021-07-27 01:07:39,699 [Listener at 127.0.0.1/40495] INFO  impl.StateMachineUpdater (StateMachineUpdater.java:stopAndJoin(149)) - add9ee20-ac1a-4d1d-a881-b847474b364b@group-13FC57B98B14-StateMachineUpdater: set stopIndex = -1
2021-07-27 01:07:39,700 [Listener at 127.0.0.1/40495] INFO  server.RaftServer$Division (ServerState.java:close(419)) - add9ee20-ac1a-4d1d-a881-b847474b364b@group-13FC57B98B14: closes. applyIndex: -1
2021-07-27 01:07:39,700 [ForkJoinPool.commonPool-worker-1] INFO  segmented.SegmentedRaftLogWorker (SegmentedRaftLogWorker.java:close(237)) - 09544a2e-d1be-4322-b22d-d49b1aa9b056@group-10322319CFAB-SegmentedRaftLogWorker close()
2021-07-27 01:07:39,700 [add9ee20-ac1a-4d1d-a881-b847474b364b@group-13FC57B98B14-SegmentedRaftLogWorker] INFO  segmented.SegmentedRaftLogWorker (SegmentedRaftLogWorker.java:run(327)) - add9ee20-ac1a-4d1d-a881-b847474b364b@group-13FC57B98B14-SegmentedRaftLogWorker was interrupted, exiting. There are 0 tasks remaining in the queue.
2021-07-27 01:07:39,701 [ForkJoinPool.commonPool-worker-1] INFO  server.GrpcService (GrpcService.java:closeImpl(262)) - 09544a2e-d1be-4322-b22d-d49b1aa9b056: shutdown server with port 42003 now
2021-07-27 01:07:39,702 [Listener at 127.0.0.1/40495] INFO  segmented.SegmentedRaftLogWorker (SegmentedRaftLogWorker.java:close(237)) - add9ee20-ac1a-4d1d-a881-b847474b364b@group-13FC57B98B14-SegmentedRaftLogWorker close()
2021-07-27 01:07:39,708 [Listener at 127.0.0.1/40495] INFO  server.GrpcService (GrpcService.java:closeImpl(262)) - add9ee20-ac1a-4d1d-a881-b847474b364b: shutdown server with port 39643 now
2021-07-27 01:07:39,740 [Listener at 127.0.0.1/40495] INFO  server.GrpcService (GrpcService.java:closeImpl(271)) - add9ee20-ac1a-4d1d-a881-b847474b364b: shutdown server with port 39643 successfully
2021-07-27 01:07:39,740 [org.apache.ratis.util.JvmPauseMonitor$$Lambda$526/1158709959@45a6c9e8] INFO  util.JvmPauseMonitor (JvmPauseMonitor.java:run(109)) - JvmPauseMonitor-add9ee20-ac1a-4d1d-a881-b847474b364b: Stopped
2021-07-27 01:07:39,751 [ForkJoinPool.commonPool-worker-1] INFO  server.GrpcService (GrpcService.java:closeImpl(271)) - 09544a2e-d1be-4322-b22d-d49b1aa9b056: shutdown server with port 42003 successfully
2021-07-27 01:07:39,752 [Listener at 127.0.0.1/40495] INFO  utils.BackgroundService (BackgroundService.java:shutdown(132)) - Shutting down service BlockDeletingService
2021-07-27 01:07:39,753 [org.apache.ratis.util.JvmPauseMonitor$$Lambda$526/1158709959@83914d8] INFO  util.JvmPauseMonitor (JvmPauseMonitor.java:run(109)) - JvmPauseMonitor-09544a2e-d1be-4322-b22d-d49b1aa9b056: Stopped
2021-07-27 01:07:39,754 [Listener at 127.0.0.1/40495] INFO  statemachine.DatanodeStateMachine (DatanodeStateMachine.java:stopDaemon(514)) - Ozone container server stopped.
2021-07-27 01:07:39,756 [ForkJoinPool.commonPool-worker-1] INFO  utils.BackgroundService (BackgroundService.java:shutdown(132)) - Shutting down service BlockDeletingService
2021-07-27 01:07:39,756 [Listener at 127.0.0.1/40495] INFO  handler.ContextHandler (ContextHandler.java:doStop(1154)) - Stopped o.e.j.w.WebAppContext@29e270a7{hddsDatanode,/,null,STOPPED}{jar:file:/home/runner/.m2/repository/org/apache/ozone/hdds-container-service/1.2.0-SNAPSHOT/hdds-container-service-1.2.0-SNAPSHOT.jar!/webapps/hddsDatanode}
2021-07-27 01:07:39,757 [Listener at 127.0.0.1/40495] INFO  server.AbstractConnector (AbstractConnector.java:doStop(381)) - Stopped ServerConnector@24e270c1{HTTP/1.1, (http/1.1)}{0.0.0.0:0}
2021-07-27 01:07:39,759 [Listener at 127.0.0.1/40495] INFO  server.session (HouseKeeper.java:stopScavenging(149)) - node0 Stopped scavenging
2021-07-27 01:07:39,758 [ForkJoinPool.commonPool-worker-1] INFO  statemachine.DatanodeStateMachine (DatanodeStateMachine.java:stopDaemon(514)) - Ozone container server stopped.
2021-07-27 01:07:39,760 [Listener at 127.0.0.1/40495] INFO  handler.ContextHandler (ContextHandler.java:doStop(1154)) - Stopped o.e.j.s.ServletContextHandler@491451b5{static,/static,jar:file:/home/runner/.m2/repository/org/apache/ozone/hdds-container-service/1.2.0-SNAPSHOT/hdds-container-service-1.2.0-SNAPSHOT.jar!/webapps/static,STOPPED}
2021-07-27 01:07:39,760 [Listener at 127.0.0.1/40495] INFO  handler.ContextHandler (ContextHandler.java:doStop(1154)) - Stopped o.e.j.s.ServletContextHandler@301f2dc6{logs,/logs,file:///home/runner/work/ozone/ozone/mnt/ozone/hadoop-ozone/integration-test/target/log,STOPPED}
2021-07-27 01:07:39,785 [ForkJoinPool.commonPool-worker-1] INFO  handler.ContextHandler (ContextHandler.java:doStop(1154)) - Stopped o.e.j.w.WebAppContext@3ea32784{hddsDatanode,/,null,STOPPED}{jar:file:/home/runner/.m2/repository/org/apache/ozone/hdds-container-service/1.2.0-SNAPSHOT/hdds-container-service-1.2.0-SNAPSHOT.jar!/webapps/hddsDatanode}
2021-07-27 01:07:39,786 [ForkJoinPool.commonPool-worker-1] INFO  server.AbstractConnector (AbstractConnector.java:doStop(381)) - Stopped ServerConnector@2995abaa{HTTP/1.1, (http/1.1)}{0.0.0.0:0}
2021-07-27 01:07:39,786 [ForkJoinPool.commonPool-worker-1] INFO  server.session (HouseKeeper.java:stopScavenging(149)) - node0 Stopped scavenging
2021-07-27 01:07:39,789 [ForkJoinPool.commonPool-worker-1] INFO  handler.ContextHandler (ContextHandler.java:doStop(1154)) - Stopped o.e.j.s.ServletContextHandler@2810154{static,/static,jar:file:/home/runner/.m2/repository/org/apache/ozone/hdds-container-service/1.2.0-SNAPSHOT/hdds-container-service-1.2.0-SNAPSHOT.jar!/webapps/static,STOPPED}
2021-07-27 01:07:39,789 [ForkJoinPool.commonPool-worker-1] INFO  handler.ContextHandler (ContextHandler.java:doStop(1154)) - Stopped o.e.j.s.ServletContextHandler@a15b0e9{logs,/logs,file:///home/runner/work/ozone/ozone/mnt/ozone/hadoop-ozone/integration-test/target/log,STOPPED}
2021-07-27 01:07:40,373 [Datanode State Machine Thread - 0] INFO  statemachine.DatanodeStateMachine (DatanodeStateMachine.java:lambda$startDaemon$0(456)) - Ozone container server started.
2021-07-27 01:07:43,042 [78df850f-b6e4-442f-ab73-43f51794e862@group-13FC57B98B14-FollowerState] INFO  impl.FollowerState (FollowerState.java:run(134)) - 78df850f-b6e4-442f-ab73-43f51794e862@group-13FC57B98B14-FollowerState: change to CANDIDATE, lastRpcElapsedTime:5166166395ns, electionTimeout:5161ms
2021-07-27 01:07:43,042 [78df850f-b6e4-442f-ab73-43f51794e862@group-13FC57B98B14-FollowerState] INFO  impl.RoleInfo (RoleInfo.java:shutdownFollowerState(108)) - 78df850f-b6e4-442f-ab73-43f51794e862: shutdown 78df850f-b6e4-442f-ab73-43f51794e862@group-13FC57B98B14-FollowerState
2021-07-27 01:07:43,043 [78df850f-b6e4-442f-ab73-43f51794e862@group-13FC57B98B14-FollowerState] INFO  server.RaftServer$Division (RaftServerImpl.java:setRole(285)) - 78df850f-b6e4-442f-ab73-43f51794e862@group-13FC57B98B14: changes role from  FOLLOWER to CANDIDATE at term 6 for changeToCandidate
2021-07-27 01:07:43,043 [78df850f-b6e4-442f-ab73-43f51794e862@group-13FC57B98B14-FollowerState] INFO  server.RaftServerConfigKeys (ConfUtils.java:logGet(44)) - raft.server.leaderelection.pre-vote = false (custom)
2021-07-27 01:07:43,043 [78df850f-b6e4-442f-ab73-43f51794e862@group-13FC57B98B14-FollowerState] INFO  impl.RoleInfo (RoleInfo.java:updateAndGet(130)) - 78df850f-b6e4-442f-ab73-43f51794e862: start 78df850f-b6e4-442f-ab73-43f51794e862@group-13FC57B98B14-LeaderElection53
2021-07-27 01:07:43,051 [78df850f-b6e4-442f-ab73-43f51794e862@group-13FC57B98B14-LeaderElection53] INFO  impl.LeaderElection (LeaderElection.java:askForVotes(306)) - 78df850f-b6e4-442f-ab73-43f51794e862@group-13FC57B98B14-LeaderElection53 ELECTION round 0: submit vote requests at term 7 for -1: [78df850f-b6e4-442f-ab73-43f51794e862|rpc:10.1.0.6:39903|dataStream:|priority:1, 09544a2e-d1be-4322-b22d-d49b1aa9b056|rpc:10.1.0.6:42003|dataStream:|priority:0, add9ee20-ac1a-4d1d-a881-b847474b364b|rpc:10.1.0.6:39643|dataStream:|priority:0], old=null
2021-07-27 01:07:43,066 [78df850f-b6e4-442f-ab73-43f51794e862@group-13FC57B98B14-LeaderElection53] INFO  impl.LeaderElection (LogUtils.java:infoOrTrace(137)) - 78df850f-b6e4-442f-ab73-43f51794e862@group-13FC57B98B14-LeaderElection53 got exception when requesting votes: java.util.concurrent.ExecutionException: org.apache.ratis.thirdparty.io.grpc.StatusRuntimeException: UNAVAILABLE: io exception
2021-07-27 01:07:43,069 [78df850f-b6e4-442f-ab73-43f51794e862@group-13FC57B98B14-LeaderElection53] INFO  impl.LeaderElection (LogUtils.java:infoOrTrace(137)) - 78df850f-b6e4-442f-ab73-43f51794e862@group-13FC57B98B14-LeaderElection53 got exception when requesting votes: java.util.concurrent.ExecutionException: org.apache.ratis.thirdparty.io.grpc.StatusRuntimeException: UNAVAILABLE: io exception
2021-07-27 01:07:43,069 [78df850f-b6e4-442f-ab73-43f51794e862@group-13FC57B98B14-LeaderElection53] INFO  impl.LeaderElection (LeaderElection.java:logAndReturn(89)) - 78df850f-b6e4-442f-ab73-43f51794e862@group-13FC57B98B14-LeaderElection53: ELECTION REJECTED received 0 response(s) and 2 exception(s):
2021-07-27 01:07:43,069 [78df850f-b6e4-442f-ab73-43f51794e862@group-13FC57B98B14-LeaderElection53] INFO  impl.LeaderElection (LogUtils.java:infoOrTrace(137)) -   Exception 0: java.util.concurrent.ExecutionException: org.apache.ratis.thirdparty.io.grpc.StatusRuntimeException: UNAVAILABLE: io exception
2021-07-27 01:07:43,069 [78df850f-b6e4-442f-ab73-43f51794e862@group-13FC57B98B14-LeaderElection53] INFO  impl.LeaderElection (LogUtils.java:infoOrTrace(137)) -   Exception 1: java.util.concurrent.ExecutionException: org.apache.ratis.thirdparty.io.grpc.StatusRuntimeException: UNAVAILABLE: io exception
2021-07-27 01:07:43,069 [78df850f-b6e4-442f-ab73-43f51794e862@group-13FC57B98B14-LeaderElection53] INFO  impl.LeaderElection (LeaderElection.java:askForVotes(308)) - 78df850f-b6e4-442f-ab73-43f51794e862@group-13FC57B98B14-LeaderElection53 ELECTION round 0: result REJECTED
2021-07-27 01:07:43,069 [78df850f-b6e4-442f-ab73-43f51794e862@group-13FC57B98B14-LeaderElection53] INFO  server.RaftServer$Division (RaftServerImpl.java:setRole(285)) - 78df850f-b6e4-442f-ab73-43f51794e862@group-13FC57B98B14: changes role from CANDIDATE to FOLLOWER at term 7 for REJECTED
2021-07-27 01:07:43,070 [78df850f-b6e4-442f-ab73-43f51794e862@group-13FC57B98B14-LeaderElection53] INFO  impl.RoleInfo (RoleInfo.java:shutdownLeaderElection(121)) - 78df850f-b6e4-442f-ab73-43f51794e862: shutdown 78df850f-b6e4-442f-ab73-43f51794e862@group-13FC57B98B14-LeaderElection53
2021-07-27 01:07:43,070 [78df850f-b6e4-442f-ab73-43f51794e862@group-13FC57B98B14-LeaderElection53] INFO  impl.RoleInfo (RoleInfo.java:updateAndGet(130)) - 78df850f-b6e4-442f-ab73-43f51794e862: start 78df850f-b6e4-442f-ab73-43f51794e862@group-13FC57B98B14-FollowerState
2021-07-27 01:07:44,774 [Listener at 127.0.0.1/40495] INFO  ozoneimpl.OzoneContainer (OzoneContainer.java:stop(326)) - Attempting to stop container services.
2021-07-27 01:07:44,775 [Listener at 127.0.0.1/40495] INFO  server.RaftServer (RaftServerProxy.java:lambda$close$6(391)) - 78df850f-b6e4-442f-ab73-43f51794e862: close
2021-07-27 01:07:44,775 [Listener at 127.0.0.1/40495] INFO  server.RaftServer$Division (RaftServerImpl.java:lambda$close$4(407)) - 78df850f-b6e4-442f-ab73-43f51794e862@group-13FC57B98B14: shutdown
2021-07-27 01:07:44,775 [Listener at 127.0.0.1/40495] INFO  util.JmxRegister (JmxRegister.java:unregister(73)) - Successfully un-registered JMX Bean with object name Ratis:service=RaftServer,group=group-13FC57B98B14,id=78df850f-b6e4-442f-ab73-43f51794e862
2021-07-27 01:07:44,776 [Listener at 127.0.0.1/40495] INFO  impl.RoleInfo (RoleInfo.java:shutdownFollowerState(108)) - 78df850f-b6e4-442f-ab73-43f51794e862: shutdown 78df850f-b6e4-442f-ab73-43f51794e862@group-13FC57B98B14-FollowerState
2021-07-27 01:07:44,776 [Listener at 127.0.0.1/40495] INFO  impl.StateMachineUpdater (StateMachineUpdater.java:stopAndJoin(149)) - 78df850f-b6e4-442f-ab73-43f51794e862@group-13FC57B98B14-StateMachineUpdater: set stopIndex = -1
2021-07-27 01:07:44,776 [78df850f-b6e4-442f-ab73-43f51794e862@group-13FC57B98B14-FollowerState] INFO  impl.FollowerState (FollowerState.java:run(143)) - 78df850f-b6e4-442f-ab73-43f51794e862@group-13FC57B98B14-FollowerState was interrupted: {}
java.lang.InterruptedException: sleep interrupted
	at java.lang.Thread.sleep(Native Method)
	at java.lang.Thread.sleep(Thread.java:340)
	at java.util.concurrent.TimeUnit.sleep(TimeUnit.java:386)
	at org.apache.ratis.util.TimeDuration.sleep(TimeDuration.java:324)
	at org.apache.ratis.util.TimeDuration.sleep(TimeDuration.java:309)
	at org.apache.ratis.server.impl.FollowerState.run(FollowerState.java:118)
2021-07-27 01:07:44,776 [Listener at 127.0.0.1/40495] INFO  server.RaftServer$Division (ServerState.java:close(419)) - 78df850f-b6e4-442f-ab73-43f51794e862@group-13FC57B98B14: closes. applyIndex: -1
2021-07-27 01:07:44,777 [78df850f-b6e4-442f-ab73-43f51794e862@group-13FC57B98B14-SegmentedRaftLogWorker] INFO  segmented.SegmentedRaftLogWorker (SegmentedRaftLogWorker.java:run(327)) - 78df850f-b6e4-442f-ab73-43f51794e862@group-13FC57B98B14-SegmentedRaftLogWorker was interrupted, exiting. There are 0 tasks remaining in the queue.
2021-07-27 01:07:44,777 [Listener at 127.0.0.1/40495] INFO  segmented.SegmentedRaftLogWorker (SegmentedRaftLogWorker.java:close(237)) - 78df850f-b6e4-442f-ab73-43f51794e862@group-13FC57B98B14-SegmentedRaftLogWorker close()
2021-07-27 01:07:44,778 [Listener at 127.0.0.1/40495] INFO  server.RaftServer$Division (RaftServerImpl.java:lambda$close$4(407)) - 78df850f-b6e4-442f-ab73-43f51794e862@group-BD3F080E74EE: shutdown
2021-07-27 01:07:44,778 [Listener at 127.0.0.1/40495] INFO  util.JmxRegister (JmxRegister.java:unregister(73)) - Successfully un-registered JMX Bean with object name Ratis:service=RaftServer,group=group-BD3F080E74EE,id=78df850f-b6e4-442f-ab73-43f51794e862
2021-07-27 01:07:44,778 [Listener at 127.0.0.1/40495] INFO  impl.RoleInfo (RoleInfo.java:shutdownLeaderState(91)) - 78df850f-b6e4-442f-ab73-43f51794e862: shutdown 78df850f-b6e4-442f-ab73-43f51794e862@group-BD3F080E74EE-LeaderStateImpl
2021-07-27 01:07:44,779 [Listener at 127.0.0.1/40495] INFO  impl.PendingRequests (PendingRequests.java:sendNotLeaderResponses(249)) - 78df850f-b6e4-442f-ab73-43f51794e862@group-BD3F080E74EE-PendingRequests: sendNotLeaderResponses
2021-07-27 01:07:44,780 [78df850f-b6e4-442f-ab73-43f51794e862@group-BD3F080E74EE-StateMachineUpdater] INFO  ratis.ContainerStateMachine (ContainerStateMachine.java:takeSnapshot(291)) - group-BD3F080E74EE: Taking a snapshot at:(t:1, i:0) file /home/runner/work/ozone/ozone/mnt/ozone/hadoop-ozone/integration-test/target/test-dir/MiniOzoneClusterImpl-16f2dd64-f1ad-4a1a-be58-d3c69d16c599/datanode-2/data/ratis/66ac7ade-78a1-4dde-a6ce-bd3f080e74ee/sm/snapshot.1_0
2021-07-27 01:07:44,780 [Listener at 127.0.0.1/40495] INFO  impl.StateMachineUpdater (StateMachineUpdater.java:stopAndJoin(149)) - 78df850f-b6e4-442f-ab73-43f51794e862@group-BD3F080E74EE-StateMachineUpdater: set stopIndex = 0
2021-07-27 01:07:44,781 [78df850f-b6e4-442f-ab73-43f51794e862@group-BD3F080E74EE-StateMachineUpdater] INFO  ratis.ContainerStateMachine (ContainerStateMachine.java:takeSnapshot(302)) - group-BD3F080E74EE: Finished taking a snapshot at:(t:1, i:0) file:/home/runner/work/ozone/ozone/mnt/ozone/hadoop-ozone/integration-test/target/test-dir/MiniOzoneClusterImpl-16f2dd64-f1ad-4a1a-be58-d3c69d16c599/datanode-2/data/ratis/66ac7ade-78a1-4dde-a6ce-bd3f080e74ee/sm/snapshot.1_0 took: 1 ms
2021-07-27 01:07:44,781 [78df850f-b6e4-442f-ab73-43f51794e862@group-BD3F080E74EE-StateMachineUpdater] INFO  impl.StateMachineUpdater (StateMachineUpdater.java:takeSnapshot(281)) - 78df850f-b6e4-442f-ab73-43f51794e862@group-BD3F080E74EE-StateMachineUpdater: Took a snapshot at index 0
2021-07-27 01:07:44,781 [78df850f-b6e4-442f-ab73-43f51794e862@group-BD3F080E74EE-StateMachineUpdater] INFO  impl.StateMachineUpdater (StateMachineUpdater.java:lambda$new$0(89)) - 78df850f-b6e4-442f-ab73-43f51794e862@group-BD3F080E74EE-StateMachineUpdater: snapshotIndex: updateIncreasingly -1 -> 0
2021-07-27 01:07:44,782 [Listener at 127.0.0.1/40495] INFO  server.RaftServer$Division (ServerState.java:close(419)) - 78df850f-b6e4-442f-ab73-43f51794e862@group-BD3F080E74EE: closes. applyIndex: 0
2021-07-27 01:07:44,782 [78df850f-b6e4-442f-ab73-43f51794e862@group-BD3F080E74EE-SegmentedRaftLogWorker] INFO  segmented.SegmentedRaftLogWorker (SegmentedRaftLogWorker.java:run(327)) - 78df850f-b6e4-442f-ab73-43f51794e862@group-BD3F080E74EE-SegmentedRaftLogWorker was interrupted, exiting. There are 0 tasks remaining in the queue.
2021-07-27 01:07:44,783 [Listener at 127.0.0.1/40495] INFO  segmented.SegmentedRaftLogWorker (SegmentedRaftLogWorker.java:close(237)) - 78df850f-b6e4-442f-ab73-43f51794e862@group-BD3F080E74EE-SegmentedRaftLogWorker close()
2021-07-27 01:07:44,784 [Listener at 127.0.0.1/40495] INFO  server.GrpcService (GrpcService.java:closeImpl(262)) - 78df850f-b6e4-442f-ab73-43f51794e862: shutdown server with port 39903 now
2021-07-27 01:07:44,785 [Listener at 127.0.0.1/40495] INFO  server.GrpcService (GrpcService.java:closeImpl(271)) - 78df850f-b6e4-442f-ab73-43f51794e862: shutdown server with port 39903 successfully
2021-07-27 01:07:44,785 [org.apache.ratis.util.JvmPauseMonitor$$Lambda$526/1158709959@29a33e75] INFO  util.JvmPauseMonitor (JvmPauseMonitor.java:run(109)) - JvmPauseMonitor-78df850f-b6e4-442f-ab73-43f51794e862: Stopped
2021-07-27 01:07:44,787 [Listener at 127.0.0.1/40495] INFO  utils.BackgroundService (BackgroundService.java:shutdown(132)) - Shutting down service BlockDeletingService
2021-07-27 01:07:44,788 [Listener at 127.0.0.1/40495] INFO  statemachine.DatanodeStateMachine (DatanodeStateMachine.java:stopDaemon(514)) - Ozone container server stopped.
2021-07-27 01:07:44,789 [Listener at 127.0.0.1/40495] INFO  handler.ContextHandler (ContextHandler.java:doStop(1154)) - Stopped o.e.j.w.WebAppContext@7aadafee{hddsDatanode,/,null,STOPPED}{jar:file:/home/runner/.m2/repository/org/apache/ozone/hdds-container-service/1.2.0-SNAPSHOT/hdds-container-service-1.2.0-SNAPSHOT.jar!/webapps/hddsDatanode}
2021-07-27 01:07:44,790 [Listener at 127.0.0.1/40495] INFO  server.AbstractConnector (AbstractConnector.java:doStop(381)) - Stopped ServerConnector@3341f68c{HTTP/1.1, (http/1.1)}{0.0.0.0:0}
2021-07-27 01:07:44,790 [Listener at 127.0.0.1/40495] INFO  server.session (HouseKeeper.java:stopScavenging(149)) - node0 Stopped scavenging
2021-07-27 01:07:44,790 [Listener at 127.0.0.1/40495] INFO  handler.ContextHandler (ContextHandler.java:doStop(1154)) - Stopped o.e.j.s.ServletContextHandler@1c369bf5{static,/static,jar:file:/home/runner/.m2/repository/org/apache/ozone/hdds-container-service/1.2.0-SNAPSHOT/hdds-container-service-1.2.0-SNAPSHOT.jar!/webapps/static,STOPPED}
2021-07-27 01:07:44,791 [Listener at 127.0.0.1/40495] INFO  handler.ContextHandler (ContextHandler.java:doStop(1154)) - Stopped o.e.j.s.ServletContextHandler@16cb0bc3{logs,/logs,file:///home/runner/work/ozone/ozone/mnt/ozone/hadoop-ozone/integration-test/target/log,STOPPED}
2021-07-27 01:07:44,800 [Listener at 127.0.0.1/40495] INFO  ozone.MiniOzoneClusterImpl (MiniOzoneClusterImpl.java:stopSCM(542)) - Stopping the StorageContainerManager
2021-07-27 01:07:44,800 [Listener at 127.0.0.1/40495] INFO  server.StorageContainerManager (StorageContainerManager.java:stop(1337)) - Stopping Replication Manager Service.
2021-07-27 01:07:44,800 [Listener at 127.0.0.1/40495] INFO  container.ReplicationManager (ReplicationManager.java:stop(317)) - Stopping Replication Monitor Thread.
2021-07-27 01:07:44,800 [Listener at 127.0.0.1/40495] INFO  server.StorageContainerManager (StorageContainerManager.java:stop(1344)) - Stopping the Datanode Admin Monitor.
2021-07-27 01:07:44,800 [Listener at 127.0.0.1/40495] INFO  server.StorageContainerManager (StorageContainerManager.java:stop(1351)) - Stopping Lease Manager of the command watchers
2021-07-27 01:07:44,800 [Listener at 127.0.0.1/40495] INFO  server.StorageContainerManager (StorageContainerManager.java:stop(1358)) - Stopping datanode service RPC server
2021-07-27 01:07:44,800 [Listener at 127.0.0.1/40495] INFO  server.SCMDatanodeProtocolServer (SCMDatanodeProtocolServer.java:stop(389)) - Stopping the RPC server for DataNodes
2021-07-27 01:07:44,800 [Listener at 127.0.0.1/40495] INFO  ipc.Server (Server.java:stop(3414)) - Stopping server on 45411
2021-07-27 01:07:44,803 [IPC Server Responder] INFO  ipc.Server (Server.java:run(1512)) - Stopping IPC Server Responder
2021-07-27 01:07:44,803 [IPC Server listener on 0] INFO  ipc.Server (Server.java:run(1376)) - Stopping IPC Server listener on 0
2021-07-27 01:07:44,843 [SCM Heartbeat Processing Thread - 0] WARN  node.NodeStateManager (NodeStateManager.java:scheduleNextHealthCheck(799)) - Current Thread is interrupted, shutting down HB processing thread for Node Manager.
2021-07-27 01:07:44,844 [Listener at 127.0.0.1/40495] INFO  server.StorageContainerManager (StorageContainerManager.java:stop(1366)) - Stopping block service RPC server
2021-07-27 01:07:44,844 [Listener at 127.0.0.1/40495] INFO  server.SCMBlockProtocolServer (SCMBlockProtocolServer.java:stop(160)) - Stopping the RPC server for Block Protocol
2021-07-27 01:07:44,844 [Listener at 127.0.0.1/40495] INFO  ipc.Server (Server.java:stop(3414)) - Stopping server on 41161
2021-07-27 01:07:44,846 [Listener at 127.0.0.1/40495] INFO  server.StorageContainerManager (StorageContainerManager.java:stop(1373)) - Stopping the StorageContainerLocationProtocol RPC server
2021-07-27 01:07:44,846 [Listener at 127.0.0.1/40495] INFO  server.SCMClientProtocolServer (SCMClientProtocolServer.java:stop(174)) - Stopping the RPC server for Client Protocol
2021-07-27 01:07:44,846 [Listener at 127.0.0.1/40495] INFO  ipc.Server (Server.java:stop(3414)) - Stopping server on 46425
2021-07-27 01:07:44,846 [IPC Server Responder] INFO  ipc.Server (Server.java:run(1512)) - Stopping IPC Server Responder
2021-07-27 01:07:44,846 [IPC Server listener on 0] INFO  ipc.Server (Server.java:run(1376)) - Stopping IPC Server listener on 0
2021-07-27 01:07:44,848 [Listener at 127.0.0.1/40495] INFO  server.StorageContainerManager (StorageContainerManager.java:stop(1380)) - Stopping Storage Container Manager HTTP server.
2021-07-27 01:07:44,848 [IPC Server Responder] INFO  ipc.Server (Server.java:run(1512)) - Stopping IPC Server Responder
2021-07-27 01:07:44,849 [IPC Server listener on 0] INFO  ipc.Server (Server.java:run(1376)) - Stopping IPC Server listener on 0
2021-07-27 01:07:44,853 [Listener at 127.0.0.1/40495] INFO  handler.ContextHandler (ContextHandler.java:doStop(1154)) - Stopped o.e.j.w.WebAppContext@6bdedfac{scm,/,null,STOPPED}{file:/home/runner/work/ozone/ozone/mnt/ozone/hadoop-ozone/integration-test/target/test-classes/webapps/scm}
2021-07-27 01:07:44,854 [Listener at 127.0.0.1/40495] INFO  server.AbstractConnector (AbstractConnector.java:doStop(381)) - Stopped ServerConnector@67f1cfb5{HTTP/1.1, (http/1.1)}{0.0.0.0:0}
2021-07-27 01:07:44,854 [Listener at 127.0.0.1/40495] INFO  server.session (HouseKeeper.java:stopScavenging(149)) - node0 Stopped scavenging
2021-07-27 01:07:44,855 [Listener at 127.0.0.1/40495] INFO  handler.ContextHandler (ContextHandler.java:doStop(1154)) - Stopped o.e.j.s.ServletContextHandler@7e3e7920{static,/static,file:///home/runner/work/ozone/ozone/mnt/ozone/hadoop-ozone/integration-test/target/test-classes/webapps/static,STOPPED}
2021-07-27 01:07:44,855 [Listener at 127.0.0.1/40495] INFO  handler.ContextHandler (ContextHandler.java:doStop(1154)) - Stopped o.e.j.s.ServletContextHandler@413992b3{logs,/logs,file:///home/runner/work/ozone/ozone/mnt/ozone/hadoop-ozone/integration-test/target/log,STOPPED}
2021-07-27 01:07:44,857 [Listener at 127.0.0.1/40495] INFO  server.StorageContainerManager (StorageContainerManager.java:stop(1391)) - Stopping Block Manager Service.
2021-07-27 01:07:44,857 [Listener at 127.0.0.1/40495] INFO  utils.BackgroundService (BackgroundService.java:shutdown(132)) - Shutting down service SCMBlockDeletingService
2021-07-27 01:07:44,857 [Listener at 127.0.0.1/40495] INFO  utils.BackgroundService (BackgroundService.java:shutdown(132)) - Shutting down service SCMBlockDeletingService
2021-07-27 01:07:44,858 [Listener at 127.0.0.1/40495] INFO  server.StorageContainerManager (StorageContainerManager.java:stop(1418)) - Stopping SCM Event Queue.
2021-07-27 01:07:44,860 [Listener at 127.0.0.1/40495] INFO  server.StorageContainerManager (StorageContainerManager.java:stop(1429)) - Stopping SCM HA services.
2021-07-27 01:07:44,862 [Listener at 127.0.0.1/40495] INFO  pipeline.BackgroundPipelineCreator (BackgroundPipelineCreatorV2.java:stop(158)) - Stopping RatisPipelineUtilsThread.
2021-07-27 01:07:44,862 [Listener at 127.0.0.1/40495] INFO  server.StorageContainerManager (StorageContainerManager.java:stop(1439)) - Stopping SCM MetadataStore.
2021-07-27 01:07:44,863 [Listener at 127.0.0.1/40495] INFO  impl.MetricsSystemImpl (MetricsSystemImpl.java:stop(210)) - Stopping HddsDatanode metrics system...
2021-07-27 01:07:44,872 [prometheus] INFO  impl.MetricsSinkAdapter (MetricsSinkAdapter.java:publishMetricsFromQueue(141)) - prometheus thread interrupted.
2021-07-27 01:07:44,872 [Listener at 127.0.0.1/40495] INFO  impl.MetricsSystemImpl (MetricsSystemImpl.java:stop(216)) - HddsDatanode metrics system stopped.
]]></system-out>
  </testcase>
</testsuite>