<?xml version="1.0" encoding="UTF-8"?>
<testsuite xmlns:xsi="http://www.w3.org/2001/XMLSchema-instance" xsi:noNamespaceSchemaLocation="https://maven.apache.org/surefire/maven-surefire-plugin/xsd/surefire-test-report.xsd" name="org.apache.hadoop.hdds.scm.pipeline.TestPipelineClose" time="153.725" tests="4" errors="0" skipped="0" failures="1">
  <properties>
    <property name="awt.toolkit" value="sun.awt.X11.XToolkit"/>
    <property name="file.encoding.pkg" value="sun.io"/>
    <property name="java.specification.version" value="1.8"/>
    <property name="sun.cpu.isalist" value=""/>
    <property name="sun.jnu.encoding" value="UTF-8"/>
    <property name="java.class.path" value="/home/runner/work/ozone/ozone/hadoop-ozone/integration-test/target/test-classes:/home/runner/work/ozone/ozone/hadoop-ozone/integration-test/target/classes:/home/runner/.m2/repository/org/apache/ozone/ozone-common/1.2.0-SNAPSHOT/ozone-common-1.2.0-SNAPSHOT.jar:/home/runner/.m2/repository/org/apache/commons/commons-compress/1.20/commons-compress-1.20.jar:/home/runner/.m2/repository/org/apache/ozone/hdds-common/1.2.0-SNAPSHOT/hdds-common-1.2.0-SNAPSHOT.jar:/home/runner/.m2/repository/org/apache/ozone/hdds-client/1.2.0-SNAPSHOT/hdds-client-1.2.0-SNAPSHOT.jar:/home/runner/.m2/repository/org/apache/ozone/ozone-interface-client/1.2.0-SNAPSHOT/ozone-interface-client-1.2.0-SNAPSHOT.jar:/home/runner/.m2/repository/org/apache/ozone/hdds-server-framework/1.2.0-SNAPSHOT/hdds-server-framework-1.2.0-SNAPSHOT.jar:/home/runner/.m2/repository/org/apache/ozone/hdds-interface-server/1.2.0-SNAPSHOT/hdds-interface-server-1.2.0-SNAPSHOT.jar:/home/runner/.m2/repository/org/eclipse/jetty/jetty-servlet/9.4.43.v20210629/jetty-servlet-9.4.43.v20210629.jar:/home/runner/.m2/repository/org/eclipse/jetty/jetty-security/9.4.43.v20210629/jetty-security-9.4.43.v20210629.jar:/home/runner/.m2/repository/org/rocksdb/rocksdbjni/6.20.3/rocksdbjni-6.20.3.jar:/home/runner/.m2/repository/io/prometheus/simpleclient_dropwizard/0.7.0/simpleclient_dropwizard-0.7.0.jar:/home/runner/.m2/repository/io/prometheus/simpleclient/0.7.0/simpleclient-0.7.0.jar:/home/runner/.m2/repository/io/prometheus/simpleclient_common/0.7.0/simpleclient_common-0.7.0.jar:/home/runner/.m2/repository/com/fasterxml/jackson/datatype/jackson-datatype-jsr310/2.12.1/jackson-datatype-jsr310-2.12.1.jar:/home/runner/.m2/repository/org/apache/ozone/hdds-test-utils/1.2.0-SNAPSHOT/hdds-test-utils-1.2.0-SNAPSHOT.jar:/home/runner/.m2/repository/com/google/guava/guava/30.1.1-jre/guava-30.1.1-jre.jar:/home/runner/.m2/repository/com/google/guava/failureaccess/1.0.1/failureaccess-1.0.1.jar:/home/runner/.m2/repository/com/google/guava/listenablefuture/9999.0-empty-to-avoid-conflict-with-guava/listenablefuture-9999.0-empty-to-avoid-conflict-with-guava.jar:/home/runner/.m2/repository/com/google/code/findbugs/jsr305/3.0.0/jsr305-3.0.0.jar:/home/runner/.m2/repository/org/checkerframework/checker-qual/3.8.0/checker-qual-3.8.0.jar:/home/runner/.m2/repository/com/google/errorprone/error_prone_annotations/2.2.0/error_prone_annotations-2.2.0.jar:/home/runner/.m2/repository/com/google/j2objc/j2objc-annotations/1.3/j2objc-annotations-1.3.jar:/home/runner/.m2/repository/commons-io/commons-io/2.8.0/commons-io-2.8.0.jar:/home/runner/.m2/repository/commons-logging/commons-logging/1.2/commons-logging-1.2.jar:/home/runner/.m2/repository/log4j/log4j/1.2.17/log4j-1.2.17.jar:/home/runner/.m2/repository/org/slf4j/slf4j-api/1.7.30/slf4j-api-1.7.30.jar:/home/runner/.m2/repository/org/apache/ozone/hdds-server-scm/1.2.0-SNAPSHOT/hdds-server-scm-1.2.0-SNAPSHOT.jar:/home/runner/.m2/repository/org/apache/ozone/hdds-container-service/1.2.0-SNAPSHOT/hdds-container-service-1.2.0-SNAPSHOT.jar:/home/runner/.m2/repository/org/apache/ozone/hdds-hadoop-dependency-server/1.2.0-SNAPSHOT/hdds-hadoop-dependency-server-1.2.0-SNAPSHOT.jar:/home/runner/.m2/repository/org/apache/hadoop/hadoop-hdfs/3.3.1/hadoop-hdfs-3.3.1.jar:/home/runner/.m2/repository/io/dropwizard/metrics/metrics-core/3.2.4/metrics-core-3.2.4.jar:/home/runner/.m2/repository/org/apache/hadoop/hadoop-hdfs-client/3.3.1/hadoop-hdfs-client-3.3.1.jar:/home/runner/.m2/repository/org/bouncycastle/bcprov-jdk15on/1.67/bcprov-jdk15on-1.67.jar:/home/runner/.m2/repository/com/google/protobuf/protobuf-java/2.5.0/protobuf-java-2.5.0.jar:/home/runner/.m2/repository/org/apache/ozone/ozone-manager/1.2.0-SNAPSHOT/ozone-manager-1.2.0-SNAPSHOT.jar:/home/runner/.m2/repository/org/aspectj/aspectjrt/1.8.9/aspectjrt-1.8.9.jar:/home/runner/.m2/repository/org/aspectj/aspectjweaver/1.8.9/aspectjweaver-1.8.9.jar:/home/runner/.m2/repository/org/apache/ozone/hdds-interface-client/1.2.0-SNAPSHOT/hdds-interface-client-1.2.0-SNAPSHOT.jar:/home/runner/.m2/repository/org/apache/hadoop/thirdparty/hadoop-shaded-protobuf_3_7/1.1.1/hadoop-shaded-protobuf_3_7-1.1.1.jar:/home/runner/.m2/repository/org/apache/ratis/ratis-thirdparty-misc/0.7.0/ratis-thirdparty-misc-0.7.0.jar:/home/runner/.m2/repository/org/apache/ozone/ozone-interface-storage/1.2.0-SNAPSHOT/ozone-interface-storage-1.2.0-SNAPSHOT.jar:/home/runner/.m2/repository/org/reflections/reflections/0.9.11/reflections-0.9.11.jar:/home/runner/.m2/repository/org/apache/hadoop/hadoop-minikdc/3.3.1/hadoop-minikdc-3.3.1.jar:/home/runner/.m2/repository/org/apache/kerby/kerb-simplekdc/1.0.1/kerb-simplekdc-1.0.1.jar:/home/runner/.m2/repository/org/apache/kerby/kerb-client/1.0.1/kerb-client-1.0.1.jar:/home/runner/.m2/repository/org/apache/kerby/kerby-config/1.0.1/kerby-config-1.0.1.jar:/home/runner/.m2/repository/org/apache/kerby/kerb-common/1.0.1/kerb-common-1.0.1.jar:/home/runner/.m2/repository/org/apache/kerby/kerb-crypto/1.0.1/kerb-crypto-1.0.1.jar:/home/runner/.m2/repository/org/apache/kerby/kerb-util/1.0.1/kerb-util-1.0.1.jar:/home/runner/.m2/repository/org/apache/kerby/token-provider/1.0.1/token-provider-1.0.1.jar:/home/runner/.m2/repository/org/apache/kerby/kerb-admin/1.0.1/kerb-admin-1.0.1.jar:/home/runner/.m2/repository/org/apache/kerby/kerb-server/1.0.1/kerb-server-1.0.1.jar:/home/runner/.m2/repository/org/apache/kerby/kerb-identity/1.0.1/kerb-identity-1.0.1.jar:/home/runner/.m2/repository/org/apache/kerby/kerby-xdr/1.0.1/kerby-xdr-1.0.1.jar:/home/runner/.m2/repository/org/slf4j/slf4j-log4j12/1.7.30/slf4j-log4j12-1.7.30.jar:/home/runner/.m2/repository/org/apache/ozone/ozone-s3gateway/1.2.0-SNAPSHOT/ozone-s3gateway-1.2.0-SNAPSHOT.jar:/home/runner/.m2/repository/org/javassist/javassist/3.21.0-GA/javassist-3.21.0-GA.jar:/home/runner/.m2/repository/org/jboss/weld/servlet/weld-servlet/2.4.7.Final/weld-servlet-2.4.7.Final.jar:/home/runner/.m2/repository/org/glassfish/jersey/containers/jersey-container-servlet-core/2.33/jersey-container-servlet-core-2.33.jar:/home/runner/.m2/repository/org/glassfish/hk2/external/jakarta.inject/2.6.1/jakarta.inject-2.6.1.jar:/home/runner/.m2/repository/org/glassfish/jersey/core/jersey-common/2.33/jersey-common-2.33.jar:/home/runner/.m2/repository/jakarta/ws/rs/jakarta.ws.rs-api/2.1.6/jakarta.ws.rs-api-2.1.6.jar:/home/runner/.m2/repository/org/glassfish/jersey/ext/cdi/jersey-cdi1x/2.33/jersey-cdi1x-2.33.jar:/home/runner/.m2/repository/org/glassfish/jersey/inject/jersey-hk2/2.33/jersey-hk2-2.33.jar:/home/runner/.m2/repository/org/glassfish/hk2/hk2-locator/2.6.1/hk2-locator-2.6.1.jar:/home/runner/.m2/repository/org/glassfish/jersey/media/jersey-media-jaxb/2.33/jersey-media-jaxb-2.33.jar:/home/runner/.m2/repository/org/glassfish/hk2/osgi-resource-locator/1.0.3/osgi-resource-locator-1.0.3.jar:/home/runner/.m2/repository/org/glassfish/hk2/hk2-api/2.5.0/hk2-api-2.5.0.jar:/home/runner/.m2/repository/org/glassfish/hk2/hk2-utils/2.5.0/hk2-utils-2.5.0.jar:/home/runner/.m2/repository/org/glassfish/hk2/external/aopalliance-repackaged/2.5.0/aopalliance-repackaged-2.5.0.jar:/home/runner/.m2/repository/com/fasterxml/jackson/dataformat/jackson-dataformat-xml/2.12.1/jackson-dataformat-xml-2.12.1.jar:/home/runner/.m2/repository/com/fasterxml/jackson/core/jackson-core/2.12.1/jackson-core-2.12.1.jar:/home/runner/.m2/repository/com/fasterxml/jackson/module/jackson-module-jaxb-annotations/2.12.1/jackson-module-jaxb-annotations-2.12.1.jar:/home/runner/.m2/repository/jakarta/xml/bind/jakarta.xml.bind-api/2.3.2/jakarta.xml.bind-api-2.3.2.jar:/home/runner/.m2/repository/org/codehaus/woodstox/stax2-api/3.1.4/stax2-api-3.1.4.jar:/home/runner/.m2/repository/com/fasterxml/woodstox/woodstox-core/5.0.3/woodstox-core-5.0.3.jar:/home/runner/.m2/repository/javax/enterprise/cdi-api/1.2/cdi-api-1.2.jar:/home/runner/.m2/repository/javax/el/javax.el-api/3.0.0/javax.el-api-3.0.0.jar:/home/runner/.m2/repository/javax/interceptor/javax.interceptor-api/1.2/javax.interceptor-api-1.2.jar:/home/runner/.m2/repository/javax/inject/javax.inject/1/javax.inject-1.jar:/home/runner/.m2/repository/javax/xml/bind/jaxb-api/2.3.0/jaxb-api-2.3.0.jar:/home/runner/.m2/repository/org/glassfish/jaxb/jaxb-runtime/2.3.0.1/jaxb-runtime-2.3.0.1.jar:/home/runner/.m2/repository/org/glassfish/jaxb/jaxb-core/2.3.0.1/jaxb-core-2.3.0.1.jar:/home/runner/.m2/repository/org/glassfish/jaxb/txw2/2.3.0.1/txw2-2.3.0.1.jar:/home/runner/.m2/repository/com/sun/istack/istack-commons-runtime/3.0.5/istack-commons-runtime-3.0.5.jar:/home/runner/.m2/repository/org/jvnet/staxex/stax-ex/1.7.8/stax-ex-1.7.8.jar:/home/runner/.m2/repository/com/sun/xml/fastinfoset/FastInfoset/1.2.13/FastInfoset-1.2.13.jar:/home/runner/.m2/repository/javax/activation/activation/1.1.1/activation-1.1.1.jar:/home/runner/.m2/repository/org/apache/ozone/ozone-csi/1.2.0-SNAPSHOT/ozone-csi-1.2.0-SNAPSHOT.jar:/home/runner/.m2/repository/com/google/protobuf/protobuf-java-util/3.12.0/protobuf-java-util-3.12.0.jar:/home/runner/.m2/repository/com/google/code/gson/gson/2.2.4/gson-2.2.4.jar:/home/runner/.m2/repository/org/apache/ozone/hdds-config/1.2.0-SNAPSHOT/hdds-config-1.2.0-SNAPSHOT.jar:/home/runner/.m2/repository/io/grpc/grpc-netty/1.33.0/grpc-netty-1.33.0.jar:/home/runner/.m2/repository/io/grpc/grpc-core/1.33.0/grpc-core-1.33.0.jar:/home/runner/.m2/repository/com/google/android/annotations/4.1.1.4/annotations-4.1.1.4.jar:/home/runner/.m2/repository/io/netty/netty-codec-http2/4.1.63.Final/netty-codec-http2-4.1.63.Final.jar:/home/runner/.m2/repository/io/netty/netty-codec-http/4.1.63.Final/netty-codec-http-4.1.63.Final.jar:/home/runner/.m2/repository/io/netty/netty-handler-proxy/4.1.63.Final/netty-handler-proxy-4.1.63.Final.jar:/home/runner/.m2/repository/io/netty/netty-codec-socks/4.1.63.Final/netty-codec-socks-4.1.63.Final.jar:/home/runner/.m2/repository/io/perfmark/perfmark-api/0.19.0/perfmark-api-0.19.0.jar:/home/runner/.m2/repository/org/codehaus/mojo/animal-sniffer-annotations/1.18/animal-sniffer-annotations-1.18.jar:/home/runner/.m2/repository/io/netty/netty-transport-native-epoll/4.1.63.Final/netty-transport-native-epoll-4.1.63.Final.jar:/home/runner/.m2/repository/io/netty/netty-common/4.1.63.Final/netty-common-4.1.63.Final.jar:/home/runner/.m2/repository/io/netty/netty-buffer/4.1.63.Final/netty-buffer-4.1.63.Final.jar:/home/runner/.m2/repository/io/netty/netty-transport-native-unix-common/4.1.63.Final/netty-transport-native-unix-common-4.1.63.Final.jar:/home/runner/.m2/repository/io/grpc/grpc-protobuf/1.33.0/grpc-protobuf-1.33.0.jar:/home/runner/.m2/repository/io/grpc/grpc-api/1.33.0/grpc-api-1.33.0.jar:/home/runner/.m2/repository/io/grpc/grpc-context/1.33.0/grpc-context-1.33.0.jar:/home/runner/.m2/repository/com/google/api/grpc/proto-google-common-protos/1.17.0/proto-google-common-protos-1.17.0.jar:/home/runner/.m2/repository/io/grpc/grpc-protobuf-lite/1.33.0/grpc-protobuf-lite-1.33.0.jar:/home/runner/.m2/repository/io/grpc/grpc-stub/1.33.0/grpc-stub-1.33.0.jar:/home/runner/.m2/repository/org/apache/ozone/ozone-recon/1.2.0-SNAPSHOT/ozone-recon-1.2.0-SNAPSHOT.jar:/home/runner/.m2/repository/org/apache/ozone/ozone-reconcodegen/1.2.0-SNAPSHOT/ozone-reconcodegen-1.2.0-SNAPSHOT.jar:/home/runner/.m2/repository/com/google/inject/extensions/guice-multibindings/4.0/guice-multibindings-4.0.jar:/home/runner/.m2/repository/com/google/inject/guice/4.0/guice-4.0.jar:/home/runner/.m2/repository/aopalliance/aopalliance/1.0/aopalliance-1.0.jar:/home/runner/.m2/repository/com/google/inject/extensions/guice-assistedinject/4.0/guice-assistedinject-4.0.jar:/home/runner/.m2/repository/com/google/inject/extensions/guice-servlet/4.0/guice-servlet-4.0.jar:/home/runner/.m2/repository/org/glassfish/jersey/containers/jersey-container-servlet/2.33/jersey-container-servlet-2.33.jar:/home/runner/.m2/repository/org/glassfish/hk2/guice-bridge/2.5.0/guice-bridge-2.5.0.jar:/home/runner/.m2/repository/org/glassfish/jersey/core/jersey-server/2.33/jersey-server-2.33.jar:/home/runner/.m2/repository/org/glassfish/jersey/core/jersey-client/2.33/jersey-client-2.33.jar:/home/runner/.m2/repository/jakarta/annotation/jakarta.annotation-api/1.3.5/jakarta.annotation-api-1.3.5.jar:/home/runner/.m2/repository/jakarta/validation/jakarta.validation-api/2.0.2/jakarta.validation-api-2.0.2.jar:/home/runner/.m2/repository/org/glassfish/jersey/media/jersey-media-json-jackson/2.33/jersey-media-json-jackson-2.33.jar:/home/runner/.m2/repository/org/glassfish/jersey/ext/jersey-entity-filtering/2.33/jersey-entity-filtering-2.33.jar:/home/runner/.m2/repository/org/jooq/jooq/3.11.10/jooq-3.11.10.jar:/home/runner/.m2/repository/org/jooq/jooq-meta/3.11.10/jooq-meta-3.11.10.jar:/home/runner/.m2/repository/org/jooq/jooq-codegen/3.11.10/jooq-codegen-3.11.10.jar:/home/runner/.m2/repository/com/jolbox/bonecp/0.8.0.RELEASE/bonecp-0.8.0.RELEASE.jar:/home/runner/.m2/repository/org/apache/derby/derby/10.14.2.0/derby-10.14.2.0.jar:/home/runner/.m2/repository/org/xerial/sqlite-jdbc/3.25.2/sqlite-jdbc-3.25.2.jar:/home/runner/.m2/repository/org/springframework/spring-jdbc/5.2.11.RELEASE/spring-jdbc-5.2.11.RELEASE.jar:/home/runner/.m2/repository/org/springframework/spring-beans/5.2.11.RELEASE/spring-beans-5.2.11.RELEASE.jar:/home/runner/.m2/repository/org/springframework/spring-core/5.2.11.RELEASE/spring-core-5.2.11.RELEASE.jar:/home/runner/.m2/repository/org/springframework/spring-jcl/5.2.11.RELEASE/spring-jcl-5.2.11.RELEASE.jar:/home/runner/.m2/repository/org/springframework/spring-tx/5.2.11.RELEASE/spring-tx-5.2.11.RELEASE.jar:/home/runner/.m2/repository/org/apache/ozone/ozone-client/1.2.0-SNAPSHOT/ozone-client-1.2.0-SNAPSHOT.jar:/home/runner/.m2/repository/org/apache/ozone/ozone-filesystem/1.2.0-SNAPSHOT/ozone-filesystem-1.2.0-SNAPSHOT.jar:/home/runner/.m2/repository/org/apache/ozone/ozone-filesystem-common/1.2.0-SNAPSHOT/ozone-filesystem-common-1.2.0-SNAPSHOT.jar:/home/runner/.m2/repository/org/apache/ozone/ozone-tools/1.2.0-SNAPSHOT/ozone-tools-1.2.0-SNAPSHOT.jar:/home/runner/.m2/repository/org/apache/ratis/ratis-tools/2.1.0-03f3b68-SNAPSHOT/ratis-tools-2.1.0-03f3b68-SNAPSHOT.jar:/home/runner/.m2/repository/org/apache/ratis/ratis-proto/2.1.0-03f3b68-SNAPSHOT/ratis-proto-2.1.0-03f3b68-SNAPSHOT.jar:/home/runner/.m2/repository/org/apache/ratis/ratis-common/2.1.0-03f3b68-SNAPSHOT/ratis-common-2.1.0-03f3b68-SNAPSHOT.jar:/home/runner/.m2/repository/com/amazonaws/aws-java-sdk-core/1.11.901/aws-java-sdk-core-1.11.901.jar:/home/runner/.m2/repository/org/apache/httpcomponents/httpclient/4.5.13/httpclient-4.5.13.jar:/home/runner/.m2/repository/org/apache/httpcomponents/httpcore/4.4.13/httpcore-4.4.13.jar:/home/runner/.m2/repository/software/amazon/ion/ion-java/1.0.2/ion-java-1.0.2.jar:/home/runner/.m2/repository/com/fasterxml/jackson/dataformat/jackson-dataformat-cbor/2.12.1/jackson-dataformat-cbor-2.12.1.jar:/home/runner/.m2/repository/joda-time/joda-time/2.8.1/joda-time-2.8.1.jar:/home/runner/.m2/repository/com/amazonaws/aws-java-sdk-s3/1.11.901/aws-java-sdk-s3-1.11.901.jar:/home/runner/.m2/repository/com/amazonaws/aws-java-sdk-kms/1.11.901/aws-java-sdk-kms-1.11.901.jar:/home/runner/.m2/repository/com/amazonaws/jmespath-java/1.11.901/jmespath-java-1.11.901.jar:/home/runner/.m2/repository/org/kohsuke/metainf-services/metainf-services/1.8/metainf-services-1.8.jar:/home/runner/.m2/repository/org/apache/ozone/hdds-tools/1.2.0-SNAPSHOT/hdds-tools-1.2.0-SNAPSHOT.jar:/home/runner/.m2/repository/commons-cli/commons-cli/1.2/commons-cli-1.2.jar:/home/runner/.m2/repository/org/apache/commons/commons-lang3/3.7/commons-lang3-3.7.jar:/home/runner/.m2/repository/org/apache/ozone/ozone-manager/1.2.0-SNAPSHOT/ozone-manager-1.2.0-SNAPSHOT-tests.jar:/home/runner/.m2/repository/org/apache/ozone/hdds-common/1.2.0-SNAPSHOT/hdds-common-1.2.0-SNAPSHOT-tests.jar:/home/runner/.m2/repository/org/apache/ozone/hdds-hadoop-dependency-client/1.2.0-SNAPSHOT/hdds-hadoop-dependency-client-1.2.0-SNAPSHOT.jar:/home/runner/.m2/repository/info/picocli/picocli/4.4.0/picocli-4.4.0.jar:/home/runner/.m2/repository/com/fasterxml/jackson/core/jackson-annotations/2.12.1/jackson-annotations-2.12.1.jar:/home/runner/.m2/repository/javax/annotation/javax.annotation-api/1.2/javax.annotation-api-1.2.jar:/home/runner/.m2/repository/org/apache/ratis/ratis-server/2.1.0-03f3b68-SNAPSHOT/ratis-server-2.1.0-03f3b68-SNAPSHOT.jar:/home/runner/.m2/repository/org/apache/ratis/ratis-client/2.1.0-03f3b68-SNAPSHOT/ratis-client-2.1.0-03f3b68-SNAPSHOT.jar:/home/runner/.m2/repository/org/apache/ratis/ratis-server-api/2.1.0-03f3b68-SNAPSHOT/ratis-server-api-2.1.0-03f3b68-SNAPSHOT.jar:/home/runner/.m2/repository/org/apache/ratis/ratis-metrics/2.1.0-03f3b68-SNAPSHOT/ratis-metrics-2.1.0-03f3b68-SNAPSHOT.jar:/home/runner/.m2/repository/org/apache/ratis/ratis-netty/2.1.0-03f3b68-SNAPSHOT/ratis-netty-2.1.0-03f3b68-SNAPSHOT.jar:/home/runner/.m2/repository/org/apache/ratis/ratis-grpc/2.1.0-03f3b68-SNAPSHOT/ratis-grpc-2.1.0-03f3b68-SNAPSHOT.jar:/home/runner/.m2/repository/org/apache/logging/log4j/log4j-api/2.13.3/log4j-api-2.13.3.jar:/home/runner/.m2/repository/org/apache/logging/log4j/log4j-core/2.13.3/log4j-core-2.13.3.jar:/home/runner/.m2/repository/com/lmax/disruptor/3.4.2/disruptor-3.4.2.jar:/home/runner/.m2/repository/org/apache/commons/commons-pool2/2.6.0/commons-pool2-2.6.0.jar:/home/runner/.m2/repository/org/bouncycastle/bcpkix-jdk15on/1.67/bcpkix-jdk15on-1.67.jar:/home/runner/.m2/repository/commons-validator/commons-validator/1.6/commons-validator-1.6.jar:/home/runner/.m2/repository/commons-beanutils/commons-beanutils/1.9.4/commons-beanutils-1.9.4.jar:/home/runner/.m2/repository/commons-digester/commons-digester/1.8.1/commons-digester-1.8.1.jar:/home/runner/.m2/repository/commons-collections/commons-collections/3.2.2/commons-collections-3.2.2.jar:/home/runner/.m2/repository/io/jaegertracing/jaeger-client/1.6.0/jaeger-client-1.6.0.jar:/home/runner/.m2/repository/io/jaegertracing/jaeger-thrift/1.6.0/jaeger-thrift-1.6.0.jar:/home/runner/.m2/repository/org/apache/thrift/libthrift/0.14.1/libthrift-0.14.1.jar:/home/runner/.m2/repository/com/squareup/okhttp3/okhttp/4.9.0/okhttp-4.9.0.jar:/home/runner/.m2/repository/com/squareup/okio/okio/2.8.0/okio-2.8.0.jar:/home/runner/.m2/repository/io/jaegertracing/jaeger-core/1.6.0/jaeger-core-1.6.0.jar:/home/runner/.m2/repository/io/jaegertracing/jaeger-tracerresolver/1.6.0/jaeger-tracerresolver-1.6.0.jar:/home/runner/.m2/repository/io/opentracing/contrib/opentracing-tracerresolver/0.1.8/opentracing-tracerresolver-0.1.8.jar:/home/runner/.m2/repository/org/jetbrains/kotlin/kotlin-stdlib/1.4.31/kotlin-stdlib-1.4.31.jar:/home/runner/.m2/repository/org/jetbrains/kotlin/kotlin-stdlib-common/1.4.31/kotlin-stdlib-common-1.4.31.jar:/home/runner/.m2/repository/org/jetbrains/annotations/13.0/annotations-13.0.jar:/home/runner/.m2/repository/io/opentracing/opentracing-util/0.33.0/opentracing-util-0.33.0.jar:/home/runner/.m2/repository/io/opentracing/opentracing-api/0.33.0/opentracing-api-0.33.0.jar:/home/runner/.m2/repository/io/opentracing/opentracing-noop/0.33.0/opentracing-noop-0.33.0.jar:/home/runner/.m2/repository/org/yaml/snakeyaml/1.26/snakeyaml-1.26.jar:/home/runner/.m2/repository/org/apache/ozone/hdds-interface-admin/1.2.0-SNAPSHOT/hdds-interface-admin-1.2.0-SNAPSHOT.jar:/home/runner/.m2/repository/junit/junit/4.13.1/junit-4.13.1.jar:/home/runner/.m2/repository/org/hamcrest/hamcrest-core/1.3/hamcrest-core-1.3.jar:/home/runner/.m2/repository/org/junit/jupiter/junit-jupiter-api/5.7.0/junit-jupiter-api-5.7.0.jar:/home/runner/.m2/repository/org/apiguardian/apiguardian-api/1.1.0/apiguardian-api-1.1.0.jar:/home/runner/.m2/repository/org/opentest4j/opentest4j/1.2.0/opentest4j-1.2.0.jar:/home/runner/.m2/repository/org/junit/platform/junit-platform-commons/1.7.0/junit-platform-commons-1.7.0.jar:/home/runner/.m2/repository/org/junit/jupiter/junit-jupiter-engine/5.7.0/junit-jupiter-engine-5.7.0.jar:/home/runner/.m2/repository/org/junit/platform/junit-platform-engine/1.7.0/junit-platform-engine-1.7.0.jar:/home/runner/.m2/repository/org/junit/vintage/junit-vintage-engine/5.7.0/junit-vintage-engine-5.7.0.jar:/home/runner/.m2/repository/org/junit/platform/junit-platform-launcher/1.7.0/junit-platform-launcher-1.7.0.jar:/home/runner/.m2/repository/org/openjdk/jmh/jmh-core/1.19/jmh-core-1.19.jar:/home/runner/.m2/repository/net/sf/jopt-simple/jopt-simple/4.6/jopt-simple-4.6.jar:/home/runner/.m2/repository/org/apache/commons/commons-math3/3.1.1/commons-math3-3.1.1.jar:/home/runner/.m2/repository/org/openjdk/jmh/jmh-generator-annprocess/1.19/jmh-generator-annprocess-1.19.jar:/home/runner/.m2/repository/org/mockito/mockito-core/2.28.2/mockito-core-2.28.2.jar:/home/runner/.m2/repository/net/bytebuddy/byte-buddy/1.9.10/byte-buddy-1.9.10.jar:/home/runner/.m2/repository/net/bytebuddy/byte-buddy-agent/1.9.10/byte-buddy-agent-1.9.10.jar:/home/runner/.m2/repository/org/objenesis/objenesis/1.0/objenesis-1.0.jar:/home/runner/.m2/repository/org/apache/hadoop/hadoop-kms/3.3.1/hadoop-kms-3.3.1.jar:/home/runner/.m2/repository/org/apache/hadoop/hadoop-auth/3.3.1/hadoop-auth-3.3.1.jar:/home/runner/.m2/repository/com/nimbusds/nimbus-jose-jwt/7.9/nimbus-jose-jwt-7.9.jar:/home/runner/.m2/repository/com/github/stephenc/jcip/jcip-annotations/1.0-1/jcip-annotations-1.0-1.jar:/home/runner/.m2/repository/net/minidev/json-smart/2.3/json-smart-2.3.jar:/home/runner/.m2/repository/net/minidev/accessors-smart/1.2/accessors-smart-1.2.jar:/home/runner/.m2/repository/org/ow2/asm/asm/5.0.4/asm-5.0.4.jar:/home/runner/.m2/repository/org/apache/zookeeper/zookeeper/3.5.6/zookeeper-3.5.6.jar:/home/runner/.m2/repository/org/apache/zookeeper/zookeeper-jute/3.5.6/zookeeper-jute-3.5.6.jar:/home/runner/.m2/repository/org/apache/yetus/audience-annotations/0.5.0/audience-annotations-0.5.0.jar:/home/runner/.m2/repository/org/apache/curator/curator-framework/4.2.0/curator-framework-4.2.0.jar:/home/runner/.m2/repository/org/apache/hadoop/thirdparty/hadoop-shaded-guava/1.1.1/hadoop-shaded-guava-1.1.1.jar:/home/runner/.m2/repository/com/sun/jersey/jersey-core/1.19/jersey-core-1.19.jar:/home/runner/.m2/repository/javax/ws/rs/jsr311-api/1.1.1/jsr311-api-1.1.1.jar:/home/runner/.m2/repository/com/sun/jersey/jersey-server/1.19/jersey-server-1.19.jar:/home/runner/.m2/repository/javax/servlet/javax.servlet-api/3.1.0/javax.servlet-api-3.1.0.jar:/home/runner/.m2/repository/org/eclipse/jetty/jetty-server/9.4.43.v20210629/jetty-server-9.4.43.v20210629.jar:/home/runner/.m2/repository/org/eclipse/jetty/jetty-http/9.4.43.v20210629/jetty-http-9.4.43.v20210629.jar:/home/runner/.m2/repository/org/eclipse/jetty/jetty-io/9.4.43.v20210629/jetty-io-9.4.43.v20210629.jar:/home/runner/.m2/repository/org/eclipse/jetty/jetty-webapp/9.4.43.v20210629/jetty-webapp-9.4.43.v20210629.jar:/home/runner/.m2/repository/org/eclipse/jetty/jetty-xml/9.4.43.v20210629/jetty-xml-9.4.43.v20210629.jar:/home/runner/.m2/repository/org/apache/hadoop/hadoop-common/3.3.1/hadoop-common-3.3.1.jar:/home/runner/.m2/repository/commons-net/commons-net/3.6/commons-net-3.6.jar:/home/runner/.m2/repository/jakarta/activation/jakarta.activation-api/1.2.1/jakarta.activation-api-1.2.1.jar:/home/runner/.m2/repository/com/sun/jersey/jersey-servlet/1.19/jersey-servlet-1.19.jar:/home/runner/.m2/repository/com/sun/jersey/jersey-json/1.19/jersey-json-1.19.jar:/home/runner/.m2/repository/org/codehaus/jettison/jettison/1.1/jettison-1.1.jar:/home/runner/.m2/repository/com/sun/xml/bind/jaxb-impl/2.2.3-1/jaxb-impl-2.2.3-1.jar:/home/runner/.m2/repository/org/codehaus/jackson/jackson-jaxrs/1.9.2/jackson-jaxrs-1.9.2.jar:/home/runner/.m2/repository/org/codehaus/jackson/jackson-xc/1.9.2/jackson-xc-1.9.2.jar:/home/runner/.m2/repository/org/apache/commons/commons-configuration2/2.1.1/commons-configuration2-2.1.1.jar:/home/runner/.m2/repository/org/apache/commons/commons-text/1.4/commons-text-1.4.jar:/home/runner/.m2/repository/com/google/re2j/re2j/1.1/re2j-1.1.jar:/home/runner/.m2/repository/com/jcraft/jsch/0.1.54/jsch-0.1.54.jar:/home/runner/.m2/repository/org/apache/curator/curator-client/4.2.0/curator-client-4.2.0.jar:/home/runner/.m2/repository/org/apache/curator/curator-recipes/4.2.0/curator-recipes-4.2.0.jar:/home/runner/.m2/repository/org/apache/kerby/kerb-core/1.0.1/kerb-core-1.0.1.jar:/home/runner/.m2/repository/org/apache/kerby/kerby-pkix/1.0.1/kerby-pkix-1.0.1.jar:/home/runner/.m2/repository/org/apache/kerby/kerby-asn1/1.0.1/kerby-asn1-1.0.1.jar:/home/runner/.m2/repository/org/apache/kerby/kerby-util/1.0.1/kerby-util-1.0.1.jar:/home/runner/.m2/repository/dnsjava/dnsjava/2.1.7/dnsjava-2.1.7.jar:/home/runner/.m2/repository/org/xerial/snappy/snappy-java/1.1.8.2/snappy-java-1.1.8.2.jar:/home/runner/.m2/repository/org/slf4j/jul-to-slf4j/1.7.30/jul-to-slf4j-1.7.30.jar:/home/runner/.m2/repository/org/eclipse/jetty/jetty-util/9.4.43.v20210629/jetty-util-9.4.43.v20210629.jar:/home/runner/.m2/repository/com/fasterxml/jackson/core/jackson-databind/2.12.1/jackson-databind-2.12.1.jar:/home/runner/.m2/repository/org/apache/hadoop/hadoop-kms/3.3.1/hadoop-kms-3.3.1-tests.jar:/home/runner/.m2/repository/org/apache/ozone/hdds-server-scm/1.2.0-SNAPSHOT/hdds-server-scm-1.2.0-SNAPSHOT-tests.jar:/home/runner/.m2/repository/org/apache/ozone/hdds-container-service/1.2.0-SNAPSHOT/hdds-container-service-1.2.0-SNAPSHOT-tests.jar:/home/runner/.m2/repository/commons-codec/commons-codec/1.11/commons-codec-1.11.jar:/home/runner/.m2/repository/io/netty/netty-transport/4.1.63.Final/netty-transport-4.1.63.Final.jar:/home/runner/.m2/repository/io/netty/netty-resolver/4.1.63.Final/netty-resolver-4.1.63.Final.jar:/home/runner/.m2/repository/io/netty/netty-codec/4.1.63.Final/netty-codec-4.1.63.Final.jar:/home/runner/.m2/repository/io/netty/netty-handler/4.1.63.Final/netty-handler-4.1.63.Final.jar:/home/runner/.m2/repository/org/apache/ozone/hdds-hadoop-dependency-test/1.2.0-SNAPSHOT/hdds-hadoop-dependency-test-1.2.0-SNAPSHOT.jar:/home/runner/.m2/repository/org/apache/hadoop/hadoop-common/3.3.1/hadoop-common-3.3.1-tests.jar:/home/runner/.m2/repository/org/assertj/assertj-core/3.12.2/assertj-core-3.12.2.jar:/home/runner/.m2/repository/org/apache/hadoop/hadoop-hdfs/3.3.1/hadoop-hdfs-3.3.1-tests.jar:/home/runner/.m2/repository/org/eclipse/jetty/jetty-util-ajax/9.4.43.v20210629/jetty-util-ajax-9.4.43.v20210629.jar:/home/runner/.m2/repository/commons-daemon/commons-daemon/1.0.13/commons-daemon-1.0.13.jar:/home/runner/.m2/repository/io/netty/netty/3.10.6.Final/netty-3.10.6.Final.jar:/home/runner/.m2/repository/io/netty/netty-all/4.1.63.Final/netty-all-4.1.63.Final.jar:/home/runner/.m2/repository/org/apache/htrace/htrace-core4/4.1.0-incubating/htrace-core4-4.1.0-incubating.jar:/home/runner/.m2/repository/org/fusesource/leveldbjni/leveldbjni-all/1.8/leveldbjni-all-1.8.jar:/home/runner/.m2/repository/org/apache/hadoop/hadoop-distcp/3.3.1/hadoop-distcp-3.3.1.jar:/home/runner/.m2/repository/org/apache/hadoop/hadoop-mapreduce-client-jobclient/3.3.1/hadoop-mapreduce-client-jobclient-3.3.1.jar:/home/runner/.m2/repository/org/apache/hadoop/hadoop-mapreduce-client-common/3.3.1/hadoop-mapreduce-client-common-3.3.1.jar:/home/runner/.m2/repository/org/apache/hadoop/hadoop-yarn-common/3.3.1/hadoop-yarn-common-3.3.1.jar:/home/runner/.m2/repository/org/apache/hadoop/hadoop-yarn-api/3.3.1/hadoop-yarn-api-3.3.1.jar:/home/runner/.m2/repository/com/sun/jersey/jersey-client/1.19/jersey-client-1.19.jar:/home/runner/.m2/repository/com/sun/jersey/contribs/jersey-guice/1.19/jersey-guice-1.19.jar:/home/runner/.m2/repository/com/fasterxml/jackson/jaxrs/jackson-jaxrs-json-provider/2.12.1/jackson-jaxrs-json-provider-2.12.1.jar:/home/runner/.m2/repository/com/fasterxml/jackson/jaxrs/jackson-jaxrs-base/2.12.1/jackson-jaxrs-base-2.12.1.jar:/home/runner/.m2/repository/org/apache/hadoop/hadoop-yarn-client/3.3.1/hadoop-yarn-client-3.3.1.jar:/home/runner/.m2/repository/org/eclipse/jetty/websocket/websocket-client/9.4.40.v20210413/websocket-client-9.4.40.v20210413.jar:/home/runner/.m2/repository/org/eclipse/jetty/jetty-client/9.4.40.v20210413/jetty-client-9.4.40.v20210413.jar:/home/runner/.m2/repository/org/eclipse/jetty/websocket/websocket-common/9.4.40.v20210413/websocket-common-9.4.40.v20210413.jar:/home/runner/.m2/repository/org/eclipse/jetty/websocket/websocket-api/9.4.40.v20210413/websocket-api-9.4.40.v20210413.jar:/home/runner/.m2/repository/org/jline/jline/3.9.0/jline-3.9.0.jar:/home/runner/.m2/repository/org/apache/hadoop/hadoop-mapreduce-client-core/3.3.1/hadoop-mapreduce-client-core-3.3.1.jar:/home/runner/.m2/repository/org/apache/avro/avro/1.7.7/avro-1.7.7.jar:/home/runner/.m2/repository/org/codehaus/jackson/jackson-core-asl/1.9.13/jackson-core-asl-1.9.13.jar:/home/runner/.m2/repository/org/codehaus/jackson/jackson-mapper-asl/1.9.13/jackson-mapper-asl-1.9.13.jar:/home/runner/.m2/repository/com/thoughtworks/paranamer/paranamer/2.3/paranamer-2.3.jar:/home/runner/.m2/repository/org/apache/hadoop/hadoop-annotations/3.3.1/hadoop-annotations-3.3.1.jar:/usr/lib/jvm/adoptopenjdk-8-hotspot-amd64/jre/../lib/tools.jar:/home/runner/.m2/repository/org/apache/hadoop/hadoop-distcp/3.3.1/hadoop-distcp-3.3.1-tests.jar:"/>
    <property name="java.vm.vendor" value="AdoptOpenJDK"/>
    <property name="sun.arch.data.model" value="64"/>
    <property name="test.build.dir" value="/home/runner/work/ozone/ozone/hadoop-ozone/integration-test/target/test-dir"/>
    <property name="test.cache.data" value=""/>
    <property name="java.vendor.url" value="https://adoptopenjdk.net/"/>
    <property name="user.timezone" value=""/>
    <property name="java.vm.specification.version" value="1.8"/>
    <property name="os.name" value="Linux"/>
    <property name="test.build.data" value="/home/runner/work/ozone/ozone/hadoop-ozone/integration-test/target/test-dir"/>
    <property name="sun.java.launcher" value="SUN_STANDARD"/>
    <property name="sun.boot.library.path" value="/usr/lib/jvm/adoptopenjdk-8-hotspot-amd64/jre/lib/amd64"/>
    <property name="sun.java.command" value="/home/runner/work/ozone/ozone/hadoop-ozone/integration-test/target/surefire/surefirebooter4782562908384301595.jar /home/runner/work/ozone/ozone/hadoop-ozone/integration-test/target/surefire 2021-08-16T11-19-04_158-jvmRun1 surefire282657463933230929tmp surefire_143829672200661696527tmp"/>
    <property name="surefire.test.class.path" value="/home/runner/work/ozone/ozone/hadoop-ozone/integration-test/target/test-classes:/home/runner/work/ozone/ozone/hadoop-ozone/integration-test/target/classes:/home/runner/.m2/repository/org/apache/ozone/ozone-common/1.2.0-SNAPSHOT/ozone-common-1.2.0-SNAPSHOT.jar:/home/runner/.m2/repository/org/apache/commons/commons-compress/1.20/commons-compress-1.20.jar:/home/runner/.m2/repository/org/apache/ozone/hdds-common/1.2.0-SNAPSHOT/hdds-common-1.2.0-SNAPSHOT.jar:/home/runner/.m2/repository/org/apache/ozone/hdds-client/1.2.0-SNAPSHOT/hdds-client-1.2.0-SNAPSHOT.jar:/home/runner/.m2/repository/org/apache/ozone/ozone-interface-client/1.2.0-SNAPSHOT/ozone-interface-client-1.2.0-SNAPSHOT.jar:/home/runner/.m2/repository/org/apache/ozone/hdds-server-framework/1.2.0-SNAPSHOT/hdds-server-framework-1.2.0-SNAPSHOT.jar:/home/runner/.m2/repository/org/apache/ozone/hdds-interface-server/1.2.0-SNAPSHOT/hdds-interface-server-1.2.0-SNAPSHOT.jar:/home/runner/.m2/repository/org/eclipse/jetty/jetty-servlet/9.4.43.v20210629/jetty-servlet-9.4.43.v20210629.jar:/home/runner/.m2/repository/org/eclipse/jetty/jetty-security/9.4.43.v20210629/jetty-security-9.4.43.v20210629.jar:/home/runner/.m2/repository/org/rocksdb/rocksdbjni/6.20.3/rocksdbjni-6.20.3.jar:/home/runner/.m2/repository/io/prometheus/simpleclient_dropwizard/0.7.0/simpleclient_dropwizard-0.7.0.jar:/home/runner/.m2/repository/io/prometheus/simpleclient/0.7.0/simpleclient-0.7.0.jar:/home/runner/.m2/repository/io/prometheus/simpleclient_common/0.7.0/simpleclient_common-0.7.0.jar:/home/runner/.m2/repository/com/fasterxml/jackson/datatype/jackson-datatype-jsr310/2.12.1/jackson-datatype-jsr310-2.12.1.jar:/home/runner/.m2/repository/org/apache/ozone/hdds-test-utils/1.2.0-SNAPSHOT/hdds-test-utils-1.2.0-SNAPSHOT.jar:/home/runner/.m2/repository/com/google/guava/guava/30.1.1-jre/guava-30.1.1-jre.jar:/home/runner/.m2/repository/com/google/guava/failureaccess/1.0.1/failureaccess-1.0.1.jar:/home/runner/.m2/repository/com/google/guava/listenablefuture/9999.0-empty-to-avoid-conflict-with-guava/listenablefuture-9999.0-empty-to-avoid-conflict-with-guava.jar:/home/runner/.m2/repository/com/google/code/findbugs/jsr305/3.0.0/jsr305-3.0.0.jar:/home/runner/.m2/repository/org/checkerframework/checker-qual/3.8.0/checker-qual-3.8.0.jar:/home/runner/.m2/repository/com/google/errorprone/error_prone_annotations/2.2.0/error_prone_annotations-2.2.0.jar:/home/runner/.m2/repository/com/google/j2objc/j2objc-annotations/1.3/j2objc-annotations-1.3.jar:/home/runner/.m2/repository/commons-io/commons-io/2.8.0/commons-io-2.8.0.jar:/home/runner/.m2/repository/commons-logging/commons-logging/1.2/commons-logging-1.2.jar:/home/runner/.m2/repository/log4j/log4j/1.2.17/log4j-1.2.17.jar:/home/runner/.m2/repository/org/slf4j/slf4j-api/1.7.30/slf4j-api-1.7.30.jar:/home/runner/.m2/repository/org/apache/ozone/hdds-server-scm/1.2.0-SNAPSHOT/hdds-server-scm-1.2.0-SNAPSHOT.jar:/home/runner/.m2/repository/org/apache/ozone/hdds-container-service/1.2.0-SNAPSHOT/hdds-container-service-1.2.0-SNAPSHOT.jar:/home/runner/.m2/repository/org/apache/ozone/hdds-hadoop-dependency-server/1.2.0-SNAPSHOT/hdds-hadoop-dependency-server-1.2.0-SNAPSHOT.jar:/home/runner/.m2/repository/org/apache/hadoop/hadoop-hdfs/3.3.1/hadoop-hdfs-3.3.1.jar:/home/runner/.m2/repository/io/dropwizard/metrics/metrics-core/3.2.4/metrics-core-3.2.4.jar:/home/runner/.m2/repository/org/apache/hadoop/hadoop-hdfs-client/3.3.1/hadoop-hdfs-client-3.3.1.jar:/home/runner/.m2/repository/org/bouncycastle/bcprov-jdk15on/1.67/bcprov-jdk15on-1.67.jar:/home/runner/.m2/repository/com/google/protobuf/protobuf-java/2.5.0/protobuf-java-2.5.0.jar:/home/runner/.m2/repository/org/apache/ozone/ozone-manager/1.2.0-SNAPSHOT/ozone-manager-1.2.0-SNAPSHOT.jar:/home/runner/.m2/repository/org/aspectj/aspectjrt/1.8.9/aspectjrt-1.8.9.jar:/home/runner/.m2/repository/org/aspectj/aspectjweaver/1.8.9/aspectjweaver-1.8.9.jar:/home/runner/.m2/repository/org/apache/ozone/hdds-interface-client/1.2.0-SNAPSHOT/hdds-interface-client-1.2.0-SNAPSHOT.jar:/home/runner/.m2/repository/org/apache/hadoop/thirdparty/hadoop-shaded-protobuf_3_7/1.1.1/hadoop-shaded-protobuf_3_7-1.1.1.jar:/home/runner/.m2/repository/org/apache/ratis/ratis-thirdparty-misc/0.7.0/ratis-thirdparty-misc-0.7.0.jar:/home/runner/.m2/repository/org/apache/ozone/ozone-interface-storage/1.2.0-SNAPSHOT/ozone-interface-storage-1.2.0-SNAPSHOT.jar:/home/runner/.m2/repository/org/reflections/reflections/0.9.11/reflections-0.9.11.jar:/home/runner/.m2/repository/org/apache/hadoop/hadoop-minikdc/3.3.1/hadoop-minikdc-3.3.1.jar:/home/runner/.m2/repository/org/apache/kerby/kerb-simplekdc/1.0.1/kerb-simplekdc-1.0.1.jar:/home/runner/.m2/repository/org/apache/kerby/kerb-client/1.0.1/kerb-client-1.0.1.jar:/home/runner/.m2/repository/org/apache/kerby/kerby-config/1.0.1/kerby-config-1.0.1.jar:/home/runner/.m2/repository/org/apache/kerby/kerb-common/1.0.1/kerb-common-1.0.1.jar:/home/runner/.m2/repository/org/apache/kerby/kerb-crypto/1.0.1/kerb-crypto-1.0.1.jar:/home/runner/.m2/repository/org/apache/kerby/kerb-util/1.0.1/kerb-util-1.0.1.jar:/home/runner/.m2/repository/org/apache/kerby/token-provider/1.0.1/token-provider-1.0.1.jar:/home/runner/.m2/repository/org/apache/kerby/kerb-admin/1.0.1/kerb-admin-1.0.1.jar:/home/runner/.m2/repository/org/apache/kerby/kerb-server/1.0.1/kerb-server-1.0.1.jar:/home/runner/.m2/repository/org/apache/kerby/kerb-identity/1.0.1/kerb-identity-1.0.1.jar:/home/runner/.m2/repository/org/apache/kerby/kerby-xdr/1.0.1/kerby-xdr-1.0.1.jar:/home/runner/.m2/repository/org/slf4j/slf4j-log4j12/1.7.30/slf4j-log4j12-1.7.30.jar:/home/runner/.m2/repository/org/apache/ozone/ozone-s3gateway/1.2.0-SNAPSHOT/ozone-s3gateway-1.2.0-SNAPSHOT.jar:/home/runner/.m2/repository/org/javassist/javassist/3.21.0-GA/javassist-3.21.0-GA.jar:/home/runner/.m2/repository/org/jboss/weld/servlet/weld-servlet/2.4.7.Final/weld-servlet-2.4.7.Final.jar:/home/runner/.m2/repository/org/glassfish/jersey/containers/jersey-container-servlet-core/2.33/jersey-container-servlet-core-2.33.jar:/home/runner/.m2/repository/org/glassfish/hk2/external/jakarta.inject/2.6.1/jakarta.inject-2.6.1.jar:/home/runner/.m2/repository/org/glassfish/jersey/core/jersey-common/2.33/jersey-common-2.33.jar:/home/runner/.m2/repository/jakarta/ws/rs/jakarta.ws.rs-api/2.1.6/jakarta.ws.rs-api-2.1.6.jar:/home/runner/.m2/repository/org/glassfish/jersey/ext/cdi/jersey-cdi1x/2.33/jersey-cdi1x-2.33.jar:/home/runner/.m2/repository/org/glassfish/jersey/inject/jersey-hk2/2.33/jersey-hk2-2.33.jar:/home/runner/.m2/repository/org/glassfish/hk2/hk2-locator/2.6.1/hk2-locator-2.6.1.jar:/home/runner/.m2/repository/org/glassfish/jersey/media/jersey-media-jaxb/2.33/jersey-media-jaxb-2.33.jar:/home/runner/.m2/repository/org/glassfish/hk2/osgi-resource-locator/1.0.3/osgi-resource-locator-1.0.3.jar:/home/runner/.m2/repository/org/glassfish/hk2/hk2-api/2.5.0/hk2-api-2.5.0.jar:/home/runner/.m2/repository/org/glassfish/hk2/hk2-utils/2.5.0/hk2-utils-2.5.0.jar:/home/runner/.m2/repository/org/glassfish/hk2/external/aopalliance-repackaged/2.5.0/aopalliance-repackaged-2.5.0.jar:/home/runner/.m2/repository/com/fasterxml/jackson/dataformat/jackson-dataformat-xml/2.12.1/jackson-dataformat-xml-2.12.1.jar:/home/runner/.m2/repository/com/fasterxml/jackson/core/jackson-core/2.12.1/jackson-core-2.12.1.jar:/home/runner/.m2/repository/com/fasterxml/jackson/module/jackson-module-jaxb-annotations/2.12.1/jackson-module-jaxb-annotations-2.12.1.jar:/home/runner/.m2/repository/jakarta/xml/bind/jakarta.xml.bind-api/2.3.2/jakarta.xml.bind-api-2.3.2.jar:/home/runner/.m2/repository/org/codehaus/woodstox/stax2-api/3.1.4/stax2-api-3.1.4.jar:/home/runner/.m2/repository/com/fasterxml/woodstox/woodstox-core/5.0.3/woodstox-core-5.0.3.jar:/home/runner/.m2/repository/javax/enterprise/cdi-api/1.2/cdi-api-1.2.jar:/home/runner/.m2/repository/javax/el/javax.el-api/3.0.0/javax.el-api-3.0.0.jar:/home/runner/.m2/repository/javax/interceptor/javax.interceptor-api/1.2/javax.interceptor-api-1.2.jar:/home/runner/.m2/repository/javax/inject/javax.inject/1/javax.inject-1.jar:/home/runner/.m2/repository/javax/xml/bind/jaxb-api/2.3.0/jaxb-api-2.3.0.jar:/home/runner/.m2/repository/org/glassfish/jaxb/jaxb-runtime/2.3.0.1/jaxb-runtime-2.3.0.1.jar:/home/runner/.m2/repository/org/glassfish/jaxb/jaxb-core/2.3.0.1/jaxb-core-2.3.0.1.jar:/home/runner/.m2/repository/org/glassfish/jaxb/txw2/2.3.0.1/txw2-2.3.0.1.jar:/home/runner/.m2/repository/com/sun/istack/istack-commons-runtime/3.0.5/istack-commons-runtime-3.0.5.jar:/home/runner/.m2/repository/org/jvnet/staxex/stax-ex/1.7.8/stax-ex-1.7.8.jar:/home/runner/.m2/repository/com/sun/xml/fastinfoset/FastInfoset/1.2.13/FastInfoset-1.2.13.jar:/home/runner/.m2/repository/javax/activation/activation/1.1.1/activation-1.1.1.jar:/home/runner/.m2/repository/org/apache/ozone/ozone-csi/1.2.0-SNAPSHOT/ozone-csi-1.2.0-SNAPSHOT.jar:/home/runner/.m2/repository/com/google/protobuf/protobuf-java-util/3.12.0/protobuf-java-util-3.12.0.jar:/home/runner/.m2/repository/com/google/code/gson/gson/2.2.4/gson-2.2.4.jar:/home/runner/.m2/repository/org/apache/ozone/hdds-config/1.2.0-SNAPSHOT/hdds-config-1.2.0-SNAPSHOT.jar:/home/runner/.m2/repository/io/grpc/grpc-netty/1.33.0/grpc-netty-1.33.0.jar:/home/runner/.m2/repository/io/grpc/grpc-core/1.33.0/grpc-core-1.33.0.jar:/home/runner/.m2/repository/com/google/android/annotations/4.1.1.4/annotations-4.1.1.4.jar:/home/runner/.m2/repository/io/netty/netty-codec-http2/4.1.63.Final/netty-codec-http2-4.1.63.Final.jar:/home/runner/.m2/repository/io/netty/netty-codec-http/4.1.63.Final/netty-codec-http-4.1.63.Final.jar:/home/runner/.m2/repository/io/netty/netty-handler-proxy/4.1.63.Final/netty-handler-proxy-4.1.63.Final.jar:/home/runner/.m2/repository/io/netty/netty-codec-socks/4.1.63.Final/netty-codec-socks-4.1.63.Final.jar:/home/runner/.m2/repository/io/perfmark/perfmark-api/0.19.0/perfmark-api-0.19.0.jar:/home/runner/.m2/repository/org/codehaus/mojo/animal-sniffer-annotations/1.18/animal-sniffer-annotations-1.18.jar:/home/runner/.m2/repository/io/netty/netty-transport-native-epoll/4.1.63.Final/netty-transport-native-epoll-4.1.63.Final.jar:/home/runner/.m2/repository/io/netty/netty-common/4.1.63.Final/netty-common-4.1.63.Final.jar:/home/runner/.m2/repository/io/netty/netty-buffer/4.1.63.Final/netty-buffer-4.1.63.Final.jar:/home/runner/.m2/repository/io/netty/netty-transport-native-unix-common/4.1.63.Final/netty-transport-native-unix-common-4.1.63.Final.jar:/home/runner/.m2/repository/io/grpc/grpc-protobuf/1.33.0/grpc-protobuf-1.33.0.jar:/home/runner/.m2/repository/io/grpc/grpc-api/1.33.0/grpc-api-1.33.0.jar:/home/runner/.m2/repository/io/grpc/grpc-context/1.33.0/grpc-context-1.33.0.jar:/home/runner/.m2/repository/com/google/api/grpc/proto-google-common-protos/1.17.0/proto-google-common-protos-1.17.0.jar:/home/runner/.m2/repository/io/grpc/grpc-protobuf-lite/1.33.0/grpc-protobuf-lite-1.33.0.jar:/home/runner/.m2/repository/io/grpc/grpc-stub/1.33.0/grpc-stub-1.33.0.jar:/home/runner/.m2/repository/org/apache/ozone/ozone-recon/1.2.0-SNAPSHOT/ozone-recon-1.2.0-SNAPSHOT.jar:/home/runner/.m2/repository/org/apache/ozone/ozone-reconcodegen/1.2.0-SNAPSHOT/ozone-reconcodegen-1.2.0-SNAPSHOT.jar:/home/runner/.m2/repository/com/google/inject/extensions/guice-multibindings/4.0/guice-multibindings-4.0.jar:/home/runner/.m2/repository/com/google/inject/guice/4.0/guice-4.0.jar:/home/runner/.m2/repository/aopalliance/aopalliance/1.0/aopalliance-1.0.jar:/home/runner/.m2/repository/com/google/inject/extensions/guice-assistedinject/4.0/guice-assistedinject-4.0.jar:/home/runner/.m2/repository/com/google/inject/extensions/guice-servlet/4.0/guice-servlet-4.0.jar:/home/runner/.m2/repository/org/glassfish/jersey/containers/jersey-container-servlet/2.33/jersey-container-servlet-2.33.jar:/home/runner/.m2/repository/org/glassfish/hk2/guice-bridge/2.5.0/guice-bridge-2.5.0.jar:/home/runner/.m2/repository/org/glassfish/jersey/core/jersey-server/2.33/jersey-server-2.33.jar:/home/runner/.m2/repository/org/glassfish/jersey/core/jersey-client/2.33/jersey-client-2.33.jar:/home/runner/.m2/repository/jakarta/annotation/jakarta.annotation-api/1.3.5/jakarta.annotation-api-1.3.5.jar:/home/runner/.m2/repository/jakarta/validation/jakarta.validation-api/2.0.2/jakarta.validation-api-2.0.2.jar:/home/runner/.m2/repository/org/glassfish/jersey/media/jersey-media-json-jackson/2.33/jersey-media-json-jackson-2.33.jar:/home/runner/.m2/repository/org/glassfish/jersey/ext/jersey-entity-filtering/2.33/jersey-entity-filtering-2.33.jar:/home/runner/.m2/repository/org/jooq/jooq/3.11.10/jooq-3.11.10.jar:/home/runner/.m2/repository/org/jooq/jooq-meta/3.11.10/jooq-meta-3.11.10.jar:/home/runner/.m2/repository/org/jooq/jooq-codegen/3.11.10/jooq-codegen-3.11.10.jar:/home/runner/.m2/repository/com/jolbox/bonecp/0.8.0.RELEASE/bonecp-0.8.0.RELEASE.jar:/home/runner/.m2/repository/org/apache/derby/derby/10.14.2.0/derby-10.14.2.0.jar:/home/runner/.m2/repository/org/xerial/sqlite-jdbc/3.25.2/sqlite-jdbc-3.25.2.jar:/home/runner/.m2/repository/org/springframework/spring-jdbc/5.2.11.RELEASE/spring-jdbc-5.2.11.RELEASE.jar:/home/runner/.m2/repository/org/springframework/spring-beans/5.2.11.RELEASE/spring-beans-5.2.11.RELEASE.jar:/home/runner/.m2/repository/org/springframework/spring-core/5.2.11.RELEASE/spring-core-5.2.11.RELEASE.jar:/home/runner/.m2/repository/org/springframework/spring-jcl/5.2.11.RELEASE/spring-jcl-5.2.11.RELEASE.jar:/home/runner/.m2/repository/org/springframework/spring-tx/5.2.11.RELEASE/spring-tx-5.2.11.RELEASE.jar:/home/runner/.m2/repository/org/apache/ozone/ozone-client/1.2.0-SNAPSHOT/ozone-client-1.2.0-SNAPSHOT.jar:/home/runner/.m2/repository/org/apache/ozone/ozone-filesystem/1.2.0-SNAPSHOT/ozone-filesystem-1.2.0-SNAPSHOT.jar:/home/runner/.m2/repository/org/apache/ozone/ozone-filesystem-common/1.2.0-SNAPSHOT/ozone-filesystem-common-1.2.0-SNAPSHOT.jar:/home/runner/.m2/repository/org/apache/ozone/ozone-tools/1.2.0-SNAPSHOT/ozone-tools-1.2.0-SNAPSHOT.jar:/home/runner/.m2/repository/org/apache/ratis/ratis-tools/2.1.0-03f3b68-SNAPSHOT/ratis-tools-2.1.0-03f3b68-SNAPSHOT.jar:/home/runner/.m2/repository/org/apache/ratis/ratis-proto/2.1.0-03f3b68-SNAPSHOT/ratis-proto-2.1.0-03f3b68-SNAPSHOT.jar:/home/runner/.m2/repository/org/apache/ratis/ratis-common/2.1.0-03f3b68-SNAPSHOT/ratis-common-2.1.0-03f3b68-SNAPSHOT.jar:/home/runner/.m2/repository/com/amazonaws/aws-java-sdk-core/1.11.901/aws-java-sdk-core-1.11.901.jar:/home/runner/.m2/repository/org/apache/httpcomponents/httpclient/4.5.13/httpclient-4.5.13.jar:/home/runner/.m2/repository/org/apache/httpcomponents/httpcore/4.4.13/httpcore-4.4.13.jar:/home/runner/.m2/repository/software/amazon/ion/ion-java/1.0.2/ion-java-1.0.2.jar:/home/runner/.m2/repository/com/fasterxml/jackson/dataformat/jackson-dataformat-cbor/2.12.1/jackson-dataformat-cbor-2.12.1.jar:/home/runner/.m2/repository/joda-time/joda-time/2.8.1/joda-time-2.8.1.jar:/home/runner/.m2/repository/com/amazonaws/aws-java-sdk-s3/1.11.901/aws-java-sdk-s3-1.11.901.jar:/home/runner/.m2/repository/com/amazonaws/aws-java-sdk-kms/1.11.901/aws-java-sdk-kms-1.11.901.jar:/home/runner/.m2/repository/com/amazonaws/jmespath-java/1.11.901/jmespath-java-1.11.901.jar:/home/runner/.m2/repository/org/kohsuke/metainf-services/metainf-services/1.8/metainf-services-1.8.jar:/home/runner/.m2/repository/org/apache/ozone/hdds-tools/1.2.0-SNAPSHOT/hdds-tools-1.2.0-SNAPSHOT.jar:/home/runner/.m2/repository/commons-cli/commons-cli/1.2/commons-cli-1.2.jar:/home/runner/.m2/repository/org/apache/commons/commons-lang3/3.7/commons-lang3-3.7.jar:/home/runner/.m2/repository/org/apache/ozone/ozone-manager/1.2.0-SNAPSHOT/ozone-manager-1.2.0-SNAPSHOT-tests.jar:/home/runner/.m2/repository/org/apache/ozone/hdds-common/1.2.0-SNAPSHOT/hdds-common-1.2.0-SNAPSHOT-tests.jar:/home/runner/.m2/repository/org/apache/ozone/hdds-hadoop-dependency-client/1.2.0-SNAPSHOT/hdds-hadoop-dependency-client-1.2.0-SNAPSHOT.jar:/home/runner/.m2/repository/info/picocli/picocli/4.4.0/picocli-4.4.0.jar:/home/runner/.m2/repository/com/fasterxml/jackson/core/jackson-annotations/2.12.1/jackson-annotations-2.12.1.jar:/home/runner/.m2/repository/javax/annotation/javax.annotation-api/1.2/javax.annotation-api-1.2.jar:/home/runner/.m2/repository/org/apache/ratis/ratis-server/2.1.0-03f3b68-SNAPSHOT/ratis-server-2.1.0-03f3b68-SNAPSHOT.jar:/home/runner/.m2/repository/org/apache/ratis/ratis-client/2.1.0-03f3b68-SNAPSHOT/ratis-client-2.1.0-03f3b68-SNAPSHOT.jar:/home/runner/.m2/repository/org/apache/ratis/ratis-server-api/2.1.0-03f3b68-SNAPSHOT/ratis-server-api-2.1.0-03f3b68-SNAPSHOT.jar:/home/runner/.m2/repository/org/apache/ratis/ratis-metrics/2.1.0-03f3b68-SNAPSHOT/ratis-metrics-2.1.0-03f3b68-SNAPSHOT.jar:/home/runner/.m2/repository/org/apache/ratis/ratis-netty/2.1.0-03f3b68-SNAPSHOT/ratis-netty-2.1.0-03f3b68-SNAPSHOT.jar:/home/runner/.m2/repository/org/apache/ratis/ratis-grpc/2.1.0-03f3b68-SNAPSHOT/ratis-grpc-2.1.0-03f3b68-SNAPSHOT.jar:/home/runner/.m2/repository/org/apache/logging/log4j/log4j-api/2.13.3/log4j-api-2.13.3.jar:/home/runner/.m2/repository/org/apache/logging/log4j/log4j-core/2.13.3/log4j-core-2.13.3.jar:/home/runner/.m2/repository/com/lmax/disruptor/3.4.2/disruptor-3.4.2.jar:/home/runner/.m2/repository/org/apache/commons/commons-pool2/2.6.0/commons-pool2-2.6.0.jar:/home/runner/.m2/repository/org/bouncycastle/bcpkix-jdk15on/1.67/bcpkix-jdk15on-1.67.jar:/home/runner/.m2/repository/commons-validator/commons-validator/1.6/commons-validator-1.6.jar:/home/runner/.m2/repository/commons-beanutils/commons-beanutils/1.9.4/commons-beanutils-1.9.4.jar:/home/runner/.m2/repository/commons-digester/commons-digester/1.8.1/commons-digester-1.8.1.jar:/home/runner/.m2/repository/commons-collections/commons-collections/3.2.2/commons-collections-3.2.2.jar:/home/runner/.m2/repository/io/jaegertracing/jaeger-client/1.6.0/jaeger-client-1.6.0.jar:/home/runner/.m2/repository/io/jaegertracing/jaeger-thrift/1.6.0/jaeger-thrift-1.6.0.jar:/home/runner/.m2/repository/org/apache/thrift/libthrift/0.14.1/libthrift-0.14.1.jar:/home/runner/.m2/repository/com/squareup/okhttp3/okhttp/4.9.0/okhttp-4.9.0.jar:/home/runner/.m2/repository/com/squareup/okio/okio/2.8.0/okio-2.8.0.jar:/home/runner/.m2/repository/io/jaegertracing/jaeger-core/1.6.0/jaeger-core-1.6.0.jar:/home/runner/.m2/repository/io/jaegertracing/jaeger-tracerresolver/1.6.0/jaeger-tracerresolver-1.6.0.jar:/home/runner/.m2/repository/io/opentracing/contrib/opentracing-tracerresolver/0.1.8/opentracing-tracerresolver-0.1.8.jar:/home/runner/.m2/repository/org/jetbrains/kotlin/kotlin-stdlib/1.4.31/kotlin-stdlib-1.4.31.jar:/home/runner/.m2/repository/org/jetbrains/kotlin/kotlin-stdlib-common/1.4.31/kotlin-stdlib-common-1.4.31.jar:/home/runner/.m2/repository/org/jetbrains/annotations/13.0/annotations-13.0.jar:/home/runner/.m2/repository/io/opentracing/opentracing-util/0.33.0/opentracing-util-0.33.0.jar:/home/runner/.m2/repository/io/opentracing/opentracing-api/0.33.0/opentracing-api-0.33.0.jar:/home/runner/.m2/repository/io/opentracing/opentracing-noop/0.33.0/opentracing-noop-0.33.0.jar:/home/runner/.m2/repository/org/yaml/snakeyaml/1.26/snakeyaml-1.26.jar:/home/runner/.m2/repository/org/apache/ozone/hdds-interface-admin/1.2.0-SNAPSHOT/hdds-interface-admin-1.2.0-SNAPSHOT.jar:/home/runner/.m2/repository/junit/junit/4.13.1/junit-4.13.1.jar:/home/runner/.m2/repository/org/hamcrest/hamcrest-core/1.3/hamcrest-core-1.3.jar:/home/runner/.m2/repository/org/junit/jupiter/junit-jupiter-api/5.7.0/junit-jupiter-api-5.7.0.jar:/home/runner/.m2/repository/org/apiguardian/apiguardian-api/1.1.0/apiguardian-api-1.1.0.jar:/home/runner/.m2/repository/org/opentest4j/opentest4j/1.2.0/opentest4j-1.2.0.jar:/home/runner/.m2/repository/org/junit/platform/junit-platform-commons/1.7.0/junit-platform-commons-1.7.0.jar:/home/runner/.m2/repository/org/junit/jupiter/junit-jupiter-engine/5.7.0/junit-jupiter-engine-5.7.0.jar:/home/runner/.m2/repository/org/junit/platform/junit-platform-engine/1.7.0/junit-platform-engine-1.7.0.jar:/home/runner/.m2/repository/org/junit/vintage/junit-vintage-engine/5.7.0/junit-vintage-engine-5.7.0.jar:/home/runner/.m2/repository/org/junit/platform/junit-platform-launcher/1.7.0/junit-platform-launcher-1.7.0.jar:/home/runner/.m2/repository/org/openjdk/jmh/jmh-core/1.19/jmh-core-1.19.jar:/home/runner/.m2/repository/net/sf/jopt-simple/jopt-simple/4.6/jopt-simple-4.6.jar:/home/runner/.m2/repository/org/apache/commons/commons-math3/3.1.1/commons-math3-3.1.1.jar:/home/runner/.m2/repository/org/openjdk/jmh/jmh-generator-annprocess/1.19/jmh-generator-annprocess-1.19.jar:/home/runner/.m2/repository/org/mockito/mockito-core/2.28.2/mockito-core-2.28.2.jar:/home/runner/.m2/repository/net/bytebuddy/byte-buddy/1.9.10/byte-buddy-1.9.10.jar:/home/runner/.m2/repository/net/bytebuddy/byte-buddy-agent/1.9.10/byte-buddy-agent-1.9.10.jar:/home/runner/.m2/repository/org/objenesis/objenesis/1.0/objenesis-1.0.jar:/home/runner/.m2/repository/org/apache/hadoop/hadoop-kms/3.3.1/hadoop-kms-3.3.1.jar:/home/runner/.m2/repository/org/apache/hadoop/hadoop-auth/3.3.1/hadoop-auth-3.3.1.jar:/home/runner/.m2/repository/com/nimbusds/nimbus-jose-jwt/7.9/nimbus-jose-jwt-7.9.jar:/home/runner/.m2/repository/com/github/stephenc/jcip/jcip-annotations/1.0-1/jcip-annotations-1.0-1.jar:/home/runner/.m2/repository/net/minidev/json-smart/2.3/json-smart-2.3.jar:/home/runner/.m2/repository/net/minidev/accessors-smart/1.2/accessors-smart-1.2.jar:/home/runner/.m2/repository/org/ow2/asm/asm/5.0.4/asm-5.0.4.jar:/home/runner/.m2/repository/org/apache/zookeeper/zookeeper/3.5.6/zookeeper-3.5.6.jar:/home/runner/.m2/repository/org/apache/zookeeper/zookeeper-jute/3.5.6/zookeeper-jute-3.5.6.jar:/home/runner/.m2/repository/org/apache/yetus/audience-annotations/0.5.0/audience-annotations-0.5.0.jar:/home/runner/.m2/repository/org/apache/curator/curator-framework/4.2.0/curator-framework-4.2.0.jar:/home/runner/.m2/repository/org/apache/hadoop/thirdparty/hadoop-shaded-guava/1.1.1/hadoop-shaded-guava-1.1.1.jar:/home/runner/.m2/repository/com/sun/jersey/jersey-core/1.19/jersey-core-1.19.jar:/home/runner/.m2/repository/javax/ws/rs/jsr311-api/1.1.1/jsr311-api-1.1.1.jar:/home/runner/.m2/repository/com/sun/jersey/jersey-server/1.19/jersey-server-1.19.jar:/home/runner/.m2/repository/javax/servlet/javax.servlet-api/3.1.0/javax.servlet-api-3.1.0.jar:/home/runner/.m2/repository/org/eclipse/jetty/jetty-server/9.4.43.v20210629/jetty-server-9.4.43.v20210629.jar:/home/runner/.m2/repository/org/eclipse/jetty/jetty-http/9.4.43.v20210629/jetty-http-9.4.43.v20210629.jar:/home/runner/.m2/repository/org/eclipse/jetty/jetty-io/9.4.43.v20210629/jetty-io-9.4.43.v20210629.jar:/home/runner/.m2/repository/org/eclipse/jetty/jetty-webapp/9.4.43.v20210629/jetty-webapp-9.4.43.v20210629.jar:/home/runner/.m2/repository/org/eclipse/jetty/jetty-xml/9.4.43.v20210629/jetty-xml-9.4.43.v20210629.jar:/home/runner/.m2/repository/org/apache/hadoop/hadoop-common/3.3.1/hadoop-common-3.3.1.jar:/home/runner/.m2/repository/commons-net/commons-net/3.6/commons-net-3.6.jar:/home/runner/.m2/repository/jakarta/activation/jakarta.activation-api/1.2.1/jakarta.activation-api-1.2.1.jar:/home/runner/.m2/repository/com/sun/jersey/jersey-servlet/1.19/jersey-servlet-1.19.jar:/home/runner/.m2/repository/com/sun/jersey/jersey-json/1.19/jersey-json-1.19.jar:/home/runner/.m2/repository/org/codehaus/jettison/jettison/1.1/jettison-1.1.jar:/home/runner/.m2/repository/com/sun/xml/bind/jaxb-impl/2.2.3-1/jaxb-impl-2.2.3-1.jar:/home/runner/.m2/repository/org/codehaus/jackson/jackson-jaxrs/1.9.2/jackson-jaxrs-1.9.2.jar:/home/runner/.m2/repository/org/codehaus/jackson/jackson-xc/1.9.2/jackson-xc-1.9.2.jar:/home/runner/.m2/repository/org/apache/commons/commons-configuration2/2.1.1/commons-configuration2-2.1.1.jar:/home/runner/.m2/repository/org/apache/commons/commons-text/1.4/commons-text-1.4.jar:/home/runner/.m2/repository/com/google/re2j/re2j/1.1/re2j-1.1.jar:/home/runner/.m2/repository/com/jcraft/jsch/0.1.54/jsch-0.1.54.jar:/home/runner/.m2/repository/org/apache/curator/curator-client/4.2.0/curator-client-4.2.0.jar:/home/runner/.m2/repository/org/apache/curator/curator-recipes/4.2.0/curator-recipes-4.2.0.jar:/home/runner/.m2/repository/org/apache/kerby/kerb-core/1.0.1/kerb-core-1.0.1.jar:/home/runner/.m2/repository/org/apache/kerby/kerby-pkix/1.0.1/kerby-pkix-1.0.1.jar:/home/runner/.m2/repository/org/apache/kerby/kerby-asn1/1.0.1/kerby-asn1-1.0.1.jar:/home/runner/.m2/repository/org/apache/kerby/kerby-util/1.0.1/kerby-util-1.0.1.jar:/home/runner/.m2/repository/dnsjava/dnsjava/2.1.7/dnsjava-2.1.7.jar:/home/runner/.m2/repository/org/xerial/snappy/snappy-java/1.1.8.2/snappy-java-1.1.8.2.jar:/home/runner/.m2/repository/org/slf4j/jul-to-slf4j/1.7.30/jul-to-slf4j-1.7.30.jar:/home/runner/.m2/repository/org/eclipse/jetty/jetty-util/9.4.43.v20210629/jetty-util-9.4.43.v20210629.jar:/home/runner/.m2/repository/com/fasterxml/jackson/core/jackson-databind/2.12.1/jackson-databind-2.12.1.jar:/home/runner/.m2/repository/org/apache/hadoop/hadoop-kms/3.3.1/hadoop-kms-3.3.1-tests.jar:/home/runner/.m2/repository/org/apache/ozone/hdds-server-scm/1.2.0-SNAPSHOT/hdds-server-scm-1.2.0-SNAPSHOT-tests.jar:/home/runner/.m2/repository/org/apache/ozone/hdds-container-service/1.2.0-SNAPSHOT/hdds-container-service-1.2.0-SNAPSHOT-tests.jar:/home/runner/.m2/repository/commons-codec/commons-codec/1.11/commons-codec-1.11.jar:/home/runner/.m2/repository/io/netty/netty-transport/4.1.63.Final/netty-transport-4.1.63.Final.jar:/home/runner/.m2/repository/io/netty/netty-resolver/4.1.63.Final/netty-resolver-4.1.63.Final.jar:/home/runner/.m2/repository/io/netty/netty-codec/4.1.63.Final/netty-codec-4.1.63.Final.jar:/home/runner/.m2/repository/io/netty/netty-handler/4.1.63.Final/netty-handler-4.1.63.Final.jar:/home/runner/.m2/repository/org/apache/ozone/hdds-hadoop-dependency-test/1.2.0-SNAPSHOT/hdds-hadoop-dependency-test-1.2.0-SNAPSHOT.jar:/home/runner/.m2/repository/org/apache/hadoop/hadoop-common/3.3.1/hadoop-common-3.3.1-tests.jar:/home/runner/.m2/repository/org/assertj/assertj-core/3.12.2/assertj-core-3.12.2.jar:/home/runner/.m2/repository/org/apache/hadoop/hadoop-hdfs/3.3.1/hadoop-hdfs-3.3.1-tests.jar:/home/runner/.m2/repository/org/eclipse/jetty/jetty-util-ajax/9.4.43.v20210629/jetty-util-ajax-9.4.43.v20210629.jar:/home/runner/.m2/repository/commons-daemon/commons-daemon/1.0.13/commons-daemon-1.0.13.jar:/home/runner/.m2/repository/io/netty/netty/3.10.6.Final/netty-3.10.6.Final.jar:/home/runner/.m2/repository/io/netty/netty-all/4.1.63.Final/netty-all-4.1.63.Final.jar:/home/runner/.m2/repository/org/apache/htrace/htrace-core4/4.1.0-incubating/htrace-core4-4.1.0-incubating.jar:/home/runner/.m2/repository/org/fusesource/leveldbjni/leveldbjni-all/1.8/leveldbjni-all-1.8.jar:/home/runner/.m2/repository/org/apache/hadoop/hadoop-distcp/3.3.1/hadoop-distcp-3.3.1.jar:/home/runner/.m2/repository/org/apache/hadoop/hadoop-mapreduce-client-jobclient/3.3.1/hadoop-mapreduce-client-jobclient-3.3.1.jar:/home/runner/.m2/repository/org/apache/hadoop/hadoop-mapreduce-client-common/3.3.1/hadoop-mapreduce-client-common-3.3.1.jar:/home/runner/.m2/repository/org/apache/hadoop/hadoop-yarn-common/3.3.1/hadoop-yarn-common-3.3.1.jar:/home/runner/.m2/repository/org/apache/hadoop/hadoop-yarn-api/3.3.1/hadoop-yarn-api-3.3.1.jar:/home/runner/.m2/repository/com/sun/jersey/jersey-client/1.19/jersey-client-1.19.jar:/home/runner/.m2/repository/com/sun/jersey/contribs/jersey-guice/1.19/jersey-guice-1.19.jar:/home/runner/.m2/repository/com/fasterxml/jackson/jaxrs/jackson-jaxrs-json-provider/2.12.1/jackson-jaxrs-json-provider-2.12.1.jar:/home/runner/.m2/repository/com/fasterxml/jackson/jaxrs/jackson-jaxrs-base/2.12.1/jackson-jaxrs-base-2.12.1.jar:/home/runner/.m2/repository/org/apache/hadoop/hadoop-yarn-client/3.3.1/hadoop-yarn-client-3.3.1.jar:/home/runner/.m2/repository/org/eclipse/jetty/websocket/websocket-client/9.4.40.v20210413/websocket-client-9.4.40.v20210413.jar:/home/runner/.m2/repository/org/eclipse/jetty/jetty-client/9.4.40.v20210413/jetty-client-9.4.40.v20210413.jar:/home/runner/.m2/repository/org/eclipse/jetty/websocket/websocket-common/9.4.40.v20210413/websocket-common-9.4.40.v20210413.jar:/home/runner/.m2/repository/org/eclipse/jetty/websocket/websocket-api/9.4.40.v20210413/websocket-api-9.4.40.v20210413.jar:/home/runner/.m2/repository/org/jline/jline/3.9.0/jline-3.9.0.jar:/home/runner/.m2/repository/org/apache/hadoop/hadoop-mapreduce-client-core/3.3.1/hadoop-mapreduce-client-core-3.3.1.jar:/home/runner/.m2/repository/org/apache/avro/avro/1.7.7/avro-1.7.7.jar:/home/runner/.m2/repository/org/codehaus/jackson/jackson-core-asl/1.9.13/jackson-core-asl-1.9.13.jar:/home/runner/.m2/repository/org/codehaus/jackson/jackson-mapper-asl/1.9.13/jackson-mapper-asl-1.9.13.jar:/home/runner/.m2/repository/com/thoughtworks/paranamer/paranamer/2.3/paranamer-2.3.jar:/home/runner/.m2/repository/org/apache/hadoop/hadoop-annotations/3.3.1/hadoop-annotations-3.3.1.jar:/usr/lib/jvm/adoptopenjdk-8-hotspot-amd64/jre/../lib/tools.jar:/home/runner/.m2/repository/org/apache/hadoop/hadoop-distcp/3.3.1/hadoop-distcp-3.3.1-tests.jar:"/>
    <property name="sun.cpu.endian" value="little"/>
    <property name="user.home" value="/home/runner"/>
    <property name="user.language" value="en"/>
    <property name="java.specification.vendor" value="Oracle Corporation"/>
    <property name="java.home" value="/usr/lib/jvm/adoptopenjdk-8-hotspot-amd64/jre"/>
    <property name="java.security.krb5.conf" value="/home/runner/work/ozone/ozone/hadoop-ozone/integration-test/target/test-classes/krb5.conf"/>
    <property name="basedir" value="/home/runner/work/ozone/ozone/hadoop-ozone/integration-test"/>
    <property name="file.separator" value="/"/>
    <property name="line.separator" value="&#10;"/>
    <property name="java.vm.specification.vendor" value="Oracle Corporation"/>
    <property name="java.specification.name" value="Java Platform API Specification"/>
    <property name="java.awt.graphicsenv" value="sun.awt.X11GraphicsEnvironment"/>
    <property name="skip.installnpx" value="true"/>
    <property name="surefire.real.class.path" value="/home/runner/work/ozone/ozone/hadoop-ozone/integration-test/target/surefire/surefirebooter4782562908384301595.jar:/home/runner/.m2/repository/org/jacoco/org.jacoco.agent/0.8.5/org.jacoco.agent-0.8.5-runtime.jar"/>
    <property name="hadoop.log.dir" value="/home/runner/work/ozone/ozone/hadoop-ozone/integration-test/target/log"/>
    <property name="sun.boot.class.path" value="/usr/lib/jvm/adoptopenjdk-8-hotspot-amd64/jre/lib/resources.jar:/usr/lib/jvm/adoptopenjdk-8-hotspot-amd64/jre/lib/rt.jar:/usr/lib/jvm/adoptopenjdk-8-hotspot-amd64/jre/lib/sunrsasign.jar:/usr/lib/jvm/adoptopenjdk-8-hotspot-amd64/jre/lib/jsse.jar:/usr/lib/jvm/adoptopenjdk-8-hotspot-amd64/jre/lib/jce.jar:/usr/lib/jvm/adoptopenjdk-8-hotspot-amd64/jre/lib/charsets.jar:/usr/lib/jvm/adoptopenjdk-8-hotspot-amd64/jre/lib/jfr.jar:/usr/lib/jvm/adoptopenjdk-8-hotspot-amd64/jre/classes"/>
    <property name="sun.management.compiler" value="HotSpot 64-Bit Tiered Compilers"/>
    <property name="skip.npx" value="true"/>
    <property name="java.runtime.version" value="1.8.0_292-b10"/>
    <property name="java.net.preferIPv4Stack" value="true"/>
    <property name="user.name" value="runner"/>
    <property name="path.separator" value=":"/>
    <property name="java.security.egd" value="file:///dev/urandom"/>
    <property name="os.version" value="5.4.0-1055-azure"/>
    <property name="java.endorsed.dirs" value="/usr/lib/jvm/adoptopenjdk-8-hotspot-amd64/jre/lib/endorsed"/>
    <property name="java.runtime.name" value="OpenJDK Runtime Environment"/>
    <property name="file.encoding" value="UTF-8"/>
    <property name="java.vm.name" value="OpenJDK 64-Bit Server VM"/>
    <property name="test.build.webapps" value=""/>
    <property name="localRepository" value="/home/runner/.m2/repository"/>
    <property name="java.vendor.url.bug" value="https://github.com/AdoptOpenJDK/openjdk-support/issues"/>
    <property name="java.io.tmpdir" value="/tmp"/>
    <property name="require.test.libhadoop" value=""/>
    <property name="java.version" value="1.8.0_292"/>
    <property name="user.dir" value="/home/runner/work/ozone/ozone/hadoop-ozone/integration-test"/>
    <property name="os.arch" value="amd64"/>
    <property name="java.vm.specification.name" value="Java Virtual Machine Specification"/>
    <property name="test.build.classes" value="/home/runner/work/ozone/ozone/hadoop-ozone/integration-test/target/test-classes"/>
    <property name="java.awt.printerjob" value="sun.print.PSPrinterJob"/>
    <property name="sun.os.patch.level" value="unknown"/>
    <property name="hadoop.tmp.dir" value="/home/runner/work/ozone/ozone/hadoop-ozone/integration-test/target/tmp"/>
    <property name="java.library.path" value="/usr/java/packages/lib/amd64:/usr/lib64:/lib64:/lib:/usr/lib"/>
    <property name="java.vm.info" value="mixed mode"/>
    <property name="java.vendor" value="AdoptOpenJDK"/>
    <property name="java.vm.version" value="25.292-b10"/>
    <property name="java.ext.dirs" value="/usr/lib/jvm/adoptopenjdk-8-hotspot-amd64/jre/lib/ext:/usr/java/packages/lib/ext"/>
    <property name="sun.io.unicode.encoding" value="UnicodeLittle"/>
    <property name="java.class.version" value="52.0"/>
  </properties>
  <testcase name="testPipelineCloseWithPipelineAction" classname="org.apache.hadoop.hdds.scm.pipeline.TestPipelineClose" time="44.349"/>
  <testcase name="testPipelineCloseWithOpenContainer" classname="org.apache.hadoop.hdds.scm.pipeline.TestPipelineClose" time="30.934"/>
  <testcase name="testPipelineCloseWithClosedContainer" classname="org.apache.hadoop.hdds.scm.pipeline.TestPipelineClose" time="42.28"/>
  <testcase name="testPipelineCloseWithLogFailure" classname="org.apache.hadoop.hdds.scm.pipeline.TestPipelineClose" time="36.15">
    <failure message="&#10;Wanted but not invoked:&#10;pipelineActionHandler.onMessage(&#10;    &lt;Capturing argument&gt;,&#10;    &lt;any org.apache.hadoop.hdds.server.events.EventPublisher&gt;&#10;);&#10;-&gt; at org.apache.hadoop.hdds.scm.pipeline.PipelineActionHandler.onMessage(PipelineActionHandler.java:64)&#10;Actually, there were zero interactions with this mock.&#10;" type="Wanted but not invoked"><![CDATA[Wanted but not invoked:
pipelineActionHandler.onMessage(
    <Capturing argument>,
    <any org.apache.hadoop.hdds.server.events.EventPublisher>
);
-> at org.apache.hadoop.hdds.scm.pipeline.PipelineActionHandler.onMessage(PipelineActionHandler.java:64)
Actually, there were zero interactions with this mock.

	at org.apache.hadoop.hdds.scm.pipeline.PipelineActionHandler.onMessage(PipelineActionHandler.java:64)
	at org.apache.hadoop.hdds.scm.pipeline.TestPipelineClose.testPipelineCloseWithLogFailure(TestPipelineClose.java:246)
	at sun.reflect.NativeMethodAccessorImpl.invoke0(Native Method)
	at sun.reflect.NativeMethodAccessorImpl.invoke(NativeMethodAccessorImpl.java:62)
	at sun.reflect.DelegatingMethodAccessorImpl.invoke(DelegatingMethodAccessorImpl.java:43)
	at java.lang.reflect.Method.invoke(Method.java:498)
	at org.junit.runners.model.FrameworkMethod$1.runReflectiveCall(FrameworkMethod.java:59)
	at org.junit.internal.runners.model.ReflectiveCallable.run(ReflectiveCallable.java:12)
	at org.junit.runners.model.FrameworkMethod.invokeExplosively(FrameworkMethod.java:56)
	at org.junit.internal.runners.statements.InvokeMethod.evaluate(InvokeMethod.java:17)
	at org.junit.internal.runners.statements.RunBefores.evaluate(RunBefores.java:26)
	at org.junit.internal.runners.statements.RunAfters.evaluate(RunAfters.java:27)
	at org.junit.internal.runners.statements.FailOnTimeout$CallableStatement.call(FailOnTimeout.java:288)
	at org.junit.internal.runners.statements.FailOnTimeout$CallableStatement.call(FailOnTimeout.java:282)
	at java.util.concurrent.FutureTask.run(FutureTask.java:266)
	at java.lang.Thread.run(Thread.java:748)
]]></failure>
    <system-out><![CDATA[2021-08-16 11:42:47,405 [Time-limited test] WARN  server.ServerUtils (ServerUtils.java:getScmDbDir(148)) - ozone.scm.db.dirs is not configured. We recommend adding this setting. Falling back to ozone.metadata.dirs instead.
2021-08-16 11:42:47,411 [Time-limited test] INFO  ha.SCMHANodeDetails (SCMHANodeDetails.java:loadSCMHAConfig(157)) - ServiceID for StorageContainerManager is null
2021-08-16 11:42:47,411 [Time-limited test] INFO  ha.SCMHANodeDetails (SCMHANodeDetails.java:loadSCMHAConfig(162)) - ozone.scm.default.service.id is not defined, falling back to ozone.scm.service.ids to find serviceID for StorageContainerManager if it is HA enabled cluster
2021-08-16 11:42:47,412 [Time-limited test] WARN  server.ServerUtils (ServerUtils.java:getScmDbDir(148)) - ozone.scm.db.dirs is not configured. We recommend adding this setting. Falling back to ozone.metadata.dirs instead.
2021-08-16 11:42:47,412 [Time-limited test] INFO  upgrade.AbstractLayoutVersionManager (AbstractLayoutVersionManager.java:init(70)) - Initializing Layout version manager with metadata layout = SCM_HA (version = 2), software layout = SCM_HA (version = 2)
2021-08-16 11:42:47,552 [Time-limited test] INFO  reflections.Reflections (Reflections.java:scan(232)) - Reflections took 139 ms to scan 7 urls, producing 120 keys and 275 values 
2021-08-16 11:42:47,571 [Time-limited test] WARN  utils.HAUtils (HAUtils.java:getMetaDir(342)) - ozone.scm.db.dirs is not configured. We recommend adding this setting. Falling back to ozone.metadata.dirs instead.
2021-08-16 11:42:47,585 [Time-limited test] WARN  db.DBStoreBuilder (DBStoreBuilder.java:applyDBDefinition(145)) - ozone.scm.db.dirs is not configured. We recommend adding this setting. Falling back to ozone.metadata.dirs instead.
2021-08-16 11:42:47,811 [Time-limited test] INFO  net.NodeSchemaLoader (NodeSchemaLoader.java:loadSchemaFromFile(129)) - Loading schema from [jar:file:/home/runner/.m2/repository/org/apache/ozone/hdds-common/1.2.0-SNAPSHOT/hdds-common-1.2.0-SNAPSHOT.jar!/network-topology-default.xml]
2021-08-16 11:42:47,811 [Time-limited test] INFO  net.NodeSchemaLoader (NodeSchemaLoader.java:loadSchema(176)) - Loading network topology layer schema file
2021-08-16 11:42:47,830 [Time-limited test] INFO  ha.SequenceIdGenerator (SequenceIdGenerator.java:upgradeToSequenceId(327)) - upgrade localId to 107544261427200000
2021-08-16 11:42:47,830 [Time-limited test] INFO  ha.SequenceIdGenerator (SequenceIdGenerator.java:upgradeToSequenceId(337)) - upgrade delTxnId to 0
2021-08-16 11:42:47,830 [Time-limited test] INFO  ha.SequenceIdGenerator (SequenceIdGenerator.java:upgradeToSequenceId(351)) - upgrade containerId to 0
2021-08-16 11:42:47,830 [Time-limited test] INFO  ha.SequenceIdGenerator (SequenceIdGenerator.java:<init>(217)) - Init the HA SequenceIdGenerator.
2021-08-16 11:42:47,831 [Time-limited test] WARN  server.ServerUtils (ServerUtils.java:sanitizeUserArgs(73)) - ozone.scm.stale.node.interval value = 300000 is larger than max = 100000 based on the key value of ozone.scm.heartbeat.thread.interval, reset to the max value 100000.
2021-08-16 11:42:47,831 [Time-limited test] WARN  server.ServerUtils (ServerUtils.java:sanitizeUserArgs(73)) - ozone.scm.stale.node.interval value = 300000 is larger than max = 100000 based on the key value of ozone.scm.heartbeat.thread.interval, reset to the max value 100000.
2021-08-16 11:42:47,852 [Time-limited test] INFO  node.SCMNodeManager (SCMNodeManager.java:<init>(145)) - Entering startup safe mode.
2021-08-16 11:42:47,852 [Time-limited test] INFO  algorithms.ContainerPlacementPolicyFactory (ContainerPlacementPolicyFactory.java:getPolicy(60)) - Create container placement policy of type org.apache.hadoop.hdds.scm.container.placement.algorithms.SCMContainerPlacementRandom
2021-08-16 11:42:47,853 [Time-limited test] INFO  pipeline.PipelineStateManager (PipelineStateManagerV2Impl.java:initialize(78)) - No pipeline exists in current db
2021-08-16 11:42:47,853 [Time-limited test] INFO  algorithms.LeaderChoosePolicyFactory (LeaderChoosePolicyFactory.java:getPolicy(57)) - Create leader choose policy of type org.apache.hadoop.hdds.scm.pipeline.leader.choose.algorithms.MinLeaderCountChoosePolicy
2021-08-16 11:42:47,853 [Time-limited test] INFO  ha.SCMServiceManager (SCMServiceManager.java:register(43)) - Registering service BackgroundPipelineCreator.
2021-08-16 11:42:47,853 [Time-limited test] INFO  pipeline.BackgroundPipelineCreator (BackgroundPipelineCreatorV2.java:start(130)) - Starting RatisPipelineUtilsThread.
2021-08-16 11:42:47,855 [Time-limited test] INFO  algorithms.PipelineChoosePolicyFactory (PipelineChoosePolicyFactory.java:createPipelineChoosePolicyFromClass(73)) - Create pipeline choose policy of type org.apache.hadoop.hdds.scm.pipeline.choose.algorithms.RandomPipelineChoosePolicy
2021-08-16 11:42:47,856 [Time-limited test] INFO  ha.SCMServiceManager (SCMServiceManager.java:register(43)) - Registering service SCMBlockDeletingService.
2021-08-16 11:42:47,856 [Time-limited test] INFO  ha.SCMServiceManager (SCMServiceManager.java:register(43)) - Registering service ReplicationManager.
2021-08-16 11:42:47,856 [Time-limited test] INFO  container.ReplicationManager (ReplicationManager.java:start(286)) - Starting Replication Monitor Thread.
2021-08-16 11:42:47,857 [Time-limited test] INFO  safemode.ContainerSafeModeRule (ContainerSafeModeRule.java:<init>(89)) - containers with one replica threshold count 0
2021-08-16 11:42:47,857 [Time-limited test] INFO  safemode.HealthyPipelineSafeModeRule (HealthyPipelineSafeModeRule.java:initializeRule(156)) - Total pipeline count is 0, healthy pipeline threshold count is 1
2021-08-16 11:42:47,857 [Time-limited test] INFO  safemode.OneReplicaPipelineSafeModeRule (OneReplicaPipelineSafeModeRule.java:initializeRule(180)) - Total pipeline count is 0, pipeline's with at least one datanode reported threshold count is 0
2021-08-16 11:42:47,859 [Time-limited test] INFO  ipc.CallQueueManager (CallQueueManager.java:<init>(90)) - Using callQueue: class java.util.concurrent.LinkedBlockingQueue, queueCapacity: 2000, scheduler: class org.apache.hadoop.ipc.DefaultRpcScheduler, ipcBackoff: false.
2021-08-16 11:42:47,860 [Socket Reader #1 for port 0] INFO  ipc.Server (Server.java:run(1265)) - Starting Socket Reader #1 for port 0
2021-08-16 11:42:47,861 [Listener at 0.0.0.0/43093] INFO  ipc.CallQueueManager (CallQueueManager.java:<init>(90)) - Using callQueue: class java.util.concurrent.LinkedBlockingQueue, queueCapacity: 2000, scheduler: class org.apache.hadoop.ipc.DefaultRpcScheduler, ipcBackoff: false.
2021-08-16 11:42:47,882 [Socket Reader #1 for port 0] INFO  ipc.Server (Server.java:run(1265)) - Starting Socket Reader #1 for port 0
2021-08-16 11:42:47,884 [Listener at 0.0.0.0/46563] INFO  ipc.CallQueueManager (CallQueueManager.java:<init>(90)) - Using callQueue: class java.util.concurrent.LinkedBlockingQueue, queueCapacity: 2000, scheduler: class org.apache.hadoop.ipc.DefaultRpcScheduler, ipcBackoff: false.
2021-08-16 11:42:47,907 [ReplicationMonitor] INFO  container.ReplicationManager (ReplicationManager.java:processAll(341)) - Replication Monitor Thread took 0 milliseconds for processing 0 containers.
2021-08-16 11:42:47,912 [Socket Reader #1 for port 0] INFO  ipc.Server (Server.java:run(1265)) - Starting Socket Reader #1 for port 0
2021-08-16 11:42:47,993 [Listener at 0.0.0.0/39667] INFO  algorithms.ContainerPlacementPolicyFactory (ContainerPlacementPolicyFactory.java:getPolicy(60)) - Create container placement policy of type org.apache.hadoop.hdds.scm.container.placement.algorithms.SCMContainerPlacementRandom
2021-08-16 11:42:47,997 [Listener at 0.0.0.0/39667] INFO  server.StorageContainerManager (StorageContainerManager.java:<init>(383)) - 
Container Balancer status:
Key                            Value
Running                        false
Container Balancer Configuration values:
Key                                                Value
Threshold                                          0.1
Max Datanodes to Involve per Iteration(ratio)      0.5
Max Size to Move per Iteration                     10737418240B

2021-08-16 11:42:48,001 [Listener at 0.0.0.0/39667] WARN  events.EventQueue (EventQueue.java:fireEvent(194)) - No event handler registered for event TypedEvent{payloadType=SafeModeStatus, name='Safe mode status'}
2021-08-16 11:42:48,001 [Listener at 0.0.0.0/39667] INFO  ha.SCMContext (SCMContext.java:updateSafeModeStatus(205)) - Update SafeModeStatus from SafeModeStatus{safeModeStatus=true, preCheckPassed=false} to SafeModeStatus{safeModeStatus=true, preCheckPassed=false}.
2021-08-16 11:42:48,002 [Listener at 0.0.0.0/39667] INFO  server.StorageContainerManager (StorageContainerManager.java:start(1249)) - StorageContainerLocationProtocol RPC server is listening at /0.0.0.0:39667
2021-08-16 11:42:48,006 [Listener at 0.0.0.0/39667] WARN  impl.MetricsConfig (MetricsConfig.java:loadFirst(136)) - Cannot locate configuration: tried hadoop-metrics2-storagecontainermanager.properties,hadoop-metrics2.properties
2021-08-16 11:42:48,017 [Listener at 0.0.0.0/39667] INFO  impl.MetricsSystemImpl (MetricsSystemImpl.java:startTimer(378)) - Scheduled Metric snapshot period at 10 second(s).
2021-08-16 11:42:48,017 [Listener at 0.0.0.0/39667] INFO  impl.MetricsSystemImpl (MetricsSystemImpl.java:start(191)) - StorageContainerManager metrics system started
2021-08-16 11:42:48,027 [Listener at 0.0.0.0/39667] INFO  impl.MetricsSinkAdapter (MetricsSinkAdapter.java:start(204)) - Sink prometheus started
2021-08-16 11:42:48,027 [Listener at 0.0.0.0/39667] INFO  impl.MetricsSystemImpl (MetricsSystemImpl.java:registerSink(305)) - Registered sink prometheus
2021-08-16 11:42:48,085 [Listener at 0.0.0.0/39667] INFO  server.SCMClientProtocolServer (SCMClientProtocolServer.java:start(164)) - RPC server for Client  is listening at /0.0.0.0:39667
2021-08-16 11:42:48,086 [IPC Server Responder] INFO  ipc.Server (Server.java:run(1507)) - IPC Server Responder: starting
2021-08-16 11:42:48,086 [IPC Server listener on 0] INFO  ipc.Server (Server.java:run(1344)) - IPC Server listener on 0: starting
2021-08-16 11:42:48,156 [Listener at 0.0.0.0/39667] INFO  server.StorageContainerManager (StorageContainerManager.java:start(1264)) - ScmBlockLocationProtocol RPC server is listening at /0.0.0.0:46563
2021-08-16 11:42:48,156 [Listener at 0.0.0.0/39667] INFO  server.SCMBlockProtocolServer (SCMBlockProtocolServer.java:start(151)) - RPC server for Block Protocol is listening at /0.0.0.0:46563
2021-08-16 11:42:48,157 [IPC Server Responder] INFO  ipc.Server (Server.java:run(1507)) - IPC Server Responder: starting
2021-08-16 11:42:48,164 [IPC Server listener on 0] INFO  ipc.Server (Server.java:run(1344)) - IPC Server listener on 0: starting
2021-08-16 11:42:48,331 [Listener at 0.0.0.0/39667] INFO  server.StorageContainerManager (StorageContainerManager.java:start(1270)) - ScmDatanodeProtocl RPC server is listening at /0.0.0.0:43093
2021-08-16 11:42:48,331 [Listener at 0.0.0.0/39667] INFO  server.SCMDatanodeProtocolServer (SCMDatanodeProtocolServer.java:start(181)) - RPC server for DataNodes is listening at /0.0.0.0:43093
2021-08-16 11:42:48,331 [IPC Server Responder] INFO  ipc.Server (Server.java:run(1507)) - IPC Server Responder: starting
2021-08-16 11:42:48,332 [IPC Server listener on 0] INFO  ipc.Server (Server.java:run(1344)) - IPC Server listener on 0: starting
2021-08-16 11:42:48,349 [Listener at 0.0.0.0/39667] INFO  http.BaseHttpServer (BaseHttpServer.java:newHttpServer2BuilderForOzone(209)) - Starting Web-server for scm at: http://0.0.0.0:0
2021-08-16 11:42:48,349 [Listener at 0.0.0.0/39667] INFO  http.BaseHttpServer (BaseHttpServer.java:<init>(107)) - Hadoop Security Enabled: false Ozone Security Enabled: false Ozone HTTP Security Enabled: false 
2021-08-16 11:42:48,351 [Listener at 0.0.0.0/39667] INFO  server.AuthenticationFilter (AuthenticationFilter.java:constructSecretProvider(240)) - Unable to initialize FileSignerSecretProvider, falling back to use random secrets.
2021-08-16 11:42:48,353 [Listener at 0.0.0.0/39667] WARN  http.HttpRequestLog (HttpRequestLog.java:getRequestLog(103)) - Jetty request log can only be enabled using Log4j
2021-08-16 11:42:48,357 [Listener at 0.0.0.0/39667] INFO  http.HttpServer2 (HttpServer2.java:addGlobalFilter(1020)) - Added global filter 'safety' (class=org.apache.hadoop.hdds.server.http.HttpServer2$QuotingInputFilter)
2021-08-16 11:42:48,369 [Listener at 0.0.0.0/39667] INFO  http.HttpServer2 (HttpServer2.java:addFilter(996)) - Added filter static_user_filter (class=org.apache.hadoop.http.lib.StaticUserWebFilter$StaticUserFilter) to context scm
2021-08-16 11:42:48,369 [Listener at 0.0.0.0/39667] INFO  http.HttpServer2 (HttpServer2.java:addFilter(1004)) - Added filter static_user_filter (class=org.apache.hadoop.http.lib.StaticUserWebFilter$StaticUserFilter) to context logs
2021-08-16 11:42:48,369 [Listener at 0.0.0.0/39667] INFO  http.HttpServer2 (HttpServer2.java:addFilter(1004)) - Added filter static_user_filter (class=org.apache.hadoop.http.lib.StaticUserWebFilter$StaticUserFilter) to context static
2021-08-16 11:42:48,370 [Listener at 0.0.0.0/39667] INFO  http.HttpServer2 (HttpServer2.java:bindListener(1239)) - Jetty bound to port 38689
2021-08-16 11:42:48,370 [Listener at 0.0.0.0/39667] INFO  server.Server (Server.java:doStart(375)) - jetty-9.4.43.v20210629; built: 2021-06-30T11:07:22.254Z; git: 526006ecfa3af7f1a27ef3a288e2bef7ea9dd7e8; jvm 1.8.0_292-b10
2021-08-16 11:42:48,372 [Listener at 0.0.0.0/39667] INFO  server.session (DefaultSessionIdManager.java:doStart(334)) - DefaultSessionIdManager workerName=node0
2021-08-16 11:42:48,372 [Listener at 0.0.0.0/39667] INFO  server.session (DefaultSessionIdManager.java:doStart(339)) - No SessionScavenger set, using defaults
2021-08-16 11:42:48,373 [Listener at 0.0.0.0/39667] INFO  server.session (HouseKeeper.java:startScavenging(132)) - node0 Scavenging every 600000ms
2021-08-16 11:42:48,374 [Listener at 0.0.0.0/39667] INFO  handler.ContextHandler (ContextHandler.java:doStart(915)) - Started o.e.j.s.ServletContextHandler@2088e7a9{logs,/logs,file:///home/runner/work/ozone/ozone/hadoop-ozone/integration-test/target/log,AVAILABLE}
2021-08-16 11:42:48,374 [Listener at 0.0.0.0/39667] INFO  handler.ContextHandler (ContextHandler.java:doStart(915)) - Started o.e.j.s.ServletContextHandler@15bcef7f{static,/static,file:///home/runner/work/ozone/ozone/hadoop-ozone/integration-test/target/test-classes/webapps/static,AVAILABLE}
2021-08-16 11:42:48,377 [org.apache.hadoop.util.JvmPauseMonitor$Monitor@6d68428d] INFO  util.JvmPauseMonitor (JvmPauseMonitor.java:run(188)) - Starting JVM pause monitor
2021-08-16 11:42:48,395 [Listener at 0.0.0.0/39667] INFO  handler.ContextHandler (ContextHandler.java:doStart(915)) - Started o.e.j.w.WebAppContext@482b1da9{scm,/,file:///home/runner/work/ozone/ozone/hadoop-ozone/integration-test/target/test-classes/webapps/scm/,AVAILABLE}{file:/home/runner/work/ozone/ozone/hadoop-ozone/integration-test/target/test-classes/webapps/scm}
2021-08-16 11:42:48,425 [Listener at 0.0.0.0/39667] INFO  server.AbstractConnector (AbstractConnector.java:doStart(331)) - Started ServerConnector@4b436aa5{HTTP/1.1, (http/1.1)}{0.0.0.0:38689}
2021-08-16 11:42:48,425 [Listener at 0.0.0.0/39667] INFO  server.Server (Server.java:doStart(415)) - Started @119801ms
2021-08-16 11:42:48,425 [Listener at 0.0.0.0/39667] WARN  impl.MetricsSystemImpl (MetricsSystemImpl.java:register(279)) - Sink prometheus already exists!
2021-08-16 11:42:48,426 [Listener at 0.0.0.0/39667] INFO  http.BaseHttpServer (BaseHttpServer.java:updateConnectorAddress(329)) - HTTP server of scm listening at http://0.0.0.0:38689
2021-08-16 11:42:48,426 [Listener at 0.0.0.0/39667] WARN  server.ServerUtils (ServerUtils.java:getDBPath(225)) - ozone.om.db.dirs is not configured. We recommend adding this setting. Falling back to ozone.metadata.dirs instead.
2021-08-16 11:42:48,429 [Listener at 0.0.0.0/39667] INFO  ha.OMHANodeDetails (OMHANodeDetails.java:loadOMHAConfig(112)) - ozone.om.internal.service.id is not defined, falling back to ozone.om.service.ids to find serviceID for OzoneManager if it is HA enabled cluster
2021-08-16 11:42:48,429 [Listener at 0.0.0.0/39667] INFO  ha.OMHANodeDetails (OMHANodeDetails.java:loadOMHAConfig(219)) - Configuration does not have ozone.om.address set. Falling back to the default OM address /127.0.0.1:0
2021-08-16 11:42:48,430 [Listener at 0.0.0.0/39667] INFO  ha.OMHANodeDetails (OMHANodeDetails.java:getOMNodeDetails(247)) - OM Service ID is not set. Setting it to the default ID: omServiceIdDefault
2021-08-16 11:42:48,430 [Listener at 0.0.0.0/39667] INFO  ha.OMHANodeDetails (OMHANodeDetails.java:getOMNodeDetails(254)) - OM Node ID is not set. Setting it to the default ID: om1
2021-08-16 11:42:48,430 [Listener at 0.0.0.0/39667] WARN  server.ServerUtils (ServerUtils.java:getDBPath(225)) - ozone.om.db.dirs is not configured. We recommend adding this setting. Falling back to ozone.metadata.dirs instead.
2021-08-16 11:42:48,431 [Listener at 0.0.0.0/39667] INFO  upgrade.AbstractLayoutVersionManager (AbstractLayoutVersionManager.java:init(70)) - Initializing Layout version manager with metadata layout = INITIAL_VERSION (version = 0), software layout = INITIAL_VERSION (version = 0)
2021-08-16 11:42:48,637 [Listener at 0.0.0.0/39667] INFO  reflections.Reflections (Reflections.java:scan(232)) - Reflections took 206 ms to scan 2 urls, producing 131 keys and 342 values [using 2 cores]
2021-08-16 11:42:48,637 [Listener at 0.0.0.0/39667] INFO  upgrade.OMLayoutVersionManager (OMLayoutVersionManager.java:lambda$0(116)) - Skipping Upgrade Action MockOmUpgradeAction since it has been finalized.
2021-08-16 11:42:48,637 [Listener at 0.0.0.0/39667] WARN  server.ServerUtils (ServerUtils.java:getDBPath(225)) - ozone.om.db.dirs is not configured. We recommend adding this setting. Falling back to ozone.metadata.dirs instead.
2021-08-16 11:42:48,710 [Listener at 0.0.0.0/39667] WARN  server.ServerUtils (ServerUtils.java:getDBPath(225)) - ozone.om.db.dirs is not configured. We recommend adding this setting. Falling back to ozone.metadata.dirs instead.
2021-08-16 11:42:48,711 [Listener at 0.0.0.0/39667] INFO  codec.OmKeyInfoCodec (OmKeyInfoCodec.java:<init>(51)) - OmKeyInfoCodec ignorePipeline = true
2021-08-16 11:42:48,711 [Listener at 0.0.0.0/39667] INFO  codec.RepeatedOmKeyInfoCodec (RepeatedOmKeyInfoCodec.java:<init>(42)) - RepeatedOmKeyInfoCodec ignorePipeline = true
2021-08-16 11:42:49,145 [Listener at 0.0.0.0/39667] INFO  om.OzoneManager (OzoneManager.java:addS3GVolumeToDB(4115)) - Created Volume s3v With Owner runner required for S3Gateway operations.
2021-08-16 11:42:49,149 [Listener at 0.0.0.0/39667] WARN  server.ServerUtils (ServerUtils.java:getDefaultRatisDirectory(237)) - Storage directory for Ratis is not configured. It is a good idea to map this to an SSD disk. Falling back to ozone.metadata.dirs
2021-08-16 11:42:49,149 [Listener at 0.0.0.0/39667] WARN  utils.OzoneManagerRatisUtils (OzoneManagerRatisUtils.java:getOMRatisSnapshotDirectory(391)) - ozone.om.ratis.snapshot.dir is not configured. Falling back to ozone.metadata.dirs config
2021-08-16 11:42:49,150 [Listener at 0.0.0.0/39667] WARN  server.ServerUtils (ServerUtils.java:getDefaultRatisDirectory(237)) - Storage directory for Ratis is not configured. It is a good idea to map this to an SSD disk. Falling back to ozone.metadata.dirs
2021-08-16 11:42:49,151 [Listener at 0.0.0.0/39667] INFO  ratis.OzoneManagerRatisServer (OzoneManagerRatisServer.java:<init>(158)) - Instantiating OM Ratis server with groupID: omServiceIdDefault and peers: localhost:9872
2021-08-16 11:42:49,151 [Listener at 0.0.0.0/39667] INFO  ratis.OzoneManagerStateMachine (OzoneManagerStateMachine.java:loadSnapshotInfoFromDB(605)) - LastAppliedIndex is set from TransactionInfo from OM DB as (t:0, i:~)
2021-08-16 11:42:49,153 [Listener at 0.0.0.0/39667] INFO  server.RaftServer (ConfUtils.java:logGet(44)) - raft.rpc.type = GRPC (default)
2021-08-16 11:42:49,153 [Listener at 0.0.0.0/39667] INFO  grpc.GrpcFactory (GrpcFactory.java:checkPooledByteBufAllocatorUseCacheForAllThreads(48)) - PERFORMANCE WARNING: useCacheForAllThreads is true that may cause Netty to create a lot garbage objects and, as a result, trigger GC.
	It is recommended to disable useCacheForAllThreads by setting -Dorg.apache.ratis.thirdparty.io.netty.allocator.useCacheForAllThreads=false in command line.
2021-08-16 11:42:49,153 [Listener at 0.0.0.0/39667] INFO  grpc.GrpcConfigKeys (ConfUtils.java:logGet(44)) - raft.grpc.admin.port = -1 (default)
2021-08-16 11:42:49,153 [Listener at 0.0.0.0/39667] INFO  grpc.GrpcConfigKeys (ConfUtils.java:logGet(44)) - raft.grpc.server.port = 9872 (custom)
2021-08-16 11:42:49,153 [Listener at 0.0.0.0/39667] INFO  grpc.GrpcConfigKeys (ConfUtils.java:logGet(44)) - raft.grpc.client.port = -1 (default)
2021-08-16 11:42:49,153 [Listener at 0.0.0.0/39667] INFO  grpc.GrpcConfigKeys (ConfUtils.java:logGet(44)) - raft.grpc.server.port = 9872 (custom)
2021-08-16 11:42:49,153 [Listener at 0.0.0.0/39667] INFO  grpc.GrpcConfigKeys (ConfUtils.java:logGet(44)) - raft.grpc.server.port = 9872 (custom)
2021-08-16 11:42:49,154 [Listener at 0.0.0.0/39667] INFO  server.GrpcService (ConfUtils.java:logGet(44)) - raft.grpc.message.size.max = 33554432 (custom)
2021-08-16 11:42:49,154 [Listener at 0.0.0.0/39667] INFO  server.RaftServerConfigKeys (ConfUtils.java:logGet(44)) - raft.server.log.appender.buffer.byte-limit = 33554432 (custom)
2021-08-16 11:42:49,154 [Listener at 0.0.0.0/39667] INFO  server.GrpcService (ConfUtils.java:logGet(44)) - raft.grpc.flow.control.window = 1MB (=1048576) (default)
2021-08-16 11:42:49,154 [Listener at 0.0.0.0/39667] INFO  server.RaftServerConfigKeys (ConfUtils.java:logGet(44)) - raft.server.rpc.request.timeout = 3000ms (default)
2021-08-16 11:42:49,180 [Listener at 0.0.0.0/39667] INFO  impl.DataStreamServerImpl (ConfUtils.java:logGet(44)) - raft.datastream.type = DISABLED (default)
2021-08-16 11:42:49,197 [Listener at 0.0.0.0/39667] INFO  server.RaftServerConfigKeys (ConfUtils.java:logGet(44)) - raft.server.rpc.slowness.timeout = 120s (custom)
2021-08-16 11:42:49,197 [Listener at 0.0.0.0/39667] INFO  server.RaftServerConfigKeys (ConfUtils.java:logGet(44)) - raft.server.leaderelection.leader.step-down.wait-time = 10s (default)
2021-08-16 11:42:49,197 [Listener at 0.0.0.0/39667] INFO  server.RaftServerConfigKeys (ConfUtils.java:logGet(44)) - raft.server.storage.dir = [/home/runner/work/ozone/ozone/hadoop-ozone/integration-test/target/test-dir/MiniOzoneClusterImpl-0a2dcee8-4d86-4433-abec-1f16422e5815/ozone-meta/ratis] (custom)
2021-08-16 11:42:49,204 [Listener at 0.0.0.0/39667] INFO  server.RaftServer (RaftServerProxy.java:addNew(95)) - om1: addNew group-C5BA1605619E:[om1|rpc:localhost:9872|priority:0] returns group-C5BA1605619E:java.util.concurrent.CompletableFuture@5b97aa97[Not completed]
2021-08-16 11:42:49,204 [Listener at 0.0.0.0/39667] INFO  om.OzoneManager (OzoneManager.java:initializeRatisServer(1573)) - OzoneManager Ratis server initialized at port 9872
2021-08-16 11:42:49,206 [Listener at 0.0.0.0/39667] INFO  ipc.CallQueueManager (CallQueueManager.java:<init>(90)) - Using callQueue: class java.util.concurrent.LinkedBlockingQueue, queueCapacity: 2000, scheduler: class org.apache.hadoop.ipc.DefaultRpcScheduler, ipcBackoff: false.
2021-08-16 11:42:49,206 [pool-355-thread-1] INFO  server.RaftServer$Division (RaftServerImpl.java:<init>(181)) - om1: new RaftServerImpl for group-C5BA1605619E:[om1|rpc:localhost:9872|priority:0] with OzoneManagerStateMachine:uninitialized
2021-08-16 11:42:49,229 [pool-355-thread-1] INFO  server.RaftServerConfigKeys (ConfUtils.java:logGet(44)) - raft.server.rpc.timeout.min = 1s (custom)
2021-08-16 11:42:49,229 [pool-355-thread-1] INFO  server.RaftServerConfigKeys (ConfUtils.java:logGet(44)) - raft.server.rpc.timeout.max = 1200ms (custom)
2021-08-16 11:42:49,229 [pool-355-thread-1] INFO  server.RaftServerConfigKeys (ConfUtils.java:logGet(44)) - raft.server.rpc.sleep.time = 25ms (default)
2021-08-16 11:42:49,229 [pool-355-thread-1] INFO  server.RaftServerConfigKeys (ConfUtils.java:logGet(44)) - raft.server.rpc.slowness.timeout = 120s (custom)
2021-08-16 11:42:49,229 [pool-355-thread-1] INFO  server.RaftServerConfigKeys (ConfUtils.java:logGet(44)) - raft.server.leaderelection.leader.step-down.wait-time = 10s (default)
2021-08-16 11:42:49,229 [pool-355-thread-1] INFO  server.RaftServerConfigKeys (ConfUtils.java:logGet(44)) - raft.server.sleep.deviation.threshold = 300ms (default)
2021-08-16 11:42:49,229 [pool-355-thread-1] INFO  server.RaftServerConfigKeys (ConfUtils.java:logGet(44)) - raft.server.log.appender.install.snapshot.enabled = false (custom)
2021-08-16 11:42:49,229 [pool-355-thread-1] INFO  server.RaftServer$Division (ServerState.java:<init>(105)) - om1@group-C5BA1605619E: ConfigurationManager, init=-1: [om1|rpc:localhost:9872|priority:0], old=null, confs=<EMPTY_MAP>
2021-08-16 11:42:49,230 [pool-355-thread-1] INFO  server.RaftServerConfigKeys (ConfUtils.java:logGet(44)) - raft.server.storage.dir = [/home/runner/work/ozone/ozone/hadoop-ozone/integration-test/target/test-dir/MiniOzoneClusterImpl-0a2dcee8-4d86-4433-abec-1f16422e5815/ozone-meta/ratis] (custom)
2021-08-16 11:42:49,230 [pool-355-thread-1] INFO  server.RaftServerConfigKeys (ConfUtils.java:logGet(44)) - raft.server.log.corruption.policy = EXCEPTION (default)
2021-08-16 11:42:49,230 [pool-355-thread-1] INFO  server.RaftServerConfigKeys (ConfUtils.java:logGet(44)) - raft.server.storage.free-space.min = 0MB (=0) (default)
2021-08-16 11:42:49,230 [pool-355-thread-1] INFO  storage.RaftStorageDirectory (RaftStorageDirectoryImpl.java:analyzeStorage(135)) - The storage directory /home/runner/work/ozone/ozone/hadoop-ozone/integration-test/target/test-dir/MiniOzoneClusterImpl-0a2dcee8-4d86-4433-abec-1f16422e5815/ozone-meta/ratis/bf265839-605b-3f16-9796-c5ba1605619e does not exist. Creating ...
2021-08-16 11:42:49,233 [pool-355-thread-1] INFO  storage.RaftStorageDirectory (RaftStorageDirectoryImpl.java:tryLock(230)) - Lock on /home/runner/work/ozone/ozone/hadoop-ozone/integration-test/target/test-dir/MiniOzoneClusterImpl-0a2dcee8-4d86-4433-abec-1f16422e5815/ozone-meta/ratis/bf265839-605b-3f16-9796-c5ba1605619e/in_use.lock acquired by nodename 21308@fv-az270-213
2021-08-16 11:42:49,237 [pool-355-thread-1] INFO  storage.RaftStorage (RaftStorageImpl.java:format(89)) - Storage directory /home/runner/work/ozone/ozone/hadoop-ozone/integration-test/target/test-dir/MiniOzoneClusterImpl-0a2dcee8-4d86-4433-abec-1f16422e5815/ozone-meta/ratis/bf265839-605b-3f16-9796-c5ba1605619e has been successfully formatted.
2021-08-16 11:42:49,238 [pool-355-thread-1] INFO  server.RaftServerConfigKeys (ConfUtils.java:logGet(44)) - raft.server.notification.no-leader.timeout = 120s (custom)
2021-08-16 11:42:49,238 [pool-355-thread-1] INFO  server.RaftServerConfigKeys (ConfUtils.java:logGet(44)) - raft.server.log.use.memory = false (default)
2021-08-16 11:42:49,238 [pool-355-thread-1] INFO  server.RaftServerConfigKeys (ConfUtils.java:logGet(44)) - raft.server.log.purge.gap = 1000000 (custom)
2021-08-16 11:42:49,238 [pool-355-thread-1] INFO  server.RaftServerConfigKeys (ConfUtils.java:logGet(44)) - raft.server.log.appender.buffer.byte-limit = 33554432 (custom)
2021-08-16 11:42:49,238 [pool-355-thread-1] INFO  server.RaftServerConfigKeys (ConfUtils.java:logGet(44)) - raft.server.log.segment.size.max = 4194304 (custom)
2021-08-16 11:42:49,238 [pool-355-thread-1] INFO  server.RaftServerConfigKeys (ConfUtils.java:logGet(44)) - raft.server.log.segment.cache.num.max = 2 (custom)
2021-08-16 11:42:49,238 [pool-355-thread-1] INFO  server.RaftServerConfigKeys (ConfUtils.java:logGet(44)) - raft.server.log.segment.cache.size.max = 200MB (=209715200) (default)
2021-08-16 11:42:49,238 [pool-355-thread-1] INFO  segmented.SegmentedRaftLogWorker (SegmentedRaftLogWorker.java:<init>(182)) - new om1@group-C5BA1605619E-SegmentedRaftLogWorker for RaftStorageImpl:Storage Directory /home/runner/work/ozone/ozone/hadoop-ozone/integration-test/target/test-dir/MiniOzoneClusterImpl-0a2dcee8-4d86-4433-abec-1f16422e5815/ozone-meta/ratis/bf265839-605b-3f16-9796-c5ba1605619e
2021-08-16 11:42:49,239 [pool-355-thread-1] INFO  server.RaftServerConfigKeys (ConfUtils.java:logGet(44)) - raft.server.log.queue.byte-limit = 64MB (=67108864) (default)
2021-08-16 11:42:49,239 [pool-355-thread-1] INFO  server.RaftServerConfigKeys (ConfUtils.java:logGet(44)) - raft.server.log.queue.element-limit = 4096 (default)
2021-08-16 11:42:49,239 [pool-355-thread-1] INFO  server.RaftServerConfigKeys (ConfUtils.java:logGet(44)) - raft.server.log.segment.size.max = 4194304 (custom)
2021-08-16 11:42:49,239 [pool-355-thread-1] INFO  server.RaftServerConfigKeys (ConfUtils.java:logGet(44)) - raft.server.log.preallocated.size = 4194304 (custom)
2021-08-16 11:42:49,239 [pool-355-thread-1] INFO  server.RaftServerConfigKeys (ConfUtils.java:logGet(44)) - raft.server.log.force.sync.num = 128 (default)
2021-08-16 11:42:49,239 [pool-355-thread-1] INFO  server.RaftServerConfigKeys (ConfUtils.java:logGet(44)) - raft.server.log.statemachine.data.sync = true (default)
2021-08-16 11:42:49,239 [pool-355-thread-1] INFO  server.RaftServerConfigKeys (ConfUtils.java:logGet(44)) - raft.server.log.statemachine.data.sync.timeout = 10s (default)
2021-08-16 11:42:49,239 [pool-355-thread-1] INFO  server.RaftServerConfigKeys (ConfUtils.java:logGet(44)) - raft.server.log.statemachine.data.sync.timeout.retry = -1 (default)
2021-08-16 11:42:49,253 [Socket Reader #1 for port 0] INFO  ipc.Server (Server.java:run(1265)) - Starting Socket Reader #1 for port 0
2021-08-16 11:42:49,273 [pool-355-thread-1] INFO  server.RaftServerConfigKeys (ConfUtils.java:logGet(44)) - raft.server.log.write.buffer.size = 64KB (=65536) (default)
2021-08-16 11:42:49,274 [pool-355-thread-1] INFO  server.RaftServerConfigKeys (ConfUtils.java:logGet(44)) - raft.server.log.statemachine.data.caching.enabled = false (default)
2021-08-16 11:42:49,274 [pool-355-thread-1] INFO  segmented.SegmentedRaftLogWorker (SegmentedRaftLogWorker.java:lambda$new$0(133)) - om1@group-C5BA1605619E-SegmentedRaftLogWorker: flushIndex: setUnconditionally 0 -> -1
2021-08-16 11:42:49,274 [pool-355-thread-1] INFO  segmented.SegmentedRaftLogWorker (SegmentedRaftLogWorker.java:lambda$new$0(133)) - om1@group-C5BA1605619E-SegmentedRaftLogWorker: safeCacheEvictIndex: setUnconditionally 0 -> -1
2021-08-16 11:42:49,274 [pool-355-thread-1] INFO  server.RaftServerConfigKeys (ConfUtils.java:logGet(44)) - raft.server.snapshot.auto.trigger.enabled = true (custom)
2021-08-16 11:42:49,274 [pool-355-thread-1] INFO  server.RaftServerConfigKeys (ConfUtils.java:logGet(44)) - raft.server.snapshot.auto.trigger.threshold = 400000 (default)
2021-08-16 11:42:49,274 [pool-355-thread-1] INFO  server.RaftServerConfigKeys (ConfUtils.java:logGet(44)) - raft.server.snapshot.retention.file.num = -1 (default)
2021-08-16 11:42:49,274 [pool-355-thread-1] INFO  server.RaftServerConfigKeys (ConfUtils.java:logGet(44)) - raft.server.log.purge.upto.snapshot.index = true (custom)
2021-08-16 11:42:49,274 [pool-355-thread-1] INFO  server.RaftServerConfigKeys (ConfUtils.java:logGet(44)) - raft.server.retrycache.expirytime = 300s (custom)
2021-08-16 11:42:49,274 [pool-355-thread-1] INFO  server.RaftServerConfigKeys (ConfUtils.java:logGet(44)) - raft.server.retrycache.statistics.expirytime = 100μs (default)
2021-08-16 11:42:49,285 [Listener at 127.0.0.1/39025] INFO  om.OzoneManager (OzoneManager.java:initFSOLayout(4321)) - Configured ozone.om.metadata.layout=SIMPLE and disabled optimized OM FS operations
2021-08-16 11:42:49,285 [Listener at 127.0.0.1/39025] INFO  impl.MetricsSystemImpl (MetricsSystemImpl.java:init(158)) - OzoneManager metrics system started (again)
2021-08-16 11:42:49,299 [Listener at 127.0.0.1/39025] INFO  om.OzoneManager (OzoneManager.java:start(1270)) - OzoneManager RPC server is listening at localhost/127.0.0.1:39025
2021-08-16 11:42:49,327 [Listener at 127.0.0.1/39025] INFO  ratis.OzoneManagerRatisServer (OzoneManagerRatisServer.java:start(516)) - Starting OzoneManagerRatisServer om1 at port 9872
2021-08-16 11:42:49,327 [Listener at 127.0.0.1/39025] INFO  server.RaftServer$Division (RaftServerImpl.java:start(296)) - om1@group-C5BA1605619E: start as a follower, conf=-1: [om1|rpc:localhost:9872|priority:0], old=null
2021-08-16 11:42:49,328 [Listener at 127.0.0.1/39025] INFO  server.RaftServer$Division (RaftServerImpl.java:setRole(285)) - om1@group-C5BA1605619E: changes role from      null to FOLLOWER at term 0 for startAsFollower
2021-08-16 11:42:49,328 [Listener at 127.0.0.1/39025] INFO  impl.RoleInfo (RoleInfo.java:updateAndGet(130)) - om1: start om1@group-C5BA1605619E-FollowerState
2021-08-16 11:42:49,332 [Listener at 127.0.0.1/39025] INFO  util.JmxRegister (JmxRegister.java:tryRegister(44)) - Successfully registered JMX Bean with object name Ratis:service=RaftServer,group=group-C5BA1605619E,id=om1
2021-08-16 11:42:49,337 [Listener at 127.0.0.1/39025] INFO  server.RaftServer (RaftServerProxy.java:lambda$start$5(374)) - om1: start RPC server
2021-08-16 11:42:49,357 [Listener at 127.0.0.1/39025] INFO  server.GrpcService (GrpcService.java:startImpl(253)) - om1: GrpcService started, listening on 9872
2021-08-16 11:42:49,361 [Listener at 127.0.0.1/39025] INFO  om.OzoneManager (OzoneManager.java:start(1288)) - Version File has different layout version (0) than OM DB (null). That is expected if this OM has never been finalized to a newer layout version.
2021-08-16 11:42:49,361 [org.apache.ratis.util.JvmPauseMonitor$$Lambda$532/1449527477@371ec959] INFO  util.JvmPauseMonitor (JvmPauseMonitor.java:run(103)) - JvmPauseMonitor-om1: Started
2021-08-16 11:42:49,406 [Listener at 127.0.0.1/39025] INFO  http.BaseHttpServer (BaseHttpServer.java:newHttpServer2BuilderForOzone(209)) - Starting Web-server for ozoneManager at: http://0.0.0.0:0
2021-08-16 11:42:49,406 [Listener at 127.0.0.1/39025] INFO  http.BaseHttpServer (BaseHttpServer.java:<init>(107)) - Hadoop Security Enabled: false Ozone Security Enabled: false Ozone HTTP Security Enabled: false 
2021-08-16 11:42:49,407 [Listener at 127.0.0.1/39025] INFO  server.AuthenticationFilter (AuthenticationFilter.java:constructSecretProvider(240)) - Unable to initialize FileSignerSecretProvider, falling back to use random secrets.
2021-08-16 11:42:49,445 [Listener at 127.0.0.1/39025] WARN  http.HttpRequestLog (HttpRequestLog.java:getRequestLog(103)) - Jetty request log can only be enabled using Log4j
2021-08-16 11:42:49,446 [Listener at 127.0.0.1/39025] INFO  http.HttpServer2 (HttpServer2.java:addGlobalFilter(1020)) - Added global filter 'safety' (class=org.apache.hadoop.hdds.server.http.HttpServer2$QuotingInputFilter)
2021-08-16 11:42:49,446 [Listener at 127.0.0.1/39025] INFO  http.HttpServer2 (HttpServer2.java:addFilter(996)) - Added filter static_user_filter (class=org.apache.hadoop.http.lib.StaticUserWebFilter$StaticUserFilter) to context ozoneManager
2021-08-16 11:42:49,446 [Listener at 127.0.0.1/39025] INFO  http.HttpServer2 (HttpServer2.java:addFilter(1004)) - Added filter static_user_filter (class=org.apache.hadoop.http.lib.StaticUserWebFilter$StaticUserFilter) to context static
2021-08-16 11:42:49,447 [Listener at 127.0.0.1/39025] INFO  http.HttpServer2 (HttpServer2.java:addFilter(1004)) - Added filter static_user_filter (class=org.apache.hadoop.http.lib.StaticUserWebFilter$StaticUserFilter) to context logs
2021-08-16 11:42:49,447 [Listener at 127.0.0.1/39025] INFO  http.HttpServer2 (HttpServer2.java:bindListener(1239)) - Jetty bound to port 35381
2021-08-16 11:42:49,447 [Listener at 127.0.0.1/39025] INFO  server.Server (Server.java:doStart(375)) - jetty-9.4.43.v20210629; built: 2021-06-30T11:07:22.254Z; git: 526006ecfa3af7f1a27ef3a288e2bef7ea9dd7e8; jvm 1.8.0_292-b10
2021-08-16 11:42:49,541 [Listener at 127.0.0.1/39025] INFO  server.session (DefaultSessionIdManager.java:doStart(334)) - DefaultSessionIdManager workerName=node0
2021-08-16 11:42:49,541 [Listener at 127.0.0.1/39025] INFO  server.session (DefaultSessionIdManager.java:doStart(339)) - No SessionScavenger set, using defaults
2021-08-16 11:42:49,541 [Listener at 127.0.0.1/39025] INFO  server.session (HouseKeeper.java:startScavenging(132)) - node0 Scavenging every 600000ms
2021-08-16 11:42:49,549 [Listener at 127.0.0.1/39025] INFO  handler.ContextHandler (ContextHandler.java:doStart(915)) - Started o.e.j.s.ServletContextHandler@6aca96e9{logs,/logs,file:///home/runner/work/ozone/ozone/hadoop-ozone/integration-test/target/log,AVAILABLE}
2021-08-16 11:42:49,550 [Listener at 127.0.0.1/39025] INFO  handler.ContextHandler (ContextHandler.java:doStart(915)) - Started o.e.j.s.ServletContextHandler@14603f6{static,/static,file:///home/runner/work/ozone/ozone/hadoop-ozone/integration-test/target/test-classes/webapps/static,AVAILABLE}
2021-08-16 11:42:49,553 [Listener at 127.0.0.1/39025] INFO  handler.ContextHandler (ContextHandler.java:doStart(915)) - Started o.e.j.w.WebAppContext@152b3f45{ozoneManager,/,file:///home/runner/work/ozone/ozone/hadoop-ozone/integration-test/target/test-classes/webapps/ozoneManager/,AVAILABLE}{file:/home/runner/work/ozone/ozone/hadoop-ozone/integration-test/target/test-classes/webapps/ozoneManager}
2021-08-16 11:42:49,555 [Listener at 127.0.0.1/39025] INFO  server.AbstractConnector (AbstractConnector.java:doStart(331)) - Started ServerConnector@28fbbc92{HTTP/1.1, (http/1.1)}{0.0.0.0:35381}
2021-08-16 11:42:49,555 [Listener at 127.0.0.1/39025] INFO  server.Server (Server.java:doStart(415)) - Started @120931ms
2021-08-16 11:42:49,555 [Listener at 127.0.0.1/39025] WARN  impl.MetricsSystemImpl (MetricsSystemImpl.java:register(279)) - Sink prometheus already exists!
2021-08-16 11:42:49,556 [Listener at 127.0.0.1/39025] INFO  http.BaseHttpServer (BaseHttpServer.java:updateConnectorAddress(329)) - HTTP server of ozoneManager listening at http://0.0.0.0:35381
2021-08-16 11:42:49,565 [IPC Server Responder] INFO  ipc.Server (Server.java:run(1507)) - IPC Server Responder: starting
2021-08-16 11:42:49,565 [IPC Server listener on 0] INFO  ipc.Server (Server.java:run(1344)) - IPC Server listener on 0: starting
2021-08-16 11:42:49,609 [Listener at 127.0.0.1/39025] INFO  om.OzoneManager (OzoneManager.java:startTrashEmptier(1531)) - Trash Interval set to 0. Files deleted will not move to trash
2021-08-16 11:42:49,664 [org.apache.hadoop.util.JvmPauseMonitor$Monitor@4b18ad11] INFO  util.JvmPauseMonitor (JvmPauseMonitor.java:run(188)) - Starting JVM pause monitor
2021-08-16 11:42:49,682 [Listener at 127.0.0.1/39025] WARN  impl.MetricRegistriesImpl (MetricRegistriesImpl.java:addReporterRegistration(111)) - New reporters are added after registries were created. Some metrics will be missing from the reporter. Please add reporter before adding any new registry.
2021-08-16 11:42:49,682 [Listener at 127.0.0.1/39025] WARN  impl.MetricRegistriesImpl (MetricRegistriesImpl.java:addReporterRegistration(111)) - New reporters are added after registries were created. Some metrics will be missing from the reporter. Please add reporter before adding any new registry.
2021-08-16 11:42:49,682 [Listener at 127.0.0.1/39025] INFO  impl.MetricsSystemImpl (MetricsSystemImpl.java:init(158)) - HddsDatanode metrics system started (again)
2021-08-16 11:42:49,752 [Listener at 127.0.0.1/39025] INFO  ozone.HddsDatanodeService (HddsDatanodeService.java:start(234)) - HddsDatanodeService host:fv-az270-213.tacnzluakwdehk1hpragurqkma.bx.internal.cloudapp.net ip:10.1.0.5
2021-08-16 11:42:49,807 [Listener at 127.0.0.1/39025] INFO  upgrade.AbstractLayoutVersionManager (AbstractLayoutVersionManager.java:init(70)) - Initializing Layout version manager with metadata layout = SCM_HA (version = 2), software layout = SCM_HA (version = 2)
2021-08-16 11:42:50,007 [Listener at 127.0.0.1/39025] INFO  reflections.Reflections (Reflections.java:scan(232)) - Reflections took 191 ms to scan 7 urls, producing 120 keys and 275 values 
2021-08-16 11:42:50,037 [Listener at 127.0.0.1/39025] INFO  volume.HddsVolume (HddsVolume.java:<init>(120)) - Creating HddsVolume: /home/runner/work/ozone/ozone/hadoop-ozone/integration-test/target/test-dir/MiniOzoneClusterImpl-0a2dcee8-4d86-4433-abec-1f16422e5815/datanode-0/data-0/containers/hdds of storage type : DISK capacity : 9223372036854775807
2021-08-16 11:42:50,037 [Listener at 127.0.0.1/39025] INFO  volume.MutableVolumeSet (MutableVolumeSet.java:initializeVolumeSet(181)) - Added Volume : /home/runner/work/ozone/ozone/hadoop-ozone/integration-test/target/test-dir/MiniOzoneClusterImpl-0a2dcee8-4d86-4433-abec-1f16422e5815/datanode-0/data-0/containers/hdds to VolumeSet
2021-08-16 11:42:50,037 [Listener at 127.0.0.1/39025] INFO  volume.ThrottledAsyncChecker (ThrottledAsyncChecker.java:schedule(141)) - Scheduling a check for /home/runner/work/ozone/ozone/hadoop-ozone/integration-test/target/test-dir/MiniOzoneClusterImpl-0a2dcee8-4d86-4433-abec-1f16422e5815/datanode-0/data-0/containers/hdds
2021-08-16 11:42:50,064 [Listener at 127.0.0.1/39025] INFO  volume.StorageVolumeChecker (StorageVolumeChecker.java:checkAllVolumes(202)) - Scheduled health check for volume /home/runner/work/ozone/ozone/hadoop-ozone/integration-test/target/test-dir/MiniOzoneClusterImpl-0a2dcee8-4d86-4433-abec-1f16422e5815/datanode-0/data-0/containers/hdds
2021-08-16 11:42:50,106 [Listener at 127.0.0.1/39025] INFO  volume.MutableVolumeSet (MutableVolumeSet.java:initializeVolumeSet(181)) - Added Volume : /home/runner/work/ozone/ozone/hadoop-ozone/integration-test/target/test-dir/MiniOzoneClusterImpl-0a2dcee8-4d86-4433-abec-1f16422e5815/datanode-0/data/ratis to VolumeSet
2021-08-16 11:42:50,106 [Listener at 127.0.0.1/39025] INFO  volume.ThrottledAsyncChecker (ThrottledAsyncChecker.java:schedule(141)) - Scheduling a check for /home/runner/work/ozone/ozone/hadoop-ozone/integration-test/target/test-dir/MiniOzoneClusterImpl-0a2dcee8-4d86-4433-abec-1f16422e5815/datanode-0/data/ratis
2021-08-16 11:42:50,109 [Listener at 127.0.0.1/39025] INFO  volume.StorageVolumeChecker (StorageVolumeChecker.java:checkAllVolumes(202)) - Scheduled health check for volume /home/runner/work/ozone/ozone/hadoop-ozone/integration-test/target/test-dir/MiniOzoneClusterImpl-0a2dcee8-4d86-4433-abec-1f16422e5815/datanode-0/data/ratis
2021-08-16 11:42:50,157 [Listener at 127.0.0.1/39025] INFO  ozoneimpl.ContainerReader (ContainerReader.java:<init>(98)) - Running in upgrade mode:true
2021-08-16 11:42:50,165 [Thread-903] INFO  ozoneimpl.ContainerReader (ContainerReader.java:readVolume(142)) - Start to verify containers on volume /home/runner/work/ozone/ozone/hadoop-ozone/integration-test/target/test-dir/MiniOzoneClusterImpl-0a2dcee8-4d86-4433-abec-1f16422e5815/datanode-0/data-0/containers/hdds
2021-08-16 11:42:50,165 [Thread-903] INFO  ozoneimpl.ContainerReader (ContainerReader.java:readVolume(174)) - Finish verifying containers on volume /home/runner/work/ozone/ozone/hadoop-ozone/integration-test/target/test-dir/MiniOzoneClusterImpl-0a2dcee8-4d86-4433-abec-1f16422e5815/datanode-0/data-0/containers/hdds
2021-08-16 11:42:50,165 [Listener at 127.0.0.1/39025] INFO  ozoneimpl.OzoneContainer (OzoneContainer.java:buildContainerSet(237)) - Build ContainerSet costs 0s
2021-08-16 11:42:50,167 [Listener at 127.0.0.1/39025] INFO  server.RaftServer (ConfUtils.java:logGet(44)) - raft.rpc.type = GRPC (default)
2021-08-16 11:42:50,168 [Listener at 127.0.0.1/39025] INFO  grpc.GrpcFactory (GrpcFactory.java:checkPooledByteBufAllocatorUseCacheForAllThreads(48)) - PERFORMANCE WARNING: useCacheForAllThreads is true that may cause Netty to create a lot garbage objects and, as a result, trigger GC.
	It is recommended to disable useCacheForAllThreads by setting -Dorg.apache.ratis.thirdparty.io.netty.allocator.useCacheForAllThreads=false in command line.
2021-08-16 11:42:50,169 [Listener at 127.0.0.1/39025] INFO  grpc.GrpcConfigKeys (ConfUtils.java:logGet(44)) - raft.grpc.admin.port = 0 (custom)
2021-08-16 11:42:50,169 [Listener at 127.0.0.1/39025] INFO  grpc.GrpcConfigKeys (ConfUtils.java:logGet(44)) - raft.grpc.client.port = 0 (custom)
2021-08-16 11:42:50,169 [Listener at 127.0.0.1/39025] INFO  grpc.GrpcConfigKeys (ConfUtils.java:logGet(44)) - raft.grpc.server.port = 0 (default)
2021-08-16 11:42:50,169 [Listener at 127.0.0.1/39025] INFO  server.GrpcService (ConfUtils.java:logGet(44)) - raft.grpc.message.size.max = 32MB (=33554432) (custom)
2021-08-16 11:42:50,169 [Listener at 127.0.0.1/39025] INFO  server.RaftServerConfigKeys (ConfUtils.java:logGet(44)) - raft.server.log.appender.buffer.byte-limit = 33554432 (custom)
2021-08-16 11:42:50,169 [Listener at 127.0.0.1/39025] INFO  server.GrpcService (ConfUtils.java:logGet(44)) - raft.grpc.flow.control.window = 5MB (=5242880) (custom)
2021-08-16 11:42:50,169 [Listener at 127.0.0.1/39025] INFO  server.RaftServerConfigKeys (ConfUtils.java:logGet(44)) - raft.server.rpc.request.timeout = 60s (custom)
2021-08-16 11:42:50,170 [Listener at 127.0.0.1/39025] INFO  impl.DataStreamServerImpl (ConfUtils.java:logGet(44)) - raft.datastream.type = DISABLED (default)
2021-08-16 11:42:50,171 [Listener at 127.0.0.1/39025] INFO  server.RaftServerConfigKeys (ConfUtils.java:logGet(44)) - raft.server.rpc.slowness.timeout = 300s (custom)
2021-08-16 11:42:50,171 [Listener at 127.0.0.1/39025] INFO  server.RaftServerConfigKeys (ConfUtils.java:logGet(44)) - raft.server.leaderelection.leader.step-down.wait-time = 10s (default)
2021-08-16 11:42:50,171 [Listener at 127.0.0.1/39025] INFO  server.RaftServerConfigKeys (ConfUtils.java:logGet(44)) - raft.server.storage.dir = [/home/runner/work/ozone/ozone/hadoop-ozone/integration-test/target/test-dir/MiniOzoneClusterImpl-0a2dcee8-4d86-4433-abec-1f16422e5815/datanode-0/data/ratis] (custom)
2021-08-16 11:42:50,190 [Listener at 127.0.0.1/39025] INFO  http.BaseHttpServer (BaseHttpServer.java:newHttpServer2BuilderForOzone(209)) - Starting Web-server for hddsDatanode at: http://0.0.0.0:0
2021-08-16 11:42:50,190 [Listener at 127.0.0.1/39025] INFO  http.BaseHttpServer (BaseHttpServer.java:<init>(107)) - Hadoop Security Enabled: false Ozone Security Enabled: false Ozone HTTP Security Enabled: false 
2021-08-16 11:42:50,191 [Listener at 127.0.0.1/39025] INFO  server.AuthenticationFilter (AuthenticationFilter.java:constructSecretProvider(240)) - Unable to initialize FileSignerSecretProvider, falling back to use random secrets.
2021-08-16 11:42:50,197 [Listener at 127.0.0.1/39025] WARN  http.HttpRequestLog (HttpRequestLog.java:getRequestLog(103)) - Jetty request log can only be enabled using Log4j
2021-08-16 11:42:50,198 [Listener at 127.0.0.1/39025] INFO  http.HttpServer2 (HttpServer2.java:addGlobalFilter(1020)) - Added global filter 'safety' (class=org.apache.hadoop.hdds.server.http.HttpServer2$QuotingInputFilter)
2021-08-16 11:42:50,198 [Listener at 127.0.0.1/39025] INFO  http.HttpServer2 (HttpServer2.java:addFilter(996)) - Added filter static_user_filter (class=org.apache.hadoop.http.lib.StaticUserWebFilter$StaticUserFilter) to context hddsDatanode
2021-08-16 11:42:50,199 [Listener at 127.0.0.1/39025] INFO  http.HttpServer2 (HttpServer2.java:addFilter(1004)) - Added filter static_user_filter (class=org.apache.hadoop.http.lib.StaticUserWebFilter$StaticUserFilter) to context static
2021-08-16 11:42:50,199 [Listener at 127.0.0.1/39025] INFO  http.HttpServer2 (HttpServer2.java:addFilter(1004)) - Added filter static_user_filter (class=org.apache.hadoop.http.lib.StaticUserWebFilter$StaticUserFilter) to context logs
2021-08-16 11:42:50,199 [Listener at 127.0.0.1/39025] INFO  http.HttpServer2 (HttpServer2.java:bindListener(1239)) - Jetty bound to port 45333
2021-08-16 11:42:50,199 [Listener at 127.0.0.1/39025] INFO  server.Server (Server.java:doStart(375)) - jetty-9.4.43.v20210629; built: 2021-06-30T11:07:22.254Z; git: 526006ecfa3af7f1a27ef3a288e2bef7ea9dd7e8; jvm 1.8.0_292-b10
2021-08-16 11:42:50,201 [Listener at 127.0.0.1/39025] INFO  server.session (DefaultSessionIdManager.java:doStart(334)) - DefaultSessionIdManager workerName=node0
2021-08-16 11:42:50,201 [Listener at 127.0.0.1/39025] INFO  server.session (DefaultSessionIdManager.java:doStart(339)) - No SessionScavenger set, using defaults
2021-08-16 11:42:50,201 [Listener at 127.0.0.1/39025] INFO  server.session (HouseKeeper.java:startScavenging(132)) - node0 Scavenging every 600000ms
2021-08-16 11:42:50,233 [Listener at 127.0.0.1/39025] INFO  handler.ContextHandler (ContextHandler.java:doStart(915)) - Started o.e.j.s.ServletContextHandler@2215cb1a{logs,/logs,file:///home/runner/work/ozone/ozone/hadoop-ozone/integration-test/target/log,AVAILABLE}
2021-08-16 11:42:50,233 [Listener at 127.0.0.1/39025] INFO  handler.ContextHandler (ContextHandler.java:doStart(915)) - Started o.e.j.s.ServletContextHandler@762887b2{static,/static,jar:file:/home/runner/.m2/repository/org/apache/ozone/hdds-container-service/1.2.0-SNAPSHOT/hdds-container-service-1.2.0-SNAPSHOT.jar!/webapps/static,AVAILABLE}
2021-08-16 11:42:50,365 [Listener at 127.0.0.1/39025] INFO  handler.ContextHandler (ContextHandler.java:doStart(915)) - Started o.e.j.w.WebAppContext@3e7bd8e0{hddsDatanode,/,file:///tmp/jetty-0_0_0_0-45333-hdds-container-service-1_2_0-SNAPSHOT_jar-_-any-5427370248753399566/webapp/,AVAILABLE}{jar:file:/home/runner/.m2/repository/org/apache/ozone/hdds-container-service/1.2.0-SNAPSHOT/hdds-container-service-1.2.0-SNAPSHOT.jar!/webapps/hddsDatanode}
2021-08-16 11:42:50,385 [Listener at 127.0.0.1/39025] INFO  server.AbstractConnector (AbstractConnector.java:doStart(331)) - Started ServerConnector@233c27a7{HTTP/1.1, (http/1.1)}{0.0.0.0:45333}
2021-08-16 11:42:50,385 [Listener at 127.0.0.1/39025] INFO  server.Server (Server.java:doStart(415)) - Started @121761ms
2021-08-16 11:42:50,385 [Listener at 127.0.0.1/39025] WARN  impl.MetricsSystemImpl (MetricsSystemImpl.java:register(279)) - Sink prometheus already exists!
2021-08-16 11:42:50,389 [Listener at 127.0.0.1/39025] INFO  http.BaseHttpServer (BaseHttpServer.java:updateConnectorAddress(329)) - HTTP server of hddsDatanode listening at http://0.0.0.0:45333
2021-08-16 11:42:50,391 [Listener at 127.0.0.1/39025] WARN  impl.MetricRegistriesImpl (MetricRegistriesImpl.java:addReporterRegistration(111)) - New reporters are added after registries were created. Some metrics will be missing from the reporter. Please add reporter before adding any new registry.
2021-08-16 11:42:50,391 [Listener at 127.0.0.1/39025] WARN  impl.MetricRegistriesImpl (MetricRegistriesImpl.java:addReporterRegistration(111)) - New reporters are added after registries were created. Some metrics will be missing from the reporter. Please add reporter before adding any new registry.
2021-08-16 11:42:50,391 [Listener at 127.0.0.1/39025] INFO  impl.MetricsSystemImpl (MetricsSystemImpl.java:init(158)) - HddsDatanode metrics system started (again)
2021-08-16 11:42:50,429 [om1@group-C5BA1605619E-FollowerState] INFO  impl.FollowerState (FollowerState.java:run(134)) - om1@group-C5BA1605619E-FollowerState: change to CANDIDATE, lastRpcElapsedTime:1101125910ns, electionTimeout:1089ms
2021-08-16 11:42:50,429 [om1@group-C5BA1605619E-FollowerState] INFO  impl.RoleInfo (RoleInfo.java:shutdownFollowerState(108)) - om1: shutdown om1@group-C5BA1605619E-FollowerState
2021-08-16 11:42:50,429 [om1@group-C5BA1605619E-FollowerState] INFO  server.RaftServer$Division (RaftServerImpl.java:setRole(285)) - om1@group-C5BA1605619E: changes role from  FOLLOWER to CANDIDATE at term 0 for changeToCandidate
2021-08-16 11:42:50,429 [om1@group-C5BA1605619E-FollowerState] INFO  server.RaftServerConfigKeys (ConfUtils.java:logGet(44)) - raft.server.leaderelection.pre-vote = false (custom)
2021-08-16 11:42:50,429 [om1@group-C5BA1605619E-FollowerState] INFO  impl.RoleInfo (RoleInfo.java:updateAndGet(130)) - om1: start om1@group-C5BA1605619E-LeaderElection37
2021-08-16 11:42:50,470 [om1@group-C5BA1605619E-LeaderElection37] INFO  impl.LeaderElection (LeaderElection.java:askForVotes(306)) - om1@group-C5BA1605619E-LeaderElection37 ELECTION round 0: submit vote requests at term 1 for -1: [om1|rpc:localhost:9872|priority:0], old=null
2021-08-16 11:42:50,470 [om1@group-C5BA1605619E-LeaderElection37] INFO  impl.LeaderElection (LeaderElection.java:askForVotes(308)) - om1@group-C5BA1605619E-LeaderElection37 ELECTION round 0: result PASSED (term=1)
2021-08-16 11:42:50,470 [om1@group-C5BA1605619E-LeaderElection37] INFO  impl.RoleInfo (RoleInfo.java:shutdownLeaderElection(121)) - om1: shutdown om1@group-C5BA1605619E-LeaderElection37
2021-08-16 11:42:50,470 [om1@group-C5BA1605619E-LeaderElection37] INFO  server.RaftServer$Division (RaftServerImpl.java:setRole(285)) - om1@group-C5BA1605619E: changes role from CANDIDATE to LEADER at term 1 for changeToLeader
2021-08-16 11:42:50,470 [om1@group-C5BA1605619E-LeaderElection37] INFO  server.RaftServer$Division (ServerState.java:setLeader(285)) - om1@group-C5BA1605619E: change Leader from null to om1 at term 1 for becomeLeader, leader elected after 1232ms
2021-08-16 11:42:50,470 [om1@group-C5BA1605619E-LeaderElection37] INFO  server.RaftServerConfigKeys (ConfUtils.java:logGet(44)) - raft.server.staging.catchup.gap = 1000 (default)
2021-08-16 11:42:50,553 [Listener at 127.0.0.1/39025] INFO  ozone.HddsDatanodeService (HddsDatanodeService.java:start(234)) - HddsDatanodeService host:fv-az270-213.tacnzluakwdehk1hpragurqkma.bx.internal.cloudapp.net ip:10.1.0.5
2021-08-16 11:42:50,561 [om1@group-C5BA1605619E-LeaderElection37] INFO  server.RaftServerConfigKeys (ConfUtils.java:logGet(44)) - raft.server.write.element-limit = 4096 (default)
2021-08-16 11:42:50,561 [om1@group-C5BA1605619E-LeaderElection37] INFO  server.RaftServerConfigKeys (ConfUtils.java:logGet(44)) - raft.server.write.byte-limit = 64MB (=67108864) (default)
2021-08-16 11:42:50,561 [om1@group-C5BA1605619E-LeaderElection37] INFO  server.RaftServerConfigKeys (ConfUtils.java:logGet(44)) - raft.server.watch.timeout = 10s (default)
2021-08-16 11:42:50,561 [om1@group-C5BA1605619E-LeaderElection37] INFO  server.RaftServerConfigKeys (ConfUtils.java:logGet(44)) - raft.server.watch.timeout.denomination = 1s (default)
2021-08-16 11:42:50,562 [om1@group-C5BA1605619E-LeaderElection37] INFO  server.RaftServerConfigKeys (ConfUtils.java:logGet(44)) - raft.server.watch.element-limit = 65536 (default)
2021-08-16 11:42:50,562 [om1@group-C5BA1605619E-LeaderElection37] INFO  impl.RoleInfo (RoleInfo.java:updateAndGet(130)) - om1: start om1@group-C5BA1605619E-LeaderStateImpl
2021-08-16 11:42:50,562 [om1@group-C5BA1605619E-LeaderElection37] INFO  segmented.SegmentedRaftLogWorker (SegmentedRaftLogWorker.java:startLogSegment(394)) - om1@group-C5BA1605619E-SegmentedRaftLogWorker: Starting segment from index:0
2021-08-16 11:42:50,579 [org.apache.hadoop.util.JvmPauseMonitor$Monitor@7f00cdb3] INFO  util.JvmPauseMonitor (JvmPauseMonitor.java:run(188)) - Starting JVM pause monitor
2021-08-16 11:42:50,601 [om1@group-C5BA1605619E-SegmentedRaftLogWorker] INFO  segmented.SegmentedRaftLogWorker (SegmentedRaftLogWorker.java:execute(601)) - om1@group-C5BA1605619E-SegmentedRaftLogWorker: created new log segment /home/runner/work/ozone/ozone/hadoop-ozone/integration-test/target/test-dir/MiniOzoneClusterImpl-0a2dcee8-4d86-4433-abec-1f16422e5815/ozone-meta/ratis/bf265839-605b-3f16-9796-c5ba1605619e/current/log_inprogress_0
2021-08-16 11:42:50,613 [Listener at 127.0.0.1/39025] INFO  upgrade.AbstractLayoutVersionManager (AbstractLayoutVersionManager.java:init(70)) - Initializing Layout version manager with metadata layout = SCM_HA (version = 2), software layout = SCM_HA (version = 2)
2021-08-16 11:42:50,627 [om1@group-C5BA1605619E-LeaderElection37] INFO  server.RaftServer$Division (ServerState.java:setRaftConf(387)) - om1@group-C5BA1605619E: set configuration 0: [om1|rpc:localhost:9872|admin:|client:|dataStream:|priority:0], old=null
2021-08-16 11:42:50,643 [Datanode State Machine Task Thread - 0] INFO  datanode.InitDatanodeState (InitDatanodeState.java:persistContainerDatanodeDetails(145)) - DatanodeDetails is persisted to /home/runner/work/ozone/ozone/hadoop-ozone/integration-test/target/test-dir/MiniOzoneClusterImpl-0a2dcee8-4d86-4433-abec-1f16422e5815/datanode-0/meta/datanode.id
2021-08-16 11:42:50,647 [om1@group-C5BA1605619E-StateMachineUpdater] INFO  ratis.OzoneManagerStateMachine (OzoneManagerStateMachine.java:notifyConfigurationChanged(188)) - Received Configuration change notification from Ratis. New Peer list:
[id: "om1"
address: "localhost:9872"
]
2021-08-16 11:42:50,813 [Listener at 127.0.0.1/39025] INFO  reflections.Reflections (Reflections.java:scan(232)) - Reflections took 167 ms to scan 7 urls, producing 120 keys and 275 values 
2021-08-16 11:42:50,848 [Listener at 127.0.0.1/39025] INFO  volume.HddsVolume (HddsVolume.java:<init>(120)) - Creating HddsVolume: /home/runner/work/ozone/ozone/hadoop-ozone/integration-test/target/test-dir/MiniOzoneClusterImpl-0a2dcee8-4d86-4433-abec-1f16422e5815/datanode-1/data-0/containers/hdds of storage type : DISK capacity : 9223372036854775807
2021-08-16 11:42:50,848 [Listener at 127.0.0.1/39025] INFO  volume.MutableVolumeSet (MutableVolumeSet.java:initializeVolumeSet(181)) - Added Volume : /home/runner/work/ozone/ozone/hadoop-ozone/integration-test/target/test-dir/MiniOzoneClusterImpl-0a2dcee8-4d86-4433-abec-1f16422e5815/datanode-1/data-0/containers/hdds to VolumeSet
2021-08-16 11:42:50,848 [Listener at 127.0.0.1/39025] INFO  volume.ThrottledAsyncChecker (ThrottledAsyncChecker.java:schedule(141)) - Scheduling a check for /home/runner/work/ozone/ozone/hadoop-ozone/integration-test/target/test-dir/MiniOzoneClusterImpl-0a2dcee8-4d86-4433-abec-1f16422e5815/datanode-1/data-0/containers/hdds
2021-08-16 11:42:50,867 [Listener at 127.0.0.1/39025] INFO  volume.StorageVolumeChecker (StorageVolumeChecker.java:checkAllVolumes(202)) - Scheduled health check for volume /home/runner/work/ozone/ozone/hadoop-ozone/integration-test/target/test-dir/MiniOzoneClusterImpl-0a2dcee8-4d86-4433-abec-1f16422e5815/datanode-1/data-0/containers/hdds
2021-08-16 11:42:50,893 [Listener at 127.0.0.1/39025] INFO  volume.MutableVolumeSet (MutableVolumeSet.java:initializeVolumeSet(181)) - Added Volume : /home/runner/work/ozone/ozone/hadoop-ozone/integration-test/target/test-dir/MiniOzoneClusterImpl-0a2dcee8-4d86-4433-abec-1f16422e5815/datanode-1/data/ratis to VolumeSet
2021-08-16 11:42:50,893 [Listener at 127.0.0.1/39025] INFO  volume.ThrottledAsyncChecker (ThrottledAsyncChecker.java:schedule(141)) - Scheduling a check for /home/runner/work/ozone/ozone/hadoop-ozone/integration-test/target/test-dir/MiniOzoneClusterImpl-0a2dcee8-4d86-4433-abec-1f16422e5815/datanode-1/data/ratis
2021-08-16 11:42:50,894 [Listener at 127.0.0.1/39025] INFO  volume.StorageVolumeChecker (StorageVolumeChecker.java:checkAllVolumes(202)) - Scheduled health check for volume /home/runner/work/ozone/ozone/hadoop-ozone/integration-test/target/test-dir/MiniOzoneClusterImpl-0a2dcee8-4d86-4433-abec-1f16422e5815/datanode-1/data/ratis
2021-08-16 11:42:50,954 [Listener at 127.0.0.1/39025] INFO  ozoneimpl.ContainerReader (ContainerReader.java:<init>(98)) - Running in upgrade mode:true
2021-08-16 11:42:50,954 [Thread-917] INFO  ozoneimpl.ContainerReader (ContainerReader.java:readVolume(142)) - Start to verify containers on volume /home/runner/work/ozone/ozone/hadoop-ozone/integration-test/target/test-dir/MiniOzoneClusterImpl-0a2dcee8-4d86-4433-abec-1f16422e5815/datanode-1/data-0/containers/hdds
2021-08-16 11:42:50,954 [Thread-917] INFO  ozoneimpl.ContainerReader (ContainerReader.java:readVolume(174)) - Finish verifying containers on volume /home/runner/work/ozone/ozone/hadoop-ozone/integration-test/target/test-dir/MiniOzoneClusterImpl-0a2dcee8-4d86-4433-abec-1f16422e5815/datanode-1/data-0/containers/hdds
2021-08-16 11:42:50,954 [Listener at 127.0.0.1/39025] INFO  ozoneimpl.OzoneContainer (OzoneContainer.java:buildContainerSet(237)) - Build ContainerSet costs 0s
2021-08-16 11:42:50,956 [Listener at 127.0.0.1/39025] INFO  server.RaftServer (ConfUtils.java:logGet(44)) - raft.rpc.type = GRPC (default)
2021-08-16 11:42:50,956 [Listener at 127.0.0.1/39025] INFO  grpc.GrpcFactory (GrpcFactory.java:checkPooledByteBufAllocatorUseCacheForAllThreads(48)) - PERFORMANCE WARNING: useCacheForAllThreads is true that may cause Netty to create a lot garbage objects and, as a result, trigger GC.
	It is recommended to disable useCacheForAllThreads by setting -Dorg.apache.ratis.thirdparty.io.netty.allocator.useCacheForAllThreads=false in command line.
2021-08-16 11:42:50,956 [Listener at 127.0.0.1/39025] INFO  grpc.GrpcConfigKeys (ConfUtils.java:logGet(44)) - raft.grpc.admin.port = 0 (custom)
2021-08-16 11:42:50,957 [Listener at 127.0.0.1/39025] INFO  grpc.GrpcConfigKeys (ConfUtils.java:logGet(44)) - raft.grpc.client.port = 0 (custom)
2021-08-16 11:42:50,957 [Listener at 127.0.0.1/39025] INFO  grpc.GrpcConfigKeys (ConfUtils.java:logGet(44)) - raft.grpc.server.port = 0 (default)
2021-08-16 11:42:50,957 [Listener at 127.0.0.1/39025] INFO  server.GrpcService (ConfUtils.java:logGet(44)) - raft.grpc.message.size.max = 32MB (=33554432) (custom)
2021-08-16 11:42:50,957 [Listener at 127.0.0.1/39025] INFO  server.RaftServerConfigKeys (ConfUtils.java:logGet(44)) - raft.server.log.appender.buffer.byte-limit = 33554432 (custom)
2021-08-16 11:42:50,957 [Listener at 127.0.0.1/39025] INFO  server.GrpcService (ConfUtils.java:logGet(44)) - raft.grpc.flow.control.window = 5MB (=5242880) (custom)
2021-08-16 11:42:50,957 [Listener at 127.0.0.1/39025] INFO  server.RaftServerConfigKeys (ConfUtils.java:logGet(44)) - raft.server.rpc.request.timeout = 60s (custom)
2021-08-16 11:42:50,958 [Listener at 127.0.0.1/39025] INFO  impl.DataStreamServerImpl (ConfUtils.java:logGet(44)) - raft.datastream.type = DISABLED (default)
2021-08-16 11:42:50,959 [Listener at 127.0.0.1/39025] INFO  server.RaftServerConfigKeys (ConfUtils.java:logGet(44)) - raft.server.rpc.slowness.timeout = 300s (custom)
2021-08-16 11:42:50,959 [Listener at 127.0.0.1/39025] INFO  server.RaftServerConfigKeys (ConfUtils.java:logGet(44)) - raft.server.leaderelection.leader.step-down.wait-time = 10s (default)
2021-08-16 11:42:50,959 [Listener at 127.0.0.1/39025] INFO  server.RaftServerConfigKeys (ConfUtils.java:logGet(44)) - raft.server.storage.dir = [/home/runner/work/ozone/ozone/hadoop-ozone/integration-test/target/test-dir/MiniOzoneClusterImpl-0a2dcee8-4d86-4433-abec-1f16422e5815/datanode-1/data/ratis] (custom)
2021-08-16 11:42:50,973 [Listener at 127.0.0.1/39025] INFO  http.BaseHttpServer (BaseHttpServer.java:newHttpServer2BuilderForOzone(209)) - Starting Web-server for hddsDatanode at: http://0.0.0.0:0
2021-08-16 11:42:50,973 [Listener at 127.0.0.1/39025] INFO  http.BaseHttpServer (BaseHttpServer.java:<init>(107)) - Hadoop Security Enabled: false Ozone Security Enabled: false Ozone HTTP Security Enabled: false 
2021-08-16 11:42:50,974 [Listener at 127.0.0.1/39025] INFO  server.AuthenticationFilter (AuthenticationFilter.java:constructSecretProvider(240)) - Unable to initialize FileSignerSecretProvider, falling back to use random secrets.
2021-08-16 11:42:50,977 [Listener at 127.0.0.1/39025] WARN  http.HttpRequestLog (HttpRequestLog.java:getRequestLog(103)) - Jetty request log can only be enabled using Log4j
2021-08-16 11:42:50,977 [Listener at 127.0.0.1/39025] INFO  http.HttpServer2 (HttpServer2.java:addGlobalFilter(1020)) - Added global filter 'safety' (class=org.apache.hadoop.hdds.server.http.HttpServer2$QuotingInputFilter)
2021-08-16 11:42:50,978 [Listener at 127.0.0.1/39025] INFO  http.HttpServer2 (HttpServer2.java:addFilter(996)) - Added filter static_user_filter (class=org.apache.hadoop.http.lib.StaticUserWebFilter$StaticUserFilter) to context hddsDatanode
2021-08-16 11:42:50,978 [Listener at 127.0.0.1/39025] INFO  http.HttpServer2 (HttpServer2.java:addFilter(1004)) - Added filter static_user_filter (class=org.apache.hadoop.http.lib.StaticUserWebFilter$StaticUserFilter) to context static
2021-08-16 11:42:50,978 [Listener at 127.0.0.1/39025] INFO  http.HttpServer2 (HttpServer2.java:addFilter(1004)) - Added filter static_user_filter (class=org.apache.hadoop.http.lib.StaticUserWebFilter$StaticUserFilter) to context logs
2021-08-16 11:42:50,978 [Listener at 127.0.0.1/39025] INFO  http.HttpServer2 (HttpServer2.java:bindListener(1239)) - Jetty bound to port 36813
2021-08-16 11:42:50,979 [Listener at 127.0.0.1/39025] INFO  server.Server (Server.java:doStart(375)) - jetty-9.4.43.v20210629; built: 2021-06-30T11:07:22.254Z; git: 526006ecfa3af7f1a27ef3a288e2bef7ea9dd7e8; jvm 1.8.0_292-b10
2021-08-16 11:42:51,011 [Listener at 127.0.0.1/39025] INFO  server.session (DefaultSessionIdManager.java:doStart(334)) - DefaultSessionIdManager workerName=node0
2021-08-16 11:42:51,012 [Listener at 127.0.0.1/39025] INFO  server.session (DefaultSessionIdManager.java:doStart(339)) - No SessionScavenger set, using defaults
2021-08-16 11:42:51,012 [Listener at 127.0.0.1/39025] INFO  server.session (HouseKeeper.java:startScavenging(132)) - node0 Scavenging every 660000ms
2021-08-16 11:42:51,020 [Listener at 127.0.0.1/39025] INFO  handler.ContextHandler (ContextHandler.java:doStart(915)) - Started o.e.j.s.ServletContextHandler@4777c3e1{logs,/logs,file:///home/runner/work/ozone/ozone/hadoop-ozone/integration-test/target/log,AVAILABLE}
2021-08-16 11:42:51,021 [Listener at 127.0.0.1/39025] INFO  handler.ContextHandler (ContextHandler.java:doStart(915)) - Started o.e.j.s.ServletContextHandler@6097aad7{static,/static,jar:file:/home/runner/.m2/repository/org/apache/ozone/hdds-container-service/1.2.0-SNAPSHOT/hdds-container-service-1.2.0-SNAPSHOT.jar!/webapps/static,AVAILABLE}
2021-08-16 11:42:51,208 [Listener at 127.0.0.1/39025] INFO  handler.ContextHandler (ContextHandler.java:doStart(915)) - Started o.e.j.w.WebAppContext@e45cde9{hddsDatanode,/,file:///tmp/jetty-0_0_0_0-36813-hdds-container-service-1_2_0-SNAPSHOT_jar-_-any-1337289392542981337/webapp/,AVAILABLE}{jar:file:/home/runner/.m2/repository/org/apache/ozone/hdds-container-service/1.2.0-SNAPSHOT/hdds-container-service-1.2.0-SNAPSHOT.jar!/webapps/hddsDatanode}
2021-08-16 11:42:51,210 [Listener at 127.0.0.1/39025] INFO  server.AbstractConnector (AbstractConnector.java:doStart(331)) - Started ServerConnector@15c7f65a{HTTP/1.1, (http/1.1)}{0.0.0.0:36813}
2021-08-16 11:42:51,210 [Listener at 127.0.0.1/39025] INFO  server.Server (Server.java:doStart(415)) - Started @122585ms
2021-08-16 11:42:51,210 [Listener at 127.0.0.1/39025] WARN  impl.MetricsSystemImpl (MetricsSystemImpl.java:register(279)) - Sink prometheus already exists!
2021-08-16 11:42:51,210 [Listener at 127.0.0.1/39025] INFO  http.BaseHttpServer (BaseHttpServer.java:updateConnectorAddress(329)) - HTTP server of hddsDatanode listening at http://0.0.0.0:36813
2021-08-16 11:42:51,211 [Listener at 127.0.0.1/39025] WARN  impl.MetricRegistriesImpl (MetricRegistriesImpl.java:addReporterRegistration(111)) - New reporters are added after registries were created. Some metrics will be missing from the reporter. Please add reporter before adding any new registry.
2021-08-16 11:42:51,211 [Listener at 127.0.0.1/39025] WARN  impl.MetricRegistriesImpl (MetricRegistriesImpl.java:addReporterRegistration(111)) - New reporters are added after registries were created. Some metrics will be missing from the reporter. Please add reporter before adding any new registry.
2021-08-16 11:42:51,211 [Listener at 127.0.0.1/39025] INFO  impl.MetricsSystemImpl (MetricsSystemImpl.java:init(158)) - HddsDatanode metrics system started (again)
2021-08-16 11:42:51,294 [org.apache.hadoop.util.JvmPauseMonitor$Monitor@60ec4da2] INFO  util.JvmPauseMonitor (JvmPauseMonitor.java:run(188)) - Starting JVM pause monitor
2021-08-16 11:42:51,296 [Listener at 127.0.0.1/39025] INFO  ozone.HddsDatanodeService (HddsDatanodeService.java:start(234)) - HddsDatanodeService host:fv-az270-213.tacnzluakwdehk1hpragurqkma.bx.internal.cloudapp.net ip:10.1.0.5
2021-08-16 11:42:51,338 [Datanode State Machine Task Thread - 0] INFO  datanode.InitDatanodeState (InitDatanodeState.java:persistContainerDatanodeDetails(145)) - DatanodeDetails is persisted to /home/runner/work/ozone/ozone/hadoop-ozone/integration-test/target/test-dir/MiniOzoneClusterImpl-0a2dcee8-4d86-4433-abec-1f16422e5815/datanode-1/meta/datanode.id
2021-08-16 11:42:51,353 [Listener at 127.0.0.1/39025] INFO  upgrade.AbstractLayoutVersionManager (AbstractLayoutVersionManager.java:init(70)) - Initializing Layout version manager with metadata layout = SCM_HA (version = 2), software layout = SCM_HA (version = 2)
2021-08-16 11:42:51,564 [Listener at 127.0.0.1/39025] INFO  reflections.Reflections (Reflections.java:scan(232)) - Reflections took 191 ms to scan 7 urls, producing 120 keys and 275 values 
2021-08-16 11:42:51,611 [Listener at 127.0.0.1/39025] INFO  volume.HddsVolume (HddsVolume.java:<init>(120)) - Creating HddsVolume: /home/runner/work/ozone/ozone/hadoop-ozone/integration-test/target/test-dir/MiniOzoneClusterImpl-0a2dcee8-4d86-4433-abec-1f16422e5815/datanode-2/data-0/containers/hdds of storage type : DISK capacity : 9223372036854775807
2021-08-16 11:42:51,611 [Listener at 127.0.0.1/39025] INFO  volume.MutableVolumeSet (MutableVolumeSet.java:initializeVolumeSet(181)) - Added Volume : /home/runner/work/ozone/ozone/hadoop-ozone/integration-test/target/test-dir/MiniOzoneClusterImpl-0a2dcee8-4d86-4433-abec-1f16422e5815/datanode-2/data-0/containers/hdds to VolumeSet
2021-08-16 11:42:51,612 [Listener at 127.0.0.1/39025] INFO  volume.ThrottledAsyncChecker (ThrottledAsyncChecker.java:schedule(141)) - Scheduling a check for /home/runner/work/ozone/ozone/hadoop-ozone/integration-test/target/test-dir/MiniOzoneClusterImpl-0a2dcee8-4d86-4433-abec-1f16422e5815/datanode-2/data-0/containers/hdds
2021-08-16 11:42:51,625 [Listener at 127.0.0.1/39025] INFO  volume.StorageVolumeChecker (StorageVolumeChecker.java:checkAllVolumes(202)) - Scheduled health check for volume /home/runner/work/ozone/ozone/hadoop-ozone/integration-test/target/test-dir/MiniOzoneClusterImpl-0a2dcee8-4d86-4433-abec-1f16422e5815/datanode-2/data-0/containers/hdds
2021-08-16 11:42:51,649 [Listener at 127.0.0.1/39025] INFO  volume.MutableVolumeSet (MutableVolumeSet.java:initializeVolumeSet(181)) - Added Volume : /home/runner/work/ozone/ozone/hadoop-ozone/integration-test/target/test-dir/MiniOzoneClusterImpl-0a2dcee8-4d86-4433-abec-1f16422e5815/datanode-2/data/ratis to VolumeSet
2021-08-16 11:42:51,649 [Listener at 127.0.0.1/39025] INFO  volume.ThrottledAsyncChecker (ThrottledAsyncChecker.java:schedule(141)) - Scheduling a check for /home/runner/work/ozone/ozone/hadoop-ozone/integration-test/target/test-dir/MiniOzoneClusterImpl-0a2dcee8-4d86-4433-abec-1f16422e5815/datanode-2/data/ratis
2021-08-16 11:42:51,649 [Listener at 127.0.0.1/39025] INFO  volume.StorageVolumeChecker (StorageVolumeChecker.java:checkAllVolumes(202)) - Scheduled health check for volume /home/runner/work/ozone/ozone/hadoop-ozone/integration-test/target/test-dir/MiniOzoneClusterImpl-0a2dcee8-4d86-4433-abec-1f16422e5815/datanode-2/data/ratis
2021-08-16 11:42:51,696 [Listener at 127.0.0.1/39025] INFO  ozoneimpl.ContainerReader (ContainerReader.java:<init>(98)) - Running in upgrade mode:true
2021-08-16 11:42:51,696 [Thread-929] INFO  ozoneimpl.ContainerReader (ContainerReader.java:readVolume(142)) - Start to verify containers on volume /home/runner/work/ozone/ozone/hadoop-ozone/integration-test/target/test-dir/MiniOzoneClusterImpl-0a2dcee8-4d86-4433-abec-1f16422e5815/datanode-2/data-0/containers/hdds
2021-08-16 11:42:51,696 [Thread-929] INFO  ozoneimpl.ContainerReader (ContainerReader.java:readVolume(174)) - Finish verifying containers on volume /home/runner/work/ozone/ozone/hadoop-ozone/integration-test/target/test-dir/MiniOzoneClusterImpl-0a2dcee8-4d86-4433-abec-1f16422e5815/datanode-2/data-0/containers/hdds
2021-08-16 11:42:51,696 [Listener at 127.0.0.1/39025] INFO  ozoneimpl.OzoneContainer (OzoneContainer.java:buildContainerSet(237)) - Build ContainerSet costs 0s
2021-08-16 11:42:51,705 [Listener at 127.0.0.1/39025] INFO  server.RaftServer (ConfUtils.java:logGet(44)) - raft.rpc.type = GRPC (default)
2021-08-16 11:42:51,705 [Listener at 127.0.0.1/39025] INFO  grpc.GrpcFactory (GrpcFactory.java:checkPooledByteBufAllocatorUseCacheForAllThreads(48)) - PERFORMANCE WARNING: useCacheForAllThreads is true that may cause Netty to create a lot garbage objects and, as a result, trigger GC.
	It is recommended to disable useCacheForAllThreads by setting -Dorg.apache.ratis.thirdparty.io.netty.allocator.useCacheForAllThreads=false in command line.
2021-08-16 11:42:51,705 [Listener at 127.0.0.1/39025] INFO  grpc.GrpcConfigKeys (ConfUtils.java:logGet(44)) - raft.grpc.admin.port = 0 (custom)
2021-08-16 11:42:51,706 [Listener at 127.0.0.1/39025] INFO  grpc.GrpcConfigKeys (ConfUtils.java:logGet(44)) - raft.grpc.client.port = 0 (custom)
2021-08-16 11:42:51,706 [Listener at 127.0.0.1/39025] INFO  grpc.GrpcConfigKeys (ConfUtils.java:logGet(44)) - raft.grpc.server.port = 0 (default)
2021-08-16 11:42:51,706 [Listener at 127.0.0.1/39025] INFO  server.GrpcService (ConfUtils.java:logGet(44)) - raft.grpc.message.size.max = 32MB (=33554432) (custom)
2021-08-16 11:42:51,706 [Listener at 127.0.0.1/39025] INFO  server.RaftServerConfigKeys (ConfUtils.java:logGet(44)) - raft.server.log.appender.buffer.byte-limit = 33554432 (custom)
2021-08-16 11:42:51,706 [Listener at 127.0.0.1/39025] INFO  server.GrpcService (ConfUtils.java:logGet(44)) - raft.grpc.flow.control.window = 5MB (=5242880) (custom)
2021-08-16 11:42:51,706 [Listener at 127.0.0.1/39025] INFO  server.RaftServerConfigKeys (ConfUtils.java:logGet(44)) - raft.server.rpc.request.timeout = 60s (custom)
2021-08-16 11:42:51,708 [Listener at 127.0.0.1/39025] INFO  impl.DataStreamServerImpl (ConfUtils.java:logGet(44)) - raft.datastream.type = DISABLED (default)
2021-08-16 11:42:51,708 [Listener at 127.0.0.1/39025] INFO  server.RaftServerConfigKeys (ConfUtils.java:logGet(44)) - raft.server.rpc.slowness.timeout = 300s (custom)
2021-08-16 11:42:51,713 [Listener at 127.0.0.1/39025] INFO  server.RaftServerConfigKeys (ConfUtils.java:logGet(44)) - raft.server.leaderelection.leader.step-down.wait-time = 10s (default)
2021-08-16 11:42:51,713 [Listener at 127.0.0.1/39025] INFO  server.RaftServerConfigKeys (ConfUtils.java:logGet(44)) - raft.server.storage.dir = [/home/runner/work/ozone/ozone/hadoop-ozone/integration-test/target/test-dir/MiniOzoneClusterImpl-0a2dcee8-4d86-4433-abec-1f16422e5815/datanode-2/data/ratis] (custom)
2021-08-16 11:42:51,725 [Listener at 127.0.0.1/39025] INFO  http.BaseHttpServer (BaseHttpServer.java:newHttpServer2BuilderForOzone(209)) - Starting Web-server for hddsDatanode at: http://0.0.0.0:0
2021-08-16 11:42:51,725 [Listener at 127.0.0.1/39025] INFO  http.BaseHttpServer (BaseHttpServer.java:<init>(107)) - Hadoop Security Enabled: false Ozone Security Enabled: false Ozone HTTP Security Enabled: false 
2021-08-16 11:42:51,726 [Listener at 127.0.0.1/39025] INFO  server.AuthenticationFilter (AuthenticationFilter.java:constructSecretProvider(240)) - Unable to initialize FileSignerSecretProvider, falling back to use random secrets.
2021-08-16 11:42:51,737 [Listener at 127.0.0.1/39025] WARN  http.HttpRequestLog (HttpRequestLog.java:getRequestLog(103)) - Jetty request log can only be enabled using Log4j
2021-08-16 11:42:51,738 [Listener at 127.0.0.1/39025] INFO  http.HttpServer2 (HttpServer2.java:addGlobalFilter(1020)) - Added global filter 'safety' (class=org.apache.hadoop.hdds.server.http.HttpServer2$QuotingInputFilter)
2021-08-16 11:42:51,738 [Listener at 127.0.0.1/39025] INFO  http.HttpServer2 (HttpServer2.java:addFilter(996)) - Added filter static_user_filter (class=org.apache.hadoop.http.lib.StaticUserWebFilter$StaticUserFilter) to context hddsDatanode
2021-08-16 11:42:51,741 [Listener at 127.0.0.1/39025] INFO  http.HttpServer2 (HttpServer2.java:addFilter(1004)) - Added filter static_user_filter (class=org.apache.hadoop.http.lib.StaticUserWebFilter$StaticUserFilter) to context static
2021-08-16 11:42:51,742 [Listener at 127.0.0.1/39025] INFO  http.HttpServer2 (HttpServer2.java:addFilter(1004)) - Added filter static_user_filter (class=org.apache.hadoop.http.lib.StaticUserWebFilter$StaticUserFilter) to context logs
2021-08-16 11:42:51,742 [Listener at 127.0.0.1/39025] INFO  http.HttpServer2 (HttpServer2.java:bindListener(1239)) - Jetty bound to port 35357
2021-08-16 11:42:51,749 [Listener at 127.0.0.1/39025] INFO  server.Server (Server.java:doStart(375)) - jetty-9.4.43.v20210629; built: 2021-06-30T11:07:22.254Z; git: 526006ecfa3af7f1a27ef3a288e2bef7ea9dd7e8; jvm 1.8.0_292-b10
2021-08-16 11:42:51,821 [Listener at 127.0.0.1/39025] INFO  server.session (DefaultSessionIdManager.java:doStart(334)) - DefaultSessionIdManager workerName=node0
2021-08-16 11:42:51,821 [Listener at 127.0.0.1/39025] INFO  server.session (DefaultSessionIdManager.java:doStart(339)) - No SessionScavenger set, using defaults
2021-08-16 11:42:51,821 [Listener at 127.0.0.1/39025] INFO  server.session (HouseKeeper.java:startScavenging(132)) - node0 Scavenging every 600000ms
2021-08-16 11:42:51,823 [Listener at 127.0.0.1/39025] INFO  handler.ContextHandler (ContextHandler.java:doStart(915)) - Started o.e.j.s.ServletContextHandler@2eb8f4e7{logs,/logs,file:///home/runner/work/ozone/ozone/hadoop-ozone/integration-test/target/log,AVAILABLE}
2021-08-16 11:42:51,824 [Listener at 127.0.0.1/39025] INFO  handler.ContextHandler (ContextHandler.java:doStart(915)) - Started o.e.j.s.ServletContextHandler@7eca4bff{static,/static,jar:file:/home/runner/.m2/repository/org/apache/ozone/hdds-container-service/1.2.0-SNAPSHOT/hdds-container-service-1.2.0-SNAPSHOT.jar!/webapps/static,AVAILABLE}
2021-08-16 11:42:51,915 [Listener at 127.0.0.1/39025] INFO  handler.ContextHandler (ContextHandler.java:doStart(915)) - Started o.e.j.w.WebAppContext@5c246e4b{hddsDatanode,/,file:///tmp/jetty-0_0_0_0-35357-hdds-container-service-1_2_0-SNAPSHOT_jar-_-any-6153594808085145588/webapp/,AVAILABLE}{jar:file:/home/runner/.m2/repository/org/apache/ozone/hdds-container-service/1.2.0-SNAPSHOT/hdds-container-service-1.2.0-SNAPSHOT.jar!/webapps/hddsDatanode}
2021-08-16 11:42:51,928 [Listener at 127.0.0.1/39025] INFO  server.AbstractConnector (AbstractConnector.java:doStart(331)) - Started ServerConnector@4992ddf1{HTTP/1.1, (http/1.1)}{0.0.0.0:35357}
2021-08-16 11:42:51,929 [Listener at 127.0.0.1/39025] INFO  server.Server (Server.java:doStart(415)) - Started @123304ms
2021-08-16 11:42:51,929 [Listener at 127.0.0.1/39025] WARN  impl.MetricsSystemImpl (MetricsSystemImpl.java:register(279)) - Sink prometheus already exists!
2021-08-16 11:42:51,945 [Listener at 127.0.0.1/39025] INFO  http.BaseHttpServer (BaseHttpServer.java:updateConnectorAddress(329)) - HTTP server of hddsDatanode listening at http://0.0.0.0:35357
2021-08-16 11:42:51,974 [Listener at 127.0.0.1/39025] INFO  ozone.MiniOzoneClusterImpl (MiniOzoneClusterImpl.java:lambda$waitForClusterToBeReady$0(235)) - Waiting for nodes to be ready. Got 0 of 3 DN Heartbeats.
2021-08-16 11:42:51,975 [Listener at 127.0.0.1/39025] INFO  ozone.MiniOzoneClusterImpl (MiniOzoneClusterImpl.java:lambda$waitForClusterToBeReady$0(238)) - Waiting for cluster to exit safe mode
2021-08-16 11:42:51,975 [Listener at 127.0.0.1/39025] INFO  ozone.MiniOzoneClusterImpl (MiniOzoneClusterImpl.java:lambda$waitForClusterToBeReady$0(240)) - SCM became leader
2021-08-16 11:42:52,140 [org.apache.hadoop.util.JvmPauseMonitor$Monitor@24aff6ec] INFO  util.JvmPauseMonitor (JvmPauseMonitor.java:run(188)) - Starting JVM pause monitor
2021-08-16 11:42:52,147 [Datanode State Machine Task Thread - 0] INFO  datanode.InitDatanodeState (InitDatanodeState.java:persistContainerDatanodeDetails(145)) - DatanodeDetails is persisted to /home/runner/work/ozone/ozone/hadoop-ozone/integration-test/target/test-dir/MiniOzoneClusterImpl-0a2dcee8-4d86-4433-abec-1f16422e5815/datanode-2/meta/datanode.id
2021-08-16 11:42:52,601 [EndpointStateMachine task thread for /0.0.0.0:43093 - 0 ] INFO  ozoneimpl.OzoneContainer (OzoneContainer.java:start(305)) - Attempting to start container services.
2021-08-16 11:42:52,602 [EndpointStateMachine task thread for /0.0.0.0:43093 - 0 ] INFO  ozoneimpl.OzoneContainer (OzoneContainer.java:startContainerScrub(250)) - Background container scanner has been disabled.
2021-08-16 11:42:52,605 [EndpointStateMachine task thread for /0.0.0.0:43093 - 0 ] INFO  replication.ReplicationServer (ReplicationServer.java:start(106)) - ReplicationServer is started using port 39813
2021-08-16 11:42:52,606 [EndpointStateMachine task thread for /0.0.0.0:43093 - 0 ] INFO  ratis.XceiverServerRatis (XceiverServerRatis.java:start(482)) - Starting XceiverServerRatis 746920fe-9ff2-4f62-9ef0-75329d226aec
2021-08-16 11:42:52,607 [EndpointStateMachine task thread for /0.0.0.0:43093 - 0 ] INFO  server.RaftServer (RaftServerProxy.java:lambda$start$5(374)) - 746920fe-9ff2-4f62-9ef0-75329d226aec: start RPC server
2021-08-16 11:42:52,609 [EndpointStateMachine task thread for /0.0.0.0:43093 - 0 ] INFO  server.GrpcService (GrpcService.java:startImpl(253)) - 746920fe-9ff2-4f62-9ef0-75329d226aec: GrpcService started, listening on 40861
2021-08-16 11:42:52,610 [EndpointStateMachine task thread for /0.0.0.0:43093 - 0 ] INFO  ratis.XceiverServerRatis (XceiverServerRatis.java:getRealPort(503)) - XceiverServerRatis 746920fe-9ff2-4f62-9ef0-75329d226aec is started using port 40861 for RATIS
2021-08-16 11:42:52,610 [EndpointStateMachine task thread for /0.0.0.0:43093 - 0 ] INFO  ratis.XceiverServerRatis (XceiverServerRatis.java:getRealPort(503)) - XceiverServerRatis 746920fe-9ff2-4f62-9ef0-75329d226aec is started using port 40861 for RATIS_ADMIN
2021-08-16 11:42:52,610 [EndpointStateMachine task thread for /0.0.0.0:43093 - 0 ] INFO  ratis.XceiverServerRatis (XceiverServerRatis.java:getRealPort(503)) - XceiverServerRatis 746920fe-9ff2-4f62-9ef0-75329d226aec is started using port 40861 for RATIS_SERVER
2021-08-16 11:42:52,617 [EndpointStateMachine task thread for /0.0.0.0:43093 - 0 ] INFO  server.XceiverServerGrpc (XceiverServerGrpc.java:start(135)) - XceiverServerGrpc 746920fe-9ff2-4f62-9ef0-75329d226aec is started using port 40227
2021-08-16 11:42:52,648 [org.apache.ratis.util.JvmPauseMonitor$$Lambda$532/1449527477@aa971cf] INFO  util.JvmPauseMonitor (JvmPauseMonitor.java:run(103)) - JvmPauseMonitor-746920fe-9ff2-4f62-9ef0-75329d226aec: Started
2021-08-16 11:42:52,975 [Listener at 127.0.0.1/39025] INFO  ozone.MiniOzoneClusterImpl (MiniOzoneClusterImpl.java:lambda$waitForClusterToBeReady$0(235)) - Waiting for nodes to be ready. Got 0 of 3 DN Heartbeats.
2021-08-16 11:42:52,975 [Listener at 127.0.0.1/39025] INFO  ozone.MiniOzoneClusterImpl (MiniOzoneClusterImpl.java:lambda$waitForClusterToBeReady$0(238)) - Waiting for cluster to exit safe mode
2021-08-16 11:42:52,975 [Listener at 127.0.0.1/39025] INFO  ozone.MiniOzoneClusterImpl (MiniOzoneClusterImpl.java:lambda$waitForClusterToBeReady$0(240)) - SCM became leader
2021-08-16 11:42:53,326 [EndpointStateMachine task thread for /0.0.0.0:43093 - 0 ] INFO  ozoneimpl.OzoneContainer (OzoneContainer.java:start(305)) - Attempting to start container services.
2021-08-16 11:42:53,326 [EndpointStateMachine task thread for /0.0.0.0:43093 - 0 ] INFO  ozoneimpl.OzoneContainer (OzoneContainer.java:startContainerScrub(250)) - Background container scanner has been disabled.
2021-08-16 11:42:53,328 [EndpointStateMachine task thread for /0.0.0.0:43093 - 0 ] INFO  replication.ReplicationServer (ReplicationServer.java:start(106)) - ReplicationServer is started using port 42873
2021-08-16 11:42:53,345 [EndpointStateMachine task thread for /0.0.0.0:43093 - 0 ] INFO  ratis.XceiverServerRatis (XceiverServerRatis.java:start(482)) - Starting XceiverServerRatis f5d97451-a683-4b51-bc71-34cba4ec5656
2021-08-16 11:42:53,354 [EndpointStateMachine task thread for /0.0.0.0:43093 - 0 ] INFO  server.RaftServer (RaftServerProxy.java:lambda$start$5(374)) - f5d97451-a683-4b51-bc71-34cba4ec5656: start RPC server
2021-08-16 11:42:53,355 [EndpointStateMachine task thread for /0.0.0.0:43093 - 0 ] INFO  server.GrpcService (GrpcService.java:startImpl(253)) - f5d97451-a683-4b51-bc71-34cba4ec5656: GrpcService started, listening on 34463
2021-08-16 11:42:53,355 [EndpointStateMachine task thread for /0.0.0.0:43093 - 0 ] INFO  ratis.XceiverServerRatis (XceiverServerRatis.java:getRealPort(503)) - XceiverServerRatis f5d97451-a683-4b51-bc71-34cba4ec5656 is started using port 34463 for RATIS
2021-08-16 11:42:53,356 [EndpointStateMachine task thread for /0.0.0.0:43093 - 0 ] INFO  ratis.XceiverServerRatis (XceiverServerRatis.java:getRealPort(503)) - XceiverServerRatis f5d97451-a683-4b51-bc71-34cba4ec5656 is started using port 34463 for RATIS_ADMIN
2021-08-16 11:42:53,356 [EndpointStateMachine task thread for /0.0.0.0:43093 - 0 ] INFO  ratis.XceiverServerRatis (XceiverServerRatis.java:getRealPort(503)) - XceiverServerRatis f5d97451-a683-4b51-bc71-34cba4ec5656 is started using port 34463 for RATIS_SERVER
2021-08-16 11:42:53,369 [EndpointStateMachine task thread for /0.0.0.0:43093 - 0 ] INFO  server.XceiverServerGrpc (XceiverServerGrpc.java:start(135)) - XceiverServerGrpc f5d97451-a683-4b51-bc71-34cba4ec5656 is started using port 38807
2021-08-16 11:42:53,381 [org.apache.ratis.util.JvmPauseMonitor$$Lambda$532/1449527477@66f67c53] INFO  util.JvmPauseMonitor (JvmPauseMonitor.java:run(103)) - JvmPauseMonitor-f5d97451-a683-4b51-bc71-34cba4ec5656: Started
2021-08-16 11:42:53,975 [Listener at 127.0.0.1/39025] INFO  ozone.MiniOzoneClusterImpl (MiniOzoneClusterImpl.java:lambda$waitForClusterToBeReady$0(235)) - Waiting for nodes to be ready. Got 0 of 3 DN Heartbeats.
2021-08-16 11:42:53,975 [Listener at 127.0.0.1/39025] INFO  ozone.MiniOzoneClusterImpl (MiniOzoneClusterImpl.java:lambda$waitForClusterToBeReady$0(238)) - Waiting for cluster to exit safe mode
2021-08-16 11:42:53,975 [Listener at 127.0.0.1/39025] INFO  ozone.MiniOzoneClusterImpl (MiniOzoneClusterImpl.java:lambda$waitForClusterToBeReady$0(240)) - SCM became leader
2021-08-16 11:42:54,163 [EndpointStateMachine task thread for /0.0.0.0:43093 - 0 ] INFO  ozoneimpl.OzoneContainer (OzoneContainer.java:start(305)) - Attempting to start container services.
2021-08-16 11:42:54,163 [EndpointStateMachine task thread for /0.0.0.0:43093 - 0 ] INFO  ozoneimpl.OzoneContainer (OzoneContainer.java:startContainerScrub(250)) - Background container scanner has been disabled.
2021-08-16 11:42:54,165 [EndpointStateMachine task thread for /0.0.0.0:43093 - 0 ] INFO  replication.ReplicationServer (ReplicationServer.java:start(106)) - ReplicationServer is started using port 40875
2021-08-16 11:42:54,169 [EndpointStateMachine task thread for /0.0.0.0:43093 - 0 ] INFO  ratis.XceiverServerRatis (XceiverServerRatis.java:start(482)) - Starting XceiverServerRatis 95ef88ee-88ff-45e5-b622-e96a5f390165
2021-08-16 11:42:54,173 [EndpointStateMachine task thread for /0.0.0.0:43093 - 0 ] INFO  server.RaftServer (RaftServerProxy.java:lambda$start$5(374)) - 95ef88ee-88ff-45e5-b622-e96a5f390165: start RPC server
2021-08-16 11:42:54,179 [EndpointStateMachine task thread for /0.0.0.0:43093 - 0 ] INFO  server.GrpcService (GrpcService.java:startImpl(253)) - 95ef88ee-88ff-45e5-b622-e96a5f390165: GrpcService started, listening on 37553
2021-08-16 11:42:54,182 [EndpointStateMachine task thread for /0.0.0.0:43093 - 0 ] INFO  ratis.XceiverServerRatis (XceiverServerRatis.java:getRealPort(503)) - XceiverServerRatis 95ef88ee-88ff-45e5-b622-e96a5f390165 is started using port 37553 for RATIS
2021-08-16 11:42:54,182 [EndpointStateMachine task thread for /0.0.0.0:43093 - 0 ] INFO  ratis.XceiverServerRatis (XceiverServerRatis.java:getRealPort(503)) - XceiverServerRatis 95ef88ee-88ff-45e5-b622-e96a5f390165 is started using port 37553 for RATIS_ADMIN
2021-08-16 11:42:54,182 [EndpointStateMachine task thread for /0.0.0.0:43093 - 0 ] INFO  ratis.XceiverServerRatis (XceiverServerRatis.java:getRealPort(503)) - XceiverServerRatis 95ef88ee-88ff-45e5-b622-e96a5f390165 is started using port 37553 for RATIS_SERVER
2021-08-16 11:42:54,184 [EndpointStateMachine task thread for /0.0.0.0:43093 - 0 ] INFO  server.XceiverServerGrpc (XceiverServerGrpc.java:start(135)) - XceiverServerGrpc 95ef88ee-88ff-45e5-b622-e96a5f390165 is started using port 40963
2021-08-16 11:42:54,205 [org.apache.ratis.util.JvmPauseMonitor$$Lambda$532/1449527477@4872bbc9] INFO  util.JvmPauseMonitor (JvmPauseMonitor.java:run(103)) - JvmPauseMonitor-95ef88ee-88ff-45e5-b622-e96a5f390165: Started
2021-08-16 11:42:54,581 [IPC Server handler 13 on default port 43093] INFO  net.NetworkTopologyImpl (NetworkTopologyImpl.java:add(112)) - Added a new node: /default-rack/746920fe-9ff2-4f62-9ef0-75329d226aec
2021-08-16 11:42:54,581 [IPC Server handler 13 on default port 43093] INFO  node.SCMNodeManager (SCMNodeManager.java:register(390)) - Registered Data node : 746920fe-9ff2-4f62-9ef0-75329d226aec{ip: 10.1.0.5, host: fv-az270-213.tacnzluakwdehk1hpragurqkma.bx.internal.cloudapp.net, ports: [REPLICATION=39813, RATIS=40861, RATIS_ADMIN=40861, RATIS_SERVER=40861, STANDALONE=40227], networkLocation: /default-rack, certSerialId: null, persistedOpState: null, persistedOpStateExpiryEpochSec: 0}
2021-08-16 11:42:54,582 [EventQueue-NodeRegistrationContainerReportForDataNodeSafeModeRule] INFO  safemode.SCMSafeModeManager (DataNodeSafeModeRule.java:process(71)) - SCM in safe mode. 1 DataNodes registered, 3 required.
2021-08-16 11:42:54,583 [EventQueue-NodeRegistrationContainerReportForContainerSafeModeRule] INFO  safemode.SCMSafeModeManager (SCMSafeModeManager.java:validateSafeModeExitRules(204)) - ContainerSafeModeRule rule is successfully validated
2021-08-16 11:42:54,601 [EventQueue-PipelineReportForOneReplicaPipelineSafeModeRule] INFO  safemode.SCMSafeModeManager (SCMSafeModeManager.java:validateSafeModeExitRules(204)) - AtleastOneDatanodeReportedRule rule is successfully validated
2021-08-16 11:42:54,605 [EventQueue-NewNodeForNewNodeHandler] INFO  pipeline.BackgroundPipelineCreator (BackgroundPipelineCreatorV2.java:notifyEventTriggered(285)) - trigger a one-shot run on RatisPipelineUtilsThread.
2021-08-16 11:42:54,609 [RatisPipelineUtilsThread - 0] INFO  pipeline.RatisPipelineProvider (RatisPipelineProvider.java:lambda$create$0(183)) - Sending CreatePipelineCommand for pipeline:PipelineID=1e4146bf-e63d-4e7a-a2c7-37d161e40c0e to datanode:746920fe-9ff2-4f62-9ef0-75329d226aec
2021-08-16 11:42:54,614 [RatisPipelineUtilsThread - 0] INFO  pipeline.PipelineStateManager (PipelineStateManagerV2Impl.java:addPipeline(101)) - Created pipeline Pipeline[ Id: 1e4146bf-e63d-4e7a-a2c7-37d161e40c0e, Nodes: 746920fe-9ff2-4f62-9ef0-75329d226aec{ip: 10.1.0.5, host: fv-az270-213.tacnzluakwdehk1hpragurqkma.bx.internal.cloudapp.net, ports: [REPLICATION=39813, RATIS=40861, RATIS_ADMIN=40861, RATIS_SERVER=40861, STANDALONE=40227], networkLocation: /default-rack, certSerialId: null, persistedOpState: IN_SERVICE, persistedOpStateExpiryEpochSec: 0}, ReplicationConfig: RATIS/ONE, State:ALLOCATED, leaderId:, CreationTimestamp2021-08-16T11:42:54.609Z[Etc/UTC]].
2021-08-16 11:42:54,976 [Listener at 127.0.0.1/39025] INFO  ozone.MiniOzoneClusterImpl (MiniOzoneClusterImpl.java:lambda$waitForClusterToBeReady$0(235)) - Waiting for nodes to be ready. Got 1 of 3 DN Heartbeats.
2021-08-16 11:42:54,976 [Listener at 127.0.0.1/39025] INFO  ozone.MiniOzoneClusterImpl (MiniOzoneClusterImpl.java:lambda$waitForClusterToBeReady$0(238)) - Waiting for cluster to exit safe mode
2021-08-16 11:42:54,976 [Listener at 127.0.0.1/39025] INFO  ozone.MiniOzoneClusterImpl (MiniOzoneClusterImpl.java:lambda$waitForClusterToBeReady$0(240)) - SCM became leader
2021-08-16 11:42:55,300 [IPC Server handler 17 on default port 43093] INFO  net.NetworkTopologyImpl (NetworkTopologyImpl.java:add(112)) - Added a new node: /default-rack/f5d97451-a683-4b51-bc71-34cba4ec5656
2021-08-16 11:42:55,319 [IPC Server handler 17 on default port 43093] INFO  node.SCMNodeManager (SCMNodeManager.java:register(390)) - Registered Data node : f5d97451-a683-4b51-bc71-34cba4ec5656{ip: 10.1.0.5, host: fv-az270-213.tacnzluakwdehk1hpragurqkma.bx.internal.cloudapp.net, ports: [REPLICATION=42873, RATIS=34463, RATIS_ADMIN=34463, RATIS_SERVER=34463, STANDALONE=38807], networkLocation: /default-rack, certSerialId: null, persistedOpState: null, persistedOpStateExpiryEpochSec: 0}
2021-08-16 11:42:55,319 [EventQueue-NewNodeForNewNodeHandler] INFO  pipeline.BackgroundPipelineCreator (BackgroundPipelineCreatorV2.java:notifyEventTriggered(285)) - trigger a one-shot run on RatisPipelineUtilsThread.
2021-08-16 11:42:55,329 [EventQueue-NodeRegistrationContainerReportForDataNodeSafeModeRule] INFO  safemode.SCMSafeModeManager (DataNodeSafeModeRule.java:process(71)) - SCM in safe mode. 2 DataNodes registered, 3 required.
2021-08-16 11:42:55,330 [RatisPipelineUtilsThread - 0] INFO  pipeline.RatisPipelineProvider (RatisPipelineProvider.java:lambda$create$0(183)) - Sending CreatePipelineCommand for pipeline:PipelineID=7fd7a733-74dc-4bb4-afea-225b311cea21 to datanode:f5d97451-a683-4b51-bc71-34cba4ec5656
2021-08-16 11:42:55,331 [RatisPipelineUtilsThread - 0] INFO  pipeline.PipelineStateManager (PipelineStateManagerV2Impl.java:addPipeline(101)) - Created pipeline Pipeline[ Id: 7fd7a733-74dc-4bb4-afea-225b311cea21, Nodes: f5d97451-a683-4b51-bc71-34cba4ec5656{ip: 10.1.0.5, host: fv-az270-213.tacnzluakwdehk1hpragurqkma.bx.internal.cloudapp.net, ports: [REPLICATION=42873, RATIS=34463, RATIS_ADMIN=34463, RATIS_SERVER=34463, STANDALONE=38807], networkLocation: /default-rack, certSerialId: null, persistedOpState: IN_SERVICE, persistedOpStateExpiryEpochSec: 0}, ReplicationConfig: RATIS/ONE, State:ALLOCATED, leaderId:, CreationTimestamp2021-08-16T11:42:55.330Z[Etc/UTC]].
2021-08-16 11:42:55,976 [Listener at 127.0.0.1/39025] INFO  ozone.MiniOzoneClusterImpl (MiniOzoneClusterImpl.java:lambda$waitForClusterToBeReady$0(235)) - Waiting for nodes to be ready. Got 2 of 3 DN Heartbeats.
2021-08-16 11:42:55,976 [Listener at 127.0.0.1/39025] INFO  ozone.MiniOzoneClusterImpl (MiniOzoneClusterImpl.java:lambda$waitForClusterToBeReady$0(238)) - Waiting for cluster to exit safe mode
2021-08-16 11:42:55,976 [Listener at 127.0.0.1/39025] INFO  ozone.MiniOzoneClusterImpl (MiniOzoneClusterImpl.java:lambda$waitForClusterToBeReady$0(240)) - SCM became leader
2021-08-16 11:42:56,142 [IPC Server handler 0 on default port 43093] INFO  net.NetworkTopologyImpl (NetworkTopologyImpl.java:add(112)) - Added a new node: /default-rack/95ef88ee-88ff-45e5-b622-e96a5f390165
2021-08-16 11:42:56,143 [IPC Server handler 0 on default port 43093] INFO  node.SCMNodeManager (SCMNodeManager.java:register(390)) - Registered Data node : 95ef88ee-88ff-45e5-b622-e96a5f390165{ip: 10.1.0.5, host: fv-az270-213.tacnzluakwdehk1hpragurqkma.bx.internal.cloudapp.net, ports: [REPLICATION=40875, RATIS=37553, RATIS_ADMIN=37553, RATIS_SERVER=37553, STANDALONE=40963], networkLocation: /default-rack, certSerialId: null, persistedOpState: null, persistedOpStateExpiryEpochSec: 0}
2021-08-16 11:42:56,144 [EventQueue-NewNodeForNewNodeHandler] INFO  pipeline.BackgroundPipelineCreator (BackgroundPipelineCreatorV2.java:notifyEventTriggered(285)) - trigger a one-shot run on RatisPipelineUtilsThread.
2021-08-16 11:42:56,144 [EventQueue-NodeRegistrationContainerReportForDataNodeSafeModeRule] INFO  safemode.SCMSafeModeManager (DataNodeSafeModeRule.java:process(71)) - SCM in safe mode. 3 DataNodes registered, 3 required.
2021-08-16 11:42:56,144 [EventQueue-NodeRegistrationContainerReportForDataNodeSafeModeRule] INFO  safemode.SCMSafeModeManager (SCMSafeModeManager.java:validateSafeModeExitRules(204)) - DataNodeSafeModeRule rule is successfully validated
2021-08-16 11:42:56,144 [EventQueue-NodeRegistrationContainerReportForDataNodeSafeModeRule] INFO  safemode.SCMSafeModeManager (SCMSafeModeManager.java:completePreCheck(233)) - All SCM safe mode pre check rules have passed
2021-08-16 11:42:56,145 [EventQueue-NodeRegistrationContainerReportForDataNodeSafeModeRule] WARN  events.EventQueue (EventQueue.java:fireEvent(194)) - No event handler registered for event TypedEvent{payloadType=SafeModeStatus, name='Safe mode status'}
2021-08-16 11:42:56,145 [EventQueue-NodeRegistrationContainerReportForDataNodeSafeModeRule] INFO  ha.SCMContext (SCMContext.java:updateSafeModeStatus(205)) - Update SafeModeStatus from SafeModeStatus{safeModeStatus=true, preCheckPassed=false} to SafeModeStatus{safeModeStatus=true, preCheckPassed=true}.
2021-08-16 11:42:56,145 [EventQueue-NodeRegistrationContainerReportForDataNodeSafeModeRule] INFO  pipeline.BackgroundPipelineCreator (BackgroundPipelineCreatorV2.java:notifyEventTriggered(285)) - trigger a one-shot run on RatisPipelineUtilsThread.
2021-08-16 11:42:56,155 [RatisPipelineUtilsThread - 0] INFO  pipeline.RatisPipelineProvider (RatisPipelineProvider.java:lambda$create$0(183)) - Sending CreatePipelineCommand for pipeline:PipelineID=a526c2bd-7fa6-455e-b792-3cb0c69cd70c to datanode:95ef88ee-88ff-45e5-b622-e96a5f390165
2021-08-16 11:42:56,155 [RatisPipelineUtilsThread - 0] INFO  pipeline.PipelineStateManager (PipelineStateManagerV2Impl.java:addPipeline(101)) - Created pipeline Pipeline[ Id: a526c2bd-7fa6-455e-b792-3cb0c69cd70c, Nodes: 95ef88ee-88ff-45e5-b622-e96a5f390165{ip: 10.1.0.5, host: fv-az270-213.tacnzluakwdehk1hpragurqkma.bx.internal.cloudapp.net, ports: [REPLICATION=40875, RATIS=37553, RATIS_ADMIN=37553, RATIS_SERVER=37553, STANDALONE=40963], networkLocation: /default-rack, certSerialId: null, persistedOpState: IN_SERVICE, persistedOpStateExpiryEpochSec: 0}, ReplicationConfig: RATIS/ONE, State:ALLOCATED, leaderId:, CreationTimestamp2021-08-16T11:42:56.155Z[Etc/UTC]].
2021-08-16 11:42:56,156 [RatisPipelineUtilsThread - 0] INFO  pipeline.RatisPipelineProvider (RatisPipelineProvider.java:lambda$create$0(183)) - Sending CreatePipelineCommand for pipeline:PipelineID=9af539d1-53a2-4710-89e2-081237031a5e to datanode:f5d97451-a683-4b51-bc71-34cba4ec5656
2021-08-16 11:42:56,156 [RatisPipelineUtilsThread - 0] INFO  pipeline.RatisPipelineProvider (RatisPipelineProvider.java:lambda$create$0(183)) - Sending CreatePipelineCommand for pipeline:PipelineID=9af539d1-53a2-4710-89e2-081237031a5e to datanode:746920fe-9ff2-4f62-9ef0-75329d226aec
2021-08-16 11:42:56,156 [RatisPipelineUtilsThread - 0] INFO  pipeline.RatisPipelineProvider (RatisPipelineProvider.java:lambda$create$0(183)) - Sending CreatePipelineCommand for pipeline:PipelineID=9af539d1-53a2-4710-89e2-081237031a5e to datanode:95ef88ee-88ff-45e5-b622-e96a5f390165
2021-08-16 11:42:56,156 [RatisPipelineUtilsThread - 0] INFO  pipeline.PipelineStateManager (PipelineStateManagerV2Impl.java:addPipeline(101)) - Created pipeline Pipeline[ Id: 9af539d1-53a2-4710-89e2-081237031a5e, Nodes: f5d97451-a683-4b51-bc71-34cba4ec5656{ip: 10.1.0.5, host: fv-az270-213.tacnzluakwdehk1hpragurqkma.bx.internal.cloudapp.net, ports: [REPLICATION=42873, RATIS=34463, RATIS_ADMIN=34463, RATIS_SERVER=34463, STANDALONE=38807], networkLocation: /default-rack, certSerialId: null, persistedOpState: IN_SERVICE, persistedOpStateExpiryEpochSec: 0}746920fe-9ff2-4f62-9ef0-75329d226aec{ip: 10.1.0.5, host: fv-az270-213.tacnzluakwdehk1hpragurqkma.bx.internal.cloudapp.net, ports: [REPLICATION=39813, RATIS=40861, RATIS_ADMIN=40861, RATIS_SERVER=40861, STANDALONE=40227], networkLocation: /default-rack, certSerialId: null, persistedOpState: IN_SERVICE, persistedOpStateExpiryEpochSec: 0}95ef88ee-88ff-45e5-b622-e96a5f390165{ip: 10.1.0.5, host: fv-az270-213.tacnzluakwdehk1hpragurqkma.bx.internal.cloudapp.net, ports: [REPLICATION=40875, RATIS=37553, RATIS_ADMIN=37553, RATIS_SERVER=37553, STANDALONE=40963], networkLocation: /default-rack, certSerialId: null, persistedOpState: IN_SERVICE, persistedOpStateExpiryEpochSec: 0}, ReplicationConfig: RATIS/THREE, State:ALLOCATED, leaderId:, CreationTimestamp2021-08-16T11:42:56.156Z[Etc/UTC]].
2021-08-16 11:42:56,162 [RatisPipelineUtilsThread - 0] INFO  pipeline.RatisPipelineProvider (RatisPipelineProvider.java:lambda$create$0(183)) - Sending CreatePipelineCommand for pipeline:PipelineID=437cf997-7567-4e08-b3f4-9a926d8e1e28 to datanode:746920fe-9ff2-4f62-9ef0-75329d226aec
2021-08-16 11:42:56,162 [RatisPipelineUtilsThread - 0] INFO  pipeline.RatisPipelineProvider (RatisPipelineProvider.java:lambda$create$0(183)) - Sending CreatePipelineCommand for pipeline:PipelineID=437cf997-7567-4e08-b3f4-9a926d8e1e28 to datanode:f5d97451-a683-4b51-bc71-34cba4ec5656
2021-08-16 11:42:56,162 [RatisPipelineUtilsThread - 0] INFO  pipeline.RatisPipelineProvider (RatisPipelineProvider.java:lambda$create$0(183)) - Sending CreatePipelineCommand for pipeline:PipelineID=437cf997-7567-4e08-b3f4-9a926d8e1e28 to datanode:95ef88ee-88ff-45e5-b622-e96a5f390165
2021-08-16 11:42:56,162 [RatisPipelineUtilsThread - 0] INFO  pipeline.PipelineStateManager (PipelineStateManagerV2Impl.java:addPipeline(101)) - Created pipeline Pipeline[ Id: 437cf997-7567-4e08-b3f4-9a926d8e1e28, Nodes: 746920fe-9ff2-4f62-9ef0-75329d226aec{ip: 10.1.0.5, host: fv-az270-213.tacnzluakwdehk1hpragurqkma.bx.internal.cloudapp.net, ports: [REPLICATION=39813, RATIS=40861, RATIS_ADMIN=40861, RATIS_SERVER=40861, STANDALONE=40227], networkLocation: /default-rack, certSerialId: null, persistedOpState: IN_SERVICE, persistedOpStateExpiryEpochSec: 0}f5d97451-a683-4b51-bc71-34cba4ec5656{ip: 10.1.0.5, host: fv-az270-213.tacnzluakwdehk1hpragurqkma.bx.internal.cloudapp.net, ports: [REPLICATION=42873, RATIS=34463, RATIS_ADMIN=34463, RATIS_SERVER=34463, STANDALONE=38807], networkLocation: /default-rack, certSerialId: null, persistedOpState: IN_SERVICE, persistedOpStateExpiryEpochSec: 0}95ef88ee-88ff-45e5-b622-e96a5f390165{ip: 10.1.0.5, host: fv-az270-213.tacnzluakwdehk1hpragurqkma.bx.internal.cloudapp.net, ports: [REPLICATION=40875, RATIS=37553, RATIS_ADMIN=37553, RATIS_SERVER=37553, STANDALONE=40963], networkLocation: /default-rack, certSerialId: null, persistedOpState: IN_SERVICE, persistedOpStateExpiryEpochSec: 0}, ReplicationConfig: RATIS/THREE, State:ALLOCATED, leaderId:, CreationTimestamp2021-08-16T11:42:56.162Z[Etc/UTC]].
2021-08-16 11:42:56,163 [RatisPipelineUtilsThread - 0] INFO  pipeline.PipelineManagerImpl (PipelineManagerImpl.java:recordMetricsForPipeline(614)) - Pipeline: PipelineID=437cf997-7567-4e08-b3f4-9a926d8e1e28 contains same datanodes as previous pipelines: PipelineID=9af539d1-53a2-4710-89e2-081237031a5e nodeIds: 746920fe-9ff2-4f62-9ef0-75329d226aec, f5d97451-a683-4b51-bc71-34cba4ec5656, 95ef88ee-88ff-45e5-b622-e96a5f390165
2021-08-16 11:42:56,976 [Listener at 127.0.0.1/39025] INFO  ozone.MiniOzoneClusterImpl (MiniOzoneClusterImpl.java:lambda$waitForClusterToBeReady$0(235)) - Nodes are ready. Got 3 of 3 DN Heartbeats.
2021-08-16 11:42:56,977 [Listener at 127.0.0.1/39025] INFO  ozone.MiniOzoneClusterImpl (MiniOzoneClusterImpl.java:lambda$waitForClusterToBeReady$0(238)) - Waiting for cluster to exit safe mode
2021-08-16 11:42:56,977 [Listener at 127.0.0.1/39025] INFO  ozone.MiniOzoneClusterImpl (MiniOzoneClusterImpl.java:lambda$waitForClusterToBeReady$0(240)) - SCM became leader
2021-08-16 11:42:57,580 [Command processor thread] INFO  server.RaftServer (RaftServerProxy.java:addNew(95)) - 746920fe-9ff2-4f62-9ef0-75329d226aec: addNew group-37D161E40C0E:[746920fe-9ff2-4f62-9ef0-75329d226aec|rpc:10.1.0.5:40861|priority:1] returns group-37D161E40C0E:java.util.concurrent.CompletableFuture@63ad85f3[Not completed]
2021-08-16 11:42:57,598 [pool-369-thread-1] INFO  server.RaftServer$Division (RaftServerImpl.java:<init>(181)) - 746920fe-9ff2-4f62-9ef0-75329d226aec: new RaftServerImpl for group-37D161E40C0E:[746920fe-9ff2-4f62-9ef0-75329d226aec|rpc:10.1.0.5:40861|priority:1] with ContainerStateMachine:uninitialized
2021-08-16 11:42:57,598 [pool-369-thread-1] INFO  server.RaftServerConfigKeys (ConfUtils.java:logGet(44)) - raft.server.rpc.timeout.min = 5s (custom)
2021-08-16 11:42:57,598 [pool-369-thread-1] INFO  server.RaftServerConfigKeys (ConfUtils.java:logGet(44)) - raft.server.rpc.timeout.max = 5200ms (custom)
2021-08-16 11:42:57,598 [pool-369-thread-1] INFO  server.RaftServerConfigKeys (ConfUtils.java:logGet(44)) - raft.server.rpc.sleep.time = 25ms (default)
2021-08-16 11:42:57,598 [pool-369-thread-1] INFO  server.RaftServerConfigKeys (ConfUtils.java:logGet(44)) - raft.server.rpc.slowness.timeout = 300s (custom)
2021-08-16 11:42:57,598 [pool-369-thread-1] INFO  server.RaftServerConfigKeys (ConfUtils.java:logGet(44)) - raft.server.leaderelection.leader.step-down.wait-time = 10s (default)
2021-08-16 11:42:57,598 [pool-369-thread-1] INFO  server.RaftServerConfigKeys (ConfUtils.java:logGet(44)) - raft.server.sleep.deviation.threshold = 300ms (default)
2021-08-16 11:42:57,598 [pool-369-thread-1] INFO  server.RaftServerConfigKeys (ConfUtils.java:logGet(44)) - raft.server.log.appender.install.snapshot.enabled = false (custom)
2021-08-16 11:42:57,598 [pool-369-thread-1] INFO  server.RaftServer$Division (ServerState.java:<init>(105)) - 746920fe-9ff2-4f62-9ef0-75329d226aec@group-37D161E40C0E: ConfigurationManager, init=-1: [746920fe-9ff2-4f62-9ef0-75329d226aec|rpc:10.1.0.5:40861|priority:1], old=null, confs=<EMPTY_MAP>
2021-08-16 11:42:57,599 [pool-369-thread-1] INFO  server.RaftServerConfigKeys (ConfUtils.java:logGet(44)) - raft.server.storage.dir = [/home/runner/work/ozone/ozone/hadoop-ozone/integration-test/target/test-dir/MiniOzoneClusterImpl-0a2dcee8-4d86-4433-abec-1f16422e5815/datanode-0/data/ratis] (custom)
2021-08-16 11:42:57,599 [pool-369-thread-1] INFO  server.RaftServerConfigKeys (ConfUtils.java:logGet(44)) - raft.server.log.corruption.policy = EXCEPTION (default)
2021-08-16 11:42:57,599 [pool-369-thread-1] INFO  server.RaftServerConfigKeys (ConfUtils.java:logGet(44)) - raft.server.storage.free-space.min = 0MB (=0) (default)
2021-08-16 11:42:57,599 [pool-369-thread-1] INFO  storage.RaftStorageDirectory (RaftStorageDirectoryImpl.java:analyzeStorage(135)) - The storage directory /home/runner/work/ozone/ozone/hadoop-ozone/integration-test/target/test-dir/MiniOzoneClusterImpl-0a2dcee8-4d86-4433-abec-1f16422e5815/datanode-0/data/ratis/1e4146bf-e63d-4e7a-a2c7-37d161e40c0e does not exist. Creating ...
2021-08-16 11:42:57,601 [pool-369-thread-1] INFO  storage.RaftStorageDirectory (RaftStorageDirectoryImpl.java:tryLock(230)) - Lock on /home/runner/work/ozone/ozone/hadoop-ozone/integration-test/target/test-dir/MiniOzoneClusterImpl-0a2dcee8-4d86-4433-abec-1f16422e5815/datanode-0/data/ratis/1e4146bf-e63d-4e7a-a2c7-37d161e40c0e/in_use.lock acquired by nodename 21308@fv-az270-213
2021-08-16 11:42:57,605 [pool-369-thread-1] INFO  storage.RaftStorage (RaftStorageImpl.java:format(89)) - Storage directory /home/runner/work/ozone/ozone/hadoop-ozone/integration-test/target/test-dir/MiniOzoneClusterImpl-0a2dcee8-4d86-4433-abec-1f16422e5815/datanode-0/data/ratis/1e4146bf-e63d-4e7a-a2c7-37d161e40c0e has been successfully formatted.
2021-08-16 11:42:57,610 [pool-369-thread-1] INFO  ratis.ContainerStateMachine (ContainerStateMachine.java:loadSnapshot(225)) - group-37D161E40C0E: The snapshot info is null. Setting the last applied indexto:(t:0, i:~)
2021-08-16 11:42:57,610 [Datanode State Machine Thread - 0] WARN  statemachine.StateContext (StateContext.java:execute(621)) - No available thread in pool for past 1 seconds.
2021-08-16 11:42:57,610 [pool-369-thread-1] INFO  server.RaftServerConfigKeys (ConfUtils.java:logGet(44)) - raft.server.notification.no-leader.timeout = 300s (custom)
2021-08-16 11:42:57,610 [pool-369-thread-1] INFO  server.RaftServerConfigKeys (ConfUtils.java:logGet(44)) - raft.server.log.use.memory = false (default)
2021-08-16 11:42:57,610 [pool-369-thread-1] INFO  server.RaftServerConfigKeys (ConfUtils.java:logGet(44)) - raft.server.log.purge.gap = 1000000 (custom)
2021-08-16 11:42:57,610 [pool-369-thread-1] INFO  server.RaftServerConfigKeys (ConfUtils.java:logGet(44)) - raft.server.log.appender.buffer.byte-limit = 33554432 (custom)
2021-08-16 11:42:57,610 [pool-369-thread-1] INFO  server.RaftServerConfigKeys (ConfUtils.java:logGet(44)) - raft.server.log.segment.size.max = 1048576 (custom)
2021-08-16 11:42:57,611 [pool-369-thread-1] INFO  server.RaftServerConfigKeys (ConfUtils.java:logGet(44)) - raft.server.log.segment.cache.num.max = 2 (custom)
2021-08-16 11:42:57,611 [pool-369-thread-1] INFO  server.RaftServerConfigKeys (ConfUtils.java:logGet(44)) - raft.server.log.segment.cache.size.max = 200MB (=209715200) (default)
2021-08-16 11:42:57,611 [pool-369-thread-1] INFO  segmented.SegmentedRaftLogWorker (SegmentedRaftLogWorker.java:<init>(182)) - new 746920fe-9ff2-4f62-9ef0-75329d226aec@group-37D161E40C0E-SegmentedRaftLogWorker for RaftStorageImpl:Storage Directory /home/runner/work/ozone/ozone/hadoop-ozone/integration-test/target/test-dir/MiniOzoneClusterImpl-0a2dcee8-4d86-4433-abec-1f16422e5815/datanode-0/data/ratis/1e4146bf-e63d-4e7a-a2c7-37d161e40c0e
2021-08-16 11:42:57,611 [pool-369-thread-1] INFO  server.RaftServerConfigKeys (ConfUtils.java:logGet(44)) - raft.server.log.queue.byte-limit = 2147483647 (custom)
2021-08-16 11:42:57,611 [pool-369-thread-1] INFO  server.RaftServerConfigKeys (ConfUtils.java:logGet(44)) - raft.server.log.queue.element-limit = 1024 (custom)
2021-08-16 11:42:57,611 [pool-369-thread-1] INFO  server.RaftServerConfigKeys (ConfUtils.java:logGet(44)) - raft.server.log.segment.size.max = 1048576 (custom)
2021-08-16 11:42:57,611 [pool-369-thread-1] INFO  server.RaftServerConfigKeys (ConfUtils.java:logGet(44)) - raft.server.log.preallocated.size = 16384 (custom)
2021-08-16 11:42:57,611 [pool-369-thread-1] INFO  server.RaftServerConfigKeys (ConfUtils.java:logGet(44)) - raft.server.log.force.sync.num = 128 (default)
2021-08-16 11:42:57,611 [pool-369-thread-1] INFO  server.RaftServerConfigKeys (ConfUtils.java:logGet(44)) - raft.server.log.statemachine.data.sync = true (default)
2021-08-16 11:42:57,611 [pool-369-thread-1] INFO  server.RaftServerConfigKeys (ConfUtils.java:logGet(44)) - raft.server.log.statemachine.data.sync.timeout = 10s (default)
2021-08-16 11:42:57,611 [pool-369-thread-1] INFO  server.RaftServerConfigKeys (ConfUtils.java:logGet(44)) - raft.server.log.statemachine.data.sync.timeout.retry = -1 (default)
2021-08-16 11:42:57,612 [pool-369-thread-1] INFO  server.RaftServerConfigKeys (ConfUtils.java:logGet(44)) - raft.server.log.write.buffer.size = 1048576 (custom)
2021-08-16 11:42:57,613 [pool-369-thread-1] INFO  server.RaftServerConfigKeys (ConfUtils.java:logGet(44)) - raft.server.log.statemachine.data.caching.enabled = true (custom)
2021-08-16 11:42:57,613 [pool-369-thread-1] INFO  segmented.SegmentedRaftLogWorker (SegmentedRaftLogWorker.java:lambda$new$0(133)) - 746920fe-9ff2-4f62-9ef0-75329d226aec@group-37D161E40C0E-SegmentedRaftLogWorker: flushIndex: setUnconditionally 0 -> -1
2021-08-16 11:42:57,613 [pool-369-thread-1] INFO  segmented.SegmentedRaftLogWorker (SegmentedRaftLogWorker.java:lambda$new$0(133)) - 746920fe-9ff2-4f62-9ef0-75329d226aec@group-37D161E40C0E-SegmentedRaftLogWorker: safeCacheEvictIndex: setUnconditionally 0 -> -1
2021-08-16 11:42:57,613 [pool-369-thread-1] INFO  server.RaftServerConfigKeys (ConfUtils.java:logGet(44)) - raft.server.snapshot.auto.trigger.enabled = true (custom)
2021-08-16 11:42:57,613 [pool-369-thread-1] INFO  server.RaftServerConfigKeys (ConfUtils.java:logGet(44)) - raft.server.snapshot.auto.trigger.threshold = 10000 (custom)
2021-08-16 11:42:57,613 [pool-369-thread-1] INFO  server.RaftServerConfigKeys (ConfUtils.java:logGet(44)) - raft.server.snapshot.retention.file.num = 5 (custom)
2021-08-16 11:42:57,613 [pool-369-thread-1] INFO  server.RaftServerConfigKeys (ConfUtils.java:logGet(44)) - raft.server.log.purge.upto.snapshot.index = false (default)
2021-08-16 11:42:57,613 [pool-369-thread-1] INFO  server.RaftServerConfigKeys (ConfUtils.java:logGet(44)) - raft.server.retrycache.expirytime = 600000ms (custom)
2021-08-16 11:42:57,614 [pool-369-thread-1] INFO  server.RaftServerConfigKeys (ConfUtils.java:logGet(44)) - raft.server.retrycache.statistics.expirytime = 100μs (default)
2021-08-16 11:42:57,615 [pool-369-thread-1] INFO  server.RaftServer$Division (RaftServerImpl.java:start(296)) - 746920fe-9ff2-4f62-9ef0-75329d226aec@group-37D161E40C0E: start as a follower, conf=-1: [746920fe-9ff2-4f62-9ef0-75329d226aec|rpc:10.1.0.5:40861|priority:1], old=null
2021-08-16 11:42:57,615 [pool-369-thread-1] INFO  server.RaftServer$Division (RaftServerImpl.java:setRole(285)) - 746920fe-9ff2-4f62-9ef0-75329d226aec@group-37D161E40C0E: changes role from      null to FOLLOWER at term 0 for startAsFollower
2021-08-16 11:42:57,615 [pool-369-thread-1] INFO  impl.RoleInfo (RoleInfo.java:updateAndGet(130)) - 746920fe-9ff2-4f62-9ef0-75329d226aec: start 746920fe-9ff2-4f62-9ef0-75329d226aec@group-37D161E40C0E-FollowerState
2021-08-16 11:42:57,615 [EventQueue-PipelineReportForPipelineReportHandler] INFO  pipeline.PipelineManagerImpl (PipelineManagerImpl.java:openPipeline(283)) - Pipeline Pipeline[ Id: 1e4146bf-e63d-4e7a-a2c7-37d161e40c0e, Nodes: 746920fe-9ff2-4f62-9ef0-75329d226aec{ip: 10.1.0.5, host: fv-az270-213.tacnzluakwdehk1hpragurqkma.bx.internal.cloudapp.net, ports: [REPLICATION=39813, RATIS=40861, RATIS_ADMIN=40861, RATIS_SERVER=40861, STANDALONE=40227], networkLocation: /default-rack, certSerialId: null, persistedOpState: IN_SERVICE, persistedOpStateExpiryEpochSec: 0}, ReplicationConfig: RATIS/ONE, State:ALLOCATED, leaderId:746920fe-9ff2-4f62-9ef0-75329d226aec, CreationTimestamp2021-08-16T11:42:54.609Z[Etc/UTC]] moved to OPEN state
2021-08-16 11:42:57,617 [pool-369-thread-1] INFO  util.JmxRegister (JmxRegister.java:tryRegister(44)) - Successfully registered JMX Bean with object name Ratis:service=RaftServer,group=group-37D161E40C0E,id=746920fe-9ff2-4f62-9ef0-75329d226aec
2021-08-16 11:42:57,621 [Command processor thread] INFO  ratis.XceiverServerRatis (XceiverServerRatis.java:addGroup(763)) - Created group PipelineID=1e4146bf-e63d-4e7a-a2c7-37d161e40c0e
2021-08-16 11:42:57,639 [Command processor thread] INFO  commandhandler.CreatePipelineCommandHandler (CreatePipelineCommandHandler.java:handle(106)) - Created Pipeline RATIS ONE PipelineID=1e4146bf-e63d-4e7a-a2c7-37d161e40c0e.
2021-08-16 11:42:57,639 [Command processor thread] INFO  server.RaftServer (RaftServerProxy.java:addNew(95)) - 746920fe-9ff2-4f62-9ef0-75329d226aec: addNew group-081237031A5E:[f5d97451-a683-4b51-bc71-34cba4ec5656|rpc:10.1.0.5:34463|priority:1, 746920fe-9ff2-4f62-9ef0-75329d226aec|rpc:10.1.0.5:40861|priority:0, 95ef88ee-88ff-45e5-b622-e96a5f390165|rpc:10.1.0.5:37553|priority:0] returns group-081237031A5E:java.util.concurrent.CompletableFuture@67920d5e[Not completed]
2021-08-16 11:42:57,640 [pool-369-thread-1] INFO  server.RaftServer$Division (RaftServerImpl.java:<init>(181)) - 746920fe-9ff2-4f62-9ef0-75329d226aec: new RaftServerImpl for group-081237031A5E:[f5d97451-a683-4b51-bc71-34cba4ec5656|rpc:10.1.0.5:34463|priority:1, 746920fe-9ff2-4f62-9ef0-75329d226aec|rpc:10.1.0.5:40861|priority:0, 95ef88ee-88ff-45e5-b622-e96a5f390165|rpc:10.1.0.5:37553|priority:0] with ContainerStateMachine:uninitialized
2021-08-16 11:42:57,640 [pool-369-thread-1] INFO  server.RaftServerConfigKeys (ConfUtils.java:logGet(44)) - raft.server.rpc.timeout.min = 5s (custom)
2021-08-16 11:42:57,640 [pool-369-thread-1] INFO  server.RaftServerConfigKeys (ConfUtils.java:logGet(44)) - raft.server.rpc.timeout.max = 5200ms (custom)
2021-08-16 11:42:57,640 [pool-369-thread-1] INFO  server.RaftServerConfigKeys (ConfUtils.java:logGet(44)) - raft.server.rpc.sleep.time = 25ms (default)
2021-08-16 11:42:57,640 [pool-369-thread-1] INFO  server.RaftServerConfigKeys (ConfUtils.java:logGet(44)) - raft.server.rpc.slowness.timeout = 300s (custom)
2021-08-16 11:42:57,640 [pool-369-thread-1] INFO  server.RaftServerConfigKeys (ConfUtils.java:logGet(44)) - raft.server.leaderelection.leader.step-down.wait-time = 10s (default)
2021-08-16 11:42:57,640 [pool-369-thread-1] INFO  server.RaftServerConfigKeys (ConfUtils.java:logGet(44)) - raft.server.sleep.deviation.threshold = 300ms (default)
2021-08-16 11:42:57,640 [pool-369-thread-1] INFO  server.RaftServerConfigKeys (ConfUtils.java:logGet(44)) - raft.server.log.appender.install.snapshot.enabled = false (custom)
2021-08-16 11:42:57,640 [pool-369-thread-1] INFO  server.RaftServer$Division (ServerState.java:<init>(105)) - 746920fe-9ff2-4f62-9ef0-75329d226aec@group-081237031A5E: ConfigurationManager, init=-1: [f5d97451-a683-4b51-bc71-34cba4ec5656|rpc:10.1.0.5:34463|priority:1, 746920fe-9ff2-4f62-9ef0-75329d226aec|rpc:10.1.0.5:40861|priority:0, 95ef88ee-88ff-45e5-b622-e96a5f390165|rpc:10.1.0.5:37553|priority:0], old=null, confs=<EMPTY_MAP>
2021-08-16 11:42:57,641 [pool-369-thread-1] INFO  server.RaftServerConfigKeys (ConfUtils.java:logGet(44)) - raft.server.storage.dir = [/home/runner/work/ozone/ozone/hadoop-ozone/integration-test/target/test-dir/MiniOzoneClusterImpl-0a2dcee8-4d86-4433-abec-1f16422e5815/datanode-0/data/ratis] (custom)
2021-08-16 11:42:57,641 [pool-369-thread-1] INFO  server.RaftServerConfigKeys (ConfUtils.java:logGet(44)) - raft.server.log.corruption.policy = EXCEPTION (default)
2021-08-16 11:42:57,641 [pool-369-thread-1] INFO  server.RaftServerConfigKeys (ConfUtils.java:logGet(44)) - raft.server.storage.free-space.min = 0MB (=0) (default)
2021-08-16 11:42:57,641 [pool-369-thread-1] INFO  storage.RaftStorageDirectory (RaftStorageDirectoryImpl.java:analyzeStorage(135)) - The storage directory /home/runner/work/ozone/ozone/hadoop-ozone/integration-test/target/test-dir/MiniOzoneClusterImpl-0a2dcee8-4d86-4433-abec-1f16422e5815/datanode-0/data/ratis/9af539d1-53a2-4710-89e2-081237031a5e does not exist. Creating ...
2021-08-16 11:42:57,643 [pool-369-thread-1] INFO  storage.RaftStorageDirectory (RaftStorageDirectoryImpl.java:tryLock(230)) - Lock on /home/runner/work/ozone/ozone/hadoop-ozone/integration-test/target/test-dir/MiniOzoneClusterImpl-0a2dcee8-4d86-4433-abec-1f16422e5815/datanode-0/data/ratis/9af539d1-53a2-4710-89e2-081237031a5e/in_use.lock acquired by nodename 21308@fv-az270-213
2021-08-16 11:42:57,649 [pool-369-thread-1] INFO  storage.RaftStorage (RaftStorageImpl.java:format(89)) - Storage directory /home/runner/work/ozone/ozone/hadoop-ozone/integration-test/target/test-dir/MiniOzoneClusterImpl-0a2dcee8-4d86-4433-abec-1f16422e5815/datanode-0/data/ratis/9af539d1-53a2-4710-89e2-081237031a5e has been successfully formatted.
2021-08-16 11:42:57,649 [pool-369-thread-1] INFO  ratis.ContainerStateMachine (ContainerStateMachine.java:loadSnapshot(225)) - group-081237031A5E: The snapshot info is null. Setting the last applied indexto:(t:0, i:~)
2021-08-16 11:42:57,649 [pool-369-thread-1] INFO  server.RaftServerConfigKeys (ConfUtils.java:logGet(44)) - raft.server.notification.no-leader.timeout = 300s (custom)
2021-08-16 11:42:57,649 [pool-369-thread-1] INFO  server.RaftServerConfigKeys (ConfUtils.java:logGet(44)) - raft.server.log.use.memory = false (default)
2021-08-16 11:42:57,649 [pool-369-thread-1] INFO  server.RaftServerConfigKeys (ConfUtils.java:logGet(44)) - raft.server.log.purge.gap = 1000000 (custom)
2021-08-16 11:42:57,649 [pool-369-thread-1] INFO  server.RaftServerConfigKeys (ConfUtils.java:logGet(44)) - raft.server.log.appender.buffer.byte-limit = 33554432 (custom)
2021-08-16 11:42:57,650 [pool-369-thread-1] INFO  server.RaftServerConfigKeys (ConfUtils.java:logGet(44)) - raft.server.log.segment.size.max = 1048576 (custom)
2021-08-16 11:42:57,650 [Datanode State Machine Thread - 0] WARN  statemachine.StateContext (StateContext.java:execute(621)) - No available thread in pool for past 1 seconds.
2021-08-16 11:42:57,650 [pool-369-thread-1] INFO  server.RaftServerConfigKeys (ConfUtils.java:logGet(44)) - raft.server.log.segment.cache.num.max = 2 (custom)
2021-08-16 11:42:57,650 [pool-369-thread-1] INFO  server.RaftServerConfigKeys (ConfUtils.java:logGet(44)) - raft.server.log.segment.cache.size.max = 200MB (=209715200) (default)
2021-08-16 11:42:57,650 [pool-369-thread-1] INFO  segmented.SegmentedRaftLogWorker (SegmentedRaftLogWorker.java:<init>(182)) - new 746920fe-9ff2-4f62-9ef0-75329d226aec@group-081237031A5E-SegmentedRaftLogWorker for RaftStorageImpl:Storage Directory /home/runner/work/ozone/ozone/hadoop-ozone/integration-test/target/test-dir/MiniOzoneClusterImpl-0a2dcee8-4d86-4433-abec-1f16422e5815/datanode-0/data/ratis/9af539d1-53a2-4710-89e2-081237031a5e
2021-08-16 11:42:57,650 [pool-369-thread-1] INFO  server.RaftServerConfigKeys (ConfUtils.java:logGet(44)) - raft.server.log.queue.byte-limit = 2147483647 (custom)
2021-08-16 11:42:57,650 [pool-369-thread-1] INFO  server.RaftServerConfigKeys (ConfUtils.java:logGet(44)) - raft.server.log.queue.element-limit = 1024 (custom)
2021-08-16 11:42:57,650 [pool-369-thread-1] INFO  server.RaftServerConfigKeys (ConfUtils.java:logGet(44)) - raft.server.log.segment.size.max = 1048576 (custom)
2021-08-16 11:42:57,650 [pool-369-thread-1] INFO  server.RaftServerConfigKeys (ConfUtils.java:logGet(44)) - raft.server.log.preallocated.size = 16384 (custom)
2021-08-16 11:42:57,650 [pool-369-thread-1] INFO  server.RaftServerConfigKeys (ConfUtils.java:logGet(44)) - raft.server.log.force.sync.num = 128 (default)
2021-08-16 11:42:57,650 [pool-369-thread-1] INFO  server.RaftServerConfigKeys (ConfUtils.java:logGet(44)) - raft.server.log.statemachine.data.sync = true (default)
2021-08-16 11:42:57,650 [pool-369-thread-1] INFO  server.RaftServerConfigKeys (ConfUtils.java:logGet(44)) - raft.server.log.statemachine.data.sync.timeout = 10s (default)
2021-08-16 11:42:57,651 [pool-369-thread-1] INFO  server.RaftServerConfigKeys (ConfUtils.java:logGet(44)) - raft.server.log.statemachine.data.sync.timeout.retry = -1 (default)
2021-08-16 11:42:57,651 [pool-369-thread-1] INFO  server.RaftServerConfigKeys (ConfUtils.java:logGet(44)) - raft.server.log.write.buffer.size = 1048576 (custom)
2021-08-16 11:42:57,652 [pool-369-thread-1] INFO  server.RaftServerConfigKeys (ConfUtils.java:logGet(44)) - raft.server.log.statemachine.data.caching.enabled = true (custom)
2021-08-16 11:42:57,652 [pool-369-thread-1] INFO  segmented.SegmentedRaftLogWorker (SegmentedRaftLogWorker.java:lambda$new$0(133)) - 746920fe-9ff2-4f62-9ef0-75329d226aec@group-081237031A5E-SegmentedRaftLogWorker: flushIndex: setUnconditionally 0 -> -1
2021-08-16 11:42:57,652 [pool-369-thread-1] INFO  segmented.SegmentedRaftLogWorker (SegmentedRaftLogWorker.java:lambda$new$0(133)) - 746920fe-9ff2-4f62-9ef0-75329d226aec@group-081237031A5E-SegmentedRaftLogWorker: safeCacheEvictIndex: setUnconditionally 0 -> -1
2021-08-16 11:42:57,660 [pool-369-thread-1] INFO  server.RaftServerConfigKeys (ConfUtils.java:logGet(44)) - raft.server.snapshot.auto.trigger.enabled = true (custom)
2021-08-16 11:42:57,660 [pool-369-thread-1] INFO  server.RaftServerConfigKeys (ConfUtils.java:logGet(44)) - raft.server.snapshot.auto.trigger.threshold = 10000 (custom)
2021-08-16 11:42:57,660 [pool-369-thread-1] INFO  server.RaftServerConfigKeys (ConfUtils.java:logGet(44)) - raft.server.snapshot.retention.file.num = 5 (custom)
2021-08-16 11:42:57,660 [pool-369-thread-1] INFO  server.RaftServerConfigKeys (ConfUtils.java:logGet(44)) - raft.server.log.purge.upto.snapshot.index = false (default)
2021-08-16 11:42:57,660 [pool-369-thread-1] INFO  server.RaftServerConfigKeys (ConfUtils.java:logGet(44)) - raft.server.retrycache.expirytime = 600000ms (custom)
2021-08-16 11:42:57,660 [pool-369-thread-1] INFO  server.RaftServerConfigKeys (ConfUtils.java:logGet(44)) - raft.server.retrycache.statistics.expirytime = 100μs (default)
2021-08-16 11:42:57,661 [pool-369-thread-1] INFO  server.RaftServer$Division (RaftServerImpl.java:start(296)) - 746920fe-9ff2-4f62-9ef0-75329d226aec@group-081237031A5E: start as a follower, conf=-1: [f5d97451-a683-4b51-bc71-34cba4ec5656|rpc:10.1.0.5:34463|priority:1, 746920fe-9ff2-4f62-9ef0-75329d226aec|rpc:10.1.0.5:40861|priority:0, 95ef88ee-88ff-45e5-b622-e96a5f390165|rpc:10.1.0.5:37553|priority:0], old=null
2021-08-16 11:42:57,673 [EventQueue-OpenPipelineForHealthyPipelineSafeModeRule] INFO  safemode.SCMSafeModeManager (HealthyPipelineSafeModeRule.java:process(124)) - SCM in safe mode. Healthy pipelines reported count is 0, required healthy pipeline reported count is 1
2021-08-16 11:42:57,674 [EventQueue-OpenPipelineForHealthyPipelineSafeModeRule] INFO  safemode.SCMSafeModeManager (HealthyPipelineSafeModeRule.java:process(124)) - SCM in safe mode. Healthy pipelines reported count is 0, required healthy pipeline reported count is 1
2021-08-16 11:42:57,674 [pool-369-thread-1] INFO  server.RaftServer$Division (RaftServerImpl.java:setRole(285)) - 746920fe-9ff2-4f62-9ef0-75329d226aec@group-081237031A5E: changes role from      null to FOLLOWER at term 0 for startAsFollower
2021-08-16 11:42:57,674 [pool-369-thread-1] INFO  impl.RoleInfo (RoleInfo.java:updateAndGet(130)) - 746920fe-9ff2-4f62-9ef0-75329d226aec: start 746920fe-9ff2-4f62-9ef0-75329d226aec@group-081237031A5E-FollowerState
2021-08-16 11:42:57,681 [pool-369-thread-1] INFO  util.JmxRegister (JmxRegister.java:tryRegister(44)) - Successfully registered JMX Bean with object name Ratis:service=RaftServer,group=group-081237031A5E,id=746920fe-9ff2-4f62-9ef0-75329d226aec
2021-08-16 11:42:57,685 [Command processor thread] INFO  ratis.XceiverServerRatis (XceiverServerRatis.java:addGroup(763)) - Created group PipelineID=9af539d1-53a2-4710-89e2-081237031a5e
2021-08-16 11:42:57,765 [grpc-default-executor-0] INFO  server.RaftServer (RaftServerProxy.java:addNew(95)) - f5d97451-a683-4b51-bc71-34cba4ec5656: addNew group-081237031A5E:[f5d97451-a683-4b51-bc71-34cba4ec5656|rpc:10.1.0.5:34463|dataStream:|priority:1, 746920fe-9ff2-4f62-9ef0-75329d226aec|rpc:10.1.0.5:40861|dataStream:|priority:0, 95ef88ee-88ff-45e5-b622-e96a5f390165|rpc:10.1.0.5:37553|dataStream:|priority:0] returns group-081237031A5E:java.util.concurrent.CompletableFuture@7e303cf9[Not completed]
2021-08-16 11:42:57,782 [pool-388-thread-1] INFO  server.RaftServer$Division (RaftServerImpl.java:<init>(181)) - f5d97451-a683-4b51-bc71-34cba4ec5656: new RaftServerImpl for group-081237031A5E:[f5d97451-a683-4b51-bc71-34cba4ec5656|rpc:10.1.0.5:34463|dataStream:|priority:1, 746920fe-9ff2-4f62-9ef0-75329d226aec|rpc:10.1.0.5:40861|dataStream:|priority:0, 95ef88ee-88ff-45e5-b622-e96a5f390165|rpc:10.1.0.5:37553|dataStream:|priority:0] with ContainerStateMachine:uninitialized
2021-08-16 11:42:57,783 [pool-388-thread-1] INFO  server.RaftServerConfigKeys (ConfUtils.java:logGet(44)) - raft.server.rpc.timeout.min = 5s (custom)
2021-08-16 11:42:57,783 [pool-388-thread-1] INFO  server.RaftServerConfigKeys (ConfUtils.java:logGet(44)) - raft.server.rpc.timeout.max = 5200ms (custom)
2021-08-16 11:42:57,783 [pool-388-thread-1] INFO  server.RaftServerConfigKeys (ConfUtils.java:logGet(44)) - raft.server.rpc.sleep.time = 25ms (default)
2021-08-16 11:42:57,783 [pool-388-thread-1] INFO  server.RaftServerConfigKeys (ConfUtils.java:logGet(44)) - raft.server.rpc.slowness.timeout = 300s (custom)
2021-08-16 11:42:57,783 [pool-388-thread-1] INFO  server.RaftServerConfigKeys (ConfUtils.java:logGet(44)) - raft.server.leaderelection.leader.step-down.wait-time = 10s (default)
2021-08-16 11:42:57,783 [pool-388-thread-1] INFO  server.RaftServerConfigKeys (ConfUtils.java:logGet(44)) - raft.server.sleep.deviation.threshold = 300ms (default)
2021-08-16 11:42:57,783 [pool-388-thread-1] INFO  server.RaftServerConfigKeys (ConfUtils.java:logGet(44)) - raft.server.log.appender.install.snapshot.enabled = false (custom)
2021-08-16 11:42:57,783 [pool-388-thread-1] INFO  server.RaftServer$Division (ServerState.java:<init>(105)) - f5d97451-a683-4b51-bc71-34cba4ec5656@group-081237031A5E: ConfigurationManager, init=-1: [f5d97451-a683-4b51-bc71-34cba4ec5656|rpc:10.1.0.5:34463|dataStream:|priority:1, 746920fe-9ff2-4f62-9ef0-75329d226aec|rpc:10.1.0.5:40861|dataStream:|priority:0, 95ef88ee-88ff-45e5-b622-e96a5f390165|rpc:10.1.0.5:37553|dataStream:|priority:0], old=null, confs=<EMPTY_MAP>
2021-08-16 11:42:57,783 [pool-388-thread-1] INFO  server.RaftServerConfigKeys (ConfUtils.java:logGet(44)) - raft.server.storage.dir = [/home/runner/work/ozone/ozone/hadoop-ozone/integration-test/target/test-dir/MiniOzoneClusterImpl-0a2dcee8-4d86-4433-abec-1f16422e5815/datanode-1/data/ratis] (custom)
2021-08-16 11:42:57,783 [pool-388-thread-1] INFO  server.RaftServerConfigKeys (ConfUtils.java:logGet(44)) - raft.server.log.corruption.policy = EXCEPTION (default)
2021-08-16 11:42:57,793 [pool-388-thread-1] INFO  server.RaftServerConfigKeys (ConfUtils.java:logGet(44)) - raft.server.storage.free-space.min = 0MB (=0) (default)
2021-08-16 11:42:57,794 [pool-388-thread-1] INFO  storage.RaftStorageDirectory (RaftStorageDirectoryImpl.java:analyzeStorage(135)) - The storage directory /home/runner/work/ozone/ozone/hadoop-ozone/integration-test/target/test-dir/MiniOzoneClusterImpl-0a2dcee8-4d86-4433-abec-1f16422e5815/datanode-1/data/ratis/9af539d1-53a2-4710-89e2-081237031a5e does not exist. Creating ...
2021-08-16 11:42:57,795 [pool-388-thread-1] INFO  storage.RaftStorageDirectory (RaftStorageDirectoryImpl.java:tryLock(230)) - Lock on /home/runner/work/ozone/ozone/hadoop-ozone/integration-test/target/test-dir/MiniOzoneClusterImpl-0a2dcee8-4d86-4433-abec-1f16422e5815/datanode-1/data/ratis/9af539d1-53a2-4710-89e2-081237031a5e/in_use.lock acquired by nodename 21308@fv-az270-213
2021-08-16 11:42:57,797 [pool-388-thread-1] INFO  storage.RaftStorage (RaftStorageImpl.java:format(89)) - Storage directory /home/runner/work/ozone/ozone/hadoop-ozone/integration-test/target/test-dir/MiniOzoneClusterImpl-0a2dcee8-4d86-4433-abec-1f16422e5815/datanode-1/data/ratis/9af539d1-53a2-4710-89e2-081237031a5e has been successfully formatted.
2021-08-16 11:42:57,798 [pool-388-thread-1] INFO  ratis.ContainerStateMachine (ContainerStateMachine.java:loadSnapshot(225)) - group-081237031A5E: The snapshot info is null. Setting the last applied indexto:(t:0, i:~)
2021-08-16 11:42:57,798 [pool-388-thread-1] INFO  server.RaftServerConfigKeys (ConfUtils.java:logGet(44)) - raft.server.notification.no-leader.timeout = 300s (custom)
2021-08-16 11:42:57,798 [pool-388-thread-1] INFO  server.RaftServerConfigKeys (ConfUtils.java:logGet(44)) - raft.server.log.use.memory = false (default)
2021-08-16 11:42:57,798 [pool-388-thread-1] INFO  server.RaftServerConfigKeys (ConfUtils.java:logGet(44)) - raft.server.log.purge.gap = 1000000 (custom)
2021-08-16 11:42:57,798 [pool-388-thread-1] INFO  server.RaftServerConfigKeys (ConfUtils.java:logGet(44)) - raft.server.log.appender.buffer.byte-limit = 33554432 (custom)
2021-08-16 11:42:57,799 [pool-388-thread-1] INFO  server.RaftServerConfigKeys (ConfUtils.java:logGet(44)) - raft.server.log.segment.size.max = 1048576 (custom)
2021-08-16 11:42:57,799 [pool-388-thread-1] INFO  server.RaftServerConfigKeys (ConfUtils.java:logGet(44)) - raft.server.log.segment.cache.num.max = 2 (custom)
2021-08-16 11:42:57,799 [pool-388-thread-1] INFO  server.RaftServerConfigKeys (ConfUtils.java:logGet(44)) - raft.server.log.segment.cache.size.max = 200MB (=209715200) (default)
2021-08-16 11:42:57,799 [pool-388-thread-1] INFO  segmented.SegmentedRaftLogWorker (SegmentedRaftLogWorker.java:<init>(182)) - new f5d97451-a683-4b51-bc71-34cba4ec5656@group-081237031A5E-SegmentedRaftLogWorker for RaftStorageImpl:Storage Directory /home/runner/work/ozone/ozone/hadoop-ozone/integration-test/target/test-dir/MiniOzoneClusterImpl-0a2dcee8-4d86-4433-abec-1f16422e5815/datanode-1/data/ratis/9af539d1-53a2-4710-89e2-081237031a5e
2021-08-16 11:42:57,799 [pool-388-thread-1] INFO  server.RaftServerConfigKeys (ConfUtils.java:logGet(44)) - raft.server.log.queue.byte-limit = 2147483647 (custom)
2021-08-16 11:42:57,799 [pool-388-thread-1] INFO  server.RaftServerConfigKeys (ConfUtils.java:logGet(44)) - raft.server.log.queue.element-limit = 1024 (custom)
2021-08-16 11:42:57,799 [pool-388-thread-1] INFO  server.RaftServerConfigKeys (ConfUtils.java:logGet(44)) - raft.server.log.segment.size.max = 1048576 (custom)
2021-08-16 11:42:57,799 [pool-388-thread-1] INFO  server.RaftServerConfigKeys (ConfUtils.java:logGet(44)) - raft.server.log.preallocated.size = 16384 (custom)
2021-08-16 11:42:57,799 [pool-388-thread-1] INFO  server.RaftServerConfigKeys (ConfUtils.java:logGet(44)) - raft.server.log.force.sync.num = 128 (default)
2021-08-16 11:42:57,799 [pool-388-thread-1] INFO  server.RaftServerConfigKeys (ConfUtils.java:logGet(44)) - raft.server.log.statemachine.data.sync = true (default)
2021-08-16 11:42:57,799 [pool-388-thread-1] INFO  server.RaftServerConfigKeys (ConfUtils.java:logGet(44)) - raft.server.log.statemachine.data.sync.timeout = 10s (default)
2021-08-16 11:42:57,799 [pool-388-thread-1] INFO  server.RaftServerConfigKeys (ConfUtils.java:logGet(44)) - raft.server.log.statemachine.data.sync.timeout.retry = -1 (default)
2021-08-16 11:42:57,802 [pool-388-thread-1] INFO  server.RaftServerConfigKeys (ConfUtils.java:logGet(44)) - raft.server.log.write.buffer.size = 1048576 (custom)
2021-08-16 11:42:57,802 [pool-388-thread-1] INFO  server.RaftServerConfigKeys (ConfUtils.java:logGet(44)) - raft.server.log.statemachine.data.caching.enabled = true (custom)
2021-08-16 11:42:57,802 [pool-388-thread-1] INFO  segmented.SegmentedRaftLogWorker (SegmentedRaftLogWorker.java:lambda$new$0(133)) - f5d97451-a683-4b51-bc71-34cba4ec5656@group-081237031A5E-SegmentedRaftLogWorker: flushIndex: setUnconditionally 0 -> -1
2021-08-16 11:42:57,802 [pool-388-thread-1] INFO  segmented.SegmentedRaftLogWorker (SegmentedRaftLogWorker.java:lambda$new$0(133)) - f5d97451-a683-4b51-bc71-34cba4ec5656@group-081237031A5E-SegmentedRaftLogWorker: safeCacheEvictIndex: setUnconditionally 0 -> -1
2021-08-16 11:42:57,809 [pool-388-thread-1] INFO  server.RaftServerConfigKeys (ConfUtils.java:logGet(44)) - raft.server.snapshot.auto.trigger.enabled = true (custom)
2021-08-16 11:42:57,809 [pool-388-thread-1] INFO  server.RaftServerConfigKeys (ConfUtils.java:logGet(44)) - raft.server.snapshot.auto.trigger.threshold = 10000 (custom)
2021-08-16 11:42:57,809 [pool-388-thread-1] INFO  server.RaftServerConfigKeys (ConfUtils.java:logGet(44)) - raft.server.snapshot.retention.file.num = 5 (custom)
2021-08-16 11:42:57,809 [pool-388-thread-1] INFO  server.RaftServerConfigKeys (ConfUtils.java:logGet(44)) - raft.server.log.purge.upto.snapshot.index = false (default)
2021-08-16 11:42:57,809 [pool-388-thread-1] INFO  server.RaftServerConfigKeys (ConfUtils.java:logGet(44)) - raft.server.retrycache.expirytime = 600000ms (custom)
2021-08-16 11:42:57,809 [pool-388-thread-1] INFO  server.RaftServerConfigKeys (ConfUtils.java:logGet(44)) - raft.server.retrycache.statistics.expirytime = 100μs (default)
2021-08-16 11:42:57,810 [pool-388-thread-1] INFO  server.RaftServer$Division (RaftServerImpl.java:start(296)) - f5d97451-a683-4b51-bc71-34cba4ec5656@group-081237031A5E: start as a follower, conf=-1: [f5d97451-a683-4b51-bc71-34cba4ec5656|rpc:10.1.0.5:34463|dataStream:|priority:1, 746920fe-9ff2-4f62-9ef0-75329d226aec|rpc:10.1.0.5:40861|dataStream:|priority:0, 95ef88ee-88ff-45e5-b622-e96a5f390165|rpc:10.1.0.5:37553|dataStream:|priority:0], old=null
2021-08-16 11:42:57,810 [pool-388-thread-1] INFO  server.RaftServer$Division (RaftServerImpl.java:setRole(285)) - f5d97451-a683-4b51-bc71-34cba4ec5656@group-081237031A5E: changes role from      null to FOLLOWER at term 0 for startAsFollower
2021-08-16 11:42:57,810 [pool-388-thread-1] INFO  impl.RoleInfo (RoleInfo.java:updateAndGet(130)) - f5d97451-a683-4b51-bc71-34cba4ec5656: start f5d97451-a683-4b51-bc71-34cba4ec5656@group-081237031A5E-FollowerState
2021-08-16 11:42:57,811 [pool-388-thread-1] INFO  util.JmxRegister (JmxRegister.java:tryRegister(44)) - Successfully registered JMX Bean with object name Ratis:service=RaftServer,group=group-081237031A5E,id=f5d97451-a683-4b51-bc71-34cba4ec5656
2021-08-16 11:42:57,921 [grpc-default-executor-0] INFO  server.RaftServer (RaftServerProxy.java:addNew(95)) - 95ef88ee-88ff-45e5-b622-e96a5f390165: addNew group-081237031A5E:[f5d97451-a683-4b51-bc71-34cba4ec5656|rpc:10.1.0.5:34463|dataStream:|priority:1, 746920fe-9ff2-4f62-9ef0-75329d226aec|rpc:10.1.0.5:40861|dataStream:|priority:0, 95ef88ee-88ff-45e5-b622-e96a5f390165|rpc:10.1.0.5:37553|dataStream:|priority:0] returns group-081237031A5E:java.util.concurrent.CompletableFuture@7c51ae5a[Not completed]
2021-08-16 11:42:57,922 [pool-407-thread-1] INFO  server.RaftServer$Division (RaftServerImpl.java:<init>(181)) - 95ef88ee-88ff-45e5-b622-e96a5f390165: new RaftServerImpl for group-081237031A5E:[f5d97451-a683-4b51-bc71-34cba4ec5656|rpc:10.1.0.5:34463|dataStream:|priority:1, 746920fe-9ff2-4f62-9ef0-75329d226aec|rpc:10.1.0.5:40861|dataStream:|priority:0, 95ef88ee-88ff-45e5-b622-e96a5f390165|rpc:10.1.0.5:37553|dataStream:|priority:0] with ContainerStateMachine:uninitialized
2021-08-16 11:42:57,949 [pool-407-thread-1] INFO  server.RaftServerConfigKeys (ConfUtils.java:logGet(44)) - raft.server.rpc.timeout.min = 5s (custom)
2021-08-16 11:42:57,949 [pool-407-thread-1] INFO  server.RaftServerConfigKeys (ConfUtils.java:logGet(44)) - raft.server.rpc.timeout.max = 5200ms (custom)
2021-08-16 11:42:57,949 [pool-407-thread-1] INFO  server.RaftServerConfigKeys (ConfUtils.java:logGet(44)) - raft.server.rpc.sleep.time = 25ms (default)
2021-08-16 11:42:57,949 [pool-407-thread-1] INFO  server.RaftServerConfigKeys (ConfUtils.java:logGet(44)) - raft.server.rpc.slowness.timeout = 300s (custom)
2021-08-16 11:42:57,949 [pool-407-thread-1] INFO  server.RaftServerConfigKeys (ConfUtils.java:logGet(44)) - raft.server.leaderelection.leader.step-down.wait-time = 10s (default)
2021-08-16 11:42:57,949 [pool-407-thread-1] INFO  server.RaftServerConfigKeys (ConfUtils.java:logGet(44)) - raft.server.sleep.deviation.threshold = 300ms (default)
2021-08-16 11:42:57,949 [pool-407-thread-1] INFO  server.RaftServerConfigKeys (ConfUtils.java:logGet(44)) - raft.server.log.appender.install.snapshot.enabled = false (custom)
2021-08-16 11:42:57,949 [pool-407-thread-1] INFO  server.RaftServer$Division (ServerState.java:<init>(105)) - 95ef88ee-88ff-45e5-b622-e96a5f390165@group-081237031A5E: ConfigurationManager, init=-1: [f5d97451-a683-4b51-bc71-34cba4ec5656|rpc:10.1.0.5:34463|dataStream:|priority:1, 746920fe-9ff2-4f62-9ef0-75329d226aec|rpc:10.1.0.5:40861|dataStream:|priority:0, 95ef88ee-88ff-45e5-b622-e96a5f390165|rpc:10.1.0.5:37553|dataStream:|priority:0], old=null, confs=<EMPTY_MAP>
2021-08-16 11:42:57,949 [pool-407-thread-1] INFO  server.RaftServerConfigKeys (ConfUtils.java:logGet(44)) - raft.server.storage.dir = [/home/runner/work/ozone/ozone/hadoop-ozone/integration-test/target/test-dir/MiniOzoneClusterImpl-0a2dcee8-4d86-4433-abec-1f16422e5815/datanode-2/data/ratis] (custom)
2021-08-16 11:42:57,950 [pool-407-thread-1] INFO  server.RaftServerConfigKeys (ConfUtils.java:logGet(44)) - raft.server.log.corruption.policy = EXCEPTION (default)
2021-08-16 11:42:57,950 [pool-407-thread-1] INFO  server.RaftServerConfigKeys (ConfUtils.java:logGet(44)) - raft.server.storage.free-space.min = 0MB (=0) (default)
2021-08-16 11:42:57,950 [pool-407-thread-1] INFO  storage.RaftStorageDirectory (RaftStorageDirectoryImpl.java:analyzeStorage(135)) - The storage directory /home/runner/work/ozone/ozone/hadoop-ozone/integration-test/target/test-dir/MiniOzoneClusterImpl-0a2dcee8-4d86-4433-abec-1f16422e5815/datanode-2/data/ratis/9af539d1-53a2-4710-89e2-081237031a5e does not exist. Creating ...
2021-08-16 11:42:57,953 [pool-407-thread-1] INFO  storage.RaftStorageDirectory (RaftStorageDirectoryImpl.java:tryLock(230)) - Lock on /home/runner/work/ozone/ozone/hadoop-ozone/integration-test/target/test-dir/MiniOzoneClusterImpl-0a2dcee8-4d86-4433-abec-1f16422e5815/datanode-2/data/ratis/9af539d1-53a2-4710-89e2-081237031a5e/in_use.lock acquired by nodename 21308@fv-az270-213
2021-08-16 11:42:57,956 [pool-407-thread-1] INFO  storage.RaftStorage (RaftStorageImpl.java:format(89)) - Storage directory /home/runner/work/ozone/ozone/hadoop-ozone/integration-test/target/test-dir/MiniOzoneClusterImpl-0a2dcee8-4d86-4433-abec-1f16422e5815/datanode-2/data/ratis/9af539d1-53a2-4710-89e2-081237031a5e has been successfully formatted.
2021-08-16 11:42:57,958 [pool-407-thread-1] INFO  ratis.ContainerStateMachine (ContainerStateMachine.java:loadSnapshot(225)) - group-081237031A5E: The snapshot info is null. Setting the last applied indexto:(t:0, i:~)
2021-08-16 11:42:57,969 [Datanode State Machine Thread - 0] WARN  statemachine.StateContext (StateContext.java:execute(621)) - No available thread in pool for past 1 seconds.
2021-08-16 11:42:57,973 [pool-407-thread-1] INFO  server.RaftServerConfigKeys (ConfUtils.java:logGet(44)) - raft.server.notification.no-leader.timeout = 300s (custom)
2021-08-16 11:42:57,973 [pool-407-thread-1] INFO  server.RaftServerConfigKeys (ConfUtils.java:logGet(44)) - raft.server.log.use.memory = false (default)
2021-08-16 11:42:57,973 [pool-407-thread-1] INFO  server.RaftServerConfigKeys (ConfUtils.java:logGet(44)) - raft.server.log.purge.gap = 1000000 (custom)
2021-08-16 11:42:57,973 [pool-407-thread-1] INFO  server.RaftServerConfigKeys (ConfUtils.java:logGet(44)) - raft.server.log.appender.buffer.byte-limit = 33554432 (custom)
2021-08-16 11:42:57,974 [pool-407-thread-1] INFO  server.RaftServerConfigKeys (ConfUtils.java:logGet(44)) - raft.server.log.segment.size.max = 1048576 (custom)
2021-08-16 11:42:57,974 [pool-407-thread-1] INFO  server.RaftServerConfigKeys (ConfUtils.java:logGet(44)) - raft.server.log.segment.cache.num.max = 2 (custom)
2021-08-16 11:42:57,974 [pool-407-thread-1] INFO  server.RaftServerConfigKeys (ConfUtils.java:logGet(44)) - raft.server.log.segment.cache.size.max = 200MB (=209715200) (default)
2021-08-16 11:42:57,974 [pool-407-thread-1] INFO  segmented.SegmentedRaftLogWorker (SegmentedRaftLogWorker.java:<init>(182)) - new 95ef88ee-88ff-45e5-b622-e96a5f390165@group-081237031A5E-SegmentedRaftLogWorker for RaftStorageImpl:Storage Directory /home/runner/work/ozone/ozone/hadoop-ozone/integration-test/target/test-dir/MiniOzoneClusterImpl-0a2dcee8-4d86-4433-abec-1f16422e5815/datanode-2/data/ratis/9af539d1-53a2-4710-89e2-081237031a5e
2021-08-16 11:42:57,974 [pool-407-thread-1] INFO  server.RaftServerConfigKeys (ConfUtils.java:logGet(44)) - raft.server.log.queue.byte-limit = 2147483647 (custom)
2021-08-16 11:42:57,974 [pool-407-thread-1] INFO  server.RaftServerConfigKeys (ConfUtils.java:logGet(44)) - raft.server.log.queue.element-limit = 1024 (custom)
2021-08-16 11:42:57,974 [pool-407-thread-1] INFO  server.RaftServerConfigKeys (ConfUtils.java:logGet(44)) - raft.server.log.segment.size.max = 1048576 (custom)
2021-08-16 11:42:57,974 [pool-407-thread-1] INFO  server.RaftServerConfigKeys (ConfUtils.java:logGet(44)) - raft.server.log.preallocated.size = 16384 (custom)
2021-08-16 11:42:57,974 [pool-407-thread-1] INFO  server.RaftServerConfigKeys (ConfUtils.java:logGet(44)) - raft.server.log.force.sync.num = 128 (default)
2021-08-16 11:42:57,974 [pool-407-thread-1] INFO  server.RaftServerConfigKeys (ConfUtils.java:logGet(44)) - raft.server.log.statemachine.data.sync = true (default)
2021-08-16 11:42:57,974 [pool-407-thread-1] INFO  server.RaftServerConfigKeys (ConfUtils.java:logGet(44)) - raft.server.log.statemachine.data.sync.timeout = 10s (default)
2021-08-16 11:42:57,974 [pool-407-thread-1] INFO  server.RaftServerConfigKeys (ConfUtils.java:logGet(44)) - raft.server.log.statemachine.data.sync.timeout.retry = -1 (default)
2021-08-16 11:42:57,975 [pool-407-thread-1] INFO  server.RaftServerConfigKeys (ConfUtils.java:logGet(44)) - raft.server.log.write.buffer.size = 1048576 (custom)
2021-08-16 11:42:57,976 [pool-407-thread-1] INFO  server.RaftServerConfigKeys (ConfUtils.java:logGet(44)) - raft.server.log.statemachine.data.caching.enabled = true (custom)
2021-08-16 11:42:57,976 [pool-407-thread-1] INFO  segmented.SegmentedRaftLogWorker (SegmentedRaftLogWorker.java:lambda$new$0(133)) - 95ef88ee-88ff-45e5-b622-e96a5f390165@group-081237031A5E-SegmentedRaftLogWorker: flushIndex: setUnconditionally 0 -> -1
2021-08-16 11:42:57,976 [pool-407-thread-1] INFO  segmented.SegmentedRaftLogWorker (SegmentedRaftLogWorker.java:lambda$new$0(133)) - 95ef88ee-88ff-45e5-b622-e96a5f390165@group-081237031A5E-SegmentedRaftLogWorker: safeCacheEvictIndex: setUnconditionally 0 -> -1
2021-08-16 11:42:57,979 [Listener at 127.0.0.1/39025] INFO  ozone.MiniOzoneClusterImpl (MiniOzoneClusterImpl.java:lambda$waitForClusterToBeReady$0(235)) - Nodes are ready. Got 3 of 3 DN Heartbeats.
2021-08-16 11:42:57,979 [Listener at 127.0.0.1/39025] INFO  ozone.MiniOzoneClusterImpl (MiniOzoneClusterImpl.java:lambda$waitForClusterToBeReady$0(238)) - Waiting for cluster to exit safe mode
2021-08-16 11:42:57,979 [Listener at 127.0.0.1/39025] INFO  ozone.MiniOzoneClusterImpl (MiniOzoneClusterImpl.java:lambda$waitForClusterToBeReady$0(240)) - SCM became leader
2021-08-16 11:42:57,990 [pool-407-thread-1] INFO  server.RaftServerConfigKeys (ConfUtils.java:logGet(44)) - raft.server.snapshot.auto.trigger.enabled = true (custom)
2021-08-16 11:42:57,990 [pool-407-thread-1] INFO  server.RaftServerConfigKeys (ConfUtils.java:logGet(44)) - raft.server.snapshot.auto.trigger.threshold = 10000 (custom)
2021-08-16 11:42:57,990 [pool-407-thread-1] INFO  server.RaftServerConfigKeys (ConfUtils.java:logGet(44)) - raft.server.snapshot.retention.file.num = 5 (custom)
2021-08-16 11:42:57,990 [pool-407-thread-1] INFO  server.RaftServerConfigKeys (ConfUtils.java:logGet(44)) - raft.server.log.purge.upto.snapshot.index = false (default)
2021-08-16 11:42:57,990 [pool-407-thread-1] INFO  server.RaftServerConfigKeys (ConfUtils.java:logGet(44)) - raft.server.retrycache.expirytime = 600000ms (custom)
2021-08-16 11:42:57,991 [pool-407-thread-1] INFO  server.RaftServerConfigKeys (ConfUtils.java:logGet(44)) - raft.server.retrycache.statistics.expirytime = 100μs (default)
2021-08-16 11:42:57,992 [pool-407-thread-1] INFO  server.RaftServer$Division (RaftServerImpl.java:start(296)) - 95ef88ee-88ff-45e5-b622-e96a5f390165@group-081237031A5E: start as a follower, conf=-1: [f5d97451-a683-4b51-bc71-34cba4ec5656|rpc:10.1.0.5:34463|dataStream:|priority:1, 746920fe-9ff2-4f62-9ef0-75329d226aec|rpc:10.1.0.5:40861|dataStream:|priority:0, 95ef88ee-88ff-45e5-b622-e96a5f390165|rpc:10.1.0.5:37553|dataStream:|priority:0], old=null
2021-08-16 11:42:57,992 [pool-407-thread-1] INFO  server.RaftServer$Division (RaftServerImpl.java:setRole(285)) - 95ef88ee-88ff-45e5-b622-e96a5f390165@group-081237031A5E: changes role from      null to FOLLOWER at term 0 for startAsFollower
2021-08-16 11:42:57,992 [pool-407-thread-1] INFO  impl.RoleInfo (RoleInfo.java:updateAndGet(130)) - 95ef88ee-88ff-45e5-b622-e96a5f390165: start 95ef88ee-88ff-45e5-b622-e96a5f390165@group-081237031A5E-FollowerState
2021-08-16 11:42:57,995 [pool-407-thread-1] INFO  util.JmxRegister (JmxRegister.java:tryRegister(44)) - Successfully registered JMX Bean with object name Ratis:service=RaftServer,group=group-081237031A5E,id=95ef88ee-88ff-45e5-b622-e96a5f390165
2021-08-16 11:42:58,142 [Command processor thread] INFO  commandhandler.CreatePipelineCommandHandler (CreatePipelineCommandHandler.java:handle(106)) - Created Pipeline RATIS THREE PipelineID=9af539d1-53a2-4710-89e2-081237031a5e.
2021-08-16 11:42:58,142 [Command processor thread] INFO  server.RaftServer (RaftServerProxy.java:addNew(95)) - 746920fe-9ff2-4f62-9ef0-75329d226aec: addNew group-9A926D8E1E28:[f5d97451-a683-4b51-bc71-34cba4ec5656|rpc:10.1.0.5:34463|priority:0, 746920fe-9ff2-4f62-9ef0-75329d226aec|rpc:10.1.0.5:40861|priority:1, 95ef88ee-88ff-45e5-b622-e96a5f390165|rpc:10.1.0.5:37553|priority:0] returns group-9A926D8E1E28:java.util.concurrent.CompletableFuture@34323765[Not completed]
2021-08-16 11:42:58,143 [pool-369-thread-1] INFO  server.RaftServer$Division (RaftServerImpl.java:<init>(181)) - 746920fe-9ff2-4f62-9ef0-75329d226aec: new RaftServerImpl for group-9A926D8E1E28:[f5d97451-a683-4b51-bc71-34cba4ec5656|rpc:10.1.0.5:34463|priority:0, 746920fe-9ff2-4f62-9ef0-75329d226aec|rpc:10.1.0.5:40861|priority:1, 95ef88ee-88ff-45e5-b622-e96a5f390165|rpc:10.1.0.5:37553|priority:0] with ContainerStateMachine:uninitialized
2021-08-16 11:42:58,143 [pool-369-thread-1] INFO  server.RaftServerConfigKeys (ConfUtils.java:logGet(44)) - raft.server.rpc.timeout.min = 5s (custom)
2021-08-16 11:42:58,143 [pool-369-thread-1] INFO  server.RaftServerConfigKeys (ConfUtils.java:logGet(44)) - raft.server.rpc.timeout.max = 5200ms (custom)
2021-08-16 11:42:58,143 [pool-369-thread-1] INFO  server.RaftServerConfigKeys (ConfUtils.java:logGet(44)) - raft.server.rpc.sleep.time = 25ms (default)
2021-08-16 11:42:58,143 [pool-369-thread-1] INFO  server.RaftServerConfigKeys (ConfUtils.java:logGet(44)) - raft.server.rpc.slowness.timeout = 300s (custom)
2021-08-16 11:42:58,143 [pool-369-thread-1] INFO  server.RaftServerConfigKeys (ConfUtils.java:logGet(44)) - raft.server.leaderelection.leader.step-down.wait-time = 10s (default)
2021-08-16 11:42:58,143 [pool-369-thread-1] INFO  server.RaftServerConfigKeys (ConfUtils.java:logGet(44)) - raft.server.sleep.deviation.threshold = 300ms (default)
2021-08-16 11:42:58,143 [pool-369-thread-1] INFO  server.RaftServerConfigKeys (ConfUtils.java:logGet(44)) - raft.server.log.appender.install.snapshot.enabled = false (custom)
2021-08-16 11:42:58,143 [pool-369-thread-1] INFO  server.RaftServer$Division (ServerState.java:<init>(105)) - 746920fe-9ff2-4f62-9ef0-75329d226aec@group-9A926D8E1E28: ConfigurationManager, init=-1: [f5d97451-a683-4b51-bc71-34cba4ec5656|rpc:10.1.0.5:34463|priority:0, 746920fe-9ff2-4f62-9ef0-75329d226aec|rpc:10.1.0.5:40861|priority:1, 95ef88ee-88ff-45e5-b622-e96a5f390165|rpc:10.1.0.5:37553|priority:0], old=null, confs=<EMPTY_MAP>
2021-08-16 11:42:58,144 [pool-369-thread-1] INFO  server.RaftServerConfigKeys (ConfUtils.java:logGet(44)) - raft.server.storage.dir = [/home/runner/work/ozone/ozone/hadoop-ozone/integration-test/target/test-dir/MiniOzoneClusterImpl-0a2dcee8-4d86-4433-abec-1f16422e5815/datanode-0/data/ratis] (custom)
2021-08-16 11:42:58,144 [pool-369-thread-1] INFO  server.RaftServerConfigKeys (ConfUtils.java:logGet(44)) - raft.server.log.corruption.policy = EXCEPTION (default)
2021-08-16 11:42:58,144 [pool-369-thread-1] INFO  server.RaftServerConfigKeys (ConfUtils.java:logGet(44)) - raft.server.storage.free-space.min = 0MB (=0) (default)
2021-08-16 11:42:58,144 [pool-369-thread-1] INFO  storage.RaftStorageDirectory (RaftStorageDirectoryImpl.java:analyzeStorage(135)) - The storage directory /home/runner/work/ozone/ozone/hadoop-ozone/integration-test/target/test-dir/MiniOzoneClusterImpl-0a2dcee8-4d86-4433-abec-1f16422e5815/datanode-0/data/ratis/437cf997-7567-4e08-b3f4-9a926d8e1e28 does not exist. Creating ...
2021-08-16 11:42:58,148 [pool-369-thread-1] INFO  storage.RaftStorageDirectory (RaftStorageDirectoryImpl.java:tryLock(230)) - Lock on /home/runner/work/ozone/ozone/hadoop-ozone/integration-test/target/test-dir/MiniOzoneClusterImpl-0a2dcee8-4d86-4433-abec-1f16422e5815/datanode-0/data/ratis/437cf997-7567-4e08-b3f4-9a926d8e1e28/in_use.lock acquired by nodename 21308@fv-az270-213
2021-08-16 11:42:58,151 [pool-369-thread-1] INFO  storage.RaftStorage (RaftStorageImpl.java:format(89)) - Storage directory /home/runner/work/ozone/ozone/hadoop-ozone/integration-test/target/test-dir/MiniOzoneClusterImpl-0a2dcee8-4d86-4433-abec-1f16422e5815/datanode-0/data/ratis/437cf997-7567-4e08-b3f4-9a926d8e1e28 has been successfully formatted.
2021-08-16 11:42:58,152 [pool-369-thread-1] INFO  ratis.ContainerStateMachine (ContainerStateMachine.java:loadSnapshot(225)) - group-9A926D8E1E28: The snapshot info is null. Setting the last applied indexto:(t:0, i:~)
2021-08-16 11:42:58,152 [pool-369-thread-1] INFO  server.RaftServerConfigKeys (ConfUtils.java:logGet(44)) - raft.server.notification.no-leader.timeout = 300s (custom)
2021-08-16 11:42:58,152 [pool-369-thread-1] INFO  server.RaftServerConfigKeys (ConfUtils.java:logGet(44)) - raft.server.log.use.memory = false (default)
2021-08-16 11:42:58,153 [pool-369-thread-1] INFO  server.RaftServerConfigKeys (ConfUtils.java:logGet(44)) - raft.server.log.purge.gap = 1000000 (custom)
2021-08-16 11:42:58,153 [pool-369-thread-1] INFO  server.RaftServerConfigKeys (ConfUtils.java:logGet(44)) - raft.server.log.appender.buffer.byte-limit = 33554432 (custom)
2021-08-16 11:42:58,153 [EventQueue-OpenPipelineForHealthyPipelineSafeModeRule] INFO  safemode.SCMSafeModeManager (HealthyPipelineSafeModeRule.java:process(124)) - SCM in safe mode. Healthy pipelines reported count is 0, required healthy pipeline reported count is 1
2021-08-16 11:42:58,154 [pool-369-thread-1] INFO  server.RaftServerConfigKeys (ConfUtils.java:logGet(44)) - raft.server.log.segment.size.max = 1048576 (custom)
2021-08-16 11:42:58,157 [pool-369-thread-1] INFO  server.RaftServerConfigKeys (ConfUtils.java:logGet(44)) - raft.server.log.segment.cache.num.max = 2 (custom)
2021-08-16 11:42:58,157 [pool-369-thread-1] INFO  server.RaftServerConfigKeys (ConfUtils.java:logGet(44)) - raft.server.log.segment.cache.size.max = 200MB (=209715200) (default)
2021-08-16 11:42:58,157 [pool-369-thread-1] INFO  segmented.SegmentedRaftLogWorker (SegmentedRaftLogWorker.java:<init>(182)) - new 746920fe-9ff2-4f62-9ef0-75329d226aec@group-9A926D8E1E28-SegmentedRaftLogWorker for RaftStorageImpl:Storage Directory /home/runner/work/ozone/ozone/hadoop-ozone/integration-test/target/test-dir/MiniOzoneClusterImpl-0a2dcee8-4d86-4433-abec-1f16422e5815/datanode-0/data/ratis/437cf997-7567-4e08-b3f4-9a926d8e1e28
2021-08-16 11:42:58,157 [pool-369-thread-1] INFO  server.RaftServerConfigKeys (ConfUtils.java:logGet(44)) - raft.server.log.queue.byte-limit = 2147483647 (custom)
2021-08-16 11:42:58,157 [pool-369-thread-1] INFO  server.RaftServerConfigKeys (ConfUtils.java:logGet(44)) - raft.server.log.queue.element-limit = 1024 (custom)
2021-08-16 11:42:58,157 [pool-369-thread-1] INFO  server.RaftServerConfigKeys (ConfUtils.java:logGet(44)) - raft.server.log.segment.size.max = 1048576 (custom)
2021-08-16 11:42:58,157 [pool-369-thread-1] INFO  server.RaftServerConfigKeys (ConfUtils.java:logGet(44)) - raft.server.log.preallocated.size = 16384 (custom)
2021-08-16 11:42:58,158 [pool-369-thread-1] INFO  server.RaftServerConfigKeys (ConfUtils.java:logGet(44)) - raft.server.log.force.sync.num = 128 (default)
2021-08-16 11:42:58,158 [pool-369-thread-1] INFO  server.RaftServerConfigKeys (ConfUtils.java:logGet(44)) - raft.server.log.statemachine.data.sync = true (default)
2021-08-16 11:42:58,158 [pool-369-thread-1] INFO  server.RaftServerConfigKeys (ConfUtils.java:logGet(44)) - raft.server.log.statemachine.data.sync.timeout = 10s (default)
2021-08-16 11:42:58,158 [pool-369-thread-1] INFO  server.RaftServerConfigKeys (ConfUtils.java:logGet(44)) - raft.server.log.statemachine.data.sync.timeout.retry = -1 (default)
2021-08-16 11:42:58,158 [pool-369-thread-1] INFO  server.RaftServerConfigKeys (ConfUtils.java:logGet(44)) - raft.server.log.write.buffer.size = 1048576 (custom)
2021-08-16 11:42:58,159 [pool-369-thread-1] INFO  server.RaftServerConfigKeys (ConfUtils.java:logGet(44)) - raft.server.log.statemachine.data.caching.enabled = true (custom)
2021-08-16 11:42:58,162 [pool-369-thread-1] INFO  segmented.SegmentedRaftLogWorker (SegmentedRaftLogWorker.java:lambda$new$0(133)) - 746920fe-9ff2-4f62-9ef0-75329d226aec@group-9A926D8E1E28-SegmentedRaftLogWorker: flushIndex: setUnconditionally 0 -> -1
2021-08-16 11:42:58,162 [pool-369-thread-1] INFO  segmented.SegmentedRaftLogWorker (SegmentedRaftLogWorker.java:lambda$new$0(133)) - 746920fe-9ff2-4f62-9ef0-75329d226aec@group-9A926D8E1E28-SegmentedRaftLogWorker: safeCacheEvictIndex: setUnconditionally 0 -> -1
2021-08-16 11:42:58,165 [pool-369-thread-1] INFO  server.RaftServerConfigKeys (ConfUtils.java:logGet(44)) - raft.server.snapshot.auto.trigger.enabled = true (custom)
2021-08-16 11:42:58,178 [pool-369-thread-1] INFO  server.RaftServerConfigKeys (ConfUtils.java:logGet(44)) - raft.server.snapshot.auto.trigger.threshold = 10000 (custom)
2021-08-16 11:42:58,181 [pool-369-thread-1] INFO  server.RaftServerConfigKeys (ConfUtils.java:logGet(44)) - raft.server.snapshot.retention.file.num = 5 (custom)
2021-08-16 11:42:58,181 [pool-369-thread-1] INFO  server.RaftServerConfigKeys (ConfUtils.java:logGet(44)) - raft.server.log.purge.upto.snapshot.index = false (default)
2021-08-16 11:42:58,181 [pool-369-thread-1] INFO  server.RaftServerConfigKeys (ConfUtils.java:logGet(44)) - raft.server.retrycache.expirytime = 600000ms (custom)
2021-08-16 11:42:58,181 [pool-369-thread-1] INFO  server.RaftServerConfigKeys (ConfUtils.java:logGet(44)) - raft.server.retrycache.statistics.expirytime = 100μs (default)
2021-08-16 11:42:58,187 [pool-369-thread-1] INFO  server.RaftServer$Division (RaftServerImpl.java:start(296)) - 746920fe-9ff2-4f62-9ef0-75329d226aec@group-9A926D8E1E28: start as a follower, conf=-1: [f5d97451-a683-4b51-bc71-34cba4ec5656|rpc:10.1.0.5:34463|priority:0, 746920fe-9ff2-4f62-9ef0-75329d226aec|rpc:10.1.0.5:40861|priority:1, 95ef88ee-88ff-45e5-b622-e96a5f390165|rpc:10.1.0.5:37553|priority:0], old=null
2021-08-16 11:42:58,187 [pool-369-thread-1] INFO  server.RaftServer$Division (RaftServerImpl.java:setRole(285)) - 746920fe-9ff2-4f62-9ef0-75329d226aec@group-9A926D8E1E28: changes role from      null to FOLLOWER at term 0 for startAsFollower
2021-08-16 11:42:58,187 [pool-369-thread-1] INFO  impl.RoleInfo (RoleInfo.java:updateAndGet(130)) - 746920fe-9ff2-4f62-9ef0-75329d226aec: start 746920fe-9ff2-4f62-9ef0-75329d226aec@group-9A926D8E1E28-FollowerState
2021-08-16 11:42:58,227 [pool-369-thread-1] INFO  util.JmxRegister (JmxRegister.java:tryRegister(44)) - Successfully registered JMX Bean with object name Ratis:service=RaftServer,group=group-9A926D8E1E28,id=746920fe-9ff2-4f62-9ef0-75329d226aec
2021-08-16 11:42:58,241 [Command processor thread] INFO  ratis.XceiverServerRatis (XceiverServerRatis.java:addGroup(763)) - Created group PipelineID=437cf997-7567-4e08-b3f4-9a926d8e1e28
2021-08-16 11:42:58,299 [Command processor thread] INFO  server.RaftServer (RaftServerProxy.java:addNew(95)) - f5d97451-a683-4b51-bc71-34cba4ec5656: addNew group-225B311CEA21:[f5d97451-a683-4b51-bc71-34cba4ec5656|rpc:10.1.0.5:34463|priority:1] returns group-225B311CEA21:java.util.concurrent.CompletableFuture@56bffd36[Not completed]
2021-08-16 11:42:58,302 [grpc-default-executor-0] INFO  server.RaftServer (RaftServerProxy.java:addNew(95)) - f5d97451-a683-4b51-bc71-34cba4ec5656: addNew group-9A926D8E1E28:[f5d97451-a683-4b51-bc71-34cba4ec5656|rpc:10.1.0.5:34463|dataStream:|priority:0, 746920fe-9ff2-4f62-9ef0-75329d226aec|rpc:10.1.0.5:40861|dataStream:|priority:1, 95ef88ee-88ff-45e5-b622-e96a5f390165|rpc:10.1.0.5:37553|dataStream:|priority:0] returns group-9A926D8E1E28:java.util.concurrent.CompletableFuture@2f1b8107[Not completed]
2021-08-16 11:42:58,338 [pool-388-thread-1] INFO  server.RaftServer$Division (RaftServerImpl.java:<init>(181)) - f5d97451-a683-4b51-bc71-34cba4ec5656: new RaftServerImpl for group-225B311CEA21:[f5d97451-a683-4b51-bc71-34cba4ec5656|rpc:10.1.0.5:34463|priority:1] with ContainerStateMachine:uninitialized
2021-08-16 11:42:58,338 [pool-388-thread-1] INFO  server.RaftServerConfigKeys (ConfUtils.java:logGet(44)) - raft.server.rpc.timeout.min = 5s (custom)
2021-08-16 11:42:58,338 [pool-388-thread-1] INFO  server.RaftServerConfigKeys (ConfUtils.java:logGet(44)) - raft.server.rpc.timeout.max = 5200ms (custom)
2021-08-16 11:42:58,338 [pool-388-thread-1] INFO  server.RaftServerConfigKeys (ConfUtils.java:logGet(44)) - raft.server.rpc.sleep.time = 25ms (default)
2021-08-16 11:42:58,338 [pool-388-thread-1] INFO  server.RaftServerConfigKeys (ConfUtils.java:logGet(44)) - raft.server.rpc.slowness.timeout = 300s (custom)
2021-08-16 11:42:58,338 [pool-388-thread-1] INFO  server.RaftServerConfigKeys (ConfUtils.java:logGet(44)) - raft.server.leaderelection.leader.step-down.wait-time = 10s (default)
2021-08-16 11:42:58,338 [pool-388-thread-1] INFO  server.RaftServerConfigKeys (ConfUtils.java:logGet(44)) - raft.server.sleep.deviation.threshold = 300ms (default)
2021-08-16 11:42:58,338 [pool-388-thread-1] INFO  server.RaftServerConfigKeys (ConfUtils.java:logGet(44)) - raft.server.log.appender.install.snapshot.enabled = false (custom)
2021-08-16 11:42:58,338 [pool-388-thread-1] INFO  server.RaftServer$Division (ServerState.java:<init>(105)) - f5d97451-a683-4b51-bc71-34cba4ec5656@group-225B311CEA21: ConfigurationManager, init=-1: [f5d97451-a683-4b51-bc71-34cba4ec5656|rpc:10.1.0.5:34463|priority:1], old=null, confs=<EMPTY_MAP>
2021-08-16 11:42:58,338 [pool-388-thread-1] INFO  server.RaftServerConfigKeys (ConfUtils.java:logGet(44)) - raft.server.storage.dir = [/home/runner/work/ozone/ozone/hadoop-ozone/integration-test/target/test-dir/MiniOzoneClusterImpl-0a2dcee8-4d86-4433-abec-1f16422e5815/datanode-1/data/ratis] (custom)
2021-08-16 11:42:58,338 [pool-388-thread-1] INFO  server.RaftServerConfigKeys (ConfUtils.java:logGet(44)) - raft.server.log.corruption.policy = EXCEPTION (default)
2021-08-16 11:42:58,338 [pool-388-thread-1] INFO  server.RaftServerConfigKeys (ConfUtils.java:logGet(44)) - raft.server.storage.free-space.min = 0MB (=0) (default)
2021-08-16 11:42:58,339 [pool-388-thread-1] INFO  storage.RaftStorageDirectory (RaftStorageDirectoryImpl.java:analyzeStorage(135)) - The storage directory /home/runner/work/ozone/ozone/hadoop-ozone/integration-test/target/test-dir/MiniOzoneClusterImpl-0a2dcee8-4d86-4433-abec-1f16422e5815/datanode-1/data/ratis/7fd7a733-74dc-4bb4-afea-225b311cea21 does not exist. Creating ...
2021-08-16 11:42:58,340 [pool-388-thread-1] INFO  storage.RaftStorageDirectory (RaftStorageDirectoryImpl.java:tryLock(230)) - Lock on /home/runner/work/ozone/ozone/hadoop-ozone/integration-test/target/test-dir/MiniOzoneClusterImpl-0a2dcee8-4d86-4433-abec-1f16422e5815/datanode-1/data/ratis/7fd7a733-74dc-4bb4-afea-225b311cea21/in_use.lock acquired by nodename 21308@fv-az270-213
2021-08-16 11:42:58,346 [pool-388-thread-1] INFO  storage.RaftStorage (RaftStorageImpl.java:format(89)) - Storage directory /home/runner/work/ozone/ozone/hadoop-ozone/integration-test/target/test-dir/MiniOzoneClusterImpl-0a2dcee8-4d86-4433-abec-1f16422e5815/datanode-1/data/ratis/7fd7a733-74dc-4bb4-afea-225b311cea21 has been successfully formatted.
2021-08-16 11:42:58,346 [pool-388-thread-1] INFO  ratis.ContainerStateMachine (ContainerStateMachine.java:loadSnapshot(225)) - group-225B311CEA21: The snapshot info is null. Setting the last applied indexto:(t:0, i:~)
2021-08-16 11:42:58,346 [pool-388-thread-1] INFO  server.RaftServerConfigKeys (ConfUtils.java:logGet(44)) - raft.server.notification.no-leader.timeout = 300s (custom)
2021-08-16 11:42:58,346 [pool-388-thread-1] INFO  server.RaftServerConfigKeys (ConfUtils.java:logGet(44)) - raft.server.log.use.memory = false (default)
2021-08-16 11:42:58,346 [pool-388-thread-1] INFO  server.RaftServerConfigKeys (ConfUtils.java:logGet(44)) - raft.server.log.purge.gap = 1000000 (custom)
2021-08-16 11:42:58,347 [pool-388-thread-1] INFO  server.RaftServerConfigKeys (ConfUtils.java:logGet(44)) - raft.server.log.appender.buffer.byte-limit = 33554432 (custom)
2021-08-16 11:42:58,347 [pool-388-thread-1] INFO  server.RaftServerConfigKeys (ConfUtils.java:logGet(44)) - raft.server.log.segment.size.max = 1048576 (custom)
2021-08-16 11:42:58,347 [pool-388-thread-1] INFO  server.RaftServerConfigKeys (ConfUtils.java:logGet(44)) - raft.server.log.segment.cache.num.max = 2 (custom)
2021-08-16 11:42:58,347 [pool-388-thread-1] INFO  server.RaftServerConfigKeys (ConfUtils.java:logGet(44)) - raft.server.log.segment.cache.size.max = 200MB (=209715200) (default)
2021-08-16 11:42:58,347 [pool-388-thread-1] INFO  segmented.SegmentedRaftLogWorker (SegmentedRaftLogWorker.java:<init>(182)) - new f5d97451-a683-4b51-bc71-34cba4ec5656@group-225B311CEA21-SegmentedRaftLogWorker for RaftStorageImpl:Storage Directory /home/runner/work/ozone/ozone/hadoop-ozone/integration-test/target/test-dir/MiniOzoneClusterImpl-0a2dcee8-4d86-4433-abec-1f16422e5815/datanode-1/data/ratis/7fd7a733-74dc-4bb4-afea-225b311cea21
2021-08-16 11:42:58,347 [pool-388-thread-1] INFO  server.RaftServerConfigKeys (ConfUtils.java:logGet(44)) - raft.server.log.queue.byte-limit = 2147483647 (custom)
2021-08-16 11:42:58,347 [pool-388-thread-1] INFO  server.RaftServerConfigKeys (ConfUtils.java:logGet(44)) - raft.server.log.queue.element-limit = 1024 (custom)
2021-08-16 11:42:58,347 [pool-388-thread-1] INFO  server.RaftServerConfigKeys (ConfUtils.java:logGet(44)) - raft.server.log.segment.size.max = 1048576 (custom)
2021-08-16 11:42:58,347 [pool-388-thread-1] INFO  server.RaftServerConfigKeys (ConfUtils.java:logGet(44)) - raft.server.log.preallocated.size = 16384 (custom)
2021-08-16 11:42:58,347 [pool-388-thread-1] INFO  server.RaftServerConfigKeys (ConfUtils.java:logGet(44)) - raft.server.log.force.sync.num = 128 (default)
2021-08-16 11:42:58,347 [pool-388-thread-1] INFO  server.RaftServerConfigKeys (ConfUtils.java:logGet(44)) - raft.server.log.statemachine.data.sync = true (default)
2021-08-16 11:42:58,347 [pool-388-thread-1] INFO  server.RaftServerConfigKeys (ConfUtils.java:logGet(44)) - raft.server.log.statemachine.data.sync.timeout = 10s (default)
2021-08-16 11:42:58,347 [pool-388-thread-1] INFO  server.RaftServerConfigKeys (ConfUtils.java:logGet(44)) - raft.server.log.statemachine.data.sync.timeout.retry = -1 (default)
2021-08-16 11:42:58,348 [pool-388-thread-1] INFO  server.RaftServerConfigKeys (ConfUtils.java:logGet(44)) - raft.server.log.write.buffer.size = 1048576 (custom)
2021-08-16 11:42:58,348 [pool-388-thread-1] INFO  server.RaftServerConfigKeys (ConfUtils.java:logGet(44)) - raft.server.log.statemachine.data.caching.enabled = true (custom)
2021-08-16 11:42:58,349 [pool-388-thread-1] INFO  segmented.SegmentedRaftLogWorker (SegmentedRaftLogWorker.java:lambda$new$0(133)) - f5d97451-a683-4b51-bc71-34cba4ec5656@group-225B311CEA21-SegmentedRaftLogWorker: flushIndex: setUnconditionally 0 -> -1
2021-08-16 11:42:58,349 [pool-388-thread-1] INFO  segmented.SegmentedRaftLogWorker (SegmentedRaftLogWorker.java:lambda$new$0(133)) - f5d97451-a683-4b51-bc71-34cba4ec5656@group-225B311CEA21-SegmentedRaftLogWorker: safeCacheEvictIndex: setUnconditionally 0 -> -1
2021-08-16 11:42:58,349 [Datanode State Machine Thread - 0] WARN  statemachine.StateContext (StateContext.java:execute(621)) - No available thread in pool for past 1 seconds.
2021-08-16 11:42:58,351 [EventQueue-PipelineReportForPipelineReportHandler] INFO  pipeline.PipelineManagerImpl (PipelineManagerImpl.java:openPipeline(283)) - Pipeline Pipeline[ Id: 7fd7a733-74dc-4bb4-afea-225b311cea21, Nodes: f5d97451-a683-4b51-bc71-34cba4ec5656{ip: 10.1.0.5, host: fv-az270-213.tacnzluakwdehk1hpragurqkma.bx.internal.cloudapp.net, ports: [REPLICATION=42873, RATIS=34463, RATIS_ADMIN=34463, RATIS_SERVER=34463, STANDALONE=38807], networkLocation: /default-rack, certSerialId: null, persistedOpState: IN_SERVICE, persistedOpStateExpiryEpochSec: 0}, ReplicationConfig: RATIS/ONE, State:ALLOCATED, leaderId:f5d97451-a683-4b51-bc71-34cba4ec5656, CreationTimestamp2021-08-16T11:42:55.330Z[Etc/UTC]] moved to OPEN state
2021-08-16 11:42:58,352 [EventQueue-OpenPipelineForHealthyPipelineSafeModeRule] INFO  safemode.SCMSafeModeManager (HealthyPipelineSafeModeRule.java:process(124)) - SCM in safe mode. Healthy pipelines reported count is 0, required healthy pipeline reported count is 1
2021-08-16 11:42:58,381 [pool-388-thread-1] INFO  server.RaftServerConfigKeys (ConfUtils.java:logGet(44)) - raft.server.snapshot.auto.trigger.enabled = true (custom)
2021-08-16 11:42:58,382 [pool-388-thread-1] INFO  server.RaftServerConfigKeys (ConfUtils.java:logGet(44)) - raft.server.snapshot.auto.trigger.threshold = 10000 (custom)
2021-08-16 11:42:58,382 [pool-388-thread-1] INFO  server.RaftServerConfigKeys (ConfUtils.java:logGet(44)) - raft.server.snapshot.retention.file.num = 5 (custom)
2021-08-16 11:42:58,382 [pool-388-thread-1] INFO  server.RaftServerConfigKeys (ConfUtils.java:logGet(44)) - raft.server.log.purge.upto.snapshot.index = false (default)
2021-08-16 11:42:58,382 [pool-388-thread-1] INFO  server.RaftServerConfigKeys (ConfUtils.java:logGet(44)) - raft.server.retrycache.expirytime = 600000ms (custom)
2021-08-16 11:42:58,382 [pool-388-thread-1] INFO  server.RaftServerConfigKeys (ConfUtils.java:logGet(44)) - raft.server.retrycache.statistics.expirytime = 100μs (default)
2021-08-16 11:42:58,383 [pool-388-thread-1] INFO  server.RaftServer$Division (RaftServerImpl.java:<init>(181)) - f5d97451-a683-4b51-bc71-34cba4ec5656: new RaftServerImpl for group-9A926D8E1E28:[f5d97451-a683-4b51-bc71-34cba4ec5656|rpc:10.1.0.5:34463|dataStream:|priority:0, 746920fe-9ff2-4f62-9ef0-75329d226aec|rpc:10.1.0.5:40861|dataStream:|priority:1, 95ef88ee-88ff-45e5-b622-e96a5f390165|rpc:10.1.0.5:37553|dataStream:|priority:0] with ContainerStateMachine:uninitialized
2021-08-16 11:42:58,384 [pool-388-thread-1] INFO  server.RaftServerConfigKeys (ConfUtils.java:logGet(44)) - raft.server.rpc.timeout.min = 5s (custom)
2021-08-16 11:42:58,384 [pool-388-thread-1] INFO  server.RaftServerConfigKeys (ConfUtils.java:logGet(44)) - raft.server.rpc.timeout.max = 5200ms (custom)
2021-08-16 11:42:58,384 [pool-388-thread-1] INFO  server.RaftServerConfigKeys (ConfUtils.java:logGet(44)) - raft.server.rpc.sleep.time = 25ms (default)
2021-08-16 11:42:58,384 [pool-388-thread-1] INFO  server.RaftServerConfigKeys (ConfUtils.java:logGet(44)) - raft.server.rpc.slowness.timeout = 300s (custom)
2021-08-16 11:42:58,384 [pool-388-thread-1] INFO  server.RaftServerConfigKeys (ConfUtils.java:logGet(44)) - raft.server.leaderelection.leader.step-down.wait-time = 10s (default)
2021-08-16 11:42:58,384 [pool-388-thread-1] INFO  server.RaftServerConfigKeys (ConfUtils.java:logGet(44)) - raft.server.sleep.deviation.threshold = 300ms (default)
2021-08-16 11:42:58,384 [pool-388-thread-1] INFO  server.RaftServerConfigKeys (ConfUtils.java:logGet(44)) - raft.server.log.appender.install.snapshot.enabled = false (custom)
2021-08-16 11:42:58,384 [pool-388-thread-1] INFO  server.RaftServer$Division (ServerState.java:<init>(105)) - f5d97451-a683-4b51-bc71-34cba4ec5656@group-9A926D8E1E28: ConfigurationManager, init=-1: [f5d97451-a683-4b51-bc71-34cba4ec5656|rpc:10.1.0.5:34463|dataStream:|priority:0, 746920fe-9ff2-4f62-9ef0-75329d226aec|rpc:10.1.0.5:40861|dataStream:|priority:1, 95ef88ee-88ff-45e5-b622-e96a5f390165|rpc:10.1.0.5:37553|dataStream:|priority:0], old=null, confs=<EMPTY_MAP>
2021-08-16 11:42:58,384 [pool-388-thread-1] INFO  server.RaftServerConfigKeys (ConfUtils.java:logGet(44)) - raft.server.storage.dir = [/home/runner/work/ozone/ozone/hadoop-ozone/integration-test/target/test-dir/MiniOzoneClusterImpl-0a2dcee8-4d86-4433-abec-1f16422e5815/datanode-1/data/ratis] (custom)
2021-08-16 11:42:58,384 [pool-388-thread-1] INFO  server.RaftServerConfigKeys (ConfUtils.java:logGet(44)) - raft.server.log.corruption.policy = EXCEPTION (default)
2021-08-16 11:42:58,384 [pool-388-thread-1] INFO  server.RaftServerConfigKeys (ConfUtils.java:logGet(44)) - raft.server.storage.free-space.min = 0MB (=0) (default)
2021-08-16 11:42:58,384 [pool-388-thread-1] INFO  storage.RaftStorageDirectory (RaftStorageDirectoryImpl.java:analyzeStorage(135)) - The storage directory /home/runner/work/ozone/ozone/hadoop-ozone/integration-test/target/test-dir/MiniOzoneClusterImpl-0a2dcee8-4d86-4433-abec-1f16422e5815/datanode-1/data/ratis/437cf997-7567-4e08-b3f4-9a926d8e1e28 does not exist. Creating ...
2021-08-16 11:42:58,386 [pool-388-thread-1] INFO  storage.RaftStorageDirectory (RaftStorageDirectoryImpl.java:tryLock(230)) - Lock on /home/runner/work/ozone/ozone/hadoop-ozone/integration-test/target/test-dir/MiniOzoneClusterImpl-0a2dcee8-4d86-4433-abec-1f16422e5815/datanode-1/data/ratis/437cf997-7567-4e08-b3f4-9a926d8e1e28/in_use.lock acquired by nodename 21308@fv-az270-213
2021-08-16 11:42:58,389 [pool-388-thread-1] INFO  storage.RaftStorage (RaftStorageImpl.java:format(89)) - Storage directory /home/runner/work/ozone/ozone/hadoop-ozone/integration-test/target/test-dir/MiniOzoneClusterImpl-0a2dcee8-4d86-4433-abec-1f16422e5815/datanode-1/data/ratis/437cf997-7567-4e08-b3f4-9a926d8e1e28 has been successfully formatted.
2021-08-16 11:42:58,389 [pool-388-thread-1] INFO  ratis.ContainerStateMachine (ContainerStateMachine.java:loadSnapshot(225)) - group-9A926D8E1E28: The snapshot info is null. Setting the last applied indexto:(t:0, i:~)
2021-08-16 11:42:58,389 [pool-388-thread-1] INFO  server.RaftServerConfigKeys (ConfUtils.java:logGet(44)) - raft.server.notification.no-leader.timeout = 300s (custom)
2021-08-16 11:42:58,390 [pool-388-thread-1] INFO  server.RaftServerConfigKeys (ConfUtils.java:logGet(44)) - raft.server.log.use.memory = false (default)
2021-08-16 11:42:58,390 [pool-388-thread-1] INFO  server.RaftServerConfigKeys (ConfUtils.java:logGet(44)) - raft.server.log.purge.gap = 1000000 (custom)
2021-08-16 11:42:58,390 [pool-388-thread-1] INFO  server.RaftServerConfigKeys (ConfUtils.java:logGet(44)) - raft.server.log.appender.buffer.byte-limit = 33554432 (custom)
2021-08-16 11:42:58,390 [pool-388-thread-1] INFO  server.RaftServerConfigKeys (ConfUtils.java:logGet(44)) - raft.server.log.segment.size.max = 1048576 (custom)
2021-08-16 11:42:58,390 [pool-388-thread-1] INFO  server.RaftServerConfigKeys (ConfUtils.java:logGet(44)) - raft.server.log.segment.cache.num.max = 2 (custom)
2021-08-16 11:42:58,390 [pool-388-thread-1] INFO  server.RaftServerConfigKeys (ConfUtils.java:logGet(44)) - raft.server.log.segment.cache.size.max = 200MB (=209715200) (default)
2021-08-16 11:42:58,390 [pool-388-thread-1] INFO  segmented.SegmentedRaftLogWorker (SegmentedRaftLogWorker.java:<init>(182)) - new f5d97451-a683-4b51-bc71-34cba4ec5656@group-9A926D8E1E28-SegmentedRaftLogWorker for RaftStorageImpl:Storage Directory /home/runner/work/ozone/ozone/hadoop-ozone/integration-test/target/test-dir/MiniOzoneClusterImpl-0a2dcee8-4d86-4433-abec-1f16422e5815/datanode-1/data/ratis/437cf997-7567-4e08-b3f4-9a926d8e1e28
2021-08-16 11:42:58,390 [pool-388-thread-1] INFO  server.RaftServerConfigKeys (ConfUtils.java:logGet(44)) - raft.server.log.queue.byte-limit = 2147483647 (custom)
2021-08-16 11:42:58,390 [pool-388-thread-1] INFO  server.RaftServerConfigKeys (ConfUtils.java:logGet(44)) - raft.server.log.queue.element-limit = 1024 (custom)
2021-08-16 11:42:58,391 [pool-388-thread-1] INFO  server.RaftServerConfigKeys (ConfUtils.java:logGet(44)) - raft.server.log.segment.size.max = 1048576 (custom)
2021-08-16 11:42:58,391 [pool-388-thread-1] INFO  server.RaftServerConfigKeys (ConfUtils.java:logGet(44)) - raft.server.log.preallocated.size = 16384 (custom)
2021-08-16 11:42:58,391 [pool-388-thread-1] INFO  server.RaftServerConfigKeys (ConfUtils.java:logGet(44)) - raft.server.log.force.sync.num = 128 (default)
2021-08-16 11:42:58,391 [pool-388-thread-1] INFO  server.RaftServerConfigKeys (ConfUtils.java:logGet(44)) - raft.server.log.statemachine.data.sync = true (default)
2021-08-16 11:42:58,391 [pool-388-thread-1] INFO  server.RaftServerConfigKeys (ConfUtils.java:logGet(44)) - raft.server.log.statemachine.data.sync.timeout = 10s (default)
2021-08-16 11:42:58,391 [pool-388-thread-1] INFO  server.RaftServerConfigKeys (ConfUtils.java:logGet(44)) - raft.server.log.statemachine.data.sync.timeout.retry = -1 (default)
2021-08-16 11:42:58,392 [pool-388-thread-1] INFO  server.RaftServerConfigKeys (ConfUtils.java:logGet(44)) - raft.server.log.write.buffer.size = 1048576 (custom)
2021-08-16 11:42:58,392 [pool-388-thread-1] INFO  server.RaftServerConfigKeys (ConfUtils.java:logGet(44)) - raft.server.log.statemachine.data.caching.enabled = true (custom)
2021-08-16 11:42:58,392 [pool-388-thread-1] INFO  segmented.SegmentedRaftLogWorker (SegmentedRaftLogWorker.java:lambda$new$0(133)) - f5d97451-a683-4b51-bc71-34cba4ec5656@group-9A926D8E1E28-SegmentedRaftLogWorker: flushIndex: setUnconditionally 0 -> -1
2021-08-16 11:42:58,392 [pool-388-thread-1] INFO  segmented.SegmentedRaftLogWorker (SegmentedRaftLogWorker.java:lambda$new$0(133)) - f5d97451-a683-4b51-bc71-34cba4ec5656@group-9A926D8E1E28-SegmentedRaftLogWorker: safeCacheEvictIndex: setUnconditionally 0 -> -1
2021-08-16 11:42:58,393 [EventQueue-OpenPipelineForHealthyPipelineSafeModeRule] INFO  safemode.SCMSafeModeManager (HealthyPipelineSafeModeRule.java:process(124)) - SCM in safe mode. Healthy pipelines reported count is 0, required healthy pipeline reported count is 1
2021-08-16 11:42:58,429 [pool-388-thread-1] INFO  server.RaftServerConfigKeys (ConfUtils.java:logGet(44)) - raft.server.snapshot.auto.trigger.enabled = true (custom)
2021-08-16 11:42:58,429 [pool-388-thread-1] INFO  server.RaftServerConfigKeys (ConfUtils.java:logGet(44)) - raft.server.snapshot.auto.trigger.threshold = 10000 (custom)
2021-08-16 11:42:58,429 [pool-388-thread-1] INFO  server.RaftServerConfigKeys (ConfUtils.java:logGet(44)) - raft.server.snapshot.retention.file.num = 5 (custom)
2021-08-16 11:42:58,429 [pool-388-thread-1] INFO  server.RaftServerConfigKeys (ConfUtils.java:logGet(44)) - raft.server.log.purge.upto.snapshot.index = false (default)
2021-08-16 11:42:58,429 [pool-388-thread-1] INFO  server.RaftServerConfigKeys (ConfUtils.java:logGet(44)) - raft.server.retrycache.expirytime = 600000ms (custom)
2021-08-16 11:42:58,429 [pool-388-thread-1] INFO  server.RaftServerConfigKeys (ConfUtils.java:logGet(44)) - raft.server.retrycache.statistics.expirytime = 100μs (default)
2021-08-16 11:42:58,430 [pool-388-thread-1] INFO  server.RaftServer$Division (RaftServerImpl.java:start(296)) - f5d97451-a683-4b51-bc71-34cba4ec5656@group-225B311CEA21: start as a follower, conf=-1: [f5d97451-a683-4b51-bc71-34cba4ec5656|rpc:10.1.0.5:34463|priority:1], old=null
2021-08-16 11:42:58,430 [pool-388-thread-1] INFO  server.RaftServer$Division (RaftServerImpl.java:setRole(285)) - f5d97451-a683-4b51-bc71-34cba4ec5656@group-225B311CEA21: changes role from      null to FOLLOWER at term 0 for startAsFollower
2021-08-16 11:42:58,430 [pool-388-thread-1] INFO  impl.RoleInfo (RoleInfo.java:updateAndGet(130)) - f5d97451-a683-4b51-bc71-34cba4ec5656: start f5d97451-a683-4b51-bc71-34cba4ec5656@group-225B311CEA21-FollowerState
2021-08-16 11:42:58,432 [pool-388-thread-1] INFO  util.JmxRegister (JmxRegister.java:tryRegister(44)) - Successfully registered JMX Bean with object name Ratis:service=RaftServer,group=group-225B311CEA21,id=f5d97451-a683-4b51-bc71-34cba4ec5656
2021-08-16 11:42:58,432 [pool-388-thread-1] INFO  server.RaftServer$Division (RaftServerImpl.java:start(296)) - f5d97451-a683-4b51-bc71-34cba4ec5656@group-9A926D8E1E28: start as a follower, conf=-1: [f5d97451-a683-4b51-bc71-34cba4ec5656|rpc:10.1.0.5:34463|dataStream:|priority:0, 746920fe-9ff2-4f62-9ef0-75329d226aec|rpc:10.1.0.5:40861|dataStream:|priority:1, 95ef88ee-88ff-45e5-b622-e96a5f390165|rpc:10.1.0.5:37553|dataStream:|priority:0], old=null
2021-08-16 11:42:58,432 [pool-388-thread-1] INFO  server.RaftServer$Division (RaftServerImpl.java:setRole(285)) - f5d97451-a683-4b51-bc71-34cba4ec5656@group-9A926D8E1E28: changes role from      null to FOLLOWER at term 0 for startAsFollower
2021-08-16 11:42:58,432 [pool-388-thread-1] INFO  impl.RoleInfo (RoleInfo.java:updateAndGet(130)) - f5d97451-a683-4b51-bc71-34cba4ec5656: start f5d97451-a683-4b51-bc71-34cba4ec5656@group-9A926D8E1E28-FollowerState
2021-08-16 11:42:58,433 [Command processor thread] INFO  ratis.XceiverServerRatis (XceiverServerRatis.java:addGroup(763)) - Created group PipelineID=7fd7a733-74dc-4bb4-afea-225b311cea21
2021-08-16 11:42:58,433 [Command processor thread] INFO  commandhandler.CreatePipelineCommandHandler (CreatePipelineCommandHandler.java:handle(106)) - Created Pipeline RATIS ONE PipelineID=7fd7a733-74dc-4bb4-afea-225b311cea21.
2021-08-16 11:42:58,434 [pool-388-thread-1] INFO  util.JmxRegister (JmxRegister.java:tryRegister(44)) - Successfully registered JMX Bean with object name Ratis:service=RaftServer,group=group-9A926D8E1E28,id=f5d97451-a683-4b51-bc71-34cba4ec5656
2021-08-16 11:42:58,529 [grpc-default-executor-0] INFO  server.RaftServer (RaftServerProxy.java:addNew(95)) - 95ef88ee-88ff-45e5-b622-e96a5f390165: addNew group-9A926D8E1E28:[f5d97451-a683-4b51-bc71-34cba4ec5656|rpc:10.1.0.5:34463|dataStream:|priority:0, 746920fe-9ff2-4f62-9ef0-75329d226aec|rpc:10.1.0.5:40861|dataStream:|priority:1, 95ef88ee-88ff-45e5-b622-e96a5f390165|rpc:10.1.0.5:37553|dataStream:|priority:0] returns group-9A926D8E1E28:java.util.concurrent.CompletableFuture@331059af[Not completed]
2021-08-16 11:42:58,530 [pool-407-thread-1] INFO  server.RaftServer$Division (RaftServerImpl.java:<init>(181)) - 95ef88ee-88ff-45e5-b622-e96a5f390165: new RaftServerImpl for group-9A926D8E1E28:[f5d97451-a683-4b51-bc71-34cba4ec5656|rpc:10.1.0.5:34463|dataStream:|priority:0, 746920fe-9ff2-4f62-9ef0-75329d226aec|rpc:10.1.0.5:40861|dataStream:|priority:1, 95ef88ee-88ff-45e5-b622-e96a5f390165|rpc:10.1.0.5:37553|dataStream:|priority:0] with ContainerStateMachine:uninitialized
2021-08-16 11:42:58,530 [pool-407-thread-1] INFO  server.RaftServerConfigKeys (ConfUtils.java:logGet(44)) - raft.server.rpc.timeout.min = 5s (custom)
2021-08-16 11:42:58,537 [pool-407-thread-1] INFO  server.RaftServerConfigKeys (ConfUtils.java:logGet(44)) - raft.server.rpc.timeout.max = 5200ms (custom)
2021-08-16 11:42:58,537 [pool-407-thread-1] INFO  server.RaftServerConfigKeys (ConfUtils.java:logGet(44)) - raft.server.rpc.sleep.time = 25ms (default)
2021-08-16 11:42:58,537 [pool-407-thread-1] INFO  server.RaftServerConfigKeys (ConfUtils.java:logGet(44)) - raft.server.rpc.slowness.timeout = 300s (custom)
2021-08-16 11:42:58,537 [pool-407-thread-1] INFO  server.RaftServerConfigKeys (ConfUtils.java:logGet(44)) - raft.server.leaderelection.leader.step-down.wait-time = 10s (default)
2021-08-16 11:42:58,537 [pool-407-thread-1] INFO  server.RaftServerConfigKeys (ConfUtils.java:logGet(44)) - raft.server.sleep.deviation.threshold = 300ms (default)
2021-08-16 11:42:58,537 [pool-407-thread-1] INFO  server.RaftServerConfigKeys (ConfUtils.java:logGet(44)) - raft.server.log.appender.install.snapshot.enabled = false (custom)
2021-08-16 11:42:58,537 [pool-407-thread-1] INFO  server.RaftServer$Division (ServerState.java:<init>(105)) - 95ef88ee-88ff-45e5-b622-e96a5f390165@group-9A926D8E1E28: ConfigurationManager, init=-1: [f5d97451-a683-4b51-bc71-34cba4ec5656|rpc:10.1.0.5:34463|dataStream:|priority:0, 746920fe-9ff2-4f62-9ef0-75329d226aec|rpc:10.1.0.5:40861|dataStream:|priority:1, 95ef88ee-88ff-45e5-b622-e96a5f390165|rpc:10.1.0.5:37553|dataStream:|priority:0], old=null, confs=<EMPTY_MAP>
2021-08-16 11:42:58,537 [pool-407-thread-1] INFO  server.RaftServerConfigKeys (ConfUtils.java:logGet(44)) - raft.server.storage.dir = [/home/runner/work/ozone/ozone/hadoop-ozone/integration-test/target/test-dir/MiniOzoneClusterImpl-0a2dcee8-4d86-4433-abec-1f16422e5815/datanode-2/data/ratis] (custom)
2021-08-16 11:42:58,537 [pool-407-thread-1] INFO  server.RaftServerConfigKeys (ConfUtils.java:logGet(44)) - raft.server.log.corruption.policy = EXCEPTION (default)
2021-08-16 11:42:58,537 [pool-407-thread-1] INFO  server.RaftServerConfigKeys (ConfUtils.java:logGet(44)) - raft.server.storage.free-space.min = 0MB (=0) (default)
2021-08-16 11:42:58,538 [pool-407-thread-1] INFO  storage.RaftStorageDirectory (RaftStorageDirectoryImpl.java:analyzeStorage(135)) - The storage directory /home/runner/work/ozone/ozone/hadoop-ozone/integration-test/target/test-dir/MiniOzoneClusterImpl-0a2dcee8-4d86-4433-abec-1f16422e5815/datanode-2/data/ratis/437cf997-7567-4e08-b3f4-9a926d8e1e28 does not exist. Creating ...
2021-08-16 11:42:58,541 [pool-407-thread-1] INFO  storage.RaftStorageDirectory (RaftStorageDirectoryImpl.java:tryLock(230)) - Lock on /home/runner/work/ozone/ozone/hadoop-ozone/integration-test/target/test-dir/MiniOzoneClusterImpl-0a2dcee8-4d86-4433-abec-1f16422e5815/datanode-2/data/ratis/437cf997-7567-4e08-b3f4-9a926d8e1e28/in_use.lock acquired by nodename 21308@fv-az270-213
2021-08-16 11:42:58,542 [pool-407-thread-1] INFO  storage.RaftStorage (RaftStorageImpl.java:format(89)) - Storage directory /home/runner/work/ozone/ozone/hadoop-ozone/integration-test/target/test-dir/MiniOzoneClusterImpl-0a2dcee8-4d86-4433-abec-1f16422e5815/datanode-2/data/ratis/437cf997-7567-4e08-b3f4-9a926d8e1e28 has been successfully formatted.
2021-08-16 11:42:58,542 [pool-407-thread-1] INFO  ratis.ContainerStateMachine (ContainerStateMachine.java:loadSnapshot(225)) - group-9A926D8E1E28: The snapshot info is null. Setting the last applied indexto:(t:0, i:~)
2021-08-16 11:42:58,543 [Datanode State Machine Thread - 0] WARN  statemachine.StateContext (StateContext.java:execute(621)) - No available thread in pool for past 1 seconds.
2021-08-16 11:42:58,543 [pool-407-thread-1] INFO  server.RaftServerConfigKeys (ConfUtils.java:logGet(44)) - raft.server.notification.no-leader.timeout = 300s (custom)
2021-08-16 11:42:58,555 [pool-407-thread-1] INFO  server.RaftServerConfigKeys (ConfUtils.java:logGet(44)) - raft.server.log.use.memory = false (default)
2021-08-16 11:42:58,555 [pool-407-thread-1] INFO  server.RaftServerConfigKeys (ConfUtils.java:logGet(44)) - raft.server.log.purge.gap = 1000000 (custom)
2021-08-16 11:42:58,555 [pool-407-thread-1] INFO  server.RaftServerConfigKeys (ConfUtils.java:logGet(44)) - raft.server.log.appender.buffer.byte-limit = 33554432 (custom)
2021-08-16 11:42:58,555 [pool-407-thread-1] INFO  server.RaftServerConfigKeys (ConfUtils.java:logGet(44)) - raft.server.log.segment.size.max = 1048576 (custom)
2021-08-16 11:42:58,555 [pool-407-thread-1] INFO  server.RaftServerConfigKeys (ConfUtils.java:logGet(44)) - raft.server.log.segment.cache.num.max = 2 (custom)
2021-08-16 11:42:58,555 [pool-407-thread-1] INFO  server.RaftServerConfigKeys (ConfUtils.java:logGet(44)) - raft.server.log.segment.cache.size.max = 200MB (=209715200) (default)
2021-08-16 11:42:58,555 [pool-407-thread-1] INFO  segmented.SegmentedRaftLogWorker (SegmentedRaftLogWorker.java:<init>(182)) - new 95ef88ee-88ff-45e5-b622-e96a5f390165@group-9A926D8E1E28-SegmentedRaftLogWorker for RaftStorageImpl:Storage Directory /home/runner/work/ozone/ozone/hadoop-ozone/integration-test/target/test-dir/MiniOzoneClusterImpl-0a2dcee8-4d86-4433-abec-1f16422e5815/datanode-2/data/ratis/437cf997-7567-4e08-b3f4-9a926d8e1e28
2021-08-16 11:42:58,555 [pool-407-thread-1] INFO  server.RaftServerConfigKeys (ConfUtils.java:logGet(44)) - raft.server.log.queue.byte-limit = 2147483647 (custom)
2021-08-16 11:42:58,555 [pool-407-thread-1] INFO  server.RaftServerConfigKeys (ConfUtils.java:logGet(44)) - raft.server.log.queue.element-limit = 1024 (custom)
2021-08-16 11:42:58,555 [pool-407-thread-1] INFO  server.RaftServerConfigKeys (ConfUtils.java:logGet(44)) - raft.server.log.segment.size.max = 1048576 (custom)
2021-08-16 11:42:58,555 [pool-407-thread-1] INFO  server.RaftServerConfigKeys (ConfUtils.java:logGet(44)) - raft.server.log.preallocated.size = 16384 (custom)
2021-08-16 11:42:58,556 [pool-407-thread-1] INFO  server.RaftServerConfigKeys (ConfUtils.java:logGet(44)) - raft.server.log.force.sync.num = 128 (default)
2021-08-16 11:42:58,556 [pool-407-thread-1] INFO  server.RaftServerConfigKeys (ConfUtils.java:logGet(44)) - raft.server.log.statemachine.data.sync = true (default)
2021-08-16 11:42:58,556 [pool-407-thread-1] INFO  server.RaftServerConfigKeys (ConfUtils.java:logGet(44)) - raft.server.log.statemachine.data.sync.timeout = 10s (default)
2021-08-16 11:42:58,556 [pool-407-thread-1] INFO  server.RaftServerConfigKeys (ConfUtils.java:logGet(44)) - raft.server.log.statemachine.data.sync.timeout.retry = -1 (default)
2021-08-16 11:42:58,556 [pool-407-thread-1] INFO  server.RaftServerConfigKeys (ConfUtils.java:logGet(44)) - raft.server.log.write.buffer.size = 1048576 (custom)
2021-08-16 11:42:58,557 [pool-407-thread-1] INFO  server.RaftServerConfigKeys (ConfUtils.java:logGet(44)) - raft.server.log.statemachine.data.caching.enabled = true (custom)
2021-08-16 11:42:58,557 [pool-407-thread-1] INFO  segmented.SegmentedRaftLogWorker (SegmentedRaftLogWorker.java:lambda$new$0(133)) - 95ef88ee-88ff-45e5-b622-e96a5f390165@group-9A926D8E1E28-SegmentedRaftLogWorker: flushIndex: setUnconditionally 0 -> -1
2021-08-16 11:42:58,557 [pool-407-thread-1] INFO  segmented.SegmentedRaftLogWorker (SegmentedRaftLogWorker.java:lambda$new$0(133)) - 95ef88ee-88ff-45e5-b622-e96a5f390165@group-9A926D8E1E28-SegmentedRaftLogWorker: safeCacheEvictIndex: setUnconditionally 0 -> -1
2021-08-16 11:42:58,565 [pool-407-thread-1] INFO  server.RaftServerConfigKeys (ConfUtils.java:logGet(44)) - raft.server.snapshot.auto.trigger.enabled = true (custom)
2021-08-16 11:42:58,565 [pool-407-thread-1] INFO  server.RaftServerConfigKeys (ConfUtils.java:logGet(44)) - raft.server.snapshot.auto.trigger.threshold = 10000 (custom)
2021-08-16 11:42:58,565 [pool-407-thread-1] INFO  server.RaftServerConfigKeys (ConfUtils.java:logGet(44)) - raft.server.snapshot.retention.file.num = 5 (custom)
2021-08-16 11:42:58,565 [pool-407-thread-1] INFO  server.RaftServerConfigKeys (ConfUtils.java:logGet(44)) - raft.server.log.purge.upto.snapshot.index = false (default)
2021-08-16 11:42:58,565 [pool-407-thread-1] INFO  server.RaftServerConfigKeys (ConfUtils.java:logGet(44)) - raft.server.retrycache.expirytime = 600000ms (custom)
2021-08-16 11:42:58,565 [pool-407-thread-1] INFO  server.RaftServerConfigKeys (ConfUtils.java:logGet(44)) - raft.server.retrycache.statistics.expirytime = 100μs (default)
2021-08-16 11:42:58,566 [pool-407-thread-1] INFO  server.RaftServer$Division (RaftServerImpl.java:start(296)) - 95ef88ee-88ff-45e5-b622-e96a5f390165@group-9A926D8E1E28: start as a follower, conf=-1: [f5d97451-a683-4b51-bc71-34cba4ec5656|rpc:10.1.0.5:34463|dataStream:|priority:0, 746920fe-9ff2-4f62-9ef0-75329d226aec|rpc:10.1.0.5:40861|dataStream:|priority:1, 95ef88ee-88ff-45e5-b622-e96a5f390165|rpc:10.1.0.5:37553|dataStream:|priority:0], old=null
2021-08-16 11:42:58,566 [pool-407-thread-1] INFO  server.RaftServer$Division (RaftServerImpl.java:setRole(285)) - 95ef88ee-88ff-45e5-b622-e96a5f390165@group-9A926D8E1E28: changes role from      null to FOLLOWER at term 0 for startAsFollower
2021-08-16 11:42:58,566 [pool-407-thread-1] INFO  impl.RoleInfo (RoleInfo.java:updateAndGet(130)) - 95ef88ee-88ff-45e5-b622-e96a5f390165: start 95ef88ee-88ff-45e5-b622-e96a5f390165@group-9A926D8E1E28-FollowerState
2021-08-16 11:42:58,573 [pool-407-thread-1] INFO  util.JmxRegister (JmxRegister.java:tryRegister(44)) - Successfully registered JMX Bean with object name Ratis:service=RaftServer,group=group-9A926D8E1E28,id=95ef88ee-88ff-45e5-b622-e96a5f390165
2021-08-16 11:42:58,606 [Command processor thread] INFO  commandhandler.CreatePipelineCommandHandler (CreatePipelineCommandHandler.java:handle(106)) - Created Pipeline RATIS THREE PipelineID=437cf997-7567-4e08-b3f4-9a926d8e1e28.
2021-08-16 11:42:58,979 [Listener at 127.0.0.1/39025] INFO  ozone.MiniOzoneClusterImpl (MiniOzoneClusterImpl.java:lambda$waitForClusterToBeReady$0(235)) - Nodes are ready. Got 3 of 3 DN Heartbeats.
2021-08-16 11:42:58,979 [Listener at 127.0.0.1/39025] INFO  ozone.MiniOzoneClusterImpl (MiniOzoneClusterImpl.java:lambda$waitForClusterToBeReady$0(238)) - Waiting for cluster to exit safe mode
2021-08-16 11:42:58,979 [Listener at 127.0.0.1/39025] INFO  ozone.MiniOzoneClusterImpl (MiniOzoneClusterImpl.java:lambda$waitForClusterToBeReady$0(240)) - SCM became leader
2021-08-16 11:42:59,140 [Command processor thread] INFO  server.RaftServer (RaftServerProxy.java:addNew(95)) - 95ef88ee-88ff-45e5-b622-e96a5f390165: addNew group-3CB0C69CD70C:[95ef88ee-88ff-45e5-b622-e96a5f390165|rpc:10.1.0.5:37553|priority:1] returns group-3CB0C69CD70C:java.util.concurrent.CompletableFuture@494e899[Not completed]
2021-08-16 11:42:59,141 [pool-407-thread-1] INFO  server.RaftServer$Division (RaftServerImpl.java:<init>(181)) - 95ef88ee-88ff-45e5-b622-e96a5f390165: new RaftServerImpl for group-3CB0C69CD70C:[95ef88ee-88ff-45e5-b622-e96a5f390165|rpc:10.1.0.5:37553|priority:1] with ContainerStateMachine:uninitialized
2021-08-16 11:42:59,141 [pool-407-thread-1] INFO  server.RaftServerConfigKeys (ConfUtils.java:logGet(44)) - raft.server.rpc.timeout.min = 5s (custom)
2021-08-16 11:42:59,141 [pool-407-thread-1] INFO  server.RaftServerConfigKeys (ConfUtils.java:logGet(44)) - raft.server.rpc.timeout.max = 5200ms (custom)
2021-08-16 11:42:59,141 [pool-407-thread-1] INFO  server.RaftServerConfigKeys (ConfUtils.java:logGet(44)) - raft.server.rpc.sleep.time = 25ms (default)
2021-08-16 11:42:59,141 [pool-407-thread-1] INFO  server.RaftServerConfigKeys (ConfUtils.java:logGet(44)) - raft.server.rpc.slowness.timeout = 300s (custom)
2021-08-16 11:42:59,141 [pool-407-thread-1] INFO  server.RaftServerConfigKeys (ConfUtils.java:logGet(44)) - raft.server.leaderelection.leader.step-down.wait-time = 10s (default)
2021-08-16 11:42:59,141 [pool-407-thread-1] INFO  server.RaftServerConfigKeys (ConfUtils.java:logGet(44)) - raft.server.sleep.deviation.threshold = 300ms (default)
2021-08-16 11:42:59,141 [pool-407-thread-1] INFO  server.RaftServerConfigKeys (ConfUtils.java:logGet(44)) - raft.server.log.appender.install.snapshot.enabled = false (custom)
2021-08-16 11:42:59,141 [pool-407-thread-1] INFO  server.RaftServer$Division (ServerState.java:<init>(105)) - 95ef88ee-88ff-45e5-b622-e96a5f390165@group-3CB0C69CD70C: ConfigurationManager, init=-1: [95ef88ee-88ff-45e5-b622-e96a5f390165|rpc:10.1.0.5:37553|priority:1], old=null, confs=<EMPTY_MAP>
2021-08-16 11:42:59,141 [pool-407-thread-1] INFO  server.RaftServerConfigKeys (ConfUtils.java:logGet(44)) - raft.server.storage.dir = [/home/runner/work/ozone/ozone/hadoop-ozone/integration-test/target/test-dir/MiniOzoneClusterImpl-0a2dcee8-4d86-4433-abec-1f16422e5815/datanode-2/data/ratis] (custom)
2021-08-16 11:42:59,141 [pool-407-thread-1] INFO  server.RaftServerConfigKeys (ConfUtils.java:logGet(44)) - raft.server.log.corruption.policy = EXCEPTION (default)
2021-08-16 11:42:59,141 [pool-407-thread-1] INFO  server.RaftServerConfigKeys (ConfUtils.java:logGet(44)) - raft.server.storage.free-space.min = 0MB (=0) (default)
2021-08-16 11:42:59,142 [pool-407-thread-1] INFO  storage.RaftStorageDirectory (RaftStorageDirectoryImpl.java:analyzeStorage(135)) - The storage directory /home/runner/work/ozone/ozone/hadoop-ozone/integration-test/target/test-dir/MiniOzoneClusterImpl-0a2dcee8-4d86-4433-abec-1f16422e5815/datanode-2/data/ratis/a526c2bd-7fa6-455e-b792-3cb0c69cd70c does not exist. Creating ...
2021-08-16 11:42:59,149 [pool-407-thread-1] INFO  storage.RaftStorageDirectory (RaftStorageDirectoryImpl.java:tryLock(230)) - Lock on /home/runner/work/ozone/ozone/hadoop-ozone/integration-test/target/test-dir/MiniOzoneClusterImpl-0a2dcee8-4d86-4433-abec-1f16422e5815/datanode-2/data/ratis/a526c2bd-7fa6-455e-b792-3cb0c69cd70c/in_use.lock acquired by nodename 21308@fv-az270-213
2021-08-16 11:42:59,150 [pool-407-thread-1] INFO  storage.RaftStorage (RaftStorageImpl.java:format(89)) - Storage directory /home/runner/work/ozone/ozone/hadoop-ozone/integration-test/target/test-dir/MiniOzoneClusterImpl-0a2dcee8-4d86-4433-abec-1f16422e5815/datanode-2/data/ratis/a526c2bd-7fa6-455e-b792-3cb0c69cd70c has been successfully formatted.
2021-08-16 11:42:59,150 [pool-407-thread-1] INFO  ratis.ContainerStateMachine (ContainerStateMachine.java:loadSnapshot(225)) - group-3CB0C69CD70C: The snapshot info is null. Setting the last applied indexto:(t:0, i:~)
2021-08-16 11:42:59,151 [pool-407-thread-1] INFO  server.RaftServerConfigKeys (ConfUtils.java:logGet(44)) - raft.server.notification.no-leader.timeout = 300s (custom)
2021-08-16 11:42:59,151 [pool-407-thread-1] INFO  server.RaftServerConfigKeys (ConfUtils.java:logGet(44)) - raft.server.log.use.memory = false (default)
2021-08-16 11:42:59,151 [pool-407-thread-1] INFO  server.RaftServerConfigKeys (ConfUtils.java:logGet(44)) - raft.server.log.purge.gap = 1000000 (custom)
2021-08-16 11:42:59,151 [pool-407-thread-1] INFO  server.RaftServerConfigKeys (ConfUtils.java:logGet(44)) - raft.server.log.appender.buffer.byte-limit = 33554432 (custom)
2021-08-16 11:42:59,151 [pool-407-thread-1] INFO  server.RaftServerConfigKeys (ConfUtils.java:logGet(44)) - raft.server.log.segment.size.max = 1048576 (custom)
2021-08-16 11:42:59,151 [pool-407-thread-1] INFO  server.RaftServerConfigKeys (ConfUtils.java:logGet(44)) - raft.server.log.segment.cache.num.max = 2 (custom)
2021-08-16 11:42:59,151 [pool-407-thread-1] INFO  server.RaftServerConfigKeys (ConfUtils.java:logGet(44)) - raft.server.log.segment.cache.size.max = 200MB (=209715200) (default)
2021-08-16 11:42:59,151 [pool-407-thread-1] INFO  segmented.SegmentedRaftLogWorker (SegmentedRaftLogWorker.java:<init>(182)) - new 95ef88ee-88ff-45e5-b622-e96a5f390165@group-3CB0C69CD70C-SegmentedRaftLogWorker for RaftStorageImpl:Storage Directory /home/runner/work/ozone/ozone/hadoop-ozone/integration-test/target/test-dir/MiniOzoneClusterImpl-0a2dcee8-4d86-4433-abec-1f16422e5815/datanode-2/data/ratis/a526c2bd-7fa6-455e-b792-3cb0c69cd70c
2021-08-16 11:42:59,151 [pool-407-thread-1] INFO  server.RaftServerConfigKeys (ConfUtils.java:logGet(44)) - raft.server.log.queue.byte-limit = 2147483647 (custom)
2021-08-16 11:42:59,151 [pool-407-thread-1] INFO  server.RaftServerConfigKeys (ConfUtils.java:logGet(44)) - raft.server.log.queue.element-limit = 1024 (custom)
2021-08-16 11:42:59,151 [pool-407-thread-1] INFO  server.RaftServerConfigKeys (ConfUtils.java:logGet(44)) - raft.server.log.segment.size.max = 1048576 (custom)
2021-08-16 11:42:59,152 [pool-407-thread-1] INFO  server.RaftServerConfigKeys (ConfUtils.java:logGet(44)) - raft.server.log.preallocated.size = 16384 (custom)
2021-08-16 11:42:59,152 [pool-407-thread-1] INFO  server.RaftServerConfigKeys (ConfUtils.java:logGet(44)) - raft.server.log.force.sync.num = 128 (default)
2021-08-16 11:42:59,152 [pool-407-thread-1] INFO  server.RaftServerConfigKeys (ConfUtils.java:logGet(44)) - raft.server.log.statemachine.data.sync = true (default)
2021-08-16 11:42:59,152 [pool-407-thread-1] INFO  server.RaftServerConfigKeys (ConfUtils.java:logGet(44)) - raft.server.log.statemachine.data.sync.timeout = 10s (default)
2021-08-16 11:42:59,152 [pool-407-thread-1] INFO  server.RaftServerConfigKeys (ConfUtils.java:logGet(44)) - raft.server.log.statemachine.data.sync.timeout.retry = -1 (default)
2021-08-16 11:42:59,152 [pool-407-thread-1] INFO  server.RaftServerConfigKeys (ConfUtils.java:logGet(44)) - raft.server.log.write.buffer.size = 1048576 (custom)
2021-08-16 11:42:59,153 [pool-407-thread-1] INFO  server.RaftServerConfigKeys (ConfUtils.java:logGet(44)) - raft.server.log.statemachine.data.caching.enabled = true (custom)
2021-08-16 11:42:59,153 [pool-407-thread-1] INFO  segmented.SegmentedRaftLogWorker (SegmentedRaftLogWorker.java:lambda$new$0(133)) - 95ef88ee-88ff-45e5-b622-e96a5f390165@group-3CB0C69CD70C-SegmentedRaftLogWorker: flushIndex: setUnconditionally 0 -> -1
2021-08-16 11:42:59,153 [pool-407-thread-1] INFO  segmented.SegmentedRaftLogWorker (SegmentedRaftLogWorker.java:lambda$new$0(133)) - 95ef88ee-88ff-45e5-b622-e96a5f390165@group-3CB0C69CD70C-SegmentedRaftLogWorker: safeCacheEvictIndex: setUnconditionally 0 -> -1
2021-08-16 11:42:59,165 [pool-407-thread-1] INFO  server.RaftServerConfigKeys (ConfUtils.java:logGet(44)) - raft.server.snapshot.auto.trigger.enabled = true (custom)
2021-08-16 11:42:59,165 [pool-407-thread-1] INFO  server.RaftServerConfigKeys (ConfUtils.java:logGet(44)) - raft.server.snapshot.auto.trigger.threshold = 10000 (custom)
2021-08-16 11:42:59,165 [pool-407-thread-1] INFO  server.RaftServerConfigKeys (ConfUtils.java:logGet(44)) - raft.server.snapshot.retention.file.num = 5 (custom)
2021-08-16 11:42:59,165 [pool-407-thread-1] INFO  server.RaftServerConfigKeys (ConfUtils.java:logGet(44)) - raft.server.log.purge.upto.snapshot.index = false (default)
2021-08-16 11:42:59,165 [pool-407-thread-1] INFO  server.RaftServerConfigKeys (ConfUtils.java:logGet(44)) - raft.server.retrycache.expirytime = 600000ms (custom)
2021-08-16 11:42:59,165 [pool-407-thread-1] INFO  server.RaftServerConfigKeys (ConfUtils.java:logGet(44)) - raft.server.retrycache.statistics.expirytime = 100μs (default)
2021-08-16 11:42:59,166 [pool-407-thread-1] INFO  server.RaftServer$Division (RaftServerImpl.java:start(296)) - 95ef88ee-88ff-45e5-b622-e96a5f390165@group-3CB0C69CD70C: start as a follower, conf=-1: [95ef88ee-88ff-45e5-b622-e96a5f390165|rpc:10.1.0.5:37553|priority:1], old=null
2021-08-16 11:42:59,166 [pool-407-thread-1] INFO  server.RaftServer$Division (RaftServerImpl.java:setRole(285)) - 95ef88ee-88ff-45e5-b622-e96a5f390165@group-3CB0C69CD70C: changes role from      null to FOLLOWER at term 0 for startAsFollower
2021-08-16 11:42:59,166 [pool-407-thread-1] INFO  impl.RoleInfo (RoleInfo.java:updateAndGet(130)) - 95ef88ee-88ff-45e5-b622-e96a5f390165: start 95ef88ee-88ff-45e5-b622-e96a5f390165@group-3CB0C69CD70C-FollowerState
2021-08-16 11:42:59,181 [Datanode State Machine Thread - 0] WARN  statemachine.StateContext (StateContext.java:execute(621)) - No available thread in pool for past 1 seconds.
2021-08-16 11:42:59,207 [pool-407-thread-1] INFO  util.JmxRegister (JmxRegister.java:tryRegister(44)) - Successfully registered JMX Bean with object name Ratis:service=RaftServer,group=group-3CB0C69CD70C,id=95ef88ee-88ff-45e5-b622-e96a5f390165
2021-08-16 11:42:59,215 [Command processor thread] INFO  ratis.XceiverServerRatis (XceiverServerRatis.java:addGroup(763)) - Created group PipelineID=a526c2bd-7fa6-455e-b792-3cb0c69cd70c
2021-08-16 11:42:59,216 [Command processor thread] INFO  commandhandler.CreatePipelineCommandHandler (CreatePipelineCommandHandler.java:handle(106)) - Created Pipeline RATIS ONE PipelineID=a526c2bd-7fa6-455e-b792-3cb0c69cd70c.
2021-08-16 11:42:59,216 [EventQueue-PipelineReportForPipelineReportHandler] INFO  pipeline.PipelineManagerImpl (PipelineManagerImpl.java:openPipeline(283)) - Pipeline Pipeline[ Id: a526c2bd-7fa6-455e-b792-3cb0c69cd70c, Nodes: 95ef88ee-88ff-45e5-b622-e96a5f390165{ip: 10.1.0.5, host: fv-az270-213.tacnzluakwdehk1hpragurqkma.bx.internal.cloudapp.net, ports: [REPLICATION=40875, RATIS=37553, RATIS_ADMIN=37553, RATIS_SERVER=37553, STANDALONE=40963], networkLocation: /default-rack, certSerialId: null, persistedOpState: IN_SERVICE, persistedOpStateExpiryEpochSec: 0}, ReplicationConfig: RATIS/ONE, State:ALLOCATED, leaderId:95ef88ee-88ff-45e5-b622-e96a5f390165, CreationTimestamp2021-08-16T11:42:56.155Z[Etc/UTC]] moved to OPEN state
2021-08-16 11:42:59,216 [EventQueue-OpenPipelineForHealthyPipelineSafeModeRule] INFO  safemode.SCMSafeModeManager (HealthyPipelineSafeModeRule.java:process(124)) - SCM in safe mode. Healthy pipelines reported count is 0, required healthy pipeline reported count is 1
2021-08-16 11:42:59,980 [Listener at 127.0.0.1/39025] INFO  ozone.MiniOzoneClusterImpl (MiniOzoneClusterImpl.java:lambda$waitForClusterToBeReady$0(235)) - Nodes are ready. Got 3 of 3 DN Heartbeats.
2021-08-16 11:42:59,981 [Listener at 127.0.0.1/39025] INFO  ozone.MiniOzoneClusterImpl (MiniOzoneClusterImpl.java:lambda$waitForClusterToBeReady$0(238)) - Waiting for cluster to exit safe mode
2021-08-16 11:42:59,981 [Listener at 127.0.0.1/39025] INFO  ozone.MiniOzoneClusterImpl (MiniOzoneClusterImpl.java:lambda$waitForClusterToBeReady$0(240)) - SCM became leader
2021-08-16 11:43:00,981 [Listener at 127.0.0.1/39025] INFO  ozone.MiniOzoneClusterImpl (MiniOzoneClusterImpl.java:lambda$waitForClusterToBeReady$0(235)) - Nodes are ready. Got 3 of 3 DN Heartbeats.
2021-08-16 11:43:00,981 [Listener at 127.0.0.1/39025] INFO  ozone.MiniOzoneClusterImpl (MiniOzoneClusterImpl.java:lambda$waitForClusterToBeReady$0(238)) - Waiting for cluster to exit safe mode
2021-08-16 11:43:00,981 [Listener at 127.0.0.1/39025] INFO  ozone.MiniOzoneClusterImpl (MiniOzoneClusterImpl.java:lambda$waitForClusterToBeReady$0(240)) - SCM became leader
2021-08-16 11:43:01,981 [Listener at 127.0.0.1/39025] INFO  ozone.MiniOzoneClusterImpl (MiniOzoneClusterImpl.java:lambda$waitForClusterToBeReady$0(235)) - Nodes are ready. Got 3 of 3 DN Heartbeats.
2021-08-16 11:43:01,981 [Listener at 127.0.0.1/39025] INFO  ozone.MiniOzoneClusterImpl (MiniOzoneClusterImpl.java:lambda$waitForClusterToBeReady$0(238)) - Waiting for cluster to exit safe mode
2021-08-16 11:43:01,981 [Listener at 127.0.0.1/39025] INFO  ozone.MiniOzoneClusterImpl (MiniOzoneClusterImpl.java:lambda$waitForClusterToBeReady$0(240)) - SCM became leader
2021-08-16 11:43:02,670 [746920fe-9ff2-4f62-9ef0-75329d226aec@group-37D161E40C0E-FollowerState] INFO  impl.FollowerState (FollowerState.java:run(134)) - 746920fe-9ff2-4f62-9ef0-75329d226aec@group-37D161E40C0E-FollowerState: change to CANDIDATE, lastRpcElapsedTime:5054893499ns, electionTimeout:5052ms
2021-08-16 11:43:02,670 [746920fe-9ff2-4f62-9ef0-75329d226aec@group-37D161E40C0E-FollowerState] INFO  impl.RoleInfo (RoleInfo.java:shutdownFollowerState(108)) - 746920fe-9ff2-4f62-9ef0-75329d226aec: shutdown 746920fe-9ff2-4f62-9ef0-75329d226aec@group-37D161E40C0E-FollowerState
2021-08-16 11:43:02,670 [746920fe-9ff2-4f62-9ef0-75329d226aec@group-37D161E40C0E-FollowerState] INFO  server.RaftServer$Division (RaftServerImpl.java:setRole(285)) - 746920fe-9ff2-4f62-9ef0-75329d226aec@group-37D161E40C0E: changes role from  FOLLOWER to CANDIDATE at term 0 for changeToCandidate
2021-08-16 11:43:02,671 [746920fe-9ff2-4f62-9ef0-75329d226aec@group-37D161E40C0E-FollowerState] INFO  server.RaftServerConfigKeys (ConfUtils.java:logGet(44)) - raft.server.leaderelection.pre-vote = false (custom)
2021-08-16 11:43:02,671 [746920fe-9ff2-4f62-9ef0-75329d226aec@group-37D161E40C0E-FollowerState] INFO  impl.RoleInfo (RoleInfo.java:updateAndGet(130)) - 746920fe-9ff2-4f62-9ef0-75329d226aec: start 746920fe-9ff2-4f62-9ef0-75329d226aec@group-37D161E40C0E-LeaderElection38
2021-08-16 11:43:02,711 [746920fe-9ff2-4f62-9ef0-75329d226aec@group-37D161E40C0E-LeaderElection38] INFO  impl.LeaderElection (LeaderElection.java:askForVotes(306)) - 746920fe-9ff2-4f62-9ef0-75329d226aec@group-37D161E40C0E-LeaderElection38 ELECTION round 0: submit vote requests at term 1 for -1: [746920fe-9ff2-4f62-9ef0-75329d226aec|rpc:10.1.0.5:40861|priority:1], old=null
2021-08-16 11:43:02,711 [746920fe-9ff2-4f62-9ef0-75329d226aec@group-37D161E40C0E-LeaderElection38] INFO  impl.LeaderElection (LeaderElection.java:askForVotes(308)) - 746920fe-9ff2-4f62-9ef0-75329d226aec@group-37D161E40C0E-LeaderElection38 ELECTION round 0: result PASSED (term=1)
2021-08-16 11:43:02,711 [746920fe-9ff2-4f62-9ef0-75329d226aec@group-37D161E40C0E-LeaderElection38] INFO  impl.RoleInfo (RoleInfo.java:shutdownLeaderElection(121)) - 746920fe-9ff2-4f62-9ef0-75329d226aec: shutdown 746920fe-9ff2-4f62-9ef0-75329d226aec@group-37D161E40C0E-LeaderElection38
2021-08-16 11:43:02,711 [746920fe-9ff2-4f62-9ef0-75329d226aec@group-37D161E40C0E-LeaderElection38] INFO  server.RaftServer$Division (RaftServerImpl.java:setRole(285)) - 746920fe-9ff2-4f62-9ef0-75329d226aec@group-37D161E40C0E: changes role from CANDIDATE to LEADER at term 1 for changeToLeader
2021-08-16 11:43:02,711 [746920fe-9ff2-4f62-9ef0-75329d226aec@group-37D161E40C0E-LeaderElection38] INFO  ratis.XceiverServerRatis (XceiverServerRatis.java:handleLeaderChangedNotification(861)) - Leader change notification received for group: group-37D161E40C0E with new leaderId: 746920fe-9ff2-4f62-9ef0-75329d226aec
2021-08-16 11:43:02,711 [746920fe-9ff2-4f62-9ef0-75329d226aec@group-37D161E40C0E-LeaderElection38] INFO  server.RaftServer$Division (ServerState.java:setLeader(285)) - 746920fe-9ff2-4f62-9ef0-75329d226aec@group-37D161E40C0E: change Leader from null to 746920fe-9ff2-4f62-9ef0-75329d226aec at term 1 for becomeLeader, leader elected after 5101ms
2021-08-16 11:43:02,711 [746920fe-9ff2-4f62-9ef0-75329d226aec@group-37D161E40C0E-LeaderElection38] INFO  server.RaftServerConfigKeys (ConfUtils.java:logGet(44)) - raft.server.staging.catchup.gap = 1000 (default)
2021-08-16 11:43:02,711 [Datanode State Machine Thread - 0] WARN  statemachine.StateContext (StateContext.java:execute(621)) - No available thread in pool for past 1 seconds.
2021-08-16 11:43:02,711 [746920fe-9ff2-4f62-9ef0-75329d226aec@group-37D161E40C0E-LeaderElection38] INFO  server.RaftServerConfigKeys (ConfUtils.java:logGet(44)) - raft.server.write.element-limit = 1024 (custom)
2021-08-16 11:43:02,711 [746920fe-9ff2-4f62-9ef0-75329d226aec@group-37D161E40C0E-LeaderElection38] INFO  server.RaftServerConfigKeys (ConfUtils.java:logGet(44)) - raft.server.write.byte-limit = 1024 M (=1073741824) (custom)
2021-08-16 11:43:02,712 [746920fe-9ff2-4f62-9ef0-75329d226aec@group-37D161E40C0E-LeaderElection38] INFO  server.RaftServerConfigKeys (ConfUtils.java:logGet(44)) - raft.server.watch.timeout = 180s (custom)
2021-08-16 11:43:02,712 [746920fe-9ff2-4f62-9ef0-75329d226aec@group-37D161E40C0E-LeaderElection38] INFO  server.RaftServerConfigKeys (ConfUtils.java:logGet(44)) - raft.server.watch.timeout.denomination = 1s (default)
2021-08-16 11:43:02,712 [746920fe-9ff2-4f62-9ef0-75329d226aec@group-37D161E40C0E-LeaderElection38] INFO  server.RaftServerConfigKeys (ConfUtils.java:logGet(44)) - raft.server.watch.element-limit = 65536 (default)
2021-08-16 11:43:02,712 [746920fe-9ff2-4f62-9ef0-75329d226aec@group-37D161E40C0E-LeaderElection38] INFO  impl.RoleInfo (RoleInfo.java:updateAndGet(130)) - 746920fe-9ff2-4f62-9ef0-75329d226aec: start 746920fe-9ff2-4f62-9ef0-75329d226aec@group-37D161E40C0E-LeaderStateImpl
2021-08-16 11:43:02,712 [746920fe-9ff2-4f62-9ef0-75329d226aec@group-37D161E40C0E-LeaderElection38] INFO  segmented.SegmentedRaftLogWorker (SegmentedRaftLogWorker.java:startLogSegment(394)) - 746920fe-9ff2-4f62-9ef0-75329d226aec@group-37D161E40C0E-SegmentedRaftLogWorker: Starting segment from index:0
2021-08-16 11:43:02,713 [EventQueue-OpenPipelineForHealthyPipelineSafeModeRule] INFO  safemode.SCMSafeModeManager (HealthyPipelineSafeModeRule.java:process(124)) - SCM in safe mode. Healthy pipelines reported count is 0, required healthy pipeline reported count is 1
2021-08-16 11:43:02,715 [746920fe-9ff2-4f62-9ef0-75329d226aec@group-37D161E40C0E-SegmentedRaftLogWorker] INFO  segmented.SegmentedRaftLogWorker (SegmentedRaftLogWorker.java:execute(601)) - 746920fe-9ff2-4f62-9ef0-75329d226aec@group-37D161E40C0E-SegmentedRaftLogWorker: created new log segment /home/runner/work/ozone/ozone/hadoop-ozone/integration-test/target/test-dir/MiniOzoneClusterImpl-0a2dcee8-4d86-4433-abec-1f16422e5815/datanode-0/data/ratis/1e4146bf-e63d-4e7a-a2c7-37d161e40c0e/current/log_inprogress_0
2021-08-16 11:43:02,718 [746920fe-9ff2-4f62-9ef0-75329d226aec@group-081237031A5E-FollowerState] INFO  impl.FollowerState (FollowerState.java:run(134)) - 746920fe-9ff2-4f62-9ef0-75329d226aec@group-081237031A5E-FollowerState: change to CANDIDATE, lastRpcElapsedTime:5043829499ns, electionTimeout:5036ms
2021-08-16 11:43:02,718 [746920fe-9ff2-4f62-9ef0-75329d226aec@group-081237031A5E-FollowerState] INFO  impl.RoleInfo (RoleInfo.java:shutdownFollowerState(108)) - 746920fe-9ff2-4f62-9ef0-75329d226aec: shutdown 746920fe-9ff2-4f62-9ef0-75329d226aec@group-081237031A5E-FollowerState
2021-08-16 11:43:02,718 [746920fe-9ff2-4f62-9ef0-75329d226aec@group-081237031A5E-FollowerState] INFO  server.RaftServer$Division (RaftServerImpl.java:setRole(285)) - 746920fe-9ff2-4f62-9ef0-75329d226aec@group-081237031A5E: changes role from  FOLLOWER to CANDIDATE at term 0 for changeToCandidate
2021-08-16 11:43:02,718 [746920fe-9ff2-4f62-9ef0-75329d226aec@group-081237031A5E-FollowerState] INFO  server.RaftServerConfigKeys (ConfUtils.java:logGet(44)) - raft.server.leaderelection.pre-vote = false (custom)
2021-08-16 11:43:02,718 [746920fe-9ff2-4f62-9ef0-75329d226aec@group-081237031A5E-FollowerState] INFO  impl.RoleInfo (RoleInfo.java:updateAndGet(130)) - 746920fe-9ff2-4f62-9ef0-75329d226aec: start 746920fe-9ff2-4f62-9ef0-75329d226aec@group-081237031A5E-LeaderElection39
2021-08-16 11:43:02,733 [746920fe-9ff2-4f62-9ef0-75329d226aec@group-37D161E40C0E-LeaderElection38] INFO  server.RaftServer$Division (ServerState.java:setRaftConf(387)) - 746920fe-9ff2-4f62-9ef0-75329d226aec@group-37D161E40C0E: set configuration 0: [746920fe-9ff2-4f62-9ef0-75329d226aec|rpc:10.1.0.5:40861|dataStream:|priority:1], old=null
2021-08-16 11:43:02,755 [746920fe-9ff2-4f62-9ef0-75329d226aec@group-081237031A5E-LeaderElection39] INFO  impl.LeaderElection (LeaderElection.java:askForVotes(306)) - 746920fe-9ff2-4f62-9ef0-75329d226aec@group-081237031A5E-LeaderElection39 ELECTION round 0: submit vote requests at term 1 for -1: [f5d97451-a683-4b51-bc71-34cba4ec5656|rpc:10.1.0.5:34463|priority:1, 746920fe-9ff2-4f62-9ef0-75329d226aec|rpc:10.1.0.5:40861|priority:0, 95ef88ee-88ff-45e5-b622-e96a5f390165|rpc:10.1.0.5:37553|priority:0], old=null
2021-08-16 11:43:02,871 [grpc-default-executor-1] INFO  server.RaftServer$Division (RaftServerImpl.java:requestVote(1043)) - f5d97451-a683-4b51-bc71-34cba4ec5656@group-081237031A5E: receive requestVote(ELECTION, 746920fe-9ff2-4f62-9ef0-75329d226aec, group-081237031A5E, 1, (t:0, i:0))
2021-08-16 11:43:02,872 [grpc-default-executor-1] INFO  impl.VoteContext (VoteContext.java:log(48)) - f5d97451-a683-4b51-bc71-34cba4ec5656@group-081237031A5E-FOLLOWER: reject ELECTION from 746920fe-9ff2-4f62-9ef0-75329d226aec: our priority 1 > candidate's priority 0
2021-08-16 11:43:02,872 [grpc-default-executor-1] INFO  server.RaftServer$Division (RaftServerImpl.java:setRole(285)) - f5d97451-a683-4b51-bc71-34cba4ec5656@group-081237031A5E: changes role from  FOLLOWER to FOLLOWER at term 1 for candidate:746920fe-9ff2-4f62-9ef0-75329d226aec
2021-08-16 11:43:02,872 [grpc-default-executor-1] INFO  impl.RoleInfo (RoleInfo.java:shutdownFollowerState(108)) - f5d97451-a683-4b51-bc71-34cba4ec5656: shutdown f5d97451-a683-4b51-bc71-34cba4ec5656@group-081237031A5E-FollowerState
2021-08-16 11:43:02,872 [grpc-default-executor-1] INFO  impl.RoleInfo (RoleInfo.java:updateAndGet(130)) - f5d97451-a683-4b51-bc71-34cba4ec5656: start f5d97451-a683-4b51-bc71-34cba4ec5656@group-081237031A5E-FollowerState
2021-08-16 11:43:02,873 [f5d97451-a683-4b51-bc71-34cba4ec5656@group-081237031A5E-FollowerState] INFO  impl.FollowerState (FollowerState.java:run(143)) - f5d97451-a683-4b51-bc71-34cba4ec5656@group-081237031A5E-FollowerState was interrupted: {}
java.lang.InterruptedException: sleep interrupted
	at java.lang.Thread.sleep(Native Method)
	at java.lang.Thread.sleep(Thread.java:340)
	at java.util.concurrent.TimeUnit.sleep(TimeUnit.java:386)
	at org.apache.ratis.util.TimeDuration.sleep(TimeDuration.java:324)
	at org.apache.ratis.util.TimeDuration.sleep(TimeDuration.java:309)
	at org.apache.ratis.server.impl.FollowerState.run(FollowerState.java:118)
2021-08-16 11:43:02,873 [grpc-default-executor-0] INFO  server.RaftServer$Division (RaftServerImpl.java:requestVote(1043)) - 95ef88ee-88ff-45e5-b622-e96a5f390165@group-081237031A5E: receive requestVote(ELECTION, 746920fe-9ff2-4f62-9ef0-75329d226aec, group-081237031A5E, 1, (t:0, i:0))
2021-08-16 11:43:02,873 [grpc-default-executor-0] INFO  impl.VoteContext (VoteContext.java:log(48)) - 95ef88ee-88ff-45e5-b622-e96a5f390165@group-081237031A5E-FOLLOWER: accept ELECTION from 746920fe-9ff2-4f62-9ef0-75329d226aec: our priority 0 <= candidate's priority 0
2021-08-16 11:43:02,873 [grpc-default-executor-0] INFO  server.RaftServer$Division (RaftServerImpl.java:setRole(285)) - 95ef88ee-88ff-45e5-b622-e96a5f390165@group-081237031A5E: changes role from  FOLLOWER to FOLLOWER at term 1 for candidate:746920fe-9ff2-4f62-9ef0-75329d226aec
2021-08-16 11:43:02,873 [grpc-default-executor-0] INFO  impl.RoleInfo (RoleInfo.java:shutdownFollowerState(108)) - 95ef88ee-88ff-45e5-b622-e96a5f390165: shutdown 95ef88ee-88ff-45e5-b622-e96a5f390165@group-081237031A5E-FollowerState
2021-08-16 11:43:02,880 [grpc-default-executor-0] INFO  impl.RoleInfo (RoleInfo.java:updateAndGet(130)) - 95ef88ee-88ff-45e5-b622-e96a5f390165: start 95ef88ee-88ff-45e5-b622-e96a5f390165@group-081237031A5E-FollowerState
2021-08-16 11:43:02,881 [grpc-default-executor-1] INFO  server.RaftServer$Division (RaftServerImpl.java:requestVote(1075)) - f5d97451-a683-4b51-bc71-34cba4ec5656@group-081237031A5E replies to ELECTION vote request: 746920fe-9ff2-4f62-9ef0-75329d226aec<-f5d97451-a683-4b51-bc71-34cba4ec5656#0:FAIL-t1. Peer's state: f5d97451-a683-4b51-bc71-34cba4ec5656@group-081237031A5E:t1, leader=null, voted=null, raftlog=f5d97451-a683-4b51-bc71-34cba4ec5656@group-081237031A5E-SegmentedRaftLog:OPENED:c-1,f-1,i0, conf=-1: [f5d97451-a683-4b51-bc71-34cba4ec5656|rpc:10.1.0.5:34463|dataStream:|priority:1, 746920fe-9ff2-4f62-9ef0-75329d226aec|rpc:10.1.0.5:40861|dataStream:|priority:0, 95ef88ee-88ff-45e5-b622-e96a5f390165|rpc:10.1.0.5:37553|dataStream:|priority:0], old=null
2021-08-16 11:43:02,881 [95ef88ee-88ff-45e5-b622-e96a5f390165@group-081237031A5E-FollowerState] INFO  impl.FollowerState (FollowerState.java:run(143)) - 95ef88ee-88ff-45e5-b622-e96a5f390165@group-081237031A5E-FollowerState was interrupted: {}
java.lang.InterruptedException: sleep interrupted
	at java.lang.Thread.sleep(Native Method)
	at java.lang.Thread.sleep(Thread.java:340)
	at java.util.concurrent.TimeUnit.sleep(TimeUnit.java:386)
	at org.apache.ratis.util.TimeDuration.sleep(TimeDuration.java:324)
	at org.apache.ratis.util.TimeDuration.sleep(TimeDuration.java:309)
	at org.apache.ratis.server.impl.FollowerState.run(FollowerState.java:118)
2021-08-16 11:43:02,890 [746920fe-9ff2-4f62-9ef0-75329d226aec@group-081237031A5E-LeaderElection39] INFO  impl.LeaderElection (LeaderElection.java:logAndReturn(89)) - 746920fe-9ff2-4f62-9ef0-75329d226aec@group-081237031A5E-LeaderElection39: ELECTION REJECTED received 1 response(s) and 0 exception(s):
2021-08-16 11:43:02,890 [746920fe-9ff2-4f62-9ef0-75329d226aec@group-081237031A5E-LeaderElection39] INFO  impl.LeaderElection (LeaderElection.java:logAndReturn(93)) -   Response 0: 746920fe-9ff2-4f62-9ef0-75329d226aec<-f5d97451-a683-4b51-bc71-34cba4ec5656#0:FAIL-t1
2021-08-16 11:43:02,890 [746920fe-9ff2-4f62-9ef0-75329d226aec@group-081237031A5E-LeaderElection39] INFO  impl.LeaderElection (LeaderElection.java:askForVotes(308)) - 746920fe-9ff2-4f62-9ef0-75329d226aec@group-081237031A5E-LeaderElection39 ELECTION round 0: result REJECTED
2021-08-16 11:43:02,891 [746920fe-9ff2-4f62-9ef0-75329d226aec@group-081237031A5E-LeaderElection39] INFO  server.RaftServer$Division (RaftServerImpl.java:setRole(285)) - 746920fe-9ff2-4f62-9ef0-75329d226aec@group-081237031A5E: changes role from CANDIDATE to FOLLOWER at term 1 for REJECTED
2021-08-16 11:43:02,891 [746920fe-9ff2-4f62-9ef0-75329d226aec@group-081237031A5E-LeaderElection39] INFO  impl.RoleInfo (RoleInfo.java:shutdownLeaderElection(121)) - 746920fe-9ff2-4f62-9ef0-75329d226aec: shutdown 746920fe-9ff2-4f62-9ef0-75329d226aec@group-081237031A5E-LeaderElection39
2021-08-16 11:43:02,891 [746920fe-9ff2-4f62-9ef0-75329d226aec@group-081237031A5E-LeaderElection39] INFO  impl.RoleInfo (RoleInfo.java:updateAndGet(130)) - 746920fe-9ff2-4f62-9ef0-75329d226aec: start 746920fe-9ff2-4f62-9ef0-75329d226aec@group-081237031A5E-FollowerState
2021-08-16 11:43:02,913 [grpc-default-executor-0] INFO  server.RaftServer$Division (RaftServerImpl.java:requestVote(1075)) - 95ef88ee-88ff-45e5-b622-e96a5f390165@group-081237031A5E replies to ELECTION vote request: 746920fe-9ff2-4f62-9ef0-75329d226aec<-95ef88ee-88ff-45e5-b622-e96a5f390165#0:OK-t1. Peer's state: 95ef88ee-88ff-45e5-b622-e96a5f390165@group-081237031A5E:t1, leader=null, voted=746920fe-9ff2-4f62-9ef0-75329d226aec, raftlog=95ef88ee-88ff-45e5-b622-e96a5f390165@group-081237031A5E-SegmentedRaftLog:OPENED:c-1,f-1,i0, conf=-1: [f5d97451-a683-4b51-bc71-34cba4ec5656|rpc:10.1.0.5:34463|dataStream:|priority:1, 746920fe-9ff2-4f62-9ef0-75329d226aec|rpc:10.1.0.5:40861|dataStream:|priority:0, 95ef88ee-88ff-45e5-b622-e96a5f390165|rpc:10.1.0.5:37553|dataStream:|priority:0], old=null
2021-08-16 11:43:02,982 [Listener at 127.0.0.1/39025] INFO  ozone.MiniOzoneClusterImpl (MiniOzoneClusterImpl.java:lambda$waitForClusterToBeReady$0(235)) - Nodes are ready. Got 3 of 3 DN Heartbeats.
2021-08-16 11:43:02,982 [Listener at 127.0.0.1/39025] INFO  ozone.MiniOzoneClusterImpl (MiniOzoneClusterImpl.java:lambda$waitForClusterToBeReady$0(238)) - Waiting for cluster to exit safe mode
2021-08-16 11:43:02,982 [Listener at 127.0.0.1/39025] INFO  ozone.MiniOzoneClusterImpl (MiniOzoneClusterImpl.java:lambda$waitForClusterToBeReady$0(240)) - SCM became leader
2021-08-16 11:43:03,297 [746920fe-9ff2-4f62-9ef0-75329d226aec@group-9A926D8E1E28-FollowerState] INFO  impl.FollowerState (FollowerState.java:run(134)) - 746920fe-9ff2-4f62-9ef0-75329d226aec@group-9A926D8E1E28-FollowerState: change to CANDIDATE, lastRpcElapsedTime:5110246668ns, electionTimeout:5069ms
2021-08-16 11:43:03,298 [746920fe-9ff2-4f62-9ef0-75329d226aec@group-9A926D8E1E28-FollowerState] INFO  impl.RoleInfo (RoleInfo.java:shutdownFollowerState(108)) - 746920fe-9ff2-4f62-9ef0-75329d226aec: shutdown 746920fe-9ff2-4f62-9ef0-75329d226aec@group-9A926D8E1E28-FollowerState
2021-08-16 11:43:03,298 [746920fe-9ff2-4f62-9ef0-75329d226aec@group-9A926D8E1E28-FollowerState] INFO  server.RaftServer$Division (RaftServerImpl.java:setRole(285)) - 746920fe-9ff2-4f62-9ef0-75329d226aec@group-9A926D8E1E28: changes role from  FOLLOWER to CANDIDATE at term 0 for changeToCandidate
2021-08-16 11:43:03,298 [746920fe-9ff2-4f62-9ef0-75329d226aec@group-9A926D8E1E28-FollowerState] INFO  server.RaftServerConfigKeys (ConfUtils.java:logGet(44)) - raft.server.leaderelection.pre-vote = false (custom)
2021-08-16 11:43:03,299 [746920fe-9ff2-4f62-9ef0-75329d226aec@group-9A926D8E1E28-FollowerState] INFO  impl.RoleInfo (RoleInfo.java:updateAndGet(130)) - 746920fe-9ff2-4f62-9ef0-75329d226aec: start 746920fe-9ff2-4f62-9ef0-75329d226aec@group-9A926D8E1E28-LeaderElection40
2021-08-16 11:43:03,334 [746920fe-9ff2-4f62-9ef0-75329d226aec@group-9A926D8E1E28-LeaderElection40] INFO  impl.LeaderElection (LeaderElection.java:askForVotes(306)) - 746920fe-9ff2-4f62-9ef0-75329d226aec@group-9A926D8E1E28-LeaderElection40 ELECTION round 0: submit vote requests at term 1 for -1: [f5d97451-a683-4b51-bc71-34cba4ec5656|rpc:10.1.0.5:34463|priority:0, 746920fe-9ff2-4f62-9ef0-75329d226aec|rpc:10.1.0.5:40861|priority:1, 95ef88ee-88ff-45e5-b622-e96a5f390165|rpc:10.1.0.5:37553|priority:0], old=null
2021-08-16 11:43:03,365 [grpc-default-executor-0] INFO  server.RaftServer$Division (RaftServerImpl.java:requestVote(1043)) - f5d97451-a683-4b51-bc71-34cba4ec5656@group-9A926D8E1E28: receive requestVote(ELECTION, 746920fe-9ff2-4f62-9ef0-75329d226aec, group-9A926D8E1E28, 1, (t:0, i:0))
2021-08-16 11:43:03,365 [grpc-default-executor-0] INFO  impl.VoteContext (VoteContext.java:log(48)) - f5d97451-a683-4b51-bc71-34cba4ec5656@group-9A926D8E1E28-FOLLOWER: accept ELECTION from 746920fe-9ff2-4f62-9ef0-75329d226aec: our priority 0 <= candidate's priority 1
2021-08-16 11:43:03,365 [grpc-default-executor-0] INFO  server.RaftServer$Division (RaftServerImpl.java:setRole(285)) - f5d97451-a683-4b51-bc71-34cba4ec5656@group-9A926D8E1E28: changes role from  FOLLOWER to FOLLOWER at term 1 for candidate:746920fe-9ff2-4f62-9ef0-75329d226aec
2021-08-16 11:43:03,365 [grpc-default-executor-0] INFO  impl.RoleInfo (RoleInfo.java:shutdownFollowerState(108)) - f5d97451-a683-4b51-bc71-34cba4ec5656: shutdown f5d97451-a683-4b51-bc71-34cba4ec5656@group-9A926D8E1E28-FollowerState
2021-08-16 11:43:03,366 [grpc-default-executor-0] INFO  impl.RoleInfo (RoleInfo.java:updateAndGet(130)) - f5d97451-a683-4b51-bc71-34cba4ec5656: start f5d97451-a683-4b51-bc71-34cba4ec5656@group-9A926D8E1E28-FollowerState
2021-08-16 11:43:03,366 [f5d97451-a683-4b51-bc71-34cba4ec5656@group-9A926D8E1E28-FollowerState] INFO  impl.FollowerState (FollowerState.java:run(143)) - f5d97451-a683-4b51-bc71-34cba4ec5656@group-9A926D8E1E28-FollowerState was interrupted: {}
java.lang.InterruptedException: sleep interrupted
	at java.lang.Thread.sleep(Native Method)
	at java.lang.Thread.sleep(Thread.java:340)
	at java.util.concurrent.TimeUnit.sleep(TimeUnit.java:386)
	at org.apache.ratis.util.TimeDuration.sleep(TimeDuration.java:324)
	at org.apache.ratis.util.TimeDuration.sleep(TimeDuration.java:309)
	at org.apache.ratis.server.impl.FollowerState.run(FollowerState.java:118)
2021-08-16 11:43:03,379 [grpc-default-executor-1] INFO  server.RaftServer$Division (RaftServerImpl.java:requestVote(1043)) - 95ef88ee-88ff-45e5-b622-e96a5f390165@group-9A926D8E1E28: receive requestVote(ELECTION, 746920fe-9ff2-4f62-9ef0-75329d226aec, group-9A926D8E1E28, 1, (t:0, i:0))
2021-08-16 11:43:03,379 [grpc-default-executor-1] INFO  impl.VoteContext (VoteContext.java:log(48)) - 95ef88ee-88ff-45e5-b622-e96a5f390165@group-9A926D8E1E28-FOLLOWER: accept ELECTION from 746920fe-9ff2-4f62-9ef0-75329d226aec: our priority 0 <= candidate's priority 1
2021-08-16 11:43:03,379 [grpc-default-executor-1] INFO  server.RaftServer$Division (RaftServerImpl.java:setRole(285)) - 95ef88ee-88ff-45e5-b622-e96a5f390165@group-9A926D8E1E28: changes role from  FOLLOWER to FOLLOWER at term 1 for candidate:746920fe-9ff2-4f62-9ef0-75329d226aec
2021-08-16 11:43:03,379 [grpc-default-executor-1] INFO  impl.RoleInfo (RoleInfo.java:shutdownFollowerState(108)) - 95ef88ee-88ff-45e5-b622-e96a5f390165: shutdown 95ef88ee-88ff-45e5-b622-e96a5f390165@group-9A926D8E1E28-FollowerState
2021-08-16 11:43:03,379 [grpc-default-executor-1] INFO  impl.RoleInfo (RoleInfo.java:updateAndGet(130)) - 95ef88ee-88ff-45e5-b622-e96a5f390165: start 95ef88ee-88ff-45e5-b622-e96a5f390165@group-9A926D8E1E28-FollowerState
2021-08-16 11:43:03,379 [95ef88ee-88ff-45e5-b622-e96a5f390165@group-9A926D8E1E28-FollowerState] INFO  impl.FollowerState (FollowerState.java:run(143)) - 95ef88ee-88ff-45e5-b622-e96a5f390165@group-9A926D8E1E28-FollowerState was interrupted: {}
java.lang.InterruptedException: sleep interrupted
	at java.lang.Thread.sleep(Native Method)
	at java.lang.Thread.sleep(Thread.java:340)
	at java.util.concurrent.TimeUnit.sleep(TimeUnit.java:386)
	at org.apache.ratis.util.TimeDuration.sleep(TimeDuration.java:324)
	at org.apache.ratis.util.TimeDuration.sleep(TimeDuration.java:309)
	at org.apache.ratis.server.impl.FollowerState.run(FollowerState.java:118)
2021-08-16 11:43:03,379 [grpc-default-executor-0] INFO  server.RaftServer$Division (RaftServerImpl.java:requestVote(1075)) - f5d97451-a683-4b51-bc71-34cba4ec5656@group-9A926D8E1E28 replies to ELECTION vote request: 746920fe-9ff2-4f62-9ef0-75329d226aec<-f5d97451-a683-4b51-bc71-34cba4ec5656#0:OK-t1. Peer's state: f5d97451-a683-4b51-bc71-34cba4ec5656@group-9A926D8E1E28:t1, leader=null, voted=746920fe-9ff2-4f62-9ef0-75329d226aec, raftlog=f5d97451-a683-4b51-bc71-34cba4ec5656@group-9A926D8E1E28-SegmentedRaftLog:OPENED:c-1,f-1,i0, conf=-1: [f5d97451-a683-4b51-bc71-34cba4ec5656|rpc:10.1.0.5:34463|dataStream:|priority:0, 746920fe-9ff2-4f62-9ef0-75329d226aec|rpc:10.1.0.5:40861|dataStream:|priority:1, 95ef88ee-88ff-45e5-b622-e96a5f390165|rpc:10.1.0.5:37553|dataStream:|priority:0], old=null
2021-08-16 11:43:03,380 [746920fe-9ff2-4f62-9ef0-75329d226aec@group-9A926D8E1E28-LeaderElection40] INFO  impl.LeaderElection (LeaderElection.java:logAndReturn(89)) - 746920fe-9ff2-4f62-9ef0-75329d226aec@group-9A926D8E1E28-LeaderElection40: ELECTION PASSED received 1 response(s) and 0 exception(s):
2021-08-16 11:43:03,380 [746920fe-9ff2-4f62-9ef0-75329d226aec@group-9A926D8E1E28-LeaderElection40] INFO  impl.LeaderElection (LeaderElection.java:logAndReturn(93)) -   Response 0: 746920fe-9ff2-4f62-9ef0-75329d226aec<-f5d97451-a683-4b51-bc71-34cba4ec5656#0:OK-t1
2021-08-16 11:43:03,380 [746920fe-9ff2-4f62-9ef0-75329d226aec@group-9A926D8E1E28-LeaderElection40] INFO  impl.LeaderElection (LeaderElection.java:askForVotes(308)) - 746920fe-9ff2-4f62-9ef0-75329d226aec@group-9A926D8E1E28-LeaderElection40 ELECTION round 0: result PASSED
2021-08-16 11:43:03,397 [746920fe-9ff2-4f62-9ef0-75329d226aec@group-9A926D8E1E28-LeaderElection40] INFO  impl.RoleInfo (RoleInfo.java:shutdownLeaderElection(121)) - 746920fe-9ff2-4f62-9ef0-75329d226aec: shutdown 746920fe-9ff2-4f62-9ef0-75329d226aec@group-9A926D8E1E28-LeaderElection40
2021-08-16 11:43:03,398 [746920fe-9ff2-4f62-9ef0-75329d226aec@group-9A926D8E1E28-LeaderElection40] INFO  server.RaftServer$Division (RaftServerImpl.java:setRole(285)) - 746920fe-9ff2-4f62-9ef0-75329d226aec@group-9A926D8E1E28: changes role from CANDIDATE to LEADER at term 1 for changeToLeader
2021-08-16 11:43:03,398 [746920fe-9ff2-4f62-9ef0-75329d226aec@group-9A926D8E1E28-LeaderElection40] INFO  ratis.XceiverServerRatis (XceiverServerRatis.java:handleLeaderChangedNotification(861)) - Leader change notification received for group: group-9A926D8E1E28 with new leaderId: 746920fe-9ff2-4f62-9ef0-75329d226aec
2021-08-16 11:43:03,398 [746920fe-9ff2-4f62-9ef0-75329d226aec@group-9A926D8E1E28-LeaderElection40] INFO  server.RaftServer$Division (ServerState.java:setLeader(285)) - 746920fe-9ff2-4f62-9ef0-75329d226aec@group-9A926D8E1E28: change Leader from null to 746920fe-9ff2-4f62-9ef0-75329d226aec at term 1 for becomeLeader, leader elected after 5245ms
2021-08-16 11:43:03,398 [746920fe-9ff2-4f62-9ef0-75329d226aec@group-9A926D8E1E28-LeaderElection40] INFO  server.RaftServerConfigKeys (ConfUtils.java:logGet(44)) - raft.server.staging.catchup.gap = 1000 (default)
2021-08-16 11:43:03,398 [746920fe-9ff2-4f62-9ef0-75329d226aec@group-9A926D8E1E28-LeaderElection40] INFO  server.RaftServerConfigKeys (ConfUtils.java:logGet(44)) - raft.server.write.element-limit = 1024 (custom)
2021-08-16 11:43:03,398 [746920fe-9ff2-4f62-9ef0-75329d226aec@group-9A926D8E1E28-LeaderElection40] INFO  server.RaftServerConfigKeys (ConfUtils.java:logGet(44)) - raft.server.write.byte-limit = 1024 M (=1073741824) (custom)
2021-08-16 11:43:03,398 [746920fe-9ff2-4f62-9ef0-75329d226aec@group-9A926D8E1E28-LeaderElection40] INFO  server.RaftServerConfigKeys (ConfUtils.java:logGet(44)) - raft.server.watch.timeout = 180s (custom)
2021-08-16 11:43:03,398 [746920fe-9ff2-4f62-9ef0-75329d226aec@group-9A926D8E1E28-LeaderElection40] INFO  server.RaftServerConfigKeys (ConfUtils.java:logGet(44)) - raft.server.watch.timeout.denomination = 1s (default)
2021-08-16 11:43:03,398 [746920fe-9ff2-4f62-9ef0-75329d226aec@group-9A926D8E1E28-LeaderElection40] INFO  server.RaftServerConfigKeys (ConfUtils.java:logGet(44)) - raft.server.watch.element-limit = 65536 (default)
2021-08-16 11:43:03,399 [746920fe-9ff2-4f62-9ef0-75329d226aec@group-9A926D8E1E28-LeaderElection40] INFO  server.RaftServerConfigKeys (ConfUtils.java:logGet(44)) - raft.server.log.appender.snapshot.chunk.size.max = 16MB (=16777216) (default)
2021-08-16 11:43:03,399 [746920fe-9ff2-4f62-9ef0-75329d226aec@group-9A926D8E1E28-LeaderElection40] INFO  server.RaftServerConfigKeys (ConfUtils.java:logGet(44)) - raft.server.log.appender.buffer.byte-limit = 33554432 (custom)
2021-08-16 11:43:03,399 [746920fe-9ff2-4f62-9ef0-75329d226aec@group-9A926D8E1E28-LeaderElection40] INFO  server.RaftServerConfigKeys (ConfUtils.java:logGet(44)) - raft.server.log.appender.buffer.element-limit = 1 (custom)
2021-08-16 11:43:03,399 [746920fe-9ff2-4f62-9ef0-75329d226aec@group-9A926D8E1E28-LeaderElection40] INFO  grpc.GrpcConfigKeys (ConfUtils.java:logGet(44)) - raft.grpc.server.leader.outstanding.appends.max = 128 (default)
2021-08-16 11:43:03,399 [746920fe-9ff2-4f62-9ef0-75329d226aec@group-9A926D8E1E28-LeaderElection40] INFO  server.RaftServerConfigKeys (ConfUtils.java:logGet(44)) - raft.server.rpc.request.timeout = 60s (custom)
2021-08-16 11:43:03,399 [746920fe-9ff2-4f62-9ef0-75329d226aec@group-9A926D8E1E28-LeaderElection40] INFO  server.RaftServerConfigKeys (ConfUtils.java:logGet(44)) - raft.server.log.appender.install.snapshot.enabled = false (custom)
2021-08-16 11:43:03,400 [746920fe-9ff2-4f62-9ef0-75329d226aec@group-9A926D8E1E28-LeaderElection40] INFO  server.RaftServerConfigKeys (ConfUtils.java:logGet(44)) - raft.server.log.appender.snapshot.chunk.size.max = 16MB (=16777216) (default)
2021-08-16 11:43:03,400 [746920fe-9ff2-4f62-9ef0-75329d226aec@group-9A926D8E1E28-LeaderElection40] INFO  server.RaftServerConfigKeys (ConfUtils.java:logGet(44)) - raft.server.log.appender.buffer.byte-limit = 33554432 (custom)
2021-08-16 11:43:03,400 [746920fe-9ff2-4f62-9ef0-75329d226aec@group-9A926D8E1E28-LeaderElection40] INFO  server.RaftServerConfigKeys (ConfUtils.java:logGet(44)) - raft.server.log.appender.buffer.element-limit = 1 (custom)
2021-08-16 11:43:03,400 [746920fe-9ff2-4f62-9ef0-75329d226aec@group-9A926D8E1E28-LeaderElection40] INFO  grpc.GrpcConfigKeys (ConfUtils.java:logGet(44)) - raft.grpc.server.leader.outstanding.appends.max = 128 (default)
2021-08-16 11:43:03,400 [746920fe-9ff2-4f62-9ef0-75329d226aec@group-9A926D8E1E28-LeaderElection40] INFO  server.RaftServerConfigKeys (ConfUtils.java:logGet(44)) - raft.server.rpc.request.timeout = 60s (custom)
2021-08-16 11:43:03,400 [746920fe-9ff2-4f62-9ef0-75329d226aec@group-9A926D8E1E28-LeaderElection40] INFO  server.RaftServerConfigKeys (ConfUtils.java:logGet(44)) - raft.server.log.appender.install.snapshot.enabled = false (custom)
2021-08-16 11:43:03,401 [746920fe-9ff2-4f62-9ef0-75329d226aec@group-9A926D8E1E28-LeaderElection40] INFO  impl.RoleInfo (RoleInfo.java:updateAndGet(130)) - 746920fe-9ff2-4f62-9ef0-75329d226aec: start 746920fe-9ff2-4f62-9ef0-75329d226aec@group-9A926D8E1E28-LeaderStateImpl
2021-08-16 11:43:03,401 [Datanode State Machine Thread - 0] WARN  statemachine.StateContext (StateContext.java:execute(621)) - No available thread in pool for past 1 seconds.
2021-08-16 11:43:03,401 [746920fe-9ff2-4f62-9ef0-75329d226aec@group-9A926D8E1E28-LeaderElection40] INFO  segmented.SegmentedRaftLogWorker (SegmentedRaftLogWorker.java:startLogSegment(394)) - 746920fe-9ff2-4f62-9ef0-75329d226aec@group-9A926D8E1E28-SegmentedRaftLogWorker: Starting segment from index:0
2021-08-16 11:43:03,449 [746920fe-9ff2-4f62-9ef0-75329d226aec@group-9A926D8E1E28-LeaderElection40] INFO  server.RaftServer$Division (ServerState.java:setRaftConf(387)) - 746920fe-9ff2-4f62-9ef0-75329d226aec@group-9A926D8E1E28: set configuration 0: [f5d97451-a683-4b51-bc71-34cba4ec5656|rpc:10.1.0.5:34463|dataStream:|priority:0, 746920fe-9ff2-4f62-9ef0-75329d226aec|rpc:10.1.0.5:40861|dataStream:|priority:1, 95ef88ee-88ff-45e5-b622-e96a5f390165|rpc:10.1.0.5:37553|dataStream:|priority:0], old=null
2021-08-16 11:43:03,466 [grpc-default-executor-1] INFO  server.RaftServer$Division (RaftServerImpl.java:requestVote(1075)) - 95ef88ee-88ff-45e5-b622-e96a5f390165@group-9A926D8E1E28 replies to ELECTION vote request: 746920fe-9ff2-4f62-9ef0-75329d226aec<-95ef88ee-88ff-45e5-b622-e96a5f390165#0:OK-t1. Peer's state: 95ef88ee-88ff-45e5-b622-e96a5f390165@group-9A926D8E1E28:t1, leader=null, voted=746920fe-9ff2-4f62-9ef0-75329d226aec, raftlog=95ef88ee-88ff-45e5-b622-e96a5f390165@group-9A926D8E1E28-SegmentedRaftLog:OPENED:c-1,f-1,i0, conf=-1: [f5d97451-a683-4b51-bc71-34cba4ec5656|rpc:10.1.0.5:34463|dataStream:|priority:0, 746920fe-9ff2-4f62-9ef0-75329d226aec|rpc:10.1.0.5:40861|dataStream:|priority:1, 95ef88ee-88ff-45e5-b622-e96a5f390165|rpc:10.1.0.5:37553|dataStream:|priority:0], old=null
2021-08-16 11:43:03,493 [grpc-default-executor-2] INFO  ratis.XceiverServerRatis (XceiverServerRatis.java:handleLeaderChangedNotification(861)) - Leader change notification received for group: group-9A926D8E1E28 with new leaderId: 746920fe-9ff2-4f62-9ef0-75329d226aec
2021-08-16 11:43:03,494 [grpc-default-executor-1] INFO  ratis.XceiverServerRatis (XceiverServerRatis.java:handleLeaderChangedNotification(861)) - Leader change notification received for group: group-9A926D8E1E28 with new leaderId: 746920fe-9ff2-4f62-9ef0-75329d226aec
2021-08-16 11:43:03,501 [grpc-default-executor-1] INFO  server.RaftServer$Division (ServerState.java:setLeader(285)) - 95ef88ee-88ff-45e5-b622-e96a5f390165@group-9A926D8E1E28: change Leader from null to 746920fe-9ff2-4f62-9ef0-75329d226aec at term 1 for appendEntries, leader elected after 4951ms
2021-08-16 11:43:03,500 [grpc-default-executor-2] INFO  server.RaftServer$Division (ServerState.java:setLeader(285)) - f5d97451-a683-4b51-bc71-34cba4ec5656@group-9A926D8E1E28: change Leader from null to 746920fe-9ff2-4f62-9ef0-75329d226aec at term 1 for appendEntries, leader elected after 5103ms
2021-08-16 11:43:03,514 [746920fe-9ff2-4f62-9ef0-75329d226aec@group-9A926D8E1E28-SegmentedRaftLogWorker] INFO  segmented.SegmentedRaftLogWorker (SegmentedRaftLogWorker.java:execute(601)) - 746920fe-9ff2-4f62-9ef0-75329d226aec@group-9A926D8E1E28-SegmentedRaftLogWorker: created new log segment /home/runner/work/ozone/ozone/hadoop-ozone/integration-test/target/test-dir/MiniOzoneClusterImpl-0a2dcee8-4d86-4433-abec-1f16422e5815/datanode-0/data/ratis/437cf997-7567-4e08-b3f4-9a926d8e1e28/current/log_inprogress_0
2021-08-16 11:43:03,517 [EventQueue-PipelineReportForPipelineReportHandler] INFO  pipeline.PipelineManagerImpl (PipelineManagerImpl.java:openPipeline(283)) - Pipeline Pipeline[ Id: 437cf997-7567-4e08-b3f4-9a926d8e1e28, Nodes: 746920fe-9ff2-4f62-9ef0-75329d226aec{ip: 10.1.0.5, host: fv-az270-213.tacnzluakwdehk1hpragurqkma.bx.internal.cloudapp.net, ports: [REPLICATION=39813, RATIS=40861, RATIS_ADMIN=40861, RATIS_SERVER=40861, STANDALONE=40227], networkLocation: /default-rack, certSerialId: null, persistedOpState: IN_SERVICE, persistedOpStateExpiryEpochSec: 0}f5d97451-a683-4b51-bc71-34cba4ec5656{ip: 10.1.0.5, host: fv-az270-213.tacnzluakwdehk1hpragurqkma.bx.internal.cloudapp.net, ports: [REPLICATION=42873, RATIS=34463, RATIS_ADMIN=34463, RATIS_SERVER=34463, STANDALONE=38807], networkLocation: /default-rack, certSerialId: null, persistedOpState: IN_SERVICE, persistedOpStateExpiryEpochSec: 0}95ef88ee-88ff-45e5-b622-e96a5f390165{ip: 10.1.0.5, host: fv-az270-213.tacnzluakwdehk1hpragurqkma.bx.internal.cloudapp.net, ports: [REPLICATION=40875, RATIS=37553, RATIS_ADMIN=37553, RATIS_SERVER=37553, STANDALONE=40963], networkLocation: /default-rack, certSerialId: null, persistedOpState: IN_SERVICE, persistedOpStateExpiryEpochSec: 0}, ReplicationConfig: RATIS/THREE, State:ALLOCATED, leaderId:746920fe-9ff2-4f62-9ef0-75329d226aec, CreationTimestamp2021-08-16T11:42:56.162Z[Etc/UTC]] moved to OPEN state
2021-08-16 11:43:03,518 [EventQueue-OpenPipelineForHealthyPipelineSafeModeRule] INFO  safemode.SCMSafeModeManager (HealthyPipelineSafeModeRule.java:process(124)) - SCM in safe mode. Healthy pipelines reported count is 1, required healthy pipeline reported count is 1
2021-08-16 11:43:03,518 [EventQueue-OpenPipelineForHealthyPipelineSafeModeRule] INFO  safemode.SCMSafeModeManager (SCMSafeModeManager.java:validateSafeModeExitRules(204)) - HealthyPipelineSafeModeRule rule is successfully validated
2021-08-16 11:43:03,518 [EventQueue-OpenPipelineForHealthyPipelineSafeModeRule] INFO  safemode.SCMSafeModeManager (SCMSafeModeManager.java:validateSafeModeExitRules(219)) - ScmSafeModeManager, all rules are successfully validated
2021-08-16 11:43:03,518 [EventQueue-OpenPipelineForHealthyPipelineSafeModeRule] INFO  safemode.SCMSafeModeManager (SCMSafeModeManager.java:exitSafeMode(248)) - SCM exiting safe mode.
2021-08-16 11:43:03,518 [EventQueue-OpenPipelineForHealthyPipelineSafeModeRule] WARN  events.EventQueue (EventQueue.java:fireEvent(194)) - No event handler registered for event TypedEvent{payloadType=SafeModeStatus, name='Safe mode status'}
2021-08-16 11:43:03,518 [EventQueue-OpenPipelineForHealthyPipelineSafeModeRule] INFO  ha.SCMContext (SCMContext.java:updateSafeModeStatus(205)) - Update SafeModeStatus from SafeModeStatus{safeModeStatus=true, preCheckPassed=true} to SafeModeStatus{safeModeStatus=false, preCheckPassed=true}.
2021-08-16 11:43:03,518 [EventQueue-OpenPipelineForHealthyPipelineSafeModeRule] INFO  pipeline.BackgroundPipelineCreator (BackgroundPipelineCreatorV2.java:notifyStatusChanged(264)) - Service BackgroundPipelineCreator transitions to RUNNING.
2021-08-16 11:43:03,518 [EventQueue-OpenPipelineForHealthyPipelineSafeModeRule] INFO  container.ReplicationManager (ReplicationManager.java:notifyStatusChanged(1679)) - Service ReplicationManager transitions to RUNNING.
2021-08-16 11:43:03,522 [grpc-default-executor-1] INFO  server.RaftServer$Division (ServerState.java:setRaftConf(387)) - 95ef88ee-88ff-45e5-b622-e96a5f390165@group-9A926D8E1E28: set configuration 0: [f5d97451-a683-4b51-bc71-34cba4ec5656|rpc:10.1.0.5:34463|dataStream:|priority:0, 746920fe-9ff2-4f62-9ef0-75329d226aec|rpc:10.1.0.5:40861|dataStream:|priority:1, 95ef88ee-88ff-45e5-b622-e96a5f390165|rpc:10.1.0.5:37553|dataStream:|priority:0], old=null
2021-08-16 11:43:03,523 [grpc-default-executor-1] INFO  segmented.SegmentedRaftLogWorker (SegmentedRaftLogWorker.java:startLogSegment(394)) - 95ef88ee-88ff-45e5-b622-e96a5f390165@group-9A926D8E1E28-SegmentedRaftLogWorker: Starting segment from index:0
2021-08-16 11:43:03,530 [95ef88ee-88ff-45e5-b622-e96a5f390165@group-9A926D8E1E28-SegmentedRaftLogWorker] INFO  segmented.SegmentedRaftLogWorker (SegmentedRaftLogWorker.java:execute(601)) - 95ef88ee-88ff-45e5-b622-e96a5f390165@group-9A926D8E1E28-SegmentedRaftLogWorker: created new log segment /home/runner/work/ozone/ozone/hadoop-ozone/integration-test/target/test-dir/MiniOzoneClusterImpl-0a2dcee8-4d86-4433-abec-1f16422e5815/datanode-2/data/ratis/437cf997-7567-4e08-b3f4-9a926d8e1e28/current/log_inprogress_0
2021-08-16 11:43:03,587 [grpc-default-executor-2] INFO  server.RaftServer$Division (ServerState.java:setRaftConf(387)) - f5d97451-a683-4b51-bc71-34cba4ec5656@group-9A926D8E1E28: set configuration 0: [f5d97451-a683-4b51-bc71-34cba4ec5656|rpc:10.1.0.5:34463|dataStream:|priority:0, 746920fe-9ff2-4f62-9ef0-75329d226aec|rpc:10.1.0.5:40861|dataStream:|priority:1, 95ef88ee-88ff-45e5-b622-e96a5f390165|rpc:10.1.0.5:37553|dataStream:|priority:0], old=null
2021-08-16 11:43:03,587 [grpc-default-executor-2] INFO  segmented.SegmentedRaftLogWorker (SegmentedRaftLogWorker.java:startLogSegment(394)) - f5d97451-a683-4b51-bc71-34cba4ec5656@group-9A926D8E1E28-SegmentedRaftLogWorker: Starting segment from index:0
2021-08-16 11:43:03,589 [f5d97451-a683-4b51-bc71-34cba4ec5656@group-9A926D8E1E28-SegmentedRaftLogWorker] INFO  segmented.SegmentedRaftLogWorker (SegmentedRaftLogWorker.java:execute(601)) - f5d97451-a683-4b51-bc71-34cba4ec5656@group-9A926D8E1E28-SegmentedRaftLogWorker: created new log segment /home/runner/work/ozone/ozone/hadoop-ozone/integration-test/target/test-dir/MiniOzoneClusterImpl-0a2dcee8-4d86-4433-abec-1f16422e5815/datanode-1/data/ratis/437cf997-7567-4e08-b3f4-9a926d8e1e28/current/log_inprogress_0
2021-08-16 11:43:03,618 [f5d97451-a683-4b51-bc71-34cba4ec5656@group-225B311CEA21-FollowerState] INFO  impl.FollowerState (FollowerState.java:run(134)) - f5d97451-a683-4b51-bc71-34cba4ec5656@group-225B311CEA21-FollowerState: change to CANDIDATE, lastRpcElapsedTime:5187737444ns, electionTimeout:5186ms
2021-08-16 11:43:03,618 [f5d97451-a683-4b51-bc71-34cba4ec5656@group-225B311CEA21-FollowerState] INFO  impl.RoleInfo (RoleInfo.java:shutdownFollowerState(108)) - f5d97451-a683-4b51-bc71-34cba4ec5656: shutdown f5d97451-a683-4b51-bc71-34cba4ec5656@group-225B311CEA21-FollowerState
2021-08-16 11:43:03,618 [f5d97451-a683-4b51-bc71-34cba4ec5656@group-225B311CEA21-FollowerState] INFO  server.RaftServer$Division (RaftServerImpl.java:setRole(285)) - f5d97451-a683-4b51-bc71-34cba4ec5656@group-225B311CEA21: changes role from  FOLLOWER to CANDIDATE at term 0 for changeToCandidate
2021-08-16 11:43:03,625 [f5d97451-a683-4b51-bc71-34cba4ec5656@group-225B311CEA21-FollowerState] INFO  server.RaftServerConfigKeys (ConfUtils.java:logGet(44)) - raft.server.leaderelection.pre-vote = false (custom)
2021-08-16 11:43:03,625 [f5d97451-a683-4b51-bc71-34cba4ec5656@group-225B311CEA21-FollowerState] INFO  impl.RoleInfo (RoleInfo.java:updateAndGet(130)) - f5d97451-a683-4b51-bc71-34cba4ec5656: start f5d97451-a683-4b51-bc71-34cba4ec5656@group-225B311CEA21-LeaderElection41
2021-08-16 11:43:03,683 [f5d97451-a683-4b51-bc71-34cba4ec5656@group-225B311CEA21-LeaderElection41] INFO  impl.LeaderElection (LeaderElection.java:askForVotes(306)) - f5d97451-a683-4b51-bc71-34cba4ec5656@group-225B311CEA21-LeaderElection41 ELECTION round 0: submit vote requests at term 1 for -1: [f5d97451-a683-4b51-bc71-34cba4ec5656|rpc:10.1.0.5:34463|priority:1], old=null
2021-08-16 11:43:03,683 [f5d97451-a683-4b51-bc71-34cba4ec5656@group-225B311CEA21-LeaderElection41] INFO  impl.LeaderElection (LeaderElection.java:askForVotes(308)) - f5d97451-a683-4b51-bc71-34cba4ec5656@group-225B311CEA21-LeaderElection41 ELECTION round 0: result PASSED (term=1)
2021-08-16 11:43:03,683 [f5d97451-a683-4b51-bc71-34cba4ec5656@group-225B311CEA21-LeaderElection41] INFO  impl.RoleInfo (RoleInfo.java:shutdownLeaderElection(121)) - f5d97451-a683-4b51-bc71-34cba4ec5656: shutdown f5d97451-a683-4b51-bc71-34cba4ec5656@group-225B311CEA21-LeaderElection41
2021-08-16 11:43:03,683 [f5d97451-a683-4b51-bc71-34cba4ec5656@group-225B311CEA21-LeaderElection41] INFO  server.RaftServer$Division (RaftServerImpl.java:setRole(285)) - f5d97451-a683-4b51-bc71-34cba4ec5656@group-225B311CEA21: changes role from CANDIDATE to LEADER at term 1 for changeToLeader
2021-08-16 11:43:03,683 [f5d97451-a683-4b51-bc71-34cba4ec5656@group-225B311CEA21-LeaderElection41] INFO  ratis.XceiverServerRatis (XceiverServerRatis.java:handleLeaderChangedNotification(861)) - Leader change notification received for group: group-225B311CEA21 with new leaderId: f5d97451-a683-4b51-bc71-34cba4ec5656
2021-08-16 11:43:03,683 [f5d97451-a683-4b51-bc71-34cba4ec5656@group-225B311CEA21-LeaderElection41] INFO  server.RaftServer$Division (ServerState.java:setLeader(285)) - f5d97451-a683-4b51-bc71-34cba4ec5656@group-225B311CEA21: change Leader from null to f5d97451-a683-4b51-bc71-34cba4ec5656 at term 1 for becomeLeader, leader elected after 5336ms
2021-08-16 11:43:03,683 [f5d97451-a683-4b51-bc71-34cba4ec5656@group-225B311CEA21-LeaderElection41] INFO  server.RaftServerConfigKeys (ConfUtils.java:logGet(44)) - raft.server.staging.catchup.gap = 1000 (default)
2021-08-16 11:43:03,684 [f5d97451-a683-4b51-bc71-34cba4ec5656@group-225B311CEA21-LeaderElection41] INFO  server.RaftServerConfigKeys (ConfUtils.java:logGet(44)) - raft.server.write.element-limit = 1024 (custom)
2021-08-16 11:43:03,684 [f5d97451-a683-4b51-bc71-34cba4ec5656@group-225B311CEA21-LeaderElection41] INFO  server.RaftServerConfigKeys (ConfUtils.java:logGet(44)) - raft.server.write.byte-limit = 1024 M (=1073741824) (custom)
2021-08-16 11:43:03,684 [Datanode State Machine Thread - 0] WARN  statemachine.StateContext (StateContext.java:execute(621)) - No available thread in pool for past 1 seconds.
2021-08-16 11:43:03,686 [f5d97451-a683-4b51-bc71-34cba4ec5656@group-225B311CEA21-LeaderElection41] INFO  server.RaftServerConfigKeys (ConfUtils.java:logGet(44)) - raft.server.watch.timeout = 180s (custom)
2021-08-16 11:43:03,686 [f5d97451-a683-4b51-bc71-34cba4ec5656@group-225B311CEA21-LeaderElection41] INFO  server.RaftServerConfigKeys (ConfUtils.java:logGet(44)) - raft.server.watch.timeout.denomination = 1s (default)
2021-08-16 11:43:03,686 [f5d97451-a683-4b51-bc71-34cba4ec5656@group-225B311CEA21-LeaderElection41] INFO  server.RaftServerConfigKeys (ConfUtils.java:logGet(44)) - raft.server.watch.element-limit = 65536 (default)
2021-08-16 11:43:03,686 [f5d97451-a683-4b51-bc71-34cba4ec5656@group-225B311CEA21-LeaderElection41] INFO  impl.RoleInfo (RoleInfo.java:updateAndGet(130)) - f5d97451-a683-4b51-bc71-34cba4ec5656: start f5d97451-a683-4b51-bc71-34cba4ec5656@group-225B311CEA21-LeaderStateImpl
2021-08-16 11:43:03,687 [f5d97451-a683-4b51-bc71-34cba4ec5656@group-225B311CEA21-LeaderElection41] INFO  segmented.SegmentedRaftLogWorker (SegmentedRaftLogWorker.java:startLogSegment(394)) - f5d97451-a683-4b51-bc71-34cba4ec5656@group-225B311CEA21-SegmentedRaftLogWorker: Starting segment from index:0
2021-08-16 11:43:03,693 [f5d97451-a683-4b51-bc71-34cba4ec5656@group-225B311CEA21-LeaderElection41] INFO  server.RaftServer$Division (ServerState.java:setRaftConf(387)) - f5d97451-a683-4b51-bc71-34cba4ec5656@group-225B311CEA21: set configuration 0: [f5d97451-a683-4b51-bc71-34cba4ec5656|rpc:10.1.0.5:34463|dataStream:|priority:1], old=null
2021-08-16 11:43:03,713 [f5d97451-a683-4b51-bc71-34cba4ec5656@group-225B311CEA21-SegmentedRaftLogWorker] INFO  segmented.SegmentedRaftLogWorker (SegmentedRaftLogWorker.java:execute(601)) - f5d97451-a683-4b51-bc71-34cba4ec5656@group-225B311CEA21-SegmentedRaftLogWorker: created new log segment /home/runner/work/ozone/ozone/hadoop-ozone/integration-test/target/test-dir/MiniOzoneClusterImpl-0a2dcee8-4d86-4433-abec-1f16422e5815/datanode-1/data/ratis/7fd7a733-74dc-4bb4-afea-225b311cea21/current/log_inprogress_0
2021-08-16 11:43:03,982 [Listener at 127.0.0.1/39025] INFO  ozone.MiniOzoneClusterImpl (MiniOzoneClusterImpl.java:lambda$waitForClusterToBeReady$0(235)) - Nodes are ready. Got 3 of 3 DN Heartbeats.
2021-08-16 11:43:03,982 [Listener at 127.0.0.1/39025] INFO  ozone.MiniOzoneClusterImpl (MiniOzoneClusterImpl.java:lambda$waitForClusterToBeReady$0(238)) - Cluster exits safe mode
2021-08-16 11:43:03,982 [Listener at 127.0.0.1/39025] INFO  ozone.MiniOzoneClusterImpl (MiniOzoneClusterImpl.java:lambda$waitForClusterToBeReady$0(240)) - SCM became leader
2021-08-16 11:43:03,982 [Listener at 127.0.0.1/39025] INFO  ha.SequenceIdGenerator (SequenceIdGenerator.java:getNextId(127)) - Allocate a batch for containerId, change lastId from 0 to 1000.
2021-08-16 11:43:04,352 [95ef88ee-88ff-45e5-b622-e96a5f390165@group-3CB0C69CD70C-FollowerState] INFO  impl.FollowerState (FollowerState.java:run(134)) - 95ef88ee-88ff-45e5-b622-e96a5f390165@group-3CB0C69CD70C-FollowerState: change to CANDIDATE, lastRpcElapsedTime:5185226506ns, electionTimeout:5144ms
2021-08-16 11:43:04,352 [95ef88ee-88ff-45e5-b622-e96a5f390165@group-3CB0C69CD70C-FollowerState] INFO  impl.RoleInfo (RoleInfo.java:shutdownFollowerState(108)) - 95ef88ee-88ff-45e5-b622-e96a5f390165: shutdown 95ef88ee-88ff-45e5-b622-e96a5f390165@group-3CB0C69CD70C-FollowerState
2021-08-16 11:43:04,352 [95ef88ee-88ff-45e5-b622-e96a5f390165@group-3CB0C69CD70C-FollowerState] INFO  server.RaftServer$Division (RaftServerImpl.java:setRole(285)) - 95ef88ee-88ff-45e5-b622-e96a5f390165@group-3CB0C69CD70C: changes role from  FOLLOWER to CANDIDATE at term 0 for changeToCandidate
2021-08-16 11:43:04,352 [95ef88ee-88ff-45e5-b622-e96a5f390165@group-3CB0C69CD70C-FollowerState] INFO  server.RaftServerConfigKeys (ConfUtils.java:logGet(44)) - raft.server.leaderelection.pre-vote = false (custom)
2021-08-16 11:43:04,352 [95ef88ee-88ff-45e5-b622-e96a5f390165@group-3CB0C69CD70C-FollowerState] INFO  impl.RoleInfo (RoleInfo.java:updateAndGet(130)) - 95ef88ee-88ff-45e5-b622-e96a5f390165: start 95ef88ee-88ff-45e5-b622-e96a5f390165@group-3CB0C69CD70C-LeaderElection42
2021-08-16 11:43:04,377 [95ef88ee-88ff-45e5-b622-e96a5f390165@group-3CB0C69CD70C-LeaderElection42] INFO  impl.LeaderElection (LeaderElection.java:askForVotes(306)) - 95ef88ee-88ff-45e5-b622-e96a5f390165@group-3CB0C69CD70C-LeaderElection42 ELECTION round 0: submit vote requests at term 1 for -1: [95ef88ee-88ff-45e5-b622-e96a5f390165|rpc:10.1.0.5:37553|priority:1], old=null
2021-08-16 11:43:04,377 [95ef88ee-88ff-45e5-b622-e96a5f390165@group-3CB0C69CD70C-LeaderElection42] INFO  impl.LeaderElection (LeaderElection.java:askForVotes(308)) - 95ef88ee-88ff-45e5-b622-e96a5f390165@group-3CB0C69CD70C-LeaderElection42 ELECTION round 0: result PASSED (term=1)
2021-08-16 11:43:04,377 [95ef88ee-88ff-45e5-b622-e96a5f390165@group-3CB0C69CD70C-LeaderElection42] INFO  impl.RoleInfo (RoleInfo.java:shutdownLeaderElection(121)) - 95ef88ee-88ff-45e5-b622-e96a5f390165: shutdown 95ef88ee-88ff-45e5-b622-e96a5f390165@group-3CB0C69CD70C-LeaderElection42
2021-08-16 11:43:04,377 [95ef88ee-88ff-45e5-b622-e96a5f390165@group-3CB0C69CD70C-LeaderElection42] INFO  server.RaftServer$Division (RaftServerImpl.java:setRole(285)) - 95ef88ee-88ff-45e5-b622-e96a5f390165@group-3CB0C69CD70C: changes role from CANDIDATE to LEADER at term 1 for changeToLeader
2021-08-16 11:43:04,377 [95ef88ee-88ff-45e5-b622-e96a5f390165@group-3CB0C69CD70C-LeaderElection42] INFO  ratis.XceiverServerRatis (XceiverServerRatis.java:handleLeaderChangedNotification(861)) - Leader change notification received for group: group-3CB0C69CD70C with new leaderId: 95ef88ee-88ff-45e5-b622-e96a5f390165
2021-08-16 11:43:04,377 [95ef88ee-88ff-45e5-b622-e96a5f390165@group-3CB0C69CD70C-LeaderElection42] INFO  server.RaftServer$Division (ServerState.java:setLeader(285)) - 95ef88ee-88ff-45e5-b622-e96a5f390165@group-3CB0C69CD70C: change Leader from null to 95ef88ee-88ff-45e5-b622-e96a5f390165 at term 1 for becomeLeader, leader elected after 5226ms
2021-08-16 11:43:04,377 [95ef88ee-88ff-45e5-b622-e96a5f390165@group-3CB0C69CD70C-LeaderElection42] INFO  server.RaftServerConfigKeys (ConfUtils.java:logGet(44)) - raft.server.staging.catchup.gap = 1000 (default)
2021-08-16 11:43:04,377 [Datanode State Machine Thread - 0] WARN  statemachine.StateContext (StateContext.java:execute(621)) - No available thread in pool for past 1 seconds.
2021-08-16 11:43:04,378 [95ef88ee-88ff-45e5-b622-e96a5f390165@group-3CB0C69CD70C-LeaderElection42] INFO  server.RaftServerConfigKeys (ConfUtils.java:logGet(44)) - raft.server.write.element-limit = 1024 (custom)
2021-08-16 11:43:04,378 [95ef88ee-88ff-45e5-b622-e96a5f390165@group-3CB0C69CD70C-LeaderElection42] INFO  server.RaftServerConfigKeys (ConfUtils.java:logGet(44)) - raft.server.write.byte-limit = 1024 M (=1073741824) (custom)
2021-08-16 11:43:04,378 [95ef88ee-88ff-45e5-b622-e96a5f390165@group-3CB0C69CD70C-LeaderElection42] INFO  server.RaftServerConfigKeys (ConfUtils.java:logGet(44)) - raft.server.watch.timeout = 180s (custom)
2021-08-16 11:43:04,379 [95ef88ee-88ff-45e5-b622-e96a5f390165@group-3CB0C69CD70C-LeaderElection42] INFO  server.RaftServerConfigKeys (ConfUtils.java:logGet(44)) - raft.server.watch.timeout.denomination = 1s (default)
2021-08-16 11:43:04,380 [95ef88ee-88ff-45e5-b622-e96a5f390165@group-3CB0C69CD70C-LeaderElection42] INFO  server.RaftServerConfigKeys (ConfUtils.java:logGet(44)) - raft.server.watch.element-limit = 65536 (default)
2021-08-16 11:43:04,380 [95ef88ee-88ff-45e5-b622-e96a5f390165@group-3CB0C69CD70C-LeaderElection42] INFO  impl.RoleInfo (RoleInfo.java:updateAndGet(130)) - 95ef88ee-88ff-45e5-b622-e96a5f390165: start 95ef88ee-88ff-45e5-b622-e96a5f390165@group-3CB0C69CD70C-LeaderStateImpl
2021-08-16 11:43:04,380 [95ef88ee-88ff-45e5-b622-e96a5f390165@group-3CB0C69CD70C-LeaderElection42] INFO  segmented.SegmentedRaftLogWorker (SegmentedRaftLogWorker.java:startLogSegment(394)) - 95ef88ee-88ff-45e5-b622-e96a5f390165@group-3CB0C69CD70C-SegmentedRaftLogWorker: Starting segment from index:0
2021-08-16 11:43:04,389 [95ef88ee-88ff-45e5-b622-e96a5f390165@group-3CB0C69CD70C-LeaderElection42] INFO  server.RaftServer$Division (ServerState.java:setRaftConf(387)) - 95ef88ee-88ff-45e5-b622-e96a5f390165@group-3CB0C69CD70C: set configuration 0: [95ef88ee-88ff-45e5-b622-e96a5f390165|rpc:10.1.0.5:37553|dataStream:|priority:1], old=null
2021-08-16 11:43:04,393 [95ef88ee-88ff-45e5-b622-e96a5f390165@group-3CB0C69CD70C-SegmentedRaftLogWorker] INFO  segmented.SegmentedRaftLogWorker (SegmentedRaftLogWorker.java:execute(601)) - 95ef88ee-88ff-45e5-b622-e96a5f390165@group-3CB0C69CD70C-SegmentedRaftLogWorker: created new log segment /home/runner/work/ozone/ozone/hadoop-ozone/integration-test/target/test-dir/MiniOzoneClusterImpl-0a2dcee8-4d86-4433-abec-1f16422e5815/datanode-2/data/ratis/a526c2bd-7fa6-455e-b792-3cb0c69cd70c/current/log_inprogress_0
2021-08-16 11:43:06,265 [Listener at 127.0.0.1/39025] ERROR ratis.XceiverServerRatis (XceiverServerRatis.java:triggerPipelineClose(676)) - pipeline Action CLOSE on pipeline PipelineID=437cf997-7567-4e08-b3f4-9a926d8e1e28.Reason : Unspecified failure reported in Ratis log
2021-08-16 11:43:06,268 [EventQueue-PipelineActionsForPipelineActionHandler] INFO  pipeline.PipelineActionHandler (PipelineActionHandler.java:processPipelineAction(82)) - Received pipeline action CLOSE for PipelineID=437cf997-7567-4e08-b3f4-9a926d8e1e28 from datanode 746920fe-9ff2-4f62-9ef0-75329d226aec. Reason : Unspecified failure reported in Ratis log
2021-08-16 11:43:06,269 [EventQueue-PipelineActionsForPipelineActionHandler] INFO  pipeline.PipelineManagerImpl (PipelineManagerImpl.java:closePipeline(343)) - Pipeline Pipeline[ Id: 437cf997-7567-4e08-b3f4-9a926d8e1e28, Nodes: 746920fe-9ff2-4f62-9ef0-75329d226aec{ip: 10.1.0.5, host: fv-az270-213.tacnzluakwdehk1hpragurqkma.bx.internal.cloudapp.net, ports: [REPLICATION=39813, RATIS=40861, RATIS_ADMIN=40861, RATIS_SERVER=40861, STANDALONE=40227], networkLocation: /default-rack, certSerialId: null, persistedOpState: IN_SERVICE, persistedOpStateExpiryEpochSec: 0}f5d97451-a683-4b51-bc71-34cba4ec5656{ip: 10.1.0.5, host: fv-az270-213.tacnzluakwdehk1hpragurqkma.bx.internal.cloudapp.net, ports: [REPLICATION=42873, RATIS=34463, RATIS_ADMIN=34463, RATIS_SERVER=34463, STANDALONE=38807], networkLocation: /default-rack, certSerialId: null, persistedOpState: IN_SERVICE, persistedOpStateExpiryEpochSec: 0}95ef88ee-88ff-45e5-b622-e96a5f390165{ip: 10.1.0.5, host: fv-az270-213.tacnzluakwdehk1hpragurqkma.bx.internal.cloudapp.net, ports: [REPLICATION=40875, RATIS=37553, RATIS_ADMIN=37553, RATIS_SERVER=37553, STANDALONE=40963], networkLocation: /default-rack, certSerialId: null, persistedOpState: IN_SERVICE, persistedOpStateExpiryEpochSec: 0}, ReplicationConfig: RATIS/THREE, State:OPEN, leaderId:746920fe-9ff2-4f62-9ef0-75329d226aec, CreationTimestamp2021-08-16T11:42:56.162Z[Etc/UTC]] moved to CLOSED state
2021-08-16 11:43:06,318 [EventQueue-PipelineActionsForPipelineActionHandler] INFO  pipeline.RatisPipelineProvider (RatisPipelineProvider.java:lambda$close$1(222)) - Send pipeline:PipelineID=437cf997-7567-4e08-b3f4-9a926d8e1e28 close command to datanode 746920fe-9ff2-4f62-9ef0-75329d226aec
2021-08-16 11:43:06,318 [EventQueue-PipelineActionsForPipelineActionHandler] INFO  pipeline.RatisPipelineProvider (RatisPipelineProvider.java:lambda$close$1(222)) - Send pipeline:PipelineID=437cf997-7567-4e08-b3f4-9a926d8e1e28 close command to datanode f5d97451-a683-4b51-bc71-34cba4ec5656
2021-08-16 11:43:06,318 [EventQueue-PipelineActionsForPipelineActionHandler] INFO  pipeline.RatisPipelineProvider (RatisPipelineProvider.java:lambda$close$1(222)) - Send pipeline:PipelineID=437cf997-7567-4e08-b3f4-9a926d8e1e28 close command to datanode 95ef88ee-88ff-45e5-b622-e96a5f390165
2021-08-16 11:43:06,322 [EventQueue-PipelineActionsForPipelineActionHandler] INFO  pipeline.PipelineStateManager (PipelineStateManagerV2Impl.java:removePipeline(211)) - Pipeline Pipeline[ Id: 437cf997-7567-4e08-b3f4-9a926d8e1e28, Nodes: 746920fe-9ff2-4f62-9ef0-75329d226aec{ip: 10.1.0.5, host: fv-az270-213.tacnzluakwdehk1hpragurqkma.bx.internal.cloudapp.net, ports: [REPLICATION=39813, RATIS=40861, RATIS_ADMIN=40861, RATIS_SERVER=40861, STANDALONE=40227], networkLocation: /default-rack, certSerialId: null, persistedOpState: IN_SERVICE, persistedOpStateExpiryEpochSec: 0}f5d97451-a683-4b51-bc71-34cba4ec5656{ip: 10.1.0.5, host: fv-az270-213.tacnzluakwdehk1hpragurqkma.bx.internal.cloudapp.net, ports: [REPLICATION=42873, RATIS=34463, RATIS_ADMIN=34463, RATIS_SERVER=34463, STANDALONE=38807], networkLocation: /default-rack, certSerialId: null, persistedOpState: IN_SERVICE, persistedOpStateExpiryEpochSec: 0}95ef88ee-88ff-45e5-b622-e96a5f390165{ip: 10.1.0.5, host: fv-az270-213.tacnzluakwdehk1hpragurqkma.bx.internal.cloudapp.net, ports: [REPLICATION=40875, RATIS=37553, RATIS_ADMIN=37553, RATIS_SERVER=37553, STANDALONE=40963], networkLocation: /default-rack, certSerialId: null, persistedOpState: IN_SERVICE, persistedOpStateExpiryEpochSec: 0}, ReplicationConfig: RATIS/THREE, State:CLOSED, leaderId:746920fe-9ff2-4f62-9ef0-75329d226aec, CreationTimestamp2021-08-16T11:42:56.162Z[Etc/UTC]] removed.
2021-08-16 11:43:06,349 [EventQueue-CloseContainerForCloseContainerEventHandler] INFO  container.CloseContainerEventHandler (CloseContainerEventHandler.java:onMessage(69)) - Close container Event triggered for container : #1
2021-08-16 11:43:06,352 [EventQueue-CloseContainerForCloseContainerEventHandler] INFO  pipeline.PipelineStateManager (PipelineStateManagerV2Impl.java:removeContainerFromPipeline(237)) - Pipeline PipelineID=437cf997-7567-4e08-b3f4-9a926d8e1e28 is not found in the pipeline2ContainerMap. Pipeline may have been closed already.
2021-08-16 11:43:06,352 [EventQueue-CloseContainerForCloseContainerEventHandler] INFO  container.CloseContainerEventHandler (CloseContainerEventHandler.java:onMessage(69)) - Close container Event triggered for container : #2
2021-08-16 11:43:06,353 [EventQueue-CloseContainerForCloseContainerEventHandler] INFO  pipeline.PipelineStateManager (PipelineStateManagerV2Impl.java:removeContainerFromPipeline(237)) - Pipeline PipelineID=437cf997-7567-4e08-b3f4-9a926d8e1e28 is not found in the pipeline2ContainerMap. Pipeline may have been closed already.
2021-08-16 11:43:06,565 [Listener at 127.0.0.1/39025] INFO  ozone.MiniOzoneClusterImpl (MiniOzoneClusterImpl.java:shutdown(453)) - Shutting down the Mini Ozone Cluster
2021-08-16 11:43:06,601 [Listener at 127.0.0.1/39025] INFO  ozone.MiniOzoneClusterImpl (MiniOzoneClusterImpl.java:stop(468)) - Stopping the Mini Ozone Cluster
2021-08-16 11:43:06,605 [Listener at 127.0.0.1/39025] INFO  ozone.MiniOzoneClusterImpl (MiniOzoneClusterImpl.java:stopOM(550)) - Stopping the OzoneManager
2021-08-16 11:43:06,609 [Listener at 127.0.0.1/39025] INFO  om.OzoneManager (OzoneManager.java:stop(1632)) - Stopping Ozone Manager
2021-08-16 11:43:06,621 [Listener at 127.0.0.1/39025] INFO  ipc.Server (Server.java:stop(3414)) - Stopping server on 39025
2021-08-16 11:43:06,626 [IPC Server Responder] INFO  ipc.Server (Server.java:run(1512)) - Stopping IPC Server Responder
2021-08-16 11:43:06,626 [IPC Server listener on 0] INFO  ipc.Server (Server.java:run(1376)) - Stopping IPC Server listener on 0
2021-08-16 11:43:06,633 [Listener at 127.0.0.1/39025] INFO  server.RaftServer (RaftServerProxy.java:lambda$close$6(391)) - om1: close
2021-08-16 11:43:06,633 [Listener at 127.0.0.1/39025] INFO  server.RaftServer$Division (RaftServerImpl.java:lambda$close$4(407)) - om1@group-C5BA1605619E: shutdown
2021-08-16 11:43:06,634 [Listener at 127.0.0.1/39025] INFO  util.JmxRegister (JmxRegister.java:unregister(73)) - Successfully un-registered JMX Bean with object name Ratis:service=RaftServer,group=group-C5BA1605619E,id=om1
2021-08-16 11:43:06,634 [Listener at 127.0.0.1/39025] INFO  impl.RoleInfo (RoleInfo.java:shutdownLeaderState(91)) - om1: shutdown om1@group-C5BA1605619E-LeaderStateImpl
2021-08-16 11:43:06,634 [Listener at 127.0.0.1/39025] INFO  impl.PendingRequests (PendingRequests.java:sendNotLeaderResponses(282)) - om1@group-C5BA1605619E-PendingRequests: sendNotLeaderResponses
2021-08-16 11:43:06,637 [om1@group-C5BA1605619E-StateMachineUpdater] INFO  ratis.OzoneManagerStateMachine (OzoneManagerStateMachine.java:takeSnapshot(417)) - Current Snapshot Index (t:1, i:0)
2021-08-16 11:43:06,637 [om1@group-C5BA1605619E-StateMachineUpdater] INFO  impl.StateMachineUpdater (StateMachineUpdater.java:takeSnapshot(281)) - om1@group-C5BA1605619E-StateMachineUpdater: Took a snapshot at index 0
2021-08-16 11:43:06,637 [om1@group-C5BA1605619E-StateMachineUpdater] INFO  impl.StateMachineUpdater (StateMachineUpdater.java:lambda$new$0(89)) - om1@group-C5BA1605619E-StateMachineUpdater: snapshotIndex: updateIncreasingly -1 -> 0
2021-08-16 11:43:06,637 [om1@group-C5BA1605619E-StateMachineUpdater] INFO  ratis.OzoneManagerStateMachine (OzoneManagerStateMachine.java:close(471)) - StateMachine has shutdown. Shutdown OzoneManager if not already shutdown.
2021-08-16 11:43:06,638 [Listener at 127.0.0.1/39025] INFO  impl.StateMachineUpdater (StateMachineUpdater.java:stopAndJoin(149)) - om1@group-C5BA1605619E-StateMachineUpdater: set stopIndex = 0
2021-08-16 11:43:06,638 [Listener at 127.0.0.1/39025] INFO  server.RaftServer$Division (ServerState.java:close(419)) - om1@group-C5BA1605619E: closes. applyIndex: 0
2021-08-16 11:43:06,641 [om1@group-C5BA1605619E-SegmentedRaftLogWorker] INFO  segmented.SegmentedRaftLogWorker (SegmentedRaftLogWorker.java:run(327)) - om1@group-C5BA1605619E-SegmentedRaftLogWorker was interrupted, exiting. There are 0 tasks remaining in the queue.
2021-08-16 11:43:06,643 [Listener at 127.0.0.1/39025] INFO  segmented.SegmentedRaftLogWorker (SegmentedRaftLogWorker.java:close(237)) - om1@group-C5BA1605619E-SegmentedRaftLogWorker close()
2021-08-16 11:43:06,659 [Listener at 127.0.0.1/39025] INFO  server.GrpcService (GrpcService.java:closeImpl(262)) - om1: shutdown server with port 9872 now
2021-08-16 11:43:06,693 [Listener at 127.0.0.1/39025] INFO  server.GrpcService (GrpcService.java:closeImpl(271)) - om1: shutdown server with port 9872 successfully
2021-08-16 11:43:06,732 [org.apache.ratis.util.JvmPauseMonitor$$Lambda$532/1449527477@371ec959] INFO  util.JvmPauseMonitor (JvmPauseMonitor.java:run(109)) - JvmPauseMonitor-om1: Stopped
2021-08-16 11:43:06,732 [Listener at 127.0.0.1/39025] INFO  ratis.OzoneManagerDoubleBuffer (OzoneManagerDoubleBuffer.java:stop(437)) - Stopping OMDoubleBuffer flush thread
2021-08-16 11:43:06,733 [OMDoubleBufferFlushThread] INFO  ratis.OzoneManagerDoubleBuffer (OzoneManagerDoubleBuffer.java:flushTransactions(356)) - OMDoubleBuffer flush thread OMDoubleBufferFlushThread is interrupted and will exit. OMDoubleBufferFlushThread
2021-08-16 11:43:06,733 [Listener at 127.0.0.1/39025] INFO  utils.BackgroundService (BackgroundService.java:shutdown(132)) - Shutting down service KeyDeletingService
2021-08-16 11:43:06,744 [Listener at 127.0.0.1/39025] INFO  handler.ContextHandler (ContextHandler.java:doStop(1153)) - Stopped o.e.j.w.WebAppContext@152b3f45{ozoneManager,/,null,STOPPED}{file:/home/runner/work/ozone/ozone/hadoop-ozone/integration-test/target/test-classes/webapps/ozoneManager}
2021-08-16 11:43:06,745 [Listener at 127.0.0.1/39025] INFO  server.AbstractConnector (AbstractConnector.java:doStop(381)) - Stopped ServerConnector@28fbbc92{HTTP/1.1, (http/1.1)}{0.0.0.0:0}
2021-08-16 11:43:06,745 [Listener at 127.0.0.1/39025] INFO  server.session (HouseKeeper.java:stopScavenging(149)) - node0 Stopped scavenging
2021-08-16 11:43:06,746 [Listener at 127.0.0.1/39025] INFO  handler.ContextHandler (ContextHandler.java:doStop(1153)) - Stopped o.e.j.s.ServletContextHandler@14603f6{static,/static,file:///home/runner/work/ozone/ozone/hadoop-ozone/integration-test/target/test-classes/webapps/static,STOPPED}
2021-08-16 11:43:06,746 [Listener at 127.0.0.1/39025] INFO  handler.ContextHandler (ContextHandler.java:doStop(1153)) - Stopped o.e.j.s.ServletContextHandler@6aca96e9{logs,/logs,file:///home/runner/work/ozone/ozone/hadoop-ozone/integration-test/target/log,STOPPED}
2021-08-16 11:43:06,770 [Listener at 127.0.0.1/39025] INFO  ozone.MiniOzoneClusterImpl (MiniOzoneClusterImpl.java:stopDatanodes(527)) - Stopping the HddsDatanodes
2021-08-16 11:43:07,263 [Datanode State Machine Thread - 0] INFO  statemachine.DatanodeStateMachine (DatanodeStateMachine.java:lambda$startDaemon$0(457)) - Ozone container server started.
2021-08-16 11:43:07,688 [Datanode State Machine Thread - 0] INFO  statemachine.DatanodeStateMachine (DatanodeStateMachine.java:lambda$startDaemon$0(457)) - Ozone container server started.
2021-08-16 11:43:07,911 [f5d97451-a683-4b51-bc71-34cba4ec5656@group-081237031A5E-FollowerState] INFO  impl.FollowerState (FollowerState.java:run(134)) - f5d97451-a683-4b51-bc71-34cba4ec5656@group-081237031A5E-FollowerState: change to CANDIDATE, lastRpcElapsedTime:5039548336ns, electionTimeout:5031ms
2021-08-16 11:43:07,912 [f5d97451-a683-4b51-bc71-34cba4ec5656@group-081237031A5E-FollowerState] INFO  impl.RoleInfo (RoleInfo.java:shutdownFollowerState(108)) - f5d97451-a683-4b51-bc71-34cba4ec5656: shutdown f5d97451-a683-4b51-bc71-34cba4ec5656@group-081237031A5E-FollowerState
2021-08-16 11:43:07,913 [f5d97451-a683-4b51-bc71-34cba4ec5656@group-081237031A5E-FollowerState] INFO  server.RaftServer$Division (RaftServerImpl.java:setRole(285)) - f5d97451-a683-4b51-bc71-34cba4ec5656@group-081237031A5E: changes role from  FOLLOWER to CANDIDATE at term 1 for changeToCandidate
2021-08-16 11:43:07,913 [f5d97451-a683-4b51-bc71-34cba4ec5656@group-081237031A5E-FollowerState] INFO  server.RaftServerConfigKeys (ConfUtils.java:logGet(44)) - raft.server.leaderelection.pre-vote = false (custom)
2021-08-16 11:43:07,913 [f5d97451-a683-4b51-bc71-34cba4ec5656@group-081237031A5E-FollowerState] INFO  impl.RoleInfo (RoleInfo.java:updateAndGet(130)) - f5d97451-a683-4b51-bc71-34cba4ec5656: start f5d97451-a683-4b51-bc71-34cba4ec5656@group-081237031A5E-LeaderElection43
2021-08-16 11:43:07,957 [f5d97451-a683-4b51-bc71-34cba4ec5656@group-081237031A5E-LeaderElection43] INFO  impl.LeaderElection (LeaderElection.java:askForVotes(306)) - f5d97451-a683-4b51-bc71-34cba4ec5656@group-081237031A5E-LeaderElection43 ELECTION round 0: submit vote requests at term 2 for -1: [f5d97451-a683-4b51-bc71-34cba4ec5656|rpc:10.1.0.5:34463|dataStream:|priority:1, 746920fe-9ff2-4f62-9ef0-75329d226aec|rpc:10.1.0.5:40861|dataStream:|priority:0, 95ef88ee-88ff-45e5-b622-e96a5f390165|rpc:10.1.0.5:37553|dataStream:|priority:0], old=null
2021-08-16 11:43:07,996 [746920fe-9ff2-4f62-9ef0-75329d226aec@group-081237031A5E-FollowerState] INFO  impl.FollowerState (FollowerState.java:run(134)) - 746920fe-9ff2-4f62-9ef0-75329d226aec@group-081237031A5E-FollowerState: change to CANDIDATE, lastRpcElapsedTime:5105402394ns, electionTimeout:5095ms
2021-08-16 11:43:07,996 [746920fe-9ff2-4f62-9ef0-75329d226aec@group-081237031A5E-FollowerState] INFO  impl.RoleInfo (RoleInfo.java:shutdownFollowerState(108)) - 746920fe-9ff2-4f62-9ef0-75329d226aec: shutdown 746920fe-9ff2-4f62-9ef0-75329d226aec@group-081237031A5E-FollowerState
2021-08-16 11:43:07,996 [746920fe-9ff2-4f62-9ef0-75329d226aec@group-081237031A5E-FollowerState] INFO  server.RaftServer$Division (RaftServerImpl.java:setRole(285)) - 746920fe-9ff2-4f62-9ef0-75329d226aec@group-081237031A5E: changes role from  FOLLOWER to CANDIDATE at term 1 for changeToCandidate
2021-08-16 11:43:07,997 [746920fe-9ff2-4f62-9ef0-75329d226aec@group-081237031A5E-FollowerState] INFO  server.RaftServerConfigKeys (ConfUtils.java:logGet(44)) - raft.server.leaderelection.pre-vote = false (custom)
2021-08-16 11:43:07,997 [746920fe-9ff2-4f62-9ef0-75329d226aec@group-081237031A5E-FollowerState] INFO  impl.RoleInfo (RoleInfo.java:updateAndGet(130)) - 746920fe-9ff2-4f62-9ef0-75329d226aec: start 746920fe-9ff2-4f62-9ef0-75329d226aec@group-081237031A5E-LeaderElection44
2021-08-16 11:43:08,018 [95ef88ee-88ff-45e5-b622-e96a5f390165@group-081237031A5E-FollowerState] INFO  impl.FollowerState (FollowerState.java:run(134)) - 95ef88ee-88ff-45e5-b622-e96a5f390165@group-081237031A5E-FollowerState: change to CANDIDATE, lastRpcElapsedTime:5104127036ns, electionTimeout:5065ms
2021-08-16 11:43:08,055 [95ef88ee-88ff-45e5-b622-e96a5f390165@group-081237031A5E-FollowerState] INFO  impl.RoleInfo (RoleInfo.java:shutdownFollowerState(108)) - 95ef88ee-88ff-45e5-b622-e96a5f390165: shutdown 95ef88ee-88ff-45e5-b622-e96a5f390165@group-081237031A5E-FollowerState
2021-08-16 11:43:08,056 [95ef88ee-88ff-45e5-b622-e96a5f390165@group-081237031A5E-FollowerState] INFO  server.RaftServer$Division (RaftServerImpl.java:setRole(285)) - 95ef88ee-88ff-45e5-b622-e96a5f390165@group-081237031A5E: changes role from  FOLLOWER to CANDIDATE at term 1 for changeToCandidate
2021-08-16 11:43:08,056 [95ef88ee-88ff-45e5-b622-e96a5f390165@group-081237031A5E-FollowerState] INFO  server.RaftServerConfigKeys (ConfUtils.java:logGet(44)) - raft.server.leaderelection.pre-vote = false (custom)
2021-08-16 11:43:08,056 [95ef88ee-88ff-45e5-b622-e96a5f390165@group-081237031A5E-FollowerState] INFO  impl.RoleInfo (RoleInfo.java:updateAndGet(130)) - 95ef88ee-88ff-45e5-b622-e96a5f390165: start 95ef88ee-88ff-45e5-b622-e96a5f390165@group-081237031A5E-LeaderElection45
2021-08-16 11:43:08,042 [746920fe-9ff2-4f62-9ef0-75329d226aec@group-081237031A5E-LeaderElection44] INFO  impl.LeaderElection (LeaderElection.java:askForVotes(306)) - 746920fe-9ff2-4f62-9ef0-75329d226aec@group-081237031A5E-LeaderElection44 ELECTION round 0: submit vote requests at term 2 for -1: [f5d97451-a683-4b51-bc71-34cba4ec5656|rpc:10.1.0.5:34463|priority:1, 746920fe-9ff2-4f62-9ef0-75329d226aec|rpc:10.1.0.5:40861|priority:0, 95ef88ee-88ff-45e5-b622-e96a5f390165|rpc:10.1.0.5:37553|priority:0], old=null
2021-08-16 11:43:08,112 [95ef88ee-88ff-45e5-b622-e96a5f390165@group-081237031A5E-LeaderElection45] INFO  impl.LeaderElection (LeaderElection.java:askForVotes(306)) - 95ef88ee-88ff-45e5-b622-e96a5f390165@group-081237031A5E-LeaderElection45 ELECTION round 0: submit vote requests at term 2 for -1: [f5d97451-a683-4b51-bc71-34cba4ec5656|rpc:10.1.0.5:34463|dataStream:|priority:1, 746920fe-9ff2-4f62-9ef0-75329d226aec|rpc:10.1.0.5:40861|dataStream:|priority:0, 95ef88ee-88ff-45e5-b622-e96a5f390165|rpc:10.1.0.5:37553|dataStream:|priority:0], old=null
2021-08-16 11:43:08,113 [grpc-default-executor-2] INFO  server.RaftServer$Division (RaftServerImpl.java:requestVote(1043)) - 746920fe-9ff2-4f62-9ef0-75329d226aec@group-081237031A5E: receive requestVote(ELECTION, f5d97451-a683-4b51-bc71-34cba4ec5656, group-081237031A5E, 2, (t:0, i:0))
2021-08-16 11:43:08,113 [grpc-default-executor-2] INFO  impl.VoteContext (VoteContext.java:log(48)) - 746920fe-9ff2-4f62-9ef0-75329d226aec@group-081237031A5E-CANDIDATE: reject ELECTION from f5d97451-a683-4b51-bc71-34cba4ec5656: already has voted for 746920fe-9ff2-4f62-9ef0-75329d226aec at current term 2
2021-08-16 11:43:08,113 [grpc-default-executor-2] INFO  server.RaftServer$Division (RaftServerImpl.java:requestVote(1075)) - 746920fe-9ff2-4f62-9ef0-75329d226aec@group-081237031A5E replies to ELECTION vote request: f5d97451-a683-4b51-bc71-34cba4ec5656<-746920fe-9ff2-4f62-9ef0-75329d226aec#0:FAIL-t2. Peer's state: 746920fe-9ff2-4f62-9ef0-75329d226aec@group-081237031A5E:t2, leader=null, voted=746920fe-9ff2-4f62-9ef0-75329d226aec, raftlog=746920fe-9ff2-4f62-9ef0-75329d226aec@group-081237031A5E-SegmentedRaftLog:OPENED:c-1,f-1,i0, conf=-1: [f5d97451-a683-4b51-bc71-34cba4ec5656|rpc:10.1.0.5:34463|priority:1, 746920fe-9ff2-4f62-9ef0-75329d226aec|rpc:10.1.0.5:40861|priority:0, 95ef88ee-88ff-45e5-b622-e96a5f390165|rpc:10.1.0.5:37553|priority:0], old=null
2021-08-16 11:43:08,174 [grpc-default-executor-2] INFO  server.RaftServer$Division (RaftServerImpl.java:requestVote(1043)) - 95ef88ee-88ff-45e5-b622-e96a5f390165@group-081237031A5E: receive requestVote(ELECTION, 746920fe-9ff2-4f62-9ef0-75329d226aec, group-081237031A5E, 2, (t:0, i:0))
2021-08-16 11:43:08,174 [grpc-default-executor-2] INFO  impl.VoteContext (VoteContext.java:log(48)) - 95ef88ee-88ff-45e5-b622-e96a5f390165@group-081237031A5E-CANDIDATE: reject ELECTION from 746920fe-9ff2-4f62-9ef0-75329d226aec: already has voted for 95ef88ee-88ff-45e5-b622-e96a5f390165 at current term 2
2021-08-16 11:43:08,174 [grpc-default-executor-2] INFO  server.RaftServer$Division (RaftServerImpl.java:requestVote(1075)) - 95ef88ee-88ff-45e5-b622-e96a5f390165@group-081237031A5E replies to ELECTION vote request: 746920fe-9ff2-4f62-9ef0-75329d226aec<-95ef88ee-88ff-45e5-b622-e96a5f390165#0:FAIL-t2. Peer's state: 95ef88ee-88ff-45e5-b622-e96a5f390165@group-081237031A5E:t2, leader=null, voted=95ef88ee-88ff-45e5-b622-e96a5f390165, raftlog=95ef88ee-88ff-45e5-b622-e96a5f390165@group-081237031A5E-SegmentedRaftLog:OPENED:c-1,f-1,i0, conf=-1: [f5d97451-a683-4b51-bc71-34cba4ec5656|rpc:10.1.0.5:34463|dataStream:|priority:1, 746920fe-9ff2-4f62-9ef0-75329d226aec|rpc:10.1.0.5:40861|dataStream:|priority:0, 95ef88ee-88ff-45e5-b622-e96a5f390165|rpc:10.1.0.5:37553|dataStream:|priority:0], old=null
2021-08-16 11:43:08,177 [grpc-default-executor-1] INFO  server.RaftServer$Division (RaftServerImpl.java:requestVote(1043)) - f5d97451-a683-4b51-bc71-34cba4ec5656@group-081237031A5E: receive requestVote(ELECTION, 746920fe-9ff2-4f62-9ef0-75329d226aec, group-081237031A5E, 2, (t:0, i:0))
2021-08-16 11:43:08,193 [grpc-default-executor-1] INFO  impl.VoteContext (VoteContext.java:log(48)) - f5d97451-a683-4b51-bc71-34cba4ec5656@group-081237031A5E-CANDIDATE: reject ELECTION from 746920fe-9ff2-4f62-9ef0-75329d226aec: already has voted for f5d97451-a683-4b51-bc71-34cba4ec5656 at current term 2
2021-08-16 11:43:08,193 [grpc-default-executor-1] INFO  server.RaftServer$Division (RaftServerImpl.java:requestVote(1075)) - f5d97451-a683-4b51-bc71-34cba4ec5656@group-081237031A5E replies to ELECTION vote request: 746920fe-9ff2-4f62-9ef0-75329d226aec<-f5d97451-a683-4b51-bc71-34cba4ec5656#0:FAIL-t2. Peer's state: f5d97451-a683-4b51-bc71-34cba4ec5656@group-081237031A5E:t2, leader=null, voted=f5d97451-a683-4b51-bc71-34cba4ec5656, raftlog=f5d97451-a683-4b51-bc71-34cba4ec5656@group-081237031A5E-SegmentedRaftLog:OPENED:c-1,f-1,i0, conf=-1: [f5d97451-a683-4b51-bc71-34cba4ec5656|rpc:10.1.0.5:34463|dataStream:|priority:1, 746920fe-9ff2-4f62-9ef0-75329d226aec|rpc:10.1.0.5:40861|dataStream:|priority:0, 95ef88ee-88ff-45e5-b622-e96a5f390165|rpc:10.1.0.5:37553|dataStream:|priority:0], old=null
2021-08-16 11:43:08,177 [grpc-default-executor-0] INFO  server.RaftServer$Division (RaftServerImpl.java:requestVote(1043)) - 95ef88ee-88ff-45e5-b622-e96a5f390165@group-081237031A5E: receive requestVote(ELECTION, f5d97451-a683-4b51-bc71-34cba4ec5656, group-081237031A5E, 2, (t:0, i:0))
2021-08-16 11:43:08,213 [grpc-default-executor-0] INFO  impl.VoteContext (VoteContext.java:log(48)) - 95ef88ee-88ff-45e5-b622-e96a5f390165@group-081237031A5E-CANDIDATE: reject ELECTION from f5d97451-a683-4b51-bc71-34cba4ec5656: already has voted for 95ef88ee-88ff-45e5-b622-e96a5f390165 at current term 2
2021-08-16 11:43:08,214 [grpc-default-executor-0] INFO  server.RaftServer$Division (RaftServerImpl.java:requestVote(1075)) - 95ef88ee-88ff-45e5-b622-e96a5f390165@group-081237031A5E replies to ELECTION vote request: f5d97451-a683-4b51-bc71-34cba4ec5656<-95ef88ee-88ff-45e5-b622-e96a5f390165#0:FAIL-t2. Peer's state: 95ef88ee-88ff-45e5-b622-e96a5f390165@group-081237031A5E:t2, leader=null, voted=95ef88ee-88ff-45e5-b622-e96a5f390165, raftlog=95ef88ee-88ff-45e5-b622-e96a5f390165@group-081237031A5E-SegmentedRaftLog:OPENED:c-1,f-1,i0, conf=-1: [f5d97451-a683-4b51-bc71-34cba4ec5656|rpc:10.1.0.5:34463|dataStream:|priority:1, 746920fe-9ff2-4f62-9ef0-75329d226aec|rpc:10.1.0.5:40861|dataStream:|priority:0, 95ef88ee-88ff-45e5-b622-e96a5f390165|rpc:10.1.0.5:37553|dataStream:|priority:0], old=null
2021-08-16 11:43:08,212 [746920fe-9ff2-4f62-9ef0-75329d226aec@group-081237031A5E-LeaderElection44] INFO  impl.LeaderElection (LeaderElection.java:logAndReturn(89)) - 746920fe-9ff2-4f62-9ef0-75329d226aec@group-081237031A5E-LeaderElection44: ELECTION REJECTED received 2 response(s) and 0 exception(s):
2021-08-16 11:43:08,222 [f5d97451-a683-4b51-bc71-34cba4ec5656@group-081237031A5E-LeaderElection43] INFO  impl.LeaderElection (LeaderElection.java:logAndReturn(89)) - f5d97451-a683-4b51-bc71-34cba4ec5656@group-081237031A5E-LeaderElection43: ELECTION REJECTED received 2 response(s) and 0 exception(s):
2021-08-16 11:43:08,305 [f5d97451-a683-4b51-bc71-34cba4ec5656@group-081237031A5E-LeaderElection43] INFO  impl.LeaderElection (LeaderElection.java:logAndReturn(93)) -   Response 0: f5d97451-a683-4b51-bc71-34cba4ec5656<-746920fe-9ff2-4f62-9ef0-75329d226aec#0:FAIL-t2
2021-08-16 11:43:08,305 [f5d97451-a683-4b51-bc71-34cba4ec5656@group-081237031A5E-LeaderElection43] INFO  impl.LeaderElection (LeaderElection.java:logAndReturn(93)) -   Response 1: f5d97451-a683-4b51-bc71-34cba4ec5656<-95ef88ee-88ff-45e5-b622-e96a5f390165#0:FAIL-t2
2021-08-16 11:43:08,305 [f5d97451-a683-4b51-bc71-34cba4ec5656@group-081237031A5E-LeaderElection43] INFO  impl.LeaderElection (LeaderElection.java:askForVotes(308)) - f5d97451-a683-4b51-bc71-34cba4ec5656@group-081237031A5E-LeaderElection43 ELECTION round 0: result REJECTED
2021-08-16 11:43:08,305 [f5d97451-a683-4b51-bc71-34cba4ec5656@group-081237031A5E-LeaderElection43] INFO  server.RaftServer$Division (RaftServerImpl.java:setRole(285)) - f5d97451-a683-4b51-bc71-34cba4ec5656@group-081237031A5E: changes role from CANDIDATE to FOLLOWER at term 2 for REJECTED
2021-08-16 11:43:08,305 [f5d97451-a683-4b51-bc71-34cba4ec5656@group-081237031A5E-LeaderElection43] INFO  impl.RoleInfo (RoleInfo.java:shutdownLeaderElection(121)) - f5d97451-a683-4b51-bc71-34cba4ec5656: shutdown f5d97451-a683-4b51-bc71-34cba4ec5656@group-081237031A5E-LeaderElection43
2021-08-16 11:43:08,306 [f5d97451-a683-4b51-bc71-34cba4ec5656@group-081237031A5E-LeaderElection43] INFO  impl.RoleInfo (RoleInfo.java:updateAndGet(130)) - f5d97451-a683-4b51-bc71-34cba4ec5656: start f5d97451-a683-4b51-bc71-34cba4ec5656@group-081237031A5E-FollowerState
2021-08-16 11:43:08,304 [746920fe-9ff2-4f62-9ef0-75329d226aec@group-081237031A5E-LeaderElection44] INFO  impl.LeaderElection (LeaderElection.java:logAndReturn(93)) -   Response 0: 746920fe-9ff2-4f62-9ef0-75329d226aec<-f5d97451-a683-4b51-bc71-34cba4ec5656#0:FAIL-t2
2021-08-16 11:43:08,308 [746920fe-9ff2-4f62-9ef0-75329d226aec@group-081237031A5E-LeaderElection44] INFO  impl.LeaderElection (LeaderElection.java:logAndReturn(93)) -   Response 1: 746920fe-9ff2-4f62-9ef0-75329d226aec<-95ef88ee-88ff-45e5-b622-e96a5f390165#0:FAIL-t2
2021-08-16 11:43:08,350 [746920fe-9ff2-4f62-9ef0-75329d226aec@group-081237031A5E-LeaderElection44] INFO  impl.LeaderElection (LeaderElection.java:askForVotes(308)) - 746920fe-9ff2-4f62-9ef0-75329d226aec@group-081237031A5E-LeaderElection44 ELECTION round 0: result REJECTED
2021-08-16 11:43:08,351 [746920fe-9ff2-4f62-9ef0-75329d226aec@group-081237031A5E-LeaderElection44] INFO  server.RaftServer$Division (RaftServerImpl.java:setRole(285)) - 746920fe-9ff2-4f62-9ef0-75329d226aec@group-081237031A5E: changes role from CANDIDATE to FOLLOWER at term 2 for REJECTED
2021-08-16 11:43:08,351 [746920fe-9ff2-4f62-9ef0-75329d226aec@group-081237031A5E-LeaderElection44] INFO  impl.RoleInfo (RoleInfo.java:shutdownLeaderElection(121)) - 746920fe-9ff2-4f62-9ef0-75329d226aec: shutdown 746920fe-9ff2-4f62-9ef0-75329d226aec@group-081237031A5E-LeaderElection44
2021-08-16 11:43:08,351 [746920fe-9ff2-4f62-9ef0-75329d226aec@group-081237031A5E-LeaderElection44] INFO  impl.RoleInfo (RoleInfo.java:updateAndGet(130)) - 746920fe-9ff2-4f62-9ef0-75329d226aec: start 746920fe-9ff2-4f62-9ef0-75329d226aec@group-081237031A5E-FollowerState
2021-08-16 11:43:08,370 [grpc-default-executor-3] INFO  server.RaftServer$Division (RaftServerImpl.java:requestVote(1043)) - f5d97451-a683-4b51-bc71-34cba4ec5656@group-081237031A5E: receive requestVote(ELECTION, 95ef88ee-88ff-45e5-b622-e96a5f390165, group-081237031A5E, 2, (t:0, i:0))
2021-08-16 11:43:08,370 [grpc-default-executor-3] INFO  impl.VoteContext (VoteContext.java:log(48)) - f5d97451-a683-4b51-bc71-34cba4ec5656@group-081237031A5E-FOLLOWER: reject ELECTION from 95ef88ee-88ff-45e5-b622-e96a5f390165: already has voted for f5d97451-a683-4b51-bc71-34cba4ec5656 at current term 2
2021-08-16 11:43:08,370 [grpc-default-executor-3] INFO  server.RaftServer$Division (RaftServerImpl.java:requestVote(1075)) - f5d97451-a683-4b51-bc71-34cba4ec5656@group-081237031A5E replies to ELECTION vote request: 95ef88ee-88ff-45e5-b622-e96a5f390165<-f5d97451-a683-4b51-bc71-34cba4ec5656#0:FAIL-t2. Peer's state: f5d97451-a683-4b51-bc71-34cba4ec5656@group-081237031A5E:t2, leader=null, voted=f5d97451-a683-4b51-bc71-34cba4ec5656, raftlog=f5d97451-a683-4b51-bc71-34cba4ec5656@group-081237031A5E-SegmentedRaftLog:OPENED:c-1,f-1,i0, conf=-1: [f5d97451-a683-4b51-bc71-34cba4ec5656|rpc:10.1.0.5:34463|dataStream:|priority:1, 746920fe-9ff2-4f62-9ef0-75329d226aec|rpc:10.1.0.5:40861|dataStream:|priority:0, 95ef88ee-88ff-45e5-b622-e96a5f390165|rpc:10.1.0.5:37553|dataStream:|priority:0], old=null
2021-08-16 11:43:08,389 [Command processor thread] INFO  server.RaftServer (RaftServerProxy.java:remove(106)) - 95ef88ee-88ff-45e5-b622-e96a5f390165: remove  FOLLOWER 95ef88ee-88ff-45e5-b622-e96a5f390165@group-9A926D8E1E28:t1, leader=746920fe-9ff2-4f62-9ef0-75329d226aec, voted=746920fe-9ff2-4f62-9ef0-75329d226aec, raftlog=95ef88ee-88ff-45e5-b622-e96a5f390165@group-9A926D8E1E28-SegmentedRaftLog:OPENED:c0,f0,i0, conf=0: [f5d97451-a683-4b51-bc71-34cba4ec5656|rpc:10.1.0.5:34463|dataStream:|priority:0, 746920fe-9ff2-4f62-9ef0-75329d226aec|rpc:10.1.0.5:40861|dataStream:|priority:1, 95ef88ee-88ff-45e5-b622-e96a5f390165|rpc:10.1.0.5:37553|dataStream:|priority:0], old=null RUNNING
2021-08-16 11:43:08,389 [Command processor thread] INFO  server.RaftServer$Division (RaftServerImpl.java:lambda$close$4(407)) - 95ef88ee-88ff-45e5-b622-e96a5f390165@group-9A926D8E1E28: shutdown
2021-08-16 11:43:08,389 [Command processor thread] INFO  util.JmxRegister (JmxRegister.java:unregister(73)) - Successfully un-registered JMX Bean with object name Ratis:service=RaftServer,group=group-9A926D8E1E28,id=95ef88ee-88ff-45e5-b622-e96a5f390165
2021-08-16 11:43:08,389 [Command processor thread] INFO  impl.RoleInfo (RoleInfo.java:shutdownFollowerState(108)) - 95ef88ee-88ff-45e5-b622-e96a5f390165: shutdown 95ef88ee-88ff-45e5-b622-e96a5f390165@group-9A926D8E1E28-FollowerState
2021-08-16 11:43:08,389 [Command processor thread] INFO  impl.StateMachineUpdater (StateMachineUpdater.java:stopAndJoin(149)) - 95ef88ee-88ff-45e5-b622-e96a5f390165@group-9A926D8E1E28-StateMachineUpdater: set stopIndex = 0
2021-08-16 11:43:08,390 [95ef88ee-88ff-45e5-b622-e96a5f390165@group-9A926D8E1E28-StateMachineUpdater] INFO  ratis.ContainerStateMachine (ContainerStateMachine.java:takeSnapshot(293)) - group-9A926D8E1E28: Taking a snapshot at:(t:1, i:0) file /home/runner/work/ozone/ozone/hadoop-ozone/integration-test/target/test-dir/MiniOzoneClusterImpl-0a2dcee8-4d86-4433-abec-1f16422e5815/datanode-2/data/ratis/437cf997-7567-4e08-b3f4-9a926d8e1e28/sm/snapshot.1_0
2021-08-16 11:43:08,399 [95ef88ee-88ff-45e5-b622-e96a5f390165@group-9A926D8E1E28-StateMachineUpdater] INFO  ratis.ContainerStateMachine (ContainerStateMachine.java:takeSnapshot(304)) - group-9A926D8E1E28: Finished taking a snapshot at:(t:1, i:0) file:/home/runner/work/ozone/ozone/hadoop-ozone/integration-test/target/test-dir/MiniOzoneClusterImpl-0a2dcee8-4d86-4433-abec-1f16422e5815/datanode-2/data/ratis/437cf997-7567-4e08-b3f4-9a926d8e1e28/sm/snapshot.1_0 took: 9 ms
2021-08-16 11:43:08,399 [95ef88ee-88ff-45e5-b622-e96a5f390165@group-9A926D8E1E28-StateMachineUpdater] INFO  impl.StateMachineUpdater (StateMachineUpdater.java:takeSnapshot(281)) - 95ef88ee-88ff-45e5-b622-e96a5f390165@group-9A926D8E1E28-StateMachineUpdater: Took a snapshot at index 0
2021-08-16 11:43:08,399 [95ef88ee-88ff-45e5-b622-e96a5f390165@group-9A926D8E1E28-StateMachineUpdater] INFO  impl.StateMachineUpdater (StateMachineUpdater.java:lambda$new$0(89)) - 95ef88ee-88ff-45e5-b622-e96a5f390165@group-9A926D8E1E28-StateMachineUpdater: snapshotIndex: updateIncreasingly -1 -> 0
2021-08-16 11:43:08,400 [Command processor thread] INFO  server.RaftServer$Division (ServerState.java:close(419)) - 95ef88ee-88ff-45e5-b622-e96a5f390165@group-9A926D8E1E28: closes. applyIndex: 0
2021-08-16 11:43:08,400 [95ef88ee-88ff-45e5-b622-e96a5f390165@group-9A926D8E1E28-SegmentedRaftLogWorker] INFO  segmented.SegmentedRaftLogWorker (SegmentedRaftLogWorker.java:run(327)) - 95ef88ee-88ff-45e5-b622-e96a5f390165@group-9A926D8E1E28-SegmentedRaftLogWorker was interrupted, exiting. There are 0 tasks remaining in the queue.
2021-08-16 11:43:08,409 [Command processor thread] INFO  segmented.SegmentedRaftLogWorker (SegmentedRaftLogWorker.java:close(237)) - 95ef88ee-88ff-45e5-b622-e96a5f390165@group-9A926D8E1E28-SegmentedRaftLogWorker close()
2021-08-16 11:43:08,411 [Command processor thread] INFO  server.RaftServer$Division (RaftServerImpl.java:groupRemove(377)) - 95ef88ee-88ff-45e5-b622-e96a5f390165@group-9A926D8E1E28: Succeed to remove RaftStorageDirectory Storage Directory /home/runner/work/ozone/ozone/hadoop-ozone/integration-test/target/test-dir/MiniOzoneClusterImpl-0a2dcee8-4d86-4433-abec-1f16422e5815/datanode-2/data/ratis/437cf997-7567-4e08-b3f4-9a926d8e1e28
2021-08-16 11:43:08,411 [Command processor thread] INFO  commandhandler.ClosePipelineCommandHandler (ClosePipelineCommandHandler.java:handle(75)) - Close Pipeline PipelineID=437cf997-7567-4e08-b3f4-9a926d8e1e28 command on datanode 95ef88ee-88ff-45e5-b622-e96a5f390165.
2021-08-16 11:43:08,417 [95ef88ee-88ff-45e5-b622-e96a5f390165@group-9A926D8E1E28-FollowerState] INFO  impl.FollowerState (FollowerState.java:run(143)) - 95ef88ee-88ff-45e5-b622-e96a5f390165@group-9A926D8E1E28-FollowerState was interrupted: {}
java.lang.InterruptedException: sleep interrupted
	at java.lang.Thread.sleep(Native Method)
	at java.lang.Thread.sleep(Thread.java:340)
	at java.util.concurrent.TimeUnit.sleep(TimeUnit.java:386)
	at org.apache.ratis.util.TimeDuration.sleep(TimeDuration.java:324)
	at org.apache.ratis.util.TimeDuration.sleep(TimeDuration.java:309)
	at org.apache.ratis.server.impl.FollowerState.run(FollowerState.java:118)
2021-08-16 11:43:08,424 [95ef88ee-88ff-45e5-b622-e96a5f390165@group-081237031A5E-LeaderElection45] INFO  impl.LeaderElection (LeaderElection.java:logAndReturn(89)) - 95ef88ee-88ff-45e5-b622-e96a5f390165@group-081237031A5E-LeaderElection45: ELECTION REJECTED received 1 response(s) and 0 exception(s):
2021-08-16 11:43:08,424 [95ef88ee-88ff-45e5-b622-e96a5f390165@group-081237031A5E-LeaderElection45] INFO  impl.LeaderElection (LeaderElection.java:logAndReturn(93)) -   Response 0: 95ef88ee-88ff-45e5-b622-e96a5f390165<-f5d97451-a683-4b51-bc71-34cba4ec5656#0:FAIL-t2
2021-08-16 11:43:08,424 [95ef88ee-88ff-45e5-b622-e96a5f390165@group-081237031A5E-LeaderElection45] INFO  impl.LeaderElection (LeaderElection.java:askForVotes(308)) - 95ef88ee-88ff-45e5-b622-e96a5f390165@group-081237031A5E-LeaderElection45 ELECTION round 0: result REJECTED
2021-08-16 11:43:08,424 [95ef88ee-88ff-45e5-b622-e96a5f390165@group-081237031A5E-LeaderElection45] INFO  server.RaftServer$Division (RaftServerImpl.java:setRole(285)) - 95ef88ee-88ff-45e5-b622-e96a5f390165@group-081237031A5E: changes role from CANDIDATE to FOLLOWER at term 2 for REJECTED
2021-08-16 11:43:08,424 [95ef88ee-88ff-45e5-b622-e96a5f390165@group-081237031A5E-LeaderElection45] INFO  impl.RoleInfo (RoleInfo.java:shutdownLeaderElection(121)) - 95ef88ee-88ff-45e5-b622-e96a5f390165: shutdown 95ef88ee-88ff-45e5-b622-e96a5f390165@group-081237031A5E-LeaderElection45
2021-08-16 11:43:08,424 [95ef88ee-88ff-45e5-b622-e96a5f390165@group-081237031A5E-LeaderElection45] INFO  impl.RoleInfo (RoleInfo.java:updateAndGet(130)) - 95ef88ee-88ff-45e5-b622-e96a5f390165: start 95ef88ee-88ff-45e5-b622-e96a5f390165@group-081237031A5E-FollowerState
2021-08-16 11:43:08,444 [grpc-default-executor-3] INFO  server.RaftServer$Division (RaftServerImpl.java:requestVote(1043)) - 746920fe-9ff2-4f62-9ef0-75329d226aec@group-081237031A5E: receive requestVote(ELECTION, 95ef88ee-88ff-45e5-b622-e96a5f390165, group-081237031A5E, 2, (t:0, i:0))
2021-08-16 11:43:08,444 [grpc-default-executor-3] INFO  impl.VoteContext (VoteContext.java:log(48)) - 746920fe-9ff2-4f62-9ef0-75329d226aec@group-081237031A5E-FOLLOWER: reject ELECTION from 95ef88ee-88ff-45e5-b622-e96a5f390165: already has voted for 746920fe-9ff2-4f62-9ef0-75329d226aec at current term 2
2021-08-16 11:43:08,444 [grpc-default-executor-3] INFO  server.RaftServer$Division (RaftServerImpl.java:requestVote(1075)) - 746920fe-9ff2-4f62-9ef0-75329d226aec@group-081237031A5E replies to ELECTION vote request: 95ef88ee-88ff-45e5-b622-e96a5f390165<-746920fe-9ff2-4f62-9ef0-75329d226aec#0:FAIL-t2. Peer's state: 746920fe-9ff2-4f62-9ef0-75329d226aec@group-081237031A5E:t2, leader=null, voted=746920fe-9ff2-4f62-9ef0-75329d226aec, raftlog=746920fe-9ff2-4f62-9ef0-75329d226aec@group-081237031A5E-SegmentedRaftLog:OPENED:c-1,f-1,i0, conf=-1: [f5d97451-a683-4b51-bc71-34cba4ec5656|rpc:10.1.0.5:34463|priority:1, 746920fe-9ff2-4f62-9ef0-75329d226aec|rpc:10.1.0.5:40861|priority:0, 95ef88ee-88ff-45e5-b622-e96a5f390165|rpc:10.1.0.5:37553|priority:0], old=null
2021-08-16 11:43:11,781 [Listener at 127.0.0.1/39025] INFO  ozoneimpl.OzoneContainer (OzoneContainer.java:stop(326)) - Attempting to stop container services.
2021-08-16 11:43:11,782 [ForkJoinPool.commonPool-worker-1] INFO  ozoneimpl.OzoneContainer (OzoneContainer.java:stop(326)) - Attempting to stop container services.
2021-08-16 11:43:11,798 [Listener at 127.0.0.1/39025] INFO  server.RaftServer (RaftServerProxy.java:lambda$close$6(391)) - f5d97451-a683-4b51-bc71-34cba4ec5656: close
2021-08-16 11:43:11,798 [Listener at 127.0.0.1/39025] INFO  server.RaftServer$Division (RaftServerImpl.java:lambda$close$4(407)) - f5d97451-a683-4b51-bc71-34cba4ec5656@group-225B311CEA21: shutdown
2021-08-16 11:43:11,798 [Listener at 127.0.0.1/39025] INFO  util.JmxRegister (JmxRegister.java:unregister(73)) - Successfully un-registered JMX Bean with object name Ratis:service=RaftServer,group=group-225B311CEA21,id=f5d97451-a683-4b51-bc71-34cba4ec5656
2021-08-16 11:43:11,798 [Listener at 127.0.0.1/39025] INFO  impl.RoleInfo (RoleInfo.java:shutdownLeaderState(91)) - f5d97451-a683-4b51-bc71-34cba4ec5656: shutdown f5d97451-a683-4b51-bc71-34cba4ec5656@group-225B311CEA21-LeaderStateImpl
2021-08-16 11:43:11,799 [Listener at 127.0.0.1/39025] INFO  impl.PendingRequests (PendingRequests.java:sendNotLeaderResponses(282)) - f5d97451-a683-4b51-bc71-34cba4ec5656@group-225B311CEA21-PendingRequests: sendNotLeaderResponses
2021-08-16 11:43:11,800 [Listener at 127.0.0.1/39025] INFO  impl.StateMachineUpdater (StateMachineUpdater.java:stopAndJoin(149)) - f5d97451-a683-4b51-bc71-34cba4ec5656@group-225B311CEA21-StateMachineUpdater: set stopIndex = 0
2021-08-16 11:43:11,801 [f5d97451-a683-4b51-bc71-34cba4ec5656@group-225B311CEA21-StateMachineUpdater] INFO  ratis.ContainerStateMachine (ContainerStateMachine.java:takeSnapshot(293)) - group-225B311CEA21: Taking a snapshot at:(t:1, i:0) file /home/runner/work/ozone/ozone/hadoop-ozone/integration-test/target/test-dir/MiniOzoneClusterImpl-0a2dcee8-4d86-4433-abec-1f16422e5815/datanode-1/data/ratis/7fd7a733-74dc-4bb4-afea-225b311cea21/sm/snapshot.1_0
2021-08-16 11:43:11,802 [ForkJoinPool.commonPool-worker-1] INFO  server.RaftServer (RaftServerProxy.java:lambda$close$6(391)) - 746920fe-9ff2-4f62-9ef0-75329d226aec: close
2021-08-16 11:43:11,802 [ForkJoinPool.commonPool-worker-1] INFO  server.RaftServer$Division (RaftServerImpl.java:lambda$close$4(407)) - 746920fe-9ff2-4f62-9ef0-75329d226aec@group-9A926D8E1E28: shutdown
2021-08-16 11:43:11,802 [f5d97451-a683-4b51-bc71-34cba4ec5656@group-225B311CEA21-StateMachineUpdater] INFO  ratis.ContainerStateMachine (ContainerStateMachine.java:takeSnapshot(304)) - group-225B311CEA21: Finished taking a snapshot at:(t:1, i:0) file:/home/runner/work/ozone/ozone/hadoop-ozone/integration-test/target/test-dir/MiniOzoneClusterImpl-0a2dcee8-4d86-4433-abec-1f16422e5815/datanode-1/data/ratis/7fd7a733-74dc-4bb4-afea-225b311cea21/sm/snapshot.1_0 took: 1 ms
2021-08-16 11:43:11,802 [f5d97451-a683-4b51-bc71-34cba4ec5656@group-225B311CEA21-StateMachineUpdater] INFO  impl.StateMachineUpdater (StateMachineUpdater.java:takeSnapshot(281)) - f5d97451-a683-4b51-bc71-34cba4ec5656@group-225B311CEA21-StateMachineUpdater: Took a snapshot at index 0
2021-08-16 11:43:11,802 [f5d97451-a683-4b51-bc71-34cba4ec5656@group-225B311CEA21-StateMachineUpdater] INFO  impl.StateMachineUpdater (StateMachineUpdater.java:lambda$new$0(89)) - f5d97451-a683-4b51-bc71-34cba4ec5656@group-225B311CEA21-StateMachineUpdater: snapshotIndex: updateIncreasingly -1 -> 0
2021-08-16 11:43:11,805 [ForkJoinPool.commonPool-worker-1] INFO  util.JmxRegister (JmxRegister.java:unregister(73)) - Successfully un-registered JMX Bean with object name Ratis:service=RaftServer,group=group-9A926D8E1E28,id=746920fe-9ff2-4f62-9ef0-75329d226aec
2021-08-16 11:43:11,805 [ForkJoinPool.commonPool-worker-1] INFO  impl.RoleInfo (RoleInfo.java:shutdownLeaderState(91)) - 746920fe-9ff2-4f62-9ef0-75329d226aec: shutdown 746920fe-9ff2-4f62-9ef0-75329d226aec@group-9A926D8E1E28-LeaderStateImpl
2021-08-16 11:43:11,805 [ForkJoinPool.commonPool-worker-1] INFO  impl.PendingRequests (PendingRequests.java:sendNotLeaderResponses(282)) - 746920fe-9ff2-4f62-9ef0-75329d226aec@group-9A926D8E1E28-PendingRequests: sendNotLeaderResponses
2021-08-16 11:43:11,806 [746920fe-9ff2-4f62-9ef0-75329d226aec@group-9A926D8E1E28->f5d97451-a683-4b51-bc71-34cba4ec5656-GrpcLogAppender-LogAppenderDaemon] WARN  server.GrpcLogAppender (GrpcLogAppender.java:mayWait(175)) - 746920fe-9ff2-4f62-9ef0-75329d226aec@group-9A926D8E1E28->f5d97451-a683-4b51-bc71-34cba4ec5656-GrpcLogAppender: Wait interrupted by java.lang.InterruptedException
2021-08-16 11:43:11,807 [grpc-default-executor-3] INFO  server.GrpcServerProtocolService (GrpcServerProtocolService.java:onCompleted(140)) - f5d97451-a683-4b51-bc71-34cba4ec5656: Completed APPEND_ENTRIES, lastRequest: 746920fe-9ff2-4f62-9ef0-75329d226aec->f5d97451-a683-4b51-bc71-34cba4ec5656#1-t1,previous=(t:0, i:0),leaderCommit=-1,initializing? true,entries: size=1, first=(t:1, i:0), CONFIGURATIONENTRY
2021-08-16 11:43:11,808 [746920fe-9ff2-4f62-9ef0-75329d226aec@group-9A926D8E1E28->95ef88ee-88ff-45e5-b622-e96a5f390165-GrpcLogAppender-LogAppenderDaemon] WARN  server.GrpcLogAppender (GrpcLogAppender.java:mayWait(175)) - 746920fe-9ff2-4f62-9ef0-75329d226aec@group-9A926D8E1E28->95ef88ee-88ff-45e5-b622-e96a5f390165-GrpcLogAppender: Wait interrupted by java.lang.InterruptedException
2021-08-16 11:43:11,809 [746920fe-9ff2-4f62-9ef0-75329d226aec@group-9A926D8E1E28-StateMachineUpdater] INFO  ratis.ContainerStateMachine (ContainerStateMachine.java:takeSnapshot(293)) - group-9A926D8E1E28: Taking a snapshot at:(t:1, i:0) file /home/runner/work/ozone/ozone/hadoop-ozone/integration-test/target/test-dir/MiniOzoneClusterImpl-0a2dcee8-4d86-4433-abec-1f16422e5815/datanode-0/data/ratis/437cf997-7567-4e08-b3f4-9a926d8e1e28/sm/snapshot.1_0
2021-08-16 11:43:11,809 [ForkJoinPool.commonPool-worker-1] INFO  impl.StateMachineUpdater (StateMachineUpdater.java:stopAndJoin(149)) - 746920fe-9ff2-4f62-9ef0-75329d226aec@group-9A926D8E1E28-StateMachineUpdater: set stopIndex = 0
2021-08-16 11:43:11,811 [746920fe-9ff2-4f62-9ef0-75329d226aec@group-9A926D8E1E28-StateMachineUpdater] INFO  ratis.ContainerStateMachine (ContainerStateMachine.java:takeSnapshot(304)) - group-9A926D8E1E28: Finished taking a snapshot at:(t:1, i:0) file:/home/runner/work/ozone/ozone/hadoop-ozone/integration-test/target/test-dir/MiniOzoneClusterImpl-0a2dcee8-4d86-4433-abec-1f16422e5815/datanode-0/data/ratis/437cf997-7567-4e08-b3f4-9a926d8e1e28/sm/snapshot.1_0 took: 2 ms
2021-08-16 11:43:11,821 [746920fe-9ff2-4f62-9ef0-75329d226aec@group-9A926D8E1E28-StateMachineUpdater] INFO  impl.StateMachineUpdater (StateMachineUpdater.java:takeSnapshot(281)) - 746920fe-9ff2-4f62-9ef0-75329d226aec@group-9A926D8E1E28-StateMachineUpdater: Took a snapshot at index 0
2021-08-16 11:43:11,821 [746920fe-9ff2-4f62-9ef0-75329d226aec@group-9A926D8E1E28-StateMachineUpdater] INFO  impl.StateMachineUpdater (StateMachineUpdater.java:lambda$new$0(89)) - 746920fe-9ff2-4f62-9ef0-75329d226aec@group-9A926D8E1E28-StateMachineUpdater: snapshotIndex: updateIncreasingly -1 -> 0
2021-08-16 11:43:11,811 [grpc-default-executor-2] INFO  server.GrpcLogAppender (GrpcLogAppender.java:onCompleted(344)) - 746920fe-9ff2-4f62-9ef0-75329d226aec@group-9A926D8E1E28->f5d97451-a683-4b51-bc71-34cba4ec5656-AppendLogResponseHandler: follower responses appendEntries COMPLETED
2021-08-16 11:43:11,821 [grpc-default-executor-2] INFO  leader.FollowerInfo (FollowerInfoImpl.java:lambda$new$0(46)) - 746920fe-9ff2-4f62-9ef0-75329d226aec@group-9A926D8E1E28->f5d97451-a683-4b51-bc71-34cba4ec5656: nextIndex: updateUnconditionally 1 -> 0
2021-08-16 11:43:11,810 [grpc-default-executor-0] INFO  server.GrpcServerProtocolService (GrpcServerProtocolService.java:onCompleted(140)) - 95ef88ee-88ff-45e5-b622-e96a5f390165: Completed APPEND_ENTRIES, lastRequest: 746920fe-9ff2-4f62-9ef0-75329d226aec->95ef88ee-88ff-45e5-b622-e96a5f390165#1-t1,previous=(t:0, i:0),leaderCommit=-1,initializing? true,entries: size=1, first=(t:1, i:0), CONFIGURATIONENTRY
2021-08-16 11:43:11,809 [Listener at 127.0.0.1/39025] INFO  server.RaftServer$Division (ServerState.java:close(419)) - f5d97451-a683-4b51-bc71-34cba4ec5656@group-225B311CEA21: closes. applyIndex: 0
2021-08-16 11:43:11,822 [f5d97451-a683-4b51-bc71-34cba4ec5656@group-225B311CEA21-SegmentedRaftLogWorker] INFO  segmented.SegmentedRaftLogWorker (SegmentedRaftLogWorker.java:run(327)) - f5d97451-a683-4b51-bc71-34cba4ec5656@group-225B311CEA21-SegmentedRaftLogWorker was interrupted, exiting. There are 0 tasks remaining in the queue.
2021-08-16 11:43:11,837 [Listener at 127.0.0.1/39025] INFO  segmented.SegmentedRaftLogWorker (SegmentedRaftLogWorker.java:close(237)) - f5d97451-a683-4b51-bc71-34cba4ec5656@group-225B311CEA21-SegmentedRaftLogWorker close()
2021-08-16 11:43:11,839 [Listener at 127.0.0.1/39025] INFO  server.RaftServer$Division (RaftServerImpl.java:lambda$close$4(407)) - f5d97451-a683-4b51-bc71-34cba4ec5656@group-9A926D8E1E28: shutdown
2021-08-16 11:43:11,839 [Listener at 127.0.0.1/39025] INFO  util.JmxRegister (JmxRegister.java:unregister(73)) - Successfully un-registered JMX Bean with object name Ratis:service=RaftServer,group=group-9A926D8E1E28,id=f5d97451-a683-4b51-bc71-34cba4ec5656
2021-08-16 11:43:11,840 [Listener at 127.0.0.1/39025] INFO  impl.RoleInfo (RoleInfo.java:shutdownFollowerState(108)) - f5d97451-a683-4b51-bc71-34cba4ec5656: shutdown f5d97451-a683-4b51-bc71-34cba4ec5656@group-9A926D8E1E28-FollowerState
2021-08-16 11:43:11,840 [Listener at 127.0.0.1/39025] INFO  impl.StateMachineUpdater (StateMachineUpdater.java:stopAndJoin(149)) - f5d97451-a683-4b51-bc71-34cba4ec5656@group-9A926D8E1E28-StateMachineUpdater: set stopIndex = 0
2021-08-16 11:43:11,840 [f5d97451-a683-4b51-bc71-34cba4ec5656@group-9A926D8E1E28-FollowerState] INFO  impl.FollowerState (FollowerState.java:run(143)) - f5d97451-a683-4b51-bc71-34cba4ec5656@group-9A926D8E1E28-FollowerState was interrupted: {}
java.lang.InterruptedException: sleep interrupted
	at java.lang.Thread.sleep(Native Method)
	at java.lang.Thread.sleep(Thread.java:340)
	at java.util.concurrent.TimeUnit.sleep(TimeUnit.java:386)
	at org.apache.ratis.util.TimeDuration.sleep(TimeDuration.java:324)
	at org.apache.ratis.util.TimeDuration.sleep(TimeDuration.java:309)
	at org.apache.ratis.server.impl.FollowerState.run(FollowerState.java:118)
2021-08-16 11:43:11,841 [f5d97451-a683-4b51-bc71-34cba4ec5656@group-9A926D8E1E28-StateMachineUpdater] INFO  ratis.ContainerStateMachine (ContainerStateMachine.java:takeSnapshot(293)) - group-9A926D8E1E28: Taking a snapshot at:(t:1, i:0) file /home/runner/work/ozone/ozone/hadoop-ozone/integration-test/target/test-dir/MiniOzoneClusterImpl-0a2dcee8-4d86-4433-abec-1f16422e5815/datanode-1/data/ratis/437cf997-7567-4e08-b3f4-9a926d8e1e28/sm/snapshot.1_0
2021-08-16 11:43:11,855 [grpc-default-executor-2] INFO  server.GrpcLogAppender (GrpcLogAppender.java:onCompleted(344)) - 746920fe-9ff2-4f62-9ef0-75329d226aec@group-9A926D8E1E28->95ef88ee-88ff-45e5-b622-e96a5f390165-AppendLogResponseHandler: follower responses appendEntries COMPLETED
2021-08-16 11:43:11,851 [ForkJoinPool.commonPool-worker-1] INFO  server.RaftServer$Division (ServerState.java:close(419)) - 746920fe-9ff2-4f62-9ef0-75329d226aec@group-9A926D8E1E28: closes. applyIndex: 0
2021-08-16 11:43:11,858 [grpc-default-executor-2] INFO  leader.FollowerInfo (FollowerInfoImpl.java:lambda$new$0(46)) - 746920fe-9ff2-4f62-9ef0-75329d226aec@group-9A926D8E1E28->95ef88ee-88ff-45e5-b622-e96a5f390165: nextIndex: updateUnconditionally 1 -> 0
2021-08-16 11:43:11,858 [746920fe-9ff2-4f62-9ef0-75329d226aec@group-9A926D8E1E28-SegmentedRaftLogWorker] INFO  segmented.SegmentedRaftLogWorker (SegmentedRaftLogWorker.java:run(327)) - 746920fe-9ff2-4f62-9ef0-75329d226aec@group-9A926D8E1E28-SegmentedRaftLogWorker was interrupted, exiting. There are 0 tasks remaining in the queue.
2021-08-16 11:43:11,858 [ForkJoinPool.commonPool-worker-1] INFO  segmented.SegmentedRaftLogWorker (SegmentedRaftLogWorker.java:close(237)) - 746920fe-9ff2-4f62-9ef0-75329d226aec@group-9A926D8E1E28-SegmentedRaftLogWorker close()
2021-08-16 11:43:11,866 [ForkJoinPool.commonPool-worker-1] INFO  server.RaftServer$Division (RaftServerImpl.java:lambda$close$4(407)) - 746920fe-9ff2-4f62-9ef0-75329d226aec@group-37D161E40C0E: shutdown
2021-08-16 11:43:11,866 [ForkJoinPool.commonPool-worker-1] INFO  util.JmxRegister (JmxRegister.java:unregister(73)) - Successfully un-registered JMX Bean with object name Ratis:service=RaftServer,group=group-37D161E40C0E,id=746920fe-9ff2-4f62-9ef0-75329d226aec
2021-08-16 11:43:11,866 [ForkJoinPool.commonPool-worker-1] INFO  impl.RoleInfo (RoleInfo.java:shutdownLeaderState(91)) - 746920fe-9ff2-4f62-9ef0-75329d226aec: shutdown 746920fe-9ff2-4f62-9ef0-75329d226aec@group-37D161E40C0E-LeaderStateImpl
2021-08-16 11:43:11,866 [ForkJoinPool.commonPool-worker-1] INFO  impl.PendingRequests (PendingRequests.java:sendNotLeaderResponses(282)) - 746920fe-9ff2-4f62-9ef0-75329d226aec@group-37D161E40C0E-PendingRequests: sendNotLeaderResponses
2021-08-16 11:43:11,867 [ForkJoinPool.commonPool-worker-1] INFO  impl.StateMachineUpdater (StateMachineUpdater.java:stopAndJoin(149)) - 746920fe-9ff2-4f62-9ef0-75329d226aec@group-37D161E40C0E-StateMachineUpdater: set stopIndex = 0
2021-08-16 11:43:11,868 [746920fe-9ff2-4f62-9ef0-75329d226aec@group-37D161E40C0E-StateMachineUpdater] INFO  ratis.ContainerStateMachine (ContainerStateMachine.java:takeSnapshot(293)) - group-37D161E40C0E: Taking a snapshot at:(t:1, i:0) file /home/runner/work/ozone/ozone/hadoop-ozone/integration-test/target/test-dir/MiniOzoneClusterImpl-0a2dcee8-4d86-4433-abec-1f16422e5815/datanode-0/data/ratis/1e4146bf-e63d-4e7a-a2c7-37d161e40c0e/sm/snapshot.1_0
2021-08-16 11:43:11,869 [746920fe-9ff2-4f62-9ef0-75329d226aec@group-37D161E40C0E-StateMachineUpdater] INFO  ratis.ContainerStateMachine (ContainerStateMachine.java:takeSnapshot(304)) - group-37D161E40C0E: Finished taking a snapshot at:(t:1, i:0) file:/home/runner/work/ozone/ozone/hadoop-ozone/integration-test/target/test-dir/MiniOzoneClusterImpl-0a2dcee8-4d86-4433-abec-1f16422e5815/datanode-0/data/ratis/1e4146bf-e63d-4e7a-a2c7-37d161e40c0e/sm/snapshot.1_0 took: 1 ms
2021-08-16 11:43:11,869 [746920fe-9ff2-4f62-9ef0-75329d226aec@group-37D161E40C0E-StateMachineUpdater] INFO  impl.StateMachineUpdater (StateMachineUpdater.java:takeSnapshot(281)) - 746920fe-9ff2-4f62-9ef0-75329d226aec@group-37D161E40C0E-StateMachineUpdater: Took a snapshot at index 0
2021-08-16 11:43:11,869 [746920fe-9ff2-4f62-9ef0-75329d226aec@group-37D161E40C0E-StateMachineUpdater] INFO  impl.StateMachineUpdater (StateMachineUpdater.java:lambda$new$0(89)) - 746920fe-9ff2-4f62-9ef0-75329d226aec@group-37D161E40C0E-StateMachineUpdater: snapshotIndex: updateIncreasingly -1 -> 0
2021-08-16 11:43:11,871 [ForkJoinPool.commonPool-worker-1] INFO  server.RaftServer$Division (ServerState.java:close(419)) - 746920fe-9ff2-4f62-9ef0-75329d226aec@group-37D161E40C0E: closes. applyIndex: 0
2021-08-16 11:43:11,871 [746920fe-9ff2-4f62-9ef0-75329d226aec@group-37D161E40C0E-SegmentedRaftLogWorker] INFO  segmented.SegmentedRaftLogWorker (SegmentedRaftLogWorker.java:run(327)) - 746920fe-9ff2-4f62-9ef0-75329d226aec@group-37D161E40C0E-SegmentedRaftLogWorker was interrupted, exiting. There are 0 tasks remaining in the queue.
2021-08-16 11:43:11,877 [ForkJoinPool.commonPool-worker-1] INFO  segmented.SegmentedRaftLogWorker (SegmentedRaftLogWorker.java:close(237)) - 746920fe-9ff2-4f62-9ef0-75329d226aec@group-37D161E40C0E-SegmentedRaftLogWorker close()
2021-08-16 11:43:11,878 [ForkJoinPool.commonPool-worker-1] INFO  server.RaftServer$Division (RaftServerImpl.java:lambda$close$4(407)) - 746920fe-9ff2-4f62-9ef0-75329d226aec@group-081237031A5E: shutdown
2021-08-16 11:43:11,878 [ForkJoinPool.commonPool-worker-1] INFO  util.JmxRegister (JmxRegister.java:unregister(73)) - Successfully un-registered JMX Bean with object name Ratis:service=RaftServer,group=group-081237031A5E,id=746920fe-9ff2-4f62-9ef0-75329d226aec
2021-08-16 11:43:11,879 [ForkJoinPool.commonPool-worker-1] INFO  impl.RoleInfo (RoleInfo.java:shutdownFollowerState(108)) - 746920fe-9ff2-4f62-9ef0-75329d226aec: shutdown 746920fe-9ff2-4f62-9ef0-75329d226aec@group-081237031A5E-FollowerState
2021-08-16 11:43:11,879 [746920fe-9ff2-4f62-9ef0-75329d226aec@group-081237031A5E-FollowerState] INFO  impl.FollowerState (FollowerState.java:run(143)) - 746920fe-9ff2-4f62-9ef0-75329d226aec@group-081237031A5E-FollowerState was interrupted: {}
java.lang.InterruptedException: sleep interrupted
	at java.lang.Thread.sleep(Native Method)
	at java.lang.Thread.sleep(Thread.java:340)
	at java.util.concurrent.TimeUnit.sleep(TimeUnit.java:386)
	at org.apache.ratis.util.TimeDuration.sleep(TimeDuration.java:324)
	at org.apache.ratis.util.TimeDuration.sleep(TimeDuration.java:309)
	at org.apache.ratis.server.impl.FollowerState.run(FollowerState.java:118)
2021-08-16 11:43:11,879 [ForkJoinPool.commonPool-worker-1] INFO  impl.StateMachineUpdater (StateMachineUpdater.java:stopAndJoin(149)) - 746920fe-9ff2-4f62-9ef0-75329d226aec@group-081237031A5E-StateMachineUpdater: set stopIndex = -1
2021-08-16 11:43:11,905 [f5d97451-a683-4b51-bc71-34cba4ec5656@group-9A926D8E1E28-StateMachineUpdater] INFO  ratis.ContainerStateMachine (ContainerStateMachine.java:takeSnapshot(304)) - group-9A926D8E1E28: Finished taking a snapshot at:(t:1, i:0) file:/home/runner/work/ozone/ozone/hadoop-ozone/integration-test/target/test-dir/MiniOzoneClusterImpl-0a2dcee8-4d86-4433-abec-1f16422e5815/datanode-1/data/ratis/437cf997-7567-4e08-b3f4-9a926d8e1e28/sm/snapshot.1_0 took: 39 ms
2021-08-16 11:43:11,906 [f5d97451-a683-4b51-bc71-34cba4ec5656@group-9A926D8E1E28-StateMachineUpdater] INFO  impl.StateMachineUpdater (StateMachineUpdater.java:takeSnapshot(281)) - f5d97451-a683-4b51-bc71-34cba4ec5656@group-9A926D8E1E28-StateMachineUpdater: Took a snapshot at index 0
2021-08-16 11:43:11,906 [f5d97451-a683-4b51-bc71-34cba4ec5656@group-9A926D8E1E28-StateMachineUpdater] INFO  impl.StateMachineUpdater (StateMachineUpdater.java:lambda$new$0(89)) - f5d97451-a683-4b51-bc71-34cba4ec5656@group-9A926D8E1E28-StateMachineUpdater: snapshotIndex: updateIncreasingly -1 -> 0
2021-08-16 11:43:11,906 [Listener at 127.0.0.1/39025] INFO  server.RaftServer$Division (ServerState.java:close(419)) - f5d97451-a683-4b51-bc71-34cba4ec5656@group-9A926D8E1E28: closes. applyIndex: 0
2021-08-16 11:43:11,906 [ForkJoinPool.commonPool-worker-1] INFO  server.RaftServer$Division (ServerState.java:close(419)) - 746920fe-9ff2-4f62-9ef0-75329d226aec@group-081237031A5E: closes. applyIndex: -1
2021-08-16 11:43:11,907 [f5d97451-a683-4b51-bc71-34cba4ec5656@group-9A926D8E1E28-SegmentedRaftLogWorker] INFO  segmented.SegmentedRaftLogWorker (SegmentedRaftLogWorker.java:run(327)) - f5d97451-a683-4b51-bc71-34cba4ec5656@group-9A926D8E1E28-SegmentedRaftLogWorker was interrupted, exiting. There are 0 tasks remaining in the queue.
2021-08-16 11:43:11,907 [Listener at 127.0.0.1/39025] INFO  segmented.SegmentedRaftLogWorker (SegmentedRaftLogWorker.java:close(237)) - f5d97451-a683-4b51-bc71-34cba4ec5656@group-9A926D8E1E28-SegmentedRaftLogWorker close()
2021-08-16 11:43:11,909 [Listener at 127.0.0.1/39025] INFO  server.RaftServer$Division (RaftServerImpl.java:lambda$close$4(407)) - f5d97451-a683-4b51-bc71-34cba4ec5656@group-081237031A5E: shutdown
2021-08-16 11:43:11,909 [Listener at 127.0.0.1/39025] INFO  util.JmxRegister (JmxRegister.java:unregister(73)) - Successfully un-registered JMX Bean with object name Ratis:service=RaftServer,group=group-081237031A5E,id=f5d97451-a683-4b51-bc71-34cba4ec5656
2021-08-16 11:43:11,909 [Listener at 127.0.0.1/39025] INFO  impl.RoleInfo (RoleInfo.java:shutdownFollowerState(108)) - f5d97451-a683-4b51-bc71-34cba4ec5656: shutdown f5d97451-a683-4b51-bc71-34cba4ec5656@group-081237031A5E-FollowerState
2021-08-16 11:43:11,909 [Listener at 127.0.0.1/39025] INFO  impl.StateMachineUpdater (StateMachineUpdater.java:stopAndJoin(149)) - f5d97451-a683-4b51-bc71-34cba4ec5656@group-081237031A5E-StateMachineUpdater: set stopIndex = -1
2021-08-16 11:43:11,909 [f5d97451-a683-4b51-bc71-34cba4ec5656@group-081237031A5E-FollowerState] INFO  impl.FollowerState (FollowerState.java:run(143)) - f5d97451-a683-4b51-bc71-34cba4ec5656@group-081237031A5E-FollowerState was interrupted: {}
java.lang.InterruptedException: sleep interrupted
	at java.lang.Thread.sleep(Native Method)
	at java.lang.Thread.sleep(Thread.java:340)
	at java.util.concurrent.TimeUnit.sleep(TimeUnit.java:386)
	at org.apache.ratis.util.TimeDuration.sleep(TimeDuration.java:324)
	at org.apache.ratis.util.TimeDuration.sleep(TimeDuration.java:309)
	at org.apache.ratis.server.impl.FollowerState.run(FollowerState.java:118)
2021-08-16 11:43:11,921 [746920fe-9ff2-4f62-9ef0-75329d226aec@group-081237031A5E-SegmentedRaftLogWorker] INFO  segmented.SegmentedRaftLogWorker (SegmentedRaftLogWorker.java:run(327)) - 746920fe-9ff2-4f62-9ef0-75329d226aec@group-081237031A5E-SegmentedRaftLogWorker was interrupted, exiting. There are 0 tasks remaining in the queue.
2021-08-16 11:43:11,921 [ForkJoinPool.commonPool-worker-1] INFO  segmented.SegmentedRaftLogWorker (SegmentedRaftLogWorker.java:close(237)) - 746920fe-9ff2-4f62-9ef0-75329d226aec@group-081237031A5E-SegmentedRaftLogWorker close()
2021-08-16 11:43:11,922 [ForkJoinPool.commonPool-worker-1] INFO  server.GrpcService (GrpcService.java:closeImpl(262)) - 746920fe-9ff2-4f62-9ef0-75329d226aec: shutdown server with port 40861 now
2021-08-16 11:43:11,927 [Listener at 127.0.0.1/39025] INFO  server.RaftServer$Division (ServerState.java:close(419)) - f5d97451-a683-4b51-bc71-34cba4ec5656@group-081237031A5E: closes. applyIndex: -1
2021-08-16 11:43:11,927 [f5d97451-a683-4b51-bc71-34cba4ec5656@group-081237031A5E-SegmentedRaftLogWorker] INFO  segmented.SegmentedRaftLogWorker (SegmentedRaftLogWorker.java:run(327)) - f5d97451-a683-4b51-bc71-34cba4ec5656@group-081237031A5E-SegmentedRaftLogWorker was interrupted, exiting. There are 0 tasks remaining in the queue.
2021-08-16 11:43:11,927 [Listener at 127.0.0.1/39025] INFO  segmented.SegmentedRaftLogWorker (SegmentedRaftLogWorker.java:close(237)) - f5d97451-a683-4b51-bc71-34cba4ec5656@group-081237031A5E-SegmentedRaftLogWorker close()
2021-08-16 11:43:11,928 [Listener at 127.0.0.1/39025] INFO  server.GrpcService (GrpcService.java:closeImpl(262)) - f5d97451-a683-4b51-bc71-34cba4ec5656: shutdown server with port 34463 now
2021-08-16 11:43:11,941 [Listener at 127.0.0.1/39025] INFO  server.GrpcService (GrpcService.java:closeImpl(271)) - f5d97451-a683-4b51-bc71-34cba4ec5656: shutdown server with port 34463 successfully
2021-08-16 11:43:11,947 [ForkJoinPool.commonPool-worker-1] INFO  server.GrpcService (GrpcService.java:closeImpl(271)) - 746920fe-9ff2-4f62-9ef0-75329d226aec: shutdown server with port 40861 successfully
2021-08-16 11:43:11,948 [org.apache.ratis.util.JvmPauseMonitor$$Lambda$532/1449527477@aa971cf] INFO  util.JvmPauseMonitor (JvmPauseMonitor.java:run(109)) - JvmPauseMonitor-746920fe-9ff2-4f62-9ef0-75329d226aec: Stopped
2021-08-16 11:43:11,950 [org.apache.ratis.util.JvmPauseMonitor$$Lambda$532/1449527477@66f67c53] INFO  util.JvmPauseMonitor (JvmPauseMonitor.java:run(109)) - JvmPauseMonitor-f5d97451-a683-4b51-bc71-34cba4ec5656: Stopped
2021-08-16 11:43:11,951 [ForkJoinPool.commonPool-worker-1] INFO  utils.BackgroundService (BackgroundService.java:shutdown(132)) - Shutting down service BlockDeletingService
2021-08-16 11:43:11,956 [Listener at 127.0.0.1/39025] INFO  utils.BackgroundService (BackgroundService.java:shutdown(132)) - Shutting down service BlockDeletingService
2021-08-16 11:43:13,638 [95ef88ee-88ff-45e5-b622-e96a5f390165@group-081237031A5E-FollowerState] INFO  impl.FollowerState (FollowerState.java:run(134)) - 95ef88ee-88ff-45e5-b622-e96a5f390165@group-081237031A5E-FollowerState: change to CANDIDATE, lastRpcElapsedTime:5213520069ns, electionTimeout:5160ms
2021-08-16 11:43:13,638 [95ef88ee-88ff-45e5-b622-e96a5f390165@group-081237031A5E-FollowerState] INFO  impl.RoleInfo (RoleInfo.java:shutdownFollowerState(108)) - 95ef88ee-88ff-45e5-b622-e96a5f390165: shutdown 95ef88ee-88ff-45e5-b622-e96a5f390165@group-081237031A5E-FollowerState
2021-08-16 11:43:13,638 [95ef88ee-88ff-45e5-b622-e96a5f390165@group-081237031A5E-FollowerState] INFO  server.RaftServer$Division (RaftServerImpl.java:setRole(285)) - 95ef88ee-88ff-45e5-b622-e96a5f390165@group-081237031A5E: changes role from  FOLLOWER to CANDIDATE at term 2 for changeToCandidate
2021-08-16 11:43:13,638 [95ef88ee-88ff-45e5-b622-e96a5f390165@group-081237031A5E-FollowerState] INFO  server.RaftServerConfigKeys (ConfUtils.java:logGet(44)) - raft.server.leaderelection.pre-vote = false (custom)
2021-08-16 11:43:13,638 [95ef88ee-88ff-45e5-b622-e96a5f390165@group-081237031A5E-FollowerState] INFO  impl.RoleInfo (RoleInfo.java:updateAndGet(130)) - 95ef88ee-88ff-45e5-b622-e96a5f390165: start 95ef88ee-88ff-45e5-b622-e96a5f390165@group-081237031A5E-LeaderElection46
2021-08-16 11:43:13,674 [95ef88ee-88ff-45e5-b622-e96a5f390165@group-081237031A5E-LeaderElection46] INFO  impl.LeaderElection (LeaderElection.java:askForVotes(306)) - 95ef88ee-88ff-45e5-b622-e96a5f390165@group-081237031A5E-LeaderElection46 ELECTION round 0: submit vote requests at term 3 for -1: [f5d97451-a683-4b51-bc71-34cba4ec5656|rpc:10.1.0.5:34463|dataStream:|priority:1, 746920fe-9ff2-4f62-9ef0-75329d226aec|rpc:10.1.0.5:40861|dataStream:|priority:0, 95ef88ee-88ff-45e5-b622-e96a5f390165|rpc:10.1.0.5:37553|dataStream:|priority:0], old=null
2021-08-16 11:43:13,735 [95ef88ee-88ff-45e5-b622-e96a5f390165@group-081237031A5E-LeaderElection46] INFO  impl.LeaderElection (LogUtils.java:infoOrTrace(137)) - 95ef88ee-88ff-45e5-b622-e96a5f390165@group-081237031A5E-LeaderElection46 got exception when requesting votes: java.util.concurrent.ExecutionException: org.apache.ratis.thirdparty.io.grpc.StatusRuntimeException: UNAVAILABLE: io exception
2021-08-16 11:43:13,761 [95ef88ee-88ff-45e5-b622-e96a5f390165@group-081237031A5E-LeaderElection46] INFO  impl.LeaderElection (LogUtils.java:infoOrTrace(137)) - 95ef88ee-88ff-45e5-b622-e96a5f390165@group-081237031A5E-LeaderElection46 got exception when requesting votes: java.util.concurrent.ExecutionException: org.apache.ratis.thirdparty.io.grpc.StatusRuntimeException: UNAVAILABLE: io exception
2021-08-16 11:43:13,762 [95ef88ee-88ff-45e5-b622-e96a5f390165@group-081237031A5E-LeaderElection46] INFO  impl.LeaderElection (LeaderElection.java:logAndReturn(89)) - 95ef88ee-88ff-45e5-b622-e96a5f390165@group-081237031A5E-LeaderElection46: ELECTION REJECTED received 0 response(s) and 2 exception(s):
2021-08-16 11:43:13,762 [95ef88ee-88ff-45e5-b622-e96a5f390165@group-081237031A5E-LeaderElection46] INFO  impl.LeaderElection (LogUtils.java:infoOrTrace(137)) -   Exception 0: java.util.concurrent.ExecutionException: org.apache.ratis.thirdparty.io.grpc.StatusRuntimeException: UNAVAILABLE: io exception
2021-08-16 11:43:13,762 [95ef88ee-88ff-45e5-b622-e96a5f390165@group-081237031A5E-LeaderElection46] INFO  impl.LeaderElection (LogUtils.java:infoOrTrace(137)) -   Exception 1: java.util.concurrent.ExecutionException: org.apache.ratis.thirdparty.io.grpc.StatusRuntimeException: UNAVAILABLE: io exception
2021-08-16 11:43:13,762 [95ef88ee-88ff-45e5-b622-e96a5f390165@group-081237031A5E-LeaderElection46] INFO  impl.LeaderElection (LeaderElection.java:askForVotes(308)) - 95ef88ee-88ff-45e5-b622-e96a5f390165@group-081237031A5E-LeaderElection46 ELECTION round 0: result REJECTED
2021-08-16 11:43:13,762 [95ef88ee-88ff-45e5-b622-e96a5f390165@group-081237031A5E-LeaderElection46] INFO  server.RaftServer$Division (RaftServerImpl.java:setRole(285)) - 95ef88ee-88ff-45e5-b622-e96a5f390165@group-081237031A5E: changes role from CANDIDATE to FOLLOWER at term 3 for REJECTED
2021-08-16 11:43:13,762 [95ef88ee-88ff-45e5-b622-e96a5f390165@group-081237031A5E-LeaderElection46] INFO  impl.RoleInfo (RoleInfo.java:shutdownLeaderElection(121)) - 95ef88ee-88ff-45e5-b622-e96a5f390165: shutdown 95ef88ee-88ff-45e5-b622-e96a5f390165@group-081237031A5E-LeaderElection46
2021-08-16 11:43:13,762 [95ef88ee-88ff-45e5-b622-e96a5f390165@group-081237031A5E-LeaderElection46] INFO  impl.RoleInfo (RoleInfo.java:updateAndGet(130)) - 95ef88ee-88ff-45e5-b622-e96a5f390165: start 95ef88ee-88ff-45e5-b622-e96a5f390165@group-081237031A5E-FollowerState
2021-08-16 11:43:14,962 [Listener at 127.0.0.1/39025] INFO  statemachine.DatanodeStateMachine (DatanodeStateMachine.java:stopDaemon(515)) - Ozone container server stopped.
2021-08-16 11:43:14,964 [Listener at 127.0.0.1/39025] INFO  handler.ContextHandler (ContextHandler.java:doStop(1153)) - Stopped o.e.j.w.WebAppContext@e45cde9{hddsDatanode,/,null,STOPPED}{jar:file:/home/runner/.m2/repository/org/apache/ozone/hdds-container-service/1.2.0-SNAPSHOT/hdds-container-service-1.2.0-SNAPSHOT.jar!/webapps/hddsDatanode}
2021-08-16 11:43:14,967 [Listener at 127.0.0.1/39025] INFO  server.AbstractConnector (AbstractConnector.java:doStop(381)) - Stopped ServerConnector@15c7f65a{HTTP/1.1, (http/1.1)}{0.0.0.0:0}
2021-08-16 11:43:14,967 [Listener at 127.0.0.1/39025] INFO  server.session (HouseKeeper.java:stopScavenging(149)) - node0 Stopped scavenging
2021-08-16 11:43:14,967 [Listener at 127.0.0.1/39025] INFO  handler.ContextHandler (ContextHandler.java:doStop(1153)) - Stopped o.e.j.s.ServletContextHandler@6097aad7{static,/static,jar:file:/home/runner/.m2/repository/org/apache/ozone/hdds-container-service/1.2.0-SNAPSHOT/hdds-container-service-1.2.0-SNAPSHOT.jar!/webapps/static,STOPPED}
2021-08-16 11:43:14,968 [Listener at 127.0.0.1/39025] INFO  handler.ContextHandler (ContextHandler.java:doStop(1153)) - Stopped o.e.j.s.ServletContextHandler@4777c3e1{logs,/logs,file:///home/runner/work/ozone/ozone/hadoop-ozone/integration-test/target/log,STOPPED}
2021-08-16 11:43:14,975 [ForkJoinPool.commonPool-worker-1] INFO  statemachine.DatanodeStateMachine (DatanodeStateMachine.java:stopDaemon(515)) - Ozone container server stopped.
2021-08-16 11:43:14,994 [ForkJoinPool.commonPool-worker-1] INFO  handler.ContextHandler (ContextHandler.java:doStop(1153)) - Stopped o.e.j.w.WebAppContext@3e7bd8e0{hddsDatanode,/,null,STOPPED}{jar:file:/home/runner/.m2/repository/org/apache/ozone/hdds-container-service/1.2.0-SNAPSHOT/hdds-container-service-1.2.0-SNAPSHOT.jar!/webapps/hddsDatanode}
2021-08-16 11:43:15,005 [ForkJoinPool.commonPool-worker-1] INFO  server.AbstractConnector (AbstractConnector.java:doStop(381)) - Stopped ServerConnector@233c27a7{HTTP/1.1, (http/1.1)}{0.0.0.0:0}
2021-08-16 11:43:15,005 [ForkJoinPool.commonPool-worker-1] INFO  server.session (HouseKeeper.java:stopScavenging(149)) - node0 Stopped scavenging
2021-08-16 11:43:15,006 [ForkJoinPool.commonPool-worker-1] INFO  handler.ContextHandler (ContextHandler.java:doStop(1153)) - Stopped o.e.j.s.ServletContextHandler@762887b2{static,/static,jar:file:/home/runner/.m2/repository/org/apache/ozone/hdds-container-service/1.2.0-SNAPSHOT/hdds-container-service-1.2.0-SNAPSHOT.jar!/webapps/static,STOPPED}
2021-08-16 11:43:15,031 [ForkJoinPool.commonPool-worker-1] INFO  handler.ContextHandler (ContextHandler.java:doStop(1153)) - Stopped o.e.j.s.ServletContextHandler@2215cb1a{logs,/logs,file:///home/runner/work/ozone/ozone/hadoop-ozone/integration-test/target/log,STOPPED}
2021-08-16 11:43:15,383 [Datanode State Machine Thread - 0] INFO  statemachine.DatanodeStateMachine (DatanodeStateMachine.java:lambda$startDaemon$0(457)) - Ozone container server started.
2021-08-16 11:43:18,902 [95ef88ee-88ff-45e5-b622-e96a5f390165@group-081237031A5E-FollowerState] INFO  impl.FollowerState (FollowerState.java:run(134)) - 95ef88ee-88ff-45e5-b622-e96a5f390165@group-081237031A5E-FollowerState: change to CANDIDATE, lastRpcElapsedTime:5140204406ns, electionTimeout:5099ms
2021-08-16 11:43:18,902 [95ef88ee-88ff-45e5-b622-e96a5f390165@group-081237031A5E-FollowerState] INFO  impl.RoleInfo (RoleInfo.java:shutdownFollowerState(108)) - 95ef88ee-88ff-45e5-b622-e96a5f390165: shutdown 95ef88ee-88ff-45e5-b622-e96a5f390165@group-081237031A5E-FollowerState
2021-08-16 11:43:18,902 [95ef88ee-88ff-45e5-b622-e96a5f390165@group-081237031A5E-FollowerState] INFO  server.RaftServer$Division (RaftServerImpl.java:setRole(285)) - 95ef88ee-88ff-45e5-b622-e96a5f390165@group-081237031A5E: changes role from  FOLLOWER to CANDIDATE at term 3 for changeToCandidate
2021-08-16 11:43:18,902 [95ef88ee-88ff-45e5-b622-e96a5f390165@group-081237031A5E-FollowerState] INFO  server.RaftServerConfigKeys (ConfUtils.java:logGet(44)) - raft.server.leaderelection.pre-vote = false (custom)
2021-08-16 11:43:18,903 [95ef88ee-88ff-45e5-b622-e96a5f390165@group-081237031A5E-FollowerState] INFO  impl.RoleInfo (RoleInfo.java:updateAndGet(130)) - 95ef88ee-88ff-45e5-b622-e96a5f390165: start 95ef88ee-88ff-45e5-b622-e96a5f390165@group-081237031A5E-LeaderElection47
2021-08-16 11:43:18,943 [95ef88ee-88ff-45e5-b622-e96a5f390165@group-081237031A5E-LeaderElection47] INFO  impl.LeaderElection (LeaderElection.java:askForVotes(306)) - 95ef88ee-88ff-45e5-b622-e96a5f390165@group-081237031A5E-LeaderElection47 ELECTION round 0: submit vote requests at term 4 for -1: [f5d97451-a683-4b51-bc71-34cba4ec5656|rpc:10.1.0.5:34463|dataStream:|priority:1, 746920fe-9ff2-4f62-9ef0-75329d226aec|rpc:10.1.0.5:40861|dataStream:|priority:0, 95ef88ee-88ff-45e5-b622-e96a5f390165|rpc:10.1.0.5:37553|dataStream:|priority:0], old=null
2021-08-16 11:43:18,962 [95ef88ee-88ff-45e5-b622-e96a5f390165@group-081237031A5E-LeaderElection47] INFO  impl.LeaderElection (LogUtils.java:infoOrTrace(137)) - 95ef88ee-88ff-45e5-b622-e96a5f390165@group-081237031A5E-LeaderElection47 got exception when requesting votes: java.util.concurrent.ExecutionException: org.apache.ratis.thirdparty.io.grpc.StatusRuntimeException: UNAVAILABLE: io exception
2021-08-16 11:43:18,962 [95ef88ee-88ff-45e5-b622-e96a5f390165@group-081237031A5E-LeaderElection47] INFO  impl.LeaderElection (LogUtils.java:infoOrTrace(137)) - 95ef88ee-88ff-45e5-b622-e96a5f390165@group-081237031A5E-LeaderElection47 got exception when requesting votes: java.util.concurrent.ExecutionException: org.apache.ratis.thirdparty.io.grpc.StatusRuntimeException: UNAVAILABLE: io exception
2021-08-16 11:43:18,962 [95ef88ee-88ff-45e5-b622-e96a5f390165@group-081237031A5E-LeaderElection47] INFO  impl.LeaderElection (LeaderElection.java:logAndReturn(89)) - 95ef88ee-88ff-45e5-b622-e96a5f390165@group-081237031A5E-LeaderElection47: ELECTION REJECTED received 0 response(s) and 2 exception(s):
2021-08-16 11:43:18,962 [95ef88ee-88ff-45e5-b622-e96a5f390165@group-081237031A5E-LeaderElection47] INFO  impl.LeaderElection (LogUtils.java:infoOrTrace(137)) -   Exception 0: java.util.concurrent.ExecutionException: org.apache.ratis.thirdparty.io.grpc.StatusRuntimeException: UNAVAILABLE: io exception
2021-08-16 11:43:18,962 [95ef88ee-88ff-45e5-b622-e96a5f390165@group-081237031A5E-LeaderElection47] INFO  impl.LeaderElection (LogUtils.java:infoOrTrace(137)) -   Exception 1: java.util.concurrent.ExecutionException: org.apache.ratis.thirdparty.io.grpc.StatusRuntimeException: UNAVAILABLE: io exception
2021-08-16 11:43:18,962 [95ef88ee-88ff-45e5-b622-e96a5f390165@group-081237031A5E-LeaderElection47] INFO  impl.LeaderElection (LeaderElection.java:askForVotes(308)) - 95ef88ee-88ff-45e5-b622-e96a5f390165@group-081237031A5E-LeaderElection47 ELECTION round 0: result REJECTED
2021-08-16 11:43:18,962 [95ef88ee-88ff-45e5-b622-e96a5f390165@group-081237031A5E-LeaderElection47] INFO  server.RaftServer$Division (RaftServerImpl.java:setRole(285)) - 95ef88ee-88ff-45e5-b622-e96a5f390165@group-081237031A5E: changes role from CANDIDATE to FOLLOWER at term 4 for REJECTED
2021-08-16 11:43:18,963 [95ef88ee-88ff-45e5-b622-e96a5f390165@group-081237031A5E-LeaderElection47] INFO  impl.RoleInfo (RoleInfo.java:shutdownLeaderElection(121)) - 95ef88ee-88ff-45e5-b622-e96a5f390165: shutdown 95ef88ee-88ff-45e5-b622-e96a5f390165@group-081237031A5E-LeaderElection47
2021-08-16 11:43:18,963 [95ef88ee-88ff-45e5-b622-e96a5f390165@group-081237031A5E-LeaderElection47] INFO  impl.RoleInfo (RoleInfo.java:updateAndGet(130)) - 95ef88ee-88ff-45e5-b622-e96a5f390165: start 95ef88ee-88ff-45e5-b622-e96a5f390165@group-081237031A5E-FollowerState
2021-08-16 11:43:19,973 [Listener at 127.0.0.1/39025] INFO  ozoneimpl.OzoneContainer (OzoneContainer.java:stop(326)) - Attempting to stop container services.
2021-08-16 11:43:19,989 [Listener at 127.0.0.1/39025] INFO  server.RaftServer (RaftServerProxy.java:lambda$close$6(391)) - 95ef88ee-88ff-45e5-b622-e96a5f390165: close
2021-08-16 11:43:20,012 [Listener at 127.0.0.1/39025] INFO  server.RaftServer$Division (RaftServerImpl.java:lambda$close$4(407)) - 95ef88ee-88ff-45e5-b622-e96a5f390165@group-3CB0C69CD70C: shutdown
2021-08-16 11:43:20,013 [Listener at 127.0.0.1/39025] INFO  util.JmxRegister (JmxRegister.java:unregister(73)) - Successfully un-registered JMX Bean with object name Ratis:service=RaftServer,group=group-3CB0C69CD70C,id=95ef88ee-88ff-45e5-b622-e96a5f390165
2021-08-16 11:43:20,013 [Listener at 127.0.0.1/39025] INFO  impl.RoleInfo (RoleInfo.java:shutdownLeaderState(91)) - 95ef88ee-88ff-45e5-b622-e96a5f390165: shutdown 95ef88ee-88ff-45e5-b622-e96a5f390165@group-3CB0C69CD70C-LeaderStateImpl
2021-08-16 11:43:20,013 [Listener at 127.0.0.1/39025] INFO  impl.PendingRequests (PendingRequests.java:sendNotLeaderResponses(282)) - 95ef88ee-88ff-45e5-b622-e96a5f390165@group-3CB0C69CD70C-PendingRequests: sendNotLeaderResponses
2021-08-16 11:43:20,015 [Listener at 127.0.0.1/39025] INFO  impl.StateMachineUpdater (StateMachineUpdater.java:stopAndJoin(149)) - 95ef88ee-88ff-45e5-b622-e96a5f390165@group-3CB0C69CD70C-StateMachineUpdater: set stopIndex = 0
2021-08-16 11:43:20,016 [95ef88ee-88ff-45e5-b622-e96a5f390165@group-3CB0C69CD70C-StateMachineUpdater] INFO  ratis.ContainerStateMachine (ContainerStateMachine.java:takeSnapshot(293)) - group-3CB0C69CD70C: Taking a snapshot at:(t:1, i:0) file /home/runner/work/ozone/ozone/hadoop-ozone/integration-test/target/test-dir/MiniOzoneClusterImpl-0a2dcee8-4d86-4433-abec-1f16422e5815/datanode-2/data/ratis/a526c2bd-7fa6-455e-b792-3cb0c69cd70c/sm/snapshot.1_0
2021-08-16 11:43:20,017 [ForkJoinPool.commonPool-worker-0] INFO  server.RaftServer$Division (RaftServerImpl.java:lambda$close$4(407)) - 95ef88ee-88ff-45e5-b622-e96a5f390165@group-081237031A5E: shutdown
2021-08-16 11:43:20,017 [ForkJoinPool.commonPool-worker-0] INFO  util.JmxRegister (JmxRegister.java:unregister(73)) - Successfully un-registered JMX Bean with object name Ratis:service=RaftServer,group=group-081237031A5E,id=95ef88ee-88ff-45e5-b622-e96a5f390165
2021-08-16 11:43:20,017 [ForkJoinPool.commonPool-worker-0] INFO  impl.RoleInfo (RoleInfo.java:shutdownFollowerState(108)) - 95ef88ee-88ff-45e5-b622-e96a5f390165: shutdown 95ef88ee-88ff-45e5-b622-e96a5f390165@group-081237031A5E-FollowerState
2021-08-16 11:43:20,017 [95ef88ee-88ff-45e5-b622-e96a5f390165@group-081237031A5E-FollowerState] INFO  impl.FollowerState (FollowerState.java:run(143)) - 95ef88ee-88ff-45e5-b622-e96a5f390165@group-081237031A5E-FollowerState was interrupted: {}
java.lang.InterruptedException: sleep interrupted
	at java.lang.Thread.sleep(Native Method)
	at java.lang.Thread.sleep(Thread.java:340)
	at java.util.concurrent.TimeUnit.sleep(TimeUnit.java:386)
	at org.apache.ratis.util.TimeDuration.sleep(TimeDuration.java:324)
	at org.apache.ratis.util.TimeDuration.sleep(TimeDuration.java:309)
	at org.apache.ratis.server.impl.FollowerState.run(FollowerState.java:118)
2021-08-16 11:43:20,049 [ForkJoinPool.commonPool-worker-0] INFO  impl.StateMachineUpdater (StateMachineUpdater.java:stopAndJoin(149)) - 95ef88ee-88ff-45e5-b622-e96a5f390165@group-081237031A5E-StateMachineUpdater: set stopIndex = -1
2021-08-16 11:43:20,049 [95ef88ee-88ff-45e5-b622-e96a5f390165@group-3CB0C69CD70C-StateMachineUpdater] INFO  ratis.ContainerStateMachine (ContainerStateMachine.java:takeSnapshot(304)) - group-3CB0C69CD70C: Finished taking a snapshot at:(t:1, i:0) file:/home/runner/work/ozone/ozone/hadoop-ozone/integration-test/target/test-dir/MiniOzoneClusterImpl-0a2dcee8-4d86-4433-abec-1f16422e5815/datanode-2/data/ratis/a526c2bd-7fa6-455e-b792-3cb0c69cd70c/sm/snapshot.1_0 took: 32 ms
2021-08-16 11:43:20,049 [95ef88ee-88ff-45e5-b622-e96a5f390165@group-3CB0C69CD70C-StateMachineUpdater] INFO  impl.StateMachineUpdater (StateMachineUpdater.java:takeSnapshot(281)) - 95ef88ee-88ff-45e5-b622-e96a5f390165@group-3CB0C69CD70C-StateMachineUpdater: Took a snapshot at index 0
2021-08-16 11:43:20,049 [95ef88ee-88ff-45e5-b622-e96a5f390165@group-3CB0C69CD70C-StateMachineUpdater] INFO  impl.StateMachineUpdater (StateMachineUpdater.java:lambda$new$0(89)) - 95ef88ee-88ff-45e5-b622-e96a5f390165@group-3CB0C69CD70C-StateMachineUpdater: snapshotIndex: updateIncreasingly -1 -> 0
2021-08-16 11:43:20,050 [Listener at 127.0.0.1/39025] INFO  server.RaftServer$Division (ServerState.java:close(419)) - 95ef88ee-88ff-45e5-b622-e96a5f390165@group-3CB0C69CD70C: closes. applyIndex: 0
2021-08-16 11:43:20,053 [95ef88ee-88ff-45e5-b622-e96a5f390165@group-3CB0C69CD70C-SegmentedRaftLogWorker] INFO  segmented.SegmentedRaftLogWorker (SegmentedRaftLogWorker.java:run(327)) - 95ef88ee-88ff-45e5-b622-e96a5f390165@group-3CB0C69CD70C-SegmentedRaftLogWorker was interrupted, exiting. There are 0 tasks remaining in the queue.
2021-08-16 11:43:20,058 [Listener at 127.0.0.1/39025] INFO  segmented.SegmentedRaftLogWorker (SegmentedRaftLogWorker.java:close(237)) - 95ef88ee-88ff-45e5-b622-e96a5f390165@group-3CB0C69CD70C-SegmentedRaftLogWorker close()
2021-08-16 11:43:20,073 [ForkJoinPool.commonPool-worker-0] INFO  server.RaftServer$Division (ServerState.java:close(419)) - 95ef88ee-88ff-45e5-b622-e96a5f390165@group-081237031A5E: closes. applyIndex: -1
2021-08-16 11:43:20,073 [95ef88ee-88ff-45e5-b622-e96a5f390165@group-081237031A5E-SegmentedRaftLogWorker] INFO  segmented.SegmentedRaftLogWorker (SegmentedRaftLogWorker.java:run(327)) - 95ef88ee-88ff-45e5-b622-e96a5f390165@group-081237031A5E-SegmentedRaftLogWorker was interrupted, exiting. There are 0 tasks remaining in the queue.
2021-08-16 11:43:20,073 [ForkJoinPool.commonPool-worker-0] INFO  segmented.SegmentedRaftLogWorker (SegmentedRaftLogWorker.java:close(237)) - 95ef88ee-88ff-45e5-b622-e96a5f390165@group-081237031A5E-SegmentedRaftLogWorker close()
2021-08-16 11:43:20,118 [Listener at 127.0.0.1/39025] INFO  server.GrpcService (GrpcService.java:closeImpl(262)) - 95ef88ee-88ff-45e5-b622-e96a5f390165: shutdown server with port 37553 now
2021-08-16 11:43:20,160 [Listener at 127.0.0.1/39025] INFO  server.GrpcService (GrpcService.java:closeImpl(271)) - 95ef88ee-88ff-45e5-b622-e96a5f390165: shutdown server with port 37553 successfully
2021-08-16 11:43:20,161 [org.apache.ratis.util.JvmPauseMonitor$$Lambda$532/1449527477@4872bbc9] INFO  util.JvmPauseMonitor (JvmPauseMonitor.java:run(109)) - JvmPauseMonitor-95ef88ee-88ff-45e5-b622-e96a5f390165: Stopped
2021-08-16 11:43:20,164 [Listener at 127.0.0.1/39025] INFO  utils.BackgroundService (BackgroundService.java:shutdown(132)) - Shutting down service BlockDeletingService
2021-08-16 11:43:23,186 [Listener at 127.0.0.1/39025] INFO  statemachine.DatanodeStateMachine (DatanodeStateMachine.java:stopDaemon(515)) - Ozone container server stopped.
2021-08-16 11:43:23,187 [Listener at 127.0.0.1/39025] INFO  handler.ContextHandler (ContextHandler.java:doStop(1153)) - Stopped o.e.j.w.WebAppContext@5c246e4b{hddsDatanode,/,null,STOPPED}{jar:file:/home/runner/.m2/repository/org/apache/ozone/hdds-container-service/1.2.0-SNAPSHOT/hdds-container-service-1.2.0-SNAPSHOT.jar!/webapps/hddsDatanode}
2021-08-16 11:43:23,189 [Listener at 127.0.0.1/39025] INFO  server.AbstractConnector (AbstractConnector.java:doStop(381)) - Stopped ServerConnector@4992ddf1{HTTP/1.1, (http/1.1)}{0.0.0.0:0}
2021-08-16 11:43:23,189 [Listener at 127.0.0.1/39025] INFO  server.session (HouseKeeper.java:stopScavenging(149)) - node0 Stopped scavenging
2021-08-16 11:43:23,189 [Listener at 127.0.0.1/39025] INFO  handler.ContextHandler (ContextHandler.java:doStop(1153)) - Stopped o.e.j.s.ServletContextHandler@7eca4bff{static,/static,jar:file:/home/runner/.m2/repository/org/apache/ozone/hdds-container-service/1.2.0-SNAPSHOT/hdds-container-service-1.2.0-SNAPSHOT.jar!/webapps/static,STOPPED}
2021-08-16 11:43:23,189 [Listener at 127.0.0.1/39025] INFO  handler.ContextHandler (ContextHandler.java:doStop(1153)) - Stopped o.e.j.s.ServletContextHandler@2eb8f4e7{logs,/logs,file:///home/runner/work/ozone/ozone/hadoop-ozone/integration-test/target/log,STOPPED}
2021-08-16 11:43:23,191 [Listener at 127.0.0.1/39025] INFO  ozone.MiniOzoneClusterImpl (MiniOzoneClusterImpl.java:stopSCM(542)) - Stopping the StorageContainerManager
2021-08-16 11:43:23,191 [Listener at 127.0.0.1/39025] INFO  server.StorageContainerManager (StorageContainerManager.java:stop(1341)) - Stopping Replication Manager Service.
2021-08-16 11:43:23,191 [Listener at 127.0.0.1/39025] INFO  container.ReplicationManager (ReplicationManager.java:stop(317)) - Stopping Replication Monitor Thread.
2021-08-16 11:43:23,192 [Listener at 127.0.0.1/39025] INFO  server.StorageContainerManager (StorageContainerManager.java:stop(1348)) - Stopping the Datanode Admin Monitor.
2021-08-16 11:43:23,192 [Listener at 127.0.0.1/39025] INFO  server.StorageContainerManager (StorageContainerManager.java:stop(1355)) - Stopping Lease Manager of the command watchers
2021-08-16 11:43:23,192 [Listener at 127.0.0.1/39025] INFO  server.StorageContainerManager (StorageContainerManager.java:stop(1362)) - Stopping datanode service RPC server
2021-08-16 11:43:23,192 [Listener at 127.0.0.1/39025] INFO  server.SCMDatanodeProtocolServer (SCMDatanodeProtocolServer.java:stop(389)) - Stopping the RPC server for DataNodes
2021-08-16 11:43:23,192 [Listener at 127.0.0.1/39025] INFO  ipc.Server (Server.java:stop(3414)) - Stopping server on 43093
2021-08-16 11:43:23,206 [IPC Server Responder] INFO  ipc.Server (Server.java:run(1512)) - Stopping IPC Server Responder
2021-08-16 11:43:23,209 [IPC Server listener on 0] INFO  ipc.Server (Server.java:run(1376)) - Stopping IPC Server listener on 0
2021-08-16 11:43:23,212 [SCM Heartbeat Processing Thread - 0] WARN  node.NodeStateManager (NodeStateManager.java:scheduleNextHealthCheck(799)) - Current Thread is interrupted, shutting down HB processing thread for Node Manager.
2021-08-16 11:43:23,213 [Listener at 127.0.0.1/39025] INFO  server.StorageContainerManager (StorageContainerManager.java:stop(1370)) - Stopping block service RPC server
2021-08-16 11:43:23,213 [Listener at 127.0.0.1/39025] INFO  server.SCMBlockProtocolServer (SCMBlockProtocolServer.java:stop(160)) - Stopping the RPC server for Block Protocol
2021-08-16 11:43:23,213 [Listener at 127.0.0.1/39025] INFO  ipc.Server (Server.java:stop(3414)) - Stopping server on 46563
2021-08-16 11:43:23,223 [IPC Server listener on 0] INFO  ipc.Server (Server.java:run(1376)) - Stopping IPC Server listener on 0
2021-08-16 11:43:23,223 [Listener at 127.0.0.1/39025] INFO  server.StorageContainerManager (StorageContainerManager.java:stop(1377)) - Stopping the StorageContainerLocationProtocol RPC server
2021-08-16 11:43:23,224 [Listener at 127.0.0.1/39025] INFO  server.SCMClientProtocolServer (SCMClientProtocolServer.java:stop(173)) - Stopping the RPC server for Client Protocol
2021-08-16 11:43:23,224 [Listener at 127.0.0.1/39025] INFO  ipc.Server (Server.java:stop(3414)) - Stopping server on 39667
2021-08-16 11:43:23,224 [IPC Server Responder] INFO  ipc.Server (Server.java:run(1512)) - Stopping IPC Server Responder
2021-08-16 11:43:23,247 [Listener at 127.0.0.1/39025] INFO  server.StorageContainerManager (StorageContainerManager.java:stop(1384)) - Stopping Storage Container Manager HTTP server.
2021-08-16 11:43:23,248 [IPC Server Responder] INFO  ipc.Server (Server.java:run(1512)) - Stopping IPC Server Responder
2021-08-16 11:43:23,248 [IPC Server listener on 0] INFO  ipc.Server (Server.java:run(1376)) - Stopping IPC Server listener on 0
2021-08-16 11:43:23,282 [Listener at 127.0.0.1/39025] INFO  handler.ContextHandler (ContextHandler.java:doStop(1153)) - Stopped o.e.j.w.WebAppContext@482b1da9{scm,/,null,STOPPED}{file:/home/runner/work/ozone/ozone/hadoop-ozone/integration-test/target/test-classes/webapps/scm}
2021-08-16 11:43:23,283 [Listener at 127.0.0.1/39025] INFO  server.AbstractConnector (AbstractConnector.java:doStop(381)) - Stopped ServerConnector@4b436aa5{HTTP/1.1, (http/1.1)}{0.0.0.0:0}
2021-08-16 11:43:23,283 [Listener at 127.0.0.1/39025] INFO  server.session (HouseKeeper.java:stopScavenging(149)) - node0 Stopped scavenging
2021-08-16 11:43:23,283 [Listener at 127.0.0.1/39025] INFO  handler.ContextHandler (ContextHandler.java:doStop(1153)) - Stopped o.e.j.s.ServletContextHandler@15bcef7f{static,/static,file:///home/runner/work/ozone/ozone/hadoop-ozone/integration-test/target/test-classes/webapps/static,STOPPED}
2021-08-16 11:43:23,283 [Listener at 127.0.0.1/39025] INFO  handler.ContextHandler (ContextHandler.java:doStop(1153)) - Stopped o.e.j.s.ServletContextHandler@2088e7a9{logs,/logs,file:///home/runner/work/ozone/ozone/hadoop-ozone/integration-test/target/log,STOPPED}
2021-08-16 11:43:23,289 [Listener at 127.0.0.1/39025] INFO  server.StorageContainerManager (StorageContainerManager.java:stop(1395)) - Stopping Block Manager Service.
2021-08-16 11:43:23,289 [Listener at 127.0.0.1/39025] INFO  utils.BackgroundService (BackgroundService.java:shutdown(132)) - Shutting down service SCMBlockDeletingService
2021-08-16 11:43:23,305 [Listener at 127.0.0.1/39025] INFO  utils.BackgroundService (BackgroundService.java:shutdown(132)) - Shutting down service SCMBlockDeletingService
2021-08-16 11:43:23,305 [Listener at 127.0.0.1/39025] INFO  server.StorageContainerManager (StorageContainerManager.java:stop(1422)) - Stopping SCM Event Queue.
2021-08-16 11:43:23,306 [Listener at 127.0.0.1/39025] INFO  server.StorageContainerManager (StorageContainerManager.java:stop(1433)) - Stopping SCM HA services.
2021-08-16 11:43:23,307 [Listener at 127.0.0.1/39025] INFO  pipeline.BackgroundPipelineCreator (BackgroundPipelineCreatorV2.java:stop(158)) - Stopping RatisPipelineUtilsThread.
2021-08-16 11:43:23,307 [Listener at 127.0.0.1/39025] INFO  server.StorageContainerManager (StorageContainerManager.java:stop(1443)) - Stopping SCM MetadataStore.
2021-08-16 11:43:23,310 [Listener at 127.0.0.1/39025] INFO  impl.MetricsSystemImpl (MetricsSystemImpl.java:stop(210)) - Stopping HddsDatanode metrics system...
2021-08-16 11:43:23,369 [prometheus] INFO  impl.MetricsSinkAdapter (MetricsSinkAdapter.java:publishMetricsFromQueue(141)) - prometheus thread interrupted.
2021-08-16 11:43:23,377 [Listener at 127.0.0.1/39025] INFO  impl.MetricsSystemImpl (MetricsSystemImpl.java:stop(216)) - HddsDatanode metrics system stopped.
]]></system-out>
  </testcase>
</testsuite>