<?xml version="1.0" encoding="UTF-8"?>
<testsuite xmlns:xsi="http://www.w3.org/2001/XMLSchema-instance" xsi:noNamespaceSchemaLocation="https://maven.apache.org/surefire/maven-surefire-plugin/xsd/surefire-test-report-3.0.xsd" version="3.0" name="org.apache.hadoop.ozone.om.TestObjectStoreWithFSO" time="45.031" tests="9" errors="0" skipped="0" failures="1">
  <properties>
    <property name="awt.toolkit" value="sun.awt.X11.XToolkit"/>
    <property name="file.encoding.pkg" value="sun.io"/>
    <property name="java.specification.version" value="1.8"/>
    <property name="sun.cpu.isalist" value=""/>
    <property name="sun.jnu.encoding" value="UTF-8"/>
    <property name="java.class.path" value="/home/runner/work/ozone/ozone/hadoop-ozone/integration-test/target/test-classes:/home/runner/work/ozone/ozone/hadoop-ozone/integration-test/target/classes:/home/runner/.m2/repository/org/apache/ozone/ozone-common/1.3.0-SNAPSHOT/ozone-common-1.3.0-SNAPSHOT.jar:/home/runner/.m2/repository/io/grpc/grpc-netty/1.48.1/grpc-netty-1.48.1.jar:/home/runner/.m2/repository/io/grpc/grpc-core/1.48.1/grpc-core-1.48.1.jar:/home/runner/.m2/repository/com/google/android/annotations/4.1.1.4/annotations-4.1.1.4.jar:/home/runner/.m2/repository/org/codehaus/mojo/animal-sniffer-annotations/1.21/animal-sniffer-annotations-1.21.jar:/home/runner/.m2/repository/com/google/errorprone/error_prone_annotations/2.2.0/error_prone_annotations-2.2.0.jar:/home/runner/.m2/repository/io/perfmark/perfmark-api/0.25.0/perfmark-api-0.25.0.jar:/home/runner/.m2/repository/io/netty/netty-codec-http2/4.1.79.Final/netty-codec-http2-4.1.79.Final.jar:/home/runner/.m2/repository/io/netty/netty-common/4.1.79.Final/netty-common-4.1.79.Final.jar:/home/runner/.m2/repository/io/netty/netty-buffer/4.1.79.Final/netty-buffer-4.1.79.Final.jar:/home/runner/.m2/repository/io/netty/netty-codec-http/4.1.79.Final/netty-codec-http-4.1.79.Final.jar:/home/runner/.m2/repository/io/netty/netty-handler-proxy/4.1.79.Final/netty-handler-proxy-4.1.79.Final.jar:/home/runner/.m2/repository/io/netty/netty-codec-socks/4.1.79.Final/netty-codec-socks-4.1.79.Final.jar:/home/runner/.m2/repository/io/netty/netty-tcnative-boringssl-static/2.0.53.Final/netty-tcnative-boringssl-static-2.0.53.Final.jar:/home/runner/.m2/repository/io/netty/netty-tcnative-classes/2.0.53.Final/netty-tcnative-classes-2.0.53.Final.jar:/home/runner/.m2/repository/io/netty/netty-tcnative-boringssl-static/2.0.53.Final/netty-tcnative-boringssl-static-2.0.53.Final-linux-x86_64.jar:/home/runner/.m2/repository/io/netty/netty-tcnative-boringssl-static/2.0.53.Final/netty-tcnative-boringssl-static-2.0.53.Final-linux-aarch_64.jar:/home/runner/.m2/repository/io/netty/netty-tcnative-boringssl-static/2.0.53.Final/netty-tcnative-boringssl-static-2.0.53.Final-osx-x86_64.jar:/home/runner/.m2/repository/io/netty/netty-tcnative-boringssl-static/2.0.53.Final/netty-tcnative-boringssl-static-2.0.53.Final-osx-aarch_64.jar:/home/runner/.m2/repository/io/netty/netty-tcnative-boringssl-static/2.0.53.Final/netty-tcnative-boringssl-static-2.0.53.Final-windows-x86_64.jar:/home/runner/.m2/repository/org/apache/commons/commons-compress/1.21/commons-compress-1.21.jar:/home/runner/.m2/repository/org/apache/ozone/hdds-common/1.3.0-SNAPSHOT/hdds-common-1.3.0-SNAPSHOT.jar:/home/runner/.m2/repository/org/apache/ozone/hdds-client/1.3.0-SNAPSHOT/hdds-client-1.3.0-SNAPSHOT.jar:/home/runner/.m2/repository/org/apache/ozone/ozone-interface-client/1.3.0-SNAPSHOT/ozone-interface-client-1.3.0-SNAPSHOT.jar:/home/runner/.m2/repository/org/apache/ozone/hdds-test-utils/1.3.0-SNAPSHOT/hdds-test-utils-1.3.0-SNAPSHOT.jar:/home/runner/.m2/repository/com/google/guava/guava/31.1-jre/guava-31.1-jre.jar:/home/runner/.m2/repository/com/google/guava/failureaccess/1.0.1/failureaccess-1.0.1.jar:/home/runner/.m2/repository/com/google/guava/listenablefuture/9999.0-empty-to-avoid-conflict-with-guava/listenablefuture-9999.0-empty-to-avoid-conflict-with-guava.jar:/home/runner/.m2/repository/com/google/code/findbugs/jsr305/3.0.0/jsr305-3.0.0.jar:/home/runner/.m2/repository/org/checkerframework/checker-qual/3.12.0/checker-qual-3.12.0.jar:/home/runner/.m2/repository/com/google/j2objc/j2objc-annotations/1.3/j2objc-annotations-1.3.jar:/home/runner/.m2/repository/commons-io/commons-io/2.11.0/commons-io-2.11.0.jar:/home/runner/.m2/repository/commons-logging/commons-logging/1.2/commons-logging-1.2.jar:/home/runner/.m2/repository/log4j/log4j/1.2.17/log4j-1.2.17.jar:/home/runner/.m2/repository/org/slf4j/slf4j-api/1.7.30/slf4j-api-1.7.30.jar:/home/runner/.m2/repository/org/apache/ozone/hdds-server-scm/1.3.0-SNAPSHOT/hdds-server-scm-1.3.0-SNAPSHOT.jar:/home/runner/.m2/repository/org/apache/ozone/hdds-container-service/1.3.0-SNAPSHOT/hdds-container-service-1.3.0-SNAPSHOT.jar:/home/runner/.m2/repository/org/apache/ozone/hdds-hadoop-dependency-server/1.3.0-SNAPSHOT/hdds-hadoop-dependency-server-1.3.0-SNAPSHOT.jar:/home/runner/.m2/repository/org/apache/hadoop/hadoop-hdfs/3.3.1/hadoop-hdfs-3.3.1.jar:/home/runner/.m2/repository/org/apache/ozone/hdds-server-framework/1.3.0-SNAPSHOT/hdds-server-framework-1.3.0-SNAPSHOT.jar:/home/runner/.m2/repository/org/apache/ozone/hdds-interface-server/1.3.0-SNAPSHOT/hdds-interface-server-1.3.0-SNAPSHOT.jar:/home/runner/.m2/repository/org/apache/logging/log4j/log4j-core/2.17.1/log4j-core-2.17.1.jar:/home/runner/.m2/repository/com/lmax/disruptor/3.4.2/disruptor-3.4.2.jar:/home/runner/.m2/repository/org/eclipse/jetty/jetty-servlet/9.4.43.v20210629/jetty-servlet-9.4.43.v20210629.jar:/home/runner/.m2/repository/org/eclipse/jetty/jetty-security/9.4.43.v20210629/jetty-security-9.4.43.v20210629.jar:/home/runner/.m2/repository/org/rocksdb/rocksdbjni/7.4.5/rocksdbjni-7.4.5.jar:/home/runner/.m2/repository/io/prometheus/simpleclient_dropwizard/0.7.0/simpleclient_dropwizard-0.7.0.jar:/home/runner/.m2/repository/io/prometheus/simpleclient/0.7.0/simpleclient-0.7.0.jar:/home/runner/.m2/repository/io/prometheus/simpleclient_common/0.7.0/simpleclient_common-0.7.0.jar:/home/runner/.m2/repository/io/dropwizard/metrics/metrics-core/3.2.4/metrics-core-3.2.4.jar:/home/runner/.m2/repository/org/apache/hadoop/hadoop-hdfs-client/3.3.1/hadoop-hdfs-client-3.3.1.jar:/home/runner/.m2/repository/org/bouncycastle/bcprov-jdk15on/1.67/bcprov-jdk15on-1.67.jar:/home/runner/.m2/repository/com/google/protobuf/protobuf-java/2.5.0/protobuf-java-2.5.0.jar:/home/runner/.m2/repository/org/apache/ozone/ozone-manager/1.3.0-SNAPSHOT/ozone-manager-1.3.0-SNAPSHOT.jar:/home/runner/.m2/repository/org/aspectj/aspectjrt/1.9.7/aspectjrt-1.9.7.jar:/home/runner/.m2/repository/org/aspectj/aspectjweaver/1.9.7/aspectjweaver-1.9.7.jar:/home/runner/.m2/repository/org/apache/ozone/hdds-interface-client/1.3.0-SNAPSHOT/hdds-interface-client-1.3.0-SNAPSHOT.jar:/home/runner/.m2/repository/org/apache/hadoop/thirdparty/hadoop-shaded-protobuf_3_7/1.1.1/hadoop-shaded-protobuf_3_7-1.1.1.jar:/home/runner/.m2/repository/org/apache/ozone/ozone-interface-storage/1.3.0-SNAPSHOT/ozone-interface-storage-1.3.0-SNAPSHOT.jar:/home/runner/.m2/repository/org/reflections/reflections/0.9.11/reflections-0.9.11.jar:/home/runner/.m2/repository/com/sun/jersey/jersey-client/1.19/jersey-client-1.19.jar:/home/runner/.m2/repository/org/apache/ranger/ranger-intg/2.3.0/ranger-intg-2.3.0.jar:/home/runner/.m2/repository/org/apache/ranger/ranger-plugins-common/2.3.0/ranger-plugins-common-2.3.0.jar:/home/runner/.m2/repository/commons-lang/commons-lang/2.6/commons-lang-2.6.jar:/home/runner/.m2/repository/org/codehaus/jackson/jackson-jaxrs/1.9.13/jackson-jaxrs-1.9.13.jar:/home/runner/.m2/repository/org/apache/ranger/ranger-plugins-cred/2.3.0/ranger-plugins-cred-2.3.0.jar:/home/runner/.m2/repository/org/apache/ranger/ranger-plugins-audit/2.3.0/ranger-plugins-audit-2.3.0.jar:/home/runner/.m2/repository/org/eclipse/jetty/jetty-client/9.4.31.v20200723/jetty-client-9.4.31.v20200723.jar:/home/runner/.m2/repository/org/apache/httpcomponents/httpmime/4.5.6/httpmime-4.5.6.jar:/home/runner/.m2/repository/org/apache/httpcomponents/httpcore-nio/4.4.6/httpcore-nio-4.4.6.jar:/home/runner/.m2/repository/org/apache/httpcomponents/httpasyncclient/4.1.3/httpasyncclient-4.1.3.jar:/home/runner/.m2/repository/com/carrotsearch/hppc/0.8.0/hppc-0.8.0.jar:/home/runner/.m2/repository/org/apache/orc/orc-core/1.5.8/orc-core-1.5.8.jar:/home/runner/.m2/repository/net/java/dev/jna/jna/5.2.0/jna-5.2.0.jar:/home/runner/.m2/repository/net/java/dev/jna/jna-platform/5.2.0/jna-platform-5.2.0.jar:/home/runner/.m2/repository/com/kstruct/gethostname4j/0.0.2/gethostname4j-0.0.2.jar:/home/runner/.m2/repository/org/apache/ranger/ranger-plugin-classloader/2.3.0/ranger-plugin-classloader-2.3.0.jar:/home/runner/.m2/repository/org/apache/hadoop/hadoop-minikdc/3.3.1/hadoop-minikdc-3.3.1.jar:/home/runner/.m2/repository/org/apache/kerby/kerb-simplekdc/1.0.1/kerb-simplekdc-1.0.1.jar:/home/runner/.m2/repository/org/apache/kerby/kerb-client/1.0.1/kerb-client-1.0.1.jar:/home/runner/.m2/repository/org/apache/kerby/kerby-config/1.0.1/kerby-config-1.0.1.jar:/home/runner/.m2/repository/org/apache/kerby/kerb-common/1.0.1/kerb-common-1.0.1.jar:/home/runner/.m2/repository/org/apache/kerby/kerb-crypto/1.0.1/kerb-crypto-1.0.1.jar:/home/runner/.m2/repository/org/apache/kerby/kerb-util/1.0.1/kerb-util-1.0.1.jar:/home/runner/.m2/repository/org/apache/kerby/token-provider/1.0.1/token-provider-1.0.1.jar:/home/runner/.m2/repository/org/apache/kerby/kerb-admin/1.0.1/kerb-admin-1.0.1.jar:/home/runner/.m2/repository/org/apache/kerby/kerb-server/1.0.1/kerb-server-1.0.1.jar:/home/runner/.m2/repository/org/apache/kerby/kerb-identity/1.0.1/kerb-identity-1.0.1.jar:/home/runner/.m2/repository/org/apache/kerby/kerby-xdr/1.0.1/kerby-xdr-1.0.1.jar:/home/runner/.m2/repository/org/slf4j/slf4j-log4j12/1.7.30/slf4j-log4j12-1.7.30.jar:/home/runner/.m2/repository/org/apache/ozone/ozone-s3gateway/1.3.0-SNAPSHOT/ozone-s3gateway-1.3.0-SNAPSHOT.jar:/home/runner/.m2/repository/org/javassist/javassist/3.21.0-GA/javassist-3.21.0-GA.jar:/home/runner/.m2/repository/org/jboss/weld/servlet/weld-servlet/2.4.7.Final/weld-servlet-2.4.7.Final.jar:/home/runner/.m2/repository/org/glassfish/jersey/containers/jersey-container-servlet-core/2.33/jersey-container-servlet-core-2.33.jar:/home/runner/.m2/repository/org/glassfish/hk2/external/jakarta.inject/2.6.1/jakarta.inject-2.6.1.jar:/home/runner/.m2/repository/org/glassfish/jersey/core/jersey-common/2.33/jersey-common-2.33.jar:/home/runner/.m2/repository/jakarta/ws/rs/jakarta.ws.rs-api/2.1.6/jakarta.ws.rs-api-2.1.6.jar:/home/runner/.m2/repository/org/glassfish/jersey/ext/cdi/jersey-cdi1x/2.33/jersey-cdi1x-2.33.jar:/home/runner/.m2/repository/org/glassfish/jersey/inject/jersey-hk2/2.33/jersey-hk2-2.33.jar:/home/runner/.m2/repository/org/glassfish/hk2/hk2-locator/2.6.1/hk2-locator-2.6.1.jar:/home/runner/.m2/repository/org/glassfish/jersey/media/jersey-media-jaxb/2.33/jersey-media-jaxb-2.33.jar:/home/runner/.m2/repository/org/glassfish/hk2/osgi-resource-locator/1.0.3/osgi-resource-locator-1.0.3.jar:/home/runner/.m2/repository/org/glassfish/hk2/hk2-api/2.5.0/hk2-api-2.5.0.jar:/home/runner/.m2/repository/org/glassfish/hk2/hk2-utils/2.5.0/hk2-utils-2.5.0.jar:/home/runner/.m2/repository/org/glassfish/hk2/external/aopalliance-repackaged/2.5.0/aopalliance-repackaged-2.5.0.jar:/home/runner/.m2/repository/com/fasterxml/jackson/dataformat/jackson-dataformat-xml/2.13.2/jackson-dataformat-xml-2.13.2.jar:/home/runner/.m2/repository/com/fasterxml/jackson/core/jackson-core/2.13.2/jackson-core-2.13.2.jar:/home/runner/.m2/repository/org/codehaus/woodstox/stax2-api/3.1.4/stax2-api-3.1.4.jar:/home/runner/.m2/repository/com/fasterxml/woodstox/woodstox-core/5.0.3/woodstox-core-5.0.3.jar:/home/runner/.m2/repository/com/fasterxml/jackson/module/jackson-module-jaxb-annotations/2.13.2/jackson-module-jaxb-annotations-2.13.2.jar:/home/runner/.m2/repository/jakarta/xml/bind/jakarta.xml.bind-api/2.3.3/jakarta.xml.bind-api-2.3.3.jar:/home/runner/.m2/repository/jakarta/activation/jakarta.activation-api/1.2.1/jakarta.activation-api-1.2.1.jar:/home/runner/.m2/repository/javax/enterprise/cdi-api/1.2/cdi-api-1.2.jar:/home/runner/.m2/repository/javax/el/javax.el-api/3.0.0/javax.el-api-3.0.0.jar:/home/runner/.m2/repository/javax/interceptor/javax.interceptor-api/1.2/javax.interceptor-api-1.2.jar:/home/runner/.m2/repository/javax/inject/javax.inject/1/javax.inject-1.jar:/home/runner/.m2/repository/javax/xml/bind/jaxb-api/2.3.0/jaxb-api-2.3.0.jar:/home/runner/.m2/repository/org/glassfish/jaxb/jaxb-runtime/2.3.0.1/jaxb-runtime-2.3.0.1.jar:/home/runner/.m2/repository/org/glassfish/jaxb/jaxb-core/2.3.0.1/jaxb-core-2.3.0.1.jar:/home/runner/.m2/repository/org/glassfish/jaxb/txw2/2.3.0.1/txw2-2.3.0.1.jar:/home/runner/.m2/repository/com/sun/istack/istack-commons-runtime/3.0.5/istack-commons-runtime-3.0.5.jar:/home/runner/.m2/repository/org/jvnet/staxex/stax-ex/1.7.8/stax-ex-1.7.8.jar:/home/runner/.m2/repository/com/sun/xml/fastinfoset/FastInfoset/1.2.13/FastInfoset-1.2.13.jar:/home/runner/.m2/repository/javax/activation/activation/1.1.1/activation-1.1.1.jar:/home/runner/.m2/repository/io/grpc/grpc-protobuf/1.48.1/grpc-protobuf-1.48.1.jar:/home/runner/.m2/repository/io/grpc/grpc-api/1.48.1/grpc-api-1.48.1.jar:/home/runner/.m2/repository/io/grpc/grpc-context/1.48.1/grpc-context-1.48.1.jar:/home/runner/.m2/repository/com/google/api/grpc/proto-google-common-protos/2.9.0/proto-google-common-protos-2.9.0.jar:/home/runner/.m2/repository/io/grpc/grpc-protobuf-lite/1.48.1/grpc-protobuf-lite-1.48.1.jar:/home/runner/.m2/repository/io/grpc/grpc-stub/1.48.1/grpc-stub-1.48.1.jar:/home/runner/.m2/repository/io/netty/netty-transport/4.1.79.Final/netty-transport-4.1.79.Final.jar:/home/runner/.m2/repository/io/netty/netty-resolver/4.1.79.Final/netty-resolver-4.1.79.Final.jar:/home/runner/.m2/repository/org/apache/ozone/ozone-csi/1.3.0-SNAPSHOT/ozone-csi-1.3.0-SNAPSHOT.jar:/home/runner/.m2/repository/com/google/protobuf/protobuf-java-util/3.19.2/protobuf-java-util-3.19.2.jar:/home/runner/.m2/repository/com/google/code/gson/gson/2.9.0/gson-2.9.0.jar:/home/runner/.m2/repository/org/apache/ozone/hdds-config/1.3.0-SNAPSHOT/hdds-config-1.3.0-SNAPSHOT.jar:/home/runner/.m2/repository/io/netty/netty-transport-native-epoll/4.1.79.Final/netty-transport-native-epoll-4.1.79.Final-linux-x86_64.jar:/home/runner/.m2/repository/io/netty/netty-transport-classes-epoll/4.1.79.Final/netty-transport-classes-epoll-4.1.79.Final.jar:/home/runner/.m2/repository/io/netty/netty-transport-native-unix-common/4.1.79.Final/netty-transport-native-unix-common-4.1.79.Final.jar:/home/runner/.m2/repository/org/apache/ozone/ozone-recon/1.3.0-SNAPSHOT/ozone-recon-1.3.0-SNAPSHOT.jar:/home/runner/.m2/repository/org/apache/ozone/ozone-reconcodegen/1.3.0-SNAPSHOT/ozone-reconcodegen-1.3.0-SNAPSHOT.jar:/home/runner/.m2/repository/com/google/inject/extensions/guice-multibindings/4.0/guice-multibindings-4.0.jar:/home/runner/.m2/repository/com/google/inject/guice/4.0/guice-4.0.jar:/home/runner/.m2/repository/aopalliance/aopalliance/1.0/aopalliance-1.0.jar:/home/runner/.m2/repository/com/google/inject/extensions/guice-assistedinject/4.0/guice-assistedinject-4.0.jar:/home/runner/.m2/repository/com/google/inject/extensions/guice-servlet/4.0/guice-servlet-4.0.jar:/home/runner/.m2/repository/org/glassfish/jersey/containers/jersey-container-servlet/2.33/jersey-container-servlet-2.33.jar:/home/runner/.m2/repository/org/glassfish/hk2/guice-bridge/2.5.0/guice-bridge-2.5.0.jar:/home/runner/.m2/repository/org/glassfish/jersey/core/jersey-server/2.33/jersey-server-2.33.jar:/home/runner/.m2/repository/org/glassfish/jersey/core/jersey-client/2.33/jersey-client-2.33.jar:/home/runner/.m2/repository/jakarta/annotation/jakarta.annotation-api/1.3.5/jakarta.annotation-api-1.3.5.jar:/home/runner/.m2/repository/jakarta/validation/jakarta.validation-api/2.0.2/jakarta.validation-api-2.0.2.jar:/home/runner/.m2/repository/org/glassfish/jersey/media/jersey-media-json-jackson/2.33/jersey-media-json-jackson-2.33.jar:/home/runner/.m2/repository/org/glassfish/jersey/ext/jersey-entity-filtering/2.33/jersey-entity-filtering-2.33.jar:/home/runner/.m2/repository/org/jooq/jooq/3.11.10/jooq-3.11.10.jar:/home/runner/.m2/repository/org/jooq/jooq-meta/3.11.10/jooq-meta-3.11.10.jar:/home/runner/.m2/repository/org/jooq/jooq-codegen/3.11.10/jooq-codegen-3.11.10.jar:/home/runner/.m2/repository/com/jolbox/bonecp/0.8.0.RELEASE/bonecp-0.8.0.RELEASE.jar:/home/runner/.m2/repository/org/apache/derby/derby/10.14.2.0/derby-10.14.2.0.jar:/home/runner/.m2/repository/org/xerial/sqlite-jdbc/3.25.2/sqlite-jdbc-3.25.2.jar:/home/runner/.m2/repository/org/springframework/spring-jdbc/5.2.20.RELEASE/spring-jdbc-5.2.20.RELEASE.jar:/home/runner/.m2/repository/org/springframework/spring-beans/5.2.20.RELEASE/spring-beans-5.2.20.RELEASE.jar:/home/runner/.m2/repository/org/springframework/spring-core/5.2.20.RELEASE/spring-core-5.2.20.RELEASE.jar:/home/runner/.m2/repository/org/springframework/spring-jcl/5.2.20.RELEASE/spring-jcl-5.2.20.RELEASE.jar:/home/runner/.m2/repository/org/springframework/spring-tx/5.2.20.RELEASE/spring-tx-5.2.20.RELEASE.jar:/home/runner/.m2/repository/org/apache/ozone/ozone-client/1.3.0-SNAPSHOT/ozone-client-1.3.0-SNAPSHOT.jar:/home/runner/.m2/repository/org/apache/ozone/hdds-erasurecode/1.3.0-SNAPSHOT/hdds-erasurecode-1.3.0-SNAPSHOT.jar:/home/runner/.m2/repository/com/github/spotbugs/spotbugs-annotations/3.1.12/spotbugs-annotations-3.1.12.jar:/home/runner/.m2/repository/org/apache/ozone/ozone-filesystem/1.3.0-SNAPSHOT/ozone-filesystem-1.3.0-SNAPSHOT.jar:/home/runner/.m2/repository/org/apache/ozone/ozone-filesystem-common/1.3.0-SNAPSHOT/ozone-filesystem-common-1.3.0-SNAPSHOT.jar:/home/runner/.m2/repository/org/apache/ozone/ozone-tools/1.3.0-SNAPSHOT/ozone-tools-1.3.0-SNAPSHOT.jar:/home/runner/.m2/repository/org/apache/ratis/ratis-tools/2.3.0/ratis-tools-2.3.0.jar:/home/runner/.m2/repository/com/amazonaws/aws-java-sdk-core/1.12.261/aws-java-sdk-core-1.12.261.jar:/home/runner/.m2/repository/org/apache/httpcomponents/httpclient/4.5.13/httpclient-4.5.13.jar:/home/runner/.m2/repository/org/apache/httpcomponents/httpcore/4.4.13/httpcore-4.4.13.jar:/home/runner/.m2/repository/software/amazon/ion/ion-java/1.0.2/ion-java-1.0.2.jar:/home/runner/.m2/repository/com/fasterxml/jackson/dataformat/jackson-dataformat-cbor/2.13.2/jackson-dataformat-cbor-2.13.2.jar:/home/runner/.m2/repository/joda-time/joda-time/2.8.1/joda-time-2.8.1.jar:/home/runner/.m2/repository/com/amazonaws/aws-java-sdk-s3/1.12.261/aws-java-sdk-s3-1.12.261.jar:/home/runner/.m2/repository/com/amazonaws/aws-java-sdk-kms/1.12.261/aws-java-sdk-kms-1.12.261.jar:/home/runner/.m2/repository/com/amazonaws/jmespath-java/1.12.261/jmespath-java-1.12.261.jar:/home/runner/.m2/repository/org/kohsuke/metainf-services/metainf-services/1.8/metainf-services-1.8.jar:/home/runner/.m2/repository/org/apache/ozone/hdds-tools/1.3.0-SNAPSHOT/hdds-tools-1.3.0-SNAPSHOT.jar:/home/runner/.m2/repository/commons-cli/commons-cli/1.2/commons-cli-1.2.jar:/home/runner/.m2/repository/org/apache/commons/commons-lang3/3.7/commons-lang3-3.7.jar:/home/runner/.m2/repository/org/apache/ozone/ozone-manager/1.3.0-SNAPSHOT/ozone-manager-1.3.0-SNAPSHOT-tests.jar:/home/runner/.m2/repository/org/apache/ozone/hdds-common/1.3.0-SNAPSHOT/hdds-common-1.3.0-SNAPSHOT-tests.jar:/home/runner/.m2/repository/org/apache/ozone/hdds-hadoop-dependency-client/1.3.0-SNAPSHOT/hdds-hadoop-dependency-client-1.3.0-SNAPSHOT.jar:/home/runner/.m2/repository/info/picocli/picocli/4.6.1/picocli-4.6.1.jar:/home/runner/.m2/repository/com/fasterxml/jackson/core/jackson-annotations/2.13.2/jackson-annotations-2.13.2.jar:/home/runner/.m2/repository/com/fasterxml/jackson/datatype/jackson-datatype-jsr310/2.13.2/jackson-datatype-jsr310-2.13.2.jar:/home/runner/.m2/repository/javax/annotation/javax.annotation-api/1.2/javax.annotation-api-1.2.jar:/home/runner/.m2/repository/org/apache/ratis/ratis-server/2.3.0/ratis-server-2.3.0.jar:/home/runner/.m2/repository/org/apache/ratis/ratis-client/2.3.0/ratis-client-2.3.0.jar:/home/runner/.m2/repository/org/apache/ratis/ratis-server-api/2.3.0/ratis-server-api-2.3.0.jar:/home/runner/.m2/repository/org/apache/ratis/ratis-metrics/2.3.0/ratis-metrics-2.3.0.jar:/home/runner/.m2/repository/org/apache/ratis/ratis-netty/2.3.0/ratis-netty-2.3.0.jar:/home/runner/.m2/repository/org/apache/ratis/ratis-grpc/2.3.0/ratis-grpc-2.3.0.jar:/home/runner/.m2/repository/org/apache/logging/log4j/log4j-api/2.17.1/log4j-api-2.17.1.jar:/home/runner/.m2/repository/org/apache/commons/commons-pool2/2.6.0/commons-pool2-2.6.0.jar:/home/runner/.m2/repository/org/bouncycastle/bcpkix-jdk15on/1.67/bcpkix-jdk15on-1.67.jar:/home/runner/.m2/repository/commons-validator/commons-validator/1.6/commons-validator-1.6.jar:/home/runner/.m2/repository/commons-beanutils/commons-beanutils/1.9.4/commons-beanutils-1.9.4.jar:/home/runner/.m2/repository/commons-digester/commons-digester/1.8.1/commons-digester-1.8.1.jar:/home/runner/.m2/repository/commons-collections/commons-collections/3.2.2/commons-collections-3.2.2.jar:/home/runner/.m2/repository/io/jaegertracing/jaeger-client/1.6.0/jaeger-client-1.6.0.jar:/home/runner/.m2/repository/io/jaegertracing/jaeger-thrift/1.6.0/jaeger-thrift-1.6.0.jar:/home/runner/.m2/repository/org/apache/thrift/libthrift/0.14.1/libthrift-0.14.1.jar:/home/runner/.m2/repository/com/squareup/okhttp3/okhttp/4.9.0/okhttp-4.9.0.jar:/home/runner/.m2/repository/com/squareup/okio/okio/2.8.0/okio-2.8.0.jar:/home/runner/.m2/repository/io/jaegertracing/jaeger-core/1.6.0/jaeger-core-1.6.0.jar:/home/runner/.m2/repository/io/jaegertracing/jaeger-tracerresolver/1.6.0/jaeger-tracerresolver-1.6.0.jar:/home/runner/.m2/repository/io/opentracing/contrib/opentracing-tracerresolver/0.1.8/opentracing-tracerresolver-0.1.8.jar:/home/runner/.m2/repository/org/jetbrains/kotlin/kotlin-stdlib/1.6.21/kotlin-stdlib-1.6.21.jar:/home/runner/.m2/repository/org/jetbrains/kotlin/kotlin-stdlib-common/1.6.21/kotlin-stdlib-common-1.6.21.jar:/home/runner/.m2/repository/org/jetbrains/annotations/13.0/annotations-13.0.jar:/home/runner/.m2/repository/io/opentracing/opentracing-util/0.33.0/opentracing-util-0.33.0.jar:/home/runner/.m2/repository/io/opentracing/opentracing-api/0.33.0/opentracing-api-0.33.0.jar:/home/runner/.m2/repository/io/opentracing/opentracing-noop/0.33.0/opentracing-noop-0.33.0.jar:/home/runner/.m2/repository/org/yaml/snakeyaml/1.26/snakeyaml-1.26.jar:/home/runner/.m2/repository/org/apache/ozone/hdds-interface-admin/1.3.0-SNAPSHOT/hdds-interface-admin-1.3.0-SNAPSHOT.jar:/home/runner/.m2/repository/junit/junit/4.13.1/junit-4.13.1.jar:/home/runner/.m2/repository/org/hamcrest/hamcrest-core/1.3/hamcrest-core-1.3.jar:/home/runner/.m2/repository/org/junit/jupiter/junit-jupiter-api/5.8.2/junit-jupiter-api-5.8.2.jar:/home/runner/.m2/repository/org/opentest4j/opentest4j/1.2.0/opentest4j-1.2.0.jar:/home/runner/.m2/repository/org/junit/platform/junit-platform-commons/1.8.2/junit-platform-commons-1.8.2.jar:/home/runner/.m2/repository/org/apiguardian/apiguardian-api/1.1.2/apiguardian-api-1.1.2.jar:/home/runner/.m2/repository/org/junit/jupiter/junit-jupiter-params/5.8.2/junit-jupiter-params-5.8.2.jar:/home/runner/.m2/repository/org/junit/jupiter/junit-jupiter-migrationsupport/5.8.2/junit-jupiter-migrationsupport-5.8.2.jar:/home/runner/.m2/repository/org/junit/jupiter/junit-jupiter-engine/5.8.2/junit-jupiter-engine-5.8.2.jar:/home/runner/.m2/repository/org/junit/platform/junit-platform-engine/1.8.2/junit-platform-engine-1.8.2.jar:/home/runner/.m2/repository/org/junit/vintage/junit-vintage-engine/5.8.2/junit-vintage-engine-5.8.2.jar:/home/runner/.m2/repository/org/junit/platform/junit-platform-launcher/1.8.2/junit-platform-launcher-1.8.2.jar:/home/runner/.m2/repository/org/mockito/mockito-core/2.28.2/mockito-core-2.28.2.jar:/home/runner/.m2/repository/net/bytebuddy/byte-buddy/1.9.10/byte-buddy-1.9.10.jar:/home/runner/.m2/repository/net/bytebuddy/byte-buddy-agent/1.9.10/byte-buddy-agent-1.9.10.jar:/home/runner/.m2/repository/org/objenesis/objenesis/1.0/objenesis-1.0.jar:/home/runner/.m2/repository/org/apache/hadoop/hadoop-kms/3.3.1/hadoop-kms-3.3.1.jar:/home/runner/.m2/repository/org/apache/hadoop/hadoop-auth/3.3.1/hadoop-auth-3.3.1.jar:/home/runner/.m2/repository/com/nimbusds/nimbus-jose-jwt/7.9/nimbus-jose-jwt-7.9.jar:/home/runner/.m2/repository/com/github/stephenc/jcip/jcip-annotations/1.0-1/jcip-annotations-1.0-1.jar:/home/runner/.m2/repository/net/minidev/json-smart/2.4.7/json-smart-2.4.7.jar:/home/runner/.m2/repository/net/minidev/accessors-smart/2.4.7/accessors-smart-2.4.7.jar:/home/runner/.m2/repository/org/ow2/asm/asm/5.0.4/asm-5.0.4.jar:/home/runner/.m2/repository/org/apache/zookeeper/zookeeper/3.5.6/zookeeper-3.5.6.jar:/home/runner/.m2/repository/org/apache/zookeeper/zookeeper-jute/3.5.6/zookeeper-jute-3.5.6.jar:/home/runner/.m2/repository/org/apache/yetus/audience-annotations/0.5.0/audience-annotations-0.5.0.jar:/home/runner/.m2/repository/org/apache/curator/curator-framework/4.2.0/curator-framework-4.2.0.jar:/home/runner/.m2/repository/org/apache/hadoop/thirdparty/hadoop-shaded-guava/1.1.1/hadoop-shaded-guava-1.1.1.jar:/home/runner/.m2/repository/com/sun/jersey/jersey-core/1.19/jersey-core-1.19.jar:/home/runner/.m2/repository/javax/ws/rs/jsr311-api/1.1.1/jsr311-api-1.1.1.jar:/home/runner/.m2/repository/com/sun/jersey/jersey-server/1.19/jersey-server-1.19.jar:/home/runner/.m2/repository/javax/servlet/javax.servlet-api/3.1.0/javax.servlet-api-3.1.0.jar:/home/runner/.m2/repository/org/eclipse/jetty/jetty-server/9.4.43.v20210629/jetty-server-9.4.43.v20210629.jar:/home/runner/.m2/repository/org/eclipse/jetty/jetty-http/9.4.43.v20210629/jetty-http-9.4.43.v20210629.jar:/home/runner/.m2/repository/org/eclipse/jetty/jetty-io/9.4.43.v20210629/jetty-io-9.4.43.v20210629.jar:/home/runner/.m2/repository/org/eclipse/jetty/jetty-webapp/9.4.43.v20210629/jetty-webapp-9.4.43.v20210629.jar:/home/runner/.m2/repository/org/eclipse/jetty/jetty-xml/9.4.43.v20210629/jetty-xml-9.4.43.v20210629.jar:/home/runner/.m2/repository/org/apache/hadoop/hadoop-common/3.3.1/hadoop-common-3.3.1.jar:/home/runner/.m2/repository/org/apache/commons/commons-math3/3.1.1/commons-math3-3.1.1.jar:/home/runner/.m2/repository/commons-net/commons-net/3.6/commons-net-3.6.jar:/home/runner/.m2/repository/com/sun/jersey/jersey-servlet/1.19/jersey-servlet-1.19.jar:/home/runner/.m2/repository/com/sun/jersey/jersey-json/1.19/jersey-json-1.19.jar:/home/runner/.m2/repository/org/codehaus/jettison/jettison/1.1/jettison-1.1.jar:/home/runner/.m2/repository/com/sun/xml/bind/jaxb-impl/2.2.3-1/jaxb-impl-2.2.3-1.jar:/home/runner/.m2/repository/org/codehaus/jackson/jackson-xc/1.9.2/jackson-xc-1.9.2.jar:/home/runner/.m2/repository/org/apache/commons/commons-configuration2/2.1.1/commons-configuration2-2.1.1.jar:/home/runner/.m2/repository/org/apache/commons/commons-text/1.4/commons-text-1.4.jar:/home/runner/.m2/repository/com/google/re2j/re2j/1.1/re2j-1.1.jar:/home/runner/.m2/repository/com/jcraft/jsch/0.1.54/jsch-0.1.54.jar:/home/runner/.m2/repository/org/apache/curator/curator-client/4.2.0/curator-client-4.2.0.jar:/home/runner/.m2/repository/org/apache/curator/curator-recipes/4.2.0/curator-recipes-4.2.0.jar:/home/runner/.m2/repository/org/apache/kerby/kerb-core/1.0.1/kerb-core-1.0.1.jar:/home/runner/.m2/repository/org/apache/kerby/kerby-pkix/1.0.1/kerby-pkix-1.0.1.jar:/home/runner/.m2/repository/org/apache/kerby/kerby-asn1/1.0.1/kerby-asn1-1.0.1.jar:/home/runner/.m2/repository/org/apache/kerby/kerby-util/1.0.1/kerby-util-1.0.1.jar:/home/runner/.m2/repository/dnsjava/dnsjava/2.1.7/dnsjava-2.1.7.jar:/home/runner/.m2/repository/org/xerial/snappy/snappy-java/1.1.8.2/snappy-java-1.1.8.2.jar:/home/runner/.m2/repository/org/slf4j/jul-to-slf4j/1.7.30/jul-to-slf4j-1.7.30.jar:/home/runner/.m2/repository/org/eclipse/jetty/jetty-util/9.4.43.v20210629/jetty-util-9.4.43.v20210629.jar:/home/runner/.m2/repository/com/fasterxml/jackson/core/jackson-databind/2.13.2.2/jackson-databind-2.13.2.2.jar:/home/runner/.m2/repository/org/apache/hadoop/hadoop-kms/3.3.1/hadoop-kms-3.3.1-tests.jar:/home/runner/.m2/repository/org/apache/ozone/hdds-server-scm/1.3.0-SNAPSHOT/hdds-server-scm-1.3.0-SNAPSHOT-tests.jar:/home/runner/.m2/repository/org/apache/ozone/hdds-container-service/1.3.0-SNAPSHOT/hdds-container-service-1.3.0-SNAPSHOT-tests.jar:/home/runner/.m2/repository/commons-codec/commons-codec/1.11/commons-codec-1.11.jar:/home/runner/.m2/repository/io/netty/netty-codec/4.1.79.Final/netty-codec-4.1.79.Final.jar:/home/runner/.m2/repository/io/netty/netty-handler/4.1.79.Final/netty-handler-4.1.79.Final.jar:/home/runner/.m2/repository/org/apache/ozone/hdds-hadoop-dependency-test/1.3.0-SNAPSHOT/hdds-hadoop-dependency-test-1.3.0-SNAPSHOT.jar:/home/runner/.m2/repository/org/apache/hadoop/hadoop-common/3.3.1/hadoop-common-3.3.1-tests.jar:/home/runner/.m2/repository/org/assertj/assertj-core/3.12.2/assertj-core-3.12.2.jar:/home/runner/.m2/repository/org/apache/hadoop/hadoop-hdfs/3.3.1/hadoop-hdfs-3.3.1-tests.jar:/home/runner/.m2/repository/org/eclipse/jetty/jetty-util-ajax/9.4.43.v20210629/jetty-util-ajax-9.4.43.v20210629.jar:/home/runner/.m2/repository/commons-daemon/commons-daemon/1.0.13/commons-daemon-1.0.13.jar:/home/runner/.m2/repository/io/netty/netty/3.10.6.Final/netty-3.10.6.Final.jar:/home/runner/.m2/repository/io/netty/netty-all/4.1.79.Final/netty-all-4.1.79.Final.jar:/home/runner/.m2/repository/io/netty/netty-codec-dns/4.1.79.Final/netty-codec-dns-4.1.79.Final.jar:/home/runner/.m2/repository/io/netty/netty-codec-haproxy/4.1.79.Final/netty-codec-haproxy-4.1.79.Final.jar:/home/runner/.m2/repository/io/netty/netty-codec-memcache/4.1.79.Final/netty-codec-memcache-4.1.79.Final.jar:/home/runner/.m2/repository/io/netty/netty-codec-mqtt/4.1.79.Final/netty-codec-mqtt-4.1.79.Final.jar:/home/runner/.m2/repository/io/netty/netty-codec-redis/4.1.79.Final/netty-codec-redis-4.1.79.Final.jar:/home/runner/.m2/repository/io/netty/netty-codec-smtp/4.1.79.Final/netty-codec-smtp-4.1.79.Final.jar:/home/runner/.m2/repository/io/netty/netty-codec-stomp/4.1.79.Final/netty-codec-stomp-4.1.79.Final.jar:/home/runner/.m2/repository/io/netty/netty-codec-xml/4.1.79.Final/netty-codec-xml-4.1.79.Final.jar:/home/runner/.m2/repository/io/netty/netty-resolver-dns/4.1.79.Final/netty-resolver-dns-4.1.79.Final.jar:/home/runner/.m2/repository/io/netty/netty-transport-rxtx/4.1.79.Final/netty-transport-rxtx-4.1.79.Final.jar:/home/runner/.m2/repository/io/netty/netty-transport-sctp/4.1.79.Final/netty-transport-sctp-4.1.79.Final.jar:/home/runner/.m2/repository/io/netty/netty-transport-udt/4.1.79.Final/netty-transport-udt-4.1.79.Final.jar:/home/runner/.m2/repository/io/netty/netty-transport-classes-kqueue/4.1.79.Final/netty-transport-classes-kqueue-4.1.79.Final.jar:/home/runner/.m2/repository/io/netty/netty-resolver-dns-classes-macos/4.1.79.Final/netty-resolver-dns-classes-macos-4.1.79.Final.jar:/home/runner/.m2/repository/io/netty/netty-transport-native-epoll/4.1.79.Final/netty-transport-native-epoll-4.1.79.Final-linux-aarch_64.jar:/home/runner/.m2/repository/io/netty/netty-transport-native-kqueue/4.1.79.Final/netty-transport-native-kqueue-4.1.79.Final-osx-x86_64.jar:/home/runner/.m2/repository/io/netty/netty-transport-native-kqueue/4.1.79.Final/netty-transport-native-kqueue-4.1.79.Final-osx-aarch_64.jar:/home/runner/.m2/repository/io/netty/netty-resolver-dns-native-macos/4.1.79.Final/netty-resolver-dns-native-macos-4.1.79.Final-osx-x86_64.jar:/home/runner/.m2/repository/io/netty/netty-resolver-dns-native-macos/4.1.79.Final/netty-resolver-dns-native-macos-4.1.79.Final-osx-aarch_64.jar:/home/runner/.m2/repository/org/apache/htrace/htrace-core4/4.1.0-incubating/htrace-core4-4.1.0-incubating.jar:/home/runner/.m2/repository/org/fusesource/leveldbjni/leveldbjni-all/1.8/leveldbjni-all-1.8.jar:/home/runner/.m2/repository/org/apache/hadoop/hadoop-distcp/3.3.1/hadoop-distcp-3.3.1.jar:/home/runner/.m2/repository/org/apache/hadoop/hadoop-mapreduce-client-jobclient/3.3.1/hadoop-mapreduce-client-jobclient-3.3.1.jar:/home/runner/.m2/repository/org/apache/hadoop/hadoop-mapreduce-client-common/3.3.1/hadoop-mapreduce-client-common-3.3.1.jar:/home/runner/.m2/repository/org/apache/hadoop/hadoop-yarn-common/3.3.1/hadoop-yarn-common-3.3.1.jar:/home/runner/.m2/repository/org/apache/hadoop/hadoop-yarn-api/3.3.1/hadoop-yarn-api-3.3.1.jar:/home/runner/.m2/repository/com/sun/jersey/contribs/jersey-guice/1.19/jersey-guice-1.19.jar:/home/runner/.m2/repository/com/fasterxml/jackson/jaxrs/jackson-jaxrs-json-provider/2.13.2/jackson-jaxrs-json-provider-2.13.2.jar:/home/runner/.m2/repository/com/fasterxml/jackson/jaxrs/jackson-jaxrs-base/2.13.2/jackson-jaxrs-base-2.13.2.jar:/home/runner/.m2/repository/org/apache/hadoop/hadoop-yarn-client/3.3.1/hadoop-yarn-client-3.3.1.jar:/home/runner/.m2/repository/org/eclipse/jetty/websocket/websocket-client/9.4.40.v20210413/websocket-client-9.4.40.v20210413.jar:/home/runner/.m2/repository/org/eclipse/jetty/websocket/websocket-common/9.4.40.v20210413/websocket-common-9.4.40.v20210413.jar:/home/runner/.m2/repository/org/eclipse/jetty/websocket/websocket-api/9.4.40.v20210413/websocket-api-9.4.40.v20210413.jar:/home/runner/.m2/repository/org/jline/jline/3.9.0/jline-3.9.0.jar:/home/runner/.m2/repository/org/apache/hadoop/hadoop-mapreduce-client-core/3.3.1/hadoop-mapreduce-client-core-3.3.1.jar:/home/runner/.m2/repository/org/apache/avro/avro/1.7.7/avro-1.7.7.jar:/home/runner/.m2/repository/org/codehaus/jackson/jackson-core-asl/1.9.13/jackson-core-asl-1.9.13.jar:/home/runner/.m2/repository/org/codehaus/jackson/jackson-mapper-asl/1.9.13/jackson-mapper-asl-1.9.13.jar:/home/runner/.m2/repository/com/thoughtworks/paranamer/paranamer/2.3/paranamer-2.3.jar:/home/runner/.m2/repository/org/apache/hadoop/hadoop-annotations/3.3.1/hadoop-annotations-3.3.1.jar:/opt/hostedtoolcache/jdk/8.0.345/x64/jre/../lib/tools.jar:/home/runner/.m2/repository/org/apache/hadoop/hadoop-distcp/3.3.1/hadoop-distcp-3.3.1-tests.jar:/home/runner/.m2/repository/org/apache/ratis/ratis-common/2.3.0/ratis-common-2.3.0.jar:/home/runner/.m2/repository/org/apache/ratis/ratis-thirdparty-misc/1.0.0/ratis-thirdparty-misc-1.0.0.jar:/home/runner/.m2/repository/org/apache/ratis/ratis-proto/2.3.0/ratis-proto-2.3.0.jar:/home/runner/.m2/repository/org/apache/ozone/ozone-annotation-processing/1.3.0-SNAPSHOT/ozone-annotation-processing-1.3.0-SNAPSHOT.jar:"/>
    <property name="java.vm.vendor" value="Azul Systems, Inc."/>
    <property name="sun.arch.data.model" value="64"/>
    <property name="test.build.dir" value="/home/runner/work/ozone/ozone/hadoop-ozone/integration-test/target/test-dir"/>
    <property name="test.cache.data" value=""/>
    <property name="java.vendor.url" value="http://www.azul.com/"/>
    <property name="user.timezone" value="Etc/UTC"/>
    <property name="java.vm.specification.version" value="1.8"/>
    <property name="os.name" value="Linux"/>
    <property name="test.build.data" value="/home/runner/work/ozone/ozone/hadoop-ozone/integration-test/target/test-dir"/>
    <property name="sun.java.launcher" value="SUN_STANDARD"/>
    <property name="sun.boot.library.path" value="/opt/hostedtoolcache/jdk/8.0.345/x64/jre/lib/amd64"/>
    <property name="sun.java.command" value="/home/runner/work/ozone/ozone/hadoop-ozone/integration-test/target/surefire/surefirebooter7742303342155314111.jar /home/runner/work/ozone/ozone/hadoop-ozone/integration-test/target/surefire 2022-08-25T18-26-12_147-jvmRun1 surefire7762624685850410673tmp surefire_334175829112823312555tmp"/>
    <property name="surefire.test.class.path" value="/home/runner/work/ozone/ozone/hadoop-ozone/integration-test/target/test-classes:/home/runner/work/ozone/ozone/hadoop-ozone/integration-test/target/classes:/home/runner/.m2/repository/org/apache/ozone/ozone-common/1.3.0-SNAPSHOT/ozone-common-1.3.0-SNAPSHOT.jar:/home/runner/.m2/repository/io/grpc/grpc-netty/1.48.1/grpc-netty-1.48.1.jar:/home/runner/.m2/repository/io/grpc/grpc-core/1.48.1/grpc-core-1.48.1.jar:/home/runner/.m2/repository/com/google/android/annotations/4.1.1.4/annotations-4.1.1.4.jar:/home/runner/.m2/repository/org/codehaus/mojo/animal-sniffer-annotations/1.21/animal-sniffer-annotations-1.21.jar:/home/runner/.m2/repository/com/google/errorprone/error_prone_annotations/2.2.0/error_prone_annotations-2.2.0.jar:/home/runner/.m2/repository/io/perfmark/perfmark-api/0.25.0/perfmark-api-0.25.0.jar:/home/runner/.m2/repository/io/netty/netty-codec-http2/4.1.79.Final/netty-codec-http2-4.1.79.Final.jar:/home/runner/.m2/repository/io/netty/netty-common/4.1.79.Final/netty-common-4.1.79.Final.jar:/home/runner/.m2/repository/io/netty/netty-buffer/4.1.79.Final/netty-buffer-4.1.79.Final.jar:/home/runner/.m2/repository/io/netty/netty-codec-http/4.1.79.Final/netty-codec-http-4.1.79.Final.jar:/home/runner/.m2/repository/io/netty/netty-handler-proxy/4.1.79.Final/netty-handler-proxy-4.1.79.Final.jar:/home/runner/.m2/repository/io/netty/netty-codec-socks/4.1.79.Final/netty-codec-socks-4.1.79.Final.jar:/home/runner/.m2/repository/io/netty/netty-tcnative-boringssl-static/2.0.53.Final/netty-tcnative-boringssl-static-2.0.53.Final.jar:/home/runner/.m2/repository/io/netty/netty-tcnative-classes/2.0.53.Final/netty-tcnative-classes-2.0.53.Final.jar:/home/runner/.m2/repository/io/netty/netty-tcnative-boringssl-static/2.0.53.Final/netty-tcnative-boringssl-static-2.0.53.Final-linux-x86_64.jar:/home/runner/.m2/repository/io/netty/netty-tcnative-boringssl-static/2.0.53.Final/netty-tcnative-boringssl-static-2.0.53.Final-linux-aarch_64.jar:/home/runner/.m2/repository/io/netty/netty-tcnative-boringssl-static/2.0.53.Final/netty-tcnative-boringssl-static-2.0.53.Final-osx-x86_64.jar:/home/runner/.m2/repository/io/netty/netty-tcnative-boringssl-static/2.0.53.Final/netty-tcnative-boringssl-static-2.0.53.Final-osx-aarch_64.jar:/home/runner/.m2/repository/io/netty/netty-tcnative-boringssl-static/2.0.53.Final/netty-tcnative-boringssl-static-2.0.53.Final-windows-x86_64.jar:/home/runner/.m2/repository/org/apache/commons/commons-compress/1.21/commons-compress-1.21.jar:/home/runner/.m2/repository/org/apache/ozone/hdds-common/1.3.0-SNAPSHOT/hdds-common-1.3.0-SNAPSHOT.jar:/home/runner/.m2/repository/org/apache/ozone/hdds-client/1.3.0-SNAPSHOT/hdds-client-1.3.0-SNAPSHOT.jar:/home/runner/.m2/repository/org/apache/ozone/ozone-interface-client/1.3.0-SNAPSHOT/ozone-interface-client-1.3.0-SNAPSHOT.jar:/home/runner/.m2/repository/org/apache/ozone/hdds-test-utils/1.3.0-SNAPSHOT/hdds-test-utils-1.3.0-SNAPSHOT.jar:/home/runner/.m2/repository/com/google/guava/guava/31.1-jre/guava-31.1-jre.jar:/home/runner/.m2/repository/com/google/guava/failureaccess/1.0.1/failureaccess-1.0.1.jar:/home/runner/.m2/repository/com/google/guava/listenablefuture/9999.0-empty-to-avoid-conflict-with-guava/listenablefuture-9999.0-empty-to-avoid-conflict-with-guava.jar:/home/runner/.m2/repository/com/google/code/findbugs/jsr305/3.0.0/jsr305-3.0.0.jar:/home/runner/.m2/repository/org/checkerframework/checker-qual/3.12.0/checker-qual-3.12.0.jar:/home/runner/.m2/repository/com/google/j2objc/j2objc-annotations/1.3/j2objc-annotations-1.3.jar:/home/runner/.m2/repository/commons-io/commons-io/2.11.0/commons-io-2.11.0.jar:/home/runner/.m2/repository/commons-logging/commons-logging/1.2/commons-logging-1.2.jar:/home/runner/.m2/repository/log4j/log4j/1.2.17/log4j-1.2.17.jar:/home/runner/.m2/repository/org/slf4j/slf4j-api/1.7.30/slf4j-api-1.7.30.jar:/home/runner/.m2/repository/org/apache/ozone/hdds-server-scm/1.3.0-SNAPSHOT/hdds-server-scm-1.3.0-SNAPSHOT.jar:/home/runner/.m2/repository/org/apache/ozone/hdds-container-service/1.3.0-SNAPSHOT/hdds-container-service-1.3.0-SNAPSHOT.jar:/home/runner/.m2/repository/org/apache/ozone/hdds-hadoop-dependency-server/1.3.0-SNAPSHOT/hdds-hadoop-dependency-server-1.3.0-SNAPSHOT.jar:/home/runner/.m2/repository/org/apache/hadoop/hadoop-hdfs/3.3.1/hadoop-hdfs-3.3.1.jar:/home/runner/.m2/repository/org/apache/ozone/hdds-server-framework/1.3.0-SNAPSHOT/hdds-server-framework-1.3.0-SNAPSHOT.jar:/home/runner/.m2/repository/org/apache/ozone/hdds-interface-server/1.3.0-SNAPSHOT/hdds-interface-server-1.3.0-SNAPSHOT.jar:/home/runner/.m2/repository/org/apache/logging/log4j/log4j-core/2.17.1/log4j-core-2.17.1.jar:/home/runner/.m2/repository/com/lmax/disruptor/3.4.2/disruptor-3.4.2.jar:/home/runner/.m2/repository/org/eclipse/jetty/jetty-servlet/9.4.43.v20210629/jetty-servlet-9.4.43.v20210629.jar:/home/runner/.m2/repository/org/eclipse/jetty/jetty-security/9.4.43.v20210629/jetty-security-9.4.43.v20210629.jar:/home/runner/.m2/repository/org/rocksdb/rocksdbjni/7.4.5/rocksdbjni-7.4.5.jar:/home/runner/.m2/repository/io/prometheus/simpleclient_dropwizard/0.7.0/simpleclient_dropwizard-0.7.0.jar:/home/runner/.m2/repository/io/prometheus/simpleclient/0.7.0/simpleclient-0.7.0.jar:/home/runner/.m2/repository/io/prometheus/simpleclient_common/0.7.0/simpleclient_common-0.7.0.jar:/home/runner/.m2/repository/io/dropwizard/metrics/metrics-core/3.2.4/metrics-core-3.2.4.jar:/home/runner/.m2/repository/org/apache/hadoop/hadoop-hdfs-client/3.3.1/hadoop-hdfs-client-3.3.1.jar:/home/runner/.m2/repository/org/bouncycastle/bcprov-jdk15on/1.67/bcprov-jdk15on-1.67.jar:/home/runner/.m2/repository/com/google/protobuf/protobuf-java/2.5.0/protobuf-java-2.5.0.jar:/home/runner/.m2/repository/org/apache/ozone/ozone-manager/1.3.0-SNAPSHOT/ozone-manager-1.3.0-SNAPSHOT.jar:/home/runner/.m2/repository/org/aspectj/aspectjrt/1.9.7/aspectjrt-1.9.7.jar:/home/runner/.m2/repository/org/aspectj/aspectjweaver/1.9.7/aspectjweaver-1.9.7.jar:/home/runner/.m2/repository/org/apache/ozone/hdds-interface-client/1.3.0-SNAPSHOT/hdds-interface-client-1.3.0-SNAPSHOT.jar:/home/runner/.m2/repository/org/apache/hadoop/thirdparty/hadoop-shaded-protobuf_3_7/1.1.1/hadoop-shaded-protobuf_3_7-1.1.1.jar:/home/runner/.m2/repository/org/apache/ozone/ozone-interface-storage/1.3.0-SNAPSHOT/ozone-interface-storage-1.3.0-SNAPSHOT.jar:/home/runner/.m2/repository/org/reflections/reflections/0.9.11/reflections-0.9.11.jar:/home/runner/.m2/repository/com/sun/jersey/jersey-client/1.19/jersey-client-1.19.jar:/home/runner/.m2/repository/org/apache/ranger/ranger-intg/2.3.0/ranger-intg-2.3.0.jar:/home/runner/.m2/repository/org/apache/ranger/ranger-plugins-common/2.3.0/ranger-plugins-common-2.3.0.jar:/home/runner/.m2/repository/commons-lang/commons-lang/2.6/commons-lang-2.6.jar:/home/runner/.m2/repository/org/codehaus/jackson/jackson-jaxrs/1.9.13/jackson-jaxrs-1.9.13.jar:/home/runner/.m2/repository/org/apache/ranger/ranger-plugins-cred/2.3.0/ranger-plugins-cred-2.3.0.jar:/home/runner/.m2/repository/org/apache/ranger/ranger-plugins-audit/2.3.0/ranger-plugins-audit-2.3.0.jar:/home/runner/.m2/repository/org/eclipse/jetty/jetty-client/9.4.31.v20200723/jetty-client-9.4.31.v20200723.jar:/home/runner/.m2/repository/org/apache/httpcomponents/httpmime/4.5.6/httpmime-4.5.6.jar:/home/runner/.m2/repository/org/apache/httpcomponents/httpcore-nio/4.4.6/httpcore-nio-4.4.6.jar:/home/runner/.m2/repository/org/apache/httpcomponents/httpasyncclient/4.1.3/httpasyncclient-4.1.3.jar:/home/runner/.m2/repository/com/carrotsearch/hppc/0.8.0/hppc-0.8.0.jar:/home/runner/.m2/repository/org/apache/orc/orc-core/1.5.8/orc-core-1.5.8.jar:/home/runner/.m2/repository/net/java/dev/jna/jna/5.2.0/jna-5.2.0.jar:/home/runner/.m2/repository/net/java/dev/jna/jna-platform/5.2.0/jna-platform-5.2.0.jar:/home/runner/.m2/repository/com/kstruct/gethostname4j/0.0.2/gethostname4j-0.0.2.jar:/home/runner/.m2/repository/org/apache/ranger/ranger-plugin-classloader/2.3.0/ranger-plugin-classloader-2.3.0.jar:/home/runner/.m2/repository/org/apache/hadoop/hadoop-minikdc/3.3.1/hadoop-minikdc-3.3.1.jar:/home/runner/.m2/repository/org/apache/kerby/kerb-simplekdc/1.0.1/kerb-simplekdc-1.0.1.jar:/home/runner/.m2/repository/org/apache/kerby/kerb-client/1.0.1/kerb-client-1.0.1.jar:/home/runner/.m2/repository/org/apache/kerby/kerby-config/1.0.1/kerby-config-1.0.1.jar:/home/runner/.m2/repository/org/apache/kerby/kerb-common/1.0.1/kerb-common-1.0.1.jar:/home/runner/.m2/repository/org/apache/kerby/kerb-crypto/1.0.1/kerb-crypto-1.0.1.jar:/home/runner/.m2/repository/org/apache/kerby/kerb-util/1.0.1/kerb-util-1.0.1.jar:/home/runner/.m2/repository/org/apache/kerby/token-provider/1.0.1/token-provider-1.0.1.jar:/home/runner/.m2/repository/org/apache/kerby/kerb-admin/1.0.1/kerb-admin-1.0.1.jar:/home/runner/.m2/repository/org/apache/kerby/kerb-server/1.0.1/kerb-server-1.0.1.jar:/home/runner/.m2/repository/org/apache/kerby/kerb-identity/1.0.1/kerb-identity-1.0.1.jar:/home/runner/.m2/repository/org/apache/kerby/kerby-xdr/1.0.1/kerby-xdr-1.0.1.jar:/home/runner/.m2/repository/org/slf4j/slf4j-log4j12/1.7.30/slf4j-log4j12-1.7.30.jar:/home/runner/.m2/repository/org/apache/ozone/ozone-s3gateway/1.3.0-SNAPSHOT/ozone-s3gateway-1.3.0-SNAPSHOT.jar:/home/runner/.m2/repository/org/javassist/javassist/3.21.0-GA/javassist-3.21.0-GA.jar:/home/runner/.m2/repository/org/jboss/weld/servlet/weld-servlet/2.4.7.Final/weld-servlet-2.4.7.Final.jar:/home/runner/.m2/repository/org/glassfish/jersey/containers/jersey-container-servlet-core/2.33/jersey-container-servlet-core-2.33.jar:/home/runner/.m2/repository/org/glassfish/hk2/external/jakarta.inject/2.6.1/jakarta.inject-2.6.1.jar:/home/runner/.m2/repository/org/glassfish/jersey/core/jersey-common/2.33/jersey-common-2.33.jar:/home/runner/.m2/repository/jakarta/ws/rs/jakarta.ws.rs-api/2.1.6/jakarta.ws.rs-api-2.1.6.jar:/home/runner/.m2/repository/org/glassfish/jersey/ext/cdi/jersey-cdi1x/2.33/jersey-cdi1x-2.33.jar:/home/runner/.m2/repository/org/glassfish/jersey/inject/jersey-hk2/2.33/jersey-hk2-2.33.jar:/home/runner/.m2/repository/org/glassfish/hk2/hk2-locator/2.6.1/hk2-locator-2.6.1.jar:/home/runner/.m2/repository/org/glassfish/jersey/media/jersey-media-jaxb/2.33/jersey-media-jaxb-2.33.jar:/home/runner/.m2/repository/org/glassfish/hk2/osgi-resource-locator/1.0.3/osgi-resource-locator-1.0.3.jar:/home/runner/.m2/repository/org/glassfish/hk2/hk2-api/2.5.0/hk2-api-2.5.0.jar:/home/runner/.m2/repository/org/glassfish/hk2/hk2-utils/2.5.0/hk2-utils-2.5.0.jar:/home/runner/.m2/repository/org/glassfish/hk2/external/aopalliance-repackaged/2.5.0/aopalliance-repackaged-2.5.0.jar:/home/runner/.m2/repository/com/fasterxml/jackson/dataformat/jackson-dataformat-xml/2.13.2/jackson-dataformat-xml-2.13.2.jar:/home/runner/.m2/repository/com/fasterxml/jackson/core/jackson-core/2.13.2/jackson-core-2.13.2.jar:/home/runner/.m2/repository/org/codehaus/woodstox/stax2-api/3.1.4/stax2-api-3.1.4.jar:/home/runner/.m2/repository/com/fasterxml/woodstox/woodstox-core/5.0.3/woodstox-core-5.0.3.jar:/home/runner/.m2/repository/com/fasterxml/jackson/module/jackson-module-jaxb-annotations/2.13.2/jackson-module-jaxb-annotations-2.13.2.jar:/home/runner/.m2/repository/jakarta/xml/bind/jakarta.xml.bind-api/2.3.3/jakarta.xml.bind-api-2.3.3.jar:/home/runner/.m2/repository/jakarta/activation/jakarta.activation-api/1.2.1/jakarta.activation-api-1.2.1.jar:/home/runner/.m2/repository/javax/enterprise/cdi-api/1.2/cdi-api-1.2.jar:/home/runner/.m2/repository/javax/el/javax.el-api/3.0.0/javax.el-api-3.0.0.jar:/home/runner/.m2/repository/javax/interceptor/javax.interceptor-api/1.2/javax.interceptor-api-1.2.jar:/home/runner/.m2/repository/javax/inject/javax.inject/1/javax.inject-1.jar:/home/runner/.m2/repository/javax/xml/bind/jaxb-api/2.3.0/jaxb-api-2.3.0.jar:/home/runner/.m2/repository/org/glassfish/jaxb/jaxb-runtime/2.3.0.1/jaxb-runtime-2.3.0.1.jar:/home/runner/.m2/repository/org/glassfish/jaxb/jaxb-core/2.3.0.1/jaxb-core-2.3.0.1.jar:/home/runner/.m2/repository/org/glassfish/jaxb/txw2/2.3.0.1/txw2-2.3.0.1.jar:/home/runner/.m2/repository/com/sun/istack/istack-commons-runtime/3.0.5/istack-commons-runtime-3.0.5.jar:/home/runner/.m2/repository/org/jvnet/staxex/stax-ex/1.7.8/stax-ex-1.7.8.jar:/home/runner/.m2/repository/com/sun/xml/fastinfoset/FastInfoset/1.2.13/FastInfoset-1.2.13.jar:/home/runner/.m2/repository/javax/activation/activation/1.1.1/activation-1.1.1.jar:/home/runner/.m2/repository/io/grpc/grpc-protobuf/1.48.1/grpc-protobuf-1.48.1.jar:/home/runner/.m2/repository/io/grpc/grpc-api/1.48.1/grpc-api-1.48.1.jar:/home/runner/.m2/repository/io/grpc/grpc-context/1.48.1/grpc-context-1.48.1.jar:/home/runner/.m2/repository/com/google/api/grpc/proto-google-common-protos/2.9.0/proto-google-common-protos-2.9.0.jar:/home/runner/.m2/repository/io/grpc/grpc-protobuf-lite/1.48.1/grpc-protobuf-lite-1.48.1.jar:/home/runner/.m2/repository/io/grpc/grpc-stub/1.48.1/grpc-stub-1.48.1.jar:/home/runner/.m2/repository/io/netty/netty-transport/4.1.79.Final/netty-transport-4.1.79.Final.jar:/home/runner/.m2/repository/io/netty/netty-resolver/4.1.79.Final/netty-resolver-4.1.79.Final.jar:/home/runner/.m2/repository/org/apache/ozone/ozone-csi/1.3.0-SNAPSHOT/ozone-csi-1.3.0-SNAPSHOT.jar:/home/runner/.m2/repository/com/google/protobuf/protobuf-java-util/3.19.2/protobuf-java-util-3.19.2.jar:/home/runner/.m2/repository/com/google/code/gson/gson/2.9.0/gson-2.9.0.jar:/home/runner/.m2/repository/org/apache/ozone/hdds-config/1.3.0-SNAPSHOT/hdds-config-1.3.0-SNAPSHOT.jar:/home/runner/.m2/repository/io/netty/netty-transport-native-epoll/4.1.79.Final/netty-transport-native-epoll-4.1.79.Final-linux-x86_64.jar:/home/runner/.m2/repository/io/netty/netty-transport-classes-epoll/4.1.79.Final/netty-transport-classes-epoll-4.1.79.Final.jar:/home/runner/.m2/repository/io/netty/netty-transport-native-unix-common/4.1.79.Final/netty-transport-native-unix-common-4.1.79.Final.jar:/home/runner/.m2/repository/org/apache/ozone/ozone-recon/1.3.0-SNAPSHOT/ozone-recon-1.3.0-SNAPSHOT.jar:/home/runner/.m2/repository/org/apache/ozone/ozone-reconcodegen/1.3.0-SNAPSHOT/ozone-reconcodegen-1.3.0-SNAPSHOT.jar:/home/runner/.m2/repository/com/google/inject/extensions/guice-multibindings/4.0/guice-multibindings-4.0.jar:/home/runner/.m2/repository/com/google/inject/guice/4.0/guice-4.0.jar:/home/runner/.m2/repository/aopalliance/aopalliance/1.0/aopalliance-1.0.jar:/home/runner/.m2/repository/com/google/inject/extensions/guice-assistedinject/4.0/guice-assistedinject-4.0.jar:/home/runner/.m2/repository/com/google/inject/extensions/guice-servlet/4.0/guice-servlet-4.0.jar:/home/runner/.m2/repository/org/glassfish/jersey/containers/jersey-container-servlet/2.33/jersey-container-servlet-2.33.jar:/home/runner/.m2/repository/org/glassfish/hk2/guice-bridge/2.5.0/guice-bridge-2.5.0.jar:/home/runner/.m2/repository/org/glassfish/jersey/core/jersey-server/2.33/jersey-server-2.33.jar:/home/runner/.m2/repository/org/glassfish/jersey/core/jersey-client/2.33/jersey-client-2.33.jar:/home/runner/.m2/repository/jakarta/annotation/jakarta.annotation-api/1.3.5/jakarta.annotation-api-1.3.5.jar:/home/runner/.m2/repository/jakarta/validation/jakarta.validation-api/2.0.2/jakarta.validation-api-2.0.2.jar:/home/runner/.m2/repository/org/glassfish/jersey/media/jersey-media-json-jackson/2.33/jersey-media-json-jackson-2.33.jar:/home/runner/.m2/repository/org/glassfish/jersey/ext/jersey-entity-filtering/2.33/jersey-entity-filtering-2.33.jar:/home/runner/.m2/repository/org/jooq/jooq/3.11.10/jooq-3.11.10.jar:/home/runner/.m2/repository/org/jooq/jooq-meta/3.11.10/jooq-meta-3.11.10.jar:/home/runner/.m2/repository/org/jooq/jooq-codegen/3.11.10/jooq-codegen-3.11.10.jar:/home/runner/.m2/repository/com/jolbox/bonecp/0.8.0.RELEASE/bonecp-0.8.0.RELEASE.jar:/home/runner/.m2/repository/org/apache/derby/derby/10.14.2.0/derby-10.14.2.0.jar:/home/runner/.m2/repository/org/xerial/sqlite-jdbc/3.25.2/sqlite-jdbc-3.25.2.jar:/home/runner/.m2/repository/org/springframework/spring-jdbc/5.2.20.RELEASE/spring-jdbc-5.2.20.RELEASE.jar:/home/runner/.m2/repository/org/springframework/spring-beans/5.2.20.RELEASE/spring-beans-5.2.20.RELEASE.jar:/home/runner/.m2/repository/org/springframework/spring-core/5.2.20.RELEASE/spring-core-5.2.20.RELEASE.jar:/home/runner/.m2/repository/org/springframework/spring-jcl/5.2.20.RELEASE/spring-jcl-5.2.20.RELEASE.jar:/home/runner/.m2/repository/org/springframework/spring-tx/5.2.20.RELEASE/spring-tx-5.2.20.RELEASE.jar:/home/runner/.m2/repository/org/apache/ozone/ozone-client/1.3.0-SNAPSHOT/ozone-client-1.3.0-SNAPSHOT.jar:/home/runner/.m2/repository/org/apache/ozone/hdds-erasurecode/1.3.0-SNAPSHOT/hdds-erasurecode-1.3.0-SNAPSHOT.jar:/home/runner/.m2/repository/com/github/spotbugs/spotbugs-annotations/3.1.12/spotbugs-annotations-3.1.12.jar:/home/runner/.m2/repository/org/apache/ozone/ozone-filesystem/1.3.0-SNAPSHOT/ozone-filesystem-1.3.0-SNAPSHOT.jar:/home/runner/.m2/repository/org/apache/ozone/ozone-filesystem-common/1.3.0-SNAPSHOT/ozone-filesystem-common-1.3.0-SNAPSHOT.jar:/home/runner/.m2/repository/org/apache/ozone/ozone-tools/1.3.0-SNAPSHOT/ozone-tools-1.3.0-SNAPSHOT.jar:/home/runner/.m2/repository/org/apache/ratis/ratis-tools/2.3.0/ratis-tools-2.3.0.jar:/home/runner/.m2/repository/com/amazonaws/aws-java-sdk-core/1.12.261/aws-java-sdk-core-1.12.261.jar:/home/runner/.m2/repository/org/apache/httpcomponents/httpclient/4.5.13/httpclient-4.5.13.jar:/home/runner/.m2/repository/org/apache/httpcomponents/httpcore/4.4.13/httpcore-4.4.13.jar:/home/runner/.m2/repository/software/amazon/ion/ion-java/1.0.2/ion-java-1.0.2.jar:/home/runner/.m2/repository/com/fasterxml/jackson/dataformat/jackson-dataformat-cbor/2.13.2/jackson-dataformat-cbor-2.13.2.jar:/home/runner/.m2/repository/joda-time/joda-time/2.8.1/joda-time-2.8.1.jar:/home/runner/.m2/repository/com/amazonaws/aws-java-sdk-s3/1.12.261/aws-java-sdk-s3-1.12.261.jar:/home/runner/.m2/repository/com/amazonaws/aws-java-sdk-kms/1.12.261/aws-java-sdk-kms-1.12.261.jar:/home/runner/.m2/repository/com/amazonaws/jmespath-java/1.12.261/jmespath-java-1.12.261.jar:/home/runner/.m2/repository/org/kohsuke/metainf-services/metainf-services/1.8/metainf-services-1.8.jar:/home/runner/.m2/repository/org/apache/ozone/hdds-tools/1.3.0-SNAPSHOT/hdds-tools-1.3.0-SNAPSHOT.jar:/home/runner/.m2/repository/commons-cli/commons-cli/1.2/commons-cli-1.2.jar:/home/runner/.m2/repository/org/apache/commons/commons-lang3/3.7/commons-lang3-3.7.jar:/home/runner/.m2/repository/org/apache/ozone/ozone-manager/1.3.0-SNAPSHOT/ozone-manager-1.3.0-SNAPSHOT-tests.jar:/home/runner/.m2/repository/org/apache/ozone/hdds-common/1.3.0-SNAPSHOT/hdds-common-1.3.0-SNAPSHOT-tests.jar:/home/runner/.m2/repository/org/apache/ozone/hdds-hadoop-dependency-client/1.3.0-SNAPSHOT/hdds-hadoop-dependency-client-1.3.0-SNAPSHOT.jar:/home/runner/.m2/repository/info/picocli/picocli/4.6.1/picocli-4.6.1.jar:/home/runner/.m2/repository/com/fasterxml/jackson/core/jackson-annotations/2.13.2/jackson-annotations-2.13.2.jar:/home/runner/.m2/repository/com/fasterxml/jackson/datatype/jackson-datatype-jsr310/2.13.2/jackson-datatype-jsr310-2.13.2.jar:/home/runner/.m2/repository/javax/annotation/javax.annotation-api/1.2/javax.annotation-api-1.2.jar:/home/runner/.m2/repository/org/apache/ratis/ratis-server/2.3.0/ratis-server-2.3.0.jar:/home/runner/.m2/repository/org/apache/ratis/ratis-client/2.3.0/ratis-client-2.3.0.jar:/home/runner/.m2/repository/org/apache/ratis/ratis-server-api/2.3.0/ratis-server-api-2.3.0.jar:/home/runner/.m2/repository/org/apache/ratis/ratis-metrics/2.3.0/ratis-metrics-2.3.0.jar:/home/runner/.m2/repository/org/apache/ratis/ratis-netty/2.3.0/ratis-netty-2.3.0.jar:/home/runner/.m2/repository/org/apache/ratis/ratis-grpc/2.3.0/ratis-grpc-2.3.0.jar:/home/runner/.m2/repository/org/apache/logging/log4j/log4j-api/2.17.1/log4j-api-2.17.1.jar:/home/runner/.m2/repository/org/apache/commons/commons-pool2/2.6.0/commons-pool2-2.6.0.jar:/home/runner/.m2/repository/org/bouncycastle/bcpkix-jdk15on/1.67/bcpkix-jdk15on-1.67.jar:/home/runner/.m2/repository/commons-validator/commons-validator/1.6/commons-validator-1.6.jar:/home/runner/.m2/repository/commons-beanutils/commons-beanutils/1.9.4/commons-beanutils-1.9.4.jar:/home/runner/.m2/repository/commons-digester/commons-digester/1.8.1/commons-digester-1.8.1.jar:/home/runner/.m2/repository/commons-collections/commons-collections/3.2.2/commons-collections-3.2.2.jar:/home/runner/.m2/repository/io/jaegertracing/jaeger-client/1.6.0/jaeger-client-1.6.0.jar:/home/runner/.m2/repository/io/jaegertracing/jaeger-thrift/1.6.0/jaeger-thrift-1.6.0.jar:/home/runner/.m2/repository/org/apache/thrift/libthrift/0.14.1/libthrift-0.14.1.jar:/home/runner/.m2/repository/com/squareup/okhttp3/okhttp/4.9.0/okhttp-4.9.0.jar:/home/runner/.m2/repository/com/squareup/okio/okio/2.8.0/okio-2.8.0.jar:/home/runner/.m2/repository/io/jaegertracing/jaeger-core/1.6.0/jaeger-core-1.6.0.jar:/home/runner/.m2/repository/io/jaegertracing/jaeger-tracerresolver/1.6.0/jaeger-tracerresolver-1.6.0.jar:/home/runner/.m2/repository/io/opentracing/contrib/opentracing-tracerresolver/0.1.8/opentracing-tracerresolver-0.1.8.jar:/home/runner/.m2/repository/org/jetbrains/kotlin/kotlin-stdlib/1.6.21/kotlin-stdlib-1.6.21.jar:/home/runner/.m2/repository/org/jetbrains/kotlin/kotlin-stdlib-common/1.6.21/kotlin-stdlib-common-1.6.21.jar:/home/runner/.m2/repository/org/jetbrains/annotations/13.0/annotations-13.0.jar:/home/runner/.m2/repository/io/opentracing/opentracing-util/0.33.0/opentracing-util-0.33.0.jar:/home/runner/.m2/repository/io/opentracing/opentracing-api/0.33.0/opentracing-api-0.33.0.jar:/home/runner/.m2/repository/io/opentracing/opentracing-noop/0.33.0/opentracing-noop-0.33.0.jar:/home/runner/.m2/repository/org/yaml/snakeyaml/1.26/snakeyaml-1.26.jar:/home/runner/.m2/repository/org/apache/ozone/hdds-interface-admin/1.3.0-SNAPSHOT/hdds-interface-admin-1.3.0-SNAPSHOT.jar:/home/runner/.m2/repository/junit/junit/4.13.1/junit-4.13.1.jar:/home/runner/.m2/repository/org/hamcrest/hamcrest-core/1.3/hamcrest-core-1.3.jar:/home/runner/.m2/repository/org/junit/jupiter/junit-jupiter-api/5.8.2/junit-jupiter-api-5.8.2.jar:/home/runner/.m2/repository/org/opentest4j/opentest4j/1.2.0/opentest4j-1.2.0.jar:/home/runner/.m2/repository/org/junit/platform/junit-platform-commons/1.8.2/junit-platform-commons-1.8.2.jar:/home/runner/.m2/repository/org/apiguardian/apiguardian-api/1.1.2/apiguardian-api-1.1.2.jar:/home/runner/.m2/repository/org/junit/jupiter/junit-jupiter-params/5.8.2/junit-jupiter-params-5.8.2.jar:/home/runner/.m2/repository/org/junit/jupiter/junit-jupiter-migrationsupport/5.8.2/junit-jupiter-migrationsupport-5.8.2.jar:/home/runner/.m2/repository/org/junit/jupiter/junit-jupiter-engine/5.8.2/junit-jupiter-engine-5.8.2.jar:/home/runner/.m2/repository/org/junit/platform/junit-platform-engine/1.8.2/junit-platform-engine-1.8.2.jar:/home/runner/.m2/repository/org/junit/vintage/junit-vintage-engine/5.8.2/junit-vintage-engine-5.8.2.jar:/home/runner/.m2/repository/org/junit/platform/junit-platform-launcher/1.8.2/junit-platform-launcher-1.8.2.jar:/home/runner/.m2/repository/org/mockito/mockito-core/2.28.2/mockito-core-2.28.2.jar:/home/runner/.m2/repository/net/bytebuddy/byte-buddy/1.9.10/byte-buddy-1.9.10.jar:/home/runner/.m2/repository/net/bytebuddy/byte-buddy-agent/1.9.10/byte-buddy-agent-1.9.10.jar:/home/runner/.m2/repository/org/objenesis/objenesis/1.0/objenesis-1.0.jar:/home/runner/.m2/repository/org/apache/hadoop/hadoop-kms/3.3.1/hadoop-kms-3.3.1.jar:/home/runner/.m2/repository/org/apache/hadoop/hadoop-auth/3.3.1/hadoop-auth-3.3.1.jar:/home/runner/.m2/repository/com/nimbusds/nimbus-jose-jwt/7.9/nimbus-jose-jwt-7.9.jar:/home/runner/.m2/repository/com/github/stephenc/jcip/jcip-annotations/1.0-1/jcip-annotations-1.0-1.jar:/home/runner/.m2/repository/net/minidev/json-smart/2.4.7/json-smart-2.4.7.jar:/home/runner/.m2/repository/net/minidev/accessors-smart/2.4.7/accessors-smart-2.4.7.jar:/home/runner/.m2/repository/org/ow2/asm/asm/5.0.4/asm-5.0.4.jar:/home/runner/.m2/repository/org/apache/zookeeper/zookeeper/3.5.6/zookeeper-3.5.6.jar:/home/runner/.m2/repository/org/apache/zookeeper/zookeeper-jute/3.5.6/zookeeper-jute-3.5.6.jar:/home/runner/.m2/repository/org/apache/yetus/audience-annotations/0.5.0/audience-annotations-0.5.0.jar:/home/runner/.m2/repository/org/apache/curator/curator-framework/4.2.0/curator-framework-4.2.0.jar:/home/runner/.m2/repository/org/apache/hadoop/thirdparty/hadoop-shaded-guava/1.1.1/hadoop-shaded-guava-1.1.1.jar:/home/runner/.m2/repository/com/sun/jersey/jersey-core/1.19/jersey-core-1.19.jar:/home/runner/.m2/repository/javax/ws/rs/jsr311-api/1.1.1/jsr311-api-1.1.1.jar:/home/runner/.m2/repository/com/sun/jersey/jersey-server/1.19/jersey-server-1.19.jar:/home/runner/.m2/repository/javax/servlet/javax.servlet-api/3.1.0/javax.servlet-api-3.1.0.jar:/home/runner/.m2/repository/org/eclipse/jetty/jetty-server/9.4.43.v20210629/jetty-server-9.4.43.v20210629.jar:/home/runner/.m2/repository/org/eclipse/jetty/jetty-http/9.4.43.v20210629/jetty-http-9.4.43.v20210629.jar:/home/runner/.m2/repository/org/eclipse/jetty/jetty-io/9.4.43.v20210629/jetty-io-9.4.43.v20210629.jar:/home/runner/.m2/repository/org/eclipse/jetty/jetty-webapp/9.4.43.v20210629/jetty-webapp-9.4.43.v20210629.jar:/home/runner/.m2/repository/org/eclipse/jetty/jetty-xml/9.4.43.v20210629/jetty-xml-9.4.43.v20210629.jar:/home/runner/.m2/repository/org/apache/hadoop/hadoop-common/3.3.1/hadoop-common-3.3.1.jar:/home/runner/.m2/repository/org/apache/commons/commons-math3/3.1.1/commons-math3-3.1.1.jar:/home/runner/.m2/repository/commons-net/commons-net/3.6/commons-net-3.6.jar:/home/runner/.m2/repository/com/sun/jersey/jersey-servlet/1.19/jersey-servlet-1.19.jar:/home/runner/.m2/repository/com/sun/jersey/jersey-json/1.19/jersey-json-1.19.jar:/home/runner/.m2/repository/org/codehaus/jettison/jettison/1.1/jettison-1.1.jar:/home/runner/.m2/repository/com/sun/xml/bind/jaxb-impl/2.2.3-1/jaxb-impl-2.2.3-1.jar:/home/runner/.m2/repository/org/codehaus/jackson/jackson-xc/1.9.2/jackson-xc-1.9.2.jar:/home/runner/.m2/repository/org/apache/commons/commons-configuration2/2.1.1/commons-configuration2-2.1.1.jar:/home/runner/.m2/repository/org/apache/commons/commons-text/1.4/commons-text-1.4.jar:/home/runner/.m2/repository/com/google/re2j/re2j/1.1/re2j-1.1.jar:/home/runner/.m2/repository/com/jcraft/jsch/0.1.54/jsch-0.1.54.jar:/home/runner/.m2/repository/org/apache/curator/curator-client/4.2.0/curator-client-4.2.0.jar:/home/runner/.m2/repository/org/apache/curator/curator-recipes/4.2.0/curator-recipes-4.2.0.jar:/home/runner/.m2/repository/org/apache/kerby/kerb-core/1.0.1/kerb-core-1.0.1.jar:/home/runner/.m2/repository/org/apache/kerby/kerby-pkix/1.0.1/kerby-pkix-1.0.1.jar:/home/runner/.m2/repository/org/apache/kerby/kerby-asn1/1.0.1/kerby-asn1-1.0.1.jar:/home/runner/.m2/repository/org/apache/kerby/kerby-util/1.0.1/kerby-util-1.0.1.jar:/home/runner/.m2/repository/dnsjava/dnsjava/2.1.7/dnsjava-2.1.7.jar:/home/runner/.m2/repository/org/xerial/snappy/snappy-java/1.1.8.2/snappy-java-1.1.8.2.jar:/home/runner/.m2/repository/org/slf4j/jul-to-slf4j/1.7.30/jul-to-slf4j-1.7.30.jar:/home/runner/.m2/repository/org/eclipse/jetty/jetty-util/9.4.43.v20210629/jetty-util-9.4.43.v20210629.jar:/home/runner/.m2/repository/com/fasterxml/jackson/core/jackson-databind/2.13.2.2/jackson-databind-2.13.2.2.jar:/home/runner/.m2/repository/org/apache/hadoop/hadoop-kms/3.3.1/hadoop-kms-3.3.1-tests.jar:/home/runner/.m2/repository/org/apache/ozone/hdds-server-scm/1.3.0-SNAPSHOT/hdds-server-scm-1.3.0-SNAPSHOT-tests.jar:/home/runner/.m2/repository/org/apache/ozone/hdds-container-service/1.3.0-SNAPSHOT/hdds-container-service-1.3.0-SNAPSHOT-tests.jar:/home/runner/.m2/repository/commons-codec/commons-codec/1.11/commons-codec-1.11.jar:/home/runner/.m2/repository/io/netty/netty-codec/4.1.79.Final/netty-codec-4.1.79.Final.jar:/home/runner/.m2/repository/io/netty/netty-handler/4.1.79.Final/netty-handler-4.1.79.Final.jar:/home/runner/.m2/repository/org/apache/ozone/hdds-hadoop-dependency-test/1.3.0-SNAPSHOT/hdds-hadoop-dependency-test-1.3.0-SNAPSHOT.jar:/home/runner/.m2/repository/org/apache/hadoop/hadoop-common/3.3.1/hadoop-common-3.3.1-tests.jar:/home/runner/.m2/repository/org/assertj/assertj-core/3.12.2/assertj-core-3.12.2.jar:/home/runner/.m2/repository/org/apache/hadoop/hadoop-hdfs/3.3.1/hadoop-hdfs-3.3.1-tests.jar:/home/runner/.m2/repository/org/eclipse/jetty/jetty-util-ajax/9.4.43.v20210629/jetty-util-ajax-9.4.43.v20210629.jar:/home/runner/.m2/repository/commons-daemon/commons-daemon/1.0.13/commons-daemon-1.0.13.jar:/home/runner/.m2/repository/io/netty/netty/3.10.6.Final/netty-3.10.6.Final.jar:/home/runner/.m2/repository/io/netty/netty-all/4.1.79.Final/netty-all-4.1.79.Final.jar:/home/runner/.m2/repository/io/netty/netty-codec-dns/4.1.79.Final/netty-codec-dns-4.1.79.Final.jar:/home/runner/.m2/repository/io/netty/netty-codec-haproxy/4.1.79.Final/netty-codec-haproxy-4.1.79.Final.jar:/home/runner/.m2/repository/io/netty/netty-codec-memcache/4.1.79.Final/netty-codec-memcache-4.1.79.Final.jar:/home/runner/.m2/repository/io/netty/netty-codec-mqtt/4.1.79.Final/netty-codec-mqtt-4.1.79.Final.jar:/home/runner/.m2/repository/io/netty/netty-codec-redis/4.1.79.Final/netty-codec-redis-4.1.79.Final.jar:/home/runner/.m2/repository/io/netty/netty-codec-smtp/4.1.79.Final/netty-codec-smtp-4.1.79.Final.jar:/home/runner/.m2/repository/io/netty/netty-codec-stomp/4.1.79.Final/netty-codec-stomp-4.1.79.Final.jar:/home/runner/.m2/repository/io/netty/netty-codec-xml/4.1.79.Final/netty-codec-xml-4.1.79.Final.jar:/home/runner/.m2/repository/io/netty/netty-resolver-dns/4.1.79.Final/netty-resolver-dns-4.1.79.Final.jar:/home/runner/.m2/repository/io/netty/netty-transport-rxtx/4.1.79.Final/netty-transport-rxtx-4.1.79.Final.jar:/home/runner/.m2/repository/io/netty/netty-transport-sctp/4.1.79.Final/netty-transport-sctp-4.1.79.Final.jar:/home/runner/.m2/repository/io/netty/netty-transport-udt/4.1.79.Final/netty-transport-udt-4.1.79.Final.jar:/home/runner/.m2/repository/io/netty/netty-transport-classes-kqueue/4.1.79.Final/netty-transport-classes-kqueue-4.1.79.Final.jar:/home/runner/.m2/repository/io/netty/netty-resolver-dns-classes-macos/4.1.79.Final/netty-resolver-dns-classes-macos-4.1.79.Final.jar:/home/runner/.m2/repository/io/netty/netty-transport-native-epoll/4.1.79.Final/netty-transport-native-epoll-4.1.79.Final-linux-aarch_64.jar:/home/runner/.m2/repository/io/netty/netty-transport-native-kqueue/4.1.79.Final/netty-transport-native-kqueue-4.1.79.Final-osx-x86_64.jar:/home/runner/.m2/repository/io/netty/netty-transport-native-kqueue/4.1.79.Final/netty-transport-native-kqueue-4.1.79.Final-osx-aarch_64.jar:/home/runner/.m2/repository/io/netty/netty-resolver-dns-native-macos/4.1.79.Final/netty-resolver-dns-native-macos-4.1.79.Final-osx-x86_64.jar:/home/runner/.m2/repository/io/netty/netty-resolver-dns-native-macos/4.1.79.Final/netty-resolver-dns-native-macos-4.1.79.Final-osx-aarch_64.jar:/home/runner/.m2/repository/org/apache/htrace/htrace-core4/4.1.0-incubating/htrace-core4-4.1.0-incubating.jar:/home/runner/.m2/repository/org/fusesource/leveldbjni/leveldbjni-all/1.8/leveldbjni-all-1.8.jar:/home/runner/.m2/repository/org/apache/hadoop/hadoop-distcp/3.3.1/hadoop-distcp-3.3.1.jar:/home/runner/.m2/repository/org/apache/hadoop/hadoop-mapreduce-client-jobclient/3.3.1/hadoop-mapreduce-client-jobclient-3.3.1.jar:/home/runner/.m2/repository/org/apache/hadoop/hadoop-mapreduce-client-common/3.3.1/hadoop-mapreduce-client-common-3.3.1.jar:/home/runner/.m2/repository/org/apache/hadoop/hadoop-yarn-common/3.3.1/hadoop-yarn-common-3.3.1.jar:/home/runner/.m2/repository/org/apache/hadoop/hadoop-yarn-api/3.3.1/hadoop-yarn-api-3.3.1.jar:/home/runner/.m2/repository/com/sun/jersey/contribs/jersey-guice/1.19/jersey-guice-1.19.jar:/home/runner/.m2/repository/com/fasterxml/jackson/jaxrs/jackson-jaxrs-json-provider/2.13.2/jackson-jaxrs-json-provider-2.13.2.jar:/home/runner/.m2/repository/com/fasterxml/jackson/jaxrs/jackson-jaxrs-base/2.13.2/jackson-jaxrs-base-2.13.2.jar:/home/runner/.m2/repository/org/apache/hadoop/hadoop-yarn-client/3.3.1/hadoop-yarn-client-3.3.1.jar:/home/runner/.m2/repository/org/eclipse/jetty/websocket/websocket-client/9.4.40.v20210413/websocket-client-9.4.40.v20210413.jar:/home/runner/.m2/repository/org/eclipse/jetty/websocket/websocket-common/9.4.40.v20210413/websocket-common-9.4.40.v20210413.jar:/home/runner/.m2/repository/org/eclipse/jetty/websocket/websocket-api/9.4.40.v20210413/websocket-api-9.4.40.v20210413.jar:/home/runner/.m2/repository/org/jline/jline/3.9.0/jline-3.9.0.jar:/home/runner/.m2/repository/org/apache/hadoop/hadoop-mapreduce-client-core/3.3.1/hadoop-mapreduce-client-core-3.3.1.jar:/home/runner/.m2/repository/org/apache/avro/avro/1.7.7/avro-1.7.7.jar:/home/runner/.m2/repository/org/codehaus/jackson/jackson-core-asl/1.9.13/jackson-core-asl-1.9.13.jar:/home/runner/.m2/repository/org/codehaus/jackson/jackson-mapper-asl/1.9.13/jackson-mapper-asl-1.9.13.jar:/home/runner/.m2/repository/com/thoughtworks/paranamer/paranamer/2.3/paranamer-2.3.jar:/home/runner/.m2/repository/org/apache/hadoop/hadoop-annotations/3.3.1/hadoop-annotations-3.3.1.jar:/opt/hostedtoolcache/jdk/8.0.345/x64/jre/../lib/tools.jar:/home/runner/.m2/repository/org/apache/hadoop/hadoop-distcp/3.3.1/hadoop-distcp-3.3.1-tests.jar:/home/runner/.m2/repository/org/apache/ratis/ratis-common/2.3.0/ratis-common-2.3.0.jar:/home/runner/.m2/repository/org/apache/ratis/ratis-thirdparty-misc/1.0.0/ratis-thirdparty-misc-1.0.0.jar:/home/runner/.m2/repository/org/apache/ratis/ratis-proto/2.3.0/ratis-proto-2.3.0.jar:/home/runner/.m2/repository/org/apache/ozone/ozone-annotation-processing/1.3.0-SNAPSHOT/ozone-annotation-processing-1.3.0-SNAPSHOT.jar:"/>
    <property name="sun.cpu.endian" value="little"/>
    <property name="user.home" value="/home/runner"/>
    <property name="user.language" value="en"/>
    <property name="java.specification.vendor" value="Oracle Corporation"/>
    <property name="java.home" value="/opt/hostedtoolcache/jdk/8.0.345/x64/jre"/>
    <property name="java.security.krb5.conf" value="/home/runner/work/ozone/ozone/hadoop-ozone/integration-test/target/test-classes/krb5.conf"/>
    <property name="basedir" value="/home/runner/work/ozone/ozone/hadoop-ozone/integration-test"/>
    <property name="file.separator" value="/"/>
    <property name="line.separator" value="&#10;"/>
    <property name="jdk.vendor.version" value="Zulu 8.64.0.19-CA-linux64"/>
    <property name="java.vm.specification.vendor" value="Oracle Corporation"/>
    <property name="java.specification.name" value="Java Platform API Specification"/>
    <property name="java.awt.graphicsenv" value="sun.awt.X11GraphicsEnvironment"/>
    <property name="skip.installnpx" value="true"/>
    <property name="surefire.real.class.path" value="/home/runner/work/ozone/ozone/hadoop-ozone/integration-test/target/surefire/surefirebooter7742303342155314111.jar:/home/runner/.m2/repository/org/jacoco/org.jacoco.agent/0.8.5/org.jacoco.agent-0.8.5-runtime.jar"/>
    <property name="hadoop.log.dir" value="/home/runner/work/ozone/ozone/hadoop-ozone/integration-test/target/log"/>
    <property name="sun.boot.class.path" value="/opt/hostedtoolcache/jdk/8.0.345/x64/jre/lib/resources.jar:/opt/hostedtoolcache/jdk/8.0.345/x64/jre/lib/rt.jar:/opt/hostedtoolcache/jdk/8.0.345/x64/jre/lib/sunrsasign.jar:/opt/hostedtoolcache/jdk/8.0.345/x64/jre/lib/jsse.jar:/opt/hostedtoolcache/jdk/8.0.345/x64/jre/lib/jce.jar:/opt/hostedtoolcache/jdk/8.0.345/x64/jre/lib/charsets.jar:/opt/hostedtoolcache/jdk/8.0.345/x64/jre/lib/jfr.jar:/opt/hostedtoolcache/jdk/8.0.345/x64/jre/lib/cat.jar:/opt/hostedtoolcache/jdk/8.0.345/x64/jre/classes"/>
    <property name="sun.management.compiler" value="HotSpot 64-Bit Tiered Compilers"/>
    <property name="skip.npx" value="true"/>
    <property name="java.runtime.version" value="1.8.0_345-b01"/>
    <property name="java.net.preferIPv4Stack" value="true"/>
    <property name="user.name" value="runner"/>
    <property name="path.separator" value=":"/>
    <property name="java.security.egd" value="file:///dev/urandom"/>
    <property name="os.version" value="5.15.0-1017-azure"/>
    <property name="java.endorsed.dirs" value="/opt/hostedtoolcache/jdk/8.0.345/x64/jre/lib/endorsed"/>
    <property name="java.runtime.name" value="OpenJDK Runtime Environment"/>
    <property name="file.encoding" value="UTF-8"/>
    <property name="java.vm.name" value="OpenJDK 64-Bit Server VM"/>
    <property name="test.build.webapps" value=""/>
    <property name="localRepository" value="/home/runner/.m2/repository"/>
    <property name="jetty.git.hash" value="526006ecfa3af7f1a27ef3a288e2bef7ea9dd7e8"/>
    <property name="java.vendor.url.bug" value="http://www.azul.com/support/"/>
    <property name="java.io.tmpdir" value="/tmp"/>
    <property name="require.test.libhadoop" value=""/>
    <property name="java.version" value="1.8.0_345"/>
    <property name="user.dir" value="/home/runner/work/ozone/ozone/hadoop-ozone/integration-test"/>
    <property name="os.arch" value="amd64"/>
    <property name="java.vm.specification.name" value="Java Virtual Machine Specification"/>
    <property name="test.build.classes" value="/home/runner/work/ozone/ozone/hadoop-ozone/integration-test/target/test-classes"/>
    <property name="java.awt.printerjob" value="sun.print.PSPrinterJob"/>
    <property name="sun.os.patch.level" value="unknown"/>
    <property name="hadoop.tmp.dir" value="/home/runner/work/ozone/ozone/hadoop-ozone/integration-test/target/tmp"/>
    <property name="java.library.path" value="/usr/java/packages/lib/amd64:/usr/lib64:/lib64:/lib:/usr/lib"/>
    <property name="java.vm.info" value="mixed mode"/>
    <property name="java.vendor" value="Azul Systems, Inc."/>
    <property name="java.vm.version" value="25.345-b01"/>
    <property name="java.ext.dirs" value="/opt/hostedtoolcache/jdk/8.0.345/x64/jre/lib/ext:/usr/java/packages/lib/ext"/>
    <property name="sun.io.unicode.encoding" value="UnicodeLittle"/>
    <property name="java.class.version" value="52.0"/>
  </properties>
  <testcase name="testRenameKey" classname="org.apache.hadoop.ozone.om.TestObjectStoreWithFSO" time="0.787">
    <failure type="java.lang.AssertionError"><![CDATA[java.lang.AssertionError: Delete root failed! expected:<0> but was:<1>
	at org.junit.Assert.fail(Assert.java:89)
	at org.junit.Assert.failNotEquals(Assert.java:835)
	at org.junit.Assert.assertEquals(Assert.java:647)
	at org.apache.hadoop.ozone.om.TestObjectStoreWithFSO.deleteRootDir(TestObjectStoreWithFSO.java:152)
	at org.apache.hadoop.ozone.om.TestObjectStoreWithFSO.tearDown(TestObjectStoreWithFSO.java:130)
	at sun.reflect.NativeMethodAccessorImpl.invoke0(Native Method)
	at sun.reflect.NativeMethodAccessorImpl.invoke(NativeMethodAccessorImpl.java:62)
	at sun.reflect.DelegatingMethodAccessorImpl.invoke(DelegatingMethodAccessorImpl.java:43)
	at java.lang.reflect.Method.invoke(Method.java:498)
	at org.junit.runners.model.FrameworkMethod$1.runReflectiveCall(FrameworkMethod.java:59)
	at org.junit.internal.runners.model.ReflectiveCallable.run(ReflectiveCallable.java:12)
	at org.junit.runners.model.FrameworkMethod.invokeExplosively(FrameworkMethod.java:56)
	at org.junit.internal.runners.statements.RunAfters.invokeMethod(RunAfters.java:46)
	at org.junit.internal.runners.statements.RunAfters.evaluate(RunAfters.java:33)
	at org.junit.internal.runners.statements.FailOnTimeout$CallableStatement.call(FailOnTimeout.java:288)
	at org.junit.internal.runners.statements.FailOnTimeout$CallableStatement.call(FailOnTimeout.java:282)
	at java.util.concurrent.FutureTask.run(FutureTask.java:266)
	at java.lang.Thread.run(Thread.java:750)
]]></failure>
    <system-out><![CDATA[2022-08-25 18:57:43,569 [main] WARN  server.ServerUtils (ServerUtils.java:getScmDbDir(148)) - ozone.scm.db.dirs is not configured. We recommend adding this setting. Falling back to ozone.metadata.dirs instead.
2022-08-25 18:57:43,692 [main] WARN  server.ServerUtils (ServerUtils.java:getScmDbDir(148)) - ozone.scm.db.dirs is not configured. We recommend adding this setting. Falling back to ozone.metadata.dirs instead.
2022-08-25 18:57:43,696 [main] INFO  ha.SCMHANodeDetails (SCMHANodeDetails.java:loadSCMHAConfig(209)) - ServiceID for StorageContainerManager is null
2022-08-25 18:57:43,710 [main] WARN  ha.SCMHANodeDetails (SCMHANodeDetails.java:validateSCMHAConfig(182)) - Invalid config ozone.scm.ratis.enable. The config was not specified, but the default value true conflicts with the expected config value false. Falling back to the expected value. Current State of SCM: SCM is running in Non-HA without Ratis Ratis SCM -> Non Ratis SCM or Non HA SCM -> HA SCM is not supported
2022-08-25 18:57:43,711 [main] INFO  ha.SCMHANodeDetails (SCMHANodeDetails.java:loadSCMHAConfig(214)) - ozone.scm.default.service.id is not defined, falling back to ozone.scm.service.ids to find serviceID for StorageContainerManager if it is HA enabled cluster
2022-08-25 18:57:44,216 [main] WARN  utils.HAUtils (HAUtils.java:getMetaDir(342)) - ozone.scm.db.dirs is not configured. We recommend adding this setting. Falling back to ozone.metadata.dirs instead.
2022-08-25 18:57:44,353 [main] WARN  db.DBStoreBuilder (DBStoreBuilder.java:applyDBDefinition(143)) - ozone.scm.db.dirs is not configured. We recommend adding this setting. Falling back to ozone.metadata.dirs instead.
2022-08-25 18:57:44,646 [main] INFO  net.NodeSchemaLoader (NodeSchemaLoader.java:loadSchemaFromFile(129)) - Loading schema from [jar:file:/home/runner/.m2/repository/org/apache/ozone/hdds-common/1.3.0-SNAPSHOT/hdds-common-1.3.0-SNAPSHOT.jar!/network-topology-default.xml]
2022-08-25 18:57:44,648 [main] INFO  net.NodeSchemaLoader (NodeSchemaLoader.java:loadSchema(176)) - Loading network topology layer schema file
2022-08-25 18:57:44,693 [main] INFO  metrics.MetricRegistries (MetricRegistriesLoader.java:load(64)) - Loaded MetricRegistries class org.apache.ratis.metrics.impl.MetricRegistriesImpl
2022-08-25 18:57:44,699 [main] INFO  upgrade.AbstractLayoutVersionManager (AbstractLayoutVersionManager.java:init(83)) - Initializing Layout version manager with metadata layout = DATANODE_SCHEMA_V3 (version = 4), software layout = DATANODE_SCHEMA_V3 (version = 4)
2022-08-25 18:57:44,943 [main] INFO  reflections.Reflections (Reflections.java:scan(232)) - Reflections took 165 ms to scan 7 urls, producing 133 keys and 322 values 
2022-08-25 18:57:45,069 [main] INFO  ha.SequenceIdGenerator (SequenceIdGenerator.java:upgradeToSequenceId(349)) - upgrade localId to 109611004723200000
2022-08-25 18:57:45,070 [main] INFO  ha.SequenceIdGenerator (SequenceIdGenerator.java:upgradeToSequenceId(359)) - upgrade delTxnId to 0
2022-08-25 18:57:45,074 [main] INFO  ha.SequenceIdGenerator (SequenceIdGenerator.java:upgradeToSequenceId(376)) - upgrade containerId to 0
2022-08-25 18:57:45,076 [main] INFO  ha.SequenceIdGenerator (SequenceIdGenerator.java:<init>(220)) - Init the HA SequenceIdGenerator.
2022-08-25 18:57:45,119 [main] WARN  server.ServerUtils (ServerUtils.java:sanitizeUserArgs(73)) - ozone.scm.stale.node.interval value = 300000 is larger than max = 100000 based on the key value of ozone.scm.heartbeat.thread.interval, reset to the max value 100000.
2022-08-25 18:57:45,120 [main] WARN  server.ServerUtils (ServerUtils.java:sanitizeUserArgs(73)) - ozone.scm.stale.node.interval value = 300000 is larger than max = 100000 based on the key value of ozone.scm.heartbeat.thread.interval, reset to the max value 100000.
2022-08-25 18:57:45,128 [main] INFO  node.SCMNodeManager (SCMNodeManager.java:<init>(149)) - Entering startup safe mode.
2022-08-25 18:57:45,200 [main] INFO  algorithms.ContainerPlacementPolicyFactory (ContainerPlacementPolicyFactory.java:getPolicyInternal(86)) - Create container placement policy of type org.apache.hadoop.hdds.scm.container.placement.algorithms.SCMContainerPlacementRandom
2022-08-25 18:57:45,203 [main] INFO  algorithms.ContainerPlacementPolicyFactory (ContainerPlacementPolicyFactory.java:getPolicyInternal(86)) - Create container placement policy of type org.apache.hadoop.hdds.scm.container.placement.algorithms.SCMContainerPlacementRackScatter
2022-08-25 18:57:45,213 [main] INFO  pipeline.PipelineStateManagerImpl (PipelineStateManagerImpl.java:initialize(78)) - No pipeline exists in current db
2022-08-25 18:57:45,263 [main] INFO  algorithms.LeaderChoosePolicyFactory (LeaderChoosePolicyFactory.java:getPolicy(57)) - Create leader choose policy of type org.apache.hadoop.hdds.scm.pipeline.leader.choose.algorithms.MinLeaderCountChoosePolicy
2022-08-25 18:57:45,264 [main] INFO  algorithms.ContainerPlacementPolicyFactory (ContainerPlacementPolicyFactory.java:getPolicyInternal(86)) - Create container placement policy of type org.apache.hadoop.hdds.scm.container.placement.algorithms.SCMContainerPlacementRackScatter
2022-08-25 18:57:45,271 [main] INFO  ha.SCMServiceManager (SCMServiceManager.java:register(42)) - Registering service BackgroundPipelineCreator.
2022-08-25 18:57:45,271 [main] INFO  pipeline.BackgroundPipelineCreator (BackgroundPipelineCreator.java:start(124)) - Starting RatisPipelineUtilsThread.
2022-08-25 18:57:45,279 [main] INFO  BackgroundPipelineScrubber (BackgroundSCMService.java:start(68)) - Starting BackgroundPipelineScrubber Service.
2022-08-25 18:57:45,284 [main] INFO  ha.SCMServiceManager (SCMServiceManager.java:register(42)) - Registering service BackgroundPipelineScrubber.
2022-08-25 18:57:45,294 [main] INFO  ExpiredContainerReplicaOpScrubber (BackgroundSCMService.java:start(68)) - Starting ExpiredContainerReplicaOpScrubber Service.
2022-08-25 18:57:45,294 [main] INFO  ha.SCMServiceManager (SCMServiceManager.java:register(42)) - Registering service ExpiredContainerReplicaOpScrubber.
2022-08-25 18:57:45,325 [main] INFO  algorithms.PipelineChoosePolicyFactory (PipelineChoosePolicyFactory.java:createPipelineChoosePolicyFromClass(73)) - Create pipeline choose policy of type org.apache.hadoop.hdds.scm.pipeline.choose.algorithms.RandomPipelineChoosePolicy
2022-08-25 18:57:45,349 [main] INFO  ha.SCMServiceManager (SCMServiceManager.java:register(42)) - Registering service SCMBlockDeletingService.
2022-08-25 18:57:45,393 [main] INFO  replication.ReplicationManager (ReplicationManager.java:start(206)) - Starting Replication Monitor Thread.
2022-08-25 18:57:45,408 [main] INFO  UnderReplicatedQueueThread (BackgroundSCMService.java:start(68)) - Starting UnderReplicatedQueueThread Service.
2022-08-25 18:57:45,409 [ReplicationMonitor] INFO  replication.ReplicationManager (ReplicationManager.java:processAll(255)) - Replication Manager is not ready to run until 3000ms after safemode exit
2022-08-25 18:57:45,409 [main] INFO  ha.SCMServiceManager (SCMServiceManager.java:register(42)) - Registering service UnderReplicatedQueueThread.
2022-08-25 18:57:45,411 [main] INFO  OverReplicatedQueueThread (BackgroundSCMService.java:start(68)) - Starting OverReplicatedQueueThread Service.
2022-08-25 18:57:45,411 [main] INFO  ha.SCMServiceManager (SCMServiceManager.java:register(42)) - Registering service OverReplicatedQueueThread.
2022-08-25 18:57:45,411 [main] INFO  ha.SCMServiceManager (SCMServiceManager.java:register(42)) - Registering service ReplicationManager.
2022-08-25 18:57:45,424 [main] INFO  safemode.ContainerSafeModeRule (ContainerSafeModeRule.java:<init>(89)) - containers with one replica threshold count 0
2022-08-25 18:57:45,429 [main] INFO  safemode.HealthyPipelineSafeModeRule (HealthyPipelineSafeModeRule.java:initializeRule(169)) - Total pipeline count is 0, healthy pipeline threshold count is 1
2022-08-25 18:57:45,431 [main] INFO  safemode.OneReplicaPipelineSafeModeRule (OneReplicaPipelineSafeModeRule.java:initializeRule(180)) - Total pipeline count is 0, pipeline's with at least one datanode reported threshold count is 0
2022-08-25 18:57:45,784 [main] INFO  audit.AuditLogger (AuditLogger.java:refreshDebugCmdSet(126)) - Refresh DebugCmdSet for SCMAudit to [].
2022-08-25 18:57:45,817 [main] INFO  ipc.CallQueueManager (CallQueueManager.java:<init>(90)) - Using callQueue: class java.util.concurrent.LinkedBlockingQueue, queueCapacity: 2000, scheduler: class org.apache.hadoop.ipc.DefaultRpcScheduler, ipcBackoff: false.
2022-08-25 18:57:45,860 [Socket Reader #1 for port 0] INFO  ipc.Server (Server.java:run(1265)) - Starting Socket Reader #1 for port 0
2022-08-25 18:57:45,932 [Listener at 0.0.0.0/42649] INFO  audit.AuditLogger (AuditLogger.java:refreshDebugCmdSet(126)) - Refresh DebugCmdSet for SCMAudit to [].
2022-08-25 18:57:45,938 [Listener at 0.0.0.0/42649] INFO  ipc.CallQueueManager (CallQueueManager.java:<init>(90)) - Using callQueue: class java.util.concurrent.LinkedBlockingQueue, queueCapacity: 2000, scheduler: class org.apache.hadoop.ipc.DefaultRpcScheduler, ipcBackoff: false.
2022-08-25 18:57:45,939 [Socket Reader #1 for port 0] INFO  ipc.Server (Server.java:run(1265)) - Starting Socket Reader #1 for port 0
2022-08-25 18:57:45,967 [Listener at 0.0.0.0/46079] INFO  audit.AuditLogger (AuditLogger.java:refreshDebugCmdSet(126)) - Refresh DebugCmdSet for SCMAudit to [].
2022-08-25 18:57:45,980 [Listener at 0.0.0.0/46079] INFO  ipc.CallQueueManager (CallQueueManager.java:<init>(90)) - Using callQueue: class java.util.concurrent.LinkedBlockingQueue, queueCapacity: 2000, scheduler: class org.apache.hadoop.ipc.DefaultRpcScheduler, ipcBackoff: false.
2022-08-25 18:57:45,981 [Socket Reader #1 for port 0] INFO  ipc.Server (Server.java:run(1265)) - Starting Socket Reader #1 for port 0
2022-08-25 18:57:46,050 [Listener at 0.0.0.0/43223] INFO  ha.SCMServiceManager (SCMServiceManager.java:register(42)) - Registering service ContainerBalancer.
2022-08-25 18:57:46,051 [Listener at 0.0.0.0/43223] INFO  server.StorageContainerManager (StorageContainerManager.java:<init>(406)) - 
Container Balancer status:
Key                            Value
Running                        false
Container Balancer Configuration values:
Key                                                Value
Threshold                                          10
Max Datanodes to Involve per Iteration(percent)    20
Max Size to Move per Iteration                     500GB
Max Size Entering Target per Iteration             26GB
Max Size Leaving Source per Iteration              26GB

2022-08-25 18:57:46,052 [Listener at 0.0.0.0/43223] WARN  events.EventQueue (EventQueue.java:fireEvent(216)) - No event handler registered for event TypedEvent{payloadType=SafeModeStatus, name='Safe mode status'}
2022-08-25 18:57:46,052 [Listener at 0.0.0.0/43223] INFO  ha.SCMContext (SCMContext.java:updateSafeModeStatus(228)) - Update SafeModeStatus from SafeModeStatus{safeModeStatus=true, preCheckPassed=false} to SafeModeStatus{safeModeStatus=true, preCheckPassed=false}.
2022-08-25 18:57:46,056 [Listener at 0.0.0.0/43223] INFO  server.StorageContainerManager (StorageContainerManager.java:start(1460)) - StorageContainerLocationProtocol RPC server is listening at /0.0.0.0:43223
2022-08-25 18:57:46,145 [Listener at 0.0.0.0/43223] WARN  impl.MetricsConfig (MetricsConfig.java:loadFirst(136)) - Cannot locate configuration: tried hadoop-metrics2-storagecontainermanager.properties,hadoop-metrics2.properties
2022-08-25 18:57:46,220 [Listener at 0.0.0.0/43223] INFO  impl.MetricsSystemImpl (MetricsSystemImpl.java:startTimer(378)) - Scheduled Metric snapshot period at 10 second(s).
2022-08-25 18:57:46,220 [Listener at 0.0.0.0/43223] INFO  impl.MetricsSystemImpl (MetricsSystemImpl.java:start(191)) - StorageContainerManager metrics system started
2022-08-25 18:57:46,493 [Listener at 0.0.0.0/43223] INFO  server.SCMClientProtocolServer (SCMClientProtocolServer.java:start(170)) - RPC server for Client  is listening at /0.0.0.0:43223
2022-08-25 18:57:46,495 [IPC Server Responder] INFO  ipc.Server (Server.java:run(1507)) - IPC Server Responder: starting
2022-08-25 18:57:46,496 [IPC Server listener on 0] INFO  ipc.Server (Server.java:run(1344)) - IPC Server listener on 0: starting
2022-08-25 18:57:46,499 [Listener at 0.0.0.0/43223] INFO  server.StorageContainerManager (StorageContainerManager.java:start(1475)) - ScmBlockLocationProtocol RPC server is listening at /0.0.0.0:46079
2022-08-25 18:57:46,500 [Listener at 0.0.0.0/43223] INFO  server.SCMBlockProtocolServer (SCMBlockProtocolServer.java:start(152)) - RPC server for Block Protocol is listening at /0.0.0.0:46079
2022-08-25 18:57:46,501 [IPC Server Responder] INFO  ipc.Server (Server.java:run(1507)) - IPC Server Responder: starting
2022-08-25 18:57:46,501 [IPC Server listener on 0] INFO  ipc.Server (Server.java:run(1344)) - IPC Server listener on 0: starting
2022-08-25 18:57:46,504 [Listener at 0.0.0.0/43223] INFO  server.SCMDatanodeProtocolServer (SCMDatanodeProtocolServer.java:start(186)) - ScmDatanodeProtocol RPC server for DataNodes is listening at /0.0.0.0:42649
2022-08-25 18:57:46,505 [IPC Server Responder] INFO  ipc.Server (Server.java:run(1507)) - IPC Server Responder: starting
2022-08-25 18:57:46,505 [IPC Server listener on 0] INFO  ipc.Server (Server.java:run(1344)) - IPC Server listener on 0: starting
2022-08-25 18:57:46,524 [org.apache.hadoop.util.JvmPauseMonitor$Monitor@48f2d51d] INFO  util.JvmPauseMonitor (JvmPauseMonitor.java:run(188)) - Starting JVM pause monitor
2022-08-25 18:57:46,537 [Listener at 0.0.0.0/43223] INFO  http.BaseHttpServer (BaseHttpServer.java:newHttpServer2BuilderForOzone(209)) - Starting Web-server for scm at: http://0.0.0.0:0
2022-08-25 18:57:46,537 [Listener at 0.0.0.0/43223] INFO  http.BaseHttpServer (BaseHttpServer.java:<init>(107)) - Hadoop Security Enabled: false Ozone Security Enabled: false Ozone HTTP Security Enabled: false 
2022-08-25 18:57:46,566 [Listener at 0.0.0.0/43223] INFO  util.log (Log.java:initialized(170)) - Logging initialized @4467ms to org.eclipse.jetty.util.log.Slf4jLog
2022-08-25 18:57:46,694 [Listener at 0.0.0.0/43223] INFO  server.AuthenticationFilter (AuthenticationFilter.java:constructSecretProvider(240)) - Unable to initialize FileSignerSecretProvider, falling back to use random secrets.
2022-08-25 18:57:46,700 [Listener at 0.0.0.0/43223] WARN  http.HttpRequestLog (HttpRequestLog.java:getRequestLog(103)) - Jetty request log can only be enabled using Log4j
2022-08-25 18:57:46,710 [Listener at 0.0.0.0/43223] INFO  http.HttpServer2 (HttpServer2.java:addGlobalFilter(1029)) - Added global filter 'safety' (class=org.apache.hadoop.hdds.server.http.HttpServer2$QuotingInputFilter)
2022-08-25 18:57:46,713 [Listener at 0.0.0.0/43223] INFO  http.HttpServer2 (HttpServer2.java:addFilter(1005)) - Added filter static_user_filter (class=org.apache.hadoop.http.lib.StaticUserWebFilter$StaticUserFilter) to context scm
2022-08-25 18:57:46,713 [Listener at 0.0.0.0/43223] INFO  http.HttpServer2 (HttpServer2.java:addFilter(1013)) - Added filter static_user_filter (class=org.apache.hadoop.http.lib.StaticUserWebFilter$StaticUserFilter) to context logs
2022-08-25 18:57:46,714 [Listener at 0.0.0.0/43223] INFO  http.HttpServer2 (HttpServer2.java:addFilter(1013)) - Added filter static_user_filter (class=org.apache.hadoop.http.lib.StaticUserWebFilter$StaticUserFilter) to context static
2022-08-25 18:57:46,757 [Listener at 0.0.0.0/43223] INFO  http.HttpServer2 (HttpServer2.java:bindListener(1248)) - Jetty bound to port 43759
2022-08-25 18:57:46,759 [Listener at 0.0.0.0/43223] INFO  server.Server (Server.java:doStart(375)) - jetty-9.4.43.v20210629; built: 2021-06-30T11:07:22.254Z; git: 526006ecfa3af7f1a27ef3a288e2bef7ea9dd7e8; jvm 1.8.0_345-b01
2022-08-25 18:57:46,790 [Listener at 0.0.0.0/43223] INFO  server.session (DefaultSessionIdManager.java:doStart(334)) - DefaultSessionIdManager workerName=node0
2022-08-25 18:57:46,790 [Listener at 0.0.0.0/43223] INFO  server.session (DefaultSessionIdManager.java:doStart(339)) - No SessionScavenger set, using defaults
2022-08-25 18:57:46,792 [Listener at 0.0.0.0/43223] INFO  server.session (HouseKeeper.java:startScavenging(132)) - node0 Scavenging every 600000ms
2022-08-25 18:57:46,806 [Listener at 0.0.0.0/43223] INFO  handler.ContextHandler (ContextHandler.java:doStart(915)) - Started o.e.j.s.ServletContextHandler@6a30f6b1{logs,/logs,file:///home/runner/work/ozone/ozone/hadoop-ozone/integration-test/target/log,AVAILABLE}
2022-08-25 18:57:46,806 [Listener at 0.0.0.0/43223] INFO  handler.ContextHandler (ContextHandler.java:doStart(915)) - Started o.e.j.s.ServletContextHandler@1d51b6a8{static,/static,file:///home/runner/work/ozone/ozone/hadoop-ozone/integration-test/target/test-classes/webapps/static,AVAILABLE}
2022-08-25 18:57:46,863 [Listener at 0.0.0.0/43223] INFO  handler.ContextHandler (ContextHandler.java:doStart(915)) - Started o.e.j.w.WebAppContext@1dbfbd94{scm,/,file:///home/runner/work/ozone/ozone/hadoop-ozone/integration-test/target/test-classes/webapps/scm/,AVAILABLE}{file:/home/runner/work/ozone/ozone/hadoop-ozone/integration-test/target/test-classes/webapps/scm}
2022-08-25 18:57:46,874 [Listener at 0.0.0.0/43223] INFO  server.AbstractConnector (AbstractConnector.java:doStart(331)) - Started ServerConnector@5ace6611{HTTP/1.1, (http/1.1)}{0.0.0.0:43759}
2022-08-25 18:57:46,879 [Listener at 0.0.0.0/43223] INFO  server.Server (Server.java:doStart(415)) - Started @4780ms
2022-08-25 18:57:46,885 [Listener at 0.0.0.0/43223] INFO  impl.MetricsSinkAdapter (MetricsSinkAdapter.java:start(204)) - Sink prometheus started
2022-08-25 18:57:46,886 [Listener at 0.0.0.0/43223] INFO  impl.MetricsSystemImpl (MetricsSystemImpl.java:registerSink(305)) - Registered sink prometheus
2022-08-25 18:57:46,887 [Listener at 0.0.0.0/43223] INFO  http.BaseHttpServer (BaseHttpServer.java:updateConnectorAddress(329)) - HTTP server of scm listening at http://0.0.0.0:43759
2022-08-25 18:57:46,889 [Listener at 0.0.0.0/43223] WARN  server.ServerUtils (ServerUtils.java:getDBPath(225)) - ozone.om.db.dirs is not configured. We recommend adding this setting. Falling back to ozone.metadata.dirs instead.
2022-08-25 18:57:46,952 [Listener at 0.0.0.0/43223] INFO  audit.AuditLogger (AuditLogger.java:refreshDebugCmdSet(126)) - Refresh DebugCmdSet for OMAudit to [].
2022-08-25 18:57:47,056 [Listener at 0.0.0.0/43223] INFO  ha.OMHANodeDetails (OMHANodeDetails.java:loadOMHAConfig(115)) - ozone.om.internal.service.id is not defined, falling back to ozone.om.service.ids to find serviceID for OzoneManager if it is HA enabled cluster
2022-08-25 18:57:47,059 [Listener at 0.0.0.0/43223] INFO  ha.OMHANodeDetails (OMHANodeDetails.java:loadOMHAConfig(226)) - Configuration does not have ozone.om.address set. Falling back to the default OM address /127.0.0.1:0
2022-08-25 18:57:47,060 [Listener at 0.0.0.0/43223] INFO  ha.OMHANodeDetails (OMHANodeDetails.java:getOMNodeDetailsForNonHA(254)) - OM Service ID is not set. Setting it to the default ID: omServiceIdDefault
2022-08-25 18:57:47,060 [Listener at 0.0.0.0/43223] INFO  ha.OMHANodeDetails (OMHANodeDetails.java:getOMNodeDetailsForNonHA(261)) - OM Node ID is not set. Setting it to the default ID: om1
2022-08-25 18:57:47,064 [Listener at 0.0.0.0/43223] WARN  server.ServerUtils (ServerUtils.java:getDBPath(225)) - ozone.om.db.dirs is not configured. We recommend adding this setting. Falling back to ozone.metadata.dirs instead.
2022-08-25 18:57:47,066 [Listener at 0.0.0.0/43223] INFO  upgrade.AbstractLayoutVersionManager (AbstractLayoutVersionManager.java:init(83)) - Initializing Layout version manager with metadata layout = MULTITENANCY_SCHEMA (version = 3), software layout = MULTITENANCY_SCHEMA (version = 3)
2022-08-25 18:57:47,154 [Listener at 0.0.0.0/43223] INFO  reflections.Reflections (Reflections.java:scan(232)) - Reflections took 82 ms to scan 2 urls, producing 153 keys and 427 values [using 2 cores]
2022-08-25 18:57:47,162 [Listener at 0.0.0.0/43223] INFO  upgrade.OMLayoutVersionManager (OMLayoutVersionManager.java:lambda$0(115)) - Skipping Upgrade Action MockOmUpgradeAction since it has been finalized.
2022-08-25 18:57:47,163 [Listener at 0.0.0.0/43223] WARN  server.ServerUtils (ServerUtils.java:getDBPath(225)) - ozone.om.db.dirs is not configured. We recommend adding this setting. Falling back to ozone.metadata.dirs instead.
2022-08-25 18:57:47,330 [Listener at 0.0.0.0/43223] INFO  proxy.SCMBlockLocationFailoverProxyProvider (SCMBlockLocationFailoverProxyProvider.java:<init>(114)) - Created block location fail-over proxy with 1 nodes: [nodeId=scmNodeId,nodeAddress=/0.0.0.0:46079]
2022-08-25 18:57:47,356 [Listener at 0.0.0.0/43223] INFO  proxy.SCMBlockLocationFailoverProxyProvider (SCMBlockLocationFailoverProxyProvider.java:<init>(114)) - Created block location fail-over proxy with 1 nodes: [nodeId=scmNodeId,nodeAddress=/0.0.0.0:46079]
2022-08-25 18:57:47,609 [Listener at 0.0.0.0/43223] WARN  server.ServerUtils (ServerUtils.java:getDBPath(225)) - ozone.om.db.dirs is not configured. We recommend adding this setting. Falling back to ozone.metadata.dirs instead.
2022-08-25 18:57:47,617 [Listener at 0.0.0.0/43223] INFO  codec.OmKeyInfoCodec (OmKeyInfoCodec.java:<init>(49)) - OmKeyInfoCodec ignorePipeline = true
2022-08-25 18:57:47,619 [Listener at 0.0.0.0/43223] INFO  codec.RepeatedOmKeyInfoCodec (RepeatedOmKeyInfoCodec.java:<init>(41)) - RepeatedOmKeyInfoCodec ignorePipeline = true
2022-08-25 18:57:47,784 [Listener at 0.0.0.0/43223] INFO  om.OzoneManager (OzoneManager.java:instantiateServices(697)) - S3 Multi-Tenancy is disabled
2022-08-25 18:57:47,862 [Listener at 0.0.0.0/43223] INFO  om.OzoneManager (OzoneManager.java:addS3GVolumeToDB(4309)) - Created Volume s3v With Owner runner required for S3Gateway operations.
2022-08-25 18:57:47,950 [Listener at 0.0.0.0/43223] WARN  server.ServerUtils (ServerUtils.java:getDefaultRatisDirectory(237)) - Storage directory for Ratis is not configured. It is a good idea to map this to an SSD disk. Falling back to ozone.metadata.dirs
2022-08-25 18:57:47,951 [Listener at 0.0.0.0/43223] WARN  utils.OzoneManagerRatisUtils (OzoneManagerRatisUtils.java:getOMRatisSnapshotDirectory(434)) - ozone.om.ratis.snapshot.dir is not configured. Falling back to ozone.metadata.dirs config
2022-08-25 18:57:47,972 [Listener at 0.0.0.0/43223] WARN  server.ServerUtils (ServerUtils.java:getDefaultRatisDirectory(237)) - Storage directory for Ratis is not configured. It is a good idea to map this to an SSD disk. Falling back to ozone.metadata.dirs
2022-08-25 18:57:48,003 [Listener at 0.0.0.0/43223] INFO  ratis.OzoneManagerRatisServer (OzoneManagerRatisServer.java:<init>(159)) - Instantiating OM Ratis server with groupID: omServiceIdDefault and peers: localhost:9872
2022-08-25 18:57:48,014 [Listener at 0.0.0.0/43223] INFO  ratis.OzoneManagerStateMachine (OzoneManagerStateMachine.java:loadSnapshotInfoFromDB(632)) - LastAppliedIndex is set from TransactionInfo from OM DB as (t:0, i:~)
2022-08-25 18:57:48,081 [Listener at 0.0.0.0/43223] INFO  server.RaftServer (ConfUtils.java:logGet(46)) - raft.rpc.type = GRPC (default)
2022-08-25 18:57:48,178 [Listener at 0.0.0.0/43223] INFO  grpc.GrpcFactory (GrpcFactory.java:checkPooledByteBufAllocatorUseCacheForAllThreads(48)) - PERFORMANCE WARNING: useCacheForAllThreads is true that may cause Netty to create a lot garbage objects and, as a result, trigger GC.
	It is recommended to disable useCacheForAllThreads by setting -Dorg.apache.ratis.thirdparty.io.netty.allocator.useCacheForAllThreads=false in command line.
2022-08-25 18:57:48,183 [Listener at 0.0.0.0/43223] INFO  grpc.GrpcConfigKeys (ConfUtils.java:logGet(46)) - raft.grpc.admin.port = -1 (default)
2022-08-25 18:57:48,183 [Listener at 0.0.0.0/43223] INFO  grpc.GrpcConfigKeys (ConfUtils.java:logGet(46)) - raft.grpc.server.port = 9872 (custom)
2022-08-25 18:57:48,184 [Listener at 0.0.0.0/43223] INFO  grpc.GrpcConfigKeys (ConfUtils.java:logGet(46)) - raft.grpc.client.port = -1 (default)
2022-08-25 18:57:48,184 [Listener at 0.0.0.0/43223] INFO  grpc.GrpcConfigKeys (ConfUtils.java:logGet(46)) - raft.grpc.server.port = 9872 (custom)
2022-08-25 18:57:48,184 [Listener at 0.0.0.0/43223] INFO  grpc.GrpcConfigKeys (ConfUtils.java:logGet(46)) - raft.grpc.server.port = 9872 (custom)
2022-08-25 18:57:48,185 [Listener at 0.0.0.0/43223] INFO  server.GrpcService (ConfUtils.java:logGet(46)) - raft.grpc.message.size.max = 33554432 (custom)
2022-08-25 18:57:48,186 [Listener at 0.0.0.0/43223] INFO  server.RaftServerConfigKeys (ConfUtils.java:logGet(46)) - raft.server.log.appender.buffer.byte-limit = 33554432 (custom)
2022-08-25 18:57:48,186 [Listener at 0.0.0.0/43223] INFO  server.GrpcService (ConfUtils.java:logGet(46)) - raft.grpc.flow.control.window = 1MB (=1048576) (default)
2022-08-25 18:57:48,187 [Listener at 0.0.0.0/43223] INFO  server.RaftServerConfigKeys (ConfUtils.java:logGet(46)) - raft.server.rpc.request.timeout = 3000ms (default)
2022-08-25 18:57:48,206 [Listener at 0.0.0.0/43223] INFO  grpc.GrpcConfigKeys (ConfUtils.java:logGet(46)) - raft.grpc.server.async.request.thread.pool.cached = true (default)
2022-08-25 18:57:48,206 [Listener at 0.0.0.0/43223] INFO  grpc.GrpcConfigKeys (ConfUtils.java:logGet(46)) - raft.grpc.server.async.request.thread.pool.size = 32 (default)
2022-08-25 18:57:48,530 [Listener at 0.0.0.0/43223] INFO  impl.DataStreamServerImpl (ConfUtils.java:logGet(46)) - raft.datastream.type = DISABLED (default)
2022-08-25 18:57:48,533 [Listener at 0.0.0.0/43223] INFO  server.RaftServerConfigKeys (ConfUtils.java:logGet(46)) - raft.server.threadpool.proxy.cached = true (default)
2022-08-25 18:57:48,534 [Listener at 0.0.0.0/43223] INFO  server.RaftServerConfigKeys (ConfUtils.java:logGet(46)) - raft.server.threadpool.proxy.size = 0 (default)
2022-08-25 18:57:48,534 [Listener at 0.0.0.0/43223] INFO  server.RaftServerConfigKeys (ConfUtils.java:logGet(46)) - raft.server.rpc.slowness.timeout = 120s (custom)
2022-08-25 18:57:48,534 [Listener at 0.0.0.0/43223] INFO  server.RaftServerConfigKeys (ConfUtils.java:logGet(46)) - raft.server.leaderelection.leader.step-down.wait-time = 10s (default)
2022-08-25 18:57:48,538 [Listener at 0.0.0.0/43223] INFO  server.RaftServerConfigKeys (ConfUtils.java:logGet(46)) - raft.server.storage.dir = [/home/runner/work/ozone/ozone/hadoop-ozone/integration-test/target/test-dir/MiniOzoneClusterImpl-518a318b-3ddf-4865-b851-646fdb0ed455/ozone-meta/ratis] (custom)
2022-08-25 18:57:48,548 [Listener at 0.0.0.0/43223] INFO  server.RaftServer (RaftServerProxy.java:addNew(96)) - om1: addNew group-C5BA1605619E:[om1|rpc:localhost:9872|priority:0] returns group-C5BA1605619E:java.util.concurrent.CompletableFuture@391aee9[Not completed]
2022-08-25 18:57:48,549 [Listener at 0.0.0.0/43223] INFO  om.OzoneManager (OzoneManager.java:initializeRatisServer(1963)) - OzoneManager Ratis server initialized at port 9872
2022-08-25 18:57:48,565 [Listener at 0.0.0.0/43223] INFO  om.OzoneManager (OzoneManager.java:getRpcServer(1086)) - Creating RPC Server
2022-08-25 18:57:48,577 [pool-55-thread-1] INFO  server.RaftServer$Division (RaftServerImpl.java:<init>(190)) - om1: new RaftServerImpl for group-C5BA1605619E:[om1|rpc:localhost:9872|priority:0] with OzoneManagerStateMachine:uninitialized
2022-08-25 18:57:48,579 [pool-55-thread-1] INFO  server.RaftServerConfigKeys (ConfUtils.java:logGet(46)) - raft.server.rpc.timeout.min = 1s (custom)
2022-08-25 18:57:48,582 [pool-55-thread-1] INFO  server.RaftServerConfigKeys (ConfUtils.java:logGet(46)) - raft.server.rpc.timeout.max = 1200ms (custom)
2022-08-25 18:57:48,582 [pool-55-thread-1] INFO  server.RaftServerConfigKeys (ConfUtils.java:logGet(46)) - raft.server.rpc.sleep.time = 25ms (default)
2022-08-25 18:57:48,582 [pool-55-thread-1] INFO  server.RaftServerConfigKeys (ConfUtils.java:logGet(46)) - raft.server.rpc.slowness.timeout = 120s (custom)
2022-08-25 18:57:48,583 [pool-55-thread-1] INFO  server.RaftServerConfigKeys (ConfUtils.java:logGet(46)) - raft.server.leaderelection.leader.step-down.wait-time = 10s (default)
2022-08-25 18:57:48,583 [pool-55-thread-1] INFO  server.RaftServerConfigKeys (ConfUtils.java:logGet(46)) - raft.server.sleep.deviation.threshold = 300ms (default)
2022-08-25 18:57:48,605 [pool-55-thread-1] INFO  server.RaftServer$Division (ServerState.java:<init>(107)) - om1@group-C5BA1605619E: ConfigurationManager, init=-1: [om1|rpc:localhost:9872|priority:0], old=null, confs=<EMPTY_MAP>
2022-08-25 18:57:48,606 [pool-55-thread-1] INFO  server.RaftServerConfigKeys (ConfUtils.java:logGet(46)) - raft.server.storage.dir = [/home/runner/work/ozone/ozone/hadoop-ozone/integration-test/target/test-dir/MiniOzoneClusterImpl-518a318b-3ddf-4865-b851-646fdb0ed455/ozone-meta/ratis] (custom)
2022-08-25 18:57:48,611 [pool-55-thread-1] INFO  server.RaftServerConfigKeys (ConfUtils.java:logGet(46)) - raft.server.log.corruption.policy = EXCEPTION (default)
2022-08-25 18:57:48,611 [pool-55-thread-1] INFO  server.RaftServerConfigKeys (ConfUtils.java:logGet(46)) - raft.server.storage.free-space.min = 0MB (=0) (default)
2022-08-25 18:57:48,613 [pool-55-thread-1] INFO  storage.RaftStorageDirectory (RaftStorageDirectoryImpl.java:analyzeStorage(135)) - The storage directory /home/runner/work/ozone/ozone/hadoop-ozone/integration-test/target/test-dir/MiniOzoneClusterImpl-518a318b-3ddf-4865-b851-646fdb0ed455/ozone-meta/ratis/bf265839-605b-3f16-9796-c5ba1605619e does not exist. Creating ...
2022-08-25 18:57:48,631 [pool-55-thread-1] INFO  storage.RaftStorageDirectory (RaftStorageDirectoryImpl.java:tryLock(230)) - Lock on /home/runner/work/ozone/ozone/hadoop-ozone/integration-test/target/test-dir/MiniOzoneClusterImpl-518a318b-3ddf-4865-b851-646fdb0ed455/ozone-meta/ratis/bf265839-605b-3f16-9796-c5ba1605619e/in_use.lock acquired by nodename 56427@fv-az204-2
2022-08-25 18:57:48,642 [pool-55-thread-1] INFO  storage.RaftStorage (RaftStorageImpl.java:format(89)) - Storage directory /home/runner/work/ozone/ozone/hadoop-ozone/integration-test/target/test-dir/MiniOzoneClusterImpl-518a318b-3ddf-4865-b851-646fdb0ed455/ozone-meta/ratis/bf265839-605b-3f16-9796-c5ba1605619e has been successfully formatted.
2022-08-25 18:57:48,662 [pool-55-thread-1] INFO  server.RaftServerConfigKeys (ConfUtils.java:logGet(46)) - raft.server.notification.no-leader.timeout = 120s (custom)
2022-08-25 18:57:48,673 [pool-55-thread-1] INFO  server.RaftServerConfigKeys (ConfUtils.java:logGet(46)) - raft.server.log.use.memory = false (default)
2022-08-25 18:57:48,693 [pool-55-thread-1] INFO  server.RaftServerConfigKeys (ConfUtils.java:logGet(46)) - raft.server.log.purge.gap = 1000000 (custom)
2022-08-25 18:57:48,693 [pool-55-thread-1] INFO  server.RaftServerConfigKeys (ConfUtils.java:logGet(46)) - raft.server.log.appender.buffer.byte-limit = 33554432 (custom)
2022-08-25 18:57:48,707 [pool-55-thread-1] INFO  server.RaftServerConfigKeys (ConfUtils.java:logGet(46)) - raft.server.log.statemachine.data.read.timeout = 1000ms (default)
2022-08-25 18:57:48,774 [pool-55-thread-1] INFO  server.RaftServerConfigKeys (ConfUtils.java:logGet(46)) - raft.server.log.segment.size.max = 4194304 (custom)
2022-08-25 18:57:48,808 [pool-55-thread-1] INFO  server.RaftServerConfigKeys (ConfUtils.java:logGet(46)) - raft.server.log.segment.cache.num.max = 2 (custom)
2022-08-25 18:57:48,809 [pool-55-thread-1] INFO  server.RaftServerConfigKeys (ConfUtils.java:logGet(46)) - raft.server.log.segment.cache.size.max = 200MB (=209715200) (default)
2022-08-25 18:57:48,833 [pool-55-thread-1] INFO  segmented.SegmentedRaftLogWorker (SegmentedRaftLogWorker.java:<init>(187)) - new om1@group-C5BA1605619E-SegmentedRaftLogWorker for RaftStorageImpl:Storage Directory /home/runner/work/ozone/ozone/hadoop-ozone/integration-test/target/test-dir/MiniOzoneClusterImpl-518a318b-3ddf-4865-b851-646fdb0ed455/ozone-meta/ratis/bf265839-605b-3f16-9796-c5ba1605619e
2022-08-25 18:57:48,837 [pool-55-thread-1] INFO  server.RaftServerConfigKeys (ConfUtils.java:logGet(46)) - raft.server.log.queue.byte-limit = 64MB (=67108864) (default)
2022-08-25 18:57:48,837 [pool-55-thread-1] INFO  server.RaftServerConfigKeys (ConfUtils.java:logGet(46)) - raft.server.log.queue.element-limit = 4096 (default)
2022-08-25 18:57:48,838 [pool-55-thread-1] INFO  server.RaftServerConfigKeys (ConfUtils.java:logGet(46)) - raft.server.log.segment.size.max = 4194304 (custom)
2022-08-25 18:57:48,839 [pool-55-thread-1] INFO  server.RaftServerConfigKeys (ConfUtils.java:logGet(46)) - raft.server.log.preallocated.size = 4194304 (custom)
2022-08-25 18:57:48,839 [pool-55-thread-1] INFO  server.RaftServerConfigKeys (ConfUtils.java:logGet(46)) - raft.server.log.force.sync.num = 128 (default)
2022-08-25 18:57:48,841 [pool-55-thread-1] INFO  server.RaftServerConfigKeys (ConfUtils.java:logGet(46)) - raft.server.log.statemachine.data.sync = true (default)
2022-08-25 18:57:48,841 [pool-55-thread-1] INFO  server.RaftServerConfigKeys (ConfUtils.java:logGet(46)) - raft.server.log.statemachine.data.sync.timeout = 10s (default)
2022-08-25 18:57:48,841 [pool-55-thread-1] INFO  server.RaftServerConfigKeys (ConfUtils.java:logGet(46)) - raft.server.log.statemachine.data.sync.timeout.retry = -1 (default)
2022-08-25 18:57:48,881 [pool-55-thread-1] INFO  server.RaftServerConfigKeys (ConfUtils.java:logGet(46)) - raft.server.log.write.buffer.size = 64KB (=65536) (default)
2022-08-25 18:57:48,882 [pool-55-thread-1] INFO  server.RaftServerConfigKeys (ConfUtils.java:logGet(46)) - raft.server.log.unsafe-flush.enabled = false (default)
2022-08-25 18:57:48,882 [pool-55-thread-1] INFO  server.RaftServerConfigKeys (ConfUtils.java:logGet(46)) - raft.server.log.statemachine.data.caching.enabled = false (default)
2022-08-25 18:57:48,901 [pool-55-thread-1] INFO  segmented.SegmentedRaftLogWorker (SegmentedRaftLogWorker.java:lambda$new$0(135)) - om1@group-C5BA1605619E-SegmentedRaftLogWorker: flushIndex: setUnconditionally 0 -> -1
2022-08-25 18:57:48,901 [pool-55-thread-1] INFO  segmented.SegmentedRaftLogWorker (SegmentedRaftLogWorker.java:lambda$new$0(135)) - om1@group-C5BA1605619E-SegmentedRaftLogWorker: safeCacheEvictIndex: setUnconditionally 0 -> -1
2022-08-25 18:57:48,912 [pool-55-thread-1] INFO  server.RaftServerConfigKeys (ConfUtils.java:logGet(46)) - raft.server.snapshot.auto.trigger.enabled = true (custom)
2022-08-25 18:57:48,913 [pool-55-thread-1] INFO  server.RaftServerConfigKeys (ConfUtils.java:logGet(46)) - raft.server.snapshot.auto.trigger.threshold = 400000 (default)
2022-08-25 18:57:48,914 [pool-55-thread-1] INFO  server.RaftServerConfigKeys (ConfUtils.java:logGet(46)) - raft.server.snapshot.retention.file.num = -1 (default)
2022-08-25 18:57:48,914 [pool-55-thread-1] INFO  server.RaftServerConfigKeys (ConfUtils.java:logGet(46)) - raft.server.log.purge.upto.snapshot.index = true (custom)
2022-08-25 18:57:48,917 [pool-55-thread-1] INFO  server.RaftServerConfigKeys (ConfUtils.java:logGet(46)) - raft.server.retrycache.expirytime = 300s (custom)
2022-08-25 18:57:48,917 [pool-55-thread-1] INFO  server.RaftServerConfigKeys (ConfUtils.java:logGet(46)) - raft.server.retrycache.statistics.expirytime = 100μs (default)
2022-08-25 18:57:49,030 [pool-55-thread-1] INFO  server.RaftServerConfigKeys (ConfUtils.java:logGet(46)) - raft.server.log.appender.install.snapshot.enabled = false (custom)
2022-08-25 18:57:49,031 [pool-55-thread-1] INFO  server.RaftServerConfigKeys (ConfUtils.java:logGet(46)) - raft.server.threadpool.server.cached = true (default)
2022-08-25 18:57:49,031 [pool-55-thread-1] INFO  server.RaftServerConfigKeys (ConfUtils.java:logGet(46)) - raft.server.threadpool.server.size = 0 (default)
2022-08-25 18:57:49,031 [pool-55-thread-1] INFO  server.RaftServerConfigKeys (ConfUtils.java:logGet(46)) - raft.server.threadpool.client.cached = true (default)
2022-08-25 18:57:49,032 [pool-55-thread-1] INFO  server.RaftServerConfigKeys (ConfUtils.java:logGet(46)) - raft.server.threadpool.client.size = 0 (default)
2022-08-25 18:57:49,364 [Listener at 0.0.0.0/43223] INFO  reflections.Reflections (Reflections.java:scan(232)) - Reflections took 737 ms to scan 19 urls, producing 67 keys and 4160 values [using 2 cores]
2022-08-25 18:57:49,686 [Listener at 0.0.0.0/43223] INFO  ipc.CallQueueManager (CallQueueManager.java:<init>(90)) - Using callQueue: class java.util.concurrent.LinkedBlockingQueue, queueCapacity: 2000, scheduler: class org.apache.hadoop.ipc.DefaultRpcScheduler, ipcBackoff: false.
2022-08-25 18:57:49,687 [Socket Reader #1 for port 0] INFO  ipc.Server (Server.java:run(1265)) - Starting Socket Reader #1 for port 0
2022-08-25 18:57:49,716 [Listener at 127.0.0.1/37469] INFO  impl.MetricsSystemImpl (MetricsSystemImpl.java:init(158)) - OzoneManager metrics system started (again)
2022-08-25 18:57:49,728 [Listener at 127.0.0.1/37469] INFO  om.OzoneManager (OzoneManager.java:start(1470)) - OzoneManager RPC server is listening at localhost/127.0.0.1:37469
2022-08-25 18:57:49,728 [Listener at 127.0.0.1/37469] INFO  ratis.OzoneManagerRatisServer (OzoneManagerRatisServer.java:start(554)) - Starting OzoneManagerRatisServer om1 at port 9872
2022-08-25 18:57:49,731 [om1-impl-thread1] INFO  server.RaftServer$Division (RaftServerImpl.java:start(310)) - om1@group-C5BA1605619E: start as a follower, conf=-1: [om1|rpc:localhost:9872|priority:0], old=null
2022-08-25 18:57:49,732 [om1-impl-thread1] INFO  server.RaftServer$Division (RaftServerImpl.java:setRole(299)) - om1@group-C5BA1605619E: changes role from      null to FOLLOWER at term 0 for startAsFollower
2022-08-25 18:57:49,733 [om1-impl-thread1] INFO  impl.RoleInfo (RoleInfo.java:updateAndGet(139)) - om1: start om1@group-C5BA1605619E-FollowerState
2022-08-25 18:57:49,734 [om1-impl-thread1] INFO  util.JmxRegister (JmxRegister.java:tryRegister(44)) - Successfully registered JMX Bean with object name Ratis:service=RaftServer,group=group-C5BA1605619E,id=om1
2022-08-25 18:57:49,744 [Listener at 127.0.0.1/37469] INFO  server.RaftServer (RaftServerProxy.java:lambda$start$6(382)) - om1: start RPC server
2022-08-25 18:57:49,812 [Listener at 127.0.0.1/37469] INFO  server.GrpcService (GrpcService.java:startImpl(260)) - om1: GrpcService started, listening on 9872
2022-08-25 18:57:49,814 [Listener at 127.0.0.1/37469] INFO  om.OzoneManager (OzoneManager.java:start(1486)) - Version File has different layout version (3) than OM DB (null). That is expected if this OM has never been finalized to a newer layout version.
2022-08-25 18:57:49,816 [org.apache.ratis.util.JvmPauseMonitor$$Lambda$620/920001471@7ba44d2d] INFO  util.JvmPauseMonitor (JvmPauseMonitor.java:run(103)) - JvmPauseMonitor-om1: Started
2022-08-25 18:57:49,830 [Listener at 127.0.0.1/37469] INFO  http.BaseHttpServer (BaseHttpServer.java:newHttpServer2BuilderForOzone(209)) - Starting Web-server for ozoneManager at: http://0.0.0.0:0
2022-08-25 18:57:49,830 [Listener at 127.0.0.1/37469] INFO  http.BaseHttpServer (BaseHttpServer.java:<init>(107)) - Hadoop Security Enabled: false Ozone Security Enabled: false Ozone HTTP Security Enabled: false 
2022-08-25 18:57:49,832 [Listener at 127.0.0.1/37469] INFO  server.AuthenticationFilter (AuthenticationFilter.java:constructSecretProvider(240)) - Unable to initialize FileSignerSecretProvider, falling back to use random secrets.
2022-08-25 18:57:49,836 [Listener at 127.0.0.1/37469] WARN  http.HttpRequestLog (HttpRequestLog.java:getRequestLog(103)) - Jetty request log can only be enabled using Log4j
2022-08-25 18:57:49,838 [Listener at 127.0.0.1/37469] INFO  http.HttpServer2 (HttpServer2.java:addGlobalFilter(1029)) - Added global filter 'safety' (class=org.apache.hadoop.hdds.server.http.HttpServer2$QuotingInputFilter)
2022-08-25 18:57:49,839 [Listener at 127.0.0.1/37469] INFO  http.HttpServer2 (HttpServer2.java:addFilter(1005)) - Added filter static_user_filter (class=org.apache.hadoop.http.lib.StaticUserWebFilter$StaticUserFilter) to context ozoneManager
2022-08-25 18:57:49,839 [Listener at 127.0.0.1/37469] INFO  http.HttpServer2 (HttpServer2.java:addFilter(1013)) - Added filter static_user_filter (class=org.apache.hadoop.http.lib.StaticUserWebFilter$StaticUserFilter) to context logs
2022-08-25 18:57:49,839 [Listener at 127.0.0.1/37469] INFO  http.HttpServer2 (HttpServer2.java:addFilter(1013)) - Added filter static_user_filter (class=org.apache.hadoop.http.lib.StaticUserWebFilter$StaticUserFilter) to context static
2022-08-25 18:57:49,848 [Listener at 127.0.0.1/37469] INFO  http.HttpServer2 (HttpServer2.java:bindListener(1248)) - Jetty bound to port 33303
2022-08-25 18:57:49,848 [Listener at 127.0.0.1/37469] INFO  server.Server (Server.java:doStart(375)) - jetty-9.4.43.v20210629; built: 2021-06-30T11:07:22.254Z; git: 526006ecfa3af7f1a27ef3a288e2bef7ea9dd7e8; jvm 1.8.0_345-b01
2022-08-25 18:57:49,856 [Listener at 127.0.0.1/37469] INFO  server.session (DefaultSessionIdManager.java:doStart(334)) - DefaultSessionIdManager workerName=node0
2022-08-25 18:57:49,856 [Listener at 127.0.0.1/37469] INFO  server.session (DefaultSessionIdManager.java:doStart(339)) - No SessionScavenger set, using defaults
2022-08-25 18:57:49,857 [Listener at 127.0.0.1/37469] INFO  server.session (HouseKeeper.java:startScavenging(132)) - node0 Scavenging every 660000ms
2022-08-25 18:57:49,857 [Listener at 127.0.0.1/37469] INFO  handler.ContextHandler (ContextHandler.java:doStart(915)) - Started o.e.j.s.ServletContextHandler@4016ec40{logs,/logs,file:///home/runner/work/ozone/ozone/hadoop-ozone/integration-test/target/log,AVAILABLE}
2022-08-25 18:57:49,858 [Listener at 127.0.0.1/37469] INFO  handler.ContextHandler (ContextHandler.java:doStart(915)) - Started o.e.j.s.ServletContextHandler@24473f80{static,/static,file:///home/runner/work/ozone/ozone/hadoop-ozone/integration-test/target/test-classes/webapps/static,AVAILABLE}
2022-08-25 18:57:49,862 [Listener at 127.0.0.1/37469] INFO  handler.ContextHandler (ContextHandler.java:doStart(915)) - Started o.e.j.w.WebAppContext@4f1fabe5{ozoneManager,/,file:///home/runner/work/ozone/ozone/hadoop-ozone/integration-test/target/test-classes/webapps/ozoneManager/,AVAILABLE}{file:/home/runner/work/ozone/ozone/hadoop-ozone/integration-test/target/test-classes/webapps/ozoneManager}
2022-08-25 18:57:49,865 [Listener at 127.0.0.1/37469] INFO  server.AbstractConnector (AbstractConnector.java:doStart(331)) - Started ServerConnector@6bd02ccb{HTTP/1.1, (http/1.1)}{0.0.0.0:33303}
2022-08-25 18:57:49,866 [Listener at 127.0.0.1/37469] INFO  server.Server (Server.java:doStart(415)) - Started @7766ms
2022-08-25 18:57:49,866 [Listener at 127.0.0.1/37469] WARN  impl.MetricsSystemImpl (MetricsSystemImpl.java:register(279)) - Sink prometheus already exists!
2022-08-25 18:57:49,867 [Listener at 127.0.0.1/37469] INFO  http.BaseHttpServer (BaseHttpServer.java:updateConnectorAddress(329)) - HTTP server of ozoneManager listening at http://0.0.0.0:33303
2022-08-25 18:57:49,868 [IPC Server Responder] INFO  ipc.Server (Server.java:run(1507)) - IPC Server Responder: starting
2022-08-25 18:57:49,872 [IPC Server listener on 0] INFO  ipc.Server (Server.java:run(1344)) - IPC Server listener on 0: starting
2022-08-25 18:57:49,880 [Listener at 127.0.0.1/37469] INFO  om.OzoneManager (OzoneManager.java:startTrashEmptier(1907)) - Trash Interval set to 0. Files deleted won't move to trash
2022-08-25 18:57:49,886 [org.apache.hadoop.util.JvmPauseMonitor$Monitor@2560add9] INFO  util.JvmPauseMonitor (JvmPauseMonitor.java:run(188)) - Starting JVM pause monitor
2022-08-25 18:57:50,062 [Listener at 127.0.0.1/37469] WARN  impl.MetricRegistriesImpl (MetricRegistriesImpl.java:addReporterRegistration(111)) - New reporters are added after registries were created. Some metrics will be missing from the reporter. Please add reporter before adding any new registry.
2022-08-25 18:57:50,062 [Listener at 127.0.0.1/37469] WARN  impl.MetricRegistriesImpl (MetricRegistriesImpl.java:addReporterRegistration(111)) - New reporters are added after registries were created. Some metrics will be missing from the reporter. Please add reporter before adding any new registry.
2022-08-25 18:57:50,063 [Listener at 127.0.0.1/37469] INFO  impl.MetricsSystemImpl (MetricsSystemImpl.java:init(158)) - HddsDatanode metrics system started (again)
2022-08-25 18:57:50,084 [Listener at 127.0.0.1/37469] INFO  ozone.HddsDatanodeService (HddsDatanodeService.java:start(236)) - HddsDatanodeService host:fv-az204-2.d0ggoinxmwcejgojbuqly40l0e.cx.internal.cloudapp.net ip:10.1.0.203
2022-08-25 18:57:50,117 [Listener at 127.0.0.1/37469] INFO  upgrade.AbstractLayoutVersionManager (AbstractLayoutVersionManager.java:init(83)) - Initializing Layout version manager with metadata layout = DATANODE_SCHEMA_V3 (version = 4), software layout = DATANODE_SCHEMA_V3 (version = 4)
2022-08-25 18:57:50,171 [Listener at 127.0.0.1/37469] INFO  reflections.Reflections (Reflections.java:scan(232)) - Reflections took 49 ms to scan 7 urls, producing 133 keys and 322 values 
2022-08-25 18:57:50,177 [Listener at 127.0.0.1/37469] INFO  statemachine.DatanodeStateMachine (DatanodeStateMachine.java:getEndPointTaskThreadPoolSize(237)) - Datanode State Machine Task Thread Pool size 2
2022-08-25 18:57:50,250 [Listener at 127.0.0.1/37469] INFO  volume.HddsVolume (HddsVolume.java:<init>(117)) - Creating HddsVolume: /home/runner/work/ozone/ozone/hadoop-ozone/integration-test/target/test-dir/MiniOzoneClusterImpl-518a318b-3ddf-4865-b851-646fdb0ed455/datanode-0/data-0/containers/hdds of storage type : DISK capacity : 9223372036854775807
2022-08-25 18:57:50,252 [Listener at 127.0.0.1/37469] INFO  volume.MutableVolumeSet (MutableVolumeSet.java:initializeVolumeSet(174)) - Added Volume : /home/runner/work/ozone/ozone/hadoop-ozone/integration-test/target/test-dir/MiniOzoneClusterImpl-518a318b-3ddf-4865-b851-646fdb0ed455/datanode-0/data-0/containers/hdds to VolumeSet
2022-08-25 18:57:50,253 [Listener at 127.0.0.1/37469] INFO  volume.ThrottledAsyncChecker (ThrottledAsyncChecker.java:schedule(141)) - Scheduling a check for /home/runner/work/ozone/ozone/hadoop-ozone/integration-test/target/test-dir/MiniOzoneClusterImpl-518a318b-3ddf-4865-b851-646fdb0ed455/datanode-0/data-0/containers/hdds
2022-08-25 18:57:50,268 [Listener at 127.0.0.1/37469] INFO  volume.StorageVolumeChecker (StorageVolumeChecker.java:checkAllVolumes(202)) - Scheduled health check for volume /home/runner/work/ozone/ozone/hadoop-ozone/integration-test/target/test-dir/MiniOzoneClusterImpl-518a318b-3ddf-4865-b851-646fdb0ed455/datanode-0/data-0/containers/hdds
2022-08-25 18:57:50,286 [Listener at 127.0.0.1/37469] INFO  volume.MutableVolumeSet (MutableVolumeSet.java:initializeVolumeSet(174)) - Added Volume : /home/runner/work/ozone/ozone/hadoop-ozone/integration-test/target/test-dir/MiniOzoneClusterImpl-518a318b-3ddf-4865-b851-646fdb0ed455/datanode-0/data/ratis to VolumeSet
2022-08-25 18:57:50,286 [Listener at 127.0.0.1/37469] INFO  volume.ThrottledAsyncChecker (ThrottledAsyncChecker.java:schedule(141)) - Scheduling a check for /home/runner/work/ozone/ozone/hadoop-ozone/integration-test/target/test-dir/MiniOzoneClusterImpl-518a318b-3ddf-4865-b851-646fdb0ed455/datanode-0/data/ratis
2022-08-25 18:57:50,286 [Listener at 127.0.0.1/37469] INFO  volume.StorageVolumeChecker (StorageVolumeChecker.java:checkAllVolumes(202)) - Scheduled health check for volume /home/runner/work/ozone/ozone/hadoop-ozone/integration-test/target/test-dir/MiniOzoneClusterImpl-518a318b-3ddf-4865-b851-646fdb0ed455/datanode-0/data/ratis
2022-08-25 18:57:50,310 [Thread-136] INFO  ozoneimpl.ContainerReader (ContainerReader.java:readVolume(175)) - Finish verifying containers on volume /home/runner/work/ozone/ozone/hadoop-ozone/integration-test/target/test-dir/MiniOzoneClusterImpl-518a318b-3ddf-4865-b851-646fdb0ed455/datanode-0/data-0/containers/hdds
2022-08-25 18:57:50,310 [Listener at 127.0.0.1/37469] INFO  ozoneimpl.OzoneContainer (OzoneContainer.java:buildContainerSet(299)) - Build ContainerSet costs 0s
2022-08-25 18:57:50,360 [Listener at 127.0.0.1/37469] INFO  audit.AuditLogger (AuditLogger.java:refreshDebugCmdSet(126)) - Refresh DebugCmdSet for DNAudit to [].
2022-08-25 18:57:50,390 [Listener at 127.0.0.1/37469] INFO  server.RaftServer (ConfUtils.java:logGet(46)) - raft.rpc.type = GRPC (default)
2022-08-25 18:57:50,391 [Listener at 127.0.0.1/37469] INFO  grpc.GrpcFactory (GrpcFactory.java:checkPooledByteBufAllocatorUseCacheForAllThreads(48)) - PERFORMANCE WARNING: useCacheForAllThreads is true that may cause Netty to create a lot garbage objects and, as a result, trigger GC.
	It is recommended to disable useCacheForAllThreads by setting -Dorg.apache.ratis.thirdparty.io.netty.allocator.useCacheForAllThreads=false in command line.
2022-08-25 18:57:50,391 [Listener at 127.0.0.1/37469] INFO  grpc.GrpcConfigKeys (ConfUtils.java:logGet(46)) - raft.grpc.admin.port = 0 (custom)
2022-08-25 18:57:50,391 [Listener at 127.0.0.1/37469] INFO  grpc.GrpcConfigKeys (ConfUtils.java:logGet(46)) - raft.grpc.client.port = 0 (custom)
2022-08-25 18:57:50,391 [Listener at 127.0.0.1/37469] INFO  grpc.GrpcConfigKeys (ConfUtils.java:logGet(46)) - raft.grpc.server.port = 0 (default)
2022-08-25 18:57:50,391 [Listener at 127.0.0.1/37469] INFO  server.GrpcService (ConfUtils.java:logGet(46)) - raft.grpc.message.size.max = 32MB (=33554432) (custom)
2022-08-25 18:57:50,392 [Listener at 127.0.0.1/37469] INFO  server.RaftServerConfigKeys (ConfUtils.java:logGet(46)) - raft.server.log.appender.buffer.byte-limit = 33554432 (custom)
2022-08-25 18:57:50,392 [Listener at 127.0.0.1/37469] INFO  server.GrpcService (ConfUtils.java:logGet(46)) - raft.grpc.flow.control.window = 5MB (=5242880) (custom)
2022-08-25 18:57:50,392 [Listener at 127.0.0.1/37469] INFO  server.RaftServerConfigKeys (ConfUtils.java:logGet(46)) - raft.server.rpc.request.timeout = 60s (custom)
2022-08-25 18:57:50,392 [Listener at 127.0.0.1/37469] INFO  grpc.GrpcConfigKeys (ConfUtils.java:logGet(46)) - raft.grpc.server.async.request.thread.pool.cached = true (default)
2022-08-25 18:57:50,392 [Listener at 127.0.0.1/37469] INFO  grpc.GrpcConfigKeys (ConfUtils.java:logGet(46)) - raft.grpc.server.async.request.thread.pool.size = 32 (default)
2022-08-25 18:57:50,394 [Listener at 127.0.0.1/37469] INFO  impl.DataStreamServerImpl (ConfUtils.java:logGet(46)) - raft.datastream.type = DISABLED (default)
2022-08-25 18:57:50,394 [Listener at 127.0.0.1/37469] INFO  server.RaftServerConfigKeys (ConfUtils.java:logGet(46)) - raft.server.threadpool.proxy.cached = true (default)
2022-08-25 18:57:50,394 [Listener at 127.0.0.1/37469] INFO  server.RaftServerConfigKeys (ConfUtils.java:logGet(46)) - raft.server.threadpool.proxy.size = 0 (default)
2022-08-25 18:57:50,394 [Listener at 127.0.0.1/37469] INFO  server.RaftServerConfigKeys (ConfUtils.java:logGet(46)) - raft.server.rpc.slowness.timeout = 300s (custom)
2022-08-25 18:57:50,395 [Listener at 127.0.0.1/37469] INFO  server.RaftServerConfigKeys (ConfUtils.java:logGet(46)) - raft.server.leaderelection.leader.step-down.wait-time = 10s (default)
2022-08-25 18:57:50,395 [Listener at 127.0.0.1/37469] INFO  server.RaftServerConfigKeys (ConfUtils.java:logGet(46)) - raft.server.storage.dir = [/home/runner/work/ozone/ozone/hadoop-ozone/integration-test/target/test-dir/MiniOzoneClusterImpl-518a318b-3ddf-4865-b851-646fdb0ed455/datanode-0/data/ratis] (custom)
2022-08-25 18:57:50,414 [Listener at 127.0.0.1/37469] INFO  server.XceiverServerGrpc (XceiverServerGrpc.java:<init>(132)) - GrpcServer channel type EpollServerSocketChannel
2022-08-25 18:57:50,490 [Listener at 127.0.0.1/37469] INFO  http.BaseHttpServer (BaseHttpServer.java:newHttpServer2BuilderForOzone(209)) - Starting Web-server for hddsDatanode at: http://0.0.0.0:0
2022-08-25 18:57:50,490 [Listener at 127.0.0.1/37469] INFO  http.BaseHttpServer (BaseHttpServer.java:<init>(107)) - Hadoop Security Enabled: false Ozone Security Enabled: false Ozone HTTP Security Enabled: false 
2022-08-25 18:57:50,491 [Listener at 127.0.0.1/37469] INFO  server.AuthenticationFilter (AuthenticationFilter.java:constructSecretProvider(240)) - Unable to initialize FileSignerSecretProvider, falling back to use random secrets.
2022-08-25 18:57:50,492 [Listener at 127.0.0.1/37469] WARN  http.HttpRequestLog (HttpRequestLog.java:getRequestLog(103)) - Jetty request log can only be enabled using Log4j
2022-08-25 18:57:50,494 [Listener at 127.0.0.1/37469] INFO  http.HttpServer2 (HttpServer2.java:addGlobalFilter(1029)) - Added global filter 'safety' (class=org.apache.hadoop.hdds.server.http.HttpServer2$QuotingInputFilter)
2022-08-25 18:57:50,495 [Listener at 127.0.0.1/37469] INFO  http.HttpServer2 (HttpServer2.java:addFilter(1005)) - Added filter static_user_filter (class=org.apache.hadoop.http.lib.StaticUserWebFilter$StaticUserFilter) to context hddsDatanode
2022-08-25 18:57:50,495 [Listener at 127.0.0.1/37469] INFO  http.HttpServer2 (HttpServer2.java:addFilter(1013)) - Added filter static_user_filter (class=org.apache.hadoop.http.lib.StaticUserWebFilter$StaticUserFilter) to context static
2022-08-25 18:57:50,495 [Listener at 127.0.0.1/37469] INFO  http.HttpServer2 (HttpServer2.java:addFilter(1013)) - Added filter static_user_filter (class=org.apache.hadoop.http.lib.StaticUserWebFilter$StaticUserFilter) to context logs
2022-08-25 18:57:50,496 [Listener at 127.0.0.1/37469] INFO  http.HttpServer2 (HttpServer2.java:bindListener(1248)) - Jetty bound to port 37997
2022-08-25 18:57:50,496 [Listener at 127.0.0.1/37469] INFO  server.Server (Server.java:doStart(375)) - jetty-9.4.43.v20210629; built: 2021-06-30T11:07:22.254Z; git: 526006ecfa3af7f1a27ef3a288e2bef7ea9dd7e8; jvm 1.8.0_345-b01
2022-08-25 18:57:50,497 [Listener at 127.0.0.1/37469] INFO  server.session (DefaultSessionIdManager.java:doStart(334)) - DefaultSessionIdManager workerName=node0
2022-08-25 18:57:50,498 [Listener at 127.0.0.1/37469] INFO  server.session (DefaultSessionIdManager.java:doStart(339)) - No SessionScavenger set, using defaults
2022-08-25 18:57:50,498 [Listener at 127.0.0.1/37469] INFO  server.session (HouseKeeper.java:startScavenging(132)) - node0 Scavenging every 660000ms
2022-08-25 18:57:50,499 [Listener at 127.0.0.1/37469] INFO  handler.ContextHandler (ContextHandler.java:doStart(915)) - Started o.e.j.s.ServletContextHandler@570da8f4{logs,/logs,file:///home/runner/work/ozone/ozone/hadoop-ozone/integration-test/target/log,AVAILABLE}
2022-08-25 18:57:50,499 [Listener at 127.0.0.1/37469] INFO  handler.ContextHandler (ContextHandler.java:doStart(915)) - Started o.e.j.s.ServletContextHandler@1fd21ca0{static,/static,jar:file:/home/runner/.m2/repository/org/apache/ozone/hdds-container-service/1.3.0-SNAPSHOT/hdds-container-service-1.3.0-SNAPSHOT.jar!/webapps/static,AVAILABLE}
2022-08-25 18:57:50,678 [Listener at 127.0.0.1/37469] INFO  handler.ContextHandler (ContextHandler.java:doStart(915)) - Started o.e.j.w.WebAppContext@371ff4ba{hddsDatanode,/,file:///tmp/jetty-0_0_0_0-37997-hdds-container-service-1_3_0-SNAPSHOT_jar-_-any-4831187756378538259/webapp/,AVAILABLE}{jar:file:/home/runner/.m2/repository/org/apache/ozone/hdds-container-service/1.3.0-SNAPSHOT/hdds-container-service-1.3.0-SNAPSHOT.jar!/webapps/hddsDatanode}
2022-08-25 18:57:50,679 [Listener at 127.0.0.1/37469] INFO  server.AbstractConnector (AbstractConnector.java:doStart(331)) - Started ServerConnector@4537e60e{HTTP/1.1, (http/1.1)}{0.0.0.0:37997}
2022-08-25 18:57:50,679 [Listener at 127.0.0.1/37469] INFO  server.Server (Server.java:doStart(415)) - Started @8580ms
2022-08-25 18:57:50,680 [Listener at 127.0.0.1/37469] WARN  impl.MetricsSystemImpl (MetricsSystemImpl.java:register(279)) - Sink prometheus already exists!
2022-08-25 18:57:50,680 [Listener at 127.0.0.1/37469] INFO  http.BaseHttpServer (BaseHttpServer.java:updateConnectorAddress(329)) - HTTP server of hddsDatanode listening at http://0.0.0.0:37997
2022-08-25 18:57:50,685 [Listener at 127.0.0.1/37469] WARN  impl.MetricRegistriesImpl (MetricRegistriesImpl.java:addReporterRegistration(111)) - New reporters are added after registries were created. Some metrics will be missing from the reporter. Please add reporter before adding any new registry.
2022-08-25 18:57:50,685 [Listener at 127.0.0.1/37469] WARN  impl.MetricRegistriesImpl (MetricRegistriesImpl.java:addReporterRegistration(111)) - New reporters are added after registries were created. Some metrics will be missing from the reporter. Please add reporter before adding any new registry.
2022-08-25 18:57:50,685 [Listener at 127.0.0.1/37469] INFO  impl.MetricsSystemImpl (MetricsSystemImpl.java:init(158)) - HddsDatanode metrics system started (again)
2022-08-25 18:57:50,688 [Datanode State Machine Daemon Thread] INFO  statemachine.DatanodeStateMachine (DatanodeStateMachine.java:lambda$startDaemon$0(492)) - Ozone container server started.
2022-08-25 18:57:50,698 [Listener at 127.0.0.1/37469] INFO  ozone.HddsDatanodeService (HddsDatanodeService.java:start(236)) - HddsDatanodeService host:fv-az204-2.d0ggoinxmwcejgojbuqly40l0e.cx.internal.cloudapp.net ip:10.1.0.203
2022-08-25 18:57:50,699 [org.apache.hadoop.util.JvmPauseMonitor$Monitor@969b25c] INFO  util.JvmPauseMonitor (JvmPauseMonitor.java:run(188)) - Starting JVM pause monitor
2022-08-25 18:57:50,730 [Listener at 127.0.0.1/37469] INFO  upgrade.AbstractLayoutVersionManager (AbstractLayoutVersionManager.java:init(83)) - Initializing Layout version manager with metadata layout = DATANODE_SCHEMA_V3 (version = 4), software layout = DATANODE_SCHEMA_V3 (version = 4)
2022-08-25 18:57:50,813 [om1@group-C5BA1605619E-FollowerState] INFO  impl.FollowerState (FollowerState.java:run(143)) - om1@group-C5BA1605619E-FollowerState: change to CANDIDATE, lastRpcElapsedTime:1079588349ns, electionTimeout:1059ms
2022-08-25 18:57:50,817 [om1@group-C5BA1605619E-FollowerState] INFO  impl.RoleInfo (RoleInfo.java:shutdownFollowerState(110)) - om1: shutdown om1@group-C5BA1605619E-FollowerState
2022-08-25 18:57:50,819 [om1@group-C5BA1605619E-FollowerState] INFO  server.RaftServer$Division (RaftServerImpl.java:setRole(299)) - om1@group-C5BA1605619E: changes role from  FOLLOWER to CANDIDATE at term 0 for changeToCandidate
2022-08-25 18:57:50,826 [om1@group-C5BA1605619E-FollowerState] INFO  server.RaftServerConfigKeys (ConfUtils.java:logGet(46)) - raft.server.leaderelection.pre-vote = false (custom)
2022-08-25 18:57:50,827 [om1@group-C5BA1605619E-FollowerState] INFO  impl.RoleInfo (RoleInfo.java:updateAndGet(139)) - om1: start om1@group-C5BA1605619E-LeaderElection1
2022-08-25 18:57:50,881 [Listener at 127.0.0.1/37469] INFO  reflections.Reflections (Reflections.java:scan(232)) - Reflections took 149 ms to scan 7 urls, producing 133 keys and 322 values 
2022-08-25 18:57:50,881 [om1@group-C5BA1605619E-LeaderElection1] INFO  impl.LeaderElection (LeaderElection.java:askForVotes(310)) - om1@group-C5BA1605619E-LeaderElection1 ELECTION round 0: submit vote requests at term 1 for -1: [om1|rpc:localhost:9872|priority:0], old=null
2022-08-25 18:57:50,883 [om1@group-C5BA1605619E-LeaderElection1] INFO  impl.LeaderElection (LeaderElection.java:askForVotes(312)) - om1@group-C5BA1605619E-LeaderElection1 ELECTION round 0: result PASSED (term=1)
2022-08-25 18:57:50,883 [om1@group-C5BA1605619E-LeaderElection1] INFO  impl.RoleInfo (RoleInfo.java:shutdownLeaderElection(130)) - om1: shutdown om1@group-C5BA1605619E-LeaderElection1
2022-08-25 18:57:50,884 [om1@group-C5BA1605619E-LeaderElection1] INFO  server.RaftServer$Division (RaftServerImpl.java:setRole(299)) - om1@group-C5BA1605619E: changes role from CANDIDATE to LEADER at term 1 for changeToLeader
2022-08-25 18:57:50,884 [om1@group-C5BA1605619E-LeaderElection1] INFO  server.RaftServer$Division (ServerState.java:setLeader(287)) - om1@group-C5BA1605619E: change Leader from null to om1 at term 1 for becomeLeader, leader elected after 2222ms
2022-08-25 18:57:50,889 [Listener at 127.0.0.1/37469] INFO  statemachine.DatanodeStateMachine (DatanodeStateMachine.java:getEndPointTaskThreadPoolSize(237)) - Datanode State Machine Task Thread Pool size 2
2022-08-25 18:57:50,892 [Datanode State Machine Task Thread - 0] INFO  datanode.InitDatanodeState (InitDatanodeState.java:persistContainerDatanodeDetails(138)) - DatanodeDetails is persisted to /home/runner/work/ozone/ozone/hadoop-ozone/integration-test/target/test-dir/MiniOzoneClusterImpl-518a318b-3ddf-4865-b851-646fdb0ed455/datanode-0/meta/datanode.id
2022-08-25 18:57:50,898 [Listener at 127.0.0.1/37469] INFO  volume.HddsVolume (HddsVolume.java:<init>(117)) - Creating HddsVolume: /home/runner/work/ozone/ozone/hadoop-ozone/integration-test/target/test-dir/MiniOzoneClusterImpl-518a318b-3ddf-4865-b851-646fdb0ed455/datanode-1/data-0/containers/hdds of storage type : DISK capacity : 9223372036854775807
2022-08-25 18:57:50,899 [Listener at 127.0.0.1/37469] INFO  volume.MutableVolumeSet (MutableVolumeSet.java:initializeVolumeSet(174)) - Added Volume : /home/runner/work/ozone/ozone/hadoop-ozone/integration-test/target/test-dir/MiniOzoneClusterImpl-518a318b-3ddf-4865-b851-646fdb0ed455/datanode-1/data-0/containers/hdds to VolumeSet
2022-08-25 18:57:50,899 [Listener at 127.0.0.1/37469] INFO  volume.ThrottledAsyncChecker (ThrottledAsyncChecker.java:schedule(141)) - Scheduling a check for /home/runner/work/ozone/ozone/hadoop-ozone/integration-test/target/test-dir/MiniOzoneClusterImpl-518a318b-3ddf-4865-b851-646fdb0ed455/datanode-1/data-0/containers/hdds
2022-08-25 18:57:50,901 [om1@group-C5BA1605619E-LeaderElection1] INFO  server.RaftServerConfigKeys (ConfUtils.java:logGet(46)) - raft.server.staging.catchup.gap = 1000 (default)
2022-08-25 18:57:50,904 [Listener at 127.0.0.1/37469] INFO  volume.StorageVolumeChecker (StorageVolumeChecker.java:checkAllVolumes(202)) - Scheduled health check for volume /home/runner/work/ozone/ozone/hadoop-ozone/integration-test/target/test-dir/MiniOzoneClusterImpl-518a318b-3ddf-4865-b851-646fdb0ed455/datanode-1/data-0/containers/hdds
2022-08-25 18:57:50,911 [om1@group-C5BA1605619E-LeaderElection1] INFO  server.RaftServerConfigKeys (ConfUtils.java:logGet(46)) - raft.server.write.element-limit = 4096 (default)
2022-08-25 18:57:50,911 [om1@group-C5BA1605619E-LeaderElection1] INFO  server.RaftServerConfigKeys (ConfUtils.java:logGet(46)) - raft.server.write.byte-limit = 64MB (=67108864) (default)
2022-08-25 18:57:50,924 [Listener at 127.0.0.1/37469] INFO  volume.MutableVolumeSet (MutableVolumeSet.java:initializeVolumeSet(174)) - Added Volume : /home/runner/work/ozone/ozone/hadoop-ozone/integration-test/target/test-dir/MiniOzoneClusterImpl-518a318b-3ddf-4865-b851-646fdb0ed455/datanode-1/data/ratis to VolumeSet
2022-08-25 18:57:50,924 [Listener at 127.0.0.1/37469] INFO  volume.ThrottledAsyncChecker (ThrottledAsyncChecker.java:schedule(141)) - Scheduling a check for /home/runner/work/ozone/ozone/hadoop-ozone/integration-test/target/test-dir/MiniOzoneClusterImpl-518a318b-3ddf-4865-b851-646fdb0ed455/datanode-1/data/ratis
2022-08-25 18:57:50,924 [om1@group-C5BA1605619E-LeaderElection1] INFO  server.RaftServerConfigKeys (ConfUtils.java:logGet(46)) - raft.server.watch.timeout = 10s (default)
2022-08-25 18:57:50,925 [om1@group-C5BA1605619E-LeaderElection1] INFO  server.RaftServerConfigKeys (ConfUtils.java:logGet(46)) - raft.server.watch.timeout.denomination = 1s (default)
2022-08-25 18:57:50,925 [om1@group-C5BA1605619E-LeaderElection1] INFO  server.RaftServerConfigKeys (ConfUtils.java:logGet(46)) - raft.server.watch.element-limit = 65536 (default)
2022-08-25 18:57:50,928 [Listener at 127.0.0.1/37469] INFO  volume.StorageVolumeChecker (StorageVolumeChecker.java:checkAllVolumes(202)) - Scheduled health check for volume /home/runner/work/ozone/ozone/hadoop-ozone/integration-test/target/test-dir/MiniOzoneClusterImpl-518a318b-3ddf-4865-b851-646fdb0ed455/datanode-1/data/ratis
2022-08-25 18:57:50,939 [om1@group-C5BA1605619E-LeaderElection1] INFO  server.RaftServerConfigKeys (ConfUtils.java:logGet(46)) - raft.server.write.element-limit = 4096 (default)
2022-08-25 18:57:50,939 [Thread-151] INFO  ozoneimpl.ContainerReader (ContainerReader.java:readVolume(175)) - Finish verifying containers on volume /home/runner/work/ozone/ozone/hadoop-ozone/integration-test/target/test-dir/MiniOzoneClusterImpl-518a318b-3ddf-4865-b851-646fdb0ed455/datanode-1/data-0/containers/hdds
2022-08-25 18:57:50,940 [Listener at 127.0.0.1/37469] INFO  ozoneimpl.OzoneContainer (OzoneContainer.java:buildContainerSet(299)) - Build ContainerSet costs 0s
2022-08-25 18:57:50,941 [om1@group-C5BA1605619E-LeaderElection1] INFO  server.RaftServerConfigKeys (ConfUtils.java:logGet(46)) - raft.server.write.follower.gap.ratio.max = -1.0 (default)
2022-08-25 18:57:50,944 [Listener at 127.0.0.1/37469] INFO  server.RaftServer (ConfUtils.java:logGet(46)) - raft.rpc.type = GRPC (default)
2022-08-25 18:57:50,944 [Listener at 127.0.0.1/37469] INFO  grpc.GrpcFactory (GrpcFactory.java:checkPooledByteBufAllocatorUseCacheForAllThreads(48)) - PERFORMANCE WARNING: useCacheForAllThreads is true that may cause Netty to create a lot garbage objects and, as a result, trigger GC.
	It is recommended to disable useCacheForAllThreads by setting -Dorg.apache.ratis.thirdparty.io.netty.allocator.useCacheForAllThreads=false in command line.
2022-08-25 18:57:50,944 [Listener at 127.0.0.1/37469] INFO  grpc.GrpcConfigKeys (ConfUtils.java:logGet(46)) - raft.grpc.admin.port = 0 (custom)
2022-08-25 18:57:50,944 [Listener at 127.0.0.1/37469] INFO  grpc.GrpcConfigKeys (ConfUtils.java:logGet(46)) - raft.grpc.client.port = 0 (custom)
2022-08-25 18:57:50,944 [Listener at 127.0.0.1/37469] INFO  grpc.GrpcConfigKeys (ConfUtils.java:logGet(46)) - raft.grpc.server.port = 0 (default)
2022-08-25 18:57:50,945 [Listener at 127.0.0.1/37469] INFO  server.GrpcService (ConfUtils.java:logGet(46)) - raft.grpc.message.size.max = 32MB (=33554432) (custom)
2022-08-25 18:57:50,945 [Listener at 127.0.0.1/37469] INFO  server.RaftServerConfigKeys (ConfUtils.java:logGet(46)) - raft.server.log.appender.buffer.byte-limit = 33554432 (custom)
2022-08-25 18:57:50,945 [Listener at 127.0.0.1/37469] INFO  server.GrpcService (ConfUtils.java:logGet(46)) - raft.grpc.flow.control.window = 5MB (=5242880) (custom)
2022-08-25 18:57:50,945 [Listener at 127.0.0.1/37469] INFO  server.RaftServerConfigKeys (ConfUtils.java:logGet(46)) - raft.server.rpc.request.timeout = 60s (custom)
2022-08-25 18:57:50,945 [Listener at 127.0.0.1/37469] INFO  grpc.GrpcConfigKeys (ConfUtils.java:logGet(46)) - raft.grpc.server.async.request.thread.pool.cached = true (default)
2022-08-25 18:57:50,945 [Listener at 127.0.0.1/37469] INFO  grpc.GrpcConfigKeys (ConfUtils.java:logGet(46)) - raft.grpc.server.async.request.thread.pool.size = 32 (default)
2022-08-25 18:57:50,946 [om1@group-C5BA1605619E-LeaderElection1] INFO  impl.RoleInfo (RoleInfo.java:updateAndGet(139)) - om1: start om1@group-C5BA1605619E-LeaderStateImpl
2022-08-25 18:57:50,947 [Listener at 127.0.0.1/37469] INFO  impl.DataStreamServerImpl (ConfUtils.java:logGet(46)) - raft.datastream.type = DISABLED (default)
2022-08-25 18:57:50,947 [Listener at 127.0.0.1/37469] INFO  server.RaftServerConfigKeys (ConfUtils.java:logGet(46)) - raft.server.threadpool.proxy.cached = true (default)
2022-08-25 18:57:50,947 [Listener at 127.0.0.1/37469] INFO  server.RaftServerConfigKeys (ConfUtils.java:logGet(46)) - raft.server.threadpool.proxy.size = 0 (default)
2022-08-25 18:57:50,947 [Listener at 127.0.0.1/37469] INFO  server.RaftServerConfigKeys (ConfUtils.java:logGet(46)) - raft.server.rpc.slowness.timeout = 300s (custom)
2022-08-25 18:57:50,947 [Listener at 127.0.0.1/37469] INFO  server.RaftServerConfigKeys (ConfUtils.java:logGet(46)) - raft.server.leaderelection.leader.step-down.wait-time = 10s (default)
2022-08-25 18:57:50,947 [Listener at 127.0.0.1/37469] INFO  server.RaftServerConfigKeys (ConfUtils.java:logGet(46)) - raft.server.storage.dir = [/home/runner/work/ozone/ozone/hadoop-ozone/integration-test/target/test-dir/MiniOzoneClusterImpl-518a318b-3ddf-4865-b851-646fdb0ed455/datanode-1/data/ratis] (custom)
2022-08-25 18:57:50,958 [Listener at 127.0.0.1/37469] INFO  server.XceiverServerGrpc (XceiverServerGrpc.java:<init>(132)) - GrpcServer channel type EpollServerSocketChannel
2022-08-25 18:57:50,962 [Listener at 127.0.0.1/37469] INFO  http.BaseHttpServer (BaseHttpServer.java:newHttpServer2BuilderForOzone(209)) - Starting Web-server for hddsDatanode at: http://0.0.0.0:0
2022-08-25 18:57:50,962 [Listener at 127.0.0.1/37469] INFO  http.BaseHttpServer (BaseHttpServer.java:<init>(107)) - Hadoop Security Enabled: false Ozone Security Enabled: false Ozone HTTP Security Enabled: false 
2022-08-25 18:57:50,963 [Listener at 127.0.0.1/37469] INFO  server.AuthenticationFilter (AuthenticationFilter.java:constructSecretProvider(240)) - Unable to initialize FileSignerSecretProvider, falling back to use random secrets.
2022-08-25 18:57:50,964 [Listener at 127.0.0.1/37469] WARN  http.HttpRequestLog (HttpRequestLog.java:getRequestLog(103)) - Jetty request log can only be enabled using Log4j
2022-08-25 18:57:50,965 [Listener at 127.0.0.1/37469] INFO  http.HttpServer2 (HttpServer2.java:addGlobalFilter(1029)) - Added global filter 'safety' (class=org.apache.hadoop.hdds.server.http.HttpServer2$QuotingInputFilter)
2022-08-25 18:57:50,966 [Listener at 127.0.0.1/37469] INFO  http.HttpServer2 (HttpServer2.java:addFilter(1005)) - Added filter static_user_filter (class=org.apache.hadoop.http.lib.StaticUserWebFilter$StaticUserFilter) to context hddsDatanode
2022-08-25 18:57:50,966 [Listener at 127.0.0.1/37469] INFO  http.HttpServer2 (HttpServer2.java:addFilter(1013)) - Added filter static_user_filter (class=org.apache.hadoop.http.lib.StaticUserWebFilter$StaticUserFilter) to context logs
2022-08-25 18:57:50,966 [Listener at 127.0.0.1/37469] INFO  http.HttpServer2 (HttpServer2.java:addFilter(1013)) - Added filter static_user_filter (class=org.apache.hadoop.http.lib.StaticUserWebFilter$StaticUserFilter) to context static
2022-08-25 18:57:50,967 [Listener at 127.0.0.1/37469] INFO  http.HttpServer2 (HttpServer2.java:bindListener(1248)) - Jetty bound to port 42993
2022-08-25 18:57:50,967 [Listener at 127.0.0.1/37469] INFO  server.Server (Server.java:doStart(375)) - jetty-9.4.43.v20210629; built: 2021-06-30T11:07:22.254Z; git: 526006ecfa3af7f1a27ef3a288e2bef7ea9dd7e8; jvm 1.8.0_345-b01
2022-08-25 18:57:50,974 [Listener at 127.0.0.1/37469] INFO  server.session (DefaultSessionIdManager.java:doStart(334)) - DefaultSessionIdManager workerName=node0
2022-08-25 18:57:50,974 [Listener at 127.0.0.1/37469] INFO  server.session (DefaultSessionIdManager.java:doStart(339)) - No SessionScavenger set, using defaults
2022-08-25 18:57:50,975 [Listener at 127.0.0.1/37469] INFO  server.session (HouseKeeper.java:startScavenging(132)) - node0 Scavenging every 660000ms
2022-08-25 18:57:50,976 [Listener at 127.0.0.1/37469] INFO  handler.ContextHandler (ContextHandler.java:doStart(915)) - Started o.e.j.s.ServletContextHandler@5ffe718a{logs,/logs,file:///home/runner/work/ozone/ozone/hadoop-ozone/integration-test/target/log,AVAILABLE}
2022-08-25 18:57:50,976 [Listener at 127.0.0.1/37469] INFO  handler.ContextHandler (ContextHandler.java:doStart(915)) - Started o.e.j.s.ServletContextHandler@29a1e9fc{static,/static,jar:file:/home/runner/.m2/repository/org/apache/ozone/hdds-container-service/1.3.0-SNAPSHOT/hdds-container-service-1.3.0-SNAPSHOT.jar!/webapps/static,AVAILABLE}
2022-08-25 18:57:51,008 [om1@group-C5BA1605619E-LeaderElection1] INFO  segmented.SegmentedRaftLogWorker (SegmentedRaftLogWorker.java:startLogSegment(425)) - om1@group-C5BA1605619E-SegmentedRaftLogWorker: Starting segment from index:0
2022-08-25 18:57:51,063 [om1@group-C5BA1605619E-LeaderElection1] INFO  server.RaftServer$Division (ServerState.java:setRaftConf(393)) - om1@group-C5BA1605619E: set configuration 0: [om1|rpc:localhost:9872|admin:|client:|dataStream:|priority:0], old=null
2022-08-25 18:57:51,158 [om1@group-C5BA1605619E-SegmentedRaftLogWorker] INFO  segmented.SegmentedRaftLogWorker (SegmentedRaftLogWorker.java:execute(629)) - om1@group-C5BA1605619E-SegmentedRaftLogWorker: created new log segment /home/runner/work/ozone/ozone/hadoop-ozone/integration-test/target/test-dir/MiniOzoneClusterImpl-518a318b-3ddf-4865-b851-646fdb0ed455/ozone-meta/ratis/bf265839-605b-3f16-9796-c5ba1605619e/current/log_inprogress_0
2022-08-25 18:57:51,276 [Listener at 127.0.0.1/37469] INFO  handler.ContextHandler (ContextHandler.java:doStart(915)) - Started o.e.j.w.WebAppContext@3c91189{hddsDatanode,/,file:///tmp/jetty-0_0_0_0-42993-hdds-container-service-1_3_0-SNAPSHOT_jar-_-any-4706326043584924592/webapp/,AVAILABLE}{jar:file:/home/runner/.m2/repository/org/apache/ozone/hdds-container-service/1.3.0-SNAPSHOT/hdds-container-service-1.3.0-SNAPSHOT.jar!/webapps/hddsDatanode}
2022-08-25 18:57:51,278 [Listener at 127.0.0.1/37469] INFO  server.AbstractConnector (AbstractConnector.java:doStart(331)) - Started ServerConnector@6366056e{HTTP/1.1, (http/1.1)}{0.0.0.0:42993}
2022-08-25 18:57:51,279 [Listener at 127.0.0.1/37469] INFO  server.Server (Server.java:doStart(415)) - Started @9179ms
2022-08-25 18:57:51,279 [Listener at 127.0.0.1/37469] WARN  impl.MetricsSystemImpl (MetricsSystemImpl.java:register(279)) - Sink prometheus already exists!
2022-08-25 18:57:51,280 [Listener at 127.0.0.1/37469] INFO  http.BaseHttpServer (BaseHttpServer.java:updateConnectorAddress(329)) - HTTP server of hddsDatanode listening at http://0.0.0.0:42993
2022-08-25 18:57:51,289 [Datanode State Machine Daemon Thread] INFO  statemachine.DatanodeStateMachine (DatanodeStateMachine.java:lambda$startDaemon$0(492)) - Ozone container server started.
2022-08-25 18:57:51,289 [Listener at 127.0.0.1/37469] WARN  impl.MetricRegistriesImpl (MetricRegistriesImpl.java:addReporterRegistration(111)) - New reporters are added after registries were created. Some metrics will be missing from the reporter. Please add reporter before adding any new registry.
2022-08-25 18:57:51,289 [Listener at 127.0.0.1/37469] WARN  impl.MetricRegistriesImpl (MetricRegistriesImpl.java:addReporterRegistration(111)) - New reporters are added after registries were created. Some metrics will be missing from the reporter. Please add reporter before adding any new registry.
2022-08-25 18:57:51,289 [Listener at 127.0.0.1/37469] INFO  impl.MetricsSystemImpl (MetricsSystemImpl.java:init(158)) - HddsDatanode metrics system started (again)
2022-08-25 18:57:51,318 [org.apache.hadoop.util.JvmPauseMonitor$Monitor@3960e607] INFO  util.JvmPauseMonitor (JvmPauseMonitor.java:run(188)) - Starting JVM pause monitor
2022-08-25 18:57:51,313 [om1@group-C5BA1605619E-StateMachineUpdater] INFO  ratis.OzoneManagerStateMachine (OzoneManagerStateMachine.java:notifyConfigurationChanged(192)) - Received Configuration change notification from Ratis. New Peer list:
[id: "om1"
address: "localhost:9872"
]
2022-08-25 18:57:51,329 [Listener at 127.0.0.1/37469] INFO  ozone.HddsDatanodeService (HddsDatanodeService.java:start(236)) - HddsDatanodeService host:fv-az204-2.d0ggoinxmwcejgojbuqly40l0e.cx.internal.cloudapp.net ip:10.1.0.203
2022-08-25 18:57:51,335 [Datanode State Machine Task Thread - 0] INFO  datanode.InitDatanodeState (InitDatanodeState.java:persistContainerDatanodeDetails(138)) - DatanodeDetails is persisted to /home/runner/work/ozone/ozone/hadoop-ozone/integration-test/target/test-dir/MiniOzoneClusterImpl-518a318b-3ddf-4865-b851-646fdb0ed455/datanode-1/meta/datanode.id
2022-08-25 18:57:51,354 [Listener at 127.0.0.1/37469] INFO  upgrade.AbstractLayoutVersionManager (AbstractLayoutVersionManager.java:init(83)) - Initializing Layout version manager with metadata layout = DATANODE_SCHEMA_V3 (version = 4), software layout = DATANODE_SCHEMA_V3 (version = 4)
2022-08-25 18:57:51,399 [Listener at 127.0.0.1/37469] INFO  reflections.Reflections (Reflections.java:scan(232)) - Reflections took 44 ms to scan 7 urls, producing 133 keys and 322 values 
2022-08-25 18:57:51,401 [Listener at 127.0.0.1/37469] INFO  statemachine.DatanodeStateMachine (DatanodeStateMachine.java:getEndPointTaskThreadPoolSize(237)) - Datanode State Machine Task Thread Pool size 2
2022-08-25 18:57:51,403 [Listener at 127.0.0.1/37469] INFO  volume.HddsVolume (HddsVolume.java:<init>(117)) - Creating HddsVolume: /home/runner/work/ozone/ozone/hadoop-ozone/integration-test/target/test-dir/MiniOzoneClusterImpl-518a318b-3ddf-4865-b851-646fdb0ed455/datanode-2/data-0/containers/hdds of storage type : DISK capacity : 9223372036854775807
2022-08-25 18:57:51,404 [Listener at 127.0.0.1/37469] INFO  volume.MutableVolumeSet (MutableVolumeSet.java:initializeVolumeSet(174)) - Added Volume : /home/runner/work/ozone/ozone/hadoop-ozone/integration-test/target/test-dir/MiniOzoneClusterImpl-518a318b-3ddf-4865-b851-646fdb0ed455/datanode-2/data-0/containers/hdds to VolumeSet
2022-08-25 18:57:51,404 [Listener at 127.0.0.1/37469] INFO  volume.ThrottledAsyncChecker (ThrottledAsyncChecker.java:schedule(141)) - Scheduling a check for /home/runner/work/ozone/ozone/hadoop-ozone/integration-test/target/test-dir/MiniOzoneClusterImpl-518a318b-3ddf-4865-b851-646fdb0ed455/datanode-2/data-0/containers/hdds
2022-08-25 18:57:51,408 [Listener at 127.0.0.1/37469] INFO  volume.StorageVolumeChecker (StorageVolumeChecker.java:checkAllVolumes(202)) - Scheduled health check for volume /home/runner/work/ozone/ozone/hadoop-ozone/integration-test/target/test-dir/MiniOzoneClusterImpl-518a318b-3ddf-4865-b851-646fdb0ed455/datanode-2/data-0/containers/hdds
2022-08-25 18:57:51,420 [Listener at 127.0.0.1/37469] INFO  volume.MutableVolumeSet (MutableVolumeSet.java:initializeVolumeSet(174)) - Added Volume : /home/runner/work/ozone/ozone/hadoop-ozone/integration-test/target/test-dir/MiniOzoneClusterImpl-518a318b-3ddf-4865-b851-646fdb0ed455/datanode-2/data/ratis to VolumeSet
2022-08-25 18:57:51,420 [Listener at 127.0.0.1/37469] INFO  volume.ThrottledAsyncChecker (ThrottledAsyncChecker.java:schedule(141)) - Scheduling a check for /home/runner/work/ozone/ozone/hadoop-ozone/integration-test/target/test-dir/MiniOzoneClusterImpl-518a318b-3ddf-4865-b851-646fdb0ed455/datanode-2/data/ratis
2022-08-25 18:57:51,420 [Listener at 127.0.0.1/37469] INFO  volume.StorageVolumeChecker (StorageVolumeChecker.java:checkAllVolumes(202)) - Scheduled health check for volume /home/runner/work/ozone/ozone/hadoop-ozone/integration-test/target/test-dir/MiniOzoneClusterImpl-518a318b-3ddf-4865-b851-646fdb0ed455/datanode-2/data/ratis
2022-08-25 18:57:51,431 [Thread-164] INFO  ozoneimpl.ContainerReader (ContainerReader.java:readVolume(175)) - Finish verifying containers on volume /home/runner/work/ozone/ozone/hadoop-ozone/integration-test/target/test-dir/MiniOzoneClusterImpl-518a318b-3ddf-4865-b851-646fdb0ed455/datanode-2/data-0/containers/hdds
2022-08-25 18:57:51,431 [Listener at 127.0.0.1/37469] INFO  ozoneimpl.OzoneContainer (OzoneContainer.java:buildContainerSet(299)) - Build ContainerSet costs 0s
2022-08-25 18:57:51,434 [Listener at 127.0.0.1/37469] INFO  server.RaftServer (ConfUtils.java:logGet(46)) - raft.rpc.type = GRPC (default)
2022-08-25 18:57:51,434 [Listener at 127.0.0.1/37469] INFO  grpc.GrpcFactory (GrpcFactory.java:checkPooledByteBufAllocatorUseCacheForAllThreads(48)) - PERFORMANCE WARNING: useCacheForAllThreads is true that may cause Netty to create a lot garbage objects and, as a result, trigger GC.
	It is recommended to disable useCacheForAllThreads by setting -Dorg.apache.ratis.thirdparty.io.netty.allocator.useCacheForAllThreads=false in command line.
2022-08-25 18:57:51,434 [Listener at 127.0.0.1/37469] INFO  grpc.GrpcConfigKeys (ConfUtils.java:logGet(46)) - raft.grpc.admin.port = 0 (custom)
2022-08-25 18:57:51,434 [Listener at 127.0.0.1/37469] INFO  grpc.GrpcConfigKeys (ConfUtils.java:logGet(46)) - raft.grpc.client.port = 0 (custom)
2022-08-25 18:57:51,435 [Listener at 127.0.0.1/37469] INFO  grpc.GrpcConfigKeys (ConfUtils.java:logGet(46)) - raft.grpc.server.port = 0 (default)
2022-08-25 18:57:51,435 [Listener at 127.0.0.1/37469] INFO  server.GrpcService (ConfUtils.java:logGet(46)) - raft.grpc.message.size.max = 32MB (=33554432) (custom)
2022-08-25 18:57:51,435 [Listener at 127.0.0.1/37469] INFO  server.RaftServerConfigKeys (ConfUtils.java:logGet(46)) - raft.server.log.appender.buffer.byte-limit = 33554432 (custom)
2022-08-25 18:57:51,435 [Listener at 127.0.0.1/37469] INFO  server.GrpcService (ConfUtils.java:logGet(46)) - raft.grpc.flow.control.window = 5MB (=5242880) (custom)
2022-08-25 18:57:51,435 [Listener at 127.0.0.1/37469] INFO  server.RaftServerConfigKeys (ConfUtils.java:logGet(46)) - raft.server.rpc.request.timeout = 60s (custom)
2022-08-25 18:57:51,435 [Listener at 127.0.0.1/37469] INFO  grpc.GrpcConfigKeys (ConfUtils.java:logGet(46)) - raft.grpc.server.async.request.thread.pool.cached = true (default)
2022-08-25 18:57:51,435 [Listener at 127.0.0.1/37469] INFO  grpc.GrpcConfigKeys (ConfUtils.java:logGet(46)) - raft.grpc.server.async.request.thread.pool.size = 32 (default)
2022-08-25 18:57:51,437 [Listener at 127.0.0.1/37469] INFO  impl.DataStreamServerImpl (ConfUtils.java:logGet(46)) - raft.datastream.type = DISABLED (default)
2022-08-25 18:57:51,437 [Listener at 127.0.0.1/37469] INFO  server.RaftServerConfigKeys (ConfUtils.java:logGet(46)) - raft.server.threadpool.proxy.cached = true (default)
2022-08-25 18:57:51,437 [Listener at 127.0.0.1/37469] INFO  server.RaftServerConfigKeys (ConfUtils.java:logGet(46)) - raft.server.threadpool.proxy.size = 0 (default)
2022-08-25 18:57:51,437 [Listener at 127.0.0.1/37469] INFO  server.RaftServerConfigKeys (ConfUtils.java:logGet(46)) - raft.server.rpc.slowness.timeout = 300s (custom)
2022-08-25 18:57:51,437 [Listener at 127.0.0.1/37469] INFO  server.RaftServerConfigKeys (ConfUtils.java:logGet(46)) - raft.server.leaderelection.leader.step-down.wait-time = 10s (default)
2022-08-25 18:57:51,438 [Listener at 127.0.0.1/37469] INFO  server.RaftServerConfigKeys (ConfUtils.java:logGet(46)) - raft.server.storage.dir = [/home/runner/work/ozone/ozone/hadoop-ozone/integration-test/target/test-dir/MiniOzoneClusterImpl-518a318b-3ddf-4865-b851-646fdb0ed455/datanode-2/data/ratis] (custom)
2022-08-25 18:57:51,441 [Listener at 127.0.0.1/37469] INFO  server.XceiverServerGrpc (XceiverServerGrpc.java:<init>(132)) - GrpcServer channel type EpollServerSocketChannel
2022-08-25 18:57:51,445 [Listener at 127.0.0.1/37469] INFO  http.BaseHttpServer (BaseHttpServer.java:newHttpServer2BuilderForOzone(209)) - Starting Web-server for hddsDatanode at: http://0.0.0.0:0
2022-08-25 18:57:51,446 [Listener at 127.0.0.1/37469] INFO  http.BaseHttpServer (BaseHttpServer.java:<init>(107)) - Hadoop Security Enabled: false Ozone Security Enabled: false Ozone HTTP Security Enabled: false 
2022-08-25 18:57:51,447 [Listener at 127.0.0.1/37469] INFO  server.AuthenticationFilter (AuthenticationFilter.java:constructSecretProvider(240)) - Unable to initialize FileSignerSecretProvider, falling back to use random secrets.
2022-08-25 18:57:51,448 [Listener at 127.0.0.1/37469] WARN  http.HttpRequestLog (HttpRequestLog.java:getRequestLog(103)) - Jetty request log can only be enabled using Log4j
2022-08-25 18:57:51,453 [Listener at 127.0.0.1/37469] INFO  http.HttpServer2 (HttpServer2.java:addGlobalFilter(1029)) - Added global filter 'safety' (class=org.apache.hadoop.hdds.server.http.HttpServer2$QuotingInputFilter)
2022-08-25 18:57:51,454 [Listener at 127.0.0.1/37469] INFO  http.HttpServer2 (HttpServer2.java:addFilter(1005)) - Added filter static_user_filter (class=org.apache.hadoop.http.lib.StaticUserWebFilter$StaticUserFilter) to context hddsDatanode
2022-08-25 18:57:51,454 [Listener at 127.0.0.1/37469] INFO  http.HttpServer2 (HttpServer2.java:addFilter(1013)) - Added filter static_user_filter (class=org.apache.hadoop.http.lib.StaticUserWebFilter$StaticUserFilter) to context logs
2022-08-25 18:57:51,454 [Listener at 127.0.0.1/37469] INFO  http.HttpServer2 (HttpServer2.java:addFilter(1013)) - Added filter static_user_filter (class=org.apache.hadoop.http.lib.StaticUserWebFilter$StaticUserFilter) to context static
2022-08-25 18:57:51,455 [Listener at 127.0.0.1/37469] INFO  http.HttpServer2 (HttpServer2.java:bindListener(1248)) - Jetty bound to port 45399
2022-08-25 18:57:51,455 [Listener at 127.0.0.1/37469] INFO  server.Server (Server.java:doStart(375)) - jetty-9.4.43.v20210629; built: 2021-06-30T11:07:22.254Z; git: 526006ecfa3af7f1a27ef3a288e2bef7ea9dd7e8; jvm 1.8.0_345-b01
2022-08-25 18:57:51,458 [Listener at 127.0.0.1/37469] INFO  server.session (DefaultSessionIdManager.java:doStart(334)) - DefaultSessionIdManager workerName=node0
2022-08-25 18:57:51,458 [Listener at 127.0.0.1/37469] INFO  server.session (DefaultSessionIdManager.java:doStart(339)) - No SessionScavenger set, using defaults
2022-08-25 18:57:51,458 [Listener at 127.0.0.1/37469] INFO  server.session (HouseKeeper.java:startScavenging(132)) - node0 Scavenging every 660000ms
2022-08-25 18:57:51,459 [Listener at 127.0.0.1/37469] INFO  handler.ContextHandler (ContextHandler.java:doStart(915)) - Started o.e.j.s.ServletContextHandler@6c7fb7f6{logs,/logs,file:///home/runner/work/ozone/ozone/hadoop-ozone/integration-test/target/log,AVAILABLE}
2022-08-25 18:57:51,460 [Listener at 127.0.0.1/37469] INFO  handler.ContextHandler (ContextHandler.java:doStart(915)) - Started o.e.j.s.ServletContextHandler@3905083a{static,/static,jar:file:/home/runner/.m2/repository/org/apache/ozone/hdds-container-service/1.3.0-SNAPSHOT/hdds-container-service-1.3.0-SNAPSHOT.jar!/webapps/static,AVAILABLE}
2022-08-25 18:57:51,624 [Listener at 127.0.0.1/37469] INFO  handler.ContextHandler (ContextHandler.java:doStart(915)) - Started o.e.j.w.WebAppContext@15d5761d{hddsDatanode,/,file:///tmp/jetty-0_0_0_0-45399-hdds-container-service-1_3_0-SNAPSHOT_jar-_-any-4062757791947693900/webapp/,AVAILABLE}{jar:file:/home/runner/.m2/repository/org/apache/ozone/hdds-container-service/1.3.0-SNAPSHOT/hdds-container-service-1.3.0-SNAPSHOT.jar!/webapps/hddsDatanode}
2022-08-25 18:57:51,626 [Listener at 127.0.0.1/37469] INFO  server.AbstractConnector (AbstractConnector.java:doStart(331)) - Started ServerConnector@35c2b8b1{HTTP/1.1, (http/1.1)}{0.0.0.0:45399}
2022-08-25 18:57:51,626 [Listener at 127.0.0.1/37469] INFO  server.Server (Server.java:doStart(415)) - Started @9527ms
2022-08-25 18:57:51,626 [Listener at 127.0.0.1/37469] WARN  impl.MetricsSystemImpl (MetricsSystemImpl.java:register(279)) - Sink prometheus already exists!
2022-08-25 18:57:51,627 [Listener at 127.0.0.1/37469] INFO  http.BaseHttpServer (BaseHttpServer.java:updateConnectorAddress(329)) - HTTP server of hddsDatanode listening at http://0.0.0.0:45399
2022-08-25 18:57:51,628 [Datanode State Machine Daemon Thread] INFO  statemachine.DatanodeStateMachine (DatanodeStateMachine.java:lambda$startDaemon$0(492)) - Ozone container server started.
2022-08-25 18:57:51,629 [Listener at 127.0.0.1/37469] INFO  ozone.MiniOzoneClusterImpl (MiniOzoneClusterImpl.java:lambda$waitForClusterToBeReady$0(216)) - Waiting for nodes to be ready. Got 0 of 3 DN Heartbeats.
2022-08-25 18:57:51,629 [Listener at 127.0.0.1/37469] INFO  ozone.MiniOzoneClusterImpl (MiniOzoneClusterImpl.java:lambda$waitForClusterToBeReady$0(219)) - Waiting for cluster to exit safe mode
2022-08-25 18:57:51,629 [Listener at 127.0.0.1/37469] INFO  ozone.MiniOzoneClusterImpl (MiniOzoneClusterImpl.java:lambda$waitForClusterToBeReady$0(221)) - SCM became leader
2022-08-25 18:57:51,644 [org.apache.hadoop.util.JvmPauseMonitor$Monitor@6a9089d8] INFO  util.JvmPauseMonitor (JvmPauseMonitor.java:run(188)) - Starting JVM pause monitor
2022-08-25 18:57:51,647 [Datanode State Machine Task Thread - 0] INFO  datanode.InitDatanodeState (InitDatanodeState.java:persistContainerDatanodeDetails(138)) - DatanodeDetails is persisted to /home/runner/work/ozone/ozone/hadoop-ozone/integration-test/target/test-dir/MiniOzoneClusterImpl-518a318b-3ddf-4865-b851-646fdb0ed455/datanode-2/meta/datanode.id
2022-08-25 18:57:52,630 [Listener at 127.0.0.1/37469] INFO  ozone.MiniOzoneClusterImpl (MiniOzoneClusterImpl.java:lambda$waitForClusterToBeReady$0(216)) - Waiting for nodes to be ready. Got 0 of 3 DN Heartbeats.
2022-08-25 18:57:52,631 [Listener at 127.0.0.1/37469] INFO  ozone.MiniOzoneClusterImpl (MiniOzoneClusterImpl.java:lambda$waitForClusterToBeReady$0(219)) - Waiting for cluster to exit safe mode
2022-08-25 18:57:52,631 [Listener at 127.0.0.1/37469] INFO  ozone.MiniOzoneClusterImpl (MiniOzoneClusterImpl.java:lambda$waitForClusterToBeReady$0(221)) - SCM became leader
2022-08-25 18:57:52,816 [EndpointStateMachine task thread for /0.0.0.0:42649 - 0 ] INFO  volume.HddsVolume (HddsVolume.java:createDbStore(310)) - SchemaV3 db is created and loaded at /home/runner/work/ozone/ozone/hadoop-ozone/integration-test/target/test-dir/MiniOzoneClusterImpl-518a318b-3ddf-4865-b851-646fdb0ed455/datanode-0/data-0/containers/hdds/518a318b-3ddf-4865-b851-646fdb0ed455/DS-d6e130e4-131e-442d-9524-61e7ea01d453/container.db for volume DS-d6e130e4-131e-442d-9524-61e7ea01d453
2022-08-25 18:57:52,820 [EndpointStateMachine task thread for /0.0.0.0:42649 - 0 ] INFO  volume.HddsVolume (HddsVolume.java:closeDbStore(341)) - SchemaV3 db is stopped at /home/runner/work/ozone/ozone/hadoop-ozone/integration-test/target/test-dir/MiniOzoneClusterImpl-518a318b-3ddf-4865-b851-646fdb0ed455/datanode-0/data-0/containers/hdds/518a318b-3ddf-4865-b851-646fdb0ed455/DS-d6e130e4-131e-442d-9524-61e7ea01d453/container.db for volume DS-d6e130e4-131e-442d-9524-61e7ea01d453
2022-08-25 18:57:52,820 [EndpointStateMachine task thread for /0.0.0.0:42649 - 0 ] INFO  ozoneimpl.OzoneContainer (OzoneContainer.java:start(377)) - Attempting to start container services.
2022-08-25 18:57:52,822 [EndpointStateMachine task thread for /0.0.0.0:42649 - 0 ] INFO  ozoneimpl.OzoneContainer (OzoneContainer.java:startContainerScrub(312)) - Background container scanner has been disabled.
2022-08-25 18:57:52,824 [EndpointStateMachine task thread for /0.0.0.0:42649 - 0 ] INFO  replication.ReplicationServer (ReplicationServer.java:start(111)) - ReplicationServer is started using port 44913
2022-08-25 18:57:52,827 [EndpointStateMachine task thread for /0.0.0.0:42649 - 0 ] INFO  ratis.XceiverServerRatis (XceiverServerRatis.java:start(481)) - Starting XceiverServerRatis 0f092162-54fd-43f5-9541-6660c8eb28a8
2022-08-25 18:57:52,832 [EndpointStateMachine task thread for /0.0.0.0:42649 - 0 ] INFO  server.RaftServer (RaftServerProxy.java:lambda$start$6(382)) - 0f092162-54fd-43f5-9541-6660c8eb28a8: start RPC server
2022-08-25 18:57:52,834 [EndpointStateMachine task thread for /0.0.0.0:42649 - 0 ] INFO  server.GrpcService (GrpcService.java:startImpl(260)) - 0f092162-54fd-43f5-9541-6660c8eb28a8: GrpcService started, listening on 41449
2022-08-25 18:57:52,834 [EndpointStateMachine task thread for /0.0.0.0:42649 - 0 ] INFO  ratis.XceiverServerRatis (XceiverServerRatis.java:getRealPort(502)) - XceiverServerRatis 0f092162-54fd-43f5-9541-6660c8eb28a8 is started using port 41449 for RATIS
2022-08-25 18:57:52,834 [EndpointStateMachine task thread for /0.0.0.0:42649 - 0 ] INFO  ratis.XceiverServerRatis (XceiverServerRatis.java:getRealPort(502)) - XceiverServerRatis 0f092162-54fd-43f5-9541-6660c8eb28a8 is started using port 41449 for RATIS_ADMIN
2022-08-25 18:57:52,835 [EndpointStateMachine task thread for /0.0.0.0:42649 - 0 ] INFO  ratis.XceiverServerRatis (XceiverServerRatis.java:getRealPort(502)) - XceiverServerRatis 0f092162-54fd-43f5-9541-6660c8eb28a8 is started using port 41449 for RATIS_SERVER
2022-08-25 18:57:52,836 [org.apache.ratis.util.JvmPauseMonitor$$Lambda$620/920001471@4e4122a] INFO  util.JvmPauseMonitor (JvmPauseMonitor.java:run(103)) - JvmPauseMonitor-0f092162-54fd-43f5-9541-6660c8eb28a8: Started
2022-08-25 18:57:52,841 [EndpointStateMachine task thread for /0.0.0.0:42649 - 0 ] INFO  server.XceiverServerGrpc (XceiverServerGrpc.java:start(180)) - XceiverServerGrpc 0f092162-54fd-43f5-9541-6660c8eb28a8 is started using port 38021
2022-08-25 18:57:53,340 [EndpointStateMachine task thread for /0.0.0.0:42649 - 0 ] INFO  volume.HddsVolume (HddsVolume.java:createDbStore(310)) - SchemaV3 db is created and loaded at /home/runner/work/ozone/ozone/hadoop-ozone/integration-test/target/test-dir/MiniOzoneClusterImpl-518a318b-3ddf-4865-b851-646fdb0ed455/datanode-1/data-0/containers/hdds/518a318b-3ddf-4865-b851-646fdb0ed455/DS-fd26cff7-e39d-40ba-8aa0-43c35e78c8fb/container.db for volume DS-fd26cff7-e39d-40ba-8aa0-43c35e78c8fb
2022-08-25 18:57:53,341 [EndpointStateMachine task thread for /0.0.0.0:42649 - 0 ] INFO  volume.HddsVolume (HddsVolume.java:closeDbStore(341)) - SchemaV3 db is stopped at /home/runner/work/ozone/ozone/hadoop-ozone/integration-test/target/test-dir/MiniOzoneClusterImpl-518a318b-3ddf-4865-b851-646fdb0ed455/datanode-1/data-0/containers/hdds/518a318b-3ddf-4865-b851-646fdb0ed455/DS-fd26cff7-e39d-40ba-8aa0-43c35e78c8fb/container.db for volume DS-fd26cff7-e39d-40ba-8aa0-43c35e78c8fb
2022-08-25 18:57:53,341 [EndpointStateMachine task thread for /0.0.0.0:42649 - 0 ] INFO  ozoneimpl.OzoneContainer (OzoneContainer.java:start(377)) - Attempting to start container services.
2022-08-25 18:57:53,341 [EndpointStateMachine task thread for /0.0.0.0:42649 - 0 ] INFO  ozoneimpl.OzoneContainer (OzoneContainer.java:startContainerScrub(312)) - Background container scanner has been disabled.
2022-08-25 18:57:53,343 [EndpointStateMachine task thread for /0.0.0.0:42649 - 0 ] INFO  replication.ReplicationServer (ReplicationServer.java:start(111)) - ReplicationServer is started using port 40455
2022-08-25 18:57:53,343 [EndpointStateMachine task thread for /0.0.0.0:42649 - 0 ] INFO  ratis.XceiverServerRatis (XceiverServerRatis.java:start(481)) - Starting XceiverServerRatis 5330244c-9de6-4dff-8dd2-a0a85754c44f
2022-08-25 18:57:53,344 [EndpointStateMachine task thread for /0.0.0.0:42649 - 0 ] INFO  server.RaftServer (RaftServerProxy.java:lambda$start$6(382)) - 5330244c-9de6-4dff-8dd2-a0a85754c44f: start RPC server
2022-08-25 18:57:53,346 [EndpointStateMachine task thread for /0.0.0.0:42649 - 0 ] INFO  server.GrpcService (GrpcService.java:startImpl(260)) - 5330244c-9de6-4dff-8dd2-a0a85754c44f: GrpcService started, listening on 46343
2022-08-25 18:57:53,346 [EndpointStateMachine task thread for /0.0.0.0:42649 - 0 ] INFO  ratis.XceiverServerRatis (XceiverServerRatis.java:getRealPort(502)) - XceiverServerRatis 5330244c-9de6-4dff-8dd2-a0a85754c44f is started using port 46343 for RATIS
2022-08-25 18:57:53,346 [EndpointStateMachine task thread for /0.0.0.0:42649 - 0 ] INFO  ratis.XceiverServerRatis (XceiverServerRatis.java:getRealPort(502)) - XceiverServerRatis 5330244c-9de6-4dff-8dd2-a0a85754c44f is started using port 46343 for RATIS_ADMIN
2022-08-25 18:57:53,346 [EndpointStateMachine task thread for /0.0.0.0:42649 - 0 ] INFO  ratis.XceiverServerRatis (XceiverServerRatis.java:getRealPort(502)) - XceiverServerRatis 5330244c-9de6-4dff-8dd2-a0a85754c44f is started using port 46343 for RATIS_SERVER
2022-08-25 18:57:53,346 [org.apache.ratis.util.JvmPauseMonitor$$Lambda$620/920001471@1b086e84] INFO  util.JvmPauseMonitor (JvmPauseMonitor.java:run(103)) - JvmPauseMonitor-5330244c-9de6-4dff-8dd2-a0a85754c44f: Started
2022-08-25 18:57:53,348 [EndpointStateMachine task thread for /0.0.0.0:42649 - 0 ] INFO  server.XceiverServerGrpc (XceiverServerGrpc.java:start(180)) - XceiverServerGrpc 5330244c-9de6-4dff-8dd2-a0a85754c44f is started using port 38621
2022-08-25 18:57:53,631 [Listener at 127.0.0.1/37469] INFO  ozone.MiniOzoneClusterImpl (MiniOzoneClusterImpl.java:lambda$waitForClusterToBeReady$0(216)) - Waiting for nodes to be ready. Got 0 of 3 DN Heartbeats.
2022-08-25 18:57:53,631 [Listener at 127.0.0.1/37469] INFO  ozone.MiniOzoneClusterImpl (MiniOzoneClusterImpl.java:lambda$waitForClusterToBeReady$0(219)) - Waiting for cluster to exit safe mode
2022-08-25 18:57:53,631 [Listener at 127.0.0.1/37469] INFO  ozone.MiniOzoneClusterImpl (MiniOzoneClusterImpl.java:lambda$waitForClusterToBeReady$0(221)) - SCM became leader
2022-08-25 18:57:53,685 [EndpointStateMachine task thread for /0.0.0.0:42649 - 0 ] INFO  volume.HddsVolume (HddsVolume.java:createDbStore(310)) - SchemaV3 db is created and loaded at /home/runner/work/ozone/ozone/hadoop-ozone/integration-test/target/test-dir/MiniOzoneClusterImpl-518a318b-3ddf-4865-b851-646fdb0ed455/datanode-2/data-0/containers/hdds/518a318b-3ddf-4865-b851-646fdb0ed455/DS-77ffd0c1-faeb-411e-aa76-e5e9969fc50c/container.db for volume DS-77ffd0c1-faeb-411e-aa76-e5e9969fc50c
2022-08-25 18:57:53,685 [EndpointStateMachine task thread for /0.0.0.0:42649 - 0 ] INFO  volume.HddsVolume (HddsVolume.java:closeDbStore(341)) - SchemaV3 db is stopped at /home/runner/work/ozone/ozone/hadoop-ozone/integration-test/target/test-dir/MiniOzoneClusterImpl-518a318b-3ddf-4865-b851-646fdb0ed455/datanode-2/data-0/containers/hdds/518a318b-3ddf-4865-b851-646fdb0ed455/DS-77ffd0c1-faeb-411e-aa76-e5e9969fc50c/container.db for volume DS-77ffd0c1-faeb-411e-aa76-e5e9969fc50c
2022-08-25 18:57:53,685 [EndpointStateMachine task thread for /0.0.0.0:42649 - 0 ] INFO  ozoneimpl.OzoneContainer (OzoneContainer.java:start(377)) - Attempting to start container services.
2022-08-25 18:57:53,686 [EndpointStateMachine task thread for /0.0.0.0:42649 - 0 ] INFO  ozoneimpl.OzoneContainer (OzoneContainer.java:startContainerScrub(312)) - Background container scanner has been disabled.
2022-08-25 18:57:53,688 [EndpointStateMachine task thread for /0.0.0.0:42649 - 0 ] INFO  replication.ReplicationServer (ReplicationServer.java:start(111)) - ReplicationServer is started using port 36023
2022-08-25 18:57:53,689 [EndpointStateMachine task thread for /0.0.0.0:42649 - 0 ] INFO  ratis.XceiverServerRatis (XceiverServerRatis.java:start(481)) - Starting XceiverServerRatis b35797eb-9814-4f34-911c-e7cd4b87b364
2022-08-25 18:57:53,689 [EndpointStateMachine task thread for /0.0.0.0:42649 - 0 ] INFO  server.RaftServer (RaftServerProxy.java:lambda$start$6(382)) - b35797eb-9814-4f34-911c-e7cd4b87b364: start RPC server
2022-08-25 18:57:53,691 [EndpointStateMachine task thread for /0.0.0.0:42649 - 0 ] INFO  server.GrpcService (GrpcService.java:startImpl(260)) - b35797eb-9814-4f34-911c-e7cd4b87b364: GrpcService started, listening on 38087
2022-08-25 18:57:53,691 [EndpointStateMachine task thread for /0.0.0.0:42649 - 0 ] INFO  ratis.XceiverServerRatis (XceiverServerRatis.java:getRealPort(502)) - XceiverServerRatis b35797eb-9814-4f34-911c-e7cd4b87b364 is started using port 38087 for RATIS
2022-08-25 18:57:53,691 [EndpointStateMachine task thread for /0.0.0.0:42649 - 0 ] INFO  ratis.XceiverServerRatis (XceiverServerRatis.java:getRealPort(502)) - XceiverServerRatis b35797eb-9814-4f34-911c-e7cd4b87b364 is started using port 38087 for RATIS_ADMIN
2022-08-25 18:57:53,691 [EndpointStateMachine task thread for /0.0.0.0:42649 - 0 ] INFO  ratis.XceiverServerRatis (XceiverServerRatis.java:getRealPort(502)) - XceiverServerRatis b35797eb-9814-4f34-911c-e7cd4b87b364 is started using port 38087 for RATIS_SERVER
2022-08-25 18:57:53,691 [org.apache.ratis.util.JvmPauseMonitor$$Lambda$620/920001471@142daedd] INFO  util.JvmPauseMonitor (JvmPauseMonitor.java:run(103)) - JvmPauseMonitor-b35797eb-9814-4f34-911c-e7cd4b87b364: Started
2022-08-25 18:57:53,694 [EndpointStateMachine task thread for /0.0.0.0:42649 - 0 ] INFO  server.XceiverServerGrpc (XceiverServerGrpc.java:start(180)) - XceiverServerGrpc b35797eb-9814-4f34-911c-e7cd4b87b364 is started using port 40605
2022-08-25 18:57:54,632 [Listener at 127.0.0.1/37469] INFO  ozone.MiniOzoneClusterImpl (MiniOzoneClusterImpl.java:lambda$waitForClusterToBeReady$0(216)) - Waiting for nodes to be ready. Got 0 of 3 DN Heartbeats.
2022-08-25 18:57:54,632 [Listener at 127.0.0.1/37469] INFO  ozone.MiniOzoneClusterImpl (MiniOzoneClusterImpl.java:lambda$waitForClusterToBeReady$0(219)) - Waiting for cluster to exit safe mode
2022-08-25 18:57:54,632 [Listener at 127.0.0.1/37469] INFO  ozone.MiniOzoneClusterImpl (MiniOzoneClusterImpl.java:lambda$waitForClusterToBeReady$0(221)) - SCM became leader
2022-08-25 18:57:54,737 [IPC Server handler 19 on default port 42649] INFO  net.NetworkTopologyImpl (NetworkTopologyImpl.java:add(112)) - Added a new node: /default-rack/0f092162-54fd-43f5-9541-6660c8eb28a8
2022-08-25 18:57:54,739 [IPC Server handler 19 on default port 42649] INFO  node.SCMNodeManager (SCMNodeManager.java:register(397)) - Registered Data node : 0f092162-54fd-43f5-9541-6660c8eb28a8{ip: 10.1.0.203, host: fv-az204-2.d0ggoinxmwcejgojbuqly40l0e.cx.internal.cloudapp.net, ports: [REPLICATION=44913, RATIS=41449, RATIS_ADMIN=41449, RATIS_SERVER=41449, STANDALONE=38021], networkLocation: /default-rack, certSerialId: null, persistedOpState: null, persistedOpStateExpiryEpochSec: 0}
2022-08-25 18:57:54,745 [EventQueue-NewNodeForNewNodeHandler] INFO  pipeline.BackgroundPipelineCreator (BackgroundPipelineCreator.java:notifyEventTriggered(276)) - trigger a one-shot run on RatisPipelineUtilsThread.
2022-08-25 18:57:54,754 [RatisPipelineUtilsThread - 0] INFO  pipeline.RatisPipelineProvider (RatisPipelineProvider.java:lambda$create$0(195)) - Sending CreatePipelineCommand for pipeline:PipelineID=67cbdaef-6ff9-4026-9428-32ef543a01b9 to datanode:0f092162-54fd-43f5-9541-6660c8eb28a8
2022-08-25 18:57:54,755 [EventQueue-NodeRegistrationContainerReportForDataNodeSafeModeRule] INFO  safemode.SCMSafeModeManager (DataNodeSafeModeRule.java:process(71)) - SCM in safe mode. 1 DataNodes registered, 3 required.
2022-08-25 18:57:54,757 [EventQueue-NodeRegistrationContainerReportForContainerSafeModeRule] INFO  safemode.SCMSafeModeManager (SCMSafeModeManager.java:validateSafeModeExitRules(204)) - ContainerSafeModeRule rule is successfully validated
2022-08-25 18:57:54,757 [EventQueue-PipelineReportForOneReplicaPipelineSafeModeRule] INFO  safemode.SCMSafeModeManager (SCMSafeModeManager.java:validateSafeModeExitRules(204)) - AtleastOneDatanodeReportedRule rule is successfully validated
2022-08-25 18:57:54,770 [RatisPipelineUtilsThread - 0] INFO  pipeline.PipelineStateManagerImpl (PipelineStateManagerImpl.java:addPipeline(103)) - Created pipeline Pipeline[ Id: 67cbdaef-6ff9-4026-9428-32ef543a01b9, Nodes: 0f092162-54fd-43f5-9541-6660c8eb28a8{ip: 10.1.0.203, host: fv-az204-2.d0ggoinxmwcejgojbuqly40l0e.cx.internal.cloudapp.net, ports: [REPLICATION=44913, RATIS=41449, RATIS_ADMIN=41449, RATIS_SERVER=41449, STANDALONE=38021], networkLocation: /default-rack, certSerialId: null, persistedOpState: IN_SERVICE, persistedOpStateExpiryEpochSec: 0}, ReplicationConfig: RATIS/ONE, State:ALLOCATED, leaderId:, CreationTimestamp2022-08-25T18:57:54.753Z[Etc/UTC]].
2022-08-25 18:57:55,307 [IPC Server handler 16 on default port 42649] INFO  net.NetworkTopologyImpl (NetworkTopologyImpl.java:add(112)) - Added a new node: /default-rack/5330244c-9de6-4dff-8dd2-a0a85754c44f
2022-08-25 18:57:55,307 [IPC Server handler 16 on default port 42649] INFO  node.SCMNodeManager (SCMNodeManager.java:register(397)) - Registered Data node : 5330244c-9de6-4dff-8dd2-a0a85754c44f{ip: 10.1.0.203, host: fv-az204-2.d0ggoinxmwcejgojbuqly40l0e.cx.internal.cloudapp.net, ports: [REPLICATION=40455, RATIS=46343, RATIS_ADMIN=46343, RATIS_SERVER=46343, STANDALONE=38621], networkLocation: /default-rack, certSerialId: null, persistedOpState: null, persistedOpStateExpiryEpochSec: 0}
2022-08-25 18:57:55,308 [EventQueue-NewNodeForNewNodeHandler] INFO  pipeline.BackgroundPipelineCreator (BackgroundPipelineCreator.java:notifyEventTriggered(276)) - trigger a one-shot run on RatisPipelineUtilsThread.
2022-08-25 18:57:55,308 [EventQueue-NodeRegistrationContainerReportForDataNodeSafeModeRule] INFO  safemode.SCMSafeModeManager (DataNodeSafeModeRule.java:process(71)) - SCM in safe mode. 2 DataNodes registered, 3 required.
2022-08-25 18:57:55,310 [RatisPipelineUtilsThread - 0] INFO  pipeline.RatisPipelineProvider (RatisPipelineProvider.java:lambda$create$0(195)) - Sending CreatePipelineCommand for pipeline:PipelineID=a7d1abb5-ba99-4b25-b57b-5ea4f462f153 to datanode:5330244c-9de6-4dff-8dd2-a0a85754c44f
2022-08-25 18:57:55,311 [RatisPipelineUtilsThread - 0] INFO  pipeline.PipelineStateManagerImpl (PipelineStateManagerImpl.java:addPipeline(103)) - Created pipeline Pipeline[ Id: a7d1abb5-ba99-4b25-b57b-5ea4f462f153, Nodes: 5330244c-9de6-4dff-8dd2-a0a85754c44f{ip: 10.1.0.203, host: fv-az204-2.d0ggoinxmwcejgojbuqly40l0e.cx.internal.cloudapp.net, ports: [REPLICATION=40455, RATIS=46343, RATIS_ADMIN=46343, RATIS_SERVER=46343, STANDALONE=38621], networkLocation: /default-rack, certSerialId: null, persistedOpState: IN_SERVICE, persistedOpStateExpiryEpochSec: 0}, ReplicationConfig: RATIS/ONE, State:ALLOCATED, leaderId:, CreationTimestamp2022-08-25T18:57:55.310Z[Etc/UTC]].
2022-08-25 18:57:55,633 [Listener at 127.0.0.1/37469] INFO  ozone.MiniOzoneClusterImpl (MiniOzoneClusterImpl.java:lambda$waitForClusterToBeReady$0(216)) - Waiting for nodes to be ready. Got 2 of 3 DN Heartbeats.
2022-08-25 18:57:55,633 [Listener at 127.0.0.1/37469] INFO  ozone.MiniOzoneClusterImpl (MiniOzoneClusterImpl.java:lambda$waitForClusterToBeReady$0(219)) - Waiting for cluster to exit safe mode
2022-08-25 18:57:55,633 [Listener at 127.0.0.1/37469] INFO  ozone.MiniOzoneClusterImpl (MiniOzoneClusterImpl.java:lambda$waitForClusterToBeReady$0(221)) - SCM became leader
2022-08-25 18:57:55,647 [IPC Server handler 18 on default port 42649] INFO  net.NetworkTopologyImpl (NetworkTopologyImpl.java:add(112)) - Added a new node: /default-rack/b35797eb-9814-4f34-911c-e7cd4b87b364
2022-08-25 18:57:55,648 [IPC Server handler 18 on default port 42649] INFO  node.SCMNodeManager (SCMNodeManager.java:register(397)) - Registered Data node : b35797eb-9814-4f34-911c-e7cd4b87b364{ip: 10.1.0.203, host: fv-az204-2.d0ggoinxmwcejgojbuqly40l0e.cx.internal.cloudapp.net, ports: [REPLICATION=36023, RATIS=38087, RATIS_ADMIN=38087, RATIS_SERVER=38087, STANDALONE=40605], networkLocation: /default-rack, certSerialId: null, persistedOpState: null, persistedOpStateExpiryEpochSec: 0}
2022-08-25 18:57:55,649 [EventQueue-NewNodeForNewNodeHandler] INFO  pipeline.BackgroundPipelineCreator (BackgroundPipelineCreator.java:notifyEventTriggered(276)) - trigger a one-shot run on RatisPipelineUtilsThread.
2022-08-25 18:57:55,649 [EventQueue-NodeRegistrationContainerReportForDataNodeSafeModeRule] INFO  safemode.SCMSafeModeManager (DataNodeSafeModeRule.java:process(71)) - SCM in safe mode. 3 DataNodes registered, 3 required.
2022-08-25 18:57:55,649 [EventQueue-NodeRegistrationContainerReportForDataNodeSafeModeRule] INFO  safemode.SCMSafeModeManager (SCMSafeModeManager.java:validateSafeModeExitRules(204)) - DataNodeSafeModeRule rule is successfully validated
2022-08-25 18:57:55,649 [EventQueue-NodeRegistrationContainerReportForDataNodeSafeModeRule] INFO  safemode.SCMSafeModeManager (SCMSafeModeManager.java:completePreCheck(233)) - All SCM safe mode pre check rules have passed
2022-08-25 18:57:55,649 [EventQueue-NodeRegistrationContainerReportForDataNodeSafeModeRule] WARN  events.EventQueue (EventQueue.java:fireEvent(216)) - No event handler registered for event TypedEvent{payloadType=SafeModeStatus, name='Safe mode status'}
2022-08-25 18:57:55,649 [EventQueue-NodeRegistrationContainerReportForDataNodeSafeModeRule] INFO  ha.SCMContext (SCMContext.java:updateSafeModeStatus(228)) - Update SafeModeStatus from SafeModeStatus{safeModeStatus=true, preCheckPassed=false} to SafeModeStatus{safeModeStatus=true, preCheckPassed=true}.
2022-08-25 18:57:55,649 [EventQueue-NodeRegistrationContainerReportForDataNodeSafeModeRule] INFO  pipeline.BackgroundPipelineCreator (BackgroundPipelineCreator.java:notifyEventTriggered(276)) - trigger a one-shot run on RatisPipelineUtilsThread.
2022-08-25 18:57:55,650 [RatisPipelineUtilsThread - 0] INFO  pipeline.RatisPipelineProvider (RatisPipelineProvider.java:lambda$create$0(195)) - Sending CreatePipelineCommand for pipeline:PipelineID=7944eebe-252c-4838-b6e0-954dc2abbccb to datanode:b35797eb-9814-4f34-911c-e7cd4b87b364
2022-08-25 18:57:55,650 [RatisPipelineUtilsThread - 0] INFO  pipeline.PipelineStateManagerImpl (PipelineStateManagerImpl.java:addPipeline(103)) - Created pipeline Pipeline[ Id: 7944eebe-252c-4838-b6e0-954dc2abbccb, Nodes: b35797eb-9814-4f34-911c-e7cd4b87b364{ip: 10.1.0.203, host: fv-az204-2.d0ggoinxmwcejgojbuqly40l0e.cx.internal.cloudapp.net, ports: [REPLICATION=36023, RATIS=38087, RATIS_ADMIN=38087, RATIS_SERVER=38087, STANDALONE=40605], networkLocation: /default-rack, certSerialId: null, persistedOpState: IN_SERVICE, persistedOpStateExpiryEpochSec: 0}, ReplicationConfig: RATIS/ONE, State:ALLOCATED, leaderId:, CreationTimestamp2022-08-25T18:57:55.650Z[Etc/UTC]].
2022-08-25 18:57:55,654 [RatisPipelineUtilsThread - 0] INFO  pipeline.RatisPipelineProvider (RatisPipelineProvider.java:lambda$create$0(195)) - Sending CreatePipelineCommand for pipeline:PipelineID=79e14743-4793-46ee-ba38-abd2fb1fb5b1 to datanode:5330244c-9de6-4dff-8dd2-a0a85754c44f
2022-08-25 18:57:55,654 [RatisPipelineUtilsThread - 0] INFO  pipeline.RatisPipelineProvider (RatisPipelineProvider.java:lambda$create$0(195)) - Sending CreatePipelineCommand for pipeline:PipelineID=79e14743-4793-46ee-ba38-abd2fb1fb5b1 to datanode:b35797eb-9814-4f34-911c-e7cd4b87b364
2022-08-25 18:57:55,654 [RatisPipelineUtilsThread - 0] INFO  pipeline.RatisPipelineProvider (RatisPipelineProvider.java:lambda$create$0(195)) - Sending CreatePipelineCommand for pipeline:PipelineID=79e14743-4793-46ee-ba38-abd2fb1fb5b1 to datanode:0f092162-54fd-43f5-9541-6660c8eb28a8
2022-08-25 18:57:55,655 [RatisPipelineUtilsThread - 0] INFO  pipeline.PipelineStateManagerImpl (PipelineStateManagerImpl.java:addPipeline(103)) - Created pipeline Pipeline[ Id: 79e14743-4793-46ee-ba38-abd2fb1fb5b1, Nodes: 5330244c-9de6-4dff-8dd2-a0a85754c44f{ip: 10.1.0.203, host: fv-az204-2.d0ggoinxmwcejgojbuqly40l0e.cx.internal.cloudapp.net, ports: [REPLICATION=40455, RATIS=46343, RATIS_ADMIN=46343, RATIS_SERVER=46343, STANDALONE=38621], networkLocation: /default-rack, certSerialId: null, persistedOpState: IN_SERVICE, persistedOpStateExpiryEpochSec: 0}b35797eb-9814-4f34-911c-e7cd4b87b364{ip: 10.1.0.203, host: fv-az204-2.d0ggoinxmwcejgojbuqly40l0e.cx.internal.cloudapp.net, ports: [REPLICATION=36023, RATIS=38087, RATIS_ADMIN=38087, RATIS_SERVER=38087, STANDALONE=40605], networkLocation: /default-rack, certSerialId: null, persistedOpState: IN_SERVICE, persistedOpStateExpiryEpochSec: 0}0f092162-54fd-43f5-9541-6660c8eb28a8{ip: 10.1.0.203, host: fv-az204-2.d0ggoinxmwcejgojbuqly40l0e.cx.internal.cloudapp.net, ports: [REPLICATION=44913, RATIS=41449, RATIS_ADMIN=41449, RATIS_SERVER=41449, STANDALONE=38021], networkLocation: /default-rack, certSerialId: null, persistedOpState: IN_SERVICE, persistedOpStateExpiryEpochSec: 0}, ReplicationConfig: RATIS/THREE, State:ALLOCATED, leaderId:, CreationTimestamp2022-08-25T18:57:55.654Z[Etc/UTC]].
2022-08-25 18:57:55,656 [RatisPipelineUtilsThread - 0] INFO  pipeline.RatisPipelineProvider (RatisPipelineProvider.java:lambda$create$0(195)) - Sending CreatePipelineCommand for pipeline:PipelineID=57516bdc-11a3-491e-8a60-7395e094d603 to datanode:0f092162-54fd-43f5-9541-6660c8eb28a8
2022-08-25 18:57:55,656 [RatisPipelineUtilsThread - 0] INFO  pipeline.RatisPipelineProvider (RatisPipelineProvider.java:lambda$create$0(195)) - Sending CreatePipelineCommand for pipeline:PipelineID=57516bdc-11a3-491e-8a60-7395e094d603 to datanode:b35797eb-9814-4f34-911c-e7cd4b87b364
2022-08-25 18:57:55,656 [RatisPipelineUtilsThread - 0] INFO  pipeline.RatisPipelineProvider (RatisPipelineProvider.java:lambda$create$0(195)) - Sending CreatePipelineCommand for pipeline:PipelineID=57516bdc-11a3-491e-8a60-7395e094d603 to datanode:5330244c-9de6-4dff-8dd2-a0a85754c44f
2022-08-25 18:57:55,657 [RatisPipelineUtilsThread - 0] INFO  pipeline.PipelineStateManagerImpl (PipelineStateManagerImpl.java:addPipeline(103)) - Created pipeline Pipeline[ Id: 57516bdc-11a3-491e-8a60-7395e094d603, Nodes: 0f092162-54fd-43f5-9541-6660c8eb28a8{ip: 10.1.0.203, host: fv-az204-2.d0ggoinxmwcejgojbuqly40l0e.cx.internal.cloudapp.net, ports: [REPLICATION=44913, RATIS=41449, RATIS_ADMIN=41449, RATIS_SERVER=41449, STANDALONE=38021], networkLocation: /default-rack, certSerialId: null, persistedOpState: IN_SERVICE, persistedOpStateExpiryEpochSec: 0}b35797eb-9814-4f34-911c-e7cd4b87b364{ip: 10.1.0.203, host: fv-az204-2.d0ggoinxmwcejgojbuqly40l0e.cx.internal.cloudapp.net, ports: [REPLICATION=36023, RATIS=38087, RATIS_ADMIN=38087, RATIS_SERVER=38087, STANDALONE=40605], networkLocation: /default-rack, certSerialId: null, persistedOpState: IN_SERVICE, persistedOpStateExpiryEpochSec: 0}5330244c-9de6-4dff-8dd2-a0a85754c44f{ip: 10.1.0.203, host: fv-az204-2.d0ggoinxmwcejgojbuqly40l0e.cx.internal.cloudapp.net, ports: [REPLICATION=40455, RATIS=46343, RATIS_ADMIN=46343, RATIS_SERVER=46343, STANDALONE=38621], networkLocation: /default-rack, certSerialId: null, persistedOpState: IN_SERVICE, persistedOpStateExpiryEpochSec: 0}, ReplicationConfig: RATIS/THREE, State:ALLOCATED, leaderId:, CreationTimestamp2022-08-25T18:57:55.656Z[Etc/UTC]].
2022-08-25 18:57:55,657 [RatisPipelineUtilsThread - 0] INFO  pipeline.PipelineManagerImpl (PipelineManagerImpl.java:recordMetricsForPipeline(796)) - Pipeline: PipelineID=57516bdc-11a3-491e-8a60-7395e094d603 contains same datanodes as previous pipelines: PipelineID=79e14743-4793-46ee-ba38-abd2fb1fb5b1 nodeIds: 0f092162-54fd-43f5-9541-6660c8eb28a8, b35797eb-9814-4f34-911c-e7cd4b87b364, 5330244c-9de6-4dff-8dd2-a0a85754c44f
2022-08-25 18:57:56,633 [Listener at 127.0.0.1/37469] INFO  ozone.MiniOzoneClusterImpl (MiniOzoneClusterImpl.java:lambda$waitForClusterToBeReady$0(216)) - Nodes are ready. Got 3 of 3 DN Heartbeats.
2022-08-25 18:57:56,635 [Listener at 127.0.0.1/37469] INFO  ozone.MiniOzoneClusterImpl (MiniOzoneClusterImpl.java:lambda$waitForClusterToBeReady$0(219)) - Waiting for cluster to exit safe mode
2022-08-25 18:57:56,635 [Listener at 127.0.0.1/37469] INFO  ozone.MiniOzoneClusterImpl (MiniOzoneClusterImpl.java:lambda$waitForClusterToBeReady$0(221)) - SCM became leader
2022-08-25 18:57:57,635 [Listener at 127.0.0.1/37469] INFO  ozone.MiniOzoneClusterImpl (MiniOzoneClusterImpl.java:lambda$waitForClusterToBeReady$0(216)) - Nodes are ready. Got 3 of 3 DN Heartbeats.
2022-08-25 18:57:57,635 [Listener at 127.0.0.1/37469] INFO  ozone.MiniOzoneClusterImpl (MiniOzoneClusterImpl.java:lambda$waitForClusterToBeReady$0(219)) - Waiting for cluster to exit safe mode
2022-08-25 18:57:57,636 [Listener at 127.0.0.1/37469] INFO  ozone.MiniOzoneClusterImpl (MiniOzoneClusterImpl.java:lambda$waitForClusterToBeReady$0(221)) - SCM became leader
2022-08-25 18:57:57,736 [Command processor thread] INFO  server.RaftServer (RaftServerProxy.java:addNew(96)) - 0f092162-54fd-43f5-9541-6660c8eb28a8: addNew group-32EF543A01B9:[0f092162-54fd-43f5-9541-6660c8eb28a8|rpc:10.1.0.203:41449|priority:1] returns group-32EF543A01B9:java.util.concurrent.CompletableFuture@3799a438[Not completed]
2022-08-25 18:57:57,747 [pool-72-thread-1] INFO  server.RaftServer$Division (RaftServerImpl.java:<init>(190)) - 0f092162-54fd-43f5-9541-6660c8eb28a8: new RaftServerImpl for group-32EF543A01B9:[0f092162-54fd-43f5-9541-6660c8eb28a8|rpc:10.1.0.203:41449|priority:1] with ContainerStateMachine:uninitialized
2022-08-25 18:57:57,748 [pool-72-thread-1] INFO  server.RaftServerConfigKeys (ConfUtils.java:logGet(46)) - raft.server.rpc.timeout.min = 5s (custom)
2022-08-25 18:57:57,748 [pool-72-thread-1] INFO  server.RaftServerConfigKeys (ConfUtils.java:logGet(46)) - raft.server.rpc.timeout.max = 5200ms (custom)
2022-08-25 18:57:57,748 [pool-72-thread-1] INFO  server.RaftServerConfigKeys (ConfUtils.java:logGet(46)) - raft.server.rpc.sleep.time = 25ms (default)
2022-08-25 18:57:57,748 [pool-72-thread-1] INFO  server.RaftServerConfigKeys (ConfUtils.java:logGet(46)) - raft.server.rpc.slowness.timeout = 300s (custom)
2022-08-25 18:57:57,748 [pool-72-thread-1] INFO  server.RaftServerConfigKeys (ConfUtils.java:logGet(46)) - raft.server.leaderelection.leader.step-down.wait-time = 10s (default)
2022-08-25 18:57:57,748 [pool-72-thread-1] INFO  server.RaftServerConfigKeys (ConfUtils.java:logGet(46)) - raft.server.sleep.deviation.threshold = 300ms (default)
2022-08-25 18:57:57,748 [pool-72-thread-1] INFO  server.RaftServer$Division (ServerState.java:<init>(107)) - 0f092162-54fd-43f5-9541-6660c8eb28a8@group-32EF543A01B9: ConfigurationManager, init=-1: [0f092162-54fd-43f5-9541-6660c8eb28a8|rpc:10.1.0.203:41449|priority:1], old=null, confs=<EMPTY_MAP>
2022-08-25 18:57:57,748 [pool-72-thread-1] INFO  server.RaftServerConfigKeys (ConfUtils.java:logGet(46)) - raft.server.storage.dir = [/home/runner/work/ozone/ozone/hadoop-ozone/integration-test/target/test-dir/MiniOzoneClusterImpl-518a318b-3ddf-4865-b851-646fdb0ed455/datanode-0/data/ratis] (custom)
2022-08-25 18:57:57,749 [pool-72-thread-1] INFO  server.RaftServerConfigKeys (ConfUtils.java:logGet(46)) - raft.server.log.corruption.policy = EXCEPTION (default)
2022-08-25 18:57:57,749 [pool-72-thread-1] INFO  server.RaftServerConfigKeys (ConfUtils.java:logGet(46)) - raft.server.storage.free-space.min = 0MB (=0) (default)
2022-08-25 18:57:57,749 [pool-72-thread-1] INFO  storage.RaftStorageDirectory (RaftStorageDirectoryImpl.java:analyzeStorage(135)) - The storage directory /home/runner/work/ozone/ozone/hadoop-ozone/integration-test/target/test-dir/MiniOzoneClusterImpl-518a318b-3ddf-4865-b851-646fdb0ed455/datanode-0/data/ratis/67cbdaef-6ff9-4026-9428-32ef543a01b9 does not exist. Creating ...
2022-08-25 18:57:57,751 [pool-72-thread-1] INFO  storage.RaftStorageDirectory (RaftStorageDirectoryImpl.java:tryLock(230)) - Lock on /home/runner/work/ozone/ozone/hadoop-ozone/integration-test/target/test-dir/MiniOzoneClusterImpl-518a318b-3ddf-4865-b851-646fdb0ed455/datanode-0/data/ratis/67cbdaef-6ff9-4026-9428-32ef543a01b9/in_use.lock acquired by nodename 56427@fv-az204-2
2022-08-25 18:57:57,753 [pool-72-thread-1] INFO  storage.RaftStorage (RaftStorageImpl.java:format(89)) - Storage directory /home/runner/work/ozone/ozone/hadoop-ozone/integration-test/target/test-dir/MiniOzoneClusterImpl-518a318b-3ddf-4865-b851-646fdb0ed455/datanode-0/data/ratis/67cbdaef-6ff9-4026-9428-32ef543a01b9 has been successfully formatted.
2022-08-25 18:57:57,758 [pool-72-thread-1] INFO  ratis.ContainerStateMachine (ContainerStateMachine.java:loadSnapshot(236)) - group-32EF543A01B9: The snapshot info is null. Setting the last applied indexto:(t:0, i:~)
2022-08-25 18:57:57,763 [pool-72-thread-1] INFO  server.RaftServerConfigKeys (ConfUtils.java:logGet(46)) - raft.server.notification.no-leader.timeout = 300s (custom)
2022-08-25 18:57:57,763 [pool-72-thread-1] INFO  server.RaftServerConfigKeys (ConfUtils.java:logGet(46)) - raft.server.log.use.memory = false (default)
2022-08-25 18:57:57,763 [pool-72-thread-1] INFO  server.RaftServerConfigKeys (ConfUtils.java:logGet(46)) - raft.server.log.purge.gap = 1000000 (custom)
2022-08-25 18:57:57,763 [pool-72-thread-1] INFO  server.RaftServerConfigKeys (ConfUtils.java:logGet(46)) - raft.server.log.appender.buffer.byte-limit = 33554432 (custom)
2022-08-25 18:57:57,763 [pool-72-thread-1] INFO  server.RaftServerConfigKeys (ConfUtils.java:logGet(46)) - raft.server.log.statemachine.data.read.timeout = 1000ms (default)
2022-08-25 18:57:57,764 [pool-72-thread-1] INFO  server.RaftServerConfigKeys (ConfUtils.java:logGet(46)) - raft.server.log.segment.size.max = 1048576 (custom)
2022-08-25 18:57:57,764 [pool-72-thread-1] INFO  server.RaftServerConfigKeys (ConfUtils.java:logGet(46)) - raft.server.log.segment.cache.num.max = 2 (custom)
2022-08-25 18:57:57,764 [pool-72-thread-1] INFO  server.RaftServerConfigKeys (ConfUtils.java:logGet(46)) - raft.server.log.segment.cache.size.max = 200MB (=209715200) (default)
2022-08-25 18:57:57,764 [pool-72-thread-1] INFO  segmented.SegmentedRaftLogWorker (SegmentedRaftLogWorker.java:<init>(187)) - new 0f092162-54fd-43f5-9541-6660c8eb28a8@group-32EF543A01B9-SegmentedRaftLogWorker for RaftStorageImpl:Storage Directory /home/runner/work/ozone/ozone/hadoop-ozone/integration-test/target/test-dir/MiniOzoneClusterImpl-518a318b-3ddf-4865-b851-646fdb0ed455/datanode-0/data/ratis/67cbdaef-6ff9-4026-9428-32ef543a01b9
2022-08-25 18:57:57,765 [pool-72-thread-1] INFO  server.RaftServerConfigKeys (ConfUtils.java:logGet(46)) - raft.server.log.queue.byte-limit = 4294967296 (custom)
2022-08-25 18:57:57,765 [pool-72-thread-1] INFO  server.RaftServerConfigKeys (ConfUtils.java:logGet(46)) - raft.server.log.queue.element-limit = 1024 (custom)
2022-08-25 18:57:57,765 [pool-72-thread-1] INFO  server.RaftServerConfigKeys (ConfUtils.java:logGet(46)) - raft.server.log.segment.size.max = 1048576 (custom)
2022-08-25 18:57:57,765 [pool-72-thread-1] INFO  server.RaftServerConfigKeys (ConfUtils.java:logGet(46)) - raft.server.log.preallocated.size = 16384 (custom)
2022-08-25 18:57:57,765 [pool-72-thread-1] INFO  server.RaftServerConfigKeys (ConfUtils.java:logGet(46)) - raft.server.log.force.sync.num = 128 (default)
2022-08-25 18:57:57,765 [pool-72-thread-1] INFO  server.RaftServerConfigKeys (ConfUtils.java:logGet(46)) - raft.server.log.statemachine.data.sync = true (default)
2022-08-25 18:57:57,765 [pool-72-thread-1] INFO  server.RaftServerConfigKeys (ConfUtils.java:logGet(46)) - raft.server.log.statemachine.data.sync.timeout = 10s (default)
2022-08-25 18:57:57,765 [pool-72-thread-1] INFO  server.RaftServerConfigKeys (ConfUtils.java:logGet(46)) - raft.server.log.statemachine.data.sync.timeout.retry = -1 (default)
2022-08-25 18:57:57,766 [pool-72-thread-1] INFO  server.RaftServerConfigKeys (ConfUtils.java:logGet(46)) - raft.server.log.write.buffer.size = 1048576 (custom)
2022-08-25 18:57:57,767 [pool-72-thread-1] INFO  server.RaftServerConfigKeys (ConfUtils.java:logGet(46)) - raft.server.log.unsafe-flush.enabled = false (default)
2022-08-25 18:57:57,767 [pool-72-thread-1] INFO  server.RaftServerConfigKeys (ConfUtils.java:logGet(46)) - raft.server.log.statemachine.data.caching.enabled = true (custom)
2022-08-25 18:57:57,767 [pool-72-thread-1] INFO  segmented.SegmentedRaftLogWorker (SegmentedRaftLogWorker.java:lambda$new$0(135)) - 0f092162-54fd-43f5-9541-6660c8eb28a8@group-32EF543A01B9-SegmentedRaftLogWorker: flushIndex: setUnconditionally 0 -> -1
2022-08-25 18:57:57,767 [pool-72-thread-1] INFO  segmented.SegmentedRaftLogWorker (SegmentedRaftLogWorker.java:lambda$new$0(135)) - 0f092162-54fd-43f5-9541-6660c8eb28a8@group-32EF543A01B9-SegmentedRaftLogWorker: safeCacheEvictIndex: setUnconditionally 0 -> -1
2022-08-25 18:57:57,768 [pool-72-thread-1] INFO  server.RaftServerConfigKeys (ConfUtils.java:logGet(46)) - raft.server.snapshot.auto.trigger.enabled = true (custom)
2022-08-25 18:57:57,768 [pool-72-thread-1] INFO  server.RaftServerConfigKeys (ConfUtils.java:logGet(46)) - raft.server.snapshot.auto.trigger.threshold = 10000 (custom)
2022-08-25 18:57:57,768 [pool-72-thread-1] INFO  server.RaftServerConfigKeys (ConfUtils.java:logGet(46)) - raft.server.snapshot.retention.file.num = 5 (custom)
2022-08-25 18:57:57,768 [pool-72-thread-1] INFO  server.RaftServerConfigKeys (ConfUtils.java:logGet(46)) - raft.server.log.purge.upto.snapshot.index = false (default)
2022-08-25 18:57:57,768 [pool-72-thread-1] INFO  server.RaftServerConfigKeys (ConfUtils.java:logGet(46)) - raft.server.retrycache.expirytime = 600000ms (custom)
2022-08-25 18:57:57,768 [pool-72-thread-1] INFO  server.RaftServerConfigKeys (ConfUtils.java:logGet(46)) - raft.server.retrycache.statistics.expirytime = 100μs (default)
2022-08-25 18:57:57,770 [pool-72-thread-1] INFO  server.RaftServerConfigKeys (ConfUtils.java:logGet(46)) - raft.server.log.appender.install.snapshot.enabled = false (custom)
2022-08-25 18:57:57,772 [pool-72-thread-1] INFO  server.RaftServerConfigKeys (ConfUtils.java:logGet(46)) - raft.server.threadpool.server.cached = true (default)
2022-08-25 18:57:57,772 [pool-72-thread-1] INFO  server.RaftServerConfigKeys (ConfUtils.java:logGet(46)) - raft.server.threadpool.server.size = 0 (default)
2022-08-25 18:57:57,772 [pool-72-thread-1] INFO  server.RaftServerConfigKeys (ConfUtils.java:logGet(46)) - raft.server.threadpool.client.cached = true (default)
2022-08-25 18:57:57,772 [pool-72-thread-1] INFO  server.RaftServerConfigKeys (ConfUtils.java:logGet(46)) - raft.server.threadpool.client.size = 0 (default)
2022-08-25 18:57:57,772 [pool-72-thread-1] INFO  server.RaftServer$Division (RaftServerImpl.java:start(310)) - 0f092162-54fd-43f5-9541-6660c8eb28a8@group-32EF543A01B9: start as a follower, conf=-1: [0f092162-54fd-43f5-9541-6660c8eb28a8|rpc:10.1.0.203:41449|priority:1], old=null
2022-08-25 18:57:57,773 [pool-72-thread-1] INFO  server.RaftServer$Division (RaftServerImpl.java:setRole(299)) - 0f092162-54fd-43f5-9541-6660c8eb28a8@group-32EF543A01B9: changes role from      null to FOLLOWER at term 0 for startAsFollower
2022-08-25 18:57:57,773 [pool-72-thread-1] INFO  impl.RoleInfo (RoleInfo.java:updateAndGet(139)) - 0f092162-54fd-43f5-9541-6660c8eb28a8: start 0f092162-54fd-43f5-9541-6660c8eb28a8@group-32EF543A01B9-FollowerState
2022-08-25 18:57:57,777 [pool-72-thread-1] INFO  util.JmxRegister (JmxRegister.java:tryRegister(44)) - Successfully registered JMX Bean with object name Ratis:service=RaftServer,group=group-32EF543A01B9,id=0f092162-54fd-43f5-9541-6660c8eb28a8
2022-08-25 18:57:57,787 [EventQueue-PipelineReportForPipelineReportHandler] INFO  pipeline.PipelineManagerImpl (PipelineManagerImpl.java:openPipeline(367)) - Pipeline Pipeline[ Id: 67cbdaef-6ff9-4026-9428-32ef543a01b9, Nodes: 0f092162-54fd-43f5-9541-6660c8eb28a8{ip: 10.1.0.203, host: fv-az204-2.d0ggoinxmwcejgojbuqly40l0e.cx.internal.cloudapp.net, ports: [REPLICATION=44913, RATIS=41449, RATIS_ADMIN=41449, RATIS_SERVER=41449, STANDALONE=38021], networkLocation: /default-rack, certSerialId: null, persistedOpState: IN_SERVICE, persistedOpStateExpiryEpochSec: 0}, ReplicationConfig: RATIS/ONE, State:ALLOCATED, leaderId:0f092162-54fd-43f5-9541-6660c8eb28a8, CreationTimestamp2022-08-25T18:57:54.753Z[Etc/UTC]] moved to OPEN state
2022-08-25 18:57:57,789 [EventQueue-OpenPipelineForHealthyPipelineSafeModeRule] INFO  safemode.SCMSafeModeManager (HealthyPipelineSafeModeRule.java:process(137)) - SCM in safe mode. Healthy pipelines reported count is 0, required healthy pipeline reported count is 1
2022-08-25 18:57:57,790 [Command processor thread] INFO  ratis.XceiverServerRatis (XceiverServerRatis.java:addGroup(765)) - Created group PipelineID=67cbdaef-6ff9-4026-9428-32ef543a01b9
2022-08-25 18:57:57,791 [Command processor thread] INFO  commandhandler.CreatePipelineCommandHandler (CreatePipelineCommandHandler.java:handle(113)) - Created Pipeline RATIS ONE PipelineID=67cbdaef-6ff9-4026-9428-32ef543a01b9.
2022-08-25 18:57:57,792 [Command processor thread] INFO  server.RaftServer (RaftServerProxy.java:addNew(96)) - 0f092162-54fd-43f5-9541-6660c8eb28a8: addNew group-ABD2FB1FB5B1:[5330244c-9de6-4dff-8dd2-a0a85754c44f|rpc:10.1.0.203:46343|priority:0, b35797eb-9814-4f34-911c-e7cd4b87b364|rpc:10.1.0.203:38087|priority:0, 0f092162-54fd-43f5-9541-6660c8eb28a8|rpc:10.1.0.203:41449|priority:1] returns group-ABD2FB1FB5B1:java.util.concurrent.CompletableFuture@699212b5[Not completed]
2022-08-25 18:57:57,793 [pool-72-thread-1] INFO  server.RaftServer$Division (RaftServerImpl.java:<init>(190)) - 0f092162-54fd-43f5-9541-6660c8eb28a8: new RaftServerImpl for group-ABD2FB1FB5B1:[5330244c-9de6-4dff-8dd2-a0a85754c44f|rpc:10.1.0.203:46343|priority:0, b35797eb-9814-4f34-911c-e7cd4b87b364|rpc:10.1.0.203:38087|priority:0, 0f092162-54fd-43f5-9541-6660c8eb28a8|rpc:10.1.0.203:41449|priority:1] with ContainerStateMachine:uninitialized
2022-08-25 18:57:57,793 [pool-72-thread-1] INFO  server.RaftServerConfigKeys (ConfUtils.java:logGet(46)) - raft.server.rpc.timeout.min = 5s (custom)
2022-08-25 18:57:57,794 [pool-72-thread-1] INFO  server.RaftServerConfigKeys (ConfUtils.java:logGet(46)) - raft.server.rpc.timeout.max = 5200ms (custom)
2022-08-25 18:57:57,794 [pool-72-thread-1] INFO  server.RaftServerConfigKeys (ConfUtils.java:logGet(46)) - raft.server.rpc.sleep.time = 25ms (default)
2022-08-25 18:57:57,794 [pool-72-thread-1] INFO  server.RaftServerConfigKeys (ConfUtils.java:logGet(46)) - raft.server.rpc.slowness.timeout = 300s (custom)
2022-08-25 18:57:57,794 [pool-72-thread-1] INFO  server.RaftServerConfigKeys (ConfUtils.java:logGet(46)) - raft.server.leaderelection.leader.step-down.wait-time = 10s (default)
2022-08-25 18:57:57,794 [pool-72-thread-1] INFO  server.RaftServerConfigKeys (ConfUtils.java:logGet(46)) - raft.server.sleep.deviation.threshold = 300ms (default)
2022-08-25 18:57:57,794 [pool-72-thread-1] INFO  server.RaftServer$Division (ServerState.java:<init>(107)) - 0f092162-54fd-43f5-9541-6660c8eb28a8@group-ABD2FB1FB5B1: ConfigurationManager, init=-1: [5330244c-9de6-4dff-8dd2-a0a85754c44f|rpc:10.1.0.203:46343|priority:0, b35797eb-9814-4f34-911c-e7cd4b87b364|rpc:10.1.0.203:38087|priority:0, 0f092162-54fd-43f5-9541-6660c8eb28a8|rpc:10.1.0.203:41449|priority:1], old=null, confs=<EMPTY_MAP>
2022-08-25 18:57:57,794 [pool-72-thread-1] INFO  server.RaftServerConfigKeys (ConfUtils.java:logGet(46)) - raft.server.storage.dir = [/home/runner/work/ozone/ozone/hadoop-ozone/integration-test/target/test-dir/MiniOzoneClusterImpl-518a318b-3ddf-4865-b851-646fdb0ed455/datanode-0/data/ratis] (custom)
2022-08-25 18:57:57,794 [pool-72-thread-1] INFO  server.RaftServerConfigKeys (ConfUtils.java:logGet(46)) - raft.server.log.corruption.policy = EXCEPTION (default)
2022-08-25 18:57:57,794 [pool-72-thread-1] INFO  server.RaftServerConfigKeys (ConfUtils.java:logGet(46)) - raft.server.storage.free-space.min = 0MB (=0) (default)
2022-08-25 18:57:57,794 [pool-72-thread-1] INFO  storage.RaftStorageDirectory (RaftStorageDirectoryImpl.java:analyzeStorage(135)) - The storage directory /home/runner/work/ozone/ozone/hadoop-ozone/integration-test/target/test-dir/MiniOzoneClusterImpl-518a318b-3ddf-4865-b851-646fdb0ed455/datanode-0/data/ratis/79e14743-4793-46ee-ba38-abd2fb1fb5b1 does not exist. Creating ...
2022-08-25 18:57:57,797 [pool-72-thread-1] INFO  storage.RaftStorageDirectory (RaftStorageDirectoryImpl.java:tryLock(230)) - Lock on /home/runner/work/ozone/ozone/hadoop-ozone/integration-test/target/test-dir/MiniOzoneClusterImpl-518a318b-3ddf-4865-b851-646fdb0ed455/datanode-0/data/ratis/79e14743-4793-46ee-ba38-abd2fb1fb5b1/in_use.lock acquired by nodename 56427@fv-az204-2
2022-08-25 18:57:57,799 [pool-72-thread-1] INFO  storage.RaftStorage (RaftStorageImpl.java:format(89)) - Storage directory /home/runner/work/ozone/ozone/hadoop-ozone/integration-test/target/test-dir/MiniOzoneClusterImpl-518a318b-3ddf-4865-b851-646fdb0ed455/datanode-0/data/ratis/79e14743-4793-46ee-ba38-abd2fb1fb5b1 has been successfully formatted.
2022-08-25 18:57:57,800 [pool-72-thread-1] INFO  ratis.ContainerStateMachine (ContainerStateMachine.java:loadSnapshot(236)) - group-ABD2FB1FB5B1: The snapshot info is null. Setting the last applied indexto:(t:0, i:~)
2022-08-25 18:57:57,800 [pool-72-thread-1] INFO  server.RaftServerConfigKeys (ConfUtils.java:logGet(46)) - raft.server.notification.no-leader.timeout = 300s (custom)
2022-08-25 18:57:57,800 [pool-72-thread-1] INFO  server.RaftServerConfigKeys (ConfUtils.java:logGet(46)) - raft.server.log.use.memory = false (default)
2022-08-25 18:57:57,800 [pool-72-thread-1] INFO  server.RaftServerConfigKeys (ConfUtils.java:logGet(46)) - raft.server.log.purge.gap = 1000000 (custom)
2022-08-25 18:57:57,800 [pool-72-thread-1] INFO  server.RaftServerConfigKeys (ConfUtils.java:logGet(46)) - raft.server.log.appender.buffer.byte-limit = 33554432 (custom)
2022-08-25 18:57:57,800 [pool-72-thread-1] INFO  server.RaftServerConfigKeys (ConfUtils.java:logGet(46)) - raft.server.log.statemachine.data.read.timeout = 1000ms (default)
2022-08-25 18:57:57,801 [pool-72-thread-1] INFO  server.RaftServerConfigKeys (ConfUtils.java:logGet(46)) - raft.server.log.segment.size.max = 1048576 (custom)
2022-08-25 18:57:57,801 [pool-72-thread-1] INFO  server.RaftServerConfigKeys (ConfUtils.java:logGet(46)) - raft.server.log.segment.cache.num.max = 2 (custom)
2022-08-25 18:57:57,801 [pool-72-thread-1] INFO  server.RaftServerConfigKeys (ConfUtils.java:logGet(46)) - raft.server.log.segment.cache.size.max = 200MB (=209715200) (default)
2022-08-25 18:57:57,801 [pool-72-thread-1] INFO  segmented.SegmentedRaftLogWorker (SegmentedRaftLogWorker.java:<init>(187)) - new 0f092162-54fd-43f5-9541-6660c8eb28a8@group-ABD2FB1FB5B1-SegmentedRaftLogWorker for RaftStorageImpl:Storage Directory /home/runner/work/ozone/ozone/hadoop-ozone/integration-test/target/test-dir/MiniOzoneClusterImpl-518a318b-3ddf-4865-b851-646fdb0ed455/datanode-0/data/ratis/79e14743-4793-46ee-ba38-abd2fb1fb5b1
2022-08-25 18:57:57,801 [pool-72-thread-1] INFO  server.RaftServerConfigKeys (ConfUtils.java:logGet(46)) - raft.server.log.queue.byte-limit = 4294967296 (custom)
2022-08-25 18:57:57,801 [pool-72-thread-1] INFO  server.RaftServerConfigKeys (ConfUtils.java:logGet(46)) - raft.server.log.queue.element-limit = 1024 (custom)
2022-08-25 18:57:57,801 [pool-72-thread-1] INFO  server.RaftServerConfigKeys (ConfUtils.java:logGet(46)) - raft.server.log.segment.size.max = 1048576 (custom)
2022-08-25 18:57:57,802 [pool-72-thread-1] INFO  server.RaftServerConfigKeys (ConfUtils.java:logGet(46)) - raft.server.log.preallocated.size = 16384 (custom)
2022-08-25 18:57:57,802 [pool-72-thread-1] INFO  server.RaftServerConfigKeys (ConfUtils.java:logGet(46)) - raft.server.log.force.sync.num = 128 (default)
2022-08-25 18:57:57,802 [pool-72-thread-1] INFO  server.RaftServerConfigKeys (ConfUtils.java:logGet(46)) - raft.server.log.statemachine.data.sync = true (default)
2022-08-25 18:57:57,802 [pool-72-thread-1] INFO  server.RaftServerConfigKeys (ConfUtils.java:logGet(46)) - raft.server.log.statemachine.data.sync.timeout = 10s (default)
2022-08-25 18:57:57,802 [pool-72-thread-1] INFO  server.RaftServerConfigKeys (ConfUtils.java:logGet(46)) - raft.server.log.statemachine.data.sync.timeout.retry = -1 (default)
2022-08-25 18:57:57,803 [pool-72-thread-1] INFO  server.RaftServerConfigKeys (ConfUtils.java:logGet(46)) - raft.server.log.write.buffer.size = 1048576 (custom)
2022-08-25 18:57:57,804 [pool-72-thread-1] INFO  server.RaftServerConfigKeys (ConfUtils.java:logGet(46)) - raft.server.log.unsafe-flush.enabled = false (default)
2022-08-25 18:57:57,804 [pool-72-thread-1] INFO  server.RaftServerConfigKeys (ConfUtils.java:logGet(46)) - raft.server.log.statemachine.data.caching.enabled = true (custom)
2022-08-25 18:57:57,804 [pool-72-thread-1] INFO  segmented.SegmentedRaftLogWorker (SegmentedRaftLogWorker.java:lambda$new$0(135)) - 0f092162-54fd-43f5-9541-6660c8eb28a8@group-ABD2FB1FB5B1-SegmentedRaftLogWorker: flushIndex: setUnconditionally 0 -> -1
2022-08-25 18:57:57,804 [pool-72-thread-1] INFO  segmented.SegmentedRaftLogWorker (SegmentedRaftLogWorker.java:lambda$new$0(135)) - 0f092162-54fd-43f5-9541-6660c8eb28a8@group-ABD2FB1FB5B1-SegmentedRaftLogWorker: safeCacheEvictIndex: setUnconditionally 0 -> -1
2022-08-25 18:57:57,804 [pool-72-thread-1] INFO  server.RaftServerConfigKeys (ConfUtils.java:logGet(46)) - raft.server.snapshot.auto.trigger.enabled = true (custom)
2022-08-25 18:57:57,804 [pool-72-thread-1] INFO  server.RaftServerConfigKeys (ConfUtils.java:logGet(46)) - raft.server.snapshot.auto.trigger.threshold = 10000 (custom)
2022-08-25 18:57:57,804 [pool-72-thread-1] INFO  server.RaftServerConfigKeys (ConfUtils.java:logGet(46)) - raft.server.snapshot.retention.file.num = 5 (custom)
2022-08-25 18:57:57,804 [pool-72-thread-1] INFO  server.RaftServerConfigKeys (ConfUtils.java:logGet(46)) - raft.server.log.purge.upto.snapshot.index = false (default)
2022-08-25 18:57:57,805 [pool-72-thread-1] INFO  server.RaftServerConfigKeys (ConfUtils.java:logGet(46)) - raft.server.retrycache.expirytime = 600000ms (custom)
2022-08-25 18:57:57,805 [pool-72-thread-1] INFO  server.RaftServerConfigKeys (ConfUtils.java:logGet(46)) - raft.server.retrycache.statistics.expirytime = 100μs (default)
2022-08-25 18:57:57,806 [pool-72-thread-1] INFO  server.RaftServerConfigKeys (ConfUtils.java:logGet(46)) - raft.server.log.appender.install.snapshot.enabled = false (custom)
2022-08-25 18:57:57,806 [pool-72-thread-1] INFO  server.RaftServerConfigKeys (ConfUtils.java:logGet(46)) - raft.server.threadpool.server.cached = true (default)
2022-08-25 18:57:57,806 [pool-72-thread-1] INFO  server.RaftServerConfigKeys (ConfUtils.java:logGet(46)) - raft.server.threadpool.server.size = 0 (default)
2022-08-25 18:57:57,806 [pool-72-thread-1] INFO  server.RaftServerConfigKeys (ConfUtils.java:logGet(46)) - raft.server.threadpool.client.cached = true (default)
2022-08-25 18:57:57,806 [pool-72-thread-1] INFO  server.RaftServerConfigKeys (ConfUtils.java:logGet(46)) - raft.server.threadpool.client.size = 0 (default)
2022-08-25 18:57:57,806 [pool-72-thread-1] INFO  server.RaftServer$Division (RaftServerImpl.java:start(310)) - 0f092162-54fd-43f5-9541-6660c8eb28a8@group-ABD2FB1FB5B1: start as a follower, conf=-1: [5330244c-9de6-4dff-8dd2-a0a85754c44f|rpc:10.1.0.203:46343|priority:0, b35797eb-9814-4f34-911c-e7cd4b87b364|rpc:10.1.0.203:38087|priority:0, 0f092162-54fd-43f5-9541-6660c8eb28a8|rpc:10.1.0.203:41449|priority:1], old=null
2022-08-25 18:57:57,807 [pool-72-thread-1] INFO  server.RaftServer$Division (RaftServerImpl.java:setRole(299)) - 0f092162-54fd-43f5-9541-6660c8eb28a8@group-ABD2FB1FB5B1: changes role from      null to FOLLOWER at term 0 for startAsFollower
2022-08-25 18:57:57,807 [pool-72-thread-1] INFO  impl.RoleInfo (RoleInfo.java:updateAndGet(139)) - 0f092162-54fd-43f5-9541-6660c8eb28a8: start 0f092162-54fd-43f5-9541-6660c8eb28a8@group-ABD2FB1FB5B1-FollowerState
2022-08-25 18:57:57,812 [pool-72-thread-1] INFO  util.JmxRegister (JmxRegister.java:tryRegister(44)) - Successfully registered JMX Bean with object name Ratis:service=RaftServer,group=group-ABD2FB1FB5B1,id=0f092162-54fd-43f5-9541-6660c8eb28a8
2022-08-25 18:57:57,813 [Command processor thread] INFO  ratis.XceiverServerRatis (XceiverServerRatis.java:addGroup(765)) - Created group PipelineID=79e14743-4793-46ee-ba38-abd2fb1fb5b1
2022-08-25 18:57:57,813 [EventQueue-OpenPipelineForHealthyPipelineSafeModeRule] INFO  safemode.SCMSafeModeManager (HealthyPipelineSafeModeRule.java:process(137)) - SCM in safe mode. Healthy pipelines reported count is 0, required healthy pipeline reported count is 1
2022-08-25 18:57:58,309 [Command processor thread] INFO  server.RaftServer (RaftServerProxy.java:addNew(96)) - 5330244c-9de6-4dff-8dd2-a0a85754c44f: addNew group-5EA4F462F153:[5330244c-9de6-4dff-8dd2-a0a85754c44f|rpc:10.1.0.203:46343|priority:1] returns group-5EA4F462F153:java.util.concurrent.CompletableFuture@3ba81432[Not completed]
2022-08-25 18:57:58,314 [pool-95-thread-1] INFO  server.RaftServer$Division (RaftServerImpl.java:<init>(190)) - 5330244c-9de6-4dff-8dd2-a0a85754c44f: new RaftServerImpl for group-5EA4F462F153:[5330244c-9de6-4dff-8dd2-a0a85754c44f|rpc:10.1.0.203:46343|priority:1] with ContainerStateMachine:uninitialized
2022-08-25 18:57:58,315 [pool-95-thread-1] INFO  server.RaftServerConfigKeys (ConfUtils.java:logGet(46)) - raft.server.rpc.timeout.min = 5s (custom)
2022-08-25 18:57:58,315 [pool-95-thread-1] INFO  server.RaftServerConfigKeys (ConfUtils.java:logGet(46)) - raft.server.rpc.timeout.max = 5200ms (custom)
2022-08-25 18:57:58,315 [pool-95-thread-1] INFO  server.RaftServerConfigKeys (ConfUtils.java:logGet(46)) - raft.server.rpc.sleep.time = 25ms (default)
2022-08-25 18:57:58,315 [pool-95-thread-1] INFO  server.RaftServerConfigKeys (ConfUtils.java:logGet(46)) - raft.server.rpc.slowness.timeout = 300s (custom)
2022-08-25 18:57:58,315 [pool-95-thread-1] INFO  server.RaftServerConfigKeys (ConfUtils.java:logGet(46)) - raft.server.leaderelection.leader.step-down.wait-time = 10s (default)
2022-08-25 18:57:58,315 [pool-95-thread-1] INFO  server.RaftServerConfigKeys (ConfUtils.java:logGet(46)) - raft.server.sleep.deviation.threshold = 300ms (default)
2022-08-25 18:57:58,315 [pool-95-thread-1] INFO  server.RaftServer$Division (ServerState.java:<init>(107)) - 5330244c-9de6-4dff-8dd2-a0a85754c44f@group-5EA4F462F153: ConfigurationManager, init=-1: [5330244c-9de6-4dff-8dd2-a0a85754c44f|rpc:10.1.0.203:46343|priority:1], old=null, confs=<EMPTY_MAP>
2022-08-25 18:57:58,315 [pool-95-thread-1] INFO  server.RaftServerConfigKeys (ConfUtils.java:logGet(46)) - raft.server.storage.dir = [/home/runner/work/ozone/ozone/hadoop-ozone/integration-test/target/test-dir/MiniOzoneClusterImpl-518a318b-3ddf-4865-b851-646fdb0ed455/datanode-1/data/ratis] (custom)
2022-08-25 18:57:58,316 [pool-95-thread-1] INFO  server.RaftServerConfigKeys (ConfUtils.java:logGet(46)) - raft.server.log.corruption.policy = EXCEPTION (default)
2022-08-25 18:57:58,316 [pool-95-thread-1] INFO  server.RaftServerConfigKeys (ConfUtils.java:logGet(46)) - raft.server.storage.free-space.min = 0MB (=0) (default)
2022-08-25 18:57:58,316 [pool-95-thread-1] INFO  storage.RaftStorageDirectory (RaftStorageDirectoryImpl.java:analyzeStorage(135)) - The storage directory /home/runner/work/ozone/ozone/hadoop-ozone/integration-test/target/test-dir/MiniOzoneClusterImpl-518a318b-3ddf-4865-b851-646fdb0ed455/datanode-1/data/ratis/a7d1abb5-ba99-4b25-b57b-5ea4f462f153 does not exist. Creating ...
2022-08-25 18:57:58,317 [pool-95-thread-1] INFO  storage.RaftStorageDirectory (RaftStorageDirectoryImpl.java:tryLock(230)) - Lock on /home/runner/work/ozone/ozone/hadoop-ozone/integration-test/target/test-dir/MiniOzoneClusterImpl-518a318b-3ddf-4865-b851-646fdb0ed455/datanode-1/data/ratis/a7d1abb5-ba99-4b25-b57b-5ea4f462f153/in_use.lock acquired by nodename 56427@fv-az204-2
2022-08-25 18:57:58,319 [pool-95-thread-1] INFO  storage.RaftStorage (RaftStorageImpl.java:format(89)) - Storage directory /home/runner/work/ozone/ozone/hadoop-ozone/integration-test/target/test-dir/MiniOzoneClusterImpl-518a318b-3ddf-4865-b851-646fdb0ed455/datanode-1/data/ratis/a7d1abb5-ba99-4b25-b57b-5ea4f462f153 has been successfully formatted.
2022-08-25 18:57:58,322 [pool-95-thread-1] INFO  ratis.ContainerStateMachine (ContainerStateMachine.java:loadSnapshot(236)) - group-5EA4F462F153: The snapshot info is null. Setting the last applied indexto:(t:0, i:~)
2022-08-25 18:57:58,323 [pool-95-thread-1] INFO  server.RaftServerConfigKeys (ConfUtils.java:logGet(46)) - raft.server.notification.no-leader.timeout = 300s (custom)
2022-08-25 18:57:58,324 [pool-95-thread-1] INFO  server.RaftServerConfigKeys (ConfUtils.java:logGet(46)) - raft.server.log.use.memory = false (default)
2022-08-25 18:57:58,324 [pool-95-thread-1] INFO  server.RaftServerConfigKeys (ConfUtils.java:logGet(46)) - raft.server.log.purge.gap = 1000000 (custom)
2022-08-25 18:57:58,324 [EventQueue-PipelineReportForPipelineReportHandler] INFO  pipeline.PipelineManagerImpl (PipelineManagerImpl.java:openPipeline(367)) - Pipeline Pipeline[ Id: a7d1abb5-ba99-4b25-b57b-5ea4f462f153, Nodes: 5330244c-9de6-4dff-8dd2-a0a85754c44f{ip: 10.1.0.203, host: fv-az204-2.d0ggoinxmwcejgojbuqly40l0e.cx.internal.cloudapp.net, ports: [REPLICATION=40455, RATIS=46343, RATIS_ADMIN=46343, RATIS_SERVER=46343, STANDALONE=38621], networkLocation: /default-rack, certSerialId: null, persistedOpState: IN_SERVICE, persistedOpStateExpiryEpochSec: 0}, ReplicationConfig: RATIS/ONE, State:ALLOCATED, leaderId:5330244c-9de6-4dff-8dd2-a0a85754c44f, CreationTimestamp2022-08-25T18:57:55.310Z[Etc/UTC]] moved to OPEN state
2022-08-25 18:57:58,327 [EventQueue-OpenPipelineForHealthyPipelineSafeModeRule] INFO  safemode.SCMSafeModeManager (HealthyPipelineSafeModeRule.java:process(137)) - SCM in safe mode. Healthy pipelines reported count is 0, required healthy pipeline reported count is 1
2022-08-25 18:57:58,327 [pool-95-thread-1] INFO  server.RaftServerConfigKeys (ConfUtils.java:logGet(46)) - raft.server.log.appender.buffer.byte-limit = 33554432 (custom)
2022-08-25 18:57:58,328 [pool-95-thread-1] INFO  server.RaftServerConfigKeys (ConfUtils.java:logGet(46)) - raft.server.log.statemachine.data.read.timeout = 1000ms (default)
2022-08-25 18:57:58,330 [pool-95-thread-1] INFO  server.RaftServerConfigKeys (ConfUtils.java:logGet(46)) - raft.server.log.segment.size.max = 1048576 (custom)
2022-08-25 18:57:58,331 [pool-95-thread-1] INFO  server.RaftServerConfigKeys (ConfUtils.java:logGet(46)) - raft.server.log.segment.cache.num.max = 2 (custom)
2022-08-25 18:57:58,331 [pool-95-thread-1] INFO  server.RaftServerConfigKeys (ConfUtils.java:logGet(46)) - raft.server.log.segment.cache.size.max = 200MB (=209715200) (default)
2022-08-25 18:57:58,331 [pool-95-thread-1] INFO  segmented.SegmentedRaftLogWorker (SegmentedRaftLogWorker.java:<init>(187)) - new 5330244c-9de6-4dff-8dd2-a0a85754c44f@group-5EA4F462F153-SegmentedRaftLogWorker for RaftStorageImpl:Storage Directory /home/runner/work/ozone/ozone/hadoop-ozone/integration-test/target/test-dir/MiniOzoneClusterImpl-518a318b-3ddf-4865-b851-646fdb0ed455/datanode-1/data/ratis/a7d1abb5-ba99-4b25-b57b-5ea4f462f153
2022-08-25 18:57:58,332 [pool-95-thread-1] INFO  server.RaftServerConfigKeys (ConfUtils.java:logGet(46)) - raft.server.log.queue.byte-limit = 4294967296 (custom)
2022-08-25 18:57:58,332 [pool-95-thread-1] INFO  server.RaftServerConfigKeys (ConfUtils.java:logGet(46)) - raft.server.log.queue.element-limit = 1024 (custom)
2022-08-25 18:57:58,332 [pool-95-thread-1] INFO  server.RaftServerConfigKeys (ConfUtils.java:logGet(46)) - raft.server.log.segment.size.max = 1048576 (custom)
2022-08-25 18:57:58,332 [pool-95-thread-1] INFO  server.RaftServerConfigKeys (ConfUtils.java:logGet(46)) - raft.server.log.preallocated.size = 16384 (custom)
2022-08-25 18:57:58,332 [pool-95-thread-1] INFO  server.RaftServerConfigKeys (ConfUtils.java:logGet(46)) - raft.server.log.force.sync.num = 128 (default)
2022-08-25 18:57:58,332 [pool-95-thread-1] INFO  server.RaftServerConfigKeys (ConfUtils.java:logGet(46)) - raft.server.log.statemachine.data.sync = true (default)
2022-08-25 18:57:58,332 [pool-95-thread-1] INFO  server.RaftServerConfigKeys (ConfUtils.java:logGet(46)) - raft.server.log.statemachine.data.sync.timeout = 10s (default)
2022-08-25 18:57:58,332 [pool-95-thread-1] INFO  server.RaftServerConfigKeys (ConfUtils.java:logGet(46)) - raft.server.log.statemachine.data.sync.timeout.retry = -1 (default)
2022-08-25 18:57:58,335 [pool-95-thread-1] INFO  server.RaftServerConfigKeys (ConfUtils.java:logGet(46)) - raft.server.log.write.buffer.size = 1048576 (custom)
2022-08-25 18:57:58,336 [pool-95-thread-1] INFO  server.RaftServerConfigKeys (ConfUtils.java:logGet(46)) - raft.server.log.unsafe-flush.enabled = false (default)
2022-08-25 18:57:58,338 [pool-95-thread-1] INFO  server.RaftServerConfigKeys (ConfUtils.java:logGet(46)) - raft.server.log.statemachine.data.caching.enabled = true (custom)
2022-08-25 18:57:58,338 [pool-95-thread-1] INFO  segmented.SegmentedRaftLogWorker (SegmentedRaftLogWorker.java:lambda$new$0(135)) - 5330244c-9de6-4dff-8dd2-a0a85754c44f@group-5EA4F462F153-SegmentedRaftLogWorker: flushIndex: setUnconditionally 0 -> -1
2022-08-25 18:57:58,338 [pool-95-thread-1] INFO  segmented.SegmentedRaftLogWorker (SegmentedRaftLogWorker.java:lambda$new$0(135)) - 5330244c-9de6-4dff-8dd2-a0a85754c44f@group-5EA4F462F153-SegmentedRaftLogWorker: safeCacheEvictIndex: setUnconditionally 0 -> -1
2022-08-25 18:57:58,338 [pool-95-thread-1] INFO  server.RaftServerConfigKeys (ConfUtils.java:logGet(46)) - raft.server.snapshot.auto.trigger.enabled = true (custom)
2022-08-25 18:57:58,338 [pool-95-thread-1] INFO  server.RaftServerConfigKeys (ConfUtils.java:logGet(46)) - raft.server.snapshot.auto.trigger.threshold = 10000 (custom)
2022-08-25 18:57:58,338 [pool-95-thread-1] INFO  server.RaftServerConfigKeys (ConfUtils.java:logGet(46)) - raft.server.snapshot.retention.file.num = 5 (custom)
2022-08-25 18:57:58,338 [pool-95-thread-1] INFO  server.RaftServerConfigKeys (ConfUtils.java:logGet(46)) - raft.server.log.purge.upto.snapshot.index = false (default)
2022-08-25 18:57:58,338 [pool-95-thread-1] INFO  server.RaftServerConfigKeys (ConfUtils.java:logGet(46)) - raft.server.retrycache.expirytime = 600000ms (custom)
2022-08-25 18:57:58,338 [pool-95-thread-1] INFO  server.RaftServerConfigKeys (ConfUtils.java:logGet(46)) - raft.server.retrycache.statistics.expirytime = 100μs (default)
2022-08-25 18:57:58,340 [pool-95-thread-1] INFO  server.RaftServerConfigKeys (ConfUtils.java:logGet(46)) - raft.server.log.appender.install.snapshot.enabled = false (custom)
2022-08-25 18:57:58,340 [pool-95-thread-1] INFO  server.RaftServerConfigKeys (ConfUtils.java:logGet(46)) - raft.server.threadpool.server.cached = true (default)
2022-08-25 18:57:58,340 [pool-95-thread-1] INFO  server.RaftServerConfigKeys (ConfUtils.java:logGet(46)) - raft.server.threadpool.server.size = 0 (default)
2022-08-25 18:57:58,340 [pool-95-thread-1] INFO  server.RaftServerConfigKeys (ConfUtils.java:logGet(46)) - raft.server.threadpool.client.cached = true (default)
2022-08-25 18:57:58,340 [pool-95-thread-1] INFO  server.RaftServerConfigKeys (ConfUtils.java:logGet(46)) - raft.server.threadpool.client.size = 0 (default)
2022-08-25 18:57:58,340 [pool-95-thread-1] INFO  server.RaftServer$Division (RaftServerImpl.java:start(310)) - 5330244c-9de6-4dff-8dd2-a0a85754c44f@group-5EA4F462F153: start as a follower, conf=-1: [5330244c-9de6-4dff-8dd2-a0a85754c44f|rpc:10.1.0.203:46343|priority:1], old=null
2022-08-25 18:57:58,340 [pool-95-thread-1] INFO  server.RaftServer$Division (RaftServerImpl.java:setRole(299)) - 5330244c-9de6-4dff-8dd2-a0a85754c44f@group-5EA4F462F153: changes role from      null to FOLLOWER at term 0 for startAsFollower
2022-08-25 18:57:58,340 [pool-95-thread-1] INFO  impl.RoleInfo (RoleInfo.java:updateAndGet(139)) - 5330244c-9de6-4dff-8dd2-a0a85754c44f: start 5330244c-9de6-4dff-8dd2-a0a85754c44f@group-5EA4F462F153-FollowerState
2022-08-25 18:57:58,344 [pool-95-thread-1] INFO  util.JmxRegister (JmxRegister.java:tryRegister(44)) - Successfully registered JMX Bean with object name Ratis:service=RaftServer,group=group-5EA4F462F153,id=5330244c-9de6-4dff-8dd2-a0a85754c44f
2022-08-25 18:57:58,348 [Command processor thread] INFO  ratis.XceiverServerRatis (XceiverServerRatis.java:addGroup(765)) - Created group PipelineID=a7d1abb5-ba99-4b25-b57b-5ea4f462f153
2022-08-25 18:57:58,348 [Command processor thread] INFO  commandhandler.CreatePipelineCommandHandler (CreatePipelineCommandHandler.java:handle(113)) - Created Pipeline RATIS ONE PipelineID=a7d1abb5-ba99-4b25-b57b-5ea4f462f153.
2022-08-25 18:57:58,349 [Command processor thread] INFO  server.RaftServer (RaftServerProxy.java:addNew(96)) - 5330244c-9de6-4dff-8dd2-a0a85754c44f: addNew group-ABD2FB1FB5B1:[5330244c-9de6-4dff-8dd2-a0a85754c44f|rpc:10.1.0.203:46343|priority:0, b35797eb-9814-4f34-911c-e7cd4b87b364|rpc:10.1.0.203:38087|priority:0, 0f092162-54fd-43f5-9541-6660c8eb28a8|rpc:10.1.0.203:41449|priority:1] returns group-ABD2FB1FB5B1:java.util.concurrent.CompletableFuture@3f97979f[Not completed]
2022-08-25 18:57:58,350 [pool-95-thread-1] INFO  server.RaftServer$Division (RaftServerImpl.java:<init>(190)) - 5330244c-9de6-4dff-8dd2-a0a85754c44f: new RaftServerImpl for group-ABD2FB1FB5B1:[5330244c-9de6-4dff-8dd2-a0a85754c44f|rpc:10.1.0.203:46343|priority:0, b35797eb-9814-4f34-911c-e7cd4b87b364|rpc:10.1.0.203:38087|priority:0, 0f092162-54fd-43f5-9541-6660c8eb28a8|rpc:10.1.0.203:41449|priority:1] with ContainerStateMachine:uninitialized
2022-08-25 18:57:58,350 [pool-95-thread-1] INFO  server.RaftServerConfigKeys (ConfUtils.java:logGet(46)) - raft.server.rpc.timeout.min = 5s (custom)
2022-08-25 18:57:58,350 [pool-95-thread-1] INFO  server.RaftServerConfigKeys (ConfUtils.java:logGet(46)) - raft.server.rpc.timeout.max = 5200ms (custom)
2022-08-25 18:57:58,350 [pool-95-thread-1] INFO  server.RaftServerConfigKeys (ConfUtils.java:logGet(46)) - raft.server.rpc.sleep.time = 25ms (default)
2022-08-25 18:57:58,350 [pool-95-thread-1] INFO  server.RaftServerConfigKeys (ConfUtils.java:logGet(46)) - raft.server.rpc.slowness.timeout = 300s (custom)
2022-08-25 18:57:58,350 [pool-95-thread-1] INFO  server.RaftServerConfigKeys (ConfUtils.java:logGet(46)) - raft.server.leaderelection.leader.step-down.wait-time = 10s (default)
2022-08-25 18:57:58,350 [pool-95-thread-1] INFO  server.RaftServerConfigKeys (ConfUtils.java:logGet(46)) - raft.server.sleep.deviation.threshold = 300ms (default)
2022-08-25 18:57:58,350 [pool-95-thread-1] INFO  server.RaftServer$Division (ServerState.java:<init>(107)) - 5330244c-9de6-4dff-8dd2-a0a85754c44f@group-ABD2FB1FB5B1: ConfigurationManager, init=-1: [5330244c-9de6-4dff-8dd2-a0a85754c44f|rpc:10.1.0.203:46343|priority:0, b35797eb-9814-4f34-911c-e7cd4b87b364|rpc:10.1.0.203:38087|priority:0, 0f092162-54fd-43f5-9541-6660c8eb28a8|rpc:10.1.0.203:41449|priority:1], old=null, confs=<EMPTY_MAP>
2022-08-25 18:57:58,350 [pool-95-thread-1] INFO  server.RaftServerConfigKeys (ConfUtils.java:logGet(46)) - raft.server.storage.dir = [/home/runner/work/ozone/ozone/hadoop-ozone/integration-test/target/test-dir/MiniOzoneClusterImpl-518a318b-3ddf-4865-b851-646fdb0ed455/datanode-1/data/ratis] (custom)
2022-08-25 18:57:58,350 [pool-95-thread-1] INFO  server.RaftServerConfigKeys (ConfUtils.java:logGet(46)) - raft.server.log.corruption.policy = EXCEPTION (default)
2022-08-25 18:57:58,351 [pool-95-thread-1] INFO  server.RaftServerConfigKeys (ConfUtils.java:logGet(46)) - raft.server.storage.free-space.min = 0MB (=0) (default)
2022-08-25 18:57:58,351 [pool-95-thread-1] INFO  storage.RaftStorageDirectory (RaftStorageDirectoryImpl.java:analyzeStorage(135)) - The storage directory /home/runner/work/ozone/ozone/hadoop-ozone/integration-test/target/test-dir/MiniOzoneClusterImpl-518a318b-3ddf-4865-b851-646fdb0ed455/datanode-1/data/ratis/79e14743-4793-46ee-ba38-abd2fb1fb5b1 does not exist. Creating ...
2022-08-25 18:57:58,352 [pool-95-thread-1] INFO  storage.RaftStorageDirectory (RaftStorageDirectoryImpl.java:tryLock(230)) - Lock on /home/runner/work/ozone/ozone/hadoop-ozone/integration-test/target/test-dir/MiniOzoneClusterImpl-518a318b-3ddf-4865-b851-646fdb0ed455/datanode-1/data/ratis/79e14743-4793-46ee-ba38-abd2fb1fb5b1/in_use.lock acquired by nodename 56427@fv-az204-2
2022-08-25 18:57:58,353 [pool-95-thread-1] INFO  storage.RaftStorage (RaftStorageImpl.java:format(89)) - Storage directory /home/runner/work/ozone/ozone/hadoop-ozone/integration-test/target/test-dir/MiniOzoneClusterImpl-518a318b-3ddf-4865-b851-646fdb0ed455/datanode-1/data/ratis/79e14743-4793-46ee-ba38-abd2fb1fb5b1 has been successfully formatted.
2022-08-25 18:57:58,353 [pool-95-thread-1] INFO  ratis.ContainerStateMachine (ContainerStateMachine.java:loadSnapshot(236)) - group-ABD2FB1FB5B1: The snapshot info is null. Setting the last applied indexto:(t:0, i:~)
2022-08-25 18:57:58,353 [pool-95-thread-1] INFO  server.RaftServerConfigKeys (ConfUtils.java:logGet(46)) - raft.server.notification.no-leader.timeout = 300s (custom)
2022-08-25 18:57:58,354 [pool-95-thread-1] INFO  server.RaftServerConfigKeys (ConfUtils.java:logGet(46)) - raft.server.log.use.memory = false (default)
2022-08-25 18:57:58,354 [pool-95-thread-1] INFO  server.RaftServerConfigKeys (ConfUtils.java:logGet(46)) - raft.server.log.purge.gap = 1000000 (custom)
2022-08-25 18:57:58,354 [pool-95-thread-1] INFO  server.RaftServerConfigKeys (ConfUtils.java:logGet(46)) - raft.server.log.appender.buffer.byte-limit = 33554432 (custom)
2022-08-25 18:57:58,354 [pool-95-thread-1] INFO  server.RaftServerConfigKeys (ConfUtils.java:logGet(46)) - raft.server.log.statemachine.data.read.timeout = 1000ms (default)
2022-08-25 18:57:58,354 [pool-95-thread-1] INFO  server.RaftServerConfigKeys (ConfUtils.java:logGet(46)) - raft.server.log.segment.size.max = 1048576 (custom)
2022-08-25 18:57:58,354 [pool-95-thread-1] INFO  server.RaftServerConfigKeys (ConfUtils.java:logGet(46)) - raft.server.log.segment.cache.num.max = 2 (custom)
2022-08-25 18:57:58,355 [pool-95-thread-1] INFO  server.RaftServerConfigKeys (ConfUtils.java:logGet(46)) - raft.server.log.segment.cache.size.max = 200MB (=209715200) (default)
2022-08-25 18:57:58,355 [pool-95-thread-1] INFO  segmented.SegmentedRaftLogWorker (SegmentedRaftLogWorker.java:<init>(187)) - new 5330244c-9de6-4dff-8dd2-a0a85754c44f@group-ABD2FB1FB5B1-SegmentedRaftLogWorker for RaftStorageImpl:Storage Directory /home/runner/work/ozone/ozone/hadoop-ozone/integration-test/target/test-dir/MiniOzoneClusterImpl-518a318b-3ddf-4865-b851-646fdb0ed455/datanode-1/data/ratis/79e14743-4793-46ee-ba38-abd2fb1fb5b1
2022-08-25 18:57:58,355 [pool-95-thread-1] INFO  server.RaftServerConfigKeys (ConfUtils.java:logGet(46)) - raft.server.log.queue.byte-limit = 4294967296 (custom)
2022-08-25 18:57:58,355 [pool-95-thread-1] INFO  server.RaftServerConfigKeys (ConfUtils.java:logGet(46)) - raft.server.log.queue.element-limit = 1024 (custom)
2022-08-25 18:57:58,355 [pool-95-thread-1] INFO  server.RaftServerConfigKeys (ConfUtils.java:logGet(46)) - raft.server.log.segment.size.max = 1048576 (custom)
2022-08-25 18:57:58,355 [pool-95-thread-1] INFO  server.RaftServerConfigKeys (ConfUtils.java:logGet(46)) - raft.server.log.preallocated.size = 16384 (custom)
2022-08-25 18:57:58,355 [pool-95-thread-1] INFO  server.RaftServerConfigKeys (ConfUtils.java:logGet(46)) - raft.server.log.force.sync.num = 128 (default)
2022-08-25 18:57:58,355 [pool-95-thread-1] INFO  server.RaftServerConfigKeys (ConfUtils.java:logGet(46)) - raft.server.log.statemachine.data.sync = true (default)
2022-08-25 18:57:58,355 [pool-95-thread-1] INFO  server.RaftServerConfigKeys (ConfUtils.java:logGet(46)) - raft.server.log.statemachine.data.sync.timeout = 10s (default)
2022-08-25 18:57:58,355 [pool-95-thread-1] INFO  server.RaftServerConfigKeys (ConfUtils.java:logGet(46)) - raft.server.log.statemachine.data.sync.timeout.retry = -1 (default)
2022-08-25 18:57:58,356 [pool-95-thread-1] INFO  server.RaftServerConfigKeys (ConfUtils.java:logGet(46)) - raft.server.log.write.buffer.size = 1048576 (custom)
2022-08-25 18:57:58,361 [EventQueue-OpenPipelineForHealthyPipelineSafeModeRule] INFO  safemode.SCMSafeModeManager (HealthyPipelineSafeModeRule.java:process(137)) - SCM in safe mode. Healthy pipelines reported count is 0, required healthy pipeline reported count is 1
2022-08-25 18:57:58,362 [pool-95-thread-1] INFO  server.RaftServerConfigKeys (ConfUtils.java:logGet(46)) - raft.server.log.unsafe-flush.enabled = false (default)
2022-08-25 18:57:58,362 [pool-95-thread-1] INFO  server.RaftServerConfigKeys (ConfUtils.java:logGet(46)) - raft.server.log.statemachine.data.caching.enabled = true (custom)
2022-08-25 18:57:58,362 [pool-95-thread-1] INFO  segmented.SegmentedRaftLogWorker (SegmentedRaftLogWorker.java:lambda$new$0(135)) - 5330244c-9de6-4dff-8dd2-a0a85754c44f@group-ABD2FB1FB5B1-SegmentedRaftLogWorker: flushIndex: setUnconditionally 0 -> -1
2022-08-25 18:57:58,362 [pool-95-thread-1] INFO  segmented.SegmentedRaftLogWorker (SegmentedRaftLogWorker.java:lambda$new$0(135)) - 5330244c-9de6-4dff-8dd2-a0a85754c44f@group-ABD2FB1FB5B1-SegmentedRaftLogWorker: safeCacheEvictIndex: setUnconditionally 0 -> -1
2022-08-25 18:57:58,362 [pool-95-thread-1] INFO  server.RaftServerConfigKeys (ConfUtils.java:logGet(46)) - raft.server.snapshot.auto.trigger.enabled = true (custom)
2022-08-25 18:57:58,362 [pool-95-thread-1] INFO  server.RaftServerConfigKeys (ConfUtils.java:logGet(46)) - raft.server.snapshot.auto.trigger.threshold = 10000 (custom)
2022-08-25 18:57:58,362 [pool-95-thread-1] INFO  server.RaftServerConfigKeys (ConfUtils.java:logGet(46)) - raft.server.snapshot.retention.file.num = 5 (custom)
2022-08-25 18:57:58,362 [pool-95-thread-1] INFO  server.RaftServerConfigKeys (ConfUtils.java:logGet(46)) - raft.server.log.purge.upto.snapshot.index = false (default)
2022-08-25 18:57:58,362 [pool-95-thread-1] INFO  server.RaftServerConfigKeys (ConfUtils.java:logGet(46)) - raft.server.retrycache.expirytime = 600000ms (custom)
2022-08-25 18:57:58,362 [pool-95-thread-1] INFO  server.RaftServerConfigKeys (ConfUtils.java:logGet(46)) - raft.server.retrycache.statistics.expirytime = 100μs (default)
2022-08-25 18:57:58,364 [pool-95-thread-1] INFO  server.RaftServerConfigKeys (ConfUtils.java:logGet(46)) - raft.server.log.appender.install.snapshot.enabled = false (custom)
2022-08-25 18:57:58,364 [pool-95-thread-1] INFO  server.RaftServerConfigKeys (ConfUtils.java:logGet(46)) - raft.server.threadpool.server.cached = true (default)
2022-08-25 18:57:58,364 [pool-95-thread-1] INFO  server.RaftServerConfigKeys (ConfUtils.java:logGet(46)) - raft.server.threadpool.server.size = 0 (default)
2022-08-25 18:57:58,364 [pool-95-thread-1] INFO  server.RaftServerConfigKeys (ConfUtils.java:logGet(46)) - raft.server.threadpool.client.cached = true (default)
2022-08-25 18:57:58,364 [pool-95-thread-1] INFO  server.RaftServerConfigKeys (ConfUtils.java:logGet(46)) - raft.server.threadpool.client.size = 0 (default)
2022-08-25 18:57:58,364 [pool-95-thread-1] INFO  server.RaftServer$Division (RaftServerImpl.java:start(310)) - 5330244c-9de6-4dff-8dd2-a0a85754c44f@group-ABD2FB1FB5B1: start as a follower, conf=-1: [5330244c-9de6-4dff-8dd2-a0a85754c44f|rpc:10.1.0.203:46343|priority:0, b35797eb-9814-4f34-911c-e7cd4b87b364|rpc:10.1.0.203:38087|priority:0, 0f092162-54fd-43f5-9541-6660c8eb28a8|rpc:10.1.0.203:41449|priority:1], old=null
2022-08-25 18:57:58,364 [pool-95-thread-1] INFO  server.RaftServer$Division (RaftServerImpl.java:setRole(299)) - 5330244c-9de6-4dff-8dd2-a0a85754c44f@group-ABD2FB1FB5B1: changes role from      null to FOLLOWER at term 0 for startAsFollower
2022-08-25 18:57:58,364 [pool-95-thread-1] INFO  impl.RoleInfo (RoleInfo.java:updateAndGet(139)) - 5330244c-9de6-4dff-8dd2-a0a85754c44f: start 5330244c-9de6-4dff-8dd2-a0a85754c44f@group-ABD2FB1FB5B1-FollowerState
2022-08-25 18:57:58,371 [pool-95-thread-1] INFO  util.JmxRegister (JmxRegister.java:tryRegister(44)) - Successfully registered JMX Bean with object name Ratis:service=RaftServer,group=group-ABD2FB1FB5B1,id=5330244c-9de6-4dff-8dd2-a0a85754c44f
2022-08-25 18:57:58,377 [Command processor thread] INFO  ratis.XceiverServerRatis (XceiverServerRatis.java:addGroup(765)) - Created group PipelineID=79e14743-4793-46ee-ba38-abd2fb1fb5b1
2022-08-25 18:57:58,428 [grpc-default-executor-0] INFO  server.RaftServer (RaftServerProxy.java:addNew(96)) - b35797eb-9814-4f34-911c-e7cd4b87b364: addNew group-ABD2FB1FB5B1:[5330244c-9de6-4dff-8dd2-a0a85754c44f|rpc:10.1.0.203:46343|dataStream:|priority:0, b35797eb-9814-4f34-911c-e7cd4b87b364|rpc:10.1.0.203:38087|dataStream:|priority:0, 0f092162-54fd-43f5-9541-6660c8eb28a8|rpc:10.1.0.203:41449|dataStream:|priority:1] returns group-ABD2FB1FB5B1:java.util.concurrent.CompletableFuture@6c5df994[Not completed]
2022-08-25 18:57:58,439 [pool-118-thread-1] INFO  server.RaftServer$Division (RaftServerImpl.java:<init>(190)) - b35797eb-9814-4f34-911c-e7cd4b87b364: new RaftServerImpl for group-ABD2FB1FB5B1:[5330244c-9de6-4dff-8dd2-a0a85754c44f|rpc:10.1.0.203:46343|dataStream:|priority:0, b35797eb-9814-4f34-911c-e7cd4b87b364|rpc:10.1.0.203:38087|dataStream:|priority:0, 0f092162-54fd-43f5-9541-6660c8eb28a8|rpc:10.1.0.203:41449|dataStream:|priority:1] with ContainerStateMachine:uninitialized
2022-08-25 18:57:58,439 [pool-118-thread-1] INFO  server.RaftServerConfigKeys (ConfUtils.java:logGet(46)) - raft.server.rpc.timeout.min = 5s (custom)
2022-08-25 18:57:58,439 [pool-118-thread-1] INFO  server.RaftServerConfigKeys (ConfUtils.java:logGet(46)) - raft.server.rpc.timeout.max = 5200ms (custom)
2022-08-25 18:57:58,439 [pool-118-thread-1] INFO  server.RaftServerConfigKeys (ConfUtils.java:logGet(46)) - raft.server.rpc.sleep.time = 25ms (default)
2022-08-25 18:57:58,439 [pool-118-thread-1] INFO  server.RaftServerConfigKeys (ConfUtils.java:logGet(46)) - raft.server.rpc.slowness.timeout = 300s (custom)
2022-08-25 18:57:58,439 [pool-118-thread-1] INFO  server.RaftServerConfigKeys (ConfUtils.java:logGet(46)) - raft.server.leaderelection.leader.step-down.wait-time = 10s (default)
2022-08-25 18:57:58,439 [pool-118-thread-1] INFO  server.RaftServerConfigKeys (ConfUtils.java:logGet(46)) - raft.server.sleep.deviation.threshold = 300ms (default)
2022-08-25 18:57:58,439 [pool-118-thread-1] INFO  server.RaftServer$Division (ServerState.java:<init>(107)) - b35797eb-9814-4f34-911c-e7cd4b87b364@group-ABD2FB1FB5B1: ConfigurationManager, init=-1: [5330244c-9de6-4dff-8dd2-a0a85754c44f|rpc:10.1.0.203:46343|dataStream:|priority:0, b35797eb-9814-4f34-911c-e7cd4b87b364|rpc:10.1.0.203:38087|dataStream:|priority:0, 0f092162-54fd-43f5-9541-6660c8eb28a8|rpc:10.1.0.203:41449|dataStream:|priority:1], old=null, confs=<EMPTY_MAP>
2022-08-25 18:57:58,439 [pool-118-thread-1] INFO  server.RaftServerConfigKeys (ConfUtils.java:logGet(46)) - raft.server.storage.dir = [/home/runner/work/ozone/ozone/hadoop-ozone/integration-test/target/test-dir/MiniOzoneClusterImpl-518a318b-3ddf-4865-b851-646fdb0ed455/datanode-2/data/ratis] (custom)
2022-08-25 18:57:58,441 [pool-118-thread-1] INFO  server.RaftServerConfigKeys (ConfUtils.java:logGet(46)) - raft.server.log.corruption.policy = EXCEPTION (default)
2022-08-25 18:57:58,441 [pool-118-thread-1] INFO  server.RaftServerConfigKeys (ConfUtils.java:logGet(46)) - raft.server.storage.free-space.min = 0MB (=0) (default)
2022-08-25 18:57:58,441 [pool-118-thread-1] INFO  storage.RaftStorageDirectory (RaftStorageDirectoryImpl.java:analyzeStorage(135)) - The storage directory /home/runner/work/ozone/ozone/hadoop-ozone/integration-test/target/test-dir/MiniOzoneClusterImpl-518a318b-3ddf-4865-b851-646fdb0ed455/datanode-2/data/ratis/79e14743-4793-46ee-ba38-abd2fb1fb5b1 does not exist. Creating ...
2022-08-25 18:57:58,448 [pool-118-thread-1] INFO  storage.RaftStorageDirectory (RaftStorageDirectoryImpl.java:tryLock(230)) - Lock on /home/runner/work/ozone/ozone/hadoop-ozone/integration-test/target/test-dir/MiniOzoneClusterImpl-518a318b-3ddf-4865-b851-646fdb0ed455/datanode-2/data/ratis/79e14743-4793-46ee-ba38-abd2fb1fb5b1/in_use.lock acquired by nodename 56427@fv-az204-2
2022-08-25 18:57:58,452 [pool-118-thread-1] INFO  storage.RaftStorage (RaftStorageImpl.java:format(89)) - Storage directory /home/runner/work/ozone/ozone/hadoop-ozone/integration-test/target/test-dir/MiniOzoneClusterImpl-518a318b-3ddf-4865-b851-646fdb0ed455/datanode-2/data/ratis/79e14743-4793-46ee-ba38-abd2fb1fb5b1 has been successfully formatted.
2022-08-25 18:57:58,453 [pool-118-thread-1] INFO  ratis.ContainerStateMachine (ContainerStateMachine.java:loadSnapshot(236)) - group-ABD2FB1FB5B1: The snapshot info is null. Setting the last applied indexto:(t:0, i:~)
2022-08-25 18:57:58,454 [pool-118-thread-1] INFO  server.RaftServerConfigKeys (ConfUtils.java:logGet(46)) - raft.server.notification.no-leader.timeout = 300s (custom)
2022-08-25 18:57:58,454 [pool-118-thread-1] INFO  server.RaftServerConfigKeys (ConfUtils.java:logGet(46)) - raft.server.log.use.memory = false (default)
2022-08-25 18:57:58,454 [pool-118-thread-1] INFO  server.RaftServerConfigKeys (ConfUtils.java:logGet(46)) - raft.server.log.purge.gap = 1000000 (custom)
2022-08-25 18:57:58,454 [pool-118-thread-1] INFO  server.RaftServerConfigKeys (ConfUtils.java:logGet(46)) - raft.server.log.appender.buffer.byte-limit = 33554432 (custom)
2022-08-25 18:57:58,454 [pool-118-thread-1] INFO  server.RaftServerConfigKeys (ConfUtils.java:logGet(46)) - raft.server.log.statemachine.data.read.timeout = 1000ms (default)
2022-08-25 18:57:58,454 [pool-118-thread-1] INFO  server.RaftServerConfigKeys (ConfUtils.java:logGet(46)) - raft.server.log.segment.size.max = 1048576 (custom)
2022-08-25 18:57:58,455 [pool-118-thread-1] INFO  server.RaftServerConfigKeys (ConfUtils.java:logGet(46)) - raft.server.log.segment.cache.num.max = 2 (custom)
2022-08-25 18:57:58,455 [pool-118-thread-1] INFO  server.RaftServerConfigKeys (ConfUtils.java:logGet(46)) - raft.server.log.segment.cache.size.max = 200MB (=209715200) (default)
2022-08-25 18:57:58,455 [pool-118-thread-1] INFO  segmented.SegmentedRaftLogWorker (SegmentedRaftLogWorker.java:<init>(187)) - new b35797eb-9814-4f34-911c-e7cd4b87b364@group-ABD2FB1FB5B1-SegmentedRaftLogWorker for RaftStorageImpl:Storage Directory /home/runner/work/ozone/ozone/hadoop-ozone/integration-test/target/test-dir/MiniOzoneClusterImpl-518a318b-3ddf-4865-b851-646fdb0ed455/datanode-2/data/ratis/79e14743-4793-46ee-ba38-abd2fb1fb5b1
2022-08-25 18:57:58,455 [pool-118-thread-1] INFO  server.RaftServerConfigKeys (ConfUtils.java:logGet(46)) - raft.server.log.queue.byte-limit = 4294967296 (custom)
2022-08-25 18:57:58,455 [pool-118-thread-1] INFO  server.RaftServerConfigKeys (ConfUtils.java:logGet(46)) - raft.server.log.queue.element-limit = 1024 (custom)
2022-08-25 18:57:58,455 [pool-118-thread-1] INFO  server.RaftServerConfigKeys (ConfUtils.java:logGet(46)) - raft.server.log.segment.size.max = 1048576 (custom)
2022-08-25 18:57:58,455 [pool-118-thread-1] INFO  server.RaftServerConfigKeys (ConfUtils.java:logGet(46)) - raft.server.log.preallocated.size = 16384 (custom)
2022-08-25 18:57:58,455 [pool-118-thread-1] INFO  server.RaftServerConfigKeys (ConfUtils.java:logGet(46)) - raft.server.log.force.sync.num = 128 (default)
2022-08-25 18:57:58,455 [pool-118-thread-1] INFO  server.RaftServerConfigKeys (ConfUtils.java:logGet(46)) - raft.server.log.statemachine.data.sync = true (default)
2022-08-25 18:57:58,455 [pool-118-thread-1] INFO  server.RaftServerConfigKeys (ConfUtils.java:logGet(46)) - raft.server.log.statemachine.data.sync.timeout = 10s (default)
2022-08-25 18:57:58,455 [pool-118-thread-1] INFO  server.RaftServerConfigKeys (ConfUtils.java:logGet(46)) - raft.server.log.statemachine.data.sync.timeout.retry = -1 (default)
2022-08-25 18:57:58,456 [pool-118-thread-1] INFO  server.RaftServerConfigKeys (ConfUtils.java:logGet(46)) - raft.server.log.write.buffer.size = 1048576 (custom)
2022-08-25 18:57:58,458 [pool-118-thread-1] INFO  server.RaftServerConfigKeys (ConfUtils.java:logGet(46)) - raft.server.log.unsafe-flush.enabled = false (default)
2022-08-25 18:57:58,458 [pool-118-thread-1] INFO  server.RaftServerConfigKeys (ConfUtils.java:logGet(46)) - raft.server.log.statemachine.data.caching.enabled = true (custom)
2022-08-25 18:57:58,466 [pool-118-thread-1] INFO  segmented.SegmentedRaftLogWorker (SegmentedRaftLogWorker.java:lambda$new$0(135)) - b35797eb-9814-4f34-911c-e7cd4b87b364@group-ABD2FB1FB5B1-SegmentedRaftLogWorker: flushIndex: setUnconditionally 0 -> -1
2022-08-25 18:57:58,466 [pool-118-thread-1] INFO  segmented.SegmentedRaftLogWorker (SegmentedRaftLogWorker.java:lambda$new$0(135)) - b35797eb-9814-4f34-911c-e7cd4b87b364@group-ABD2FB1FB5B1-SegmentedRaftLogWorker: safeCacheEvictIndex: setUnconditionally 0 -> -1
2022-08-25 18:57:58,468 [pool-118-thread-1] INFO  server.RaftServerConfigKeys (ConfUtils.java:logGet(46)) - raft.server.snapshot.auto.trigger.enabled = true (custom)
2022-08-25 18:57:58,468 [pool-118-thread-1] INFO  server.RaftServerConfigKeys (ConfUtils.java:logGet(46)) - raft.server.snapshot.auto.trigger.threshold = 10000 (custom)
2022-08-25 18:57:58,468 [pool-118-thread-1] INFO  server.RaftServerConfigKeys (ConfUtils.java:logGet(46)) - raft.server.snapshot.retention.file.num = 5 (custom)
2022-08-25 18:57:58,468 [pool-118-thread-1] INFO  server.RaftServerConfigKeys (ConfUtils.java:logGet(46)) - raft.server.log.purge.upto.snapshot.index = false (default)
2022-08-25 18:57:58,468 [pool-118-thread-1] INFO  server.RaftServerConfigKeys (ConfUtils.java:logGet(46)) - raft.server.retrycache.expirytime = 600000ms (custom)
2022-08-25 18:57:58,468 [pool-118-thread-1] INFO  server.RaftServerConfigKeys (ConfUtils.java:logGet(46)) - raft.server.retrycache.statistics.expirytime = 100μs (default)
2022-08-25 18:57:58,470 [pool-118-thread-1] INFO  server.RaftServerConfigKeys (ConfUtils.java:logGet(46)) - raft.server.log.appender.install.snapshot.enabled = false (custom)
2022-08-25 18:57:58,470 [pool-118-thread-1] INFO  server.RaftServerConfigKeys (ConfUtils.java:logGet(46)) - raft.server.threadpool.server.cached = true (default)
2022-08-25 18:57:58,470 [pool-118-thread-1] INFO  server.RaftServerConfigKeys (ConfUtils.java:logGet(46)) - raft.server.threadpool.server.size = 0 (default)
2022-08-25 18:57:58,470 [pool-118-thread-1] INFO  server.RaftServerConfigKeys (ConfUtils.java:logGet(46)) - raft.server.threadpool.client.cached = true (default)
2022-08-25 18:57:58,470 [pool-118-thread-1] INFO  server.RaftServerConfigKeys (ConfUtils.java:logGet(46)) - raft.server.threadpool.client.size = 0 (default)
2022-08-25 18:57:58,470 [pool-118-thread-1] INFO  server.RaftServer$Division (RaftServerImpl.java:start(310)) - b35797eb-9814-4f34-911c-e7cd4b87b364@group-ABD2FB1FB5B1: start as a follower, conf=-1: [5330244c-9de6-4dff-8dd2-a0a85754c44f|rpc:10.1.0.203:46343|dataStream:|priority:0, b35797eb-9814-4f34-911c-e7cd4b87b364|rpc:10.1.0.203:38087|dataStream:|priority:0, 0f092162-54fd-43f5-9541-6660c8eb28a8|rpc:10.1.0.203:41449|dataStream:|priority:1], old=null
2022-08-25 18:57:58,470 [pool-118-thread-1] INFO  server.RaftServer$Division (RaftServerImpl.java:setRole(299)) - b35797eb-9814-4f34-911c-e7cd4b87b364@group-ABD2FB1FB5B1: changes role from      null to FOLLOWER at term 0 for startAsFollower
2022-08-25 18:57:58,471 [pool-118-thread-1] INFO  impl.RoleInfo (RoleInfo.java:updateAndGet(139)) - b35797eb-9814-4f34-911c-e7cd4b87b364: start b35797eb-9814-4f34-911c-e7cd4b87b364@group-ABD2FB1FB5B1-FollowerState
2022-08-25 18:57:58,480 [pool-118-thread-1] INFO  util.JmxRegister (JmxRegister.java:tryRegister(44)) - Successfully registered JMX Bean with object name Ratis:service=RaftServer,group=group-ABD2FB1FB5B1,id=b35797eb-9814-4f34-911c-e7cd4b87b364
2022-08-25 18:57:58,537 [Command processor thread] INFO  commandhandler.CreatePipelineCommandHandler (CreatePipelineCommandHandler.java:handle(113)) - Created Pipeline RATIS THREE PipelineID=79e14743-4793-46ee-ba38-abd2fb1fb5b1.
2022-08-25 18:57:58,538 [pool-72-thread-1] INFO  server.RaftServer$Division (RaftServerImpl.java:<init>(190)) - 0f092162-54fd-43f5-9541-6660c8eb28a8: new RaftServerImpl for group-7395E094D603:[b35797eb-9814-4f34-911c-e7cd4b87b364|rpc:10.1.0.203:38087|priority:0, 5330244c-9de6-4dff-8dd2-a0a85754c44f|rpc:10.1.0.203:46343|priority:1, 0f092162-54fd-43f5-9541-6660c8eb28a8|rpc:10.1.0.203:41449|priority:0] with ContainerStateMachine:uninitialized
2022-08-25 18:57:58,539 [pool-72-thread-1] INFO  server.RaftServerConfigKeys (ConfUtils.java:logGet(46)) - raft.server.rpc.timeout.min = 5s (custom)
2022-08-25 18:57:58,539 [pool-72-thread-1] INFO  server.RaftServerConfigKeys (ConfUtils.java:logGet(46)) - raft.server.rpc.timeout.max = 5200ms (custom)
2022-08-25 18:57:58,539 [pool-72-thread-1] INFO  server.RaftServerConfigKeys (ConfUtils.java:logGet(46)) - raft.server.rpc.sleep.time = 25ms (default)
2022-08-25 18:57:58,539 [pool-72-thread-1] INFO  server.RaftServerConfigKeys (ConfUtils.java:logGet(46)) - raft.server.rpc.slowness.timeout = 300s (custom)
2022-08-25 18:57:58,539 [pool-72-thread-1] INFO  server.RaftServerConfigKeys (ConfUtils.java:logGet(46)) - raft.server.leaderelection.leader.step-down.wait-time = 10s (default)
2022-08-25 18:57:58,539 [pool-72-thread-1] INFO  server.RaftServerConfigKeys (ConfUtils.java:logGet(46)) - raft.server.sleep.deviation.threshold = 300ms (default)
2022-08-25 18:57:58,539 [pool-72-thread-1] INFO  server.RaftServer$Division (ServerState.java:<init>(107)) - 0f092162-54fd-43f5-9541-6660c8eb28a8@group-7395E094D603: ConfigurationManager, init=-1: [b35797eb-9814-4f34-911c-e7cd4b87b364|rpc:10.1.0.203:38087|priority:0, 5330244c-9de6-4dff-8dd2-a0a85754c44f|rpc:10.1.0.203:46343|priority:1, 0f092162-54fd-43f5-9541-6660c8eb28a8|rpc:10.1.0.203:41449|priority:0], old=null, confs=<EMPTY_MAP>
2022-08-25 18:57:58,539 [pool-72-thread-1] INFO  server.RaftServerConfigKeys (ConfUtils.java:logGet(46)) - raft.server.storage.dir = [/home/runner/work/ozone/ozone/hadoop-ozone/integration-test/target/test-dir/MiniOzoneClusterImpl-518a318b-3ddf-4865-b851-646fdb0ed455/datanode-0/data/ratis] (custom)
2022-08-25 18:57:58,539 [pool-72-thread-1] INFO  server.RaftServerConfigKeys (ConfUtils.java:logGet(46)) - raft.server.log.corruption.policy = EXCEPTION (default)
2022-08-25 18:57:58,539 [pool-72-thread-1] INFO  server.RaftServerConfigKeys (ConfUtils.java:logGet(46)) - raft.server.storage.free-space.min = 0MB (=0) (default)
2022-08-25 18:57:58,539 [pool-72-thread-1] INFO  storage.RaftStorageDirectory (RaftStorageDirectoryImpl.java:analyzeStorage(135)) - The storage directory /home/runner/work/ozone/ozone/hadoop-ozone/integration-test/target/test-dir/MiniOzoneClusterImpl-518a318b-3ddf-4865-b851-646fdb0ed455/datanode-0/data/ratis/57516bdc-11a3-491e-8a60-7395e094d603 does not exist. Creating ...
2022-08-25 18:57:58,540 [Command processor thread] INFO  server.RaftServer (RaftServerProxy.java:addNew(96)) - 0f092162-54fd-43f5-9541-6660c8eb28a8: addNew group-7395E094D603:[b35797eb-9814-4f34-911c-e7cd4b87b364|rpc:10.1.0.203:38087|priority:0, 5330244c-9de6-4dff-8dd2-a0a85754c44f|rpc:10.1.0.203:46343|priority:1, 0f092162-54fd-43f5-9541-6660c8eb28a8|rpc:10.1.0.203:41449|priority:0] returns group-7395E094D603:java.util.concurrent.CompletableFuture@526db4cd[Not completed]
2022-08-25 18:57:58,541 [pool-72-thread-1] INFO  storage.RaftStorageDirectory (RaftStorageDirectoryImpl.java:tryLock(230)) - Lock on /home/runner/work/ozone/ozone/hadoop-ozone/integration-test/target/test-dir/MiniOzoneClusterImpl-518a318b-3ddf-4865-b851-646fdb0ed455/datanode-0/data/ratis/57516bdc-11a3-491e-8a60-7395e094d603/in_use.lock acquired by nodename 56427@fv-az204-2
2022-08-25 18:57:58,542 [pool-72-thread-1] INFO  storage.RaftStorage (RaftStorageImpl.java:format(89)) - Storage directory /home/runner/work/ozone/ozone/hadoop-ozone/integration-test/target/test-dir/MiniOzoneClusterImpl-518a318b-3ddf-4865-b851-646fdb0ed455/datanode-0/data/ratis/57516bdc-11a3-491e-8a60-7395e094d603 has been successfully formatted.
2022-08-25 18:57:58,546 [pool-72-thread-1] INFO  ratis.ContainerStateMachine (ContainerStateMachine.java:loadSnapshot(236)) - group-7395E094D603: The snapshot info is null. Setting the last applied indexto:(t:0, i:~)
2022-08-25 18:57:58,546 [pool-72-thread-1] INFO  server.RaftServerConfigKeys (ConfUtils.java:logGet(46)) - raft.server.notification.no-leader.timeout = 300s (custom)
2022-08-25 18:57:58,547 [pool-72-thread-1] INFO  server.RaftServerConfigKeys (ConfUtils.java:logGet(46)) - raft.server.log.use.memory = false (default)
2022-08-25 18:57:58,547 [pool-72-thread-1] INFO  server.RaftServerConfigKeys (ConfUtils.java:logGet(46)) - raft.server.log.purge.gap = 1000000 (custom)
2022-08-25 18:57:58,547 [pool-72-thread-1] INFO  server.RaftServerConfigKeys (ConfUtils.java:logGet(46)) - raft.server.log.appender.buffer.byte-limit = 33554432 (custom)
2022-08-25 18:57:58,547 [pool-72-thread-1] INFO  server.RaftServerConfigKeys (ConfUtils.java:logGet(46)) - raft.server.log.statemachine.data.read.timeout = 1000ms (default)
2022-08-25 18:57:58,547 [pool-72-thread-1] INFO  server.RaftServerConfigKeys (ConfUtils.java:logGet(46)) - raft.server.log.segment.size.max = 1048576 (custom)
2022-08-25 18:57:58,547 [pool-72-thread-1] INFO  server.RaftServerConfigKeys (ConfUtils.java:logGet(46)) - raft.server.log.segment.cache.num.max = 2 (custom)
2022-08-25 18:57:58,547 [pool-72-thread-1] INFO  server.RaftServerConfigKeys (ConfUtils.java:logGet(46)) - raft.server.log.segment.cache.size.max = 200MB (=209715200) (default)
2022-08-25 18:57:58,547 [pool-72-thread-1] INFO  segmented.SegmentedRaftLogWorker (SegmentedRaftLogWorker.java:<init>(187)) - new 0f092162-54fd-43f5-9541-6660c8eb28a8@group-7395E094D603-SegmentedRaftLogWorker for RaftStorageImpl:Storage Directory /home/runner/work/ozone/ozone/hadoop-ozone/integration-test/target/test-dir/MiniOzoneClusterImpl-518a318b-3ddf-4865-b851-646fdb0ed455/datanode-0/data/ratis/57516bdc-11a3-491e-8a60-7395e094d603
2022-08-25 18:57:58,547 [pool-72-thread-1] INFO  server.RaftServerConfigKeys (ConfUtils.java:logGet(46)) - raft.server.log.queue.byte-limit = 4294967296 (custom)
2022-08-25 18:57:58,548 [pool-72-thread-1] INFO  server.RaftServerConfigKeys (ConfUtils.java:logGet(46)) - raft.server.log.queue.element-limit = 1024 (custom)
2022-08-25 18:57:58,548 [pool-72-thread-1] INFO  server.RaftServerConfigKeys (ConfUtils.java:logGet(46)) - raft.server.log.segment.size.max = 1048576 (custom)
2022-08-25 18:57:58,548 [pool-72-thread-1] INFO  server.RaftServerConfigKeys (ConfUtils.java:logGet(46)) - raft.server.log.preallocated.size = 16384 (custom)
2022-08-25 18:57:58,548 [pool-72-thread-1] INFO  server.RaftServerConfigKeys (ConfUtils.java:logGet(46)) - raft.server.log.force.sync.num = 128 (default)
2022-08-25 18:57:58,548 [pool-72-thread-1] INFO  server.RaftServerConfigKeys (ConfUtils.java:logGet(46)) - raft.server.log.statemachine.data.sync = true (default)
2022-08-25 18:57:58,548 [pool-72-thread-1] INFO  server.RaftServerConfigKeys (ConfUtils.java:logGet(46)) - raft.server.log.statemachine.data.sync.timeout = 10s (default)
2022-08-25 18:57:58,548 [pool-72-thread-1] INFO  server.RaftServerConfigKeys (ConfUtils.java:logGet(46)) - raft.server.log.statemachine.data.sync.timeout.retry = -1 (default)
2022-08-25 18:57:58,549 [pool-72-thread-1] INFO  server.RaftServerConfigKeys (ConfUtils.java:logGet(46)) - raft.server.log.write.buffer.size = 1048576 (custom)
2022-08-25 18:57:58,549 [pool-72-thread-1] INFO  server.RaftServerConfigKeys (ConfUtils.java:logGet(46)) - raft.server.log.unsafe-flush.enabled = false (default)
2022-08-25 18:57:58,549 [pool-72-thread-1] INFO  server.RaftServerConfigKeys (ConfUtils.java:logGet(46)) - raft.server.log.statemachine.data.caching.enabled = true (custom)
2022-08-25 18:57:58,550 [pool-72-thread-1] INFO  segmented.SegmentedRaftLogWorker (SegmentedRaftLogWorker.java:lambda$new$0(135)) - 0f092162-54fd-43f5-9541-6660c8eb28a8@group-7395E094D603-SegmentedRaftLogWorker: flushIndex: setUnconditionally 0 -> -1
2022-08-25 18:57:58,550 [pool-72-thread-1] INFO  segmented.SegmentedRaftLogWorker (SegmentedRaftLogWorker.java:lambda$new$0(135)) - 0f092162-54fd-43f5-9541-6660c8eb28a8@group-7395E094D603-SegmentedRaftLogWorker: safeCacheEvictIndex: setUnconditionally 0 -> -1
2022-08-25 18:57:58,550 [pool-72-thread-1] INFO  server.RaftServerConfigKeys (ConfUtils.java:logGet(46)) - raft.server.snapshot.auto.trigger.enabled = true (custom)
2022-08-25 18:57:58,550 [pool-72-thread-1] INFO  server.RaftServerConfigKeys (ConfUtils.java:logGet(46)) - raft.server.snapshot.auto.trigger.threshold = 10000 (custom)
2022-08-25 18:57:58,550 [pool-72-thread-1] INFO  server.RaftServerConfigKeys (ConfUtils.java:logGet(46)) - raft.server.snapshot.retention.file.num = 5 (custom)
2022-08-25 18:57:58,550 [pool-72-thread-1] INFO  server.RaftServerConfigKeys (ConfUtils.java:logGet(46)) - raft.server.log.purge.upto.snapshot.index = false (default)
2022-08-25 18:57:58,550 [pool-72-thread-1] INFO  server.RaftServerConfigKeys (ConfUtils.java:logGet(46)) - raft.server.retrycache.expirytime = 600000ms (custom)
2022-08-25 18:57:58,550 [pool-72-thread-1] INFO  server.RaftServerConfigKeys (ConfUtils.java:logGet(46)) - raft.server.retrycache.statistics.expirytime = 100μs (default)
2022-08-25 18:57:58,551 [pool-72-thread-1] INFO  server.RaftServerConfigKeys (ConfUtils.java:logGet(46)) - raft.server.log.appender.install.snapshot.enabled = false (custom)
2022-08-25 18:57:58,551 [pool-72-thread-1] INFO  server.RaftServerConfigKeys (ConfUtils.java:logGet(46)) - raft.server.threadpool.server.cached = true (default)
2022-08-25 18:57:58,551 [pool-72-thread-1] INFO  server.RaftServerConfigKeys (ConfUtils.java:logGet(46)) - raft.server.threadpool.server.size = 0 (default)
2022-08-25 18:57:58,551 [pool-72-thread-1] INFO  server.RaftServerConfigKeys (ConfUtils.java:logGet(46)) - raft.server.threadpool.client.cached = true (default)
2022-08-25 18:57:58,551 [pool-72-thread-1] INFO  server.RaftServerConfigKeys (ConfUtils.java:logGet(46)) - raft.server.threadpool.client.size = 0 (default)
2022-08-25 18:57:58,557 [pool-72-thread-1] INFO  server.RaftServer$Division (RaftServerImpl.java:start(310)) - 0f092162-54fd-43f5-9541-6660c8eb28a8@group-7395E094D603: start as a follower, conf=-1: [b35797eb-9814-4f34-911c-e7cd4b87b364|rpc:10.1.0.203:38087|priority:0, 5330244c-9de6-4dff-8dd2-a0a85754c44f|rpc:10.1.0.203:46343|priority:1, 0f092162-54fd-43f5-9541-6660c8eb28a8|rpc:10.1.0.203:41449|priority:0], old=null
2022-08-25 18:57:58,558 [pool-72-thread-1] INFO  server.RaftServer$Division (RaftServerImpl.java:setRole(299)) - 0f092162-54fd-43f5-9541-6660c8eb28a8@group-7395E094D603: changes role from      null to FOLLOWER at term 0 for startAsFollower
2022-08-25 18:57:58,558 [pool-72-thread-1] INFO  impl.RoleInfo (RoleInfo.java:updateAndGet(139)) - 0f092162-54fd-43f5-9541-6660c8eb28a8: start 0f092162-54fd-43f5-9541-6660c8eb28a8@group-7395E094D603-FollowerState
2022-08-25 18:57:58,559 [EventQueue-OpenPipelineForHealthyPipelineSafeModeRule] INFO  safemode.SCMSafeModeManager (HealthyPipelineSafeModeRule.java:process(137)) - SCM in safe mode. Healthy pipelines reported count is 0, required healthy pipeline reported count is 1
2022-08-25 18:57:58,559 [pool-72-thread-1] INFO  util.JmxRegister (JmxRegister.java:tryRegister(44)) - Successfully registered JMX Bean with object name Ratis:service=RaftServer,group=group-7395E094D603,id=0f092162-54fd-43f5-9541-6660c8eb28a8
2022-08-25 18:57:58,561 [Command processor thread] INFO  ratis.XceiverServerRatis (XceiverServerRatis.java:addGroup(765)) - Created group PipelineID=57516bdc-11a3-491e-8a60-7395e094d603
2022-08-25 18:57:58,591 [grpc-default-executor-1] INFO  server.RaftServer (RaftServerProxy.java:addNew(96)) - b35797eb-9814-4f34-911c-e7cd4b87b364: addNew group-7395E094D603:[b35797eb-9814-4f34-911c-e7cd4b87b364|rpc:10.1.0.203:38087|dataStream:|priority:0, 5330244c-9de6-4dff-8dd2-a0a85754c44f|rpc:10.1.0.203:46343|dataStream:|priority:1, 0f092162-54fd-43f5-9541-6660c8eb28a8|rpc:10.1.0.203:41449|dataStream:|priority:0] returns group-7395E094D603:java.util.concurrent.CompletableFuture@62c22383[Not completed]
2022-08-25 18:57:58,593 [pool-118-thread-1] INFO  server.RaftServer$Division (RaftServerImpl.java:<init>(190)) - b35797eb-9814-4f34-911c-e7cd4b87b364: new RaftServerImpl for group-7395E094D603:[b35797eb-9814-4f34-911c-e7cd4b87b364|rpc:10.1.0.203:38087|dataStream:|priority:0, 5330244c-9de6-4dff-8dd2-a0a85754c44f|rpc:10.1.0.203:46343|dataStream:|priority:1, 0f092162-54fd-43f5-9541-6660c8eb28a8|rpc:10.1.0.203:41449|dataStream:|priority:0] with ContainerStateMachine:uninitialized
2022-08-25 18:57:58,593 [pool-118-thread-1] INFO  server.RaftServerConfigKeys (ConfUtils.java:logGet(46)) - raft.server.rpc.timeout.min = 5s (custom)
2022-08-25 18:57:58,593 [pool-118-thread-1] INFO  server.RaftServerConfigKeys (ConfUtils.java:logGet(46)) - raft.server.rpc.timeout.max = 5200ms (custom)
2022-08-25 18:57:58,593 [pool-118-thread-1] INFO  server.RaftServerConfigKeys (ConfUtils.java:logGet(46)) - raft.server.rpc.sleep.time = 25ms (default)
2022-08-25 18:57:58,593 [pool-118-thread-1] INFO  server.RaftServerConfigKeys (ConfUtils.java:logGet(46)) - raft.server.rpc.slowness.timeout = 300s (custom)
2022-08-25 18:57:58,593 [pool-118-thread-1] INFO  server.RaftServerConfigKeys (ConfUtils.java:logGet(46)) - raft.server.leaderelection.leader.step-down.wait-time = 10s (default)
2022-08-25 18:57:58,593 [pool-118-thread-1] INFO  server.RaftServerConfigKeys (ConfUtils.java:logGet(46)) - raft.server.sleep.deviation.threshold = 300ms (default)
2022-08-25 18:57:58,593 [pool-118-thread-1] INFO  server.RaftServer$Division (ServerState.java:<init>(107)) - b35797eb-9814-4f34-911c-e7cd4b87b364@group-7395E094D603: ConfigurationManager, init=-1: [b35797eb-9814-4f34-911c-e7cd4b87b364|rpc:10.1.0.203:38087|dataStream:|priority:0, 5330244c-9de6-4dff-8dd2-a0a85754c44f|rpc:10.1.0.203:46343|dataStream:|priority:1, 0f092162-54fd-43f5-9541-6660c8eb28a8|rpc:10.1.0.203:41449|dataStream:|priority:0], old=null, confs=<EMPTY_MAP>
2022-08-25 18:57:58,593 [pool-118-thread-1] INFO  server.RaftServerConfigKeys (ConfUtils.java:logGet(46)) - raft.server.storage.dir = [/home/runner/work/ozone/ozone/hadoop-ozone/integration-test/target/test-dir/MiniOzoneClusterImpl-518a318b-3ddf-4865-b851-646fdb0ed455/datanode-2/data/ratis] (custom)
2022-08-25 18:57:58,594 [pool-118-thread-1] INFO  server.RaftServerConfigKeys (ConfUtils.java:logGet(46)) - raft.server.log.corruption.policy = EXCEPTION (default)
2022-08-25 18:57:58,594 [pool-118-thread-1] INFO  server.RaftServerConfigKeys (ConfUtils.java:logGet(46)) - raft.server.storage.free-space.min = 0MB (=0) (default)
2022-08-25 18:57:58,594 [pool-118-thread-1] INFO  storage.RaftStorageDirectory (RaftStorageDirectoryImpl.java:analyzeStorage(135)) - The storage directory /home/runner/work/ozone/ozone/hadoop-ozone/integration-test/target/test-dir/MiniOzoneClusterImpl-518a318b-3ddf-4865-b851-646fdb0ed455/datanode-2/data/ratis/57516bdc-11a3-491e-8a60-7395e094d603 does not exist. Creating ...
2022-08-25 18:57:58,596 [pool-118-thread-1] INFO  storage.RaftStorageDirectory (RaftStorageDirectoryImpl.java:tryLock(230)) - Lock on /home/runner/work/ozone/ozone/hadoop-ozone/integration-test/target/test-dir/MiniOzoneClusterImpl-518a318b-3ddf-4865-b851-646fdb0ed455/datanode-2/data/ratis/57516bdc-11a3-491e-8a60-7395e094d603/in_use.lock acquired by nodename 56427@fv-az204-2
2022-08-25 18:57:58,597 [pool-118-thread-1] INFO  storage.RaftStorage (RaftStorageImpl.java:format(89)) - Storage directory /home/runner/work/ozone/ozone/hadoop-ozone/integration-test/target/test-dir/MiniOzoneClusterImpl-518a318b-3ddf-4865-b851-646fdb0ed455/datanode-2/data/ratis/57516bdc-11a3-491e-8a60-7395e094d603 has been successfully formatted.
2022-08-25 18:57:58,598 [pool-118-thread-1] INFO  ratis.ContainerStateMachine (ContainerStateMachine.java:loadSnapshot(236)) - group-7395E094D603: The snapshot info is null. Setting the last applied indexto:(t:0, i:~)
2022-08-25 18:57:58,598 [pool-118-thread-1] INFO  server.RaftServerConfigKeys (ConfUtils.java:logGet(46)) - raft.server.notification.no-leader.timeout = 300s (custom)
2022-08-25 18:57:58,598 [pool-118-thread-1] INFO  server.RaftServerConfigKeys (ConfUtils.java:logGet(46)) - raft.server.log.use.memory = false (default)
2022-08-25 18:57:58,599 [pool-118-thread-1] INFO  server.RaftServerConfigKeys (ConfUtils.java:logGet(46)) - raft.server.log.purge.gap = 1000000 (custom)
2022-08-25 18:57:58,599 [pool-118-thread-1] INFO  server.RaftServerConfigKeys (ConfUtils.java:logGet(46)) - raft.server.log.appender.buffer.byte-limit = 33554432 (custom)
2022-08-25 18:57:58,599 [pool-118-thread-1] INFO  server.RaftServerConfigKeys (ConfUtils.java:logGet(46)) - raft.server.log.statemachine.data.read.timeout = 1000ms (default)
2022-08-25 18:57:58,599 [pool-118-thread-1] INFO  server.RaftServerConfigKeys (ConfUtils.java:logGet(46)) - raft.server.log.segment.size.max = 1048576 (custom)
2022-08-25 18:57:58,599 [pool-118-thread-1] INFO  server.RaftServerConfigKeys (ConfUtils.java:logGet(46)) - raft.server.log.segment.cache.num.max = 2 (custom)
2022-08-25 18:57:58,599 [pool-118-thread-1] INFO  server.RaftServerConfigKeys (ConfUtils.java:logGet(46)) - raft.server.log.segment.cache.size.max = 200MB (=209715200) (default)
2022-08-25 18:57:58,599 [pool-118-thread-1] INFO  segmented.SegmentedRaftLogWorker (SegmentedRaftLogWorker.java:<init>(187)) - new b35797eb-9814-4f34-911c-e7cd4b87b364@group-7395E094D603-SegmentedRaftLogWorker for RaftStorageImpl:Storage Directory /home/runner/work/ozone/ozone/hadoop-ozone/integration-test/target/test-dir/MiniOzoneClusterImpl-518a318b-3ddf-4865-b851-646fdb0ed455/datanode-2/data/ratis/57516bdc-11a3-491e-8a60-7395e094d603
2022-08-25 18:57:58,599 [pool-118-thread-1] INFO  server.RaftServerConfigKeys (ConfUtils.java:logGet(46)) - raft.server.log.queue.byte-limit = 4294967296 (custom)
2022-08-25 18:57:58,599 [pool-118-thread-1] INFO  server.RaftServerConfigKeys (ConfUtils.java:logGet(46)) - raft.server.log.queue.element-limit = 1024 (custom)
2022-08-25 18:57:58,600 [pool-118-thread-1] INFO  server.RaftServerConfigKeys (ConfUtils.java:logGet(46)) - raft.server.log.segment.size.max = 1048576 (custom)
2022-08-25 18:57:58,600 [pool-118-thread-1] INFO  server.RaftServerConfigKeys (ConfUtils.java:logGet(46)) - raft.server.log.preallocated.size = 16384 (custom)
2022-08-25 18:57:58,600 [pool-118-thread-1] INFO  server.RaftServerConfigKeys (ConfUtils.java:logGet(46)) - raft.server.log.force.sync.num = 128 (default)
2022-08-25 18:57:58,600 [pool-118-thread-1] INFO  server.RaftServerConfigKeys (ConfUtils.java:logGet(46)) - raft.server.log.statemachine.data.sync = true (default)
2022-08-25 18:57:58,600 [pool-118-thread-1] INFO  server.RaftServerConfigKeys (ConfUtils.java:logGet(46)) - raft.server.log.statemachine.data.sync.timeout = 10s (default)
2022-08-25 18:57:58,600 [pool-118-thread-1] INFO  server.RaftServerConfigKeys (ConfUtils.java:logGet(46)) - raft.server.log.statemachine.data.sync.timeout.retry = -1 (default)
2022-08-25 18:57:58,600 [pool-118-thread-1] INFO  server.RaftServerConfigKeys (ConfUtils.java:logGet(46)) - raft.server.log.write.buffer.size = 1048576 (custom)
2022-08-25 18:57:58,601 [pool-118-thread-1] INFO  server.RaftServerConfigKeys (ConfUtils.java:logGet(46)) - raft.server.log.unsafe-flush.enabled = false (default)
2022-08-25 18:57:58,601 [pool-118-thread-1] INFO  server.RaftServerConfigKeys (ConfUtils.java:logGet(46)) - raft.server.log.statemachine.data.caching.enabled = true (custom)
2022-08-25 18:57:58,601 [pool-118-thread-1] INFO  segmented.SegmentedRaftLogWorker (SegmentedRaftLogWorker.java:lambda$new$0(135)) - b35797eb-9814-4f34-911c-e7cd4b87b364@group-7395E094D603-SegmentedRaftLogWorker: flushIndex: setUnconditionally 0 -> -1
2022-08-25 18:57:58,601 [pool-118-thread-1] INFO  segmented.SegmentedRaftLogWorker (SegmentedRaftLogWorker.java:lambda$new$0(135)) - b35797eb-9814-4f34-911c-e7cd4b87b364@group-7395E094D603-SegmentedRaftLogWorker: safeCacheEvictIndex: setUnconditionally 0 -> -1
2022-08-25 18:57:58,609 [pool-118-thread-1] INFO  server.RaftServerConfigKeys (ConfUtils.java:logGet(46)) - raft.server.snapshot.auto.trigger.enabled = true (custom)
2022-08-25 18:57:58,609 [pool-118-thread-1] INFO  server.RaftServerConfigKeys (ConfUtils.java:logGet(46)) - raft.server.snapshot.auto.trigger.threshold = 10000 (custom)
2022-08-25 18:57:58,609 [pool-118-thread-1] INFO  server.RaftServerConfigKeys (ConfUtils.java:logGet(46)) - raft.server.snapshot.retention.file.num = 5 (custom)
2022-08-25 18:57:58,609 [pool-118-thread-1] INFO  server.RaftServerConfigKeys (ConfUtils.java:logGet(46)) - raft.server.log.purge.upto.snapshot.index = false (default)
2022-08-25 18:57:58,609 [pool-118-thread-1] INFO  server.RaftServerConfigKeys (ConfUtils.java:logGet(46)) - raft.server.retrycache.expirytime = 600000ms (custom)
2022-08-25 18:57:58,610 [pool-118-thread-1] INFO  server.RaftServerConfigKeys (ConfUtils.java:logGet(46)) - raft.server.retrycache.statistics.expirytime = 100μs (default)
2022-08-25 18:57:58,611 [pool-118-thread-1] INFO  server.RaftServerConfigKeys (ConfUtils.java:logGet(46)) - raft.server.log.appender.install.snapshot.enabled = false (custom)
2022-08-25 18:57:58,611 [pool-118-thread-1] INFO  server.RaftServerConfigKeys (ConfUtils.java:logGet(46)) - raft.server.threadpool.server.cached = true (default)
2022-08-25 18:57:58,611 [pool-118-thread-1] INFO  server.RaftServerConfigKeys (ConfUtils.java:logGet(46)) - raft.server.threadpool.server.size = 0 (default)
2022-08-25 18:57:58,611 [pool-118-thread-1] INFO  server.RaftServerConfigKeys (ConfUtils.java:logGet(46)) - raft.server.threadpool.client.cached = true (default)
2022-08-25 18:57:58,611 [pool-118-thread-1] INFO  server.RaftServerConfigKeys (ConfUtils.java:logGet(46)) - raft.server.threadpool.client.size = 0 (default)
2022-08-25 18:57:58,611 [pool-118-thread-1] INFO  server.RaftServer$Division (RaftServerImpl.java:start(310)) - b35797eb-9814-4f34-911c-e7cd4b87b364@group-7395E094D603: start as a follower, conf=-1: [b35797eb-9814-4f34-911c-e7cd4b87b364|rpc:10.1.0.203:38087|dataStream:|priority:0, 5330244c-9de6-4dff-8dd2-a0a85754c44f|rpc:10.1.0.203:46343|dataStream:|priority:1, 0f092162-54fd-43f5-9541-6660c8eb28a8|rpc:10.1.0.203:41449|dataStream:|priority:0], old=null
2022-08-25 18:57:58,611 [pool-118-thread-1] INFO  server.RaftServer$Division (RaftServerImpl.java:setRole(299)) - b35797eb-9814-4f34-911c-e7cd4b87b364@group-7395E094D603: changes role from      null to FOLLOWER at term 0 for startAsFollower
2022-08-25 18:57:58,611 [pool-118-thread-1] INFO  impl.RoleInfo (RoleInfo.java:updateAndGet(139)) - b35797eb-9814-4f34-911c-e7cd4b87b364: start b35797eb-9814-4f34-911c-e7cd4b87b364@group-7395E094D603-FollowerState
2022-08-25 18:57:58,622 [pool-118-thread-1] INFO  util.JmxRegister (JmxRegister.java:tryRegister(44)) - Successfully registered JMX Bean with object name Ratis:service=RaftServer,group=group-7395E094D603,id=b35797eb-9814-4f34-911c-e7cd4b87b364
2022-08-25 18:57:58,636 [Listener at 127.0.0.1/37469] INFO  ozone.MiniOzoneClusterImpl (MiniOzoneClusterImpl.java:lambda$waitForClusterToBeReady$0(216)) - Nodes are ready. Got 3 of 3 DN Heartbeats.
2022-08-25 18:57:58,637 [Listener at 127.0.0.1/37469] INFO  ozone.MiniOzoneClusterImpl (MiniOzoneClusterImpl.java:lambda$waitForClusterToBeReady$0(219)) - Waiting for cluster to exit safe mode
2022-08-25 18:57:58,637 [Listener at 127.0.0.1/37469] INFO  ozone.MiniOzoneClusterImpl (MiniOzoneClusterImpl.java:lambda$waitForClusterToBeReady$0(221)) - SCM became leader
2022-08-25 18:57:58,645 [Command processor thread] INFO  server.RaftServer (RaftServerProxy.java:addNew(96)) - b35797eb-9814-4f34-911c-e7cd4b87b364: addNew group-954DC2ABBCCB:[b35797eb-9814-4f34-911c-e7cd4b87b364|rpc:10.1.0.203:38087|priority:1] returns group-954DC2ABBCCB:java.util.concurrent.CompletableFuture@3e348b54[Not completed]
2022-08-25 18:57:58,646 [pool-118-thread-1] INFO  server.RaftServer$Division (RaftServerImpl.java:<init>(190)) - b35797eb-9814-4f34-911c-e7cd4b87b364: new RaftServerImpl for group-954DC2ABBCCB:[b35797eb-9814-4f34-911c-e7cd4b87b364|rpc:10.1.0.203:38087|priority:1] with ContainerStateMachine:uninitialized
2022-08-25 18:57:58,646 [pool-118-thread-1] INFO  server.RaftServerConfigKeys (ConfUtils.java:logGet(46)) - raft.server.rpc.timeout.min = 5s (custom)
2022-08-25 18:57:58,647 [pool-118-thread-1] INFO  server.RaftServerConfigKeys (ConfUtils.java:logGet(46)) - raft.server.rpc.timeout.max = 5200ms (custom)
2022-08-25 18:57:58,647 [pool-118-thread-1] INFO  server.RaftServerConfigKeys (ConfUtils.java:logGet(46)) - raft.server.rpc.sleep.time = 25ms (default)
2022-08-25 18:57:58,647 [pool-118-thread-1] INFO  server.RaftServerConfigKeys (ConfUtils.java:logGet(46)) - raft.server.rpc.slowness.timeout = 300s (custom)
2022-08-25 18:57:58,647 [pool-118-thread-1] INFO  server.RaftServerConfigKeys (ConfUtils.java:logGet(46)) - raft.server.leaderelection.leader.step-down.wait-time = 10s (default)
2022-08-25 18:57:58,647 [pool-118-thread-1] INFO  server.RaftServerConfigKeys (ConfUtils.java:logGet(46)) - raft.server.sleep.deviation.threshold = 300ms (default)
2022-08-25 18:57:58,647 [pool-118-thread-1] INFO  server.RaftServer$Division (ServerState.java:<init>(107)) - b35797eb-9814-4f34-911c-e7cd4b87b364@group-954DC2ABBCCB: ConfigurationManager, init=-1: [b35797eb-9814-4f34-911c-e7cd4b87b364|rpc:10.1.0.203:38087|priority:1], old=null, confs=<EMPTY_MAP>
2022-08-25 18:57:58,647 [pool-118-thread-1] INFO  server.RaftServerConfigKeys (ConfUtils.java:logGet(46)) - raft.server.storage.dir = [/home/runner/work/ozone/ozone/hadoop-ozone/integration-test/target/test-dir/MiniOzoneClusterImpl-518a318b-3ddf-4865-b851-646fdb0ed455/datanode-2/data/ratis] (custom)
2022-08-25 18:57:58,647 [pool-118-thread-1] INFO  server.RaftServerConfigKeys (ConfUtils.java:logGet(46)) - raft.server.log.corruption.policy = EXCEPTION (default)
2022-08-25 18:57:58,647 [pool-118-thread-1] INFO  server.RaftServerConfigKeys (ConfUtils.java:logGet(46)) - raft.server.storage.free-space.min = 0MB (=0) (default)
2022-08-25 18:57:58,647 [pool-118-thread-1] INFO  storage.RaftStorageDirectory (RaftStorageDirectoryImpl.java:analyzeStorage(135)) - The storage directory /home/runner/work/ozone/ozone/hadoop-ozone/integration-test/target/test-dir/MiniOzoneClusterImpl-518a318b-3ddf-4865-b851-646fdb0ed455/datanode-2/data/ratis/7944eebe-252c-4838-b6e0-954dc2abbccb does not exist. Creating ...
2022-08-25 18:57:58,649 [pool-118-thread-1] INFO  storage.RaftStorageDirectory (RaftStorageDirectoryImpl.java:tryLock(230)) - Lock on /home/runner/work/ozone/ozone/hadoop-ozone/integration-test/target/test-dir/MiniOzoneClusterImpl-518a318b-3ddf-4865-b851-646fdb0ed455/datanode-2/data/ratis/7944eebe-252c-4838-b6e0-954dc2abbccb/in_use.lock acquired by nodename 56427@fv-az204-2
2022-08-25 18:57:58,650 [pool-118-thread-1] INFO  storage.RaftStorage (RaftStorageImpl.java:format(89)) - Storage directory /home/runner/work/ozone/ozone/hadoop-ozone/integration-test/target/test-dir/MiniOzoneClusterImpl-518a318b-3ddf-4865-b851-646fdb0ed455/datanode-2/data/ratis/7944eebe-252c-4838-b6e0-954dc2abbccb has been successfully formatted.
2022-08-25 18:57:58,651 [pool-118-thread-1] INFO  ratis.ContainerStateMachine (ContainerStateMachine.java:loadSnapshot(236)) - group-954DC2ABBCCB: The snapshot info is null. Setting the last applied indexto:(t:0, i:~)
2022-08-25 18:57:58,651 [pool-118-thread-1] INFO  server.RaftServerConfigKeys (ConfUtils.java:logGet(46)) - raft.server.notification.no-leader.timeout = 300s (custom)
2022-08-25 18:57:58,651 [pool-118-thread-1] INFO  server.RaftServerConfigKeys (ConfUtils.java:logGet(46)) - raft.server.log.use.memory = false (default)
2022-08-25 18:57:58,651 [pool-118-thread-1] INFO  server.RaftServerConfigKeys (ConfUtils.java:logGet(46)) - raft.server.log.purge.gap = 1000000 (custom)
2022-08-25 18:57:58,651 [pool-118-thread-1] INFO  server.RaftServerConfigKeys (ConfUtils.java:logGet(46)) - raft.server.log.appender.buffer.byte-limit = 33554432 (custom)
2022-08-25 18:57:58,651 [pool-118-thread-1] INFO  server.RaftServerConfigKeys (ConfUtils.java:logGet(46)) - raft.server.log.statemachine.data.read.timeout = 1000ms (default)
2022-08-25 18:57:58,651 [pool-118-thread-1] INFO  server.RaftServerConfigKeys (ConfUtils.java:logGet(46)) - raft.server.log.segment.size.max = 1048576 (custom)
2022-08-25 18:57:58,653 [pool-118-thread-1] INFO  server.RaftServerConfigKeys (ConfUtils.java:logGet(46)) - raft.server.log.segment.cache.num.max = 2 (custom)
2022-08-25 18:57:58,653 [pool-118-thread-1] INFO  server.RaftServerConfigKeys (ConfUtils.java:logGet(46)) - raft.server.log.segment.cache.size.max = 200MB (=209715200) (default)
2022-08-25 18:57:58,653 [pool-118-thread-1] INFO  segmented.SegmentedRaftLogWorker (SegmentedRaftLogWorker.java:<init>(187)) - new b35797eb-9814-4f34-911c-e7cd4b87b364@group-954DC2ABBCCB-SegmentedRaftLogWorker for RaftStorageImpl:Storage Directory /home/runner/work/ozone/ozone/hadoop-ozone/integration-test/target/test-dir/MiniOzoneClusterImpl-518a318b-3ddf-4865-b851-646fdb0ed455/datanode-2/data/ratis/7944eebe-252c-4838-b6e0-954dc2abbccb
2022-08-25 18:57:58,653 [pool-118-thread-1] INFO  server.RaftServerConfigKeys (ConfUtils.java:logGet(46)) - raft.server.log.queue.byte-limit = 4294967296 (custom)
2022-08-25 18:57:58,653 [pool-118-thread-1] INFO  server.RaftServerConfigKeys (ConfUtils.java:logGet(46)) - raft.server.log.queue.element-limit = 1024 (custom)
2022-08-25 18:57:58,654 [pool-118-thread-1] INFO  server.RaftServerConfigKeys (ConfUtils.java:logGet(46)) - raft.server.log.segment.size.max = 1048576 (custom)
2022-08-25 18:57:58,654 [pool-118-thread-1] INFO  server.RaftServerConfigKeys (ConfUtils.java:logGet(46)) - raft.server.log.preallocated.size = 16384 (custom)
2022-08-25 18:57:58,654 [pool-118-thread-1] INFO  server.RaftServerConfigKeys (ConfUtils.java:logGet(46)) - raft.server.log.force.sync.num = 128 (default)
2022-08-25 18:57:58,654 [pool-118-thread-1] INFO  server.RaftServerConfigKeys (ConfUtils.java:logGet(46)) - raft.server.log.statemachine.data.sync = true (default)
2022-08-25 18:57:58,654 [pool-118-thread-1] INFO  server.RaftServerConfigKeys (ConfUtils.java:logGet(46)) - raft.server.log.statemachine.data.sync.timeout = 10s (default)
2022-08-25 18:57:58,654 [pool-118-thread-1] INFO  server.RaftServerConfigKeys (ConfUtils.java:logGet(46)) - raft.server.log.statemachine.data.sync.timeout.retry = -1 (default)
2022-08-25 18:57:58,654 [EventQueue-PipelineReportForPipelineReportHandler] INFO  pipeline.PipelineManagerImpl (PipelineManagerImpl.java:openPipeline(367)) - Pipeline Pipeline[ Id: 7944eebe-252c-4838-b6e0-954dc2abbccb, Nodes: b35797eb-9814-4f34-911c-e7cd4b87b364{ip: 10.1.0.203, host: fv-az204-2.d0ggoinxmwcejgojbuqly40l0e.cx.internal.cloudapp.net, ports: [REPLICATION=36023, RATIS=38087, RATIS_ADMIN=38087, RATIS_SERVER=38087, STANDALONE=40605], networkLocation: /default-rack, certSerialId: null, persistedOpState: IN_SERVICE, persistedOpStateExpiryEpochSec: 0}, ReplicationConfig: RATIS/ONE, State:ALLOCATED, leaderId:b35797eb-9814-4f34-911c-e7cd4b87b364, CreationTimestamp2022-08-25T18:57:55.650Z[Etc/UTC]] moved to OPEN state
2022-08-25 18:57:58,655 [EventQueue-OpenPipelineForHealthyPipelineSafeModeRule] INFO  safemode.SCMSafeModeManager (HealthyPipelineSafeModeRule.java:process(137)) - SCM in safe mode. Healthy pipelines reported count is 0, required healthy pipeline reported count is 1
2022-08-25 18:57:58,660 [pool-118-thread-1] INFO  server.RaftServerConfigKeys (ConfUtils.java:logGet(46)) - raft.server.log.write.buffer.size = 1048576 (custom)
2022-08-25 18:57:58,664 [pool-118-thread-1] INFO  server.RaftServerConfigKeys (ConfUtils.java:logGet(46)) - raft.server.log.unsafe-flush.enabled = false (default)
2022-08-25 18:57:58,664 [pool-118-thread-1] INFO  server.RaftServerConfigKeys (ConfUtils.java:logGet(46)) - raft.server.log.statemachine.data.caching.enabled = true (custom)
2022-08-25 18:57:58,664 [pool-118-thread-1] INFO  segmented.SegmentedRaftLogWorker (SegmentedRaftLogWorker.java:lambda$new$0(135)) - b35797eb-9814-4f34-911c-e7cd4b87b364@group-954DC2ABBCCB-SegmentedRaftLogWorker: flushIndex: setUnconditionally 0 -> -1
2022-08-25 18:57:58,664 [pool-118-thread-1] INFO  segmented.SegmentedRaftLogWorker (SegmentedRaftLogWorker.java:lambda$new$0(135)) - b35797eb-9814-4f34-911c-e7cd4b87b364@group-954DC2ABBCCB-SegmentedRaftLogWorker: safeCacheEvictIndex: setUnconditionally 0 -> -1
2022-08-25 18:57:58,660 [Command processor thread] INFO  commandhandler.CreatePipelineCommandHandler (CreatePipelineCommandHandler.java:handle(113)) - Created Pipeline RATIS THREE PipelineID=79e14743-4793-46ee-ba38-abd2fb1fb5b1.
2022-08-25 18:57:58,664 [Command processor thread] INFO  server.RaftServer (RaftServerProxy.java:addNew(96)) - 5330244c-9de6-4dff-8dd2-a0a85754c44f: addNew group-7395E094D603:[b35797eb-9814-4f34-911c-e7cd4b87b364|rpc:10.1.0.203:38087|priority:0, 5330244c-9de6-4dff-8dd2-a0a85754c44f|rpc:10.1.0.203:46343|priority:1, 0f092162-54fd-43f5-9541-6660c8eb28a8|rpc:10.1.0.203:41449|priority:0] returns group-7395E094D603:java.util.concurrent.CompletableFuture@5e41b5b5[Not completed]
2022-08-25 18:57:58,666 [pool-95-thread-1] INFO  server.RaftServer$Division (RaftServerImpl.java:<init>(190)) - 5330244c-9de6-4dff-8dd2-a0a85754c44f: new RaftServerImpl for group-7395E094D603:[b35797eb-9814-4f34-911c-e7cd4b87b364|rpc:10.1.0.203:38087|priority:0, 5330244c-9de6-4dff-8dd2-a0a85754c44f|rpc:10.1.0.203:46343|priority:1, 0f092162-54fd-43f5-9541-6660c8eb28a8|rpc:10.1.0.203:41449|priority:0] with ContainerStateMachine:uninitialized
2022-08-25 18:57:58,666 [pool-95-thread-1] INFO  server.RaftServerConfigKeys (ConfUtils.java:logGet(46)) - raft.server.rpc.timeout.min = 5s (custom)
2022-08-25 18:57:58,666 [pool-95-thread-1] INFO  server.RaftServerConfigKeys (ConfUtils.java:logGet(46)) - raft.server.rpc.timeout.max = 5200ms (custom)
2022-08-25 18:57:58,666 [pool-95-thread-1] INFO  server.RaftServerConfigKeys (ConfUtils.java:logGet(46)) - raft.server.rpc.sleep.time = 25ms (default)
2022-08-25 18:57:58,666 [pool-95-thread-1] INFO  server.RaftServerConfigKeys (ConfUtils.java:logGet(46)) - raft.server.rpc.slowness.timeout = 300s (custom)
2022-08-25 18:57:58,666 [pool-95-thread-1] INFO  server.RaftServerConfigKeys (ConfUtils.java:logGet(46)) - raft.server.leaderelection.leader.step-down.wait-time = 10s (default)
2022-08-25 18:57:58,666 [pool-95-thread-1] INFO  server.RaftServerConfigKeys (ConfUtils.java:logGet(46)) - raft.server.sleep.deviation.threshold = 300ms (default)
2022-08-25 18:57:58,666 [pool-95-thread-1] INFO  server.RaftServer$Division (ServerState.java:<init>(107)) - 5330244c-9de6-4dff-8dd2-a0a85754c44f@group-7395E094D603: ConfigurationManager, init=-1: [b35797eb-9814-4f34-911c-e7cd4b87b364|rpc:10.1.0.203:38087|priority:0, 5330244c-9de6-4dff-8dd2-a0a85754c44f|rpc:10.1.0.203:46343|priority:1, 0f092162-54fd-43f5-9541-6660c8eb28a8|rpc:10.1.0.203:41449|priority:0], old=null, confs=<EMPTY_MAP>
2022-08-25 18:57:58,666 [pool-95-thread-1] INFO  server.RaftServerConfigKeys (ConfUtils.java:logGet(46)) - raft.server.storage.dir = [/home/runner/work/ozone/ozone/hadoop-ozone/integration-test/target/test-dir/MiniOzoneClusterImpl-518a318b-3ddf-4865-b851-646fdb0ed455/datanode-1/data/ratis] (custom)
2022-08-25 18:57:58,666 [pool-95-thread-1] INFO  server.RaftServerConfigKeys (ConfUtils.java:logGet(46)) - raft.server.log.corruption.policy = EXCEPTION (default)
2022-08-25 18:57:58,666 [pool-95-thread-1] INFO  server.RaftServerConfigKeys (ConfUtils.java:logGet(46)) - raft.server.storage.free-space.min = 0MB (=0) (default)
2022-08-25 18:57:58,666 [pool-95-thread-1] INFO  storage.RaftStorageDirectory (RaftStorageDirectoryImpl.java:analyzeStorage(135)) - The storage directory /home/runner/work/ozone/ozone/hadoop-ozone/integration-test/target/test-dir/MiniOzoneClusterImpl-518a318b-3ddf-4865-b851-646fdb0ed455/datanode-1/data/ratis/57516bdc-11a3-491e-8a60-7395e094d603 does not exist. Creating ...
2022-08-25 18:57:58,668 [pool-95-thread-1] INFO  storage.RaftStorageDirectory (RaftStorageDirectoryImpl.java:tryLock(230)) - Lock on /home/runner/work/ozone/ozone/hadoop-ozone/integration-test/target/test-dir/MiniOzoneClusterImpl-518a318b-3ddf-4865-b851-646fdb0ed455/datanode-1/data/ratis/57516bdc-11a3-491e-8a60-7395e094d603/in_use.lock acquired by nodename 56427@fv-az204-2
2022-08-25 18:57:58,669 [pool-95-thread-1] INFO  storage.RaftStorage (RaftStorageImpl.java:format(89)) - Storage directory /home/runner/work/ozone/ozone/hadoop-ozone/integration-test/target/test-dir/MiniOzoneClusterImpl-518a318b-3ddf-4865-b851-646fdb0ed455/datanode-1/data/ratis/57516bdc-11a3-491e-8a60-7395e094d603 has been successfully formatted.
2022-08-25 18:57:58,672 [pool-118-thread-1] INFO  server.RaftServerConfigKeys (ConfUtils.java:logGet(46)) - raft.server.snapshot.auto.trigger.enabled = true (custom)
2022-08-25 18:57:58,672 [pool-118-thread-1] INFO  server.RaftServerConfigKeys (ConfUtils.java:logGet(46)) - raft.server.snapshot.auto.trigger.threshold = 10000 (custom)
2022-08-25 18:57:58,672 [pool-118-thread-1] INFO  server.RaftServerConfigKeys (ConfUtils.java:logGet(46)) - raft.server.snapshot.retention.file.num = 5 (custom)
2022-08-25 18:57:58,672 [pool-118-thread-1] INFO  server.RaftServerConfigKeys (ConfUtils.java:logGet(46)) - raft.server.log.purge.upto.snapshot.index = false (default)
2022-08-25 18:57:58,672 [pool-118-thread-1] INFO  server.RaftServerConfigKeys (ConfUtils.java:logGet(46)) - raft.server.retrycache.expirytime = 600000ms (custom)
2022-08-25 18:57:58,672 [pool-118-thread-1] INFO  server.RaftServerConfigKeys (ConfUtils.java:logGet(46)) - raft.server.retrycache.statistics.expirytime = 100μs (default)
2022-08-25 18:57:58,673 [pool-118-thread-1] INFO  server.RaftServerConfigKeys (ConfUtils.java:logGet(46)) - raft.server.log.appender.install.snapshot.enabled = false (custom)
2022-08-25 18:57:58,673 [pool-118-thread-1] INFO  server.RaftServerConfigKeys (ConfUtils.java:logGet(46)) - raft.server.threadpool.server.cached = true (default)
2022-08-25 18:57:58,673 [pool-118-thread-1] INFO  server.RaftServerConfigKeys (ConfUtils.java:logGet(46)) - raft.server.threadpool.server.size = 0 (default)
2022-08-25 18:57:58,674 [pool-118-thread-1] INFO  server.RaftServerConfigKeys (ConfUtils.java:logGet(46)) - raft.server.threadpool.client.cached = true (default)
2022-08-25 18:57:58,674 [pool-118-thread-1] INFO  server.RaftServerConfigKeys (ConfUtils.java:logGet(46)) - raft.server.threadpool.client.size = 0 (default)
2022-08-25 18:57:58,674 [pool-118-thread-1] INFO  server.RaftServer$Division (RaftServerImpl.java:start(310)) - b35797eb-9814-4f34-911c-e7cd4b87b364@group-954DC2ABBCCB: start as a follower, conf=-1: [b35797eb-9814-4f34-911c-e7cd4b87b364|rpc:10.1.0.203:38087|priority:1], old=null
2022-08-25 18:57:58,674 [pool-118-thread-1] INFO  server.RaftServer$Division (RaftServerImpl.java:setRole(299)) - b35797eb-9814-4f34-911c-e7cd4b87b364@group-954DC2ABBCCB: changes role from      null to FOLLOWER at term 0 for startAsFollower
2022-08-25 18:57:58,674 [pool-118-thread-1] INFO  impl.RoleInfo (RoleInfo.java:updateAndGet(139)) - b35797eb-9814-4f34-911c-e7cd4b87b364: start b35797eb-9814-4f34-911c-e7cd4b87b364@group-954DC2ABBCCB-FollowerState
2022-08-25 18:57:58,683 [pool-118-thread-1] INFO  util.JmxRegister (JmxRegister.java:tryRegister(44)) - Successfully registered JMX Bean with object name Ratis:service=RaftServer,group=group-954DC2ABBCCB,id=b35797eb-9814-4f34-911c-e7cd4b87b364
2022-08-25 18:57:58,685 [pool-95-thread-1] INFO  ratis.ContainerStateMachine (ContainerStateMachine.java:loadSnapshot(236)) - group-7395E094D603: The snapshot info is null. Setting the last applied indexto:(t:0, i:~)
2022-08-25 18:57:58,685 [EventQueue-OpenPipelineForHealthyPipelineSafeModeRule] INFO  safemode.SCMSafeModeManager (HealthyPipelineSafeModeRule.java:process(137)) - SCM in safe mode. Healthy pipelines reported count is 0, required healthy pipeline reported count is 1
2022-08-25 18:57:58,686 [pool-95-thread-1] INFO  server.RaftServerConfigKeys (ConfUtils.java:logGet(46)) - raft.server.notification.no-leader.timeout = 300s (custom)
2022-08-25 18:57:58,686 [pool-95-thread-1] INFO  server.RaftServerConfigKeys (ConfUtils.java:logGet(46)) - raft.server.log.use.memory = false (default)
2022-08-25 18:57:58,686 [pool-95-thread-1] INFO  server.RaftServerConfigKeys (ConfUtils.java:logGet(46)) - raft.server.log.purge.gap = 1000000 (custom)
2022-08-25 18:57:58,686 [pool-95-thread-1] INFO  server.RaftServerConfigKeys (ConfUtils.java:logGet(46)) - raft.server.log.appender.buffer.byte-limit = 33554432 (custom)
2022-08-25 18:57:58,686 [pool-95-thread-1] INFO  server.RaftServerConfigKeys (ConfUtils.java:logGet(46)) - raft.server.log.statemachine.data.read.timeout = 1000ms (default)
2022-08-25 18:57:58,687 [pool-95-thread-1] INFO  server.RaftServerConfigKeys (ConfUtils.java:logGet(46)) - raft.server.log.segment.size.max = 1048576 (custom)
2022-08-25 18:57:58,687 [pool-95-thread-1] INFO  server.RaftServerConfigKeys (ConfUtils.java:logGet(46)) - raft.server.log.segment.cache.num.max = 2 (custom)
2022-08-25 18:57:58,687 [pool-95-thread-1] INFO  server.RaftServerConfigKeys (ConfUtils.java:logGet(46)) - raft.server.log.segment.cache.size.max = 200MB (=209715200) (default)
2022-08-25 18:57:58,687 [pool-95-thread-1] INFO  segmented.SegmentedRaftLogWorker (SegmentedRaftLogWorker.java:<init>(187)) - new 5330244c-9de6-4dff-8dd2-a0a85754c44f@group-7395E094D603-SegmentedRaftLogWorker for RaftStorageImpl:Storage Directory /home/runner/work/ozone/ozone/hadoop-ozone/integration-test/target/test-dir/MiniOzoneClusterImpl-518a318b-3ddf-4865-b851-646fdb0ed455/datanode-1/data/ratis/57516bdc-11a3-491e-8a60-7395e094d603
2022-08-25 18:57:58,687 [pool-95-thread-1] INFO  server.RaftServerConfigKeys (ConfUtils.java:logGet(46)) - raft.server.log.queue.byte-limit = 4294967296 (custom)
2022-08-25 18:57:58,687 [pool-95-thread-1] INFO  server.RaftServerConfigKeys (ConfUtils.java:logGet(46)) - raft.server.log.queue.element-limit = 1024 (custom)
2022-08-25 18:57:58,687 [pool-95-thread-1] INFO  server.RaftServerConfigKeys (ConfUtils.java:logGet(46)) - raft.server.log.segment.size.max = 1048576 (custom)
2022-08-25 18:57:58,687 [pool-95-thread-1] INFO  server.RaftServerConfigKeys (ConfUtils.java:logGet(46)) - raft.server.log.preallocated.size = 16384 (custom)
2022-08-25 18:57:58,687 [pool-95-thread-1] INFO  server.RaftServerConfigKeys (ConfUtils.java:logGet(46)) - raft.server.log.force.sync.num = 128 (default)
2022-08-25 18:57:58,687 [pool-95-thread-1] INFO  server.RaftServerConfigKeys (ConfUtils.java:logGet(46)) - raft.server.log.statemachine.data.sync = true (default)
2022-08-25 18:57:58,687 [pool-95-thread-1] INFO  server.RaftServerConfigKeys (ConfUtils.java:logGet(46)) - raft.server.log.statemachine.data.sync.timeout = 10s (default)
2022-08-25 18:57:58,687 [pool-95-thread-1] INFO  server.RaftServerConfigKeys (ConfUtils.java:logGet(46)) - raft.server.log.statemachine.data.sync.timeout.retry = -1 (default)
2022-08-25 18:57:58,688 [pool-95-thread-1] INFO  server.RaftServerConfigKeys (ConfUtils.java:logGet(46)) - raft.server.log.write.buffer.size = 1048576 (custom)
2022-08-25 18:57:58,689 [pool-95-thread-1] INFO  server.RaftServerConfigKeys (ConfUtils.java:logGet(46)) - raft.server.log.unsafe-flush.enabled = false (default)
2022-08-25 18:57:58,689 [pool-95-thread-1] INFO  server.RaftServerConfigKeys (ConfUtils.java:logGet(46)) - raft.server.log.statemachine.data.caching.enabled = true (custom)
2022-08-25 18:57:58,689 [pool-95-thread-1] INFO  segmented.SegmentedRaftLogWorker (SegmentedRaftLogWorker.java:lambda$new$0(135)) - 5330244c-9de6-4dff-8dd2-a0a85754c44f@group-7395E094D603-SegmentedRaftLogWorker: flushIndex: setUnconditionally 0 -> -1
2022-08-25 18:57:58,689 [pool-95-thread-1] INFO  segmented.SegmentedRaftLogWorker (SegmentedRaftLogWorker.java:lambda$new$0(135)) - 5330244c-9de6-4dff-8dd2-a0a85754c44f@group-7395E094D603-SegmentedRaftLogWorker: safeCacheEvictIndex: setUnconditionally 0 -> -1
2022-08-25 18:57:58,689 [Command processor thread] INFO  ratis.XceiverServerRatis (XceiverServerRatis.java:addGroup(765)) - Created group PipelineID=7944eebe-252c-4838-b6e0-954dc2abbccb
2022-08-25 18:57:58,689 [Command processor thread] INFO  commandhandler.CreatePipelineCommandHandler (CreatePipelineCommandHandler.java:handle(113)) - Created Pipeline RATIS ONE PipelineID=7944eebe-252c-4838-b6e0-954dc2abbccb.
2022-08-25 18:57:58,690 [pool-95-thread-1] INFO  server.RaftServerConfigKeys (ConfUtils.java:logGet(46)) - raft.server.snapshot.auto.trigger.enabled = true (custom)
2022-08-25 18:57:58,690 [pool-95-thread-1] INFO  server.RaftServerConfigKeys (ConfUtils.java:logGet(46)) - raft.server.snapshot.auto.trigger.threshold = 10000 (custom)
2022-08-25 18:57:58,690 [pool-95-thread-1] INFO  server.RaftServerConfigKeys (ConfUtils.java:logGet(46)) - raft.server.snapshot.retention.file.num = 5 (custom)
2022-08-25 18:57:58,690 [pool-95-thread-1] INFO  server.RaftServerConfigKeys (ConfUtils.java:logGet(46)) - raft.server.log.purge.upto.snapshot.index = false (default)
2022-08-25 18:57:58,690 [pool-95-thread-1] INFO  server.RaftServerConfigKeys (ConfUtils.java:logGet(46)) - raft.server.retrycache.expirytime = 600000ms (custom)
2022-08-25 18:57:58,690 [pool-95-thread-1] INFO  server.RaftServerConfigKeys (ConfUtils.java:logGet(46)) - raft.server.retrycache.statistics.expirytime = 100μs (default)
2022-08-25 18:57:58,691 [pool-95-thread-1] INFO  server.RaftServerConfigKeys (ConfUtils.java:logGet(46)) - raft.server.log.appender.install.snapshot.enabled = false (custom)
2022-08-25 18:57:58,691 [pool-95-thread-1] INFO  server.RaftServerConfigKeys (ConfUtils.java:logGet(46)) - raft.server.threadpool.server.cached = true (default)
2022-08-25 18:57:58,691 [pool-95-thread-1] INFO  server.RaftServerConfigKeys (ConfUtils.java:logGet(46)) - raft.server.threadpool.server.size = 0 (default)
2022-08-25 18:57:58,691 [pool-95-thread-1] INFO  server.RaftServerConfigKeys (ConfUtils.java:logGet(46)) - raft.server.threadpool.client.cached = true (default)
2022-08-25 18:57:58,691 [pool-95-thread-1] INFO  server.RaftServerConfigKeys (ConfUtils.java:logGet(46)) - raft.server.threadpool.client.size = 0 (default)
2022-08-25 18:57:58,691 [pool-95-thread-1] INFO  server.RaftServer$Division (RaftServerImpl.java:start(310)) - 5330244c-9de6-4dff-8dd2-a0a85754c44f@group-7395E094D603: start as a follower, conf=-1: [b35797eb-9814-4f34-911c-e7cd4b87b364|rpc:10.1.0.203:38087|priority:0, 5330244c-9de6-4dff-8dd2-a0a85754c44f|rpc:10.1.0.203:46343|priority:1, 0f092162-54fd-43f5-9541-6660c8eb28a8|rpc:10.1.0.203:41449|priority:0], old=null
2022-08-25 18:57:58,691 [pool-95-thread-1] INFO  server.RaftServer$Division (RaftServerImpl.java:setRole(299)) - 5330244c-9de6-4dff-8dd2-a0a85754c44f@group-7395E094D603: changes role from      null to FOLLOWER at term 0 for startAsFollower
2022-08-25 18:57:58,691 [pool-95-thread-1] INFO  impl.RoleInfo (RoleInfo.java:updateAndGet(139)) - 5330244c-9de6-4dff-8dd2-a0a85754c44f: start 5330244c-9de6-4dff-8dd2-a0a85754c44f@group-7395E094D603-FollowerState
2022-08-25 18:57:58,693 [pool-95-thread-1] INFO  util.JmxRegister (JmxRegister.java:tryRegister(44)) - Successfully registered JMX Bean with object name Ratis:service=RaftServer,group=group-7395E094D603,id=5330244c-9de6-4dff-8dd2-a0a85754c44f
2022-08-25 18:57:58,694 [Command processor thread] INFO  ratis.XceiverServerRatis (XceiverServerRatis.java:addGroup(765)) - Created group PipelineID=57516bdc-11a3-491e-8a60-7395e094d603
2022-08-25 18:57:58,728 [Command processor thread] INFO  commandhandler.CreatePipelineCommandHandler (CreatePipelineCommandHandler.java:handle(113)) - Created Pipeline RATIS THREE PipelineID=57516bdc-11a3-491e-8a60-7395e094d603.
2022-08-25 18:57:58,749 [Command processor thread] INFO  commandhandler.CreatePipelineCommandHandler (CreatePipelineCommandHandler.java:handle(113)) - Created Pipeline RATIS THREE PipelineID=57516bdc-11a3-491e-8a60-7395e094d603.
2022-08-25 18:57:59,637 [Listener at 127.0.0.1/37469] INFO  ozone.MiniOzoneClusterImpl (MiniOzoneClusterImpl.java:lambda$waitForClusterToBeReady$0(216)) - Nodes are ready. Got 3 of 3 DN Heartbeats.
2022-08-25 18:57:59,637 [Listener at 127.0.0.1/37469] INFO  ozone.MiniOzoneClusterImpl (MiniOzoneClusterImpl.java:lambda$waitForClusterToBeReady$0(219)) - Waiting for cluster to exit safe mode
2022-08-25 18:57:59,638 [Listener at 127.0.0.1/37469] INFO  ozone.MiniOzoneClusterImpl (MiniOzoneClusterImpl.java:lambda$waitForClusterToBeReady$0(221)) - SCM became leader
2022-08-25 18:58:00,638 [Listener at 127.0.0.1/37469] INFO  ozone.MiniOzoneClusterImpl (MiniOzoneClusterImpl.java:lambda$waitForClusterToBeReady$0(216)) - Nodes are ready. Got 3 of 3 DN Heartbeats.
2022-08-25 18:58:00,638 [Listener at 127.0.0.1/37469] INFO  ozone.MiniOzoneClusterImpl (MiniOzoneClusterImpl.java:lambda$waitForClusterToBeReady$0(219)) - Waiting for cluster to exit safe mode
2022-08-25 18:58:00,638 [Listener at 127.0.0.1/37469] INFO  ozone.MiniOzoneClusterImpl (MiniOzoneClusterImpl.java:lambda$waitForClusterToBeReady$0(221)) - SCM became leader
2022-08-25 18:58:01,639 [Listener at 127.0.0.1/37469] INFO  ozone.MiniOzoneClusterImpl (MiniOzoneClusterImpl.java:lambda$waitForClusterToBeReady$0(216)) - Nodes are ready. Got 3 of 3 DN Heartbeats.
2022-08-25 18:58:01,639 [Listener at 127.0.0.1/37469] INFO  ozone.MiniOzoneClusterImpl (MiniOzoneClusterImpl.java:lambda$waitForClusterToBeReady$0(219)) - Waiting for cluster to exit safe mode
2022-08-25 18:58:01,639 [Listener at 127.0.0.1/37469] INFO  ozone.MiniOzoneClusterImpl (MiniOzoneClusterImpl.java:lambda$waitForClusterToBeReady$0(221)) - SCM became leader
2022-08-25 18:58:02,639 [Listener at 127.0.0.1/37469] INFO  ozone.MiniOzoneClusterImpl (MiniOzoneClusterImpl.java:lambda$waitForClusterToBeReady$0(216)) - Nodes are ready. Got 3 of 3 DN Heartbeats.
2022-08-25 18:58:02,640 [Listener at 127.0.0.1/37469] INFO  ozone.MiniOzoneClusterImpl (MiniOzoneClusterImpl.java:lambda$waitForClusterToBeReady$0(219)) - Waiting for cluster to exit safe mode
2022-08-25 18:58:02,640 [Listener at 127.0.0.1/37469] INFO  ozone.MiniOzoneClusterImpl (MiniOzoneClusterImpl.java:lambda$waitForClusterToBeReady$0(221)) - SCM became leader
2022-08-25 18:58:02,864 [0f092162-54fd-43f5-9541-6660c8eb28a8@group-32EF543A01B9-FollowerState] INFO  impl.FollowerState (FollowerState.java:run(143)) - 0f092162-54fd-43f5-9541-6660c8eb28a8@group-32EF543A01B9-FollowerState: change to CANDIDATE, lastRpcElapsedTime:5090923323ns, electionTimeout:5086ms
2022-08-25 18:58:02,864 [0f092162-54fd-43f5-9541-6660c8eb28a8@group-32EF543A01B9-FollowerState] INFO  impl.RoleInfo (RoleInfo.java:shutdownFollowerState(110)) - 0f092162-54fd-43f5-9541-6660c8eb28a8: shutdown 0f092162-54fd-43f5-9541-6660c8eb28a8@group-32EF543A01B9-FollowerState
2022-08-25 18:58:02,864 [0f092162-54fd-43f5-9541-6660c8eb28a8@group-32EF543A01B9-FollowerState] INFO  server.RaftServer$Division (RaftServerImpl.java:setRole(299)) - 0f092162-54fd-43f5-9541-6660c8eb28a8@group-32EF543A01B9: changes role from  FOLLOWER to CANDIDATE at term 0 for changeToCandidate
2022-08-25 18:58:02,864 [0f092162-54fd-43f5-9541-6660c8eb28a8@group-32EF543A01B9-FollowerState] INFO  server.RaftServerConfigKeys (ConfUtils.java:logGet(46)) - raft.server.leaderelection.pre-vote = false (custom)
2022-08-25 18:58:02,864 [0f092162-54fd-43f5-9541-6660c8eb28a8@group-32EF543A01B9-FollowerState] INFO  impl.RoleInfo (RoleInfo.java:updateAndGet(139)) - 0f092162-54fd-43f5-9541-6660c8eb28a8: start 0f092162-54fd-43f5-9541-6660c8eb28a8@group-32EF543A01B9-LeaderElection2
2022-08-25 18:58:02,869 [0f092162-54fd-43f5-9541-6660c8eb28a8@group-32EF543A01B9-LeaderElection2] INFO  impl.LeaderElection (LeaderElection.java:askForVotes(310)) - 0f092162-54fd-43f5-9541-6660c8eb28a8@group-32EF543A01B9-LeaderElection2 ELECTION round 0: submit vote requests at term 1 for -1: [0f092162-54fd-43f5-9541-6660c8eb28a8|rpc:10.1.0.203:41449|priority:1], old=null
2022-08-25 18:58:02,869 [0f092162-54fd-43f5-9541-6660c8eb28a8@group-32EF543A01B9-LeaderElection2] INFO  impl.LeaderElection (LeaderElection.java:askForVotes(312)) - 0f092162-54fd-43f5-9541-6660c8eb28a8@group-32EF543A01B9-LeaderElection2 ELECTION round 0: result PASSED (term=1)
2022-08-25 18:58:02,870 [0f092162-54fd-43f5-9541-6660c8eb28a8@group-32EF543A01B9-LeaderElection2] INFO  impl.RoleInfo (RoleInfo.java:shutdownLeaderElection(130)) - 0f092162-54fd-43f5-9541-6660c8eb28a8: shutdown 0f092162-54fd-43f5-9541-6660c8eb28a8@group-32EF543A01B9-LeaderElection2
2022-08-25 18:58:02,870 [0f092162-54fd-43f5-9541-6660c8eb28a8@group-32EF543A01B9-LeaderElection2] INFO  server.RaftServer$Division (RaftServerImpl.java:setRole(299)) - 0f092162-54fd-43f5-9541-6660c8eb28a8@group-32EF543A01B9: changes role from CANDIDATE to LEADER at term 1 for changeToLeader
2022-08-25 18:58:02,870 [0f092162-54fd-43f5-9541-6660c8eb28a8@group-32EF543A01B9-LeaderElection2] INFO  ratis.XceiverServerRatis (XceiverServerRatis.java:handleLeaderChangedNotification(863)) - Leader change notification received for group: group-32EF543A01B9 with new leaderId: 0f092162-54fd-43f5-9541-6660c8eb28a8
2022-08-25 18:58:02,870 [0f092162-54fd-43f5-9541-6660c8eb28a8@group-32EF543A01B9-LeaderElection2] INFO  server.RaftServer$Division (ServerState.java:setLeader(287)) - 0f092162-54fd-43f5-9541-6660c8eb28a8@group-32EF543A01B9: change Leader from null to 0f092162-54fd-43f5-9541-6660c8eb28a8 at term 1 for becomeLeader, leader elected after 5106ms
2022-08-25 18:58:02,870 [0f092162-54fd-43f5-9541-6660c8eb28a8@group-32EF543A01B9-LeaderElection2] INFO  server.RaftServerConfigKeys (ConfUtils.java:logGet(46)) - raft.server.staging.catchup.gap = 1000 (default)
2022-08-25 18:58:02,871 [0f092162-54fd-43f5-9541-6660c8eb28a8@group-32EF543A01B9-LeaderElection2] INFO  server.RaftServerConfigKeys (ConfUtils.java:logGet(46)) - raft.server.write.element-limit = 1024 (custom)
2022-08-25 18:58:02,872 [0f092162-54fd-43f5-9541-6660c8eb28a8@group-32EF543A01B9-LeaderElection2] INFO  server.RaftServerConfigKeys (ConfUtils.java:logGet(46)) - raft.server.write.byte-limit = 1024 M (=1073741824) (custom)
2022-08-25 18:58:02,873 [EventQueue-OpenPipelineForHealthyPipelineSafeModeRule] INFO  safemode.SCMSafeModeManager (HealthyPipelineSafeModeRule.java:process(137)) - SCM in safe mode. Healthy pipelines reported count is 0, required healthy pipeline reported count is 1
2022-08-25 18:58:02,873 [0f092162-54fd-43f5-9541-6660c8eb28a8@group-32EF543A01B9-LeaderElection2] INFO  server.RaftServerConfigKeys (ConfUtils.java:logGet(46)) - raft.server.watch.timeout = 180s (custom)
2022-08-25 18:58:02,873 [0f092162-54fd-43f5-9541-6660c8eb28a8@group-32EF543A01B9-LeaderElection2] INFO  server.RaftServerConfigKeys (ConfUtils.java:logGet(46)) - raft.server.watch.timeout.denomination = 1s (default)
2022-08-25 18:58:02,873 [0f092162-54fd-43f5-9541-6660c8eb28a8@group-32EF543A01B9-LeaderElection2] INFO  server.RaftServerConfigKeys (ConfUtils.java:logGet(46)) - raft.server.watch.element-limit = 65536 (default)
2022-08-25 18:58:02,874 [0f092162-54fd-43f5-9541-6660c8eb28a8@group-32EF543A01B9-LeaderElection2] INFO  server.RaftServerConfigKeys (ConfUtils.java:logGet(46)) - raft.server.write.element-limit = 1024 (custom)
2022-08-25 18:58:02,874 [0f092162-54fd-43f5-9541-6660c8eb28a8@group-32EF543A01B9-LeaderElection2] INFO  server.RaftServerConfigKeys (ConfUtils.java:logGet(46)) - raft.server.write.follower.gap.ratio.max = -1.0 (default)
2022-08-25 18:58:02,874 [0f092162-54fd-43f5-9541-6660c8eb28a8@group-32EF543A01B9-LeaderElection2] INFO  impl.RoleInfo (RoleInfo.java:updateAndGet(139)) - 0f092162-54fd-43f5-9541-6660c8eb28a8: start 0f092162-54fd-43f5-9541-6660c8eb28a8@group-32EF543A01B9-LeaderStateImpl
2022-08-25 18:58:02,874 [0f092162-54fd-43f5-9541-6660c8eb28a8@group-32EF543A01B9-LeaderElection2] INFO  segmented.SegmentedRaftLogWorker (SegmentedRaftLogWorker.java:startLogSegment(425)) - 0f092162-54fd-43f5-9541-6660c8eb28a8@group-32EF543A01B9-SegmentedRaftLogWorker: Starting segment from index:0
2022-08-25 18:58:02,875 [0f092162-54fd-43f5-9541-6660c8eb28a8@group-32EF543A01B9-SegmentedRaftLogWorker] INFO  segmented.SegmentedRaftLogWorker (SegmentedRaftLogWorker.java:execute(629)) - 0f092162-54fd-43f5-9541-6660c8eb28a8@group-32EF543A01B9-SegmentedRaftLogWorker: created new log segment /home/runner/work/ozone/ozone/hadoop-ozone/integration-test/target/test-dir/MiniOzoneClusterImpl-518a318b-3ddf-4865-b851-646fdb0ed455/datanode-0/data/ratis/67cbdaef-6ff9-4026-9428-32ef543a01b9/current/log_inprogress_0
2022-08-25 18:58:02,878 [0f092162-54fd-43f5-9541-6660c8eb28a8@group-32EF543A01B9-LeaderElection2] INFO  server.RaftServer$Division (ServerState.java:setRaftConf(393)) - 0f092162-54fd-43f5-9541-6660c8eb28a8@group-32EF543A01B9: set configuration 0: [0f092162-54fd-43f5-9541-6660c8eb28a8|rpc:10.1.0.203:41449|dataStream:|priority:1], old=null
2022-08-25 18:58:02,933 [0f092162-54fd-43f5-9541-6660c8eb28a8@group-ABD2FB1FB5B1-FollowerState] INFO  impl.FollowerState (FollowerState.java:run(143)) - 0f092162-54fd-43f5-9541-6660c8eb28a8@group-ABD2FB1FB5B1-FollowerState: change to CANDIDATE, lastRpcElapsedTime:5126433984ns, electionTimeout:5120ms
2022-08-25 18:58:02,934 [0f092162-54fd-43f5-9541-6660c8eb28a8@group-ABD2FB1FB5B1-FollowerState] INFO  impl.RoleInfo (RoleInfo.java:shutdownFollowerState(110)) - 0f092162-54fd-43f5-9541-6660c8eb28a8: shutdown 0f092162-54fd-43f5-9541-6660c8eb28a8@group-ABD2FB1FB5B1-FollowerState
2022-08-25 18:58:02,935 [0f092162-54fd-43f5-9541-6660c8eb28a8@group-ABD2FB1FB5B1-FollowerState] INFO  server.RaftServer$Division (RaftServerImpl.java:setRole(299)) - 0f092162-54fd-43f5-9541-6660c8eb28a8@group-ABD2FB1FB5B1: changes role from  FOLLOWER to CANDIDATE at term 0 for changeToCandidate
2022-08-25 18:58:02,935 [0f092162-54fd-43f5-9541-6660c8eb28a8@group-ABD2FB1FB5B1-FollowerState] INFO  server.RaftServerConfigKeys (ConfUtils.java:logGet(46)) - raft.server.leaderelection.pre-vote = false (custom)
2022-08-25 18:58:02,935 [0f092162-54fd-43f5-9541-6660c8eb28a8@group-ABD2FB1FB5B1-FollowerState] INFO  impl.RoleInfo (RoleInfo.java:updateAndGet(139)) - 0f092162-54fd-43f5-9541-6660c8eb28a8: start 0f092162-54fd-43f5-9541-6660c8eb28a8@group-ABD2FB1FB5B1-LeaderElection3
2022-08-25 18:58:02,938 [0f092162-54fd-43f5-9541-6660c8eb28a8@group-ABD2FB1FB5B1-LeaderElection3] INFO  impl.LeaderElection (LeaderElection.java:askForVotes(310)) - 0f092162-54fd-43f5-9541-6660c8eb28a8@group-ABD2FB1FB5B1-LeaderElection3 ELECTION round 0: submit vote requests at term 1 for -1: [5330244c-9de6-4dff-8dd2-a0a85754c44f|rpc:10.1.0.203:46343|priority:0, b35797eb-9814-4f34-911c-e7cd4b87b364|rpc:10.1.0.203:38087|priority:0, 0f092162-54fd-43f5-9541-6660c8eb28a8|rpc:10.1.0.203:41449|priority:1], old=null
2022-08-25 18:58:02,958 [grpc-default-executor-1] INFO  server.RaftServer$Division (RaftServerImpl.java:requestVote(1152)) - 5330244c-9de6-4dff-8dd2-a0a85754c44f@group-ABD2FB1FB5B1: receive requestVote(ELECTION, 0f092162-54fd-43f5-9541-6660c8eb28a8, group-ABD2FB1FB5B1, 1, (t:0, i:0))
2022-08-25 18:58:02,960 [grpc-default-executor-1] INFO  impl.VoteContext (VoteContext.java:log(48)) - 5330244c-9de6-4dff-8dd2-a0a85754c44f@group-ABD2FB1FB5B1-FOLLOWER: accept ELECTION from 0f092162-54fd-43f5-9541-6660c8eb28a8: our priority 0 <= candidate's priority 1
2022-08-25 18:58:02,961 [grpc-default-executor-1] INFO  server.RaftServer$Division (RaftServerImpl.java:setRole(299)) - 5330244c-9de6-4dff-8dd2-a0a85754c44f@group-ABD2FB1FB5B1: changes role from  FOLLOWER to FOLLOWER at term 1 for candidate:0f092162-54fd-43f5-9541-6660c8eb28a8
2022-08-25 18:58:02,961 [grpc-default-executor-1] INFO  impl.RoleInfo (RoleInfo.java:shutdownFollowerState(110)) - 5330244c-9de6-4dff-8dd2-a0a85754c44f: shutdown 5330244c-9de6-4dff-8dd2-a0a85754c44f@group-ABD2FB1FB5B1-FollowerState
2022-08-25 18:58:02,961 [5330244c-9de6-4dff-8dd2-a0a85754c44f@group-ABD2FB1FB5B1-FollowerState] INFO  impl.FollowerState (FollowerState.java:run(152)) - 5330244c-9de6-4dff-8dd2-a0a85754c44f@group-ABD2FB1FB5B1-FollowerState was interrupted
2022-08-25 18:58:02,961 [grpc-default-executor-1] INFO  impl.RoleInfo (RoleInfo.java:updateAndGet(139)) - 5330244c-9de6-4dff-8dd2-a0a85754c44f: start 5330244c-9de6-4dff-8dd2-a0a85754c44f@group-ABD2FB1FB5B1-FollowerState
2022-08-25 18:58:02,977 [grpc-default-executor-1] INFO  server.RaftServer$Division (RaftServerImpl.java:requestVote(1184)) - 5330244c-9de6-4dff-8dd2-a0a85754c44f@group-ABD2FB1FB5B1 replies to ELECTION vote request: 0f092162-54fd-43f5-9541-6660c8eb28a8<-5330244c-9de6-4dff-8dd2-a0a85754c44f#0:OK-t1. Peer's state: 5330244c-9de6-4dff-8dd2-a0a85754c44f@group-ABD2FB1FB5B1:t1, leader=null, voted=0f092162-54fd-43f5-9541-6660c8eb28a8, raftlog=5330244c-9de6-4dff-8dd2-a0a85754c44f@group-ABD2FB1FB5B1-SegmentedRaftLog:OPENED:c-1, conf=-1: [5330244c-9de6-4dff-8dd2-a0a85754c44f|rpc:10.1.0.203:46343|priority:0, b35797eb-9814-4f34-911c-e7cd4b87b364|rpc:10.1.0.203:38087|priority:0, 0f092162-54fd-43f5-9541-6660c8eb28a8|rpc:10.1.0.203:41449|priority:1], old=null
2022-08-25 18:58:02,981 [grpc-default-executor-0] INFO  server.RaftServer$Division (RaftServerImpl.java:requestVote(1152)) - b35797eb-9814-4f34-911c-e7cd4b87b364@group-ABD2FB1FB5B1: receive requestVote(ELECTION, 0f092162-54fd-43f5-9541-6660c8eb28a8, group-ABD2FB1FB5B1, 1, (t:0, i:0))
2022-08-25 18:58:02,981 [grpc-default-executor-0] INFO  impl.VoteContext (VoteContext.java:log(48)) - b35797eb-9814-4f34-911c-e7cd4b87b364@group-ABD2FB1FB5B1-FOLLOWER: accept ELECTION from 0f092162-54fd-43f5-9541-6660c8eb28a8: our priority 0 <= candidate's priority 1
2022-08-25 18:58:02,981 [grpc-default-executor-0] INFO  server.RaftServer$Division (RaftServerImpl.java:setRole(299)) - b35797eb-9814-4f34-911c-e7cd4b87b364@group-ABD2FB1FB5B1: changes role from  FOLLOWER to FOLLOWER at term 1 for candidate:0f092162-54fd-43f5-9541-6660c8eb28a8
2022-08-25 18:58:02,981 [grpc-default-executor-0] INFO  impl.RoleInfo (RoleInfo.java:shutdownFollowerState(110)) - b35797eb-9814-4f34-911c-e7cd4b87b364: shutdown b35797eb-9814-4f34-911c-e7cd4b87b364@group-ABD2FB1FB5B1-FollowerState
2022-08-25 18:58:02,981 [grpc-default-executor-0] INFO  impl.RoleInfo (RoleInfo.java:updateAndGet(139)) - b35797eb-9814-4f34-911c-e7cd4b87b364: start b35797eb-9814-4f34-911c-e7cd4b87b364@group-ABD2FB1FB5B1-FollowerState
2022-08-25 18:58:02,981 [b35797eb-9814-4f34-911c-e7cd4b87b364@group-ABD2FB1FB5B1-FollowerState] INFO  impl.FollowerState (FollowerState.java:run(152)) - b35797eb-9814-4f34-911c-e7cd4b87b364@group-ABD2FB1FB5B1-FollowerState was interrupted
2022-08-25 18:58:02,992 [0f092162-54fd-43f5-9541-6660c8eb28a8@group-ABD2FB1FB5B1-LeaderElection3] INFO  impl.LeaderElection (LeaderElection.java:logAndReturn(90)) - 0f092162-54fd-43f5-9541-6660c8eb28a8@group-ABD2FB1FB5B1-LeaderElection3: ELECTION PASSED received 1 response(s) and 0 exception(s):
2022-08-25 18:58:02,992 [0f092162-54fd-43f5-9541-6660c8eb28a8@group-ABD2FB1FB5B1-LeaderElection3] INFO  impl.LeaderElection (LeaderElection.java:logAndReturn(94)) -   Response 0: 0f092162-54fd-43f5-9541-6660c8eb28a8<-5330244c-9de6-4dff-8dd2-a0a85754c44f#0:OK-t1
2022-08-25 18:58:02,992 [0f092162-54fd-43f5-9541-6660c8eb28a8@group-ABD2FB1FB5B1-LeaderElection3] INFO  impl.LeaderElection (LeaderElection.java:askForVotes(312)) - 0f092162-54fd-43f5-9541-6660c8eb28a8@group-ABD2FB1FB5B1-LeaderElection3 ELECTION round 0: result PASSED
2022-08-25 18:58:02,992 [0f092162-54fd-43f5-9541-6660c8eb28a8@group-ABD2FB1FB5B1-LeaderElection3] INFO  impl.RoleInfo (RoleInfo.java:shutdownLeaderElection(130)) - 0f092162-54fd-43f5-9541-6660c8eb28a8: shutdown 0f092162-54fd-43f5-9541-6660c8eb28a8@group-ABD2FB1FB5B1-LeaderElection3
2022-08-25 18:58:02,992 [0f092162-54fd-43f5-9541-6660c8eb28a8@group-ABD2FB1FB5B1-LeaderElection3] INFO  server.RaftServer$Division (RaftServerImpl.java:setRole(299)) - 0f092162-54fd-43f5-9541-6660c8eb28a8@group-ABD2FB1FB5B1: changes role from CANDIDATE to LEADER at term 1 for changeToLeader
2022-08-25 18:58:02,992 [0f092162-54fd-43f5-9541-6660c8eb28a8@group-ABD2FB1FB5B1-LeaderElection3] INFO  ratis.XceiverServerRatis (XceiverServerRatis.java:handleLeaderChangedNotification(863)) - Leader change notification received for group: group-ABD2FB1FB5B1 with new leaderId: 0f092162-54fd-43f5-9541-6660c8eb28a8
2022-08-25 18:58:02,993 [0f092162-54fd-43f5-9541-6660c8eb28a8@group-ABD2FB1FB5B1-LeaderElection3] INFO  server.RaftServer$Division (ServerState.java:setLeader(287)) - 0f092162-54fd-43f5-9541-6660c8eb28a8@group-ABD2FB1FB5B1: change Leader from null to 0f092162-54fd-43f5-9541-6660c8eb28a8 at term 1 for becomeLeader, leader elected after 5192ms
2022-08-25 18:58:02,993 [0f092162-54fd-43f5-9541-6660c8eb28a8@group-ABD2FB1FB5B1-LeaderElection3] INFO  server.RaftServerConfigKeys (ConfUtils.java:logGet(46)) - raft.server.staging.catchup.gap = 1000 (default)
2022-08-25 18:58:02,993 [0f092162-54fd-43f5-9541-6660c8eb28a8@group-ABD2FB1FB5B1-LeaderElection3] INFO  server.RaftServerConfigKeys (ConfUtils.java:logGet(46)) - raft.server.write.element-limit = 1024 (custom)
2022-08-25 18:58:02,993 [0f092162-54fd-43f5-9541-6660c8eb28a8@group-ABD2FB1FB5B1-LeaderElection3] INFO  server.RaftServerConfigKeys (ConfUtils.java:logGet(46)) - raft.server.write.byte-limit = 1024 M (=1073741824) (custom)
2022-08-25 18:58:02,993 [0f092162-54fd-43f5-9541-6660c8eb28a8@group-ABD2FB1FB5B1-LeaderElection3] INFO  server.RaftServerConfigKeys (ConfUtils.java:logGet(46)) - raft.server.watch.timeout = 180s (custom)
2022-08-25 18:58:02,993 [0f092162-54fd-43f5-9541-6660c8eb28a8@group-ABD2FB1FB5B1-LeaderElection3] INFO  server.RaftServerConfigKeys (ConfUtils.java:logGet(46)) - raft.server.watch.timeout.denomination = 1s (default)
2022-08-25 18:58:02,993 [0f092162-54fd-43f5-9541-6660c8eb28a8@group-ABD2FB1FB5B1-LeaderElection3] INFO  server.RaftServerConfigKeys (ConfUtils.java:logGet(46)) - raft.server.watch.element-limit = 65536 (default)
2022-08-25 18:58:02,993 [0f092162-54fd-43f5-9541-6660c8eb28a8@group-ABD2FB1FB5B1-LeaderElection3] INFO  server.RaftServerConfigKeys (ConfUtils.java:logGet(46)) - raft.server.write.element-limit = 1024 (custom)
2022-08-25 18:58:02,994 [0f092162-54fd-43f5-9541-6660c8eb28a8@group-ABD2FB1FB5B1-LeaderElection3] INFO  server.RaftServerConfigKeys (ConfUtils.java:logGet(46)) - raft.server.write.follower.gap.ratio.max = -1.0 (default)
2022-08-25 18:58:02,990 [grpc-default-executor-0] INFO  server.RaftServer$Division (RaftServerImpl.java:requestVote(1184)) - b35797eb-9814-4f34-911c-e7cd4b87b364@group-ABD2FB1FB5B1 replies to ELECTION vote request: 0f092162-54fd-43f5-9541-6660c8eb28a8<-b35797eb-9814-4f34-911c-e7cd4b87b364#0:OK-t1. Peer's state: b35797eb-9814-4f34-911c-e7cd4b87b364@group-ABD2FB1FB5B1:t1, leader=null, voted=0f092162-54fd-43f5-9541-6660c8eb28a8, raftlog=b35797eb-9814-4f34-911c-e7cd4b87b364@group-ABD2FB1FB5B1-SegmentedRaftLog:OPENED:c-1, conf=-1: [5330244c-9de6-4dff-8dd2-a0a85754c44f|rpc:10.1.0.203:46343|dataStream:|priority:0, b35797eb-9814-4f34-911c-e7cd4b87b364|rpc:10.1.0.203:38087|dataStream:|priority:0, 0f092162-54fd-43f5-9541-6660c8eb28a8|rpc:10.1.0.203:41449|dataStream:|priority:1], old=null
2022-08-25 18:58:03,006 [0f092162-54fd-43f5-9541-6660c8eb28a8@group-ABD2FB1FB5B1-LeaderElection3] INFO  server.RaftServerConfigKeys (ConfUtils.java:logGet(46)) - raft.server.log.appender.snapshot.chunk.size.max = 16MB (=16777216) (default)
2022-08-25 18:58:03,006 [EventQueue-PipelineReportForPipelineReportHandler] INFO  pipeline.PipelineManagerImpl (PipelineManagerImpl.java:openPipeline(367)) - Pipeline Pipeline[ Id: 79e14743-4793-46ee-ba38-abd2fb1fb5b1, Nodes: 5330244c-9de6-4dff-8dd2-a0a85754c44f{ip: 10.1.0.203, host: fv-az204-2.d0ggoinxmwcejgojbuqly40l0e.cx.internal.cloudapp.net, ports: [REPLICATION=40455, RATIS=46343, RATIS_ADMIN=46343, RATIS_SERVER=46343, STANDALONE=38621], networkLocation: /default-rack, certSerialId: null, persistedOpState: IN_SERVICE, persistedOpStateExpiryEpochSec: 0}b35797eb-9814-4f34-911c-e7cd4b87b364{ip: 10.1.0.203, host: fv-az204-2.d0ggoinxmwcejgojbuqly40l0e.cx.internal.cloudapp.net, ports: [REPLICATION=36023, RATIS=38087, RATIS_ADMIN=38087, RATIS_SERVER=38087, STANDALONE=40605], networkLocation: /default-rack, certSerialId: null, persistedOpState: IN_SERVICE, persistedOpStateExpiryEpochSec: 0}0f092162-54fd-43f5-9541-6660c8eb28a8{ip: 10.1.0.203, host: fv-az204-2.d0ggoinxmwcejgojbuqly40l0e.cx.internal.cloudapp.net, ports: [REPLICATION=44913, RATIS=41449, RATIS_ADMIN=41449, RATIS_SERVER=41449, STANDALONE=38021], networkLocation: /default-rack, certSerialId: null, persistedOpState: IN_SERVICE, persistedOpStateExpiryEpochSec: 0}, ReplicationConfig: RATIS/THREE, State:ALLOCATED, leaderId:0f092162-54fd-43f5-9541-6660c8eb28a8, CreationTimestamp2022-08-25T18:57:55.654Z[Etc/UTC]] moved to OPEN state
2022-08-25 18:58:03,008 [EventQueue-OpenPipelineForHealthyPipelineSafeModeRule] INFO  safemode.SCMSafeModeManager (HealthyPipelineSafeModeRule.java:process(137)) - SCM in safe mode. Healthy pipelines reported count is 1, required healthy pipeline reported count is 1
2022-08-25 18:58:03,008 [EventQueue-OpenPipelineForHealthyPipelineSafeModeRule] INFO  safemode.SCMSafeModeManager (SCMSafeModeManager.java:validateSafeModeExitRules(204)) - HealthyPipelineSafeModeRule rule is successfully validated
2022-08-25 18:58:03,008 [EventQueue-OpenPipelineForHealthyPipelineSafeModeRule] INFO  safemode.SCMSafeModeManager (SCMSafeModeManager.java:validateSafeModeExitRules(219)) - ScmSafeModeManager, all rules are successfully validated
2022-08-25 18:58:03,008 [EventQueue-OpenPipelineForHealthyPipelineSafeModeRule] INFO  safemode.SCMSafeModeManager (SCMSafeModeManager.java:exitSafeMode(248)) - SCM exiting safe mode.
2022-08-25 18:58:03,008 [EventQueue-OpenPipelineForHealthyPipelineSafeModeRule] WARN  events.EventQueue (EventQueue.java:fireEvent(216)) - No event handler registered for event TypedEvent{payloadType=SafeModeStatus, name='Safe mode status'}
2022-08-25 18:58:03,008 [EventQueue-OpenPipelineForHealthyPipelineSafeModeRule] INFO  ha.SCMContext (SCMContext.java:updateSafeModeStatus(228)) - Update SafeModeStatus from SafeModeStatus{safeModeStatus=true, preCheckPassed=true} to SafeModeStatus{safeModeStatus=false, preCheckPassed=true}.
2022-08-25 18:58:03,008 [EventQueue-OpenPipelineForHealthyPipelineSafeModeRule] INFO  pipeline.BackgroundPipelineCreator (BackgroundPipelineCreator.java:notifyStatusChanged(254)) - Service BackgroundPipelineCreator transitions to RUNNING.
2022-08-25 18:58:03,008 [EventQueue-OpenPipelineForHealthyPipelineSafeModeRule] INFO  BackgroundPipelineScrubber (BackgroundSCMService.java:notifyStatusChanged(82)) - Service BackgroundPipelineScrubber transitions to RUNNING.
2022-08-25 18:58:03,008 [EventQueue-OpenPipelineForHealthyPipelineSafeModeRule] INFO  ExpiredContainerReplicaOpScrubber (BackgroundSCMService.java:notifyStatusChanged(82)) - Service ExpiredContainerReplicaOpScrubber transitions to RUNNING.
2022-08-25 18:58:03,008 [EventQueue-OpenPipelineForHealthyPipelineSafeModeRule] INFO  UnderReplicatedQueueThread (BackgroundSCMService.java:notifyStatusChanged(82)) - Service UnderReplicatedQueueThread transitions to RUNNING.
2022-08-25 18:58:03,009 [EventQueue-OpenPipelineForHealthyPipelineSafeModeRule] INFO  OverReplicatedQueueThread (BackgroundSCMService.java:notifyStatusChanged(82)) - Service OverReplicatedQueueThread transitions to RUNNING.
2022-08-25 18:58:03,009 [EventQueue-OpenPipelineForHealthyPipelineSafeModeRule] INFO  replication.ReplicationManager (ReplicationManager.java:notifyStatusChanged(719)) - Service ReplicationManager transitions to RUNNING.
2022-08-25 18:58:03,006 [0f092162-54fd-43f5-9541-6660c8eb28a8@group-ABD2FB1FB5B1-LeaderElection3] INFO  server.RaftServerConfigKeys (ConfUtils.java:logGet(46)) - raft.server.log.appender.buffer.byte-limit = 33554432 (custom)
2022-08-25 18:58:03,013 [EventQueue-OpenPipelineForHealthyPipelineSafeModeRule] WARN  balancer.ContainerBalancer (ContainerBalancer.java:shouldRun(925)) - Could not find persisted configuration for ContainerBalancer when checking if ContainerBalancer should run. ContainerBalancer should not run now.
2022-08-25 18:58:03,013 [0f092162-54fd-43f5-9541-6660c8eb28a8@group-ABD2FB1FB5B1-LeaderElection3] INFO  server.RaftServerConfigKeys (ConfUtils.java:logGet(46)) - raft.server.log.appender.buffer.element-limit = 1 (custom)
2022-08-25 18:58:03,016 [0f092162-54fd-43f5-9541-6660c8eb28a8@group-ABD2FB1FB5B1-LeaderElection3] INFO  grpc.GrpcConfigKeys (ConfUtils.java:logGet(46)) - raft.grpc.server.leader.outstanding.appends.max = 128 (default)
2022-08-25 18:58:03,016 [0f092162-54fd-43f5-9541-6660c8eb28a8@group-ABD2FB1FB5B1-LeaderElection3] INFO  server.RaftServerConfigKeys (ConfUtils.java:logGet(46)) - raft.server.rpc.request.timeout = 60s (custom)
2022-08-25 18:58:03,016 [0f092162-54fd-43f5-9541-6660c8eb28a8@group-ABD2FB1FB5B1-LeaderElection3] INFO  server.RaftServerConfigKeys (ConfUtils.java:logGet(46)) - raft.server.log.appender.install.snapshot.enabled = false (custom)
2022-08-25 18:58:03,018 [0f092162-54fd-43f5-9541-6660c8eb28a8@group-ABD2FB1FB5B1-LeaderElection3] INFO  server.RaftServerConfigKeys (ConfUtils.java:logGet(46)) - raft.server.log.appender.snapshot.chunk.size.max = 16MB (=16777216) (default)
2022-08-25 18:58:03,020 [0f092162-54fd-43f5-9541-6660c8eb28a8@group-ABD2FB1FB5B1-LeaderElection3] INFO  server.RaftServerConfigKeys (ConfUtils.java:logGet(46)) - raft.server.log.appender.buffer.byte-limit = 33554432 (custom)
2022-08-25 18:58:03,020 [0f092162-54fd-43f5-9541-6660c8eb28a8@group-ABD2FB1FB5B1-LeaderElection3] INFO  server.RaftServerConfigKeys (ConfUtils.java:logGet(46)) - raft.server.log.appender.buffer.element-limit = 1 (custom)
2022-08-25 18:58:03,020 [0f092162-54fd-43f5-9541-6660c8eb28a8@group-ABD2FB1FB5B1-LeaderElection3] INFO  grpc.GrpcConfigKeys (ConfUtils.java:logGet(46)) - raft.grpc.server.leader.outstanding.appends.max = 128 (default)
2022-08-25 18:58:03,020 [0f092162-54fd-43f5-9541-6660c8eb28a8@group-ABD2FB1FB5B1-LeaderElection3] INFO  server.RaftServerConfigKeys (ConfUtils.java:logGet(46)) - raft.server.rpc.request.timeout = 60s (custom)
2022-08-25 18:58:03,021 [0f092162-54fd-43f5-9541-6660c8eb28a8@group-ABD2FB1FB5B1-LeaderElection3] INFO  server.RaftServerConfigKeys (ConfUtils.java:logGet(46)) - raft.server.log.appender.install.snapshot.enabled = false (custom)
2022-08-25 18:58:03,021 [0f092162-54fd-43f5-9541-6660c8eb28a8@group-ABD2FB1FB5B1-LeaderElection3] INFO  impl.RoleInfo (RoleInfo.java:updateAndGet(139)) - 0f092162-54fd-43f5-9541-6660c8eb28a8: start 0f092162-54fd-43f5-9541-6660c8eb28a8@group-ABD2FB1FB5B1-LeaderStateImpl
2022-08-25 18:58:03,022 [0f092162-54fd-43f5-9541-6660c8eb28a8@group-ABD2FB1FB5B1-LeaderElection3] INFO  segmented.SegmentedRaftLogWorker (SegmentedRaftLogWorker.java:startLogSegment(425)) - 0f092162-54fd-43f5-9541-6660c8eb28a8@group-ABD2FB1FB5B1-SegmentedRaftLogWorker: Starting segment from index:0
2022-08-25 18:58:03,023 [0f092162-54fd-43f5-9541-6660c8eb28a8@group-ABD2FB1FB5B1-SegmentedRaftLogWorker] INFO  segmented.SegmentedRaftLogWorker (SegmentedRaftLogWorker.java:execute(629)) - 0f092162-54fd-43f5-9541-6660c8eb28a8@group-ABD2FB1FB5B1-SegmentedRaftLogWorker: created new log segment /home/runner/work/ozone/ozone/hadoop-ozone/integration-test/target/test-dir/MiniOzoneClusterImpl-518a318b-3ddf-4865-b851-646fdb0ed455/datanode-0/data/ratis/79e14743-4793-46ee-ba38-abd2fb1fb5b1/current/log_inprogress_0
2022-08-25 18:58:03,029 [0f092162-54fd-43f5-9541-6660c8eb28a8@group-ABD2FB1FB5B1-LeaderElection3] INFO  server.RaftServer$Division (ServerState.java:setRaftConf(393)) - 0f092162-54fd-43f5-9541-6660c8eb28a8@group-ABD2FB1FB5B1: set configuration 0: [5330244c-9de6-4dff-8dd2-a0a85754c44f|rpc:10.1.0.203:46343|dataStream:|priority:0, b35797eb-9814-4f34-911c-e7cd4b87b364|rpc:10.1.0.203:38087|dataStream:|priority:0, 0f092162-54fd-43f5-9541-6660c8eb28a8|rpc:10.1.0.203:41449|dataStream:|priority:1], old=null
2022-08-25 18:58:03,081 [5330244c-9de6-4dff-8dd2-a0a85754c44f-server-thread1] INFO  ratis.XceiverServerRatis (XceiverServerRatis.java:handleLeaderChangedNotification(863)) - Leader change notification received for group: group-ABD2FB1FB5B1 with new leaderId: 0f092162-54fd-43f5-9541-6660c8eb28a8
2022-08-25 18:58:03,081 [5330244c-9de6-4dff-8dd2-a0a85754c44f-server-thread1] INFO  server.RaftServer$Division (ServerState.java:setLeader(287)) - 5330244c-9de6-4dff-8dd2-a0a85754c44f@group-ABD2FB1FB5B1: change Leader from null to 0f092162-54fd-43f5-9541-6660c8eb28a8 at term 1 for appendEntries, leader elected after 4727ms
2022-08-25 18:58:03,082 [b35797eb-9814-4f34-911c-e7cd4b87b364-server-thread1] INFO  ratis.XceiverServerRatis (XceiverServerRatis.java:handleLeaderChangedNotification(863)) - Leader change notification received for group: group-ABD2FB1FB5B1 with new leaderId: 0f092162-54fd-43f5-9541-6660c8eb28a8
2022-08-25 18:58:03,083 [b35797eb-9814-4f34-911c-e7cd4b87b364-server-thread1] INFO  server.RaftServer$Division (ServerState.java:setLeader(287)) - b35797eb-9814-4f34-911c-e7cd4b87b364@group-ABD2FB1FB5B1: change Leader from null to 0f092162-54fd-43f5-9541-6660c8eb28a8 at term 1 for appendEntries, leader elected after 4628ms
2022-08-25 18:58:03,114 [b35797eb-9814-4f34-911c-e7cd4b87b364-server-thread1] INFO  server.RaftServer$Division (ServerState.java:setRaftConf(393)) - b35797eb-9814-4f34-911c-e7cd4b87b364@group-ABD2FB1FB5B1: set configuration 0: [5330244c-9de6-4dff-8dd2-a0a85754c44f|rpc:10.1.0.203:46343|dataStream:|priority:0, b35797eb-9814-4f34-911c-e7cd4b87b364|rpc:10.1.0.203:38087|dataStream:|priority:0, 0f092162-54fd-43f5-9541-6660c8eb28a8|rpc:10.1.0.203:41449|dataStream:|priority:1], old=null
2022-08-25 18:58:03,115 [b35797eb-9814-4f34-911c-e7cd4b87b364-server-thread1] INFO  segmented.SegmentedRaftLogWorker (SegmentedRaftLogWorker.java:startLogSegment(425)) - b35797eb-9814-4f34-911c-e7cd4b87b364@group-ABD2FB1FB5B1-SegmentedRaftLogWorker: Starting segment from index:0
2022-08-25 18:58:03,120 [b35797eb-9814-4f34-911c-e7cd4b87b364@group-ABD2FB1FB5B1-SegmentedRaftLogWorker] INFO  segmented.SegmentedRaftLogWorker (SegmentedRaftLogWorker.java:execute(629)) - b35797eb-9814-4f34-911c-e7cd4b87b364@group-ABD2FB1FB5B1-SegmentedRaftLogWorker: created new log segment /home/runner/work/ozone/ozone/hadoop-ozone/integration-test/target/test-dir/MiniOzoneClusterImpl-518a318b-3ddf-4865-b851-646fdb0ed455/datanode-2/data/ratis/79e14743-4793-46ee-ba38-abd2fb1fb5b1/current/log_inprogress_0
2022-08-25 18:58:03,131 [5330244c-9de6-4dff-8dd2-a0a85754c44f-server-thread1] INFO  server.RaftServer$Division (ServerState.java:setRaftConf(393)) - 5330244c-9de6-4dff-8dd2-a0a85754c44f@group-ABD2FB1FB5B1: set configuration 0: [5330244c-9de6-4dff-8dd2-a0a85754c44f|rpc:10.1.0.203:46343|dataStream:|priority:0, b35797eb-9814-4f34-911c-e7cd4b87b364|rpc:10.1.0.203:38087|dataStream:|priority:0, 0f092162-54fd-43f5-9541-6660c8eb28a8|rpc:10.1.0.203:41449|dataStream:|priority:1], old=null
2022-08-25 18:58:03,132 [5330244c-9de6-4dff-8dd2-a0a85754c44f-server-thread1] INFO  segmented.SegmentedRaftLogWorker (SegmentedRaftLogWorker.java:startLogSegment(425)) - 5330244c-9de6-4dff-8dd2-a0a85754c44f@group-ABD2FB1FB5B1-SegmentedRaftLogWorker: Starting segment from index:0
2022-08-25 18:58:03,133 [5330244c-9de6-4dff-8dd2-a0a85754c44f@group-ABD2FB1FB5B1-SegmentedRaftLogWorker] INFO  segmented.SegmentedRaftLogWorker (SegmentedRaftLogWorker.java:execute(629)) - 5330244c-9de6-4dff-8dd2-a0a85754c44f@group-ABD2FB1FB5B1-SegmentedRaftLogWorker: created new log segment /home/runner/work/ozone/ozone/hadoop-ozone/integration-test/target/test-dir/MiniOzoneClusterImpl-518a318b-3ddf-4865-b851-646fdb0ed455/datanode-1/data/ratis/79e14743-4793-46ee-ba38-abd2fb1fb5b1/current/log_inprogress_0
2022-08-25 18:58:03,503 [5330244c-9de6-4dff-8dd2-a0a85754c44f@group-5EA4F462F153-FollowerState] INFO  impl.FollowerState (FollowerState.java:run(143)) - 5330244c-9de6-4dff-8dd2-a0a85754c44f@group-5EA4F462F153-FollowerState: change to CANDIDATE, lastRpcElapsedTime:5162780964ns, electionTimeout:5158ms
2022-08-25 18:58:03,503 [5330244c-9de6-4dff-8dd2-a0a85754c44f@group-5EA4F462F153-FollowerState] INFO  impl.RoleInfo (RoleInfo.java:shutdownFollowerState(110)) - 5330244c-9de6-4dff-8dd2-a0a85754c44f: shutdown 5330244c-9de6-4dff-8dd2-a0a85754c44f@group-5EA4F462F153-FollowerState
2022-08-25 18:58:03,504 [5330244c-9de6-4dff-8dd2-a0a85754c44f@group-5EA4F462F153-FollowerState] INFO  server.RaftServer$Division (RaftServerImpl.java:setRole(299)) - 5330244c-9de6-4dff-8dd2-a0a85754c44f@group-5EA4F462F153: changes role from  FOLLOWER to CANDIDATE at term 0 for changeToCandidate
2022-08-25 18:58:03,504 [5330244c-9de6-4dff-8dd2-a0a85754c44f@group-5EA4F462F153-FollowerState] INFO  server.RaftServerConfigKeys (ConfUtils.java:logGet(46)) - raft.server.leaderelection.pre-vote = false (custom)
2022-08-25 18:58:03,504 [5330244c-9de6-4dff-8dd2-a0a85754c44f@group-5EA4F462F153-FollowerState] INFO  impl.RoleInfo (RoleInfo.java:updateAndGet(139)) - 5330244c-9de6-4dff-8dd2-a0a85754c44f: start 5330244c-9de6-4dff-8dd2-a0a85754c44f@group-5EA4F462F153-LeaderElection4
2022-08-25 18:58:03,508 [5330244c-9de6-4dff-8dd2-a0a85754c44f@group-5EA4F462F153-LeaderElection4] INFO  impl.LeaderElection (LeaderElection.java:askForVotes(310)) - 5330244c-9de6-4dff-8dd2-a0a85754c44f@group-5EA4F462F153-LeaderElection4 ELECTION round 0: submit vote requests at term 1 for -1: [5330244c-9de6-4dff-8dd2-a0a85754c44f|rpc:10.1.0.203:46343|priority:1], old=null
2022-08-25 18:58:03,508 [5330244c-9de6-4dff-8dd2-a0a85754c44f@group-5EA4F462F153-LeaderElection4] INFO  impl.LeaderElection (LeaderElection.java:askForVotes(312)) - 5330244c-9de6-4dff-8dd2-a0a85754c44f@group-5EA4F462F153-LeaderElection4 ELECTION round 0: result PASSED (term=1)
2022-08-25 18:58:03,508 [5330244c-9de6-4dff-8dd2-a0a85754c44f@group-5EA4F462F153-LeaderElection4] INFO  impl.RoleInfo (RoleInfo.java:shutdownLeaderElection(130)) - 5330244c-9de6-4dff-8dd2-a0a85754c44f: shutdown 5330244c-9de6-4dff-8dd2-a0a85754c44f@group-5EA4F462F153-LeaderElection4
2022-08-25 18:58:03,508 [5330244c-9de6-4dff-8dd2-a0a85754c44f@group-5EA4F462F153-LeaderElection4] INFO  server.RaftServer$Division (RaftServerImpl.java:setRole(299)) - 5330244c-9de6-4dff-8dd2-a0a85754c44f@group-5EA4F462F153: changes role from CANDIDATE to LEADER at term 1 for changeToLeader
2022-08-25 18:58:03,508 [5330244c-9de6-4dff-8dd2-a0a85754c44f@group-5EA4F462F153-LeaderElection4] INFO  ratis.XceiverServerRatis (XceiverServerRatis.java:handleLeaderChangedNotification(863)) - Leader change notification received for group: group-5EA4F462F153 with new leaderId: 5330244c-9de6-4dff-8dd2-a0a85754c44f
2022-08-25 18:58:03,509 [5330244c-9de6-4dff-8dd2-a0a85754c44f@group-5EA4F462F153-LeaderElection4] INFO  server.RaftServer$Division (ServerState.java:setLeader(287)) - 5330244c-9de6-4dff-8dd2-a0a85754c44f@group-5EA4F462F153: change Leader from null to 5330244c-9de6-4dff-8dd2-a0a85754c44f at term 1 for becomeLeader, leader elected after 5185ms
2022-08-25 18:58:03,509 [5330244c-9de6-4dff-8dd2-a0a85754c44f@group-5EA4F462F153-LeaderElection4] INFO  server.RaftServerConfigKeys (ConfUtils.java:logGet(46)) - raft.server.staging.catchup.gap = 1000 (default)
2022-08-25 18:58:03,509 [5330244c-9de6-4dff-8dd2-a0a85754c44f@group-5EA4F462F153-LeaderElection4] INFO  server.RaftServerConfigKeys (ConfUtils.java:logGet(46)) - raft.server.write.element-limit = 1024 (custom)
2022-08-25 18:58:03,509 [5330244c-9de6-4dff-8dd2-a0a85754c44f@group-5EA4F462F153-LeaderElection4] INFO  server.RaftServerConfigKeys (ConfUtils.java:logGet(46)) - raft.server.write.byte-limit = 1024 M (=1073741824) (custom)
2022-08-25 18:58:03,515 [5330244c-9de6-4dff-8dd2-a0a85754c44f@group-5EA4F462F153-LeaderElection4] INFO  server.RaftServerConfigKeys (ConfUtils.java:logGet(46)) - raft.server.watch.timeout = 180s (custom)
2022-08-25 18:58:03,515 [5330244c-9de6-4dff-8dd2-a0a85754c44f@group-5EA4F462F153-LeaderElection4] INFO  server.RaftServerConfigKeys (ConfUtils.java:logGet(46)) - raft.server.watch.timeout.denomination = 1s (default)
2022-08-25 18:58:03,515 [5330244c-9de6-4dff-8dd2-a0a85754c44f@group-5EA4F462F153-LeaderElection4] INFO  server.RaftServerConfigKeys (ConfUtils.java:logGet(46)) - raft.server.watch.element-limit = 65536 (default)
2022-08-25 18:58:03,515 [5330244c-9de6-4dff-8dd2-a0a85754c44f@group-5EA4F462F153-LeaderElection4] INFO  server.RaftServerConfigKeys (ConfUtils.java:logGet(46)) - raft.server.write.element-limit = 1024 (custom)
2022-08-25 18:58:03,515 [5330244c-9de6-4dff-8dd2-a0a85754c44f@group-5EA4F462F153-LeaderElection4] INFO  server.RaftServerConfigKeys (ConfUtils.java:logGet(46)) - raft.server.write.follower.gap.ratio.max = -1.0 (default)
2022-08-25 18:58:03,515 [5330244c-9de6-4dff-8dd2-a0a85754c44f@group-5EA4F462F153-LeaderElection4] INFO  impl.RoleInfo (RoleInfo.java:updateAndGet(139)) - 5330244c-9de6-4dff-8dd2-a0a85754c44f: start 5330244c-9de6-4dff-8dd2-a0a85754c44f@group-5EA4F462F153-LeaderStateImpl
2022-08-25 18:58:03,516 [5330244c-9de6-4dff-8dd2-a0a85754c44f@group-5EA4F462F153-LeaderElection4] INFO  segmented.SegmentedRaftLogWorker (SegmentedRaftLogWorker.java:startLogSegment(425)) - 5330244c-9de6-4dff-8dd2-a0a85754c44f@group-5EA4F462F153-SegmentedRaftLogWorker: Starting segment from index:0
2022-08-25 18:58:03,519 [5330244c-9de6-4dff-8dd2-a0a85754c44f@group-5EA4F462F153-SegmentedRaftLogWorker] INFO  segmented.SegmentedRaftLogWorker (SegmentedRaftLogWorker.java:execute(629)) - 5330244c-9de6-4dff-8dd2-a0a85754c44f@group-5EA4F462F153-SegmentedRaftLogWorker: created new log segment /home/runner/work/ozone/ozone/hadoop-ozone/integration-test/target/test-dir/MiniOzoneClusterImpl-518a318b-3ddf-4865-b851-646fdb0ed455/datanode-1/data/ratis/a7d1abb5-ba99-4b25-b57b-5ea4f462f153/current/log_inprogress_0
2022-08-25 18:58:03,519 [5330244c-9de6-4dff-8dd2-a0a85754c44f@group-5EA4F462F153-LeaderElection4] INFO  server.RaftServer$Division (ServerState.java:setRaftConf(393)) - 5330244c-9de6-4dff-8dd2-a0a85754c44f@group-5EA4F462F153: set configuration 0: [5330244c-9de6-4dff-8dd2-a0a85754c44f|rpc:10.1.0.203:46343|dataStream:|priority:1], old=null
2022-08-25 18:58:03,640 [Listener at 127.0.0.1/37469] INFO  ozone.MiniOzoneClusterImpl (MiniOzoneClusterImpl.java:lambda$waitForClusterToBeReady$0(216)) - Nodes are ready. Got 3 of 3 DN Heartbeats.
2022-08-25 18:58:03,640 [Listener at 127.0.0.1/37469] INFO  ozone.MiniOzoneClusterImpl (MiniOzoneClusterImpl.java:lambda$waitForClusterToBeReady$0(219)) - Cluster exits safe mode
2022-08-25 18:58:03,640 [Listener at 127.0.0.1/37469] INFO  ozone.MiniOzoneClusterImpl (MiniOzoneClusterImpl.java:lambda$waitForClusterToBeReady$0(221)) - SCM became leader
2022-08-25 18:58:03,675 [0f092162-54fd-43f5-9541-6660c8eb28a8@group-7395E094D603-FollowerState] INFO  impl.FollowerState (FollowerState.java:run(143)) - 0f092162-54fd-43f5-9541-6660c8eb28a8@group-7395E094D603-FollowerState: change to CANDIDATE, lastRpcElapsedTime:5116356268ns, electionTimeout:5110ms
2022-08-25 18:58:03,675 [0f092162-54fd-43f5-9541-6660c8eb28a8@group-7395E094D603-FollowerState] INFO  impl.RoleInfo (RoleInfo.java:shutdownFollowerState(110)) - 0f092162-54fd-43f5-9541-6660c8eb28a8: shutdown 0f092162-54fd-43f5-9541-6660c8eb28a8@group-7395E094D603-FollowerState
2022-08-25 18:58:03,675 [0f092162-54fd-43f5-9541-6660c8eb28a8@group-7395E094D603-FollowerState] INFO  server.RaftServer$Division (RaftServerImpl.java:setRole(299)) - 0f092162-54fd-43f5-9541-6660c8eb28a8@group-7395E094D603: changes role from  FOLLOWER to CANDIDATE at term 0 for changeToCandidate
2022-08-25 18:58:03,675 [0f092162-54fd-43f5-9541-6660c8eb28a8@group-7395E094D603-FollowerState] INFO  server.RaftServerConfigKeys (ConfUtils.java:logGet(46)) - raft.server.leaderelection.pre-vote = false (custom)
2022-08-25 18:58:03,675 [0f092162-54fd-43f5-9541-6660c8eb28a8@group-7395E094D603-FollowerState] INFO  impl.RoleInfo (RoleInfo.java:updateAndGet(139)) - 0f092162-54fd-43f5-9541-6660c8eb28a8: start 0f092162-54fd-43f5-9541-6660c8eb28a8@group-7395E094D603-LeaderElection5
2022-08-25 18:58:03,681 [0f092162-54fd-43f5-9541-6660c8eb28a8@group-7395E094D603-LeaderElection5] INFO  impl.LeaderElection (LeaderElection.java:askForVotes(310)) - 0f092162-54fd-43f5-9541-6660c8eb28a8@group-7395E094D603-LeaderElection5 ELECTION round 0: submit vote requests at term 1 for -1: [b35797eb-9814-4f34-911c-e7cd4b87b364|rpc:10.1.0.203:38087|priority:0, 5330244c-9de6-4dff-8dd2-a0a85754c44f|rpc:10.1.0.203:46343|priority:1, 0f092162-54fd-43f5-9541-6660c8eb28a8|rpc:10.1.0.203:41449|priority:0], old=null
2022-08-25 18:58:03,694 [grpc-default-executor-2] INFO  server.RaftServer$Division (RaftServerImpl.java:requestVote(1152)) - b35797eb-9814-4f34-911c-e7cd4b87b364@group-7395E094D603: receive requestVote(ELECTION, 0f092162-54fd-43f5-9541-6660c8eb28a8, group-7395E094D603, 1, (t:0, i:0))
2022-08-25 18:58:03,694 [grpc-default-executor-2] INFO  impl.VoteContext (VoteContext.java:log(48)) - b35797eb-9814-4f34-911c-e7cd4b87b364@group-7395E094D603-FOLLOWER: accept ELECTION from 0f092162-54fd-43f5-9541-6660c8eb28a8: our priority 0 <= candidate's priority 0
2022-08-25 18:58:03,694 [grpc-default-executor-2] INFO  server.RaftServer$Division (RaftServerImpl.java:setRole(299)) - b35797eb-9814-4f34-911c-e7cd4b87b364@group-7395E094D603: changes role from  FOLLOWER to FOLLOWER at term 1 for candidate:0f092162-54fd-43f5-9541-6660c8eb28a8
2022-08-25 18:58:03,695 [grpc-default-executor-2] INFO  impl.RoleInfo (RoleInfo.java:shutdownFollowerState(110)) - b35797eb-9814-4f34-911c-e7cd4b87b364: shutdown b35797eb-9814-4f34-911c-e7cd4b87b364@group-7395E094D603-FollowerState
2022-08-25 18:58:03,695 [grpc-default-executor-2] INFO  impl.RoleInfo (RoleInfo.java:updateAndGet(139)) - b35797eb-9814-4f34-911c-e7cd4b87b364: start b35797eb-9814-4f34-911c-e7cd4b87b364@group-7395E094D603-FollowerState
2022-08-25 18:58:03,695 [b35797eb-9814-4f34-911c-e7cd4b87b364@group-7395E094D603-FollowerState] INFO  impl.FollowerState (FollowerState.java:run(152)) - b35797eb-9814-4f34-911c-e7cd4b87b364@group-7395E094D603-FollowerState was interrupted
2022-08-25 18:58:03,697 [grpc-default-executor-1] INFO  server.RaftServer$Division (RaftServerImpl.java:requestVote(1152)) - 5330244c-9de6-4dff-8dd2-a0a85754c44f@group-7395E094D603: receive requestVote(ELECTION, 0f092162-54fd-43f5-9541-6660c8eb28a8, group-7395E094D603, 1, (t:0, i:0))
2022-08-25 18:58:03,697 [grpc-default-executor-2] INFO  server.RaftServer$Division (RaftServerImpl.java:requestVote(1184)) - b35797eb-9814-4f34-911c-e7cd4b87b364@group-7395E094D603 replies to ELECTION vote request: 0f092162-54fd-43f5-9541-6660c8eb28a8<-b35797eb-9814-4f34-911c-e7cd4b87b364#0:OK-t1. Peer's state: b35797eb-9814-4f34-911c-e7cd4b87b364@group-7395E094D603:t1, leader=null, voted=0f092162-54fd-43f5-9541-6660c8eb28a8, raftlog=b35797eb-9814-4f34-911c-e7cd4b87b364@group-7395E094D603-SegmentedRaftLog:OPENED:c-1, conf=-1: [b35797eb-9814-4f34-911c-e7cd4b87b364|rpc:10.1.0.203:38087|dataStream:|priority:0, 5330244c-9de6-4dff-8dd2-a0a85754c44f|rpc:10.1.0.203:46343|dataStream:|priority:1, 0f092162-54fd-43f5-9541-6660c8eb28a8|rpc:10.1.0.203:41449|dataStream:|priority:0], old=null
2022-08-25 18:58:03,697 [grpc-default-executor-1] INFO  impl.VoteContext (VoteContext.java:log(48)) - 5330244c-9de6-4dff-8dd2-a0a85754c44f@group-7395E094D603-FOLLOWER: reject ELECTION from 0f092162-54fd-43f5-9541-6660c8eb28a8: our priority 1 > candidate's priority 0
2022-08-25 18:58:03,699 [grpc-default-executor-1] INFO  server.RaftServer$Division (RaftServerImpl.java:setRole(299)) - 5330244c-9de6-4dff-8dd2-a0a85754c44f@group-7395E094D603: changes role from  FOLLOWER to FOLLOWER at term 1 for candidate:0f092162-54fd-43f5-9541-6660c8eb28a8
2022-08-25 18:58:03,699 [grpc-default-executor-1] INFO  impl.RoleInfo (RoleInfo.java:shutdownFollowerState(110)) - 5330244c-9de6-4dff-8dd2-a0a85754c44f: shutdown 5330244c-9de6-4dff-8dd2-a0a85754c44f@group-7395E094D603-FollowerState
2022-08-25 18:58:03,699 [grpc-default-executor-1] INFO  impl.RoleInfo (RoleInfo.java:updateAndGet(139)) - 5330244c-9de6-4dff-8dd2-a0a85754c44f: start 5330244c-9de6-4dff-8dd2-a0a85754c44f@group-7395E094D603-FollowerState
2022-08-25 18:58:03,700 [5330244c-9de6-4dff-8dd2-a0a85754c44f@group-7395E094D603-FollowerState] INFO  impl.FollowerState (FollowerState.java:run(152)) - 5330244c-9de6-4dff-8dd2-a0a85754c44f@group-7395E094D603-FollowerState was interrupted
2022-08-25 18:58:03,714 [grpc-default-executor-1] INFO  server.RaftServer$Division (RaftServerImpl.java:requestVote(1184)) - 5330244c-9de6-4dff-8dd2-a0a85754c44f@group-7395E094D603 replies to ELECTION vote request: 0f092162-54fd-43f5-9541-6660c8eb28a8<-5330244c-9de6-4dff-8dd2-a0a85754c44f#0:FAIL-t1. Peer's state: 5330244c-9de6-4dff-8dd2-a0a85754c44f@group-7395E094D603:t1, leader=null, voted=null, raftlog=5330244c-9de6-4dff-8dd2-a0a85754c44f@group-7395E094D603-SegmentedRaftLog:OPENED:c-1, conf=-1: [b35797eb-9814-4f34-911c-e7cd4b87b364|rpc:10.1.0.203:38087|priority:0, 5330244c-9de6-4dff-8dd2-a0a85754c44f|rpc:10.1.0.203:46343|priority:1, 0f092162-54fd-43f5-9541-6660c8eb28a8|rpc:10.1.0.203:41449|priority:0], old=null
2022-08-25 18:58:03,716 [0f092162-54fd-43f5-9541-6660c8eb28a8@group-7395E094D603-LeaderElection5] INFO  impl.LeaderElection (LeaderElection.java:logAndReturn(90)) - 0f092162-54fd-43f5-9541-6660c8eb28a8@group-7395E094D603-LeaderElection5: ELECTION REJECTED received 2 response(s) and 0 exception(s):
2022-08-25 18:58:03,716 [0f092162-54fd-43f5-9541-6660c8eb28a8@group-7395E094D603-LeaderElection5] INFO  impl.LeaderElection (LeaderElection.java:logAndReturn(94)) -   Response 0: 0f092162-54fd-43f5-9541-6660c8eb28a8<-b35797eb-9814-4f34-911c-e7cd4b87b364#0:OK-t1
2022-08-25 18:58:03,716 [0f092162-54fd-43f5-9541-6660c8eb28a8@group-7395E094D603-LeaderElection5] INFO  impl.LeaderElection (LeaderElection.java:logAndReturn(94)) -   Response 1: 0f092162-54fd-43f5-9541-6660c8eb28a8<-5330244c-9de6-4dff-8dd2-a0a85754c44f#0:FAIL-t1
2022-08-25 18:58:03,716 [0f092162-54fd-43f5-9541-6660c8eb28a8@group-7395E094D603-LeaderElection5] INFO  impl.LeaderElection (LeaderElection.java:askForVotes(312)) - 0f092162-54fd-43f5-9541-6660c8eb28a8@group-7395E094D603-LeaderElection5 ELECTION round 0: result REJECTED
2022-08-25 18:58:03,717 [0f092162-54fd-43f5-9541-6660c8eb28a8@group-7395E094D603-LeaderElection5] INFO  server.RaftServer$Division (RaftServerImpl.java:setRole(299)) - 0f092162-54fd-43f5-9541-6660c8eb28a8@group-7395E094D603: changes role from CANDIDATE to FOLLOWER at term 1 for REJECTED
2022-08-25 18:58:03,717 [0f092162-54fd-43f5-9541-6660c8eb28a8@group-7395E094D603-LeaderElection5] INFO  impl.RoleInfo (RoleInfo.java:shutdownLeaderElection(130)) - 0f092162-54fd-43f5-9541-6660c8eb28a8: shutdown 0f092162-54fd-43f5-9541-6660c8eb28a8@group-7395E094D603-LeaderElection5
2022-08-25 18:58:03,717 [0f092162-54fd-43f5-9541-6660c8eb28a8@group-7395E094D603-LeaderElection5] INFO  impl.RoleInfo (RoleInfo.java:updateAndGet(139)) - 0f092162-54fd-43f5-9541-6660c8eb28a8: start 0f092162-54fd-43f5-9541-6660c8eb28a8@group-7395E094D603-FollowerState
2022-08-25 18:58:03,757 [b35797eb-9814-4f34-911c-e7cd4b87b364@group-954DC2ABBCCB-FollowerState] INFO  impl.FollowerState (FollowerState.java:run(143)) - b35797eb-9814-4f34-911c-e7cd4b87b364@group-954DC2ABBCCB-FollowerState: change to CANDIDATE, lastRpcElapsedTime:5083504864ns, electionTimeout:5068ms
2022-08-25 18:58:03,759 [b35797eb-9814-4f34-911c-e7cd4b87b364@group-954DC2ABBCCB-FollowerState] INFO  impl.RoleInfo (RoleInfo.java:shutdownFollowerState(110)) - b35797eb-9814-4f34-911c-e7cd4b87b364: shutdown b35797eb-9814-4f34-911c-e7cd4b87b364@group-954DC2ABBCCB-FollowerState
2022-08-25 18:58:03,759 [b35797eb-9814-4f34-911c-e7cd4b87b364@group-954DC2ABBCCB-FollowerState] INFO  server.RaftServer$Division (RaftServerImpl.java:setRole(299)) - b35797eb-9814-4f34-911c-e7cd4b87b364@group-954DC2ABBCCB: changes role from  FOLLOWER to CANDIDATE at term 0 for changeToCandidate
2022-08-25 18:58:03,759 [b35797eb-9814-4f34-911c-e7cd4b87b364@group-954DC2ABBCCB-FollowerState] INFO  server.RaftServerConfigKeys (ConfUtils.java:logGet(46)) - raft.server.leaderelection.pre-vote = false (custom)
2022-08-25 18:58:03,759 [b35797eb-9814-4f34-911c-e7cd4b87b364@group-954DC2ABBCCB-FollowerState] INFO  impl.RoleInfo (RoleInfo.java:updateAndGet(139)) - b35797eb-9814-4f34-911c-e7cd4b87b364: start b35797eb-9814-4f34-911c-e7cd4b87b364@group-954DC2ABBCCB-LeaderElection6
2022-08-25 18:58:03,766 [b35797eb-9814-4f34-911c-e7cd4b87b364@group-954DC2ABBCCB-LeaderElection6] INFO  impl.LeaderElection (LeaderElection.java:askForVotes(310)) - b35797eb-9814-4f34-911c-e7cd4b87b364@group-954DC2ABBCCB-LeaderElection6 ELECTION round 0: submit vote requests at term 1 for -1: [b35797eb-9814-4f34-911c-e7cd4b87b364|rpc:10.1.0.203:38087|priority:1], old=null
2022-08-25 18:58:03,766 [b35797eb-9814-4f34-911c-e7cd4b87b364@group-954DC2ABBCCB-LeaderElection6] INFO  impl.LeaderElection (LeaderElection.java:askForVotes(312)) - b35797eb-9814-4f34-911c-e7cd4b87b364@group-954DC2ABBCCB-LeaderElection6 ELECTION round 0: result PASSED (term=1)
2022-08-25 18:58:03,766 [b35797eb-9814-4f34-911c-e7cd4b87b364@group-954DC2ABBCCB-LeaderElection6] INFO  impl.RoleInfo (RoleInfo.java:shutdownLeaderElection(130)) - b35797eb-9814-4f34-911c-e7cd4b87b364: shutdown b35797eb-9814-4f34-911c-e7cd4b87b364@group-954DC2ABBCCB-LeaderElection6
2022-08-25 18:58:03,766 [b35797eb-9814-4f34-911c-e7cd4b87b364@group-954DC2ABBCCB-LeaderElection6] INFO  server.RaftServer$Division (RaftServerImpl.java:setRole(299)) - b35797eb-9814-4f34-911c-e7cd4b87b364@group-954DC2ABBCCB: changes role from CANDIDATE to LEADER at term 1 for changeToLeader
2022-08-25 18:58:03,766 [b35797eb-9814-4f34-911c-e7cd4b87b364@group-954DC2ABBCCB-LeaderElection6] INFO  ratis.XceiverServerRatis (XceiverServerRatis.java:handleLeaderChangedNotification(863)) - Leader change notification received for group: group-954DC2ABBCCB with new leaderId: b35797eb-9814-4f34-911c-e7cd4b87b364
2022-08-25 18:58:03,767 [b35797eb-9814-4f34-911c-e7cd4b87b364@group-954DC2ABBCCB-LeaderElection6] INFO  server.RaftServer$Division (ServerState.java:setLeader(287)) - b35797eb-9814-4f34-911c-e7cd4b87b364@group-954DC2ABBCCB: change Leader from null to b35797eb-9814-4f34-911c-e7cd4b87b364 at term 1 for becomeLeader, leader elected after 5115ms
2022-08-25 18:58:03,767 [b35797eb-9814-4f34-911c-e7cd4b87b364@group-954DC2ABBCCB-LeaderElection6] INFO  server.RaftServerConfigKeys (ConfUtils.java:logGet(46)) - raft.server.staging.catchup.gap = 1000 (default)
2022-08-25 18:58:03,767 [b35797eb-9814-4f34-911c-e7cd4b87b364@group-954DC2ABBCCB-LeaderElection6] INFO  server.RaftServerConfigKeys (ConfUtils.java:logGet(46)) - raft.server.write.element-limit = 1024 (custom)
2022-08-25 18:58:03,768 [b35797eb-9814-4f34-911c-e7cd4b87b364@group-954DC2ABBCCB-LeaderElection6] INFO  server.RaftServerConfigKeys (ConfUtils.java:logGet(46)) - raft.server.write.byte-limit = 1024 M (=1073741824) (custom)
2022-08-25 18:58:03,768 [b35797eb-9814-4f34-911c-e7cd4b87b364@group-954DC2ABBCCB-LeaderElection6] INFO  server.RaftServerConfigKeys (ConfUtils.java:logGet(46)) - raft.server.watch.timeout = 180s (custom)
2022-08-25 18:58:03,768 [b35797eb-9814-4f34-911c-e7cd4b87b364@group-954DC2ABBCCB-LeaderElection6] INFO  server.RaftServerConfigKeys (ConfUtils.java:logGet(46)) - raft.server.watch.timeout.denomination = 1s (default)
2022-08-25 18:58:03,768 [b35797eb-9814-4f34-911c-e7cd4b87b364@group-954DC2ABBCCB-LeaderElection6] INFO  server.RaftServerConfigKeys (ConfUtils.java:logGet(46)) - raft.server.watch.element-limit = 65536 (default)
2022-08-25 18:58:03,770 [b35797eb-9814-4f34-911c-e7cd4b87b364@group-954DC2ABBCCB-LeaderElection6] INFO  server.RaftServerConfigKeys (ConfUtils.java:logGet(46)) - raft.server.write.element-limit = 1024 (custom)
2022-08-25 18:58:03,770 [b35797eb-9814-4f34-911c-e7cd4b87b364@group-954DC2ABBCCB-LeaderElection6] INFO  server.RaftServerConfigKeys (ConfUtils.java:logGet(46)) - raft.server.write.follower.gap.ratio.max = -1.0 (default)
2022-08-25 18:58:03,774 [b35797eb-9814-4f34-911c-e7cd4b87b364@group-954DC2ABBCCB-LeaderElection6] INFO  impl.RoleInfo (RoleInfo.java:updateAndGet(139)) - b35797eb-9814-4f34-911c-e7cd4b87b364: start b35797eb-9814-4f34-911c-e7cd4b87b364@group-954DC2ABBCCB-LeaderStateImpl
2022-08-25 18:58:03,774 [b35797eb-9814-4f34-911c-e7cd4b87b364@group-954DC2ABBCCB-LeaderElection6] INFO  segmented.SegmentedRaftLogWorker (SegmentedRaftLogWorker.java:startLogSegment(425)) - b35797eb-9814-4f34-911c-e7cd4b87b364@group-954DC2ABBCCB-SegmentedRaftLogWorker: Starting segment from index:0
2022-08-25 18:58:03,776 [b35797eb-9814-4f34-911c-e7cd4b87b364@group-954DC2ABBCCB-LeaderElection6] INFO  server.RaftServer$Division (ServerState.java:setRaftConf(393)) - b35797eb-9814-4f34-911c-e7cd4b87b364@group-954DC2ABBCCB: set configuration 0: [b35797eb-9814-4f34-911c-e7cd4b87b364|rpc:10.1.0.203:38087|dataStream:|priority:1], old=null
2022-08-25 18:58:03,777 [b35797eb-9814-4f34-911c-e7cd4b87b364@group-954DC2ABBCCB-SegmentedRaftLogWorker] INFO  segmented.SegmentedRaftLogWorker (SegmentedRaftLogWorker.java:execute(629)) - b35797eb-9814-4f34-911c-e7cd4b87b364@group-954DC2ABBCCB-SegmentedRaftLogWorker: created new log segment /home/runner/work/ozone/ozone/hadoop-ozone/integration-test/target/test-dir/MiniOzoneClusterImpl-518a318b-3ddf-4865-b851-646fdb0ed455/datanode-2/data/ratis/7944eebe-252c-4838-b6e0-954dc2abbccb/current/log_inprogress_0
2022-08-25 18:58:04,135 [Listener at 127.0.0.1/37469] INFO  rpc.RpcClient (RpcClient.java:createVolume(471)) - Creating Volume: volume31861, with user17328 as owner and space quota set to -1 bytes, counts quota set to -1
2022-08-25 18:58:04,184 [OM StateMachine ApplyTransaction Thread - 0] INFO  volume.OMVolumeCreateRequest (OMVolumeCreateRequest.java:validateAndUpdateCache(195)) - created volume:volume31861 for user:user17328
2022-08-25 18:58:04,205 [Listener at 127.0.0.1/37469] INFO  rpc.RpcClient (RpcClient.java:createBucket(674)) - Creating Bucket: volume31861/bucket82141, with bucket layout FILE_SYSTEM_OPTIMIZED, runner as owner, Versioning false, Storage Type set to DISK and Encryption set to false 
2022-08-25 18:58:04,221 [OM StateMachine ApplyTransaction Thread - 0] INFO  bucket.OMBucketCreateRequest (OMBucketCreateRequest.java:validateAndUpdateCache(260)) - created bucket: bucket82141 of layout FILE_SYSTEM_OPTIMIZED in volume: volume31861
2022-08-25 18:58:04,424 [IPC Server handler 0 on default port 46079] INFO  ha.SequenceIdGenerator (SequenceIdGenerator.java:getNextId(128)) - Allocate a batch for containerId, change lastId from 0 to 1000.
2022-08-25 18:58:04,434 [IPC Server handler 0 on default port 46079] WARN  ha.SequenceIdGenerator (SequenceIdGenerator.java:allocateBatch(237)) - Failed to allocate a batch for localId, expected lastId is 0, actual lastId is 109611004723200000.
2022-08-25 18:58:04,435 [IPC Server handler 0 on default port 46079] INFO  ha.SequenceIdGenerator (SequenceIdGenerator.java:getNextId(128)) - Allocate a batch for localId, change lastId from 109611004723200000 to 109611004723201000.
2022-08-25 18:58:04,517 [Time-limited test] INFO  impl.MetricsSystemImpl (MetricsSystemImpl.java:init(158)) - XceiverClientMetrics metrics system started (again)
18:58:05.078 [IPC Server handler 4 on default port 37469] ERROR OMAudit - user=runner | ip=127.0.0.1 | op=READ_KEY {volume=volume31861, bucket=bucket82141, key=90e78498-8350-412d-9c39-f18dd3fdd8ee, dataSize=0, replicationConfig=null} | ret=FAILURE
org.apache.hadoop.ozone.om.exceptions.OMException: Key:90e78498-8350-412d-9c39-f18dd3fdd8ee not found
	at org.apache.hadoop.ozone.om.KeyManagerImpl.lookupKey(KeyManagerImpl.java:399) ~[ozone-manager-1.3.0-SNAPSHOT.jar:?]
	at org.apache.hadoop.ozone.om.OzoneManager.lookupKey(OzoneManager.java:2819) ~[ozone-manager-1.3.0-SNAPSHOT.jar:?]
	at org.apache.hadoop.ozone.protocolPB.OzoneManagerRequestHandler.lookupKey(OzoneManagerRequestHandler.java:495) ~[ozone-manager-1.3.0-SNAPSHOT.jar:?]
	at org.apache.hadoop.ozone.protocolPB.OzoneManagerRequestHandler.handleReadRequest(OzoneManagerRequestHandler.java:188) ~[ozone-manager-1.3.0-SNAPSHOT.jar:?]
	at org.apache.hadoop.ozone.protocolPB.OzoneManagerProtocolServerSideTranslatorPB.submitReadRequestToOM(OzoneManagerProtocolServerSideTranslatorPB.java:226) ~[ozone-manager-1.3.0-SNAPSHOT.jar:?]
	at org.apache.hadoop.ozone.protocolPB.OzoneManagerProtocolServerSideTranslatorPB.processRequest(OzoneManagerProtocolServerSideTranslatorPB.java:175) ~[ozone-manager-1.3.0-SNAPSHOT.jar:?]
	at org.apache.hadoop.hdds.server.OzoneProtocolMessageDispatcher.processRequest(OzoneProtocolMessageDispatcher.java:87) [hdds-server-framework-1.3.0-SNAPSHOT.jar:?]
	at org.apache.hadoop.ozone.protocolPB.OzoneManagerProtocolServerSideTranslatorPB.submitRequest(OzoneManagerProtocolServerSideTranslatorPB.java:147) [ozone-manager-1.3.0-SNAPSHOT.jar:?]
	at org.apache.hadoop.ozone.protocol.proto.OzoneManagerProtocolProtos$OzoneManagerService$2.callBlockingMethod(OzoneManagerProtocolProtos.java) [ozone-interface-client-1.3.0-SNAPSHOT.jar:?]
	at org.apache.hadoop.ipc.ProtobufRpcEngine$Server.processCall(ProtobufRpcEngine.java:466) [hadoop-common-3.3.1.jar:?]
	at org.apache.hadoop.ipc.ProtobufRpcEngine2$Server$ProtoBufRpcInvoker.call(ProtobufRpcEngine2.java:574) [hadoop-common-3.3.1.jar:?]
	at org.apache.hadoop.ipc.ProtobufRpcEngine2$Server$ProtoBufRpcInvoker.call(ProtobufRpcEngine2.java:552) [hadoop-common-3.3.1.jar:?]
	at org.apache.hadoop.ipc.RPC$Server.call(RPC.java:1093) [hadoop-common-3.3.1.jar:?]
	at org.apache.hadoop.ipc.Server$RpcCall.run(Server.java:1035) [hadoop-common-3.3.1.jar:?]
	at org.apache.hadoop.ipc.Server$RpcCall.run(Server.java:963) [hadoop-common-3.3.1.jar:?]
	at java.security.AccessController.doPrivileged(Native Method) ~[?:1.8.0_345]
	at javax.security.auth.Subject.doAs(Subject.java:422) [?:1.8.0_345]
	at org.apache.hadoop.security.UserGroupInformation.doAs(UserGroupInformation.java:1878) [hadoop-common-3.3.1.jar:?]
	at org.apache.hadoop.ipc.Server$Handler.run(Server.java:2966) [hadoop-common-3.3.1.jar:?]
]]></system-out>
  </testcase>
  <testcase name="testCreateBucketWithBucketLayout" classname="org.apache.hadoop.ozone.om.TestObjectStoreWithFSO" time="0.043">
    <system-out><![CDATA[2022-08-25 18:58:05,159 [Time-limited test] INFO  rpc.RpcClient (RpcClient.java:createVolume(471)) - Creating Volume: e6b5bcac-8fc1-47ab-990f-c2725ea2f092, with runner as owner and space quota set to -1 bytes, counts quota set to -1
2022-08-25 18:58:05,163 [OM StateMachine ApplyTransaction Thread - 0] INFO  volume.OMVolumeCreateRequest (OMVolumeCreateRequest.java:validateAndUpdateCache(195)) - created volume:e6b5bcac-8fc1-47ab-990f-c2725ea2f092 for user:runner
2022-08-25 18:58:05,166 [Time-limited test] INFO  rpc.RpcClient (RpcClient.java:createBucket(674)) - Creating Bucket: e6b5bcac-8fc1-47ab-990f-c2725ea2f092/841507c8-4ee8-45ab-8397-ffbe841b8e43, with bucket layout FILE_SYSTEM_OPTIMIZED, runner as owner, Versioning false, Storage Type set to DISK and Encryption set to false 
2022-08-25 18:58:05,169 [OM StateMachine ApplyTransaction Thread - 0] INFO  bucket.OMBucketCreateRequest (OMBucketCreateRequest.java:validateAndUpdateCache(260)) - created bucket: 841507c8-4ee8-45ab-8397-ffbe841b8e43 of layout FILE_SYSTEM_OPTIMIZED in volume: e6b5bcac-8fc1-47ab-990f-c2725ea2f092
2022-08-25 18:58:05,171 [Time-limited test] INFO  rpc.RpcClient (RpcClient.java:createBucket(674)) - Creating Bucket: e6b5bcac-8fc1-47ab-990f-c2725ea2f092/e8000219-e11d-4315-8a31-f3ecd928a982, with bucket layout OBJECT_STORE, runner as owner, Versioning false, Storage Type set to DISK and Encryption set to false 
2022-08-25 18:58:05,174 [OM StateMachine ApplyTransaction Thread - 0] INFO  bucket.OMBucketCreateRequest (OMBucketCreateRequest.java:validateAndUpdateCache(260)) - created bucket: e8000219-e11d-4315-8a31-f3ecd928a982 of layout OBJECT_STORE in volume: e6b5bcac-8fc1-47ab-990f-c2725ea2f092
2022-08-25 18:58:05,176 [Time-limited test] INFO  rpc.RpcClient (RpcClient.java:createBucket(674)) - Creating Bucket: e6b5bcac-8fc1-47ab-990f-c2725ea2f092/73f54cf6-b8a9-4564-9f47-efa843eb0fde, with server-side default bucket layout, runner as owner, Versioning false, Storage Type set to DISK and Encryption set to false 
2022-08-25 18:58:05,179 [OM StateMachine ApplyTransaction Thread - 0] INFO  bucket.OMBucketCreateRequest (OMBucketCreateRequest.java:validateAndUpdateCache(260)) - created bucket: 73f54cf6-b8a9-4564-9f47-efa843eb0fde of layout LEGACY in volume: e6b5bcac-8fc1-47ab-990f-c2725ea2f092
2022-08-25 18:58:05,181 [Time-limited test] INFO  rpc.RpcClient (RpcClient.java:createBucket(674)) - Creating Bucket: e6b5bcac-8fc1-47ab-990f-c2725ea2f092/ced9bdf9-a731-4b65-bab5-dcc86a450b28, with server-side default bucket layout, runner as owner, Versioning false, Storage Type set to DISK and Encryption set to false 
2022-08-25 18:58:05,184 [OM StateMachine ApplyTransaction Thread - 0] INFO  bucket.OMBucketCreateRequest (OMBucketCreateRequest.java:validateAndUpdateCache(260)) - created bucket: ced9bdf9-a731-4b65-bab5-dcc86a450b28 of layout LEGACY in volume: e6b5bcac-8fc1-47ab-990f-c2725ea2f092
2022-08-25 18:58:05,186 [Time-limited test] INFO  rpc.RpcClient (RpcClient.java:createBucket(674)) - Creating Bucket: e6b5bcac-8fc1-47ab-990f-c2725ea2f092/dbd63b6a-0b16-4c86-902e-9e3cc4bea2a9, with bucket layout LEGACY, runner as owner, Versioning false, Storage Type set to DISK and Encryption set to false 
2022-08-25 18:58:05,189 [OM StateMachine ApplyTransaction Thread - 0] INFO  bucket.OMBucketCreateRequest (OMBucketCreateRequest.java:validateAndUpdateCache(260)) - created bucket: dbd63b6a-0b16-4c86-902e-9e3cc4bea2a9 of layout LEGACY in volume: e6b5bcac-8fc1-47ab-990f-c2725ea2f092
]]></system-out>
  </testcase>
  <testcase name="testListKeysWithNotNormalizedPath" classname="org.apache.hadoop.ozone.om.TestObjectStoreWithFSO" time="0.643"/>
  <testcase name="testListKeysAtDifferentLevels" classname="org.apache.hadoop.ozone.om.TestObjectStoreWithFSO" time="1.076">
    <system-out><![CDATA[2022-08-25 18:58:06,050 [ChunkReader-8] INFO  keyvalue.KeyValueHandler (ContainerUtils.java:logAndReturnError(88)) - Operation: GetBlock , Trace ID:  , Message: Unable to find the block with bcsID 16 .Container 2 bcsId is 9. , Result: UNKNOWN_BCSID , StorageContainerException Occurred.
org.apache.hadoop.hdds.scm.container.common.helpers.StorageContainerException: Unable to find the block with bcsID 16 .Container 2 bcsId is 9.
	at org.apache.hadoop.ozone.container.keyvalue.impl.BlockManagerImpl.getBlock(BlockManagerImpl.java:248)
	at org.apache.hadoop.ozone.container.keyvalue.KeyValueHandler.handleGetBlock(KeyValueHandler.java:523)
	at org.apache.hadoop.ozone.container.keyvalue.KeyValueHandler.dispatchRequest(KeyValueHandler.java:222)
	at org.apache.hadoop.ozone.container.keyvalue.KeyValueHandler.handle(KeyValueHandler.java:196)
	at org.apache.hadoop.ozone.container.common.impl.HddsDispatcher.dispatchRequest(HddsDispatcher.java:318)
	at org.apache.hadoop.ozone.container.common.impl.HddsDispatcher.lambda$dispatch$0(HddsDispatcher.java:170)
	at org.apache.hadoop.hdds.server.OzoneProtocolMessageDispatcher.processRequest(OzoneProtocolMessageDispatcher.java:87)
	at org.apache.hadoop.ozone.container.common.impl.HddsDispatcher.dispatch(HddsDispatcher.java:169)
	at org.apache.hadoop.ozone.container.common.transport.server.GrpcXceiverService$1.onNext(GrpcXceiverService.java:57)
	at org.apache.hadoop.ozone.container.common.transport.server.GrpcXceiverService$1.onNext(GrpcXceiverService.java:50)
	at org.apache.ratis.thirdparty.io.grpc.stub.ServerCalls$StreamingServerCallHandler$StreamingServerCallListener.onMessage(ServerCalls.java:262)
	at org.apache.ratis.thirdparty.io.grpc.ForwardingServerCallListener.onMessage(ForwardingServerCallListener.java:33)
	at org.apache.hadoop.hdds.tracing.GrpcServerInterceptor$1.onMessage(GrpcServerInterceptor.java:49)
	at org.apache.ratis.thirdparty.io.grpc.internal.ServerCallImpl$ServerStreamListenerImpl.messagesAvailableInternal(ServerCallImpl.java:318)
	at org.apache.ratis.thirdparty.io.grpc.internal.ServerCallImpl$ServerStreamListenerImpl.messagesAvailable(ServerCallImpl.java:301)
	at org.apache.ratis.thirdparty.io.grpc.internal.ServerImpl$JumpToApplicationThreadServerStreamListener$1MessagesAvailable.runInContext(ServerImpl.java:834)
	at org.apache.ratis.thirdparty.io.grpc.internal.ContextRunnable.run(ContextRunnable.java:37)
	at org.apache.ratis.thirdparty.io.grpc.internal.SerializingExecutor.run(SerializingExecutor.java:133)
	at java.util.concurrent.ThreadPoolExecutor.runWorker(ThreadPoolExecutor.java:1149)
	at java.util.concurrent.ThreadPoolExecutor$Worker.run(ThreadPoolExecutor.java:624)
	at java.lang.Thread.run(Thread.java:750)
18:58:06.052 [ChunkReader-8] ERROR DNAudit - user=null | ip=null | op=GET_BLOCK {blockData=conID: 2 locID: 109611004723200006 bcsId: 16} | ret=FAILURE
java.lang.Exception: Unable to find the block with bcsID 16 .Container 2 bcsId is 9.
	at org.apache.hadoop.ozone.container.common.impl.HddsDispatcher.dispatchRequest(HddsDispatcher.java:382) ~[hdds-container-service-1.3.0-SNAPSHOT.jar:?]
	at org.apache.hadoop.ozone.container.common.impl.HddsDispatcher.lambda$dispatch$0(HddsDispatcher.java:170) ~[hdds-container-service-1.3.0-SNAPSHOT.jar:?]
	at org.apache.hadoop.hdds.server.OzoneProtocolMessageDispatcher.processRequest(OzoneProtocolMessageDispatcher.java:87) [hdds-server-framework-1.3.0-SNAPSHOT.jar:?]
	at org.apache.hadoop.ozone.container.common.impl.HddsDispatcher.dispatch(HddsDispatcher.java:169) [hdds-container-service-1.3.0-SNAPSHOT.jar:?]
	at org.apache.hadoop.ozone.container.common.transport.server.GrpcXceiverService$1.onNext(GrpcXceiverService.java:57) [hdds-container-service-1.3.0-SNAPSHOT.jar:?]
	at org.apache.hadoop.ozone.container.common.transport.server.GrpcXceiverService$1.onNext(GrpcXceiverService.java:50) [hdds-container-service-1.3.0-SNAPSHOT.jar:?]
	at org.apache.ratis.thirdparty.io.grpc.stub.ServerCalls$StreamingServerCallHandler$StreamingServerCallListener.onMessage(ServerCalls.java:262) [ratis-thirdparty-misc-1.0.0.jar:1.0.0]
	at org.apache.ratis.thirdparty.io.grpc.ForwardingServerCallListener.onMessage(ForwardingServerCallListener.java:33) [ratis-thirdparty-misc-1.0.0.jar:1.0.0]
	at org.apache.hadoop.hdds.tracing.GrpcServerInterceptor$1.onMessage(GrpcServerInterceptor.java:49) [hdds-common-1.3.0-SNAPSHOT.jar:?]
	at org.apache.ratis.thirdparty.io.grpc.internal.ServerCallImpl$ServerStreamListenerImpl.messagesAvailableInternal(ServerCallImpl.java:318) [ratis-thirdparty-misc-1.0.0.jar:1.0.0]
	at org.apache.ratis.thirdparty.io.grpc.internal.ServerCallImpl$ServerStreamListenerImpl.messagesAvailable(ServerCallImpl.java:301) [ratis-thirdparty-misc-1.0.0.jar:1.0.0]
	at org.apache.ratis.thirdparty.io.grpc.internal.ServerImpl$JumpToApplicationThreadServerStreamListener$1MessagesAvailable.runInContext(ServerImpl.java:834) [ratis-thirdparty-misc-1.0.0.jar:1.0.0]
	at org.apache.ratis.thirdparty.io.grpc.internal.ContextRunnable.run(ContextRunnable.java:37) [ratis-thirdparty-misc-1.0.0.jar:1.0.0]
	at org.apache.ratis.thirdparty.io.grpc.internal.SerializingExecutor.run(SerializingExecutor.java:133) [ratis-thirdparty-misc-1.0.0.jar:1.0.0]
	at java.util.concurrent.ThreadPoolExecutor.runWorker(ThreadPoolExecutor.java:1149) [?:1.8.0_345]
	at java.util.concurrent.ThreadPoolExecutor$Worker.run(ThreadPoolExecutor.java:624) [?:1.8.0_345]
	at java.lang.Thread.run(Thread.java:750) [?:1.8.0_345]
]]></system-out>
  </testcase>
  <testcase name="testKeyRenameWithSubDirs" classname="org.apache.hadoop.ozone.om.TestObjectStoreWithFSO" time="0.21">
    <system-out><![CDATA[18:58:07.113 [IPC Server handler 10 on default port 37469] ERROR OMAudit - user=runner | ip=127.0.0.1 | op=READ_KEY {volume=volume31861, bucket=bucket82141, key=dir1/dir2/file1, dataSize=0, replicationConfig=null} | ret=FAILURE
org.apache.hadoop.ozone.om.exceptions.OMException: Key:dir1/dir2/file1 not found
	at org.apache.hadoop.ozone.om.KeyManagerImpl.lookupKey(KeyManagerImpl.java:399) ~[ozone-manager-1.3.0-SNAPSHOT.jar:?]
	at org.apache.hadoop.ozone.om.OzoneManager.lookupKey(OzoneManager.java:2819) ~[ozone-manager-1.3.0-SNAPSHOT.jar:?]
	at org.apache.hadoop.ozone.protocolPB.OzoneManagerRequestHandler.lookupKey(OzoneManagerRequestHandler.java:495) ~[ozone-manager-1.3.0-SNAPSHOT.jar:?]
	at org.apache.hadoop.ozone.protocolPB.OzoneManagerRequestHandler.handleReadRequest(OzoneManagerRequestHandler.java:188) ~[ozone-manager-1.3.0-SNAPSHOT.jar:?]
	at org.apache.hadoop.ozone.protocolPB.OzoneManagerProtocolServerSideTranslatorPB.submitReadRequestToOM(OzoneManagerProtocolServerSideTranslatorPB.java:226) ~[ozone-manager-1.3.0-SNAPSHOT.jar:?]
	at org.apache.hadoop.ozone.protocolPB.OzoneManagerProtocolServerSideTranslatorPB.processRequest(OzoneManagerProtocolServerSideTranslatorPB.java:175) ~[ozone-manager-1.3.0-SNAPSHOT.jar:?]
	at org.apache.hadoop.hdds.server.OzoneProtocolMessageDispatcher.processRequest(OzoneProtocolMessageDispatcher.java:87) [hdds-server-framework-1.3.0-SNAPSHOT.jar:?]
	at org.apache.hadoop.ozone.protocolPB.OzoneManagerProtocolServerSideTranslatorPB.submitRequest(OzoneManagerProtocolServerSideTranslatorPB.java:147) [ozone-manager-1.3.0-SNAPSHOT.jar:?]
	at org.apache.hadoop.ozone.protocol.proto.OzoneManagerProtocolProtos$OzoneManagerService$2.callBlockingMethod(OzoneManagerProtocolProtos.java) [ozone-interface-client-1.3.0-SNAPSHOT.jar:?]
	at org.apache.hadoop.ipc.ProtobufRpcEngine$Server.processCall(ProtobufRpcEngine.java:466) [hadoop-common-3.3.1.jar:?]
	at org.apache.hadoop.ipc.ProtobufRpcEngine2$Server$ProtoBufRpcInvoker.call(ProtobufRpcEngine2.java:574) [hadoop-common-3.3.1.jar:?]
	at org.apache.hadoop.ipc.ProtobufRpcEngine2$Server$ProtoBufRpcInvoker.call(ProtobufRpcEngine2.java:552) [hadoop-common-3.3.1.jar:?]
	at org.apache.hadoop.ipc.RPC$Server.call(RPC.java:1093) [hadoop-common-3.3.1.jar:?]
	at org.apache.hadoop.ipc.Server$RpcCall.run(Server.java:1035) [hadoop-common-3.3.1.jar:?]
	at org.apache.hadoop.ipc.Server$RpcCall.run(Server.java:963) [hadoop-common-3.3.1.jar:?]
	at java.security.AccessController.doPrivileged(Native Method) ~[?:1.8.0_345]
	at javax.security.auth.Subject.doAs(Subject.java:422) [?:1.8.0_345]
	at org.apache.hadoop.security.UserGroupInformation.doAs(UserGroupInformation.java:1878) [hadoop-common-3.3.1.jar:?]
	at org.apache.hadoop.ipc.Server$Handler.run(Server.java:2966) [hadoop-common-3.3.1.jar:?]
18:58:07.114 [IPC Server handler 8 on default port 37469] ERROR OMAudit - user=runner | ip=127.0.0.1 | op=READ_KEY {volume=volume31861, bucket=bucket82141, key=dir1/dir2/file2, dataSize=0, replicationConfig=null} | ret=FAILURE
org.apache.hadoop.ozone.om.exceptions.OMException: Key:dir1/dir2/file2 not found
	at org.apache.hadoop.ozone.om.KeyManagerImpl.lookupKey(KeyManagerImpl.java:399) ~[ozone-manager-1.3.0-SNAPSHOT.jar:?]
	at org.apache.hadoop.ozone.om.OzoneManager.lookupKey(OzoneManager.java:2819) ~[ozone-manager-1.3.0-SNAPSHOT.jar:?]
	at org.apache.hadoop.ozone.protocolPB.OzoneManagerRequestHandler.lookupKey(OzoneManagerRequestHandler.java:495) ~[ozone-manager-1.3.0-SNAPSHOT.jar:?]
	at org.apache.hadoop.ozone.protocolPB.OzoneManagerRequestHandler.handleReadRequest(OzoneManagerRequestHandler.java:188) ~[ozone-manager-1.3.0-SNAPSHOT.jar:?]
	at org.apache.hadoop.ozone.protocolPB.OzoneManagerProtocolServerSideTranslatorPB.submitReadRequestToOM(OzoneManagerProtocolServerSideTranslatorPB.java:226) ~[ozone-manager-1.3.0-SNAPSHOT.jar:?]
	at org.apache.hadoop.ozone.protocolPB.OzoneManagerProtocolServerSideTranslatorPB.processRequest(OzoneManagerProtocolServerSideTranslatorPB.java:175) ~[ozone-manager-1.3.0-SNAPSHOT.jar:?]
	at org.apache.hadoop.hdds.server.OzoneProtocolMessageDispatcher.processRequest(OzoneProtocolMessageDispatcher.java:87) [hdds-server-framework-1.3.0-SNAPSHOT.jar:?]
	at org.apache.hadoop.ozone.protocolPB.OzoneManagerProtocolServerSideTranslatorPB.submitRequest(OzoneManagerProtocolServerSideTranslatorPB.java:147) [ozone-manager-1.3.0-SNAPSHOT.jar:?]
	at org.apache.hadoop.ozone.protocol.proto.OzoneManagerProtocolProtos$OzoneManagerService$2.callBlockingMethod(OzoneManagerProtocolProtos.java) [ozone-interface-client-1.3.0-SNAPSHOT.jar:?]
	at org.apache.hadoop.ipc.ProtobufRpcEngine$Server.processCall(ProtobufRpcEngine.java:466) [hadoop-common-3.3.1.jar:?]
	at org.apache.hadoop.ipc.ProtobufRpcEngine2$Server$ProtoBufRpcInvoker.call(ProtobufRpcEngine2.java:574) [hadoop-common-3.3.1.jar:?]
	at org.apache.hadoop.ipc.ProtobufRpcEngine2$Server$ProtoBufRpcInvoker.call(ProtobufRpcEngine2.java:552) [hadoop-common-3.3.1.jar:?]
	at org.apache.hadoop.ipc.RPC$Server.call(RPC.java:1093) [hadoop-common-3.3.1.jar:?]
	at org.apache.hadoop.ipc.Server$RpcCall.run(Server.java:1035) [hadoop-common-3.3.1.jar:?]
	at org.apache.hadoop.ipc.Server$RpcCall.run(Server.java:963) [hadoop-common-3.3.1.jar:?]
	at java.security.AccessController.doPrivileged(Native Method) ~[?:1.8.0_345]
	at javax.security.auth.Subject.doAs(Subject.java:422) [?:1.8.0_345]
	at org.apache.hadoop.security.UserGroupInformation.doAs(UserGroupInformation.java:1878) [hadoop-common-3.3.1.jar:?]
	at org.apache.hadoop.ipc.Server$Handler.run(Server.java:2966) [hadoop-common-3.3.1.jar:?]
]]></system-out>
  </testcase>
  <testcase name="testCreateKey" classname="org.apache.hadoop.ozone.om.TestObjectStoreWithFSO" time="0.076"/>
  <testcase name="testRenameToAnExistingKey" classname="org.apache.hadoop.ozone.om.TestObjectStoreWithFSO" time="0.161">
    <system-out><![CDATA[18:58:07.352 [OM StateMachine ApplyTransaction Thread - 0] ERROR OMAudit - user=runner | ip=127.0.0.1 | op=RENAME_KEY {volume=volume31861, bucket=bucket82141, dataSize=0, replicationType=NONE, replicationFactor=ZERO, srcKey=dir1/dir2/file1, dstKey=dir1/dir2/file2} | ret=FAILURE
org.apache.hadoop.ozone.om.exceptions.OMException: Failed to rename, key already exists dir1/dir2/file2
	at org.apache.hadoop.ozone.om.request.key.OMKeyRenameRequestWithFSO.validateAndUpdateCache(OMKeyRenameRequestWithFSO.java:192) ~[ozone-manager-1.3.0-SNAPSHOT.jar:?]
	at org.apache.hadoop.ozone.protocolPB.OzoneManagerRequestHandler.handleWriteRequest(OzoneManagerRequestHandler.java:304) ~[ozone-manager-1.3.0-SNAPSHOT.jar:?]
	at org.apache.hadoop.ozone.om.ratis.OzoneManagerStateMachine.runCommand(OzoneManagerStateMachine.java:529) ~[ozone-manager-1.3.0-SNAPSHOT.jar:?]
	at org.apache.hadoop.ozone.om.ratis.OzoneManagerStateMachine.lambda$1(OzoneManagerStateMachine.java:324) ~[ozone-manager-1.3.0-SNAPSHOT.jar:?]
	at java.util.concurrent.CompletableFuture$AsyncSupply.run(CompletableFuture.java:1604) [?:1.8.0_345]
	at java.util.concurrent.ThreadPoolExecutor.runWorker(ThreadPoolExecutor.java:1149) [?:1.8.0_345]
	at java.util.concurrent.ThreadPoolExecutor$Worker.run(ThreadPoolExecutor.java:624) [?:1.8.0_345]
	at java.lang.Thread.run(Thread.java:750) [?:1.8.0_345]
2022-08-25 18:58:07,352 [OM StateMachine ApplyTransaction Thread - 0] ERROR key.OMKeyRenameRequestWithFSO (OMKeyRenameRequestWithFSO.java:validateAndUpdateCache(234)) - Rename key failed for volume:volume31861 bucket:bucket82141 fromKey:dir1/dir2/file1 toKey:dir1/dir2/file2. Key: dir1/dir2/file1 not found.
]]></system-out>
  </testcase>
  <testcase name="testLookupKey" classname="org.apache.hadoop.ozone.om.TestObjectStoreWithFSO" time="0.098">
    <system-out><![CDATA[18:58:07.390 [IPC Server handler 14 on default port 37469] ERROR OMAudit - user=runner | ip=127.0.0.1 | op=READ_KEY {volume=volume31861, bucket=bucket82141, key=a/b/c/key09599, dataSize=0, replicationConfig=null} | ret=FAILURE
org.apache.hadoop.ozone.om.exceptions.OMException: Key:a/b/c/key09599 not found
	at org.apache.hadoop.ozone.om.KeyManagerImpl.lookupKey(KeyManagerImpl.java:399) ~[ozone-manager-1.3.0-SNAPSHOT.jar:?]
	at org.apache.hadoop.ozone.om.OzoneManager.lookupKey(OzoneManager.java:2819) ~[ozone-manager-1.3.0-SNAPSHOT.jar:?]
	at org.apache.hadoop.ozone.protocolPB.OzoneManagerRequestHandler.lookupKey(OzoneManagerRequestHandler.java:495) ~[ozone-manager-1.3.0-SNAPSHOT.jar:?]
	at org.apache.hadoop.ozone.protocolPB.OzoneManagerRequestHandler.handleReadRequest(OzoneManagerRequestHandler.java:188) ~[ozone-manager-1.3.0-SNAPSHOT.jar:?]
	at org.apache.hadoop.ozone.protocolPB.OzoneManagerProtocolServerSideTranslatorPB.submitReadRequestToOM(OzoneManagerProtocolServerSideTranslatorPB.java:226) ~[ozone-manager-1.3.0-SNAPSHOT.jar:?]
	at org.apache.hadoop.ozone.protocolPB.OzoneManagerProtocolServerSideTranslatorPB.processRequest(OzoneManagerProtocolServerSideTranslatorPB.java:175) ~[ozone-manager-1.3.0-SNAPSHOT.jar:?]
	at org.apache.hadoop.hdds.server.OzoneProtocolMessageDispatcher.processRequest(OzoneProtocolMessageDispatcher.java:87) [hdds-server-framework-1.3.0-SNAPSHOT.jar:?]
	at org.apache.hadoop.ozone.protocolPB.OzoneManagerProtocolServerSideTranslatorPB.submitRequest(OzoneManagerProtocolServerSideTranslatorPB.java:147) [ozone-manager-1.3.0-SNAPSHOT.jar:?]
	at org.apache.hadoop.ozone.protocol.proto.OzoneManagerProtocolProtos$OzoneManagerService$2.callBlockingMethod(OzoneManagerProtocolProtos.java) [ozone-interface-client-1.3.0-SNAPSHOT.jar:?]
	at org.apache.hadoop.ipc.ProtobufRpcEngine$Server.processCall(ProtobufRpcEngine.java:466) [hadoop-common-3.3.1.jar:?]
	at org.apache.hadoop.ipc.ProtobufRpcEngine2$Server$ProtoBufRpcInvoker.call(ProtobufRpcEngine2.java:574) [hadoop-common-3.3.1.jar:?]
	at org.apache.hadoop.ipc.ProtobufRpcEngine2$Server$ProtoBufRpcInvoker.call(ProtobufRpcEngine2.java:552) [hadoop-common-3.3.1.jar:?]
	at org.apache.hadoop.ipc.RPC$Server.call(RPC.java:1093) [hadoop-common-3.3.1.jar:?]
	at org.apache.hadoop.ipc.Server$RpcCall.run(Server.java:1035) [hadoop-common-3.3.1.jar:?]
	at org.apache.hadoop.ipc.Server$RpcCall.run(Server.java:963) [hadoop-common-3.3.1.jar:?]
	at java.security.AccessController.doPrivileged(Native Method) ~[?:1.8.0_345]
	at javax.security.auth.Subject.doAs(Subject.java:422) [?:1.8.0_345]
	at org.apache.hadoop.security.UserGroupInformation.doAs(UserGroupInformation.java:1878) [hadoop-common-3.3.1.jar:?]
	at org.apache.hadoop.ipc.Server$Handler.run(Server.java:2966) [hadoop-common-3.3.1.jar:?]
18:58:07.451 [IPC Server handler 19 on default port 37469] ERROR OMAudit - user=runner | ip=127.0.0.1 | op=READ_KEY {volume=volume31861, bucket=bucket82141, key=a/b/c/key09599, dataSize=0, replicationConfig=null} | ret=FAILURE
org.apache.hadoop.ozone.om.exceptions.OMException: Key:a/b/c/key09599 not found
	at org.apache.hadoop.ozone.om.KeyManagerImpl.lookupKey(KeyManagerImpl.java:399) ~[ozone-manager-1.3.0-SNAPSHOT.jar:?]
	at org.apache.hadoop.ozone.om.OzoneManager.lookupKey(OzoneManager.java:2819) ~[ozone-manager-1.3.0-SNAPSHOT.jar:?]
	at org.apache.hadoop.ozone.protocolPB.OzoneManagerRequestHandler.lookupKey(OzoneManagerRequestHandler.java:495) ~[ozone-manager-1.3.0-SNAPSHOT.jar:?]
	at org.apache.hadoop.ozone.protocolPB.OzoneManagerRequestHandler.handleReadRequest(OzoneManagerRequestHandler.java:188) ~[ozone-manager-1.3.0-SNAPSHOT.jar:?]
	at org.apache.hadoop.ozone.protocolPB.OzoneManagerProtocolServerSideTranslatorPB.submitReadRequestToOM(OzoneManagerProtocolServerSideTranslatorPB.java:226) ~[ozone-manager-1.3.0-SNAPSHOT.jar:?]
	at org.apache.hadoop.ozone.protocolPB.OzoneManagerProtocolServerSideTranslatorPB.processRequest(OzoneManagerProtocolServerSideTranslatorPB.java:175) ~[ozone-manager-1.3.0-SNAPSHOT.jar:?]
	at org.apache.hadoop.hdds.server.OzoneProtocolMessageDispatcher.processRequest(OzoneProtocolMessageDispatcher.java:87) [hdds-server-framework-1.3.0-SNAPSHOT.jar:?]
	at org.apache.hadoop.ozone.protocolPB.OzoneManagerProtocolServerSideTranslatorPB.submitRequest(OzoneManagerProtocolServerSideTranslatorPB.java:147) [ozone-manager-1.3.0-SNAPSHOT.jar:?]
	at org.apache.hadoop.ozone.protocol.proto.OzoneManagerProtocolProtos$OzoneManagerService$2.callBlockingMethod(OzoneManagerProtocolProtos.java) [ozone-interface-client-1.3.0-SNAPSHOT.jar:?]
	at org.apache.hadoop.ipc.ProtobufRpcEngine$Server.processCall(ProtobufRpcEngine.java:466) [hadoop-common-3.3.1.jar:?]
	at org.apache.hadoop.ipc.ProtobufRpcEngine2$Server$ProtoBufRpcInvoker.call(ProtobufRpcEngine2.java:574) [hadoop-common-3.3.1.jar:?]
	at org.apache.hadoop.ipc.ProtobufRpcEngine2$Server$ProtoBufRpcInvoker.call(ProtobufRpcEngine2.java:552) [hadoop-common-3.3.1.jar:?]
	at org.apache.hadoop.ipc.RPC$Server.call(RPC.java:1093) [hadoop-common-3.3.1.jar:?]
	at org.apache.hadoop.ipc.Server$RpcCall.run(Server.java:1035) [hadoop-common-3.3.1.jar:?]
	at org.apache.hadoop.ipc.Server$RpcCall.run(Server.java:963) [hadoop-common-3.3.1.jar:?]
	at java.security.AccessController.doPrivileged(Native Method) ~[?:1.8.0_345]
	at javax.security.auth.Subject.doAs(Subject.java:422) [?:1.8.0_345]
	at org.apache.hadoop.security.UserGroupInformation.doAs(UserGroupInformation.java:1878) [hadoop-common-3.3.1.jar:?]
	at org.apache.hadoop.ipc.Server$Handler.run(Server.java:2966) [hadoop-common-3.3.1.jar:?]
]]></system-out>
  </testcase>
  <testcase name="testDeleteBucketWithKeys" classname="org.apache.hadoop.ozone.om.TestObjectStoreWithFSO" time="0.117">
    <system-out><![CDATA[2022-08-25 18:58:07,479 [Time-limited test] INFO  rpc.RpcClient (RpcClient.java:createVolume(471)) - Creating Volume: volume27488, with user33277 as owner and space quota set to -1 bytes, counts quota set to -1
2022-08-25 18:58:07,483 [OM StateMachine ApplyTransaction Thread - 0] INFO  volume.OMVolumeCreateRequest (OMVolumeCreateRequest.java:validateAndUpdateCache(195)) - created volume:volume27488 for user:user33277
2022-08-25 18:58:07,486 [Time-limited test] INFO  rpc.RpcClient (RpcClient.java:createBucket(674)) - Creating Bucket: volume27488/bucket05195, with bucket layout FILE_SYSTEM_OPTIMIZED, runner as owner, Versioning false, Storage Type set to DISK and Encryption set to false 
2022-08-25 18:58:07,489 [OM StateMachine ApplyTransaction Thread - 0] INFO  bucket.OMBucketCreateRequest (OMBucketCreateRequest.java:validateAndUpdateCache(260)) - created bucket: bucket05195 of layout FILE_SYSTEM_OPTIMIZED in volume: volume27488
18:58:07.523 [OM StateMachine ApplyTransaction Thread - 0] ERROR OMAudit - user=runner | ip=127.0.0.1 | op=DELETE_BUCKET {volume=volume27488, bucket=bucket05195} | ret=FAILURE
org.apache.hadoop.ozone.om.exceptions.OMException: Bucket is not empty
	at org.apache.hadoop.ozone.om.request.bucket.OMBucketDeleteRequest.validateAndUpdateCache(OMBucketDeleteRequest.java:135) ~[ozone-manager-1.3.0-SNAPSHOT.jar:?]
	at org.apache.hadoop.ozone.protocolPB.OzoneManagerRequestHandler.handleWriteRequest(OzoneManagerRequestHandler.java:304) ~[ozone-manager-1.3.0-SNAPSHOT.jar:?]
	at org.apache.hadoop.ozone.om.ratis.OzoneManagerStateMachine.runCommand(OzoneManagerStateMachine.java:529) ~[ozone-manager-1.3.0-SNAPSHOT.jar:?]
	at org.apache.hadoop.ozone.om.ratis.OzoneManagerStateMachine.lambda$1(OzoneManagerStateMachine.java:324) ~[ozone-manager-1.3.0-SNAPSHOT.jar:?]
	at java.util.concurrent.CompletableFuture$AsyncSupply.run(CompletableFuture.java:1604) [?:1.8.0_345]
	at java.util.concurrent.ThreadPoolExecutor.runWorker(ThreadPoolExecutor.java:1149) [?:1.8.0_345]
	at java.util.concurrent.ThreadPoolExecutor$Worker.run(ThreadPoolExecutor.java:624) [?:1.8.0_345]
	at java.lang.Thread.run(Thread.java:750) [?:1.8.0_345]
2022-08-25 18:58:07,524 [OM StateMachine ApplyTransaction Thread - 0] ERROR bucket.OMBucketDeleteRequest (OMBucketDeleteRequest.java:validateAndUpdateCache(195)) - Delete bucket failed for bucket:bucket05195 in volume:volume27488
BUCKET_NOT_EMPTY org.apache.hadoop.ozone.om.exceptions.OMException: Bucket is not empty
	at org.apache.hadoop.ozone.om.request.bucket.OMBucketDeleteRequest.validateAndUpdateCache(OMBucketDeleteRequest.java:135)
	at org.apache.hadoop.ozone.protocolPB.OzoneManagerRequestHandler.handleWriteRequest(OzoneManagerRequestHandler.java:304)
	at org.apache.hadoop.ozone.om.ratis.OzoneManagerStateMachine.runCommand(OzoneManagerStateMachine.java:529)
	at org.apache.hadoop.ozone.om.ratis.OzoneManagerStateMachine.lambda$1(OzoneManagerStateMachine.java:324)
	at java.util.concurrent.CompletableFuture$AsyncSupply.run(CompletableFuture.java:1604)
	at java.util.concurrent.ThreadPoolExecutor.runWorker(ThreadPoolExecutor.java:1149)
	at java.util.concurrent.ThreadPoolExecutor$Worker.run(ThreadPoolExecutor.java:624)
	at java.lang.Thread.run(Thread.java:750)
18:58:07.530 [OM StateMachine ApplyTransaction Thread - 0] ERROR OMAudit - user=runner | ip=127.0.0.1 | op=DELETE_BUCKET {volume=volume27488, bucket=bucket05195} | ret=FAILURE
org.apache.hadoop.ozone.om.exceptions.OMException: Bucket is not empty
	at org.apache.hadoop.ozone.om.request.bucket.OMBucketDeleteRequest.validateAndUpdateCache(OMBucketDeleteRequest.java:135) ~[ozone-manager-1.3.0-SNAPSHOT.jar:?]
	at org.apache.hadoop.ozone.protocolPB.OzoneManagerRequestHandler.handleWriteRequest(OzoneManagerRequestHandler.java:304) ~[ozone-manager-1.3.0-SNAPSHOT.jar:?]
	at org.apache.hadoop.ozone.om.ratis.OzoneManagerStateMachine.runCommand(OzoneManagerStateMachine.java:529) ~[ozone-manager-1.3.0-SNAPSHOT.jar:?]
	at org.apache.hadoop.ozone.om.ratis.OzoneManagerStateMachine.lambda$1(OzoneManagerStateMachine.java:324) ~[ozone-manager-1.3.0-SNAPSHOT.jar:?]
	at java.util.concurrent.CompletableFuture$AsyncSupply.run(CompletableFuture.java:1604) [?:1.8.0_345]
	at java.util.concurrent.ThreadPoolExecutor.runWorker(ThreadPoolExecutor.java:1149) [?:1.8.0_345]
	at java.util.concurrent.ThreadPoolExecutor$Worker.run(ThreadPoolExecutor.java:624) [?:1.8.0_345]
	at java.lang.Thread.run(Thread.java:750) [?:1.8.0_345]
2022-08-25 18:58:07,530 [OM StateMachine ApplyTransaction Thread - 0] ERROR bucket.OMBucketDeleteRequest (OMBucketDeleteRequest.java:validateAndUpdateCache(195)) - Delete bucket failed for bucket:bucket05195 in volume:volume27488
BUCKET_NOT_EMPTY org.apache.hadoop.ozone.om.exceptions.OMException: Bucket is not empty
	at org.apache.hadoop.ozone.om.request.bucket.OMBucketDeleteRequest.validateAndUpdateCache(OMBucketDeleteRequest.java:135)
	at org.apache.hadoop.ozone.protocolPB.OzoneManagerRequestHandler.handleWriteRequest(OzoneManagerRequestHandler.java:304)
	at org.apache.hadoop.ozone.om.ratis.OzoneManagerStateMachine.runCommand(OzoneManagerStateMachine.java:529)
	at org.apache.hadoop.ozone.om.ratis.OzoneManagerStateMachine.lambda$1(OzoneManagerStateMachine.java:324)
	at java.util.concurrent.CompletableFuture$AsyncSupply.run(CompletableFuture.java:1604)
	at java.util.concurrent.ThreadPoolExecutor.runWorker(ThreadPoolExecutor.java:1149)
	at java.util.concurrent.ThreadPoolExecutor$Worker.run(ThreadPoolExecutor.java:624)
	at java.lang.Thread.run(Thread.java:750)
18:58:07.537 [OM StateMachine ApplyTransaction Thread - 0] ERROR OMAudit - user=runner | ip=127.0.0.1 | op=DELETE_BUCKET {volume=volume27488, bucket=bucket05195} | ret=FAILURE
org.apache.hadoop.ozone.om.exceptions.OMException: Bucket is not empty
	at org.apache.hadoop.ozone.om.request.bucket.OMBucketDeleteRequest.validateAndUpdateCache(OMBucketDeleteRequest.java:135) ~[ozone-manager-1.3.0-SNAPSHOT.jar:?]
	at org.apache.hadoop.ozone.protocolPB.OzoneManagerRequestHandler.handleWriteRequest(OzoneManagerRequestHandler.java:304) ~[ozone-manager-1.3.0-SNAPSHOT.jar:?]
	at org.apache.hadoop.ozone.om.ratis.OzoneManagerStateMachine.runCommand(OzoneManagerStateMachine.java:529) ~[ozone-manager-1.3.0-SNAPSHOT.jar:?]
	at org.apache.hadoop.ozone.om.ratis.OzoneManagerStateMachine.lambda$1(OzoneManagerStateMachine.java:324) ~[ozone-manager-1.3.0-SNAPSHOT.jar:?]
	at java.util.concurrent.CompletableFuture$AsyncSupply.run(CompletableFuture.java:1604) [?:1.8.0_345]
	at java.util.concurrent.ThreadPoolExecutor.runWorker(ThreadPoolExecutor.java:1149) [?:1.8.0_345]
	at java.util.concurrent.ThreadPoolExecutor$Worker.run(ThreadPoolExecutor.java:624) [?:1.8.0_345]
	at java.lang.Thread.run(Thread.java:750) [?:1.8.0_345]
2022-08-25 18:58:07,537 [OM StateMachine ApplyTransaction Thread - 0] ERROR bucket.OMBucketDeleteRequest (OMBucketDeleteRequest.java:validateAndUpdateCache(195)) - Delete bucket failed for bucket:bucket05195 in volume:volume27488
BUCKET_NOT_EMPTY org.apache.hadoop.ozone.om.exceptions.OMException: Bucket is not empty
	at org.apache.hadoop.ozone.om.request.bucket.OMBucketDeleteRequest.validateAndUpdateCache(OMBucketDeleteRequest.java:135)
	at org.apache.hadoop.ozone.protocolPB.OzoneManagerRequestHandler.handleWriteRequest(OzoneManagerRequestHandler.java:304)
	at org.apache.hadoop.ozone.om.ratis.OzoneManagerStateMachine.runCommand(OzoneManagerStateMachine.java:529)
	at org.apache.hadoop.ozone.om.ratis.OzoneManagerStateMachine.lambda$1(OzoneManagerStateMachine.java:324)
	at java.util.concurrent.CompletableFuture$AsyncSupply.run(CompletableFuture.java:1604)
	at java.util.concurrent.ThreadPoolExecutor.runWorker(ThreadPoolExecutor.java:1149)
	at java.util.concurrent.ThreadPoolExecutor$Worker.run(ThreadPoolExecutor.java:624)
	at java.lang.Thread.run(Thread.java:750)
]]></system-out>
  </testcase>
</testsuite>