<?xml version="1.0" encoding="UTF-8"?>
<testsuite xmlns:xsi="http://www.w3.org/2001/XMLSchema-instance" xsi:noNamespaceSchemaLocation="https://maven.apache.org/surefire/maven-surefire-plugin/xsd/surefire-test-report.xsd" name="org.apache.hadoop.ozone.om.TestOzoneManagerHAMetadataOnly" time="204.375" tests="10" errors="0" skipped="2" failures="1">
  <properties>
    <property name="awt.toolkit" value="sun.awt.X11.XToolkit"/>
    <property name="file.encoding.pkg" value="sun.io"/>
    <property name="java.specification.version" value="1.8"/>
    <property name="sun.cpu.isalist" value=""/>
    <property name="sun.jnu.encoding" value="ANSI_X3.4-1968"/>
    <property name="java.class.path" value="/github/workspace/mnt/ozone/hadoop-ozone/integration-test/target/test-classes:/github/workspace/mnt/ozone/hadoop-ozone/integration-test/target/classes:/home/user/.m2/repository/org/apache/hadoop/hadoop-ozone-common/1.1.0-SNAPSHOT/hadoop-ozone-common-1.1.0-SNAPSHOT.jar:/home/user/.m2/repository/org/apache/commons/commons-compress/1.4.1/commons-compress-1.4.1.jar:/home/user/.m2/repository/org/tukaani/xz/1.0/xz-1.0.jar:/home/user/.m2/repository/org/apache/hadoop/hadoop-hdds-common/1.1.0-SNAPSHOT/hadoop-hdds-common-1.1.0-SNAPSHOT.jar:/home/user/.m2/repository/org/apache/hadoop/hadoop-hdds-client/1.1.0-SNAPSHOT/hadoop-hdds-client-1.1.0-SNAPSHOT.jar:/home/user/.m2/repository/org/apache/hadoop/hadoop-ozone-interface-client/1.1.0-SNAPSHOT/hadoop-ozone-interface-client-1.1.0-SNAPSHOT.jar:/home/user/.m2/repository/org/apache/hadoop/hadoop-hdds-test-utils/1.1.0-SNAPSHOT/hadoop-hdds-test-utils-1.1.0-SNAPSHOT.jar:/home/user/.m2/repository/com/google/guava/guava/28.2-jre/guava-28.2-jre.jar:/home/user/.m2/repository/com/google/guava/failureaccess/1.0.1/failureaccess-1.0.1.jar:/home/user/.m2/repository/com/google/guava/listenablefuture/9999.0-empty-to-avoid-conflict-with-guava/listenablefuture-9999.0-empty-to-avoid-conflict-with-guava.jar:/home/user/.m2/repository/com/google/code/findbugs/jsr305/3.0.0/jsr305-3.0.0.jar:/home/user/.m2/repository/org/checkerframework/checker-qual/2.10.0/checker-qual-2.10.0.jar:/home/user/.m2/repository/com/google/errorprone/error_prone_annotations/2.2.0/error_prone_annotations-2.2.0.jar:/home/user/.m2/repository/com/google/j2objc/j2objc-annotations/1.3/j2objc-annotations-1.3.jar:/home/user/.m2/repository/commons-io/commons-io/2.5/commons-io-2.5.jar:/home/user/.m2/repository/commons-logging/commons-logging/1.2/commons-logging-1.2.jar:/home/user/.m2/repository/log4j/log4j/1.2.17/log4j-1.2.17.jar:/home/user/.m2/repository/org/slf4j/slf4j-api/1.7.30/slf4j-api-1.7.30.jar:/home/user/.m2/repository/org/apache/hadoop/hadoop-hdds-server-scm/1.1.0-SNAPSHOT/hadoop-hdds-server-scm-1.1.0-SNAPSHOT.jar:/home/user/.m2/repository/org/apache/hadoop/hadoop-hdds-container-service/1.1.0-SNAPSHOT/hadoop-hdds-container-service-1.1.0-SNAPSHOT.jar:/home/user/.m2/repository/org/apache/hadoop/hadoop-hdds-hadoop-dependency-server/1.1.0-SNAPSHOT/hadoop-hdds-hadoop-dependency-server-1.1.0-SNAPSHOT.jar:/home/user/.m2/repository/org/apache/hadoop/hadoop-hdfs/3.2.1/hadoop-hdfs-3.2.1.jar:/home/user/.m2/repository/org/apache/hadoop/hadoop-hdds-server-framework/1.1.0-SNAPSHOT/hadoop-hdds-server-framework-1.1.0-SNAPSHOT.jar:/home/user/.m2/repository/org/apache/hadoop/hadoop-hdds-interface-server/1.1.0-SNAPSHOT/hadoop-hdds-interface-server-1.1.0-SNAPSHOT.jar:/home/user/.m2/repository/org/apache/hadoop/hadoop-hdds-interface-admin/1.1.0-SNAPSHOT/hadoop-hdds-interface-admin-1.1.0-SNAPSHOT.jar:/home/user/.m2/repository/org/eclipse/jetty/jetty-servlet/9.4.34.v20201102/jetty-servlet-9.4.34.v20201102.jar:/home/user/.m2/repository/org/eclipse/jetty/jetty-security/9.4.34.v20201102/jetty-security-9.4.34.v20201102.jar:/home/user/.m2/repository/org/rocksdb/rocksdbjni/6.8.1/rocksdbjni-6.8.1.jar:/home/user/.m2/repository/io/prometheus/simpleclient_dropwizard/0.7.0/simpleclient_dropwizard-0.7.0.jar:/home/user/.m2/repository/io/prometheus/simpleclient/0.7.0/simpleclient-0.7.0.jar:/home/user/.m2/repository/io/prometheus/simpleclient_common/0.7.0/simpleclient_common-0.7.0.jar:/home/user/.m2/repository/com/fasterxml/jackson/datatype/jackson-datatype-jsr310/2.10.3/jackson-datatype-jsr310-2.10.3.jar:/home/user/.m2/repository/io/dropwizard/metrics/metrics-core/3.2.4/metrics-core-3.2.4.jar:/home/user/.m2/repository/org/apache/hadoop/hadoop-hdfs-client/3.2.1/hadoop-hdfs-client-3.2.1.jar:/home/user/.m2/repository/org/bouncycastle/bcprov-jdk15on/1.60/bcprov-jdk15on-1.60.jar:/home/user/.m2/repository/org/apache/hadoop/hadoop-ozone-ozone-manager/1.1.0-SNAPSHOT/hadoop-ozone-ozone-manager-1.1.0-SNAPSHOT.jar:/home/user/.m2/repository/org/apache/hadoop/hadoop-hdds-interface-client/1.1.0-SNAPSHOT/hadoop-hdds-interface-client-1.1.0-SNAPSHOT.jar:/home/user/.m2/repository/org/apache/ratis/ratis-thirdparty-misc/0.6.0-SNAPSHOT/ratis-thirdparty-misc-0.6.0-SNAPSHOT.jar:/home/user/.m2/repository/org/apache/hadoop/hadoop-ozone-interface-storage/1.1.0-SNAPSHOT/hadoop-ozone-interface-storage-1.1.0-SNAPSHOT.jar:/home/user/.m2/repository/org/apache/hadoop/hadoop-minikdc/3.2.1/hadoop-minikdc-3.2.1.jar:/home/user/.m2/repository/org/apache/kerby/kerb-simplekdc/1.0.1/kerb-simplekdc-1.0.1.jar:/home/user/.m2/repository/org/apache/kerby/kerb-client/1.0.1/kerb-client-1.0.1.jar:/home/user/.m2/repository/org/apache/kerby/kerby-config/1.0.1/kerby-config-1.0.1.jar:/home/user/.m2/repository/org/apache/kerby/kerb-core/1.0.1/kerb-core-1.0.1.jar:/home/user/.m2/repository/org/apache/kerby/kerby-pkix/1.0.1/kerby-pkix-1.0.1.jar:/home/user/.m2/repository/org/apache/kerby/kerby-asn1/1.0.1/kerby-asn1-1.0.1.jar:/home/user/.m2/repository/org/apache/kerby/kerby-util/1.0.1/kerby-util-1.0.1.jar:/home/user/.m2/repository/org/apache/kerby/kerb-common/1.0.1/kerb-common-1.0.1.jar:/home/user/.m2/repository/org/apache/kerby/kerb-crypto/1.0.1/kerb-crypto-1.0.1.jar:/home/user/.m2/repository/org/apache/kerby/kerb-util/1.0.1/kerb-util-1.0.1.jar:/home/user/.m2/repository/org/apache/kerby/token-provider/1.0.1/token-provider-1.0.1.jar:/home/user/.m2/repository/org/apache/kerby/kerb-admin/1.0.1/kerb-admin-1.0.1.jar:/home/user/.m2/repository/org/apache/kerby/kerb-server/1.0.1/kerb-server-1.0.1.jar:/home/user/.m2/repository/org/apache/kerby/kerb-identity/1.0.1/kerb-identity-1.0.1.jar:/home/user/.m2/repository/org/apache/kerby/kerby-xdr/1.0.1/kerby-xdr-1.0.1.jar:/home/user/.m2/repository/org/slf4j/slf4j-log4j12/1.7.30/slf4j-log4j12-1.7.30.jar:/home/user/.m2/repository/org/apache/hadoop/hadoop-ozone-s3gateway/1.1.0-SNAPSHOT/hadoop-ozone-s3gateway-1.1.0-SNAPSHOT.jar:/home/user/.m2/repository/org/jboss/weld/servlet/weld-servlet/2.4.7.Final/weld-servlet-2.4.7.Final.jar:/home/user/.m2/repository/org/glassfish/jersey/containers/jersey-container-servlet-core/2.27/jersey-container-servlet-core-2.27.jar:/home/user/.m2/repository/org/glassfish/hk2/external/javax.inject/2.5.0-b42/javax.inject-2.5.0-b42.jar:/home/user/.m2/repository/org/glassfish/jersey/core/jersey-common/2.27/jersey-common-2.27.jar:/home/user/.m2/repository/org/glassfish/hk2/osgi-resource-locator/1.0.1/osgi-resource-locator-1.0.1.jar:/home/user/.m2/repository/javax/ws/rs/javax.ws.rs-api/2.1/javax.ws.rs-api-2.1.jar:/home/user/.m2/repository/org/glassfish/jersey/ext/cdi/jersey-cdi1x/2.27/jersey-cdi1x-2.27.jar:/home/user/.m2/repository/org/glassfish/jersey/inject/jersey-hk2/2.27/jersey-hk2-2.27.jar:/home/user/.m2/repository/org/glassfish/hk2/hk2-locator/2.5.0-b42/hk2-locator-2.5.0-b42.jar:/home/user/.m2/repository/org/javassist/javassist/3.22.0-CR2/javassist-3.22.0-CR2.jar:/home/user/.m2/repository/org/glassfish/hk2/hk2-api/2.5.0/hk2-api-2.5.0.jar:/home/user/.m2/repository/org/glassfish/hk2/external/jakarta.inject/2.5.0/jakarta.inject-2.5.0.jar:/home/user/.m2/repository/org/glassfish/hk2/hk2-utils/2.5.0/hk2-utils-2.5.0.jar:/home/user/.m2/repository/jakarta/annotation/jakarta.annotation-api/1.3.4/jakarta.annotation-api-1.3.4.jar:/home/user/.m2/repository/org/glassfish/hk2/external/aopalliance-repackaged/2.5.0/aopalliance-repackaged-2.5.0.jar:/home/user/.m2/repository/com/fasterxml/jackson/dataformat/jackson-dataformat-xml/2.10.3/jackson-dataformat-xml-2.10.3.jar:/home/user/.m2/repository/com/fasterxml/jackson/core/jackson-core/2.10.3/jackson-core-2.10.3.jar:/home/user/.m2/repository/com/fasterxml/jackson/module/jackson-module-jaxb-annotations/2.10.3/jackson-module-jaxb-annotations-2.10.3.jar:/home/user/.m2/repository/jakarta/xml/bind/jakarta.xml.bind-api/2.3.2/jakarta.xml.bind-api-2.3.2.jar:/home/user/.m2/repository/jakarta/activation/jakarta.activation-api/1.2.1/jakarta.activation-api-1.2.1.jar:/home/user/.m2/repository/org/codehaus/woodstox/stax2-api/3.1.4/stax2-api-3.1.4.jar:/home/user/.m2/repository/com/fasterxml/woodstox/woodstox-core/5.0.3/woodstox-core-5.0.3.jar:/home/user/.m2/repository/javax/enterprise/cdi-api/1.2/cdi-api-1.2.jar:/home/user/.m2/repository/javax/el/javax.el-api/3.0.0/javax.el-api-3.0.0.jar:/home/user/.m2/repository/javax/interceptor/javax.interceptor-api/1.2/javax.interceptor-api-1.2.jar:/home/user/.m2/repository/javax/inject/javax.inject/1/javax.inject-1.jar:/home/user/.m2/repository/com/sun/xml/bind/jaxb-impl/2.3.0.1/jaxb-impl-2.3.0.1.jar:/home/user/.m2/repository/com/sun/xml/bind/jaxb-core/2.3.0.1/jaxb-core-2.3.0.1.jar:/home/user/.m2/repository/javax/xml/bind/jaxb-api/2.3.0/jaxb-api-2.3.0.jar:/home/user/.m2/repository/javax/activation/activation/1.1.1/activation-1.1.1.jar:/home/user/.m2/repository/org/apache/hadoop/hadoop-ozone-csi/1.1.0-SNAPSHOT/hadoop-ozone-csi-1.1.0-SNAPSHOT.jar:/home/user/.m2/repository/com/google/protobuf/protobuf-java-util/3.11.0/protobuf-java-util-3.11.0.jar:/home/user/.m2/repository/com/google/code/gson/gson/2.2.4/gson-2.2.4.jar:/home/user/.m2/repository/org/apache/hadoop/hadoop-hdds-config/1.1.0-SNAPSHOT/hadoop-hdds-config-1.1.0-SNAPSHOT.jar:/home/user/.m2/repository/com/google/protobuf/protobuf-java/2.5.0/protobuf-java-2.5.0.jar:/home/user/.m2/repository/io/grpc/grpc-netty/1.29.0/grpc-netty-1.29.0.jar:/home/user/.m2/repository/io/grpc/grpc-core/1.29.0/grpc-core-1.29.0.jar:/home/user/.m2/repository/com/google/android/annotations/4.1.1.4/annotations-4.1.1.4.jar:/home/user/.m2/repository/io/perfmark/perfmark-api/0.19.0/perfmark-api-0.19.0.jar:/home/user/.m2/repository/io/netty/netty-codec-http2/4.1.48.Final/netty-codec-http2-4.1.48.Final.jar:/home/user/.m2/repository/io/netty/netty-codec/4.1.48.Final/netty-codec-4.1.48.Final.jar:/home/user/.m2/repository/io/netty/netty-handler/4.1.48.Final/netty-handler-4.1.48.Final.jar:/home/user/.m2/repository/io/netty/netty-codec-http/4.1.48.Final/netty-codec-http-4.1.48.Final.jar:/home/user/.m2/repository/io/netty/netty-handler-proxy/4.1.48.Final/netty-handler-proxy-4.1.48.Final.jar:/home/user/.m2/repository/io/netty/netty-codec-socks/4.1.48.Final/netty-codec-socks-4.1.48.Final.jar:/home/user/.m2/repository/io/netty/netty-transport-native-epoll/4.1.48.Final/netty-transport-native-epoll-4.1.48.Final.jar:/home/user/.m2/repository/io/netty/netty-common/4.1.48.Final/netty-common-4.1.48.Final.jar:/home/user/.m2/repository/io/netty/netty-buffer/4.1.48.Final/netty-buffer-4.1.48.Final.jar:/home/user/.m2/repository/io/netty/netty-transport/4.1.48.Final/netty-transport-4.1.48.Final.jar:/home/user/.m2/repository/io/netty/netty-resolver/4.1.48.Final/netty-resolver-4.1.48.Final.jar:/home/user/.m2/repository/io/netty/netty-transport-native-unix-common/4.1.48.Final/netty-transport-native-unix-common-4.1.48.Final.jar:/home/user/.m2/repository/io/grpc/grpc-protobuf/1.29.0/grpc-protobuf-1.29.0.jar:/home/user/.m2/repository/io/grpc/grpc-api/1.29.0/grpc-api-1.29.0.jar:/home/user/.m2/repository/io/grpc/grpc-context/1.29.0/grpc-context-1.29.0.jar:/home/user/.m2/repository/org/codehaus/mojo/animal-sniffer-annotations/1.18/animal-sniffer-annotations-1.18.jar:/home/user/.m2/repository/com/google/api/grpc/proto-google-common-protos/1.17.0/proto-google-common-protos-1.17.0.jar:/home/user/.m2/repository/io/grpc/grpc-protobuf-lite/1.29.0/grpc-protobuf-lite-1.29.0.jar:/home/user/.m2/repository/io/grpc/grpc-stub/1.29.0/grpc-stub-1.29.0.jar:/home/user/.m2/repository/org/apache/hadoop/hadoop-ozone-recon/1.1.0-SNAPSHOT/hadoop-ozone-recon-1.1.0-SNAPSHOT.jar:/home/user/.m2/repository/org/apache/hadoop/hadoop-ozone-reconcodegen/1.1.0-SNAPSHOT/hadoop-ozone-reconcodegen-1.1.0-SNAPSHOT.jar:/home/user/.m2/repository/com/google/inject/extensions/guice-multibindings/4.0/guice-multibindings-4.0.jar:/home/user/.m2/repository/com/google/inject/guice/4.0/guice-4.0.jar:/home/user/.m2/repository/aopalliance/aopalliance/1.0/aopalliance-1.0.jar:/home/user/.m2/repository/com/google/inject/extensions/guice-assistedinject/4.0/guice-assistedinject-4.0.jar:/home/user/.m2/repository/com/google/inject/extensions/guice-servlet/4.0/guice-servlet-4.0.jar:/home/user/.m2/repository/org/glassfish/jersey/containers/jersey-container-servlet/2.27/jersey-container-servlet-2.27.jar:/home/user/.m2/repository/org/glassfish/hk2/guice-bridge/2.5.0/guice-bridge-2.5.0.jar:/home/user/.m2/repository/org/glassfish/jersey/core/jersey-server/2.27/jersey-server-2.27.jar:/home/user/.m2/repository/org/glassfish/jersey/core/jersey-client/2.27/jersey-client-2.27.jar:/home/user/.m2/repository/org/glassfish/jersey/media/jersey-media-jaxb/2.27/jersey-media-jaxb-2.27.jar:/home/user/.m2/repository/javax/validation/validation-api/1.1.0.Final/validation-api-1.1.0.Final.jar:/home/user/.m2/repository/org/glassfish/jersey/media/jersey-media-json-jackson/2.27/jersey-media-json-jackson-2.27.jar:/home/user/.m2/repository/org/glassfish/jersey/ext/jersey-entity-filtering/2.27/jersey-entity-filtering-2.27.jar:/home/user/.m2/repository/org/jooq/jooq/3.11.10/jooq-3.11.10.jar:/home/user/.m2/repository/org/jooq/jooq-meta/3.11.10/jooq-meta-3.11.10.jar:/home/user/.m2/repository/org/jooq/jooq-codegen/3.11.10/jooq-codegen-3.11.10.jar:/home/user/.m2/repository/com/jolbox/bonecp/0.8.0.RELEASE/bonecp-0.8.0.RELEASE.jar:/home/user/.m2/repository/org/apache/derby/derby/10.14.2.0/derby-10.14.2.0.jar:/home/user/.m2/repository/org/xerial/sqlite-jdbc/3.25.2/sqlite-jdbc-3.25.2.jar:/home/user/.m2/repository/org/springframework/spring-jdbc/5.2.5.RELEASE/spring-jdbc-5.2.5.RELEASE.jar:/home/user/.m2/repository/org/springframework/spring-beans/5.2.5.RELEASE/spring-beans-5.2.5.RELEASE.jar:/home/user/.m2/repository/org/springframework/spring-core/5.2.5.RELEASE/spring-core-5.2.5.RELEASE.jar:/home/user/.m2/repository/org/springframework/spring-jcl/5.2.5.RELEASE/spring-jcl-5.2.5.RELEASE.jar:/home/user/.m2/repository/org/springframework/spring-tx/5.2.5.RELEASE/spring-tx-5.2.5.RELEASE.jar:/home/user/.m2/repository/org/apache/hadoop/hadoop-ozone-client/1.1.0-SNAPSHOT/hadoop-ozone-client-1.1.0-SNAPSHOT.jar:/home/user/.m2/repository/org/apache/hadoop/hadoop-ozone-filesystem/1.1.0-SNAPSHOT/hadoop-ozone-filesystem-1.1.0-SNAPSHOT.jar:/home/user/.m2/repository/org/apache/hadoop/hadoop-ozone-filesystem-common/1.1.0-SNAPSHOT/hadoop-ozone-filesystem-common-1.1.0-SNAPSHOT.jar:/home/user/.m2/repository/org/apache/hadoop/hadoop-ozone-tools/1.1.0-SNAPSHOT/hadoop-ozone-tools-1.1.0-SNAPSHOT.jar:/home/user/.m2/repository/org/apache/ratis/ratis-tools/1.1.0-913f5a4-SNAPSHOT/ratis-tools-1.1.0-913f5a4-SNAPSHOT.jar:/home/user/.m2/repository/org/apache/ratis/ratis-proto/1.1.0-913f5a4-SNAPSHOT/ratis-proto-1.1.0-913f5a4-SNAPSHOT.jar:/home/user/.m2/repository/org/apache/ratis/ratis-common/1.1.0-913f5a4-SNAPSHOT/ratis-common-1.1.0-913f5a4-SNAPSHOT.jar:/home/user/.m2/repository/com/amazonaws/aws-java-sdk-core/1.11.901/aws-java-sdk-core-1.11.901.jar:/home/user/.m2/repository/org/apache/httpcomponents/httpclient/4.5.13/httpclient-4.5.13.jar:/home/user/.m2/repository/org/apache/httpcomponents/httpcore/4.4.13/httpcore-4.4.13.jar:/home/user/.m2/repository/software/amazon/ion/ion-java/1.0.2/ion-java-1.0.2.jar:/home/user/.m2/repository/com/fasterxml/jackson/dataformat/jackson-dataformat-cbor/2.10.3/jackson-dataformat-cbor-2.10.3.jar:/home/user/.m2/repository/joda-time/joda-time/2.8.1/joda-time-2.8.1.jar:/home/user/.m2/repository/com/amazonaws/aws-java-sdk-s3/1.11.901/aws-java-sdk-s3-1.11.901.jar:/home/user/.m2/repository/com/amazonaws/aws-java-sdk-kms/1.11.901/aws-java-sdk-kms-1.11.901.jar:/home/user/.m2/repository/com/amazonaws/jmespath-java/1.11.901/jmespath-java-1.11.901.jar:/home/user/.m2/repository/org/kohsuke/metainf-services/metainf-services/1.8/metainf-services-1.8.jar:/home/user/.m2/repository/org/apache/hadoop/hadoop-hdds-tools/1.1.0-SNAPSHOT/hadoop-hdds-tools-1.1.0-SNAPSHOT.jar:/home/user/.m2/repository/commons-cli/commons-cli/1.2/commons-cli-1.2.jar:/home/user/.m2/repository/org/apache/commons/commons-lang3/3.7/commons-lang3-3.7.jar:/home/user/.m2/repository/org/apache/hadoop/hadoop-ozone-ozone-manager/1.1.0-SNAPSHOT/hadoop-ozone-ozone-manager-1.1.0-SNAPSHOT-tests.jar:/home/user/.m2/repository/org/apache/hadoop/hadoop-hdds-common/1.1.0-SNAPSHOT/hadoop-hdds-common-1.1.0-SNAPSHOT-tests.jar:/home/user/.m2/repository/org/apache/hadoop/hadoop-hdds-hadoop-dependency-client/1.1.0-SNAPSHOT/hadoop-hdds-hadoop-dependency-client-1.1.0-SNAPSHOT.jar:/home/user/.m2/repository/info/picocli/picocli/4.4.0/picocli-4.4.0.jar:/home/user/.m2/repository/com/fasterxml/jackson/core/jackson-annotations/2.10.3/jackson-annotations-2.10.3.jar:/home/user/.m2/repository/javax/annotation/javax.annotation-api/1.2/javax.annotation-api-1.2.jar:/home/user/.m2/repository/org/fusesource/leveldbjni/leveldbjni-all/1.8/leveldbjni-all-1.8.jar:/home/user/.m2/repository/org/apache/ratis/ratis-server/1.1.0-913f5a4-SNAPSHOT/ratis-server-1.1.0-913f5a4-SNAPSHOT.jar:/home/user/.m2/repository/org/apache/ratis/ratis-client/1.1.0-913f5a4-SNAPSHOT/ratis-client-1.1.0-913f5a4-SNAPSHOT.jar:/home/user/.m2/repository/org/apache/ratis/ratis-metrics/1.1.0-913f5a4-SNAPSHOT/ratis-metrics-1.1.0-913f5a4-SNAPSHOT.jar:/home/user/.m2/repository/org/apache/ratis/ratis-netty/1.1.0-913f5a4-SNAPSHOT/ratis-netty-1.1.0-913f5a4-SNAPSHOT.jar:/home/user/.m2/repository/org/apache/ratis/ratis-grpc/1.1.0-913f5a4-SNAPSHOT/ratis-grpc-1.1.0-913f5a4-SNAPSHOT.jar:/home/user/.m2/repository/org/apache/logging/log4j/log4j-api/2.13.3/log4j-api-2.13.3.jar:/home/user/.m2/repository/org/apache/logging/log4j/log4j-core/2.13.3/log4j-core-2.13.3.jar:/home/user/.m2/repository/com/lmax/disruptor/3.4.2/disruptor-3.4.2.jar:/home/user/.m2/repository/org/apache/commons/commons-pool2/2.6.0/commons-pool2-2.6.0.jar:/home/user/.m2/repository/org/bouncycastle/bcpkix-jdk15on/1.60/bcpkix-jdk15on-1.60.jar:/home/user/.m2/repository/commons-validator/commons-validator/1.6/commons-validator-1.6.jar:/home/user/.m2/repository/commons-beanutils/commons-beanutils/1.9.4/commons-beanutils-1.9.4.jar:/home/user/.m2/repository/commons-digester/commons-digester/1.8.1/commons-digester-1.8.1.jar:/home/user/.m2/repository/commons-collections/commons-collections/3.2.2/commons-collections-3.2.2.jar:/home/user/.m2/repository/io/jaegertracing/jaeger-client/1.2.0/jaeger-client-1.2.0.jar:/home/user/.m2/repository/io/jaegertracing/jaeger-thrift/1.2.0/jaeger-thrift-1.2.0.jar:/home/user/.m2/repository/org/apache/thrift/libthrift/0.13.0/libthrift-0.13.0.jar:/home/user/.m2/repository/com/squareup/okhttp3/okhttp/4.2.2/okhttp-4.2.2.jar:/home/user/.m2/repository/com/squareup/okio/okio/2.2.2/okio-2.2.2.jar:/home/user/.m2/repository/org/jetbrains/kotlin/kotlin-stdlib/1.3.50/kotlin-stdlib-1.3.50.jar:/home/user/.m2/repository/org/jetbrains/kotlin/kotlin-stdlib-common/1.3.50/kotlin-stdlib-common-1.3.50.jar:/home/user/.m2/repository/org/jetbrains/annotations/13.0/annotations-13.0.jar:/home/user/.m2/repository/io/jaegertracing/jaeger-core/1.2.0/jaeger-core-1.2.0.jar:/home/user/.m2/repository/io/jaegertracing/jaeger-tracerresolver/1.2.0/jaeger-tracerresolver-1.2.0.jar:/home/user/.m2/repository/io/opentracing/contrib/opentracing-tracerresolver/0.1.8/opentracing-tracerresolver-0.1.8.jar:/home/user/.m2/repository/io/opentracing/opentracing-util/0.33.0/opentracing-util-0.33.0.jar:/home/user/.m2/repository/io/opentracing/opentracing-api/0.33.0/opentracing-api-0.33.0.jar:/home/user/.m2/repository/io/opentracing/opentracing-noop/0.33.0/opentracing-noop-0.33.0.jar:/home/user/.m2/repository/org/yaml/snakeyaml/1.26/snakeyaml-1.26.jar:/home/user/.m2/repository/junit/junit/4.11/junit-4.11.jar:/home/user/.m2/repository/org/hamcrest/hamcrest-core/1.3/hamcrest-core-1.3.jar:/home/user/.m2/repository/org/openjdk/jmh/jmh-core/1.19/jmh-core-1.19.jar:/home/user/.m2/repository/net/sf/jopt-simple/jopt-simple/4.6/jopt-simple-4.6.jar:/home/user/.m2/repository/org/apache/commons/commons-math3/3.1.1/commons-math3-3.1.1.jar:/home/user/.m2/repository/org/openjdk/jmh/jmh-generator-annprocess/1.19/jmh-generator-annprocess-1.19.jar:/home/user/.m2/repository/org/mockito/mockito-all/1.8.5/mockito-all-1.8.5.jar:/home/user/.m2/repository/org/apache/hadoop/hadoop-kms/3.2.1/hadoop-kms-3.2.1.jar:/home/user/.m2/repository/org/apache/hadoop/hadoop-auth/3.2.1/hadoop-auth-3.2.1.jar:/home/user/.m2/repository/com/nimbusds/nimbus-jose-jwt/7.9/nimbus-jose-jwt-7.9.jar:/home/user/.m2/repository/com/github/stephenc/jcip/jcip-annotations/1.0-1/jcip-annotations-1.0-1.jar:/home/user/.m2/repository/net/minidev/json-smart/2.3/json-smart-2.3.jar:/home/user/.m2/repository/net/minidev/accessors-smart/1.2/accessors-smart-1.2.jar:/home/user/.m2/repository/org/ow2/asm/asm/5.0.4/asm-5.0.4.jar:/home/user/.m2/repository/org/apache/zookeeper/zookeeper/3.4.13/zookeeper-3.4.13.jar:/home/user/.m2/repository/org/apache/yetus/audience-annotations/0.5.0/audience-annotations-0.5.0.jar:/home/user/.m2/repository/org/apache/curator/curator-framework/2.13.0/curator-framework-2.13.0.jar:/home/user/.m2/repository/com/sun/jersey/jersey-core/1.19/jersey-core-1.19.jar:/home/user/.m2/repository/javax/ws/rs/jsr311-api/1.1.1/jsr311-api-1.1.1.jar:/home/user/.m2/repository/com/sun/jersey/jersey-server/1.19/jersey-server-1.19.jar:/home/user/.m2/repository/javax/servlet/javax.servlet-api/3.1.0/javax.servlet-api-3.1.0.jar:/home/user/.m2/repository/org/eclipse/jetty/jetty-server/9.4.34.v20201102/jetty-server-9.4.34.v20201102.jar:/home/user/.m2/repository/org/eclipse/jetty/jetty-http/9.4.34.v20201102/jetty-http-9.4.34.v20201102.jar:/home/user/.m2/repository/org/eclipse/jetty/jetty-io/9.4.34.v20201102/jetty-io-9.4.34.v20201102.jar:/home/user/.m2/repository/org/eclipse/jetty/jetty-webapp/9.4.34.v20201102/jetty-webapp-9.4.34.v20201102.jar:/home/user/.m2/repository/org/eclipse/jetty/jetty-xml/9.4.34.v20201102/jetty-xml-9.4.34.v20201102.jar:/home/user/.m2/repository/org/apache/hadoop/hadoop-common/3.2.1/hadoop-common-3.2.1.jar:/home/user/.m2/repository/commons-net/commons-net/3.6/commons-net-3.6.jar:/home/user/.m2/repository/com/sun/jersey/jersey-servlet/1.19/jersey-servlet-1.19.jar:/home/user/.m2/repository/com/sun/jersey/jersey-json/1.19/jersey-json-1.19.jar:/home/user/.m2/repository/org/codehaus/jettison/jettison/1.1/jettison-1.1.jar:/home/user/.m2/repository/org/codehaus/jackson/jackson-jaxrs/1.9.2/jackson-jaxrs-1.9.2.jar:/home/user/.m2/repository/org/codehaus/jackson/jackson-xc/1.9.2/jackson-xc-1.9.2.jar:/home/user/.m2/repository/org/apache/commons/commons-configuration2/2.1.1/commons-configuration2-2.1.1.jar:/home/user/.m2/repository/org/apache/commons/commons-text/1.4/commons-text-1.4.jar:/home/user/.m2/repository/com/google/re2j/re2j/1.1/re2j-1.1.jar:/home/user/.m2/repository/com/jcraft/jsch/0.1.54/jsch-0.1.54.jar:/home/user/.m2/repository/org/apache/curator/curator-client/2.13.0/curator-client-2.13.0.jar:/home/user/.m2/repository/org/apache/curator/curator-recipes/2.13.0/curator-recipes-2.13.0.jar:/home/user/.m2/repository/dnsjava/dnsjava/2.1.7/dnsjava-2.1.7.jar:/home/user/.m2/repository/org/slf4j/jul-to-slf4j/1.7.30/jul-to-slf4j-1.7.30.jar:/home/user/.m2/repository/org/eclipse/jetty/jetty-util/9.4.34.v20201102/jetty-util-9.4.34.v20201102.jar:/home/user/.m2/repository/com/fasterxml/jackson/core/jackson-databind/2.10.3/jackson-databind-2.10.3.jar:/home/user/.m2/repository/org/apache/hadoop/hadoop-kms/3.2.1/hadoop-kms-3.2.1-tests.jar:/home/user/.m2/repository/org/apache/hadoop/hadoop-hdds-server-scm/1.1.0-SNAPSHOT/hadoop-hdds-server-scm-1.1.0-SNAPSHOT-tests.jar:/home/user/.m2/repository/org/apache/hadoop/hadoop-hdds-container-service/1.1.0-SNAPSHOT/hadoop-hdds-container-service-1.1.0-SNAPSHOT-tests.jar:/home/user/.m2/repository/commons-codec/commons-codec/1.11/commons-codec-1.11.jar:/home/user/.m2/repository/org/apache/hadoop/hadoop-hdds-hadoop-dependency-test/1.1.0-SNAPSHOT/hadoop-hdds-hadoop-dependency-test-1.1.0-SNAPSHOT.jar:/home/user/.m2/repository/org/apache/hadoop/hadoop-common/3.2.1/hadoop-common-3.2.1-tests.jar:/home/user/.m2/repository/org/apache/hadoop/hadoop-hdfs/3.2.1/hadoop-hdfs-3.2.1-tests.jar:/home/user/.m2/repository/org/eclipse/jetty/jetty-util-ajax/9.4.34.v20201102/jetty-util-ajax-9.4.34.v20201102.jar:/home/user/.m2/repository/commons-daemon/commons-daemon/1.0.13/commons-daemon-1.0.13.jar:/home/user/.m2/repository/io/netty/netty/3.10.5.Final/netty-3.10.5.Final.jar:/home/user/.m2/repository/io/netty/netty-all/4.1.48.Final/netty-all-4.1.48.Final.jar:/home/user/.m2/repository/org/apache/htrace/htrace-core4/4.1.0-incubating/htrace-core4-4.1.0-incubating.jar:/home/user/.m2/repository/org/apache/hadoop/hadoop-distcp/3.2.1/hadoop-distcp-3.2.1.jar:/home/user/.m2/repository/org/apache/hadoop/hadoop-mapreduce-client-jobclient/3.2.1/hadoop-mapreduce-client-jobclient-3.2.1.jar:/home/user/.m2/repository/org/apache/hadoop/hadoop-mapreduce-client-common/3.2.1/hadoop-mapreduce-client-common-3.2.1.jar:/home/user/.m2/repository/org/apache/hadoop/hadoop-yarn-common/3.2.1/hadoop-yarn-common-3.2.1.jar:/home/user/.m2/repository/org/apache/hadoop/hadoop-yarn-api/3.2.1/hadoop-yarn-api-3.2.1.jar:/home/user/.m2/repository/com/sun/jersey/jersey-client/1.19/jersey-client-1.19.jar:/home/user/.m2/repository/com/sun/jersey/contribs/jersey-guice/1.19/jersey-guice-1.19.jar:/home/user/.m2/repository/com/fasterxml/jackson/jaxrs/jackson-jaxrs-json-provider/2.10.3/jackson-jaxrs-json-provider-2.10.3.jar:/home/user/.m2/repository/com/fasterxml/jackson/jaxrs/jackson-jaxrs-base/2.10.3/jackson-jaxrs-base-2.10.3.jar:/home/user/.m2/repository/org/apache/hadoop/hadoop-yarn-client/3.2.1/hadoop-yarn-client-3.2.1.jar:/home/user/.m2/repository/org/apache/hadoop/hadoop-mapreduce-client-core/3.2.1/hadoop-mapreduce-client-core-3.2.1.jar:/home/user/.m2/repository/org/apache/avro/avro/1.7.7/avro-1.7.7.jar:/home/user/.m2/repository/org/codehaus/jackson/jackson-core-asl/1.9.13/jackson-core-asl-1.9.13.jar:/home/user/.m2/repository/org/codehaus/jackson/jackson-mapper-asl/1.9.13/jackson-mapper-asl-1.9.13.jar:/home/user/.m2/repository/com/thoughtworks/paranamer/paranamer/2.3/paranamer-2.3.jar:/home/user/.m2/repository/org/xerial/snappy/snappy-java/1.0.5/snappy-java-1.0.5.jar:/home/user/.m2/repository/org/apache/hadoop/hadoop-annotations/3.2.1/hadoop-annotations-3.2.1.jar:/usr/lib/jvm/java-1.8.0-openjdk-1.8.0.232.b09-0.el7_7.x86_64/jre/../lib/tools.jar:/home/user/.m2/repository/org/apache/hadoop/hadoop-distcp/3.2.1/hadoop-distcp-3.2.1-tests.jar:"/>
    <property name="java.vm.vendor" value="Oracle Corporation"/>
    <property name="sun.arch.data.model" value="64"/>
    <property name="test.build.dir" value="/github/workspace/mnt/ozone/hadoop-ozone/integration-test/target/test-dir"/>
    <property name="test.cache.data" value=""/>
    <property name="java.vendor.url" value="http://java.oracle.com/"/>
    <property name="user.timezone" value=""/>
    <property name="java.vm.specification.version" value="1.8"/>
    <property name="os.name" value="Linux"/>
    <property name="test.build.data" value="/github/workspace/mnt/ozone/hadoop-ozone/integration-test/target/test-dir"/>
    <property name="user.country" value="US"/>
    <property name="sun.java.launcher" value="SUN_STANDARD"/>
    <property name="sun.boot.library.path" value="/usr/lib/jvm/java-1.8.0-openjdk-1.8.0.232.b09-0.el7_7.x86_64/jre/lib/amd64"/>
    <property name="sun.java.command" value="/github/workspace/mnt/ozone/hadoop-ozone/integration-test/target/surefire/surefirebooter6230544074016188036.jar /github/workspace/mnt/ozone/hadoop-ozone/integration-test/target/surefire 2020-12-08T14-32-42_635-jvmRun1 surefire751888236918177762tmp surefire_522425478644749520247tmp"/>
    <property name="surefire.test.class.path" value="/github/workspace/mnt/ozone/hadoop-ozone/integration-test/target/test-classes:/github/workspace/mnt/ozone/hadoop-ozone/integration-test/target/classes:/home/user/.m2/repository/org/apache/hadoop/hadoop-ozone-common/1.1.0-SNAPSHOT/hadoop-ozone-common-1.1.0-SNAPSHOT.jar:/home/user/.m2/repository/org/apache/commons/commons-compress/1.4.1/commons-compress-1.4.1.jar:/home/user/.m2/repository/org/tukaani/xz/1.0/xz-1.0.jar:/home/user/.m2/repository/org/apache/hadoop/hadoop-hdds-common/1.1.0-SNAPSHOT/hadoop-hdds-common-1.1.0-SNAPSHOT.jar:/home/user/.m2/repository/org/apache/hadoop/hadoop-hdds-client/1.1.0-SNAPSHOT/hadoop-hdds-client-1.1.0-SNAPSHOT.jar:/home/user/.m2/repository/org/apache/hadoop/hadoop-ozone-interface-client/1.1.0-SNAPSHOT/hadoop-ozone-interface-client-1.1.0-SNAPSHOT.jar:/home/user/.m2/repository/org/apache/hadoop/hadoop-hdds-test-utils/1.1.0-SNAPSHOT/hadoop-hdds-test-utils-1.1.0-SNAPSHOT.jar:/home/user/.m2/repository/com/google/guava/guava/28.2-jre/guava-28.2-jre.jar:/home/user/.m2/repository/com/google/guava/failureaccess/1.0.1/failureaccess-1.0.1.jar:/home/user/.m2/repository/com/google/guava/listenablefuture/9999.0-empty-to-avoid-conflict-with-guava/listenablefuture-9999.0-empty-to-avoid-conflict-with-guava.jar:/home/user/.m2/repository/com/google/code/findbugs/jsr305/3.0.0/jsr305-3.0.0.jar:/home/user/.m2/repository/org/checkerframework/checker-qual/2.10.0/checker-qual-2.10.0.jar:/home/user/.m2/repository/com/google/errorprone/error_prone_annotations/2.2.0/error_prone_annotations-2.2.0.jar:/home/user/.m2/repository/com/google/j2objc/j2objc-annotations/1.3/j2objc-annotations-1.3.jar:/home/user/.m2/repository/commons-io/commons-io/2.5/commons-io-2.5.jar:/home/user/.m2/repository/commons-logging/commons-logging/1.2/commons-logging-1.2.jar:/home/user/.m2/repository/log4j/log4j/1.2.17/log4j-1.2.17.jar:/home/user/.m2/repository/org/slf4j/slf4j-api/1.7.30/slf4j-api-1.7.30.jar:/home/user/.m2/repository/org/apache/hadoop/hadoop-hdds-server-scm/1.1.0-SNAPSHOT/hadoop-hdds-server-scm-1.1.0-SNAPSHOT.jar:/home/user/.m2/repository/org/apache/hadoop/hadoop-hdds-container-service/1.1.0-SNAPSHOT/hadoop-hdds-container-service-1.1.0-SNAPSHOT.jar:/home/user/.m2/repository/org/apache/hadoop/hadoop-hdds-hadoop-dependency-server/1.1.0-SNAPSHOT/hadoop-hdds-hadoop-dependency-server-1.1.0-SNAPSHOT.jar:/home/user/.m2/repository/org/apache/hadoop/hadoop-hdfs/3.2.1/hadoop-hdfs-3.2.1.jar:/home/user/.m2/repository/org/apache/hadoop/hadoop-hdds-server-framework/1.1.0-SNAPSHOT/hadoop-hdds-server-framework-1.1.0-SNAPSHOT.jar:/home/user/.m2/repository/org/apache/hadoop/hadoop-hdds-interface-server/1.1.0-SNAPSHOT/hadoop-hdds-interface-server-1.1.0-SNAPSHOT.jar:/home/user/.m2/repository/org/apache/hadoop/hadoop-hdds-interface-admin/1.1.0-SNAPSHOT/hadoop-hdds-interface-admin-1.1.0-SNAPSHOT.jar:/home/user/.m2/repository/org/eclipse/jetty/jetty-servlet/9.4.34.v20201102/jetty-servlet-9.4.34.v20201102.jar:/home/user/.m2/repository/org/eclipse/jetty/jetty-security/9.4.34.v20201102/jetty-security-9.4.34.v20201102.jar:/home/user/.m2/repository/org/rocksdb/rocksdbjni/6.8.1/rocksdbjni-6.8.1.jar:/home/user/.m2/repository/io/prometheus/simpleclient_dropwizard/0.7.0/simpleclient_dropwizard-0.7.0.jar:/home/user/.m2/repository/io/prometheus/simpleclient/0.7.0/simpleclient-0.7.0.jar:/home/user/.m2/repository/io/prometheus/simpleclient_common/0.7.0/simpleclient_common-0.7.0.jar:/home/user/.m2/repository/com/fasterxml/jackson/datatype/jackson-datatype-jsr310/2.10.3/jackson-datatype-jsr310-2.10.3.jar:/home/user/.m2/repository/io/dropwizard/metrics/metrics-core/3.2.4/metrics-core-3.2.4.jar:/home/user/.m2/repository/org/apache/hadoop/hadoop-hdfs-client/3.2.1/hadoop-hdfs-client-3.2.1.jar:/home/user/.m2/repository/org/bouncycastle/bcprov-jdk15on/1.60/bcprov-jdk15on-1.60.jar:/home/user/.m2/repository/org/apache/hadoop/hadoop-ozone-ozone-manager/1.1.0-SNAPSHOT/hadoop-ozone-ozone-manager-1.1.0-SNAPSHOT.jar:/home/user/.m2/repository/org/apache/hadoop/hadoop-hdds-interface-client/1.1.0-SNAPSHOT/hadoop-hdds-interface-client-1.1.0-SNAPSHOT.jar:/home/user/.m2/repository/org/apache/ratis/ratis-thirdparty-misc/0.6.0-SNAPSHOT/ratis-thirdparty-misc-0.6.0-SNAPSHOT.jar:/home/user/.m2/repository/org/apache/hadoop/hadoop-ozone-interface-storage/1.1.0-SNAPSHOT/hadoop-ozone-interface-storage-1.1.0-SNAPSHOT.jar:/home/user/.m2/repository/org/apache/hadoop/hadoop-minikdc/3.2.1/hadoop-minikdc-3.2.1.jar:/home/user/.m2/repository/org/apache/kerby/kerb-simplekdc/1.0.1/kerb-simplekdc-1.0.1.jar:/home/user/.m2/repository/org/apache/kerby/kerb-client/1.0.1/kerb-client-1.0.1.jar:/home/user/.m2/repository/org/apache/kerby/kerby-config/1.0.1/kerby-config-1.0.1.jar:/home/user/.m2/repository/org/apache/kerby/kerb-core/1.0.1/kerb-core-1.0.1.jar:/home/user/.m2/repository/org/apache/kerby/kerby-pkix/1.0.1/kerby-pkix-1.0.1.jar:/home/user/.m2/repository/org/apache/kerby/kerby-asn1/1.0.1/kerby-asn1-1.0.1.jar:/home/user/.m2/repository/org/apache/kerby/kerby-util/1.0.1/kerby-util-1.0.1.jar:/home/user/.m2/repository/org/apache/kerby/kerb-common/1.0.1/kerb-common-1.0.1.jar:/home/user/.m2/repository/org/apache/kerby/kerb-crypto/1.0.1/kerb-crypto-1.0.1.jar:/home/user/.m2/repository/org/apache/kerby/kerb-util/1.0.1/kerb-util-1.0.1.jar:/home/user/.m2/repository/org/apache/kerby/token-provider/1.0.1/token-provider-1.0.1.jar:/home/user/.m2/repository/org/apache/kerby/kerb-admin/1.0.1/kerb-admin-1.0.1.jar:/home/user/.m2/repository/org/apache/kerby/kerb-server/1.0.1/kerb-server-1.0.1.jar:/home/user/.m2/repository/org/apache/kerby/kerb-identity/1.0.1/kerb-identity-1.0.1.jar:/home/user/.m2/repository/org/apache/kerby/kerby-xdr/1.0.1/kerby-xdr-1.0.1.jar:/home/user/.m2/repository/org/slf4j/slf4j-log4j12/1.7.30/slf4j-log4j12-1.7.30.jar:/home/user/.m2/repository/org/apache/hadoop/hadoop-ozone-s3gateway/1.1.0-SNAPSHOT/hadoop-ozone-s3gateway-1.1.0-SNAPSHOT.jar:/home/user/.m2/repository/org/jboss/weld/servlet/weld-servlet/2.4.7.Final/weld-servlet-2.4.7.Final.jar:/home/user/.m2/repository/org/glassfish/jersey/containers/jersey-container-servlet-core/2.27/jersey-container-servlet-core-2.27.jar:/home/user/.m2/repository/org/glassfish/hk2/external/javax.inject/2.5.0-b42/javax.inject-2.5.0-b42.jar:/home/user/.m2/repository/org/glassfish/jersey/core/jersey-common/2.27/jersey-common-2.27.jar:/home/user/.m2/repository/org/glassfish/hk2/osgi-resource-locator/1.0.1/osgi-resource-locator-1.0.1.jar:/home/user/.m2/repository/javax/ws/rs/javax.ws.rs-api/2.1/javax.ws.rs-api-2.1.jar:/home/user/.m2/repository/org/glassfish/jersey/ext/cdi/jersey-cdi1x/2.27/jersey-cdi1x-2.27.jar:/home/user/.m2/repository/org/glassfish/jersey/inject/jersey-hk2/2.27/jersey-hk2-2.27.jar:/home/user/.m2/repository/org/glassfish/hk2/hk2-locator/2.5.0-b42/hk2-locator-2.5.0-b42.jar:/home/user/.m2/repository/org/javassist/javassist/3.22.0-CR2/javassist-3.22.0-CR2.jar:/home/user/.m2/repository/org/glassfish/hk2/hk2-api/2.5.0/hk2-api-2.5.0.jar:/home/user/.m2/repository/org/glassfish/hk2/external/jakarta.inject/2.5.0/jakarta.inject-2.5.0.jar:/home/user/.m2/repository/org/glassfish/hk2/hk2-utils/2.5.0/hk2-utils-2.5.0.jar:/home/user/.m2/repository/jakarta/annotation/jakarta.annotation-api/1.3.4/jakarta.annotation-api-1.3.4.jar:/home/user/.m2/repository/org/glassfish/hk2/external/aopalliance-repackaged/2.5.0/aopalliance-repackaged-2.5.0.jar:/home/user/.m2/repository/com/fasterxml/jackson/dataformat/jackson-dataformat-xml/2.10.3/jackson-dataformat-xml-2.10.3.jar:/home/user/.m2/repository/com/fasterxml/jackson/core/jackson-core/2.10.3/jackson-core-2.10.3.jar:/home/user/.m2/repository/com/fasterxml/jackson/module/jackson-module-jaxb-annotations/2.10.3/jackson-module-jaxb-annotations-2.10.3.jar:/home/user/.m2/repository/jakarta/xml/bind/jakarta.xml.bind-api/2.3.2/jakarta.xml.bind-api-2.3.2.jar:/home/user/.m2/repository/jakarta/activation/jakarta.activation-api/1.2.1/jakarta.activation-api-1.2.1.jar:/home/user/.m2/repository/org/codehaus/woodstox/stax2-api/3.1.4/stax2-api-3.1.4.jar:/home/user/.m2/repository/com/fasterxml/woodstox/woodstox-core/5.0.3/woodstox-core-5.0.3.jar:/home/user/.m2/repository/javax/enterprise/cdi-api/1.2/cdi-api-1.2.jar:/home/user/.m2/repository/javax/el/javax.el-api/3.0.0/javax.el-api-3.0.0.jar:/home/user/.m2/repository/javax/interceptor/javax.interceptor-api/1.2/javax.interceptor-api-1.2.jar:/home/user/.m2/repository/javax/inject/javax.inject/1/javax.inject-1.jar:/home/user/.m2/repository/com/sun/xml/bind/jaxb-impl/2.3.0.1/jaxb-impl-2.3.0.1.jar:/home/user/.m2/repository/com/sun/xml/bind/jaxb-core/2.3.0.1/jaxb-core-2.3.0.1.jar:/home/user/.m2/repository/javax/xml/bind/jaxb-api/2.3.0/jaxb-api-2.3.0.jar:/home/user/.m2/repository/javax/activation/activation/1.1.1/activation-1.1.1.jar:/home/user/.m2/repository/org/apache/hadoop/hadoop-ozone-csi/1.1.0-SNAPSHOT/hadoop-ozone-csi-1.1.0-SNAPSHOT.jar:/home/user/.m2/repository/com/google/protobuf/protobuf-java-util/3.11.0/protobuf-java-util-3.11.0.jar:/home/user/.m2/repository/com/google/code/gson/gson/2.2.4/gson-2.2.4.jar:/home/user/.m2/repository/org/apache/hadoop/hadoop-hdds-config/1.1.0-SNAPSHOT/hadoop-hdds-config-1.1.0-SNAPSHOT.jar:/home/user/.m2/repository/com/google/protobuf/protobuf-java/2.5.0/protobuf-java-2.5.0.jar:/home/user/.m2/repository/io/grpc/grpc-netty/1.29.0/grpc-netty-1.29.0.jar:/home/user/.m2/repository/io/grpc/grpc-core/1.29.0/grpc-core-1.29.0.jar:/home/user/.m2/repository/com/google/android/annotations/4.1.1.4/annotations-4.1.1.4.jar:/home/user/.m2/repository/io/perfmark/perfmark-api/0.19.0/perfmark-api-0.19.0.jar:/home/user/.m2/repository/io/netty/netty-codec-http2/4.1.48.Final/netty-codec-http2-4.1.48.Final.jar:/home/user/.m2/repository/io/netty/netty-codec/4.1.48.Final/netty-codec-4.1.48.Final.jar:/home/user/.m2/repository/io/netty/netty-handler/4.1.48.Final/netty-handler-4.1.48.Final.jar:/home/user/.m2/repository/io/netty/netty-codec-http/4.1.48.Final/netty-codec-http-4.1.48.Final.jar:/home/user/.m2/repository/io/netty/netty-handler-proxy/4.1.48.Final/netty-handler-proxy-4.1.48.Final.jar:/home/user/.m2/repository/io/netty/netty-codec-socks/4.1.48.Final/netty-codec-socks-4.1.48.Final.jar:/home/user/.m2/repository/io/netty/netty-transport-native-epoll/4.1.48.Final/netty-transport-native-epoll-4.1.48.Final.jar:/home/user/.m2/repository/io/netty/netty-common/4.1.48.Final/netty-common-4.1.48.Final.jar:/home/user/.m2/repository/io/netty/netty-buffer/4.1.48.Final/netty-buffer-4.1.48.Final.jar:/home/user/.m2/repository/io/netty/netty-transport/4.1.48.Final/netty-transport-4.1.48.Final.jar:/home/user/.m2/repository/io/netty/netty-resolver/4.1.48.Final/netty-resolver-4.1.48.Final.jar:/home/user/.m2/repository/io/netty/netty-transport-native-unix-common/4.1.48.Final/netty-transport-native-unix-common-4.1.48.Final.jar:/home/user/.m2/repository/io/grpc/grpc-protobuf/1.29.0/grpc-protobuf-1.29.0.jar:/home/user/.m2/repository/io/grpc/grpc-api/1.29.0/grpc-api-1.29.0.jar:/home/user/.m2/repository/io/grpc/grpc-context/1.29.0/grpc-context-1.29.0.jar:/home/user/.m2/repository/org/codehaus/mojo/animal-sniffer-annotations/1.18/animal-sniffer-annotations-1.18.jar:/home/user/.m2/repository/com/google/api/grpc/proto-google-common-protos/1.17.0/proto-google-common-protos-1.17.0.jar:/home/user/.m2/repository/io/grpc/grpc-protobuf-lite/1.29.0/grpc-protobuf-lite-1.29.0.jar:/home/user/.m2/repository/io/grpc/grpc-stub/1.29.0/grpc-stub-1.29.0.jar:/home/user/.m2/repository/org/apache/hadoop/hadoop-ozone-recon/1.1.0-SNAPSHOT/hadoop-ozone-recon-1.1.0-SNAPSHOT.jar:/home/user/.m2/repository/org/apache/hadoop/hadoop-ozone-reconcodegen/1.1.0-SNAPSHOT/hadoop-ozone-reconcodegen-1.1.0-SNAPSHOT.jar:/home/user/.m2/repository/com/google/inject/extensions/guice-multibindings/4.0/guice-multibindings-4.0.jar:/home/user/.m2/repository/com/google/inject/guice/4.0/guice-4.0.jar:/home/user/.m2/repository/aopalliance/aopalliance/1.0/aopalliance-1.0.jar:/home/user/.m2/repository/com/google/inject/extensions/guice-assistedinject/4.0/guice-assistedinject-4.0.jar:/home/user/.m2/repository/com/google/inject/extensions/guice-servlet/4.0/guice-servlet-4.0.jar:/home/user/.m2/repository/org/glassfish/jersey/containers/jersey-container-servlet/2.27/jersey-container-servlet-2.27.jar:/home/user/.m2/repository/org/glassfish/hk2/guice-bridge/2.5.0/guice-bridge-2.5.0.jar:/home/user/.m2/repository/org/glassfish/jersey/core/jersey-server/2.27/jersey-server-2.27.jar:/home/user/.m2/repository/org/glassfish/jersey/core/jersey-client/2.27/jersey-client-2.27.jar:/home/user/.m2/repository/org/glassfish/jersey/media/jersey-media-jaxb/2.27/jersey-media-jaxb-2.27.jar:/home/user/.m2/repository/javax/validation/validation-api/1.1.0.Final/validation-api-1.1.0.Final.jar:/home/user/.m2/repository/org/glassfish/jersey/media/jersey-media-json-jackson/2.27/jersey-media-json-jackson-2.27.jar:/home/user/.m2/repository/org/glassfish/jersey/ext/jersey-entity-filtering/2.27/jersey-entity-filtering-2.27.jar:/home/user/.m2/repository/org/jooq/jooq/3.11.10/jooq-3.11.10.jar:/home/user/.m2/repository/org/jooq/jooq-meta/3.11.10/jooq-meta-3.11.10.jar:/home/user/.m2/repository/org/jooq/jooq-codegen/3.11.10/jooq-codegen-3.11.10.jar:/home/user/.m2/repository/com/jolbox/bonecp/0.8.0.RELEASE/bonecp-0.8.0.RELEASE.jar:/home/user/.m2/repository/org/apache/derby/derby/10.14.2.0/derby-10.14.2.0.jar:/home/user/.m2/repository/org/xerial/sqlite-jdbc/3.25.2/sqlite-jdbc-3.25.2.jar:/home/user/.m2/repository/org/springframework/spring-jdbc/5.2.5.RELEASE/spring-jdbc-5.2.5.RELEASE.jar:/home/user/.m2/repository/org/springframework/spring-beans/5.2.5.RELEASE/spring-beans-5.2.5.RELEASE.jar:/home/user/.m2/repository/org/springframework/spring-core/5.2.5.RELEASE/spring-core-5.2.5.RELEASE.jar:/home/user/.m2/repository/org/springframework/spring-jcl/5.2.5.RELEASE/spring-jcl-5.2.5.RELEASE.jar:/home/user/.m2/repository/org/springframework/spring-tx/5.2.5.RELEASE/spring-tx-5.2.5.RELEASE.jar:/home/user/.m2/repository/org/apache/hadoop/hadoop-ozone-client/1.1.0-SNAPSHOT/hadoop-ozone-client-1.1.0-SNAPSHOT.jar:/home/user/.m2/repository/org/apache/hadoop/hadoop-ozone-filesystem/1.1.0-SNAPSHOT/hadoop-ozone-filesystem-1.1.0-SNAPSHOT.jar:/home/user/.m2/repository/org/apache/hadoop/hadoop-ozone-filesystem-common/1.1.0-SNAPSHOT/hadoop-ozone-filesystem-common-1.1.0-SNAPSHOT.jar:/home/user/.m2/repository/org/apache/hadoop/hadoop-ozone-tools/1.1.0-SNAPSHOT/hadoop-ozone-tools-1.1.0-SNAPSHOT.jar:/home/user/.m2/repository/org/apache/ratis/ratis-tools/1.1.0-913f5a4-SNAPSHOT/ratis-tools-1.1.0-913f5a4-SNAPSHOT.jar:/home/user/.m2/repository/org/apache/ratis/ratis-proto/1.1.0-913f5a4-SNAPSHOT/ratis-proto-1.1.0-913f5a4-SNAPSHOT.jar:/home/user/.m2/repository/org/apache/ratis/ratis-common/1.1.0-913f5a4-SNAPSHOT/ratis-common-1.1.0-913f5a4-SNAPSHOT.jar:/home/user/.m2/repository/com/amazonaws/aws-java-sdk-core/1.11.901/aws-java-sdk-core-1.11.901.jar:/home/user/.m2/repository/org/apache/httpcomponents/httpclient/4.5.13/httpclient-4.5.13.jar:/home/user/.m2/repository/org/apache/httpcomponents/httpcore/4.4.13/httpcore-4.4.13.jar:/home/user/.m2/repository/software/amazon/ion/ion-java/1.0.2/ion-java-1.0.2.jar:/home/user/.m2/repository/com/fasterxml/jackson/dataformat/jackson-dataformat-cbor/2.10.3/jackson-dataformat-cbor-2.10.3.jar:/home/user/.m2/repository/joda-time/joda-time/2.8.1/joda-time-2.8.1.jar:/home/user/.m2/repository/com/amazonaws/aws-java-sdk-s3/1.11.901/aws-java-sdk-s3-1.11.901.jar:/home/user/.m2/repository/com/amazonaws/aws-java-sdk-kms/1.11.901/aws-java-sdk-kms-1.11.901.jar:/home/user/.m2/repository/com/amazonaws/jmespath-java/1.11.901/jmespath-java-1.11.901.jar:/home/user/.m2/repository/org/kohsuke/metainf-services/metainf-services/1.8/metainf-services-1.8.jar:/home/user/.m2/repository/org/apache/hadoop/hadoop-hdds-tools/1.1.0-SNAPSHOT/hadoop-hdds-tools-1.1.0-SNAPSHOT.jar:/home/user/.m2/repository/commons-cli/commons-cli/1.2/commons-cli-1.2.jar:/home/user/.m2/repository/org/apache/commons/commons-lang3/3.7/commons-lang3-3.7.jar:/home/user/.m2/repository/org/apache/hadoop/hadoop-ozone-ozone-manager/1.1.0-SNAPSHOT/hadoop-ozone-ozone-manager-1.1.0-SNAPSHOT-tests.jar:/home/user/.m2/repository/org/apache/hadoop/hadoop-hdds-common/1.1.0-SNAPSHOT/hadoop-hdds-common-1.1.0-SNAPSHOT-tests.jar:/home/user/.m2/repository/org/apache/hadoop/hadoop-hdds-hadoop-dependency-client/1.1.0-SNAPSHOT/hadoop-hdds-hadoop-dependency-client-1.1.0-SNAPSHOT.jar:/home/user/.m2/repository/info/picocli/picocli/4.4.0/picocli-4.4.0.jar:/home/user/.m2/repository/com/fasterxml/jackson/core/jackson-annotations/2.10.3/jackson-annotations-2.10.3.jar:/home/user/.m2/repository/javax/annotation/javax.annotation-api/1.2/javax.annotation-api-1.2.jar:/home/user/.m2/repository/org/fusesource/leveldbjni/leveldbjni-all/1.8/leveldbjni-all-1.8.jar:/home/user/.m2/repository/org/apache/ratis/ratis-server/1.1.0-913f5a4-SNAPSHOT/ratis-server-1.1.0-913f5a4-SNAPSHOT.jar:/home/user/.m2/repository/org/apache/ratis/ratis-client/1.1.0-913f5a4-SNAPSHOT/ratis-client-1.1.0-913f5a4-SNAPSHOT.jar:/home/user/.m2/repository/org/apache/ratis/ratis-metrics/1.1.0-913f5a4-SNAPSHOT/ratis-metrics-1.1.0-913f5a4-SNAPSHOT.jar:/home/user/.m2/repository/org/apache/ratis/ratis-netty/1.1.0-913f5a4-SNAPSHOT/ratis-netty-1.1.0-913f5a4-SNAPSHOT.jar:/home/user/.m2/repository/org/apache/ratis/ratis-grpc/1.1.0-913f5a4-SNAPSHOT/ratis-grpc-1.1.0-913f5a4-SNAPSHOT.jar:/home/user/.m2/repository/org/apache/logging/log4j/log4j-api/2.13.3/log4j-api-2.13.3.jar:/home/user/.m2/repository/org/apache/logging/log4j/log4j-core/2.13.3/log4j-core-2.13.3.jar:/home/user/.m2/repository/com/lmax/disruptor/3.4.2/disruptor-3.4.2.jar:/home/user/.m2/repository/org/apache/commons/commons-pool2/2.6.0/commons-pool2-2.6.0.jar:/home/user/.m2/repository/org/bouncycastle/bcpkix-jdk15on/1.60/bcpkix-jdk15on-1.60.jar:/home/user/.m2/repository/commons-validator/commons-validator/1.6/commons-validator-1.6.jar:/home/user/.m2/repository/commons-beanutils/commons-beanutils/1.9.4/commons-beanutils-1.9.4.jar:/home/user/.m2/repository/commons-digester/commons-digester/1.8.1/commons-digester-1.8.1.jar:/home/user/.m2/repository/commons-collections/commons-collections/3.2.2/commons-collections-3.2.2.jar:/home/user/.m2/repository/io/jaegertracing/jaeger-client/1.2.0/jaeger-client-1.2.0.jar:/home/user/.m2/repository/io/jaegertracing/jaeger-thrift/1.2.0/jaeger-thrift-1.2.0.jar:/home/user/.m2/repository/org/apache/thrift/libthrift/0.13.0/libthrift-0.13.0.jar:/home/user/.m2/repository/com/squareup/okhttp3/okhttp/4.2.2/okhttp-4.2.2.jar:/home/user/.m2/repository/com/squareup/okio/okio/2.2.2/okio-2.2.2.jar:/home/user/.m2/repository/org/jetbrains/kotlin/kotlin-stdlib/1.3.50/kotlin-stdlib-1.3.50.jar:/home/user/.m2/repository/org/jetbrains/kotlin/kotlin-stdlib-common/1.3.50/kotlin-stdlib-common-1.3.50.jar:/home/user/.m2/repository/org/jetbrains/annotations/13.0/annotations-13.0.jar:/home/user/.m2/repository/io/jaegertracing/jaeger-core/1.2.0/jaeger-core-1.2.0.jar:/home/user/.m2/repository/io/jaegertracing/jaeger-tracerresolver/1.2.0/jaeger-tracerresolver-1.2.0.jar:/home/user/.m2/repository/io/opentracing/contrib/opentracing-tracerresolver/0.1.8/opentracing-tracerresolver-0.1.8.jar:/home/user/.m2/repository/io/opentracing/opentracing-util/0.33.0/opentracing-util-0.33.0.jar:/home/user/.m2/repository/io/opentracing/opentracing-api/0.33.0/opentracing-api-0.33.0.jar:/home/user/.m2/repository/io/opentracing/opentracing-noop/0.33.0/opentracing-noop-0.33.0.jar:/home/user/.m2/repository/org/yaml/snakeyaml/1.26/snakeyaml-1.26.jar:/home/user/.m2/repository/junit/junit/4.11/junit-4.11.jar:/home/user/.m2/repository/org/hamcrest/hamcrest-core/1.3/hamcrest-core-1.3.jar:/home/user/.m2/repository/org/openjdk/jmh/jmh-core/1.19/jmh-core-1.19.jar:/home/user/.m2/repository/net/sf/jopt-simple/jopt-simple/4.6/jopt-simple-4.6.jar:/home/user/.m2/repository/org/apache/commons/commons-math3/3.1.1/commons-math3-3.1.1.jar:/home/user/.m2/repository/org/openjdk/jmh/jmh-generator-annprocess/1.19/jmh-generator-annprocess-1.19.jar:/home/user/.m2/repository/org/mockito/mockito-all/1.8.5/mockito-all-1.8.5.jar:/home/user/.m2/repository/org/apache/hadoop/hadoop-kms/3.2.1/hadoop-kms-3.2.1.jar:/home/user/.m2/repository/org/apache/hadoop/hadoop-auth/3.2.1/hadoop-auth-3.2.1.jar:/home/user/.m2/repository/com/nimbusds/nimbus-jose-jwt/7.9/nimbus-jose-jwt-7.9.jar:/home/user/.m2/repository/com/github/stephenc/jcip/jcip-annotations/1.0-1/jcip-annotations-1.0-1.jar:/home/user/.m2/repository/net/minidev/json-smart/2.3/json-smart-2.3.jar:/home/user/.m2/repository/net/minidev/accessors-smart/1.2/accessors-smart-1.2.jar:/home/user/.m2/repository/org/ow2/asm/asm/5.0.4/asm-5.0.4.jar:/home/user/.m2/repository/org/apache/zookeeper/zookeeper/3.4.13/zookeeper-3.4.13.jar:/home/user/.m2/repository/org/apache/yetus/audience-annotations/0.5.0/audience-annotations-0.5.0.jar:/home/user/.m2/repository/org/apache/curator/curator-framework/2.13.0/curator-framework-2.13.0.jar:/home/user/.m2/repository/com/sun/jersey/jersey-core/1.19/jersey-core-1.19.jar:/home/user/.m2/repository/javax/ws/rs/jsr311-api/1.1.1/jsr311-api-1.1.1.jar:/home/user/.m2/repository/com/sun/jersey/jersey-server/1.19/jersey-server-1.19.jar:/home/user/.m2/repository/javax/servlet/javax.servlet-api/3.1.0/javax.servlet-api-3.1.0.jar:/home/user/.m2/repository/org/eclipse/jetty/jetty-server/9.4.34.v20201102/jetty-server-9.4.34.v20201102.jar:/home/user/.m2/repository/org/eclipse/jetty/jetty-http/9.4.34.v20201102/jetty-http-9.4.34.v20201102.jar:/home/user/.m2/repository/org/eclipse/jetty/jetty-io/9.4.34.v20201102/jetty-io-9.4.34.v20201102.jar:/home/user/.m2/repository/org/eclipse/jetty/jetty-webapp/9.4.34.v20201102/jetty-webapp-9.4.34.v20201102.jar:/home/user/.m2/repository/org/eclipse/jetty/jetty-xml/9.4.34.v20201102/jetty-xml-9.4.34.v20201102.jar:/home/user/.m2/repository/org/apache/hadoop/hadoop-common/3.2.1/hadoop-common-3.2.1.jar:/home/user/.m2/repository/commons-net/commons-net/3.6/commons-net-3.6.jar:/home/user/.m2/repository/com/sun/jersey/jersey-servlet/1.19/jersey-servlet-1.19.jar:/home/user/.m2/repository/com/sun/jersey/jersey-json/1.19/jersey-json-1.19.jar:/home/user/.m2/repository/org/codehaus/jettison/jettison/1.1/jettison-1.1.jar:/home/user/.m2/repository/org/codehaus/jackson/jackson-jaxrs/1.9.2/jackson-jaxrs-1.9.2.jar:/home/user/.m2/repository/org/codehaus/jackson/jackson-xc/1.9.2/jackson-xc-1.9.2.jar:/home/user/.m2/repository/org/apache/commons/commons-configuration2/2.1.1/commons-configuration2-2.1.1.jar:/home/user/.m2/repository/org/apache/commons/commons-text/1.4/commons-text-1.4.jar:/home/user/.m2/repository/com/google/re2j/re2j/1.1/re2j-1.1.jar:/home/user/.m2/repository/com/jcraft/jsch/0.1.54/jsch-0.1.54.jar:/home/user/.m2/repository/org/apache/curator/curator-client/2.13.0/curator-client-2.13.0.jar:/home/user/.m2/repository/org/apache/curator/curator-recipes/2.13.0/curator-recipes-2.13.0.jar:/home/user/.m2/repository/dnsjava/dnsjava/2.1.7/dnsjava-2.1.7.jar:/home/user/.m2/repository/org/slf4j/jul-to-slf4j/1.7.30/jul-to-slf4j-1.7.30.jar:/home/user/.m2/repository/org/eclipse/jetty/jetty-util/9.4.34.v20201102/jetty-util-9.4.34.v20201102.jar:/home/user/.m2/repository/com/fasterxml/jackson/core/jackson-databind/2.10.3/jackson-databind-2.10.3.jar:/home/user/.m2/repository/org/apache/hadoop/hadoop-kms/3.2.1/hadoop-kms-3.2.1-tests.jar:/home/user/.m2/repository/org/apache/hadoop/hadoop-hdds-server-scm/1.1.0-SNAPSHOT/hadoop-hdds-server-scm-1.1.0-SNAPSHOT-tests.jar:/home/user/.m2/repository/org/apache/hadoop/hadoop-hdds-container-service/1.1.0-SNAPSHOT/hadoop-hdds-container-service-1.1.0-SNAPSHOT-tests.jar:/home/user/.m2/repository/commons-codec/commons-codec/1.11/commons-codec-1.11.jar:/home/user/.m2/repository/org/apache/hadoop/hadoop-hdds-hadoop-dependency-test/1.1.0-SNAPSHOT/hadoop-hdds-hadoop-dependency-test-1.1.0-SNAPSHOT.jar:/home/user/.m2/repository/org/apache/hadoop/hadoop-common/3.2.1/hadoop-common-3.2.1-tests.jar:/home/user/.m2/repository/org/apache/hadoop/hadoop-hdfs/3.2.1/hadoop-hdfs-3.2.1-tests.jar:/home/user/.m2/repository/org/eclipse/jetty/jetty-util-ajax/9.4.34.v20201102/jetty-util-ajax-9.4.34.v20201102.jar:/home/user/.m2/repository/commons-daemon/commons-daemon/1.0.13/commons-daemon-1.0.13.jar:/home/user/.m2/repository/io/netty/netty/3.10.5.Final/netty-3.10.5.Final.jar:/home/user/.m2/repository/io/netty/netty-all/4.1.48.Final/netty-all-4.1.48.Final.jar:/home/user/.m2/repository/org/apache/htrace/htrace-core4/4.1.0-incubating/htrace-core4-4.1.0-incubating.jar:/home/user/.m2/repository/org/apache/hadoop/hadoop-distcp/3.2.1/hadoop-distcp-3.2.1.jar:/home/user/.m2/repository/org/apache/hadoop/hadoop-mapreduce-client-jobclient/3.2.1/hadoop-mapreduce-client-jobclient-3.2.1.jar:/home/user/.m2/repository/org/apache/hadoop/hadoop-mapreduce-client-common/3.2.1/hadoop-mapreduce-client-common-3.2.1.jar:/home/user/.m2/repository/org/apache/hadoop/hadoop-yarn-common/3.2.1/hadoop-yarn-common-3.2.1.jar:/home/user/.m2/repository/org/apache/hadoop/hadoop-yarn-api/3.2.1/hadoop-yarn-api-3.2.1.jar:/home/user/.m2/repository/com/sun/jersey/jersey-client/1.19/jersey-client-1.19.jar:/home/user/.m2/repository/com/sun/jersey/contribs/jersey-guice/1.19/jersey-guice-1.19.jar:/home/user/.m2/repository/com/fasterxml/jackson/jaxrs/jackson-jaxrs-json-provider/2.10.3/jackson-jaxrs-json-provider-2.10.3.jar:/home/user/.m2/repository/com/fasterxml/jackson/jaxrs/jackson-jaxrs-base/2.10.3/jackson-jaxrs-base-2.10.3.jar:/home/user/.m2/repository/org/apache/hadoop/hadoop-yarn-client/3.2.1/hadoop-yarn-client-3.2.1.jar:/home/user/.m2/repository/org/apache/hadoop/hadoop-mapreduce-client-core/3.2.1/hadoop-mapreduce-client-core-3.2.1.jar:/home/user/.m2/repository/org/apache/avro/avro/1.7.7/avro-1.7.7.jar:/home/user/.m2/repository/org/codehaus/jackson/jackson-core-asl/1.9.13/jackson-core-asl-1.9.13.jar:/home/user/.m2/repository/org/codehaus/jackson/jackson-mapper-asl/1.9.13/jackson-mapper-asl-1.9.13.jar:/home/user/.m2/repository/com/thoughtworks/paranamer/paranamer/2.3/paranamer-2.3.jar:/home/user/.m2/repository/org/xerial/snappy/snappy-java/1.0.5/snappy-java-1.0.5.jar:/home/user/.m2/repository/org/apache/hadoop/hadoop-annotations/3.2.1/hadoop-annotations-3.2.1.jar:/usr/lib/jvm/java-1.8.0-openjdk-1.8.0.232.b09-0.el7_7.x86_64/jre/../lib/tools.jar:/home/user/.m2/repository/org/apache/hadoop/hadoop-distcp/3.2.1/hadoop-distcp-3.2.1-tests.jar:"/>
    <property name="sun.cpu.endian" value="little"/>
    <property name="user.home" value="/home/user"/>
    <property name="user.language" value="en"/>
    <property name="java.specification.vendor" value="Oracle Corporation"/>
    <property name="java.home" value="/usr/lib/jvm/java-1.8.0-openjdk-1.8.0.232.b09-0.el7_7.x86_64/jre"/>
    <property name="java.security.krb5.conf" value="/github/workspace/mnt/ozone/hadoop-ozone/integration-test/target/test-classes/krb5.conf"/>
    <property name="basedir" value="/github/workspace/mnt/ozone/hadoop-ozone/integration-test"/>
    <property name="file.separator" value="/"/>
    <property name="line.separator" value="&#10;"/>
    <property name="java.vm.specification.vendor" value="Oracle Corporation"/>
    <property name="java.specification.name" value="Java Platform API Specification"/>
    <property name="java.awt.graphicsenv" value="sun.awt.X11GraphicsEnvironment"/>
    <property name="skip.installnpx" value="true"/>
    <property name="surefire.real.class.path" value="/github/workspace/mnt/ozone/hadoop-ozone/integration-test/target/surefire/surefirebooter6230544074016188036.jar:/home/user/.m2/repository/org/jacoco/org.jacoco.agent/0.8.5/org.jacoco.agent-0.8.5-runtime.jar"/>
    <property name="hadoop.log.dir" value="/github/workspace/mnt/ozone/hadoop-ozone/integration-test/target/log"/>
    <property name="sun.boot.class.path" value="/usr/lib/jvm/java-1.8.0-openjdk-1.8.0.232.b09-0.el7_7.x86_64/jre/lib/resources.jar:/usr/lib/jvm/java-1.8.0-openjdk-1.8.0.232.b09-0.el7_7.x86_64/jre/lib/rt.jar:/usr/lib/jvm/java-1.8.0-openjdk-1.8.0.232.b09-0.el7_7.x86_64/jre/lib/sunrsasign.jar:/usr/lib/jvm/java-1.8.0-openjdk-1.8.0.232.b09-0.el7_7.x86_64/jre/lib/jsse.jar:/usr/lib/jvm/java-1.8.0-openjdk-1.8.0.232.b09-0.el7_7.x86_64/jre/lib/jce.jar:/usr/lib/jvm/java-1.8.0-openjdk-1.8.0.232.b09-0.el7_7.x86_64/jre/lib/charsets.jar:/usr/lib/jvm/java-1.8.0-openjdk-1.8.0.232.b09-0.el7_7.x86_64/jre/lib/jfr.jar:/usr/lib/jvm/java-1.8.0-openjdk-1.8.0.232.b09-0.el7_7.x86_64/jre/classes"/>
    <property name="sun.management.compiler" value="HotSpot 64-Bit Tiered Compilers"/>
    <property name="skip.npx" value="true"/>
    <property name="java.runtime.version" value="1.8.0_232-b09"/>
    <property name="java.net.preferIPv4Stack" value="true"/>
    <property name="user.name" value="jenkins1001"/>
    <property name="path.separator" value=":"/>
    <property name="java.security.egd" value="file:///dev/urandom"/>
    <property name="os.version" value="5.4.0-1031-azure"/>
    <property name="java.endorsed.dirs" value="/usr/lib/jvm/java-1.8.0-openjdk-1.8.0.232.b09-0.el7_7.x86_64/jre/lib/endorsed"/>
    <property name="java.runtime.name" value="OpenJDK Runtime Environment"/>
    <property name="file.encoding" value="ANSI_X3.4-1968"/>
    <property name="java.vm.name" value="OpenJDK 64-Bit Server VM"/>
    <property name="test.build.webapps" value=""/>
    <property name="localRepository" value="/home/user/.m2/repository"/>
    <property name="java.vendor.url.bug" value="http://bugreport.sun.com/bugreport/"/>
    <property name="java.io.tmpdir" value="/tmp"/>
    <property name="require.test.libhadoop" value=""/>
    <property name="java.version" value="1.8.0_232"/>
    <property name="user.dir" value="/github/workspace/mnt/ozone/hadoop-ozone/integration-test"/>
    <property name="os.arch" value="amd64"/>
    <property name="java.vm.specification.name" value="Java Virtual Machine Specification"/>
    <property name="test.build.classes" value="/github/workspace/mnt/ozone/hadoop-ozone/integration-test/target/test-classes"/>
    <property name="java.awt.printerjob" value="sun.print.PSPrinterJob"/>
    <property name="sun.os.patch.level" value="unknown"/>
    <property name="hadoop.tmp.dir" value="/github/workspace/mnt/ozone/hadoop-ozone/integration-test/target/tmp"/>
    <property name="java.library.path" value="/usr/lib:/usr/java/packages/lib/amd64:/usr/lib64:/lib64:/lib:/usr/lib"/>
    <property name="java.vm.info" value="mixed mode"/>
    <property name="java.vendor" value="Oracle Corporation"/>
    <property name="java.vm.version" value="25.232-b09"/>
    <property name="java.ext.dirs" value="/usr/lib/jvm/java-1.8.0-openjdk-1.8.0.232.b09-0.el7_7.x86_64/jre/lib/ext:/usr/java/packages/lib/ext"/>
    <property name="sun.io.unicode.encoding" value="UnicodeLittle"/>
    <property name="java.class.version" value="52.0"/>
  </properties>
  <testcase name="testOMRetryCache" classname="org.apache.hadoop.ozone.om.TestOzoneManagerHAMetadataOnly" time="29.407">
    <failure type="java.lang.AssertionError">java.lang.AssertionError
	at org.junit.Assert.fail(Assert.java:86)
	at org.junit.Assert.assertTrue(Assert.java:41)
	at org.junit.Assert.assertFalse(Assert.java:64)
	at org.junit.Assert.assertFalse(Assert.java:74)
	at org.apache.hadoop.ozone.om.TestOzoneManagerHAMetadataOnly.testOMRetryCache(TestOzoneManagerHAMetadataOnly.java:422)
	at sun.reflect.NativeMethodAccessorImpl.invoke0(Native Method)
	at sun.reflect.NativeMethodAccessorImpl.invoke(NativeMethodAccessorImpl.java:62)
	at sun.reflect.DelegatingMethodAccessorImpl.invoke(DelegatingMethodAccessorImpl.java:43)
	at java.lang.reflect.Method.invoke(Method.java:498)
	at org.junit.runners.model.FrameworkMethod$1.runReflectiveCall(FrameworkMethod.java:47)
	at org.junit.internal.runners.model.ReflectiveCallable.run(ReflectiveCallable.java:12)
	at org.junit.runners.model.FrameworkMethod.invokeExplosively(FrameworkMethod.java:44)
	at org.junit.internal.runners.statements.InvokeMethod.evaluate(InvokeMethod.java:17)
	at org.junit.internal.runners.statements.RunBefores.evaluate(RunBefores.java:26)
	at org.junit.internal.runners.statements.RunAfters.evaluate(RunAfters.java:27)
	at org.junit.rules.ExpectedException$ExpectedExceptionStatement.evaluate(ExpectedException.java:168)
	at org.junit.internal.runners.statements.FailOnTimeout$StatementThread.run(FailOnTimeout.java:74)
</failure>
    <system-out><![CDATA[2020-12-08 15:10:02,766 [Thread-1] WARN  server.ServerUtils (ServerUtils.java:getScmDbDir(148)) - ozone.scm.db.dirs is not configured. We recommend adding this setting. Falling back to ozone.metadata.dirs instead.
2020-12-08 15:10:02,855 [Thread-1] WARN  server.ServerUtils (ServerUtils.java:getScmDbDir(148)) - ozone.scm.db.dirs is not configured. We recommend adding this setting. Falling back to ozone.metadata.dirs instead.
2020-12-08 15:10:03,009 [Thread-1] WARN  db.DBStoreBuilder (DBStoreBuilder.java:applyDBDefinition(145)) - ozone.scm.db.dirs is not configured. We recommend adding this setting. Falling back to ozone.metadata.dirs instead.
2020-12-08 15:10:03,145 [Thread-1] INFO  net.NodeSchemaLoader (NodeSchemaLoader.java:loadSchemaFromFile(126)) - Loading file from sun.misc.CompoundEnumeration@38ef7ca
2020-12-08 15:10:03,147 [Thread-1] INFO  net.NodeSchemaLoader (NodeSchemaLoader.java:loadSchema(172)) - Loading network topology layer schema file
2020-12-08 15:10:03,225 [Thread-1] WARN  server.ServerUtils (ServerUtils.java:sanitizeUserArgs(73)) - ozone.scm.stale.node.interval value = 300000 is larger than max = 100000 based on the key value of ozone.scm.heartbeat.thread.interval, reset to the max value 100000.
2020-12-08 15:10:03,226 [Thread-1] WARN  server.ServerUtils (ServerUtils.java:sanitizeUserArgs(73)) - ozone.scm.stale.node.interval value = 300000 is larger than max = 100000 based on the key value of ozone.scm.heartbeat.thread.interval, reset to the max value 100000.
2020-12-08 15:10:03,231 [Thread-1] INFO  node.SCMNodeManager (SCMNodeManager.java:<init>(123)) - Entering startup safe mode.
2020-12-08 15:10:03,398 [Thread-1] INFO  algorithms.ContainerPlacementPolicyFactory (ContainerPlacementPolicyFactory.java:getPolicy(60)) - Create container placement policy of type org.apache.hadoop.hdds.scm.container.placement.algorithms.SCMContainerPlacementRandom
2020-12-08 15:10:03,432 [Thread-1] INFO  algorithms.LeaderChoosePolicyFactory (LeaderChoosePolicyFactory.java:getPolicy(57)) - Create leader choose policy of type org.apache.hadoop.hdds.scm.pipeline.leader.choose.algorithms.DefaultLeaderChoosePolicy
2020-12-08 15:10:03,432 [Thread-1] INFO  pipeline.SCMPipelineManager (SCMPipelineManager.java:initializePipelineState(161)) - No pipeline exists in current db
2020-12-08 15:10:03,452 [Thread-1] INFO  algorithms.PipelineChoosePolicyFactory (PipelineChoosePolicyFactory.java:createPipelineChoosePolicyFromClass(75)) - Create pipeline choose policy of type org.apache.hadoop.hdds.scm.pipeline.choose.algorithms.RandomPipelineChoosePolicy
2020-12-08 15:10:03,529 [Thread-1] INFO  safemode.HealthyPipelineSafeModeRule (HealthyPipelineSafeModeRule.java:<init>(89)) - Total pipeline count is 0, healthy pipeline threshold count is 0
2020-12-08 15:10:03,534 [Thread-1] INFO  safemode.OneReplicaPipelineSafeModeRule (OneReplicaPipelineSafeModeRule.java:<init>(84)) - Total pipeline count is 0, pipeline's with at least one datanode reported threshold count is 0
2020-12-08 15:10:04,042 [Thread-1] INFO  ipc.CallQueueManager (CallQueueManager.java:<init>(84)) - Using callQueue: class java.util.concurrent.LinkedBlockingQueue, queueCapacity: 2000, scheduler: class org.apache.hadoop.ipc.DefaultRpcScheduler, ipcBackoff: false.
2020-12-08 15:10:04,068 [Socket Reader #1 for port 0] INFO  ipc.Server (Server.java:run(1219)) - Starting Socket Reader #1 for port 0
2020-12-08 15:10:04,097 [Listener at 0.0.0.0/43765] INFO  ipc.CallQueueManager (CallQueueManager.java:<init>(84)) - Using callQueue: class java.util.concurrent.LinkedBlockingQueue, queueCapacity: 2000, scheduler: class org.apache.hadoop.ipc.DefaultRpcScheduler, ipcBackoff: false.
2020-12-08 15:10:04,098 [Socket Reader #1 for port 0] INFO  ipc.Server (Server.java:run(1219)) - Starting Socket Reader #1 for port 0
2020-12-08 15:10:04,112 [Listener at 0.0.0.0/42797] INFO  ipc.CallQueueManager (CallQueueManager.java:<init>(84)) - Using callQueue: class java.util.concurrent.LinkedBlockingQueue, queueCapacity: 2000, scheduler: class org.apache.hadoop.ipc.DefaultRpcScheduler, ipcBackoff: false.
2020-12-08 15:10:04,114 [Socket Reader #1 for port 0] INFO  ipc.Server (Server.java:run(1219)) - Starting Socket Reader #1 for port 0
2020-12-08 15:10:04,137 [Listener at 0.0.0.0/37785] INFO  http.BaseHttpServer (BaseHttpServer.java:newHttpServer2BuilderForOzone(207)) - Starting Web-server for scm at: http://0.0.0.0:0
2020-12-08 15:10:04,137 [Listener at 0.0.0.0/37785] INFO  http.BaseHttpServer (BaseHttpServer.java:<init>(106)) - Hadoop Security Enabled: false Ozone Security Enabled: false Ozone HTTP Security Enabled: false 
2020-12-08 15:10:04,167 [Listener at 0.0.0.0/37785] INFO  util.log (Log.java:initialized(169)) - Logging initialized @2530ms to org.eclipse.jetty.util.log.Slf4jLog
2020-12-08 15:10:04,312 [Listener at 0.0.0.0/37785] INFO  server.AuthenticationFilter (AuthenticationFilter.java:constructSecretProvider(240)) - Unable to initialize FileSignerSecretProvider, falling back to use random secrets.
2020-12-08 15:10:04,328 [Listener at 0.0.0.0/37785] WARN  http.HttpRequestLog (HttpRequestLog.java:getRequestLog(103)) - Jetty request log can only be enabled using Log4j
2020-12-08 15:10:04,335 [Listener at 0.0.0.0/37785] INFO  http.HttpServer2 (HttpServer2.java:addGlobalFilter(1019)) - Added global filter 'safety' (class=org.apache.hadoop.hdds.server.http.HttpServer2$QuotingInputFilter)
2020-12-08 15:10:04,337 [Listener at 0.0.0.0/37785] INFO  http.HttpServer2 (HttpServer2.java:addFilter(995)) - Added filter static_user_filter (class=org.apache.hadoop.http.lib.StaticUserWebFilter$StaticUserFilter) to context scm
2020-12-08 15:10:04,338 [Listener at 0.0.0.0/37785] INFO  http.HttpServer2 (HttpServer2.java:addFilter(1003)) - Added filter static_user_filter (class=org.apache.hadoop.http.lib.StaticUserWebFilter$StaticUserFilter) to context static
2020-12-08 15:10:04,338 [Listener at 0.0.0.0/37785] INFO  http.HttpServer2 (HttpServer2.java:addFilter(1003)) - Added filter static_user_filter (class=org.apache.hadoop.http.lib.StaticUserWebFilter$StaticUserFilter) to context logs
2020-12-08 15:10:04,402 [Listener at 0.0.0.0/37785] INFO  server.StorageContainerManager (StorageContainerManager.java:start(789)) - StorageContainerLocationProtocol RPC server is listening at /0.0.0.0:37785
2020-12-08 15:10:04,455 [Listener at 0.0.0.0/37785] WARN  impl.MetricsConfig (MetricsConfig.java:loadFirst(134)) - Cannot locate configuration: tried hadoop-metrics2-storagecontainermanager.properties,hadoop-metrics2.properties
2020-12-08 15:10:04,469 [Listener at 0.0.0.0/37785] INFO  impl.MetricsSystemImpl (MetricsSystemImpl.java:startTimer(374)) - Scheduled Metric snapshot period at 10 second(s).
2020-12-08 15:10:04,469 [Listener at 0.0.0.0/37785] INFO  impl.MetricsSystemImpl (MetricsSystemImpl.java:start(191)) - StorageContainerManager metrics system started
2020-12-08 15:10:04,709 [Listener at 0.0.0.0/37785] INFO  server.SCMClientProtocolServer (SCMClientProtocolServer.java:start(159)) - RPC server for Client  is listening at /0.0.0.0:37785
2020-12-08 15:10:04,711 [IPC Server Responder] INFO  ipc.Server (Server.java:run(1460)) - IPC Server Responder: starting
2020-12-08 15:10:04,712 [IPC Server listener on 0] INFO  ipc.Server (Server.java:run(1298)) - IPC Server listener on 0: starting
2020-12-08 15:10:04,718 [Listener at 0.0.0.0/37785] INFO  server.StorageContainerManager (StorageContainerManager.java:start(801)) - ScmBlockLocationProtocol RPC server is listening at /0.0.0.0:42797
2020-12-08 15:10:04,719 [Listener at 0.0.0.0/37785] INFO  server.SCMBlockProtocolServer (SCMBlockProtocolServer.java:start(150)) - RPC server for Block Protocol is listening at /0.0.0.0:42797
2020-12-08 15:10:04,719 [IPC Server Responder] INFO  ipc.Server (Server.java:run(1460)) - IPC Server Responder: starting
2020-12-08 15:10:04,719 [IPC Server listener on 0] INFO  ipc.Server (Server.java:run(1298)) - IPC Server listener on 0: starting
2020-12-08 15:10:04,725 [Listener at 0.0.0.0/37785] INFO  server.StorageContainerManager (StorageContainerManager.java:start(807)) - ScmDatanodeProtocl RPC server is listening at /0.0.0.0:43765
2020-12-08 15:10:04,726 [Listener at 0.0.0.0/37785] INFO  server.SCMDatanodeProtocolServer (SCMDatanodeProtocolServer.java:start(174)) - RPC server for DataNodes is listening at /0.0.0.0:43765
2020-12-08 15:10:04,729 [IPC Server Responder] INFO  ipc.Server (Server.java:run(1460)) - IPC Server Responder: starting
2020-12-08 15:10:04,729 [IPC Server listener on 0] INFO  ipc.Server (Server.java:run(1298)) - IPC Server listener on 0: starting
2020-12-08 15:10:04,739 [Listener at 0.0.0.0/37785] INFO  http.HttpServer2 (HttpServer2.java:bindListener(1237)) - Jetty bound to port 36331
2020-12-08 15:10:04,741 [Listener at 0.0.0.0/37785] INFO  server.Server (Server.java:doStart(375)) - jetty-9.4.34.v20201102; built: 2020-11-02T14:15:39.302Z; git: e46af88704a893fc12cb0e3bf46e2c7b48a009e7; jvm 1.8.0_232-b09
2020-12-08 15:10:04,772 [Listener at 0.0.0.0/37785] INFO  server.session (DefaultSessionIdManager.java:doStart(334)) - DefaultSessionIdManager workerName=node0
2020-12-08 15:10:04,772 [Listener at 0.0.0.0/37785] INFO  server.session (DefaultSessionIdManager.java:doStart(339)) - No SessionScavenger set, using defaults
2020-12-08 15:10:04,774 [Listener at 0.0.0.0/37785] INFO  server.session (HouseKeeper.java:startScavenging(132)) - node0 Scavenging every 600000ms
2020-12-08 15:10:04,790 [Listener at 0.0.0.0/37785] INFO  handler.ContextHandler (ContextHandler.java:doStart(916)) - Started o.e.j.s.ServletContextHandler@4308636b{logs,/logs,file:///github/workspace/mnt/ozone/hadoop-ozone/integration-test/target/log,AVAILABLE}
2020-12-08 15:10:04,791 [Listener at 0.0.0.0/37785] INFO  handler.ContextHandler (ContextHandler.java:doStart(916)) - Started o.e.j.s.ServletContextHandler@772828d9{static,/static,file:///github/workspace/mnt/ozone/hadoop-ozone/integration-test/target/test-classes/webapps/static,AVAILABLE}
2020-12-08 15:10:04,842 [Listener at 0.0.0.0/37785] INFO  handler.ContextHandler (ContextHandler.java:doStart(916)) - Started o.e.j.w.WebAppContext@75394f5a{scm,/,file:///github/workspace/mnt/ozone/hadoop-ozone/integration-test/target/test-classes/webapps/scm/,AVAILABLE}{file:/github/workspace/mnt/ozone/hadoop-ozone/integration-test/target/test-classes/webapps/scm}
2020-12-08 15:10:04,851 [Listener at 0.0.0.0/37785] INFO  server.AbstractConnector (AbstractConnector.java:doStart(331)) - Started ServerConnector@186dbf3d{HTTP/1.1, (http/1.1)}{0.0.0.0:36331}
2020-12-08 15:10:04,851 [Listener at 0.0.0.0/37785] INFO  server.Server (Server.java:doStart(415)) - Started @3214ms
2020-12-08 15:10:04,853 [Listener at 0.0.0.0/37785] INFO  impl.MetricsSinkAdapter (MetricsSinkAdapter.java:start(204)) - Sink prometheus started
2020-12-08 15:10:04,854 [Listener at 0.0.0.0/37785] INFO  impl.MetricsSystemImpl (MetricsSystemImpl.java:registerSink(301)) - Registered sink prometheus
2020-12-08 15:10:04,862 [Listener at 0.0.0.0/37785] INFO  http.BaseHttpServer (BaseHttpServer.java:updateConnectorAddress(327)) - HTTP server of scm listening at http://0.0.0.0:36331
2020-12-08 15:10:04,875 [org.apache.hadoop.util.JvmPauseMonitor$Monitor@5129fa01] INFO  util.JvmPauseMonitor (JvmPauseMonitor.java:run(188)) - Starting JVM pause monitor
2020-12-08 15:10:04,880 [Listener at 0.0.0.0/37785] WARN  server.ServerUtils (ServerUtils.java:getDBPath(225)) - ozone.om.db.dirs is not configured. We recommend adding this setting. Falling back to ozone.metadata.dirs instead.
2020-12-08 15:10:04,979 [Listener at 0.0.0.0/37785] INFO  ha.OMHANodeDetails (OMHANodeDetails.java:loadOMHAConfig(110)) - ServiceID for OzoneManager is om-service-test1
2020-12-08 15:10:04,981 [Listener at 0.0.0.0/37785] INFO  ha.OMHANodeDetails (OMHANodeDetails.java:loadOMHAConfig(188)) - Found matching OM address with OMServiceId: om-service-test1, OMNodeId: omNode-1, RPC Address: localhost:12636 and Ratis port: 12640
2020-12-08 15:10:04,982 [Listener at 0.0.0.0/37785] INFO  ha.OMHANodeDetails (OMHANodeDetails.java:setOMNodeSpecificConfigs(314)) - Setting configuration key ozone.om.http-address with value of key ozone.om.http-address.omNode-1: 127.0.0.1:12638
2020-12-08 15:10:04,982 [Listener at 0.0.0.0/37785] INFO  ha.OMHANodeDetails (OMHANodeDetails.java:setOMNodeSpecificConfigs(314)) - Setting configuration key ozone.om.https-address with value of key ozone.om.https-address.omNode-1: 127.0.0.1:12639
2020-12-08 15:10:04,982 [Listener at 0.0.0.0/37785] INFO  ha.OMHANodeDetails (OMHANodeDetails.java:setOMNodeSpecificConfigs(314)) - Setting configuration key ozone.om.address with value of key ozone.om.address.omNode-1: 127.0.0.1:12636
2020-12-08 15:10:04,982 [Listener at 0.0.0.0/37785] WARN  server.ServerUtils (ServerUtils.java:getDBPath(225)) - ozone.om.db.dirs is not configured. We recommend adding this setting. Falling back to ozone.metadata.dirs instead.
2020-12-08 15:10:04,983 [Listener at 0.0.0.0/37785] WARN  server.ServerUtils (ServerUtils.java:getDBPath(225)) - ozone.om.db.dirs is not configured. We recommend adding this setting. Falling back to ozone.metadata.dirs instead.
2020-12-08 15:10:05,652 [Listener at 0.0.0.0/37785] WARN  server.ServerUtils (ServerUtils.java:getDBPath(225)) - ozone.om.db.dirs is not configured. We recommend adding this setting. Falling back to ozone.metadata.dirs instead.
2020-12-08 15:10:05,658 [Listener at 0.0.0.0/37785] INFO  codec.OmKeyInfoCodec (OmKeyInfoCodec.java:<init>(41)) - OmKeyInfoCodec ignorePipeline = true
2020-12-08 15:10:05,659 [Listener at 0.0.0.0/37785] INFO  codec.RepeatedOmKeyInfoCodec (RepeatedOmKeyInfoCodec.java:<init>(40)) - RepeatedOmKeyInfoCodec ignorePipeline = true
2020-12-08 15:10:05,803 [Listener at 0.0.0.0/37785] INFO  om.OzoneManager (OzoneManager.java:addS3GVolumeToDB(3737)) - Created Volume s3v With Owner jenkins1001 required for S3Gateway operations.
2020-12-08 15:10:05,817 [Listener at 0.0.0.0/37785] INFO  metrics.MetricRegistries (MetricRegistriesLoader.java:load(64)) - Loaded MetricRegistries class org.apache.ratis.metrics.impl.MetricRegistriesImpl
2020-12-08 15:10:05,853 [Listener at 0.0.0.0/37785] WARN  server.ServerUtils (ServerUtils.java:getDefaultRatisDirectory(237)) - Storage directory for Ratis is not configured. It is a good idea to map this to an SSD disk. Falling back to ozone.metadata.dirs
2020-12-08 15:10:05,888 [Listener at 0.0.0.0/37785] INFO  ratis.OzoneManagerRatisServer (OzoneManagerRatisServer.java:<init>(271)) - Instantiating OM Ratis server with GroupID: om-service-test1 and Raft Peers: localhost:12640, localhost:12646, localhost:12652
2020-12-08 15:10:05,900 [Listener at 0.0.0.0/37785] INFO  ratis.OzoneManagerStateMachine (OzoneManagerStateMachine.java:loadSnapshotInfoFromDB(518)) - LastAppliedIndex is set from TransactionInfo from OM DB as (t:0, i:~)
2020-12-08 15:10:05,925 [Listener at 0.0.0.0/37785] INFO  impl.RaftServerProxy (ConfUtils.java:logGet(44)) - raft.rpc.type = GRPC (default)
2020-12-08 15:10:05,992 [Listener at 0.0.0.0/37785] INFO  grpc.GrpcFactory (GrpcFactory.java:checkPooledByteBufAllocatorUseCacheForAllThreads(45)) - PERFORMANCE WARNING: useCacheForAllThreads is true that may cause Netty to create a lot garbage objects and, as a result, trigger GC.
	It is recommended to disable useCacheForAllThreads by setting -Dorg.apache.ratis.thirdparty.io.netty.allocator.useCacheForAllThreads=false in command line.
2020-12-08 15:10:05,997 [Listener at 0.0.0.0/37785] INFO  grpc.GrpcConfigKeys (ConfUtils.java:logGet(44)) - raft.grpc.server.port = 12640 (custom)
2020-12-08 15:10:05,998 [Listener at 0.0.0.0/37785] INFO  server.GrpcService (ConfUtils.java:logGet(44)) - raft.grpc.message.size.max = 33554432 (custom)
2020-12-08 15:10:05,999 [Listener at 0.0.0.0/37785] INFO  server.RaftServerConfigKeys (ConfUtils.java:logGet(44)) - raft.server.log.appender.buffer.byte-limit = 33554432 (custom)
2020-12-08 15:10:06,000 [Listener at 0.0.0.0/37785] INFO  server.GrpcService (ConfUtils.java:logGet(44)) - raft.grpc.flow.control.window = 1MB (=1048576) (default)
2020-12-08 15:10:06,001 [Listener at 0.0.0.0/37785] INFO  server.RaftServerConfigKeys (ConfUtils.java:logGet(44)) - raft.server.rpc.request.timeout = 3000ms (default)
2020-12-08 15:10:06,170 [Listener at 0.0.0.0/37785] INFO  impl.DataStreamServerImpl (ConfUtils.java:logGet(44)) - raft.datastream.type = DISABLED (default)
2020-12-08 15:10:06,185 [Listener at 0.0.0.0/37785] INFO  server.RaftServerConfigKeys (ConfUtils.java:logGet(44)) - raft.server.storage.dir = [/github/workspace/mnt/ozone/hadoop-ozone/integration-test/target/test-dir/MiniOzoneClusterImpl-aee58368-5372-437c-a4fb-204c17443453/omNode-1/ratis] (custom)
2020-12-08 15:10:06,191 [Listener at 0.0.0.0/37785] INFO  impl.RaftServerProxy (RaftServerProxy.java:addNew(93)) - omNode-1: addNew group-523986131536:[omNode-3|rpc:localhost:12652, omNode-1|rpc:localhost:12640, omNode-2|rpc:localhost:12646] returns group-523986131536:java.util.concurrent.CompletableFuture@4d916e83[Not completed]
2020-12-08 15:10:06,191 [Listener at 0.0.0.0/37785] INFO  om.OzoneManager (OzoneManager.java:initializeRatisServer(1337)) - OzoneManager Ratis server initialized at port 12640
2020-12-08 15:10:06,191 [Listener at 0.0.0.0/37785] WARN  server.ServerUtils (ServerUtils.java:getDefaultRatisDirectory(237)) - Storage directory for Ratis is not configured. It is a good idea to map this to an SSD disk. Falling back to ozone.metadata.dirs
2020-12-08 15:10:06,192 [Listener at 0.0.0.0/37785] WARN  server.ServerUtils (ServerUtils.java:getDefaultRatisDirectory(237)) - Storage directory for Ratis is not configured. It is a good idea to map this to an SSD disk. Falling back to ozone.metadata.dirs
2020-12-08 15:10:06,193 [Listener at 0.0.0.0/37785] INFO  snapshot.OzoneManagerSnapshotProvider (OzoneManagerSnapshotProvider.java:<init>(77)) - Initializing OM Snapshot Provider
2020-12-08 15:10:06,223 [pool-25-thread-1] INFO  impl.RaftServerImpl (RaftServerImpl.java:<init>(121)) - omNode-1: new RaftServerImpl for group-523986131536:[omNode-3|rpc:localhost:12652, omNode-1|rpc:localhost:12640, omNode-2|rpc:localhost:12646] with OzoneManagerStateMachine:uninitialized
2020-12-08 15:10:06,224 [pool-25-thread-1] INFO  server.RaftServerConfigKeys (ConfUtils.java:logGet(44)) - raft.server.rpc.timeout.min = 1s (custom)
2020-12-08 15:10:06,224 [pool-25-thread-1] INFO  server.RaftServerConfigKeys (ConfUtils.java:logGet(44)) - raft.server.rpc.timeout.max = 1200ms (custom)
2020-12-08 15:10:06,224 [pool-25-thread-1] INFO  server.RaftServerConfigKeys (ConfUtils.java:logGet(44)) - raft.server.rpc.slowness.timeout = 2s (custom)
2020-12-08 15:10:06,225 [pool-25-thread-1] INFO  server.RaftServerConfigKeys (ConfUtils.java:logGet(44)) - raft.server.leaderelection.leader.step-down.wait-time = 10s (default)
2020-12-08 15:10:06,225 [pool-25-thread-1] INFO  server.RaftServerConfigKeys (ConfUtils.java:logGet(44)) - raft.server.sleep.deviation.threshold = 300 (default)
2020-12-08 15:10:06,234 [pool-25-thread-1] INFO  server.RaftServerConfigKeys (ConfUtils.java:logGet(44)) - raft.server.log.appender.install.snapshot.enabled = false (custom)
2020-12-08 15:10:06,245 [pool-25-thread-1] INFO  impl.RaftServerImpl (ServerState.java:<init>(104)) - omNode-1@group-523986131536: ConfigurationManager, init=-1: [omNode-3|rpc:localhost:12652, omNode-1|rpc:localhost:12640, omNode-2|rpc:localhost:12646], old=null, confs=<EMPTY_MAP>
2020-12-08 15:10:06,246 [pool-25-thread-1] INFO  server.RaftServerConfigKeys (ConfUtils.java:logGet(44)) - raft.server.storage.dir = [/github/workspace/mnt/ozone/hadoop-ozone/integration-test/target/test-dir/MiniOzoneClusterImpl-aee58368-5372-437c-a4fb-204c17443453/omNode-1/ratis] (custom)
2020-12-08 15:10:06,250 [pool-25-thread-1] INFO  server.RaftServerConfigKeys (ConfUtils.java:logGet(44)) - raft.server.log.corruption.policy = EXCEPTION (default)
2020-12-08 15:10:06,254 [pool-25-thread-1] INFO  storage.RaftStorageDirectory (RaftStorageDirectory.java:analyzeStorage(261)) - The storage directory /github/workspace/mnt/ozone/hadoop-ozone/integration-test/target/test-dir/MiniOzoneClusterImpl-aee58368-5372-437c-a4fb-204c17443453/omNode-1/ratis/c9bc4cf4-3bc3-3c60-a66b-523986131536 does not exist. Creating ...
2020-12-08 15:10:06,269 [pool-25-thread-1] INFO  storage.RaftStorageDirectory (RaftStorageDirectory.java:tryLock(343)) - Lock on /github/workspace/mnt/ozone/hadoop-ozone/integration-test/target/test-dir/MiniOzoneClusterImpl-aee58368-5372-437c-a4fb-204c17443453/omNode-1/ratis/c9bc4cf4-3bc3-3c60-a66b-523986131536/in_use.lock acquired by nodename 19996@ce787eff9c24
2020-12-08 15:10:06,276 [pool-25-thread-1] INFO  storage.RaftStorage (RaftStorage.java:format(85)) - Storage directory /github/workspace/mnt/ozone/hadoop-ozone/integration-test/target/test-dir/MiniOzoneClusterImpl-aee58368-5372-437c-a4fb-204c17443453/omNode-1/ratis/c9bc4cf4-3bc3-3c60-a66b-523986131536 has been successfully formatted.
2020-12-08 15:10:06,278 [pool-25-thread-1] INFO  server.RaftServerConfigKeys (ConfUtils.java:logGet(44)) - raft.server.notification.no-leader.timeout = 2s (custom)
2020-12-08 15:10:06,280 [pool-25-thread-1] INFO  server.RaftServerConfigKeys (ConfUtils.java:logGet(44)) - raft.server.log.use.memory = false (default)
2020-12-08 15:10:06,285 [pool-25-thread-1] INFO  server.RaftServerConfigKeys (ConfUtils.java:logGet(44)) - raft.server.log.purge.gap = 50 (custom)
2020-12-08 15:10:06,291 [pool-25-thread-1] INFO  metrics.RatisMetrics (RatisMetrics.java:lambda$create$0(36)) - Creating Metrics Registry : ratis.log_worker.omNode-1@group-523986131536
2020-12-08 15:10:06,305 [pool-25-thread-1] INFO  server.RaftServerConfigKeys (ConfUtils.java:logGet(44)) - raft.server.log.appender.buffer.byte-limit = 33554432 (custom)
2020-12-08 15:10:06,311 [pool-25-thread-1] INFO  server.RaftServerConfigKeys (ConfUtils.java:logGet(44)) - raft.server.log.segment.size.max = 4194304 (custom)
2020-12-08 15:10:06,324 [pool-25-thread-1] INFO  server.RaftServerConfigKeys (ConfUtils.java:logGet(44)) - raft.server.log.segment.cache.num.max = 2 (custom)
2020-12-08 15:10:06,350 [pool-25-thread-1] INFO  segmented.SegmentedRaftLogWorker (SegmentedRaftLogWorker.java:<init>(180)) - new omNode-1@group-523986131536-SegmentedRaftLogWorker for RaftStorage:Storage Directory /github/workspace/mnt/ozone/hadoop-ozone/integration-test/target/test-dir/MiniOzoneClusterImpl-aee58368-5372-437c-a4fb-204c17443453/omNode-1/ratis/c9bc4cf4-3bc3-3c60-a66b-523986131536
2020-12-08 15:10:06,357 [pool-25-thread-1] INFO  server.RaftServerConfigKeys (ConfUtils.java:logGet(44)) - raft.server.log.queue.byte-limit = 64MB (=67108864) (default)
2020-12-08 15:10:06,357 [pool-25-thread-1] INFO  server.RaftServerConfigKeys (ConfUtils.java:logGet(44)) - raft.server.log.queue.element-limit = 4096 (default)
2020-12-08 15:10:06,358 [pool-25-thread-1] INFO  server.RaftServerConfigKeys (ConfUtils.java:logGet(44)) - raft.server.log.segment.size.max = 4194304 (custom)
2020-12-08 15:10:06,359 [pool-25-thread-1] INFO  server.RaftServerConfigKeys (ConfUtils.java:logGet(44)) - raft.server.log.preallocated.size = 4194304 (custom)
2020-12-08 15:10:06,360 [pool-25-thread-1] INFO  server.RaftServerConfigKeys (ConfUtils.java:logGet(44)) - raft.server.log.write.buffer.size = 64KB (=65536) (default)
2020-12-08 15:10:06,360 [pool-25-thread-1] INFO  server.RaftServerConfigKeys (ConfUtils.java:logGet(44)) - raft.server.log.force.sync.num = 128 (default)
2020-12-08 15:10:06,362 [pool-25-thread-1] INFO  server.RaftServerConfigKeys (ConfUtils.java:logGet(44)) - raft.server.log.statemachine.data.sync = true (default)
2020-12-08 15:10:06,362 [pool-25-thread-1] INFO  server.RaftServerConfigKeys (ConfUtils.java:logGet(44)) - raft.server.log.statemachine.data.sync.timeout = 10s (default)
2020-12-08 15:10:06,363 [pool-25-thread-1] INFO  server.RaftServerConfigKeys (ConfUtils.java:logGet(44)) - raft.server.log.statemachine.data.sync.timeout.retry = -1 (default)
2020-12-08 15:10:06,368 [Listener at 0.0.0.0/37785] INFO  ipc.CallQueueManager (CallQueueManager.java:<init>(84)) - Using callQueue: class java.util.concurrent.LinkedBlockingQueue, queueCapacity: 2000, scheduler: class org.apache.hadoop.ipc.DefaultRpcScheduler, ipcBackoff: false.
2020-12-08 15:10:06,368 [Socket Reader #1 for port 12636] INFO  ipc.Server (Server.java:run(1219)) - Starting Socket Reader #1 for port 12636
2020-12-08 15:10:06,381 [pool-25-thread-1] INFO  server.RaftServerConfigKeys (ConfUtils.java:logGet(44)) - raft.server.log.statemachine.data.caching.enabled = false (default)
2020-12-08 15:10:06,394 [pool-25-thread-1] INFO  segmented.SegmentedRaftLogWorker (SegmentedRaftLogWorker.java:lambda$new$0(129)) - omNode-1@group-523986131536-SegmentedRaftLogWorker: flushIndex: setUnconditionally 0 -> -1
2020-12-08 15:10:06,394 [pool-25-thread-1] INFO  segmented.SegmentedRaftLogWorker (SegmentedRaftLogWorker.java:lambda$new$0(129)) - omNode-1@group-523986131536-SegmentedRaftLogWorker: safeCacheEvictIndex: setUnconditionally 0 -> -1
2020-12-08 15:10:06,410 [pool-25-thread-1] INFO  server.RaftServerConfigKeys (ConfUtils.java:logGet(44)) - raft.server.snapshot.auto.trigger.enabled = true (custom)
2020-12-08 15:10:06,411 [pool-25-thread-1] INFO  server.RaftServerConfigKeys (ConfUtils.java:logGet(44)) - raft.server.snapshot.auto.trigger.threshold = 50 (custom)
2020-12-08 15:10:06,412 [pool-25-thread-1] INFO  server.RaftServerConfigKeys (ConfUtils.java:logGet(44)) - raft.server.snapshot.retention.file.num = -1 (default)
2020-12-08 15:10:06,419 [Listener at 127.0.0.1/12636] INFO  impl.MetricsSystemImpl (MetricsSystemImpl.java:init(158)) - OzoneManager metrics system started (again)
2020-12-08 15:10:06,420 [pool-25-thread-1] INFO  server.RaftServerConfigKeys (ConfUtils.java:logGet(44)) - raft.server.log.purge.upto.snapshot.index = true (custom)
2020-12-08 15:10:06,422 [pool-25-thread-1] INFO  server.RaftServerConfigKeys (ConfUtils.java:logGet(44)) - raft.server.retrycache.expirytime = 600000ms (custom)
2020-12-08 15:10:06,431 [Listener at 127.0.0.1/12636] INFO  om.OzoneManager (OzoneManager.java:start(1145)) - OzoneManager RPC server is listening at localhost/127.0.0.1:12636
2020-12-08 15:10:06,431 [Listener at 127.0.0.1/12636] INFO  ratis.OzoneManagerRatisServer (OzoneManagerRatisServer.java:start(368)) - Starting OzoneManagerRatisServer omNode-1 at port 12640
2020-12-08 15:10:06,449 [pool-25-thread-1] INFO  metrics.RatisMetrics (RatisMetrics.java:lambda$create$0(36)) - Creating Metrics Registry : ratis.leader_election.omNode-1@group-523986131536
2020-12-08 15:10:06,454 [pool-25-thread-1] INFO  metrics.RatisMetrics (RatisMetrics.java:lambda$create$0(36)) - Creating Metrics Registry : ratis.server.omNode-1@group-523986131536
2020-12-08 15:10:06,467 [Listener at 127.0.0.1/12636] INFO  impl.RaftServerImpl (RaftServerImpl.java:start(215)) - omNode-1@group-523986131536: start as a follower, conf=-1: [omNode-3|rpc:localhost:12652, omNode-1|rpc:localhost:12640, omNode-2|rpc:localhost:12646], old=null
2020-12-08 15:10:06,469 [Listener at 127.0.0.1/12636] INFO  impl.RaftServerImpl (RaftServerImpl.java:setRole(204)) - omNode-1@group-523986131536: changes role from      null to FOLLOWER at term 0 for startAsFollower
2020-12-08 15:10:06,470 [Listener at 127.0.0.1/12636] INFO  impl.RoleInfo (RoleInfo.java:updateAndGet(143)) - omNode-1: start omNode-1@group-523986131536-FollowerState
2020-12-08 15:10:06,474 [Listener at 127.0.0.1/12636] INFO  util.JmxRegister (JmxRegister.java:tryRegister(44)) - Successfully registered JMX Bean with object name Ratis:service=RaftServer,group=group-523986131536,id=omNode-1
2020-12-08 15:10:06,477 [Listener at 127.0.0.1/12636] INFO  metrics.RatisMetrics (RatisMetrics.java:lambda$create$0(36)) - Creating Metrics Registry : ratis.state_machine.omNode-1@group-523986131536
2020-12-08 15:10:06,482 [Listener at 127.0.0.1/12636] INFO  impl.RaftServerProxy (RaftServerProxy.java:lambda$start$3(321)) - omNode-1: start RPC server
2020-12-08 15:10:06,539 [Listener at 127.0.0.1/12636] INFO  server.GrpcService (GrpcService.java:startImpl(177)) - omNode-1: GrpcService started, listening on 0.0.0.0/0.0.0.0:12640
2020-12-08 15:10:06,544 [org.apache.ratis.server.JvmPauseMonitor@2b6d8300-Monitor] INFO  server.RaftServerConfigKeys (ConfUtils.java:logGet(44)) - raft.server.leaderelection.leader.step-down.wait-time = 10s (default)
2020-12-08 15:10:06,545 [org.apache.ratis.server.JvmPauseMonitor@2b6d8300-Monitor] INFO  server.RaftServerConfigKeys (ConfUtils.java:logGet(44)) - raft.server.rpc.slowness.timeout = 2s (custom)
2020-12-08 15:10:06,552 [org.apache.ratis.server.JvmPauseMonitor@2b6d8300-Monitor] INFO  server.JvmPauseMonitor (JvmPauseMonitor.java:run(129)) - Starting Ratis JVM pause monitor
2020-12-08 15:10:06,569 [Listener at 127.0.0.1/12636] INFO  http.BaseHttpServer (BaseHttpServer.java:newHttpServer2BuilderForOzone(207)) - Starting Web-server for ozoneManager at: http://0.0.0.0:12638
2020-12-08 15:10:06,569 [Listener at 127.0.0.1/12636] INFO  http.BaseHttpServer (BaseHttpServer.java:<init>(106)) - Hadoop Security Enabled: false Ozone Security Enabled: false Ozone HTTP Security Enabled: false 
2020-12-08 15:10:06,571 [Listener at 127.0.0.1/12636] INFO  server.AuthenticationFilter (AuthenticationFilter.java:constructSecretProvider(240)) - Unable to initialize FileSignerSecretProvider, falling back to use random secrets.
2020-12-08 15:10:06,571 [Listener at 127.0.0.1/12636] WARN  http.HttpRequestLog (HttpRequestLog.java:getRequestLog(103)) - Jetty request log can only be enabled using Log4j
2020-12-08 15:10:06,572 [Listener at 127.0.0.1/12636] INFO  http.HttpServer2 (HttpServer2.java:addGlobalFilter(1019)) - Added global filter 'safety' (class=org.apache.hadoop.hdds.server.http.HttpServer2$QuotingInputFilter)
2020-12-08 15:10:06,573 [Listener at 127.0.0.1/12636] INFO  http.HttpServer2 (HttpServer2.java:addFilter(995)) - Added filter static_user_filter (class=org.apache.hadoop.http.lib.StaticUserWebFilter$StaticUserFilter) to context ozoneManager
2020-12-08 15:10:06,574 [Listener at 127.0.0.1/12636] INFO  http.HttpServer2 (HttpServer2.java:addFilter(1003)) - Added filter static_user_filter (class=org.apache.hadoop.http.lib.StaticUserWebFilter$StaticUserFilter) to context logs
2020-12-08 15:10:06,574 [Listener at 127.0.0.1/12636] INFO  http.HttpServer2 (HttpServer2.java:addFilter(1003)) - Added filter static_user_filter (class=org.apache.hadoop.http.lib.StaticUserWebFilter$StaticUserFilter) to context static
2020-12-08 15:10:06,598 [Listener at 127.0.0.1/12636] INFO  http.HttpServer2 (HttpServer2.java:bindListener(1237)) - Jetty bound to port 12638
2020-12-08 15:10:06,599 [Listener at 127.0.0.1/12636] INFO  server.Server (Server.java:doStart(375)) - jetty-9.4.34.v20201102; built: 2020-11-02T14:15:39.302Z; git: e46af88704a893fc12cb0e3bf46e2c7b48a009e7; jvm 1.8.0_232-b09
2020-12-08 15:10:06,610 [Listener at 127.0.0.1/12636] INFO  server.session (DefaultSessionIdManager.java:doStart(334)) - DefaultSessionIdManager workerName=node0
2020-12-08 15:10:06,610 [Listener at 127.0.0.1/12636] INFO  server.session (DefaultSessionIdManager.java:doStart(339)) - No SessionScavenger set, using defaults
2020-12-08 15:10:06,610 [Listener at 127.0.0.1/12636] INFO  server.session (HouseKeeper.java:startScavenging(132)) - node0 Scavenging every 660000ms
2020-12-08 15:10:06,614 [Listener at 127.0.0.1/12636] INFO  handler.ContextHandler (ContextHandler.java:doStart(916)) - Started o.e.j.s.ServletContextHandler@2dcb2f92{logs,/logs,file:///github/workspace/mnt/ozone/hadoop-ozone/integration-test/target/log,AVAILABLE}
2020-12-08 15:10:06,614 [Listener at 127.0.0.1/12636] INFO  handler.ContextHandler (ContextHandler.java:doStart(916)) - Started o.e.j.s.ServletContextHandler@2b6d52c0{static,/static,file:///github/workspace/mnt/ozone/hadoop-ozone/integration-test/target/test-classes/webapps/static,AVAILABLE}
2020-12-08 15:10:06,624 [Listener at 127.0.0.1/12636] INFO  handler.ContextHandler (ContextHandler.java:doStart(916)) - Started o.e.j.w.WebAppContext@48fe2dfe{ozoneManager,/,file:///github/workspace/mnt/ozone/hadoop-ozone/integration-test/target/test-classes/webapps/ozoneManager/,AVAILABLE}{file:/github/workspace/mnt/ozone/hadoop-ozone/integration-test/target/test-classes/webapps/ozoneManager}
2020-12-08 15:10:06,631 [Listener at 127.0.0.1/12636] INFO  server.AbstractConnector (AbstractConnector.java:doStart(331)) - Started ServerConnector@52d1afd{HTTP/1.1, (http/1.1)}{0.0.0.0:12638}
2020-12-08 15:10:06,631 [Listener at 127.0.0.1/12636] INFO  server.Server (Server.java:doStart(415)) - Started @4995ms
2020-12-08 15:10:06,632 [Listener at 127.0.0.1/12636] WARN  impl.MetricsSystemImpl (MetricsSystemImpl.java:register(276)) - Sink prometheus already exists!
2020-12-08 15:10:06,637 [Listener at 127.0.0.1/12636] INFO  http.BaseHttpServer (BaseHttpServer.java:updateConnectorAddress(327)) - HTTP server of ozoneManager listening at http://0.0.0.0:12638
2020-12-08 15:10:06,638 [IPC Server Responder] INFO  ipc.Server (Server.java:run(1460)) - IPC Server Responder: starting
2020-12-08 15:10:06,638 [IPC Server listener on 12636] INFO  ipc.Server (Server.java:run(1298)) - IPC Server listener on 12636: starting
2020-12-08 15:10:06,646 [Listener at 127.0.0.1/12636] INFO  om.OzoneManager (OzoneManager.java:startTrashEmptier(1270)) - Trash Interval set to 0. Files deleted will not move to trash
2020-12-08 15:10:06,647 [Listener at 127.0.0.1/12636] INFO  ozone.MiniOzoneHAClusterImpl (MiniOzoneHAClusterImpl.java:createOMService(380)) - Started OzoneManager RPC server at localhost/127.0.0.1:12636
2020-12-08 15:10:06,647 [org.apache.hadoop.util.JvmPauseMonitor$Monitor@31128418] INFO  util.JvmPauseMonitor (JvmPauseMonitor.java:run(188)) - Starting JVM pause monitor
2020-12-08 15:10:06,648 [Listener at 127.0.0.1/12636] WARN  server.ServerUtils (ServerUtils.java:getDBPath(225)) - ozone.om.db.dirs is not configured. We recommend adding this setting. Falling back to ozone.metadata.dirs instead.
2020-12-08 15:10:06,652 [Listener at 127.0.0.1/12636] INFO  ha.OMHANodeDetails (OMHANodeDetails.java:loadOMHAConfig(110)) - ServiceID for OzoneManager is om-service-test1
2020-12-08 15:10:06,653 [Listener at 127.0.0.1/12636] INFO  ha.OMHANodeDetails (OMHANodeDetails.java:loadOMHAConfig(188)) - Found matching OM address with OMServiceId: om-service-test1, OMNodeId: omNode-2, RPC Address: localhost:12642 and Ratis port: 12646
2020-12-08 15:10:06,653 [Listener at 127.0.0.1/12636] INFO  ha.OMHANodeDetails (OMHANodeDetails.java:setOMNodeSpecificConfigs(314)) - Setting configuration key ozone.om.http-address with value of key ozone.om.http-address.omNode-2: 127.0.0.1:12644
2020-12-08 15:10:06,653 [Listener at 127.0.0.1/12636] INFO  ha.OMHANodeDetails (OMHANodeDetails.java:setOMNodeSpecificConfigs(314)) - Setting configuration key ozone.om.https-address with value of key ozone.om.https-address.omNode-2: 127.0.0.1:12645
2020-12-08 15:10:06,653 [Listener at 127.0.0.1/12636] INFO  ha.OMHANodeDetails (OMHANodeDetails.java:setOMNodeSpecificConfigs(314)) - Setting configuration key ozone.om.address with value of key ozone.om.address.omNode-2: 127.0.0.1:12642
2020-12-08 15:10:06,654 [Listener at 127.0.0.1/12636] WARN  server.ServerUtils (ServerUtils.java:getDBPath(225)) - ozone.om.db.dirs is not configured. We recommend adding this setting. Falling back to ozone.metadata.dirs instead.
2020-12-08 15:10:06,654 [Listener at 127.0.0.1/12636] WARN  server.ServerUtils (ServerUtils.java:getDBPath(225)) - ozone.om.db.dirs is not configured. We recommend adding this setting. Falling back to ozone.metadata.dirs instead.
2020-12-08 15:10:06,659 [Listener at 127.0.0.1/12636] WARN  server.ServerUtils (ServerUtils.java:getDBPath(225)) - ozone.om.db.dirs is not configured. We recommend adding this setting. Falling back to ozone.metadata.dirs instead.
2020-12-08 15:10:06,661 [Listener at 127.0.0.1/12636] INFO  codec.OmKeyInfoCodec (OmKeyInfoCodec.java:<init>(41)) - OmKeyInfoCodec ignorePipeline = true
2020-12-08 15:10:06,661 [Listener at 127.0.0.1/12636] INFO  codec.RepeatedOmKeyInfoCodec (RepeatedOmKeyInfoCodec.java:<init>(40)) - RepeatedOmKeyInfoCodec ignorePipeline = true
2020-12-08 15:10:06,714 [Listener at 127.0.0.1/12636] INFO  om.OzoneManager (OzoneManager.java:addS3GVolumeToDB(3737)) - Created Volume s3v With Owner jenkins1001 required for S3Gateway operations.
2020-12-08 15:10:06,714 [Listener at 127.0.0.1/12636] WARN  server.ServerUtils (ServerUtils.java:getDefaultRatisDirectory(237)) - Storage directory for Ratis is not configured. It is a good idea to map this to an SSD disk. Falling back to ozone.metadata.dirs
2020-12-08 15:10:06,715 [Listener at 127.0.0.1/12636] INFO  ratis.OzoneManagerRatisServer (OzoneManagerRatisServer.java:<init>(271)) - Instantiating OM Ratis server with GroupID: om-service-test1 and Raft Peers: localhost:12646, localhost:12640, localhost:12652
2020-12-08 15:10:06,715 [Listener at 127.0.0.1/12636] INFO  ratis.OzoneManagerStateMachine (OzoneManagerStateMachine.java:loadSnapshotInfoFromDB(518)) - LastAppliedIndex is set from TransactionInfo from OM DB as (t:0, i:~)
2020-12-08 15:10:06,716 [Listener at 127.0.0.1/12636] INFO  impl.RaftServerProxy (ConfUtils.java:logGet(44)) - raft.rpc.type = GRPC (default)
2020-12-08 15:10:06,716 [Listener at 127.0.0.1/12636] INFO  grpc.GrpcFactory (GrpcFactory.java:checkPooledByteBufAllocatorUseCacheForAllThreads(45)) - PERFORMANCE WARNING: useCacheForAllThreads is true that may cause Netty to create a lot garbage objects and, as a result, trigger GC.
	It is recommended to disable useCacheForAllThreads by setting -Dorg.apache.ratis.thirdparty.io.netty.allocator.useCacheForAllThreads=false in command line.
2020-12-08 15:10:06,716 [Listener at 127.0.0.1/12636] INFO  grpc.GrpcConfigKeys (ConfUtils.java:logGet(44)) - raft.grpc.server.port = 12646 (custom)
2020-12-08 15:10:06,717 [Listener at 127.0.0.1/12636] INFO  server.GrpcService (ConfUtils.java:logGet(44)) - raft.grpc.message.size.max = 33554432 (custom)
2020-12-08 15:10:06,717 [Listener at 127.0.0.1/12636] INFO  server.RaftServerConfigKeys (ConfUtils.java:logGet(44)) - raft.server.log.appender.buffer.byte-limit = 33554432 (custom)
2020-12-08 15:10:06,717 [Listener at 127.0.0.1/12636] INFO  server.GrpcService (ConfUtils.java:logGet(44)) - raft.grpc.flow.control.window = 1MB (=1048576) (default)
2020-12-08 15:10:06,717 [Listener at 127.0.0.1/12636] INFO  server.RaftServerConfigKeys (ConfUtils.java:logGet(44)) - raft.server.rpc.request.timeout = 3000ms (default)
2020-12-08 15:10:06,718 [Listener at 127.0.0.1/12636] INFO  impl.DataStreamServerImpl (ConfUtils.java:logGet(44)) - raft.datastream.type = DISABLED (default)
2020-12-08 15:10:06,719 [Listener at 127.0.0.1/12636] INFO  server.RaftServerConfigKeys (ConfUtils.java:logGet(44)) - raft.server.storage.dir = [/github/workspace/mnt/ozone/hadoop-ozone/integration-test/target/test-dir/MiniOzoneClusterImpl-aee58368-5372-437c-a4fb-204c17443453/omNode-2/ratis] (custom)
2020-12-08 15:10:06,720 [Listener at 127.0.0.1/12636] INFO  impl.RaftServerProxy (RaftServerProxy.java:addNew(93)) - omNode-2: addNew group-523986131536:[omNode-3|rpc:localhost:12652, omNode-1|rpc:localhost:12640, omNode-2|rpc:localhost:12646] returns group-523986131536:java.util.concurrent.CompletableFuture@3813f5d2[Not completed]
2020-12-08 15:10:06,720 [pool-42-thread-1] INFO  impl.RaftServerImpl (RaftServerImpl.java:<init>(121)) - omNode-2: new RaftServerImpl for group-523986131536:[omNode-3|rpc:localhost:12652, omNode-1|rpc:localhost:12640, omNode-2|rpc:localhost:12646] with OzoneManagerStateMachine:uninitialized
2020-12-08 15:10:06,721 [Listener at 127.0.0.1/12636] INFO  om.OzoneManager (OzoneManager.java:initializeRatisServer(1337)) - OzoneManager Ratis server initialized at port 12646
2020-12-08 15:10:06,721 [Listener at 127.0.0.1/12636] WARN  server.ServerUtils (ServerUtils.java:getDefaultRatisDirectory(237)) - Storage directory for Ratis is not configured. It is a good idea to map this to an SSD disk. Falling back to ozone.metadata.dirs
2020-12-08 15:10:06,721 [pool-42-thread-1] INFO  server.RaftServerConfigKeys (ConfUtils.java:logGet(44)) - raft.server.rpc.timeout.min = 1s (custom)
2020-12-08 15:10:06,722 [pool-42-thread-1] INFO  server.RaftServerConfigKeys (ConfUtils.java:logGet(44)) - raft.server.rpc.timeout.max = 1200ms (custom)
2020-12-08 15:10:06,722 [Listener at 127.0.0.1/12636] WARN  server.ServerUtils (ServerUtils.java:getDefaultRatisDirectory(237)) - Storage directory for Ratis is not configured. It is a good idea to map this to an SSD disk. Falling back to ozone.metadata.dirs
2020-12-08 15:10:06,722 [pool-42-thread-1] INFO  server.RaftServerConfigKeys (ConfUtils.java:logGet(44)) - raft.server.rpc.slowness.timeout = 2s (custom)
2020-12-08 15:10:06,722 [Listener at 127.0.0.1/12636] INFO  snapshot.OzoneManagerSnapshotProvider (OzoneManagerSnapshotProvider.java:<init>(77)) - Initializing OM Snapshot Provider
2020-12-08 15:10:06,723 [pool-42-thread-1] INFO  server.RaftServerConfigKeys (ConfUtils.java:logGet(44)) - raft.server.leaderelection.leader.step-down.wait-time = 10s (default)
2020-12-08 15:10:06,723 [pool-42-thread-1] INFO  server.RaftServerConfigKeys (ConfUtils.java:logGet(44)) - raft.server.sleep.deviation.threshold = 300 (default)
2020-12-08 15:10:06,723 [pool-42-thread-1] INFO  server.RaftServerConfigKeys (ConfUtils.java:logGet(44)) - raft.server.log.appender.install.snapshot.enabled = false (custom)
2020-12-08 15:10:06,724 [pool-42-thread-1] INFO  impl.RaftServerImpl (ServerState.java:<init>(104)) - omNode-2@group-523986131536: ConfigurationManager, init=-1: [omNode-3|rpc:localhost:12652, omNode-1|rpc:localhost:12640, omNode-2|rpc:localhost:12646], old=null, confs=<EMPTY_MAP>
2020-12-08 15:10:06,724 [pool-42-thread-1] INFO  server.RaftServerConfigKeys (ConfUtils.java:logGet(44)) - raft.server.storage.dir = [/github/workspace/mnt/ozone/hadoop-ozone/integration-test/target/test-dir/MiniOzoneClusterImpl-aee58368-5372-437c-a4fb-204c17443453/omNode-2/ratis] (custom)
2020-12-08 15:10:06,724 [pool-42-thread-1] INFO  server.RaftServerConfigKeys (ConfUtils.java:logGet(44)) - raft.server.log.corruption.policy = EXCEPTION (default)
2020-12-08 15:10:06,725 [pool-42-thread-1] INFO  storage.RaftStorageDirectory (RaftStorageDirectory.java:analyzeStorage(261)) - The storage directory /github/workspace/mnt/ozone/hadoop-ozone/integration-test/target/test-dir/MiniOzoneClusterImpl-aee58368-5372-437c-a4fb-204c17443453/omNode-2/ratis/c9bc4cf4-3bc3-3c60-a66b-523986131536 does not exist. Creating ...
2020-12-08 15:10:06,729 [pool-42-thread-1] INFO  storage.RaftStorageDirectory (RaftStorageDirectory.java:tryLock(343)) - Lock on /github/workspace/mnt/ozone/hadoop-ozone/integration-test/target/test-dir/MiniOzoneClusterImpl-aee58368-5372-437c-a4fb-204c17443453/omNode-2/ratis/c9bc4cf4-3bc3-3c60-a66b-523986131536/in_use.lock acquired by nodename 19996@ce787eff9c24
2020-12-08 15:10:06,730 [Listener at 127.0.0.1/12636] INFO  ipc.CallQueueManager (CallQueueManager.java:<init>(84)) - Using callQueue: class java.util.concurrent.LinkedBlockingQueue, queueCapacity: 2000, scheduler: class org.apache.hadoop.ipc.DefaultRpcScheduler, ipcBackoff: false.
2020-12-08 15:10:06,737 [Socket Reader #1 for port 12642] INFO  ipc.Server (Server.java:run(1219)) - Starting Socket Reader #1 for port 12642
2020-12-08 15:10:06,731 [pool-42-thread-1] INFO  storage.RaftStorage (RaftStorage.java:format(85)) - Storage directory /github/workspace/mnt/ozone/hadoop-ozone/integration-test/target/test-dir/MiniOzoneClusterImpl-aee58368-5372-437c-a4fb-204c17443453/omNode-2/ratis/c9bc4cf4-3bc3-3c60-a66b-523986131536 has been successfully formatted.
2020-12-08 15:10:06,751 [pool-42-thread-1] INFO  server.RaftServerConfigKeys (ConfUtils.java:logGet(44)) - raft.server.notification.no-leader.timeout = 2s (custom)
2020-12-08 15:10:06,751 [pool-42-thread-1] INFO  server.RaftServerConfigKeys (ConfUtils.java:logGet(44)) - raft.server.log.use.memory = false (default)
2020-12-08 15:10:06,756 [Listener at 127.0.0.1/12642] INFO  impl.MetricsSystemImpl (MetricsSystemImpl.java:init(158)) - OzoneManager metrics system started (again)
2020-12-08 15:10:06,757 [Listener at 127.0.0.1/12642] INFO  om.OzoneManager (OzoneManager.java:start(1145)) - OzoneManager RPC server is listening at localhost/127.0.0.1:12642
2020-12-08 15:10:06,758 [Listener at 127.0.0.1/12642] INFO  ratis.OzoneManagerRatisServer (OzoneManagerRatisServer.java:start(368)) - Starting OzoneManagerRatisServer omNode-2 at port 12646
2020-12-08 15:10:06,757 [pool-42-thread-1] INFO  server.RaftServerConfigKeys (ConfUtils.java:logGet(44)) - raft.server.log.purge.gap = 50 (custom)
2020-12-08 15:10:06,758 [pool-42-thread-1] INFO  metrics.RatisMetrics (RatisMetrics.java:lambda$create$0(36)) - Creating Metrics Registry : ratis.log_worker.omNode-2@group-523986131536
2020-12-08 15:10:06,759 [pool-42-thread-1] INFO  server.RaftServerConfigKeys (ConfUtils.java:logGet(44)) - raft.server.log.appender.buffer.byte-limit = 33554432 (custom)
2020-12-08 15:10:06,759 [pool-42-thread-1] INFO  server.RaftServerConfigKeys (ConfUtils.java:logGet(44)) - raft.server.log.segment.size.max = 4194304 (custom)
2020-12-08 15:10:06,759 [pool-42-thread-1] INFO  server.RaftServerConfigKeys (ConfUtils.java:logGet(44)) - raft.server.log.segment.cache.num.max = 2 (custom)
2020-12-08 15:10:06,760 [pool-42-thread-1] INFO  segmented.SegmentedRaftLogWorker (SegmentedRaftLogWorker.java:<init>(180)) - new omNode-2@group-523986131536-SegmentedRaftLogWorker for RaftStorage:Storage Directory /github/workspace/mnt/ozone/hadoop-ozone/integration-test/target/test-dir/MiniOzoneClusterImpl-aee58368-5372-437c-a4fb-204c17443453/omNode-2/ratis/c9bc4cf4-3bc3-3c60-a66b-523986131536
2020-12-08 15:10:06,760 [pool-42-thread-1] INFO  server.RaftServerConfigKeys (ConfUtils.java:logGet(44)) - raft.server.log.queue.byte-limit = 64MB (=67108864) (default)
2020-12-08 15:10:06,760 [pool-42-thread-1] INFO  server.RaftServerConfigKeys (ConfUtils.java:logGet(44)) - raft.server.log.queue.element-limit = 4096 (default)
2020-12-08 15:10:06,760 [pool-42-thread-1] INFO  server.RaftServerConfigKeys (ConfUtils.java:logGet(44)) - raft.server.log.segment.size.max = 4194304 (custom)
2020-12-08 15:10:06,760 [pool-42-thread-1] INFO  server.RaftServerConfigKeys (ConfUtils.java:logGet(44)) - raft.server.log.preallocated.size = 4194304 (custom)
2020-12-08 15:10:06,760 [pool-42-thread-1] INFO  server.RaftServerConfigKeys (ConfUtils.java:logGet(44)) - raft.server.log.write.buffer.size = 64KB (=65536) (default)
2020-12-08 15:10:06,760 [pool-42-thread-1] INFO  server.RaftServerConfigKeys (ConfUtils.java:logGet(44)) - raft.server.log.force.sync.num = 128 (default)
2020-12-08 15:10:06,761 [pool-42-thread-1] INFO  server.RaftServerConfigKeys (ConfUtils.java:logGet(44)) - raft.server.log.statemachine.data.sync = true (default)
2020-12-08 15:10:06,761 [pool-42-thread-1] INFO  server.RaftServerConfigKeys (ConfUtils.java:logGet(44)) - raft.server.log.statemachine.data.sync.timeout = 10s (default)
2020-12-08 15:10:06,761 [pool-42-thread-1] INFO  server.RaftServerConfigKeys (ConfUtils.java:logGet(44)) - raft.server.log.statemachine.data.sync.timeout.retry = -1 (default)
2020-12-08 15:10:06,762 [pool-42-thread-1] INFO  server.RaftServerConfigKeys (ConfUtils.java:logGet(44)) - raft.server.log.statemachine.data.caching.enabled = false (default)
2020-12-08 15:10:06,762 [pool-42-thread-1] INFO  segmented.SegmentedRaftLogWorker (SegmentedRaftLogWorker.java:lambda$new$0(129)) - omNode-2@group-523986131536-SegmentedRaftLogWorker: flushIndex: setUnconditionally 0 -> -1
2020-12-08 15:10:06,762 [pool-42-thread-1] INFO  segmented.SegmentedRaftLogWorker (SegmentedRaftLogWorker.java:lambda$new$0(129)) - omNode-2@group-523986131536-SegmentedRaftLogWorker: safeCacheEvictIndex: setUnconditionally 0 -> -1
2020-12-08 15:10:06,766 [pool-42-thread-1] INFO  server.RaftServerConfigKeys (ConfUtils.java:logGet(44)) - raft.server.snapshot.auto.trigger.enabled = true (custom)
2020-12-08 15:10:06,766 [pool-42-thread-1] INFO  server.RaftServerConfigKeys (ConfUtils.java:logGet(44)) - raft.server.snapshot.auto.trigger.threshold = 50 (custom)
2020-12-08 15:10:06,766 [pool-42-thread-1] INFO  server.RaftServerConfigKeys (ConfUtils.java:logGet(44)) - raft.server.snapshot.retention.file.num = -1 (default)
2020-12-08 15:10:06,766 [pool-42-thread-1] INFO  server.RaftServerConfigKeys (ConfUtils.java:logGet(44)) - raft.server.log.purge.upto.snapshot.index = true (custom)
2020-12-08 15:10:06,766 [pool-42-thread-1] INFO  server.RaftServerConfigKeys (ConfUtils.java:logGet(44)) - raft.server.retrycache.expirytime = 600000ms (custom)
2020-12-08 15:10:06,766 [pool-42-thread-1] INFO  metrics.RatisMetrics (RatisMetrics.java:lambda$create$0(36)) - Creating Metrics Registry : ratis.leader_election.omNode-2@group-523986131536
2020-12-08 15:10:06,767 [pool-42-thread-1] INFO  metrics.RatisMetrics (RatisMetrics.java:lambda$create$0(36)) - Creating Metrics Registry : ratis.server.omNode-2@group-523986131536
2020-12-08 15:10:06,768 [Listener at 127.0.0.1/12642] INFO  impl.RaftServerImpl (RaftServerImpl.java:start(215)) - omNode-2@group-523986131536: start as a follower, conf=-1: [omNode-3|rpc:localhost:12652, omNode-1|rpc:localhost:12640, omNode-2|rpc:localhost:12646], old=null
2020-12-08 15:10:06,768 [Listener at 127.0.0.1/12642] INFO  impl.RaftServerImpl (RaftServerImpl.java:setRole(204)) - omNode-2@group-523986131536: changes role from      null to FOLLOWER at term 0 for startAsFollower
2020-12-08 15:10:06,768 [Listener at 127.0.0.1/12642] INFO  impl.RoleInfo (RoleInfo.java:updateAndGet(143)) - omNode-2: start omNode-2@group-523986131536-FollowerState
2020-12-08 15:10:06,774 [Listener at 127.0.0.1/12642] INFO  util.JmxRegister (JmxRegister.java:tryRegister(44)) - Successfully registered JMX Bean with object name Ratis:service=RaftServer,group=group-523986131536,id=omNode-2
2020-12-08 15:10:06,774 [Listener at 127.0.0.1/12642] INFO  metrics.RatisMetrics (RatisMetrics.java:lambda$create$0(36)) - Creating Metrics Registry : ratis.state_machine.omNode-2@group-523986131536
2020-12-08 15:10:06,778 [Listener at 127.0.0.1/12642] INFO  impl.RaftServerProxy (RaftServerProxy.java:lambda$start$3(321)) - omNode-2: start RPC server
2020-12-08 15:10:06,787 [Listener at 127.0.0.1/12642] INFO  server.GrpcService (GrpcService.java:startImpl(177)) - omNode-2: GrpcService started, listening on 0.0.0.0/0.0.0.0:12646
2020-12-08 15:10:06,790 [org.apache.ratis.server.JvmPauseMonitor@c2617f6-Monitor] INFO  server.RaftServerConfigKeys (ConfUtils.java:logGet(44)) - raft.server.leaderelection.leader.step-down.wait-time = 10s (default)
2020-12-08 15:10:06,792 [org.apache.ratis.server.JvmPauseMonitor@c2617f6-Monitor] INFO  server.RaftServerConfigKeys (ConfUtils.java:logGet(44)) - raft.server.rpc.slowness.timeout = 2s (custom)
2020-12-08 15:10:06,792 [org.apache.ratis.server.JvmPauseMonitor@c2617f6-Monitor] INFO  server.JvmPauseMonitor (JvmPauseMonitor.java:run(129)) - Starting Ratis JVM pause monitor
2020-12-08 15:10:06,801 [Listener at 127.0.0.1/12642] INFO  http.BaseHttpServer (BaseHttpServer.java:newHttpServer2BuilderForOzone(207)) - Starting Web-server for ozoneManager at: http://0.0.0.0:12644
2020-12-08 15:10:06,801 [Listener at 127.0.0.1/12642] INFO  http.BaseHttpServer (BaseHttpServer.java:<init>(106)) - Hadoop Security Enabled: false Ozone Security Enabled: false Ozone HTTP Security Enabled: false 
2020-12-08 15:10:06,802 [Listener at 127.0.0.1/12642] INFO  server.AuthenticationFilter (AuthenticationFilter.java:constructSecretProvider(240)) - Unable to initialize FileSignerSecretProvider, falling back to use random secrets.
2020-12-08 15:10:06,804 [Listener at 127.0.0.1/12642] WARN  http.HttpRequestLog (HttpRequestLog.java:getRequestLog(103)) - Jetty request log can only be enabled using Log4j
2020-12-08 15:10:06,805 [Listener at 127.0.0.1/12642] INFO  http.HttpServer2 (HttpServer2.java:addGlobalFilter(1019)) - Added global filter 'safety' (class=org.apache.hadoop.hdds.server.http.HttpServer2$QuotingInputFilter)
2020-12-08 15:10:06,806 [Listener at 127.0.0.1/12642] INFO  http.HttpServer2 (HttpServer2.java:addFilter(995)) - Added filter static_user_filter (class=org.apache.hadoop.http.lib.StaticUserWebFilter$StaticUserFilter) to context ozoneManager
2020-12-08 15:10:06,806 [Listener at 127.0.0.1/12642] INFO  http.HttpServer2 (HttpServer2.java:addFilter(1003)) - Added filter static_user_filter (class=org.apache.hadoop.http.lib.StaticUserWebFilter$StaticUserFilter) to context static
2020-12-08 15:10:06,806 [Listener at 127.0.0.1/12642] INFO  http.HttpServer2 (HttpServer2.java:addFilter(1003)) - Added filter static_user_filter (class=org.apache.hadoop.http.lib.StaticUserWebFilter$StaticUserFilter) to context logs
2020-12-08 15:10:06,807 [Listener at 127.0.0.1/12642] INFO  http.HttpServer2 (HttpServer2.java:bindListener(1237)) - Jetty bound to port 12644
2020-12-08 15:10:06,807 [Listener at 127.0.0.1/12642] INFO  server.Server (Server.java:doStart(375)) - jetty-9.4.34.v20201102; built: 2020-11-02T14:15:39.302Z; git: e46af88704a893fc12cb0e3bf46e2c7b48a009e7; jvm 1.8.0_232-b09
2020-12-08 15:10:06,810 [Listener at 127.0.0.1/12642] INFO  server.session (DefaultSessionIdManager.java:doStart(334)) - DefaultSessionIdManager workerName=node0
2020-12-08 15:10:06,810 [Listener at 127.0.0.1/12642] INFO  server.session (DefaultSessionIdManager.java:doStart(339)) - No SessionScavenger set, using defaults
2020-12-08 15:10:06,811 [Listener at 127.0.0.1/12642] INFO  server.session (HouseKeeper.java:startScavenging(132)) - node0 Scavenging every 600000ms
2020-12-08 15:10:06,812 [Listener at 127.0.0.1/12642] INFO  handler.ContextHandler (ContextHandler.java:doStart(916)) - Started o.e.j.s.ServletContextHandler@1eacc697{logs,/logs,file:///github/workspace/mnt/ozone/hadoop-ozone/integration-test/target/log,AVAILABLE}
2020-12-08 15:10:06,812 [Listener at 127.0.0.1/12642] INFO  handler.ContextHandler (ContextHandler.java:doStart(916)) - Started o.e.j.s.ServletContextHandler@b638d79{static,/static,file:///github/workspace/mnt/ozone/hadoop-ozone/integration-test/target/test-classes/webapps/static,AVAILABLE}
2020-12-08 15:10:06,816 [Listener at 127.0.0.1/12642] INFO  handler.ContextHandler (ContextHandler.java:doStart(916)) - Started o.e.j.w.WebAppContext@51585742{ozoneManager,/,file:///github/workspace/mnt/ozone/hadoop-ozone/integration-test/target/test-classes/webapps/ozoneManager/,AVAILABLE}{file:/github/workspace/mnt/ozone/hadoop-ozone/integration-test/target/test-classes/webapps/ozoneManager}
2020-12-08 15:10:06,820 [Listener at 127.0.0.1/12642] INFO  server.AbstractConnector (AbstractConnector.java:doStart(331)) - Started ServerConnector@5ef817cb{HTTP/1.1, (http/1.1)}{0.0.0.0:12644}
2020-12-08 15:10:06,820 [Listener at 127.0.0.1/12642] INFO  server.Server (Server.java:doStart(415)) - Started @5183ms
2020-12-08 15:10:06,820 [Listener at 127.0.0.1/12642] WARN  impl.MetricsSystemImpl (MetricsSystemImpl.java:register(276)) - Sink prometheus already exists!
2020-12-08 15:10:06,823 [Listener at 127.0.0.1/12642] INFO  http.BaseHttpServer (BaseHttpServer.java:updateConnectorAddress(327)) - HTTP server of ozoneManager listening at http://0.0.0.0:12644
2020-12-08 15:10:06,824 [IPC Server Responder] INFO  ipc.Server (Server.java:run(1460)) - IPC Server Responder: starting
2020-12-08 15:10:06,824 [IPC Server listener on 12642] INFO  ipc.Server (Server.java:run(1298)) - IPC Server listener on 12642: starting
2020-12-08 15:10:06,827 [Listener at 127.0.0.1/12642] INFO  om.OzoneManager (OzoneManager.java:startTrashEmptier(1270)) - Trash Interval set to 0. Files deleted will not move to trash
2020-12-08 15:10:06,828 [Listener at 127.0.0.1/12642] INFO  ozone.MiniOzoneHAClusterImpl (MiniOzoneHAClusterImpl.java:createOMService(380)) - Started OzoneManager RPC server at localhost/127.0.0.1:12642
2020-12-08 15:10:06,828 [org.apache.hadoop.util.JvmPauseMonitor$Monitor@29cab8ec] INFO  util.JvmPauseMonitor (JvmPauseMonitor.java:run(188)) - Starting JVM pause monitor
2020-12-08 15:10:06,829 [Listener at 127.0.0.1/12642] WARN  server.ServerUtils (ServerUtils.java:getDBPath(225)) - ozone.om.db.dirs is not configured. We recommend adding this setting. Falling back to ozone.metadata.dirs instead.
2020-12-08 15:10:06,830 [Listener at 127.0.0.1/12642] INFO  ha.OMHANodeDetails (OMHANodeDetails.java:loadOMHAConfig(110)) - ServiceID for OzoneManager is om-service-test1
2020-12-08 15:10:06,831 [Listener at 127.0.0.1/12642] INFO  ha.OMHANodeDetails (OMHANodeDetails.java:loadOMHAConfig(188)) - Found matching OM address with OMServiceId: om-service-test1, OMNodeId: omNode-3, RPC Address: localhost:12648 and Ratis port: 12652
2020-12-08 15:10:06,831 [Listener at 127.0.0.1/12642] INFO  ha.OMHANodeDetails (OMHANodeDetails.java:setOMNodeSpecificConfigs(314)) - Setting configuration key ozone.om.http-address with value of key ozone.om.http-address.omNode-3: 127.0.0.1:12650
2020-12-08 15:10:06,831 [Listener at 127.0.0.1/12642] INFO  ha.OMHANodeDetails (OMHANodeDetails.java:setOMNodeSpecificConfigs(314)) - Setting configuration key ozone.om.https-address with value of key ozone.om.https-address.omNode-3: 127.0.0.1:12651
2020-12-08 15:10:06,831 [Listener at 127.0.0.1/12642] INFO  ha.OMHANodeDetails (OMHANodeDetails.java:setOMNodeSpecificConfigs(314)) - Setting configuration key ozone.om.address with value of key ozone.om.address.omNode-3: 127.0.0.1:12648
2020-12-08 15:10:06,831 [Listener at 127.0.0.1/12642] WARN  server.ServerUtils (ServerUtils.java:getDBPath(225)) - ozone.om.db.dirs is not configured. We recommend adding this setting. Falling back to ozone.metadata.dirs instead.
2020-12-08 15:10:06,831 [Listener at 127.0.0.1/12642] WARN  server.ServerUtils (ServerUtils.java:getDBPath(225)) - ozone.om.db.dirs is not configured. We recommend adding this setting. Falling back to ozone.metadata.dirs instead.
2020-12-08 15:10:06,835 [Listener at 127.0.0.1/12642] WARN  server.ServerUtils (ServerUtils.java:getDBPath(225)) - ozone.om.db.dirs is not configured. We recommend adding this setting. Falling back to ozone.metadata.dirs instead.
2020-12-08 15:10:06,836 [Listener at 127.0.0.1/12642] INFO  codec.OmKeyInfoCodec (OmKeyInfoCodec.java:<init>(41)) - OmKeyInfoCodec ignorePipeline = true
2020-12-08 15:10:06,836 [Listener at 127.0.0.1/12642] INFO  codec.RepeatedOmKeyInfoCodec (RepeatedOmKeyInfoCodec.java:<init>(40)) - RepeatedOmKeyInfoCodec ignorePipeline = true
2020-12-08 15:10:06,892 [Listener at 127.0.0.1/12642] INFO  om.OzoneManager (OzoneManager.java:addS3GVolumeToDB(3737)) - Created Volume s3v With Owner jenkins1001 required for S3Gateway operations.
2020-12-08 15:10:06,892 [Listener at 127.0.0.1/12642] WARN  server.ServerUtils (ServerUtils.java:getDefaultRatisDirectory(237)) - Storage directory for Ratis is not configured. It is a good idea to map this to an SSD disk. Falling back to ozone.metadata.dirs
2020-12-08 15:10:06,893 [Listener at 127.0.0.1/12642] INFO  ratis.OzoneManagerRatisServer (OzoneManagerRatisServer.java:<init>(271)) - Instantiating OM Ratis server with GroupID: om-service-test1 and Raft Peers: localhost:12652, localhost:12640, localhost:12646
2020-12-08 15:10:06,893 [Listener at 127.0.0.1/12642] INFO  ratis.OzoneManagerStateMachine (OzoneManagerStateMachine.java:loadSnapshotInfoFromDB(518)) - LastAppliedIndex is set from TransactionInfo from OM DB as (t:0, i:~)
2020-12-08 15:10:06,893 [Listener at 127.0.0.1/12642] INFO  impl.RaftServerProxy (ConfUtils.java:logGet(44)) - raft.rpc.type = GRPC (default)
2020-12-08 15:10:06,893 [Listener at 127.0.0.1/12642] INFO  grpc.GrpcFactory (GrpcFactory.java:checkPooledByteBufAllocatorUseCacheForAllThreads(45)) - PERFORMANCE WARNING: useCacheForAllThreads is true that may cause Netty to create a lot garbage objects and, as a result, trigger GC.
	It is recommended to disable useCacheForAllThreads by setting -Dorg.apache.ratis.thirdparty.io.netty.allocator.useCacheForAllThreads=false in command line.
2020-12-08 15:10:06,894 [Listener at 127.0.0.1/12642] INFO  grpc.GrpcConfigKeys (ConfUtils.java:logGet(44)) - raft.grpc.server.port = 12652 (custom)
2020-12-08 15:10:06,894 [Listener at 127.0.0.1/12642] INFO  server.GrpcService (ConfUtils.java:logGet(44)) - raft.grpc.message.size.max = 33554432 (custom)
2020-12-08 15:10:06,894 [Listener at 127.0.0.1/12642] INFO  server.RaftServerConfigKeys (ConfUtils.java:logGet(44)) - raft.server.log.appender.buffer.byte-limit = 33554432 (custom)
2020-12-08 15:10:06,894 [Listener at 127.0.0.1/12642] INFO  server.GrpcService (ConfUtils.java:logGet(44)) - raft.grpc.flow.control.window = 1MB (=1048576) (default)
2020-12-08 15:10:06,894 [Listener at 127.0.0.1/12642] INFO  server.RaftServerConfigKeys (ConfUtils.java:logGet(44)) - raft.server.rpc.request.timeout = 3000ms (default)
2020-12-08 15:10:06,895 [Listener at 127.0.0.1/12642] INFO  impl.DataStreamServerImpl (ConfUtils.java:logGet(44)) - raft.datastream.type = DISABLED (default)
2020-12-08 15:10:06,895 [Listener at 127.0.0.1/12642] INFO  server.RaftServerConfigKeys (ConfUtils.java:logGet(44)) - raft.server.storage.dir = [/github/workspace/mnt/ozone/hadoop-ozone/integration-test/target/test-dir/MiniOzoneClusterImpl-aee58368-5372-437c-a4fb-204c17443453/omNode-3/ratis] (custom)
2020-12-08 15:10:06,898 [Listener at 127.0.0.1/12642] INFO  impl.RaftServerProxy (RaftServerProxy.java:addNew(93)) - omNode-3: addNew group-523986131536:[omNode-3|rpc:localhost:12652, omNode-1|rpc:localhost:12640, omNode-2|rpc:localhost:12646] returns group-523986131536:java.util.concurrent.CompletableFuture@38295928[Not completed]
2020-12-08 15:10:06,899 [Listener at 127.0.0.1/12642] INFO  om.OzoneManager (OzoneManager.java:initializeRatisServer(1337)) - OzoneManager Ratis server initialized at port 12652
2020-12-08 15:10:06,899 [Listener at 127.0.0.1/12642] WARN  server.ServerUtils (ServerUtils.java:getDefaultRatisDirectory(237)) - Storage directory for Ratis is not configured. It is a good idea to map this to an SSD disk. Falling back to ozone.metadata.dirs
2020-12-08 15:10:06,899 [pool-57-thread-1] INFO  impl.RaftServerImpl (RaftServerImpl.java:<init>(121)) - omNode-3: new RaftServerImpl for group-523986131536:[omNode-3|rpc:localhost:12652, omNode-1|rpc:localhost:12640, omNode-2|rpc:localhost:12646] with OzoneManagerStateMachine:uninitialized
2020-12-08 15:10:06,899 [Listener at 127.0.0.1/12642] WARN  server.ServerUtils (ServerUtils.java:getDefaultRatisDirectory(237)) - Storage directory for Ratis is not configured. It is a good idea to map this to an SSD disk. Falling back to ozone.metadata.dirs
2020-12-08 15:10:06,899 [Listener at 127.0.0.1/12642] INFO  snapshot.OzoneManagerSnapshotProvider (OzoneManagerSnapshotProvider.java:<init>(77)) - Initializing OM Snapshot Provider
2020-12-08 15:10:06,902 [Listener at 127.0.0.1/12642] INFO  ipc.CallQueueManager (CallQueueManager.java:<init>(84)) - Using callQueue: class java.util.concurrent.LinkedBlockingQueue, queueCapacity: 2000, scheduler: class org.apache.hadoop.ipc.DefaultRpcScheduler, ipcBackoff: false.
2020-12-08 15:10:06,902 [Socket Reader #1 for port 12648] INFO  ipc.Server (Server.java:run(1219)) - Starting Socket Reader #1 for port 12648
2020-12-08 15:10:06,914 [pool-57-thread-1] INFO  server.RaftServerConfigKeys (ConfUtils.java:logGet(44)) - raft.server.rpc.timeout.min = 1s (custom)
2020-12-08 15:10:06,914 [pool-57-thread-1] INFO  server.RaftServerConfigKeys (ConfUtils.java:logGet(44)) - raft.server.rpc.timeout.max = 1200ms (custom)
2020-12-08 15:10:06,914 [pool-57-thread-1] INFO  server.RaftServerConfigKeys (ConfUtils.java:logGet(44)) - raft.server.rpc.slowness.timeout = 2s (custom)
2020-12-08 15:10:06,914 [pool-57-thread-1] INFO  server.RaftServerConfigKeys (ConfUtils.java:logGet(44)) - raft.server.leaderelection.leader.step-down.wait-time = 10s (default)
2020-12-08 15:10:06,914 [pool-57-thread-1] INFO  server.RaftServerConfigKeys (ConfUtils.java:logGet(44)) - raft.server.sleep.deviation.threshold = 300 (default)
2020-12-08 15:10:06,914 [pool-57-thread-1] INFO  server.RaftServerConfigKeys (ConfUtils.java:logGet(44)) - raft.server.log.appender.install.snapshot.enabled = false (custom)
2020-12-08 15:10:06,914 [pool-57-thread-1] INFO  impl.RaftServerImpl (ServerState.java:<init>(104)) - omNode-3@group-523986131536: ConfigurationManager, init=-1: [omNode-3|rpc:localhost:12652, omNode-1|rpc:localhost:12640, omNode-2|rpc:localhost:12646], old=null, confs=<EMPTY_MAP>
2020-12-08 15:10:06,915 [pool-57-thread-1] INFO  server.RaftServerConfigKeys (ConfUtils.java:logGet(44)) - raft.server.storage.dir = [/github/workspace/mnt/ozone/hadoop-ozone/integration-test/target/test-dir/MiniOzoneClusterImpl-aee58368-5372-437c-a4fb-204c17443453/omNode-3/ratis] (custom)
2020-12-08 15:10:06,915 [pool-57-thread-1] INFO  server.RaftServerConfigKeys (ConfUtils.java:logGet(44)) - raft.server.log.corruption.policy = EXCEPTION (default)
2020-12-08 15:10:06,915 [pool-57-thread-1] INFO  storage.RaftStorageDirectory (RaftStorageDirectory.java:analyzeStorage(261)) - The storage directory /github/workspace/mnt/ozone/hadoop-ozone/integration-test/target/test-dir/MiniOzoneClusterImpl-aee58368-5372-437c-a4fb-204c17443453/omNode-3/ratis/c9bc4cf4-3bc3-3c60-a66b-523986131536 does not exist. Creating ...
2020-12-08 15:10:06,916 [pool-57-thread-1] INFO  storage.RaftStorageDirectory (RaftStorageDirectory.java:tryLock(343)) - Lock on /github/workspace/mnt/ozone/hadoop-ozone/integration-test/target/test-dir/MiniOzoneClusterImpl-aee58368-5372-437c-a4fb-204c17443453/omNode-3/ratis/c9bc4cf4-3bc3-3c60-a66b-523986131536/in_use.lock acquired by nodename 19996@ce787eff9c24
2020-12-08 15:10:06,917 [pool-57-thread-1] INFO  storage.RaftStorage (RaftStorage.java:format(85)) - Storage directory /github/workspace/mnt/ozone/hadoop-ozone/integration-test/target/test-dir/MiniOzoneClusterImpl-aee58368-5372-437c-a4fb-204c17443453/omNode-3/ratis/c9bc4cf4-3bc3-3c60-a66b-523986131536 has been successfully formatted.
2020-12-08 15:10:06,917 [pool-57-thread-1] INFO  server.RaftServerConfigKeys (ConfUtils.java:logGet(44)) - raft.server.notification.no-leader.timeout = 2s (custom)
2020-12-08 15:10:06,917 [pool-57-thread-1] INFO  server.RaftServerConfigKeys (ConfUtils.java:logGet(44)) - raft.server.log.use.memory = false (default)
2020-12-08 15:10:06,918 [pool-57-thread-1] INFO  server.RaftServerConfigKeys (ConfUtils.java:logGet(44)) - raft.server.log.purge.gap = 50 (custom)
2020-12-08 15:10:06,918 [pool-57-thread-1] INFO  metrics.RatisMetrics (RatisMetrics.java:lambda$create$0(36)) - Creating Metrics Registry : ratis.log_worker.omNode-3@group-523986131536
2020-12-08 15:10:06,918 [pool-57-thread-1] INFO  server.RaftServerConfigKeys (ConfUtils.java:logGet(44)) - raft.server.log.appender.buffer.byte-limit = 33554432 (custom)
2020-12-08 15:10:06,918 [pool-57-thread-1] INFO  server.RaftServerConfigKeys (ConfUtils.java:logGet(44)) - raft.server.log.segment.size.max = 4194304 (custom)
2020-12-08 15:10:06,919 [pool-57-thread-1] INFO  server.RaftServerConfigKeys (ConfUtils.java:logGet(44)) - raft.server.log.segment.cache.num.max = 2 (custom)
2020-12-08 15:10:06,919 [pool-57-thread-1] INFO  segmented.SegmentedRaftLogWorker (SegmentedRaftLogWorker.java:<init>(180)) - new omNode-3@group-523986131536-SegmentedRaftLogWorker for RaftStorage:Storage Directory /github/workspace/mnt/ozone/hadoop-ozone/integration-test/target/test-dir/MiniOzoneClusterImpl-aee58368-5372-437c-a4fb-204c17443453/omNode-3/ratis/c9bc4cf4-3bc3-3c60-a66b-523986131536
2020-12-08 15:10:06,919 [pool-57-thread-1] INFO  server.RaftServerConfigKeys (ConfUtils.java:logGet(44)) - raft.server.log.queue.byte-limit = 64MB (=67108864) (default)
2020-12-08 15:10:06,919 [pool-57-thread-1] INFO  server.RaftServerConfigKeys (ConfUtils.java:logGet(44)) - raft.server.log.queue.element-limit = 4096 (default)
2020-12-08 15:10:06,919 [pool-57-thread-1] INFO  server.RaftServerConfigKeys (ConfUtils.java:logGet(44)) - raft.server.log.segment.size.max = 4194304 (custom)
2020-12-08 15:10:06,919 [pool-57-thread-1] INFO  server.RaftServerConfigKeys (ConfUtils.java:logGet(44)) - raft.server.log.preallocated.size = 4194304 (custom)
2020-12-08 15:10:06,919 [pool-57-thread-1] INFO  server.RaftServerConfigKeys (ConfUtils.java:logGet(44)) - raft.server.log.write.buffer.size = 64KB (=65536) (default)
2020-12-08 15:10:06,919 [pool-57-thread-1] INFO  server.RaftServerConfigKeys (ConfUtils.java:logGet(44)) - raft.server.log.force.sync.num = 128 (default)
2020-12-08 15:10:06,919 [pool-57-thread-1] INFO  server.RaftServerConfigKeys (ConfUtils.java:logGet(44)) - raft.server.log.statemachine.data.sync = true (default)
2020-12-08 15:10:06,919 [pool-57-thread-1] INFO  server.RaftServerConfigKeys (ConfUtils.java:logGet(44)) - raft.server.log.statemachine.data.sync.timeout = 10s (default)
2020-12-08 15:10:06,920 [pool-57-thread-1] INFO  server.RaftServerConfigKeys (ConfUtils.java:logGet(44)) - raft.server.log.statemachine.data.sync.timeout.retry = -1 (default)
2020-12-08 15:10:06,921 [pool-57-thread-1] INFO  server.RaftServerConfigKeys (ConfUtils.java:logGet(44)) - raft.server.log.statemachine.data.caching.enabled = false (default)
2020-12-08 15:10:06,921 [pool-57-thread-1] INFO  segmented.SegmentedRaftLogWorker (SegmentedRaftLogWorker.java:lambda$new$0(129)) - omNode-3@group-523986131536-SegmentedRaftLogWorker: flushIndex: setUnconditionally 0 -> -1
2020-12-08 15:10:06,921 [pool-57-thread-1] INFO  segmented.SegmentedRaftLogWorker (SegmentedRaftLogWorker.java:lambda$new$0(129)) - omNode-3@group-523986131536-SegmentedRaftLogWorker: safeCacheEvictIndex: setUnconditionally 0 -> -1
2020-12-08 15:10:06,925 [pool-57-thread-1] INFO  server.RaftServerConfigKeys (ConfUtils.java:logGet(44)) - raft.server.snapshot.auto.trigger.enabled = true (custom)
2020-12-08 15:10:06,925 [pool-57-thread-1] INFO  server.RaftServerConfigKeys (ConfUtils.java:logGet(44)) - raft.server.snapshot.auto.trigger.threshold = 50 (custom)
2020-12-08 15:10:06,925 [pool-57-thread-1] INFO  server.RaftServerConfigKeys (ConfUtils.java:logGet(44)) - raft.server.snapshot.retention.file.num = -1 (default)
2020-12-08 15:10:06,925 [pool-57-thread-1] INFO  server.RaftServerConfigKeys (ConfUtils.java:logGet(44)) - raft.server.log.purge.upto.snapshot.index = true (custom)
2020-12-08 15:10:06,925 [pool-57-thread-1] INFO  server.RaftServerConfigKeys (ConfUtils.java:logGet(44)) - raft.server.retrycache.expirytime = 600000ms (custom)
2020-12-08 15:10:06,925 [pool-57-thread-1] INFO  metrics.RatisMetrics (RatisMetrics.java:lambda$create$0(36)) - Creating Metrics Registry : ratis.leader_election.omNode-3@group-523986131536
2020-12-08 15:10:06,926 [pool-57-thread-1] INFO  metrics.RatisMetrics (RatisMetrics.java:lambda$create$0(36)) - Creating Metrics Registry : ratis.server.omNode-3@group-523986131536
2020-12-08 15:10:06,942 [Listener at 127.0.0.1/12648] INFO  impl.MetricsSystemImpl (MetricsSystemImpl.java:init(158)) - OzoneManager metrics system started (again)
2020-12-08 15:10:06,945 [Listener at 127.0.0.1/12648] INFO  om.OzoneManager (OzoneManager.java:start(1145)) - OzoneManager RPC server is listening at localhost/127.0.0.1:12648
2020-12-08 15:10:06,945 [Listener at 127.0.0.1/12648] INFO  ratis.OzoneManagerRatisServer (OzoneManagerRatisServer.java:start(368)) - Starting OzoneManagerRatisServer omNode-3 at port 12652
2020-12-08 15:10:06,946 [Listener at 127.0.0.1/12648] INFO  impl.RaftServerImpl (RaftServerImpl.java:start(215)) - omNode-3@group-523986131536: start as a follower, conf=-1: [omNode-3|rpc:localhost:12652, omNode-1|rpc:localhost:12640, omNode-2|rpc:localhost:12646], old=null
2020-12-08 15:10:06,946 [Listener at 127.0.0.1/12648] INFO  impl.RaftServerImpl (RaftServerImpl.java:setRole(204)) - omNode-3@group-523986131536: changes role from      null to FOLLOWER at term 0 for startAsFollower
2020-12-08 15:10:06,946 [Listener at 127.0.0.1/12648] INFO  impl.RoleInfo (RoleInfo.java:updateAndGet(143)) - omNode-3: start omNode-3@group-523986131536-FollowerState
2020-12-08 15:10:06,947 [Listener at 127.0.0.1/12648] INFO  util.JmxRegister (JmxRegister.java:tryRegister(44)) - Successfully registered JMX Bean with object name Ratis:service=RaftServer,group=group-523986131536,id=omNode-3
2020-12-08 15:10:06,947 [Listener at 127.0.0.1/12648] INFO  metrics.RatisMetrics (RatisMetrics.java:lambda$create$0(36)) - Creating Metrics Registry : ratis.state_machine.omNode-3@group-523986131536
2020-12-08 15:10:06,949 [Listener at 127.0.0.1/12648] INFO  impl.RaftServerProxy (RaftServerProxy.java:lambda$start$3(321)) - omNode-3: start RPC server
2020-12-08 15:10:06,951 [Listener at 127.0.0.1/12648] INFO  server.GrpcService (GrpcService.java:startImpl(177)) - omNode-3: GrpcService started, listening on 0.0.0.0/0.0.0.0:12652
2020-12-08 15:10:06,954 [org.apache.ratis.server.JvmPauseMonitor@237eb5be-Monitor] INFO  server.RaftServerConfigKeys (ConfUtils.java:logGet(44)) - raft.server.leaderelection.leader.step-down.wait-time = 10s (default)
2020-12-08 15:10:06,955 [org.apache.ratis.server.JvmPauseMonitor@237eb5be-Monitor] INFO  server.RaftServerConfigKeys (ConfUtils.java:logGet(44)) - raft.server.rpc.slowness.timeout = 2s (custom)
2020-12-08 15:10:06,955 [org.apache.ratis.server.JvmPauseMonitor@237eb5be-Monitor] INFO  server.JvmPauseMonitor (JvmPauseMonitor.java:run(129)) - Starting Ratis JVM pause monitor
2020-12-08 15:10:07,088 [Listener at 127.0.0.1/12648] INFO  http.BaseHttpServer (BaseHttpServer.java:newHttpServer2BuilderForOzone(207)) - Starting Web-server for ozoneManager at: http://0.0.0.0:12650
2020-12-08 15:10:07,088 [Listener at 127.0.0.1/12648] INFO  http.BaseHttpServer (BaseHttpServer.java:<init>(106)) - Hadoop Security Enabled: false Ozone Security Enabled: false Ozone HTTP Security Enabled: false 
2020-12-08 15:10:07,090 [Listener at 127.0.0.1/12648] INFO  server.AuthenticationFilter (AuthenticationFilter.java:constructSecretProvider(240)) - Unable to initialize FileSignerSecretProvider, falling back to use random secrets.
2020-12-08 15:10:07,091 [Listener at 127.0.0.1/12648] WARN  http.HttpRequestLog (HttpRequestLog.java:getRequestLog(103)) - Jetty request log can only be enabled using Log4j
2020-12-08 15:10:07,092 [Listener at 127.0.0.1/12648] INFO  http.HttpServer2 (HttpServer2.java:addGlobalFilter(1019)) - Added global filter 'safety' (class=org.apache.hadoop.hdds.server.http.HttpServer2$QuotingInputFilter)
2020-12-08 15:10:07,094 [Listener at 127.0.0.1/12648] INFO  http.HttpServer2 (HttpServer2.java:addFilter(995)) - Added filter static_user_filter (class=org.apache.hadoop.http.lib.StaticUserWebFilter$StaticUserFilter) to context ozoneManager
2020-12-08 15:10:07,094 [Listener at 127.0.0.1/12648] INFO  http.HttpServer2 (HttpServer2.java:addFilter(1003)) - Added filter static_user_filter (class=org.apache.hadoop.http.lib.StaticUserWebFilter$StaticUserFilter) to context logs
2020-12-08 15:10:07,094 [Listener at 127.0.0.1/12648] INFO  http.HttpServer2 (HttpServer2.java:addFilter(1003)) - Added filter static_user_filter (class=org.apache.hadoop.http.lib.StaticUserWebFilter$StaticUserFilter) to context static
2020-12-08 15:10:07,095 [Listener at 127.0.0.1/12648] INFO  http.HttpServer2 (HttpServer2.java:bindListener(1237)) - Jetty bound to port 12650
2020-12-08 15:10:07,095 [Listener at 127.0.0.1/12648] INFO  server.Server (Server.java:doStart(375)) - jetty-9.4.34.v20201102; built: 2020-11-02T14:15:39.302Z; git: e46af88704a893fc12cb0e3bf46e2c7b48a009e7; jvm 1.8.0_232-b09
2020-12-08 15:10:07,104 [Listener at 127.0.0.1/12648] INFO  server.session (DefaultSessionIdManager.java:doStart(334)) - DefaultSessionIdManager workerName=node0
2020-12-08 15:10:07,104 [Listener at 127.0.0.1/12648] INFO  server.session (DefaultSessionIdManager.java:doStart(339)) - No SessionScavenger set, using defaults
2020-12-08 15:10:07,104 [Listener at 127.0.0.1/12648] INFO  server.session (HouseKeeper.java:startScavenging(132)) - node0 Scavenging every 660000ms
2020-12-08 15:10:07,105 [Listener at 127.0.0.1/12648] INFO  handler.ContextHandler (ContextHandler.java:doStart(916)) - Started o.e.j.s.ServletContextHandler@5d5cdad5{logs,/logs,file:///github/workspace/mnt/ozone/hadoop-ozone/integration-test/target/log,AVAILABLE}
2020-12-08 15:10:07,106 [Listener at 127.0.0.1/12648] INFO  handler.ContextHandler (ContextHandler.java:doStart(916)) - Started o.e.j.s.ServletContextHandler@445c3c13{static,/static,file:///github/workspace/mnt/ozone/hadoop-ozone/integration-test/target/test-classes/webapps/static,AVAILABLE}
2020-12-08 15:10:07,110 [Listener at 127.0.0.1/12648] INFO  handler.ContextHandler (ContextHandler.java:doStart(916)) - Started o.e.j.w.WebAppContext@4de82d60{ozoneManager,/,file:///github/workspace/mnt/ozone/hadoop-ozone/integration-test/target/test-classes/webapps/ozoneManager/,AVAILABLE}{file:/github/workspace/mnt/ozone/hadoop-ozone/integration-test/target/test-classes/webapps/ozoneManager}
2020-12-08 15:10:07,111 [Listener at 127.0.0.1/12648] INFO  server.AbstractConnector (AbstractConnector.java:doStart(331)) - Started ServerConnector@7b0aedac{HTTP/1.1, (http/1.1)}{0.0.0.0:12650}
2020-12-08 15:10:07,113 [Listener at 127.0.0.1/12648] INFO  server.Server (Server.java:doStart(415)) - Started @5476ms
2020-12-08 15:10:07,113 [Listener at 127.0.0.1/12648] WARN  impl.MetricsSystemImpl (MetricsSystemImpl.java:register(276)) - Sink prometheus already exists!
2020-12-08 15:10:07,116 [Listener at 127.0.0.1/12648] INFO  http.BaseHttpServer (BaseHttpServer.java:updateConnectorAddress(327)) - HTTP server of ozoneManager listening at http://0.0.0.0:12650
2020-12-08 15:10:07,117 [IPC Server Responder] INFO  ipc.Server (Server.java:run(1460)) - IPC Server Responder: starting
2020-12-08 15:10:07,117 [IPC Server listener on 12648] INFO  ipc.Server (Server.java:run(1298)) - IPC Server listener on 12648: starting
2020-12-08 15:10:07,124 [Listener at 127.0.0.1/12648] INFO  om.OzoneManager (OzoneManager.java:startTrashEmptier(1270)) - Trash Interval set to 0. Files deleted will not move to trash
2020-12-08 15:10:07,125 [Listener at 127.0.0.1/12648] INFO  ozone.MiniOzoneHAClusterImpl (MiniOzoneHAClusterImpl.java:createOMService(380)) - Started OzoneManager RPC server at localhost/127.0.0.1:12648
2020-12-08 15:10:07,137 [org.apache.hadoop.util.JvmPauseMonitor$Monitor@5a6e3f74] INFO  util.JvmPauseMonitor (JvmPauseMonitor.java:run(188)) - Starting JVM pause monitor
2020-12-08 15:10:07,271 [Listener at 127.0.0.1/12648] INFO  impl.MetricsSystemImpl (MetricsSystemImpl.java:init(158)) - HddsDatanode metrics system started (again)
2020-12-08 15:10:07,275 [Listener at 127.0.0.1/12648] INFO  ozone.HddsDatanodeService (HddsDatanodeService.java:start(217)) - HddsDatanodeService host:ce787eff9c24 ip:172.17.0.2
2020-12-08 15:10:07,321 [Listener at 127.0.0.1/12648] INFO  volume.HddsVolume (HddsVolume.java:<init>(176)) - Creating Volume: /github/workspace/mnt/ozone/hadoop-ozone/integration-test/target/test-dir/MiniOzoneClusterImpl-aee58368-5372-437c-a4fb-204c17443453/datanode-0/data-0/containers/hdds of storage type : DISK and capacity : 9223372036854775807
2020-12-08 15:10:07,340 [Listener at 127.0.0.1/12648] INFO  volume.MutableVolumeSet (MutableVolumeSet.java:initializeVolumeSet(179)) - Added Volume : /github/workspace/mnt/ozone/hadoop-ozone/integration-test/target/test-dir/MiniOzoneClusterImpl-aee58368-5372-437c-a4fb-204c17443453/datanode-0/data-0/containers/hdds to VolumeSet
2020-12-08 15:10:07,341 [Listener at 127.0.0.1/12648] INFO  volume.ThrottledAsyncChecker (ThrottledAsyncChecker.java:schedule(141)) - Scheduling a check for /github/workspace/mnt/ozone/hadoop-ozone/integration-test/target/test-dir/MiniOzoneClusterImpl-aee58368-5372-437c-a4fb-204c17443453/datanode-0/data-0/containers/hdds
2020-12-08 15:10:07,375 [Listener at 127.0.0.1/12648] INFO  volume.HddsVolumeChecker (HddsVolumeChecker.java:checkAllVolumes(200)) - Scheduled health check for volume /github/workspace/mnt/ozone/hadoop-ozone/integration-test/target/test-dir/MiniOzoneClusterImpl-aee58368-5372-437c-a4fb-204c17443453/datanode-0/data-0/containers/hdds
2020-12-08 15:10:07,398 [Thread-208] INFO  ozoneimpl.ContainerReader (ContainerReader.java:readVolume(123)) - Start to verify containers on volume /github/workspace/mnt/ozone/hadoop-ozone/integration-test/target/test-dir/MiniOzoneClusterImpl-aee58368-5372-437c-a4fb-204c17443453/datanode-0/data-0/containers/hdds
2020-12-08 15:10:07,399 [Thread-208] INFO  ozoneimpl.ContainerReader (ContainerReader.java:readVolume(148)) - Finish verifying containers on volume /github/workspace/mnt/ozone/hadoop-ozone/integration-test/target/test-dir/MiniOzoneClusterImpl-aee58368-5372-437c-a4fb-204c17443453/datanode-0/data-0/containers/hdds
2020-12-08 15:10:07,399 [Listener at 127.0.0.1/12648] INFO  ozoneimpl.OzoneContainer (OzoneContainer.java:buildContainerSet(194)) - Build ContainerSet costs 0s
2020-12-08 15:10:07,484 [Listener at 127.0.0.1/12648] INFO  impl.RaftServerProxy (ConfUtils.java:logGet(44)) - raft.rpc.type = GRPC (default)
2020-12-08 15:10:07,484 [Listener at 127.0.0.1/12648] INFO  grpc.GrpcFactory (GrpcFactory.java:checkPooledByteBufAllocatorUseCacheForAllThreads(45)) - PERFORMANCE WARNING: useCacheForAllThreads is true that may cause Netty to create a lot garbage objects and, as a result, trigger GC.
	It is recommended to disable useCacheForAllThreads by setting -Dorg.apache.ratis.thirdparty.io.netty.allocator.useCacheForAllThreads=false in command line.
2020-12-08 15:10:07,484 [Listener at 127.0.0.1/12648] INFO  grpc.GrpcConfigKeys (ConfUtils.java:logGet(44)) - raft.grpc.server.port = 0 (default)
2020-12-08 15:10:07,485 [Listener at 127.0.0.1/12648] INFO  server.GrpcService (ConfUtils.java:logGet(44)) - raft.grpc.message.size.max = 32MB (=33554432) (custom)
2020-12-08 15:10:07,485 [Listener at 127.0.0.1/12648] INFO  server.RaftServerConfigKeys (ConfUtils.java:logGet(44)) - raft.server.log.appender.buffer.byte-limit = 33554432 (custom)
2020-12-08 15:10:07,486 [Listener at 127.0.0.1/12648] INFO  server.GrpcService (ConfUtils.java:logGet(44)) - raft.grpc.flow.control.window = 5MB (=5242880) (custom)
2020-12-08 15:10:07,486 [Listener at 127.0.0.1/12648] INFO  server.RaftServerConfigKeys (ConfUtils.java:logGet(44)) - raft.server.rpc.request.timeout = 60s (custom)
2020-12-08 15:10:07,488 [Listener at 127.0.0.1/12648] INFO  impl.DataStreamServerImpl (ConfUtils.java:logGet(44)) - raft.datastream.type = DISABLED (default)
2020-12-08 15:10:07,488 [Listener at 127.0.0.1/12648] INFO  server.RaftServerConfigKeys (ConfUtils.java:logGet(44)) - raft.server.storage.dir = [/github/workspace/mnt/ozone/hadoop-ozone/integration-test/target/test-dir/MiniOzoneClusterImpl-aee58368-5372-437c-a4fb-204c17443453/datanode-0/data/ratis] (custom)
2020-12-08 15:10:07,502 [Thread-99] INFO  impl.FollowerState (FollowerState.java:run(128)) - omNode-1@group-523986131536-FollowerState: change to CANDIDATE, lastRpcTime:1032ms, electionTimeout:1019ms
2020-12-08 15:10:07,506 [Thread-99] INFO  impl.RoleInfo (RoleInfo.java:shutdownFollowerState(121)) - omNode-1: shutdown omNode-1@group-523986131536-FollowerState
2020-12-08 15:10:07,506 [Thread-99] INFO  impl.RaftServerImpl (RaftServerImpl.java:setRole(204)) - omNode-1@group-523986131536: changes role from  FOLLOWER to CANDIDATE at term 0 for changeToCandidate
2020-12-08 15:10:07,517 [Thread-99] INFO  impl.RoleInfo (RoleInfo.java:updateAndGet(143)) - omNode-1: start omNode-1@group-523986131536-LeaderElection1
2020-12-08 15:10:07,531 [omNode-1@group-523986131536-LeaderElection1] INFO  impl.LeaderElection (LeaderElection.java:askForVotes(215)) - omNode-1@group-523986131536-LeaderElection1: begin an election at term 1 for -1: [omNode-3|rpc:localhost:12652, omNode-1|rpc:localhost:12640, omNode-2|rpc:localhost:12646], old=null
2020-12-08 15:10:07,589 [Listener at 127.0.0.1/12648] INFO  http.BaseHttpServer (BaseHttpServer.java:newHttpServer2BuilderForOzone(207)) - Starting Web-server for hddsDatanode at: http://0.0.0.0:0
2020-12-08 15:10:07,589 [Listener at 127.0.0.1/12648] INFO  http.BaseHttpServer (BaseHttpServer.java:<init>(106)) - Hadoop Security Enabled: false Ozone Security Enabled: false Ozone HTTP Security Enabled: false 
2020-12-08 15:10:07,590 [Listener at 127.0.0.1/12648] INFO  server.AuthenticationFilter (AuthenticationFilter.java:constructSecretProvider(240)) - Unable to initialize FileSignerSecretProvider, falling back to use random secrets.
2020-12-08 15:10:07,591 [Listener at 127.0.0.1/12648] WARN  http.HttpRequestLog (HttpRequestLog.java:getRequestLog(103)) - Jetty request log can only be enabled using Log4j
2020-12-08 15:10:07,592 [Listener at 127.0.0.1/12648] INFO  http.HttpServer2 (HttpServer2.java:addGlobalFilter(1019)) - Added global filter 'safety' (class=org.apache.hadoop.hdds.server.http.HttpServer2$QuotingInputFilter)
2020-12-08 15:10:07,593 [Listener at 127.0.0.1/12648] INFO  http.HttpServer2 (HttpServer2.java:addFilter(995)) - Added filter static_user_filter (class=org.apache.hadoop.http.lib.StaticUserWebFilter$StaticUserFilter) to context hddsDatanode
2020-12-08 15:10:07,593 [Listener at 127.0.0.1/12648] INFO  http.HttpServer2 (HttpServer2.java:addFilter(1003)) - Added filter static_user_filter (class=org.apache.hadoop.http.lib.StaticUserWebFilter$StaticUserFilter) to context static
2020-12-08 15:10:07,593 [Listener at 127.0.0.1/12648] INFO  http.HttpServer2 (HttpServer2.java:addFilter(1003)) - Added filter static_user_filter (class=org.apache.hadoop.http.lib.StaticUserWebFilter$StaticUserFilter) to context logs
2020-12-08 15:10:07,595 [Listener at 127.0.0.1/12648] INFO  http.HttpServer2 (HttpServer2.java:bindListener(1237)) - Jetty bound to port 34201
2020-12-08 15:10:07,597 [Listener at 127.0.0.1/12648] INFO  server.Server (Server.java:doStart(375)) - jetty-9.4.34.v20201102; built: 2020-11-02T14:15:39.302Z; git: e46af88704a893fc12cb0e3bf46e2c7b48a009e7; jvm 1.8.0_232-b09
2020-12-08 15:10:07,606 [Listener at 127.0.0.1/12648] INFO  server.session (DefaultSessionIdManager.java:doStart(334)) - DefaultSessionIdManager workerName=node0
2020-12-08 15:10:07,606 [Listener at 127.0.0.1/12648] INFO  server.session (DefaultSessionIdManager.java:doStart(339)) - No SessionScavenger set, using defaults
2020-12-08 15:10:07,606 [Listener at 127.0.0.1/12648] INFO  server.session (HouseKeeper.java:startScavenging(132)) - node0 Scavenging every 660000ms
2020-12-08 15:10:07,607 [Listener at 127.0.0.1/12648] INFO  handler.ContextHandler (ContextHandler.java:doStart(916)) - Started o.e.j.s.ServletContextHandler@1642f10e{logs,/logs,file:///github/workspace/mnt/ozone/hadoop-ozone/integration-test/target/log,AVAILABLE}
2020-12-08 15:10:07,608 [Listener at 127.0.0.1/12648] INFO  handler.ContextHandler (ContextHandler.java:doStart(916)) - Started o.e.j.s.ServletContextHandler@67e89f8f{static,/static,jar:file:/home/user/.m2/repository/org/apache/hadoop/hadoop-hdds-container-service/1.1.0-SNAPSHOT/hadoop-hdds-container-service-1.1.0-SNAPSHOT.jar!/webapps/static,AVAILABLE}
2020-12-08 15:10:07,858 [Thread-137] INFO  impl.FollowerState (FollowerState.java:run(128)) - omNode-2@group-523986131536-FollowerState: change to CANDIDATE, lastRpcTime:1090ms, electionTimeout:1072ms
2020-12-08 15:10:07,859 [Thread-137] INFO  impl.RoleInfo (RoleInfo.java:shutdownFollowerState(121)) - omNode-2: shutdown omNode-2@group-523986131536-FollowerState
2020-12-08 15:10:07,859 [Thread-137] INFO  impl.RaftServerImpl (RaftServerImpl.java:setRole(204)) - omNode-2@group-523986131536: changes role from  FOLLOWER to CANDIDATE at term 0 for changeToCandidate
2020-12-08 15:10:07,859 [Thread-137] INFO  impl.RoleInfo (RoleInfo.java:updateAndGet(143)) - omNode-2: start omNode-2@group-523986131536-LeaderElection2
2020-12-08 15:10:07,877 [omNode-2@group-523986131536-LeaderElection2] INFO  impl.LeaderElection (LeaderElection.java:askForVotes(215)) - omNode-2@group-523986131536-LeaderElection2: begin an election at term 1 for -1: [omNode-3|rpc:localhost:12652, omNode-1|rpc:localhost:12640, omNode-2|rpc:localhost:12646], old=null
2020-12-08 15:10:07,902 [Listener at 127.0.0.1/12648] INFO  handler.ContextHandler (ContextHandler.java:doStart(916)) - Started o.e.j.w.WebAppContext@303938d6{hddsDatanode,/,file:///tmp/jetty-0_0_0_0-34201-hadoop-hdds-container-service-1_1_0-SNAPSHOT_jar-_-any-2783536401747696628/webapp/,AVAILABLE}{jar:file:/home/user/.m2/repository/org/apache/hadoop/hadoop-hdds-container-service/1.1.0-SNAPSHOT/hadoop-hdds-container-service-1.1.0-SNAPSHOT.jar!/webapps/hddsDatanode}
2020-12-08 15:10:07,924 [Listener at 127.0.0.1/12648] INFO  server.AbstractConnector (AbstractConnector.java:doStart(331)) - Started ServerConnector@db2ba4c{HTTP/1.1, (http/1.1)}{0.0.0.0:34201}
2020-12-08 15:10:07,924 [Listener at 127.0.0.1/12648] INFO  server.Server (Server.java:doStart(415)) - Started @6287ms
2020-12-08 15:10:07,926 [Listener at 127.0.0.1/12648] WARN  impl.MetricsSystemImpl (MetricsSystemImpl.java:register(276)) - Sink prometheus already exists!
2020-12-08 15:10:07,932 [Listener at 127.0.0.1/12648] INFO  http.BaseHttpServer (BaseHttpServer.java:updateConnectorAddress(327)) - HTTP server of hddsDatanode listening at http://0.0.0.0:34201
2020-12-08 15:10:07,942 [Listener at 127.0.0.1/12648] INFO  impl.MetricsSystemImpl (MetricsSystemImpl.java:init(158)) - HddsDatanode metrics system started (again)
2020-12-08 15:10:07,943 [Listener at 127.0.0.1/12648] INFO  ozone.HddsDatanodeService (HddsDatanodeService.java:start(217)) - HddsDatanodeService host:ce787eff9c24 ip:172.17.0.2
2020-12-08 15:10:07,946 [Listener at 127.0.0.1/12648] INFO  volume.HddsVolume (HddsVolume.java:<init>(176)) - Creating Volume: /github/workspace/mnt/ozone/hadoop-ozone/integration-test/target/test-dir/MiniOzoneClusterImpl-aee58368-5372-437c-a4fb-204c17443453/datanode-1/data-0/containers/hdds of storage type : DISK and capacity : 9223372036854775807
2020-12-08 15:10:07,947 [Listener at 127.0.0.1/12648] INFO  volume.MutableVolumeSet (MutableVolumeSet.java:initializeVolumeSet(179)) - Added Volume : /github/workspace/mnt/ozone/hadoop-ozone/integration-test/target/test-dir/MiniOzoneClusterImpl-aee58368-5372-437c-a4fb-204c17443453/datanode-1/data-0/containers/hdds to VolumeSet
2020-12-08 15:10:07,947 [Listener at 127.0.0.1/12648] INFO  volume.ThrottledAsyncChecker (ThrottledAsyncChecker.java:schedule(141)) - Scheduling a check for /github/workspace/mnt/ozone/hadoop-ozone/integration-test/target/test-dir/MiniOzoneClusterImpl-aee58368-5372-437c-a4fb-204c17443453/datanode-1/data-0/containers/hdds
2020-12-08 15:10:07,949 [Listener at 127.0.0.1/12648] INFO  volume.HddsVolumeChecker (HddsVolumeChecker.java:checkAllVolumes(200)) - Scheduled health check for volume /github/workspace/mnt/ozone/hadoop-ozone/integration-test/target/test-dir/MiniOzoneClusterImpl-aee58368-5372-437c-a4fb-204c17443453/datanode-1/data-0/containers/hdds
2020-12-08 15:10:07,976 [org.apache.ratis.server.JvmPauseMonitor@237eb5be-Monitor] WARN  server.JvmPauseMonitor (JvmPauseMonitor.java:run(141)) - Detected pause in JVM or host machine (eg GC): pause of approximately 11ms
No GCs detected
2020-12-08 15:10:08,004 [org.apache.hadoop.util.JvmPauseMonitor$Monitor@7b9e4a19] INFO  util.JvmPauseMonitor (JvmPauseMonitor.java:run(188)) - Starting JVM pause monitor
2020-12-08 15:10:08,011 [Thread-223] INFO  ozoneimpl.ContainerReader (ContainerReader.java:readVolume(123)) - Start to verify containers on volume /github/workspace/mnt/ozone/hadoop-ozone/integration-test/target/test-dir/MiniOzoneClusterImpl-aee58368-5372-437c-a4fb-204c17443453/datanode-1/data-0/containers/hdds
2020-12-08 15:10:08,012 [Thread-223] INFO  ozoneimpl.ContainerReader (ContainerReader.java:readVolume(148)) - Finish verifying containers on volume /github/workspace/mnt/ozone/hadoop-ozone/integration-test/target/test-dir/MiniOzoneClusterImpl-aee58368-5372-437c-a4fb-204c17443453/datanode-1/data-0/containers/hdds
2020-12-08 15:10:08,012 [Listener at 127.0.0.1/12648] INFO  ozoneimpl.OzoneContainer (OzoneContainer.java:buildContainerSet(194)) - Build ContainerSet costs 0s
2020-12-08 15:10:08,016 [Listener at 127.0.0.1/12648] INFO  impl.RaftServerProxy (ConfUtils.java:logGet(44)) - raft.rpc.type = GRPC (default)
2020-12-08 15:10:08,016 [Listener at 127.0.0.1/12648] INFO  grpc.GrpcFactory (GrpcFactory.java:checkPooledByteBufAllocatorUseCacheForAllThreads(45)) - PERFORMANCE WARNING: useCacheForAllThreads is true that may cause Netty to create a lot garbage objects and, as a result, trigger GC.
	It is recommended to disable useCacheForAllThreads by setting -Dorg.apache.ratis.thirdparty.io.netty.allocator.useCacheForAllThreads=false in command line.
2020-12-08 15:10:08,016 [Listener at 127.0.0.1/12648] INFO  grpc.GrpcConfigKeys (ConfUtils.java:logGet(44)) - raft.grpc.server.port = 0 (default)
2020-12-08 15:10:08,016 [Listener at 127.0.0.1/12648] INFO  server.GrpcService (ConfUtils.java:logGet(44)) - raft.grpc.message.size.max = 32MB (=33554432) (custom)
2020-12-08 15:10:08,016 [Listener at 127.0.0.1/12648] INFO  server.RaftServerConfigKeys (ConfUtils.java:logGet(44)) - raft.server.log.appender.buffer.byte-limit = 33554432 (custom)
2020-12-08 15:10:08,016 [Listener at 127.0.0.1/12648] INFO  server.GrpcService (ConfUtils.java:logGet(44)) - raft.grpc.flow.control.window = 5MB (=5242880) (custom)
2020-12-08 15:10:08,017 [Listener at 127.0.0.1/12648] INFO  server.RaftServerConfigKeys (ConfUtils.java:logGet(44)) - raft.server.rpc.request.timeout = 60s (custom)
2020-12-08 15:10:08,018 [Listener at 127.0.0.1/12648] INFO  impl.DataStreamServerImpl (ConfUtils.java:logGet(44)) - raft.datastream.type = DISABLED (default)
2020-12-08 15:10:08,019 [Listener at 127.0.0.1/12648] INFO  server.RaftServerConfigKeys (ConfUtils.java:logGet(44)) - raft.server.storage.dir = [/github/workspace/mnt/ozone/hadoop-ozone/integration-test/target/test-dir/MiniOzoneClusterImpl-aee58368-5372-437c-a4fb-204c17443453/datanode-1/data/ratis] (custom)
2020-12-08 15:10:08,034 [Listener at 127.0.0.1/12648] INFO  http.BaseHttpServer (BaseHttpServer.java:newHttpServer2BuilderForOzone(207)) - Starting Web-server for hddsDatanode at: http://0.0.0.0:0
2020-12-08 15:10:08,035 [Listener at 127.0.0.1/12648] INFO  http.BaseHttpServer (BaseHttpServer.java:<init>(106)) - Hadoop Security Enabled: false Ozone Security Enabled: false Ozone HTTP Security Enabled: false 
2020-12-08 15:10:08,036 [Listener at 127.0.0.1/12648] INFO  server.AuthenticationFilter (AuthenticationFilter.java:constructSecretProvider(240)) - Unable to initialize FileSignerSecretProvider, falling back to use random secrets.
2020-12-08 15:10:08,041 [Listener at 127.0.0.1/12648] WARN  http.HttpRequestLog (HttpRequestLog.java:getRequestLog(103)) - Jetty request log can only be enabled using Log4j
2020-12-08 15:10:08,042 [Listener at 127.0.0.1/12648] INFO  http.HttpServer2 (HttpServer2.java:addGlobalFilter(1019)) - Added global filter 'safety' (class=org.apache.hadoop.hdds.server.http.HttpServer2$QuotingInputFilter)
2020-12-08 15:10:08,043 [Listener at 127.0.0.1/12648] INFO  http.HttpServer2 (HttpServer2.java:addFilter(995)) - Added filter static_user_filter (class=org.apache.hadoop.http.lib.StaticUserWebFilter$StaticUserFilter) to context hddsDatanode
2020-12-08 15:10:08,043 [Listener at 127.0.0.1/12648] INFO  http.HttpServer2 (HttpServer2.java:addFilter(1003)) - Added filter static_user_filter (class=org.apache.hadoop.http.lib.StaticUserWebFilter$StaticUserFilter) to context static
2020-12-08 15:10:08,044 [Listener at 127.0.0.1/12648] INFO  http.HttpServer2 (HttpServer2.java:addFilter(1003)) - Added filter static_user_filter (class=org.apache.hadoop.http.lib.StaticUserWebFilter$StaticUserFilter) to context logs
2020-12-08 15:10:08,045 [Listener at 127.0.0.1/12648] INFO  http.HttpServer2 (HttpServer2.java:bindListener(1237)) - Jetty bound to port 42929
2020-12-08 15:10:08,045 [Listener at 127.0.0.1/12648] INFO  server.Server (Server.java:doStart(375)) - jetty-9.4.34.v20201102; built: 2020-11-02T14:15:39.302Z; git: e46af88704a893fc12cb0e3bf46e2c7b48a009e7; jvm 1.8.0_232-b09
2020-12-08 15:10:08,073 [Listener at 127.0.0.1/12648] INFO  server.session (DefaultSessionIdManager.java:doStart(334)) - DefaultSessionIdManager workerName=node0
2020-12-08 15:10:08,073 [Listener at 127.0.0.1/12648] INFO  server.session (DefaultSessionIdManager.java:doStart(339)) - No SessionScavenger set, using defaults
2020-12-08 15:10:08,073 [Listener at 127.0.0.1/12648] INFO  server.session (HouseKeeper.java:startScavenging(132)) - node0 Scavenging every 600000ms
2020-12-08 15:10:08,074 [Listener at 127.0.0.1/12648] INFO  handler.ContextHandler (ContextHandler.java:doStart(916)) - Started o.e.j.s.ServletContextHandler@226f9878{logs,/logs,file:///github/workspace/mnt/ozone/hadoop-ozone/integration-test/target/log,AVAILABLE}
2020-12-08 15:10:08,075 [Listener at 127.0.0.1/12648] INFO  handler.ContextHandler (ContextHandler.java:doStart(916)) - Started o.e.j.s.ServletContextHandler@4aae901c{static,/static,jar:file:/home/user/.m2/repository/org/apache/hadoop/hadoop-hdds-container-service/1.1.0-SNAPSHOT/hadoop-hdds-container-service-1.1.0-SNAPSHOT.jar!/webapps/static,AVAILABLE}
2020-12-08 15:10:08,079 [Thread-175] INFO  impl.FollowerState (FollowerState.java:run(128)) - omNode-3@group-523986131536-FollowerState: change to CANDIDATE, lastRpcTime:1132ms, electionTimeout:1129ms
2020-12-08 15:10:08,079 [Thread-175] INFO  impl.RoleInfo (RoleInfo.java:shutdownFollowerState(121)) - omNode-3: shutdown omNode-3@group-523986131536-FollowerState
2020-12-08 15:10:08,079 [Thread-175] INFO  impl.RaftServerImpl (RaftServerImpl.java:setRole(204)) - omNode-3@group-523986131536: changes role from  FOLLOWER to CANDIDATE at term 0 for changeToCandidate
2020-12-08 15:10:08,079 [Thread-175] INFO  impl.RoleInfo (RoleInfo.java:updateAndGet(143)) - omNode-3: start omNode-3@group-523986131536-LeaderElection3
2020-12-08 15:10:08,130 [omNode-3@group-523986131536-LeaderElection3] INFO  impl.LeaderElection (LeaderElection.java:askForVotes(215)) - omNode-3@group-523986131536-LeaderElection3: begin an election at term 1 for -1: [omNode-3|rpc:localhost:12652, omNode-1|rpc:localhost:12640, omNode-2|rpc:localhost:12646], old=null
2020-12-08 15:10:08,329 [grpc-default-executor-2] INFO  metrics.RatisMetrics (RatisMetrics.java:lambda$create$0(36)) - Creating Metrics Registry : ratis.server_message_metrics.omNode-1
2020-12-08 15:10:08,329 [grpc-default-executor-0] INFO  metrics.RatisMetrics (RatisMetrics.java:lambda$create$0(36)) - Creating Metrics Registry : ratis.server_message_metrics.omNode-2
2020-12-08 15:10:08,335 [grpc-default-executor-4] INFO  metrics.RatisMetrics (RatisMetrics.java:lambda$create$0(36)) - Creating Metrics Registry : ratis.server_message_metrics.omNode-3
2020-12-08 15:10:08,415 [omNode-2@group-523986131536-LeaderElection2] INFO  impl.LeaderElection (LeaderElection.java:logAndReturn(65)) - omNode-2@group-523986131536-LeaderElection2: Election REJECTED; received 2 response(s) [omNode-2<-omNode-3#0:FAIL-t1, omNode-2<-omNode-1#0:FAIL-t1] and 0 exception(s); omNode-2@group-523986131536:t1, leader=null, voted=omNode-2, raftlog=omNode-2@group-523986131536-SegmentedRaftLog:OPENED:c-1,f-1,i0, conf=-1: [omNode-3|rpc:localhost:12652, omNode-1|rpc:localhost:12640, omNode-2|rpc:localhost:12646], old=null
2020-12-08 15:10:08,417 [omNode-1@group-523986131536-LeaderElection1] INFO  impl.LeaderElection (LeaderElection.java:logAndReturn(65)) - omNode-1@group-523986131536-LeaderElection1: Election REJECTED; received 2 response(s) [omNode-1<-omNode-3#0:FAIL-t1, omNode-1<-omNode-2#0:FAIL-t1] and 0 exception(s); omNode-1@group-523986131536:t1, leader=null, voted=omNode-1, raftlog=omNode-1@group-523986131536-SegmentedRaftLog:OPENED:c-1,f-1,i0, conf=-1: [omNode-3|rpc:localhost:12652, omNode-1|rpc:localhost:12640, omNode-2|rpc:localhost:12646], old=null
2020-12-08 15:10:08,418 [omNode-3@group-523986131536-LeaderElection3] INFO  impl.LeaderElection (LeaderElection.java:logAndReturn(65)) - omNode-3@group-523986131536-LeaderElection3: Election REJECTED; received 2 response(s) [omNode-3<-omNode-1#0:FAIL-t1, omNode-3<-omNode-2#0:FAIL-t1] and 0 exception(s); omNode-3@group-523986131536:t1, leader=null, voted=omNode-3, raftlog=omNode-3@group-523986131536-SegmentedRaftLog:OPENED:c-1,f-1,i0, conf=-1: [omNode-3|rpc:localhost:12652, omNode-1|rpc:localhost:12640, omNode-2|rpc:localhost:12646], old=null
2020-12-08 15:10:08,420 [omNode-2@group-523986131536-LeaderElection2] INFO  impl.RaftServerImpl (RaftServerImpl.java:setRole(204)) - omNode-2@group-523986131536: changes role from CANDIDATE to FOLLOWER at term 1 for DISCOVERED_A_NEW_TERM
2020-12-08 15:10:08,421 [omNode-2@group-523986131536-LeaderElection2] INFO  impl.RoleInfo (RoleInfo.java:shutdownLeaderElection(134)) - omNode-2: shutdown omNode-2@group-523986131536-LeaderElection2
2020-12-08 15:10:08,421 [omNode-2@group-523986131536-LeaderElection2] INFO  impl.RoleInfo (RoleInfo.java:updateAndGet(143)) - omNode-2: start omNode-2@group-523986131536-FollowerState
2020-12-08 15:10:08,420 [omNode-3@group-523986131536-LeaderElection3] INFO  impl.RaftServerImpl (RaftServerImpl.java:setRole(204)) - omNode-3@group-523986131536: changes role from CANDIDATE to FOLLOWER at term 1 for DISCOVERED_A_NEW_TERM
2020-12-08 15:10:08,425 [omNode-3@group-523986131536-LeaderElection3] INFO  impl.RoleInfo (RoleInfo.java:shutdownLeaderElection(134)) - omNode-3: shutdown omNode-3@group-523986131536-LeaderElection3
2020-12-08 15:10:08,426 [omNode-3@group-523986131536-LeaderElection3] INFO  impl.RoleInfo (RoleInfo.java:updateAndGet(143)) - omNode-3: start omNode-3@group-523986131536-FollowerState
2020-12-08 15:10:08,420 [omNode-1@group-523986131536-LeaderElection1] INFO  impl.RaftServerImpl (RaftServerImpl.java:setRole(204)) - omNode-1@group-523986131536: changes role from CANDIDATE to FOLLOWER at term 1 for DISCOVERED_A_NEW_TERM
2020-12-08 15:10:08,426 [omNode-1@group-523986131536-LeaderElection1] INFO  impl.RoleInfo (RoleInfo.java:shutdownLeaderElection(134)) - omNode-1: shutdown omNode-1@group-523986131536-LeaderElection1
2020-12-08 15:10:08,433 [omNode-1@group-523986131536-LeaderElection1] INFO  impl.RoleInfo (RoleInfo.java:updateAndGet(143)) - omNode-1: start omNode-1@group-523986131536-FollowerState
2020-12-08 15:10:08,437 [Datanode State Machine Task Thread - 0] INFO  datanode.InitDatanodeState (InitDatanodeState.java:persistContainerDatanodeDetails(145)) - DatanodeDetails is persisted to /github/workspace/mnt/ozone/hadoop-ozone/integration-test/target/test-dir/MiniOzoneClusterImpl-aee58368-5372-437c-a4fb-204c17443453/datanode-0/meta/datanode.id
2020-12-08 15:10:08,512 [Listener at 127.0.0.1/12648] INFO  handler.ContextHandler (ContextHandler.java:doStart(916)) - Started o.e.j.w.WebAppContext@666c0602{hddsDatanode,/,file:///tmp/jetty-0_0_0_0-42929-hadoop-hdds-container-service-1_1_0-SNAPSHOT_jar-_-any-4000087950953402126/webapp/,AVAILABLE}{jar:file:/home/user/.m2/repository/org/apache/hadoop/hadoop-hdds-container-service/1.1.0-SNAPSHOT/hadoop-hdds-container-service-1.1.0-SNAPSHOT.jar!/webapps/hddsDatanode}
2020-12-08 15:10:08,515 [Listener at 127.0.0.1/12648] INFO  server.AbstractConnector (AbstractConnector.java:doStart(331)) - Started ServerConnector@34648abd{HTTP/1.1, (http/1.1)}{0.0.0.0:42929}
2020-12-08 15:10:08,516 [Listener at 127.0.0.1/12648] INFO  server.Server (Server.java:doStart(415)) - Started @6879ms
2020-12-08 15:10:08,516 [Listener at 127.0.0.1/12648] WARN  impl.MetricsSystemImpl (MetricsSystemImpl.java:register(276)) - Sink prometheus already exists!
2020-12-08 15:10:08,519 [Listener at 127.0.0.1/12648] INFO  http.BaseHttpServer (BaseHttpServer.java:updateConnectorAddress(327)) - HTTP server of hddsDatanode listening at http://0.0.0.0:42929
2020-12-08 15:10:08,520 [Listener at 127.0.0.1/12648] INFO  impl.MetricsSystemImpl (MetricsSystemImpl.java:init(158)) - HddsDatanode metrics system started (again)
2020-12-08 15:10:08,522 [Listener at 127.0.0.1/12648] INFO  ozone.HddsDatanodeService (HddsDatanodeService.java:start(217)) - HddsDatanodeService host:ce787eff9c24 ip:172.17.0.2
2020-12-08 15:10:08,525 [Listener at 127.0.0.1/12648] INFO  volume.HddsVolume (HddsVolume.java:<init>(176)) - Creating Volume: /github/workspace/mnt/ozone/hadoop-ozone/integration-test/target/test-dir/MiniOzoneClusterImpl-aee58368-5372-437c-a4fb-204c17443453/datanode-2/data-0/containers/hdds of storage type : DISK and capacity : 9223372036854775807
2020-12-08 15:10:08,525 [Listener at 127.0.0.1/12648] INFO  volume.MutableVolumeSet (MutableVolumeSet.java:initializeVolumeSet(179)) - Added Volume : /github/workspace/mnt/ozone/hadoop-ozone/integration-test/target/test-dir/MiniOzoneClusterImpl-aee58368-5372-437c-a4fb-204c17443453/datanode-2/data-0/containers/hdds to VolumeSet
2020-12-08 15:10:08,525 [Listener at 127.0.0.1/12648] INFO  volume.ThrottledAsyncChecker (ThrottledAsyncChecker.java:schedule(141)) - Scheduling a check for /github/workspace/mnt/ozone/hadoop-ozone/integration-test/target/test-dir/MiniOzoneClusterImpl-aee58368-5372-437c-a4fb-204c17443453/datanode-2/data-0/containers/hdds
2020-12-08 15:10:08,526 [Listener at 127.0.0.1/12648] INFO  volume.HddsVolumeChecker (HddsVolumeChecker.java:checkAllVolumes(200)) - Scheduled health check for volume /github/workspace/mnt/ozone/hadoop-ozone/integration-test/target/test-dir/MiniOzoneClusterImpl-aee58368-5372-437c-a4fb-204c17443453/datanode-2/data-0/containers/hdds
2020-12-08 15:10:08,547 [org.apache.hadoop.util.JvmPauseMonitor$Monitor@b91eac0] INFO  util.JvmPauseMonitor (JvmPauseMonitor.java:run(188)) - Starting JVM pause monitor
2020-12-08 15:10:08,550 [Thread-240] INFO  ozoneimpl.ContainerReader (ContainerReader.java:readVolume(123)) - Start to verify containers on volume /github/workspace/mnt/ozone/hadoop-ozone/integration-test/target/test-dir/MiniOzoneClusterImpl-aee58368-5372-437c-a4fb-204c17443453/datanode-2/data-0/containers/hdds
2020-12-08 15:10:08,551 [Datanode State Machine Task Thread - 0] INFO  datanode.InitDatanodeState (InitDatanodeState.java:persistContainerDatanodeDetails(145)) - DatanodeDetails is persisted to /github/workspace/mnt/ozone/hadoop-ozone/integration-test/target/test-dir/MiniOzoneClusterImpl-aee58368-5372-437c-a4fb-204c17443453/datanode-1/meta/datanode.id
2020-12-08 15:10:08,552 [Thread-240] INFO  ozoneimpl.ContainerReader (ContainerReader.java:readVolume(148)) - Finish verifying containers on volume /github/workspace/mnt/ozone/hadoop-ozone/integration-test/target/test-dir/MiniOzoneClusterImpl-aee58368-5372-437c-a4fb-204c17443453/datanode-2/data-0/containers/hdds
2020-12-08 15:10:08,552 [Listener at 127.0.0.1/12648] INFO  ozoneimpl.OzoneContainer (OzoneContainer.java:buildContainerSet(194)) - Build ContainerSet costs 0s
2020-12-08 15:10:08,555 [Listener at 127.0.0.1/12648] INFO  impl.RaftServerProxy (ConfUtils.java:logGet(44)) - raft.rpc.type = GRPC (default)
2020-12-08 15:10:08,556 [Listener at 127.0.0.1/12648] INFO  grpc.GrpcFactory (GrpcFactory.java:checkPooledByteBufAllocatorUseCacheForAllThreads(45)) - PERFORMANCE WARNING: useCacheForAllThreads is true that may cause Netty to create a lot garbage objects and, as a result, trigger GC.
	It is recommended to disable useCacheForAllThreads by setting -Dorg.apache.ratis.thirdparty.io.netty.allocator.useCacheForAllThreads=false in command line.
2020-12-08 15:10:08,556 [Listener at 127.0.0.1/12648] INFO  grpc.GrpcConfigKeys (ConfUtils.java:logGet(44)) - raft.grpc.server.port = 0 (default)
2020-12-08 15:10:08,556 [Listener at 127.0.0.1/12648] INFO  server.GrpcService (ConfUtils.java:logGet(44)) - raft.grpc.message.size.max = 32MB (=33554432) (custom)
2020-12-08 15:10:08,556 [Listener at 127.0.0.1/12648] INFO  server.RaftServerConfigKeys (ConfUtils.java:logGet(44)) - raft.server.log.appender.buffer.byte-limit = 33554432 (custom)
2020-12-08 15:10:08,557 [Listener at 127.0.0.1/12648] INFO  server.GrpcService (ConfUtils.java:logGet(44)) - raft.grpc.flow.control.window = 5MB (=5242880) (custom)
2020-12-08 15:10:08,561 [Listener at 127.0.0.1/12648] INFO  server.RaftServerConfigKeys (ConfUtils.java:logGet(44)) - raft.server.rpc.request.timeout = 60s (custom)
2020-12-08 15:10:08,562 [Listener at 127.0.0.1/12648] INFO  impl.DataStreamServerImpl (ConfUtils.java:logGet(44)) - raft.datastream.type = DISABLED (default)
2020-12-08 15:10:08,563 [Listener at 127.0.0.1/12648] INFO  server.RaftServerConfigKeys (ConfUtils.java:logGet(44)) - raft.server.storage.dir = [/github/workspace/mnt/ozone/hadoop-ozone/integration-test/target/test-dir/MiniOzoneClusterImpl-aee58368-5372-437c-a4fb-204c17443453/datanode-2/data/ratis] (custom)
2020-12-08 15:10:08,569 [Listener at 127.0.0.1/12648] INFO  http.BaseHttpServer (BaseHttpServer.java:newHttpServer2BuilderForOzone(207)) - Starting Web-server for hddsDatanode at: http://0.0.0.0:0
2020-12-08 15:10:08,569 [Listener at 127.0.0.1/12648] INFO  http.BaseHttpServer (BaseHttpServer.java:<init>(106)) - Hadoop Security Enabled: false Ozone Security Enabled: false Ozone HTTP Security Enabled: false 
2020-12-08 15:10:08,570 [Listener at 127.0.0.1/12648] INFO  server.AuthenticationFilter (AuthenticationFilter.java:constructSecretProvider(240)) - Unable to initialize FileSignerSecretProvider, falling back to use random secrets.
2020-12-08 15:10:08,571 [Listener at 127.0.0.1/12648] WARN  http.HttpRequestLog (HttpRequestLog.java:getRequestLog(103)) - Jetty request log can only be enabled using Log4j
2020-12-08 15:10:08,572 [Listener at 127.0.0.1/12648] INFO  http.HttpServer2 (HttpServer2.java:addGlobalFilter(1019)) - Added global filter 'safety' (class=org.apache.hadoop.hdds.server.http.HttpServer2$QuotingInputFilter)
2020-12-08 15:10:08,573 [Listener at 127.0.0.1/12648] INFO  http.HttpServer2 (HttpServer2.java:addFilter(995)) - Added filter static_user_filter (class=org.apache.hadoop.http.lib.StaticUserWebFilter$StaticUserFilter) to context hddsDatanode
2020-12-08 15:10:08,573 [Listener at 127.0.0.1/12648] INFO  http.HttpServer2 (HttpServer2.java:addFilter(1003)) - Added filter static_user_filter (class=org.apache.hadoop.http.lib.StaticUserWebFilter$StaticUserFilter) to context static
2020-12-08 15:10:08,573 [Listener at 127.0.0.1/12648] INFO  http.HttpServer2 (HttpServer2.java:addFilter(1003)) - Added filter static_user_filter (class=org.apache.hadoop.http.lib.StaticUserWebFilter$StaticUserFilter) to context logs
2020-12-08 15:10:08,574 [Listener at 127.0.0.1/12648] INFO  http.HttpServer2 (HttpServer2.java:bindListener(1237)) - Jetty bound to port 33567
2020-12-08 15:10:08,574 [Listener at 127.0.0.1/12648] INFO  server.Server (Server.java:doStart(375)) - jetty-9.4.34.v20201102; built: 2020-11-02T14:15:39.302Z; git: e46af88704a893fc12cb0e3bf46e2c7b48a009e7; jvm 1.8.0_232-b09
2020-12-08 15:10:08,578 [Listener at 127.0.0.1/12648] INFO  server.session (DefaultSessionIdManager.java:doStart(334)) - DefaultSessionIdManager workerName=node0
2020-12-08 15:10:08,578 [Listener at 127.0.0.1/12648] INFO  server.session (DefaultSessionIdManager.java:doStart(339)) - No SessionScavenger set, using defaults
2020-12-08 15:10:08,578 [Listener at 127.0.0.1/12648] INFO  server.session (HouseKeeper.java:startScavenging(132)) - node0 Scavenging every 660000ms
2020-12-08 15:10:08,579 [Listener at 127.0.0.1/12648] INFO  handler.ContextHandler (ContextHandler.java:doStart(916)) - Started o.e.j.s.ServletContextHandler@511d72c6{logs,/logs,file:///github/workspace/mnt/ozone/hadoop-ozone/integration-test/target/log,AVAILABLE}
2020-12-08 15:10:08,579 [Listener at 127.0.0.1/12648] INFO  handler.ContextHandler (ContextHandler.java:doStart(916)) - Started o.e.j.s.ServletContextHandler@2fd48637{static,/static,jar:file:/home/user/.m2/repository/org/apache/hadoop/hadoop-hdds-container-service/1.1.0-SNAPSHOT/hadoop-hdds-container-service-1.1.0-SNAPSHOT.jar!/webapps/static,AVAILABLE}
2020-12-08 15:10:08,737 [Listener at 127.0.0.1/12648] INFO  handler.ContextHandler (ContextHandler.java:doStart(916)) - Started o.e.j.w.WebAppContext@7e0b8ad{hddsDatanode,/,file:///tmp/jetty-0_0_0_0-33567-hadoop-hdds-container-service-1_1_0-SNAPSHOT_jar-_-any-4037332554264170604/webapp/,AVAILABLE}{jar:file:/home/user/.m2/repository/org/apache/hadoop/hadoop-hdds-container-service/1.1.0-SNAPSHOT/hadoop-hdds-container-service-1.1.0-SNAPSHOT.jar!/webapps/hddsDatanode}
2020-12-08 15:10:08,739 [Listener at 127.0.0.1/12648] INFO  server.AbstractConnector (AbstractConnector.java:doStart(331)) - Started ServerConnector@1bb98fe8{HTTP/1.1, (http/1.1)}{0.0.0.0:33567}
2020-12-08 15:10:08,739 [Listener at 127.0.0.1/12648] INFO  server.Server (Server.java:doStart(415)) - Started @7102ms
2020-12-08 15:10:08,739 [Listener at 127.0.0.1/12648] WARN  impl.MetricsSystemImpl (MetricsSystemImpl.java:register(276)) - Sink prometheus already exists!
2020-12-08 15:10:08,745 [Listener at 127.0.0.1/12648] INFO  http.BaseHttpServer (BaseHttpServer.java:updateConnectorAddress(327)) - HTTP server of hddsDatanode listening at http://0.0.0.0:33567
2020-12-08 15:10:08,748 [Listener at 127.0.0.1/12648] INFO  ozone.MiniOzoneClusterImpl (MiniOzoneClusterImpl.java:lambda$waitForClusterToBeReady$0(178)) - Waiting for nodes to be ready. Got 0 of 3 DN Heartbeats.
2020-12-08 15:10:08,748 [Listener at 127.0.0.1/12648] INFO  ozone.MiniOzoneClusterImpl (MiniOzoneClusterImpl.java:lambda$waitForClusterToBeReady$0(181)) - Waiting for cluster to exit safe mode
2020-12-08 15:10:08,750 [org.apache.hadoop.util.JvmPauseMonitor$Monitor@2a816a39] INFO  util.JvmPauseMonitor (JvmPauseMonitor.java:run(188)) - Starting JVM pause monitor
2020-12-08 15:10:08,751 [Datanode State Machine Task Thread - 0] INFO  datanode.InitDatanodeState (InitDatanodeState.java:persistContainerDatanodeDetails(145)) - DatanodeDetails is persisted to /github/workspace/mnt/ozone/hadoop-ozone/integration-test/target/test-dir/MiniOzoneClusterImpl-aee58368-5372-437c-a4fb-204c17443453/datanode-2/meta/datanode.id
2020-12-08 15:10:09,576 [Thread-239] INFO  impl.FollowerState (FollowerState.java:run(128)) - omNode-1@group-523986131536-FollowerState: change to CANDIDATE, lastRpcTime:1142ms, electionTimeout:1130ms
2020-12-08 15:10:09,576 [Thread-239] INFO  impl.RoleInfo (RoleInfo.java:shutdownFollowerState(121)) - omNode-1: shutdown omNode-1@group-523986131536-FollowerState
2020-12-08 15:10:09,576 [Thread-239] INFO  impl.RaftServerImpl (RaftServerImpl.java:setRole(204)) - omNode-1@group-523986131536: changes role from  FOLLOWER to CANDIDATE at term 1 for changeToCandidate
2020-12-08 15:10:09,589 [Thread-239] INFO  impl.RoleInfo (RoleInfo.java:updateAndGet(143)) - omNode-1: start omNode-1@group-523986131536-LeaderElection4
2020-12-08 15:10:09,591 [omNode-1@group-523986131536-LeaderElection4] INFO  impl.LeaderElection (LeaderElection.java:askForVotes(215)) - omNode-1@group-523986131536-LeaderElection4: begin an election at term 2 for -1: [omNode-3|rpc:localhost:12652, omNode-1|rpc:localhost:12640, omNode-2|rpc:localhost:12646], old=null
2020-12-08 15:10:09,598 [grpc-default-executor-1] INFO  impl.RaftServerImpl (RaftServerImpl.java:setRole(204)) - omNode-2@group-523986131536: changes role from  FOLLOWER to FOLLOWER at term 2 for recognizeCandidate:omNode-1
2020-12-08 15:10:09,599 [grpc-default-executor-1] INFO  impl.RoleInfo (RoleInfo.java:shutdownFollowerState(121)) - omNode-2: shutdown omNode-2@group-523986131536-FollowerState
2020-12-08 15:10:09,599 [grpc-default-executor-1] INFO  impl.RoleInfo (RoleInfo.java:updateAndGet(143)) - omNode-2: start omNode-2@group-523986131536-FollowerState
2020-12-08 15:10:09,599 [Thread-237] INFO  impl.FollowerState (FollowerState.java:run(137)) - omNode-2@group-523986131536-FollowerState was interrupted: {}
java.lang.InterruptedException: sleep interrupted
	at java.lang.Thread.sleep(Native Method)
	at org.apache.ratis.util.JavaUtils.sleep(JavaUtils.java:250)
	at org.apache.ratis.server.impl.FollowerState.run(FollowerState.java:116)
2020-12-08 15:10:09,601 [Thread-238] INFO  impl.FollowerState (FollowerState.java:run(128)) - omNode-3@group-523986131536-FollowerState: change to CANDIDATE, lastRpcTime:1175ms, electionTimeout:1165ms
2020-12-08 15:10:09,601 [Thread-238] INFO  impl.RoleInfo (RoleInfo.java:shutdownFollowerState(121)) - omNode-3: shutdown omNode-3@group-523986131536-FollowerState
2020-12-08 15:10:09,601 [Thread-238] INFO  impl.RaftServerImpl (RaftServerImpl.java:setRole(204)) - omNode-3@group-523986131536: changes role from  FOLLOWER to CANDIDATE at term 1 for changeToCandidate
2020-12-08 15:10:09,605 [grpc-default-executor-1] INFO  impl.RaftServerImpl (RaftServerImpl.java:requestVote(963)) -  FOLLOWER omNode-2@group-523986131536:t2, leader=null, voted=null, raftlog=omNode-2@group-523986131536-SegmentedRaftLog:OPENED:c-1,f-1,i0, conf=-1: [omNode-3|rpc:localhost:12652, omNode-1|rpc:localhost:12640, omNode-2|rpc:localhost:12646], old=null RUNNING priority:0 candidate:omNode-1|rpc:localhost:12640 candidatePriority:0 compare:0
2020-12-08 15:10:09,605 [Thread-238] INFO  impl.RoleInfo (RoleInfo.java:updateAndGet(143)) - omNode-3: start omNode-3@group-523986131536-LeaderElection5
2020-12-08 15:10:09,610 [grpc-default-executor-0] INFO  impl.RaftServerImpl (RaftServerImpl.java:setRole(204)) - omNode-3@group-523986131536: changes role from CANDIDATE to FOLLOWER at term 2 for recognizeCandidate:omNode-1
2020-12-08 15:10:09,610 [grpc-default-executor-0] INFO  impl.RoleInfo (RoleInfo.java:shutdownLeaderElection(134)) - omNode-3: shutdown omNode-3@group-523986131536-LeaderElection5
2020-12-08 15:10:09,610 [grpc-default-executor-0] INFO  impl.RoleInfo (RoleInfo.java:updateAndGet(143)) - omNode-3: start omNode-3@group-523986131536-FollowerState
2020-12-08 15:10:09,622 [omNode-3@group-523986131536-LeaderElection5] INFO  impl.LeaderElection (LeaderElection.java:run(159)) - omNode-3@group-523986131536-LeaderElection5: skip running since this is already CLOSING
2020-12-08 15:10:09,623 [omNode-1@group-523986131536-LeaderElection4] INFO  impl.LeaderElection (LeaderElection.java:logAndReturn(65)) - omNode-1@group-523986131536-LeaderElection4: Election PASSED; received 1 response(s) [omNode-1<-omNode-2#0:OK-t2] and 0 exception(s); omNode-1@group-523986131536:t2, leader=null, voted=omNode-1, raftlog=omNode-1@group-523986131536-SegmentedRaftLog:OPENED:c-1,f-1,i0, conf=-1: [omNode-3|rpc:localhost:12652, omNode-1|rpc:localhost:12640, omNode-2|rpc:localhost:12646], old=null
2020-12-08 15:10:09,624 [omNode-1@group-523986131536-LeaderElection4] INFO  impl.RoleInfo (RoleInfo.java:shutdownLeaderElection(134)) - omNode-1: shutdown omNode-1@group-523986131536-LeaderElection4
2020-12-08 15:10:09,624 [omNode-1@group-523986131536-LeaderElection4] INFO  impl.RaftServerImpl (RaftServerImpl.java:setRole(204)) - omNode-1@group-523986131536: changes role from CANDIDATE to LEADER at term 2 for changeToLeader
2020-12-08 15:10:09,624 [omNode-1@group-523986131536-LeaderElection4] INFO  impl.RaftServerImpl (ServerState.java:setLeader(256)) - omNode-1@group-523986131536: change Leader from null to omNode-1 at term 2 for becomeLeader, leader elected after 3345ms
2020-12-08 15:10:09,627 [omNode-1@group-523986131536-LeaderElection4] INFO  server.RaftServerConfigKeys (ConfUtils.java:logGet(44)) - raft.server.staging.catchup.gap = 1000 (default)
2020-12-08 15:10:09,627 [omNode-1@group-523986131536-LeaderElection4] INFO  server.RaftServerConfigKeys (ConfUtils.java:logGet(44)) - raft.server.rpc.sleep.time = 25ms (default)
2020-12-08 15:10:09,628 [omNode-1@group-523986131536-LeaderElection4] INFO  metrics.RatisMetrics (RatisMetrics.java:lambda$create$0(36)) - Creating Metrics Registry : ratis.log_appender.omNode-1@group-523986131536
2020-12-08 15:10:09,630 [omNode-1@group-523986131536-LeaderElection4] INFO  server.RaftServerConfigKeys (ConfUtils.java:logGet(44)) - raft.server.write.element-limit = 4096 (default)
2020-12-08 15:10:09,630 [omNode-1@group-523986131536-LeaderElection4] INFO  server.RaftServerConfigKeys (ConfUtils.java:logGet(44)) - raft.server.write.byte-limit = 64MB (=67108864) (default)
2020-12-08 15:10:09,637 [omNode-1@group-523986131536-LeaderElection4] INFO  server.RaftServerConfigKeys (ConfUtils.java:logGet(44)) - raft.server.watch.timeout = 10s (default)
2020-12-08 15:10:09,637 [omNode-1@group-523986131536-LeaderElection4] INFO  server.RaftServerConfigKeys (ConfUtils.java:logGet(44)) - raft.server.watch.timeout.denomination = 1s (default)
2020-12-08 15:10:09,638 [omNode-1@group-523986131536-LeaderElection4] INFO  server.RaftServerConfigKeys (ConfUtils.java:logGet(44)) - raft.server.watch.element-limit = 65536 (default)
2020-12-08 15:10:09,646 [omNode-1@group-523986131536-LeaderElection4] INFO  server.RaftServerConfigKeys (ConfUtils.java:logGet(44)) - raft.server.log.appender.snapshot.chunk.size.max = 16MB (=16777216) (default)
2020-12-08 15:10:09,646 [omNode-1@group-523986131536-LeaderElection4] INFO  server.RaftServerConfigKeys (ConfUtils.java:logGet(44)) - raft.server.log.appender.buffer.byte-limit = 33554432 (custom)
2020-12-08 15:10:09,647 [omNode-1@group-523986131536-LeaderElection4] INFO  server.RaftServerConfigKeys (ConfUtils.java:logGet(44)) - raft.server.log.appender.buffer.element-limit = 1024 (custom)
2020-12-08 15:10:09,650 [omNode-1@group-523986131536-LeaderElection4] INFO  grpc.GrpcConfigKeys (ConfUtils.java:logGet(44)) - raft.grpc.server.leader.outstanding.appends.max = 128 (default)
2020-12-08 15:10:09,650 [omNode-1@group-523986131536-LeaderElection4] INFO  server.RaftServerConfigKeys (ConfUtils.java:logGet(44)) - raft.server.rpc.request.timeout = 3000ms (default)
2020-12-08 15:10:09,650 [omNode-1@group-523986131536-LeaderElection4] INFO  server.RaftServerConfigKeys (ConfUtils.java:logGet(44)) - raft.server.log.appender.install.snapshot.enabled = false (custom)
2020-12-08 15:10:09,651 [omNode-1@group-523986131536-LeaderElection4] INFO  metrics.RatisMetrics (RatisMetrics.java:lambda$create$0(36)) - Creating Metrics Registry : ratis_grpc.log_appender.omNode-1@group-523986131536
2020-12-08 15:10:09,655 [omNode-1@group-523986131536-LeaderElection4] INFO  server.RaftServerConfigKeys (ConfUtils.java:logGet(44)) - raft.server.log.appender.snapshot.chunk.size.max = 16MB (=16777216) (default)
2020-12-08 15:10:09,655 [omNode-1@group-523986131536-LeaderElection4] INFO  server.RaftServerConfigKeys (ConfUtils.java:logGet(44)) - raft.server.log.appender.buffer.byte-limit = 33554432 (custom)
2020-12-08 15:10:09,655 [omNode-1@group-523986131536-LeaderElection4] INFO  server.RaftServerConfigKeys (ConfUtils.java:logGet(44)) - raft.server.log.appender.buffer.element-limit = 1024 (custom)
2020-12-08 15:10:09,655 [omNode-1@group-523986131536-LeaderElection4] INFO  grpc.GrpcConfigKeys (ConfUtils.java:logGet(44)) - raft.grpc.server.leader.outstanding.appends.max = 128 (default)
2020-12-08 15:10:09,655 [omNode-1@group-523986131536-LeaderElection4] INFO  server.RaftServerConfigKeys (ConfUtils.java:logGet(44)) - raft.server.rpc.request.timeout = 3000ms (default)
2020-12-08 15:10:09,655 [omNode-1@group-523986131536-LeaderElection4] INFO  server.RaftServerConfigKeys (ConfUtils.java:logGet(44)) - raft.server.log.appender.install.snapshot.enabled = false (custom)
2020-12-08 15:10:09,659 [omNode-1@group-523986131536-LeaderElection4] INFO  impl.RoleInfo (RoleInfo.java:updateAndGet(143)) - omNode-1: start omNode-1@group-523986131536-LeaderState
2020-12-08 15:10:09,674 [omNode-1@group-523986131536-LeaderElection4] INFO  segmented.SegmentedRaftLogWorker (SegmentedRaftLogWorker.java:startLogSegment(398)) - omNode-1@group-523986131536-SegmentedRaftLogWorker: Starting segment from index:0
2020-12-08 15:10:09,681 [omNode-1@group-523986131536-LeaderElection4] INFO  impl.RaftServerImpl (ServerState.java:setRaftConf(374)) - omNode-1@group-523986131536: set configuration 0: [omNode-3|rpc:localhost:12652|dataStream:, omNode-1|rpc:localhost:12640|dataStream:, omNode-2|rpc:localhost:12646|dataStream:], old=null at 0
2020-12-08 15:10:09,735 [grpc-default-executor-0] INFO  impl.RaftServerImpl (ServerState.java:setLeader(256)) - omNode-3@group-523986131536: change Leader from null to omNode-1 at term 2 for appendEntries, leader elected after 2817ms
2020-12-08 15:10:09,737 [grpc-default-executor-1] INFO  impl.RaftServerImpl (ServerState.java:setLeader(256)) - omNode-2@group-523986131536: change Leader from null to omNode-1 at term 2 for appendEntries, leader elected after 2998ms
2020-12-08 15:10:09,746 [grpc-default-executor-0] INFO  impl.RaftServerImpl (ServerState.java:setRaftConf(374)) - omNode-3@group-523986131536: set configuration 0: [omNode-3|rpc:localhost:12652|dataStream:, omNode-1|rpc:localhost:12640|dataStream:, omNode-2|rpc:localhost:12646|dataStream:], old=null at 0
2020-12-08 15:10:09,747 [grpc-default-executor-0] INFO  segmented.SegmentedRaftLogWorker (SegmentedRaftLogWorker.java:startLogSegment(398)) - omNode-3@group-523986131536-SegmentedRaftLogWorker: Starting segment from index:0
2020-12-08 15:10:09,749 [Listener at 127.0.0.1/12648] INFO  ozone.MiniOzoneClusterImpl (MiniOzoneClusterImpl.java:lambda$waitForClusterToBeReady$0(178)) - Waiting for nodes to be ready. Got 0 of 3 DN Heartbeats.
2020-12-08 15:10:09,749 [Listener at 127.0.0.1/12648] INFO  ozone.MiniOzoneClusterImpl (MiniOzoneClusterImpl.java:lambda$waitForClusterToBeReady$0(181)) - Waiting for cluster to exit safe mode
2020-12-08 15:10:09,750 [grpc-default-executor-1] INFO  impl.RaftServerImpl (ServerState.java:setRaftConf(374)) - omNode-2@group-523986131536: set configuration 0: [omNode-3|rpc:localhost:12652|dataStream:, omNode-1|rpc:localhost:12640|dataStream:, omNode-2|rpc:localhost:12646|dataStream:], old=null at 0
2020-12-08 15:10:09,750 [grpc-default-executor-1] INFO  segmented.SegmentedRaftLogWorker (SegmentedRaftLogWorker.java:startLogSegment(398)) - omNode-2@group-523986131536-SegmentedRaftLogWorker: Starting segment from index:0
2020-12-08 15:10:09,949 [omNode-3@group-523986131536-SegmentedRaftLogWorker] INFO  segmented.SegmentedRaftLogWorker (SegmentedRaftLogWorker.java:execute(597)) - omNode-3@group-523986131536-SegmentedRaftLogWorker: created new log segment /github/workspace/mnt/ozone/hadoop-ozone/integration-test/target/test-dir/MiniOzoneClusterImpl-aee58368-5372-437c-a4fb-204c17443453/omNode-3/ratis/c9bc4cf4-3bc3-3c60-a66b-523986131536/current/log_inprogress_0
2020-12-08 15:10:09,949 [omNode-1@group-523986131536-SegmentedRaftLogWorker] INFO  segmented.SegmentedRaftLogWorker (SegmentedRaftLogWorker.java:execute(597)) - omNode-1@group-523986131536-SegmentedRaftLogWorker: created new log segment /github/workspace/mnt/ozone/hadoop-ozone/integration-test/target/test-dir/MiniOzoneClusterImpl-aee58368-5372-437c-a4fb-204c17443453/omNode-1/ratis/c9bc4cf4-3bc3-3c60-a66b-523986131536/current/log_inprogress_0
2020-12-08 15:10:09,949 [omNode-2@group-523986131536-SegmentedRaftLogWorker] INFO  segmented.SegmentedRaftLogWorker (SegmentedRaftLogWorker.java:execute(597)) - omNode-2@group-523986131536-SegmentedRaftLogWorker: created new log segment /github/workspace/mnt/ozone/hadoop-ozone/integration-test/target/test-dir/MiniOzoneClusterImpl-aee58368-5372-437c-a4fb-204c17443453/omNode-2/ratis/c9bc4cf4-3bc3-3c60-a66b-523986131536/current/log_inprogress_0
2020-12-08 15:10:10,059 [EndpointStateMachine task thread for /0.0.0.0:43765 - 0 ] INFO  ozoneimpl.OzoneContainer (OzoneContainer.java:start(243)) - Attempting to start container services.
2020-12-08 15:10:10,061 [EndpointStateMachine task thread for /0.0.0.0:43765 - 0 ] INFO  ozoneimpl.OzoneContainer (OzoneContainer.java:startContainerScrub(207)) - Background container scanner has been disabled.
2020-12-08 15:10:10,061 [EndpointStateMachine task thread for /0.0.0.0:43765 - 0 ] INFO  ratis.XceiverServerRatis (XceiverServerRatis.java:start(456)) - Starting XceiverServerRatis 7663c1a7-8e78-41aa-8e93-5b5c17bbe49d at port 0
2020-12-08 15:10:10,065 [EndpointStateMachine task thread for /0.0.0.0:43765 - 0 ] INFO  impl.RaftServerProxy (RaftServerProxy.java:lambda$start$3(321)) - 7663c1a7-8e78-41aa-8e93-5b5c17bbe49d: start RPC server
2020-12-08 15:10:10,067 [EndpointStateMachine task thread for /0.0.0.0:43765 - 0 ] INFO  server.GrpcService (GrpcService.java:startImpl(177)) - 7663c1a7-8e78-41aa-8e93-5b5c17bbe49d: GrpcService started, listening on 0.0.0.0/0.0.0.0:37081
2020-12-08 15:10:10,069 [EndpointStateMachine task thread for /0.0.0.0:43765 - 0 ] INFO  ratis.XceiverServerRatis (XceiverServerRatis.java:start(468)) - XceiverServerRatis 7663c1a7-8e78-41aa-8e93-5b5c17bbe49d is started using port 37081
2020-12-08 15:10:10,071 [org.apache.ratis.server.JvmPauseMonitor@41feddaf-Monitor] INFO  server.RaftServerConfigKeys (ConfUtils.java:logGet(44)) - raft.server.leaderelection.leader.step-down.wait-time = 10s (default)
2020-12-08 15:10:10,071 [org.apache.ratis.server.JvmPauseMonitor@41feddaf-Monitor] INFO  server.RaftServerConfigKeys (ConfUtils.java:logGet(44)) - raft.server.rpc.slowness.timeout = 300s (custom)
2020-12-08 15:10:10,071 [org.apache.ratis.server.JvmPauseMonitor@41feddaf-Monitor] INFO  server.JvmPauseMonitor (JvmPauseMonitor.java:run(129)) - Starting Ratis JVM pause monitor
2020-12-08 15:10:10,072 [EndpointStateMachine task thread for /0.0.0.0:43765 - 0 ] INFO  server.XceiverServerGrpc (XceiverServerGrpc.java:start(145)) - XceiverServerGrpc 7663c1a7-8e78-41aa-8e93-5b5c17bbe49d is started using port 40951
2020-12-08 15:10:10,553 [EndpointStateMachine task thread for /0.0.0.0:43765 - 0 ] INFO  ozoneimpl.OzoneContainer (OzoneContainer.java:start(243)) - Attempting to start container services.
2020-12-08 15:10:10,555 [EndpointStateMachine task thread for /0.0.0.0:43765 - 0 ] INFO  ozoneimpl.OzoneContainer (OzoneContainer.java:startContainerScrub(207)) - Background container scanner has been disabled.
2020-12-08 15:10:10,555 [EndpointStateMachine task thread for /0.0.0.0:43765 - 0 ] INFO  ratis.XceiverServerRatis (XceiverServerRatis.java:start(456)) - Starting XceiverServerRatis 394900d4-f08a-4746-ba22-1c2f81bb7b22 at port 0
2020-12-08 15:10:10,557 [EndpointStateMachine task thread for /0.0.0.0:43765 - 0 ] INFO  impl.RaftServerProxy (RaftServerProxy.java:lambda$start$3(321)) - 394900d4-f08a-4746-ba22-1c2f81bb7b22: start RPC server
2020-12-08 15:10:10,558 [EndpointStateMachine task thread for /0.0.0.0:43765 - 0 ] INFO  server.GrpcService (GrpcService.java:startImpl(177)) - 394900d4-f08a-4746-ba22-1c2f81bb7b22: GrpcService started, listening on 0.0.0.0/0.0.0.0:38593
2020-12-08 15:10:10,559 [EndpointStateMachine task thread for /0.0.0.0:43765 - 0 ] INFO  ratis.XceiverServerRatis (XceiverServerRatis.java:start(468)) - XceiverServerRatis 394900d4-f08a-4746-ba22-1c2f81bb7b22 is started using port 38593
2020-12-08 15:10:10,566 [EndpointStateMachine task thread for /0.0.0.0:43765 - 0 ] INFO  server.XceiverServerGrpc (XceiverServerGrpc.java:start(145)) - XceiverServerGrpc 394900d4-f08a-4746-ba22-1c2f81bb7b22 is started using port 43913
2020-12-08 15:10:10,711 [org.apache.ratis.server.JvmPauseMonitor@3c927d2-Monitor] INFO  server.RaftServerConfigKeys (ConfUtils.java:logGet(44)) - raft.server.leaderelection.leader.step-down.wait-time = 10s (default)
2020-12-08 15:10:10,712 [org.apache.ratis.server.JvmPauseMonitor@3c927d2-Monitor] INFO  server.RaftServerConfigKeys (ConfUtils.java:logGet(44)) - raft.server.rpc.slowness.timeout = 300s (custom)
2020-12-08 15:10:10,712 [org.apache.ratis.server.JvmPauseMonitor@3c927d2-Monitor] INFO  server.JvmPauseMonitor (JvmPauseMonitor.java:run(129)) - Starting Ratis JVM pause monitor
2020-12-08 15:10:10,714 [org.apache.ratis.server.JvmPauseMonitor@41feddaf-Monitor] WARN  server.JvmPauseMonitor (JvmPauseMonitor.java:run(141)) - Detected pause in JVM or host machine (eg GC): pause of approximately 141ms
GC pool 'PS MarkSweep' had collection(s): count=1 time=127ms
GC pool 'PS Scavenge' had collection(s): count=1 time=16ms
2020-12-08 15:10:10,749 [Listener at 127.0.0.1/12648] INFO  ozone.MiniOzoneClusterImpl (MiniOzoneClusterImpl.java:lambda$waitForClusterToBeReady$0(178)) - Waiting for nodes to be ready. Got 0 of 3 DN Heartbeats.
2020-12-08 15:10:10,749 [Listener at 127.0.0.1/12648] INFO  ozone.MiniOzoneClusterImpl (MiniOzoneClusterImpl.java:lambda$waitForClusterToBeReady$0(181)) - Waiting for cluster to exit safe mode
2020-12-08 15:10:10,754 [EndpointStateMachine task thread for /0.0.0.0:43765 - 0 ] INFO  ozoneimpl.OzoneContainer (OzoneContainer.java:start(243)) - Attempting to start container services.
2020-12-08 15:10:10,755 [EndpointStateMachine task thread for /0.0.0.0:43765 - 0 ] INFO  ozoneimpl.OzoneContainer (OzoneContainer.java:startContainerScrub(207)) - Background container scanner has been disabled.
2020-12-08 15:10:10,755 [EndpointStateMachine task thread for /0.0.0.0:43765 - 0 ] INFO  ratis.XceiverServerRatis (XceiverServerRatis.java:start(456)) - Starting XceiverServerRatis 3af59201-7b7b-400f-8f0b-8d2a065c6fc3 at port 0
2020-12-08 15:10:10,756 [EndpointStateMachine task thread for /0.0.0.0:43765 - 0 ] INFO  impl.RaftServerProxy (RaftServerProxy.java:lambda$start$3(321)) - 3af59201-7b7b-400f-8f0b-8d2a065c6fc3: start RPC server
2020-12-08 15:10:10,759 [EndpointStateMachine task thread for /0.0.0.0:43765 - 0 ] INFO  server.GrpcService (GrpcService.java:startImpl(177)) - 3af59201-7b7b-400f-8f0b-8d2a065c6fc3: GrpcService started, listening on 0.0.0.0/0.0.0.0:33215
2020-12-08 15:10:10,761 [EndpointStateMachine task thread for /0.0.0.0:43765 - 0 ] INFO  ratis.XceiverServerRatis (XceiverServerRatis.java:start(468)) - XceiverServerRatis 3af59201-7b7b-400f-8f0b-8d2a065c6fc3 is started using port 33215
2020-12-08 15:10:10,766 [EndpointStateMachine task thread for /0.0.0.0:43765 - 0 ] INFO  server.XceiverServerGrpc (XceiverServerGrpc.java:start(145)) - XceiverServerGrpc 3af59201-7b7b-400f-8f0b-8d2a065c6fc3 is started using port 44075
2020-12-08 15:10:10,770 [org.apache.ratis.server.JvmPauseMonitor@bceecde-Monitor] INFO  server.RaftServerConfigKeys (ConfUtils.java:logGet(44)) - raft.server.leaderelection.leader.step-down.wait-time = 10s (default)
2020-12-08 15:10:10,770 [org.apache.ratis.server.JvmPauseMonitor@bceecde-Monitor] INFO  server.RaftServerConfigKeys (ConfUtils.java:logGet(44)) - raft.server.rpc.slowness.timeout = 300s (custom)
2020-12-08 15:10:10,770 [org.apache.ratis.server.JvmPauseMonitor@bceecde-Monitor] INFO  server.JvmPauseMonitor (JvmPauseMonitor.java:run(129)) - Starting Ratis JVM pause monitor
2020-12-08 15:10:11,749 [Listener at 127.0.0.1/12648] INFO  ozone.MiniOzoneClusterImpl (MiniOzoneClusterImpl.java:lambda$waitForClusterToBeReady$0(178)) - Waiting for nodes to be ready. Got 0 of 3 DN Heartbeats.
2020-12-08 15:10:11,750 [Listener at 127.0.0.1/12648] INFO  ozone.MiniOzoneClusterImpl (MiniOzoneClusterImpl.java:lambda$waitForClusterToBeReady$0(181)) - Waiting for cluster to exit safe mode
2020-12-08 15:10:12,033 [IPC Server handler 1 on default port 43765] INFO  net.NetworkTopologyImpl (NetworkTopologyImpl.java:add(111)) - Added a new node: /default-rack/7663c1a7-8e78-41aa-8e93-5b5c17bbe49d
2020-12-08 15:10:12,035 [IPC Server handler 1 on default port 43765] INFO  node.SCMNodeManager (SCMNodeManager.java:register(341)) - Registered Data node : 7663c1a7-8e78-41aa-8e93-5b5c17bbe49d{ip: 172.17.0.2, host: ce787eff9c24, networkLocation: /default-rack, certSerialId: null, persistedOpState: IN_SERVICE, persistedOpStateExpiryEpochSec: 0}
2020-12-08 15:10:12,042 [RatisPipelineUtilsThread] INFO  pipeline.RatisPipelineProvider (RatisPipelineProvider.java:lambda$create$0(161)) - Sending CreatePipelineCommand for pipeline:PipelineID=06ccfb30-3a24-4ff5-895c-d9dbc2d30f98 to datanode:7663c1a7-8e78-41aa-8e93-5b5c17bbe49d
2020-12-08 15:10:12,050 [EventQueue-NodeRegistrationContainerReportForContainerSafeModeRule] INFO  safemode.SCMSafeModeManager (SCMSafeModeManager.java:validateSafeModeExitRules(214)) - ContainerSafeModeRule rule is successfully validated
2020-12-08 15:10:12,050 [EventQueue-NodeRegistrationContainerReportForDataNodeSafeModeRule] INFO  safemode.SCMSafeModeManager (DataNodeSafeModeRule.java:process(71)) - SCM in safe mode. 1 DataNodes registered, 1 required.
2020-12-08 15:10:12,050 [EventQueue-NodeRegistrationContainerReportForDataNodeSafeModeRule] INFO  safemode.SCMSafeModeManager (SCMSafeModeManager.java:validateSafeModeExitRules(214)) - DataNodeSafeModeRule rule is successfully validated
2020-12-08 15:10:12,051 [EventQueue-NodeRegistrationContainerReportForDataNodeSafeModeRule] INFO  safemode.SCMSafeModeManager (SCMSafeModeManager.java:completePreCheck(242)) - All SCM safe mode pre check rules have passed
2020-12-08 15:10:12,060 [EventQueue-PipelineReportForOneReplicaPipelineSafeModeRule] INFO  safemode.SCMSafeModeManager (SCMSafeModeManager.java:validateSafeModeExitRules(214)) - AtleastOneDatanodeReportedRule rule is successfully validated
2020-12-08 15:10:12,071 [RatisPipelineUtilsThread] INFO  pipeline.PipelineStateManager (PipelineStateManager.java:addPipeline(54)) - Created pipeline Pipeline[ Id: 06ccfb30-3a24-4ff5-895c-d9dbc2d30f98, Nodes: 7663c1a7-8e78-41aa-8e93-5b5c17bbe49d{ip: 172.17.0.2, host: ce787eff9c24, networkLocation: /default-rack, certSerialId: null, persistedOpState: IN_SERVICE, persistedOpStateExpiryEpochSec: 0}, Type:RATIS, Factor:ONE, State:ALLOCATED, leaderId:, CreationTimestamp2020-12-08T15:10:12.038Z]
2020-12-08 15:10:12,075 [RatisPipelineUtilsThread] WARN  pipeline.PipelinePlacementPolicy (PipelinePlacementPolicy.java:filterViableNodes(139)) - Pipeline creation failed due to no sufficient healthy datanodes. Required 3. Found 1.
2020-12-08 15:10:12,548 [IPC Server handler 2 on default port 43765] INFO  net.NetworkTopologyImpl (NetworkTopologyImpl.java:add(111)) - Added a new node: /default-rack/394900d4-f08a-4746-ba22-1c2f81bb7b22
2020-12-08 15:10:12,549 [IPC Server handler 2 on default port 43765] INFO  node.SCMNodeManager (SCMNodeManager.java:register(341)) - Registered Data node : 394900d4-f08a-4746-ba22-1c2f81bb7b22{ip: 172.17.0.2, host: ce787eff9c24, networkLocation: /default-rack, certSerialId: null, persistedOpState: IN_SERVICE, persistedOpStateExpiryEpochSec: 0}
2020-12-08 15:10:12,550 [EventQueue-NodeRegistrationContainerReportForContainerSafeModeRule] INFO  safemode.SCMSafeModeManager (SCMSafeModeManager.java:validateSafeModeExitRules(214)) - ContainerSafeModeRule rule is successfully validated
2020-12-08 15:10:12,550 [EventQueue-NodeRegistrationContainerReportForDataNodeSafeModeRule] INFO  safemode.SCMSafeModeManager (SCMSafeModeManager.java:validateSafeModeExitRules(214)) - DataNodeSafeModeRule rule is successfully validated
2020-12-08 15:10:12,550 [EventQueue-PipelineReportForOneReplicaPipelineSafeModeRule] INFO  safemode.SCMSafeModeManager (SCMSafeModeManager.java:validateSafeModeExitRules(214)) - AtleastOneDatanodeReportedRule rule is successfully validated
2020-12-08 15:10:12,551 [RatisPipelineUtilsThread] INFO  pipeline.RatisPipelineProvider (RatisPipelineProvider.java:lambda$create$0(161)) - Sending CreatePipelineCommand for pipeline:PipelineID=7b494c7c-c34f-49bc-9bce-92971b11d4c8 to datanode:394900d4-f08a-4746-ba22-1c2f81bb7b22
2020-12-08 15:10:12,552 [RatisPipelineUtilsThread] INFO  pipeline.PipelineStateManager (PipelineStateManager.java:addPipeline(54)) - Created pipeline Pipeline[ Id: 7b494c7c-c34f-49bc-9bce-92971b11d4c8, Nodes: 394900d4-f08a-4746-ba22-1c2f81bb7b22{ip: 172.17.0.2, host: ce787eff9c24, networkLocation: /default-rack, certSerialId: null, persistedOpState: IN_SERVICE, persistedOpStateExpiryEpochSec: 0}, Type:RATIS, Factor:ONE, State:ALLOCATED, leaderId:, CreationTimestamp2020-12-08T15:10:12.551Z]
2020-12-08 15:10:12,553 [RatisPipelineUtilsThread] WARN  pipeline.PipelinePlacementPolicy (PipelinePlacementPolicy.java:filterViableNodes(139)) - Pipeline creation failed due to no sufficient healthy datanodes. Required 3. Found 2.
2020-12-08 15:10:12,751 [Listener at 127.0.0.1/12648] INFO  ozone.MiniOzoneClusterImpl (MiniOzoneClusterImpl.java:lambda$waitForClusterToBeReady$0(178)) - Waiting for nodes to be ready. Got 2 of 3 DN Heartbeats.
2020-12-08 15:10:12,751 [Listener at 127.0.0.1/12648] INFO  ozone.MiniOzoneClusterImpl (MiniOzoneClusterImpl.java:lambda$waitForClusterToBeReady$0(181)) - Waiting for cluster to exit safe mode
2020-12-08 15:10:12,751 [IPC Server handler 0 on default port 43765] INFO  net.NetworkTopologyImpl (NetworkTopologyImpl.java:add(111)) - Added a new node: /default-rack/3af59201-7b7b-400f-8f0b-8d2a065c6fc3
2020-12-08 15:10:12,752 [IPC Server handler 0 on default port 43765] INFO  node.SCMNodeManager (SCMNodeManager.java:register(341)) - Registered Data node : 3af59201-7b7b-400f-8f0b-8d2a065c6fc3{ip: 172.17.0.2, host: ce787eff9c24, networkLocation: /default-rack, certSerialId: null, persistedOpState: IN_SERVICE, persistedOpStateExpiryEpochSec: 0}
2020-12-08 15:10:12,752 [EventQueue-NodeRegistrationContainerReportForContainerSafeModeRule] INFO  safemode.SCMSafeModeManager (SCMSafeModeManager.java:validateSafeModeExitRules(214)) - ContainerSafeModeRule rule is successfully validated
2020-12-08 15:10:12,752 [EventQueue-NodeRegistrationContainerReportForDataNodeSafeModeRule] INFO  safemode.SCMSafeModeManager (SCMSafeModeManager.java:validateSafeModeExitRules(214)) - DataNodeSafeModeRule rule is successfully validated
2020-12-08 15:10:12,752 [EventQueue-PipelineReportForOneReplicaPipelineSafeModeRule] INFO  safemode.SCMSafeModeManager (SCMSafeModeManager.java:validateSafeModeExitRules(214)) - AtleastOneDatanodeReportedRule rule is successfully validated
2020-12-08 15:10:12,753 [RatisPipelineUtilsThread] INFO  pipeline.RatisPipelineProvider (RatisPipelineProvider.java:lambda$create$0(161)) - Sending CreatePipelineCommand for pipeline:PipelineID=e6d28aab-9d3b-4dd5-a8b9-38b237208b3a to datanode:3af59201-7b7b-400f-8f0b-8d2a065c6fc3
2020-12-08 15:10:12,753 [RatisPipelineUtilsThread] INFO  pipeline.PipelineStateManager (PipelineStateManager.java:addPipeline(54)) - Created pipeline Pipeline[ Id: e6d28aab-9d3b-4dd5-a8b9-38b237208b3a, Nodes: 3af59201-7b7b-400f-8f0b-8d2a065c6fc3{ip: 172.17.0.2, host: ce787eff9c24, networkLocation: /default-rack, certSerialId: null, persistedOpState: IN_SERVICE, persistedOpStateExpiryEpochSec: 0}, Type:RATIS, Factor:ONE, State:ALLOCATED, leaderId:, CreationTimestamp2020-12-08T15:10:12.753Z]
2020-12-08 15:10:12,756 [RatisPipelineUtilsThread] INFO  pipeline.RatisPipelineProvider (RatisPipelineProvider.java:lambda$create$0(161)) - Sending CreatePipelineCommand for pipeline:PipelineID=ee6acdd9-50ff-47bc-9de6-3f6de316e943 to datanode:394900d4-f08a-4746-ba22-1c2f81bb7b22
2020-12-08 15:10:12,756 [RatisPipelineUtilsThread] INFO  pipeline.RatisPipelineProvider (RatisPipelineProvider.java:lambda$create$0(161)) - Sending CreatePipelineCommand for pipeline:PipelineID=ee6acdd9-50ff-47bc-9de6-3f6de316e943 to datanode:3af59201-7b7b-400f-8f0b-8d2a065c6fc3
2020-12-08 15:10:12,756 [RatisPipelineUtilsThread] INFO  pipeline.RatisPipelineProvider (RatisPipelineProvider.java:lambda$create$0(161)) - Sending CreatePipelineCommand for pipeline:PipelineID=ee6acdd9-50ff-47bc-9de6-3f6de316e943 to datanode:7663c1a7-8e78-41aa-8e93-5b5c17bbe49d
2020-12-08 15:10:12,757 [RatisPipelineUtilsThread] INFO  pipeline.PipelineStateManager (PipelineStateManager.java:addPipeline(54)) - Created pipeline Pipeline[ Id: ee6acdd9-50ff-47bc-9de6-3f6de316e943, Nodes: 394900d4-f08a-4746-ba22-1c2f81bb7b22{ip: 172.17.0.2, host: ce787eff9c24, networkLocation: /default-rack, certSerialId: null, persistedOpState: IN_SERVICE, persistedOpStateExpiryEpochSec: 0}3af59201-7b7b-400f-8f0b-8d2a065c6fc3{ip: 172.17.0.2, host: ce787eff9c24, networkLocation: /default-rack, certSerialId: null, persistedOpState: IN_SERVICE, persistedOpStateExpiryEpochSec: 0}7663c1a7-8e78-41aa-8e93-5b5c17bbe49d{ip: 172.17.0.2, host: ce787eff9c24, networkLocation: /default-rack, certSerialId: null, persistedOpState: IN_SERVICE, persistedOpStateExpiryEpochSec: 0}, Type:RATIS, Factor:THREE, State:ALLOCATED, leaderId:, CreationTimestamp2020-12-08T15:10:12.756Z]
2020-12-08 15:10:13,751 [Listener at 127.0.0.1/12648] INFO  ozone.MiniOzoneClusterImpl (MiniOzoneClusterImpl.java:lambda$waitForClusterToBeReady$0(178)) - Nodes are ready. Got 3 of 3 DN Heartbeats.
2020-12-08 15:10:13,752 [Listener at 127.0.0.1/12648] INFO  ozone.MiniOzoneClusterImpl (MiniOzoneClusterImpl.java:lambda$waitForClusterToBeReady$0(181)) - Waiting for cluster to exit safe mode
2020-12-08 15:10:14,752 [Listener at 127.0.0.1/12648] INFO  ozone.MiniOzoneClusterImpl (MiniOzoneClusterImpl.java:lambda$waitForClusterToBeReady$0(178)) - Nodes are ready. Got 3 of 3 DN Heartbeats.
2020-12-08 15:10:14,752 [Listener at 127.0.0.1/12648] INFO  ozone.MiniOzoneClusterImpl (MiniOzoneClusterImpl.java:lambda$waitForClusterToBeReady$0(181)) - Waiting for cluster to exit safe mode
2020-12-08 15:10:15,009 [Command processor thread] INFO  impl.RaftServerProxy (RaftServerProxy.java:addNew(93)) - 7663c1a7-8e78-41aa-8e93-5b5c17bbe49d: addNew group-D9DBC2D30F98:[7663c1a7-8e78-41aa-8e93-5b5c17bbe49d|rpc:172.17.0.2:37081] returns group-D9DBC2D30F98:java.util.concurrent.CompletableFuture@693a6982[Not completed]
2020-12-08 15:10:15,051 [pool-68-thread-1] INFO  impl.RaftServerImpl (RaftServerImpl.java:<init>(121)) - 7663c1a7-8e78-41aa-8e93-5b5c17bbe49d: new RaftServerImpl for group-D9DBC2D30F98:[7663c1a7-8e78-41aa-8e93-5b5c17bbe49d|rpc:172.17.0.2:37081] with ContainerStateMachine:uninitialized
2020-12-08 15:10:15,051 [pool-68-thread-1] INFO  server.RaftServerConfigKeys (ConfUtils.java:logGet(44)) - raft.server.rpc.timeout.min = 5s (custom)
2020-12-08 15:10:15,051 [pool-68-thread-1] INFO  server.RaftServerConfigKeys (ConfUtils.java:logGet(44)) - raft.server.rpc.timeout.max = 5200ms (custom)
2020-12-08 15:10:15,051 [pool-68-thread-1] INFO  server.RaftServerConfigKeys (ConfUtils.java:logGet(44)) - raft.server.rpc.slowness.timeout = 300s (custom)
2020-12-08 15:10:15,051 [pool-68-thread-1] INFO  server.RaftServerConfigKeys (ConfUtils.java:logGet(44)) - raft.server.leaderelection.leader.step-down.wait-time = 10s (default)
2020-12-08 15:10:15,051 [pool-68-thread-1] INFO  server.RaftServerConfigKeys (ConfUtils.java:logGet(44)) - raft.server.sleep.deviation.threshold = 300 (default)
2020-12-08 15:10:15,051 [pool-68-thread-1] INFO  server.RaftServerConfigKeys (ConfUtils.java:logGet(44)) - raft.server.log.appender.install.snapshot.enabled = false (custom)
2020-12-08 15:10:15,052 [pool-68-thread-1] INFO  impl.RaftServerImpl (ServerState.java:<init>(104)) - 7663c1a7-8e78-41aa-8e93-5b5c17bbe49d@group-D9DBC2D30F98: ConfigurationManager, init=-1: [7663c1a7-8e78-41aa-8e93-5b5c17bbe49d|rpc:172.17.0.2:37081], old=null, confs=<EMPTY_MAP>
2020-12-08 15:10:15,052 [pool-68-thread-1] INFO  server.RaftServerConfigKeys (ConfUtils.java:logGet(44)) - raft.server.storage.dir = [/github/workspace/mnt/ozone/hadoop-ozone/integration-test/target/test-dir/MiniOzoneClusterImpl-aee58368-5372-437c-a4fb-204c17443453/datanode-0/data/ratis] (custom)
2020-12-08 15:10:15,052 [pool-68-thread-1] INFO  server.RaftServerConfigKeys (ConfUtils.java:logGet(44)) - raft.server.log.corruption.policy = EXCEPTION (default)
2020-12-08 15:10:15,052 [pool-68-thread-1] INFO  storage.RaftStorageDirectory (RaftStorageDirectory.java:analyzeStorage(261)) - The storage directory /github/workspace/mnt/ozone/hadoop-ozone/integration-test/target/test-dir/MiniOzoneClusterImpl-aee58368-5372-437c-a4fb-204c17443453/datanode-0/data/ratis/06ccfb30-3a24-4ff5-895c-d9dbc2d30f98 does not exist. Creating ...
2020-12-08 15:10:15,054 [pool-68-thread-1] INFO  storage.RaftStorageDirectory (RaftStorageDirectory.java:tryLock(343)) - Lock on /github/workspace/mnt/ozone/hadoop-ozone/integration-test/target/test-dir/MiniOzoneClusterImpl-aee58368-5372-437c-a4fb-204c17443453/datanode-0/data/ratis/06ccfb30-3a24-4ff5-895c-d9dbc2d30f98/in_use.lock acquired by nodename 19996@ce787eff9c24
2020-12-08 15:10:15,055 [pool-68-thread-1] INFO  storage.RaftStorage (RaftStorage.java:format(85)) - Storage directory /github/workspace/mnt/ozone/hadoop-ozone/integration-test/target/test-dir/MiniOzoneClusterImpl-aee58368-5372-437c-a4fb-204c17443453/datanode-0/data/ratis/06ccfb30-3a24-4ff5-895c-d9dbc2d30f98 has been successfully formatted.
2020-12-08 15:10:15,059 [pool-68-thread-1] INFO  ratis.ContainerStateMachine (ContainerStateMachine.java:loadSnapshot(225)) - group-D9DBC2D30F98: The snapshot info is null. Setting the last applied indexto:(t:0, i:~)
2020-12-08 15:10:15,074 [pool-68-thread-1] INFO  server.RaftServerConfigKeys (ConfUtils.java:logGet(44)) - raft.server.notification.no-leader.timeout = 300s (custom)
2020-12-08 15:10:15,074 [pool-68-thread-1] INFO  server.RaftServerConfigKeys (ConfUtils.java:logGet(44)) - raft.server.log.use.memory = false (default)
2020-12-08 15:10:15,074 [EventQueue-PipelineReportForOneReplicaPipelineSafeModeRule] INFO  safemode.SCMSafeModeManager (SCMSafeModeManager.java:validateSafeModeExitRules(214)) - AtleastOneDatanodeReportedRule rule is successfully validated
2020-12-08 15:10:15,075 [EventQueue-PipelineReportForPipelineReportHandler] INFO  pipeline.PipelineStateManager (PipelineStateManager.java:openPipeline(132)) - Pipeline Pipeline[ Id: 06ccfb30-3a24-4ff5-895c-d9dbc2d30f98, Nodes: 7663c1a7-8e78-41aa-8e93-5b5c17bbe49d{ip: 172.17.0.2, host: ce787eff9c24, networkLocation: /default-rack, certSerialId: null, persistedOpState: IN_SERVICE, persistedOpStateExpiryEpochSec: 0}, Type:RATIS, Factor:ONE, State:ALLOCATED, leaderId:7663c1a7-8e78-41aa-8e93-5b5c17bbe49d, CreationTimestamp2020-12-08T15:10:12.038Z] moved to OPEN state
2020-12-08 15:10:15,076 [pool-68-thread-1] INFO  server.RaftServerConfigKeys (ConfUtils.java:logGet(44)) - raft.server.log.purge.gap = 1000000 (custom)
2020-12-08 15:10:15,076 [pool-68-thread-1] INFO  metrics.RatisMetrics (RatisMetrics.java:lambda$create$0(36)) - Creating Metrics Registry : ratis.log_worker.7663c1a7-8e78-41aa-8e93-5b5c17bbe49d@group-D9DBC2D30F98
2020-12-08 15:10:15,077 [EventQueue-OpenPipelineForHealthyPipelineSafeModeRule] INFO  safemode.SCMSafeModeManager (HealthyPipelineSafeModeRule.java:process(128)) - SCM in safe mode. Healthy pipelines reported count is 0, required healthy pipeline reported count is 1
2020-12-08 15:10:15,077 [pool-68-thread-1] INFO  server.RaftServerConfigKeys (ConfUtils.java:logGet(44)) - raft.server.log.appender.buffer.byte-limit = 33554432 (custom)
2020-12-08 15:10:15,084 [pool-68-thread-1] INFO  server.RaftServerConfigKeys (ConfUtils.java:logGet(44)) - raft.server.log.segment.size.max = 1048576 (custom)
2020-12-08 15:10:15,085 [pool-68-thread-1] INFO  server.RaftServerConfigKeys (ConfUtils.java:logGet(44)) - raft.server.log.segment.cache.num.max = 2 (custom)
2020-12-08 15:10:15,085 [pool-68-thread-1] INFO  segmented.SegmentedRaftLogWorker (SegmentedRaftLogWorker.java:<init>(180)) - new 7663c1a7-8e78-41aa-8e93-5b5c17bbe49d@group-D9DBC2D30F98-SegmentedRaftLogWorker for RaftStorage:Storage Directory /github/workspace/mnt/ozone/hadoop-ozone/integration-test/target/test-dir/MiniOzoneClusterImpl-aee58368-5372-437c-a4fb-204c17443453/datanode-0/data/ratis/06ccfb30-3a24-4ff5-895c-d9dbc2d30f98
2020-12-08 15:10:15,085 [pool-68-thread-1] INFO  server.RaftServerConfigKeys (ConfUtils.java:logGet(44)) - raft.server.log.queue.byte-limit = 2147483647 (custom)
2020-12-08 15:10:15,085 [pool-68-thread-1] INFO  server.RaftServerConfigKeys (ConfUtils.java:logGet(44)) - raft.server.log.queue.element-limit = 1024 (custom)
2020-12-08 15:10:15,085 [pool-68-thread-1] INFO  server.RaftServerConfigKeys (ConfUtils.java:logGet(44)) - raft.server.log.segment.size.max = 1048576 (custom)
2020-12-08 15:10:15,085 [pool-68-thread-1] INFO  server.RaftServerConfigKeys (ConfUtils.java:logGet(44)) - raft.server.log.preallocated.size = 16384 (custom)
2020-12-08 15:10:15,085 [pool-68-thread-1] INFO  server.RaftServerConfigKeys (ConfUtils.java:logGet(44)) - raft.server.log.write.buffer.size = 1048576 (custom)
2020-12-08 15:10:15,086 [pool-68-thread-1] INFO  server.RaftServerConfigKeys (ConfUtils.java:logGet(44)) - raft.server.log.force.sync.num = 128 (default)
2020-12-08 15:10:15,086 [pool-68-thread-1] INFO  server.RaftServerConfigKeys (ConfUtils.java:logGet(44)) - raft.server.log.statemachine.data.sync = true (default)
2020-12-08 15:10:15,086 [pool-68-thread-1] INFO  server.RaftServerConfigKeys (ConfUtils.java:logGet(44)) - raft.server.log.statemachine.data.sync.timeout = 10s (default)
2020-12-08 15:10:15,086 [pool-68-thread-1] INFO  server.RaftServerConfigKeys (ConfUtils.java:logGet(44)) - raft.server.log.statemachine.data.sync.timeout.retry = -1 (default)
2020-12-08 15:10:15,088 [pool-68-thread-1] INFO  server.RaftServerConfigKeys (ConfUtils.java:logGet(44)) - raft.server.log.statemachine.data.caching.enabled = true (custom)
2020-12-08 15:10:15,088 [pool-68-thread-1] INFO  segmented.SegmentedRaftLogWorker (SegmentedRaftLogWorker.java:lambda$new$0(129)) - 7663c1a7-8e78-41aa-8e93-5b5c17bbe49d@group-D9DBC2D30F98-SegmentedRaftLogWorker: flushIndex: setUnconditionally 0 -> -1
2020-12-08 15:10:15,088 [pool-68-thread-1] INFO  segmented.SegmentedRaftLogWorker (SegmentedRaftLogWorker.java:lambda$new$0(129)) - 7663c1a7-8e78-41aa-8e93-5b5c17bbe49d@group-D9DBC2D30F98-SegmentedRaftLogWorker: safeCacheEvictIndex: setUnconditionally 0 -> -1
2020-12-08 15:10:15,090 [pool-68-thread-1] INFO  server.RaftServerConfigKeys (ConfUtils.java:logGet(44)) - raft.server.snapshot.auto.trigger.enabled = true (custom)
2020-12-08 15:10:15,090 [pool-68-thread-1] INFO  server.RaftServerConfigKeys (ConfUtils.java:logGet(44)) - raft.server.snapshot.auto.trigger.threshold = 10000 (custom)
2020-12-08 15:10:15,090 [pool-68-thread-1] INFO  server.RaftServerConfigKeys (ConfUtils.java:logGet(44)) - raft.server.snapshot.retention.file.num = 5 (custom)
2020-12-08 15:10:15,090 [pool-68-thread-1] INFO  server.RaftServerConfigKeys (ConfUtils.java:logGet(44)) - raft.server.log.purge.upto.snapshot.index = false (default)
2020-12-08 15:10:15,090 [pool-68-thread-1] INFO  server.RaftServerConfigKeys (ConfUtils.java:logGet(44)) - raft.server.retrycache.expirytime = 600000ms (custom)
2020-12-08 15:10:15,090 [pool-68-thread-1] INFO  metrics.RatisMetrics (RatisMetrics.java:lambda$create$0(36)) - Creating Metrics Registry : ratis.leader_election.7663c1a7-8e78-41aa-8e93-5b5c17bbe49d@group-D9DBC2D30F98
2020-12-08 15:10:15,091 [pool-68-thread-1] INFO  metrics.RatisMetrics (RatisMetrics.java:lambda$create$0(36)) - Creating Metrics Registry : ratis.server.7663c1a7-8e78-41aa-8e93-5b5c17bbe49d@group-D9DBC2D30F98
2020-12-08 15:10:15,092 [pool-68-thread-1] INFO  impl.RaftServerImpl (RaftServerImpl.java:start(215)) - 7663c1a7-8e78-41aa-8e93-5b5c17bbe49d@group-D9DBC2D30F98: start as a follower, conf=-1: [7663c1a7-8e78-41aa-8e93-5b5c17bbe49d|rpc:172.17.0.2:37081], old=null
2020-12-08 15:10:15,092 [pool-68-thread-1] INFO  impl.RaftServerImpl (RaftServerImpl.java:setRole(204)) - 7663c1a7-8e78-41aa-8e93-5b5c17bbe49d@group-D9DBC2D30F98: changes role from      null to FOLLOWER at term 0 for startAsFollower
2020-12-08 15:10:15,092 [pool-68-thread-1] INFO  impl.RoleInfo (RoleInfo.java:updateAndGet(143)) - 7663c1a7-8e78-41aa-8e93-5b5c17bbe49d: start 7663c1a7-8e78-41aa-8e93-5b5c17bbe49d@group-D9DBC2D30F98-FollowerState
2020-12-08 15:10:15,098 [pool-68-thread-1] INFO  util.JmxRegister (JmxRegister.java:tryRegister(44)) - Successfully registered JMX Bean with object name Ratis:service=RaftServer,group=group-D9DBC2D30F98,id=7663c1a7-8e78-41aa-8e93-5b5c17bbe49d
2020-12-08 15:10:15,098 [pool-68-thread-1] INFO  metrics.RatisMetrics (RatisMetrics.java:lambda$create$0(36)) - Creating Metrics Registry : ratis.state_machine.7663c1a7-8e78-41aa-8e93-5b5c17bbe49d@group-D9DBC2D30F98
2020-12-08 15:10:15,102 [Command processor thread] INFO  commandhandler.CreatePipelineCommandHandler (CreatePipelineCommandHandler.java:handle(106)) - Created Pipeline RATIS ONE PipelineID=06ccfb30-3a24-4ff5-895c-d9dbc2d30f98.
2020-12-08 15:10:15,102 [Command processor thread] INFO  impl.RaftServerProxy (RaftServerProxy.java:addNew(93)) - 7663c1a7-8e78-41aa-8e93-5b5c17bbe49d: addNew group-3F6DE316E943:[394900d4-f08a-4746-ba22-1c2f81bb7b22|rpc:172.17.0.2:38593, 3af59201-7b7b-400f-8f0b-8d2a065c6fc3|rpc:172.17.0.2:33215, 7663c1a7-8e78-41aa-8e93-5b5c17bbe49d|rpc:172.17.0.2:37081] returns group-3F6DE316E943:java.util.concurrent.CompletableFuture@40b26843[Not completed]
2020-12-08 15:10:15,103 [pool-68-thread-1] INFO  impl.RaftServerImpl (RaftServerImpl.java:<init>(121)) - 7663c1a7-8e78-41aa-8e93-5b5c17bbe49d: new RaftServerImpl for group-3F6DE316E943:[394900d4-f08a-4746-ba22-1c2f81bb7b22|rpc:172.17.0.2:38593, 3af59201-7b7b-400f-8f0b-8d2a065c6fc3|rpc:172.17.0.2:33215, 7663c1a7-8e78-41aa-8e93-5b5c17bbe49d|rpc:172.17.0.2:37081] with ContainerStateMachine:uninitialized
2020-12-08 15:10:15,104 [pool-68-thread-1] INFO  server.RaftServerConfigKeys (ConfUtils.java:logGet(44)) - raft.server.rpc.timeout.min = 5s (custom)
2020-12-08 15:10:15,104 [pool-68-thread-1] INFO  server.RaftServerConfigKeys (ConfUtils.java:logGet(44)) - raft.server.rpc.timeout.max = 5200ms (custom)
2020-12-08 15:10:15,104 [pool-68-thread-1] INFO  server.RaftServerConfigKeys (ConfUtils.java:logGet(44)) - raft.server.rpc.slowness.timeout = 300s (custom)
2020-12-08 15:10:15,104 [pool-68-thread-1] INFO  server.RaftServerConfigKeys (ConfUtils.java:logGet(44)) - raft.server.leaderelection.leader.step-down.wait-time = 10s (default)
2020-12-08 15:10:15,104 [pool-68-thread-1] INFO  server.RaftServerConfigKeys (ConfUtils.java:logGet(44)) - raft.server.sleep.deviation.threshold = 300 (default)
2020-12-08 15:10:15,104 [pool-68-thread-1] INFO  server.RaftServerConfigKeys (ConfUtils.java:logGet(44)) - raft.server.log.appender.install.snapshot.enabled = false (custom)
2020-12-08 15:10:15,104 [pool-68-thread-1] INFO  impl.RaftServerImpl (ServerState.java:<init>(104)) - 7663c1a7-8e78-41aa-8e93-5b5c17bbe49d@group-3F6DE316E943: ConfigurationManager, init=-1: [394900d4-f08a-4746-ba22-1c2f81bb7b22|rpc:172.17.0.2:38593, 3af59201-7b7b-400f-8f0b-8d2a065c6fc3|rpc:172.17.0.2:33215, 7663c1a7-8e78-41aa-8e93-5b5c17bbe49d|rpc:172.17.0.2:37081], old=null, confs=<EMPTY_MAP>
2020-12-08 15:10:15,104 [pool-68-thread-1] INFO  server.RaftServerConfigKeys (ConfUtils.java:logGet(44)) - raft.server.storage.dir = [/github/workspace/mnt/ozone/hadoop-ozone/integration-test/target/test-dir/MiniOzoneClusterImpl-aee58368-5372-437c-a4fb-204c17443453/datanode-0/data/ratis] (custom)
2020-12-08 15:10:15,105 [pool-68-thread-1] INFO  server.RaftServerConfigKeys (ConfUtils.java:logGet(44)) - raft.server.log.corruption.policy = EXCEPTION (default)
2020-12-08 15:10:15,105 [pool-68-thread-1] INFO  storage.RaftStorageDirectory (RaftStorageDirectory.java:analyzeStorage(261)) - The storage directory /github/workspace/mnt/ozone/hadoop-ozone/integration-test/target/test-dir/MiniOzoneClusterImpl-aee58368-5372-437c-a4fb-204c17443453/datanode-0/data/ratis/ee6acdd9-50ff-47bc-9de6-3f6de316e943 does not exist. Creating ...
2020-12-08 15:10:15,109 [pool-68-thread-1] INFO  storage.RaftStorageDirectory (RaftStorageDirectory.java:tryLock(343)) - Lock on /github/workspace/mnt/ozone/hadoop-ozone/integration-test/target/test-dir/MiniOzoneClusterImpl-aee58368-5372-437c-a4fb-204c17443453/datanode-0/data/ratis/ee6acdd9-50ff-47bc-9de6-3f6de316e943/in_use.lock acquired by nodename 19996@ce787eff9c24
2020-12-08 15:10:15,111 [pool-68-thread-1] INFO  storage.RaftStorage (RaftStorage.java:format(85)) - Storage directory /github/workspace/mnt/ozone/hadoop-ozone/integration-test/target/test-dir/MiniOzoneClusterImpl-aee58368-5372-437c-a4fb-204c17443453/datanode-0/data/ratis/ee6acdd9-50ff-47bc-9de6-3f6de316e943 has been successfully formatted.
2020-12-08 15:10:15,113 [pool-68-thread-1] INFO  ratis.ContainerStateMachine (ContainerStateMachine.java:loadSnapshot(225)) - group-3F6DE316E943: The snapshot info is null. Setting the last applied indexto:(t:0, i:~)
2020-12-08 15:10:15,113 [pool-68-thread-1] INFO  server.RaftServerConfigKeys (ConfUtils.java:logGet(44)) - raft.server.notification.no-leader.timeout = 300s (custom)
2020-12-08 15:10:15,113 [pool-68-thread-1] INFO  server.RaftServerConfigKeys (ConfUtils.java:logGet(44)) - raft.server.log.use.memory = false (default)
2020-12-08 15:10:15,113 [EventQueue-OpenPipelineForHealthyPipelineSafeModeRule] INFO  safemode.SCMSafeModeManager (HealthyPipelineSafeModeRule.java:process(128)) - SCM in safe mode. Healthy pipelines reported count is 0, required healthy pipeline reported count is 1
2020-12-08 15:10:15,113 [EventQueue-PipelineReportForOneReplicaPipelineSafeModeRule] INFO  safemode.SCMSafeModeManager (SCMSafeModeManager.java:validateSafeModeExitRules(214)) - AtleastOneDatanodeReportedRule rule is successfully validated
2020-12-08 15:10:15,114 [pool-68-thread-1] INFO  server.RaftServerConfigKeys (ConfUtils.java:logGet(44)) - raft.server.log.purge.gap = 1000000 (custom)
2020-12-08 15:10:15,114 [pool-68-thread-1] INFO  metrics.RatisMetrics (RatisMetrics.java:lambda$create$0(36)) - Creating Metrics Registry : ratis.log_worker.7663c1a7-8e78-41aa-8e93-5b5c17bbe49d@group-3F6DE316E943
2020-12-08 15:10:15,114 [pool-68-thread-1] INFO  server.RaftServerConfigKeys (ConfUtils.java:logGet(44)) - raft.server.log.appender.buffer.byte-limit = 33554432 (custom)
2020-12-08 15:10:15,114 [pool-68-thread-1] INFO  server.RaftServerConfigKeys (ConfUtils.java:logGet(44)) - raft.server.log.segment.size.max = 1048576 (custom)
2020-12-08 15:10:15,115 [pool-68-thread-1] INFO  server.RaftServerConfigKeys (ConfUtils.java:logGet(44)) - raft.server.log.segment.cache.num.max = 2 (custom)
2020-12-08 15:10:15,115 [pool-68-thread-1] INFO  segmented.SegmentedRaftLogWorker (SegmentedRaftLogWorker.java:<init>(180)) - new 7663c1a7-8e78-41aa-8e93-5b5c17bbe49d@group-3F6DE316E943-SegmentedRaftLogWorker for RaftStorage:Storage Directory /github/workspace/mnt/ozone/hadoop-ozone/integration-test/target/test-dir/MiniOzoneClusterImpl-aee58368-5372-437c-a4fb-204c17443453/datanode-0/data/ratis/ee6acdd9-50ff-47bc-9de6-3f6de316e943
2020-12-08 15:10:15,115 [pool-68-thread-1] INFO  server.RaftServerConfigKeys (ConfUtils.java:logGet(44)) - raft.server.log.queue.byte-limit = 2147483647 (custom)
2020-12-08 15:10:15,115 [pool-68-thread-1] INFO  server.RaftServerConfigKeys (ConfUtils.java:logGet(44)) - raft.server.log.queue.element-limit = 1024 (custom)
2020-12-08 15:10:15,116 [pool-68-thread-1] INFO  server.RaftServerConfigKeys (ConfUtils.java:logGet(44)) - raft.server.log.segment.size.max = 1048576 (custom)
2020-12-08 15:10:15,116 [pool-68-thread-1] INFO  server.RaftServerConfigKeys (ConfUtils.java:logGet(44)) - raft.server.log.preallocated.size = 16384 (custom)
2020-12-08 15:10:15,116 [pool-68-thread-1] INFO  server.RaftServerConfigKeys (ConfUtils.java:logGet(44)) - raft.server.log.write.buffer.size = 1048576 (custom)
2020-12-08 15:10:15,116 [pool-68-thread-1] INFO  server.RaftServerConfigKeys (ConfUtils.java:logGet(44)) - raft.server.log.force.sync.num = 128 (default)
2020-12-08 15:10:15,116 [pool-68-thread-1] INFO  server.RaftServerConfigKeys (ConfUtils.java:logGet(44)) - raft.server.log.statemachine.data.sync = true (default)
2020-12-08 15:10:15,116 [pool-68-thread-1] INFO  server.RaftServerConfigKeys (ConfUtils.java:logGet(44)) - raft.server.log.statemachine.data.sync.timeout = 10s (default)
2020-12-08 15:10:15,116 [pool-68-thread-1] INFO  server.RaftServerConfigKeys (ConfUtils.java:logGet(44)) - raft.server.log.statemachine.data.sync.timeout.retry = -1 (default)
2020-12-08 15:10:15,118 [pool-68-thread-1] INFO  server.RaftServerConfigKeys (ConfUtils.java:logGet(44)) - raft.server.log.statemachine.data.caching.enabled = true (custom)
2020-12-08 15:10:15,119 [pool-68-thread-1] INFO  segmented.SegmentedRaftLogWorker (SegmentedRaftLogWorker.java:lambda$new$0(129)) - 7663c1a7-8e78-41aa-8e93-5b5c17bbe49d@group-3F6DE316E943-SegmentedRaftLogWorker: flushIndex: setUnconditionally 0 -> -1
2020-12-08 15:10:15,119 [pool-68-thread-1] INFO  segmented.SegmentedRaftLogWorker (SegmentedRaftLogWorker.java:lambda$new$0(129)) - 7663c1a7-8e78-41aa-8e93-5b5c17bbe49d@group-3F6DE316E943-SegmentedRaftLogWorker: safeCacheEvictIndex: setUnconditionally 0 -> -1
2020-12-08 15:10:15,121 [pool-68-thread-1] INFO  server.RaftServerConfigKeys (ConfUtils.java:logGet(44)) - raft.server.snapshot.auto.trigger.enabled = true (custom)
2020-12-08 15:10:15,122 [pool-68-thread-1] INFO  server.RaftServerConfigKeys (ConfUtils.java:logGet(44)) - raft.server.snapshot.auto.trigger.threshold = 10000 (custom)
2020-12-08 15:10:15,122 [pool-68-thread-1] INFO  server.RaftServerConfigKeys (ConfUtils.java:logGet(44)) - raft.server.snapshot.retention.file.num = 5 (custom)
2020-12-08 15:10:15,122 [pool-68-thread-1] INFO  server.RaftServerConfigKeys (ConfUtils.java:logGet(44)) - raft.server.log.purge.upto.snapshot.index = false (default)
2020-12-08 15:10:15,122 [pool-68-thread-1] INFO  server.RaftServerConfigKeys (ConfUtils.java:logGet(44)) - raft.server.retrycache.expirytime = 600000ms (custom)
2020-12-08 15:10:15,122 [pool-68-thread-1] INFO  metrics.RatisMetrics (RatisMetrics.java:lambda$create$0(36)) - Creating Metrics Registry : ratis.leader_election.7663c1a7-8e78-41aa-8e93-5b5c17bbe49d@group-3F6DE316E943
2020-12-08 15:10:15,123 [pool-68-thread-1] INFO  metrics.RatisMetrics (RatisMetrics.java:lambda$create$0(36)) - Creating Metrics Registry : ratis.server.7663c1a7-8e78-41aa-8e93-5b5c17bbe49d@group-3F6DE316E943
2020-12-08 15:10:15,124 [pool-68-thread-1] INFO  impl.RaftServerImpl (RaftServerImpl.java:start(215)) - 7663c1a7-8e78-41aa-8e93-5b5c17bbe49d@group-3F6DE316E943: start as a follower, conf=-1: [394900d4-f08a-4746-ba22-1c2f81bb7b22|rpc:172.17.0.2:38593, 3af59201-7b7b-400f-8f0b-8d2a065c6fc3|rpc:172.17.0.2:33215, 7663c1a7-8e78-41aa-8e93-5b5c17bbe49d|rpc:172.17.0.2:37081], old=null
2020-12-08 15:10:15,124 [pool-68-thread-1] INFO  impl.RaftServerImpl (RaftServerImpl.java:setRole(204)) - 7663c1a7-8e78-41aa-8e93-5b5c17bbe49d@group-3F6DE316E943: changes role from      null to FOLLOWER at term 0 for startAsFollower
2020-12-08 15:10:15,124 [pool-68-thread-1] INFO  impl.RoleInfo (RoleInfo.java:updateAndGet(143)) - 7663c1a7-8e78-41aa-8e93-5b5c17bbe49d: start 7663c1a7-8e78-41aa-8e93-5b5c17bbe49d@group-3F6DE316E943-FollowerState
2020-12-08 15:10:15,125 [pool-68-thread-1] INFO  util.JmxRegister (JmxRegister.java:tryRegister(44)) - Successfully registered JMX Bean with object name Ratis:service=RaftServer,group=group-3F6DE316E943,id=7663c1a7-8e78-41aa-8e93-5b5c17bbe49d
2020-12-08 15:10:15,125 [pool-68-thread-1] INFO  metrics.RatisMetrics (RatisMetrics.java:lambda$create$0(36)) - Creating Metrics Registry : ratis.state_machine.7663c1a7-8e78-41aa-8e93-5b5c17bbe49d@group-3F6DE316E943
2020-12-08 15:10:15,156 [Command processor thread] INFO  metrics.RatisMetrics (RatisMetrics.java:lambda$create$0(36)) - Creating Metrics Registry : ratis.client_message_metrics.client-4885C6824602->394900d4-f08a-4746-ba22-1c2f81bb7b22
2020-12-08 15:10:15,177 [grpc-default-executor-0] INFO  metrics.RatisMetrics (RatisMetrics.java:lambda$create$0(36)) - Creating Metrics Registry : ratis.server_message_metrics.394900d4-f08a-4746-ba22-1c2f81bb7b22
2020-12-08 15:10:15,183 [grpc-default-executor-0] INFO  impl.RaftServerProxy (RaftServerProxy.java:addNew(93)) - 394900d4-f08a-4746-ba22-1c2f81bb7b22: addNew group-3F6DE316E943:[394900d4-f08a-4746-ba22-1c2f81bb7b22|rpc:172.17.0.2:38593|dataStream:, 3af59201-7b7b-400f-8f0b-8d2a065c6fc3|rpc:172.17.0.2:33215|dataStream:, 7663c1a7-8e78-41aa-8e93-5b5c17bbe49d|rpc:172.17.0.2:37081|dataStream:] returns group-3F6DE316E943:java.util.concurrent.CompletableFuture@12d394c0[Not completed]
2020-12-08 15:10:15,191 [pool-83-thread-1] INFO  impl.RaftServerImpl (RaftServerImpl.java:<init>(121)) - 394900d4-f08a-4746-ba22-1c2f81bb7b22: new RaftServerImpl for group-3F6DE316E943:[394900d4-f08a-4746-ba22-1c2f81bb7b22|rpc:172.17.0.2:38593|dataStream:, 3af59201-7b7b-400f-8f0b-8d2a065c6fc3|rpc:172.17.0.2:33215|dataStream:, 7663c1a7-8e78-41aa-8e93-5b5c17bbe49d|rpc:172.17.0.2:37081|dataStream:] with ContainerStateMachine:uninitialized
2020-12-08 15:10:15,192 [pool-83-thread-1] INFO  server.RaftServerConfigKeys (ConfUtils.java:logGet(44)) - raft.server.rpc.timeout.min = 5s (custom)
2020-12-08 15:10:15,192 [pool-83-thread-1] INFO  server.RaftServerConfigKeys (ConfUtils.java:logGet(44)) - raft.server.rpc.timeout.max = 5200ms (custom)
2020-12-08 15:10:15,193 [pool-83-thread-1] INFO  server.RaftServerConfigKeys (ConfUtils.java:logGet(44)) - raft.server.rpc.slowness.timeout = 300s (custom)
2020-12-08 15:10:15,193 [pool-83-thread-1] INFO  server.RaftServerConfigKeys (ConfUtils.java:logGet(44)) - raft.server.leaderelection.leader.step-down.wait-time = 10s (default)
2020-12-08 15:10:15,193 [pool-83-thread-1] INFO  server.RaftServerConfigKeys (ConfUtils.java:logGet(44)) - raft.server.sleep.deviation.threshold = 300 (default)
2020-12-08 15:10:15,193 [pool-83-thread-1] INFO  server.RaftServerConfigKeys (ConfUtils.java:logGet(44)) - raft.server.log.appender.install.snapshot.enabled = false (custom)
2020-12-08 15:10:15,193 [pool-83-thread-1] INFO  impl.RaftServerImpl (ServerState.java:<init>(104)) - 394900d4-f08a-4746-ba22-1c2f81bb7b22@group-3F6DE316E943: ConfigurationManager, init=-1: [394900d4-f08a-4746-ba22-1c2f81bb7b22|rpc:172.17.0.2:38593|dataStream:, 3af59201-7b7b-400f-8f0b-8d2a065c6fc3|rpc:172.17.0.2:33215|dataStream:, 7663c1a7-8e78-41aa-8e93-5b5c17bbe49d|rpc:172.17.0.2:37081|dataStream:], old=null, confs=<EMPTY_MAP>
2020-12-08 15:10:15,194 [pool-83-thread-1] INFO  server.RaftServerConfigKeys (ConfUtils.java:logGet(44)) - raft.server.storage.dir = [/github/workspace/mnt/ozone/hadoop-ozone/integration-test/target/test-dir/MiniOzoneClusterImpl-aee58368-5372-437c-a4fb-204c17443453/datanode-1/data/ratis] (custom)
2020-12-08 15:10:15,194 [pool-83-thread-1] INFO  server.RaftServerConfigKeys (ConfUtils.java:logGet(44)) - raft.server.log.corruption.policy = EXCEPTION (default)
2020-12-08 15:10:15,194 [pool-83-thread-1] INFO  storage.RaftStorageDirectory (RaftStorageDirectory.java:analyzeStorage(261)) - The storage directory /github/workspace/mnt/ozone/hadoop-ozone/integration-test/target/test-dir/MiniOzoneClusterImpl-aee58368-5372-437c-a4fb-204c17443453/datanode-1/data/ratis/ee6acdd9-50ff-47bc-9de6-3f6de316e943 does not exist. Creating ...
2020-12-08 15:10:15,196 [pool-83-thread-1] INFO  storage.RaftStorageDirectory (RaftStorageDirectory.java:tryLock(343)) - Lock on /github/workspace/mnt/ozone/hadoop-ozone/integration-test/target/test-dir/MiniOzoneClusterImpl-aee58368-5372-437c-a4fb-204c17443453/datanode-1/data/ratis/ee6acdd9-50ff-47bc-9de6-3f6de316e943/in_use.lock acquired by nodename 19996@ce787eff9c24
2020-12-08 15:10:15,197 [pool-83-thread-1] INFO  storage.RaftStorage (RaftStorage.java:format(85)) - Storage directory /github/workspace/mnt/ozone/hadoop-ozone/integration-test/target/test-dir/MiniOzoneClusterImpl-aee58368-5372-437c-a4fb-204c17443453/datanode-1/data/ratis/ee6acdd9-50ff-47bc-9de6-3f6de316e943 has been successfully formatted.
2020-12-08 15:10:15,201 [EventQueue-PipelineReportForOneReplicaPipelineSafeModeRule] INFO  safemode.SCMSafeModeManager (SCMSafeModeManager.java:validateSafeModeExitRules(214)) - AtleastOneDatanodeReportedRule rule is successfully validated
2020-12-08 15:10:15,198 [pool-83-thread-1] INFO  ratis.ContainerStateMachine (ContainerStateMachine.java:loadSnapshot(225)) - group-3F6DE316E943: The snapshot info is null. Setting the last applied indexto:(t:0, i:~)
2020-12-08 15:10:15,202 [pool-83-thread-1] INFO  server.RaftServerConfigKeys (ConfUtils.java:logGet(44)) - raft.server.notification.no-leader.timeout = 300s (custom)
2020-12-08 15:10:15,203 [pool-83-thread-1] INFO  server.RaftServerConfigKeys (ConfUtils.java:logGet(44)) - raft.server.log.use.memory = false (default)
2020-12-08 15:10:15,203 [pool-83-thread-1] INFO  server.RaftServerConfigKeys (ConfUtils.java:logGet(44)) - raft.server.log.purge.gap = 1000000 (custom)
2020-12-08 15:10:15,203 [pool-83-thread-1] INFO  metrics.RatisMetrics (RatisMetrics.java:lambda$create$0(36)) - Creating Metrics Registry : ratis.log_worker.394900d4-f08a-4746-ba22-1c2f81bb7b22@group-3F6DE316E943
2020-12-08 15:10:15,203 [pool-83-thread-1] INFO  server.RaftServerConfigKeys (ConfUtils.java:logGet(44)) - raft.server.log.appender.buffer.byte-limit = 33554432 (custom)
2020-12-08 15:10:15,203 [pool-83-thread-1] INFO  server.RaftServerConfigKeys (ConfUtils.java:logGet(44)) - raft.server.log.segment.size.max = 1048576 (custom)
2020-12-08 15:10:15,204 [pool-83-thread-1] INFO  server.RaftServerConfigKeys (ConfUtils.java:logGet(44)) - raft.server.log.segment.cache.num.max = 2 (custom)
2020-12-08 15:10:15,206 [pool-83-thread-1] INFO  segmented.SegmentedRaftLogWorker (SegmentedRaftLogWorker.java:<init>(180)) - new 394900d4-f08a-4746-ba22-1c2f81bb7b22@group-3F6DE316E943-SegmentedRaftLogWorker for RaftStorage:Storage Directory /github/workspace/mnt/ozone/hadoop-ozone/integration-test/target/test-dir/MiniOzoneClusterImpl-aee58368-5372-437c-a4fb-204c17443453/datanode-1/data/ratis/ee6acdd9-50ff-47bc-9de6-3f6de316e943
2020-12-08 15:10:15,206 [pool-83-thread-1] INFO  server.RaftServerConfigKeys (ConfUtils.java:logGet(44)) - raft.server.log.queue.byte-limit = 2147483647 (custom)
2020-12-08 15:10:15,206 [pool-83-thread-1] INFO  server.RaftServerConfigKeys (ConfUtils.java:logGet(44)) - raft.server.log.queue.element-limit = 1024 (custom)
2020-12-08 15:10:15,206 [pool-83-thread-1] INFO  server.RaftServerConfigKeys (ConfUtils.java:logGet(44)) - raft.server.log.segment.size.max = 1048576 (custom)
2020-12-08 15:10:15,206 [pool-83-thread-1] INFO  server.RaftServerConfigKeys (ConfUtils.java:logGet(44)) - raft.server.log.preallocated.size = 16384 (custom)
2020-12-08 15:10:15,206 [pool-83-thread-1] INFO  server.RaftServerConfigKeys (ConfUtils.java:logGet(44)) - raft.server.log.write.buffer.size = 1048576 (custom)
2020-12-08 15:10:15,206 [pool-83-thread-1] INFO  server.RaftServerConfigKeys (ConfUtils.java:logGet(44)) - raft.server.log.force.sync.num = 128 (default)
2020-12-08 15:10:15,207 [pool-83-thread-1] INFO  server.RaftServerConfigKeys (ConfUtils.java:logGet(44)) - raft.server.log.statemachine.data.sync = true (default)
2020-12-08 15:10:15,207 [pool-83-thread-1] INFO  server.RaftServerConfigKeys (ConfUtils.java:logGet(44)) - raft.server.log.statemachine.data.sync.timeout = 10s (default)
2020-12-08 15:10:15,207 [pool-83-thread-1] INFO  server.RaftServerConfigKeys (ConfUtils.java:logGet(44)) - raft.server.log.statemachine.data.sync.timeout.retry = -1 (default)
2020-12-08 15:10:15,209 [pool-83-thread-1] INFO  server.RaftServerConfigKeys (ConfUtils.java:logGet(44)) - raft.server.log.statemachine.data.caching.enabled = true (custom)
2020-12-08 15:10:15,209 [pool-83-thread-1] INFO  segmented.SegmentedRaftLogWorker (SegmentedRaftLogWorker.java:lambda$new$0(129)) - 394900d4-f08a-4746-ba22-1c2f81bb7b22@group-3F6DE316E943-SegmentedRaftLogWorker: flushIndex: setUnconditionally 0 -> -1
2020-12-08 15:10:15,213 [pool-83-thread-1] INFO  segmented.SegmentedRaftLogWorker (SegmentedRaftLogWorker.java:lambda$new$0(129)) - 394900d4-f08a-4746-ba22-1c2f81bb7b22@group-3F6DE316E943-SegmentedRaftLogWorker: safeCacheEvictIndex: setUnconditionally 0 -> -1
2020-12-08 15:10:15,214 [pool-83-thread-1] INFO  server.RaftServerConfigKeys (ConfUtils.java:logGet(44)) - raft.server.snapshot.auto.trigger.enabled = true (custom)
2020-12-08 15:10:15,214 [pool-83-thread-1] INFO  server.RaftServerConfigKeys (ConfUtils.java:logGet(44)) - raft.server.snapshot.auto.trigger.threshold = 10000 (custom)
2020-12-08 15:10:15,214 [pool-83-thread-1] INFO  server.RaftServerConfigKeys (ConfUtils.java:logGet(44)) - raft.server.snapshot.retention.file.num = 5 (custom)
2020-12-08 15:10:15,214 [pool-83-thread-1] INFO  server.RaftServerConfigKeys (ConfUtils.java:logGet(44)) - raft.server.log.purge.upto.snapshot.index = false (default)
2020-12-08 15:10:15,214 [pool-83-thread-1] INFO  server.RaftServerConfigKeys (ConfUtils.java:logGet(44)) - raft.server.retrycache.expirytime = 600000ms (custom)
2020-12-08 15:10:15,215 [pool-83-thread-1] INFO  metrics.RatisMetrics (RatisMetrics.java:lambda$create$0(36)) - Creating Metrics Registry : ratis.leader_election.394900d4-f08a-4746-ba22-1c2f81bb7b22@group-3F6DE316E943
2020-12-08 15:10:15,215 [pool-83-thread-1] INFO  metrics.RatisMetrics (RatisMetrics.java:lambda$create$0(36)) - Creating Metrics Registry : ratis.server.394900d4-f08a-4746-ba22-1c2f81bb7b22@group-3F6DE316E943
2020-12-08 15:10:15,216 [pool-83-thread-1] INFO  impl.RaftServerImpl (RaftServerImpl.java:start(215)) - 394900d4-f08a-4746-ba22-1c2f81bb7b22@group-3F6DE316E943: start as a follower, conf=-1: [394900d4-f08a-4746-ba22-1c2f81bb7b22|rpc:172.17.0.2:38593|dataStream:, 3af59201-7b7b-400f-8f0b-8d2a065c6fc3|rpc:172.17.0.2:33215|dataStream:, 7663c1a7-8e78-41aa-8e93-5b5c17bbe49d|rpc:172.17.0.2:37081|dataStream:], old=null
2020-12-08 15:10:15,217 [pool-83-thread-1] INFO  impl.RaftServerImpl (RaftServerImpl.java:setRole(204)) - 394900d4-f08a-4746-ba22-1c2f81bb7b22@group-3F6DE316E943: changes role from      null to FOLLOWER at term 0 for startAsFollower
2020-12-08 15:10:15,217 [pool-83-thread-1] INFO  impl.RoleInfo (RoleInfo.java:updateAndGet(143)) - 394900d4-f08a-4746-ba22-1c2f81bb7b22: start 394900d4-f08a-4746-ba22-1c2f81bb7b22@group-3F6DE316E943-FollowerState
2020-12-08 15:10:15,217 [org.apache.ratis.server.JvmPauseMonitor@41feddaf-Monitor] WARN  server.JvmPauseMonitor (JvmPauseMonitor.java:run(141)) - Detected pause in JVM or host machine (eg GC): pause of approximately 2ms
GC pool 'PS MarkSweep' had collection(s): count=1 time=127ms
GC pool 'PS Scavenge' had collection(s): count=1 time=16ms
2020-12-08 15:10:15,218 [pool-83-thread-1] INFO  util.JmxRegister (JmxRegister.java:tryRegister(44)) - Successfully registered JMX Bean with object name Ratis:service=RaftServer,group=group-3F6DE316E943,id=394900d4-f08a-4746-ba22-1c2f81bb7b22
2020-12-08 15:10:15,218 [pool-83-thread-1] INFO  metrics.RatisMetrics (RatisMetrics.java:lambda$create$0(36)) - Creating Metrics Registry : ratis.state_machine.394900d4-f08a-4746-ba22-1c2f81bb7b22@group-3F6DE316E943
2020-12-08 15:10:15,243 [Command processor thread] INFO  metrics.RatisMetrics (RatisMetrics.java:lambda$create$0(36)) - Creating Metrics Registry : ratis.client_message_metrics.client-4F7CC3D1F7A2->3af59201-7b7b-400f-8f0b-8d2a065c6fc3
2020-12-08 15:10:15,250 [grpc-default-executor-0] INFO  metrics.RatisMetrics (RatisMetrics.java:lambda$create$0(36)) - Creating Metrics Registry : ratis.server_message_metrics.3af59201-7b7b-400f-8f0b-8d2a065c6fc3
2020-12-08 15:10:15,252 [grpc-default-executor-0] INFO  impl.RaftServerProxy (RaftServerProxy.java:addNew(93)) - 3af59201-7b7b-400f-8f0b-8d2a065c6fc3: addNew group-3F6DE316E943:[394900d4-f08a-4746-ba22-1c2f81bb7b22|rpc:172.17.0.2:38593|dataStream:, 3af59201-7b7b-400f-8f0b-8d2a065c6fc3|rpc:172.17.0.2:33215|dataStream:, 7663c1a7-8e78-41aa-8e93-5b5c17bbe49d|rpc:172.17.0.2:37081|dataStream:] returns group-3F6DE316E943:java.util.concurrent.CompletableFuture@106caa84[Not completed]
2020-12-08 15:10:15,260 [pool-100-thread-1] INFO  impl.RaftServerImpl (RaftServerImpl.java:<init>(121)) - 3af59201-7b7b-400f-8f0b-8d2a065c6fc3: new RaftServerImpl for group-3F6DE316E943:[394900d4-f08a-4746-ba22-1c2f81bb7b22|rpc:172.17.0.2:38593|dataStream:, 3af59201-7b7b-400f-8f0b-8d2a065c6fc3|rpc:172.17.0.2:33215|dataStream:, 7663c1a7-8e78-41aa-8e93-5b5c17bbe49d|rpc:172.17.0.2:37081|dataStream:] with ContainerStateMachine:uninitialized
2020-12-08 15:10:15,260 [pool-100-thread-1] INFO  server.RaftServerConfigKeys (ConfUtils.java:logGet(44)) - raft.server.rpc.timeout.min = 5s (custom)
2020-12-08 15:10:15,260 [pool-100-thread-1] INFO  server.RaftServerConfigKeys (ConfUtils.java:logGet(44)) - raft.server.rpc.timeout.max = 5200ms (custom)
2020-12-08 15:10:15,260 [pool-100-thread-1] INFO  server.RaftServerConfigKeys (ConfUtils.java:logGet(44)) - raft.server.rpc.slowness.timeout = 300s (custom)
2020-12-08 15:10:15,260 [pool-100-thread-1] INFO  server.RaftServerConfigKeys (ConfUtils.java:logGet(44)) - raft.server.leaderelection.leader.step-down.wait-time = 10s (default)
2020-12-08 15:10:15,260 [pool-100-thread-1] INFO  server.RaftServerConfigKeys (ConfUtils.java:logGet(44)) - raft.server.sleep.deviation.threshold = 300 (default)
2020-12-08 15:10:15,260 [pool-100-thread-1] INFO  server.RaftServerConfigKeys (ConfUtils.java:logGet(44)) - raft.server.log.appender.install.snapshot.enabled = false (custom)
2020-12-08 15:10:15,260 [pool-100-thread-1] INFO  impl.RaftServerImpl (ServerState.java:<init>(104)) - 3af59201-7b7b-400f-8f0b-8d2a065c6fc3@group-3F6DE316E943: ConfigurationManager, init=-1: [394900d4-f08a-4746-ba22-1c2f81bb7b22|rpc:172.17.0.2:38593|dataStream:, 3af59201-7b7b-400f-8f0b-8d2a065c6fc3|rpc:172.17.0.2:33215|dataStream:, 7663c1a7-8e78-41aa-8e93-5b5c17bbe49d|rpc:172.17.0.2:37081|dataStream:], old=null, confs=<EMPTY_MAP>
2020-12-08 15:10:15,261 [pool-100-thread-1] INFO  server.RaftServerConfigKeys (ConfUtils.java:logGet(44)) - raft.server.storage.dir = [/github/workspace/mnt/ozone/hadoop-ozone/integration-test/target/test-dir/MiniOzoneClusterImpl-aee58368-5372-437c-a4fb-204c17443453/datanode-2/data/ratis] (custom)
2020-12-08 15:10:15,261 [pool-100-thread-1] INFO  server.RaftServerConfigKeys (ConfUtils.java:logGet(44)) - raft.server.log.corruption.policy = EXCEPTION (default)
2020-12-08 15:10:15,261 [pool-100-thread-1] INFO  storage.RaftStorageDirectory (RaftStorageDirectory.java:analyzeStorage(261)) - The storage directory /github/workspace/mnt/ozone/hadoop-ozone/integration-test/target/test-dir/MiniOzoneClusterImpl-aee58368-5372-437c-a4fb-204c17443453/datanode-2/data/ratis/ee6acdd9-50ff-47bc-9de6-3f6de316e943 does not exist. Creating ...
2020-12-08 15:10:15,262 [pool-100-thread-1] INFO  storage.RaftStorageDirectory (RaftStorageDirectory.java:tryLock(343)) - Lock on /github/workspace/mnt/ozone/hadoop-ozone/integration-test/target/test-dir/MiniOzoneClusterImpl-aee58368-5372-437c-a4fb-204c17443453/datanode-2/data/ratis/ee6acdd9-50ff-47bc-9de6-3f6de316e943/in_use.lock acquired by nodename 19996@ce787eff9c24
2020-12-08 15:10:15,263 [pool-100-thread-1] INFO  storage.RaftStorage (RaftStorage.java:format(85)) - Storage directory /github/workspace/mnt/ozone/hadoop-ozone/integration-test/target/test-dir/MiniOzoneClusterImpl-aee58368-5372-437c-a4fb-204c17443453/datanode-2/data/ratis/ee6acdd9-50ff-47bc-9de6-3f6de316e943 has been successfully formatted.
2020-12-08 15:10:15,264 [pool-100-thread-1] INFO  ratis.ContainerStateMachine (ContainerStateMachine.java:loadSnapshot(225)) - group-3F6DE316E943: The snapshot info is null. Setting the last applied indexto:(t:0, i:~)
2020-12-08 15:10:15,264 [pool-100-thread-1] INFO  server.RaftServerConfigKeys (ConfUtils.java:logGet(44)) - raft.server.notification.no-leader.timeout = 300s (custom)
2020-12-08 15:10:15,264 [pool-100-thread-1] INFO  server.RaftServerConfigKeys (ConfUtils.java:logGet(44)) - raft.server.log.use.memory = false (default)
2020-12-08 15:10:15,265 [pool-100-thread-1] INFO  server.RaftServerConfigKeys (ConfUtils.java:logGet(44)) - raft.server.log.purge.gap = 1000000 (custom)
2020-12-08 15:10:15,266 [pool-100-thread-1] INFO  metrics.RatisMetrics (RatisMetrics.java:lambda$create$0(36)) - Creating Metrics Registry : ratis.log_worker.3af59201-7b7b-400f-8f0b-8d2a065c6fc3@group-3F6DE316E943
2020-12-08 15:10:15,266 [pool-100-thread-1] INFO  server.RaftServerConfigKeys (ConfUtils.java:logGet(44)) - raft.server.log.appender.buffer.byte-limit = 33554432 (custom)
2020-12-08 15:10:15,266 [pool-100-thread-1] INFO  server.RaftServerConfigKeys (ConfUtils.java:logGet(44)) - raft.server.log.segment.size.max = 1048576 (custom)
2020-12-08 15:10:15,266 [pool-100-thread-1] INFO  server.RaftServerConfigKeys (ConfUtils.java:logGet(44)) - raft.server.log.segment.cache.num.max = 2 (custom)
2020-12-08 15:10:15,267 [pool-100-thread-1] INFO  segmented.SegmentedRaftLogWorker (SegmentedRaftLogWorker.java:<init>(180)) - new 3af59201-7b7b-400f-8f0b-8d2a065c6fc3@group-3F6DE316E943-SegmentedRaftLogWorker for RaftStorage:Storage Directory /github/workspace/mnt/ozone/hadoop-ozone/integration-test/target/test-dir/MiniOzoneClusterImpl-aee58368-5372-437c-a4fb-204c17443453/datanode-2/data/ratis/ee6acdd9-50ff-47bc-9de6-3f6de316e943
2020-12-08 15:10:15,267 [pool-100-thread-1] INFO  server.RaftServerConfigKeys (ConfUtils.java:logGet(44)) - raft.server.log.queue.byte-limit = 2147483647 (custom)
2020-12-08 15:10:15,267 [pool-100-thread-1] INFO  server.RaftServerConfigKeys (ConfUtils.java:logGet(44)) - raft.server.log.queue.element-limit = 1024 (custom)
2020-12-08 15:10:15,267 [pool-100-thread-1] INFO  server.RaftServerConfigKeys (ConfUtils.java:logGet(44)) - raft.server.log.segment.size.max = 1048576 (custom)
2020-12-08 15:10:15,267 [pool-100-thread-1] INFO  server.RaftServerConfigKeys (ConfUtils.java:logGet(44)) - raft.server.log.preallocated.size = 16384 (custom)
2020-12-08 15:10:15,267 [pool-100-thread-1] INFO  server.RaftServerConfigKeys (ConfUtils.java:logGet(44)) - raft.server.log.write.buffer.size = 1048576 (custom)
2020-12-08 15:10:15,267 [pool-100-thread-1] INFO  server.RaftServerConfigKeys (ConfUtils.java:logGet(44)) - raft.server.log.force.sync.num = 128 (default)
2020-12-08 15:10:15,267 [pool-100-thread-1] INFO  server.RaftServerConfigKeys (ConfUtils.java:logGet(44)) - raft.server.log.statemachine.data.sync = true (default)
2020-12-08 15:10:15,268 [EventQueue-PipelineReportForOneReplicaPipelineSafeModeRule] INFO  safemode.SCMSafeModeManager (SCMSafeModeManager.java:validateSafeModeExitRules(214)) - AtleastOneDatanodeReportedRule rule is successfully validated
2020-12-08 15:10:15,270 [pool-100-thread-1] INFO  server.RaftServerConfigKeys (ConfUtils.java:logGet(44)) - raft.server.log.statemachine.data.sync.timeout = 10s (default)
2020-12-08 15:10:15,270 [pool-100-thread-1] INFO  server.RaftServerConfigKeys (ConfUtils.java:logGet(44)) - raft.server.log.statemachine.data.sync.timeout.retry = -1 (default)
2020-12-08 15:10:15,273 [pool-100-thread-1] INFO  server.RaftServerConfigKeys (ConfUtils.java:logGet(44)) - raft.server.log.statemachine.data.caching.enabled = true (custom)
2020-12-08 15:10:15,273 [pool-100-thread-1] INFO  segmented.SegmentedRaftLogWorker (SegmentedRaftLogWorker.java:lambda$new$0(129)) - 3af59201-7b7b-400f-8f0b-8d2a065c6fc3@group-3F6DE316E943-SegmentedRaftLogWorker: flushIndex: setUnconditionally 0 -> -1
2020-12-08 15:10:15,273 [pool-100-thread-1] INFO  segmented.SegmentedRaftLogWorker (SegmentedRaftLogWorker.java:lambda$new$0(129)) - 3af59201-7b7b-400f-8f0b-8d2a065c6fc3@group-3F6DE316E943-SegmentedRaftLogWorker: safeCacheEvictIndex: setUnconditionally 0 -> -1
2020-12-08 15:10:15,281 [pool-100-thread-1] INFO  server.RaftServerConfigKeys (ConfUtils.java:logGet(44)) - raft.server.snapshot.auto.trigger.enabled = true (custom)
2020-12-08 15:10:15,282 [pool-100-thread-1] INFO  server.RaftServerConfigKeys (ConfUtils.java:logGet(44)) - raft.server.snapshot.auto.trigger.threshold = 10000 (custom)
2020-12-08 15:10:15,282 [pool-100-thread-1] INFO  server.RaftServerConfigKeys (ConfUtils.java:logGet(44)) - raft.server.snapshot.retention.file.num = 5 (custom)
2020-12-08 15:10:15,282 [pool-100-thread-1] INFO  server.RaftServerConfigKeys (ConfUtils.java:logGet(44)) - raft.server.log.purge.upto.snapshot.index = false (default)
2020-12-08 15:10:15,282 [pool-100-thread-1] INFO  server.RaftServerConfigKeys (ConfUtils.java:logGet(44)) - raft.server.retrycache.expirytime = 600000ms (custom)
2020-12-08 15:10:15,282 [pool-100-thread-1] INFO  metrics.RatisMetrics (RatisMetrics.java:lambda$create$0(36)) - Creating Metrics Registry : ratis.leader_election.3af59201-7b7b-400f-8f0b-8d2a065c6fc3@group-3F6DE316E943
2020-12-08 15:10:15,283 [pool-100-thread-1] INFO  metrics.RatisMetrics (RatisMetrics.java:lambda$create$0(36)) - Creating Metrics Registry : ratis.server.3af59201-7b7b-400f-8f0b-8d2a065c6fc3@group-3F6DE316E943
2020-12-08 15:10:15,283 [pool-100-thread-1] INFO  impl.RaftServerImpl (RaftServerImpl.java:start(215)) - 3af59201-7b7b-400f-8f0b-8d2a065c6fc3@group-3F6DE316E943: start as a follower, conf=-1: [394900d4-f08a-4746-ba22-1c2f81bb7b22|rpc:172.17.0.2:38593|dataStream:, 3af59201-7b7b-400f-8f0b-8d2a065c6fc3|rpc:172.17.0.2:33215|dataStream:, 7663c1a7-8e78-41aa-8e93-5b5c17bbe49d|rpc:172.17.0.2:37081|dataStream:], old=null
2020-12-08 15:10:15,284 [pool-100-thread-1] INFO  impl.RaftServerImpl (RaftServerImpl.java:setRole(204)) - 3af59201-7b7b-400f-8f0b-8d2a065c6fc3@group-3F6DE316E943: changes role from      null to FOLLOWER at term 0 for startAsFollower
2020-12-08 15:10:15,284 [pool-100-thread-1] INFO  impl.RoleInfo (RoleInfo.java:updateAndGet(143)) - 3af59201-7b7b-400f-8f0b-8d2a065c6fc3: start 3af59201-7b7b-400f-8f0b-8d2a065c6fc3@group-3F6DE316E943-FollowerState
2020-12-08 15:10:15,284 [pool-100-thread-1] INFO  util.JmxRegister (JmxRegister.java:tryRegister(44)) - Successfully registered JMX Bean with object name Ratis:service=RaftServer,group=group-3F6DE316E943,id=3af59201-7b7b-400f-8f0b-8d2a065c6fc3
2020-12-08 15:10:15,284 [pool-100-thread-1] INFO  metrics.RatisMetrics (RatisMetrics.java:lambda$create$0(36)) - Creating Metrics Registry : ratis.state_machine.3af59201-7b7b-400f-8f0b-8d2a065c6fc3@group-3F6DE316E943
2020-12-08 15:10:15,291 [Command processor thread] INFO  commandhandler.CreatePipelineCommandHandler (CreatePipelineCommandHandler.java:handle(106)) - Created Pipeline RATIS THREE PipelineID=ee6acdd9-50ff-47bc-9de6-3f6de316e943.
2020-12-08 15:10:15,546 [Command processor thread] INFO  impl.RaftServerProxy (RaftServerProxy.java:addNew(93)) - 394900d4-f08a-4746-ba22-1c2f81bb7b22: addNew group-92971B11D4C8:[394900d4-f08a-4746-ba22-1c2f81bb7b22|rpc:172.17.0.2:38593] returns group-92971B11D4C8:java.util.concurrent.CompletableFuture@2dff87af[Not completed]
2020-12-08 15:10:15,547 [pool-83-thread-1] INFO  impl.RaftServerImpl (RaftServerImpl.java:<init>(121)) - 394900d4-f08a-4746-ba22-1c2f81bb7b22: new RaftServerImpl for group-92971B11D4C8:[394900d4-f08a-4746-ba22-1c2f81bb7b22|rpc:172.17.0.2:38593] with ContainerStateMachine:uninitialized
2020-12-08 15:10:15,547 [pool-83-thread-1] INFO  server.RaftServerConfigKeys (ConfUtils.java:logGet(44)) - raft.server.rpc.timeout.min = 5s (custom)
2020-12-08 15:10:15,548 [pool-83-thread-1] INFO  server.RaftServerConfigKeys (ConfUtils.java:logGet(44)) - raft.server.rpc.timeout.max = 5200ms (custom)
2020-12-08 15:10:15,548 [pool-83-thread-1] INFO  server.RaftServerConfigKeys (ConfUtils.java:logGet(44)) - raft.server.rpc.slowness.timeout = 300s (custom)
2020-12-08 15:10:15,548 [pool-83-thread-1] INFO  server.RaftServerConfigKeys (ConfUtils.java:logGet(44)) - raft.server.leaderelection.leader.step-down.wait-time = 10s (default)
2020-12-08 15:10:15,548 [pool-83-thread-1] INFO  server.RaftServerConfigKeys (ConfUtils.java:logGet(44)) - raft.server.sleep.deviation.threshold = 300 (default)
2020-12-08 15:10:15,548 [pool-83-thread-1] INFO  server.RaftServerConfigKeys (ConfUtils.java:logGet(44)) - raft.server.log.appender.install.snapshot.enabled = false (custom)
2020-12-08 15:10:15,548 [pool-83-thread-1] INFO  impl.RaftServerImpl (ServerState.java:<init>(104)) - 394900d4-f08a-4746-ba22-1c2f81bb7b22@group-92971B11D4C8: ConfigurationManager, init=-1: [394900d4-f08a-4746-ba22-1c2f81bb7b22|rpc:172.17.0.2:38593], old=null, confs=<EMPTY_MAP>
2020-12-08 15:10:15,548 [pool-83-thread-1] INFO  server.RaftServerConfigKeys (ConfUtils.java:logGet(44)) - raft.server.storage.dir = [/github/workspace/mnt/ozone/hadoop-ozone/integration-test/target/test-dir/MiniOzoneClusterImpl-aee58368-5372-437c-a4fb-204c17443453/datanode-1/data/ratis] (custom)
2020-12-08 15:10:15,548 [pool-83-thread-1] INFO  server.RaftServerConfigKeys (ConfUtils.java:logGet(44)) - raft.server.log.corruption.policy = EXCEPTION (default)
2020-12-08 15:10:15,548 [pool-83-thread-1] INFO  storage.RaftStorageDirectory (RaftStorageDirectory.java:analyzeStorage(261)) - The storage directory /github/workspace/mnt/ozone/hadoop-ozone/integration-test/target/test-dir/MiniOzoneClusterImpl-aee58368-5372-437c-a4fb-204c17443453/datanode-1/data/ratis/7b494c7c-c34f-49bc-9bce-92971b11d4c8 does not exist. Creating ...
2020-12-08 15:10:15,550 [pool-83-thread-1] INFO  storage.RaftStorageDirectory (RaftStorageDirectory.java:tryLock(343)) - Lock on /github/workspace/mnt/ozone/hadoop-ozone/integration-test/target/test-dir/MiniOzoneClusterImpl-aee58368-5372-437c-a4fb-204c17443453/datanode-1/data/ratis/7b494c7c-c34f-49bc-9bce-92971b11d4c8/in_use.lock acquired by nodename 19996@ce787eff9c24
2020-12-08 15:10:15,551 [pool-83-thread-1] INFO  storage.RaftStorage (RaftStorage.java:format(85)) - Storage directory /github/workspace/mnt/ozone/hadoop-ozone/integration-test/target/test-dir/MiniOzoneClusterImpl-aee58368-5372-437c-a4fb-204c17443453/datanode-1/data/ratis/7b494c7c-c34f-49bc-9bce-92971b11d4c8 has been successfully formatted.
2020-12-08 15:10:15,551 [pool-83-thread-1] INFO  ratis.ContainerStateMachine (ContainerStateMachine.java:loadSnapshot(225)) - group-92971B11D4C8: The snapshot info is null. Setting the last applied indexto:(t:0, i:~)
2020-12-08 15:10:15,552 [pool-83-thread-1] INFO  server.RaftServerConfigKeys (ConfUtils.java:logGet(44)) - raft.server.notification.no-leader.timeout = 300s (custom)
2020-12-08 15:10:15,552 [pool-83-thread-1] INFO  server.RaftServerConfigKeys (ConfUtils.java:logGet(44)) - raft.server.log.use.memory = false (default)
2020-12-08 15:10:15,552 [pool-83-thread-1] INFO  server.RaftServerConfigKeys (ConfUtils.java:logGet(44)) - raft.server.log.purge.gap = 1000000 (custom)
2020-12-08 15:10:15,552 [pool-83-thread-1] INFO  metrics.RatisMetrics (RatisMetrics.java:lambda$create$0(36)) - Creating Metrics Registry : ratis.log_worker.394900d4-f08a-4746-ba22-1c2f81bb7b22@group-92971B11D4C8
2020-12-08 15:10:15,552 [pool-83-thread-1] INFO  server.RaftServerConfigKeys (ConfUtils.java:logGet(44)) - raft.server.log.appender.buffer.byte-limit = 33554432 (custom)
2020-12-08 15:10:15,552 [pool-83-thread-1] INFO  server.RaftServerConfigKeys (ConfUtils.java:logGet(44)) - raft.server.log.segment.size.max = 1048576 (custom)
2020-12-08 15:10:15,552 [pool-83-thread-1] INFO  server.RaftServerConfigKeys (ConfUtils.java:logGet(44)) - raft.server.log.segment.cache.num.max = 2 (custom)
2020-12-08 15:10:15,553 [pool-83-thread-1] INFO  segmented.SegmentedRaftLogWorker (SegmentedRaftLogWorker.java:<init>(180)) - new 394900d4-f08a-4746-ba22-1c2f81bb7b22@group-92971B11D4C8-SegmentedRaftLogWorker for RaftStorage:Storage Directory /github/workspace/mnt/ozone/hadoop-ozone/integration-test/target/test-dir/MiniOzoneClusterImpl-aee58368-5372-437c-a4fb-204c17443453/datanode-1/data/ratis/7b494c7c-c34f-49bc-9bce-92971b11d4c8
2020-12-08 15:10:15,553 [pool-83-thread-1] INFO  server.RaftServerConfigKeys (ConfUtils.java:logGet(44)) - raft.server.log.queue.byte-limit = 2147483647 (custom)
2020-12-08 15:10:15,553 [pool-83-thread-1] INFO  server.RaftServerConfigKeys (ConfUtils.java:logGet(44)) - raft.server.log.queue.element-limit = 1024 (custom)
2020-12-08 15:10:15,553 [pool-83-thread-1] INFO  server.RaftServerConfigKeys (ConfUtils.java:logGet(44)) - raft.server.log.segment.size.max = 1048576 (custom)
2020-12-08 15:10:15,553 [pool-83-thread-1] INFO  server.RaftServerConfigKeys (ConfUtils.java:logGet(44)) - raft.server.log.preallocated.size = 16384 (custom)
2020-12-08 15:10:15,553 [pool-83-thread-1] INFO  server.RaftServerConfigKeys (ConfUtils.java:logGet(44)) - raft.server.log.write.buffer.size = 1048576 (custom)
2020-12-08 15:10:15,553 [pool-83-thread-1] INFO  server.RaftServerConfigKeys (ConfUtils.java:logGet(44)) - raft.server.log.force.sync.num = 128 (default)
2020-12-08 15:10:15,553 [pool-83-thread-1] INFO  server.RaftServerConfigKeys (ConfUtils.java:logGet(44)) - raft.server.log.statemachine.data.sync = true (default)
2020-12-08 15:10:15,553 [pool-83-thread-1] INFO  server.RaftServerConfigKeys (ConfUtils.java:logGet(44)) - raft.server.log.statemachine.data.sync.timeout = 10s (default)
2020-12-08 15:10:15,553 [pool-83-thread-1] INFO  server.RaftServerConfigKeys (ConfUtils.java:logGet(44)) - raft.server.log.statemachine.data.sync.timeout.retry = -1 (default)
2020-12-08 15:10:15,555 [EventQueue-PipelineReportForOneReplicaPipelineSafeModeRule] INFO  safemode.SCMSafeModeManager (SCMSafeModeManager.java:validateSafeModeExitRules(214)) - AtleastOneDatanodeReportedRule rule is successfully validated
2020-12-08 15:10:15,556 [EventQueue-PipelineReportForPipelineReportHandler] INFO  pipeline.PipelineStateManager (PipelineStateManager.java:openPipeline(132)) - Pipeline Pipeline[ Id: 7b494c7c-c34f-49bc-9bce-92971b11d4c8, Nodes: 394900d4-f08a-4746-ba22-1c2f81bb7b22{ip: 172.17.0.2, host: ce787eff9c24, networkLocation: /default-rack, certSerialId: null, persistedOpState: IN_SERVICE, persistedOpStateExpiryEpochSec: 0}, Type:RATIS, Factor:ONE, State:ALLOCATED, leaderId:394900d4-f08a-4746-ba22-1c2f81bb7b22, CreationTimestamp2020-12-08T15:10:12.551Z] moved to OPEN state
2020-12-08 15:10:15,556 [EventQueue-OpenPipelineForHealthyPipelineSafeModeRule] INFO  safemode.SCMSafeModeManager (HealthyPipelineSafeModeRule.java:process(128)) - SCM in safe mode. Healthy pipelines reported count is 0, required healthy pipeline reported count is 1
2020-12-08 15:10:15,559 [pool-83-thread-1] INFO  server.RaftServerConfigKeys (ConfUtils.java:logGet(44)) - raft.server.log.statemachine.data.caching.enabled = true (custom)
2020-12-08 15:10:15,559 [pool-83-thread-1] INFO  segmented.SegmentedRaftLogWorker (SegmentedRaftLogWorker.java:lambda$new$0(129)) - 394900d4-f08a-4746-ba22-1c2f81bb7b22@group-92971B11D4C8-SegmentedRaftLogWorker: flushIndex: setUnconditionally 0 -> -1
2020-12-08 15:10:15,559 [pool-83-thread-1] INFO  segmented.SegmentedRaftLogWorker (SegmentedRaftLogWorker.java:lambda$new$0(129)) - 394900d4-f08a-4746-ba22-1c2f81bb7b22@group-92971B11D4C8-SegmentedRaftLogWorker: safeCacheEvictIndex: setUnconditionally 0 -> -1
2020-12-08 15:10:15,560 [pool-83-thread-1] INFO  server.RaftServerConfigKeys (ConfUtils.java:logGet(44)) - raft.server.snapshot.auto.trigger.enabled = true (custom)
2020-12-08 15:10:15,560 [pool-83-thread-1] INFO  server.RaftServerConfigKeys (ConfUtils.java:logGet(44)) - raft.server.snapshot.auto.trigger.threshold = 10000 (custom)
2020-12-08 15:10:15,560 [pool-83-thread-1] INFO  server.RaftServerConfigKeys (ConfUtils.java:logGet(44)) - raft.server.snapshot.retention.file.num = 5 (custom)
2020-12-08 15:10:15,560 [pool-83-thread-1] INFO  server.RaftServerConfigKeys (ConfUtils.java:logGet(44)) - raft.server.log.purge.upto.snapshot.index = false (default)
2020-12-08 15:10:15,560 [pool-83-thread-1] INFO  server.RaftServerConfigKeys (ConfUtils.java:logGet(44)) - raft.server.retrycache.expirytime = 600000ms (custom)
2020-12-08 15:10:15,560 [pool-83-thread-1] INFO  metrics.RatisMetrics (RatisMetrics.java:lambda$create$0(36)) - Creating Metrics Registry : ratis.leader_election.394900d4-f08a-4746-ba22-1c2f81bb7b22@group-92971B11D4C8
2020-12-08 15:10:15,560 [pool-83-thread-1] INFO  metrics.RatisMetrics (RatisMetrics.java:lambda$create$0(36)) - Creating Metrics Registry : ratis.server.394900d4-f08a-4746-ba22-1c2f81bb7b22@group-92971B11D4C8
2020-12-08 15:10:15,561 [pool-83-thread-1] INFO  impl.RaftServerImpl (RaftServerImpl.java:start(215)) - 394900d4-f08a-4746-ba22-1c2f81bb7b22@group-92971B11D4C8: start as a follower, conf=-1: [394900d4-f08a-4746-ba22-1c2f81bb7b22|rpc:172.17.0.2:38593], old=null
2020-12-08 15:10:15,561 [pool-83-thread-1] INFO  impl.RaftServerImpl (RaftServerImpl.java:setRole(204)) - 394900d4-f08a-4746-ba22-1c2f81bb7b22@group-92971B11D4C8: changes role from      null to FOLLOWER at term 0 for startAsFollower
2020-12-08 15:10:15,561 [pool-83-thread-1] INFO  impl.RoleInfo (RoleInfo.java:updateAndGet(143)) - 394900d4-f08a-4746-ba22-1c2f81bb7b22: start 394900d4-f08a-4746-ba22-1c2f81bb7b22@group-92971B11D4C8-FollowerState
2020-12-08 15:10:15,562 [pool-83-thread-1] INFO  util.JmxRegister (JmxRegister.java:tryRegister(44)) - Successfully registered JMX Bean with object name Ratis:service=RaftServer,group=group-92971B11D4C8,id=394900d4-f08a-4746-ba22-1c2f81bb7b22
2020-12-08 15:10:15,562 [pool-83-thread-1] INFO  metrics.RatisMetrics (RatisMetrics.java:lambda$create$0(36)) - Creating Metrics Registry : ratis.state_machine.394900d4-f08a-4746-ba22-1c2f81bb7b22@group-92971B11D4C8
2020-12-08 15:10:15,563 [Command processor thread] INFO  commandhandler.CreatePipelineCommandHandler (CreatePipelineCommandHandler.java:handle(106)) - Created Pipeline RATIS ONE PipelineID=7b494c7c-c34f-49bc-9bce-92971b11d4c8.
2020-12-08 15:10:15,749 [Command processor thread] INFO  impl.RaftServerProxy (RaftServerProxy.java:addNew(93)) - 3af59201-7b7b-400f-8f0b-8d2a065c6fc3: addNew group-38B237208B3A:[3af59201-7b7b-400f-8f0b-8d2a065c6fc3|rpc:172.17.0.2:33215] returns group-38B237208B3A:java.util.concurrent.CompletableFuture@345de04[Not completed]
2020-12-08 15:10:15,751 [pool-100-thread-1] INFO  impl.RaftServerImpl (RaftServerImpl.java:<init>(121)) - 3af59201-7b7b-400f-8f0b-8d2a065c6fc3: new RaftServerImpl for group-38B237208B3A:[3af59201-7b7b-400f-8f0b-8d2a065c6fc3|rpc:172.17.0.2:33215] with ContainerStateMachine:uninitialized
2020-12-08 15:10:15,751 [pool-100-thread-1] INFO  server.RaftServerConfigKeys (ConfUtils.java:logGet(44)) - raft.server.rpc.timeout.min = 5s (custom)
2020-12-08 15:10:15,751 [pool-100-thread-1] INFO  server.RaftServerConfigKeys (ConfUtils.java:logGet(44)) - raft.server.rpc.timeout.max = 5200ms (custom)
2020-12-08 15:10:15,751 [pool-100-thread-1] INFO  server.RaftServerConfigKeys (ConfUtils.java:logGet(44)) - raft.server.rpc.slowness.timeout = 300s (custom)
2020-12-08 15:10:15,751 [pool-100-thread-1] INFO  server.RaftServerConfigKeys (ConfUtils.java:logGet(44)) - raft.server.leaderelection.leader.step-down.wait-time = 10s (default)
2020-12-08 15:10:15,751 [pool-100-thread-1] INFO  server.RaftServerConfigKeys (ConfUtils.java:logGet(44)) - raft.server.sleep.deviation.threshold = 300 (default)
2020-12-08 15:10:15,751 [pool-100-thread-1] INFO  server.RaftServerConfigKeys (ConfUtils.java:logGet(44)) - raft.server.log.appender.install.snapshot.enabled = false (custom)
2020-12-08 15:10:15,752 [pool-100-thread-1] INFO  impl.RaftServerImpl (ServerState.java:<init>(104)) - 3af59201-7b7b-400f-8f0b-8d2a065c6fc3@group-38B237208B3A: ConfigurationManager, init=-1: [3af59201-7b7b-400f-8f0b-8d2a065c6fc3|rpc:172.17.0.2:33215], old=null, confs=<EMPTY_MAP>
2020-12-08 15:10:15,752 [pool-100-thread-1] INFO  server.RaftServerConfigKeys (ConfUtils.java:logGet(44)) - raft.server.storage.dir = [/github/workspace/mnt/ozone/hadoop-ozone/integration-test/target/test-dir/MiniOzoneClusterImpl-aee58368-5372-437c-a4fb-204c17443453/datanode-2/data/ratis] (custom)
2020-12-08 15:10:15,752 [pool-100-thread-1] INFO  server.RaftServerConfigKeys (ConfUtils.java:logGet(44)) - raft.server.log.corruption.policy = EXCEPTION (default)
2020-12-08 15:10:15,752 [pool-100-thread-1] INFO  storage.RaftStorageDirectory (RaftStorageDirectory.java:analyzeStorage(261)) - The storage directory /github/workspace/mnt/ozone/hadoop-ozone/integration-test/target/test-dir/MiniOzoneClusterImpl-aee58368-5372-437c-a4fb-204c17443453/datanode-2/data/ratis/e6d28aab-9d3b-4dd5-a8b9-38b237208b3a does not exist. Creating ...
2020-12-08 15:10:15,753 [Listener at 127.0.0.1/12648] INFO  ozone.MiniOzoneClusterImpl (MiniOzoneClusterImpl.java:lambda$waitForClusterToBeReady$0(178)) - Nodes are ready. Got 3 of 3 DN Heartbeats.
2020-12-08 15:10:15,753 [Listener at 127.0.0.1/12648] INFO  ozone.MiniOzoneClusterImpl (MiniOzoneClusterImpl.java:lambda$waitForClusterToBeReady$0(181)) - Waiting for cluster to exit safe mode
2020-12-08 15:10:15,754 [pool-100-thread-1] INFO  storage.RaftStorageDirectory (RaftStorageDirectory.java:tryLock(343)) - Lock on /github/workspace/mnt/ozone/hadoop-ozone/integration-test/target/test-dir/MiniOzoneClusterImpl-aee58368-5372-437c-a4fb-204c17443453/datanode-2/data/ratis/e6d28aab-9d3b-4dd5-a8b9-38b237208b3a/in_use.lock acquired by nodename 19996@ce787eff9c24
2020-12-08 15:10:15,755 [pool-100-thread-1] INFO  storage.RaftStorage (RaftStorage.java:format(85)) - Storage directory /github/workspace/mnt/ozone/hadoop-ozone/integration-test/target/test-dir/MiniOzoneClusterImpl-aee58368-5372-437c-a4fb-204c17443453/datanode-2/data/ratis/e6d28aab-9d3b-4dd5-a8b9-38b237208b3a has been successfully formatted.
2020-12-08 15:10:15,756 [pool-100-thread-1] INFO  ratis.ContainerStateMachine (ContainerStateMachine.java:loadSnapshot(225)) - group-38B237208B3A: The snapshot info is null. Setting the last applied indexto:(t:0, i:~)
2020-12-08 15:10:15,756 [pool-100-thread-1] INFO  server.RaftServerConfigKeys (ConfUtils.java:logGet(44)) - raft.server.notification.no-leader.timeout = 300s (custom)
2020-12-08 15:10:15,756 [pool-100-thread-1] INFO  server.RaftServerConfigKeys (ConfUtils.java:logGet(44)) - raft.server.log.use.memory = false (default)
2020-12-08 15:10:15,756 [pool-100-thread-1] INFO  server.RaftServerConfigKeys (ConfUtils.java:logGet(44)) - raft.server.log.purge.gap = 1000000 (custom)
2020-12-08 15:10:15,756 [pool-100-thread-1] INFO  metrics.RatisMetrics (RatisMetrics.java:lambda$create$0(36)) - Creating Metrics Registry : ratis.log_worker.3af59201-7b7b-400f-8f0b-8d2a065c6fc3@group-38B237208B3A
2020-12-08 15:10:15,756 [pool-100-thread-1] INFO  server.RaftServerConfigKeys (ConfUtils.java:logGet(44)) - raft.server.log.appender.buffer.byte-limit = 33554432 (custom)
2020-12-08 15:10:15,756 [pool-100-thread-1] INFO  server.RaftServerConfigKeys (ConfUtils.java:logGet(44)) - raft.server.log.segment.size.max = 1048576 (custom)
2020-12-08 15:10:15,760 [EventQueue-PipelineReportForPipelineReportHandler] INFO  pipeline.PipelineStateManager (PipelineStateManager.java:openPipeline(132)) - Pipeline Pipeline[ Id: e6d28aab-9d3b-4dd5-a8b9-38b237208b3a, Nodes: 3af59201-7b7b-400f-8f0b-8d2a065c6fc3{ip: 172.17.0.2, host: ce787eff9c24, networkLocation: /default-rack, certSerialId: null, persistedOpState: IN_SERVICE, persistedOpStateExpiryEpochSec: 0}, Type:RATIS, Factor:ONE, State:ALLOCATED, leaderId:3af59201-7b7b-400f-8f0b-8d2a065c6fc3, CreationTimestamp2020-12-08T15:10:12.753Z] moved to OPEN state
2020-12-08 15:10:15,761 [EventQueue-OpenPipelineForHealthyPipelineSafeModeRule] INFO  safemode.SCMSafeModeManager (HealthyPipelineSafeModeRule.java:process(128)) - SCM in safe mode. Healthy pipelines reported count is 0, required healthy pipeline reported count is 1
2020-12-08 15:10:15,760 [EventQueue-PipelineReportForOneReplicaPipelineSafeModeRule] INFO  safemode.SCMSafeModeManager (SCMSafeModeManager.java:validateSafeModeExitRules(214)) - AtleastOneDatanodeReportedRule rule is successfully validated
2020-12-08 15:10:15,762 [pool-100-thread-1] INFO  server.RaftServerConfigKeys (ConfUtils.java:logGet(44)) - raft.server.log.segment.cache.num.max = 2 (custom)
2020-12-08 15:10:15,762 [pool-100-thread-1] INFO  segmented.SegmentedRaftLogWorker (SegmentedRaftLogWorker.java:<init>(180)) - new 3af59201-7b7b-400f-8f0b-8d2a065c6fc3@group-38B237208B3A-SegmentedRaftLogWorker for RaftStorage:Storage Directory /github/workspace/mnt/ozone/hadoop-ozone/integration-test/target/test-dir/MiniOzoneClusterImpl-aee58368-5372-437c-a4fb-204c17443453/datanode-2/data/ratis/e6d28aab-9d3b-4dd5-a8b9-38b237208b3a
2020-12-08 15:10:15,762 [pool-100-thread-1] INFO  server.RaftServerConfigKeys (ConfUtils.java:logGet(44)) - raft.server.log.queue.byte-limit = 2147483647 (custom)
2020-12-08 15:10:15,763 [pool-100-thread-1] INFO  server.RaftServerConfigKeys (ConfUtils.java:logGet(44)) - raft.server.log.queue.element-limit = 1024 (custom)
2020-12-08 15:10:15,763 [pool-100-thread-1] INFO  server.RaftServerConfigKeys (ConfUtils.java:logGet(44)) - raft.server.log.segment.size.max = 1048576 (custom)
2020-12-08 15:10:15,763 [pool-100-thread-1] INFO  server.RaftServerConfigKeys (ConfUtils.java:logGet(44)) - raft.server.log.preallocated.size = 16384 (custom)
2020-12-08 15:10:15,763 [pool-100-thread-1] INFO  server.RaftServerConfigKeys (ConfUtils.java:logGet(44)) - raft.server.log.write.buffer.size = 1048576 (custom)
2020-12-08 15:10:15,763 [pool-100-thread-1] INFO  server.RaftServerConfigKeys (ConfUtils.java:logGet(44)) - raft.server.log.force.sync.num = 128 (default)
2020-12-08 15:10:15,763 [pool-100-thread-1] INFO  server.RaftServerConfigKeys (ConfUtils.java:logGet(44)) - raft.server.log.statemachine.data.sync = true (default)
2020-12-08 15:10:15,763 [pool-100-thread-1] INFO  server.RaftServerConfigKeys (ConfUtils.java:logGet(44)) - raft.server.log.statemachine.data.sync.timeout = 10s (default)
2020-12-08 15:10:15,763 [pool-100-thread-1] INFO  server.RaftServerConfigKeys (ConfUtils.java:logGet(44)) - raft.server.log.statemachine.data.sync.timeout.retry = -1 (default)
2020-12-08 15:10:15,765 [pool-100-thread-1] INFO  server.RaftServerConfigKeys (ConfUtils.java:logGet(44)) - raft.server.log.statemachine.data.caching.enabled = true (custom)
2020-12-08 15:10:15,765 [pool-100-thread-1] INFO  segmented.SegmentedRaftLogWorker (SegmentedRaftLogWorker.java:lambda$new$0(129)) - 3af59201-7b7b-400f-8f0b-8d2a065c6fc3@group-38B237208B3A-SegmentedRaftLogWorker: flushIndex: setUnconditionally 0 -> -1
2020-12-08 15:10:15,765 [pool-100-thread-1] INFO  segmented.SegmentedRaftLogWorker (SegmentedRaftLogWorker.java:lambda$new$0(129)) - 3af59201-7b7b-400f-8f0b-8d2a065c6fc3@group-38B237208B3A-SegmentedRaftLogWorker: safeCacheEvictIndex: setUnconditionally 0 -> -1
2020-12-08 15:10:15,765 [pool-100-thread-1] INFO  server.RaftServerConfigKeys (ConfUtils.java:logGet(44)) - raft.server.snapshot.auto.trigger.enabled = true (custom)
2020-12-08 15:10:15,765 [pool-100-thread-1] INFO  server.RaftServerConfigKeys (ConfUtils.java:logGet(44)) - raft.server.snapshot.auto.trigger.threshold = 10000 (custom)
2020-12-08 15:10:15,766 [pool-100-thread-1] INFO  server.RaftServerConfigKeys (ConfUtils.java:logGet(44)) - raft.server.snapshot.retention.file.num = 5 (custom)
2020-12-08 15:10:15,766 [pool-100-thread-1] INFO  server.RaftServerConfigKeys (ConfUtils.java:logGet(44)) - raft.server.log.purge.upto.snapshot.index = false (default)
2020-12-08 15:10:15,766 [pool-100-thread-1] INFO  server.RaftServerConfigKeys (ConfUtils.java:logGet(44)) - raft.server.retrycache.expirytime = 600000ms (custom)
2020-12-08 15:10:15,767 [pool-100-thread-1] INFO  metrics.RatisMetrics (RatisMetrics.java:lambda$create$0(36)) - Creating Metrics Registry : ratis.leader_election.3af59201-7b7b-400f-8f0b-8d2a065c6fc3@group-38B237208B3A
2020-12-08 15:10:15,767 [pool-100-thread-1] INFO  metrics.RatisMetrics (RatisMetrics.java:lambda$create$0(36)) - Creating Metrics Registry : ratis.server.3af59201-7b7b-400f-8f0b-8d2a065c6fc3@group-38B237208B3A
2020-12-08 15:10:15,768 [pool-100-thread-1] INFO  impl.RaftServerImpl (RaftServerImpl.java:start(215)) - 3af59201-7b7b-400f-8f0b-8d2a065c6fc3@group-38B237208B3A: start as a follower, conf=-1: [3af59201-7b7b-400f-8f0b-8d2a065c6fc3|rpc:172.17.0.2:33215], old=null
2020-12-08 15:10:15,768 [pool-100-thread-1] INFO  impl.RaftServerImpl (RaftServerImpl.java:setRole(204)) - 3af59201-7b7b-400f-8f0b-8d2a065c6fc3@group-38B237208B3A: changes role from      null to FOLLOWER at term 0 for startAsFollower
2020-12-08 15:10:15,768 [pool-100-thread-1] INFO  impl.RoleInfo (RoleInfo.java:updateAndGet(143)) - 3af59201-7b7b-400f-8f0b-8d2a065c6fc3: start 3af59201-7b7b-400f-8f0b-8d2a065c6fc3@group-38B237208B3A-FollowerState
2020-12-08 15:10:15,768 [pool-100-thread-1] INFO  util.JmxRegister (JmxRegister.java:tryRegister(44)) - Successfully registered JMX Bean with object name Ratis:service=RaftServer,group=group-38B237208B3A,id=3af59201-7b7b-400f-8f0b-8d2a065c6fc3
2020-12-08 15:10:15,769 [pool-100-thread-1] INFO  metrics.RatisMetrics (RatisMetrics.java:lambda$create$0(36)) - Creating Metrics Registry : ratis.state_machine.3af59201-7b7b-400f-8f0b-8d2a065c6fc3@group-38B237208B3A
2020-12-08 15:10:15,769 [Command processor thread] INFO  commandhandler.CreatePipelineCommandHandler (CreatePipelineCommandHandler.java:handle(106)) - Created Pipeline RATIS ONE PipelineID=e6d28aab-9d3b-4dd5-a8b9-38b237208b3a.
2020-12-08 15:10:16,753 [Listener at 127.0.0.1/12648] INFO  ozone.MiniOzoneClusterImpl (MiniOzoneClusterImpl.java:lambda$waitForClusterToBeReady$0(178)) - Nodes are ready. Got 3 of 3 DN Heartbeats.
2020-12-08 15:10:16,753 [Listener at 127.0.0.1/12648] INFO  ozone.MiniOzoneClusterImpl (MiniOzoneClusterImpl.java:lambda$waitForClusterToBeReady$0(181)) - Waiting for cluster to exit safe mode
2020-12-08 15:10:17,754 [Listener at 127.0.0.1/12648] INFO  ozone.MiniOzoneClusterImpl (MiniOzoneClusterImpl.java:lambda$waitForClusterToBeReady$0(178)) - Nodes are ready. Got 3 of 3 DN Heartbeats.
2020-12-08 15:10:17,754 [Listener at 127.0.0.1/12648] INFO  ozone.MiniOzoneClusterImpl (MiniOzoneClusterImpl.java:lambda$waitForClusterToBeReady$0(181)) - Waiting for cluster to exit safe mode
2020-12-08 15:10:18,755 [Listener at 127.0.0.1/12648] INFO  ozone.MiniOzoneClusterImpl (MiniOzoneClusterImpl.java:lambda$waitForClusterToBeReady$0(178)) - Nodes are ready. Got 3 of 3 DN Heartbeats.
2020-12-08 15:10:18,755 [Listener at 127.0.0.1/12648] INFO  ozone.MiniOzoneClusterImpl (MiniOzoneClusterImpl.java:lambda$waitForClusterToBeReady$0(181)) - Waiting for cluster to exit safe mode
2020-12-08 15:10:19,755 [Listener at 127.0.0.1/12648] INFO  ozone.MiniOzoneClusterImpl (MiniOzoneClusterImpl.java:lambda$waitForClusterToBeReady$0(178)) - Nodes are ready. Got 3 of 3 DN Heartbeats.
2020-12-08 15:10:19,755 [Listener at 127.0.0.1/12648] INFO  ozone.MiniOzoneClusterImpl (MiniOzoneClusterImpl.java:lambda$waitForClusterToBeReady$0(181)) - Waiting for cluster to exit safe mode
2020-12-08 15:10:20,233 [Thread-310] INFO  impl.FollowerState (FollowerState.java:run(128)) - 394900d4-f08a-4746-ba22-1c2f81bb7b22@group-3F6DE316E943-FollowerState: change to CANDIDATE, lastRpcTime:5016ms, electionTimeout:5015ms
2020-12-08 15:10:20,234 [Thread-310] INFO  impl.RoleInfo (RoleInfo.java:shutdownFollowerState(121)) - 394900d4-f08a-4746-ba22-1c2f81bb7b22: shutdown 394900d4-f08a-4746-ba22-1c2f81bb7b22@group-3F6DE316E943-FollowerState
2020-12-08 15:10:20,234 [Thread-310] INFO  impl.RaftServerImpl (RaftServerImpl.java:setRole(204)) - 394900d4-f08a-4746-ba22-1c2f81bb7b22@group-3F6DE316E943: changes role from  FOLLOWER to CANDIDATE at term 0 for changeToCandidate
2020-12-08 15:10:20,234 [Thread-310] INFO  impl.RoleInfo (RoleInfo.java:updateAndGet(143)) - 394900d4-f08a-4746-ba22-1c2f81bb7b22: start 394900d4-f08a-4746-ba22-1c2f81bb7b22@group-3F6DE316E943-LeaderElection6
2020-12-08 15:10:20,237 [Thread-308] INFO  impl.FollowerState (FollowerState.java:run(128)) - 7663c1a7-8e78-41aa-8e93-5b5c17bbe49d@group-3F6DE316E943-FollowerState: change to CANDIDATE, lastRpcTime:5112ms, electionTimeout:5099ms
2020-12-08 15:10:20,237 [Thread-308] INFO  impl.RoleInfo (RoleInfo.java:shutdownFollowerState(121)) - 7663c1a7-8e78-41aa-8e93-5b5c17bbe49d: shutdown 7663c1a7-8e78-41aa-8e93-5b5c17bbe49d@group-3F6DE316E943-FollowerState
2020-12-08 15:10:20,237 [Thread-308] INFO  impl.RaftServerImpl (RaftServerImpl.java:setRole(204)) - 7663c1a7-8e78-41aa-8e93-5b5c17bbe49d@group-3F6DE316E943: changes role from  FOLLOWER to CANDIDATE at term 0 for changeToCandidate
2020-12-08 15:10:20,237 [Thread-308] INFO  impl.RoleInfo (RoleInfo.java:updateAndGet(143)) - 7663c1a7-8e78-41aa-8e93-5b5c17bbe49d: start 7663c1a7-8e78-41aa-8e93-5b5c17bbe49d@group-3F6DE316E943-LeaderElection7
2020-12-08 15:10:20,244 [Thread-306] INFO  impl.FollowerState (FollowerState.java:run(128)) - 7663c1a7-8e78-41aa-8e93-5b5c17bbe49d@group-D9DBC2D30F98-FollowerState: change to CANDIDATE, lastRpcTime:5151ms, electionTimeout:5146ms
2020-12-08 15:10:20,244 [Thread-306] INFO  impl.RoleInfo (RoleInfo.java:shutdownFollowerState(121)) - 7663c1a7-8e78-41aa-8e93-5b5c17bbe49d: shutdown 7663c1a7-8e78-41aa-8e93-5b5c17bbe49d@group-D9DBC2D30F98-FollowerState
2020-12-08 15:10:20,245 [Thread-306] INFO  impl.RaftServerImpl (RaftServerImpl.java:setRole(204)) - 7663c1a7-8e78-41aa-8e93-5b5c17bbe49d@group-D9DBC2D30F98: changes role from  FOLLOWER to CANDIDATE at term 0 for changeToCandidate
2020-12-08 15:10:20,245 [Thread-306] INFO  impl.RoleInfo (RoleInfo.java:updateAndGet(143)) - 7663c1a7-8e78-41aa-8e93-5b5c17bbe49d: start 7663c1a7-8e78-41aa-8e93-5b5c17bbe49d@group-D9DBC2D30F98-LeaderElection8
2020-12-08 15:10:20,246 [394900d4-f08a-4746-ba22-1c2f81bb7b22@group-3F6DE316E943-LeaderElection6] INFO  impl.LeaderElection (LeaderElection.java:askForVotes(215)) - 394900d4-f08a-4746-ba22-1c2f81bb7b22@group-3F6DE316E943-LeaderElection6: begin an election at term 1 for -1: [394900d4-f08a-4746-ba22-1c2f81bb7b22|rpc:172.17.0.2:38593|dataStream:, 3af59201-7b7b-400f-8f0b-8d2a065c6fc3|rpc:172.17.0.2:33215|dataStream:, 7663c1a7-8e78-41aa-8e93-5b5c17bbe49d|rpc:172.17.0.2:37081|dataStream:], old=null
2020-12-08 15:10:20,253 [7663c1a7-8e78-41aa-8e93-5b5c17bbe49d@group-3F6DE316E943-LeaderElection7] INFO  impl.LeaderElection (LeaderElection.java:askForVotes(215)) - 7663c1a7-8e78-41aa-8e93-5b5c17bbe49d@group-3F6DE316E943-LeaderElection7: begin an election at term 1 for -1: [394900d4-f08a-4746-ba22-1c2f81bb7b22|rpc:172.17.0.2:38593, 3af59201-7b7b-400f-8f0b-8d2a065c6fc3|rpc:172.17.0.2:33215, 7663c1a7-8e78-41aa-8e93-5b5c17bbe49d|rpc:172.17.0.2:37081], old=null
2020-12-08 15:10:20,260 [7663c1a7-8e78-41aa-8e93-5b5c17bbe49d@group-D9DBC2D30F98-LeaderElection8] INFO  impl.LeaderElection (LeaderElection.java:askForVotes(215)) - 7663c1a7-8e78-41aa-8e93-5b5c17bbe49d@group-D9DBC2D30F98-LeaderElection8: begin an election at term 1 for -1: [7663c1a7-8e78-41aa-8e93-5b5c17bbe49d|rpc:172.17.0.2:37081], old=null
2020-12-08 15:10:20,260 [7663c1a7-8e78-41aa-8e93-5b5c17bbe49d@group-D9DBC2D30F98-LeaderElection8] INFO  impl.RoleInfo (RoleInfo.java:shutdownLeaderElection(134)) - 7663c1a7-8e78-41aa-8e93-5b5c17bbe49d: shutdown 7663c1a7-8e78-41aa-8e93-5b5c17bbe49d@group-D9DBC2D30F98-LeaderElection8
2020-12-08 15:10:20,260 [7663c1a7-8e78-41aa-8e93-5b5c17bbe49d@group-D9DBC2D30F98-LeaderElection8] INFO  impl.RaftServerImpl (RaftServerImpl.java:setRole(204)) - 7663c1a7-8e78-41aa-8e93-5b5c17bbe49d@group-D9DBC2D30F98: changes role from CANDIDATE to LEADER at term 1 for changeToLeader
2020-12-08 15:10:20,260 [7663c1a7-8e78-41aa-8e93-5b5c17bbe49d@group-D9DBC2D30F98-LeaderElection8] INFO  ratis.XceiverServerRatis (XceiverServerRatis.java:handleLeaderChangedNotification(854)) - Leader change notification received for group: group-D9DBC2D30F98 with new leaderId: 7663c1a7-8e78-41aa-8e93-5b5c17bbe49d
2020-12-08 15:10:20,262 [EventQueue-PipelineReportForOneReplicaPipelineSafeModeRule] INFO  safemode.SCMSafeModeManager (SCMSafeModeManager.java:validateSafeModeExitRules(214)) - AtleastOneDatanodeReportedRule rule is successfully validated
2020-12-08 15:10:20,263 [EventQueue-OpenPipelineForHealthyPipelineSafeModeRule] INFO  safemode.SCMSafeModeManager (HealthyPipelineSafeModeRule.java:process(128)) - SCM in safe mode. Healthy pipelines reported count is 0, required healthy pipeline reported count is 1
2020-12-08 15:10:20,261 [7663c1a7-8e78-41aa-8e93-5b5c17bbe49d@group-D9DBC2D30F98-LeaderElection8] INFO  impl.RaftServerImpl (ServerState.java:setLeader(256)) - 7663c1a7-8e78-41aa-8e93-5b5c17bbe49d@group-D9DBC2D30F98: change Leader from null to 7663c1a7-8e78-41aa-8e93-5b5c17bbe49d at term 1 for becomeLeader, leader elected after 5200ms
2020-12-08 15:10:20,268 [grpc-default-executor-0] INFO  impl.RaftServerImpl (RaftServerImpl.java:setRole(204)) - 3af59201-7b7b-400f-8f0b-8d2a065c6fc3@group-3F6DE316E943: changes role from  FOLLOWER to FOLLOWER at term 1 for recognizeCandidate:394900d4-f08a-4746-ba22-1c2f81bb7b22
2020-12-08 15:10:20,270 [grpc-default-executor-0] INFO  impl.RoleInfo (RoleInfo.java:shutdownFollowerState(121)) - 3af59201-7b7b-400f-8f0b-8d2a065c6fc3: shutdown 3af59201-7b7b-400f-8f0b-8d2a065c6fc3@group-3F6DE316E943-FollowerState
2020-12-08 15:10:20,270 [grpc-default-executor-0] INFO  impl.RoleInfo (RoleInfo.java:updateAndGet(143)) - 3af59201-7b7b-400f-8f0b-8d2a065c6fc3: start 3af59201-7b7b-400f-8f0b-8d2a065c6fc3@group-3F6DE316E943-FollowerState
2020-12-08 15:10:20,270 [7663c1a7-8e78-41aa-8e93-5b5c17bbe49d@group-D9DBC2D30F98-LeaderElection8] INFO  server.RaftServerConfigKeys (ConfUtils.java:logGet(44)) - raft.server.staging.catchup.gap = 1000 (default)
2020-12-08 15:10:20,270 [Thread-313] INFO  impl.FollowerState (FollowerState.java:run(137)) - 3af59201-7b7b-400f-8f0b-8d2a065c6fc3@group-3F6DE316E943-FollowerState was interrupted: {}
java.lang.InterruptedException: sleep interrupted
	at java.lang.Thread.sleep(Native Method)
	at org.apache.ratis.util.JavaUtils.sleep(JavaUtils.java:250)
	at org.apache.ratis.server.impl.FollowerState.run(FollowerState.java:116)
2020-12-08 15:10:20,270 [7663c1a7-8e78-41aa-8e93-5b5c17bbe49d@group-D9DBC2D30F98-LeaderElection8] INFO  server.RaftServerConfigKeys (ConfUtils.java:logGet(44)) - raft.server.rpc.sleep.time = 25ms (default)
2020-12-08 15:10:20,274 [grpc-default-executor-0] INFO  impl.RaftServerImpl (RaftServerImpl.java:requestVote(963)) -  FOLLOWER 3af59201-7b7b-400f-8f0b-8d2a065c6fc3@group-3F6DE316E943:t1, leader=null, voted=null, raftlog=3af59201-7b7b-400f-8f0b-8d2a065c6fc3@group-3F6DE316E943-SegmentedRaftLog:OPENED:c-1,f-1,i0, conf=-1: [394900d4-f08a-4746-ba22-1c2f81bb7b22|rpc:172.17.0.2:38593|dataStream:, 3af59201-7b7b-400f-8f0b-8d2a065c6fc3|rpc:172.17.0.2:33215|dataStream:, 7663c1a7-8e78-41aa-8e93-5b5c17bbe49d|rpc:172.17.0.2:37081|dataStream:], old=null RUNNING priority:0 candidate:394900d4-f08a-4746-ba22-1c2f81bb7b22|rpc:172.17.0.2:38593|dataStream: candidatePriority:0 compare:0
2020-12-08 15:10:20,282 [7663c1a7-8e78-41aa-8e93-5b5c17bbe49d@group-D9DBC2D30F98-LeaderElection8] INFO  metrics.RatisMetrics (RatisMetrics.java:lambda$create$0(36)) - Creating Metrics Registry : ratis.log_appender.7663c1a7-8e78-41aa-8e93-5b5c17bbe49d@group-D9DBC2D30F98
2020-12-08 15:10:20,282 [7663c1a7-8e78-41aa-8e93-5b5c17bbe49d@group-D9DBC2D30F98-LeaderElection8] INFO  server.RaftServerConfigKeys (ConfUtils.java:logGet(44)) - raft.server.write.element-limit = 1024 (custom)
2020-12-08 15:10:20,282 [7663c1a7-8e78-41aa-8e93-5b5c17bbe49d@group-D9DBC2D30F98-LeaderElection8] INFO  server.RaftServerConfigKeys (ConfUtils.java:logGet(44)) - raft.server.write.byte-limit = 1073741824 (custom)
2020-12-08 15:10:20,283 [7663c1a7-8e78-41aa-8e93-5b5c17bbe49d@group-D9DBC2D30F98-LeaderElection8] INFO  server.RaftServerConfigKeys (ConfUtils.java:logGet(44)) - raft.server.watch.timeout = 180s (custom)
2020-12-08 15:10:20,283 [7663c1a7-8e78-41aa-8e93-5b5c17bbe49d@group-D9DBC2D30F98-LeaderElection8] INFO  server.RaftServerConfigKeys (ConfUtils.java:logGet(44)) - raft.server.watch.timeout.denomination = 1s (default)
2020-12-08 15:10:20,283 [7663c1a7-8e78-41aa-8e93-5b5c17bbe49d@group-D9DBC2D30F98-LeaderElection8] INFO  server.RaftServerConfigKeys (ConfUtils.java:logGet(44)) - raft.server.watch.element-limit = 65536 (default)
2020-12-08 15:10:20,283 [7663c1a7-8e78-41aa-8e93-5b5c17bbe49d@group-D9DBC2D30F98-LeaderElection8] INFO  impl.RoleInfo (RoleInfo.java:updateAndGet(143)) - 7663c1a7-8e78-41aa-8e93-5b5c17bbe49d: start 7663c1a7-8e78-41aa-8e93-5b5c17bbe49d@group-D9DBC2D30F98-LeaderState
2020-12-08 15:10:20,283 [7663c1a7-8e78-41aa-8e93-5b5c17bbe49d@group-D9DBC2D30F98-LeaderElection8] INFO  segmented.SegmentedRaftLogWorker (SegmentedRaftLogWorker.java:startLogSegment(398)) - 7663c1a7-8e78-41aa-8e93-5b5c17bbe49d@group-D9DBC2D30F98-SegmentedRaftLogWorker: Starting segment from index:0
2020-12-08 15:10:20,284 [7663c1a7-8e78-41aa-8e93-5b5c17bbe49d@group-D9DBC2D30F98-LeaderElection8] INFO  impl.RaftServerImpl (ServerState.java:setRaftConf(374)) - 7663c1a7-8e78-41aa-8e93-5b5c17bbe49d@group-D9DBC2D30F98: set configuration 0: [7663c1a7-8e78-41aa-8e93-5b5c17bbe49d|rpc:172.17.0.2:37081|dataStream:], old=null at 0
2020-12-08 15:10:20,285 [grpc-default-executor-4] INFO  metrics.RatisMetrics (RatisMetrics.java:lambda$create$0(36)) - Creating Metrics Registry : ratis.server_message_metrics.7663c1a7-8e78-41aa-8e93-5b5c17bbe49d
2020-12-08 15:10:20,288 [394900d4-f08a-4746-ba22-1c2f81bb7b22@group-3F6DE316E943-LeaderElection6] INFO  impl.LeaderElection (LeaderElection.java:logAndReturn(65)) - 394900d4-f08a-4746-ba22-1c2f81bb7b22@group-3F6DE316E943-LeaderElection6: Election PASSED; received 1 response(s) [394900d4-f08a-4746-ba22-1c2f81bb7b22<-3af59201-7b7b-400f-8f0b-8d2a065c6fc3#0:OK-t1] and 0 exception(s); 394900d4-f08a-4746-ba22-1c2f81bb7b22@group-3F6DE316E943:t1, leader=null, voted=394900d4-f08a-4746-ba22-1c2f81bb7b22, raftlog=394900d4-f08a-4746-ba22-1c2f81bb7b22@group-3F6DE316E943-SegmentedRaftLog:OPENED:c-1,f-1,i0, conf=-1: [394900d4-f08a-4746-ba22-1c2f81bb7b22|rpc:172.17.0.2:38593|dataStream:, 3af59201-7b7b-400f-8f0b-8d2a065c6fc3|rpc:172.17.0.2:33215|dataStream:, 7663c1a7-8e78-41aa-8e93-5b5c17bbe49d|rpc:172.17.0.2:37081|dataStream:], old=null
2020-12-08 15:10:20,288 [394900d4-f08a-4746-ba22-1c2f81bb7b22@group-3F6DE316E943-LeaderElection6] INFO  impl.RoleInfo (RoleInfo.java:shutdownLeaderElection(134)) - 394900d4-f08a-4746-ba22-1c2f81bb7b22: shutdown 394900d4-f08a-4746-ba22-1c2f81bb7b22@group-3F6DE316E943-LeaderElection6
2020-12-08 15:10:20,288 [394900d4-f08a-4746-ba22-1c2f81bb7b22@group-3F6DE316E943-LeaderElection6] INFO  impl.RaftServerImpl (RaftServerImpl.java:setRole(204)) - 394900d4-f08a-4746-ba22-1c2f81bb7b22@group-3F6DE316E943: changes role from CANDIDATE to LEADER at term 1 for changeToLeader
2020-12-08 15:10:20,288 [394900d4-f08a-4746-ba22-1c2f81bb7b22@group-3F6DE316E943-LeaderElection6] INFO  ratis.XceiverServerRatis (XceiverServerRatis.java:handleLeaderChangedNotification(854)) - Leader change notification received for group: group-3F6DE316E943 with new leaderId: 394900d4-f08a-4746-ba22-1c2f81bb7b22
2020-12-08 15:10:20,289 [394900d4-f08a-4746-ba22-1c2f81bb7b22@group-3F6DE316E943-LeaderElection6] INFO  impl.RaftServerImpl (ServerState.java:setLeader(256)) - 394900d4-f08a-4746-ba22-1c2f81bb7b22@group-3F6DE316E943: change Leader from null to 394900d4-f08a-4746-ba22-1c2f81bb7b22 at term 1 for becomeLeader, leader elected after 5086ms
2020-12-08 15:10:20,289 [394900d4-f08a-4746-ba22-1c2f81bb7b22@group-3F6DE316E943-LeaderElection6] INFO  server.RaftServerConfigKeys (ConfUtils.java:logGet(44)) - raft.server.staging.catchup.gap = 1000 (default)
2020-12-08 15:10:20,289 [394900d4-f08a-4746-ba22-1c2f81bb7b22@group-3F6DE316E943-LeaderElection6] INFO  server.RaftServerConfigKeys (ConfUtils.java:logGet(44)) - raft.server.rpc.sleep.time = 25ms (default)
2020-12-08 15:10:20,289 [394900d4-f08a-4746-ba22-1c2f81bb7b22@group-3F6DE316E943-LeaderElection6] INFO  metrics.RatisMetrics (RatisMetrics.java:lambda$create$0(36)) - Creating Metrics Registry : ratis.log_appender.394900d4-f08a-4746-ba22-1c2f81bb7b22@group-3F6DE316E943
2020-12-08 15:10:20,289 [394900d4-f08a-4746-ba22-1c2f81bb7b22@group-3F6DE316E943-LeaderElection6] INFO  server.RaftServerConfigKeys (ConfUtils.java:logGet(44)) - raft.server.write.element-limit = 1024 (custom)
2020-12-08 15:10:20,289 [394900d4-f08a-4746-ba22-1c2f81bb7b22@group-3F6DE316E943-LeaderElection6] INFO  server.RaftServerConfigKeys (ConfUtils.java:logGet(44)) - raft.server.write.byte-limit = 1073741824 (custom)
2020-12-08 15:10:20,289 [394900d4-f08a-4746-ba22-1c2f81bb7b22@group-3F6DE316E943-LeaderElection6] INFO  server.RaftServerConfigKeys (ConfUtils.java:logGet(44)) - raft.server.watch.timeout = 180s (custom)
2020-12-08 15:10:20,289 [394900d4-f08a-4746-ba22-1c2f81bb7b22@group-3F6DE316E943-LeaderElection6] INFO  server.RaftServerConfigKeys (ConfUtils.java:logGet(44)) - raft.server.watch.timeout.denomination = 1s (default)
2020-12-08 15:10:20,289 [394900d4-f08a-4746-ba22-1c2f81bb7b22@group-3F6DE316E943-LeaderElection6] INFO  server.RaftServerConfigKeys (ConfUtils.java:logGet(44)) - raft.server.watch.element-limit = 65536 (default)
2020-12-08 15:10:20,290 [394900d4-f08a-4746-ba22-1c2f81bb7b22@group-3F6DE316E943-LeaderElection6] INFO  server.RaftServerConfigKeys (ConfUtils.java:logGet(44)) - raft.server.log.appender.snapshot.chunk.size.max = 16MB (=16777216) (default)
2020-12-08 15:10:20,290 [394900d4-f08a-4746-ba22-1c2f81bb7b22@group-3F6DE316E943-LeaderElection6] INFO  server.RaftServerConfigKeys (ConfUtils.java:logGet(44)) - raft.server.log.appender.buffer.byte-limit = 33554432 (custom)
2020-12-08 15:10:20,290 [394900d4-f08a-4746-ba22-1c2f81bb7b22@group-3F6DE316E943-LeaderElection6] INFO  server.RaftServerConfigKeys (ConfUtils.java:logGet(44)) - raft.server.log.appender.buffer.element-limit = 1 (custom)
2020-12-08 15:10:20,290 [394900d4-f08a-4746-ba22-1c2f81bb7b22@group-3F6DE316E943-LeaderElection6] INFO  grpc.GrpcConfigKeys (ConfUtils.java:logGet(44)) - raft.grpc.server.leader.outstanding.appends.max = 128 (default)
2020-12-08 15:10:20,290 [394900d4-f08a-4746-ba22-1c2f81bb7b22@group-3F6DE316E943-LeaderElection6] INFO  server.RaftServerConfigKeys (ConfUtils.java:logGet(44)) - raft.server.rpc.request.timeout = 60s (custom)
2020-12-08 15:10:20,290 [394900d4-f08a-4746-ba22-1c2f81bb7b22@group-3F6DE316E943-LeaderElection6] INFO  server.RaftServerConfigKeys (ConfUtils.java:logGet(44)) - raft.server.log.appender.install.snapshot.enabled = false (custom)
2020-12-08 15:10:20,290 [394900d4-f08a-4746-ba22-1c2f81bb7b22@group-3F6DE316E943-LeaderElection6] INFO  metrics.RatisMetrics (RatisMetrics.java:lambda$create$0(36)) - Creating Metrics Registry : ratis_grpc.log_appender.394900d4-f08a-4746-ba22-1c2f81bb7b22@group-3F6DE316E943
2020-12-08 15:10:20,291 [394900d4-f08a-4746-ba22-1c2f81bb7b22@group-3F6DE316E943-LeaderElection6] INFO  server.RaftServerConfigKeys (ConfUtils.java:logGet(44)) - raft.server.log.appender.snapshot.chunk.size.max = 16MB (=16777216) (default)
2020-12-08 15:10:20,291 [394900d4-f08a-4746-ba22-1c2f81bb7b22@group-3F6DE316E943-LeaderElection6] INFO  server.RaftServerConfigKeys (ConfUtils.java:logGet(44)) - raft.server.log.appender.buffer.byte-limit = 33554432 (custom)
2020-12-08 15:10:20,291 [394900d4-f08a-4746-ba22-1c2f81bb7b22@group-3F6DE316E943-LeaderElection6] INFO  server.RaftServerConfigKeys (ConfUtils.java:logGet(44)) - raft.server.log.appender.buffer.element-limit = 1 (custom)
2020-12-08 15:10:20,291 [394900d4-f08a-4746-ba22-1c2f81bb7b22@group-3F6DE316E943-LeaderElection6] INFO  grpc.GrpcConfigKeys (ConfUtils.java:logGet(44)) - raft.grpc.server.leader.outstanding.appends.max = 128 (default)
2020-12-08 15:10:20,291 [394900d4-f08a-4746-ba22-1c2f81bb7b22@group-3F6DE316E943-LeaderElection6] INFO  server.RaftServerConfigKeys (ConfUtils.java:logGet(44)) - raft.server.rpc.request.timeout = 60s (custom)
2020-12-08 15:10:20,291 [394900d4-f08a-4746-ba22-1c2f81bb7b22@group-3F6DE316E943-LeaderElection6] INFO  server.RaftServerConfigKeys (ConfUtils.java:logGet(44)) - raft.server.log.appender.install.snapshot.enabled = false (custom)
2020-12-08 15:10:20,292 [394900d4-f08a-4746-ba22-1c2f81bb7b22@group-3F6DE316E943-LeaderElection6] INFO  impl.RoleInfo (RoleInfo.java:updateAndGet(143)) - 394900d4-f08a-4746-ba22-1c2f81bb7b22: start 394900d4-f08a-4746-ba22-1c2f81bb7b22@group-3F6DE316E943-LeaderState
2020-12-08 15:10:20,292 [394900d4-f08a-4746-ba22-1c2f81bb7b22@group-3F6DE316E943-LeaderElection6] INFO  segmented.SegmentedRaftLogWorker (SegmentedRaftLogWorker.java:startLogSegment(398)) - 394900d4-f08a-4746-ba22-1c2f81bb7b22@group-3F6DE316E943-SegmentedRaftLogWorker: Starting segment from index:0
2020-12-08 15:10:20,293 [7663c1a7-8e78-41aa-8e93-5b5c17bbe49d@group-D9DBC2D30F98-SegmentedRaftLogWorker] INFO  segmented.SegmentedRaftLogWorker (SegmentedRaftLogWorker.java:execute(597)) - 7663c1a7-8e78-41aa-8e93-5b5c17bbe49d@group-D9DBC2D30F98-SegmentedRaftLogWorker: created new log segment /github/workspace/mnt/ozone/hadoop-ozone/integration-test/target/test-dir/MiniOzoneClusterImpl-aee58368-5372-437c-a4fb-204c17443453/datanode-0/data/ratis/06ccfb30-3a24-4ff5-895c-d9dbc2d30f98/current/log_inprogress_0
2020-12-08 15:10:20,298 [EventQueue-PipelineReportForOneReplicaPipelineSafeModeRule] INFO  safemode.SCMSafeModeManager (SCMSafeModeManager.java:validateSafeModeExitRules(214)) - AtleastOneDatanodeReportedRule rule is successfully validated
2020-12-08 15:10:20,298 [EventQueue-PipelineReportForPipelineReportHandler] INFO  pipeline.PipelineStateManager (PipelineStateManager.java:openPipeline(132)) - Pipeline Pipeline[ Id: ee6acdd9-50ff-47bc-9de6-3f6de316e943, Nodes: 394900d4-f08a-4746-ba22-1c2f81bb7b22{ip: 172.17.0.2, host: ce787eff9c24, networkLocation: /default-rack, certSerialId: null, persistedOpState: IN_SERVICE, persistedOpStateExpiryEpochSec: 0}3af59201-7b7b-400f-8f0b-8d2a065c6fc3{ip: 172.17.0.2, host: ce787eff9c24, networkLocation: /default-rack, certSerialId: null, persistedOpState: IN_SERVICE, persistedOpStateExpiryEpochSec: 0}7663c1a7-8e78-41aa-8e93-5b5c17bbe49d{ip: 172.17.0.2, host: ce787eff9c24, networkLocation: /default-rack, certSerialId: null, persistedOpState: IN_SERVICE, persistedOpStateExpiryEpochSec: 0}, Type:RATIS, Factor:THREE, State:ALLOCATED, leaderId:394900d4-f08a-4746-ba22-1c2f81bb7b22, CreationTimestamp2020-12-08T15:10:12.756Z] moved to OPEN state
2020-12-08 15:10:20,298 [EventQueue-OpenPipelineForHealthyPipelineSafeModeRule] INFO  safemode.SCMSafeModeManager (HealthyPipelineSafeModeRule.java:process(128)) - SCM in safe mode. Healthy pipelines reported count is 0, required healthy pipeline reported count is 1
2020-12-08 15:10:20,299 [EventQueue-OpenPipelineForHealthyPipelineSafeModeRule] INFO  safemode.SCMSafeModeManager (HealthyPipelineSafeModeRule.java:process(128)) - SCM in safe mode. Healthy pipelines reported count is 1, required healthy pipeline reported count is 1
2020-12-08 15:10:20,299 [EventQueue-OpenPipelineForHealthyPipelineSafeModeRule] INFO  safemode.SCMSafeModeManager (SCMSafeModeManager.java:validateSafeModeExitRules(214)) - HealthyPipelineSafeModeRule rule is successfully validated
2020-12-08 15:10:20,299 [EventQueue-OpenPipelineForHealthyPipelineSafeModeRule] INFO  safemode.SCMSafeModeManager (SCMSafeModeManager.java:validateSafeModeExitRules(228)) - ScmSafeModeManager, all rules are successfully validated
2020-12-08 15:10:20,299 [EventQueue-OpenPipelineForHealthyPipelineSafeModeRule] INFO  safemode.SCMSafeModeManager (SCMSafeModeManager.java:exitSafeMode(257)) - SCM exiting safe mode.
2020-12-08 15:10:20,300 [394900d4-f08a-4746-ba22-1c2f81bb7b22@group-3F6DE316E943-SegmentedRaftLogWorker] INFO  segmented.SegmentedRaftLogWorker (SegmentedRaftLogWorker.java:execute(597)) - 394900d4-f08a-4746-ba22-1c2f81bb7b22@group-3F6DE316E943-SegmentedRaftLogWorker: created new log segment /github/workspace/mnt/ozone/hadoop-ozone/integration-test/target/test-dir/MiniOzoneClusterImpl-aee58368-5372-437c-a4fb-204c17443453/datanode-1/data/ratis/ee6acdd9-50ff-47bc-9de6-3f6de316e943/current/log_inprogress_0
2020-12-08 15:10:20,307 [org.apache.ratis.server.JvmPauseMonitor@c2617f6-Monitor] WARN  server.JvmPauseMonitor (JvmPauseMonitor.java:run(141)) - Detected pause in JVM or host machine (eg GC): pause of approximately 3ms
GC pool 'PS MarkSweep' had collection(s): count=1 time=127ms
GC pool 'PS Scavenge' had collection(s): count=2 time=44ms
2020-12-08 15:10:20,302 [394900d4-f08a-4746-ba22-1c2f81bb7b22@group-3F6DE316E943-LeaderElection6] INFO  impl.RaftServerImpl (ServerState.java:setRaftConf(374)) - 394900d4-f08a-4746-ba22-1c2f81bb7b22@group-3F6DE316E943: set configuration 0: [394900d4-f08a-4746-ba22-1c2f81bb7b22|rpc:172.17.0.2:38593|dataStream:, 3af59201-7b7b-400f-8f0b-8d2a065c6fc3|rpc:172.17.0.2:33215|dataStream:, 7663c1a7-8e78-41aa-8e93-5b5c17bbe49d|rpc:172.17.0.2:37081|dataStream:], old=null at 0
2020-12-08 15:10:20,312 [grpc-default-executor-1] INFO  ratis.XceiverServerRatis (XceiverServerRatis.java:handleLeaderChangedNotification(854)) - Leader change notification received for group: group-3F6DE316E943 with new leaderId: 394900d4-f08a-4746-ba22-1c2f81bb7b22
2020-12-08 15:10:20,313 [grpc-default-executor-1] INFO  impl.RaftServerImpl (ServerState.java:setLeader(256)) - 3af59201-7b7b-400f-8f0b-8d2a065c6fc3@group-3F6DE316E943: change Leader from null to 394900d4-f08a-4746-ba22-1c2f81bb7b22 at term 1 for appendEntries, leader elected after 5048ms
2020-12-08 15:10:20,316 [7663c1a7-8e78-41aa-8e93-5b5c17bbe49d@group-3F6DE316E943-LeaderElection7] INFO  impl.LeaderElection (LeaderElection.java:logAndReturn(65)) - 7663c1a7-8e78-41aa-8e93-5b5c17bbe49d@group-3F6DE316E943-LeaderElection7: Election REJECTED; received 2 response(s) [7663c1a7-8e78-41aa-8e93-5b5c17bbe49d<-394900d4-f08a-4746-ba22-1c2f81bb7b22#0:FAIL-t1, 7663c1a7-8e78-41aa-8e93-5b5c17bbe49d<-3af59201-7b7b-400f-8f0b-8d2a065c6fc3#0:FAIL-t1] and 0 exception(s); 7663c1a7-8e78-41aa-8e93-5b5c17bbe49d@group-3F6DE316E943:t1, leader=null, voted=7663c1a7-8e78-41aa-8e93-5b5c17bbe49d, raftlog=7663c1a7-8e78-41aa-8e93-5b5c17bbe49d@group-3F6DE316E943-SegmentedRaftLog:OPENED:c-1,f-1,i0, conf=-1: [394900d4-f08a-4746-ba22-1c2f81bb7b22|rpc:172.17.0.2:38593, 3af59201-7b7b-400f-8f0b-8d2a065c6fc3|rpc:172.17.0.2:33215, 7663c1a7-8e78-41aa-8e93-5b5c17bbe49d|rpc:172.17.0.2:37081], old=null
2020-12-08 15:10:20,316 [7663c1a7-8e78-41aa-8e93-5b5c17bbe49d@group-3F6DE316E943-LeaderElection7] INFO  impl.RaftServerImpl (RaftServerImpl.java:setRole(204)) - 7663c1a7-8e78-41aa-8e93-5b5c17bbe49d@group-3F6DE316E943: changes role from CANDIDATE to FOLLOWER at term 1 for DISCOVERED_A_NEW_TERM
2020-12-08 15:10:20,316 [7663c1a7-8e78-41aa-8e93-5b5c17bbe49d@group-3F6DE316E943-LeaderElection7] INFO  impl.RoleInfo (RoleInfo.java:shutdownLeaderElection(134)) - 7663c1a7-8e78-41aa-8e93-5b5c17bbe49d: shutdown 7663c1a7-8e78-41aa-8e93-5b5c17bbe49d@group-3F6DE316E943-LeaderElection7
2020-12-08 15:10:20,316 [7663c1a7-8e78-41aa-8e93-5b5c17bbe49d@group-3F6DE316E943-LeaderElection7] INFO  impl.RoleInfo (RoleInfo.java:updateAndGet(143)) - 7663c1a7-8e78-41aa-8e93-5b5c17bbe49d: start 7663c1a7-8e78-41aa-8e93-5b5c17bbe49d@group-3F6DE316E943-FollowerState
2020-12-08 15:10:20,322 [grpc-default-executor-1] INFO  ratis.XceiverServerRatis (XceiverServerRatis.java:handleLeaderChangedNotification(854)) - Leader change notification received for group: group-3F6DE316E943 with new leaderId: 394900d4-f08a-4746-ba22-1c2f81bb7b22
2020-12-08 15:10:20,323 [grpc-default-executor-1] INFO  impl.RaftServerImpl (ServerState.java:setLeader(256)) - 7663c1a7-8e78-41aa-8e93-5b5c17bbe49d@group-3F6DE316E943: change Leader from null to 394900d4-f08a-4746-ba22-1c2f81bb7b22 at term 1 for appendEntries, leader elected after 5209ms
2020-12-08 15:10:20,324 [grpc-default-executor-4] INFO  impl.RaftServerImpl (ServerState.java:setRaftConf(374)) - 3af59201-7b7b-400f-8f0b-8d2a065c6fc3@group-3F6DE316E943: set configuration 0: [394900d4-f08a-4746-ba22-1c2f81bb7b22|rpc:172.17.0.2:38593|dataStream:, 3af59201-7b7b-400f-8f0b-8d2a065c6fc3|rpc:172.17.0.2:33215|dataStream:, 7663c1a7-8e78-41aa-8e93-5b5c17bbe49d|rpc:172.17.0.2:37081|dataStream:], old=null at 0
2020-12-08 15:10:20,324 [grpc-default-executor-4] INFO  segmented.SegmentedRaftLogWorker (SegmentedRaftLogWorker.java:startLogSegment(398)) - 3af59201-7b7b-400f-8f0b-8d2a065c6fc3@group-3F6DE316E943-SegmentedRaftLogWorker: Starting segment from index:0
2020-12-08 15:10:20,326 [3af59201-7b7b-400f-8f0b-8d2a065c6fc3@group-3F6DE316E943-SegmentedRaftLogWorker] INFO  segmented.SegmentedRaftLogWorker (SegmentedRaftLogWorker.java:execute(597)) - 3af59201-7b7b-400f-8f0b-8d2a065c6fc3@group-3F6DE316E943-SegmentedRaftLogWorker: created new log segment /github/workspace/mnt/ozone/hadoop-ozone/integration-test/target/test-dir/MiniOzoneClusterImpl-aee58368-5372-437c-a4fb-204c17443453/datanode-2/data/ratis/ee6acdd9-50ff-47bc-9de6-3f6de316e943/current/log_inprogress_0
2020-12-08 15:10:20,333 [grpc-default-executor-1] INFO  impl.RaftServerImpl (ServerState.java:setRaftConf(374)) - 7663c1a7-8e78-41aa-8e93-5b5c17bbe49d@group-3F6DE316E943: set configuration 0: [394900d4-f08a-4746-ba22-1c2f81bb7b22|rpc:172.17.0.2:38593|dataStream:, 3af59201-7b7b-400f-8f0b-8d2a065c6fc3|rpc:172.17.0.2:33215|dataStream:, 7663c1a7-8e78-41aa-8e93-5b5c17bbe49d|rpc:172.17.0.2:37081|dataStream:], old=null at 0
2020-12-08 15:10:20,333 [grpc-default-executor-1] INFO  segmented.SegmentedRaftLogWorker (SegmentedRaftLogWorker.java:startLogSegment(398)) - 7663c1a7-8e78-41aa-8e93-5b5c17bbe49d@group-3F6DE316E943-SegmentedRaftLogWorker: Starting segment from index:0
2020-12-08 15:10:20,335 [7663c1a7-8e78-41aa-8e93-5b5c17bbe49d@group-3F6DE316E943-SegmentedRaftLogWorker] INFO  segmented.SegmentedRaftLogWorker (SegmentedRaftLogWorker.java:execute(597)) - 7663c1a7-8e78-41aa-8e93-5b5c17bbe49d@group-3F6DE316E943-SegmentedRaftLogWorker: created new log segment /github/workspace/mnt/ozone/hadoop-ozone/integration-test/target/test-dir/MiniOzoneClusterImpl-aee58368-5372-437c-a4fb-204c17443453/datanode-0/data/ratis/ee6acdd9-50ff-47bc-9de6-3f6de316e943/current/log_inprogress_0
2020-12-08 15:10:20,670 [Thread-319] INFO  impl.FollowerState (FollowerState.java:run(128)) - 394900d4-f08a-4746-ba22-1c2f81bb7b22@group-92971B11D4C8-FollowerState: change to CANDIDATE, lastRpcTime:5108ms, electionTimeout:5106ms
2020-12-08 15:10:20,670 [Thread-319] INFO  impl.RoleInfo (RoleInfo.java:shutdownFollowerState(121)) - 394900d4-f08a-4746-ba22-1c2f81bb7b22: shutdown 394900d4-f08a-4746-ba22-1c2f81bb7b22@group-92971B11D4C8-FollowerState
2020-12-08 15:10:20,670 [Thread-319] INFO  impl.RaftServerImpl (RaftServerImpl.java:setRole(204)) - 394900d4-f08a-4746-ba22-1c2f81bb7b22@group-92971B11D4C8: changes role from  FOLLOWER to CANDIDATE at term 0 for changeToCandidate
2020-12-08 15:10:20,670 [Thread-319] INFO  impl.RoleInfo (RoleInfo.java:updateAndGet(143)) - 394900d4-f08a-4746-ba22-1c2f81bb7b22: start 394900d4-f08a-4746-ba22-1c2f81bb7b22@group-92971B11D4C8-LeaderElection9
2020-12-08 15:10:20,674 [394900d4-f08a-4746-ba22-1c2f81bb7b22@group-92971B11D4C8-LeaderElection9] INFO  impl.LeaderElection (LeaderElection.java:askForVotes(215)) - 394900d4-f08a-4746-ba22-1c2f81bb7b22@group-92971B11D4C8-LeaderElection9: begin an election at term 1 for -1: [394900d4-f08a-4746-ba22-1c2f81bb7b22|rpc:172.17.0.2:38593], old=null
2020-12-08 15:10:20,674 [394900d4-f08a-4746-ba22-1c2f81bb7b22@group-92971B11D4C8-LeaderElection9] INFO  impl.RoleInfo (RoleInfo.java:shutdownLeaderElection(134)) - 394900d4-f08a-4746-ba22-1c2f81bb7b22: shutdown 394900d4-f08a-4746-ba22-1c2f81bb7b22@group-92971B11D4C8-LeaderElection9
2020-12-08 15:10:20,674 [394900d4-f08a-4746-ba22-1c2f81bb7b22@group-92971B11D4C8-LeaderElection9] INFO  impl.RaftServerImpl (RaftServerImpl.java:setRole(204)) - 394900d4-f08a-4746-ba22-1c2f81bb7b22@group-92971B11D4C8: changes role from CANDIDATE to LEADER at term 1 for changeToLeader
2020-12-08 15:10:20,674 [394900d4-f08a-4746-ba22-1c2f81bb7b22@group-92971B11D4C8-LeaderElection9] INFO  ratis.XceiverServerRatis (XceiverServerRatis.java:handleLeaderChangedNotification(854)) - Leader change notification received for group: group-92971B11D4C8 with new leaderId: 394900d4-f08a-4746-ba22-1c2f81bb7b22
2020-12-08 15:10:20,674 [394900d4-f08a-4746-ba22-1c2f81bb7b22@group-92971B11D4C8-LeaderElection9] INFO  impl.RaftServerImpl (ServerState.java:setLeader(256)) - 394900d4-f08a-4746-ba22-1c2f81bb7b22@group-92971B11D4C8: change Leader from null to 394900d4-f08a-4746-ba22-1c2f81bb7b22 at term 1 for becomeLeader, leader elected after 5122ms
2020-12-08 15:10:20,675 [394900d4-f08a-4746-ba22-1c2f81bb7b22@group-92971B11D4C8-LeaderElection9] INFO  server.RaftServerConfigKeys (ConfUtils.java:logGet(44)) - raft.server.staging.catchup.gap = 1000 (default)
2020-12-08 15:10:20,675 [394900d4-f08a-4746-ba22-1c2f81bb7b22@group-92971B11D4C8-LeaderElection9] INFO  server.RaftServerConfigKeys (ConfUtils.java:logGet(44)) - raft.server.rpc.sleep.time = 25ms (default)
2020-12-08 15:10:20,675 [394900d4-f08a-4746-ba22-1c2f81bb7b22@group-92971B11D4C8-LeaderElection9] INFO  metrics.RatisMetrics (RatisMetrics.java:lambda$create$0(36)) - Creating Metrics Registry : ratis.log_appender.394900d4-f08a-4746-ba22-1c2f81bb7b22@group-92971B11D4C8
2020-12-08 15:10:20,684 [394900d4-f08a-4746-ba22-1c2f81bb7b22@group-92971B11D4C8-LeaderElection9] INFO  server.RaftServerConfigKeys (ConfUtils.java:logGet(44)) - raft.server.write.element-limit = 1024 (custom)
2020-12-08 15:10:20,684 [394900d4-f08a-4746-ba22-1c2f81bb7b22@group-92971B11D4C8-LeaderElection9] INFO  server.RaftServerConfigKeys (ConfUtils.java:logGet(44)) - raft.server.write.byte-limit = 1073741824 (custom)
2020-12-08 15:10:20,684 [394900d4-f08a-4746-ba22-1c2f81bb7b22@group-92971B11D4C8-LeaderElection9] INFO  server.RaftServerConfigKeys (ConfUtils.java:logGet(44)) - raft.server.watch.timeout = 180s (custom)
2020-12-08 15:10:20,684 [394900d4-f08a-4746-ba22-1c2f81bb7b22@group-92971B11D4C8-LeaderElection9] INFO  server.RaftServerConfigKeys (ConfUtils.java:logGet(44)) - raft.server.watch.timeout.denomination = 1s (default)
2020-12-08 15:10:20,684 [394900d4-f08a-4746-ba22-1c2f81bb7b22@group-92971B11D4C8-LeaderElection9] INFO  server.RaftServerConfigKeys (ConfUtils.java:logGet(44)) - raft.server.watch.element-limit = 65536 (default)
2020-12-08 15:10:20,685 [394900d4-f08a-4746-ba22-1c2f81bb7b22@group-92971B11D4C8-LeaderElection9] INFO  impl.RoleInfo (RoleInfo.java:updateAndGet(143)) - 394900d4-f08a-4746-ba22-1c2f81bb7b22: start 394900d4-f08a-4746-ba22-1c2f81bb7b22@group-92971B11D4C8-LeaderState
2020-12-08 15:10:20,685 [394900d4-f08a-4746-ba22-1c2f81bb7b22@group-92971B11D4C8-LeaderElection9] INFO  segmented.SegmentedRaftLogWorker (SegmentedRaftLogWorker.java:startLogSegment(398)) - 394900d4-f08a-4746-ba22-1c2f81bb7b22@group-92971B11D4C8-SegmentedRaftLogWorker: Starting segment from index:0
2020-12-08 15:10:20,685 [394900d4-f08a-4746-ba22-1c2f81bb7b22@group-92971B11D4C8-LeaderElection9] INFO  impl.RaftServerImpl (ServerState.java:setRaftConf(374)) - 394900d4-f08a-4746-ba22-1c2f81bb7b22@group-92971B11D4C8: set configuration 0: [394900d4-f08a-4746-ba22-1c2f81bb7b22|rpc:172.17.0.2:38593|dataStream:], old=null at 0
2020-12-08 15:10:20,686 [394900d4-f08a-4746-ba22-1c2f81bb7b22@group-92971B11D4C8-SegmentedRaftLogWorker] INFO  segmented.SegmentedRaftLogWorker (SegmentedRaftLogWorker.java:execute(597)) - 394900d4-f08a-4746-ba22-1c2f81bb7b22@group-92971B11D4C8-SegmentedRaftLogWorker: created new log segment /github/workspace/mnt/ozone/hadoop-ozone/integration-test/target/test-dir/MiniOzoneClusterImpl-aee58368-5372-437c-a4fb-204c17443453/datanode-1/data/ratis/7b494c7c-c34f-49bc-9bce-92971b11d4c8/current/log_inprogress_0
2020-12-08 15:10:20,756 [Listener at 127.0.0.1/12648] INFO  ozone.MiniOzoneClusterImpl (MiniOzoneClusterImpl.java:lambda$waitForClusterToBeReady$0(178)) - Nodes are ready. Got 3 of 3 DN Heartbeats.
2020-12-08 15:10:20,756 [Listener at 127.0.0.1/12648] INFO  ozone.MiniOzoneClusterImpl (MiniOzoneClusterImpl.java:lambda$waitForClusterToBeReady$0(181)) - Cluster exits safe mode
2020-12-08 15:10:20,822 [Thread-321] INFO  impl.FollowerState (FollowerState.java:run(128)) - 3af59201-7b7b-400f-8f0b-8d2a065c6fc3@group-38B237208B3A-FollowerState: change to CANDIDATE, lastRpcTime:5053ms, electionTimeout:5053ms
2020-12-08 15:10:20,822 [Thread-321] INFO  impl.RoleInfo (RoleInfo.java:shutdownFollowerState(121)) - 3af59201-7b7b-400f-8f0b-8d2a065c6fc3: shutdown 3af59201-7b7b-400f-8f0b-8d2a065c6fc3@group-38B237208B3A-FollowerState
2020-12-08 15:10:20,822 [Thread-321] INFO  impl.RaftServerImpl (RaftServerImpl.java:setRole(204)) - 3af59201-7b7b-400f-8f0b-8d2a065c6fc3@group-38B237208B3A: changes role from  FOLLOWER to CANDIDATE at term 0 for changeToCandidate
2020-12-08 15:10:20,822 [Thread-321] INFO  impl.RoleInfo (RoleInfo.java:updateAndGet(143)) - 3af59201-7b7b-400f-8f0b-8d2a065c6fc3: start 3af59201-7b7b-400f-8f0b-8d2a065c6fc3@group-38B237208B3A-LeaderElection10
2020-12-08 15:10:20,834 [3af59201-7b7b-400f-8f0b-8d2a065c6fc3@group-38B237208B3A-LeaderElection10] INFO  impl.LeaderElection (LeaderElection.java:askForVotes(215)) - 3af59201-7b7b-400f-8f0b-8d2a065c6fc3@group-38B237208B3A-LeaderElection10: begin an election at term 1 for -1: [3af59201-7b7b-400f-8f0b-8d2a065c6fc3|rpc:172.17.0.2:33215], old=null
2020-12-08 15:10:20,834 [3af59201-7b7b-400f-8f0b-8d2a065c6fc3@group-38B237208B3A-LeaderElection10] INFO  impl.RoleInfo (RoleInfo.java:shutdownLeaderElection(134)) - 3af59201-7b7b-400f-8f0b-8d2a065c6fc3: shutdown 3af59201-7b7b-400f-8f0b-8d2a065c6fc3@group-38B237208B3A-LeaderElection10
2020-12-08 15:10:20,834 [3af59201-7b7b-400f-8f0b-8d2a065c6fc3@group-38B237208B3A-LeaderElection10] INFO  impl.RaftServerImpl (RaftServerImpl.java:setRole(204)) - 3af59201-7b7b-400f-8f0b-8d2a065c6fc3@group-38B237208B3A: changes role from CANDIDATE to LEADER at term 1 for changeToLeader
2020-12-08 15:10:20,834 [3af59201-7b7b-400f-8f0b-8d2a065c6fc3@group-38B237208B3A-LeaderElection10] INFO  ratis.XceiverServerRatis (XceiverServerRatis.java:handleLeaderChangedNotification(854)) - Leader change notification received for group: group-38B237208B3A with new leaderId: 3af59201-7b7b-400f-8f0b-8d2a065c6fc3
2020-12-08 15:10:20,834 [3af59201-7b7b-400f-8f0b-8d2a065c6fc3@group-38B237208B3A-LeaderElection10] INFO  impl.RaftServerImpl (ServerState.java:setLeader(256)) - 3af59201-7b7b-400f-8f0b-8d2a065c6fc3@group-38B237208B3A: change Leader from null to 3af59201-7b7b-400f-8f0b-8d2a065c6fc3 at term 1 for becomeLeader, leader elected after 5078ms
2020-12-08 15:10:20,834 [3af59201-7b7b-400f-8f0b-8d2a065c6fc3@group-38B237208B3A-LeaderElection10] INFO  server.RaftServerConfigKeys (ConfUtils.java:logGet(44)) - raft.server.staging.catchup.gap = 1000 (default)
2020-12-08 15:10:20,835 [3af59201-7b7b-400f-8f0b-8d2a065c6fc3@group-38B237208B3A-LeaderElection10] INFO  server.RaftServerConfigKeys (ConfUtils.java:logGet(44)) - raft.server.rpc.sleep.time = 25ms (default)
2020-12-08 15:10:20,835 [3af59201-7b7b-400f-8f0b-8d2a065c6fc3@group-38B237208B3A-LeaderElection10] INFO  metrics.RatisMetrics (RatisMetrics.java:lambda$create$0(36)) - Creating Metrics Registry : ratis.log_appender.3af59201-7b7b-400f-8f0b-8d2a065c6fc3@group-38B237208B3A
2020-12-08 15:10:20,835 [3af59201-7b7b-400f-8f0b-8d2a065c6fc3@group-38B237208B3A-LeaderElection10] INFO  server.RaftServerConfigKeys (ConfUtils.java:logGet(44)) - raft.server.write.element-limit = 1024 (custom)
2020-12-08 15:10:20,835 [3af59201-7b7b-400f-8f0b-8d2a065c6fc3@group-38B237208B3A-LeaderElection10] INFO  server.RaftServerConfigKeys (ConfUtils.java:logGet(44)) - raft.server.write.byte-limit = 1073741824 (custom)
2020-12-08 15:10:20,835 [3af59201-7b7b-400f-8f0b-8d2a065c6fc3@group-38B237208B3A-LeaderElection10] INFO  server.RaftServerConfigKeys (ConfUtils.java:logGet(44)) - raft.server.watch.timeout = 180s (custom)
2020-12-08 15:10:20,835 [3af59201-7b7b-400f-8f0b-8d2a065c6fc3@group-38B237208B3A-LeaderElection10] INFO  server.RaftServerConfigKeys (ConfUtils.java:logGet(44)) - raft.server.watch.timeout.denomination = 1s (default)
2020-12-08 15:10:20,835 [3af59201-7b7b-400f-8f0b-8d2a065c6fc3@group-38B237208B3A-LeaderElection10] INFO  server.RaftServerConfigKeys (ConfUtils.java:logGet(44)) - raft.server.watch.element-limit = 65536 (default)
2020-12-08 15:10:20,838 [3af59201-7b7b-400f-8f0b-8d2a065c6fc3@group-38B237208B3A-LeaderElection10] INFO  impl.RoleInfo (RoleInfo.java:updateAndGet(143)) - 3af59201-7b7b-400f-8f0b-8d2a065c6fc3: start 3af59201-7b7b-400f-8f0b-8d2a065c6fc3@group-38B237208B3A-LeaderState
2020-12-08 15:10:20,839 [3af59201-7b7b-400f-8f0b-8d2a065c6fc3@group-38B237208B3A-LeaderElection10] INFO  segmented.SegmentedRaftLogWorker (SegmentedRaftLogWorker.java:startLogSegment(398)) - 3af59201-7b7b-400f-8f0b-8d2a065c6fc3@group-38B237208B3A-SegmentedRaftLogWorker: Starting segment from index:0
2020-12-08 15:10:20,840 [3af59201-7b7b-400f-8f0b-8d2a065c6fc3@group-38B237208B3A-SegmentedRaftLogWorker] INFO  segmented.SegmentedRaftLogWorker (SegmentedRaftLogWorker.java:execute(597)) - 3af59201-7b7b-400f-8f0b-8d2a065c6fc3@group-38B237208B3A-SegmentedRaftLogWorker: created new log segment /github/workspace/mnt/ozone/hadoop-ozone/integration-test/target/test-dir/MiniOzoneClusterImpl-aee58368-5372-437c-a4fb-204c17443453/datanode-2/data/ratis/e6d28aab-9d3b-4dd5-a8b9-38b237208b3a/current/log_inprogress_0
2020-12-08 15:10:20,846 [3af59201-7b7b-400f-8f0b-8d2a065c6fc3@group-38B237208B3A-LeaderElection10] INFO  impl.RaftServerImpl (ServerState.java:setRaftConf(374)) - 3af59201-7b7b-400f-8f0b-8d2a065c6fc3@group-38B237208B3A: set configuration 0: [3af59201-7b7b-400f-8f0b-8d2a065c6fc3|rpc:172.17.0.2:33215|dataStream:], old=null at 0
2020-12-08 15:10:21,247 [Listener at 127.0.0.1/12648] INFO  rpc.RpcClient (RpcClient.java:createVolume(272)) - Creating Volume: a0514a07-fd3a-46ad-abd7-9deadba5d6a9, with jenkins1001 as owner.
2020-12-08 15:10:21,326 [org.apache.ratis.server.JvmPauseMonitor@c2617f6-Monitor] WARN  server.JvmPauseMonitor (JvmPauseMonitor.java:run(141)) - Detected pause in JVM or host machine (eg GC): pause of approximately 16ms
GC pool 'PS MarkSweep' had collection(s): count=1 time=127ms
GC pool 'PS Scavenge' had collection(s): count=3 time=64ms
2020-12-08 15:10:21,407 [OM StateMachine ApplyTransaction Thread - 0] INFO  volume.OMVolumeCreateRequest (OMVolumeCreateRequest.java:validateAndUpdateCache(196)) - created volume:a0514a07-fd3a-46ad-abd7-9deadba5d6a9 for user:jenkins1001
2020-12-08 15:10:21,407 [OM StateMachine ApplyTransaction Thread - 0] INFO  volume.OMVolumeCreateRequest (OMVolumeCreateRequest.java:validateAndUpdateCache(196)) - created volume:a0514a07-fd3a-46ad-abd7-9deadba5d6a9 for user:jenkins1001
2020-12-08 15:10:21,407 [OM StateMachine ApplyTransaction Thread - 0] INFO  volume.OMVolumeCreateRequest (OMVolumeCreateRequest.java:validateAndUpdateCache(196)) - created volume:a0514a07-fd3a-46ad-abd7-9deadba5d6a9 for user:jenkins1001
2020-12-08 15:10:21,434 [OM StateMachine ApplyTransaction Thread - 0] INFO  volume.OMVolumeCreateRequest (OMVolumeCreateRequest.java:validateAndUpdateCache(196)) - created volume:eda70910-2a73-4249-b74f-45de402a85b5 for user:jenkins1001
2020-12-08 15:10:21,442 [OM StateMachine ApplyTransaction Thread - 0] INFO  volume.OMVolumeCreateRequest (OMVolumeCreateRequest.java:validateAndUpdateCache(196)) - created volume:eda70910-2a73-4249-b74f-45de402a85b5 for user:jenkins1001
2020-12-08 15:10:21,442 [OM StateMachine ApplyTransaction Thread - 0] INFO  volume.OMVolumeCreateRequest (OMVolumeCreateRequest.java:validateAndUpdateCache(196)) - created volume:eda70910-2a73-4249-b74f-45de402a85b5 for user:jenkins1001
2020-12-08 15:10:21,447 [Listener at 127.0.0.1/12648] INFO  ozone.MiniOzoneClusterImpl (MiniOzoneClusterImpl.java:shutdown(388)) - Shutting down the Mini Ozone Cluster
2020-12-08 15:10:21,447 [Listener at 127.0.0.1/12648] INFO  ozone.MiniOzoneHAClusterImpl (MiniOzoneHAClusterImpl.java:stop(230)) - Stopping the OzoneManager omNode-3
2020-12-08 15:10:21,447 [Listener at 127.0.0.1/12648] INFO  ipc.Server (Server.java:stop(3359)) - Stopping server on 12648
2020-12-08 15:10:21,451 [IPC Server listener on 12648] INFO  ipc.Server (Server.java:run(1330)) - Stopping IPC Server listener on 12648
2020-12-08 15:10:21,452 [IPC Server Responder] INFO  ipc.Server (Server.java:run(1465)) - Stopping IPC Server Responder
2020-12-08 15:10:21,452 [Listener at 127.0.0.1/12648] INFO  impl.RaftServerProxy (RaftServerProxy.java:lambda$close$4(338)) - omNode-3: close
2020-12-08 15:10:21,453 [Listener at 127.0.0.1/12648] INFO  impl.RaftServerImpl (RaftServerImpl.java:lambda$shutdown$3(328)) - omNode-3@group-523986131536: shutdown
2020-12-08 15:10:21,454 [Listener at 127.0.0.1/12648] INFO  util.JmxRegister (JmxRegister.java:unregister(73)) - Successfully un-registered JMX Bean with object name Ratis:service=RaftServer,group=group-523986131536,id=omNode-3
2020-12-08 15:10:21,454 [Listener at 127.0.0.1/12648] INFO  impl.RoleInfo (RoleInfo.java:shutdownFollowerState(121)) - omNode-3: shutdown omNode-3@group-523986131536-FollowerState
2020-12-08 15:10:21,454 [Listener at 127.0.0.1/12648] INFO  impl.StateMachineUpdater (StateMachineUpdater.java:stopAndJoin(147)) - omNode-3@group-523986131536-StateMachineUpdater: set stopIndex = 3
2020-12-08 15:10:21,454 [Thread-258] INFO  impl.FollowerState (FollowerState.java:run(137)) - omNode-3@group-523986131536-FollowerState was interrupted: {}
java.lang.InterruptedException: sleep interrupted
	at java.lang.Thread.sleep(Native Method)
	at org.apache.ratis.util.JavaUtils.sleep(JavaUtils.java:250)
	at org.apache.ratis.server.impl.FollowerState.run(FollowerState.java:116)
2020-12-08 15:10:21,454 [omNode-3@group-523986131536-StateMachineUpdater] INFO  ratis.OzoneManagerStateMachine (OzoneManagerStateMachine.java:takeSnapshot(345)) - Current Snapshot Index (t:2, i:3)
2020-12-08 15:10:21,455 [omNode-3@group-523986131536-StateMachineUpdater] INFO  impl.StateMachineUpdater (StateMachineUpdater.java:takeSnapshot(278)) - omNode-3@group-523986131536-StateMachineUpdater: Took a snapshot at index 3
2020-12-08 15:10:21,457 [omNode-3@group-523986131536-StateMachineUpdater] INFO  impl.StateMachineUpdater (StateMachineUpdater.java:lambda$new$0(87)) - omNode-3@group-523986131536-StateMachineUpdater: snapshotIndex: updateIncreasingly -1 -> 3
2020-12-08 15:10:21,457 [omNode-3@group-523986131536-StateMachineUpdater] INFO  metrics.RatisMetrics (RatisMetrics.java:unregister(43)) - Unregistering Metrics Registry : ratis.state_machine.omNode-3@group-523986131536
2020-12-08 15:10:21,458 [Listener at 127.0.0.1/12648] INFO  impl.RaftServerImpl (ServerState.java:close(406)) - omNode-3@group-523986131536: closes. applyIndex: 3
2020-12-08 15:10:21,459 [omNode-3@group-523986131536-SegmentedRaftLogWorker] INFO  segmented.SegmentedRaftLogWorker (SegmentedRaftLogWorker.java:run(329)) - omNode-3@group-523986131536-SegmentedRaftLogWorker was interrupted, exiting. There are 0 tasks remaining in the queue.
2020-12-08 15:10:21,461 [Listener at 127.0.0.1/12648] INFO  segmented.SegmentedRaftLogWorker (SegmentedRaftLogWorker.java:close(235)) - omNode-3@group-523986131536-SegmentedRaftLogWorker close()
2020-12-08 15:10:21,462 [Listener at 127.0.0.1/12648] INFO  metrics.RatisMetrics (RatisMetrics.java:unregister(43)) - Unregistering Metrics Registry : ratis.log_worker.omNode-3@group-523986131536
2020-12-08 15:10:21,463 [Listener at 127.0.0.1/12648] INFO  metrics.RatisMetrics (RatisMetrics.java:unregister(43)) - Unregistering Metrics Registry : ratis.leader_election.omNode-3@group-523986131536
2020-12-08 15:10:21,463 [Listener at 127.0.0.1/12648] INFO  metrics.RatisMetrics (RatisMetrics.java:unregister(43)) - Unregistering Metrics Registry : ratis.server.omNode-3@group-523986131536
2020-12-08 15:10:21,463 [Listener at 127.0.0.1/12648] INFO  server.GrpcService (GrpcService.java:closeImpl(184)) - omNode-3: shutdown server with port 12652 now
2020-12-08 15:10:21,473 [grpc-default-executor-4] WARN  server.GrpcServerProtocolService (LogUtils.java:warn(122)) - omNode-3: installSnapshot onError, lastRequest: omNode-1->omNode-3#82-t2, previous=(t:2, i:3), leaderCommit=3, initializing? false, entries: size=1, first=(t:2, i:4), METADATAENTRY(c:3): org.apache.ratis.thirdparty.io.grpc.StatusRuntimeException: CANCELLED: cancelled before receiving half close
2020-12-08 15:10:21,478 [grpc-default-executor-0] WARN  server.GrpcLogAppender (LogUtils.java:warn(122)) - omNode-1@group-523986131536->omNode-3-AppendLogResponseHandler: Failed appendEntries: org.apache.ratis.thirdparty.io.grpc.StatusRuntimeException: CANCELLED: HTTP/2 error code: CANCEL
Received Rst Stream
2020-12-08 15:10:21,480 [grpc-default-executor-0] INFO  impl.FollowerInfo (FollowerInfo.java:lambda$new$0(51)) - omNode-1@group-523986131536->omNode-3: nextIndex: updateUnconditionally 5 -> 4
2020-12-08 15:10:21,490 [grpc-default-executor-1] WARN  server.GrpcLogAppender (LogUtils.java:warn(122)) - omNode-1@group-523986131536->omNode-3-AppendLogResponseHandler: Failed appendEntries: org.apache.ratis.thirdparty.io.grpc.StatusRuntimeException: UNAVAILABLE: io exception
2020-12-08 15:10:21,492 [Listener at 127.0.0.1/12648] INFO  server.GrpcService (GrpcService.java:closeImpl(193)) - omNode-3: shutdown server with port 12652 successfully
2020-12-08 15:10:21,492 [Listener at 127.0.0.1/12648] INFO  ratis.OzoneManagerDoubleBuffer (OzoneManagerDoubleBuffer.java:stop(457)) - Stopping OMDoubleBuffer flush thread
2020-12-08 15:10:21,492 [OMDoubleBufferFlushThread] INFO  ratis.OzoneManagerDoubleBuffer (OzoneManagerDoubleBuffer.java:flushTransactions(356)) - OMDoubleBuffer flush thread OMDoubleBufferFlushThread is interrupted and will exit. OMDoubleBufferFlushThread
2020-12-08 15:10:21,493 [Listener at 127.0.0.1/12648] INFO  ratis.OzoneManagerStateMachine (HadoopExecutors.java:shutdown(118)) - Gracefully shutting down executor service. Waiting max 5 SECONDS
2020-12-08 15:10:21,493 [Listener at 127.0.0.1/12648] INFO  ratis.OzoneManagerStateMachine (HadoopExecutors.java:shutdown(129)) - Succesfully shutdown executor service
2020-12-08 15:10:21,493 [Listener at 127.0.0.1/12648] INFO  ratis.OzoneManagerStateMachine (HadoopExecutors.java:shutdown(118)) - Gracefully shutting down executor service. Waiting max 5 SECONDS
2020-12-08 15:10:21,494 [Listener at 127.0.0.1/12648] INFO  ratis.OzoneManagerStateMachine (HadoopExecutors.java:shutdown(129)) - Succesfully shutdown executor service
2020-12-08 15:10:21,494 [Listener at 127.0.0.1/12648] INFO  utils.BackgroundService (BackgroundService.java:shutdown(132)) - Shutting down service KeyDeletingService
2020-12-08 15:10:21,495 [Listener at 127.0.0.1/12648] INFO  handler.ContextHandler (ContextHandler.java:doStop(1154)) - Stopped o.e.j.w.WebAppContext@4de82d60{ozoneManager,/,null,STOPPED}{file:/github/workspace/mnt/ozone/hadoop-ozone/integration-test/target/test-classes/webapps/ozoneManager}
2020-12-08 15:10:21,492 [grpc-default-executor-1] INFO  impl.FollowerInfo (FollowerInfo.java:lambda$new$0(51)) - omNode-1@group-523986131536->omNode-3: nextIndex: updateUnconditionally 5 -> 4
2020-12-08 15:10:21,502 [Listener at 127.0.0.1/12648] INFO  server.AbstractConnector (AbstractConnector.java:doStop(381)) - Stopped ServerConnector@7b0aedac{HTTP/1.1, (http/1.1)}{0.0.0.0:12650}
2020-12-08 15:10:21,502 [Listener at 127.0.0.1/12648] INFO  server.session (HouseKeeper.java:stopScavenging(149)) - node0 Stopped scavenging
2020-12-08 15:10:21,502 [Listener at 127.0.0.1/12648] INFO  handler.ContextHandler (ContextHandler.java:doStop(1154)) - Stopped o.e.j.s.ServletContextHandler@445c3c13{static,/static,file:///github/workspace/mnt/ozone/hadoop-ozone/integration-test/target/test-classes/webapps/static,STOPPED}
2020-12-08 15:10:21,502 [Listener at 127.0.0.1/12648] INFO  handler.ContextHandler (ContextHandler.java:doStop(1154)) - Stopped o.e.j.s.ServletContextHandler@5d5cdad5{logs,/logs,file:///github/workspace/mnt/ozone/hadoop-ozone/integration-test/target/log,STOPPED}
2020-12-08 15:10:21,505 [Listener at 127.0.0.1/12648] INFO  ozone.MiniOzoneHAClusterImpl (MiniOzoneHAClusterImpl.java:stop(230)) - Stopping the OzoneManager omNode-1
2020-12-08 15:10:21,513 [Listener at 127.0.0.1/12648] INFO  ipc.Server (Server.java:stop(3359)) - Stopping server on 12636
2020-12-08 15:10:21,515 [IPC Server Responder] INFO  ipc.Server (Server.java:run(1465)) - Stopping IPC Server Responder
2020-12-08 15:10:21,515 [IPC Server listener on 12636] INFO  ipc.Server (Server.java:run(1330)) - Stopping IPC Server listener on 12636
2020-12-08 15:10:21,516 [Listener at 127.0.0.1/12648] INFO  impl.RaftServerProxy (RaftServerProxy.java:lambda$close$4(338)) - omNode-1: close
2020-12-08 15:10:21,516 [Listener at 127.0.0.1/12648] INFO  impl.RaftServerImpl (RaftServerImpl.java:lambda$shutdown$3(328)) - omNode-1@group-523986131536: shutdown
2020-12-08 15:10:21,516 [Listener at 127.0.0.1/12648] INFO  util.JmxRegister (JmxRegister.java:unregister(73)) - Successfully un-registered JMX Bean with object name Ratis:service=RaftServer,group=group-523986131536,id=omNode-1
2020-12-08 15:10:21,517 [Listener at 127.0.0.1/12648] INFO  impl.RoleInfo (RoleInfo.java:shutdownLeaderState(104)) - omNode-1: shutdown omNode-1@group-523986131536-LeaderState
2020-12-08 15:10:21,517 [Listener at 127.0.0.1/12648] INFO  metrics.RatisMetrics (RatisMetrics.java:unregister(43)) - Unregistering Metrics Registry : ratis_grpc.log_appender.omNode-1@group-523986131536
2020-12-08 15:10:21,517 [Listener at 127.0.0.1/12648] INFO  metrics.RatisMetrics (RatisMetrics.java:unregister(43)) - Unregistering Metrics Registry : ratis_grpc.log_appender.omNode-1@group-523986131536
2020-12-08 15:10:21,518 [Listener at 127.0.0.1/12648] INFO  impl.PendingRequests (PendingRequests.java:sendNotLeaderResponses(250)) - omNode-1@group-523986131536-PendingRequests: sendNotLeaderResponses
2020-12-08 15:10:21,519 [org.apache.ratis.server.impl.LogAppender$AppenderDaemon$$Lambda$364/1025083829@673786a0] WARN  server.GrpcLogAppender (GrpcLogAppender.java:mayWait(168)) - omNode-1@group-523986131536->omNode-2-GrpcLogAppender: Wait interrupted by java.lang.InterruptedException
2020-12-08 15:10:21,517 [org.apache.ratis.server.impl.LogAppender$AppenderDaemon$$Lambda$364/1025083829@78a1cb8b] WARN  server.GrpcLogAppender (GrpcLogAppender.java:mayWait(168)) - omNode-1@group-523986131536->omNode-3-GrpcLogAppender: Wait interrupted by java.lang.InterruptedException
2020-12-08 15:10:21,520 [grpc-default-executor-1] INFO  server.GrpcServerProtocolService (GrpcServerProtocolService.java:onCompleted(138)) - omNode-2: Completed APPEND_ENTRIES, lastRequest: omNode-1->omNode-2#84-t2, previous=(t:2, i:3), leaderCommit=3, initializing? false, entries: size=1, first=(t:2, i:4), METADATAENTRY(c:3)
2020-12-08 15:10:21,521 [Listener at 127.0.0.1/12648] INFO  metrics.RatisMetrics (RatisMetrics.java:unregister(43)) - Unregistering Metrics Registry : ratis.log_appender.omNode-1@group-523986131536
2020-12-08 15:10:21,522 [Listener at 127.0.0.1/12648] INFO  metrics.RatisMetrics (RatisMetrics.java:unregister(43)) - Unregistering Metrics Registry : ratis.server.omNode-1@group-523986131536
2020-12-08 15:10:21,523 [omNode-1@group-523986131536-StateMachineUpdater] INFO  ratis.OzoneManagerStateMachine (OzoneManagerStateMachine.java:takeSnapshot(345)) - Current Snapshot Index (t:2, i:4)
2020-12-08 15:10:21,522 [grpc-default-executor-4] INFO  server.GrpcLogAppender (GrpcLogAppender.java:onCompleted(337)) - omNode-1@group-523986131536->omNode-2-AppendLogResponseHandler: follower responses appendEntries COMPLETED
2020-12-08 15:10:21,523 [Listener at 127.0.0.1/12648] INFO  impl.StateMachineUpdater (StateMachineUpdater.java:stopAndJoin(147)) - omNode-1@group-523986131536-StateMachineUpdater: set stopIndex = 4
2020-12-08 15:10:21,523 [omNode-1@group-523986131536-StateMachineUpdater] INFO  impl.StateMachineUpdater (StateMachineUpdater.java:takeSnapshot(278)) - omNode-1@group-523986131536-StateMachineUpdater: Took a snapshot at index 4
2020-12-08 15:10:21,526 [grpc-default-executor-4] INFO  impl.FollowerInfo (FollowerInfo.java:lambda$new$0(51)) - omNode-1@group-523986131536->omNode-2: nextIndex: updateUnconditionally 5 -> 4
2020-12-08 15:10:21,526 [omNode-1@group-523986131536-StateMachineUpdater] INFO  impl.StateMachineUpdater (StateMachineUpdater.java:lambda$new$0(87)) - omNode-1@group-523986131536-StateMachineUpdater: snapshotIndex: updateIncreasingly -1 -> 4
2020-12-08 15:10:21,526 [omNode-1@group-523986131536-StateMachineUpdater] INFO  metrics.RatisMetrics (RatisMetrics.java:unregister(43)) - Unregistering Metrics Registry : ratis.state_machine.omNode-1@group-523986131536
2020-12-08 15:10:21,526 [Listener at 127.0.0.1/12648] INFO  impl.RaftServerImpl (ServerState.java:close(406)) - omNode-1@group-523986131536: closes. applyIndex: 4
2020-12-08 15:10:21,526 [omNode-1@group-523986131536-SegmentedRaftLogWorker] INFO  segmented.SegmentedRaftLogWorker (SegmentedRaftLogWorker.java:run(329)) - omNode-1@group-523986131536-SegmentedRaftLogWorker was interrupted, exiting. There are 0 tasks remaining in the queue.
2020-12-08 15:10:21,528 [Listener at 127.0.0.1/12648] INFO  segmented.SegmentedRaftLogWorker (SegmentedRaftLogWorker.java:close(235)) - omNode-1@group-523986131536-SegmentedRaftLogWorker close()
2020-12-08 15:10:21,528 [Listener at 127.0.0.1/12648] INFO  metrics.RatisMetrics (RatisMetrics.java:unregister(43)) - Unregistering Metrics Registry : ratis.log_worker.omNode-1@group-523986131536
2020-12-08 15:10:21,529 [Listener at 127.0.0.1/12648] INFO  metrics.RatisMetrics (RatisMetrics.java:unregister(43)) - Unregistering Metrics Registry : ratis.leader_election.omNode-1@group-523986131536
2020-12-08 15:10:21,529 [Listener at 127.0.0.1/12648] INFO  metrics.RatisMetrics (RatisMetrics.java:unregister(43)) - Unregistering Metrics Registry : ratis.server.omNode-1@group-523986131536
2020-12-08 15:10:21,529 [Listener at 127.0.0.1/12648] INFO  server.GrpcService (GrpcService.java:closeImpl(184)) - omNode-1: shutdown server with port 12640 now
2020-12-08 15:10:21,536 [Listener at 127.0.0.1/12648] INFO  server.GrpcService (GrpcService.java:closeImpl(193)) - omNode-1: shutdown server with port 12640 successfully
2020-12-08 15:10:21,537 [Listener at 127.0.0.1/12648] INFO  ratis.OzoneManagerDoubleBuffer (OzoneManagerDoubleBuffer.java:stop(457)) - Stopping OMDoubleBuffer flush thread
2020-12-08 15:10:21,537 [OMDoubleBufferFlushThread] INFO  ratis.OzoneManagerDoubleBuffer (OzoneManagerDoubleBuffer.java:flushTransactions(356)) - OMDoubleBuffer flush thread OMDoubleBufferFlushThread is interrupted and will exit. OMDoubleBufferFlushThread
2020-12-08 15:10:21,537 [Listener at 127.0.0.1/12648] INFO  ratis.OzoneManagerStateMachine (HadoopExecutors.java:shutdown(118)) - Gracefully shutting down executor service. Waiting max 5 SECONDS
2020-12-08 15:10:21,537 [Listener at 127.0.0.1/12648] INFO  ratis.OzoneManagerStateMachine (HadoopExecutors.java:shutdown(129)) - Succesfully shutdown executor service
2020-12-08 15:10:21,537 [Listener at 127.0.0.1/12648] INFO  ratis.OzoneManagerStateMachine (HadoopExecutors.java:shutdown(118)) - Gracefully shutting down executor service. Waiting max 5 SECONDS
2020-12-08 15:10:21,537 [Listener at 127.0.0.1/12648] INFO  ratis.OzoneManagerStateMachine (HadoopExecutors.java:shutdown(129)) - Succesfully shutdown executor service
2020-12-08 15:10:21,537 [Listener at 127.0.0.1/12648] INFO  utils.BackgroundService (BackgroundService.java:shutdown(132)) - Shutting down service KeyDeletingService
2020-12-08 15:10:21,538 [Listener at 127.0.0.1/12648] INFO  handler.ContextHandler (ContextHandler.java:doStop(1154)) - Stopped o.e.j.w.WebAppContext@48fe2dfe{ozoneManager,/,null,STOPPED}{file:/github/workspace/mnt/ozone/hadoop-ozone/integration-test/target/test-classes/webapps/ozoneManager}
2020-12-08 15:10:21,540 [Listener at 127.0.0.1/12648] INFO  server.AbstractConnector (AbstractConnector.java:doStop(381)) - Stopped ServerConnector@52d1afd{HTTP/1.1, (http/1.1)}{0.0.0.0:12638}
2020-12-08 15:10:21,540 [Listener at 127.0.0.1/12648] INFO  server.session (HouseKeeper.java:stopScavenging(149)) - node0 Stopped scavenging
2020-12-08 15:10:21,540 [Listener at 127.0.0.1/12648] INFO  handler.ContextHandler (ContextHandler.java:doStop(1154)) - Stopped o.e.j.s.ServletContextHandler@2b6d52c0{static,/static,file:///github/workspace/mnt/ozone/hadoop-ozone/integration-test/target/test-classes/webapps/static,STOPPED}
2020-12-08 15:10:21,540 [Listener at 127.0.0.1/12648] INFO  handler.ContextHandler (ContextHandler.java:doStop(1154)) - Stopped o.e.j.s.ServletContextHandler@2dcb2f92{logs,/logs,file:///github/workspace/mnt/ozone/hadoop-ozone/integration-test/target/log,STOPPED}
2020-12-08 15:10:21,545 [Listener at 127.0.0.1/12648] INFO  ozone.MiniOzoneHAClusterImpl (MiniOzoneHAClusterImpl.java:stop(230)) - Stopping the OzoneManager omNode-2
2020-12-08 15:10:21,545 [Listener at 127.0.0.1/12648] INFO  ipc.Server (Server.java:stop(3359)) - Stopping server on 12642
2020-12-08 15:10:21,546 [IPC Server listener on 12642] INFO  ipc.Server (Server.java:run(1330)) - Stopping IPC Server listener on 12642
2020-12-08 15:10:21,549 [IPC Server Responder] INFO  ipc.Server (Server.java:run(1465)) - Stopping IPC Server Responder
2020-12-08 15:10:21,549 [Listener at 127.0.0.1/12648] INFO  impl.RaftServerProxy (RaftServerProxy.java:lambda$close$4(338)) - omNode-2: close
2020-12-08 15:10:21,549 [Listener at 127.0.0.1/12648] INFO  impl.RaftServerImpl (RaftServerImpl.java:lambda$shutdown$3(328)) - omNode-2@group-523986131536: shutdown
2020-12-08 15:10:21,549 [Listener at 127.0.0.1/12648] INFO  util.JmxRegister (JmxRegister.java:unregister(73)) - Successfully un-registered JMX Bean with object name Ratis:service=RaftServer,group=group-523986131536,id=omNode-2
2020-12-08 15:10:21,549 [Listener at 127.0.0.1/12648] INFO  impl.RoleInfo (RoleInfo.java:shutdownFollowerState(121)) - omNode-2: shutdown omNode-2@group-523986131536-FollowerState
2020-12-08 15:10:21,550 [Thread-256] INFO  impl.FollowerState (FollowerState.java:run(137)) - omNode-2@group-523986131536-FollowerState was interrupted: {}
java.lang.InterruptedException: sleep interrupted
	at java.lang.Thread.sleep(Native Method)
	at org.apache.ratis.util.JavaUtils.sleep(JavaUtils.java:250)
	at org.apache.ratis.server.impl.FollowerState.run(FollowerState.java:116)
2020-12-08 15:10:21,550 [omNode-2@group-523986131536-StateMachineUpdater] INFO  ratis.OzoneManagerStateMachine (OzoneManagerStateMachine.java:takeSnapshot(345)) - Current Snapshot Index (t:2, i:3)
2020-12-08 15:10:21,550 [omNode-2@group-523986131536-StateMachineUpdater] INFO  impl.StateMachineUpdater (StateMachineUpdater.java:takeSnapshot(278)) - omNode-2@group-523986131536-StateMachineUpdater: Took a snapshot at index 3
2020-12-08 15:10:21,550 [omNode-2@group-523986131536-StateMachineUpdater] INFO  impl.StateMachineUpdater (StateMachineUpdater.java:lambda$new$0(87)) - omNode-2@group-523986131536-StateMachineUpdater: snapshotIndex: updateIncreasingly -1 -> 3
2020-12-08 15:10:21,550 [omNode-2@group-523986131536-StateMachineUpdater] INFO  metrics.RatisMetrics (RatisMetrics.java:unregister(43)) - Unregistering Metrics Registry : ratis.state_machine.omNode-2@group-523986131536
2020-12-08 15:10:21,550 [Listener at 127.0.0.1/12648] INFO  impl.StateMachineUpdater (StateMachineUpdater.java:stopAndJoin(147)) - omNode-2@group-523986131536-StateMachineUpdater: set stopIndex = 3
2020-12-08 15:10:21,551 [Listener at 127.0.0.1/12648] INFO  impl.RaftServerImpl (ServerState.java:close(406)) - omNode-2@group-523986131536: closes. applyIndex: 3
2020-12-08 15:10:21,551 [omNode-2@group-523986131536-SegmentedRaftLogWorker] INFO  segmented.SegmentedRaftLogWorker (SegmentedRaftLogWorker.java:run(329)) - omNode-2@group-523986131536-SegmentedRaftLogWorker was interrupted, exiting. There are 0 tasks remaining in the queue.
2020-12-08 15:10:21,553 [Listener at 127.0.0.1/12648] INFO  segmented.SegmentedRaftLogWorker (SegmentedRaftLogWorker.java:close(235)) - omNode-2@group-523986131536-SegmentedRaftLogWorker close()
2020-12-08 15:10:21,554 [Listener at 127.0.0.1/12648] INFO  metrics.RatisMetrics (RatisMetrics.java:unregister(43)) - Unregistering Metrics Registry : ratis.log_worker.omNode-2@group-523986131536
2020-12-08 15:10:21,554 [Listener at 127.0.0.1/12648] INFO  metrics.RatisMetrics (RatisMetrics.java:unregister(43)) - Unregistering Metrics Registry : ratis.leader_election.omNode-2@group-523986131536
2020-12-08 15:10:21,554 [Listener at 127.0.0.1/12648] INFO  metrics.RatisMetrics (RatisMetrics.java:unregister(43)) - Unregistering Metrics Registry : ratis.server.omNode-2@group-523986131536
2020-12-08 15:10:21,554 [Listener at 127.0.0.1/12648] INFO  server.GrpcService (GrpcService.java:closeImpl(184)) - omNode-2: shutdown server with port 12646 now
2020-12-08 15:10:21,556 [Listener at 127.0.0.1/12648] INFO  server.GrpcService (GrpcService.java:closeImpl(193)) - omNode-2: shutdown server with port 12646 successfully
2020-12-08 15:10:21,557 [Listener at 127.0.0.1/12648] INFO  ratis.OzoneManagerDoubleBuffer (OzoneManagerDoubleBuffer.java:stop(457)) - Stopping OMDoubleBuffer flush thread
2020-12-08 15:10:21,557 [OMDoubleBufferFlushThread] INFO  ratis.OzoneManagerDoubleBuffer (OzoneManagerDoubleBuffer.java:flushTransactions(356)) - OMDoubleBuffer flush thread OMDoubleBufferFlushThread is interrupted and will exit. OMDoubleBufferFlushThread
2020-12-08 15:10:21,557 [Listener at 127.0.0.1/12648] INFO  ratis.OzoneManagerStateMachine (HadoopExecutors.java:shutdown(118)) - Gracefully shutting down executor service. Waiting max 5 SECONDS
2020-12-08 15:10:21,557 [Listener at 127.0.0.1/12648] INFO  ratis.OzoneManagerStateMachine (HadoopExecutors.java:shutdown(129)) - Succesfully shutdown executor service
2020-12-08 15:10:21,557 [Listener at 127.0.0.1/12648] INFO  ratis.OzoneManagerStateMachine (HadoopExecutors.java:shutdown(118)) - Gracefully shutting down executor service. Waiting max 5 SECONDS
2020-12-08 15:10:21,558 [Listener at 127.0.0.1/12648] INFO  ratis.OzoneManagerStateMachine (HadoopExecutors.java:shutdown(129)) - Succesfully shutdown executor service
2020-12-08 15:10:21,558 [Listener at 127.0.0.1/12648] INFO  utils.BackgroundService (BackgroundService.java:shutdown(132)) - Shutting down service KeyDeletingService
2020-12-08 15:10:21,559 [Listener at 127.0.0.1/12648] INFO  handler.ContextHandler (ContextHandler.java:doStop(1154)) - Stopped o.e.j.w.WebAppContext@51585742{ozoneManager,/,null,STOPPED}{file:/github/workspace/mnt/ozone/hadoop-ozone/integration-test/target/test-classes/webapps/ozoneManager}
2020-12-08 15:10:21,559 [Listener at 127.0.0.1/12648] INFO  server.AbstractConnector (AbstractConnector.java:doStop(381)) - Stopped ServerConnector@5ef817cb{HTTP/1.1, (http/1.1)}{0.0.0.0:12644}
2020-12-08 15:10:21,559 [Listener at 127.0.0.1/12648] INFO  server.session (HouseKeeper.java:stopScavenging(149)) - node0 Stopped scavenging
2020-12-08 15:10:21,561 [Listener at 127.0.0.1/12648] INFO  handler.ContextHandler (ContextHandler.java:doStop(1154)) - Stopped o.e.j.s.ServletContextHandler@b638d79{static,/static,file:///github/workspace/mnt/ozone/hadoop-ozone/integration-test/target/test-classes/webapps/static,STOPPED}
2020-12-08 15:10:21,561 [Listener at 127.0.0.1/12648] INFO  handler.ContextHandler (ContextHandler.java:doStop(1154)) - Stopped o.e.j.s.ServletContextHandler@1eacc697{logs,/logs,file:///github/workspace/mnt/ozone/hadoop-ozone/integration-test/target/log,STOPPED}
2020-12-08 15:10:21,563 [Listener at 127.0.0.1/12648] INFO  ozone.MiniOzoneClusterImpl (MiniOzoneClusterImpl.java:stop(403)) - Stopping the Mini Ozone Cluster
2020-12-08 15:10:21,563 [Listener at 127.0.0.1/12648] INFO  ozone.MiniOzoneClusterImpl (MiniOzoneClusterImpl.java:stopDatanodes(462)) - Stopping the HddsDatanodes
2020-12-08 15:10:21,675 [Datanode State Machine Thread - 0] INFO  statemachine.DatanodeStateMachine (DatanodeStateMachine.java:lambda$startDaemon$0(408)) - Ozone container server started.
2020-12-08 15:10:22,260 [Datanode State Machine Thread - 0] INFO  statemachine.DatanodeStateMachine (DatanodeStateMachine.java:lambda$startDaemon$0(408)) - Ozone container server started.
2020-12-08 15:10:23,317 [EventQueue-Delayed safe mode statusForReplicationManager] INFO  container.ReplicationManager (ReplicationManager.java:start(186)) - Starting Replication Monitor Thread.
2020-12-08 15:10:23,318 [ReplicationMonitor] INFO  container.ReplicationManager (ReplicationManager.java:run(250)) - Replication Monitor Thread took 0 milliseconds for processing 0 containers.
2020-12-08 15:10:26,565 [ForkJoinPool.commonPool-worker-1] INFO  ozoneimpl.OzoneContainer (OzoneContainer.java:stop(257)) - Attempting to stop container services.
2020-12-08 15:10:26,565 [Listener at 127.0.0.1/12648] INFO  ozoneimpl.OzoneContainer (OzoneContainer.java:stop(257)) - Attempting to stop container services.
2020-12-08 15:10:26,565 [ForkJoinPool.commonPool-worker-1] INFO  impl.RaftServerProxy (RaftServerProxy.java:lambda$close$4(338)) - 7663c1a7-8e78-41aa-8e93-5b5c17bbe49d: close
2020-12-08 15:10:26,566 [Listener at 127.0.0.1/12648] INFO  impl.RaftServerProxy (RaftServerProxy.java:lambda$close$4(338)) - 394900d4-f08a-4746-ba22-1c2f81bb7b22: close
2020-12-08 15:10:26,566 [ForkJoinPool.commonPool-worker-1] INFO  impl.RaftServerImpl (RaftServerImpl.java:lambda$shutdown$3(328)) - 7663c1a7-8e78-41aa-8e93-5b5c17bbe49d@group-D9DBC2D30F98: shutdown
2020-12-08 15:10:26,566 [Listener at 127.0.0.1/12648] INFO  impl.RaftServerImpl (RaftServerImpl.java:lambda$shutdown$3(328)) - 394900d4-f08a-4746-ba22-1c2f81bb7b22@group-92971B11D4C8: shutdown
2020-12-08 15:10:26,566 [Listener at 127.0.0.1/12648] INFO  util.JmxRegister (JmxRegister.java:unregister(73)) - Successfully un-registered JMX Bean with object name Ratis:service=RaftServer,group=group-92971B11D4C8,id=394900d4-f08a-4746-ba22-1c2f81bb7b22
2020-12-08 15:10:26,566 [Listener at 127.0.0.1/12648] INFO  impl.RoleInfo (RoleInfo.java:shutdownLeaderState(104)) - 394900d4-f08a-4746-ba22-1c2f81bb7b22: shutdown 394900d4-f08a-4746-ba22-1c2f81bb7b22@group-92971B11D4C8-LeaderState
2020-12-08 15:10:26,566 [ForkJoinPool.commonPool-worker-1] INFO  util.JmxRegister (JmxRegister.java:unregister(73)) - Successfully un-registered JMX Bean with object name Ratis:service=RaftServer,group=group-D9DBC2D30F98,id=7663c1a7-8e78-41aa-8e93-5b5c17bbe49d
2020-12-08 15:10:26,566 [Listener at 127.0.0.1/12648] INFO  impl.PendingRequests (PendingRequests.java:sendNotLeaderResponses(250)) - 394900d4-f08a-4746-ba22-1c2f81bb7b22@group-92971B11D4C8-PendingRequests: sendNotLeaderResponses
2020-12-08 15:10:26,567 [ForkJoinPool.commonPool-worker-1] INFO  impl.RoleInfo (RoleInfo.java:shutdownLeaderState(104)) - 7663c1a7-8e78-41aa-8e93-5b5c17bbe49d: shutdown 7663c1a7-8e78-41aa-8e93-5b5c17bbe49d@group-D9DBC2D30F98-LeaderState
2020-12-08 15:10:26,567 [Listener at 127.0.0.1/12648] INFO  metrics.RatisMetrics (RatisMetrics.java:unregister(43)) - Unregistering Metrics Registry : ratis.log_appender.394900d4-f08a-4746-ba22-1c2f81bb7b22@group-92971B11D4C8
2020-12-08 15:10:26,567 [Listener at 127.0.0.1/12648] INFO  metrics.RatisMetrics (RatisMetrics.java:unregister(43)) - Unregistering Metrics Registry : ratis.server.394900d4-f08a-4746-ba22-1c2f81bb7b22@group-92971B11D4C8
2020-12-08 15:10:26,567 [Listener at 127.0.0.1/12648] INFO  impl.StateMachineUpdater (StateMachineUpdater.java:stopAndJoin(147)) - 394900d4-f08a-4746-ba22-1c2f81bb7b22@group-92971B11D4C8-StateMachineUpdater: set stopIndex = 0
2020-12-08 15:10:26,568 [394900d4-f08a-4746-ba22-1c2f81bb7b22@group-92971B11D4C8-StateMachineUpdater] INFO  ratis.ContainerStateMachine (ContainerStateMachine.java:takeSnapshot(293)) - group-92971B11D4C8: Taking a snapshot at:(t:1, i:0) file /github/workspace/mnt/ozone/hadoop-ozone/integration-test/target/test-dir/MiniOzoneClusterImpl-aee58368-5372-437c-a4fb-204c17443453/datanode-1/data/ratis/7b494c7c-c34f-49bc-9bce-92971b11d4c8/sm/snapshot.1_0
2020-12-08 15:10:26,567 [ForkJoinPool.commonPool-worker-1] INFO  impl.PendingRequests (PendingRequests.java:sendNotLeaderResponses(250)) - 7663c1a7-8e78-41aa-8e93-5b5c17bbe49d@group-D9DBC2D30F98-PendingRequests: sendNotLeaderResponses
2020-12-08 15:10:26,572 [ForkJoinPool.commonPool-worker-1] INFO  metrics.RatisMetrics (RatisMetrics.java:unregister(43)) - Unregistering Metrics Registry : ratis.log_appender.7663c1a7-8e78-41aa-8e93-5b5c17bbe49d@group-D9DBC2D30F98
2020-12-08 15:10:26,572 [ForkJoinPool.commonPool-worker-1] INFO  metrics.RatisMetrics (RatisMetrics.java:unregister(43)) - Unregistering Metrics Registry : ratis.server.7663c1a7-8e78-41aa-8e93-5b5c17bbe49d@group-D9DBC2D30F98
2020-12-08 15:10:26,572 [ForkJoinPool.commonPool-worker-1] INFO  impl.StateMachineUpdater (StateMachineUpdater.java:stopAndJoin(147)) - 7663c1a7-8e78-41aa-8e93-5b5c17bbe49d@group-D9DBC2D30F98-StateMachineUpdater: set stopIndex = 0
2020-12-08 15:10:26,573 [7663c1a7-8e78-41aa-8e93-5b5c17bbe49d@group-D9DBC2D30F98-StateMachineUpdater] INFO  ratis.ContainerStateMachine (ContainerStateMachine.java:takeSnapshot(293)) - group-D9DBC2D30F98: Taking a snapshot at:(t:1, i:0) file /github/workspace/mnt/ozone/hadoop-ozone/integration-test/target/test-dir/MiniOzoneClusterImpl-aee58368-5372-437c-a4fb-204c17443453/datanode-0/data/ratis/06ccfb30-3a24-4ff5-895c-d9dbc2d30f98/sm/snapshot.1_0
2020-12-08 15:10:26,635 [7663c1a7-8e78-41aa-8e93-5b5c17bbe49d@group-D9DBC2D30F98-StateMachineUpdater] INFO  ratis.ContainerStateMachine (ContainerStateMachine.java:takeSnapshot(304)) - group-D9DBC2D30F98: Finished taking a snapshot at:(t:1, i:0) file:/github/workspace/mnt/ozone/hadoop-ozone/integration-test/target/test-dir/MiniOzoneClusterImpl-aee58368-5372-437c-a4fb-204c17443453/datanode-0/data/ratis/06ccfb30-3a24-4ff5-895c-d9dbc2d30f98/sm/snapshot.1_0 time:62
2020-12-08 15:10:26,635 [394900d4-f08a-4746-ba22-1c2f81bb7b22@group-92971B11D4C8-StateMachineUpdater] INFO  ratis.ContainerStateMachine (ContainerStateMachine.java:takeSnapshot(304)) - group-92971B11D4C8: Finished taking a snapshot at:(t:1, i:0) file:/github/workspace/mnt/ozone/hadoop-ozone/integration-test/target/test-dir/MiniOzoneClusterImpl-aee58368-5372-437c-a4fb-204c17443453/datanode-1/data/ratis/7b494c7c-c34f-49bc-9bce-92971b11d4c8/sm/snapshot.1_0 time:67
2020-12-08 15:10:26,636 [7663c1a7-8e78-41aa-8e93-5b5c17bbe49d@group-D9DBC2D30F98-StateMachineUpdater] INFO  impl.StateMachineUpdater (StateMachineUpdater.java:takeSnapshot(278)) - 7663c1a7-8e78-41aa-8e93-5b5c17bbe49d@group-D9DBC2D30F98-StateMachineUpdater: Took a snapshot at index 0
2020-12-08 15:10:26,637 [7663c1a7-8e78-41aa-8e93-5b5c17bbe49d@group-D9DBC2D30F98-StateMachineUpdater] INFO  impl.StateMachineUpdater (StateMachineUpdater.java:lambda$new$0(87)) - 7663c1a7-8e78-41aa-8e93-5b5c17bbe49d@group-D9DBC2D30F98-StateMachineUpdater: snapshotIndex: updateIncreasingly -1 -> 0
2020-12-08 15:10:26,637 [394900d4-f08a-4746-ba22-1c2f81bb7b22@group-92971B11D4C8-StateMachineUpdater] INFO  impl.StateMachineUpdater (StateMachineUpdater.java:takeSnapshot(278)) - 394900d4-f08a-4746-ba22-1c2f81bb7b22@group-92971B11D4C8-StateMachineUpdater: Took a snapshot at index 0
2020-12-08 15:10:26,637 [394900d4-f08a-4746-ba22-1c2f81bb7b22@group-92971B11D4C8-StateMachineUpdater] INFO  impl.StateMachineUpdater (StateMachineUpdater.java:lambda$new$0(87)) - 394900d4-f08a-4746-ba22-1c2f81bb7b22@group-92971B11D4C8-StateMachineUpdater: snapshotIndex: updateIncreasingly -1 -> 0
2020-12-08 15:10:26,641 [394900d4-f08a-4746-ba22-1c2f81bb7b22@group-92971B11D4C8-StateMachineUpdater] INFO  metrics.RatisMetrics (RatisMetrics.java:unregister(43)) - Unregistering Metrics Registry : ratis.state_machine.394900d4-f08a-4746-ba22-1c2f81bb7b22@group-92971B11D4C8
2020-12-08 15:10:26,641 [7663c1a7-8e78-41aa-8e93-5b5c17bbe49d@group-D9DBC2D30F98-StateMachineUpdater] INFO  metrics.RatisMetrics (RatisMetrics.java:unregister(43)) - Unregistering Metrics Registry : ratis.state_machine.7663c1a7-8e78-41aa-8e93-5b5c17bbe49d@group-D9DBC2D30F98
2020-12-08 15:10:26,641 [Listener at 127.0.0.1/12648] INFO  impl.RaftServerImpl (ServerState.java:close(406)) - 394900d4-f08a-4746-ba22-1c2f81bb7b22@group-92971B11D4C8: closes. applyIndex: 0
2020-12-08 15:10:26,641 [ForkJoinPool.commonPool-worker-1] INFO  impl.RaftServerImpl (ServerState.java:close(406)) - 7663c1a7-8e78-41aa-8e93-5b5c17bbe49d@group-D9DBC2D30F98: closes. applyIndex: 0
2020-12-08 15:10:26,642 [394900d4-f08a-4746-ba22-1c2f81bb7b22@group-92971B11D4C8-SegmentedRaftLogWorker] INFO  segmented.SegmentedRaftLogWorker (SegmentedRaftLogWorker.java:run(329)) - 394900d4-f08a-4746-ba22-1c2f81bb7b22@group-92971B11D4C8-SegmentedRaftLogWorker was interrupted, exiting. There are 0 tasks remaining in the queue.
2020-12-08 15:10:26,642 [7663c1a7-8e78-41aa-8e93-5b5c17bbe49d@group-D9DBC2D30F98-SegmentedRaftLogWorker] INFO  segmented.SegmentedRaftLogWorker (SegmentedRaftLogWorker.java:run(329)) - 7663c1a7-8e78-41aa-8e93-5b5c17bbe49d@group-D9DBC2D30F98-SegmentedRaftLogWorker was interrupted, exiting. There are 0 tasks remaining in the queue.
2020-12-08 15:10:26,642 [Listener at 127.0.0.1/12648] INFO  segmented.SegmentedRaftLogWorker (SegmentedRaftLogWorker.java:close(235)) - 394900d4-f08a-4746-ba22-1c2f81bb7b22@group-92971B11D4C8-SegmentedRaftLogWorker close()
2020-12-08 15:10:26,643 [ForkJoinPool.commonPool-worker-1] INFO  segmented.SegmentedRaftLogWorker (SegmentedRaftLogWorker.java:close(235)) - 7663c1a7-8e78-41aa-8e93-5b5c17bbe49d@group-D9DBC2D30F98-SegmentedRaftLogWorker close()
2020-12-08 15:10:26,644 [ForkJoinPool.commonPool-worker-1] INFO  metrics.RatisMetrics (RatisMetrics.java:unregister(43)) - Unregistering Metrics Registry : ratis.log_worker.7663c1a7-8e78-41aa-8e93-5b5c17bbe49d@group-D9DBC2D30F98
2020-12-08 15:10:26,644 [ForkJoinPool.commonPool-worker-1] INFO  metrics.RatisMetrics (RatisMetrics.java:unregister(43)) - Unregistering Metrics Registry : ratis.leader_election.7663c1a7-8e78-41aa-8e93-5b5c17bbe49d@group-D9DBC2D30F98
2020-12-08 15:10:26,644 [ForkJoinPool.commonPool-worker-1] INFO  metrics.RatisMetrics (RatisMetrics.java:unregister(43)) - Unregistering Metrics Registry : ratis.server.7663c1a7-8e78-41aa-8e93-5b5c17bbe49d@group-D9DBC2D30F98
2020-12-08 15:10:26,644 [Listener at 127.0.0.1/12648] INFO  metrics.RatisMetrics (RatisMetrics.java:unregister(43)) - Unregistering Metrics Registry : ratis.log_worker.394900d4-f08a-4746-ba22-1c2f81bb7b22@group-92971B11D4C8
2020-12-08 15:10:26,645 [Listener at 127.0.0.1/12648] INFO  metrics.RatisMetrics (RatisMetrics.java:unregister(43)) - Unregistering Metrics Registry : ratis.leader_election.394900d4-f08a-4746-ba22-1c2f81bb7b22@group-92971B11D4C8
2020-12-08 15:10:26,645 [Listener at 127.0.0.1/12648] INFO  metrics.RatisMetrics (RatisMetrics.java:unregister(43)) - Unregistering Metrics Registry : ratis.server.394900d4-f08a-4746-ba22-1c2f81bb7b22@group-92971B11D4C8
2020-12-08 15:10:26,645 [Listener at 127.0.0.1/12648] INFO  impl.RaftServerImpl (RaftServerImpl.java:lambda$shutdown$3(328)) - 394900d4-f08a-4746-ba22-1c2f81bb7b22@group-3F6DE316E943: shutdown
2020-12-08 15:10:26,645 [Listener at 127.0.0.1/12648] INFO  util.JmxRegister (JmxRegister.java:unregister(73)) - Successfully un-registered JMX Bean with object name Ratis:service=RaftServer,group=group-3F6DE316E943,id=394900d4-f08a-4746-ba22-1c2f81bb7b22
2020-12-08 15:10:26,645 [Listener at 127.0.0.1/12648] INFO  impl.RoleInfo (RoleInfo.java:shutdownLeaderState(104)) - 394900d4-f08a-4746-ba22-1c2f81bb7b22: shutdown 394900d4-f08a-4746-ba22-1c2f81bb7b22@group-3F6DE316E943-LeaderState
2020-12-08 15:10:26,645 [Listener at 127.0.0.1/12648] INFO  metrics.RatisMetrics (RatisMetrics.java:unregister(43)) - Unregistering Metrics Registry : ratis_grpc.log_appender.394900d4-f08a-4746-ba22-1c2f81bb7b22@group-3F6DE316E943
2020-12-08 15:10:26,646 [Listener at 127.0.0.1/12648] INFO  metrics.RatisMetrics (RatisMetrics.java:unregister(43)) - Unregistering Metrics Registry : ratis_grpc.log_appender.394900d4-f08a-4746-ba22-1c2f81bb7b22@group-3F6DE316E943
2020-12-08 15:10:26,646 [org.apache.ratis.server.impl.LogAppender$AppenderDaemon$$Lambda$364/1025083829@81a1603] WARN  server.GrpcLogAppender (GrpcLogAppender.java:mayWait(168)) - 394900d4-f08a-4746-ba22-1c2f81bb7b22@group-3F6DE316E943->3af59201-7b7b-400f-8f0b-8d2a065c6fc3-GrpcLogAppender: Wait interrupted by java.lang.InterruptedException
2020-12-08 15:10:26,646 [org.apache.ratis.server.impl.LogAppender$AppenderDaemon$$Lambda$364/1025083829@cfadf56] WARN  server.GrpcLogAppender (GrpcLogAppender.java:mayWait(168)) - 394900d4-f08a-4746-ba22-1c2f81bb7b22@group-3F6DE316E943->7663c1a7-8e78-41aa-8e93-5b5c17bbe49d-GrpcLogAppender: Wait interrupted by java.lang.InterruptedException
2020-12-08 15:10:26,647 [grpc-default-executor-1] INFO  server.GrpcServerProtocolService (GrpcServerProtocolService.java:onCompleted(138)) - 3af59201-7b7b-400f-8f0b-8d2a065c6fc3: Completed APPEND_ENTRIES, lastRequest: 394900d4-f08a-4746-ba22-1c2f81bb7b22->3af59201-7b7b-400f-8f0b-8d2a065c6fc3#1-t1, previous=(t:0, i:0), leaderCommit=0, initializing? false, entries: size=1, first=(t:1, i:0), CONFIGURATIONENTRY
2020-12-08 15:10:26,647 [grpc-default-executor-4] INFO  server.GrpcServerProtocolService (GrpcServerProtocolService.java:onCompleted(138)) - 7663c1a7-8e78-41aa-8e93-5b5c17bbe49d: Completed APPEND_ENTRIES, lastRequest: 394900d4-f08a-4746-ba22-1c2f81bb7b22->7663c1a7-8e78-41aa-8e93-5b5c17bbe49d#1-t1, previous=(t:0, i:0), leaderCommit=0, initializing? false, entries: size=1, first=(t:1, i:0), CONFIGURATIONENTRY
2020-12-08 15:10:26,648 [grpc-default-executor-0] INFO  server.GrpcLogAppender (GrpcLogAppender.java:onCompleted(337)) - 394900d4-f08a-4746-ba22-1c2f81bb7b22@group-3F6DE316E943->3af59201-7b7b-400f-8f0b-8d2a065c6fc3-AppendLogResponseHandler: follower responses appendEntries COMPLETED
2020-12-08 15:10:26,648 [grpc-default-executor-0] INFO  impl.FollowerInfo (FollowerInfo.java:lambda$new$0(51)) - 394900d4-f08a-4746-ba22-1c2f81bb7b22@group-3F6DE316E943->3af59201-7b7b-400f-8f0b-8d2a065c6fc3: nextIndex: updateUnconditionally 1 -> 0
2020-12-08 15:10:26,649 [ForkJoinPool.commonPool-worker-1] INFO  impl.RaftServerImpl (RaftServerImpl.java:lambda$shutdown$3(328)) - 7663c1a7-8e78-41aa-8e93-5b5c17bbe49d@group-3F6DE316E943: shutdown
2020-12-08 15:10:26,649 [ForkJoinPool.commonPool-worker-1] INFO  util.JmxRegister (JmxRegister.java:unregister(73)) - Successfully un-registered JMX Bean with object name Ratis:service=RaftServer,group=group-3F6DE316E943,id=7663c1a7-8e78-41aa-8e93-5b5c17bbe49d
2020-12-08 15:10:26,649 [ForkJoinPool.commonPool-worker-1] INFO  impl.RoleInfo (RoleInfo.java:shutdownFollowerState(121)) - 7663c1a7-8e78-41aa-8e93-5b5c17bbe49d: shutdown 7663c1a7-8e78-41aa-8e93-5b5c17bbe49d@group-3F6DE316E943-FollowerState
2020-12-08 15:10:26,649 [ForkJoinPool.commonPool-worker-1] INFO  impl.StateMachineUpdater (StateMachineUpdater.java:stopAndJoin(147)) - 7663c1a7-8e78-41aa-8e93-5b5c17bbe49d@group-3F6DE316E943-StateMachineUpdater: set stopIndex = 0
2020-12-08 15:10:26,649 [Thread-354] INFO  impl.FollowerState (FollowerState.java:run(137)) - 7663c1a7-8e78-41aa-8e93-5b5c17bbe49d@group-3F6DE316E943-FollowerState was interrupted: {}
java.lang.InterruptedException: sleep interrupted
	at java.lang.Thread.sleep(Native Method)
	at org.apache.ratis.util.JavaUtils.sleep(JavaUtils.java:250)
	at org.apache.ratis.server.impl.FollowerState.run(FollowerState.java:116)
2020-12-08 15:10:26,650 [7663c1a7-8e78-41aa-8e93-5b5c17bbe49d@group-3F6DE316E943-StateMachineUpdater] INFO  ratis.ContainerStateMachine (ContainerStateMachine.java:takeSnapshot(293)) - group-3F6DE316E943: Taking a snapshot at:(t:1, i:0) file /github/workspace/mnt/ozone/hadoop-ozone/integration-test/target/test-dir/MiniOzoneClusterImpl-aee58368-5372-437c-a4fb-204c17443453/datanode-0/data/ratis/ee6acdd9-50ff-47bc-9de6-3f6de316e943/sm/snapshot.1_0
2020-12-08 15:10:26,650 [7663c1a7-8e78-41aa-8e93-5b5c17bbe49d@group-3F6DE316E943-StateMachineUpdater] INFO  ratis.ContainerStateMachine (ContainerStateMachine.java:takeSnapshot(304)) - group-3F6DE316E943: Finished taking a snapshot at:(t:1, i:0) file:/github/workspace/mnt/ozone/hadoop-ozone/integration-test/target/test-dir/MiniOzoneClusterImpl-aee58368-5372-437c-a4fb-204c17443453/datanode-0/data/ratis/ee6acdd9-50ff-47bc-9de6-3f6de316e943/sm/snapshot.1_0 time:0
2020-12-08 15:10:26,651 [7663c1a7-8e78-41aa-8e93-5b5c17bbe49d@group-3F6DE316E943-StateMachineUpdater] INFO  impl.StateMachineUpdater (StateMachineUpdater.java:takeSnapshot(278)) - 7663c1a7-8e78-41aa-8e93-5b5c17bbe49d@group-3F6DE316E943-StateMachineUpdater: Took a snapshot at index 0
2020-12-08 15:10:26,651 [7663c1a7-8e78-41aa-8e93-5b5c17bbe49d@group-3F6DE316E943-StateMachineUpdater] INFO  impl.StateMachineUpdater (StateMachineUpdater.java:lambda$new$0(87)) - 7663c1a7-8e78-41aa-8e93-5b5c17bbe49d@group-3F6DE316E943-StateMachineUpdater: snapshotIndex: updateIncreasingly -1 -> 0
2020-12-08 15:10:26,651 [7663c1a7-8e78-41aa-8e93-5b5c17bbe49d@group-3F6DE316E943-StateMachineUpdater] INFO  metrics.RatisMetrics (RatisMetrics.java:unregister(43)) - Unregistering Metrics Registry : ratis.state_machine.7663c1a7-8e78-41aa-8e93-5b5c17bbe49d@group-3F6DE316E943
2020-12-08 15:10:26,655 [ForkJoinPool.commonPool-worker-1] INFO  impl.RaftServerImpl (ServerState.java:close(406)) - 7663c1a7-8e78-41aa-8e93-5b5c17bbe49d@group-3F6DE316E943: closes. applyIndex: 0
2020-12-08 15:10:26,655 [7663c1a7-8e78-41aa-8e93-5b5c17bbe49d@group-3F6DE316E943-SegmentedRaftLogWorker] INFO  segmented.SegmentedRaftLogWorker (SegmentedRaftLogWorker.java:run(329)) - 7663c1a7-8e78-41aa-8e93-5b5c17bbe49d@group-3F6DE316E943-SegmentedRaftLogWorker was interrupted, exiting. There are 0 tasks remaining in the queue.
2020-12-08 15:10:26,646 [Listener at 127.0.0.1/12648] INFO  impl.PendingRequests (PendingRequests.java:sendNotLeaderResponses(250)) - 394900d4-f08a-4746-ba22-1c2f81bb7b22@group-3F6DE316E943-PendingRequests: sendNotLeaderResponses
2020-12-08 15:10:26,656 [Listener at 127.0.0.1/12648] INFO  metrics.RatisMetrics (RatisMetrics.java:unregister(43)) - Unregistering Metrics Registry : ratis.log_appender.394900d4-f08a-4746-ba22-1c2f81bb7b22@group-3F6DE316E943
2020-12-08 15:10:26,656 [Listener at 127.0.0.1/12648] INFO  metrics.RatisMetrics (RatisMetrics.java:unregister(43)) - Unregistering Metrics Registry : ratis.server.394900d4-f08a-4746-ba22-1c2f81bb7b22@group-3F6DE316E943
2020-12-08 15:10:26,656 [Listener at 127.0.0.1/12648] INFO  impl.StateMachineUpdater (StateMachineUpdater.java:stopAndJoin(147)) - 394900d4-f08a-4746-ba22-1c2f81bb7b22@group-3F6DE316E943-StateMachineUpdater: set stopIndex = 0
2020-12-08 15:10:26,655 [ForkJoinPool.commonPool-worker-1] INFO  segmented.SegmentedRaftLogWorker (SegmentedRaftLogWorker.java:close(235)) - 7663c1a7-8e78-41aa-8e93-5b5c17bbe49d@group-3F6DE316E943-SegmentedRaftLogWorker close()
2020-12-08 15:10:26,648 [grpc-default-executor-3] INFO  server.GrpcLogAppender (GrpcLogAppender.java:onCompleted(337)) - 394900d4-f08a-4746-ba22-1c2f81bb7b22@group-3F6DE316E943->7663c1a7-8e78-41aa-8e93-5b5c17bbe49d-AppendLogResponseHandler: follower responses appendEntries COMPLETED
2020-12-08 15:10:26,656 [394900d4-f08a-4746-ba22-1c2f81bb7b22@group-3F6DE316E943-StateMachineUpdater] INFO  ratis.ContainerStateMachine (ContainerStateMachine.java:takeSnapshot(293)) - group-3F6DE316E943: Taking a snapshot at:(t:1, i:0) file /github/workspace/mnt/ozone/hadoop-ozone/integration-test/target/test-dir/MiniOzoneClusterImpl-aee58368-5372-437c-a4fb-204c17443453/datanode-1/data/ratis/ee6acdd9-50ff-47bc-9de6-3f6de316e943/sm/snapshot.1_0
2020-12-08 15:10:26,657 [grpc-default-executor-3] INFO  impl.FollowerInfo (FollowerInfo.java:lambda$new$0(51)) - 394900d4-f08a-4746-ba22-1c2f81bb7b22@group-3F6DE316E943->7663c1a7-8e78-41aa-8e93-5b5c17bbe49d: nextIndex: updateUnconditionally 1 -> 0
2020-12-08 15:10:26,657 [394900d4-f08a-4746-ba22-1c2f81bb7b22@group-3F6DE316E943-StateMachineUpdater] INFO  ratis.ContainerStateMachine (ContainerStateMachine.java:takeSnapshot(304)) - group-3F6DE316E943: Finished taking a snapshot at:(t:1, i:0) file:/github/workspace/mnt/ozone/hadoop-ozone/integration-test/target/test-dir/MiniOzoneClusterImpl-aee58368-5372-437c-a4fb-204c17443453/datanode-1/data/ratis/ee6acdd9-50ff-47bc-9de6-3f6de316e943/sm/snapshot.1_0 time:1
2020-12-08 15:10:26,658 [394900d4-f08a-4746-ba22-1c2f81bb7b22@group-3F6DE316E943-StateMachineUpdater] INFO  impl.StateMachineUpdater (StateMachineUpdater.java:takeSnapshot(278)) - 394900d4-f08a-4746-ba22-1c2f81bb7b22@group-3F6DE316E943-StateMachineUpdater: Took a snapshot at index 0
2020-12-08 15:10:26,658 [394900d4-f08a-4746-ba22-1c2f81bb7b22@group-3F6DE316E943-StateMachineUpdater] INFO  impl.StateMachineUpdater (StateMachineUpdater.java:lambda$new$0(87)) - 394900d4-f08a-4746-ba22-1c2f81bb7b22@group-3F6DE316E943-StateMachineUpdater: snapshotIndex: updateIncreasingly -1 -> 0
2020-12-08 15:10:26,658 [394900d4-f08a-4746-ba22-1c2f81bb7b22@group-3F6DE316E943-StateMachineUpdater] INFO  metrics.RatisMetrics (RatisMetrics.java:unregister(43)) - Unregistering Metrics Registry : ratis.state_machine.394900d4-f08a-4746-ba22-1c2f81bb7b22@group-3F6DE316E943
2020-12-08 15:10:26,658 [ForkJoinPool.commonPool-worker-1] INFO  metrics.RatisMetrics (RatisMetrics.java:unregister(43)) - Unregistering Metrics Registry : ratis.log_worker.7663c1a7-8e78-41aa-8e93-5b5c17bbe49d@group-3F6DE316E943
2020-12-08 15:10:26,658 [ForkJoinPool.commonPool-worker-1] INFO  metrics.RatisMetrics (RatisMetrics.java:unregister(43)) - Unregistering Metrics Registry : ratis.leader_election.7663c1a7-8e78-41aa-8e93-5b5c17bbe49d@group-3F6DE316E943
2020-12-08 15:10:26,658 [ForkJoinPool.commonPool-worker-1] INFO  metrics.RatisMetrics (RatisMetrics.java:unregister(43)) - Unregistering Metrics Registry : ratis.server.7663c1a7-8e78-41aa-8e93-5b5c17bbe49d@group-3F6DE316E943
2020-12-08 15:10:26,658 [ForkJoinPool.commonPool-worker-1] INFO  server.GrpcService (GrpcService.java:closeImpl(184)) - 7663c1a7-8e78-41aa-8e93-5b5c17bbe49d: shutdown server with port 37081 now
2020-12-08 15:10:26,662 [Listener at 127.0.0.1/12648] INFO  impl.RaftServerImpl (ServerState.java:close(406)) - 394900d4-f08a-4746-ba22-1c2f81bb7b22@group-3F6DE316E943: closes. applyIndex: 0
2020-12-08 15:10:26,662 [394900d4-f08a-4746-ba22-1c2f81bb7b22@group-3F6DE316E943-SegmentedRaftLogWorker] INFO  segmented.SegmentedRaftLogWorker (SegmentedRaftLogWorker.java:run(329)) - 394900d4-f08a-4746-ba22-1c2f81bb7b22@group-3F6DE316E943-SegmentedRaftLogWorker was interrupted, exiting. There are 0 tasks remaining in the queue.
2020-12-08 15:10:26,664 [Listener at 127.0.0.1/12648] INFO  segmented.SegmentedRaftLogWorker (SegmentedRaftLogWorker.java:close(235)) - 394900d4-f08a-4746-ba22-1c2f81bb7b22@group-3F6DE316E943-SegmentedRaftLogWorker close()
2020-12-08 15:10:26,670 [Listener at 127.0.0.1/12648] INFO  metrics.RatisMetrics (RatisMetrics.java:unregister(43)) - Unregistering Metrics Registry : ratis.log_worker.394900d4-f08a-4746-ba22-1c2f81bb7b22@group-3F6DE316E943
2020-12-08 15:10:26,670 [Listener at 127.0.0.1/12648] INFO  metrics.RatisMetrics (RatisMetrics.java:unregister(43)) - Unregistering Metrics Registry : ratis.leader_election.394900d4-f08a-4746-ba22-1c2f81bb7b22@group-3F6DE316E943
2020-12-08 15:10:26,670 [Listener at 127.0.0.1/12648] INFO  metrics.RatisMetrics (RatisMetrics.java:unregister(43)) - Unregistering Metrics Registry : ratis.server.394900d4-f08a-4746-ba22-1c2f81bb7b22@group-3F6DE316E943
2020-12-08 15:10:26,671 [Listener at 127.0.0.1/12648] INFO  server.GrpcService (GrpcService.java:closeImpl(184)) - 394900d4-f08a-4746-ba22-1c2f81bb7b22: shutdown server with port 38593 now
2020-12-08 15:10:26,672 [ForkJoinPool.commonPool-worker-1] INFO  server.GrpcService (GrpcService.java:closeImpl(193)) - 7663c1a7-8e78-41aa-8e93-5b5c17bbe49d: shutdown server with port 37081 successfully
2020-12-08 15:10:26,675 [Listener at 127.0.0.1/12648] INFO  server.GrpcService (GrpcService.java:closeImpl(193)) - 394900d4-f08a-4746-ba22-1c2f81bb7b22: shutdown server with port 38593 successfully
2020-12-08 15:10:26,676 [Listener at 127.0.0.1/12648] INFO  utils.BackgroundService (BackgroundService.java:shutdown(132)) - Shutting down service BlockDeletingService
2020-12-08 15:10:26,677 [ForkJoinPool.commonPool-worker-1] INFO  utils.BackgroundService (BackgroundService.java:shutdown(132)) - Shutting down service BlockDeletingService
2020-12-08 15:10:26,678 [Listener at 127.0.0.1/12648] INFO  statemachine.DatanodeStateMachine (DatanodeStateMachine.java:stopDaemon(461)) - Ozone container server stopped.
2020-12-08 15:10:26,686 [ForkJoinPool.commonPool-worker-1] INFO  statemachine.DatanodeStateMachine (DatanodeStateMachine.java:stopDaemon(461)) - Ozone container server stopped.
2020-12-08 15:10:26,696 [ForkJoinPool.commonPool-worker-1] INFO  handler.ContextHandler (ContextHandler.java:doStop(1154)) - Stopped o.e.j.w.WebAppContext@303938d6{hddsDatanode,/,null,STOPPED}{jar:file:/home/user/.m2/repository/org/apache/hadoop/hadoop-hdds-container-service/1.1.0-SNAPSHOT/hadoop-hdds-container-service-1.1.0-SNAPSHOT.jar!/webapps/hddsDatanode}
2020-12-08 15:10:26,697 [ForkJoinPool.commonPool-worker-1] INFO  server.AbstractConnector (AbstractConnector.java:doStop(381)) - Stopped ServerConnector@db2ba4c{HTTP/1.1, (http/1.1)}{0.0.0.0:0}
2020-12-08 15:10:26,697 [ForkJoinPool.commonPool-worker-1] INFO  server.session (HouseKeeper.java:stopScavenging(149)) - node0 Stopped scavenging
2020-12-08 15:10:26,698 [ForkJoinPool.commonPool-worker-1] INFO  handler.ContextHandler (ContextHandler.java:doStop(1154)) - Stopped o.e.j.s.ServletContextHandler@67e89f8f{static,/static,jar:file:/home/user/.m2/repository/org/apache/hadoop/hadoop-hdds-container-service/1.1.0-SNAPSHOT/hadoop-hdds-container-service-1.1.0-SNAPSHOT.jar!/webapps/static,STOPPED}
2020-12-08 15:10:26,698 [ForkJoinPool.commonPool-worker-1] INFO  handler.ContextHandler (ContextHandler.java:doStop(1154)) - Stopped o.e.j.s.ServletContextHandler@1642f10e{logs,/logs,file:///github/workspace/mnt/ozone/hadoop-ozone/integration-test/target/log,STOPPED}
2020-12-08 15:10:26,700 [Listener at 127.0.0.1/12648] INFO  handler.ContextHandler (ContextHandler.java:doStop(1154)) - Stopped o.e.j.w.WebAppContext@666c0602{hddsDatanode,/,null,STOPPED}{jar:file:/home/user/.m2/repository/org/apache/hadoop/hadoop-hdds-container-service/1.1.0-SNAPSHOT/hadoop-hdds-container-service-1.1.0-SNAPSHOT.jar!/webapps/hddsDatanode}
2020-12-08 15:10:26,702 [Listener at 127.0.0.1/12648] INFO  server.AbstractConnector (AbstractConnector.java:doStop(381)) - Stopped ServerConnector@34648abd{HTTP/1.1, (http/1.1)}{0.0.0.0:0}
2020-12-08 15:10:26,702 [Listener at 127.0.0.1/12648] INFO  server.session (HouseKeeper.java:stopScavenging(149)) - node0 Stopped scavenging
2020-12-08 15:10:26,702 [Listener at 127.0.0.1/12648] INFO  handler.ContextHandler (ContextHandler.java:doStop(1154)) - Stopped o.e.j.s.ServletContextHandler@4aae901c{static,/static,jar:file:/home/user/.m2/repository/org/apache/hadoop/hadoop-hdds-container-service/1.1.0-SNAPSHOT/hadoop-hdds-container-service-1.1.0-SNAPSHOT.jar!/webapps/static,STOPPED}
2020-12-08 15:10:26,702 [Listener at 127.0.0.1/12648] INFO  handler.ContextHandler (ContextHandler.java:doStop(1154)) - Stopped o.e.j.s.ServletContextHandler@226f9878{logs,/logs,file:///github/workspace/mnt/ozone/hadoop-ozone/integration-test/target/log,STOPPED}
2020-12-08 15:10:26,837 [Datanode State Machine Thread - 0] INFO  statemachine.DatanodeStateMachine (DatanodeStateMachine.java:lambda$startDaemon$0(408)) - Ozone container server started.
2020-12-08 15:10:30,526 [Thread-347] INFO  impl.FollowerState (FollowerState.java:run(128)) - 3af59201-7b7b-400f-8f0b-8d2a065c6fc3@group-3F6DE316E943-FollowerState: change to CANDIDATE, lastRpcTime:5182ms, electionTimeout:5121ms
2020-12-08 15:10:30,527 [Thread-347] INFO  impl.RoleInfo (RoleInfo.java:shutdownFollowerState(121)) - 3af59201-7b7b-400f-8f0b-8d2a065c6fc3: shutdown 3af59201-7b7b-400f-8f0b-8d2a065c6fc3@group-3F6DE316E943-FollowerState
2020-12-08 15:10:30,527 [Thread-347] INFO  impl.RaftServerImpl (RaftServerImpl.java:setRole(204)) - 3af59201-7b7b-400f-8f0b-8d2a065c6fc3@group-3F6DE316E943: changes role from  FOLLOWER to CANDIDATE at term 1 for changeToCandidate
2020-12-08 15:10:30,527 [Thread-347] INFO  impl.RoleInfo (RoleInfo.java:updateAndGet(143)) - 3af59201-7b7b-400f-8f0b-8d2a065c6fc3: start 3af59201-7b7b-400f-8f0b-8d2a065c6fc3@group-3F6DE316E943-LeaderElection11
2020-12-08 15:10:30,528 [3af59201-7b7b-400f-8f0b-8d2a065c6fc3@group-3F6DE316E943-LeaderElection11] INFO  impl.RaftServerImpl (ServerState.java:setLeader(256)) - 3af59201-7b7b-400f-8f0b-8d2a065c6fc3@group-3F6DE316E943: change Leader from 394900d4-f08a-4746-ba22-1c2f81bb7b22 to null at term 1 for initElection
2020-12-08 15:10:30,529 [3af59201-7b7b-400f-8f0b-8d2a065c6fc3@group-3F6DE316E943-LeaderElection11] INFO  impl.LeaderElection (LeaderElection.java:askForVotes(215)) - 3af59201-7b7b-400f-8f0b-8d2a065c6fc3@group-3F6DE316E943-LeaderElection11: begin an election at term 2 for 0: [394900d4-f08a-4746-ba22-1c2f81bb7b22|rpc:172.17.0.2:38593|dataStream:, 3af59201-7b7b-400f-8f0b-8d2a065c6fc3|rpc:172.17.0.2:33215|dataStream:, 7663c1a7-8e78-41aa-8e93-5b5c17bbe49d|rpc:172.17.0.2:37081|dataStream:], old=null
2020-12-08 15:10:30,538 [3af59201-7b7b-400f-8f0b-8d2a065c6fc3@group-3F6DE316E943-LeaderElection11] INFO  impl.LeaderElection (LogUtils.java:infoOrTrace(137)) - 3af59201-7b7b-400f-8f0b-8d2a065c6fc3@group-3F6DE316E943-LeaderElection11 got exception when requesting votes: java.util.concurrent.ExecutionException: org.apache.ratis.thirdparty.io.grpc.StatusRuntimeException: UNAVAILABLE: io exception
2020-12-08 15:10:30,538 [3af59201-7b7b-400f-8f0b-8d2a065c6fc3@group-3F6DE316E943-LeaderElection11] INFO  impl.LeaderElection (LogUtils.java:infoOrTrace(137)) - 3af59201-7b7b-400f-8f0b-8d2a065c6fc3@group-3F6DE316E943-LeaderElection11 got exception when requesting votes: java.util.concurrent.ExecutionException: org.apache.ratis.thirdparty.io.grpc.StatusRuntimeException: UNAVAILABLE: io exception
2020-12-08 15:10:30,538 [3af59201-7b7b-400f-8f0b-8d2a065c6fc3@group-3F6DE316E943-LeaderElection11] INFO  impl.LeaderElection (LeaderElection.java:logAndReturn(65)) - 3af59201-7b7b-400f-8f0b-8d2a065c6fc3@group-3F6DE316E943-LeaderElection11: Election REJECTED; received 0 response(s) [] and 2 exception(s); 3af59201-7b7b-400f-8f0b-8d2a065c6fc3@group-3F6DE316E943:t2, leader=null, voted=3af59201-7b7b-400f-8f0b-8d2a065c6fc3, raftlog=3af59201-7b7b-400f-8f0b-8d2a065c6fc3@group-3F6DE316E943-SegmentedRaftLog:OPENED:c0,f0,i0, conf=0: [394900d4-f08a-4746-ba22-1c2f81bb7b22|rpc:172.17.0.2:38593|dataStream:, 3af59201-7b7b-400f-8f0b-8d2a065c6fc3|rpc:172.17.0.2:33215|dataStream:, 7663c1a7-8e78-41aa-8e93-5b5c17bbe49d|rpc:172.17.0.2:37081|dataStream:], old=null
2020-12-08 15:10:30,538 [3af59201-7b7b-400f-8f0b-8d2a065c6fc3@group-3F6DE316E943-LeaderElection11] INFO  impl.LeaderElection (LogUtils.java:infoOrTrace(137)) -   Exception 0: java.util.concurrent.ExecutionException: org.apache.ratis.thirdparty.io.grpc.StatusRuntimeException: UNAVAILABLE: io exception
2020-12-08 15:10:30,538 [3af59201-7b7b-400f-8f0b-8d2a065c6fc3@group-3F6DE316E943-LeaderElection11] INFO  impl.LeaderElection (LogUtils.java:infoOrTrace(137)) -   Exception 1: java.util.concurrent.ExecutionException: org.apache.ratis.thirdparty.io.grpc.StatusRuntimeException: UNAVAILABLE: io exception
2020-12-08 15:10:30,538 [3af59201-7b7b-400f-8f0b-8d2a065c6fc3@group-3F6DE316E943-LeaderElection11] INFO  impl.RaftServerImpl (RaftServerImpl.java:setRole(204)) - 3af59201-7b7b-400f-8f0b-8d2a065c6fc3@group-3F6DE316E943: changes role from CANDIDATE to FOLLOWER at term 2 for DISCOVERED_A_NEW_TERM
2020-12-08 15:10:30,539 [3af59201-7b7b-400f-8f0b-8d2a065c6fc3@group-3F6DE316E943-LeaderElection11] INFO  impl.RoleInfo (RoleInfo.java:shutdownLeaderElection(134)) - 3af59201-7b7b-400f-8f0b-8d2a065c6fc3: shutdown 3af59201-7b7b-400f-8f0b-8d2a065c6fc3@group-3F6DE316E943-LeaderElection11
2020-12-08 15:10:30,539 [3af59201-7b7b-400f-8f0b-8d2a065c6fc3@group-3F6DE316E943-LeaderElection11] INFO  impl.RoleInfo (RoleInfo.java:updateAndGet(143)) - 3af59201-7b7b-400f-8f0b-8d2a065c6fc3: start 3af59201-7b7b-400f-8f0b-8d2a065c6fc3@group-3F6DE316E943-FollowerState
2020-12-08 15:10:31,700 [ForkJoinPool.commonPool-worker-1] INFO  ozoneimpl.OzoneContainer (OzoneContainer.java:stop(257)) - Attempting to stop container services.
2020-12-08 15:10:31,701 [ForkJoinPool.commonPool-worker-1] INFO  impl.RaftServerProxy (RaftServerProxy.java:lambda$close$4(338)) - 3af59201-7b7b-400f-8f0b-8d2a065c6fc3: close
2020-12-08 15:10:31,701 [ForkJoinPool.commonPool-worker-1] INFO  impl.RaftServerImpl (RaftServerImpl.java:lambda$shutdown$3(328)) - 3af59201-7b7b-400f-8f0b-8d2a065c6fc3@group-38B237208B3A: shutdown
2020-12-08 15:10:31,701 [ForkJoinPool.commonPool-worker-1] INFO  util.JmxRegister (JmxRegister.java:unregister(73)) - Successfully un-registered JMX Bean with object name Ratis:service=RaftServer,group=group-38B237208B3A,id=3af59201-7b7b-400f-8f0b-8d2a065c6fc3
2020-12-08 15:10:31,702 [ForkJoinPool.commonPool-worker-1] INFO  impl.RoleInfo (RoleInfo.java:shutdownLeaderState(104)) - 3af59201-7b7b-400f-8f0b-8d2a065c6fc3: shutdown 3af59201-7b7b-400f-8f0b-8d2a065c6fc3@group-38B237208B3A-LeaderState
2020-12-08 15:10:31,702 [ForkJoinPool.commonPool-worker-1] INFO  impl.PendingRequests (PendingRequests.java:sendNotLeaderResponses(250)) - 3af59201-7b7b-400f-8f0b-8d2a065c6fc3@group-38B237208B3A-PendingRequests: sendNotLeaderResponses
2020-12-08 15:10:31,702 [ForkJoinPool.commonPool-worker-1] INFO  metrics.RatisMetrics (RatisMetrics.java:unregister(43)) - Unregistering Metrics Registry : ratis.log_appender.3af59201-7b7b-400f-8f0b-8d2a065c6fc3@group-38B237208B3A
2020-12-08 15:10:31,702 [ForkJoinPool.commonPool-worker-1] INFO  metrics.RatisMetrics (RatisMetrics.java:unregister(43)) - Unregistering Metrics Registry : ratis.server.3af59201-7b7b-400f-8f0b-8d2a065c6fc3@group-38B237208B3A
2020-12-08 15:10:31,703 [ForkJoinPool.commonPool-worker-1] INFO  impl.StateMachineUpdater (StateMachineUpdater.java:stopAndJoin(147)) - 3af59201-7b7b-400f-8f0b-8d2a065c6fc3@group-38B237208B3A-StateMachineUpdater: set stopIndex = 0
2020-12-08 15:10:31,704 [3af59201-7b7b-400f-8f0b-8d2a065c6fc3@group-38B237208B3A-StateMachineUpdater] INFO  ratis.ContainerStateMachine (ContainerStateMachine.java:takeSnapshot(293)) - group-38B237208B3A: Taking a snapshot at:(t:1, i:0) file /github/workspace/mnt/ozone/hadoop-ozone/integration-test/target/test-dir/MiniOzoneClusterImpl-aee58368-5372-437c-a4fb-204c17443453/datanode-2/data/ratis/e6d28aab-9d3b-4dd5-a8b9-38b237208b3a/sm/snapshot.1_0
2020-12-08 15:10:31,704 [3af59201-7b7b-400f-8f0b-8d2a065c6fc3@group-38B237208B3A-StateMachineUpdater] INFO  ratis.ContainerStateMachine (ContainerStateMachine.java:takeSnapshot(304)) - group-38B237208B3A: Finished taking a snapshot at:(t:1, i:0) file:/github/workspace/mnt/ozone/hadoop-ozone/integration-test/target/test-dir/MiniOzoneClusterImpl-aee58368-5372-437c-a4fb-204c17443453/datanode-2/data/ratis/e6d28aab-9d3b-4dd5-a8b9-38b237208b3a/sm/snapshot.1_0 time:0
2020-12-08 15:10:31,705 [3af59201-7b7b-400f-8f0b-8d2a065c6fc3@group-38B237208B3A-StateMachineUpdater] INFO  impl.StateMachineUpdater (StateMachineUpdater.java:takeSnapshot(278)) - 3af59201-7b7b-400f-8f0b-8d2a065c6fc3@group-38B237208B3A-StateMachineUpdater: Took a snapshot at index 0
2020-12-08 15:10:31,705 [3af59201-7b7b-400f-8f0b-8d2a065c6fc3@group-38B237208B3A-StateMachineUpdater] INFO  impl.StateMachineUpdater (StateMachineUpdater.java:lambda$new$0(87)) - 3af59201-7b7b-400f-8f0b-8d2a065c6fc3@group-38B237208B3A-StateMachineUpdater: snapshotIndex: updateIncreasingly -1 -> 0
2020-12-08 15:10:31,705 [3af59201-7b7b-400f-8f0b-8d2a065c6fc3@group-38B237208B3A-StateMachineUpdater] INFO  metrics.RatisMetrics (RatisMetrics.java:unregister(43)) - Unregistering Metrics Registry : ratis.state_machine.3af59201-7b7b-400f-8f0b-8d2a065c6fc3@group-38B237208B3A
2020-12-08 15:10:31,705 [ForkJoinPool.commonPool-worker-1] INFO  impl.RaftServerImpl (ServerState.java:close(406)) - 3af59201-7b7b-400f-8f0b-8d2a065c6fc3@group-38B237208B3A: closes. applyIndex: 0
2020-12-08 15:10:31,706 [3af59201-7b7b-400f-8f0b-8d2a065c6fc3@group-38B237208B3A-SegmentedRaftLogWorker] INFO  segmented.SegmentedRaftLogWorker (SegmentedRaftLogWorker.java:run(329)) - 3af59201-7b7b-400f-8f0b-8d2a065c6fc3@group-38B237208B3A-SegmentedRaftLogWorker was interrupted, exiting. There are 0 tasks remaining in the queue.
2020-12-08 15:10:31,707 [ForkJoinPool.commonPool-worker-1] INFO  segmented.SegmentedRaftLogWorker (SegmentedRaftLogWorker.java:close(235)) - 3af59201-7b7b-400f-8f0b-8d2a065c6fc3@group-38B237208B3A-SegmentedRaftLogWorker close()
2020-12-08 15:10:31,708 [ForkJoinPool.commonPool-worker-1] INFO  metrics.RatisMetrics (RatisMetrics.java:unregister(43)) - Unregistering Metrics Registry : ratis.log_worker.3af59201-7b7b-400f-8f0b-8d2a065c6fc3@group-38B237208B3A
2020-12-08 15:10:31,708 [ForkJoinPool.commonPool-worker-1] INFO  metrics.RatisMetrics (RatisMetrics.java:unregister(43)) - Unregistering Metrics Registry : ratis.leader_election.3af59201-7b7b-400f-8f0b-8d2a065c6fc3@group-38B237208B3A
2020-12-08 15:10:31,708 [ForkJoinPool.commonPool-worker-1] INFO  metrics.RatisMetrics (RatisMetrics.java:unregister(43)) - Unregistering Metrics Registry : ratis.server.3af59201-7b7b-400f-8f0b-8d2a065c6fc3@group-38B237208B3A
2020-12-08 15:10:31,708 [ForkJoinPool.commonPool-worker-1] INFO  impl.RaftServerImpl (RaftServerImpl.java:lambda$shutdown$3(328)) - 3af59201-7b7b-400f-8f0b-8d2a065c6fc3@group-3F6DE316E943: shutdown
2020-12-08 15:10:31,709 [ForkJoinPool.commonPool-worker-1] INFO  util.JmxRegister (JmxRegister.java:unregister(73)) - Successfully un-registered JMX Bean with object name Ratis:service=RaftServer,group=group-3F6DE316E943,id=3af59201-7b7b-400f-8f0b-8d2a065c6fc3
2020-12-08 15:10:31,709 [ForkJoinPool.commonPool-worker-1] INFO  impl.RoleInfo (RoleInfo.java:shutdownFollowerState(121)) - 3af59201-7b7b-400f-8f0b-8d2a065c6fc3: shutdown 3af59201-7b7b-400f-8f0b-8d2a065c6fc3@group-3F6DE316E943-FollowerState
2020-12-08 15:10:31,709 [Thread-383] INFO  impl.FollowerState (FollowerState.java:run(137)) - 3af59201-7b7b-400f-8f0b-8d2a065c6fc3@group-3F6DE316E943-FollowerState was interrupted: {}
java.lang.InterruptedException: sleep interrupted
	at java.lang.Thread.sleep(Native Method)
	at org.apache.ratis.util.JavaUtils.sleep(JavaUtils.java:250)
	at org.apache.ratis.server.impl.FollowerState.run(FollowerState.java:116)
2020-12-08 15:10:31,709 [ForkJoinPool.commonPool-worker-1] INFO  impl.StateMachineUpdater (StateMachineUpdater.java:stopAndJoin(147)) - 3af59201-7b7b-400f-8f0b-8d2a065c6fc3@group-3F6DE316E943-StateMachineUpdater: set stopIndex = 0
2020-12-08 15:10:31,711 [3af59201-7b7b-400f-8f0b-8d2a065c6fc3@group-3F6DE316E943-StateMachineUpdater] INFO  ratis.ContainerStateMachine (ContainerStateMachine.java:takeSnapshot(293)) - group-3F6DE316E943: Taking a snapshot at:(t:1, i:0) file /github/workspace/mnt/ozone/hadoop-ozone/integration-test/target/test-dir/MiniOzoneClusterImpl-aee58368-5372-437c-a4fb-204c17443453/datanode-2/data/ratis/ee6acdd9-50ff-47bc-9de6-3f6de316e943/sm/snapshot.1_0
2020-12-08 15:10:31,712 [3af59201-7b7b-400f-8f0b-8d2a065c6fc3@group-3F6DE316E943-StateMachineUpdater] INFO  ratis.ContainerStateMachine (ContainerStateMachine.java:takeSnapshot(304)) - group-3F6DE316E943: Finished taking a snapshot at:(t:1, i:0) file:/github/workspace/mnt/ozone/hadoop-ozone/integration-test/target/test-dir/MiniOzoneClusterImpl-aee58368-5372-437c-a4fb-204c17443453/datanode-2/data/ratis/ee6acdd9-50ff-47bc-9de6-3f6de316e943/sm/snapshot.1_0 time:1
2020-12-08 15:10:31,712 [3af59201-7b7b-400f-8f0b-8d2a065c6fc3@group-3F6DE316E943-StateMachineUpdater] INFO  impl.StateMachineUpdater (StateMachineUpdater.java:takeSnapshot(278)) - 3af59201-7b7b-400f-8f0b-8d2a065c6fc3@group-3F6DE316E943-StateMachineUpdater: Took a snapshot at index 0
2020-12-08 15:10:31,712 [3af59201-7b7b-400f-8f0b-8d2a065c6fc3@group-3F6DE316E943-StateMachineUpdater] INFO  impl.StateMachineUpdater (StateMachineUpdater.java:lambda$new$0(87)) - 3af59201-7b7b-400f-8f0b-8d2a065c6fc3@group-3F6DE316E943-StateMachineUpdater: snapshotIndex: updateIncreasingly -1 -> 0
2020-12-08 15:10:31,712 [3af59201-7b7b-400f-8f0b-8d2a065c6fc3@group-3F6DE316E943-StateMachineUpdater] INFO  metrics.RatisMetrics (RatisMetrics.java:unregister(43)) - Unregistering Metrics Registry : ratis.state_machine.3af59201-7b7b-400f-8f0b-8d2a065c6fc3@group-3F6DE316E943
2020-12-08 15:10:31,712 [ForkJoinPool.commonPool-worker-1] INFO  impl.RaftServerImpl (ServerState.java:close(406)) - 3af59201-7b7b-400f-8f0b-8d2a065c6fc3@group-3F6DE316E943: closes. applyIndex: 0
2020-12-08 15:10:31,713 [3af59201-7b7b-400f-8f0b-8d2a065c6fc3@group-3F6DE316E943-SegmentedRaftLogWorker] INFO  segmented.SegmentedRaftLogWorker (SegmentedRaftLogWorker.java:run(329)) - 3af59201-7b7b-400f-8f0b-8d2a065c6fc3@group-3F6DE316E943-SegmentedRaftLogWorker was interrupted, exiting. There are 0 tasks remaining in the queue.
2020-12-08 15:10:31,713 [ForkJoinPool.commonPool-worker-1] INFO  segmented.SegmentedRaftLogWorker (SegmentedRaftLogWorker.java:close(235)) - 3af59201-7b7b-400f-8f0b-8d2a065c6fc3@group-3F6DE316E943-SegmentedRaftLogWorker close()
2020-12-08 15:10:31,714 [ForkJoinPool.commonPool-worker-1] INFO  metrics.RatisMetrics (RatisMetrics.java:unregister(43)) - Unregistering Metrics Registry : ratis.log_worker.3af59201-7b7b-400f-8f0b-8d2a065c6fc3@group-3F6DE316E943
2020-12-08 15:10:31,714 [ForkJoinPool.commonPool-worker-1] INFO  metrics.RatisMetrics (RatisMetrics.java:unregister(43)) - Unregistering Metrics Registry : ratis.leader_election.3af59201-7b7b-400f-8f0b-8d2a065c6fc3@group-3F6DE316E943
2020-12-08 15:10:31,714 [ForkJoinPool.commonPool-worker-1] INFO  metrics.RatisMetrics (RatisMetrics.java:unregister(43)) - Unregistering Metrics Registry : ratis.server.3af59201-7b7b-400f-8f0b-8d2a065c6fc3@group-3F6DE316E943
2020-12-08 15:10:31,714 [ForkJoinPool.commonPool-worker-1] INFO  server.GrpcService (GrpcService.java:closeImpl(184)) - 3af59201-7b7b-400f-8f0b-8d2a065c6fc3: shutdown server with port 33215 now
2020-12-08 15:10:31,716 [ForkJoinPool.commonPool-worker-1] INFO  server.GrpcService (GrpcService.java:closeImpl(193)) - 3af59201-7b7b-400f-8f0b-8d2a065c6fc3: shutdown server with port 33215 successfully
2020-12-08 15:10:31,718 [ForkJoinPool.commonPool-worker-1] INFO  utils.BackgroundService (BackgroundService.java:shutdown(132)) - Shutting down service BlockDeletingService
2020-12-08 15:10:31,719 [ForkJoinPool.commonPool-worker-1] INFO  statemachine.DatanodeStateMachine (DatanodeStateMachine.java:stopDaemon(461)) - Ozone container server stopped.
2020-12-08 15:10:31,730 [ForkJoinPool.commonPool-worker-1] INFO  handler.ContextHandler (ContextHandler.java:doStop(1154)) - Stopped o.e.j.w.WebAppContext@7e0b8ad{hddsDatanode,/,null,STOPPED}{jar:file:/home/user/.m2/repository/org/apache/hadoop/hadoop-hdds-container-service/1.1.0-SNAPSHOT/hadoop-hdds-container-service-1.1.0-SNAPSHOT.jar!/webapps/hddsDatanode}
2020-12-08 15:10:31,732 [ForkJoinPool.commonPool-worker-1] INFO  server.AbstractConnector (AbstractConnector.java:doStop(381)) - Stopped ServerConnector@1bb98fe8{HTTP/1.1, (http/1.1)}{0.0.0.0:0}
2020-12-08 15:10:31,732 [ForkJoinPool.commonPool-worker-1] INFO  server.session (HouseKeeper.java:stopScavenging(149)) - node0 Stopped scavenging
2020-12-08 15:10:31,734 [ForkJoinPool.commonPool-worker-1] INFO  handler.ContextHandler (ContextHandler.java:doStop(1154)) - Stopped o.e.j.s.ServletContextHandler@2fd48637{static,/static,jar:file:/home/user/.m2/repository/org/apache/hadoop/hadoop-hdds-container-service/1.1.0-SNAPSHOT/hadoop-hdds-container-service-1.1.0-SNAPSHOT.jar!/webapps/static,STOPPED}
2020-12-08 15:10:31,735 [ForkJoinPool.commonPool-worker-1] INFO  handler.ContextHandler (ContextHandler.java:doStop(1154)) - Stopped o.e.j.s.ServletContextHandler@511d72c6{logs,/logs,file:///github/workspace/mnt/ozone/hadoop-ozone/integration-test/target/log,STOPPED}
2020-12-08 15:10:31,741 [Listener at 127.0.0.1/12648] INFO  ozone.MiniOzoneClusterImpl (MiniOzoneClusterImpl.java:stopSCM(477)) - Stopping the StorageContainerManager
2020-12-08 15:10:31,741 [Listener at 127.0.0.1/12648] INFO  server.StorageContainerManager (StorageContainerManager.java:stop(832)) - Stopping Replication Manager Service.
2020-12-08 15:10:31,741 [Listener at 127.0.0.1/12648] INFO  container.ReplicationManager (ReplicationManager.java:stop(227)) - Stopping Replication Monitor Thread.
2020-12-08 15:10:31,741 [Listener at 127.0.0.1/12648] INFO  server.StorageContainerManager (StorageContainerManager.java:stop(839)) - Stopping the Datanode Admin Monitor.
2020-12-08 15:10:31,742 [Listener at 127.0.0.1/12648] INFO  server.StorageContainerManager (StorageContainerManager.java:stop(846)) - Stopping Lease Manager of the command watchers
2020-12-08 15:10:31,742 [Listener at 127.0.0.1/12648] INFO  server.StorageContainerManager (StorageContainerManager.java:stop(853)) - Stopping datanode service RPC server
2020-12-08 15:10:31,742 [CommandWatcher-LeaseManager#LeaseMonitor] ERROR lease.LeaseManager (LeaseManager.java:run(238)) - Execution was interrupted 
java.lang.InterruptedException: sleep interrupted
	at java.lang.Thread.sleep(Native Method)
	at org.apache.hadoop.ozone.lease.LeaseManager$LeaseMonitor.run(LeaseManager.java:234)
	at java.lang.Thread.run(Thread.java:748)
2020-12-08 15:10:31,742 [Listener at 127.0.0.1/12648] INFO  server.SCMDatanodeProtocolServer (SCMDatanodeProtocolServer.java:stop(369)) - Stopping the RPC server for DataNodes
2020-12-08 15:10:31,742 [Listener at 127.0.0.1/12648] INFO  ipc.Server (Server.java:stop(3359)) - Stopping server on 43765
2020-12-08 15:10:31,744 [IPC Server Responder] INFO  ipc.Server (Server.java:run(1465)) - Stopping IPC Server Responder
2020-12-08 15:10:31,744 [IPC Server listener on 0] INFO  ipc.Server (Server.java:run(1330)) - Stopping IPC Server listener on 0
2020-12-08 15:10:31,765 [SCM Heartbeat Processing Thread - 0] WARN  node.NodeStateManager (NodeStateManager.java:scheduleNextHealthCheck(688)) - Current Thread is interrupted, shutting down HB processing thread for Node Manager.
2020-12-08 15:10:31,765 [Listener at 127.0.0.1/12648] INFO  server.StorageContainerManager (StorageContainerManager.java:stop(861)) - Stopping block service RPC server
2020-12-08 15:10:31,765 [Listener at 127.0.0.1/12648] INFO  server.SCMBlockProtocolServer (SCMBlockProtocolServer.java:stop(159)) - Stopping the RPC server for Block Protocol
2020-12-08 15:10:31,765 [Listener at 127.0.0.1/12648] INFO  ipc.Server (Server.java:stop(3359)) - Stopping server on 42797
2020-12-08 15:10:31,767 [IPC Server listener on 0] INFO  ipc.Server (Server.java:run(1330)) - Stopping IPC Server listener on 0
2020-12-08 15:10:31,767 [Listener at 127.0.0.1/12648] INFO  server.StorageContainerManager (StorageContainerManager.java:stop(868)) - Stopping the StorageContainerLocationProtocol RPC server
2020-12-08 15:10:31,768 [IPC Server Responder] INFO  ipc.Server (Server.java:run(1465)) - Stopping IPC Server Responder
2020-12-08 15:10:31,768 [Listener at 127.0.0.1/12648] INFO  server.SCMClientProtocolServer (SCMClientProtocolServer.java:stop(168)) - Stopping the RPC server for Client Protocol
2020-12-08 15:10:31,768 [Listener at 127.0.0.1/12648] INFO  ipc.Server (Server.java:stop(3359)) - Stopping server on 37785
2020-12-08 15:10:31,769 [Listener at 127.0.0.1/12648] INFO  server.StorageContainerManager (StorageContainerManager.java:stop(875)) - Stopping Storage Container Manager HTTP server.
2020-12-08 15:10:31,769 [IPC Server listener on 0] INFO  ipc.Server (Server.java:run(1330)) - Stopping IPC Server listener on 0
2020-12-08 15:10:31,769 [IPC Server Responder] INFO  ipc.Server (Server.java:run(1465)) - Stopping IPC Server Responder
2020-12-08 15:10:31,770 [Listener at 127.0.0.1/12648] INFO  handler.ContextHandler (ContextHandler.java:doStop(1154)) - Stopped o.e.j.w.WebAppContext@75394f5a{scm,/,null,STOPPED}{file:/github/workspace/mnt/ozone/hadoop-ozone/integration-test/target/test-classes/webapps/scm}
2020-12-08 15:10:31,771 [Listener at 127.0.0.1/12648] INFO  server.AbstractConnector (AbstractConnector.java:doStop(381)) - Stopped ServerConnector@186dbf3d{HTTP/1.1, (http/1.1)}{0.0.0.0:0}
2020-12-08 15:10:31,771 [Listener at 127.0.0.1/12648] INFO  server.session (HouseKeeper.java:stopScavenging(149)) - node0 Stopped scavenging
2020-12-08 15:10:31,772 [Listener at 127.0.0.1/12648] INFO  handler.ContextHandler (ContextHandler.java:doStop(1154)) - Stopped o.e.j.s.ServletContextHandler@772828d9{static,/static,file:///github/workspace/mnt/ozone/hadoop-ozone/integration-test/target/test-classes/webapps/static,STOPPED}
2020-12-08 15:10:31,772 [Listener at 127.0.0.1/12648] INFO  handler.ContextHandler (ContextHandler.java:doStop(1154)) - Stopped o.e.j.s.ServletContextHandler@4308636b{logs,/logs,file:///github/workspace/mnt/ozone/hadoop-ozone/integration-test/target/log,STOPPED}
2020-12-08 15:10:31,776 [Listener at 127.0.0.1/12648] INFO  server.StorageContainerManager (StorageContainerManager.java:stop(886)) - Stopping Block Manager Service.
2020-12-08 15:10:31,776 [Listener at 127.0.0.1/12648] INFO  utils.BackgroundService (BackgroundService.java:shutdown(132)) - Shutting down service SCMBlockDeletingService
2020-12-08 15:10:31,776 [Listener at 127.0.0.1/12648] INFO  utils.BackgroundService (BackgroundService.java:shutdown(132)) - Shutting down service SCMBlockDeletingService
2020-12-08 15:10:31,777 [Listener at 127.0.0.1/12648] INFO  server.StorageContainerManager (StorageContainerManager.java:stop(911)) - Stopping SCM Event Queue.
2020-12-08 15:10:31,781 [Listener at 127.0.0.1/12648] INFO  impl.MetricsSystemImpl (MetricsSystemImpl.java:stop(210)) - Stopping HddsDatanode metrics system...
2020-12-08 15:10:31,783 [prometheus] INFO  impl.MetricsSinkAdapter (MetricsSinkAdapter.java:publishMetricsFromQueue(141)) - prometheus thread interrupted.
2020-12-08 15:10:31,783 [Listener at 127.0.0.1/12648] INFO  impl.MetricsSystemImpl (MetricsSystemImpl.java:stop(216)) - HddsDatanode metrics system stopped.
]]></system-out>
  </testcase>
  <testcase name="testOMRetryProxy" classname="org.apache.hadoop.ozone.om.TestOzoneManagerHAMetadataOnly" time="25.748"/>
  <testcase name="testOMProxyProviderFailoverToCurrentLeader" classname="org.apache.hadoop.ozone.om.TestOzoneManagerHAMetadataOnly" time="25.728"/>
  <testcase name="testAllBucketOperations" classname="org.apache.hadoop.ozone.om.TestOzoneManagerHAMetadataOnly" time="23.728"/>
  <testcase name="testOMProxyProviderFailoverOnConnectionFailure" classname="org.apache.hadoop.ozone.om.TestOzoneManagerHAMetadataOnly" time="0">
    <skipped message="This test randomly failing. Let&apos;s enable once its fixed."/>
  </testcase>
  <testcase name="testJMXMetrics" classname="org.apache.hadoop.ozone.om.TestOzoneManagerHAMetadataOnly" time="28.733"/>
  <testcase name="testReadRequest" classname="org.apache.hadoop.ozone.om.TestOzoneManagerHAMetadataOnly" time="23.614"/>
  <testcase name="testAllVolumeOperations" classname="org.apache.hadoop.ozone.om.TestOzoneManagerHAMetadataOnly" time="23.853"/>
  <testcase name="testListVolumes" classname="org.apache.hadoop.ozone.om.TestOzoneManagerHAMetadataOnly" time="0">
    <skipped message="This test randomly failing. Let&apos;s enable once its fixed."/>
  </testcase>
  <testcase name="testOMProxyProviderInitialization" classname="org.apache.hadoop.ozone.om.TestOzoneManagerHAMetadataOnly" time="23.426"/>
</testsuite>