<?xml version="1.0" encoding="UTF-8"?>
<testsuite xmlns:xsi="http://www.w3.org/2001/XMLSchema-instance" xsi:noNamespaceSchemaLocation="https://maven.apache.org/surefire/maven-surefire-plugin/xsd/surefire-test-report.xsd" name="org.apache.hadoop.ozone.client.rpc.TestCloseContainerHandlingByClient" time="90.955" tests="7" errors="1" skipped="0" failures="0">
  <properties>
    <property name="awt.toolkit" value="sun.awt.X11.XToolkit"/>
    <property name="file.encoding.pkg" value="sun.io"/>
    <property name="java.specification.version" value="1.8"/>
    <property name="sun.cpu.isalist" value=""/>
    <property name="sun.jnu.encoding" value="UTF-8"/>
    <property name="java.class.path" value="/home/runner/work/ozone/ozone/mnt/ozone/hadoop-ozone/integration-test/target/test-classes:/home/runner/work/ozone/ozone/mnt/ozone/hadoop-ozone/integration-test/target/classes:/home/runner/.m2/repository/org/apache/ozone/ozone-common/1.2.0-SNAPSHOT/ozone-common-1.2.0-SNAPSHOT.jar:/home/runner/.m2/repository/org/apache/commons/commons-compress/1.20/commons-compress-1.20.jar:/home/runner/.m2/repository/org/apache/ozone/hdds-common/1.2.0-SNAPSHOT/hdds-common-1.2.0-SNAPSHOT.jar:/home/runner/.m2/repository/org/apache/ozone/hdds-client/1.2.0-SNAPSHOT/hdds-client-1.2.0-SNAPSHOT.jar:/home/runner/.m2/repository/org/apache/ozone/ozone-interface-client/1.2.0-SNAPSHOT/ozone-interface-client-1.2.0-SNAPSHOT.jar:/home/runner/.m2/repository/org/apache/ozone/hdds-server-framework/1.2.0-SNAPSHOT/hdds-server-framework-1.2.0-SNAPSHOT.jar:/home/runner/.m2/repository/org/apache/ozone/hdds-interface-server/1.2.0-SNAPSHOT/hdds-interface-server-1.2.0-SNAPSHOT.jar:/home/runner/.m2/repository/org/eclipse/jetty/jetty-servlet/9.4.35.v20201120/jetty-servlet-9.4.35.v20201120.jar:/home/runner/.m2/repository/org/eclipse/jetty/jetty-security/9.4.35.v20201120/jetty-security-9.4.35.v20201120.jar:/home/runner/.m2/repository/org/rocksdb/rocksdbjni/6.20.3/rocksdbjni-6.20.3.jar:/home/runner/.m2/repository/io/prometheus/simpleclient_dropwizard/0.7.0/simpleclient_dropwizard-0.7.0.jar:/home/runner/.m2/repository/io/prometheus/simpleclient/0.7.0/simpleclient-0.7.0.jar:/home/runner/.m2/repository/io/prometheus/simpleclient_common/0.7.0/simpleclient_common-0.7.0.jar:/home/runner/.m2/repository/com/fasterxml/jackson/datatype/jackson-datatype-jsr310/2.12.1/jackson-datatype-jsr310-2.12.1.jar:/home/runner/.m2/repository/org/apache/ozone/hdds-test-utils/1.2.0-SNAPSHOT/hdds-test-utils-1.2.0-SNAPSHOT.jar:/home/runner/.m2/repository/com/google/guava/guava/30.1.1-jre/guava-30.1.1-jre.jar:/home/runner/.m2/repository/com/google/guava/failureaccess/1.0.1/failureaccess-1.0.1.jar:/home/runner/.m2/repository/com/google/guava/listenablefuture/9999.0-empty-to-avoid-conflict-with-guava/listenablefuture-9999.0-empty-to-avoid-conflict-with-guava.jar:/home/runner/.m2/repository/com/google/code/findbugs/jsr305/3.0.0/jsr305-3.0.0.jar:/home/runner/.m2/repository/org/checkerframework/checker-qual/3.8.0/checker-qual-3.8.0.jar:/home/runner/.m2/repository/com/google/errorprone/error_prone_annotations/2.2.0/error_prone_annotations-2.2.0.jar:/home/runner/.m2/repository/com/google/j2objc/j2objc-annotations/1.3/j2objc-annotations-1.3.jar:/home/runner/.m2/repository/commons-io/commons-io/2.8.0/commons-io-2.8.0.jar:/home/runner/.m2/repository/commons-logging/commons-logging/1.2/commons-logging-1.2.jar:/home/runner/.m2/repository/log4j/log4j/1.2.17/log4j-1.2.17.jar:/home/runner/.m2/repository/org/slf4j/slf4j-api/1.7.30/slf4j-api-1.7.30.jar:/home/runner/.m2/repository/org/apache/ozone/hdds-server-scm/1.2.0-SNAPSHOT/hdds-server-scm-1.2.0-SNAPSHOT.jar:/home/runner/.m2/repository/org/apache/ozone/hdds-container-service/1.2.0-SNAPSHOT/hdds-container-service-1.2.0-SNAPSHOT.jar:/home/runner/.m2/repository/org/apache/ozone/hdds-hadoop-dependency-server/1.2.0-SNAPSHOT/hdds-hadoop-dependency-server-1.2.0-SNAPSHOT.jar:/home/runner/.m2/repository/org/apache/hadoop/hadoop-hdfs/3.3.1/hadoop-hdfs-3.3.1.jar:/home/runner/.m2/repository/io/dropwizard/metrics/metrics-core/3.2.4/metrics-core-3.2.4.jar:/home/runner/.m2/repository/org/apache/hadoop/hadoop-hdfs-client/3.3.1/hadoop-hdfs-client-3.3.1.jar:/home/runner/.m2/repository/org/bouncycastle/bcprov-jdk15on/1.67/bcprov-jdk15on-1.67.jar:/home/runner/.m2/repository/com/google/protobuf/protobuf-java/2.5.0/protobuf-java-2.5.0.jar:/home/runner/.m2/repository/org/apache/ozone/ozone-manager/1.2.0-SNAPSHOT/ozone-manager-1.2.0-SNAPSHOT.jar:/home/runner/.m2/repository/org/aspectj/aspectjrt/1.8.9/aspectjrt-1.8.9.jar:/home/runner/.m2/repository/org/aspectj/aspectjweaver/1.8.9/aspectjweaver-1.8.9.jar:/home/runner/.m2/repository/org/apache/ozone/hdds-interface-client/1.2.0-SNAPSHOT/hdds-interface-client-1.2.0-SNAPSHOT.jar:/home/runner/.m2/repository/org/apache/hadoop/thirdparty/hadoop-shaded-protobuf_3_7/1.1.1/hadoop-shaded-protobuf_3_7-1.1.1.jar:/home/runner/.m2/repository/org/apache/ratis/ratis-thirdparty-misc/0.7.0/ratis-thirdparty-misc-0.7.0.jar:/home/runner/.m2/repository/org/apache/ozone/ozone-interface-storage/1.2.0-SNAPSHOT/ozone-interface-storage-1.2.0-SNAPSHOT.jar:/home/runner/.m2/repository/org/reflections/reflections/0.9.11/reflections-0.9.11.jar:/home/runner/.m2/repository/org/apache/hadoop/hadoop-minikdc/3.3.1/hadoop-minikdc-3.3.1.jar:/home/runner/.m2/repository/org/apache/kerby/kerb-simplekdc/1.0.1/kerb-simplekdc-1.0.1.jar:/home/runner/.m2/repository/org/apache/kerby/kerb-client/1.0.1/kerb-client-1.0.1.jar:/home/runner/.m2/repository/org/apache/kerby/kerby-config/1.0.1/kerby-config-1.0.1.jar:/home/runner/.m2/repository/org/apache/kerby/kerb-common/1.0.1/kerb-common-1.0.1.jar:/home/runner/.m2/repository/org/apache/kerby/kerb-crypto/1.0.1/kerb-crypto-1.0.1.jar:/home/runner/.m2/repository/org/apache/kerby/kerb-util/1.0.1/kerb-util-1.0.1.jar:/home/runner/.m2/repository/org/apache/kerby/token-provider/1.0.1/token-provider-1.0.1.jar:/home/runner/.m2/repository/org/apache/kerby/kerb-admin/1.0.1/kerb-admin-1.0.1.jar:/home/runner/.m2/repository/org/apache/kerby/kerb-server/1.0.1/kerb-server-1.0.1.jar:/home/runner/.m2/repository/org/apache/kerby/kerb-identity/1.0.1/kerb-identity-1.0.1.jar:/home/runner/.m2/repository/org/apache/kerby/kerby-xdr/1.0.1/kerby-xdr-1.0.1.jar:/home/runner/.m2/repository/org/slf4j/slf4j-log4j12/1.7.30/slf4j-log4j12-1.7.30.jar:/home/runner/.m2/repository/org/apache/ozone/ozone-s3gateway/1.2.0-SNAPSHOT/ozone-s3gateway-1.2.0-SNAPSHOT.jar:/home/runner/.m2/repository/org/javassist/javassist/3.21.0-GA/javassist-3.21.0-GA.jar:/home/runner/.m2/repository/org/jboss/weld/servlet/weld-servlet/2.4.7.Final/weld-servlet-2.4.7.Final.jar:/home/runner/.m2/repository/org/glassfish/jersey/containers/jersey-container-servlet-core/2.33/jersey-container-servlet-core-2.33.jar:/home/runner/.m2/repository/org/glassfish/hk2/external/jakarta.inject/2.6.1/jakarta.inject-2.6.1.jar:/home/runner/.m2/repository/org/glassfish/jersey/core/jersey-common/2.33/jersey-common-2.33.jar:/home/runner/.m2/repository/jakarta/ws/rs/jakarta.ws.rs-api/2.1.6/jakarta.ws.rs-api-2.1.6.jar:/home/runner/.m2/repository/org/glassfish/jersey/ext/cdi/jersey-cdi1x/2.33/jersey-cdi1x-2.33.jar:/home/runner/.m2/repository/org/glassfish/jersey/inject/jersey-hk2/2.33/jersey-hk2-2.33.jar:/home/runner/.m2/repository/org/glassfish/hk2/hk2-locator/2.6.1/hk2-locator-2.6.1.jar:/home/runner/.m2/repository/org/glassfish/jersey/media/jersey-media-jaxb/2.33/jersey-media-jaxb-2.33.jar:/home/runner/.m2/repository/org/glassfish/hk2/osgi-resource-locator/1.0.3/osgi-resource-locator-1.0.3.jar:/home/runner/.m2/repository/org/glassfish/hk2/hk2-api/2.5.0/hk2-api-2.5.0.jar:/home/runner/.m2/repository/org/glassfish/hk2/hk2-utils/2.5.0/hk2-utils-2.5.0.jar:/home/runner/.m2/repository/org/glassfish/hk2/external/aopalliance-repackaged/2.5.0/aopalliance-repackaged-2.5.0.jar:/home/runner/.m2/repository/com/fasterxml/jackson/dataformat/jackson-dataformat-xml/2.12.1/jackson-dataformat-xml-2.12.1.jar:/home/runner/.m2/repository/com/fasterxml/jackson/core/jackson-core/2.12.1/jackson-core-2.12.1.jar:/home/runner/.m2/repository/com/fasterxml/jackson/module/jackson-module-jaxb-annotations/2.12.1/jackson-module-jaxb-annotations-2.12.1.jar:/home/runner/.m2/repository/jakarta/xml/bind/jakarta.xml.bind-api/2.3.2/jakarta.xml.bind-api-2.3.2.jar:/home/runner/.m2/repository/org/codehaus/woodstox/stax2-api/3.1.4/stax2-api-3.1.4.jar:/home/runner/.m2/repository/com/fasterxml/woodstox/woodstox-core/5.0.3/woodstox-core-5.0.3.jar:/home/runner/.m2/repository/javax/enterprise/cdi-api/1.2/cdi-api-1.2.jar:/home/runner/.m2/repository/javax/el/javax.el-api/3.0.0/javax.el-api-3.0.0.jar:/home/runner/.m2/repository/javax/interceptor/javax.interceptor-api/1.2/javax.interceptor-api-1.2.jar:/home/runner/.m2/repository/javax/inject/javax.inject/1/javax.inject-1.jar:/home/runner/.m2/repository/javax/xml/bind/jaxb-api/2.3.0/jaxb-api-2.3.0.jar:/home/runner/.m2/repository/org/glassfish/jaxb/jaxb-runtime/2.3.0.1/jaxb-runtime-2.3.0.1.jar:/home/runner/.m2/repository/org/glassfish/jaxb/jaxb-core/2.3.0.1/jaxb-core-2.3.0.1.jar:/home/runner/.m2/repository/org/glassfish/jaxb/txw2/2.3.0.1/txw2-2.3.0.1.jar:/home/runner/.m2/repository/com/sun/istack/istack-commons-runtime/3.0.5/istack-commons-runtime-3.0.5.jar:/home/runner/.m2/repository/org/jvnet/staxex/stax-ex/1.7.8/stax-ex-1.7.8.jar:/home/runner/.m2/repository/com/sun/xml/fastinfoset/FastInfoset/1.2.13/FastInfoset-1.2.13.jar:/home/runner/.m2/repository/javax/activation/activation/1.1.1/activation-1.1.1.jar:/home/runner/.m2/repository/org/apache/ozone/ozone-csi/1.2.0-SNAPSHOT/ozone-csi-1.2.0-SNAPSHOT.jar:/home/runner/.m2/repository/com/google/protobuf/protobuf-java-util/3.12.0/protobuf-java-util-3.12.0.jar:/home/runner/.m2/repository/com/google/code/gson/gson/2.2.4/gson-2.2.4.jar:/home/runner/.m2/repository/org/apache/ozone/hdds-config/1.2.0-SNAPSHOT/hdds-config-1.2.0-SNAPSHOT.jar:/home/runner/.m2/repository/io/grpc/grpc-netty/1.33.0/grpc-netty-1.33.0.jar:/home/runner/.m2/repository/io/grpc/grpc-core/1.33.0/grpc-core-1.33.0.jar:/home/runner/.m2/repository/com/google/android/annotations/4.1.1.4/annotations-4.1.1.4.jar:/home/runner/.m2/repository/io/netty/netty-codec-http2/4.1.63.Final/netty-codec-http2-4.1.63.Final.jar:/home/runner/.m2/repository/io/netty/netty-codec-http/4.1.63.Final/netty-codec-http-4.1.63.Final.jar:/home/runner/.m2/repository/io/netty/netty-handler-proxy/4.1.63.Final/netty-handler-proxy-4.1.63.Final.jar:/home/runner/.m2/repository/io/netty/netty-codec-socks/4.1.63.Final/netty-codec-socks-4.1.63.Final.jar:/home/runner/.m2/repository/io/perfmark/perfmark-api/0.19.0/perfmark-api-0.19.0.jar:/home/runner/.m2/repository/org/codehaus/mojo/animal-sniffer-annotations/1.18/animal-sniffer-annotations-1.18.jar:/home/runner/.m2/repository/io/netty/netty-transport-native-epoll/4.1.63.Final/netty-transport-native-epoll-4.1.63.Final.jar:/home/runner/.m2/repository/io/netty/netty-common/4.1.63.Final/netty-common-4.1.63.Final.jar:/home/runner/.m2/repository/io/netty/netty-buffer/4.1.63.Final/netty-buffer-4.1.63.Final.jar:/home/runner/.m2/repository/io/netty/netty-transport-native-unix-common/4.1.63.Final/netty-transport-native-unix-common-4.1.63.Final.jar:/home/runner/.m2/repository/io/grpc/grpc-protobuf/1.33.0/grpc-protobuf-1.33.0.jar:/home/runner/.m2/repository/io/grpc/grpc-api/1.33.0/grpc-api-1.33.0.jar:/home/runner/.m2/repository/io/grpc/grpc-context/1.33.0/grpc-context-1.33.0.jar:/home/runner/.m2/repository/com/google/api/grpc/proto-google-common-protos/1.17.0/proto-google-common-protos-1.17.0.jar:/home/runner/.m2/repository/io/grpc/grpc-protobuf-lite/1.33.0/grpc-protobuf-lite-1.33.0.jar:/home/runner/.m2/repository/io/grpc/grpc-stub/1.33.0/grpc-stub-1.33.0.jar:/home/runner/.m2/repository/org/apache/ozone/ozone-recon/1.2.0-SNAPSHOT/ozone-recon-1.2.0-SNAPSHOT.jar:/home/runner/.m2/repository/org/apache/ozone/ozone-reconcodegen/1.2.0-SNAPSHOT/ozone-reconcodegen-1.2.0-SNAPSHOT.jar:/home/runner/.m2/repository/com/google/inject/extensions/guice-multibindings/4.0/guice-multibindings-4.0.jar:/home/runner/.m2/repository/com/google/inject/guice/4.0/guice-4.0.jar:/home/runner/.m2/repository/aopalliance/aopalliance/1.0/aopalliance-1.0.jar:/home/runner/.m2/repository/com/google/inject/extensions/guice-assistedinject/4.0/guice-assistedinject-4.0.jar:/home/runner/.m2/repository/com/google/inject/extensions/guice-servlet/4.0/guice-servlet-4.0.jar:/home/runner/.m2/repository/org/glassfish/jersey/containers/jersey-container-servlet/2.33/jersey-container-servlet-2.33.jar:/home/runner/.m2/repository/org/glassfish/hk2/guice-bridge/2.5.0/guice-bridge-2.5.0.jar:/home/runner/.m2/repository/org/glassfish/jersey/core/jersey-server/2.33/jersey-server-2.33.jar:/home/runner/.m2/repository/org/glassfish/jersey/core/jersey-client/2.33/jersey-client-2.33.jar:/home/runner/.m2/repository/jakarta/annotation/jakarta.annotation-api/1.3.5/jakarta.annotation-api-1.3.5.jar:/home/runner/.m2/repository/jakarta/validation/jakarta.validation-api/2.0.2/jakarta.validation-api-2.0.2.jar:/home/runner/.m2/repository/org/glassfish/jersey/media/jersey-media-json-jackson/2.33/jersey-media-json-jackson-2.33.jar:/home/runner/.m2/repository/org/glassfish/jersey/ext/jersey-entity-filtering/2.33/jersey-entity-filtering-2.33.jar:/home/runner/.m2/repository/org/jooq/jooq/3.11.10/jooq-3.11.10.jar:/home/runner/.m2/repository/org/jooq/jooq-meta/3.11.10/jooq-meta-3.11.10.jar:/home/runner/.m2/repository/org/jooq/jooq-codegen/3.11.10/jooq-codegen-3.11.10.jar:/home/runner/.m2/repository/com/jolbox/bonecp/0.8.0.RELEASE/bonecp-0.8.0.RELEASE.jar:/home/runner/.m2/repository/org/apache/derby/derby/10.14.2.0/derby-10.14.2.0.jar:/home/runner/.m2/repository/org/xerial/sqlite-jdbc/3.25.2/sqlite-jdbc-3.25.2.jar:/home/runner/.m2/repository/org/springframework/spring-jdbc/5.2.11.RELEASE/spring-jdbc-5.2.11.RELEASE.jar:/home/runner/.m2/repository/org/springframework/spring-beans/5.2.11.RELEASE/spring-beans-5.2.11.RELEASE.jar:/home/runner/.m2/repository/org/springframework/spring-core/5.2.11.RELEASE/spring-core-5.2.11.RELEASE.jar:/home/runner/.m2/repository/org/springframework/spring-jcl/5.2.11.RELEASE/spring-jcl-5.2.11.RELEASE.jar:/home/runner/.m2/repository/org/springframework/spring-tx/5.2.11.RELEASE/spring-tx-5.2.11.RELEASE.jar:/home/runner/.m2/repository/org/apache/ozone/ozone-client/1.2.0-SNAPSHOT/ozone-client-1.2.0-SNAPSHOT.jar:/home/runner/.m2/repository/org/apache/ozone/ozone-filesystem/1.2.0-SNAPSHOT/ozone-filesystem-1.2.0-SNAPSHOT.jar:/home/runner/.m2/repository/org/apache/ozone/ozone-filesystem-common/1.2.0-SNAPSHOT/ozone-filesystem-common-1.2.0-SNAPSHOT.jar:/home/runner/.m2/repository/org/apache/ozone/ozone-tools/1.2.0-SNAPSHOT/ozone-tools-1.2.0-SNAPSHOT.jar:/home/runner/.m2/repository/org/apache/ratis/ratis-tools/2.1.0/ratis-tools-2.1.0.jar:/home/runner/.m2/repository/org/apache/ratis/ratis-proto/2.1.0/ratis-proto-2.1.0.jar:/home/runner/.m2/repository/org/apache/ratis/ratis-common/2.1.0/ratis-common-2.1.0.jar:/home/runner/.m2/repository/com/amazonaws/aws-java-sdk-core/1.11.901/aws-java-sdk-core-1.11.901.jar:/home/runner/.m2/repository/org/apache/httpcomponents/httpclient/4.5.13/httpclient-4.5.13.jar:/home/runner/.m2/repository/org/apache/httpcomponents/httpcore/4.4.13/httpcore-4.4.13.jar:/home/runner/.m2/repository/software/amazon/ion/ion-java/1.0.2/ion-java-1.0.2.jar:/home/runner/.m2/repository/com/fasterxml/jackson/dataformat/jackson-dataformat-cbor/2.12.1/jackson-dataformat-cbor-2.12.1.jar:/home/runner/.m2/repository/joda-time/joda-time/2.8.1/joda-time-2.8.1.jar:/home/runner/.m2/repository/com/amazonaws/aws-java-sdk-s3/1.11.901/aws-java-sdk-s3-1.11.901.jar:/home/runner/.m2/repository/com/amazonaws/aws-java-sdk-kms/1.11.901/aws-java-sdk-kms-1.11.901.jar:/home/runner/.m2/repository/com/amazonaws/jmespath-java/1.11.901/jmespath-java-1.11.901.jar:/home/runner/.m2/repository/org/kohsuke/metainf-services/metainf-services/1.8/metainf-services-1.8.jar:/home/runner/.m2/repository/org/apache/ozone/hdds-tools/1.2.0-SNAPSHOT/hdds-tools-1.2.0-SNAPSHOT.jar:/home/runner/.m2/repository/commons-cli/commons-cli/1.2/commons-cli-1.2.jar:/home/runner/.m2/repository/org/apache/commons/commons-lang3/3.7/commons-lang3-3.7.jar:/home/runner/.m2/repository/org/apache/ozone/ozone-manager/1.2.0-SNAPSHOT/ozone-manager-1.2.0-SNAPSHOT-tests.jar:/home/runner/.m2/repository/org/apache/ozone/hdds-common/1.2.0-SNAPSHOT/hdds-common-1.2.0-SNAPSHOT-tests.jar:/home/runner/.m2/repository/org/apache/ozone/hdds-hadoop-dependency-client/1.2.0-SNAPSHOT/hdds-hadoop-dependency-client-1.2.0-SNAPSHOT.jar:/home/runner/.m2/repository/info/picocli/picocli/4.4.0/picocli-4.4.0.jar:/home/runner/.m2/repository/com/fasterxml/jackson/core/jackson-annotations/2.12.1/jackson-annotations-2.12.1.jar:/home/runner/.m2/repository/javax/annotation/javax.annotation-api/1.2/javax.annotation-api-1.2.jar:/home/runner/.m2/repository/org/apache/ratis/ratis-server/2.1.0/ratis-server-2.1.0.jar:/home/runner/.m2/repository/org/apache/ratis/ratis-client/2.1.0/ratis-client-2.1.0.jar:/home/runner/.m2/repository/org/apache/ratis/ratis-server-api/2.1.0/ratis-server-api-2.1.0.jar:/home/runner/.m2/repository/org/apache/ratis/ratis-metrics/2.1.0/ratis-metrics-2.1.0.jar:/home/runner/.m2/repository/org/apache/ratis/ratis-netty/2.1.0/ratis-netty-2.1.0.jar:/home/runner/.m2/repository/org/apache/ratis/ratis-grpc/2.1.0/ratis-grpc-2.1.0.jar:/home/runner/.m2/repository/org/apache/logging/log4j/log4j-api/2.13.3/log4j-api-2.13.3.jar:/home/runner/.m2/repository/org/apache/logging/log4j/log4j-core/2.13.3/log4j-core-2.13.3.jar:/home/runner/.m2/repository/com/lmax/disruptor/3.4.2/disruptor-3.4.2.jar:/home/runner/.m2/repository/org/apache/commons/commons-pool2/2.6.0/commons-pool2-2.6.0.jar:/home/runner/.m2/repository/org/bouncycastle/bcpkix-jdk15on/1.67/bcpkix-jdk15on-1.67.jar:/home/runner/.m2/repository/commons-validator/commons-validator/1.6/commons-validator-1.6.jar:/home/runner/.m2/repository/commons-beanutils/commons-beanutils/1.9.4/commons-beanutils-1.9.4.jar:/home/runner/.m2/repository/commons-digester/commons-digester/1.8.1/commons-digester-1.8.1.jar:/home/runner/.m2/repository/commons-collections/commons-collections/3.2.2/commons-collections-3.2.2.jar:/home/runner/.m2/repository/io/jaegertracing/jaeger-client/1.6.0/jaeger-client-1.6.0.jar:/home/runner/.m2/repository/io/jaegertracing/jaeger-thrift/1.6.0/jaeger-thrift-1.6.0.jar:/home/runner/.m2/repository/org/apache/thrift/libthrift/0.14.1/libthrift-0.14.1.jar:/home/runner/.m2/repository/com/squareup/okhttp3/okhttp/4.9.0/okhttp-4.9.0.jar:/home/runner/.m2/repository/com/squareup/okio/okio/2.8.0/okio-2.8.0.jar:/home/runner/.m2/repository/io/jaegertracing/jaeger-core/1.6.0/jaeger-core-1.6.0.jar:/home/runner/.m2/repository/io/jaegertracing/jaeger-tracerresolver/1.6.0/jaeger-tracerresolver-1.6.0.jar:/home/runner/.m2/repository/io/opentracing/contrib/opentracing-tracerresolver/0.1.8/opentracing-tracerresolver-0.1.8.jar:/home/runner/.m2/repository/org/jetbrains/kotlin/kotlin-stdlib/1.4.31/kotlin-stdlib-1.4.31.jar:/home/runner/.m2/repository/org/jetbrains/kotlin/kotlin-stdlib-common/1.4.31/kotlin-stdlib-common-1.4.31.jar:/home/runner/.m2/repository/org/jetbrains/annotations/13.0/annotations-13.0.jar:/home/runner/.m2/repository/io/opentracing/opentracing-util/0.33.0/opentracing-util-0.33.0.jar:/home/runner/.m2/repository/io/opentracing/opentracing-api/0.33.0/opentracing-api-0.33.0.jar:/home/runner/.m2/repository/io/opentracing/opentracing-noop/0.33.0/opentracing-noop-0.33.0.jar:/home/runner/.m2/repository/org/yaml/snakeyaml/1.26/snakeyaml-1.26.jar:/home/runner/.m2/repository/org/apache/ozone/hdds-interface-admin/1.2.0-SNAPSHOT/hdds-interface-admin-1.2.0-SNAPSHOT.jar:/home/runner/.m2/repository/junit/junit/4.13.1/junit-4.13.1.jar:/home/runner/.m2/repository/org/hamcrest/hamcrest-core/1.3/hamcrest-core-1.3.jar:/home/runner/.m2/repository/org/junit/jupiter/junit-jupiter-api/5.7.0/junit-jupiter-api-5.7.0.jar:/home/runner/.m2/repository/org/apiguardian/apiguardian-api/1.1.0/apiguardian-api-1.1.0.jar:/home/runner/.m2/repository/org/opentest4j/opentest4j/1.2.0/opentest4j-1.2.0.jar:/home/runner/.m2/repository/org/junit/platform/junit-platform-commons/1.7.0/junit-platform-commons-1.7.0.jar:/home/runner/.m2/repository/org/junit/jupiter/junit-jupiter-engine/5.7.0/junit-jupiter-engine-5.7.0.jar:/home/runner/.m2/repository/org/junit/platform/junit-platform-engine/1.7.0/junit-platform-engine-1.7.0.jar:/home/runner/.m2/repository/org/junit/vintage/junit-vintage-engine/5.7.0/junit-vintage-engine-5.7.0.jar:/home/runner/.m2/repository/org/junit/platform/junit-platform-launcher/1.7.0/junit-platform-launcher-1.7.0.jar:/home/runner/.m2/repository/org/openjdk/jmh/jmh-core/1.19/jmh-core-1.19.jar:/home/runner/.m2/repository/net/sf/jopt-simple/jopt-simple/4.6/jopt-simple-4.6.jar:/home/runner/.m2/repository/org/apache/commons/commons-math3/3.1.1/commons-math3-3.1.1.jar:/home/runner/.m2/repository/org/openjdk/jmh/jmh-generator-annprocess/1.19/jmh-generator-annprocess-1.19.jar:/home/runner/.m2/repository/org/mockito/mockito-core/2.28.2/mockito-core-2.28.2.jar:/home/runner/.m2/repository/net/bytebuddy/byte-buddy/1.9.10/byte-buddy-1.9.10.jar:/home/runner/.m2/repository/net/bytebuddy/byte-buddy-agent/1.9.10/byte-buddy-agent-1.9.10.jar:/home/runner/.m2/repository/org/objenesis/objenesis/1.0/objenesis-1.0.jar:/home/runner/.m2/repository/org/apache/hadoop/hadoop-kms/3.3.1/hadoop-kms-3.3.1.jar:/home/runner/.m2/repository/org/apache/hadoop/hadoop-auth/3.3.1/hadoop-auth-3.3.1.jar:/home/runner/.m2/repository/com/nimbusds/nimbus-jose-jwt/7.9/nimbus-jose-jwt-7.9.jar:/home/runner/.m2/repository/com/github/stephenc/jcip/jcip-annotations/1.0-1/jcip-annotations-1.0-1.jar:/home/runner/.m2/repository/net/minidev/json-smart/2.3/json-smart-2.3.jar:/home/runner/.m2/repository/net/minidev/accessors-smart/1.2/accessors-smart-1.2.jar:/home/runner/.m2/repository/org/ow2/asm/asm/5.0.4/asm-5.0.4.jar:/home/runner/.m2/repository/org/apache/zookeeper/zookeeper/3.5.6/zookeeper-3.5.6.jar:/home/runner/.m2/repository/org/apache/zookeeper/zookeeper-jute/3.5.6/zookeeper-jute-3.5.6.jar:/home/runner/.m2/repository/org/apache/yetus/audience-annotations/0.5.0/audience-annotations-0.5.0.jar:/home/runner/.m2/repository/org/apache/curator/curator-framework/4.2.0/curator-framework-4.2.0.jar:/home/runner/.m2/repository/org/apache/hadoop/thirdparty/hadoop-shaded-guava/1.1.1/hadoop-shaded-guava-1.1.1.jar:/home/runner/.m2/repository/com/sun/jersey/jersey-core/1.19/jersey-core-1.19.jar:/home/runner/.m2/repository/javax/ws/rs/jsr311-api/1.1.1/jsr311-api-1.1.1.jar:/home/runner/.m2/repository/com/sun/jersey/jersey-server/1.19/jersey-server-1.19.jar:/home/runner/.m2/repository/javax/servlet/javax.servlet-api/3.1.0/javax.servlet-api-3.1.0.jar:/home/runner/.m2/repository/org/eclipse/jetty/jetty-server/9.4.35.v20201120/jetty-server-9.4.35.v20201120.jar:/home/runner/.m2/repository/org/eclipse/jetty/jetty-http/9.4.35.v20201120/jetty-http-9.4.35.v20201120.jar:/home/runner/.m2/repository/org/eclipse/jetty/jetty-io/9.4.35.v20201120/jetty-io-9.4.35.v20201120.jar:/home/runner/.m2/repository/org/eclipse/jetty/jetty-webapp/9.4.35.v20201120/jetty-webapp-9.4.35.v20201120.jar:/home/runner/.m2/repository/org/eclipse/jetty/jetty-xml/9.4.35.v20201120/jetty-xml-9.4.35.v20201120.jar:/home/runner/.m2/repository/org/apache/hadoop/hadoop-common/3.3.1/hadoop-common-3.3.1.jar:/home/runner/.m2/repository/commons-net/commons-net/3.6/commons-net-3.6.jar:/home/runner/.m2/repository/jakarta/activation/jakarta.activation-api/1.2.1/jakarta.activation-api-1.2.1.jar:/home/runner/.m2/repository/com/sun/jersey/jersey-servlet/1.19/jersey-servlet-1.19.jar:/home/runner/.m2/repository/com/sun/jersey/jersey-json/1.19/jersey-json-1.19.jar:/home/runner/.m2/repository/org/codehaus/jettison/jettison/1.1/jettison-1.1.jar:/home/runner/.m2/repository/com/sun/xml/bind/jaxb-impl/2.2.3-1/jaxb-impl-2.2.3-1.jar:/home/runner/.m2/repository/org/codehaus/jackson/jackson-jaxrs/1.9.2/jackson-jaxrs-1.9.2.jar:/home/runner/.m2/repository/org/codehaus/jackson/jackson-xc/1.9.2/jackson-xc-1.9.2.jar:/home/runner/.m2/repository/org/apache/commons/commons-configuration2/2.1.1/commons-configuration2-2.1.1.jar:/home/runner/.m2/repository/org/apache/commons/commons-text/1.4/commons-text-1.4.jar:/home/runner/.m2/repository/com/google/re2j/re2j/1.1/re2j-1.1.jar:/home/runner/.m2/repository/com/jcraft/jsch/0.1.54/jsch-0.1.54.jar:/home/runner/.m2/repository/org/apache/curator/curator-client/4.2.0/curator-client-4.2.0.jar:/home/runner/.m2/repository/org/apache/curator/curator-recipes/4.2.0/curator-recipes-4.2.0.jar:/home/runner/.m2/repository/org/apache/kerby/kerb-core/1.0.1/kerb-core-1.0.1.jar:/home/runner/.m2/repository/org/apache/kerby/kerby-pkix/1.0.1/kerby-pkix-1.0.1.jar:/home/runner/.m2/repository/org/apache/kerby/kerby-asn1/1.0.1/kerby-asn1-1.0.1.jar:/home/runner/.m2/repository/org/apache/kerby/kerby-util/1.0.1/kerby-util-1.0.1.jar:/home/runner/.m2/repository/dnsjava/dnsjava/2.1.7/dnsjava-2.1.7.jar:/home/runner/.m2/repository/org/xerial/snappy/snappy-java/1.1.8.2/snappy-java-1.1.8.2.jar:/home/runner/.m2/repository/org/slf4j/jul-to-slf4j/1.7.30/jul-to-slf4j-1.7.30.jar:/home/runner/.m2/repository/org/eclipse/jetty/jetty-util/9.4.35.v20201120/jetty-util-9.4.35.v20201120.jar:/home/runner/.m2/repository/com/fasterxml/jackson/core/jackson-databind/2.12.1/jackson-databind-2.12.1.jar:/home/runner/.m2/repository/org/apache/hadoop/hadoop-kms/3.3.1/hadoop-kms-3.3.1-tests.jar:/home/runner/.m2/repository/org/apache/ozone/hdds-server-scm/1.2.0-SNAPSHOT/hdds-server-scm-1.2.0-SNAPSHOT-tests.jar:/home/runner/.m2/repository/org/apache/ozone/hdds-container-service/1.2.0-SNAPSHOT/hdds-container-service-1.2.0-SNAPSHOT-tests.jar:/home/runner/.m2/repository/commons-codec/commons-codec/1.11/commons-codec-1.11.jar:/home/runner/.m2/repository/io/netty/netty-transport/4.1.63.Final/netty-transport-4.1.63.Final.jar:/home/runner/.m2/repository/io/netty/netty-resolver/4.1.63.Final/netty-resolver-4.1.63.Final.jar:/home/runner/.m2/repository/io/netty/netty-codec/4.1.63.Final/netty-codec-4.1.63.Final.jar:/home/runner/.m2/repository/io/netty/netty-handler/4.1.63.Final/netty-handler-4.1.63.Final.jar:/home/runner/.m2/repository/org/apache/ozone/hdds-hadoop-dependency-test/1.2.0-SNAPSHOT/hdds-hadoop-dependency-test-1.2.0-SNAPSHOT.jar:/home/runner/.m2/repository/org/apache/hadoop/hadoop-common/3.3.1/hadoop-common-3.3.1-tests.jar:/home/runner/.m2/repository/org/assertj/assertj-core/3.12.2/assertj-core-3.12.2.jar:/home/runner/.m2/repository/org/apache/hadoop/hadoop-hdfs/3.3.1/hadoop-hdfs-3.3.1-tests.jar:/home/runner/.m2/repository/org/eclipse/jetty/jetty-util-ajax/9.4.35.v20201120/jetty-util-ajax-9.4.35.v20201120.jar:/home/runner/.m2/repository/commons-daemon/commons-daemon/1.0.13/commons-daemon-1.0.13.jar:/home/runner/.m2/repository/io/netty/netty/3.10.6.Final/netty-3.10.6.Final.jar:/home/runner/.m2/repository/io/netty/netty-all/4.1.63.Final/netty-all-4.1.63.Final.jar:/home/runner/.m2/repository/org/apache/htrace/htrace-core4/4.1.0-incubating/htrace-core4-4.1.0-incubating.jar:/home/runner/.m2/repository/org/fusesource/leveldbjni/leveldbjni-all/1.8/leveldbjni-all-1.8.jar:/home/runner/.m2/repository/org/apache/hadoop/hadoop-distcp/3.3.1/hadoop-distcp-3.3.1.jar:/home/runner/.m2/repository/org/apache/hadoop/hadoop-mapreduce-client-jobclient/3.3.1/hadoop-mapreduce-client-jobclient-3.3.1.jar:/home/runner/.m2/repository/org/apache/hadoop/hadoop-mapreduce-client-common/3.3.1/hadoop-mapreduce-client-common-3.3.1.jar:/home/runner/.m2/repository/org/apache/hadoop/hadoop-yarn-common/3.3.1/hadoop-yarn-common-3.3.1.jar:/home/runner/.m2/repository/org/apache/hadoop/hadoop-yarn-api/3.3.1/hadoop-yarn-api-3.3.1.jar:/home/runner/.m2/repository/com/sun/jersey/jersey-client/1.19/jersey-client-1.19.jar:/home/runner/.m2/repository/com/sun/jersey/contribs/jersey-guice/1.19/jersey-guice-1.19.jar:/home/runner/.m2/repository/com/fasterxml/jackson/jaxrs/jackson-jaxrs-json-provider/2.12.1/jackson-jaxrs-json-provider-2.12.1.jar:/home/runner/.m2/repository/com/fasterxml/jackson/jaxrs/jackson-jaxrs-base/2.12.1/jackson-jaxrs-base-2.12.1.jar:/home/runner/.m2/repository/org/apache/hadoop/hadoop-yarn-client/3.3.1/hadoop-yarn-client-3.3.1.jar:/home/runner/.m2/repository/org/eclipse/jetty/websocket/websocket-client/9.4.40.v20210413/websocket-client-9.4.40.v20210413.jar:/home/runner/.m2/repository/org/eclipse/jetty/jetty-client/9.4.40.v20210413/jetty-client-9.4.40.v20210413.jar:/home/runner/.m2/repository/org/eclipse/jetty/websocket/websocket-common/9.4.40.v20210413/websocket-common-9.4.40.v20210413.jar:/home/runner/.m2/repository/org/eclipse/jetty/websocket/websocket-api/9.4.40.v20210413/websocket-api-9.4.40.v20210413.jar:/home/runner/.m2/repository/org/jline/jline/3.9.0/jline-3.9.0.jar:/home/runner/.m2/repository/org/apache/hadoop/hadoop-mapreduce-client-core/3.3.1/hadoop-mapreduce-client-core-3.3.1.jar:/home/runner/.m2/repository/org/apache/avro/avro/1.7.7/avro-1.7.7.jar:/home/runner/.m2/repository/org/codehaus/jackson/jackson-core-asl/1.9.13/jackson-core-asl-1.9.13.jar:/home/runner/.m2/repository/org/codehaus/jackson/jackson-mapper-asl/1.9.13/jackson-mapper-asl-1.9.13.jar:/home/runner/.m2/repository/com/thoughtworks/paranamer/paranamer/2.3/paranamer-2.3.jar:/home/runner/.m2/repository/org/apache/hadoop/hadoop-annotations/3.3.1/hadoop-annotations-3.3.1.jar:/usr/lib/jvm/adoptopenjdk-8-hotspot-amd64/jre/../lib/tools.jar:/home/runner/.m2/repository/org/apache/hadoop/hadoop-distcp/3.3.1/hadoop-distcp-3.3.1-tests.jar:"/>
    <property name="java.vm.vendor" value="AdoptOpenJDK"/>
    <property name="sun.arch.data.model" value="64"/>
    <property name="test.build.dir" value="/home/runner/work/ozone/ozone/mnt/ozone/hadoop-ozone/integration-test/target/test-dir"/>
    <property name="test.cache.data" value=""/>
    <property name="java.vendor.url" value="https://adoptopenjdk.net/"/>
    <property name="user.timezone" value=""/>
    <property name="java.vm.specification.version" value="1.8"/>
    <property name="os.name" value="Linux"/>
    <property name="test.build.data" value="/home/runner/work/ozone/ozone/mnt/ozone/hadoop-ozone/integration-test/target/test-dir"/>
    <property name="sun.java.launcher" value="SUN_STANDARD"/>
    <property name="sun.boot.library.path" value="/usr/lib/jvm/adoptopenjdk-8-hotspot-amd64/jre/lib/amd64"/>
    <property name="sun.java.command" value="/home/runner/work/ozone/ozone/mnt/ozone/hadoop-ozone/integration-test/target/surefire/surefirebooter4365317081937732721.jar /home/runner/work/ozone/ozone/mnt/ozone/hadoop-ozone/integration-test/target/surefire 2021-08-04T12-26-13_819-jvmRun1 surefire5324468923760752889tmp surefire_135334579066971688991tmp"/>
    <property name="surefire.test.class.path" value="/home/runner/work/ozone/ozone/mnt/ozone/hadoop-ozone/integration-test/target/test-classes:/home/runner/work/ozone/ozone/mnt/ozone/hadoop-ozone/integration-test/target/classes:/home/runner/.m2/repository/org/apache/ozone/ozone-common/1.2.0-SNAPSHOT/ozone-common-1.2.0-SNAPSHOT.jar:/home/runner/.m2/repository/org/apache/commons/commons-compress/1.20/commons-compress-1.20.jar:/home/runner/.m2/repository/org/apache/ozone/hdds-common/1.2.0-SNAPSHOT/hdds-common-1.2.0-SNAPSHOT.jar:/home/runner/.m2/repository/org/apache/ozone/hdds-client/1.2.0-SNAPSHOT/hdds-client-1.2.0-SNAPSHOT.jar:/home/runner/.m2/repository/org/apache/ozone/ozone-interface-client/1.2.0-SNAPSHOT/ozone-interface-client-1.2.0-SNAPSHOT.jar:/home/runner/.m2/repository/org/apache/ozone/hdds-server-framework/1.2.0-SNAPSHOT/hdds-server-framework-1.2.0-SNAPSHOT.jar:/home/runner/.m2/repository/org/apache/ozone/hdds-interface-server/1.2.0-SNAPSHOT/hdds-interface-server-1.2.0-SNAPSHOT.jar:/home/runner/.m2/repository/org/eclipse/jetty/jetty-servlet/9.4.35.v20201120/jetty-servlet-9.4.35.v20201120.jar:/home/runner/.m2/repository/org/eclipse/jetty/jetty-security/9.4.35.v20201120/jetty-security-9.4.35.v20201120.jar:/home/runner/.m2/repository/org/rocksdb/rocksdbjni/6.20.3/rocksdbjni-6.20.3.jar:/home/runner/.m2/repository/io/prometheus/simpleclient_dropwizard/0.7.0/simpleclient_dropwizard-0.7.0.jar:/home/runner/.m2/repository/io/prometheus/simpleclient/0.7.0/simpleclient-0.7.0.jar:/home/runner/.m2/repository/io/prometheus/simpleclient_common/0.7.0/simpleclient_common-0.7.0.jar:/home/runner/.m2/repository/com/fasterxml/jackson/datatype/jackson-datatype-jsr310/2.12.1/jackson-datatype-jsr310-2.12.1.jar:/home/runner/.m2/repository/org/apache/ozone/hdds-test-utils/1.2.0-SNAPSHOT/hdds-test-utils-1.2.0-SNAPSHOT.jar:/home/runner/.m2/repository/com/google/guava/guava/30.1.1-jre/guava-30.1.1-jre.jar:/home/runner/.m2/repository/com/google/guava/failureaccess/1.0.1/failureaccess-1.0.1.jar:/home/runner/.m2/repository/com/google/guava/listenablefuture/9999.0-empty-to-avoid-conflict-with-guava/listenablefuture-9999.0-empty-to-avoid-conflict-with-guava.jar:/home/runner/.m2/repository/com/google/code/findbugs/jsr305/3.0.0/jsr305-3.0.0.jar:/home/runner/.m2/repository/org/checkerframework/checker-qual/3.8.0/checker-qual-3.8.0.jar:/home/runner/.m2/repository/com/google/errorprone/error_prone_annotations/2.2.0/error_prone_annotations-2.2.0.jar:/home/runner/.m2/repository/com/google/j2objc/j2objc-annotations/1.3/j2objc-annotations-1.3.jar:/home/runner/.m2/repository/commons-io/commons-io/2.8.0/commons-io-2.8.0.jar:/home/runner/.m2/repository/commons-logging/commons-logging/1.2/commons-logging-1.2.jar:/home/runner/.m2/repository/log4j/log4j/1.2.17/log4j-1.2.17.jar:/home/runner/.m2/repository/org/slf4j/slf4j-api/1.7.30/slf4j-api-1.7.30.jar:/home/runner/.m2/repository/org/apache/ozone/hdds-server-scm/1.2.0-SNAPSHOT/hdds-server-scm-1.2.0-SNAPSHOT.jar:/home/runner/.m2/repository/org/apache/ozone/hdds-container-service/1.2.0-SNAPSHOT/hdds-container-service-1.2.0-SNAPSHOT.jar:/home/runner/.m2/repository/org/apache/ozone/hdds-hadoop-dependency-server/1.2.0-SNAPSHOT/hdds-hadoop-dependency-server-1.2.0-SNAPSHOT.jar:/home/runner/.m2/repository/org/apache/hadoop/hadoop-hdfs/3.3.1/hadoop-hdfs-3.3.1.jar:/home/runner/.m2/repository/io/dropwizard/metrics/metrics-core/3.2.4/metrics-core-3.2.4.jar:/home/runner/.m2/repository/org/apache/hadoop/hadoop-hdfs-client/3.3.1/hadoop-hdfs-client-3.3.1.jar:/home/runner/.m2/repository/org/bouncycastle/bcprov-jdk15on/1.67/bcprov-jdk15on-1.67.jar:/home/runner/.m2/repository/com/google/protobuf/protobuf-java/2.5.0/protobuf-java-2.5.0.jar:/home/runner/.m2/repository/org/apache/ozone/ozone-manager/1.2.0-SNAPSHOT/ozone-manager-1.2.0-SNAPSHOT.jar:/home/runner/.m2/repository/org/aspectj/aspectjrt/1.8.9/aspectjrt-1.8.9.jar:/home/runner/.m2/repository/org/aspectj/aspectjweaver/1.8.9/aspectjweaver-1.8.9.jar:/home/runner/.m2/repository/org/apache/ozone/hdds-interface-client/1.2.0-SNAPSHOT/hdds-interface-client-1.2.0-SNAPSHOT.jar:/home/runner/.m2/repository/org/apache/hadoop/thirdparty/hadoop-shaded-protobuf_3_7/1.1.1/hadoop-shaded-protobuf_3_7-1.1.1.jar:/home/runner/.m2/repository/org/apache/ratis/ratis-thirdparty-misc/0.7.0/ratis-thirdparty-misc-0.7.0.jar:/home/runner/.m2/repository/org/apache/ozone/ozone-interface-storage/1.2.0-SNAPSHOT/ozone-interface-storage-1.2.0-SNAPSHOT.jar:/home/runner/.m2/repository/org/reflections/reflections/0.9.11/reflections-0.9.11.jar:/home/runner/.m2/repository/org/apache/hadoop/hadoop-minikdc/3.3.1/hadoop-minikdc-3.3.1.jar:/home/runner/.m2/repository/org/apache/kerby/kerb-simplekdc/1.0.1/kerb-simplekdc-1.0.1.jar:/home/runner/.m2/repository/org/apache/kerby/kerb-client/1.0.1/kerb-client-1.0.1.jar:/home/runner/.m2/repository/org/apache/kerby/kerby-config/1.0.1/kerby-config-1.0.1.jar:/home/runner/.m2/repository/org/apache/kerby/kerb-common/1.0.1/kerb-common-1.0.1.jar:/home/runner/.m2/repository/org/apache/kerby/kerb-crypto/1.0.1/kerb-crypto-1.0.1.jar:/home/runner/.m2/repository/org/apache/kerby/kerb-util/1.0.1/kerb-util-1.0.1.jar:/home/runner/.m2/repository/org/apache/kerby/token-provider/1.0.1/token-provider-1.0.1.jar:/home/runner/.m2/repository/org/apache/kerby/kerb-admin/1.0.1/kerb-admin-1.0.1.jar:/home/runner/.m2/repository/org/apache/kerby/kerb-server/1.0.1/kerb-server-1.0.1.jar:/home/runner/.m2/repository/org/apache/kerby/kerb-identity/1.0.1/kerb-identity-1.0.1.jar:/home/runner/.m2/repository/org/apache/kerby/kerby-xdr/1.0.1/kerby-xdr-1.0.1.jar:/home/runner/.m2/repository/org/slf4j/slf4j-log4j12/1.7.30/slf4j-log4j12-1.7.30.jar:/home/runner/.m2/repository/org/apache/ozone/ozone-s3gateway/1.2.0-SNAPSHOT/ozone-s3gateway-1.2.0-SNAPSHOT.jar:/home/runner/.m2/repository/org/javassist/javassist/3.21.0-GA/javassist-3.21.0-GA.jar:/home/runner/.m2/repository/org/jboss/weld/servlet/weld-servlet/2.4.7.Final/weld-servlet-2.4.7.Final.jar:/home/runner/.m2/repository/org/glassfish/jersey/containers/jersey-container-servlet-core/2.33/jersey-container-servlet-core-2.33.jar:/home/runner/.m2/repository/org/glassfish/hk2/external/jakarta.inject/2.6.1/jakarta.inject-2.6.1.jar:/home/runner/.m2/repository/org/glassfish/jersey/core/jersey-common/2.33/jersey-common-2.33.jar:/home/runner/.m2/repository/jakarta/ws/rs/jakarta.ws.rs-api/2.1.6/jakarta.ws.rs-api-2.1.6.jar:/home/runner/.m2/repository/org/glassfish/jersey/ext/cdi/jersey-cdi1x/2.33/jersey-cdi1x-2.33.jar:/home/runner/.m2/repository/org/glassfish/jersey/inject/jersey-hk2/2.33/jersey-hk2-2.33.jar:/home/runner/.m2/repository/org/glassfish/hk2/hk2-locator/2.6.1/hk2-locator-2.6.1.jar:/home/runner/.m2/repository/org/glassfish/jersey/media/jersey-media-jaxb/2.33/jersey-media-jaxb-2.33.jar:/home/runner/.m2/repository/org/glassfish/hk2/osgi-resource-locator/1.0.3/osgi-resource-locator-1.0.3.jar:/home/runner/.m2/repository/org/glassfish/hk2/hk2-api/2.5.0/hk2-api-2.5.0.jar:/home/runner/.m2/repository/org/glassfish/hk2/hk2-utils/2.5.0/hk2-utils-2.5.0.jar:/home/runner/.m2/repository/org/glassfish/hk2/external/aopalliance-repackaged/2.5.0/aopalliance-repackaged-2.5.0.jar:/home/runner/.m2/repository/com/fasterxml/jackson/dataformat/jackson-dataformat-xml/2.12.1/jackson-dataformat-xml-2.12.1.jar:/home/runner/.m2/repository/com/fasterxml/jackson/core/jackson-core/2.12.1/jackson-core-2.12.1.jar:/home/runner/.m2/repository/com/fasterxml/jackson/module/jackson-module-jaxb-annotations/2.12.1/jackson-module-jaxb-annotations-2.12.1.jar:/home/runner/.m2/repository/jakarta/xml/bind/jakarta.xml.bind-api/2.3.2/jakarta.xml.bind-api-2.3.2.jar:/home/runner/.m2/repository/org/codehaus/woodstox/stax2-api/3.1.4/stax2-api-3.1.4.jar:/home/runner/.m2/repository/com/fasterxml/woodstox/woodstox-core/5.0.3/woodstox-core-5.0.3.jar:/home/runner/.m2/repository/javax/enterprise/cdi-api/1.2/cdi-api-1.2.jar:/home/runner/.m2/repository/javax/el/javax.el-api/3.0.0/javax.el-api-3.0.0.jar:/home/runner/.m2/repository/javax/interceptor/javax.interceptor-api/1.2/javax.interceptor-api-1.2.jar:/home/runner/.m2/repository/javax/inject/javax.inject/1/javax.inject-1.jar:/home/runner/.m2/repository/javax/xml/bind/jaxb-api/2.3.0/jaxb-api-2.3.0.jar:/home/runner/.m2/repository/org/glassfish/jaxb/jaxb-runtime/2.3.0.1/jaxb-runtime-2.3.0.1.jar:/home/runner/.m2/repository/org/glassfish/jaxb/jaxb-core/2.3.0.1/jaxb-core-2.3.0.1.jar:/home/runner/.m2/repository/org/glassfish/jaxb/txw2/2.3.0.1/txw2-2.3.0.1.jar:/home/runner/.m2/repository/com/sun/istack/istack-commons-runtime/3.0.5/istack-commons-runtime-3.0.5.jar:/home/runner/.m2/repository/org/jvnet/staxex/stax-ex/1.7.8/stax-ex-1.7.8.jar:/home/runner/.m2/repository/com/sun/xml/fastinfoset/FastInfoset/1.2.13/FastInfoset-1.2.13.jar:/home/runner/.m2/repository/javax/activation/activation/1.1.1/activation-1.1.1.jar:/home/runner/.m2/repository/org/apache/ozone/ozone-csi/1.2.0-SNAPSHOT/ozone-csi-1.2.0-SNAPSHOT.jar:/home/runner/.m2/repository/com/google/protobuf/protobuf-java-util/3.12.0/protobuf-java-util-3.12.0.jar:/home/runner/.m2/repository/com/google/code/gson/gson/2.2.4/gson-2.2.4.jar:/home/runner/.m2/repository/org/apache/ozone/hdds-config/1.2.0-SNAPSHOT/hdds-config-1.2.0-SNAPSHOT.jar:/home/runner/.m2/repository/io/grpc/grpc-netty/1.33.0/grpc-netty-1.33.0.jar:/home/runner/.m2/repository/io/grpc/grpc-core/1.33.0/grpc-core-1.33.0.jar:/home/runner/.m2/repository/com/google/android/annotations/4.1.1.4/annotations-4.1.1.4.jar:/home/runner/.m2/repository/io/netty/netty-codec-http2/4.1.63.Final/netty-codec-http2-4.1.63.Final.jar:/home/runner/.m2/repository/io/netty/netty-codec-http/4.1.63.Final/netty-codec-http-4.1.63.Final.jar:/home/runner/.m2/repository/io/netty/netty-handler-proxy/4.1.63.Final/netty-handler-proxy-4.1.63.Final.jar:/home/runner/.m2/repository/io/netty/netty-codec-socks/4.1.63.Final/netty-codec-socks-4.1.63.Final.jar:/home/runner/.m2/repository/io/perfmark/perfmark-api/0.19.0/perfmark-api-0.19.0.jar:/home/runner/.m2/repository/org/codehaus/mojo/animal-sniffer-annotations/1.18/animal-sniffer-annotations-1.18.jar:/home/runner/.m2/repository/io/netty/netty-transport-native-epoll/4.1.63.Final/netty-transport-native-epoll-4.1.63.Final.jar:/home/runner/.m2/repository/io/netty/netty-common/4.1.63.Final/netty-common-4.1.63.Final.jar:/home/runner/.m2/repository/io/netty/netty-buffer/4.1.63.Final/netty-buffer-4.1.63.Final.jar:/home/runner/.m2/repository/io/netty/netty-transport-native-unix-common/4.1.63.Final/netty-transport-native-unix-common-4.1.63.Final.jar:/home/runner/.m2/repository/io/grpc/grpc-protobuf/1.33.0/grpc-protobuf-1.33.0.jar:/home/runner/.m2/repository/io/grpc/grpc-api/1.33.0/grpc-api-1.33.0.jar:/home/runner/.m2/repository/io/grpc/grpc-context/1.33.0/grpc-context-1.33.0.jar:/home/runner/.m2/repository/com/google/api/grpc/proto-google-common-protos/1.17.0/proto-google-common-protos-1.17.0.jar:/home/runner/.m2/repository/io/grpc/grpc-protobuf-lite/1.33.0/grpc-protobuf-lite-1.33.0.jar:/home/runner/.m2/repository/io/grpc/grpc-stub/1.33.0/grpc-stub-1.33.0.jar:/home/runner/.m2/repository/org/apache/ozone/ozone-recon/1.2.0-SNAPSHOT/ozone-recon-1.2.0-SNAPSHOT.jar:/home/runner/.m2/repository/org/apache/ozone/ozone-reconcodegen/1.2.0-SNAPSHOT/ozone-reconcodegen-1.2.0-SNAPSHOT.jar:/home/runner/.m2/repository/com/google/inject/extensions/guice-multibindings/4.0/guice-multibindings-4.0.jar:/home/runner/.m2/repository/com/google/inject/guice/4.0/guice-4.0.jar:/home/runner/.m2/repository/aopalliance/aopalliance/1.0/aopalliance-1.0.jar:/home/runner/.m2/repository/com/google/inject/extensions/guice-assistedinject/4.0/guice-assistedinject-4.0.jar:/home/runner/.m2/repository/com/google/inject/extensions/guice-servlet/4.0/guice-servlet-4.0.jar:/home/runner/.m2/repository/org/glassfish/jersey/containers/jersey-container-servlet/2.33/jersey-container-servlet-2.33.jar:/home/runner/.m2/repository/org/glassfish/hk2/guice-bridge/2.5.0/guice-bridge-2.5.0.jar:/home/runner/.m2/repository/org/glassfish/jersey/core/jersey-server/2.33/jersey-server-2.33.jar:/home/runner/.m2/repository/org/glassfish/jersey/core/jersey-client/2.33/jersey-client-2.33.jar:/home/runner/.m2/repository/jakarta/annotation/jakarta.annotation-api/1.3.5/jakarta.annotation-api-1.3.5.jar:/home/runner/.m2/repository/jakarta/validation/jakarta.validation-api/2.0.2/jakarta.validation-api-2.0.2.jar:/home/runner/.m2/repository/org/glassfish/jersey/media/jersey-media-json-jackson/2.33/jersey-media-json-jackson-2.33.jar:/home/runner/.m2/repository/org/glassfish/jersey/ext/jersey-entity-filtering/2.33/jersey-entity-filtering-2.33.jar:/home/runner/.m2/repository/org/jooq/jooq/3.11.10/jooq-3.11.10.jar:/home/runner/.m2/repository/org/jooq/jooq-meta/3.11.10/jooq-meta-3.11.10.jar:/home/runner/.m2/repository/org/jooq/jooq-codegen/3.11.10/jooq-codegen-3.11.10.jar:/home/runner/.m2/repository/com/jolbox/bonecp/0.8.0.RELEASE/bonecp-0.8.0.RELEASE.jar:/home/runner/.m2/repository/org/apache/derby/derby/10.14.2.0/derby-10.14.2.0.jar:/home/runner/.m2/repository/org/xerial/sqlite-jdbc/3.25.2/sqlite-jdbc-3.25.2.jar:/home/runner/.m2/repository/org/springframework/spring-jdbc/5.2.11.RELEASE/spring-jdbc-5.2.11.RELEASE.jar:/home/runner/.m2/repository/org/springframework/spring-beans/5.2.11.RELEASE/spring-beans-5.2.11.RELEASE.jar:/home/runner/.m2/repository/org/springframework/spring-core/5.2.11.RELEASE/spring-core-5.2.11.RELEASE.jar:/home/runner/.m2/repository/org/springframework/spring-jcl/5.2.11.RELEASE/spring-jcl-5.2.11.RELEASE.jar:/home/runner/.m2/repository/org/springframework/spring-tx/5.2.11.RELEASE/spring-tx-5.2.11.RELEASE.jar:/home/runner/.m2/repository/org/apache/ozone/ozone-client/1.2.0-SNAPSHOT/ozone-client-1.2.0-SNAPSHOT.jar:/home/runner/.m2/repository/org/apache/ozone/ozone-filesystem/1.2.0-SNAPSHOT/ozone-filesystem-1.2.0-SNAPSHOT.jar:/home/runner/.m2/repository/org/apache/ozone/ozone-filesystem-common/1.2.0-SNAPSHOT/ozone-filesystem-common-1.2.0-SNAPSHOT.jar:/home/runner/.m2/repository/org/apache/ozone/ozone-tools/1.2.0-SNAPSHOT/ozone-tools-1.2.0-SNAPSHOT.jar:/home/runner/.m2/repository/org/apache/ratis/ratis-tools/2.1.0/ratis-tools-2.1.0.jar:/home/runner/.m2/repository/org/apache/ratis/ratis-proto/2.1.0/ratis-proto-2.1.0.jar:/home/runner/.m2/repository/org/apache/ratis/ratis-common/2.1.0/ratis-common-2.1.0.jar:/home/runner/.m2/repository/com/amazonaws/aws-java-sdk-core/1.11.901/aws-java-sdk-core-1.11.901.jar:/home/runner/.m2/repository/org/apache/httpcomponents/httpclient/4.5.13/httpclient-4.5.13.jar:/home/runner/.m2/repository/org/apache/httpcomponents/httpcore/4.4.13/httpcore-4.4.13.jar:/home/runner/.m2/repository/software/amazon/ion/ion-java/1.0.2/ion-java-1.0.2.jar:/home/runner/.m2/repository/com/fasterxml/jackson/dataformat/jackson-dataformat-cbor/2.12.1/jackson-dataformat-cbor-2.12.1.jar:/home/runner/.m2/repository/joda-time/joda-time/2.8.1/joda-time-2.8.1.jar:/home/runner/.m2/repository/com/amazonaws/aws-java-sdk-s3/1.11.901/aws-java-sdk-s3-1.11.901.jar:/home/runner/.m2/repository/com/amazonaws/aws-java-sdk-kms/1.11.901/aws-java-sdk-kms-1.11.901.jar:/home/runner/.m2/repository/com/amazonaws/jmespath-java/1.11.901/jmespath-java-1.11.901.jar:/home/runner/.m2/repository/org/kohsuke/metainf-services/metainf-services/1.8/metainf-services-1.8.jar:/home/runner/.m2/repository/org/apache/ozone/hdds-tools/1.2.0-SNAPSHOT/hdds-tools-1.2.0-SNAPSHOT.jar:/home/runner/.m2/repository/commons-cli/commons-cli/1.2/commons-cli-1.2.jar:/home/runner/.m2/repository/org/apache/commons/commons-lang3/3.7/commons-lang3-3.7.jar:/home/runner/.m2/repository/org/apache/ozone/ozone-manager/1.2.0-SNAPSHOT/ozone-manager-1.2.0-SNAPSHOT-tests.jar:/home/runner/.m2/repository/org/apache/ozone/hdds-common/1.2.0-SNAPSHOT/hdds-common-1.2.0-SNAPSHOT-tests.jar:/home/runner/.m2/repository/org/apache/ozone/hdds-hadoop-dependency-client/1.2.0-SNAPSHOT/hdds-hadoop-dependency-client-1.2.0-SNAPSHOT.jar:/home/runner/.m2/repository/info/picocli/picocli/4.4.0/picocli-4.4.0.jar:/home/runner/.m2/repository/com/fasterxml/jackson/core/jackson-annotations/2.12.1/jackson-annotations-2.12.1.jar:/home/runner/.m2/repository/javax/annotation/javax.annotation-api/1.2/javax.annotation-api-1.2.jar:/home/runner/.m2/repository/org/apache/ratis/ratis-server/2.1.0/ratis-server-2.1.0.jar:/home/runner/.m2/repository/org/apache/ratis/ratis-client/2.1.0/ratis-client-2.1.0.jar:/home/runner/.m2/repository/org/apache/ratis/ratis-server-api/2.1.0/ratis-server-api-2.1.0.jar:/home/runner/.m2/repository/org/apache/ratis/ratis-metrics/2.1.0/ratis-metrics-2.1.0.jar:/home/runner/.m2/repository/org/apache/ratis/ratis-netty/2.1.0/ratis-netty-2.1.0.jar:/home/runner/.m2/repository/org/apache/ratis/ratis-grpc/2.1.0/ratis-grpc-2.1.0.jar:/home/runner/.m2/repository/org/apache/logging/log4j/log4j-api/2.13.3/log4j-api-2.13.3.jar:/home/runner/.m2/repository/org/apache/logging/log4j/log4j-core/2.13.3/log4j-core-2.13.3.jar:/home/runner/.m2/repository/com/lmax/disruptor/3.4.2/disruptor-3.4.2.jar:/home/runner/.m2/repository/org/apache/commons/commons-pool2/2.6.0/commons-pool2-2.6.0.jar:/home/runner/.m2/repository/org/bouncycastle/bcpkix-jdk15on/1.67/bcpkix-jdk15on-1.67.jar:/home/runner/.m2/repository/commons-validator/commons-validator/1.6/commons-validator-1.6.jar:/home/runner/.m2/repository/commons-beanutils/commons-beanutils/1.9.4/commons-beanutils-1.9.4.jar:/home/runner/.m2/repository/commons-digester/commons-digester/1.8.1/commons-digester-1.8.1.jar:/home/runner/.m2/repository/commons-collections/commons-collections/3.2.2/commons-collections-3.2.2.jar:/home/runner/.m2/repository/io/jaegertracing/jaeger-client/1.6.0/jaeger-client-1.6.0.jar:/home/runner/.m2/repository/io/jaegertracing/jaeger-thrift/1.6.0/jaeger-thrift-1.6.0.jar:/home/runner/.m2/repository/org/apache/thrift/libthrift/0.14.1/libthrift-0.14.1.jar:/home/runner/.m2/repository/com/squareup/okhttp3/okhttp/4.9.0/okhttp-4.9.0.jar:/home/runner/.m2/repository/com/squareup/okio/okio/2.8.0/okio-2.8.0.jar:/home/runner/.m2/repository/io/jaegertracing/jaeger-core/1.6.0/jaeger-core-1.6.0.jar:/home/runner/.m2/repository/io/jaegertracing/jaeger-tracerresolver/1.6.0/jaeger-tracerresolver-1.6.0.jar:/home/runner/.m2/repository/io/opentracing/contrib/opentracing-tracerresolver/0.1.8/opentracing-tracerresolver-0.1.8.jar:/home/runner/.m2/repository/org/jetbrains/kotlin/kotlin-stdlib/1.4.31/kotlin-stdlib-1.4.31.jar:/home/runner/.m2/repository/org/jetbrains/kotlin/kotlin-stdlib-common/1.4.31/kotlin-stdlib-common-1.4.31.jar:/home/runner/.m2/repository/org/jetbrains/annotations/13.0/annotations-13.0.jar:/home/runner/.m2/repository/io/opentracing/opentracing-util/0.33.0/opentracing-util-0.33.0.jar:/home/runner/.m2/repository/io/opentracing/opentracing-api/0.33.0/opentracing-api-0.33.0.jar:/home/runner/.m2/repository/io/opentracing/opentracing-noop/0.33.0/opentracing-noop-0.33.0.jar:/home/runner/.m2/repository/org/yaml/snakeyaml/1.26/snakeyaml-1.26.jar:/home/runner/.m2/repository/org/apache/ozone/hdds-interface-admin/1.2.0-SNAPSHOT/hdds-interface-admin-1.2.0-SNAPSHOT.jar:/home/runner/.m2/repository/junit/junit/4.13.1/junit-4.13.1.jar:/home/runner/.m2/repository/org/hamcrest/hamcrest-core/1.3/hamcrest-core-1.3.jar:/home/runner/.m2/repository/org/junit/jupiter/junit-jupiter-api/5.7.0/junit-jupiter-api-5.7.0.jar:/home/runner/.m2/repository/org/apiguardian/apiguardian-api/1.1.0/apiguardian-api-1.1.0.jar:/home/runner/.m2/repository/org/opentest4j/opentest4j/1.2.0/opentest4j-1.2.0.jar:/home/runner/.m2/repository/org/junit/platform/junit-platform-commons/1.7.0/junit-platform-commons-1.7.0.jar:/home/runner/.m2/repository/org/junit/jupiter/junit-jupiter-engine/5.7.0/junit-jupiter-engine-5.7.0.jar:/home/runner/.m2/repository/org/junit/platform/junit-platform-engine/1.7.0/junit-platform-engine-1.7.0.jar:/home/runner/.m2/repository/org/junit/vintage/junit-vintage-engine/5.7.0/junit-vintage-engine-5.7.0.jar:/home/runner/.m2/repository/org/junit/platform/junit-platform-launcher/1.7.0/junit-platform-launcher-1.7.0.jar:/home/runner/.m2/repository/org/openjdk/jmh/jmh-core/1.19/jmh-core-1.19.jar:/home/runner/.m2/repository/net/sf/jopt-simple/jopt-simple/4.6/jopt-simple-4.6.jar:/home/runner/.m2/repository/org/apache/commons/commons-math3/3.1.1/commons-math3-3.1.1.jar:/home/runner/.m2/repository/org/openjdk/jmh/jmh-generator-annprocess/1.19/jmh-generator-annprocess-1.19.jar:/home/runner/.m2/repository/org/mockito/mockito-core/2.28.2/mockito-core-2.28.2.jar:/home/runner/.m2/repository/net/bytebuddy/byte-buddy/1.9.10/byte-buddy-1.9.10.jar:/home/runner/.m2/repository/net/bytebuddy/byte-buddy-agent/1.9.10/byte-buddy-agent-1.9.10.jar:/home/runner/.m2/repository/org/objenesis/objenesis/1.0/objenesis-1.0.jar:/home/runner/.m2/repository/org/apache/hadoop/hadoop-kms/3.3.1/hadoop-kms-3.3.1.jar:/home/runner/.m2/repository/org/apache/hadoop/hadoop-auth/3.3.1/hadoop-auth-3.3.1.jar:/home/runner/.m2/repository/com/nimbusds/nimbus-jose-jwt/7.9/nimbus-jose-jwt-7.9.jar:/home/runner/.m2/repository/com/github/stephenc/jcip/jcip-annotations/1.0-1/jcip-annotations-1.0-1.jar:/home/runner/.m2/repository/net/minidev/json-smart/2.3/json-smart-2.3.jar:/home/runner/.m2/repository/net/minidev/accessors-smart/1.2/accessors-smart-1.2.jar:/home/runner/.m2/repository/org/ow2/asm/asm/5.0.4/asm-5.0.4.jar:/home/runner/.m2/repository/org/apache/zookeeper/zookeeper/3.5.6/zookeeper-3.5.6.jar:/home/runner/.m2/repository/org/apache/zookeeper/zookeeper-jute/3.5.6/zookeeper-jute-3.5.6.jar:/home/runner/.m2/repository/org/apache/yetus/audience-annotations/0.5.0/audience-annotations-0.5.0.jar:/home/runner/.m2/repository/org/apache/curator/curator-framework/4.2.0/curator-framework-4.2.0.jar:/home/runner/.m2/repository/org/apache/hadoop/thirdparty/hadoop-shaded-guava/1.1.1/hadoop-shaded-guava-1.1.1.jar:/home/runner/.m2/repository/com/sun/jersey/jersey-core/1.19/jersey-core-1.19.jar:/home/runner/.m2/repository/javax/ws/rs/jsr311-api/1.1.1/jsr311-api-1.1.1.jar:/home/runner/.m2/repository/com/sun/jersey/jersey-server/1.19/jersey-server-1.19.jar:/home/runner/.m2/repository/javax/servlet/javax.servlet-api/3.1.0/javax.servlet-api-3.1.0.jar:/home/runner/.m2/repository/org/eclipse/jetty/jetty-server/9.4.35.v20201120/jetty-server-9.4.35.v20201120.jar:/home/runner/.m2/repository/org/eclipse/jetty/jetty-http/9.4.35.v20201120/jetty-http-9.4.35.v20201120.jar:/home/runner/.m2/repository/org/eclipse/jetty/jetty-io/9.4.35.v20201120/jetty-io-9.4.35.v20201120.jar:/home/runner/.m2/repository/org/eclipse/jetty/jetty-webapp/9.4.35.v20201120/jetty-webapp-9.4.35.v20201120.jar:/home/runner/.m2/repository/org/eclipse/jetty/jetty-xml/9.4.35.v20201120/jetty-xml-9.4.35.v20201120.jar:/home/runner/.m2/repository/org/apache/hadoop/hadoop-common/3.3.1/hadoop-common-3.3.1.jar:/home/runner/.m2/repository/commons-net/commons-net/3.6/commons-net-3.6.jar:/home/runner/.m2/repository/jakarta/activation/jakarta.activation-api/1.2.1/jakarta.activation-api-1.2.1.jar:/home/runner/.m2/repository/com/sun/jersey/jersey-servlet/1.19/jersey-servlet-1.19.jar:/home/runner/.m2/repository/com/sun/jersey/jersey-json/1.19/jersey-json-1.19.jar:/home/runner/.m2/repository/org/codehaus/jettison/jettison/1.1/jettison-1.1.jar:/home/runner/.m2/repository/com/sun/xml/bind/jaxb-impl/2.2.3-1/jaxb-impl-2.2.3-1.jar:/home/runner/.m2/repository/org/codehaus/jackson/jackson-jaxrs/1.9.2/jackson-jaxrs-1.9.2.jar:/home/runner/.m2/repository/org/codehaus/jackson/jackson-xc/1.9.2/jackson-xc-1.9.2.jar:/home/runner/.m2/repository/org/apache/commons/commons-configuration2/2.1.1/commons-configuration2-2.1.1.jar:/home/runner/.m2/repository/org/apache/commons/commons-text/1.4/commons-text-1.4.jar:/home/runner/.m2/repository/com/google/re2j/re2j/1.1/re2j-1.1.jar:/home/runner/.m2/repository/com/jcraft/jsch/0.1.54/jsch-0.1.54.jar:/home/runner/.m2/repository/org/apache/curator/curator-client/4.2.0/curator-client-4.2.0.jar:/home/runner/.m2/repository/org/apache/curator/curator-recipes/4.2.0/curator-recipes-4.2.0.jar:/home/runner/.m2/repository/org/apache/kerby/kerb-core/1.0.1/kerb-core-1.0.1.jar:/home/runner/.m2/repository/org/apache/kerby/kerby-pkix/1.0.1/kerby-pkix-1.0.1.jar:/home/runner/.m2/repository/org/apache/kerby/kerby-asn1/1.0.1/kerby-asn1-1.0.1.jar:/home/runner/.m2/repository/org/apache/kerby/kerby-util/1.0.1/kerby-util-1.0.1.jar:/home/runner/.m2/repository/dnsjava/dnsjava/2.1.7/dnsjava-2.1.7.jar:/home/runner/.m2/repository/org/xerial/snappy/snappy-java/1.1.8.2/snappy-java-1.1.8.2.jar:/home/runner/.m2/repository/org/slf4j/jul-to-slf4j/1.7.30/jul-to-slf4j-1.7.30.jar:/home/runner/.m2/repository/org/eclipse/jetty/jetty-util/9.4.35.v20201120/jetty-util-9.4.35.v20201120.jar:/home/runner/.m2/repository/com/fasterxml/jackson/core/jackson-databind/2.12.1/jackson-databind-2.12.1.jar:/home/runner/.m2/repository/org/apache/hadoop/hadoop-kms/3.3.1/hadoop-kms-3.3.1-tests.jar:/home/runner/.m2/repository/org/apache/ozone/hdds-server-scm/1.2.0-SNAPSHOT/hdds-server-scm-1.2.0-SNAPSHOT-tests.jar:/home/runner/.m2/repository/org/apache/ozone/hdds-container-service/1.2.0-SNAPSHOT/hdds-container-service-1.2.0-SNAPSHOT-tests.jar:/home/runner/.m2/repository/commons-codec/commons-codec/1.11/commons-codec-1.11.jar:/home/runner/.m2/repository/io/netty/netty-transport/4.1.63.Final/netty-transport-4.1.63.Final.jar:/home/runner/.m2/repository/io/netty/netty-resolver/4.1.63.Final/netty-resolver-4.1.63.Final.jar:/home/runner/.m2/repository/io/netty/netty-codec/4.1.63.Final/netty-codec-4.1.63.Final.jar:/home/runner/.m2/repository/io/netty/netty-handler/4.1.63.Final/netty-handler-4.1.63.Final.jar:/home/runner/.m2/repository/org/apache/ozone/hdds-hadoop-dependency-test/1.2.0-SNAPSHOT/hdds-hadoop-dependency-test-1.2.0-SNAPSHOT.jar:/home/runner/.m2/repository/org/apache/hadoop/hadoop-common/3.3.1/hadoop-common-3.3.1-tests.jar:/home/runner/.m2/repository/org/assertj/assertj-core/3.12.2/assertj-core-3.12.2.jar:/home/runner/.m2/repository/org/apache/hadoop/hadoop-hdfs/3.3.1/hadoop-hdfs-3.3.1-tests.jar:/home/runner/.m2/repository/org/eclipse/jetty/jetty-util-ajax/9.4.35.v20201120/jetty-util-ajax-9.4.35.v20201120.jar:/home/runner/.m2/repository/commons-daemon/commons-daemon/1.0.13/commons-daemon-1.0.13.jar:/home/runner/.m2/repository/io/netty/netty/3.10.6.Final/netty-3.10.6.Final.jar:/home/runner/.m2/repository/io/netty/netty-all/4.1.63.Final/netty-all-4.1.63.Final.jar:/home/runner/.m2/repository/org/apache/htrace/htrace-core4/4.1.0-incubating/htrace-core4-4.1.0-incubating.jar:/home/runner/.m2/repository/org/fusesource/leveldbjni/leveldbjni-all/1.8/leveldbjni-all-1.8.jar:/home/runner/.m2/repository/org/apache/hadoop/hadoop-distcp/3.3.1/hadoop-distcp-3.3.1.jar:/home/runner/.m2/repository/org/apache/hadoop/hadoop-mapreduce-client-jobclient/3.3.1/hadoop-mapreduce-client-jobclient-3.3.1.jar:/home/runner/.m2/repository/org/apache/hadoop/hadoop-mapreduce-client-common/3.3.1/hadoop-mapreduce-client-common-3.3.1.jar:/home/runner/.m2/repository/org/apache/hadoop/hadoop-yarn-common/3.3.1/hadoop-yarn-common-3.3.1.jar:/home/runner/.m2/repository/org/apache/hadoop/hadoop-yarn-api/3.3.1/hadoop-yarn-api-3.3.1.jar:/home/runner/.m2/repository/com/sun/jersey/jersey-client/1.19/jersey-client-1.19.jar:/home/runner/.m2/repository/com/sun/jersey/contribs/jersey-guice/1.19/jersey-guice-1.19.jar:/home/runner/.m2/repository/com/fasterxml/jackson/jaxrs/jackson-jaxrs-json-provider/2.12.1/jackson-jaxrs-json-provider-2.12.1.jar:/home/runner/.m2/repository/com/fasterxml/jackson/jaxrs/jackson-jaxrs-base/2.12.1/jackson-jaxrs-base-2.12.1.jar:/home/runner/.m2/repository/org/apache/hadoop/hadoop-yarn-client/3.3.1/hadoop-yarn-client-3.3.1.jar:/home/runner/.m2/repository/org/eclipse/jetty/websocket/websocket-client/9.4.40.v20210413/websocket-client-9.4.40.v20210413.jar:/home/runner/.m2/repository/org/eclipse/jetty/jetty-client/9.4.40.v20210413/jetty-client-9.4.40.v20210413.jar:/home/runner/.m2/repository/org/eclipse/jetty/websocket/websocket-common/9.4.40.v20210413/websocket-common-9.4.40.v20210413.jar:/home/runner/.m2/repository/org/eclipse/jetty/websocket/websocket-api/9.4.40.v20210413/websocket-api-9.4.40.v20210413.jar:/home/runner/.m2/repository/org/jline/jline/3.9.0/jline-3.9.0.jar:/home/runner/.m2/repository/org/apache/hadoop/hadoop-mapreduce-client-core/3.3.1/hadoop-mapreduce-client-core-3.3.1.jar:/home/runner/.m2/repository/org/apache/avro/avro/1.7.7/avro-1.7.7.jar:/home/runner/.m2/repository/org/codehaus/jackson/jackson-core-asl/1.9.13/jackson-core-asl-1.9.13.jar:/home/runner/.m2/repository/org/codehaus/jackson/jackson-mapper-asl/1.9.13/jackson-mapper-asl-1.9.13.jar:/home/runner/.m2/repository/com/thoughtworks/paranamer/paranamer/2.3/paranamer-2.3.jar:/home/runner/.m2/repository/org/apache/hadoop/hadoop-annotations/3.3.1/hadoop-annotations-3.3.1.jar:/usr/lib/jvm/adoptopenjdk-8-hotspot-amd64/jre/../lib/tools.jar:/home/runner/.m2/repository/org/apache/hadoop/hadoop-distcp/3.3.1/hadoop-distcp-3.3.1-tests.jar:"/>
    <property name="sun.cpu.endian" value="little"/>
    <property name="user.home" value="/home/runner"/>
    <property name="user.language" value="en"/>
    <property name="java.specification.vendor" value="Oracle Corporation"/>
    <property name="java.home" value="/usr/lib/jvm/adoptopenjdk-8-hotspot-amd64/jre"/>
    <property name="java.security.krb5.conf" value="/home/runner/work/ozone/ozone/mnt/ozone/hadoop-ozone/integration-test/target/test-classes/krb5.conf"/>
    <property name="basedir" value="/home/runner/work/ozone/ozone/mnt/ozone/hadoop-ozone/integration-test"/>
    <property name="file.separator" value="/"/>
    <property name="line.separator" value="&#10;"/>
    <property name="java.vm.specification.vendor" value="Oracle Corporation"/>
    <property name="java.specification.name" value="Java Platform API Specification"/>
    <property name="java.awt.graphicsenv" value="sun.awt.X11GraphicsEnvironment"/>
    <property name="skip.installnpx" value="true"/>
    <property name="surefire.real.class.path" value="/home/runner/work/ozone/ozone/mnt/ozone/hadoop-ozone/integration-test/target/surefire/surefirebooter4365317081937732721.jar:/home/runner/.m2/repository/org/jacoco/org.jacoco.agent/0.8.5/org.jacoco.agent-0.8.5-runtime.jar"/>
    <property name="hadoop.log.dir" value="/home/runner/work/ozone/ozone/mnt/ozone/hadoop-ozone/integration-test/target/log"/>
    <property name="sun.boot.class.path" value="/usr/lib/jvm/adoptopenjdk-8-hotspot-amd64/jre/lib/resources.jar:/usr/lib/jvm/adoptopenjdk-8-hotspot-amd64/jre/lib/rt.jar:/usr/lib/jvm/adoptopenjdk-8-hotspot-amd64/jre/lib/sunrsasign.jar:/usr/lib/jvm/adoptopenjdk-8-hotspot-amd64/jre/lib/jsse.jar:/usr/lib/jvm/adoptopenjdk-8-hotspot-amd64/jre/lib/jce.jar:/usr/lib/jvm/adoptopenjdk-8-hotspot-amd64/jre/lib/charsets.jar:/usr/lib/jvm/adoptopenjdk-8-hotspot-amd64/jre/lib/jfr.jar:/usr/lib/jvm/adoptopenjdk-8-hotspot-amd64/jre/classes"/>
    <property name="sun.management.compiler" value="HotSpot 64-Bit Tiered Compilers"/>
    <property name="skip.npx" value="true"/>
    <property name="java.runtime.version" value="1.8.0_292-b10"/>
    <property name="java.net.preferIPv4Stack" value="true"/>
    <property name="user.name" value="runner"/>
    <property name="path.separator" value=":"/>
    <property name="java.security.egd" value="file:///dev/urandom"/>
    <property name="os.version" value="5.4.0-1055-azure"/>
    <property name="java.endorsed.dirs" value="/usr/lib/jvm/adoptopenjdk-8-hotspot-amd64/jre/lib/endorsed"/>
    <property name="java.runtime.name" value="OpenJDK Runtime Environment"/>
    <property name="file.encoding" value="UTF-8"/>
    <property name="java.vm.name" value="OpenJDK 64-Bit Server VM"/>
    <property name="test.build.webapps" value=""/>
    <property name="localRepository" value="/home/runner/.m2/repository"/>
    <property name="java.vendor.url.bug" value="https://github.com/AdoptOpenJDK/openjdk-support/issues"/>
    <property name="java.io.tmpdir" value="/tmp"/>
    <property name="require.test.libhadoop" value=""/>
    <property name="java.version" value="1.8.0_292"/>
    <property name="user.dir" value="/home/runner/work/ozone/ozone/mnt/ozone/hadoop-ozone/integration-test"/>
    <property name="os.arch" value="amd64"/>
    <property name="java.vm.specification.name" value="Java Virtual Machine Specification"/>
    <property name="test.build.classes" value="/home/runner/work/ozone/ozone/mnt/ozone/hadoop-ozone/integration-test/target/test-classes"/>
    <property name="java.awt.printerjob" value="sun.print.PSPrinterJob"/>
    <property name="sun.os.patch.level" value="unknown"/>
    <property name="hadoop.tmp.dir" value="/home/runner/work/ozone/ozone/mnt/ozone/hadoop-ozone/integration-test/target/tmp"/>
    <property name="java.library.path" value="/usr/java/packages/lib/amd64:/usr/lib64:/lib64:/lib:/usr/lib"/>
    <property name="java.vm.info" value="mixed mode"/>
    <property name="java.vendor" value="AdoptOpenJDK"/>
    <property name="java.vm.version" value="25.292-b10"/>
    <property name="java.ext.dirs" value="/usr/lib/jvm/adoptopenjdk-8-hotspot-amd64/jre/lib/ext:/usr/java/packages/lib/ext"/>
    <property name="sun.io.unicode.encoding" value="UnicodeLittle"/>
    <property name="java.class.version" value="52.0"/>
  </properties>
  <testcase name="testBlockWriteViaRatis" classname="org.apache.hadoop.ozone.client.rpc.TestCloseContainerHandlingByClient" time="3.531"/>
  <testcase name="testBlockWritesWithFlushAndClose" classname="org.apache.hadoop.ozone.client.rpc.TestCloseContainerHandlingByClient" time="2.926"/>
  <testcase name="testBlockWritesCloseConsistency" classname="org.apache.hadoop.ozone.client.rpc.TestCloseContainerHandlingByClient" time="1.752"/>
  <testcase name="testMultiBlockWrites" classname="org.apache.hadoop.ozone.client.rpc.TestCloseContainerHandlingByClient" time="4.158"/>
  <testcase name="testBlockWrites" classname="org.apache.hadoop.ozone.client.rpc.TestCloseContainerHandlingByClient" time="2.577"/>
  <testcase name="testMultiBlockWrites2" classname="org.apache.hadoop.ozone.client.rpc.TestCloseContainerHandlingByClient" time="3.272"/>
  <testcase name="testMultiBlockWrites3" classname="org.apache.hadoop.ozone.client.rpc.TestCloseContainerHandlingByClient" time="27.85">
    <error message="java.io.IOException: java.io.IOException: INTERNAL_ERROR org.apache.hadoop.ozone.om.exceptions.OMException: Allocated 0 blocks. Requested 1 blocks" type="java.io.IOException">java.io.IOException: java.io.IOException: java.io.IOException: INTERNAL_ERROR org.apache.hadoop.ozone.om.exceptions.OMException: Allocated 0 blocks. Requested 1 blocks
	at org.apache.hadoop.ozone.client.io.KeyOutputStream.handleWrite(KeyOutputStream.java:250)
	at org.apache.hadoop.ozone.client.io.KeyOutputStream.write(KeyOutputStream.java:220)
	at org.apache.hadoop.ozone.client.io.OzoneOutputStream.write(OzoneOutputStream.java:50)
	at java.io.OutputStream.write(OutputStream.java:75)
	at org.apache.hadoop.ozone.client.rpc.TestCloseContainerHandlingByClient.testMultiBlockWrites3(TestCloseContainerHandlingByClient.java:330)
	at sun.reflect.NativeMethodAccessorImpl.invoke0(Native Method)
	at sun.reflect.NativeMethodAccessorImpl.invoke(NativeMethodAccessorImpl.java:62)
	at sun.reflect.DelegatingMethodAccessorImpl.invoke(DelegatingMethodAccessorImpl.java:43)
	at java.lang.reflect.Method.invoke(Method.java:498)
	at org.junit.runners.model.FrameworkMethod$1.runReflectiveCall(FrameworkMethod.java:59)
	at org.junit.internal.runners.model.ReflectiveCallable.run(ReflectiveCallable.java:12)
	at org.junit.runners.model.FrameworkMethod.invokeExplosively(FrameworkMethod.java:56)
	at org.junit.internal.runners.statements.InvokeMethod.evaluate(InvokeMethod.java:17)
	at org.junit.internal.runners.statements.FailOnTimeout$CallableStatement.call(FailOnTimeout.java:288)
	at org.junit.internal.runners.statements.FailOnTimeout$CallableStatement.call(FailOnTimeout.java:282)
	at java.util.concurrent.FutureTask.run(FutureTask.java:266)
	at java.lang.Thread.run(Thread.java:748)
Caused by: java.io.IOException: java.io.IOException: INTERNAL_ERROR org.apache.hadoop.ozone.om.exceptions.OMException: Allocated 0 blocks. Requested 1 blocks
	at org.apache.hadoop.ozone.client.io.KeyOutputStream.handleWrite(KeyOutputStream.java:250)
	at org.apache.hadoop.ozone.client.io.KeyOutputStream.handleRetry(KeyOutputStream.java:423)
	at org.apache.hadoop.ozone.client.io.KeyOutputStream.handleException(KeyOutputStream.java:368)
	at org.apache.hadoop.ozone.client.io.KeyOutputStream.writeToOutputStream(KeyOutputStream.java:282)
	at org.apache.hadoop.ozone.client.io.KeyOutputStream.handleWrite(KeyOutputStream.java:240)
	... 16 more
Caused by: java.io.IOException: INTERNAL_ERROR org.apache.hadoop.ozone.om.exceptions.OMException: Allocated 0 blocks. Requested 1 blocks
	at org.apache.hadoop.ozone.client.io.KeyOutputStream.handleWrite(KeyOutputStream.java:250)
	at org.apache.hadoop.ozone.client.io.KeyOutputStream.handleRetry(KeyOutputStream.java:423)
	at org.apache.hadoop.ozone.client.io.KeyOutputStream.handleException(KeyOutputStream.java:368)
	at org.apache.hadoop.ozone.client.io.KeyOutputStream.writeToOutputStream(KeyOutputStream.java:282)
	at org.apache.hadoop.ozone.client.io.KeyOutputStream.handleWrite(KeyOutputStream.java:240)
	... 20 more
Caused by: INTERNAL_ERROR org.apache.hadoop.ozone.om.exceptions.OMException: Allocated 0 blocks. Requested 1 blocks
	at org.apache.hadoop.ozone.om.protocolPB.OzoneManagerProtocolClientSideTranslatorPB.handleError(OzoneManagerProtocolClientSideTranslatorPB.java:613)
	at org.apache.hadoop.ozone.om.protocolPB.OzoneManagerProtocolClientSideTranslatorPB.allocateBlock(OzoneManagerProtocolClientSideTranslatorPB.java:643)
	at org.apache.hadoop.ozone.client.io.BlockOutputStreamEntryPool.allocateNewBlock(BlockOutputStreamEntryPool.java:243)
	at org.apache.hadoop.ozone.client.io.BlockOutputStreamEntryPool.allocateBlockIfNeeded(BlockOutputStreamEntryPool.java:289)
	at org.apache.hadoop.ozone.client.io.KeyOutputStream.handleWrite(KeyOutputStream.java:229)
	... 24 more
</error>
    <system-out><![CDATA[2021-08-04 12:53:30,783 [Datanode State Machine Thread - 0] WARN  statemachine.StateContext (StateContext.java:execute(621)) - No available thread in pool for past 1 seconds.
2021-08-04 12:53:30,961 [Datanode State Machine Thread - 0] WARN  statemachine.StateContext (StateContext.java:execute(621)) - No available thread in pool for past 1 seconds.
2021-08-04 12:53:30,963 [Datanode State Machine Thread - 0] WARN  statemachine.StateContext (StateContext.java:execute(621)) - No available thread in pool for past 1 seconds.
2021-08-04 12:53:30,965 [Datanode State Machine Thread - 0] WARN  statemachine.StateContext (StateContext.java:execute(621)) - No available thread in pool for past 1 seconds.
2021-08-04 12:53:33,618 [Datanode State Machine Thread - 0] WARN  statemachine.StateContext (StateContext.java:execute(621)) - No available thread in pool for past 1 seconds.
2021-08-04 12:53:33,640 [Datanode State Machine Thread - 0] WARN  statemachine.StateContext (StateContext.java:execute(621)) - No available thread in pool for past 1 seconds.
2021-08-04 12:53:33,643 [Datanode State Machine Thread - 0] WARN  statemachine.StateContext (StateContext.java:execute(621)) - No available thread in pool for past 1 seconds.
2021-08-04 12:53:33,769 [EventQueue-CloseContainerForCloseContainerEventHandler] INFO  container.CloseContainerEventHandler (CloseContainerEventHandler.java:onMessage(69)) - Close container Event triggered for container : #14
2021-08-04 12:53:33,769 [EventQueue-CloseContainerForCloseContainerEventHandler] INFO  container.CloseContainerEventHandler (CloseContainerEventHandler.java:onMessage(69)) - Close container Event triggered for container : #14
2021-08-04 12:53:33,770 [EventQueue-CloseContainerForCloseContainerEventHandler] INFO  container.CloseContainerEventHandler (CloseContainerEventHandler.java:onMessage(69)) - Close container Event triggered for container : #14
2021-08-04 12:53:33,770 [EventQueue-CloseContainerForCloseContainerEventHandler] INFO  container.CloseContainerEventHandler (CloseContainerEventHandler.java:onMessage(69)) - Close container Event triggered for container : #15
2021-08-04 12:53:33,770 [EventQueue-CloseContainerForCloseContainerEventHandler] INFO  container.CloseContainerEventHandler (CloseContainerEventHandler.java:onMessage(69)) - Close container Event triggered for container : #15
2021-08-04 12:53:33,770 [EventQueue-CloseContainerForCloseContainerEventHandler] INFO  container.CloseContainerEventHandler (CloseContainerEventHandler.java:onMessage(69)) - Close container Event triggered for container : #15
2021-08-04 12:53:33,770 [EventQueue-CloseContainerForCloseContainerEventHandler] INFO  container.CloseContainerEventHandler (CloseContainerEventHandler.java:onMessage(69)) - Close container Event triggered for container : #16
2021-08-04 12:53:33,770 [EventQueue-CloseContainerForCloseContainerEventHandler] INFO  container.CloseContainerEventHandler (CloseContainerEventHandler.java:onMessage(69)) - Close container Event triggered for container : #16
2021-08-04 12:53:33,770 [EventQueue-CloseContainerForCloseContainerEventHandler] INFO  container.CloseContainerEventHandler (CloseContainerEventHandler.java:onMessage(69)) - Close container Event triggered for container : #16
2021-08-04 12:53:33,770 [EventQueue-CloseContainerForCloseContainerEventHandler] INFO  container.CloseContainerEventHandler (CloseContainerEventHandler.java:onMessage(69)) - Close container Event triggered for container : #10
2021-08-04 12:53:33,771 [EventQueue-CloseContainerForCloseContainerEventHandler] INFO  container.CloseContainerEventHandler (CloseContainerEventHandler.java:onMessage(69)) - Close container Event triggered for container : #10
2021-08-04 12:53:33,771 [EventQueue-CloseContainerForCloseContainerEventHandler] INFO  container.CloseContainerEventHandler (CloseContainerEventHandler.java:onMessage(69)) - Close container Event triggered for container : #10
2021-08-04 12:53:34,967 [Datanode State Machine Thread - 0] WARN  statemachine.StateContext (StateContext.java:execute(621)) - No available thread in pool for past 1 seconds.
2021-08-04 12:53:34,970 [Datanode State Machine Thread - 0] WARN  statemachine.StateContext (StateContext.java:execute(621)) - No available thread in pool for past 1 seconds.
2021-08-04 12:53:34,970 [Datanode State Machine Thread - 0] WARN  statemachine.StateContext (StateContext.java:execute(621)) - No available thread in pool for past 1 seconds.
2021-08-04 12:53:34,981 [Datanode State Machine Thread - 0] WARN  statemachine.StateContext (StateContext.java:execute(621)) - No available thread in pool for past 1 seconds.
2021-08-04 12:53:34,984 [Datanode State Machine Thread - 0] WARN  statemachine.StateContext (StateContext.java:execute(621)) - No available thread in pool for past 1 seconds.
2021-08-04 12:53:35,013 [Datanode State Machine Thread - 0] WARN  statemachine.StateContext (StateContext.java:execute(621)) - No available thread in pool for past 1 seconds.
2021-08-04 12:53:35,025 [pool-177-thread-10] INFO  keyvalue.KeyValueContainer (KeyValueContainer.java:flushAndSyncDB(397)) - Container 14 is synced with bcsId 97.
2021-08-04 12:53:35,025 [pool-177-thread-10] INFO  keyvalue.KeyValueContainer (KeyValueContainer.java:flushAndSyncDB(397)) - Container 14 is synced with bcsId 97.
2021-08-04 12:53:35,027 [pool-177-thread-10] INFO  keyvalue.KeyValueContainer (KeyValueContainer.java:close(334)) - Container 14 is closed with bcsId 97.
2021-08-04 12:53:35,029 [Datanode State Machine Thread - 0] WARN  statemachine.StateContext (StateContext.java:execute(621)) - No available thread in pool for past 1 seconds.
2021-08-04 12:53:35,031 [EventQueue-IncrementalContainerReportForIncrementalContainerReportHandler] INFO  container.IncrementalContainerReportHandler (AbstractContainerReportHandler.java:updateContainerState(223)) - Moving container #14 to CLOSED state, datanode 1fde95d9-bdfd-419d-a2d0-df997cc05e7b{ip: 10.1.0.56, host: fv-az294-656.eaanfquahm5ulb5tj050gcxych.jx.internal.cloudapp.net, ports: [REPLICATION=33681, RATIS=39635, RATIS_ADMIN=39635, RATIS_SERVER=39635, STANDALONE=40951], networkLocation: /default-rack, certSerialId: null, persistedOpState: IN_SERVICE, persistedOpStateExpiryEpochSec: 0} reported CLOSED replica.
2021-08-04 12:53:35,031 [Datanode State Machine Thread - 0] WARN  statemachine.StateContext (StateContext.java:execute(621)) - No available thread in pool for past 1 seconds.
2021-08-04 12:53:35,034 [pool-178-thread-9] INFO  keyvalue.KeyValueContainer (KeyValueContainer.java:flushAndSyncDB(397)) - Container 14 is synced with bcsId 97.
2021-08-04 12:53:35,034 [pool-178-thread-9] INFO  keyvalue.KeyValueContainer (KeyValueContainer.java:flushAndSyncDB(397)) - Container 14 is synced with bcsId 97.
2021-08-04 12:53:35,036 [pool-178-thread-9] INFO  keyvalue.KeyValueContainer (KeyValueContainer.java:close(334)) - Container 14 is closed with bcsId 97.
2021-08-04 12:53:35,037 [pool-176-thread-2] INFO  keyvalue.KeyValueContainer (KeyValueContainer.java:flushAndSyncDB(397)) - Container 14 is synced with bcsId 97.
2021-08-04 12:53:35,037 [pool-176-thread-2] INFO  keyvalue.KeyValueContainer (KeyValueContainer.java:flushAndSyncDB(397)) - Container 14 is synced with bcsId 97.
2021-08-04 12:53:35,039 [pool-176-thread-2] INFO  keyvalue.KeyValueContainer (KeyValueContainer.java:close(334)) - Container 14 is closed with bcsId 97.
2021-08-04 12:53:35,039 [Datanode State Machine Thread - 0] WARN  statemachine.StateContext (StateContext.java:execute(621)) - No available thread in pool for past 1 seconds.
2021-08-04 12:53:35,041 [pool-177-thread-3] INFO  keyvalue.KeyValueContainer (KeyValueContainer.java:flushAndSyncDB(397)) - Container 15 is synced with bcsId 110.
2021-08-04 12:53:35,041 [pool-177-thread-3] INFO  keyvalue.KeyValueContainer (KeyValueContainer.java:flushAndSyncDB(397)) - Container 15 is synced with bcsId 110.
2021-08-04 12:53:35,042 [pool-177-thread-3] INFO  keyvalue.KeyValueContainer (KeyValueContainer.java:close(334)) - Container 15 is closed with bcsId 110.
2021-08-04 12:53:35,046 [Datanode State Machine Thread - 0] WARN  statemachine.StateContext (StateContext.java:execute(621)) - No available thread in pool for past 1 seconds.
2021-08-04 12:53:35,047 [Datanode State Machine Thread - 0] WARN  statemachine.StateContext (StateContext.java:execute(621)) - No available thread in pool for past 1 seconds.
2021-08-04 12:53:35,048 [pool-176-thread-3] INFO  keyvalue.KeyValueContainer (KeyValueContainer.java:flushAndSyncDB(397)) - Container 15 is synced with bcsId 110.
2021-08-04 12:53:35,048 [pool-176-thread-3] INFO  keyvalue.KeyValueContainer (KeyValueContainer.java:flushAndSyncDB(397)) - Container 15 is synced with bcsId 110.
2021-08-04 12:53:35,050 [pool-176-thread-3] INFO  keyvalue.KeyValueContainer (KeyValueContainer.java:close(334)) - Container 15 is closed with bcsId 110.
2021-08-04 12:53:35,053 [Datanode State Machine Thread - 0] WARN  statemachine.StateContext (StateContext.java:execute(621)) - No available thread in pool for past 1 seconds.
2021-08-04 12:53:35,054 [Datanode State Machine Thread - 0] WARN  statemachine.StateContext (StateContext.java:execute(621)) - No available thread in pool for past 1 seconds.
2021-08-04 12:53:35,055 [pool-178-thread-2] INFO  keyvalue.KeyValueContainer (KeyValueContainer.java:flushAndSyncDB(397)) - Container 15 is synced with bcsId 110.
2021-08-04 12:53:35,055 [pool-178-thread-2] INFO  keyvalue.KeyValueContainer (KeyValueContainer.java:flushAndSyncDB(397)) - Container 15 is synced with bcsId 110.
2021-08-04 12:53:35,057 [EventQueue-IncrementalContainerReportForIncrementalContainerReportHandler] INFO  container.IncrementalContainerReportHandler (AbstractContainerReportHandler.java:updateContainerState(223)) - Moving container #15 to CLOSED state, datanode 1fde95d9-bdfd-419d-a2d0-df997cc05e7b{ip: 10.1.0.56, host: fv-az294-656.eaanfquahm5ulb5tj050gcxych.jx.internal.cloudapp.net, ports: [REPLICATION=33681, RATIS=39635, RATIS_ADMIN=39635, RATIS_SERVER=39635, STANDALONE=40951], networkLocation: /default-rack, certSerialId: null, persistedOpState: IN_SERVICE, persistedOpStateExpiryEpochSec: 0} reported CLOSED replica.
2021-08-04 12:53:35,057 [Datanode State Machine Thread - 0] WARN  statemachine.StateContext (StateContext.java:execute(621)) - No available thread in pool for past 1 seconds.
2021-08-04 12:53:35,058 [pool-178-thread-2] INFO  keyvalue.KeyValueContainer (KeyValueContainer.java:close(334)) - Container 15 is closed with bcsId 110.
2021-08-04 12:53:35,061 [Datanode State Machine Thread - 0] WARN  statemachine.StateContext (StateContext.java:execute(621)) - No available thread in pool for past 1 seconds.
2021-08-04 12:53:35,065 [pool-173-thread-3] INFO  keyvalue.KeyValueContainer (KeyValueContainer.java:flushAndSyncDB(397)) - Container 16 is synced with bcsId 128.
2021-08-04 12:53:35,065 [pool-173-thread-3] INFO  keyvalue.KeyValueContainer (KeyValueContainer.java:flushAndSyncDB(397)) - Container 16 is synced with bcsId 128.
2021-08-04 12:53:35,067 [pool-173-thread-3] INFO  keyvalue.KeyValueContainer (KeyValueContainer.java:close(334)) - Container 16 is closed with bcsId 128.
2021-08-04 12:53:35,069 [pool-177-thread-1] INFO  keyvalue.KeyValueContainer (KeyValueContainer.java:flushAndSyncDB(397)) - Container 10 is synced with bcsId 113.
2021-08-04 12:53:35,069 [pool-177-thread-1] INFO  keyvalue.KeyValueContainer (KeyValueContainer.java:flushAndSyncDB(397)) - Container 10 is synced with bcsId 113.
2021-08-04 12:53:35,071 [pool-177-thread-1] INFO  keyvalue.KeyValueContainer (KeyValueContainer.java:close(334)) - Container 10 is closed with bcsId 113.
2021-08-04 12:53:35,072 [pool-172-thread-6] INFO  keyvalue.KeyValueContainer (KeyValueContainer.java:flushAndSyncDB(397)) - Container 16 is synced with bcsId 128.
2021-08-04 12:53:35,073 [pool-172-thread-6] INFO  keyvalue.KeyValueContainer (KeyValueContainer.java:flushAndSyncDB(397)) - Container 16 is synced with bcsId 128.
2021-08-04 12:53:35,073 [Datanode State Machine Thread - 0] WARN  statemachine.StateContext (StateContext.java:execute(621)) - No available thread in pool for past 1 seconds.
2021-08-04 12:53:35,074 [EventQueue-IncrementalContainerReportForIncrementalContainerReportHandler] INFO  container.IncrementalContainerReportHandler (AbstractContainerReportHandler.java:updateContainerState(223)) - Moving container #10 to CLOSED state, datanode 1fde95d9-bdfd-419d-a2d0-df997cc05e7b{ip: 10.1.0.56, host: fv-az294-656.eaanfquahm5ulb5tj050gcxych.jx.internal.cloudapp.net, ports: [REPLICATION=33681, RATIS=39635, RATIS_ADMIN=39635, RATIS_SERVER=39635, STANDALONE=40951], networkLocation: /default-rack, certSerialId: null, persistedOpState: IN_SERVICE, persistedOpStateExpiryEpochSec: 0} reported CLOSED replica.
2021-08-04 12:53:35,075 [Datanode State Machine Thread - 0] WARN  statemachine.StateContext (StateContext.java:execute(621)) - No available thread in pool for past 1 seconds.
2021-08-04 12:53:35,076 [EventQueue-IncrementalContainerReportForIncrementalContainerReportHandler] INFO  container.IncrementalContainerReportHandler (AbstractContainerReportHandler.java:updateContainerState(223)) - Moving container #16 to CLOSED state, datanode 88f0382f-d36c-4133-a67a-5fc0f01e0506{ip: 10.1.0.56, host: fv-az294-656.eaanfquahm5ulb5tj050gcxych.jx.internal.cloudapp.net, ports: [REPLICATION=38965, RATIS=40599, RATIS_ADMIN=40599, RATIS_SERVER=40599, STANDALONE=43317], networkLocation: /default-rack, certSerialId: null, persistedOpState: IN_SERVICE, persistedOpStateExpiryEpochSec: 0} reported CLOSED replica.
2021-08-04 12:53:35,076 [pool-176-thread-9] INFO  keyvalue.KeyValueContainer (KeyValueContainer.java:flushAndSyncDB(397)) - Container 10 is synced with bcsId 113.
2021-08-04 12:53:35,077 [pool-176-thread-9] INFO  keyvalue.KeyValueContainer (KeyValueContainer.java:flushAndSyncDB(397)) - Container 10 is synced with bcsId 113.
2021-08-04 12:53:35,076 [pool-170-thread-6] INFO  keyvalue.KeyValueContainer (KeyValueContainer.java:flushAndSyncDB(397)) - Container 16 is synced with bcsId 128.
2021-08-04 12:53:35,078 [pool-170-thread-6] INFO  keyvalue.KeyValueContainer (KeyValueContainer.java:flushAndSyncDB(397)) - Container 16 is synced with bcsId 128.
2021-08-04 12:53:35,079 [pool-172-thread-6] INFO  keyvalue.KeyValueContainer (KeyValueContainer.java:close(334)) - Container 16 is closed with bcsId 128.
2021-08-04 12:53:35,080 [pool-170-thread-6] INFO  keyvalue.KeyValueContainer (KeyValueContainer.java:close(334)) - Container 16 is closed with bcsId 128.
2021-08-04 12:53:35,080 [pool-176-thread-9] INFO  keyvalue.KeyValueContainer (KeyValueContainer.java:close(334)) - Container 10 is closed with bcsId 113.
2021-08-04 12:53:35,080 [Datanode State Machine Thread - 0] WARN  statemachine.StateContext (StateContext.java:execute(621)) - No available thread in pool for past 1 seconds.
2021-08-04 12:53:35,081 [Datanode State Machine Thread - 0] WARN  statemachine.StateContext (StateContext.java:execute(621)) - No available thread in pool for past 1 seconds.
2021-08-04 12:53:35,082 [pool-178-thread-1] INFO  keyvalue.KeyValueContainer (KeyValueContainer.java:flushAndSyncDB(397)) - Container 10 is synced with bcsId 113.
2021-08-04 12:53:35,082 [pool-178-thread-1] INFO  keyvalue.KeyValueContainer (KeyValueContainer.java:flushAndSyncDB(397)) - Container 10 is synced with bcsId 113.
2021-08-04 12:53:35,084 [Datanode State Machine Thread - 0] WARN  statemachine.StateContext (StateContext.java:execute(621)) - No available thread in pool for past 1 seconds.
2021-08-04 12:53:35,084 [pool-178-thread-1] INFO  keyvalue.KeyValueContainer (KeyValueContainer.java:close(334)) - Container 10 is closed with bcsId 113.
2021-08-04 12:53:35,084 [Datanode State Machine Thread - 0] WARN  statemachine.StateContext (StateContext.java:execute(621)) - No available thread in pool for past 1 seconds.
12:53:35.274 [grpc-default-executor-3] ERROR DNAudit - user=null | ip=null | op=WRITE_CHUNK {blockData=conID: 10 locID: 107544261427200020 bcsId: 113} | ret=FAILURE
org.apache.hadoop.hdds.scm.container.common.helpers.ContainerNotOpenException: Container 10 in CLOSED state
	at org.apache.hadoop.ozone.container.common.impl.HddsDispatcher.validateContainerCommand(HddsDispatcher.java:480) ~[hdds-container-service-1.2.0-SNAPSHOT.jar:?]
	at org.apache.hadoop.ozone.container.common.transport.server.ratis.ContainerStateMachine.startTransaction(ContainerStateMachine.java:317) ~[hdds-container-service-1.2.0-SNAPSHOT.jar:?]
	at org.apache.ratis.server.impl.RaftServerImpl.submitClientRequestAsync(RaftServerImpl.java:794) ~[ratis-server-2.1.0.jar:2.1.0]
	at org.apache.ratis.server.impl.RaftServerProxy.lambda$submitClientRequestAsync$9(RaftServerProxy.java:417) ~[ratis-server-2.1.0.jar:2.1.0]
	at org.apache.ratis.server.impl.RaftServerProxy.lambda$null$7(RaftServerProxy.java:412) ~[ratis-server-2.1.0.jar:2.1.0]
	at org.apache.ratis.util.JavaUtils.callAsUnchecked(JavaUtils.java:115) ~[ratis-common-2.1.0.jar:2.1.0]
	at org.apache.ratis.server.impl.RaftServerProxy.lambda$submitRequest$8(RaftServerProxy.java:412) ~[ratis-server-2.1.0.jar:2.1.0]
	at java.util.concurrent.CompletableFuture.uniComposeStage(CompletableFuture.java:995) ~[?:1.8.0_292]
	at java.util.concurrent.CompletableFuture.thenCompose(CompletableFuture.java:2137) ~[?:1.8.0_292]
	at org.apache.ratis.server.impl.RaftServerProxy.submitRequest(RaftServerProxy.java:411) ~[ratis-server-2.1.0.jar:2.1.0]
	at org.apache.ratis.server.impl.RaftServerProxy.submitClientRequestAsync(RaftServerProxy.java:417) ~[ratis-server-2.1.0.jar:2.1.0]
	at org.apache.ratis.grpc.client.GrpcClientProtocolService$RequestStreamObserver.processClientRequest(GrpcClientProtocolService.java:222) ~[ratis-grpc-2.1.0.jar:2.1.0]
	at org.apache.ratis.grpc.client.GrpcClientProtocolService$OrderedRequestStreamObserver.processClientRequest(GrpcClientProtocolService.java:328) ~[ratis-grpc-2.1.0.jar:2.1.0]
	at org.apache.ratis.util.SlidingWindow$Server.processRequestsFromHead(SlidingWindow.java:431) [ratis-common-2.1.0.jar:2.1.0]
	at org.apache.ratis.util.SlidingWindow$Server.receivedRequest(SlidingWindow.java:423) [ratis-common-2.1.0.jar:2.1.0]
	at org.apache.ratis.grpc.client.GrpcClientProtocolService$OrderedRequestStreamObserver.processClientRequest(GrpcClientProtocolService.java:352) [ratis-grpc-2.1.0.jar:2.1.0]
	at org.apache.ratis.grpc.client.GrpcClientProtocolService$RequestStreamObserver.onNext(GrpcClientProtocolService.java:242) [ratis-grpc-2.1.0.jar:2.1.0]
	at org.apache.ratis.grpc.client.GrpcClientProtocolService$RequestStreamObserver.onNext(GrpcClientProtocolService.java:165) [ratis-grpc-2.1.0.jar:2.1.0]
	at org.apache.ratis.thirdparty.io.grpc.stub.ServerCalls$StreamingServerCallHandler$StreamingServerCallListener.onMessage(ServerCalls.java:255) [ratis-thirdparty-misc-0.7.0.jar:0.7.0]
	at org.apache.ratis.thirdparty.io.grpc.ForwardingServerCallListener.onMessage(ForwardingServerCallListener.java:33) [ratis-thirdparty-misc-0.7.0.jar:0.7.0]
	at org.apache.ratis.thirdparty.io.grpc.internal.ServerCallImpl$ServerStreamListenerImpl.messagesAvailableInternal(ServerCallImpl.java:309) [ratis-thirdparty-misc-0.7.0.jar:0.7.0]
	at org.apache.ratis.thirdparty.io.grpc.internal.ServerCallImpl$ServerStreamListenerImpl.messagesAvailable(ServerCallImpl.java:292) [ratis-thirdparty-misc-0.7.0.jar:0.7.0]
	at org.apache.ratis.thirdparty.io.grpc.internal.ServerImpl$JumpToApplicationThreadServerStreamListener$1MessagesAvailable.runInContext(ServerImpl.java:782) [ratis-thirdparty-misc-0.7.0.jar:0.7.0]
	at org.apache.ratis.thirdparty.io.grpc.internal.ContextRunnable.run(ContextRunnable.java:37) [ratis-thirdparty-misc-0.7.0.jar:0.7.0]
	at org.apache.ratis.thirdparty.io.grpc.internal.SerializingExecutor.run(SerializingExecutor.java:123) [ratis-thirdparty-misc-0.7.0.jar:0.7.0]
	at java.util.concurrent.ThreadPoolExecutor.runWorker(ThreadPoolExecutor.java:1149) [?:1.8.0_292]
	at java.util.concurrent.ThreadPoolExecutor$Worker.run(ThreadPoolExecutor.java:624) [?:1.8.0_292]
	at java.lang.Thread.run(Thread.java:748) [?:1.8.0_292]
12:53:35.275 [grpc-default-executor-3] ERROR DNAudit - user=null | ip=null | op=PUT_BLOCK {blockData=[blockId=conID: 10 locID: 107544261427200020 bcsId: 0, size=2097152]} | ret=FAILURE
org.apache.hadoop.hdds.scm.container.common.helpers.ContainerNotOpenException: Container 10 in CLOSED state
	at org.apache.hadoop.ozone.container.common.impl.HddsDispatcher.validateContainerCommand(HddsDispatcher.java:480) ~[hdds-container-service-1.2.0-SNAPSHOT.jar:?]
	at org.apache.hadoop.ozone.container.common.transport.server.ratis.ContainerStateMachine.startTransaction(ContainerStateMachine.java:317) ~[hdds-container-service-1.2.0-SNAPSHOT.jar:?]
	at org.apache.ratis.server.impl.RaftServerImpl.submitClientRequestAsync(RaftServerImpl.java:794) ~[ratis-server-2.1.0.jar:2.1.0]
	at org.apache.ratis.server.impl.RaftServerProxy.lambda$submitClientRequestAsync$9(RaftServerProxy.java:417) ~[ratis-server-2.1.0.jar:2.1.0]
	at org.apache.ratis.server.impl.RaftServerProxy.lambda$null$7(RaftServerProxy.java:412) ~[ratis-server-2.1.0.jar:2.1.0]
	at org.apache.ratis.util.JavaUtils.callAsUnchecked(JavaUtils.java:115) ~[ratis-common-2.1.0.jar:2.1.0]
	at org.apache.ratis.server.impl.RaftServerProxy.lambda$submitRequest$8(RaftServerProxy.java:412) ~[ratis-server-2.1.0.jar:2.1.0]
	at java.util.concurrent.CompletableFuture.uniComposeStage(CompletableFuture.java:995) ~[?:1.8.0_292]
	at java.util.concurrent.CompletableFuture.thenCompose(CompletableFuture.java:2137) ~[?:1.8.0_292]
	at org.apache.ratis.server.impl.RaftServerProxy.submitRequest(RaftServerProxy.java:411) ~[ratis-server-2.1.0.jar:2.1.0]
	at org.apache.ratis.server.impl.RaftServerProxy.submitClientRequestAsync(RaftServerProxy.java:417) ~[ratis-server-2.1.0.jar:2.1.0]
	at org.apache.ratis.grpc.client.GrpcClientProtocolService$RequestStreamObserver.processClientRequest(GrpcClientProtocolService.java:222) ~[ratis-grpc-2.1.0.jar:2.1.0]
	at org.apache.ratis.grpc.client.GrpcClientProtocolService$OrderedRequestStreamObserver.processClientRequest(GrpcClientProtocolService.java:328) ~[ratis-grpc-2.1.0.jar:2.1.0]
	at org.apache.ratis.util.SlidingWindow$Server.processRequestsFromHead(SlidingWindow.java:431) [ratis-common-2.1.0.jar:2.1.0]
	at org.apache.ratis.util.SlidingWindow$Server.receivedRequest(SlidingWindow.java:423) [ratis-common-2.1.0.jar:2.1.0]
	at org.apache.ratis.grpc.client.GrpcClientProtocolService$OrderedRequestStreamObserver.processClientRequest(GrpcClientProtocolService.java:352) [ratis-grpc-2.1.0.jar:2.1.0]
	at org.apache.ratis.grpc.client.GrpcClientProtocolService$RequestStreamObserver.onNext(GrpcClientProtocolService.java:242) [ratis-grpc-2.1.0.jar:2.1.0]
	at org.apache.ratis.grpc.client.GrpcClientProtocolService$RequestStreamObserver.onNext(GrpcClientProtocolService.java:165) [ratis-grpc-2.1.0.jar:2.1.0]
	at org.apache.ratis.thirdparty.io.grpc.stub.ServerCalls$StreamingServerCallHandler$StreamingServerCallListener.onMessage(ServerCalls.java:255) [ratis-thirdparty-misc-0.7.0.jar:0.7.0]
	at org.apache.ratis.thirdparty.io.grpc.ForwardingServerCallListener.onMessage(ForwardingServerCallListener.java:33) [ratis-thirdparty-misc-0.7.0.jar:0.7.0]
	at org.apache.ratis.thirdparty.io.grpc.internal.ServerCallImpl$ServerStreamListenerImpl.messagesAvailableInternal(ServerCallImpl.java:309) [ratis-thirdparty-misc-0.7.0.jar:0.7.0]
	at org.apache.ratis.thirdparty.io.grpc.internal.ServerCallImpl$ServerStreamListenerImpl.messagesAvailable(ServerCallImpl.java:292) [ratis-thirdparty-misc-0.7.0.jar:0.7.0]
	at org.apache.ratis.thirdparty.io.grpc.internal.ServerImpl$JumpToApplicationThreadServerStreamListener$1MessagesAvailable.runInContext(ServerImpl.java:782) [ratis-thirdparty-misc-0.7.0.jar:0.7.0]
	at org.apache.ratis.thirdparty.io.grpc.internal.ContextRunnable.run(ContextRunnable.java:37) [ratis-thirdparty-misc-0.7.0.jar:0.7.0]
	at org.apache.ratis.thirdparty.io.grpc.internal.SerializingExecutor.run(SerializingExecutor.java:123) [ratis-thirdparty-misc-0.7.0.jar:0.7.0]
	at java.util.concurrent.ThreadPoolExecutor.runWorker(ThreadPoolExecutor.java:1149) [?:1.8.0_292]
	at java.util.concurrent.ThreadPoolExecutor$Worker.run(ThreadPoolExecutor.java:624) [?:1.8.0_292]
	at java.lang.Thread.run(Thread.java:748) [?:1.8.0_292]
2021-08-04 12:53:35,365 [Datanode State Machine Thread - 0] WARN  statemachine.StateContext (StateContext.java:execute(621)) - No available thread in pool for past 1 seconds.
2021-08-04 12:53:35,394 [pool-170-thread-2] INFO  keyvalue.KeyValueHandler (ContainerUtils.java:logAndReturnError(89)) - Operation: PutBlock , Trace ID:  , Message: Put Key failed , Result: IO_EXCEPTION , StorageContainerException Occurred.
org.apache.hadoop.hdds.scm.container.common.helpers.StorageContainerException: Put Key failed
	at org.apache.hadoop.ozone.container.keyvalue.KeyValueHandler.handlePutBlock(KeyValueHandler.java:449)
	at org.apache.hadoop.ozone.container.keyvalue.KeyValueHandler.dispatchRequest(KeyValueHandler.java:194)
	at org.apache.hadoop.ozone.container.keyvalue.KeyValueHandler.handle(KeyValueHandler.java:170)
	at org.apache.hadoop.ozone.container.common.impl.HddsDispatcher.dispatchRequest(HddsDispatcher.java:307)
	at org.apache.hadoop.ozone.container.common.impl.HddsDispatcher.lambda$dispatch$0(HddsDispatcher.java:169)
	at org.apache.hadoop.hdds.server.OzoneProtocolMessageDispatcher.processRequest(OzoneProtocolMessageDispatcher.java:87)
	at org.apache.hadoop.ozone.container.common.impl.HddsDispatcher.dispatch(HddsDispatcher.java:168)
	at org.apache.hadoop.ozone.container.common.transport.server.ratis.ContainerStateMachine.dispatchCommand(ContainerStateMachine.java:398)
	at org.apache.hadoop.ozone.container.common.transport.server.ratis.ContainerStateMachine.runCommand(ContainerStateMachine.java:408)
	at org.apache.hadoop.ozone.container.common.transport.server.ratis.ContainerStateMachine.lambda$submitTask$6(ContainerStateMachine.java:722)
	at org.apache.ratis.util.TaskQueue.lambda$submit$0(TaskQueue.java:110)
	at org.apache.ratis.util.LogUtils.runAndLog(LogUtils.java:38)
	at org.apache.ratis.util.LogUtils$1.run(LogUtils.java:79)
	at java.util.concurrent.Executors$RunnableAdapter.call(Executors.java:511)
	at java.util.concurrent.FutureTask.run(FutureTask.java:266)
	at java.util.concurrent.ThreadPoolExecutor.runWorker(ThreadPoolExecutor.java:1149)
	at java.util.concurrent.ThreadPoolExecutor$Worker.run(ThreadPoolExecutor.java:624)
	at java.lang.Thread.run(Thread.java:748)
Caused by: java.io.IOException: Unable to write the batch.
	at org.apache.hadoop.hdds.utils.db.RDBBatchOperation.commit(RDBBatchOperation.java:48)
	at org.apache.hadoop.hdds.utils.db.RDBStore.commitBatchOperation(RDBStore.java:278)
	at org.apache.hadoop.ozone.container.keyvalue.impl.BlockManagerImpl.persistPutBlock(BlockManagerImpl.java:173)
	at org.apache.hadoop.ozone.container.keyvalue.impl.BlockManagerImpl.putBlock(BlockManagerImpl.java:106)
	at org.apache.hadoop.ozone.container.keyvalue.KeyValueHandler.handlePutBlock(KeyValueHandler.java:440)
	... 17 more
Caused by: org.rocksdb.RocksDBException: While appending to file: /home/runner/work/ozone/ozone/mnt/ozone/hadoop-ozone/integration-test/target/test-dir/MiniOzoneClusterImpl-3934b947-496f-4c0d-8e5c-b7fb60b641c1/datanode-0/data-0/containers/hdds/3934b947-496f-4c0d-8e5c-b7fb60b641c1/current/containerDir0/17/metadata/17-dn-container.db/000005.log: No space left on device
	at org.rocksdb.RocksDB.write0(Native Method)
	at org.rocksdb.RocksDB.write(RocksDB.java:1784)
	at org.apache.hadoop.hdds.utils.db.RDBBatchOperation.commit(RDBBatchOperation.java:46)
	... 21 more
2021-08-04 12:53:35,398 [pool-170-thread-2] ERROR ratis.ContainerStateMachine (ContainerStateMachine.java:lambda$applyTransaction$7(768)) - gid group-E1F4AFD4610E : ApplyTransaction failed. cmd PutBlock logIndex 133 exception {}
org.yaml.snakeyaml.error.YAMLException: java.io.IOException: No space left on device
	at org.yaml.snakeyaml.Yaml.dumpAll(Yaml.java:280)
	at org.yaml.snakeyaml.Yaml.dump(Yaml.java:256)
	at org.apache.hadoop.ozone.container.common.impl.ContainerDataYaml.createContainerFile(ContainerDataYaml.java:96)
	at org.apache.hadoop.ozone.container.keyvalue.KeyValueContainer.writeToContainerFile(KeyValueContainer.java:220)
	at org.apache.hadoop.ozone.container.keyvalue.KeyValueContainer.updateContainerFile(KeyValueContainer.java:255)
	at org.apache.hadoop.ozone.container.keyvalue.KeyValueContainer.updateContainerData(KeyValueContainer.java:366)
	at org.apache.hadoop.ozone.container.keyvalue.KeyValueContainer.markContainerUnhealthy(KeyValueContainer.java:297)
	at org.apache.hadoop.ozone.container.keyvalue.KeyValueHandler.markContainerUnhealthy(KeyValueHandler.java:947)
	at org.apache.hadoop.ozone.container.common.impl.HddsDispatcher.dispatchRequest(HddsDispatcher.java:350)
	at org.apache.hadoop.ozone.container.common.impl.HddsDispatcher.lambda$dispatch$0(HddsDispatcher.java:169)
	at org.apache.hadoop.hdds.server.OzoneProtocolMessageDispatcher.processRequest(OzoneProtocolMessageDispatcher.java:87)
	at org.apache.hadoop.ozone.container.common.impl.HddsDispatcher.dispatch(HddsDispatcher.java:168)
	at org.apache.hadoop.ozone.container.common.transport.server.ratis.ContainerStateMachine.dispatchCommand(ContainerStateMachine.java:398)
	at org.apache.hadoop.ozone.container.common.transport.server.ratis.ContainerStateMachine.runCommand(ContainerStateMachine.java:408)
	at org.apache.hadoop.ozone.container.common.transport.server.ratis.ContainerStateMachine.lambda$submitTask$6(ContainerStateMachine.java:722)
	at org.apache.ratis.util.TaskQueue.lambda$submit$0(TaskQueue.java:110)
	at org.apache.ratis.util.LogUtils.runAndLog(LogUtils.java:38)
	at org.apache.ratis.util.LogUtils$1.run(LogUtils.java:79)
	at java.util.concurrent.Executors$RunnableAdapter.call(Executors.java:511)
	at java.util.concurrent.FutureTask.run(FutureTask.java:266)
	at java.util.concurrent.ThreadPoolExecutor.runWorker(ThreadPoolExecutor.java:1149)
	at java.util.concurrent.ThreadPoolExecutor$Worker.run(ThreadPoolExecutor.java:624)
	at java.lang.Thread.run(Thread.java:748)
Caused by: java.io.IOException: No space left on device
	at java.io.FileOutputStream.writeBytes(Native Method)
	at java.io.FileOutputStream.write(FileOutputStream.java:326)
	at sun.nio.cs.StreamEncoder.writeBytes(StreamEncoder.java:221)
	at sun.nio.cs.StreamEncoder.implFlushBuffer(StreamEncoder.java:291)
	at sun.nio.cs.StreamEncoder.implFlush(StreamEncoder.java:295)
	at sun.nio.cs.StreamEncoder.flush(StreamEncoder.java:141)
	at java.io.OutputStreamWriter.flush(OutputStreamWriter.java:229)
	at org.yaml.snakeyaml.emitter.Emitter.flushStream(Emitter.java:1078)
	at org.yaml.snakeyaml.emitter.Emitter$ExpectDocumentEnd.expect(Emitter.java:368)
	at org.yaml.snakeyaml.emitter.Emitter.emit(Emitter.java:220)
	at org.yaml.snakeyaml.serializer.Serializer.serialize(Serializer.java:115)
	at org.yaml.snakeyaml.Yaml.dumpAll(Yaml.java:276)
	... 22 more
2021-08-04 12:53:35,398 [pool-172-thread-1] INFO  keyvalue.KeyValueHandler (ContainerUtils.java:logAndReturnError(89)) - Operation: PutBlock , Trace ID:  , Message: Put Key failed , Result: IO_EXCEPTION , StorageContainerException Occurred.
org.apache.hadoop.hdds.scm.container.common.helpers.StorageContainerException: Put Key failed
	at org.apache.hadoop.ozone.container.keyvalue.KeyValueHandler.handlePutBlock(KeyValueHandler.java:449)
	at org.apache.hadoop.ozone.container.keyvalue.KeyValueHandler.dispatchRequest(KeyValueHandler.java:194)
	at org.apache.hadoop.ozone.container.keyvalue.KeyValueHandler.handle(KeyValueHandler.java:170)
	at org.apache.hadoop.ozone.container.common.impl.HddsDispatcher.dispatchRequest(HddsDispatcher.java:307)
	at org.apache.hadoop.ozone.container.common.impl.HddsDispatcher.lambda$dispatch$0(HddsDispatcher.java:169)
	at org.apache.hadoop.hdds.server.OzoneProtocolMessageDispatcher.processRequest(OzoneProtocolMessageDispatcher.java:87)
	at org.apache.hadoop.ozone.container.common.impl.HddsDispatcher.dispatch(HddsDispatcher.java:168)
	at org.apache.hadoop.ozone.container.common.transport.server.ratis.ContainerStateMachine.dispatchCommand(ContainerStateMachine.java:398)
	at org.apache.hadoop.ozone.container.common.transport.server.ratis.ContainerStateMachine.runCommand(ContainerStateMachine.java:408)
	at org.apache.hadoop.ozone.container.common.transport.server.ratis.ContainerStateMachine.lambda$submitTask$6(ContainerStateMachine.java:722)
	at org.apache.ratis.util.TaskQueue.lambda$submit$0(TaskQueue.java:110)
	at org.apache.ratis.util.LogUtils.runAndLog(LogUtils.java:38)
	at org.apache.ratis.util.LogUtils$1.run(LogUtils.java:79)
	at java.util.concurrent.Executors$RunnableAdapter.call(Executors.java:511)
	at java.util.concurrent.FutureTask.run(FutureTask.java:266)
	at java.util.concurrent.ThreadPoolExecutor.runWorker(ThreadPoolExecutor.java:1149)
	at java.util.concurrent.ThreadPoolExecutor$Worker.run(ThreadPoolExecutor.java:624)
	at java.lang.Thread.run(Thread.java:748)
Caused by: java.io.IOException: Unable to write the batch.
	at org.apache.hadoop.hdds.utils.db.RDBBatchOperation.commit(RDBBatchOperation.java:48)
	at org.apache.hadoop.hdds.utils.db.RDBStore.commitBatchOperation(RDBStore.java:278)
	at org.apache.hadoop.ozone.container.keyvalue.impl.BlockManagerImpl.persistPutBlock(BlockManagerImpl.java:173)
	at org.apache.hadoop.ozone.container.keyvalue.impl.BlockManagerImpl.putBlock(BlockManagerImpl.java:106)
	at org.apache.hadoop.ozone.container.keyvalue.KeyValueHandler.handlePutBlock(KeyValueHandler.java:440)
	... 17 more
Caused by: org.rocksdb.RocksDBException: While appending to file: /home/runner/work/ozone/ozone/mnt/ozone/hadoop-ozone/integration-test/target/test-dir/MiniOzoneClusterImpl-3934b947-496f-4c0d-8e5c-b7fb60b641c1/datanode-1/data-0/containers/hdds/3934b947-496f-4c0d-8e5c-b7fb60b641c1/current/containerDir0/17/metadata/17-dn-container.db/000005.log: No space left on device
	at org.rocksdb.RocksDB.write0(Native Method)
	at org.rocksdb.RocksDB.write(RocksDB.java:1784)
	at org.apache.hadoop.hdds.utils.db.RDBBatchOperation.commit(RDBBatchOperation.java:46)
	... 21 more
2021-08-04 12:53:35,404 [pool-172-thread-1] ERROR ratis.ContainerStateMachine (ContainerStateMachine.java:lambda$applyTransaction$7(768)) - gid group-E1F4AFD4610E : ApplyTransaction failed. cmd PutBlock logIndex 133 exception {}
org.yaml.snakeyaml.error.YAMLException: java.io.IOException: No space left on device
	at org.yaml.snakeyaml.Yaml.dumpAll(Yaml.java:280)
	at org.yaml.snakeyaml.Yaml.dump(Yaml.java:256)
	at org.apache.hadoop.ozone.container.common.impl.ContainerDataYaml.createContainerFile(ContainerDataYaml.java:96)
	at org.apache.hadoop.ozone.container.keyvalue.KeyValueContainer.writeToContainerFile(KeyValueContainer.java:220)
	at org.apache.hadoop.ozone.container.keyvalue.KeyValueContainer.updateContainerFile(KeyValueContainer.java:255)
	at org.apache.hadoop.ozone.container.keyvalue.KeyValueContainer.updateContainerData(KeyValueContainer.java:366)
	at org.apache.hadoop.ozone.container.keyvalue.KeyValueContainer.markContainerUnhealthy(KeyValueContainer.java:297)
	at org.apache.hadoop.ozone.container.keyvalue.KeyValueHandler.markContainerUnhealthy(KeyValueHandler.java:947)
	at org.apache.hadoop.ozone.container.common.impl.HddsDispatcher.dispatchRequest(HddsDispatcher.java:350)
	at org.apache.hadoop.ozone.container.common.impl.HddsDispatcher.lambda$dispatch$0(HddsDispatcher.java:169)
	at org.apache.hadoop.hdds.server.OzoneProtocolMessageDispatcher.processRequest(OzoneProtocolMessageDispatcher.java:87)
	at org.apache.hadoop.ozone.container.common.impl.HddsDispatcher.dispatch(HddsDispatcher.java:168)
	at org.apache.hadoop.ozone.container.common.transport.server.ratis.ContainerStateMachine.dispatchCommand(ContainerStateMachine.java:398)
	at org.apache.hadoop.ozone.container.common.transport.server.ratis.ContainerStateMachine.runCommand(ContainerStateMachine.java:408)
	at org.apache.hadoop.ozone.container.common.transport.server.ratis.ContainerStateMachine.lambda$submitTask$6(ContainerStateMachine.java:722)
	at org.apache.ratis.util.TaskQueue.lambda$submit$0(TaskQueue.java:110)
	at org.apache.ratis.util.LogUtils.runAndLog(LogUtils.java:38)
	at org.apache.ratis.util.LogUtils$1.run(LogUtils.java:79)
	at java.util.concurrent.Executors$RunnableAdapter.call(Executors.java:511)
	at java.util.concurrent.FutureTask.run(FutureTask.java:266)
	at java.util.concurrent.ThreadPoolExecutor.runWorker(ThreadPoolExecutor.java:1149)
	at java.util.concurrent.ThreadPoolExecutor$Worker.run(ThreadPoolExecutor.java:624)
	at java.lang.Thread.run(Thread.java:748)
Caused by: java.io.IOException: No space left on device
	at java.io.FileOutputStream.writeBytes(Native Method)
	at java.io.FileOutputStream.write(FileOutputStream.java:326)
	at sun.nio.cs.StreamEncoder.writeBytes(StreamEncoder.java:221)
	at sun.nio.cs.StreamEncoder.implFlushBuffer(StreamEncoder.java:291)
	at sun.nio.cs.StreamEncoder.implFlush(StreamEncoder.java:295)
	at sun.nio.cs.StreamEncoder.flush(StreamEncoder.java:141)
	at java.io.OutputStreamWriter.flush(OutputStreamWriter.java:229)
	at org.yaml.snakeyaml.emitter.Emitter.flushStream(Emitter.java:1078)
	at org.yaml.snakeyaml.emitter.Emitter$ExpectDocumentEnd.expect(Emitter.java:368)
	at org.yaml.snakeyaml.emitter.Emitter.emit(Emitter.java:220)
	at org.yaml.snakeyaml.serializer.Serializer.serialize(Serializer.java:115)
	at org.yaml.snakeyaml.Yaml.dumpAll(Yaml.java:276)
	... 22 more
2021-08-04 12:53:35,405 [pool-172-thread-1] ERROR ratis.ContainerStateMachine (ContainerStateMachine.java:lambda$applyTransaction$9(832)) - gid group-E1F4AFD4610E : ApplyTransaction failed. cmd PutBlock logIndex 133 exception {}
java.util.concurrent.CompletionException: org.yaml.snakeyaml.error.YAMLException: java.io.IOException: No space left on device
	at java.util.concurrent.CompletableFuture.encodeThrowable(CompletableFuture.java:292)
	at java.util.concurrent.CompletableFuture.completeThrowable(CompletableFuture.java:308)
	at java.util.concurrent.CompletableFuture.uniApply(CompletableFuture.java:607)
	at java.util.concurrent.CompletableFuture$UniApply.tryFire(CompletableFuture.java:591)
	at java.util.concurrent.CompletableFuture.postComplete(CompletableFuture.java:488)
	at java.util.concurrent.CompletableFuture.completeExceptionally(CompletableFuture.java:1990)
	at org.apache.ratis.util.TaskQueue.lambda$submit$0(TaskQueue.java:112)
	at org.apache.ratis.util.LogUtils.runAndLog(LogUtils.java:38)
	at org.apache.ratis.util.LogUtils$1.run(LogUtils.java:79)
	at java.util.concurrent.Executors$RunnableAdapter.call(Executors.java:511)
	at java.util.concurrent.FutureTask.run(FutureTask.java:266)
	at java.util.concurrent.ThreadPoolExecutor.runWorker(ThreadPoolExecutor.java:1149)
	at java.util.concurrent.ThreadPoolExecutor$Worker.run(ThreadPoolExecutor.java:624)
	at java.lang.Thread.run(Thread.java:748)
Caused by: org.yaml.snakeyaml.error.YAMLException: java.io.IOException: No space left on device
	at org.yaml.snakeyaml.Yaml.dumpAll(Yaml.java:280)
	at org.yaml.snakeyaml.Yaml.dump(Yaml.java:256)
	at org.apache.hadoop.ozone.container.common.impl.ContainerDataYaml.createContainerFile(ContainerDataYaml.java:96)
	at org.apache.hadoop.ozone.container.keyvalue.KeyValueContainer.writeToContainerFile(KeyValueContainer.java:220)
	at org.apache.hadoop.ozone.container.keyvalue.KeyValueContainer.updateContainerFile(KeyValueContainer.java:255)
	at org.apache.hadoop.ozone.container.keyvalue.KeyValueContainer.updateContainerData(KeyValueContainer.java:366)
	at org.apache.hadoop.ozone.container.keyvalue.KeyValueContainer.markContainerUnhealthy(KeyValueContainer.java:297)
	at org.apache.hadoop.ozone.container.keyvalue.KeyValueHandler.markContainerUnhealthy(KeyValueHandler.java:947)
	at org.apache.hadoop.ozone.container.common.impl.HddsDispatcher.dispatchRequest(HddsDispatcher.java:350)
	at org.apache.hadoop.ozone.container.common.impl.HddsDispatcher.lambda$dispatch$0(HddsDispatcher.java:169)
	at org.apache.hadoop.hdds.server.OzoneProtocolMessageDispatcher.processRequest(OzoneProtocolMessageDispatcher.java:87)
	at org.apache.hadoop.ozone.container.common.impl.HddsDispatcher.dispatch(HddsDispatcher.java:168)
	at org.apache.hadoop.ozone.container.common.transport.server.ratis.ContainerStateMachine.dispatchCommand(ContainerStateMachine.java:398)
	at org.apache.hadoop.ozone.container.common.transport.server.ratis.ContainerStateMachine.runCommand(ContainerStateMachine.java:408)
	at org.apache.hadoop.ozone.container.common.transport.server.ratis.ContainerStateMachine.lambda$submitTask$6(ContainerStateMachine.java:722)
	at org.apache.ratis.util.TaskQueue.lambda$submit$0(TaskQueue.java:110)
	... 7 more
Caused by: java.io.IOException: No space left on device
	at java.io.FileOutputStream.writeBytes(Native Method)
	at java.io.FileOutputStream.write(FileOutputStream.java:326)
	at sun.nio.cs.StreamEncoder.writeBytes(StreamEncoder.java:221)
	at sun.nio.cs.StreamEncoder.implFlushBuffer(StreamEncoder.java:291)
	at sun.nio.cs.StreamEncoder.implFlush(StreamEncoder.java:295)
	at sun.nio.cs.StreamEncoder.flush(StreamEncoder.java:141)
	at java.io.OutputStreamWriter.flush(OutputStreamWriter.java:229)
	at org.yaml.snakeyaml.emitter.Emitter.flushStream(Emitter.java:1078)
	at org.yaml.snakeyaml.emitter.Emitter$ExpectDocumentEnd.expect(Emitter.java:368)
	at org.yaml.snakeyaml.emitter.Emitter.emit(Emitter.java:220)
	at org.yaml.snakeyaml.serializer.Serializer.serialize(Serializer.java:115)
	at org.yaml.snakeyaml.Yaml.dumpAll(Yaml.java:276)
	... 22 more
2021-08-04 12:53:35,405 [Datanode State Machine Thread - 0] WARN  statemachine.StateContext (StateContext.java:execute(621)) - No available thread in pool for past 1 seconds.
2021-08-04 12:53:35,410 [EventQueue-IncrementalContainerReportForIncrementalContainerReportHandler] WARN  container.IncrementalContainerReportHandler (AbstractContainerReportHandler.java:updateContainerState(190)) - Container #17 is in OPEN state, but the datanode a740fbed-e693-489f-a49e-1d40bdde1dba{ip: 10.1.0.56, host: fv-az294-656.eaanfquahm5ulb5tj050gcxych.jx.internal.cloudapp.net, ports: [REPLICATION=34881, RATIS=33891, RATIS_ADMIN=33891, RATIS_SERVER=33891, STANDALONE=43951], networkLocation: /default-rack, certSerialId: null, persistedOpState: IN_SERVICE, persistedOpStateExpiryEpochSec: 0} reports an UNHEALTHY replica.
2021-08-04 12:53:35,418 [pool-172-thread-2] INFO  keyvalue.KeyValueHandler (ContainerUtils.java:logAndReturnError(89)) - Operation: WriteChunk , Trace ID:  , Message: Requested operation not allowed as ContainerState is UNHEALTHY , Result: CONTAINER_UNHEALTHY , StorageContainerException Occurred.
org.apache.hadoop.hdds.scm.container.common.helpers.StorageContainerException: Requested operation not allowed as ContainerState is UNHEALTHY
	at org.apache.hadoop.ozone.container.keyvalue.KeyValueHandler.checkContainerOpen(KeyValueHandler.java:894)
	at org.apache.hadoop.ozone.container.keyvalue.KeyValueHandler.handleWriteChunk(KeyValueHandler.java:683)
	at org.apache.hadoop.ozone.container.keyvalue.KeyValueHandler.dispatchRequest(KeyValueHandler.java:206)
	at org.apache.hadoop.ozone.container.keyvalue.KeyValueHandler.handle(KeyValueHandler.java:170)
	at org.apache.hadoop.ozone.container.common.impl.HddsDispatcher.dispatchRequest(HddsDispatcher.java:307)
	at org.apache.hadoop.ozone.container.common.impl.HddsDispatcher.lambda$dispatch$0(HddsDispatcher.java:169)
	at org.apache.hadoop.hdds.server.OzoneProtocolMessageDispatcher.processRequest(OzoneProtocolMessageDispatcher.java:87)
	at org.apache.hadoop.ozone.container.common.impl.HddsDispatcher.dispatch(HddsDispatcher.java:168)
	at org.apache.hadoop.ozone.container.common.transport.server.ratis.ContainerStateMachine.dispatchCommand(ContainerStateMachine.java:398)
	at org.apache.hadoop.ozone.container.common.transport.server.ratis.ContainerStateMachine.runCommand(ContainerStateMachine.java:408)
	at org.apache.hadoop.ozone.container.common.transport.server.ratis.ContainerStateMachine.lambda$submitTask$6(ContainerStateMachine.java:722)
	at org.apache.ratis.util.TaskQueue.lambda$submit$0(TaskQueue.java:110)
	at org.apache.ratis.util.LogUtils.runAndLog(LogUtils.java:38)
	at org.apache.ratis.util.LogUtils$1.run(LogUtils.java:79)
	at java.util.concurrent.Executors$RunnableAdapter.call(Executors.java:511)
	at java.util.concurrent.FutureTask.run(FutureTask.java:266)
	at java.util.concurrent.ThreadPoolExecutor.runWorker(ThreadPoolExecutor.java:1149)
	at java.util.concurrent.ThreadPoolExecutor$Worker.run(ThreadPoolExecutor.java:624)
	at java.lang.Thread.run(Thread.java:748)
2021-08-04 12:53:35,419 [Datanode State Machine Thread - 0] WARN  statemachine.StateContext (StateContext.java:execute(621)) - No available thread in pool for past 1 seconds.
12:53:35.419 [pool-172-thread-2] ERROR DNAudit - user=null | ip=null | op=WRITE_CHUNK {blockData=conID: 17 locID: 107544261427200021 bcsId: 0} | ret=FAILURE
java.lang.Exception: Requested operation not allowed as ContainerState is UNHEALTHY
	at org.apache.hadoop.ozone.container.common.impl.HddsDispatcher.dispatchRequest(HddsDispatcher.java:368) ~[hdds-container-service-1.2.0-SNAPSHOT.jar:?]
	at org.apache.hadoop.ozone.container.common.impl.HddsDispatcher.lambda$dispatch$0(HddsDispatcher.java:169) ~[hdds-container-service-1.2.0-SNAPSHOT.jar:?]
	at org.apache.hadoop.hdds.server.OzoneProtocolMessageDispatcher.processRequest(OzoneProtocolMessageDispatcher.java:87) ~[hdds-server-framework-1.2.0-SNAPSHOT.jar:?]
	at org.apache.hadoop.ozone.container.common.impl.HddsDispatcher.dispatch(HddsDispatcher.java:168) ~[hdds-container-service-1.2.0-SNAPSHOT.jar:?]
	at org.apache.hadoop.ozone.container.common.transport.server.ratis.ContainerStateMachine.dispatchCommand(ContainerStateMachine.java:398) ~[hdds-container-service-1.2.0-SNAPSHOT.jar:?]
	at org.apache.hadoop.ozone.container.common.transport.server.ratis.ContainerStateMachine.runCommand(ContainerStateMachine.java:408) ~[hdds-container-service-1.2.0-SNAPSHOT.jar:?]
	at org.apache.hadoop.ozone.container.common.transport.server.ratis.ContainerStateMachine.lambda$submitTask$6(ContainerStateMachine.java:722) ~[hdds-container-service-1.2.0-SNAPSHOT.jar:?]
	at org.apache.ratis.util.TaskQueue.lambda$submit$0(TaskQueue.java:110) ~[ratis-common-2.1.0.jar:2.1.0]
	at org.apache.ratis.util.LogUtils.runAndLog(LogUtils.java:38) [ratis-common-2.1.0.jar:2.1.0]
	at org.apache.ratis.util.LogUtils$1.run(LogUtils.java:79) [ratis-common-2.1.0.jar:2.1.0]
	at java.util.concurrent.Executors$RunnableAdapter.call(Executors.java:511) [?:1.8.0_292]
	at java.util.concurrent.FutureTask.run(FutureTask.java:266) [?:1.8.0_292]
	at java.util.concurrent.ThreadPoolExecutor.runWorker(ThreadPoolExecutor.java:1149) [?:1.8.0_292]
	at java.util.concurrent.ThreadPoolExecutor$Worker.run(ThreadPoolExecutor.java:624) [?:1.8.0_292]
	at java.lang.Thread.run(Thread.java:748) [?:1.8.0_292]
2021-08-04 12:53:35,419 [pool-170-thread-2] ERROR ratis.ContainerStateMachine (ContainerStateMachine.java:lambda$applyTransaction$9(832)) - gid group-E1F4AFD4610E : ApplyTransaction failed. cmd PutBlock logIndex 133 exception {}
java.util.concurrent.CompletionException: org.yaml.snakeyaml.error.YAMLException: java.io.IOException: No space left on device
	at java.util.concurrent.CompletableFuture.encodeThrowable(CompletableFuture.java:292)
	at java.util.concurrent.CompletableFuture.completeThrowable(CompletableFuture.java:308)
	at java.util.concurrent.CompletableFuture.uniApply(CompletableFuture.java:607)
	at java.util.concurrent.CompletableFuture$UniApply.tryFire(CompletableFuture.java:591)
	at java.util.concurrent.CompletableFuture.postComplete(CompletableFuture.java:488)
	at java.util.concurrent.CompletableFuture.completeExceptionally(CompletableFuture.java:1990)
	at org.apache.ratis.util.TaskQueue.lambda$submit$0(TaskQueue.java:112)
	at org.apache.ratis.util.LogUtils.runAndLog(LogUtils.java:38)
	at org.apache.ratis.util.LogUtils$1.run(LogUtils.java:79)
	at java.util.concurrent.Executors$RunnableAdapter.call(Executors.java:511)
	at java.util.concurrent.FutureTask.run(FutureTask.java:266)
	at java.util.concurrent.ThreadPoolExecutor.runWorker(ThreadPoolExecutor.java:1149)
	at java.util.concurrent.ThreadPoolExecutor$Worker.run(ThreadPoolExecutor.java:624)
	at java.lang.Thread.run(Thread.java:748)
Caused by: org.yaml.snakeyaml.error.YAMLException: java.io.IOException: No space left on device
	at org.yaml.snakeyaml.Yaml.dumpAll(Yaml.java:280)
	at org.yaml.snakeyaml.Yaml.dump(Yaml.java:256)
	at org.apache.hadoop.ozone.container.common.impl.ContainerDataYaml.createContainerFile(ContainerDataYaml.java:96)
	at org.apache.hadoop.ozone.container.keyvalue.KeyValueContainer.writeToContainerFile(KeyValueContainer.java:220)
	at org.apache.hadoop.ozone.container.keyvalue.KeyValueContainer.updateContainerFile(KeyValueContainer.java:255)
	at org.apache.hadoop.ozone.container.keyvalue.KeyValueContainer.updateContainerData(KeyValueContainer.java:366)
	at org.apache.hadoop.ozone.container.keyvalue.KeyValueContainer.markContainerUnhealthy(KeyValueContainer.java:297)
	at org.apache.hadoop.ozone.container.keyvalue.KeyValueHandler.markContainerUnhealthy(KeyValueHandler.java:947)
	at org.apache.hadoop.ozone.container.common.impl.HddsDispatcher.dispatchRequest(HddsDispatcher.java:350)
	at org.apache.hadoop.ozone.container.common.impl.HddsDispatcher.lambda$dispatch$0(HddsDispatcher.java:169)
	at org.apache.hadoop.hdds.server.OzoneProtocolMessageDispatcher.processRequest(OzoneProtocolMessageDispatcher.java:87)
	at org.apache.hadoop.ozone.container.common.impl.HddsDispatcher.dispatch(HddsDispatcher.java:168)
	at org.apache.hadoop.ozone.container.common.transport.server.ratis.ContainerStateMachine.dispatchCommand(ContainerStateMachine.java:398)
	at org.apache.hadoop.ozone.container.common.transport.server.ratis.ContainerStateMachine.runCommand(ContainerStateMachine.java:408)
	at org.apache.hadoop.ozone.container.common.transport.server.ratis.ContainerStateMachine.lambda$submitTask$6(ContainerStateMachine.java:722)
	at org.apache.ratis.util.TaskQueue.lambda$submit$0(TaskQueue.java:110)
	... 7 more
Caused by: java.io.IOException: No space left on device
	at java.io.FileOutputStream.writeBytes(Native Method)
	at java.io.FileOutputStream.write(FileOutputStream.java:326)
	at sun.nio.cs.StreamEncoder.writeBytes(StreamEncoder.java:221)
	at sun.nio.cs.StreamEncoder.implFlushBuffer(StreamEncoder.java:291)
	at sun.nio.cs.StreamEncoder.implFlush(StreamEncoder.java:295)
	at sun.nio.cs.StreamEncoder.flush(StreamEncoder.java:141)
	at java.io.OutputStreamWriter.flush(OutputStreamWriter.java:229)
	at org.yaml.snakeyaml.emitter.Emitter.flushStream(Emitter.java:1078)
	at org.yaml.snakeyaml.emitter.Emitter$ExpectDocumentEnd.expect(Emitter.java:368)
	at org.yaml.snakeyaml.emitter.Emitter.emit(Emitter.java:220)
	at org.yaml.snakeyaml.serializer.Serializer.serialize(Serializer.java:115)
	at org.yaml.snakeyaml.Yaml.dumpAll(Yaml.java:276)
	... 22 more
2021-08-04 12:53:35,420 [EventQueue-IncrementalContainerReportForIncrementalContainerReportHandler] WARN  container.IncrementalContainerReportHandler (AbstractContainerReportHandler.java:updateContainerState(190)) - Container #17 is in OPEN state, but the datanode ecba4485-89f3-43d9-9eed-a86080ca2af4{ip: 10.1.0.56, host: fv-az294-656.eaanfquahm5ulb5tj050gcxych.jx.internal.cloudapp.net, ports: [REPLICATION=46339, RATIS=41981, RATIS_ADMIN=41981, RATIS_SERVER=41981, STANDALONE=46613], networkLocation: /default-rack, certSerialId: null, persistedOpState: IN_SERVICE, persistedOpStateExpiryEpochSec: 0} reports an UNHEALTHY replica.
2021-08-04 12:53:35,419 [pool-172-thread-2] ERROR ratis.ContainerStateMachine (ContainerStateMachine.java:lambda$applyTransaction$8(794)) - gid group-E1F4AFD4610E : ApplyTransaction failed. cmd WriteChunk logIndex 134 msg : Requested operation not allowed as ContainerState is UNHEALTHY Container Result: CONTAINER_UNHEALTHY
2021-08-04 12:53:35,430 [pool-170-thread-2] INFO  keyvalue.KeyValueHandler (ContainerUtils.java:logAndReturnError(89)) - Operation: WriteChunk , Trace ID:  , Message: Requested operation not allowed as ContainerState is UNHEALTHY , Result: CONTAINER_UNHEALTHY , StorageContainerException Occurred.
org.apache.hadoop.hdds.scm.container.common.helpers.StorageContainerException: Requested operation not allowed as ContainerState is UNHEALTHY
	at org.apache.hadoop.ozone.container.keyvalue.KeyValueHandler.checkContainerOpen(KeyValueHandler.java:894)
	at org.apache.hadoop.ozone.container.keyvalue.KeyValueHandler.handleWriteChunk(KeyValueHandler.java:683)
	at org.apache.hadoop.ozone.container.keyvalue.KeyValueHandler.dispatchRequest(KeyValueHandler.java:206)
	at org.apache.hadoop.ozone.container.keyvalue.KeyValueHandler.handle(KeyValueHandler.java:170)
	at org.apache.hadoop.ozone.container.common.impl.HddsDispatcher.dispatchRequest(HddsDispatcher.java:307)
	at org.apache.hadoop.ozone.container.common.impl.HddsDispatcher.lambda$dispatch$0(HddsDispatcher.java:169)
	at org.apache.hadoop.hdds.server.OzoneProtocolMessageDispatcher.processRequest(OzoneProtocolMessageDispatcher.java:87)
	at org.apache.hadoop.ozone.container.common.impl.HddsDispatcher.dispatch(HddsDispatcher.java:168)
	at org.apache.hadoop.ozone.container.common.transport.server.ratis.ContainerStateMachine.dispatchCommand(ContainerStateMachine.java:398)
	at org.apache.hadoop.ozone.container.common.transport.server.ratis.ContainerStateMachine.runCommand(ContainerStateMachine.java:408)
	at org.apache.hadoop.ozone.container.common.transport.server.ratis.ContainerStateMachine.lambda$submitTask$6(ContainerStateMachine.java:722)
	at org.apache.ratis.util.TaskQueue.lambda$submit$0(TaskQueue.java:110)
	at org.apache.ratis.util.LogUtils.runAndLog(LogUtils.java:38)
	at org.apache.ratis.util.LogUtils$1.run(LogUtils.java:79)
	at java.util.concurrent.Executors$RunnableAdapter.call(Executors.java:511)
	at java.util.concurrent.FutureTask.run(FutureTask.java:266)
	at java.util.concurrent.ThreadPoolExecutor.runWorker(ThreadPoolExecutor.java:1149)
	at java.util.concurrent.ThreadPoolExecutor$Worker.run(ThreadPoolExecutor.java:624)
	at java.lang.Thread.run(Thread.java:748)
12:53:35.430 [pool-170-thread-2] ERROR DNAudit - user=null | ip=null | op=WRITE_CHUNK {blockData=conID: 17 locID: 107544261427200021 bcsId: 0} | ret=FAILURE
java.lang.Exception: Requested operation not allowed as ContainerState is UNHEALTHY
	at org.apache.hadoop.ozone.container.common.impl.HddsDispatcher.dispatchRequest(HddsDispatcher.java:368) ~[hdds-container-service-1.2.0-SNAPSHOT.jar:?]
	at org.apache.hadoop.ozone.container.common.impl.HddsDispatcher.lambda$dispatch$0(HddsDispatcher.java:169) ~[hdds-container-service-1.2.0-SNAPSHOT.jar:?]
	at org.apache.hadoop.hdds.server.OzoneProtocolMessageDispatcher.processRequest(OzoneProtocolMessageDispatcher.java:87) ~[hdds-server-framework-1.2.0-SNAPSHOT.jar:?]
	at org.apache.hadoop.ozone.container.common.impl.HddsDispatcher.dispatch(HddsDispatcher.java:168) ~[hdds-container-service-1.2.0-SNAPSHOT.jar:?]
	at org.apache.hadoop.ozone.container.common.transport.server.ratis.ContainerStateMachine.dispatchCommand(ContainerStateMachine.java:398) ~[hdds-container-service-1.2.0-SNAPSHOT.jar:?]
	at org.apache.hadoop.ozone.container.common.transport.server.ratis.ContainerStateMachine.runCommand(ContainerStateMachine.java:408) ~[hdds-container-service-1.2.0-SNAPSHOT.jar:?]
	at org.apache.hadoop.ozone.container.common.transport.server.ratis.ContainerStateMachine.lambda$submitTask$6(ContainerStateMachine.java:722) ~[hdds-container-service-1.2.0-SNAPSHOT.jar:?]
	at org.apache.ratis.util.TaskQueue.lambda$submit$0(TaskQueue.java:110) ~[ratis-common-2.1.0.jar:2.1.0]
	at org.apache.ratis.util.LogUtils.runAndLog(LogUtils.java:38) [ratis-common-2.1.0.jar:2.1.0]
	at org.apache.ratis.util.LogUtils$1.run(LogUtils.java:79) [ratis-common-2.1.0.jar:2.1.0]
	at java.util.concurrent.Executors$RunnableAdapter.call(Executors.java:511) [?:1.8.0_292]
	at java.util.concurrent.FutureTask.run(FutureTask.java:266) [?:1.8.0_292]
	at java.util.concurrent.ThreadPoolExecutor.runWorker(ThreadPoolExecutor.java:1149) [?:1.8.0_292]
	at java.util.concurrent.ThreadPoolExecutor$Worker.run(ThreadPoolExecutor.java:624) [?:1.8.0_292]
	at java.lang.Thread.run(Thread.java:748) [?:1.8.0_292]
2021-08-04 12:53:35,431 [pool-170-thread-2] ERROR ratis.ContainerStateMachine (ContainerStateMachine.java:lambda$applyTransaction$8(794)) - gid group-E1F4AFD4610E : ApplyTransaction failed. cmd WriteChunk logIndex 134 msg : Requested operation not allowed as ContainerState is UNHEALTHY Container Result: CONTAINER_UNHEALTHY
2021-08-04 12:53:35,439 [pool-170-thread-2] ERROR ratis.XceiverServerRatis (XceiverServerRatis.java:triggerPipelineClose(672)) - pipeline Action CLOSE on pipeline PipelineID=7833fe4e-75cb-4f47-b5d3-e1f4afd4610e.Reason : Ratis Transaction failure in datanode ecba4485-89f3-43d9-9eed-a86080ca2af4 with role FOLLOWER .Triggering pipeline close action.
2021-08-04 12:53:35,439 [pool-170-thread-2] INFO  keyvalue.KeyValueHandler (ContainerUtils.java:logAndReturnError(89)) - Operation: PutBlock , Trace ID:  , Message: Requested operation not allowed as ContainerState is UNHEALTHY , Result: CONTAINER_UNHEALTHY , StorageContainerException Occurred.
org.apache.hadoop.hdds.scm.container.common.helpers.StorageContainerException: Requested operation not allowed as ContainerState is UNHEALTHY
	at org.apache.hadoop.ozone.container.keyvalue.KeyValueHandler.checkContainerOpen(KeyValueHandler.java:894)
	at org.apache.hadoop.ozone.container.keyvalue.KeyValueHandler.handlePutBlock(KeyValueHandler.java:425)
	at org.apache.hadoop.ozone.container.keyvalue.KeyValueHandler.dispatchRequest(KeyValueHandler.java:194)
	at org.apache.hadoop.ozone.container.keyvalue.KeyValueHandler.handle(KeyValueHandler.java:170)
	at org.apache.hadoop.ozone.container.common.impl.HddsDispatcher.dispatchRequest(HddsDispatcher.java:307)
	at org.apache.hadoop.ozone.container.common.impl.HddsDispatcher.lambda$dispatch$0(HddsDispatcher.java:169)
	at org.apache.hadoop.hdds.server.OzoneProtocolMessageDispatcher.processRequest(OzoneProtocolMessageDispatcher.java:87)
	at org.apache.hadoop.ozone.container.common.impl.HddsDispatcher.dispatch(HddsDispatcher.java:168)
	at org.apache.hadoop.ozone.container.common.transport.server.ratis.ContainerStateMachine.dispatchCommand(ContainerStateMachine.java:398)
	at org.apache.hadoop.ozone.container.common.transport.server.ratis.ContainerStateMachine.runCommand(ContainerStateMachine.java:408)
	at org.apache.hadoop.ozone.container.common.transport.server.ratis.ContainerStateMachine.lambda$submitTask$6(ContainerStateMachine.java:722)
	at org.apache.ratis.util.TaskQueue.lambda$submit$0(TaskQueue.java:110)
	at org.apache.ratis.util.LogUtils.runAndLog(LogUtils.java:38)
	at org.apache.ratis.util.LogUtils$1.run(LogUtils.java:79)
	at java.util.concurrent.Executors$RunnableAdapter.call(Executors.java:511)
	at java.util.concurrent.FutureTask.run(FutureTask.java:266)
	at java.util.concurrent.ThreadPoolExecutor.runWorker(ThreadPoolExecutor.java:1149)
	at java.util.concurrent.ThreadPoolExecutor$Worker.run(ThreadPoolExecutor.java:624)
	at java.lang.Thread.run(Thread.java:748)
12:53:35.442 [pool-170-thread-2] ERROR DNAudit - user=null | ip=null | op=PUT_BLOCK {blockData=[blockId=conID: 17 locID: 107544261427200021 bcsId: 0, size=2097152]} | ret=FAILURE
java.lang.Exception: Requested operation not allowed as ContainerState is UNHEALTHY
	at org.apache.hadoop.ozone.container.common.impl.HddsDispatcher.dispatchRequest(HddsDispatcher.java:368) ~[hdds-container-service-1.2.0-SNAPSHOT.jar:?]
	at org.apache.hadoop.ozone.container.common.impl.HddsDispatcher.lambda$dispatch$0(HddsDispatcher.java:169) ~[hdds-container-service-1.2.0-SNAPSHOT.jar:?]
	at org.apache.hadoop.hdds.server.OzoneProtocolMessageDispatcher.processRequest(OzoneProtocolMessageDispatcher.java:87) ~[hdds-server-framework-1.2.0-SNAPSHOT.jar:?]
	at org.apache.hadoop.ozone.container.common.impl.HddsDispatcher.dispatch(HddsDispatcher.java:168) ~[hdds-container-service-1.2.0-SNAPSHOT.jar:?]
	at org.apache.hadoop.ozone.container.common.transport.server.ratis.ContainerStateMachine.dispatchCommand(ContainerStateMachine.java:398) ~[hdds-container-service-1.2.0-SNAPSHOT.jar:?]
	at org.apache.hadoop.ozone.container.common.transport.server.ratis.ContainerStateMachine.runCommand(ContainerStateMachine.java:408) ~[hdds-container-service-1.2.0-SNAPSHOT.jar:?]
	at org.apache.hadoop.ozone.container.common.transport.server.ratis.ContainerStateMachine.lambda$submitTask$6(ContainerStateMachine.java:722) ~[hdds-container-service-1.2.0-SNAPSHOT.jar:?]
	at org.apache.ratis.util.TaskQueue.lambda$submit$0(TaskQueue.java:110) ~[ratis-common-2.1.0.jar:2.1.0]
	at org.apache.ratis.util.LogUtils.runAndLog(LogUtils.java:38) [ratis-common-2.1.0.jar:2.1.0]
	at org.apache.ratis.util.LogUtils$1.run(LogUtils.java:79) [ratis-common-2.1.0.jar:2.1.0]
	at java.util.concurrent.Executors$RunnableAdapter.call(Executors.java:511) [?:1.8.0_292]
	at java.util.concurrent.FutureTask.run(FutureTask.java:266) [?:1.8.0_292]
	at java.util.concurrent.ThreadPoolExecutor.runWorker(ThreadPoolExecutor.java:1149) [?:1.8.0_292]
	at java.util.concurrent.ThreadPoolExecutor$Worker.run(ThreadPoolExecutor.java:624) [?:1.8.0_292]
	at java.lang.Thread.run(Thread.java:748) [?:1.8.0_292]
2021-08-04 12:53:35,442 [pool-170-thread-2] ERROR ratis.ContainerStateMachine (ContainerStateMachine.java:lambda$applyTransaction$8(794)) - gid group-E1F4AFD4610E : ApplyTransaction failed. cmd PutBlock logIndex 135 msg : Requested operation not allowed as ContainerState is UNHEALTHY Container Result: CONTAINER_UNHEALTHY
2021-08-04 12:53:35,442 [pool-170-thread-2] ERROR ratis.XceiverServerRatis (XceiverServerRatis.java:triggerPipelineClose(672)) - pipeline Action CLOSE on pipeline PipelineID=7833fe4e-75cb-4f47-b5d3-e1f4afd4610e.Reason : Ratis Transaction failure in datanode ecba4485-89f3-43d9-9eed-a86080ca2af4 with role FOLLOWER .Triggering pipeline close action.
2021-08-04 12:53:35,440 [Datanode State Machine Thread - 0] WARN  statemachine.StateContext (StateContext.java:execute(621)) - No available thread in pool for past 1 seconds.
2021-08-04 12:53:35,446 [Datanode State Machine Thread - 0] WARN  statemachine.StateContext (StateContext.java:execute(621)) - No available thread in pool for past 1 seconds.
2021-08-04 12:53:35,450 [pool-172-thread-2] ERROR ratis.XceiverServerRatis (XceiverServerRatis.java:triggerPipelineClose(672)) - pipeline Action CLOSE on pipeline PipelineID=7833fe4e-75cb-4f47-b5d3-e1f4afd4610e.Reason : Ratis Transaction failure in datanode a740fbed-e693-489f-a49e-1d40bdde1dba with role FOLLOWER .Triggering pipeline close action.
2021-08-04 12:53:35,454 [pool-172-thread-2] INFO  keyvalue.KeyValueHandler (ContainerUtils.java:logAndReturnError(89)) - Operation: PutBlock , Trace ID:  , Message: Requested operation not allowed as ContainerState is UNHEALTHY , Result: CONTAINER_UNHEALTHY , StorageContainerException Occurred.
org.apache.hadoop.hdds.scm.container.common.helpers.StorageContainerException: Requested operation not allowed as ContainerState is UNHEALTHY
	at org.apache.hadoop.ozone.container.keyvalue.KeyValueHandler.checkContainerOpen(KeyValueHandler.java:894)
	at org.apache.hadoop.ozone.container.keyvalue.KeyValueHandler.handlePutBlock(KeyValueHandler.java:425)
	at org.apache.hadoop.ozone.container.keyvalue.KeyValueHandler.dispatchRequest(KeyValueHandler.java:194)
	at org.apache.hadoop.ozone.container.keyvalue.KeyValueHandler.handle(KeyValueHandler.java:170)
	at org.apache.hadoop.ozone.container.common.impl.HddsDispatcher.dispatchRequest(HddsDispatcher.java:307)
	at org.apache.hadoop.ozone.container.common.impl.HddsDispatcher.lambda$dispatch$0(HddsDispatcher.java:169)
	at org.apache.hadoop.hdds.server.OzoneProtocolMessageDispatcher.processRequest(OzoneProtocolMessageDispatcher.java:87)
	at org.apache.hadoop.ozone.container.common.impl.HddsDispatcher.dispatch(HddsDispatcher.java:168)
	at org.apache.hadoop.ozone.container.common.transport.server.ratis.ContainerStateMachine.dispatchCommand(ContainerStateMachine.java:398)
	at org.apache.hadoop.ozone.container.common.transport.server.ratis.ContainerStateMachine.runCommand(ContainerStateMachine.java:408)
	at org.apache.hadoop.ozone.container.common.transport.server.ratis.ContainerStateMachine.lambda$submitTask$6(ContainerStateMachine.java:722)
	at org.apache.ratis.util.TaskQueue.lambda$submit$0(TaskQueue.java:110)
	at org.apache.ratis.util.LogUtils.runAndLog(LogUtils.java:38)
	at org.apache.ratis.util.LogUtils$1.run(LogUtils.java:79)
	at java.util.concurrent.Executors$RunnableAdapter.call(Executors.java:511)
	at java.util.concurrent.FutureTask.run(FutureTask.java:266)
	at java.util.concurrent.ThreadPoolExecutor.runWorker(ThreadPoolExecutor.java:1149)
	at java.util.concurrent.ThreadPoolExecutor$Worker.run(ThreadPoolExecutor.java:624)
	at java.lang.Thread.run(Thread.java:748)
12:53:35.455 [pool-172-thread-2] ERROR DNAudit - user=null | ip=null | op=PUT_BLOCK {blockData=[blockId=conID: 17 locID: 107544261427200021 bcsId: 0, size=2097152]} | ret=FAILURE
java.lang.Exception: Requested operation not allowed as ContainerState is UNHEALTHY
	at org.apache.hadoop.ozone.container.common.impl.HddsDispatcher.dispatchRequest(HddsDispatcher.java:368) ~[hdds-container-service-1.2.0-SNAPSHOT.jar:?]
	at org.apache.hadoop.ozone.container.common.impl.HddsDispatcher.lambda$dispatch$0(HddsDispatcher.java:169) ~[hdds-container-service-1.2.0-SNAPSHOT.jar:?]
	at org.apache.hadoop.hdds.server.OzoneProtocolMessageDispatcher.processRequest(OzoneProtocolMessageDispatcher.java:87) ~[hdds-server-framework-1.2.0-SNAPSHOT.jar:?]
	at org.apache.hadoop.ozone.container.common.impl.HddsDispatcher.dispatch(HddsDispatcher.java:168) ~[hdds-container-service-1.2.0-SNAPSHOT.jar:?]
	at org.apache.hadoop.ozone.container.common.transport.server.ratis.ContainerStateMachine.dispatchCommand(ContainerStateMachine.java:398) ~[hdds-container-service-1.2.0-SNAPSHOT.jar:?]
	at org.apache.hadoop.ozone.container.common.transport.server.ratis.ContainerStateMachine.runCommand(ContainerStateMachine.java:408) ~[hdds-container-service-1.2.0-SNAPSHOT.jar:?]
	at org.apache.hadoop.ozone.container.common.transport.server.ratis.ContainerStateMachine.lambda$submitTask$6(ContainerStateMachine.java:722) ~[hdds-container-service-1.2.0-SNAPSHOT.jar:?]
	at org.apache.ratis.util.TaskQueue.lambda$submit$0(TaskQueue.java:110) ~[ratis-common-2.1.0.jar:2.1.0]
	at org.apache.ratis.util.LogUtils.runAndLog(LogUtils.java:38) [ratis-common-2.1.0.jar:2.1.0]
	at org.apache.ratis.util.LogUtils$1.run(LogUtils.java:79) [ratis-common-2.1.0.jar:2.1.0]
	at java.util.concurrent.Executors$RunnableAdapter.call(Executors.java:511) [?:1.8.0_292]
	at java.util.concurrent.FutureTask.run(FutureTask.java:266) [?:1.8.0_292]
	at java.util.concurrent.ThreadPoolExecutor.runWorker(ThreadPoolExecutor.java:1149) [?:1.8.0_292]
	at java.util.concurrent.ThreadPoolExecutor$Worker.run(ThreadPoolExecutor.java:624) [?:1.8.0_292]
	at java.lang.Thread.run(Thread.java:748) [?:1.8.0_292]
2021-08-04 12:53:35,457 [pool-172-thread-2] ERROR ratis.ContainerStateMachine (ContainerStateMachine.java:lambda$applyTransaction$8(794)) - gid group-E1F4AFD4610E : ApplyTransaction failed. cmd PutBlock logIndex 135 msg : Requested operation not allowed as ContainerState is UNHEALTHY Container Result: CONTAINER_UNHEALTHY
2021-08-04 12:53:35,457 [pool-172-thread-2] ERROR ratis.XceiverServerRatis (XceiverServerRatis.java:triggerPipelineClose(672)) - pipeline Action CLOSE on pipeline PipelineID=7833fe4e-75cb-4f47-b5d3-e1f4afd4610e.Reason : Ratis Transaction failure in datanode a740fbed-e693-489f-a49e-1d40bdde1dba with role FOLLOWER .Triggering pipeline close action.
2021-08-04 12:53:35,482 [ChunkWriter-2-0] INFO  keyvalue.KeyValueHandler (ContainerUtils.java:logAndReturnError(89)) - Operation: WriteChunk , Trace ID:  , Message: Requested operation not allowed as ContainerState is UNHEALTHY , Result: CONTAINER_UNHEALTHY , StorageContainerException Occurred.
org.apache.hadoop.hdds.scm.container.common.helpers.StorageContainerException: Requested operation not allowed as ContainerState is UNHEALTHY
	at org.apache.hadoop.ozone.container.keyvalue.KeyValueHandler.checkContainerOpen(KeyValueHandler.java:894)
	at org.apache.hadoop.ozone.container.keyvalue.KeyValueHandler.handleWriteChunk(KeyValueHandler.java:683)
	at org.apache.hadoop.ozone.container.keyvalue.KeyValueHandler.dispatchRequest(KeyValueHandler.java:206)
	at org.apache.hadoop.ozone.container.keyvalue.KeyValueHandler.handle(KeyValueHandler.java:170)
	at org.apache.hadoop.ozone.container.common.impl.HddsDispatcher.dispatchRequest(HddsDispatcher.java:307)
	at org.apache.hadoop.ozone.container.common.impl.HddsDispatcher.lambda$dispatch$0(HddsDispatcher.java:169)
	at org.apache.hadoop.hdds.server.OzoneProtocolMessageDispatcher.processRequest(OzoneProtocolMessageDispatcher.java:87)
	at org.apache.hadoop.ozone.container.common.impl.HddsDispatcher.dispatch(HddsDispatcher.java:168)
	at org.apache.hadoop.ozone.container.common.transport.server.ratis.ContainerStateMachine.dispatchCommand(ContainerStateMachine.java:398)
	at org.apache.hadoop.ozone.container.common.transport.server.ratis.ContainerStateMachine.runCommand(ContainerStateMachine.java:408)
	at org.apache.hadoop.ozone.container.common.transport.server.ratis.ContainerStateMachine.lambda$handleWriteChunk$1(ContainerStateMachine.java:439)
	at java.util.concurrent.CompletableFuture$AsyncSupply.run(CompletableFuture.java:1604)
	at java.util.concurrent.ThreadPoolExecutor.runWorker(ThreadPoolExecutor.java:1149)
	at java.util.concurrent.ThreadPoolExecutor$Worker.run(ThreadPoolExecutor.java:624)
	at java.lang.Thread.run(Thread.java:748)
2021-08-04 12:53:35,482 [ChunkWriter-2-0] INFO  keyvalue.KeyValueHandler (ContainerUtils.java:logAndReturnError(89)) - Operation: WriteChunk , Trace ID:  , Message: Requested operation not allowed as ContainerState is UNHEALTHY , Result: CONTAINER_UNHEALTHY , StorageContainerException Occurred.
org.apache.hadoop.hdds.scm.container.common.helpers.StorageContainerException: Requested operation not allowed as ContainerState is UNHEALTHY
	at org.apache.hadoop.ozone.container.keyvalue.KeyValueHandler.checkContainerOpen(KeyValueHandler.java:894)
	at org.apache.hadoop.ozone.container.keyvalue.KeyValueHandler.handleWriteChunk(KeyValueHandler.java:683)
	at org.apache.hadoop.ozone.container.keyvalue.KeyValueHandler.dispatchRequest(KeyValueHandler.java:206)
	at org.apache.hadoop.ozone.container.keyvalue.KeyValueHandler.handle(KeyValueHandler.java:170)
	at org.apache.hadoop.ozone.container.common.impl.HddsDispatcher.dispatchRequest(HddsDispatcher.java:307)
	at org.apache.hadoop.ozone.container.common.impl.HddsDispatcher.lambda$dispatch$0(HddsDispatcher.java:169)
	at org.apache.hadoop.hdds.server.OzoneProtocolMessageDispatcher.processRequest(OzoneProtocolMessageDispatcher.java:87)
	at org.apache.hadoop.ozone.container.common.impl.HddsDispatcher.dispatch(HddsDispatcher.java:168)
	at org.apache.hadoop.ozone.container.common.transport.server.ratis.ContainerStateMachine.dispatchCommand(ContainerStateMachine.java:398)
	at org.apache.hadoop.ozone.container.common.transport.server.ratis.ContainerStateMachine.runCommand(ContainerStateMachine.java:408)
	at org.apache.hadoop.ozone.container.common.transport.server.ratis.ContainerStateMachine.lambda$handleWriteChunk$1(ContainerStateMachine.java:439)
	at java.util.concurrent.CompletableFuture$AsyncSupply.run(CompletableFuture.java:1604)
	at java.util.concurrent.ThreadPoolExecutor.runWorker(ThreadPoolExecutor.java:1149)
	at java.util.concurrent.ThreadPoolExecutor$Worker.run(ThreadPoolExecutor.java:624)
	at java.lang.Thread.run(Thread.java:748)
12:53:35.482 [ChunkWriter-2-0] ERROR DNAudit - user=null | ip=null | op=WRITE_CHUNK {blockData=conID: 17 locID: 107544261427200021 bcsId: 135} | ret=FAILURE
java.lang.Exception: Requested operation not allowed as ContainerState is UNHEALTHY
	at org.apache.hadoop.ozone.container.common.impl.HddsDispatcher.dispatchRequest(HddsDispatcher.java:368) ~[hdds-container-service-1.2.0-SNAPSHOT.jar:?]
	at org.apache.hadoop.ozone.container.common.impl.HddsDispatcher.lambda$dispatch$0(HddsDispatcher.java:169) ~[hdds-container-service-1.2.0-SNAPSHOT.jar:?]
	at org.apache.hadoop.hdds.server.OzoneProtocolMessageDispatcher.processRequest(OzoneProtocolMessageDispatcher.java:87) ~[hdds-server-framework-1.2.0-SNAPSHOT.jar:?]
	at org.apache.hadoop.ozone.container.common.impl.HddsDispatcher.dispatch(HddsDispatcher.java:168) ~[hdds-container-service-1.2.0-SNAPSHOT.jar:?]
	at org.apache.hadoop.ozone.container.common.transport.server.ratis.ContainerStateMachine.dispatchCommand(ContainerStateMachine.java:398) ~[hdds-container-service-1.2.0-SNAPSHOT.jar:?]
	at org.apache.hadoop.ozone.container.common.transport.server.ratis.ContainerStateMachine.runCommand(ContainerStateMachine.java:408) ~[hdds-container-service-1.2.0-SNAPSHOT.jar:?]
	at org.apache.hadoop.ozone.container.common.transport.server.ratis.ContainerStateMachine.lambda$handleWriteChunk$1(ContainerStateMachine.java:439) ~[hdds-container-service-1.2.0-SNAPSHOT.jar:?]
	at java.util.concurrent.CompletableFuture$AsyncSupply.run(CompletableFuture.java:1604) [?:1.8.0_292]
	at java.util.concurrent.ThreadPoolExecutor.runWorker(ThreadPoolExecutor.java:1149) [?:1.8.0_292]
	at java.util.concurrent.ThreadPoolExecutor$Worker.run(ThreadPoolExecutor.java:624) [?:1.8.0_292]
	at java.lang.Thread.run(Thread.java:748) [?:1.8.0_292]
12:53:35.483 [ChunkWriter-2-0] ERROR DNAudit - user=null | ip=null | op=WRITE_CHUNK {blockData=conID: 17 locID: 107544261427200021 bcsId: 135} | ret=FAILURE
java.lang.Exception: Requested operation not allowed as ContainerState is UNHEALTHY
	at org.apache.hadoop.ozone.container.common.impl.HddsDispatcher.dispatchRequest(HddsDispatcher.java:368) ~[hdds-container-service-1.2.0-SNAPSHOT.jar:?]
	at org.apache.hadoop.ozone.container.common.impl.HddsDispatcher.lambda$dispatch$0(HddsDispatcher.java:169) ~[hdds-container-service-1.2.0-SNAPSHOT.jar:?]
	at org.apache.hadoop.hdds.server.OzoneProtocolMessageDispatcher.processRequest(OzoneProtocolMessageDispatcher.java:87) ~[hdds-server-framework-1.2.0-SNAPSHOT.jar:?]
	at org.apache.hadoop.ozone.container.common.impl.HddsDispatcher.dispatch(HddsDispatcher.java:168) ~[hdds-container-service-1.2.0-SNAPSHOT.jar:?]
	at org.apache.hadoop.ozone.container.common.transport.server.ratis.ContainerStateMachine.dispatchCommand(ContainerStateMachine.java:398) ~[hdds-container-service-1.2.0-SNAPSHOT.jar:?]
	at org.apache.hadoop.ozone.container.common.transport.server.ratis.ContainerStateMachine.runCommand(ContainerStateMachine.java:408) ~[hdds-container-service-1.2.0-SNAPSHOT.jar:?]
	at org.apache.hadoop.ozone.container.common.transport.server.ratis.ContainerStateMachine.lambda$handleWriteChunk$1(ContainerStateMachine.java:439) ~[hdds-container-service-1.2.0-SNAPSHOT.jar:?]
	at java.util.concurrent.CompletableFuture$AsyncSupply.run(CompletableFuture.java:1604) [?:1.8.0_292]
	at java.util.concurrent.ThreadPoolExecutor.runWorker(ThreadPoolExecutor.java:1149) [?:1.8.0_292]
	at java.util.concurrent.ThreadPoolExecutor$Worker.run(ThreadPoolExecutor.java:624) [?:1.8.0_292]
	at java.lang.Thread.run(Thread.java:748) [?:1.8.0_292]
2021-08-04 12:53:35,486 [ChunkWriter-2-0] ERROR ratis.ContainerStateMachine (ContainerStateMachine.java:lambda$handleWriteChunk$2(467)) - group-E1F4AFD4610E: writeChunk writeStateMachineData failed: blockIdcontainerID: 17
localID: 107544261427200021
blockCommitSequenceId: 135
 logIndex 140 chunkName 107544261427200021_chunk_3 Error message: Requested operation not allowed as ContainerState is UNHEALTHY Container Result: CONTAINER_UNHEALTHY
2021-08-04 12:53:35,486 [ChunkWriter-2-0] ERROR ratis.ContainerStateMachine (ContainerStateMachine.java:lambda$handleWriteChunk$2(467)) - group-E1F4AFD4610E: writeChunk writeStateMachineData failed: blockIdcontainerID: 17
localID: 107544261427200021
blockCommitSequenceId: 135
 logIndex 140 chunkName 107544261427200021_chunk_3 Error message: Requested operation not allowed as ContainerState is UNHEALTHY Container Result: CONTAINER_UNHEALTHY
2021-08-04 12:53:35,486 [ecba4485-89f3-43d9-9eed-a86080ca2af4@group-E1F4AFD4610E-SegmentedRaftLogWorker] ERROR ratis.XceiverServerRatis (XceiverServerRatis.java:triggerPipelineClose(672)) - pipeline Action CLOSE on pipeline PipelineID=7833fe4e-75cb-4f47-b5d3-e1f4afd4610e.Reason : Requested operation not allowed as ContainerState is UNHEALTHY
2021-08-04 12:53:35,486 [EventQueue-PipelineActionsForPipelineActionHandler] INFO  pipeline.PipelineActionHandler (PipelineActionHandler.java:processPipelineAction(82)) - Received pipeline action CLOSE for PipelineID=7833fe4e-75cb-4f47-b5d3-e1f4afd4610e from datanode a740fbed-e693-489f-a49e-1d40bdde1dba. Reason : Ratis Transaction failure in datanode a740fbed-e693-489f-a49e-1d40bdde1dba with role FOLLOWER .Triggering pipeline close action.
2021-08-04 12:53:35,487 [EventQueue-PipelineActionsForPipelineActionHandler] INFO  pipeline.PipelineManagerV2Impl (PipelineManagerV2Impl.java:closePipeline(343)) - Pipeline Pipeline[ Id: 7833fe4e-75cb-4f47-b5d3-e1f4afd4610e, Nodes: ecba4485-89f3-43d9-9eed-a86080ca2af4{ip: 10.1.0.56, host: fv-az294-656.eaanfquahm5ulb5tj050gcxych.jx.internal.cloudapp.net, ports: [REPLICATION=46339, RATIS=41981, RATIS_ADMIN=41981, RATIS_SERVER=41981, STANDALONE=46613], networkLocation: /default-rack, certSerialId: null, persistedOpState: IN_SERVICE, persistedOpStateExpiryEpochSec: 0}88f0382f-d36c-4133-a67a-5fc0f01e0506{ip: 10.1.0.56, host: fv-az294-656.eaanfquahm5ulb5tj050gcxych.jx.internal.cloudapp.net, ports: [REPLICATION=38965, RATIS=40599, RATIS_ADMIN=40599, RATIS_SERVER=40599, STANDALONE=43317], networkLocation: /default-rack, certSerialId: null, persistedOpState: IN_SERVICE, persistedOpStateExpiryEpochSec: 0}a740fbed-e693-489f-a49e-1d40bdde1dba{ip: 10.1.0.56, host: fv-az294-656.eaanfquahm5ulb5tj050gcxych.jx.internal.cloudapp.net, ports: [REPLICATION=34881, RATIS=33891, RATIS_ADMIN=33891, RATIS_SERVER=33891, STANDALONE=43951], networkLocation: /default-rack, certSerialId: null, persistedOpState: IN_SERVICE, persistedOpStateExpiryEpochSec: 0}, ReplicationConfig: RATIS/THREE, State:OPEN, leaderId:88f0382f-d36c-4133-a67a-5fc0f01e0506, CreationTimestamp2021-08-04T12:52:58.765Z[Etc/UTC]] moved to CLOSED state
2021-08-04 12:53:35,487 [EventQueue-PipelineActionsForPipelineActionHandler] INFO  pipeline.RatisPipelineProvider (RatisPipelineProvider.java:lambda$close$1(222)) - Send pipeline:PipelineID=7833fe4e-75cb-4f47-b5d3-e1f4afd4610e close command to datanode ecba4485-89f3-43d9-9eed-a86080ca2af4
2021-08-04 12:53:35,488 [EventQueue-PipelineActionsForPipelineActionHandler] INFO  pipeline.RatisPipelineProvider (RatisPipelineProvider.java:lambda$close$1(222)) - Send pipeline:PipelineID=7833fe4e-75cb-4f47-b5d3-e1f4afd4610e close command to datanode 88f0382f-d36c-4133-a67a-5fc0f01e0506
2021-08-04 12:53:35,488 [EventQueue-PipelineActionsForPipelineActionHandler] INFO  pipeline.RatisPipelineProvider (RatisPipelineProvider.java:lambda$close$1(222)) - Send pipeline:PipelineID=7833fe4e-75cb-4f47-b5d3-e1f4afd4610e close command to datanode a740fbed-e693-489f-a49e-1d40bdde1dba
2021-08-04 12:53:35,488 [EventQueue-PipelineActionsForPipelineActionHandler] INFO  pipeline.PipelineStateManager (PipelineStateManagerV2Impl.java:removePipeline(211)) - Pipeline Pipeline[ Id: 7833fe4e-75cb-4f47-b5d3-e1f4afd4610e, Nodes: ecba4485-89f3-43d9-9eed-a86080ca2af4{ip: 10.1.0.56, host: fv-az294-656.eaanfquahm5ulb5tj050gcxych.jx.internal.cloudapp.net, ports: [REPLICATION=46339, RATIS=41981, RATIS_ADMIN=41981, RATIS_SERVER=41981, STANDALONE=46613], networkLocation: /default-rack, certSerialId: null, persistedOpState: IN_SERVICE, persistedOpStateExpiryEpochSec: 0}88f0382f-d36c-4133-a67a-5fc0f01e0506{ip: 10.1.0.56, host: fv-az294-656.eaanfquahm5ulb5tj050gcxych.jx.internal.cloudapp.net, ports: [REPLICATION=38965, RATIS=40599, RATIS_ADMIN=40599, RATIS_SERVER=40599, STANDALONE=43317], networkLocation: /default-rack, certSerialId: null, persistedOpState: IN_SERVICE, persistedOpStateExpiryEpochSec: 0}a740fbed-e693-489f-a49e-1d40bdde1dba{ip: 10.1.0.56, host: fv-az294-656.eaanfquahm5ulb5tj050gcxych.jx.internal.cloudapp.net, ports: [REPLICATION=34881, RATIS=33891, RATIS_ADMIN=33891, RATIS_SERVER=33891, STANDALONE=43951], networkLocation: /default-rack, certSerialId: null, persistedOpState: IN_SERVICE, persistedOpStateExpiryEpochSec: 0}, ReplicationConfig: RATIS/THREE, State:CLOSED, leaderId:88f0382f-d36c-4133-a67a-5fc0f01e0506, CreationTimestamp2021-08-04T12:52:58.765Z[Etc/UTC]] removed.
2021-08-04 12:53:35,488 [EventQueue-PipelineActionsForPipelineActionHandler] INFO  pipeline.PipelineActionHandler (PipelineActionHandler.java:processPipelineAction(82)) - Received pipeline action CLOSE for PipelineID=7833fe4e-75cb-4f47-b5d3-e1f4afd4610e from datanode ecba4485-89f3-43d9-9eed-a86080ca2af4. Reason : Ratis Transaction failure in datanode ecba4485-89f3-43d9-9eed-a86080ca2af4 with role FOLLOWER .Triggering pipeline close action.
2021-08-04 12:53:35,489 [EventQueue-PipelineActionsForPipelineActionHandler] WARN  pipeline.PipelineActionHandler (PipelineActionHandler.java:processPipelineAction(93)) - Pipeline action CLOSE received for unknown pipeline PipelineID=7833fe4e-75cb-4f47-b5d3-e1f4afd4610e, firing close pipeline event.
2021-08-04 12:53:35,489 [ChunkWriter-2-0] INFO  keyvalue.KeyValueHandler (ContainerUtils.java:logAndReturnError(89)) - Operation: WriteChunk , Trace ID:  , Message: java.io.IOException: No space left on device , Result: IO_EXCEPTION , StorageContainerException Occurred.
org.apache.hadoop.hdds.scm.container.common.helpers.StorageContainerException: java.io.IOException: No space left on device
	at org.apache.hadoop.ozone.container.keyvalue.helpers.ChunkUtils.wrapInStorageContainerException(ChunkUtils.java:357)
	at org.apache.hadoop.ozone.container.keyvalue.helpers.ChunkUtils.writeData(ChunkUtils.java:128)
	at org.apache.hadoop.ozone.container.keyvalue.helpers.ChunkUtils.writeData(ChunkUtils.java:112)
	at org.apache.hadoop.ozone.container.keyvalue.impl.FilePerBlockStrategy.writeChunk(FilePerBlockStrategy.java:138)
	at org.apache.hadoop.ozone.container.keyvalue.impl.ChunkManagerDispatcher.writeChunk(ChunkManagerDispatcher.java:74)
	at org.apache.hadoop.ozone.container.keyvalue.KeyValueHandler.handleWriteChunk(KeyValueHandler.java:703)
	at org.apache.hadoop.ozone.container.keyvalue.KeyValueHandler.dispatchRequest(KeyValueHandler.java:206)
	at org.apache.hadoop.ozone.container.keyvalue.KeyValueHandler.handle(KeyValueHandler.java:170)
	at org.apache.hadoop.ozone.container.common.impl.HddsDispatcher.dispatchRequest(HddsDispatcher.java:307)
	at org.apache.hadoop.ozone.container.common.impl.HddsDispatcher.lambda$dispatch$0(HddsDispatcher.java:169)
	at org.apache.hadoop.hdds.server.OzoneProtocolMessageDispatcher.processRequest(OzoneProtocolMessageDispatcher.java:87)
	at org.apache.hadoop.ozone.container.common.impl.HddsDispatcher.dispatch(HddsDispatcher.java:168)
	at org.apache.hadoop.ozone.container.common.transport.server.ratis.ContainerStateMachine.dispatchCommand(ContainerStateMachine.java:398)
	at org.apache.hadoop.ozone.container.common.transport.server.ratis.ContainerStateMachine.runCommand(ContainerStateMachine.java:408)
	at org.apache.hadoop.ozone.container.common.transport.server.ratis.ContainerStateMachine.lambda$handleWriteChunk$1(ContainerStateMachine.java:439)
	at java.util.concurrent.CompletableFuture$AsyncSupply.run(CompletableFuture.java:1604)
	at java.util.concurrent.ThreadPoolExecutor.runWorker(ThreadPoolExecutor.java:1149)
	at java.util.concurrent.ThreadPoolExecutor$Worker.run(ThreadPoolExecutor.java:624)
	at java.lang.Thread.run(Thread.java:748)
Caused by: java.io.IOException: No space left on device
	at sun.nio.ch.FileDispatcherImpl.writev0(Native Method)
	at sun.nio.ch.FileDispatcherImpl.writev(FileDispatcherImpl.java:72)
	at sun.nio.ch.IOUtil.write(IOUtil.java:148)
	at sun.nio.ch.FileChannelImpl.write(FileChannelImpl.java:239)
	at java.nio.channels.FileChannel.write(FileChannel.java:414)
	at org.apache.hadoop.ozone.common.ChunkBufferImplWithByteBufferList.writeTo(ChunkBufferImplWithByteBufferList.java:213)
	at org.apache.hadoop.ozone.container.keyvalue.helpers.ChunkUtils.writeDataToChannel(ChunkUtils.java:168)
	at org.apache.hadoop.ozone.container.keyvalue.helpers.ChunkUtils.lambda$writeData$1(ChunkUtils.java:113)
	at org.apache.hadoop.ozone.container.keyvalue.helpers.ChunkUtils.writeData(ChunkUtils.java:125)
	... 17 more
2021-08-04 12:53:35,491 [EventQueue-CloseContainerForCloseContainerEventHandler] INFO  container.CloseContainerEventHandler (CloseContainerEventHandler.java:onMessage(69)) - Close container Event triggered for container : #4
2021-08-04 12:53:35,491 [EventQueue-CloseContainerForCloseContainerEventHandler] INFO  pipeline.PipelineStateManager (PipelineStateManagerV2Impl.java:removeContainerFromPipeline(237)) - Pipeline PipelineID=7833fe4e-75cb-4f47-b5d3-e1f4afd4610e is not found in the pipeline2ContainerMap. Pipeline may have been closed already.
2021-08-04 12:53:35,492 [EventQueue-CloseContainerForCloseContainerEventHandler] INFO  container.CloseContainerEventHandler (CloseContainerEventHandler.java:onMessage(69)) - Close container Event triggered for container : #13
2021-08-04 12:53:35,492 [EventQueue-CloseContainerForCloseContainerEventHandler] INFO  pipeline.PipelineStateManager (PipelineStateManagerV2Impl.java:removeContainerFromPipeline(237)) - Pipeline PipelineID=7833fe4e-75cb-4f47-b5d3-e1f4afd4610e is not found in the pipeline2ContainerMap. Pipeline may have been closed already.
2021-08-04 12:53:35,493 [EventQueue-CloseContainerForCloseContainerEventHandler] INFO  container.CloseContainerEventHandler (CloseContainerEventHandler.java:onMessage(69)) - Close container Event triggered for container : #17
2021-08-04 12:53:35,493 [EventQueue-CloseContainerForCloseContainerEventHandler] INFO  pipeline.PipelineStateManager (PipelineStateManagerV2Impl.java:removeContainerFromPipeline(237)) - Pipeline PipelineID=7833fe4e-75cb-4f47-b5d3-e1f4afd4610e is not found in the pipeline2ContainerMap. Pipeline may have been closed already.
2021-08-04 12:53:35,493 [EventQueue-CloseContainerForCloseContainerEventHandler] INFO  container.CloseContainerEventHandler (CloseContainerEventHandler.java:onMessage(69)) - Close container Event triggered for container : #17
2021-08-04 12:53:35,493 [EventQueue-CloseContainerForCloseContainerEventHandler] INFO  container.CloseContainerEventHandler (CloseContainerEventHandler.java:onMessage(69)) - Close container Event triggered for container : #17
2021-08-04 12:53:35,495 [a740fbed-e693-489f-a49e-1d40bdde1dba@group-E1F4AFD4610E-SegmentedRaftLogWorker] ERROR ratis.XceiverServerRatis (XceiverServerRatis.java:triggerPipelineClose(672)) - pipeline Action CLOSE on pipeline PipelineID=7833fe4e-75cb-4f47-b5d3-e1f4afd4610e.Reason : Requested operation not allowed as ContainerState is UNHEALTHY
2021-08-04 12:53:35,506 [ChunkWriter-2-0] ERROR ratis.ContainerStateMachine (ContainerStateMachine.java:lambda$handleWriteChunk$1(441)) - group-E1F4AFD4610E: writeChunk writeStateMachineData failed: blockIdcontainerID: 17
localID: 107544261427200021
blockCommitSequenceId: 135
 logIndex 140 chunkName 107544261427200021_chunk_3
org.yaml.snakeyaml.error.YAMLException: java.io.IOException: No space left on device
	at org.yaml.snakeyaml.Yaml.dumpAll(Yaml.java:280)
	at org.yaml.snakeyaml.Yaml.dump(Yaml.java:256)
	at org.apache.hadoop.ozone.container.common.impl.ContainerDataYaml.createContainerFile(ContainerDataYaml.java:96)
	at org.apache.hadoop.ozone.container.keyvalue.KeyValueContainer.writeToContainerFile(KeyValueContainer.java:220)
	at org.apache.hadoop.ozone.container.keyvalue.KeyValueContainer.updateContainerFile(KeyValueContainer.java:255)
	at org.apache.hadoop.ozone.container.keyvalue.KeyValueContainer.updateContainerData(KeyValueContainer.java:366)
	at org.apache.hadoop.ozone.container.keyvalue.KeyValueContainer.markContainerUnhealthy(KeyValueContainer.java:297)
	at org.apache.hadoop.ozone.container.keyvalue.KeyValueHandler.markContainerUnhealthy(KeyValueHandler.java:947)
	at org.apache.hadoop.ozone.container.common.impl.HddsDispatcher.dispatchRequest(HddsDispatcher.java:350)
	at org.apache.hadoop.ozone.container.common.impl.HddsDispatcher.lambda$dispatch$0(HddsDispatcher.java:169)
	at org.apache.hadoop.hdds.server.OzoneProtocolMessageDispatcher.processRequest(OzoneProtocolMessageDispatcher.java:87)
	at org.apache.hadoop.ozone.container.common.impl.HddsDispatcher.dispatch(HddsDispatcher.java:168)
	at org.apache.hadoop.ozone.container.common.transport.server.ratis.ContainerStateMachine.dispatchCommand(ContainerStateMachine.java:398)
	at org.apache.hadoop.ozone.container.common.transport.server.ratis.ContainerStateMachine.runCommand(ContainerStateMachine.java:408)
	at org.apache.hadoop.ozone.container.common.transport.server.ratis.ContainerStateMachine.lambda$handleWriteChunk$1(ContainerStateMachine.java:439)
	at java.util.concurrent.CompletableFuture$AsyncSupply.run(CompletableFuture.java:1604)
	at java.util.concurrent.ThreadPoolExecutor.runWorker(ThreadPoolExecutor.java:1149)
	at java.util.concurrent.ThreadPoolExecutor$Worker.run(ThreadPoolExecutor.java:624)
	at java.lang.Thread.run(Thread.java:748)
Caused by: java.io.IOException: No space left on device
	at java.io.FileOutputStream.writeBytes(Native Method)
	at java.io.FileOutputStream.write(FileOutputStream.java:326)
	at sun.nio.cs.StreamEncoder.writeBytes(StreamEncoder.java:221)
	at sun.nio.cs.StreamEncoder.implFlushBuffer(StreamEncoder.java:291)
	at sun.nio.cs.StreamEncoder.implFlush(StreamEncoder.java:295)
	at sun.nio.cs.StreamEncoder.flush(StreamEncoder.java:141)
	at java.io.OutputStreamWriter.flush(OutputStreamWriter.java:229)
	at org.yaml.snakeyaml.emitter.Emitter.flushStream(Emitter.java:1078)
	at org.yaml.snakeyaml.emitter.Emitter$ExpectDocumentEnd.expect(Emitter.java:368)
	at org.yaml.snakeyaml.emitter.Emitter.emit(Emitter.java:220)
	at org.yaml.snakeyaml.serializer.Serializer.serialize(Serializer.java:115)
	at org.yaml.snakeyaml.Yaml.dumpAll(Yaml.java:276)
	... 18 more
2021-08-04 12:53:35,513 [EventQueue-PipelineActionsForPipelineActionHandler] INFO  pipeline.PipelineActionHandler (PipelineActionHandler.java:processPipelineAction(82)) - Received pipeline action CLOSE for PipelineID=7833fe4e-75cb-4f47-b5d3-e1f4afd4610e from datanode ecba4485-89f3-43d9-9eed-a86080ca2af4. Reason : Ratis Transaction failure in datanode ecba4485-89f3-43d9-9eed-a86080ca2af4 with role FOLLOWER .Triggering pipeline close action.
2021-08-04 12:53:35,517 [EventQueue-PipelineActionsForPipelineActionHandler] WARN  pipeline.PipelineActionHandler (PipelineActionHandler.java:processPipelineAction(93)) - Pipeline action CLOSE received for unknown pipeline PipelineID=7833fe4e-75cb-4f47-b5d3-e1f4afd4610e, firing close pipeline event.
2021-08-04 12:53:35,517 [EventQueue-PipelineActionsForPipelineActionHandler] INFO  pipeline.PipelineActionHandler (PipelineActionHandler.java:processPipelineAction(82)) - Received pipeline action CLOSE for PipelineID=7833fe4e-75cb-4f47-b5d3-e1f4afd4610e from datanode a740fbed-e693-489f-a49e-1d40bdde1dba. Reason : Ratis Transaction failure in datanode a740fbed-e693-489f-a49e-1d40bdde1dba with role FOLLOWER .Triggering pipeline close action.
2021-08-04 12:53:35,517 [EventQueue-PipelineActionsForPipelineActionHandler] WARN  pipeline.PipelineActionHandler (PipelineActionHandler.java:processPipelineAction(93)) - Pipeline action CLOSE received for unknown pipeline PipelineID=7833fe4e-75cb-4f47-b5d3-e1f4afd4610e, firing close pipeline event.
2021-08-04 12:53:35,522 [EventQueue-PipelineActionsForPipelineActionHandler] INFO  pipeline.PipelineActionHandler (PipelineActionHandler.java:processPipelineAction(82)) - Received pipeline action CLOSE for PipelineID=7833fe4e-75cb-4f47-b5d3-e1f4afd4610e from datanode a740fbed-e693-489f-a49e-1d40bdde1dba. Reason : Requested operation not allowed as ContainerState is UNHEALTHY
2021-08-04 12:53:35,522 [EventQueue-PipelineActionsForPipelineActionHandler] WARN  pipeline.PipelineActionHandler (PipelineActionHandler.java:processPipelineAction(93)) - Pipeline action CLOSE received for unknown pipeline PipelineID=7833fe4e-75cb-4f47-b5d3-e1f4afd4610e, firing close pipeline event.
2021-08-04 12:53:35,523 [Datanode State Machine Thread - 0] WARN  statemachine.StateContext (StateContext.java:execute(621)) - No available thread in pool for past 1 seconds.
2021-08-04 12:53:35,524 [EventQueue-PipelineActionsForPipelineActionHandler] INFO  pipeline.PipelineActionHandler (PipelineActionHandler.java:processPipelineAction(82)) - Received pipeline action CLOSE for PipelineID=7833fe4e-75cb-4f47-b5d3-e1f4afd4610e from datanode ecba4485-89f3-43d9-9eed-a86080ca2af4. Reason : Requested operation not allowed as ContainerState is UNHEALTHY
2021-08-04 12:53:35,524 [EventQueue-PipelineActionsForPipelineActionHandler] WARN  pipeline.PipelineActionHandler (PipelineActionHandler.java:processPipelineAction(93)) - Pipeline action CLOSE received for unknown pipeline PipelineID=7833fe4e-75cb-4f47-b5d3-e1f4afd4610e, firing close pipeline event.
2021-08-04 12:53:35,524 [EventQueue-CloseContainerForCloseContainerEventHandler] INFO  container.CloseContainerEventHandler (CloseContainerEventHandler.java:onMessage(69)) - Close container Event triggered for container : #17
2021-08-04 12:53:35,524 [EventQueue-CloseContainerForCloseContainerEventHandler] INFO  container.CloseContainerEventHandler (CloseContainerEventHandler.java:onMessage(69)) - Close container Event triggered for container : #17
2021-08-04 12:53:35,525 [EventQueue-CloseContainerForCloseContainerEventHandler] INFO  container.CloseContainerEventHandler (CloseContainerEventHandler.java:onMessage(69)) - Close container Event triggered for container : #17
2021-08-04 12:53:35,538 [88f0382f-d36c-4133-a67a-5fc0f01e0506@group-E1F4AFD4610E-SegmentedRaftLogWorker] ERROR ratis.XceiverServerRatis (XceiverServerRatis.java:triggerPipelineClose(672)) - pipeline Action CLOSE on pipeline PipelineID=7833fe4e-75cb-4f47-b5d3-e1f4afd4610e.Reason : org.yaml.snakeyaml.error.YAMLException: java.io.IOException: No space left on device
2021-08-04 12:53:35,542 [EventQueue-PipelineActionsForPipelineActionHandler] INFO  pipeline.PipelineActionHandler (PipelineActionHandler.java:processPipelineAction(82)) - Received pipeline action CLOSE for PipelineID=7833fe4e-75cb-4f47-b5d3-e1f4afd4610e from datanode 88f0382f-d36c-4133-a67a-5fc0f01e0506. Reason : org.yaml.snakeyaml.error.YAMLException: java.io.IOException: No space left on device
2021-08-04 12:53:35,542 [EventQueue-PipelineActionsForPipelineActionHandler] WARN  pipeline.PipelineActionHandler (PipelineActionHandler.java:processPipelineAction(93)) - Pipeline action CLOSE received for unknown pipeline PipelineID=7833fe4e-75cb-4f47-b5d3-e1f4afd4610e, firing close pipeline event.
2021-08-04 12:53:35,563 [a740fbed-e693-489f-a49e-1d40bdde1dba@group-E1F4AFD4610E-SegmentedRaftLogWorker] ERROR ratis.XceiverServerRatis (XceiverServerRatis.java:triggerPipelineClose(672)) - pipeline Action CLOSE on pipeline PipelineID=7833fe4e-75cb-4f47-b5d3-e1f4afd4610e.Reason : Log already failed at index 140 for task WriteLog:140: (t:2, i:140), STATEMACHINELOGENTRY, cmdType: WriteChunk traceID: "" containerID: 17 datanodeUuid: "ecba4485-89f3-43d9-9eed-a86080ca2af4" pipelineID: "7833fe4e-75cb-4f47-b5d3-e1f4afd4610e" writeChunk { blockID { containerID: 17 localID: 107544261427200021 blockCommitSequenceId: 135 } chunkData { chunkName: "107544261427200021_chunk_3" offset: 2097152 len: 1048576 checksumData { type: NONE bytesPerChecksum: 1048576 } } }, container path=/home/runner/work/ozone/ozone/mnt/ozone/hadoop-ozone/integration-test/target/test-dir/MiniOzoneClusterImpl-3934b947-496f-4c0d-8e5c-b7fb60b641c1/datanode-1/data-0/containers/hdds/3934b947-496f-4c0d-8e5c-b7fb60b641c1/current/containerDir0/17
2021-08-04 12:53:35,563 [Datanode State Machine Thread - 0] WARN  statemachine.StateContext (StateContext.java:execute(621)) - No available thread in pool for past 1 seconds.
2021-08-04 12:53:35,565 [EventQueue-PipelineActionsForPipelineActionHandler] INFO  pipeline.PipelineActionHandler (PipelineActionHandler.java:processPipelineAction(82)) - Received pipeline action CLOSE for PipelineID=7833fe4e-75cb-4f47-b5d3-e1f4afd4610e from datanode 88f0382f-d36c-4133-a67a-5fc0f01e0506. Reason : Log already failed at index 140 for task WriteLog:140: (t:2, i:140), STATEMACHINELOGENTRY, cmdType: WriteChunk traceID: "" containerID: 17 datanodeUuid: "ecba4485-89f3-43d9-9eed-a86080ca2af4" pipelineID: "7833fe4e-75cb-4f47-b5d3-e1f4afd4610e" writeChunk { blockID { containerID: 17 localID: 107544261427200021 blockCommitSequenceId: 135 } chunkData { chunkName: "107544261427200021_chunk_3" offset: 2097152 len: 1048576 checksumData { type: NONE bytesPerChecksum: 1048576 } } }, container path=/home/runner/work/ozone/ozone/mnt/ozone/hadoop-ozone/integration-test/target/test-dir/MiniOzoneClusterImpl-3934b947-496f-4c0d-8e5c-b7fb60b641c1/datanode-2/data-0/containers/hdds/3934b947-496f-4c0d-8e5c-b7fb60b641c1/current/containerDir0/17
2021-08-04 12:53:35,565 [EventQueue-PipelineActionsForPipelineActionHandler] WARN  pipeline.PipelineActionHandler (PipelineActionHandler.java:processPipelineAction(93)) - Pipeline action CLOSE received for unknown pipeline PipelineID=7833fe4e-75cb-4f47-b5d3-e1f4afd4610e, firing close pipeline event.
2021-08-04 12:53:35,565 [EventQueue-PipelineActionsForPipelineActionHandler] INFO  pipeline.PipelineActionHandler (PipelineActionHandler.java:processPipelineAction(82)) - Received pipeline action CLOSE for PipelineID=7833fe4e-75cb-4f47-b5d3-e1f4afd4610e from datanode a740fbed-e693-489f-a49e-1d40bdde1dba. Reason : Log already failed at index 140 for task WriteLog:140: (t:2, i:140), STATEMACHINELOGENTRY, cmdType: WriteChunk traceID: "" containerID: 17 datanodeUuid: "ecba4485-89f3-43d9-9eed-a86080ca2af4" pipelineID: "7833fe4e-75cb-4f47-b5d3-e1f4afd4610e" writeChunk { blockID { containerID: 17 localID: 107544261427200021 blockCommitSequenceId: 135 } chunkData { chunkName: "107544261427200021_chunk_3" offset: 2097152 len: 1048576 checksumData { type: NONE bytesPerChecksum: 1048576 } } }, container path=/home/runner/work/ozone/ozone/mnt/ozone/hadoop-ozone/integration-test/target/test-dir/MiniOzoneClusterImpl-3934b947-496f-4c0d-8e5c-b7fb60b641c1/datanode-1/data-0/containers/hdds/3934b947-496f-4c0d-8e5c-b7fb60b641c1/current/containerDir0/17
2021-08-04 12:53:35,566 [EventQueue-PipelineActionsForPipelineActionHandler] WARN  pipeline.PipelineActionHandler (PipelineActionHandler.java:processPipelineAction(93)) - Pipeline action CLOSE received for unknown pipeline PipelineID=7833fe4e-75cb-4f47-b5d3-e1f4afd4610e, firing close pipeline event.
2021-08-04 12:53:35,569 [88f0382f-d36c-4133-a67a-5fc0f01e0506@group-E1F4AFD4610E-SegmentedRaftLogWorker] ERROR ratis.XceiverServerRatis (XceiverServerRatis.java:triggerPipelineClose(672)) - pipeline Action CLOSE on pipeline PipelineID=7833fe4e-75cb-4f47-b5d3-e1f4afd4610e.Reason : Log already failed at index 140 for task WriteLog:140: (t:2, i:140), STATEMACHINELOGENTRY, cmdType: WriteChunk traceID: "" containerID: 17 datanodeUuid: "ecba4485-89f3-43d9-9eed-a86080ca2af4" pipelineID: "7833fe4e-75cb-4f47-b5d3-e1f4afd4610e" writeChunk { blockID { containerID: 17 localID: 107544261427200021 blockCommitSequenceId: 135 } chunkData { chunkName: "107544261427200021_chunk_3" offset: 2097152 len: 1048576 checksumData { type: NONE bytesPerChecksum: 1048576 } } }, container path=/home/runner/work/ozone/ozone/mnt/ozone/hadoop-ozone/integration-test/target/test-dir/MiniOzoneClusterImpl-3934b947-496f-4c0d-8e5c-b7fb60b641c1/datanode-2/data-0/containers/hdds/3934b947-496f-4c0d-8e5c-b7fb60b641c1/current/containerDir0/17
2021-08-04 12:53:35,570 [ecba4485-89f3-43d9-9eed-a86080ca2af4@group-E1F4AFD4610E-SegmentedRaftLogWorker] ERROR ratis.XceiverServerRatis (XceiverServerRatis.java:triggerPipelineClose(672)) - pipeline Action CLOSE on pipeline PipelineID=7833fe4e-75cb-4f47-b5d3-e1f4afd4610e.Reason : Log already failed at index 140 for task WriteLog:140: (t:2, i:140), STATEMACHINELOGENTRY, cmdType: WriteChunk traceID: "" containerID: 17 datanodeUuid: "ecba4485-89f3-43d9-9eed-a86080ca2af4" pipelineID: "7833fe4e-75cb-4f47-b5d3-e1f4afd4610e" writeChunk { blockID { containerID: 17 localID: 107544261427200021 blockCommitSequenceId: 135 } chunkData { chunkName: "107544261427200021_chunk_3" offset: 2097152 len: 1048576 checksumData { type: NONE bytesPerChecksum: 1048576 } } }, container path=/home/runner/work/ozone/ozone/mnt/ozone/hadoop-ozone/integration-test/target/test-dir/MiniOzoneClusterImpl-3934b947-496f-4c0d-8e5c-b7fb60b641c1/datanode-0/data-0/containers/hdds/3934b947-496f-4c0d-8e5c-b7fb60b641c1/current/containerDir0/17
2021-08-04 12:53:35,570 [Datanode State Machine Thread - 0] WARN  statemachine.StateContext (StateContext.java:execute(621)) - No available thread in pool for past 1 seconds.
2021-08-04 12:53:35,571 [EventQueue-PipelineActionsForPipelineActionHandler] INFO  pipeline.PipelineActionHandler (PipelineActionHandler.java:processPipelineAction(82)) - Received pipeline action CLOSE for PipelineID=7833fe4e-75cb-4f47-b5d3-e1f4afd4610e from datanode ecba4485-89f3-43d9-9eed-a86080ca2af4. Reason : Log already failed at index 140 for task WriteLog:140: (t:2, i:140), STATEMACHINELOGENTRY, cmdType: WriteChunk traceID: "" containerID: 17 datanodeUuid: "ecba4485-89f3-43d9-9eed-a86080ca2af4" pipelineID: "7833fe4e-75cb-4f47-b5d3-e1f4afd4610e" writeChunk { blockID { containerID: 17 localID: 107544261427200021 blockCommitSequenceId: 135 } chunkData { chunkName: "107544261427200021_chunk_3" offset: 2097152 len: 1048576 checksumData { type: NONE bytesPerChecksum: 1048576 } } }, container path=/home/runner/work/ozone/ozone/mnt/ozone/hadoop-ozone/integration-test/target/test-dir/MiniOzoneClusterImpl-3934b947-496f-4c0d-8e5c-b7fb60b641c1/datanode-0/data-0/containers/hdds/3934b947-496f-4c0d-8e5c-b7fb60b641c1/current/containerDir0/17
2021-08-04 12:53:35,571 [EventQueue-PipelineActionsForPipelineActionHandler] WARN  pipeline.PipelineActionHandler (PipelineActionHandler.java:processPipelineAction(93)) - Pipeline action CLOSE received for unknown pipeline PipelineID=7833fe4e-75cb-4f47-b5d3-e1f4afd4610e, firing close pipeline event.
2021-08-04 12:53:36,641 [Command processor thread] INFO  server.RaftServer (RaftServerProxy.java:remove(106)) - ecba4485-89f3-43d9-9eed-a86080ca2af4: remove  FOLLOWER ecba4485-89f3-43d9-9eed-a86080ca2af4@group-E1F4AFD4610E:t2, leader=88f0382f-d36c-4133-a67a-5fc0f01e0506, voted=88f0382f-d36c-4133-a67a-5fc0f01e0506, raftlog=ecba4485-89f3-43d9-9eed-a86080ca2af4@group-E1F4AFD4610E-SegmentedRaftLog:OPENED:c135,f139,i141, conf=0: [88f0382f-d36c-4133-a67a-5fc0f01e0506|rpc:10.1.0.56:40599|dataStream:|priority:1, ecba4485-89f3-43d9-9eed-a86080ca2af4|rpc:10.1.0.56:41981|dataStream:|priority:0, a740fbed-e693-489f-a49e-1d40bdde1dba|rpc:10.1.0.56:33891|dataStream:|priority:0], old=null RUNNING
2021-08-04 12:53:36,642 [Command processor thread] INFO  server.RaftServer (RaftServerProxy.java:remove(106)) - a740fbed-e693-489f-a49e-1d40bdde1dba: remove  FOLLOWER a740fbed-e693-489f-a49e-1d40bdde1dba@group-E1F4AFD4610E:t2, leader=88f0382f-d36c-4133-a67a-5fc0f01e0506, voted=88f0382f-d36c-4133-a67a-5fc0f01e0506, raftlog=a740fbed-e693-489f-a49e-1d40bdde1dba@group-E1F4AFD4610E-SegmentedRaftLog:OPENED:c135,f139,i141, conf=0: [88f0382f-d36c-4133-a67a-5fc0f01e0506|rpc:10.1.0.56:40599|dataStream:|priority:1, ecba4485-89f3-43d9-9eed-a86080ca2af4|rpc:10.1.0.56:41981|dataStream:|priority:0, a740fbed-e693-489f-a49e-1d40bdde1dba|rpc:10.1.0.56:33891|dataStream:|priority:0], old=null RUNNING
2021-08-04 12:53:36,643 [Command processor thread] INFO  server.RaftServer$Division (RaftServerImpl.java:lambda$close$4(407)) - a740fbed-e693-489f-a49e-1d40bdde1dba@group-E1F4AFD4610E: shutdown
2021-08-04 12:53:36,643 [Command processor thread] INFO  util.JmxRegister (JmxRegister.java:unregister(73)) - Successfully un-registered JMX Bean with object name Ratis:service=RaftServer,group=group-E1F4AFD4610E,id=a740fbed-e693-489f-a49e-1d40bdde1dba
2021-08-04 12:53:36,643 [Command processor thread] INFO  impl.RoleInfo (RoleInfo.java:shutdownFollowerState(108)) - a740fbed-e693-489f-a49e-1d40bdde1dba: shutdown a740fbed-e693-489f-a49e-1d40bdde1dba@group-E1F4AFD4610E-FollowerState
2021-08-04 12:53:36,643 [Command processor thread] INFO  impl.StateMachineUpdater (StateMachineUpdater.java:stopAndJoin(149)) - a740fbed-e693-489f-a49e-1d40bdde1dba@group-E1F4AFD4610E-StateMachineUpdater: set stopIndex = 135
2021-08-04 12:53:36,643 [Command processor thread] INFO  server.RaftServer$Division (RaftServerImpl.java:lambda$close$4(407)) - ecba4485-89f3-43d9-9eed-a86080ca2af4@group-E1F4AFD4610E: shutdown
2021-08-04 12:53:36,643 [Command processor thread] INFO  util.JmxRegister (JmxRegister.java:unregister(73)) - Successfully un-registered JMX Bean with object name Ratis:service=RaftServer,group=group-E1F4AFD4610E,id=ecba4485-89f3-43d9-9eed-a86080ca2af4
2021-08-04 12:53:36,643 [Command processor thread] INFO  impl.RoleInfo (RoleInfo.java:shutdownFollowerState(108)) - ecba4485-89f3-43d9-9eed-a86080ca2af4: shutdown ecba4485-89f3-43d9-9eed-a86080ca2af4@group-E1F4AFD4610E-FollowerState
2021-08-04 12:53:36,644 [a740fbed-e693-489f-a49e-1d40bdde1dba@group-E1F4AFD4610E-StateMachineUpdater] ERROR ratis.ContainerStateMachine (ContainerStateMachine.java:takeSnapshot(285)) - Failed to take snapshot  for group-E1F4AFD4610E as the stateMachine is unhealthy. The last applied index is at (t:2, i:132)
2021-08-04 12:53:36,644 [ecba4485-89f3-43d9-9eed-a86080ca2af4@group-E1F4AFD4610E-StateMachineUpdater] ERROR ratis.ContainerStateMachine (ContainerStateMachine.java:takeSnapshot(285)) - Failed to take snapshot  for group-E1F4AFD4610E as the stateMachine is unhealthy. The last applied index is at (t:2, i:132)
2021-08-04 12:53:36,644 [ecba4485-89f3-43d9-9eed-a86080ca2af4@group-E1F4AFD4610E-FollowerState] INFO  impl.FollowerState (FollowerState.java:run(143)) - ecba4485-89f3-43d9-9eed-a86080ca2af4@group-E1F4AFD4610E-FollowerState was interrupted: {}
java.lang.InterruptedException: sleep interrupted
	at java.lang.Thread.sleep(Native Method)
	at java.lang.Thread.sleep(Thread.java:340)
	at java.util.concurrent.TimeUnit.sleep(TimeUnit.java:386)
	at org.apache.ratis.util.TimeDuration.sleep(TimeDuration.java:324)
	at org.apache.ratis.util.TimeDuration.sleep(TimeDuration.java:309)
	at org.apache.ratis.server.impl.FollowerState.run(FollowerState.java:118)
2021-08-04 12:53:36,644 [a740fbed-e693-489f-a49e-1d40bdde1dba@group-E1F4AFD4610E-FollowerState] INFO  impl.FollowerState (FollowerState.java:run(143)) - a740fbed-e693-489f-a49e-1d40bdde1dba@group-E1F4AFD4610E-FollowerState was interrupted: {}
java.lang.InterruptedException: sleep interrupted
	at java.lang.Thread.sleep(Native Method)
	at java.lang.Thread.sleep(Thread.java:340)
	at java.util.concurrent.TimeUnit.sleep(TimeUnit.java:386)
	at org.apache.ratis.util.TimeDuration.sleep(TimeDuration.java:324)
	at org.apache.ratis.util.TimeDuration.sleep(TimeDuration.java:309)
	at org.apache.ratis.server.impl.FollowerState.run(FollowerState.java:118)
2021-08-04 12:53:36,644 [a740fbed-e693-489f-a49e-1d40bdde1dba@group-E1F4AFD4610E-StateMachineUpdater] ERROR impl.StateMachineUpdater (StateMachineUpdater.java:takeSnapshot(276)) - a740fbed-e693-489f-a49e-1d40bdde1dba@group-E1F4AFD4610E-StateMachineUpdater: Failed to take snapshot
org.apache.ratis.protocol.exceptions.StateMachineException: Failed to take snapshot  for group-E1F4AFD4610E as the stateMachine is unhealthy. The last applied index is at (t:2, i:132)
	at org.apache.hadoop.ozone.container.common.transport.server.ratis.ContainerStateMachine.takeSnapshot(ContainerStateMachine.java:284)
	at org.apache.ratis.server.impl.StateMachineUpdater.takeSnapshot(StateMachineUpdater.java:265)
	at org.apache.ratis.server.impl.StateMachineUpdater.checkAndTakeSnapshot(StateMachineUpdater.java:257)
	at org.apache.ratis.server.impl.StateMachineUpdater.run(StateMachineUpdater.java:180)
	at java.lang.Thread.run(Thread.java:748)
2021-08-04 12:53:36,646 [a740fbed-e693-489f-a49e-1d40bdde1dba@group-E1F4AFD4610E-StateMachineUpdater] ERROR ratis.ContainerStateMachine (ContainerStateMachine.java:takeSnapshot(285)) - Failed to take snapshot  for group-E1F4AFD4610E as the stateMachine is unhealthy. The last applied index is at (t:2, i:132)
2021-08-04 12:53:36,646 [a740fbed-e693-489f-a49e-1d40bdde1dba@group-E1F4AFD4610E-StateMachineUpdater] ERROR impl.StateMachineUpdater (StateMachineUpdater.java:takeSnapshot(276)) - a740fbed-e693-489f-a49e-1d40bdde1dba@group-E1F4AFD4610E-StateMachineUpdater: Failed to take snapshot
org.apache.ratis.protocol.exceptions.StateMachineException: Failed to take snapshot  for group-E1F4AFD4610E as the stateMachine is unhealthy. The last applied index is at (t:2, i:132)
	at org.apache.hadoop.ozone.container.common.transport.server.ratis.ContainerStateMachine.takeSnapshot(ContainerStateMachine.java:284)
	at org.apache.ratis.server.impl.StateMachineUpdater.takeSnapshot(StateMachineUpdater.java:265)
	at org.apache.ratis.server.impl.StateMachineUpdater.checkAndTakeSnapshot(StateMachineUpdater.java:257)
	at org.apache.ratis.server.impl.StateMachineUpdater.run(StateMachineUpdater.java:183)
	at java.lang.Thread.run(Thread.java:748)
2021-08-04 12:53:36,652 [Command processor thread] INFO  server.RaftServer$Division (ServerState.java:close(419)) - a740fbed-e693-489f-a49e-1d40bdde1dba@group-E1F4AFD4610E: closes. applyIndex: 132
2021-08-04 12:53:36,648 [Command processor thread] INFO  impl.StateMachineUpdater (StateMachineUpdater.java:stopAndJoin(149)) - ecba4485-89f3-43d9-9eed-a86080ca2af4@group-E1F4AFD4610E-StateMachineUpdater: set stopIndex = 135
2021-08-04 12:53:36,644 [ecba4485-89f3-43d9-9eed-a86080ca2af4@group-E1F4AFD4610E-StateMachineUpdater] ERROR impl.StateMachineUpdater (StateMachineUpdater.java:takeSnapshot(276)) - ecba4485-89f3-43d9-9eed-a86080ca2af4@group-E1F4AFD4610E-StateMachineUpdater: Failed to take snapshot
org.apache.ratis.protocol.exceptions.StateMachineException: Failed to take snapshot  for group-E1F4AFD4610E as the stateMachine is unhealthy. The last applied index is at (t:2, i:132)
	at org.apache.hadoop.ozone.container.common.transport.server.ratis.ContainerStateMachine.takeSnapshot(ContainerStateMachine.java:284)
	at org.apache.ratis.server.impl.StateMachineUpdater.takeSnapshot(StateMachineUpdater.java:265)
	at org.apache.ratis.server.impl.StateMachineUpdater.checkAndTakeSnapshot(StateMachineUpdater.java:257)
	at org.apache.ratis.server.impl.StateMachineUpdater.run(StateMachineUpdater.java:180)
	at java.lang.Thread.run(Thread.java:748)
2021-08-04 12:53:36,653 [ecba4485-89f3-43d9-9eed-a86080ca2af4@group-E1F4AFD4610E-StateMachineUpdater] ERROR ratis.ContainerStateMachine (ContainerStateMachine.java:takeSnapshot(285)) - Failed to take snapshot  for group-E1F4AFD4610E as the stateMachine is unhealthy. The last applied index is at (t:2, i:132)
2021-08-04 12:53:36,653 [ecba4485-89f3-43d9-9eed-a86080ca2af4@group-E1F4AFD4610E-StateMachineUpdater] ERROR impl.StateMachineUpdater (StateMachineUpdater.java:takeSnapshot(276)) - ecba4485-89f3-43d9-9eed-a86080ca2af4@group-E1F4AFD4610E-StateMachineUpdater: Failed to take snapshot
org.apache.ratis.protocol.exceptions.StateMachineException: Failed to take snapshot  for group-E1F4AFD4610E as the stateMachine is unhealthy. The last applied index is at (t:2, i:132)
	at org.apache.hadoop.ozone.container.common.transport.server.ratis.ContainerStateMachine.takeSnapshot(ContainerStateMachine.java:284)
	at org.apache.ratis.server.impl.StateMachineUpdater.takeSnapshot(StateMachineUpdater.java:265)
	at org.apache.ratis.server.impl.StateMachineUpdater.checkAndTakeSnapshot(StateMachineUpdater.java:257)
	at org.apache.ratis.server.impl.StateMachineUpdater.run(StateMachineUpdater.java:183)
	at java.lang.Thread.run(Thread.java:748)
2021-08-04 12:53:36,658 [Command processor thread] INFO  server.RaftServer$Division (ServerState.java:close(419)) - ecba4485-89f3-43d9-9eed-a86080ca2af4@group-E1F4AFD4610E: closes. applyIndex: 132
2021-08-04 12:53:36,658 [a740fbed-e693-489f-a49e-1d40bdde1dba@group-E1F4AFD4610E-SegmentedRaftLogWorker] INFO  segmented.SegmentedRaftLogWorker (SegmentedRaftLogWorker.java:run(327)) - a740fbed-e693-489f-a49e-1d40bdde1dba@group-E1F4AFD4610E-SegmentedRaftLogWorker was interrupted, exiting. There are 0 tasks remaining in the queue.
2021-08-04 12:53:36,659 [ecba4485-89f3-43d9-9eed-a86080ca2af4@group-E1F4AFD4610E-SegmentedRaftLogWorker] INFO  segmented.SegmentedRaftLogWorker (SegmentedRaftLogWorker.java:run(327)) - ecba4485-89f3-43d9-9eed-a86080ca2af4@group-E1F4AFD4610E-SegmentedRaftLogWorker was interrupted, exiting. There are 0 tasks remaining in the queue.
2021-08-04 12:53:36,659 [Command processor thread] INFO  segmented.SegmentedRaftLogWorker (SegmentedRaftLogWorker.java:close(237)) - a740fbed-e693-489f-a49e-1d40bdde1dba@group-E1F4AFD4610E-SegmentedRaftLogWorker close()
2021-08-04 12:53:36,659 [Command processor thread] INFO  segmented.SegmentedRaftLogWorker (SegmentedRaftLogWorker.java:close(237)) - ecba4485-89f3-43d9-9eed-a86080ca2af4@group-E1F4AFD4610E-SegmentedRaftLogWorker close()
2021-08-04 12:53:36,666 [Datanode State Machine Thread - 0] WARN  statemachine.StateContext (StateContext.java:execute(621)) - No available thread in pool for past 1 seconds.
2021-08-04 12:53:36,667 [Command processor thread] ERROR commandhandler.ClosePipelineCommandHandler (ClosePipelineCommandHandler.java:handle(78)) - Can't close pipeline PipelineID=7833fe4e-75cb-4f47-b5d3-e1f4afd4610e
java.io.IOException: org.yaml.snakeyaml.error.YAMLException: java.io.IOException: No space left on device
	at org.apache.hadoop.ozone.container.common.transport.server.ratis.XceiverServerRatis.removeGroup(XceiverServerRatis.java:777)
	at org.apache.hadoop.ozone.container.common.statemachine.commandhandler.ClosePipelineCommandHandler.handle(ClosePipelineCommandHandler.java:74)
	at org.apache.hadoop.ozone.container.common.statemachine.commandhandler.CommandDispatcher.handle(CommandDispatcher.java:99)
	at org.apache.hadoop.ozone.container.common.statemachine.DatanodeStateMachine.lambda$initCommandHandlerThread$2(DatanodeStateMachine.java:555)
	at java.lang.Thread.run(Thread.java:748)
Caused by: java.io.IOException: org.yaml.snakeyaml.error.YAMLException: java.io.IOException: No space left on device
	at org.apache.ratis.util.IOUtils.asIOException(IOUtils.java:56)
	at org.apache.ratis.server.impl.RaftServerImpl.waitForReply(RaftServerImpl.java:898)
	at org.apache.ratis.server.impl.RaftServerProxy.groupManagement(RaftServerProxy.java:440)
	at org.apache.hadoop.ozone.container.common.transport.server.ratis.XceiverServerRatis.removeGroup(XceiverServerRatis.java:775)
	... 4 more
Caused by: org.yaml.snakeyaml.error.YAMLException: java.io.IOException: No space left on device
	at org.yaml.snakeyaml.Yaml.dumpAll(Yaml.java:280)
	at org.yaml.snakeyaml.Yaml.dump(Yaml.java:256)
	at org.apache.hadoop.ozone.container.common.impl.ContainerDataYaml.createContainerFile(ContainerDataYaml.java:96)
	at org.apache.hadoop.ozone.container.keyvalue.KeyValueContainer.writeToContainerFile(KeyValueContainer.java:220)
	at org.apache.hadoop.ozone.container.keyvalue.KeyValueContainer.updateContainerFile(KeyValueContainer.java:255)
	at org.apache.hadoop.ozone.container.keyvalue.KeyValueContainer.updateContainerData(KeyValueContainer.java:366)
	at org.apache.hadoop.ozone.container.keyvalue.KeyValueContainer.markContainerForClose(KeyValueContainer.java:286)
	at org.apache.hadoop.ozone.container.keyvalue.KeyValueHandler.markContainerForClose(KeyValueHandler.java:932)
	at org.apache.hadoop.ozone.container.ozoneimpl.ContainerController.markContainerForClose(ContainerController.java:84)
	at org.apache.hadoop.ozone.container.common.transport.server.ratis.ContainerStateMachine.notifyGroupRemove(ContainerStateMachine.java:901)
	at org.apache.ratis.server.impl.RaftServerImpl.groupRemove(RaftServerImpl.java:372)
	at org.apache.ratis.server.impl.RaftServerProxy.lambda$groupRemoveAsync$14(RaftServerProxy.java:507)
	at java.util.concurrent.CompletableFuture.uniApply(CompletableFuture.java:616)
	at java.util.concurrent.CompletableFuture.uniApplyStage(CompletableFuture.java:628)
	at java.util.concurrent.CompletableFuture.thenApply(CompletableFuture.java:1996)
	at org.apache.ratis.server.impl.RaftServerProxy.groupRemoveAsync(RaftServerProxy.java:506)
	at org.apache.ratis.server.impl.RaftServerProxy.groupManagementAsync(RaftServerProxy.java:460)
	... 6 more
Caused by: java.io.IOException: No space left on device
	at java.io.FileOutputStream.writeBytes(Native Method)
	at java.io.FileOutputStream.write(FileOutputStream.java:326)
	at sun.nio.cs.StreamEncoder.writeBytes(StreamEncoder.java:221)
	at sun.nio.cs.StreamEncoder.implFlushBuffer(StreamEncoder.java:291)
	at sun.nio.cs.StreamEncoder.implFlush(StreamEncoder.java:295)
	at sun.nio.cs.StreamEncoder.flush(StreamEncoder.java:141)
	at java.io.OutputStreamWriter.flush(OutputStreamWriter.java:229)
	at org.yaml.snakeyaml.emitter.Emitter.flushStream(Emitter.java:1078)
	at org.yaml.snakeyaml.emitter.Emitter$ExpectDocumentEnd.expect(Emitter.java:368)
	at org.yaml.snakeyaml.emitter.Emitter.emit(Emitter.java:220)
	at org.yaml.snakeyaml.serializer.Serializer.serialize(Serializer.java:115)
	at org.yaml.snakeyaml.Yaml.dumpAll(Yaml.java:276)
	... 22 more
2021-08-04 12:53:36,668 [Command processor thread] WARN  server.RaftServer (RaftServerProxy.java:remove(101)) - ecba4485-89f3-43d9-9eed-a86080ca2af4: does not contain group: group-E1F4AFD4610E
2021-08-04 12:53:36,668 [Command processor thread] ERROR commandhandler.ClosePipelineCommandHandler (ClosePipelineCommandHandler.java:handle(78)) - Can't close pipeline PipelineID=7833fe4e-75cb-4f47-b5d3-e1f4afd4610e
java.io.IOException: ecba4485-89f3-43d9-9eed-a86080ca2af4: Group group-E1F4AFD4610E not found.
	at org.apache.hadoop.ozone.container.common.transport.server.ratis.XceiverServerRatis.removeGroup(XceiverServerRatis.java:777)
	at org.apache.hadoop.ozone.container.common.statemachine.commandhandler.ClosePipelineCommandHandler.handle(ClosePipelineCommandHandler.java:74)
	at org.apache.hadoop.ozone.container.common.statemachine.commandhandler.CommandDispatcher.handle(CommandDispatcher.java:99)
	at org.apache.hadoop.ozone.container.common.statemachine.DatanodeStateMachine.lambda$initCommandHandlerThread$2(DatanodeStateMachine.java:555)
	at java.lang.Thread.run(Thread.java:748)
Caused by: org.apache.ratis.protocol.exceptions.GroupMismatchException: ecba4485-89f3-43d9-9eed-a86080ca2af4: Group group-E1F4AFD4610E not found.
	at org.apache.ratis.server.impl.RaftServerProxy.groupRemoveAsync(RaftServerProxy.java:504)
	at org.apache.ratis.server.impl.RaftServerProxy.groupManagementAsync(RaftServerProxy.java:460)
	at org.apache.ratis.server.impl.RaftServerProxy.groupManagement(RaftServerProxy.java:440)
	at org.apache.hadoop.ozone.container.common.transport.server.ratis.XceiverServerRatis.removeGroup(XceiverServerRatis.java:775)
	... 4 more
2021-08-04 12:53:36,670 [Command processor thread] INFO  keyvalue.KeyValueContainer (KeyValueContainer.java:flushAndSyncDB(397)) - Container 4 is synced with bcsId 68.
2021-08-04 12:53:36,670 [Command processor thread] INFO  keyvalue.KeyValueContainer (KeyValueContainer.java:flushAndSyncDB(397)) - Container 4 is synced with bcsId 68.
2021-08-04 12:53:36,671 [Datanode State Machine Thread - 0] WARN  statemachine.StateContext (StateContext.java:execute(621)) - No available thread in pool for past 1 seconds.
2021-08-04 12:53:36,672 [Command processor thread] ERROR commandhandler.ClosePipelineCommandHandler (ClosePipelineCommandHandler.java:handle(78)) - Can't close pipeline PipelineID=7833fe4e-75cb-4f47-b5d3-e1f4afd4610e
java.io.IOException: org.yaml.snakeyaml.error.YAMLException: java.io.IOException: No space left on device
	at org.apache.hadoop.ozone.container.common.transport.server.ratis.XceiverServerRatis.removeGroup(XceiverServerRatis.java:777)
	at org.apache.hadoop.ozone.container.common.statemachine.commandhandler.ClosePipelineCommandHandler.handle(ClosePipelineCommandHandler.java:74)
	at org.apache.hadoop.ozone.container.common.statemachine.commandhandler.CommandDispatcher.handle(CommandDispatcher.java:99)
	at org.apache.hadoop.ozone.container.common.statemachine.DatanodeStateMachine.lambda$initCommandHandlerThread$2(DatanodeStateMachine.java:555)
	at java.lang.Thread.run(Thread.java:748)
Caused by: java.io.IOException: org.yaml.snakeyaml.error.YAMLException: java.io.IOException: No space left on device
	at org.apache.ratis.util.IOUtils.asIOException(IOUtils.java:56)
	at org.apache.ratis.server.impl.RaftServerImpl.waitForReply(RaftServerImpl.java:898)
	at org.apache.ratis.server.impl.RaftServerProxy.groupManagement(RaftServerProxy.java:440)
	at org.apache.hadoop.ozone.container.common.transport.server.ratis.XceiverServerRatis.removeGroup(XceiverServerRatis.java:775)
	... 4 more
Caused by: org.yaml.snakeyaml.error.YAMLException: java.io.IOException: No space left on device
	at org.yaml.snakeyaml.Yaml.dumpAll(Yaml.java:280)
	at org.yaml.snakeyaml.Yaml.dump(Yaml.java:256)
	at org.apache.hadoop.ozone.container.common.impl.ContainerDataYaml.createContainerFile(ContainerDataYaml.java:96)
	at org.apache.hadoop.ozone.container.keyvalue.KeyValueContainer.writeToContainerFile(KeyValueContainer.java:220)
	at org.apache.hadoop.ozone.container.keyvalue.KeyValueContainer.updateContainerFile(KeyValueContainer.java:255)
	at org.apache.hadoop.ozone.container.keyvalue.KeyValueContainer.updateContainerData(KeyValueContainer.java:366)
	at org.apache.hadoop.ozone.container.keyvalue.KeyValueContainer.quasiClose(KeyValueContainer.java:314)
	at org.apache.hadoop.ozone.container.keyvalue.KeyValueHandler.quasiCloseContainer(KeyValueHandler.java:982)
	at org.apache.hadoop.ozone.container.ozoneimpl.ContainerController.quasiCloseContainer(ContainerController.java:119)
	at org.apache.hadoop.ozone.container.common.transport.server.ratis.ContainerStateMachine.notifyGroupRemove(ContainerStateMachine.java:902)
	at org.apache.ratis.server.impl.RaftServerImpl.groupRemove(RaftServerImpl.java:372)
	at org.apache.ratis.server.impl.RaftServerProxy.lambda$groupRemoveAsync$14(RaftServerProxy.java:507)
	at java.util.concurrent.CompletableFuture.uniApply(CompletableFuture.java:616)
	at java.util.concurrent.CompletableFuture.uniApplyStage(CompletableFuture.java:628)
	at java.util.concurrent.CompletableFuture.thenApply(CompletableFuture.java:1996)
	at org.apache.ratis.server.impl.RaftServerProxy.groupRemoveAsync(RaftServerProxy.java:506)
	at org.apache.ratis.server.impl.RaftServerProxy.groupManagementAsync(RaftServerProxy.java:460)
	... 6 more
Caused by: java.io.IOException: No space left on device
	at java.io.FileOutputStream.writeBytes(Native Method)
	at java.io.FileOutputStream.write(FileOutputStream.java:326)
	at sun.nio.cs.StreamEncoder.writeBytes(StreamEncoder.java:221)
	at sun.nio.cs.StreamEncoder.implFlushBuffer(StreamEncoder.java:291)
	at sun.nio.cs.StreamEncoder.implFlush(StreamEncoder.java:295)
	at sun.nio.cs.StreamEncoder.flush(StreamEncoder.java:141)
	at java.io.OutputStreamWriter.flush(OutputStreamWriter.java:229)
	at org.yaml.snakeyaml.emitter.Emitter.flushStream(Emitter.java:1078)
	at org.yaml.snakeyaml.emitter.Emitter$ExpectDocumentEnd.expect(Emitter.java:368)
	at org.yaml.snakeyaml.emitter.Emitter.emit(Emitter.java:220)
	at org.yaml.snakeyaml.serializer.Serializer.serialize(Serializer.java:115)
	at org.yaml.snakeyaml.Yaml.dumpAll(Yaml.java:276)
	... 22 more
2021-08-04 12:53:36,682 [Command processor thread] ERROR statemachine.DatanodeStateMachine (DatanodeStateMachine.java:lambda$getCommandHandlerThread$3(584)) - Critical Error : Command processor thread encountered an error. Thread: Thread[Command processor thread,5,main]
org.yaml.snakeyaml.error.YAMLException: java.io.IOException: No space left on device
	at org.yaml.snakeyaml.Yaml.dumpAll(Yaml.java:280)
	at org.yaml.snakeyaml.Yaml.dump(Yaml.java:256)
	at org.apache.hadoop.ozone.container.common.impl.ContainerDataYaml.createContainerFile(ContainerDataYaml.java:96)
	at org.apache.hadoop.ozone.container.keyvalue.KeyValueContainer.writeToContainerFile(KeyValueContainer.java:220)
	at org.apache.hadoop.ozone.container.keyvalue.KeyValueContainer.updateContainerFile(KeyValueContainer.java:255)
	at org.apache.hadoop.ozone.container.keyvalue.KeyValueContainer.updateContainerData(KeyValueContainer.java:366)
	at org.apache.hadoop.ozone.container.keyvalue.KeyValueContainer.markContainerForClose(KeyValueContainer.java:286)
	at org.apache.hadoop.ozone.container.keyvalue.KeyValueHandler.markContainerForClose(KeyValueHandler.java:932)
	at org.apache.hadoop.ozone.container.ozoneimpl.ContainerController.markContainerForClose(ContainerController.java:84)
	at org.apache.hadoop.ozone.container.common.statemachine.commandhandler.CloseContainerCommandHandler.handle(CloseContainerCommandHandler.java:91)
	at org.apache.hadoop.ozone.container.common.statemachine.commandhandler.CommandDispatcher.handle(CommandDispatcher.java:99)
	at org.apache.hadoop.ozone.container.common.statemachine.DatanodeStateMachine.lambda$initCommandHandlerThread$2(DatanodeStateMachine.java:555)
	at java.lang.Thread.run(Thread.java:748)
Caused by: java.io.IOException: No space left on device
	at java.io.FileOutputStream.writeBytes(Native Method)
	at java.io.FileOutputStream.write(FileOutputStream.java:326)
	at sun.nio.cs.StreamEncoder.writeBytes(StreamEncoder.java:221)
	at sun.nio.cs.StreamEncoder.implFlushBuffer(StreamEncoder.java:291)
	at sun.nio.cs.StreamEncoder.implFlush(StreamEncoder.java:295)
	at sun.nio.cs.StreamEncoder.flush(StreamEncoder.java:141)
	at java.io.OutputStreamWriter.flush(OutputStreamWriter.java:229)
	at org.yaml.snakeyaml.emitter.Emitter.flushStream(Emitter.java:1078)
	at org.yaml.snakeyaml.emitter.Emitter$ExpectDocumentEnd.expect(Emitter.java:368)
	at org.yaml.snakeyaml.emitter.Emitter.emit(Emitter.java:220)
	at org.yaml.snakeyaml.serializer.Serializer.serialize(Serializer.java:115)
	at org.yaml.snakeyaml.Yaml.dumpAll(Yaml.java:276)
	... 12 more
2021-08-04 12:53:36,683 [Command processor thread] WARN  server.RaftServer (RaftServerProxy.java:remove(101)) - ecba4485-89f3-43d9-9eed-a86080ca2af4: does not contain group: group-E1F4AFD4610E
2021-08-04 12:53:36,686 [Command processor thread] ERROR commandhandler.ClosePipelineCommandHandler (ClosePipelineCommandHandler.java:handle(78)) - Can't close pipeline PipelineID=7833fe4e-75cb-4f47-b5d3-e1f4afd4610e
java.io.IOException: ecba4485-89f3-43d9-9eed-a86080ca2af4: Group group-E1F4AFD4610E not found.
	at org.apache.hadoop.ozone.container.common.transport.server.ratis.XceiverServerRatis.removeGroup(XceiverServerRatis.java:777)
	at org.apache.hadoop.ozone.container.common.statemachine.commandhandler.ClosePipelineCommandHandler.handle(ClosePipelineCommandHandler.java:74)
	at org.apache.hadoop.ozone.container.common.statemachine.commandhandler.CommandDispatcher.handle(CommandDispatcher.java:99)
	at org.apache.hadoop.ozone.container.common.statemachine.DatanodeStateMachine.lambda$initCommandHandlerThread$2(DatanodeStateMachine.java:555)
	at java.lang.Thread.run(Thread.java:748)
Caused by: org.apache.ratis.protocol.exceptions.GroupMismatchException: ecba4485-89f3-43d9-9eed-a86080ca2af4: Group group-E1F4AFD4610E not found.
	at org.apache.ratis.server.impl.RaftServerProxy.groupRemoveAsync(RaftServerProxy.java:504)
	at org.apache.ratis.server.impl.RaftServerProxy.groupManagementAsync(RaftServerProxy.java:460)
	at org.apache.ratis.server.impl.RaftServerProxy.groupManagement(RaftServerProxy.java:440)
	at org.apache.hadoop.ozone.container.common.transport.server.ratis.XceiverServerRatis.removeGroup(XceiverServerRatis.java:775)
	... 4 more
2021-08-04 12:53:36,689 [Command processor thread] WARN  server.RaftServer (RaftServerProxy.java:remove(101)) - ecba4485-89f3-43d9-9eed-a86080ca2af4: does not contain group: group-E1F4AFD4610E
2021-08-04 12:53:36,689 [Command processor thread] ERROR commandhandler.ClosePipelineCommandHandler (ClosePipelineCommandHandler.java:handle(78)) - Can't close pipeline PipelineID=7833fe4e-75cb-4f47-b5d3-e1f4afd4610e
java.io.IOException: ecba4485-89f3-43d9-9eed-a86080ca2af4: Group group-E1F4AFD4610E not found.
	at org.apache.hadoop.ozone.container.common.transport.server.ratis.XceiverServerRatis.removeGroup(XceiverServerRatis.java:777)
	at org.apache.hadoop.ozone.container.common.statemachine.commandhandler.ClosePipelineCommandHandler.handle(ClosePipelineCommandHandler.java:74)
	at org.apache.hadoop.ozone.container.common.statemachine.commandhandler.CommandDispatcher.handle(CommandDispatcher.java:99)
	at org.apache.hadoop.ozone.container.common.statemachine.DatanodeStateMachine.lambda$initCommandHandlerThread$2(DatanodeStateMachine.java:555)
	at java.lang.Thread.run(Thread.java:748)
Caused by: org.apache.ratis.protocol.exceptions.GroupMismatchException: ecba4485-89f3-43d9-9eed-a86080ca2af4: Group group-E1F4AFD4610E not found.
	at org.apache.ratis.server.impl.RaftServerProxy.groupRemoveAsync(RaftServerProxy.java:504)
	at org.apache.ratis.server.impl.RaftServerProxy.groupManagementAsync(RaftServerProxy.java:460)
	at org.apache.ratis.server.impl.RaftServerProxy.groupManagement(RaftServerProxy.java:440)
	at org.apache.hadoop.ozone.container.common.transport.server.ratis.XceiverServerRatis.removeGroup(XceiverServerRatis.java:775)
	... 4 more
2021-08-04 12:53:36,691 [Command processor thread] WARN  server.RaftServer (RaftServerProxy.java:remove(101)) - ecba4485-89f3-43d9-9eed-a86080ca2af4: does not contain group: group-E1F4AFD4610E
2021-08-04 12:53:36,691 [Command processor thread] ERROR commandhandler.ClosePipelineCommandHandler (ClosePipelineCommandHandler.java:handle(78)) - Can't close pipeline PipelineID=7833fe4e-75cb-4f47-b5d3-e1f4afd4610e
java.io.IOException: ecba4485-89f3-43d9-9eed-a86080ca2af4: Group group-E1F4AFD4610E not found.
	at org.apache.hadoop.ozone.container.common.transport.server.ratis.XceiverServerRatis.removeGroup(XceiverServerRatis.java:777)
	at org.apache.hadoop.ozone.container.common.statemachine.commandhandler.ClosePipelineCommandHandler.handle(ClosePipelineCommandHandler.java:74)
	at org.apache.hadoop.ozone.container.common.statemachine.commandhandler.CommandDispatcher.handle(CommandDispatcher.java:99)
	at org.apache.hadoop.ozone.container.common.statemachine.DatanodeStateMachine.lambda$initCommandHandlerThread$2(DatanodeStateMachine.java:555)
	at java.lang.Thread.run(Thread.java:748)
Caused by: org.apache.ratis.protocol.exceptions.GroupMismatchException: ecba4485-89f3-43d9-9eed-a86080ca2af4: Group group-E1F4AFD4610E not found.
	at org.apache.ratis.server.impl.RaftServerProxy.groupRemoveAsync(RaftServerProxy.java:504)
	at org.apache.ratis.server.impl.RaftServerProxy.groupManagementAsync(RaftServerProxy.java:460)
	at org.apache.ratis.server.impl.RaftServerProxy.groupManagement(RaftServerProxy.java:440)
	at org.apache.hadoop.ozone.container.common.transport.server.ratis.XceiverServerRatis.removeGroup(XceiverServerRatis.java:775)
	... 4 more
2021-08-04 12:53:36,692 [Command processor thread] WARN  server.RaftServer (RaftServerProxy.java:remove(101)) - a740fbed-e693-489f-a49e-1d40bdde1dba: does not contain group: group-E1F4AFD4610E
2021-08-04 12:53:36,692 [Command processor thread] ERROR commandhandler.ClosePipelineCommandHandler (ClosePipelineCommandHandler.java:handle(78)) - Can't close pipeline PipelineID=7833fe4e-75cb-4f47-b5d3-e1f4afd4610e
java.io.IOException: a740fbed-e693-489f-a49e-1d40bdde1dba: Group group-E1F4AFD4610E not found.
	at org.apache.hadoop.ozone.container.common.transport.server.ratis.XceiverServerRatis.removeGroup(XceiverServerRatis.java:777)
	at org.apache.hadoop.ozone.container.common.statemachine.commandhandler.ClosePipelineCommandHandler.handle(ClosePipelineCommandHandler.java:74)
	at org.apache.hadoop.ozone.container.common.statemachine.commandhandler.CommandDispatcher.handle(CommandDispatcher.java:99)
	at org.apache.hadoop.ozone.container.common.statemachine.DatanodeStateMachine.lambda$initCommandHandlerThread$2(DatanodeStateMachine.java:555)
	at java.lang.Thread.run(Thread.java:748)
Caused by: org.apache.ratis.protocol.exceptions.GroupMismatchException: a740fbed-e693-489f-a49e-1d40bdde1dba: Group group-E1F4AFD4610E not found.
	at org.apache.ratis.server.impl.RaftServerProxy.groupRemoveAsync(RaftServerProxy.java:504)
	at org.apache.ratis.server.impl.RaftServerProxy.groupManagementAsync(RaftServerProxy.java:460)
	at org.apache.ratis.server.impl.RaftServerProxy.groupManagement(RaftServerProxy.java:440)
	at org.apache.hadoop.ozone.container.common.transport.server.ratis.XceiverServerRatis.removeGroup(XceiverServerRatis.java:775)
	... 4 more
2021-08-04 12:53:36,693 [Command processor thread] WARN  server.RaftServer (RaftServerProxy.java:remove(101)) - a740fbed-e693-489f-a49e-1d40bdde1dba: does not contain group: group-E1F4AFD4610E
2021-08-04 12:53:36,693 [Command processor thread] ERROR commandhandler.ClosePipelineCommandHandler (ClosePipelineCommandHandler.java:handle(78)) - Can't close pipeline PipelineID=7833fe4e-75cb-4f47-b5d3-e1f4afd4610e
java.io.IOException: a740fbed-e693-489f-a49e-1d40bdde1dba: Group group-E1F4AFD4610E not found.
	at org.apache.hadoop.ozone.container.common.transport.server.ratis.XceiverServerRatis.removeGroup(XceiverServerRatis.java:777)
	at org.apache.hadoop.ozone.container.common.statemachine.commandhandler.ClosePipelineCommandHandler.handle(ClosePipelineCommandHandler.java:74)
	at org.apache.hadoop.ozone.container.common.statemachine.commandhandler.CommandDispatcher.handle(CommandDispatcher.java:99)
	at org.apache.hadoop.ozone.container.common.statemachine.DatanodeStateMachine.lambda$initCommandHandlerThread$2(DatanodeStateMachine.java:555)
	at java.lang.Thread.run(Thread.java:748)
Caused by: org.apache.ratis.protocol.exceptions.GroupMismatchException: a740fbed-e693-489f-a49e-1d40bdde1dba: Group group-E1F4AFD4610E not found.
	at org.apache.ratis.server.impl.RaftServerProxy.groupRemoveAsync(RaftServerProxy.java:504)
	at org.apache.ratis.server.impl.RaftServerProxy.groupManagementAsync(RaftServerProxy.java:460)
	at org.apache.ratis.server.impl.RaftServerProxy.groupManagement(RaftServerProxy.java:440)
	at org.apache.hadoop.ozone.container.common.transport.server.ratis.XceiverServerRatis.removeGroup(XceiverServerRatis.java:775)
	... 4 more
2021-08-04 12:53:36,693 [Command processor thread] WARN  server.RaftServer (RaftServerProxy.java:remove(101)) - a740fbed-e693-489f-a49e-1d40bdde1dba: does not contain group: group-E1F4AFD4610E
2021-08-04 12:53:36,693 [Command processor thread] ERROR commandhandler.ClosePipelineCommandHandler (ClosePipelineCommandHandler.java:handle(78)) - Can't close pipeline PipelineID=7833fe4e-75cb-4f47-b5d3-e1f4afd4610e
java.io.IOException: a740fbed-e693-489f-a49e-1d40bdde1dba: Group group-E1F4AFD4610E not found.
	at org.apache.hadoop.ozone.container.common.transport.server.ratis.XceiverServerRatis.removeGroup(XceiverServerRatis.java:777)
	at org.apache.hadoop.ozone.container.common.statemachine.commandhandler.ClosePipelineCommandHandler.handle(ClosePipelineCommandHandler.java:74)
	at org.apache.hadoop.ozone.container.common.statemachine.commandhandler.CommandDispatcher.handle(CommandDispatcher.java:99)
	at org.apache.hadoop.ozone.container.common.statemachine.DatanodeStateMachine.lambda$initCommandHandlerThread$2(DatanodeStateMachine.java:555)
	at java.lang.Thread.run(Thread.java:748)
Caused by: org.apache.ratis.protocol.exceptions.GroupMismatchException: a740fbed-e693-489f-a49e-1d40bdde1dba: Group group-E1F4AFD4610E not found.
	at org.apache.ratis.server.impl.RaftServerProxy.groupRemoveAsync(RaftServerProxy.java:504)
	at org.apache.ratis.server.impl.RaftServerProxy.groupManagementAsync(RaftServerProxy.java:460)
	at org.apache.ratis.server.impl.RaftServerProxy.groupManagement(RaftServerProxy.java:440)
	at org.apache.hadoop.ozone.container.common.transport.server.ratis.XceiverServerRatis.removeGroup(XceiverServerRatis.java:775)
	... 4 more
2021-08-04 12:53:37,075 [Command processor thread] INFO  server.RaftServer (RaftServerProxy.java:remove(106)) - 88f0382f-d36c-4133-a67a-5fc0f01e0506: remove    LEADER 88f0382f-d36c-4133-a67a-5fc0f01e0506@group-E1F4AFD4610E:t2, leader=88f0382f-d36c-4133-a67a-5fc0f01e0506, voted=88f0382f-d36c-4133-a67a-5fc0f01e0506, raftlog=88f0382f-d36c-4133-a67a-5fc0f01e0506@group-E1F4AFD4610E-SegmentedRaftLog:OPENED:c139,f139,i141, conf=0: [88f0382f-d36c-4133-a67a-5fc0f01e0506|rpc:10.1.0.56:40599|dataStream:|priority:1, ecba4485-89f3-43d9-9eed-a86080ca2af4|rpc:10.1.0.56:41981|dataStream:|priority:0, a740fbed-e693-489f-a49e-1d40bdde1dba|rpc:10.1.0.56:33891|dataStream:|priority:0], old=null RUNNING
2021-08-04 12:53:37,076 [Command processor thread] INFO  server.RaftServer$Division (RaftServerImpl.java:lambda$close$4(407)) - 88f0382f-d36c-4133-a67a-5fc0f01e0506@group-E1F4AFD4610E: shutdown
2021-08-04 12:53:37,076 [Command processor thread] INFO  util.JmxRegister (JmxRegister.java:unregister(73)) - Successfully un-registered JMX Bean with object name Ratis:service=RaftServer,group=group-E1F4AFD4610E,id=88f0382f-d36c-4133-a67a-5fc0f01e0506
2021-08-04 12:53:37,076 [Command processor thread] INFO  impl.RoleInfo (RoleInfo.java:shutdownLeaderState(91)) - 88f0382f-d36c-4133-a67a-5fc0f01e0506: shutdown 88f0382f-d36c-4133-a67a-5fc0f01e0506@group-E1F4AFD4610E-LeaderStateImpl
2021-08-04 12:53:37,077 [Command processor thread] INFO  impl.PendingRequests (PendingRequests.java:sendNotLeaderResponses(249)) - 88f0382f-d36c-4133-a67a-5fc0f01e0506@group-E1F4AFD4610E-PendingRequests: sendNotLeaderResponses
2021-08-04 12:53:37,077 [88f0382f-d36c-4133-a67a-5fc0f01e0506@group-E1F4AFD4610E->a740fbed-e693-489f-a49e-1d40bdde1dba-GrpcLogAppender-LogAppenderDaemon] WARN  server.GrpcLogAppender (GrpcLogAppender.java:mayWait(175)) - 88f0382f-d36c-4133-a67a-5fc0f01e0506@group-E1F4AFD4610E->a740fbed-e693-489f-a49e-1d40bdde1dba-GrpcLogAppender: Wait interrupted by java.lang.InterruptedException
2021-08-04 12:53:37,082 [grpc-default-executor-2] INFO  server.GrpcServerProtocolService (GrpcServerProtocolService.java:onCompleted(140)) - a740fbed-e693-489f-a49e-1d40bdde1dba: Completed APPEND_ENTRIES, lastRequest: 88f0382f-d36c-4133-a67a-5fc0f01e0506->a740fbed-e693-489f-a49e-1d40bdde1dba#1998-t2,previous=(t:2, i:140),leaderCommit=139,initializing? true,entries: size=1, first=(t:2, i:141), STATEMACHINELOGENTRY, 165@client-40577EE0814D
2021-08-04 12:53:37,080 [88f0382f-d36c-4133-a67a-5fc0f01e0506@group-E1F4AFD4610E->ecba4485-89f3-43d9-9eed-a86080ca2af4-GrpcLogAppender-LogAppenderDaemon] WARN  server.GrpcLogAppender (GrpcLogAppender.java:mayWait(175)) - 88f0382f-d36c-4133-a67a-5fc0f01e0506@group-E1F4AFD4610E->ecba4485-89f3-43d9-9eed-a86080ca2af4-GrpcLogAppender: Wait interrupted by java.lang.InterruptedException
2021-08-04 12:53:37,084 [grpc-default-executor-2] INFO  server.GrpcServerProtocolService (GrpcServerProtocolService.java:onCompleted(140)) - ecba4485-89f3-43d9-9eed-a86080ca2af4: Completed APPEND_ENTRIES, lastRequest: 88f0382f-d36c-4133-a67a-5fc0f01e0506->ecba4485-89f3-43d9-9eed-a86080ca2af4#2001-t2,previous=(t:2, i:140),leaderCommit=139,initializing? true,entries: size=1, first=(t:2, i:141), STATEMACHINELOGENTRY, 165@client-40577EE0814D
2021-08-04 12:53:37,086 [Command processor thread] INFO  impl.StateMachineUpdater (StateMachineUpdater.java:stopAndJoin(149)) - 88f0382f-d36c-4133-a67a-5fc0f01e0506@group-E1F4AFD4610E-StateMachineUpdater: set stopIndex = 139
2021-08-04 12:53:37,086 [88f0382f-d36c-4133-a67a-5fc0f01e0506@group-E1F4AFD4610E-StateMachineUpdater] ERROR ratis.ContainerStateMachine (ContainerStateMachine.java:takeSnapshot(285)) - Failed to take snapshot  for group-E1F4AFD4610E as the stateMachine is unhealthy. The last applied index is at (t:2, i:139)
2021-08-04 12:53:37,087 [88f0382f-d36c-4133-a67a-5fc0f01e0506@group-E1F4AFD4610E-StateMachineUpdater] ERROR impl.StateMachineUpdater (StateMachineUpdater.java:takeSnapshot(276)) - 88f0382f-d36c-4133-a67a-5fc0f01e0506@group-E1F4AFD4610E-StateMachineUpdater: Failed to take snapshot
org.apache.ratis.protocol.exceptions.StateMachineException: Failed to take snapshot  for group-E1F4AFD4610E as the stateMachine is unhealthy. The last applied index is at (t:2, i:139)
	at org.apache.hadoop.ozone.container.common.transport.server.ratis.ContainerStateMachine.takeSnapshot(ContainerStateMachine.java:284)
	at org.apache.ratis.server.impl.StateMachineUpdater.takeSnapshot(StateMachineUpdater.java:265)
	at org.apache.ratis.server.impl.StateMachineUpdater.checkAndTakeSnapshot(StateMachineUpdater.java:257)
	at org.apache.ratis.server.impl.StateMachineUpdater.run(StateMachineUpdater.java:180)
	at java.lang.Thread.run(Thread.java:748)
2021-08-04 12:53:37,087 [88f0382f-d36c-4133-a67a-5fc0f01e0506@group-E1F4AFD4610E-StateMachineUpdater] ERROR ratis.ContainerStateMachine (ContainerStateMachine.java:takeSnapshot(285)) - Failed to take snapshot  for group-E1F4AFD4610E as the stateMachine is unhealthy. The last applied index is at (t:2, i:139)
2021-08-04 12:53:37,087 [88f0382f-d36c-4133-a67a-5fc0f01e0506@group-E1F4AFD4610E-StateMachineUpdater] ERROR impl.StateMachineUpdater (StateMachineUpdater.java:takeSnapshot(276)) - 88f0382f-d36c-4133-a67a-5fc0f01e0506@group-E1F4AFD4610E-StateMachineUpdater: Failed to take snapshot
org.apache.ratis.protocol.exceptions.StateMachineException: Failed to take snapshot  for group-E1F4AFD4610E as the stateMachine is unhealthy. The last applied index is at (t:2, i:139)
	at org.apache.hadoop.ozone.container.common.transport.server.ratis.ContainerStateMachine.takeSnapshot(ContainerStateMachine.java:284)
	at org.apache.ratis.server.impl.StateMachineUpdater.takeSnapshot(StateMachineUpdater.java:265)
	at org.apache.ratis.server.impl.StateMachineUpdater.checkAndTakeSnapshot(StateMachineUpdater.java:257)
	at org.apache.ratis.server.impl.StateMachineUpdater.run(StateMachineUpdater.java:183)
	at java.lang.Thread.run(Thread.java:748)
2021-08-04 12:53:37,087 [grpc-default-executor-3] INFO  server.GrpcLogAppender (GrpcLogAppender.java:onCompleted(344)) - 88f0382f-d36c-4133-a67a-5fc0f01e0506@group-E1F4AFD4610E->a740fbed-e693-489f-a49e-1d40bdde1dba-AppendLogResponseHandler: follower responses appendEntries COMPLETED
2021-08-04 12:53:37,088 [grpc-default-executor-0] INFO  server.GrpcLogAppender (GrpcLogAppender.java:onCompleted(344)) - 88f0382f-d36c-4133-a67a-5fc0f01e0506@group-E1F4AFD4610E->ecba4485-89f3-43d9-9eed-a86080ca2af4-AppendLogResponseHandler: follower responses appendEntries COMPLETED
2021-08-04 12:53:37,089 [grpc-default-executor-3] INFO  leader.FollowerInfo (FollowerInfoImpl.java:lambda$new$0(46)) - 88f0382f-d36c-4133-a67a-5fc0f01e0506@group-E1F4AFD4610E->a740fbed-e693-489f-a49e-1d40bdde1dba: nextIndex: updateUnconditionally 142 -> 140
2021-08-04 12:53:37,094 [grpc-default-executor-0] INFO  leader.FollowerInfo (FollowerInfoImpl.java:lambda$new$0(46)) - 88f0382f-d36c-4133-a67a-5fc0f01e0506@group-E1F4AFD4610E->ecba4485-89f3-43d9-9eed-a86080ca2af4: nextIndex: updateUnconditionally 142 -> 140
2021-08-04 12:53:37,096 [Command processor thread] INFO  server.RaftServer$Division (ServerState.java:close(419)) - 88f0382f-d36c-4133-a67a-5fc0f01e0506@group-E1F4AFD4610E: closes. applyIndex: 139
2021-08-04 12:53:37,096 [88f0382f-d36c-4133-a67a-5fc0f01e0506@group-E1F4AFD4610E-SegmentedRaftLogWorker] INFO  segmented.SegmentedRaftLogWorker (SegmentedRaftLogWorker.java:run(327)) - 88f0382f-d36c-4133-a67a-5fc0f01e0506@group-E1F4AFD4610E-SegmentedRaftLogWorker was interrupted, exiting. There are 0 tasks remaining in the queue.
2021-08-04 12:53:37,097 [Command processor thread] INFO  segmented.SegmentedRaftLogWorker (SegmentedRaftLogWorker.java:close(237)) - 88f0382f-d36c-4133-a67a-5fc0f01e0506@group-E1F4AFD4610E-SegmentedRaftLogWorker close()
2021-08-04 12:53:37,100 [Command processor thread] ERROR commandhandler.ClosePipelineCommandHandler (ClosePipelineCommandHandler.java:handle(78)) - Can't close pipeline PipelineID=7833fe4e-75cb-4f47-b5d3-e1f4afd4610e
java.io.IOException: org.yaml.snakeyaml.error.YAMLException: java.io.IOException: No space left on device
	at org.apache.hadoop.ozone.container.common.transport.server.ratis.XceiverServerRatis.removeGroup(XceiverServerRatis.java:777)
	at org.apache.hadoop.ozone.container.common.statemachine.commandhandler.ClosePipelineCommandHandler.handle(ClosePipelineCommandHandler.java:74)
	at org.apache.hadoop.ozone.container.common.statemachine.commandhandler.CommandDispatcher.handle(CommandDispatcher.java:99)
	at org.apache.hadoop.ozone.container.common.statemachine.DatanodeStateMachine.lambda$initCommandHandlerThread$2(DatanodeStateMachine.java:555)
	at java.lang.Thread.run(Thread.java:748)
Caused by: java.io.IOException: org.yaml.snakeyaml.error.YAMLException: java.io.IOException: No space left on device
	at org.apache.ratis.util.IOUtils.asIOException(IOUtils.java:56)
	at org.apache.ratis.server.impl.RaftServerImpl.waitForReply(RaftServerImpl.java:898)
	at org.apache.ratis.server.impl.RaftServerProxy.groupManagement(RaftServerProxy.java:440)
	at org.apache.hadoop.ozone.container.common.transport.server.ratis.XceiverServerRatis.removeGroup(XceiverServerRatis.java:775)
	... 4 more
Caused by: org.yaml.snakeyaml.error.YAMLException: java.io.IOException: No space left on device
	at org.yaml.snakeyaml.Yaml.dumpAll(Yaml.java:280)
	at org.yaml.snakeyaml.Yaml.dump(Yaml.java:256)
	at org.apache.hadoop.ozone.container.common.impl.ContainerDataYaml.createContainerFile(ContainerDataYaml.java:96)
	at org.apache.hadoop.ozone.container.keyvalue.KeyValueContainer.writeToContainerFile(KeyValueContainer.java:220)
	at org.apache.hadoop.ozone.container.keyvalue.KeyValueContainer.updateContainerFile(KeyValueContainer.java:255)
	at org.apache.hadoop.ozone.container.keyvalue.KeyValueContainer.updateContainerData(KeyValueContainer.java:366)
	at org.apache.hadoop.ozone.container.keyvalue.KeyValueContainer.markContainerForClose(KeyValueContainer.java:286)
	at org.apache.hadoop.ozone.container.keyvalue.KeyValueHandler.markContainerForClose(KeyValueHandler.java:932)
	at org.apache.hadoop.ozone.container.ozoneimpl.ContainerController.markContainerForClose(ContainerController.java:84)
	at org.apache.hadoop.ozone.container.common.transport.server.ratis.ContainerStateMachine.notifyGroupRemove(ContainerStateMachine.java:901)
	at org.apache.ratis.server.impl.RaftServerImpl.groupRemove(RaftServerImpl.java:372)
	at org.apache.ratis.server.impl.RaftServerProxy.lambda$groupRemoveAsync$14(RaftServerProxy.java:507)
	at java.util.concurrent.CompletableFuture.uniApply(CompletableFuture.java:616)
	at java.util.concurrent.CompletableFuture.uniApplyStage(CompletableFuture.java:628)
	at java.util.concurrent.CompletableFuture.thenApply(CompletableFuture.java:1996)
	at org.apache.ratis.server.impl.RaftServerProxy.groupRemoveAsync(RaftServerProxy.java:506)
	at org.apache.ratis.server.impl.RaftServerProxy.groupManagementAsync(RaftServerProxy.java:460)
	... 6 more
Caused by: java.io.IOException: No space left on device
	at java.io.FileOutputStream.writeBytes(Native Method)
	at java.io.FileOutputStream.write(FileOutputStream.java:326)
	at sun.nio.cs.StreamEncoder.writeBytes(StreamEncoder.java:221)
	at sun.nio.cs.StreamEncoder.implFlushBuffer(StreamEncoder.java:291)
	at sun.nio.cs.StreamEncoder.implFlush(StreamEncoder.java:295)
	at sun.nio.cs.StreamEncoder.flush(StreamEncoder.java:141)
	at java.io.OutputStreamWriter.flush(OutputStreamWriter.java:229)
	at org.yaml.snakeyaml.emitter.Emitter.flushStream(Emitter.java:1078)
	at org.yaml.snakeyaml.emitter.Emitter$ExpectDocumentEnd.expect(Emitter.java:368)
	at org.yaml.snakeyaml.emitter.Emitter.emit(Emitter.java:220)
	at org.yaml.snakeyaml.serializer.Serializer.serialize(Serializer.java:115)
	at org.yaml.snakeyaml.Yaml.dumpAll(Yaml.java:276)
	... 22 more
2021-08-04 12:53:37,104 [Datanode State Machine Thread - 0] WARN  statemachine.StateContext (StateContext.java:execute(621)) - No available thread in pool for past 1 seconds.
2021-08-04 12:53:37,104 [Command processor thread] ERROR statemachine.DatanodeStateMachine (DatanodeStateMachine.java:lambda$getCommandHandlerThread$3(584)) - Critical Error : Command processor thread encountered an error. Thread: Thread[Command processor thread,5,main]
org.yaml.snakeyaml.error.YAMLException: java.io.IOException: No space left on device
	at org.yaml.snakeyaml.Yaml.dumpAll(Yaml.java:280)
	at org.yaml.snakeyaml.Yaml.dump(Yaml.java:256)
	at org.apache.hadoop.ozone.container.common.impl.ContainerDataYaml.createContainerFile(ContainerDataYaml.java:96)
	at org.apache.hadoop.ozone.container.keyvalue.KeyValueContainer.writeToContainerFile(KeyValueContainer.java:220)
	at org.apache.hadoop.ozone.container.keyvalue.KeyValueContainer.updateContainerFile(KeyValueContainer.java:255)
	at org.apache.hadoop.ozone.container.keyvalue.KeyValueContainer.updateContainerData(KeyValueContainer.java:366)
	at org.apache.hadoop.ozone.container.keyvalue.KeyValueContainer.markContainerUnhealthy(KeyValueContainer.java:297)
	at org.apache.hadoop.ozone.container.keyvalue.KeyValueHandler.markContainerUnhealthy(KeyValueHandler.java:947)
	at org.apache.hadoop.ozone.container.ozoneimpl.ContainerController.markContainerUnhealthy(ContainerController.java:97)
	at org.apache.hadoop.ozone.container.common.statemachine.commandhandler.CloseContainerCommandHandler.handle(CloseContainerCommandHandler.java:107)
	at org.apache.hadoop.ozone.container.common.statemachine.commandhandler.CommandDispatcher.handle(CommandDispatcher.java:99)
	at org.apache.hadoop.ozone.container.common.statemachine.DatanodeStateMachine.lambda$initCommandHandlerThread$2(DatanodeStateMachine.java:555)
	at java.lang.Thread.run(Thread.java:748)
Caused by: java.io.IOException: No space left on device
	at java.io.FileOutputStream.writeBytes(Native Method)
	at java.io.FileOutputStream.write(FileOutputStream.java:326)
	at sun.nio.cs.StreamEncoder.writeBytes(StreamEncoder.java:221)
	at sun.nio.cs.StreamEncoder.implFlushBuffer(StreamEncoder.java:291)
	at sun.nio.cs.StreamEncoder.implFlush(StreamEncoder.java:295)
	at sun.nio.cs.StreamEncoder.flush(StreamEncoder.java:141)
	at java.io.OutputStreamWriter.flush(OutputStreamWriter.java:229)
	at org.yaml.snakeyaml.emitter.Emitter.flushStream(Emitter.java:1078)
	at org.yaml.snakeyaml.emitter.Emitter$ExpectDocumentEnd.expect(Emitter.java:368)
	at org.yaml.snakeyaml.emitter.Emitter.emit(Emitter.java:220)
	at org.yaml.snakeyaml.serializer.Serializer.serialize(Serializer.java:115)
	at org.yaml.snakeyaml.Yaml.dumpAll(Yaml.java:276)
	... 12 more
2021-08-04 12:53:37,114 [Command processor thread] ERROR statemachine.DatanodeStateMachine (DatanodeStateMachine.java:lambda$getCommandHandlerThread$3(584)) - Critical Error : Command processor thread encountered an error. Thread: Thread[Command processor thread,5,main]
org.yaml.snakeyaml.error.YAMLException: java.io.IOException: No space left on device
	at org.yaml.snakeyaml.Yaml.dumpAll(Yaml.java:280)
	at org.yaml.snakeyaml.Yaml.dump(Yaml.java:256)
	at org.apache.hadoop.ozone.container.common.impl.ContainerDataYaml.createContainerFile(ContainerDataYaml.java:96)
	at org.apache.hadoop.ozone.container.keyvalue.KeyValueContainer.writeToContainerFile(KeyValueContainer.java:220)
	at org.apache.hadoop.ozone.container.keyvalue.KeyValueContainer.updateContainerFile(KeyValueContainer.java:255)
	at org.apache.hadoop.ozone.container.keyvalue.KeyValueContainer.updateContainerData(KeyValueContainer.java:366)
	at org.apache.hadoop.ozone.container.keyvalue.KeyValueContainer.markContainerForClose(KeyValueContainer.java:286)
	at org.apache.hadoop.ozone.container.keyvalue.KeyValueHandler.markContainerForClose(KeyValueHandler.java:932)
	at org.apache.hadoop.ozone.container.ozoneimpl.ContainerController.markContainerForClose(ContainerController.java:84)
	at org.apache.hadoop.ozone.container.common.statemachine.commandhandler.CloseContainerCommandHandler.handle(CloseContainerCommandHandler.java:91)
	at org.apache.hadoop.ozone.container.common.statemachine.commandhandler.CommandDispatcher.handle(CommandDispatcher.java:99)
	at org.apache.hadoop.ozone.container.common.statemachine.DatanodeStateMachine.lambda$initCommandHandlerThread$2(DatanodeStateMachine.java:555)
	at java.lang.Thread.run(Thread.java:748)
Caused by: java.io.IOException: No space left on device
	at java.io.FileOutputStream.writeBytes(Native Method)
	at java.io.FileOutputStream.write(FileOutputStream.java:326)
	at sun.nio.cs.StreamEncoder.writeBytes(StreamEncoder.java:221)
	at sun.nio.cs.StreamEncoder.implFlushBuffer(StreamEncoder.java:291)
	at sun.nio.cs.StreamEncoder.implFlush(StreamEncoder.java:295)
	at sun.nio.cs.StreamEncoder.flush(StreamEncoder.java:141)
	at java.io.OutputStreamWriter.flush(OutputStreamWriter.java:229)
	at org.yaml.snakeyaml.emitter.Emitter.flushStream(Emitter.java:1078)
	at org.yaml.snakeyaml.emitter.Emitter$ExpectDocumentEnd.expect(Emitter.java:368)
	at org.yaml.snakeyaml.emitter.Emitter.emit(Emitter.java:220)
	at org.yaml.snakeyaml.serializer.Serializer.serialize(Serializer.java:115)
	at org.yaml.snakeyaml.Yaml.dumpAll(Yaml.java:276)
	... 12 more
2021-08-04 12:53:37,117 [Command processor thread] WARN  server.RaftServer (RaftServerProxy.java:remove(101)) - 88f0382f-d36c-4133-a67a-5fc0f01e0506: does not contain group: group-E1F4AFD4610E
2021-08-04 12:53:37,117 [Command processor thread] ERROR commandhandler.ClosePipelineCommandHandler (ClosePipelineCommandHandler.java:handle(78)) - Can't close pipeline PipelineID=7833fe4e-75cb-4f47-b5d3-e1f4afd4610e
java.io.IOException: 88f0382f-d36c-4133-a67a-5fc0f01e0506: Group group-E1F4AFD4610E not found.
	at org.apache.hadoop.ozone.container.common.transport.server.ratis.XceiverServerRatis.removeGroup(XceiverServerRatis.java:777)
	at org.apache.hadoop.ozone.container.common.statemachine.commandhandler.ClosePipelineCommandHandler.handle(ClosePipelineCommandHandler.java:74)
	at org.apache.hadoop.ozone.container.common.statemachine.commandhandler.CommandDispatcher.handle(CommandDispatcher.java:99)
	at org.apache.hadoop.ozone.container.common.statemachine.DatanodeStateMachine.lambda$initCommandHandlerThread$2(DatanodeStateMachine.java:555)
	at java.lang.Thread.run(Thread.java:748)
Caused by: org.apache.ratis.protocol.exceptions.GroupMismatchException: 88f0382f-d36c-4133-a67a-5fc0f01e0506: Group group-E1F4AFD4610E not found.
	at org.apache.ratis.server.impl.RaftServerProxy.groupRemoveAsync(RaftServerProxy.java:504)
	at org.apache.ratis.server.impl.RaftServerProxy.groupManagementAsync(RaftServerProxy.java:460)
	at org.apache.ratis.server.impl.RaftServerProxy.groupManagement(RaftServerProxy.java:440)
	at org.apache.hadoop.ozone.container.common.transport.server.ratis.XceiverServerRatis.removeGroup(XceiverServerRatis.java:775)
	... 4 more
2021-08-04 12:53:37,117 [Command processor thread] WARN  server.RaftServer (RaftServerProxy.java:remove(101)) - 88f0382f-d36c-4133-a67a-5fc0f01e0506: does not contain group: group-E1F4AFD4610E
2021-08-04 12:53:37,117 [Command processor thread] ERROR commandhandler.ClosePipelineCommandHandler (ClosePipelineCommandHandler.java:handle(78)) - Can't close pipeline PipelineID=7833fe4e-75cb-4f47-b5d3-e1f4afd4610e
java.io.IOException: 88f0382f-d36c-4133-a67a-5fc0f01e0506: Group group-E1F4AFD4610E not found.
	at org.apache.hadoop.ozone.container.common.transport.server.ratis.XceiverServerRatis.removeGroup(XceiverServerRatis.java:777)
	at org.apache.hadoop.ozone.container.common.statemachine.commandhandler.ClosePipelineCommandHandler.handle(ClosePipelineCommandHandler.java:74)
	at org.apache.hadoop.ozone.container.common.statemachine.commandhandler.CommandDispatcher.handle(CommandDispatcher.java:99)
	at org.apache.hadoop.ozone.container.common.statemachine.DatanodeStateMachine.lambda$initCommandHandlerThread$2(DatanodeStateMachine.java:555)
	at java.lang.Thread.run(Thread.java:748)
Caused by: org.apache.ratis.protocol.exceptions.GroupMismatchException: 88f0382f-d36c-4133-a67a-5fc0f01e0506: Group group-E1F4AFD4610E not found.
	at org.apache.ratis.server.impl.RaftServerProxy.groupRemoveAsync(RaftServerProxy.java:504)
	at org.apache.ratis.server.impl.RaftServerProxy.groupManagementAsync(RaftServerProxy.java:460)
	at org.apache.ratis.server.impl.RaftServerProxy.groupManagement(RaftServerProxy.java:440)
	at org.apache.hadoop.ozone.container.common.transport.server.ratis.XceiverServerRatis.removeGroup(XceiverServerRatis.java:775)
	... 4 more
2021-08-04 12:53:44,135 [Time-limited test] WARN  io.KeyOutputStream (KeyOutputStream.java:handleException(318)) - Encountered exception java.io.IOException: Unexpected Storage Container Exception: java.util.concurrent.CompletionException: Failed to write chunk 107544261427200021_chunk_3 into block conID: 17 locID: 107544261427200021 bcsId: 135 on the pipeline Pipeline[ Id: 7833fe4e-75cb-4f47-b5d3-e1f4afd4610e, Nodes: ecba4485-89f3-43d9-9eed-a86080ca2af4{ip: 10.1.0.56, host: fv-az294-656.eaanfquahm5ulb5tj050gcxych.jx.internal.cloudapp.net, ports: [REPLICATION=46339, RATIS=41981, RATIS_ADMIN=41981, RATIS_SERVER=41981, STANDALONE=46613], networkLocation: /default-rack, certSerialId: null, persistedOpState: IN_SERVICE, persistedOpStateExpiryEpochSec: 0}88f0382f-d36c-4133-a67a-5fc0f01e0506{ip: 10.1.0.56, host: fv-az294-656.eaanfquahm5ulb5tj050gcxych.jx.internal.cloudapp.net, ports: [REPLICATION=38965, RATIS=40599, RATIS_ADMIN=40599, RATIS_SERVER=40599, STANDALONE=43317], networkLocation: /default-rack, certSerialId: null, persistedOpState: IN_SERVICE, persistedOpStateExpiryEpochSec: 0}a740fbed-e693-489f-a49e-1d40bdde1dba{ip: 10.1.0.56, host: fv-az294-656.eaanfquahm5ulb5tj050gcxych.jx.internal.cloudapp.net, ports: [REPLICATION=34881, RATIS=33891, RATIS_ADMIN=33891, RATIS_SERVER=33891, STANDALONE=43951], networkLocation: /default-rack, certSerialId: null, persistedOpState: IN_SERVICE, persistedOpStateExpiryEpochSec: 0}, ReplicationConfig: RATIS/THREE, State:OPEN, leaderId:88f0382f-d36c-4133-a67a-5fc0f01e0506, CreationTimestamp2021-08-04T12:52:58.765Z[Etc/UTC]]. The last committed block length is 1048576, uncommitted data length is 2097152 retry count 0
2021-08-04 12:53:44,168 [ChunkWriter-1-0] ERROR helpers.KeyValueContainerUtil (KeyValueContainerUtil.java:createContainerMetaData(90)) - Unable to create directory for metadata storage. Path: /home/runner/work/ozone/ozone/mnt/ozone/hadoop-ozone/integration-test/target/test-dir/MiniOzoneClusterImpl-3934b947-496f-4c0d-8e5c-b7fb60b641c1/datanode-4/data-0/containers/hdds/3934b947-496f-4c0d-8e5c-b7fb60b641c1/current/containerDir0/18/metadata
2021-08-04 12:53:44,168 [ChunkWriter-1-0] INFO  keyvalue.KeyValueHandler (ContainerUtils.java:logAndReturnError(89)) - Operation: CreateContainer , Trace ID:  , Message: Container creation failed. Unable to create directory for metadata storage. Path: /home/runner/work/ozone/ozone/mnt/ozone/hadoop-ozone/integration-test/target/test-dir/MiniOzoneClusterImpl-3934b947-496f-4c0d-8e5c-b7fb60b641c1/datanode-4/data-0/containers/hdds/3934b947-496f-4c0d-8e5c-b7fb60b641c1/current/containerDir0/18/metadata , Result: CONTAINER_INTERNAL_ERROR , StorageContainerException Occurred.
org.apache.hadoop.hdds.scm.container.common.helpers.StorageContainerException: Container creation failed. Unable to create directory for metadata storage. Path: /home/runner/work/ozone/ozone/mnt/ozone/hadoop-ozone/integration-test/target/test-dir/MiniOzoneClusterImpl-3934b947-496f-4c0d-8e5c-b7fb60b641c1/datanode-4/data-0/containers/hdds/3934b947-496f-4c0d-8e5c-b7fb60b641c1/current/containerDir0/18/metadata
	at org.apache.hadoop.ozone.container.keyvalue.KeyValueContainer.create(KeyValueContainer.java:171)
	at org.apache.hadoop.ozone.container.keyvalue.KeyValueHandler.handleCreateContainer(KeyValueHandler.java:265)
	at org.apache.hadoop.ozone.container.keyvalue.KeyValueHandler.dispatchRequest(KeyValueHandler.java:182)
	at org.apache.hadoop.ozone.container.keyvalue.KeyValueHandler.handle(KeyValueHandler.java:170)
	at org.apache.hadoop.ozone.container.common.impl.HddsDispatcher.createContainer(HddsDispatcher.java:423)
	at org.apache.hadoop.ozone.container.common.impl.HddsDispatcher.dispatchRequest(HddsDispatcher.java:258)
	at org.apache.hadoop.ozone.container.common.impl.HddsDispatcher.lambda$dispatch$0(HddsDispatcher.java:169)
	at org.apache.hadoop.hdds.server.OzoneProtocolMessageDispatcher.processRequest(OzoneProtocolMessageDispatcher.java:87)
	at org.apache.hadoop.ozone.container.common.impl.HddsDispatcher.dispatch(HddsDispatcher.java:168)
	at org.apache.hadoop.ozone.container.common.transport.server.ratis.ContainerStateMachine.dispatchCommand(ContainerStateMachine.java:398)
	at org.apache.hadoop.ozone.container.common.transport.server.ratis.ContainerStateMachine.runCommand(ContainerStateMachine.java:408)
	at org.apache.hadoop.ozone.container.common.transport.server.ratis.ContainerStateMachine.lambda$handleWriteChunk$1(ContainerStateMachine.java:439)
	at java.util.concurrent.CompletableFuture$AsyncSupply.run(CompletableFuture.java:1604)
	at java.util.concurrent.ThreadPoolExecutor.runWorker(ThreadPoolExecutor.java:1149)
	at java.util.concurrent.ThreadPoolExecutor$Worker.run(ThreadPoolExecutor.java:624)
	at java.lang.Thread.run(Thread.java:748)
Caused by: java.io.IOException: Unable to create directory for metadata storage. Path: /home/runner/work/ozone/ozone/mnt/ozone/hadoop-ozone/integration-test/target/test-dir/MiniOzoneClusterImpl-3934b947-496f-4c0d-8e5c-b7fb60b641c1/datanode-4/data-0/containers/hdds/3934b947-496f-4c0d-8e5c-b7fb60b641c1/current/containerDir0/18/metadata
	at org.apache.hadoop.ozone.container.keyvalue.helpers.KeyValueContainerUtil.createContainerMetaData(KeyValueContainerUtil.java:92)
	at org.apache.hadoop.ozone.container.keyvalue.KeyValueContainer.create(KeyValueContainer.java:139)
	... 15 more
12:53:44.168 [ChunkWriter-1-0] ERROR DNAudit - user=null | ip=null | op=WRITE_CHUNK {blockData=conID: 18 locID: 107544261427200022 bcsId: 0} | ret=FAILURE
org.apache.hadoop.hdds.scm.container.common.helpers.StorageContainerException: ContainerID 18 creation failed
	at org.apache.hadoop.ozone.container.common.impl.HddsDispatcher.dispatchRequest(HddsDispatcher.java:262) ~[hdds-container-service-1.2.0-SNAPSHOT.jar:?]
	at org.apache.hadoop.ozone.container.common.impl.HddsDispatcher.lambda$dispatch$0(HddsDispatcher.java:169) ~[hdds-container-service-1.2.0-SNAPSHOT.jar:?]
	at org.apache.hadoop.hdds.server.OzoneProtocolMessageDispatcher.processRequest(OzoneProtocolMessageDispatcher.java:87) ~[hdds-server-framework-1.2.0-SNAPSHOT.jar:?]
	at org.apache.hadoop.ozone.container.common.impl.HddsDispatcher.dispatch(HddsDispatcher.java:168) ~[hdds-container-service-1.2.0-SNAPSHOT.jar:?]
	at org.apache.hadoop.ozone.container.common.transport.server.ratis.ContainerStateMachine.dispatchCommand(ContainerStateMachine.java:398) ~[hdds-container-service-1.2.0-SNAPSHOT.jar:?]
	at org.apache.hadoop.ozone.container.common.transport.server.ratis.ContainerStateMachine.runCommand(ContainerStateMachine.java:408) ~[hdds-container-service-1.2.0-SNAPSHOT.jar:?]
	at org.apache.hadoop.ozone.container.common.transport.server.ratis.ContainerStateMachine.lambda$handleWriteChunk$1(ContainerStateMachine.java:439) ~[hdds-container-service-1.2.0-SNAPSHOT.jar:?]
	at java.util.concurrent.CompletableFuture$AsyncSupply.run(CompletableFuture.java:1604) [?:1.8.0_292]
	at java.util.concurrent.ThreadPoolExecutor.runWorker(ThreadPoolExecutor.java:1149) [?:1.8.0_292]
	at java.util.concurrent.ThreadPoolExecutor$Worker.run(ThreadPoolExecutor.java:624) [?:1.8.0_292]
	at java.lang.Thread.run(Thread.java:748) [?:1.8.0_292]
2021-08-04 12:53:44,169 [ChunkWriter-1-0] INFO  impl.HddsDispatcher (ContainerUtils.java:logAndReturnError(89)) - Operation: WriteChunk , Trace ID:  , Message: ContainerID 18 creation failed , Result: CONTAINER_INTERNAL_ERROR , StorageContainerException Occurred.
org.apache.hadoop.hdds.scm.container.common.helpers.StorageContainerException: ContainerID 18 creation failed
	at org.apache.hadoop.ozone.container.common.impl.HddsDispatcher.dispatchRequest(HddsDispatcher.java:262)
	at org.apache.hadoop.ozone.container.common.impl.HddsDispatcher.lambda$dispatch$0(HddsDispatcher.java:169)
	at org.apache.hadoop.hdds.server.OzoneProtocolMessageDispatcher.processRequest(OzoneProtocolMessageDispatcher.java:87)
	at org.apache.hadoop.ozone.container.common.impl.HddsDispatcher.dispatch(HddsDispatcher.java:168)
	at org.apache.hadoop.ozone.container.common.transport.server.ratis.ContainerStateMachine.dispatchCommand(ContainerStateMachine.java:398)
	at org.apache.hadoop.ozone.container.common.transport.server.ratis.ContainerStateMachine.runCommand(ContainerStateMachine.java:408)
	at org.apache.hadoop.ozone.container.common.transport.server.ratis.ContainerStateMachine.lambda$handleWriteChunk$1(ContainerStateMachine.java:439)
	at java.util.concurrent.CompletableFuture$AsyncSupply.run(CompletableFuture.java:1604)
	at java.util.concurrent.ThreadPoolExecutor.runWorker(ThreadPoolExecutor.java:1149)
	at java.util.concurrent.ThreadPoolExecutor$Worker.run(ThreadPoolExecutor.java:624)
	at java.lang.Thread.run(Thread.java:748)
2021-08-04 12:53:44,180 [grpc-default-executor-2] ERROR ratis.ContainerStateMachine (ContainerStateMachine.java:lambda$handleWriteChunk$2(467)) - group-7752131FCA6F: writeChunk writeStateMachineData failed: blockIdcontainerID: 18
localID: 107544261427200022
blockCommitSequenceId: 0
 logIndex 122 chunkName 107544261427200022_chunk_1 Error message: ContainerID 18 creation failed Container Result: CONTAINER_INTERNAL_ERROR
2021-08-04 12:53:44,182 [1fde95d9-bdfd-419d-a2d0-df997cc05e7b@group-7752131FCA6F-SegmentedRaftLogWorker] ERROR ratis.XceiverServerRatis (XceiverServerRatis.java:triggerPipelineClose(672)) - pipeline Action CLOSE on pipeline PipelineID=831eb4d0-59a2-42bd-b9ae-7752131fca6f.Reason : ContainerID 18 creation failed
2021-08-04 12:53:44,183 [Datanode State Machine Thread - 0] WARN  statemachine.StateContext (StateContext.java:execute(621)) - No available thread in pool for past 1 seconds.
2021-08-04 12:53:44,184 [EventQueue-PipelineActionsForPipelineActionHandler] INFO  pipeline.PipelineActionHandler (PipelineActionHandler.java:processPipelineAction(82)) - Received pipeline action CLOSE for PipelineID=831eb4d0-59a2-42bd-b9ae-7752131fca6f from datanode 1fde95d9-bdfd-419d-a2d0-df997cc05e7b. Reason : ContainerID 18 creation failed
2021-08-04 12:53:44,189 [EventQueue-PipelineActionsForPipelineActionHandler] INFO  pipeline.PipelineManagerV2Impl (PipelineManagerV2Impl.java:closePipeline(343)) - Pipeline Pipeline[ Id: 831eb4d0-59a2-42bd-b9ae-7752131fca6f, Nodes: 1fde95d9-bdfd-419d-a2d0-df997cc05e7b{ip: 10.1.0.56, host: fv-az294-656.eaanfquahm5ulb5tj050gcxych.jx.internal.cloudapp.net, ports: [REPLICATION=33681, RATIS=39635, RATIS_ADMIN=39635, RATIS_SERVER=39635, STANDALONE=40951], networkLocation: /default-rack, certSerialId: null, persistedOpState: IN_SERVICE, persistedOpStateExpiryEpochSec: 0}5c2c4581-d43b-414b-a208-354491e5ad2f{ip: 10.1.0.56, host: fv-az294-656.eaanfquahm5ulb5tj050gcxych.jx.internal.cloudapp.net, ports: [REPLICATION=41651, RATIS=37701, RATIS_ADMIN=37701, RATIS_SERVER=37701, STANDALONE=41127], networkLocation: /default-rack, certSerialId: null, persistedOpState: IN_SERVICE, persistedOpStateExpiryEpochSec: 0}ce51d6d9-39d5-43a4-bc10-fd7a21d28186{ip: 10.1.0.56, host: fv-az294-656.eaanfquahm5ulb5tj050gcxych.jx.internal.cloudapp.net, ports: [REPLICATION=41991, RATIS=37353, RATIS_ADMIN=37353, RATIS_SERVER=37353, STANDALONE=46131], networkLocation: /default-rack, certSerialId: null, persistedOpState: IN_SERVICE, persistedOpStateExpiryEpochSec: 0}, ReplicationConfig: RATIS/THREE, State:OPEN, leaderId:1fde95d9-bdfd-419d-a2d0-df997cc05e7b, CreationTimestamp2021-08-04T12:52:59.419Z[Etc/UTC]] moved to CLOSED state
2021-08-04 12:53:44,189 [EventQueue-PipelineActionsForPipelineActionHandler] INFO  pipeline.RatisPipelineProvider (RatisPipelineProvider.java:lambda$close$1(222)) - Send pipeline:PipelineID=831eb4d0-59a2-42bd-b9ae-7752131fca6f close command to datanode 1fde95d9-bdfd-419d-a2d0-df997cc05e7b
2021-08-04 12:53:44,189 [EventQueue-PipelineActionsForPipelineActionHandler] INFO  pipeline.RatisPipelineProvider (RatisPipelineProvider.java:lambda$close$1(222)) - Send pipeline:PipelineID=831eb4d0-59a2-42bd-b9ae-7752131fca6f close command to datanode 5c2c4581-d43b-414b-a208-354491e5ad2f
2021-08-04 12:53:44,189 [EventQueue-PipelineActionsForPipelineActionHandler] INFO  pipeline.RatisPipelineProvider (RatisPipelineProvider.java:lambda$close$1(222)) - Send pipeline:PipelineID=831eb4d0-59a2-42bd-b9ae-7752131fca6f close command to datanode ce51d6d9-39d5-43a4-bc10-fd7a21d28186
2021-08-04 12:53:44,189 [EventQueue-PipelineActionsForPipelineActionHandler] INFO  pipeline.PipelineStateManager (PipelineStateManagerV2Impl.java:removePipeline(211)) - Pipeline Pipeline[ Id: 831eb4d0-59a2-42bd-b9ae-7752131fca6f, Nodes: 1fde95d9-bdfd-419d-a2d0-df997cc05e7b{ip: 10.1.0.56, host: fv-az294-656.eaanfquahm5ulb5tj050gcxych.jx.internal.cloudapp.net, ports: [REPLICATION=33681, RATIS=39635, RATIS_ADMIN=39635, RATIS_SERVER=39635, STANDALONE=40951], networkLocation: /default-rack, certSerialId: null, persistedOpState: IN_SERVICE, persistedOpStateExpiryEpochSec: 0}5c2c4581-d43b-414b-a208-354491e5ad2f{ip: 10.1.0.56, host: fv-az294-656.eaanfquahm5ulb5tj050gcxych.jx.internal.cloudapp.net, ports: [REPLICATION=41651, RATIS=37701, RATIS_ADMIN=37701, RATIS_SERVER=37701, STANDALONE=41127], networkLocation: /default-rack, certSerialId: null, persistedOpState: IN_SERVICE, persistedOpStateExpiryEpochSec: 0}ce51d6d9-39d5-43a4-bc10-fd7a21d28186{ip: 10.1.0.56, host: fv-az294-656.eaanfquahm5ulb5tj050gcxych.jx.internal.cloudapp.net, ports: [REPLICATION=41991, RATIS=37353, RATIS_ADMIN=37353, RATIS_SERVER=37353, STANDALONE=46131], networkLocation: /default-rack, certSerialId: null, persistedOpState: IN_SERVICE, persistedOpStateExpiryEpochSec: 0}, ReplicationConfig: RATIS/THREE, State:CLOSED, leaderId:1fde95d9-bdfd-419d-a2d0-df997cc05e7b, CreationTimestamp2021-08-04T12:52:59.419Z[Etc/UTC]] removed.
2021-08-04 12:53:44,189 [EventQueue-CloseContainerForCloseContainerEventHandler] INFO  container.CloseContainerEventHandler (CloseContainerEventHandler.java:onMessage(69)) - Close container Event triggered for container : #18
2021-08-04 12:53:44,190 [EventQueue-CloseContainerForCloseContainerEventHandler] INFO  pipeline.PipelineStateManager (PipelineStateManagerV2Impl.java:removeContainerFromPipeline(237)) - Pipeline PipelineID=831eb4d0-59a2-42bd-b9ae-7752131fca6f is not found in the pipeline2ContainerMap. Pipeline may have been closed already.
2021-08-04 12:53:44,191 [1fde95d9-bdfd-419d-a2d0-df997cc05e7b@group-7752131FCA6F-SegmentedRaftLogWorker] ERROR ratis.XceiverServerRatis (XceiverServerRatis.java:triggerPipelineClose(672)) - pipeline Action CLOSE on pipeline PipelineID=831eb4d0-59a2-42bd-b9ae-7752131fca6f.Reason : Log already failed at index 122 for task WriteLog:122: (t:2, i:122), STATEMACHINELOGENTRY, cmdType: WriteChunk traceID: "" containerID: 18 datanodeUuid: "1fde95d9-bdfd-419d-a2d0-df997cc05e7b" pipelineID: "831eb4d0-59a2-42bd-b9ae-7752131fca6f" writeChunk { blockID { containerID: 18 localID: 107544261427200022 blockCommitSequenceId: 0 } chunkData { chunkName: "107544261427200022_chunk_1" offset: 0 len: 1048576 checksumData { type: NONE bytesPerChecksum: 1048576 } } }, container path=nonexistent
2021-08-04 12:53:44,194 [ChunkWriter-1-0] ERROR helpers.KeyValueContainerUtil (KeyValueContainerUtil.java:createContainerMetaData(90)) - Unable to create directory for metadata storage. Path: /home/runner/work/ozone/ozone/mnt/ozone/hadoop-ozone/integration-test/target/test-dir/MiniOzoneClusterImpl-3934b947-496f-4c0d-8e5c-b7fb60b641c1/datanode-4/data-0/containers/hdds/3934b947-496f-4c0d-8e5c-b7fb60b641c1/current/containerDir0/18/metadata
2021-08-04 12:53:44,194 [ChunkWriter-1-0] INFO  keyvalue.KeyValueHandler (ContainerUtils.java:logAndReturnError(89)) - Operation: CreateContainer , Trace ID:  , Message: Container creation failed. Unable to create directory for metadata storage. Path: /home/runner/work/ozone/ozone/mnt/ozone/hadoop-ozone/integration-test/target/test-dir/MiniOzoneClusterImpl-3934b947-496f-4c0d-8e5c-b7fb60b641c1/datanode-4/data-0/containers/hdds/3934b947-496f-4c0d-8e5c-b7fb60b641c1/current/containerDir0/18/metadata , Result: CONTAINER_INTERNAL_ERROR , StorageContainerException Occurred.
org.apache.hadoop.hdds.scm.container.common.helpers.StorageContainerException: Container creation failed. Unable to create directory for metadata storage. Path: /home/runner/work/ozone/ozone/mnt/ozone/hadoop-ozone/integration-test/target/test-dir/MiniOzoneClusterImpl-3934b947-496f-4c0d-8e5c-b7fb60b641c1/datanode-4/data-0/containers/hdds/3934b947-496f-4c0d-8e5c-b7fb60b641c1/current/containerDir0/18/metadata
	at org.apache.hadoop.ozone.container.keyvalue.KeyValueContainer.create(KeyValueContainer.java:171)
	at org.apache.hadoop.ozone.container.keyvalue.KeyValueHandler.handleCreateContainer(KeyValueHandler.java:265)
	at org.apache.hadoop.ozone.container.keyvalue.KeyValueHandler.dispatchRequest(KeyValueHandler.java:182)
	at org.apache.hadoop.ozone.container.keyvalue.KeyValueHandler.handle(KeyValueHandler.java:170)
	at org.apache.hadoop.ozone.container.common.impl.HddsDispatcher.createContainer(HddsDispatcher.java:423)
	at org.apache.hadoop.ozone.container.common.impl.HddsDispatcher.dispatchRequest(HddsDispatcher.java:258)
	at org.apache.hadoop.ozone.container.common.impl.HddsDispatcher.lambda$dispatch$0(HddsDispatcher.java:169)
	at org.apache.hadoop.hdds.server.OzoneProtocolMessageDispatcher.processRequest(OzoneProtocolMessageDispatcher.java:87)
	at org.apache.hadoop.ozone.container.common.impl.HddsDispatcher.dispatch(HddsDispatcher.java:168)
	at org.apache.hadoop.ozone.container.common.transport.server.ratis.ContainerStateMachine.dispatchCommand(ContainerStateMachine.java:398)
	at org.apache.hadoop.ozone.container.common.transport.server.ratis.ContainerStateMachine.runCommand(ContainerStateMachine.java:408)
	at org.apache.hadoop.ozone.container.common.transport.server.ratis.ContainerStateMachine.lambda$handleWriteChunk$1(ContainerStateMachine.java:439)
	at java.util.concurrent.CompletableFuture$AsyncSupply.run(CompletableFuture.java:1604)
	at java.util.concurrent.ThreadPoolExecutor.runWorker(ThreadPoolExecutor.java:1149)
	at java.util.concurrent.ThreadPoolExecutor$Worker.run(ThreadPoolExecutor.java:624)
	at java.lang.Thread.run(Thread.java:748)
Caused by: java.io.IOException: Unable to create directory for metadata storage. Path: /home/runner/work/ozone/ozone/mnt/ozone/hadoop-ozone/integration-test/target/test-dir/MiniOzoneClusterImpl-3934b947-496f-4c0d-8e5c-b7fb60b641c1/datanode-4/data-0/containers/hdds/3934b947-496f-4c0d-8e5c-b7fb60b641c1/current/containerDir0/18/metadata
	at org.apache.hadoop.ozone.container.keyvalue.helpers.KeyValueContainerUtil.createContainerMetaData(KeyValueContainerUtil.java:92)
	at org.apache.hadoop.ozone.container.keyvalue.KeyValueContainer.create(KeyValueContainer.java:139)
	... 15 more
12:53:44.195 [ChunkWriter-1-0] ERROR DNAudit - user=null | ip=null | op=WRITE_CHUNK {blockData=conID: 18 locID: 107544261427200022 bcsId: 0} | ret=FAILURE
org.apache.hadoop.hdds.scm.container.common.helpers.StorageContainerException: ContainerID 18 creation failed
	at org.apache.hadoop.ozone.container.common.impl.HddsDispatcher.dispatchRequest(HddsDispatcher.java:262) ~[hdds-container-service-1.2.0-SNAPSHOT.jar:?]
	at org.apache.hadoop.ozone.container.common.impl.HddsDispatcher.lambda$dispatch$0(HddsDispatcher.java:169) ~[hdds-container-service-1.2.0-SNAPSHOT.jar:?]
	at org.apache.hadoop.hdds.server.OzoneProtocolMessageDispatcher.processRequest(OzoneProtocolMessageDispatcher.java:87) ~[hdds-server-framework-1.2.0-SNAPSHOT.jar:?]
	at org.apache.hadoop.ozone.container.common.impl.HddsDispatcher.dispatch(HddsDispatcher.java:168) ~[hdds-container-service-1.2.0-SNAPSHOT.jar:?]
	at org.apache.hadoop.ozone.container.common.transport.server.ratis.ContainerStateMachine.dispatchCommand(ContainerStateMachine.java:398) ~[hdds-container-service-1.2.0-SNAPSHOT.jar:?]
	at org.apache.hadoop.ozone.container.common.transport.server.ratis.ContainerStateMachine.runCommand(ContainerStateMachine.java:408) ~[hdds-container-service-1.2.0-SNAPSHOT.jar:?]
	at org.apache.hadoop.ozone.container.common.transport.server.ratis.ContainerStateMachine.lambda$handleWriteChunk$1(ContainerStateMachine.java:439) ~[hdds-container-service-1.2.0-SNAPSHOT.jar:?]
	at java.util.concurrent.CompletableFuture$AsyncSupply.run(CompletableFuture.java:1604) [?:1.8.0_292]
	at java.util.concurrent.ThreadPoolExecutor.runWorker(ThreadPoolExecutor.java:1149) [?:1.8.0_292]
	at java.util.concurrent.ThreadPoolExecutor$Worker.run(ThreadPoolExecutor.java:624) [?:1.8.0_292]
	at java.lang.Thread.run(Thread.java:748) [?:1.8.0_292]
2021-08-04 12:53:44,195 [ChunkWriter-1-0] INFO  impl.HddsDispatcher (ContainerUtils.java:logAndReturnError(89)) - Operation: WriteChunk , Trace ID:  , Message: ContainerID 18 creation failed , Result: CONTAINER_INTERNAL_ERROR , StorageContainerException Occurred.
org.apache.hadoop.hdds.scm.container.common.helpers.StorageContainerException: ContainerID 18 creation failed
	at org.apache.hadoop.ozone.container.common.impl.HddsDispatcher.dispatchRequest(HddsDispatcher.java:262)
	at org.apache.hadoop.ozone.container.common.impl.HddsDispatcher.lambda$dispatch$0(HddsDispatcher.java:169)
	at org.apache.hadoop.hdds.server.OzoneProtocolMessageDispatcher.processRequest(OzoneProtocolMessageDispatcher.java:87)
	at org.apache.hadoop.ozone.container.common.impl.HddsDispatcher.dispatch(HddsDispatcher.java:168)
	at org.apache.hadoop.ozone.container.common.transport.server.ratis.ContainerStateMachine.dispatchCommand(ContainerStateMachine.java:398)
	at org.apache.hadoop.ozone.container.common.transport.server.ratis.ContainerStateMachine.runCommand(ContainerStateMachine.java:408)
	at org.apache.hadoop.ozone.container.common.transport.server.ratis.ContainerStateMachine.lambda$handleWriteChunk$1(ContainerStateMachine.java:439)
	at java.util.concurrent.CompletableFuture$AsyncSupply.run(CompletableFuture.java:1604)
	at java.util.concurrent.ThreadPoolExecutor.runWorker(ThreadPoolExecutor.java:1149)
	at java.util.concurrent.ThreadPoolExecutor$Worker.run(ThreadPoolExecutor.java:624)
	at java.lang.Thread.run(Thread.java:748)
2021-08-04 12:53:44,195 [ChunkWriter-1-0] ERROR ratis.ContainerStateMachine (ContainerStateMachine.java:lambda$handleWriteChunk$2(467)) - group-7752131FCA6F: writeChunk writeStateMachineData failed: blockIdcontainerID: 18
localID: 107544261427200022
blockCommitSequenceId: 0
 logIndex 124 chunkName 107544261427200022_chunk_2 Error message: ContainerID 18 creation failed Container Result: CONTAINER_INTERNAL_ERROR
2021-08-04 12:53:44,196 [1fde95d9-bdfd-419d-a2d0-df997cc05e7b@group-7752131FCA6F-SegmentedRaftLogWorker] ERROR ratis.XceiverServerRatis (XceiverServerRatis.java:triggerPipelineClose(672)) - pipeline Action CLOSE on pipeline PipelineID=831eb4d0-59a2-42bd-b9ae-7752131fca6f.Reason : Log already failed at index 122 for task WriteLog:122: (t:2, i:122), STATEMACHINELOGENTRY, cmdType: WriteChunk traceID: "" containerID: 18 datanodeUuid: "1fde95d9-bdfd-419d-a2d0-df997cc05e7b" pipelineID: "831eb4d0-59a2-42bd-b9ae-7752131fca6f" writeChunk { blockID { containerID: 18 localID: 107544261427200022 blockCommitSequenceId: 0 } chunkData { chunkName: "107544261427200022_chunk_1" offset: 0 len: 1048576 checksumData { type: NONE bytesPerChecksum: 1048576 } } }, container path=nonexistent
2021-08-04 12:53:44,197 [EventQueue-PipelineActionsForPipelineActionHandler] INFO  pipeline.PipelineActionHandler (PipelineActionHandler.java:processPipelineAction(82)) - Received pipeline action CLOSE for PipelineID=831eb4d0-59a2-42bd-b9ae-7752131fca6f from datanode 1fde95d9-bdfd-419d-a2d0-df997cc05e7b. Reason : Log already failed at index 122 for task WriteLog:122: (t:2, i:122), STATEMACHINELOGENTRY, cmdType: WriteChunk traceID: "" containerID: 18 datanodeUuid: "1fde95d9-bdfd-419d-a2d0-df997cc05e7b" pipelineID: "831eb4d0-59a2-42bd-b9ae-7752131fca6f" writeChunk { blockID { containerID: 18 localID: 107544261427200022 blockCommitSequenceId: 0 } chunkData { chunkName: "107544261427200022_chunk_1" offset: 0 len: 1048576 checksumData { type: NONE bytesPerChecksum: 1048576 } } }, container path=nonexistent
2021-08-04 12:53:44,197 [EventQueue-PipelineActionsForPipelineActionHandler] WARN  pipeline.PipelineActionHandler (PipelineActionHandler.java:processPipelineAction(93)) - Pipeline action CLOSE received for unknown pipeline PipelineID=831eb4d0-59a2-42bd-b9ae-7752131fca6f, firing close pipeline event.
2021-08-04 12:53:44,197 [EventQueue-PipelineActionsForPipelineActionHandler] INFO  pipeline.PipelineActionHandler (PipelineActionHandler.java:processPipelineAction(82)) - Received pipeline action CLOSE for PipelineID=831eb4d0-59a2-42bd-b9ae-7752131fca6f from datanode 1fde95d9-bdfd-419d-a2d0-df997cc05e7b. Reason : Log already failed at index 122 for task WriteLog:122: (t:2, i:122), STATEMACHINELOGENTRY, cmdType: WriteChunk traceID: "" containerID: 18 datanodeUuid: "1fde95d9-bdfd-419d-a2d0-df997cc05e7b" pipelineID: "831eb4d0-59a2-42bd-b9ae-7752131fca6f" writeChunk { blockID { containerID: 18 localID: 107544261427200022 blockCommitSequenceId: 0 } chunkData { chunkName: "107544261427200022_chunk_1" offset: 0 len: 1048576 checksumData { type: NONE bytesPerChecksum: 1048576 } } }, container path=nonexistent
2021-08-04 12:53:44,197 [EventQueue-PipelineActionsForPipelineActionHandler] WARN  pipeline.PipelineActionHandler (PipelineActionHandler.java:processPipelineAction(93)) - Pipeline action CLOSE received for unknown pipeline PipelineID=831eb4d0-59a2-42bd-b9ae-7752131fca6f, firing close pipeline event.
2021-08-04 12:53:44,198 [1fde95d9-bdfd-419d-a2d0-df997cc05e7b@group-7752131FCA6F-SegmentedRaftLogWorker] ERROR ratis.XceiverServerRatis (XceiverServerRatis.java:triggerPipelineClose(672)) - pipeline Action CLOSE on pipeline PipelineID=831eb4d0-59a2-42bd-b9ae-7752131fca6f.Reason : Log already failed at index 122 for task WriteLog:122: (t:2, i:122), STATEMACHINELOGENTRY, cmdType: WriteChunk traceID: "" containerID: 18 datanodeUuid: "1fde95d9-bdfd-419d-a2d0-df997cc05e7b" pipelineID: "831eb4d0-59a2-42bd-b9ae-7752131fca6f" writeChunk { blockID { containerID: 18 localID: 107544261427200022 blockCommitSequenceId: 0 } chunkData { chunkName: "107544261427200022_chunk_1" offset: 0 len: 1048576 checksumData { type: NONE bytesPerChecksum: 1048576 } } }, container path=nonexistent
2021-08-04 12:53:44,198 [Datanode State Machine Thread - 0] WARN  statemachine.StateContext (StateContext.java:execute(621)) - No available thread in pool for past 1 seconds.
2021-08-04 12:53:44,199 [EventQueue-PipelineActionsForPipelineActionHandler] INFO  pipeline.PipelineActionHandler (PipelineActionHandler.java:processPipelineAction(82)) - Received pipeline action CLOSE for PipelineID=831eb4d0-59a2-42bd-b9ae-7752131fca6f from datanode 1fde95d9-bdfd-419d-a2d0-df997cc05e7b. Reason : Log already failed at index 122 for task WriteLog:122: (t:2, i:122), STATEMACHINELOGENTRY, cmdType: WriteChunk traceID: "" containerID: 18 datanodeUuid: "1fde95d9-bdfd-419d-a2d0-df997cc05e7b" pipelineID: "831eb4d0-59a2-42bd-b9ae-7752131fca6f" writeChunk { blockID { containerID: 18 localID: 107544261427200022 blockCommitSequenceId: 0 } chunkData { chunkName: "107544261427200022_chunk_1" offset: 0 len: 1048576 checksumData { type: NONE bytesPerChecksum: 1048576 } } }, container path=nonexistent
2021-08-04 12:53:44,200 [EventQueue-PipelineActionsForPipelineActionHandler] WARN  pipeline.PipelineActionHandler (PipelineActionHandler.java:processPipelineAction(93)) - Pipeline action CLOSE received for unknown pipeline PipelineID=831eb4d0-59a2-42bd-b9ae-7752131fca6f, firing close pipeline event.
2021-08-04 12:53:44,188 [ChunkWriter-1-0] ERROR helpers.KeyValueContainerUtil (KeyValueContainerUtil.java:createContainerMetaData(90)) - Unable to create directory for metadata storage. Path: /home/runner/work/ozone/ozone/mnt/ozone/hadoop-ozone/integration-test/target/test-dir/MiniOzoneClusterImpl-3934b947-496f-4c0d-8e5c-b7fb60b641c1/datanode-3/data-0/containers/hdds/3934b947-496f-4c0d-8e5c-b7fb60b641c1/current/containerDir0/18/metadata
2021-08-04 12:53:44,211 [ChunkWriter-1-0] INFO  keyvalue.KeyValueHandler (ContainerUtils.java:logAndReturnError(89)) - Operation: CreateContainer , Trace ID:  , Message: Container creation failed. Unable to create directory for metadata storage. Path: /home/runner/work/ozone/ozone/mnt/ozone/hadoop-ozone/integration-test/target/test-dir/MiniOzoneClusterImpl-3934b947-496f-4c0d-8e5c-b7fb60b641c1/datanode-3/data-0/containers/hdds/3934b947-496f-4c0d-8e5c-b7fb60b641c1/current/containerDir0/18/metadata , Result: CONTAINER_INTERNAL_ERROR , StorageContainerException Occurred.
org.apache.hadoop.hdds.scm.container.common.helpers.StorageContainerException: Container creation failed. Unable to create directory for metadata storage. Path: /home/runner/work/ozone/ozone/mnt/ozone/hadoop-ozone/integration-test/target/test-dir/MiniOzoneClusterImpl-3934b947-496f-4c0d-8e5c-b7fb60b641c1/datanode-3/data-0/containers/hdds/3934b947-496f-4c0d-8e5c-b7fb60b641c1/current/containerDir0/18/metadata
	at org.apache.hadoop.ozone.container.keyvalue.KeyValueContainer.create(KeyValueContainer.java:171)
	at org.apache.hadoop.ozone.container.keyvalue.KeyValueHandler.handleCreateContainer(KeyValueHandler.java:265)
	at org.apache.hadoop.ozone.container.keyvalue.KeyValueHandler.dispatchRequest(KeyValueHandler.java:182)
	at org.apache.hadoop.ozone.container.keyvalue.KeyValueHandler.handle(KeyValueHandler.java:170)
	at org.apache.hadoop.ozone.container.common.impl.HddsDispatcher.createContainer(HddsDispatcher.java:423)
	at org.apache.hadoop.ozone.container.common.impl.HddsDispatcher.dispatchRequest(HddsDispatcher.java:258)
	at org.apache.hadoop.ozone.container.common.impl.HddsDispatcher.lambda$dispatch$0(HddsDispatcher.java:169)
	at org.apache.hadoop.hdds.server.OzoneProtocolMessageDispatcher.processRequest(OzoneProtocolMessageDispatcher.java:87)
	at org.apache.hadoop.ozone.container.common.impl.HddsDispatcher.dispatch(HddsDispatcher.java:168)
	at org.apache.hadoop.ozone.container.common.transport.server.ratis.ContainerStateMachine.dispatchCommand(ContainerStateMachine.java:398)
	at org.apache.hadoop.ozone.container.common.transport.server.ratis.ContainerStateMachine.runCommand(ContainerStateMachine.java:408)
	at org.apache.hadoop.ozone.container.common.transport.server.ratis.ContainerStateMachine.lambda$handleWriteChunk$1(ContainerStateMachine.java:439)
	at java.util.concurrent.CompletableFuture$AsyncSupply.run(CompletableFuture.java:1604)
	at java.util.concurrent.ThreadPoolExecutor.runWorker(ThreadPoolExecutor.java:1149)
	at java.util.concurrent.ThreadPoolExecutor$Worker.run(ThreadPoolExecutor.java:624)
	at java.lang.Thread.run(Thread.java:748)
Caused by: java.io.IOException: Unable to create directory for metadata storage. Path: /home/runner/work/ozone/ozone/mnt/ozone/hadoop-ozone/integration-test/target/test-dir/MiniOzoneClusterImpl-3934b947-496f-4c0d-8e5c-b7fb60b641c1/datanode-3/data-0/containers/hdds/3934b947-496f-4c0d-8e5c-b7fb60b641c1/current/containerDir0/18/metadata
	at org.apache.hadoop.ozone.container.keyvalue.helpers.KeyValueContainerUtil.createContainerMetaData(KeyValueContainerUtil.java:92)
	at org.apache.hadoop.ozone.container.keyvalue.KeyValueContainer.create(KeyValueContainer.java:139)
	... 15 more
12:53:44.211 [ChunkWriter-1-0] ERROR DNAudit - user=null | ip=null | op=WRITE_CHUNK {blockData=conID: 18 locID: 107544261427200022 bcsId: 0} | ret=FAILURE
org.apache.hadoop.hdds.scm.container.common.helpers.StorageContainerException: ContainerID 18 creation failed
	at org.apache.hadoop.ozone.container.common.impl.HddsDispatcher.dispatchRequest(HddsDispatcher.java:262) ~[hdds-container-service-1.2.0-SNAPSHOT.jar:?]
	at org.apache.hadoop.ozone.container.common.impl.HddsDispatcher.lambda$dispatch$0(HddsDispatcher.java:169) ~[hdds-container-service-1.2.0-SNAPSHOT.jar:?]
	at org.apache.hadoop.hdds.server.OzoneProtocolMessageDispatcher.processRequest(OzoneProtocolMessageDispatcher.java:87) ~[hdds-server-framework-1.2.0-SNAPSHOT.jar:?]
	at org.apache.hadoop.ozone.container.common.impl.HddsDispatcher.dispatch(HddsDispatcher.java:168) ~[hdds-container-service-1.2.0-SNAPSHOT.jar:?]
	at org.apache.hadoop.ozone.container.common.transport.server.ratis.ContainerStateMachine.dispatchCommand(ContainerStateMachine.java:398) ~[hdds-container-service-1.2.0-SNAPSHOT.jar:?]
	at org.apache.hadoop.ozone.container.common.transport.server.ratis.ContainerStateMachine.runCommand(ContainerStateMachine.java:408) ~[hdds-container-service-1.2.0-SNAPSHOT.jar:?]
	at org.apache.hadoop.ozone.container.common.transport.server.ratis.ContainerStateMachine.lambda$handleWriteChunk$1(ContainerStateMachine.java:439) ~[hdds-container-service-1.2.0-SNAPSHOT.jar:?]
	at java.util.concurrent.CompletableFuture$AsyncSupply.run(CompletableFuture.java:1604) [?:1.8.0_292]
	at java.util.concurrent.ThreadPoolExecutor.runWorker(ThreadPoolExecutor.java:1149) [?:1.8.0_292]
	at java.util.concurrent.ThreadPoolExecutor$Worker.run(ThreadPoolExecutor.java:624) [?:1.8.0_292]
	at java.lang.Thread.run(Thread.java:748) [?:1.8.0_292]
2021-08-04 12:53:44,192 [ChunkWriter-1-0] ERROR helpers.KeyValueContainerUtil (KeyValueContainerUtil.java:createContainerMetaData(90)) - Unable to create directory for metadata storage. Path: /home/runner/work/ozone/ozone/mnt/ozone/hadoop-ozone/integration-test/target/test-dir/MiniOzoneClusterImpl-3934b947-496f-4c0d-8e5c-b7fb60b641c1/datanode-5/data-0/containers/hdds/3934b947-496f-4c0d-8e5c-b7fb60b641c1/current/containerDir0/18/metadata
2021-08-04 12:53:44,211 [ChunkWriter-1-0] INFO  keyvalue.KeyValueHandler (ContainerUtils.java:logAndReturnError(89)) - Operation: CreateContainer , Trace ID:  , Message: Container creation failed. Unable to create directory for metadata storage. Path: /home/runner/work/ozone/ozone/mnt/ozone/hadoop-ozone/integration-test/target/test-dir/MiniOzoneClusterImpl-3934b947-496f-4c0d-8e5c-b7fb60b641c1/datanode-5/data-0/containers/hdds/3934b947-496f-4c0d-8e5c-b7fb60b641c1/current/containerDir0/18/metadata , Result: CONTAINER_INTERNAL_ERROR , StorageContainerException Occurred.
org.apache.hadoop.hdds.scm.container.common.helpers.StorageContainerException: Container creation failed. Unable to create directory for metadata storage. Path: /home/runner/work/ozone/ozone/mnt/ozone/hadoop-ozone/integration-test/target/test-dir/MiniOzoneClusterImpl-3934b947-496f-4c0d-8e5c-b7fb60b641c1/datanode-5/data-0/containers/hdds/3934b947-496f-4c0d-8e5c-b7fb60b641c1/current/containerDir0/18/metadata
	at org.apache.hadoop.ozone.container.keyvalue.KeyValueContainer.create(KeyValueContainer.java:171)
	at org.apache.hadoop.ozone.container.keyvalue.KeyValueHandler.handleCreateContainer(KeyValueHandler.java:265)
	at org.apache.hadoop.ozone.container.keyvalue.KeyValueHandler.dispatchRequest(KeyValueHandler.java:182)
	at org.apache.hadoop.ozone.container.keyvalue.KeyValueHandler.handle(KeyValueHandler.java:170)
	at org.apache.hadoop.ozone.container.common.impl.HddsDispatcher.createContainer(HddsDispatcher.java:423)
	at org.apache.hadoop.ozone.container.common.impl.HddsDispatcher.dispatchRequest(HddsDispatcher.java:258)
	at org.apache.hadoop.ozone.container.common.impl.HddsDispatcher.lambda$dispatch$0(HddsDispatcher.java:169)
	at org.apache.hadoop.hdds.server.OzoneProtocolMessageDispatcher.processRequest(OzoneProtocolMessageDispatcher.java:87)
	at org.apache.hadoop.ozone.container.common.impl.HddsDispatcher.dispatch(HddsDispatcher.java:168)
	at org.apache.hadoop.ozone.container.common.transport.server.ratis.ContainerStateMachine.dispatchCommand(ContainerStateMachine.java:398)
	at org.apache.hadoop.ozone.container.common.transport.server.ratis.ContainerStateMachine.runCommand(ContainerStateMachine.java:408)
	at org.apache.hadoop.ozone.container.common.transport.server.ratis.ContainerStateMachine.lambda$handleWriteChunk$1(ContainerStateMachine.java:439)
	at java.util.concurrent.CompletableFuture$AsyncSupply.run(CompletableFuture.java:1604)
	at java.util.concurrent.ThreadPoolExecutor.runWorker(ThreadPoolExecutor.java:1149)
	at java.util.concurrent.ThreadPoolExecutor$Worker.run(ThreadPoolExecutor.java:624)
	at java.lang.Thread.run(Thread.java:748)
Caused by: java.io.IOException: Unable to create directory for metadata storage. Path: /home/runner/work/ozone/ozone/mnt/ozone/hadoop-ozone/integration-test/target/test-dir/MiniOzoneClusterImpl-3934b947-496f-4c0d-8e5c-b7fb60b641c1/datanode-5/data-0/containers/hdds/3934b947-496f-4c0d-8e5c-b7fb60b641c1/current/containerDir0/18/metadata
	at org.apache.hadoop.ozone.container.keyvalue.helpers.KeyValueContainerUtil.createContainerMetaData(KeyValueContainerUtil.java:92)
	at org.apache.hadoop.ozone.container.keyvalue.KeyValueContainer.create(KeyValueContainer.java:139)
	... 15 more
12:53:44.212 [ChunkWriter-1-0] ERROR DNAudit - user=null | ip=null | op=WRITE_CHUNK {blockData=conID: 18 locID: 107544261427200022 bcsId: 0} | ret=FAILURE
org.apache.hadoop.hdds.scm.container.common.helpers.StorageContainerException: ContainerID 18 creation failed
	at org.apache.hadoop.ozone.container.common.impl.HddsDispatcher.dispatchRequest(HddsDispatcher.java:262) ~[hdds-container-service-1.2.0-SNAPSHOT.jar:?]
	at org.apache.hadoop.ozone.container.common.impl.HddsDispatcher.lambda$dispatch$0(HddsDispatcher.java:169) ~[hdds-container-service-1.2.0-SNAPSHOT.jar:?]
	at org.apache.hadoop.hdds.server.OzoneProtocolMessageDispatcher.processRequest(OzoneProtocolMessageDispatcher.java:87) ~[hdds-server-framework-1.2.0-SNAPSHOT.jar:?]
	at org.apache.hadoop.ozone.container.common.impl.HddsDispatcher.dispatch(HddsDispatcher.java:168) ~[hdds-container-service-1.2.0-SNAPSHOT.jar:?]
	at org.apache.hadoop.ozone.container.common.transport.server.ratis.ContainerStateMachine.dispatchCommand(ContainerStateMachine.java:398) ~[hdds-container-service-1.2.0-SNAPSHOT.jar:?]
	at org.apache.hadoop.ozone.container.common.transport.server.ratis.ContainerStateMachine.runCommand(ContainerStateMachine.java:408) ~[hdds-container-service-1.2.0-SNAPSHOT.jar:?]
	at org.apache.hadoop.ozone.container.common.transport.server.ratis.ContainerStateMachine.lambda$handleWriteChunk$1(ContainerStateMachine.java:439) ~[hdds-container-service-1.2.0-SNAPSHOT.jar:?]
	at java.util.concurrent.CompletableFuture$AsyncSupply.run(CompletableFuture.java:1604) [?:1.8.0_292]
	at java.util.concurrent.ThreadPoolExecutor.runWorker(ThreadPoolExecutor.java:1149) [?:1.8.0_292]
	at java.util.concurrent.ThreadPoolExecutor$Worker.run(ThreadPoolExecutor.java:624) [?:1.8.0_292]
	at java.lang.Thread.run(Thread.java:748) [?:1.8.0_292]
2021-08-04 12:53:44,211 [ChunkWriter-1-0] INFO  impl.HddsDispatcher (ContainerUtils.java:logAndReturnError(89)) - Operation: WriteChunk , Trace ID:  , Message: ContainerID 18 creation failed , Result: CONTAINER_INTERNAL_ERROR , StorageContainerException Occurred.
org.apache.hadoop.hdds.scm.container.common.helpers.StorageContainerException: ContainerID 18 creation failed
	at org.apache.hadoop.ozone.container.common.impl.HddsDispatcher.dispatchRequest(HddsDispatcher.java:262)
	at org.apache.hadoop.ozone.container.common.impl.HddsDispatcher.lambda$dispatch$0(HddsDispatcher.java:169)
	at org.apache.hadoop.hdds.server.OzoneProtocolMessageDispatcher.processRequest(OzoneProtocolMessageDispatcher.java:87)
	at org.apache.hadoop.ozone.container.common.impl.HddsDispatcher.dispatch(HddsDispatcher.java:168)
	at org.apache.hadoop.ozone.container.common.transport.server.ratis.ContainerStateMachine.dispatchCommand(ContainerStateMachine.java:398)
	at org.apache.hadoop.ozone.container.common.transport.server.ratis.ContainerStateMachine.runCommand(ContainerStateMachine.java:408)
	at org.apache.hadoop.ozone.container.common.transport.server.ratis.ContainerStateMachine.lambda$handleWriteChunk$1(ContainerStateMachine.java:439)
	at java.util.concurrent.CompletableFuture$AsyncSupply.run(CompletableFuture.java:1604)
	at java.util.concurrent.ThreadPoolExecutor.runWorker(ThreadPoolExecutor.java:1149)
	at java.util.concurrent.ThreadPoolExecutor$Worker.run(ThreadPoolExecutor.java:624)
	at java.lang.Thread.run(Thread.java:748)
2021-08-04 12:53:44,212 [ChunkWriter-1-0] ERROR ratis.ContainerStateMachine (ContainerStateMachine.java:lambda$handleWriteChunk$2(467)) - group-7752131FCA6F: writeChunk writeStateMachineData failed: blockIdcontainerID: 18
localID: 107544261427200022
blockCommitSequenceId: 0
 logIndex 122 chunkName 107544261427200022_chunk_1 Error message: ContainerID 18 creation failed Container Result: CONTAINER_INTERNAL_ERROR
2021-08-04 12:53:44,213 [ChunkWriter-1-0] ERROR helpers.KeyValueContainerUtil (KeyValueContainerUtil.java:createContainerMetaData(90)) - Unable to create directory for metadata storage. Path: /home/runner/work/ozone/ozone/mnt/ozone/hadoop-ozone/integration-test/target/test-dir/MiniOzoneClusterImpl-3934b947-496f-4c0d-8e5c-b7fb60b641c1/datanode-3/data-0/containers/hdds/3934b947-496f-4c0d-8e5c-b7fb60b641c1/current/containerDir0/18/metadata
2021-08-04 12:53:44,213 [ChunkWriter-1-0] INFO  keyvalue.KeyValueHandler (ContainerUtils.java:logAndReturnError(89)) - Operation: CreateContainer , Trace ID:  , Message: Container creation failed. Unable to create directory for metadata storage. Path: /home/runner/work/ozone/ozone/mnt/ozone/hadoop-ozone/integration-test/target/test-dir/MiniOzoneClusterImpl-3934b947-496f-4c0d-8e5c-b7fb60b641c1/datanode-3/data-0/containers/hdds/3934b947-496f-4c0d-8e5c-b7fb60b641c1/current/containerDir0/18/metadata , Result: CONTAINER_INTERNAL_ERROR , StorageContainerException Occurred.
org.apache.hadoop.hdds.scm.container.common.helpers.StorageContainerException: Container creation failed. Unable to create directory for metadata storage. Path: /home/runner/work/ozone/ozone/mnt/ozone/hadoop-ozone/integration-test/target/test-dir/MiniOzoneClusterImpl-3934b947-496f-4c0d-8e5c-b7fb60b641c1/datanode-3/data-0/containers/hdds/3934b947-496f-4c0d-8e5c-b7fb60b641c1/current/containerDir0/18/metadata
	at org.apache.hadoop.ozone.container.keyvalue.KeyValueContainer.create(KeyValueContainer.java:171)
	at org.apache.hadoop.ozone.container.keyvalue.KeyValueHandler.handleCreateContainer(KeyValueHandler.java:265)
	at org.apache.hadoop.ozone.container.keyvalue.KeyValueHandler.dispatchRequest(KeyValueHandler.java:182)
	at org.apache.hadoop.ozone.container.keyvalue.KeyValueHandler.handle(KeyValueHandler.java:170)
	at org.apache.hadoop.ozone.container.common.impl.HddsDispatcher.createContainer(HddsDispatcher.java:423)
	at org.apache.hadoop.ozone.container.common.impl.HddsDispatcher.dispatchRequest(HddsDispatcher.java:258)
	at org.apache.hadoop.ozone.container.common.impl.HddsDispatcher.lambda$dispatch$0(HddsDispatcher.java:169)
	at org.apache.hadoop.hdds.server.OzoneProtocolMessageDispatcher.processRequest(OzoneProtocolMessageDispatcher.java:87)
	at org.apache.hadoop.ozone.container.common.impl.HddsDispatcher.dispatch(HddsDispatcher.java:168)
	at org.apache.hadoop.ozone.container.common.transport.server.ratis.ContainerStateMachine.dispatchCommand(ContainerStateMachine.java:398)
	at org.apache.hadoop.ozone.container.common.transport.server.ratis.ContainerStateMachine.runCommand(ContainerStateMachine.java:408)
	at org.apache.hadoop.ozone.container.common.transport.server.ratis.ContainerStateMachine.lambda$handleWriteChunk$1(ContainerStateMachine.java:439)
	at java.util.concurrent.CompletableFuture$AsyncSupply.run(CompletableFuture.java:1604)
	at java.util.concurrent.ThreadPoolExecutor.runWorker(ThreadPoolExecutor.java:1149)
	at java.util.concurrent.ThreadPoolExecutor$Worker.run(ThreadPoolExecutor.java:624)
	at java.lang.Thread.run(Thread.java:748)
Caused by: java.io.IOException: Unable to create directory for metadata storage. Path: /home/runner/work/ozone/ozone/mnt/ozone/hadoop-ozone/integration-test/target/test-dir/MiniOzoneClusterImpl-3934b947-496f-4c0d-8e5c-b7fb60b641c1/datanode-3/data-0/containers/hdds/3934b947-496f-4c0d-8e5c-b7fb60b641c1/current/containerDir0/18/metadata
	at org.apache.hadoop.ozone.container.keyvalue.helpers.KeyValueContainerUtil.createContainerMetaData(KeyValueContainerUtil.java:92)
	at org.apache.hadoop.ozone.container.keyvalue.KeyValueContainer.create(KeyValueContainer.java:139)
	... 15 more
12:53:44.213 [ChunkWriter-1-0] ERROR DNAudit - user=null | ip=null | op=WRITE_CHUNK {blockData=conID: 18 locID: 107544261427200022 bcsId: 0} | ret=FAILURE
org.apache.hadoop.hdds.scm.container.common.helpers.StorageContainerException: ContainerID 18 creation failed
	at org.apache.hadoop.ozone.container.common.impl.HddsDispatcher.dispatchRequest(HddsDispatcher.java:262) ~[hdds-container-service-1.2.0-SNAPSHOT.jar:?]
	at org.apache.hadoop.ozone.container.common.impl.HddsDispatcher.lambda$dispatch$0(HddsDispatcher.java:169) ~[hdds-container-service-1.2.0-SNAPSHOT.jar:?]
	at org.apache.hadoop.hdds.server.OzoneProtocolMessageDispatcher.processRequest(OzoneProtocolMessageDispatcher.java:87) ~[hdds-server-framework-1.2.0-SNAPSHOT.jar:?]
	at org.apache.hadoop.ozone.container.common.impl.HddsDispatcher.dispatch(HddsDispatcher.java:168) ~[hdds-container-service-1.2.0-SNAPSHOT.jar:?]
	at org.apache.hadoop.ozone.container.common.transport.server.ratis.ContainerStateMachine.dispatchCommand(ContainerStateMachine.java:398) ~[hdds-container-service-1.2.0-SNAPSHOT.jar:?]
	at org.apache.hadoop.ozone.container.common.transport.server.ratis.ContainerStateMachine.runCommand(ContainerStateMachine.java:408) ~[hdds-container-service-1.2.0-SNAPSHOT.jar:?]
	at org.apache.hadoop.ozone.container.common.transport.server.ratis.ContainerStateMachine.lambda$handleWriteChunk$1(ContainerStateMachine.java:439) ~[hdds-container-service-1.2.0-SNAPSHOT.jar:?]
	at java.util.concurrent.CompletableFuture$AsyncSupply.run(CompletableFuture.java:1604) [?:1.8.0_292]
	at java.util.concurrent.ThreadPoolExecutor.runWorker(ThreadPoolExecutor.java:1149) [?:1.8.0_292]
	at java.util.concurrent.ThreadPoolExecutor$Worker.run(ThreadPoolExecutor.java:624) [?:1.8.0_292]
	at java.lang.Thread.run(Thread.java:748) [?:1.8.0_292]
2021-08-04 12:53:44,213 [ChunkWriter-1-0] INFO  impl.HddsDispatcher (ContainerUtils.java:logAndReturnError(89)) - Operation: WriteChunk , Trace ID:  , Message: ContainerID 18 creation failed , Result: CONTAINER_INTERNAL_ERROR , StorageContainerException Occurred.
org.apache.hadoop.hdds.scm.container.common.helpers.StorageContainerException: ContainerID 18 creation failed
	at org.apache.hadoop.ozone.container.common.impl.HddsDispatcher.dispatchRequest(HddsDispatcher.java:262)
	at org.apache.hadoop.ozone.container.common.impl.HddsDispatcher.lambda$dispatch$0(HddsDispatcher.java:169)
	at org.apache.hadoop.hdds.server.OzoneProtocolMessageDispatcher.processRequest(OzoneProtocolMessageDispatcher.java:87)
	at org.apache.hadoop.ozone.container.common.impl.HddsDispatcher.dispatch(HddsDispatcher.java:168)
	at org.apache.hadoop.ozone.container.common.transport.server.ratis.ContainerStateMachine.dispatchCommand(ContainerStateMachine.java:398)
	at org.apache.hadoop.ozone.container.common.transport.server.ratis.ContainerStateMachine.runCommand(ContainerStateMachine.java:408)
	at org.apache.hadoop.ozone.container.common.transport.server.ratis.ContainerStateMachine.lambda$handleWriteChunk$1(ContainerStateMachine.java:439)
	at java.util.concurrent.CompletableFuture$AsyncSupply.run(CompletableFuture.java:1604)
	at java.util.concurrent.ThreadPoolExecutor.runWorker(ThreadPoolExecutor.java:1149)
	at java.util.concurrent.ThreadPoolExecutor$Worker.run(ThreadPoolExecutor.java:624)
	at java.lang.Thread.run(Thread.java:748)
2021-08-04 12:53:44,214 [ChunkWriter-1-0] ERROR ratis.ContainerStateMachine (ContainerStateMachine.java:lambda$handleWriteChunk$2(467)) - group-7752131FCA6F: writeChunk writeStateMachineData failed: blockIdcontainerID: 18
localID: 107544261427200022
blockCommitSequenceId: 0
 logIndex 124 chunkName 107544261427200022_chunk_2 Error message: ContainerID 18 creation failed Container Result: CONTAINER_INTERNAL_ERROR
2021-08-04 12:53:44,212 [ChunkWriter-1-0] INFO  impl.HddsDispatcher (ContainerUtils.java:logAndReturnError(89)) - Operation: WriteChunk , Trace ID:  , Message: ContainerID 18 creation failed , Result: CONTAINER_INTERNAL_ERROR , StorageContainerException Occurred.
org.apache.hadoop.hdds.scm.container.common.helpers.StorageContainerException: ContainerID 18 creation failed
	at org.apache.hadoop.ozone.container.common.impl.HddsDispatcher.dispatchRequest(HddsDispatcher.java:262)
	at org.apache.hadoop.ozone.container.common.impl.HddsDispatcher.lambda$dispatch$0(HddsDispatcher.java:169)
	at org.apache.hadoop.hdds.server.OzoneProtocolMessageDispatcher.processRequest(OzoneProtocolMessageDispatcher.java:87)
	at org.apache.hadoop.ozone.container.common.impl.HddsDispatcher.dispatch(HddsDispatcher.java:168)
	at org.apache.hadoop.ozone.container.common.transport.server.ratis.ContainerStateMachine.dispatchCommand(ContainerStateMachine.java:398)
	at org.apache.hadoop.ozone.container.common.transport.server.ratis.ContainerStateMachine.runCommand(ContainerStateMachine.java:408)
	at org.apache.hadoop.ozone.container.common.transport.server.ratis.ContainerStateMachine.lambda$handleWriteChunk$1(ContainerStateMachine.java:439)
	at java.util.concurrent.CompletableFuture$AsyncSupply.run(CompletableFuture.java:1604)
	at java.util.concurrent.ThreadPoolExecutor.runWorker(ThreadPoolExecutor.java:1149)
	at java.util.concurrent.ThreadPoolExecutor$Worker.run(ThreadPoolExecutor.java:624)
	at java.lang.Thread.run(Thread.java:748)
2021-08-04 12:53:44,214 [ChunkWriter-1-0] ERROR ratis.ContainerStateMachine (ContainerStateMachine.java:lambda$handleWriteChunk$2(467)) - group-7752131FCA6F: writeChunk writeStateMachineData failed: blockIdcontainerID: 18
localID: 107544261427200022
blockCommitSequenceId: 0
 logIndex 122 chunkName 107544261427200022_chunk_1 Error message: ContainerID 18 creation failed Container Result: CONTAINER_INTERNAL_ERROR
2021-08-04 12:53:44,221 [ce51d6d9-39d5-43a4-bc10-fd7a21d28186@group-7752131FCA6F-SegmentedRaftLogWorker] ERROR ratis.XceiverServerRatis (XceiverServerRatis.java:triggerPipelineClose(672)) - pipeline Action CLOSE on pipeline PipelineID=831eb4d0-59a2-42bd-b9ae-7752131fca6f.Reason : ContainerID 18 creation failed
2021-08-04 12:53:44,221 [Datanode State Machine Thread - 0] WARN  statemachine.StateContext (StateContext.java:execute(621)) - No available thread in pool for past 1 seconds.
2021-08-04 12:53:44,222 [EventQueue-PipelineActionsForPipelineActionHandler] INFO  pipeline.PipelineActionHandler (PipelineActionHandler.java:processPipelineAction(82)) - Received pipeline action CLOSE for PipelineID=831eb4d0-59a2-42bd-b9ae-7752131fca6f from datanode ce51d6d9-39d5-43a4-bc10-fd7a21d28186. Reason : ContainerID 18 creation failed
2021-08-04 12:53:44,222 [EventQueue-PipelineActionsForPipelineActionHandler] WARN  pipeline.PipelineActionHandler (PipelineActionHandler.java:processPipelineAction(93)) - Pipeline action CLOSE received for unknown pipeline PipelineID=831eb4d0-59a2-42bd-b9ae-7752131fca6f, firing close pipeline event.
2021-08-04 12:53:44,224 [ce51d6d9-39d5-43a4-bc10-fd7a21d28186@group-7752131FCA6F-SegmentedRaftLogWorker] ERROR ratis.XceiverServerRatis (XceiverServerRatis.java:triggerPipelineClose(672)) - pipeline Action CLOSE on pipeline PipelineID=831eb4d0-59a2-42bd-b9ae-7752131fca6f.Reason : Log already failed at index 122 for task WriteLog:122: (t:2, i:122), STATEMACHINELOGENTRY, cmdType: WriteChunk traceID: "" containerID: 18 datanodeUuid: "1fde95d9-bdfd-419d-a2d0-df997cc05e7b" pipelineID: "831eb4d0-59a2-42bd-b9ae-7752131fca6f" writeChunk { blockID { containerID: 18 localID: 107544261427200022 blockCommitSequenceId: 0 } chunkData { chunkName: "107544261427200022_chunk_1" offset: 0 len: 1048576 checksumData { type: NONE bytesPerChecksum: 1048576 } } }, container path=nonexistent
2021-08-04 12:53:44,224 [Datanode State Machine Thread - 0] WARN  statemachine.StateContext (StateContext.java:execute(621)) - No available thread in pool for past 1 seconds.
2021-08-04 12:53:44,226 [ChunkWriter-1-0] ERROR helpers.KeyValueContainerUtil (KeyValueContainerUtil.java:createContainerMetaData(90)) - Unable to create directory for metadata storage. Path: /home/runner/work/ozone/ozone/mnt/ozone/hadoop-ozone/integration-test/target/test-dir/MiniOzoneClusterImpl-3934b947-496f-4c0d-8e5c-b7fb60b641c1/datanode-5/data-0/containers/hdds/3934b947-496f-4c0d-8e5c-b7fb60b641c1/current/containerDir0/18/metadata
2021-08-04 12:53:44,226 [ChunkWriter-1-0] INFO  keyvalue.KeyValueHandler (ContainerUtils.java:logAndReturnError(89)) - Operation: CreateContainer , Trace ID:  , Message: Container creation failed. Unable to create directory for metadata storage. Path: /home/runner/work/ozone/ozone/mnt/ozone/hadoop-ozone/integration-test/target/test-dir/MiniOzoneClusterImpl-3934b947-496f-4c0d-8e5c-b7fb60b641c1/datanode-5/data-0/containers/hdds/3934b947-496f-4c0d-8e5c-b7fb60b641c1/current/containerDir0/18/metadata , Result: CONTAINER_INTERNAL_ERROR , StorageContainerException Occurred.
org.apache.hadoop.hdds.scm.container.common.helpers.StorageContainerException: Container creation failed. Unable to create directory for metadata storage. Path: /home/runner/work/ozone/ozone/mnt/ozone/hadoop-ozone/integration-test/target/test-dir/MiniOzoneClusterImpl-3934b947-496f-4c0d-8e5c-b7fb60b641c1/datanode-5/data-0/containers/hdds/3934b947-496f-4c0d-8e5c-b7fb60b641c1/current/containerDir0/18/metadata
	at org.apache.hadoop.ozone.container.keyvalue.KeyValueContainer.create(KeyValueContainer.java:171)
	at org.apache.hadoop.ozone.container.keyvalue.KeyValueHandler.handleCreateContainer(KeyValueHandler.java:265)
	at org.apache.hadoop.ozone.container.keyvalue.KeyValueHandler.dispatchRequest(KeyValueHandler.java:182)
	at org.apache.hadoop.ozone.container.keyvalue.KeyValueHandler.handle(KeyValueHandler.java:170)
	at org.apache.hadoop.ozone.container.common.impl.HddsDispatcher.createContainer(HddsDispatcher.java:423)
	at org.apache.hadoop.ozone.container.common.impl.HddsDispatcher.dispatchRequest(HddsDispatcher.java:258)
	at org.apache.hadoop.ozone.container.common.impl.HddsDispatcher.lambda$dispatch$0(HddsDispatcher.java:169)
	at org.apache.hadoop.hdds.server.OzoneProtocolMessageDispatcher.processRequest(OzoneProtocolMessageDispatcher.java:87)
	at org.apache.hadoop.ozone.container.common.impl.HddsDispatcher.dispatch(HddsDispatcher.java:168)
	at org.apache.hadoop.ozone.container.common.transport.server.ratis.ContainerStateMachine.dispatchCommand(ContainerStateMachine.java:398)
	at org.apache.hadoop.ozone.container.common.transport.server.ratis.ContainerStateMachine.runCommand(ContainerStateMachine.java:408)
	at org.apache.hadoop.ozone.container.common.transport.server.ratis.ContainerStateMachine.lambda$handleWriteChunk$1(ContainerStateMachine.java:439)
	at java.util.concurrent.CompletableFuture$AsyncSupply.run(CompletableFuture.java:1604)
	at java.util.concurrent.ThreadPoolExecutor.runWorker(ThreadPoolExecutor.java:1149)
	at java.util.concurrent.ThreadPoolExecutor$Worker.run(ThreadPoolExecutor.java:624)
	at java.lang.Thread.run(Thread.java:748)
Caused by: java.io.IOException: Unable to create directory for metadata storage. Path: /home/runner/work/ozone/ozone/mnt/ozone/hadoop-ozone/integration-test/target/test-dir/MiniOzoneClusterImpl-3934b947-496f-4c0d-8e5c-b7fb60b641c1/datanode-5/data-0/containers/hdds/3934b947-496f-4c0d-8e5c-b7fb60b641c1/current/containerDir0/18/metadata
	at org.apache.hadoop.ozone.container.keyvalue.helpers.KeyValueContainerUtil.createContainerMetaData(KeyValueContainerUtil.java:92)
	at org.apache.hadoop.ozone.container.keyvalue.KeyValueContainer.create(KeyValueContainer.java:139)
	... 15 more
2021-08-04 12:53:44,234 [Datanode State Machine Thread - 0] WARN  statemachine.StateContext (StateContext.java:execute(621)) - No available thread in pool for past 1 seconds.
12:53:44.234 [ChunkWriter-1-0] ERROR DNAudit - user=null | ip=null | op=WRITE_CHUNK {blockData=conID: 18 locID: 107544261427200022 bcsId: 0} | ret=FAILURE
org.apache.hadoop.hdds.scm.container.common.helpers.StorageContainerException: ContainerID 18 creation failed
	at org.apache.hadoop.ozone.container.common.impl.HddsDispatcher.dispatchRequest(HddsDispatcher.java:262) ~[hdds-container-service-1.2.0-SNAPSHOT.jar:?]
	at org.apache.hadoop.ozone.container.common.impl.HddsDispatcher.lambda$dispatch$0(HddsDispatcher.java:169) ~[hdds-container-service-1.2.0-SNAPSHOT.jar:?]
	at org.apache.hadoop.hdds.server.OzoneProtocolMessageDispatcher.processRequest(OzoneProtocolMessageDispatcher.java:87) ~[hdds-server-framework-1.2.0-SNAPSHOT.jar:?]
	at org.apache.hadoop.ozone.container.common.impl.HddsDispatcher.dispatch(HddsDispatcher.java:168) ~[hdds-container-service-1.2.0-SNAPSHOT.jar:?]
	at org.apache.hadoop.ozone.container.common.transport.server.ratis.ContainerStateMachine.dispatchCommand(ContainerStateMachine.java:398) ~[hdds-container-service-1.2.0-SNAPSHOT.jar:?]
	at org.apache.hadoop.ozone.container.common.transport.server.ratis.ContainerStateMachine.runCommand(ContainerStateMachine.java:408) ~[hdds-container-service-1.2.0-SNAPSHOT.jar:?]
	at org.apache.hadoop.ozone.container.common.transport.server.ratis.ContainerStateMachine.lambda$handleWriteChunk$1(ContainerStateMachine.java:439) ~[hdds-container-service-1.2.0-SNAPSHOT.jar:?]
	at java.util.concurrent.CompletableFuture$AsyncSupply.run(CompletableFuture.java:1604) [?:1.8.0_292]
	at java.util.concurrent.ThreadPoolExecutor.runWorker(ThreadPoolExecutor.java:1149) [?:1.8.0_292]
	at java.util.concurrent.ThreadPoolExecutor$Worker.run(ThreadPoolExecutor.java:624) [?:1.8.0_292]
	at java.lang.Thread.run(Thread.java:748) [?:1.8.0_292]
2021-08-04 12:53:44,234 [ChunkWriter-1-0] INFO  impl.HddsDispatcher (ContainerUtils.java:logAndReturnError(89)) - Operation: WriteChunk , Trace ID:  , Message: ContainerID 18 creation failed , Result: CONTAINER_INTERNAL_ERROR , StorageContainerException Occurred.
org.apache.hadoop.hdds.scm.container.common.helpers.StorageContainerException: ContainerID 18 creation failed
	at org.apache.hadoop.ozone.container.common.impl.HddsDispatcher.dispatchRequest(HddsDispatcher.java:262)
	at org.apache.hadoop.ozone.container.common.impl.HddsDispatcher.lambda$dispatch$0(HddsDispatcher.java:169)
	at org.apache.hadoop.hdds.server.OzoneProtocolMessageDispatcher.processRequest(OzoneProtocolMessageDispatcher.java:87)
	at org.apache.hadoop.ozone.container.common.impl.HddsDispatcher.dispatch(HddsDispatcher.java:168)
	at org.apache.hadoop.ozone.container.common.transport.server.ratis.ContainerStateMachine.dispatchCommand(ContainerStateMachine.java:398)
	at org.apache.hadoop.ozone.container.common.transport.server.ratis.ContainerStateMachine.runCommand(ContainerStateMachine.java:408)
	at org.apache.hadoop.ozone.container.common.transport.server.ratis.ContainerStateMachine.lambda$handleWriteChunk$1(ContainerStateMachine.java:439)
	at java.util.concurrent.CompletableFuture$AsyncSupply.run(CompletableFuture.java:1604)
	at java.util.concurrent.ThreadPoolExecutor.runWorker(ThreadPoolExecutor.java:1149)
	at java.util.concurrent.ThreadPoolExecutor$Worker.run(ThreadPoolExecutor.java:624)
	at java.lang.Thread.run(Thread.java:748)
2021-08-04 12:53:44,234 [ChunkWriter-1-0] ERROR ratis.ContainerStateMachine (ContainerStateMachine.java:lambda$handleWriteChunk$2(467)) - group-7752131FCA6F: writeChunk writeStateMachineData failed: blockIdcontainerID: 18
localID: 107544261427200022
blockCommitSequenceId: 0
 logIndex 124 chunkName 107544261427200022_chunk_2 Error message: ContainerID 18 creation failed Container Result: CONTAINER_INTERNAL_ERROR
2021-08-04 12:53:44,234 [5c2c4581-d43b-414b-a208-354491e5ad2f@group-7752131FCA6F-SegmentedRaftLogWorker] ERROR ratis.XceiverServerRatis (XceiverServerRatis.java:triggerPipelineClose(672)) - pipeline Action CLOSE on pipeline PipelineID=831eb4d0-59a2-42bd-b9ae-7752131fca6f.Reason : ContainerID 18 creation failed
2021-08-04 12:53:44,227 [ce51d6d9-39d5-43a4-bc10-fd7a21d28186@group-7752131FCA6F-SegmentedRaftLogWorker] ERROR ratis.XceiverServerRatis (XceiverServerRatis.java:triggerPipelineClose(672)) - pipeline Action CLOSE on pipeline PipelineID=831eb4d0-59a2-42bd-b9ae-7752131fca6f.Reason : Log already failed at index 122 for task WriteLog:122: (t:2, i:122), STATEMACHINELOGENTRY, cmdType: WriteChunk traceID: "" containerID: 18 datanodeUuid: "1fde95d9-bdfd-419d-a2d0-df997cc05e7b" pipelineID: "831eb4d0-59a2-42bd-b9ae-7752131fca6f" writeChunk { blockID { containerID: 18 localID: 107544261427200022 blockCommitSequenceId: 0 } chunkData { chunkName: "107544261427200022_chunk_1" offset: 0 len: 1048576 checksumData { type: NONE bytesPerChecksum: 1048576 } } }, container path=nonexistent
2021-08-04 12:53:44,226 [EventQueue-PipelineActionsForPipelineActionHandler] INFO  pipeline.PipelineActionHandler (PipelineActionHandler.java:processPipelineAction(82)) - Received pipeline action CLOSE for PipelineID=831eb4d0-59a2-42bd-b9ae-7752131fca6f from datanode ce51d6d9-39d5-43a4-bc10-fd7a21d28186. Reason : Log already failed at index 122 for task WriteLog:122: (t:2, i:122), STATEMACHINELOGENTRY, cmdType: WriteChunk traceID: "" containerID: 18 datanodeUuid: "1fde95d9-bdfd-419d-a2d0-df997cc05e7b" pipelineID: "831eb4d0-59a2-42bd-b9ae-7752131fca6f" writeChunk { blockID { containerID: 18 localID: 107544261427200022 blockCommitSequenceId: 0 } chunkData { chunkName: "107544261427200022_chunk_1" offset: 0 len: 1048576 checksumData { type: NONE bytesPerChecksum: 1048576 } } }, container path=nonexistent
2021-08-04 12:53:44,235 [EventQueue-PipelineActionsForPipelineActionHandler] WARN  pipeline.PipelineActionHandler (PipelineActionHandler.java:processPipelineAction(93)) - Pipeline action CLOSE received for unknown pipeline PipelineID=831eb4d0-59a2-42bd-b9ae-7752131fca6f, firing close pipeline event.
2021-08-04 12:53:44,236 [5c2c4581-d43b-414b-a208-354491e5ad2f@group-7752131FCA6F-SegmentedRaftLogWorker] ERROR ratis.XceiverServerRatis (XceiverServerRatis.java:triggerPipelineClose(672)) - pipeline Action CLOSE on pipeline PipelineID=831eb4d0-59a2-42bd-b9ae-7752131fca6f.Reason : Log already failed at index 122 for task WriteLog:122: (t:2, i:122), STATEMACHINELOGENTRY, cmdType: WriteChunk traceID: "" containerID: 18 datanodeUuid: "1fde95d9-bdfd-419d-a2d0-df997cc05e7b" pipelineID: "831eb4d0-59a2-42bd-b9ae-7752131fca6f" writeChunk { blockID { containerID: 18 localID: 107544261427200022 blockCommitSequenceId: 0 } chunkData { chunkName: "107544261427200022_chunk_1" offset: 0 len: 1048576 checksumData { type: NONE bytesPerChecksum: 1048576 } } }, container path=nonexistent
2021-08-04 12:53:44,236 [Datanode State Machine Thread - 0] WARN  statemachine.StateContext (StateContext.java:execute(621)) - No available thread in pool for past 1 seconds.
2021-08-04 12:53:44,237 [EventQueue-PipelineActionsForPipelineActionHandler] INFO  pipeline.PipelineActionHandler (PipelineActionHandler.java:processPipelineAction(82)) - Received pipeline action CLOSE for PipelineID=831eb4d0-59a2-42bd-b9ae-7752131fca6f from datanode 5c2c4581-d43b-414b-a208-354491e5ad2f. Reason : ContainerID 18 creation failed
2021-08-04 12:53:44,237 [EventQueue-PipelineActionsForPipelineActionHandler] WARN  pipeline.PipelineActionHandler (PipelineActionHandler.java:processPipelineAction(93)) - Pipeline action CLOSE received for unknown pipeline PipelineID=831eb4d0-59a2-42bd-b9ae-7752131fca6f, firing close pipeline event.
2021-08-04 12:53:44,238 [EventQueue-PipelineActionsForPipelineActionHandler] INFO  pipeline.PipelineActionHandler (PipelineActionHandler.java:processPipelineAction(82)) - Received pipeline action CLOSE for PipelineID=831eb4d0-59a2-42bd-b9ae-7752131fca6f from datanode 5c2c4581-d43b-414b-a208-354491e5ad2f. Reason : Log already failed at index 122 for task WriteLog:122: (t:2, i:122), STATEMACHINELOGENTRY, cmdType: WriteChunk traceID: "" containerID: 18 datanodeUuid: "1fde95d9-bdfd-419d-a2d0-df997cc05e7b" pipelineID: "831eb4d0-59a2-42bd-b9ae-7752131fca6f" writeChunk { blockID { containerID: 18 localID: 107544261427200022 blockCommitSequenceId: 0 } chunkData { chunkName: "107544261427200022_chunk_1" offset: 0 len: 1048576 checksumData { type: NONE bytesPerChecksum: 1048576 } } }, container path=nonexistent
2021-08-04 12:53:44,238 [EventQueue-PipelineActionsForPipelineActionHandler] WARN  pipeline.PipelineActionHandler (PipelineActionHandler.java:processPipelineAction(93)) - Pipeline action CLOSE received for unknown pipeline PipelineID=831eb4d0-59a2-42bd-b9ae-7752131fca6f, firing close pipeline event.
2021-08-04 12:53:44,243 [5c2c4581-d43b-414b-a208-354491e5ad2f@group-7752131FCA6F-SegmentedRaftLogWorker] ERROR ratis.XceiverServerRatis (XceiverServerRatis.java:triggerPipelineClose(672)) - pipeline Action CLOSE on pipeline PipelineID=831eb4d0-59a2-42bd-b9ae-7752131fca6f.Reason : Log already failed at index 122 for task WriteLog:122: (t:2, i:122), STATEMACHINELOGENTRY, cmdType: WriteChunk traceID: "" containerID: 18 datanodeUuid: "1fde95d9-bdfd-419d-a2d0-df997cc05e7b" pipelineID: "831eb4d0-59a2-42bd-b9ae-7752131fca6f" writeChunk { blockID { containerID: 18 localID: 107544261427200022 blockCommitSequenceId: 0 } chunkData { chunkName: "107544261427200022_chunk_1" offset: 0 len: 1048576 checksumData { type: NONE bytesPerChecksum: 1048576 } } }, container path=nonexistent
2021-08-04 12:53:44,243 [5c2c4581-d43b-414b-a208-354491e5ad2f@group-7752131FCA6F-SegmentedRaftLogWorker] ERROR ratis.XceiverServerRatis (XceiverServerRatis.java:triggerPipelineClose(672)) - pipeline Action CLOSE on pipeline PipelineID=831eb4d0-59a2-42bd-b9ae-7752131fca6f.Reason : Log already failed at index 122 for task WriteLog:122: (t:2, i:122), STATEMACHINELOGENTRY, cmdType: WriteChunk traceID: "" containerID: 18 datanodeUuid: "1fde95d9-bdfd-419d-a2d0-df997cc05e7b" pipelineID: "831eb4d0-59a2-42bd-b9ae-7752131fca6f" writeChunk { blockID { containerID: 18 localID: 107544261427200022 blockCommitSequenceId: 0 } chunkData { chunkName: "107544261427200022_chunk_1" offset: 0 len: 1048576 checksumData { type: NONE bytesPerChecksum: 1048576 } } }, container path=nonexistent
2021-08-04 12:53:44,244 [Datanode State Machine Thread - 0] WARN  statemachine.StateContext (StateContext.java:execute(621)) - No available thread in pool for past 1 seconds.
2021-08-04 12:53:44,247 [EventQueue-PipelineActionsForPipelineActionHandler] INFO  pipeline.PipelineActionHandler (PipelineActionHandler.java:processPipelineAction(82)) - Received pipeline action CLOSE for PipelineID=831eb4d0-59a2-42bd-b9ae-7752131fca6f from datanode 5c2c4581-d43b-414b-a208-354491e5ad2f. Reason : Log already failed at index 122 for task WriteLog:122: (t:2, i:122), STATEMACHINELOGENTRY, cmdType: WriteChunk traceID: "" containerID: 18 datanodeUuid: "1fde95d9-bdfd-419d-a2d0-df997cc05e7b" pipelineID: "831eb4d0-59a2-42bd-b9ae-7752131fca6f" writeChunk { blockID { containerID: 18 localID: 107544261427200022 blockCommitSequenceId: 0 } chunkData { chunkName: "107544261427200022_chunk_1" offset: 0 len: 1048576 checksumData { type: NONE bytesPerChecksum: 1048576 } } }, container path=nonexistent
2021-08-04 12:53:44,247 [EventQueue-PipelineActionsForPipelineActionHandler] WARN  pipeline.PipelineActionHandler (PipelineActionHandler.java:processPipelineAction(93)) - Pipeline action CLOSE received for unknown pipeline PipelineID=831eb4d0-59a2-42bd-b9ae-7752131fca6f, firing close pipeline event.
2021-08-04 12:53:44,252 [ce51d6d9-39d5-43a4-bc10-fd7a21d28186@group-7752131FCA6F-SegmentedRaftLogWorker] ERROR ratis.XceiverServerRatis (XceiverServerRatis.java:triggerPipelineClose(672)) - pipeline Action CLOSE on pipeline PipelineID=831eb4d0-59a2-42bd-b9ae-7752131fca6f.Reason : Log already failed at index 122 for task WriteLog:122: (t:2, i:122), STATEMACHINELOGENTRY, cmdType: WriteChunk traceID: "" containerID: 18 datanodeUuid: "1fde95d9-bdfd-419d-a2d0-df997cc05e7b" pipelineID: "831eb4d0-59a2-42bd-b9ae-7752131fca6f" writeChunk { blockID { containerID: 18 localID: 107544261427200022 blockCommitSequenceId: 0 } chunkData { chunkName: "107544261427200022_chunk_1" offset: 0 len: 1048576 checksumData { type: NONE bytesPerChecksum: 1048576 } } }, container path=nonexistent
2021-08-04 12:53:44,252 [Datanode State Machine Thread - 0] WARN  statemachine.StateContext (StateContext.java:execute(621)) - No available thread in pool for past 1 seconds.
2021-08-04 12:53:44,254 [EventQueue-PipelineActionsForPipelineActionHandler] INFO  pipeline.PipelineActionHandler (PipelineActionHandler.java:processPipelineAction(82)) - Received pipeline action CLOSE for PipelineID=831eb4d0-59a2-42bd-b9ae-7752131fca6f from datanode ce51d6d9-39d5-43a4-bc10-fd7a21d28186. Reason : Log already failed at index 122 for task WriteLog:122: (t:2, i:122), STATEMACHINELOGENTRY, cmdType: WriteChunk traceID: "" containerID: 18 datanodeUuid: "1fde95d9-bdfd-419d-a2d0-df997cc05e7b" pipelineID: "831eb4d0-59a2-42bd-b9ae-7752131fca6f" writeChunk { blockID { containerID: 18 localID: 107544261427200022 blockCommitSequenceId: 0 } chunkData { chunkName: "107544261427200022_chunk_1" offset: 0 len: 1048576 checksumData { type: NONE bytesPerChecksum: 1048576 } } }, container path=nonexistent
2021-08-04 12:53:44,254 [EventQueue-PipelineActionsForPipelineActionHandler] WARN  pipeline.PipelineActionHandler (PipelineActionHandler.java:processPipelineAction(93)) - Pipeline action CLOSE received for unknown pipeline PipelineID=831eb4d0-59a2-42bd-b9ae-7752131fca6f, firing close pipeline event.
2021-08-04 12:53:45,086 [Command processor thread] INFO  server.RaftServer (RaftServerProxy.java:remove(106)) - 5c2c4581-d43b-414b-a208-354491e5ad2f: remove  FOLLOWER 5c2c4581-d43b-414b-a208-354491e5ad2f@group-7752131FCA6F:t2, leader=1fde95d9-bdfd-419d-a2d0-df997cc05e7b, voted=1fde95d9-bdfd-419d-a2d0-df997cc05e7b, raftlog=5c2c4581-d43b-414b-a208-354491e5ad2f@group-7752131FCA6F-SegmentedRaftLog:OPENED:c121,f121,i125, conf=0: [5c2c4581-d43b-414b-a208-354491e5ad2f|rpc:10.1.0.56:37701|dataStream:|priority:0, 1fde95d9-bdfd-419d-a2d0-df997cc05e7b|rpc:10.1.0.56:39635|dataStream:|priority:1, ce51d6d9-39d5-43a4-bc10-fd7a21d28186|rpc:10.1.0.56:37353|dataStream:|priority:0], old=null RUNNING
2021-08-04 12:53:45,086 [Command processor thread] INFO  server.RaftServer$Division (RaftServerImpl.java:lambda$close$4(407)) - 5c2c4581-d43b-414b-a208-354491e5ad2f@group-7752131FCA6F: shutdown
2021-08-04 12:53:45,086 [Command processor thread] INFO  util.JmxRegister (JmxRegister.java:unregister(73)) - Successfully un-registered JMX Bean with object name Ratis:service=RaftServer,group=group-7752131FCA6F,id=5c2c4581-d43b-414b-a208-354491e5ad2f
2021-08-04 12:53:45,086 [Command processor thread] INFO  impl.RoleInfo (RoleInfo.java:shutdownFollowerState(108)) - 5c2c4581-d43b-414b-a208-354491e5ad2f: shutdown 5c2c4581-d43b-414b-a208-354491e5ad2f@group-7752131FCA6F-FollowerState
2021-08-04 12:53:45,086 [Command processor thread] INFO  impl.StateMachineUpdater (StateMachineUpdater.java:stopAndJoin(149)) - 5c2c4581-d43b-414b-a208-354491e5ad2f@group-7752131FCA6F-StateMachineUpdater: set stopIndex = 121
2021-08-04 12:53:45,087 [5c2c4581-d43b-414b-a208-354491e5ad2f@group-7752131FCA6F-StateMachineUpdater] ERROR ratis.ContainerStateMachine (ContainerStateMachine.java:takeSnapshot(285)) - Failed to take snapshot  for group-7752131FCA6F as the stateMachine is unhealthy. The last applied index is at (t:2, i:121)
2021-08-04 12:53:45,087 [5c2c4581-d43b-414b-a208-354491e5ad2f@group-7752131FCA6F-StateMachineUpdater] ERROR impl.StateMachineUpdater (StateMachineUpdater.java:takeSnapshot(276)) - 5c2c4581-d43b-414b-a208-354491e5ad2f@group-7752131FCA6F-StateMachineUpdater: Failed to take snapshot
org.apache.ratis.protocol.exceptions.StateMachineException: Failed to take snapshot  for group-7752131FCA6F as the stateMachine is unhealthy. The last applied index is at (t:2, i:121)
	at org.apache.hadoop.ozone.container.common.transport.server.ratis.ContainerStateMachine.takeSnapshot(ContainerStateMachine.java:284)
	at org.apache.ratis.server.impl.StateMachineUpdater.takeSnapshot(StateMachineUpdater.java:265)
	at org.apache.ratis.server.impl.StateMachineUpdater.checkAndTakeSnapshot(StateMachineUpdater.java:257)
	at org.apache.ratis.server.impl.StateMachineUpdater.run(StateMachineUpdater.java:180)
	at java.lang.Thread.run(Thread.java:748)
2021-08-04 12:53:45,087 [5c2c4581-d43b-414b-a208-354491e5ad2f@group-7752131FCA6F-StateMachineUpdater] ERROR ratis.ContainerStateMachine (ContainerStateMachine.java:takeSnapshot(285)) - Failed to take snapshot  for group-7752131FCA6F as the stateMachine is unhealthy. The last applied index is at (t:2, i:121)
2021-08-04 12:53:45,087 [5c2c4581-d43b-414b-a208-354491e5ad2f@group-7752131FCA6F-StateMachineUpdater] ERROR impl.StateMachineUpdater (StateMachineUpdater.java:takeSnapshot(276)) - 5c2c4581-d43b-414b-a208-354491e5ad2f@group-7752131FCA6F-StateMachineUpdater: Failed to take snapshot
org.apache.ratis.protocol.exceptions.StateMachineException: Failed to take snapshot  for group-7752131FCA6F as the stateMachine is unhealthy. The last applied index is at (t:2, i:121)
	at org.apache.hadoop.ozone.container.common.transport.server.ratis.ContainerStateMachine.takeSnapshot(ContainerStateMachine.java:284)
	at org.apache.ratis.server.impl.StateMachineUpdater.takeSnapshot(StateMachineUpdater.java:265)
	at org.apache.ratis.server.impl.StateMachineUpdater.checkAndTakeSnapshot(StateMachineUpdater.java:257)
	at org.apache.ratis.server.impl.StateMachineUpdater.run(StateMachineUpdater.java:183)
	at java.lang.Thread.run(Thread.java:748)
2021-08-04 12:53:45,087 [5c2c4581-d43b-414b-a208-354491e5ad2f@group-7752131FCA6F-FollowerState] INFO  impl.FollowerState (FollowerState.java:run(143)) - 5c2c4581-d43b-414b-a208-354491e5ad2f@group-7752131FCA6F-FollowerState was interrupted: {}
java.lang.InterruptedException: sleep interrupted
	at java.lang.Thread.sleep(Native Method)
	at java.lang.Thread.sleep(Thread.java:340)
	at java.util.concurrent.TimeUnit.sleep(TimeUnit.java:386)
	at org.apache.ratis.util.TimeDuration.sleep(TimeDuration.java:324)
	at org.apache.ratis.util.TimeDuration.sleep(TimeDuration.java:309)
	at org.apache.ratis.server.impl.FollowerState.run(FollowerState.java:118)
2021-08-04 12:53:45,087 [Command processor thread] INFO  server.RaftServer (RaftServerProxy.java:remove(106)) - ce51d6d9-39d5-43a4-bc10-fd7a21d28186: remove  FOLLOWER ce51d6d9-39d5-43a4-bc10-fd7a21d28186@group-7752131FCA6F:t2, leader=1fde95d9-bdfd-419d-a2d0-df997cc05e7b, voted=1fde95d9-bdfd-419d-a2d0-df997cc05e7b, raftlog=ce51d6d9-39d5-43a4-bc10-fd7a21d28186@group-7752131FCA6F-SegmentedRaftLog:OPENED:c121,f121,i125, conf=0: [5c2c4581-d43b-414b-a208-354491e5ad2f|rpc:10.1.0.56:37701|dataStream:|priority:0, 1fde95d9-bdfd-419d-a2d0-df997cc05e7b|rpc:10.1.0.56:39635|dataStream:|priority:1, ce51d6d9-39d5-43a4-bc10-fd7a21d28186|rpc:10.1.0.56:37353|dataStream:|priority:0], old=null RUNNING
2021-08-04 12:53:45,087 [Command processor thread] INFO  server.RaftServer$Division (RaftServerImpl.java:lambda$close$4(407)) - ce51d6d9-39d5-43a4-bc10-fd7a21d28186@group-7752131FCA6F: shutdown
2021-08-04 12:53:45,087 [Command processor thread] INFO  util.JmxRegister (JmxRegister.java:unregister(73)) - Successfully un-registered JMX Bean with object name Ratis:service=RaftServer,group=group-7752131FCA6F,id=ce51d6d9-39d5-43a4-bc10-fd7a21d28186
2021-08-04 12:53:45,088 [Command processor thread] INFO  impl.RoleInfo (RoleInfo.java:shutdownFollowerState(108)) - ce51d6d9-39d5-43a4-bc10-fd7a21d28186: shutdown ce51d6d9-39d5-43a4-bc10-fd7a21d28186@group-7752131FCA6F-FollowerState
2021-08-04 12:53:45,088 [Command processor thread] INFO  impl.StateMachineUpdater (StateMachineUpdater.java:stopAndJoin(149)) - ce51d6d9-39d5-43a4-bc10-fd7a21d28186@group-7752131FCA6F-StateMachineUpdater: set stopIndex = 121
2021-08-04 12:53:45,088 [ce51d6d9-39d5-43a4-bc10-fd7a21d28186@group-7752131FCA6F-StateMachineUpdater] ERROR ratis.ContainerStateMachine (ContainerStateMachine.java:takeSnapshot(285)) - Failed to take snapshot  for group-7752131FCA6F as the stateMachine is unhealthy. The last applied index is at (t:2, i:121)
2021-08-04 12:53:45,088 [ce51d6d9-39d5-43a4-bc10-fd7a21d28186@group-7752131FCA6F-StateMachineUpdater] ERROR impl.StateMachineUpdater (StateMachineUpdater.java:takeSnapshot(276)) - ce51d6d9-39d5-43a4-bc10-fd7a21d28186@group-7752131FCA6F-StateMachineUpdater: Failed to take snapshot
org.apache.ratis.protocol.exceptions.StateMachineException: Failed to take snapshot  for group-7752131FCA6F as the stateMachine is unhealthy. The last applied index is at (t:2, i:121)
	at org.apache.hadoop.ozone.container.common.transport.server.ratis.ContainerStateMachine.takeSnapshot(ContainerStateMachine.java:284)
	at org.apache.ratis.server.impl.StateMachineUpdater.takeSnapshot(StateMachineUpdater.java:265)
	at org.apache.ratis.server.impl.StateMachineUpdater.checkAndTakeSnapshot(StateMachineUpdater.java:257)
	at org.apache.ratis.server.impl.StateMachineUpdater.run(StateMachineUpdater.java:180)
	at java.lang.Thread.run(Thread.java:748)
2021-08-04 12:53:45,088 [ce51d6d9-39d5-43a4-bc10-fd7a21d28186@group-7752131FCA6F-StateMachineUpdater] ERROR ratis.ContainerStateMachine (ContainerStateMachine.java:takeSnapshot(285)) - Failed to take snapshot  for group-7752131FCA6F as the stateMachine is unhealthy. The last applied index is at (t:2, i:121)
2021-08-04 12:53:45,088 [ce51d6d9-39d5-43a4-bc10-fd7a21d28186@group-7752131FCA6F-StateMachineUpdater] ERROR impl.StateMachineUpdater (StateMachineUpdater.java:takeSnapshot(276)) - ce51d6d9-39d5-43a4-bc10-fd7a21d28186@group-7752131FCA6F-StateMachineUpdater: Failed to take snapshot
org.apache.ratis.protocol.exceptions.StateMachineException: Failed to take snapshot  for group-7752131FCA6F as the stateMachine is unhealthy. The last applied index is at (t:2, i:121)
	at org.apache.hadoop.ozone.container.common.transport.server.ratis.ContainerStateMachine.takeSnapshot(ContainerStateMachine.java:284)
	at org.apache.ratis.server.impl.StateMachineUpdater.takeSnapshot(StateMachineUpdater.java:265)
	at org.apache.ratis.server.impl.StateMachineUpdater.checkAndTakeSnapshot(StateMachineUpdater.java:257)
	at org.apache.ratis.server.impl.StateMachineUpdater.run(StateMachineUpdater.java:183)
	at java.lang.Thread.run(Thread.java:748)
2021-08-04 12:53:45,088 [ce51d6d9-39d5-43a4-bc10-fd7a21d28186@group-7752131FCA6F-FollowerState] INFO  impl.FollowerState (FollowerState.java:run(143)) - ce51d6d9-39d5-43a4-bc10-fd7a21d28186@group-7752131FCA6F-FollowerState was interrupted: {}
java.lang.InterruptedException: sleep interrupted
	at java.lang.Thread.sleep(Native Method)
	at java.lang.Thread.sleep(Thread.java:340)
	at java.util.concurrent.TimeUnit.sleep(TimeUnit.java:386)
	at org.apache.ratis.util.TimeDuration.sleep(TimeDuration.java:324)
	at org.apache.ratis.util.TimeDuration.sleep(TimeDuration.java:309)
	at org.apache.ratis.server.impl.FollowerState.run(FollowerState.java:118)
2021-08-04 12:53:45,089 [Command processor thread] INFO  server.RaftServer$Division (ServerState.java:close(419)) - ce51d6d9-39d5-43a4-bc10-fd7a21d28186@group-7752131FCA6F: closes. applyIndex: 121
2021-08-04 12:53:45,089 [ce51d6d9-39d5-43a4-bc10-fd7a21d28186@group-7752131FCA6F-SegmentedRaftLogWorker] INFO  segmented.SegmentedRaftLogWorker (SegmentedRaftLogWorker.java:run(327)) - ce51d6d9-39d5-43a4-bc10-fd7a21d28186@group-7752131FCA6F-SegmentedRaftLogWorker was interrupted, exiting. There are 0 tasks remaining in the queue.
2021-08-04 12:53:45,090 [Command processor thread] INFO  segmented.SegmentedRaftLogWorker (SegmentedRaftLogWorker.java:close(237)) - ce51d6d9-39d5-43a4-bc10-fd7a21d28186@group-7752131FCA6F-SegmentedRaftLogWorker close()
2021-08-04 12:53:45,094 [Command processor thread] INFO  server.RaftServer$Division (ServerState.java:close(419)) - 5c2c4581-d43b-414b-a208-354491e5ad2f@group-7752131FCA6F: closes. applyIndex: 121
2021-08-04 12:53:45,094 [5c2c4581-d43b-414b-a208-354491e5ad2f@group-7752131FCA6F-SegmentedRaftLogWorker] INFO  segmented.SegmentedRaftLogWorker (SegmentedRaftLogWorker.java:run(327)) - 5c2c4581-d43b-414b-a208-354491e5ad2f@group-7752131FCA6F-SegmentedRaftLogWorker was interrupted, exiting. There are 0 tasks remaining in the queue.
2021-08-04 12:53:45,094 [Command processor thread] INFO  segmented.SegmentedRaftLogWorker (SegmentedRaftLogWorker.java:close(237)) - 5c2c4581-d43b-414b-a208-354491e5ad2f@group-7752131FCA6F-SegmentedRaftLogWorker close()
2021-08-04 12:53:45,097 [Command processor thread] INFO  server.RaftServer$Division (RaftServerImpl.java:groupRemove(377)) - 5c2c4581-d43b-414b-a208-354491e5ad2f@group-7752131FCA6F: Succeed to remove RaftStorageDirectory Storage Directory /home/runner/work/ozone/ozone/mnt/ozone/hadoop-ozone/integration-test/target/test-dir/MiniOzoneClusterImpl-3934b947-496f-4c0d-8e5c-b7fb60b641c1/datanode-5/data/ratis/831eb4d0-59a2-42bd-b9ae-7752131fca6f
2021-08-04 12:53:45,097 [Command processor thread] INFO  commandhandler.ClosePipelineCommandHandler (ClosePipelineCommandHandler.java:handle(75)) - Close Pipeline PipelineID=831eb4d0-59a2-42bd-b9ae-7752131fca6f command on datanode 5c2c4581-d43b-414b-a208-354491e5ad2f.
2021-08-04 12:53:45,097 [Command processor thread] WARN  server.RaftServer (RaftServerProxy.java:remove(101)) - 5c2c4581-d43b-414b-a208-354491e5ad2f: does not contain group: group-7752131FCA6F
2021-08-04 12:53:45,097 [Command processor thread] ERROR commandhandler.ClosePipelineCommandHandler (ClosePipelineCommandHandler.java:handle(78)) - Can't close pipeline PipelineID=831eb4d0-59a2-42bd-b9ae-7752131fca6f
java.io.IOException: 5c2c4581-d43b-414b-a208-354491e5ad2f: Group group-7752131FCA6F not found.
	at org.apache.hadoop.ozone.container.common.transport.server.ratis.XceiverServerRatis.removeGroup(XceiverServerRatis.java:777)
	at org.apache.hadoop.ozone.container.common.statemachine.commandhandler.ClosePipelineCommandHandler.handle(ClosePipelineCommandHandler.java:74)
	at org.apache.hadoop.ozone.container.common.statemachine.commandhandler.CommandDispatcher.handle(CommandDispatcher.java:99)
	at org.apache.hadoop.ozone.container.common.statemachine.DatanodeStateMachine.lambda$initCommandHandlerThread$2(DatanodeStateMachine.java:555)
	at java.lang.Thread.run(Thread.java:748)
Caused by: org.apache.ratis.protocol.exceptions.GroupMismatchException: 5c2c4581-d43b-414b-a208-354491e5ad2f: Group group-7752131FCA6F not found.
	at org.apache.ratis.server.impl.RaftServerProxy.groupRemoveAsync(RaftServerProxy.java:504)
	at org.apache.ratis.server.impl.RaftServerProxy.groupManagementAsync(RaftServerProxy.java:460)
	at org.apache.ratis.server.impl.RaftServerProxy.groupManagement(RaftServerProxy.java:440)
	at org.apache.hadoop.ozone.container.common.transport.server.ratis.XceiverServerRatis.removeGroup(XceiverServerRatis.java:775)
	... 4 more
2021-08-04 12:53:45,097 [Command processor thread] WARN  server.RaftServer (RaftServerProxy.java:remove(101)) - 5c2c4581-d43b-414b-a208-354491e5ad2f: does not contain group: group-7752131FCA6F
2021-08-04 12:53:45,097 [Command processor thread] ERROR commandhandler.ClosePipelineCommandHandler (ClosePipelineCommandHandler.java:handle(78)) - Can't close pipeline PipelineID=831eb4d0-59a2-42bd-b9ae-7752131fca6f
java.io.IOException: 5c2c4581-d43b-414b-a208-354491e5ad2f: Group group-7752131FCA6F not found.
	at org.apache.hadoop.ozone.container.common.transport.server.ratis.XceiverServerRatis.removeGroup(XceiverServerRatis.java:777)
	at org.apache.hadoop.ozone.container.common.statemachine.commandhandler.ClosePipelineCommandHandler.handle(ClosePipelineCommandHandler.java:74)
	at org.apache.hadoop.ozone.container.common.statemachine.commandhandler.CommandDispatcher.handle(CommandDispatcher.java:99)
	at org.apache.hadoop.ozone.container.common.statemachine.DatanodeStateMachine.lambda$initCommandHandlerThread$2(DatanodeStateMachine.java:555)
	at java.lang.Thread.run(Thread.java:748)
Caused by: org.apache.ratis.protocol.exceptions.GroupMismatchException: 5c2c4581-d43b-414b-a208-354491e5ad2f: Group group-7752131FCA6F not found.
	at org.apache.ratis.server.impl.RaftServerProxy.groupRemoveAsync(RaftServerProxy.java:504)
	at org.apache.ratis.server.impl.RaftServerProxy.groupManagementAsync(RaftServerProxy.java:460)
	at org.apache.ratis.server.impl.RaftServerProxy.groupManagement(RaftServerProxy.java:440)
	at org.apache.hadoop.ozone.container.common.transport.server.ratis.XceiverServerRatis.removeGroup(XceiverServerRatis.java:775)
	... 4 more
2021-08-04 12:53:45,098 [Command processor thread] INFO  server.RaftServer$Division (RaftServerImpl.java:groupRemove(377)) - ce51d6d9-39d5-43a4-bc10-fd7a21d28186@group-7752131FCA6F: Succeed to remove RaftStorageDirectory Storage Directory /home/runner/work/ozone/ozone/mnt/ozone/hadoop-ozone/integration-test/target/test-dir/MiniOzoneClusterImpl-3934b947-496f-4c0d-8e5c-b7fb60b641c1/datanode-3/data/ratis/831eb4d0-59a2-42bd-b9ae-7752131fca6f
2021-08-04 12:53:45,098 [Command processor thread] INFO  commandhandler.ClosePipelineCommandHandler (ClosePipelineCommandHandler.java:handle(75)) - Close Pipeline PipelineID=831eb4d0-59a2-42bd-b9ae-7752131fca6f command on datanode ce51d6d9-39d5-43a4-bc10-fd7a21d28186.
2021-08-04 12:53:45,098 [Command processor thread] WARN  server.RaftServer (RaftServerProxy.java:remove(101)) - ce51d6d9-39d5-43a4-bc10-fd7a21d28186: does not contain group: group-7752131FCA6F
2021-08-04 12:53:45,098 [Command processor thread] ERROR commandhandler.ClosePipelineCommandHandler (ClosePipelineCommandHandler.java:handle(78)) - Can't close pipeline PipelineID=831eb4d0-59a2-42bd-b9ae-7752131fca6f
java.io.IOException: ce51d6d9-39d5-43a4-bc10-fd7a21d28186: Group group-7752131FCA6F not found.
	at org.apache.hadoop.ozone.container.common.transport.server.ratis.XceiverServerRatis.removeGroup(XceiverServerRatis.java:777)
	at org.apache.hadoop.ozone.container.common.statemachine.commandhandler.ClosePipelineCommandHandler.handle(ClosePipelineCommandHandler.java:74)
	at org.apache.hadoop.ozone.container.common.statemachine.commandhandler.CommandDispatcher.handle(CommandDispatcher.java:99)
	at org.apache.hadoop.ozone.container.common.statemachine.DatanodeStateMachine.lambda$initCommandHandlerThread$2(DatanodeStateMachine.java:555)
	at java.lang.Thread.run(Thread.java:748)
Caused by: org.apache.ratis.protocol.exceptions.GroupMismatchException: ce51d6d9-39d5-43a4-bc10-fd7a21d28186: Group group-7752131FCA6F not found.
	at org.apache.ratis.server.impl.RaftServerProxy.groupRemoveAsync(RaftServerProxy.java:504)
	at org.apache.ratis.server.impl.RaftServerProxy.groupManagementAsync(RaftServerProxy.java:460)
	at org.apache.ratis.server.impl.RaftServerProxy.groupManagement(RaftServerProxy.java:440)
	at org.apache.hadoop.ozone.container.common.transport.server.ratis.XceiverServerRatis.removeGroup(XceiverServerRatis.java:775)
	... 4 more
2021-08-04 12:53:45,098 [Command processor thread] WARN  server.RaftServer (RaftServerProxy.java:remove(101)) - ce51d6d9-39d5-43a4-bc10-fd7a21d28186: does not contain group: group-7752131FCA6F
2021-08-04 12:53:45,098 [Command processor thread] ERROR commandhandler.ClosePipelineCommandHandler (ClosePipelineCommandHandler.java:handle(78)) - Can't close pipeline PipelineID=831eb4d0-59a2-42bd-b9ae-7752131fca6f
java.io.IOException: ce51d6d9-39d5-43a4-bc10-fd7a21d28186: Group group-7752131FCA6F not found.
	at org.apache.hadoop.ozone.container.common.transport.server.ratis.XceiverServerRatis.removeGroup(XceiverServerRatis.java:777)
	at org.apache.hadoop.ozone.container.common.statemachine.commandhandler.ClosePipelineCommandHandler.handle(ClosePipelineCommandHandler.java:74)
	at org.apache.hadoop.ozone.container.common.statemachine.commandhandler.CommandDispatcher.handle(CommandDispatcher.java:99)
	at org.apache.hadoop.ozone.container.common.statemachine.DatanodeStateMachine.lambda$initCommandHandlerThread$2(DatanodeStateMachine.java:555)
	at java.lang.Thread.run(Thread.java:748)
Caused by: org.apache.ratis.protocol.exceptions.GroupMismatchException: ce51d6d9-39d5-43a4-bc10-fd7a21d28186: Group group-7752131FCA6F not found.
	at org.apache.ratis.server.impl.RaftServerProxy.groupRemoveAsync(RaftServerProxy.java:504)
	at org.apache.ratis.server.impl.RaftServerProxy.groupManagementAsync(RaftServerProxy.java:460)
	at org.apache.ratis.server.impl.RaftServerProxy.groupManagement(RaftServerProxy.java:440)
	at org.apache.hadoop.ozone.container.common.transport.server.ratis.XceiverServerRatis.removeGroup(XceiverServerRatis.java:775)
	... 4 more
2021-08-04 12:53:46,075 [Command processor thread] INFO  server.RaftServer (RaftServerProxy.java:remove(106)) - 1fde95d9-bdfd-419d-a2d0-df997cc05e7b: remove    LEADER 1fde95d9-bdfd-419d-a2d0-df997cc05e7b@group-7752131FCA6F:t2, leader=1fde95d9-bdfd-419d-a2d0-df997cc05e7b, voted=1fde95d9-bdfd-419d-a2d0-df997cc05e7b, raftlog=1fde95d9-bdfd-419d-a2d0-df997cc05e7b@group-7752131FCA6F-SegmentedRaftLog:OPENED:c121,f121,i125, conf=0: [5c2c4581-d43b-414b-a208-354491e5ad2f|rpc:10.1.0.56:37701|dataStream:|priority:0, 1fde95d9-bdfd-419d-a2d0-df997cc05e7b|rpc:10.1.0.56:39635|dataStream:|priority:1, ce51d6d9-39d5-43a4-bc10-fd7a21d28186|rpc:10.1.0.56:37353|dataStream:|priority:0], old=null RUNNING
2021-08-04 12:53:46,075 [Command processor thread] INFO  server.RaftServer$Division (RaftServerImpl.java:lambda$close$4(407)) - 1fde95d9-bdfd-419d-a2d0-df997cc05e7b@group-7752131FCA6F: shutdown
2021-08-04 12:53:46,075 [Command processor thread] INFO  util.JmxRegister (JmxRegister.java:unregister(73)) - Successfully un-registered JMX Bean with object name Ratis:service=RaftServer,group=group-7752131FCA6F,id=1fde95d9-bdfd-419d-a2d0-df997cc05e7b
2021-08-04 12:53:46,075 [Command processor thread] INFO  impl.RoleInfo (RoleInfo.java:shutdownLeaderState(91)) - 1fde95d9-bdfd-419d-a2d0-df997cc05e7b: shutdown 1fde95d9-bdfd-419d-a2d0-df997cc05e7b@group-7752131FCA6F-LeaderStateImpl
2021-08-04 12:53:46,075 [Command processor thread] INFO  impl.PendingRequests (PendingRequests.java:sendNotLeaderResponses(249)) - 1fde95d9-bdfd-419d-a2d0-df997cc05e7b@group-7752131FCA6F-PendingRequests: sendNotLeaderResponses
2021-08-04 12:53:46,076 [1fde95d9-bdfd-419d-a2d0-df997cc05e7b@group-7752131FCA6F->5c2c4581-d43b-414b-a208-354491e5ad2f-GrpcLogAppender-LogAppenderDaemon] WARN  server.GrpcLogAppender (GrpcLogAppender.java:mayWait(175)) - 1fde95d9-bdfd-419d-a2d0-df997cc05e7b@group-7752131FCA6F->5c2c4581-d43b-414b-a208-354491e5ad2f-GrpcLogAppender: Wait interrupted by java.lang.InterruptedException
2021-08-04 12:53:46,077 [grpc-default-executor-2] INFO  server.GrpcServerProtocolService (GrpcServerProtocolService.java:onCompleted(140)) - 5c2c4581-d43b-414b-a208-354491e5ad2f: Completed APPEND_ENTRIES, lastRequest: 1fde95d9-bdfd-419d-a2d0-df997cc05e7b->5c2c4581-d43b-414b-a208-354491e5ad2f#2480-t2,previous=(t:2, i:124),leaderCommit=121,initializing? true,entries: size=1, first=(t:2, i:125), STATEMACHINELOGENTRY, 170@client-486BC565FEBF
2021-08-04 12:53:46,077 [1fde95d9-bdfd-419d-a2d0-df997cc05e7b@group-7752131FCA6F->ce51d6d9-39d5-43a4-bc10-fd7a21d28186-GrpcLogAppender-LogAppenderDaemon] WARN  server.GrpcLogAppender (GrpcLogAppender.java:mayWait(175)) - 1fde95d9-bdfd-419d-a2d0-df997cc05e7b@group-7752131FCA6F->ce51d6d9-39d5-43a4-bc10-fd7a21d28186-GrpcLogAppender: Wait interrupted by java.lang.InterruptedException
2021-08-04 12:53:46,080 [1fde95d9-bdfd-419d-a2d0-df997cc05e7b@group-7752131FCA6F-StateMachineUpdater] ERROR ratis.ContainerStateMachine (ContainerStateMachine.java:takeSnapshot(285)) - Failed to take snapshot  for group-7752131FCA6F as the stateMachine is unhealthy. The last applied index is at (t:2, i:121)
2021-08-04 12:53:46,080 [1fde95d9-bdfd-419d-a2d0-df997cc05e7b@group-7752131FCA6F-StateMachineUpdater] ERROR impl.StateMachineUpdater (StateMachineUpdater.java:takeSnapshot(276)) - 1fde95d9-bdfd-419d-a2d0-df997cc05e7b@group-7752131FCA6F-StateMachineUpdater: Failed to take snapshot
org.apache.ratis.protocol.exceptions.StateMachineException: Failed to take snapshot  for group-7752131FCA6F as the stateMachine is unhealthy. The last applied index is at (t:2, i:121)
	at org.apache.hadoop.ozone.container.common.transport.server.ratis.ContainerStateMachine.takeSnapshot(ContainerStateMachine.java:284)
	at org.apache.ratis.server.impl.StateMachineUpdater.takeSnapshot(StateMachineUpdater.java:265)
	at org.apache.ratis.server.impl.StateMachineUpdater.checkAndTakeSnapshot(StateMachineUpdater.java:257)
	at org.apache.ratis.server.impl.StateMachineUpdater.run(StateMachineUpdater.java:180)
	at java.lang.Thread.run(Thread.java:748)
2021-08-04 12:53:46,080 [1fde95d9-bdfd-419d-a2d0-df997cc05e7b@group-7752131FCA6F-StateMachineUpdater] ERROR ratis.ContainerStateMachine (ContainerStateMachine.java:takeSnapshot(285)) - Failed to take snapshot  for group-7752131FCA6F as the stateMachine is unhealthy. The last applied index is at (t:2, i:121)
2021-08-04 12:53:46,080 [1fde95d9-bdfd-419d-a2d0-df997cc05e7b@group-7752131FCA6F-StateMachineUpdater] ERROR impl.StateMachineUpdater (StateMachineUpdater.java:takeSnapshot(276)) - 1fde95d9-bdfd-419d-a2d0-df997cc05e7b@group-7752131FCA6F-StateMachineUpdater: Failed to take snapshot
org.apache.ratis.protocol.exceptions.StateMachineException: Failed to take snapshot  for group-7752131FCA6F as the stateMachine is unhealthy. The last applied index is at (t:2, i:121)
	at org.apache.hadoop.ozone.container.common.transport.server.ratis.ContainerStateMachine.takeSnapshot(ContainerStateMachine.java:284)
	at org.apache.ratis.server.impl.StateMachineUpdater.takeSnapshot(StateMachineUpdater.java:265)
	at org.apache.ratis.server.impl.StateMachineUpdater.checkAndTakeSnapshot(StateMachineUpdater.java:257)
	at org.apache.ratis.server.impl.StateMachineUpdater.run(StateMachineUpdater.java:183)
	at java.lang.Thread.run(Thread.java:748)
2021-08-04 12:53:46,081 [grpc-default-executor-0] INFO  server.GrpcLogAppender (GrpcLogAppender.java:onCompleted(344)) - 1fde95d9-bdfd-419d-a2d0-df997cc05e7b@group-7752131FCA6F->5c2c4581-d43b-414b-a208-354491e5ad2f-AppendLogResponseHandler: follower responses appendEntries COMPLETED
2021-08-04 12:53:46,081 [grpc-default-executor-0] INFO  leader.FollowerInfo (FollowerInfoImpl.java:lambda$new$0(46)) - 1fde95d9-bdfd-419d-a2d0-df997cc05e7b@group-7752131FCA6F->5c2c4581-d43b-414b-a208-354491e5ad2f: nextIndex: updateUnconditionally 126 -> 122
2021-08-04 12:53:46,079 [Command processor thread] INFO  impl.StateMachineUpdater (StateMachineUpdater.java:stopAndJoin(149)) - 1fde95d9-bdfd-419d-a2d0-df997cc05e7b@group-7752131FCA6F-StateMachineUpdater: set stopIndex = 121
2021-08-04 12:53:46,082 [Command processor thread] INFO  server.RaftServer$Division (ServerState.java:close(419)) - 1fde95d9-bdfd-419d-a2d0-df997cc05e7b@group-7752131FCA6F: closes. applyIndex: 121
2021-08-04 12:53:46,082 [1fde95d9-bdfd-419d-a2d0-df997cc05e7b@group-7752131FCA6F-SegmentedRaftLogWorker] INFO  segmented.SegmentedRaftLogWorker (SegmentedRaftLogWorker.java:run(327)) - 1fde95d9-bdfd-419d-a2d0-df997cc05e7b@group-7752131FCA6F-SegmentedRaftLogWorker was interrupted, exiting. There are 0 tasks remaining in the queue.
2021-08-04 12:53:46,082 [Command processor thread] INFO  segmented.SegmentedRaftLogWorker (SegmentedRaftLogWorker.java:close(237)) - 1fde95d9-bdfd-419d-a2d0-df997cc05e7b@group-7752131FCA6F-SegmentedRaftLogWorker close()
2021-08-04 12:53:46,081 [grpc-default-executor-3] INFO  server.GrpcServerProtocolService (GrpcServerProtocolService.java:onCompleted(140)) - ce51d6d9-39d5-43a4-bc10-fd7a21d28186: Completed APPEND_ENTRIES, lastRequest: 1fde95d9-bdfd-419d-a2d0-df997cc05e7b->ce51d6d9-39d5-43a4-bc10-fd7a21d28186#2467-t2,previous=(t:2, i:124),leaderCommit=121,initializing? true,entries: size=1, first=(t:2, i:125), STATEMACHINELOGENTRY, 170@client-486BC565FEBF
2021-08-04 12:53:46,084 [Command processor thread] INFO  server.RaftServer$Division (RaftServerImpl.java:groupRemove(377)) - 1fde95d9-bdfd-419d-a2d0-df997cc05e7b@group-7752131FCA6F: Succeed to remove RaftStorageDirectory Storage Directory /home/runner/work/ozone/ozone/mnt/ozone/hadoop-ozone/integration-test/target/test-dir/MiniOzoneClusterImpl-3934b947-496f-4c0d-8e5c-b7fb60b641c1/datanode-4/data/ratis/831eb4d0-59a2-42bd-b9ae-7752131fca6f
2021-08-04 12:53:46,084 [Command processor thread] INFO  commandhandler.ClosePipelineCommandHandler (ClosePipelineCommandHandler.java:handle(75)) - Close Pipeline PipelineID=831eb4d0-59a2-42bd-b9ae-7752131fca6f command on datanode 1fde95d9-bdfd-419d-a2d0-df997cc05e7b.
2021-08-04 12:53:46,084 [Command processor thread] WARN  server.RaftServer (RaftServerProxy.java:remove(101)) - 1fde95d9-bdfd-419d-a2d0-df997cc05e7b: does not contain group: group-7752131FCA6F
2021-08-04 12:53:46,085 [Command processor thread] ERROR commandhandler.ClosePipelineCommandHandler (ClosePipelineCommandHandler.java:handle(78)) - Can't close pipeline PipelineID=831eb4d0-59a2-42bd-b9ae-7752131fca6f
java.io.IOException: 1fde95d9-bdfd-419d-a2d0-df997cc05e7b: Group group-7752131FCA6F not found.
	at org.apache.hadoop.ozone.container.common.transport.server.ratis.XceiverServerRatis.removeGroup(XceiverServerRatis.java:777)
	at org.apache.hadoop.ozone.container.common.statemachine.commandhandler.ClosePipelineCommandHandler.handle(ClosePipelineCommandHandler.java:74)
	at org.apache.hadoop.ozone.container.common.statemachine.commandhandler.CommandDispatcher.handle(CommandDispatcher.java:99)
	at org.apache.hadoop.ozone.container.common.statemachine.DatanodeStateMachine.lambda$initCommandHandlerThread$2(DatanodeStateMachine.java:555)
	at java.lang.Thread.run(Thread.java:748)
Caused by: org.apache.ratis.protocol.exceptions.GroupMismatchException: 1fde95d9-bdfd-419d-a2d0-df997cc05e7b: Group group-7752131FCA6F not found.
	at org.apache.ratis.server.impl.RaftServerProxy.groupRemoveAsync(RaftServerProxy.java:504)
	at org.apache.ratis.server.impl.RaftServerProxy.groupManagementAsync(RaftServerProxy.java:460)
	at org.apache.ratis.server.impl.RaftServerProxy.groupManagement(RaftServerProxy.java:440)
	at org.apache.hadoop.ozone.container.common.transport.server.ratis.XceiverServerRatis.removeGroup(XceiverServerRatis.java:775)
	... 4 more
2021-08-04 12:53:46,085 [Command processor thread] WARN  server.RaftServer (RaftServerProxy.java:remove(101)) - 1fde95d9-bdfd-419d-a2d0-df997cc05e7b: does not contain group: group-7752131FCA6F
2021-08-04 12:53:46,085 [Command processor thread] ERROR commandhandler.ClosePipelineCommandHandler (ClosePipelineCommandHandler.java:handle(78)) - Can't close pipeline PipelineID=831eb4d0-59a2-42bd-b9ae-7752131fca6f
java.io.IOException: 1fde95d9-bdfd-419d-a2d0-df997cc05e7b: Group group-7752131FCA6F not found.
	at org.apache.hadoop.ozone.container.common.transport.server.ratis.XceiverServerRatis.removeGroup(XceiverServerRatis.java:777)
	at org.apache.hadoop.ozone.container.common.statemachine.commandhandler.ClosePipelineCommandHandler.handle(ClosePipelineCommandHandler.java:74)
	at org.apache.hadoop.ozone.container.common.statemachine.commandhandler.CommandDispatcher.handle(CommandDispatcher.java:99)
	at org.apache.hadoop.ozone.container.common.statemachine.DatanodeStateMachine.lambda$initCommandHandlerThread$2(DatanodeStateMachine.java:555)
	at java.lang.Thread.run(Thread.java:748)
Caused by: org.apache.ratis.protocol.exceptions.GroupMismatchException: 1fde95d9-bdfd-419d-a2d0-df997cc05e7b: Group group-7752131FCA6F not found.
	at org.apache.ratis.server.impl.RaftServerProxy.groupRemoveAsync(RaftServerProxy.java:504)
	at org.apache.ratis.server.impl.RaftServerProxy.groupManagementAsync(RaftServerProxy.java:460)
	at org.apache.ratis.server.impl.RaftServerProxy.groupManagement(RaftServerProxy.java:440)
	at org.apache.hadoop.ozone.container.common.transport.server.ratis.XceiverServerRatis.removeGroup(XceiverServerRatis.java:775)
	... 4 more
2021-08-04 12:53:46,085 [Command processor thread] WARN  server.RaftServer (RaftServerProxy.java:remove(101)) - 1fde95d9-bdfd-419d-a2d0-df997cc05e7b: does not contain group: group-7752131FCA6F
2021-08-04 12:53:46,085 [Command processor thread] ERROR commandhandler.ClosePipelineCommandHandler (ClosePipelineCommandHandler.java:handle(78)) - Can't close pipeline PipelineID=831eb4d0-59a2-42bd-b9ae-7752131fca6f
java.io.IOException: 1fde95d9-bdfd-419d-a2d0-df997cc05e7b: Group group-7752131FCA6F not found.
	at org.apache.hadoop.ozone.container.common.transport.server.ratis.XceiverServerRatis.removeGroup(XceiverServerRatis.java:777)
	at org.apache.hadoop.ozone.container.common.statemachine.commandhandler.ClosePipelineCommandHandler.handle(ClosePipelineCommandHandler.java:74)
	at org.apache.hadoop.ozone.container.common.statemachine.commandhandler.CommandDispatcher.handle(CommandDispatcher.java:99)
	at org.apache.hadoop.ozone.container.common.statemachine.DatanodeStateMachine.lambda$initCommandHandlerThread$2(DatanodeStateMachine.java:555)
	at java.lang.Thread.run(Thread.java:748)
Caused by: org.apache.ratis.protocol.exceptions.GroupMismatchException: 1fde95d9-bdfd-419d-a2d0-df997cc05e7b: Group group-7752131FCA6F not found.
	at org.apache.ratis.server.impl.RaftServerProxy.groupRemoveAsync(RaftServerProxy.java:504)
	at org.apache.ratis.server.impl.RaftServerProxy.groupManagementAsync(RaftServerProxy.java:460)
	at org.apache.ratis.server.impl.RaftServerProxy.groupManagement(RaftServerProxy.java:440)
	at org.apache.hadoop.ozone.container.common.transport.server.ratis.XceiverServerRatis.removeGroup(XceiverServerRatis.java:775)
	... 4 more
2021-08-04 12:53:46,085 [grpc-default-executor-3] INFO  server.GrpcLogAppender (GrpcLogAppender.java:onCompleted(344)) - 1fde95d9-bdfd-419d-a2d0-df997cc05e7b@group-7752131FCA6F->ce51d6d9-39d5-43a4-bc10-fd7a21d28186-AppendLogResponseHandler: follower responses appendEntries COMPLETED
2021-08-04 12:53:46,085 [grpc-default-executor-3] INFO  leader.FollowerInfo (FollowerInfoImpl.java:lambda$new$0(46)) - 1fde95d9-bdfd-419d-a2d0-df997cc05e7b@group-7752131FCA6F->ce51d6d9-39d5-43a4-bc10-fd7a21d28186: nextIndex: updateUnconditionally 126 -> 122
2021-08-04 12:53:46,245 [Command processor thread] WARN  server.RaftServer (RaftServerProxy.java:remove(101)) - 5c2c4581-d43b-414b-a208-354491e5ad2f: does not contain group: group-7752131FCA6F
2021-08-04 12:53:46,245 [Command processor thread] ERROR commandhandler.ClosePipelineCommandHandler (ClosePipelineCommandHandler.java:handle(78)) - Can't close pipeline PipelineID=831eb4d0-59a2-42bd-b9ae-7752131fca6f
java.io.IOException: 5c2c4581-d43b-414b-a208-354491e5ad2f: Group group-7752131FCA6F not found.
	at org.apache.hadoop.ozone.container.common.transport.server.ratis.XceiverServerRatis.removeGroup(XceiverServerRatis.java:777)
	at org.apache.hadoop.ozone.container.common.statemachine.commandhandler.ClosePipelineCommandHandler.handle(ClosePipelineCommandHandler.java:74)
	at org.apache.hadoop.ozone.container.common.statemachine.commandhandler.CommandDispatcher.handle(CommandDispatcher.java:99)
	at org.apache.hadoop.ozone.container.common.statemachine.DatanodeStateMachine.lambda$initCommandHandlerThread$2(DatanodeStateMachine.java:555)
	at java.lang.Thread.run(Thread.java:748)
Caused by: org.apache.ratis.protocol.exceptions.GroupMismatchException: 5c2c4581-d43b-414b-a208-354491e5ad2f: Group group-7752131FCA6F not found.
	at org.apache.ratis.server.impl.RaftServerProxy.groupRemoveAsync(RaftServerProxy.java:504)
	at org.apache.ratis.server.impl.RaftServerProxy.groupManagementAsync(RaftServerProxy.java:460)
	at org.apache.ratis.server.impl.RaftServerProxy.groupManagement(RaftServerProxy.java:440)
	at org.apache.hadoop.ozone.container.common.transport.server.ratis.XceiverServerRatis.removeGroup(XceiverServerRatis.java:775)
	... 4 more
2021-08-04 12:53:46,252 [Command processor thread] WARN  server.RaftServer (RaftServerProxy.java:remove(101)) - ce51d6d9-39d5-43a4-bc10-fd7a21d28186: does not contain group: group-7752131FCA6F
2021-08-04 12:53:46,253 [Command processor thread] ERROR commandhandler.ClosePipelineCommandHandler (ClosePipelineCommandHandler.java:handle(78)) - Can't close pipeline PipelineID=831eb4d0-59a2-42bd-b9ae-7752131fca6f
java.io.IOException: ce51d6d9-39d5-43a4-bc10-fd7a21d28186: Group group-7752131FCA6F not found.
	at org.apache.hadoop.ozone.container.common.transport.server.ratis.XceiverServerRatis.removeGroup(XceiverServerRatis.java:777)
	at org.apache.hadoop.ozone.container.common.statemachine.commandhandler.ClosePipelineCommandHandler.handle(ClosePipelineCommandHandler.java:74)
	at org.apache.hadoop.ozone.container.common.statemachine.commandhandler.CommandDispatcher.handle(CommandDispatcher.java:99)
	at org.apache.hadoop.ozone.container.common.statemachine.DatanodeStateMachine.lambda$initCommandHandlerThread$2(DatanodeStateMachine.java:555)
	at java.lang.Thread.run(Thread.java:748)
Caused by: org.apache.ratis.protocol.exceptions.GroupMismatchException: ce51d6d9-39d5-43a4-bc10-fd7a21d28186: Group group-7752131FCA6F not found.
	at org.apache.ratis.server.impl.RaftServerProxy.groupRemoveAsync(RaftServerProxy.java:504)
	at org.apache.ratis.server.impl.RaftServerProxy.groupManagementAsync(RaftServerProxy.java:460)
	at org.apache.ratis.server.impl.RaftServerProxy.groupManagement(RaftServerProxy.java:440)
	at org.apache.hadoop.ozone.container.common.transport.server.ratis.XceiverServerRatis.removeGroup(XceiverServerRatis.java:775)
	... 4 more
2021-08-04 12:53:51,848 [Time-limited test] WARN  io.KeyOutputStream (KeyOutputStream.java:handleException(318)) - Encountered exception java.io.IOException: Unexpected Storage Container Exception: java.util.concurrent.CompletionException: Failed to write chunk 107544261427200022_chunk_1 into block conID: 18 locID: 107544261427200022 bcsId: 0 on the pipeline Pipeline[ Id: 831eb4d0-59a2-42bd-b9ae-7752131fca6f, Nodes: 1fde95d9-bdfd-419d-a2d0-df997cc05e7b{ip: 10.1.0.56, host: fv-az294-656.eaanfquahm5ulb5tj050gcxych.jx.internal.cloudapp.net, ports: [REPLICATION=33681, RATIS=39635, RATIS_ADMIN=39635, RATIS_SERVER=39635, STANDALONE=40951], networkLocation: /default-rack, certSerialId: null, persistedOpState: IN_SERVICE, persistedOpStateExpiryEpochSec: 0}5c2c4581-d43b-414b-a208-354491e5ad2f{ip: 10.1.0.56, host: fv-az294-656.eaanfquahm5ulb5tj050gcxych.jx.internal.cloudapp.net, ports: [REPLICATION=41651, RATIS=37701, RATIS_ADMIN=37701, RATIS_SERVER=37701, STANDALONE=41127], networkLocation: /default-rack, certSerialId: null, persistedOpState: IN_SERVICE, persistedOpStateExpiryEpochSec: 0}ce51d6d9-39d5-43a4-bc10-fd7a21d28186{ip: 10.1.0.56, host: fv-az294-656.eaanfquahm5ulb5tj050gcxych.jx.internal.cloudapp.net, ports: [REPLICATION=41991, RATIS=37353, RATIS_ADMIN=37353, RATIS_SERVER=37353, STANDALONE=46131], networkLocation: /default-rack, certSerialId: null, persistedOpState: IN_SERVICE, persistedOpStateExpiryEpochSec: 0}, ReplicationConfig: RATIS/THREE, State:OPEN, leaderId:1fde95d9-bdfd-419d-a2d0-df997cc05e7b, CreationTimestamp2021-08-04T12:52:59.419Z[Etc/UTC]]. The last committed block length is 0, uncommitted data length is 2097152 retry count 1
2021-08-04 12:53:51,851 [IPC Server handler 13 on default port 41187] INFO  pipeline.RatisPipelineProvider (RatisPipelineProvider.java:lambda$create$0(183)) - Sending CreatePipelineCommand for pipeline:PipelineID=f6fb2d64-e6ef-4253-9367-75dfc4692a8d to datanode:ce51d6d9-39d5-43a4-bc10-fd7a21d28186
2021-08-04 12:53:51,851 [IPC Server handler 13 on default port 41187] INFO  pipeline.RatisPipelineProvider (RatisPipelineProvider.java:lambda$create$0(183)) - Sending CreatePipelineCommand for pipeline:PipelineID=f6fb2d64-e6ef-4253-9367-75dfc4692a8d to datanode:0021eed5-5548-40a7-a646-263527d03420
2021-08-04 12:53:51,851 [IPC Server handler 13 on default port 41187] INFO  pipeline.RatisPipelineProvider (RatisPipelineProvider.java:lambda$create$0(183)) - Sending CreatePipelineCommand for pipeline:PipelineID=f6fb2d64-e6ef-4253-9367-75dfc4692a8d to datanode:1fde95d9-bdfd-419d-a2d0-df997cc05e7b
2021-08-04 12:53:51,852 [IPC Server handler 13 on default port 41187] INFO  pipeline.PipelineStateManager (PipelineStateManagerV2Impl.java:addPipeline(101)) - Created pipeline Pipeline[ Id: f6fb2d64-e6ef-4253-9367-75dfc4692a8d, Nodes: ce51d6d9-39d5-43a4-bc10-fd7a21d28186{ip: 10.1.0.56, host: fv-az294-656.eaanfquahm5ulb5tj050gcxych.jx.internal.cloudapp.net, ports: [REPLICATION=41991, RATIS=37353, RATIS_ADMIN=37353, RATIS_SERVER=37353, STANDALONE=46131], networkLocation: /default-rack, certSerialId: null, persistedOpState: IN_SERVICE, persistedOpStateExpiryEpochSec: 0}0021eed5-5548-40a7-a646-263527d03420{ip: 10.1.0.56, host: fv-az294-656.eaanfquahm5ulb5tj050gcxych.jx.internal.cloudapp.net, ports: [REPLICATION=35583, RATIS=37169, RATIS_ADMIN=37169, RATIS_SERVER=37169, STANDALONE=35765], networkLocation: /default-rack, certSerialId: null, persistedOpState: IN_SERVICE, persistedOpStateExpiryEpochSec: 0}1fde95d9-bdfd-419d-a2d0-df997cc05e7b{ip: 10.1.0.56, host: fv-az294-656.eaanfquahm5ulb5tj050gcxych.jx.internal.cloudapp.net, ports: [REPLICATION=33681, RATIS=39635, RATIS_ADMIN=39635, RATIS_SERVER=39635, STANDALONE=40951], networkLocation: /default-rack, certSerialId: null, persistedOpState: IN_SERVICE, persistedOpStateExpiryEpochSec: 0}, ReplicationConfig: RATIS/THREE, State:ALLOCATED, leaderId:, CreationTimestamp2021-08-04T12:53:51.851Z[Etc/UTC]].
2021-08-04 12:53:53,200 [Command processor thread] INFO  server.RaftServer (RaftServerProxy.java:addNew(95)) - 1fde95d9-bdfd-419d-a2d0-df997cc05e7b: addNew group-75DFC4692A8D:[0021eed5-5548-40a7-a646-263527d03420|rpc:10.1.0.56:37169|priority:0, 1fde95d9-bdfd-419d-a2d0-df997cc05e7b|rpc:10.1.0.56:39635|priority:1, ce51d6d9-39d5-43a4-bc10-fd7a21d28186|rpc:10.1.0.56:37353|priority:0] returns group-75DFC4692A8D:java.util.concurrent.CompletableFuture@7040e8a2[Not completed]
2021-08-04 12:53:53,202 [pool-126-thread-1] INFO  server.RaftServer$Division (RaftServerImpl.java:<init>(181)) - 1fde95d9-bdfd-419d-a2d0-df997cc05e7b: new RaftServerImpl for group-75DFC4692A8D:[0021eed5-5548-40a7-a646-263527d03420|rpc:10.1.0.56:37169|priority:0, 1fde95d9-bdfd-419d-a2d0-df997cc05e7b|rpc:10.1.0.56:39635|priority:1, ce51d6d9-39d5-43a4-bc10-fd7a21d28186|rpc:10.1.0.56:37353|priority:0] with ContainerStateMachine:uninitialized
2021-08-04 12:53:53,202 [pool-126-thread-1] INFO  server.RaftServerConfigKeys (ConfUtils.java:logGet(44)) - raft.server.rpc.timeout.min = 5s (custom)
2021-08-04 12:53:53,202 [pool-126-thread-1] INFO  server.RaftServerConfigKeys (ConfUtils.java:logGet(44)) - raft.server.rpc.timeout.max = 5200ms (custom)
2021-08-04 12:53:53,202 [pool-126-thread-1] INFO  server.RaftServerConfigKeys (ConfUtils.java:logGet(44)) - raft.server.rpc.sleep.time = 25ms (default)
2021-08-04 12:53:53,202 [pool-126-thread-1] INFO  server.RaftServerConfigKeys (ConfUtils.java:logGet(44)) - raft.server.rpc.slowness.timeout = 300s (custom)
2021-08-04 12:53:53,202 [pool-126-thread-1] INFO  server.RaftServerConfigKeys (ConfUtils.java:logGet(44)) - raft.server.leaderelection.leader.step-down.wait-time = 10s (default)
2021-08-04 12:53:53,202 [pool-126-thread-1] INFO  server.RaftServerConfigKeys (ConfUtils.java:logGet(44)) - raft.server.sleep.deviation.threshold = 300ms (default)
2021-08-04 12:53:53,202 [pool-126-thread-1] INFO  server.RaftServerConfigKeys (ConfUtils.java:logGet(44)) - raft.server.log.appender.install.snapshot.enabled = false (custom)
2021-08-04 12:53:53,202 [pool-126-thread-1] INFO  server.RaftServer$Division (ServerState.java:<init>(105)) - 1fde95d9-bdfd-419d-a2d0-df997cc05e7b@group-75DFC4692A8D: ConfigurationManager, init=-1: [0021eed5-5548-40a7-a646-263527d03420|rpc:10.1.0.56:37169|priority:0, 1fde95d9-bdfd-419d-a2d0-df997cc05e7b|rpc:10.1.0.56:39635|priority:1, ce51d6d9-39d5-43a4-bc10-fd7a21d28186|rpc:10.1.0.56:37353|priority:0], old=null, confs=<EMPTY_MAP>
2021-08-04 12:53:53,203 [pool-126-thread-1] INFO  server.RaftServerConfigKeys (ConfUtils.java:logGet(44)) - raft.server.storage.dir = [/home/runner/work/ozone/ozone/mnt/ozone/hadoop-ozone/integration-test/target/test-dir/MiniOzoneClusterImpl-3934b947-496f-4c0d-8e5c-b7fb60b641c1/datanode-4/data/ratis] (custom)
2021-08-04 12:53:53,203 [pool-126-thread-1] INFO  server.RaftServerConfigKeys (ConfUtils.java:logGet(44)) - raft.server.log.corruption.policy = EXCEPTION (default)
2021-08-04 12:53:53,203 [pool-126-thread-1] INFO  server.RaftServerConfigKeys (ConfUtils.java:logGet(44)) - raft.server.storage.free-space.min = 0MB (=0) (default)
2021-08-04 12:53:53,203 [pool-126-thread-1] INFO  storage.RaftStorageDirectory (RaftStorageDirectoryImpl.java:analyzeStorage(135)) - The storage directory /home/runner/work/ozone/ozone/mnt/ozone/hadoop-ozone/integration-test/target/test-dir/MiniOzoneClusterImpl-3934b947-496f-4c0d-8e5c-b7fb60b641c1/datanode-4/data/ratis/f6fb2d64-e6ef-4253-9367-75dfc4692a8d does not exist. Creating ...
2021-08-04 12:53:53,205 [pool-126-thread-1] INFO  storage.RaftStorageDirectory (RaftStorageDirectoryImpl.java:tryLock(230)) - Lock on /home/runner/work/ozone/ozone/mnt/ozone/hadoop-ozone/integration-test/target/test-dir/MiniOzoneClusterImpl-3934b947-496f-4c0d-8e5c-b7fb60b641c1/datanode-4/data/ratis/f6fb2d64-e6ef-4253-9367-75dfc4692a8d/in_use.lock acquired by nodename 5015@fv-az294-656
2021-08-04 12:53:53,206 [pool-126-thread-1] INFO  storage.RaftStorage (RaftStorageImpl.java:format(89)) - Storage directory /home/runner/work/ozone/ozone/mnt/ozone/hadoop-ozone/integration-test/target/test-dir/MiniOzoneClusterImpl-3934b947-496f-4c0d-8e5c-b7fb60b641c1/datanode-4/data/ratis/f6fb2d64-e6ef-4253-9367-75dfc4692a8d has been successfully formatted.
2021-08-04 12:53:53,207 [Datanode State Machine Thread - 0] WARN  statemachine.StateContext (StateContext.java:execute(621)) - No available thread in pool for past 1 seconds.
2021-08-04 12:53:53,208 [pool-126-thread-1] INFO  ratis.ContainerStateMachine (ContainerStateMachine.java:loadSnapshot(223)) - group-75DFC4692A8D: The snapshot info is null. Setting the last applied indexto:(t:0, i:~)
2021-08-04 12:53:53,208 [pool-126-thread-1] INFO  server.RaftServerConfigKeys (ConfUtils.java:logGet(44)) - raft.server.notification.no-leader.timeout = 300s (custom)
2021-08-04 12:53:53,208 [pool-126-thread-1] INFO  server.RaftServerConfigKeys (ConfUtils.java:logGet(44)) - raft.server.log.use.memory = false (default)
2021-08-04 12:53:53,208 [pool-126-thread-1] INFO  server.RaftServerConfigKeys (ConfUtils.java:logGet(44)) - raft.server.log.purge.gap = 1000000 (custom)
2021-08-04 12:53:53,208 [pool-126-thread-1] INFO  server.RaftServerConfigKeys (ConfUtils.java:logGet(44)) - raft.server.log.appender.buffer.byte-limit = 33554432 (custom)
2021-08-04 12:53:53,208 [pool-126-thread-1] INFO  server.RaftServerConfigKeys (ConfUtils.java:logGet(44)) - raft.server.log.segment.size.max = 1048576 (custom)
2021-08-04 12:53:53,209 [pool-126-thread-1] INFO  server.RaftServerConfigKeys (ConfUtils.java:logGet(44)) - raft.server.log.segment.cache.num.max = 2 (custom)
2021-08-04 12:53:53,209 [pool-126-thread-1] INFO  server.RaftServerConfigKeys (ConfUtils.java:logGet(44)) - raft.server.log.segment.cache.size.max = 200MB (=209715200) (default)
2021-08-04 12:53:53,209 [pool-126-thread-1] INFO  segmented.SegmentedRaftLogWorker (SegmentedRaftLogWorker.java:<init>(182)) - new 1fde95d9-bdfd-419d-a2d0-df997cc05e7b@group-75DFC4692A8D-SegmentedRaftLogWorker for RaftStorageImpl:Storage Directory /home/runner/work/ozone/ozone/mnt/ozone/hadoop-ozone/integration-test/target/test-dir/MiniOzoneClusterImpl-3934b947-496f-4c0d-8e5c-b7fb60b641c1/datanode-4/data/ratis/f6fb2d64-e6ef-4253-9367-75dfc4692a8d
2021-08-04 12:53:53,209 [pool-126-thread-1] INFO  server.RaftServerConfigKeys (ConfUtils.java:logGet(44)) - raft.server.log.queue.byte-limit = 2147483647 (custom)
2021-08-04 12:53:53,209 [pool-126-thread-1] INFO  server.RaftServerConfigKeys (ConfUtils.java:logGet(44)) - raft.server.log.queue.element-limit = 1024 (custom)
2021-08-04 12:53:53,209 [pool-126-thread-1] INFO  server.RaftServerConfigKeys (ConfUtils.java:logGet(44)) - raft.server.log.segment.size.max = 1048576 (custom)
2021-08-04 12:53:53,209 [pool-126-thread-1] INFO  server.RaftServerConfigKeys (ConfUtils.java:logGet(44)) - raft.server.log.preallocated.size = 16384 (custom)
2021-08-04 12:53:53,209 [pool-126-thread-1] INFO  server.RaftServerConfigKeys (ConfUtils.java:logGet(44)) - raft.server.log.force.sync.num = 128 (default)
2021-08-04 12:53:53,210 [pool-126-thread-1] INFO  server.RaftServerConfigKeys (ConfUtils.java:logGet(44)) - raft.server.log.statemachine.data.sync = true (default)
2021-08-04 12:53:53,210 [pool-126-thread-1] INFO  server.RaftServerConfigKeys (ConfUtils.java:logGet(44)) - raft.server.log.statemachine.data.sync.timeout = 10s (default)
2021-08-04 12:53:53,210 [pool-126-thread-1] INFO  server.RaftServerConfigKeys (ConfUtils.java:logGet(44)) - raft.server.log.statemachine.data.sync.timeout.retry = -1 (default)
2021-08-04 12:53:53,210 [pool-126-thread-1] INFO  server.RaftServerConfigKeys (ConfUtils.java:logGet(44)) - raft.server.log.write.buffer.size = 1048576 (custom)
2021-08-04 12:53:53,211 [pool-126-thread-1] INFO  server.RaftServerConfigKeys (ConfUtils.java:logGet(44)) - raft.server.log.statemachine.data.caching.enabled = true (custom)
2021-08-04 12:53:53,211 [pool-126-thread-1] INFO  segmented.SegmentedRaftLogWorker (SegmentedRaftLogWorker.java:lambda$new$0(133)) - 1fde95d9-bdfd-419d-a2d0-df997cc05e7b@group-75DFC4692A8D-SegmentedRaftLogWorker: flushIndex: setUnconditionally 0 -> -1
2021-08-04 12:53:53,211 [pool-126-thread-1] INFO  segmented.SegmentedRaftLogWorker (SegmentedRaftLogWorker.java:lambda$new$0(133)) - 1fde95d9-bdfd-419d-a2d0-df997cc05e7b@group-75DFC4692A8D-SegmentedRaftLogWorker: safeCacheEvictIndex: setUnconditionally 0 -> -1
2021-08-04 12:53:53,215 [pool-126-thread-1] INFO  server.RaftServerConfigKeys (ConfUtils.java:logGet(44)) - raft.server.snapshot.auto.trigger.enabled = true (custom)
2021-08-04 12:53:53,216 [pool-126-thread-1] INFO  server.RaftServerConfigKeys (ConfUtils.java:logGet(44)) - raft.server.snapshot.auto.trigger.threshold = 10000 (custom)
2021-08-04 12:53:53,216 [pool-126-thread-1] INFO  server.RaftServerConfigKeys (ConfUtils.java:logGet(44)) - raft.server.snapshot.retention.file.num = 5 (custom)
2021-08-04 12:53:53,216 [pool-126-thread-1] INFO  server.RaftServerConfigKeys (ConfUtils.java:logGet(44)) - raft.server.log.purge.upto.snapshot.index = false (default)
2021-08-04 12:53:53,216 [pool-126-thread-1] INFO  server.RaftServerConfigKeys (ConfUtils.java:logGet(44)) - raft.server.retrycache.expirytime = 600000ms (custom)
2021-08-04 12:53:53,216 [pool-126-thread-1] INFO  server.RaftServerConfigKeys (ConfUtils.java:logGet(44)) - raft.server.retrycache.statistics.expirytime = 100μs (default)
2021-08-04 12:53:53,217 [pool-126-thread-1] INFO  server.RaftServer$Division (RaftServerImpl.java:start(296)) - 1fde95d9-bdfd-419d-a2d0-df997cc05e7b@group-75DFC4692A8D: start as a follower, conf=-1: [0021eed5-5548-40a7-a646-263527d03420|rpc:10.1.0.56:37169|priority:0, 1fde95d9-bdfd-419d-a2d0-df997cc05e7b|rpc:10.1.0.56:39635|priority:1, ce51d6d9-39d5-43a4-bc10-fd7a21d28186|rpc:10.1.0.56:37353|priority:0], old=null
2021-08-04 12:53:53,217 [pool-126-thread-1] INFO  server.RaftServer$Division (RaftServerImpl.java:setRole(285)) - 1fde95d9-bdfd-419d-a2d0-df997cc05e7b@group-75DFC4692A8D: changes role from      null to FOLLOWER at term 0 for startAsFollower
2021-08-04 12:53:53,217 [pool-126-thread-1] INFO  impl.RoleInfo (RoleInfo.java:updateAndGet(130)) - 1fde95d9-bdfd-419d-a2d0-df997cc05e7b: start 1fde95d9-bdfd-419d-a2d0-df997cc05e7b@group-75DFC4692A8D-FollowerState
2021-08-04 12:53:53,218 [pool-126-thread-1] INFO  util.JmxRegister (JmxRegister.java:tryRegister(44)) - Successfully registered JMX Bean with object name Ratis:service=RaftServer,group=group-75DFC4692A8D,id=1fde95d9-bdfd-419d-a2d0-df997cc05e7b
2021-08-04 12:53:53,218 [Command processor thread] INFO  ratis.XceiverServerRatis (XceiverServerRatis.java:addGroup(759)) - Created group PipelineID=f6fb2d64-e6ef-4253-9367-75dfc4692a8d
2021-08-04 12:53:53,225 [grpc-default-executor-2] INFO  server.RaftServer (RaftServerProxy.java:addNew(95)) - ce51d6d9-39d5-43a4-bc10-fd7a21d28186: addNew group-75DFC4692A8D:[0021eed5-5548-40a7-a646-263527d03420|rpc:10.1.0.56:37169|dataStream:|priority:0, 1fde95d9-bdfd-419d-a2d0-df997cc05e7b|rpc:10.1.0.56:39635|dataStream:|priority:1, ce51d6d9-39d5-43a4-bc10-fd7a21d28186|rpc:10.1.0.56:37353|dataStream:|priority:0] returns group-75DFC4692A8D:java.util.concurrent.CompletableFuture@6670bcac[Not completed]
2021-08-04 12:53:53,226 [pool-108-thread-1] INFO  server.RaftServer$Division (RaftServerImpl.java:<init>(181)) - ce51d6d9-39d5-43a4-bc10-fd7a21d28186: new RaftServerImpl for group-75DFC4692A8D:[0021eed5-5548-40a7-a646-263527d03420|rpc:10.1.0.56:37169|dataStream:|priority:0, 1fde95d9-bdfd-419d-a2d0-df997cc05e7b|rpc:10.1.0.56:39635|dataStream:|priority:1, ce51d6d9-39d5-43a4-bc10-fd7a21d28186|rpc:10.1.0.56:37353|dataStream:|priority:0] with ContainerStateMachine:uninitialized
2021-08-04 12:53:53,226 [pool-108-thread-1] INFO  server.RaftServerConfigKeys (ConfUtils.java:logGet(44)) - raft.server.rpc.timeout.min = 5s (custom)
2021-08-04 12:53:53,226 [pool-108-thread-1] INFO  server.RaftServerConfigKeys (ConfUtils.java:logGet(44)) - raft.server.rpc.timeout.max = 5200ms (custom)
2021-08-04 12:53:53,226 [pool-108-thread-1] INFO  server.RaftServerConfigKeys (ConfUtils.java:logGet(44)) - raft.server.rpc.sleep.time = 25ms (default)
2021-08-04 12:53:53,226 [pool-108-thread-1] INFO  server.RaftServerConfigKeys (ConfUtils.java:logGet(44)) - raft.server.rpc.slowness.timeout = 300s (custom)
2021-08-04 12:53:53,226 [pool-108-thread-1] INFO  server.RaftServerConfigKeys (ConfUtils.java:logGet(44)) - raft.server.leaderelection.leader.step-down.wait-time = 10s (default)
2021-08-04 12:53:53,226 [pool-108-thread-1] INFO  server.RaftServerConfigKeys (ConfUtils.java:logGet(44)) - raft.server.sleep.deviation.threshold = 300ms (default)
2021-08-04 12:53:53,226 [pool-108-thread-1] INFO  server.RaftServerConfigKeys (ConfUtils.java:logGet(44)) - raft.server.log.appender.install.snapshot.enabled = false (custom)
2021-08-04 12:53:53,226 [pool-108-thread-1] INFO  server.RaftServer$Division (ServerState.java:<init>(105)) - ce51d6d9-39d5-43a4-bc10-fd7a21d28186@group-75DFC4692A8D: ConfigurationManager, init=-1: [0021eed5-5548-40a7-a646-263527d03420|rpc:10.1.0.56:37169|dataStream:|priority:0, 1fde95d9-bdfd-419d-a2d0-df997cc05e7b|rpc:10.1.0.56:39635|dataStream:|priority:1, ce51d6d9-39d5-43a4-bc10-fd7a21d28186|rpc:10.1.0.56:37353|dataStream:|priority:0], old=null, confs=<EMPTY_MAP>
2021-08-04 12:53:53,226 [pool-108-thread-1] INFO  server.RaftServerConfigKeys (ConfUtils.java:logGet(44)) - raft.server.storage.dir = [/home/runner/work/ozone/ozone/mnt/ozone/hadoop-ozone/integration-test/target/test-dir/MiniOzoneClusterImpl-3934b947-496f-4c0d-8e5c-b7fb60b641c1/datanode-3/data/ratis] (custom)
2021-08-04 12:53:53,227 [pool-108-thread-1] INFO  server.RaftServerConfigKeys (ConfUtils.java:logGet(44)) - raft.server.log.corruption.policy = EXCEPTION (default)
2021-08-04 12:53:53,227 [pool-108-thread-1] INFO  server.RaftServerConfigKeys (ConfUtils.java:logGet(44)) - raft.server.storage.free-space.min = 0MB (=0) (default)
2021-08-04 12:53:53,227 [pool-108-thread-1] INFO  storage.RaftStorageDirectory (RaftStorageDirectoryImpl.java:analyzeStorage(135)) - The storage directory /home/runner/work/ozone/ozone/mnt/ozone/hadoop-ozone/integration-test/target/test-dir/MiniOzoneClusterImpl-3934b947-496f-4c0d-8e5c-b7fb60b641c1/datanode-3/data/ratis/f6fb2d64-e6ef-4253-9367-75dfc4692a8d does not exist. Creating ...
2021-08-04 12:53:53,228 [pool-108-thread-1] INFO  storage.RaftStorageDirectory (RaftStorageDirectoryImpl.java:tryLock(230)) - Lock on /home/runner/work/ozone/ozone/mnt/ozone/hadoop-ozone/integration-test/target/test-dir/MiniOzoneClusterImpl-3934b947-496f-4c0d-8e5c-b7fb60b641c1/datanode-3/data/ratis/f6fb2d64-e6ef-4253-9367-75dfc4692a8d/in_use.lock acquired by nodename 5015@fv-az294-656
2021-08-04 12:53:53,229 [pool-108-thread-1] INFO  storage.RaftStorage (RaftStorageImpl.java:format(89)) - Storage directory /home/runner/work/ozone/ozone/mnt/ozone/hadoop-ozone/integration-test/target/test-dir/MiniOzoneClusterImpl-3934b947-496f-4c0d-8e5c-b7fb60b641c1/datanode-3/data/ratis/f6fb2d64-e6ef-4253-9367-75dfc4692a8d has been successfully formatted.
2021-08-04 12:53:53,229 [pool-108-thread-1] INFO  ratis.ContainerStateMachine (ContainerStateMachine.java:loadSnapshot(223)) - group-75DFC4692A8D: The snapshot info is null. Setting the last applied indexto:(t:0, i:~)
2021-08-04 12:53:53,229 [Datanode State Machine Thread - 0] WARN  statemachine.StateContext (StateContext.java:execute(621)) - No available thread in pool for past 1 seconds.
2021-08-04 12:53:53,230 [pool-108-thread-1] INFO  server.RaftServerConfigKeys (ConfUtils.java:logGet(44)) - raft.server.notification.no-leader.timeout = 300s (custom)
2021-08-04 12:53:53,230 [pool-108-thread-1] INFO  server.RaftServerConfigKeys (ConfUtils.java:logGet(44)) - raft.server.log.use.memory = false (default)
2021-08-04 12:53:53,230 [pool-108-thread-1] INFO  server.RaftServerConfigKeys (ConfUtils.java:logGet(44)) - raft.server.log.purge.gap = 1000000 (custom)
2021-08-04 12:53:53,230 [pool-108-thread-1] INFO  server.RaftServerConfigKeys (ConfUtils.java:logGet(44)) - raft.server.log.appender.buffer.byte-limit = 33554432 (custom)
2021-08-04 12:53:53,230 [pool-108-thread-1] INFO  server.RaftServerConfigKeys (ConfUtils.java:logGet(44)) - raft.server.log.segment.size.max = 1048576 (custom)
2021-08-04 12:53:53,231 [pool-108-thread-1] INFO  server.RaftServerConfigKeys (ConfUtils.java:logGet(44)) - raft.server.log.segment.cache.num.max = 2 (custom)
2021-08-04 12:53:53,231 [pool-108-thread-1] INFO  server.RaftServerConfigKeys (ConfUtils.java:logGet(44)) - raft.server.log.segment.cache.size.max = 200MB (=209715200) (default)
2021-08-04 12:53:53,231 [pool-108-thread-1] INFO  segmented.SegmentedRaftLogWorker (SegmentedRaftLogWorker.java:<init>(182)) - new ce51d6d9-39d5-43a4-bc10-fd7a21d28186@group-75DFC4692A8D-SegmentedRaftLogWorker for RaftStorageImpl:Storage Directory /home/runner/work/ozone/ozone/mnt/ozone/hadoop-ozone/integration-test/target/test-dir/MiniOzoneClusterImpl-3934b947-496f-4c0d-8e5c-b7fb60b641c1/datanode-3/data/ratis/f6fb2d64-e6ef-4253-9367-75dfc4692a8d
2021-08-04 12:53:53,231 [pool-108-thread-1] INFO  server.RaftServerConfigKeys (ConfUtils.java:logGet(44)) - raft.server.log.queue.byte-limit = 2147483647 (custom)
2021-08-04 12:53:53,231 [pool-108-thread-1] INFO  server.RaftServerConfigKeys (ConfUtils.java:logGet(44)) - raft.server.log.queue.element-limit = 1024 (custom)
2021-08-04 12:53:53,231 [pool-108-thread-1] INFO  server.RaftServerConfigKeys (ConfUtils.java:logGet(44)) - raft.server.log.segment.size.max = 1048576 (custom)
2021-08-04 12:53:53,231 [pool-108-thread-1] INFO  server.RaftServerConfigKeys (ConfUtils.java:logGet(44)) - raft.server.log.preallocated.size = 16384 (custom)
2021-08-04 12:53:53,232 [pool-108-thread-1] INFO  server.RaftServerConfigKeys (ConfUtils.java:logGet(44)) - raft.server.log.force.sync.num = 128 (default)
2021-08-04 12:53:53,232 [pool-108-thread-1] INFO  server.RaftServerConfigKeys (ConfUtils.java:logGet(44)) - raft.server.log.statemachine.data.sync = true (default)
2021-08-04 12:53:53,232 [pool-108-thread-1] INFO  server.RaftServerConfigKeys (ConfUtils.java:logGet(44)) - raft.server.log.statemachine.data.sync.timeout = 10s (default)
2021-08-04 12:53:53,232 [pool-108-thread-1] INFO  server.RaftServerConfigKeys (ConfUtils.java:logGet(44)) - raft.server.log.statemachine.data.sync.timeout.retry = -1 (default)
2021-08-04 12:53:53,232 [pool-108-thread-1] INFO  server.RaftServerConfigKeys (ConfUtils.java:logGet(44)) - raft.server.log.write.buffer.size = 1048576 (custom)
2021-08-04 12:53:53,233 [pool-108-thread-1] INFO  server.RaftServerConfigKeys (ConfUtils.java:logGet(44)) - raft.server.log.statemachine.data.caching.enabled = true (custom)
2021-08-04 12:53:53,233 [pool-108-thread-1] INFO  segmented.SegmentedRaftLogWorker (SegmentedRaftLogWorker.java:lambda$new$0(133)) - ce51d6d9-39d5-43a4-bc10-fd7a21d28186@group-75DFC4692A8D-SegmentedRaftLogWorker: flushIndex: setUnconditionally 0 -> -1
2021-08-04 12:53:53,233 [pool-108-thread-1] INFO  segmented.SegmentedRaftLogWorker (SegmentedRaftLogWorker.java:lambda$new$0(133)) - ce51d6d9-39d5-43a4-bc10-fd7a21d28186@group-75DFC4692A8D-SegmentedRaftLogWorker: safeCacheEvictIndex: setUnconditionally 0 -> -1
2021-08-04 12:53:53,233 [pool-108-thread-1] INFO  server.RaftServerConfigKeys (ConfUtils.java:logGet(44)) - raft.server.snapshot.auto.trigger.enabled = true (custom)
2021-08-04 12:53:53,233 [pool-108-thread-1] INFO  server.RaftServerConfigKeys (ConfUtils.java:logGet(44)) - raft.server.snapshot.auto.trigger.threshold = 10000 (custom)
2021-08-04 12:53:53,233 [pool-108-thread-1] INFO  server.RaftServerConfigKeys (ConfUtils.java:logGet(44)) - raft.server.snapshot.retention.file.num = 5 (custom)
2021-08-04 12:53:53,233 [pool-108-thread-1] INFO  server.RaftServerConfigKeys (ConfUtils.java:logGet(44)) - raft.server.log.purge.upto.snapshot.index = false (default)
2021-08-04 12:53:53,233 [pool-108-thread-1] INFO  server.RaftServerConfigKeys (ConfUtils.java:logGet(44)) - raft.server.retrycache.expirytime = 600000ms (custom)
2021-08-04 12:53:53,234 [pool-108-thread-1] INFO  server.RaftServerConfigKeys (ConfUtils.java:logGet(44)) - raft.server.retrycache.statistics.expirytime = 100μs (default)
2021-08-04 12:53:53,235 [pool-108-thread-1] INFO  server.RaftServer$Division (RaftServerImpl.java:start(296)) - ce51d6d9-39d5-43a4-bc10-fd7a21d28186@group-75DFC4692A8D: start as a follower, conf=-1: [0021eed5-5548-40a7-a646-263527d03420|rpc:10.1.0.56:37169|dataStream:|priority:0, 1fde95d9-bdfd-419d-a2d0-df997cc05e7b|rpc:10.1.0.56:39635|dataStream:|priority:1, ce51d6d9-39d5-43a4-bc10-fd7a21d28186|rpc:10.1.0.56:37353|dataStream:|priority:0], old=null
2021-08-04 12:53:53,235 [pool-108-thread-1] INFO  server.RaftServer$Division (RaftServerImpl.java:setRole(285)) - ce51d6d9-39d5-43a4-bc10-fd7a21d28186@group-75DFC4692A8D: changes role from      null to FOLLOWER at term 0 for startAsFollower
2021-08-04 12:53:53,235 [pool-108-thread-1] INFO  impl.RoleInfo (RoleInfo.java:updateAndGet(130)) - ce51d6d9-39d5-43a4-bc10-fd7a21d28186: start ce51d6d9-39d5-43a4-bc10-fd7a21d28186@group-75DFC4692A8D-FollowerState
2021-08-04 12:53:53,238 [pool-108-thread-1] INFO  util.JmxRegister (JmxRegister.java:tryRegister(44)) - Successfully registered JMX Bean with object name Ratis:service=RaftServer,group=group-75DFC4692A8D,id=ce51d6d9-39d5-43a4-bc10-fd7a21d28186
2021-08-04 12:53:53,264 [grpc-default-executor-2] INFO  server.RaftServer (RaftServerProxy.java:addNew(95)) - 0021eed5-5548-40a7-a646-263527d03420: addNew group-75DFC4692A8D:[0021eed5-5548-40a7-a646-263527d03420|rpc:10.1.0.56:37169|dataStream:|priority:0, 1fde95d9-bdfd-419d-a2d0-df997cc05e7b|rpc:10.1.0.56:39635|dataStream:|priority:1, ce51d6d9-39d5-43a4-bc10-fd7a21d28186|rpc:10.1.0.56:37353|dataStream:|priority:0] returns group-75DFC4692A8D:java.util.concurrent.CompletableFuture@d8455e[Not completed]
2021-08-04 12:53:53,265 [pool-162-thread-1] INFO  server.RaftServer$Division (RaftServerImpl.java:<init>(181)) - 0021eed5-5548-40a7-a646-263527d03420: new RaftServerImpl for group-75DFC4692A8D:[0021eed5-5548-40a7-a646-263527d03420|rpc:10.1.0.56:37169|dataStream:|priority:0, 1fde95d9-bdfd-419d-a2d0-df997cc05e7b|rpc:10.1.0.56:39635|dataStream:|priority:1, ce51d6d9-39d5-43a4-bc10-fd7a21d28186|rpc:10.1.0.56:37353|dataStream:|priority:0] with ContainerStateMachine:uninitialized
2021-08-04 12:53:53,265 [pool-162-thread-1] INFO  server.RaftServerConfigKeys (ConfUtils.java:logGet(44)) - raft.server.rpc.timeout.min = 5s (custom)
2021-08-04 12:53:53,265 [pool-162-thread-1] INFO  server.RaftServerConfigKeys (ConfUtils.java:logGet(44)) - raft.server.rpc.timeout.max = 5200ms (custom)
2021-08-04 12:53:53,266 [pool-162-thread-1] INFO  server.RaftServerConfigKeys (ConfUtils.java:logGet(44)) - raft.server.rpc.sleep.time = 25ms (default)
2021-08-04 12:53:53,266 [pool-162-thread-1] INFO  server.RaftServerConfigKeys (ConfUtils.java:logGet(44)) - raft.server.rpc.slowness.timeout = 300s (custom)
2021-08-04 12:53:53,266 [pool-162-thread-1] INFO  server.RaftServerConfigKeys (ConfUtils.java:logGet(44)) - raft.server.leaderelection.leader.step-down.wait-time = 10s (default)
2021-08-04 12:53:53,266 [pool-162-thread-1] INFO  server.RaftServerConfigKeys (ConfUtils.java:logGet(44)) - raft.server.sleep.deviation.threshold = 300ms (default)
2021-08-04 12:53:53,266 [pool-162-thread-1] INFO  server.RaftServerConfigKeys (ConfUtils.java:logGet(44)) - raft.server.log.appender.install.snapshot.enabled = false (custom)
2021-08-04 12:53:53,266 [pool-162-thread-1] INFO  server.RaftServer$Division (ServerState.java:<init>(105)) - 0021eed5-5548-40a7-a646-263527d03420@group-75DFC4692A8D: ConfigurationManager, init=-1: [0021eed5-5548-40a7-a646-263527d03420|rpc:10.1.0.56:37169|dataStream:|priority:0, 1fde95d9-bdfd-419d-a2d0-df997cc05e7b|rpc:10.1.0.56:39635|dataStream:|priority:1, ce51d6d9-39d5-43a4-bc10-fd7a21d28186|rpc:10.1.0.56:37353|dataStream:|priority:0], old=null, confs=<EMPTY_MAP>
2021-08-04 12:53:53,266 [pool-162-thread-1] INFO  server.RaftServerConfigKeys (ConfUtils.java:logGet(44)) - raft.server.storage.dir = [/home/runner/work/ozone/ozone/mnt/ozone/hadoop-ozone/integration-test/target/test-dir/MiniOzoneClusterImpl-3934b947-496f-4c0d-8e5c-b7fb60b641c1/datanode-6/data/ratis] (custom)
2021-08-04 12:53:53,266 [pool-162-thread-1] INFO  server.RaftServerConfigKeys (ConfUtils.java:logGet(44)) - raft.server.log.corruption.policy = EXCEPTION (default)
2021-08-04 12:53:53,266 [pool-162-thread-1] INFO  server.RaftServerConfigKeys (ConfUtils.java:logGet(44)) - raft.server.storage.free-space.min = 0MB (=0) (default)
2021-08-04 12:53:53,266 [pool-162-thread-1] INFO  storage.RaftStorageDirectory (RaftStorageDirectoryImpl.java:analyzeStorage(135)) - The storage directory /home/runner/work/ozone/ozone/mnt/ozone/hadoop-ozone/integration-test/target/test-dir/MiniOzoneClusterImpl-3934b947-496f-4c0d-8e5c-b7fb60b641c1/datanode-6/data/ratis/f6fb2d64-e6ef-4253-9367-75dfc4692a8d does not exist. Creating ...
2021-08-04 12:53:53,268 [pool-162-thread-1] INFO  storage.RaftStorageDirectory (RaftStorageDirectoryImpl.java:tryLock(230)) - Lock on /home/runner/work/ozone/ozone/mnt/ozone/hadoop-ozone/integration-test/target/test-dir/MiniOzoneClusterImpl-3934b947-496f-4c0d-8e5c-b7fb60b641c1/datanode-6/data/ratis/f6fb2d64-e6ef-4253-9367-75dfc4692a8d/in_use.lock acquired by nodename 5015@fv-az294-656
2021-08-04 12:53:53,269 [pool-162-thread-1] INFO  storage.RaftStorage (RaftStorageImpl.java:format(89)) - Storage directory /home/runner/work/ozone/ozone/mnt/ozone/hadoop-ozone/integration-test/target/test-dir/MiniOzoneClusterImpl-3934b947-496f-4c0d-8e5c-b7fb60b641c1/datanode-6/data/ratis/f6fb2d64-e6ef-4253-9367-75dfc4692a8d has been successfully formatted.
2021-08-04 12:53:53,269 [pool-162-thread-1] INFO  ratis.ContainerStateMachine (ContainerStateMachine.java:loadSnapshot(223)) - group-75DFC4692A8D: The snapshot info is null. Setting the last applied indexto:(t:0, i:~)
2021-08-04 12:53:53,269 [pool-162-thread-1] INFO  server.RaftServerConfigKeys (ConfUtils.java:logGet(44)) - raft.server.notification.no-leader.timeout = 300s (custom)
2021-08-04 12:53:53,269 [pool-162-thread-1] INFO  server.RaftServerConfigKeys (ConfUtils.java:logGet(44)) - raft.server.log.use.memory = false (default)
2021-08-04 12:53:53,270 [pool-162-thread-1] INFO  server.RaftServerConfigKeys (ConfUtils.java:logGet(44)) - raft.server.log.purge.gap = 1000000 (custom)
2021-08-04 12:53:53,270 [pool-162-thread-1] INFO  server.RaftServerConfigKeys (ConfUtils.java:logGet(44)) - raft.server.log.appender.buffer.byte-limit = 33554432 (custom)
2021-08-04 12:53:53,270 [pool-162-thread-1] INFO  server.RaftServerConfigKeys (ConfUtils.java:logGet(44)) - raft.server.log.segment.size.max = 1048576 (custom)
2021-08-04 12:53:53,270 [pool-162-thread-1] INFO  server.RaftServerConfigKeys (ConfUtils.java:logGet(44)) - raft.server.log.segment.cache.num.max = 2 (custom)
2021-08-04 12:53:53,270 [pool-162-thread-1] INFO  server.RaftServerConfigKeys (ConfUtils.java:logGet(44)) - raft.server.log.segment.cache.size.max = 200MB (=209715200) (default)
2021-08-04 12:53:53,271 [pool-162-thread-1] INFO  segmented.SegmentedRaftLogWorker (SegmentedRaftLogWorker.java:<init>(182)) - new 0021eed5-5548-40a7-a646-263527d03420@group-75DFC4692A8D-SegmentedRaftLogWorker for RaftStorageImpl:Storage Directory /home/runner/work/ozone/ozone/mnt/ozone/hadoop-ozone/integration-test/target/test-dir/MiniOzoneClusterImpl-3934b947-496f-4c0d-8e5c-b7fb60b641c1/datanode-6/data/ratis/f6fb2d64-e6ef-4253-9367-75dfc4692a8d
2021-08-04 12:53:53,271 [pool-162-thread-1] INFO  server.RaftServerConfigKeys (ConfUtils.java:logGet(44)) - raft.server.log.queue.byte-limit = 2147483647 (custom)
2021-08-04 12:53:53,271 [pool-162-thread-1] INFO  server.RaftServerConfigKeys (ConfUtils.java:logGet(44)) - raft.server.log.queue.element-limit = 1024 (custom)
2021-08-04 12:53:53,271 [pool-162-thread-1] INFO  server.RaftServerConfigKeys (ConfUtils.java:logGet(44)) - raft.server.log.segment.size.max = 1048576 (custom)
2021-08-04 12:53:53,271 [pool-162-thread-1] INFO  server.RaftServerConfigKeys (ConfUtils.java:logGet(44)) - raft.server.log.preallocated.size = 16384 (custom)
2021-08-04 12:53:53,271 [pool-162-thread-1] INFO  server.RaftServerConfigKeys (ConfUtils.java:logGet(44)) - raft.server.log.force.sync.num = 128 (default)
2021-08-04 12:53:53,271 [pool-162-thread-1] INFO  server.RaftServerConfigKeys (ConfUtils.java:logGet(44)) - raft.server.log.statemachine.data.sync = true (default)
2021-08-04 12:53:53,271 [pool-162-thread-1] INFO  server.RaftServerConfigKeys (ConfUtils.java:logGet(44)) - raft.server.log.statemachine.data.sync.timeout = 10s (default)
2021-08-04 12:53:53,271 [pool-162-thread-1] INFO  server.RaftServerConfigKeys (ConfUtils.java:logGet(44)) - raft.server.log.statemachine.data.sync.timeout.retry = -1 (default)
2021-08-04 12:53:53,272 [pool-162-thread-1] INFO  server.RaftServerConfigKeys (ConfUtils.java:logGet(44)) - raft.server.log.write.buffer.size = 1048576 (custom)
2021-08-04 12:53:53,273 [pool-162-thread-1] INFO  server.RaftServerConfigKeys (ConfUtils.java:logGet(44)) - raft.server.log.statemachine.data.caching.enabled = true (custom)
2021-08-04 12:53:53,273 [pool-162-thread-1] INFO  segmented.SegmentedRaftLogWorker (SegmentedRaftLogWorker.java:lambda$new$0(133)) - 0021eed5-5548-40a7-a646-263527d03420@group-75DFC4692A8D-SegmentedRaftLogWorker: flushIndex: setUnconditionally 0 -> -1
2021-08-04 12:53:53,273 [pool-162-thread-1] INFO  segmented.SegmentedRaftLogWorker (SegmentedRaftLogWorker.java:lambda$new$0(133)) - 0021eed5-5548-40a7-a646-263527d03420@group-75DFC4692A8D-SegmentedRaftLogWorker: safeCacheEvictIndex: setUnconditionally 0 -> -1
2021-08-04 12:53:53,274 [Datanode State Machine Thread - 0] WARN  statemachine.StateContext (StateContext.java:execute(621)) - No available thread in pool for past 1 seconds.
2021-08-04 12:53:53,276 [pool-162-thread-1] INFO  server.RaftServerConfigKeys (ConfUtils.java:logGet(44)) - raft.server.snapshot.auto.trigger.enabled = true (custom)
2021-08-04 12:53:53,276 [pool-162-thread-1] INFO  server.RaftServerConfigKeys (ConfUtils.java:logGet(44)) - raft.server.snapshot.auto.trigger.threshold = 10000 (custom)
2021-08-04 12:53:53,276 [pool-162-thread-1] INFO  server.RaftServerConfigKeys (ConfUtils.java:logGet(44)) - raft.server.snapshot.retention.file.num = 5 (custom)
2021-08-04 12:53:53,276 [pool-162-thread-1] INFO  server.RaftServerConfigKeys (ConfUtils.java:logGet(44)) - raft.server.log.purge.upto.snapshot.index = false (default)
2021-08-04 12:53:53,276 [pool-162-thread-1] INFO  server.RaftServerConfigKeys (ConfUtils.java:logGet(44)) - raft.server.retrycache.expirytime = 600000ms (custom)
2021-08-04 12:53:53,277 [pool-162-thread-1] INFO  server.RaftServerConfigKeys (ConfUtils.java:logGet(44)) - raft.server.retrycache.statistics.expirytime = 100μs (default)
2021-08-04 12:53:53,278 [pool-162-thread-1] INFO  server.RaftServer$Division (RaftServerImpl.java:start(296)) - 0021eed5-5548-40a7-a646-263527d03420@group-75DFC4692A8D: start as a follower, conf=-1: [0021eed5-5548-40a7-a646-263527d03420|rpc:10.1.0.56:37169|dataStream:|priority:0, 1fde95d9-bdfd-419d-a2d0-df997cc05e7b|rpc:10.1.0.56:39635|dataStream:|priority:1, ce51d6d9-39d5-43a4-bc10-fd7a21d28186|rpc:10.1.0.56:37353|dataStream:|priority:0], old=null
2021-08-04 12:53:53,278 [pool-162-thread-1] INFO  server.RaftServer$Division (RaftServerImpl.java:setRole(285)) - 0021eed5-5548-40a7-a646-263527d03420@group-75DFC4692A8D: changes role from      null to FOLLOWER at term 0 for startAsFollower
2021-08-04 12:53:53,278 [pool-162-thread-1] INFO  impl.RoleInfo (RoleInfo.java:updateAndGet(130)) - 0021eed5-5548-40a7-a646-263527d03420: start 0021eed5-5548-40a7-a646-263527d03420@group-75DFC4692A8D-FollowerState
2021-08-04 12:53:53,278 [pool-162-thread-1] INFO  util.JmxRegister (JmxRegister.java:tryRegister(44)) - Successfully registered JMX Bean with object name Ratis:service=RaftServer,group=group-75DFC4692A8D,id=0021eed5-5548-40a7-a646-263527d03420
2021-08-04 12:53:53,288 [Command processor thread] INFO  commandhandler.CreatePipelineCommandHandler (CreatePipelineCommandHandler.java:handle(106)) - Created Pipeline RATIS THREE PipelineID=f6fb2d64-e6ef-4253-9367-75dfc4692a8d.
2021-08-04 12:53:58,256 [1fde95d9-bdfd-419d-a2d0-df997cc05e7b@group-75DFC4692A8D-FollowerState] INFO  impl.FollowerState (FollowerState.java:run(134)) - 1fde95d9-bdfd-419d-a2d0-df997cc05e7b@group-75DFC4692A8D-FollowerState: change to CANDIDATE, lastRpcElapsedTime:5038940142ns, electionTimeout:5038ms
2021-08-04 12:53:58,257 [1fde95d9-bdfd-419d-a2d0-df997cc05e7b@group-75DFC4692A8D-FollowerState] INFO  impl.RoleInfo (RoleInfo.java:shutdownFollowerState(108)) - 1fde95d9-bdfd-419d-a2d0-df997cc05e7b: shutdown 1fde95d9-bdfd-419d-a2d0-df997cc05e7b@group-75DFC4692A8D-FollowerState
2021-08-04 12:53:58,257 [1fde95d9-bdfd-419d-a2d0-df997cc05e7b@group-75DFC4692A8D-FollowerState] INFO  server.RaftServer$Division (RaftServerImpl.java:setRole(285)) - 1fde95d9-bdfd-419d-a2d0-df997cc05e7b@group-75DFC4692A8D: changes role from  FOLLOWER to CANDIDATE at term 0 for changeToCandidate
2021-08-04 12:53:58,257 [1fde95d9-bdfd-419d-a2d0-df997cc05e7b@group-75DFC4692A8D-FollowerState] INFO  server.RaftServerConfigKeys (ConfUtils.java:logGet(44)) - raft.server.leaderelection.pre-vote = false (custom)
2021-08-04 12:53:58,257 [1fde95d9-bdfd-419d-a2d0-df997cc05e7b@group-75DFC4692A8D-FollowerState] INFO  impl.RoleInfo (RoleInfo.java:updateAndGet(130)) - 1fde95d9-bdfd-419d-a2d0-df997cc05e7b: start 1fde95d9-bdfd-419d-a2d0-df997cc05e7b@group-75DFC4692A8D-LeaderElection15
2021-08-04 12:53:58,261 [1fde95d9-bdfd-419d-a2d0-df997cc05e7b@group-75DFC4692A8D-LeaderElection15] INFO  impl.LeaderElection (LeaderElection.java:askForVotes(306)) - 1fde95d9-bdfd-419d-a2d0-df997cc05e7b@group-75DFC4692A8D-LeaderElection15 ELECTION round 0: submit vote requests at term 1 for -1: [0021eed5-5548-40a7-a646-263527d03420|rpc:10.1.0.56:37169|priority:0, 1fde95d9-bdfd-419d-a2d0-df997cc05e7b|rpc:10.1.0.56:39635|priority:1, ce51d6d9-39d5-43a4-bc10-fd7a21d28186|rpc:10.1.0.56:37353|priority:0], old=null
2021-08-04 12:53:58,267 [grpc-default-executor-2] INFO  server.RaftServer$Division (RaftServerImpl.java:requestVote(1043)) - ce51d6d9-39d5-43a4-bc10-fd7a21d28186@group-75DFC4692A8D: receive requestVote(ELECTION, 1fde95d9-bdfd-419d-a2d0-df997cc05e7b, group-75DFC4692A8D, 1, (t:0, i:0))
2021-08-04 12:53:58,267 [grpc-default-executor-2] INFO  impl.VoteContext (VoteContext.java:log(48)) - ce51d6d9-39d5-43a4-bc10-fd7a21d28186@group-75DFC4692A8D-FOLLOWER: accept ELECTION from 1fde95d9-bdfd-419d-a2d0-df997cc05e7b: our priority 0 <= candidate's priority 1
2021-08-04 12:53:58,267 [grpc-default-executor-2] INFO  server.RaftServer$Division (RaftServerImpl.java:setRole(285)) - ce51d6d9-39d5-43a4-bc10-fd7a21d28186@group-75DFC4692A8D: changes role from  FOLLOWER to FOLLOWER at term 1 for candidate:1fde95d9-bdfd-419d-a2d0-df997cc05e7b
2021-08-04 12:53:58,267 [grpc-default-executor-2] INFO  impl.RoleInfo (RoleInfo.java:shutdownFollowerState(108)) - ce51d6d9-39d5-43a4-bc10-fd7a21d28186: shutdown ce51d6d9-39d5-43a4-bc10-fd7a21d28186@group-75DFC4692A8D-FollowerState
2021-08-04 12:53:58,267 [grpc-default-executor-2] INFO  impl.RoleInfo (RoleInfo.java:updateAndGet(130)) - ce51d6d9-39d5-43a4-bc10-fd7a21d28186: start ce51d6d9-39d5-43a4-bc10-fd7a21d28186@group-75DFC4692A8D-FollowerState
2021-08-04 12:53:58,267 [ce51d6d9-39d5-43a4-bc10-fd7a21d28186@group-75DFC4692A8D-FollowerState] INFO  impl.FollowerState (FollowerState.java:run(143)) - ce51d6d9-39d5-43a4-bc10-fd7a21d28186@group-75DFC4692A8D-FollowerState was interrupted: {}
java.lang.InterruptedException: sleep interrupted
	at java.lang.Thread.sleep(Native Method)
	at java.lang.Thread.sleep(Thread.java:340)
	at java.util.concurrent.TimeUnit.sleep(TimeUnit.java:386)
	at org.apache.ratis.util.TimeDuration.sleep(TimeDuration.java:324)
	at org.apache.ratis.util.TimeDuration.sleep(TimeDuration.java:309)
	at org.apache.ratis.server.impl.FollowerState.run(FollowerState.java:118)
2021-08-04 12:53:58,279 [grpc-default-executor-2] INFO  server.RaftServer$Division (RaftServerImpl.java:requestVote(1075)) - ce51d6d9-39d5-43a4-bc10-fd7a21d28186@group-75DFC4692A8D replies to ELECTION vote request: 1fde95d9-bdfd-419d-a2d0-df997cc05e7b<-ce51d6d9-39d5-43a4-bc10-fd7a21d28186#0:OK-t1. Peer's state: ce51d6d9-39d5-43a4-bc10-fd7a21d28186@group-75DFC4692A8D:t1, leader=null, voted=1fde95d9-bdfd-419d-a2d0-df997cc05e7b, raftlog=ce51d6d9-39d5-43a4-bc10-fd7a21d28186@group-75DFC4692A8D-SegmentedRaftLog:OPENED:c-1,f-1,i0, conf=-1: [0021eed5-5548-40a7-a646-263527d03420|rpc:10.1.0.56:37169|dataStream:|priority:0, 1fde95d9-bdfd-419d-a2d0-df997cc05e7b|rpc:10.1.0.56:39635|dataStream:|priority:1, ce51d6d9-39d5-43a4-bc10-fd7a21d28186|rpc:10.1.0.56:37353|dataStream:|priority:0], old=null
2021-08-04 12:53:58,280 [1fde95d9-bdfd-419d-a2d0-df997cc05e7b@group-75DFC4692A8D-LeaderElection15] INFO  impl.LeaderElection (LeaderElection.java:logAndReturn(89)) - 1fde95d9-bdfd-419d-a2d0-df997cc05e7b@group-75DFC4692A8D-LeaderElection15: ELECTION PASSED received 1 response(s) and 0 exception(s):
2021-08-04 12:53:58,280 [1fde95d9-bdfd-419d-a2d0-df997cc05e7b@group-75DFC4692A8D-LeaderElection15] INFO  impl.LeaderElection (LeaderElection.java:logAndReturn(93)) -   Response 0: 1fde95d9-bdfd-419d-a2d0-df997cc05e7b<-ce51d6d9-39d5-43a4-bc10-fd7a21d28186#0:OK-t1
2021-08-04 12:53:58,280 [1fde95d9-bdfd-419d-a2d0-df997cc05e7b@group-75DFC4692A8D-LeaderElection15] INFO  impl.LeaderElection (LeaderElection.java:askForVotes(308)) - 1fde95d9-bdfd-419d-a2d0-df997cc05e7b@group-75DFC4692A8D-LeaderElection15 ELECTION round 0: result PASSED
2021-08-04 12:53:58,280 [1fde95d9-bdfd-419d-a2d0-df997cc05e7b@group-75DFC4692A8D-LeaderElection15] INFO  impl.RoleInfo (RoleInfo.java:shutdownLeaderElection(121)) - 1fde95d9-bdfd-419d-a2d0-df997cc05e7b: shutdown 1fde95d9-bdfd-419d-a2d0-df997cc05e7b@group-75DFC4692A8D-LeaderElection15
2021-08-04 12:53:58,280 [1fde95d9-bdfd-419d-a2d0-df997cc05e7b@group-75DFC4692A8D-LeaderElection15] INFO  server.RaftServer$Division (RaftServerImpl.java:setRole(285)) - 1fde95d9-bdfd-419d-a2d0-df997cc05e7b@group-75DFC4692A8D: changes role from CANDIDATE to LEADER at term 1 for changeToLeader
2021-08-04 12:53:58,281 [1fde95d9-bdfd-419d-a2d0-df997cc05e7b@group-75DFC4692A8D-LeaderElection15] INFO  ratis.XceiverServerRatis (XceiverServerRatis.java:handleLeaderChangedNotification(857)) - Leader change notification received for group: group-75DFC4692A8D with new leaderId: 1fde95d9-bdfd-419d-a2d0-df997cc05e7b
2021-08-04 12:53:58,282 [EventQueue-PipelineReportForPipelineReportHandler] INFO  pipeline.PipelineManagerV2Impl (PipelineManagerV2Impl.java:openPipeline(283)) - Pipeline Pipeline[ Id: f6fb2d64-e6ef-4253-9367-75dfc4692a8d, Nodes: ce51d6d9-39d5-43a4-bc10-fd7a21d28186{ip: 10.1.0.56, host: fv-az294-656.eaanfquahm5ulb5tj050gcxych.jx.internal.cloudapp.net, ports: [REPLICATION=41991, RATIS=37353, RATIS_ADMIN=37353, RATIS_SERVER=37353, STANDALONE=46131], networkLocation: /default-rack, certSerialId: null, persistedOpState: IN_SERVICE, persistedOpStateExpiryEpochSec: 0}0021eed5-5548-40a7-a646-263527d03420{ip: 10.1.0.56, host: fv-az294-656.eaanfquahm5ulb5tj050gcxych.jx.internal.cloudapp.net, ports: [REPLICATION=35583, RATIS=37169, RATIS_ADMIN=37169, RATIS_SERVER=37169, STANDALONE=35765], networkLocation: /default-rack, certSerialId: null, persistedOpState: IN_SERVICE, persistedOpStateExpiryEpochSec: 0}1fde95d9-bdfd-419d-a2d0-df997cc05e7b{ip: 10.1.0.56, host: fv-az294-656.eaanfquahm5ulb5tj050gcxych.jx.internal.cloudapp.net, ports: [REPLICATION=33681, RATIS=39635, RATIS_ADMIN=39635, RATIS_SERVER=39635, STANDALONE=40951], networkLocation: /default-rack, certSerialId: null, persistedOpState: IN_SERVICE, persistedOpStateExpiryEpochSec: 0}, ReplicationConfig: RATIS/THREE, State:ALLOCATED, leaderId:1fde95d9-bdfd-419d-a2d0-df997cc05e7b, CreationTimestamp2021-08-04T12:53:51.851Z[Etc/UTC]] moved to OPEN state
2021-08-04 12:53:58,282 [grpc-default-executor-2] INFO  server.RaftServer$Division (RaftServerImpl.java:requestVote(1043)) - 0021eed5-5548-40a7-a646-263527d03420@group-75DFC4692A8D: receive requestVote(ELECTION, 1fde95d9-bdfd-419d-a2d0-df997cc05e7b, group-75DFC4692A8D, 1, (t:0, i:0))
2021-08-04 12:53:58,282 [grpc-default-executor-2] INFO  impl.VoteContext (VoteContext.java:log(48)) - 0021eed5-5548-40a7-a646-263527d03420@group-75DFC4692A8D-FOLLOWER: accept ELECTION from 1fde95d9-bdfd-419d-a2d0-df997cc05e7b: our priority 0 <= candidate's priority 1
2021-08-04 12:53:58,283 [grpc-default-executor-2] INFO  server.RaftServer$Division (RaftServerImpl.java:setRole(285)) - 0021eed5-5548-40a7-a646-263527d03420@group-75DFC4692A8D: changes role from  FOLLOWER to FOLLOWER at term 1 for candidate:1fde95d9-bdfd-419d-a2d0-df997cc05e7b
2021-08-04 12:53:58,283 [grpc-default-executor-2] INFO  impl.RoleInfo (RoleInfo.java:shutdownFollowerState(108)) - 0021eed5-5548-40a7-a646-263527d03420: shutdown 0021eed5-5548-40a7-a646-263527d03420@group-75DFC4692A8D-FollowerState
2021-08-04 12:53:58,283 [grpc-default-executor-2] INFO  impl.RoleInfo (RoleInfo.java:updateAndGet(130)) - 0021eed5-5548-40a7-a646-263527d03420: start 0021eed5-5548-40a7-a646-263527d03420@group-75DFC4692A8D-FollowerState
2021-08-04 12:53:58,283 [0021eed5-5548-40a7-a646-263527d03420@group-75DFC4692A8D-FollowerState] INFO  impl.FollowerState (FollowerState.java:run(143)) - 0021eed5-5548-40a7-a646-263527d03420@group-75DFC4692A8D-FollowerState was interrupted: {}
java.lang.InterruptedException: sleep interrupted
	at java.lang.Thread.sleep(Native Method)
	at java.lang.Thread.sleep(Thread.java:340)
	at java.util.concurrent.TimeUnit.sleep(TimeUnit.java:386)
	at org.apache.ratis.util.TimeDuration.sleep(TimeDuration.java:324)
	at org.apache.ratis.util.TimeDuration.sleep(TimeDuration.java:309)
	at org.apache.ratis.server.impl.FollowerState.run(FollowerState.java:118)
2021-08-04 12:53:58,283 [1fde95d9-bdfd-419d-a2d0-df997cc05e7b@group-75DFC4692A8D-LeaderElection15] INFO  server.RaftServer$Division (ServerState.java:setLeader(285)) - 1fde95d9-bdfd-419d-a2d0-df997cc05e7b@group-75DFC4692A8D: change Leader from null to 1fde95d9-bdfd-419d-a2d0-df997cc05e7b at term 1 for becomeLeader, leader elected after 5072ms
2021-08-04 12:53:58,283 [1fde95d9-bdfd-419d-a2d0-df997cc05e7b@group-75DFC4692A8D-LeaderElection15] INFO  server.RaftServerConfigKeys (ConfUtils.java:logGet(44)) - raft.server.staging.catchup.gap = 1000 (default)
2021-08-04 12:53:58,286 [grpc-default-executor-2] INFO  server.RaftServer$Division (RaftServerImpl.java:requestVote(1075)) - 0021eed5-5548-40a7-a646-263527d03420@group-75DFC4692A8D replies to ELECTION vote request: 1fde95d9-bdfd-419d-a2d0-df997cc05e7b<-0021eed5-5548-40a7-a646-263527d03420#0:OK-t1. Peer's state: 0021eed5-5548-40a7-a646-263527d03420@group-75DFC4692A8D:t1, leader=null, voted=1fde95d9-bdfd-419d-a2d0-df997cc05e7b, raftlog=0021eed5-5548-40a7-a646-263527d03420@group-75DFC4692A8D-SegmentedRaftLog:OPENED:c-1,f-1,i0, conf=-1: [0021eed5-5548-40a7-a646-263527d03420|rpc:10.1.0.56:37169|dataStream:|priority:0, 1fde95d9-bdfd-419d-a2d0-df997cc05e7b|rpc:10.1.0.56:39635|dataStream:|priority:1, ce51d6d9-39d5-43a4-bc10-fd7a21d28186|rpc:10.1.0.56:37353|dataStream:|priority:0], old=null
2021-08-04 12:53:58,286 [1fde95d9-bdfd-419d-a2d0-df997cc05e7b@group-75DFC4692A8D-LeaderElection15] INFO  server.RaftServerConfigKeys (ConfUtils.java:logGet(44)) - raft.server.write.element-limit = 1024 (custom)
2021-08-04 12:53:58,287 [1fde95d9-bdfd-419d-a2d0-df997cc05e7b@group-75DFC4692A8D-LeaderElection15] INFO  server.RaftServerConfigKeys (ConfUtils.java:logGet(44)) - raft.server.write.byte-limit = 1073741824 (custom)
2021-08-04 12:53:58,287 [1fde95d9-bdfd-419d-a2d0-df997cc05e7b@group-75DFC4692A8D-LeaderElection15] INFO  server.RaftServerConfigKeys (ConfUtils.java:logGet(44)) - raft.server.watch.timeout = 180s (custom)
2021-08-04 12:53:58,287 [1fde95d9-bdfd-419d-a2d0-df997cc05e7b@group-75DFC4692A8D-LeaderElection15] INFO  server.RaftServerConfigKeys (ConfUtils.java:logGet(44)) - raft.server.watch.timeout.denomination = 1s (default)
2021-08-04 12:53:58,287 [1fde95d9-bdfd-419d-a2d0-df997cc05e7b@group-75DFC4692A8D-LeaderElection15] INFO  server.RaftServerConfigKeys (ConfUtils.java:logGet(44)) - raft.server.watch.element-limit = 65536 (default)
2021-08-04 12:53:58,287 [1fde95d9-bdfd-419d-a2d0-df997cc05e7b@group-75DFC4692A8D-LeaderElection15] INFO  server.RaftServerConfigKeys (ConfUtils.java:logGet(44)) - raft.server.log.appender.snapshot.chunk.size.max = 16MB (=16777216) (default)
2021-08-04 12:53:58,287 [1fde95d9-bdfd-419d-a2d0-df997cc05e7b@group-75DFC4692A8D-LeaderElection15] INFO  server.RaftServerConfigKeys (ConfUtils.java:logGet(44)) - raft.server.log.appender.buffer.byte-limit = 33554432 (custom)
2021-08-04 12:53:58,287 [1fde95d9-bdfd-419d-a2d0-df997cc05e7b@group-75DFC4692A8D-LeaderElection15] INFO  server.RaftServerConfigKeys (ConfUtils.java:logGet(44)) - raft.server.log.appender.buffer.element-limit = 1 (custom)
2021-08-04 12:53:58,287 [1fde95d9-bdfd-419d-a2d0-df997cc05e7b@group-75DFC4692A8D-LeaderElection15] INFO  grpc.GrpcConfigKeys (ConfUtils.java:logGet(44)) - raft.grpc.server.leader.outstanding.appends.max = 128 (default)
2021-08-04 12:53:58,287 [1fde95d9-bdfd-419d-a2d0-df997cc05e7b@group-75DFC4692A8D-LeaderElection15] INFO  server.RaftServerConfigKeys (ConfUtils.java:logGet(44)) - raft.server.rpc.request.timeout = 60s (custom)
2021-08-04 12:53:58,288 [1fde95d9-bdfd-419d-a2d0-df997cc05e7b@group-75DFC4692A8D-LeaderElection15] INFO  server.RaftServerConfigKeys (ConfUtils.java:logGet(44)) - raft.server.log.appender.install.snapshot.enabled = false (custom)
2021-08-04 12:53:58,288 [1fde95d9-bdfd-419d-a2d0-df997cc05e7b@group-75DFC4692A8D-LeaderElection15] INFO  server.RaftServerConfigKeys (ConfUtils.java:logGet(44)) - raft.server.log.appender.snapshot.chunk.size.max = 16MB (=16777216) (default)
2021-08-04 12:53:58,288 [1fde95d9-bdfd-419d-a2d0-df997cc05e7b@group-75DFC4692A8D-LeaderElection15] INFO  server.RaftServerConfigKeys (ConfUtils.java:logGet(44)) - raft.server.log.appender.buffer.byte-limit = 33554432 (custom)
2021-08-04 12:53:58,288 [1fde95d9-bdfd-419d-a2d0-df997cc05e7b@group-75DFC4692A8D-LeaderElection15] INFO  server.RaftServerConfigKeys (ConfUtils.java:logGet(44)) - raft.server.log.appender.buffer.element-limit = 1 (custom)
2021-08-04 12:53:58,288 [1fde95d9-bdfd-419d-a2d0-df997cc05e7b@group-75DFC4692A8D-LeaderElection15] INFO  grpc.GrpcConfigKeys (ConfUtils.java:logGet(44)) - raft.grpc.server.leader.outstanding.appends.max = 128 (default)
2021-08-04 12:53:58,289 [1fde95d9-bdfd-419d-a2d0-df997cc05e7b@group-75DFC4692A8D-LeaderElection15] INFO  server.RaftServerConfigKeys (ConfUtils.java:logGet(44)) - raft.server.rpc.request.timeout = 60s (custom)
2021-08-04 12:53:58,289 [1fde95d9-bdfd-419d-a2d0-df997cc05e7b@group-75DFC4692A8D-LeaderElection15] INFO  server.RaftServerConfigKeys (ConfUtils.java:logGet(44)) - raft.server.log.appender.install.snapshot.enabled = false (custom)
2021-08-04 12:53:58,290 [1fde95d9-bdfd-419d-a2d0-df997cc05e7b@group-75DFC4692A8D-LeaderElection15] INFO  impl.RoleInfo (RoleInfo.java:updateAndGet(130)) - 1fde95d9-bdfd-419d-a2d0-df997cc05e7b: start 1fde95d9-bdfd-419d-a2d0-df997cc05e7b@group-75DFC4692A8D-LeaderStateImpl
2021-08-04 12:53:58,290 [1fde95d9-bdfd-419d-a2d0-df997cc05e7b@group-75DFC4692A8D-LeaderElection15] INFO  segmented.SegmentedRaftLogWorker (SegmentedRaftLogWorker.java:startLogSegment(394)) - 1fde95d9-bdfd-419d-a2d0-df997cc05e7b@group-75DFC4692A8D-SegmentedRaftLogWorker: Starting segment from index:0
2021-08-04 12:53:58,297 [1fde95d9-bdfd-419d-a2d0-df997cc05e7b@group-75DFC4692A8D-LeaderElection15] INFO  server.RaftServer$Division (ServerState.java:setRaftConf(387)) - 1fde95d9-bdfd-419d-a2d0-df997cc05e7b@group-75DFC4692A8D: set configuration 0: [0021eed5-5548-40a7-a646-263527d03420|rpc:10.1.0.56:37169|dataStream:|priority:0, 1fde95d9-bdfd-419d-a2d0-df997cc05e7b|rpc:10.1.0.56:39635|dataStream:|priority:1, ce51d6d9-39d5-43a4-bc10-fd7a21d28186|rpc:10.1.0.56:37353|dataStream:|priority:0], old=null
2021-08-04 12:53:58,297 [1fde95d9-bdfd-419d-a2d0-df997cc05e7b@group-75DFC4692A8D-SegmentedRaftLogWorker] ERROR ratis.XceiverServerRatis (XceiverServerRatis.java:triggerPipelineClose(672)) - pipeline Action CLOSE on pipeline PipelineID=f6fb2d64-e6ef-4253-9367-75dfc4692a8d.Reason : Log already failed at index 0 for task StartLogSegment:0
2021-08-04 12:53:58,298 [EventQueue-PipelineActionsForPipelineActionHandler] INFO  pipeline.PipelineActionHandler (PipelineActionHandler.java:processPipelineAction(82)) - Received pipeline action CLOSE for PipelineID=f6fb2d64-e6ef-4253-9367-75dfc4692a8d from datanode 1fde95d9-bdfd-419d-a2d0-df997cc05e7b. Reason : Log already failed at index 0 for task StartLogSegment:0
2021-08-04 12:53:58,300 [EventQueue-PipelineActionsForPipelineActionHandler] INFO  pipeline.PipelineManagerV2Impl (PipelineManagerV2Impl.java:closePipeline(343)) - Pipeline Pipeline[ Id: f6fb2d64-e6ef-4253-9367-75dfc4692a8d, Nodes: ce51d6d9-39d5-43a4-bc10-fd7a21d28186{ip: 10.1.0.56, host: fv-az294-656.eaanfquahm5ulb5tj050gcxych.jx.internal.cloudapp.net, ports: [REPLICATION=41991, RATIS=37353, RATIS_ADMIN=37353, RATIS_SERVER=37353, STANDALONE=46131], networkLocation: /default-rack, certSerialId: null, persistedOpState: IN_SERVICE, persistedOpStateExpiryEpochSec: 0}0021eed5-5548-40a7-a646-263527d03420{ip: 10.1.0.56, host: fv-az294-656.eaanfquahm5ulb5tj050gcxych.jx.internal.cloudapp.net, ports: [REPLICATION=35583, RATIS=37169, RATIS_ADMIN=37169, RATIS_SERVER=37169, STANDALONE=35765], networkLocation: /default-rack, certSerialId: null, persistedOpState: IN_SERVICE, persistedOpStateExpiryEpochSec: 0}1fde95d9-bdfd-419d-a2d0-df997cc05e7b{ip: 10.1.0.56, host: fv-az294-656.eaanfquahm5ulb5tj050gcxych.jx.internal.cloudapp.net, ports: [REPLICATION=33681, RATIS=39635, RATIS_ADMIN=39635, RATIS_SERVER=39635, STANDALONE=40951], networkLocation: /default-rack, certSerialId: null, persistedOpState: IN_SERVICE, persistedOpStateExpiryEpochSec: 0}, ReplicationConfig: RATIS/THREE, State:OPEN, leaderId:1fde95d9-bdfd-419d-a2d0-df997cc05e7b, CreationTimestamp2021-08-04T12:53:51.851Z[Etc/UTC]] moved to CLOSED state
2021-08-04 12:53:58,300 [EventQueue-PipelineActionsForPipelineActionHandler] INFO  pipeline.RatisPipelineProvider (RatisPipelineProvider.java:lambda$close$1(222)) - Send pipeline:PipelineID=f6fb2d64-e6ef-4253-9367-75dfc4692a8d close command to datanode ce51d6d9-39d5-43a4-bc10-fd7a21d28186
2021-08-04 12:53:58,300 [EventQueue-PipelineActionsForPipelineActionHandler] INFO  pipeline.RatisPipelineProvider (RatisPipelineProvider.java:lambda$close$1(222)) - Send pipeline:PipelineID=f6fb2d64-e6ef-4253-9367-75dfc4692a8d close command to datanode 0021eed5-5548-40a7-a646-263527d03420
2021-08-04 12:53:58,300 [EventQueue-PipelineActionsForPipelineActionHandler] INFO  pipeline.RatisPipelineProvider (RatisPipelineProvider.java:lambda$close$1(222)) - Send pipeline:PipelineID=f6fb2d64-e6ef-4253-9367-75dfc4692a8d close command to datanode 1fde95d9-bdfd-419d-a2d0-df997cc05e7b
2021-08-04 12:53:58,300 [EventQueue-PipelineActionsForPipelineActionHandler] INFO  pipeline.PipelineStateManager (PipelineStateManagerV2Impl.java:removePipeline(211)) - Pipeline Pipeline[ Id: f6fb2d64-e6ef-4253-9367-75dfc4692a8d, Nodes: ce51d6d9-39d5-43a4-bc10-fd7a21d28186{ip: 10.1.0.56, host: fv-az294-656.eaanfquahm5ulb5tj050gcxych.jx.internal.cloudapp.net, ports: [REPLICATION=41991, RATIS=37353, RATIS_ADMIN=37353, RATIS_SERVER=37353, STANDALONE=46131], networkLocation: /default-rack, certSerialId: null, persistedOpState: IN_SERVICE, persistedOpStateExpiryEpochSec: 0}0021eed5-5548-40a7-a646-263527d03420{ip: 10.1.0.56, host: fv-az294-656.eaanfquahm5ulb5tj050gcxych.jx.internal.cloudapp.net, ports: [REPLICATION=35583, RATIS=37169, RATIS_ADMIN=37169, RATIS_SERVER=37169, STANDALONE=35765], networkLocation: /default-rack, certSerialId: null, persistedOpState: IN_SERVICE, persistedOpStateExpiryEpochSec: 0}1fde95d9-bdfd-419d-a2d0-df997cc05e7b{ip: 10.1.0.56, host: fv-az294-656.eaanfquahm5ulb5tj050gcxych.jx.internal.cloudapp.net, ports: [REPLICATION=33681, RATIS=39635, RATIS_ADMIN=39635, RATIS_SERVER=39635, STANDALONE=40951], networkLocation: /default-rack, certSerialId: null, persistedOpState: IN_SERVICE, persistedOpStateExpiryEpochSec: 0}, ReplicationConfig: RATIS/THREE, State:CLOSED, leaderId:1fde95d9-bdfd-419d-a2d0-df997cc05e7b, CreationTimestamp2021-08-04T12:53:51.851Z[Etc/UTC]] removed.
2021-08-04 12:53:58,302 [grpc-default-executor-0] INFO  ratis.XceiverServerRatis (XceiverServerRatis.java:handleLeaderChangedNotification(857)) - Leader change notification received for group: group-75DFC4692A8D with new leaderId: 1fde95d9-bdfd-419d-a2d0-df997cc05e7b
2021-08-04 12:53:58,302 [grpc-default-executor-0] INFO  server.RaftServer$Division (ServerState.java:setLeader(285)) - 0021eed5-5548-40a7-a646-263527d03420@group-75DFC4692A8D: change Leader from null to 1fde95d9-bdfd-419d-a2d0-df997cc05e7b at term 1 for appendEntries, leader elected after 5032ms
2021-08-04 12:53:58,310 [grpc-default-executor-0] INFO  server.RaftServer$Division (ServerState.java:setRaftConf(387)) - 0021eed5-5548-40a7-a646-263527d03420@group-75DFC4692A8D: set configuration 0: [0021eed5-5548-40a7-a646-263527d03420|rpc:10.1.0.56:37169|dataStream:|priority:0, 1fde95d9-bdfd-419d-a2d0-df997cc05e7b|rpc:10.1.0.56:39635|dataStream:|priority:1, ce51d6d9-39d5-43a4-bc10-fd7a21d28186|rpc:10.1.0.56:37353|dataStream:|priority:0], old=null
2021-08-04 12:53:58,311 [grpc-default-executor-2] INFO  ratis.XceiverServerRatis (XceiverServerRatis.java:handleLeaderChangedNotification(857)) - Leader change notification received for group: group-75DFC4692A8D with new leaderId: 1fde95d9-bdfd-419d-a2d0-df997cc05e7b
2021-08-04 12:53:58,311 [grpc-default-executor-2] INFO  server.RaftServer$Division (ServerState.java:setLeader(285)) - ce51d6d9-39d5-43a4-bc10-fd7a21d28186@group-75DFC4692A8D: change Leader from null to 1fde95d9-bdfd-419d-a2d0-df997cc05e7b at term 1 for appendEntries, leader elected after 5081ms
2021-08-04 12:53:58,311 [grpc-default-executor-0] INFO  segmented.SegmentedRaftLogWorker (SegmentedRaftLogWorker.java:startLogSegment(394)) - 0021eed5-5548-40a7-a646-263527d03420@group-75DFC4692A8D-SegmentedRaftLogWorker: Starting segment from index:0
2021-08-04 12:53:58,316 [0021eed5-5548-40a7-a646-263527d03420@group-75DFC4692A8D-SegmentedRaftLogWorker] ERROR ratis.XceiverServerRatis (XceiverServerRatis.java:triggerPipelineClose(672)) - pipeline Action CLOSE on pipeline PipelineID=f6fb2d64-e6ef-4253-9367-75dfc4692a8d.Reason : Log already failed at index 0 for task StartLogSegment:0
2021-08-04 12:53:58,316 [grpc-default-executor-2] INFO  server.RaftServer$Division (ServerState.java:setRaftConf(387)) - ce51d6d9-39d5-43a4-bc10-fd7a21d28186@group-75DFC4692A8D: set configuration 0: [0021eed5-5548-40a7-a646-263527d03420|rpc:10.1.0.56:37169|dataStream:|priority:0, 1fde95d9-bdfd-419d-a2d0-df997cc05e7b|rpc:10.1.0.56:39635|dataStream:|priority:1, ce51d6d9-39d5-43a4-bc10-fd7a21d28186|rpc:10.1.0.56:37353|dataStream:|priority:0], old=null
2021-08-04 12:53:58,316 [grpc-default-executor-2] INFO  segmented.SegmentedRaftLogWorker (SegmentedRaftLogWorker.java:startLogSegment(394)) - ce51d6d9-39d5-43a4-bc10-fd7a21d28186@group-75DFC4692A8D-SegmentedRaftLogWorker: Starting segment from index:0
2021-08-04 12:53:58,318 [EventQueue-PipelineActionsForPipelineActionHandler] INFO  pipeline.PipelineActionHandler (PipelineActionHandler.java:processPipelineAction(82)) - Received pipeline action CLOSE for PipelineID=f6fb2d64-e6ef-4253-9367-75dfc4692a8d from datanode 0021eed5-5548-40a7-a646-263527d03420. Reason : Log already failed at index 0 for task StartLogSegment:0
2021-08-04 12:53:58,318 [EventQueue-PipelineActionsForPipelineActionHandler] WARN  pipeline.PipelineActionHandler (PipelineActionHandler.java:processPipelineAction(93)) - Pipeline action CLOSE received for unknown pipeline PipelineID=f6fb2d64-e6ef-4253-9367-75dfc4692a8d, firing close pipeline event.
2021-08-04 12:53:58,319 [ce51d6d9-39d5-43a4-bc10-fd7a21d28186@group-75DFC4692A8D-SegmentedRaftLogWorker] ERROR ratis.XceiverServerRatis (XceiverServerRatis.java:triggerPipelineClose(672)) - pipeline Action CLOSE on pipeline PipelineID=f6fb2d64-e6ef-4253-9367-75dfc4692a8d.Reason : Log already failed at index 0 for task StartLogSegment:0
2021-08-04 12:53:58,319 [Datanode State Machine Thread - 0] WARN  statemachine.StateContext (StateContext.java:execute(621)) - No available thread in pool for past 1 seconds.
2021-08-04 12:53:58,320 [EventQueue-PipelineActionsForPipelineActionHandler] INFO  pipeline.PipelineActionHandler (PipelineActionHandler.java:processPipelineAction(82)) - Received pipeline action CLOSE for PipelineID=f6fb2d64-e6ef-4253-9367-75dfc4692a8d from datanode ce51d6d9-39d5-43a4-bc10-fd7a21d28186. Reason : Log already failed at index 0 for task StartLogSegment:0
2021-08-04 12:53:58,321 [EventQueue-PipelineActionsForPipelineActionHandler] WARN  pipeline.PipelineActionHandler (PipelineActionHandler.java:processPipelineAction(93)) - Pipeline action CLOSE received for unknown pipeline PipelineID=f6fb2d64-e6ef-4253-9367-75dfc4692a8d, firing close pipeline event.
2021-08-04 12:53:58,364 [IPC Server handler 13 on default port 41187] WARN  pipeline.WritableRatisContainerProvider (WritableRatisContainerProvider.java:getContainer(107)) - Pipeline creation failed for repConfig RATIS/THREE Datanodes may be used up.
org.apache.hadoop.hdds.scm.pipeline.PipelineNotFoundException: Pipeline PipelineID=f6fb2d64-e6ef-4253-9367-75dfc4692a8d cannot be found
	at org.apache.hadoop.hdds.scm.pipeline.PipelineManagerV2Impl.waitPipelineReady(PipelineManagerV2Impl.java:481)
	at org.apache.hadoop.hdds.scm.pipeline.WritableRatisContainerProvider.getContainer(WritableRatisContainerProvider.java:105)
	at org.apache.hadoop.hdds.scm.pipeline.WritableContainerFactory.getContainer(WritableContainerFactory.java:52)
	at org.apache.hadoop.hdds.scm.block.BlockManagerImpl.allocateBlock(BlockManagerImpl.java:182)
	at org.apache.hadoop.hdds.scm.server.SCMBlockProtocolServer.allocateBlock(SCMBlockProtocolServer.java:194)
	at org.apache.hadoop.hdds.scm.protocol.ScmBlockLocationProtocolServerSideTranslatorPB.allocateScmBlock(ScmBlockLocationProtocolServerSideTranslatorPB.java:180)
	at org.apache.hadoop.hdds.scm.protocol.ScmBlockLocationProtocolServerSideTranslatorPB.processMessage(ScmBlockLocationProtocolServerSideTranslatorPB.java:130)
	at org.apache.hadoop.hdds.server.OzoneProtocolMessageDispatcher.processRequest(OzoneProtocolMessageDispatcher.java:87)
	at org.apache.hadoop.hdds.scm.protocol.ScmBlockLocationProtocolServerSideTranslatorPB.send(ScmBlockLocationProtocolServerSideTranslatorPB.java:112)
	at org.apache.hadoop.hdds.protocol.proto.ScmBlockLocationProtocolProtos$ScmBlockLocationProtocolService$2.callBlockingMethod(ScmBlockLocationProtocolProtos.java:13937)
	at org.apache.hadoop.ipc.ProtobufRpcEngine$Server.processCall(ProtobufRpcEngine.java:466)
	at org.apache.hadoop.ipc.ProtobufRpcEngine2$Server$ProtoBufRpcInvoker.call(ProtobufRpcEngine2.java:574)
	at org.apache.hadoop.ipc.ProtobufRpcEngine2$Server$ProtoBufRpcInvoker.call(ProtobufRpcEngine2.java:552)
	at org.apache.hadoop.ipc.RPC$Server.call(RPC.java:1093)
	at org.apache.hadoop.ipc.Server$RpcCall.run(Server.java:1035)
	at org.apache.hadoop.ipc.Server$RpcCall.run(Server.java:963)
	at java.security.AccessController.doPrivileged(Native Method)
	at javax.security.auth.Subject.doAs(Subject.java:422)
	at org.apache.hadoop.security.UserGroupInformation.doAs(UserGroupInformation.java:1878)
	at org.apache.hadoop.ipc.Server$Handler.run(Server.java:2966)
2021-08-04 12:53:58,364 [IPC Server handler 13 on default port 41187] ERROR pipeline.WritableRatisContainerProvider (WritableRatisContainerProvider.java:getContainer(152)) - Unable to allocate a block for the size: 4194304, repConfig: RATIS/THREE
2021-08-04 12:53:58,364 [IPC Server handler 13 on default port 41187] ERROR block.BlockManagerImpl (BlockManagerImpl.java:allocateBlock(190)) - Unable to allocate a block for the size: 4194304, replicationConfig: RATIS/THREE
]]></system-out>
  </testcase>
</testsuite>