<?xml version="1.0" encoding="UTF-8"?>
<testsuite xmlns:xsi="http://www.w3.org/2001/XMLSchema-instance" xsi:noNamespaceSchemaLocation="https://maven.apache.org/surefire/maven-surefire-plugin/xsd/surefire-test-report.xsd" name="org.apache.hadoop.ozone.scm.TestStorageContainerManagerHA" time="98.996" tests="3" errors="1" skipped="0" failures="0">
  <properties>
    <property name="awt.toolkit" value="sun.awt.X11.XToolkit"/>
    <property name="file.encoding.pkg" value="sun.io"/>
    <property name="java.specification.version" value="1.8"/>
    <property name="sun.cpu.isalist" value=""/>
    <property name="sun.jnu.encoding" value="ANSI_X3.4-1968"/>
    <property name="java.class.path" value="/github/workspace/mnt/ozone/hadoop-ozone/integration-test/target/test-classes:/github/workspace/mnt/ozone/hadoop-ozone/integration-test/target/classes:/home/user/.m2/repository/org/apache/hadoop/hadoop-ozone-common/1.2.0-SNAPSHOT/hadoop-ozone-common-1.2.0-SNAPSHOT.jar:/home/user/.m2/repository/org/apache/commons/commons-compress/1.20/commons-compress-1.20.jar:/home/user/.m2/repository/org/apache/hadoop/hadoop-hdds-common/1.2.0-SNAPSHOT/hadoop-hdds-common-1.2.0-SNAPSHOT.jar:/home/user/.m2/repository/org/apache/hadoop/hadoop-hdds-client/1.2.0-SNAPSHOT/hadoop-hdds-client-1.2.0-SNAPSHOT.jar:/home/user/.m2/repository/org/apache/hadoop/hadoop-ozone-interface-client/1.2.0-SNAPSHOT/hadoop-ozone-interface-client-1.2.0-SNAPSHOT.jar:/home/user/.m2/repository/org/apache/hadoop/hadoop-hdds-test-utils/1.2.0-SNAPSHOT/hadoop-hdds-test-utils-1.2.0-SNAPSHOT.jar:/home/user/.m2/repository/com/google/guava/guava/30.1.1-jre/guava-30.1.1-jre.jar:/home/user/.m2/repository/com/google/guava/failureaccess/1.0.1/failureaccess-1.0.1.jar:/home/user/.m2/repository/com/google/guava/listenablefuture/9999.0-empty-to-avoid-conflict-with-guava/listenablefuture-9999.0-empty-to-avoid-conflict-with-guava.jar:/home/user/.m2/repository/com/google/code/findbugs/jsr305/3.0.0/jsr305-3.0.0.jar:/home/user/.m2/repository/org/checkerframework/checker-qual/3.8.0/checker-qual-3.8.0.jar:/home/user/.m2/repository/com/google/errorprone/error_prone_annotations/2.2.0/error_prone_annotations-2.2.0.jar:/home/user/.m2/repository/com/google/j2objc/j2objc-annotations/1.3/j2objc-annotations-1.3.jar:/home/user/.m2/repository/commons-io/commons-io/2.8.0/commons-io-2.8.0.jar:/home/user/.m2/repository/commons-logging/commons-logging/1.2/commons-logging-1.2.jar:/home/user/.m2/repository/log4j/log4j/1.2.17/log4j-1.2.17.jar:/home/user/.m2/repository/org/slf4j/slf4j-api/1.7.30/slf4j-api-1.7.30.jar:/home/user/.m2/repository/org/apache/hadoop/hadoop-hdds-server-scm/1.2.0-SNAPSHOT/hadoop-hdds-server-scm-1.2.0-SNAPSHOT.jar:/home/user/.m2/repository/org/apache/hadoop/hadoop-hdds-container-service/1.2.0-SNAPSHOT/hadoop-hdds-container-service-1.2.0-SNAPSHOT.jar:/home/user/.m2/repository/org/apache/hadoop/hadoop-hdds-hadoop-dependency-server/1.2.0-SNAPSHOT/hadoop-hdds-hadoop-dependency-server-1.2.0-SNAPSHOT.jar:/home/user/.m2/repository/org/apache/hadoop/hadoop-hdfs/3.2.2/hadoop-hdfs-3.2.2.jar:/home/user/.m2/repository/org/apache/hadoop/hadoop-hdds-server-framework/1.2.0-SNAPSHOT/hadoop-hdds-server-framework-1.2.0-SNAPSHOT.jar:/home/user/.m2/repository/org/apache/hadoop/hadoop-hdds-interface-server/1.2.0-SNAPSHOT/hadoop-hdds-interface-server-1.2.0-SNAPSHOT.jar:/home/user/.m2/repository/org/eclipse/jetty/jetty-servlet/9.4.35.v20201120/jetty-servlet-9.4.35.v20201120.jar:/home/user/.m2/repository/org/eclipse/jetty/jetty-security/9.4.35.v20201120/jetty-security-9.4.35.v20201120.jar:/home/user/.m2/repository/org/rocksdb/rocksdbjni/6.20.3/rocksdbjni-6.20.3.jar:/home/user/.m2/repository/io/prometheus/simpleclient_dropwizard/0.7.0/simpleclient_dropwizard-0.7.0.jar:/home/user/.m2/repository/io/prometheus/simpleclient/0.7.0/simpleclient-0.7.0.jar:/home/user/.m2/repository/io/prometheus/simpleclient_common/0.7.0/simpleclient_common-0.7.0.jar:/home/user/.m2/repository/com/fasterxml/jackson/datatype/jackson-datatype-jsr310/2.12.1/jackson-datatype-jsr310-2.12.1.jar:/home/user/.m2/repository/io/dropwizard/metrics/metrics-core/3.2.4/metrics-core-3.2.4.jar:/home/user/.m2/repository/org/apache/hadoop/hadoop-hdfs-client/3.2.2/hadoop-hdfs-client-3.2.2.jar:/home/user/.m2/repository/org/bouncycastle/bcprov-jdk15on/1.67/bcprov-jdk15on-1.67.jar:/home/user/.m2/repository/com/google/protobuf/protobuf-java/2.5.0/protobuf-java-2.5.0.jar:/home/user/.m2/repository/org/apache/hadoop/hadoop-ozone-ozone-manager/1.2.0-SNAPSHOT/hadoop-ozone-ozone-manager-1.2.0-SNAPSHOT.jar:/home/user/.m2/repository/org/apache/hadoop/hadoop-hdds-interface-client/1.2.0-SNAPSHOT/hadoop-hdds-interface-client-1.2.0-SNAPSHOT.jar:/home/user/.m2/repository/org/apache/ratis/ratis-thirdparty-misc/0.7.0-a398b19-SNAPSHOT/ratis-thirdparty-misc-0.7.0-a398b19-SNAPSHOT.jar:/home/user/.m2/repository/org/apache/hadoop/hadoop-ozone-interface-storage/1.2.0-SNAPSHOT/hadoop-ozone-interface-storage-1.2.0-SNAPSHOT.jar:/home/user/.m2/repository/org/apache/hadoop/hadoop-minikdc/3.2.2/hadoop-minikdc-3.2.2.jar:/home/user/.m2/repository/org/apache/kerby/kerb-simplekdc/1.0.1/kerb-simplekdc-1.0.1.jar:/home/user/.m2/repository/org/apache/kerby/kerb-client/1.0.1/kerb-client-1.0.1.jar:/home/user/.m2/repository/org/apache/kerby/kerby-config/1.0.1/kerby-config-1.0.1.jar:/home/user/.m2/repository/org/apache/kerby/kerb-core/1.0.1/kerb-core-1.0.1.jar:/home/user/.m2/repository/org/apache/kerby/kerby-pkix/1.0.1/kerby-pkix-1.0.1.jar:/home/user/.m2/repository/org/apache/kerby/kerby-asn1/1.0.1/kerby-asn1-1.0.1.jar:/home/user/.m2/repository/org/apache/kerby/kerby-util/1.0.1/kerby-util-1.0.1.jar:/home/user/.m2/repository/org/apache/kerby/kerb-common/1.0.1/kerb-common-1.0.1.jar:/home/user/.m2/repository/org/apache/kerby/kerb-crypto/1.0.1/kerb-crypto-1.0.1.jar:/home/user/.m2/repository/org/apache/kerby/kerb-util/1.0.1/kerb-util-1.0.1.jar:/home/user/.m2/repository/org/apache/kerby/token-provider/1.0.1/token-provider-1.0.1.jar:/home/user/.m2/repository/org/apache/kerby/kerb-admin/1.0.1/kerb-admin-1.0.1.jar:/home/user/.m2/repository/org/apache/kerby/kerb-server/1.0.1/kerb-server-1.0.1.jar:/home/user/.m2/repository/org/apache/kerby/kerb-identity/1.0.1/kerb-identity-1.0.1.jar:/home/user/.m2/repository/org/apache/kerby/kerby-xdr/1.0.1/kerby-xdr-1.0.1.jar:/home/user/.m2/repository/org/slf4j/slf4j-log4j12/1.7.30/slf4j-log4j12-1.7.30.jar:/home/user/.m2/repository/org/apache/hadoop/hadoop-ozone-s3gateway/1.2.0-SNAPSHOT/hadoop-ozone-s3gateway-1.2.0-SNAPSHOT.jar:/home/user/.m2/repository/org/jboss/weld/servlet/weld-servlet/2.4.7.Final/weld-servlet-2.4.7.Final.jar:/home/user/.m2/repository/org/glassfish/jersey/containers/jersey-container-servlet-core/2.33/jersey-container-servlet-core-2.33.jar:/home/user/.m2/repository/org/glassfish/hk2/external/jakarta.inject/2.6.1/jakarta.inject-2.6.1.jar:/home/user/.m2/repository/org/glassfish/jersey/core/jersey-common/2.33/jersey-common-2.33.jar:/home/user/.m2/repository/jakarta/ws/rs/jakarta.ws.rs-api/2.1.6/jakarta.ws.rs-api-2.1.6.jar:/home/user/.m2/repository/org/glassfish/jersey/ext/cdi/jersey-cdi1x/2.33/jersey-cdi1x-2.33.jar:/home/user/.m2/repository/org/glassfish/jersey/inject/jersey-hk2/2.33/jersey-hk2-2.33.jar:/home/user/.m2/repository/org/glassfish/hk2/hk2-locator/2.6.1/hk2-locator-2.6.1.jar:/home/user/.m2/repository/org/javassist/javassist/3.25.0-GA/javassist-3.25.0-GA.jar:/home/user/.m2/repository/org/glassfish/jersey/media/jersey-media-jaxb/2.33/jersey-media-jaxb-2.33.jar:/home/user/.m2/repository/org/glassfish/hk2/osgi-resource-locator/1.0.3/osgi-resource-locator-1.0.3.jar:/home/user/.m2/repository/org/glassfish/hk2/hk2-api/2.5.0/hk2-api-2.5.0.jar:/home/user/.m2/repository/org/glassfish/hk2/hk2-utils/2.5.0/hk2-utils-2.5.0.jar:/home/user/.m2/repository/org/glassfish/hk2/external/aopalliance-repackaged/2.5.0/aopalliance-repackaged-2.5.0.jar:/home/user/.m2/repository/com/fasterxml/jackson/dataformat/jackson-dataformat-xml/2.12.1/jackson-dataformat-xml-2.12.1.jar:/home/user/.m2/repository/com/fasterxml/jackson/core/jackson-core/2.12.1/jackson-core-2.12.1.jar:/home/user/.m2/repository/com/fasterxml/jackson/module/jackson-module-jaxb-annotations/2.12.1/jackson-module-jaxb-annotations-2.12.1.jar:/home/user/.m2/repository/jakarta/xml/bind/jakarta.xml.bind-api/2.3.2/jakarta.xml.bind-api-2.3.2.jar:/home/user/.m2/repository/jakarta/activation/jakarta.activation-api/1.2.1/jakarta.activation-api-1.2.1.jar:/home/user/.m2/repository/org/codehaus/woodstox/stax2-api/3.1.4/stax2-api-3.1.4.jar:/home/user/.m2/repository/com/fasterxml/woodstox/woodstox-core/5.0.3/woodstox-core-5.0.3.jar:/home/user/.m2/repository/javax/enterprise/cdi-api/1.2/cdi-api-1.2.jar:/home/user/.m2/repository/javax/el/javax.el-api/3.0.0/javax.el-api-3.0.0.jar:/home/user/.m2/repository/javax/interceptor/javax.interceptor-api/1.2/javax.interceptor-api-1.2.jar:/home/user/.m2/repository/javax/inject/javax.inject/1/javax.inject-1.jar:/home/user/.m2/repository/javax/xml/bind/jaxb-api/2.3.0/jaxb-api-2.3.0.jar:/home/user/.m2/repository/org/glassfish/jaxb/jaxb-runtime/2.3.0.1/jaxb-runtime-2.3.0.1.jar:/home/user/.m2/repository/org/glassfish/jaxb/jaxb-core/2.3.0.1/jaxb-core-2.3.0.1.jar:/home/user/.m2/repository/org/glassfish/jaxb/txw2/2.3.0.1/txw2-2.3.0.1.jar:/home/user/.m2/repository/com/sun/istack/istack-commons-runtime/3.0.5/istack-commons-runtime-3.0.5.jar:/home/user/.m2/repository/org/jvnet/staxex/stax-ex/1.7.8/stax-ex-1.7.8.jar:/home/user/.m2/repository/com/sun/xml/fastinfoset/FastInfoset/1.2.13/FastInfoset-1.2.13.jar:/home/user/.m2/repository/javax/activation/activation/1.1.1/activation-1.1.1.jar:/home/user/.m2/repository/org/apache/hadoop/hadoop-ozone-csi/1.2.0-SNAPSHOT/hadoop-ozone-csi-1.2.0-SNAPSHOT.jar:/home/user/.m2/repository/com/google/protobuf/protobuf-java-util/3.12.0/protobuf-java-util-3.12.0.jar:/home/user/.m2/repository/com/google/code/gson/gson/2.2.4/gson-2.2.4.jar:/home/user/.m2/repository/org/apache/hadoop/hadoop-hdds-config/1.2.0-SNAPSHOT/hadoop-hdds-config-1.2.0-SNAPSHOT.jar:/home/user/.m2/repository/io/grpc/grpc-netty/1.33.0/grpc-netty-1.33.0.jar:/home/user/.m2/repository/io/grpc/grpc-core/1.33.0/grpc-core-1.33.0.jar:/home/user/.m2/repository/com/google/android/annotations/4.1.1.4/annotations-4.1.1.4.jar:/home/user/.m2/repository/io/netty/netty-codec-http2/4.1.51.Final/netty-codec-http2-4.1.51.Final.jar:/home/user/.m2/repository/io/netty/netty-codec/4.1.51.Final/netty-codec-4.1.51.Final.jar:/home/user/.m2/repository/io/netty/netty-handler/4.1.51.Final/netty-handler-4.1.51.Final.jar:/home/user/.m2/repository/io/netty/netty-codec-http/4.1.51.Final/netty-codec-http-4.1.51.Final.jar:/home/user/.m2/repository/io/netty/netty-handler-proxy/4.1.51.Final/netty-handler-proxy-4.1.51.Final.jar:/home/user/.m2/repository/io/netty/netty-codec-socks/4.1.51.Final/netty-codec-socks-4.1.51.Final.jar:/home/user/.m2/repository/io/perfmark/perfmark-api/0.19.0/perfmark-api-0.19.0.jar:/home/user/.m2/repository/org/codehaus/mojo/animal-sniffer-annotations/1.18/animal-sniffer-annotations-1.18.jar:/home/user/.m2/repository/io/netty/netty-transport-native-epoll/4.1.63.Final/netty-transport-native-epoll-4.1.63.Final.jar:/home/user/.m2/repository/io/netty/netty-common/4.1.63.Final/netty-common-4.1.63.Final.jar:/home/user/.m2/repository/io/netty/netty-buffer/4.1.63.Final/netty-buffer-4.1.63.Final.jar:/home/user/.m2/repository/io/netty/netty-transport/4.1.63.Final/netty-transport-4.1.63.Final.jar:/home/user/.m2/repository/io/netty/netty-resolver/4.1.63.Final/netty-resolver-4.1.63.Final.jar:/home/user/.m2/repository/io/netty/netty-transport-native-unix-common/4.1.63.Final/netty-transport-native-unix-common-4.1.63.Final.jar:/home/user/.m2/repository/io/grpc/grpc-protobuf/1.33.0/grpc-protobuf-1.33.0.jar:/home/user/.m2/repository/io/grpc/grpc-api/1.33.0/grpc-api-1.33.0.jar:/home/user/.m2/repository/io/grpc/grpc-context/1.33.0/grpc-context-1.33.0.jar:/home/user/.m2/repository/com/google/api/grpc/proto-google-common-protos/1.17.0/proto-google-common-protos-1.17.0.jar:/home/user/.m2/repository/io/grpc/grpc-protobuf-lite/1.33.0/grpc-protobuf-lite-1.33.0.jar:/home/user/.m2/repository/io/grpc/grpc-stub/1.33.0/grpc-stub-1.33.0.jar:/home/user/.m2/repository/org/apache/hadoop/hadoop-ozone-recon/1.2.0-SNAPSHOT/hadoop-ozone-recon-1.2.0-SNAPSHOT.jar:/home/user/.m2/repository/org/apache/hadoop/hadoop-ozone-reconcodegen/1.2.0-SNAPSHOT/hadoop-ozone-reconcodegen-1.2.0-SNAPSHOT.jar:/home/user/.m2/repository/com/google/inject/extensions/guice-multibindings/4.0/guice-multibindings-4.0.jar:/home/user/.m2/repository/com/google/inject/guice/4.0/guice-4.0.jar:/home/user/.m2/repository/aopalliance/aopalliance/1.0/aopalliance-1.0.jar:/home/user/.m2/repository/com/google/inject/extensions/guice-assistedinject/4.0/guice-assistedinject-4.0.jar:/home/user/.m2/repository/com/google/inject/extensions/guice-servlet/4.0/guice-servlet-4.0.jar:/home/user/.m2/repository/org/glassfish/jersey/containers/jersey-container-servlet/2.33/jersey-container-servlet-2.33.jar:/home/user/.m2/repository/org/glassfish/hk2/guice-bridge/2.5.0/guice-bridge-2.5.0.jar:/home/user/.m2/repository/org/glassfish/jersey/core/jersey-server/2.33/jersey-server-2.33.jar:/home/user/.m2/repository/org/glassfish/jersey/core/jersey-client/2.33/jersey-client-2.33.jar:/home/user/.m2/repository/jakarta/annotation/jakarta.annotation-api/1.3.5/jakarta.annotation-api-1.3.5.jar:/home/user/.m2/repository/jakarta/validation/jakarta.validation-api/2.0.2/jakarta.validation-api-2.0.2.jar:/home/user/.m2/repository/org/glassfish/jersey/media/jersey-media-json-jackson/2.33/jersey-media-json-jackson-2.33.jar:/home/user/.m2/repository/org/glassfish/jersey/ext/jersey-entity-filtering/2.33/jersey-entity-filtering-2.33.jar:/home/user/.m2/repository/org/jooq/jooq/3.11.10/jooq-3.11.10.jar:/home/user/.m2/repository/org/jooq/jooq-meta/3.11.10/jooq-meta-3.11.10.jar:/home/user/.m2/repository/org/jooq/jooq-codegen/3.11.10/jooq-codegen-3.11.10.jar:/home/user/.m2/repository/com/jolbox/bonecp/0.8.0.RELEASE/bonecp-0.8.0.RELEASE.jar:/home/user/.m2/repository/org/apache/derby/derby/10.14.2.0/derby-10.14.2.0.jar:/home/user/.m2/repository/org/xerial/sqlite-jdbc/3.25.2/sqlite-jdbc-3.25.2.jar:/home/user/.m2/repository/org/springframework/spring-jdbc/5.2.11.RELEASE/spring-jdbc-5.2.11.RELEASE.jar:/home/user/.m2/repository/org/springframework/spring-beans/5.2.11.RELEASE/spring-beans-5.2.11.RELEASE.jar:/home/user/.m2/repository/org/springframework/spring-core/5.2.11.RELEASE/spring-core-5.2.11.RELEASE.jar:/home/user/.m2/repository/org/springframework/spring-jcl/5.2.11.RELEASE/spring-jcl-5.2.11.RELEASE.jar:/home/user/.m2/repository/org/springframework/spring-tx/5.2.11.RELEASE/spring-tx-5.2.11.RELEASE.jar:/home/user/.m2/repository/org/apache/hadoop/hadoop-ozone-client/1.2.0-SNAPSHOT/hadoop-ozone-client-1.2.0-SNAPSHOT.jar:/home/user/.m2/repository/org/apache/hadoop/hadoop-ozone-filesystem/1.2.0-SNAPSHOT/hadoop-ozone-filesystem-1.2.0-SNAPSHOT.jar:/home/user/.m2/repository/org/apache/hadoop/hadoop-ozone-filesystem-common/1.2.0-SNAPSHOT/hadoop-ozone-filesystem-common-1.2.0-SNAPSHOT.jar:/home/user/.m2/repository/org/apache/hadoop/hadoop-ozone-tools/1.2.0-SNAPSHOT/hadoop-ozone-tools-1.2.0-SNAPSHOT.jar:/home/user/.m2/repository/org/apache/ratis/ratis-tools/2.1.0-ff8aa66-SNAPSHOT/ratis-tools-2.1.0-ff8aa66-SNAPSHOT.jar:/home/user/.m2/repository/org/apache/ratis/ratis-proto/2.1.0-ff8aa66-SNAPSHOT/ratis-proto-2.1.0-ff8aa66-SNAPSHOT.jar:/home/user/.m2/repository/org/apache/ratis/ratis-common/2.1.0-ff8aa66-SNAPSHOT/ratis-common-2.1.0-ff8aa66-SNAPSHOT.jar:/home/user/.m2/repository/com/amazonaws/aws-java-sdk-core/1.11.901/aws-java-sdk-core-1.11.901.jar:/home/user/.m2/repository/org/apache/httpcomponents/httpclient/4.5.13/httpclient-4.5.13.jar:/home/user/.m2/repository/org/apache/httpcomponents/httpcore/4.4.13/httpcore-4.4.13.jar:/home/user/.m2/repository/software/amazon/ion/ion-java/1.0.2/ion-java-1.0.2.jar:/home/user/.m2/repository/com/fasterxml/jackson/dataformat/jackson-dataformat-cbor/2.12.1/jackson-dataformat-cbor-2.12.1.jar:/home/user/.m2/repository/joda-time/joda-time/2.8.1/joda-time-2.8.1.jar:/home/user/.m2/repository/com/amazonaws/aws-java-sdk-s3/1.11.901/aws-java-sdk-s3-1.11.901.jar:/home/user/.m2/repository/com/amazonaws/aws-java-sdk-kms/1.11.901/aws-java-sdk-kms-1.11.901.jar:/home/user/.m2/repository/com/amazonaws/jmespath-java/1.11.901/jmespath-java-1.11.901.jar:/home/user/.m2/repository/org/kohsuke/metainf-services/metainf-services/1.8/metainf-services-1.8.jar:/home/user/.m2/repository/org/apache/hadoop/hadoop-hdds-tools/1.2.0-SNAPSHOT/hadoop-hdds-tools-1.2.0-SNAPSHOT.jar:/home/user/.m2/repository/commons-cli/commons-cli/1.2/commons-cli-1.2.jar:/home/user/.m2/repository/org/apache/commons/commons-lang3/3.7/commons-lang3-3.7.jar:/home/user/.m2/repository/org/apache/hadoop/hadoop-ozone-ozone-manager/1.2.0-SNAPSHOT/hadoop-ozone-ozone-manager-1.2.0-SNAPSHOT-tests.jar:/home/user/.m2/repository/org/apache/hadoop/hadoop-hdds-common/1.2.0-SNAPSHOT/hadoop-hdds-common-1.2.0-SNAPSHOT-tests.jar:/home/user/.m2/repository/org/apache/hadoop/hadoop-hdds-hadoop-dependency-client/1.2.0-SNAPSHOT/hadoop-hdds-hadoop-dependency-client-1.2.0-SNAPSHOT.jar:/home/user/.m2/repository/info/picocli/picocli/4.4.0/picocli-4.4.0.jar:/home/user/.m2/repository/com/fasterxml/jackson/core/jackson-annotations/2.12.1/jackson-annotations-2.12.1.jar:/home/user/.m2/repository/javax/annotation/javax.annotation-api/1.2/javax.annotation-api-1.2.jar:/home/user/.m2/repository/org/fusesource/leveldbjni/leveldbjni-all/1.8/leveldbjni-all-1.8.jar:/home/user/.m2/repository/org/apache/ratis/ratis-server/2.1.0-ff8aa66-SNAPSHOT/ratis-server-2.1.0-ff8aa66-SNAPSHOT.jar:/home/user/.m2/repository/org/apache/ratis/ratis-client/2.1.0-ff8aa66-SNAPSHOT/ratis-client-2.1.0-ff8aa66-SNAPSHOT.jar:/home/user/.m2/repository/org/apache/ratis/ratis-server-api/2.1.0-ff8aa66-SNAPSHOT/ratis-server-api-2.1.0-ff8aa66-SNAPSHOT.jar:/home/user/.m2/repository/org/apache/ratis/ratis-metrics/2.1.0-ff8aa66-SNAPSHOT/ratis-metrics-2.1.0-ff8aa66-SNAPSHOT.jar:/home/user/.m2/repository/org/apache/ratis/ratis-netty/2.1.0-ff8aa66-SNAPSHOT/ratis-netty-2.1.0-ff8aa66-SNAPSHOT.jar:/home/user/.m2/repository/org/apache/ratis/ratis-grpc/2.1.0-ff8aa66-SNAPSHOT/ratis-grpc-2.1.0-ff8aa66-SNAPSHOT.jar:/home/user/.m2/repository/org/apache/logging/log4j/log4j-api/2.13.3/log4j-api-2.13.3.jar:/home/user/.m2/repository/org/apache/logging/log4j/log4j-core/2.13.3/log4j-core-2.13.3.jar:/home/user/.m2/repository/com/lmax/disruptor/3.4.2/disruptor-3.4.2.jar:/home/user/.m2/repository/org/apache/commons/commons-pool2/2.6.0/commons-pool2-2.6.0.jar:/home/user/.m2/repository/org/bouncycastle/bcpkix-jdk15on/1.67/bcpkix-jdk15on-1.67.jar:/home/user/.m2/repository/commons-validator/commons-validator/1.6/commons-validator-1.6.jar:/home/user/.m2/repository/commons-beanutils/commons-beanutils/1.9.4/commons-beanutils-1.9.4.jar:/home/user/.m2/repository/commons-digester/commons-digester/1.8.1/commons-digester-1.8.1.jar:/home/user/.m2/repository/commons-collections/commons-collections/3.2.2/commons-collections-3.2.2.jar:/home/user/.m2/repository/io/jaegertracing/jaeger-client/1.6.0/jaeger-client-1.6.0.jar:/home/user/.m2/repository/io/jaegertracing/jaeger-thrift/1.6.0/jaeger-thrift-1.6.0.jar:/home/user/.m2/repository/org/apache/thrift/libthrift/0.14.1/libthrift-0.14.1.jar:/home/user/.m2/repository/com/squareup/okhttp3/okhttp/4.9.0/okhttp-4.9.0.jar:/home/user/.m2/repository/com/squareup/okio/okio/2.8.0/okio-2.8.0.jar:/home/user/.m2/repository/io/jaegertracing/jaeger-core/1.6.0/jaeger-core-1.6.0.jar:/home/user/.m2/repository/io/jaegertracing/jaeger-tracerresolver/1.6.0/jaeger-tracerresolver-1.6.0.jar:/home/user/.m2/repository/io/opentracing/contrib/opentracing-tracerresolver/0.1.8/opentracing-tracerresolver-0.1.8.jar:/home/user/.m2/repository/org/jetbrains/kotlin/kotlin-stdlib/1.4.31/kotlin-stdlib-1.4.31.jar:/home/user/.m2/repository/org/jetbrains/kotlin/kotlin-stdlib-common/1.4.31/kotlin-stdlib-common-1.4.31.jar:/home/user/.m2/repository/org/jetbrains/annotations/13.0/annotations-13.0.jar:/home/user/.m2/repository/io/opentracing/opentracing-util/0.33.0/opentracing-util-0.33.0.jar:/home/user/.m2/repository/io/opentracing/opentracing-api/0.33.0/opentracing-api-0.33.0.jar:/home/user/.m2/repository/io/opentracing/opentracing-noop/0.33.0/opentracing-noop-0.33.0.jar:/home/user/.m2/repository/org/yaml/snakeyaml/1.26/snakeyaml-1.26.jar:/home/user/.m2/repository/org/apache/hadoop/hadoop-hdds-interface-admin/1.2.0-SNAPSHOT/hadoop-hdds-interface-admin-1.2.0-SNAPSHOT.jar:/home/user/.m2/repository/junit/junit/4.13.1/junit-4.13.1.jar:/home/user/.m2/repository/org/hamcrest/hamcrest-core/1.3/hamcrest-core-1.3.jar:/home/user/.m2/repository/org/junit/jupiter/junit-jupiter-api/5.7.0/junit-jupiter-api-5.7.0.jar:/home/user/.m2/repository/org/apiguardian/apiguardian-api/1.1.0/apiguardian-api-1.1.0.jar:/home/user/.m2/repository/org/opentest4j/opentest4j/1.2.0/opentest4j-1.2.0.jar:/home/user/.m2/repository/org/junit/platform/junit-platform-commons/1.7.0/junit-platform-commons-1.7.0.jar:/home/user/.m2/repository/org/junit/jupiter/junit-jupiter-engine/5.7.0/junit-jupiter-engine-5.7.0.jar:/home/user/.m2/repository/org/junit/platform/junit-platform-engine/1.7.0/junit-platform-engine-1.7.0.jar:/home/user/.m2/repository/org/junit/vintage/junit-vintage-engine/5.7.0/junit-vintage-engine-5.7.0.jar:/home/user/.m2/repository/org/junit/platform/junit-platform-launcher/1.7.0/junit-platform-launcher-1.7.0.jar:/home/user/.m2/repository/org/openjdk/jmh/jmh-core/1.19/jmh-core-1.19.jar:/home/user/.m2/repository/net/sf/jopt-simple/jopt-simple/4.6/jopt-simple-4.6.jar:/home/user/.m2/repository/org/apache/commons/commons-math3/3.1.1/commons-math3-3.1.1.jar:/home/user/.m2/repository/org/openjdk/jmh/jmh-generator-annprocess/1.19/jmh-generator-annprocess-1.19.jar:/home/user/.m2/repository/org/mockito/mockito-all/1.8.5/mockito-all-1.8.5.jar:/home/user/.m2/repository/org/apache/hadoop/hadoop-kms/3.2.2/hadoop-kms-3.2.2.jar:/home/user/.m2/repository/org/apache/hadoop/hadoop-auth/3.2.2/hadoop-auth-3.2.2.jar:/home/user/.m2/repository/com/nimbusds/nimbus-jose-jwt/7.9/nimbus-jose-jwt-7.9.jar:/home/user/.m2/repository/com/github/stephenc/jcip/jcip-annotations/1.0-1/jcip-annotations-1.0-1.jar:/home/user/.m2/repository/net/minidev/json-smart/2.3/json-smart-2.3.jar:/home/user/.m2/repository/net/minidev/accessors-smart/1.2/accessors-smart-1.2.jar:/home/user/.m2/repository/org/ow2/asm/asm/5.0.4/asm-5.0.4.jar:/home/user/.m2/repository/org/apache/zookeeper/zookeeper/3.4.13/zookeeper-3.4.13.jar:/home/user/.m2/repository/org/apache/yetus/audience-annotations/0.5.0/audience-annotations-0.5.0.jar:/home/user/.m2/repository/org/apache/curator/curator-framework/2.13.0/curator-framework-2.13.0.jar:/home/user/.m2/repository/com/sun/jersey/jersey-core/1.19/jersey-core-1.19.jar:/home/user/.m2/repository/javax/ws/rs/jsr311-api/1.1.1/jsr311-api-1.1.1.jar:/home/user/.m2/repository/com/sun/jersey/jersey-server/1.19/jersey-server-1.19.jar:/home/user/.m2/repository/javax/servlet/javax.servlet-api/3.1.0/javax.servlet-api-3.1.0.jar:/home/user/.m2/repository/org/eclipse/jetty/jetty-server/9.4.35.v20201120/jetty-server-9.4.35.v20201120.jar:/home/user/.m2/repository/org/eclipse/jetty/jetty-http/9.4.35.v20201120/jetty-http-9.4.35.v20201120.jar:/home/user/.m2/repository/org/eclipse/jetty/jetty-io/9.4.35.v20201120/jetty-io-9.4.35.v20201120.jar:/home/user/.m2/repository/org/eclipse/jetty/jetty-webapp/9.4.35.v20201120/jetty-webapp-9.4.35.v20201120.jar:/home/user/.m2/repository/org/eclipse/jetty/jetty-xml/9.4.35.v20201120/jetty-xml-9.4.35.v20201120.jar:/home/user/.m2/repository/org/apache/hadoop/hadoop-common/3.2.2/hadoop-common-3.2.2.jar:/home/user/.m2/repository/commons-net/commons-net/3.6/commons-net-3.6.jar:/home/user/.m2/repository/javax/activation/javax.activation-api/1.2.0/javax.activation-api-1.2.0.jar:/home/user/.m2/repository/com/sun/jersey/jersey-servlet/1.19/jersey-servlet-1.19.jar:/home/user/.m2/repository/com/sun/jersey/jersey-json/1.19/jersey-json-1.19.jar:/home/user/.m2/repository/org/codehaus/jettison/jettison/1.1/jettison-1.1.jar:/home/user/.m2/repository/com/sun/xml/bind/jaxb-impl/2.2.3-1/jaxb-impl-2.2.3-1.jar:/home/user/.m2/repository/org/codehaus/jackson/jackson-jaxrs/1.9.2/jackson-jaxrs-1.9.2.jar:/home/user/.m2/repository/org/codehaus/jackson/jackson-xc/1.9.2/jackson-xc-1.9.2.jar:/home/user/.m2/repository/org/apache/commons/commons-configuration2/2.1.1/commons-configuration2-2.1.1.jar:/home/user/.m2/repository/org/apache/commons/commons-text/1.4/commons-text-1.4.jar:/home/user/.m2/repository/com/google/re2j/re2j/1.1/re2j-1.1.jar:/home/user/.m2/repository/com/jcraft/jsch/0.1.54/jsch-0.1.54.jar:/home/user/.m2/repository/org/apache/curator/curator-client/2.13.0/curator-client-2.13.0.jar:/home/user/.m2/repository/org/apache/curator/curator-recipes/2.13.0/curator-recipes-2.13.0.jar:/home/user/.m2/repository/dnsjava/dnsjava/2.1.7/dnsjava-2.1.7.jar:/home/user/.m2/repository/org/slf4j/jul-to-slf4j/1.7.30/jul-to-slf4j-1.7.30.jar:/home/user/.m2/repository/org/eclipse/jetty/jetty-util/9.4.35.v20201120/jetty-util-9.4.35.v20201120.jar:/home/user/.m2/repository/com/fasterxml/jackson/core/jackson-databind/2.12.1/jackson-databind-2.12.1.jar:/home/user/.m2/repository/org/apache/hadoop/hadoop-kms/3.2.2/hadoop-kms-3.2.2-tests.jar:/home/user/.m2/repository/org/apache/hadoop/hadoop-hdds-server-scm/1.2.0-SNAPSHOT/hadoop-hdds-server-scm-1.2.0-SNAPSHOT-tests.jar:/home/user/.m2/repository/org/apache/hadoop/hadoop-hdds-container-service/1.2.0-SNAPSHOT/hadoop-hdds-container-service-1.2.0-SNAPSHOT-tests.jar:/home/user/.m2/repository/commons-codec/commons-codec/1.11/commons-codec-1.11.jar:/home/user/.m2/repository/org/apache/hadoop/hadoop-hdds-hadoop-dependency-test/1.2.0-SNAPSHOT/hadoop-hdds-hadoop-dependency-test-1.2.0-SNAPSHOT.jar:/home/user/.m2/repository/org/apache/hadoop/hadoop-common/3.2.2/hadoop-common-3.2.2-tests.jar:/home/user/.m2/repository/org/apache/hadoop/hadoop-hdfs/3.2.2/hadoop-hdfs-3.2.2-tests.jar:/home/user/.m2/repository/org/eclipse/jetty/jetty-util-ajax/9.4.35.v20201120/jetty-util-ajax-9.4.35.v20201120.jar:/home/user/.m2/repository/commons-daemon/commons-daemon/1.0.13/commons-daemon-1.0.13.jar:/home/user/.m2/repository/io/netty/netty/3.10.6.Final/netty-3.10.6.Final.jar:/home/user/.m2/repository/io/netty/netty-all/4.1.63.Final/netty-all-4.1.63.Final.jar:/home/user/.m2/repository/org/apache/htrace/htrace-core4/4.1.0-incubating/htrace-core4-4.1.0-incubating.jar:/home/user/.m2/repository/org/apache/hadoop/hadoop-distcp/3.2.2/hadoop-distcp-3.2.2.jar:/home/user/.m2/repository/org/apache/hadoop/hadoop-mapreduce-client-jobclient/3.2.2/hadoop-mapreduce-client-jobclient-3.2.2.jar:/home/user/.m2/repository/org/apache/hadoop/hadoop-mapreduce-client-common/3.2.2/hadoop-mapreduce-client-common-3.2.2.jar:/home/user/.m2/repository/org/apache/hadoop/hadoop-yarn-common/3.2.2/hadoop-yarn-common-3.2.2.jar:/home/user/.m2/repository/org/apache/hadoop/hadoop-yarn-api/3.2.2/hadoop-yarn-api-3.2.2.jar:/home/user/.m2/repository/com/sun/jersey/jersey-client/1.19/jersey-client-1.19.jar:/home/user/.m2/repository/com/sun/jersey/contribs/jersey-guice/1.19/jersey-guice-1.19.jar:/home/user/.m2/repository/com/fasterxml/jackson/jaxrs/jackson-jaxrs-json-provider/2.12.1/jackson-jaxrs-json-provider-2.12.1.jar:/home/user/.m2/repository/com/fasterxml/jackson/jaxrs/jackson-jaxrs-base/2.12.1/jackson-jaxrs-base-2.12.1.jar:/home/user/.m2/repository/org/apache/hadoop/hadoop-yarn-client/3.2.2/hadoop-yarn-client-3.2.2.jar:/home/user/.m2/repository/org/apache/hadoop/hadoop-mapreduce-client-core/3.2.2/hadoop-mapreduce-client-core-3.2.2.jar:/home/user/.m2/repository/org/apache/avro/avro/1.7.7/avro-1.7.7.jar:/home/user/.m2/repository/org/codehaus/jackson/jackson-core-asl/1.9.13/jackson-core-asl-1.9.13.jar:/home/user/.m2/repository/org/codehaus/jackson/jackson-mapper-asl/1.9.13/jackson-mapper-asl-1.9.13.jar:/home/user/.m2/repository/com/thoughtworks/paranamer/paranamer/2.3/paranamer-2.3.jar:/home/user/.m2/repository/org/xerial/snappy/snappy-java/1.0.5/snappy-java-1.0.5.jar:/home/user/.m2/repository/org/apache/hadoop/hadoop-annotations/3.2.2/hadoop-annotations-3.2.2.jar:/usr/lib/jvm/java-1.8.0-openjdk-1.8.0.232.b09-0.el7_7.x86_64/jre/../lib/tools.jar:/home/user/.m2/repository/org/apache/hadoop/hadoop-distcp/3.2.2/hadoop-distcp-3.2.2-tests.jar:"/>
    <property name="java.vm.vendor" value="Oracle Corporation"/>
    <property name="sun.arch.data.model" value="64"/>
    <property name="test.build.dir" value="/github/workspace/mnt/ozone/hadoop-ozone/integration-test/target/test-dir"/>
    <property name="test.cache.data" value=""/>
    <property name="java.vendor.url" value="http://java.oracle.com/"/>
    <property name="user.timezone" value=""/>
    <property name="java.vm.specification.version" value="1.8"/>
    <property name="os.name" value="Linux"/>
    <property name="test.build.data" value="/github/workspace/mnt/ozone/hadoop-ozone/integration-test/target/test-dir"/>
    <property name="user.country" value="US"/>
    <property name="sun.java.launcher" value="SUN_STANDARD"/>
    <property name="sun.boot.library.path" value="/usr/lib/jvm/java-1.8.0-openjdk-1.8.0.232.b09-0.el7_7.x86_64/jre/lib/amd64"/>
    <property name="sun.java.command" value="/github/workspace/mnt/ozone/hadoop-ozone/integration-test/target/surefire/surefirebooter2511900652813970631.jar /github/workspace/mnt/ozone/hadoop-ozone/integration-test/target/surefire 2021-05-14T09-42-10_173-jvmRun1 surefire3777898731779525791tmp surefire_596880865303688513885tmp"/>
    <property name="surefire.test.class.path" value="/github/workspace/mnt/ozone/hadoop-ozone/integration-test/target/test-classes:/github/workspace/mnt/ozone/hadoop-ozone/integration-test/target/classes:/home/user/.m2/repository/org/apache/hadoop/hadoop-ozone-common/1.2.0-SNAPSHOT/hadoop-ozone-common-1.2.0-SNAPSHOT.jar:/home/user/.m2/repository/org/apache/commons/commons-compress/1.20/commons-compress-1.20.jar:/home/user/.m2/repository/org/apache/hadoop/hadoop-hdds-common/1.2.0-SNAPSHOT/hadoop-hdds-common-1.2.0-SNAPSHOT.jar:/home/user/.m2/repository/org/apache/hadoop/hadoop-hdds-client/1.2.0-SNAPSHOT/hadoop-hdds-client-1.2.0-SNAPSHOT.jar:/home/user/.m2/repository/org/apache/hadoop/hadoop-ozone-interface-client/1.2.0-SNAPSHOT/hadoop-ozone-interface-client-1.2.0-SNAPSHOT.jar:/home/user/.m2/repository/org/apache/hadoop/hadoop-hdds-test-utils/1.2.0-SNAPSHOT/hadoop-hdds-test-utils-1.2.0-SNAPSHOT.jar:/home/user/.m2/repository/com/google/guava/guava/30.1.1-jre/guava-30.1.1-jre.jar:/home/user/.m2/repository/com/google/guava/failureaccess/1.0.1/failureaccess-1.0.1.jar:/home/user/.m2/repository/com/google/guava/listenablefuture/9999.0-empty-to-avoid-conflict-with-guava/listenablefuture-9999.0-empty-to-avoid-conflict-with-guava.jar:/home/user/.m2/repository/com/google/code/findbugs/jsr305/3.0.0/jsr305-3.0.0.jar:/home/user/.m2/repository/org/checkerframework/checker-qual/3.8.0/checker-qual-3.8.0.jar:/home/user/.m2/repository/com/google/errorprone/error_prone_annotations/2.2.0/error_prone_annotations-2.2.0.jar:/home/user/.m2/repository/com/google/j2objc/j2objc-annotations/1.3/j2objc-annotations-1.3.jar:/home/user/.m2/repository/commons-io/commons-io/2.8.0/commons-io-2.8.0.jar:/home/user/.m2/repository/commons-logging/commons-logging/1.2/commons-logging-1.2.jar:/home/user/.m2/repository/log4j/log4j/1.2.17/log4j-1.2.17.jar:/home/user/.m2/repository/org/slf4j/slf4j-api/1.7.30/slf4j-api-1.7.30.jar:/home/user/.m2/repository/org/apache/hadoop/hadoop-hdds-server-scm/1.2.0-SNAPSHOT/hadoop-hdds-server-scm-1.2.0-SNAPSHOT.jar:/home/user/.m2/repository/org/apache/hadoop/hadoop-hdds-container-service/1.2.0-SNAPSHOT/hadoop-hdds-container-service-1.2.0-SNAPSHOT.jar:/home/user/.m2/repository/org/apache/hadoop/hadoop-hdds-hadoop-dependency-server/1.2.0-SNAPSHOT/hadoop-hdds-hadoop-dependency-server-1.2.0-SNAPSHOT.jar:/home/user/.m2/repository/org/apache/hadoop/hadoop-hdfs/3.2.2/hadoop-hdfs-3.2.2.jar:/home/user/.m2/repository/org/apache/hadoop/hadoop-hdds-server-framework/1.2.0-SNAPSHOT/hadoop-hdds-server-framework-1.2.0-SNAPSHOT.jar:/home/user/.m2/repository/org/apache/hadoop/hadoop-hdds-interface-server/1.2.0-SNAPSHOT/hadoop-hdds-interface-server-1.2.0-SNAPSHOT.jar:/home/user/.m2/repository/org/eclipse/jetty/jetty-servlet/9.4.35.v20201120/jetty-servlet-9.4.35.v20201120.jar:/home/user/.m2/repository/org/eclipse/jetty/jetty-security/9.4.35.v20201120/jetty-security-9.4.35.v20201120.jar:/home/user/.m2/repository/org/rocksdb/rocksdbjni/6.20.3/rocksdbjni-6.20.3.jar:/home/user/.m2/repository/io/prometheus/simpleclient_dropwizard/0.7.0/simpleclient_dropwizard-0.7.0.jar:/home/user/.m2/repository/io/prometheus/simpleclient/0.7.0/simpleclient-0.7.0.jar:/home/user/.m2/repository/io/prometheus/simpleclient_common/0.7.0/simpleclient_common-0.7.0.jar:/home/user/.m2/repository/com/fasterxml/jackson/datatype/jackson-datatype-jsr310/2.12.1/jackson-datatype-jsr310-2.12.1.jar:/home/user/.m2/repository/io/dropwizard/metrics/metrics-core/3.2.4/metrics-core-3.2.4.jar:/home/user/.m2/repository/org/apache/hadoop/hadoop-hdfs-client/3.2.2/hadoop-hdfs-client-3.2.2.jar:/home/user/.m2/repository/org/bouncycastle/bcprov-jdk15on/1.67/bcprov-jdk15on-1.67.jar:/home/user/.m2/repository/com/google/protobuf/protobuf-java/2.5.0/protobuf-java-2.5.0.jar:/home/user/.m2/repository/org/apache/hadoop/hadoop-ozone-ozone-manager/1.2.0-SNAPSHOT/hadoop-ozone-ozone-manager-1.2.0-SNAPSHOT.jar:/home/user/.m2/repository/org/apache/hadoop/hadoop-hdds-interface-client/1.2.0-SNAPSHOT/hadoop-hdds-interface-client-1.2.0-SNAPSHOT.jar:/home/user/.m2/repository/org/apache/ratis/ratis-thirdparty-misc/0.7.0-a398b19-SNAPSHOT/ratis-thirdparty-misc-0.7.0-a398b19-SNAPSHOT.jar:/home/user/.m2/repository/org/apache/hadoop/hadoop-ozone-interface-storage/1.2.0-SNAPSHOT/hadoop-ozone-interface-storage-1.2.0-SNAPSHOT.jar:/home/user/.m2/repository/org/apache/hadoop/hadoop-minikdc/3.2.2/hadoop-minikdc-3.2.2.jar:/home/user/.m2/repository/org/apache/kerby/kerb-simplekdc/1.0.1/kerb-simplekdc-1.0.1.jar:/home/user/.m2/repository/org/apache/kerby/kerb-client/1.0.1/kerb-client-1.0.1.jar:/home/user/.m2/repository/org/apache/kerby/kerby-config/1.0.1/kerby-config-1.0.1.jar:/home/user/.m2/repository/org/apache/kerby/kerb-core/1.0.1/kerb-core-1.0.1.jar:/home/user/.m2/repository/org/apache/kerby/kerby-pkix/1.0.1/kerby-pkix-1.0.1.jar:/home/user/.m2/repository/org/apache/kerby/kerby-asn1/1.0.1/kerby-asn1-1.0.1.jar:/home/user/.m2/repository/org/apache/kerby/kerby-util/1.0.1/kerby-util-1.0.1.jar:/home/user/.m2/repository/org/apache/kerby/kerb-common/1.0.1/kerb-common-1.0.1.jar:/home/user/.m2/repository/org/apache/kerby/kerb-crypto/1.0.1/kerb-crypto-1.0.1.jar:/home/user/.m2/repository/org/apache/kerby/kerb-util/1.0.1/kerb-util-1.0.1.jar:/home/user/.m2/repository/org/apache/kerby/token-provider/1.0.1/token-provider-1.0.1.jar:/home/user/.m2/repository/org/apache/kerby/kerb-admin/1.0.1/kerb-admin-1.0.1.jar:/home/user/.m2/repository/org/apache/kerby/kerb-server/1.0.1/kerb-server-1.0.1.jar:/home/user/.m2/repository/org/apache/kerby/kerb-identity/1.0.1/kerb-identity-1.0.1.jar:/home/user/.m2/repository/org/apache/kerby/kerby-xdr/1.0.1/kerby-xdr-1.0.1.jar:/home/user/.m2/repository/org/slf4j/slf4j-log4j12/1.7.30/slf4j-log4j12-1.7.30.jar:/home/user/.m2/repository/org/apache/hadoop/hadoop-ozone-s3gateway/1.2.0-SNAPSHOT/hadoop-ozone-s3gateway-1.2.0-SNAPSHOT.jar:/home/user/.m2/repository/org/jboss/weld/servlet/weld-servlet/2.4.7.Final/weld-servlet-2.4.7.Final.jar:/home/user/.m2/repository/org/glassfish/jersey/containers/jersey-container-servlet-core/2.33/jersey-container-servlet-core-2.33.jar:/home/user/.m2/repository/org/glassfish/hk2/external/jakarta.inject/2.6.1/jakarta.inject-2.6.1.jar:/home/user/.m2/repository/org/glassfish/jersey/core/jersey-common/2.33/jersey-common-2.33.jar:/home/user/.m2/repository/jakarta/ws/rs/jakarta.ws.rs-api/2.1.6/jakarta.ws.rs-api-2.1.6.jar:/home/user/.m2/repository/org/glassfish/jersey/ext/cdi/jersey-cdi1x/2.33/jersey-cdi1x-2.33.jar:/home/user/.m2/repository/org/glassfish/jersey/inject/jersey-hk2/2.33/jersey-hk2-2.33.jar:/home/user/.m2/repository/org/glassfish/hk2/hk2-locator/2.6.1/hk2-locator-2.6.1.jar:/home/user/.m2/repository/org/javassist/javassist/3.25.0-GA/javassist-3.25.0-GA.jar:/home/user/.m2/repository/org/glassfish/jersey/media/jersey-media-jaxb/2.33/jersey-media-jaxb-2.33.jar:/home/user/.m2/repository/org/glassfish/hk2/osgi-resource-locator/1.0.3/osgi-resource-locator-1.0.3.jar:/home/user/.m2/repository/org/glassfish/hk2/hk2-api/2.5.0/hk2-api-2.5.0.jar:/home/user/.m2/repository/org/glassfish/hk2/hk2-utils/2.5.0/hk2-utils-2.5.0.jar:/home/user/.m2/repository/org/glassfish/hk2/external/aopalliance-repackaged/2.5.0/aopalliance-repackaged-2.5.0.jar:/home/user/.m2/repository/com/fasterxml/jackson/dataformat/jackson-dataformat-xml/2.12.1/jackson-dataformat-xml-2.12.1.jar:/home/user/.m2/repository/com/fasterxml/jackson/core/jackson-core/2.12.1/jackson-core-2.12.1.jar:/home/user/.m2/repository/com/fasterxml/jackson/module/jackson-module-jaxb-annotations/2.12.1/jackson-module-jaxb-annotations-2.12.1.jar:/home/user/.m2/repository/jakarta/xml/bind/jakarta.xml.bind-api/2.3.2/jakarta.xml.bind-api-2.3.2.jar:/home/user/.m2/repository/jakarta/activation/jakarta.activation-api/1.2.1/jakarta.activation-api-1.2.1.jar:/home/user/.m2/repository/org/codehaus/woodstox/stax2-api/3.1.4/stax2-api-3.1.4.jar:/home/user/.m2/repository/com/fasterxml/woodstox/woodstox-core/5.0.3/woodstox-core-5.0.3.jar:/home/user/.m2/repository/javax/enterprise/cdi-api/1.2/cdi-api-1.2.jar:/home/user/.m2/repository/javax/el/javax.el-api/3.0.0/javax.el-api-3.0.0.jar:/home/user/.m2/repository/javax/interceptor/javax.interceptor-api/1.2/javax.interceptor-api-1.2.jar:/home/user/.m2/repository/javax/inject/javax.inject/1/javax.inject-1.jar:/home/user/.m2/repository/javax/xml/bind/jaxb-api/2.3.0/jaxb-api-2.3.0.jar:/home/user/.m2/repository/org/glassfish/jaxb/jaxb-runtime/2.3.0.1/jaxb-runtime-2.3.0.1.jar:/home/user/.m2/repository/org/glassfish/jaxb/jaxb-core/2.3.0.1/jaxb-core-2.3.0.1.jar:/home/user/.m2/repository/org/glassfish/jaxb/txw2/2.3.0.1/txw2-2.3.0.1.jar:/home/user/.m2/repository/com/sun/istack/istack-commons-runtime/3.0.5/istack-commons-runtime-3.0.5.jar:/home/user/.m2/repository/org/jvnet/staxex/stax-ex/1.7.8/stax-ex-1.7.8.jar:/home/user/.m2/repository/com/sun/xml/fastinfoset/FastInfoset/1.2.13/FastInfoset-1.2.13.jar:/home/user/.m2/repository/javax/activation/activation/1.1.1/activation-1.1.1.jar:/home/user/.m2/repository/org/apache/hadoop/hadoop-ozone-csi/1.2.0-SNAPSHOT/hadoop-ozone-csi-1.2.0-SNAPSHOT.jar:/home/user/.m2/repository/com/google/protobuf/protobuf-java-util/3.12.0/protobuf-java-util-3.12.0.jar:/home/user/.m2/repository/com/google/code/gson/gson/2.2.4/gson-2.2.4.jar:/home/user/.m2/repository/org/apache/hadoop/hadoop-hdds-config/1.2.0-SNAPSHOT/hadoop-hdds-config-1.2.0-SNAPSHOT.jar:/home/user/.m2/repository/io/grpc/grpc-netty/1.33.0/grpc-netty-1.33.0.jar:/home/user/.m2/repository/io/grpc/grpc-core/1.33.0/grpc-core-1.33.0.jar:/home/user/.m2/repository/com/google/android/annotations/4.1.1.4/annotations-4.1.1.4.jar:/home/user/.m2/repository/io/netty/netty-codec-http2/4.1.51.Final/netty-codec-http2-4.1.51.Final.jar:/home/user/.m2/repository/io/netty/netty-codec/4.1.51.Final/netty-codec-4.1.51.Final.jar:/home/user/.m2/repository/io/netty/netty-handler/4.1.51.Final/netty-handler-4.1.51.Final.jar:/home/user/.m2/repository/io/netty/netty-codec-http/4.1.51.Final/netty-codec-http-4.1.51.Final.jar:/home/user/.m2/repository/io/netty/netty-handler-proxy/4.1.51.Final/netty-handler-proxy-4.1.51.Final.jar:/home/user/.m2/repository/io/netty/netty-codec-socks/4.1.51.Final/netty-codec-socks-4.1.51.Final.jar:/home/user/.m2/repository/io/perfmark/perfmark-api/0.19.0/perfmark-api-0.19.0.jar:/home/user/.m2/repository/org/codehaus/mojo/animal-sniffer-annotations/1.18/animal-sniffer-annotations-1.18.jar:/home/user/.m2/repository/io/netty/netty-transport-native-epoll/4.1.63.Final/netty-transport-native-epoll-4.1.63.Final.jar:/home/user/.m2/repository/io/netty/netty-common/4.1.63.Final/netty-common-4.1.63.Final.jar:/home/user/.m2/repository/io/netty/netty-buffer/4.1.63.Final/netty-buffer-4.1.63.Final.jar:/home/user/.m2/repository/io/netty/netty-transport/4.1.63.Final/netty-transport-4.1.63.Final.jar:/home/user/.m2/repository/io/netty/netty-resolver/4.1.63.Final/netty-resolver-4.1.63.Final.jar:/home/user/.m2/repository/io/netty/netty-transport-native-unix-common/4.1.63.Final/netty-transport-native-unix-common-4.1.63.Final.jar:/home/user/.m2/repository/io/grpc/grpc-protobuf/1.33.0/grpc-protobuf-1.33.0.jar:/home/user/.m2/repository/io/grpc/grpc-api/1.33.0/grpc-api-1.33.0.jar:/home/user/.m2/repository/io/grpc/grpc-context/1.33.0/grpc-context-1.33.0.jar:/home/user/.m2/repository/com/google/api/grpc/proto-google-common-protos/1.17.0/proto-google-common-protos-1.17.0.jar:/home/user/.m2/repository/io/grpc/grpc-protobuf-lite/1.33.0/grpc-protobuf-lite-1.33.0.jar:/home/user/.m2/repository/io/grpc/grpc-stub/1.33.0/grpc-stub-1.33.0.jar:/home/user/.m2/repository/org/apache/hadoop/hadoop-ozone-recon/1.2.0-SNAPSHOT/hadoop-ozone-recon-1.2.0-SNAPSHOT.jar:/home/user/.m2/repository/org/apache/hadoop/hadoop-ozone-reconcodegen/1.2.0-SNAPSHOT/hadoop-ozone-reconcodegen-1.2.0-SNAPSHOT.jar:/home/user/.m2/repository/com/google/inject/extensions/guice-multibindings/4.0/guice-multibindings-4.0.jar:/home/user/.m2/repository/com/google/inject/guice/4.0/guice-4.0.jar:/home/user/.m2/repository/aopalliance/aopalliance/1.0/aopalliance-1.0.jar:/home/user/.m2/repository/com/google/inject/extensions/guice-assistedinject/4.0/guice-assistedinject-4.0.jar:/home/user/.m2/repository/com/google/inject/extensions/guice-servlet/4.0/guice-servlet-4.0.jar:/home/user/.m2/repository/org/glassfish/jersey/containers/jersey-container-servlet/2.33/jersey-container-servlet-2.33.jar:/home/user/.m2/repository/org/glassfish/hk2/guice-bridge/2.5.0/guice-bridge-2.5.0.jar:/home/user/.m2/repository/org/glassfish/jersey/core/jersey-server/2.33/jersey-server-2.33.jar:/home/user/.m2/repository/org/glassfish/jersey/core/jersey-client/2.33/jersey-client-2.33.jar:/home/user/.m2/repository/jakarta/annotation/jakarta.annotation-api/1.3.5/jakarta.annotation-api-1.3.5.jar:/home/user/.m2/repository/jakarta/validation/jakarta.validation-api/2.0.2/jakarta.validation-api-2.0.2.jar:/home/user/.m2/repository/org/glassfish/jersey/media/jersey-media-json-jackson/2.33/jersey-media-json-jackson-2.33.jar:/home/user/.m2/repository/org/glassfish/jersey/ext/jersey-entity-filtering/2.33/jersey-entity-filtering-2.33.jar:/home/user/.m2/repository/org/jooq/jooq/3.11.10/jooq-3.11.10.jar:/home/user/.m2/repository/org/jooq/jooq-meta/3.11.10/jooq-meta-3.11.10.jar:/home/user/.m2/repository/org/jooq/jooq-codegen/3.11.10/jooq-codegen-3.11.10.jar:/home/user/.m2/repository/com/jolbox/bonecp/0.8.0.RELEASE/bonecp-0.8.0.RELEASE.jar:/home/user/.m2/repository/org/apache/derby/derby/10.14.2.0/derby-10.14.2.0.jar:/home/user/.m2/repository/org/xerial/sqlite-jdbc/3.25.2/sqlite-jdbc-3.25.2.jar:/home/user/.m2/repository/org/springframework/spring-jdbc/5.2.11.RELEASE/spring-jdbc-5.2.11.RELEASE.jar:/home/user/.m2/repository/org/springframework/spring-beans/5.2.11.RELEASE/spring-beans-5.2.11.RELEASE.jar:/home/user/.m2/repository/org/springframework/spring-core/5.2.11.RELEASE/spring-core-5.2.11.RELEASE.jar:/home/user/.m2/repository/org/springframework/spring-jcl/5.2.11.RELEASE/spring-jcl-5.2.11.RELEASE.jar:/home/user/.m2/repository/org/springframework/spring-tx/5.2.11.RELEASE/spring-tx-5.2.11.RELEASE.jar:/home/user/.m2/repository/org/apache/hadoop/hadoop-ozone-client/1.2.0-SNAPSHOT/hadoop-ozone-client-1.2.0-SNAPSHOT.jar:/home/user/.m2/repository/org/apache/hadoop/hadoop-ozone-filesystem/1.2.0-SNAPSHOT/hadoop-ozone-filesystem-1.2.0-SNAPSHOT.jar:/home/user/.m2/repository/org/apache/hadoop/hadoop-ozone-filesystem-common/1.2.0-SNAPSHOT/hadoop-ozone-filesystem-common-1.2.0-SNAPSHOT.jar:/home/user/.m2/repository/org/apache/hadoop/hadoop-ozone-tools/1.2.0-SNAPSHOT/hadoop-ozone-tools-1.2.0-SNAPSHOT.jar:/home/user/.m2/repository/org/apache/ratis/ratis-tools/2.1.0-ff8aa66-SNAPSHOT/ratis-tools-2.1.0-ff8aa66-SNAPSHOT.jar:/home/user/.m2/repository/org/apache/ratis/ratis-proto/2.1.0-ff8aa66-SNAPSHOT/ratis-proto-2.1.0-ff8aa66-SNAPSHOT.jar:/home/user/.m2/repository/org/apache/ratis/ratis-common/2.1.0-ff8aa66-SNAPSHOT/ratis-common-2.1.0-ff8aa66-SNAPSHOT.jar:/home/user/.m2/repository/com/amazonaws/aws-java-sdk-core/1.11.901/aws-java-sdk-core-1.11.901.jar:/home/user/.m2/repository/org/apache/httpcomponents/httpclient/4.5.13/httpclient-4.5.13.jar:/home/user/.m2/repository/org/apache/httpcomponents/httpcore/4.4.13/httpcore-4.4.13.jar:/home/user/.m2/repository/software/amazon/ion/ion-java/1.0.2/ion-java-1.0.2.jar:/home/user/.m2/repository/com/fasterxml/jackson/dataformat/jackson-dataformat-cbor/2.12.1/jackson-dataformat-cbor-2.12.1.jar:/home/user/.m2/repository/joda-time/joda-time/2.8.1/joda-time-2.8.1.jar:/home/user/.m2/repository/com/amazonaws/aws-java-sdk-s3/1.11.901/aws-java-sdk-s3-1.11.901.jar:/home/user/.m2/repository/com/amazonaws/aws-java-sdk-kms/1.11.901/aws-java-sdk-kms-1.11.901.jar:/home/user/.m2/repository/com/amazonaws/jmespath-java/1.11.901/jmespath-java-1.11.901.jar:/home/user/.m2/repository/org/kohsuke/metainf-services/metainf-services/1.8/metainf-services-1.8.jar:/home/user/.m2/repository/org/apache/hadoop/hadoop-hdds-tools/1.2.0-SNAPSHOT/hadoop-hdds-tools-1.2.0-SNAPSHOT.jar:/home/user/.m2/repository/commons-cli/commons-cli/1.2/commons-cli-1.2.jar:/home/user/.m2/repository/org/apache/commons/commons-lang3/3.7/commons-lang3-3.7.jar:/home/user/.m2/repository/org/apache/hadoop/hadoop-ozone-ozone-manager/1.2.0-SNAPSHOT/hadoop-ozone-ozone-manager-1.2.0-SNAPSHOT-tests.jar:/home/user/.m2/repository/org/apache/hadoop/hadoop-hdds-common/1.2.0-SNAPSHOT/hadoop-hdds-common-1.2.0-SNAPSHOT-tests.jar:/home/user/.m2/repository/org/apache/hadoop/hadoop-hdds-hadoop-dependency-client/1.2.0-SNAPSHOT/hadoop-hdds-hadoop-dependency-client-1.2.0-SNAPSHOT.jar:/home/user/.m2/repository/info/picocli/picocli/4.4.0/picocli-4.4.0.jar:/home/user/.m2/repository/com/fasterxml/jackson/core/jackson-annotations/2.12.1/jackson-annotations-2.12.1.jar:/home/user/.m2/repository/javax/annotation/javax.annotation-api/1.2/javax.annotation-api-1.2.jar:/home/user/.m2/repository/org/fusesource/leveldbjni/leveldbjni-all/1.8/leveldbjni-all-1.8.jar:/home/user/.m2/repository/org/apache/ratis/ratis-server/2.1.0-ff8aa66-SNAPSHOT/ratis-server-2.1.0-ff8aa66-SNAPSHOT.jar:/home/user/.m2/repository/org/apache/ratis/ratis-client/2.1.0-ff8aa66-SNAPSHOT/ratis-client-2.1.0-ff8aa66-SNAPSHOT.jar:/home/user/.m2/repository/org/apache/ratis/ratis-server-api/2.1.0-ff8aa66-SNAPSHOT/ratis-server-api-2.1.0-ff8aa66-SNAPSHOT.jar:/home/user/.m2/repository/org/apache/ratis/ratis-metrics/2.1.0-ff8aa66-SNAPSHOT/ratis-metrics-2.1.0-ff8aa66-SNAPSHOT.jar:/home/user/.m2/repository/org/apache/ratis/ratis-netty/2.1.0-ff8aa66-SNAPSHOT/ratis-netty-2.1.0-ff8aa66-SNAPSHOT.jar:/home/user/.m2/repository/org/apache/ratis/ratis-grpc/2.1.0-ff8aa66-SNAPSHOT/ratis-grpc-2.1.0-ff8aa66-SNAPSHOT.jar:/home/user/.m2/repository/org/apache/logging/log4j/log4j-api/2.13.3/log4j-api-2.13.3.jar:/home/user/.m2/repository/org/apache/logging/log4j/log4j-core/2.13.3/log4j-core-2.13.3.jar:/home/user/.m2/repository/com/lmax/disruptor/3.4.2/disruptor-3.4.2.jar:/home/user/.m2/repository/org/apache/commons/commons-pool2/2.6.0/commons-pool2-2.6.0.jar:/home/user/.m2/repository/org/bouncycastle/bcpkix-jdk15on/1.67/bcpkix-jdk15on-1.67.jar:/home/user/.m2/repository/commons-validator/commons-validator/1.6/commons-validator-1.6.jar:/home/user/.m2/repository/commons-beanutils/commons-beanutils/1.9.4/commons-beanutils-1.9.4.jar:/home/user/.m2/repository/commons-digester/commons-digester/1.8.1/commons-digester-1.8.1.jar:/home/user/.m2/repository/commons-collections/commons-collections/3.2.2/commons-collections-3.2.2.jar:/home/user/.m2/repository/io/jaegertracing/jaeger-client/1.6.0/jaeger-client-1.6.0.jar:/home/user/.m2/repository/io/jaegertracing/jaeger-thrift/1.6.0/jaeger-thrift-1.6.0.jar:/home/user/.m2/repository/org/apache/thrift/libthrift/0.14.1/libthrift-0.14.1.jar:/home/user/.m2/repository/com/squareup/okhttp3/okhttp/4.9.0/okhttp-4.9.0.jar:/home/user/.m2/repository/com/squareup/okio/okio/2.8.0/okio-2.8.0.jar:/home/user/.m2/repository/io/jaegertracing/jaeger-core/1.6.0/jaeger-core-1.6.0.jar:/home/user/.m2/repository/io/jaegertracing/jaeger-tracerresolver/1.6.0/jaeger-tracerresolver-1.6.0.jar:/home/user/.m2/repository/io/opentracing/contrib/opentracing-tracerresolver/0.1.8/opentracing-tracerresolver-0.1.8.jar:/home/user/.m2/repository/org/jetbrains/kotlin/kotlin-stdlib/1.4.31/kotlin-stdlib-1.4.31.jar:/home/user/.m2/repository/org/jetbrains/kotlin/kotlin-stdlib-common/1.4.31/kotlin-stdlib-common-1.4.31.jar:/home/user/.m2/repository/org/jetbrains/annotations/13.0/annotations-13.0.jar:/home/user/.m2/repository/io/opentracing/opentracing-util/0.33.0/opentracing-util-0.33.0.jar:/home/user/.m2/repository/io/opentracing/opentracing-api/0.33.0/opentracing-api-0.33.0.jar:/home/user/.m2/repository/io/opentracing/opentracing-noop/0.33.0/opentracing-noop-0.33.0.jar:/home/user/.m2/repository/org/yaml/snakeyaml/1.26/snakeyaml-1.26.jar:/home/user/.m2/repository/org/apache/hadoop/hadoop-hdds-interface-admin/1.2.0-SNAPSHOT/hadoop-hdds-interface-admin-1.2.0-SNAPSHOT.jar:/home/user/.m2/repository/junit/junit/4.13.1/junit-4.13.1.jar:/home/user/.m2/repository/org/hamcrest/hamcrest-core/1.3/hamcrest-core-1.3.jar:/home/user/.m2/repository/org/junit/jupiter/junit-jupiter-api/5.7.0/junit-jupiter-api-5.7.0.jar:/home/user/.m2/repository/org/apiguardian/apiguardian-api/1.1.0/apiguardian-api-1.1.0.jar:/home/user/.m2/repository/org/opentest4j/opentest4j/1.2.0/opentest4j-1.2.0.jar:/home/user/.m2/repository/org/junit/platform/junit-platform-commons/1.7.0/junit-platform-commons-1.7.0.jar:/home/user/.m2/repository/org/junit/jupiter/junit-jupiter-engine/5.7.0/junit-jupiter-engine-5.7.0.jar:/home/user/.m2/repository/org/junit/platform/junit-platform-engine/1.7.0/junit-platform-engine-1.7.0.jar:/home/user/.m2/repository/org/junit/vintage/junit-vintage-engine/5.7.0/junit-vintage-engine-5.7.0.jar:/home/user/.m2/repository/org/junit/platform/junit-platform-launcher/1.7.0/junit-platform-launcher-1.7.0.jar:/home/user/.m2/repository/org/openjdk/jmh/jmh-core/1.19/jmh-core-1.19.jar:/home/user/.m2/repository/net/sf/jopt-simple/jopt-simple/4.6/jopt-simple-4.6.jar:/home/user/.m2/repository/org/apache/commons/commons-math3/3.1.1/commons-math3-3.1.1.jar:/home/user/.m2/repository/org/openjdk/jmh/jmh-generator-annprocess/1.19/jmh-generator-annprocess-1.19.jar:/home/user/.m2/repository/org/mockito/mockito-all/1.8.5/mockito-all-1.8.5.jar:/home/user/.m2/repository/org/apache/hadoop/hadoop-kms/3.2.2/hadoop-kms-3.2.2.jar:/home/user/.m2/repository/org/apache/hadoop/hadoop-auth/3.2.2/hadoop-auth-3.2.2.jar:/home/user/.m2/repository/com/nimbusds/nimbus-jose-jwt/7.9/nimbus-jose-jwt-7.9.jar:/home/user/.m2/repository/com/github/stephenc/jcip/jcip-annotations/1.0-1/jcip-annotations-1.0-1.jar:/home/user/.m2/repository/net/minidev/json-smart/2.3/json-smart-2.3.jar:/home/user/.m2/repository/net/minidev/accessors-smart/1.2/accessors-smart-1.2.jar:/home/user/.m2/repository/org/ow2/asm/asm/5.0.4/asm-5.0.4.jar:/home/user/.m2/repository/org/apache/zookeeper/zookeeper/3.4.13/zookeeper-3.4.13.jar:/home/user/.m2/repository/org/apache/yetus/audience-annotations/0.5.0/audience-annotations-0.5.0.jar:/home/user/.m2/repository/org/apache/curator/curator-framework/2.13.0/curator-framework-2.13.0.jar:/home/user/.m2/repository/com/sun/jersey/jersey-core/1.19/jersey-core-1.19.jar:/home/user/.m2/repository/javax/ws/rs/jsr311-api/1.1.1/jsr311-api-1.1.1.jar:/home/user/.m2/repository/com/sun/jersey/jersey-server/1.19/jersey-server-1.19.jar:/home/user/.m2/repository/javax/servlet/javax.servlet-api/3.1.0/javax.servlet-api-3.1.0.jar:/home/user/.m2/repository/org/eclipse/jetty/jetty-server/9.4.35.v20201120/jetty-server-9.4.35.v20201120.jar:/home/user/.m2/repository/org/eclipse/jetty/jetty-http/9.4.35.v20201120/jetty-http-9.4.35.v20201120.jar:/home/user/.m2/repository/org/eclipse/jetty/jetty-io/9.4.35.v20201120/jetty-io-9.4.35.v20201120.jar:/home/user/.m2/repository/org/eclipse/jetty/jetty-webapp/9.4.35.v20201120/jetty-webapp-9.4.35.v20201120.jar:/home/user/.m2/repository/org/eclipse/jetty/jetty-xml/9.4.35.v20201120/jetty-xml-9.4.35.v20201120.jar:/home/user/.m2/repository/org/apache/hadoop/hadoop-common/3.2.2/hadoop-common-3.2.2.jar:/home/user/.m2/repository/commons-net/commons-net/3.6/commons-net-3.6.jar:/home/user/.m2/repository/javax/activation/javax.activation-api/1.2.0/javax.activation-api-1.2.0.jar:/home/user/.m2/repository/com/sun/jersey/jersey-servlet/1.19/jersey-servlet-1.19.jar:/home/user/.m2/repository/com/sun/jersey/jersey-json/1.19/jersey-json-1.19.jar:/home/user/.m2/repository/org/codehaus/jettison/jettison/1.1/jettison-1.1.jar:/home/user/.m2/repository/com/sun/xml/bind/jaxb-impl/2.2.3-1/jaxb-impl-2.2.3-1.jar:/home/user/.m2/repository/org/codehaus/jackson/jackson-jaxrs/1.9.2/jackson-jaxrs-1.9.2.jar:/home/user/.m2/repository/org/codehaus/jackson/jackson-xc/1.9.2/jackson-xc-1.9.2.jar:/home/user/.m2/repository/org/apache/commons/commons-configuration2/2.1.1/commons-configuration2-2.1.1.jar:/home/user/.m2/repository/org/apache/commons/commons-text/1.4/commons-text-1.4.jar:/home/user/.m2/repository/com/google/re2j/re2j/1.1/re2j-1.1.jar:/home/user/.m2/repository/com/jcraft/jsch/0.1.54/jsch-0.1.54.jar:/home/user/.m2/repository/org/apache/curator/curator-client/2.13.0/curator-client-2.13.0.jar:/home/user/.m2/repository/org/apache/curator/curator-recipes/2.13.0/curator-recipes-2.13.0.jar:/home/user/.m2/repository/dnsjava/dnsjava/2.1.7/dnsjava-2.1.7.jar:/home/user/.m2/repository/org/slf4j/jul-to-slf4j/1.7.30/jul-to-slf4j-1.7.30.jar:/home/user/.m2/repository/org/eclipse/jetty/jetty-util/9.4.35.v20201120/jetty-util-9.4.35.v20201120.jar:/home/user/.m2/repository/com/fasterxml/jackson/core/jackson-databind/2.12.1/jackson-databind-2.12.1.jar:/home/user/.m2/repository/org/apache/hadoop/hadoop-kms/3.2.2/hadoop-kms-3.2.2-tests.jar:/home/user/.m2/repository/org/apache/hadoop/hadoop-hdds-server-scm/1.2.0-SNAPSHOT/hadoop-hdds-server-scm-1.2.0-SNAPSHOT-tests.jar:/home/user/.m2/repository/org/apache/hadoop/hadoop-hdds-container-service/1.2.0-SNAPSHOT/hadoop-hdds-container-service-1.2.0-SNAPSHOT-tests.jar:/home/user/.m2/repository/commons-codec/commons-codec/1.11/commons-codec-1.11.jar:/home/user/.m2/repository/org/apache/hadoop/hadoop-hdds-hadoop-dependency-test/1.2.0-SNAPSHOT/hadoop-hdds-hadoop-dependency-test-1.2.0-SNAPSHOT.jar:/home/user/.m2/repository/org/apache/hadoop/hadoop-common/3.2.2/hadoop-common-3.2.2-tests.jar:/home/user/.m2/repository/org/apache/hadoop/hadoop-hdfs/3.2.2/hadoop-hdfs-3.2.2-tests.jar:/home/user/.m2/repository/org/eclipse/jetty/jetty-util-ajax/9.4.35.v20201120/jetty-util-ajax-9.4.35.v20201120.jar:/home/user/.m2/repository/commons-daemon/commons-daemon/1.0.13/commons-daemon-1.0.13.jar:/home/user/.m2/repository/io/netty/netty/3.10.6.Final/netty-3.10.6.Final.jar:/home/user/.m2/repository/io/netty/netty-all/4.1.63.Final/netty-all-4.1.63.Final.jar:/home/user/.m2/repository/org/apache/htrace/htrace-core4/4.1.0-incubating/htrace-core4-4.1.0-incubating.jar:/home/user/.m2/repository/org/apache/hadoop/hadoop-distcp/3.2.2/hadoop-distcp-3.2.2.jar:/home/user/.m2/repository/org/apache/hadoop/hadoop-mapreduce-client-jobclient/3.2.2/hadoop-mapreduce-client-jobclient-3.2.2.jar:/home/user/.m2/repository/org/apache/hadoop/hadoop-mapreduce-client-common/3.2.2/hadoop-mapreduce-client-common-3.2.2.jar:/home/user/.m2/repository/org/apache/hadoop/hadoop-yarn-common/3.2.2/hadoop-yarn-common-3.2.2.jar:/home/user/.m2/repository/org/apache/hadoop/hadoop-yarn-api/3.2.2/hadoop-yarn-api-3.2.2.jar:/home/user/.m2/repository/com/sun/jersey/jersey-client/1.19/jersey-client-1.19.jar:/home/user/.m2/repository/com/sun/jersey/contribs/jersey-guice/1.19/jersey-guice-1.19.jar:/home/user/.m2/repository/com/fasterxml/jackson/jaxrs/jackson-jaxrs-json-provider/2.12.1/jackson-jaxrs-json-provider-2.12.1.jar:/home/user/.m2/repository/com/fasterxml/jackson/jaxrs/jackson-jaxrs-base/2.12.1/jackson-jaxrs-base-2.12.1.jar:/home/user/.m2/repository/org/apache/hadoop/hadoop-yarn-client/3.2.2/hadoop-yarn-client-3.2.2.jar:/home/user/.m2/repository/org/apache/hadoop/hadoop-mapreduce-client-core/3.2.2/hadoop-mapreduce-client-core-3.2.2.jar:/home/user/.m2/repository/org/apache/avro/avro/1.7.7/avro-1.7.7.jar:/home/user/.m2/repository/org/codehaus/jackson/jackson-core-asl/1.9.13/jackson-core-asl-1.9.13.jar:/home/user/.m2/repository/org/codehaus/jackson/jackson-mapper-asl/1.9.13/jackson-mapper-asl-1.9.13.jar:/home/user/.m2/repository/com/thoughtworks/paranamer/paranamer/2.3/paranamer-2.3.jar:/home/user/.m2/repository/org/xerial/snappy/snappy-java/1.0.5/snappy-java-1.0.5.jar:/home/user/.m2/repository/org/apache/hadoop/hadoop-annotations/3.2.2/hadoop-annotations-3.2.2.jar:/usr/lib/jvm/java-1.8.0-openjdk-1.8.0.232.b09-0.el7_7.x86_64/jre/../lib/tools.jar:/home/user/.m2/repository/org/apache/hadoop/hadoop-distcp/3.2.2/hadoop-distcp-3.2.2-tests.jar:"/>
    <property name="sun.cpu.endian" value="little"/>
    <property name="user.home" value="/home/user"/>
    <property name="user.language" value="en"/>
    <property name="java.specification.vendor" value="Oracle Corporation"/>
    <property name="java.home" value="/usr/lib/jvm/java-1.8.0-openjdk-1.8.0.232.b09-0.el7_7.x86_64/jre"/>
    <property name="java.security.krb5.conf" value="/github/workspace/mnt/ozone/hadoop-ozone/integration-test/target/test-classes/krb5.conf"/>
    <property name="basedir" value="/github/workspace/mnt/ozone/hadoop-ozone/integration-test"/>
    <property name="file.separator" value="/"/>
    <property name="line.separator" value="&#10;"/>
    <property name="java.vm.specification.vendor" value="Oracle Corporation"/>
    <property name="java.specification.name" value="Java Platform API Specification"/>
    <property name="java.awt.graphicsenv" value="sun.awt.X11GraphicsEnvironment"/>
    <property name="skip.installnpx" value="true"/>
    <property name="surefire.real.class.path" value="/github/workspace/mnt/ozone/hadoop-ozone/integration-test/target/surefire/surefirebooter2511900652813970631.jar:/home/user/.m2/repository/org/jacoco/org.jacoco.agent/0.8.5/org.jacoco.agent-0.8.5-runtime.jar"/>
    <property name="hadoop.log.dir" value="/github/workspace/mnt/ozone/hadoop-ozone/integration-test/target/log"/>
    <property name="sun.boot.class.path" value="/usr/lib/jvm/java-1.8.0-openjdk-1.8.0.232.b09-0.el7_7.x86_64/jre/lib/resources.jar:/usr/lib/jvm/java-1.8.0-openjdk-1.8.0.232.b09-0.el7_7.x86_64/jre/lib/rt.jar:/usr/lib/jvm/java-1.8.0-openjdk-1.8.0.232.b09-0.el7_7.x86_64/jre/lib/sunrsasign.jar:/usr/lib/jvm/java-1.8.0-openjdk-1.8.0.232.b09-0.el7_7.x86_64/jre/lib/jsse.jar:/usr/lib/jvm/java-1.8.0-openjdk-1.8.0.232.b09-0.el7_7.x86_64/jre/lib/jce.jar:/usr/lib/jvm/java-1.8.0-openjdk-1.8.0.232.b09-0.el7_7.x86_64/jre/lib/charsets.jar:/usr/lib/jvm/java-1.8.0-openjdk-1.8.0.232.b09-0.el7_7.x86_64/jre/lib/jfr.jar:/usr/lib/jvm/java-1.8.0-openjdk-1.8.0.232.b09-0.el7_7.x86_64/jre/classes"/>
    <property name="sun.management.compiler" value="HotSpot 64-Bit Tiered Compilers"/>
    <property name="skip.npx" value="true"/>
    <property name="java.runtime.version" value="1.8.0_232-b09"/>
    <property name="java.net.preferIPv4Stack" value="true"/>
    <property name="user.name" value="jenkins1001"/>
    <property name="path.separator" value=":"/>
    <property name="java.security.egd" value="file:///dev/urandom"/>
    <property name="os.version" value="5.4.0-1047-azure"/>
    <property name="java.endorsed.dirs" value="/usr/lib/jvm/java-1.8.0-openjdk-1.8.0.232.b09-0.el7_7.x86_64/jre/lib/endorsed"/>
    <property name="java.runtime.name" value="OpenJDK Runtime Environment"/>
    <property name="file.encoding" value="ANSI_X3.4-1968"/>
    <property name="java.vm.name" value="OpenJDK 64-Bit Server VM"/>
    <property name="test.build.webapps" value=""/>
    <property name="localRepository" value="/home/user/.m2/repository"/>
    <property name="java.vendor.url.bug" value="http://bugreport.sun.com/bugreport/"/>
    <property name="java.io.tmpdir" value="/tmp"/>
    <property name="require.test.libhadoop" value=""/>
    <property name="java.version" value="1.8.0_232"/>
    <property name="user.dir" value="/github/workspace/mnt/ozone/hadoop-ozone/integration-test"/>
    <property name="os.arch" value="amd64"/>
    <property name="java.vm.specification.name" value="Java Virtual Machine Specification"/>
    <property name="test.build.classes" value="/github/workspace/mnt/ozone/hadoop-ozone/integration-test/target/test-classes"/>
    <property name="java.awt.printerjob" value="sun.print.PSPrinterJob"/>
    <property name="sun.os.patch.level" value="unknown"/>
    <property name="hadoop.tmp.dir" value="/github/workspace/mnt/ozone/hadoop-ozone/integration-test/target/tmp"/>
    <property name="java.library.path" value="/usr/lib:/usr/java/packages/lib/amd64:/usr/lib64:/lib64:/lib:/usr/lib"/>
    <property name="java.vm.info" value="mixed mode"/>
    <property name="java.vendor" value="Oracle Corporation"/>
    <property name="java.vm.version" value="25.232-b09"/>
    <property name="java.ext.dirs" value="/usr/lib/jvm/java-1.8.0-openjdk-1.8.0.232.b09-0.el7_7.x86_64/jre/lib/ext:/usr/java/packages/lib/ext"/>
    <property name="sun.io.unicode.encoding" value="UnicodeLittle"/>
    <property name="java.class.version" value="52.0"/>
  </properties>
  <testcase name="testPrimordialSCM" classname="org.apache.hadoop.ozone.scm.TestStorageContainerManagerHA" time="48.144"/>
  <testcase name="testBootStrapSCM" classname="org.apache.hadoop.ozone.scm.TestStorageContainerManagerHA" time="37.482"/>
  <testcase name="testAllSCMAreRunning" classname="org.apache.hadoop.ozone.scm.TestStorageContainerManagerHA" time="13.362">
    <error message="Failed init RocksDB, db path : /github/workspace/mnt/ozone/hadoop-ozone/integration-test/target/test-dir/MiniOzoneClusterImpl-ae7c3056-0ef0-4eb0-8011-d4e31cef5b5a/omNode-1/om.db, exception :org.rocksdb.RocksDBException lock hold by current process, acquire time 1620989298 acquiring thread 140668540716800: /github/workspace/mnt/ozone/hadoop-ozone/integration-test/target/test-dir/MiniOzoneClusterImpl-ae7c3056-0ef0-4eb0-8011-d4e31cef5b5a/omNode-1/om.db/LOCK: No locks available; status : IOError; message : lock hold by current process, acquire time 1620989298 acquiring thread 140668540716800: /github/workspace/mnt/ozone/hadoop-ozone/integration-test/target/test-dir/MiniOzoneClusterImpl-ae7c3056-0ef0-4eb0-8011-d4e31cef5b5a/omNode-1/om.db/LOCK: No locks available" type="java.io.IOException"><![CDATA[java.io.IOException: Failed init RocksDB, db path : /github/workspace/mnt/ozone/hadoop-ozone/integration-test/target/test-dir/MiniOzoneClusterImpl-ae7c3056-0ef0-4eb0-8011-d4e31cef5b5a/omNode-1/om.db, exception :org.rocksdb.RocksDBException lock hold by current process, acquire time 1620989298 acquiring thread 140668540716800: /github/workspace/mnt/ozone/hadoop-ozone/integration-test/target/test-dir/MiniOzoneClusterImpl-ae7c3056-0ef0-4eb0-8011-d4e31cef5b5a/omNode-1/om.db/LOCK: No locks available; status : IOError; message : lock hold by current process, acquire time 1620989298 acquiring thread 140668540716800: /github/workspace/mnt/ozone/hadoop-ozone/integration-test/target/test-dir/MiniOzoneClusterImpl-ae7c3056-0ef0-4eb0-8011-d4e31cef5b5a/omNode-1/om.db/LOCK: No locks available
	at org.apache.hadoop.hdds.utils.HddsServerUtil.toIOException(HddsServerUtil.java:545)
	at org.apache.hadoop.hdds.utils.db.RDBStore.<init>(RDBStore.java:163)
	at org.apache.hadoop.hdds.utils.db.DBStoreBuilder.build(DBStoreBuilder.java:191)
	at org.apache.hadoop.ozone.om.OmMetadataManagerImpl.loadDB(OmMetadataManagerImpl.java:322)
	at org.apache.hadoop.ozone.om.OmMetadataManagerImpl.loadDB(OmMetadataManagerImpl.java:312)
	at org.apache.hadoop.ozone.om.OmMetadataManagerImpl.start(OmMetadataManagerImpl.java:304)
	at org.apache.hadoop.ozone.om.OmMetadataManagerImpl.<init>(OmMetadataManagerImpl.java:193)
	at org.apache.hadoop.ozone.om.OzoneManager.instantiateServices(OzoneManager.java:528)
	at org.apache.hadoop.ozone.om.OzoneManager.<init>(OzoneManager.java:444)
	at org.apache.hadoop.ozone.om.OzoneManager.createOm(OzoneManager.java:894)
	at org.apache.hadoop.ozone.MiniOzoneHAClusterImpl$Builder.createOMService(MiniOzoneHAClusterImpl.java:452)
	at org.apache.hadoop.ozone.MiniOzoneHAClusterImpl$Builder.build(MiniOzoneHAClusterImpl.java:367)
	at org.apache.hadoop.ozone.scm.TestStorageContainerManagerHA.init(TestStorageContainerManagerHA.java:101)
	at sun.reflect.NativeMethodAccessorImpl.invoke0(Native Method)
	at sun.reflect.NativeMethodAccessorImpl.invoke(NativeMethodAccessorImpl.java:62)
	at sun.reflect.DelegatingMethodAccessorImpl.invoke(DelegatingMethodAccessorImpl.java:43)
	at java.lang.reflect.Method.invoke(Method.java:498)
	at org.junit.runners.model.FrameworkMethod$1.runReflectiveCall(FrameworkMethod.java:59)
	at org.junit.internal.runners.model.ReflectiveCallable.run(ReflectiveCallable.java:12)
	at org.junit.runners.model.FrameworkMethod.invokeExplosively(FrameworkMethod.java:56)
	at org.junit.internal.runners.statements.RunBefores.invokeMethod(RunBefores.java:33)
	at org.junit.internal.runners.statements.RunBefores.evaluate(RunBefores.java:24)
	at org.junit.internal.runners.statements.RunAfters.evaluate(RunAfters.java:27)
	at org.junit.internal.runners.statements.FailOnTimeout$CallableStatement.call(FailOnTimeout.java:288)
	at org.junit.internal.runners.statements.FailOnTimeout$CallableStatement.call(FailOnTimeout.java:282)
	at java.util.concurrent.FutureTask.run(FutureTask.java:266)
	at java.lang.Thread.run(Thread.java:748)
Caused by: org.rocksdb.RocksDBException: lock hold by current process, acquire time 1620989298 acquiring thread 140668540716800: /github/workspace/mnt/ozone/hadoop-ozone/integration-test/target/test-dir/MiniOzoneClusterImpl-ae7c3056-0ef0-4eb0-8011-d4e31cef5b5a/omNode-1/om.db/LOCK: No locks available
	at org.rocksdb.RocksDB.open(Native Method)
	at org.rocksdb.RocksDB.open(RocksDB.java:306)
	at org.apache.hadoop.hdds.utils.db.RDBStore.<init>(RDBStore.java:118)
	... 25 more
]]></error>
    <system-out><![CDATA[2021-05-14 10:48:04,876 [Time-limited test] WARN  server.ServerUtils (ServerUtils.java:getScmDbDir(148)) - ozone.scm.db.dirs is not configured. We recommend adding this setting. Falling back to ozone.metadata.dirs instead.
2021-05-14 10:48:04,877 [Time-limited test] INFO  ha.SCMHANodeDetails (SCMHANodeDetails.java:loadSCMHAConfig(149)) - ServiceID for StorageContainerManager is scm-service-test1
2021-05-14 10:48:04,877 [Time-limited test] INFO  ha.SCMHANodeDetails (SCMHANodeDetails.java:loadSCMHAConfig(160)) - ServiceID for StorageContainerManager is scm-service-test1
2021-05-14 10:48:04,877 [Time-limited test] INFO  ha.SCMHANodeDetails (SCMHANodeDetails.java:loadSCMHAConfig(239)) - Found matching SCM address with SCMServiceId: scm-service-test1, SCMNodeId: scmNode-1, RPC Address: localhost:12460 and Ratis port: 12460
2021-05-14 10:48:04,877 [Time-limited test] INFO  ha.SCMHANodeDetails (ConfUtils.java:setNodeSpecificConfigs(105)) - Setting configuration key ozone.scm.datanode.address with value of key ozone.scm.datanode.address.scm-service-test1.scmNode-1: 127.0.0.1:12461
2021-05-14 10:48:04,877 [Time-limited test] INFO  ha.SCMHANodeDetails (ConfUtils.java:setNodeSpecificConfigs(105)) - Setting configuration key ozone.scm.block.client.address with value of key ozone.scm.block.client.address.scm-service-test1.scmNode-1: 127.0.0.1:12462
2021-05-14 10:48:04,877 [Time-limited test] INFO  ha.SCMHANodeDetails (ConfUtils.java:setNodeSpecificConfigs(105)) - Setting configuration key ozone.scm.client.address with value of key ozone.scm.client.address.scm-service-test1.scmNode-1: 127.0.0.1:12463
2021-05-14 10:48:04,877 [Time-limited test] INFO  ha.SCMHANodeDetails (ConfUtils.java:setNodeSpecificConfigs(105)) - Setting configuration key ozone.scm.ratis.port with value of key ozone.scm.ratis.port.scm-service-test1.scmNode-1: 12460
2021-05-14 10:48:04,877 [Time-limited test] INFO  ha.SCMHANodeDetails (ConfUtils.java:setNodeSpecificConfigs(105)) - Setting configuration key ozone.scm.grpc.port with value of key ozone.scm.grpc.port.scm-service-test1.scmNode-1: 12464
2021-05-14 10:48:04,877 [Time-limited test] INFO  ha.SCMHANodeDetails (ConfUtils.java:setNodeSpecificConfigs(105)) - Setting configuration key ozone.scm.http-address with value of key ozone.scm.http-address.scm-service-test1.scmNode-1: 127.0.0.1:12458
2021-05-14 10:48:04,877 [Time-limited test] INFO  ha.SCMHANodeDetails (ConfUtils.java:setNodeSpecificConfigs(105)) - Setting configuration key ozone.scm.https-address with value of key ozone.scm.https-address.scm-service-test1.scmNode-1: 127.0.0.1:12459
2021-05-14 10:48:04,877 [Time-limited test] INFO  ha.SCMHANodeDetails (ConfUtils.java:setNodeSpecificConfigs(105)) - Setting configuration key ozone.scm.address with value of key ozone.scm.address.scm-service-test1.scmNode-1: 127.0.0.1
2021-05-14 10:48:04,878 [Time-limited test] INFO  server.RaftServer (ConfUtils.java:logGet(44)) - raft.rpc.type = GRPC (default)
2021-05-14 10:48:04,878 [Time-limited test] INFO  grpc.GrpcFactory (GrpcFactory.java:checkPooledByteBufAllocatorUseCacheForAllThreads(48)) - PERFORMANCE WARNING: useCacheForAllThreads is true that may cause Netty to create a lot garbage objects and, as a result, trigger GC.
	It is recommended to disable useCacheForAllThreads by setting -Dorg.apache.ratis.thirdparty.io.netty.allocator.useCacheForAllThreads=false in command line.
2021-05-14 10:48:04,878 [Time-limited test] INFO  grpc.GrpcConfigKeys (ConfUtils.java:logGet(44)) - raft.grpc.admin.port = -1 (default)
2021-05-14 10:48:04,878 [Time-limited test] INFO  grpc.GrpcConfigKeys (ConfUtils.java:logGet(44)) - raft.grpc.server.port = 12460 (custom)
2021-05-14 10:48:04,878 [Time-limited test] INFO  grpc.GrpcConfigKeys (ConfUtils.java:logGet(44)) - raft.grpc.client.port = -1 (default)
2021-05-14 10:48:04,879 [Time-limited test] INFO  grpc.GrpcConfigKeys (ConfUtils.java:logGet(44)) - raft.grpc.server.port = 12460 (custom)
2021-05-14 10:48:04,879 [Time-limited test] INFO  grpc.GrpcConfigKeys (ConfUtils.java:logGet(44)) - raft.grpc.server.port = 12460 (custom)
2021-05-14 10:48:04,879 [Time-limited test] INFO  server.GrpcService (ConfUtils.java:logGet(44)) - raft.grpc.message.size.max = 32m (=33554432) (custom)
2021-05-14 10:48:04,879 [Time-limited test] INFO  server.RaftServerConfigKeys (ConfUtils.java:logGet(44)) - raft.server.log.appender.buffer.byte-limit = 33554432 (custom)
2021-05-14 10:48:04,879 [Time-limited test] INFO  server.GrpcService (ConfUtils.java:logGet(44)) - raft.grpc.flow.control.window = 1MB (=1048576) (default)
2021-05-14 10:48:04,879 [Time-limited test] INFO  server.RaftServerConfigKeys (ConfUtils.java:logGet(44)) - raft.server.rpc.request.timeout = 3000ms (default)
2021-05-14 10:48:04,880 [Time-limited test] INFO  impl.DataStreamServerImpl (ConfUtils.java:logGet(44)) - raft.datastream.type = DISABLED (default)
2021-05-14 10:48:04,880 [Time-limited test] INFO  server.RaftServerConfigKeys (ConfUtils.java:logGet(44)) - raft.server.rpc.slowness.timeout = 120000ms (custom)
2021-05-14 10:48:04,880 [Time-limited test] INFO  server.RaftServerConfigKeys (ConfUtils.java:logGet(44)) - raft.server.leaderelection.leader.step-down.wait-time = 10s (default)
2021-05-14 10:48:04,880 [Time-limited test] INFO  server.RaftServerConfigKeys (ConfUtils.java:logGet(44)) - raft.server.storage.dir = [/github/workspace/mnt/ozone/hadoop-ozone/integration-test/target/test-dir/MiniOzoneClusterImpl-ae7c3056-0ef0-4eb0-8011-d4e31cef5b5a/scmNode-1/scm-ha] (custom)
2021-05-14 10:48:04,881 [Time-limited test] INFO  server.RaftServer (RaftServerProxy.java:addNew(95)) - 2d21404d-844d-4e33-9226-105b1ab18ff5: addNew group-D4E31CEF5B5A:[2d21404d-844d-4e33-9226-105b1ab18ff5|rpc:localhost:12460|priority:0] returns group-D4E31CEF5B5A:java.util.concurrent.CompletableFuture@38218dca[Not completed]
2021-05-14 10:48:04,881 [pool-327-thread-1] INFO  server.RaftServer$Division (RaftServerImpl.java:<init>(180)) - 2d21404d-844d-4e33-9226-105b1ab18ff5: new RaftServerImpl for group-D4E31CEF5B5A:[2d21404d-844d-4e33-9226-105b1ab18ff5|rpc:localhost:12460|priority:0] with SCMStateMachine:uninitialized
2021-05-14 10:48:04,882 [pool-327-thread-1] INFO  server.RaftServerConfigKeys (ConfUtils.java:logGet(44)) - raft.server.rpc.timeout.min = 5000ms (custom)
2021-05-14 10:48:04,882 [pool-327-thread-1] INFO  server.RaftServerConfigKeys (ConfUtils.java:logGet(44)) - raft.server.rpc.timeout.max = 5200ms (custom)
2021-05-14 10:48:04,882 [pool-327-thread-1] INFO  server.RaftServerConfigKeys (ConfUtils.java:logGet(44)) - raft.server.rpc.sleep.time = 25ms (default)
2021-05-14 10:48:04,882 [pool-327-thread-1] INFO  server.RaftServerConfigKeys (ConfUtils.java:logGet(44)) - raft.server.rpc.slowness.timeout = 120000ms (custom)
2021-05-14 10:48:04,882 [pool-327-thread-1] INFO  server.RaftServerConfigKeys (ConfUtils.java:logGet(44)) - raft.server.leaderelection.leader.step-down.wait-time = 10s (default)
2021-05-14 10:48:04,882 [pool-327-thread-1] INFO  server.RaftServerConfigKeys (ConfUtils.java:logGet(44)) - raft.server.sleep.deviation.threshold = 300ms (default)
2021-05-14 10:48:04,882 [pool-327-thread-1] INFO  server.RaftServerConfigKeys (ConfUtils.java:logGet(44)) - raft.server.log.appender.install.snapshot.enabled = false (custom)
2021-05-14 10:48:04,882 [pool-327-thread-1] INFO  server.RaftServer$Division (ServerState.java:<init>(105)) - 2d21404d-844d-4e33-9226-105b1ab18ff5@group-D4E31CEF5B5A: ConfigurationManager, init=-1: [2d21404d-844d-4e33-9226-105b1ab18ff5|rpc:localhost:12460|priority:0], old=null, confs=<EMPTY_MAP>
2021-05-14 10:48:04,882 [pool-327-thread-1] INFO  server.RaftServerConfigKeys (ConfUtils.java:logGet(44)) - raft.server.storage.dir = [/github/workspace/mnt/ozone/hadoop-ozone/integration-test/target/test-dir/MiniOzoneClusterImpl-ae7c3056-0ef0-4eb0-8011-d4e31cef5b5a/scmNode-1/scm-ha] (custom)
2021-05-14 10:48:04,882 [pool-327-thread-1] INFO  server.RaftServerConfigKeys (ConfUtils.java:logGet(44)) - raft.server.log.corruption.policy = EXCEPTION (default)
2021-05-14 10:48:04,883 [pool-327-thread-1] INFO  storage.RaftStorageDirectory (RaftStorageDirectoryImpl.java:analyzeStorage(132)) - The storage directory /github/workspace/mnt/ozone/hadoop-ozone/integration-test/target/test-dir/MiniOzoneClusterImpl-ae7c3056-0ef0-4eb0-8011-d4e31cef5b5a/scmNode-1/scm-ha/ae7c3056-0ef0-4eb0-8011-d4e31cef5b5a does not exist. Creating ...
2021-05-14 10:48:04,884 [pool-327-thread-1] INFO  storage.RaftStorageDirectory (RaftStorageDirectoryImpl.java:tryLock(215)) - Lock on /github/workspace/mnt/ozone/hadoop-ozone/integration-test/target/test-dir/MiniOzoneClusterImpl-ae7c3056-0ef0-4eb0-8011-d4e31cef5b5a/scmNode-1/scm-ha/ae7c3056-0ef0-4eb0-8011-d4e31cef5b5a/in_use.lock acquired by nodename 30246@4a783e42cd9e
2021-05-14 10:48:04,885 [pool-327-thread-1] INFO  storage.RaftStorage (RaftStorageImpl.java:format(87)) - Storage directory /github/workspace/mnt/ozone/hadoop-ozone/integration-test/target/test-dir/MiniOzoneClusterImpl-ae7c3056-0ef0-4eb0-8011-d4e31cef5b5a/scmNode-1/scm-ha/ae7c3056-0ef0-4eb0-8011-d4e31cef5b5a has been successfully formatted.
2021-05-14 10:48:04,885 [pool-327-thread-1] INFO  server.RaftServerConfigKeys (ConfUtils.java:logGet(44)) - raft.server.notification.no-leader.timeout = 60s (default)
2021-05-14 10:48:04,885 [pool-327-thread-1] INFO  server.RaftServerConfigKeys (ConfUtils.java:logGet(44)) - raft.server.log.use.memory = false (default)
2021-05-14 10:48:04,885 [pool-327-thread-1] INFO  server.RaftServerConfigKeys (ConfUtils.java:logGet(44)) - raft.server.log.purge.gap = 1000000 (custom)
2021-05-14 10:48:04,885 [pool-327-thread-1] INFO  server.RaftServerConfigKeys (ConfUtils.java:logGet(44)) - raft.server.log.appender.buffer.byte-limit = 33554432 (custom)
2021-05-14 10:48:04,885 [pool-327-thread-1] INFO  metrics.RatisMetrics (RatisMetrics.java:lambda$create$0(36)) - Creating Metrics Registry : ratis.log_worker.2d21404d-844d-4e33-9226-105b1ab18ff5@group-D4E31CEF5B5A
2021-05-14 10:48:04,886 [pool-327-thread-1] INFO  server.RaftServerConfigKeys (ConfUtils.java:logGet(44)) - raft.server.log.segment.size.max = 16384 (custom)
2021-05-14 10:48:04,886 [pool-327-thread-1] INFO  server.RaftServerConfigKeys (ConfUtils.java:logGet(44)) - raft.server.log.segment.cache.num.max = 2 (custom)
2021-05-14 10:48:04,886 [pool-327-thread-1] INFO  server.RaftServerConfigKeys (ConfUtils.java:logGet(44)) - raft.server.log.segment.cache.size.max = 200MB (=209715200) (default)
2021-05-14 10:48:04,886 [pool-327-thread-1] INFO  segmented.SegmentedRaftLogWorker (SegmentedRaftLogWorker.java:<init>(182)) - new 2d21404d-844d-4e33-9226-105b1ab18ff5@group-D4E31CEF5B5A-SegmentedRaftLogWorker for RaftStorageImpl:Storage Directory /github/workspace/mnt/ozone/hadoop-ozone/integration-test/target/test-dir/MiniOzoneClusterImpl-ae7c3056-0ef0-4eb0-8011-d4e31cef5b5a/scmNode-1/scm-ha/ae7c3056-0ef0-4eb0-8011-d4e31cef5b5a
2021-05-14 10:48:04,886 [pool-327-thread-1] INFO  server.RaftServerConfigKeys (ConfUtils.java:logGet(44)) - raft.server.log.queue.byte-limit = 64MB (=67108864) (default)
2021-05-14 10:48:04,886 [pool-327-thread-1] INFO  server.RaftServerConfigKeys (ConfUtils.java:logGet(44)) - raft.server.log.queue.element-limit = 4096 (default)
2021-05-14 10:48:04,886 [pool-327-thread-1] INFO  server.RaftServerConfigKeys (ConfUtils.java:logGet(44)) - raft.server.log.segment.size.max = 16384 (custom)
2021-05-14 10:48:04,886 [pool-327-thread-1] INFO  server.RaftServerConfigKeys (ConfUtils.java:logGet(44)) - raft.server.log.preallocated.size = 16384 (custom)
2021-05-14 10:48:04,886 [pool-327-thread-1] INFO  server.RaftServerConfigKeys (ConfUtils.java:logGet(44)) - raft.server.log.force.sync.num = 128 (default)
2021-05-14 10:48:04,886 [pool-327-thread-1] INFO  server.RaftServerConfigKeys (ConfUtils.java:logGet(44)) - raft.server.log.statemachine.data.sync = true (default)
2021-05-14 10:48:04,887 [pool-327-thread-1] INFO  server.RaftServerConfigKeys (ConfUtils.java:logGet(44)) - raft.server.log.statemachine.data.sync.timeout = 10s (default)
2021-05-14 10:48:04,887 [pool-327-thread-1] INFO  server.RaftServerConfigKeys (ConfUtils.java:logGet(44)) - raft.server.log.statemachine.data.sync.timeout.retry = -1 (default)
2021-05-14 10:48:04,887 [pool-327-thread-1] INFO  server.RaftServerConfigKeys (ConfUtils.java:logGet(44)) - raft.server.log.write.buffer.size = 64KB (=65536) (default)
2021-05-14 10:48:04,888 [pool-327-thread-1] INFO  server.RaftServerConfigKeys (ConfUtils.java:logGet(44)) - raft.server.log.statemachine.data.caching.enabled = false (default)
2021-05-14 10:48:04,888 [pool-327-thread-1] INFO  segmented.SegmentedRaftLogWorker (SegmentedRaftLogWorker.java:lambda$new$0(133)) - 2d21404d-844d-4e33-9226-105b1ab18ff5@group-D4E31CEF5B5A-SegmentedRaftLogWorker: flushIndex: setUnconditionally 0 -> -1
2021-05-14 10:48:04,888 [pool-327-thread-1] INFO  segmented.SegmentedRaftLogWorker (SegmentedRaftLogWorker.java:lambda$new$0(133)) - 2d21404d-844d-4e33-9226-105b1ab18ff5@group-D4E31CEF5B5A-SegmentedRaftLogWorker: safeCacheEvictIndex: setUnconditionally 0 -> -1
2021-05-14 10:48:04,888 [pool-327-thread-1] INFO  server.RaftServerConfigKeys (ConfUtils.java:logGet(44)) - raft.server.snapshot.auto.trigger.enabled = true (custom)
2021-05-14 10:48:04,888 [pool-327-thread-1] INFO  server.RaftServerConfigKeys (ConfUtils.java:logGet(44)) - raft.server.snapshot.auto.trigger.threshold = 1000 (custom)
2021-05-14 10:48:04,888 [pool-327-thread-1] INFO  server.RaftServerConfigKeys (ConfUtils.java:logGet(44)) - raft.server.snapshot.retention.file.num = -1 (default)
2021-05-14 10:48:04,888 [pool-327-thread-1] INFO  server.RaftServerConfigKeys (ConfUtils.java:logGet(44)) - raft.server.log.purge.upto.snapshot.index = false (default)
2021-05-14 10:48:04,888 [pool-327-thread-1] INFO  server.RaftServerConfigKeys (ConfUtils.java:logGet(44)) - raft.server.retrycache.expirytime = 60000ms (default)
2021-05-14 10:48:04,888 [pool-327-thread-1] INFO  server.RaftServerConfigKeys (ConfUtils.java:logGet(44)) - raft.server.retrycache.statistics.expirytime = 100?s (default)
2021-05-14 10:48:04,888 [pool-327-thread-1] INFO  metrics.RatisMetrics (RatisMetrics.java:lambda$create$0(36)) - Creating Metrics Registry : ratis.leader_election.2d21404d-844d-4e33-9226-105b1ab18ff5@group-D4E31CEF5B5A
2021-05-14 10:48:04,889 [pool-327-thread-1] INFO  metrics.RatisMetrics (RatisMetrics.java:lambda$create$0(36)) - Creating Metrics Registry : ratis.server.2d21404d-844d-4e33-9226-105b1ab18ff5@group-D4E31CEF5B5A
2021-05-14 10:48:04,890 [Time-limited test] INFO  server.RaftServer$Division (RaftServerImpl.java:start(295)) - 2d21404d-844d-4e33-9226-105b1ab18ff5@group-D4E31CEF5B5A: start as a follower, conf=-1: [2d21404d-844d-4e33-9226-105b1ab18ff5|rpc:localhost:12460|priority:0], old=null
2021-05-14 10:48:04,890 [Time-limited test] INFO  server.RaftServer$Division (RaftServerImpl.java:setRole(284)) - 2d21404d-844d-4e33-9226-105b1ab18ff5@group-D4E31CEF5B5A: changes role from      null to FOLLOWER at term 0 for startAsFollower
2021-05-14 10:48:04,890 [Time-limited test] INFO  impl.RoleInfo (RoleInfo.java:updateAndGet(130)) - 2d21404d-844d-4e33-9226-105b1ab18ff5: start 2d21404d-844d-4e33-9226-105b1ab18ff5@group-D4E31CEF5B5A-FollowerState
2021-05-14 10:48:04,891 [Time-limited test] INFO  util.JmxRegister (JmxRegister.java:tryRegister(44)) - Successfully registered JMX Bean with object name Ratis:service=RaftServer,group=group-D4E31CEF5B5A,id=2d21404d-844d-4e33-9226-105b1ab18ff5
2021-05-14 10:48:04,891 [Time-limited test] INFO  metrics.RatisMetrics (RatisMetrics.java:lambda$create$0(36)) - Creating Metrics Registry : ratis.state_machine.2d21404d-844d-4e33-9226-105b1ab18ff5@group-D4E31CEF5B5A
2021-05-14 10:48:04,891 [Time-limited test] INFO  server.RaftServer (RaftServerProxy.java:lambda$start$5(374)) - 2d21404d-844d-4e33-9226-105b1ab18ff5: start RPC server
2021-05-14 10:48:04,892 [Time-limited test] INFO  server.GrpcService (GrpcService.java:startImpl(253)) - 2d21404d-844d-4e33-9226-105b1ab18ff5: GrpcService started, listening on 12460
2021-05-14 10:48:04,893 [org.apache.ratis.util.JvmPauseMonitor$$Lambda$415/1125547908@35fccd03] INFO  util.JvmPauseMonitor (JvmPauseMonitor.java:run(103)) - JvmPauseMonitor-2d21404d-844d-4e33-9226-105b1ab18ff5: Started
2021-05-14 10:48:05,250 [EndpointStateMachine task thread for /127.0.0.1:14595 - 0 ] INFO  ipc.Client (Client.java:handleConnectionFailure(966)) - Retrying connect to server: localhost/127.0.0.1:14595. Already tried 2 time(s); retry policy is RetryUpToMaximumCountWithFixedSleep(maxRetries=15, sleepTime=1000 MILLISECONDS)
2021-05-14 10:48:05,250 [EndpointStateMachine task thread for /127.0.0.1:14585 - 0 ] INFO  ipc.Client (Client.java:handleConnectionFailure(966)) - Retrying connect to server: localhost/127.0.0.1:14585. Already tried 2 time(s); retry policy is RetryUpToMaximumCountWithFixedSleep(maxRetries=15, sleepTime=1000 MILLISECONDS)
2021-05-14 10:48:05,250 [EndpointStateMachine task thread for /127.0.0.1:14605 - 0 ] INFO  ipc.Client (Client.java:handleConnectionFailure(966)) - Retrying connect to server: localhost/127.0.0.1:14605. Already tried 0 time(s); retry policy is RetryUpToMaximumCountWithFixedSleep(maxRetries=15, sleepTime=1000 MILLISECONDS)
2021-05-14 10:48:05,323 [EndpointStateMachine task thread for /127.0.0.1:12561 - 0 ] INFO  ipc.Client (Client.java:handleConnectionFailure(966)) - Retrying connect to server: localhost/127.0.0.1:12561. Already tried 10 time(s); retry policy is RetryUpToMaximumCountWithFixedSleep(maxRetries=15, sleepTime=1000 MILLISECONDS)
2021-05-14 10:48:05,641 [EndpointStateMachine task thread for /127.0.0.1:12581 - 0 ] INFO  ipc.Client (Client.java:handleConnectionFailure(966)) - Retrying connect to server: localhost/127.0.0.1:12581. Already tried 9 time(s); retry policy is RetryUpToMaximumCountWithFixedSleep(maxRetries=15, sleepTime=1000 MILLISECONDS)
2021-05-14 10:48:05,641 [EndpointStateMachine task thread for /127.0.0.1:12571 - 0 ] INFO  ipc.Client (Client.java:handleConnectionFailure(966)) - Retrying connect to server: localhost/127.0.0.1:12571. Already tried 8 time(s); retry policy is RetryUpToMaximumCountWithFixedSleep(maxRetries=15, sleepTime=1000 MILLISECONDS)
2021-05-14 10:48:06,251 [EndpointStateMachine task thread for /127.0.0.1:14605 - 0 ] INFO  ipc.Client (Client.java:handleConnectionFailure(966)) - Retrying connect to server: localhost/127.0.0.1:14605. Already tried 1 time(s); retry policy is RetryUpToMaximumCountWithFixedSleep(maxRetries=15, sleepTime=1000 MILLISECONDS)
2021-05-14 10:48:06,251 [EndpointStateMachine task thread for /127.0.0.1:14595 - 0 ] INFO  ipc.Client (Client.java:handleConnectionFailure(966)) - Retrying connect to server: localhost/127.0.0.1:14595. Already tried 3 time(s); retry policy is RetryUpToMaximumCountWithFixedSleep(maxRetries=15, sleepTime=1000 MILLISECONDS)
2021-05-14 10:48:06,251 [EndpointStateMachine task thread for /127.0.0.1:14585 - 0 ] INFO  ipc.Client (Client.java:handleConnectionFailure(966)) - Retrying connect to server: localhost/127.0.0.1:14585. Already tried 3 time(s); retry policy is RetryUpToMaximumCountWithFixedSleep(maxRetries=15, sleepTime=1000 MILLISECONDS)
2021-05-14 10:48:06,324 [EndpointStateMachine task thread for /127.0.0.1:12561 - 0 ] INFO  ipc.Client (Client.java:handleConnectionFailure(966)) - Retrying connect to server: localhost/127.0.0.1:12561. Already tried 11 time(s); retry policy is RetryUpToMaximumCountWithFixedSleep(maxRetries=15, sleepTime=1000 MILLISECONDS)
2021-05-14 10:48:06,642 [EndpointStateMachine task thread for /127.0.0.1:12581 - 0 ] INFO  ipc.Client (Client.java:handleConnectionFailure(966)) - Retrying connect to server: localhost/127.0.0.1:12581. Already tried 10 time(s); retry policy is RetryUpToMaximumCountWithFixedSleep(maxRetries=15, sleepTime=1000 MILLISECONDS)
2021-05-14 10:48:06,642 [EndpointStateMachine task thread for /127.0.0.1:12571 - 0 ] INFO  ipc.Client (Client.java:handleConnectionFailure(966)) - Retrying connect to server: localhost/127.0.0.1:12571. Already tried 9 time(s); retry policy is RetryUpToMaximumCountWithFixedSleep(maxRetries=15, sleepTime=1000 MILLISECONDS)
2021-05-14 10:48:07,252 [EndpointStateMachine task thread for /127.0.0.1:14605 - 0 ] INFO  ipc.Client (Client.java:handleConnectionFailure(966)) - Retrying connect to server: localhost/127.0.0.1:14605. Already tried 2 time(s); retry policy is RetryUpToMaximumCountWithFixedSleep(maxRetries=15, sleepTime=1000 MILLISECONDS)
2021-05-14 10:48:07,252 [EndpointStateMachine task thread for /127.0.0.1:14585 - 0 ] INFO  ipc.Client (Client.java:handleConnectionFailure(966)) - Retrying connect to server: localhost/127.0.0.1:14585. Already tried 4 time(s); retry policy is RetryUpToMaximumCountWithFixedSleep(maxRetries=15, sleepTime=1000 MILLISECONDS)
2021-05-14 10:48:07,252 [EndpointStateMachine task thread for /127.0.0.1:14595 - 0 ] INFO  ipc.Client (Client.java:handleConnectionFailure(966)) - Retrying connect to server: localhost/127.0.0.1:14595. Already tried 4 time(s); retry policy is RetryUpToMaximumCountWithFixedSleep(maxRetries=15, sleepTime=1000 MILLISECONDS)
2021-05-14 10:48:07,325 [EndpointStateMachine task thread for /127.0.0.1:12561 - 0 ] INFO  ipc.Client (Client.java:handleConnectionFailure(966)) - Retrying connect to server: localhost/127.0.0.1:12561. Already tried 12 time(s); retry policy is RetryUpToMaximumCountWithFixedSleep(maxRetries=15, sleepTime=1000 MILLISECONDS)
2021-05-14 10:48:07,642 [EndpointStateMachine task thread for /127.0.0.1:12581 - 0 ] INFO  ipc.Client (Client.java:handleConnectionFailure(966)) - Retrying connect to server: localhost/127.0.0.1:12581. Already tried 11 time(s); retry policy is RetryUpToMaximumCountWithFixedSleep(maxRetries=15, sleepTime=1000 MILLISECONDS)
2021-05-14 10:48:07,642 [EndpointStateMachine task thread for /127.0.0.1:12571 - 0 ] INFO  ipc.Client (Client.java:handleConnectionFailure(966)) - Retrying connect to server: localhost/127.0.0.1:12571. Already tried 10 time(s); retry policy is RetryUpToMaximumCountWithFixedSleep(maxRetries=15, sleepTime=1000 MILLISECONDS)
2021-05-14 10:48:08,252 [EndpointStateMachine task thread for /127.0.0.1:14605 - 0 ] INFO  ipc.Client (Client.java:handleConnectionFailure(966)) - Retrying connect to server: localhost/127.0.0.1:14605. Already tried 3 time(s); retry policy is RetryUpToMaximumCountWithFixedSleep(maxRetries=15, sleepTime=1000 MILLISECONDS)
2021-05-14 10:48:08,252 [EndpointStateMachine task thread for /127.0.0.1:14585 - 0 ] INFO  ipc.Client (Client.java:handleConnectionFailure(966)) - Retrying connect to server: localhost/127.0.0.1:14585. Already tried 5 time(s); retry policy is RetryUpToMaximumCountWithFixedSleep(maxRetries=15, sleepTime=1000 MILLISECONDS)
2021-05-14 10:48:08,253 [EndpointStateMachine task thread for /127.0.0.1:14595 - 0 ] INFO  ipc.Client (Client.java:handleConnectionFailure(966)) - Retrying connect to server: localhost/127.0.0.1:14595. Already tried 5 time(s); retry policy is RetryUpToMaximumCountWithFixedSleep(maxRetries=15, sleepTime=1000 MILLISECONDS)
2021-05-14 10:48:08,325 [EndpointStateMachine task thread for /127.0.0.1:12561 - 0 ] INFO  ipc.Client (Client.java:handleConnectionFailure(966)) - Retrying connect to server: localhost/127.0.0.1:12561. Already tried 13 time(s); retry policy is RetryUpToMaximumCountWithFixedSleep(maxRetries=15, sleepTime=1000 MILLISECONDS)
2021-05-14 10:48:08,643 [EndpointStateMachine task thread for /127.0.0.1:12581 - 0 ] INFO  ipc.Client (Client.java:handleConnectionFailure(966)) - Retrying connect to server: localhost/127.0.0.1:12581. Already tried 12 time(s); retry policy is RetryUpToMaximumCountWithFixedSleep(maxRetries=15, sleepTime=1000 MILLISECONDS)
2021-05-14 10:48:08,643 [EndpointStateMachine task thread for /127.0.0.1:12571 - 0 ] INFO  ipc.Client (Client.java:handleConnectionFailure(966)) - Retrying connect to server: localhost/127.0.0.1:12571. Already tried 11 time(s); retry policy is RetryUpToMaximumCountWithFixedSleep(maxRetries=15, sleepTime=1000 MILLISECONDS)
2021-05-14 10:48:09,253 [EndpointStateMachine task thread for /127.0.0.1:14605 - 0 ] INFO  ipc.Client (Client.java:handleConnectionFailure(966)) - Retrying connect to server: localhost/127.0.0.1:14605. Already tried 4 time(s); retry policy is RetryUpToMaximumCountWithFixedSleep(maxRetries=15, sleepTime=1000 MILLISECONDS)
2021-05-14 10:48:09,253 [EndpointStateMachine task thread for /127.0.0.1:14595 - 0 ] INFO  ipc.Client (Client.java:handleConnectionFailure(966)) - Retrying connect to server: localhost/127.0.0.1:14595. Already tried 6 time(s); retry policy is RetryUpToMaximumCountWithFixedSleep(maxRetries=15, sleepTime=1000 MILLISECONDS)
2021-05-14 10:48:09,253 [EndpointStateMachine task thread for /127.0.0.1:14585 - 0 ] INFO  ipc.Client (Client.java:handleConnectionFailure(966)) - Retrying connect to server: localhost/127.0.0.1:14585. Already tried 6 time(s); retry policy is RetryUpToMaximumCountWithFixedSleep(maxRetries=15, sleepTime=1000 MILLISECONDS)
2021-05-14 10:48:09,326 [EndpointStateMachine task thread for /127.0.0.1:12561 - 0 ] INFO  ipc.Client (Client.java:handleConnectionFailure(966)) - Retrying connect to server: localhost/127.0.0.1:12561. Already tried 14 time(s); retry policy is RetryUpToMaximumCountWithFixedSleep(maxRetries=15, sleepTime=1000 MILLISECONDS)
2021-05-14 10:48:09,327 [EndpointStateMachine task thread for /127.0.0.1:12561 - 0 ] WARN  statemachine.EndpointStateMachine (EndpointStateMachine.java:logIfNeeded(236)) - Unable to communicate to SCM server at localhost:12561 for past 0 seconds.
java.net.ConnectException: Call From 4a783e42cd9e/172.17.0.2 to localhost:12561 failed on connection exception: java.net.ConnectException: Connection refused; For more details see:  http://wiki.apache.org/hadoop/ConnectionRefused
	at sun.reflect.NativeConstructorAccessorImpl.newInstance0(Native Method)
	at sun.reflect.NativeConstructorAccessorImpl.newInstance(NativeConstructorAccessorImpl.java:62)
	at sun.reflect.DelegatingConstructorAccessorImpl.newInstance(DelegatingConstructorAccessorImpl.java:45)
	at java.lang.reflect.Constructor.newInstance(Constructor.java:423)
	at org.apache.hadoop.net.NetUtils.wrapWithMessage(NetUtils.java:836)
	at org.apache.hadoop.net.NetUtils.wrapException(NetUtils.java:760)
	at org.apache.hadoop.ipc.Client.getRpcResponse(Client.java:1566)
	at org.apache.hadoop.ipc.Client.call(Client.java:1508)
	at org.apache.hadoop.ipc.Client.call(Client.java:1405)
	at org.apache.hadoop.ipc.ProtobufRpcEngine$Invoker.invoke(ProtobufRpcEngine.java:233)
	at org.apache.hadoop.ipc.ProtobufRpcEngine$Invoker.invoke(ProtobufRpcEngine.java:118)
	at com.sun.proxy.$Proxy45.submitRequest(Unknown Source)
	at org.apache.hadoop.ozone.protocolPB.StorageContainerDatanodeProtocolClientSideTranslatorPB.submitRequest(StorageContainerDatanodeProtocolClientSideTranslatorPB.java:117)
	at org.apache.hadoop.ozone.protocolPB.StorageContainerDatanodeProtocolClientSideTranslatorPB.sendHeartbeat(StorageContainerDatanodeProtocolClientSideTranslatorPB.java:149)
	at org.apache.hadoop.ozone.container.common.states.endpoint.HeartbeatEndpointTask.call(HeartbeatEndpointTask.java:146)
	at org.apache.hadoop.ozone.container.common.states.endpoint.HeartbeatEndpointTask.call(HeartbeatEndpointTask.java:77)
	at java.util.concurrent.FutureTask.run(FutureTask.java:266)
	at java.util.concurrent.ThreadPoolExecutor.runWorker(ThreadPoolExecutor.java:1149)
	at java.util.concurrent.ThreadPoolExecutor$Worker.run(ThreadPoolExecutor.java:624)
	at java.lang.Thread.run(Thread.java:748)
Caused by: java.net.ConnectException: Connection refused
	at sun.nio.ch.SocketChannelImpl.checkConnect(Native Method)
	at sun.nio.ch.SocketChannelImpl.finishConnect(SocketChannelImpl.java:717)
	at org.apache.hadoop.net.SocketIOWithTimeout.connect(SocketIOWithTimeout.java:206)
	at org.apache.hadoop.net.NetUtils.connect(NetUtils.java:534)
	at org.apache.hadoop.ipc.Client$Connection.setupConnection(Client.java:699)
	at org.apache.hadoop.ipc.Client$Connection.setupIOstreams(Client.java:812)
	at org.apache.hadoop.ipc.Client$Connection.access$3800(Client.java:413)
	at org.apache.hadoop.ipc.Client.getConnection(Client.java:1636)
	at org.apache.hadoop.ipc.Client.call(Client.java:1452)
	... 12 more
2021-05-14 10:48:09,644 [EndpointStateMachine task thread for /127.0.0.1:12581 - 0 ] INFO  ipc.Client (Client.java:handleConnectionFailure(966)) - Retrying connect to server: localhost/127.0.0.1:12581. Already tried 13 time(s); retry policy is RetryUpToMaximumCountWithFixedSleep(maxRetries=15, sleepTime=1000 MILLISECONDS)
2021-05-14 10:48:09,644 [EndpointStateMachine task thread for /127.0.0.1:12571 - 0 ] INFO  ipc.Client (Client.java:handleConnectionFailure(966)) - Retrying connect to server: localhost/127.0.0.1:12571. Already tried 12 time(s); retry policy is RetryUpToMaximumCountWithFixedSleep(maxRetries=15, sleepTime=1000 MILLISECONDS)
2021-05-14 10:48:10,033 [2d21404d-844d-4e33-9226-105b1ab18ff5@group-D4E31CEF5B5A-FollowerState] INFO  impl.FollowerState (FollowerState.java:run(134)) - 2d21404d-844d-4e33-9226-105b1ab18ff5@group-D4E31CEF5B5A-FollowerState: change to CANDIDATE, lastRpcElapsedTime:5143025154ns, electionTimeout:5142ms
2021-05-14 10:48:10,033 [2d21404d-844d-4e33-9226-105b1ab18ff5@group-D4E31CEF5B5A-FollowerState] INFO  impl.RoleInfo (RoleInfo.java:shutdownFollowerState(108)) - 2d21404d-844d-4e33-9226-105b1ab18ff5: shutdown 2d21404d-844d-4e33-9226-105b1ab18ff5@group-D4E31CEF5B5A-FollowerState
2021-05-14 10:48:10,033 [2d21404d-844d-4e33-9226-105b1ab18ff5@group-D4E31CEF5B5A-FollowerState] INFO  server.RaftServer$Division (RaftServerImpl.java:setRole(284)) - 2d21404d-844d-4e33-9226-105b1ab18ff5@group-D4E31CEF5B5A: changes role from  FOLLOWER to CANDIDATE at term 0 for changeToCandidate
2021-05-14 10:48:10,033 [2d21404d-844d-4e33-9226-105b1ab18ff5@group-D4E31CEF5B5A-FollowerState] INFO  server.RaftServerConfigKeys (ConfUtils.java:logGet(44)) - raft.server.leaderelection.pre-vote = false (custom)
2021-05-14 10:48:10,033 [2d21404d-844d-4e33-9226-105b1ab18ff5@group-D4E31CEF5B5A-FollowerState] INFO  impl.RoleInfo (RoleInfo.java:updateAndGet(130)) - 2d21404d-844d-4e33-9226-105b1ab18ff5: start 2d21404d-844d-4e33-9226-105b1ab18ff5@group-D4E31CEF5B5A-LeaderElection24
2021-05-14 10:48:10,039 [2d21404d-844d-4e33-9226-105b1ab18ff5@group-D4E31CEF5B5A-LeaderElection24] INFO  impl.LeaderElection (LeaderElection.java:askForVotes(306)) - 2d21404d-844d-4e33-9226-105b1ab18ff5@group-D4E31CEF5B5A-LeaderElection24 ELECTION round 0: submit vote requests at term 1 for -1: [2d21404d-844d-4e33-9226-105b1ab18ff5|rpc:localhost:12460|priority:0], old=null
2021-05-14 10:48:10,039 [2d21404d-844d-4e33-9226-105b1ab18ff5@group-D4E31CEF5B5A-LeaderElection24] INFO  impl.LeaderElection (LeaderElection.java:askForVotes(308)) - 2d21404d-844d-4e33-9226-105b1ab18ff5@group-D4E31CEF5B5A-LeaderElection24 ELECTION round 0: result PASSED (term=1)
2021-05-14 10:48:10,039 [2d21404d-844d-4e33-9226-105b1ab18ff5@group-D4E31CEF5B5A-LeaderElection24] INFO  impl.RoleInfo (RoleInfo.java:shutdownLeaderElection(121)) - 2d21404d-844d-4e33-9226-105b1ab18ff5: shutdown 2d21404d-844d-4e33-9226-105b1ab18ff5@group-D4E31CEF5B5A-LeaderElection24
2021-05-14 10:48:10,039 [2d21404d-844d-4e33-9226-105b1ab18ff5@group-D4E31CEF5B5A-LeaderElection24] INFO  server.RaftServer$Division (RaftServerImpl.java:setRole(284)) - 2d21404d-844d-4e33-9226-105b1ab18ff5@group-D4E31CEF5B5A: changes role from CANDIDATE to LEADER at term 1 for changeToLeader
2021-05-14 10:48:10,039 [2d21404d-844d-4e33-9226-105b1ab18ff5@group-D4E31CEF5B5A-LeaderElection24] INFO  server.RaftServer$Division (ServerState.java:setLeader(271)) - 2d21404d-844d-4e33-9226-105b1ab18ff5@group-D4E31CEF5B5A: change Leader from null to 2d21404d-844d-4e33-9226-105b1ab18ff5 at term 1 for becomeLeader, leader elected after 5154ms
2021-05-14 10:48:10,039 [2d21404d-844d-4e33-9226-105b1ab18ff5@group-D4E31CEF5B5A-LeaderElection24] INFO  server.RaftServerConfigKeys (ConfUtils.java:logGet(44)) - raft.server.staging.catchup.gap = 1000 (default)
2021-05-14 10:48:10,039 [2d21404d-844d-4e33-9226-105b1ab18ff5@group-D4E31CEF5B5A-LeaderElection24] INFO  metrics.RatisMetrics (RatisMetrics.java:lambda$create$0(36)) - Creating Metrics Registry : ratis.log_appender.2d21404d-844d-4e33-9226-105b1ab18ff5@group-D4E31CEF5B5A
2021-05-14 10:48:10,040 [2d21404d-844d-4e33-9226-105b1ab18ff5@group-D4E31CEF5B5A-LeaderElection24] INFO  server.RaftServerConfigKeys (ConfUtils.java:logGet(44)) - raft.server.write.element-limit = 4096 (default)
2021-05-14 10:48:10,040 [2d21404d-844d-4e33-9226-105b1ab18ff5@group-D4E31CEF5B5A-LeaderElection24] INFO  server.RaftServerConfigKeys (ConfUtils.java:logGet(44)) - raft.server.write.byte-limit = 64MB (=67108864) (default)
2021-05-14 10:48:10,040 [2d21404d-844d-4e33-9226-105b1ab18ff5@group-D4E31CEF5B5A-LeaderElection24] INFO  server.RaftServerConfigKeys (ConfUtils.java:logGet(44)) - raft.server.watch.timeout = 10s (default)
2021-05-14 10:48:10,040 [2d21404d-844d-4e33-9226-105b1ab18ff5@group-D4E31CEF5B5A-LeaderElection24] INFO  server.RaftServerConfigKeys (ConfUtils.java:logGet(44)) - raft.server.watch.timeout.denomination = 1s (default)
2021-05-14 10:48:10,040 [2d21404d-844d-4e33-9226-105b1ab18ff5@group-D4E31CEF5B5A-LeaderElection24] INFO  server.RaftServerConfigKeys (ConfUtils.java:logGet(44)) - raft.server.watch.element-limit = 65536 (default)
2021-05-14 10:48:10,040 [2d21404d-844d-4e33-9226-105b1ab18ff5@group-D4E31CEF5B5A-LeaderElection24] INFO  impl.RoleInfo (RoleInfo.java:updateAndGet(130)) - 2d21404d-844d-4e33-9226-105b1ab18ff5: start 2d21404d-844d-4e33-9226-105b1ab18ff5@group-D4E31CEF5B5A-LeaderStateImpl
2021-05-14 10:48:10,040 [2d21404d-844d-4e33-9226-105b1ab18ff5@group-D4E31CEF5B5A-LeaderElection24] INFO  segmented.SegmentedRaftLogWorker (SegmentedRaftLogWorker.java:startLogSegment(394)) - 2d21404d-844d-4e33-9226-105b1ab18ff5@group-D4E31CEF5B5A-SegmentedRaftLogWorker: Starting segment from index:0
2021-05-14 10:48:10,042 [2d21404d-844d-4e33-9226-105b1ab18ff5@group-D4E31CEF5B5A-LeaderElection24] INFO  server.RaftServer$Division (ServerState.java:setRaftConf(373)) - 2d21404d-844d-4e33-9226-105b1ab18ff5@group-D4E31CEF5B5A: set configuration 0: [2d21404d-844d-4e33-9226-105b1ab18ff5|rpc:localhost:12460|admin:|client:|dataStream:|priority:0], old=null
2021-05-14 10:48:10,043 [2d21404d-844d-4e33-9226-105b1ab18ff5@group-D4E31CEF5B5A-SegmentedRaftLogWorker] INFO  segmented.SegmentedRaftLogWorker (SegmentedRaftLogWorker.java:execute(601)) - 2d21404d-844d-4e33-9226-105b1ab18ff5@group-D4E31CEF5B5A-SegmentedRaftLogWorker: created new log segment /github/workspace/mnt/ozone/hadoop-ozone/integration-test/target/test-dir/MiniOzoneClusterImpl-ae7c3056-0ef0-4eb0-8011-d4e31cef5b5a/scmNode-1/scm-ha/ae7c3056-0ef0-4eb0-8011-d4e31cef5b5a/current/log_inprogress_0
2021-05-14 10:48:10,254 [EndpointStateMachine task thread for /127.0.0.1:14605 - 0 ] INFO  ipc.Client (Client.java:handleConnectionFailure(966)) - Retrying connect to server: localhost/127.0.0.1:14605. Already tried 5 time(s); retry policy is RetryUpToMaximumCountWithFixedSleep(maxRetries=15, sleepTime=1000 MILLISECONDS)
2021-05-14 10:48:10,254 [EndpointStateMachine task thread for /127.0.0.1:14585 - 0 ] INFO  ipc.Client (Client.java:handleConnectionFailure(966)) - Retrying connect to server: localhost/127.0.0.1:14585. Already tried 7 time(s); retry policy is RetryUpToMaximumCountWithFixedSleep(maxRetries=15, sleepTime=1000 MILLISECONDS)
2021-05-14 10:48:10,254 [EndpointStateMachine task thread for /127.0.0.1:14595 - 0 ] INFO  ipc.Client (Client.java:handleConnectionFailure(966)) - Retrying connect to server: localhost/127.0.0.1:14595. Already tried 7 time(s); retry policy is RetryUpToMaximumCountWithFixedSleep(maxRetries=15, sleepTime=1000 MILLISECONDS)
2021-05-14 10:48:10,327 [EndpointStateMachine task thread for /127.0.0.1:12561 - 0 ] INFO  ipc.Client (Client.java:handleConnectionFailure(966)) - Retrying connect to server: localhost/127.0.0.1:12561. Already tried 0 time(s); retry policy is RetryUpToMaximumCountWithFixedSleep(maxRetries=15, sleepTime=1000 MILLISECONDS)
2021-05-14 10:48:10,644 [EndpointStateMachine task thread for /127.0.0.1:12581 - 0 ] INFO  ipc.Client (Client.java:handleConnectionFailure(966)) - Retrying connect to server: localhost/127.0.0.1:12581. Already tried 14 time(s); retry policy is RetryUpToMaximumCountWithFixedSleep(maxRetries=15, sleepTime=1000 MILLISECONDS)
2021-05-14 10:48:10,644 [EndpointStateMachine task thread for /127.0.0.1:12571 - 0 ] INFO  ipc.Client (Client.java:handleConnectionFailure(966)) - Retrying connect to server: localhost/127.0.0.1:12571. Already tried 13 time(s); retry policy is RetryUpToMaximumCountWithFixedSleep(maxRetries=15, sleepTime=1000 MILLISECONDS)
2021-05-14 10:48:10,893 [Time-limited test] INFO  server.RaftServer (RaftServerProxy.java:lambda$close$6(391)) - 2d21404d-844d-4e33-9226-105b1ab18ff5: close
2021-05-14 10:48:10,894 [Time-limited test] INFO  server.RaftServer$Division (RaftServerImpl.java:lambda$close$4(406)) - 2d21404d-844d-4e33-9226-105b1ab18ff5@group-D4E31CEF5B5A: shutdown
2021-05-14 10:48:10,894 [Time-limited test] INFO  util.JmxRegister (JmxRegister.java:unregister(73)) - Successfully un-registered JMX Bean with object name Ratis:service=RaftServer,group=group-D4E31CEF5B5A,id=2d21404d-844d-4e33-9226-105b1ab18ff5
2021-05-14 10:48:10,894 [Time-limited test] INFO  impl.RoleInfo (RoleInfo.java:shutdownLeaderState(91)) - 2d21404d-844d-4e33-9226-105b1ab18ff5: shutdown 2d21404d-844d-4e33-9226-105b1ab18ff5@group-D4E31CEF5B5A-LeaderStateImpl
2021-05-14 10:48:10,894 [Time-limited test] INFO  impl.PendingRequests (PendingRequests.java:sendNotLeaderResponses(249)) - 2d21404d-844d-4e33-9226-105b1ab18ff5@group-D4E31CEF5B5A-PendingRequests: sendNotLeaderResponses
2021-05-14 10:48:10,894 [Time-limited test] INFO  metrics.RatisMetrics (RatisMetrics.java:unregister(43)) - Unregistering Metrics Registry : ratis.log_appender.2d21404d-844d-4e33-9226-105b1ab18ff5@group-D4E31CEF5B5A
2021-05-14 10:48:10,894 [Time-limited test] INFO  metrics.RatisMetrics (RatisMetrics.java:unregister(43)) - Unregistering Metrics Registry : ratis.server.2d21404d-844d-4e33-9226-105b1ab18ff5@group-D4E31CEF5B5A
2021-05-14 10:48:10,895 [Time-limited test] INFO  impl.StateMachineUpdater (StateMachineUpdater.java:stopAndJoin(149)) - 2d21404d-844d-4e33-9226-105b1ab18ff5@group-D4E31CEF5B5A-StateMachineUpdater: set stopIndex = 0
2021-05-14 10:48:10,895 [2d21404d-844d-4e33-9226-105b1ab18ff5@group-D4E31CEF5B5A-StateMachineUpdater] INFO  impl.StateMachineUpdater (StateMachineUpdater.java:takeSnapshot(281)) - 2d21404d-844d-4e33-9226-105b1ab18ff5@group-D4E31CEF5B5A-StateMachineUpdater: Took a snapshot at index 0
2021-05-14 10:48:10,895 [2d21404d-844d-4e33-9226-105b1ab18ff5@group-D4E31CEF5B5A-StateMachineUpdater] INFO  impl.StateMachineUpdater (StateMachineUpdater.java:lambda$new$0(89)) - 2d21404d-844d-4e33-9226-105b1ab18ff5@group-D4E31CEF5B5A-StateMachineUpdater: snapshotIndex: updateIncreasingly -1 -> 0
2021-05-14 10:48:10,895 [2d21404d-844d-4e33-9226-105b1ab18ff5@group-D4E31CEF5B5A-StateMachineUpdater] INFO  metrics.RatisMetrics (RatisMetrics.java:unregister(43)) - Unregistering Metrics Registry : ratis.state_machine.2d21404d-844d-4e33-9226-105b1ab18ff5@group-D4E31CEF5B5A
2021-05-14 10:48:10,895 [Time-limited test] INFO  server.RaftServer$Division (ServerState.java:close(405)) - 2d21404d-844d-4e33-9226-105b1ab18ff5@group-D4E31CEF5B5A: closes. applyIndex: 0
2021-05-14 10:48:10,895 [2d21404d-844d-4e33-9226-105b1ab18ff5@group-D4E31CEF5B5A-SegmentedRaftLogWorker] INFO  segmented.SegmentedRaftLogWorker (SegmentedRaftLogWorker.java:run(327)) - 2d21404d-844d-4e33-9226-105b1ab18ff5@group-D4E31CEF5B5A-SegmentedRaftLogWorker was interrupted, exiting. There are 0 tasks remaining in the queue.
2021-05-14 10:48:10,896 [Time-limited test] INFO  segmented.SegmentedRaftLogWorker (SegmentedRaftLogWorker.java:close(237)) - 2d21404d-844d-4e33-9226-105b1ab18ff5@group-D4E31CEF5B5A-SegmentedRaftLogWorker close()
2021-05-14 10:48:10,896 [Time-limited test] INFO  metrics.RatisMetrics (RatisMetrics.java:unregister(43)) - Unregistering Metrics Registry : ratis.log_worker.2d21404d-844d-4e33-9226-105b1ab18ff5@group-D4E31CEF5B5A
2021-05-14 10:48:10,897 [Time-limited test] INFO  metrics.RatisMetrics (RatisMetrics.java:unregister(43)) - Unregistering Metrics Registry : ratis.leader_election.2d21404d-844d-4e33-9226-105b1ab18ff5@group-D4E31CEF5B5A
2021-05-14 10:48:10,897 [Time-limited test] INFO  metrics.RatisMetrics (RatisMetrics.java:unregister(43)) - Unregistering Metrics Registry : ratis.server.2d21404d-844d-4e33-9226-105b1ab18ff5@group-D4E31CEF5B5A
2021-05-14 10:48:10,897 [Time-limited test] INFO  server.GrpcService (GrpcService.java:closeImpl(262)) - 2d21404d-844d-4e33-9226-105b1ab18ff5: shutdown server with port 12460 now
2021-05-14 10:48:10,897 [Time-limited test] INFO  server.GrpcService (GrpcService.java:closeImpl(271)) - 2d21404d-844d-4e33-9226-105b1ab18ff5: shutdown server with port 12460 successfully
2021-05-14 10:48:10,897 [org.apache.ratis.util.JvmPauseMonitor$$Lambda$415/1125547908@35fccd03] INFO  util.JvmPauseMonitor (JvmPauseMonitor.java:run(109)) - JvmPauseMonitor-2d21404d-844d-4e33-9226-105b1ab18ff5: Stopped
2021-05-14 10:48:10,898 [Time-limited test] INFO  server.StorageContainerManager (StorageContainerManager.java:scmInit(962)) - SCM initialization succeeded. Current cluster id for sd=/github/workspace/mnt/ozone/hadoop-ozone/integration-test/target/test-dir/MiniOzoneClusterImpl-ae7c3056-0ef0-4eb0-8011-d4e31cef5b5a/scmNode-1/scm; cid=ae7c3056-0ef0-4eb0-8011-d4e31cef5b5a; layoutVersion=0; scmId=2d21404d-844d-4e33-9226-105b1ab18ff5
2021-05-14 10:48:10,898 [Time-limited test] INFO  ha.SCMHANodeDetails (SCMHANodeDetails.java:loadSCMHAConfig(149)) - ServiceID for StorageContainerManager is scm-service-test1
2021-05-14 10:48:10,899 [Time-limited test] INFO  ha.SCMHANodeDetails (SCMHANodeDetails.java:loadSCMHAConfig(160)) - ServiceID for StorageContainerManager is scm-service-test1
2021-05-14 10:48:10,899 [Time-limited test] INFO  ha.SCMHANodeDetails (SCMHANodeDetails.java:loadSCMHAConfig(239)) - Found matching SCM address with SCMServiceId: scm-service-test1, SCMNodeId: scmNode-1, RPC Address: localhost:12460 and Ratis port: 12460
2021-05-14 10:48:10,899 [Time-limited test] INFO  ha.SCMHANodeDetails (ConfUtils.java:setNodeSpecificConfigs(105)) - Setting configuration key ozone.scm.datanode.address with value of key ozone.scm.datanode.address.scm-service-test1.scmNode-1: 127.0.0.1:12461
2021-05-14 10:48:10,899 [Time-limited test] INFO  ha.SCMHANodeDetails (ConfUtils.java:setNodeSpecificConfigs(105)) - Setting configuration key ozone.scm.block.client.address with value of key ozone.scm.block.client.address.scm-service-test1.scmNode-1: 127.0.0.1:12462
2021-05-14 10:48:10,899 [Time-limited test] INFO  ha.SCMHANodeDetails (ConfUtils.java:setNodeSpecificConfigs(105)) - Setting configuration key ozone.scm.client.address with value of key ozone.scm.client.address.scm-service-test1.scmNode-1: 127.0.0.1:12463
2021-05-14 10:48:10,899 [Time-limited test] INFO  ha.SCMHANodeDetails (ConfUtils.java:setNodeSpecificConfigs(105)) - Setting configuration key ozone.scm.ratis.port with value of key ozone.scm.ratis.port.scm-service-test1.scmNode-1: 12460
2021-05-14 10:48:10,899 [Time-limited test] INFO  ha.SCMHANodeDetails (ConfUtils.java:setNodeSpecificConfigs(105)) - Setting configuration key ozone.scm.grpc.port with value of key ozone.scm.grpc.port.scm-service-test1.scmNode-1: 12464
2021-05-14 10:48:10,899 [Time-limited test] INFO  ha.SCMHANodeDetails (ConfUtils.java:setNodeSpecificConfigs(105)) - Setting configuration key ozone.scm.http-address with value of key ozone.scm.http-address.scm-service-test1.scmNode-1: 127.0.0.1:12458
2021-05-14 10:48:10,899 [Time-limited test] INFO  ha.SCMHANodeDetails (ConfUtils.java:setNodeSpecificConfigs(105)) - Setting configuration key ozone.scm.https-address with value of key ozone.scm.https-address.scm-service-test1.scmNode-1: 127.0.0.1:12459
2021-05-14 10:48:10,899 [Time-limited test] INFO  ha.SCMHANodeDetails (ConfUtils.java:setNodeSpecificConfigs(105)) - Setting configuration key ozone.scm.address with value of key ozone.scm.address.scm-service-test1.scmNode-1: 127.0.0.1
2021-05-14 10:48:10,900 [Time-limited test] WARN  server.ServerUtils (ServerUtils.java:getScmDbDir(148)) - ozone.scm.db.dirs is not configured. We recommend adding this setting. Falling back to ozone.metadata.dirs instead.
2021-05-14 10:48:10,900 [Time-limited test] WARN  utils.HAUtils (HAUtils.java:getMetaDir(338)) - ozone.scm.db.dirs is not configured. We recommend adding this setting. Falling back to ozone.metadata.dirs instead.
2021-05-14 10:48:10,900 [Time-limited test] WARN  db.DBStoreBuilder (DBStoreBuilder.java:applyDBDefinition(145)) - ozone.scm.db.dirs is not configured. We recommend adding this setting. Falling back to ozone.metadata.dirs instead.
2021-05-14 10:48:10,971 [Time-limited test] INFO  net.NodeSchemaLoader (NodeSchemaLoader.java:loadSchemaFromFile(129)) - Loading schema from [jar:file:/home/user/.m2/repository/org/apache/hadoop/hadoop-hdds-common/1.2.0-SNAPSHOT/hadoop-hdds-common-1.2.0-SNAPSHOT.jar!/network-topology-default.xml, jar:file:/home/user/.m2/repository/org/apache/hadoop/hadoop-ozone-ozone-manager/1.2.0-SNAPSHOT/hadoop-ozone-ozone-manager-1.2.0-SNAPSHOT-tests.jar!/network-topology-default.xml, jar:file:/home/user/.m2/repository/org/apache/hadoop/hadoop-hdds-server-scm/1.2.0-SNAPSHOT/hadoop-hdds-server-scm-1.2.0-SNAPSHOT-tests.jar!/network-topology-default.xml]
2021-05-14 10:48:10,971 [Time-limited test] INFO  net.NodeSchemaLoader (NodeSchemaLoader.java:loadSchema(176)) - Loading network topology layer schema file
2021-05-14 10:48:10,973 [Time-limited test] INFO  ha.SCMRatisServerImpl (SCMRatisServerImpl.java:<init>(87)) - starting Raft server for scm:2d21404d-844d-4e33-9226-105b1ab18ff5
2021-05-14 10:48:10,974 [Time-limited test] INFO  server.RaftServer (ConfUtils.java:logGet(44)) - raft.rpc.type = GRPC (default)
2021-05-14 10:48:10,974 [Time-limited test] INFO  grpc.GrpcFactory (GrpcFactory.java:checkPooledByteBufAllocatorUseCacheForAllThreads(48)) - PERFORMANCE WARNING: useCacheForAllThreads is true that may cause Netty to create a lot garbage objects and, as a result, trigger GC.
	It is recommended to disable useCacheForAllThreads by setting -Dorg.apache.ratis.thirdparty.io.netty.allocator.useCacheForAllThreads=false in command line.
2021-05-14 10:48:10,974 [Time-limited test] INFO  grpc.GrpcConfigKeys (ConfUtils.java:logGet(44)) - raft.grpc.admin.port = -1 (default)
2021-05-14 10:48:10,974 [Time-limited test] INFO  grpc.GrpcConfigKeys (ConfUtils.java:logGet(44)) - raft.grpc.server.port = 12460 (custom)
2021-05-14 10:48:10,974 [Time-limited test] INFO  grpc.GrpcConfigKeys (ConfUtils.java:logGet(44)) - raft.grpc.client.port = -1 (default)
2021-05-14 10:48:10,975 [Time-limited test] INFO  grpc.GrpcConfigKeys (ConfUtils.java:logGet(44)) - raft.grpc.server.port = 12460 (custom)
2021-05-14 10:48:10,978 [Time-limited test] INFO  grpc.GrpcConfigKeys (ConfUtils.java:logGet(44)) - raft.grpc.server.port = 12460 (custom)
2021-05-14 10:48:10,978 [Time-limited test] INFO  server.GrpcService (ConfUtils.java:logGet(44)) - raft.grpc.message.size.max = 32m (=33554432) (custom)
2021-05-14 10:48:10,978 [Time-limited test] INFO  server.RaftServerConfigKeys (ConfUtils.java:logGet(44)) - raft.server.log.appender.buffer.byte-limit = 33554432 (custom)
2021-05-14 10:48:10,978 [Time-limited test] INFO  server.GrpcService (ConfUtils.java:logGet(44)) - raft.grpc.flow.control.window = 1MB (=1048576) (default)
2021-05-14 10:48:10,979 [Time-limited test] INFO  server.RaftServerConfigKeys (ConfUtils.java:logGet(44)) - raft.server.rpc.request.timeout = 3000ms (default)
2021-05-14 10:48:10,980 [Time-limited test] INFO  impl.DataStreamServerImpl (ConfUtils.java:logGet(44)) - raft.datastream.type = DISABLED (default)
2021-05-14 10:48:10,980 [Time-limited test] INFO  server.RaftServerConfigKeys (ConfUtils.java:logGet(44)) - raft.server.rpc.slowness.timeout = 120000ms (custom)
2021-05-14 10:48:10,980 [Time-limited test] INFO  server.RaftServerConfigKeys (ConfUtils.java:logGet(44)) - raft.server.leaderelection.leader.step-down.wait-time = 10s (default)
2021-05-14 10:48:10,981 [Time-limited test] INFO  server.RaftServerConfigKeys (ConfUtils.java:logGet(44)) - raft.server.storage.dir = [/github/workspace/mnt/ozone/hadoop-ozone/integration-test/target/test-dir/MiniOzoneClusterImpl-ae7c3056-0ef0-4eb0-8011-d4e31cef5b5a/scmNode-1/scm-ha] (custom)
2021-05-14 10:48:10,981 [Time-limited test] INFO  server.RaftServer (RaftServerProxy.java:lambda$null$1(235)) - 2d21404d-844d-4e33-9226-105b1ab18ff5: found a subdirectory /github/workspace/mnt/ozone/hadoop-ozone/integration-test/target/test-dir/MiniOzoneClusterImpl-ae7c3056-0ef0-4eb0-8011-d4e31cef5b5a/scmNode-1/scm-ha/ae7c3056-0ef0-4eb0-8011-d4e31cef5b5a
2021-05-14 10:48:10,982 [Time-limited test] INFO  server.RaftServer (RaftServerProxy.java:addNew(95)) - 2d21404d-844d-4e33-9226-105b1ab18ff5: addNew group-D4E31CEF5B5A:[] returns group-D4E31CEF5B5A:java.util.concurrent.CompletableFuture@7c4155a2[Not completed]
2021-05-14 10:48:10,982 [pool-340-thread-1] INFO  server.RaftServer$Division (RaftServerImpl.java:<init>(180)) - 2d21404d-844d-4e33-9226-105b1ab18ff5: new RaftServerImpl for group-D4E31CEF5B5A:[] with SCMStateMachine:uninitialized
2021-05-14 10:48:10,983 [pool-340-thread-1] INFO  server.RaftServerConfigKeys (ConfUtils.java:logGet(44)) - raft.server.rpc.timeout.min = 5000ms (custom)
2021-05-14 10:48:10,983 [pool-340-thread-1] INFO  server.RaftServerConfigKeys (ConfUtils.java:logGet(44)) - raft.server.rpc.timeout.max = 5200ms (custom)
2021-05-14 10:48:10,983 [pool-340-thread-1] INFO  server.RaftServerConfigKeys (ConfUtils.java:logGet(44)) - raft.server.rpc.sleep.time = 25ms (default)
2021-05-14 10:48:10,983 [pool-340-thread-1] INFO  server.RaftServerConfigKeys (ConfUtils.java:logGet(44)) - raft.server.rpc.slowness.timeout = 120000ms (custom)
2021-05-14 10:48:10,983 [pool-340-thread-1] INFO  server.RaftServerConfigKeys (ConfUtils.java:logGet(44)) - raft.server.leaderelection.leader.step-down.wait-time = 10s (default)
2021-05-14 10:48:10,983 [pool-340-thread-1] INFO  server.RaftServerConfigKeys (ConfUtils.java:logGet(44)) - raft.server.sleep.deviation.threshold = 300ms (default)
2021-05-14 10:48:10,983 [pool-340-thread-1] INFO  server.RaftServerConfigKeys (ConfUtils.java:logGet(44)) - raft.server.log.appender.install.snapshot.enabled = false (custom)
2021-05-14 10:48:10,983 [pool-340-thread-1] INFO  server.RaftServer$Division (ServerState.java:<init>(105)) - 2d21404d-844d-4e33-9226-105b1ab18ff5@group-D4E31CEF5B5A: ConfigurationManager, init=-1: [], old=null, confs=<EMPTY_MAP>
2021-05-14 10:48:10,983 [pool-340-thread-1] INFO  server.RaftServerConfigKeys (ConfUtils.java:logGet(44)) - raft.server.storage.dir = [/github/workspace/mnt/ozone/hadoop-ozone/integration-test/target/test-dir/MiniOzoneClusterImpl-ae7c3056-0ef0-4eb0-8011-d4e31cef5b5a/scmNode-1/scm-ha] (custom)
2021-05-14 10:48:10,983 [pool-340-thread-1] INFO  server.RaftServerConfigKeys (ConfUtils.java:logGet(44)) - raft.server.log.corruption.policy = EXCEPTION (default)
2021-05-14 10:48:10,985 [pool-340-thread-1] INFO  storage.RaftStorageDirectory (RaftStorageDirectoryImpl.java:tryLock(215)) - Lock on /github/workspace/mnt/ozone/hadoop-ozone/integration-test/target/test-dir/MiniOzoneClusterImpl-ae7c3056-0ef0-4eb0-8011-d4e31cef5b5a/scmNode-1/scm-ha/ae7c3056-0ef0-4eb0-8011-d4e31cef5b5a/in_use.lock acquired by nodename 30246@4a783e42cd9e
2021-05-14 10:48:10,985 [pool-340-thread-1] INFO  storage.RaftStorage (RaftStorageImpl.java:analyzeAndRecoverStorage(108)) - Read RaftStorageMetadata{term=1, votedFor=2d21404d-844d-4e33-9226-105b1ab18ff5} from /github/workspace/mnt/ozone/hadoop-ozone/integration-test/target/test-dir/MiniOzoneClusterImpl-ae7c3056-0ef0-4eb0-8011-d4e31cef5b5a/scmNode-1/scm-ha/ae7c3056-0ef0-4eb0-8011-d4e31cef5b5a/current/raft-meta
2021-05-14 10:48:10,985 [pool-340-thread-1] INFO  server.RaftServer$Division (ServerState.java:setRaftConf(373)) - 2d21404d-844d-4e33-9226-105b1ab18ff5@group-D4E31CEF5B5A: set configuration 0: [2d21404d-844d-4e33-9226-105b1ab18ff5|rpc:localhost:12460|admin:|client:|dataStream:|priority:0], old=null
2021-05-14 10:48:10,985 [pool-340-thread-1] INFO  server.RaftServerConfigKeys (ConfUtils.java:logGet(44)) - raft.server.notification.no-leader.timeout = 60s (default)
2021-05-14 10:48:10,985 [pool-340-thread-1] INFO  server.RaftServerConfigKeys (ConfUtils.java:logGet(44)) - raft.server.log.use.memory = false (default)
2021-05-14 10:48:10,986 [pool-340-thread-1] INFO  server.RaftServerConfigKeys (ConfUtils.java:logGet(44)) - raft.server.log.purge.gap = 1000000 (custom)
2021-05-14 10:48:10,986 [pool-340-thread-1] INFO  server.RaftServerConfigKeys (ConfUtils.java:logGet(44)) - raft.server.log.appender.buffer.byte-limit = 33554432 (custom)
2021-05-14 10:48:10,986 [pool-340-thread-1] INFO  metrics.RatisMetrics (RatisMetrics.java:lambda$create$0(36)) - Creating Metrics Registry : ratis.log_worker.2d21404d-844d-4e33-9226-105b1ab18ff5@group-D4E31CEF5B5A
2021-05-14 10:48:10,986 [pool-340-thread-1] INFO  server.RaftServerConfigKeys (ConfUtils.java:logGet(44)) - raft.server.log.segment.size.max = 16384 (custom)
2021-05-14 10:48:10,986 [pool-340-thread-1] INFO  server.RaftServerConfigKeys (ConfUtils.java:logGet(44)) - raft.server.log.segment.cache.num.max = 2 (custom)
2021-05-14 10:48:10,986 [pool-340-thread-1] INFO  server.RaftServerConfigKeys (ConfUtils.java:logGet(44)) - raft.server.log.segment.cache.size.max = 200MB (=209715200) (default)
2021-05-14 10:48:10,987 [pool-340-thread-1] INFO  segmented.SegmentedRaftLogWorker (SegmentedRaftLogWorker.java:<init>(182)) - new 2d21404d-844d-4e33-9226-105b1ab18ff5@group-D4E31CEF5B5A-SegmentedRaftLogWorker for RaftStorageImpl:Storage Directory /github/workspace/mnt/ozone/hadoop-ozone/integration-test/target/test-dir/MiniOzoneClusterImpl-ae7c3056-0ef0-4eb0-8011-d4e31cef5b5a/scmNode-1/scm-ha/ae7c3056-0ef0-4eb0-8011-d4e31cef5b5a
2021-05-14 10:48:10,987 [pool-340-thread-1] INFO  server.RaftServerConfigKeys (ConfUtils.java:logGet(44)) - raft.server.log.queue.byte-limit = 64MB (=67108864) (default)
2021-05-14 10:48:10,987 [pool-340-thread-1] INFO  server.RaftServerConfigKeys (ConfUtils.java:logGet(44)) - raft.server.log.queue.element-limit = 4096 (default)
2021-05-14 10:48:10,987 [pool-340-thread-1] INFO  server.RaftServerConfigKeys (ConfUtils.java:logGet(44)) - raft.server.log.segment.size.max = 16384 (custom)
2021-05-14 10:48:10,987 [pool-340-thread-1] INFO  server.RaftServerConfigKeys (ConfUtils.java:logGet(44)) - raft.server.log.preallocated.size = 16384 (custom)
2021-05-14 10:48:10,987 [pool-340-thread-1] INFO  server.RaftServerConfigKeys (ConfUtils.java:logGet(44)) - raft.server.log.force.sync.num = 128 (default)
2021-05-14 10:48:10,987 [pool-340-thread-1] INFO  server.RaftServerConfigKeys (ConfUtils.java:logGet(44)) - raft.server.log.statemachine.data.sync = true (default)
2021-05-14 10:48:10,987 [pool-340-thread-1] INFO  server.RaftServerConfigKeys (ConfUtils.java:logGet(44)) - raft.server.log.statemachine.data.sync.timeout = 10s (default)
2021-05-14 10:48:10,987 [pool-340-thread-1] INFO  server.RaftServerConfigKeys (ConfUtils.java:logGet(44)) - raft.server.log.statemachine.data.sync.timeout.retry = -1 (default)
2021-05-14 10:48:10,988 [pool-340-thread-1] INFO  server.RaftServerConfigKeys (ConfUtils.java:logGet(44)) - raft.server.log.write.buffer.size = 64KB (=65536) (default)
2021-05-14 10:48:10,988 [pool-340-thread-1] INFO  server.RaftServerConfigKeys (ConfUtils.java:logGet(44)) - raft.server.log.statemachine.data.caching.enabled = false (default)
2021-05-14 10:48:10,988 [pool-340-thread-1] INFO  server.RaftServer$Division (ServerState.java:setRaftConf(373)) - 2d21404d-844d-4e33-9226-105b1ab18ff5@group-D4E31CEF5B5A: set configuration 0: [2d21404d-844d-4e33-9226-105b1ab18ff5|rpc:localhost:12460|admin:|client:|dataStream:|priority:0], old=null
2021-05-14 10:48:10,989 [pool-340-thread-1] INFO  segmented.LogSegment (LogSegment.java:loadSegment(173)) - Successfully read 1 entries from segment file /github/workspace/mnt/ozone/hadoop-ozone/integration-test/target/test-dir/MiniOzoneClusterImpl-ae7c3056-0ef0-4eb0-8011-d4e31cef5b5a/scmNode-1/scm-ha/ae7c3056-0ef0-4eb0-8011-d4e31cef5b5a/current/log_inprogress_0
2021-05-14 10:48:10,989 [pool-340-thread-1] INFO  segmented.SegmentedRaftLogWorker (SegmentedRaftLogWorker.java:lambda$new$0(133)) - 2d21404d-844d-4e33-9226-105b1ab18ff5@group-D4E31CEF5B5A-SegmentedRaftLogWorker: flushIndex: setUnconditionally 0 -> 0
2021-05-14 10:48:10,989 [pool-340-thread-1] INFO  segmented.SegmentedRaftLogWorker (SegmentedRaftLogWorker.java:lambda$new$0(133)) - 2d21404d-844d-4e33-9226-105b1ab18ff5@group-D4E31CEF5B5A-SegmentedRaftLogWorker: safeCacheEvictIndex: setUnconditionally 0 -> -1
2021-05-14 10:48:10,991 [pool-340-thread-1] INFO  server.RaftServerConfigKeys (ConfUtils.java:logGet(44)) - raft.server.snapshot.auto.trigger.enabled = true (custom)
2021-05-14 10:48:10,991 [pool-340-thread-1] INFO  server.RaftServerConfigKeys (ConfUtils.java:logGet(44)) - raft.server.snapshot.auto.trigger.threshold = 1000 (custom)
2021-05-14 10:48:10,991 [pool-340-thread-1] INFO  server.RaftServerConfigKeys (ConfUtils.java:logGet(44)) - raft.server.snapshot.retention.file.num = -1 (default)
2021-05-14 10:48:10,991 [pool-340-thread-1] INFO  server.RaftServerConfigKeys (ConfUtils.java:logGet(44)) - raft.server.log.purge.upto.snapshot.index = false (default)
2021-05-14 10:48:10,991 [pool-340-thread-1] INFO  server.RaftServerConfigKeys (ConfUtils.java:logGet(44)) - raft.server.retrycache.expirytime = 60000ms (default)
2021-05-14 10:48:10,991 [pool-340-thread-1] INFO  server.RaftServerConfigKeys (ConfUtils.java:logGet(44)) - raft.server.retrycache.statistics.expirytime = 100?s (default)
2021-05-14 10:48:10,992 [pool-340-thread-1] INFO  metrics.RatisMetrics (RatisMetrics.java:lambda$create$0(36)) - Creating Metrics Registry : ratis.leader_election.2d21404d-844d-4e33-9226-105b1ab18ff5@group-D4E31CEF5B5A
2021-05-14 10:48:10,992 [pool-340-thread-1] INFO  metrics.RatisMetrics (RatisMetrics.java:lambda$create$0(36)) - Creating Metrics Registry : ratis.server.2d21404d-844d-4e33-9226-105b1ab18ff5@group-D4E31CEF5B5A
2021-05-14 10:48:10,992 [Time-limited test] INFO  ha.SCMSnapshotProvider (SCMSnapshotProvider.java:<init>(66)) - Initializing SCM Snapshot Provider
2021-05-14 10:48:10,993 [Time-limited test] WARN  server.ServerUtils (ServerUtils.java:getDefaultRatisDirectory(237)) - Storage directory for Ratis is not configured. It is a good idea to map this to an SSD disk. Falling back to ozone.metadata.dirs
2021-05-14 10:48:10,993 [Time-limited test] WARN  ha.SCMHAUtils (SCMHAUtils.java:getSCMRatisSnapshotDirectory(134)) - SCM snapshot dir is not configured. Falling back to ozone.metadata.dirs config
2021-05-14 10:48:10,994 [Time-limited test] INFO  ha.SequenceIdGenerator (SequenceIdGenerator.java:upgradeToSequenceId(300)) - upgrade localId to 107544261427200000
2021-05-14 10:48:10,994 [Time-limited test] INFO  ha.SequenceIdGenerator (SequenceIdGenerator.java:upgradeToSequenceId(310)) - upgrade delTxnId to 0
2021-05-14 10:48:10,994 [Time-limited test] INFO  ha.SequenceIdGenerator (SequenceIdGenerator.java:upgradeToSequenceId(324)) - upgrade containerId to 0
2021-05-14 10:48:10,994 [Time-limited test] INFO  ha.SequenceIdGenerator (SequenceIdGenerator.java:<init>(196)) - Init the HA SequenceIdGenerator.
2021-05-14 10:48:10,995 [Time-limited test] INFO  node.SCMNodeManager (SCMNodeManager.java:<init>(125)) - Entering startup safe mode.
2021-05-14 10:48:10,995 [Time-limited test] INFO  algorithms.ContainerPlacementPolicyFactory (ContainerPlacementPolicyFactory.java:getPolicy(60)) - Create container placement policy of type org.apache.hadoop.hdds.scm.container.placement.algorithms.SCMContainerPlacementRandom
2021-05-14 10:48:10,995 [Time-limited test] INFO  pipeline.PipelineStateManager (PipelineStateManagerV2Impl.java:initialize(78)) - No pipeline exists in current db
2021-05-14 10:48:10,995 [Time-limited test] INFO  algorithms.LeaderChoosePolicyFactory (LeaderChoosePolicyFactory.java:getPolicy(57)) - Create leader choose policy of type org.apache.hadoop.hdds.scm.pipeline.leader.choose.algorithms.MinLeaderCountChoosePolicy
2021-05-14 10:48:10,996 [Time-limited test] INFO  ha.SCMServiceManager (SCMServiceManager.java:register(43)) - Registering service BackgroundPipelineCreator.
2021-05-14 10:48:10,996 [Time-limited test] INFO  pipeline.BackgroundPipelineCreator (BackgroundPipelineCreatorV2.java:start(130)) - Starting RatisPipelineUtilsThread.
2021-05-14 10:48:10,996 [Time-limited test] INFO  algorithms.PipelineChoosePolicyFactory (PipelineChoosePolicyFactory.java:createPipelineChoosePolicyFromClass(73)) - Create pipeline choose policy of type org.apache.hadoop.hdds.scm.pipeline.choose.algorithms.RandomPipelineChoosePolicy
2021-05-14 10:48:10,997 [Time-limited test] INFO  ha.SCMServiceManager (SCMServiceManager.java:register(43)) - Registering service SCMBlockDeletingService.
2021-05-14 10:48:10,997 [Time-limited test] INFO  ha.SCMServiceManager (SCMServiceManager.java:register(43)) - Registering service ReplicationManager.
2021-05-14 10:48:10,997 [Time-limited test] INFO  container.ReplicationManager (ReplicationManager.java:start(226)) - Starting Replication Monitor Thread.
2021-05-14 10:48:10,998 [Time-limited test] INFO  safemode.HealthyPipelineSafeModeRule (HealthyPipelineSafeModeRule.java:<init>(90)) - Total pipeline count is 0, healthy pipeline threshold count is 0
2021-05-14 10:48:10,998 [Time-limited test] INFO  safemode.OneReplicaPipelineSafeModeRule (OneReplicaPipelineSafeModeRule.java:<init>(86)) - Total pipeline count is 0, pipeline's with at least one datanode reported threshold count is 0
2021-05-14 10:48:10,999 [Time-limited test] INFO  ipc.CallQueueManager (CallQueueManager.java:<init>(85)) - Using callQueue: class java.util.concurrent.LinkedBlockingQueue, queueCapacity: 10000, scheduler: class org.apache.hadoop.ipc.DefaultRpcScheduler, ipcBackoff: false.
2021-05-14 10:48:10,999 [ReplicationMonitor] INFO  container.ReplicationManager (ReplicationManager.java:run(290)) - Replication Monitor Thread took 0 milliseconds for processing 0 containers.
2021-05-14 10:48:11,000 [Listener at 0.0.0.0/12461] INFO  ipc.CallQueueManager (CallQueueManager.java:<init>(85)) - Using callQueue: class java.util.concurrent.LinkedBlockingQueue, queueCapacity: 10000, scheduler: class org.apache.hadoop.ipc.DefaultRpcScheduler, ipcBackoff: false.
2021-05-14 10:48:11,000 [Socket Reader #1 for port 12462] INFO  ipc.Server (Server.java:run(1255)) - Starting Socket Reader #1 for port 12462
2021-05-14 10:48:11,000 [Listener at 0.0.0.0/12462] INFO  ipc.CallQueueManager (CallQueueManager.java:<init>(85)) - Using callQueue: class java.util.concurrent.LinkedBlockingQueue, queueCapacity: 10000, scheduler: class org.apache.hadoop.ipc.DefaultRpcScheduler, ipcBackoff: false.
2021-05-14 10:48:11,001 [Socket Reader #1 for port 12463] INFO  ipc.Server (Server.java:run(1255)) - Starting Socket Reader #1 for port 12463
2021-05-14 10:48:11,003 [Listener at 0.0.0.0/12463] INFO  server.StorageContainerManager (StorageContainerManager.java:<init>(416)) - Container Balancer status:
Key                            Value
Running                        false
Container Balancer Configuration values:
Key                            Value
Threshold                      0.100000
Max Datanodes to Balance       5
Max Size to Move               10737418240B

2021-05-14 10:48:11,003 [Listener at 0.0.0.0/12463] WARN  events.EventQueue (EventQueue.java:fireEvent(185)) - No event handler registered for event TypedEvent{payloadType=SafeModeStatus, name='Safe mode status'}
2021-05-14 10:48:11,003 [Listener at 0.0.0.0/12463] INFO  ha.SCMContext (SCMContext.java:updateSafeModeStatus(147)) - Update SafeModeStatus from SafeModeStatus{safeModeStatus=true, preCheckPassed=false} to SafeModeStatus{safeModeStatus=true, preCheckPassed=false}.
2021-05-14 10:48:11,004 [Listener at 0.0.0.0/12463] INFO  server.StorageContainerManager (StorageContainerManager.java:start(1169)) - StorageContainerLocationProtocol RPC server is listening at /0.0.0.0:12463
2021-05-14 10:48:11,004 [Listener at 0.0.0.0/12463] INFO  ha.SCMRatisServerImpl (SCMRatisServerImpl.java:start(167)) - starting ratis server 0.0.0.0:12460
2021-05-14 10:48:11,004 [Listener at 0.0.0.0/12463] INFO  server.RaftServer$Division (RaftServerImpl.java:start(295)) - 2d21404d-844d-4e33-9226-105b1ab18ff5@group-D4E31CEF5B5A: start as a follower, conf=0: [2d21404d-844d-4e33-9226-105b1ab18ff5|rpc:localhost:12460|admin:|client:|dataStream:|priority:0], old=null
2021-05-14 10:48:11,004 [Listener at 0.0.0.0/12463] INFO  server.RaftServer$Division (RaftServerImpl.java:setRole(284)) - 2d21404d-844d-4e33-9226-105b1ab18ff5@group-D4E31CEF5B5A: changes role from      null to FOLLOWER at term 1 for startAsFollower
2021-05-14 10:48:11,004 [Listener at 0.0.0.0/12463] INFO  impl.RoleInfo (RoleInfo.java:updateAndGet(130)) - 2d21404d-844d-4e33-9226-105b1ab18ff5: start 2d21404d-844d-4e33-9226-105b1ab18ff5@group-D4E31CEF5B5A-FollowerState
2021-05-14 10:48:11,004 [Socket Reader #1 for port 12461] INFO  ipc.Server (Server.java:run(1255)) - Starting Socket Reader #1 for port 12461
2021-05-14 10:48:11,004 [Listener at 0.0.0.0/12463] INFO  util.JmxRegister (JmxRegister.java:tryRegister(44)) - Successfully registered JMX Bean with object name Ratis:service=RaftServer,group=group-D4E31CEF5B5A,id=2d21404d-844d-4e33-9226-105b1ab18ff5
2021-05-14 10:48:11,004 [Listener at 0.0.0.0/12463] INFO  metrics.RatisMetrics (RatisMetrics.java:lambda$create$0(36)) - Creating Metrics Registry : ratis.state_machine.2d21404d-844d-4e33-9226-105b1ab18ff5@group-D4E31CEF5B5A
2021-05-14 10:48:11,014 [Listener at 0.0.0.0/12463] INFO  server.RaftServer (RaftServerProxy.java:lambda$start$5(374)) - 2d21404d-844d-4e33-9226-105b1ab18ff5: start RPC server
2021-05-14 10:48:11,014 [Listener at 0.0.0.0/12463] INFO  server.GrpcService (GrpcService.java:startImpl(253)) - 2d21404d-844d-4e33-9226-105b1ab18ff5: GrpcService started, listening on 12460
2021-05-14 10:48:11,014 [Listener at 0.0.0.0/12463] INFO  ha.SCMHAManagerImpl (SCMHAManagerImpl.java:start(120)) -  scm role is FOLLOWER peers [2d21404d-844d-4e33-9226-105b1ab18ff5|rpc:localhost:12460|admin:|client:|dataStream:|priority:0]
2021-05-14 10:48:11,014 [Listener at 0.0.0.0/12463] INFO  ha.InterSCMGrpcService (InterSCMGrpcProtocolService.java:start(94)) - Starting SCM Grpc Service at port 12464
2021-05-14 10:48:11,014 [org.apache.ratis.util.JvmPauseMonitor$$Lambda$415/1125547908@3bd5efd] INFO  util.JvmPauseMonitor (JvmPauseMonitor.java:run(103)) - JvmPauseMonitor-2d21404d-844d-4e33-9226-105b1ab18ff5: Started
2021-05-14 10:48:11,016 [Listener at 0.0.0.0/12463] WARN  impl.MetricsConfig (MetricsConfig.java:loadFirst(136)) - Cannot locate configuration: tried hadoop-metrics2-storagecontainermanager.properties,hadoop-metrics2.properties
2021-05-14 10:48:11,016 [Listener at 0.0.0.0/12463] INFO  impl.MetricsSystemImpl (MetricsSystemImpl.java:startTimer(378)) - Scheduled Metric snapshot period at 10 second(s).
2021-05-14 10:48:11,016 [Listener at 0.0.0.0/12463] INFO  impl.MetricsSystemImpl (MetricsSystemImpl.java:start(191)) - StorageContainerManager metrics system started
2021-05-14 10:48:11,022 [Listener at 0.0.0.0/12463] INFO  impl.MetricsSinkAdapter (MetricsSinkAdapter.java:start(204)) - Sink prometheus started
2021-05-14 10:48:11,022 [Listener at 0.0.0.0/12463] INFO  impl.MetricsSystemImpl (MetricsSystemImpl.java:registerSink(305)) - Registered sink prometheus
2021-05-14 10:48:11,038 [Listener at 0.0.0.0/12463] INFO  server.SCMClientProtocolServer (SCMClientProtocolServer.java:start(163)) - RPC server for Client  is listening at /0.0.0.0:12463
2021-05-14 10:48:11,038 [IPC Server Responder] INFO  ipc.Server (Server.java:run(1497)) - IPC Server Responder: starting
2021-05-14 10:48:11,038 [IPC Server listener on 12463] INFO  ipc.Server (Server.java:run(1334)) - IPC Server listener on 12463: starting
2021-05-14 10:48:11,058 [Listener at 0.0.0.0/12463] INFO  server.StorageContainerManager (StorageContainerManager.java:start(1184)) - ScmBlockLocationProtocol RPC server is listening at /0.0.0.0:12462
2021-05-14 10:48:11,059 [Listener at 0.0.0.0/12463] INFO  server.SCMBlockProtocolServer (SCMBlockProtocolServer.java:start(149)) - RPC server for Block Protocol is listening at /0.0.0.0:12462
2021-05-14 10:48:11,059 [IPC Server Responder] INFO  ipc.Server (Server.java:run(1497)) - IPC Server Responder: starting
2021-05-14 10:48:11,064 [IPC Server listener on 12462] INFO  ipc.Server (Server.java:run(1334)) - IPC Server listener on 12462: starting
2021-05-14 10:48:11,076 [Listener at 0.0.0.0/12463] INFO  server.StorageContainerManager (StorageContainerManager.java:start(1190)) - ScmDatanodeProtocl RPC server is listening at /0.0.0.0:12461
2021-05-14 10:48:11,076 [Listener at 0.0.0.0/12463] INFO  server.SCMDatanodeProtocolServer (SCMDatanodeProtocolServer.java:start(174)) - RPC server for DataNodes is listening at /0.0.0.0:12461
2021-05-14 10:48:11,076 [IPC Server Responder] INFO  ipc.Server (Server.java:run(1497)) - IPC Server Responder: starting
2021-05-14 10:48:11,082 [IPC Server listener on 12461] INFO  ipc.Server (Server.java:run(1334)) - IPC Server listener on 12461: starting
2021-05-14 10:48:11,095 [org.apache.hadoop.util.JvmPauseMonitor$Monitor@4d42ea74] INFO  util.JvmPauseMonitor (JvmPauseMonitor.java:run(188)) - Starting JVM pause monitor
2021-05-14 10:48:11,099 [Listener at 0.0.0.0/12463] INFO  http.BaseHttpServer (BaseHttpServer.java:newHttpServer2BuilderForOzone(207)) - Starting Web-server for scm at: http://0.0.0.0:12458
2021-05-14 10:48:11,099 [Listener at 0.0.0.0/12463] INFO  http.BaseHttpServer (BaseHttpServer.java:<init>(106)) - Hadoop Security Enabled: false Ozone Security Enabled: false Ozone HTTP Security Enabled: false 
2021-05-14 10:48:11,100 [Listener at 0.0.0.0/12463] INFO  server.AuthenticationFilter (AuthenticationFilter.java:constructSecretProvider(240)) - Unable to initialize FileSignerSecretProvider, falling back to use random secrets.
2021-05-14 10:48:11,100 [Listener at 0.0.0.0/12463] WARN  http.HttpRequestLog (HttpRequestLog.java:getRequestLog(103)) - Jetty request log can only be enabled using Log4j
2021-05-14 10:48:11,101 [Listener at 0.0.0.0/12463] INFO  http.HttpServer2 (HttpServer2.java:addGlobalFilter(1020)) - Added global filter 'safety' (class=org.apache.hadoop.hdds.server.http.HttpServer2$QuotingInputFilter)
2021-05-14 10:48:11,101 [Listener at 0.0.0.0/12463] INFO  http.HttpServer2 (HttpServer2.java:addFilter(996)) - Added filter static_user_filter (class=org.apache.hadoop.http.lib.StaticUserWebFilter$StaticUserFilter) to context scm
2021-05-14 10:48:11,101 [Listener at 0.0.0.0/12463] INFO  http.HttpServer2 (HttpServer2.java:addFilter(1004)) - Added filter static_user_filter (class=org.apache.hadoop.http.lib.StaticUserWebFilter$StaticUserFilter) to context static
2021-05-14 10:48:11,102 [Listener at 0.0.0.0/12463] INFO  http.HttpServer2 (HttpServer2.java:addFilter(1004)) - Added filter static_user_filter (class=org.apache.hadoop.http.lib.StaticUserWebFilter$StaticUserFilter) to context logs
2021-05-14 10:48:11,102 [Listener at 0.0.0.0/12463] INFO  http.HttpServer2 (HttpServer2.java:bindListener(1238)) - Jetty bound to port 12458
2021-05-14 10:48:11,102 [Listener at 0.0.0.0/12463] INFO  server.Server (Server.java:doStart(375)) - jetty-9.4.35.v20201120; built: 2020-11-20T21:17:03.964Z; git: bdc54f03a5e0a7e280fab27f55c3c75ee8da89fb; jvm 1.8.0_232-b09
2021-05-14 10:48:11,103 [Listener at 0.0.0.0/12463] INFO  server.session (DefaultSessionIdManager.java:doStart(334)) - DefaultSessionIdManager workerName=node0
2021-05-14 10:48:11,103 [Listener at 0.0.0.0/12463] INFO  server.session (DefaultSessionIdManager.java:doStart(339)) - No SessionScavenger set, using defaults
2021-05-14 10:48:11,104 [Listener at 0.0.0.0/12463] INFO  server.session (HouseKeeper.java:startScavenging(132)) - node0 Scavenging every 600000ms
2021-05-14 10:48:11,105 [Listener at 0.0.0.0/12463] INFO  handler.ContextHandler (ContextHandler.java:doStart(916)) - Started o.e.j.s.ServletContextHandler@25082af{logs,/logs,file:///github/workspace/mnt/ozone/hadoop-ozone/integration-test/target/log,AVAILABLE}
2021-05-14 10:48:11,105 [Listener at 0.0.0.0/12463] INFO  handler.ContextHandler (ContextHandler.java:doStart(916)) - Started o.e.j.s.ServletContextHandler@10a51f29{static,/static,file:///github/workspace/mnt/ozone/hadoop-ozone/integration-test/target/test-classes/webapps/static,AVAILABLE}
2021-05-14 10:48:11,107 [Listener at 0.0.0.0/12463] INFO  handler.ContextHandler (ContextHandler.java:doStart(916)) - Started o.e.j.w.WebAppContext@5d728b4f{scm,/,file:///github/workspace/mnt/ozone/hadoop-ozone/integration-test/target/test-classes/webapps/scm/,AVAILABLE}{file:/github/workspace/mnt/ozone/hadoop-ozone/integration-test/target/test-classes/webapps/scm}
2021-05-14 10:48:11,111 [Listener at 0.0.0.0/12463] INFO  server.AbstractConnector (AbstractConnector.java:doStart(331)) - Started ServerConnector@165d6017{HTTP/1.1, (http/1.1)}{0.0.0.0:12458}
2021-05-14 10:48:11,111 [Listener at 0.0.0.0/12463] INFO  server.Server (Server.java:doStart(415)) - Started @92778ms
2021-05-14 10:48:11,111 [Listener at 0.0.0.0/12463] WARN  impl.MetricsSystemImpl (MetricsSystemImpl.java:register(279)) - Sink prometheus already exists!
2021-05-14 10:48:11,113 [Listener at 0.0.0.0/12463] INFO  http.BaseHttpServer (BaseHttpServer.java:updateConnectorAddress(327)) - HTTP server of scm listening at http://0.0.0.0:12458
2021-05-14 10:48:11,113 [Listener at 0.0.0.0/12463] INFO  ozone.MiniOzoneHAClusterImpl (MiniOzoneHAClusterImpl.java:createSCMService(536)) - Started SCM RPC server at org.apache.hadoop.hdds.scm.server.SCMClientProtocolServer@7a1a9ff0
2021-05-14 10:48:11,113 [Listener at 0.0.0.0/12463] INFO  ha.SCMHANodeDetails (SCMHANodeDetails.java:loadSCMHAConfig(149)) - ServiceID for StorageContainerManager is scm-service-test1
2021-05-14 10:48:11,114 [Listener at 0.0.0.0/12463] INFO  ha.SCMHANodeDetails (SCMHANodeDetails.java:loadSCMHAConfig(160)) - ServiceID for StorageContainerManager is scm-service-test1
2021-05-14 10:48:11,114 [Listener at 0.0.0.0/12463] INFO  ha.SCMHANodeDetails (SCMHANodeDetails.java:loadSCMHAConfig(239)) - Found matching SCM address with SCMServiceId: scm-service-test1, SCMNodeId: scmNode-2, RPC Address: localhost:12470 and Ratis port: 12470
2021-05-14 10:48:11,114 [Listener at 0.0.0.0/12463] INFO  ha.SCMHANodeDetails (ConfUtils.java:setNodeSpecificConfigs(105)) - Setting configuration key ozone.scm.datanode.address with value of key ozone.scm.datanode.address.scm-service-test1.scmNode-2: 127.0.0.1:12471
2021-05-14 10:48:11,114 [Listener at 0.0.0.0/12463] INFO  ha.SCMHANodeDetails (ConfUtils.java:setNodeSpecificConfigs(105)) - Setting configuration key ozone.scm.block.client.address with value of key ozone.scm.block.client.address.scm-service-test1.scmNode-2: 127.0.0.1:12472
2021-05-14 10:48:11,114 [Listener at 0.0.0.0/12463] INFO  ha.SCMHANodeDetails (ConfUtils.java:setNodeSpecificConfigs(105)) - Setting configuration key ozone.scm.client.address with value of key ozone.scm.client.address.scm-service-test1.scmNode-2: 127.0.0.1:12473
2021-05-14 10:48:11,114 [Listener at 0.0.0.0/12463] INFO  ha.SCMHANodeDetails (ConfUtils.java:setNodeSpecificConfigs(105)) - Setting configuration key ozone.scm.ratis.port with value of key ozone.scm.ratis.port.scm-service-test1.scmNode-2: 12470
2021-05-14 10:48:11,114 [Listener at 0.0.0.0/12463] INFO  ha.SCMHANodeDetails (ConfUtils.java:setNodeSpecificConfigs(105)) - Setting configuration key ozone.scm.grpc.port with value of key ozone.scm.grpc.port.scm-service-test1.scmNode-2: 12474
2021-05-14 10:48:11,114 [Listener at 0.0.0.0/12463] INFO  ha.SCMHANodeDetails (ConfUtils.java:setNodeSpecificConfigs(105)) - Setting configuration key ozone.scm.http-address with value of key ozone.scm.http-address.scm-service-test1.scmNode-2: 127.0.0.1:12468
2021-05-14 10:48:11,114 [Listener at 0.0.0.0/12463] INFO  ha.SCMHANodeDetails (ConfUtils.java:setNodeSpecificConfigs(105)) - Setting configuration key ozone.scm.https-address with value of key ozone.scm.https-address.scm-service-test1.scmNode-2: 127.0.0.1:12469
2021-05-14 10:48:11,114 [Listener at 0.0.0.0/12463] INFO  ha.SCMHANodeDetails (ConfUtils.java:setNodeSpecificConfigs(105)) - Setting configuration key ozone.scm.address with value of key ozone.scm.address.scm-service-test1.scmNode-2: 127.0.0.1
2021-05-14 10:48:11,114 [Listener at 0.0.0.0/12463] WARN  server.ServerUtils (ServerUtils.java:getScmDbDir(148)) - ozone.scm.db.dirs is not configured. We recommend adding this setting. Falling back to ozone.metadata.dirs instead.
2021-05-14 10:48:11,115 [Listener at 0.0.0.0/12463] INFO  ha.SCMNodeInfo (SCMNodeInfo.java:getPort(197)) - ConfigKey ozone.scm.client.address is deprecated, For configuring different ports for each SCM use PortConfigKey ozone.scm.client.port appended with serviceId and nodeId
2021-05-14 10:48:11,115 [Listener at 0.0.0.0/12463] INFO  ha.SCMNodeInfo (SCMNodeInfo.java:getPort(197)) - ConfigKey ozone.scm.block.client.address is deprecated, For configuring different ports for each SCM use PortConfigKey ozone.scm.block.client.port appended with serviceId and nodeId
2021-05-14 10:48:11,115 [Listener at 0.0.0.0/12463] INFO  ha.SCMNodeInfo (SCMNodeInfo.java:getPort(197)) - ConfigKey ozone.scm.datanode.address is deprecated, For configuring different ports for each SCM use PortConfigKey ozone.scm.datanode.port appended with serviceId and nodeId
2021-05-14 10:48:11,115 [Listener at 0.0.0.0/12463] INFO  ha.SCMNodeInfo (SCMNodeInfo.java:getPort(197)) - ConfigKey ozone.scm.client.address is deprecated, For configuring different ports for each SCM use PortConfigKey ozone.scm.client.port appended with serviceId and nodeId
2021-05-14 10:48:11,115 [Listener at 0.0.0.0/12463] INFO  ha.SCMNodeInfo (SCMNodeInfo.java:getPort(197)) - ConfigKey ozone.scm.block.client.address is deprecated, For configuring different ports for each SCM use PortConfigKey ozone.scm.block.client.port appended with serviceId and nodeId
2021-05-14 10:48:11,115 [Listener at 0.0.0.0/12463] INFO  ha.SCMNodeInfo (SCMNodeInfo.java:getPort(197)) - ConfigKey ozone.scm.datanode.address is deprecated, For configuring different ports for each SCM use PortConfigKey ozone.scm.datanode.port appended with serviceId and nodeId
2021-05-14 10:48:11,116 [Listener at 0.0.0.0/12463] INFO  ha.SCMNodeInfo (SCMNodeInfo.java:getPort(197)) - ConfigKey ozone.scm.client.address is deprecated, For configuring different ports for each SCM use PortConfigKey ozone.scm.client.port appended with serviceId and nodeId
2021-05-14 10:48:11,116 [Listener at 0.0.0.0/12463] INFO  ha.SCMNodeInfo (SCMNodeInfo.java:getPort(197)) - ConfigKey ozone.scm.block.client.address is deprecated, For configuring different ports for each SCM use PortConfigKey ozone.scm.block.client.port appended with serviceId and nodeId
2021-05-14 10:48:11,116 [Listener at 0.0.0.0/12463] INFO  ha.SCMNodeInfo (SCMNodeInfo.java:getPort(197)) - ConfigKey ozone.scm.datanode.address is deprecated, For configuring different ports for each SCM use PortConfigKey ozone.scm.datanode.port appended with serviceId and nodeId
2021-05-14 10:48:11,119 [IPC Server handler 0 on default port 12462] INFO  ipc.Server (Server.java:logException(3018)) - IPC Server handler 0 on default port 12462, call Call#314 Retry#0 org.apache.hadoop.hdds.scm.protocol.ScmBlockLocationProtocol.send from 127.0.0.1:42116
org.apache.hadoop.hdds.ratis.ServerNotLeaderException: Server:2d21404d-844d-4e33-9226-105b1ab18ff5 is not the leader. Could not determine the leader node.
	at org.apache.hadoop.hdds.ratis.ServerNotLeaderException.convertToNotLeaderException(ServerNotLeaderException.java:109)
	at org.apache.hadoop.hdds.scm.ha.RatisUtil.checkRatisException(RatisUtil.java:191)
	at org.apache.hadoop.hdds.scm.protocol.ScmBlockLocationProtocolServerSideTranslatorPB.send(ScmBlockLocationProtocolServerSideTranslatorPB.java:108)
	at org.apache.hadoop.hdds.protocol.proto.ScmBlockLocationProtocolProtos$ScmBlockLocationProtocolService$2.callBlockingMethod(ScmBlockLocationProtocolProtos.java:13874)
	at org.apache.hadoop.ipc.ProtobufRpcEngine$Server$ProtoBufRpcInvoker.call(ProtobufRpcEngine.java:528)
	at org.apache.hadoop.ipc.RPC$Server.call(RPC.java:1086)
	at org.apache.hadoop.ipc.Server$RpcCall.run(Server.java:1029)
	at org.apache.hadoop.ipc.Server$RpcCall.run(Server.java:957)
	at java.security.AccessController.doPrivileged(Native Method)
	at javax.security.auth.Subject.doAs(Subject.java:422)
	at org.apache.hadoop.security.UserGroupInformation.doAs(UserGroupInformation.java:1762)
	at org.apache.hadoop.ipc.Server$Handler.run(Server.java:2957)
2021-05-14 10:48:11,254 [EndpointStateMachine task thread for /127.0.0.1:14605 - 0 ] INFO  ipc.Client (Client.java:handleConnectionFailure(966)) - Retrying connect to server: localhost/127.0.0.1:14605. Already tried 6 time(s); retry policy is RetryUpToMaximumCountWithFixedSleep(maxRetries=15, sleepTime=1000 MILLISECONDS)
2021-05-14 10:48:11,254 [EndpointStateMachine task thread for /127.0.0.1:14595 - 0 ] INFO  ipc.Client (Client.java:handleConnectionFailure(966)) - Retrying connect to server: localhost/127.0.0.1:14595. Already tried 8 time(s); retry policy is RetryUpToMaximumCountWithFixedSleep(maxRetries=15, sleepTime=1000 MILLISECONDS)
2021-05-14 10:48:11,254 [EndpointStateMachine task thread for /127.0.0.1:14585 - 0 ] INFO  ipc.Client (Client.java:handleConnectionFailure(966)) - Retrying connect to server: localhost/127.0.0.1:14585. Already tried 8 time(s); retry policy is RetryUpToMaximumCountWithFixedSleep(maxRetries=15, sleepTime=1000 MILLISECONDS)
2021-05-14 10:48:11,327 [EndpointStateMachine task thread for /127.0.0.1:12561 - 0 ] INFO  ipc.Client (Client.java:handleConnectionFailure(966)) - Retrying connect to server: localhost/127.0.0.1:12561. Already tried 1 time(s); retry policy is RetryUpToMaximumCountWithFixedSleep(maxRetries=15, sleepTime=1000 MILLISECONDS)
2021-05-14 10:48:11,645 [EndpointStateMachine task thread for /127.0.0.1:12571 - 0 ] INFO  ipc.Client (Client.java:handleConnectionFailure(966)) - Retrying connect to server: localhost/127.0.0.1:12571. Already tried 14 time(s); retry policy is RetryUpToMaximumCountWithFixedSleep(maxRetries=15, sleepTime=1000 MILLISECONDS)
2021-05-14 10:48:11,645 [EndpointStateMachine task thread for /127.0.0.1:12581 - 0 ] INFO  ipc.Client (Client.java:handleConnectionFailure(966)) - Retrying connect to server: localhost/127.0.0.1:12581. Already tried 0 time(s); retry policy is RetryUpToMaximumCountWithFixedSleep(maxRetries=15, sleepTime=1000 MILLISECONDS)
2021-05-14 10:48:12,255 [EndpointStateMachine task thread for /127.0.0.1:14605 - 0 ] INFO  ipc.Client (Client.java:handleConnectionFailure(966)) - Retrying connect to server: localhost/127.0.0.1:14605. Already tried 7 time(s); retry policy is RetryUpToMaximumCountWithFixedSleep(maxRetries=15, sleepTime=1000 MILLISECONDS)
2021-05-14 10:48:12,255 [EndpointStateMachine task thread for /127.0.0.1:14595 - 0 ] INFO  ipc.Client (Client.java:handleConnectionFailure(966)) - Retrying connect to server: localhost/127.0.0.1:14595. Already tried 9 time(s); retry policy is RetryUpToMaximumCountWithFixedSleep(maxRetries=15, sleepTime=1000 MILLISECONDS)
2021-05-14 10:48:12,255 [EndpointStateMachine task thread for /127.0.0.1:14585 - 0 ] INFO  ipc.Client (Client.java:handleConnectionFailure(966)) - Retrying connect to server: localhost/127.0.0.1:14585. Already tried 9 time(s); retry policy is RetryUpToMaximumCountWithFixedSleep(maxRetries=15, sleepTime=1000 MILLISECONDS)
2021-05-14 10:48:12,328 [EndpointStateMachine task thread for /127.0.0.1:12561 - 0 ] INFO  ipc.Client (Client.java:handleConnectionFailure(966)) - Retrying connect to server: localhost/127.0.0.1:12561. Already tried 2 time(s); retry policy is RetryUpToMaximumCountWithFixedSleep(maxRetries=15, sleepTime=1000 MILLISECONDS)
2021-05-14 10:48:12,646 [EndpointStateMachine task thread for /127.0.0.1:12581 - 0 ] INFO  ipc.Client (Client.java:handleConnectionFailure(966)) - Retrying connect to server: localhost/127.0.0.1:12581. Already tried 1 time(s); retry policy is RetryUpToMaximumCountWithFixedSleep(maxRetries=15, sleepTime=1000 MILLISECONDS)
2021-05-14 10:48:12,647 [EndpointStateMachine task thread for /127.0.0.1:12571 - 0 ] INFO  ipc.Client (Client.java:handleConnectionFailure(966)) - Retrying connect to server: localhost/127.0.0.1:12571. Already tried 0 time(s); retry policy is RetryUpToMaximumCountWithFixedSleep(maxRetries=15, sleepTime=1000 MILLISECONDS)
2021-05-14 10:48:13,121 [Listener at 0.0.0.0/12463] INFO  retry.RetryInvocationHandler (RetryInvocationHandler.java:log(411)) - com.google.protobuf.ServiceException: java.net.ConnectException: Call From 4a783e42cd9e/172.17.0.2 to localhost:12472 failed on connection exception: java.net.ConnectException: Connection refused; For more details see:  http://wiki.apache.org/hadoop/ConnectionRefused, while invoking $Proxy37.send over nodeId=scmNode-2,nodeAddress=/127.0.0.1:12472 after 1 failover attempts. Trying to failover after sleeping for 2000ms.
2021-05-14 10:48:13,255 [EndpointStateMachine task thread for /127.0.0.1:14605 - 0 ] INFO  ipc.Client (Client.java:handleConnectionFailure(966)) - Retrying connect to server: localhost/127.0.0.1:14605. Already tried 8 time(s); retry policy is RetryUpToMaximumCountWithFixedSleep(maxRetries=15, sleepTime=1000 MILLISECONDS)
2021-05-14 10:48:13,256 [EndpointStateMachine task thread for /127.0.0.1:14585 - 0 ] INFO  ipc.Client (Client.java:handleConnectionFailure(966)) - Retrying connect to server: localhost/127.0.0.1:14585. Already tried 10 time(s); retry policy is RetryUpToMaximumCountWithFixedSleep(maxRetries=15, sleepTime=1000 MILLISECONDS)
2021-05-14 10:48:13,256 [EndpointStateMachine task thread for /127.0.0.1:14595 - 0 ] INFO  ipc.Client (Client.java:handleConnectionFailure(966)) - Retrying connect to server: localhost/127.0.0.1:14595. Already tried 10 time(s); retry policy is RetryUpToMaximumCountWithFixedSleep(maxRetries=15, sleepTime=1000 MILLISECONDS)
2021-05-14 10:48:13,329 [EndpointStateMachine task thread for /127.0.0.1:12561 - 0 ] INFO  ipc.Client (Client.java:handleConnectionFailure(966)) - Retrying connect to server: localhost/127.0.0.1:12561. Already tried 3 time(s); retry policy is RetryUpToMaximumCountWithFixedSleep(maxRetries=15, sleepTime=1000 MILLISECONDS)
2021-05-14 10:48:13,646 [EndpointStateMachine task thread for /127.0.0.1:12581 - 0 ] INFO  ipc.Client (Client.java:handleConnectionFailure(966)) - Retrying connect to server: localhost/127.0.0.1:12581. Already tried 2 time(s); retry policy is RetryUpToMaximumCountWithFixedSleep(maxRetries=15, sleepTime=1000 MILLISECONDS)
2021-05-14 10:48:13,647 [EndpointStateMachine task thread for /127.0.0.1:12571 - 0 ] INFO  ipc.Client (Client.java:handleConnectionFailure(966)) - Retrying connect to server: localhost/127.0.0.1:12571. Already tried 1 time(s); retry policy is RetryUpToMaximumCountWithFixedSleep(maxRetries=15, sleepTime=1000 MILLISECONDS)
2021-05-14 10:48:14,256 [EndpointStateMachine task thread for /127.0.0.1:14605 - 0 ] INFO  ipc.Client (Client.java:handleConnectionFailure(966)) - Retrying connect to server: localhost/127.0.0.1:14605. Already tried 9 time(s); retry policy is RetryUpToMaximumCountWithFixedSleep(maxRetries=15, sleepTime=1000 MILLISECONDS)
2021-05-14 10:48:14,256 [EndpointStateMachine task thread for /127.0.0.1:14595 - 0 ] INFO  ipc.Client (Client.java:handleConnectionFailure(966)) - Retrying connect to server: localhost/127.0.0.1:14595. Already tried 11 time(s); retry policy is RetryUpToMaximumCountWithFixedSleep(maxRetries=15, sleepTime=1000 MILLISECONDS)
2021-05-14 10:48:14,256 [EndpointStateMachine task thread for /127.0.0.1:14585 - 0 ] INFO  ipc.Client (Client.java:handleConnectionFailure(966)) - Retrying connect to server: localhost/127.0.0.1:14585. Already tried 11 time(s); retry policy is RetryUpToMaximumCountWithFixedSleep(maxRetries=15, sleepTime=1000 MILLISECONDS)
2021-05-14 10:48:14,329 [EndpointStateMachine task thread for /127.0.0.1:12561 - 0 ] INFO  ipc.Client (Client.java:handleConnectionFailure(966)) - Retrying connect to server: localhost/127.0.0.1:12561. Already tried 4 time(s); retry policy is RetryUpToMaximumCountWithFixedSleep(maxRetries=15, sleepTime=1000 MILLISECONDS)
2021-05-14 10:48:14,647 [EndpointStateMachine task thread for /127.0.0.1:12581 - 0 ] INFO  ipc.Client (Client.java:handleConnectionFailure(966)) - Retrying connect to server: localhost/127.0.0.1:12581. Already tried 3 time(s); retry policy is RetryUpToMaximumCountWithFixedSleep(maxRetries=15, sleepTime=1000 MILLISECONDS)
2021-05-14 10:48:14,647 [EndpointStateMachine task thread for /127.0.0.1:12571 - 0 ] INFO  ipc.Client (Client.java:handleConnectionFailure(966)) - Retrying connect to server: localhost/127.0.0.1:12571. Already tried 2 time(s); retry policy is RetryUpToMaximumCountWithFixedSleep(maxRetries=15, sleepTime=1000 MILLISECONDS)
2021-05-14 10:48:15,123 [Listener at 0.0.0.0/12463] INFO  retry.RetryInvocationHandler (RetryInvocationHandler.java:log(411)) - com.google.protobuf.ServiceException: java.net.ConnectException: Call From 4a783e42cd9e/172.17.0.2 to localhost:12482 failed on connection exception: java.net.ConnectException: Connection refused; For more details see:  http://wiki.apache.org/hadoop/ConnectionRefused, while invoking $Proxy37.send over nodeId=scmNode-3,nodeAddress=/127.0.0.1:12482 after 2 failover attempts. Trying to failover after sleeping for 2000ms.
2021-05-14 10:48:15,257 [EndpointStateMachine task thread for /127.0.0.1:14605 - 0 ] INFO  ipc.Client (Client.java:handleConnectionFailure(966)) - Retrying connect to server: localhost/127.0.0.1:14605. Already tried 10 time(s); retry policy is RetryUpToMaximumCountWithFixedSleep(maxRetries=15, sleepTime=1000 MILLISECONDS)
2021-05-14 10:48:15,257 [EndpointStateMachine task thread for /127.0.0.1:14595 - 0 ] INFO  ipc.Client (Client.java:handleConnectionFailure(966)) - Retrying connect to server: localhost/127.0.0.1:14595. Already tried 12 time(s); retry policy is RetryUpToMaximumCountWithFixedSleep(maxRetries=15, sleepTime=1000 MILLISECONDS)
2021-05-14 10:48:15,257 [EndpointStateMachine task thread for /127.0.0.1:14585 - 0 ] INFO  ipc.Client (Client.java:handleConnectionFailure(966)) - Retrying connect to server: localhost/127.0.0.1:14585. Already tried 12 time(s); retry policy is RetryUpToMaximumCountWithFixedSleep(maxRetries=15, sleepTime=1000 MILLISECONDS)
2021-05-14 10:48:15,330 [EndpointStateMachine task thread for /127.0.0.1:12561 - 0 ] INFO  ipc.Client (Client.java:handleConnectionFailure(966)) - Retrying connect to server: localhost/127.0.0.1:12561. Already tried 5 time(s); retry policy is RetryUpToMaximumCountWithFixedSleep(maxRetries=15, sleepTime=1000 MILLISECONDS)
2021-05-14 10:48:15,647 [EndpointStateMachine task thread for /127.0.0.1:12581 - 0 ] INFO  ipc.Client (Client.java:handleConnectionFailure(966)) - Retrying connect to server: localhost/127.0.0.1:12581. Already tried 4 time(s); retry policy is RetryUpToMaximumCountWithFixedSleep(maxRetries=15, sleepTime=1000 MILLISECONDS)
2021-05-14 10:48:15,648 [EndpointStateMachine task thread for /127.0.0.1:12571 - 0 ] INFO  ipc.Client (Client.java:handleConnectionFailure(966)) - Retrying connect to server: localhost/127.0.0.1:12571. Already tried 3 time(s); retry policy is RetryUpToMaximumCountWithFixedSleep(maxRetries=15, sleepTime=1000 MILLISECONDS)
2021-05-14 10:48:16,208 [2d21404d-844d-4e33-9226-105b1ab18ff5@group-D4E31CEF5B5A-FollowerState] INFO  impl.FollowerState (FollowerState.java:run(134)) - 2d21404d-844d-4e33-9226-105b1ab18ff5@group-D4E31CEF5B5A-FollowerState: change to CANDIDATE, lastRpcElapsedTime:5203840695ns, electionTimeout:5194ms
2021-05-14 10:48:16,208 [2d21404d-844d-4e33-9226-105b1ab18ff5@group-D4E31CEF5B5A-FollowerState] INFO  impl.RoleInfo (RoleInfo.java:shutdownFollowerState(108)) - 2d21404d-844d-4e33-9226-105b1ab18ff5: shutdown 2d21404d-844d-4e33-9226-105b1ab18ff5@group-D4E31CEF5B5A-FollowerState
2021-05-14 10:48:16,208 [2d21404d-844d-4e33-9226-105b1ab18ff5@group-D4E31CEF5B5A-FollowerState] INFO  server.RaftServer$Division (RaftServerImpl.java:setRole(284)) - 2d21404d-844d-4e33-9226-105b1ab18ff5@group-D4E31CEF5B5A: changes role from  FOLLOWER to CANDIDATE at term 1 for changeToCandidate
2021-05-14 10:48:16,208 [2d21404d-844d-4e33-9226-105b1ab18ff5@group-D4E31CEF5B5A-FollowerState] INFO  server.RaftServerConfigKeys (ConfUtils.java:logGet(44)) - raft.server.leaderelection.pre-vote = false (custom)
2021-05-14 10:48:16,208 [2d21404d-844d-4e33-9226-105b1ab18ff5@group-D4E31CEF5B5A-FollowerState] INFO  impl.RoleInfo (RoleInfo.java:updateAndGet(130)) - 2d21404d-844d-4e33-9226-105b1ab18ff5: start 2d21404d-844d-4e33-9226-105b1ab18ff5@group-D4E31CEF5B5A-LeaderElection25
2021-05-14 10:48:16,211 [2d21404d-844d-4e33-9226-105b1ab18ff5@group-D4E31CEF5B5A-LeaderElection25] INFO  impl.LeaderElection (LeaderElection.java:askForVotes(306)) - 2d21404d-844d-4e33-9226-105b1ab18ff5@group-D4E31CEF5B5A-LeaderElection25 ELECTION round 0: submit vote requests at term 2 for 0: [2d21404d-844d-4e33-9226-105b1ab18ff5|rpc:localhost:12460|admin:|client:|dataStream:|priority:0], old=null
2021-05-14 10:48:16,211 [2d21404d-844d-4e33-9226-105b1ab18ff5@group-D4E31CEF5B5A-LeaderElection25] INFO  impl.LeaderElection (LeaderElection.java:askForVotes(308)) - 2d21404d-844d-4e33-9226-105b1ab18ff5@group-D4E31CEF5B5A-LeaderElection25 ELECTION round 0: result PASSED (term=2)
2021-05-14 10:48:16,211 [2d21404d-844d-4e33-9226-105b1ab18ff5@group-D4E31CEF5B5A-LeaderElection25] INFO  impl.RoleInfo (RoleInfo.java:shutdownLeaderElection(121)) - 2d21404d-844d-4e33-9226-105b1ab18ff5: shutdown 2d21404d-844d-4e33-9226-105b1ab18ff5@group-D4E31CEF5B5A-LeaderElection25
2021-05-14 10:48:16,211 [2d21404d-844d-4e33-9226-105b1ab18ff5@group-D4E31CEF5B5A-LeaderElection25] INFO  server.RaftServer$Division (RaftServerImpl.java:setRole(284)) - 2d21404d-844d-4e33-9226-105b1ab18ff5@group-D4E31CEF5B5A: changes role from CANDIDATE to LEADER at term 2 for changeToLeader
2021-05-14 10:48:16,211 [2d21404d-844d-4e33-9226-105b1ab18ff5@group-D4E31CEF5B5A-LeaderElection25] INFO  ha.SCMStateMachine (SCMStateMachine.java:notifyLeaderChanged(250)) - current SCM becomes leader of term 2.
2021-05-14 10:48:16,211 [2d21404d-844d-4e33-9226-105b1ab18ff5@group-D4E31CEF5B5A-LeaderElection25] INFO  ha.SCMContext (SCMContext.java:updateLeaderAndTerm(88)) - update <isLeader,term> from <false,0> to <true,2>
2021-05-14 10:48:16,212 [2d21404d-844d-4e33-9226-105b1ab18ff5@group-D4E31CEF5B5A-LeaderElection25] INFO  pipeline.BackgroundPipelineCreator (BackgroundPipelineCreatorV2.java:notifyStatusChanged(261)) - Service BackgroundPipelineCreator transitions to RUNNING.
2021-05-14 10:48:16,212 [2d21404d-844d-4e33-9226-105b1ab18ff5@group-D4E31CEF5B5A-LeaderElection25] INFO  server.RaftServer$Division (ServerState.java:setLeader(271)) - 2d21404d-844d-4e33-9226-105b1ab18ff5@group-D4E31CEF5B5A: change Leader from null to 2d21404d-844d-4e33-9226-105b1ab18ff5 at term 2 for becomeLeader, leader elected after 5226ms
2021-05-14 10:48:16,212 [2d21404d-844d-4e33-9226-105b1ab18ff5@group-D4E31CEF5B5A-LeaderElection25] INFO  server.RaftServerConfigKeys (ConfUtils.java:logGet(44)) - raft.server.staging.catchup.gap = 1000 (default)
2021-05-14 10:48:16,212 [2d21404d-844d-4e33-9226-105b1ab18ff5@group-D4E31CEF5B5A-LeaderElection25] INFO  metrics.RatisMetrics (RatisMetrics.java:lambda$create$0(36)) - Creating Metrics Registry : ratis.log_appender.2d21404d-844d-4e33-9226-105b1ab18ff5@group-D4E31CEF5B5A
2021-05-14 10:48:16,212 [2d21404d-844d-4e33-9226-105b1ab18ff5@group-D4E31CEF5B5A-LeaderElection25] INFO  server.RaftServerConfigKeys (ConfUtils.java:logGet(44)) - raft.server.write.element-limit = 4096 (default)
2021-05-14 10:48:16,213 [2d21404d-844d-4e33-9226-105b1ab18ff5@group-D4E31CEF5B5A-LeaderElection25] INFO  server.RaftServerConfigKeys (ConfUtils.java:logGet(44)) - raft.server.write.byte-limit = 64MB (=67108864) (default)
2021-05-14 10:48:16,213 [2d21404d-844d-4e33-9226-105b1ab18ff5@group-D4E31CEF5B5A-LeaderElection25] INFO  server.RaftServerConfigKeys (ConfUtils.java:logGet(44)) - raft.server.watch.timeout = 10s (default)
2021-05-14 10:48:16,213 [2d21404d-844d-4e33-9226-105b1ab18ff5@group-D4E31CEF5B5A-LeaderElection25] INFO  server.RaftServerConfigKeys (ConfUtils.java:logGet(44)) - raft.server.watch.timeout.denomination = 1s (default)
2021-05-14 10:48:16,213 [2d21404d-844d-4e33-9226-105b1ab18ff5@group-D4E31CEF5B5A-LeaderElection25] INFO  server.RaftServerConfigKeys (ConfUtils.java:logGet(44)) - raft.server.watch.element-limit = 65536 (default)
2021-05-14 10:48:16,213 [2d21404d-844d-4e33-9226-105b1ab18ff5@group-D4E31CEF5B5A-LeaderElection25] INFO  impl.RoleInfo (RoleInfo.java:updateAndGet(130)) - 2d21404d-844d-4e33-9226-105b1ab18ff5: start 2d21404d-844d-4e33-9226-105b1ab18ff5@group-D4E31CEF5B5A-LeaderStateImpl
2021-05-14 10:48:16,213 [2d21404d-844d-4e33-9226-105b1ab18ff5@group-D4E31CEF5B5A-LeaderElection25] INFO  segmented.SegmentedRaftLogWorker (SegmentedRaftLogWorker.java:rollLogSegment(399)) - 2d21404d-844d-4e33-9226-105b1ab18ff5@group-D4E31CEF5B5A-SegmentedRaftLogWorker: Rolling segment log-0_0 to index:0
2021-05-14 10:48:16,214 [2d21404d-844d-4e33-9226-105b1ab18ff5@group-D4E31CEF5B5A-SegmentedRaftLogWorker] INFO  segmented.SegmentedRaftLogWorker (SegmentedRaftLogWorker.java:execute(558)) - 2d21404d-844d-4e33-9226-105b1ab18ff5@group-D4E31CEF5B5A-SegmentedRaftLogWorker: Rolled log segment from /github/workspace/mnt/ozone/hadoop-ozone/integration-test/target/test-dir/MiniOzoneClusterImpl-ae7c3056-0ef0-4eb0-8011-d4e31cef5b5a/scmNode-1/scm-ha/ae7c3056-0ef0-4eb0-8011-d4e31cef5b5a/current/log_inprogress_0 to /github/workspace/mnt/ozone/hadoop-ozone/integration-test/target/test-dir/MiniOzoneClusterImpl-ae7c3056-0ef0-4eb0-8011-d4e31cef5b5a/scmNode-1/scm-ha/ae7c3056-0ef0-4eb0-8011-d4e31cef5b5a/current/log_0-0
2021-05-14 10:48:16,215 [2d21404d-844d-4e33-9226-105b1ab18ff5@group-D4E31CEF5B5A-LeaderElection25] INFO  server.RaftServer$Division (ServerState.java:setRaftConf(373)) - 2d21404d-844d-4e33-9226-105b1ab18ff5@group-D4E31CEF5B5A: set configuration 1: [2d21404d-844d-4e33-9226-105b1ab18ff5|rpc:localhost:12460|admin:|client:|dataStream:|priority:0], old=null
2021-05-14 10:48:16,215 [2d21404d-844d-4e33-9226-105b1ab18ff5@group-D4E31CEF5B5A-SegmentedRaftLogWorker] INFO  segmented.SegmentedRaftLogWorker (SegmentedRaftLogWorker.java:execute(601)) - 2d21404d-844d-4e33-9226-105b1ab18ff5@group-D4E31CEF5B5A-SegmentedRaftLogWorker: created new log segment /github/workspace/mnt/ozone/hadoop-ozone/integration-test/target/test-dir/MiniOzoneClusterImpl-ae7c3056-0ef0-4eb0-8011-d4e31cef5b5a/scmNode-1/scm-ha/ae7c3056-0ef0-4eb0-8011-d4e31cef5b5a/current/log_inprogress_1
2021-05-14 10:48:16,257 [EndpointStateMachine task thread for /127.0.0.1:14605 - 0 ] INFO  ipc.Client (Client.java:handleConnectionFailure(966)) - Retrying connect to server: localhost/127.0.0.1:14605. Already tried 11 time(s); retry policy is RetryUpToMaximumCountWithFixedSleep(maxRetries=15, sleepTime=1000 MILLISECONDS)
2021-05-14 10:48:16,258 [EndpointStateMachine task thread for /127.0.0.1:14595 - 0 ] INFO  ipc.Client (Client.java:handleConnectionFailure(966)) - Retrying connect to server: localhost/127.0.0.1:14595. Already tried 13 time(s); retry policy is RetryUpToMaximumCountWithFixedSleep(maxRetries=15, sleepTime=1000 MILLISECONDS)
2021-05-14 10:48:16,258 [EndpointStateMachine task thread for /127.0.0.1:14585 - 0 ] INFO  ipc.Client (Client.java:handleConnectionFailure(966)) - Retrying connect to server: localhost/127.0.0.1:14585. Already tried 13 time(s); retry policy is RetryUpToMaximumCountWithFixedSleep(maxRetries=15, sleepTime=1000 MILLISECONDS)
2021-05-14 10:48:16,331 [EndpointStateMachine task thread for /127.0.0.1:12561 - 0 ] INFO  ipc.Client (Client.java:handleConnectionFailure(966)) - Retrying connect to server: localhost/127.0.0.1:12561. Already tried 6 time(s); retry policy is RetryUpToMaximumCountWithFixedSleep(maxRetries=15, sleepTime=1000 MILLISECONDS)
2021-05-14 10:48:16,648 [EndpointStateMachine task thread for /127.0.0.1:12581 - 0 ] INFO  ipc.Client (Client.java:handleConnectionFailure(966)) - Retrying connect to server: localhost/127.0.0.1:12581. Already tried 5 time(s); retry policy is RetryUpToMaximumCountWithFixedSleep(maxRetries=15, sleepTime=1000 MILLISECONDS)
2021-05-14 10:48:16,648 [EndpointStateMachine task thread for /127.0.0.1:12571 - 0 ] INFO  ipc.Client (Client.java:handleConnectionFailure(966)) - Retrying connect to server: localhost/127.0.0.1:12571. Already tried 4 time(s); retry policy is RetryUpToMaximumCountWithFixedSleep(maxRetries=15, sleepTime=1000 MILLISECONDS)
2021-05-14 10:48:17,126 [Listener at 0.0.0.0/12463] INFO  server.StorageContainerManager (StorageContainerManager.java:scmBootstrap(906)) - SCM BootStrap  is successful for ClusterID ae7c3056-0ef0-4eb0-8011-d4e31cef5b5a, SCMID 2020c872-c3ef-4459-8785-7713b8bbeb69
2021-05-14 10:48:17,126 [Listener at 0.0.0.0/12463] INFO  server.StorageContainerManager (StorageContainerManager.java:scmBootstrap(908)) - Primary SCM Node ID 2d21404d-844d-4e33-9226-105b1ab18ff5
2021-05-14 10:48:17,126 [Listener at 0.0.0.0/12463] INFO  ha.SCMHANodeDetails (SCMHANodeDetails.java:loadSCMHAConfig(149)) - ServiceID for StorageContainerManager is scm-service-test1
2021-05-14 10:48:17,126 [Listener at 0.0.0.0/12463] INFO  ha.SCMHANodeDetails (SCMHANodeDetails.java:loadSCMHAConfig(160)) - ServiceID for StorageContainerManager is scm-service-test1
2021-05-14 10:48:17,127 [Listener at 0.0.0.0/12463] INFO  ha.SCMHANodeDetails (SCMHANodeDetails.java:loadSCMHAConfig(239)) - Found matching SCM address with SCMServiceId: scm-service-test1, SCMNodeId: scmNode-2, RPC Address: localhost:12470 and Ratis port: 12470
2021-05-14 10:48:17,127 [Listener at 0.0.0.0/12463] INFO  ha.SCMHANodeDetails (ConfUtils.java:setNodeSpecificConfigs(105)) - Setting configuration key ozone.scm.datanode.address with value of key ozone.scm.datanode.address.scm-service-test1.scmNode-2: 127.0.0.1:12471
2021-05-14 10:48:17,127 [Listener at 0.0.0.0/12463] INFO  ha.SCMHANodeDetails (ConfUtils.java:setNodeSpecificConfigs(105)) - Setting configuration key ozone.scm.block.client.address with value of key ozone.scm.block.client.address.scm-service-test1.scmNode-2: 127.0.0.1:12472
2021-05-14 10:48:17,127 [Listener at 0.0.0.0/12463] INFO  ha.SCMHANodeDetails (ConfUtils.java:setNodeSpecificConfigs(105)) - Setting configuration key ozone.scm.client.address with value of key ozone.scm.client.address.scm-service-test1.scmNode-2: 127.0.0.1:12473
2021-05-14 10:48:17,127 [Listener at 0.0.0.0/12463] INFO  ha.SCMHANodeDetails (ConfUtils.java:setNodeSpecificConfigs(105)) - Setting configuration key ozone.scm.ratis.port with value of key ozone.scm.ratis.port.scm-service-test1.scmNode-2: 12470
2021-05-14 10:48:17,127 [Listener at 0.0.0.0/12463] INFO  ha.SCMHANodeDetails (ConfUtils.java:setNodeSpecificConfigs(105)) - Setting configuration key ozone.scm.grpc.port with value of key ozone.scm.grpc.port.scm-service-test1.scmNode-2: 12474
2021-05-14 10:48:17,127 [Listener at 0.0.0.0/12463] INFO  ha.SCMHANodeDetails (ConfUtils.java:setNodeSpecificConfigs(105)) - Setting configuration key ozone.scm.http-address with value of key ozone.scm.http-address.scm-service-test1.scmNode-2: 127.0.0.1:12468
2021-05-14 10:48:17,127 [Listener at 0.0.0.0/12463] INFO  ha.SCMHANodeDetails (ConfUtils.java:setNodeSpecificConfigs(105)) - Setting configuration key ozone.scm.https-address with value of key ozone.scm.https-address.scm-service-test1.scmNode-2: 127.0.0.1:12469
2021-05-14 10:48:17,127 [Listener at 0.0.0.0/12463] INFO  ha.SCMHANodeDetails (ConfUtils.java:setNodeSpecificConfigs(105)) - Setting configuration key ozone.scm.address with value of key ozone.scm.address.scm-service-test1.scmNode-2: 127.0.0.1
2021-05-14 10:48:17,128 [Listener at 0.0.0.0/12463] WARN  server.ServerUtils (ServerUtils.java:getScmDbDir(148)) - ozone.scm.db.dirs is not configured. We recommend adding this setting. Falling back to ozone.metadata.dirs instead.
2021-05-14 10:48:17,128 [Listener at 0.0.0.0/12463] WARN  utils.HAUtils (HAUtils.java:getMetaDir(338)) - ozone.scm.db.dirs is not configured. We recommend adding this setting. Falling back to ozone.metadata.dirs instead.
2021-05-14 10:48:17,130 [Listener at 0.0.0.0/12463] WARN  db.DBStoreBuilder (DBStoreBuilder.java:applyDBDefinition(145)) - ozone.scm.db.dirs is not configured. We recommend adding this setting. Falling back to ozone.metadata.dirs instead.
2021-05-14 10:48:17,206 [Listener at 0.0.0.0/12463] INFO  net.NodeSchemaLoader (NodeSchemaLoader.java:loadSchemaFromFile(129)) - Loading schema from [jar:file:/home/user/.m2/repository/org/apache/hadoop/hadoop-hdds-common/1.2.0-SNAPSHOT/hadoop-hdds-common-1.2.0-SNAPSHOT.jar!/network-topology-default.xml, jar:file:/home/user/.m2/repository/org/apache/hadoop/hadoop-ozone-ozone-manager/1.2.0-SNAPSHOT/hadoop-ozone-ozone-manager-1.2.0-SNAPSHOT-tests.jar!/network-topology-default.xml, jar:file:/home/user/.m2/repository/org/apache/hadoop/hadoop-hdds-server-scm/1.2.0-SNAPSHOT/hadoop-hdds-server-scm-1.2.0-SNAPSHOT-tests.jar!/network-topology-default.xml]
2021-05-14 10:48:17,207 [Listener at 0.0.0.0/12463] INFO  net.NodeSchemaLoader (NodeSchemaLoader.java:loadSchema(176)) - Loading network topology layer schema file
2021-05-14 10:48:17,209 [Listener at 0.0.0.0/12463] INFO  ha.SCMRatisServerImpl (SCMRatisServerImpl.java:<init>(87)) - starting Raft server for scm:2020c872-c3ef-4459-8785-7713b8bbeb69
2021-05-14 10:48:17,209 [Listener at 0.0.0.0/12463] INFO  server.RaftServer (ConfUtils.java:logGet(44)) - raft.rpc.type = GRPC (default)
2021-05-14 10:48:17,210 [Listener at 0.0.0.0/12463] INFO  grpc.GrpcFactory (GrpcFactory.java:checkPooledByteBufAllocatorUseCacheForAllThreads(48)) - PERFORMANCE WARNING: useCacheForAllThreads is true that may cause Netty to create a lot garbage objects and, as a result, trigger GC.
	It is recommended to disable useCacheForAllThreads by setting -Dorg.apache.ratis.thirdparty.io.netty.allocator.useCacheForAllThreads=false in command line.
2021-05-14 10:48:17,210 [Listener at 0.0.0.0/12463] INFO  grpc.GrpcConfigKeys (ConfUtils.java:logGet(44)) - raft.grpc.admin.port = -1 (default)
2021-05-14 10:48:17,210 [Listener at 0.0.0.0/12463] INFO  grpc.GrpcConfigKeys (ConfUtils.java:logGet(44)) - raft.grpc.server.port = 12470 (custom)
2021-05-14 10:48:17,210 [Listener at 0.0.0.0/12463] INFO  grpc.GrpcConfigKeys (ConfUtils.java:logGet(44)) - raft.grpc.client.port = -1 (default)
2021-05-14 10:48:17,210 [Listener at 0.0.0.0/12463] INFO  grpc.GrpcConfigKeys (ConfUtils.java:logGet(44)) - raft.grpc.server.port = 12470 (custom)
2021-05-14 10:48:17,210 [Listener at 0.0.0.0/12463] INFO  grpc.GrpcConfigKeys (ConfUtils.java:logGet(44)) - raft.grpc.server.port = 12470 (custom)
2021-05-14 10:48:17,210 [Listener at 0.0.0.0/12463] INFO  server.GrpcService (ConfUtils.java:logGet(44)) - raft.grpc.message.size.max = 32m (=33554432) (custom)
2021-05-14 10:48:17,210 [Listener at 0.0.0.0/12463] INFO  server.RaftServerConfigKeys (ConfUtils.java:logGet(44)) - raft.server.log.appender.buffer.byte-limit = 33554432 (custom)
2021-05-14 10:48:17,210 [Listener at 0.0.0.0/12463] INFO  server.GrpcService (ConfUtils.java:logGet(44)) - raft.grpc.flow.control.window = 1MB (=1048576) (default)
2021-05-14 10:48:17,210 [Listener at 0.0.0.0/12463] INFO  server.RaftServerConfigKeys (ConfUtils.java:logGet(44)) - raft.server.rpc.request.timeout = 3000ms (default)
2021-05-14 10:48:17,211 [Listener at 0.0.0.0/12463] INFO  impl.DataStreamServerImpl (ConfUtils.java:logGet(44)) - raft.datastream.type = DISABLED (default)
2021-05-14 10:48:17,211 [Listener at 0.0.0.0/12463] INFO  server.RaftServerConfigKeys (ConfUtils.java:logGet(44)) - raft.server.rpc.slowness.timeout = 120000ms (custom)
2021-05-14 10:48:17,212 [Listener at 0.0.0.0/12463] INFO  server.RaftServerConfigKeys (ConfUtils.java:logGet(44)) - raft.server.leaderelection.leader.step-down.wait-time = 10s (default)
2021-05-14 10:48:17,212 [Listener at 0.0.0.0/12463] INFO  server.RaftServerConfigKeys (ConfUtils.java:logGet(44)) - raft.server.storage.dir = [/github/workspace/mnt/ozone/hadoop-ozone/integration-test/target/test-dir/MiniOzoneClusterImpl-ae7c3056-0ef0-4eb0-8011-d4e31cef5b5a/scmNode-2/scm-ha] (custom)
2021-05-14 10:48:17,212 [Listener at 0.0.0.0/12463] INFO  server.RaftServer (RaftServerProxy.java:addNew(95)) - 2020c872-c3ef-4459-8785-7713b8bbeb69: addNew group-D4E31CEF5B5A:[] returns group-D4E31CEF5B5A:java.util.concurrent.CompletableFuture@15cceb4d[Not completed]
2021-05-14 10:48:17,212 [pool-358-thread-1] INFO  server.RaftServer$Division (RaftServerImpl.java:<init>(180)) - 2020c872-c3ef-4459-8785-7713b8bbeb69: new RaftServerImpl for group-D4E31CEF5B5A:[] with SCMStateMachine:uninitialized
2021-05-14 10:48:17,213 [pool-358-thread-1] INFO  server.RaftServerConfigKeys (ConfUtils.java:logGet(44)) - raft.server.rpc.timeout.min = 5000ms (custom)
2021-05-14 10:48:17,213 [pool-358-thread-1] INFO  server.RaftServerConfigKeys (ConfUtils.java:logGet(44)) - raft.server.rpc.timeout.max = 5200ms (custom)
2021-05-14 10:48:17,213 [pool-358-thread-1] INFO  server.RaftServerConfigKeys (ConfUtils.java:logGet(44)) - raft.server.rpc.sleep.time = 25ms (default)
2021-05-14 10:48:17,213 [pool-358-thread-1] INFO  server.RaftServerConfigKeys (ConfUtils.java:logGet(44)) - raft.server.rpc.slowness.timeout = 120000ms (custom)
2021-05-14 10:48:17,213 [pool-358-thread-1] INFO  server.RaftServerConfigKeys (ConfUtils.java:logGet(44)) - raft.server.leaderelection.leader.step-down.wait-time = 10s (default)
2021-05-14 10:48:17,213 [pool-358-thread-1] INFO  server.RaftServerConfigKeys (ConfUtils.java:logGet(44)) - raft.server.sleep.deviation.threshold = 300ms (default)
2021-05-14 10:48:17,213 [pool-358-thread-1] INFO  server.RaftServerConfigKeys (ConfUtils.java:logGet(44)) - raft.server.log.appender.install.snapshot.enabled = false (custom)
2021-05-14 10:48:17,213 [pool-358-thread-1] INFO  server.RaftServer$Division (ServerState.java:<init>(105)) - 2020c872-c3ef-4459-8785-7713b8bbeb69@group-D4E31CEF5B5A: ConfigurationManager, init=-1: [], old=null, confs=<EMPTY_MAP>
2021-05-14 10:48:17,213 [pool-358-thread-1] INFO  server.RaftServerConfigKeys (ConfUtils.java:logGet(44)) - raft.server.storage.dir = [/github/workspace/mnt/ozone/hadoop-ozone/integration-test/target/test-dir/MiniOzoneClusterImpl-ae7c3056-0ef0-4eb0-8011-d4e31cef5b5a/scmNode-2/scm-ha] (custom)
2021-05-14 10:48:17,213 [pool-358-thread-1] INFO  server.RaftServerConfigKeys (ConfUtils.java:logGet(44)) - raft.server.log.corruption.policy = EXCEPTION (default)
2021-05-14 10:48:17,214 [pool-358-thread-1] INFO  storage.RaftStorageDirectory (RaftStorageDirectoryImpl.java:analyzeStorage(132)) - The storage directory /github/workspace/mnt/ozone/hadoop-ozone/integration-test/target/test-dir/MiniOzoneClusterImpl-ae7c3056-0ef0-4eb0-8011-d4e31cef5b5a/scmNode-2/scm-ha/ae7c3056-0ef0-4eb0-8011-d4e31cef5b5a does not exist. Creating ...
2021-05-14 10:48:17,217 [pool-358-thread-1] INFO  storage.RaftStorageDirectory (RaftStorageDirectoryImpl.java:tryLock(215)) - Lock on /github/workspace/mnt/ozone/hadoop-ozone/integration-test/target/test-dir/MiniOzoneClusterImpl-ae7c3056-0ef0-4eb0-8011-d4e31cef5b5a/scmNode-2/scm-ha/ae7c3056-0ef0-4eb0-8011-d4e31cef5b5a/in_use.lock acquired by nodename 30246@4a783e42cd9e
2021-05-14 10:48:17,219 [pool-358-thread-1] INFO  storage.RaftStorage (RaftStorageImpl.java:format(87)) - Storage directory /github/workspace/mnt/ozone/hadoop-ozone/integration-test/target/test-dir/MiniOzoneClusterImpl-ae7c3056-0ef0-4eb0-8011-d4e31cef5b5a/scmNode-2/scm-ha/ae7c3056-0ef0-4eb0-8011-d4e31cef5b5a has been successfully formatted.
2021-05-14 10:48:17,219 [pool-358-thread-1] INFO  server.RaftServerConfigKeys (ConfUtils.java:logGet(44)) - raft.server.notification.no-leader.timeout = 60s (default)
2021-05-14 10:48:17,219 [pool-358-thread-1] INFO  server.RaftServerConfigKeys (ConfUtils.java:logGet(44)) - raft.server.log.use.memory = false (default)
2021-05-14 10:48:17,219 [pool-358-thread-1] INFO  server.RaftServerConfigKeys (ConfUtils.java:logGet(44)) - raft.server.log.purge.gap = 1000000 (custom)
2021-05-14 10:48:17,219 [pool-358-thread-1] INFO  server.RaftServerConfigKeys (ConfUtils.java:logGet(44)) - raft.server.log.appender.buffer.byte-limit = 33554432 (custom)
2021-05-14 10:48:17,219 [pool-358-thread-1] INFO  metrics.RatisMetrics (RatisMetrics.java:lambda$create$0(36)) - Creating Metrics Registry : ratis.log_worker.2020c872-c3ef-4459-8785-7713b8bbeb69@group-D4E31CEF5B5A
2021-05-14 10:48:17,219 [pool-358-thread-1] INFO  server.RaftServerConfigKeys (ConfUtils.java:logGet(44)) - raft.server.log.segment.size.max = 16384 (custom)
2021-05-14 10:48:17,219 [pool-358-thread-1] INFO  server.RaftServerConfigKeys (ConfUtils.java:logGet(44)) - raft.server.log.segment.cache.num.max = 2 (custom)
2021-05-14 10:48:17,219 [pool-358-thread-1] INFO  server.RaftServerConfigKeys (ConfUtils.java:logGet(44)) - raft.server.log.segment.cache.size.max = 200MB (=209715200) (default)
2021-05-14 10:48:17,220 [pool-358-thread-1] INFO  segmented.SegmentedRaftLogWorker (SegmentedRaftLogWorker.java:<init>(182)) - new 2020c872-c3ef-4459-8785-7713b8bbeb69@group-D4E31CEF5B5A-SegmentedRaftLogWorker for RaftStorageImpl:Storage Directory /github/workspace/mnt/ozone/hadoop-ozone/integration-test/target/test-dir/MiniOzoneClusterImpl-ae7c3056-0ef0-4eb0-8011-d4e31cef5b5a/scmNode-2/scm-ha/ae7c3056-0ef0-4eb0-8011-d4e31cef5b5a
2021-05-14 10:48:17,220 [pool-358-thread-1] INFO  server.RaftServerConfigKeys (ConfUtils.java:logGet(44)) - raft.server.log.queue.byte-limit = 64MB (=67108864) (default)
2021-05-14 10:48:17,220 [pool-358-thread-1] INFO  server.RaftServerConfigKeys (ConfUtils.java:logGet(44)) - raft.server.log.queue.element-limit = 4096 (default)
2021-05-14 10:48:17,220 [pool-358-thread-1] INFO  server.RaftServerConfigKeys (ConfUtils.java:logGet(44)) - raft.server.log.segment.size.max = 16384 (custom)
2021-05-14 10:48:17,220 [pool-358-thread-1] INFO  server.RaftServerConfigKeys (ConfUtils.java:logGet(44)) - raft.server.log.preallocated.size = 16384 (custom)
2021-05-14 10:48:17,220 [pool-358-thread-1] INFO  server.RaftServerConfigKeys (ConfUtils.java:logGet(44)) - raft.server.log.force.sync.num = 128 (default)
2021-05-14 10:48:17,220 [pool-358-thread-1] INFO  server.RaftServerConfigKeys (ConfUtils.java:logGet(44)) - raft.server.log.statemachine.data.sync = true (default)
2021-05-14 10:48:17,220 [pool-358-thread-1] INFO  server.RaftServerConfigKeys (ConfUtils.java:logGet(44)) - raft.server.log.statemachine.data.sync.timeout = 10s (default)
2021-05-14 10:48:17,220 [pool-358-thread-1] INFO  server.RaftServerConfigKeys (ConfUtils.java:logGet(44)) - raft.server.log.statemachine.data.sync.timeout.retry = -1 (default)
2021-05-14 10:48:17,220 [pool-358-thread-1] INFO  server.RaftServerConfigKeys (ConfUtils.java:logGet(44)) - raft.server.log.write.buffer.size = 64KB (=65536) (default)
2021-05-14 10:48:17,221 [pool-358-thread-1] INFO  server.RaftServerConfigKeys (ConfUtils.java:logGet(44)) - raft.server.log.statemachine.data.caching.enabled = false (default)
2021-05-14 10:48:17,221 [pool-358-thread-1] INFO  segmented.SegmentedRaftLogWorker (SegmentedRaftLogWorker.java:lambda$new$0(133)) - 2020c872-c3ef-4459-8785-7713b8bbeb69@group-D4E31CEF5B5A-SegmentedRaftLogWorker: flushIndex: setUnconditionally 0 -> -1
2021-05-14 10:48:17,221 [pool-358-thread-1] INFO  segmented.SegmentedRaftLogWorker (SegmentedRaftLogWorker.java:lambda$new$0(133)) - 2020c872-c3ef-4459-8785-7713b8bbeb69@group-D4E31CEF5B5A-SegmentedRaftLogWorker: safeCacheEvictIndex: setUnconditionally 0 -> -1
2021-05-14 10:48:17,221 [pool-358-thread-1] INFO  server.RaftServerConfigKeys (ConfUtils.java:logGet(44)) - raft.server.snapshot.auto.trigger.enabled = true (custom)
2021-05-14 10:48:17,221 [pool-358-thread-1] INFO  server.RaftServerConfigKeys (ConfUtils.java:logGet(44)) - raft.server.snapshot.auto.trigger.threshold = 1000 (custom)
2021-05-14 10:48:17,221 [pool-358-thread-1] INFO  server.RaftServerConfigKeys (ConfUtils.java:logGet(44)) - raft.server.snapshot.retention.file.num = -1 (default)
2021-05-14 10:48:17,221 [pool-358-thread-1] INFO  server.RaftServerConfigKeys (ConfUtils.java:logGet(44)) - raft.server.log.purge.upto.snapshot.index = false (default)
2021-05-14 10:48:17,221 [pool-358-thread-1] INFO  server.RaftServerConfigKeys (ConfUtils.java:logGet(44)) - raft.server.retrycache.expirytime = 60000ms (default)
2021-05-14 10:48:17,221 [pool-358-thread-1] INFO  server.RaftServerConfigKeys (ConfUtils.java:logGet(44)) - raft.server.retrycache.statistics.expirytime = 100?s (default)
2021-05-14 10:48:17,221 [pool-358-thread-1] INFO  metrics.RatisMetrics (RatisMetrics.java:lambda$create$0(36)) - Creating Metrics Registry : ratis.leader_election.2020c872-c3ef-4459-8785-7713b8bbeb69@group-D4E31CEF5B5A
2021-05-14 10:48:17,222 [pool-358-thread-1] INFO  metrics.RatisMetrics (RatisMetrics.java:lambda$create$0(36)) - Creating Metrics Registry : ratis.server.2020c872-c3ef-4459-8785-7713b8bbeb69@group-D4E31CEF5B5A
2021-05-14 10:48:17,222 [Listener at 0.0.0.0/12463] INFO  ha.SCMSnapshotProvider (SCMSnapshotProvider.java:<init>(66)) - Initializing SCM Snapshot Provider
2021-05-14 10:48:17,222 [Listener at 0.0.0.0/12463] WARN  server.ServerUtils (ServerUtils.java:getDefaultRatisDirectory(237)) - Storage directory for Ratis is not configured. It is a good idea to map this to an SSD disk. Falling back to ozone.metadata.dirs
2021-05-14 10:48:17,223 [Listener at 0.0.0.0/12463] WARN  ha.SCMHAUtils (SCMHAUtils.java:getSCMRatisSnapshotDirectory(134)) - SCM snapshot dir is not configured. Falling back to ozone.metadata.dirs config
2021-05-14 10:48:17,224 [Listener at 0.0.0.0/12463] INFO  ha.SequenceIdGenerator (SequenceIdGenerator.java:upgradeToSequenceId(300)) - upgrade localId to 107544261427200000
2021-05-14 10:48:17,224 [Listener at 0.0.0.0/12463] INFO  ha.SequenceIdGenerator (SequenceIdGenerator.java:upgradeToSequenceId(310)) - upgrade delTxnId to 0
2021-05-14 10:48:17,224 [Listener at 0.0.0.0/12463] INFO  ha.SequenceIdGenerator (SequenceIdGenerator.java:upgradeToSequenceId(324)) - upgrade containerId to 0
2021-05-14 10:48:17,224 [Listener at 0.0.0.0/12463] INFO  ha.SequenceIdGenerator (SequenceIdGenerator.java:<init>(196)) - Init the HA SequenceIdGenerator.
2021-05-14 10:48:17,224 [Listener at 0.0.0.0/12463] WARN  server.ServerUtils (ServerUtils.java:sanitizeUserArgs(73)) - ozone.scm.stale.node.interval value = 300000 is larger than max = 100000 based on the key value of ozone.scm.heartbeat.thread.interval, reset to the max value 100000.
2021-05-14 10:48:17,224 [Listener at 0.0.0.0/12463] WARN  server.ServerUtils (ServerUtils.java:sanitizeUserArgs(73)) - ozone.scm.stale.node.interval value = 300000 is larger than max = 100000 based on the key value of ozone.scm.heartbeat.thread.interval, reset to the max value 100000.
2021-05-14 10:48:17,225 [Listener at 0.0.0.0/12463] INFO  node.SCMNodeManager (SCMNodeManager.java:<init>(125)) - Entering startup safe mode.
2021-05-14 10:48:17,225 [Listener at 0.0.0.0/12463] INFO  algorithms.ContainerPlacementPolicyFactory (ContainerPlacementPolicyFactory.java:getPolicy(60)) - Create container placement policy of type org.apache.hadoop.hdds.scm.container.placement.algorithms.SCMContainerPlacementRandom
2021-05-14 10:48:17,225 [Listener at 0.0.0.0/12463] INFO  pipeline.PipelineStateManager (PipelineStateManagerV2Impl.java:initialize(78)) - No pipeline exists in current db
2021-05-14 10:48:17,225 [Listener at 0.0.0.0/12463] INFO  algorithms.LeaderChoosePolicyFactory (LeaderChoosePolicyFactory.java:getPolicy(57)) - Create leader choose policy of type org.apache.hadoop.hdds.scm.pipeline.leader.choose.algorithms.MinLeaderCountChoosePolicy
2021-05-14 10:48:17,226 [Listener at 0.0.0.0/12463] INFO  ha.SCMServiceManager (SCMServiceManager.java:register(43)) - Registering service BackgroundPipelineCreator.
2021-05-14 10:48:17,226 [Listener at 0.0.0.0/12463] INFO  pipeline.BackgroundPipelineCreator (BackgroundPipelineCreatorV2.java:start(130)) - Starting RatisPipelineUtilsThread.
2021-05-14 10:48:17,226 [Listener at 0.0.0.0/12463] INFO  algorithms.PipelineChoosePolicyFactory (PipelineChoosePolicyFactory.java:createPipelineChoosePolicyFromClass(73)) - Create pipeline choose policy of type org.apache.hadoop.hdds.scm.pipeline.choose.algorithms.RandomPipelineChoosePolicy
2021-05-14 10:48:17,227 [Listener at 0.0.0.0/12463] INFO  ha.SCMServiceManager (SCMServiceManager.java:register(43)) - Registering service SCMBlockDeletingService.
2021-05-14 10:48:17,227 [Listener at 0.0.0.0/12463] INFO  ha.SCMServiceManager (SCMServiceManager.java:register(43)) - Registering service ReplicationManager.
2021-05-14 10:48:17,227 [Listener at 0.0.0.0/12463] INFO  container.ReplicationManager (ReplicationManager.java:start(226)) - Starting Replication Monitor Thread.
2021-05-14 10:48:17,228 [Listener at 0.0.0.0/12463] INFO  safemode.HealthyPipelineSafeModeRule (HealthyPipelineSafeModeRule.java:<init>(90)) - Total pipeline count is 0, healthy pipeline threshold count is 0
2021-05-14 10:48:17,228 [Listener at 0.0.0.0/12463] INFO  safemode.OneReplicaPipelineSafeModeRule (OneReplicaPipelineSafeModeRule.java:<init>(86)) - Total pipeline count is 0, pipeline's with at least one datanode reported threshold count is 0
2021-05-14 10:48:17,237 [Listener at 0.0.0.0/12463] INFO  ipc.CallQueueManager (CallQueueManager.java:<init>(85)) - Using callQueue: class java.util.concurrent.LinkedBlockingQueue, queueCapacity: 2000, scheduler: class org.apache.hadoop.ipc.DefaultRpcScheduler, ipcBackoff: false.
2021-05-14 10:48:17,238 [ReplicationMonitor] INFO  container.ReplicationManager (ReplicationManager.java:run(290)) - Replication Monitor Thread took 1 milliseconds for processing 0 containers.
2021-05-14 10:48:17,238 [Socket Reader #1 for port 12471] INFO  ipc.Server (Server.java:run(1255)) - Starting Socket Reader #1 for port 12471
2021-05-14 10:48:17,239 [Listener at 0.0.0.0/12471] INFO  ipc.CallQueueManager (CallQueueManager.java:<init>(85)) - Using callQueue: class java.util.concurrent.LinkedBlockingQueue, queueCapacity: 2000, scheduler: class org.apache.hadoop.ipc.DefaultRpcScheduler, ipcBackoff: false.
2021-05-14 10:48:17,240 [Socket Reader #1 for port 12472] INFO  ipc.Server (Server.java:run(1255)) - Starting Socket Reader #1 for port 12472
2021-05-14 10:48:17,240 [Listener at 0.0.0.0/12472] INFO  ipc.CallQueueManager (CallQueueManager.java:<init>(85)) - Using callQueue: class java.util.concurrent.LinkedBlockingQueue, queueCapacity: 2000, scheduler: class org.apache.hadoop.ipc.DefaultRpcScheduler, ipcBackoff: false.
2021-05-14 10:48:17,241 [Socket Reader #1 for port 12473] INFO  ipc.Server (Server.java:run(1255)) - Starting Socket Reader #1 for port 12473
2021-05-14 10:48:17,247 [Listener at 0.0.0.0/12473] INFO  server.StorageContainerManager (StorageContainerManager.java:<init>(416)) - Container Balancer status:
Key                            Value
Running                        false
Container Balancer Configuration values:
Key                            Value
Threshold                      0.100000
Max Datanodes to Balance       5
Max Size to Move               10737418240B

2021-05-14 10:48:17,247 [Listener at 0.0.0.0/12473] WARN  events.EventQueue (EventQueue.java:fireEvent(185)) - No event handler registered for event TypedEvent{payloadType=SafeModeStatus, name='Safe mode status'}
2021-05-14 10:48:17,247 [Listener at 0.0.0.0/12473] INFO  ha.SCMContext (SCMContext.java:updateSafeModeStatus(147)) - Update SafeModeStatus from SafeModeStatus{safeModeStatus=true, preCheckPassed=false} to SafeModeStatus{safeModeStatus=true, preCheckPassed=false}.
2021-05-14 10:48:17,247 [Listener at 0.0.0.0/12473] INFO  server.StorageContainerManager (StorageContainerManager.java:start(1169)) - StorageContainerLocationProtocol RPC server is listening at /0.0.0.0:12473
2021-05-14 10:48:17,248 [Listener at 0.0.0.0/12473] INFO  ha.SCMRatisServerImpl (SCMRatisServerImpl.java:start(167)) - starting ratis server 0.0.0.0:12470
2021-05-14 10:48:17,248 [Listener at 0.0.0.0/12473] INFO  server.RaftServer$Division (RaftServerImpl.java:start(298)) - 2020c872-c3ef-4459-8785-7713b8bbeb69@group-D4E31CEF5B5A: start with initializing state, conf=-1: [], old=null
2021-05-14 10:48:17,248 [Listener at 0.0.0.0/12473] INFO  server.RaftServer$Division (RaftServerImpl.java:setRole(284)) - 2020c872-c3ef-4459-8785-7713b8bbeb69@group-D4E31CEF5B5A: changes role from      null to FOLLOWER at term 0 for startInitializing
2021-05-14 10:48:17,248 [Listener at 0.0.0.0/12473] INFO  util.JmxRegister (JmxRegister.java:tryRegister(44)) - Successfully registered JMX Bean with object name Ratis:service=RaftServer,group=group-D4E31CEF5B5A,id=2020c872-c3ef-4459-8785-7713b8bbeb69
2021-05-14 10:48:17,248 [Listener at 0.0.0.0/12473] INFO  metrics.RatisMetrics (RatisMetrics.java:lambda$create$0(36)) - Creating Metrics Registry : ratis.state_machine.2020c872-c3ef-4459-8785-7713b8bbeb69@group-D4E31CEF5B5A
2021-05-14 10:48:17,248 [Listener at 0.0.0.0/12473] INFO  server.RaftServer (RaftServerProxy.java:lambda$start$5(374)) - 2020c872-c3ef-4459-8785-7713b8bbeb69: start RPC server
2021-05-14 10:48:17,251 [Listener at 0.0.0.0/12473] INFO  server.GrpcService (GrpcService.java:startImpl(253)) - 2020c872-c3ef-4459-8785-7713b8bbeb69: GrpcService started, listening on 12470
2021-05-14 10:48:17,251 [Listener at 0.0.0.0/12473] INFO  ha.SCMNodeInfo (SCMNodeInfo.java:getPort(197)) - ConfigKey ozone.scm.client.address is deprecated, For configuring different ports for each SCM use PortConfigKey ozone.scm.client.port appended with serviceId and nodeId
2021-05-14 10:48:17,252 [Listener at 0.0.0.0/12473] INFO  ha.SCMNodeInfo (SCMNodeInfo.java:getPort(197)) - ConfigKey ozone.scm.block.client.address is deprecated, For configuring different ports for each SCM use PortConfigKey ozone.scm.block.client.port appended with serviceId and nodeId
2021-05-14 10:48:17,252 [Listener at 0.0.0.0/12473] INFO  ha.SCMNodeInfo (SCMNodeInfo.java:getPort(197)) - ConfigKey ozone.scm.datanode.address is deprecated, For configuring different ports for each SCM use PortConfigKey ozone.scm.datanode.port appended with serviceId and nodeId
2021-05-14 10:48:17,252 [Listener at 0.0.0.0/12473] INFO  ha.SCMNodeInfo (SCMNodeInfo.java:getPort(197)) - ConfigKey ozone.scm.client.address is deprecated, For configuring different ports for each SCM use PortConfigKey ozone.scm.client.port appended with serviceId and nodeId
2021-05-14 10:48:17,252 [Listener at 0.0.0.0/12473] INFO  ha.SCMNodeInfo (SCMNodeInfo.java:getPort(197)) - ConfigKey ozone.scm.block.client.address is deprecated, For configuring different ports for each SCM use PortConfigKey ozone.scm.block.client.port appended with serviceId and nodeId
2021-05-14 10:48:17,252 [Listener at 0.0.0.0/12473] INFO  ha.SCMNodeInfo (SCMNodeInfo.java:getPort(197)) - ConfigKey ozone.scm.datanode.address is deprecated, For configuring different ports for each SCM use PortConfigKey ozone.scm.datanode.port appended with serviceId and nodeId
2021-05-14 10:48:17,252 [Listener at 0.0.0.0/12473] INFO  ha.SCMNodeInfo (SCMNodeInfo.java:getPort(197)) - ConfigKey ozone.scm.client.address is deprecated, For configuring different ports for each SCM use PortConfigKey ozone.scm.client.port appended with serviceId and nodeId
2021-05-14 10:48:17,252 [Listener at 0.0.0.0/12473] INFO  ha.SCMNodeInfo (SCMNodeInfo.java:getPort(197)) - ConfigKey ozone.scm.block.client.address is deprecated, For configuring different ports for each SCM use PortConfigKey ozone.scm.block.client.port appended with serviceId and nodeId
2021-05-14 10:48:17,252 [Listener at 0.0.0.0/12473] INFO  ha.SCMNodeInfo (SCMNodeInfo.java:getPort(197)) - ConfigKey ozone.scm.datanode.address is deprecated, For configuring different ports for each SCM use PortConfigKey ozone.scm.datanode.port appended with serviceId and nodeId
2021-05-14 10:48:17,253 [org.apache.ratis.util.JvmPauseMonitor$$Lambda$415/1125547908@66ec95] INFO  util.JvmPauseMonitor (JvmPauseMonitor.java:run(103)) - JvmPauseMonitor-2020c872-c3ef-4459-8785-7713b8bbeb69: Started
2021-05-14 10:48:17,257 [IPC Server handler 1 on default port 12462] INFO  ha.SCMRatisServerImpl (SCMRatisServerImpl.java:addSCM(278)) - 2d21404d-844d-4e33-9226-105b1ab18ff5: Submitting SetConfiguration request to Ratis server with new SCM peers list: [2d21404d-844d-4e33-9226-105b1ab18ff5|rpc:localhost:12460|admin:|client:|dataStream:|priority:0, 2020c872-c3ef-4459-8785-7713b8bbeb69|rpc:localhost:12470|priority:0]
2021-05-14 10:48:17,257 [IPC Server handler 1 on default port 12462] INFO  server.RaftServer$Division (RaftServerImpl.java:setConfigurationAsync(970)) - 2d21404d-844d-4e33-9226-105b1ab18ff5@group-D4E31CEF5B5A: receive setConfiguration SetConfigurationRequest:client-3838B0EFA569->2d21404d-844d-4e33-9226-105b1ab18ff5@group-D4E31CEF5B5A, cid=0, seq=0, RW, null, peers:[2d21404d-844d-4e33-9226-105b1ab18ff5|rpc:localhost:12460|admin:|client:|dataStream:|priority:0, 2020c872-c3ef-4459-8785-7713b8bbeb69|rpc:localhost:12470|priority:0]
2021-05-14 10:48:17,257 [IPC Server handler 1 on default port 12462] INFO  server.RaftServer$Division (LeaderStateImpl.java:startSetConfiguration(345)) - 2d21404d-844d-4e33-9226-105b1ab18ff5@group-D4E31CEF5B5A-LeaderStateImpl: startSetConfiguration SetConfigurationRequest:client-3838B0EFA569->2d21404d-844d-4e33-9226-105b1ab18ff5@group-D4E31CEF5B5A, cid=0, seq=0, RW, null, peers:[2d21404d-844d-4e33-9226-105b1ab18ff5|rpc:localhost:12460|admin:|client:|dataStream:|priority:0, 2020c872-c3ef-4459-8785-7713b8bbeb69|rpc:localhost:12470|priority:0]
2021-05-14 10:48:17,257 [IPC Server handler 1 on default port 12462] INFO  server.RaftServerConfigKeys (ConfUtils.java:logGet(44)) - raft.server.log.appender.snapshot.chunk.size.max = 16MB (=16777216) (default)
2021-05-14 10:48:17,257 [IPC Server handler 1 on default port 12462] INFO  server.RaftServerConfigKeys (ConfUtils.java:logGet(44)) - raft.server.log.appender.buffer.byte-limit = 33554432 (custom)
2021-05-14 10:48:17,258 [IPC Server handler 1 on default port 12462] INFO  server.RaftServerConfigKeys (ConfUtils.java:logGet(44)) - raft.server.log.appender.buffer.element-limit = 33554432 (custom)
2021-05-14 10:48:17,258 [EndpointStateMachine task thread for /127.0.0.1:14605 - 0 ] INFO  ipc.Client (Client.java:handleConnectionFailure(966)) - Retrying connect to server: localhost/127.0.0.1:14605. Already tried 12 time(s); retry policy is RetryUpToMaximumCountWithFixedSleep(maxRetries=15, sleepTime=1000 MILLISECONDS)
2021-05-14 10:48:17,258 [EndpointStateMachine task thread for /127.0.0.1:14585 - 0 ] INFO  ipc.Client (Client.java:handleConnectionFailure(966)) - Retrying connect to server: localhost/127.0.0.1:14585. Already tried 14 time(s); retry policy is RetryUpToMaximumCountWithFixedSleep(maxRetries=15, sleepTime=1000 MILLISECONDS)
2021-05-14 10:48:17,262 [EndpointStateMachine task thread for /127.0.0.1:14595 - 0 ] INFO  ipc.Client (Client.java:handleConnectionFailure(966)) - Retrying connect to server: localhost/127.0.0.1:14595. Already tried 14 time(s); retry policy is RetryUpToMaximumCountWithFixedSleep(maxRetries=15, sleepTime=1000 MILLISECONDS)
2021-05-14 10:48:17,290 [IPC Server handler 1 on default port 12462] INFO  grpc.GrpcConfigKeys (ConfUtils.java:logGet(44)) - raft.grpc.server.leader.outstanding.appends.max = 128 (default)
2021-05-14 10:48:17,290 [IPC Server handler 1 on default port 12462] INFO  server.RaftServerConfigKeys (ConfUtils.java:logGet(44)) - raft.server.rpc.request.timeout = 3000ms (default)
2021-05-14 10:48:17,291 [IPC Server handler 1 on default port 12462] INFO  server.RaftServerConfigKeys (ConfUtils.java:logGet(44)) - raft.server.log.appender.install.snapshot.enabled = false (custom)
2021-05-14 10:48:17,291 [IPC Server handler 1 on default port 12462] INFO  metrics.RatisMetrics (RatisMetrics.java:lambda$create$0(36)) - Creating Metrics Registry : ratis_grpc.log_appender.2d21404d-844d-4e33-9226-105b1ab18ff5@group-D4E31CEF5B5A
2021-05-14 10:48:17,299 [grpc-default-executor-2] INFO  metrics.RatisMetrics (RatisMetrics.java:lambda$create$0(36)) - Creating Metrics Registry : ratis.server_message_metrics.2020c872-c3ef-4459-8785-7713b8bbeb69
2021-05-14 10:48:17,301 [grpc-default-executor-2] INFO  ha.SCMStateMachine (SCMStateMachine.java:notifyLeaderChanged(240)) - leader changed, yet current SCM is still follower.
2021-05-14 10:48:17,301 [grpc-default-executor-2] INFO  server.RaftServer$Division (ServerState.java:setLeader(271)) - 2020c872-c3ef-4459-8785-7713b8bbeb69@group-D4E31CEF5B5A: change Leader from null to 2d21404d-844d-4e33-9226-105b1ab18ff5 at term 2 for appendEntries, leader elected after 82ms
2021-05-14 10:48:17,301 [grpc-default-executor-2] INFO  impl.RoleInfo (RoleInfo.java:updateAndGet(130)) - 2020c872-c3ef-4459-8785-7713b8bbeb69: start 2020c872-c3ef-4459-8785-7713b8bbeb69@group-D4E31CEF5B5A-FollowerState
2021-05-14 10:48:17,310 [grpc-default-executor-2] INFO  server.RaftServer$Division (ServerState.java:setRaftConf(373)) - 2020c872-c3ef-4459-8785-7713b8bbeb69@group-D4E31CEF5B5A: set configuration 0: [2d21404d-844d-4e33-9226-105b1ab18ff5|rpc:localhost:12460|admin:|client:|dataStream:|priority:0], old=null
2021-05-14 10:48:17,310 [grpc-default-executor-2] INFO  server.RaftServer$Division (ServerState.java:setRaftConf(373)) - 2020c872-c3ef-4459-8785-7713b8bbeb69@group-D4E31CEF5B5A: set configuration 1: [2d21404d-844d-4e33-9226-105b1ab18ff5|rpc:localhost:12460|admin:|client:|dataStream:|priority:0], old=null
2021-05-14 10:48:17,311 [grpc-default-executor-2] INFO  segmented.SegmentedRaftLogWorker (SegmentedRaftLogWorker.java:startLogSegment(394)) - 2020c872-c3ef-4459-8785-7713b8bbeb69@group-D4E31CEF5B5A-SegmentedRaftLogWorker: Starting segment from index:0
2021-05-14 10:48:17,311 [grpc-default-executor-2] INFO  segmented.SegmentedRaftLogWorker (SegmentedRaftLogWorker.java:rollLogSegment(399)) - 2020c872-c3ef-4459-8785-7713b8bbeb69@group-D4E31CEF5B5A-SegmentedRaftLogWorker: Rolling segment log-0_0 to index:0
2021-05-14 10:48:17,312 [2020c872-c3ef-4459-8785-7713b8bbeb69@group-D4E31CEF5B5A-SegmentedRaftLogWorker] INFO  segmented.SegmentedRaftLogWorker (SegmentedRaftLogWorker.java:execute(601)) - 2020c872-c3ef-4459-8785-7713b8bbeb69@group-D4E31CEF5B5A-SegmentedRaftLogWorker: created new log segment /github/workspace/mnt/ozone/hadoop-ozone/integration-test/target/test-dir/MiniOzoneClusterImpl-ae7c3056-0ef0-4eb0-8011-d4e31cef5b5a/scmNode-2/scm-ha/ae7c3056-0ef0-4eb0-8011-d4e31cef5b5a/current/log_inprogress_0
2021-05-14 10:48:17,313 [2020c872-c3ef-4459-8785-7713b8bbeb69@group-D4E31CEF5B5A-SegmentedRaftLogWorker] INFO  segmented.SegmentedRaftLogWorker (SegmentedRaftLogWorker.java:execute(558)) - 2020c872-c3ef-4459-8785-7713b8bbeb69@group-D4E31CEF5B5A-SegmentedRaftLogWorker: Rolled log segment from /github/workspace/mnt/ozone/hadoop-ozone/integration-test/target/test-dir/MiniOzoneClusterImpl-ae7c3056-0ef0-4eb0-8011-d4e31cef5b5a/scmNode-2/scm-ha/ae7c3056-0ef0-4eb0-8011-d4e31cef5b5a/current/log_inprogress_0 to /github/workspace/mnt/ozone/hadoop-ozone/integration-test/target/test-dir/MiniOzoneClusterImpl-ae7c3056-0ef0-4eb0-8011-d4e31cef5b5a/scmNode-2/scm-ha/ae7c3056-0ef0-4eb0-8011-d4e31cef5b5a/current/log_0-0
2021-05-14 10:48:17,315 [2020c872-c3ef-4459-8785-7713b8bbeb69@group-D4E31CEF5B5A-SegmentedRaftLogWorker] INFO  segmented.SegmentedRaftLogWorker (SegmentedRaftLogWorker.java:execute(601)) - 2020c872-c3ef-4459-8785-7713b8bbeb69@group-D4E31CEF5B5A-SegmentedRaftLogWorker: created new log segment /github/workspace/mnt/ozone/hadoop-ozone/integration-test/target/test-dir/MiniOzoneClusterImpl-ae7c3056-0ef0-4eb0-8011-d4e31cef5b5a/scmNode-2/scm-ha/ae7c3056-0ef0-4eb0-8011-d4e31cef5b5a/current/log_inprogress_1
2021-05-14 10:48:17,317 [2d21404d-844d-4e33-9226-105b1ab18ff5@group-D4E31CEF5B5A-LeaderStateImpl] INFO  server.RaftServer$Division (ServerState.java:setRaftConf(373)) - 2d21404d-844d-4e33-9226-105b1ab18ff5@group-D4E31CEF5B5A: set configuration 3: [2d21404d-844d-4e33-9226-105b1ab18ff5|rpc:localhost:12460|admin:|client:|dataStream:|priority:0, 2020c872-c3ef-4459-8785-7713b8bbeb69|rpc:localhost:12470|priority:0], old=[2d21404d-844d-4e33-9226-105b1ab18ff5|rpc:localhost:12460|admin:|client:|dataStream:|priority:0]
2021-05-14 10:48:17,318 [grpc-default-executor-2] INFO  server.RaftServer$Division (ServerState.java:setRaftConf(373)) - 2020c872-c3ef-4459-8785-7713b8bbeb69@group-D4E31CEF5B5A: set configuration 3: [2d21404d-844d-4e33-9226-105b1ab18ff5|rpc:localhost:12460|admin:|client:|dataStream:|priority:0, 2020c872-c3ef-4459-8785-7713b8bbeb69|rpc:localhost:12470|admin:|client:|dataStream:|priority:0], old=[2d21404d-844d-4e33-9226-105b1ab18ff5|rpc:localhost:12460|admin:|client:|dataStream:|priority:0]
2021-05-14 10:48:17,319 [2d21404d-844d-4e33-9226-105b1ab18ff5@group-D4E31CEF5B5A-LeaderStateImpl] INFO  server.RaftServer$Division (ServerState.java:setRaftConf(373)) - 2d21404d-844d-4e33-9226-105b1ab18ff5@group-D4E31CEF5B5A: set configuration 5: [2d21404d-844d-4e33-9226-105b1ab18ff5|rpc:localhost:12460|admin:|client:|dataStream:|priority:0, 2020c872-c3ef-4459-8785-7713b8bbeb69|rpc:localhost:12470|priority:0], old=null
2021-05-14 10:48:17,320 [grpc-default-executor-2] INFO  server.RaftServer$Division (ServerState.java:setRaftConf(373)) - 2020c872-c3ef-4459-8785-7713b8bbeb69@group-D4E31CEF5B5A: set configuration 5: [2d21404d-844d-4e33-9226-105b1ab18ff5|rpc:localhost:12460|admin:|client:|dataStream:|priority:0, 2020c872-c3ef-4459-8785-7713b8bbeb69|rpc:localhost:12470|admin:|client:|dataStream:|priority:0], old=null
2021-05-14 10:48:17,322 [IPC Server handler 1 on default port 12462] INFO  ha.SCMRatisServerImpl (SCMRatisServerImpl.java:addSCM(289)) - Successfully added new SCM: 2020c872-c3ef-4459-8785-7713b8bbeb69.
2021-05-14 10:48:17,325 [Listener at 0.0.0.0/12473] INFO  ha.SCMHAManagerImpl (SCMHAManagerImpl.java:start(116)) - Successfully added SCM scmNode-2 to group group-D4E31CEF5B5A:[2d21404d-844d-4e33-9226-105b1ab18ff5|rpc:localhost:12460|admin:|client:|dataStream:|priority:0, 2020c872-c3ef-4459-8785-7713b8bbeb69|rpc:localhost:12470|admin:|client:|dataStream:|priority:0]
2021-05-14 10:48:17,325 [Listener at 0.0.0.0/12473] INFO  ha.InterSCMGrpcService (InterSCMGrpcProtocolService.java:start(94)) - Starting SCM Grpc Service at port 12474
2021-05-14 10:48:17,326 [Listener at 0.0.0.0/12473] INFO  impl.MetricsSystemImpl (MetricsSystemImpl.java:init(158)) - StorageContainerManager metrics system started (again)
2021-05-14 10:48:17,327 [Listener at 0.0.0.0/12473] INFO  server.SCMClientProtocolServer (SCMClientProtocolServer.java:start(163)) - RPC server for Client  is listening at /0.0.0.0:12473
2021-05-14 10:48:17,328 [IPC Server Responder] INFO  ipc.Server (Server.java:run(1497)) - IPC Server Responder: starting
2021-05-14 10:48:17,330 [IPC Server listener on 12473] INFO  ipc.Server (Server.java:run(1334)) - IPC Server listener on 12473: starting
2021-05-14 10:48:17,331 [EndpointStateMachine task thread for /127.0.0.1:12561 - 0 ] INFO  ipc.Client (Client.java:handleConnectionFailure(966)) - Retrying connect to server: localhost/127.0.0.1:12561. Already tried 7 time(s); retry policy is RetryUpToMaximumCountWithFixedSleep(maxRetries=15, sleepTime=1000 MILLISECONDS)
2021-05-14 10:48:17,333 [Listener at 0.0.0.0/12473] INFO  server.StorageContainerManager (StorageContainerManager.java:start(1184)) - ScmBlockLocationProtocol RPC server is listening at /0.0.0.0:12472
2021-05-14 10:48:17,333 [Listener at 0.0.0.0/12473] INFO  server.SCMBlockProtocolServer (SCMBlockProtocolServer.java:start(149)) - RPC server for Block Protocol is listening at /0.0.0.0:12472
2021-05-14 10:48:17,333 [IPC Server Responder] INFO  ipc.Server (Server.java:run(1497)) - IPC Server Responder: starting
2021-05-14 10:48:17,333 [IPC Server listener on 12472] INFO  ipc.Server (Server.java:run(1334)) - IPC Server listener on 12472: starting
2021-05-14 10:48:17,335 [Listener at 0.0.0.0/12473] INFO  server.StorageContainerManager (StorageContainerManager.java:start(1190)) - ScmDatanodeProtocl RPC server is listening at /0.0.0.0:12471
2021-05-14 10:48:17,335 [Listener at 0.0.0.0/12473] INFO  server.SCMDatanodeProtocolServer (SCMDatanodeProtocolServer.java:start(174)) - RPC server for DataNodes is listening at /0.0.0.0:12471
2021-05-14 10:48:17,335 [IPC Server Responder] INFO  ipc.Server (Server.java:run(1497)) - IPC Server Responder: starting
2021-05-14 10:48:17,335 [IPC Server listener on 12471] INFO  ipc.Server (Server.java:run(1334)) - IPC Server listener on 12471: starting
2021-05-14 10:48:17,339 [org.apache.hadoop.util.JvmPauseMonitor$Monitor@4e195dca] INFO  util.JvmPauseMonitor (JvmPauseMonitor.java:run(188)) - Starting JVM pause monitor
2021-05-14 10:48:17,405 [Listener at 0.0.0.0/12473] INFO  http.BaseHttpServer (BaseHttpServer.java:newHttpServer2BuilderForOzone(207)) - Starting Web-server for scm at: http://0.0.0.0:12468
2021-05-14 10:48:17,405 [Listener at 0.0.0.0/12473] INFO  http.BaseHttpServer (BaseHttpServer.java:<init>(106)) - Hadoop Security Enabled: false Ozone Security Enabled: false Ozone HTTP Security Enabled: false 
2021-05-14 10:48:17,408 [Listener at 0.0.0.0/12473] INFO  server.AuthenticationFilter (AuthenticationFilter.java:constructSecretProvider(240)) - Unable to initialize FileSignerSecretProvider, falling back to use random secrets.
2021-05-14 10:48:17,409 [Listener at 0.0.0.0/12473] WARN  http.HttpRequestLog (HttpRequestLog.java:getRequestLog(103)) - Jetty request log can only be enabled using Log4j
2021-05-14 10:48:17,410 [Listener at 0.0.0.0/12473] INFO  http.HttpServer2 (HttpServer2.java:addGlobalFilter(1020)) - Added global filter 'safety' (class=org.apache.hadoop.hdds.server.http.HttpServer2$QuotingInputFilter)
2021-05-14 10:48:17,410 [Listener at 0.0.0.0/12473] INFO  http.HttpServer2 (HttpServer2.java:addFilter(996)) - Added filter static_user_filter (class=org.apache.hadoop.http.lib.StaticUserWebFilter$StaticUserFilter) to context scm
2021-05-14 10:48:17,410 [Listener at 0.0.0.0/12473] INFO  http.HttpServer2 (HttpServer2.java:addFilter(1004)) - Added filter static_user_filter (class=org.apache.hadoop.http.lib.StaticUserWebFilter$StaticUserFilter) to context static
2021-05-14 10:48:17,410 [Listener at 0.0.0.0/12473] INFO  http.HttpServer2 (HttpServer2.java:addFilter(1004)) - Added filter static_user_filter (class=org.apache.hadoop.http.lib.StaticUserWebFilter$StaticUserFilter) to context logs
2021-05-14 10:48:17,411 [Listener at 0.0.0.0/12473] INFO  http.HttpServer2 (HttpServer2.java:bindListener(1238)) - Jetty bound to port 12468
2021-05-14 10:48:17,411 [Listener at 0.0.0.0/12473] INFO  server.Server (Server.java:doStart(375)) - jetty-9.4.35.v20201120; built: 2020-11-20T21:17:03.964Z; git: bdc54f03a5e0a7e280fab27f55c3c75ee8da89fb; jvm 1.8.0_232-b09
2021-05-14 10:48:17,412 [Listener at 0.0.0.0/12473] INFO  server.session (DefaultSessionIdManager.java:doStart(334)) - DefaultSessionIdManager workerName=node0
2021-05-14 10:48:17,412 [Listener at 0.0.0.0/12473] INFO  server.session (DefaultSessionIdManager.java:doStart(339)) - No SessionScavenger set, using defaults
2021-05-14 10:48:17,415 [Listener at 0.0.0.0/12473] INFO  server.session (HouseKeeper.java:startScavenging(132)) - node0 Scavenging every 600000ms
2021-05-14 10:48:17,416 [Listener at 0.0.0.0/12473] INFO  handler.ContextHandler (ContextHandler.java:doStart(916)) - Started o.e.j.s.ServletContextHandler@458f6879{logs,/logs,file:///github/workspace/mnt/ozone/hadoop-ozone/integration-test/target/log,AVAILABLE}
2021-05-14 10:48:17,416 [Listener at 0.0.0.0/12473] INFO  handler.ContextHandler (ContextHandler.java:doStart(916)) - Started o.e.j.s.ServletContextHandler@5ae48db1{static,/static,file:///github/workspace/mnt/ozone/hadoop-ozone/integration-test/target/test-classes/webapps/static,AVAILABLE}
2021-05-14 10:48:17,419 [Listener at 0.0.0.0/12473] INFO  handler.ContextHandler (ContextHandler.java:doStart(916)) - Started o.e.j.w.WebAppContext@6c55e1c1{scm,/,file:///github/workspace/mnt/ozone/hadoop-ozone/integration-test/target/test-classes/webapps/scm/,AVAILABLE}{file:/github/workspace/mnt/ozone/hadoop-ozone/integration-test/target/test-classes/webapps/scm}
2021-05-14 10:48:17,430 [Listener at 0.0.0.0/12473] INFO  server.AbstractConnector (AbstractConnector.java:doStart(331)) - Started ServerConnector@2afbb7a{HTTP/1.1, (http/1.1)}{0.0.0.0:12468}
2021-05-14 10:48:17,430 [Listener at 0.0.0.0/12473] INFO  server.Server (Server.java:doStart(415)) - Started @99098ms
2021-05-14 10:48:17,430 [Listener at 0.0.0.0/12473] WARN  impl.MetricsSystemImpl (MetricsSystemImpl.java:register(279)) - Sink prometheus already exists!
2021-05-14 10:48:17,433 [Listener at 0.0.0.0/12473] INFO  http.BaseHttpServer (BaseHttpServer.java:updateConnectorAddress(327)) - HTTP server of scm listening at http://0.0.0.0:12468
2021-05-14 10:48:17,433 [Listener at 0.0.0.0/12473] INFO  ozone.MiniOzoneHAClusterImpl (MiniOzoneHAClusterImpl.java:createSCMService(536)) - Started SCM RPC server at org.apache.hadoop.hdds.scm.server.SCMClientProtocolServer@2fdb562d
2021-05-14 10:48:17,433 [Listener at 0.0.0.0/12473] INFO  ha.SCMHANodeDetails (SCMHANodeDetails.java:loadSCMHAConfig(149)) - ServiceID for StorageContainerManager is scm-service-test1
2021-05-14 10:48:17,433 [Listener at 0.0.0.0/12473] INFO  ha.SCMHANodeDetails (SCMHANodeDetails.java:loadSCMHAConfig(160)) - ServiceID for StorageContainerManager is scm-service-test1
2021-05-14 10:48:17,434 [Listener at 0.0.0.0/12473] INFO  ha.SCMHANodeDetails (SCMHANodeDetails.java:loadSCMHAConfig(239)) - Found matching SCM address with SCMServiceId: scm-service-test1, SCMNodeId: scmNode-3, RPC Address: localhost:12480 and Ratis port: 12480
2021-05-14 10:48:17,434 [Listener at 0.0.0.0/12473] INFO  ha.SCMHANodeDetails (ConfUtils.java:setNodeSpecificConfigs(105)) - Setting configuration key ozone.scm.datanode.address with value of key ozone.scm.datanode.address.scm-service-test1.scmNode-3: 127.0.0.1:12481
2021-05-14 10:48:17,434 [Listener at 0.0.0.0/12473] INFO  ha.SCMHANodeDetails (ConfUtils.java:setNodeSpecificConfigs(105)) - Setting configuration key ozone.scm.block.client.address with value of key ozone.scm.block.client.address.scm-service-test1.scmNode-3: 127.0.0.1:12482
2021-05-14 10:48:17,434 [Listener at 0.0.0.0/12473] INFO  ha.SCMHANodeDetails (ConfUtils.java:setNodeSpecificConfigs(105)) - Setting configuration key ozone.scm.client.address with value of key ozone.scm.client.address.scm-service-test1.scmNode-3: 127.0.0.1:12483
2021-05-14 10:48:17,434 [Listener at 0.0.0.0/12473] INFO  ha.SCMHANodeDetails (ConfUtils.java:setNodeSpecificConfigs(105)) - Setting configuration key ozone.scm.ratis.port with value of key ozone.scm.ratis.port.scm-service-test1.scmNode-3: 12480
2021-05-14 10:48:17,434 [Listener at 0.0.0.0/12473] INFO  ha.SCMHANodeDetails (ConfUtils.java:setNodeSpecificConfigs(105)) - Setting configuration key ozone.scm.grpc.port with value of key ozone.scm.grpc.port.scm-service-test1.scmNode-3: 12484
2021-05-14 10:48:17,434 [Listener at 0.0.0.0/12473] INFO  ha.SCMHANodeDetails (ConfUtils.java:setNodeSpecificConfigs(105)) - Setting configuration key ozone.scm.http-address with value of key ozone.scm.http-address.scm-service-test1.scmNode-3: 127.0.0.1:12478
2021-05-14 10:48:17,434 [Listener at 0.0.0.0/12473] INFO  ha.SCMHANodeDetails (ConfUtils.java:setNodeSpecificConfigs(105)) - Setting configuration key ozone.scm.https-address with value of key ozone.scm.https-address.scm-service-test1.scmNode-3: 127.0.0.1:12479
2021-05-14 10:48:17,434 [Listener at 0.0.0.0/12473] INFO  ha.SCMHANodeDetails (ConfUtils.java:setNodeSpecificConfigs(105)) - Setting configuration key ozone.scm.address with value of key ozone.scm.address.scm-service-test1.scmNode-3: 127.0.0.1
2021-05-14 10:48:17,434 [Listener at 0.0.0.0/12473] WARN  server.ServerUtils (ServerUtils.java:getScmDbDir(148)) - ozone.scm.db.dirs is not configured. We recommend adding this setting. Falling back to ozone.metadata.dirs instead.
2021-05-14 10:48:17,435 [Listener at 0.0.0.0/12473] INFO  ha.SCMNodeInfo (SCMNodeInfo.java:getPort(197)) - ConfigKey ozone.scm.client.address is deprecated, For configuring different ports for each SCM use PortConfigKey ozone.scm.client.port appended with serviceId and nodeId
2021-05-14 10:48:17,435 [Listener at 0.0.0.0/12473] INFO  ha.SCMNodeInfo (SCMNodeInfo.java:getPort(197)) - ConfigKey ozone.scm.block.client.address is deprecated, For configuring different ports for each SCM use PortConfigKey ozone.scm.block.client.port appended with serviceId and nodeId
2021-05-14 10:48:17,435 [Listener at 0.0.0.0/12473] INFO  ha.SCMNodeInfo (SCMNodeInfo.java:getPort(197)) - ConfigKey ozone.scm.datanode.address is deprecated, For configuring different ports for each SCM use PortConfigKey ozone.scm.datanode.port appended with serviceId and nodeId
2021-05-14 10:48:17,435 [Listener at 0.0.0.0/12473] INFO  ha.SCMNodeInfo (SCMNodeInfo.java:getPort(197)) - ConfigKey ozone.scm.client.address is deprecated, For configuring different ports for each SCM use PortConfigKey ozone.scm.client.port appended with serviceId and nodeId
2021-05-14 10:48:17,435 [Listener at 0.0.0.0/12473] INFO  ha.SCMNodeInfo (SCMNodeInfo.java:getPort(197)) - ConfigKey ozone.scm.block.client.address is deprecated, For configuring different ports for each SCM use PortConfigKey ozone.scm.block.client.port appended with serviceId and nodeId
2021-05-14 10:48:17,435 [Listener at 0.0.0.0/12473] INFO  ha.SCMNodeInfo (SCMNodeInfo.java:getPort(197)) - ConfigKey ozone.scm.datanode.address is deprecated, For configuring different ports for each SCM use PortConfigKey ozone.scm.datanode.port appended with serviceId and nodeId
2021-05-14 10:48:17,435 [Listener at 0.0.0.0/12473] INFO  ha.SCMNodeInfo (SCMNodeInfo.java:getPort(197)) - ConfigKey ozone.scm.client.address is deprecated, For configuring different ports for each SCM use PortConfigKey ozone.scm.client.port appended with serviceId and nodeId
2021-05-14 10:48:17,436 [Listener at 0.0.0.0/12473] INFO  ha.SCMNodeInfo (SCMNodeInfo.java:getPort(197)) - ConfigKey ozone.scm.block.client.address is deprecated, For configuring different ports for each SCM use PortConfigKey ozone.scm.block.client.port appended with serviceId and nodeId
2021-05-14 10:48:17,436 [Listener at 0.0.0.0/12473] INFO  ha.SCMNodeInfo (SCMNodeInfo.java:getPort(197)) - ConfigKey ozone.scm.datanode.address is deprecated, For configuring different ports for each SCM use PortConfigKey ozone.scm.datanode.port appended with serviceId and nodeId
2021-05-14 10:48:17,441 [Listener at 0.0.0.0/12473] INFO  server.StorageContainerManager (StorageContainerManager.java:scmBootstrap(906)) - SCM BootStrap  is successful for ClusterID ae7c3056-0ef0-4eb0-8011-d4e31cef5b5a, SCMID 87d8a532-2b60-4540-84a9-f823ac2a5c15
2021-05-14 10:48:17,441 [Listener at 0.0.0.0/12473] INFO  server.StorageContainerManager (StorageContainerManager.java:scmBootstrap(908)) - Primary SCM Node ID 2d21404d-844d-4e33-9226-105b1ab18ff5
2021-05-14 10:48:17,441 [Listener at 0.0.0.0/12473] INFO  ha.SCMHANodeDetails (SCMHANodeDetails.java:loadSCMHAConfig(149)) - ServiceID for StorageContainerManager is scm-service-test1
2021-05-14 10:48:17,441 [Listener at 0.0.0.0/12473] INFO  ha.SCMHANodeDetails (SCMHANodeDetails.java:loadSCMHAConfig(160)) - ServiceID for StorageContainerManager is scm-service-test1
2021-05-14 10:48:17,441 [Listener at 0.0.0.0/12473] INFO  ha.SCMHANodeDetails (SCMHANodeDetails.java:loadSCMHAConfig(239)) - Found matching SCM address with SCMServiceId: scm-service-test1, SCMNodeId: scmNode-3, RPC Address: localhost:12480 and Ratis port: 12480
2021-05-14 10:48:17,441 [Listener at 0.0.0.0/12473] INFO  ha.SCMHANodeDetails (ConfUtils.java:setNodeSpecificConfigs(105)) - Setting configuration key ozone.scm.datanode.address with value of key ozone.scm.datanode.address.scm-service-test1.scmNode-3: 127.0.0.1:12481
2021-05-14 10:48:17,441 [Listener at 0.0.0.0/12473] INFO  ha.SCMHANodeDetails (ConfUtils.java:setNodeSpecificConfigs(105)) - Setting configuration key ozone.scm.block.client.address with value of key ozone.scm.block.client.address.scm-service-test1.scmNode-3: 127.0.0.1:12482
2021-05-14 10:48:17,441 [Listener at 0.0.0.0/12473] INFO  ha.SCMHANodeDetails (ConfUtils.java:setNodeSpecificConfigs(105)) - Setting configuration key ozone.scm.client.address with value of key ozone.scm.client.address.scm-service-test1.scmNode-3: 127.0.0.1:12483
2021-05-14 10:48:17,441 [Listener at 0.0.0.0/12473] INFO  ha.SCMHANodeDetails (ConfUtils.java:setNodeSpecificConfigs(105)) - Setting configuration key ozone.scm.ratis.port with value of key ozone.scm.ratis.port.scm-service-test1.scmNode-3: 12480
2021-05-14 10:48:17,441 [Listener at 0.0.0.0/12473] INFO  ha.SCMHANodeDetails (ConfUtils.java:setNodeSpecificConfigs(105)) - Setting configuration key ozone.scm.grpc.port with value of key ozone.scm.grpc.port.scm-service-test1.scmNode-3: 12484
2021-05-14 10:48:17,441 [Listener at 0.0.0.0/12473] INFO  ha.SCMHANodeDetails (ConfUtils.java:setNodeSpecificConfigs(105)) - Setting configuration key ozone.scm.http-address with value of key ozone.scm.http-address.scm-service-test1.scmNode-3: 127.0.0.1:12478
2021-05-14 10:48:17,441 [Listener at 0.0.0.0/12473] INFO  ha.SCMHANodeDetails (ConfUtils.java:setNodeSpecificConfigs(105)) - Setting configuration key ozone.scm.https-address with value of key ozone.scm.https-address.scm-service-test1.scmNode-3: 127.0.0.1:12479
2021-05-14 10:48:17,441 [Listener at 0.0.0.0/12473] INFO  ha.SCMHANodeDetails (ConfUtils.java:setNodeSpecificConfigs(105)) - Setting configuration key ozone.scm.address with value of key ozone.scm.address.scm-service-test1.scmNode-3: 127.0.0.1
2021-05-14 10:48:17,442 [Listener at 0.0.0.0/12473] WARN  server.ServerUtils (ServerUtils.java:getScmDbDir(148)) - ozone.scm.db.dirs is not configured. We recommend adding this setting. Falling back to ozone.metadata.dirs instead.
2021-05-14 10:48:17,442 [Listener at 0.0.0.0/12473] WARN  utils.HAUtils (HAUtils.java:getMetaDir(338)) - ozone.scm.db.dirs is not configured. We recommend adding this setting. Falling back to ozone.metadata.dirs instead.
2021-05-14 10:48:17,443 [Listener at 0.0.0.0/12473] WARN  db.DBStoreBuilder (DBStoreBuilder.java:applyDBDefinition(145)) - ozone.scm.db.dirs is not configured. We recommend adding this setting. Falling back to ozone.metadata.dirs instead.
2021-05-14 10:48:17,510 [Listener at 0.0.0.0/12473] INFO  net.NodeSchemaLoader (NodeSchemaLoader.java:loadSchemaFromFile(129)) - Loading schema from [jar:file:/home/user/.m2/repository/org/apache/hadoop/hadoop-hdds-common/1.2.0-SNAPSHOT/hadoop-hdds-common-1.2.0-SNAPSHOT.jar!/network-topology-default.xml, jar:file:/home/user/.m2/repository/org/apache/hadoop/hadoop-ozone-ozone-manager/1.2.0-SNAPSHOT/hadoop-ozone-ozone-manager-1.2.0-SNAPSHOT-tests.jar!/network-topology-default.xml, jar:file:/home/user/.m2/repository/org/apache/hadoop/hadoop-hdds-server-scm/1.2.0-SNAPSHOT/hadoop-hdds-server-scm-1.2.0-SNAPSHOT-tests.jar!/network-topology-default.xml]
2021-05-14 10:48:17,510 [Listener at 0.0.0.0/12473] INFO  net.NodeSchemaLoader (NodeSchemaLoader.java:loadSchema(176)) - Loading network topology layer schema file
2021-05-14 10:48:17,512 [Listener at 0.0.0.0/12473] INFO  ha.SCMRatisServerImpl (SCMRatisServerImpl.java:<init>(87)) - starting Raft server for scm:87d8a532-2b60-4540-84a9-f823ac2a5c15
2021-05-14 10:48:17,512 [Listener at 0.0.0.0/12473] INFO  server.RaftServer (ConfUtils.java:logGet(44)) - raft.rpc.type = GRPC (default)
2021-05-14 10:48:17,513 [Listener at 0.0.0.0/12473] INFO  grpc.GrpcFactory (GrpcFactory.java:checkPooledByteBufAllocatorUseCacheForAllThreads(48)) - PERFORMANCE WARNING: useCacheForAllThreads is true that may cause Netty to create a lot garbage objects and, as a result, trigger GC.
	It is recommended to disable useCacheForAllThreads by setting -Dorg.apache.ratis.thirdparty.io.netty.allocator.useCacheForAllThreads=false in command line.
2021-05-14 10:48:17,513 [Listener at 0.0.0.0/12473] INFO  grpc.GrpcConfigKeys (ConfUtils.java:logGet(44)) - raft.grpc.admin.port = -1 (default)
2021-05-14 10:48:17,513 [Listener at 0.0.0.0/12473] INFO  grpc.GrpcConfigKeys (ConfUtils.java:logGet(44)) - raft.grpc.server.port = 12480 (custom)
2021-05-14 10:48:17,513 [Listener at 0.0.0.0/12473] INFO  grpc.GrpcConfigKeys (ConfUtils.java:logGet(44)) - raft.grpc.client.port = -1 (default)
2021-05-14 10:48:17,513 [Listener at 0.0.0.0/12473] INFO  grpc.GrpcConfigKeys (ConfUtils.java:logGet(44)) - raft.grpc.server.port = 12480 (custom)
2021-05-14 10:48:17,513 [Listener at 0.0.0.0/12473] INFO  grpc.GrpcConfigKeys (ConfUtils.java:logGet(44)) - raft.grpc.server.port = 12480 (custom)
2021-05-14 10:48:17,513 [Listener at 0.0.0.0/12473] INFO  server.GrpcService (ConfUtils.java:logGet(44)) - raft.grpc.message.size.max = 32m (=33554432) (custom)
2021-05-14 10:48:17,513 [Listener at 0.0.0.0/12473] INFO  server.RaftServerConfigKeys (ConfUtils.java:logGet(44)) - raft.server.log.appender.buffer.byte-limit = 33554432 (custom)
2021-05-14 10:48:17,513 [Listener at 0.0.0.0/12473] INFO  server.GrpcService (ConfUtils.java:logGet(44)) - raft.grpc.flow.control.window = 1MB (=1048576) (default)
2021-05-14 10:48:17,514 [Listener at 0.0.0.0/12473] INFO  server.RaftServerConfigKeys (ConfUtils.java:logGet(44)) - raft.server.rpc.request.timeout = 3000ms (default)
2021-05-14 10:48:17,514 [Listener at 0.0.0.0/12473] INFO  impl.DataStreamServerImpl (ConfUtils.java:logGet(44)) - raft.datastream.type = DISABLED (default)
2021-05-14 10:48:17,515 [Listener at 0.0.0.0/12473] INFO  server.RaftServerConfigKeys (ConfUtils.java:logGet(44)) - raft.server.rpc.slowness.timeout = 120000ms (custom)
2021-05-14 10:48:17,515 [Listener at 0.0.0.0/12473] INFO  server.RaftServerConfigKeys (ConfUtils.java:logGet(44)) - raft.server.leaderelection.leader.step-down.wait-time = 10s (default)
2021-05-14 10:48:17,515 [Listener at 0.0.0.0/12473] INFO  server.RaftServerConfigKeys (ConfUtils.java:logGet(44)) - raft.server.storage.dir = [/github/workspace/mnt/ozone/hadoop-ozone/integration-test/target/test-dir/MiniOzoneClusterImpl-ae7c3056-0ef0-4eb0-8011-d4e31cef5b5a/scmNode-3/scm-ha] (custom)
2021-05-14 10:48:17,522 [Listener at 0.0.0.0/12473] INFO  server.RaftServer (RaftServerProxy.java:addNew(95)) - 87d8a532-2b60-4540-84a9-f823ac2a5c15: addNew group-D4E31CEF5B5A:[] returns group-D4E31CEF5B5A:java.util.concurrent.CompletableFuture@11e86a73[Not completed]
2021-05-14 10:48:17,522 [pool-376-thread-1] INFO  server.RaftServer$Division (RaftServerImpl.java:<init>(180)) - 87d8a532-2b60-4540-84a9-f823ac2a5c15: new RaftServerImpl for group-D4E31CEF5B5A:[] with SCMStateMachine:uninitialized
2021-05-14 10:48:17,523 [pool-376-thread-1] INFO  server.RaftServerConfigKeys (ConfUtils.java:logGet(44)) - raft.server.rpc.timeout.min = 5000ms (custom)
2021-05-14 10:48:17,523 [pool-376-thread-1] INFO  server.RaftServerConfigKeys (ConfUtils.java:logGet(44)) - raft.server.rpc.timeout.max = 5200ms (custom)
2021-05-14 10:48:17,523 [pool-376-thread-1] INFO  server.RaftServerConfigKeys (ConfUtils.java:logGet(44)) - raft.server.rpc.sleep.time = 25ms (default)
2021-05-14 10:48:17,523 [pool-376-thread-1] INFO  server.RaftServerConfigKeys (ConfUtils.java:logGet(44)) - raft.server.rpc.slowness.timeout = 120000ms (custom)
2021-05-14 10:48:17,523 [pool-376-thread-1] INFO  server.RaftServerConfigKeys (ConfUtils.java:logGet(44)) - raft.server.leaderelection.leader.step-down.wait-time = 10s (default)
2021-05-14 10:48:17,523 [pool-376-thread-1] INFO  server.RaftServerConfigKeys (ConfUtils.java:logGet(44)) - raft.server.sleep.deviation.threshold = 300ms (default)
2021-05-14 10:48:17,523 [pool-376-thread-1] INFO  server.RaftServerConfigKeys (ConfUtils.java:logGet(44)) - raft.server.log.appender.install.snapshot.enabled = false (custom)
2021-05-14 10:48:17,523 [pool-376-thread-1] INFO  server.RaftServer$Division (ServerState.java:<init>(105)) - 87d8a532-2b60-4540-84a9-f823ac2a5c15@group-D4E31CEF5B5A: ConfigurationManager, init=-1: [], old=null, confs=<EMPTY_MAP>
2021-05-14 10:48:17,523 [pool-376-thread-1] INFO  server.RaftServerConfigKeys (ConfUtils.java:logGet(44)) - raft.server.storage.dir = [/github/workspace/mnt/ozone/hadoop-ozone/integration-test/target/test-dir/MiniOzoneClusterImpl-ae7c3056-0ef0-4eb0-8011-d4e31cef5b5a/scmNode-3/scm-ha] (custom)
2021-05-14 10:48:17,523 [pool-376-thread-1] INFO  server.RaftServerConfigKeys (ConfUtils.java:logGet(44)) - raft.server.log.corruption.policy = EXCEPTION (default)
2021-05-14 10:48:17,524 [pool-376-thread-1] INFO  storage.RaftStorageDirectory (RaftStorageDirectoryImpl.java:analyzeStorage(132)) - The storage directory /github/workspace/mnt/ozone/hadoop-ozone/integration-test/target/test-dir/MiniOzoneClusterImpl-ae7c3056-0ef0-4eb0-8011-d4e31cef5b5a/scmNode-3/scm-ha/ae7c3056-0ef0-4eb0-8011-d4e31cef5b5a does not exist. Creating ...
2021-05-14 10:48:17,525 [pool-376-thread-1] INFO  storage.RaftStorageDirectory (RaftStorageDirectoryImpl.java:tryLock(215)) - Lock on /github/workspace/mnt/ozone/hadoop-ozone/integration-test/target/test-dir/MiniOzoneClusterImpl-ae7c3056-0ef0-4eb0-8011-d4e31cef5b5a/scmNode-3/scm-ha/ae7c3056-0ef0-4eb0-8011-d4e31cef5b5a/in_use.lock acquired by nodename 30246@4a783e42cd9e
2021-05-14 10:48:17,526 [pool-376-thread-1] INFO  storage.RaftStorage (RaftStorageImpl.java:format(87)) - Storage directory /github/workspace/mnt/ozone/hadoop-ozone/integration-test/target/test-dir/MiniOzoneClusterImpl-ae7c3056-0ef0-4eb0-8011-d4e31cef5b5a/scmNode-3/scm-ha/ae7c3056-0ef0-4eb0-8011-d4e31cef5b5a has been successfully formatted.
2021-05-14 10:48:17,526 [pool-376-thread-1] INFO  server.RaftServerConfigKeys (ConfUtils.java:logGet(44)) - raft.server.notification.no-leader.timeout = 60s (default)
2021-05-14 10:48:17,526 [pool-376-thread-1] INFO  server.RaftServerConfigKeys (ConfUtils.java:logGet(44)) - raft.server.log.use.memory = false (default)
2021-05-14 10:48:17,526 [pool-376-thread-1] INFO  server.RaftServerConfigKeys (ConfUtils.java:logGet(44)) - raft.server.log.purge.gap = 1000000 (custom)
2021-05-14 10:48:17,526 [pool-376-thread-1] INFO  server.RaftServerConfigKeys (ConfUtils.java:logGet(44)) - raft.server.log.appender.buffer.byte-limit = 33554432 (custom)
2021-05-14 10:48:17,526 [pool-376-thread-1] INFO  metrics.RatisMetrics (RatisMetrics.java:lambda$create$0(36)) - Creating Metrics Registry : ratis.log_worker.87d8a532-2b60-4540-84a9-f823ac2a5c15@group-D4E31CEF5B5A
2021-05-14 10:48:17,527 [pool-376-thread-1] INFO  server.RaftServerConfigKeys (ConfUtils.java:logGet(44)) - raft.server.log.segment.size.max = 16384 (custom)
2021-05-14 10:48:17,527 [pool-376-thread-1] INFO  server.RaftServerConfigKeys (ConfUtils.java:logGet(44)) - raft.server.log.segment.cache.num.max = 2 (custom)
2021-05-14 10:48:17,527 [pool-376-thread-1] INFO  server.RaftServerConfigKeys (ConfUtils.java:logGet(44)) - raft.server.log.segment.cache.size.max = 200MB (=209715200) (default)
2021-05-14 10:48:17,527 [pool-376-thread-1] INFO  segmented.SegmentedRaftLogWorker (SegmentedRaftLogWorker.java:<init>(182)) - new 87d8a532-2b60-4540-84a9-f823ac2a5c15@group-D4E31CEF5B5A-SegmentedRaftLogWorker for RaftStorageImpl:Storage Directory /github/workspace/mnt/ozone/hadoop-ozone/integration-test/target/test-dir/MiniOzoneClusterImpl-ae7c3056-0ef0-4eb0-8011-d4e31cef5b5a/scmNode-3/scm-ha/ae7c3056-0ef0-4eb0-8011-d4e31cef5b5a
2021-05-14 10:48:17,527 [pool-376-thread-1] INFO  server.RaftServerConfigKeys (ConfUtils.java:logGet(44)) - raft.server.log.queue.byte-limit = 64MB (=67108864) (default)
2021-05-14 10:48:17,527 [pool-376-thread-1] INFO  server.RaftServerConfigKeys (ConfUtils.java:logGet(44)) - raft.server.log.queue.element-limit = 4096 (default)
2021-05-14 10:48:17,527 [pool-376-thread-1] INFO  server.RaftServerConfigKeys (ConfUtils.java:logGet(44)) - raft.server.log.segment.size.max = 16384 (custom)
2021-05-14 10:48:17,527 [pool-376-thread-1] INFO  server.RaftServerConfigKeys (ConfUtils.java:logGet(44)) - raft.server.log.preallocated.size = 16384 (custom)
2021-05-14 10:48:17,527 [pool-376-thread-1] INFO  server.RaftServerConfigKeys (ConfUtils.java:logGet(44)) - raft.server.log.force.sync.num = 128 (default)
2021-05-14 10:48:17,527 [pool-376-thread-1] INFO  server.RaftServerConfigKeys (ConfUtils.java:logGet(44)) - raft.server.log.statemachine.data.sync = true (default)
2021-05-14 10:48:17,528 [pool-376-thread-1] INFO  server.RaftServerConfigKeys (ConfUtils.java:logGet(44)) - raft.server.log.statemachine.data.sync.timeout = 10s (default)
2021-05-14 10:48:17,528 [pool-376-thread-1] INFO  server.RaftServerConfigKeys (ConfUtils.java:logGet(44)) - raft.server.log.statemachine.data.sync.timeout.retry = -1 (default)
2021-05-14 10:48:17,528 [pool-376-thread-1] INFO  server.RaftServerConfigKeys (ConfUtils.java:logGet(44)) - raft.server.log.write.buffer.size = 64KB (=65536) (default)
2021-05-14 10:48:17,528 [pool-376-thread-1] INFO  server.RaftServerConfigKeys (ConfUtils.java:logGet(44)) - raft.server.log.statemachine.data.caching.enabled = false (default)
2021-05-14 10:48:17,528 [pool-376-thread-1] INFO  segmented.SegmentedRaftLogWorker (SegmentedRaftLogWorker.java:lambda$new$0(133)) - 87d8a532-2b60-4540-84a9-f823ac2a5c15@group-D4E31CEF5B5A-SegmentedRaftLogWorker: flushIndex: setUnconditionally 0 -> -1
2021-05-14 10:48:17,529 [pool-376-thread-1] INFO  segmented.SegmentedRaftLogWorker (SegmentedRaftLogWorker.java:lambda$new$0(133)) - 87d8a532-2b60-4540-84a9-f823ac2a5c15@group-D4E31CEF5B5A-SegmentedRaftLogWorker: safeCacheEvictIndex: setUnconditionally 0 -> -1
2021-05-14 10:48:17,529 [pool-376-thread-1] INFO  server.RaftServerConfigKeys (ConfUtils.java:logGet(44)) - raft.server.snapshot.auto.trigger.enabled = true (custom)
2021-05-14 10:48:17,529 [pool-376-thread-1] INFO  server.RaftServerConfigKeys (ConfUtils.java:logGet(44)) - raft.server.snapshot.auto.trigger.threshold = 1000 (custom)
2021-05-14 10:48:17,529 [pool-376-thread-1] INFO  server.RaftServerConfigKeys (ConfUtils.java:logGet(44)) - raft.server.snapshot.retention.file.num = -1 (default)
2021-05-14 10:48:17,529 [pool-376-thread-1] INFO  server.RaftServerConfigKeys (ConfUtils.java:logGet(44)) - raft.server.log.purge.upto.snapshot.index = false (default)
2021-05-14 10:48:17,529 [pool-376-thread-1] INFO  server.RaftServerConfigKeys (ConfUtils.java:logGet(44)) - raft.server.retrycache.expirytime = 60000ms (default)
2021-05-14 10:48:17,529 [pool-376-thread-1] INFO  server.RaftServerConfigKeys (ConfUtils.java:logGet(44)) - raft.server.retrycache.statistics.expirytime = 100?s (default)
2021-05-14 10:48:17,529 [pool-376-thread-1] INFO  metrics.RatisMetrics (RatisMetrics.java:lambda$create$0(36)) - Creating Metrics Registry : ratis.leader_election.87d8a532-2b60-4540-84a9-f823ac2a5c15@group-D4E31CEF5B5A
2021-05-14 10:48:17,529 [pool-376-thread-1] INFO  metrics.RatisMetrics (RatisMetrics.java:lambda$create$0(36)) - Creating Metrics Registry : ratis.server.87d8a532-2b60-4540-84a9-f823ac2a5c15@group-D4E31CEF5B5A
2021-05-14 10:48:17,530 [Listener at 0.0.0.0/12473] INFO  ha.SCMSnapshotProvider (SCMSnapshotProvider.java:<init>(66)) - Initializing SCM Snapshot Provider
2021-05-14 10:48:17,530 [Listener at 0.0.0.0/12473] WARN  server.ServerUtils (ServerUtils.java:getDefaultRatisDirectory(237)) - Storage directory for Ratis is not configured. It is a good idea to map this to an SSD disk. Falling back to ozone.metadata.dirs
2021-05-14 10:48:17,530 [Listener at 0.0.0.0/12473] WARN  ha.SCMHAUtils (SCMHAUtils.java:getSCMRatisSnapshotDirectory(134)) - SCM snapshot dir is not configured. Falling back to ozone.metadata.dirs config
2021-05-14 10:48:17,532 [Listener at 0.0.0.0/12473] INFO  ha.SequenceIdGenerator (SequenceIdGenerator.java:upgradeToSequenceId(300)) - upgrade localId to 107544261427200000
2021-05-14 10:48:17,532 [Listener at 0.0.0.0/12473] INFO  ha.SequenceIdGenerator (SequenceIdGenerator.java:upgradeToSequenceId(310)) - upgrade delTxnId to 0
2021-05-14 10:48:17,532 [Listener at 0.0.0.0/12473] INFO  ha.SequenceIdGenerator (SequenceIdGenerator.java:upgradeToSequenceId(324)) - upgrade containerId to 0
2021-05-14 10:48:17,532 [Listener at 0.0.0.0/12473] INFO  ha.SequenceIdGenerator (SequenceIdGenerator.java:<init>(196)) - Init the HA SequenceIdGenerator.
2021-05-14 10:48:17,532 [Listener at 0.0.0.0/12473] WARN  server.ServerUtils (ServerUtils.java:sanitizeUserArgs(73)) - ozone.scm.stale.node.interval value = 300000 is larger than max = 100000 based on the key value of ozone.scm.heartbeat.thread.interval, reset to the max value 100000.
2021-05-14 10:48:17,532 [Listener at 0.0.0.0/12473] WARN  server.ServerUtils (ServerUtils.java:sanitizeUserArgs(73)) - ozone.scm.stale.node.interval value = 300000 is larger than max = 100000 based on the key value of ozone.scm.heartbeat.thread.interval, reset to the max value 100000.
2021-05-14 10:48:17,534 [Listener at 0.0.0.0/12473] INFO  node.SCMNodeManager (SCMNodeManager.java:<init>(125)) - Entering startup safe mode.
2021-05-14 10:48:17,534 [Listener at 0.0.0.0/12473] INFO  algorithms.ContainerPlacementPolicyFactory (ContainerPlacementPolicyFactory.java:getPolicy(60)) - Create container placement policy of type org.apache.hadoop.hdds.scm.container.placement.algorithms.SCMContainerPlacementRandom
2021-05-14 10:48:17,534 [Listener at 0.0.0.0/12473] INFO  pipeline.PipelineStateManager (PipelineStateManagerV2Impl.java:initialize(78)) - No pipeline exists in current db
2021-05-14 10:48:17,534 [Listener at 0.0.0.0/12473] INFO  algorithms.LeaderChoosePolicyFactory (LeaderChoosePolicyFactory.java:getPolicy(57)) - Create leader choose policy of type org.apache.hadoop.hdds.scm.pipeline.leader.choose.algorithms.MinLeaderCountChoosePolicy
2021-05-14 10:48:17,534 [Listener at 0.0.0.0/12473] INFO  ha.SCMServiceManager (SCMServiceManager.java:register(43)) - Registering service BackgroundPipelineCreator.
2021-05-14 10:48:17,534 [Listener at 0.0.0.0/12473] INFO  pipeline.BackgroundPipelineCreator (BackgroundPipelineCreatorV2.java:start(130)) - Starting RatisPipelineUtilsThread.
2021-05-14 10:48:17,535 [Listener at 0.0.0.0/12473] INFO  algorithms.PipelineChoosePolicyFactory (PipelineChoosePolicyFactory.java:createPipelineChoosePolicyFromClass(73)) - Create pipeline choose policy of type org.apache.hadoop.hdds.scm.pipeline.choose.algorithms.RandomPipelineChoosePolicy
2021-05-14 10:48:17,535 [Listener at 0.0.0.0/12473] INFO  ha.SCMServiceManager (SCMServiceManager.java:register(43)) - Registering service SCMBlockDeletingService.
2021-05-14 10:48:17,536 [Listener at 0.0.0.0/12473] INFO  ha.SCMServiceManager (SCMServiceManager.java:register(43)) - Registering service ReplicationManager.
2021-05-14 10:48:17,536 [Listener at 0.0.0.0/12473] INFO  container.ReplicationManager (ReplicationManager.java:start(226)) - Starting Replication Monitor Thread.
2021-05-14 10:48:17,537 [Listener at 0.0.0.0/12473] INFO  safemode.HealthyPipelineSafeModeRule (HealthyPipelineSafeModeRule.java:<init>(90)) - Total pipeline count is 0, healthy pipeline threshold count is 0
2021-05-14 10:48:17,537 [Listener at 0.0.0.0/12473] INFO  safemode.OneReplicaPipelineSafeModeRule (OneReplicaPipelineSafeModeRule.java:<init>(86)) - Total pipeline count is 0, pipeline's with at least one datanode reported threshold count is 0
2021-05-14 10:48:17,538 [Listener at 0.0.0.0/12473] INFO  ipc.CallQueueManager (CallQueueManager.java:<init>(85)) - Using callQueue: class java.util.concurrent.LinkedBlockingQueue, queueCapacity: 2000, scheduler: class org.apache.hadoop.ipc.DefaultRpcScheduler, ipcBackoff: false.
2021-05-14 10:48:17,539 [ReplicationMonitor] INFO  container.ReplicationManager (ReplicationManager.java:run(290)) - Replication Monitor Thread took 0 milliseconds for processing 0 containers.
2021-05-14 10:48:17,539 [Socket Reader #1 for port 12481] INFO  ipc.Server (Server.java:run(1255)) - Starting Socket Reader #1 for port 12481
2021-05-14 10:48:17,540 [Listener at 0.0.0.0/12481] INFO  ipc.CallQueueManager (CallQueueManager.java:<init>(85)) - Using callQueue: class java.util.concurrent.LinkedBlockingQueue, queueCapacity: 2000, scheduler: class org.apache.hadoop.ipc.DefaultRpcScheduler, ipcBackoff: false.
2021-05-14 10:48:17,541 [Socket Reader #1 for port 12482] INFO  ipc.Server (Server.java:run(1255)) - Starting Socket Reader #1 for port 12482
2021-05-14 10:48:17,549 [Listener at 0.0.0.0/12482] INFO  ipc.CallQueueManager (CallQueueManager.java:<init>(85)) - Using callQueue: class java.util.concurrent.LinkedBlockingQueue, queueCapacity: 2000, scheduler: class org.apache.hadoop.ipc.DefaultRpcScheduler, ipcBackoff: false.
2021-05-14 10:48:17,549 [Socket Reader #1 for port 12483] INFO  ipc.Server (Server.java:run(1255)) - Starting Socket Reader #1 for port 12483
2021-05-14 10:48:17,551 [Listener at 0.0.0.0/12483] INFO  server.StorageContainerManager (StorageContainerManager.java:<init>(416)) - Container Balancer status:
Key                            Value
Running                        false
Container Balancer Configuration values:
Key                            Value
Threshold                      0.100000
Max Datanodes to Balance       5
Max Size to Move               10737418240B

2021-05-14 10:48:17,551 [Listener at 0.0.0.0/12483] WARN  events.EventQueue (EventQueue.java:fireEvent(185)) - No event handler registered for event TypedEvent{payloadType=SafeModeStatus, name='Safe mode status'}
2021-05-14 10:48:17,551 [Listener at 0.0.0.0/12483] INFO  ha.SCMContext (SCMContext.java:updateSafeModeStatus(147)) - Update SafeModeStatus from SafeModeStatus{safeModeStatus=true, preCheckPassed=false} to SafeModeStatus{safeModeStatus=true, preCheckPassed=false}.
2021-05-14 10:48:17,552 [Listener at 0.0.0.0/12483] INFO  server.StorageContainerManager (StorageContainerManager.java:start(1169)) - StorageContainerLocationProtocol RPC server is listening at /0.0.0.0:12483
2021-05-14 10:48:17,552 [Listener at 0.0.0.0/12483] INFO  ha.SCMRatisServerImpl (SCMRatisServerImpl.java:start(167)) - starting ratis server 0.0.0.0:12480
2021-05-14 10:48:17,552 [Listener at 0.0.0.0/12483] INFO  server.RaftServer$Division (RaftServerImpl.java:start(298)) - 87d8a532-2b60-4540-84a9-f823ac2a5c15@group-D4E31CEF5B5A: start with initializing state, conf=-1: [], old=null
2021-05-14 10:48:17,552 [Listener at 0.0.0.0/12483] INFO  server.RaftServer$Division (RaftServerImpl.java:setRole(284)) - 87d8a532-2b60-4540-84a9-f823ac2a5c15@group-D4E31CEF5B5A: changes role from      null to FOLLOWER at term 0 for startInitializing
2021-05-14 10:48:17,552 [Listener at 0.0.0.0/12483] INFO  util.JmxRegister (JmxRegister.java:tryRegister(44)) - Successfully registered JMX Bean with object name Ratis:service=RaftServer,group=group-D4E31CEF5B5A,id=87d8a532-2b60-4540-84a9-f823ac2a5c15
2021-05-14 10:48:17,552 [Listener at 0.0.0.0/12483] INFO  metrics.RatisMetrics (RatisMetrics.java:lambda$create$0(36)) - Creating Metrics Registry : ratis.state_machine.87d8a532-2b60-4540-84a9-f823ac2a5c15@group-D4E31CEF5B5A
2021-05-14 10:48:17,554 [Listener at 0.0.0.0/12483] INFO  server.RaftServer (RaftServerProxy.java:lambda$start$5(374)) - 87d8a532-2b60-4540-84a9-f823ac2a5c15: start RPC server
2021-05-14 10:48:17,554 [Listener at 0.0.0.0/12483] INFO  server.GrpcService (GrpcService.java:startImpl(253)) - 87d8a532-2b60-4540-84a9-f823ac2a5c15: GrpcService started, listening on 12480
2021-05-14 10:48:17,555 [org.apache.ratis.util.JvmPauseMonitor$$Lambda$415/1125547908@648db0ca] INFO  util.JvmPauseMonitor (JvmPauseMonitor.java:run(103)) - JvmPauseMonitor-87d8a532-2b60-4540-84a9-f823ac2a5c15: Started
2021-05-14 10:48:17,555 [Listener at 0.0.0.0/12483] INFO  ha.SCMNodeInfo (SCMNodeInfo.java:getPort(197)) - ConfigKey ozone.scm.client.address is deprecated, For configuring different ports for each SCM use PortConfigKey ozone.scm.client.port appended with serviceId and nodeId
2021-05-14 10:48:17,555 [Listener at 0.0.0.0/12483] INFO  ha.SCMNodeInfo (SCMNodeInfo.java:getPort(197)) - ConfigKey ozone.scm.block.client.address is deprecated, For configuring different ports for each SCM use PortConfigKey ozone.scm.block.client.port appended with serviceId and nodeId
2021-05-14 10:48:17,555 [Listener at 0.0.0.0/12483] INFO  ha.SCMNodeInfo (SCMNodeInfo.java:getPort(197)) - ConfigKey ozone.scm.datanode.address is deprecated, For configuring different ports for each SCM use PortConfigKey ozone.scm.datanode.port appended with serviceId and nodeId
2021-05-14 10:48:17,555 [Listener at 0.0.0.0/12483] INFO  ha.SCMNodeInfo (SCMNodeInfo.java:getPort(197)) - ConfigKey ozone.scm.client.address is deprecated, For configuring different ports for each SCM use PortConfigKey ozone.scm.client.port appended with serviceId and nodeId
2021-05-14 10:48:17,555 [Listener at 0.0.0.0/12483] INFO  ha.SCMNodeInfo (SCMNodeInfo.java:getPort(197)) - ConfigKey ozone.scm.block.client.address is deprecated, For configuring different ports for each SCM use PortConfigKey ozone.scm.block.client.port appended with serviceId and nodeId
2021-05-14 10:48:17,555 [Listener at 0.0.0.0/12483] INFO  ha.SCMNodeInfo (SCMNodeInfo.java:getPort(197)) - ConfigKey ozone.scm.datanode.address is deprecated, For configuring different ports for each SCM use PortConfigKey ozone.scm.datanode.port appended with serviceId and nodeId
2021-05-14 10:48:17,555 [Listener at 0.0.0.0/12483] INFO  ha.SCMNodeInfo (SCMNodeInfo.java:getPort(197)) - ConfigKey ozone.scm.client.address is deprecated, For configuring different ports for each SCM use PortConfigKey ozone.scm.client.port appended with serviceId and nodeId
2021-05-14 10:48:17,555 [Listener at 0.0.0.0/12483] INFO  ha.SCMNodeInfo (SCMNodeInfo.java:getPort(197)) - ConfigKey ozone.scm.block.client.address is deprecated, For configuring different ports for each SCM use PortConfigKey ozone.scm.block.client.port appended with serviceId and nodeId
2021-05-14 10:48:17,555 [Listener at 0.0.0.0/12483] INFO  ha.SCMNodeInfo (SCMNodeInfo.java:getPort(197)) - ConfigKey ozone.scm.datanode.address is deprecated, For configuring different ports for each SCM use PortConfigKey ozone.scm.datanode.port appended with serviceId and nodeId
2021-05-14 10:48:17,559 [IPC Server handler 9 on default port 12462] INFO  ha.SCMRatisServerImpl (SCMRatisServerImpl.java:addSCM(278)) - 2d21404d-844d-4e33-9226-105b1ab18ff5: Submitting SetConfiguration request to Ratis server with new SCM peers list: [2d21404d-844d-4e33-9226-105b1ab18ff5|rpc:localhost:12460|admin:|client:|dataStream:|priority:0, 2020c872-c3ef-4459-8785-7713b8bbeb69|rpc:localhost:12470|priority:0, 87d8a532-2b60-4540-84a9-f823ac2a5c15|rpc:localhost:12480|priority:0]
2021-05-14 10:48:17,560 [IPC Server handler 9 on default port 12462] INFO  server.RaftServer$Division (RaftServerImpl.java:setConfigurationAsync(970)) - 2d21404d-844d-4e33-9226-105b1ab18ff5@group-D4E31CEF5B5A: receive setConfiguration SetConfigurationRequest:client-3838B0EFA569->2d21404d-844d-4e33-9226-105b1ab18ff5@group-D4E31CEF5B5A, cid=1, seq=0, RW, null, peers:[2d21404d-844d-4e33-9226-105b1ab18ff5|rpc:localhost:12460|admin:|client:|dataStream:|priority:0, 2020c872-c3ef-4459-8785-7713b8bbeb69|rpc:localhost:12470|priority:0, 87d8a532-2b60-4540-84a9-f823ac2a5c15|rpc:localhost:12480|priority:0]
2021-05-14 10:48:17,560 [IPC Server handler 9 on default port 12462] INFO  server.RaftServer$Division (LeaderStateImpl.java:startSetConfiguration(345)) - 2d21404d-844d-4e33-9226-105b1ab18ff5@group-D4E31CEF5B5A-LeaderStateImpl: startSetConfiguration SetConfigurationRequest:client-3838B0EFA569->2d21404d-844d-4e33-9226-105b1ab18ff5@group-D4E31CEF5B5A, cid=1, seq=0, RW, null, peers:[2d21404d-844d-4e33-9226-105b1ab18ff5|rpc:localhost:12460|admin:|client:|dataStream:|priority:0, 2020c872-c3ef-4459-8785-7713b8bbeb69|rpc:localhost:12470|priority:0, 87d8a532-2b60-4540-84a9-f823ac2a5c15|rpc:localhost:12480|priority:0]
2021-05-14 10:48:17,560 [IPC Server handler 9 on default port 12462] INFO  server.RaftServerConfigKeys (ConfUtils.java:logGet(44)) - raft.server.log.appender.snapshot.chunk.size.max = 16MB (=16777216) (default)
2021-05-14 10:48:17,560 [IPC Server handler 9 on default port 12462] INFO  server.RaftServerConfigKeys (ConfUtils.java:logGet(44)) - raft.server.log.appender.buffer.byte-limit = 33554432 (custom)
2021-05-14 10:48:17,560 [IPC Server handler 9 on default port 12462] INFO  server.RaftServerConfigKeys (ConfUtils.java:logGet(44)) - raft.server.log.appender.buffer.element-limit = 33554432 (custom)
2021-05-14 10:48:17,975 [org.apache.ratis.util.JvmPauseMonitor$$Lambda$415/1125547908@66ec95] WARN  util.JvmPauseMonitor (JvmPauseMonitor.java:detectPause(124)) - JvmPauseMonitor-2020c872-c3ef-4459-8785-7713b8bbeb69: Detected pause in JVM or host machine (eg GC): pause of approximately 221764657ns.
GC pool 'PS MarkSweep' had collection(s): count=1 time=245ms
GC pool 'PS Scavenge' had collection(s): count=1 time=164ms
2021-05-14 10:48:17,975 [EndpointStateMachine task thread for /127.0.0.1:12571 - 0 ] INFO  ipc.Client (Client.java:handleConnectionFailure(966)) - Retrying connect to server: localhost/127.0.0.1:12571. Already tried 5 time(s); retry policy is RetryUpToMaximumCountWithFixedSleep(maxRetries=15, sleepTime=1000 MILLISECONDS)
2021-05-14 10:48:17,976 [EndpointStateMachine task thread for /127.0.0.1:12581 - 0 ] INFO  ipc.Client (Client.java:handleConnectionFailure(966)) - Retrying connect to server: localhost/127.0.0.1:12581. Already tried 6 time(s); retry policy is RetryUpToMaximumCountWithFixedSleep(maxRetries=15, sleepTime=1000 MILLISECONDS)
2021-05-14 10:48:18,008 [IPC Server handler 9 on default port 12462] INFO  grpc.GrpcConfigKeys (ConfUtils.java:logGet(44)) - raft.grpc.server.leader.outstanding.appends.max = 128 (default)
2021-05-14 10:48:18,008 [IPC Server handler 9 on default port 12462] INFO  server.RaftServerConfigKeys (ConfUtils.java:logGet(44)) - raft.server.rpc.request.timeout = 3000ms (default)
2021-05-14 10:48:18,008 [IPC Server handler 9 on default port 12462] INFO  server.RaftServerConfigKeys (ConfUtils.java:logGet(44)) - raft.server.log.appender.install.snapshot.enabled = false (custom)
2021-05-14 10:48:18,018 [grpc-default-executor-2] INFO  metrics.RatisMetrics (RatisMetrics.java:lambda$create$0(36)) - Creating Metrics Registry : ratis.server_message_metrics.87d8a532-2b60-4540-84a9-f823ac2a5c15
2021-05-14 10:48:18,021 [grpc-default-executor-2] INFO  ha.SCMStateMachine (SCMStateMachine.java:notifyLeaderChanged(240)) - leader changed, yet current SCM is still follower.
2021-05-14 10:48:18,021 [grpc-default-executor-2] INFO  server.RaftServer$Division (ServerState.java:setLeader(271)) - 87d8a532-2b60-4540-84a9-f823ac2a5c15@group-D4E31CEF5B5A: change Leader from null to 2d21404d-844d-4e33-9226-105b1ab18ff5 at term 2 for appendEntries, leader elected after 494ms
2021-05-14 10:48:18,021 [grpc-default-executor-2] INFO  impl.RoleInfo (RoleInfo.java:updateAndGet(130)) - 87d8a532-2b60-4540-84a9-f823ac2a5c15: start 87d8a532-2b60-4540-84a9-f823ac2a5c15@group-D4E31CEF5B5A-FollowerState
2021-05-14 10:48:18,023 [grpc-default-executor-2] INFO  server.RaftServer$Division (ServerState.java:setRaftConf(373)) - 87d8a532-2b60-4540-84a9-f823ac2a5c15@group-D4E31CEF5B5A: set configuration 0: [2d21404d-844d-4e33-9226-105b1ab18ff5|rpc:localhost:12460|admin:|client:|dataStream:|priority:0], old=null
2021-05-14 10:48:18,023 [grpc-default-executor-2] INFO  server.RaftServer$Division (ServerState.java:setRaftConf(373)) - 87d8a532-2b60-4540-84a9-f823ac2a5c15@group-D4E31CEF5B5A: set configuration 1: [2d21404d-844d-4e33-9226-105b1ab18ff5|rpc:localhost:12460|admin:|client:|dataStream:|priority:0], old=null
2021-05-14 10:48:18,023 [grpc-default-executor-2] INFO  server.RaftServer$Division (ServerState.java:setRaftConf(373)) - 87d8a532-2b60-4540-84a9-f823ac2a5c15@group-D4E31CEF5B5A: set configuration 3: [2d21404d-844d-4e33-9226-105b1ab18ff5|rpc:localhost:12460|admin:|client:|dataStream:|priority:0, 2020c872-c3ef-4459-8785-7713b8bbeb69|rpc:localhost:12470|admin:|client:|dataStream:|priority:0], old=[2d21404d-844d-4e33-9226-105b1ab18ff5|rpc:localhost:12460|admin:|client:|dataStream:|priority:0]
2021-05-14 10:48:18,023 [grpc-default-executor-2] INFO  server.RaftServer$Division (ServerState.java:setRaftConf(373)) - 87d8a532-2b60-4540-84a9-f823ac2a5c15@group-D4E31CEF5B5A: set configuration 5: [2d21404d-844d-4e33-9226-105b1ab18ff5|rpc:localhost:12460|admin:|client:|dataStream:|priority:0, 2020c872-c3ef-4459-8785-7713b8bbeb69|rpc:localhost:12470|admin:|client:|dataStream:|priority:0], old=null
2021-05-14 10:48:18,023 [grpc-default-executor-2] INFO  segmented.SegmentedRaftLogWorker (SegmentedRaftLogWorker.java:startLogSegment(394)) - 87d8a532-2b60-4540-84a9-f823ac2a5c15@group-D4E31CEF5B5A-SegmentedRaftLogWorker: Starting segment from index:0
2021-05-14 10:48:18,023 [grpc-default-executor-2] INFO  segmented.SegmentedRaftLogWorker (SegmentedRaftLogWorker.java:rollLogSegment(399)) - 87d8a532-2b60-4540-84a9-f823ac2a5c15@group-D4E31CEF5B5A-SegmentedRaftLogWorker: Rolling segment log-0_0 to index:0
2021-05-14 10:48:18,024 [87d8a532-2b60-4540-84a9-f823ac2a5c15@group-D4E31CEF5B5A-SegmentedRaftLogWorker] INFO  segmented.SegmentedRaftLogWorker (SegmentedRaftLogWorker.java:execute(601)) - 87d8a532-2b60-4540-84a9-f823ac2a5c15@group-D4E31CEF5B5A-SegmentedRaftLogWorker: created new log segment /github/workspace/mnt/ozone/hadoop-ozone/integration-test/target/test-dir/MiniOzoneClusterImpl-ae7c3056-0ef0-4eb0-8011-d4e31cef5b5a/scmNode-3/scm-ha/ae7c3056-0ef0-4eb0-8011-d4e31cef5b5a/current/log_inprogress_0
2021-05-14 10:48:18,025 [87d8a532-2b60-4540-84a9-f823ac2a5c15@group-D4E31CEF5B5A-SegmentedRaftLogWorker] INFO  segmented.SegmentedRaftLogWorker (SegmentedRaftLogWorker.java:execute(558)) - 87d8a532-2b60-4540-84a9-f823ac2a5c15@group-D4E31CEF5B5A-SegmentedRaftLogWorker: Rolled log segment from /github/workspace/mnt/ozone/hadoop-ozone/integration-test/target/test-dir/MiniOzoneClusterImpl-ae7c3056-0ef0-4eb0-8011-d4e31cef5b5a/scmNode-3/scm-ha/ae7c3056-0ef0-4eb0-8011-d4e31cef5b5a/current/log_inprogress_0 to /github/workspace/mnt/ozone/hadoop-ozone/integration-test/target/test-dir/MiniOzoneClusterImpl-ae7c3056-0ef0-4eb0-8011-d4e31cef5b5a/scmNode-3/scm-ha/ae7c3056-0ef0-4eb0-8011-d4e31cef5b5a/current/log_0-0
2021-05-14 10:48:18,026 [87d8a532-2b60-4540-84a9-f823ac2a5c15@group-D4E31CEF5B5A-SegmentedRaftLogWorker] INFO  segmented.SegmentedRaftLogWorker (SegmentedRaftLogWorker.java:execute(601)) - 87d8a532-2b60-4540-84a9-f823ac2a5c15@group-D4E31CEF5B5A-SegmentedRaftLogWorker: created new log segment /github/workspace/mnt/ozone/hadoop-ozone/integration-test/target/test-dir/MiniOzoneClusterImpl-ae7c3056-0ef0-4eb0-8011-d4e31cef5b5a/scmNode-3/scm-ha/ae7c3056-0ef0-4eb0-8011-d4e31cef5b5a/current/log_inprogress_1
2021-05-14 10:48:18,032 [2d21404d-844d-4e33-9226-105b1ab18ff5@group-D4E31CEF5B5A-LeaderStateImpl] INFO  server.RaftServer$Division (ServerState.java:setRaftConf(373)) - 2d21404d-844d-4e33-9226-105b1ab18ff5@group-D4E31CEF5B5A: set configuration 7: [87d8a532-2b60-4540-84a9-f823ac2a5c15|rpc:localhost:12480|priority:0, 2d21404d-844d-4e33-9226-105b1ab18ff5|rpc:localhost:12460|admin:|client:|dataStream:|priority:0, 2020c872-c3ef-4459-8785-7713b8bbeb69|rpc:localhost:12470|priority:0], old=[2d21404d-844d-4e33-9226-105b1ab18ff5|rpc:localhost:12460|admin:|client:|dataStream:|priority:0, 2020c872-c3ef-4459-8785-7713b8bbeb69|rpc:localhost:12470|priority:0]
2021-05-14 10:48:18,034 [grpc-default-executor-0] INFO  server.RaftServer$Division (ServerState.java:setRaftConf(373)) - 2020c872-c3ef-4459-8785-7713b8bbeb69@group-D4E31CEF5B5A: set configuration 7: [87d8a532-2b60-4540-84a9-f823ac2a5c15|rpc:localhost:12480|admin:|client:|dataStream:|priority:0, 2d21404d-844d-4e33-9226-105b1ab18ff5|rpc:localhost:12460|admin:|client:|dataStream:|priority:0, 2020c872-c3ef-4459-8785-7713b8bbeb69|rpc:localhost:12470|admin:|client:|dataStream:|priority:0], old=[2d21404d-844d-4e33-9226-105b1ab18ff5|rpc:localhost:12460|admin:|client:|dataStream:|priority:0, 2020c872-c3ef-4459-8785-7713b8bbeb69|rpc:localhost:12470|admin:|client:|dataStream:|priority:0]
2021-05-14 10:48:18,034 [grpc-default-executor-2] INFO  server.RaftServer$Division (ServerState.java:setRaftConf(373)) - 87d8a532-2b60-4540-84a9-f823ac2a5c15@group-D4E31CEF5B5A: set configuration 7: [87d8a532-2b60-4540-84a9-f823ac2a5c15|rpc:localhost:12480|admin:|client:|dataStream:|priority:0, 2d21404d-844d-4e33-9226-105b1ab18ff5|rpc:localhost:12460|admin:|client:|dataStream:|priority:0, 2020c872-c3ef-4459-8785-7713b8bbeb69|rpc:localhost:12470|admin:|client:|dataStream:|priority:0], old=[2d21404d-844d-4e33-9226-105b1ab18ff5|rpc:localhost:12460|admin:|client:|dataStream:|priority:0, 2020c872-c3ef-4459-8785-7713b8bbeb69|rpc:localhost:12470|admin:|client:|dataStream:|priority:0]
2021-05-14 10:48:18,038 [2d21404d-844d-4e33-9226-105b1ab18ff5@group-D4E31CEF5B5A-LeaderStateImpl] INFO  server.RaftServer$Division (ServerState.java:setRaftConf(373)) - 2d21404d-844d-4e33-9226-105b1ab18ff5@group-D4E31CEF5B5A: set configuration 9: [87d8a532-2b60-4540-84a9-f823ac2a5c15|rpc:localhost:12480|priority:0, 2d21404d-844d-4e33-9226-105b1ab18ff5|rpc:localhost:12460|admin:|client:|dataStream:|priority:0, 2020c872-c3ef-4459-8785-7713b8bbeb69|rpc:localhost:12470|priority:0], old=null
2021-05-14 10:48:18,040 [grpc-default-executor-0] INFO  server.RaftServer$Division (ServerState.java:setRaftConf(373)) - 2020c872-c3ef-4459-8785-7713b8bbeb69@group-D4E31CEF5B5A: set configuration 9: [87d8a532-2b60-4540-84a9-f823ac2a5c15|rpc:localhost:12480|admin:|client:|dataStream:|priority:0, 2d21404d-844d-4e33-9226-105b1ab18ff5|rpc:localhost:12460|admin:|client:|dataStream:|priority:0, 2020c872-c3ef-4459-8785-7713b8bbeb69|rpc:localhost:12470|admin:|client:|dataStream:|priority:0], old=null
2021-05-14 10:48:18,040 [grpc-default-executor-2] INFO  server.RaftServer$Division (ServerState.java:setRaftConf(373)) - 87d8a532-2b60-4540-84a9-f823ac2a5c15@group-D4E31CEF5B5A: set configuration 9: [87d8a532-2b60-4540-84a9-f823ac2a5c15|rpc:localhost:12480|admin:|client:|dataStream:|priority:0, 2d21404d-844d-4e33-9226-105b1ab18ff5|rpc:localhost:12460|admin:|client:|dataStream:|priority:0, 2020c872-c3ef-4459-8785-7713b8bbeb69|rpc:localhost:12470|admin:|client:|dataStream:|priority:0], old=null
2021-05-14 10:48:18,043 [IPC Server handler 9 on default port 12462] INFO  ha.SCMRatisServerImpl (SCMRatisServerImpl.java:addSCM(289)) - Successfully added new SCM: 87d8a532-2b60-4540-84a9-f823ac2a5c15.
2021-05-14 10:48:18,043 [Listener at 0.0.0.0/12483] INFO  ha.SCMHAManagerImpl (SCMHAManagerImpl.java:start(116)) - Successfully added SCM scmNode-3 to group group-D4E31CEF5B5A:[87d8a532-2b60-4540-84a9-f823ac2a5c15|rpc:localhost:12480|admin:|client:|dataStream:|priority:0, 2d21404d-844d-4e33-9226-105b1ab18ff5|rpc:localhost:12460|admin:|client:|dataStream:|priority:0, 2020c872-c3ef-4459-8785-7713b8bbeb69|rpc:localhost:12470|admin:|client:|dataStream:|priority:0]
2021-05-14 10:48:18,043 [Listener at 0.0.0.0/12483] INFO  ha.InterSCMGrpcService (InterSCMGrpcProtocolService.java:start(94)) - Starting SCM Grpc Service at port 12484
2021-05-14 10:48:18,044 [Listener at 0.0.0.0/12483] INFO  impl.MetricsSystemImpl (MetricsSystemImpl.java:init(158)) - StorageContainerManager metrics system started (again)
2021-05-14 10:48:18,052 [Listener at 0.0.0.0/12483] INFO  server.SCMClientProtocolServer (SCMClientProtocolServer.java:start(163)) - RPC server for Client  is listening at /0.0.0.0:12483
2021-05-14 10:48:18,052 [IPC Server Responder] INFO  ipc.Server (Server.java:run(1497)) - IPC Server Responder: starting
2021-05-14 10:48:18,053 [IPC Server listener on 12483] INFO  ipc.Server (Server.java:run(1334)) - IPC Server listener on 12483: starting
2021-05-14 10:48:18,054 [Listener at 0.0.0.0/12483] INFO  server.StorageContainerManager (StorageContainerManager.java:start(1184)) - ScmBlockLocationProtocol RPC server is listening at /0.0.0.0:12482
2021-05-14 10:48:18,054 [Listener at 0.0.0.0/12483] INFO  server.SCMBlockProtocolServer (SCMBlockProtocolServer.java:start(149)) - RPC server for Block Protocol is listening at /0.0.0.0:12482
2021-05-14 10:48:18,054 [IPC Server Responder] INFO  ipc.Server (Server.java:run(1497)) - IPC Server Responder: starting
2021-05-14 10:48:18,054 [IPC Server listener on 12482] INFO  ipc.Server (Server.java:run(1334)) - IPC Server listener on 12482: starting
2021-05-14 10:48:18,058 [Listener at 0.0.0.0/12483] INFO  server.StorageContainerManager (StorageContainerManager.java:start(1190)) - ScmDatanodeProtocl RPC server is listening at /0.0.0.0:12481
2021-05-14 10:48:18,058 [Listener at 0.0.0.0/12483] INFO  server.SCMDatanodeProtocolServer (SCMDatanodeProtocolServer.java:start(174)) - RPC server for DataNodes is listening at /0.0.0.0:12481
2021-05-14 10:48:18,062 [IPC Server Responder] INFO  ipc.Server (Server.java:run(1497)) - IPC Server Responder: starting
2021-05-14 10:48:18,066 [IPC Server listener on 12481] INFO  ipc.Server (Server.java:run(1334)) - IPC Server listener on 12481: starting
2021-05-14 10:48:18,068 [org.apache.hadoop.util.JvmPauseMonitor$Monitor@7a3963df] INFO  util.JvmPauseMonitor (JvmPauseMonitor.java:run(188)) - Starting JVM pause monitor
2021-05-14 10:48:18,072 [Listener at 0.0.0.0/12483] INFO  http.BaseHttpServer (BaseHttpServer.java:newHttpServer2BuilderForOzone(207)) - Starting Web-server for scm at: http://0.0.0.0:12478
2021-05-14 10:48:18,072 [Listener at 0.0.0.0/12483] INFO  http.BaseHttpServer (BaseHttpServer.java:<init>(106)) - Hadoop Security Enabled: false Ozone Security Enabled: false Ozone HTTP Security Enabled: false 
2021-05-14 10:48:18,073 [Listener at 0.0.0.0/12483] INFO  server.AuthenticationFilter (AuthenticationFilter.java:constructSecretProvider(240)) - Unable to initialize FileSignerSecretProvider, falling back to use random secrets.
2021-05-14 10:48:18,074 [Listener at 0.0.0.0/12483] WARN  http.HttpRequestLog (HttpRequestLog.java:getRequestLog(103)) - Jetty request log can only be enabled using Log4j
2021-05-14 10:48:18,074 [Listener at 0.0.0.0/12483] INFO  http.HttpServer2 (HttpServer2.java:addGlobalFilter(1020)) - Added global filter 'safety' (class=org.apache.hadoop.hdds.server.http.HttpServer2$QuotingInputFilter)
2021-05-14 10:48:18,075 [Listener at 0.0.0.0/12483] INFO  http.HttpServer2 (HttpServer2.java:addFilter(996)) - Added filter static_user_filter (class=org.apache.hadoop.http.lib.StaticUserWebFilter$StaticUserFilter) to context scm
2021-05-14 10:48:18,075 [Listener at 0.0.0.0/12483] INFO  http.HttpServer2 (HttpServer2.java:addFilter(1004)) - Added filter static_user_filter (class=org.apache.hadoop.http.lib.StaticUserWebFilter$StaticUserFilter) to context static
2021-05-14 10:48:18,075 [Listener at 0.0.0.0/12483] INFO  http.HttpServer2 (HttpServer2.java:addFilter(1004)) - Added filter static_user_filter (class=org.apache.hadoop.http.lib.StaticUserWebFilter$StaticUserFilter) to context logs
2021-05-14 10:48:18,076 [Listener at 0.0.0.0/12483] INFO  http.HttpServer2 (HttpServer2.java:bindListener(1238)) - Jetty bound to port 12478
2021-05-14 10:48:18,077 [Listener at 0.0.0.0/12483] INFO  server.Server (Server.java:doStart(375)) - jetty-9.4.35.v20201120; built: 2020-11-20T21:17:03.964Z; git: bdc54f03a5e0a7e280fab27f55c3c75ee8da89fb; jvm 1.8.0_232-b09
2021-05-14 10:48:18,078 [Listener at 0.0.0.0/12483] INFO  server.session (DefaultSessionIdManager.java:doStart(334)) - DefaultSessionIdManager workerName=node0
2021-05-14 10:48:18,078 [Listener at 0.0.0.0/12483] INFO  server.session (DefaultSessionIdManager.java:doStart(339)) - No SessionScavenger set, using defaults
2021-05-14 10:48:18,078 [Listener at 0.0.0.0/12483] INFO  server.session (HouseKeeper.java:startScavenging(132)) - node0 Scavenging every 660000ms
2021-05-14 10:48:18,079 [Listener at 0.0.0.0/12483] INFO  handler.ContextHandler (ContextHandler.java:doStart(916)) - Started o.e.j.s.ServletContextHandler@495b4392{logs,/logs,file:///github/workspace/mnt/ozone/hadoop-ozone/integration-test/target/log,AVAILABLE}
2021-05-14 10:48:18,079 [Listener at 0.0.0.0/12483] INFO  handler.ContextHandler (ContextHandler.java:doStart(916)) - Started o.e.j.s.ServletContextHandler@6d42e870{static,/static,file:///github/workspace/mnt/ozone/hadoop-ozone/integration-test/target/test-classes/webapps/static,AVAILABLE}
2021-05-14 10:48:18,081 [Listener at 0.0.0.0/12483] INFO  handler.ContextHandler (ContextHandler.java:doStart(916)) - Started o.e.j.w.WebAppContext@25d805a0{scm,/,file:///github/workspace/mnt/ozone/hadoop-ozone/integration-test/target/test-classes/webapps/scm/,AVAILABLE}{file:/github/workspace/mnt/ozone/hadoop-ozone/integration-test/target/test-classes/webapps/scm}
2021-05-14 10:48:18,083 [Listener at 0.0.0.0/12483] INFO  server.AbstractConnector (AbstractConnector.java:doStart(331)) - Started ServerConnector@7779dae9{HTTP/1.1, (http/1.1)}{0.0.0.0:12478}
2021-05-14 10:48:18,083 [Listener at 0.0.0.0/12483] INFO  server.Server (Server.java:doStart(415)) - Started @99751ms
2021-05-14 10:48:18,083 [Listener at 0.0.0.0/12483] WARN  impl.MetricsSystemImpl (MetricsSystemImpl.java:register(279)) - Sink prometheus already exists!
2021-05-14 10:48:18,086 [Listener at 0.0.0.0/12483] INFO  http.BaseHttpServer (BaseHttpServer.java:updateConnectorAddress(327)) - HTTP server of scm listening at http://0.0.0.0:12478
2021-05-14 10:48:18,086 [Listener at 0.0.0.0/12483] INFO  ozone.MiniOzoneHAClusterImpl (MiniOzoneHAClusterImpl.java:createSCMService(536)) - Started SCM RPC server at org.apache.hadoop.hdds.scm.server.SCMClientProtocolServer@6c7dc65a
2021-05-14 10:48:18,086 [Listener at 0.0.0.0/12483] INFO  ha.OMHANodeDetails (OMHANodeDetails.java:loadOMHAConfig(111)) - ServiceID for OzoneManager is om-service-test1
2021-05-14 10:48:18,087 [Listener at 0.0.0.0/12483] INFO  ha.OMHANodeDetails (OMHANodeDetails.java:loadOMHAConfig(187)) - Found matching OM address with OMServiceId: om-service-test1, OMNodeId: omNode-1, RPC Address: localhost:12464 and Ratis port: 12468
2021-05-14 10:48:18,087 [Listener at 0.0.0.0/12483] INFO  ha.OMHANodeDetails (ConfUtils.java:setNodeSpecificConfigs(105)) - Setting configuration key ozone.om.http-address with value of key ozone.om.http-address.om-service-test1.omNode-1: 127.0.0.1:12466
2021-05-14 10:48:18,087 [Listener at 0.0.0.0/12483] INFO  ha.OMHANodeDetails (ConfUtils.java:setNodeSpecificConfigs(105)) - Setting configuration key ozone.om.https-address with value of key ozone.om.https-address.om-service-test1.omNode-1: 127.0.0.1:12467
2021-05-14 10:48:18,087 [Listener at 0.0.0.0/12483] INFO  ha.OMHANodeDetails (ConfUtils.java:setNodeSpecificConfigs(105)) - Setting configuration key ozone.om.address with value of key ozone.om.address.om-service-test1.omNode-1: 127.0.0.1:12464
2021-05-14 10:48:18,087 [Listener at 0.0.0.0/12483] WARN  server.ServerUtils (ServerUtils.java:getDBPath(225)) - ozone.om.db.dirs is not configured. We recommend adding this setting. Falling back to ozone.metadata.dirs instead.
2021-05-14 10:48:18,088 [Listener at 0.0.0.0/12483] INFO  ha.SCMNodeInfo (SCMNodeInfo.java:getPort(197)) - ConfigKey ozone.scm.client.address is deprecated, For configuring different ports for each SCM use PortConfigKey ozone.scm.client.port appended with serviceId and nodeId
2021-05-14 10:48:18,088 [Listener at 0.0.0.0/12483] INFO  ha.SCMNodeInfo (SCMNodeInfo.java:getPort(197)) - ConfigKey ozone.scm.block.client.address is deprecated, For configuring different ports for each SCM use PortConfigKey ozone.scm.block.client.port appended with serviceId and nodeId
2021-05-14 10:48:18,088 [Listener at 0.0.0.0/12483] INFO  ha.SCMNodeInfo (SCMNodeInfo.java:getPort(197)) - ConfigKey ozone.scm.datanode.address is deprecated, For configuring different ports for each SCM use PortConfigKey ozone.scm.datanode.port appended with serviceId and nodeId
2021-05-14 10:48:18,088 [Listener at 0.0.0.0/12483] INFO  ha.SCMNodeInfo (SCMNodeInfo.java:getPort(197)) - ConfigKey ozone.scm.client.address is deprecated, For configuring different ports for each SCM use PortConfigKey ozone.scm.client.port appended with serviceId and nodeId
2021-05-14 10:48:18,088 [Listener at 0.0.0.0/12483] INFO  ha.SCMNodeInfo (SCMNodeInfo.java:getPort(197)) - ConfigKey ozone.scm.block.client.address is deprecated, For configuring different ports for each SCM use PortConfigKey ozone.scm.block.client.port appended with serviceId and nodeId
2021-05-14 10:48:18,088 [Listener at 0.0.0.0/12483] INFO  ha.SCMNodeInfo (SCMNodeInfo.java:getPort(197)) - ConfigKey ozone.scm.datanode.address is deprecated, For configuring different ports for each SCM use PortConfigKey ozone.scm.datanode.port appended with serviceId and nodeId
2021-05-14 10:48:18,088 [Listener at 0.0.0.0/12483] INFO  ha.SCMNodeInfo (SCMNodeInfo.java:getPort(197)) - ConfigKey ozone.scm.client.address is deprecated, For configuring different ports for each SCM use PortConfigKey ozone.scm.client.port appended with serviceId and nodeId
2021-05-14 10:48:18,088 [Listener at 0.0.0.0/12483] INFO  ha.SCMNodeInfo (SCMNodeInfo.java:getPort(197)) - ConfigKey ozone.scm.block.client.address is deprecated, For configuring different ports for each SCM use PortConfigKey ozone.scm.block.client.port appended with serviceId and nodeId
2021-05-14 10:48:18,088 [Listener at 0.0.0.0/12483] INFO  ha.SCMNodeInfo (SCMNodeInfo.java:getPort(197)) - ConfigKey ozone.scm.datanode.address is deprecated, For configuring different ports for each SCM use PortConfigKey ozone.scm.datanode.port appended with serviceId and nodeId
OM initialization succeeded.Current cluster id for sd=/github/workspace/mnt/ozone/hadoop-ozone/integration-test/target/test-dir/MiniOzoneClusterImpl-ae7c3056-0ef0-4eb0-8011-d4e31cef5b5a/omNode-1/om;cid=ae7c3056-0ef0-4eb0-8011-d4e31cef5b5a;layoutVersion=0
2021-05-14 10:48:18,093 [Listener at 0.0.0.0/12483] INFO  ha.OMHANodeDetails (OMHANodeDetails.java:loadOMHAConfig(111)) - ServiceID for OzoneManager is om-service-test1
2021-05-14 10:48:18,093 [Listener at 0.0.0.0/12483] INFO  ha.OMHANodeDetails (OMHANodeDetails.java:loadOMHAConfig(187)) - Found matching OM address with OMServiceId: om-service-test1, OMNodeId: omNode-1, RPC Address: localhost:12464 and Ratis port: 12468
2021-05-14 10:48:18,093 [Listener at 0.0.0.0/12483] INFO  ha.OMHANodeDetails (ConfUtils.java:setNodeSpecificConfigs(105)) - Setting configuration key ozone.om.http-address with value of key ozone.om.http-address.om-service-test1.omNode-1: 127.0.0.1:12466
2021-05-14 10:48:18,093 [Listener at 0.0.0.0/12483] INFO  ha.OMHANodeDetails (ConfUtils.java:setNodeSpecificConfigs(105)) - Setting configuration key ozone.om.https-address with value of key ozone.om.https-address.om-service-test1.omNode-1: 127.0.0.1:12467
2021-05-14 10:48:18,094 [Listener at 0.0.0.0/12483] INFO  ha.OMHANodeDetails (ConfUtils.java:setNodeSpecificConfigs(105)) - Setting configuration key ozone.om.address with value of key ozone.om.address.om-service-test1.omNode-1: 127.0.0.1:12464
2021-05-14 10:48:18,094 [Listener at 0.0.0.0/12483] WARN  server.ServerUtils (ServerUtils.java:getDBPath(225)) - ozone.om.db.dirs is not configured. We recommend adding this setting. Falling back to ozone.metadata.dirs instead.
2021-05-14 10:48:18,094 [Listener at 0.0.0.0/12483] WARN  server.ServerUtils (ServerUtils.java:getDBPath(225)) - ozone.om.db.dirs is not configured. We recommend adding this setting. Falling back to ozone.metadata.dirs instead.
2021-05-14 10:48:18,094 [Listener at 0.0.0.0/12483] INFO  ha.SCMNodeInfo (SCMNodeInfo.java:getPort(197)) - ConfigKey ozone.scm.client.address is deprecated, For configuring different ports for each SCM use PortConfigKey ozone.scm.client.port appended with serviceId and nodeId
2021-05-14 10:48:18,094 [Listener at 0.0.0.0/12483] INFO  ha.SCMNodeInfo (SCMNodeInfo.java:getPort(197)) - ConfigKey ozone.scm.block.client.address is deprecated, For configuring different ports for each SCM use PortConfigKey ozone.scm.block.client.port appended with serviceId and nodeId
2021-05-14 10:48:18,094 [Listener at 0.0.0.0/12483] INFO  ha.SCMNodeInfo (SCMNodeInfo.java:getPort(197)) - ConfigKey ozone.scm.datanode.address is deprecated, For configuring different ports for each SCM use PortConfigKey ozone.scm.datanode.port appended with serviceId and nodeId
2021-05-14 10:48:18,094 [Listener at 0.0.0.0/12483] INFO  ha.SCMNodeInfo (SCMNodeInfo.java:getPort(197)) - ConfigKey ozone.scm.client.address is deprecated, For configuring different ports for each SCM use PortConfigKey ozone.scm.client.port appended with serviceId and nodeId
2021-05-14 10:48:18,094 [Listener at 0.0.0.0/12483] INFO  ha.SCMNodeInfo (SCMNodeInfo.java:getPort(197)) - ConfigKey ozone.scm.block.client.address is deprecated, For configuring different ports for each SCM use PortConfigKey ozone.scm.block.client.port appended with serviceId and nodeId
2021-05-14 10:48:18,094 [Listener at 0.0.0.0/12483] INFO  ha.SCMNodeInfo (SCMNodeInfo.java:getPort(197)) - ConfigKey ozone.scm.datanode.address is deprecated, For configuring different ports for each SCM use PortConfigKey ozone.scm.datanode.port appended with serviceId and nodeId
2021-05-14 10:48:18,094 [Listener at 0.0.0.0/12483] INFO  ha.SCMNodeInfo (SCMNodeInfo.java:getPort(197)) - ConfigKey ozone.scm.client.address is deprecated, For configuring different ports for each SCM use PortConfigKey ozone.scm.client.port appended with serviceId and nodeId
2021-05-14 10:48:18,094 [Listener at 0.0.0.0/12483] INFO  ha.SCMNodeInfo (SCMNodeInfo.java:getPort(197)) - ConfigKey ozone.scm.block.client.address is deprecated, For configuring different ports for each SCM use PortConfigKey ozone.scm.block.client.port appended with serviceId and nodeId
2021-05-14 10:48:18,094 [Listener at 0.0.0.0/12483] INFO  ha.SCMNodeInfo (SCMNodeInfo.java:getPort(197)) - ConfigKey ozone.scm.datanode.address is deprecated, For configuring different ports for each SCM use PortConfigKey ozone.scm.datanode.port appended with serviceId and nodeId
2021-05-14 10:48:18,095 [Listener at 0.0.0.0/12483] INFO  ha.SCMNodeInfo (SCMNodeInfo.java:getPort(197)) - ConfigKey ozone.scm.client.address is deprecated, For configuring different ports for each SCM use PortConfigKey ozone.scm.client.port appended with serviceId and nodeId
2021-05-14 10:48:18,095 [Listener at 0.0.0.0/12483] INFO  ha.SCMNodeInfo (SCMNodeInfo.java:getPort(197)) - ConfigKey ozone.scm.block.client.address is deprecated, For configuring different ports for each SCM use PortConfigKey ozone.scm.block.client.port appended with serviceId and nodeId
2021-05-14 10:48:18,095 [Listener at 0.0.0.0/12483] INFO  ha.SCMNodeInfo (SCMNodeInfo.java:getPort(197)) - ConfigKey ozone.scm.datanode.address is deprecated, For configuring different ports for each SCM use PortConfigKey ozone.scm.datanode.port appended with serviceId and nodeId
2021-05-14 10:48:18,095 [Listener at 0.0.0.0/12483] INFO  ha.SCMNodeInfo (SCMNodeInfo.java:getPort(197)) - ConfigKey ozone.scm.client.address is deprecated, For configuring different ports for each SCM use PortConfigKey ozone.scm.client.port appended with serviceId and nodeId
2021-05-14 10:48:18,095 [Listener at 0.0.0.0/12483] INFO  ha.SCMNodeInfo (SCMNodeInfo.java:getPort(197)) - ConfigKey ozone.scm.block.client.address is deprecated, For configuring different ports for each SCM use PortConfigKey ozone.scm.block.client.port appended with serviceId and nodeId
2021-05-14 10:48:18,095 [Listener at 0.0.0.0/12483] INFO  ha.SCMNodeInfo (SCMNodeInfo.java:getPort(197)) - ConfigKey ozone.scm.datanode.address is deprecated, For configuring different ports for each SCM use PortConfigKey ozone.scm.datanode.port appended with serviceId and nodeId
2021-05-14 10:48:18,095 [Listener at 0.0.0.0/12483] INFO  ha.SCMNodeInfo (SCMNodeInfo.java:getPort(197)) - ConfigKey ozone.scm.client.address is deprecated, For configuring different ports for each SCM use PortConfigKey ozone.scm.client.port appended with serviceId and nodeId
2021-05-14 10:48:18,095 [Listener at 0.0.0.0/12483] INFO  ha.SCMNodeInfo (SCMNodeInfo.java:getPort(197)) - ConfigKey ozone.scm.block.client.address is deprecated, For configuring different ports for each SCM use PortConfigKey ozone.scm.block.client.port appended with serviceId and nodeId
2021-05-14 10:48:18,096 [Listener at 0.0.0.0/12483] INFO  ha.SCMNodeInfo (SCMNodeInfo.java:getPort(197)) - ConfigKey ozone.scm.datanode.address is deprecated, For configuring different ports for each SCM use PortConfigKey ozone.scm.datanode.port appended with serviceId and nodeId
2021-05-14 10:48:18,096 [Listener at 0.0.0.0/12483] INFO  ha.SCMNodeInfo (SCMNodeInfo.java:getPort(197)) - ConfigKey ozone.scm.client.address is deprecated, For configuring different ports for each SCM use PortConfigKey ozone.scm.client.port appended with serviceId and nodeId
2021-05-14 10:48:18,096 [Listener at 0.0.0.0/12483] INFO  ha.SCMNodeInfo (SCMNodeInfo.java:getPort(197)) - ConfigKey ozone.scm.block.client.address is deprecated, For configuring different ports for each SCM use PortConfigKey ozone.scm.block.client.port appended with serviceId and nodeId
2021-05-14 10:48:18,096 [Listener at 0.0.0.0/12483] INFO  ha.SCMNodeInfo (SCMNodeInfo.java:getPort(197)) - ConfigKey ozone.scm.datanode.address is deprecated, For configuring different ports for each SCM use PortConfigKey ozone.scm.datanode.port appended with serviceId and nodeId
2021-05-14 10:48:18,096 [Listener at 0.0.0.0/12483] INFO  ha.SCMNodeInfo (SCMNodeInfo.java:getPort(197)) - ConfigKey ozone.scm.client.address is deprecated, For configuring different ports for each SCM use PortConfigKey ozone.scm.client.port appended with serviceId and nodeId
2021-05-14 10:48:18,096 [Listener at 0.0.0.0/12483] INFO  ha.SCMNodeInfo (SCMNodeInfo.java:getPort(197)) - ConfigKey ozone.scm.block.client.address is deprecated, For configuring different ports for each SCM use PortConfigKey ozone.scm.block.client.port appended with serviceId and nodeId
2021-05-14 10:48:18,097 [Listener at 0.0.0.0/12483] INFO  ha.SCMNodeInfo (SCMNodeInfo.java:getPort(197)) - ConfigKey ozone.scm.datanode.address is deprecated, For configuring different ports for each SCM use PortConfigKey ozone.scm.datanode.port appended with serviceId and nodeId
2021-05-14 10:48:18,097 [Listener at 0.0.0.0/12483] INFO  ha.SCMNodeInfo (SCMNodeInfo.java:getPort(197)) - ConfigKey ozone.scm.client.address is deprecated, For configuring different ports for each SCM use PortConfigKey ozone.scm.client.port appended with serviceId and nodeId
2021-05-14 10:48:18,097 [Listener at 0.0.0.0/12483] INFO  ha.SCMNodeInfo (SCMNodeInfo.java:getPort(197)) - ConfigKey ozone.scm.block.client.address is deprecated, For configuring different ports for each SCM use PortConfigKey ozone.scm.block.client.port appended with serviceId and nodeId
2021-05-14 10:48:18,097 [Listener at 0.0.0.0/12483] INFO  ha.SCMNodeInfo (SCMNodeInfo.java:getPort(197)) - ConfigKey ozone.scm.datanode.address is deprecated, For configuring different ports for each SCM use PortConfigKey ozone.scm.datanode.port appended with serviceId and nodeId
2021-05-14 10:48:18,101 [Listener at 0.0.0.0/12483] WARN  server.ServerUtils (ServerUtils.java:getDBPath(225)) - ozone.om.db.dirs is not configured. We recommend adding this setting. Falling back to ozone.metadata.dirs instead.
2021-05-14 10:48:18,101 [Listener at 0.0.0.0/12483] INFO  codec.OmKeyInfoCodec (OmKeyInfoCodec.java:<init>(43)) - OmKeyInfoCodec ignorePipeline = true
2021-05-14 10:48:18,101 [Listener at 0.0.0.0/12483] INFO  codec.RepeatedOmKeyInfoCodec (RepeatedOmKeyInfoCodec.java:<init>(42)) - RepeatedOmKeyInfoCodec ignorePipeline = true
2021-05-14 10:48:18,170 [Listener at 0.0.0.0/12483] INFO  om.OzoneManager (OzoneManager.java:addS3GVolumeToDB(3726)) - Created Volume s3v With Owner jenkins1001 required for S3Gateway operations.
2021-05-14 10:48:18,170 [Listener at 0.0.0.0/12483] WARN  server.ServerUtils (ServerUtils.java:getDefaultRatisDirectory(237)) - Storage directory for Ratis is not configured. It is a good idea to map this to an SSD disk. Falling back to ozone.metadata.dirs
2021-05-14 10:48:18,170 [Listener at 0.0.0.0/12483] WARN  ratis.OzoneManagerRatisServer (OzoneManagerRatisServer.java:getOMRatisSnapshotDirectory(634)) - ozone.om.ratis.snapshot.dir is not configured. Falling back to ozone.metadata.dirs config
2021-05-14 10:48:18,170 [Listener at 0.0.0.0/12483] INFO  snapshot.OzoneManagerSnapshotProvider (OzoneManagerSnapshotProvider.java:<init>(77)) - Initializing OM Snapshot Provider
2021-05-14 10:48:18,171 [Listener at 0.0.0.0/12483] WARN  server.ServerUtils (ServerUtils.java:getDefaultRatisDirectory(237)) - Storage directory for Ratis is not configured. It is a good idea to map this to an SSD disk. Falling back to ozone.metadata.dirs
2021-05-14 10:48:18,172 [Listener at 0.0.0.0/12483] INFO  ratis.OzoneManagerRatisServer (OzoneManagerRatisServer.java:<init>(288)) - Instantiating OM Ratis server with GroupID: om-service-test1 and Raft Peers: localhost:12468, localhost:12474, localhost:12480
2021-05-14 10:48:18,172 [Listener at 0.0.0.0/12483] INFO  ratis.OzoneManagerStateMachine (OzoneManagerStateMachine.java:loadSnapshotInfoFromDB(520)) - LastAppliedIndex is set from TransactionInfo from OM DB as (t:0, i:~)
2021-05-14 10:48:18,172 [Listener at 0.0.0.0/12483] INFO  server.RaftServer (ConfUtils.java:logGet(44)) - raft.rpc.type = GRPC (default)
2021-05-14 10:48:18,173 [Listener at 0.0.0.0/12483] INFO  grpc.GrpcFactory (GrpcFactory.java:checkPooledByteBufAllocatorUseCacheForAllThreads(48)) - PERFORMANCE WARNING: useCacheForAllThreads is true that may cause Netty to create a lot garbage objects and, as a result, trigger GC.
	It is recommended to disable useCacheForAllThreads by setting -Dorg.apache.ratis.thirdparty.io.netty.allocator.useCacheForAllThreads=false in command line.
2021-05-14 10:48:18,173 [Listener at 0.0.0.0/12483] INFO  grpc.GrpcConfigKeys (ConfUtils.java:logGet(44)) - raft.grpc.admin.port = -1 (default)
2021-05-14 10:48:18,173 [Listener at 0.0.0.0/12483] INFO  grpc.GrpcConfigKeys (ConfUtils.java:logGet(44)) - raft.grpc.server.port = 12468 (custom)
2021-05-14 10:48:18,173 [Listener at 0.0.0.0/12483] INFO  grpc.GrpcConfigKeys (ConfUtils.java:logGet(44)) - raft.grpc.client.port = -1 (default)
2021-05-14 10:48:18,173 [Listener at 0.0.0.0/12483] INFO  grpc.GrpcConfigKeys (ConfUtils.java:logGet(44)) - raft.grpc.server.port = 12468 (custom)
2021-05-14 10:48:18,173 [Listener at 0.0.0.0/12483] INFO  grpc.GrpcConfigKeys (ConfUtils.java:logGet(44)) - raft.grpc.server.port = 12468 (custom)
2021-05-14 10:48:18,173 [Listener at 0.0.0.0/12483] INFO  server.GrpcService (ConfUtils.java:logGet(44)) - raft.grpc.message.size.max = 33554432 (custom)
2021-05-14 10:48:18,173 [Listener at 0.0.0.0/12483] INFO  server.RaftServerConfigKeys (ConfUtils.java:logGet(44)) - raft.server.log.appender.buffer.byte-limit = 33554432 (custom)
2021-05-14 10:48:18,173 [Listener at 0.0.0.0/12483] INFO  server.GrpcService (ConfUtils.java:logGet(44)) - raft.grpc.flow.control.window = 1MB (=1048576) (default)
2021-05-14 10:48:18,173 [Listener at 0.0.0.0/12483] INFO  server.RaftServerConfigKeys (ConfUtils.java:logGet(44)) - raft.server.rpc.request.timeout = 3000ms (default)
2021-05-14 10:48:18,174 [Listener at 0.0.0.0/12483] INFO  impl.DataStreamServerImpl (ConfUtils.java:logGet(44)) - raft.datastream.type = DISABLED (default)
2021-05-14 10:48:18,174 [Listener at 0.0.0.0/12483] INFO  server.RaftServerConfigKeys (ConfUtils.java:logGet(44)) - raft.server.rpc.slowness.timeout = 2s (custom)
2021-05-14 10:48:18,174 [Listener at 0.0.0.0/12483] INFO  server.RaftServerConfigKeys (ConfUtils.java:logGet(44)) - raft.server.leaderelection.leader.step-down.wait-time = 10s (default)
2021-05-14 10:48:18,174 [Listener at 0.0.0.0/12483] INFO  server.RaftServerConfigKeys (ConfUtils.java:logGet(44)) - raft.server.storage.dir = [/github/workspace/mnt/ozone/hadoop-ozone/integration-test/target/test-dir/MiniOzoneClusterImpl-ae7c3056-0ef0-4eb0-8011-d4e31cef5b5a/omNode-1/ratis] (custom)
2021-05-14 10:48:18,175 [Listener at 0.0.0.0/12483] INFO  server.RaftServer (RaftServerProxy.java:addNew(95)) - omNode-1: addNew group-523986131536:[omNode-3|rpc:localhost:12480|priority:0, omNode-1|rpc:localhost:12468|priority:0, omNode-2|rpc:localhost:12474|priority:0] returns group-523986131536:java.util.concurrent.CompletableFuture@653f6ff4[Not completed]
2021-05-14 10:48:18,175 [Listener at 0.0.0.0/12483] INFO  om.OzoneManager (OzoneManager.java:initializeRatisServer(1285)) - OzoneManager Ratis server initialized at port 12468
2021-05-14 10:48:18,176 [Listener at 0.0.0.0/12483] INFO  ipc.CallQueueManager (CallQueueManager.java:<init>(85)) - Using callQueue: class java.util.concurrent.LinkedBlockingQueue, queueCapacity: 2000, scheduler: class org.apache.hadoop.ipc.DefaultRpcScheduler, ipcBackoff: false.
2021-05-14 10:48:18,176 [Listener at 0.0.0.0/12483] INFO  ozone.MiniOzoneHAClusterImpl (MiniOzoneHAClusterImpl.java:createOMService(485)) - MiniOzoneHACluster port conflicts, retried 1 times
2021-05-14 10:48:18,176 [Listener at 0.0.0.0/12483] INFO  ha.OMHANodeDetails (OMHANodeDetails.java:loadOMHAConfig(111)) - ServiceID for OzoneManager is om-service-test1
2021-05-14 10:48:18,177 [Listener at 0.0.0.0/12483] INFO  ha.OMHANodeDetails (OMHANodeDetails.java:loadOMHAConfig(187)) - Found matching OM address with OMServiceId: om-service-test1, OMNodeId: omNode-1, RPC Address: localhost:11180 and Ratis port: 11184
2021-05-14 10:48:18,177 [Listener at 0.0.0.0/12483] INFO  ha.OMHANodeDetails (ConfUtils.java:setNodeSpecificConfigs(105)) - Setting configuration key ozone.om.http-address with value of key ozone.om.http-address.om-service-test1.omNode-1: 127.0.0.1:11182
2021-05-14 10:48:18,177 [Listener at 0.0.0.0/12483] INFO  ha.OMHANodeDetails (ConfUtils.java:setNodeSpecificConfigs(105)) - Setting configuration key ozone.om.https-address with value of key ozone.om.https-address.om-service-test1.omNode-1: 127.0.0.1:11183
2021-05-14 10:48:18,177 [Listener at 0.0.0.0/12483] INFO  ha.OMHANodeDetails (ConfUtils.java:setNodeSpecificConfigs(105)) - Setting configuration key ozone.om.address with value of key ozone.om.address.om-service-test1.omNode-1: 127.0.0.1:11180
2021-05-14 10:48:18,177 [Listener at 0.0.0.0/12483] WARN  server.ServerUtils (ServerUtils.java:getDBPath(225)) - ozone.om.db.dirs is not configured. We recommend adding this setting. Falling back to ozone.metadata.dirs instead.
OM already initialized.Reusing existing cluster id for sd=/github/workspace/mnt/ozone/hadoop-ozone/integration-test/target/test-dir/MiniOzoneClusterImpl-ae7c3056-0ef0-4eb0-8011-d4e31cef5b5a/omNode-1/om;cid=ae7c3056-0ef0-4eb0-8011-d4e31cef5b5a;layoutVersion=0
2021-05-14 10:48:18,177 [Listener at 0.0.0.0/12483] INFO  ha.OMHANodeDetails (OMHANodeDetails.java:loadOMHAConfig(111)) - ServiceID for OzoneManager is om-service-test1
2021-05-14 10:48:18,177 [Listener at 0.0.0.0/12483] INFO  ha.OMHANodeDetails (OMHANodeDetails.java:loadOMHAConfig(187)) - Found matching OM address with OMServiceId: om-service-test1, OMNodeId: omNode-1, RPC Address: localhost:11180 and Ratis port: 11184
2021-05-14 10:48:18,177 [Listener at 0.0.0.0/12483] INFO  ha.OMHANodeDetails (ConfUtils.java:setNodeSpecificConfigs(105)) - Setting configuration key ozone.om.http-address with value of key ozone.om.http-address.om-service-test1.omNode-1: 127.0.0.1:11182
2021-05-14 10:48:18,177 [Listener at 0.0.0.0/12483] INFO  ha.OMHANodeDetails (ConfUtils.java:setNodeSpecificConfigs(105)) - Setting configuration key ozone.om.https-address with value of key ozone.om.https-address.om-service-test1.omNode-1: 127.0.0.1:11183
2021-05-14 10:48:18,177 [Listener at 0.0.0.0/12483] INFO  ha.OMHANodeDetails (ConfUtils.java:setNodeSpecificConfigs(105)) - Setting configuration key ozone.om.address with value of key ozone.om.address.om-service-test1.omNode-1: 127.0.0.1:11180
2021-05-14 10:48:18,177 [Listener at 0.0.0.0/12483] WARN  server.ServerUtils (ServerUtils.java:getDBPath(225)) - ozone.om.db.dirs is not configured. We recommend adding this setting. Falling back to ozone.metadata.dirs instead.
2021-05-14 10:48:18,178 [Listener at 0.0.0.0/12483] WARN  server.ServerUtils (ServerUtils.java:getDBPath(225)) - ozone.om.db.dirs is not configured. We recommend adding this setting. Falling back to ozone.metadata.dirs instead.
2021-05-14 10:48:18,178 [Listener at 0.0.0.0/12483] INFO  ha.SCMNodeInfo (SCMNodeInfo.java:getPort(197)) - ConfigKey ozone.scm.client.address is deprecated, For configuring different ports for each SCM use PortConfigKey ozone.scm.client.port appended with serviceId and nodeId
2021-05-14 10:48:18,178 [Listener at 0.0.0.0/12483] INFO  ha.SCMNodeInfo (SCMNodeInfo.java:getPort(197)) - ConfigKey ozone.scm.block.client.address is deprecated, For configuring different ports for each SCM use PortConfigKey ozone.scm.block.client.port appended with serviceId and nodeId
2021-05-14 10:48:18,178 [Listener at 0.0.0.0/12483] INFO  ha.SCMNodeInfo (SCMNodeInfo.java:getPort(197)) - ConfigKey ozone.scm.datanode.address is deprecated, For configuring different ports for each SCM use PortConfigKey ozone.scm.datanode.port appended with serviceId and nodeId
2021-05-14 10:48:18,178 [Listener at 0.0.0.0/12483] INFO  ha.SCMNodeInfo (SCMNodeInfo.java:getPort(197)) - ConfigKey ozone.scm.client.address is deprecated, For configuring different ports for each SCM use PortConfigKey ozone.scm.client.port appended with serviceId and nodeId
2021-05-14 10:48:18,178 [Listener at 0.0.0.0/12483] INFO  ha.SCMNodeInfo (SCMNodeInfo.java:getPort(197)) - ConfigKey ozone.scm.block.client.address is deprecated, For configuring different ports for each SCM use PortConfigKey ozone.scm.block.client.port appended with serviceId and nodeId
2021-05-14 10:48:18,178 [Listener at 0.0.0.0/12483] INFO  ha.SCMNodeInfo (SCMNodeInfo.java:getPort(197)) - ConfigKey ozone.scm.datanode.address is deprecated, For configuring different ports for each SCM use PortConfigKey ozone.scm.datanode.port appended with serviceId and nodeId
2021-05-14 10:48:18,178 [Listener at 0.0.0.0/12483] INFO  ha.SCMNodeInfo (SCMNodeInfo.java:getPort(197)) - ConfigKey ozone.scm.client.address is deprecated, For configuring different ports for each SCM use PortConfigKey ozone.scm.client.port appended with serviceId and nodeId
2021-05-14 10:48:18,178 [Listener at 0.0.0.0/12483] INFO  ha.SCMNodeInfo (SCMNodeInfo.java:getPort(197)) - ConfigKey ozone.scm.block.client.address is deprecated, For configuring different ports for each SCM use PortConfigKey ozone.scm.block.client.port appended with serviceId and nodeId
2021-05-14 10:48:18,178 [Listener at 0.0.0.0/12483] INFO  ha.SCMNodeInfo (SCMNodeInfo.java:getPort(197)) - ConfigKey ozone.scm.datanode.address is deprecated, For configuring different ports for each SCM use PortConfigKey ozone.scm.datanode.port appended with serviceId and nodeId
2021-05-14 10:48:18,179 [Listener at 0.0.0.0/12483] INFO  ha.SCMNodeInfo (SCMNodeInfo.java:getPort(197)) - ConfigKey ozone.scm.client.address is deprecated, For configuring different ports for each SCM use PortConfigKey ozone.scm.client.port appended with serviceId and nodeId
2021-05-14 10:48:18,179 [Listener at 0.0.0.0/12483] INFO  ha.SCMNodeInfo (SCMNodeInfo.java:getPort(197)) - ConfigKey ozone.scm.block.client.address is deprecated, For configuring different ports for each SCM use PortConfigKey ozone.scm.block.client.port appended with serviceId and nodeId
2021-05-14 10:48:18,179 [Listener at 0.0.0.0/12483] INFO  ha.SCMNodeInfo (SCMNodeInfo.java:getPort(197)) - ConfigKey ozone.scm.datanode.address is deprecated, For configuring different ports for each SCM use PortConfigKey ozone.scm.datanode.port appended with serviceId and nodeId
2021-05-14 10:48:18,179 [Listener at 0.0.0.0/12483] INFO  ha.SCMNodeInfo (SCMNodeInfo.java:getPort(197)) - ConfigKey ozone.scm.client.address is deprecated, For configuring different ports for each SCM use PortConfigKey ozone.scm.client.port appended with serviceId and nodeId
2021-05-14 10:48:18,179 [Listener at 0.0.0.0/12483] INFO  ha.SCMNodeInfo (SCMNodeInfo.java:getPort(197)) - ConfigKey ozone.scm.block.client.address is deprecated, For configuring different ports for each SCM use PortConfigKey ozone.scm.block.client.port appended with serviceId and nodeId
2021-05-14 10:48:18,179 [Listener at 0.0.0.0/12483] INFO  ha.SCMNodeInfo (SCMNodeInfo.java:getPort(197)) - ConfigKey ozone.scm.datanode.address is deprecated, For configuring different ports for each SCM use PortConfigKey ozone.scm.datanode.port appended with serviceId and nodeId
2021-05-14 10:48:18,179 [Listener at 0.0.0.0/12483] INFO  ha.SCMNodeInfo (SCMNodeInfo.java:getPort(197)) - ConfigKey ozone.scm.client.address is deprecated, For configuring different ports for each SCM use PortConfigKey ozone.scm.client.port appended with serviceId and nodeId
2021-05-14 10:48:18,180 [Listener at 0.0.0.0/12483] INFO  ha.SCMNodeInfo (SCMNodeInfo.java:getPort(197)) - ConfigKey ozone.scm.block.client.address is deprecated, For configuring different ports for each SCM use PortConfigKey ozone.scm.block.client.port appended with serviceId and nodeId
2021-05-14 10:48:18,180 [Listener at 0.0.0.0/12483] INFO  ha.SCMNodeInfo (SCMNodeInfo.java:getPort(197)) - ConfigKey ozone.scm.datanode.address is deprecated, For configuring different ports for each SCM use PortConfigKey ozone.scm.datanode.port appended with serviceId and nodeId
2021-05-14 10:48:18,180 [Listener at 0.0.0.0/12483] INFO  ha.SCMNodeInfo (SCMNodeInfo.java:getPort(197)) - ConfigKey ozone.scm.client.address is deprecated, For configuring different ports for each SCM use PortConfigKey ozone.scm.client.port appended with serviceId and nodeId
2021-05-14 10:48:18,180 [Listener at 0.0.0.0/12483] INFO  ha.SCMNodeInfo (SCMNodeInfo.java:getPort(197)) - ConfigKey ozone.scm.block.client.address is deprecated, For configuring different ports for each SCM use PortConfigKey ozone.scm.block.client.port appended with serviceId and nodeId
2021-05-14 10:48:18,180 [Listener at 0.0.0.0/12483] INFO  ha.SCMNodeInfo (SCMNodeInfo.java:getPort(197)) - ConfigKey ozone.scm.datanode.address is deprecated, For configuring different ports for each SCM use PortConfigKey ozone.scm.datanode.port appended with serviceId and nodeId
2021-05-14 10:48:18,180 [Listener at 0.0.0.0/12483] INFO  ha.SCMNodeInfo (SCMNodeInfo.java:getPort(197)) - ConfigKey ozone.scm.client.address is deprecated, For configuring different ports for each SCM use PortConfigKey ozone.scm.client.port appended with serviceId and nodeId
2021-05-14 10:48:18,180 [Listener at 0.0.0.0/12483] INFO  ha.SCMNodeInfo (SCMNodeInfo.java:getPort(197)) - ConfigKey ozone.scm.block.client.address is deprecated, For configuring different ports for each SCM use PortConfigKey ozone.scm.block.client.port appended with serviceId and nodeId
2021-05-14 10:48:18,181 [Listener at 0.0.0.0/12483] INFO  ha.SCMNodeInfo (SCMNodeInfo.java:getPort(197)) - ConfigKey ozone.scm.datanode.address is deprecated, For configuring different ports for each SCM use PortConfigKey ozone.scm.datanode.port appended with serviceId and nodeId
2021-05-14 10:48:18,181 [Listener at 0.0.0.0/12483] INFO  ha.SCMNodeInfo (SCMNodeInfo.java:getPort(197)) - ConfigKey ozone.scm.client.address is deprecated, For configuring different ports for each SCM use PortConfigKey ozone.scm.client.port appended with serviceId and nodeId
2021-05-14 10:48:18,181 [Listener at 0.0.0.0/12483] INFO  ha.SCMNodeInfo (SCMNodeInfo.java:getPort(197)) - ConfigKey ozone.scm.block.client.address is deprecated, For configuring different ports for each SCM use PortConfigKey ozone.scm.block.client.port appended with serviceId and nodeId
2021-05-14 10:48:18,181 [Listener at 0.0.0.0/12483] INFO  ha.SCMNodeInfo (SCMNodeInfo.java:getPort(197)) - ConfigKey ozone.scm.datanode.address is deprecated, For configuring different ports for each SCM use PortConfigKey ozone.scm.datanode.port appended with serviceId and nodeId
2021-05-14 10:48:18,182 [pool-395-thread-1] INFO  server.RaftServer$Division (RaftServerImpl.java:<init>(180)) - omNode-1: new RaftServerImpl for group-523986131536:[omNode-3|rpc:localhost:12480|priority:0, omNode-1|rpc:localhost:12468|priority:0, omNode-2|rpc:localhost:12474|priority:0] with OzoneManagerStateMachine:uninitialized
2021-05-14 10:48:18,199 [pool-395-thread-1] INFO  server.RaftServerConfigKeys (ConfUtils.java:logGet(44)) - raft.server.rpc.timeout.min = 1s (custom)
2021-05-14 10:48:18,199 [pool-395-thread-1] INFO  server.RaftServerConfigKeys (ConfUtils.java:logGet(44)) - raft.server.rpc.timeout.max = 1200ms (custom)
2021-05-14 10:48:18,199 [pool-395-thread-1] INFO  server.RaftServerConfigKeys (ConfUtils.java:logGet(44)) - raft.server.rpc.sleep.time = 25ms (default)
2021-05-14 10:48:18,199 [pool-395-thread-1] INFO  server.RaftServerConfigKeys (ConfUtils.java:logGet(44)) - raft.server.rpc.slowness.timeout = 2s (custom)
2021-05-14 10:48:18,199 [pool-395-thread-1] INFO  server.RaftServerConfigKeys (ConfUtils.java:logGet(44)) - raft.server.leaderelection.leader.step-down.wait-time = 10s (default)
2021-05-14 10:48:18,199 [pool-395-thread-1] INFO  server.RaftServerConfigKeys (ConfUtils.java:logGet(44)) - raft.server.sleep.deviation.threshold = 300ms (default)
2021-05-14 10:48:18,199 [pool-395-thread-1] INFO  server.RaftServerConfigKeys (ConfUtils.java:logGet(44)) - raft.server.log.appender.install.snapshot.enabled = false (custom)
2021-05-14 10:48:18,199 [pool-395-thread-1] INFO  server.RaftServer$Division (ServerState.java:<init>(105)) - omNode-1@group-523986131536: ConfigurationManager, init=-1: [omNode-3|rpc:localhost:12480|priority:0, omNode-1|rpc:localhost:12468|priority:0, omNode-2|rpc:localhost:12474|priority:0], old=null, confs=<EMPTY_MAP>
2021-05-14 10:48:18,199 [pool-395-thread-1] INFO  server.RaftServerConfigKeys (ConfUtils.java:logGet(44)) - raft.server.storage.dir = [/github/workspace/mnt/ozone/hadoop-ozone/integration-test/target/test-dir/MiniOzoneClusterImpl-ae7c3056-0ef0-4eb0-8011-d4e31cef5b5a/omNode-1/ratis] (custom)
2021-05-14 10:48:18,199 [pool-395-thread-1] INFO  server.RaftServerConfigKeys (ConfUtils.java:logGet(44)) - raft.server.log.corruption.policy = EXCEPTION (default)
2021-05-14 10:48:18,199 [pool-395-thread-1] INFO  storage.RaftStorageDirectory (RaftStorageDirectoryImpl.java:analyzeStorage(132)) - The storage directory /github/workspace/mnt/ozone/hadoop-ozone/integration-test/target/test-dir/MiniOzoneClusterImpl-ae7c3056-0ef0-4eb0-8011-d4e31cef5b5a/omNode-1/ratis/c9bc4cf4-3bc3-3c60-a66b-523986131536 does not exist. Creating ...
2021-05-14 10:48:18,201 [pool-395-thread-1] INFO  storage.RaftStorageDirectory (RaftStorageDirectoryImpl.java:tryLock(215)) - Lock on /github/workspace/mnt/ozone/hadoop-ozone/integration-test/target/test-dir/MiniOzoneClusterImpl-ae7c3056-0ef0-4eb0-8011-d4e31cef5b5a/omNode-1/ratis/c9bc4cf4-3bc3-3c60-a66b-523986131536/in_use.lock acquired by nodename 30246@4a783e42cd9e
2021-05-14 10:48:18,202 [pool-395-thread-1] INFO  storage.RaftStorage (RaftStorageImpl.java:format(87)) - Storage directory /github/workspace/mnt/ozone/hadoop-ozone/integration-test/target/test-dir/MiniOzoneClusterImpl-ae7c3056-0ef0-4eb0-8011-d4e31cef5b5a/omNode-1/ratis/c9bc4cf4-3bc3-3c60-a66b-523986131536 has been successfully formatted.
2021-05-14 10:48:18,202 [pool-395-thread-1] INFO  server.RaftServerConfigKeys (ConfUtils.java:logGet(44)) - raft.server.notification.no-leader.timeout = 2s (custom)
2021-05-14 10:48:18,202 [pool-395-thread-1] INFO  server.RaftServerConfigKeys (ConfUtils.java:logGet(44)) - raft.server.log.use.memory = false (default)
2021-05-14 10:48:18,202 [pool-395-thread-1] INFO  server.RaftServerConfigKeys (ConfUtils.java:logGet(44)) - raft.server.log.purge.gap = 1000000 (custom)
2021-05-14 10:48:18,202 [pool-395-thread-1] INFO  server.RaftServerConfigKeys (ConfUtils.java:logGet(44)) - raft.server.log.appender.buffer.byte-limit = 33554432 (custom)
2021-05-14 10:48:18,203 [pool-395-thread-1] INFO  metrics.RatisMetrics (RatisMetrics.java:lambda$create$0(36)) - Creating Metrics Registry : ratis.log_worker.omNode-1@group-523986131536
2021-05-14 10:48:18,203 [pool-395-thread-1] INFO  server.RaftServerConfigKeys (ConfUtils.java:logGet(44)) - raft.server.log.segment.size.max = 4194304 (custom)
2021-05-14 10:48:18,203 [pool-395-thread-1] INFO  server.RaftServerConfigKeys (ConfUtils.java:logGet(44)) - raft.server.log.segment.cache.num.max = 2 (custom)
2021-05-14 10:48:18,203 [pool-395-thread-1] INFO  server.RaftServerConfigKeys (ConfUtils.java:logGet(44)) - raft.server.log.segment.cache.size.max = 200MB (=209715200) (default)
2021-05-14 10:48:18,203 [pool-395-thread-1] INFO  segmented.SegmentedRaftLogWorker (SegmentedRaftLogWorker.java:<init>(182)) - new omNode-1@group-523986131536-SegmentedRaftLogWorker for RaftStorageImpl:Storage Directory /github/workspace/mnt/ozone/hadoop-ozone/integration-test/target/test-dir/MiniOzoneClusterImpl-ae7c3056-0ef0-4eb0-8011-d4e31cef5b5a/omNode-1/ratis/c9bc4cf4-3bc3-3c60-a66b-523986131536
2021-05-14 10:48:18,203 [pool-395-thread-1] INFO  server.RaftServerConfigKeys (ConfUtils.java:logGet(44)) - raft.server.log.queue.byte-limit = 64MB (=67108864) (default)
2021-05-14 10:48:18,203 [pool-395-thread-1] INFO  server.RaftServerConfigKeys (ConfUtils.java:logGet(44)) - raft.server.log.queue.element-limit = 4096 (default)
2021-05-14 10:48:18,203 [pool-395-thread-1] INFO  server.RaftServerConfigKeys (ConfUtils.java:logGet(44)) - raft.server.log.segment.size.max = 4194304 (custom)
2021-05-14 10:48:18,203 [pool-395-thread-1] INFO  server.RaftServerConfigKeys (ConfUtils.java:logGet(44)) - raft.server.log.preallocated.size = 4194304 (custom)
2021-05-14 10:48:18,203 [pool-395-thread-1] INFO  server.RaftServerConfigKeys (ConfUtils.java:logGet(44)) - raft.server.log.force.sync.num = 128 (default)
2021-05-14 10:48:18,203 [pool-395-thread-1] INFO  server.RaftServerConfigKeys (ConfUtils.java:logGet(44)) - raft.server.log.statemachine.data.sync = true (default)
2021-05-14 10:48:18,203 [pool-395-thread-1] INFO  server.RaftServerConfigKeys (ConfUtils.java:logGet(44)) - raft.server.log.statemachine.data.sync.timeout = 10s (default)
2021-05-14 10:48:18,203 [pool-395-thread-1] INFO  server.RaftServerConfigKeys (ConfUtils.java:logGet(44)) - raft.server.log.statemachine.data.sync.timeout.retry = -1 (default)
2021-05-14 10:48:18,204 [pool-395-thread-1] INFO  server.RaftServerConfigKeys (ConfUtils.java:logGet(44)) - raft.server.log.write.buffer.size = 64KB (=65536) (default)
2021-05-14 10:48:18,204 [pool-395-thread-1] INFO  server.RaftServerConfigKeys (ConfUtils.java:logGet(44)) - raft.server.log.statemachine.data.caching.enabled = false (default)
2021-05-14 10:48:18,204 [pool-395-thread-1] INFO  segmented.SegmentedRaftLogWorker (SegmentedRaftLogWorker.java:lambda$new$0(133)) - omNode-1@group-523986131536-SegmentedRaftLogWorker: flushIndex: setUnconditionally 0 -> -1
2021-05-14 10:48:18,204 [pool-395-thread-1] INFO  segmented.SegmentedRaftLogWorker (SegmentedRaftLogWorker.java:lambda$new$0(133)) - omNode-1@group-523986131536-SegmentedRaftLogWorker: safeCacheEvictIndex: setUnconditionally 0 -> -1
2021-05-14 10:48:18,206 [Listener at 0.0.0.0/12483] WARN  server.ServerUtils (ServerUtils.java:getDBPath(225)) - ozone.om.db.dirs is not configured. We recommend adding this setting. Falling back to ozone.metadata.dirs instead.
2021-05-14 10:48:18,206 [Listener at 0.0.0.0/12483] INFO  codec.OmKeyInfoCodec (OmKeyInfoCodec.java:<init>(43)) - OmKeyInfoCodec ignorePipeline = true
2021-05-14 10:48:18,206 [Listener at 0.0.0.0/12483] INFO  codec.RepeatedOmKeyInfoCodec (RepeatedOmKeyInfoCodec.java:<init>(42)) - RepeatedOmKeyInfoCodec ignorePipeline = true
2021-05-14 10:48:18,212 [pool-395-thread-1] INFO  server.RaftServerConfigKeys (ConfUtils.java:logGet(44)) - raft.server.snapshot.auto.trigger.enabled = true (custom)
2021-05-14 10:48:18,212 [pool-395-thread-1] INFO  server.RaftServerConfigKeys (ConfUtils.java:logGet(44)) - raft.server.snapshot.auto.trigger.threshold = 400000 (default)
2021-05-14 10:48:18,212 [pool-395-thread-1] INFO  server.RaftServerConfigKeys (ConfUtils.java:logGet(44)) - raft.server.snapshot.retention.file.num = -1 (default)
2021-05-14 10:48:18,212 [pool-395-thread-1] INFO  server.RaftServerConfigKeys (ConfUtils.java:logGet(44)) - raft.server.log.purge.upto.snapshot.index = true (custom)
2021-05-14 10:48:18,212 [pool-395-thread-1] INFO  server.RaftServerConfigKeys (ConfUtils.java:logGet(44)) - raft.server.retrycache.expirytime = 300s (custom)
2021-05-14 10:48:18,212 [pool-395-thread-1] INFO  server.RaftServerConfigKeys (ConfUtils.java:logGet(44)) - raft.server.retrycache.statistics.expirytime = 100?s (default)
2021-05-14 10:48:18,212 [pool-395-thread-1] INFO  metrics.RatisMetrics (RatisMetrics.java:lambda$create$0(36)) - Creating Metrics Registry : ratis.leader_election.omNode-1@group-523986131536
2021-05-14 10:48:18,212 [pool-395-thread-1] INFO  metrics.RatisMetrics (RatisMetrics.java:lambda$create$0(36)) - Creating Metrics Registry : ratis.server.omNode-1@group-523986131536
]]></system-out>
  </testcase>
</testsuite>