<?xml version="1.0" encoding="UTF-8"?>
<testsuite xmlns:xsi="http://www.w3.org/2001/XMLSchema-instance" xsi:noNamespaceSchemaLocation="https://maven.apache.org/surefire/maven-surefire-plugin/xsd/surefire-test-report-3.0.xsd" version="3.0" name="org.apache.hadoop.ozone.container.TestECContainerRecovery" time="445.184" tests="1" errors="1" skipped="0" failures="0">
  <properties>
    <property name="awt.toolkit" value="sun.awt.X11.XToolkit"/>
    <property name="file.encoding.pkg" value="sun.io"/>
    <property name="java.specification.version" value="1.8"/>
    <property name="sun.cpu.isalist" value=""/>
    <property name="sun.jnu.encoding" value="UTF-8"/>
    <property name="java.class.path" value="/home/runner/work/ozone/ozone/hadoop-ozone/integration-test/target/test-classes:/home/runner/work/ozone/ozone/hadoop-ozone/integration-test/target/classes:/home/runner/.m2/repository/org/apache/ozone/ozone-common/1.4.0-SNAPSHOT/ozone-common-1.4.0-SNAPSHOT.jar:/home/runner/.m2/repository/io/grpc/grpc-netty/1.51.1/grpc-netty-1.51.1.jar:/home/runner/.m2/repository/io/grpc/grpc-core/1.51.1/grpc-core-1.51.1.jar:/home/runner/.m2/repository/com/google/android/annotations/4.1.1.4/annotations-4.1.1.4.jar:/home/runner/.m2/repository/org/codehaus/mojo/animal-sniffer-annotations/1.21/animal-sniffer-annotations-1.21.jar:/home/runner/.m2/repository/com/google/errorprone/error_prone_annotations/2.2.0/error_prone_annotations-2.2.0.jar:/home/runner/.m2/repository/io/perfmark/perfmark-api/0.25.0/perfmark-api-0.25.0.jar:/home/runner/.m2/repository/io/netty/netty-codec-http2/4.1.86.Final/netty-codec-http2-4.1.86.Final.jar:/home/runner/.m2/repository/io/netty/netty-common/4.1.86.Final/netty-common-4.1.86.Final.jar:/home/runner/.m2/repository/io/netty/netty-buffer/4.1.86.Final/netty-buffer-4.1.86.Final.jar:/home/runner/.m2/repository/io/netty/netty-codec-http/4.1.86.Final/netty-codec-http-4.1.86.Final.jar:/home/runner/.m2/repository/io/netty/netty-handler-proxy/4.1.86.Final/netty-handler-proxy-4.1.86.Final.jar:/home/runner/.m2/repository/io/netty/netty-codec-socks/4.1.86.Final/netty-codec-socks-4.1.86.Final.jar:/home/runner/.m2/repository/io/netty/netty-tcnative-boringssl-static/2.0.54.Final/netty-tcnative-boringssl-static-2.0.54.Final.jar:/home/runner/.m2/repository/io/netty/netty-tcnative-classes/2.0.54.Final/netty-tcnative-classes-2.0.54.Final.jar:/home/runner/.m2/repository/io/netty/netty-tcnative-boringssl-static/2.0.54.Final/netty-tcnative-boringssl-static-2.0.54.Final-linux-x86_64.jar:/home/runner/.m2/repository/io/netty/netty-tcnative-boringssl-static/2.0.54.Final/netty-tcnative-boringssl-static-2.0.54.Final-linux-aarch_64.jar:/home/runner/.m2/repository/io/netty/netty-tcnative-boringssl-static/2.0.54.Final/netty-tcnative-boringssl-static-2.0.54.Final-osx-x86_64.jar:/home/runner/.m2/repository/io/netty/netty-tcnative-boringssl-static/2.0.54.Final/netty-tcnative-boringssl-static-2.0.54.Final-osx-aarch_64.jar:/home/runner/.m2/repository/io/netty/netty-tcnative-boringssl-static/2.0.54.Final/netty-tcnative-boringssl-static-2.0.54.Final-windows-x86_64.jar:/home/runner/.m2/repository/org/apache/commons/commons-compress/1.21/commons-compress-1.21.jar:/home/runner/.m2/repository/org/apache/ozone/hdds-common/1.4.0-SNAPSHOT/hdds-common-1.4.0-SNAPSHOT.jar:/home/runner/.m2/repository/org/apache/ozone/hdds-client/1.4.0-SNAPSHOT/hdds-client-1.4.0-SNAPSHOT.jar:/home/runner/.m2/repository/org/apache/ozone/ozone-interface-client/1.4.0-SNAPSHOT/ozone-interface-client-1.4.0-SNAPSHOT.jar:/home/runner/.m2/repository/org/apache/ozone/hdds-test-utils/1.4.0-SNAPSHOT/hdds-test-utils-1.4.0-SNAPSHOT.jar:/home/runner/.m2/repository/com/google/guava/guava/31.1-jre/guava-31.1-jre.jar:/home/runner/.m2/repository/com/google/guava/failureaccess/1.0.1/failureaccess-1.0.1.jar:/home/runner/.m2/repository/com/google/guava/listenablefuture/9999.0-empty-to-avoid-conflict-with-guava/listenablefuture-9999.0-empty-to-avoid-conflict-with-guava.jar:/home/runner/.m2/repository/com/google/code/findbugs/jsr305/3.0.0/jsr305-3.0.0.jar:/home/runner/.m2/repository/org/checkerframework/checker-qual/3.12.0/checker-qual-3.12.0.jar:/home/runner/.m2/repository/com/google/j2objc/j2objc-annotations/1.3/j2objc-annotations-1.3.jar:/home/runner/.m2/repository/commons-io/commons-io/2.11.0/commons-io-2.11.0.jar:/home/runner/.m2/repository/commons-logging/commons-logging/1.2/commons-logging-1.2.jar:/home/runner/.m2/repository/ch/qos/reload4j/reload4j/1.2.22/reload4j-1.2.22.jar:/home/runner/.m2/repository/org/slf4j/slf4j-api/1.7.36/slf4j-api-1.7.36.jar:/home/runner/.m2/repository/org/apache/ozone/hdds-server-scm/1.4.0-SNAPSHOT/hdds-server-scm-1.4.0-SNAPSHOT.jar:/home/runner/.m2/repository/org/apache/ozone/hdds-container-service/1.4.0-SNAPSHOT/hdds-container-service-1.4.0-SNAPSHOT.jar:/home/runner/.m2/repository/org/apache/ozone/hdds-hadoop-dependency-server/1.4.0-SNAPSHOT/hdds-hadoop-dependency-server-1.4.0-SNAPSHOT.jar:/home/runner/.m2/repository/org/apache/hadoop/hadoop-hdfs/3.3.4/hadoop-hdfs-3.3.4.jar:/home/runner/.m2/repository/org/eclipse/jetty/jetty-util-ajax/9.4.49.v20220914/jetty-util-ajax-9.4.49.v20220914.jar:/home/runner/.m2/repository/commons-daemon/commons-daemon/1.0.13/commons-daemon-1.0.13.jar:/home/runner/.m2/repository/org/apache/ozone/hdds-server-framework/1.4.0-SNAPSHOT/hdds-server-framework-1.4.0-SNAPSHOT.jar:/home/runner/.m2/repository/org/apache/ozone/hdds-interface-server/1.4.0-SNAPSHOT/hdds-interface-server-1.4.0-SNAPSHOT.jar:/home/runner/.m2/repository/org/apache/commons/commons-configuration2/2.1.1/commons-configuration2-2.1.1.jar:/home/runner/.m2/repository/org/apache/logging/log4j/log4j-core/2.17.1/log4j-core-2.17.1.jar:/home/runner/.m2/repository/com/lmax/disruptor/3.4.2/disruptor-3.4.2.jar:/home/runner/.m2/repository/org/eclipse/jetty/jetty-servlet/9.4.49.v20220914/jetty-servlet-9.4.49.v20220914.jar:/home/runner/.m2/repository/org/eclipse/jetty/jetty-security/9.4.49.v20220914/jetty-security-9.4.49.v20220914.jar:/home/runner/.m2/repository/org/rocksdb/rocksdbjni/7.7.3/rocksdbjni-7.7.3.jar:/home/runner/.m2/repository/io/prometheus/simpleclient_dropwizard/0.7.0/simpleclient_dropwizard-0.7.0.jar:/home/runner/.m2/repository/io/prometheus/simpleclient/0.7.0/simpleclient-0.7.0.jar:/home/runner/.m2/repository/io/prometheus/simpleclient_common/0.7.0/simpleclient_common-0.7.0.jar:/home/runner/.m2/repository/com/github/spotbugs/spotbugs-annotations/3.1.12/spotbugs-annotations-3.1.12.jar:/home/runner/.m2/repository/io/dropwizard/metrics/metrics-core/3.2.4/metrics-core-3.2.4.jar:/home/runner/.m2/repository/org/apache/commons/commons-text/1.4/commons-text-1.4.jar:/home/runner/.m2/repository/org/apache/hadoop/hadoop-hdfs-client/3.3.4/hadoop-hdfs-client-3.3.4.jar:/home/runner/.m2/repository/com/squareup/okhttp3/okhttp/4.9.3/okhttp-4.9.3.jar:/home/runner/.m2/repository/com/squareup/okio/okio/2.8.0/okio-2.8.0.jar:/home/runner/.m2/repository/org/jetbrains/kotlin/kotlin-stdlib-common/1.4.10/kotlin-stdlib-common-1.4.10.jar:/home/runner/.m2/repository/org/bouncycastle/bcprov-jdk15on/1.67/bcprov-jdk15on-1.67.jar:/home/runner/.m2/repository/com/google/protobuf/protobuf-java/2.5.0/protobuf-java-2.5.0.jar:/home/runner/.m2/repository/org/apache/ozone/ozone-manager/1.4.0-SNAPSHOT/ozone-manager-1.4.0-SNAPSHOT.jar:/home/runner/.m2/repository/org/aspectj/aspectjrt/1.9.7/aspectjrt-1.9.7.jar:/home/runner/.m2/repository/org/aspectj/aspectjweaver/1.9.7/aspectjweaver-1.9.7.jar:/home/runner/.m2/repository/org/apache/ozone/hdds-interface-client/1.4.0-SNAPSHOT/hdds-interface-client-1.4.0-SNAPSHOT.jar:/home/runner/.m2/repository/org/apache/hadoop/thirdparty/hadoop-shaded-protobuf_3_7/1.1.1/hadoop-shaded-protobuf_3_7-1.1.1.jar:/home/runner/.m2/repository/org/apache/ozone/ozone-interface-storage/1.4.0-SNAPSHOT/ozone-interface-storage-1.4.0-SNAPSHOT.jar:/home/runner/.m2/repository/org/reflections/reflections/0.9.11/reflections-0.9.11.jar:/home/runner/.m2/repository/com/sun/jersey/jersey-client/1.19/jersey-client-1.19.jar:/home/runner/.m2/repository/org/apache/ranger/ranger-intg/2.3.0/ranger-intg-2.3.0.jar:/home/runner/.m2/repository/org/apache/ranger/ranger-plugins-common/2.3.0/ranger-plugins-common-2.3.0.jar:/home/runner/.m2/repository/commons-lang/commons-lang/2.6/commons-lang-2.6.jar:/home/runner/.m2/repository/org/codehaus/jackson/jackson-jaxrs/1.9.13/jackson-jaxrs-1.9.13.jar:/home/runner/.m2/repository/org/apache/ranger/ranger-plugins-cred/2.3.0/ranger-plugins-cred-2.3.0.jar:/home/runner/.m2/repository/org/apache/ranger/ranger-plugins-audit/2.3.0/ranger-plugins-audit-2.3.0.jar:/home/runner/.m2/repository/org/eclipse/jetty/jetty-client/9.4.31.v20200723/jetty-client-9.4.31.v20200723.jar:/home/runner/.m2/repository/org/apache/httpcomponents/httpmime/4.5.6/httpmime-4.5.6.jar:/home/runner/.m2/repository/org/apache/httpcomponents/httpcore-nio/4.4.6/httpcore-nio-4.4.6.jar:/home/runner/.m2/repository/org/apache/httpcomponents/httpasyncclient/4.1.3/httpasyncclient-4.1.3.jar:/home/runner/.m2/repository/com/carrotsearch/hppc/0.8.0/hppc-0.8.0.jar:/home/runner/.m2/repository/org/apache/orc/orc-core/1.5.8/orc-core-1.5.8.jar:/home/runner/.m2/repository/net/java/dev/jna/jna/5.2.0/jna-5.2.0.jar:/home/runner/.m2/repository/net/java/dev/jna/jna-platform/5.2.0/jna-platform-5.2.0.jar:/home/runner/.m2/repository/com/kstruct/gethostname4j/0.0.2/gethostname4j-0.0.2.jar:/home/runner/.m2/repository/org/apache/ranger/ranger-plugin-classloader/2.3.0/ranger-plugin-classloader-2.3.0.jar:/home/runner/.m2/repository/org/apache/hadoop/hadoop-minikdc/3.3.4/hadoop-minikdc-3.3.4.jar:/home/runner/.m2/repository/org/apache/kerby/kerb-simplekdc/1.0.1/kerb-simplekdc-1.0.1.jar:/home/runner/.m2/repository/org/apache/kerby/kerb-client/1.0.1/kerb-client-1.0.1.jar:/home/runner/.m2/repository/org/apache/kerby/kerby-config/1.0.1/kerby-config-1.0.1.jar:/home/runner/.m2/repository/org/apache/kerby/kerb-common/1.0.1/kerb-common-1.0.1.jar:/home/runner/.m2/repository/org/apache/kerby/kerb-crypto/1.0.1/kerb-crypto-1.0.1.jar:/home/runner/.m2/repository/org/apache/kerby/kerb-util/1.0.1/kerb-util-1.0.1.jar:/home/runner/.m2/repository/org/apache/kerby/token-provider/1.0.1/token-provider-1.0.1.jar:/home/runner/.m2/repository/org/apache/kerby/kerb-admin/1.0.1/kerb-admin-1.0.1.jar:/home/runner/.m2/repository/org/apache/kerby/kerb-server/1.0.1/kerb-server-1.0.1.jar:/home/runner/.m2/repository/org/apache/kerby/kerb-identity/1.0.1/kerb-identity-1.0.1.jar:/home/runner/.m2/repository/org/apache/kerby/kerby-xdr/1.0.1/kerby-xdr-1.0.1.jar:/home/runner/.m2/repository/org/apache/ozone/ozone-s3gateway/1.4.0-SNAPSHOT/ozone-s3gateway-1.4.0-SNAPSHOT.jar:/home/runner/.m2/repository/org/javassist/javassist/3.21.0-GA/javassist-3.21.0-GA.jar:/home/runner/.m2/repository/org/jboss/weld/servlet/weld-servlet/2.4.7.Final/weld-servlet-2.4.7.Final.jar:/home/runner/.m2/repository/org/glassfish/jersey/containers/jersey-container-servlet-core/2.34/jersey-container-servlet-core-2.34.jar:/home/runner/.m2/repository/org/glassfish/hk2/external/jakarta.inject/2.6.1/jakarta.inject-2.6.1.jar:/home/runner/.m2/repository/org/glassfish/jersey/core/jersey-common/2.34/jersey-common-2.34.jar:/home/runner/.m2/repository/jakarta/ws/rs/jakarta.ws.rs-api/2.1.6/jakarta.ws.rs-api-2.1.6.jar:/home/runner/.m2/repository/org/glassfish/jersey/ext/cdi/jersey-cdi1x/2.34/jersey-cdi1x-2.34.jar:/home/runner/.m2/repository/org/glassfish/jersey/inject/jersey-hk2/2.34/jersey-hk2-2.34.jar:/home/runner/.m2/repository/org/glassfish/hk2/hk2-locator/2.6.1/hk2-locator-2.6.1.jar:/home/runner/.m2/repository/org/glassfish/jersey/media/jersey-media-jaxb/2.34/jersey-media-jaxb-2.34.jar:/home/runner/.m2/repository/org/glassfish/hk2/osgi-resource-locator/1.0.3/osgi-resource-locator-1.0.3.jar:/home/runner/.m2/repository/org/glassfish/hk2/hk2-api/2.5.0/hk2-api-2.5.0.jar:/home/runner/.m2/repository/org/glassfish/hk2/hk2-utils/2.5.0/hk2-utils-2.5.0.jar:/home/runner/.m2/repository/org/glassfish/hk2/external/aopalliance-repackaged/2.5.0/aopalliance-repackaged-2.5.0.jar:/home/runner/.m2/repository/com/fasterxml/jackson/dataformat/jackson-dataformat-xml/2.13.4/jackson-dataformat-xml-2.13.4.jar:/home/runner/.m2/repository/com/fasterxml/jackson/core/jackson-core/2.13.4/jackson-core-2.13.4.jar:/home/runner/.m2/repository/org/codehaus/woodstox/stax2-api/4.2.1/stax2-api-4.2.1.jar:/home/runner/.m2/repository/com/fasterxml/woodstox/woodstox-core/5.4.0/woodstox-core-5.4.0.jar:/home/runner/.m2/repository/com/fasterxml/jackson/module/jackson-module-jaxb-annotations/2.13.4/jackson-module-jaxb-annotations-2.13.4.jar:/home/runner/.m2/repository/jakarta/xml/bind/jakarta.xml.bind-api/2.3.3/jakarta.xml.bind-api-2.3.3.jar:/home/runner/.m2/repository/jakarta/activation/jakarta.activation-api/1.2.1/jakarta.activation-api-1.2.1.jar:/home/runner/.m2/repository/javax/enterprise/cdi-api/1.2/cdi-api-1.2.jar:/home/runner/.m2/repository/javax/el/javax.el-api/3.0.0/javax.el-api-3.0.0.jar:/home/runner/.m2/repository/javax/interceptor/javax.interceptor-api/1.2/javax.interceptor-api-1.2.jar:/home/runner/.m2/repository/javax/inject/javax.inject/1/javax.inject-1.jar:/home/runner/.m2/repository/javax/xml/bind/jaxb-api/2.3.0/jaxb-api-2.3.0.jar:/home/runner/.m2/repository/org/glassfish/jaxb/jaxb-runtime/2.3.0.1/jaxb-runtime-2.3.0.1.jar:/home/runner/.m2/repository/org/glassfish/jaxb/jaxb-core/2.3.0.1/jaxb-core-2.3.0.1.jar:/home/runner/.m2/repository/org/glassfish/jaxb/txw2/2.3.0.1/txw2-2.3.0.1.jar:/home/runner/.m2/repository/com/sun/istack/istack-commons-runtime/3.0.5/istack-commons-runtime-3.0.5.jar:/home/runner/.m2/repository/org/jvnet/staxex/stax-ex/1.7.8/stax-ex-1.7.8.jar:/home/runner/.m2/repository/com/sun/xml/fastinfoset/FastInfoset/1.2.13/FastInfoset-1.2.13.jar:/home/runner/.m2/repository/javax/activation/activation/1.1.1/activation-1.1.1.jar:/home/runner/.m2/repository/io/grpc/grpc-protobuf/1.51.1/grpc-protobuf-1.51.1.jar:/home/runner/.m2/repository/io/grpc/grpc-api/1.51.1/grpc-api-1.51.1.jar:/home/runner/.m2/repository/io/grpc/grpc-context/1.51.1/grpc-context-1.51.1.jar:/home/runner/.m2/repository/com/google/api/grpc/proto-google-common-protos/2.9.0/proto-google-common-protos-2.9.0.jar:/home/runner/.m2/repository/io/grpc/grpc-protobuf-lite/1.51.1/grpc-protobuf-lite-1.51.1.jar:/home/runner/.m2/repository/io/grpc/grpc-stub/1.51.1/grpc-stub-1.51.1.jar:/home/runner/.m2/repository/io/netty/netty-transport/4.1.86.Final/netty-transport-4.1.86.Final.jar:/home/runner/.m2/repository/io/netty/netty-resolver/4.1.86.Final/netty-resolver-4.1.86.Final.jar:/home/runner/.m2/repository/org/apache/ozone/ozone-csi/1.4.0-SNAPSHOT/ozone-csi-1.4.0-SNAPSHOT.jar:/home/runner/.m2/repository/com/google/protobuf/protobuf-java-util/3.19.6/protobuf-java-util-3.19.6.jar:/home/runner/.m2/repository/com/google/code/gson/gson/2.9.0/gson-2.9.0.jar:/home/runner/.m2/repository/org/apache/ozone/hdds-config/1.4.0-SNAPSHOT/hdds-config-1.4.0-SNAPSHOT.jar:/home/runner/.m2/repository/io/netty/netty-transport-native-epoll/4.1.86.Final/netty-transport-native-epoll-4.1.86.Final-linux-x86_64.jar:/home/runner/.m2/repository/io/netty/netty-transport-classes-epoll/4.1.86.Final/netty-transport-classes-epoll-4.1.86.Final.jar:/home/runner/.m2/repository/io/netty/netty-transport-native-unix-common/4.1.86.Final/netty-transport-native-unix-common-4.1.86.Final.jar:/home/runner/.m2/repository/org/slf4j/slf4j-reload4j/1.7.36/slf4j-reload4j-1.7.36.jar:/home/runner/.m2/repository/org/apache/ozone/ozone-recon/1.4.0-SNAPSHOT/ozone-recon-1.4.0-SNAPSHOT.jar:/home/runner/.m2/repository/org/apache/ozone/ozone-reconcodegen/1.4.0-SNAPSHOT/ozone-reconcodegen-1.4.0-SNAPSHOT.jar:/home/runner/.m2/repository/com/google/inject/extensions/guice-multibindings/4.0/guice-multibindings-4.0.jar:/home/runner/.m2/repository/com/google/inject/guice/4.0/guice-4.0.jar:/home/runner/.m2/repository/aopalliance/aopalliance/1.0/aopalliance-1.0.jar:/home/runner/.m2/repository/com/google/inject/extensions/guice-assistedinject/4.0/guice-assistedinject-4.0.jar:/home/runner/.m2/repository/com/google/inject/extensions/guice-servlet/4.0/guice-servlet-4.0.jar:/home/runner/.m2/repository/org/glassfish/jersey/containers/jersey-container-servlet/2.34/jersey-container-servlet-2.34.jar:/home/runner/.m2/repository/org/glassfish/hk2/guice-bridge/2.5.0/guice-bridge-2.5.0.jar:/home/runner/.m2/repository/org/glassfish/jersey/core/jersey-server/2.34/jersey-server-2.34.jar:/home/runner/.m2/repository/org/glassfish/jersey/core/jersey-client/2.34/jersey-client-2.34.jar:/home/runner/.m2/repository/jakarta/annotation/jakarta.annotation-api/1.3.5/jakarta.annotation-api-1.3.5.jar:/home/runner/.m2/repository/jakarta/validation/jakarta.validation-api/2.0.2/jakarta.validation-api-2.0.2.jar:/home/runner/.m2/repository/org/glassfish/jersey/media/jersey-media-json-jackson/2.34/jersey-media-json-jackson-2.34.jar:/home/runner/.m2/repository/org/glassfish/jersey/ext/jersey-entity-filtering/2.34/jersey-entity-filtering-2.34.jar:/home/runner/.m2/repository/org/jooq/jooq/3.11.10/jooq-3.11.10.jar:/home/runner/.m2/repository/org/jooq/jooq-meta/3.11.10/jooq-meta-3.11.10.jar:/home/runner/.m2/repository/org/jooq/jooq-codegen/3.11.10/jooq-codegen-3.11.10.jar:/home/runner/.m2/repository/com/jolbox/bonecp/0.8.0.RELEASE/bonecp-0.8.0.RELEASE.jar:/home/runner/.m2/repository/org/apache/derby/derby/10.14.2.0/derby-10.14.2.0.jar:/home/runner/.m2/repository/org/xerial/sqlite-jdbc/3.25.2/sqlite-jdbc-3.25.2.jar:/home/runner/.m2/repository/org/springframework/spring-jdbc/5.3.23/spring-jdbc-5.3.23.jar:/home/runner/.m2/repository/org/springframework/spring-beans/5.3.23/spring-beans-5.3.23.jar:/home/runner/.m2/repository/org/springframework/spring-core/5.3.23/spring-core-5.3.23.jar:/home/runner/.m2/repository/org/springframework/spring-jcl/5.3.23/spring-jcl-5.3.23.jar:/home/runner/.m2/repository/org/springframework/spring-tx/5.3.23/spring-tx-5.3.23.jar:/home/runner/.m2/repository/org/apache/ozone/ozone-client/1.4.0-SNAPSHOT/ozone-client-1.4.0-SNAPSHOT.jar:/home/runner/.m2/repository/org/apache/ozone/hdds-erasurecode/1.4.0-SNAPSHOT/hdds-erasurecode-1.4.0-SNAPSHOT.jar:/home/runner/.m2/repository/org/apache/ozone/ozone-filesystem/1.4.0-SNAPSHOT/ozone-filesystem-1.4.0-SNAPSHOT.jar:/home/runner/.m2/repository/org/apache/ozone/ozone-filesystem-common/1.4.0-SNAPSHOT/ozone-filesystem-common-1.4.0-SNAPSHOT.jar:/home/runner/.m2/repository/org/apache/ozone/ozone-tools/1.4.0-SNAPSHOT/ozone-tools-1.4.0-SNAPSHOT.jar:/home/runner/.m2/repository/org/apache/ratis/ratis-tools/2.4.2-8b8bdda-SNAPSHOT/ratis-tools-2.4.2-8b8bdda-SNAPSHOT.jar:/home/runner/.m2/repository/com/amazonaws/aws-java-sdk-core/1.12.261/aws-java-sdk-core-1.12.261.jar:/home/runner/.m2/repository/org/apache/httpcomponents/httpclient/4.5.13/httpclient-4.5.13.jar:/home/runner/.m2/repository/org/apache/httpcomponents/httpcore/4.4.13/httpcore-4.4.13.jar:/home/runner/.m2/repository/software/amazon/ion/ion-java/1.0.2/ion-java-1.0.2.jar:/home/runner/.m2/repository/com/fasterxml/jackson/dataformat/jackson-dataformat-cbor/2.13.4/jackson-dataformat-cbor-2.13.4.jar:/home/runner/.m2/repository/joda-time/joda-time/2.8.1/joda-time-2.8.1.jar:/home/runner/.m2/repository/com/amazonaws/aws-java-sdk-s3/1.12.261/aws-java-sdk-s3-1.12.261.jar:/home/runner/.m2/repository/com/amazonaws/aws-java-sdk-kms/1.12.261/aws-java-sdk-kms-1.12.261.jar:/home/runner/.m2/repository/com/amazonaws/jmespath-java/1.12.261/jmespath-java-1.12.261.jar:/home/runner/.m2/repository/org/kohsuke/metainf-services/metainf-services/1.8/metainf-services-1.8.jar:/home/runner/.m2/repository/org/apache/ozone/hdds-tools/1.4.0-SNAPSHOT/hdds-tools-1.4.0-SNAPSHOT.jar:/home/runner/.m2/repository/commons-cli/commons-cli/1.2/commons-cli-1.2.jar:/home/runner/.m2/repository/org/apache/commons/commons-lang3/3.7/commons-lang3-3.7.jar:/home/runner/.m2/repository/org/apache/ozone/ozone-manager/1.4.0-SNAPSHOT/ozone-manager-1.4.0-SNAPSHOT-tests.jar:/home/runner/.m2/repository/org/apache/ozone/hdds-common/1.4.0-SNAPSHOT/hdds-common-1.4.0-SNAPSHOT-tests.jar:/home/runner/.m2/repository/org/apache/ozone/hdds-hadoop-dependency-client/1.4.0-SNAPSHOT/hdds-hadoop-dependency-client-1.4.0-SNAPSHOT.jar:/home/runner/.m2/repository/info/picocli/picocli/4.6.1/picocli-4.6.1.jar:/home/runner/.m2/repository/com/fasterxml/jackson/core/jackson-annotations/2.13.4/jackson-annotations-2.13.4.jar:/home/runner/.m2/repository/com/fasterxml/jackson/datatype/jackson-datatype-jsr310/2.13.4/jackson-datatype-jsr310-2.13.4.jar:/home/runner/.m2/repository/org/apache/ozone/hdds-annotation-processing/1.4.0-SNAPSHOT/hdds-annotation-processing-1.4.0-SNAPSHOT.jar:/home/runner/.m2/repository/javax/annotation/javax.annotation-api/1.2/javax.annotation-api-1.2.jar:/home/runner/.m2/repository/org/apache/ratis/ratis-server/2.4.2-8b8bdda-SNAPSHOT/ratis-server-2.4.2-8b8bdda-SNAPSHOT.jar:/home/runner/.m2/repository/org/apache/ratis/ratis-client/2.4.2-8b8bdda-SNAPSHOT/ratis-client-2.4.2-8b8bdda-SNAPSHOT.jar:/home/runner/.m2/repository/org/apache/ratis/ratis-server-api/2.4.2-8b8bdda-SNAPSHOT/ratis-server-api-2.4.2-8b8bdda-SNAPSHOT.jar:/home/runner/.m2/repository/org/apache/ratis/ratis-metrics/2.4.2-8b8bdda-SNAPSHOT/ratis-metrics-2.4.2-8b8bdda-SNAPSHOT.jar:/home/runner/.m2/repository/org/apache/ratis/ratis-netty/2.4.2-8b8bdda-SNAPSHOT/ratis-netty-2.4.2-8b8bdda-SNAPSHOT.jar:/home/runner/.m2/repository/org/apache/ratis/ratis-grpc/2.4.2-8b8bdda-SNAPSHOT/ratis-grpc-2.4.2-8b8bdda-SNAPSHOT.jar:/home/runner/.m2/repository/org/apache/logging/log4j/log4j-api/2.17.1/log4j-api-2.17.1.jar:/home/runner/.m2/repository/org/apache/commons/commons-pool2/2.6.0/commons-pool2-2.6.0.jar:/home/runner/.m2/repository/org/bouncycastle/bcpkix-jdk15on/1.67/bcpkix-jdk15on-1.67.jar:/home/runner/.m2/repository/commons-validator/commons-validator/1.6/commons-validator-1.6.jar:/home/runner/.m2/repository/commons-beanutils/commons-beanutils/1.9.4/commons-beanutils-1.9.4.jar:/home/runner/.m2/repository/commons-digester/commons-digester/1.8.1/commons-digester-1.8.1.jar:/home/runner/.m2/repository/commons-collections/commons-collections/3.2.2/commons-collections-3.2.2.jar:/home/runner/.m2/repository/io/jaegertracing/jaeger-client/1.6.0/jaeger-client-1.6.0.jar:/home/runner/.m2/repository/io/jaegertracing/jaeger-thrift/1.6.0/jaeger-thrift-1.6.0.jar:/home/runner/.m2/repository/org/apache/thrift/libthrift/0.14.1/libthrift-0.14.1.jar:/home/runner/.m2/repository/io/jaegertracing/jaeger-core/1.6.0/jaeger-core-1.6.0.jar:/home/runner/.m2/repository/io/jaegertracing/jaeger-tracerresolver/1.6.0/jaeger-tracerresolver-1.6.0.jar:/home/runner/.m2/repository/io/opentracing/contrib/opentracing-tracerresolver/0.1.8/opentracing-tracerresolver-0.1.8.jar:/home/runner/.m2/repository/org/jetbrains/kotlin/kotlin-stdlib/1.6.21/kotlin-stdlib-1.6.21.jar:/home/runner/.m2/repository/org/jetbrains/annotations/13.0/annotations-13.0.jar:/home/runner/.m2/repository/io/opentracing/opentracing-util/0.33.0/opentracing-util-0.33.0.jar:/home/runner/.m2/repository/io/opentracing/opentracing-api/0.33.0/opentracing-api-0.33.0.jar:/home/runner/.m2/repository/io/opentracing/opentracing-noop/0.33.0/opentracing-noop-0.33.0.jar:/home/runner/.m2/repository/org/yaml/snakeyaml/1.33/snakeyaml-1.33.jar:/home/runner/.m2/repository/org/apache/ozone/hdds-interface-admin/1.4.0-SNAPSHOT/hdds-interface-admin-1.4.0-SNAPSHOT.jar:/home/runner/.m2/repository/junit/junit/4.13.1/junit-4.13.1.jar:/home/runner/.m2/repository/org/hamcrest/hamcrest-core/1.3/hamcrest-core-1.3.jar:/home/runner/.m2/repository/org/junit/jupiter/junit-jupiter-api/5.8.2/junit-jupiter-api-5.8.2.jar:/home/runner/.m2/repository/org/opentest4j/opentest4j/1.2.0/opentest4j-1.2.0.jar:/home/runner/.m2/repository/org/junit/platform/junit-platform-commons/1.8.2/junit-platform-commons-1.8.2.jar:/home/runner/.m2/repository/org/apiguardian/apiguardian-api/1.1.2/apiguardian-api-1.1.2.jar:/home/runner/.m2/repository/org/junit/jupiter/junit-jupiter-params/5.8.2/junit-jupiter-params-5.8.2.jar:/home/runner/.m2/repository/org/junit/jupiter/junit-jupiter-migrationsupport/5.8.2/junit-jupiter-migrationsupport-5.8.2.jar:/home/runner/.m2/repository/org/junit/jupiter/junit-jupiter-engine/5.8.2/junit-jupiter-engine-5.8.2.jar:/home/runner/.m2/repository/org/junit/platform/junit-platform-engine/1.8.2/junit-platform-engine-1.8.2.jar:/home/runner/.m2/repository/org/junit/vintage/junit-vintage-engine/5.8.2/junit-vintage-engine-5.8.2.jar:/home/runner/.m2/repository/org/junit/platform/junit-platform-launcher/1.8.2/junit-platform-launcher-1.8.2.jar:/home/runner/.m2/repository/org/mockito/mockito-core/2.28.2/mockito-core-2.28.2.jar:/home/runner/.m2/repository/net/bytebuddy/byte-buddy/1.9.10/byte-buddy-1.9.10.jar:/home/runner/.m2/repository/net/bytebuddy/byte-buddy-agent/1.9.10/byte-buddy-agent-1.9.10.jar:/home/runner/.m2/repository/org/objenesis/objenesis/1.0/objenesis-1.0.jar:/home/runner/.m2/repository/org/apache/hadoop/hadoop-kms/3.3.4/hadoop-kms-3.3.4.jar:/home/runner/.m2/repository/org/apache/hadoop/hadoop-auth/3.3.4/hadoop-auth-3.3.4.jar:/home/runner/.m2/repository/com/nimbusds/nimbus-jose-jwt/9.8.1/nimbus-jose-jwt-9.8.1.jar:/home/runner/.m2/repository/com/github/stephenc/jcip/jcip-annotations/1.0-1/jcip-annotations-1.0-1.jar:/home/runner/.m2/repository/net/minidev/json-smart/2.4.7/json-smart-2.4.7.jar:/home/runner/.m2/repository/net/minidev/accessors-smart/2.4.7/accessors-smart-2.4.7.jar:/home/runner/.m2/repository/org/ow2/asm/asm/5.0.4/asm-5.0.4.jar:/home/runner/.m2/repository/org/apache/zookeeper/zookeeper/3.5.6/zookeeper-3.5.6.jar:/home/runner/.m2/repository/org/apache/zookeeper/zookeeper-jute/3.5.6/zookeeper-jute-3.5.6.jar:/home/runner/.m2/repository/org/apache/yetus/audience-annotations/0.5.0/audience-annotations-0.5.0.jar:/home/runner/.m2/repository/org/apache/curator/curator-framework/4.2.0/curator-framework-4.2.0.jar:/home/runner/.m2/repository/org/apache/hadoop/thirdparty/hadoop-shaded-guava/1.1.1/hadoop-shaded-guava-1.1.1.jar:/home/runner/.m2/repository/com/sun/jersey/jersey-core/1.19/jersey-core-1.19.jar:/home/runner/.m2/repository/javax/ws/rs/jsr311-api/1.1.1/jsr311-api-1.1.1.jar:/home/runner/.m2/repository/com/sun/jersey/jersey-server/1.19/jersey-server-1.19.jar:/home/runner/.m2/repository/javax/servlet/javax.servlet-api/3.1.0/javax.servlet-api-3.1.0.jar:/home/runner/.m2/repository/org/eclipse/jetty/jetty-server/9.4.49.v20220914/jetty-server-9.4.49.v20220914.jar:/home/runner/.m2/repository/org/eclipse/jetty/jetty-http/9.4.49.v20220914/jetty-http-9.4.49.v20220914.jar:/home/runner/.m2/repository/org/eclipse/jetty/jetty-io/9.4.49.v20220914/jetty-io-9.4.49.v20220914.jar:/home/runner/.m2/repository/org/eclipse/jetty/jetty-webapp/9.4.49.v20220914/jetty-webapp-9.4.49.v20220914.jar:/home/runner/.m2/repository/org/eclipse/jetty/jetty-xml/9.4.49.v20220914/jetty-xml-9.4.49.v20220914.jar:/home/runner/.m2/repository/org/apache/hadoop/hadoop-common/3.3.4/hadoop-common-3.3.4.jar:/home/runner/.m2/repository/org/apache/commons/commons-math3/3.1.1/commons-math3-3.1.1.jar:/home/runner/.m2/repository/commons-net/commons-net/3.9.0/commons-net-3.9.0.jar:/home/runner/.m2/repository/com/sun/jersey/jersey-servlet/1.19/jersey-servlet-1.19.jar:/home/runner/.m2/repository/com/sun/jersey/jersey-json/1.19/jersey-json-1.19.jar:/home/runner/.m2/repository/org/codehaus/jettison/jettison/1.1/jettison-1.1.jar:/home/runner/.m2/repository/com/sun/xml/bind/jaxb-impl/2.2.3-1/jaxb-impl-2.2.3-1.jar:/home/runner/.m2/repository/org/codehaus/jackson/jackson-xc/1.9.2/jackson-xc-1.9.2.jar:/home/runner/.m2/repository/com/google/re2j/re2j/1.1/re2j-1.1.jar:/home/runner/.m2/repository/com/jcraft/jsch/0.1.54/jsch-0.1.54.jar:/home/runner/.m2/repository/org/apache/curator/curator-client/4.2.0/curator-client-4.2.0.jar:/home/runner/.m2/repository/org/apache/curator/curator-recipes/4.2.0/curator-recipes-4.2.0.jar:/home/runner/.m2/repository/org/apache/kerby/kerb-core/1.0.1/kerb-core-1.0.1.jar:/home/runner/.m2/repository/org/apache/kerby/kerby-pkix/1.0.1/kerby-pkix-1.0.1.jar:/home/runner/.m2/repository/org/apache/kerby/kerby-asn1/1.0.1/kerby-asn1-1.0.1.jar:/home/runner/.m2/repository/org/apache/kerby/kerby-util/1.0.1/kerby-util-1.0.1.jar:/home/runner/.m2/repository/dnsjava/dnsjava/2.1.7/dnsjava-2.1.7.jar:/home/runner/.m2/repository/org/xerial/snappy/snappy-java/1.1.8.2/snappy-java-1.1.8.2.jar:/home/runner/.m2/repository/org/eclipse/jetty/jetty-util/9.4.49.v20220914/jetty-util-9.4.49.v20220914.jar:/home/runner/.m2/repository/com/fasterxml/jackson/core/jackson-databind/2.13.4.2/jackson-databind-2.13.4.2.jar:/home/runner/.m2/repository/org/apache/hadoop/hadoop-kms/3.3.4/hadoop-kms-3.3.4-tests.jar:/home/runner/.m2/repository/org/apache/ozone/hdds-server-scm/1.4.0-SNAPSHOT/hdds-server-scm-1.4.0-SNAPSHOT-tests.jar:/home/runner/.m2/repository/org/apache/ozone/hdds-container-service/1.4.0-SNAPSHOT/hdds-container-service-1.4.0-SNAPSHOT-tests.jar:/home/runner/.m2/repository/com/github/luben/zstd-jni/1.5.2-5/zstd-jni-1.5.2-5.jar:/home/runner/.m2/repository/commons-codec/commons-codec/1.15/commons-codec-1.15.jar:/home/runner/.m2/repository/io/netty/netty-codec/4.1.86.Final/netty-codec-4.1.86.Final.jar:/home/runner/.m2/repository/io/netty/netty-handler/4.1.86.Final/netty-handler-4.1.86.Final.jar:/home/runner/.m2/repository/org/apache/ozone/hdds-hadoop-dependency-test/1.4.0-SNAPSHOT/hdds-hadoop-dependency-test-1.4.0-SNAPSHOT.jar:/home/runner/.m2/repository/org/apache/hadoop/hadoop-common/3.3.4/hadoop-common-3.3.4-tests.jar:/home/runner/.m2/repository/org/apache/hadoop/hadoop-hdfs/3.3.4/hadoop-hdfs-3.3.4-tests.jar:/home/runner/.m2/repository/org/assertj/assertj-core/3.12.2/assertj-core-3.12.2.jar:/home/runner/.m2/repository/org/apache/hadoop/hadoop-distcp/3.3.4/hadoop-distcp-3.3.4.jar:/home/runner/.m2/repository/org/apache/hadoop/hadoop-mapreduce-client-jobclient/3.3.4/hadoop-mapreduce-client-jobclient-3.3.4.jar:/home/runner/.m2/repository/org/apache/hadoop/hadoop-mapreduce-client-common/3.3.4/hadoop-mapreduce-client-common-3.3.4.jar:/home/runner/.m2/repository/org/apache/hadoop/hadoop-yarn-common/3.3.4/hadoop-yarn-common-3.3.4.jar:/home/runner/.m2/repository/org/apache/hadoop/hadoop-yarn-api/3.3.4/hadoop-yarn-api-3.3.4.jar:/home/runner/.m2/repository/com/sun/jersey/contribs/jersey-guice/1.19/jersey-guice-1.19.jar:/home/runner/.m2/repository/com/fasterxml/jackson/jaxrs/jackson-jaxrs-json-provider/2.13.4/jackson-jaxrs-json-provider-2.13.4.jar:/home/runner/.m2/repository/com/fasterxml/jackson/jaxrs/jackson-jaxrs-base/2.13.4/jackson-jaxrs-base-2.13.4.jar:/home/runner/.m2/repository/org/apache/hadoop/hadoop-yarn-client/3.3.4/hadoop-yarn-client-3.3.4.jar:/home/runner/.m2/repository/org/eclipse/jetty/websocket/websocket-client/9.4.43.v20210629/websocket-client-9.4.43.v20210629.jar:/home/runner/.m2/repository/org/eclipse/jetty/websocket/websocket-common/9.4.43.v20210629/websocket-common-9.4.43.v20210629.jar:/home/runner/.m2/repository/org/eclipse/jetty/websocket/websocket-api/9.4.43.v20210629/websocket-api-9.4.43.v20210629.jar:/home/runner/.m2/repository/org/jline/jline/3.9.0/jline-3.9.0.jar:/home/runner/.m2/repository/org/apache/hadoop/hadoop-mapreduce-client-core/3.3.4/hadoop-mapreduce-client-core-3.3.4.jar:/home/runner/.m2/repository/org/apache/avro/avro/1.7.7/avro-1.7.7.jar:/home/runner/.m2/repository/org/codehaus/jackson/jackson-core-asl/1.9.13/jackson-core-asl-1.9.13.jar:/home/runner/.m2/repository/org/codehaus/jackson/jackson-mapper-asl/1.9.13/jackson-mapper-asl-1.9.13.jar:/home/runner/.m2/repository/com/thoughtworks/paranamer/paranamer/2.3/paranamer-2.3.jar:/home/runner/.m2/repository/org/apache/hadoop/hadoop-annotations/3.3.4/hadoop-annotations-3.3.4.jar:/usr/lib/jvm/temurin-8-jdk-amd64/jre/../lib/tools.jar:/home/runner/.m2/repository/io/netty/netty/3.10.6.Final/netty-3.10.6.Final.jar:/home/runner/.m2/repository/org/apache/hadoop/hadoop-distcp/3.3.4/hadoop-distcp-3.3.4-tests.jar:/home/runner/.m2/repository/org/slf4j/jul-to-slf4j/1.7.36/jul-to-slf4j-1.7.36.jar:/home/runner/.m2/repository/org/apache/ratis/ratis-common/2.4.2-8b8bdda-SNAPSHOT/ratis-common-2.4.2-8b8bdda-SNAPSHOT.jar:/home/runner/.m2/repository/org/apache/ratis/ratis-thirdparty-misc/1.0.3/ratis-thirdparty-misc-1.0.3.jar:/home/runner/.m2/repository/org/apache/ratis/ratis-proto/2.4.2-8b8bdda-SNAPSHOT/ratis-proto-2.4.2-8b8bdda-SNAPSHOT.jar:"/>
    <property name="java.vm.vendor" value="Temurin"/>
    <property name="sun.arch.data.model" value="64"/>
    <property name="test.build.dir" value="/home/runner/work/ozone/ozone/hadoop-ozone/integration-test/target/test-dir"/>
    <property name="test.cache.data" value=""/>
    <property name="java.vendor.url" value="https://adoptium.net/"/>
    <property name="user.timezone" value="Etc/UTC"/>
    <property name="java.vm.specification.version" value="1.8"/>
    <property name="os.name" value="Linux"/>
    <property name="test.build.data" value="/home/runner/work/ozone/ozone/hadoop-ozone/integration-test/target/test-dir"/>
    <property name="sun.java.launcher" value="SUN_STANDARD"/>
    <property name="sun.boot.library.path" value="/usr/lib/jvm/temurin-8-jdk-amd64/jre/lib/amd64"/>
    <property name="sun.java.command" value="/home/runner/work/ozone/ozone/hadoop-ozone/integration-test/target/surefire/surefirebooter2174390625450656762.jar /home/runner/work/ozone/ozone/hadoop-ozone/integration-test/target/surefire 2023-01-24T11-42-40_595-jvmRun1 surefire3693292966902207543tmp surefire_46814399880627355336tmp"/>
    <property name="surefire.test.class.path" value="/home/runner/work/ozone/ozone/hadoop-ozone/integration-test/target/test-classes:/home/runner/work/ozone/ozone/hadoop-ozone/integration-test/target/classes:/home/runner/.m2/repository/org/apache/ozone/ozone-common/1.4.0-SNAPSHOT/ozone-common-1.4.0-SNAPSHOT.jar:/home/runner/.m2/repository/io/grpc/grpc-netty/1.51.1/grpc-netty-1.51.1.jar:/home/runner/.m2/repository/io/grpc/grpc-core/1.51.1/grpc-core-1.51.1.jar:/home/runner/.m2/repository/com/google/android/annotations/4.1.1.4/annotations-4.1.1.4.jar:/home/runner/.m2/repository/org/codehaus/mojo/animal-sniffer-annotations/1.21/animal-sniffer-annotations-1.21.jar:/home/runner/.m2/repository/com/google/errorprone/error_prone_annotations/2.2.0/error_prone_annotations-2.2.0.jar:/home/runner/.m2/repository/io/perfmark/perfmark-api/0.25.0/perfmark-api-0.25.0.jar:/home/runner/.m2/repository/io/netty/netty-codec-http2/4.1.86.Final/netty-codec-http2-4.1.86.Final.jar:/home/runner/.m2/repository/io/netty/netty-common/4.1.86.Final/netty-common-4.1.86.Final.jar:/home/runner/.m2/repository/io/netty/netty-buffer/4.1.86.Final/netty-buffer-4.1.86.Final.jar:/home/runner/.m2/repository/io/netty/netty-codec-http/4.1.86.Final/netty-codec-http-4.1.86.Final.jar:/home/runner/.m2/repository/io/netty/netty-handler-proxy/4.1.86.Final/netty-handler-proxy-4.1.86.Final.jar:/home/runner/.m2/repository/io/netty/netty-codec-socks/4.1.86.Final/netty-codec-socks-4.1.86.Final.jar:/home/runner/.m2/repository/io/netty/netty-tcnative-boringssl-static/2.0.54.Final/netty-tcnative-boringssl-static-2.0.54.Final.jar:/home/runner/.m2/repository/io/netty/netty-tcnative-classes/2.0.54.Final/netty-tcnative-classes-2.0.54.Final.jar:/home/runner/.m2/repository/io/netty/netty-tcnative-boringssl-static/2.0.54.Final/netty-tcnative-boringssl-static-2.0.54.Final-linux-x86_64.jar:/home/runner/.m2/repository/io/netty/netty-tcnative-boringssl-static/2.0.54.Final/netty-tcnative-boringssl-static-2.0.54.Final-linux-aarch_64.jar:/home/runner/.m2/repository/io/netty/netty-tcnative-boringssl-static/2.0.54.Final/netty-tcnative-boringssl-static-2.0.54.Final-osx-x86_64.jar:/home/runner/.m2/repository/io/netty/netty-tcnative-boringssl-static/2.0.54.Final/netty-tcnative-boringssl-static-2.0.54.Final-osx-aarch_64.jar:/home/runner/.m2/repository/io/netty/netty-tcnative-boringssl-static/2.0.54.Final/netty-tcnative-boringssl-static-2.0.54.Final-windows-x86_64.jar:/home/runner/.m2/repository/org/apache/commons/commons-compress/1.21/commons-compress-1.21.jar:/home/runner/.m2/repository/org/apache/ozone/hdds-common/1.4.0-SNAPSHOT/hdds-common-1.4.0-SNAPSHOT.jar:/home/runner/.m2/repository/org/apache/ozone/hdds-client/1.4.0-SNAPSHOT/hdds-client-1.4.0-SNAPSHOT.jar:/home/runner/.m2/repository/org/apache/ozone/ozone-interface-client/1.4.0-SNAPSHOT/ozone-interface-client-1.4.0-SNAPSHOT.jar:/home/runner/.m2/repository/org/apache/ozone/hdds-test-utils/1.4.0-SNAPSHOT/hdds-test-utils-1.4.0-SNAPSHOT.jar:/home/runner/.m2/repository/com/google/guava/guava/31.1-jre/guava-31.1-jre.jar:/home/runner/.m2/repository/com/google/guava/failureaccess/1.0.1/failureaccess-1.0.1.jar:/home/runner/.m2/repository/com/google/guava/listenablefuture/9999.0-empty-to-avoid-conflict-with-guava/listenablefuture-9999.0-empty-to-avoid-conflict-with-guava.jar:/home/runner/.m2/repository/com/google/code/findbugs/jsr305/3.0.0/jsr305-3.0.0.jar:/home/runner/.m2/repository/org/checkerframework/checker-qual/3.12.0/checker-qual-3.12.0.jar:/home/runner/.m2/repository/com/google/j2objc/j2objc-annotations/1.3/j2objc-annotations-1.3.jar:/home/runner/.m2/repository/commons-io/commons-io/2.11.0/commons-io-2.11.0.jar:/home/runner/.m2/repository/commons-logging/commons-logging/1.2/commons-logging-1.2.jar:/home/runner/.m2/repository/ch/qos/reload4j/reload4j/1.2.22/reload4j-1.2.22.jar:/home/runner/.m2/repository/org/slf4j/slf4j-api/1.7.36/slf4j-api-1.7.36.jar:/home/runner/.m2/repository/org/apache/ozone/hdds-server-scm/1.4.0-SNAPSHOT/hdds-server-scm-1.4.0-SNAPSHOT.jar:/home/runner/.m2/repository/org/apache/ozone/hdds-container-service/1.4.0-SNAPSHOT/hdds-container-service-1.4.0-SNAPSHOT.jar:/home/runner/.m2/repository/org/apache/ozone/hdds-hadoop-dependency-server/1.4.0-SNAPSHOT/hdds-hadoop-dependency-server-1.4.0-SNAPSHOT.jar:/home/runner/.m2/repository/org/apache/hadoop/hadoop-hdfs/3.3.4/hadoop-hdfs-3.3.4.jar:/home/runner/.m2/repository/org/eclipse/jetty/jetty-util-ajax/9.4.49.v20220914/jetty-util-ajax-9.4.49.v20220914.jar:/home/runner/.m2/repository/commons-daemon/commons-daemon/1.0.13/commons-daemon-1.0.13.jar:/home/runner/.m2/repository/org/apache/ozone/hdds-server-framework/1.4.0-SNAPSHOT/hdds-server-framework-1.4.0-SNAPSHOT.jar:/home/runner/.m2/repository/org/apache/ozone/hdds-interface-server/1.4.0-SNAPSHOT/hdds-interface-server-1.4.0-SNAPSHOT.jar:/home/runner/.m2/repository/org/apache/commons/commons-configuration2/2.1.1/commons-configuration2-2.1.1.jar:/home/runner/.m2/repository/org/apache/logging/log4j/log4j-core/2.17.1/log4j-core-2.17.1.jar:/home/runner/.m2/repository/com/lmax/disruptor/3.4.2/disruptor-3.4.2.jar:/home/runner/.m2/repository/org/eclipse/jetty/jetty-servlet/9.4.49.v20220914/jetty-servlet-9.4.49.v20220914.jar:/home/runner/.m2/repository/org/eclipse/jetty/jetty-security/9.4.49.v20220914/jetty-security-9.4.49.v20220914.jar:/home/runner/.m2/repository/org/rocksdb/rocksdbjni/7.7.3/rocksdbjni-7.7.3.jar:/home/runner/.m2/repository/io/prometheus/simpleclient_dropwizard/0.7.0/simpleclient_dropwizard-0.7.0.jar:/home/runner/.m2/repository/io/prometheus/simpleclient/0.7.0/simpleclient-0.7.0.jar:/home/runner/.m2/repository/io/prometheus/simpleclient_common/0.7.0/simpleclient_common-0.7.0.jar:/home/runner/.m2/repository/com/github/spotbugs/spotbugs-annotations/3.1.12/spotbugs-annotations-3.1.12.jar:/home/runner/.m2/repository/io/dropwizard/metrics/metrics-core/3.2.4/metrics-core-3.2.4.jar:/home/runner/.m2/repository/org/apache/commons/commons-text/1.4/commons-text-1.4.jar:/home/runner/.m2/repository/org/apache/hadoop/hadoop-hdfs-client/3.3.4/hadoop-hdfs-client-3.3.4.jar:/home/runner/.m2/repository/com/squareup/okhttp3/okhttp/4.9.3/okhttp-4.9.3.jar:/home/runner/.m2/repository/com/squareup/okio/okio/2.8.0/okio-2.8.0.jar:/home/runner/.m2/repository/org/jetbrains/kotlin/kotlin-stdlib-common/1.4.10/kotlin-stdlib-common-1.4.10.jar:/home/runner/.m2/repository/org/bouncycastle/bcprov-jdk15on/1.67/bcprov-jdk15on-1.67.jar:/home/runner/.m2/repository/com/google/protobuf/protobuf-java/2.5.0/protobuf-java-2.5.0.jar:/home/runner/.m2/repository/org/apache/ozone/ozone-manager/1.4.0-SNAPSHOT/ozone-manager-1.4.0-SNAPSHOT.jar:/home/runner/.m2/repository/org/aspectj/aspectjrt/1.9.7/aspectjrt-1.9.7.jar:/home/runner/.m2/repository/org/aspectj/aspectjweaver/1.9.7/aspectjweaver-1.9.7.jar:/home/runner/.m2/repository/org/apache/ozone/hdds-interface-client/1.4.0-SNAPSHOT/hdds-interface-client-1.4.0-SNAPSHOT.jar:/home/runner/.m2/repository/org/apache/hadoop/thirdparty/hadoop-shaded-protobuf_3_7/1.1.1/hadoop-shaded-protobuf_3_7-1.1.1.jar:/home/runner/.m2/repository/org/apache/ozone/ozone-interface-storage/1.4.0-SNAPSHOT/ozone-interface-storage-1.4.0-SNAPSHOT.jar:/home/runner/.m2/repository/org/reflections/reflections/0.9.11/reflections-0.9.11.jar:/home/runner/.m2/repository/com/sun/jersey/jersey-client/1.19/jersey-client-1.19.jar:/home/runner/.m2/repository/org/apache/ranger/ranger-intg/2.3.0/ranger-intg-2.3.0.jar:/home/runner/.m2/repository/org/apache/ranger/ranger-plugins-common/2.3.0/ranger-plugins-common-2.3.0.jar:/home/runner/.m2/repository/commons-lang/commons-lang/2.6/commons-lang-2.6.jar:/home/runner/.m2/repository/org/codehaus/jackson/jackson-jaxrs/1.9.13/jackson-jaxrs-1.9.13.jar:/home/runner/.m2/repository/org/apache/ranger/ranger-plugins-cred/2.3.0/ranger-plugins-cred-2.3.0.jar:/home/runner/.m2/repository/org/apache/ranger/ranger-plugins-audit/2.3.0/ranger-plugins-audit-2.3.0.jar:/home/runner/.m2/repository/org/eclipse/jetty/jetty-client/9.4.31.v20200723/jetty-client-9.4.31.v20200723.jar:/home/runner/.m2/repository/org/apache/httpcomponents/httpmime/4.5.6/httpmime-4.5.6.jar:/home/runner/.m2/repository/org/apache/httpcomponents/httpcore-nio/4.4.6/httpcore-nio-4.4.6.jar:/home/runner/.m2/repository/org/apache/httpcomponents/httpasyncclient/4.1.3/httpasyncclient-4.1.3.jar:/home/runner/.m2/repository/com/carrotsearch/hppc/0.8.0/hppc-0.8.0.jar:/home/runner/.m2/repository/org/apache/orc/orc-core/1.5.8/orc-core-1.5.8.jar:/home/runner/.m2/repository/net/java/dev/jna/jna/5.2.0/jna-5.2.0.jar:/home/runner/.m2/repository/net/java/dev/jna/jna-platform/5.2.0/jna-platform-5.2.0.jar:/home/runner/.m2/repository/com/kstruct/gethostname4j/0.0.2/gethostname4j-0.0.2.jar:/home/runner/.m2/repository/org/apache/ranger/ranger-plugin-classloader/2.3.0/ranger-plugin-classloader-2.3.0.jar:/home/runner/.m2/repository/org/apache/hadoop/hadoop-minikdc/3.3.4/hadoop-minikdc-3.3.4.jar:/home/runner/.m2/repository/org/apache/kerby/kerb-simplekdc/1.0.1/kerb-simplekdc-1.0.1.jar:/home/runner/.m2/repository/org/apache/kerby/kerb-client/1.0.1/kerb-client-1.0.1.jar:/home/runner/.m2/repository/org/apache/kerby/kerby-config/1.0.1/kerby-config-1.0.1.jar:/home/runner/.m2/repository/org/apache/kerby/kerb-common/1.0.1/kerb-common-1.0.1.jar:/home/runner/.m2/repository/org/apache/kerby/kerb-crypto/1.0.1/kerb-crypto-1.0.1.jar:/home/runner/.m2/repository/org/apache/kerby/kerb-util/1.0.1/kerb-util-1.0.1.jar:/home/runner/.m2/repository/org/apache/kerby/token-provider/1.0.1/token-provider-1.0.1.jar:/home/runner/.m2/repository/org/apache/kerby/kerb-admin/1.0.1/kerb-admin-1.0.1.jar:/home/runner/.m2/repository/org/apache/kerby/kerb-server/1.0.1/kerb-server-1.0.1.jar:/home/runner/.m2/repository/org/apache/kerby/kerb-identity/1.0.1/kerb-identity-1.0.1.jar:/home/runner/.m2/repository/org/apache/kerby/kerby-xdr/1.0.1/kerby-xdr-1.0.1.jar:/home/runner/.m2/repository/org/apache/ozone/ozone-s3gateway/1.4.0-SNAPSHOT/ozone-s3gateway-1.4.0-SNAPSHOT.jar:/home/runner/.m2/repository/org/javassist/javassist/3.21.0-GA/javassist-3.21.0-GA.jar:/home/runner/.m2/repository/org/jboss/weld/servlet/weld-servlet/2.4.7.Final/weld-servlet-2.4.7.Final.jar:/home/runner/.m2/repository/org/glassfish/jersey/containers/jersey-container-servlet-core/2.34/jersey-container-servlet-core-2.34.jar:/home/runner/.m2/repository/org/glassfish/hk2/external/jakarta.inject/2.6.1/jakarta.inject-2.6.1.jar:/home/runner/.m2/repository/org/glassfish/jersey/core/jersey-common/2.34/jersey-common-2.34.jar:/home/runner/.m2/repository/jakarta/ws/rs/jakarta.ws.rs-api/2.1.6/jakarta.ws.rs-api-2.1.6.jar:/home/runner/.m2/repository/org/glassfish/jersey/ext/cdi/jersey-cdi1x/2.34/jersey-cdi1x-2.34.jar:/home/runner/.m2/repository/org/glassfish/jersey/inject/jersey-hk2/2.34/jersey-hk2-2.34.jar:/home/runner/.m2/repository/org/glassfish/hk2/hk2-locator/2.6.1/hk2-locator-2.6.1.jar:/home/runner/.m2/repository/org/glassfish/jersey/media/jersey-media-jaxb/2.34/jersey-media-jaxb-2.34.jar:/home/runner/.m2/repository/org/glassfish/hk2/osgi-resource-locator/1.0.3/osgi-resource-locator-1.0.3.jar:/home/runner/.m2/repository/org/glassfish/hk2/hk2-api/2.5.0/hk2-api-2.5.0.jar:/home/runner/.m2/repository/org/glassfish/hk2/hk2-utils/2.5.0/hk2-utils-2.5.0.jar:/home/runner/.m2/repository/org/glassfish/hk2/external/aopalliance-repackaged/2.5.0/aopalliance-repackaged-2.5.0.jar:/home/runner/.m2/repository/com/fasterxml/jackson/dataformat/jackson-dataformat-xml/2.13.4/jackson-dataformat-xml-2.13.4.jar:/home/runner/.m2/repository/com/fasterxml/jackson/core/jackson-core/2.13.4/jackson-core-2.13.4.jar:/home/runner/.m2/repository/org/codehaus/woodstox/stax2-api/4.2.1/stax2-api-4.2.1.jar:/home/runner/.m2/repository/com/fasterxml/woodstox/woodstox-core/5.4.0/woodstox-core-5.4.0.jar:/home/runner/.m2/repository/com/fasterxml/jackson/module/jackson-module-jaxb-annotations/2.13.4/jackson-module-jaxb-annotations-2.13.4.jar:/home/runner/.m2/repository/jakarta/xml/bind/jakarta.xml.bind-api/2.3.3/jakarta.xml.bind-api-2.3.3.jar:/home/runner/.m2/repository/jakarta/activation/jakarta.activation-api/1.2.1/jakarta.activation-api-1.2.1.jar:/home/runner/.m2/repository/javax/enterprise/cdi-api/1.2/cdi-api-1.2.jar:/home/runner/.m2/repository/javax/el/javax.el-api/3.0.0/javax.el-api-3.0.0.jar:/home/runner/.m2/repository/javax/interceptor/javax.interceptor-api/1.2/javax.interceptor-api-1.2.jar:/home/runner/.m2/repository/javax/inject/javax.inject/1/javax.inject-1.jar:/home/runner/.m2/repository/javax/xml/bind/jaxb-api/2.3.0/jaxb-api-2.3.0.jar:/home/runner/.m2/repository/org/glassfish/jaxb/jaxb-runtime/2.3.0.1/jaxb-runtime-2.3.0.1.jar:/home/runner/.m2/repository/org/glassfish/jaxb/jaxb-core/2.3.0.1/jaxb-core-2.3.0.1.jar:/home/runner/.m2/repository/org/glassfish/jaxb/txw2/2.3.0.1/txw2-2.3.0.1.jar:/home/runner/.m2/repository/com/sun/istack/istack-commons-runtime/3.0.5/istack-commons-runtime-3.0.5.jar:/home/runner/.m2/repository/org/jvnet/staxex/stax-ex/1.7.8/stax-ex-1.7.8.jar:/home/runner/.m2/repository/com/sun/xml/fastinfoset/FastInfoset/1.2.13/FastInfoset-1.2.13.jar:/home/runner/.m2/repository/javax/activation/activation/1.1.1/activation-1.1.1.jar:/home/runner/.m2/repository/io/grpc/grpc-protobuf/1.51.1/grpc-protobuf-1.51.1.jar:/home/runner/.m2/repository/io/grpc/grpc-api/1.51.1/grpc-api-1.51.1.jar:/home/runner/.m2/repository/io/grpc/grpc-context/1.51.1/grpc-context-1.51.1.jar:/home/runner/.m2/repository/com/google/api/grpc/proto-google-common-protos/2.9.0/proto-google-common-protos-2.9.0.jar:/home/runner/.m2/repository/io/grpc/grpc-protobuf-lite/1.51.1/grpc-protobuf-lite-1.51.1.jar:/home/runner/.m2/repository/io/grpc/grpc-stub/1.51.1/grpc-stub-1.51.1.jar:/home/runner/.m2/repository/io/netty/netty-transport/4.1.86.Final/netty-transport-4.1.86.Final.jar:/home/runner/.m2/repository/io/netty/netty-resolver/4.1.86.Final/netty-resolver-4.1.86.Final.jar:/home/runner/.m2/repository/org/apache/ozone/ozone-csi/1.4.0-SNAPSHOT/ozone-csi-1.4.0-SNAPSHOT.jar:/home/runner/.m2/repository/com/google/protobuf/protobuf-java-util/3.19.6/protobuf-java-util-3.19.6.jar:/home/runner/.m2/repository/com/google/code/gson/gson/2.9.0/gson-2.9.0.jar:/home/runner/.m2/repository/org/apache/ozone/hdds-config/1.4.0-SNAPSHOT/hdds-config-1.4.0-SNAPSHOT.jar:/home/runner/.m2/repository/io/netty/netty-transport-native-epoll/4.1.86.Final/netty-transport-native-epoll-4.1.86.Final-linux-x86_64.jar:/home/runner/.m2/repository/io/netty/netty-transport-classes-epoll/4.1.86.Final/netty-transport-classes-epoll-4.1.86.Final.jar:/home/runner/.m2/repository/io/netty/netty-transport-native-unix-common/4.1.86.Final/netty-transport-native-unix-common-4.1.86.Final.jar:/home/runner/.m2/repository/org/slf4j/slf4j-reload4j/1.7.36/slf4j-reload4j-1.7.36.jar:/home/runner/.m2/repository/org/apache/ozone/ozone-recon/1.4.0-SNAPSHOT/ozone-recon-1.4.0-SNAPSHOT.jar:/home/runner/.m2/repository/org/apache/ozone/ozone-reconcodegen/1.4.0-SNAPSHOT/ozone-reconcodegen-1.4.0-SNAPSHOT.jar:/home/runner/.m2/repository/com/google/inject/extensions/guice-multibindings/4.0/guice-multibindings-4.0.jar:/home/runner/.m2/repository/com/google/inject/guice/4.0/guice-4.0.jar:/home/runner/.m2/repository/aopalliance/aopalliance/1.0/aopalliance-1.0.jar:/home/runner/.m2/repository/com/google/inject/extensions/guice-assistedinject/4.0/guice-assistedinject-4.0.jar:/home/runner/.m2/repository/com/google/inject/extensions/guice-servlet/4.0/guice-servlet-4.0.jar:/home/runner/.m2/repository/org/glassfish/jersey/containers/jersey-container-servlet/2.34/jersey-container-servlet-2.34.jar:/home/runner/.m2/repository/org/glassfish/hk2/guice-bridge/2.5.0/guice-bridge-2.5.0.jar:/home/runner/.m2/repository/org/glassfish/jersey/core/jersey-server/2.34/jersey-server-2.34.jar:/home/runner/.m2/repository/org/glassfish/jersey/core/jersey-client/2.34/jersey-client-2.34.jar:/home/runner/.m2/repository/jakarta/annotation/jakarta.annotation-api/1.3.5/jakarta.annotation-api-1.3.5.jar:/home/runner/.m2/repository/jakarta/validation/jakarta.validation-api/2.0.2/jakarta.validation-api-2.0.2.jar:/home/runner/.m2/repository/org/glassfish/jersey/media/jersey-media-json-jackson/2.34/jersey-media-json-jackson-2.34.jar:/home/runner/.m2/repository/org/glassfish/jersey/ext/jersey-entity-filtering/2.34/jersey-entity-filtering-2.34.jar:/home/runner/.m2/repository/org/jooq/jooq/3.11.10/jooq-3.11.10.jar:/home/runner/.m2/repository/org/jooq/jooq-meta/3.11.10/jooq-meta-3.11.10.jar:/home/runner/.m2/repository/org/jooq/jooq-codegen/3.11.10/jooq-codegen-3.11.10.jar:/home/runner/.m2/repository/com/jolbox/bonecp/0.8.0.RELEASE/bonecp-0.8.0.RELEASE.jar:/home/runner/.m2/repository/org/apache/derby/derby/10.14.2.0/derby-10.14.2.0.jar:/home/runner/.m2/repository/org/xerial/sqlite-jdbc/3.25.2/sqlite-jdbc-3.25.2.jar:/home/runner/.m2/repository/org/springframework/spring-jdbc/5.3.23/spring-jdbc-5.3.23.jar:/home/runner/.m2/repository/org/springframework/spring-beans/5.3.23/spring-beans-5.3.23.jar:/home/runner/.m2/repository/org/springframework/spring-core/5.3.23/spring-core-5.3.23.jar:/home/runner/.m2/repository/org/springframework/spring-jcl/5.3.23/spring-jcl-5.3.23.jar:/home/runner/.m2/repository/org/springframework/spring-tx/5.3.23/spring-tx-5.3.23.jar:/home/runner/.m2/repository/org/apache/ozone/ozone-client/1.4.0-SNAPSHOT/ozone-client-1.4.0-SNAPSHOT.jar:/home/runner/.m2/repository/org/apache/ozone/hdds-erasurecode/1.4.0-SNAPSHOT/hdds-erasurecode-1.4.0-SNAPSHOT.jar:/home/runner/.m2/repository/org/apache/ozone/ozone-filesystem/1.4.0-SNAPSHOT/ozone-filesystem-1.4.0-SNAPSHOT.jar:/home/runner/.m2/repository/org/apache/ozone/ozone-filesystem-common/1.4.0-SNAPSHOT/ozone-filesystem-common-1.4.0-SNAPSHOT.jar:/home/runner/.m2/repository/org/apache/ozone/ozone-tools/1.4.0-SNAPSHOT/ozone-tools-1.4.0-SNAPSHOT.jar:/home/runner/.m2/repository/org/apache/ratis/ratis-tools/2.4.2-8b8bdda-SNAPSHOT/ratis-tools-2.4.2-8b8bdda-SNAPSHOT.jar:/home/runner/.m2/repository/com/amazonaws/aws-java-sdk-core/1.12.261/aws-java-sdk-core-1.12.261.jar:/home/runner/.m2/repository/org/apache/httpcomponents/httpclient/4.5.13/httpclient-4.5.13.jar:/home/runner/.m2/repository/org/apache/httpcomponents/httpcore/4.4.13/httpcore-4.4.13.jar:/home/runner/.m2/repository/software/amazon/ion/ion-java/1.0.2/ion-java-1.0.2.jar:/home/runner/.m2/repository/com/fasterxml/jackson/dataformat/jackson-dataformat-cbor/2.13.4/jackson-dataformat-cbor-2.13.4.jar:/home/runner/.m2/repository/joda-time/joda-time/2.8.1/joda-time-2.8.1.jar:/home/runner/.m2/repository/com/amazonaws/aws-java-sdk-s3/1.12.261/aws-java-sdk-s3-1.12.261.jar:/home/runner/.m2/repository/com/amazonaws/aws-java-sdk-kms/1.12.261/aws-java-sdk-kms-1.12.261.jar:/home/runner/.m2/repository/com/amazonaws/jmespath-java/1.12.261/jmespath-java-1.12.261.jar:/home/runner/.m2/repository/org/kohsuke/metainf-services/metainf-services/1.8/metainf-services-1.8.jar:/home/runner/.m2/repository/org/apache/ozone/hdds-tools/1.4.0-SNAPSHOT/hdds-tools-1.4.0-SNAPSHOT.jar:/home/runner/.m2/repository/commons-cli/commons-cli/1.2/commons-cli-1.2.jar:/home/runner/.m2/repository/org/apache/commons/commons-lang3/3.7/commons-lang3-3.7.jar:/home/runner/.m2/repository/org/apache/ozone/ozone-manager/1.4.0-SNAPSHOT/ozone-manager-1.4.0-SNAPSHOT-tests.jar:/home/runner/.m2/repository/org/apache/ozone/hdds-common/1.4.0-SNAPSHOT/hdds-common-1.4.0-SNAPSHOT-tests.jar:/home/runner/.m2/repository/org/apache/ozone/hdds-hadoop-dependency-client/1.4.0-SNAPSHOT/hdds-hadoop-dependency-client-1.4.0-SNAPSHOT.jar:/home/runner/.m2/repository/info/picocli/picocli/4.6.1/picocli-4.6.1.jar:/home/runner/.m2/repository/com/fasterxml/jackson/core/jackson-annotations/2.13.4/jackson-annotations-2.13.4.jar:/home/runner/.m2/repository/com/fasterxml/jackson/datatype/jackson-datatype-jsr310/2.13.4/jackson-datatype-jsr310-2.13.4.jar:/home/runner/.m2/repository/org/apache/ozone/hdds-annotation-processing/1.4.0-SNAPSHOT/hdds-annotation-processing-1.4.0-SNAPSHOT.jar:/home/runner/.m2/repository/javax/annotation/javax.annotation-api/1.2/javax.annotation-api-1.2.jar:/home/runner/.m2/repository/org/apache/ratis/ratis-server/2.4.2-8b8bdda-SNAPSHOT/ratis-server-2.4.2-8b8bdda-SNAPSHOT.jar:/home/runner/.m2/repository/org/apache/ratis/ratis-client/2.4.2-8b8bdda-SNAPSHOT/ratis-client-2.4.2-8b8bdda-SNAPSHOT.jar:/home/runner/.m2/repository/org/apache/ratis/ratis-server-api/2.4.2-8b8bdda-SNAPSHOT/ratis-server-api-2.4.2-8b8bdda-SNAPSHOT.jar:/home/runner/.m2/repository/org/apache/ratis/ratis-metrics/2.4.2-8b8bdda-SNAPSHOT/ratis-metrics-2.4.2-8b8bdda-SNAPSHOT.jar:/home/runner/.m2/repository/org/apache/ratis/ratis-netty/2.4.2-8b8bdda-SNAPSHOT/ratis-netty-2.4.2-8b8bdda-SNAPSHOT.jar:/home/runner/.m2/repository/org/apache/ratis/ratis-grpc/2.4.2-8b8bdda-SNAPSHOT/ratis-grpc-2.4.2-8b8bdda-SNAPSHOT.jar:/home/runner/.m2/repository/org/apache/logging/log4j/log4j-api/2.17.1/log4j-api-2.17.1.jar:/home/runner/.m2/repository/org/apache/commons/commons-pool2/2.6.0/commons-pool2-2.6.0.jar:/home/runner/.m2/repository/org/bouncycastle/bcpkix-jdk15on/1.67/bcpkix-jdk15on-1.67.jar:/home/runner/.m2/repository/commons-validator/commons-validator/1.6/commons-validator-1.6.jar:/home/runner/.m2/repository/commons-beanutils/commons-beanutils/1.9.4/commons-beanutils-1.9.4.jar:/home/runner/.m2/repository/commons-digester/commons-digester/1.8.1/commons-digester-1.8.1.jar:/home/runner/.m2/repository/commons-collections/commons-collections/3.2.2/commons-collections-3.2.2.jar:/home/runner/.m2/repository/io/jaegertracing/jaeger-client/1.6.0/jaeger-client-1.6.0.jar:/home/runner/.m2/repository/io/jaegertracing/jaeger-thrift/1.6.0/jaeger-thrift-1.6.0.jar:/home/runner/.m2/repository/org/apache/thrift/libthrift/0.14.1/libthrift-0.14.1.jar:/home/runner/.m2/repository/io/jaegertracing/jaeger-core/1.6.0/jaeger-core-1.6.0.jar:/home/runner/.m2/repository/io/jaegertracing/jaeger-tracerresolver/1.6.0/jaeger-tracerresolver-1.6.0.jar:/home/runner/.m2/repository/io/opentracing/contrib/opentracing-tracerresolver/0.1.8/opentracing-tracerresolver-0.1.8.jar:/home/runner/.m2/repository/org/jetbrains/kotlin/kotlin-stdlib/1.6.21/kotlin-stdlib-1.6.21.jar:/home/runner/.m2/repository/org/jetbrains/annotations/13.0/annotations-13.0.jar:/home/runner/.m2/repository/io/opentracing/opentracing-util/0.33.0/opentracing-util-0.33.0.jar:/home/runner/.m2/repository/io/opentracing/opentracing-api/0.33.0/opentracing-api-0.33.0.jar:/home/runner/.m2/repository/io/opentracing/opentracing-noop/0.33.0/opentracing-noop-0.33.0.jar:/home/runner/.m2/repository/org/yaml/snakeyaml/1.33/snakeyaml-1.33.jar:/home/runner/.m2/repository/org/apache/ozone/hdds-interface-admin/1.4.0-SNAPSHOT/hdds-interface-admin-1.4.0-SNAPSHOT.jar:/home/runner/.m2/repository/junit/junit/4.13.1/junit-4.13.1.jar:/home/runner/.m2/repository/org/hamcrest/hamcrest-core/1.3/hamcrest-core-1.3.jar:/home/runner/.m2/repository/org/junit/jupiter/junit-jupiter-api/5.8.2/junit-jupiter-api-5.8.2.jar:/home/runner/.m2/repository/org/opentest4j/opentest4j/1.2.0/opentest4j-1.2.0.jar:/home/runner/.m2/repository/org/junit/platform/junit-platform-commons/1.8.2/junit-platform-commons-1.8.2.jar:/home/runner/.m2/repository/org/apiguardian/apiguardian-api/1.1.2/apiguardian-api-1.1.2.jar:/home/runner/.m2/repository/org/junit/jupiter/junit-jupiter-params/5.8.2/junit-jupiter-params-5.8.2.jar:/home/runner/.m2/repository/org/junit/jupiter/junit-jupiter-migrationsupport/5.8.2/junit-jupiter-migrationsupport-5.8.2.jar:/home/runner/.m2/repository/org/junit/jupiter/junit-jupiter-engine/5.8.2/junit-jupiter-engine-5.8.2.jar:/home/runner/.m2/repository/org/junit/platform/junit-platform-engine/1.8.2/junit-platform-engine-1.8.2.jar:/home/runner/.m2/repository/org/junit/vintage/junit-vintage-engine/5.8.2/junit-vintage-engine-5.8.2.jar:/home/runner/.m2/repository/org/junit/platform/junit-platform-launcher/1.8.2/junit-platform-launcher-1.8.2.jar:/home/runner/.m2/repository/org/mockito/mockito-core/2.28.2/mockito-core-2.28.2.jar:/home/runner/.m2/repository/net/bytebuddy/byte-buddy/1.9.10/byte-buddy-1.9.10.jar:/home/runner/.m2/repository/net/bytebuddy/byte-buddy-agent/1.9.10/byte-buddy-agent-1.9.10.jar:/home/runner/.m2/repository/org/objenesis/objenesis/1.0/objenesis-1.0.jar:/home/runner/.m2/repository/org/apache/hadoop/hadoop-kms/3.3.4/hadoop-kms-3.3.4.jar:/home/runner/.m2/repository/org/apache/hadoop/hadoop-auth/3.3.4/hadoop-auth-3.3.4.jar:/home/runner/.m2/repository/com/nimbusds/nimbus-jose-jwt/9.8.1/nimbus-jose-jwt-9.8.1.jar:/home/runner/.m2/repository/com/github/stephenc/jcip/jcip-annotations/1.0-1/jcip-annotations-1.0-1.jar:/home/runner/.m2/repository/net/minidev/json-smart/2.4.7/json-smart-2.4.7.jar:/home/runner/.m2/repository/net/minidev/accessors-smart/2.4.7/accessors-smart-2.4.7.jar:/home/runner/.m2/repository/org/ow2/asm/asm/5.0.4/asm-5.0.4.jar:/home/runner/.m2/repository/org/apache/zookeeper/zookeeper/3.5.6/zookeeper-3.5.6.jar:/home/runner/.m2/repository/org/apache/zookeeper/zookeeper-jute/3.5.6/zookeeper-jute-3.5.6.jar:/home/runner/.m2/repository/org/apache/yetus/audience-annotations/0.5.0/audience-annotations-0.5.0.jar:/home/runner/.m2/repository/org/apache/curator/curator-framework/4.2.0/curator-framework-4.2.0.jar:/home/runner/.m2/repository/org/apache/hadoop/thirdparty/hadoop-shaded-guava/1.1.1/hadoop-shaded-guava-1.1.1.jar:/home/runner/.m2/repository/com/sun/jersey/jersey-core/1.19/jersey-core-1.19.jar:/home/runner/.m2/repository/javax/ws/rs/jsr311-api/1.1.1/jsr311-api-1.1.1.jar:/home/runner/.m2/repository/com/sun/jersey/jersey-server/1.19/jersey-server-1.19.jar:/home/runner/.m2/repository/javax/servlet/javax.servlet-api/3.1.0/javax.servlet-api-3.1.0.jar:/home/runner/.m2/repository/org/eclipse/jetty/jetty-server/9.4.49.v20220914/jetty-server-9.4.49.v20220914.jar:/home/runner/.m2/repository/org/eclipse/jetty/jetty-http/9.4.49.v20220914/jetty-http-9.4.49.v20220914.jar:/home/runner/.m2/repository/org/eclipse/jetty/jetty-io/9.4.49.v20220914/jetty-io-9.4.49.v20220914.jar:/home/runner/.m2/repository/org/eclipse/jetty/jetty-webapp/9.4.49.v20220914/jetty-webapp-9.4.49.v20220914.jar:/home/runner/.m2/repository/org/eclipse/jetty/jetty-xml/9.4.49.v20220914/jetty-xml-9.4.49.v20220914.jar:/home/runner/.m2/repository/org/apache/hadoop/hadoop-common/3.3.4/hadoop-common-3.3.4.jar:/home/runner/.m2/repository/org/apache/commons/commons-math3/3.1.1/commons-math3-3.1.1.jar:/home/runner/.m2/repository/commons-net/commons-net/3.9.0/commons-net-3.9.0.jar:/home/runner/.m2/repository/com/sun/jersey/jersey-servlet/1.19/jersey-servlet-1.19.jar:/home/runner/.m2/repository/com/sun/jersey/jersey-json/1.19/jersey-json-1.19.jar:/home/runner/.m2/repository/org/codehaus/jettison/jettison/1.1/jettison-1.1.jar:/home/runner/.m2/repository/com/sun/xml/bind/jaxb-impl/2.2.3-1/jaxb-impl-2.2.3-1.jar:/home/runner/.m2/repository/org/codehaus/jackson/jackson-xc/1.9.2/jackson-xc-1.9.2.jar:/home/runner/.m2/repository/com/google/re2j/re2j/1.1/re2j-1.1.jar:/home/runner/.m2/repository/com/jcraft/jsch/0.1.54/jsch-0.1.54.jar:/home/runner/.m2/repository/org/apache/curator/curator-client/4.2.0/curator-client-4.2.0.jar:/home/runner/.m2/repository/org/apache/curator/curator-recipes/4.2.0/curator-recipes-4.2.0.jar:/home/runner/.m2/repository/org/apache/kerby/kerb-core/1.0.1/kerb-core-1.0.1.jar:/home/runner/.m2/repository/org/apache/kerby/kerby-pkix/1.0.1/kerby-pkix-1.0.1.jar:/home/runner/.m2/repository/org/apache/kerby/kerby-asn1/1.0.1/kerby-asn1-1.0.1.jar:/home/runner/.m2/repository/org/apache/kerby/kerby-util/1.0.1/kerby-util-1.0.1.jar:/home/runner/.m2/repository/dnsjava/dnsjava/2.1.7/dnsjava-2.1.7.jar:/home/runner/.m2/repository/org/xerial/snappy/snappy-java/1.1.8.2/snappy-java-1.1.8.2.jar:/home/runner/.m2/repository/org/eclipse/jetty/jetty-util/9.4.49.v20220914/jetty-util-9.4.49.v20220914.jar:/home/runner/.m2/repository/com/fasterxml/jackson/core/jackson-databind/2.13.4.2/jackson-databind-2.13.4.2.jar:/home/runner/.m2/repository/org/apache/hadoop/hadoop-kms/3.3.4/hadoop-kms-3.3.4-tests.jar:/home/runner/.m2/repository/org/apache/ozone/hdds-server-scm/1.4.0-SNAPSHOT/hdds-server-scm-1.4.0-SNAPSHOT-tests.jar:/home/runner/.m2/repository/org/apache/ozone/hdds-container-service/1.4.0-SNAPSHOT/hdds-container-service-1.4.0-SNAPSHOT-tests.jar:/home/runner/.m2/repository/com/github/luben/zstd-jni/1.5.2-5/zstd-jni-1.5.2-5.jar:/home/runner/.m2/repository/commons-codec/commons-codec/1.15/commons-codec-1.15.jar:/home/runner/.m2/repository/io/netty/netty-codec/4.1.86.Final/netty-codec-4.1.86.Final.jar:/home/runner/.m2/repository/io/netty/netty-handler/4.1.86.Final/netty-handler-4.1.86.Final.jar:/home/runner/.m2/repository/org/apache/ozone/hdds-hadoop-dependency-test/1.4.0-SNAPSHOT/hdds-hadoop-dependency-test-1.4.0-SNAPSHOT.jar:/home/runner/.m2/repository/org/apache/hadoop/hadoop-common/3.3.4/hadoop-common-3.3.4-tests.jar:/home/runner/.m2/repository/org/apache/hadoop/hadoop-hdfs/3.3.4/hadoop-hdfs-3.3.4-tests.jar:/home/runner/.m2/repository/org/assertj/assertj-core/3.12.2/assertj-core-3.12.2.jar:/home/runner/.m2/repository/org/apache/hadoop/hadoop-distcp/3.3.4/hadoop-distcp-3.3.4.jar:/home/runner/.m2/repository/org/apache/hadoop/hadoop-mapreduce-client-jobclient/3.3.4/hadoop-mapreduce-client-jobclient-3.3.4.jar:/home/runner/.m2/repository/org/apache/hadoop/hadoop-mapreduce-client-common/3.3.4/hadoop-mapreduce-client-common-3.3.4.jar:/home/runner/.m2/repository/org/apache/hadoop/hadoop-yarn-common/3.3.4/hadoop-yarn-common-3.3.4.jar:/home/runner/.m2/repository/org/apache/hadoop/hadoop-yarn-api/3.3.4/hadoop-yarn-api-3.3.4.jar:/home/runner/.m2/repository/com/sun/jersey/contribs/jersey-guice/1.19/jersey-guice-1.19.jar:/home/runner/.m2/repository/com/fasterxml/jackson/jaxrs/jackson-jaxrs-json-provider/2.13.4/jackson-jaxrs-json-provider-2.13.4.jar:/home/runner/.m2/repository/com/fasterxml/jackson/jaxrs/jackson-jaxrs-base/2.13.4/jackson-jaxrs-base-2.13.4.jar:/home/runner/.m2/repository/org/apache/hadoop/hadoop-yarn-client/3.3.4/hadoop-yarn-client-3.3.4.jar:/home/runner/.m2/repository/org/eclipse/jetty/websocket/websocket-client/9.4.43.v20210629/websocket-client-9.4.43.v20210629.jar:/home/runner/.m2/repository/org/eclipse/jetty/websocket/websocket-common/9.4.43.v20210629/websocket-common-9.4.43.v20210629.jar:/home/runner/.m2/repository/org/eclipse/jetty/websocket/websocket-api/9.4.43.v20210629/websocket-api-9.4.43.v20210629.jar:/home/runner/.m2/repository/org/jline/jline/3.9.0/jline-3.9.0.jar:/home/runner/.m2/repository/org/apache/hadoop/hadoop-mapreduce-client-core/3.3.4/hadoop-mapreduce-client-core-3.3.4.jar:/home/runner/.m2/repository/org/apache/avro/avro/1.7.7/avro-1.7.7.jar:/home/runner/.m2/repository/org/codehaus/jackson/jackson-core-asl/1.9.13/jackson-core-asl-1.9.13.jar:/home/runner/.m2/repository/org/codehaus/jackson/jackson-mapper-asl/1.9.13/jackson-mapper-asl-1.9.13.jar:/home/runner/.m2/repository/com/thoughtworks/paranamer/paranamer/2.3/paranamer-2.3.jar:/home/runner/.m2/repository/org/apache/hadoop/hadoop-annotations/3.3.4/hadoop-annotations-3.3.4.jar:/usr/lib/jvm/temurin-8-jdk-amd64/jre/../lib/tools.jar:/home/runner/.m2/repository/io/netty/netty/3.10.6.Final/netty-3.10.6.Final.jar:/home/runner/.m2/repository/org/apache/hadoop/hadoop-distcp/3.3.4/hadoop-distcp-3.3.4-tests.jar:/home/runner/.m2/repository/org/slf4j/jul-to-slf4j/1.7.36/jul-to-slf4j-1.7.36.jar:/home/runner/.m2/repository/org/apache/ratis/ratis-common/2.4.2-8b8bdda-SNAPSHOT/ratis-common-2.4.2-8b8bdda-SNAPSHOT.jar:/home/runner/.m2/repository/org/apache/ratis/ratis-thirdparty-misc/1.0.3/ratis-thirdparty-misc-1.0.3.jar:/home/runner/.m2/repository/org/apache/ratis/ratis-proto/2.4.2-8b8bdda-SNAPSHOT/ratis-proto-2.4.2-8b8bdda-SNAPSHOT.jar:"/>
    <property name="sun.cpu.endian" value="little"/>
    <property name="user.home" value="/home/runner"/>
    <property name="user.language" value="en"/>
    <property name="java.specification.vendor" value="Oracle Corporation"/>
    <property name="java.home" value="/usr/lib/jvm/temurin-8-jdk-amd64/jre"/>
    <property name="java.security.krb5.conf" value="/home/runner/work/ozone/ozone/hadoop-ozone/integration-test/target/test-classes/krb5.conf"/>
    <property name="basedir" value="/home/runner/work/ozone/ozone/hadoop-ozone/integration-test"/>
    <property name="file.separator" value="/"/>
    <property name="line.separator" value="&#10;"/>
    <property name="java.vm.specification.vendor" value="Oracle Corporation"/>
    <property name="java.specification.name" value="Java Platform API Specification"/>
    <property name="java.awt.graphicsenv" value="sun.awt.X11GraphicsEnvironment"/>
    <property name="skip.installnpx" value="true"/>
    <property name="surefire.real.class.path" value="/home/runner/work/ozone/ozone/hadoop-ozone/integration-test/target/surefire/surefirebooter2174390625450656762.jar:/home/runner/.m2/repository/org/jacoco/org.jacoco.agent/0.8.5/org.jacoco.agent-0.8.5-runtime.jar"/>
    <property name="hadoop.log.dir" value="/home/runner/work/ozone/ozone/hadoop-ozone/integration-test/target/log"/>
    <property name="sun.boot.class.path" value="/usr/lib/jvm/temurin-8-jdk-amd64/jre/lib/resources.jar:/usr/lib/jvm/temurin-8-jdk-amd64/jre/lib/rt.jar:/usr/lib/jvm/temurin-8-jdk-amd64/jre/lib/sunrsasign.jar:/usr/lib/jvm/temurin-8-jdk-amd64/jre/lib/jsse.jar:/usr/lib/jvm/temurin-8-jdk-amd64/jre/lib/jce.jar:/usr/lib/jvm/temurin-8-jdk-amd64/jre/lib/charsets.jar:/usr/lib/jvm/temurin-8-jdk-amd64/jre/lib/jfr.jar:/usr/lib/jvm/temurin-8-jdk-amd64/jre/classes"/>
    <property name="sun.management.compiler" value="HotSpot 64-Bit Tiered Compilers"/>
    <property name="skip.npx" value="true"/>
    <property name="java.runtime.version" value="1.8.0_352-b08"/>
    <property name="java.net.preferIPv4Stack" value="true"/>
    <property name="user.name" value="runner"/>
    <property name="path.separator" value=":"/>
    <property name="java.security.egd" value="file:///dev/urandom"/>
    <property name="os.version" value="5.15.0-1031-azure"/>
    <property name="java.endorsed.dirs" value="/usr/lib/jvm/temurin-8-jdk-amd64/jre/lib/endorsed"/>
    <property name="java.runtime.name" value="OpenJDK Runtime Environment"/>
    <property name="file.encoding" value="UTF-8"/>
    <property name="java.vm.name" value="OpenJDK 64-Bit Server VM"/>
    <property name="test.build.webapps" value=""/>
    <property name="localRepository" value="/home/runner/.m2/repository"/>
    <property name="jetty.git.hash" value="4231a3b2e4cb8548a412a789936d640a97b1aa0a"/>
    <property name="java.vendor.url.bug" value="https://github.com/adoptium/adoptium-support/issues"/>
    <property name="java.io.tmpdir" value="/tmp"/>
    <property name="require.test.libhadoop" value=""/>
    <property name="java.version" value="1.8.0_352"/>
    <property name="user.dir" value="/home/runner/work/ozone/ozone/hadoop-ozone/integration-test"/>
    <property name="os.arch" value="amd64"/>
    <property name="java.vm.specification.name" value="Java Virtual Machine Specification"/>
    <property name="test.build.classes" value="/home/runner/work/ozone/ozone/hadoop-ozone/integration-test/target/test-classes"/>
    <property name="java.awt.printerjob" value="sun.print.PSPrinterJob"/>
    <property name="sun.os.patch.level" value="unknown"/>
    <property name="org.apache.ratis.thirdparty.io.netty.allocator.useCacheForAllThreads" value="false"/>
    <property name="hadoop.tmp.dir" value="/home/runner/work/ozone/ozone/hadoop-ozone/integration-test/target/tmp"/>
    <property name="java.library.path" value="/usr/java/packages/lib/amd64:/usr/lib64:/lib64:/lib:/usr/lib"/>
    <property name="java.vm.info" value="mixed mode"/>
    <property name="java.vendor" value="Temurin"/>
    <property name="java.vm.version" value="25.352-b08"/>
    <property name="java.specification.maintenance.version" value="4"/>
    <property name="java.ext.dirs" value="/usr/lib/jvm/temurin-8-jdk-amd64/jre/lib/ext:/usr/java/packages/lib/ext"/>
    <property name="sun.io.unicode.encoding" value="UnicodeLittle"/>
    <property name="java.class.version" value="52.0"/>
  </properties>
  <testcase name="testContainerRecoveryOverReplicationProcessing" classname="org.apache.hadoop.ozone.container.TestECContainerRecovery" time="106.706">
    <error type="java.util.concurrent.TimeoutException"><![CDATA[java.util.concurrent.TimeoutException: 
Timed out waiting for condition. Thread diagnostics:
Timestamp: 2023-01-24 12:24:48,375

"PartialTableCache Cleanup Thread - 0" daemon prio=5 tid=979 in Object.wait()
java.lang.Thread.State: WAITING (on object monitor)
        at sun.misc.Unsafe.park(Native Method)
        at java.util.concurrent.locks.LockSupport.park(LockSupport.java:175)
        at java.util.concurrent.locks.AbstractQueuedSynchronizer$ConditionObject.await(AbstractQueuedSynchronizer.java:2039)
        at java.util.concurrent.LinkedBlockingQueue.take(LinkedBlockingQueue.java:442)
        at java.util.concurrent.ThreadPoolExecutor.getTask(ThreadPoolExecutor.java:1074)
        at java.util.concurrent.ThreadPoolExecutor.runWorker(ThreadPoolExecutor.java:1134)
        at java.util.concurrent.ThreadPoolExecutor$Worker.run(ThreadPoolExecutor.java:624)
        at java.lang.Thread.run(Thread.java:750)
"qtp343592684-113" daemon prio=5 tid=113 timed_waiting
java.lang.Thread.State: TIMED_WAITING
        at sun.misc.Unsafe.park(Native Method)
        at java.util.concurrent.locks.LockSupport.parkNanos(LockSupport.java:215)
        at java.util.concurrent.locks.AbstractQueuedSynchronizer$ConditionObject.awaitNanos(AbstractQueuedSynchronizer.java:2078)
        at org.eclipse.jetty.util.BlockingArrayQueue.poll(BlockingArrayQueue.java:382)
        at org.eclipse.jetty.util.thread.QueuedThreadPool$Runner.idleJobPoll(QueuedThreadPool.java:974)
        at org.eclipse.jetty.util.thread.QueuedThreadPool$Runner.run(QueuedThreadPool.java:1018)
        at java.lang.Thread.run(Thread.java:750)
"StaleRecoveringContainerScrubbingService#9" daemon prio=5 tid=1016 in Object.wait()
java.lang.Thread.State: WAITING (on object monitor)
        at sun.misc.Unsafe.park(Native Method)
        at java.util.concurrent.locks.LockSupport.park(LockSupport.java:175)
        at java.util.concurrent.locks.AbstractQueuedSynchronizer$ConditionObject.await(AbstractQueuedSynchronizer.java:2039)
        at java.util.concurrent.ScheduledThreadPoolExecutor$DelayedWorkQueue.take(ScheduledThreadPoolExecutor.java:1088)
        at java.util.concurrent.ScheduledThreadPoolExecutor$DelayedWorkQueue.take(ScheduledThreadPoolExecutor.java:809)
        at java.util.concurrent.ThreadPoolExecutor.getTask(ThreadPoolExecutor.java:1074)
        at java.util.concurrent.ThreadPoolExecutor.runWorker(ThreadPoolExecutor.java:1134)
        at java.util.concurrent.ThreadPoolExecutor$Worker.run(ThreadPoolExecutor.java:624)
        at java.lang.Thread.run(Thread.java:750)
"StaleRecoveringContainerScrubbingService#5" daemon prio=5 tid=965 in Object.wait()
java.lang.Thread.State: WAITING (on object monitor)
        at sun.misc.Unsafe.park(Native Method)
        at java.util.concurrent.locks.LockSupport.park(LockSupport.java:175)
        at java.util.concurrent.locks.AbstractQueuedSynchronizer$ConditionObject.await(AbstractQueuedSynchronizer.java:2039)
        at java.util.concurrent.ScheduledThreadPoolExecutor$DelayedWorkQueue.take(ScheduledThreadPoolExecutor.java:1088)
        at java.util.concurrent.ScheduledThreadPoolExecutor$DelayedWorkQueue.take(ScheduledThreadPoolExecutor.java:809)
        at java.util.concurrent.ThreadPoolExecutor.getTask(ThreadPoolExecutor.java:1074)
        at java.util.concurrent.ThreadPoolExecutor.runWorker(ThreadPoolExecutor.java:1134)
        at java.util.concurrent.ThreadPoolExecutor$Worker.run(ThreadPoolExecutor.java:624)
        at java.lang.Thread.run(Thread.java:750)
"4243b07b-dbe8-44bd-919c-c5b59c546d4c@group-A2C53E516D65-SegmentedRaftLogWorker"  prio=5 tid=647 timed_waiting
java.lang.Thread.State: TIMED_WAITING
        at sun.misc.Unsafe.park(Native Method)
        at java.util.concurrent.locks.LockSupport.parkNanos(LockSupport.java:215)
        at java.util.concurrent.locks.AbstractQueuedSynchronizer$ConditionObject.awaitNanos(AbstractQueuedSynchronizer.java:2078)
        at org.apache.ratis.util.DataBlockingQueue.poll(DataBlockingQueue.java:148)
        at org.apache.ratis.server.raftlog.segmented.SegmentedRaftLogWorker.run(SegmentedRaftLogWorker.java:312)
        at org.apache.ratis.server.raftlog.segmented.SegmentedRaftLogWorker$$Lambda$693/570605234.run(Unknown Source)
        at java.lang.Thread.run(Thread.java:750)
"ChunkWriter-0-0" daemon prio=5 tid=478 in Object.wait()
java.lang.Thread.State: WAITING (on object monitor)
        at sun.misc.Unsafe.park(Native Method)
        at java.util.concurrent.locks.LockSupport.park(LockSupport.java:175)
        at java.util.concurrent.locks.AbstractQueuedSynchronizer$ConditionObject.await(AbstractQueuedSynchronizer.java:2039)
        at java.util.concurrent.LinkedBlockingDeque.takeFirst(LinkedBlockingDeque.java:492)
        at java.util.concurrent.LinkedBlockingDeque.take(LinkedBlockingDeque.java:680)
        at java.util.concurrent.ThreadPoolExecutor.getTask(ThreadPoolExecutor.java:1074)
        at java.util.concurrent.ThreadPoolExecutor.runWorker(ThreadPoolExecutor.java:1134)
        at java.util.concurrent.ThreadPoolExecutor$Worker.run(ThreadPoolExecutor.java:624)
        at java.lang.Thread.run(Thread.java:750)
"IPC Server handler 7 on default port 46625" daemon prio=5 tid=161 timed_waiting
java.lang.Thread.State: TIMED_WAITING
        at sun.misc.Unsafe.park(Native Method)
        at java.util.concurrent.locks.LockSupport.parkNanos(LockSupport.java:215)
        at java.util.concurrent.locks.AbstractQueuedSynchronizer$ConditionObject.awaitNanos(AbstractQueuedSynchronizer.java:2078)
        at java.util.concurrent.LinkedBlockingQueue.poll(LinkedBlockingQueue.java:467)
        at org.apache.hadoop.ipc.CallQueueManager.take(CallQueueManager.java:317)
        at org.apache.hadoop.ipc.Server$Handler.run(Server.java:2942)
"pool-30-thread-1"  prio=5 tid=108 timed_waiting
java.lang.Thread.State: TIMED_WAITING
        at sun.misc.Unsafe.park(Native Method)
        at java.util.concurrent.locks.LockSupport.parkNanos(LockSupport.java:215)
        at java.util.concurrent.locks.AbstractQueuedSynchronizer$ConditionObject.awaitNanos(AbstractQueuedSynchronizer.java:2078)
        at java.util.concurrent.ScheduledThreadPoolExecutor$DelayedWorkQueue.take(ScheduledThreadPoolExecutor.java:1093)
        at java.util.concurrent.ScheduledThreadPoolExecutor$DelayedWorkQueue.take(ScheduledThreadPoolExecutor.java:809)
        at java.util.concurrent.ThreadPoolExecutor.getTask(ThreadPoolExecutor.java:1074)
        at java.util.concurrent.ThreadPoolExecutor.runWorker(ThreadPoolExecutor.java:1134)
        at java.util.concurrent.ThreadPoolExecutor$Worker.run(ThreadPoolExecutor.java:624)
        at java.lang.Thread.run(Thread.java:750)
"7141d06d-71d8-4a56-9b5d-23c6772b1ac6-server-thread1" daemon prio=5 tid=899 timed_waiting
java.lang.Thread.State: TIMED_WAITING
        at sun.misc.Unsafe.park(Native Method)
        at java.util.concurrent.locks.LockSupport.parkNanos(LockSupport.java:215)
        at java.util.concurrent.SynchronousQueue$TransferStack.awaitFulfill(SynchronousQueue.java:460)
        at java.util.concurrent.SynchronousQueue$TransferStack.transfer(SynchronousQueue.java:362)
        at java.util.concurrent.SynchronousQueue.poll(SynchronousQueue.java:941)
        at java.util.concurrent.ThreadPoolExecutor.getTask(ThreadPoolExecutor.java:1073)
        at java.util.concurrent.ThreadPoolExecutor.runWorker(ThreadPoolExecutor.java:1134)
        at java.util.concurrent.ThreadPoolExecutor$Worker.run(ThreadPoolExecutor.java:624)
        at java.lang.Thread.run(Thread.java:750)
"IPC Server handler 0 on default port 46625" daemon prio=5 tid=154 timed_waiting
java.lang.Thread.State: TIMED_WAITING
        at sun.misc.Unsafe.park(Native Method)
        at java.util.concurrent.locks.LockSupport.parkNanos(LockSupport.java:215)
        at java.util.concurrent.locks.AbstractQueuedSynchronizer$ConditionObject.awaitNanos(AbstractQueuedSynchronizer.java:2078)
        at java.util.concurrent.LinkedBlockingQueue.poll(LinkedBlockingQueue.java:467)
        at org.apache.hadoop.ipc.CallQueueManager.take(CallQueueManager.java:317)
        at org.apache.hadoop.ipc.Server$Handler.run(Server.java:2942)
"qtp343592684-115" daemon prio=5 tid=115 timed_waiting
java.lang.Thread.State: TIMED_WAITING
        at sun.misc.Unsafe.park(Native Method)
        at java.util.concurrent.locks.LockSupport.parkNanos(LockSupport.java:215)
        at java.util.concurrent.locks.AbstractQueuedSynchronizer$ConditionObject.awaitNanos(AbstractQueuedSynchronizer.java:2078)
        at org.eclipse.jetty.util.BlockingArrayQueue.poll(BlockingArrayQueue.java:382)
        at org.eclipse.jetty.util.thread.QueuedThreadPool$Runner.idleJobPoll(QueuedThreadPool.java:974)
        at org.eclipse.jetty.util.thread.QueuedThreadPool$Runner.run(QueuedThreadPool.java:1018)
        at java.lang.Thread.run(Thread.java:750)
"IPC Server handler 13 on default port 40091" daemon prio=5 tid=59 timed_waiting
java.lang.Thread.State: TIMED_WAITING
        at sun.misc.Unsafe.park(Native Method)
        at java.util.concurrent.locks.LockSupport.parkNanos(LockSupport.java:215)
        at java.util.concurrent.locks.AbstractQueuedSynchronizer$ConditionObject.awaitNanos(AbstractQueuedSynchronizer.java:2078)
        at java.util.concurrent.LinkedBlockingQueue.poll(LinkedBlockingQueue.java:467)
        at org.apache.hadoop.ipc.CallQueueManager.take(CallQueueManager.java:317)
        at org.apache.hadoop.ipc.Server$Handler.run(Server.java:2942)
"4243b07b-dbe8-44bd-919c-c5b59c546d4c-server-thread2" daemon prio=5 tid=951 timed_waiting
java.lang.Thread.State: TIMED_WAITING
        at sun.misc.Unsafe.park(Native Method)
        at java.util.concurrent.locks.LockSupport.parkNanos(LockSupport.java:215)
        at java.util.concurrent.SynchronousQueue$TransferStack.awaitFulfill(SynchronousQueue.java:460)
        at java.util.concurrent.SynchronousQueue$TransferStack.transfer(SynchronousQueue.java:362)
        at java.util.concurrent.SynchronousQueue.poll(SynchronousQueue.java:941)
        at java.util.concurrent.ThreadPoolExecutor.getTask(ThreadPoolExecutor.java:1073)
        at java.util.concurrent.ThreadPoolExecutor.runWorker(ThreadPoolExecutor.java:1134)
        at java.util.concurrent.ThreadPoolExecutor$Worker.run(ThreadPoolExecutor.java:624)
        at java.lang.Thread.run(Thread.java:750)
"IPC Server handler 2 on default port 40091" daemon prio=5 tid=48 timed_waiting
java.lang.Thread.State: TIMED_WAITING
        at sun.misc.Unsafe.park(Native Method)
        at java.util.concurrent.locks.LockSupport.parkNanos(LockSupport.java:215)
        at java.util.concurrent.locks.AbstractQueuedSynchronizer$ConditionObject.awaitNanos(AbstractQueuedSynchronizer.java:2078)
        at java.util.concurrent.LinkedBlockingQueue.poll(LinkedBlockingQueue.java:467)
        at org.apache.hadoop.ipc.CallQueueManager.take(CallQueueManager.java:317)
        at org.apache.hadoop.ipc.Server$Handler.run(Server.java:2942)
"StaleRecoveringContainerScrubbingService#5" daemon prio=5 tid=964 in Object.wait()
java.lang.Thread.State: WAITING (on object monitor)
        at sun.misc.Unsafe.park(Native Method)
        at java.util.concurrent.locks.LockSupport.park(LockSupport.java:175)
        at java.util.concurrent.locks.AbstractQueuedSynchronizer$ConditionObject.await(AbstractQueuedSynchronizer.java:2039)
        at java.util.concurrent.ScheduledThreadPoolExecutor$DelayedWorkQueue.take(ScheduledThreadPoolExecutor.java:1088)
        at java.util.concurrent.ScheduledThreadPoolExecutor$DelayedWorkQueue.take(ScheduledThreadPoolExecutor.java:809)
        at java.util.concurrent.ThreadPoolExecutor.getTask(ThreadPoolExecutor.java:1074)
        at java.util.concurrent.ThreadPoolExecutor.runWorker(ThreadPoolExecutor.java:1134)
        at java.util.concurrent.ThreadPoolExecutor$Worker.run(ThreadPoolExecutor.java:624)
        at java.lang.Thread.run(Thread.java:750)
"qtp343592684-110-acceptor-0@55a39d9f-ServerConnector@3f919230{HTTP/1.1, (http/1.1)}{0.0.0.0:34051}" daemon prio=3 tid=110 runnable
java.lang.Thread.State: RUNNABLE
        at sun.nio.ch.ServerSocketChannelImpl.accept0(Native Method)
        at sun.nio.ch.ServerSocketChannelImpl.accept(ServerSocketChannelImpl.java:421)
        at sun.nio.ch.ServerSocketChannelImpl.accept(ServerSocketChannelImpl.java:249)
        at org.eclipse.jetty.server.ServerConnector.accept(ServerConnector.java:388)
        at org.eclipse.jetty.server.AbstractConnector$Acceptor.run(AbstractConnector.java:704)
        at org.eclipse.jetty.util.thread.QueuedThreadPool.runJob(QueuedThreadPool.java:883)
        at org.eclipse.jetty.util.thread.QueuedThreadPool$Runner.run(QueuedThreadPool.java:1034)
        at java.lang.Thread.run(Thread.java:750)
"ChunkReader-ELG-0" daemon prio=5 tid=516 runnable
java.lang.Thread.State: RUNNABLE
        at org.apache.ratis.thirdparty.io.netty.channel.epoll.Native.epollWait0(Native Method)
        at org.apache.ratis.thirdparty.io.netty.channel.epoll.Native.epollWait(Native.java:182)
        at org.apache.ratis.thirdparty.io.netty.channel.epoll.EpollEventLoop.epollWait(EpollEventLoop.java:290)
        at org.apache.ratis.thirdparty.io.netty.channel.epoll.EpollEventLoop.run(EpollEventLoop.java:354)
        at org.apache.ratis.thirdparty.io.netty.util.concurrent.SingleThreadEventExecutor$4.run(SingleThreadEventExecutor.java:995)
        at org.apache.ratis.thirdparty.io.netty.util.internal.ThreadExecutorMap$2.run(ThreadExecutorMap.java:74)
        at java.lang.Thread.run(Thread.java:750)
"c6074cc5-da23-4fc2-b305-e072798acc5a@group-67DBD99A6914->7141d06d-71d8-4a56-9b5d-23c6772b1ac6-GrpcLogAppender-LogAppenderDaemon" daemon prio=5 tid=895 timed_waiting
java.lang.Thread.State: TIMED_WAITING
        at sun.misc.Unsafe.park(Native Method)
        at java.util.concurrent.locks.LockSupport.parkNanos(LockSupport.java:215)
        at java.util.concurrent.locks.AbstractQueuedSynchronizer$ConditionObject.await(AbstractQueuedSynchronizer.java:2163)
        at org.apache.ratis.util.AwaitForSignal.await(AwaitForSignal.java:62)
        at org.apache.ratis.grpc.server.GrpcLogAppender.mayWait(GrpcLogAppender.java:198)
        at org.apache.ratis.grpc.server.GrpcLogAppender.run(GrpcLogAppender.java:148)
        at org.apache.ratis.server.leader.LogAppenderDaemon.run(LogAppenderDaemon.java:78)
        at org.apache.ratis.server.leader.LogAppenderDaemon$$Lambda$1083/883698974.run(Unknown Source)
        at java.lang.Thread.run(Thread.java:750)
"qtp1564510985-214" daemon prio=5 tid=214 timed_waiting
java.lang.Thread.State: TIMED_WAITING
        at sun.misc.Unsafe.park(Native Method)
        at java.util.concurrent.locks.LockSupport.parkNanos(LockSupport.java:215)
        at java.util.concurrent.locks.AbstractQueuedSynchronizer$ConditionObject.awaitNanos(AbstractQueuedSynchronizer.java:2078)
        at org.eclipse.jetty.util.BlockingArrayQueue.poll(BlockingArrayQueue.java:382)
        at org.eclipse.jetty.util.thread.QueuedThreadPool$Runner.idleJobPoll(QueuedThreadPool.java:974)
        at org.eclipse.jetty.util.thread.QueuedThreadPool$Runner.run(QueuedThreadPool.java:1018)
        at java.lang.Thread.run(Thread.java:750)
"Datanode ReportManager Thread - 2" daemon prio=5 tid=307 in Object.wait()
java.lang.Thread.State: WAITING (on object monitor)
        at sun.misc.Unsafe.park(Native Method)
        at java.util.concurrent.locks.LockSupport.park(LockSupport.java:175)
        at java.util.concurrent.locks.AbstractQueuedSynchronizer$ConditionObject.await(AbstractQueuedSynchronizer.java:2039)
        at java.util.concurrent.ScheduledThreadPoolExecutor$DelayedWorkQueue.take(ScheduledThreadPoolExecutor.java:1088)
        at java.util.concurrent.ScheduledThreadPoolExecutor$DelayedWorkQueue.take(ScheduledThreadPoolExecutor.java:809)
        at java.util.concurrent.ThreadPoolExecutor.getTask(ThreadPoolExecutor.java:1074)
        at java.util.concurrent.ThreadPoolExecutor.runWorker(ThreadPoolExecutor.java:1134)
        at java.util.concurrent.ThreadPoolExecutor$Worker.run(ThreadPoolExecutor.java:624)
        at java.lang.Thread.run(Thread.java:750)
"ChunkReader-0" daemon prio=5 tid=791 in Object.wait()
java.lang.Thread.State: WAITING (on object monitor)
        at sun.misc.Unsafe.park(Native Method)
        at java.util.concurrent.locks.LockSupport.park(LockSupport.java:175)
        at java.util.concurrent.locks.AbstractQueuedSynchronizer$ConditionObject.await(AbstractQueuedSynchronizer.java:2039)
        at java.util.concurrent.LinkedBlockingQueue.take(LinkedBlockingQueue.java:442)
        at java.util.concurrent.ThreadPoolExecutor.getTask(ThreadPoolExecutor.java:1074)
        at java.util.concurrent.ThreadPoolExecutor.runWorker(ThreadPoolExecutor.java:1134)
        at java.util.concurrent.ThreadPoolExecutor$Worker.run(ThreadPoolExecutor.java:624)
        at java.lang.Thread.run(Thread.java:750)
"StaleRecoveringContainerScrubbingService#3" daemon prio=5 tid=873 in Object.wait()
java.lang.Thread.State: WAITING (on object monitor)
        at sun.misc.Unsafe.park(Native Method)
        at java.util.concurrent.locks.LockSupport.park(LockSupport.java:175)
        at java.util.concurrent.locks.AbstractQueuedSynchronizer$ConditionObject.await(AbstractQueuedSynchronizer.java:2039)
        at java.util.concurrent.ScheduledThreadPoolExecutor$DelayedWorkQueue.take(ScheduledThreadPoolExecutor.java:1088)
        at java.util.concurrent.ScheduledThreadPoolExecutor$DelayedWorkQueue.take(ScheduledThreadPoolExecutor.java:809)
        at java.util.concurrent.ThreadPoolExecutor.getTask(ThreadPoolExecutor.java:1074)
        at java.util.concurrent.ThreadPoolExecutor.runWorker(ThreadPoolExecutor.java:1134)
        at java.util.concurrent.ThreadPoolExecutor$Worker.run(ThreadPoolExecutor.java:624)
        at java.lang.Thread.run(Thread.java:750)
"grpc-default-worker-ELG-3-1" daemon prio=5 tid=586 runnable
java.lang.Thread.State: RUNNABLE
        at org.apache.ratis.thirdparty.io.netty.channel.epoll.Native.epollWait0(Native Method)
        at org.apache.ratis.thirdparty.io.netty.channel.epoll.Native.epollWait(Native.java:182)
        at org.apache.ratis.thirdparty.io.netty.channel.epoll.EpollEventLoop.epollWait(EpollEventLoop.java:290)
        at org.apache.ratis.thirdparty.io.netty.channel.epoll.EpollEventLoop.run(EpollEventLoop.java:354)
        at org.apache.ratis.thirdparty.io.netty.util.concurrent.SingleThreadEventExecutor$4.run(SingleThreadEventExecutor.java:995)
        at org.apache.ratis.thirdparty.io.netty.util.internal.ThreadExecutorMap$2.run(ThreadExecutorMap.java:74)
        at org.apache.ratis.thirdparty.io.netty.util.concurrent.FastThreadLocalRunnable.run(FastThreadLocalRunnable.java:30)
        at java.lang.Thread.run(Thread.java:750)
"IPC Server handler 7 on default port 44923" daemon prio=5 tid=93 timed_waiting
java.lang.Thread.State: TIMED_WAITING
        at sun.misc.Unsafe.park(Native Method)
        at java.util.concurrent.locks.LockSupport.parkNanos(LockSupport.java:215)
        at java.util.concurrent.locks.AbstractQueuedSynchronizer$ConditionObject.awaitNanos(AbstractQueuedSynchronizer.java:2078)
        at java.util.concurrent.LinkedBlockingQueue.poll(LinkedBlockingQueue.java:467)
        at org.apache.hadoop.ipc.CallQueueManager.take(CallQueueManager.java:317)
        at org.apache.hadoop.ipc.Server$Handler.run(Server.java:2942)
"BackgroundPipelineScrubberThread" daemon prio=5 tid=16 timed_waiting
java.lang.Thread.State: TIMED_WAITING
        at java.lang.Object.wait(Native Method)
        at org.apache.hadoop.hdds.scm.ha.BackgroundSCMService.run(BackgroundSCMService.java:110)
        at org.apache.hadoop.hdds.scm.ha.BackgroundSCMService$$Lambda$383/1761864974.run(Unknown Source)
        at java.lang.Thread.run(Thread.java:750)
"StaleRecoveringContainerScrubbingService#1" daemon prio=5 tid=487 in Object.wait()
java.lang.Thread.State: WAITING (on object monitor)
        at sun.misc.Unsafe.park(Native Method)
        at java.util.concurrent.locks.LockSupport.park(LockSupport.java:175)
        at java.util.concurrent.locks.AbstractQueuedSynchronizer$ConditionObject.await(AbstractQueuedSynchronizer.java:2039)
        at java.util.concurrent.ScheduledThreadPoolExecutor$DelayedWorkQueue.take(ScheduledThreadPoolExecutor.java:1088)
        at java.util.concurrent.ScheduledThreadPoolExecutor$DelayedWorkQueue.take(ScheduledThreadPoolExecutor.java:809)
        at java.util.concurrent.ThreadPoolExecutor.getTask(ThreadPoolExecutor.java:1074)
        at java.util.concurrent.ThreadPoolExecutor.runWorker(ThreadPoolExecutor.java:1134)
        at java.util.concurrent.ThreadPoolExecutor$Worker.run(ThreadPoolExecutor.java:624)
        at java.lang.Thread.run(Thread.java:750)
"Session-HouseKeeper-5f212da8-1"  prio=5 tid=276 timed_waiting
java.lang.Thread.State: TIMED_WAITING
        at sun.misc.Unsafe.park(Native Method)
        at java.util.concurrent.locks.LockSupport.parkNanos(LockSupport.java:215)
        at java.util.concurrent.locks.AbstractQueuedSynchronizer$ConditionObject.awaitNanos(AbstractQueuedSynchronizer.java:2078)
        at java.util.concurrent.ScheduledThreadPoolExecutor$DelayedWorkQueue.take(ScheduledThreadPoolExecutor.java:1093)
        at java.util.concurrent.ScheduledThreadPoolExecutor$DelayedWorkQueue.take(ScheduledThreadPoolExecutor.java:809)
        at java.util.concurrent.ThreadPoolExecutor.getTask(ThreadPoolExecutor.java:1074)
        at java.util.concurrent.ThreadPoolExecutor.runWorker(ThreadPoolExecutor.java:1134)
        at java.util.concurrent.ThreadPoolExecutor$Worker.run(ThreadPoolExecutor.java:624)
        at java.lang.Thread.run(Thread.java:750)
"org.apache.hadoop.ozone.container.common.statemachine.commandhandler.DeleteBlocksCommandHandler$DeleteCmdWorker@77ee057b" daemon prio=5 tid=239 timed_waiting
java.lang.Thread.State: TIMED_WAITING
        at java.lang.Thread.sleep(Native Method)
        at org.apache.hadoop.ozone.container.common.statemachine.commandhandler.DeleteBlocksCommandHandler$DeleteCmdWorker.run(DeleteBlocksCommandHandler.java:184)
        at java.lang.Thread.run(Thread.java:750)
"pool-80-thread-1"  prio=5 tid=184 timed_waiting
java.lang.Thread.State: TIMED_WAITING
        at sun.misc.Unsafe.park(Native Method)
        at java.util.concurrent.locks.LockSupport.parkNanos(LockSupport.java:215)
        at java.util.concurrent.locks.AbstractQueuedSynchronizer$ConditionObject.awaitNanos(AbstractQueuedSynchronizer.java:2078)
        at java.util.concurrent.ScheduledThreadPoolExecutor$DelayedWorkQueue.take(ScheduledThreadPoolExecutor.java:1093)
        at java.util.concurrent.ScheduledThreadPoolExecutor$DelayedWorkQueue.take(ScheduledThreadPoolExecutor.java:809)
        at java.util.concurrent.ThreadPoolExecutor.getTask(ThreadPoolExecutor.java:1074)
        at java.util.concurrent.ThreadPoolExecutor.runWorker(ThreadPoolExecutor.java:1134)
        at java.util.concurrent.ThreadPoolExecutor$Worker.run(ThreadPoolExecutor.java:624)
        at java.lang.Thread.run(Thread.java:750)
"qtp1054378603-243" daemon prio=5 tid=243 timed_waiting
java.lang.Thread.State: TIMED_WAITING
        at sun.misc.Unsafe.park(Native Method)
        at java.util.concurrent.locks.LockSupport.parkNanos(LockSupport.java:215)
        at java.util.concurrent.locks.AbstractQueuedSynchronizer$ConditionObject.awaitNanos(AbstractQueuedSynchronizer.java:2078)
        at org.eclipse.jetty.util.BlockingArrayQueue.poll(BlockingArrayQueue.java:382)
        at org.eclipse.jetty.util.thread.QueuedThreadPool$Runner.idleJobPoll(QueuedThreadPool.java:974)
        at org.eclipse.jetty.util.thread.QueuedThreadPool$Runner.run(QueuedThreadPool.java:1018)
        at java.lang.Thread.run(Thread.java:750)
"IPC Server handler 17 on default port 40091" daemon prio=5 tid=63 timed_waiting
java.lang.Thread.State: TIMED_WAITING
        at sun.misc.Unsafe.park(Native Method)
        at java.util.concurrent.locks.LockSupport.parkNanos(LockSupport.java:215)
        at java.util.concurrent.locks.AbstractQueuedSynchronizer$ConditionObject.awaitNanos(AbstractQueuedSynchronizer.java:2078)
        at java.util.concurrent.LinkedBlockingQueue.poll(LinkedBlockingQueue.java:467)
        at org.apache.hadoop.ipc.CallQueueManager.take(CallQueueManager.java:317)
        at org.apache.hadoop.ipc.Server$Handler.run(Server.java:2942)
"EventQueue-OpenPipelineForHealthyPipelineSafeModeRule" daemon prio=5 tid=579 in Object.wait()
java.lang.Thread.State: WAITING (on object monitor)
        at sun.misc.Unsafe.park(Native Method)
        at java.util.concurrent.locks.LockSupport.park(LockSupport.java:175)
        at java.util.concurrent.locks.AbstractQueuedSynchronizer$ConditionObject.await(AbstractQueuedSynchronizer.java:2039)
        at java.util.concurrent.LinkedBlockingQueue.take(LinkedBlockingQueue.java:442)
        at java.util.concurrent.ThreadPoolExecutor.getTask(ThreadPoolExecutor.java:1074)
        at java.util.concurrent.ThreadPoolExecutor.runWorker(ThreadPoolExecutor.java:1134)
        at java.util.concurrent.ThreadPoolExecutor$Worker.run(ThreadPoolExecutor.java:624)
        at java.lang.Thread.run(Thread.java:750)
"StaleRecoveringContainerScrubbingService#3" daemon prio=5 tid=885 in Object.wait()
java.lang.Thread.State: WAITING (on object monitor)
        at sun.misc.Unsafe.park(Native Method)
        at java.util.concurrent.locks.LockSupport.park(LockSupport.java:175)
        at java.util.concurrent.locks.AbstractQueuedSynchronizer$ConditionObject.await(AbstractQueuedSynchronizer.java:2039)
        at java.util.concurrent.ScheduledThreadPoolExecutor$DelayedWorkQueue.take(ScheduledThreadPoolExecutor.java:1088)
        at java.util.concurrent.ScheduledThreadPoolExecutor$DelayedWorkQueue.take(ScheduledThreadPoolExecutor.java:809)
        at java.util.concurrent.ThreadPoolExecutor.getTask(ThreadPoolExecutor.java:1074)
        at java.util.concurrent.ThreadPoolExecutor.runWorker(ThreadPoolExecutor.java:1134)
        at java.util.concurrent.ThreadPoolExecutor$Worker.run(ThreadPoolExecutor.java:624)
        at java.lang.Thread.run(Thread.java:750)
"IPC Server handler 5 on default port 44923" daemon prio=5 tid=91 timed_waiting
java.lang.Thread.State: TIMED_WAITING
        at sun.misc.Unsafe.park(Native Method)
        at java.util.concurrent.locks.LockSupport.parkNanos(LockSupport.java:215)
        at java.util.concurrent.locks.AbstractQueuedSynchronizer$ConditionObject.awaitNanos(AbstractQueuedSynchronizer.java:2078)
        at java.util.concurrent.LinkedBlockingQueue.poll(LinkedBlockingQueue.java:467)
        at org.apache.hadoop.ipc.CallQueueManager.take(CallQueueManager.java:317)
        at org.apache.hadoop.ipc.Server$Handler.run(Server.java:2942)
"om1-client-thread1" daemon prio=5 tid=779 timed_waiting
java.lang.Thread.State: TIMED_WAITING
        at sun.misc.Unsafe.park(Native Method)
        at java.util.concurrent.locks.LockSupport.parkNanos(LockSupport.java:215)
        at java.util.concurrent.SynchronousQueue$TransferStack.awaitFulfill(SynchronousQueue.java:460)
        at java.util.concurrent.SynchronousQueue$TransferStack.transfer(SynchronousQueue.java:362)
        at java.util.concurrent.SynchronousQueue.poll(SynchronousQueue.java:941)
        at java.util.concurrent.ThreadPoolExecutor.getTask(ThreadPoolExecutor.java:1073)
        at java.util.concurrent.ThreadPoolExecutor.runWorker(ThreadPoolExecutor.java:1134)
        at java.util.concurrent.ThreadPoolExecutor$Worker.run(ThreadPoolExecutor.java:624)
        at java.lang.Thread.run(Thread.java:750)
"IPC Server Responder" daemon prio=5 tid=34 runnable
java.lang.Thread.State: RUNNABLE
        at sun.nio.ch.EPollArrayWrapper.epollWait(Native Method)
        at sun.nio.ch.EPollArrayWrapper.poll(EPollArrayWrapper.java:269)
        at sun.nio.ch.EPollSelectorImpl.doSelect(EPollSelectorImpl.java:93)
        at sun.nio.ch.SelectorImpl.lockAndDoSelect(SelectorImpl.java:86)
        at sun.nio.ch.SelectorImpl.select(SelectorImpl.java:97)
        at org.apache.hadoop.ipc.Server$Responder.doRunLoop(Server.java:1532)
        at org.apache.hadoop.ipc.Server$Responder.run(Server.java:1515)
"Datanode State Machine Task Thread - 1"  prio=5 tid=476 in Object.wait()
java.lang.Thread.State: WAITING (on object monitor)
        at sun.misc.Unsafe.park(Native Method)
        at java.util.concurrent.locks.LockSupport.park(LockSupport.java:175)
        at java.util.concurrent.locks.AbstractQueuedSynchronizer$ConditionObject.await(AbstractQueuedSynchronizer.java:2039)
        at java.util.concurrent.LinkedBlockingQueue.take(LinkedBlockingQueue.java:442)
        at java.util.concurrent.ThreadPoolExecutor.getTask(ThreadPoolExecutor.java:1074)
        at java.util.concurrent.ThreadPoolExecutor.runWorker(ThreadPoolExecutor.java:1134)
        at java.util.concurrent.ThreadPoolExecutor$Worker.run(ThreadPoolExecutor.java:624)
        at java.lang.Thread.run(Thread.java:750)
"ChunkReader-2" daemon prio=5 tid=801 in Object.wait()
java.lang.Thread.State: WAITING (on object monitor)
        at sun.misc.Unsafe.park(Native Method)
        at java.util.concurrent.locks.LockSupport.park(LockSupport.java:175)
        at java.util.concurrent.locks.AbstractQueuedSynchronizer$ConditionObject.await(AbstractQueuedSynchronizer.java:2039)
        at java.util.concurrent.LinkedBlockingQueue.take(LinkedBlockingQueue.java:442)
        at java.util.concurrent.ThreadPoolExecutor.getTask(ThreadPoolExecutor.java:1074)
        at java.util.concurrent.ThreadPoolExecutor.runWorker(ThreadPoolExecutor.java:1134)
        at java.util.concurrent.ThreadPoolExecutor$Worker.run(ThreadPoolExecutor.java:624)
        at java.lang.Thread.run(Thread.java:750)
"ChunkWriter-1-0" daemon prio=5 tid=500 in Object.wait()
java.lang.Thread.State: WAITING (on object monitor)
        at sun.misc.Unsafe.park(Native Method)
        at java.util.concurrent.locks.LockSupport.park(LockSupport.java:175)
        at java.util.concurrent.locks.AbstractQueuedSynchronizer$ConditionObject.await(AbstractQueuedSynchronizer.java:2039)
        at java.util.concurrent.LinkedBlockingDeque.takeFirst(LinkedBlockingDeque.java:492)
        at java.util.concurrent.LinkedBlockingDeque.take(LinkedBlockingDeque.java:680)
        at java.util.concurrent.ThreadPoolExecutor.getTask(ThreadPoolExecutor.java:1074)
        at java.util.concurrent.ThreadPoolExecutor.runWorker(ThreadPoolExecutor.java:1134)
        at java.util.concurrent.ThreadPoolExecutor$Worker.run(ThreadPoolExecutor.java:624)
        at java.lang.Thread.run(Thread.java:750)
"pool-71-thread-1"  prio=5 tid=578 in Object.wait()
java.lang.Thread.State: WAITING (on object monitor)
        at sun.misc.Unsafe.park(Native Method)
        at java.util.concurrent.locks.LockSupport.park(LockSupport.java:175)
        at java.util.concurrent.locks.AbstractQueuedSynchronizer$ConditionObject.await(AbstractQueuedSynchronizer.java:2039)
        at java.util.concurrent.LinkedBlockingQueue.take(LinkedBlockingQueue.java:442)
        at java.util.concurrent.ThreadPoolExecutor.getTask(ThreadPoolExecutor.java:1074)
        at java.util.concurrent.ThreadPoolExecutor.runWorker(ThreadPoolExecutor.java:1134)
        at java.util.concurrent.ThreadPoolExecutor$Worker.run(ThreadPoolExecutor.java:624)
        at java.lang.Thread.run(Thread.java:750)
"qtp1564510985-219" daemon prio=5 tid=219 timed_waiting
java.lang.Thread.State: TIMED_WAITING
        at sun.misc.Unsafe.park(Native Method)
        at java.util.concurrent.locks.LockSupport.parkNanos(LockSupport.java:215)
        at java.util.concurrent.locks.AbstractQueuedSynchronizer$ConditionObject.awaitNanos(AbstractQueuedSynchronizer.java:2078)
        at org.eclipse.jetty.util.BlockingArrayQueue.poll(BlockingArrayQueue.java:382)
        at org.eclipse.jetty.util.thread.QueuedThreadPool$Runner.idleJobPoll(QueuedThreadPool.java:974)
        at org.eclipse.jetty.util.thread.QueuedThreadPool$Runner.run(QueuedThreadPool.java:1018)
        at java.lang.Thread.run(Thread.java:750)
"IPC Server handler 15 on default port 46625" daemon prio=5 tid=169 timed_waiting
java.lang.Thread.State: TIMED_WAITING
        at sun.misc.Unsafe.park(Native Method)
        at java.util.concurrent.locks.LockSupport.parkNanos(LockSupport.java:215)
        at java.util.concurrent.locks.AbstractQueuedSynchronizer$ConditionObject.awaitNanos(AbstractQueuedSynchronizer.java:2078)
        at java.util.concurrent.LinkedBlockingQueue.poll(LinkedBlockingQueue.java:467)
        at org.apache.hadoop.ipc.CallQueueManager.take(CallQueueManager.java:317)
        at org.apache.hadoop.ipc.Server$Handler.run(Server.java:2942)
"IPC Server handler 2 on default port 38451" daemon prio=5 tid=68 timed_waiting
java.lang.Thread.State: TIMED_WAITING
        at sun.misc.Unsafe.park(Native Method)
        at java.util.concurrent.locks.LockSupport.parkNanos(LockSupport.java:215)
        at java.util.concurrent.locks.AbstractQueuedSynchronizer$ConditionObject.awaitNanos(AbstractQueuedSynchronizer.java:2078)
        at java.util.concurrent.LinkedBlockingQueue.poll(LinkedBlockingQueue.java:467)
        at org.apache.hadoop.ipc.CallQueueManager.take(CallQueueManager.java:317)
        at org.apache.hadoop.ipc.Server$Handler.run(Server.java:2942)
"StaleRecoveringContainerScrubbingService#2" daemon prio=5 tid=770 timed_waiting
java.lang.Thread.State: TIMED_WAITING
        at sun.misc.Unsafe.park(Native Method)
        at java.util.concurrent.locks.LockSupport.parkNanos(LockSupport.java:215)
        at java.util.concurrent.locks.AbstractQueuedSynchronizer$ConditionObject.awaitNanos(AbstractQueuedSynchronizer.java:2078)
        at java.util.concurrent.ScheduledThreadPoolExecutor$DelayedWorkQueue.take(ScheduledThreadPoolExecutor.java:1093)
        at java.util.concurrent.ScheduledThreadPoolExecutor$DelayedWorkQueue.take(ScheduledThreadPoolExecutor.java:809)
        at java.util.concurrent.ThreadPoolExecutor.getTask(ThreadPoolExecutor.java:1074)
        at java.util.concurrent.ThreadPoolExecutor.runWorker(ThreadPoolExecutor.java:1134)
        at java.util.concurrent.ThreadPoolExecutor$Worker.run(ThreadPoolExecutor.java:624)
        at java.lang.Thread.run(Thread.java:750)
"IPC Server handler 6 on default port 38451" daemon prio=5 tid=72 timed_waiting
java.lang.Thread.State: TIMED_WAITING
        at sun.misc.Unsafe.park(Native Method)
        at java.util.concurrent.locks.LockSupport.parkNanos(LockSupport.java:215)
        at java.util.concurrent.locks.AbstractQueuedSynchronizer$ConditionObject.awaitNanos(AbstractQueuedSynchronizer.java:2078)
        at java.util.concurrent.LinkedBlockingQueue.poll(LinkedBlockingQueue.java:467)
        at org.apache.hadoop.ipc.CallQueueManager.take(CallQueueManager.java:317)
        at org.apache.hadoop.ipc.Server$Handler.run(Server.java:2942)
"IPC Server handler 10 on default port 38451" daemon prio=5 tid=76 timed_waiting
java.lang.Thread.State: TIMED_WAITING
        at sun.misc.Unsafe.park(Native Method)
        at java.util.concurrent.locks.LockSupport.parkNanos(LockSupport.java:215)
        at java.util.concurrent.locks.AbstractQueuedSynchronizer$ConditionObject.awaitNanos(AbstractQueuedSynchronizer.java:2078)
        at java.util.concurrent.LinkedBlockingQueue.poll(LinkedBlockingQueue.java:467)
        at org.apache.hadoop.ipc.CallQueueManager.take(CallQueueManager.java:317)
        at org.apache.hadoop.ipc.Server$Handler.run(Server.java:2942)
"SCMBlockDeletingService#0" daemon prio=5 tid=106 timed_waiting
java.lang.Thread.State: TIMED_WAITING
        at sun.misc.Unsafe.park(Native Method)
        at java.util.concurrent.locks.LockSupport.parkNanos(LockSupport.java:215)
        at java.util.concurrent.locks.AbstractQueuedSynchronizer$ConditionObject.awaitNanos(AbstractQueuedSynchronizer.java:2078)
        at java.util.concurrent.ScheduledThreadPoolExecutor$DelayedWorkQueue.take(ScheduledThreadPoolExecutor.java:1093)
        at java.util.concurrent.ScheduledThreadPoolExecutor$DelayedWorkQueue.take(ScheduledThreadPoolExecutor.java:809)
        at java.util.concurrent.ThreadPoolExecutor.getTask(ThreadPoolExecutor.java:1074)
        at java.util.concurrent.ThreadPoolExecutor.runWorker(ThreadPoolExecutor.java:1134)
        at java.util.concurrent.ThreadPoolExecutor$Worker.run(ThreadPoolExecutor.java:624)
        at java.lang.Thread.run(Thread.java:750)
"Datanode ReportManager Thread - 1" daemon prio=5 tid=373 in Object.wait()
java.lang.Thread.State: WAITING (on object monitor)
        at sun.misc.Unsafe.park(Native Method)
        at java.util.concurrent.locks.LockSupport.park(LockSupport.java:175)
        at java.util.concurrent.locks.AbstractQueuedSynchronizer$ConditionObject.await(AbstractQueuedSynchronizer.java:2039)
        at java.util.concurrent.ScheduledThreadPoolExecutor$DelayedWorkQueue.take(ScheduledThreadPoolExecutor.java:1088)
        at java.util.concurrent.ScheduledThreadPoolExecutor$DelayedWorkQueue.take(ScheduledThreadPoolExecutor.java:809)
        at java.util.concurrent.ThreadPoolExecutor.getTask(ThreadPoolExecutor.java:1074)
        at java.util.concurrent.ThreadPoolExecutor.runWorker(ThreadPoolExecutor.java:1134)
        at java.util.concurrent.ThreadPoolExecutor$Worker.run(ThreadPoolExecutor.java:624)
        at java.lang.Thread.run(Thread.java:750)
"Periodic HDDS volume checker" daemon prio=5 tid=287 timed_waiting
java.lang.Thread.State: TIMED_WAITING
        at sun.misc.Unsafe.park(Native Method)
        at java.util.concurrent.locks.LockSupport.parkNanos(LockSupport.java:215)
        at java.util.concurrent.locks.AbstractQueuedSynchronizer$ConditionObject.awaitNanos(AbstractQueuedSynchronizer.java:2078)
        at java.util.concurrent.ScheduledThreadPoolExecutor$DelayedWorkQueue.take(ScheduledThreadPoolExecutor.java:1093)
        at java.util.concurrent.ScheduledThreadPoolExecutor$DelayedWorkQueue.take(ScheduledThreadPoolExecutor.java:809)
        at java.util.concurrent.ThreadPoolExecutor.getTask(ThreadPoolExecutor.java:1074)
        at java.util.concurrent.ThreadPoolExecutor.runWorker(ThreadPoolExecutor.java:1134)
        at java.util.concurrent.ThreadPoolExecutor$Worker.run(ThreadPoolExecutor.java:624)
        at java.lang.Thread.run(Thread.java:750)
"qtp911648712-472" daemon prio=5 tid=472 timed_waiting
java.lang.Thread.State: TIMED_WAITING
        at sun.misc.Unsafe.park(Native Method)
        at java.util.concurrent.locks.LockSupport.parkNanos(LockSupport.java:215)
        at java.util.concurrent.locks.AbstractQueuedSynchronizer$ConditionObject.awaitNanos(AbstractQueuedSynchronizer.java:2078)
        at org.eclipse.jetty.util.BlockingArrayQueue.poll(BlockingArrayQueue.java:382)
        at org.eclipse.jetty.util.thread.QueuedThreadPool$Runner.idleJobPoll(QueuedThreadPool.java:974)
        at org.eclipse.jetty.util.thread.QueuedThreadPool$Runner.run(QueuedThreadPool.java:1018)
        at java.lang.Thread.run(Thread.java:750)
"c6074cc5-da23-4fc2-b305-e072798acc5a@group-67DBD99A6914-LeaderStateImpl" daemon prio=5 tid=893 timed_waiting
java.lang.Thread.State: TIMED_WAITING
        at sun.misc.Unsafe.park(Native Method)
        at java.util.concurrent.locks.LockSupport.parkNanos(LockSupport.java:215)
        at java.util.concurrent.locks.AbstractQueuedSynchronizer$ConditionObject.awaitNanos(AbstractQueuedSynchronizer.java:2078)
        at java.util.concurrent.ArrayBlockingQueue.poll(ArrayBlockingQueue.java:418)
        at org.apache.ratis.server.impl.LeaderStateImpl$EventQueue.poll(LeaderStateImpl.java:159)
        at org.apache.ratis.server.impl.LeaderStateImpl$EventProcessor.run(LeaderStateImpl.java:630)
"3f0205b3-740b-4219-bfdb-76da739fef9e-NettyServerStreamRpc-bossGroup--thread1"  prio=5 tid=264 runnable
java.lang.Thread.State: RUNNABLE
        at sun.nio.ch.EPollArrayWrapper.epollWait(Native Method)
        at sun.nio.ch.EPollArrayWrapper.poll(EPollArrayWrapper.java:269)
        at sun.nio.ch.EPollSelectorImpl.doSelect(EPollSelectorImpl.java:93)
        at sun.nio.ch.SelectorImpl.lockAndDoSelect(SelectorImpl.java:86)
        at sun.nio.ch.SelectorImpl.select(SelectorImpl.java:97)
        at sun.nio.ch.SelectorImpl.select(SelectorImpl.java:101)
        at org.apache.ratis.thirdparty.io.netty.channel.nio.SelectedSelectionKeySetSelector.select(SelectedSelectionKeySetSelector.java:68)
        at org.apache.ratis.thirdparty.io.netty.channel.nio.NioEventLoop.select(NioEventLoop.java:813)
        at org.apache.ratis.thirdparty.io.netty.channel.nio.NioEventLoop.run(NioEventLoop.java:460)
        at org.apache.ratis.thirdparty.io.netty.util.concurrent.SingleThreadEventExecutor$4.run(SingleThreadEventExecutor.java:995)
        at org.apache.ratis.thirdparty.io.netty.util.internal.ThreadExecutorMap$2.run(ThreadExecutorMap.java:74)
        at java.lang.Thread.run(Thread.java:750)
"Session-HouseKeeper-efba38a-1"  prio=5 tid=153 timed_waiting
java.lang.Thread.State: TIMED_WAITING
        at sun.misc.Unsafe.park(Native Method)
        at java.util.concurrent.locks.LockSupport.parkNanos(LockSupport.java:215)
        at java.util.concurrent.locks.AbstractQueuedSynchronizer$ConditionObject.awaitNanos(AbstractQueuedSynchronizer.java:2078)
        at java.util.concurrent.ScheduledThreadPoolExecutor$DelayedWorkQueue.take(ScheduledThreadPoolExecutor.java:1093)
        at java.util.concurrent.ScheduledThreadPoolExecutor$DelayedWorkQueue.take(ScheduledThreadPoolExecutor.java:809)
        at java.util.concurrent.ThreadPoolExecutor.getTask(ThreadPoolExecutor.java:1074)
        at java.util.concurrent.ThreadPoolExecutor.runWorker(ThreadPoolExecutor.java:1134)
        at java.util.concurrent.ThreadPoolExecutor$Worker.run(ThreadPoolExecutor.java:624)
        at java.lang.Thread.run(Thread.java:750)
"IPC Server handler 15 on default port 40091" daemon prio=5 tid=61 timed_waiting
java.lang.Thread.State: TIMED_WAITING
        at sun.misc.Unsafe.park(Native Method)
        at java.util.concurrent.locks.LockSupport.parkNanos(LockSupport.java:215)
        at java.util.concurrent.locks.AbstractQueuedSynchronizer$ConditionObject.awaitNanos(AbstractQueuedSynchronizer.java:2078)
        at java.util.concurrent.LinkedBlockingQueue.poll(LinkedBlockingQueue.java:467)
        at org.apache.hadoop.ipc.CallQueueManager.take(CallQueueManager.java:317)
        at org.apache.hadoop.ipc.Server$Handler.run(Server.java:2942)
"Socket Reader #1 for port 0"  prio=5 tid=131 runnable
java.lang.Thread.State: RUNNABLE
        at sun.nio.ch.EPollArrayWrapper.epollWait(Native Method)
        at sun.nio.ch.EPollArrayWrapper.poll(EPollArrayWrapper.java:269)
        at sun.nio.ch.EPollSelectorImpl.doSelect(EPollSelectorImpl.java:93)
        at sun.nio.ch.SelectorImpl.lockAndDoSelect(SelectorImpl.java:86)
        at sun.nio.ch.SelectorImpl.select(SelectorImpl.java:97)
        at sun.nio.ch.SelectorImpl.select(SelectorImpl.java:101)
        at org.apache.hadoop.ipc.Server$Listener$Reader.doRunLoop(Server.java:1296)
        at org.apache.hadoop.ipc.Server$Listener$Reader.run(Server.java:1275)
"JvmPauseMonitor5" daemon prio=5 tid=503 timed_waiting
java.lang.Thread.State: TIMED_WAITING
        at java.lang.Thread.sleep(Native Method)
        at java.lang.Thread.sleep(Thread.java:342)
        at java.util.concurrent.TimeUnit.sleep(TimeUnit.java:386)
        at org.apache.ratis.util.TimeDuration.sleep(TimeDuration.java:325)
        at org.apache.ratis.util.TimeDuration.sleep(TimeDuration.java:310)
        at org.apache.ratis.util.JvmPauseMonitor.detectPause(JvmPauseMonitor.java:119)
        at org.apache.ratis.util.JvmPauseMonitor.run(JvmPauseMonitor.java:108)
        at org.apache.ratis.util.JvmPauseMonitor$$Lambda$734/1944085370.run(Unknown Source)
        at java.lang.Thread.run(Thread.java:750)
"IPC Server handler 13 on default port 38451" daemon prio=5 tid=79 timed_waiting
java.lang.Thread.State: TIMED_WAITING
        at sun.misc.Unsafe.park(Native Method)
        at java.util.concurrent.locks.LockSupport.parkNanos(LockSupport.java:215)
        at java.util.concurrent.locks.AbstractQueuedSynchronizer$ConditionObject.awaitNanos(AbstractQueuedSynchronizer.java:2078)
        at java.util.concurrent.LinkedBlockingQueue.poll(LinkedBlockingQueue.java:467)
        at org.apache.hadoop.ipc.CallQueueManager.take(CallQueueManager.java:317)
        at org.apache.hadoop.ipc.Server$Handler.run(Server.java:2942)
"FullTableCache Cleanup Thread - 0" daemon prio=5 tid=781 in Object.wait()
java.lang.Thread.State: WAITING (on object monitor)
        at sun.misc.Unsafe.park(Native Method)
        at java.util.concurrent.locks.LockSupport.park(LockSupport.java:175)
        at java.util.concurrent.locks.AbstractQueuedSynchronizer$ConditionObject.await(AbstractQueuedSynchronizer.java:2039)
        at java.util.concurrent.LinkedBlockingQueue.take(LinkedBlockingQueue.java:442)
        at java.util.concurrent.ThreadPoolExecutor.getTask(ThreadPoolExecutor.java:1074)
        at java.util.concurrent.ThreadPoolExecutor.runWorker(ThreadPoolExecutor.java:1134)
        at java.util.concurrent.ThreadPoolExecutor$Worker.run(ThreadPoolExecutor.java:624)
        at java.lang.Thread.run(Thread.java:750)
"ChunkReader-2" daemon prio=5 tid=809 in Object.wait()
java.lang.Thread.State: WAITING (on object monitor)
        at sun.misc.Unsafe.park(Native Method)
        at java.util.concurrent.locks.LockSupport.park(LockSupport.java:175)
        at java.util.concurrent.locks.AbstractQueuedSynchronizer$ConditionObject.await(AbstractQueuedSynchronizer.java:2039)
        at java.util.concurrent.LinkedBlockingQueue.take(LinkedBlockingQueue.java:442)
        at java.util.concurrent.ThreadPoolExecutor.getTask(ThreadPoolExecutor.java:1074)
        at java.util.concurrent.ThreadPoolExecutor.runWorker(ThreadPoolExecutor.java:1134)
        at java.util.concurrent.ThreadPoolExecutor$Worker.run(ThreadPoolExecutor.java:624)
        at java.lang.Thread.run(Thread.java:750)
"BlockDeletingService#0" daemon prio=5 tid=535 in Object.wait()
java.lang.Thread.State: WAITING (on object monitor)
        at sun.misc.Unsafe.park(Native Method)
        at java.util.concurrent.locks.LockSupport.park(LockSupport.java:175)
        at java.util.concurrent.locks.AbstractQueuedSynchronizer$ConditionObject.await(AbstractQueuedSynchronizer.java:2039)
        at java.util.concurrent.ScheduledThreadPoolExecutor$DelayedWorkQueue.take(ScheduledThreadPoolExecutor.java:1088)
        at java.util.concurrent.ScheduledThreadPoolExecutor$DelayedWorkQueue.take(ScheduledThreadPoolExecutor.java:809)
        at java.util.concurrent.ThreadPoolExecutor.getTask(ThreadPoolExecutor.java:1074)
        at java.util.concurrent.ThreadPoolExecutor.runWorker(ThreadPoolExecutor.java:1134)
        at java.util.concurrent.ThreadPoolExecutor$Worker.run(ThreadPoolExecutor.java:624)
        at java.lang.Thread.run(Thread.java:750)
"PartialTableCache Cleanup Thread - 0" daemon prio=5 tid=810 in Object.wait()
java.lang.Thread.State: WAITING (on object monitor)
        at sun.misc.Unsafe.park(Native Method)
        at java.util.concurrent.locks.LockSupport.park(LockSupport.java:175)
        at java.util.concurrent.locks.AbstractQueuedSynchronizer$ConditionObject.await(AbstractQueuedSynchronizer.java:2039)
        at java.util.concurrent.LinkedBlockingQueue.take(LinkedBlockingQueue.java:442)
        at java.util.concurrent.ThreadPoolExecutor.getTask(ThreadPoolExecutor.java:1074)
        at java.util.concurrent.ThreadPoolExecutor.runWorker(ThreadPoolExecutor.java:1134)
        at java.util.concurrent.ThreadPoolExecutor$Worker.run(ThreadPoolExecutor.java:624)
        at java.lang.Thread.run(Thread.java:750)
"7141d06d-71d8-4a56-9b5d-23c6772b1ac6@group-67DBD99A6914-SegmentedRaftLogWorker"  prio=5 tid=605 timed_waiting
java.lang.Thread.State: TIMED_WAITING
        at sun.misc.Unsafe.park(Native Method)
        at java.util.concurrent.locks.LockSupport.parkNanos(LockSupport.java:215)
        at java.util.concurrent.locks.AbstractQueuedSynchronizer$ConditionObject.awaitNanos(AbstractQueuedSynchronizer.java:2078)
        at org.apache.ratis.util.DataBlockingQueue.poll(DataBlockingQueue.java:148)
        at org.apache.ratis.server.raftlog.segmented.SegmentedRaftLogWorker.run(SegmentedRaftLogWorker.java:312)
        at org.apache.ratis.server.raftlog.segmented.SegmentedRaftLogWorker$$Lambda$693/570605234.run(Unknown Source)
        at java.lang.Thread.run(Thread.java:750)
"ChunkWriter-3-0" daemon prio=5 tid=532 in Object.wait()
java.lang.Thread.State: WAITING (on object monitor)
        at sun.misc.Unsafe.park(Native Method)
        at java.util.concurrent.locks.LockSupport.park(LockSupport.java:175)
        at java.util.concurrent.locks.AbstractQueuedSynchronizer$ConditionObject.await(AbstractQueuedSynchronizer.java:2039)
        at java.util.concurrent.LinkedBlockingDeque.takeFirst(LinkedBlockingDeque.java:492)
        at java.util.concurrent.LinkedBlockingDeque.take(LinkedBlockingDeque.java:680)
        at java.util.concurrent.ThreadPoolExecutor.getTask(ThreadPoolExecutor.java:1074)
        at java.util.concurrent.ThreadPoolExecutor.runWorker(ThreadPoolExecutor.java:1134)
        at java.util.concurrent.ThreadPoolExecutor$Worker.run(ThreadPoolExecutor.java:624)
        at java.lang.Thread.run(Thread.java:750)
"StaleRecoveringContainerScrubbingService#5" daemon prio=5 tid=960 in Object.wait()
java.lang.Thread.State: WAITING (on object monitor)
        at sun.misc.Unsafe.park(Native Method)
        at java.util.concurrent.locks.LockSupport.park(LockSupport.java:175)
        at java.util.concurrent.locks.AbstractQueuedSynchronizer$ConditionObject.await(AbstractQueuedSynchronizer.java:2039)
        at java.util.concurrent.ScheduledThreadPoolExecutor$DelayedWorkQueue.take(ScheduledThreadPoolExecutor.java:1088)
        at java.util.concurrent.ScheduledThreadPoolExecutor$DelayedWorkQueue.take(ScheduledThreadPoolExecutor.java:809)
        at java.util.concurrent.ThreadPoolExecutor.getTask(ThreadPoolExecutor.java:1074)
        at java.util.concurrent.ThreadPoolExecutor.runWorker(ThreadPoolExecutor.java:1134)
        at java.util.concurrent.ThreadPoolExecutor$Worker.run(ThreadPoolExecutor.java:624)
        at java.lang.Thread.run(Thread.java:750)
"Command processor thread" daemon prio=5 tid=310 timed_waiting
java.lang.Thread.State: TIMED_WAITING
        at java.lang.Thread.sleep(Native Method)
        at org.apache.hadoop.ozone.container.common.statemachine.DatanodeStateMachine.lambda$initCommandHandlerThread$3(DatanodeStateMachine.java:655)
        at org.apache.hadoop.ozone.container.common.statemachine.DatanodeStateMachine$$Lambda$784/997861495.run(Unknown Source)
        at java.lang.Thread.run(Thread.java:750)
"IPC Server listener on 0" daemon prio=5 tid=31 runnable
java.lang.Thread.State: RUNNABLE
        at sun.nio.ch.EPollArrayWrapper.epollWait(Native Method)
        at sun.nio.ch.EPollArrayWrapper.poll(EPollArrayWrapper.java:269)
        at sun.nio.ch.EPollSelectorImpl.doSelect(EPollSelectorImpl.java:93)
        at sun.nio.ch.SelectorImpl.lockAndDoSelect(SelectorImpl.java:86)
        at sun.nio.ch.SelectorImpl.select(SelectorImpl.java:97)
        at sun.nio.ch.SelectorImpl.select(SelectorImpl.java:101)
        at org.apache.hadoop.ipc.Server$Listener.run(Server.java:1358)
"OM StateMachine ApplyTransaction Thread - 0" daemon prio=5 tid=780 in Object.wait()
java.lang.Thread.State: WAITING (on object monitor)
        at sun.misc.Unsafe.park(Native Method)
        at java.util.concurrent.locks.LockSupport.park(LockSupport.java:175)
        at java.util.concurrent.locks.AbstractQueuedSynchronizer$ConditionObject.await(AbstractQueuedSynchronizer.java:2039)
        at java.util.concurrent.LinkedBlockingQueue.take(LinkedBlockingQueue.java:442)
        at java.util.concurrent.ThreadPoolExecutor.getTask(ThreadPoolExecutor.java:1074)
        at java.util.concurrent.ThreadPoolExecutor.runWorker(ThreadPoolExecutor.java:1134)
        at java.util.concurrent.ThreadPoolExecutor$Worker.run(ThreadPoolExecutor.java:624)
        at java.lang.Thread.run(Thread.java:750)
"StaleRecoveringContainerScrubbingService#7" daemon prio=5 tid=997 in Object.wait()
java.lang.Thread.State: WAITING (on object monitor)
        at sun.misc.Unsafe.park(Native Method)
        at java.util.concurrent.locks.LockSupport.park(LockSupport.java:175)
        at java.util.concurrent.locks.AbstractQueuedSynchronizer$ConditionObject.await(AbstractQueuedSynchronizer.java:2039)
        at java.util.concurrent.ScheduledThreadPoolExecutor$DelayedWorkQueue.take(ScheduledThreadPoolExecutor.java:1088)
        at java.util.concurrent.ScheduledThreadPoolExecutor$DelayedWorkQueue.take(ScheduledThreadPoolExecutor.java:809)
        at java.util.concurrent.ThreadPoolExecutor.getTask(ThreadPoolExecutor.java:1074)
        at java.util.concurrent.ThreadPoolExecutor.runWorker(ThreadPoolExecutor.java:1134)
        at java.util.concurrent.ThreadPoolExecutor$Worker.run(ThreadPoolExecutor.java:624)
        at java.lang.Thread.run(Thread.java:750)
"IPC Server handler 14 on default port 38451" daemon prio=5 tid=80 timed_waiting
java.lang.Thread.State: TIMED_WAITING
        at sun.misc.Unsafe.park(Native Method)
        at java.util.concurrent.locks.LockSupport.parkNanos(LockSupport.java:215)
        at java.util.concurrent.locks.AbstractQueuedSynchronizer$ConditionObject.awaitNanos(AbstractQueuedSynchronizer.java:2078)
        at java.util.concurrent.LinkedBlockingQueue.poll(LinkedBlockingQueue.java:467)
        at org.apache.hadoop.ipc.CallQueueManager.take(CallQueueManager.java:317)
        at org.apache.hadoop.ipc.Server$Handler.run(Server.java:2942)
"Command processor thread" daemon prio=5 tid=416 timed_waiting
java.lang.Thread.State: TIMED_WAITING
        at java.lang.Thread.sleep(Native Method)
        at org.apache.hadoop.ozone.container.common.statemachine.DatanodeStateMachine.lambda$initCommandHandlerThread$3(DatanodeStateMachine.java:655)
        at org.apache.hadoop.ozone.container.common.statemachine.DatanodeStateMachine$$Lambda$784/997861495.run(Unknown Source)
        at java.lang.Thread.run(Thread.java:750)
"Datanode ReportManager Thread - 1" daemon prio=5 tid=333 timed_waiting
java.lang.Thread.State: TIMED_WAITING
        at sun.misc.Unsafe.park(Native Method)
        at java.util.concurrent.locks.LockSupport.parkNanos(LockSupport.java:215)
        at java.util.concurrent.locks.AbstractQueuedSynchronizer$ConditionObject.awaitNanos(AbstractQueuedSynchronizer.java:2078)
        at java.util.concurrent.ScheduledThreadPoolExecutor$DelayedWorkQueue.take(ScheduledThreadPoolExecutor.java:1093)
        at java.util.concurrent.ScheduledThreadPoolExecutor$DelayedWorkQueue.take(ScheduledThreadPoolExecutor.java:809)
        at java.util.concurrent.ThreadPoolExecutor.getTask(ThreadPoolExecutor.java:1074)
        at java.util.concurrent.ThreadPoolExecutor.runWorker(ThreadPoolExecutor.java:1134)
        at java.util.concurrent.ThreadPoolExecutor$Worker.run(ThreadPoolExecutor.java:624)
        at java.lang.Thread.run(Thread.java:750)
"Datanode ReportManager Thread - 2" daemon prio=5 tid=226 in Object.wait()
java.lang.Thread.State: WAITING (on object monitor)
        at sun.misc.Unsafe.park(Native Method)
        at java.util.concurrent.locks.LockSupport.park(LockSupport.java:175)
        at java.util.concurrent.locks.AbstractQueuedSynchronizer$ConditionObject.await(AbstractQueuedSynchronizer.java:2039)
        at java.util.concurrent.ScheduledThreadPoolExecutor$DelayedWorkQueue.take(ScheduledThreadPoolExecutor.java:1088)
        at java.util.concurrent.ScheduledThreadPoolExecutor$DelayedWorkQueue.take(ScheduledThreadPoolExecutor.java:809)
        at java.util.concurrent.ThreadPoolExecutor.getTask(ThreadPoolExecutor.java:1074)
        at java.util.concurrent.ThreadPoolExecutor.runWorker(ThreadPoolExecutor.java:1134)
        at java.util.concurrent.ThreadPoolExecutor$Worker.run(ThreadPoolExecutor.java:624)
        at java.lang.Thread.run(Thread.java:750)
"IPC Server handler 18 on default port 40091" daemon prio=5 tid=64 timed_waiting
java.lang.Thread.State: TIMED_WAITING
        at sun.misc.Unsafe.park(Native Method)
        at java.util.concurrent.locks.LockSupport.parkNanos(LockSupport.java:215)
        at java.util.concurrent.locks.AbstractQueuedSynchronizer$ConditionObject.awaitNanos(AbstractQueuedSynchronizer.java:2078)
        at java.util.concurrent.LinkedBlockingQueue.poll(LinkedBlockingQueue.java:467)
        at org.apache.hadoop.ipc.CallQueueManager.take(CallQueueManager.java:317)
        at org.apache.hadoop.ipc.Server$Handler.run(Server.java:2942)
"Datanode ReportManager Thread - 2" daemon prio=5 tid=334 in Object.wait()
java.lang.Thread.State: WAITING (on object monitor)
        at sun.misc.Unsafe.park(Native Method)
        at java.util.concurrent.locks.LockSupport.park(LockSupport.java:175)
        at java.util.concurrent.locks.AbstractQueuedSynchronizer$ConditionObject.await(AbstractQueuedSynchronizer.java:2039)
        at java.util.concurrent.ScheduledThreadPoolExecutor$DelayedWorkQueue.take(ScheduledThreadPoolExecutor.java:1088)
        at java.util.concurrent.ScheduledThreadPoolExecutor$DelayedWorkQueue.take(ScheduledThreadPoolExecutor.java:809)
        at java.util.concurrent.ThreadPoolExecutor.getTask(ThreadPoolExecutor.java:1074)
        at java.util.concurrent.ThreadPoolExecutor.runWorker(ThreadPoolExecutor.java:1134)
        at java.util.concurrent.ThreadPoolExecutor$Worker.run(ThreadPoolExecutor.java:624)
        at java.lang.Thread.run(Thread.java:750)
"org.apache.hadoop.ozone.container.common.statemachine.commandhandler.DeleteBlocksCommandHandler$DeleteCmdWorker@5acf7f12" daemon prio=5 tid=210 timed_waiting
java.lang.Thread.State: TIMED_WAITING
        at java.lang.Thread.sleep(Native Method)
        at org.apache.hadoop.ozone.container.common.statemachine.commandhandler.DeleteBlocksCommandHandler$DeleteCmdWorker.run(DeleteBlocksCommandHandler.java:184)
        at java.lang.Thread.run(Thread.java:750)
"FixedThreadPoolWithAffinityExecutor-5-0" daemon prio=5 tid=40 timed_waiting
java.lang.Thread.State: TIMED_WAITING
        at sun.misc.Unsafe.park(Native Method)
        at java.util.concurrent.locks.LockSupport.parkNanos(LockSupport.java:215)
        at java.util.concurrent.locks.AbstractQueuedSynchronizer$ConditionObject.awaitNanos(AbstractQueuedSynchronizer.java:2078)
        at java.util.concurrent.LinkedBlockingQueue.poll(LinkedBlockingQueue.java:467)
        at org.apache.hadoop.hdds.scm.server.ContainerReportQueue.poll(ContainerReportQueue.java:266)
        at org.apache.hadoop.hdds.scm.server.ContainerReportQueue.poll(ContainerReportQueue.java:42)
        at org.apache.hadoop.hdds.server.events.FixedThreadPoolWithAffinityExecutor$ContainerReportProcessTask.run(FixedThreadPoolWithAffinityExecutor.java:247)
        at java.util.concurrent.Executors$RunnableAdapter.call(Executors.java:511)
        at java.util.concurrent.FutureTask.run(FutureTask.java:266)
        at java.util.concurrent.ThreadPoolExecutor.runWorker(ThreadPoolExecutor.java:1149)
        at java.util.concurrent.ThreadPoolExecutor$Worker.run(ThreadPoolExecutor.java:624)
        at java.lang.Thread.run(Thread.java:750)
"Datanode State Machine Task Thread - 0"  prio=5 tid=496 in Object.wait()
java.lang.Thread.State: WAITING (on object monitor)
        at sun.misc.Unsafe.park(Native Method)
        at java.util.concurrent.locks.LockSupport.park(LockSupport.java:175)
        at java.util.concurrent.locks.AbstractQueuedSynchronizer$ConditionObject.await(AbstractQueuedSynchronizer.java:2039)
        at java.util.concurrent.LinkedBlockingQueue.take(LinkedBlockingQueue.java:442)
        at java.util.concurrent.ThreadPoolExecutor.getTask(ThreadPoolExecutor.java:1074)
        at java.util.concurrent.ThreadPoolExecutor.runWorker(ThreadPoolExecutor.java:1134)
        at java.util.concurrent.ThreadPoolExecutor$Worker.run(ThreadPoolExecutor.java:624)
        at java.lang.Thread.run(Thread.java:750)
"Datanode State Machine Daemon Thread" daemon prio=5 tid=194 timed_waiting
java.lang.Thread.State: TIMED_WAITING
        at java.lang.Thread.sleep(Native Method)
        at org.apache.hadoop.ozone.container.common.statemachine.DatanodeStateMachine.startStateMachineThread(DatanodeStateMachine.java:335)
        at org.apache.hadoop.ozone.container.common.statemachine.DatanodeStateMachine.lambda$startDaemon$0(DatanodeStateMachine.java:520)
        at org.apache.hadoop.ozone.container.common.statemachine.DatanodeStateMachine$$Lambda$782/592559975.run(Unknown Source)
        at java.lang.Thread.run(Thread.java:750)
"Datanode State Machine Task Thread - 1"  prio=5 tid=497 in Object.wait()
java.lang.Thread.State: WAITING (on object monitor)
        at sun.misc.Unsafe.park(Native Method)
        at java.util.concurrent.locks.LockSupport.park(LockSupport.java:175)
        at java.util.concurrent.locks.AbstractQueuedSynchronizer$ConditionObject.await(AbstractQueuedSynchronizer.java:2039)
        at java.util.concurrent.LinkedBlockingQueue.take(LinkedBlockingQueue.java:442)
        at java.util.concurrent.ThreadPoolExecutor.getTask(ThreadPoolExecutor.java:1074)
        at java.util.concurrent.ThreadPoolExecutor.runWorker(ThreadPoolExecutor.java:1134)
        at java.util.concurrent.ThreadPoolExecutor$Worker.run(ThreadPoolExecutor.java:624)
        at java.lang.Thread.run(Thread.java:750)
"8d5822ee-b1dd-46af-beb1-0638b7fa15fc@group-A2C53E516D65-LeaderStateImpl" daemon prio=5 tid=947 timed_waiting
java.lang.Thread.State: TIMED_WAITING
        at sun.misc.Unsafe.park(Native Method)
        at java.util.concurrent.locks.LockSupport.parkNanos(LockSupport.java:215)
        at java.util.concurrent.locks.AbstractQueuedSynchronizer$ConditionObject.awaitNanos(AbstractQueuedSynchronizer.java:2078)
        at java.util.concurrent.ArrayBlockingQueue.poll(ArrayBlockingQueue.java:418)
        at org.apache.ratis.server.impl.LeaderStateImpl$EventQueue.poll(LeaderStateImpl.java:159)
        at org.apache.ratis.server.impl.LeaderStateImpl$EventProcessor.run(LeaderStateImpl.java:630)
"ChunkWriter-2-0" daemon prio=5 tid=402 in Object.wait()
java.lang.Thread.State: WAITING (on object monitor)
        at sun.misc.Unsafe.park(Native Method)
        at java.util.concurrent.locks.LockSupport.park(LockSupport.java:175)
        at java.util.concurrent.locks.AbstractQueuedSynchronizer$ConditionObject.await(AbstractQueuedSynchronizer.java:2039)
        at java.util.concurrent.LinkedBlockingDeque.takeFirst(LinkedBlockingDeque.java:492)
        at java.util.concurrent.LinkedBlockingDeque.take(LinkedBlockingDeque.java:680)
        at java.util.concurrent.ThreadPoolExecutor.getTask(ThreadPoolExecutor.java:1074)
        at java.util.concurrent.ThreadPoolExecutor.runWorker(ThreadPoolExecutor.java:1134)
        at java.util.concurrent.ThreadPoolExecutor$Worker.run(ThreadPoolExecutor.java:624)
        at java.lang.Thread.run(Thread.java:750)
"BlockDeletingService#1" daemon prio=5 tid=508 timed_waiting
java.lang.Thread.State: TIMED_WAITING
        at sun.misc.Unsafe.park(Native Method)
        at java.util.concurrent.locks.LockSupport.parkNanos(LockSupport.java:215)
        at java.util.concurrent.locks.AbstractQueuedSynchronizer$ConditionObject.awaitNanos(AbstractQueuedSynchronizer.java:2078)
        at java.util.concurrent.ScheduledThreadPoolExecutor$DelayedWorkQueue.take(ScheduledThreadPoolExecutor.java:1093)
        at java.util.concurrent.ScheduledThreadPoolExecutor$DelayedWorkQueue.take(ScheduledThreadPoolExecutor.java:809)
        at java.util.concurrent.ThreadPoolExecutor.getTask(ThreadPoolExecutor.java:1074)
        at java.util.concurrent.ThreadPoolExecutor.runWorker(ThreadPoolExecutor.java:1134)
        at java.util.concurrent.ThreadPoolExecutor$Worker.run(ThreadPoolExecutor.java:624)
        at java.lang.Thread.run(Thread.java:750)
"EventQueue-DatanodeCommandQueueUpdatedForDatanodeCommandCountUpdatedHandler" daemon prio=5 tid=577 in Object.wait()
java.lang.Thread.State: WAITING (on object monitor)
        at sun.misc.Unsafe.park(Native Method)
        at java.util.concurrent.locks.LockSupport.park(LockSupport.java:175)
        at java.util.concurrent.locks.AbstractQueuedSynchronizer$ConditionObject.await(AbstractQueuedSynchronizer.java:2039)
        at java.util.concurrent.LinkedBlockingQueue.take(LinkedBlockingQueue.java:442)
        at java.util.concurrent.ThreadPoolExecutor.getTask(ThreadPoolExecutor.java:1074)
        at java.util.concurrent.ThreadPoolExecutor.runWorker(ThreadPoolExecutor.java:1134)
        at java.util.concurrent.ThreadPoolExecutor$Worker.run(ThreadPoolExecutor.java:624)
        at java.lang.Thread.run(Thread.java:750)
"StaleRecoveringContainerScrubbingService#7" daemon prio=5 tid=989 in Object.wait()
java.lang.Thread.State: WAITING (on object monitor)
        at sun.misc.Unsafe.park(Native Method)
        at java.util.concurrent.locks.LockSupport.park(LockSupport.java:175)
        at java.util.concurrent.locks.AbstractQueuedSynchronizer$ConditionObject.await(AbstractQueuedSynchronizer.java:2039)
        at java.util.concurrent.ScheduledThreadPoolExecutor$DelayedWorkQueue.take(ScheduledThreadPoolExecutor.java:1088)
        at java.util.concurrent.ScheduledThreadPoolExecutor$DelayedWorkQueue.take(ScheduledThreadPoolExecutor.java:809)
        at java.util.concurrent.ThreadPoolExecutor.getTask(ThreadPoolExecutor.java:1074)
        at java.util.concurrent.ThreadPoolExecutor.runWorker(ThreadPoolExecutor.java:1134)
        at java.util.concurrent.ThreadPoolExecutor$Worker.run(ThreadPoolExecutor.java:624)
        at java.lang.Thread.run(Thread.java:750)
"Datanode State Machine Task Thread - 1"  prio=5 tid=340 in Object.wait()
java.lang.Thread.State: WAITING (on object monitor)
        at sun.misc.Unsafe.park(Native Method)
        at java.util.concurrent.locks.LockSupport.park(LockSupport.java:175)
        at java.util.concurrent.locks.AbstractQueuedSynchronizer$ConditionObject.await(AbstractQueuedSynchronizer.java:2039)
        at java.util.concurrent.LinkedBlockingQueue.take(LinkedBlockingQueue.java:442)
        at java.util.concurrent.ThreadPoolExecutor.getTask(ThreadPoolExecutor.java:1074)
        at java.util.concurrent.ThreadPoolExecutor.runWorker(ThreadPoolExecutor.java:1134)
        at java.util.concurrent.ThreadPoolExecutor$Worker.run(ThreadPoolExecutor.java:624)
        at java.lang.Thread.run(Thread.java:750)
"qtp1054378603-241" daemon prio=5 tid=241 runnable
java.lang.Thread.State: RUNNABLE
        at sun.nio.ch.EPollArrayWrapper.epollWait(Native Method)
        at sun.nio.ch.EPollArrayWrapper.poll(EPollArrayWrapper.java:269)
        at sun.nio.ch.EPollSelectorImpl.doSelect(EPollSelectorImpl.java:93)
        at sun.nio.ch.SelectorImpl.lockAndDoSelect(SelectorImpl.java:86)
        at sun.nio.ch.SelectorImpl.select(SelectorImpl.java:97)
        at sun.nio.ch.SelectorImpl.select(SelectorImpl.java:101)
        at org.eclipse.jetty.io.ManagedSelector.nioSelect(ManagedSelector.java:183)
        at org.eclipse.jetty.io.ManagedSelector.select(ManagedSelector.java:190)
        at org.eclipse.jetty.io.ManagedSelector$SelectorProducer.select(ManagedSelector.java:606)
        at org.eclipse.jetty.io.ManagedSelector$SelectorProducer.produce(ManagedSelector.java:543)
        at org.eclipse.jetty.util.thread.strategy.EatWhatYouKill.produceTask(EatWhatYouKill.java:362)
        at org.eclipse.jetty.util.thread.strategy.EatWhatYouKill.doProduce(EatWhatYouKill.java:186)
        at org.eclipse.jetty.util.thread.strategy.EatWhatYouKill.tryProduce(EatWhatYouKill.java:173)
        at org.eclipse.jetty.util.thread.strategy.EatWhatYouKill.produce(EatWhatYouKill.java:137)
        at org.eclipse.jetty.io.ManagedSelector$$Lambda$453/333825340.run(Unknown Source)
        at org.eclipse.jetty.util.thread.QueuedThreadPool.runJob(QueuedThreadPool.java:883)
        at org.eclipse.jetty.util.thread.QueuedThreadPool$Runner.run(QueuedThreadPool.java:1034)
        at java.lang.Thread.run(Thread.java:750)
"Command processor thread" daemon prio=5 tid=494 timed_waiting
java.lang.Thread.State: TIMED_WAITING
        at java.lang.Thread.sleep(Native Method)
        at org.apache.hadoop.ozone.container.common.statemachine.DatanodeStateMachine.lambda$initCommandHandlerThread$3(DatanodeStateMachine.java:655)
        at org.apache.hadoop.ozone.container.common.statemachine.DatanodeStateMachine$$Lambda$784/997861495.run(Unknown Source)
        at java.lang.Thread.run(Thread.java:750)
"Session-HouseKeeper-3a524179-1"  prio=5 tid=249 timed_waiting
java.lang.Thread.State: TIMED_WAITING
        at sun.misc.Unsafe.park(Native Method)
        at java.util.concurrent.locks.LockSupport.parkNanos(LockSupport.java:215)
        at java.util.concurrent.locks.AbstractQueuedSynchronizer$ConditionObject.awaitNanos(AbstractQueuedSynchronizer.java:2078)
        at java.util.concurrent.ScheduledThreadPoolExecutor$DelayedWorkQueue.take(ScheduledThreadPoolExecutor.java:1093)
        at java.util.concurrent.ScheduledThreadPoolExecutor$DelayedWorkQueue.take(ScheduledThreadPoolExecutor.java:809)
        at java.util.concurrent.ThreadPoolExecutor.getTask(ThreadPoolExecutor.java:1074)
        at java.util.concurrent.ThreadPoolExecutor.runWorker(ThreadPoolExecutor.java:1134)
        at java.util.concurrent.ThreadPoolExecutor$Worker.run(ThreadPoolExecutor.java:624)
        at java.lang.Thread.run(Thread.java:750)
"Datanode ReportManager Thread - 1" daemon prio=5 tid=412 timed_waiting
java.lang.Thread.State: TIMED_WAITING
        at sun.misc.Unsafe.park(Native Method)
        at java.util.concurrent.locks.LockSupport.parkNanos(LockSupport.java:215)
        at java.util.concurrent.locks.AbstractQueuedSynchronizer$ConditionObject.awaitNanos(AbstractQueuedSynchronizer.java:2078)
        at java.util.concurrent.ScheduledThreadPoolExecutor$DelayedWorkQueue.take(ScheduledThreadPoolExecutor.java:1093)
        at java.util.concurrent.ScheduledThreadPoolExecutor$DelayedWorkQueue.take(ScheduledThreadPoolExecutor.java:809)
        at java.util.concurrent.ThreadPoolExecutor.getTask(ThreadPoolExecutor.java:1074)
        at java.util.concurrent.ThreadPoolExecutor.runWorker(ThreadPoolExecutor.java:1134)
        at java.util.concurrent.ThreadPoolExecutor$Worker.run(ThreadPoolExecutor.java:624)
        at java.lang.Thread.run(Thread.java:750)
"Datanode State Machine Task Thread - 0"  prio=5 tid=202 in Object.wait()
java.lang.Thread.State: WAITING (on object monitor)
        at sun.misc.Unsafe.park(Native Method)
        at java.util.concurrent.locks.LockSupport.park(LockSupport.java:175)
        at java.util.concurrent.locks.AbstractQueuedSynchronizer$ConditionObject.await(AbstractQueuedSynchronizer.java:2039)
        at java.util.concurrent.LinkedBlockingQueue.take(LinkedBlockingQueue.java:442)
        at java.util.concurrent.ThreadPoolExecutor.getTask(ThreadPoolExecutor.java:1074)
        at java.util.concurrent.ThreadPoolExecutor.runWorker(ThreadPoolExecutor.java:1134)
        at java.util.concurrent.ThreadPoolExecutor$Worker.run(ThreadPoolExecutor.java:624)
        at java.lang.Thread.run(Thread.java:750)
"Datanode ReportManager Thread - 0" daemon prio=5 tid=305 in Object.wait()
java.lang.Thread.State: WAITING (on object monitor)
        at sun.misc.Unsafe.park(Native Method)
        at java.util.concurrent.locks.LockSupport.park(LockSupport.java:175)
        at java.util.concurrent.locks.AbstractQueuedSynchronizer$ConditionObject.await(AbstractQueuedSynchronizer.java:2039)
        at java.util.concurrent.ScheduledThreadPoolExecutor$DelayedWorkQueue.take(ScheduledThreadPoolExecutor.java:1088)
        at java.util.concurrent.ScheduledThreadPoolExecutor$DelayedWorkQueue.take(ScheduledThreadPoolExecutor.java:809)
        at java.util.concurrent.ThreadPoolExecutor.getTask(ThreadPoolExecutor.java:1074)
        at java.util.concurrent.ThreadPoolExecutor.runWorker(ThreadPoolExecutor.java:1134)
        at java.util.concurrent.ThreadPoolExecutor$Worker.run(ThreadPoolExecutor.java:624)
        at java.lang.Thread.run(Thread.java:750)
"BlockDeletingService#0" daemon prio=5 tid=445 in Object.wait()
java.lang.Thread.State: WAITING (on object monitor)
        at sun.misc.Unsafe.park(Native Method)
        at java.util.concurrent.locks.LockSupport.park(LockSupport.java:175)
        at java.util.concurrent.locks.AbstractQueuedSynchronizer$ConditionObject.await(AbstractQueuedSynchronizer.java:2039)
        at java.util.concurrent.ScheduledThreadPoolExecutor$DelayedWorkQueue.take(ScheduledThreadPoolExecutor.java:1088)
        at java.util.concurrent.ScheduledThreadPoolExecutor$DelayedWorkQueue.take(ScheduledThreadPoolExecutor.java:809)
        at java.util.concurrent.ThreadPoolExecutor.getTask(ThreadPoolExecutor.java:1074)
        at java.util.concurrent.ThreadPoolExecutor.runWorker(ThreadPoolExecutor.java:1134)
        at java.util.concurrent.ThreadPoolExecutor$Worker.run(ThreadPoolExecutor.java:624)
        at java.lang.Thread.run(Thread.java:750)
"BlockDeletingService#2" daemon prio=5 tid=983 in Object.wait()
java.lang.Thread.State: WAITING (on object monitor)
        at sun.misc.Unsafe.park(Native Method)
        at java.util.concurrent.locks.LockSupport.park(LockSupport.java:175)
        at java.util.concurrent.locks.AbstractQueuedSynchronizer$ConditionObject.await(AbstractQueuedSynchronizer.java:2039)
        at java.util.concurrent.ScheduledThreadPoolExecutor$DelayedWorkQueue.take(ScheduledThreadPoolExecutor.java:1088)
        at java.util.concurrent.ScheduledThreadPoolExecutor$DelayedWorkQueue.take(ScheduledThreadPoolExecutor.java:809)
        at java.util.concurrent.ThreadPoolExecutor.getTask(ThreadPoolExecutor.java:1074)
        at java.util.concurrent.ThreadPoolExecutor.runWorker(ThreadPoolExecutor.java:1134)
        at java.util.concurrent.ThreadPoolExecutor$Worker.run(ThreadPoolExecutor.java:624)
        at java.lang.Thread.run(Thread.java:750)
"IPC Server handler 3 on default port 46625" daemon prio=5 tid=157 timed_waiting
java.lang.Thread.State: TIMED_WAITING
        at sun.misc.Unsafe.park(Native Method)
        at java.util.concurrent.locks.LockSupport.parkNanos(LockSupport.java:215)
        at java.util.concurrent.locks.AbstractQueuedSynchronizer$ConditionObject.awaitNanos(AbstractQueuedSynchronizer.java:2078)
        at java.util.concurrent.LinkedBlockingQueue.poll(LinkedBlockingQueue.java:467)
        at org.apache.hadoop.ipc.CallQueueManager.take(CallQueueManager.java:317)
        at org.apache.hadoop.ipc.Server$Handler.run(Server.java:2942)
"qtp911648712-467" daemon prio=5 tid=467 runnable
java.lang.Thread.State: RUNNABLE
        at sun.nio.ch.EPollArrayWrapper.epollWait(Native Method)
        at sun.nio.ch.EPollArrayWrapper.poll(EPollArrayWrapper.java:269)
        at sun.nio.ch.EPollSelectorImpl.doSelect(EPollSelectorImpl.java:93)
        at sun.nio.ch.SelectorImpl.lockAndDoSelect(SelectorImpl.java:86)
        at sun.nio.ch.SelectorImpl.select(SelectorImpl.java:97)
        at sun.nio.ch.SelectorImpl.select(SelectorImpl.java:101)
        at org.eclipse.jetty.io.ManagedSelector.nioSelect(ManagedSelector.java:183)
        at org.eclipse.jetty.io.ManagedSelector.select(ManagedSelector.java:190)
        at org.eclipse.jetty.io.ManagedSelector$SelectorProducer.select(ManagedSelector.java:606)
        at org.eclipse.jetty.io.ManagedSelector$SelectorProducer.produce(ManagedSelector.java:543)
        at org.eclipse.jetty.util.thread.strategy.EatWhatYouKill.produceTask(EatWhatYouKill.java:362)
        at org.eclipse.jetty.util.thread.strategy.EatWhatYouKill.doProduce(EatWhatYouKill.java:186)
        at org.eclipse.jetty.util.thread.strategy.EatWhatYouKill.tryProduce(EatWhatYouKill.java:173)
        at org.eclipse.jetty.util.thread.strategy.EatWhatYouKill.produce(EatWhatYouKill.java:137)
        at org.eclipse.jetty.io.ManagedSelector$$Lambda$453/333825340.run(Unknown Source)
        at org.eclipse.jetty.util.thread.QueuedThreadPool.runJob(QueuedThreadPool.java:883)
        at org.eclipse.jetty.util.thread.QueuedThreadPool$Runner.run(QueuedThreadPool.java:1034)
        at java.lang.Thread.run(Thread.java:750)
"Datanode State Machine Task Thread - 0"  prio=5 tid=258 in Object.wait()
java.lang.Thread.State: WAITING (on object monitor)
        at sun.misc.Unsafe.park(Native Method)
        at java.util.concurrent.locks.LockSupport.park(LockSupport.java:175)
        at java.util.concurrent.locks.AbstractQueuedSynchronizer$ConditionObject.await(AbstractQueuedSynchronizer.java:2039)
        at java.util.concurrent.LinkedBlockingQueue.take(LinkedBlockingQueue.java:442)
        at java.util.concurrent.ThreadPoolExecutor.getTask(ThreadPoolExecutor.java:1074)
        at java.util.concurrent.ThreadPoolExecutor.runWorker(ThreadPoolExecutor.java:1134)
        at java.util.concurrent.ThreadPoolExecutor$Worker.run(ThreadPoolExecutor.java:624)
        at java.lang.Thread.run(Thread.java:750)
"Finalizer" daemon prio=8 tid=3 in Object.wait()
java.lang.Thread.State: WAITING (on object monitor)
        at java.lang.Object.wait(Native Method)
        at java.lang.ref.ReferenceQueue.remove(ReferenceQueue.java:144)
        at java.lang.ref.ReferenceQueue.remove(ReferenceQueue.java:165)
        at java.lang.ref.Finalizer$FinalizerThread.run(Finalizer.java:188)
"93701946-f5e3-4943-a932-e133db5deae9-server-thread3" daemon prio=5 tid=898 timed_waiting
java.lang.Thread.State: TIMED_WAITING
        at sun.misc.Unsafe.park(Native Method)
        at java.util.concurrent.locks.LockSupport.parkNanos(LockSupport.java:215)
        at java.util.concurrent.SynchronousQueue$TransferStack.awaitFulfill(SynchronousQueue.java:460)
        at java.util.concurrent.SynchronousQueue$TransferStack.transfer(SynchronousQueue.java:362)
        at java.util.concurrent.SynchronousQueue.poll(SynchronousQueue.java:941)
        at java.util.concurrent.ThreadPoolExecutor.getTask(ThreadPoolExecutor.java:1073)
        at java.util.concurrent.ThreadPoolExecutor.runWorker(ThreadPoolExecutor.java:1134)
        at java.util.concurrent.ThreadPoolExecutor$Worker.run(ThreadPoolExecutor.java:624)
        at java.lang.Thread.run(Thread.java:750)
"pool-156-thread-1" daemon prio=5 tid=289 timed_waiting
java.lang.Thread.State: TIMED_WAITING
        at sun.misc.Unsafe.park(Native Method)
        at java.util.concurrent.locks.LockSupport.parkNanos(LockSupport.java:215)
        at java.util.concurrent.locks.AbstractQueuedSynchronizer$ConditionObject.awaitNanos(AbstractQueuedSynchronizer.java:2078)
        at java.util.concurrent.ScheduledThreadPoolExecutor$DelayedWorkQueue.take(ScheduledThreadPoolExecutor.java:1093)
        at java.util.concurrent.ScheduledThreadPoolExecutor$DelayedWorkQueue.take(ScheduledThreadPoolExecutor.java:809)
        at java.util.concurrent.ThreadPoolExecutor.getTask(ThreadPoolExecutor.java:1074)
        at java.util.concurrent.ThreadPoolExecutor.runWorker(ThreadPoolExecutor.java:1134)
        at java.util.concurrent.ThreadPoolExecutor$Worker.run(ThreadPoolExecutor.java:624)
        at java.lang.Thread.run(Thread.java:750)
"qtp911648712-470" daemon prio=5 tid=470 timed_waiting
java.lang.Thread.State: TIMED_WAITING
        at sun.misc.Unsafe.park(Native Method)
        at java.util.concurrent.locks.LockSupport.parkNanos(LockSupport.java:215)
        at java.util.concurrent.locks.AbstractQueuedSynchronizer$ConditionObject.awaitNanos(AbstractQueuedSynchronizer.java:2078)
        at org.eclipse.jetty.util.BlockingArrayQueue.poll(BlockingArrayQueue.java:382)
        at org.eclipse.jetty.util.thread.QueuedThreadPool$Runner.idleJobPoll(QueuedThreadPool.java:974)
        at org.eclipse.jetty.util.thread.QueuedThreadPool$Runner.run(QueuedThreadPool.java:1018)
        at java.lang.Thread.run(Thread.java:750)
"Datanode ReportManager Thread - 3" daemon prio=5 tid=281 timed_waiting
java.lang.Thread.State: TIMED_WAITING
        at sun.misc.Unsafe.park(Native Method)
        at java.util.concurrent.locks.LockSupport.parkNanos(LockSupport.java:215)
        at java.util.concurrent.locks.AbstractQueuedSynchronizer$ConditionObject.awaitNanos(AbstractQueuedSynchronizer.java:2078)
        at java.util.concurrent.ScheduledThreadPoolExecutor$DelayedWorkQueue.take(ScheduledThreadPoolExecutor.java:1093)
        at java.util.concurrent.ScheduledThreadPoolExecutor$DelayedWorkQueue.take(ScheduledThreadPoolExecutor.java:809)
        at java.util.concurrent.ThreadPoolExecutor.getTask(ThreadPoolExecutor.java:1074)
        at java.util.concurrent.ThreadPoolExecutor.runWorker(ThreadPoolExecutor.java:1134)
        at java.util.concurrent.ThreadPoolExecutor$Worker.run(ThreadPoolExecutor.java:624)
        at java.lang.Thread.run(Thread.java:750)
"qtp1523286511-359" daemon prio=5 tid=359 timed_waiting
java.lang.Thread.State: TIMED_WAITING
        at sun.misc.Unsafe.park(Native Method)
        at java.util.concurrent.locks.LockSupport.parkNanos(LockSupport.java:215)
        at java.util.concurrent.locks.AbstractQueuedSynchronizer$ConditionObject.awaitNanos(AbstractQueuedSynchronizer.java:2078)
        at org.eclipse.jetty.util.BlockingArrayQueue.poll(BlockingArrayQueue.java:382)
        at org.eclipse.jetty.util.thread.QueuedThreadPool$Runner.idleJobPoll(QueuedThreadPool.java:974)
        at org.eclipse.jetty.util.thread.QueuedThreadPool$Runner.run(QueuedThreadPool.java:1018)
        at java.lang.Thread.run(Thread.java:750)
"StaleRecoveringContainerScrubbingService#7" daemon prio=5 tid=999 in Object.wait()
java.lang.Thread.State: WAITING (on object monitor)
        at sun.misc.Unsafe.park(Native Method)
        at java.util.concurrent.locks.LockSupport.park(LockSupport.java:175)
        at java.util.concurrent.locks.AbstractQueuedSynchronizer$ConditionObject.await(AbstractQueuedSynchronizer.java:2039)
        at java.util.concurrent.ScheduledThreadPoolExecutor$DelayedWorkQueue.take(ScheduledThreadPoolExecutor.java:1088)
        at java.util.concurrent.ScheduledThreadPoolExecutor$DelayedWorkQueue.take(ScheduledThreadPoolExecutor.java:809)
        at java.util.concurrent.ThreadPoolExecutor.getTask(ThreadPoolExecutor.java:1074)
        at java.util.concurrent.ThreadPoolExecutor.runWorker(ThreadPoolExecutor.java:1134)
        at java.util.concurrent.ThreadPoolExecutor$Worker.run(ThreadPoolExecutor.java:624)
        at java.lang.Thread.run(Thread.java:750)
"StaleRecoveringContainerScrubbingService#4" daemon prio=5 tid=959 in Object.wait()
java.lang.Thread.State: WAITING (on object monitor)
        at sun.misc.Unsafe.park(Native Method)
        at java.util.concurrent.locks.LockSupport.park(LockSupport.java:175)
        at java.util.concurrent.locks.AbstractQueuedSynchronizer$ConditionObject.await(AbstractQueuedSynchronizer.java:2039)
        at java.util.concurrent.ScheduledThreadPoolExecutor$DelayedWorkQueue.take(ScheduledThreadPoolExecutor.java:1088)
        at java.util.concurrent.ScheduledThreadPoolExecutor$DelayedWorkQueue.take(ScheduledThreadPoolExecutor.java:809)
        at java.util.concurrent.ThreadPoolExecutor.getTask(ThreadPoolExecutor.java:1074)
        at java.util.concurrent.ThreadPoolExecutor.runWorker(ThreadPoolExecutor.java:1134)
        at java.util.concurrent.ThreadPoolExecutor$Worker.run(ThreadPoolExecutor.java:624)
        at java.lang.Thread.run(Thread.java:750)
"IPC Server handler 19 on default port 38451" daemon prio=5 tid=85 timed_waiting
java.lang.Thread.State: TIMED_WAITING
        at sun.misc.Unsafe.park(Native Method)
        at java.util.concurrent.locks.LockSupport.parkNanos(LockSupport.java:215)
        at java.util.concurrent.locks.AbstractQueuedSynchronizer$ConditionObject.awaitNanos(AbstractQueuedSynchronizer.java:2078)
        at java.util.concurrent.LinkedBlockingQueue.poll(LinkedBlockingQueue.java:467)
        at org.apache.hadoop.ipc.CallQueueManager.take(CallQueueManager.java:317)
        at org.apache.hadoop.ipc.Server$Handler.run(Server.java:2942)
"StaleRecoveringContainerScrubbingService#3" daemon prio=5 tid=886 in Object.wait()
java.lang.Thread.State: WAITING (on object monitor)
        at sun.misc.Unsafe.park(Native Method)
        at java.util.concurrent.locks.LockSupport.park(LockSupport.java:175)
        at java.util.concurrent.locks.AbstractQueuedSynchronizer$ConditionObject.await(AbstractQueuedSynchronizer.java:2039)
        at java.util.concurrent.ScheduledThreadPoolExecutor$DelayedWorkQueue.take(ScheduledThreadPoolExecutor.java:1088)
        at java.util.concurrent.ScheduledThreadPoolExecutor$DelayedWorkQueue.take(ScheduledThreadPoolExecutor.java:809)
        at java.util.concurrent.ThreadPoolExecutor.getTask(ThreadPoolExecutor.java:1074)
        at java.util.concurrent.ThreadPoolExecutor.runWorker(ThreadPoolExecutor.java:1134)
        at java.util.concurrent.ThreadPoolExecutor$Worker.run(ThreadPoolExecutor.java:624)
        at java.lang.Thread.run(Thread.java:750)
"BlockDeletingService#1" daemon prio=5 tid=486 timed_waiting
java.lang.Thread.State: TIMED_WAITING
        at sun.misc.Unsafe.park(Native Method)
        at java.util.concurrent.locks.LockSupport.parkNanos(LockSupport.java:215)
        at java.util.concurrent.locks.AbstractQueuedSynchronizer$ConditionObject.awaitNanos(AbstractQueuedSynchronizer.java:2078)
        at java.util.concurrent.ScheduledThreadPoolExecutor$DelayedWorkQueue.take(ScheduledThreadPoolExecutor.java:1093)
        at java.util.concurrent.ScheduledThreadPoolExecutor$DelayedWorkQueue.take(ScheduledThreadPoolExecutor.java:809)
        at java.util.concurrent.ThreadPoolExecutor.getTask(ThreadPoolExecutor.java:1074)
        at java.util.concurrent.ThreadPoolExecutor.runWorker(ThreadPoolExecutor.java:1134)
        at java.util.concurrent.ThreadPoolExecutor$Worker.run(ThreadPoolExecutor.java:624)
        at java.lang.Thread.run(Thread.java:750)
"org.apache.hadoop.ozone.container.common.statemachine.commandhandler.DeleteBlocksCommandHandler$DeleteCmdWorker@46aa0289" daemon prio=5 tid=350 timed_waiting
java.lang.Thread.State: TIMED_WAITING
        at java.lang.Thread.sleep(Native Method)
        at org.apache.hadoop.ozone.container.common.statemachine.commandhandler.DeleteBlocksCommandHandler$DeleteCmdWorker.run(DeleteBlocksCommandHandler.java:184)
        at java.lang.Thread.run(Thread.java:750)
"IPC Server handler 10 on default port 44923" daemon prio=5 tid=96 timed_waiting
java.lang.Thread.State: TIMED_WAITING
        at sun.misc.Unsafe.park(Native Method)
        at java.util.concurrent.locks.LockSupport.parkNanos(LockSupport.java:215)
        at java.util.concurrent.locks.AbstractQueuedSynchronizer$ConditionObject.awaitNanos(AbstractQueuedSynchronizer.java:2078)
        at java.util.concurrent.LinkedBlockingQueue.poll(LinkedBlockingQueue.java:467)
        at org.apache.hadoop.ipc.CallQueueManager.take(CallQueueManager.java:317)
        at org.apache.hadoop.ipc.Server$Handler.run(Server.java:2942)
"IPC Server handler 16 on default port 40091" daemon prio=5 tid=62 timed_waiting
java.lang.Thread.State: TIMED_WAITING
        at sun.misc.Unsafe.park(Native Method)
        at java.util.concurrent.locks.LockSupport.parkNanos(LockSupport.java:215)
        at java.util.concurrent.locks.AbstractQueuedSynchronizer$ConditionObject.awaitNanos(AbstractQueuedSynchronizer.java:2078)
        at java.util.concurrent.LinkedBlockingQueue.poll(LinkedBlockingQueue.java:467)
        at org.apache.hadoop.ipc.CallQueueManager.take(CallQueueManager.java:317)
        at org.apache.hadoop.ipc.Server$Handler.run(Server.java:2942)
"RatisPipelineUtilsThread - 0"  prio=5 tid=15 timed_waiting
java.lang.Thread.State: TIMED_WAITING
        at java.lang.Object.wait(Native Method)
        at org.apache.hadoop.hdds.scm.pipeline.BackgroundPipelineCreator.run(BackgroundPipelineCreator.java:176)
        at org.apache.hadoop.hdds.scm.pipeline.BackgroundPipelineCreator$$Lambda$380/25630139.run(Unknown Source)
        at java.lang.Thread.run(Thread.java:750)
"Datanode ReportManager Thread - 4" daemon prio=5 tid=415 in Object.wait()
java.lang.Thread.State: WAITING (on object monitor)
        at sun.misc.Unsafe.park(Native Method)
        at java.util.concurrent.locks.LockSupport.park(LockSupport.java:175)
        at java.util.concurrent.locks.AbstractQueuedSynchronizer$ConditionObject.await(AbstractQueuedSynchronizer.java:2039)
        at java.util.concurrent.ScheduledThreadPoolExecutor$DelayedWorkQueue.take(ScheduledThreadPoolExecutor.java:1088)
        at java.util.concurrent.ScheduledThreadPoolExecutor$DelayedWorkQueue.take(ScheduledThreadPoolExecutor.java:809)
        at java.util.concurrent.ThreadPoolExecutor.getTask(ThreadPoolExecutor.java:1074)
        at java.util.concurrent.ThreadPoolExecutor.runWorker(ThreadPoolExecutor.java:1134)
        at java.util.concurrent.ThreadPoolExecutor$Worker.run(ThreadPoolExecutor.java:624)
        at java.lang.Thread.run(Thread.java:750)
"EndpointStateMachine task thread for /0.0.0.0:44923 - 0 "  prio=5 tid=477 in Object.wait()
java.lang.Thread.State: WAITING (on object monitor)
        at sun.misc.Unsafe.park(Native Method)
        at java.util.concurrent.locks.LockSupport.park(LockSupport.java:175)
        at java.util.concurrent.locks.AbstractQueuedSynchronizer$ConditionObject.await(AbstractQueuedSynchronizer.java:2039)
        at java.util.concurrent.LinkedBlockingQueue.take(LinkedBlockingQueue.java:442)
        at java.util.concurrent.ThreadPoolExecutor.getTask(ThreadPoolExecutor.java:1074)
        at java.util.concurrent.ThreadPoolExecutor.runWorker(ThreadPoolExecutor.java:1134)
        at java.util.concurrent.ThreadPoolExecutor$Worker.run(ThreadPoolExecutor.java:624)
        at java.lang.Thread.run(Thread.java:750)
"qtp1523286511-355" daemon prio=5 tid=355 timed_waiting
java.lang.Thread.State: TIMED_WAITING
        at sun.misc.Unsafe.park(Native Method)
        at java.util.concurrent.locks.LockSupport.parkNanos(LockSupport.java:215)
        at java.util.concurrent.locks.AbstractQueuedSynchronizer$ConditionObject.awaitNanos(AbstractQueuedSynchronizer.java:2078)
        at org.eclipse.jetty.util.BlockingArrayQueue.poll(BlockingArrayQueue.java:382)
        at org.eclipse.jetty.util.thread.QueuedThreadPool$Runner.idleJobPoll(QueuedThreadPool.java:974)
        at org.eclipse.jetty.util.thread.QueuedThreadPool$Runner.run(QueuedThreadPool.java:1018)
        at java.lang.Thread.run(Thread.java:750)
"93701946-f5e3-4943-a932-e133db5deae9-NettyServerStreamRpc-bossGroup--thread1"  prio=5 tid=237 runnable
java.lang.Thread.State: RUNNABLE
        at sun.nio.ch.EPollArrayWrapper.epollWait(Native Method)
        at sun.nio.ch.EPollArrayWrapper.poll(EPollArrayWrapper.java:269)
        at sun.nio.ch.EPollSelectorImpl.doSelect(EPollSelectorImpl.java:93)
        at sun.nio.ch.SelectorImpl.lockAndDoSelect(SelectorImpl.java:86)
        at sun.nio.ch.SelectorImpl.select(SelectorImpl.java:97)
        at sun.nio.ch.SelectorImpl.select(SelectorImpl.java:101)
        at org.apache.ratis.thirdparty.io.netty.channel.nio.SelectedSelectionKeySetSelector.select(SelectedSelectionKeySetSelector.java:68)
        at org.apache.ratis.thirdparty.io.netty.channel.nio.NioEventLoop.select(NioEventLoop.java:813)
        at org.apache.ratis.thirdparty.io.netty.channel.nio.NioEventLoop.run(NioEventLoop.java:460)
        at org.apache.ratis.thirdparty.io.netty.util.concurrent.SingleThreadEventExecutor$4.run(SingleThreadEventExecutor.java:995)
        at org.apache.ratis.thirdparty.io.netty.util.internal.ThreadExecutorMap$2.run(ThreadExecutorMap.java:74)
        at java.lang.Thread.run(Thread.java:750)
"7141d06d-71d8-4a56-9b5d-23c6772b1ac6@group-34335D786654-StateMachineUpdater" daemon prio=5 tid=595 timed_waiting
java.lang.Thread.State: TIMED_WAITING
        at sun.misc.Unsafe.park(Native Method)
        at java.util.concurrent.locks.LockSupport.parkNanos(LockSupport.java:215)
        at java.util.concurrent.locks.AbstractQueuedSynchronizer$ConditionObject.await(AbstractQueuedSynchronizer.java:2163)
        at org.apache.ratis.util.AwaitForSignal.await(AwaitForSignal.java:62)
        at org.apache.ratis.server.impl.StateMachineUpdater.waitForCommit(StateMachineUpdater.java:207)
        at org.apache.ratis.server.impl.StateMachineUpdater.run(StateMachineUpdater.java:176)
        at java.lang.Thread.run(Thread.java:750)
"pool-126-thread-1"  prio=5 tid=240 timed_waiting
java.lang.Thread.State: TIMED_WAITING
        at sun.misc.Unsafe.park(Native Method)
        at java.util.concurrent.locks.LockSupport.parkNanos(LockSupport.java:215)
        at java.util.concurrent.locks.AbstractQueuedSynchronizer$ConditionObject.awaitNanos(AbstractQueuedSynchronizer.java:2078)
        at java.util.concurrent.ScheduledThreadPoolExecutor$DelayedWorkQueue.take(ScheduledThreadPoolExecutor.java:1093)
        at java.util.concurrent.ScheduledThreadPoolExecutor$DelayedWorkQueue.take(ScheduledThreadPoolExecutor.java:809)
        at java.util.concurrent.ThreadPoolExecutor.getTask(ThreadPoolExecutor.java:1074)
        at java.util.concurrent.ThreadPoolExecutor.runWorker(ThreadPoolExecutor.java:1134)
        at java.util.concurrent.ThreadPoolExecutor$Worker.run(ThreadPoolExecutor.java:624)
        at java.lang.Thread.run(Thread.java:750)
"qtp634225415-272" daemon prio=5 tid=272 timed_waiting
java.lang.Thread.State: TIMED_WAITING
        at sun.misc.Unsafe.park(Native Method)
        at java.util.concurrent.locks.LockSupport.parkNanos(LockSupport.java:215)
        at java.util.concurrent.locks.AbstractQueuedSynchronizer$ConditionObject.awaitNanos(AbstractQueuedSynchronizer.java:2078)
        at org.eclipse.jetty.util.BlockingArrayQueue.poll(BlockingArrayQueue.java:382)
        at org.eclipse.jetty.util.thread.QueuedThreadPool$Runner.idleJobPoll(QueuedThreadPool.java:974)
        at org.eclipse.jetty.util.thread.QueuedThreadPool$Runner.run(QueuedThreadPool.java:1018)
        at java.lang.Thread.run(Thread.java:750)
"ChunkWriter-1-0" daemon prio=5 tid=440 in Object.wait()
java.lang.Thread.State: WAITING (on object monitor)
        at sun.misc.Unsafe.park(Native Method)
        at java.util.concurrent.locks.LockSupport.park(LockSupport.java:175)
        at java.util.concurrent.locks.AbstractQueuedSynchronizer$ConditionObject.await(AbstractQueuedSynchronizer.java:2039)
        at java.util.concurrent.LinkedBlockingDeque.takeFirst(LinkedBlockingDeque.java:492)
        at java.util.concurrent.LinkedBlockingDeque.take(LinkedBlockingDeque.java:680)
        at java.util.concurrent.ThreadPoolExecutor.getTask(ThreadPoolExecutor.java:1074)
        at java.util.concurrent.ThreadPoolExecutor.runWorker(ThreadPoolExecutor.java:1134)
        at java.util.concurrent.ThreadPoolExecutor$Worker.run(ThreadPoolExecutor.java:624)
        at java.lang.Thread.run(Thread.java:750)
"StaleRecoveringContainerScrubbingService#8" daemon prio=5 tid=1001 in Object.wait()
java.lang.Thread.State: WAITING (on object monitor)
        at sun.misc.Unsafe.park(Native Method)
        at java.util.concurrent.locks.LockSupport.park(LockSupport.java:175)
        at java.util.concurrent.locks.AbstractQueuedSynchronizer$ConditionObject.await(AbstractQueuedSynchronizer.java:2039)
        at java.util.concurrent.ScheduledThreadPoolExecutor$DelayedWorkQueue.take(ScheduledThreadPoolExecutor.java:1088)
        at java.util.concurrent.ScheduledThreadPoolExecutor$DelayedWorkQueue.take(ScheduledThreadPoolExecutor.java:809)
        at java.util.concurrent.ThreadPoolExecutor.getTask(ThreadPoolExecutor.java:1074)
        at java.util.concurrent.ThreadPoolExecutor.runWorker(ThreadPoolExecutor.java:1134)
        at java.util.concurrent.ThreadPoolExecutor$Worker.run(ThreadPoolExecutor.java:624)
        at java.lang.Thread.run(Thread.java:750)
"StaleRecoveringContainerScrubbingService#9" daemon prio=5 tid=1012 in Object.wait()
java.lang.Thread.State: WAITING (on object monitor)
        at sun.misc.Unsafe.park(Native Method)
        at java.util.concurrent.locks.LockSupport.park(LockSupport.java:175)
        at java.util.concurrent.locks.AbstractQueuedSynchronizer$ConditionObject.await(AbstractQueuedSynchronizer.java:2039)
        at java.util.concurrent.ScheduledThreadPoolExecutor$DelayedWorkQueue.take(ScheduledThreadPoolExecutor.java:1088)
        at java.util.concurrent.ScheduledThreadPoolExecutor$DelayedWorkQueue.take(ScheduledThreadPoolExecutor.java:809)
        at java.util.concurrent.ThreadPoolExecutor.getTask(ThreadPoolExecutor.java:1074)
        at java.util.concurrent.ThreadPoolExecutor.runWorker(ThreadPoolExecutor.java:1134)
        at java.util.concurrent.ThreadPoolExecutor$Worker.run(ThreadPoolExecutor.java:624)
        at java.lang.Thread.run(Thread.java:750)
"StaleRecoveringContainerScrubbingService#6" daemon prio=5 tid=975 in Object.wait()
java.lang.Thread.State: WAITING (on object monitor)
        at sun.misc.Unsafe.park(Native Method)
        at java.util.concurrent.locks.LockSupport.park(LockSupport.java:175)
        at java.util.concurrent.locks.AbstractQueuedSynchronizer$ConditionObject.await(AbstractQueuedSynchronizer.java:2039)
        at java.util.concurrent.ScheduledThreadPoolExecutor$DelayedWorkQueue.take(ScheduledThreadPoolExecutor.java:1088)
        at java.util.concurrent.ScheduledThreadPoolExecutor$DelayedWorkQueue.take(ScheduledThreadPoolExecutor.java:809)
        at java.util.concurrent.ThreadPoolExecutor.getTask(ThreadPoolExecutor.java:1074)
        at java.util.concurrent.ThreadPoolExecutor.runWorker(ThreadPoolExecutor.java:1134)
        at java.util.concurrent.ThreadPoolExecutor$Worker.run(ThreadPoolExecutor.java:624)
        at java.lang.Thread.run(Thread.java:750)
"qtp1564510985-213-acceptor-0@41b17618-ServerConnector@29b0a02d{HTTP/1.1, (http/1.1)}{0.0.0.0:33797}" daemon prio=3 tid=213 runnable
java.lang.Thread.State: RUNNABLE
        at sun.nio.ch.ServerSocketChannelImpl.accept0(Native Method)
        at sun.nio.ch.ServerSocketChannelImpl.accept(ServerSocketChannelImpl.java:421)
        at sun.nio.ch.ServerSocketChannelImpl.accept(ServerSocketChannelImpl.java:249)
        at org.eclipse.jetty.server.ServerConnector.accept(ServerConnector.java:388)
        at org.eclipse.jetty.server.AbstractConnector$Acceptor.run(AbstractConnector.java:704)
        at org.eclipse.jetty.util.thread.QueuedThreadPool.runJob(QueuedThreadPool.java:883)
        at org.eclipse.jetty.util.thread.QueuedThreadPool$Runner.run(QueuedThreadPool.java:1034)
        at java.lang.Thread.run(Thread.java:750)
"IPC Server handler 2 on default port 46625" daemon prio=5 tid=156 timed_waiting
java.lang.Thread.State: TIMED_WAITING
        at sun.misc.Unsafe.park(Native Method)
        at java.util.concurrent.locks.LockSupport.parkNanos(LockSupport.java:215)
        at java.util.concurrent.locks.AbstractQueuedSynchronizer$ConditionObject.awaitNanos(AbstractQueuedSynchronizer.java:2078)
        at java.util.concurrent.LinkedBlockingQueue.poll(LinkedBlockingQueue.java:467)
        at org.apache.hadoop.ipc.CallQueueManager.take(CallQueueManager.java:317)
        at org.apache.hadoop.ipc.Server$Handler.run(Server.java:2942)
"IPC Server handler 9 on default port 46625" daemon prio=5 tid=163 timed_waiting
java.lang.Thread.State: TIMED_WAITING
        at sun.misc.Unsafe.park(Native Method)
        at java.util.concurrent.locks.LockSupport.parkNanos(LockSupport.java:215)
        at java.util.concurrent.locks.AbstractQueuedSynchronizer$ConditionObject.awaitNanos(AbstractQueuedSynchronizer.java:2078)
        at java.util.concurrent.LinkedBlockingQueue.poll(LinkedBlockingQueue.java:467)
        at org.apache.hadoop.ipc.CallQueueManager.take(CallQueueManager.java:317)
        at org.apache.hadoop.ipc.Server$Handler.run(Server.java:2942)
"BlockDeletingService#0" daemon prio=5 tid=572 in Object.wait()
java.lang.Thread.State: WAITING (on object monitor)
        at sun.misc.Unsafe.park(Native Method)
        at java.util.concurrent.locks.LockSupport.park(LockSupport.java:175)
        at java.util.concurrent.locks.AbstractQueuedSynchronizer$ConditionObject.await(AbstractQueuedSynchronizer.java:2039)
        at java.util.concurrent.ScheduledThreadPoolExecutor$DelayedWorkQueue.take(ScheduledThreadPoolExecutor.java:1088)
        at java.util.concurrent.ScheduledThreadPoolExecutor$DelayedWorkQueue.take(ScheduledThreadPoolExecutor.java:809)
        at java.util.concurrent.ThreadPoolExecutor.getTask(ThreadPoolExecutor.java:1074)
        at java.util.concurrent.ThreadPoolExecutor.runWorker(ThreadPoolExecutor.java:1134)
        at java.util.concurrent.ThreadPoolExecutor$Worker.run(ThreadPoolExecutor.java:624)
        at java.lang.Thread.run(Thread.java:750)
"qtp654838366-391" daemon prio=5 tid=391 timed_waiting
java.lang.Thread.State: TIMED_WAITING
        at sun.misc.Unsafe.park(Native Method)
        at java.util.concurrent.locks.LockSupport.parkNanos(LockSupport.java:215)
        at java.util.concurrent.locks.AbstractQueuedSynchronizer$ConditionObject.awaitNanos(AbstractQueuedSynchronizer.java:2078)
        at org.eclipse.jetty.util.BlockingArrayQueue.poll(BlockingArrayQueue.java:382)
        at org.eclipse.jetty.util.thread.QueuedThreadPool$Runner.idleJobPoll(QueuedThreadPool.java:974)
        at org.eclipse.jetty.util.thread.QueuedThreadPool$Runner.run(QueuedThreadPool.java:1018)
        at java.lang.Thread.run(Thread.java:750)
"cf1032d2-0037-4a0c-94af-232c62b39d0f@group-40958CFD57C9-SegmentedRaftLogWorker"  prio=5 tid=685 timed_waiting
java.lang.Thread.State: TIMED_WAITING
        at sun.misc.Unsafe.park(Native Method)
        at java.util.concurrent.locks.LockSupport.parkNanos(LockSupport.java:215)
        at java.util.concurrent.locks.AbstractQueuedSynchronizer$ConditionObject.awaitNanos(AbstractQueuedSynchronizer.java:2078)
        at org.apache.ratis.util.DataBlockingQueue.poll(DataBlockingQueue.java:148)
        at org.apache.ratis.server.raftlog.segmented.SegmentedRaftLogWorker.run(SegmentedRaftLogWorker.java:312)
        at org.apache.ratis.server.raftlog.segmented.SegmentedRaftLogWorker$$Lambda$693/570605234.run(Unknown Source)
        at java.lang.Thread.run(Thread.java:750)
"StaleRecoveringContainerScrubbingService#1" daemon prio=5 tid=575 in Object.wait()
java.lang.Thread.State: WAITING (on object monitor)
        at sun.misc.Unsafe.park(Native Method)
        at java.util.concurrent.locks.LockSupport.park(LockSupport.java:175)
        at java.util.concurrent.locks.AbstractQueuedSynchronizer$ConditionObject.await(AbstractQueuedSynchronizer.java:2039)
        at java.util.concurrent.ScheduledThreadPoolExecutor$DelayedWorkQueue.take(ScheduledThreadPoolExecutor.java:1088)
        at java.util.concurrent.ScheduledThreadPoolExecutor$DelayedWorkQueue.take(ScheduledThreadPoolExecutor.java:809)
        at java.util.concurrent.ThreadPoolExecutor.getTask(ThreadPoolExecutor.java:1074)
        at java.util.concurrent.ThreadPoolExecutor.runWorker(ThreadPoolExecutor.java:1134)
        at java.util.concurrent.ThreadPoolExecutor$Worker.run(ThreadPoolExecutor.java:624)
        at java.lang.Thread.run(Thread.java:750)
"qtp567908971-189" daemon prio=5 tid=189 timed_waiting
java.lang.Thread.State: TIMED_WAITING
        at sun.misc.Unsafe.park(Native Method)
        at java.util.concurrent.locks.LockSupport.parkNanos(LockSupport.java:215)
        at java.util.concurrent.locks.AbstractQueuedSynchronizer$ConditionObject.awaitNanos(AbstractQueuedSynchronizer.java:2078)
        at org.eclipse.jetty.util.BlockingArrayQueue.poll(BlockingArrayQueue.java:382)
        at org.eclipse.jetty.util.thread.QueuedThreadPool$Runner.idleJobPoll(QueuedThreadPool.java:974)
        at org.eclipse.jetty.util.thread.QueuedThreadPool$Runner.run(QueuedThreadPool.java:1018)
        at java.lang.Thread.run(Thread.java:750)
"JvmPauseMonitor8" daemon prio=5 tid=546 timed_waiting
java.lang.Thread.State: TIMED_WAITING
        at java.lang.Thread.sleep(Native Method)
        at java.lang.Thread.sleep(Thread.java:342)
        at java.util.concurrent.TimeUnit.sleep(TimeUnit.java:386)
        at org.apache.ratis.util.TimeDuration.sleep(TimeDuration.java:325)
        at org.apache.ratis.util.TimeDuration.sleep(TimeDuration.java:310)
        at org.apache.ratis.util.JvmPauseMonitor.detectPause(JvmPauseMonitor.java:119)
        at org.apache.ratis.util.JvmPauseMonitor.run(JvmPauseMonitor.java:108)
        at org.apache.ratis.util.JvmPauseMonitor$$Lambda$734/1944085370.run(Unknown Source)
        at java.lang.Thread.run(Thread.java:750)
"Datanode ReportManager Thread - 2" daemon prio=5 tid=253 in Object.wait()
java.lang.Thread.State: WAITING (on object monitor)
        at sun.misc.Unsafe.park(Native Method)
        at java.util.concurrent.locks.LockSupport.park(LockSupport.java:175)
        at java.util.concurrent.locks.AbstractQueuedSynchronizer$ConditionObject.await(AbstractQueuedSynchronizer.java:2039)
        at java.util.concurrent.ScheduledThreadPoolExecutor$DelayedWorkQueue.take(ScheduledThreadPoolExecutor.java:1088)
        at java.util.concurrent.ScheduledThreadPoolExecutor$DelayedWorkQueue.take(ScheduledThreadPoolExecutor.java:809)
        at java.util.concurrent.ThreadPoolExecutor.getTask(ThreadPoolExecutor.java:1074)
        at java.util.concurrent.ThreadPoolExecutor.runWorker(ThreadPoolExecutor.java:1134)
        at java.util.concurrent.ThreadPoolExecutor$Worker.run(ThreadPoolExecutor.java:624)
        at java.lang.Thread.run(Thread.java:750)
"3f0205b3-740b-4219-bfdb-76da739fef9e@group-9526E230C616-SegmentedRaftLogWorker"  prio=5 tid=624 timed_waiting
java.lang.Thread.State: TIMED_WAITING
        at sun.misc.Unsafe.park(Native Method)
        at java.util.concurrent.locks.LockSupport.parkNanos(LockSupport.java:215)
        at java.util.concurrent.locks.AbstractQueuedSynchronizer$ConditionObject.awaitNanos(AbstractQueuedSynchronizer.java:2078)
        at org.apache.ratis.util.DataBlockingQueue.poll(DataBlockingQueue.java:148)
        at org.apache.ratis.server.raftlog.segmented.SegmentedRaftLogWorker.run(SegmentedRaftLogWorker.java:312)
        at org.apache.ratis.server.raftlog.segmented.SegmentedRaftLogWorker$$Lambda$693/570605234.run(Unknown Source)
        at java.lang.Thread.run(Thread.java:750)
"qtp321206983-152" daemon prio=5 tid=152 timed_waiting
java.lang.Thread.State: TIMED_WAITING
        at sun.misc.Unsafe.park(Native Method)
        at java.util.concurrent.locks.LockSupport.parkNanos(LockSupport.java:215)
        at java.util.concurrent.locks.AbstractQueuedSynchronizer$ConditionObject.awaitNanos(AbstractQueuedSynchronizer.java:2078)
        at org.eclipse.jetty.util.BlockingArrayQueue.poll(BlockingArrayQueue.java:382)
        at org.eclipse.jetty.util.thread.QueuedThreadPool$Runner.idleJobPoll(QueuedThreadPool.java:974)
        at org.eclipse.jetty.util.thread.QueuedThreadPool$Runner.run(QueuedThreadPool.java:1018)
        at java.lang.Thread.run(Thread.java:750)
"qtp634480856-322" daemon prio=5 tid=322 runnable
java.lang.Thread.State: RUNNABLE
        at sun.nio.ch.EPollArrayWrapper.epollWait(Native Method)
        at sun.nio.ch.EPollArrayWrapper.poll(EPollArrayWrapper.java:269)
        at sun.nio.ch.EPollSelectorImpl.doSelect(EPollSelectorImpl.java:93)
        at sun.nio.ch.SelectorImpl.lockAndDoSelect(SelectorImpl.java:86)
        at sun.nio.ch.SelectorImpl.select(SelectorImpl.java:97)
        at sun.nio.ch.SelectorImpl.select(SelectorImpl.java:101)
        at org.eclipse.jetty.io.ManagedSelector.nioSelect(ManagedSelector.java:183)
        at org.eclipse.jetty.io.ManagedSelector.select(ManagedSelector.java:190)
        at org.eclipse.jetty.io.ManagedSelector$SelectorProducer.select(ManagedSelector.java:606)
        at org.eclipse.jetty.io.ManagedSelector$SelectorProducer.produce(ManagedSelector.java:543)
        at org.eclipse.jetty.util.thread.strategy.EatWhatYouKill.produceTask(EatWhatYouKill.java:362)
        at org.eclipse.jetty.util.thread.strategy.EatWhatYouKill.doProduce(EatWhatYouKill.java:186)
        at org.eclipse.jetty.util.thread.strategy.EatWhatYouKill.tryProduce(EatWhatYouKill.java:173)
        at org.eclipse.jetty.util.thread.strategy.EatWhatYouKill.produce(EatWhatYouKill.java:137)
        at org.eclipse.jetty.io.ManagedSelector$$Lambda$453/333825340.run(Unknown Source)
        at org.eclipse.jetty.util.thread.QueuedThreadPool.runJob(QueuedThreadPool.java:883)
        at org.eclipse.jetty.util.thread.QueuedThreadPool$Runner.run(QueuedThreadPool.java:1034)
        at java.lang.Thread.run(Thread.java:750)
"IPC Server handler 6 on default port 40091" daemon prio=5 tid=52 timed_waiting
java.lang.Thread.State: TIMED_WAITING
        at sun.misc.Unsafe.park(Native Method)
        at java.util.concurrent.locks.LockSupport.parkNanos(LockSupport.java:215)
        at java.util.concurrent.locks.AbstractQueuedSynchronizer$ConditionObject.awaitNanos(AbstractQueuedSynchronizer.java:2078)
        at java.util.concurrent.LinkedBlockingQueue.poll(LinkedBlockingQueue.java:467)
        at org.apache.hadoop.ipc.CallQueueManager.take(CallQueueManager.java:317)
        at org.apache.hadoop.ipc.Server$Handler.run(Server.java:2942)
"StaleRecoveringContainerScrubbingService#7" daemon prio=5 tid=991 in Object.wait()
java.lang.Thread.State: WAITING (on object monitor)
        at sun.misc.Unsafe.park(Native Method)
        at java.util.concurrent.locks.LockSupport.park(LockSupport.java:175)
        at java.util.concurrent.locks.AbstractQueuedSynchronizer$ConditionObject.await(AbstractQueuedSynchronizer.java:2039)
        at java.util.concurrent.ScheduledThreadPoolExecutor$DelayedWorkQueue.take(ScheduledThreadPoolExecutor.java:1088)
        at java.util.concurrent.ScheduledThreadPoolExecutor$DelayedWorkQueue.take(ScheduledThreadPoolExecutor.java:809)
        at java.util.concurrent.ThreadPoolExecutor.getTask(ThreadPoolExecutor.java:1074)
        at java.util.concurrent.ThreadPoolExecutor.runWorker(ThreadPoolExecutor.java:1134)
        at java.util.concurrent.ThreadPoolExecutor$Worker.run(ThreadPoolExecutor.java:624)
        at java.lang.Thread.run(Thread.java:750)
"Datanode ReportManager Thread - 1" daemon prio=5 tid=490 in Object.wait()
java.lang.Thread.State: WAITING (on object monitor)
        at sun.misc.Unsafe.park(Native Method)
        at java.util.concurrent.locks.LockSupport.park(LockSupport.java:175)
        at java.util.concurrent.locks.AbstractQueuedSynchronizer$ConditionObject.await(AbstractQueuedSynchronizer.java:2039)
        at java.util.concurrent.ScheduledThreadPoolExecutor$DelayedWorkQueue.take(ScheduledThreadPoolExecutor.java:1088)
        at java.util.concurrent.ScheduledThreadPoolExecutor$DelayedWorkQueue.take(ScheduledThreadPoolExecutor.java:809)
        at java.util.concurrent.ThreadPoolExecutor.getTask(ThreadPoolExecutor.java:1074)
        at java.util.concurrent.ThreadPoolExecutor.runWorker(ThreadPoolExecutor.java:1134)
        at java.util.concurrent.ThreadPoolExecutor$Worker.run(ThreadPoolExecutor.java:624)
        at java.lang.Thread.run(Thread.java:750)
"Datanode ReportManager Thread - 4" daemon prio=5 tid=228 in Object.wait()
java.lang.Thread.State: WAITING (on object monitor)
        at sun.misc.Unsafe.park(Native Method)
        at java.util.concurrent.locks.LockSupport.park(LockSupport.java:175)
        at java.util.concurrent.locks.AbstractQueuedSynchronizer$ConditionObject.await(AbstractQueuedSynchronizer.java:2039)
        at java.util.concurrent.ScheduledThreadPoolExecutor$DelayedWorkQueue.take(ScheduledThreadPoolExecutor.java:1088)
        at java.util.concurrent.ScheduledThreadPoolExecutor$DelayedWorkQueue.take(ScheduledThreadPoolExecutor.java:809)
        at java.util.concurrent.ThreadPoolExecutor.getTask(ThreadPoolExecutor.java:1074)
        at java.util.concurrent.ThreadPoolExecutor.runWorker(ThreadPoolExecutor.java:1134)
        at java.util.concurrent.ThreadPoolExecutor$Worker.run(ThreadPoolExecutor.java:624)
        at java.lang.Thread.run(Thread.java:750)
"IPC Server handler 10 on default port 40091" daemon prio=5 tid=56 timed_waiting
java.lang.Thread.State: TIMED_WAITING
        at sun.misc.Unsafe.park(Native Method)
        at java.util.concurrent.locks.LockSupport.parkNanos(LockSupport.java:215)
        at java.util.concurrent.locks.AbstractQueuedSynchronizer$ConditionObject.awaitNanos(AbstractQueuedSynchronizer.java:2078)
        at java.util.concurrent.LinkedBlockingQueue.poll(LinkedBlockingQueue.java:467)
        at org.apache.hadoop.ipc.CallQueueManager.take(CallQueueManager.java:317)
        at org.apache.hadoop.ipc.Server$Handler.run(Server.java:2942)
"Datanode ReportManager Thread - 2" daemon prio=5 tid=491 timed_waiting
java.lang.Thread.State: TIMED_WAITING
        at sun.misc.Unsafe.park(Native Method)
        at java.util.concurrent.locks.LockSupport.parkNanos(LockSupport.java:215)
        at java.util.concurrent.locks.AbstractQueuedSynchronizer$ConditionObject.awaitNanos(AbstractQueuedSynchronizer.java:2078)
        at java.util.concurrent.ScheduledThreadPoolExecutor$DelayedWorkQueue.take(ScheduledThreadPoolExecutor.java:1093)
        at java.util.concurrent.ScheduledThreadPoolExecutor$DelayedWorkQueue.take(ScheduledThreadPoolExecutor.java:809)
        at java.util.concurrent.ThreadPoolExecutor.getTask(ThreadPoolExecutor.java:1074)
        at java.util.concurrent.ThreadPoolExecutor.runWorker(ThreadPoolExecutor.java:1134)
        at java.util.concurrent.ThreadPoolExecutor$Worker.run(ThreadPoolExecutor.java:624)
        at java.lang.Thread.run(Thread.java:750)
"qtp321206983-151" daemon prio=5 tid=151 timed_waiting
java.lang.Thread.State: TIMED_WAITING
        at sun.misc.Unsafe.park(Native Method)
        at java.util.concurrent.locks.LockSupport.parkNanos(LockSupport.java:215)
        at java.util.concurrent.locks.AbstractQueuedSynchronizer$ConditionObject.awaitNanos(AbstractQueuedSynchronizer.java:2078)
        at org.eclipse.jetty.util.BlockingArrayQueue.poll(BlockingArrayQueue.java:382)
        at org.eclipse.jetty.util.thread.QueuedThreadPool$Runner.idleJobPoll(QueuedThreadPool.java:974)
        at org.eclipse.jetty.util.thread.QueuedThreadPool$Runner.run(QueuedThreadPool.java:1018)
        at java.lang.Thread.run(Thread.java:750)
"Datanode ReportManager Thread - 4" daemon prio=5 tid=282 in Object.wait()
java.lang.Thread.State: WAITING (on object monitor)
        at sun.misc.Unsafe.park(Native Method)
        at java.util.concurrent.locks.LockSupport.park(LockSupport.java:175)
        at java.util.concurrent.locks.AbstractQueuedSynchronizer$ConditionObject.await(AbstractQueuedSynchronizer.java:2039)
        at java.util.concurrent.ScheduledThreadPoolExecutor$DelayedWorkQueue.take(ScheduledThreadPoolExecutor.java:1088)
        at java.util.concurrent.ScheduledThreadPoolExecutor$DelayedWorkQueue.take(ScheduledThreadPoolExecutor.java:809)
        at java.util.concurrent.ThreadPoolExecutor.getTask(ThreadPoolExecutor.java:1074)
        at java.util.concurrent.ThreadPoolExecutor.runWorker(ThreadPoolExecutor.java:1134)
        at java.util.concurrent.ThreadPoolExecutor$Worker.run(ThreadPoolExecutor.java:624)
        at java.lang.Thread.run(Thread.java:750)
"IPC Server handler 19 on default port 44923" daemon prio=5 tid=105 timed_waiting
java.lang.Thread.State: TIMED_WAITING
        at sun.misc.Unsafe.park(Native Method)
        at java.util.concurrent.locks.LockSupport.parkNanos(LockSupport.java:215)
        at java.util.concurrent.locks.AbstractQueuedSynchronizer$ConditionObject.awaitNanos(AbstractQueuedSynchronizer.java:2078)
        at java.util.concurrent.LinkedBlockingQueue.poll(LinkedBlockingQueue.java:467)
        at org.apache.hadoop.ipc.CallQueueManager.take(CallQueueManager.java:317)
        at org.apache.hadoop.ipc.Server$Handler.run(Server.java:2942)
"Datanode State Machine Daemon Thread" daemon prio=5 tid=277 timed_waiting
java.lang.Thread.State: TIMED_WAITING
        at java.lang.Thread.sleep(Native Method)
        at org.apache.hadoop.ozone.container.common.statemachine.DatanodeStateMachine.startStateMachineThread(DatanodeStateMachine.java:335)
        at org.apache.hadoop.ozone.container.common.statemachine.DatanodeStateMachine.lambda$startDaemon$0(DatanodeStateMachine.java:520)
        at org.apache.hadoop.ozone.container.common.statemachine.DatanodeStateMachine$$Lambda$782/592559975.run(Unknown Source)
        at java.lang.Thread.run(Thread.java:750)
"qtp343592684-112" daemon prio=5 tid=112 timed_waiting
java.lang.Thread.State: TIMED_WAITING
        at sun.misc.Unsafe.park(Native Method)
        at java.util.concurrent.locks.LockSupport.parkNanos(LockSupport.java:215)
        at java.util.concurrent.locks.AbstractQueuedSynchronizer$ConditionObject.awaitNanos(AbstractQueuedSynchronizer.java:2078)
        at org.eclipse.jetty.util.BlockingArrayQueue.poll(BlockingArrayQueue.java:382)
        at org.eclipse.jetty.util.thread.QueuedThreadPool$Runner.idleJobPoll(QueuedThreadPool.java:974)
        at org.eclipse.jetty.util.thread.QueuedThreadPool$Runner.run(QueuedThreadPool.java:1018)
        at java.lang.Thread.run(Thread.java:750)
"qtp911648712-468-acceptor-0@404eebdc-ServerConnector@248c9b2d{HTTP/1.1, (http/1.1)}{0.0.0.0:46501}" daemon prio=3 tid=468 runnable
java.lang.Thread.State: RUNNABLE
        at sun.nio.ch.ServerSocketChannelImpl.accept0(Native Method)
        at sun.nio.ch.ServerSocketChannelImpl.accept(ServerSocketChannelImpl.java:421)
        at sun.nio.ch.ServerSocketChannelImpl.accept(ServerSocketChannelImpl.java:249)
        at org.eclipse.jetty.server.ServerConnector.accept(ServerConnector.java:388)
        at org.eclipse.jetty.server.AbstractConnector$Acceptor.run(AbstractConnector.java:704)
        at org.eclipse.jetty.util.thread.QueuedThreadPool.runJob(QueuedThreadPool.java:883)
        at org.eclipse.jetty.util.thread.QueuedThreadPool$Runner.run(QueuedThreadPool.java:1034)
        at java.lang.Thread.run(Thread.java:750)
"ChunkReader-2" daemon prio=5 tid=808 in Object.wait()
java.lang.Thread.State: WAITING (on object monitor)
        at sun.misc.Unsafe.park(Native Method)
        at java.util.concurrent.locks.LockSupport.park(LockSupport.java:175)
        at java.util.concurrent.locks.AbstractQueuedSynchronizer$ConditionObject.await(AbstractQueuedSynchronizer.java:2039)
        at java.util.concurrent.LinkedBlockingQueue.take(LinkedBlockingQueue.java:442)
        at java.util.concurrent.ThreadPoolExecutor.getTask(ThreadPoolExecutor.java:1074)
        at java.util.concurrent.ThreadPoolExecutor.runWorker(ThreadPoolExecutor.java:1134)
        at java.util.concurrent.ThreadPoolExecutor$Worker.run(ThreadPoolExecutor.java:624)
        at java.lang.Thread.run(Thread.java:750)
"JvmPauseMonitor2" daemon prio=5 tid=404 timed_waiting
java.lang.Thread.State: TIMED_WAITING
        at java.lang.Thread.sleep(Native Method)
        at java.lang.Thread.sleep(Thread.java:342)
        at java.util.concurrent.TimeUnit.sleep(TimeUnit.java:386)
        at org.apache.ratis.util.TimeDuration.sleep(TimeDuration.java:325)
        at org.apache.ratis.util.TimeDuration.sleep(TimeDuration.java:310)
        at org.apache.ratis.util.JvmPauseMonitor.detectPause(JvmPauseMonitor.java:119)
        at org.apache.ratis.util.JvmPauseMonitor.run(JvmPauseMonitor.java:108)
        at org.apache.ratis.util.JvmPauseMonitor$$Lambda$734/1944085370.run(Unknown Source)
        at java.lang.Thread.run(Thread.java:750)
"c6074cc5-da23-4fc2-b305-e072798acc5a@group-AF998D485830-LeaderStateImpl" daemon prio=5 tid=696 timed_waiting
java.lang.Thread.State: TIMED_WAITING
        at sun.misc.Unsafe.park(Native Method)
        at java.util.concurrent.locks.LockSupport.parkNanos(LockSupport.java:215)
        at java.util.concurrent.locks.AbstractQueuedSynchronizer$ConditionObject.awaitNanos(AbstractQueuedSynchronizer.java:2078)
        at java.util.concurrent.ArrayBlockingQueue.poll(ArrayBlockingQueue.java:418)
        at org.apache.ratis.server.impl.LeaderStateImpl$EventQueue.poll(LeaderStateImpl.java:159)
        at org.apache.ratis.server.impl.LeaderStateImpl$EventProcessor.run(LeaderStateImpl.java:630)
"Datanode ReportManager Thread - 0" daemon prio=5 tid=332 in Object.wait()
java.lang.Thread.State: WAITING (on object monitor)
        at sun.misc.Unsafe.park(Native Method)
        at java.util.concurrent.locks.LockSupport.park(LockSupport.java:175)
        at java.util.concurrent.locks.AbstractQueuedSynchronizer$ConditionObject.await(AbstractQueuedSynchronizer.java:2039)
        at java.util.concurrent.ScheduledThreadPoolExecutor$DelayedWorkQueue.take(ScheduledThreadPoolExecutor.java:1088)
        at java.util.concurrent.ScheduledThreadPoolExecutor$DelayedWorkQueue.take(ScheduledThreadPoolExecutor.java:809)
        at java.util.concurrent.ThreadPoolExecutor.getTask(ThreadPoolExecutor.java:1074)
        at java.util.concurrent.ThreadPoolExecutor.runWorker(ThreadPoolExecutor.java:1134)
        at java.util.concurrent.ThreadPoolExecutor$Worker.run(ThreadPoolExecutor.java:624)
        at java.lang.Thread.run(Thread.java:750)
"BlockDeletingService#2" daemon prio=5 tid=996 in Object.wait()
java.lang.Thread.State: WAITING (on object monitor)
        at sun.misc.Unsafe.park(Native Method)
        at java.util.concurrent.locks.LockSupport.park(LockSupport.java:175)
        at java.util.concurrent.locks.AbstractQueuedSynchronizer$ConditionObject.await(AbstractQueuedSynchronizer.java:2039)
        at java.util.concurrent.ScheduledThreadPoolExecutor$DelayedWorkQueue.take(ScheduledThreadPoolExecutor.java:1088)
        at java.util.concurrent.ScheduledThreadPoolExecutor$DelayedWorkQueue.take(ScheduledThreadPoolExecutor.java:809)
        at java.util.concurrent.ThreadPoolExecutor.getTask(ThreadPoolExecutor.java:1074)
        at java.util.concurrent.ThreadPoolExecutor.runWorker(ThreadPoolExecutor.java:1134)
        at java.util.concurrent.ThreadPoolExecutor$Worker.run(ThreadPoolExecutor.java:624)
        at java.lang.Thread.run(Thread.java:750)
"org.apache.hadoop.ozone.container.common.statemachine.commandhandler.DeleteBlocksCommandHandler$DeleteCmdWorker@7601c648" daemon prio=5 tid=183 timed_waiting
java.lang.Thread.State: TIMED_WAITING
        at java.lang.Thread.sleep(Native Method)
        at org.apache.hadoop.ozone.container.common.statemachine.commandhandler.DeleteBlocksCommandHandler$DeleteCmdWorker.run(DeleteBlocksCommandHandler.java:184)
        at java.lang.Thread.run(Thread.java:750)
"qtp343592684-116" daemon prio=5 tid=116 timed_waiting
java.lang.Thread.State: TIMED_WAITING
        at sun.misc.Unsafe.park(Native Method)
        at java.util.concurrent.locks.LockSupport.parkNanos(LockSupport.java:215)
        at java.util.concurrent.locks.AbstractQueuedSynchronizer$ConditionObject.awaitNanos(AbstractQueuedSynchronizer.java:2078)
        at org.eclipse.jetty.util.BlockingArrayQueue.poll(BlockingArrayQueue.java:382)
        at org.eclipse.jetty.util.thread.QueuedThreadPool$Runner.idleJobPoll(QueuedThreadPool.java:974)
        at org.eclipse.jetty.util.thread.QueuedThreadPool$Runner.run(QueuedThreadPool.java:1018)
        at java.lang.Thread.run(Thread.java:750)
"Session-HouseKeeper-1b02231b-1"  prio=5 tid=220 timed_waiting
java.lang.Thread.State: TIMED_WAITING
        at sun.misc.Unsafe.park(Native Method)
        at java.util.concurrent.locks.LockSupport.parkNanos(LockSupport.java:215)
        at java.util.concurrent.locks.AbstractQueuedSynchronizer$ConditionObject.awaitNanos(AbstractQueuedSynchronizer.java:2078)
        at java.util.concurrent.ScheduledThreadPoolExecutor$DelayedWorkQueue.take(ScheduledThreadPoolExecutor.java:1093)
        at java.util.concurrent.ScheduledThreadPoolExecutor$DelayedWorkQueue.take(ScheduledThreadPoolExecutor.java:809)
        at java.util.concurrent.ThreadPoolExecutor.getTask(ThreadPoolExecutor.java:1074)
        at java.util.concurrent.ThreadPoolExecutor.runWorker(ThreadPoolExecutor.java:1134)
        at java.util.concurrent.ThreadPoolExecutor$Worker.run(ThreadPoolExecutor.java:624)
        at java.lang.Thread.run(Thread.java:750)
"8d5822ee-b1dd-46af-beb1-0638b7fa15fc@group-A2C53E516D65->4243b07b-dbe8-44bd-919c-c5b59c546d4c-GrpcLogAppender-LogAppenderDaemon" daemon prio=5 tid=948 timed_waiting
java.lang.Thread.State: TIMED_WAITING
        at sun.misc.Unsafe.park(Native Method)
        at java.util.concurrent.locks.LockSupport.parkNanos(LockSupport.java:215)
        at java.util.concurrent.locks.AbstractQueuedSynchronizer$ConditionObject.await(AbstractQueuedSynchronizer.java:2163)
        at org.apache.ratis.util.AwaitForSignal.await(AwaitForSignal.java:62)
        at org.apache.ratis.grpc.server.GrpcLogAppender.mayWait(GrpcLogAppender.java:198)
        at org.apache.ratis.grpc.server.GrpcLogAppender.run(GrpcLogAppender.java:148)
        at org.apache.ratis.server.leader.LogAppenderDaemon.run(LogAppenderDaemon.java:78)
        at org.apache.ratis.server.leader.LogAppenderDaemon$$Lambda$1083/883698974.run(Unknown Source)
        at java.lang.Thread.run(Thread.java:750)
"om1@group-C5BA1605619E-StateMachineUpdater" daemon prio=5 tid=137 timed_waiting
java.lang.Thread.State: TIMED_WAITING
        at sun.misc.Unsafe.park(Native Method)
        at java.util.concurrent.locks.LockSupport.parkNanos(LockSupport.java:215)
        at java.util.concurrent.locks.AbstractQueuedSynchronizer$ConditionObject.await(AbstractQueuedSynchronizer.java:2163)
        at org.apache.ratis.util.AwaitForSignal.await(AwaitForSignal.java:62)
        at org.apache.ratis.server.impl.StateMachineUpdater.waitForCommit(StateMachineUpdater.java:207)
        at org.apache.ratis.server.impl.StateMachineUpdater.run(StateMachineUpdater.java:176)
        at java.lang.Thread.run(Thread.java:750)
"c6074cc5-da23-4fc2-b305-e072798acc5a@group-67DBD99A6914-SegmentedRaftLogWorker"  prio=5 tid=615 timed_waiting
java.lang.Thread.State: TIMED_WAITING
        at sun.misc.Unsafe.park(Native Method)
        at java.util.concurrent.locks.LockSupport.parkNanos(LockSupport.java:215)
        at java.util.concurrent.locks.AbstractQueuedSynchronizer$ConditionObject.awaitNanos(AbstractQueuedSynchronizer.java:2078)
        at org.apache.ratis.util.DataBlockingQueue.poll(DataBlockingQueue.java:148)
        at org.apache.ratis.server.raftlog.segmented.SegmentedRaftLogWorker.run(SegmentedRaftLogWorker.java:312)
        at org.apache.ratis.server.raftlog.segmented.SegmentedRaftLogWorker$$Lambda$693/570605234.run(Unknown Source)
        at java.lang.Thread.run(Thread.java:750)
"Datanode ReportManager Thread - 1" daemon prio=5 tid=279 in Object.wait()
java.lang.Thread.State: WAITING (on object monitor)
        at sun.misc.Unsafe.park(Native Method)
        at java.util.concurrent.locks.LockSupport.park(LockSupport.java:175)
        at java.util.concurrent.locks.AbstractQueuedSynchronizer$ConditionObject.await(AbstractQueuedSynchronizer.java:2039)
        at java.util.concurrent.ScheduledThreadPoolExecutor$DelayedWorkQueue.take(ScheduledThreadPoolExecutor.java:1088)
        at java.util.concurrent.ScheduledThreadPoolExecutor$DelayedWorkQueue.take(ScheduledThreadPoolExecutor.java:809)
        at java.util.concurrent.ThreadPoolExecutor.getTask(ThreadPoolExecutor.java:1074)
        at java.util.concurrent.ThreadPoolExecutor.runWorker(ThreadPoolExecutor.java:1134)
        at java.util.concurrent.ThreadPoolExecutor$Worker.run(ThreadPoolExecutor.java:624)
        at java.lang.Thread.run(Thread.java:750)
"qtp634480856-327" daemon prio=5 tid=327 timed_waiting
java.lang.Thread.State: TIMED_WAITING
        at sun.misc.Unsafe.park(Native Method)
        at java.util.concurrent.locks.LockSupport.parkNanos(LockSupport.java:215)
        at java.util.concurrent.locks.AbstractQueuedSynchronizer$ConditionObject.awaitNanos(AbstractQueuedSynchronizer.java:2078)
        at org.eclipse.jetty.util.BlockingArrayQueue.poll(BlockingArrayQueue.java:382)
        at org.eclipse.jetty.util.thread.QueuedThreadPool$Runner.idleJobPoll(QueuedThreadPool.java:974)
        at org.eclipse.jetty.util.thread.QueuedThreadPool$Runner.run(QueuedThreadPool.java:1018)
        at java.lang.Thread.run(Thread.java:750)
"IPC Server handler 17 on default port 44923" daemon prio=5 tid=103 timed_waiting
java.lang.Thread.State: TIMED_WAITING
        at sun.misc.Unsafe.park(Native Method)
        at java.util.concurrent.locks.LockSupport.parkNanos(LockSupport.java:215)
        at java.util.concurrent.locks.AbstractQueuedSynchronizer$ConditionObject.awaitNanos(AbstractQueuedSynchronizer.java:2078)
        at java.util.concurrent.LinkedBlockingQueue.poll(LinkedBlockingQueue.java:467)
        at org.apache.hadoop.ipc.CallQueueManager.take(CallQueueManager.java:317)
        at org.apache.hadoop.ipc.Server$Handler.run(Server.java:2942)
"4243b07b-dbe8-44bd-919c-c5b59c546d4c@group-2EBEB1ED5A51-FollowerState" daemon prio=5 tid=841 timed_waiting
java.lang.Thread.State: TIMED_WAITING
        at java.lang.Thread.sleep(Native Method)
        at java.lang.Thread.sleep(Thread.java:342)
        at java.util.concurrent.TimeUnit.sleep(TimeUnit.java:386)
        at org.apache.ratis.util.TimeDuration.sleep(TimeDuration.java:325)
        at org.apache.ratis.util.TimeDuration.sleep(TimeDuration.java:310)
        at org.apache.ratis.server.impl.FollowerState.run(FollowerState.java:128)
"Socket Reader #1 for port 0"  prio=5 tid=28 runnable
java.lang.Thread.State: RUNNABLE
        at sun.nio.ch.EPollArrayWrapper.epollWait(Native Method)
        at sun.nio.ch.EPollArrayWrapper.poll(EPollArrayWrapper.java:269)
        at sun.nio.ch.EPollSelectorImpl.doSelect(EPollSelectorImpl.java:93)
        at sun.nio.ch.SelectorImpl.lockAndDoSelect(SelectorImpl.java:86)
        at sun.nio.ch.SelectorImpl.select(SelectorImpl.java:97)
        at sun.nio.ch.SelectorImpl.select(SelectorImpl.java:101)
        at org.apache.hadoop.ipc.Server$Listener$Reader.doRunLoop(Server.java:1296)
        at org.apache.hadoop.ipc.Server$Listener$Reader.run(Server.java:1275)
"ChunkWriter-2-0" daemon prio=5 tid=480 in Object.wait()
java.lang.Thread.State: WAITING (on object monitor)
        at sun.misc.Unsafe.park(Native Method)
        at java.util.concurrent.locks.LockSupport.park(LockSupport.java:175)
        at java.util.concurrent.locks.AbstractQueuedSynchronizer$ConditionObject.await(AbstractQueuedSynchronizer.java:2039)
        at java.util.concurrent.LinkedBlockingDeque.takeFirst(LinkedBlockingDeque.java:492)
        at java.util.concurrent.LinkedBlockingDeque.take(LinkedBlockingDeque.java:680)
        at java.util.concurrent.ThreadPoolExecutor.getTask(ThreadPoolExecutor.java:1074)
        at java.util.concurrent.ThreadPoolExecutor.runWorker(ThreadPoolExecutor.java:1134)
        at java.util.concurrent.ThreadPoolExecutor$Worker.run(ThreadPoolExecutor.java:624)
        at java.lang.Thread.run(Thread.java:750)
"StaleRecoveringContainerScrubbingService#9" daemon prio=5 tid=1017 in Object.wait()
java.lang.Thread.State: WAITING (on object monitor)
        at sun.misc.Unsafe.park(Native Method)
        at java.util.concurrent.locks.LockSupport.park(LockSupport.java:175)
        at java.util.concurrent.locks.AbstractQueuedSynchronizer$ConditionObject.await(AbstractQueuedSynchronizer.java:2039)
        at java.util.concurrent.ScheduledThreadPoolExecutor$DelayedWorkQueue.take(ScheduledThreadPoolExecutor.java:1088)
        at java.util.concurrent.ScheduledThreadPoolExecutor$DelayedWorkQueue.take(ScheduledThreadPoolExecutor.java:809)
        at java.util.concurrent.ThreadPoolExecutor.getTask(ThreadPoolExecutor.java:1074)
        at java.util.concurrent.ThreadPoolExecutor.runWorker(ThreadPoolExecutor.java:1134)
        at java.util.concurrent.ThreadPoolExecutor$Worker.run(ThreadPoolExecutor.java:624)
        at java.lang.Thread.run(Thread.java:750)
"fb483a44-74cc-4237-a554-a68f3575ba39-NettyServerStreamRpc-bossGroup--thread1"  prio=5 tid=348 runnable
java.lang.Thread.State: RUNNABLE
        at sun.nio.ch.EPollArrayWrapper.epollWait(Native Method)
        at sun.nio.ch.EPollArrayWrapper.poll(EPollArrayWrapper.java:269)
        at sun.nio.ch.EPollSelectorImpl.doSelect(EPollSelectorImpl.java:93)
        at sun.nio.ch.SelectorImpl.lockAndDoSelect(SelectorImpl.java:86)
        at sun.nio.ch.SelectorImpl.select(SelectorImpl.java:97)
        at sun.nio.ch.SelectorImpl.select(SelectorImpl.java:101)
        at org.apache.ratis.thirdparty.io.netty.channel.nio.SelectedSelectionKeySetSelector.select(SelectedSelectionKeySetSelector.java:68)
        at org.apache.ratis.thirdparty.io.netty.channel.nio.NioEventLoop.select(NioEventLoop.java:813)
        at org.apache.ratis.thirdparty.io.netty.channel.nio.NioEventLoop.run(NioEventLoop.java:460)
        at org.apache.ratis.thirdparty.io.netty.util.concurrent.SingleThreadEventExecutor$4.run(SingleThreadEventExecutor.java:995)
        at org.apache.ratis.thirdparty.io.netty.util.internal.ThreadExecutorMap$2.run(ThreadExecutorMap.java:74)
        at java.lang.Thread.run(Thread.java:750)
"timer5" daemon prio=5 tid=822 timed_waiting
java.lang.Thread.State: TIMED_WAITING
        at java.lang.Object.wait(Native Method)
        at java.util.TimerThread.mainLoop(Timer.java:552)
        at java.util.TimerThread.run(Timer.java:505)
"EventQueue-PipelineReportForOneReplicaPipelineSafeModeRule" daemon prio=5 tid=524 in Object.wait()
java.lang.Thread.State: WAITING (on object monitor)
        at sun.misc.Unsafe.park(Native Method)
        at java.util.concurrent.locks.LockSupport.park(LockSupport.java:175)
        at java.util.concurrent.locks.AbstractQueuedSynchronizer$ConditionObject.await(AbstractQueuedSynchronizer.java:2039)
        at java.util.concurrent.LinkedBlockingQueue.take(LinkedBlockingQueue.java:442)
        at java.util.concurrent.ThreadPoolExecutor.getTask(ThreadPoolExecutor.java:1074)
        at java.util.concurrent.ThreadPoolExecutor.runWorker(ThreadPoolExecutor.java:1134)
        at java.util.concurrent.ThreadPoolExecutor$Worker.run(ThreadPoolExecutor.java:624)
        at java.lang.Thread.run(Thread.java:750)
"ChunkReader-ELG-0" daemon prio=5 tid=444 runnable
java.lang.Thread.State: RUNNABLE
        at org.apache.ratis.thirdparty.io.netty.channel.epoll.Native.epollWait0(Native Method)
        at org.apache.ratis.thirdparty.io.netty.channel.epoll.Native.epollWait(Native.java:182)
        at org.apache.ratis.thirdparty.io.netty.channel.epoll.EpollEventLoop.epollWait(EpollEventLoop.java:290)
        at org.apache.ratis.thirdparty.io.netty.channel.epoll.EpollEventLoop.run(EpollEventLoop.java:354)
        at org.apache.ratis.thirdparty.io.netty.util.concurrent.SingleThreadEventExecutor$4.run(SingleThreadEventExecutor.java:995)
        at org.apache.ratis.thirdparty.io.netty.util.internal.ThreadExecutorMap$2.run(ThreadExecutorMap.java:74)
        at java.lang.Thread.run(Thread.java:750)
"IPC Server handler 15 on default port 38451" daemon prio=5 tid=81 timed_waiting
java.lang.Thread.State: TIMED_WAITING
        at sun.misc.Unsafe.park(Native Method)
        at java.util.concurrent.locks.LockSupport.parkNanos(LockSupport.java:215)
        at java.util.concurrent.locks.AbstractQueuedSynchronizer$ConditionObject.awaitNanos(AbstractQueuedSynchronizer.java:2078)
        at java.util.concurrent.LinkedBlockingQueue.poll(LinkedBlockingQueue.java:467)
        at org.apache.hadoop.ipc.CallQueueManager.take(CallQueueManager.java:317)
        at org.apache.hadoop.ipc.Server$Handler.run(Server.java:2942)
"StaleRecoveringContainerScrubbingService#8" daemon prio=5 tid=1003 in Object.wait()
java.lang.Thread.State: WAITING (on object monitor)
        at sun.misc.Unsafe.park(Native Method)
        at java.util.concurrent.locks.LockSupport.park(LockSupport.java:175)
        at java.util.concurrent.locks.AbstractQueuedSynchronizer$ConditionObject.await(AbstractQueuedSynchronizer.java:2039)
        at java.util.concurrent.ScheduledThreadPoolExecutor$DelayedWorkQueue.take(ScheduledThreadPoolExecutor.java:1088)
        at java.util.concurrent.ScheduledThreadPoolExecutor$DelayedWorkQueue.take(ScheduledThreadPoolExecutor.java:809)
        at java.util.concurrent.ThreadPoolExecutor.getTask(ThreadPoolExecutor.java:1074)
        at java.util.concurrent.ThreadPoolExecutor.runWorker(ThreadPoolExecutor.java:1134)
        at java.util.concurrent.ThreadPoolExecutor$Worker.run(ThreadPoolExecutor.java:624)
        at java.lang.Thread.run(Thread.java:750)
"StaleRecoveringContainerScrubbingService#5" daemon prio=5 tid=962 in Object.wait()
java.lang.Thread.State: WAITING (on object monitor)
        at sun.misc.Unsafe.park(Native Method)
        at java.util.concurrent.locks.LockSupport.park(LockSupport.java:175)
        at java.util.concurrent.locks.AbstractQueuedSynchronizer$ConditionObject.await(AbstractQueuedSynchronizer.java:2039)
        at java.util.concurrent.ScheduledThreadPoolExecutor$DelayedWorkQueue.take(ScheduledThreadPoolExecutor.java:1088)
        at java.util.concurrent.ScheduledThreadPoolExecutor$DelayedWorkQueue.take(ScheduledThreadPoolExecutor.java:809)
        at java.util.concurrent.ThreadPoolExecutor.getTask(ThreadPoolExecutor.java:1074)
        at java.util.concurrent.ThreadPoolExecutor.runWorker(ThreadPoolExecutor.java:1134)
        at java.util.concurrent.ThreadPoolExecutor$Worker.run(ThreadPoolExecutor.java:624)
        at java.lang.Thread.run(Thread.java:750)
"IPC Server handler 0 on default port 44923" daemon prio=5 tid=86 timed_waiting
java.lang.Thread.State: TIMED_WAITING
        at sun.misc.Unsafe.park(Native Method)
        at java.util.concurrent.locks.LockSupport.parkNanos(LockSupport.java:215)
        at java.util.concurrent.locks.AbstractQueuedSynchronizer$ConditionObject.awaitNanos(AbstractQueuedSynchronizer.java:2078)
        at java.util.concurrent.LinkedBlockingQueue.poll(LinkedBlockingQueue.java:467)
        at org.apache.hadoop.ipc.CallQueueManager.take(CallQueueManager.java:317)
        at org.apache.hadoop.ipc.Server$Handler.run(Server.java:2942)
"om1-NettyServerStreamRpc-bossGroup--thread1"  prio=5 tid=125 runnable
java.lang.Thread.State: RUNNABLE
        at sun.nio.ch.EPollArrayWrapper.epollWait(Native Method)
        at sun.nio.ch.EPollArrayWrapper.poll(EPollArrayWrapper.java:269)
        at sun.nio.ch.EPollSelectorImpl.doSelect(EPollSelectorImpl.java:93)
        at sun.nio.ch.SelectorImpl.lockAndDoSelect(SelectorImpl.java:86)
        at sun.nio.ch.SelectorImpl.select(SelectorImpl.java:97)
        at sun.nio.ch.SelectorImpl.select(SelectorImpl.java:101)
        at org.apache.ratis.thirdparty.io.netty.channel.nio.SelectedSelectionKeySetSelector.select(SelectedSelectionKeySetSelector.java:68)
        at org.apache.ratis.thirdparty.io.netty.channel.nio.NioEventLoop.select(NioEventLoop.java:813)
        at org.apache.ratis.thirdparty.io.netty.channel.nio.NioEventLoop.run(NioEventLoop.java:460)
        at org.apache.ratis.thirdparty.io.netty.util.concurrent.SingleThreadEventExecutor$4.run(SingleThreadEventExecutor.java:995)
        at org.apache.ratis.thirdparty.io.netty.util.internal.ThreadExecutorMap$2.run(ThreadExecutorMap.java:74)
        at java.lang.Thread.run(Thread.java:750)
"ChunkWriter-2-0" daemon prio=5 tid=501 in Object.wait()
java.lang.Thread.State: WAITING (on object monitor)
        at sun.misc.Unsafe.park(Native Method)
        at java.util.concurrent.locks.LockSupport.park(LockSupport.java:175)
        at java.util.concurrent.locks.AbstractQueuedSynchronizer$ConditionObject.await(AbstractQueuedSynchronizer.java:2039)
        at java.util.concurrent.LinkedBlockingDeque.takeFirst(LinkedBlockingDeque.java:492)
        at java.util.concurrent.LinkedBlockingDeque.take(LinkedBlockingDeque.java:680)
        at java.util.concurrent.ThreadPoolExecutor.getTask(ThreadPoolExecutor.java:1074)
        at java.util.concurrent.ThreadPoolExecutor.runWorker(ThreadPoolExecutor.java:1134)
        at java.util.concurrent.ThreadPoolExecutor$Worker.run(ThreadPoolExecutor.java:624)
        at java.lang.Thread.run(Thread.java:750)
"StaleRecoveringContainerScrubbingService#2" daemon prio=5 tid=737 timed_waiting
java.lang.Thread.State: TIMED_WAITING
        at sun.misc.Unsafe.park(Native Method)
        at java.util.concurrent.locks.LockSupport.parkNanos(LockSupport.java:215)
        at java.util.concurrent.locks.AbstractQueuedSynchronizer$ConditionObject.awaitNanos(AbstractQueuedSynchronizer.java:2078)
        at java.util.concurrent.ScheduledThreadPoolExecutor$DelayedWorkQueue.take(ScheduledThreadPoolExecutor.java:1093)
        at java.util.concurrent.ScheduledThreadPoolExecutor$DelayedWorkQueue.take(ScheduledThreadPoolExecutor.java:809)
        at java.util.concurrent.ThreadPoolExecutor.getTask(ThreadPoolExecutor.java:1074)
        at java.util.concurrent.ThreadPoolExecutor.runWorker(ThreadPoolExecutor.java:1134)
        at java.util.concurrent.ThreadPoolExecutor$Worker.run(ThreadPoolExecutor.java:624)
        at java.lang.Thread.run(Thread.java:750)
"StaleRecoveringContainerScrubbingService#6" daemon prio=5 tid=970 in Object.wait()
java.lang.Thread.State: WAITING (on object monitor)
        at sun.misc.Unsafe.park(Native Method)
        at java.util.concurrent.locks.LockSupport.park(LockSupport.java:175)
        at java.util.concurrent.locks.AbstractQueuedSynchronizer$ConditionObject.await(AbstractQueuedSynchronizer.java:2039)
        at java.util.concurrent.ScheduledThreadPoolExecutor$DelayedWorkQueue.take(ScheduledThreadPoolExecutor.java:1088)
        at java.util.concurrent.ScheduledThreadPoolExecutor$DelayedWorkQueue.take(ScheduledThreadPoolExecutor.java:809)
        at java.util.concurrent.ThreadPoolExecutor.getTask(ThreadPoolExecutor.java:1074)
        at java.util.concurrent.ThreadPoolExecutor.runWorker(ThreadPoolExecutor.java:1134)
        at java.util.concurrent.ThreadPoolExecutor$Worker.run(ThreadPoolExecutor.java:624)
        at java.lang.Thread.run(Thread.java:750)
"StaleRecoveringContainerScrubbingService#4" daemon prio=5 tid=924 in Object.wait()
java.lang.Thread.State: WAITING (on object monitor)
        at sun.misc.Unsafe.park(Native Method)
        at java.util.concurrent.locks.LockSupport.park(LockSupport.java:175)
        at java.util.concurrent.locks.AbstractQueuedSynchronizer$ConditionObject.await(AbstractQueuedSynchronizer.java:2039)
        at java.util.concurrent.ScheduledThreadPoolExecutor$DelayedWorkQueue.take(ScheduledThreadPoolExecutor.java:1088)
        at java.util.concurrent.ScheduledThreadPoolExecutor$DelayedWorkQueue.take(ScheduledThreadPoolExecutor.java:809)
        at java.util.concurrent.ThreadPoolExecutor.getTask(ThreadPoolExecutor.java:1074)
        at java.util.concurrent.ThreadPoolExecutor.runWorker(ThreadPoolExecutor.java:1134)
        at java.util.concurrent.ThreadPoolExecutor$Worker.run(ThreadPoolExecutor.java:624)
        at java.lang.Thread.run(Thread.java:750)
"StaleRecoveringContainerScrubbingService#1" daemon prio=5 tid=507 in Object.wait()
java.lang.Thread.State: WAITING (on object monitor)
        at sun.misc.Unsafe.park(Native Method)
        at java.util.concurrent.locks.LockSupport.park(LockSupport.java:175)
        at java.util.concurrent.locks.AbstractQueuedSynchronizer$ConditionObject.await(AbstractQueuedSynchronizer.java:2039)
        at java.util.concurrent.ScheduledThreadPoolExecutor$DelayedWorkQueue.take(ScheduledThreadPoolExecutor.java:1088)
        at java.util.concurrent.ScheduledThreadPoolExecutor$DelayedWorkQueue.take(ScheduledThreadPoolExecutor.java:809)
        at java.util.concurrent.ThreadPoolExecutor.getTask(ThreadPoolExecutor.java:1074)
        at java.util.concurrent.ThreadPoolExecutor.runWorker(ThreadPoolExecutor.java:1134)
        at java.util.concurrent.ThreadPoolExecutor$Worker.run(ThreadPoolExecutor.java:624)
        at java.lang.Thread.run(Thread.java:750)
"pool-195-thread-1"  prio=5 tid=321 timed_waiting
java.lang.Thread.State: TIMED_WAITING
        at sun.misc.Unsafe.park(Native Method)
        at java.util.concurrent.locks.LockSupport.parkNanos(LockSupport.java:215)
        at java.util.concurrent.locks.AbstractQueuedSynchronizer$ConditionObject.awaitNanos(AbstractQueuedSynchronizer.java:2078)
        at java.util.concurrent.ScheduledThreadPoolExecutor$DelayedWorkQueue.take(ScheduledThreadPoolExecutor.java:1093)
        at java.util.concurrent.ScheduledThreadPoolExecutor$DelayedWorkQueue.take(ScheduledThreadPoolExecutor.java:809)
        at java.util.concurrent.ThreadPoolExecutor.getTask(ThreadPoolExecutor.java:1074)
        at java.util.concurrent.ThreadPoolExecutor.runWorker(ThreadPoolExecutor.java:1134)
        at java.util.concurrent.ThreadPoolExecutor$Worker.run(ThreadPoolExecutor.java:624)
        at java.lang.Thread.run(Thread.java:750)
"Session-HouseKeeper-4c5aa9-1"  prio=5 tid=397 timed_waiting
java.lang.Thread.State: TIMED_WAITING
        at sun.misc.Unsafe.park(Native Method)
        at java.util.concurrent.locks.LockSupport.parkNanos(LockSupport.java:215)
        at java.util.concurrent.locks.AbstractQueuedSynchronizer$ConditionObject.awaitNanos(AbstractQueuedSynchronizer.java:2078)
        at java.util.concurrent.ScheduledThreadPoolExecutor$DelayedWorkQueue.take(ScheduledThreadPoolExecutor.java:1093)
        at java.util.concurrent.ScheduledThreadPoolExecutor$DelayedWorkQueue.take(ScheduledThreadPoolExecutor.java:809)
        at java.util.concurrent.ThreadPoolExecutor.getTask(ThreadPoolExecutor.java:1074)
        at java.util.concurrent.ThreadPoolExecutor.runWorker(ThreadPoolExecutor.java:1134)
        at java.util.concurrent.ThreadPoolExecutor$Worker.run(ThreadPoolExecutor.java:624)
        at java.lang.Thread.run(Thread.java:750)
"StaleRecoveringContainerScrubbingService#4" daemon prio=5 tid=958 in Object.wait()
java.lang.Thread.State: WAITING (on object monitor)
        at sun.misc.Unsafe.park(Native Method)
        at java.util.concurrent.locks.LockSupport.park(LockSupport.java:175)
        at java.util.concurrent.locks.AbstractQueuedSynchronizer$ConditionObject.await(AbstractQueuedSynchronizer.java:2039)
        at java.util.concurrent.ScheduledThreadPoolExecutor$DelayedWorkQueue.take(ScheduledThreadPoolExecutor.java:1088)
        at java.util.concurrent.ScheduledThreadPoolExecutor$DelayedWorkQueue.take(ScheduledThreadPoolExecutor.java:809)
        at java.util.concurrent.ThreadPoolExecutor.getTask(ThreadPoolExecutor.java:1074)
        at java.util.concurrent.ThreadPoolExecutor.runWorker(ThreadPoolExecutor.java:1134)
        at java.util.concurrent.ThreadPoolExecutor$Worker.run(ThreadPoolExecutor.java:624)
        at java.lang.Thread.run(Thread.java:750)
"StaleRecoveringContainerScrubbingService#3" daemon prio=5 tid=909 in Object.wait()
java.lang.Thread.State: WAITING (on object monitor)
        at sun.misc.Unsafe.park(Native Method)
        at java.util.concurrent.locks.LockSupport.park(LockSupport.java:175)
        at java.util.concurrent.locks.AbstractQueuedSynchronizer$ConditionObject.await(AbstractQueuedSynchronizer.java:2039)
        at java.util.concurrent.ScheduledThreadPoolExecutor$DelayedWorkQueue.take(ScheduledThreadPoolExecutor.java:1088)
        at java.util.concurrent.ScheduledThreadPoolExecutor$DelayedWorkQueue.take(ScheduledThreadPoolExecutor.java:809)
        at java.util.concurrent.ThreadPoolExecutor.getTask(ThreadPoolExecutor.java:1074)
        at java.util.concurrent.ThreadPoolExecutor.runWorker(ThreadPoolExecutor.java:1134)
        at java.util.concurrent.ThreadPoolExecutor$Worker.run(ThreadPoolExecutor.java:624)
        at java.lang.Thread.run(Thread.java:750)
"IPC Server idle connection scanner for port 40091" daemon prio=5 tid=33 timed_waiting
java.lang.Thread.State: TIMED_WAITING
        at java.lang.Object.wait(Native Method)
        at java.util.TimerThread.mainLoop(Timer.java:552)
        at java.util.TimerThread.run(Timer.java:505)
"StaleRecoveringContainerScrubbingService#6" daemon prio=5 tid=977 in Object.wait()
java.lang.Thread.State: WAITING (on object monitor)
        at sun.misc.Unsafe.park(Native Method)
        at java.util.concurrent.locks.LockSupport.park(LockSupport.java:175)
        at java.util.concurrent.locks.AbstractQueuedSynchronizer$ConditionObject.await(AbstractQueuedSynchronizer.java:2039)
        at java.util.concurrent.ScheduledThreadPoolExecutor$DelayedWorkQueue.take(ScheduledThreadPoolExecutor.java:1088)
        at java.util.concurrent.ScheduledThreadPoolExecutor$DelayedWorkQueue.take(ScheduledThreadPoolExecutor.java:809)
        at java.util.concurrent.ThreadPoolExecutor.getTask(ThreadPoolExecutor.java:1074)
        at java.util.concurrent.ThreadPoolExecutor.runWorker(ThreadPoolExecutor.java:1134)
        at java.util.concurrent.ThreadPoolExecutor$Worker.run(ThreadPoolExecutor.java:624)
        at java.lang.Thread.run(Thread.java:750)
"93701946-f5e3-4943-a932-e133db5deae9@group-321FF30531CD-StateMachineUpdater" daemon prio=5 tid=610 timed_waiting
java.lang.Thread.State: TIMED_WAITING
        at sun.misc.Unsafe.park(Native Method)
        at java.util.concurrent.locks.LockSupport.parkNanos(LockSupport.java:215)
        at java.util.concurrent.locks.AbstractQueuedSynchronizer$ConditionObject.await(AbstractQueuedSynchronizer.java:2163)
        at org.apache.ratis.util.AwaitForSignal.await(AwaitForSignal.java:62)
        at org.apache.ratis.server.impl.StateMachineUpdater.waitForCommit(StateMachineUpdater.java:207)
        at org.apache.ratis.server.impl.StateMachineUpdater.run(StateMachineUpdater.java:176)
        at java.lang.Thread.run(Thread.java:750)
"EventQueue-CloseContainerForCloseContainerEventHandler" daemon prio=5 tid=864 in Object.wait()
java.lang.Thread.State: WAITING (on object monitor)
        at sun.misc.Unsafe.park(Native Method)
        at java.util.concurrent.locks.LockSupport.park(LockSupport.java:175)
        at java.util.concurrent.locks.AbstractQueuedSynchronizer$ConditionObject.await(AbstractQueuedSynchronizer.java:2039)
        at java.util.concurrent.LinkedBlockingQueue.take(LinkedBlockingQueue.java:442)
        at java.util.concurrent.ThreadPoolExecutor.getTask(ThreadPoolExecutor.java:1074)
        at java.util.concurrent.ThreadPoolExecutor.runWorker(ThreadPoolExecutor.java:1134)
        at java.util.concurrent.ThreadPoolExecutor$Worker.run(ThreadPoolExecutor.java:624)
        at java.lang.Thread.run(Thread.java:750)
"c6074cc5-da23-4fc2-b305-e072798acc5a@group-AF998D485830-StateMachineUpdater" daemon prio=5 tid=582 timed_waiting
java.lang.Thread.State: TIMED_WAITING
        at sun.misc.Unsafe.park(Native Method)
        at java.util.concurrent.locks.LockSupport.parkNanos(LockSupport.java:215)
        at java.util.concurrent.locks.AbstractQueuedSynchronizer$ConditionObject.await(AbstractQueuedSynchronizer.java:2163)
        at org.apache.ratis.util.AwaitForSignal.await(AwaitForSignal.java:62)
        at org.apache.ratis.server.impl.StateMachineUpdater.waitForCommit(StateMachineUpdater.java:207)
        at org.apache.ratis.server.impl.StateMachineUpdater.run(StateMachineUpdater.java:176)
        at java.lang.Thread.run(Thread.java:750)
"ChunkWriter-0-0" daemon prio=5 tid=542 in Object.wait()
java.lang.Thread.State: WAITING (on object monitor)
        at sun.misc.Unsafe.park(Native Method)
        at java.util.concurrent.locks.LockSupport.park(LockSupport.java:175)
        at java.util.concurrent.locks.AbstractQueuedSynchronizer$ConditionObject.await(AbstractQueuedSynchronizer.java:2039)
        at java.util.concurrent.LinkedBlockingDeque.takeFirst(LinkedBlockingDeque.java:492)
        at java.util.concurrent.LinkedBlockingDeque.take(LinkedBlockingDeque.java:680)
        at java.util.concurrent.ThreadPoolExecutor.getTask(ThreadPoolExecutor.java:1074)
        at java.util.concurrent.ThreadPoolExecutor.runWorker(ThreadPoolExecutor.java:1134)
        at java.util.concurrent.ThreadPoolExecutor$Worker.run(ThreadPoolExecutor.java:624)
        at java.lang.Thread.run(Thread.java:750)
"IPC Server handler 17 on default port 38451" daemon prio=5 tid=83 timed_waiting
java.lang.Thread.State: TIMED_WAITING
        at sun.misc.Unsafe.park(Native Method)
        at java.util.concurrent.locks.LockSupport.parkNanos(LockSupport.java:215)
        at java.util.concurrent.locks.AbstractQueuedSynchronizer$ConditionObject.awaitNanos(AbstractQueuedSynchronizer.java:2078)
        at java.util.concurrent.LinkedBlockingQueue.poll(LinkedBlockingQueue.java:467)
        at org.apache.hadoop.ipc.CallQueueManager.take(CallQueueManager.java:317)
        at org.apache.hadoop.ipc.Server$Handler.run(Server.java:2942)
"StaleRecoveringContainerScrubbingService#0" daemon prio=5 tid=549 in Object.wait()
java.lang.Thread.State: WAITING (on object monitor)
        at sun.misc.Unsafe.park(Native Method)
        at java.util.concurrent.locks.LockSupport.park(LockSupport.java:175)
        at java.util.concurrent.locks.AbstractQueuedSynchronizer$ConditionObject.await(AbstractQueuedSynchronizer.java:2039)
        at java.util.concurrent.ScheduledThreadPoolExecutor$DelayedWorkQueue.take(ScheduledThreadPoolExecutor.java:1088)
        at java.util.concurrent.ScheduledThreadPoolExecutor$DelayedWorkQueue.take(ScheduledThreadPoolExecutor.java:809)
        at java.util.concurrent.ThreadPoolExecutor.getTask(ThreadPoolExecutor.java:1074)
        at java.util.concurrent.ThreadPoolExecutor.runWorker(ThreadPoolExecutor.java:1134)
        at java.util.concurrent.ThreadPoolExecutor$Worker.run(ThreadPoolExecutor.java:624)
        at java.lang.Thread.run(Thread.java:750)
"pool-110-thread-1" daemon prio=5 tid=235 timed_waiting
java.lang.Thread.State: TIMED_WAITING
        at sun.misc.Unsafe.park(Native Method)
        at java.util.concurrent.locks.LockSupport.parkNanos(LockSupport.java:215)
        at java.util.concurrent.locks.AbstractQueuedSynchronizer$ConditionObject.awaitNanos(AbstractQueuedSynchronizer.java:2078)
        at java.util.concurrent.ScheduledThreadPoolExecutor$DelayedWorkQueue.take(ScheduledThreadPoolExecutor.java:1093)
        at java.util.concurrent.ScheduledThreadPoolExecutor$DelayedWorkQueue.take(ScheduledThreadPoolExecutor.java:809)
        at java.util.concurrent.ThreadPoolExecutor.getTask(ThreadPoolExecutor.java:1074)
        at java.util.concurrent.ThreadPoolExecutor.runWorker(ThreadPoolExecutor.java:1134)
        at java.util.concurrent.ThreadPoolExecutor$Worker.run(ThreadPoolExecutor.java:624)
        at java.lang.Thread.run(Thread.java:750)
"grpc-default-executor-2" daemon prio=5 tid=748 timed_waiting
java.lang.Thread.State: TIMED_WAITING
        at sun.misc.Unsafe.park(Native Method)
        at java.util.concurrent.locks.LockSupport.parkNanos(LockSupport.java:215)
        at java.util.concurrent.SynchronousQueue$TransferStack.awaitFulfill(SynchronousQueue.java:460)
        at java.util.concurrent.SynchronousQueue$TransferStack.transfer(SynchronousQueue.java:362)
        at java.util.concurrent.SynchronousQueue.poll(SynchronousQueue.java:941)
        at java.util.concurrent.ThreadPoolExecutor.getTask(ThreadPoolExecutor.java:1073)
        at java.util.concurrent.ThreadPoolExecutor.runWorker(ThreadPoolExecutor.java:1134)
        at java.util.concurrent.ThreadPoolExecutor$Worker.run(ThreadPoolExecutor.java:624)
        at java.lang.Thread.run(Thread.java:750)
"Datanode State Machine Task Thread - 1"  prio=5 tid=540 in Object.wait()
java.lang.Thread.State: WAITING (on object monitor)
        at sun.misc.Unsafe.park(Native Method)
        at java.util.concurrent.locks.LockSupport.park(LockSupport.java:175)
        at java.util.concurrent.locks.AbstractQueuedSynchronizer$ConditionObject.await(AbstractQueuedSynchronizer.java:2039)
        at java.util.concurrent.LinkedBlockingQueue.take(LinkedBlockingQueue.java:442)
        at java.util.concurrent.ThreadPoolExecutor.getTask(ThreadPoolExecutor.java:1074)
        at java.util.concurrent.ThreadPoolExecutor.runWorker(ThreadPoolExecutor.java:1134)
        at java.util.concurrent.ThreadPoolExecutor$Worker.run(ThreadPoolExecutor.java:624)
        at java.lang.Thread.run(Thread.java:750)
"Datanode ReportManager Thread - 0" daemon prio=5 tid=278 timed_waiting
java.lang.Thread.State: TIMED_WAITING
        at sun.misc.Unsafe.park(Native Method)
        at java.util.concurrent.locks.LockSupport.parkNanos(LockSupport.java:215)
        at java.util.concurrent.locks.AbstractQueuedSynchronizer$ConditionObject.awaitNanos(AbstractQueuedSynchronizer.java:2078)
        at java.util.concurrent.ScheduledThreadPoolExecutor$DelayedWorkQueue.take(ScheduledThreadPoolExecutor.java:1093)
        at java.util.concurrent.ScheduledThreadPoolExecutor$DelayedWorkQueue.take(ScheduledThreadPoolExecutor.java:809)
        at java.util.concurrent.ThreadPoolExecutor.getTask(ThreadPoolExecutor.java:1074)
        at java.util.concurrent.ThreadPoolExecutor.runWorker(ThreadPoolExecutor.java:1134)
        at java.util.concurrent.ThreadPoolExecutor$Worker.run(ThreadPoolExecutor.java:624)
        at java.lang.Thread.run(Thread.java:750)
"qtp634225415-268" daemon prio=5 tid=268 runnable
java.lang.Thread.State: RUNNABLE
        at sun.nio.ch.EPollArrayWrapper.epollWait(Native Method)
        at sun.nio.ch.EPollArrayWrapper.poll(EPollArrayWrapper.java:269)
        at sun.nio.ch.EPollSelectorImpl.doSelect(EPollSelectorImpl.java:93)
        at sun.nio.ch.SelectorImpl.lockAndDoSelect(SelectorImpl.java:86)
        at sun.nio.ch.SelectorImpl.select(SelectorImpl.java:97)
        at sun.nio.ch.SelectorImpl.select(SelectorImpl.java:101)
        at org.eclipse.jetty.io.ManagedSelector.nioSelect(ManagedSelector.java:183)
        at org.eclipse.jetty.io.ManagedSelector.select(ManagedSelector.java:190)
        at org.eclipse.jetty.io.ManagedSelector$SelectorProducer.select(ManagedSelector.java:606)
        at org.eclipse.jetty.io.ManagedSelector$SelectorProducer.produce(ManagedSelector.java:543)
        at org.eclipse.jetty.util.thread.strategy.EatWhatYouKill.produceTask(EatWhatYouKill.java:362)
        at org.eclipse.jetty.util.thread.strategy.EatWhatYouKill.doProduce(EatWhatYouKill.java:186)
        at org.eclipse.jetty.util.thread.strategy.EatWhatYouKill.tryProduce(EatWhatYouKill.java:173)
        at org.eclipse.jetty.util.thread.strategy.EatWhatYouKill.produce(EatWhatYouKill.java:137)
        at org.eclipse.jetty.io.ManagedSelector$$Lambda$453/333825340.run(Unknown Source)
        at org.eclipse.jetty.util.thread.QueuedThreadPool.runJob(QueuedThreadPool.java:883)
        at org.eclipse.jetty.util.thread.QueuedThreadPool$Runner.run(QueuedThreadPool.java:1034)
        at java.lang.Thread.run(Thread.java:750)
"EventQueue-PipelineReportForPipelineReportHandler" daemon prio=5 tid=525 in Object.wait()
java.lang.Thread.State: WAITING (on object monitor)
        at sun.misc.Unsafe.park(Native Method)
        at java.util.concurrent.locks.LockSupport.park(LockSupport.java:175)
        at java.util.concurrent.locks.AbstractQueuedSynchronizer$ConditionObject.await(AbstractQueuedSynchronizer.java:2039)
        at java.util.concurrent.LinkedBlockingQueue.take(LinkedBlockingQueue.java:442)
        at java.util.concurrent.ThreadPoolExecutor.getTask(ThreadPoolExecutor.java:1074)
        at java.util.concurrent.ThreadPoolExecutor.runWorker(ThreadPoolExecutor.java:1134)
        at java.util.concurrent.ThreadPoolExecutor$Worker.run(ThreadPoolExecutor.java:624)
        at java.lang.Thread.run(Thread.java:750)
"4243b07b-dbe8-44bd-919c-c5b59c546d4c-server-thread2" daemon prio=5 tid=849 timed_waiting
java.lang.Thread.State: TIMED_WAITING
        at sun.misc.Unsafe.park(Native Method)
        at java.util.concurrent.locks.LockSupport.parkNanos(LockSupport.java:215)
        at java.util.concurrent.SynchronousQueue$TransferStack.awaitFulfill(SynchronousQueue.java:460)
        at java.util.concurrent.SynchronousQueue$TransferStack.transfer(SynchronousQueue.java:362)
        at java.util.concurrent.SynchronousQueue.poll(SynchronousQueue.java:941)
        at java.util.concurrent.ThreadPoolExecutor.getTask(ThreadPoolExecutor.java:1073)
        at java.util.concurrent.ThreadPoolExecutor.runWorker(ThreadPoolExecutor.java:1134)
        at java.util.concurrent.ThreadPoolExecutor$Worker.run(ThreadPoolExecutor.java:624)
        at java.lang.Thread.run(Thread.java:750)
"93701946-f5e3-4943-a932-e133db5deae9@group-67DBD99A6914-FollowerState" daemon prio=5 tid=891 timed_waiting
java.lang.Thread.State: TIMED_WAITING
        at java.lang.Thread.sleep(Native Method)
        at java.lang.Thread.sleep(Thread.java:342)
        at java.util.concurrent.TimeUnit.sleep(TimeUnit.java:386)
        at org.apache.ratis.util.TimeDuration.sleep(TimeDuration.java:325)
        at org.apache.ratis.util.TimeDuration.sleep(TimeDuration.java:310)
        at org.apache.ratis.server.impl.FollowerState.run(FollowerState.java:128)
"StaleRecoveringContainerScrubbingService#0" daemon prio=5 tid=485 in Object.wait()
java.lang.Thread.State: WAITING (on object monitor)
        at sun.misc.Unsafe.park(Native Method)
        at java.util.concurrent.locks.LockSupport.park(LockSupport.java:175)
        at java.util.concurrent.locks.AbstractQueuedSynchronizer$ConditionObject.await(AbstractQueuedSynchronizer.java:2039)
        at java.util.concurrent.ScheduledThreadPoolExecutor$DelayedWorkQueue.take(ScheduledThreadPoolExecutor.java:1088)
        at java.util.concurrent.ScheduledThreadPoolExecutor$DelayedWorkQueue.take(ScheduledThreadPoolExecutor.java:809)
        at java.util.concurrent.ThreadPoolExecutor.getTask(ThreadPoolExecutor.java:1074)
        at java.util.concurrent.ThreadPoolExecutor.runWorker(ThreadPoolExecutor.java:1134)
        at java.util.concurrent.ThreadPoolExecutor$Worker.run(ThreadPoolExecutor.java:624)
        at java.lang.Thread.run(Thread.java:750)
"pool-163-thread-1"  prio=5 tid=635 in Object.wait()
java.lang.Thread.State: WAITING (on object monitor)
        at sun.misc.Unsafe.park(Native Method)
        at java.util.concurrent.locks.LockSupport.park(LockSupport.java:175)
        at java.util.concurrent.locks.AbstractQueuedSynchronizer$ConditionObject.await(AbstractQueuedSynchronizer.java:2039)
        at java.util.concurrent.LinkedBlockingQueue.take(LinkedBlockingQueue.java:442)
        at java.util.concurrent.ThreadPoolExecutor.getTask(ThreadPoolExecutor.java:1074)
        at java.util.concurrent.ThreadPoolExecutor.runWorker(ThreadPoolExecutor.java:1134)
        at java.util.concurrent.ThreadPoolExecutor$Worker.run(ThreadPoolExecutor.java:624)
        at java.lang.Thread.run(Thread.java:750)
"StaleRecoveringContainerScrubbingService#5" daemon prio=5 tid=968 in Object.wait()
java.lang.Thread.State: WAITING (on object monitor)
        at sun.misc.Unsafe.park(Native Method)
        at java.util.concurrent.locks.LockSupport.park(LockSupport.java:175)
        at java.util.concurrent.locks.AbstractQueuedSynchronizer$ConditionObject.await(AbstractQueuedSynchronizer.java:2039)
        at java.util.concurrent.ScheduledThreadPoolExecutor$DelayedWorkQueue.take(ScheduledThreadPoolExecutor.java:1088)
        at java.util.concurrent.ScheduledThreadPoolExecutor$DelayedWorkQueue.take(ScheduledThreadPoolExecutor.java:809)
        at java.util.concurrent.ThreadPoolExecutor.getTask(ThreadPoolExecutor.java:1074)
        at java.util.concurrent.ThreadPoolExecutor.runWorker(ThreadPoolExecutor.java:1134)
        at java.util.concurrent.ThreadPoolExecutor$Worker.run(ThreadPoolExecutor.java:624)
        at java.lang.Thread.run(Thread.java:750)
"ChunkWriter-0-0" daemon prio=5 tid=566 in Object.wait()
java.lang.Thread.State: WAITING (on object monitor)
        at sun.misc.Unsafe.park(Native Method)
        at java.util.concurrent.locks.LockSupport.park(LockSupport.java:175)
        at java.util.concurrent.locks.AbstractQueuedSynchronizer$ConditionObject.await(AbstractQueuedSynchronizer.java:2039)
        at java.util.concurrent.LinkedBlockingDeque.takeFirst(LinkedBlockingDeque.java:492)
        at java.util.concurrent.LinkedBlockingDeque.take(LinkedBlockingDeque.java:680)
        at java.util.concurrent.ThreadPoolExecutor.getTask(ThreadPoolExecutor.java:1074)
        at java.util.concurrent.ThreadPoolExecutor.runWorker(ThreadPoolExecutor.java:1134)
        at java.util.concurrent.ThreadPoolExecutor$Worker.run(ThreadPoolExecutor.java:624)
        at java.lang.Thread.run(Thread.java:750)
"EndpointStateMachine task thread for /0.0.0.0:44923 - 0 "  prio=5 tid=399 in Object.wait()
java.lang.Thread.State: WAITING (on object monitor)
        at sun.misc.Unsafe.park(Native Method)
        at java.util.concurrent.locks.LockSupport.park(LockSupport.java:175)
        at java.util.concurrent.locks.AbstractQueuedSynchronizer$ConditionObject.await(AbstractQueuedSynchronizer.java:2039)
        at java.util.concurrent.LinkedBlockingQueue.take(LinkedBlockingQueue.java:442)
        at java.util.concurrent.ThreadPoolExecutor.getTask(ThreadPoolExecutor.java:1074)
        at java.util.concurrent.ThreadPoolExecutor.runWorker(ThreadPoolExecutor.java:1134)
        at java.util.concurrent.ThreadPoolExecutor$Worker.run(ThreadPoolExecutor.java:624)
        at java.lang.Thread.run(Thread.java:750)
"StaleRecoveringContainerScrubbingService#8" daemon prio=5 tid=1000 in Object.wait()
java.lang.Thread.State: WAITING (on object monitor)
        at sun.misc.Unsafe.park(Native Method)
        at java.util.concurrent.locks.LockSupport.park(LockSupport.java:175)
        at java.util.concurrent.locks.AbstractQueuedSynchronizer$ConditionObject.await(AbstractQueuedSynchronizer.java:2039)
        at java.util.concurrent.ScheduledThreadPoolExecutor$DelayedWorkQueue.take(ScheduledThreadPoolExecutor.java:1088)
        at java.util.concurrent.ScheduledThreadPoolExecutor$DelayedWorkQueue.take(ScheduledThreadPoolExecutor.java:809)
        at java.util.concurrent.ThreadPoolExecutor.getTask(ThreadPoolExecutor.java:1074)
        at java.util.concurrent.ThreadPoolExecutor.runWorker(ThreadPoolExecutor.java:1134)
        at java.util.concurrent.ThreadPoolExecutor$Worker.run(ThreadPoolExecutor.java:624)
        at java.lang.Thread.run(Thread.java:750)
"IPC Server handler 14 on default port 40091" daemon prio=5 tid=60 timed_waiting
java.lang.Thread.State: TIMED_WAITING
        at sun.misc.Unsafe.park(Native Method)
        at java.util.concurrent.locks.LockSupport.parkNanos(LockSupport.java:215)
        at java.util.concurrent.locks.AbstractQueuedSynchronizer$ConditionObject.awaitNanos(AbstractQueuedSynchronizer.java:2078)
        at java.util.concurrent.LinkedBlockingQueue.poll(LinkedBlockingQueue.java:467)
        at org.apache.hadoop.ipc.CallQueueManager.take(CallQueueManager.java:317)
        at org.apache.hadoop.ipc.Server$Handler.run(Server.java:2942)
"qtp654838366-390-acceptor-0@6f2a82f-ServerConnector@4ad1b8d{HTTP/1.1, (http/1.1)}{0.0.0.0:46133}" daemon prio=3 tid=390 runnable
java.lang.Thread.State: RUNNABLE
        at sun.nio.ch.ServerSocketChannelImpl.accept0(Native Method)
        at sun.nio.ch.ServerSocketChannelImpl.accept(ServerSocketChannelImpl.java:421)
        at sun.nio.ch.ServerSocketChannelImpl.accept(ServerSocketChannelImpl.java:249)
        at org.eclipse.jetty.server.ServerConnector.accept(ServerConnector.java:388)
        at org.eclipse.jetty.server.AbstractConnector$Acceptor.run(AbstractConnector.java:704)
        at org.eclipse.jetty.util.thread.QueuedThreadPool.runJob(QueuedThreadPool.java:883)
        at org.eclipse.jetty.util.thread.QueuedThreadPool$Runner.run(QueuedThreadPool.java:1034)
        at java.lang.Thread.run(Thread.java:750)
"qtp321206983-147" daemon prio=5 tid=147 timed_waiting
java.lang.Thread.State: TIMED_WAITING
        at sun.misc.Unsafe.park(Native Method)
        at java.util.concurrent.locks.LockSupport.parkNanos(LockSupport.java:215)
        at java.util.concurrent.locks.AbstractQueuedSynchronizer$ConditionObject.awaitNanos(AbstractQueuedSynchronizer.java:2078)
        at org.eclipse.jetty.util.BlockingArrayQueue.poll(BlockingArrayQueue.java:382)
        at org.eclipse.jetty.util.thread.QueuedThreadPool$Runner.idleJobPoll(QueuedThreadPool.java:974)
        at org.eclipse.jetty.util.thread.QueuedThreadPool$Runner.run(QueuedThreadPool.java:1018)
        at java.lang.Thread.run(Thread.java:750)
"Datanode State Machine Task Thread - 0"  prio=5 tid=418 in Object.wait()
java.lang.Thread.State: WAITING (on object monitor)
        at sun.misc.Unsafe.park(Native Method)
        at java.util.concurrent.locks.LockSupport.park(LockSupport.java:175)
        at java.util.concurrent.locks.AbstractQueuedSynchronizer$ConditionObject.await(AbstractQueuedSynchronizer.java:2039)
        at java.util.concurrent.LinkedBlockingQueue.take(LinkedBlockingQueue.java:442)
        at java.util.concurrent.ThreadPoolExecutor.getTask(ThreadPoolExecutor.java:1074)
        at java.util.concurrent.ThreadPoolExecutor.runWorker(ThreadPoolExecutor.java:1134)
        at java.util.concurrent.ThreadPoolExecutor$Worker.run(ThreadPoolExecutor.java:624)
        at java.lang.Thread.run(Thread.java:750)
"qtp634225415-274" daemon prio=5 tid=274 timed_waiting
java.lang.Thread.State: TIMED_WAITING
        at sun.misc.Unsafe.park(Native Method)
        at java.util.concurrent.locks.LockSupport.parkNanos(LockSupport.java:215)
        at java.util.concurrent.locks.AbstractQueuedSynchronizer$ConditionObject.awaitNanos(AbstractQueuedSynchronizer.java:2078)
        at org.eclipse.jetty.util.BlockingArrayQueue.poll(BlockingArrayQueue.java:382)
        at org.eclipse.jetty.util.thread.QueuedThreadPool$Runner.idleJobPoll(QueuedThreadPool.java:974)
        at org.eclipse.jetty.util.thread.QueuedThreadPool$Runner.run(QueuedThreadPool.java:1018)
        at java.lang.Thread.run(Thread.java:750)
"4243b07b-dbe8-44bd-919c-c5b59c546d4c-server-thread1" daemon prio=5 tid=848 timed_waiting
java.lang.Thread.State: TIMED_WAITING
        at sun.misc.Unsafe.park(Native Method)
        at java.util.concurrent.locks.LockSupport.parkNanos(LockSupport.java:215)
        at java.util.concurrent.SynchronousQueue$TransferStack.awaitFulfill(SynchronousQueue.java:460)
        at java.util.concurrent.SynchronousQueue$TransferStack.transfer(SynchronousQueue.java:362)
        at java.util.concurrent.SynchronousQueue.poll(SynchronousQueue.java:941)
        at java.util.concurrent.ThreadPoolExecutor.getTask(ThreadPoolExecutor.java:1073)
        at java.util.concurrent.ThreadPoolExecutor.runWorker(ThreadPoolExecutor.java:1134)
        at java.util.concurrent.ThreadPoolExecutor$Worker.run(ThreadPoolExecutor.java:624)
        at java.lang.Thread.run(Thread.java:750)
"Datanode ReportManager Thread - 0" daemon prio=5 tid=372 timed_waiting
java.lang.Thread.State: TIMED_WAITING
        at sun.misc.Unsafe.park(Native Method)
        at java.util.concurrent.locks.LockSupport.parkNanos(LockSupport.java:215)
        at java.util.concurrent.locks.AbstractQueuedSynchronizer$ConditionObject.awaitNanos(AbstractQueuedSynchronizer.java:2078)
        at java.util.concurrent.ScheduledThreadPoolExecutor$DelayedWorkQueue.take(ScheduledThreadPoolExecutor.java:1093)
        at java.util.concurrent.ScheduledThreadPoolExecutor$DelayedWorkQueue.take(ScheduledThreadPoolExecutor.java:809)
        at java.util.concurrent.ThreadPoolExecutor.getTask(ThreadPoolExecutor.java:1074)
        at java.util.concurrent.ThreadPoolExecutor.runWorker(ThreadPoolExecutor.java:1134)
        at java.util.concurrent.ThreadPoolExecutor$Worker.run(ThreadPoolExecutor.java:624)
        at java.lang.Thread.run(Thread.java:750)
"8d5822ee-b1dd-46af-beb1-0638b7fa15fc@group-FA7DB534425B-SegmentedRaftLogWorker"  prio=5 tid=649 timed_waiting
java.lang.Thread.State: TIMED_WAITING
        at sun.misc.Unsafe.park(Native Method)
        at java.util.concurrent.locks.LockSupport.parkNanos(LockSupport.java:215)
        at java.util.concurrent.locks.AbstractQueuedSynchronizer$ConditionObject.awaitNanos(AbstractQueuedSynchronizer.java:2078)
        at org.apache.ratis.util.DataBlockingQueue.poll(DataBlockingQueue.java:148)
        at org.apache.ratis.server.raftlog.segmented.SegmentedRaftLogWorker.run(SegmentedRaftLogWorker.java:312)
        at org.apache.ratis.server.raftlog.segmented.SegmentedRaftLogWorker$$Lambda$693/570605234.run(Unknown Source)
        at java.lang.Thread.run(Thread.java:750)
"IPC Server handler 0 on default port 40091" daemon prio=5 tid=46 timed_waiting
java.lang.Thread.State: TIMED_WAITING
        at sun.misc.Unsafe.park(Native Method)
        at java.util.concurrent.locks.LockSupport.parkNanos(LockSupport.java:215)
        at java.util.concurrent.locks.AbstractQueuedSynchronizer$ConditionObject.awaitNanos(AbstractQueuedSynchronizer.java:2078)
        at java.util.concurrent.LinkedBlockingQueue.poll(LinkedBlockingQueue.java:467)
        at org.apache.hadoop.ipc.CallQueueManager.take(CallQueueManager.java:317)
        at org.apache.hadoop.ipc.Server$Handler.run(Server.java:2942)
"IPC Server handler 1 on default port 44923" daemon prio=5 tid=87 timed_waiting
java.lang.Thread.State: TIMED_WAITING
        at sun.misc.Unsafe.park(Native Method)
        at java.util.concurrent.locks.LockSupport.parkNanos(LockSupport.java:215)
        at java.util.concurrent.locks.AbstractQueuedSynchronizer$ConditionObject.awaitNanos(AbstractQueuedSynchronizer.java:2078)
        at java.util.concurrent.LinkedBlockingQueue.poll(LinkedBlockingQueue.java:467)
        at org.apache.hadoop.ipc.CallQueueManager.take(CallQueueManager.java:317)
        at org.apache.hadoop.ipc.Server$Handler.run(Server.java:2942)
"4243b07b-dbe8-44bd-919c-c5b59c546d4c-NettyServerStreamRpc-bossGroup--thread1"  prio=5 tid=318 runnable
java.lang.Thread.State: RUNNABLE
        at sun.nio.ch.EPollArrayWrapper.epollWait(Native Method)
        at sun.nio.ch.EPollArrayWrapper.poll(EPollArrayWrapper.java:269)
        at sun.nio.ch.EPollSelectorImpl.doSelect(EPollSelectorImpl.java:93)
        at sun.nio.ch.SelectorImpl.lockAndDoSelect(SelectorImpl.java:86)
        at sun.nio.ch.SelectorImpl.select(SelectorImpl.java:97)
        at sun.nio.ch.SelectorImpl.select(SelectorImpl.java:101)
        at org.apache.ratis.thirdparty.io.netty.channel.nio.SelectedSelectionKeySetSelector.select(SelectedSelectionKeySetSelector.java:68)
        at org.apache.ratis.thirdparty.io.netty.channel.nio.NioEventLoop.select(NioEventLoop.java:813)
        at org.apache.ratis.thirdparty.io.netty.channel.nio.NioEventLoop.run(NioEventLoop.java:460)
        at org.apache.ratis.thirdparty.io.netty.util.concurrent.SingleThreadEventExecutor$4.run(SingleThreadEventExecutor.java:995)
        at org.apache.ratis.thirdparty.io.netty.util.internal.ThreadExecutorMap$2.run(ThreadExecutorMap.java:74)
        at java.lang.Thread.run(Thread.java:750)
"qtp634225415-269-acceptor-0@56dfb05b-ServerConnector@2dc10c50{HTTP/1.1, (http/1.1)}{0.0.0.0:44391}" daemon prio=3 tid=269 runnable
java.lang.Thread.State: RUNNABLE
        at sun.nio.ch.ServerSocketChannelImpl.accept0(Native Method)
        at sun.nio.ch.ServerSocketChannelImpl.accept(ServerSocketChannelImpl.java:421)
        at sun.nio.ch.ServerSocketChannelImpl.accept(ServerSocketChannelImpl.java:249)
        at org.eclipse.jetty.server.ServerConnector.accept(ServerConnector.java:388)
        at org.eclipse.jetty.server.AbstractConnector$Acceptor.run(AbstractConnector.java:704)
        at org.eclipse.jetty.util.thread.QueuedThreadPool.runJob(QueuedThreadPool.java:883)
        at org.eclipse.jetty.util.thread.QueuedThreadPool$Runner.run(QueuedThreadPool.java:1034)
        at java.lang.Thread.run(Thread.java:750)
"org.apache.hadoop.util.JvmPauseMonitor$Monitor@2b115803" daemon prio=5 tid=311 timed_waiting
java.lang.Thread.State: TIMED_WAITING
        at java.lang.Thread.sleep(Native Method)
        at org.apache.hadoop.util.JvmPauseMonitor$Monitor.run(JvmPauseMonitor.java:192)
        at java.lang.Thread.run(Thread.java:750)
"7141d06d-71d8-4a56-9b5d-23c6772b1ac6@group-34335D786654-FollowerState" daemon prio=5 tid=930 timed_waiting
java.lang.Thread.State: TIMED_WAITING
        at java.lang.Thread.sleep(Native Method)
        at java.lang.Thread.sleep(Thread.java:342)
        at java.util.concurrent.TimeUnit.sleep(TimeUnit.java:386)
        at org.apache.ratis.util.TimeDuration.sleep(TimeDuration.java:325)
        at org.apache.ratis.util.TimeDuration.sleep(TimeDuration.java:310)
        at org.apache.ratis.server.impl.FollowerState.run(FollowerState.java:128)
"Datanode ReportManager Thread - 4" daemon prio=5 tid=199 timed_waiting
java.lang.Thread.State: TIMED_WAITING
        at sun.misc.Unsafe.park(Native Method)
        at java.util.concurrent.locks.LockSupport.parkNanos(LockSupport.java:215)
        at java.util.concurrent.locks.AbstractQueuedSynchronizer$ConditionObject.awaitNanos(AbstractQueuedSynchronizer.java:2078)
        at java.util.concurrent.ScheduledThreadPoolExecutor$DelayedWorkQueue.take(ScheduledThreadPoolExecutor.java:1093)
        at java.util.concurrent.ScheduledThreadPoolExecutor$DelayedWorkQueue.take(ScheduledThreadPoolExecutor.java:809)
        at java.util.concurrent.ThreadPoolExecutor.getTask(ThreadPoolExecutor.java:1074)
        at java.util.concurrent.ThreadPoolExecutor.runWorker(ThreadPoolExecutor.java:1134)
        at java.util.concurrent.ThreadPoolExecutor$Worker.run(ThreadPoolExecutor.java:624)
        at java.lang.Thread.run(Thread.java:750)
"OpenKeyCleanupService#0" daemon prio=5 tid=143 timed_waiting
java.lang.Thread.State: TIMED_WAITING
        at sun.misc.Unsafe.park(Native Method)
        at java.util.concurrent.locks.LockSupport.parkNanos(LockSupport.java:215)
        at java.util.concurrent.locks.AbstractQueuedSynchronizer$ConditionObject.awaitNanos(AbstractQueuedSynchronizer.java:2078)
        at java.util.concurrent.ScheduledThreadPoolExecutor$DelayedWorkQueue.take(ScheduledThreadPoolExecutor.java:1093)
        at java.util.concurrent.ScheduledThreadPoolExecutor$DelayedWorkQueue.take(ScheduledThreadPoolExecutor.java:809)
        at java.util.concurrent.ThreadPoolExecutor.getTask(ThreadPoolExecutor.java:1074)
        at java.util.concurrent.ThreadPoolExecutor.runWorker(ThreadPoolExecutor.java:1134)
        at java.util.concurrent.ThreadPoolExecutor$Worker.run(ThreadPoolExecutor.java:624)
        at java.lang.Thread.run(Thread.java:750)
"IPC Server listener on 0" daemon prio=5 tid=23 runnable
java.lang.Thread.State: RUNNABLE
        at sun.nio.ch.EPollArrayWrapper.epollWait(Native Method)
        at sun.nio.ch.EPollArrayWrapper.poll(EPollArrayWrapper.java:269)
        at sun.nio.ch.EPollSelectorImpl.doSelect(EPollSelectorImpl.java:93)
        at sun.nio.ch.SelectorImpl.lockAndDoSelect(SelectorImpl.java:86)
        at sun.nio.ch.SelectorImpl.select(SelectorImpl.java:97)
        at sun.nio.ch.SelectorImpl.select(SelectorImpl.java:101)
        at org.apache.hadoop.ipc.Server$Listener.run(Server.java:1358)
"Periodic HDDS volume checker" daemon prio=5 tid=204 timed_waiting
java.lang.Thread.State: TIMED_WAITING
        at sun.misc.Unsafe.park(Native Method)
        at java.util.concurrent.locks.LockSupport.parkNanos(LockSupport.java:215)
        at java.util.concurrent.locks.AbstractQueuedSynchronizer$ConditionObject.awaitNanos(AbstractQueuedSynchronizer.java:2078)
        at java.util.concurrent.ScheduledThreadPoolExecutor$DelayedWorkQueue.take(ScheduledThreadPoolExecutor.java:1093)
        at java.util.concurrent.ScheduledThreadPoolExecutor$DelayedWorkQueue.take(ScheduledThreadPoolExecutor.java:809)
        at java.util.concurrent.ThreadPoolExecutor.getTask(ThreadPoolExecutor.java:1074)
        at java.util.concurrent.ThreadPoolExecutor.runWorker(ThreadPoolExecutor.java:1134)
        at java.util.concurrent.ThreadPoolExecutor$Worker.run(ThreadPoolExecutor.java:624)
        at java.lang.Thread.run(Thread.java:750)
"StaleRecoveringContainerScrubbingService#6" daemon prio=5 tid=969 in Object.wait()
java.lang.Thread.State: WAITING (on object monitor)
        at sun.misc.Unsafe.park(Native Method)
        at java.util.concurrent.locks.LockSupport.park(LockSupport.java:175)
        at java.util.concurrent.locks.AbstractQueuedSynchronizer$ConditionObject.await(AbstractQueuedSynchronizer.java:2039)
        at java.util.concurrent.ScheduledThreadPoolExecutor$DelayedWorkQueue.take(ScheduledThreadPoolExecutor.java:1088)
        at java.util.concurrent.ScheduledThreadPoolExecutor$DelayedWorkQueue.take(ScheduledThreadPoolExecutor.java:809)
        at java.util.concurrent.ThreadPoolExecutor.getTask(ThreadPoolExecutor.java:1074)
        at java.util.concurrent.ThreadPoolExecutor.runWorker(ThreadPoolExecutor.java:1134)
        at java.util.concurrent.ThreadPoolExecutor$Worker.run(ThreadPoolExecutor.java:624)
        at java.lang.Thread.run(Thread.java:750)
"Datanode State Machine Task Thread - 1"  prio=5 tid=398 in Object.wait()
java.lang.Thread.State: WAITING (on object monitor)
        at sun.misc.Unsafe.park(Native Method)
        at java.util.concurrent.locks.LockSupport.park(LockSupport.java:175)
        at java.util.concurrent.locks.AbstractQueuedSynchronizer$ConditionObject.await(AbstractQueuedSynchronizer.java:2039)
        at java.util.concurrent.LinkedBlockingQueue.take(LinkedBlockingQueue.java:442)
        at java.util.concurrent.ThreadPoolExecutor.getTask(ThreadPoolExecutor.java:1074)
        at java.util.concurrent.ThreadPoolExecutor.runWorker(ThreadPoolExecutor.java:1134)
        at java.util.concurrent.ThreadPoolExecutor$Worker.run(ThreadPoolExecutor.java:624)
        at java.lang.Thread.run(Thread.java:750)
"StaleRecoveringContainerScrubbingService#0" daemon prio=5 tid=368 in Object.wait()
java.lang.Thread.State: WAITING (on object monitor)
        at sun.misc.Unsafe.park(Native Method)
        at java.util.concurrent.locks.LockSupport.park(LockSupport.java:175)
        at java.util.concurrent.locks.AbstractQueuedSynchronizer$ConditionObject.await(AbstractQueuedSynchronizer.java:2039)
        at java.util.concurrent.ScheduledThreadPoolExecutor$DelayedWorkQueue.take(ScheduledThreadPoolExecutor.java:1088)
        at java.util.concurrent.ScheduledThreadPoolExecutor$DelayedWorkQueue.take(ScheduledThreadPoolExecutor.java:809)
        at java.util.concurrent.ThreadPoolExecutor.getTask(ThreadPoolExecutor.java:1074)
        at java.util.concurrent.ThreadPoolExecutor.runWorker(ThreadPoolExecutor.java:1134)
        at java.util.concurrent.ThreadPoolExecutor$Worker.run(ThreadPoolExecutor.java:624)
        at java.lang.Thread.run(Thread.java:750)
"qtp1054378603-244" daemon prio=5 tid=244 timed_waiting
java.lang.Thread.State: TIMED_WAITING
        at sun.misc.Unsafe.park(Native Method)
        at java.util.concurrent.locks.LockSupport.parkNanos(LockSupport.java:215)
        at java.util.concurrent.locks.AbstractQueuedSynchronizer$ConditionObject.awaitNanos(AbstractQueuedSynchronizer.java:2078)
        at org.eclipse.jetty.util.BlockingArrayQueue.poll(BlockingArrayQueue.java:382)
        at org.eclipse.jetty.util.thread.QueuedThreadPool$Runner.idleJobPoll(QueuedThreadPool.java:974)
        at org.eclipse.jetty.util.thread.QueuedThreadPool$Runner.run(QueuedThreadPool.java:1018)
        at java.lang.Thread.run(Thread.java:750)
"EventQueue-StaleNodeForStaleNodeHandler" daemon prio=5 tid=863 in Object.wait()
java.lang.Thread.State: WAITING (on object monitor)
        at sun.misc.Unsafe.park(Native Method)
        at java.util.concurrent.locks.LockSupport.park(LockSupport.java:175)
        at java.util.concurrent.locks.AbstractQueuedSynchronizer$ConditionObject.await(AbstractQueuedSynchronizer.java:2039)
        at java.util.concurrent.LinkedBlockingQueue.take(LinkedBlockingQueue.java:442)
        at java.util.concurrent.ThreadPoolExecutor.getTask(ThreadPoolExecutor.java:1074)
        at java.util.concurrent.ThreadPoolExecutor.runWorker(ThreadPoolExecutor.java:1134)
        at java.util.concurrent.ThreadPoolExecutor$Worker.run(ThreadPoolExecutor.java:624)
        at java.lang.Thread.run(Thread.java:750)
"Listener at 127.0.0.1/46625"  prio=5 tid=1 runnable
java.lang.Thread.State: RUNNABLE
        at java.lang.Thread.dumpThreads(Native Method)
        at java.lang.Thread.getAllStackTraces(Thread.java:1615)
        at org.apache.ozone.test.TimedOutTestsListener.buildThreadDump(TimedOutTestsListener.java:93)
        at org.apache.ozone.test.TimedOutTestsListener.buildThreadDiagnosticString(TimedOutTestsListener.java:79)
        at org.apache.ozone.test.GenericTestUtils.waitFor(GenericTestUtils.java:231)
        at org.apache.hadoop.ozone.container.TestECContainerRecovery.waitForContainerCount(TestECContainerRecovery.java:386)
        at org.apache.hadoop.ozone.container.TestECContainerRecovery.testContainerRecoveryOverReplicationProcessing(TestECContainerRecovery.java:237)
        at sun.reflect.NativeMethodAccessorImpl.invoke0(Native Method)
        at sun.reflect.NativeMethodAccessorImpl.invoke(NativeMethodAccessorImpl.java:62)
        at sun.reflect.DelegatingMethodAccessorImpl.invoke(DelegatingMethodAccessorImpl.java:43)
        at java.lang.reflect.Method.invoke(Method.java:498)
        at org.junit.platform.commons.util.ReflectionUtils.invokeMethod(ReflectionUtils.java:725)
        at org.junit.jupiter.engine.execution.MethodInvocation.proceed(MethodInvocation.java:60)
        at org.junit.jupiter.engine.execution.InvocationInterceptorChain$ValidatingInvocation.proceed(InvocationInterceptorChain.java:131)
        at org.junit.jupiter.engine.extension.TimeoutExtension.intercept(TimeoutExtension.java:149)
        at org.junit.jupiter.engine.extension.TimeoutExtension.interceptTestableMethod(TimeoutExtension.java:140)
        at org.junit.jupiter.engine.extension.TimeoutExtension.interceptTestMethod(TimeoutExtension.java:84)
        at org.junit.jupiter.engine.descriptor.TestMethodTestDescriptor$$Lambda$158/609656250.apply(Unknown Source)
        at org.junit.jupiter.engine.execution.ExecutableInvoker$ReflectiveInterceptorCall.lambda$ofVoidMethod$0(ExecutableInvoker.java:115)
        at org.junit.jupiter.engine.execution.ExecutableInvoker$ReflectiveInterceptorCall$$Lambda$159/1904783235.apply(Unknown Source)
        at org.junit.jupiter.engine.execution.ExecutableInvoker.lambda$invoke$0(ExecutableInvoker.java:105)
        at org.junit.jupiter.engine.execution.ExecutableInvoker$$Lambda$323/53940034.apply(Unknown Source)
        at org.junit.jupiter.engine.execution.InvocationInterceptorChain$InterceptedInvocation.proceed(InvocationInterceptorChain.java:106)
        at org.junit.jupiter.engine.execution.InvocationInterceptorChain.proceed(InvocationInterceptorChain.java:64)
        at org.junit.jupiter.engine.execution.InvocationInterceptorChain.chainAndInvoke(InvocationInterceptorChain.java:45)
        at org.junit.jupiter.engine.execution.InvocationInterceptorChain.invoke(InvocationInterceptorChain.java:37)
        at org.junit.jupiter.engine.execution.ExecutableInvoker.invoke(ExecutableInvoker.java:104)
        at org.junit.jupiter.engine.execution.ExecutableInvoker.invoke(ExecutableInvoker.java:98)
        at org.junit.jupiter.engine.descriptor.TestMethodTestDescriptor.lambda$invokeTestMethod$7(TestMethodTestDescriptor.java:214)
        at org.junit.jupiter.engine.descriptor.TestMethodTestDescriptor$$Lambda$1216/291666125.execute(Unknown Source)
        at org.junit.platform.engine.support.hierarchical.ThrowableCollector.execute(ThrowableCollector.java:73)
        at org.junit.jupiter.engine.descriptor.TestMethodTestDescriptor.invokeTestMethod(TestMethodTestDescriptor.java:210)
        at org.junit.jupiter.engine.descriptor.TestMethodTestDescriptor.execute(TestMethodTestDescriptor.java:135)
        at org.junit.jupiter.engine.descriptor.TestMethodTestDescriptor.execute(TestMethodTestDescriptor.java:66)
        at org.junit.platform.engine.support.hierarchical.NodeTestTask.lambda$executeRecursively$6(NodeTestTask.java:151)
        at org.junit.platform.engine.support.hierarchical.NodeTestTask$$Lambda$267/1955021259.execute(Unknown Source)
        at org.junit.platform.engine.support.hierarchical.ThrowableCollector.execute(ThrowableCollector.java:73)
        at org.junit.platform.engine.support.hierarchical.NodeTestTask.lambda$executeRecursively$8(NodeTestTask.java:141)
        at org.junit.platform.engine.support.hierarchical.NodeTestTask$$Lambda$266/775081157.invoke(Unknown Source)
        at org.junit.platform.engine.support.hierarchical.Node.around(Node.java:137)
        at org.junit.platform.engine.support.hierarchical.NodeTestTask.lambda$executeRecursively$9(NodeTestTask.java:139)
        at org.junit.platform.engine.support.hierarchical.NodeTestTask$$Lambda$265/823575379.execute(Unknown Source)
        at org.junit.platform.engine.support.hierarchical.ThrowableCollector.execute(ThrowableCollector.java:73)
        at org.junit.platform.engine.support.hierarchical.NodeTestTask.executeRecursively(NodeTestTask.java:138)
        at org.junit.platform.engine.support.hierarchical.NodeTestTask.execute(NodeTestTask.java:95)
        at org.junit.platform.engine.support.hierarchical.SameThreadHierarchicalTestExecutorService$$Lambda$271/455501890.accept(Unknown Source)
        at java.util.ArrayList.forEach(ArrayList.java:1259)
        at org.junit.platform.engine.support.hierarchical.SameThreadHierarchicalTestExecutorService.invokeAll(SameThreadHierarchicalTestExecutorService.java:41)
        at org.junit.platform.engine.support.hierarchical.NodeTestTask.lambda$executeRecursively$6(NodeTestTask.java:155)
        at org.junit.platform.engine.support.hierarchical.NodeTestTask$$Lambda$267/1955021259.execute(Unknown Source)
        at org.junit.platform.engine.support.hierarchical.ThrowableCollector.execute(ThrowableCollector.java:73)
        at org.junit.platform.engine.support.hierarchical.NodeTestTask.lambda$executeRecursively$8(NodeTestTask.java:141)
        at org.junit.platform.engine.support.hierarchical.NodeTestTask$$Lambda$266/775081157.invoke(Unknown Source)
        at org.junit.platform.engine.support.hierarchical.Node.around(Node.java:137)
        at org.junit.platform.engine.support.hierarchical.NodeTestTask.lambda$executeRecursively$9(NodeTestTask.java:139)
        at org.junit.platform.engine.support.hierarchical.NodeTestTask$$Lambda$265/823575379.execute(Unknown Source)
        at org.junit.platform.engine.support.hierarchical.ThrowableCollector.execute(ThrowableCollector.java:73)
        at org.junit.platform.engine.support.hierarchical.NodeTestTask.executeRecursively(NodeTestTask.java:138)
        at org.junit.platform.engine.support.hierarchical.NodeTestTask.execute(NodeTestTask.java:95)
        at org.junit.platform.engine.support.hierarchical.SameThreadHierarchicalTestExecutorService$$Lambda$271/455501890.accept(Unknown Source)
        at java.util.ArrayList.forEach(ArrayList.java:1259)
        at org.junit.platform.engine.support.hierarchical.SameThreadHierarchicalTestExecutorService.invokeAll(SameThreadHierarchicalTestExecutorService.java:41)
        at org.junit.platform.engine.support.hierarchical.NodeTestTask.lambda$executeRecursively$6(NodeTestTask.java:155)
        at org.junit.platform.engine.support.hierarchical.NodeTestTask$$Lambda$267/1955021259.execute(Unknown Source)
        at org.junit.platform.engine.support.hierarchical.ThrowableCollector.execute(ThrowableCollector.java:73)
        at org.junit.platform.engine.support.hierarchical.NodeTestTask.lambda$executeRecursively$8(NodeTestTask.java:141)
        at org.junit.platform.engine.support.hierarchical.NodeTestTask$$Lambda$266/775081157.invoke(Unknown Source)
        at org.junit.platform.engine.support.hierarchical.Node.around(Node.java:137)
        at org.junit.platform.engine.support.hierarchical.NodeTestTask.lambda$executeRecursively$9(NodeTestTask.java:139)
        at org.junit.platform.engine.support.hierarchical.NodeTestTask$$Lambda$265/823575379.execute(Unknown Source)
        at org.junit.platform.engine.support.hierarchical.ThrowableCollector.execute(ThrowableCollector.java:73)
        at org.junit.platform.engine.support.hierarchical.NodeTestTask.executeRecursively(NodeTestTask.java:138)
        at org.junit.platform.engine.support.hierarchical.NodeTestTask.execute(NodeTestTask.java:95)
        at org.junit.platform.engine.support.hierarchical.SameThreadHierarchicalTestExecutorService.submit(SameThreadHierarchicalTestExecutorService.java:35)
        at org.junit.platform.engine.support.hierarchical.HierarchicalTestExecutor.execute(HierarchicalTestExecutor.java:57)
        at org.junit.platform.engine.support.hierarchical.HierarchicalTestEngine.execute(HierarchicalTestEngine.java:54)
        at org.junit.platform.launcher.core.EngineExecutionOrchestrator.execute(EngineExecutionOrchestrator.java:107)
        at org.junit.platform.launcher.core.EngineExecutionOrchestrator.execute(EngineExecutionOrchestrator.java:88)
        at org.junit.platform.launcher.core.EngineExecutionOrchestrator.lambda$execute$0(EngineExecutionOrchestrator.java:54)
        at org.junit.platform.launcher.core.EngineExecutionOrchestrator$$Lambda$223/914374969.accept(Unknown Source)
        at org.junit.platform.launcher.core.EngineExecutionOrchestrator.withInterceptedStreams(EngineExecutionOrchestrator.java:67)
        at org.junit.platform.launcher.core.EngineExecutionOrchestrator.execute(EngineExecutionOrchestrator.java:52)
        at org.junit.platform.launcher.core.DefaultLauncher.execute(DefaultLauncher.java:114)
        at org.junit.platform.launcher.core.DefaultLauncher.execute(DefaultLauncher.java:86)
        at org.junit.platform.launcher.core.DefaultLauncherSession$DelegatingLauncher.execute(DefaultLauncherSession.java:86)
        at org.junit.platform.launcher.core.SessionPerRequestLauncher.execute(SessionPerRequestLauncher.java:53)
        at org.apache.maven.surefire.junitplatform.JUnitPlatformProvider.execute(JUnitPlatformProvider.java:188)
        at org.apache.maven.surefire.junitplatform.JUnitPlatformProvider.invokeAllTests(JUnitPlatformProvider.java:154)
        at org.apache.maven.surefire.junitplatform.JUnitPlatformProvider.invoke(JUnitPlatformProvider.java:124)
        at org.apache.maven.surefire.booter.ForkedBooter.runSuitesInProcess(ForkedBooter.java:428)
        at org.apache.maven.surefire.booter.ForkedBooter.execute(ForkedBooter.java:162)
        at org.apache.maven.surefire.booter.ForkedBooter.run(ForkedBooter.java:562)
        at org.apache.maven.surefire.booter.ForkedBooter.main(ForkedBooter.java:548)
"ChunkWriter-2-0" daemon prio=5 tid=568 in Object.wait()
java.lang.Thread.State: WAITING (on object monitor)
        at sun.misc.Unsafe.park(Native Method)
        at java.util.concurrent.locks.LockSupport.park(LockSupport.java:175)
        at java.util.concurrent.locks.AbstractQueuedSynchronizer$ConditionObject.await(AbstractQueuedSynchronizer.java:2039)
        at java.util.concurrent.LinkedBlockingDeque.takeFirst(LinkedBlockingDeque.java:492)
        at java.util.concurrent.LinkedBlockingDeque.take(LinkedBlockingDeque.java:680)
        at java.util.concurrent.ThreadPoolExecutor.getTask(ThreadPoolExecutor.java:1074)
        at java.util.concurrent.ThreadPoolExecutor.runWorker(ThreadPoolExecutor.java:1134)
        at java.util.concurrent.ThreadPoolExecutor$Worker.run(ThreadPoolExecutor.java:624)
        at java.lang.Thread.run(Thread.java:750)
"EndpointStateMachine task thread for /0.0.0.0:44923 - 0 "  prio=5 tid=528 in Object.wait()
java.lang.Thread.State: WAITING (on object monitor)
        at sun.misc.Unsafe.park(Native Method)
        at java.util.concurrent.locks.LockSupport.park(LockSupport.java:175)
        at java.util.concurrent.locks.AbstractQueuedSynchronizer$ConditionObject.await(AbstractQueuedSynchronizer.java:2039)
        at java.util.concurrent.LinkedBlockingQueue.take(LinkedBlockingQueue.java:442)
        at java.util.concurrent.ThreadPoolExecutor.getTask(ThreadPoolExecutor.java:1074)
        at java.util.concurrent.ThreadPoolExecutor.runWorker(ThreadPoolExecutor.java:1134)
        at java.util.concurrent.ThreadPoolExecutor$Worker.run(ThreadPoolExecutor.java:624)
        at java.lang.Thread.run(Thread.java:750)
"Datanode ReportManager Thread - 3" daemon prio=5 tid=492 in Object.wait()
java.lang.Thread.State: WAITING (on object monitor)
        at sun.misc.Unsafe.park(Native Method)
        at java.util.concurrent.locks.LockSupport.park(LockSupport.java:175)
        at java.util.concurrent.locks.AbstractQueuedSynchronizer$ConditionObject.await(AbstractQueuedSynchronizer.java:2039)
        at java.util.concurrent.ScheduledThreadPoolExecutor$DelayedWorkQueue.take(ScheduledThreadPoolExecutor.java:1088)
        at java.util.concurrent.ScheduledThreadPoolExecutor$DelayedWorkQueue.take(ScheduledThreadPoolExecutor.java:809)
        at java.util.concurrent.ThreadPoolExecutor.getTask(ThreadPoolExecutor.java:1074)
        at java.util.concurrent.ThreadPoolExecutor.runWorker(ThreadPoolExecutor.java:1134)
        at java.util.concurrent.ThreadPoolExecutor$Worker.run(ThreadPoolExecutor.java:624)
        at java.lang.Thread.run(Thread.java:750)
"ChunkWriter-0-0" daemon prio=5 tid=400 in Object.wait()
java.lang.Thread.State: WAITING (on object monitor)
        at sun.misc.Unsafe.park(Native Method)
        at java.util.concurrent.locks.LockSupport.park(LockSupport.java:175)
        at java.util.concurrent.locks.AbstractQueuedSynchronizer$ConditionObject.await(AbstractQueuedSynchronizer.java:2039)
        at java.util.concurrent.LinkedBlockingDeque.takeFirst(LinkedBlockingDeque.java:492)
        at java.util.concurrent.LinkedBlockingDeque.take(LinkedBlockingDeque.java:680)
        at java.util.concurrent.ThreadPoolExecutor.getTask(ThreadPoolExecutor.java:1074)
        at java.util.concurrent.ThreadPoolExecutor.runWorker(ThreadPoolExecutor.java:1134)
        at java.util.concurrent.ThreadPoolExecutor$Worker.run(ThreadPoolExecutor.java:624)
        at java.lang.Thread.run(Thread.java:750)
"93701946-f5e3-4943-a932-e133db5deae9@group-34335D786654-SegmentedRaftLogWorker"  prio=5 tid=601 timed_waiting
java.lang.Thread.State: TIMED_WAITING
        at sun.misc.Unsafe.park(Native Method)
        at java.util.concurrent.locks.LockSupport.parkNanos(LockSupport.java:215)
        at java.util.concurrent.locks.AbstractQueuedSynchronizer$ConditionObject.awaitNanos(AbstractQueuedSynchronizer.java:2078)
        at org.apache.ratis.util.DataBlockingQueue.poll(DataBlockingQueue.java:148)
        at org.apache.ratis.server.raftlog.segmented.SegmentedRaftLogWorker.run(SegmentedRaftLogWorker.java:312)
        at org.apache.ratis.server.raftlog.segmented.SegmentedRaftLogWorker$$Lambda$693/570605234.run(Unknown Source)
        at java.lang.Thread.run(Thread.java:750)
"qtp902010316-302" daemon prio=5 tid=302 timed_waiting
java.lang.Thread.State: TIMED_WAITING
        at sun.misc.Unsafe.park(Native Method)
        at java.util.concurrent.locks.LockSupport.parkNanos(LockSupport.java:215)
        at java.util.concurrent.locks.AbstractQueuedSynchronizer$ConditionObject.awaitNanos(AbstractQueuedSynchronizer.java:2078)
        at org.eclipse.jetty.util.BlockingArrayQueue.poll(BlockingArrayQueue.java:382)
        at org.eclipse.jetty.util.thread.QueuedThreadPool$Runner.idleJobPoll(QueuedThreadPool.java:974)
        at org.eclipse.jetty.util.thread.QueuedThreadPool$Runner.run(QueuedThreadPool.java:1018)
        at java.lang.Thread.run(Thread.java:750)
"SCM Heartbeat Processing Thread - 0" daemon prio=5 tid=14 timed_waiting
java.lang.Thread.State: TIMED_WAITING
        at sun.misc.Unsafe.park(Native Method)
        at java.util.concurrent.locks.LockSupport.parkNanos(LockSupport.java:215)
        at java.util.concurrent.locks.AbstractQueuedSynchronizer$ConditionObject.awaitNanos(AbstractQueuedSynchronizer.java:2078)
        at java.util.concurrent.ScheduledThreadPoolExecutor$DelayedWorkQueue.take(ScheduledThreadPoolExecutor.java:1093)
        at java.util.concurrent.ScheduledThreadPoolExecutor$DelayedWorkQueue.take(ScheduledThreadPoolExecutor.java:809)
        at java.util.concurrent.ThreadPoolExecutor.getTask(ThreadPoolExecutor.java:1074)
        at java.util.concurrent.ThreadPoolExecutor.runWorker(ThreadPoolExecutor.java:1134)
        at java.util.concurrent.ThreadPoolExecutor$Worker.run(ThreadPoolExecutor.java:624)
        at java.lang.Thread.run(Thread.java:750)
"qtp343592684-111" daemon prio=5 tid=111 timed_waiting
java.lang.Thread.State: TIMED_WAITING
        at sun.misc.Unsafe.park(Native Method)
        at java.util.concurrent.locks.LockSupport.parkNanos(LockSupport.java:215)
        at java.util.concurrent.locks.AbstractQueuedSynchronizer$ConditionObject.awaitNanos(AbstractQueuedSynchronizer.java:2078)
        at org.eclipse.jetty.util.BlockingArrayQueue.poll(BlockingArrayQueue.java:382)
        at org.eclipse.jetty.util.thread.QueuedThreadPool$Runner.idleJobPoll(QueuedThreadPool.java:974)
        at org.eclipse.jetty.util.thread.QueuedThreadPool$Runner.run(QueuedThreadPool.java:1018)
        at java.lang.Thread.run(Thread.java:750)
"StaleRecoveringContainerScrubbingService#8" daemon prio=5 tid=1002 in Object.wait()
java.lang.Thread.State: WAITING (on object monitor)
        at sun.misc.Unsafe.park(Native Method)
        at java.util.concurrent.locks.LockSupport.park(LockSupport.java:175)
        at java.util.concurrent.locks.AbstractQueuedSynchronizer$ConditionObject.await(AbstractQueuedSynchronizer.java:2039)
        at java.util.concurrent.ScheduledThreadPoolExecutor$DelayedWorkQueue.take(ScheduledThreadPoolExecutor.java:1088)
        at java.util.concurrent.ScheduledThreadPoolExecutor$DelayedWorkQueue.take(ScheduledThreadPoolExecutor.java:809)
        at java.util.concurrent.ThreadPoolExecutor.getTask(ThreadPoolExecutor.java:1074)
        at java.util.concurrent.ThreadPoolExecutor.runWorker(ThreadPoolExecutor.java:1134)
        at java.util.concurrent.ThreadPoolExecutor$Worker.run(ThreadPoolExecutor.java:624)
        at java.lang.Thread.run(Thread.java:750)
"Datanode State Machine Task Thread - 1"  prio=5 tid=509 in Object.wait()
java.lang.Thread.State: WAITING (on object monitor)
        at sun.misc.Unsafe.park(Native Method)
        at java.util.concurrent.locks.LockSupport.park(LockSupport.java:175)
        at java.util.concurrent.locks.AbstractQueuedSynchronizer$ConditionObject.await(AbstractQueuedSynchronizer.java:2039)
        at java.util.concurrent.LinkedBlockingQueue.take(LinkedBlockingQueue.java:442)
        at java.util.concurrent.ThreadPoolExecutor.getTask(ThreadPoolExecutor.java:1074)
        at java.util.concurrent.ThreadPoolExecutor.runWorker(ThreadPoolExecutor.java:1134)
        at java.util.concurrent.ThreadPoolExecutor$Worker.run(ThreadPoolExecutor.java:624)
        at java.lang.Thread.run(Thread.java:750)
"4243b07b-dbe8-44bd-919c-c5b59c546d4c@group-E790985FDC2A-LeaderStateImpl" daemon prio=5 tid=736 timed_waiting
java.lang.Thread.State: TIMED_WAITING
        at sun.misc.Unsafe.park(Native Method)
        at java.util.concurrent.locks.LockSupport.parkNanos(LockSupport.java:215)
        at java.util.concurrent.locks.AbstractQueuedSynchronizer$ConditionObject.awaitNanos(AbstractQueuedSynchronizer.java:2078)
        at java.util.concurrent.ArrayBlockingQueue.poll(ArrayBlockingQueue.java:418)
        at org.apache.ratis.server.impl.LeaderStateImpl$EventQueue.poll(LeaderStateImpl.java:159)
        at org.apache.ratis.server.impl.LeaderStateImpl$EventProcessor.run(LeaderStateImpl.java:630)
"Datanode ReportManager Thread - 0" daemon prio=5 tid=411 timed_waiting
java.lang.Thread.State: TIMED_WAITING
        at sun.misc.Unsafe.park(Native Method)
        at java.util.concurrent.locks.LockSupport.parkNanos(LockSupport.java:215)
        at java.util.concurrent.locks.AbstractQueuedSynchronizer$ConditionObject.awaitNanos(AbstractQueuedSynchronizer.java:2078)
        at java.util.concurrent.ScheduledThreadPoolExecutor$DelayedWorkQueue.take(ScheduledThreadPoolExecutor.java:1093)
        at java.util.concurrent.ScheduledThreadPoolExecutor$DelayedWorkQueue.take(ScheduledThreadPoolExecutor.java:809)
        at java.util.concurrent.ThreadPoolExecutor.getTask(ThreadPoolExecutor.java:1074)
        at java.util.concurrent.ThreadPoolExecutor.runWorker(ThreadPoolExecutor.java:1134)
        at java.util.concurrent.ThreadPoolExecutor$Worker.run(ThreadPoolExecutor.java:624)
        at java.lang.Thread.run(Thread.java:750)
"IPC Server handler 10 on default port 46625" daemon prio=5 tid=164 timed_waiting
java.lang.Thread.State: TIMED_WAITING
        at sun.misc.Unsafe.park(Native Method)
        at java.util.concurrent.locks.LockSupport.parkNanos(LockSupport.java:215)
        at java.util.concurrent.locks.AbstractQueuedSynchronizer$ConditionObject.awaitNanos(AbstractQueuedSynchronizer.java:2078)
        at java.util.concurrent.LinkedBlockingQueue.poll(LinkedBlockingQueue.java:467)
        at org.apache.hadoop.ipc.CallQueueManager.take(CallQueueManager.java:317)
        at org.apache.hadoop.ipc.Server$Handler.run(Server.java:2942)
"ChunkReader-0" daemon prio=5 tid=789 in Object.wait()
java.lang.Thread.State: WAITING (on object monitor)
        at sun.misc.Unsafe.park(Native Method)
        at java.util.concurrent.locks.LockSupport.park(LockSupport.java:175)
        at java.util.concurrent.locks.AbstractQueuedSynchronizer$ConditionObject.await(AbstractQueuedSynchronizer.java:2039)
        at java.util.concurrent.LinkedBlockingQueue.take(LinkedBlockingQueue.java:442)
        at java.util.concurrent.ThreadPoolExecutor.getTask(ThreadPoolExecutor.java:1074)
        at java.util.concurrent.ThreadPoolExecutor.runWorker(ThreadPoolExecutor.java:1134)
        at java.util.concurrent.ThreadPoolExecutor$Worker.run(ThreadPoolExecutor.java:624)
        at java.lang.Thread.run(Thread.java:750)
"c6074cc5-da23-4fc2-b305-e072798acc5a@group-AF998D485830-SegmentedRaftLogWorker"  prio=5 tid=580 timed_waiting
java.lang.Thread.State: TIMED_WAITING
        at sun.misc.Unsafe.park(Native Method)
        at java.util.concurrent.locks.LockSupport.parkNanos(LockSupport.java:215)
        at java.util.concurrent.locks.AbstractQueuedSynchronizer$ConditionObject.awaitNanos(AbstractQueuedSynchronizer.java:2078)
        at org.apache.ratis.util.DataBlockingQueue.poll(DataBlockingQueue.java:148)
        at org.apache.ratis.server.raftlog.segmented.SegmentedRaftLogWorker.run(SegmentedRaftLogWorker.java:312)
        at org.apache.ratis.server.raftlog.segmented.SegmentedRaftLogWorker$$Lambda$693/570605234.run(Unknown Source)
        at java.lang.Thread.run(Thread.java:750)
"Command processor thread" daemon prio=5 tid=200 timed_waiting
java.lang.Thread.State: TIMED_WAITING
        at java.lang.Thread.sleep(Native Method)
        at org.apache.hadoop.ozone.container.common.statemachine.DatanodeStateMachine.lambda$initCommandHandlerThread$3(DatanodeStateMachine.java:655)
        at org.apache.hadoop.ozone.container.common.statemachine.DatanodeStateMachine$$Lambda$784/997861495.run(Unknown Source)
        at java.lang.Thread.run(Thread.java:750)
"pool-58-thread-1"  prio=5 tid=144 timed_waiting
java.lang.Thread.State: TIMED_WAITING
        at sun.misc.Unsafe.park(Native Method)
        at java.util.concurrent.locks.LockSupport.parkNanos(LockSupport.java:215)
        at java.util.concurrent.locks.AbstractQueuedSynchronizer$ConditionObject.awaitNanos(AbstractQueuedSynchronizer.java:2078)
        at java.util.concurrent.ScheduledThreadPoolExecutor$DelayedWorkQueue.take(ScheduledThreadPoolExecutor.java:1093)
        at java.util.concurrent.ScheduledThreadPoolExecutor$DelayedWorkQueue.take(ScheduledThreadPoolExecutor.java:809)
        at java.util.concurrent.ThreadPoolExecutor.getTask(ThreadPoolExecutor.java:1074)
        at java.util.concurrent.ThreadPoolExecutor.runWorker(ThreadPoolExecutor.java:1134)
        at java.util.concurrent.ThreadPoolExecutor$Worker.run(ThreadPoolExecutor.java:624)
        at java.lang.Thread.run(Thread.java:750)
"c6074cc5-da23-4fc2-b305-e072798acc5a-server-thread2" daemon prio=5 tid=937 timed_waiting
java.lang.Thread.State: TIMED_WAITING
        at sun.misc.Unsafe.park(Native Method)
        at java.util.concurrent.locks.LockSupport.parkNanos(LockSupport.java:215)
        at java.util.concurrent.SynchronousQueue$TransferStack.awaitFulfill(SynchronousQueue.java:460)
        at java.util.concurrent.SynchronousQueue$TransferStack.transfer(SynchronousQueue.java:362)
        at java.util.concurrent.SynchronousQueue.poll(SynchronousQueue.java:941)
        at java.util.concurrent.ThreadPoolExecutor.getTask(ThreadPoolExecutor.java:1073)
        at java.util.concurrent.ThreadPoolExecutor.runWorker(ThreadPoolExecutor.java:1134)
        at java.util.concurrent.ThreadPoolExecutor$Worker.run(ThreadPoolExecutor.java:624)
        at java.lang.Thread.run(Thread.java:750)
"StaleRecoveringContainerScrubbingService#7" daemon prio=5 tid=987 in Object.wait()
java.lang.Thread.State: WAITING (on object monitor)
        at sun.misc.Unsafe.park(Native Method)
        at java.util.concurrent.locks.LockSupport.park(LockSupport.java:175)
        at java.util.concurrent.locks.AbstractQueuedSynchronizer$ConditionObject.await(AbstractQueuedSynchronizer.java:2039)
        at java.util.concurrent.ScheduledThreadPoolExecutor$DelayedWorkQueue.take(ScheduledThreadPoolExecutor.java:1088)
        at java.util.concurrent.ScheduledThreadPoolExecutor$DelayedWorkQueue.take(ScheduledThreadPoolExecutor.java:809)
        at java.util.concurrent.ThreadPoolExecutor.getTask(ThreadPoolExecutor.java:1074)
        at java.util.concurrent.ThreadPoolExecutor.runWorker(ThreadPoolExecutor.java:1134)
        at java.util.concurrent.ThreadPoolExecutor$Worker.run(ThreadPoolExecutor.java:624)
        at java.lang.Thread.run(Thread.java:750)
"ChunkWriter-0-0" daemon prio=5 tid=529 in Object.wait()
java.lang.Thread.State: WAITING (on object monitor)
        at sun.misc.Unsafe.park(Native Method)
        at java.util.concurrent.locks.LockSupport.park(LockSupport.java:175)
        at java.util.concurrent.locks.AbstractQueuedSynchronizer$ConditionObject.await(AbstractQueuedSynchronizer.java:2039)
        at java.util.concurrent.LinkedBlockingDeque.takeFirst(LinkedBlockingDeque.java:492)
        at java.util.concurrent.LinkedBlockingDeque.take(LinkedBlockingDeque.java:680)
        at java.util.concurrent.ThreadPoolExecutor.getTask(ThreadPoolExecutor.java:1074)
        at java.util.concurrent.ThreadPoolExecutor.runWorker(ThreadPoolExecutor.java:1134)
        at java.util.concurrent.ThreadPoolExecutor$Worker.run(ThreadPoolExecutor.java:624)
        at java.lang.Thread.run(Thread.java:750)
"BlockDeletingService#1" daemon prio=5 tid=448 timed_waiting
java.lang.Thread.State: TIMED_WAITING
        at sun.misc.Unsafe.park(Native Method)
        at java.util.concurrent.locks.LockSupport.parkNanos(LockSupport.java:215)
        at java.util.concurrent.locks.AbstractQueuedSynchronizer$ConditionObject.awaitNanos(AbstractQueuedSynchronizer.java:2078)
        at java.util.concurrent.ScheduledThreadPoolExecutor$DelayedWorkQueue.take(ScheduledThreadPoolExecutor.java:1093)
        at java.util.concurrent.ScheduledThreadPoolExecutor$DelayedWorkQueue.take(ScheduledThreadPoolExecutor.java:809)
        at java.util.concurrent.ThreadPoolExecutor.getTask(ThreadPoolExecutor.java:1074)
        at java.util.concurrent.ThreadPoolExecutor.runWorker(ThreadPoolExecutor.java:1134)
        at java.util.concurrent.ThreadPoolExecutor$Worker.run(ThreadPoolExecutor.java:624)
        at java.lang.Thread.run(Thread.java:750)
"qtp1054378603-248" daemon prio=5 tid=248 timed_waiting
java.lang.Thread.State: TIMED_WAITING
        at sun.misc.Unsafe.park(Native Method)
        at java.util.concurrent.locks.LockSupport.parkNanos(LockSupport.java:215)
        at java.util.concurrent.locks.AbstractQueuedSynchronizer$ConditionObject.awaitNanos(AbstractQueuedSynchronizer.java:2078)
        at org.eclipse.jetty.util.BlockingArrayQueue.poll(BlockingArrayQueue.java:382)
        at org.eclipse.jetty.util.thread.QueuedThreadPool$Runner.idleJobPoll(QueuedThreadPool.java:974)
        at org.eclipse.jetty.util.thread.QueuedThreadPool$Runner.run(QueuedThreadPool.java:1018)
        at java.lang.Thread.run(Thread.java:750)
"ExpiredContainerReplicaOpScrubberThread" daemon prio=5 tid=17 timed_waiting
java.lang.Thread.State: TIMED_WAITING
        at java.lang.Object.wait(Native Method)
        at org.apache.hadoop.hdds.scm.ha.BackgroundSCMService.run(BackgroundSCMService.java:110)
        at org.apache.hadoop.hdds.scm.ha.BackgroundSCMService$$Lambda$383/1761864974.run(Unknown Source)
        at java.lang.Thread.run(Thread.java:750)
"org.apache.hadoop.util.JvmPauseMonitor$Monitor@6d492d11" daemon prio=5 tid=230 timed_waiting
java.lang.Thread.State: TIMED_WAITING
        at java.lang.Thread.sleep(Native Method)
        at org.apache.hadoop.util.JvmPauseMonitor$Monitor.run(JvmPauseMonitor.java:192)
        at java.lang.Thread.run(Thread.java:750)
"pool-94-thread-1"  prio=5 tid=589 in Object.wait()
java.lang.Thread.State: WAITING (on object monitor)
        at sun.misc.Unsafe.park(Native Method)
        at java.util.concurrent.locks.LockSupport.park(LockSupport.java:175)
        at java.util.concurrent.locks.AbstractQueuedSynchronizer$ConditionObject.await(AbstractQueuedSynchronizer.java:2039)
        at java.util.concurrent.LinkedBlockingQueue.take(LinkedBlockingQueue.java:442)
        at java.util.concurrent.ThreadPoolExecutor.getTask(ThreadPoolExecutor.java:1074)
        at java.util.concurrent.ThreadPoolExecutor.runWorker(ThreadPoolExecutor.java:1134)
        at java.util.concurrent.ThreadPoolExecutor$Worker.run(ThreadPoolExecutor.java:624)
        at java.lang.Thread.run(Thread.java:750)
"Command processor thread" daemon prio=5 tid=377 timed_waiting
java.lang.Thread.State: TIMED_WAITING
        at java.lang.Thread.sleep(Native Method)
        at org.apache.hadoop.ozone.container.common.statemachine.DatanodeStateMachine.lambda$initCommandHandlerThread$3(DatanodeStateMachine.java:655)
        at org.apache.hadoop.ozone.container.common.statemachine.DatanodeStateMachine$$Lambda$784/997861495.run(Unknown Source)
        at java.lang.Thread.run(Thread.java:750)
"Session-HouseKeeper-65f59c41-1"  prio=5 tid=330 timed_waiting
java.lang.Thread.State: TIMED_WAITING
        at sun.misc.Unsafe.park(Native Method)
        at java.util.concurrent.locks.LockSupport.parkNanos(LockSupport.java:215)
        at java.util.concurrent.locks.AbstractQueuedSynchronizer$ConditionObject.awaitNanos(AbstractQueuedSynchronizer.java:2078)
        at java.util.concurrent.ScheduledThreadPoolExecutor$DelayedWorkQueue.take(ScheduledThreadPoolExecutor.java:1093)
        at java.util.concurrent.ScheduledThreadPoolExecutor$DelayedWorkQueue.take(ScheduledThreadPoolExecutor.java:809)
        at java.util.concurrent.ThreadPoolExecutor.getTask(ThreadPoolExecutor.java:1074)
        at java.util.concurrent.ThreadPoolExecutor.runWorker(ThreadPoolExecutor.java:1134)
        at java.util.concurrent.ThreadPoolExecutor$Worker.run(ThreadPoolExecutor.java:624)
        at java.lang.Thread.run(Thread.java:750)
"StaleRecoveringContainerScrubbingService#3" daemon prio=5 tid=911 in Object.wait()
java.lang.Thread.State: WAITING (on object monitor)
        at sun.misc.Unsafe.park(Native Method)
        at java.util.concurrent.locks.LockSupport.park(LockSupport.java:175)
        at java.util.concurrent.locks.AbstractQueuedSynchronizer$ConditionObject.await(AbstractQueuedSynchronizer.java:2039)
        at java.util.concurrent.ScheduledThreadPoolExecutor$DelayedWorkQueue.take(ScheduledThreadPoolExecutor.java:1088)
        at java.util.concurrent.ScheduledThreadPoolExecutor$DelayedWorkQueue.take(ScheduledThreadPoolExecutor.java:809)
        at java.util.concurrent.ThreadPoolExecutor.getTask(ThreadPoolExecutor.java:1074)
        at java.util.concurrent.ThreadPoolExecutor.runWorker(ThreadPoolExecutor.java:1134)
        at java.util.concurrent.ThreadPoolExecutor$Worker.run(ThreadPoolExecutor.java:624)
        at java.lang.Thread.run(Thread.java:750)
"c6074cc5-da23-4fc2-b305-e072798acc5a@group-34335D786654-StateMachineUpdater" daemon prio=5 tid=585 timed_waiting
java.lang.Thread.State: TIMED_WAITING
        at sun.misc.Unsafe.park(Native Method)
        at java.util.concurrent.locks.LockSupport.parkNanos(LockSupport.java:215)
        at java.util.concurrent.locks.AbstractQueuedSynchronizer$ConditionObject.await(AbstractQueuedSynchronizer.java:2163)
        at org.apache.ratis.util.AwaitForSignal.await(AwaitForSignal.java:62)
        at org.apache.ratis.server.impl.StateMachineUpdater.waitForCommit(StateMachineUpdater.java:207)
        at org.apache.ratis.server.impl.StateMachineUpdater.run(StateMachineUpdater.java:176)
        at java.lang.Thread.run(Thread.java:750)
"ChunkWriter-2-0" daemon prio=5 tid=363 in Object.wait()
java.lang.Thread.State: WAITING (on object monitor)
        at sun.misc.Unsafe.park(Native Method)
        at java.util.concurrent.locks.LockSupport.park(LockSupport.java:175)
        at java.util.concurrent.locks.AbstractQueuedSynchronizer$ConditionObject.await(AbstractQueuedSynchronizer.java:2039)
        at java.util.concurrent.LinkedBlockingDeque.takeFirst(LinkedBlockingDeque.java:492)
        at java.util.concurrent.LinkedBlockingDeque.take(LinkedBlockingDeque.java:680)
        at java.util.concurrent.ThreadPoolExecutor.getTask(ThreadPoolExecutor.java:1074)
        at java.util.concurrent.ThreadPoolExecutor.runWorker(ThreadPoolExecutor.java:1134)
        at java.util.concurrent.ThreadPoolExecutor$Worker.run(ThreadPoolExecutor.java:624)
        at java.lang.Thread.run(Thread.java:750)
"Datanode ReportManager Thread - 1" daemon prio=5 tid=306 in Object.wait()
java.lang.Thread.State: WAITING (on object monitor)
        at sun.misc.Unsafe.park(Native Method)
        at java.util.concurrent.locks.LockSupport.park(LockSupport.java:175)
        at java.util.concurrent.locks.AbstractQueuedSynchronizer$ConditionObject.await(AbstractQueuedSynchronizer.java:2039)
        at java.util.concurrent.ScheduledThreadPoolExecutor$DelayedWorkQueue.take(ScheduledThreadPoolExecutor.java:1088)
        at java.util.concurrent.ScheduledThreadPoolExecutor$DelayedWorkQueue.take(ScheduledThreadPoolExecutor.java:809)
        at java.util.concurrent.ThreadPoolExecutor.getTask(ThreadPoolExecutor.java:1074)
        at java.util.concurrent.ThreadPoolExecutor.runWorker(ThreadPoolExecutor.java:1134)
        at java.util.concurrent.ThreadPoolExecutor$Worker.run(ThreadPoolExecutor.java:624)
        at java.lang.Thread.run(Thread.java:750)
"StaleRecoveringContainerScrubbingService#9" daemon prio=5 tid=1010 in Object.wait()
java.lang.Thread.State: WAITING (on object monitor)
        at sun.misc.Unsafe.park(Native Method)
        at java.util.concurrent.locks.LockSupport.park(LockSupport.java:175)
        at java.util.concurrent.locks.AbstractQueuedSynchronizer$ConditionObject.await(AbstractQueuedSynchronizer.java:2039)
        at java.util.concurrent.ScheduledThreadPoolExecutor$DelayedWorkQueue.take(ScheduledThreadPoolExecutor.java:1088)
        at java.util.concurrent.ScheduledThreadPoolExecutor$DelayedWorkQueue.take(ScheduledThreadPoolExecutor.java:809)
        at java.util.concurrent.ThreadPoolExecutor.getTask(ThreadPoolExecutor.java:1074)
        at java.util.concurrent.ThreadPoolExecutor.runWorker(ThreadPoolExecutor.java:1134)
        at java.util.concurrent.ThreadPoolExecutor$Worker.run(ThreadPoolExecutor.java:624)
        at java.lang.Thread.run(Thread.java:750)
"Datanode ReportManager Thread - 0" daemon prio=5 tid=489 timed_waiting
java.lang.Thread.State: TIMED_WAITING
        at sun.misc.Unsafe.park(Native Method)
        at java.util.concurrent.locks.LockSupport.parkNanos(LockSupport.java:215)
        at java.util.concurrent.locks.AbstractQueuedSynchronizer$ConditionObject.awaitNanos(AbstractQueuedSynchronizer.java:2078)
        at java.util.concurrent.ScheduledThreadPoolExecutor$DelayedWorkQueue.take(ScheduledThreadPoolExecutor.java:1093)
        at java.util.concurrent.ScheduledThreadPoolExecutor$DelayedWorkQueue.take(ScheduledThreadPoolExecutor.java:809)
        at java.util.concurrent.ThreadPoolExecutor.getTask(ThreadPoolExecutor.java:1074)
        at java.util.concurrent.ThreadPoolExecutor.runWorker(ThreadPoolExecutor.java:1134)
        at java.util.concurrent.ThreadPoolExecutor$Worker.run(ThreadPoolExecutor.java:624)
        at java.lang.Thread.run(Thread.java:750)
"IPC Server handler 11 on default port 46625" daemon prio=5 tid=165 timed_waiting
java.lang.Thread.State: TIMED_WAITING
        at sun.misc.Unsafe.park(Native Method)
        at java.util.concurrent.locks.LockSupport.parkNanos(LockSupport.java:215)
        at java.util.concurrent.locks.AbstractQueuedSynchronizer$ConditionObject.awaitNanos(AbstractQueuedSynchronizer.java:2078)
        at java.util.concurrent.LinkedBlockingQueue.poll(LinkedBlockingQueue.java:467)
        at org.apache.hadoop.ipc.CallQueueManager.take(CallQueueManager.java:317)
        at org.apache.hadoop.ipc.Server$Handler.run(Server.java:2942)
"qtp1523286511-353-acceptor-0@5a895488-ServerConnector@703bd69c{HTTP/1.1, (http/1.1)}{0.0.0.0:33379}" daemon prio=3 tid=353 runnable
java.lang.Thread.State: RUNNABLE
        at sun.nio.ch.ServerSocketChannelImpl.accept0(Native Method)
        at sun.nio.ch.ServerSocketChannelImpl.accept(ServerSocketChannelImpl.java:421)
        at sun.nio.ch.ServerSocketChannelImpl.accept(ServerSocketChannelImpl.java:249)
        at org.eclipse.jetty.server.ServerConnector.accept(ServerConnector.java:388)
        at org.eclipse.jetty.server.AbstractConnector$Acceptor.run(AbstractConnector.java:704)
        at org.eclipse.jetty.util.thread.QueuedThreadPool.runJob(QueuedThreadPool.java:883)
        at org.eclipse.jetty.util.thread.QueuedThreadPool$Runner.run(QueuedThreadPool.java:1034)
        at java.lang.Thread.run(Thread.java:750)
"EventQueue-NodeReportForNodeReportHandler" daemon prio=5 tid=981 in Object.wait()
java.lang.Thread.State: WAITING (on object monitor)
        at sun.misc.Unsafe.park(Native Method)
        at java.util.concurrent.locks.LockSupport.park(LockSupport.java:175)
        at java.util.concurrent.locks.AbstractQueuedSynchronizer$ConditionObject.await(AbstractQueuedSynchronizer.java:2039)
        at java.util.concurrent.LinkedBlockingQueue.take(LinkedBlockingQueue.java:442)
        at java.util.concurrent.ThreadPoolExecutor.getTask(ThreadPoolExecutor.java:1074)
        at java.util.concurrent.ThreadPoolExecutor.runWorker(ThreadPoolExecutor.java:1134)
        at java.util.concurrent.ThreadPoolExecutor$Worker.run(ThreadPoolExecutor.java:624)
        at java.lang.Thread.run(Thread.java:750)
"org.apache.hadoop.ozone.container.common.statemachine.commandhandler.DeleteBlocksCommandHandler$DeleteCmdWorker@5c33ab81" daemon prio=5 tid=387 timed_waiting
java.lang.Thread.State: TIMED_WAITING
        at java.lang.Thread.sleep(Native Method)
        at org.apache.hadoop.ozone.container.common.statemachine.commandhandler.DeleteBlocksCommandHandler$DeleteCmdWorker.run(DeleteBlocksCommandHandler.java:184)
        at java.lang.Thread.run(Thread.java:750)
"KeyDeletingService#0" daemon prio=5 tid=141 timed_waiting
java.lang.Thread.State: TIMED_WAITING
        at sun.misc.Unsafe.park(Native Method)
        at java.util.concurrent.locks.LockSupport.parkNanos(LockSupport.java:215)
        at java.util.concurrent.locks.AbstractQueuedSynchronizer$ConditionObject.awaitNanos(AbstractQueuedSynchronizer.java:2078)
        at java.util.concurrent.ScheduledThreadPoolExecutor$DelayedWorkQueue.take(ScheduledThreadPoolExecutor.java:1093)
        at java.util.concurrent.ScheduledThreadPoolExecutor$DelayedWorkQueue.take(ScheduledThreadPoolExecutor.java:809)
        at java.util.concurrent.ThreadPoolExecutor.getTask(ThreadPoolExecutor.java:1074)
        at java.util.concurrent.ThreadPoolExecutor.runWorker(ThreadPoolExecutor.java:1134)
        at java.util.concurrent.ThreadPoolExecutor$Worker.run(ThreadPoolExecutor.java:624)
        at java.lang.Thread.run(Thread.java:750)
"cf1032d2-0037-4a0c-94af-232c62b39d0f-NettyServerStreamRpc-bossGroup--thread1"  prio=5 tid=385 runnable
java.lang.Thread.State: RUNNABLE
        at sun.nio.ch.EPollArrayWrapper.epollWait(Native Method)
        at sun.nio.ch.EPollArrayWrapper.poll(EPollArrayWrapper.java:269)
        at sun.nio.ch.EPollSelectorImpl.doSelect(EPollSelectorImpl.java:93)
        at sun.nio.ch.SelectorImpl.lockAndDoSelect(SelectorImpl.java:86)
        at sun.nio.ch.SelectorImpl.select(SelectorImpl.java:97)
        at sun.nio.ch.SelectorImpl.select(SelectorImpl.java:101)
        at org.apache.ratis.thirdparty.io.netty.channel.nio.SelectedSelectionKeySetSelector.select(SelectedSelectionKeySetSelector.java:68)
        at org.apache.ratis.thirdparty.io.netty.channel.nio.NioEventLoop.select(NioEventLoop.java:813)
        at org.apache.ratis.thirdparty.io.netty.channel.nio.NioEventLoop.run(NioEventLoop.java:460)
        at org.apache.ratis.thirdparty.io.netty.util.concurrent.SingleThreadEventExecutor$4.run(SingleThreadEventExecutor.java:995)
        at org.apache.ratis.thirdparty.io.netty.util.internal.ThreadExecutorMap$2.run(ThreadExecutorMap.java:74)
        at java.lang.Thread.run(Thread.java:750)
"org.apache.hadoop.util.JvmPauseMonitor$Monitor@d27706" daemon prio=5 tid=378 timed_waiting
java.lang.Thread.State: TIMED_WAITING
        at java.lang.Thread.sleep(Native Method)
        at org.apache.hadoop.util.JvmPauseMonitor$Monitor.run(JvmPauseMonitor.java:192)
        at java.lang.Thread.run(Thread.java:750)
"IPC Server handler 16 on default port 38451" daemon prio=5 tid=82 timed_waiting
java.lang.Thread.State: TIMED_WAITING
        at sun.misc.Unsafe.park(Native Method)
        at java.util.concurrent.locks.LockSupport.parkNanos(LockSupport.java:215)
        at java.util.concurrent.locks.AbstractQueuedSynchronizer$ConditionObject.awaitNanos(AbstractQueuedSynchronizer.java:2078)
        at java.util.concurrent.LinkedBlockingQueue.poll(LinkedBlockingQueue.java:467)
        at org.apache.hadoop.ipc.CallQueueManager.take(CallQueueManager.java:317)
        at org.apache.hadoop.ipc.Server$Handler.run(Server.java:2942)
"ChunkWriter-3-0" daemon prio=5 tid=364 in Object.wait()
java.lang.Thread.State: WAITING (on object monitor)
        at sun.misc.Unsafe.park(Native Method)
        at java.util.concurrent.locks.LockSupport.park(LockSupport.java:175)
        at java.util.concurrent.locks.AbstractQueuedSynchronizer$ConditionObject.await(AbstractQueuedSynchronizer.java:2039)
        at java.util.concurrent.LinkedBlockingDeque.takeFirst(LinkedBlockingDeque.java:492)
        at java.util.concurrent.LinkedBlockingDeque.take(LinkedBlockingDeque.java:680)
        at java.util.concurrent.ThreadPoolExecutor.getTask(ThreadPoolExecutor.java:1074)
        at java.util.concurrent.ThreadPoolExecutor.runWorker(ThreadPoolExecutor.java:1134)
        at java.util.concurrent.ThreadPoolExecutor$Worker.run(ThreadPoolExecutor.java:624)
        at java.lang.Thread.run(Thread.java:750)
"IPC Server handler 11 on default port 38451" daemon prio=5 tid=77 timed_waiting
java.lang.Thread.State: TIMED_WAITING
        at sun.misc.Unsafe.park(Native Method)
        at java.util.concurrent.locks.LockSupport.parkNanos(LockSupport.java:215)
        at java.util.concurrent.locks.AbstractQueuedSynchronizer$ConditionObject.awaitNanos(AbstractQueuedSynchronizer.java:2078)
        at java.util.concurrent.LinkedBlockingQueue.poll(LinkedBlockingQueue.java:467)
        at org.apache.hadoop.ipc.CallQueueManager.take(CallQueueManager.java:317)
        at org.apache.hadoop.ipc.Server$Handler.run(Server.java:2942)
"3f0205b3-740b-4219-bfdb-76da739fef9e@group-2EBEB1ED5A51->8d5822ee-b1dd-46af-beb1-0638b7fa15fc-GrpcLogAppender-LogAppenderDaemon" daemon prio=5 tid=845 timed_waiting
java.lang.Thread.State: TIMED_WAITING
        at sun.misc.Unsafe.park(Native Method)
        at java.util.concurrent.locks.LockSupport.parkNanos(LockSupport.java:215)
        at java.util.concurrent.locks.AbstractQueuedSynchronizer$ConditionObject.await(AbstractQueuedSynchronizer.java:2163)
        at org.apache.ratis.util.AwaitForSignal.await(AwaitForSignal.java:62)
        at org.apache.ratis.grpc.server.GrpcLogAppender.mayWait(GrpcLogAppender.java:198)
        at org.apache.ratis.grpc.server.GrpcLogAppender.run(GrpcLogAppender.java:148)
        at org.apache.ratis.server.leader.LogAppenderDaemon.run(LogAppenderDaemon.java:78)
        at org.apache.ratis.server.leader.LogAppenderDaemon$$Lambda$1083/883698974.run(Unknown Source)
        at java.lang.Thread.run(Thread.java:750)
"Session-HouseKeeper-406287f2-1"  prio=5 tid=193 timed_waiting
java.lang.Thread.State: TIMED_WAITING
        at sun.misc.Unsafe.park(Native Method)
        at java.util.concurrent.locks.LockSupport.parkNanos(LockSupport.java:215)
        at java.util.concurrent.locks.AbstractQueuedSynchronizer$ConditionObject.awaitNanos(AbstractQueuedSynchronizer.java:2078)
        at java.util.concurrent.ScheduledThreadPoolExecutor$DelayedWorkQueue.take(ScheduledThreadPoolExecutor.java:1093)
        at java.util.concurrent.ScheduledThreadPoolExecutor$DelayedWorkQueue.take(ScheduledThreadPoolExecutor.java:809)
        at java.util.concurrent.ThreadPoolExecutor.getTask(ThreadPoolExecutor.java:1074)
        at java.util.concurrent.ThreadPoolExecutor.runWorker(ThreadPoolExecutor.java:1134)
        at java.util.concurrent.ThreadPoolExecutor$Worker.run(ThreadPoolExecutor.java:624)
        at java.lang.Thread.run(Thread.java:750)
"qtp634225415-275" daemon prio=5 tid=275 timed_waiting
java.lang.Thread.State: TIMED_WAITING
        at sun.misc.Unsafe.park(Native Method)
        at java.util.concurrent.locks.LockSupport.parkNanos(LockSupport.java:215)
        at java.util.concurrent.locks.AbstractQueuedSynchronizer$ConditionObject.awaitNanos(AbstractQueuedSynchronizer.java:2078)
        at org.eclipse.jetty.util.BlockingArrayQueue.poll(BlockingArrayQueue.java:382)
        at org.eclipse.jetty.util.thread.QueuedThreadPool$Runner.idleJobPoll(QueuedThreadPool.java:974)
        at org.eclipse.jetty.util.thread.QueuedThreadPool$Runner.run(QueuedThreadPool.java:1018)
        at java.lang.Thread.run(Thread.java:750)
"IPC Server handler 8 on default port 46625" daemon prio=5 tid=162 timed_waiting
java.lang.Thread.State: TIMED_WAITING
        at sun.misc.Unsafe.park(Native Method)
        at java.util.concurrent.locks.LockSupport.parkNanos(LockSupport.java:215)
        at java.util.concurrent.locks.AbstractQueuedSynchronizer$ConditionObject.awaitNanos(AbstractQueuedSynchronizer.java:2078)
        at java.util.concurrent.LinkedBlockingQueue.poll(LinkedBlockingQueue.java:467)
        at org.apache.hadoop.ipc.CallQueueManager.take(CallQueueManager.java:317)
        at org.apache.hadoop.ipc.Server$Handler.run(Server.java:2942)
"c6074cc5-da23-4fc2-b305-e072798acc5a@group-34335D786654-SegmentedRaftLogWorker"  prio=5 tid=583 timed_waiting
java.lang.Thread.State: TIMED_WAITING
        at sun.misc.Unsafe.park(Native Method)
        at java.util.concurrent.locks.LockSupport.parkNanos(LockSupport.java:215)
        at java.util.concurrent.locks.AbstractQueuedSynchronizer$ConditionObject.awaitNanos(AbstractQueuedSynchronizer.java:2078)
        at org.apache.ratis.util.DataBlockingQueue.poll(DataBlockingQueue.java:148)
        at org.apache.ratis.server.raftlog.segmented.SegmentedRaftLogWorker.run(SegmentedRaftLogWorker.java:312)
        at org.apache.ratis.server.raftlog.segmented.SegmentedRaftLogWorker$$Lambda$693/570605234.run(Unknown Source)
        at java.lang.Thread.run(Thread.java:750)
"8d5822ee-b1dd-46af-beb1-0638b7fa15fc@group-A2C53E516D65->3f0205b3-740b-4219-bfdb-76da739fef9e-GrpcLogAppender-LogAppenderDaemon" daemon prio=5 tid=949 timed_waiting
java.lang.Thread.State: TIMED_WAITING
        at sun.misc.Unsafe.park(Native Method)
        at java.util.concurrent.locks.LockSupport.parkNanos(LockSupport.java:215)
        at java.util.concurrent.locks.AbstractQueuedSynchronizer$ConditionObject.await(AbstractQueuedSynchronizer.java:2163)
        at org.apache.ratis.util.AwaitForSignal.await(AwaitForSignal.java:62)
        at org.apache.ratis.grpc.server.GrpcLogAppender.mayWait(GrpcLogAppender.java:198)
        at org.apache.ratis.grpc.server.GrpcLogAppender.run(GrpcLogAppender.java:148)
        at org.apache.ratis.server.leader.LogAppenderDaemon.run(LogAppenderDaemon.java:78)
        at org.apache.ratis.server.leader.LogAppenderDaemon$$Lambda$1083/883698974.run(Unknown Source)
        at java.lang.Thread.run(Thread.java:750)
"Datanode ReportManager Thread - 1" daemon prio=5 tid=196 timed_waiting
java.lang.Thread.State: TIMED_WAITING
        at sun.misc.Unsafe.park(Native Method)
        at java.util.concurrent.locks.LockSupport.parkNanos(LockSupport.java:215)
        at java.util.concurrent.locks.AbstractQueuedSynchronizer$ConditionObject.awaitNanos(AbstractQueuedSynchronizer.java:2078)
        at java.util.concurrent.ScheduledThreadPoolExecutor$DelayedWorkQueue.take(ScheduledThreadPoolExecutor.java:1093)
        at java.util.concurrent.ScheduledThreadPoolExecutor$DelayedWorkQueue.take(ScheduledThreadPoolExecutor.java:809)
        at java.util.concurrent.ThreadPoolExecutor.getTask(ThreadPoolExecutor.java:1074)
        at java.util.concurrent.ThreadPoolExecutor.runWorker(ThreadPoolExecutor.java:1134)
        at java.util.concurrent.ThreadPoolExecutor$Worker.run(ThreadPoolExecutor.java:624)
        at java.lang.Thread.run(Thread.java:750)
"fb483a44-74cc-4237-a554-a68f3575ba39@group-5A4B10D85F99-StateMachineUpdater" daemon prio=5 tid=660 timed_waiting
java.lang.Thread.State: TIMED_WAITING
        at sun.misc.Unsafe.park(Native Method)
        at java.util.concurrent.locks.LockSupport.parkNanos(LockSupport.java:215)
        at java.util.concurrent.locks.AbstractQueuedSynchronizer$ConditionObject.await(AbstractQueuedSynchronizer.java:2163)
        at org.apache.ratis.util.AwaitForSignal.await(AwaitForSignal.java:62)
        at org.apache.ratis.server.impl.StateMachineUpdater.waitForCommit(StateMachineUpdater.java:207)
        at org.apache.ratis.server.impl.StateMachineUpdater.run(StateMachineUpdater.java:176)
        at java.lang.Thread.run(Thread.java:750)
"qtp321206983-145" daemon prio=5 tid=145 runnable
java.lang.Thread.State: RUNNABLE
        at sun.nio.ch.EPollArrayWrapper.epollWait(Native Method)
        at sun.nio.ch.EPollArrayWrapper.poll(EPollArrayWrapper.java:269)
        at sun.nio.ch.EPollSelectorImpl.doSelect(EPollSelectorImpl.java:93)
        at sun.nio.ch.SelectorImpl.lockAndDoSelect(SelectorImpl.java:86)
        at sun.nio.ch.SelectorImpl.select(SelectorImpl.java:97)
        at sun.nio.ch.SelectorImpl.select(SelectorImpl.java:101)
        at org.eclipse.jetty.io.ManagedSelector.nioSelect(ManagedSelector.java:183)
        at org.eclipse.jetty.io.ManagedSelector.select(ManagedSelector.java:190)
        at org.eclipse.jetty.io.ManagedSelector$SelectorProducer.select(ManagedSelector.java:606)
        at org.eclipse.jetty.io.ManagedSelector$SelectorProducer.produce(ManagedSelector.java:543)
        at org.eclipse.jetty.util.thread.strategy.EatWhatYouKill.produceTask(EatWhatYouKill.java:362)
        at org.eclipse.jetty.util.thread.strategy.EatWhatYouKill.doProduce(EatWhatYouKill.java:186)
        at org.eclipse.jetty.util.thread.strategy.EatWhatYouKill.tryProduce(EatWhatYouKill.java:173)
        at org.eclipse.jetty.util.thread.strategy.EatWhatYouKill.produce(EatWhatYouKill.java:137)
        at org.eclipse.jetty.io.ManagedSelector$$Lambda$453/333825340.run(Unknown Source)
        at org.eclipse.jetty.util.thread.QueuedThreadPool.runJob(QueuedThreadPool.java:883)
        at org.eclipse.jetty.util.thread.QueuedThreadPool$Runner.run(QueuedThreadPool.java:1034)
        at java.lang.Thread.run(Thread.java:750)
"pool-236-thread-1"  prio=5 tid=664 in Object.wait()
java.lang.Thread.State: WAITING (on object monitor)
        at sun.misc.Unsafe.park(Native Method)
        at java.util.concurrent.locks.LockSupport.park(LockSupport.java:175)
        at java.util.concurrent.locks.AbstractQueuedSynchronizer$ConditionObject.await(AbstractQueuedSynchronizer.java:2039)
        at java.util.concurrent.LinkedBlockingQueue.take(LinkedBlockingQueue.java:442)
        at java.util.concurrent.ThreadPoolExecutor.getTask(ThreadPoolExecutor.java:1074)
        at java.util.concurrent.ThreadPoolExecutor.runWorker(ThreadPoolExecutor.java:1134)
        at java.util.concurrent.ThreadPoolExecutor$Worker.run(ThreadPoolExecutor.java:624)
        at java.lang.Thread.run(Thread.java:750)
"ChunkWriter-2-0" daemon prio=5 tid=441 in Object.wait()
java.lang.Thread.State: WAITING (on object monitor)
        at sun.misc.Unsafe.park(Native Method)
        at java.util.concurrent.locks.LockSupport.park(LockSupport.java:175)
        at java.util.concurrent.locks.AbstractQueuedSynchronizer$ConditionObject.await(AbstractQueuedSynchronizer.java:2039)
        at java.util.concurrent.LinkedBlockingDeque.takeFirst(LinkedBlockingDeque.java:492)
        at java.util.concurrent.LinkedBlockingDeque.take(LinkedBlockingDeque.java:680)
        at java.util.concurrent.ThreadPoolExecutor.getTask(ThreadPoolExecutor.java:1074)
        at java.util.concurrent.ThreadPoolExecutor.runWorker(ThreadPoolExecutor.java:1134)
        at java.util.concurrent.ThreadPoolExecutor$Worker.run(ThreadPoolExecutor.java:624)
        at java.lang.Thread.run(Thread.java:750)
"IPC Server handler 14 on default port 44923" daemon prio=5 tid=100 timed_waiting
java.lang.Thread.State: TIMED_WAITING
        at sun.misc.Unsafe.park(Native Method)
        at java.util.concurrent.locks.LockSupport.parkNanos(LockSupport.java:215)
        at java.util.concurrent.locks.AbstractQueuedSynchronizer$ConditionObject.awaitNanos(AbstractQueuedSynchronizer.java:2078)
        at java.util.concurrent.LinkedBlockingQueue.poll(LinkedBlockingQueue.java:467)
        at org.apache.hadoop.ipc.CallQueueManager.take(CallQueueManager.java:317)
        at org.apache.hadoop.ipc.Server$Handler.run(Server.java:2942)
"pool-54-thread-1"  prio=5 tid=127 in Object.wait()
java.lang.Thread.State: WAITING (on object monitor)
        at sun.misc.Unsafe.park(Native Method)
        at java.util.concurrent.locks.LockSupport.park(LockSupport.java:175)
        at java.util.concurrent.locks.AbstractQueuedSynchronizer$ConditionObject.await(AbstractQueuedSynchronizer.java:2039)
        at java.util.concurrent.LinkedBlockingQueue.take(LinkedBlockingQueue.java:442)
        at java.util.concurrent.ThreadPoolExecutor.getTask(ThreadPoolExecutor.java:1074)
        at java.util.concurrent.ThreadPoolExecutor.runWorker(ThreadPoolExecutor.java:1134)
        at java.util.concurrent.ThreadPoolExecutor$Worker.run(ThreadPoolExecutor.java:624)
        at java.lang.Thread.run(Thread.java:750)
"IPC Server idle connection scanner for port 44923" daemon prio=5 tid=25 timed_waiting
java.lang.Thread.State: TIMED_WAITING
        at java.lang.Object.wait(Native Method)
        at java.util.TimerThread.mainLoop(Timer.java:552)
        at java.util.TimerThread.run(Timer.java:505)
"StaleRecoveringContainerScrubbingService#9" daemon prio=5 tid=1013 in Object.wait()
java.lang.Thread.State: WAITING (on object monitor)
        at sun.misc.Unsafe.park(Native Method)
        at java.util.concurrent.locks.LockSupport.park(LockSupport.java:175)
        at java.util.concurrent.locks.AbstractQueuedSynchronizer$ConditionObject.await(AbstractQueuedSynchronizer.java:2039)
        at java.util.concurrent.ScheduledThreadPoolExecutor$DelayedWorkQueue.take(ScheduledThreadPoolExecutor.java:1088)
        at java.util.concurrent.ScheduledThreadPoolExecutor$DelayedWorkQueue.take(ScheduledThreadPoolExecutor.java:809)
        at java.util.concurrent.ThreadPoolExecutor.getTask(ThreadPoolExecutor.java:1074)
        at java.util.concurrent.ThreadPoolExecutor.runWorker(ThreadPoolExecutor.java:1134)
        at java.util.concurrent.ThreadPoolExecutor$Worker.run(ThreadPoolExecutor.java:624)
        at java.lang.Thread.run(Thread.java:750)
"IPC Server handler 14 on default port 46625" daemon prio=5 tid=168 timed_waiting
java.lang.Thread.State: TIMED_WAITING
        at sun.misc.Unsafe.park(Native Method)
        at java.util.concurrent.locks.LockSupport.parkNanos(LockSupport.java:215)
        at java.util.concurrent.locks.AbstractQueuedSynchronizer$ConditionObject.awaitNanos(AbstractQueuedSynchronizer.java:2078)
        at java.util.concurrent.LinkedBlockingQueue.poll(LinkedBlockingQueue.java:467)
        at org.apache.hadoop.ipc.CallQueueManager.take(CallQueueManager.java:317)
        at org.apache.hadoop.ipc.Server$Handler.run(Server.java:2942)
"qtp654838366-396" daemon prio=5 tid=396 timed_waiting
java.lang.Thread.State: TIMED_WAITING
        at sun.misc.Unsafe.park(Native Method)
        at java.util.concurrent.locks.LockSupport.parkNanos(LockSupport.java:215)
        at java.util.concurrent.locks.AbstractQueuedSynchronizer$ConditionObject.awaitNanos(AbstractQueuedSynchronizer.java:2078)
        at org.eclipse.jetty.util.BlockingArrayQueue.poll(BlockingArrayQueue.java:382)
        at org.eclipse.jetty.util.thread.QueuedThreadPool$Runner.idleJobPoll(QueuedThreadPool.java:974)
        at org.eclipse.jetty.util.thread.QueuedThreadPool$Runner.run(QueuedThreadPool.java:1018)
        at java.lang.Thread.run(Thread.java:750)
"StaleRecoveringContainerScrubbingService#7" daemon prio=5 tid=995 in Object.wait()
java.lang.Thread.State: WAITING (on object monitor)
        at sun.misc.Unsafe.park(Native Method)
        at java.util.concurrent.locks.LockSupport.park(LockSupport.java:175)
        at java.util.concurrent.locks.AbstractQueuedSynchronizer$ConditionObject.await(AbstractQueuedSynchronizer.java:2039)
        at java.util.concurrent.ScheduledThreadPoolExecutor$DelayedWorkQueue.take(ScheduledThreadPoolExecutor.java:1088)
        at java.util.concurrent.ScheduledThreadPoolExecutor$DelayedWorkQueue.take(ScheduledThreadPoolExecutor.java:809)
        at java.util.concurrent.ThreadPoolExecutor.getTask(ThreadPoolExecutor.java:1074)
        at java.util.concurrent.ThreadPoolExecutor.runWorker(ThreadPoolExecutor.java:1134)
        at java.util.concurrent.ThreadPoolExecutor$Worker.run(ThreadPoolExecutor.java:624)
        at java.lang.Thread.run(Thread.java:750)
"Reference Handler" daemon prio=10 tid=2 in Object.wait()
java.lang.Thread.State: WAITING (on object monitor)
        at java.lang.Object.wait(Native Method)
        at java.lang.Object.wait(Object.java:502)
        at java.lang.ref.Reference.tryHandlePending(Reference.java:191)
        at java.lang.ref.Reference$ReferenceHandler.run(Reference.java:153)
"Datanode ReportManager Thread - 3" daemon prio=5 tid=227 timed_waiting
java.lang.Thread.State: TIMED_WAITING
        at sun.misc.Unsafe.park(Native Method)
        at java.util.concurrent.locks.LockSupport.parkNanos(LockSupport.java:215)
        at java.util.concurrent.locks.AbstractQueuedSynchronizer$ConditionObject.awaitNanos(AbstractQueuedSynchronizer.java:2078)
        at java.util.concurrent.ScheduledThreadPoolExecutor$DelayedWorkQueue.take(ScheduledThreadPoolExecutor.java:1093)
        at java.util.concurrent.ScheduledThreadPoolExecutor$DelayedWorkQueue.take(ScheduledThreadPoolExecutor.java:809)
        at java.util.concurrent.ThreadPoolExecutor.getTask(ThreadPoolExecutor.java:1074)
        at java.util.concurrent.ThreadPoolExecutor.runWorker(ThreadPoolExecutor.java:1134)
        at java.util.concurrent.ThreadPoolExecutor$Worker.run(ThreadPoolExecutor.java:624)
        at java.lang.Thread.run(Thread.java:750)
"IPC Server handler 8 on default port 44923" daemon prio=5 tid=94 timed_waiting
java.lang.Thread.State: TIMED_WAITING
        at sun.misc.Unsafe.park(Native Method)
        at java.util.concurrent.locks.LockSupport.parkNanos(LockSupport.java:215)
        at java.util.concurrent.locks.AbstractQueuedSynchronizer$ConditionObject.awaitNanos(AbstractQueuedSynchronizer.java:2078)
        at java.util.concurrent.LinkedBlockingQueue.poll(LinkedBlockingQueue.java:467)
        at org.apache.hadoop.ipc.CallQueueManager.take(CallQueueManager.java:317)
        at org.apache.hadoop.ipc.Server$Handler.run(Server.java:2942)
"qtp321206983-149" daemon prio=5 tid=149 timed_waiting
java.lang.Thread.State: TIMED_WAITING
        at sun.misc.Unsafe.park(Native Method)
        at java.util.concurrent.locks.LockSupport.parkNanos(LockSupport.java:215)
        at java.util.concurrent.locks.AbstractQueuedSynchronizer$ConditionObject.awaitNanos(AbstractQueuedSynchronizer.java:2078)
        at org.eclipse.jetty.util.BlockingArrayQueue.poll(BlockingArrayQueue.java:382)
        at org.eclipse.jetty.util.thread.QueuedThreadPool$Runner.idleJobPoll(QueuedThreadPool.java:974)
        at org.eclipse.jetty.util.thread.QueuedThreadPool$Runner.run(QueuedThreadPool.java:1018)
        at java.lang.Thread.run(Thread.java:750)
"StaleRecoveringContainerScrubbingService#6" daemon prio=5 tid=973 in Object.wait()
java.lang.Thread.State: WAITING (on object monitor)
        at sun.misc.Unsafe.park(Native Method)
        at java.util.concurrent.locks.LockSupport.park(LockSupport.java:175)
        at java.util.concurrent.locks.AbstractQueuedSynchronizer$ConditionObject.await(AbstractQueuedSynchronizer.java:2039)
        at java.util.concurrent.ScheduledThreadPoolExecutor$DelayedWorkQueue.take(ScheduledThreadPoolExecutor.java:1088)
        at java.util.concurrent.ScheduledThreadPoolExecutor$DelayedWorkQueue.take(ScheduledThreadPoolExecutor.java:809)
        at java.util.concurrent.ThreadPoolExecutor.getTask(ThreadPoolExecutor.java:1074)
        at java.util.concurrent.ThreadPoolExecutor.runWorker(ThreadPoolExecutor.java:1134)
        at java.util.concurrent.ThreadPoolExecutor$Worker.run(ThreadPoolExecutor.java:624)
        at java.lang.Thread.run(Thread.java:750)
"93701946-f5e3-4943-a932-e133db5deae9-server-thread2" daemon prio=5 tid=897 timed_waiting
java.lang.Thread.State: TIMED_WAITING
        at sun.misc.Unsafe.park(Native Method)
        at java.util.concurrent.locks.LockSupport.parkNanos(LockSupport.java:215)
        at java.util.concurrent.SynchronousQueue$TransferStack.awaitFulfill(SynchronousQueue.java:460)
        at java.util.concurrent.SynchronousQueue$TransferStack.transfer(SynchronousQueue.java:362)
        at java.util.concurrent.SynchronousQueue.poll(SynchronousQueue.java:941)
        at java.util.concurrent.ThreadPoolExecutor.getTask(ThreadPoolExecutor.java:1073)
        at java.util.concurrent.ThreadPoolExecutor.runWorker(ThreadPoolExecutor.java:1134)
        at java.util.concurrent.ThreadPoolExecutor$Worker.run(ThreadPoolExecutor.java:624)
        at java.lang.Thread.run(Thread.java:750)
"ChunkWriter-2-0" daemon prio=5 tid=531 in Object.wait()
java.lang.Thread.State: WAITING (on object monitor)
        at sun.misc.Unsafe.park(Native Method)
        at java.util.concurrent.locks.LockSupport.park(LockSupport.java:175)
        at java.util.concurrent.locks.AbstractQueuedSynchronizer$ConditionObject.await(AbstractQueuedSynchronizer.java:2039)
        at java.util.concurrent.LinkedBlockingDeque.takeFirst(LinkedBlockingDeque.java:492)
        at java.util.concurrent.LinkedBlockingDeque.take(LinkedBlockingDeque.java:680)
        at java.util.concurrent.ThreadPoolExecutor.getTask(ThreadPoolExecutor.java:1074)
        at java.util.concurrent.ThreadPoolExecutor.runWorker(ThreadPoolExecutor.java:1134)
        at java.util.concurrent.ThreadPoolExecutor$Worker.run(ThreadPoolExecutor.java:624)
        at java.lang.Thread.run(Thread.java:750)
"StaleRecoveringContainerScrubbingService#8" daemon prio=5 tid=1008 in Object.wait()
java.lang.Thread.State: WAITING (on object monitor)
        at sun.misc.Unsafe.park(Native Method)
        at java.util.concurrent.locks.LockSupport.park(LockSupport.java:175)
        at java.util.concurrent.locks.AbstractQueuedSynchronizer$ConditionObject.await(AbstractQueuedSynchronizer.java:2039)
        at java.util.concurrent.ScheduledThreadPoolExecutor$DelayedWorkQueue.take(ScheduledThreadPoolExecutor.java:1088)
        at java.util.concurrent.ScheduledThreadPoolExecutor$DelayedWorkQueue.take(ScheduledThreadPoolExecutor.java:809)
        at java.util.concurrent.ThreadPoolExecutor.getTask(ThreadPoolExecutor.java:1074)
        at java.util.concurrent.ThreadPoolExecutor.runWorker(ThreadPoolExecutor.java:1134)
        at java.util.concurrent.ThreadPoolExecutor$Worker.run(ThreadPoolExecutor.java:624)
        at java.lang.Thread.run(Thread.java:750)
"3f0205b3-740b-4219-bfdb-76da739fef9e@group-2EBEB1ED5A51-SegmentedRaftLogWorker"  prio=5 tid=627 timed_waiting
java.lang.Thread.State: TIMED_WAITING
        at sun.misc.Unsafe.park(Native Method)
        at java.util.concurrent.locks.LockSupport.parkNanos(LockSupport.java:215)
        at java.util.concurrent.locks.AbstractQueuedSynchronizer$ConditionObject.awaitNanos(AbstractQueuedSynchronizer.java:2078)
        at org.apache.ratis.util.DataBlockingQueue.poll(DataBlockingQueue.java:148)
        at org.apache.ratis.server.raftlog.segmented.SegmentedRaftLogWorker.run(SegmentedRaftLogWorker.java:312)
        at org.apache.ratis.server.raftlog.segmented.SegmentedRaftLogWorker$$Lambda$693/570605234.run(Unknown Source)
        at java.lang.Thread.run(Thread.java:750)
"7141d06d-71d8-4a56-9b5d-23c6772b1ac6-server-thread2" daemon prio=5 tid=900 timed_waiting
java.lang.Thread.State: TIMED_WAITING
        at sun.misc.Unsafe.park(Native Method)
        at java.util.concurrent.locks.LockSupport.parkNanos(LockSupport.java:215)
        at java.util.concurrent.SynchronousQueue$TransferStack.awaitFulfill(SynchronousQueue.java:460)
        at java.util.concurrent.SynchronousQueue$TransferStack.transfer(SynchronousQueue.java:362)
        at java.util.concurrent.SynchronousQueue.poll(SynchronousQueue.java:941)
        at java.util.concurrent.ThreadPoolExecutor.getTask(ThreadPoolExecutor.java:1073)
        at java.util.concurrent.ThreadPoolExecutor.runWorker(ThreadPoolExecutor.java:1134)
        at java.util.concurrent.ThreadPoolExecutor$Worker.run(ThreadPoolExecutor.java:624)
        at java.lang.Thread.run(Thread.java:750)
"timer6" daemon prio=5 tid=823 timed_waiting
java.lang.Thread.State: TIMED_WAITING
        at java.lang.Object.wait(Native Method)
        at java.util.TimerThread.mainLoop(Timer.java:552)
        at java.util.TimerThread.run(Timer.java:505)
"qtp911648712-471" daemon prio=5 tid=471 timed_waiting
java.lang.Thread.State: TIMED_WAITING
        at sun.misc.Unsafe.park(Native Method)
        at java.util.concurrent.locks.LockSupport.parkNanos(LockSupport.java:215)
        at java.util.concurrent.locks.AbstractQueuedSynchronizer$ConditionObject.awaitNanos(AbstractQueuedSynchronizer.java:2078)
        at org.eclipse.jetty.util.BlockingArrayQueue.poll(BlockingArrayQueue.java:382)
        at org.eclipse.jetty.util.thread.QueuedThreadPool$Runner.idleJobPoll(QueuedThreadPool.java:974)
        at org.eclipse.jetty.util.thread.QueuedThreadPool$Runner.run(QueuedThreadPool.java:1018)
        at java.lang.Thread.run(Thread.java:750)
"JvmPauseMonitor3" daemon prio=5 tid=443 timed_waiting
java.lang.Thread.State: TIMED_WAITING
        at java.lang.Thread.sleep(Native Method)
        at java.lang.Thread.sleep(Thread.java:342)
        at java.util.concurrent.TimeUnit.sleep(TimeUnit.java:386)
        at org.apache.ratis.util.TimeDuration.sleep(TimeDuration.java:325)
        at org.apache.ratis.util.TimeDuration.sleep(TimeDuration.java:310)
        at org.apache.ratis.util.JvmPauseMonitor.detectPause(JvmPauseMonitor.java:119)
        at org.apache.ratis.util.JvmPauseMonitor.run(JvmPauseMonitor.java:108)
        at org.apache.ratis.util.JvmPauseMonitor$$Lambda$734/1944085370.run(Unknown Source)
        at java.lang.Thread.run(Thread.java:750)
"fb483a44-74cc-4237-a554-a68f3575ba39@group-5A4B10D85F99-LeaderStateImpl" daemon prio=5 tid=745 timed_waiting
java.lang.Thread.State: TIMED_WAITING
        at sun.misc.Unsafe.park(Native Method)
        at java.util.concurrent.locks.LockSupport.parkNanos(LockSupport.java:215)
        at java.util.concurrent.locks.AbstractQueuedSynchronizer$ConditionObject.awaitNanos(AbstractQueuedSynchronizer.java:2078)
        at java.util.concurrent.ArrayBlockingQueue.poll(ArrayBlockingQueue.java:418)
        at org.apache.ratis.server.impl.LeaderStateImpl$EventQueue.poll(LeaderStateImpl.java:159)
        at org.apache.ratis.server.impl.LeaderStateImpl$EventProcessor.run(LeaderStateImpl.java:630)
"a73b56cb-3195-4d6d-be40-ac518f1256a6@group-B9BAD9B34F34-StateMachineUpdater" daemon prio=5 tid=694 timed_waiting
java.lang.Thread.State: TIMED_WAITING
        at sun.misc.Unsafe.park(Native Method)
        at java.util.concurrent.locks.LockSupport.parkNanos(LockSupport.java:215)
        at java.util.concurrent.locks.AbstractQueuedSynchronizer$ConditionObject.await(AbstractQueuedSynchronizer.java:2163)
        at org.apache.ratis.util.AwaitForSignal.await(AwaitForSignal.java:62)
        at org.apache.ratis.server.impl.StateMachineUpdater.waitForCommit(StateMachineUpdater.java:207)
        at org.apache.ratis.server.impl.StateMachineUpdater.run(StateMachineUpdater.java:176)
        at java.lang.Thread.run(Thread.java:750)
"IPC Server idle connection scanner for port 46625" daemon prio=5 tid=132 timed_waiting
java.lang.Thread.State: TIMED_WAITING
        at java.lang.Object.wait(Native Method)
        at java.util.TimerThread.mainLoop(Timer.java:552)
        at java.util.TimerThread.run(Timer.java:505)
"fb483a44-74cc-4237-a554-a68f3575ba39@group-5A4B10D85F99-SegmentedRaftLogWorker"  prio=5 tid=658 timed_waiting
java.lang.Thread.State: TIMED_WAITING
        at sun.misc.Unsafe.park(Native Method)
        at java.util.concurrent.locks.LockSupport.parkNanos(LockSupport.java:215)
        at java.util.concurrent.locks.AbstractQueuedSynchronizer$ConditionObject.awaitNanos(AbstractQueuedSynchronizer.java:2078)
        at org.apache.ratis.util.DataBlockingQueue.poll(DataBlockingQueue.java:148)
        at org.apache.ratis.server.raftlog.segmented.SegmentedRaftLogWorker.run(SegmentedRaftLogWorker.java:312)
        at org.apache.ratis.server.raftlog.segmented.SegmentedRaftLogWorker$$Lambda$693/570605234.run(Unknown Source)
        at java.lang.Thread.run(Thread.java:750)
"ChunkReader-ELG-0" daemon prio=5 tid=405 runnable
java.lang.Thread.State: RUNNABLE
        at org.apache.ratis.thirdparty.io.netty.channel.epoll.Native.epollWait(Native Method)
        at org.apache.ratis.thirdparty.io.netty.channel.epoll.Native.epollWait(Native.java:209)
        at org.apache.ratis.thirdparty.io.netty.channel.epoll.Native.epollWait(Native.java:202)
        at org.apache.ratis.thirdparty.io.netty.channel.epoll.EpollEventLoop.epollWaitNoTimerChange(EpollEventLoop.java:294)
        at org.apache.ratis.thirdparty.io.netty.channel.epoll.EpollEventLoop.run(EpollEventLoop.java:351)
        at org.apache.ratis.thirdparty.io.netty.util.concurrent.SingleThreadEventExecutor$4.run(SingleThreadEventExecutor.java:995)
        at org.apache.ratis.thirdparty.io.netty.util.internal.ThreadExecutorMap$2.run(ThreadExecutorMap.java:74)
        at java.lang.Thread.run(Thread.java:750)
"qtp343592684-109" daemon prio=5 tid=109 runnable
java.lang.Thread.State: RUNNABLE
        at sun.nio.ch.EPollArrayWrapper.epollWait(Native Method)
        at sun.nio.ch.EPollArrayWrapper.poll(EPollArrayWrapper.java:269)
        at sun.nio.ch.EPollSelectorImpl.doSelect(EPollSelectorImpl.java:93)
        at sun.nio.ch.SelectorImpl.lockAndDoSelect(SelectorImpl.java:86)
        at sun.nio.ch.SelectorImpl.select(SelectorImpl.java:97)
        at sun.nio.ch.SelectorImpl.select(SelectorImpl.java:101)
        at org.eclipse.jetty.io.ManagedSelector.nioSelect(ManagedSelector.java:183)
        at org.eclipse.jetty.io.ManagedSelector.select(ManagedSelector.java:190)
        at org.eclipse.jetty.io.ManagedSelector$SelectorProducer.select(ManagedSelector.java:606)
        at org.eclipse.jetty.io.ManagedSelector$SelectorProducer.produce(ManagedSelector.java:543)
        at org.eclipse.jetty.util.thread.strategy.EatWhatYouKill.produceTask(EatWhatYouKill.java:362)
        at org.eclipse.jetty.util.thread.strategy.EatWhatYouKill.doProduce(EatWhatYouKill.java:186)
        at org.eclipse.jetty.util.thread.strategy.EatWhatYouKill.tryProduce(EatWhatYouKill.java:173)
        at org.eclipse.jetty.util.thread.strategy.EatWhatYouKill.produce(EatWhatYouKill.java:137)
        at org.eclipse.jetty.io.ManagedSelector$$Lambda$453/333825340.run(Unknown Source)
        at org.eclipse.jetty.util.thread.QueuedThreadPool.runJob(QueuedThreadPool.java:883)
        at org.eclipse.jetty.util.thread.QueuedThreadPool$Runner.run(QueuedThreadPool.java:1034)
        at java.lang.Thread.run(Thread.java:750)
"ChunkWriter-0-0" daemon prio=5 tid=499 in Object.wait()
java.lang.Thread.State: WAITING (on object monitor)
        at sun.misc.Unsafe.park(Native Method)
        at java.util.concurrent.locks.LockSupport.park(LockSupport.java:175)
        at java.util.concurrent.locks.AbstractQueuedSynchronizer$ConditionObject.await(AbstractQueuedSynchronizer.java:2039)
        at java.util.concurrent.LinkedBlockingDeque.takeFirst(LinkedBlockingDeque.java:492)
        at java.util.concurrent.LinkedBlockingDeque.take(LinkedBlockingDeque.java:680)
        at java.util.concurrent.ThreadPoolExecutor.getTask(ThreadPoolExecutor.java:1074)
        at java.util.concurrent.ThreadPoolExecutor.runWorker(ThreadPoolExecutor.java:1134)
        at java.util.concurrent.ThreadPoolExecutor$Worker.run(ThreadPoolExecutor.java:624)
        at java.lang.Thread.run(Thread.java:750)
"qtp634480856-326" daemon prio=5 tid=326 timed_waiting
java.lang.Thread.State: TIMED_WAITING
        at sun.misc.Unsafe.park(Native Method)
        at java.util.concurrent.locks.LockSupport.parkNanos(LockSupport.java:215)
        at java.util.concurrent.locks.AbstractQueuedSynchronizer$ConditionObject.awaitNanos(AbstractQueuedSynchronizer.java:2078)
        at org.eclipse.jetty.util.BlockingArrayQueue.poll(BlockingArrayQueue.java:382)
        at org.eclipse.jetty.util.thread.QueuedThreadPool$Runner.idleJobPoll(QueuedThreadPool.java:974)
        at org.eclipse.jetty.util.thread.QueuedThreadPool$Runner.run(QueuedThreadPool.java:1018)
        at java.lang.Thread.run(Thread.java:750)
"Datanode ReportManager Thread - 0" daemon prio=5 tid=195 timed_waiting
java.lang.Thread.State: TIMED_WAITING
        at sun.misc.Unsafe.park(Native Method)
        at java.util.concurrent.locks.LockSupport.parkNanos(LockSupport.java:215)
        at java.util.concurrent.locks.AbstractQueuedSynchronizer$ConditionObject.awaitNanos(AbstractQueuedSynchronizer.java:2078)
        at java.util.concurrent.ScheduledThreadPoolExecutor$DelayedWorkQueue.take(ScheduledThreadPoolExecutor.java:1093)
        at java.util.concurrent.ScheduledThreadPoolExecutor$DelayedWorkQueue.take(ScheduledThreadPoolExecutor.java:809)
        at java.util.concurrent.ThreadPoolExecutor.getTask(ThreadPoolExecutor.java:1074)
        at java.util.concurrent.ThreadPoolExecutor.runWorker(ThreadPoolExecutor.java:1134)
        at java.util.concurrent.ThreadPoolExecutor$Worker.run(ThreadPoolExecutor.java:624)
        at java.lang.Thread.run(Thread.java:750)
"Datanode ReportManager Thread - 3" daemon prio=5 tid=198 in Object.wait()
java.lang.Thread.State: WAITING (on object monitor)
        at sun.misc.Unsafe.park(Native Method)
        at java.util.concurrent.locks.LockSupport.park(LockSupport.java:175)
        at java.util.concurrent.locks.AbstractQueuedSynchronizer$ConditionObject.await(AbstractQueuedSynchronizer.java:2039)
        at java.util.concurrent.ScheduledThreadPoolExecutor$DelayedWorkQueue.take(ScheduledThreadPoolExecutor.java:1088)
        at java.util.concurrent.ScheduledThreadPoolExecutor$DelayedWorkQueue.take(ScheduledThreadPoolExecutor.java:809)
        at java.util.concurrent.ThreadPoolExecutor.getTask(ThreadPoolExecutor.java:1074)
        at java.util.concurrent.ThreadPoolExecutor.runWorker(ThreadPoolExecutor.java:1134)
        at java.util.concurrent.ThreadPoolExecutor$Worker.run(ThreadPoolExecutor.java:624)
        at java.lang.Thread.run(Thread.java:750)
"IPC Server handler 19 on default port 40091" daemon prio=5 tid=65 timed_waiting
java.lang.Thread.State: TIMED_WAITING
        at sun.misc.Unsafe.park(Native Method)
        at java.util.concurrent.locks.LockSupport.parkNanos(LockSupport.java:215)
        at java.util.concurrent.locks.AbstractQueuedSynchronizer$ConditionObject.awaitNanos(AbstractQueuedSynchronizer.java:2078)
        at java.util.concurrent.LinkedBlockingQueue.poll(LinkedBlockingQueue.java:467)
        at org.apache.hadoop.ipc.CallQueueManager.take(CallQueueManager.java:317)
        at org.apache.hadoop.ipc.Server$Handler.run(Server.java:2942)
"c6074cc5-da23-4fc2-b305-e072798acc5a-server-thread1" daemon prio=5 tid=936 timed_waiting
java.lang.Thread.State: TIMED_WAITING
        at sun.misc.Unsafe.park(Native Method)
        at java.util.concurrent.locks.LockSupport.parkNanos(LockSupport.java:215)
        at java.util.concurrent.SynchronousQueue$TransferStack.awaitFulfill(SynchronousQueue.java:460)
        at java.util.concurrent.SynchronousQueue$TransferStack.transfer(SynchronousQueue.java:362)
        at java.util.concurrent.SynchronousQueue.poll(SynchronousQueue.java:941)
        at java.util.concurrent.ThreadPoolExecutor.getTask(ThreadPoolExecutor.java:1073)
        at java.util.concurrent.ThreadPoolExecutor.runWorker(ThreadPoolExecutor.java:1134)
        at java.util.concurrent.ThreadPoolExecutor$Worker.run(ThreadPoolExecutor.java:624)
        at java.lang.Thread.run(Thread.java:750)
"IPC Server handler 18 on default port 38451" daemon prio=5 tid=84 timed_waiting
java.lang.Thread.State: TIMED_WAITING
        at sun.misc.Unsafe.park(Native Method)
        at java.util.concurrent.locks.LockSupport.parkNanos(LockSupport.java:215)
        at java.util.concurrent.locks.AbstractQueuedSynchronizer$ConditionObject.awaitNanos(AbstractQueuedSynchronizer.java:2078)
        at java.util.concurrent.LinkedBlockingQueue.poll(LinkedBlockingQueue.java:467)
        at org.apache.hadoop.ipc.CallQueueManager.take(CallQueueManager.java:317)
        at org.apache.hadoop.ipc.Server$Handler.run(Server.java:2942)
"a73b56cb-3195-4d6d-be40-ac518f1256a6@group-B9BAD9B34F34-LeaderStateImpl" daemon prio=5 tid=778 timed_waiting
java.lang.Thread.State: TIMED_WAITING
        at sun.misc.Unsafe.park(Native Method)
        at java.util.concurrent.locks.LockSupport.parkNanos(LockSupport.java:215)
        at java.util.concurrent.locks.AbstractQueuedSynchronizer$ConditionObject.awaitNanos(AbstractQueuedSynchronizer.java:2078)
        at java.util.concurrent.ArrayBlockingQueue.poll(ArrayBlockingQueue.java:418)
        at org.apache.ratis.server.impl.LeaderStateImpl$EventQueue.poll(LeaderStateImpl.java:159)
        at org.apache.ratis.server.impl.LeaderStateImpl$EventProcessor.run(LeaderStateImpl.java:630)
"StaleRecoveringContainerScrubbingService#0" daemon prio=5 tid=536 in Object.wait()
java.lang.Thread.State: WAITING (on object monitor)
        at sun.misc.Unsafe.park(Native Method)
        at java.util.concurrent.locks.LockSupport.park(LockSupport.java:175)
        at java.util.concurrent.locks.AbstractQueuedSynchronizer$ConditionObject.await(AbstractQueuedSynchronizer.java:2039)
        at java.util.concurrent.ScheduledThreadPoolExecutor$DelayedWorkQueue.take(ScheduledThreadPoolExecutor.java:1088)
        at java.util.concurrent.ScheduledThreadPoolExecutor$DelayedWorkQueue.take(ScheduledThreadPoolExecutor.java:809)
        at java.util.concurrent.ThreadPoolExecutor.getTask(ThreadPoolExecutor.java:1074)
        at java.util.concurrent.ThreadPoolExecutor.runWorker(ThreadPoolExecutor.java:1134)
        at java.util.concurrent.ThreadPoolExecutor$Worker.run(ThreadPoolExecutor.java:624)
        at java.lang.Thread.run(Thread.java:750)
"qtp1054378603-246" daemon prio=5 tid=246 timed_waiting
java.lang.Thread.State: TIMED_WAITING
        at sun.misc.Unsafe.park(Native Method)
        at java.util.concurrent.locks.LockSupport.parkNanos(LockSupport.java:215)
        at java.util.concurrent.locks.AbstractQueuedSynchronizer$ConditionObject.awaitNanos(AbstractQueuedSynchronizer.java:2078)
        at org.eclipse.jetty.util.BlockingArrayQueue.poll(BlockingArrayQueue.java:382)
        at org.eclipse.jetty.util.thread.QueuedThreadPool$Runner.idleJobPoll(QueuedThreadPool.java:974)
        at org.eclipse.jetty.util.thread.QueuedThreadPool$Runner.run(QueuedThreadPool.java:1018)
        at java.lang.Thread.run(Thread.java:750)
"StaleRecoveringContainerScrubbingService#4" daemon prio=5 tid=939 in Object.wait()
java.lang.Thread.State: WAITING (on object monitor)
        at sun.misc.Unsafe.park(Native Method)
        at java.util.concurrent.locks.LockSupport.park(LockSupport.java:175)
        at java.util.concurrent.locks.AbstractQueuedSynchronizer$ConditionObject.await(AbstractQueuedSynchronizer.java:2039)
        at java.util.concurrent.ScheduledThreadPoolExecutor$DelayedWorkQueue.take(ScheduledThreadPoolExecutor.java:1088)
        at java.util.concurrent.ScheduledThreadPoolExecutor$DelayedWorkQueue.take(ScheduledThreadPoolExecutor.java:809)
        at java.util.concurrent.ThreadPoolExecutor.getTask(ThreadPoolExecutor.java:1074)
        at java.util.concurrent.ThreadPoolExecutor.runWorker(ThreadPoolExecutor.java:1134)
        at java.util.concurrent.ThreadPoolExecutor$Worker.run(ThreadPoolExecutor.java:624)
        at java.lang.Thread.run(Thread.java:750)
"StaleRecoveringContainerScrubbingService#1" daemon prio=5 tid=408 in Object.wait()
java.lang.Thread.State: WAITING (on object monitor)
        at sun.misc.Unsafe.park(Native Method)
        at java.util.concurrent.locks.LockSupport.park(LockSupport.java:175)
        at java.util.concurrent.locks.AbstractQueuedSynchronizer$ConditionObject.await(AbstractQueuedSynchronizer.java:2039)
        at java.util.concurrent.ScheduledThreadPoolExecutor$DelayedWorkQueue.take(ScheduledThreadPoolExecutor.java:1088)
        at java.util.concurrent.ScheduledThreadPoolExecutor$DelayedWorkQueue.take(ScheduledThreadPoolExecutor.java:809)
        at java.util.concurrent.ThreadPoolExecutor.getTask(ThreadPoolExecutor.java:1074)
        at java.util.concurrent.ThreadPoolExecutor.runWorker(ThreadPoolExecutor.java:1134)
        at java.util.concurrent.ThreadPoolExecutor$Worker.run(ThreadPoolExecutor.java:624)
        at java.lang.Thread.run(Thread.java:750)
"BlockDeletingService#1" daemon prio=5 tid=538 timed_waiting
java.lang.Thread.State: TIMED_WAITING
        at sun.misc.Unsafe.park(Native Method)
        at java.util.concurrent.locks.LockSupport.parkNanos(LockSupport.java:215)
        at java.util.concurrent.locks.AbstractQueuedSynchronizer$ConditionObject.awaitNanos(AbstractQueuedSynchronizer.java:2078)
        at java.util.concurrent.ScheduledThreadPoolExecutor$DelayedWorkQueue.take(ScheduledThreadPoolExecutor.java:1093)
        at java.util.concurrent.ScheduledThreadPoolExecutor$DelayedWorkQueue.take(ScheduledThreadPoolExecutor.java:809)
        at java.util.concurrent.ThreadPoolExecutor.getTask(ThreadPoolExecutor.java:1074)
        at java.util.concurrent.ThreadPoolExecutor.runWorker(ThreadPoolExecutor.java:1134)
        at java.util.concurrent.ThreadPoolExecutor$Worker.run(ThreadPoolExecutor.java:624)
        at java.lang.Thread.run(Thread.java:750)
"JvmPauseMonitor1" daemon prio=5 tid=365 timed_waiting
java.lang.Thread.State: TIMED_WAITING
        at java.lang.Thread.sleep(Native Method)
        at java.lang.Thread.sleep(Thread.java:342)
        at java.util.concurrent.TimeUnit.sleep(TimeUnit.java:386)
        at org.apache.ratis.util.TimeDuration.sleep(TimeDuration.java:325)
        at org.apache.ratis.util.TimeDuration.sleep(TimeDuration.java:310)
        at org.apache.ratis.util.JvmPauseMonitor.detectPause(JvmPauseMonitor.java:119)
        at org.apache.ratis.util.JvmPauseMonitor.run(JvmPauseMonitor.java:108)
        at org.apache.ratis.util.JvmPauseMonitor$$Lambda$734/1944085370.run(Unknown Source)
        at java.lang.Thread.run(Thread.java:750)
"BlockDeletingService#1" daemon prio=5 tid=551 timed_waiting
java.lang.Thread.State: TIMED_WAITING
        at sun.misc.Unsafe.park(Native Method)
        at java.util.concurrent.locks.LockSupport.parkNanos(LockSupport.java:215)
        at java.util.concurrent.locks.AbstractQueuedSynchronizer$ConditionObject.awaitNanos(AbstractQueuedSynchronizer.java:2078)
        at java.util.concurrent.ScheduledThreadPoolExecutor$DelayedWorkQueue.take(ScheduledThreadPoolExecutor.java:1093)
        at java.util.concurrent.ScheduledThreadPoolExecutor$DelayedWorkQueue.take(ScheduledThreadPoolExecutor.java:809)
        at java.util.concurrent.ThreadPoolExecutor.getTask(ThreadPoolExecutor.java:1074)
        at java.util.concurrent.ThreadPoolExecutor.runWorker(ThreadPoolExecutor.java:1134)
        at java.util.concurrent.ThreadPoolExecutor$Worker.run(ThreadPoolExecutor.java:624)
        at java.lang.Thread.run(Thread.java:750)
"IPC Server handler 9 on default port 44923" daemon prio=5 tid=95 timed_waiting
java.lang.Thread.State: TIMED_WAITING
        at sun.misc.Unsafe.park(Native Method)
        at java.util.concurrent.locks.LockSupport.parkNanos(LockSupport.java:215)
        at java.util.concurrent.locks.AbstractQueuedSynchronizer$ConditionObject.awaitNanos(AbstractQueuedSynchronizer.java:2078)
        at java.util.concurrent.LinkedBlockingQueue.poll(LinkedBlockingQueue.java:467)
        at org.apache.hadoop.ipc.CallQueueManager.take(CallQueueManager.java:317)
        at org.apache.hadoop.ipc.Server$Handler.run(Server.java:2942)
"c6074cc5-da23-4fc2-b305-e072798acc5a-NettyServerStreamRpc-bossGroup--thread1"  prio=5 tid=181 runnable
java.lang.Thread.State: RUNNABLE
        at sun.nio.ch.EPollArrayWrapper.epollWait(Native Method)
        at sun.nio.ch.EPollArrayWrapper.poll(EPollArrayWrapper.java:269)
        at sun.nio.ch.EPollSelectorImpl.doSelect(EPollSelectorImpl.java:93)
        at sun.nio.ch.SelectorImpl.lockAndDoSelect(SelectorImpl.java:86)
        at sun.nio.ch.SelectorImpl.select(SelectorImpl.java:97)
        at sun.nio.ch.SelectorImpl.select(SelectorImpl.java:101)
        at org.apache.ratis.thirdparty.io.netty.channel.nio.SelectedSelectionKeySetSelector.select(SelectedSelectionKeySetSelector.java:68)
        at org.apache.ratis.thirdparty.io.netty.channel.nio.NioEventLoop.select(NioEventLoop.java:813)
        at org.apache.ratis.thirdparty.io.netty.channel.nio.NioEventLoop.run(NioEventLoop.java:460)
        at org.apache.ratis.thirdparty.io.netty.util.concurrent.SingleThreadEventExecutor$4.run(SingleThreadEventExecutor.java:995)
        at org.apache.ratis.thirdparty.io.netty.util.internal.ThreadExecutorMap$2.run(ThreadExecutorMap.java:74)
        at java.lang.Thread.run(Thread.java:750)
"7141d06d-71d8-4a56-9b5d-23c6772b1ac6@group-7F17D7D56448-SegmentedRaftLogWorker"  prio=5 tid=590 timed_waiting
java.lang.Thread.State: TIMED_WAITING
        at sun.misc.Unsafe.park(Native Method)
        at java.util.concurrent.locks.LockSupport.parkNanos(LockSupport.java:215)
        at java.util.concurrent.locks.AbstractQueuedSynchronizer$ConditionObject.awaitNanos(AbstractQueuedSynchronizer.java:2078)
        at org.apache.ratis.util.DataBlockingQueue.poll(DataBlockingQueue.java:148)
        at org.apache.ratis.server.raftlog.segmented.SegmentedRaftLogWorker.run(SegmentedRaftLogWorker.java:312)
        at org.apache.ratis.server.raftlog.segmented.SegmentedRaftLogWorker$$Lambda$693/570605234.run(Unknown Source)
        at java.lang.Thread.run(Thread.java:750)
"IPC Server handler 12 on default port 38451" daemon prio=5 tid=78 timed_waiting
java.lang.Thread.State: TIMED_WAITING
        at sun.misc.Unsafe.park(Native Method)
        at java.util.concurrent.locks.LockSupport.parkNanos(LockSupport.java:215)
        at java.util.concurrent.locks.AbstractQueuedSynchronizer$ConditionObject.awaitNanos(AbstractQueuedSynchronizer.java:2078)
        at java.util.concurrent.LinkedBlockingQueue.poll(LinkedBlockingQueue.java:467)
        at org.apache.hadoop.ipc.CallQueueManager.take(CallQueueManager.java:317)
        at org.apache.hadoop.ipc.Server$Handler.run(Server.java:2942)
"timer0" daemon prio=5 tid=846 timed_waiting
java.lang.Thread.State: TIMED_WAITING
        at java.lang.Object.wait(Native Method)
        at java.util.TimerThread.mainLoop(Timer.java:552)
        at java.util.TimerThread.run(Timer.java:505)
"Datanode State Machine Task Thread - 1"  prio=5 tid=437 in Object.wait()
java.lang.Thread.State: WAITING (on object monitor)
        at sun.misc.Unsafe.park(Native Method)
        at java.util.concurrent.locks.LockSupport.park(LockSupport.java:175)
        at java.util.concurrent.locks.AbstractQueuedSynchronizer$ConditionObject.await(AbstractQueuedSynchronizer.java:2039)
        at java.util.concurrent.LinkedBlockingQueue.take(LinkedBlockingQueue.java:442)
        at java.util.concurrent.ThreadPoolExecutor.getTask(ThreadPoolExecutor.java:1074)
        at java.util.concurrent.ThreadPoolExecutor.runWorker(ThreadPoolExecutor.java:1134)
        at java.util.concurrent.ThreadPoolExecutor$Worker.run(ThreadPoolExecutor.java:624)
        at java.lang.Thread.run(Thread.java:750)
"c6074cc5-da23-4fc2-b305-e072798acc5a@group-67DBD99A6914-StateMachineUpdater" daemon prio=5 tid=617 timed_waiting
java.lang.Thread.State: TIMED_WAITING
        at sun.misc.Unsafe.park(Native Method)
        at java.util.concurrent.locks.LockSupport.parkNanos(LockSupport.java:215)
        at java.util.concurrent.locks.AbstractQueuedSynchronizer$ConditionObject.await(AbstractQueuedSynchronizer.java:2163)
        at org.apache.ratis.util.AwaitForSignal.await(AwaitForSignal.java:62)
        at org.apache.ratis.server.impl.StateMachineUpdater.waitForCommit(StateMachineUpdater.java:207)
        at org.apache.ratis.server.impl.StateMachineUpdater.run(StateMachineUpdater.java:176)
        at java.lang.Thread.run(Thread.java:750)
"qtp1523286511-358" daemon prio=5 tid=358 timed_waiting
java.lang.Thread.State: TIMED_WAITING
        at sun.misc.Unsafe.park(Native Method)
        at java.util.concurrent.locks.LockSupport.parkNanos(LockSupport.java:215)
        at java.util.concurrent.locks.AbstractQueuedSynchronizer$ConditionObject.awaitNanos(AbstractQueuedSynchronizer.java:2078)
        at org.eclipse.jetty.util.BlockingArrayQueue.poll(BlockingArrayQueue.java:382)
        at org.eclipse.jetty.util.thread.QueuedThreadPool$Runner.idleJobPoll(QueuedThreadPool.java:974)
        at org.eclipse.jetty.util.thread.QueuedThreadPool$Runner.run(QueuedThreadPool.java:1018)
        at java.lang.Thread.run(Thread.java:750)
"Periodic HDDS volume checker" daemon prio=5 tid=233 timed_waiting
java.lang.Thread.State: TIMED_WAITING
        at sun.misc.Unsafe.park(Native Method)
        at java.util.concurrent.locks.LockSupport.parkNanos(LockSupport.java:215)
        at java.util.concurrent.locks.AbstractQueuedSynchronizer$ConditionObject.awaitNanos(AbstractQueuedSynchronizer.java:2078)
        at java.util.concurrent.ScheduledThreadPoolExecutor$DelayedWorkQueue.take(ScheduledThreadPoolExecutor.java:1093)
        at java.util.concurrent.ScheduledThreadPoolExecutor$DelayedWorkQueue.take(ScheduledThreadPoolExecutor.java:809)
        at java.util.concurrent.ThreadPoolExecutor.getTask(ThreadPoolExecutor.java:1074)
        at java.util.concurrent.ThreadPoolExecutor.runWorker(ThreadPoolExecutor.java:1134)
        at java.util.concurrent.ThreadPoolExecutor$Worker.run(ThreadPoolExecutor.java:624)
        at java.lang.Thread.run(Thread.java:750)
"JvmPauseMonitor6" daemon prio=5 tid=515 timed_waiting
java.lang.Thread.State: TIMED_WAITING
        at java.lang.Thread.sleep(Native Method)
        at java.lang.Thread.sleep(Thread.java:342)
        at java.util.concurrent.TimeUnit.sleep(TimeUnit.java:386)
        at org.apache.ratis.util.TimeDuration.sleep(TimeDuration.java:325)
        at org.apache.ratis.util.TimeDuration.sleep(TimeDuration.java:310)
        at org.apache.ratis.util.JvmPauseMonitor.detectPause(JvmPauseMonitor.java:119)
        at org.apache.ratis.util.JvmPauseMonitor.run(JvmPauseMonitor.java:108)
        at org.apache.ratis.util.JvmPauseMonitor$$Lambda$734/1944085370.run(Unknown Source)
        at java.lang.Thread.run(Thread.java:750)
"Datanode ReportManager Thread - 2" daemon prio=5 tid=280 in Object.wait()
java.lang.Thread.State: WAITING (on object monitor)
        at sun.misc.Unsafe.park(Native Method)
        at java.util.concurrent.locks.LockSupport.park(LockSupport.java:175)
        at java.util.concurrent.locks.AbstractQueuedSynchronizer$ConditionObject.await(AbstractQueuedSynchronizer.java:2039)
        at java.util.concurrent.ScheduledThreadPoolExecutor$DelayedWorkQueue.take(ScheduledThreadPoolExecutor.java:1088)
        at java.util.concurrent.ScheduledThreadPoolExecutor$DelayedWorkQueue.take(ScheduledThreadPoolExecutor.java:809)
        at java.util.concurrent.ThreadPoolExecutor.getTask(ThreadPoolExecutor.java:1074)
        at java.util.concurrent.ThreadPoolExecutor.runWorker(ThreadPoolExecutor.java:1134)
        at java.util.concurrent.ThreadPoolExecutor$Worker.run(ThreadPoolExecutor.java:624)
        at java.lang.Thread.run(Thread.java:750)
"StaleRecoveringContainerScrubbingService#1" daemon prio=5 tid=537 in Object.wait()
java.lang.Thread.State: WAITING (on object monitor)
        at sun.misc.Unsafe.park(Native Method)
        at java.util.concurrent.locks.LockSupport.park(LockSupport.java:175)
        at java.util.concurrent.locks.AbstractQueuedSynchronizer$ConditionObject.await(AbstractQueuedSynchronizer.java:2039)
        at java.util.concurrent.ScheduledThreadPoolExecutor$DelayedWorkQueue.take(ScheduledThreadPoolExecutor.java:1088)
        at java.util.concurrent.ScheduledThreadPoolExecutor$DelayedWorkQueue.take(ScheduledThreadPoolExecutor.java:809)
        at java.util.concurrent.ThreadPoolExecutor.getTask(ThreadPoolExecutor.java:1074)
        at java.util.concurrent.ThreadPoolExecutor.runWorker(ThreadPoolExecutor.java:1134)
        at java.util.concurrent.ThreadPoolExecutor$Worker.run(ThreadPoolExecutor.java:624)
        at java.lang.Thread.run(Thread.java:750)
"4243b07b-dbe8-44bd-919c-c5b59c546d4c@group-E790985FDC2A-SegmentedRaftLogWorker"  prio=5 tid=654 timed_waiting
java.lang.Thread.State: TIMED_WAITING
        at sun.misc.Unsafe.park(Native Method)
        at java.util.concurrent.locks.LockSupport.parkNanos(LockSupport.java:215)
        at java.util.concurrent.locks.AbstractQueuedSynchronizer$ConditionObject.awaitNanos(AbstractQueuedSynchronizer.java:2078)
        at org.apache.ratis.util.DataBlockingQueue.poll(DataBlockingQueue.java:148)
        at org.apache.ratis.server.raftlog.segmented.SegmentedRaftLogWorker.run(SegmentedRaftLogWorker.java:312)
        at org.apache.ratis.server.raftlog.segmented.SegmentedRaftLogWorker$$Lambda$693/570605234.run(Unknown Source)
        at java.lang.Thread.run(Thread.java:750)
"pool-117-thread-1"  prio=5 tid=599 in Object.wait()
java.lang.Thread.State: WAITING (on object monitor)
        at sun.misc.Unsafe.park(Native Method)
        at java.util.concurrent.locks.LockSupport.park(LockSupport.java:175)
        at java.util.concurrent.locks.AbstractQueuedSynchronizer$ConditionObject.await(AbstractQueuedSynchronizer.java:2039)
        at java.util.concurrent.LinkedBlockingQueue.take(LinkedBlockingQueue.java:442)
        at java.util.concurrent.ThreadPoolExecutor.getTask(ThreadPoolExecutor.java:1074)
        at java.util.concurrent.ThreadPoolExecutor.runWorker(ThreadPoolExecutor.java:1134)
        at java.util.concurrent.ThreadPoolExecutor$Worker.run(ThreadPoolExecutor.java:624)
        at java.lang.Thread.run(Thread.java:750)
"Datanode ReportManager Thread - 3" daemon prio=5 tid=375 in Object.wait()
java.lang.Thread.State: WAITING (on object monitor)
        at sun.misc.Unsafe.park(Native Method)
        at java.util.concurrent.locks.LockSupport.park(LockSupport.java:175)
        at java.util.concurrent.locks.AbstractQueuedSynchronizer$ConditionObject.await(AbstractQueuedSynchronizer.java:2039)
        at java.util.concurrent.ScheduledThreadPoolExecutor$DelayedWorkQueue.take(ScheduledThreadPoolExecutor.java:1088)
        at java.util.concurrent.ScheduledThreadPoolExecutor$DelayedWorkQueue.take(ScheduledThreadPoolExecutor.java:809)
        at java.util.concurrent.ThreadPoolExecutor.getTask(ThreadPoolExecutor.java:1074)
        at java.util.concurrent.ThreadPoolExecutor.runWorker(ThreadPoolExecutor.java:1134)
        at java.util.concurrent.ThreadPoolExecutor$Worker.run(ThreadPoolExecutor.java:624)
        at java.lang.Thread.run(Thread.java:750)
"93701946-f5e3-4943-a932-e133db5deae9@group-34335D786654-StateMachineUpdater" daemon prio=5 tid=603 timed_waiting
java.lang.Thread.State: TIMED_WAITING
        at sun.misc.Unsafe.park(Native Method)
        at java.util.concurrent.locks.LockSupport.parkNanos(LockSupport.java:215)
        at java.util.concurrent.locks.AbstractQueuedSynchronizer$ConditionObject.await(AbstractQueuedSynchronizer.java:2163)
        at org.apache.ratis.util.AwaitForSignal.await(AwaitForSignal.java:62)
        at org.apache.ratis.server.impl.StateMachineUpdater.waitForCommit(StateMachineUpdater.java:207)
        at org.apache.ratis.server.impl.StateMachineUpdater.run(StateMachineUpdater.java:176)
        at java.lang.Thread.run(Thread.java:750)
"3f0205b3-740b-4219-bfdb-76da739fef9e@group-9526E230C616-LeaderStateImpl" daemon prio=5 tid=718 timed_waiting
java.lang.Thread.State: TIMED_WAITING
        at sun.misc.Unsafe.park(Native Method)
        at java.util.concurrent.locks.LockSupport.parkNanos(LockSupport.java:215)
        at java.util.concurrent.locks.AbstractQueuedSynchronizer$ConditionObject.awaitNanos(AbstractQueuedSynchronizer.java:2078)
        at java.util.concurrent.ArrayBlockingQueue.poll(ArrayBlockingQueue.java:418)
        at org.apache.ratis.server.impl.LeaderStateImpl$EventQueue.poll(LeaderStateImpl.java:159)
        at org.apache.ratis.server.impl.LeaderStateImpl$EventProcessor.run(LeaderStateImpl.java:630)
"cf1032d2-0037-4a0c-94af-232c62b39d0f@group-40958CFD57C9-LeaderStateImpl" daemon prio=5 tid=771 timed_waiting
java.lang.Thread.State: TIMED_WAITING
        at sun.misc.Unsafe.park(Native Method)
        at java.util.concurrent.locks.LockSupport.parkNanos(LockSupport.java:215)
        at java.util.concurrent.locks.AbstractQueuedSynchronizer$ConditionObject.awaitNanos(AbstractQueuedSynchronizer.java:2078)
        at java.util.concurrent.ArrayBlockingQueue.poll(ArrayBlockingQueue.java:418)
        at org.apache.ratis.server.impl.LeaderStateImpl$EventQueue.poll(LeaderStateImpl.java:159)
        at org.apache.ratis.server.impl.LeaderStateImpl$EventProcessor.run(LeaderStateImpl.java:630)
"timer4" daemon prio=5 tid=759 timed_waiting
java.lang.Thread.State: TIMED_WAITING
        at java.lang.Object.wait(Native Method)
        at java.util.TimerThread.mainLoop(Timer.java:552)
        at java.util.TimerThread.run(Timer.java:505)
"BlockDeletingService#2" daemon prio=5 tid=985 in Object.wait()
java.lang.Thread.State: WAITING (on object monitor)
        at sun.misc.Unsafe.park(Native Method)
        at java.util.concurrent.locks.LockSupport.park(LockSupport.java:175)
        at java.util.concurrent.locks.AbstractQueuedSynchronizer$ConditionObject.await(AbstractQueuedSynchronizer.java:2039)
        at java.util.concurrent.ScheduledThreadPoolExecutor$DelayedWorkQueue.take(ScheduledThreadPoolExecutor.java:1088)
        at java.util.concurrent.ScheduledThreadPoolExecutor$DelayedWorkQueue.take(ScheduledThreadPoolExecutor.java:809)
        at java.util.concurrent.ThreadPoolExecutor.getTask(ThreadPoolExecutor.java:1074)
        at java.util.concurrent.ThreadPoolExecutor.runWorker(ThreadPoolExecutor.java:1134)
        at java.util.concurrent.ThreadPoolExecutor$Worker.run(ThreadPoolExecutor.java:624)
        at java.lang.Thread.run(Thread.java:750)
"IPC Server Responder" daemon prio=5 tid=133 runnable
java.lang.Thread.State: RUNNABLE
        at sun.nio.ch.EPollArrayWrapper.epollWait(Native Method)
        at sun.nio.ch.EPollArrayWrapper.poll(EPollArrayWrapper.java:269)
        at sun.nio.ch.EPollSelectorImpl.doSelect(EPollSelectorImpl.java:93)
        at sun.nio.ch.SelectorImpl.lockAndDoSelect(SelectorImpl.java:86)
        at sun.nio.ch.SelectorImpl.select(SelectorImpl.java:97)
        at org.apache.hadoop.ipc.Server$Responder.doRunLoop(Server.java:1532)
        at org.apache.hadoop.ipc.Server$Responder.run(Server.java:1515)
"ChunkReader-ELG-0" daemon prio=5 tid=534 runnable
java.lang.Thread.State: RUNNABLE
        at org.apache.ratis.thirdparty.io.netty.channel.epoll.Native.epollWait(Native Method)
        at org.apache.ratis.thirdparty.io.netty.channel.epoll.Native.epollWait(Native.java:209)
        at org.apache.ratis.thirdparty.io.netty.channel.epoll.Native.epollWait(Native.java:202)
        at org.apache.ratis.thirdparty.io.netty.channel.epoll.EpollEventLoop.epollWaitNoTimerChange(EpollEventLoop.java:294)
        at org.apache.ratis.thirdparty.io.netty.channel.epoll.EpollEventLoop.run(EpollEventLoop.java:351)
        at org.apache.ratis.thirdparty.io.netty.util.concurrent.SingleThreadEventExecutor$4.run(SingleThreadEventExecutor.java:995)
        at org.apache.ratis.thirdparty.io.netty.util.internal.ThreadExecutorMap$2.run(ThreadExecutorMap.java:74)
        at java.lang.Thread.run(Thread.java:750)
"org.apache.hadoop.util.JvmPauseMonitor$Monitor@3f34f7ac" daemon prio=5 tid=201 timed_waiting
java.lang.Thread.State: TIMED_WAITING
        at java.lang.Thread.sleep(Native Method)
        at org.apache.hadoop.util.JvmPauseMonitor$Monitor.run(JvmPauseMonitor.java:192)
        at java.lang.Thread.run(Thread.java:750)
"EventQueue-NodeRegistrationContainerReportForContainerSafeModeRule" daemon prio=5 tid=523 in Object.wait()
java.lang.Thread.State: WAITING (on object monitor)
        at sun.misc.Unsafe.park(Native Method)
        at java.util.concurrent.locks.LockSupport.park(LockSupport.java:175)
        at java.util.concurrent.locks.AbstractQueuedSynchronizer$ConditionObject.await(AbstractQueuedSynchronizer.java:2039)
        at java.util.concurrent.LinkedBlockingQueue.take(LinkedBlockingQueue.java:442)
        at java.util.concurrent.ThreadPoolExecutor.getTask(ThreadPoolExecutor.java:1074)
        at java.util.concurrent.ThreadPoolExecutor.runWorker(ThreadPoolExecutor.java:1134)
        at java.util.concurrent.ThreadPoolExecutor$Worker.run(ThreadPoolExecutor.java:624)
        at java.lang.Thread.run(Thread.java:750)
"StaleRecoveringContainerScrubbingService#2" daemon prio=5 tid=704 timed_waiting
java.lang.Thread.State: TIMED_WAITING
        at sun.misc.Unsafe.park(Native Method)
        at java.util.concurrent.locks.LockSupport.parkNanos(LockSupport.java:215)
        at java.util.concurrent.locks.AbstractQueuedSynchronizer$ConditionObject.awaitNanos(AbstractQueuedSynchronizer.java:2078)
        at java.util.concurrent.ScheduledThreadPoolExecutor$DelayedWorkQueue.take(ScheduledThreadPoolExecutor.java:1093)
        at java.util.concurrent.ScheduledThreadPoolExecutor$DelayedWorkQueue.take(ScheduledThreadPoolExecutor.java:809)
        at java.util.concurrent.ThreadPoolExecutor.getTask(ThreadPoolExecutor.java:1074)
        at java.util.concurrent.ThreadPoolExecutor.runWorker(ThreadPoolExecutor.java:1134)
        at java.util.concurrent.ThreadPoolExecutor$Worker.run(ThreadPoolExecutor.java:624)
        at java.lang.Thread.run(Thread.java:750)
"BlockDeletingService#0" daemon prio=5 tid=406 in Object.wait()
java.lang.Thread.State: WAITING (on object monitor)
        at sun.misc.Unsafe.park(Native Method)
        at java.util.concurrent.locks.LockSupport.park(LockSupport.java:175)
        at java.util.concurrent.locks.AbstractQueuedSynchronizer$ConditionObject.await(AbstractQueuedSynchronizer.java:2039)
        at java.util.concurrent.ScheduledThreadPoolExecutor$DelayedWorkQueue.take(ScheduledThreadPoolExecutor.java:1088)
        at java.util.concurrent.ScheduledThreadPoolExecutor$DelayedWorkQueue.take(ScheduledThreadPoolExecutor.java:809)
        at java.util.concurrent.ThreadPoolExecutor.getTask(ThreadPoolExecutor.java:1074)
        at java.util.concurrent.ThreadPoolExecutor.runWorker(ThreadPoolExecutor.java:1134)
        at java.util.concurrent.ThreadPoolExecutor$Worker.run(ThreadPoolExecutor.java:624)
        at java.lang.Thread.run(Thread.java:750)
"ChunkReader-3" daemon prio=5 tid=807 in Object.wait()
java.lang.Thread.State: WAITING (on object monitor)
        at sun.misc.Unsafe.park(Native Method)
        at java.util.concurrent.locks.LockSupport.park(LockSupport.java:175)
        at java.util.concurrent.locks.AbstractQueuedSynchronizer$ConditionObject.await(AbstractQueuedSynchronizer.java:2039)
        at java.util.concurrent.LinkedBlockingQueue.take(LinkedBlockingQueue.java:442)
        at java.util.concurrent.ThreadPoolExecutor.getTask(ThreadPoolExecutor.java:1074)
        at java.util.concurrent.ThreadPoolExecutor.runWorker(ThreadPoolExecutor.java:1134)
        at java.util.concurrent.ThreadPoolExecutor$Worker.run(ThreadPoolExecutor.java:624)
        at java.lang.Thread.run(Thread.java:750)
"pool-133-thread-1" daemon prio=5 tid=262 timed_waiting
java.lang.Thread.State: TIMED_WAITING
        at sun.misc.Unsafe.park(Native Method)
        at java.util.concurrent.locks.LockSupport.parkNanos(LockSupport.java:215)
        at java.util.concurrent.locks.AbstractQueuedSynchronizer$ConditionObject.awaitNanos(AbstractQueuedSynchronizer.java:2078)
        at java.util.concurrent.ScheduledThreadPoolExecutor$DelayedWorkQueue.take(ScheduledThreadPoolExecutor.java:1093)
        at java.util.concurrent.ScheduledThreadPoolExecutor$DelayedWorkQueue.take(ScheduledThreadPoolExecutor.java:809)
        at java.util.concurrent.ThreadPoolExecutor.getTask(ThreadPoolExecutor.java:1074)
        at java.util.concurrent.ThreadPoolExecutor.runWorker(ThreadPoolExecutor.java:1134)
        at java.util.concurrent.ThreadPoolExecutor$Worker.run(ThreadPoolExecutor.java:624)
        at java.lang.Thread.run(Thread.java:750)
"ChunkReader-1" daemon prio=5 tid=800 in Object.wait()
java.lang.Thread.State: WAITING (on object monitor)
        at sun.misc.Unsafe.park(Native Method)
        at java.util.concurrent.locks.LockSupport.park(LockSupport.java:175)
        at java.util.concurrent.locks.AbstractQueuedSynchronizer$ConditionObject.await(AbstractQueuedSynchronizer.java:2039)
        at java.util.concurrent.LinkedBlockingQueue.take(LinkedBlockingQueue.java:442)
        at java.util.concurrent.ThreadPoolExecutor.getTask(ThreadPoolExecutor.java:1074)
        at java.util.concurrent.ThreadPoolExecutor.runWorker(ThreadPoolExecutor.java:1134)
        at java.util.concurrent.ThreadPoolExecutor$Worker.run(ThreadPoolExecutor.java:624)
        at java.lang.Thread.run(Thread.java:750)
"7141d06d-71d8-4a56-9b5d-23c6772b1ac6@group-7F17D7D56448-LeaderStateImpl" daemon prio=5 tid=706 timed_waiting
java.lang.Thread.State: TIMED_WAITING
        at sun.misc.Unsafe.park(Native Method)
        at java.util.concurrent.locks.LockSupport.parkNanos(LockSupport.java:215)
        at java.util.concurrent.locks.AbstractQueuedSynchronizer$ConditionObject.awaitNanos(AbstractQueuedSynchronizer.java:2078)
        at java.util.concurrent.ArrayBlockingQueue.poll(ArrayBlockingQueue.java:418)
        at org.apache.ratis.server.impl.LeaderStateImpl$EventQueue.poll(LeaderStateImpl.java:159)
        at org.apache.ratis.server.impl.LeaderStateImpl$EventProcessor.run(LeaderStateImpl.java:630)
"qtp567908971-190" daemon prio=5 tid=190 timed_waiting
java.lang.Thread.State: TIMED_WAITING
        at sun.misc.Unsafe.park(Native Method)
        at java.util.concurrent.locks.LockSupport.parkNanos(LockSupport.java:215)
        at java.util.concurrent.locks.AbstractQueuedSynchronizer$ConditionObject.awaitNanos(AbstractQueuedSynchronizer.java:2078)
        at org.eclipse.jetty.util.BlockingArrayQueue.poll(BlockingArrayQueue.java:382)
        at org.eclipse.jetty.util.thread.QueuedThreadPool$Runner.idleJobPoll(QueuedThreadPool.java:974)
        at org.eclipse.jetty.util.thread.QueuedThreadPool$Runner.run(QueuedThreadPool.java:1018)
        at java.lang.Thread.run(Thread.java:750)
"7141d06d-71d8-4a56-9b5d-23c6772b1ac6-server-thread1" daemon prio=5 tid=934 timed_waiting
java.lang.Thread.State: TIMED_WAITING
        at sun.misc.Unsafe.park(Native Method)
        at java.util.concurrent.locks.LockSupport.parkNanos(LockSupport.java:215)
        at java.util.concurrent.SynchronousQueue$TransferStack.awaitFulfill(SynchronousQueue.java:460)
        at java.util.concurrent.SynchronousQueue$TransferStack.transfer(SynchronousQueue.java:362)
        at java.util.concurrent.SynchronousQueue.poll(SynchronousQueue.java:941)
        at java.util.concurrent.ThreadPoolExecutor.getTask(ThreadPoolExecutor.java:1073)
        at java.util.concurrent.ThreadPoolExecutor.runWorker(ThreadPoolExecutor.java:1134)
        at java.util.concurrent.ThreadPoolExecutor$Worker.run(ThreadPoolExecutor.java:624)
        at java.lang.Thread.run(Thread.java:750)
"StaleRecoveringContainerScrubbingService#2" daemon prio=5 tid=731 timed_waiting
java.lang.Thread.State: TIMED_WAITING
        at sun.misc.Unsafe.park(Native Method)
        at java.util.concurrent.locks.LockSupport.parkNanos(LockSupport.java:215)
        at java.util.concurrent.locks.AbstractQueuedSynchronizer$ConditionObject.awaitNanos(AbstractQueuedSynchronizer.java:2078)
        at java.util.concurrent.ScheduledThreadPoolExecutor$DelayedWorkQueue.take(ScheduledThreadPoolExecutor.java:1093)
        at java.util.concurrent.ScheduledThreadPoolExecutor$DelayedWorkQueue.take(ScheduledThreadPoolExecutor.java:809)
        at java.util.concurrent.ThreadPoolExecutor.getTask(ThreadPoolExecutor.java:1074)
        at java.util.concurrent.ThreadPoolExecutor.runWorker(ThreadPoolExecutor.java:1134)
        at java.util.concurrent.ThreadPoolExecutor$Worker.run(ThreadPoolExecutor.java:624)
        at java.lang.Thread.run(Thread.java:750)
"qtp1054378603-245" daemon prio=5 tid=245 timed_waiting
java.lang.Thread.State: TIMED_WAITING
        at sun.misc.Unsafe.park(Native Method)
        at java.util.concurrent.locks.LockSupport.parkNanos(LockSupport.java:215)
        at java.util.concurrent.locks.AbstractQueuedSynchronizer$ConditionObject.awaitNanos(AbstractQueuedSynchronizer.java:2078)
        at org.eclipse.jetty.util.BlockingArrayQueue.poll(BlockingArrayQueue.java:382)
        at org.eclipse.jetty.util.thread.QueuedThreadPool$Runner.idleJobPoll(QueuedThreadPool.java:974)
        at org.eclipse.jetty.util.thread.QueuedThreadPool$Runner.run(QueuedThreadPool.java:1018)
        at java.lang.Thread.run(Thread.java:750)
"qtp634480856-325" daemon prio=5 tid=325 timed_waiting
java.lang.Thread.State: TIMED_WAITING
        at sun.misc.Unsafe.park(Native Method)
        at java.util.concurrent.locks.LockSupport.parkNanos(LockSupport.java:215)
        at java.util.concurrent.locks.AbstractQueuedSynchronizer$ConditionObject.awaitNanos(AbstractQueuedSynchronizer.java:2078)
        at org.eclipse.jetty.util.BlockingArrayQueue.poll(BlockingArrayQueue.java:382)
        at org.eclipse.jetty.util.thread.QueuedThreadPool$Runner.idleJobPoll(QueuedThreadPool.java:974)
        at org.eclipse.jetty.util.thread.QueuedThreadPool$Runner.run(QueuedThreadPool.java:1018)
        at java.lang.Thread.run(Thread.java:750)
"BlockDeletingService#2" daemon prio=5 tid=990 in Object.wait()
java.lang.Thread.State: WAITING (on object monitor)
        at sun.misc.Unsafe.park(Native Method)
        at java.util.concurrent.locks.LockSupport.park(LockSupport.java:175)
        at java.util.concurrent.locks.AbstractQueuedSynchronizer$ConditionObject.await(AbstractQueuedSynchronizer.java:2039)
        at java.util.concurrent.ScheduledThreadPoolExecutor$DelayedWorkQueue.take(ScheduledThreadPoolExecutor.java:1088)
        at java.util.concurrent.ScheduledThreadPoolExecutor$DelayedWorkQueue.take(ScheduledThreadPoolExecutor.java:809)
        at java.util.concurrent.ThreadPoolExecutor.getTask(ThreadPoolExecutor.java:1074)
        at java.util.concurrent.ThreadPoolExecutor.runWorker(ThreadPoolExecutor.java:1134)
        at java.util.concurrent.ThreadPoolExecutor$Worker.run(ThreadPoolExecutor.java:624)
        at java.lang.Thread.run(Thread.java:750)
"93701946-f5e3-4943-a932-e133db5deae9@group-67DBD99A6914-StateMachineUpdater" daemon prio=5 tid=613 timed_waiting
java.lang.Thread.State: TIMED_WAITING
        at sun.misc.Unsafe.park(Native Method)
        at java.util.concurrent.locks.LockSupport.parkNanos(LockSupport.java:215)
        at java.util.concurrent.locks.AbstractQueuedSynchronizer$ConditionObject.await(AbstractQueuedSynchronizer.java:2163)
        at org.apache.ratis.util.AwaitForSignal.await(AwaitForSignal.java:62)
        at org.apache.ratis.server.impl.StateMachineUpdater.waitForCommit(StateMachineUpdater.java:207)
        at org.apache.ratis.server.impl.StateMachineUpdater.run(StateMachineUpdater.java:176)
        at java.lang.Thread.run(Thread.java:750)
"om1@group-C5BA1605619E-LeaderStateImpl" daemon prio=5 tid=222 timed_waiting
java.lang.Thread.State: TIMED_WAITING
        at sun.misc.Unsafe.park(Native Method)
        at java.util.concurrent.locks.LockSupport.parkNanos(LockSupport.java:215)
        at java.util.concurrent.locks.AbstractQueuedSynchronizer$ConditionObject.awaitNanos(AbstractQueuedSynchronizer.java:2078)
        at java.util.concurrent.ArrayBlockingQueue.poll(ArrayBlockingQueue.java:418)
        at org.apache.ratis.server.impl.LeaderStateImpl$EventQueue.poll(LeaderStateImpl.java:159)
        at org.apache.ratis.server.impl.LeaderStateImpl$EventProcessor.run(LeaderStateImpl.java:630)
"3f0205b3-740b-4219-bfdb-76da739fef9e-server-thread4" daemon prio=5 tid=956 timed_waiting
java.lang.Thread.State: TIMED_WAITING
        at sun.misc.Unsafe.park(Native Method)
        at java.util.concurrent.locks.LockSupport.parkNanos(LockSupport.java:215)
        at java.util.concurrent.SynchronousQueue$TransferStack.awaitFulfill(SynchronousQueue.java:460)
        at java.util.concurrent.SynchronousQueue$TransferStack.transfer(SynchronousQueue.java:362)
        at java.util.concurrent.SynchronousQueue.poll(SynchronousQueue.java:941)
        at java.util.concurrent.ThreadPoolExecutor.getTask(ThreadPoolExecutor.java:1073)
        at java.util.concurrent.ThreadPoolExecutor.runWorker(ThreadPoolExecutor.java:1134)
        at java.util.concurrent.ThreadPoolExecutor$Worker.run(ThreadPoolExecutor.java:624)
        at java.lang.Thread.run(Thread.java:750)
"Timer for 'StorageContainerManager' metrics system" daemon prio=5 tid=45 timed_waiting
java.lang.Thread.State: TIMED_WAITING
        at java.lang.Object.wait(Native Method)
        at java.util.TimerThread.mainLoop(Timer.java:552)
        at java.util.TimerThread.run(Timer.java:505)
"Datanode ReportManager Thread - 4" daemon prio=5 tid=376 in Object.wait()
java.lang.Thread.State: WAITING (on object monitor)
        at sun.misc.Unsafe.park(Native Method)
        at java.util.concurrent.locks.LockSupport.park(LockSupport.java:175)
        at java.util.concurrent.locks.AbstractQueuedSynchronizer$ConditionObject.await(AbstractQueuedSynchronizer.java:2039)
        at java.util.concurrent.ScheduledThreadPoolExecutor$DelayedWorkQueue.take(ScheduledThreadPoolExecutor.java:1088)
        at java.util.concurrent.ScheduledThreadPoolExecutor$DelayedWorkQueue.take(ScheduledThreadPoolExecutor.java:809)
        at java.util.concurrent.ThreadPoolExecutor.getTask(ThreadPoolExecutor.java:1074)
        at java.util.concurrent.ThreadPoolExecutor.runWorker(ThreadPoolExecutor.java:1134)
        at java.util.concurrent.ThreadPoolExecutor$Worker.run(ThreadPoolExecutor.java:624)
        at java.lang.Thread.run(Thread.java:750)
"IPC Server listener on 0" daemon prio=5 tid=130 runnable
java.lang.Thread.State: RUNNABLE
        at sun.nio.ch.EPollArrayWrapper.epollWait(Native Method)
        at sun.nio.ch.EPollArrayWrapper.poll(EPollArrayWrapper.java:269)
        at sun.nio.ch.EPollSelectorImpl.doSelect(EPollSelectorImpl.java:93)
        at sun.nio.ch.SelectorImpl.lockAndDoSelect(SelectorImpl.java:86)
        at sun.nio.ch.SelectorImpl.select(SelectorImpl.java:97)
        at sun.nio.ch.SelectorImpl.select(SelectorImpl.java:101)
        at org.apache.hadoop.ipc.Server$Listener.run(Server.java:1358)
"93701946-f5e3-4943-a932-e133db5deae9@group-34335D786654-LeaderStateImpl" daemon prio=5 tid=931 timed_waiting
java.lang.Thread.State: TIMED_WAITING
        at sun.misc.Unsafe.park(Native Method)
        at java.util.concurrent.locks.LockSupport.parkNanos(LockSupport.java:215)
        at java.util.concurrent.locks.AbstractQueuedSynchronizer$ConditionObject.awaitNanos(AbstractQueuedSynchronizer.java:2078)
        at java.util.concurrent.ArrayBlockingQueue.poll(ArrayBlockingQueue.java:418)
        at org.apache.ratis.server.impl.LeaderStateImpl$EventQueue.poll(LeaderStateImpl.java:159)
        at org.apache.ratis.server.impl.LeaderStateImpl$EventProcessor.run(LeaderStateImpl.java:630)
"StaleRecoveringContainerScrubbingService#0" daemon prio=5 tid=518 in Object.wait()
java.lang.Thread.State: WAITING (on object monitor)
        at sun.misc.Unsafe.park(Native Method)
        at java.util.concurrent.locks.LockSupport.park(LockSupport.java:175)
        at java.util.concurrent.locks.AbstractQueuedSynchronizer$ConditionObject.await(AbstractQueuedSynchronizer.java:2039)
        at java.util.concurrent.ScheduledThreadPoolExecutor$DelayedWorkQueue.take(ScheduledThreadPoolExecutor.java:1088)
        at java.util.concurrent.ScheduledThreadPoolExecutor$DelayedWorkQueue.take(ScheduledThreadPoolExecutor.java:809)
        at java.util.concurrent.ThreadPoolExecutor.getTask(ThreadPoolExecutor.java:1074)
        at java.util.concurrent.ThreadPoolExecutor.runWorker(ThreadPoolExecutor.java:1134)
        at java.util.concurrent.ThreadPoolExecutor$Worker.run(ThreadPoolExecutor.java:624)
        at java.lang.Thread.run(Thread.java:750)
"org.apache.hadoop.util.JvmPauseMonitor$Monitor@74d5c83" daemon prio=5 tid=174 timed_waiting
java.lang.Thread.State: TIMED_WAITING
        at java.lang.Thread.sleep(Native Method)
        at org.apache.hadoop.util.JvmPauseMonitor$Monitor.run(JvmPauseMonitor.java:192)
        at java.lang.Thread.run(Thread.java:750)
"StaleRecoveringContainerScrubbingService#6" daemon prio=5 tid=971 in Object.wait()
java.lang.Thread.State: WAITING (on object monitor)
        at sun.misc.Unsafe.park(Native Method)
        at java.util.concurrent.locks.LockSupport.park(LockSupport.java:175)
        at java.util.concurrent.locks.AbstractQueuedSynchronizer$ConditionObject.await(AbstractQueuedSynchronizer.java:2039)
        at java.util.concurrent.ScheduledThreadPoolExecutor$DelayedWorkQueue.take(ScheduledThreadPoolExecutor.java:1088)
        at java.util.concurrent.ScheduledThreadPoolExecutor$DelayedWorkQueue.take(ScheduledThreadPoolExecutor.java:809)
        at java.util.concurrent.ThreadPoolExecutor.getTask(ThreadPoolExecutor.java:1074)
        at java.util.concurrent.ThreadPoolExecutor.runWorker(ThreadPoolExecutor.java:1134)
        at java.util.concurrent.ThreadPoolExecutor$Worker.run(ThreadPoolExecutor.java:624)
        at java.lang.Thread.run(Thread.java:750)
"EventQueue-NodeRegistrationContainerReportForDataNodeSafeModeRule" daemon prio=5 tid=522 in Object.wait()
java.lang.Thread.State: WAITING (on object monitor)
        at sun.misc.Unsafe.park(Native Method)
        at java.util.concurrent.locks.LockSupport.park(LockSupport.java:175)
        at java.util.concurrent.locks.AbstractQueuedSynchronizer$ConditionObject.await(AbstractQueuedSynchronizer.java:2039)
        at java.util.concurrent.LinkedBlockingQueue.take(LinkedBlockingQueue.java:442)
        at java.util.concurrent.ThreadPoolExecutor.getTask(ThreadPoolExecutor.java:1074)
        at java.util.concurrent.ThreadPoolExecutor.runWorker(ThreadPoolExecutor.java:1134)
        at java.util.concurrent.ThreadPoolExecutor$Worker.run(ThreadPoolExecutor.java:624)
        at java.lang.Thread.run(Thread.java:750)
"PartialTableCache Cleanup Thread - 0" daemon prio=5 tid=784 in Object.wait()
java.lang.Thread.State: WAITING (on object monitor)
        at sun.misc.Unsafe.park(Native Method)
        at java.util.concurrent.locks.LockSupport.park(LockSupport.java:175)
        at java.util.concurrent.locks.AbstractQueuedSynchronizer$ConditionObject.await(AbstractQueuedSynchronizer.java:2039)
        at java.util.concurrent.LinkedBlockingQueue.take(LinkedBlockingQueue.java:442)
        at java.util.concurrent.ThreadPoolExecutor.getTask(ThreadPoolExecutor.java:1074)
        at java.util.concurrent.ThreadPoolExecutor.runWorker(ThreadPoolExecutor.java:1134)
        at java.util.concurrent.ThreadPoolExecutor$Worker.run(ThreadPoolExecutor.java:624)
        at java.lang.Thread.run(Thread.java:750)
"qtp902010316-298" daemon prio=5 tid=298 timed_waiting
java.lang.Thread.State: TIMED_WAITING
        at sun.misc.Unsafe.park(Native Method)
        at java.util.concurrent.locks.LockSupport.parkNanos(LockSupport.java:215)
        at java.util.concurrent.locks.AbstractQueuedSynchronizer$ConditionObject.awaitNanos(AbstractQueuedSynchronizer.java:2078)
        at org.eclipse.jetty.util.BlockingArrayQueue.poll(BlockingArrayQueue.java:382)
        at org.eclipse.jetty.util.thread.QueuedThreadPool$Runner.idleJobPoll(QueuedThreadPool.java:974)
        at org.eclipse.jetty.util.thread.QueuedThreadPool$Runner.run(QueuedThreadPool.java:1018)
        at java.lang.Thread.run(Thread.java:750)
"ChunkWriter-1-0" daemon prio=5 tid=362 in Object.wait()
java.lang.Thread.State: WAITING (on object monitor)
        at sun.misc.Unsafe.park(Native Method)
        at java.util.concurrent.locks.LockSupport.park(LockSupport.java:175)
        at java.util.concurrent.locks.AbstractQueuedSynchronizer$ConditionObject.await(AbstractQueuedSynchronizer.java:2039)
        at java.util.concurrent.LinkedBlockingDeque.takeFirst(LinkedBlockingDeque.java:492)
        at java.util.concurrent.LinkedBlockingDeque.take(LinkedBlockingDeque.java:680)
        at java.util.concurrent.ThreadPoolExecutor.getTask(ThreadPoolExecutor.java:1074)
        at java.util.concurrent.ThreadPoolExecutor.runWorker(ThreadPoolExecutor.java:1134)
        at java.util.concurrent.ThreadPoolExecutor$Worker.run(ThreadPoolExecutor.java:624)
        at java.lang.Thread.run(Thread.java:750)
"Session-HouseKeeper-34243ccd-1"  prio=5 tid=360 timed_waiting
java.lang.Thread.State: TIMED_WAITING
        at sun.misc.Unsafe.park(Native Method)
        at java.util.concurrent.locks.LockSupport.parkNanos(LockSupport.java:215)
        at java.util.concurrent.locks.AbstractQueuedSynchronizer$ConditionObject.awaitNanos(AbstractQueuedSynchronizer.java:2078)
        at java.util.concurrent.ScheduledThreadPoolExecutor$DelayedWorkQueue.take(ScheduledThreadPoolExecutor.java:1093)
        at java.util.concurrent.ScheduledThreadPoolExecutor$DelayedWorkQueue.take(ScheduledThreadPoolExecutor.java:809)
        at java.util.concurrent.ThreadPoolExecutor.getTask(ThreadPoolExecutor.java:1074)
        at java.util.concurrent.ThreadPoolExecutor.runWorker(ThreadPoolExecutor.java:1134)
        at java.util.concurrent.ThreadPoolExecutor$Worker.run(ThreadPoolExecutor.java:624)
        at java.lang.Thread.run(Thread.java:750)
"qtp1523286511-354" daemon prio=5 tid=354 timed_waiting
java.lang.Thread.State: TIMED_WAITING
        at sun.misc.Unsafe.park(Native Method)
        at java.util.concurrent.locks.LockSupport.parkNanos(LockSupport.java:215)
        at java.util.concurrent.locks.AbstractQueuedSynchronizer$ConditionObject.awaitNanos(AbstractQueuedSynchronizer.java:2078)
        at org.eclipse.jetty.util.BlockingArrayQueue.poll(BlockingArrayQueue.java:382)
        at org.eclipse.jetty.util.thread.QueuedThreadPool$Runner.idleJobPoll(QueuedThreadPool.java:974)
        at org.eclipse.jetty.util.thread.QueuedThreadPool$Runner.run(QueuedThreadPool.java:1018)
        at java.lang.Thread.run(Thread.java:750)
"StaleRecoveringContainerScrubbingService#8" daemon prio=5 tid=1005 in Object.wait()
java.lang.Thread.State: WAITING (on object monitor)
        at sun.misc.Unsafe.park(Native Method)
        at java.util.concurrent.locks.LockSupport.park(LockSupport.java:175)
        at java.util.concurrent.locks.AbstractQueuedSynchronizer$ConditionObject.await(AbstractQueuedSynchronizer.java:2039)
        at java.util.concurrent.ScheduledThreadPoolExecutor$DelayedWorkQueue.take(ScheduledThreadPoolExecutor.java:1088)
        at java.util.concurrent.ScheduledThreadPoolExecutor$DelayedWorkQueue.take(ScheduledThreadPoolExecutor.java:809)
        at java.util.concurrent.ThreadPoolExecutor.getTask(ThreadPoolExecutor.java:1074)
        at java.util.concurrent.ThreadPoolExecutor.runWorker(ThreadPoolExecutor.java:1134)
        at java.util.concurrent.ThreadPoolExecutor$Worker.run(ThreadPoolExecutor.java:624)
        at java.lang.Thread.run(Thread.java:750)
"Timer-0"  prio=5 tid=140 timed_waiting
java.lang.Thread.State: TIMED_WAITING
        at java.lang.Object.wait(Native Method)
        at java.util.TimerThread.mainLoop(Timer.java:552)
        at java.util.TimerThread.run(Timer.java:505)
"qtp911648712-474" daemon prio=5 tid=474 timed_waiting
java.lang.Thread.State: TIMED_WAITING
        at sun.misc.Unsafe.park(Native Method)
        at java.util.concurrent.locks.LockSupport.parkNanos(LockSupport.java:215)
        at java.util.concurrent.locks.AbstractQueuedSynchronizer$ConditionObject.awaitNanos(AbstractQueuedSynchronizer.java:2078)
        at org.eclipse.jetty.util.BlockingArrayQueue.poll(BlockingArrayQueue.java:382)
        at org.eclipse.jetty.util.thread.QueuedThreadPool$Runner.idleJobPoll(QueuedThreadPool.java:974)
        at org.eclipse.jetty.util.thread.QueuedThreadPool$Runner.run(QueuedThreadPool.java:1018)
        at java.lang.Thread.run(Thread.java:750)
"qtp567908971-192" daemon prio=5 tid=192 timed_waiting
java.lang.Thread.State: TIMED_WAITING
        at sun.misc.Unsafe.park(Native Method)
        at java.util.concurrent.locks.LockSupport.parkNanos(LockSupport.java:215)
        at java.util.concurrent.locks.AbstractQueuedSynchronizer$ConditionObject.awaitNanos(AbstractQueuedSynchronizer.java:2078)
        at org.eclipse.jetty.util.BlockingArrayQueue.poll(BlockingArrayQueue.java:382)
        at org.eclipse.jetty.util.thread.QueuedThreadPool$Runner.idleJobPoll(QueuedThreadPool.java:974)
        at org.eclipse.jetty.util.thread.QueuedThreadPool$Runner.run(QueuedThreadPool.java:1018)
        at java.lang.Thread.run(Thread.java:750)
"ChunkReader-ELG-0" daemon prio=5 tid=483 runnable
java.lang.Thread.State: RUNNABLE
        at org.apache.ratis.thirdparty.io.netty.channel.epoll.Native.epollWait(Native Method)
        at org.apache.ratis.thirdparty.io.netty.channel.epoll.Native.epollWait(Native.java:209)
        at org.apache.ratis.thirdparty.io.netty.channel.epoll.Native.epollWait(Native.java:202)
        at org.apache.ratis.thirdparty.io.netty.channel.epoll.EpollEventLoop.epollWaitNoTimerChange(EpollEventLoop.java:294)
        at org.apache.ratis.thirdparty.io.netty.channel.epoll.EpollEventLoop.run(EpollEventLoop.java:351)
        at org.apache.ratis.thirdparty.io.netty.util.concurrent.SingleThreadEventExecutor$4.run(SingleThreadEventExecutor.java:995)
        at org.apache.ratis.thirdparty.io.netty.util.internal.ThreadExecutorMap$2.run(ThreadExecutorMap.java:74)
        at java.lang.Thread.run(Thread.java:750)
"BlockDeletingService#1" daemon prio=5 tid=574 timed_waiting
java.lang.Thread.State: TIMED_WAITING
        at sun.misc.Unsafe.park(Native Method)
        at java.util.concurrent.locks.LockSupport.parkNanos(LockSupport.java:215)
        at java.util.concurrent.locks.AbstractQueuedSynchronizer$ConditionObject.awaitNanos(AbstractQueuedSynchronizer.java:2078)
        at java.util.concurrent.ScheduledThreadPoolExecutor$DelayedWorkQueue.take(ScheduledThreadPoolExecutor.java:1093)
        at java.util.concurrent.ScheduledThreadPoolExecutor$DelayedWorkQueue.take(ScheduledThreadPoolExecutor.java:809)
        at java.util.concurrent.ThreadPoolExecutor.getTask(ThreadPoolExecutor.java:1074)
        at java.util.concurrent.ThreadPoolExecutor.runWorker(ThreadPoolExecutor.java:1134)
        at java.util.concurrent.ThreadPoolExecutor$Worker.run(ThreadPoolExecutor.java:624)
        at java.lang.Thread.run(Thread.java:750)
"FixedThreadPoolWithAffinityExecutor-7-0" daemon prio=5 tid=42 timed_waiting
java.lang.Thread.State: TIMED_WAITING
        at sun.misc.Unsafe.park(Native Method)
        at java.util.concurrent.locks.LockSupport.parkNanos(LockSupport.java:215)
        at java.util.concurrent.locks.AbstractQueuedSynchronizer$ConditionObject.awaitNanos(AbstractQueuedSynchronizer.java:2078)
        at java.util.concurrent.LinkedBlockingQueue.poll(LinkedBlockingQueue.java:467)
        at org.apache.hadoop.hdds.scm.server.ContainerReportQueue.poll(ContainerReportQueue.java:266)
        at org.apache.hadoop.hdds.scm.server.ContainerReportQueue.poll(ContainerReportQueue.java:42)
        at org.apache.hadoop.hdds.server.events.FixedThreadPoolWithAffinityExecutor$ContainerReportProcessTask.run(FixedThreadPoolWithAffinityExecutor.java:247)
        at java.util.concurrent.Executors$RunnableAdapter.call(Executors.java:511)
        at java.util.concurrent.FutureTask.run(FutureTask.java:266)
        at java.util.concurrent.ThreadPoolExecutor.runWorker(ThreadPoolExecutor.java:1149)
        at java.util.concurrent.ThreadPoolExecutor$Worker.run(ThreadPoolExecutor.java:624)
        at java.lang.Thread.run(Thread.java:750)
"qtp634225415-273" daemon prio=5 tid=273 timed_waiting
java.lang.Thread.State: TIMED_WAITING
        at sun.misc.Unsafe.park(Native Method)
        at java.util.concurrent.locks.LockSupport.parkNanos(LockSupport.java:215)
        at java.util.concurrent.locks.AbstractQueuedSynchronizer$ConditionObject.awaitNanos(AbstractQueuedSynchronizer.java:2078)
        at org.eclipse.jetty.util.BlockingArrayQueue.poll(BlockingArrayQueue.java:382)
        at org.eclipse.jetty.util.thread.QueuedThreadPool$Runner.idleJobPoll(QueuedThreadPool.java:974)
        at org.eclipse.jetty.util.thread.QueuedThreadPool$Runner.run(QueuedThreadPool.java:1018)
        at java.lang.Thread.run(Thread.java:750)
"FixedThreadPoolWithAffinityExecutor-3-0" daemon prio=5 tid=38 timed_waiting
java.lang.Thread.State: TIMED_WAITING
        at sun.misc.Unsafe.park(Native Method)
        at java.util.concurrent.locks.LockSupport.parkNanos(LockSupport.java:215)
        at java.util.concurrent.locks.AbstractQueuedSynchronizer$ConditionObject.awaitNanos(AbstractQueuedSynchronizer.java:2078)
        at java.util.concurrent.LinkedBlockingQueue.poll(LinkedBlockingQueue.java:467)
        at org.apache.hadoop.hdds.scm.server.ContainerReportQueue.poll(ContainerReportQueue.java:266)
        at org.apache.hadoop.hdds.scm.server.ContainerReportQueue.poll(ContainerReportQueue.java:42)
        at org.apache.hadoop.hdds.server.events.FixedThreadPoolWithAffinityExecutor$ContainerReportProcessTask.run(FixedThreadPoolWithAffinityExecutor.java:247)
        at java.util.concurrent.Executors$RunnableAdapter.call(Executors.java:511)
        at java.util.concurrent.FutureTask.run(FutureTask.java:266)
        at java.util.concurrent.ThreadPoolExecutor.runWorker(ThreadPoolExecutor.java:1149)
        at java.util.concurrent.ThreadPoolExecutor$Worker.run(ThreadPoolExecutor.java:624)
        at java.lang.Thread.run(Thread.java:750)
"qtp634480856-323-acceptor-0@eb1e19-ServerConnector@290505f8{HTTP/1.1, (http/1.1)}{0.0.0.0:37425}" daemon prio=3 tid=323 runnable
java.lang.Thread.State: RUNNABLE
        at sun.nio.ch.ServerSocketChannelImpl.accept0(Native Method)
        at sun.nio.ch.ServerSocketChannelImpl.accept(ServerSocketChannelImpl.java:421)
        at sun.nio.ch.ServerSocketChannelImpl.accept(ServerSocketChannelImpl.java:249)
        at org.eclipse.jetty.server.ServerConnector.accept(ServerConnector.java:388)
        at org.eclipse.jetty.server.AbstractConnector$Acceptor.run(AbstractConnector.java:704)
        at org.eclipse.jetty.util.thread.QueuedThreadPool.runJob(QueuedThreadPool.java:883)
        at org.eclipse.jetty.util.thread.QueuedThreadPool$Runner.run(QueuedThreadPool.java:1034)
        at java.lang.Thread.run(Thread.java:750)
"qtp1054378603-242-acceptor-0@52e756e1-ServerConnector@e1bfdc3{HTTP/1.1, (http/1.1)}{0.0.0.0:44965}" daemon prio=3 tid=242 runnable
java.lang.Thread.State: RUNNABLE
        at sun.nio.ch.ServerSocketChannelImpl.accept0(Native Method)
        at sun.nio.ch.ServerSocketChannelImpl.accept(ServerSocketChannelImpl.java:421)
        at sun.nio.ch.ServerSocketChannelImpl.accept(ServerSocketChannelImpl.java:249)
        at org.eclipse.jetty.server.ServerConnector.accept(ServerConnector.java:388)
        at org.eclipse.jetty.server.AbstractConnector$Acceptor.run(AbstractConnector.java:704)
        at org.eclipse.jetty.util.thread.QueuedThreadPool.runJob(QueuedThreadPool.java:883)
        at org.eclipse.jetty.util.thread.QueuedThreadPool$Runner.run(QueuedThreadPool.java:1034)
        at java.lang.Thread.run(Thread.java:750)
"FixedThreadPoolWithAffinityExecutor-4-0" daemon prio=5 tid=39 timed_waiting
java.lang.Thread.State: TIMED_WAITING
        at sun.misc.Unsafe.park(Native Method)
        at java.util.concurrent.locks.LockSupport.parkNanos(LockSupport.java:215)
        at java.util.concurrent.locks.AbstractQueuedSynchronizer$ConditionObject.awaitNanos(AbstractQueuedSynchronizer.java:2078)
        at java.util.concurrent.LinkedBlockingQueue.poll(LinkedBlockingQueue.java:467)
        at org.apache.hadoop.hdds.scm.server.ContainerReportQueue.poll(ContainerReportQueue.java:266)
        at org.apache.hadoop.hdds.scm.server.ContainerReportQueue.poll(ContainerReportQueue.java:42)
        at org.apache.hadoop.hdds.server.events.FixedThreadPoolWithAffinityExecutor$ContainerReportProcessTask.run(FixedThreadPoolWithAffinityExecutor.java:247)
        at java.util.concurrent.Executors$RunnableAdapter.call(Executors.java:511)
        at java.util.concurrent.FutureTask.run(FutureTask.java:266)
        at java.util.concurrent.ThreadPoolExecutor.runWorker(ThreadPoolExecutor.java:1149)
        at java.util.concurrent.ThreadPoolExecutor$Worker.run(ThreadPoolExecutor.java:624)
        at java.lang.Thread.run(Thread.java:750)
"Datanode ReportManager Thread - 4" daemon prio=5 tid=493 in Object.wait()
java.lang.Thread.State: WAITING (on object monitor)
        at sun.misc.Unsafe.park(Native Method)
        at java.util.concurrent.locks.LockSupport.park(LockSupport.java:175)
        at java.util.concurrent.locks.AbstractQueuedSynchronizer$ConditionObject.await(AbstractQueuedSynchronizer.java:2039)
        at java.util.concurrent.ScheduledThreadPoolExecutor$DelayedWorkQueue.take(ScheduledThreadPoolExecutor.java:1088)
        at java.util.concurrent.ScheduledThreadPoolExecutor$DelayedWorkQueue.take(ScheduledThreadPoolExecutor.java:809)
        at java.util.concurrent.ThreadPoolExecutor.getTask(ThreadPoolExecutor.java:1074)
        at java.util.concurrent.ThreadPoolExecutor.runWorker(ThreadPoolExecutor.java:1134)
        at java.util.concurrent.ThreadPoolExecutor$Worker.run(ThreadPoolExecutor.java:624)
        at java.lang.Thread.run(Thread.java:750)
"pool-186-thread-1"  prio=5 tid=630 in Object.wait()
java.lang.Thread.State: WAITING (on object monitor)
        at sun.misc.Unsafe.park(Native Method)
        at java.util.concurrent.locks.LockSupport.park(LockSupport.java:175)
        at java.util.concurrent.locks.AbstractQueuedSynchronizer$ConditionObject.await(AbstractQueuedSynchronizer.java:2039)
        at java.util.concurrent.LinkedBlockingQueue.take(LinkedBlockingQueue.java:442)
        at java.util.concurrent.ThreadPoolExecutor.getTask(ThreadPoolExecutor.java:1074)
        at java.util.concurrent.ThreadPoolExecutor.runWorker(ThreadPoolExecutor.java:1134)
        at java.util.concurrent.ThreadPoolExecutor$Worker.run(ThreadPoolExecutor.java:624)
        at java.lang.Thread.run(Thread.java:750)
"ChunkWriter-3-0" daemon prio=5 tid=545 in Object.wait()
java.lang.Thread.State: WAITING (on object monitor)
        at sun.misc.Unsafe.park(Native Method)
        at java.util.concurrent.locks.LockSupport.park(LockSupport.java:175)
        at java.util.concurrent.locks.AbstractQueuedSynchronizer$ConditionObject.await(AbstractQueuedSynchronizer.java:2039)
        at java.util.concurrent.LinkedBlockingDeque.takeFirst(LinkedBlockingDeque.java:492)
        at java.util.concurrent.LinkedBlockingDeque.take(LinkedBlockingDeque.java:680)
        at java.util.concurrent.ThreadPoolExecutor.getTask(ThreadPoolExecutor.java:1074)
        at java.util.concurrent.ThreadPoolExecutor.runWorker(ThreadPoolExecutor.java:1134)
        at java.util.concurrent.ThreadPoolExecutor$Worker.run(ThreadPoolExecutor.java:624)
        at java.lang.Thread.run(Thread.java:750)
"StaleRecoveringContainerScrubbingService#8" daemon prio=5 tid=1004 in Object.wait()
java.lang.Thread.State: WAITING (on object monitor)
        at sun.misc.Unsafe.park(Native Method)
        at java.util.concurrent.locks.LockSupport.park(LockSupport.java:175)
        at java.util.concurrent.locks.AbstractQueuedSynchronizer$ConditionObject.await(AbstractQueuedSynchronizer.java:2039)
        at java.util.concurrent.ScheduledThreadPoolExecutor$DelayedWorkQueue.take(ScheduledThreadPoolExecutor.java:1088)
        at java.util.concurrent.ScheduledThreadPoolExecutor$DelayedWorkQueue.take(ScheduledThreadPoolExecutor.java:809)
        at java.util.concurrent.ThreadPoolExecutor.getTask(ThreadPoolExecutor.java:1074)
        at java.util.concurrent.ThreadPoolExecutor.runWorker(ThreadPoolExecutor.java:1134)
        at java.util.concurrent.ThreadPoolExecutor$Worker.run(ThreadPoolExecutor.java:624)
        at java.lang.Thread.run(Thread.java:750)
"8d5822ee-b1dd-46af-beb1-0638b7fa15fc@group-A2C53E516D65-SegmentedRaftLogWorker"  prio=5 tid=643 timed_waiting
java.lang.Thread.State: TIMED_WAITING
        at sun.misc.Unsafe.park(Native Method)
        at java.util.concurrent.locks.LockSupport.parkNanos(LockSupport.java:215)
        at java.util.concurrent.locks.AbstractQueuedSynchronizer$ConditionObject.awaitNanos(AbstractQueuedSynchronizer.java:2078)
        at org.apache.ratis.util.DataBlockingQueue.poll(DataBlockingQueue.java:148)
        at org.apache.ratis.server.raftlog.segmented.SegmentedRaftLogWorker.run(SegmentedRaftLogWorker.java:312)
        at org.apache.ratis.server.raftlog.segmented.SegmentedRaftLogWorker$$Lambda$693/570605234.run(Unknown Source)
        at java.lang.Thread.run(Thread.java:750)
"qtp1564510985-216" daemon prio=5 tid=216 timed_waiting
java.lang.Thread.State: TIMED_WAITING
        at sun.misc.Unsafe.park(Native Method)
        at java.util.concurrent.locks.LockSupport.parkNanos(LockSupport.java:215)
        at java.util.concurrent.locks.AbstractQueuedSynchronizer$ConditionObject.awaitNanos(AbstractQueuedSynchronizer.java:2078)
        at org.eclipse.jetty.util.BlockingArrayQueue.poll(BlockingArrayQueue.java:382)
        at org.eclipse.jetty.util.thread.QueuedThreadPool$Runner.idleJobPoll(QueuedThreadPool.java:974)
        at org.eclipse.jetty.util.thread.QueuedThreadPool$Runner.run(QueuedThreadPool.java:1018)
        at java.lang.Thread.run(Thread.java:750)
"93701946-f5e3-4943-a932-e133db5deae9@group-34335D786654->c6074cc5-da23-4fc2-b305-e072798acc5a-GrpcLogAppender-LogAppenderDaemon" daemon prio=5 tid=932 timed_waiting
java.lang.Thread.State: TIMED_WAITING
        at sun.misc.Unsafe.park(Native Method)
        at java.util.concurrent.locks.LockSupport.parkNanos(LockSupport.java:215)
        at java.util.concurrent.locks.AbstractQueuedSynchronizer$ConditionObject.await(AbstractQueuedSynchronizer.java:2163)
        at org.apache.ratis.util.AwaitForSignal.await(AwaitForSignal.java:62)
        at org.apache.ratis.grpc.server.GrpcLogAppender.mayWait(GrpcLogAppender.java:198)
        at org.apache.ratis.grpc.server.GrpcLogAppender.run(GrpcLogAppender.java:148)
        at org.apache.ratis.server.leader.LogAppenderDaemon.run(LogAppenderDaemon.java:78)
        at org.apache.ratis.server.leader.LogAppenderDaemon$$Lambda$1083/883698974.run(Unknown Source)
        at java.lang.Thread.run(Thread.java:750)
"Socket Reader #1 for port 0"  prio=5 tid=32 runnable
java.lang.Thread.State: RUNNABLE
        at sun.nio.ch.EPollArrayWrapper.epollWait(Native Method)
        at sun.nio.ch.EPollArrayWrapper.poll(EPollArrayWrapper.java:269)
        at sun.nio.ch.EPollSelectorImpl.doSelect(EPollSelectorImpl.java:93)
        at sun.nio.ch.SelectorImpl.lockAndDoSelect(SelectorImpl.java:86)
        at sun.nio.ch.SelectorImpl.select(SelectorImpl.java:97)
        at sun.nio.ch.SelectorImpl.select(SelectorImpl.java:101)
        at org.apache.hadoop.ipc.Server$Listener$Reader.doRunLoop(Server.java:1296)
        at org.apache.hadoop.ipc.Server$Listener$Reader.run(Server.java:1275)
"8d5822ee-b1dd-46af-beb1-0638b7fa15fc@group-FA7DB534425B-LeaderStateImpl" daemon prio=5 tid=733 timed_waiting
java.lang.Thread.State: TIMED_WAITING
        at sun.misc.Unsafe.park(Native Method)
        at java.util.concurrent.locks.LockSupport.parkNanos(LockSupport.java:215)
        at java.util.concurrent.locks.AbstractQueuedSynchronizer$ConditionObject.awaitNanos(AbstractQueuedSynchronizer.java:2078)
        at java.util.concurrent.ArrayBlockingQueue.poll(ArrayBlockingQueue.java:418)
        at org.apache.ratis.server.impl.LeaderStateImpl$EventQueue.poll(LeaderStateImpl.java:159)
        at org.apache.ratis.server.impl.LeaderStateImpl$EventProcessor.run(LeaderStateImpl.java:630)
"Command processor thread" daemon prio=5 tid=337 timed_waiting
java.lang.Thread.State: TIMED_WAITING
        at java.lang.Thread.sleep(Native Method)
        at org.apache.hadoop.ozone.container.common.statemachine.DatanodeStateMachine.lambda$initCommandHandlerThread$3(DatanodeStateMachine.java:655)
        at org.apache.hadoop.ozone.container.common.statemachine.DatanodeStateMachine$$Lambda$784/997861495.run(Unknown Source)
        at java.lang.Thread.run(Thread.java:750)
"Datanode State Machine Task Thread - 0"  prio=5 tid=339 in Object.wait()
java.lang.Thread.State: WAITING (on object monitor)
        at sun.misc.Unsafe.park(Native Method)
        at java.util.concurrent.locks.LockSupport.park(LockSupport.java:175)
        at java.util.concurrent.locks.AbstractQueuedSynchronizer$ConditionObject.await(AbstractQueuedSynchronizer.java:2039)
        at java.util.concurrent.LinkedBlockingQueue.take(LinkedBlockingQueue.java:442)
        at java.util.concurrent.ThreadPoolExecutor.getTask(ThreadPoolExecutor.java:1074)
        at java.util.concurrent.ThreadPoolExecutor.runWorker(ThreadPoolExecutor.java:1134)
        at java.util.concurrent.ThreadPoolExecutor$Worker.run(ThreadPoolExecutor.java:624)
        at java.lang.Thread.run(Thread.java:750)
"StaleRecoveringContainerScrubbingService#5" daemon prio=5 tid=961 in Object.wait()
java.lang.Thread.State: WAITING (on object monitor)
        at sun.misc.Unsafe.park(Native Method)
        at java.util.concurrent.locks.LockSupport.park(LockSupport.java:175)
        at java.util.concurrent.locks.AbstractQueuedSynchronizer$ConditionObject.await(AbstractQueuedSynchronizer.java:2039)
        at java.util.concurrent.ScheduledThreadPoolExecutor$DelayedWorkQueue.take(ScheduledThreadPoolExecutor.java:1088)
        at java.util.concurrent.ScheduledThreadPoolExecutor$DelayedWorkQueue.take(ScheduledThreadPoolExecutor.java:809)
        at java.util.concurrent.ThreadPoolExecutor.getTask(ThreadPoolExecutor.java:1074)
        at java.util.concurrent.ThreadPoolExecutor.runWorker(ThreadPoolExecutor.java:1134)
        at java.util.concurrent.ThreadPoolExecutor$Worker.run(ThreadPoolExecutor.java:624)
        at java.lang.Thread.run(Thread.java:750)
"qtp1523286511-357" daemon prio=5 tid=357 timed_waiting
java.lang.Thread.State: TIMED_WAITING
        at sun.misc.Unsafe.park(Native Method)
        at java.util.concurrent.locks.LockSupport.parkNanos(LockSupport.java:215)
        at java.util.concurrent.locks.AbstractQueuedSynchronizer$ConditionObject.awaitNanos(AbstractQueuedSynchronizer.java:2078)
        at org.eclipse.jetty.util.BlockingArrayQueue.poll(BlockingArrayQueue.java:382)
        at org.eclipse.jetty.util.thread.QueuedThreadPool$Runner.idleJobPoll(QueuedThreadPool.java:974)
        at org.eclipse.jetty.util.thread.QueuedThreadPool$Runner.run(QueuedThreadPool.java:1018)
        at java.lang.Thread.run(Thread.java:750)
"IPC Server handler 1 on default port 46625" daemon prio=5 tid=155 timed_waiting
java.lang.Thread.State: TIMED_WAITING
        at sun.misc.Unsafe.park(Native Method)
        at java.util.concurrent.locks.LockSupport.parkNanos(LockSupport.java:215)
        at java.util.concurrent.locks.AbstractQueuedSynchronizer$ConditionObject.awaitNanos(AbstractQueuedSynchronizer.java:2078)
        at java.util.concurrent.LinkedBlockingQueue.poll(LinkedBlockingQueue.java:467)
        at org.apache.hadoop.ipc.CallQueueManager.take(CallQueueManager.java:317)
        at org.apache.hadoop.ipc.Server$Handler.run(Server.java:2942)
"StaleRecoveringContainerScrubbingService#2" daemon prio=5 tid=734 timed_waiting
java.lang.Thread.State: TIMED_WAITING
        at sun.misc.Unsafe.park(Native Method)
        at java.util.concurrent.locks.LockSupport.parkNanos(LockSupport.java:215)
        at java.util.concurrent.locks.AbstractQueuedSynchronizer$ConditionObject.awaitNanos(AbstractQueuedSynchronizer.java:2078)
        at java.util.concurrent.ScheduledThreadPoolExecutor$DelayedWorkQueue.take(ScheduledThreadPoolExecutor.java:1093)
        at java.util.concurrent.ScheduledThreadPoolExecutor$DelayedWorkQueue.take(ScheduledThreadPoolExecutor.java:809)
        at java.util.concurrent.ThreadPoolExecutor.getTask(ThreadPoolExecutor.java:1074)
        at java.util.concurrent.ThreadPoolExecutor.runWorker(ThreadPoolExecutor.java:1134)
        at java.util.concurrent.ThreadPoolExecutor$Worker.run(ThreadPoolExecutor.java:624)
        at java.lang.Thread.run(Thread.java:750)
"qtp321206983-146-acceptor-0@10e58a1-ServerConnector@2b06fc00{HTTP/1.1, (http/1.1)}{0.0.0.0:44817}" daemon prio=3 tid=146 runnable
java.lang.Thread.State: RUNNABLE
        at sun.nio.ch.ServerSocketChannelImpl.accept0(Native Method)
        at sun.nio.ch.ServerSocketChannelImpl.accept(ServerSocketChannelImpl.java:421)
        at sun.nio.ch.ServerSocketChannelImpl.accept(ServerSocketChannelImpl.java:249)
        at org.eclipse.jetty.server.ServerConnector.accept(ServerConnector.java:388)
        at org.eclipse.jetty.server.AbstractConnector$Acceptor.run(AbstractConnector.java:704)
        at org.eclipse.jetty.util.thread.QueuedThreadPool.runJob(QueuedThreadPool.java:883)
        at org.eclipse.jetty.util.thread.QueuedThreadPool$Runner.run(QueuedThreadPool.java:1034)
        at java.lang.Thread.run(Thread.java:750)
"StaleRecoveringContainerScrubbingService#0" daemon prio=5 tid=506 in Object.wait()
java.lang.Thread.State: WAITING (on object monitor)
        at sun.misc.Unsafe.park(Native Method)
        at java.util.concurrent.locks.LockSupport.park(LockSupport.java:175)
        at java.util.concurrent.locks.AbstractQueuedSynchronizer$ConditionObject.await(AbstractQueuedSynchronizer.java:2039)
        at java.util.concurrent.ScheduledThreadPoolExecutor$DelayedWorkQueue.take(ScheduledThreadPoolExecutor.java:1088)
        at java.util.concurrent.ScheduledThreadPoolExecutor$DelayedWorkQueue.take(ScheduledThreadPoolExecutor.java:809)
        at java.util.concurrent.ThreadPoolExecutor.getTask(ThreadPoolExecutor.java:1074)
        at java.util.concurrent.ThreadPoolExecutor.runWorker(ThreadPoolExecutor.java:1134)
        at java.util.concurrent.ThreadPoolExecutor$Worker.run(ThreadPoolExecutor.java:624)
        at java.lang.Thread.run(Thread.java:750)
"qtp321206983-150" daemon prio=5 tid=150 timed_waiting
java.lang.Thread.State: TIMED_WAITING
        at sun.misc.Unsafe.park(Native Method)
        at java.util.concurrent.locks.LockSupport.parkNanos(LockSupport.java:215)
        at java.util.concurrent.locks.AbstractQueuedSynchronizer$ConditionObject.awaitNanos(AbstractQueuedSynchronizer.java:2078)
        at org.eclipse.jetty.util.BlockingArrayQueue.poll(BlockingArrayQueue.java:382)
        at org.eclipse.jetty.util.thread.QueuedThreadPool$Runner.idleJobPoll(QueuedThreadPool.java:974)
        at org.eclipse.jetty.util.thread.QueuedThreadPool$Runner.run(QueuedThreadPool.java:1018)
        at java.lang.Thread.run(Thread.java:750)
"StaleRecoveringContainerScrubbingService#0" daemon prio=5 tid=573 in Object.wait()
java.lang.Thread.State: WAITING (on object monitor)
        at sun.misc.Unsafe.park(Native Method)
        at java.util.concurrent.locks.LockSupport.park(LockSupport.java:175)
        at java.util.concurrent.locks.AbstractQueuedSynchronizer$ConditionObject.await(AbstractQueuedSynchronizer.java:2039)
        at java.util.concurrent.ScheduledThreadPoolExecutor$DelayedWorkQueue.take(ScheduledThreadPoolExecutor.java:1088)
        at java.util.concurrent.ScheduledThreadPoolExecutor$DelayedWorkQueue.take(ScheduledThreadPoolExecutor.java:809)
        at java.util.concurrent.ThreadPoolExecutor.getTask(ThreadPoolExecutor.java:1074)
        at java.util.concurrent.ThreadPoolExecutor.runWorker(ThreadPoolExecutor.java:1134)
        at java.util.concurrent.ThreadPoolExecutor$Worker.run(ThreadPoolExecutor.java:624)
        at java.lang.Thread.run(Thread.java:750)
"grpc-default-boss-ELG-1-1" daemon prio=5 tid=138 runnable
java.lang.Thread.State: RUNNABLE
        at org.apache.ratis.thirdparty.io.netty.channel.epoll.Native.epollWait(Native Method)
        at org.apache.ratis.thirdparty.io.netty.channel.epoll.Native.epollWait(Native.java:209)
        at org.apache.ratis.thirdparty.io.netty.channel.epoll.Native.epollWait(Native.java:202)
        at org.apache.ratis.thirdparty.io.netty.channel.epoll.EpollEventLoop.epollWaitNoTimerChange(EpollEventLoop.java:294)
        at org.apache.ratis.thirdparty.io.netty.channel.epoll.EpollEventLoop.run(EpollEventLoop.java:351)
        at org.apache.ratis.thirdparty.io.netty.util.concurrent.SingleThreadEventExecutor$4.run(SingleThreadEventExecutor.java:995)
        at org.apache.ratis.thirdparty.io.netty.util.internal.ThreadExecutorMap$2.run(ThreadExecutorMap.java:74)
        at org.apache.ratis.thirdparty.io.netty.util.concurrent.FastThreadLocalRunnable.run(FastThreadLocalRunnable.java:30)
        at java.lang.Thread.run(Thread.java:750)
"grpc-default-worker-ELG-3-2" daemon prio=5 tid=588 runnable
java.lang.Thread.State: RUNNABLE
        at org.apache.ratis.thirdparty.io.netty.channel.epoll.Native.epollWait0(Native Method)
        at org.apache.ratis.thirdparty.io.netty.channel.epoll.Native.epollWait(Native.java:182)
        at org.apache.ratis.thirdparty.io.netty.channel.epoll.EpollEventLoop.epollWait(EpollEventLoop.java:290)
        at org.apache.ratis.thirdparty.io.netty.channel.epoll.EpollEventLoop.run(EpollEventLoop.java:354)
        at org.apache.ratis.thirdparty.io.netty.util.concurrent.SingleThreadEventExecutor$4.run(SingleThreadEventExecutor.java:995)
        at org.apache.ratis.thirdparty.io.netty.util.internal.ThreadExecutorMap$2.run(ThreadExecutorMap.java:74)
        at org.apache.ratis.thirdparty.io.netty.util.concurrent.FastThreadLocalRunnable.run(FastThreadLocalRunnable.java:30)
        at java.lang.Thread.run(Thread.java:750)
"JvmPauseMonitor10" daemon prio=5 tid=570 timed_waiting
java.lang.Thread.State: TIMED_WAITING
        at java.lang.Thread.sleep(Native Method)
        at java.lang.Thread.sleep(Thread.java:342)
        at java.util.concurrent.TimeUnit.sleep(TimeUnit.java:386)
        at org.apache.ratis.util.TimeDuration.sleep(TimeDuration.java:325)
        at org.apache.ratis.util.TimeDuration.sleep(TimeDuration.java:310)
        at org.apache.ratis.util.JvmPauseMonitor.detectPause(JvmPauseMonitor.java:119)
        at org.apache.ratis.util.JvmPauseMonitor.run(JvmPauseMonitor.java:108)
        at org.apache.ratis.util.JvmPauseMonitor$$Lambda$734/1944085370.run(Unknown Source)
        at java.lang.Thread.run(Thread.java:750)
"Datanode ReportManager Thread - 0" daemon prio=5 tid=224 timed_waiting
java.lang.Thread.State: TIMED_WAITING
        at sun.misc.Unsafe.park(Native Method)
        at java.util.concurrent.locks.LockSupport.parkNanos(LockSupport.java:215)
        at java.util.concurrent.locks.AbstractQueuedSynchronizer$ConditionObject.awaitNanos(AbstractQueuedSynchronizer.java:2078)
        at java.util.concurrent.ScheduledThreadPoolExecutor$DelayedWorkQueue.take(ScheduledThreadPoolExecutor.java:1093)
        at java.util.concurrent.ScheduledThreadPoolExecutor$DelayedWorkQueue.take(ScheduledThreadPoolExecutor.java:809)
        at java.util.concurrent.ThreadPoolExecutor.getTask(ThreadPoolExecutor.java:1074)
        at java.util.concurrent.ThreadPoolExecutor.runWorker(ThreadPoolExecutor.java:1134)
        at java.util.concurrent.ThreadPoolExecutor$Worker.run(ThreadPoolExecutor.java:624)
        at java.lang.Thread.run(Thread.java:750)
"grpc-default-executor-3" daemon prio=5 tid=751 timed_waiting
java.lang.Thread.State: TIMED_WAITING
        at sun.misc.Unsafe.park(Native Method)
        at java.util.concurrent.locks.LockSupport.parkNanos(LockSupport.java:215)
        at java.util.concurrent.SynchronousQueue$TransferStack.awaitFulfill(SynchronousQueue.java:460)
        at java.util.concurrent.SynchronousQueue$TransferStack.transfer(SynchronousQueue.java:362)
        at java.util.concurrent.SynchronousQueue.poll(SynchronousQueue.java:941)
        at java.util.concurrent.ThreadPoolExecutor.getTask(ThreadPoolExecutor.java:1073)
        at java.util.concurrent.ThreadPoolExecutor.runWorker(ThreadPoolExecutor.java:1134)
        at java.util.concurrent.ThreadPoolExecutor$Worker.run(ThreadPoolExecutor.java:624)
        at java.lang.Thread.run(Thread.java:750)
"8d5822ee-b1dd-46af-beb1-0638b7fa15fc@group-2EBEB1ED5A51-StateMachineUpdater" daemon prio=5 tid=638 timed_waiting
java.lang.Thread.State: TIMED_WAITING
        at sun.misc.Unsafe.park(Native Method)
        at java.util.concurrent.locks.LockSupport.parkNanos(LockSupport.java:215)
        at java.util.concurrent.locks.AbstractQueuedSynchronizer$ConditionObject.await(AbstractQueuedSynchronizer.java:2163)
        at org.apache.ratis.util.AwaitForSignal.await(AwaitForSignal.java:62)
        at org.apache.ratis.server.impl.StateMachineUpdater.waitForCommit(StateMachineUpdater.java:207)
        at org.apache.ratis.server.impl.StateMachineUpdater.run(StateMachineUpdater.java:176)
        at java.lang.Thread.run(Thread.java:750)
"3f0205b3-740b-4219-bfdb-76da739fef9e@group-A2C53E516D65-StateMachineUpdater" daemon prio=5 tid=642 timed_waiting
java.lang.Thread.State: TIMED_WAITING
        at sun.misc.Unsafe.park(Native Method)
        at java.util.concurrent.locks.LockSupport.parkNanos(LockSupport.java:215)
        at java.util.concurrent.locks.AbstractQueuedSynchronizer$ConditionObject.await(AbstractQueuedSynchronizer.java:2163)
        at org.apache.ratis.util.AwaitForSignal.await(AwaitForSignal.java:62)
        at org.apache.ratis.server.impl.StateMachineUpdater.waitForCommit(StateMachineUpdater.java:207)
        at org.apache.ratis.server.impl.StateMachineUpdater.run(StateMachineUpdater.java:176)
        at java.lang.Thread.run(Thread.java:750)
"org.apache.hadoop.ozone.container.common.statemachine.commandhandler.DeleteBlocksCommandHandler$DeleteCmdWorker@3f5d7156" daemon prio=5 tid=320 timed_waiting
java.lang.Thread.State: TIMED_WAITING
        at java.lang.Thread.sleep(Native Method)
        at org.apache.hadoop.ozone.container.common.statemachine.commandhandler.DeleteBlocksCommandHandler$DeleteCmdWorker.run(DeleteBlocksCommandHandler.java:184)
        at java.lang.Thread.run(Thread.java:750)
"StaleRecoveringContainerScrubbingService#6" daemon prio=5 tid=972 in Object.wait()
java.lang.Thread.State: WAITING (on object monitor)
        at sun.misc.Unsafe.park(Native Method)
        at java.util.concurrent.locks.LockSupport.park(LockSupport.java:175)
        at java.util.concurrent.locks.AbstractQueuedSynchronizer$ConditionObject.await(AbstractQueuedSynchronizer.java:2039)
        at java.util.concurrent.ScheduledThreadPoolExecutor$DelayedWorkQueue.take(ScheduledThreadPoolExecutor.java:1088)
        at java.util.concurrent.ScheduledThreadPoolExecutor$DelayedWorkQueue.take(ScheduledThreadPoolExecutor.java:809)
        at java.util.concurrent.ThreadPoolExecutor.getTask(ThreadPoolExecutor.java:1074)
        at java.util.concurrent.ThreadPoolExecutor.runWorker(ThreadPoolExecutor.java:1134)
        at java.util.concurrent.ThreadPoolExecutor$Worker.run(ThreadPoolExecutor.java:624)
        at java.lang.Thread.run(Thread.java:750)
"ChunkWriter-1-0" daemon prio=5 tid=567 in Object.wait()
java.lang.Thread.State: WAITING (on object monitor)
        at sun.misc.Unsafe.park(Native Method)
        at java.util.concurrent.locks.LockSupport.park(LockSupport.java:175)
        at java.util.concurrent.locks.AbstractQueuedSynchronizer$ConditionObject.await(AbstractQueuedSynchronizer.java:2039)
        at java.util.concurrent.LinkedBlockingDeque.takeFirst(LinkedBlockingDeque.java:492)
        at java.util.concurrent.LinkedBlockingDeque.take(LinkedBlockingDeque.java:680)
        at java.util.concurrent.ThreadPoolExecutor.getTask(ThreadPoolExecutor.java:1074)
        at java.util.concurrent.ThreadPoolExecutor.runWorker(ThreadPoolExecutor.java:1134)
        at java.util.concurrent.ThreadPoolExecutor$Worker.run(ThreadPoolExecutor.java:624)
        at java.lang.Thread.run(Thread.java:750)
"StaleRecoveringContainerScrubbingService#6" daemon prio=5 tid=974 in Object.wait()
java.lang.Thread.State: WAITING (on object monitor)
        at sun.misc.Unsafe.park(Native Method)
        at java.util.concurrent.locks.LockSupport.park(LockSupport.java:175)
        at java.util.concurrent.locks.AbstractQueuedSynchronizer$ConditionObject.await(AbstractQueuedSynchronizer.java:2039)
        at java.util.concurrent.ScheduledThreadPoolExecutor$DelayedWorkQueue.take(ScheduledThreadPoolExecutor.java:1088)
        at java.util.concurrent.ScheduledThreadPoolExecutor$DelayedWorkQueue.take(ScheduledThreadPoolExecutor.java:809)
        at java.util.concurrent.ThreadPoolExecutor.getTask(ThreadPoolExecutor.java:1074)
        at java.util.concurrent.ThreadPoolExecutor.runWorker(ThreadPoolExecutor.java:1134)
        at java.util.concurrent.ThreadPoolExecutor$Worker.run(ThreadPoolExecutor.java:624)
        at java.lang.Thread.run(Thread.java:750)
"OMDoubleBufferFlushThread" daemon prio=5 tid=124 timed_waiting
java.lang.Thread.State: TIMED_WAITING
        at java.lang.Object.wait(Native Method)
        at org.apache.hadoop.ozone.om.ratis.OzoneManagerDoubleBuffer.canFlush(OzoneManagerDoubleBuffer.java:547)
        at org.apache.hadoop.ozone.om.ratis.OzoneManagerDoubleBuffer.flushTransactions(OzoneManagerDoubleBuffer.java:268)
        at org.apache.hadoop.ozone.om.ratis.OzoneManagerDoubleBuffer$$Lambda$512/707124486.run(Unknown Source)
        at java.lang.Thread.run(Thread.java:750)
"Datanode ReportManager Thread - 3" daemon prio=5 tid=414 in Object.wait()
java.lang.Thread.State: WAITING (on object monitor)
        at sun.misc.Unsafe.park(Native Method)
        at java.util.concurrent.locks.LockSupport.park(LockSupport.java:175)
        at java.util.concurrent.locks.AbstractQueuedSynchronizer$ConditionObject.await(AbstractQueuedSynchronizer.java:2039)
        at java.util.concurrent.ScheduledThreadPoolExecutor$DelayedWorkQueue.take(ScheduledThreadPoolExecutor.java:1088)
        at java.util.concurrent.ScheduledThreadPoolExecutor$DelayedWorkQueue.take(ScheduledThreadPoolExecutor.java:809)
        at java.util.concurrent.ThreadPoolExecutor.getTask(ThreadPoolExecutor.java:1074)
        at java.util.concurrent.ThreadPoolExecutor.runWorker(ThreadPoolExecutor.java:1134)
        at java.util.concurrent.ThreadPoolExecutor$Worker.run(ThreadPoolExecutor.java:624)
        at java.lang.Thread.run(Thread.java:750)
"Command processor thread" daemon prio=5 tid=229 timed_waiting
java.lang.Thread.State: TIMED_WAITING
        at java.lang.Thread.sleep(Native Method)
        at org.apache.hadoop.ozone.container.common.statemachine.DatanodeStateMachine.lambda$initCommandHandlerThread$3(DatanodeStateMachine.java:655)
        at org.apache.hadoop.ozone.container.common.statemachine.DatanodeStateMachine$$Lambda$784/997861495.run(Unknown Source)
        at java.lang.Thread.run(Thread.java:750)
"IPC Server handler 12 on default port 44923" daemon prio=5 tid=98 timed_waiting
java.lang.Thread.State: TIMED_WAITING
        at sun.misc.Unsafe.park(Native Method)
        at java.util.concurrent.locks.LockSupport.parkNanos(LockSupport.java:215)
        at java.util.concurrent.locks.AbstractQueuedSynchronizer$ConditionObject.awaitNanos(AbstractQueuedSynchronizer.java:2078)
        at java.util.concurrent.LinkedBlockingQueue.poll(LinkedBlockingQueue.java:467)
        at org.apache.hadoop.ipc.CallQueueManager.take(CallQueueManager.java:317)
        at org.apache.hadoop.ipc.Server$Handler.run(Server.java:2942)
"qtp902010316-296-acceptor-0@2a6855b1-ServerConnector@3946b998{HTTP/1.1, (http/1.1)}{0.0.0.0:39541}" daemon prio=3 tid=296 runnable
java.lang.Thread.State: RUNNABLE
        at sun.nio.ch.ServerSocketChannelImpl.accept0(Native Method)
        at sun.nio.ch.ServerSocketChannelImpl.accept(ServerSocketChannelImpl.java:421)
        at sun.nio.ch.ServerSocketChannelImpl.accept(ServerSocketChannelImpl.java:249)
        at org.eclipse.jetty.server.ServerConnector.accept(ServerConnector.java:388)
        at org.eclipse.jetty.server.AbstractConnector$Acceptor.run(AbstractConnector.java:704)
        at org.eclipse.jetty.util.thread.QueuedThreadPool.runJob(QueuedThreadPool.java:883)
        at org.eclipse.jetty.util.thread.QueuedThreadPool$Runner.run(QueuedThreadPool.java:1034)
        at java.lang.Thread.run(Thread.java:750)
"3f0205b3-740b-4219-bfdb-76da739fef9e@group-A2C53E516D65-FollowerState" daemon prio=5 tid=946 timed_waiting
java.lang.Thread.State: TIMED_WAITING
        at java.lang.Thread.sleep(Native Method)
        at java.lang.Thread.sleep(Thread.java:342)
        at java.util.concurrent.TimeUnit.sleep(TimeUnit.java:386)
        at org.apache.ratis.util.TimeDuration.sleep(TimeDuration.java:325)
        at org.apache.ratis.util.TimeDuration.sleep(TimeDuration.java:310)
        at org.apache.ratis.server.impl.FollowerState.run(FollowerState.java:128)
"8d5822ee-b1dd-46af-beb1-0638b7fa15fc@group-FA7DB534425B-StateMachineUpdater" daemon prio=5 tid=653 timed_waiting
java.lang.Thread.State: TIMED_WAITING
        at sun.misc.Unsafe.park(Native Method)
        at java.util.concurrent.locks.LockSupport.parkNanos(LockSupport.java:215)
        at java.util.concurrent.locks.AbstractQueuedSynchronizer$ConditionObject.await(AbstractQueuedSynchronizer.java:2163)
        at org.apache.ratis.util.AwaitForSignal.await(AwaitForSignal.java:62)
        at org.apache.ratis.server.impl.StateMachineUpdater.waitForCommit(StateMachineUpdater.java:207)
        at org.apache.ratis.server.impl.StateMachineUpdater.run(StateMachineUpdater.java:176)
        at java.lang.Thread.run(Thread.java:750)
"IPC Server handler 4 on default port 40091" daemon prio=5 tid=50 timed_waiting
java.lang.Thread.State: TIMED_WAITING
        at sun.misc.Unsafe.park(Native Method)
        at java.util.concurrent.locks.LockSupport.parkNanos(LockSupport.java:215)
        at java.util.concurrent.locks.AbstractQueuedSynchronizer$ConditionObject.awaitNanos(AbstractQueuedSynchronizer.java:2078)
        at java.util.concurrent.LinkedBlockingQueue.poll(LinkedBlockingQueue.java:467)
        at org.apache.hadoop.ipc.CallQueueManager.take(CallQueueManager.java:317)
        at org.apache.hadoop.ipc.Server$Handler.run(Server.java:2942)
"IPC Server handler 3 on default port 40091" daemon prio=5 tid=49 timed_waiting
java.lang.Thread.State: TIMED_WAITING
        at sun.misc.Unsafe.park(Native Method)
        at java.util.concurrent.locks.LockSupport.parkNanos(LockSupport.java:215)
        at java.util.concurrent.locks.AbstractQueuedSynchronizer$ConditionObject.awaitNanos(AbstractQueuedSynchronizer.java:2078)
        at java.util.concurrent.LinkedBlockingQueue.poll(LinkedBlockingQueue.java:467)
        at org.apache.hadoop.ipc.CallQueueManager.take(CallQueueManager.java:317)
        at org.apache.hadoop.ipc.Server$Handler.run(Server.java:2942)
"Datanode State Machine Task Thread - 1"  prio=5 tid=564 in Object.wait()
java.lang.Thread.State: WAITING (on object monitor)
        at sun.misc.Unsafe.park(Native Method)
        at java.util.concurrent.locks.LockSupport.park(LockSupport.java:175)
        at java.util.concurrent.locks.AbstractQueuedSynchronizer$ConditionObject.await(AbstractQueuedSynchronizer.java:2039)
        at java.util.concurrent.LinkedBlockingQueue.take(LinkedBlockingQueue.java:442)
        at java.util.concurrent.ThreadPoolExecutor.getTask(ThreadPoolExecutor.java:1074)
        at java.util.concurrent.ThreadPoolExecutor.runWorker(ThreadPoolExecutor.java:1134)
        at java.util.concurrent.ThreadPoolExecutor$Worker.run(ThreadPoolExecutor.java:624)
        at java.lang.Thread.run(Thread.java:750)
"Periodic HDDS volume checker" daemon prio=5 tid=176 timed_waiting
java.lang.Thread.State: TIMED_WAITING
        at sun.misc.Unsafe.park(Native Method)
        at java.util.concurrent.locks.LockSupport.parkNanos(LockSupport.java:215)
        at java.util.concurrent.locks.AbstractQueuedSynchronizer$ConditionObject.awaitNanos(AbstractQueuedSynchronizer.java:2078)
        at java.util.concurrent.ScheduledThreadPoolExecutor$DelayedWorkQueue.take(ScheduledThreadPoolExecutor.java:1093)
        at java.util.concurrent.ScheduledThreadPoolExecutor$DelayedWorkQueue.take(ScheduledThreadPoolExecutor.java:809)
        at java.util.concurrent.ThreadPoolExecutor.getTask(ThreadPoolExecutor.java:1074)
        at java.util.concurrent.ThreadPoolExecutor.runWorker(ThreadPoolExecutor.java:1134)
        at java.util.concurrent.ThreadPoolExecutor$Worker.run(ThreadPoolExecutor.java:624)
        at java.lang.Thread.run(Thread.java:750)
"StaleRecoveringContainerScrubbingService#5" daemon prio=5 tid=963 in Object.wait()
java.lang.Thread.State: WAITING (on object monitor)
        at sun.misc.Unsafe.park(Native Method)
        at java.util.concurrent.locks.LockSupport.park(LockSupport.java:175)
        at java.util.concurrent.locks.AbstractQueuedSynchronizer$ConditionObject.await(AbstractQueuedSynchronizer.java:2039)
        at java.util.concurrent.ScheduledThreadPoolExecutor$DelayedWorkQueue.take(ScheduledThreadPoolExecutor.java:1088)
        at java.util.concurrent.ScheduledThreadPoolExecutor$DelayedWorkQueue.take(ScheduledThreadPoolExecutor.java:809)
        at java.util.concurrent.ThreadPoolExecutor.getTask(ThreadPoolExecutor.java:1074)
        at java.util.concurrent.ThreadPoolExecutor.runWorker(ThreadPoolExecutor.java:1134)
        at java.util.concurrent.ThreadPoolExecutor$Worker.run(ThreadPoolExecutor.java:624)
        at java.lang.Thread.run(Thread.java:750)
"IPC Server handler 6 on default port 46625" daemon prio=5 tid=160 timed_waiting
java.lang.Thread.State: TIMED_WAITING
        at sun.misc.Unsafe.park(Native Method)
        at java.util.concurrent.locks.LockSupport.parkNanos(LockSupport.java:215)
        at java.util.concurrent.locks.AbstractQueuedSynchronizer$ConditionObject.awaitNanos(AbstractQueuedSynchronizer.java:2078)
        at java.util.concurrent.LinkedBlockingQueue.poll(LinkedBlockingQueue.java:467)
        at org.apache.hadoop.ipc.CallQueueManager.take(CallQueueManager.java:317)
        at org.apache.hadoop.ipc.Server$Handler.run(Server.java:2942)
"FixedThreadPoolWithAffinityExecutor-2-0" daemon prio=5 tid=37 timed_waiting
java.lang.Thread.State: TIMED_WAITING
        at sun.misc.Unsafe.park(Native Method)
        at java.util.concurrent.locks.LockSupport.parkNanos(LockSupport.java:215)
        at java.util.concurrent.locks.AbstractQueuedSynchronizer$ConditionObject.awaitNanos(AbstractQueuedSynchronizer.java:2078)
        at java.util.concurrent.LinkedBlockingQueue.poll(LinkedBlockingQueue.java:467)
        at org.apache.hadoop.hdds.scm.server.ContainerReportQueue.poll(ContainerReportQueue.java:266)
        at org.apache.hadoop.hdds.scm.server.ContainerReportQueue.poll(ContainerReportQueue.java:42)
        at org.apache.hadoop.hdds.server.events.FixedThreadPoolWithAffinityExecutor$ContainerReportProcessTask.run(FixedThreadPoolWithAffinityExecutor.java:247)
        at java.util.concurrent.Executors$RunnableAdapter.call(Executors.java:511)
        at java.util.concurrent.FutureTask.run(FutureTask.java:266)
        at java.util.concurrent.ThreadPoolExecutor.runWorker(ThreadPoolExecutor.java:1149)
        at java.util.concurrent.ThreadPoolExecutor$Worker.run(ThreadPoolExecutor.java:624)
        at java.lang.Thread.run(Thread.java:750)
"ChunkWriter-1-0" daemon prio=5 tid=512 in Object.wait()
java.lang.Thread.State: WAITING (on object monitor)
        at sun.misc.Unsafe.park(Native Method)
        at java.util.concurrent.locks.LockSupport.park(LockSupport.java:175)
        at java.util.concurrent.locks.AbstractQueuedSynchronizer$ConditionObject.await(AbstractQueuedSynchronizer.java:2039)
        at java.util.concurrent.LinkedBlockingDeque.takeFirst(LinkedBlockingDeque.java:492)
        at java.util.concurrent.LinkedBlockingDeque.take(LinkedBlockingDeque.java:680)
        at java.util.concurrent.ThreadPoolExecutor.getTask(ThreadPoolExecutor.java:1074)
        at java.util.concurrent.ThreadPoolExecutor.runWorker(ThreadPoolExecutor.java:1134)
        at java.util.concurrent.ThreadPoolExecutor$Worker.run(ThreadPoolExecutor.java:624)
        at java.lang.Thread.run(Thread.java:750)
"3f0205b3-740b-4219-bfdb-76da739fef9e@group-2EBEB1ED5A51-LeaderStateImpl" daemon prio=5 tid=842 timed_waiting
java.lang.Thread.State: TIMED_WAITING
        at sun.misc.Unsafe.park(Native Method)
        at java.util.concurrent.locks.LockSupport.parkNanos(LockSupport.java:215)
        at java.util.concurrent.locks.AbstractQueuedSynchronizer$ConditionObject.awaitNanos(AbstractQueuedSynchronizer.java:2078)
        at java.util.concurrent.ArrayBlockingQueue.poll(ArrayBlockingQueue.java:418)
        at org.apache.ratis.server.impl.LeaderStateImpl$EventQueue.poll(LeaderStateImpl.java:159)
        at org.apache.ratis.server.impl.LeaderStateImpl$EventProcessor.run(LeaderStateImpl.java:630)
"Datanode State Machine Daemon Thread" daemon prio=5 tid=410 timed_waiting
java.lang.Thread.State: TIMED_WAITING
        at java.lang.Thread.sleep(Native Method)
        at org.apache.hadoop.ozone.container.common.statemachine.DatanodeStateMachine.startStateMachineThread(DatanodeStateMachine.java:335)
        at org.apache.hadoop.ozone.container.common.statemachine.DatanodeStateMachine.lambda$startDaemon$0(DatanodeStateMachine.java:520)
        at org.apache.hadoop.ozone.container.common.statemachine.DatanodeStateMachine$$Lambda$782/592559975.run(Unknown Source)
        at java.lang.Thread.run(Thread.java:750)
"IPC Server handler 17 on default port 46625" daemon prio=5 tid=171 timed_waiting
java.lang.Thread.State: TIMED_WAITING
        at sun.misc.Unsafe.park(Native Method)
        at java.util.concurrent.locks.LockSupport.parkNanos(LockSupport.java:215)
        at java.util.concurrent.locks.AbstractQueuedSynchronizer$ConditionObject.awaitNanos(AbstractQueuedSynchronizer.java:2078)
        at java.util.concurrent.LinkedBlockingQueue.poll(LinkedBlockingQueue.java:467)
        at org.apache.hadoop.ipc.CallQueueManager.take(CallQueueManager.java:317)
        at org.apache.hadoop.ipc.Server$Handler.run(Server.java:2942)
"ChunkWriter-0-0" daemon prio=5 tid=439 in Object.wait()
java.lang.Thread.State: WAITING (on object monitor)
        at sun.misc.Unsafe.park(Native Method)
        at java.util.concurrent.locks.LockSupport.park(LockSupport.java:175)
        at java.util.concurrent.locks.AbstractQueuedSynchronizer$ConditionObject.await(AbstractQueuedSynchronizer.java:2039)
        at java.util.concurrent.LinkedBlockingDeque.takeFirst(LinkedBlockingDeque.java:492)
        at java.util.concurrent.LinkedBlockingDeque.take(LinkedBlockingDeque.java:680)
        at java.util.concurrent.ThreadPoolExecutor.getTask(ThreadPoolExecutor.java:1074)
        at java.util.concurrent.ThreadPoolExecutor.runWorker(ThreadPoolExecutor.java:1134)
        at java.util.concurrent.ThreadPoolExecutor$Worker.run(ThreadPoolExecutor.java:624)
        at java.lang.Thread.run(Thread.java:750)
"IPC Server handler 7 on default port 38451" daemon prio=5 tid=73 timed_waiting
java.lang.Thread.State: TIMED_WAITING
        at sun.misc.Unsafe.park(Native Method)
        at java.util.concurrent.locks.LockSupport.parkNanos(LockSupport.java:215)
        at java.util.concurrent.locks.AbstractQueuedSynchronizer$ConditionObject.awaitNanos(AbstractQueuedSynchronizer.java:2078)
        at java.util.concurrent.LinkedBlockingQueue.poll(LinkedBlockingQueue.java:467)
        at org.apache.hadoop.ipc.CallQueueManager.take(CallQueueManager.java:317)
        at org.apache.hadoop.ipc.Server$Handler.run(Server.java:2942)
"org.apache.hadoop.ozone.container.common.statemachine.commandhandler.DeleteBlocksCommandHandler$DeleteCmdWorker@5775a262" daemon prio=5 tid=293 timed_waiting
java.lang.Thread.State: TIMED_WAITING
        at java.lang.Thread.sleep(Native Method)
        at org.apache.hadoop.ozone.container.common.statemachine.commandhandler.DeleteBlocksCommandHandler$DeleteCmdWorker.run(DeleteBlocksCommandHandler.java:184)
        at java.lang.Thread.run(Thread.java:750)
"Datanode State Machine Task Thread - 0"  prio=5 tid=379 in Object.wait()
java.lang.Thread.State: WAITING (on object monitor)
        at sun.misc.Unsafe.park(Native Method)
        at java.util.concurrent.locks.LockSupport.park(LockSupport.java:175)
        at java.util.concurrent.locks.AbstractQueuedSynchronizer$ConditionObject.await(AbstractQueuedSynchronizer.java:2039)
        at java.util.concurrent.LinkedBlockingQueue.take(LinkedBlockingQueue.java:442)
        at java.util.concurrent.ThreadPoolExecutor.getTask(ThreadPoolExecutor.java:1074)
        at java.util.concurrent.ThreadPoolExecutor.runWorker(ThreadPoolExecutor.java:1134)
        at java.util.concurrent.ThreadPoolExecutor$Worker.run(ThreadPoolExecutor.java:624)
        at java.lang.Thread.run(Thread.java:750)
"org.apache.hadoop.util.JvmPauseMonitor$Monitor@559c8dab" daemon prio=5 tid=417 timed_waiting
java.lang.Thread.State: TIMED_WAITING
        at java.lang.Thread.sleep(Native Method)
        at org.apache.hadoop.util.JvmPauseMonitor$Monitor.run(JvmPauseMonitor.java:192)
        at java.lang.Thread.run(Thread.java:750)
"IPC Server handler 0 on default port 38451" daemon prio=5 tid=66 timed_waiting
java.lang.Thread.State: TIMED_WAITING
        at sun.misc.Unsafe.park(Native Method)
        at java.util.concurrent.locks.LockSupport.parkNanos(LockSupport.java:215)
        at java.util.concurrent.locks.AbstractQueuedSynchronizer$ConditionObject.awaitNanos(AbstractQueuedSynchronizer.java:2078)
        at java.util.concurrent.LinkedBlockingQueue.poll(LinkedBlockingQueue.java:467)
        at org.apache.hadoop.ipc.CallQueueManager.take(CallQueueManager.java:317)
        at org.apache.hadoop.ipc.Server$Handler.run(Server.java:2942)
"FixedThreadPoolWithAffinityExecutor-0-0" daemon prio=5 tid=35 timed_waiting
java.lang.Thread.State: TIMED_WAITING
        at sun.misc.Unsafe.park(Native Method)
        at java.util.concurrent.locks.LockSupport.parkNanos(LockSupport.java:215)
        at java.util.concurrent.locks.AbstractQueuedSynchronizer$ConditionObject.awaitNanos(AbstractQueuedSynchronizer.java:2078)
        at java.util.concurrent.LinkedBlockingQueue.poll(LinkedBlockingQueue.java:467)
        at org.apache.hadoop.hdds.scm.server.ContainerReportQueue.poll(ContainerReportQueue.java:266)
        at org.apache.hadoop.hdds.scm.server.ContainerReportQueue.poll(ContainerReportQueue.java:42)
        at org.apache.hadoop.hdds.server.events.FixedThreadPoolWithAffinityExecutor$ContainerReportProcessTask.run(FixedThreadPoolWithAffinityExecutor.java:247)
        at java.util.concurrent.Executors$RunnableAdapter.call(Executors.java:511)
        at java.util.concurrent.FutureTask.run(FutureTask.java:266)
        at java.util.concurrent.ThreadPoolExecutor.runWorker(ThreadPoolExecutor.java:1149)
        at java.util.concurrent.ThreadPoolExecutor$Worker.run(ThreadPoolExecutor.java:624)
        at java.lang.Thread.run(Thread.java:750)
"Datanode State Machine Task Thread - 0"  prio=5 tid=312 in Object.wait()
java.lang.Thread.State: WAITING (on object monitor)
        at sun.misc.Unsafe.park(Native Method)
        at java.util.concurrent.locks.LockSupport.park(LockSupport.java:175)
        at java.util.concurrent.locks.AbstractQueuedSynchronizer$ConditionObject.await(AbstractQueuedSynchronizer.java:2039)
        at java.util.concurrent.LinkedBlockingQueue.take(LinkedBlockingQueue.java:442)
        at java.util.concurrent.ThreadPoolExecutor.getTask(ThreadPoolExecutor.java:1074)
        at java.util.concurrent.ThreadPoolExecutor.runWorker(ThreadPoolExecutor.java:1134)
        at java.util.concurrent.ThreadPoolExecutor$Worker.run(ThreadPoolExecutor.java:624)
        at java.lang.Thread.run(Thread.java:750)
"timer3" daemon prio=5 tid=755 timed_waiting
java.lang.Thread.State: TIMED_WAITING
        at java.lang.Object.wait(Native Method)
        at java.util.TimerThread.mainLoop(Timer.java:552)
        at java.util.TimerThread.run(Timer.java:505)
"qtp634480856-328" daemon prio=5 tid=328 timed_waiting
java.lang.Thread.State: TIMED_WAITING
        at sun.misc.Unsafe.park(Native Method)
        at java.util.concurrent.locks.LockSupport.parkNanos(LockSupport.java:215)
        at java.util.concurrent.locks.AbstractQueuedSynchronizer$ConditionObject.awaitNanos(AbstractQueuedSynchronizer.java:2078)
        at org.eclipse.jetty.util.BlockingArrayQueue.poll(BlockingArrayQueue.java:382)
        at org.eclipse.jetty.util.thread.QueuedThreadPool$Runner.idleJobPoll(QueuedThreadPool.java:974)
        at org.eclipse.jetty.util.thread.QueuedThreadPool$Runner.run(QueuedThreadPool.java:1018)
        at java.lang.Thread.run(Thread.java:750)
"qtp902010316-300" daemon prio=5 tid=300 timed_waiting
java.lang.Thread.State: TIMED_WAITING
        at sun.misc.Unsafe.park(Native Method)
        at java.util.concurrent.locks.LockSupport.parkNanos(LockSupport.java:215)
        at java.util.concurrent.locks.AbstractQueuedSynchronizer$ConditionObject.awaitNanos(AbstractQueuedSynchronizer.java:2078)
        at org.eclipse.jetty.util.BlockingArrayQueue.poll(BlockingArrayQueue.java:382)
        at org.eclipse.jetty.util.thread.QueuedThreadPool$Runner.idleJobPoll(QueuedThreadPool.java:974)
        at org.eclipse.jetty.util.thread.QueuedThreadPool$Runner.run(QueuedThreadPool.java:1018)
        at java.lang.Thread.run(Thread.java:750)
"Datanode ReportManager Thread - 3" daemon prio=5 tid=254 in Object.wait()
java.lang.Thread.State: WAITING (on object monitor)
        at sun.misc.Unsafe.park(Native Method)
        at java.util.concurrent.locks.LockSupport.park(LockSupport.java:175)
        at java.util.concurrent.locks.AbstractQueuedSynchronizer$ConditionObject.await(AbstractQueuedSynchronizer.java:2039)
        at java.util.concurrent.ScheduledThreadPoolExecutor$DelayedWorkQueue.take(ScheduledThreadPoolExecutor.java:1088)
        at java.util.concurrent.ScheduledThreadPoolExecutor$DelayedWorkQueue.take(ScheduledThreadPoolExecutor.java:809)
        at java.util.concurrent.ThreadPoolExecutor.getTask(ThreadPoolExecutor.java:1074)
        at java.util.concurrent.ThreadPoolExecutor.runWorker(ThreadPoolExecutor.java:1134)
        at java.util.concurrent.ThreadPoolExecutor$Worker.run(ThreadPoolExecutor.java:624)
        at java.lang.Thread.run(Thread.java:750)
"qtp1564510985-217" daemon prio=5 tid=217 timed_waiting
java.lang.Thread.State: TIMED_WAITING
        at sun.misc.Unsafe.park(Native Method)
        at java.util.concurrent.locks.LockSupport.parkNanos(LockSupport.java:215)
        at java.util.concurrent.locks.AbstractQueuedSynchronizer$ConditionObject.awaitNanos(AbstractQueuedSynchronizer.java:2078)
        at org.eclipse.jetty.util.BlockingArrayQueue.poll(BlockingArrayQueue.java:382)
        at org.eclipse.jetty.util.thread.QueuedThreadPool$Runner.idleJobPoll(QueuedThreadPool.java:974)
        at org.eclipse.jetty.util.thread.QueuedThreadPool$Runner.run(QueuedThreadPool.java:1018)
        at java.lang.Thread.run(Thread.java:750)
"qtp1564510985-212" daemon prio=5 tid=212 runnable
java.lang.Thread.State: RUNNABLE
        at sun.nio.ch.EPollArrayWrapper.epollWait(Native Method)
        at sun.nio.ch.EPollArrayWrapper.poll(EPollArrayWrapper.java:269)
        at sun.nio.ch.EPollSelectorImpl.doSelect(EPollSelectorImpl.java:93)
        at sun.nio.ch.SelectorImpl.lockAndDoSelect(SelectorImpl.java:86)
        at sun.nio.ch.SelectorImpl.select(SelectorImpl.java:97)
        at sun.nio.ch.SelectorImpl.select(SelectorImpl.java:101)
        at org.eclipse.jetty.io.ManagedSelector.nioSelect(ManagedSelector.java:183)
        at org.eclipse.jetty.io.ManagedSelector.select(ManagedSelector.java:190)
        at org.eclipse.jetty.io.ManagedSelector$SelectorProducer.select(ManagedSelector.java:606)
        at org.eclipse.jetty.io.ManagedSelector$SelectorProducer.produce(ManagedSelector.java:543)
        at org.eclipse.jetty.util.thread.strategy.EatWhatYouKill.produceTask(EatWhatYouKill.java:362)
        at org.eclipse.jetty.util.thread.strategy.EatWhatYouKill.doProduce(EatWhatYouKill.java:186)
        at org.eclipse.jetty.util.thread.strategy.EatWhatYouKill.tryProduce(EatWhatYouKill.java:173)
        at org.eclipse.jetty.util.thread.strategy.EatWhatYouKill.produce(EatWhatYouKill.java:137)
        at org.eclipse.jetty.io.ManagedSelector$$Lambda$453/333825340.run(Unknown Source)
        at org.eclipse.jetty.util.thread.QueuedThreadPool.runJob(QueuedThreadPool.java:883)
        at org.eclipse.jetty.util.thread.QueuedThreadPool$Runner.run(QueuedThreadPool.java:1034)
        at java.lang.Thread.run(Thread.java:750)
"Periodic HDDS volume checker" daemon prio=5 tid=260 timed_waiting
java.lang.Thread.State: TIMED_WAITING
        at sun.misc.Unsafe.park(Native Method)
        at java.util.concurrent.locks.LockSupport.parkNanos(LockSupport.java:215)
        at java.util.concurrent.locks.AbstractQueuedSynchronizer$ConditionObject.awaitNanos(AbstractQueuedSynchronizer.java:2078)
        at java.util.concurrent.ScheduledThreadPoolExecutor$DelayedWorkQueue.take(ScheduledThreadPoolExecutor.java:1093)
        at java.util.concurrent.ScheduledThreadPoolExecutor$DelayedWorkQueue.take(ScheduledThreadPoolExecutor.java:809)
        at java.util.concurrent.ThreadPoolExecutor.getTask(ThreadPoolExecutor.java:1074)
        at java.util.concurrent.ThreadPoolExecutor.runWorker(ThreadPoolExecutor.java:1134)
        at java.util.concurrent.ThreadPoolExecutor$Worker.run(ThreadPoolExecutor.java:624)
        at java.lang.Thread.run(Thread.java:750)
"surefire-forkedjvm-command-thread" daemon prio=5 tid=10 runnable
java.lang.Thread.State: RUNNABLE
        at java.io.FileInputStream.readBytes(Native Method)
        at java.io.FileInputStream.read(FileInputStream.java:255)
        at java.io.BufferedInputStream.read1(BufferedInputStream.java:284)
        at java.io.BufferedInputStream.read(BufferedInputStream.java:345)
        at java.io.BufferedInputStream.fill(BufferedInputStream.java:246)
        at java.io.BufferedInputStream.read1(BufferedInputStream.java:286)
        at java.io.BufferedInputStream.read(BufferedInputStream.java:345)
        at org.apache.maven.surefire.api.util.internal.Channels$3.readImpl(Channels.java:214)
        at org.apache.maven.surefire.api.util.internal.AbstractNoninterruptibleReadableChannel.read(AbstractNoninterruptibleReadableChannel.java:54)
        at org.apache.maven.surefire.booter.spi.LegacyMasterProcessChannelDecoder.decode(LegacyMasterProcessChannelDecoder.java:80)
        at org.apache.maven.surefire.booter.CommandReader$CommandRunnable.run(CommandReader.java:343)
        at java.lang.Thread.run(Thread.java:750)
"EndpointStateMachine task thread for /0.0.0.0:44923 - 0 "  prio=5 tid=438 in Object.wait()
java.lang.Thread.State: WAITING (on object monitor)
        at sun.misc.Unsafe.park(Native Method)
        at java.util.concurrent.locks.LockSupport.park(LockSupport.java:175)
        at java.util.concurrent.locks.AbstractQueuedSynchronizer$ConditionObject.await(AbstractQueuedSynchronizer.java:2039)
        at java.util.concurrent.LinkedBlockingQueue.take(LinkedBlockingQueue.java:442)
        at java.util.concurrent.ThreadPoolExecutor.getTask(ThreadPoolExecutor.java:1074)
        at java.util.concurrent.ThreadPoolExecutor.runWorker(ThreadPoolExecutor.java:1134)
        at java.util.concurrent.ThreadPoolExecutor$Worker.run(ThreadPoolExecutor.java:624)
        at java.lang.Thread.run(Thread.java:750)
"IPC Server handler 1 on default port 40091" daemon prio=5 tid=47 timed_waiting
java.lang.Thread.State: TIMED_WAITING
        at sun.misc.Unsafe.park(Native Method)
        at java.util.concurrent.locks.LockSupport.parkNanos(LockSupport.java:215)
        at java.util.concurrent.locks.AbstractQueuedSynchronizer$ConditionObject.awaitNanos(AbstractQueuedSynchronizer.java:2078)
        at java.util.concurrent.LinkedBlockingQueue.poll(LinkedBlockingQueue.java:467)
        at org.apache.hadoop.ipc.CallQueueManager.take(CallQueueManager.java:317)
        at org.apache.hadoop.ipc.Server$Handler.run(Server.java:2942)
"BlockDeletingService#0" daemon prio=5 tid=505 in Object.wait()
java.lang.Thread.State: WAITING (on object monitor)
        at sun.misc.Unsafe.park(Native Method)
        at java.util.concurrent.locks.LockSupport.park(LockSupport.java:175)
        at java.util.concurrent.locks.AbstractQueuedSynchronizer$ConditionObject.await(AbstractQueuedSynchronizer.java:2039)
        at java.util.concurrent.ScheduledThreadPoolExecutor$DelayedWorkQueue.take(ScheduledThreadPoolExecutor.java:1088)
        at java.util.concurrent.ScheduledThreadPoolExecutor$DelayedWorkQueue.take(ScheduledThreadPoolExecutor.java:809)
        at java.util.concurrent.ThreadPoolExecutor.getTask(ThreadPoolExecutor.java:1074)
        at java.util.concurrent.ThreadPoolExecutor.runWorker(ThreadPoolExecutor.java:1134)
        at java.util.concurrent.ThreadPoolExecutor$Worker.run(ThreadPoolExecutor.java:624)
        at java.lang.Thread.run(Thread.java:750)
"pool-209-thread-1"  prio=5 tid=657 in Object.wait()
java.lang.Thread.State: WAITING (on object monitor)
        at sun.misc.Unsafe.park(Native Method)
        at java.util.concurrent.locks.LockSupport.park(LockSupport.java:175)
        at java.util.concurrent.locks.AbstractQueuedSynchronizer$ConditionObject.await(AbstractQueuedSynchronizer.java:2039)
        at java.util.concurrent.LinkedBlockingQueue.take(LinkedBlockingQueue.java:442)
        at java.util.concurrent.ThreadPoolExecutor.getTask(ThreadPoolExecutor.java:1074)
        at java.util.concurrent.ThreadPoolExecutor.runWorker(ThreadPoolExecutor.java:1134)
        at java.util.concurrent.ThreadPoolExecutor$Worker.run(ThreadPoolExecutor.java:624)
        at java.lang.Thread.run(Thread.java:750)
"qtp654838366-392" daemon prio=5 tid=392 timed_waiting
java.lang.Thread.State: TIMED_WAITING
        at sun.misc.Unsafe.park(Native Method)
        at java.util.concurrent.locks.LockSupport.parkNanos(LockSupport.java:215)
        at java.util.concurrent.locks.AbstractQueuedSynchronizer$ConditionObject.awaitNanos(AbstractQueuedSynchronizer.java:2078)
        at org.eclipse.jetty.util.BlockingArrayQueue.poll(BlockingArrayQueue.java:382)
        at org.eclipse.jetty.util.thread.QueuedThreadPool$Runner.idleJobPoll(QueuedThreadPool.java:974)
        at org.eclipse.jetty.util.thread.QueuedThreadPool$Runner.run(QueuedThreadPool.java:1018)
        at java.lang.Thread.run(Thread.java:750)
"IPC Server handler 5 on default port 46625" daemon prio=5 tid=159 timed_waiting
java.lang.Thread.State: TIMED_WAITING
        at sun.misc.Unsafe.park(Native Method)
        at java.util.concurrent.locks.LockSupport.parkNanos(LockSupport.java:215)
        at java.util.concurrent.locks.AbstractQueuedSynchronizer$ConditionObject.awaitNanos(AbstractQueuedSynchronizer.java:2078)
        at java.util.concurrent.LinkedBlockingQueue.poll(LinkedBlockingQueue.java:467)
        at org.apache.hadoop.ipc.CallQueueManager.take(CallQueueManager.java:317)
        at org.apache.hadoop.ipc.Server$Handler.run(Server.java:2942)
"IPC Server handler 12 on default port 46625" daemon prio=5 tid=166 timed_waiting
java.lang.Thread.State: TIMED_WAITING
        at sun.misc.Unsafe.park(Native Method)
        at java.util.concurrent.locks.LockSupport.parkNanos(LockSupport.java:215)
        at java.util.concurrent.locks.AbstractQueuedSynchronizer$ConditionObject.awaitNanos(AbstractQueuedSynchronizer.java:2078)
        at java.util.concurrent.LinkedBlockingQueue.poll(LinkedBlockingQueue.java:467)
        at org.apache.hadoop.ipc.CallQueueManager.take(CallQueueManager.java:317)
        at org.apache.hadoop.ipc.Server$Handler.run(Server.java:2942)
"qtp654838366-394" daemon prio=5 tid=394 timed_waiting
java.lang.Thread.State: TIMED_WAITING
        at sun.misc.Unsafe.park(Native Method)
        at java.util.concurrent.locks.LockSupport.parkNanos(LockSupport.java:215)
        at java.util.concurrent.locks.AbstractQueuedSynchronizer$ConditionObject.awaitNanos(AbstractQueuedSynchronizer.java:2078)
        at org.eclipse.jetty.util.BlockingArrayQueue.poll(BlockingArrayQueue.java:382)
        at org.eclipse.jetty.util.thread.QueuedThreadPool$Runner.idleJobPoll(QueuedThreadPool.java:974)
        at org.eclipse.jetty.util.thread.QueuedThreadPool$Runner.run(QueuedThreadPool.java:1018)
        at java.lang.Thread.run(Thread.java:750)
"EndpointStateMachine task thread for /0.0.0.0:44923 - 0 "  prio=5 tid=510 in Object.wait()
java.lang.Thread.State: WAITING (on object monitor)
        at sun.misc.Unsafe.park(Native Method)
        at java.util.concurrent.locks.LockSupport.park(LockSupport.java:175)
        at java.util.concurrent.locks.AbstractQueuedSynchronizer$ConditionObject.await(AbstractQueuedSynchronizer.java:2039)
        at java.util.concurrent.LinkedBlockingQueue.take(LinkedBlockingQueue.java:442)
        at java.util.concurrent.ThreadPoolExecutor.getTask(ThreadPoolExecutor.java:1074)
        at java.util.concurrent.ThreadPoolExecutor.runWorker(ThreadPoolExecutor.java:1134)
        at java.util.concurrent.ThreadPoolExecutor$Worker.run(ThreadPoolExecutor.java:624)
        at java.lang.Thread.run(Thread.java:750)
"StaleRecoveringContainerScrubbingService#7" daemon prio=5 tid=984 in Object.wait()
java.lang.Thread.State: WAITING (on object monitor)
        at sun.misc.Unsafe.park(Native Method)
        at java.util.concurrent.locks.LockSupport.park(LockSupport.java:175)
        at java.util.concurrent.locks.AbstractQueuedSynchronizer$ConditionObject.await(AbstractQueuedSynchronizer.java:2039)
        at java.util.concurrent.ScheduledThreadPoolExecutor$DelayedWorkQueue.take(ScheduledThreadPoolExecutor.java:1088)
        at java.util.concurrent.ScheduledThreadPoolExecutor$DelayedWorkQueue.take(ScheduledThreadPoolExecutor.java:809)
        at java.util.concurrent.ThreadPoolExecutor.getTask(ThreadPoolExecutor.java:1074)
        at java.util.concurrent.ThreadPoolExecutor.runWorker(ThreadPoolExecutor.java:1134)
        at java.util.concurrent.ThreadPoolExecutor$Worker.run(ThreadPoolExecutor.java:624)
        at java.lang.Thread.run(Thread.java:750)
"PartialTableCache Cleanup Thread - 0" daemon prio=5 tid=978 in Object.wait()
java.lang.Thread.State: WAITING (on object monitor)
        at sun.misc.Unsafe.park(Native Method)
        at java.util.concurrent.locks.LockSupport.park(LockSupport.java:175)
        at java.util.concurrent.locks.AbstractQueuedSynchronizer$ConditionObject.await(AbstractQueuedSynchronizer.java:2039)
        at java.util.concurrent.LinkedBlockingQueue.take(LinkedBlockingQueue.java:442)
        at java.util.concurrent.ThreadPoolExecutor.getTask(ThreadPoolExecutor.java:1074)
        at java.util.concurrent.ThreadPoolExecutor.runWorker(ThreadPoolExecutor.java:1134)
        at java.util.concurrent.ThreadPoolExecutor$Worker.run(ThreadPoolExecutor.java:624)
        at java.lang.Thread.run(Thread.java:750)
"93701946-f5e3-4943-a932-e133db5deae9@group-321FF30531CD-LeaderStateImpl" daemon prio=5 tid=709 timed_waiting
java.lang.Thread.State: TIMED_WAITING
        at sun.misc.Unsafe.park(Native Method)
        at java.util.concurrent.locks.LockSupport.parkNanos(LockSupport.java:215)
        at java.util.concurrent.locks.AbstractQueuedSynchronizer$ConditionObject.awaitNanos(AbstractQueuedSynchronizer.java:2078)
        at java.util.concurrent.ArrayBlockingQueue.poll(ArrayBlockingQueue.java:418)
        at org.apache.ratis.server.impl.LeaderStateImpl$EventQueue.poll(LeaderStateImpl.java:159)
        at org.apache.ratis.server.impl.LeaderStateImpl$EventProcessor.run(LeaderStateImpl.java:630)
"ChunkWriter-1-0" daemon prio=5 tid=543 in Object.wait()
java.lang.Thread.State: WAITING (on object monitor)
        at sun.misc.Unsafe.park(Native Method)
        at java.util.concurrent.locks.LockSupport.park(LockSupport.java:175)
        at java.util.concurrent.locks.AbstractQueuedSynchronizer$ConditionObject.await(AbstractQueuedSynchronizer.java:2039)
        at java.util.concurrent.LinkedBlockingDeque.takeFirst(LinkedBlockingDeque.java:492)
        at java.util.concurrent.LinkedBlockingDeque.take(LinkedBlockingDeque.java:680)
        at java.util.concurrent.ThreadPoolExecutor.getTask(ThreadPoolExecutor.java:1074)
        at java.util.concurrent.ThreadPoolExecutor.runWorker(ThreadPoolExecutor.java:1134)
        at java.util.concurrent.ThreadPoolExecutor$Worker.run(ThreadPoolExecutor.java:624)
        at java.lang.Thread.run(Thread.java:750)
"ChunkWriter-3-0" daemon prio=5 tid=403 in Object.wait()
java.lang.Thread.State: WAITING (on object monitor)
        at sun.misc.Unsafe.park(Native Method)
        at java.util.concurrent.locks.LockSupport.park(LockSupport.java:175)
        at java.util.concurrent.locks.AbstractQueuedSynchronizer$ConditionObject.await(AbstractQueuedSynchronizer.java:2039)
        at java.util.concurrent.LinkedBlockingDeque.takeFirst(LinkedBlockingDeque.java:492)
        at java.util.concurrent.LinkedBlockingDeque.take(LinkedBlockingDeque.java:680)
        at java.util.concurrent.ThreadPoolExecutor.getTask(ThreadPoolExecutor.java:1074)
        at java.util.concurrent.ThreadPoolExecutor.runWorker(ThreadPoolExecutor.java:1134)
        at java.util.concurrent.ThreadPoolExecutor$Worker.run(ThreadPoolExecutor.java:624)
        at java.lang.Thread.run(Thread.java:750)
"IPC Server handler 13 on default port 46625" daemon prio=5 tid=167 timed_waiting
java.lang.Thread.State: TIMED_WAITING
        at sun.misc.Unsafe.park(Native Method)
        at java.util.concurrent.locks.LockSupport.parkNanos(LockSupport.java:215)
        at java.util.concurrent.locks.AbstractQueuedSynchronizer$ConditionObject.awaitNanos(AbstractQueuedSynchronizer.java:2078)
        at java.util.concurrent.LinkedBlockingQueue.poll(LinkedBlockingQueue.java:467)
        at org.apache.hadoop.ipc.CallQueueManager.take(CallQueueManager.java:317)
        at org.apache.hadoop.ipc.Server$Handler.run(Server.java:2942)
"Signal Dispatcher" daemon prio=9 tid=4 runnable
java.lang.Thread.State: RUNNABLE
"StaleRecoveringContainerScrubbingService#1" daemon prio=5 tid=447 in Object.wait()
java.lang.Thread.State: WAITING (on object monitor)
        at sun.misc.Unsafe.park(Native Method)
        at java.util.concurrent.locks.LockSupport.park(LockSupport.java:175)
        at java.util.concurrent.locks.AbstractQueuedSynchronizer$ConditionObject.await(AbstractQueuedSynchronizer.java:2039)
        at java.util.concurrent.ScheduledThreadPoolExecutor$DelayedWorkQueue.take(ScheduledThreadPoolExecutor.java:1088)
        at java.util.concurrent.ScheduledThreadPoolExecutor$DelayedWorkQueue.take(ScheduledThreadPoolExecutor.java:809)
        at java.util.concurrent.ThreadPoolExecutor.getTask(ThreadPoolExecutor.java:1074)
        at java.util.concurrent.ThreadPoolExecutor.runWorker(ThreadPoolExecutor.java:1134)
        at java.util.concurrent.ThreadPoolExecutor$Worker.run(ThreadPoolExecutor.java:624)
        at java.lang.Thread.run(Thread.java:750)
"JvmPauseMonitor0" daemon prio=5 tid=139 timed_waiting
java.lang.Thread.State: TIMED_WAITING
        at java.lang.Thread.sleep(Native Method)
        at java.lang.Thread.sleep(Thread.java:342)
        at java.util.concurrent.TimeUnit.sleep(TimeUnit.java:386)
        at org.apache.ratis.util.TimeDuration.sleep(TimeDuration.java:325)
        at org.apache.ratis.util.TimeDuration.sleep(TimeDuration.java:310)
        at org.apache.ratis.util.JvmPauseMonitor.detectPause(JvmPauseMonitor.java:119)
        at org.apache.ratis.util.JvmPauseMonitor.run(JvmPauseMonitor.java:108)
        at org.apache.ratis.util.JvmPauseMonitor$$Lambda$734/1944085370.run(Unknown Source)
        at java.lang.Thread.run(Thread.java:750)
"IPC Server handler 9 on default port 38451" daemon prio=5 tid=75 timed_waiting
java.lang.Thread.State: TIMED_WAITING
        at sun.misc.Unsafe.park(Native Method)
        at java.util.concurrent.locks.LockSupport.parkNanos(LockSupport.java:215)
        at java.util.concurrent.locks.AbstractQueuedSynchronizer$ConditionObject.awaitNanos(AbstractQueuedSynchronizer.java:2078)
        at java.util.concurrent.LinkedBlockingQueue.poll(LinkedBlockingQueue.java:467)
        at org.apache.hadoop.ipc.CallQueueManager.take(CallQueueManager.java:317)
        at org.apache.hadoop.ipc.Server$Handler.run(Server.java:2942)
"BlockDeletingService#0" daemon prio=5 tid=517 in Object.wait()
java.lang.Thread.State: WAITING (on object monitor)
        at sun.misc.Unsafe.park(Native Method)
        at java.util.concurrent.locks.LockSupport.park(LockSupport.java:175)
        at java.util.concurrent.locks.AbstractQueuedSynchronizer$ConditionObject.await(AbstractQueuedSynchronizer.java:2039)
        at java.util.concurrent.ScheduledThreadPoolExecutor$DelayedWorkQueue.take(ScheduledThreadPoolExecutor.java:1088)
        at java.util.concurrent.ScheduledThreadPoolExecutor$DelayedWorkQueue.take(ScheduledThreadPoolExecutor.java:809)
        at java.util.concurrent.ThreadPoolExecutor.getTask(ThreadPoolExecutor.java:1074)
        at java.util.concurrent.ThreadPoolExecutor.runWorker(ThreadPoolExecutor.java:1134)
        at java.util.concurrent.ThreadPoolExecutor$Worker.run(ThreadPoolExecutor.java:624)
        at java.lang.Thread.run(Thread.java:750)
"BlockDeletingService#3" daemon prio=5 tid=1018 in Object.wait()
java.lang.Thread.State: WAITING (on object monitor)
        at sun.misc.Unsafe.park(Native Method)
        at java.util.concurrent.locks.LockSupport.park(LockSupport.java:175)
        at java.util.concurrent.locks.AbstractQueuedSynchronizer$ConditionObject.await(AbstractQueuedSynchronizer.java:2039)
        at java.util.concurrent.ScheduledThreadPoolExecutor$DelayedWorkQueue.take(ScheduledThreadPoolExecutor.java:1088)
        at java.util.concurrent.ScheduledThreadPoolExecutor$DelayedWorkQueue.take(ScheduledThreadPoolExecutor.java:809)
        at java.util.concurrent.ThreadPoolExecutor.getTask(ThreadPoolExecutor.java:1074)
        at java.util.concurrent.ThreadPoolExecutor.runWorker(ThreadPoolExecutor.java:1134)
        at java.util.concurrent.ThreadPoolExecutor$Worker.run(ThreadPoolExecutor.java:624)
        at java.lang.Thread.run(Thread.java:750)
"BlockDeletingService#2" daemon prio=5 tid=988 in Object.wait()
java.lang.Thread.State: WAITING (on object monitor)
        at sun.misc.Unsafe.park(Native Method)
        at java.util.concurrent.locks.LockSupport.park(LockSupport.java:175)
        at java.util.concurrent.locks.AbstractQueuedSynchronizer$ConditionObject.await(AbstractQueuedSynchronizer.java:2039)
        at java.util.concurrent.ScheduledThreadPoolExecutor$DelayedWorkQueue.take(ScheduledThreadPoolExecutor.java:1088)
        at java.util.concurrent.ScheduledThreadPoolExecutor$DelayedWorkQueue.take(ScheduledThreadPoolExecutor.java:809)
        at java.util.concurrent.ThreadPoolExecutor.getTask(ThreadPoolExecutor.java:1074)
        at java.util.concurrent.ThreadPoolExecutor.runWorker(ThreadPoolExecutor.java:1134)
        at java.util.concurrent.ThreadPoolExecutor$Worker.run(ThreadPoolExecutor.java:624)
        at java.lang.Thread.run(Thread.java:750)
"qtp634225415-271" daemon prio=5 tid=271 timed_waiting
java.lang.Thread.State: TIMED_WAITING
        at sun.misc.Unsafe.park(Native Method)
        at java.util.concurrent.locks.LockSupport.parkNanos(LockSupport.java:215)
        at java.util.concurrent.locks.AbstractQueuedSynchronizer$ConditionObject.awaitNanos(AbstractQueuedSynchronizer.java:2078)
        at org.eclipse.jetty.util.BlockingArrayQueue.poll(BlockingArrayQueue.java:382)
        at org.eclipse.jetty.util.thread.QueuedThreadPool$Runner.idleJobPoll(QueuedThreadPool.java:974)
        at org.eclipse.jetty.util.thread.QueuedThreadPool$Runner.run(QueuedThreadPool.java:1018)
        at java.lang.Thread.run(Thread.java:750)
"IPC Server handler 4 on default port 46625" daemon prio=5 tid=158 timed_waiting
java.lang.Thread.State: TIMED_WAITING
        at sun.misc.Unsafe.park(Native Method)
        at java.util.concurrent.locks.LockSupport.parkNanos(LockSupport.java:215)
        at java.util.concurrent.locks.AbstractQueuedSynchronizer$ConditionObject.awaitNanos(AbstractQueuedSynchronizer.java:2078)
        at java.util.concurrent.LinkedBlockingQueue.poll(LinkedBlockingQueue.java:467)
        at org.apache.hadoop.ipc.CallQueueManager.take(CallQueueManager.java:317)
        at org.apache.hadoop.ipc.Server$Handler.run(Server.java:2942)
"8d5822ee-b1dd-46af-beb1-0638b7fa15fc@group-2EBEB1ED5A51-FollowerState" daemon prio=5 tid=844 timed_waiting
java.lang.Thread.State: TIMED_WAITING
        at java.lang.Thread.sleep(Native Method)
        at java.lang.Thread.sleep(Thread.java:342)
        at java.util.concurrent.TimeUnit.sleep(TimeUnit.java:386)
        at org.apache.ratis.util.TimeDuration.sleep(TimeDuration.java:325)
        at org.apache.ratis.util.TimeDuration.sleep(TimeDuration.java:310)
        at org.apache.ratis.server.impl.FollowerState.run(FollowerState.java:128)
"Datanode ReportManager Thread - 1" daemon prio=5 tid=252 in Object.wait()
java.lang.Thread.State: WAITING (on object monitor)
        at sun.misc.Unsafe.park(Native Method)
        at java.util.concurrent.locks.LockSupport.park(LockSupport.java:175)
        at java.util.concurrent.locks.AbstractQueuedSynchronizer$ConditionObject.await(AbstractQueuedSynchronizer.java:2039)
        at java.util.concurrent.ScheduledThreadPoolExecutor$DelayedWorkQueue.take(ScheduledThreadPoolExecutor.java:1088)
        at java.util.concurrent.ScheduledThreadPoolExecutor$DelayedWorkQueue.take(ScheduledThreadPoolExecutor.java:809)
        at java.util.concurrent.ThreadPoolExecutor.getTask(ThreadPoolExecutor.java:1074)
        at java.util.concurrent.ThreadPoolExecutor.runWorker(ThreadPoolExecutor.java:1134)
        at java.util.concurrent.ThreadPoolExecutor$Worker.run(ThreadPoolExecutor.java:624)
        at java.lang.Thread.run(Thread.java:750)
"IPC Server handler 11 on default port 44923" daemon prio=5 tid=97 timed_waiting
java.lang.Thread.State: TIMED_WAITING
        at sun.misc.Unsafe.park(Native Method)
        at java.util.concurrent.locks.LockSupport.parkNanos(LockSupport.java:215)
        at java.util.concurrent.locks.AbstractQueuedSynchronizer$ConditionObject.awaitNanos(AbstractQueuedSynchronizer.java:2078)
        at java.util.concurrent.LinkedBlockingQueue.poll(LinkedBlockingQueue.java:467)
        at org.apache.hadoop.ipc.CallQueueManager.take(CallQueueManager.java:317)
        at org.apache.hadoop.ipc.Server$Handler.run(Server.java:2942)
"8d5822ee-b1dd-46af-beb1-0638b7fa15fc@group-2EBEB1ED5A51-SegmentedRaftLogWorker"  prio=5 tid=636 timed_waiting
java.lang.Thread.State: TIMED_WAITING
        at sun.misc.Unsafe.park(Native Method)
        at java.util.concurrent.locks.LockSupport.parkNanos(LockSupport.java:215)
        at java.util.concurrent.locks.AbstractQueuedSynchronizer$ConditionObject.awaitNanos(AbstractQueuedSynchronizer.java:2078)
        at org.apache.ratis.util.DataBlockingQueue.poll(DataBlockingQueue.java:148)
        at org.apache.ratis.server.raftlog.segmented.SegmentedRaftLogWorker.run(SegmentedRaftLogWorker.java:312)
        at org.apache.ratis.server.raftlog.segmented.SegmentedRaftLogWorker$$Lambda$693/570605234.run(Unknown Source)
        at java.lang.Thread.run(Thread.java:750)
"7141d06d-71d8-4a56-9b5d-23c6772b1ac6@group-67DBD99A6914-FollowerState" daemon prio=5 tid=892 timed_waiting
java.lang.Thread.State: TIMED_WAITING
        at java.lang.Thread.sleep(Native Method)
        at java.lang.Thread.sleep(Thread.java:342)
        at java.util.concurrent.TimeUnit.sleep(TimeUnit.java:386)
        at org.apache.ratis.util.TimeDuration.sleep(TimeDuration.java:325)
        at org.apache.ratis.util.TimeDuration.sleep(TimeDuration.java:310)
        at org.apache.ratis.server.impl.FollowerState.run(FollowerState.java:128)
"ChunkReader-ELG-0" daemon prio=5 tid=366 runnable
java.lang.Thread.State: RUNNABLE
        at org.apache.ratis.thirdparty.io.netty.channel.epoll.Native.epollWait(Native Method)
        at org.apache.ratis.thirdparty.io.netty.channel.epoll.Native.epollWait(Native.java:209)
        at org.apache.ratis.thirdparty.io.netty.channel.epoll.Native.epollWait(Native.java:202)
        at org.apache.ratis.thirdparty.io.netty.channel.epoll.EpollEventLoop.epollWaitNoTimerChange(EpollEventLoop.java:294)
        at org.apache.ratis.thirdparty.io.netty.channel.epoll.EpollEventLoop.run(EpollEventLoop.java:351)
        at org.apache.ratis.thirdparty.io.netty.util.concurrent.SingleThreadEventExecutor$4.run(SingleThreadEventExecutor.java:995)
        at org.apache.ratis.thirdparty.io.netty.util.internal.ThreadExecutorMap$2.run(ThreadExecutorMap.java:74)
        at java.lang.Thread.run(Thread.java:750)
"IPC Client (1305643394) connection to 0.0.0.0/0.0.0.0:44923 from runner" daemon prio=5 tid=346 timed_waiting
java.lang.Thread.State: TIMED_WAITING
        at java.lang.Object.wait(Native Method)
        at org.apache.hadoop.ipc.Client$Connection.waitForWork(Client.java:1086)
        at org.apache.hadoop.ipc.Client$Connection.run(Client.java:1133)
"ChunkWriter-1-0" daemon prio=5 tid=479 in Object.wait()
java.lang.Thread.State: WAITING (on object monitor)
        at sun.misc.Unsafe.park(Native Method)
        at java.util.concurrent.locks.LockSupport.park(LockSupport.java:175)
        at java.util.concurrent.locks.AbstractQueuedSynchronizer$ConditionObject.await(AbstractQueuedSynchronizer.java:2039)
        at java.util.concurrent.LinkedBlockingDeque.takeFirst(LinkedBlockingDeque.java:492)
        at java.util.concurrent.LinkedBlockingDeque.take(LinkedBlockingDeque.java:680)
        at java.util.concurrent.ThreadPoolExecutor.getTask(ThreadPoolExecutor.java:1074)
        at java.util.concurrent.ThreadPoolExecutor.runWorker(ThreadPoolExecutor.java:1134)
        at java.util.concurrent.ThreadPoolExecutor$Worker.run(ThreadPoolExecutor.java:624)
        at java.lang.Thread.run(Thread.java:750)
"IPC Server handler 5 on default port 38451" daemon prio=5 tid=71 timed_waiting
java.lang.Thread.State: TIMED_WAITING
        at sun.misc.Unsafe.park(Native Method)
        at java.util.concurrent.locks.LockSupport.parkNanos(LockSupport.java:215)
        at java.util.concurrent.locks.AbstractQueuedSynchronizer$ConditionObject.awaitNanos(AbstractQueuedSynchronizer.java:2078)
        at java.util.concurrent.LinkedBlockingQueue.poll(LinkedBlockingQueue.java:467)
        at org.apache.hadoop.ipc.CallQueueManager.take(CallQueueManager.java:317)
        at org.apache.hadoop.ipc.Server$Handler.run(Server.java:2942)
"EndpointStateMachine task thread for /0.0.0.0:44923 - 0 "  prio=5 tid=498 in Object.wait()
java.lang.Thread.State: WAITING (on object monitor)
        at sun.misc.Unsafe.park(Native Method)
        at java.util.concurrent.locks.LockSupport.park(LockSupport.java:175)
        at java.util.concurrent.locks.AbstractQueuedSynchronizer$ConditionObject.await(AbstractQueuedSynchronizer.java:2039)
        at java.util.concurrent.LinkedBlockingQueue.take(LinkedBlockingQueue.java:442)
        at java.util.concurrent.ThreadPoolExecutor.getTask(ThreadPoolExecutor.java:1074)
        at java.util.concurrent.ThreadPoolExecutor.runWorker(ThreadPoolExecutor.java:1134)
        at java.util.concurrent.ThreadPoolExecutor$Worker.run(ThreadPoolExecutor.java:624)
        at java.lang.Thread.run(Thread.java:750)
"BlockDeletingService#2" daemon prio=5 tid=994 in Object.wait()
java.lang.Thread.State: WAITING (on object monitor)
        at sun.misc.Unsafe.park(Native Method)
        at java.util.concurrent.locks.LockSupport.park(LockSupport.java:175)
        at java.util.concurrent.locks.AbstractQueuedSynchronizer$ConditionObject.await(AbstractQueuedSynchronizer.java:2039)
        at java.util.concurrent.ScheduledThreadPoolExecutor$DelayedWorkQueue.take(ScheduledThreadPoolExecutor.java:1088)
        at java.util.concurrent.ScheduledThreadPoolExecutor$DelayedWorkQueue.take(ScheduledThreadPoolExecutor.java:809)
        at java.util.concurrent.ThreadPoolExecutor.getTask(ThreadPoolExecutor.java:1074)
        at java.util.concurrent.ThreadPoolExecutor.runWorker(ThreadPoolExecutor.java:1134)
        at java.util.concurrent.ThreadPoolExecutor$Worker.run(ThreadPoolExecutor.java:624)
        at java.lang.Thread.run(Thread.java:750)
"Datanode State Machine Daemon Thread" daemon prio=5 tid=331 timed_waiting
java.lang.Thread.State: TIMED_WAITING
        at java.lang.Thread.sleep(Native Method)
        at org.apache.hadoop.ozone.container.common.statemachine.DatanodeStateMachine.startStateMachineThread(DatanodeStateMachine.java:335)
        at org.apache.hadoop.ozone.container.common.statemachine.DatanodeStateMachine.lambda$startDaemon$0(DatanodeStateMachine.java:520)
        at org.apache.hadoop.ozone.container.common.statemachine.DatanodeStateMachine$$Lambda$782/592559975.run(Unknown Source)
        at java.lang.Thread.run(Thread.java:750)
"qtp1523286511-356" daemon prio=5 tid=356 timed_waiting
java.lang.Thread.State: TIMED_WAITING
        at sun.misc.Unsafe.park(Native Method)
        at java.util.concurrent.locks.LockSupport.parkNanos(LockSupport.java:215)
        at java.util.concurrent.locks.AbstractQueuedSynchronizer$ConditionObject.awaitNanos(AbstractQueuedSynchronizer.java:2078)
        at org.eclipse.jetty.util.BlockingArrayQueue.poll(BlockingArrayQueue.java:382)
        at org.eclipse.jetty.util.thread.QueuedThreadPool$Runner.idleJobPoll(QueuedThreadPool.java:974)
        at org.eclipse.jetty.util.thread.QueuedThreadPool$Runner.run(QueuedThreadPool.java:1018)
        at java.lang.Thread.run(Thread.java:750)
"StaleRecoveringContainerScrubbingService#1" daemon prio=5 tid=520 in Object.wait()
java.lang.Thread.State: WAITING (on object monitor)
        at sun.misc.Unsafe.park(Native Method)
        at java.util.concurrent.locks.LockSupport.park(LockSupport.java:175)
        at java.util.concurrent.locks.AbstractQueuedSynchronizer$ConditionObject.await(AbstractQueuedSynchronizer.java:2039)
        at java.util.concurrent.ScheduledThreadPoolExecutor$DelayedWorkQueue.take(ScheduledThreadPoolExecutor.java:1088)
        at java.util.concurrent.ScheduledThreadPoolExecutor$DelayedWorkQueue.take(ScheduledThreadPoolExecutor.java:809)
        at java.util.concurrent.ThreadPoolExecutor.getTask(ThreadPoolExecutor.java:1074)
        at java.util.concurrent.ThreadPoolExecutor.runWorker(ThreadPoolExecutor.java:1134)
        at java.util.concurrent.ThreadPoolExecutor$Worker.run(ThreadPoolExecutor.java:624)
        at java.lang.Thread.run(Thread.java:750)
"PartialTableCache Cleanup Thread - 0" daemon prio=5 tid=980 in Object.wait()
java.lang.Thread.State: WAITING (on object monitor)
        at sun.misc.Unsafe.park(Native Method)
        at java.util.concurrent.locks.LockSupport.park(LockSupport.java:175)
        at java.util.concurrent.locks.AbstractQueuedSynchronizer$ConditionObject.await(AbstractQueuedSynchronizer.java:2039)
        at java.util.concurrent.LinkedBlockingQueue.take(LinkedBlockingQueue.java:442)
        at java.util.concurrent.ThreadPoolExecutor.getTask(ThreadPoolExecutor.java:1074)
        at java.util.concurrent.ThreadPoolExecutor.runWorker(ThreadPoolExecutor.java:1134)
        at java.util.concurrent.ThreadPoolExecutor$Worker.run(ThreadPoolExecutor.java:624)
        at java.lang.Thread.run(Thread.java:750)
"qtp1564510985-218" daemon prio=5 tid=218 timed_waiting
java.lang.Thread.State: TIMED_WAITING
        at sun.misc.Unsafe.park(Native Method)
        at java.util.concurrent.locks.LockSupport.parkNanos(LockSupport.java:215)
        at java.util.concurrent.locks.AbstractQueuedSynchronizer$ConditionObject.awaitNanos(AbstractQueuedSynchronizer.java:2078)
        at org.eclipse.jetty.util.BlockingArrayQueue.poll(BlockingArrayQueue.java:382)
        at org.eclipse.jetty.util.thread.QueuedThreadPool$Runner.idleJobPoll(QueuedThreadPool.java:974)
        at org.eclipse.jetty.util.thread.QueuedThreadPool$Runner.run(QueuedThreadPool.java:1018)
        at java.lang.Thread.run(Thread.java:750)
"qtp1564510985-215" daemon prio=5 tid=215 timed_waiting
java.lang.Thread.State: TIMED_WAITING
        at sun.misc.Unsafe.park(Native Method)
        at java.util.concurrent.locks.LockSupport.parkNanos(LockSupport.java:215)
        at java.util.concurrent.locks.AbstractQueuedSynchronizer$ConditionObject.awaitNanos(AbstractQueuedSynchronizer.java:2078)
        at org.eclipse.jetty.util.BlockingArrayQueue.poll(BlockingArrayQueue.java:382)
        at org.eclipse.jetty.util.thread.QueuedThreadPool$Runner.idleJobPoll(QueuedThreadPool.java:974)
        at org.eclipse.jetty.util.thread.QueuedThreadPool$Runner.run(QueuedThreadPool.java:1018)
        at java.lang.Thread.run(Thread.java:750)
"4243b07b-dbe8-44bd-919c-c5b59c546d4c@group-A2C53E516D65-FollowerState" daemon prio=5 tid=945 timed_waiting
java.lang.Thread.State: TIMED_WAITING
        at java.lang.Thread.sleep(Native Method)
        at java.lang.Thread.sleep(Thread.java:342)
        at java.util.concurrent.TimeUnit.sleep(TimeUnit.java:386)
        at org.apache.ratis.util.TimeDuration.sleep(TimeDuration.java:325)
        at org.apache.ratis.util.TimeDuration.sleep(TimeDuration.java:310)
        at org.apache.ratis.server.impl.FollowerState.run(FollowerState.java:128)
"qtp567908971-186-acceptor-0@11f04d84-ServerConnector@70685cad{HTTP/1.1, (http/1.1)}{0.0.0.0:38777}" daemon prio=3 tid=186 runnable
java.lang.Thread.State: RUNNABLE
        at sun.nio.ch.ServerSocketChannelImpl.accept0(Native Method)
        at sun.nio.ch.ServerSocketChannelImpl.accept(ServerSocketChannelImpl.java:421)
        at sun.nio.ch.ServerSocketChannelImpl.accept(ServerSocketChannelImpl.java:249)
        at org.eclipse.jetty.server.ServerConnector.accept(ServerConnector.java:388)
        at org.eclipse.jetty.server.AbstractConnector$Acceptor.run(AbstractConnector.java:704)
        at org.eclipse.jetty.util.thread.QueuedThreadPool.runJob(QueuedThreadPool.java:883)
        at org.eclipse.jetty.util.thread.QueuedThreadPool$Runner.run(QueuedThreadPool.java:1034)
        at java.lang.Thread.run(Thread.java:750)
"IPC Server handler 8 on default port 38451" daemon prio=5 tid=74 timed_waiting
java.lang.Thread.State: TIMED_WAITING
        at sun.misc.Unsafe.park(Native Method)
        at java.util.concurrent.locks.LockSupport.parkNanos(LockSupport.java:215)
        at java.util.concurrent.locks.AbstractQueuedSynchronizer$ConditionObject.awaitNanos(AbstractQueuedSynchronizer.java:2078)
        at java.util.concurrent.LinkedBlockingQueue.poll(LinkedBlockingQueue.java:467)
        at org.apache.hadoop.ipc.CallQueueManager.take(CallQueueManager.java:317)
        at org.apache.hadoop.ipc.Server$Handler.run(Server.java:2942)
"a73b56cb-3195-4d6d-be40-ac518f1256a6@group-B9BAD9B34F34-SegmentedRaftLogWorker"  prio=5 tid=692 timed_waiting
java.lang.Thread.State: TIMED_WAITING
        at sun.misc.Unsafe.park(Native Method)
        at java.util.concurrent.locks.LockSupport.parkNanos(LockSupport.java:215)
        at java.util.concurrent.locks.AbstractQueuedSynchronizer$ConditionObject.awaitNanos(AbstractQueuedSynchronizer.java:2078)
        at org.apache.ratis.util.DataBlockingQueue.poll(DataBlockingQueue.java:148)
        at org.apache.ratis.server.raftlog.segmented.SegmentedRaftLogWorker.run(SegmentedRaftLogWorker.java:312)
        at org.apache.ratis.server.raftlog.segmented.SegmentedRaftLogWorker$$Lambda$693/570605234.run(Unknown Source)
        at java.lang.Thread.run(Thread.java:750)
"pool-299-thread-1"  prio=5 tid=466 timed_waiting
java.lang.Thread.State: TIMED_WAITING
        at sun.misc.Unsafe.park(Native Method)
        at java.util.concurrent.locks.LockSupport.parkNanos(LockSupport.java:215)
        at java.util.concurrent.locks.AbstractQueuedSynchronizer$ConditionObject.awaitNanos(AbstractQueuedSynchronizer.java:2078)
        at java.util.concurrent.ScheduledThreadPoolExecutor$DelayedWorkQueue.take(ScheduledThreadPoolExecutor.java:1093)
        at java.util.concurrent.ScheduledThreadPoolExecutor$DelayedWorkQueue.take(ScheduledThreadPoolExecutor.java:809)
        at java.util.concurrent.ThreadPoolExecutor.getTask(ThreadPoolExecutor.java:1074)
        at java.util.concurrent.ThreadPoolExecutor.runWorker(ThreadPoolExecutor.java:1134)
        at java.util.concurrent.ThreadPoolExecutor$Worker.run(ThreadPoolExecutor.java:624)
        at java.lang.Thread.run(Thread.java:750)
"qtp902010316-295" daemon prio=5 tid=295 runnable
java.lang.Thread.State: RUNNABLE
        at sun.nio.ch.EPollArrayWrapper.epollWait(Native Method)
        at sun.nio.ch.EPollArrayWrapper.poll(EPollArrayWrapper.java:269)
        at sun.nio.ch.EPollSelectorImpl.doSelect(EPollSelectorImpl.java:93)
        at sun.nio.ch.SelectorImpl.lockAndDoSelect(SelectorImpl.java:86)
        at sun.nio.ch.SelectorImpl.select(SelectorImpl.java:97)
        at sun.nio.ch.SelectorImpl.select(SelectorImpl.java:101)
        at org.eclipse.jetty.io.ManagedSelector.nioSelect(ManagedSelector.java:183)
        at org.eclipse.jetty.io.ManagedSelector.select(ManagedSelector.java:190)
        at org.eclipse.jetty.io.ManagedSelector$SelectorProducer.select(ManagedSelector.java:606)
        at org.eclipse.jetty.io.ManagedSelector$SelectorProducer.produce(ManagedSelector.java:543)
        at org.eclipse.jetty.util.thread.strategy.EatWhatYouKill.produceTask(EatWhatYouKill.java:362)
        at org.eclipse.jetty.util.thread.strategy.EatWhatYouKill.doProduce(EatWhatYouKill.java:186)
        at org.eclipse.jetty.util.thread.strategy.EatWhatYouKill.tryProduce(EatWhatYouKill.java:173)
        at org.eclipse.jetty.util.thread.strategy.EatWhatYouKill.produce(EatWhatYouKill.java:137)
        at org.eclipse.jetty.io.ManagedSelector$$Lambda$453/333825340.run(Unknown Source)
        at org.eclipse.jetty.util.thread.QueuedThreadPool.runJob(QueuedThreadPool.java:883)
        at org.eclipse.jetty.util.thread.QueuedThreadPool$Runner.run(QueuedThreadPool.java:1034)
        at java.lang.Thread.run(Thread.java:750)
"qtp567908971-191" daemon prio=5 tid=191 timed_waiting
java.lang.Thread.State: TIMED_WAITING
        at sun.misc.Unsafe.park(Native Method)
        at java.util.concurrent.locks.LockSupport.parkNanos(LockSupport.java:215)
        at java.util.concurrent.locks.AbstractQueuedSynchronizer$ConditionObject.awaitNanos(AbstractQueuedSynchronizer.java:2078)
        at org.eclipse.jetty.util.BlockingArrayQueue.poll(BlockingArrayQueue.java:382)
        at org.eclipse.jetty.util.thread.QueuedThreadPool$Runner.idleJobPoll(QueuedThreadPool.java:974)
        at org.eclipse.jetty.util.thread.QueuedThreadPool$Runner.run(QueuedThreadPool.java:1018)
        at java.lang.Thread.run(Thread.java:750)
"DirectoryDeletingService#0" daemon prio=5 tid=142 timed_waiting
java.lang.Thread.State: TIMED_WAITING
        at sun.misc.Unsafe.park(Native Method)
        at java.util.concurrent.locks.LockSupport.parkNanos(LockSupport.java:215)
        at java.util.concurrent.locks.AbstractQueuedSynchronizer$ConditionObject.awaitNanos(AbstractQueuedSynchronizer.java:2078)
        at java.util.concurrent.ScheduledThreadPoolExecutor$DelayedWorkQueue.take(ScheduledThreadPoolExecutor.java:1093)
        at java.util.concurrent.ScheduledThreadPoolExecutor$DelayedWorkQueue.take(ScheduledThreadPoolExecutor.java:809)
        at java.util.concurrent.ThreadPoolExecutor.getTask(ThreadPoolExecutor.java:1074)
        at java.util.concurrent.ThreadPoolExecutor.runWorker(ThreadPoolExecutor.java:1134)
        at java.util.concurrent.ThreadPoolExecutor$Worker.run(ThreadPoolExecutor.java:624)
        at java.lang.Thread.run(Thread.java:750)
"StaleRecoveringContainerScrubbingService#9" daemon prio=5 tid=1009 in Object.wait()
java.lang.Thread.State: WAITING (on object monitor)
        at sun.misc.Unsafe.park(Native Method)
        at java.util.concurrent.locks.LockSupport.park(LockSupport.java:175)
        at java.util.concurrent.locks.AbstractQueuedSynchronizer$ConditionObject.await(AbstractQueuedSynchronizer.java:2039)
        at java.util.concurrent.ScheduledThreadPoolExecutor$DelayedWorkQueue.take(ScheduledThreadPoolExecutor.java:1088)
        at java.util.concurrent.ScheduledThreadPoolExecutor$DelayedWorkQueue.take(ScheduledThreadPoolExecutor.java:809)
        at java.util.concurrent.ThreadPoolExecutor.getTask(ThreadPoolExecutor.java:1074)
        at java.util.concurrent.ThreadPoolExecutor.runWorker(ThreadPoolExecutor.java:1134)
        at java.util.concurrent.ThreadPoolExecutor$Worker.run(ThreadPoolExecutor.java:624)
        at java.lang.Thread.run(Thread.java:750)
"qtp634225415-270" daemon prio=5 tid=270 timed_waiting
java.lang.Thread.State: TIMED_WAITING
        at sun.misc.Unsafe.park(Native Method)
        at java.util.concurrent.locks.LockSupport.parkNanos(LockSupport.java:215)
        at java.util.concurrent.locks.AbstractQueuedSynchronizer$ConditionObject.awaitNanos(AbstractQueuedSynchronizer.java:2078)
        at org.eclipse.jetty.util.BlockingArrayQueue.poll(BlockingArrayQueue.java:382)
        at org.eclipse.jetty.util.thread.QueuedThreadPool$Runner.idleJobPoll(QueuedThreadPool.java:974)
        at org.eclipse.jetty.util.thread.QueuedThreadPool$Runner.run(QueuedThreadPool.java:1018)
        at java.lang.Thread.run(Thread.java:750)
"ChunkReader-ELG-0" daemon prio=5 tid=571 runnable
java.lang.Thread.State: RUNNABLE
        at org.apache.ratis.thirdparty.io.netty.channel.epoll.Native.epollWait0(Native Method)
        at org.apache.ratis.thirdparty.io.netty.channel.epoll.Native.epollWait(Native.java:182)
        at org.apache.ratis.thirdparty.io.netty.channel.epoll.EpollEventLoop.epollWait(EpollEventLoop.java:290)
        at org.apache.ratis.thirdparty.io.netty.channel.epoll.EpollEventLoop.run(EpollEventLoop.java:354)
        at org.apache.ratis.thirdparty.io.netty.util.concurrent.SingleThreadEventExecutor$4.run(SingleThreadEventExecutor.java:995)
        at org.apache.ratis.thirdparty.io.netty.util.internal.ThreadExecutorMap$2.run(ThreadExecutorMap.java:74)
        at java.lang.Thread.run(Thread.java:750)
"StaleRecoveringContainerScrubbingService#7" daemon prio=5 tid=982 in Object.wait()
java.lang.Thread.State: WAITING (on object monitor)
        at sun.misc.Unsafe.park(Native Method)
        at java.util.concurrent.locks.LockSupport.park(LockSupport.java:175)
        at java.util.concurrent.locks.AbstractQueuedSynchronizer$ConditionObject.await(AbstractQueuedSynchronizer.java:2039)
        at java.util.concurrent.ScheduledThreadPoolExecutor$DelayedWorkQueue.take(ScheduledThreadPoolExecutor.java:1088)
        at java.util.concurrent.ScheduledThreadPoolExecutor$DelayedWorkQueue.take(ScheduledThreadPoolExecutor.java:809)
        at java.util.concurrent.ThreadPoolExecutor.getTask(ThreadPoolExecutor.java:1074)
        at java.util.concurrent.ThreadPoolExecutor.runWorker(ThreadPoolExecutor.java:1134)
        at java.util.concurrent.ThreadPoolExecutor$Worker.run(ThreadPoolExecutor.java:624)
        at java.lang.Thread.run(Thread.java:750)
"93701946-f5e3-4943-a932-e133db5deae9@group-321FF30531CD-SegmentedRaftLogWorker"  prio=5 tid=608 timed_waiting
java.lang.Thread.State: TIMED_WAITING
        at sun.misc.Unsafe.park(Native Method)
        at java.util.concurrent.locks.LockSupport.parkNanos(LockSupport.java:215)
        at java.util.concurrent.locks.AbstractQueuedSynchronizer$ConditionObject.awaitNanos(AbstractQueuedSynchronizer.java:2078)
        at org.apache.ratis.util.DataBlockingQueue.poll(DataBlockingQueue.java:148)
        at org.apache.ratis.server.raftlog.segmented.SegmentedRaftLogWorker.run(SegmentedRaftLogWorker.java:312)
        at org.apache.ratis.server.raftlog.segmented.SegmentedRaftLogWorker$$Lambda$693/570605234.run(Unknown Source)
        at java.lang.Thread.run(Thread.java:750)
"BlockDeletingService#0" daemon prio=5 tid=548 in Object.wait()
java.lang.Thread.State: WAITING (on object monitor)
        at sun.misc.Unsafe.park(Native Method)
        at java.util.concurrent.locks.LockSupport.park(LockSupport.java:175)
        at java.util.concurrent.locks.AbstractQueuedSynchronizer$ConditionObject.await(AbstractQueuedSynchronizer.java:2039)
        at java.util.concurrent.ScheduledThreadPoolExecutor$DelayedWorkQueue.take(ScheduledThreadPoolExecutor.java:1088)
        at java.util.concurrent.ScheduledThreadPoolExecutor$DelayedWorkQueue.take(ScheduledThreadPoolExecutor.java:809)
        at java.util.concurrent.ThreadPoolExecutor.getTask(ThreadPoolExecutor.java:1074)
        at java.util.concurrent.ThreadPoolExecutor.runWorker(ThreadPoolExecutor.java:1134)
        at java.util.concurrent.ThreadPoolExecutor$Worker.run(ThreadPoolExecutor.java:624)
        at java.lang.Thread.run(Thread.java:750)
"ChunkWriter-2-0" daemon prio=5 tid=513 in Object.wait()
java.lang.Thread.State: WAITING (on object monitor)
        at sun.misc.Unsafe.park(Native Method)
        at java.util.concurrent.locks.LockSupport.park(LockSupport.java:175)
        at java.util.concurrent.locks.AbstractQueuedSynchronizer$ConditionObject.await(AbstractQueuedSynchronizer.java:2039)
        at java.util.concurrent.LinkedBlockingDeque.takeFirst(LinkedBlockingDeque.java:492)
        at java.util.concurrent.LinkedBlockingDeque.take(LinkedBlockingDeque.java:680)
        at java.util.concurrent.ThreadPoolExecutor.getTask(ThreadPoolExecutor.java:1074)
        at java.util.concurrent.ThreadPoolExecutor.runWorker(ThreadPoolExecutor.java:1134)
        at java.util.concurrent.ThreadPoolExecutor$Worker.run(ThreadPoolExecutor.java:624)
        at java.lang.Thread.run(Thread.java:750)
"qtp654838366-395" daemon prio=5 tid=395 timed_waiting
java.lang.Thread.State: TIMED_WAITING
        at sun.misc.Unsafe.park(Native Method)
        at java.util.concurrent.locks.LockSupport.parkNanos(LockSupport.java:215)
        at java.util.concurrent.locks.AbstractQueuedSynchronizer$ConditionObject.awaitNanos(AbstractQueuedSynchronizer.java:2078)
        at org.eclipse.jetty.util.BlockingArrayQueue.poll(BlockingArrayQueue.java:382)
        at org.eclipse.jetty.util.thread.QueuedThreadPool$Runner.idleJobPoll(QueuedThreadPool.java:974)
        at org.eclipse.jetty.util.thread.QueuedThreadPool$Runner.run(QueuedThreadPool.java:1018)
        at java.lang.Thread.run(Thread.java:750)
"StaleRecoveringContainerScrubbingService#8" daemon prio=5 tid=1007 in Object.wait()
java.lang.Thread.State: WAITING (on object monitor)
        at sun.misc.Unsafe.park(Native Method)
        at java.util.concurrent.locks.LockSupport.park(LockSupport.java:175)
        at java.util.concurrent.locks.AbstractQueuedSynchronizer$ConditionObject.await(AbstractQueuedSynchronizer.java:2039)
        at java.util.concurrent.ScheduledThreadPoolExecutor$DelayedWorkQueue.take(ScheduledThreadPoolExecutor.java:1088)
        at java.util.concurrent.ScheduledThreadPoolExecutor$DelayedWorkQueue.take(ScheduledThreadPoolExecutor.java:809)
        at java.util.concurrent.ThreadPoolExecutor.getTask(ThreadPoolExecutor.java:1074)
        at java.util.concurrent.ThreadPoolExecutor.runWorker(ThreadPoolExecutor.java:1134)
        at java.util.concurrent.ThreadPoolExecutor$Worker.run(ThreadPoolExecutor.java:624)
        at java.lang.Thread.run(Thread.java:750)
"ChunkWriter-3-0" daemon prio=5 tid=481 in Object.wait()
java.lang.Thread.State: WAITING (on object monitor)
        at sun.misc.Unsafe.park(Native Method)
        at java.util.concurrent.locks.LockSupport.park(LockSupport.java:175)
        at java.util.concurrent.locks.AbstractQueuedSynchronizer$ConditionObject.await(AbstractQueuedSynchronizer.java:2039)
        at java.util.concurrent.LinkedBlockingDeque.takeFirst(LinkedBlockingDeque.java:492)
        at java.util.concurrent.LinkedBlockingDeque.take(LinkedBlockingDeque.java:680)
        at java.util.concurrent.ThreadPoolExecutor.getTask(ThreadPoolExecutor.java:1074)
        at java.util.concurrent.ThreadPoolExecutor.runWorker(ThreadPoolExecutor.java:1134)
        at java.util.concurrent.ThreadPoolExecutor$Worker.run(ThreadPoolExecutor.java:624)
        at java.lang.Thread.run(Thread.java:750)
"Datanode State Machine Daemon Thread" daemon prio=5 tid=250 timed_waiting
java.lang.Thread.State: TIMED_WAITING
        at java.lang.Thread.sleep(Native Method)
        at org.apache.hadoop.ozone.container.common.statemachine.DatanodeStateMachine.startStateMachineThread(DatanodeStateMachine.java:335)
        at org.apache.hadoop.ozone.container.common.statemachine.DatanodeStateMachine.lambda$startDaemon$0(DatanodeStateMachine.java:520)
        at org.apache.hadoop.ozone.container.common.statemachine.DatanodeStateMachine$$Lambda$782/592559975.run(Unknown Source)
        at java.lang.Thread.run(Thread.java:750)
"qtp654838366-389" daemon prio=5 tid=389 runnable
java.lang.Thread.State: RUNNABLE
        at sun.nio.ch.EPollArrayWrapper.epollWait(Native Method)
        at sun.nio.ch.EPollArrayWrapper.poll(EPollArrayWrapper.java:269)
        at sun.nio.ch.EPollSelectorImpl.doSelect(EPollSelectorImpl.java:93)
        at sun.nio.ch.SelectorImpl.lockAndDoSelect(SelectorImpl.java:86)
        at sun.nio.ch.SelectorImpl.select(SelectorImpl.java:97)
        at sun.nio.ch.SelectorImpl.select(SelectorImpl.java:101)
        at org.eclipse.jetty.io.ManagedSelector.nioSelect(ManagedSelector.java:183)
        at org.eclipse.jetty.io.ManagedSelector.select(ManagedSelector.java:190)
        at org.eclipse.jetty.io.ManagedSelector$SelectorProducer.select(ManagedSelector.java:606)
        at org.eclipse.jetty.io.ManagedSelector$SelectorProducer.produce(ManagedSelector.java:543)
        at org.eclipse.jetty.util.thread.strategy.EatWhatYouKill.produceTask(EatWhatYouKill.java:362)
        at org.eclipse.jetty.util.thread.strategy.EatWhatYouKill.doProduce(EatWhatYouKill.java:186)
        at org.eclipse.jetty.util.thread.strategy.EatWhatYouKill.tryProduce(EatWhatYouKill.java:173)
        at org.eclipse.jetty.util.thread.strategy.EatWhatYouKill.produce(EatWhatYouKill.java:137)
        at org.eclipse.jetty.io.ManagedSelector$$Lambda$453/333825340.run(Unknown Source)
        at org.eclipse.jetty.util.thread.QueuedThreadPool.runJob(QueuedThreadPool.java:883)
        at org.eclipse.jetty.util.thread.QueuedThreadPool$Runner.run(QueuedThreadPool.java:1034)
        at java.lang.Thread.run(Thread.java:750)
"ChunkReader-ELG-0" daemon prio=5 tid=547 runnable
java.lang.Thread.State: RUNNABLE
        at org.apache.ratis.thirdparty.io.netty.channel.epoll.Native.epollWait(Native Method)
        at org.apache.ratis.thirdparty.io.netty.channel.epoll.Native.epollWait(Native.java:209)
        at org.apache.ratis.thirdparty.io.netty.channel.epoll.Native.epollWait(Native.java:202)
        at org.apache.ratis.thirdparty.io.netty.channel.epoll.EpollEventLoop.epollWaitNoTimerChange(EpollEventLoop.java:294)
        at org.apache.ratis.thirdparty.io.netty.channel.epoll.EpollEventLoop.run(EpollEventLoop.java:351)
        at org.apache.ratis.thirdparty.io.netty.util.concurrent.SingleThreadEventExecutor$4.run(SingleThreadEventExecutor.java:995)
        at org.apache.ratis.thirdparty.io.netty.util.internal.ThreadExecutorMap$2.run(ThreadExecutorMap.java:74)
        at java.lang.Thread.run(Thread.java:750)
"pool-140-thread-1"  prio=5 tid=623 in Object.wait()
java.lang.Thread.State: WAITING (on object monitor)
        at sun.misc.Unsafe.park(Native Method)
        at java.util.concurrent.locks.LockSupport.park(LockSupport.java:175)
        at java.util.concurrent.locks.AbstractQueuedSynchronizer$ConditionObject.await(AbstractQueuedSynchronizer.java:2039)
        at java.util.concurrent.LinkedBlockingQueue.take(LinkedBlockingQueue.java:442)
        at java.util.concurrent.ThreadPoolExecutor.getTask(ThreadPoolExecutor.java:1074)
        at java.util.concurrent.ThreadPoolExecutor.runWorker(ThreadPoolExecutor.java:1134)
        at java.util.concurrent.ThreadPoolExecutor$Worker.run(ThreadPoolExecutor.java:624)
        at java.lang.Thread.run(Thread.java:750)
"Datanode ReportManager Thread - 1" daemon prio=5 tid=225 in Object.wait()
java.lang.Thread.State: WAITING (on object monitor)
        at sun.misc.Unsafe.park(Native Method)
        at java.util.concurrent.locks.LockSupport.park(LockSupport.java:175)
        at java.util.concurrent.locks.AbstractQueuedSynchronizer$ConditionObject.await(AbstractQueuedSynchronizer.java:2039)
        at java.util.concurrent.ScheduledThreadPoolExecutor$DelayedWorkQueue.take(ScheduledThreadPoolExecutor.java:1088)
        at java.util.concurrent.ScheduledThreadPoolExecutor$DelayedWorkQueue.take(ScheduledThreadPoolExecutor.java:809)
        at java.util.concurrent.ThreadPoolExecutor.getTask(ThreadPoolExecutor.java:1074)
        at java.util.concurrent.ThreadPoolExecutor.runWorker(ThreadPoolExecutor.java:1134)
        at java.util.concurrent.ThreadPoolExecutor$Worker.run(ThreadPoolExecutor.java:624)
        at java.lang.Thread.run(Thread.java:750)
"Datanode State Machine Task Thread - 1"  prio=5 tid=527 in Object.wait()
java.lang.Thread.State: WAITING (on object monitor)
        at sun.misc.Unsafe.park(Native Method)
        at java.util.concurrent.locks.LockSupport.park(LockSupport.java:175)
        at java.util.concurrent.locks.AbstractQueuedSynchronizer$ConditionObject.await(AbstractQueuedSynchronizer.java:2039)
        at java.util.concurrent.LinkedBlockingQueue.take(LinkedBlockingQueue.java:442)
        at java.util.concurrent.ThreadPoolExecutor.getTask(ThreadPoolExecutor.java:1074)
        at java.util.concurrent.ThreadPoolExecutor.runWorker(ThreadPoolExecutor.java:1134)
        at java.util.concurrent.ThreadPoolExecutor$Worker.run(ThreadPoolExecutor.java:624)
        at java.lang.Thread.run(Thread.java:750)
"StaleRecoveringContainerScrubbingService#1" daemon prio=5 tid=369 in Object.wait()
java.lang.Thread.State: WAITING (on object monitor)
        at sun.misc.Unsafe.park(Native Method)
        at java.util.concurrent.locks.LockSupport.park(LockSupport.java:175)
        at java.util.concurrent.locks.AbstractQueuedSynchronizer$ConditionObject.await(AbstractQueuedSynchronizer.java:2039)
        at java.util.concurrent.ScheduledThreadPoolExecutor$DelayedWorkQueue.take(ScheduledThreadPoolExecutor.java:1088)
        at java.util.concurrent.ScheduledThreadPoolExecutor$DelayedWorkQueue.take(ScheduledThreadPoolExecutor.java:809)
        at java.util.concurrent.ThreadPoolExecutor.getTask(ThreadPoolExecutor.java:1074)
        at java.util.concurrent.ThreadPoolExecutor.runWorker(ThreadPoolExecutor.java:1134)
        at java.util.concurrent.ThreadPoolExecutor$Worker.run(ThreadPoolExecutor.java:624)
        at java.lang.Thread.run(Thread.java:750)
"IPC Server handler 9 on default port 40091" daemon prio=5 tid=55 timed_waiting
java.lang.Thread.State: TIMED_WAITING
        at sun.misc.Unsafe.park(Native Method)
        at java.util.concurrent.locks.LockSupport.parkNanos(LockSupport.java:215)
        at java.util.concurrent.locks.AbstractQueuedSynchronizer$ConditionObject.awaitNanos(AbstractQueuedSynchronizer.java:2078)
        at java.util.concurrent.LinkedBlockingQueue.poll(LinkedBlockingQueue.java:467)
        at org.apache.hadoop.ipc.CallQueueManager.take(CallQueueManager.java:317)
        at org.apache.hadoop.ipc.Server$Handler.run(Server.java:2942)
"qtp1523286511-352" daemon prio=5 tid=352 runnable
java.lang.Thread.State: RUNNABLE
        at sun.nio.ch.EPollArrayWrapper.epollWait(Native Method)
        at sun.nio.ch.EPollArrayWrapper.poll(EPollArrayWrapper.java:269)
        at sun.nio.ch.EPollSelectorImpl.doSelect(EPollSelectorImpl.java:93)
        at sun.nio.ch.SelectorImpl.lockAndDoSelect(SelectorImpl.java:86)
        at sun.nio.ch.SelectorImpl.select(SelectorImpl.java:97)
        at sun.nio.ch.SelectorImpl.select(SelectorImpl.java:101)
        at org.eclipse.jetty.io.ManagedSelector.nioSelect(ManagedSelector.java:183)
        at org.eclipse.jetty.io.ManagedSelector.select(ManagedSelector.java:190)
        at org.eclipse.jetty.io.ManagedSelector$SelectorProducer.select(ManagedSelector.java:606)
        at org.eclipse.jetty.io.ManagedSelector$SelectorProducer.produce(ManagedSelector.java:543)
        at org.eclipse.jetty.util.thread.strategy.EatWhatYouKill.produceTask(EatWhatYouKill.java:362)
        at org.eclipse.jetty.util.thread.strategy.EatWhatYouKill.doProduce(EatWhatYouKill.java:186)
        at org.eclipse.jetty.util.thread.strategy.EatWhatYouKill.tryProduce(EatWhatYouKill.java:173)
        at org.eclipse.jetty.util.thread.strategy.EatWhatYouKill.produce(EatWhatYouKill.java:137)
        at org.eclipse.jetty.io.ManagedSelector$$Lambda$453/333825340.run(Unknown Source)
        at org.eclipse.jetty.util.thread.QueuedThreadPool.runJob(QueuedThreadPool.java:883)
        at org.eclipse.jetty.util.thread.QueuedThreadPool$Runner.run(QueuedThreadPool.java:1034)
        at java.lang.Thread.run(Thread.java:750)
"StaleRecoveringContainerScrubbingService#0" daemon prio=5 tid=446 in Object.wait()
java.lang.Thread.State: WAITING (on object monitor)
        at sun.misc.Unsafe.park(Native Method)
        at java.util.concurrent.locks.LockSupport.park(LockSupport.java:175)
        at java.util.concurrent.locks.AbstractQueuedSynchronizer$ConditionObject.await(AbstractQueuedSynchronizer.java:2039)
        at java.util.concurrent.ScheduledThreadPoolExecutor$DelayedWorkQueue.take(ScheduledThreadPoolExecutor.java:1088)
        at java.util.concurrent.ScheduledThreadPoolExecutor$DelayedWorkQueue.take(ScheduledThreadPoolExecutor.java:809)
        at java.util.concurrent.ThreadPoolExecutor.getTask(ThreadPoolExecutor.java:1074)
        at java.util.concurrent.ThreadPoolExecutor.runWorker(ThreadPoolExecutor.java:1134)
        at java.util.concurrent.ThreadPoolExecutor$Worker.run(ThreadPoolExecutor.java:624)
        at java.lang.Thread.run(Thread.java:750)
"qtp321206983-148" daemon prio=5 tid=148 timed_waiting
java.lang.Thread.State: TIMED_WAITING
        at sun.misc.Unsafe.park(Native Method)
        at java.util.concurrent.locks.LockSupport.parkNanos(LockSupport.java:215)
        at java.util.concurrent.locks.AbstractQueuedSynchronizer$ConditionObject.awaitNanos(AbstractQueuedSynchronizer.java:2078)
        at org.eclipse.jetty.util.BlockingArrayQueue.poll(BlockingArrayQueue.java:382)
        at org.eclipse.jetty.util.thread.QueuedThreadPool$Runner.idleJobPoll(QueuedThreadPool.java:974)
        at org.eclipse.jetty.util.thread.QueuedThreadPool$Runner.run(QueuedThreadPool.java:1018)
        at java.lang.Thread.run(Thread.java:750)
"FixedThreadPoolWithAffinityExecutor-1-0" daemon prio=5 tid=36 timed_waiting
java.lang.Thread.State: TIMED_WAITING
        at sun.misc.Unsafe.park(Native Method)
        at java.util.concurrent.locks.LockSupport.parkNanos(LockSupport.java:215)
        at java.util.concurrent.locks.AbstractQueuedSynchronizer$ConditionObject.awaitNanos(AbstractQueuedSynchronizer.java:2078)
        at java.util.concurrent.LinkedBlockingQueue.poll(LinkedBlockingQueue.java:467)
        at org.apache.hadoop.hdds.scm.server.ContainerReportQueue.poll(ContainerReportQueue.java:266)
        at org.apache.hadoop.hdds.scm.server.ContainerReportQueue.poll(ContainerReportQueue.java:42)
        at org.apache.hadoop.hdds.server.events.FixedThreadPoolWithAffinityExecutor$ContainerReportProcessTask.run(FixedThreadPoolWithAffinityExecutor.java:247)
        at java.util.concurrent.Executors$RunnableAdapter.call(Executors.java:511)
        at java.util.concurrent.FutureTask.run(FutureTask.java:266)
        at java.util.concurrent.ThreadPoolExecutor.runWorker(ThreadPoolExecutor.java:1149)
        at java.util.concurrent.ThreadPoolExecutor$Worker.run(ThreadPoolExecutor.java:624)
        at java.lang.Thread.run(Thread.java:750)
"StaleRecoveringContainerScrubbingService#9" daemon prio=5 tid=1015 in Object.wait()
java.lang.Thread.State: WAITING (on object monitor)
        at sun.misc.Unsafe.park(Native Method)
        at java.util.concurrent.locks.LockSupport.park(LockSupport.java:175)
        at java.util.concurrent.locks.AbstractQueuedSynchronizer$ConditionObject.await(AbstractQueuedSynchronizer.java:2039)
        at java.util.concurrent.ScheduledThreadPoolExecutor$DelayedWorkQueue.take(ScheduledThreadPoolExecutor.java:1088)
        at java.util.concurrent.ScheduledThreadPoolExecutor$DelayedWorkQueue.take(ScheduledThreadPoolExecutor.java:809)
        at java.util.concurrent.ThreadPoolExecutor.getTask(ThreadPoolExecutor.java:1074)
        at java.util.concurrent.ThreadPoolExecutor.runWorker(ThreadPoolExecutor.java:1134)
        at java.util.concurrent.ThreadPoolExecutor$Worker.run(ThreadPoolExecutor.java:624)
        at java.lang.Thread.run(Thread.java:750)
"IPC Server handler 5 on default port 40091" daemon prio=5 tid=51 timed_waiting
java.lang.Thread.State: TIMED_WAITING
        at sun.misc.Unsafe.park(Native Method)
        at java.util.concurrent.locks.LockSupport.parkNanos(LockSupport.java:215)
        at java.util.concurrent.locks.AbstractQueuedSynchronizer$ConditionObject.awaitNanos(AbstractQueuedSynchronizer.java:2078)
        at java.util.concurrent.LinkedBlockingQueue.poll(LinkedBlockingQueue.java:467)
        at org.apache.hadoop.ipc.CallQueueManager.take(CallQueueManager.java:317)
        at org.apache.hadoop.ipc.Server$Handler.run(Server.java:2942)
"StaleRecoveringContainerScrubbingService#7" daemon prio=5 tid=993 in Object.wait()
java.lang.Thread.State: WAITING (on object monitor)
        at sun.misc.Unsafe.park(Native Method)
        at java.util.concurrent.locks.LockSupport.park(LockSupport.java:175)
        at java.util.concurrent.locks.AbstractQueuedSynchronizer$ConditionObject.await(AbstractQueuedSynchronizer.java:2039)
        at java.util.concurrent.ScheduledThreadPoolExecutor$DelayedWorkQueue.take(ScheduledThreadPoolExecutor.java:1088)
        at java.util.concurrent.ScheduledThreadPoolExecutor$DelayedWorkQueue.take(ScheduledThreadPoolExecutor.java:809)
        at java.util.concurrent.ThreadPoolExecutor.getTask(ThreadPoolExecutor.java:1074)
        at java.util.concurrent.ThreadPoolExecutor.runWorker(ThreadPoolExecutor.java:1134)
        at java.util.concurrent.ThreadPoolExecutor$Worker.run(ThreadPoolExecutor.java:624)
        at java.lang.Thread.run(Thread.java:750)
"pool-87-thread-1" daemon prio=5 tid=206 timed_waiting
java.lang.Thread.State: TIMED_WAITING
        at sun.misc.Unsafe.park(Native Method)
        at java.util.concurrent.locks.LockSupport.parkNanos(LockSupport.java:215)
        at java.util.concurrent.locks.AbstractQueuedSynchronizer$ConditionObject.awaitNanos(AbstractQueuedSynchronizer.java:2078)
        at java.util.concurrent.ScheduledThreadPoolExecutor$DelayedWorkQueue.take(ScheduledThreadPoolExecutor.java:1093)
        at java.util.concurrent.ScheduledThreadPoolExecutor$DelayedWorkQueue.take(ScheduledThreadPoolExecutor.java:809)
        at java.util.concurrent.ThreadPoolExecutor.getTask(ThreadPoolExecutor.java:1074)
        at java.util.concurrent.ThreadPoolExecutor.runWorker(ThreadPoolExecutor.java:1134)
        at java.util.concurrent.ThreadPoolExecutor$Worker.run(ThreadPoolExecutor.java:624)
        at java.lang.Thread.run(Thread.java:750)
"StaleRecoveringContainerScrubbingService#9" daemon prio=5 tid=1011 in Object.wait()
java.lang.Thread.State: WAITING (on object monitor)
        at sun.misc.Unsafe.park(Native Method)
        at java.util.concurrent.locks.LockSupport.park(LockSupport.java:175)
        at java.util.concurrent.locks.AbstractQueuedSynchronizer$ConditionObject.await(AbstractQueuedSynchronizer.java:2039)
        at java.util.concurrent.ScheduledThreadPoolExecutor$DelayedWorkQueue.take(ScheduledThreadPoolExecutor.java:1088)
        at java.util.concurrent.ScheduledThreadPoolExecutor$DelayedWorkQueue.take(ScheduledThreadPoolExecutor.java:809)
        at java.util.concurrent.ThreadPoolExecutor.getTask(ThreadPoolExecutor.java:1074)
        at java.util.concurrent.ThreadPoolExecutor.runWorker(ThreadPoolExecutor.java:1134)
        at java.util.concurrent.ThreadPoolExecutor$Worker.run(ThreadPoolExecutor.java:624)
        at java.lang.Thread.run(Thread.java:750)
"EndpointStateMachine task thread for /0.0.0.0:44923 - 0 "  prio=5 tid=565 in Object.wait()
java.lang.Thread.State: WAITING (on object monitor)
        at sun.misc.Unsafe.park(Native Method)
        at java.util.concurrent.locks.LockSupport.park(LockSupport.java:175)
        at java.util.concurrent.locks.AbstractQueuedSynchronizer$ConditionObject.await(AbstractQueuedSynchronizer.java:2039)
        at java.util.concurrent.LinkedBlockingQueue.take(LinkedBlockingQueue.java:442)
        at java.util.concurrent.ThreadPoolExecutor.getTask(ThreadPoolExecutor.java:1074)
        at java.util.concurrent.ThreadPoolExecutor.runWorker(ThreadPoolExecutor.java:1134)
        at java.util.concurrent.ThreadPoolExecutor$Worker.run(ThreadPoolExecutor.java:624)
        at java.lang.Thread.run(Thread.java:750)
"EventQueue-NewNodeForNewNodeHandler" daemon prio=5 tid=521 in Object.wait()
java.lang.Thread.State: WAITING (on object monitor)
        at sun.misc.Unsafe.park(Native Method)
        at java.util.concurrent.locks.LockSupport.park(LockSupport.java:175)
        at java.util.concurrent.locks.AbstractQueuedSynchronizer$ConditionObject.await(AbstractQueuedSynchronizer.java:2039)
        at java.util.concurrent.LinkedBlockingQueue.take(LinkedBlockingQueue.java:442)
        at java.util.concurrent.ThreadPoolExecutor.getTask(ThreadPoolExecutor.java:1074)
        at java.util.concurrent.ThreadPoolExecutor.runWorker(ThreadPoolExecutor.java:1134)
        at java.util.concurrent.ThreadPoolExecutor$Worker.run(ThreadPoolExecutor.java:624)
        at java.lang.Thread.run(Thread.java:750)
"ChunkWriter-3-0" daemon prio=5 tid=514 in Object.wait()
java.lang.Thread.State: WAITING (on object monitor)
        at sun.misc.Unsafe.park(Native Method)
        at java.util.concurrent.locks.LockSupport.park(LockSupport.java:175)
        at java.util.concurrent.locks.AbstractQueuedSynchronizer$ConditionObject.await(AbstractQueuedSynchronizer.java:2039)
        at java.util.concurrent.LinkedBlockingDeque.takeFirst(LinkedBlockingDeque.java:492)
        at java.util.concurrent.LinkedBlockingDeque.take(LinkedBlockingDeque.java:680)
        at java.util.concurrent.ThreadPoolExecutor.getTask(ThreadPoolExecutor.java:1074)
        at java.util.concurrent.ThreadPoolExecutor.runWorker(ThreadPoolExecutor.java:1134)
        at java.util.concurrent.ThreadPoolExecutor$Worker.run(ThreadPoolExecutor.java:624)
        at java.lang.Thread.run(Thread.java:750)
"qtp567908971-188" daemon prio=5 tid=188 timed_waiting
java.lang.Thread.State: TIMED_WAITING
        at sun.misc.Unsafe.park(Native Method)
        at java.util.concurrent.locks.LockSupport.parkNanos(LockSupport.java:215)
        at java.util.concurrent.locks.AbstractQueuedSynchronizer$ConditionObject.awaitNanos(AbstractQueuedSynchronizer.java:2078)
        at org.eclipse.jetty.util.BlockingArrayQueue.poll(BlockingArrayQueue.java:382)
        at org.eclipse.jetty.util.thread.QueuedThreadPool$Runner.idleJobPoll(QueuedThreadPool.java:974)
        at org.eclipse.jetty.util.thread.QueuedThreadPool$Runner.run(QueuedThreadPool.java:1018)
        at java.lang.Thread.run(Thread.java:750)
"93701946-f5e3-4943-a932-e133db5deae9@group-34335D786654->7141d06d-71d8-4a56-9b5d-23c6772b1ac6-GrpcLogAppender-LogAppenderDaemon" daemon prio=5 tid=933 timed_waiting
java.lang.Thread.State: TIMED_WAITING
        at sun.misc.Unsafe.park(Native Method)
        at java.util.concurrent.locks.LockSupport.parkNanos(LockSupport.java:215)
        at java.util.concurrent.locks.AbstractQueuedSynchronizer$ConditionObject.await(AbstractQueuedSynchronizer.java:2163)
        at org.apache.ratis.util.AwaitForSignal.await(AwaitForSignal.java:62)
        at org.apache.ratis.grpc.server.GrpcLogAppender.mayWait(GrpcLogAppender.java:198)
        at org.apache.ratis.grpc.server.GrpcLogAppender.run(GrpcLogAppender.java:148)
        at org.apache.ratis.server.leader.LogAppenderDaemon.run(LogAppenderDaemon.java:78)
        at org.apache.ratis.server.leader.LogAppenderDaemon$$Lambda$1083/883698974.run(Unknown Source)
        at java.lang.Thread.run(Thread.java:750)
"org.apache.hadoop.util.JvmPauseMonitor$Monitor@2a97c4b4" daemon prio=5 tid=495 timed_waiting
java.lang.Thread.State: TIMED_WAITING
        at java.lang.Thread.sleep(Native Method)
        at org.apache.hadoop.util.JvmPauseMonitor$Monitor.run(JvmPauseMonitor.java:192)
        at java.lang.Thread.run(Thread.java:750)
"3f0205b3-740b-4219-bfdb-76da739fef9e-server-thread2" daemon prio=5 tid=954 timed_waiting
java.lang.Thread.State: TIMED_WAITING
        at sun.misc.Unsafe.park(Native Method)
        at java.util.concurrent.locks.LockSupport.parkNanos(LockSupport.java:215)
        at java.util.concurrent.SynchronousQueue$TransferStack.awaitFulfill(SynchronousQueue.java:460)
        at java.util.concurrent.SynchronousQueue$TransferStack.transfer(SynchronousQueue.java:362)
        at java.util.concurrent.SynchronousQueue.poll(SynchronousQueue.java:941)
        at java.util.concurrent.ThreadPoolExecutor.getTask(ThreadPoolExecutor.java:1073)
        at java.util.concurrent.ThreadPoolExecutor.runWorker(ThreadPoolExecutor.java:1134)
        at java.util.concurrent.ThreadPoolExecutor$Worker.run(ThreadPoolExecutor.java:624)
        at java.lang.Thread.run(Thread.java:750)
"Datanode ReportManager Thread - 2" daemon prio=5 tid=374 in Object.wait()
java.lang.Thread.State: WAITING (on object monitor)
        at sun.misc.Unsafe.park(Native Method)
        at java.util.concurrent.locks.LockSupport.park(LockSupport.java:175)
        at java.util.concurrent.locks.AbstractQueuedSynchronizer$ConditionObject.await(AbstractQueuedSynchronizer.java:2039)
        at java.util.concurrent.ScheduledThreadPoolExecutor$DelayedWorkQueue.take(ScheduledThreadPoolExecutor.java:1088)
        at java.util.concurrent.ScheduledThreadPoolExecutor$DelayedWorkQueue.take(ScheduledThreadPoolExecutor.java:809)
        at java.util.concurrent.ThreadPoolExecutor.getTask(ThreadPoolExecutor.java:1074)
        at java.util.concurrent.ThreadPoolExecutor.runWorker(ThreadPoolExecutor.java:1134)
        at java.util.concurrent.ThreadPoolExecutor$Worker.run(ThreadPoolExecutor.java:624)
        at java.lang.Thread.run(Thread.java:750)
"qtp567908971-185" daemon prio=5 tid=185 runnable
java.lang.Thread.State: RUNNABLE
        at sun.nio.ch.EPollArrayWrapper.epollWait(Native Method)
        at sun.nio.ch.EPollArrayWrapper.poll(EPollArrayWrapper.java:269)
        at sun.nio.ch.EPollSelectorImpl.doSelect(EPollSelectorImpl.java:93)
        at sun.nio.ch.SelectorImpl.lockAndDoSelect(SelectorImpl.java:86)
        at sun.nio.ch.SelectorImpl.select(SelectorImpl.java:97)
        at sun.nio.ch.SelectorImpl.select(SelectorImpl.java:101)
        at org.eclipse.jetty.io.ManagedSelector.nioSelect(ManagedSelector.java:183)
        at org.eclipse.jetty.io.ManagedSelector.select(ManagedSelector.java:190)
        at org.eclipse.jetty.io.ManagedSelector$SelectorProducer.select(ManagedSelector.java:606)
        at org.eclipse.jetty.io.ManagedSelector$SelectorProducer.produce(ManagedSelector.java:543)
        at org.eclipse.jetty.util.thread.strategy.EatWhatYouKill.produceTask(EatWhatYouKill.java:362)
        at org.eclipse.jetty.util.thread.strategy.EatWhatYouKill.doProduce(EatWhatYouKill.java:186)
        at org.eclipse.jetty.util.thread.strategy.EatWhatYouKill.tryProduce(EatWhatYouKill.java:173)
        at org.eclipse.jetty.util.thread.strategy.EatWhatYouKill.produce(EatWhatYouKill.java:137)
        at org.eclipse.jetty.io.ManagedSelector$$Lambda$453/333825340.run(Unknown Source)
        at org.eclipse.jetty.util.thread.QueuedThreadPool.runJob(QueuedThreadPool.java:883)
        at org.eclipse.jetty.util.thread.QueuedThreadPool$Runner.run(QueuedThreadPool.java:1034)
        at java.lang.Thread.run(Thread.java:750)
"ChunkWriter-0-0" daemon prio=5 tid=511 in Object.wait()
java.lang.Thread.State: WAITING (on object monitor)
        at sun.misc.Unsafe.park(Native Method)
        at java.util.concurrent.locks.LockSupport.park(LockSupport.java:175)
        at java.util.concurrent.locks.AbstractQueuedSynchronizer$ConditionObject.await(AbstractQueuedSynchronizer.java:2039)
        at java.util.concurrent.LinkedBlockingDeque.takeFirst(LinkedBlockingDeque.java:492)
        at java.util.concurrent.LinkedBlockingDeque.take(LinkedBlockingDeque.java:680)
        at java.util.concurrent.ThreadPoolExecutor.getTask(ThreadPoolExecutor.java:1074)
        at java.util.concurrent.ThreadPoolExecutor.runWorker(ThreadPoolExecutor.java:1134)
        at java.util.concurrent.ThreadPoolExecutor$Worker.run(ThreadPoolExecutor.java:624)
        at java.lang.Thread.run(Thread.java:750)
"4243b07b-dbe8-44bd-919c-c5b59c546d4c-server-thread3" daemon prio=5 tid=953 timed_waiting
java.lang.Thread.State: TIMED_WAITING
        at sun.misc.Unsafe.park(Native Method)
        at java.util.concurrent.locks.LockSupport.parkNanos(LockSupport.java:215)
        at java.util.concurrent.SynchronousQueue$TransferStack.awaitFulfill(SynchronousQueue.java:460)
        at java.util.concurrent.SynchronousQueue$TransferStack.transfer(SynchronousQueue.java:362)
        at java.util.concurrent.SynchronousQueue.poll(SynchronousQueue.java:941)
        at java.util.concurrent.ThreadPoolExecutor.getTask(ThreadPoolExecutor.java:1073)
        at java.util.concurrent.ThreadPoolExecutor.runWorker(ThreadPoolExecutor.java:1134)
        at java.util.concurrent.ThreadPoolExecutor$Worker.run(ThreadPoolExecutor.java:624)
        at java.lang.Thread.run(Thread.java:750)
"IPC Server handler 13 on default port 44923" daemon prio=5 tid=99 timed_waiting
java.lang.Thread.State: TIMED_WAITING
        at sun.misc.Unsafe.park(Native Method)
        at java.util.concurrent.locks.LockSupport.parkNanos(LockSupport.java:215)
        at java.util.concurrent.locks.AbstractQueuedSynchronizer$ConditionObject.awaitNanos(AbstractQueuedSynchronizer.java:2078)
        at java.util.concurrent.LinkedBlockingQueue.poll(LinkedBlockingQueue.java:467)
        at org.apache.hadoop.ipc.CallQueueManager.take(CallQueueManager.java:317)
        at org.apache.hadoop.ipc.Server$Handler.run(Server.java:2942)
"Datanode State Machine Task Thread - 0"  prio=5 tid=231 in Object.wait()
java.lang.Thread.State: WAITING (on object monitor)
        at sun.misc.Unsafe.park(Native Method)
        at java.util.concurrent.locks.LockSupport.park(LockSupport.java:175)
        at java.util.concurrent.locks.AbstractQueuedSynchronizer$ConditionObject.await(AbstractQueuedSynchronizer.java:2039)
        at java.util.concurrent.LinkedBlockingQueue.take(LinkedBlockingQueue.java:442)
        at java.util.concurrent.ThreadPoolExecutor.getTask(ThreadPoolExecutor.java:1074)
        at java.util.concurrent.ThreadPoolExecutor.runWorker(ThreadPoolExecutor.java:1134)
        at java.util.concurrent.ThreadPoolExecutor$Worker.run(ThreadPoolExecutor.java:624)
        at java.lang.Thread.run(Thread.java:750)
"IPC Server handler 4 on default port 38451" daemon prio=5 tid=70 timed_waiting
java.lang.Thread.State: TIMED_WAITING
        at sun.misc.Unsafe.park(Native Method)
        at java.util.concurrent.locks.LockSupport.parkNanos(LockSupport.java:215)
        at java.util.concurrent.locks.AbstractQueuedSynchronizer$ConditionObject.awaitNanos(AbstractQueuedSynchronizer.java:2078)
        at java.util.concurrent.LinkedBlockingQueue.poll(LinkedBlockingQueue.java:467)
        at org.apache.hadoop.ipc.CallQueueManager.take(CallQueueManager.java:317)
        at org.apache.hadoop.ipc.Server$Handler.run(Server.java:2942)
"Datanode ReportManager Thread - 3" daemon prio=5 tid=308 timed_waiting
java.lang.Thread.State: TIMED_WAITING
        at sun.misc.Unsafe.park(Native Method)
        at java.util.concurrent.locks.LockSupport.parkNanos(LockSupport.java:215)
        at java.util.concurrent.locks.AbstractQueuedSynchronizer$ConditionObject.awaitNanos(AbstractQueuedSynchronizer.java:2078)
        at java.util.concurrent.ScheduledThreadPoolExecutor$DelayedWorkQueue.take(ScheduledThreadPoolExecutor.java:1093)
        at java.util.concurrent.ScheduledThreadPoolExecutor$DelayedWorkQueue.take(ScheduledThreadPoolExecutor.java:809)
        at java.util.concurrent.ThreadPoolExecutor.getTask(ThreadPoolExecutor.java:1074)
        at java.util.concurrent.ThreadPoolExecutor.runWorker(ThreadPoolExecutor.java:1134)
        at java.util.concurrent.ThreadPoolExecutor$Worker.run(ThreadPoolExecutor.java:624)
        at java.lang.Thread.run(Thread.java:750)
"Datanode ReportManager Thread - 4" daemon prio=5 tid=255 in Object.wait()
java.lang.Thread.State: WAITING (on object monitor)
        at sun.misc.Unsafe.park(Native Method)
        at java.util.concurrent.locks.LockSupport.park(LockSupport.java:175)
        at java.util.concurrent.locks.AbstractQueuedSynchronizer$ConditionObject.await(AbstractQueuedSynchronizer.java:2039)
        at java.util.concurrent.ScheduledThreadPoolExecutor$DelayedWorkQueue.take(ScheduledThreadPoolExecutor.java:1088)
        at java.util.concurrent.ScheduledThreadPoolExecutor$DelayedWorkQueue.take(ScheduledThreadPoolExecutor.java:809)
        at java.util.concurrent.ThreadPoolExecutor.getTask(ThreadPoolExecutor.java:1074)
        at java.util.concurrent.ThreadPoolExecutor.runWorker(ThreadPoolExecutor.java:1134)
        at java.util.concurrent.ThreadPoolExecutor$Worker.run(ThreadPoolExecutor.java:624)
        at java.lang.Thread.run(Thread.java:750)
"c6074cc5-da23-4fc2-b305-e072798acc5a@group-34335D786654-FollowerState" daemon prio=5 tid=929 timed_waiting
java.lang.Thread.State: TIMED_WAITING
        at java.lang.Thread.sleep(Native Method)
        at java.lang.Thread.sleep(Thread.java:342)
        at java.util.concurrent.TimeUnit.sleep(TimeUnit.java:386)
        at org.apache.ratis.util.TimeDuration.sleep(TimeDuration.java:325)
        at org.apache.ratis.util.TimeDuration.sleep(TimeDuration.java:310)
        at org.apache.ratis.server.impl.FollowerState.run(FollowerState.java:128)
"org.apache.hadoop.ozone.container.common.statemachine.commandhandler.DeleteBlocksCommandHandler$DeleteCmdWorker@500d1d9" daemon prio=5 tid=266 timed_waiting
java.lang.Thread.State: TIMED_WAITING
        at java.lang.Thread.sleep(Native Method)
        at org.apache.hadoop.ozone.container.common.statemachine.commandhandler.DeleteBlocksCommandHandler$DeleteCmdWorker.run(DeleteBlocksCommandHandler.java:184)
        at java.lang.Thread.run(Thread.java:750)
"StaleRecoveringContainerScrubbingService#2" daemon prio=5 tid=716 timed_waiting
java.lang.Thread.State: TIMED_WAITING
        at sun.misc.Unsafe.park(Native Method)
        at java.util.concurrent.locks.LockSupport.parkNanos(LockSupport.java:215)
        at java.util.concurrent.locks.AbstractQueuedSynchronizer$ConditionObject.awaitNanos(AbstractQueuedSynchronizer.java:2078)
        at java.util.concurrent.ScheduledThreadPoolExecutor$DelayedWorkQueue.take(ScheduledThreadPoolExecutor.java:1093)
        at java.util.concurrent.ScheduledThreadPoolExecutor$DelayedWorkQueue.take(ScheduledThreadPoolExecutor.java:809)
        at java.util.concurrent.ThreadPoolExecutor.getTask(ThreadPoolExecutor.java:1074)
        at java.util.concurrent.ThreadPoolExecutor.runWorker(ThreadPoolExecutor.java:1134)
        at java.util.concurrent.ThreadPoolExecutor$Worker.run(ThreadPoolExecutor.java:624)
        at java.lang.Thread.run(Thread.java:750)
"IPC Server handler 2 on default port 44923" daemon prio=5 tid=88 timed_waiting
java.lang.Thread.State: TIMED_WAITING
        at sun.misc.Unsafe.park(Native Method)
        at java.util.concurrent.locks.LockSupport.parkNanos(LockSupport.java:215)
        at java.util.concurrent.locks.AbstractQueuedSynchronizer$ConditionObject.awaitNanos(AbstractQueuedSynchronizer.java:2078)
        at java.util.concurrent.LinkedBlockingQueue.poll(LinkedBlockingQueue.java:467)
        at org.apache.hadoop.ipc.CallQueueManager.take(CallQueueManager.java:317)
        at org.apache.hadoop.ipc.Server$Handler.run(Server.java:2942)
"pool-245-thread-1"  prio=5 tid=388 timed_waiting
java.lang.Thread.State: TIMED_WAITING
        at sun.misc.Unsafe.park(Native Method)
        at java.util.concurrent.locks.LockSupport.parkNanos(LockSupport.java:215)
        at java.util.concurrent.locks.AbstractQueuedSynchronizer$ConditionObject.awaitNanos(AbstractQueuedSynchronizer.java:2078)
        at java.util.concurrent.ScheduledThreadPoolExecutor$DelayedWorkQueue.take(ScheduledThreadPoolExecutor.java:1093)
        at java.util.concurrent.ScheduledThreadPoolExecutor$DelayedWorkQueue.take(ScheduledThreadPoolExecutor.java:809)
        at java.util.concurrent.ThreadPoolExecutor.getTask(ThreadPoolExecutor.java:1074)
        at java.util.concurrent.ThreadPoolExecutor.runWorker(ThreadPoolExecutor.java:1134)
        at java.util.concurrent.ThreadPoolExecutor$Worker.run(ThreadPoolExecutor.java:624)
        at java.lang.Thread.run(Thread.java:750)
"IPC Parameter Sending Thread #0" daemon prio=5 tid=122 timed_waiting
java.lang.Thread.State: TIMED_WAITING
        at sun.misc.Unsafe.park(Native Method)
        at java.util.concurrent.locks.LockSupport.parkNanos(LockSupport.java:215)
        at java.util.concurrent.SynchronousQueue$TransferStack.awaitFulfill(SynchronousQueue.java:460)
        at java.util.concurrent.SynchronousQueue$TransferStack.transfer(SynchronousQueue.java:362)
        at java.util.concurrent.SynchronousQueue.poll(SynchronousQueue.java:941)
        at java.util.concurrent.ThreadPoolExecutor.getTask(ThreadPoolExecutor.java:1073)
        at java.util.concurrent.ThreadPoolExecutor.runWorker(ThreadPoolExecutor.java:1134)
        at java.util.concurrent.ThreadPoolExecutor$Worker.run(ThreadPoolExecutor.java:624)
        at java.lang.Thread.run(Thread.java:750)
"StaleRecoveringContainerScrubbingService#5" daemon prio=5 tid=966 in Object.wait()
java.lang.Thread.State: WAITING (on object monitor)
        at sun.misc.Unsafe.park(Native Method)
        at java.util.concurrent.locks.LockSupport.park(LockSupport.java:175)
        at java.util.concurrent.locks.AbstractQueuedSynchronizer$ConditionObject.await(AbstractQueuedSynchronizer.java:2039)
        at java.util.concurrent.ScheduledThreadPoolExecutor$DelayedWorkQueue.take(ScheduledThreadPoolExecutor.java:1088)
        at java.util.concurrent.ScheduledThreadPoolExecutor$DelayedWorkQueue.take(ScheduledThreadPoolExecutor.java:809)
        at java.util.concurrent.ThreadPoolExecutor.getTask(ThreadPoolExecutor.java:1074)
        at java.util.concurrent.ThreadPoolExecutor.runWorker(ThreadPoolExecutor.java:1134)
        at java.util.concurrent.ThreadPoolExecutor$Worker.run(ThreadPoolExecutor.java:624)
        at java.lang.Thread.run(Thread.java:750)
"ChunkWriter-1-0" daemon prio=5 tid=530 in Object.wait()
java.lang.Thread.State: WAITING (on object monitor)
        at sun.misc.Unsafe.park(Native Method)
        at java.util.concurrent.locks.LockSupport.park(LockSupport.java:175)
        at java.util.concurrent.locks.AbstractQueuedSynchronizer$ConditionObject.await(AbstractQueuedSynchronizer.java:2039)
        at java.util.concurrent.LinkedBlockingDeque.takeFirst(LinkedBlockingDeque.java:492)
        at java.util.concurrent.LinkedBlockingDeque.take(LinkedBlockingDeque.java:680)
        at java.util.concurrent.ThreadPoolExecutor.getTask(ThreadPoolExecutor.java:1074)
        at java.util.concurrent.ThreadPoolExecutor.runWorker(ThreadPoolExecutor.java:1134)
        at java.util.concurrent.ThreadPoolExecutor$Worker.run(ThreadPoolExecutor.java:624)
        at java.lang.Thread.run(Thread.java:750)
"IPC Server Responder" daemon prio=5 tid=30 runnable
java.lang.Thread.State: RUNNABLE
        at sun.nio.ch.EPollArrayWrapper.epollWait(Native Method)
        at sun.nio.ch.EPollArrayWrapper.poll(EPollArrayWrapper.java:269)
        at sun.nio.ch.EPollSelectorImpl.doSelect(EPollSelectorImpl.java:93)
        at sun.nio.ch.SelectorImpl.lockAndDoSelect(SelectorImpl.java:86)
        at sun.nio.ch.SelectorImpl.select(SelectorImpl.java:97)
        at org.apache.hadoop.ipc.Server$Responder.doRunLoop(Server.java:1532)
        at org.apache.hadoop.ipc.Server$Responder.run(Server.java:1515)
"EndpointStateMachine task thread for /0.0.0.0:44923 - 0 "  prio=5 tid=341 in Object.wait()
java.lang.Thread.State: WAITING (on object monitor)
        at sun.misc.Unsafe.park(Native Method)
        at java.util.concurrent.locks.LockSupport.park(LockSupport.java:175)
        at java.util.concurrent.locks.AbstractQueuedSynchronizer$ConditionObject.await(AbstractQueuedSynchronizer.java:2039)
        at java.util.concurrent.LinkedBlockingQueue.take(LinkedBlockingQueue.java:442)
        at java.util.concurrent.ThreadPoolExecutor.getTask(ThreadPoolExecutor.java:1074)
        at java.util.concurrent.ThreadPoolExecutor.runWorker(ThreadPoolExecutor.java:1134)
        at java.util.concurrent.ThreadPoolExecutor$Worker.run(ThreadPoolExecutor.java:624)
        at java.lang.Thread.run(Thread.java:750)
"IPC Server handler 4 on default port 44923" daemon prio=5 tid=90 timed_waiting
java.lang.Thread.State: TIMED_WAITING
        at sun.misc.Unsafe.park(Native Method)
        at java.util.concurrent.locks.LockSupport.parkNanos(LockSupport.java:215)
        at java.util.concurrent.locks.AbstractQueuedSynchronizer$ConditionObject.awaitNanos(AbstractQueuedSynchronizer.java:2078)
        at java.util.concurrent.LinkedBlockingQueue.poll(LinkedBlockingQueue.java:467)
        at org.apache.hadoop.ipc.CallQueueManager.take(CallQueueManager.java:317)
        at org.apache.hadoop.ipc.Server$Handler.run(Server.java:2942)
"BlockDeletingService#2" daemon prio=5 tid=998 in Object.wait()
java.lang.Thread.State: WAITING (on object monitor)
        at sun.misc.Unsafe.park(Native Method)
        at java.util.concurrent.locks.LockSupport.park(LockSupport.java:175)
        at java.util.concurrent.locks.AbstractQueuedSynchronizer$ConditionObject.await(AbstractQueuedSynchronizer.java:2039)
        at java.util.concurrent.ScheduledThreadPoolExecutor$DelayedWorkQueue.take(ScheduledThreadPoolExecutor.java:1088)
        at java.util.concurrent.ScheduledThreadPoolExecutor$DelayedWorkQueue.take(ScheduledThreadPoolExecutor.java:809)
        at java.util.concurrent.ThreadPoolExecutor.getTask(ThreadPoolExecutor.java:1074)
        at java.util.concurrent.ThreadPoolExecutor.runWorker(ThreadPoolExecutor.java:1134)
        at java.util.concurrent.ThreadPoolExecutor$Worker.run(ThreadPoolExecutor.java:624)
        at java.lang.Thread.run(Thread.java:750)
"org.apache.hadoop.util.JvmPauseMonitor$Monitor@2e51cea3" daemon prio=5 tid=284 timed_waiting
java.lang.Thread.State: TIMED_WAITING
        at java.lang.Thread.sleep(Native Method)
        at org.apache.hadoop.util.JvmPauseMonitor$Monitor.run(JvmPauseMonitor.java:192)
        at java.lang.Thread.run(Thread.java:750)
"4243b07b-dbe8-44bd-919c-c5b59c546d4c@group-E790985FDC2A-StateMachineUpdater" daemon prio=5 tid=656 timed_waiting
java.lang.Thread.State: TIMED_WAITING
        at sun.misc.Unsafe.park(Native Method)
        at java.util.concurrent.locks.LockSupport.parkNanos(LockSupport.java:215)
        at java.util.concurrent.locks.AbstractQueuedSynchronizer$ConditionObject.await(AbstractQueuedSynchronizer.java:2163)
        at org.apache.ratis.util.AwaitForSignal.await(AwaitForSignal.java:62)
        at org.apache.ratis.server.impl.StateMachineUpdater.waitForCommit(StateMachineUpdater.java:207)
        at org.apache.ratis.server.impl.StateMachineUpdater.run(StateMachineUpdater.java:176)
        at java.lang.Thread.run(Thread.java:750)
"qtp567908971-187" daemon prio=5 tid=187 timed_waiting
java.lang.Thread.State: TIMED_WAITING
        at sun.misc.Unsafe.park(Native Method)
        at java.util.concurrent.locks.LockSupport.parkNanos(LockSupport.java:215)
        at java.util.concurrent.locks.AbstractQueuedSynchronizer$ConditionObject.awaitNanos(AbstractQueuedSynchronizer.java:2078)
        at org.eclipse.jetty.util.BlockingArrayQueue.poll(BlockingArrayQueue.java:382)
        at org.eclipse.jetty.util.thread.QueuedThreadPool$Runner.idleJobPoll(QueuedThreadPool.java:974)
        at org.eclipse.jetty.util.thread.QueuedThreadPool$Runner.run(QueuedThreadPool.java:1018)
        at java.lang.Thread.run(Thread.java:750)
"ChunkReader-ELG-0" daemon prio=5 tid=504 runnable
java.lang.Thread.State: RUNNABLE
        at org.apache.ratis.thirdparty.io.netty.channel.epoll.Native.epollWait0(Native Method)
        at org.apache.ratis.thirdparty.io.netty.channel.epoll.Native.epollWait(Native.java:182)
        at org.apache.ratis.thirdparty.io.netty.channel.epoll.EpollEventLoop.epollWait(EpollEventLoop.java:290)
        at org.apache.ratis.thirdparty.io.netty.channel.epoll.EpollEventLoop.run(EpollEventLoop.java:354)
        at org.apache.ratis.thirdparty.io.netty.util.concurrent.SingleThreadEventExecutor$4.run(SingleThreadEventExecutor.java:995)
        at org.apache.ratis.thirdparty.io.netty.util.internal.ThreadExecutorMap$2.run(ThreadExecutorMap.java:74)
        at java.lang.Thread.run(Thread.java:750)
"Datanode State Machine Daemon Thread" daemon prio=5 tid=488 timed_waiting
java.lang.Thread.State: TIMED_WAITING
        at java.lang.Thread.sleep(Native Method)
        at org.apache.hadoop.ozone.container.common.statemachine.DatanodeStateMachine.startStateMachineThread(DatanodeStateMachine.java:335)
        at org.apache.hadoop.ozone.container.common.statemachine.DatanodeStateMachine.lambda$startDaemon$0(DatanodeStateMachine.java:520)
        at org.apache.hadoop.ozone.container.common.statemachine.DatanodeStateMachine$$Lambda$782/592559975.run(Unknown Source)
        at java.lang.Thread.run(Thread.java:750)
"pool-63-thread-1" daemon prio=5 tid=178 timed_waiting
java.lang.Thread.State: TIMED_WAITING
        at sun.misc.Unsafe.park(Native Method)
        at java.util.concurrent.locks.LockSupport.parkNanos(LockSupport.java:215)
        at java.util.concurrent.locks.AbstractQueuedSynchronizer$ConditionObject.awaitNanos(AbstractQueuedSynchronizer.java:2078)
        at java.util.concurrent.ScheduledThreadPoolExecutor$DelayedWorkQueue.take(ScheduledThreadPoolExecutor.java:1093)
        at java.util.concurrent.ScheduledThreadPoolExecutor$DelayedWorkQueue.take(ScheduledThreadPoolExecutor.java:809)
        at java.util.concurrent.ThreadPoolExecutor.getTask(ThreadPoolExecutor.java:1074)
        at java.util.concurrent.ThreadPoolExecutor.runWorker(ThreadPoolExecutor.java:1134)
        at java.util.concurrent.ThreadPoolExecutor$Worker.run(ThreadPoolExecutor.java:624)
        at java.lang.Thread.run(Thread.java:750)
"qtp911648712-469" daemon prio=5 tid=469 timed_waiting
java.lang.Thread.State: TIMED_WAITING
        at sun.misc.Unsafe.park(Native Method)
        at java.util.concurrent.locks.LockSupport.parkNanos(LockSupport.java:215)
        at java.util.concurrent.locks.AbstractQueuedSynchronizer$ConditionObject.awaitNanos(AbstractQueuedSynchronizer.java:2078)
        at org.eclipse.jetty.util.BlockingArrayQueue.poll(BlockingArrayQueue.java:382)
        at org.eclipse.jetty.util.thread.QueuedThreadPool$Runner.idleJobPoll(QueuedThreadPool.java:974)
        at org.eclipse.jetty.util.thread.QueuedThreadPool$Runner.run(QueuedThreadPool.java:1018)
        at java.lang.Thread.run(Thread.java:750)
"StaleRecoveringContainerScrubbingService#0" daemon prio=5 tid=407 in Object.wait()
java.lang.Thread.State: WAITING (on object monitor)
        at sun.misc.Unsafe.park(Native Method)
        at java.util.concurrent.locks.LockSupport.park(LockSupport.java:175)
        at java.util.concurrent.locks.AbstractQueuedSynchronizer$ConditionObject.await(AbstractQueuedSynchronizer.java:2039)
        at java.util.concurrent.ScheduledThreadPoolExecutor$DelayedWorkQueue.take(ScheduledThreadPoolExecutor.java:1088)
        at java.util.concurrent.ScheduledThreadPoolExecutor$DelayedWorkQueue.take(ScheduledThreadPoolExecutor.java:809)
        at java.util.concurrent.ThreadPoolExecutor.getTask(ThreadPoolExecutor.java:1074)
        at java.util.concurrent.ThreadPoolExecutor.runWorker(ThreadPoolExecutor.java:1134)
        at java.util.concurrent.ThreadPoolExecutor$Worker.run(ThreadPoolExecutor.java:624)
        at java.lang.Thread.run(Thread.java:750)
"Datanode ReportManager Thread - 4" daemon prio=5 tid=309 timed_waiting
java.lang.Thread.State: TIMED_WAITING
        at sun.misc.Unsafe.park(Native Method)
        at java.util.concurrent.locks.LockSupport.parkNanos(LockSupport.java:215)
        at java.util.concurrent.locks.AbstractQueuedSynchronizer$ConditionObject.awaitNanos(AbstractQueuedSynchronizer.java:2078)
        at java.util.concurrent.ScheduledThreadPoolExecutor$DelayedWorkQueue.take(ScheduledThreadPoolExecutor.java:1093)
        at java.util.concurrent.ScheduledThreadPoolExecutor$DelayedWorkQueue.take(ScheduledThreadPoolExecutor.java:809)
        at java.util.concurrent.ThreadPoolExecutor.getTask(ThreadPoolExecutor.java:1074)
        at java.util.concurrent.ThreadPoolExecutor.runWorker(ThreadPoolExecutor.java:1134)
        at java.util.concurrent.ThreadPoolExecutor$Worker.run(ThreadPoolExecutor.java:624)
        at java.lang.Thread.run(Thread.java:750)
"BlockDeletingService#2" daemon prio=5 tid=992 in Object.wait()
java.lang.Thread.State: WAITING (on object monitor)
        at sun.misc.Unsafe.park(Native Method)
        at java.util.concurrent.locks.LockSupport.park(LockSupport.java:175)
        at java.util.concurrent.locks.AbstractQueuedSynchronizer$ConditionObject.await(AbstractQueuedSynchronizer.java:2039)
        at java.util.concurrent.ScheduledThreadPoolExecutor$DelayedWorkQueue.take(ScheduledThreadPoolExecutor.java:1088)
        at java.util.concurrent.ScheduledThreadPoolExecutor$DelayedWorkQueue.take(ScheduledThreadPoolExecutor.java:809)
        at java.util.concurrent.ThreadPoolExecutor.getTask(ThreadPoolExecutor.java:1074)
        at java.util.concurrent.ThreadPoolExecutor.runWorker(ThreadPoolExecutor.java:1134)
        at java.util.concurrent.ThreadPoolExecutor$Worker.run(ThreadPoolExecutor.java:624)
        at java.lang.Thread.run(Thread.java:750)
"qtp1054378603-247" daemon prio=5 tid=247 timed_waiting
java.lang.Thread.State: TIMED_WAITING
        at sun.misc.Unsafe.park(Native Method)
        at java.util.concurrent.locks.LockSupport.parkNanos(LockSupport.java:215)
        at java.util.concurrent.locks.AbstractQueuedSynchronizer$ConditionObject.awaitNanos(AbstractQueuedSynchronizer.java:2078)
        at org.eclipse.jetty.util.BlockingArrayQueue.poll(BlockingArrayQueue.java:382)
        at org.eclipse.jetty.util.thread.QueuedThreadPool$Runner.idleJobPoll(QueuedThreadPool.java:974)
        at org.eclipse.jetty.util.thread.QueuedThreadPool$Runner.run(QueuedThreadPool.java:1018)
        at java.lang.Thread.run(Thread.java:750)
"Datanode State Machine Daemon Thread" daemon prio=5 tid=304 timed_waiting
java.lang.Thread.State: TIMED_WAITING
        at java.lang.Thread.sleep(Native Method)
        at org.apache.hadoop.ozone.container.common.statemachine.DatanodeStateMachine.startStateMachineThread(DatanodeStateMachine.java:335)
        at org.apache.hadoop.ozone.container.common.statemachine.DatanodeStateMachine.lambda$startDaemon$0(DatanodeStateMachine.java:520)
        at org.apache.hadoop.ozone.container.common.statemachine.DatanodeStateMachine$$Lambda$782/592559975.run(Unknown Source)
        at java.lang.Thread.run(Thread.java:750)
"qtp634480856-324" daemon prio=5 tid=324 timed_waiting
java.lang.Thread.State: TIMED_WAITING
        at sun.misc.Unsafe.park(Native Method)
        at java.util.concurrent.locks.LockSupport.parkNanos(LockSupport.java:215)
        at java.util.concurrent.locks.AbstractQueuedSynchronizer$ConditionObject.awaitNanos(AbstractQueuedSynchronizer.java:2078)
        at org.eclipse.jetty.util.BlockingArrayQueue.poll(BlockingArrayQueue.java:382)
        at org.eclipse.jetty.util.thread.QueuedThreadPool$Runner.idleJobPoll(QueuedThreadPool.java:974)
        at org.eclipse.jetty.util.thread.QueuedThreadPool$Runner.run(QueuedThreadPool.java:1018)
        at java.lang.Thread.run(Thread.java:750)
"Periodic HDDS volume checker" daemon prio=5 tid=314 timed_waiting
java.lang.Thread.State: TIMED_WAITING
        at sun.misc.Unsafe.park(Native Method)
        at java.util.concurrent.locks.LockSupport.parkNanos(LockSupport.java:215)
        at java.util.concurrent.locks.AbstractQueuedSynchronizer$ConditionObject.awaitNanos(AbstractQueuedSynchronizer.java:2078)
        at java.util.concurrent.ScheduledThreadPoolExecutor$DelayedWorkQueue.take(ScheduledThreadPoolExecutor.java:1093)
        at java.util.concurrent.ScheduledThreadPoolExecutor$DelayedWorkQueue.take(ScheduledThreadPoolExecutor.java:809)
        at java.util.concurrent.ThreadPoolExecutor.getTask(ThreadPoolExecutor.java:1074)
        at java.util.concurrent.ThreadPoolExecutor.runWorker(ThreadPoolExecutor.java:1134)
        at java.util.concurrent.ThreadPoolExecutor$Worker.run(ThreadPoolExecutor.java:624)
        at java.lang.Thread.run(Thread.java:750)
"8d5822ee-b1dd-46af-beb1-0638b7fa15fc@group-A2C53E516D65-StateMachineUpdater" daemon prio=5 tid=645 timed_waiting
java.lang.Thread.State: TIMED_WAITING
        at sun.misc.Unsafe.park(Native Method)
        at java.util.concurrent.locks.LockSupport.parkNanos(LockSupport.java:215)
        at java.util.concurrent.locks.AbstractQueuedSynchronizer$ConditionObject.await(AbstractQueuedSynchronizer.java:2163)
        at org.apache.ratis.util.AwaitForSignal.await(AwaitForSignal.java:62)
        at org.apache.ratis.server.impl.StateMachineUpdater.waitForCommit(StateMachineUpdater.java:207)
        at org.apache.ratis.server.impl.StateMachineUpdater.run(StateMachineUpdater.java:176)
        at java.lang.Thread.run(Thread.java:750)
"7141d06d-71d8-4a56-9b5d-23c6772b1ac6-NettyServerStreamRpc-bossGroup--thread1"  prio=5 tid=208 runnable
java.lang.Thread.State: RUNNABLE
        at sun.nio.ch.EPollArrayWrapper.epollWait(Native Method)
        at sun.nio.ch.EPollArrayWrapper.poll(EPollArrayWrapper.java:269)
        at sun.nio.ch.EPollSelectorImpl.doSelect(EPollSelectorImpl.java:93)
        at sun.nio.ch.SelectorImpl.lockAndDoSelect(SelectorImpl.java:86)
        at sun.nio.ch.SelectorImpl.select(SelectorImpl.java:97)
        at sun.nio.ch.SelectorImpl.select(SelectorImpl.java:101)
        at org.apache.ratis.thirdparty.io.netty.channel.nio.SelectedSelectionKeySetSelector.select(SelectedSelectionKeySetSelector.java:68)
        at org.apache.ratis.thirdparty.io.netty.channel.nio.NioEventLoop.select(NioEventLoop.java:813)
        at org.apache.ratis.thirdparty.io.netty.channel.nio.NioEventLoop.run(NioEventLoop.java:460)
        at org.apache.ratis.thirdparty.io.netty.util.concurrent.SingleThreadEventExecutor$4.run(SingleThreadEventExecutor.java:995)
        at org.apache.ratis.thirdparty.io.netty.util.internal.ThreadExecutorMap$2.run(ThreadExecutorMap.java:74)
        at java.lang.Thread.run(Thread.java:750)
"IPC Server handler 3 on default port 44923" daemon prio=5 tid=89 timed_waiting
java.lang.Thread.State: TIMED_WAITING
        at sun.misc.Unsafe.park(Native Method)
        at java.util.concurrent.locks.LockSupport.parkNanos(LockSupport.java:215)
        at java.util.concurrent.locks.AbstractQueuedSynchronizer$ConditionObject.awaitNanos(AbstractQueuedSynchronizer.java:2078)
        at java.util.concurrent.LinkedBlockingQueue.poll(LinkedBlockingQueue.java:467)
        at org.apache.hadoop.ipc.CallQueueManager.take(CallQueueManager.java:317)
        at org.apache.hadoop.ipc.Server$Handler.run(Server.java:2942)
"ChunkReader-1" daemon prio=5 tid=795 in Object.wait()
java.lang.Thread.State: WAITING (on object monitor)
        at sun.misc.Unsafe.park(Native Method)
        at java.util.concurrent.locks.LockSupport.park(LockSupport.java:175)
        at java.util.concurrent.locks.AbstractQueuedSynchronizer$ConditionObject.await(AbstractQueuedSynchronizer.java:2039)
        at java.util.concurrent.LinkedBlockingQueue.take(LinkedBlockingQueue.java:442)
        at java.util.concurrent.ThreadPoolExecutor.getTask(ThreadPoolExecutor.java:1074)
        at java.util.concurrent.ThreadPoolExecutor.runWorker(ThreadPoolExecutor.java:1134)
        at java.util.concurrent.ThreadPoolExecutor$Worker.run(ThreadPoolExecutor.java:624)
        at java.lang.Thread.run(Thread.java:750)
"StaleRecoveringContainerScrubbingService#2" daemon prio=5 tid=775 timed_waiting
java.lang.Thread.State: TIMED_WAITING
        at sun.misc.Unsafe.park(Native Method)
        at java.util.concurrent.locks.LockSupport.parkNanos(LockSupport.java:215)
        at java.util.concurrent.locks.AbstractQueuedSynchronizer$ConditionObject.awaitNanos(AbstractQueuedSynchronizer.java:2078)
        at java.util.concurrent.ScheduledThreadPoolExecutor$DelayedWorkQueue.take(ScheduledThreadPoolExecutor.java:1093)
        at java.util.concurrent.ScheduledThreadPoolExecutor$DelayedWorkQueue.take(ScheduledThreadPoolExecutor.java:809)
        at java.util.concurrent.ThreadPoolExecutor.getTask(ThreadPoolExecutor.java:1074)
        at java.util.concurrent.ThreadPoolExecutor.runWorker(ThreadPoolExecutor.java:1134)
        at java.util.concurrent.ThreadPoolExecutor$Worker.run(ThreadPoolExecutor.java:624)
        at java.lang.Thread.run(Thread.java:750)
"pool-149-thread-1"  prio=5 tid=267 timed_waiting
java.lang.Thread.State: TIMED_WAITING
        at sun.misc.Unsafe.park(Native Method)
        at java.util.concurrent.locks.LockSupport.parkNanos(LockSupport.java:215)
        at java.util.concurrent.locks.AbstractQueuedSynchronizer$ConditionObject.awaitNanos(AbstractQueuedSynchronizer.java:2078)
        at java.util.concurrent.ScheduledThreadPoolExecutor$DelayedWorkQueue.take(ScheduledThreadPoolExecutor.java:1093)
        at java.util.concurrent.ScheduledThreadPoolExecutor$DelayedWorkQueue.take(ScheduledThreadPoolExecutor.java:809)
        at java.util.concurrent.ThreadPoolExecutor.getTask(ThreadPoolExecutor.java:1074)
        at java.util.concurrent.ThreadPoolExecutor.runWorker(ThreadPoolExecutor.java:1134)
        at java.util.concurrent.ThreadPoolExecutor$Worker.run(ThreadPoolExecutor.java:624)
        at java.lang.Thread.run(Thread.java:750)
"Socket Reader #1 for port 0"  prio=5 tid=24 runnable
java.lang.Thread.State: RUNNABLE
        at sun.nio.ch.EPollArrayWrapper.epollWait(Native Method)
        at sun.nio.ch.EPollArrayWrapper.poll(EPollArrayWrapper.java:269)
        at sun.nio.ch.EPollSelectorImpl.doSelect(EPollSelectorImpl.java:93)
        at sun.nio.ch.SelectorImpl.lockAndDoSelect(SelectorImpl.java:86)
        at sun.nio.ch.SelectorImpl.select(SelectorImpl.java:97)
        at sun.nio.ch.SelectorImpl.select(SelectorImpl.java:101)
        at org.apache.hadoop.ipc.Server$Listener$Reader.doRunLoop(Server.java:1296)
        at org.apache.hadoop.ipc.Server$Listener$Reader.run(Server.java:1275)
"IPC Server handler 16 on default port 44923" daemon prio=5 tid=102 timed_waiting
java.lang.Thread.State: TIMED_WAITING
        at sun.misc.Unsafe.park(Native Method)
        at java.util.concurrent.locks.LockSupport.parkNanos(LockSupport.java:215)
        at java.util.concurrent.locks.AbstractQueuedSynchronizer$ConditionObject.awaitNanos(AbstractQueuedSynchronizer.java:2078)
        at java.util.concurrent.LinkedBlockingQueue.poll(LinkedBlockingQueue.java:467)
        at org.apache.hadoop.ipc.CallQueueManager.take(CallQueueManager.java:317)
        at org.apache.hadoop.ipc.Server$Handler.run(Server.java:2942)
"IPC Server handler 3 on default port 38451" daemon prio=5 tid=69 timed_waiting
java.lang.Thread.State: TIMED_WAITING
        at sun.misc.Unsafe.park(Native Method)
        at java.util.concurrent.locks.LockSupport.parkNanos(LockSupport.java:215)
        at java.util.concurrent.locks.AbstractQueuedSynchronizer$ConditionObject.awaitNanos(AbstractQueuedSynchronizer.java:2078)
        at java.util.concurrent.LinkedBlockingQueue.poll(LinkedBlockingQueue.java:467)
        at org.apache.hadoop.ipc.CallQueueManager.take(CallQueueManager.java:317)
        at org.apache.hadoop.ipc.Server$Handler.run(Server.java:2942)
"ChunkWriter-1-0" daemon prio=5 tid=401 in Object.wait()
java.lang.Thread.State: WAITING (on object monitor)
        at sun.misc.Unsafe.park(Native Method)
        at java.util.concurrent.locks.LockSupport.park(LockSupport.java:175)
        at java.util.concurrent.locks.AbstractQueuedSynchronizer$ConditionObject.await(AbstractQueuedSynchronizer.java:2039)
        at java.util.concurrent.LinkedBlockingDeque.takeFirst(LinkedBlockingDeque.java:492)
        at java.util.concurrent.LinkedBlockingDeque.take(LinkedBlockingDeque.java:680)
        at java.util.concurrent.ThreadPoolExecutor.getTask(ThreadPoolExecutor.java:1074)
        at java.util.concurrent.ThreadPoolExecutor.runWorker(ThreadPoolExecutor.java:1134)
        at java.util.concurrent.ThreadPoolExecutor$Worker.run(ThreadPoolExecutor.java:624)
        at java.lang.Thread.run(Thread.java:750)
"8d5822ee-b1dd-46af-beb1-0638b7fa15fc-NettyServerStreamRpc-bossGroup--thread1"  prio=5 tid=291 runnable
java.lang.Thread.State: RUNNABLE
        at sun.nio.ch.EPollArrayWrapper.epollWait(Native Method)
        at sun.nio.ch.EPollArrayWrapper.poll(EPollArrayWrapper.java:269)
        at sun.nio.ch.EPollSelectorImpl.doSelect(EPollSelectorImpl.java:93)
        at sun.nio.ch.SelectorImpl.lockAndDoSelect(SelectorImpl.java:86)
        at sun.nio.ch.SelectorImpl.select(SelectorImpl.java:97)
        at sun.nio.ch.SelectorImpl.select(SelectorImpl.java:101)
        at org.apache.ratis.thirdparty.io.netty.channel.nio.SelectedSelectionKeySetSelector.select(SelectedSelectionKeySetSelector.java:68)
        at org.apache.ratis.thirdparty.io.netty.channel.nio.NioEventLoop.select(NioEventLoop.java:813)
        at org.apache.ratis.thirdparty.io.netty.channel.nio.NioEventLoop.run(NioEventLoop.java:460)
        at org.apache.ratis.thirdparty.io.netty.util.concurrent.SingleThreadEventExecutor$4.run(SingleThreadEventExecutor.java:995)
        at org.apache.ratis.thirdparty.io.netty.util.internal.ThreadExecutorMap$2.run(ThreadExecutorMap.java:74)
        at java.lang.Thread.run(Thread.java:750)
"om1@group-C5BA1605619E-SegmentedRaftLogWorker"  prio=5 tid=135 timed_waiting
java.lang.Thread.State: TIMED_WAITING
        at sun.misc.Unsafe.park(Native Method)
        at java.util.concurrent.locks.LockSupport.parkNanos(LockSupport.java:215)
        at java.util.concurrent.locks.AbstractQueuedSynchronizer$ConditionObject.awaitNanos(AbstractQueuedSynchronizer.java:2078)
        at org.apache.ratis.util.DataBlockingQueue.poll(DataBlockingQueue.java:148)
        at org.apache.ratis.server.raftlog.segmented.SegmentedRaftLogWorker.run(SegmentedRaftLogWorker.java:312)
        at org.apache.ratis.server.raftlog.segmented.SegmentedRaftLogWorker$$Lambda$693/570605234.run(Unknown Source)
        at java.lang.Thread.run(Thread.java:750)
"IPC Server handler 19 on default port 46625" daemon prio=5 tid=173 timed_waiting
java.lang.Thread.State: TIMED_WAITING
        at sun.misc.Unsafe.park(Native Method)
        at java.util.concurrent.locks.LockSupport.parkNanos(LockSupport.java:215)
        at java.util.concurrent.locks.AbstractQueuedSynchronizer$ConditionObject.awaitNanos(AbstractQueuedSynchronizer.java:2078)
        at java.util.concurrent.LinkedBlockingQueue.poll(LinkedBlockingQueue.java:467)
        at org.apache.hadoop.ipc.CallQueueManager.take(CallQueueManager.java:317)
        at org.apache.hadoop.ipc.Server$Handler.run(Server.java:2942)
"Periodic HDDS volume checker" daemon prio=5 tid=343 timed_waiting
java.lang.Thread.State: TIMED_WAITING
        at sun.misc.Unsafe.park(Native Method)
        at java.util.concurrent.locks.LockSupport.parkNanos(LockSupport.java:215)
        at java.util.concurrent.locks.AbstractQueuedSynchronizer$ConditionObject.awaitNanos(AbstractQueuedSynchronizer.java:2078)
        at java.util.concurrent.ScheduledThreadPoolExecutor$DelayedWorkQueue.take(ScheduledThreadPoolExecutor.java:1093)
        at java.util.concurrent.ScheduledThreadPoolExecutor$DelayedWorkQueue.take(ScheduledThreadPoolExecutor.java:809)
        at java.util.concurrent.ThreadPoolExecutor.getTask(ThreadPoolExecutor.java:1074)
        at java.util.concurrent.ThreadPoolExecutor.runWorker(ThreadPoolExecutor.java:1134)
        at java.util.concurrent.ThreadPoolExecutor$Worker.run(ThreadPoolExecutor.java:624)
        at java.lang.Thread.run(Thread.java:750)
"IPC Server handler 6 on default port 44923" daemon prio=5 tid=92 timed_waiting
java.lang.Thread.State: TIMED_WAITING
        at sun.misc.Unsafe.park(Native Method)
        at java.util.concurrent.locks.LockSupport.parkNanos(LockSupport.java:215)
        at java.util.concurrent.locks.AbstractQueuedSynchronizer$ConditionObject.awaitNanos(AbstractQueuedSynchronizer.java:2078)
        at java.util.concurrent.LinkedBlockingQueue.poll(LinkedBlockingQueue.java:467)
        at org.apache.hadoop.ipc.CallQueueManager.take(CallQueueManager.java:317)
        at org.apache.hadoop.ipc.Server$Handler.run(Server.java:2942)
"Periodic HDDS volume checker" daemon prio=5 tid=381 timed_waiting
java.lang.Thread.State: TIMED_WAITING
        at sun.misc.Unsafe.park(Native Method)
        at java.util.concurrent.locks.LockSupport.parkNanos(LockSupport.java:215)
        at java.util.concurrent.locks.AbstractQueuedSynchronizer$ConditionObject.awaitNanos(AbstractQueuedSynchronizer.java:2078)
        at java.util.concurrent.ScheduledThreadPoolExecutor$DelayedWorkQueue.take(ScheduledThreadPoolExecutor.java:1093)
        at java.util.concurrent.ScheduledThreadPoolExecutor$DelayedWorkQueue.take(ScheduledThreadPoolExecutor.java:809)
        at java.util.concurrent.ThreadPoolExecutor.getTask(ThreadPoolExecutor.java:1074)
        at java.util.concurrent.ThreadPoolExecutor.runWorker(ThreadPoolExecutor.java:1134)
        at java.util.concurrent.ThreadPoolExecutor$Worker.run(ThreadPoolExecutor.java:624)
        at java.lang.Thread.run(Thread.java:750)
"DatanodeAdminManager-0" daemon prio=5 tid=21 timed_waiting
java.lang.Thread.State: TIMED_WAITING
        at sun.misc.Unsafe.park(Native Method)
        at java.util.concurrent.locks.LockSupport.parkNanos(LockSupport.java:215)
        at java.util.concurrent.locks.AbstractQueuedSynchronizer$ConditionObject.awaitNanos(AbstractQueuedSynchronizer.java:2078)
        at java.util.concurrent.ScheduledThreadPoolExecutor$DelayedWorkQueue.take(ScheduledThreadPoolExecutor.java:1093)
        at java.util.concurrent.ScheduledThreadPoolExecutor$DelayedWorkQueue.take(ScheduledThreadPoolExecutor.java:809)
        at java.util.concurrent.ThreadPoolExecutor.getTask(ThreadPoolExecutor.java:1074)
        at java.util.concurrent.ThreadPoolExecutor.runWorker(ThreadPoolExecutor.java:1134)
        at java.util.concurrent.ThreadPoolExecutor$Worker.run(ThreadPoolExecutor.java:624)
        at java.lang.Thread.run(Thread.java:750)
"IPC Server handler 11 on default port 40091" daemon prio=5 tid=57 timed_waiting
java.lang.Thread.State: TIMED_WAITING
        at sun.misc.Unsafe.park(Native Method)
        at java.util.concurrent.locks.LockSupport.parkNanos(LockSupport.java:215)
        at java.util.concurrent.locks.AbstractQueuedSynchronizer$ConditionObject.awaitNanos(AbstractQueuedSynchronizer.java:2078)
        at java.util.concurrent.LinkedBlockingQueue.poll(LinkedBlockingQueue.java:467)
        at org.apache.hadoop.ipc.CallQueueManager.take(CallQueueManager.java:317)
        at org.apache.hadoop.ipc.Server$Handler.run(Server.java:2942)
"ChunkReader-0" daemon prio=5 tid=792 in Object.wait()
java.lang.Thread.State: WAITING (on object monitor)
        at sun.misc.Unsafe.park(Native Method)
        at java.util.concurrent.locks.LockSupport.park(LockSupport.java:175)
        at java.util.concurrent.locks.AbstractQueuedSynchronizer$ConditionObject.await(AbstractQueuedSynchronizer.java:2039)
        at java.util.concurrent.LinkedBlockingQueue.take(LinkedBlockingQueue.java:442)
        at java.util.concurrent.ThreadPoolExecutor.getTask(ThreadPoolExecutor.java:1074)
        at java.util.concurrent.ThreadPoolExecutor.runWorker(ThreadPoolExecutor.java:1134)
        at java.util.concurrent.ThreadPoolExecutor$Worker.run(ThreadPoolExecutor.java:624)
        at java.lang.Thread.run(Thread.java:750)
"IPC Server handler 16 on default port 46625" daemon prio=5 tid=170 timed_waiting
java.lang.Thread.State: TIMED_WAITING
        at sun.misc.Unsafe.park(Native Method)
        at java.util.concurrent.locks.LockSupport.parkNanos(LockSupport.java:215)
        at java.util.concurrent.locks.AbstractQueuedSynchronizer$ConditionObject.awaitNanos(AbstractQueuedSynchronizer.java:2078)
        at java.util.concurrent.LinkedBlockingQueue.poll(LinkedBlockingQueue.java:467)
        at org.apache.hadoop.ipc.CallQueueManager.take(CallQueueManager.java:317)
        at org.apache.hadoop.ipc.Server$Handler.run(Server.java:2942)
"EventQueue-DeadNodeForDeadNodeHandler" daemon prio=5 tid=882 in Object.wait()
java.lang.Thread.State: WAITING (on object monitor)
        at sun.misc.Unsafe.park(Native Method)
        at java.util.concurrent.locks.LockSupport.park(LockSupport.java:175)
        at java.util.concurrent.locks.AbstractQueuedSynchronizer$ConditionObject.await(AbstractQueuedSynchronizer.java:2039)
        at java.util.concurrent.LinkedBlockingQueue.take(LinkedBlockingQueue.java:442)
        at java.util.concurrent.ThreadPoolExecutor.getTask(ThreadPoolExecutor.java:1074)
        at java.util.concurrent.ThreadPoolExecutor.runWorker(ThreadPoolExecutor.java:1134)
        at java.util.concurrent.ThreadPoolExecutor$Worker.run(ThreadPoolExecutor.java:624)
        at java.lang.Thread.run(Thread.java:750)
"8d5822ee-b1dd-46af-beb1-0638b7fa15fc-server-thread3" daemon prio=5 tid=851 timed_waiting
java.lang.Thread.State: TIMED_WAITING
        at sun.misc.Unsafe.park(Native Method)
        at java.util.concurrent.locks.LockSupport.parkNanos(LockSupport.java:215)
        at java.util.concurrent.SynchronousQueue$TransferStack.awaitFulfill(SynchronousQueue.java:460)
        at java.util.concurrent.SynchronousQueue$TransferStack.transfer(SynchronousQueue.java:362)
        at java.util.concurrent.SynchronousQueue.poll(SynchronousQueue.java:941)
        at java.util.concurrent.ThreadPoolExecutor.getTask(ThreadPoolExecutor.java:1073)
        at java.util.concurrent.ThreadPoolExecutor.runWorker(ThreadPoolExecutor.java:1134)
        at java.util.concurrent.ThreadPoolExecutor$Worker.run(ThreadPoolExecutor.java:624)
        at java.lang.Thread.run(Thread.java:750)
"ChunkWriter-2-0" daemon prio=5 tid=544 in Object.wait()
java.lang.Thread.State: WAITING (on object monitor)
        at sun.misc.Unsafe.park(Native Method)
        at java.util.concurrent.locks.LockSupport.park(LockSupport.java:175)
        at java.util.concurrent.locks.AbstractQueuedSynchronizer$ConditionObject.await(AbstractQueuedSynchronizer.java:2039)
        at java.util.concurrent.LinkedBlockingDeque.takeFirst(LinkedBlockingDeque.java:492)
        at java.util.concurrent.LinkedBlockingDeque.take(LinkedBlockingDeque.java:680)
        at java.util.concurrent.ThreadPoolExecutor.getTask(ThreadPoolExecutor.java:1074)
        at java.util.concurrent.ThreadPoolExecutor.runWorker(ThreadPoolExecutor.java:1134)
        at java.util.concurrent.ThreadPoolExecutor$Worker.run(ThreadPoolExecutor.java:624)
        at java.lang.Thread.run(Thread.java:750)
"pool-172-thread-1"  prio=5 tid=294 timed_waiting
java.lang.Thread.State: TIMED_WAITING
        at sun.misc.Unsafe.park(Native Method)
        at java.util.concurrent.locks.LockSupport.parkNanos(LockSupport.java:215)
        at java.util.concurrent.locks.AbstractQueuedSynchronizer$ConditionObject.awaitNanos(AbstractQueuedSynchronizer.java:2078)
        at java.util.concurrent.ScheduledThreadPoolExecutor$DelayedWorkQueue.take(ScheduledThreadPoolExecutor.java:1093)
        at java.util.concurrent.ScheduledThreadPoolExecutor$DelayedWorkQueue.take(ScheduledThreadPoolExecutor.java:809)
        at java.util.concurrent.ThreadPoolExecutor.getTask(ThreadPoolExecutor.java:1074)
        at java.util.concurrent.ThreadPoolExecutor.runWorker(ThreadPoolExecutor.java:1134)
        at java.util.concurrent.ThreadPoolExecutor$Worker.run(ThreadPoolExecutor.java:624)
        at java.lang.Thread.run(Thread.java:750)
"4243b07b-dbe8-44bd-919c-c5b59c546d4c@group-2EBEB1ED5A51-StateMachineUpdater" daemon prio=5 tid=633 timed_waiting
java.lang.Thread.State: TIMED_WAITING
        at sun.misc.Unsafe.park(Native Method)
        at java.util.concurrent.locks.LockSupport.parkNanos(LockSupport.java:215)
        at java.util.concurrent.locks.AbstractQueuedSynchronizer$ConditionObject.await(AbstractQueuedSynchronizer.java:2163)
        at org.apache.ratis.util.AwaitForSignal.await(AwaitForSignal.java:62)
        at org.apache.ratis.server.impl.StateMachineUpdater.waitForCommit(StateMachineUpdater.java:207)
        at org.apache.ratis.server.impl.StateMachineUpdater.run(StateMachineUpdater.java:176)
        at java.lang.Thread.run(Thread.java:750)
"IPC Server Responder" daemon prio=5 tid=26 runnable
java.lang.Thread.State: RUNNABLE
        at sun.nio.ch.EPollArrayWrapper.epollWait(Native Method)
        at sun.nio.ch.EPollArrayWrapper.poll(EPollArrayWrapper.java:269)
        at sun.nio.ch.EPollSelectorImpl.doSelect(EPollSelectorImpl.java:93)
        at sun.nio.ch.SelectorImpl.lockAndDoSelect(SelectorImpl.java:86)
        at sun.nio.ch.SelectorImpl.select(SelectorImpl.java:97)
        at org.apache.hadoop.ipc.Server$Responder.doRunLoop(Server.java:1532)
        at org.apache.hadoop.ipc.Server$Responder.run(Server.java:1515)
"StaleRecoveringContainerScrubbingService#3" daemon prio=5 tid=887 in Object.wait()
java.lang.Thread.State: WAITING (on object monitor)
        at sun.misc.Unsafe.park(Native Method)
        at java.util.concurrent.locks.LockSupport.park(LockSupport.java:175)
        at java.util.concurrent.locks.AbstractQueuedSynchronizer$ConditionObject.await(AbstractQueuedSynchronizer.java:2039)
        at java.util.concurrent.ScheduledThreadPoolExecutor$DelayedWorkQueue.take(ScheduledThreadPoolExecutor.java:1088)
        at java.util.concurrent.ScheduledThreadPoolExecutor$DelayedWorkQueue.take(ScheduledThreadPoolExecutor.java:809)
        at java.util.concurrent.ThreadPoolExecutor.getTask(ThreadPoolExecutor.java:1074)
        at java.util.concurrent.ThreadPoolExecutor.runWorker(ThreadPoolExecutor.java:1134)
        at java.util.concurrent.ThreadPoolExecutor$Worker.run(ThreadPoolExecutor.java:624)
        at java.lang.Thread.run(Thread.java:750)
"FullTableCache Cleanup Thread - 0" daemon prio=5 tid=782 in Object.wait()
java.lang.Thread.State: WAITING (on object monitor)
        at sun.misc.Unsafe.park(Native Method)
        at java.util.concurrent.locks.LockSupport.park(LockSupport.java:175)
        at java.util.concurrent.locks.AbstractQueuedSynchronizer$ConditionObject.await(AbstractQueuedSynchronizer.java:2039)
        at java.util.concurrent.LinkedBlockingQueue.take(LinkedBlockingQueue.java:442)
        at java.util.concurrent.ThreadPoolExecutor.getTask(ThreadPoolExecutor.java:1074)
        at java.util.concurrent.ThreadPoolExecutor.runWorker(ThreadPoolExecutor.java:1134)
        at java.util.concurrent.ThreadPoolExecutor$Worker.run(ThreadPoolExecutor.java:624)
        at java.lang.Thread.run(Thread.java:750)
"StaleRecoveringContainerScrubbingService#2" daemon prio=5 tid=707 timed_waiting
java.lang.Thread.State: TIMED_WAITING
        at sun.misc.Unsafe.park(Native Method)
        at java.util.concurrent.locks.LockSupport.parkNanos(LockSupport.java:215)
        at java.util.concurrent.locks.AbstractQueuedSynchronizer$ConditionObject.awaitNanos(AbstractQueuedSynchronizer.java:2078)
        at java.util.concurrent.ScheduledThreadPoolExecutor$DelayedWorkQueue.take(ScheduledThreadPoolExecutor.java:1093)
        at java.util.concurrent.ScheduledThreadPoolExecutor$DelayedWorkQueue.take(ScheduledThreadPoolExecutor.java:809)
        at java.util.concurrent.ThreadPoolExecutor.getTask(ThreadPoolExecutor.java:1074)
        at java.util.concurrent.ThreadPoolExecutor.runWorker(ThreadPoolExecutor.java:1134)
        at java.util.concurrent.ThreadPoolExecutor$Worker.run(ThreadPoolExecutor.java:624)
        at java.lang.Thread.run(Thread.java:750)
"3f0205b3-740b-4219-bfdb-76da739fef9e@group-9526E230C616-StateMachineUpdater" daemon prio=5 tid=626 timed_waiting
java.lang.Thread.State: TIMED_WAITING
        at sun.misc.Unsafe.park(Native Method)
        at java.util.concurrent.locks.LockSupport.parkNanos(LockSupport.java:215)
        at java.util.concurrent.locks.AbstractQueuedSynchronizer$ConditionObject.await(AbstractQueuedSynchronizer.java:2163)
        at org.apache.ratis.util.AwaitForSignal.await(AwaitForSignal.java:62)
        at org.apache.ratis.server.impl.StateMachineUpdater.waitForCommit(StateMachineUpdater.java:207)
        at org.apache.ratis.server.impl.StateMachineUpdater.run(StateMachineUpdater.java:176)
        at java.lang.Thread.run(Thread.java:750)
"7141d06d-71d8-4a56-9b5d-23c6772b1ac6@group-67DBD99A6914-StateMachineUpdater" daemon prio=5 tid=607 timed_waiting
java.lang.Thread.State: TIMED_WAITING
        at sun.misc.Unsafe.park(Native Method)
        at java.util.concurrent.locks.LockSupport.parkNanos(LockSupport.java:215)
        at java.util.concurrent.locks.AbstractQueuedSynchronizer$ConditionObject.await(AbstractQueuedSynchronizer.java:2163)
        at org.apache.ratis.util.AwaitForSignal.await(AwaitForSignal.java:62)
        at org.apache.ratis.server.impl.StateMachineUpdater.waitForCommit(StateMachineUpdater.java:207)
        at org.apache.ratis.server.impl.StateMachineUpdater.run(StateMachineUpdater.java:176)
        at java.lang.Thread.run(Thread.java:750)
"Datanode State Machine Daemon Thread" daemon prio=5 tid=223 timed_waiting
java.lang.Thread.State: TIMED_WAITING
        at java.lang.Thread.sleep(Native Method)
        at org.apache.hadoop.ozone.container.common.statemachine.DatanodeStateMachine.startStateMachineThread(DatanodeStateMachine.java:335)
        at org.apache.hadoop.ozone.container.common.statemachine.DatanodeStateMachine.lambda$startDaemon$0(DatanodeStateMachine.java:520)
        at org.apache.hadoop.ozone.container.common.statemachine.DatanodeStateMachine$$Lambda$782/592559975.run(Unknown Source)
        at java.lang.Thread.run(Thread.java:750)
"FixedThreadPoolWithAffinityExecutor-8-0" daemon prio=5 tid=43 timed_waiting
java.lang.Thread.State: TIMED_WAITING
        at sun.misc.Unsafe.park(Native Method)
        at java.util.concurrent.locks.LockSupport.parkNanos(LockSupport.java:215)
        at java.util.concurrent.locks.AbstractQueuedSynchronizer$ConditionObject.awaitNanos(AbstractQueuedSynchronizer.java:2078)
        at java.util.concurrent.LinkedBlockingQueue.poll(LinkedBlockingQueue.java:467)
        at org.apache.hadoop.hdds.scm.server.ContainerReportQueue.poll(ContainerReportQueue.java:266)
        at org.apache.hadoop.hdds.scm.server.ContainerReportQueue.poll(ContainerReportQueue.java:42)
        at org.apache.hadoop.hdds.server.events.FixedThreadPoolWithAffinityExecutor$ContainerReportProcessTask.run(FixedThreadPoolWithAffinityExecutor.java:247)
        at java.util.concurrent.Executors$RunnableAdapter.call(Executors.java:511)
        at java.util.concurrent.FutureTask.run(FutureTask.java:266)
        at java.util.concurrent.ThreadPoolExecutor.runWorker(ThreadPoolExecutor.java:1149)
        at java.util.concurrent.ThreadPoolExecutor$Worker.run(ThreadPoolExecutor.java:624)
        at java.lang.Thread.run(Thread.java:750)
"StaleRecoveringContainerScrubbingService#8" daemon prio=5 tid=1006 in Object.wait()
java.lang.Thread.State: WAITING (on object monitor)
        at sun.misc.Unsafe.park(Native Method)
        at java.util.concurrent.locks.LockSupport.park(LockSupport.java:175)
        at java.util.concurrent.locks.AbstractQueuedSynchronizer$ConditionObject.await(AbstractQueuedSynchronizer.java:2039)
        at java.util.concurrent.ScheduledThreadPoolExecutor$DelayedWorkQueue.take(ScheduledThreadPoolExecutor.java:1088)
        at java.util.concurrent.ScheduledThreadPoolExecutor$DelayedWorkQueue.take(ScheduledThreadPoolExecutor.java:809)
        at java.util.concurrent.ThreadPoolExecutor.getTask(ThreadPoolExecutor.java:1074)
        at java.util.concurrent.ThreadPoolExecutor.runWorker(ThreadPoolExecutor.java:1134)
        at java.util.concurrent.ThreadPoolExecutor$Worker.run(ThreadPoolExecutor.java:624)
        at java.lang.Thread.run(Thread.java:750)
"3f0205b3-740b-4219-bfdb-76da739fef9e@group-A2C53E516D65-SegmentedRaftLogWorker"  prio=5 tid=640 timed_waiting
java.lang.Thread.State: TIMED_WAITING
        at sun.misc.Unsafe.park(Native Method)
        at java.util.concurrent.locks.LockSupport.parkNanos(LockSupport.java:215)
        at java.util.concurrent.locks.AbstractQueuedSynchronizer$ConditionObject.awaitNanos(AbstractQueuedSynchronizer.java:2078)
        at org.apache.ratis.util.DataBlockingQueue.poll(DataBlockingQueue.java:148)
        at org.apache.ratis.server.raftlog.segmented.SegmentedRaftLogWorker.run(SegmentedRaftLogWorker.java:312)
        at org.apache.ratis.server.raftlog.segmented.SegmentedRaftLogWorker$$Lambda$693/570605234.run(Unknown Source)
        at java.lang.Thread.run(Thread.java:750)
"93701946-f5e3-4943-a932-e133db5deae9@group-67DBD99A6914-SegmentedRaftLogWorker"  prio=5 tid=611 timed_waiting
java.lang.Thread.State: TIMED_WAITING
        at sun.misc.Unsafe.park(Native Method)
        at java.util.concurrent.locks.LockSupport.parkNanos(LockSupport.java:215)
        at java.util.concurrent.locks.AbstractQueuedSynchronizer$ConditionObject.awaitNanos(AbstractQueuedSynchronizer.java:2078)
        at org.apache.ratis.util.DataBlockingQueue.poll(DataBlockingQueue.java:148)
        at org.apache.ratis.server.raftlog.segmented.SegmentedRaftLogWorker.run(SegmentedRaftLogWorker.java:312)
        at org.apache.ratis.server.raftlog.segmented.SegmentedRaftLogWorker$$Lambda$693/570605234.run(Unknown Source)
        at java.lang.Thread.run(Thread.java:750)
"pool-229-thread-1" daemon prio=5 tid=383 timed_waiting
java.lang.Thread.State: TIMED_WAITING
        at sun.misc.Unsafe.park(Native Method)
        at java.util.concurrent.locks.LockSupport.parkNanos(LockSupport.java:215)
        at java.util.concurrent.locks.AbstractQueuedSynchronizer$ConditionObject.awaitNanos(AbstractQueuedSynchronizer.java:2078)
        at java.util.concurrent.ScheduledThreadPoolExecutor$DelayedWorkQueue.take(ScheduledThreadPoolExecutor.java:1093)
        at java.util.concurrent.ScheduledThreadPoolExecutor$DelayedWorkQueue.take(ScheduledThreadPoolExecutor.java:809)
        at java.util.concurrent.ThreadPoolExecutor.getTask(ThreadPoolExecutor.java:1074)
        at java.util.concurrent.ThreadPoolExecutor.runWorker(ThreadPoolExecutor.java:1134)
        at java.util.concurrent.ThreadPoolExecutor$Worker.run(ThreadPoolExecutor.java:624)
        at java.lang.Thread.run(Thread.java:750)
"IPC Server handler 8 on default port 40091" daemon prio=5 tid=54 timed_waiting
java.lang.Thread.State: TIMED_WAITING
        at sun.misc.Unsafe.park(Native Method)
        at java.util.concurrent.locks.LockSupport.parkNanos(LockSupport.java:215)
        at java.util.concurrent.locks.AbstractQueuedSynchronizer$ConditionObject.awaitNanos(AbstractQueuedSynchronizer.java:2078)
        at java.util.concurrent.LinkedBlockingQueue.poll(LinkedBlockingQueue.java:467)
        at org.apache.hadoop.ipc.CallQueueManager.take(CallQueueManager.java:317)
        at org.apache.hadoop.ipc.Server$Handler.run(Server.java:2942)
"Periodic HDDS volume checker" daemon prio=5 tid=459 timed_waiting
java.lang.Thread.State: TIMED_WAITING
        at sun.misc.Unsafe.park(Native Method)
        at java.util.concurrent.locks.LockSupport.parkNanos(LockSupport.java:215)
        at java.util.concurrent.locks.AbstractQueuedSynchronizer$ConditionObject.awaitNanos(AbstractQueuedSynchronizer.java:2078)
        at java.util.concurrent.ScheduledThreadPoolExecutor$DelayedWorkQueue.take(ScheduledThreadPoolExecutor.java:1093)
        at java.util.concurrent.ScheduledThreadPoolExecutor$DelayedWorkQueue.take(ScheduledThreadPoolExecutor.java:809)
        at java.util.concurrent.ThreadPoolExecutor.getTask(ThreadPoolExecutor.java:1074)
        at java.util.concurrent.ThreadPoolExecutor.runWorker(ThreadPoolExecutor.java:1134)
        at java.util.concurrent.ThreadPoolExecutor$Worker.run(ThreadPoolExecutor.java:624)
        at java.lang.Thread.run(Thread.java:750)
"pool-218-thread-1"  prio=5 tid=351 timed_waiting
java.lang.Thread.State: TIMED_WAITING
        at sun.misc.Unsafe.park(Native Method)
        at java.util.concurrent.locks.LockSupport.parkNanos(LockSupport.java:215)
        at java.util.concurrent.locks.AbstractQueuedSynchronizer$ConditionObject.awaitNanos(AbstractQueuedSynchronizer.java:2078)
        at java.util.concurrent.ScheduledThreadPoolExecutor$DelayedWorkQueue.take(ScheduledThreadPoolExecutor.java:1093)
        at java.util.concurrent.ScheduledThreadPoolExecutor$DelayedWorkQueue.take(ScheduledThreadPoolExecutor.java:809)
        at java.util.concurrent.ThreadPoolExecutor.getTask(ThreadPoolExecutor.java:1074)
        at java.util.concurrent.ThreadPoolExecutor.runWorker(ThreadPoolExecutor.java:1134)
        at java.util.concurrent.ThreadPoolExecutor$Worker.run(ThreadPoolExecutor.java:624)
        at java.lang.Thread.run(Thread.java:750)
"IPC Server handler 12 on default port 40091" daemon prio=5 tid=58 timed_waiting
java.lang.Thread.State: TIMED_WAITING
        at sun.misc.Unsafe.park(Native Method)
        at java.util.concurrent.locks.LockSupport.parkNanos(LockSupport.java:215)
        at java.util.concurrent.locks.AbstractQueuedSynchronizer$ConditionObject.awaitNanos(AbstractQueuedSynchronizer.java:2078)
        at java.util.concurrent.LinkedBlockingQueue.poll(LinkedBlockingQueue.java:467)
        at org.apache.hadoop.ipc.CallQueueManager.take(CallQueueManager.java:317)
        at org.apache.hadoop.ipc.Server$Handler.run(Server.java:2942)
"qtp911648712-473" daemon prio=5 tid=473 timed_waiting
java.lang.Thread.State: TIMED_WAITING
        at sun.misc.Unsafe.park(Native Method)
        at java.util.concurrent.locks.LockSupport.parkNanos(LockSupport.java:215)
        at java.util.concurrent.locks.AbstractQueuedSynchronizer$ConditionObject.awaitNanos(AbstractQueuedSynchronizer.java:2078)
        at org.eclipse.jetty.util.BlockingArrayQueue.poll(BlockingArrayQueue.java:382)
        at org.eclipse.jetty.util.thread.QueuedThreadPool$Runner.idleJobPoll(QueuedThreadPool.java:974)
        at org.eclipse.jetty.util.thread.QueuedThreadPool$Runner.run(QueuedThreadPool.java:1018)
        at java.lang.Thread.run(Thread.java:750)
"EventQueue-CommandQueueReportForCommandQueueReportHandler" daemon prio=5 tid=576 in Object.wait()
java.lang.Thread.State: WAITING (on object monitor)
        at sun.misc.Unsafe.park(Native Method)
        at java.util.concurrent.locks.LockSupport.park(LockSupport.java:175)
        at java.util.concurrent.locks.AbstractQueuedSynchronizer$ConditionObject.await(AbstractQueuedSynchronizer.java:2039)
        at java.util.concurrent.LinkedBlockingQueue.take(LinkedBlockingQueue.java:442)
        at java.util.concurrent.ThreadPoolExecutor.getTask(ThreadPoolExecutor.java:1074)
        at java.util.concurrent.ThreadPoolExecutor.runWorker(ThreadPoolExecutor.java:1134)
        at java.util.concurrent.ThreadPoolExecutor$Worker.run(ThreadPoolExecutor.java:624)
        at java.lang.Thread.run(Thread.java:750)
"IPC Server handler 18 on default port 44923" daemon prio=5 tid=104 timed_waiting
java.lang.Thread.State: TIMED_WAITING
        at sun.misc.Unsafe.park(Native Method)
        at java.util.concurrent.locks.LockSupport.parkNanos(LockSupport.java:215)
        at java.util.concurrent.locks.AbstractQueuedSynchronizer$ConditionObject.awaitNanos(AbstractQueuedSynchronizer.java:2078)
        at java.util.concurrent.LinkedBlockingQueue.poll(LinkedBlockingQueue.java:467)
        at org.apache.hadoop.ipc.CallQueueManager.take(CallQueueManager.java:317)
        at org.apache.hadoop.ipc.Server$Handler.run(Server.java:2942)
"cf1032d2-0037-4a0c-94af-232c62b39d0f@group-40958CFD57C9-StateMachineUpdater" daemon prio=5 tid=687 timed_waiting
java.lang.Thread.State: TIMED_WAITING
        at sun.misc.Unsafe.park(Native Method)
        at java.util.concurrent.locks.LockSupport.parkNanos(LockSupport.java:215)
        at java.util.concurrent.locks.AbstractQueuedSynchronizer$ConditionObject.await(AbstractQueuedSynchronizer.java:2163)
        at org.apache.ratis.util.AwaitForSignal.await(AwaitForSignal.java:62)
        at org.apache.ratis.server.impl.StateMachineUpdater.waitForCommit(StateMachineUpdater.java:207)
        at org.apache.ratis.server.impl.StateMachineUpdater.run(StateMachineUpdater.java:176)
        at java.lang.Thread.run(Thread.java:750)
"StaleRecoveringContainerScrubbingService#6" daemon prio=5 tid=976 in Object.wait()
java.lang.Thread.State: WAITING (on object monitor)
        at sun.misc.Unsafe.park(Native Method)
        at java.util.concurrent.locks.LockSupport.park(LockSupport.java:175)
        at java.util.concurrent.locks.AbstractQueuedSynchronizer$ConditionObject.await(AbstractQueuedSynchronizer.java:2039)
        at java.util.concurrent.ScheduledThreadPoolExecutor$DelayedWorkQueue.take(ScheduledThreadPoolExecutor.java:1088)
        at java.util.concurrent.ScheduledThreadPoolExecutor$DelayedWorkQueue.take(ScheduledThreadPoolExecutor.java:809)
        at java.util.concurrent.ThreadPoolExecutor.getTask(ThreadPoolExecutor.java:1074)
        at java.util.concurrent.ThreadPoolExecutor.runWorker(ThreadPoolExecutor.java:1134)
        at java.util.concurrent.ThreadPoolExecutor$Worker.run(ThreadPoolExecutor.java:624)
        at java.lang.Thread.run(Thread.java:750)
"7141d06d-71d8-4a56-9b5d-23c6772b1ac6@group-7F17D7D56448-StateMachineUpdater" daemon prio=5 tid=592 timed_waiting
java.lang.Thread.State: TIMED_WAITING
        at sun.misc.Unsafe.park(Native Method)
        at java.util.concurrent.locks.LockSupport.parkNanos(LockSupport.java:215)
        at java.util.concurrent.locks.AbstractQueuedSynchronizer$ConditionObject.await(AbstractQueuedSynchronizer.java:2163)
        at org.apache.ratis.util.AwaitForSignal.await(AwaitForSignal.java:62)
        at org.apache.ratis.server.impl.StateMachineUpdater.waitForCommit(StateMachineUpdater.java:207)
        at org.apache.ratis.server.impl.StateMachineUpdater.run(StateMachineUpdater.java:176)
        at java.lang.Thread.run(Thread.java:750)
"org.apache.hadoop.util.JvmPauseMonitor$Monitor@c5ac0a9" daemon prio=5 tid=338 timed_waiting
java.lang.Thread.State: TIMED_WAITING
        at java.lang.Thread.sleep(Native Method)
        at org.apache.hadoop.util.JvmPauseMonitor$Monitor.run(JvmPauseMonitor.java:192)
        at java.lang.Thread.run(Thread.java:750)
"BlockDeletingService#1" daemon prio=5 tid=409 timed_waiting
java.lang.Thread.State: TIMED_WAITING
        at sun.misc.Unsafe.park(Native Method)
        at java.util.concurrent.locks.LockSupport.parkNanos(LockSupport.java:215)
        at java.util.concurrent.locks.AbstractQueuedSynchronizer$ConditionObject.awaitNanos(AbstractQueuedSynchronizer.java:2078)
        at java.util.concurrent.ScheduledThreadPoolExecutor$DelayedWorkQueue.take(ScheduledThreadPoolExecutor.java:1093)
        at java.util.concurrent.ScheduledThreadPoolExecutor$DelayedWorkQueue.take(ScheduledThreadPoolExecutor.java:809)
        at java.util.concurrent.ThreadPoolExecutor.getTask(ThreadPoolExecutor.java:1074)
        at java.util.concurrent.ThreadPoolExecutor.runWorker(ThreadPoolExecutor.java:1134)
        at java.util.concurrent.ThreadPoolExecutor$Worker.run(ThreadPoolExecutor.java:624)
        at java.lang.Thread.run(Thread.java:750)
"ChunkReader-0" daemon prio=5 tid=790 in Object.wait()
java.lang.Thread.State: WAITING (on object monitor)
        at sun.misc.Unsafe.park(Native Method)
        at java.util.concurrent.locks.LockSupport.park(LockSupport.java:175)
        at java.util.concurrent.locks.AbstractQueuedSynchronizer$ConditionObject.await(AbstractQueuedSynchronizer.java:2039)
        at java.util.concurrent.LinkedBlockingQueue.take(LinkedBlockingQueue.java:442)
        at java.util.concurrent.ThreadPoolExecutor.getTask(ThreadPoolExecutor.java:1074)
        at java.util.concurrent.ThreadPoolExecutor.runWorker(ThreadPoolExecutor.java:1134)
        at java.util.concurrent.ThreadPoolExecutor$Worker.run(ThreadPoolExecutor.java:624)
        at java.lang.Thread.run(Thread.java:750)
"ChunkWriter-3-0" daemon prio=5 tid=442 in Object.wait()
java.lang.Thread.State: WAITING (on object monitor)
        at sun.misc.Unsafe.park(Native Method)
        at java.util.concurrent.locks.LockSupport.park(LockSupport.java:175)
        at java.util.concurrent.locks.AbstractQueuedSynchronizer$ConditionObject.await(AbstractQueuedSynchronizer.java:2039)
        at java.util.concurrent.LinkedBlockingDeque.takeFirst(LinkedBlockingDeque.java:492)
        at java.util.concurrent.LinkedBlockingDeque.take(LinkedBlockingDeque.java:680)
        at java.util.concurrent.ThreadPoolExecutor.getTask(ThreadPoolExecutor.java:1074)
        at java.util.concurrent.ThreadPoolExecutor.runWorker(ThreadPoolExecutor.java:1134)
        at java.util.concurrent.ThreadPoolExecutor$Worker.run(ThreadPoolExecutor.java:624)
        at java.lang.Thread.run(Thread.java:750)
"Session-HouseKeeper-6e997547-1"  prio=5 tid=303 timed_waiting
java.lang.Thread.State: TIMED_WAITING
        at sun.misc.Unsafe.park(Native Method)
        at java.util.concurrent.locks.LockSupport.parkNanos(LockSupport.java:215)
        at java.util.concurrent.locks.AbstractQueuedSynchronizer$ConditionObject.awaitNanos(AbstractQueuedSynchronizer.java:2078)
        at java.util.concurrent.ScheduledThreadPoolExecutor$DelayedWorkQueue.take(ScheduledThreadPoolExecutor.java:1093)
        at java.util.concurrent.ScheduledThreadPoolExecutor$DelayedWorkQueue.take(ScheduledThreadPoolExecutor.java:809)
        at java.util.concurrent.ThreadPoolExecutor.getTask(ThreadPoolExecutor.java:1074)
        at java.util.concurrent.ThreadPoolExecutor.runWorker(ThreadPoolExecutor.java:1134)
        at java.util.concurrent.ThreadPoolExecutor$Worker.run(ThreadPoolExecutor.java:624)
        at java.lang.Thread.run(Thread.java:750)
"StaleRecoveringContainerScrubbingService#2" daemon prio=5 tid=697 timed_waiting
java.lang.Thread.State: TIMED_WAITING
        at sun.misc.Unsafe.park(Native Method)
        at java.util.concurrent.locks.LockSupport.parkNanos(LockSupport.java:215)
        at java.util.concurrent.locks.AbstractQueuedSynchronizer$ConditionObject.awaitNanos(AbstractQueuedSynchronizer.java:2078)
        at java.util.concurrent.ScheduledThreadPoolExecutor$DelayedWorkQueue.take(ScheduledThreadPoolExecutor.java:1093)
        at java.util.concurrent.ScheduledThreadPoolExecutor$DelayedWorkQueue.take(ScheduledThreadPoolExecutor.java:809)
        at java.util.concurrent.ThreadPoolExecutor.getTask(ThreadPoolExecutor.java:1074)
        at java.util.concurrent.ThreadPoolExecutor.runWorker(ThreadPoolExecutor.java:1134)
        at java.util.concurrent.ThreadPoolExecutor$Worker.run(ThreadPoolExecutor.java:624)
        at java.lang.Thread.run(Thread.java:750)
"ChunkReader-1" daemon prio=5 tid=805 in Object.wait()
java.lang.Thread.State: WAITING (on object monitor)
        at sun.misc.Unsafe.park(Native Method)
        at java.util.concurrent.locks.LockSupport.park(LockSupport.java:175)
        at java.util.concurrent.locks.AbstractQueuedSynchronizer$ConditionObject.await(AbstractQueuedSynchronizer.java:2039)
        at java.util.concurrent.LinkedBlockingQueue.take(LinkedBlockingQueue.java:442)
        at java.util.concurrent.ThreadPoolExecutor.getTask(ThreadPoolExecutor.java:1074)
        at java.util.concurrent.ThreadPoolExecutor.runWorker(ThreadPoolExecutor.java:1134)
        at java.util.concurrent.ThreadPoolExecutor$Worker.run(ThreadPoolExecutor.java:624)
        at java.lang.Thread.run(Thread.java:750)
"7141d06d-71d8-4a56-9b5d-23c6772b1ac6-server-thread2" daemon prio=5 tid=935 timed_waiting
java.lang.Thread.State: TIMED_WAITING
        at sun.misc.Unsafe.park(Native Method)
        at java.util.concurrent.locks.LockSupport.parkNanos(LockSupport.java:215)
        at java.util.concurrent.SynchronousQueue$TransferStack.awaitFulfill(SynchronousQueue.java:460)
        at java.util.concurrent.SynchronousQueue$TransferStack.transfer(SynchronousQueue.java:362)
        at java.util.concurrent.SynchronousQueue.poll(SynchronousQueue.java:941)
        at java.util.concurrent.ThreadPoolExecutor.getTask(ThreadPoolExecutor.java:1073)
        at java.util.concurrent.ThreadPoolExecutor.runWorker(ThreadPoolExecutor.java:1134)
        at java.util.concurrent.ThreadPoolExecutor$Worker.run(ThreadPoolExecutor.java:624)
        at java.lang.Thread.run(Thread.java:750)
"StaleRecoveringContainerScrubbingService#4" daemon prio=5 tid=957 in Object.wait()
java.lang.Thread.State: WAITING (on object monitor)
        at sun.misc.Unsafe.park(Native Method)
        at java.util.concurrent.locks.LockSupport.park(LockSupport.java:175)
        at java.util.concurrent.locks.AbstractQueuedSynchronizer$ConditionObject.await(AbstractQueuedSynchronizer.java:2039)
        at java.util.concurrent.ScheduledThreadPoolExecutor$DelayedWorkQueue.take(ScheduledThreadPoolExecutor.java:1088)
        at java.util.concurrent.ScheduledThreadPoolExecutor$DelayedWorkQueue.take(ScheduledThreadPoolExecutor.java:809)
        at java.util.concurrent.ThreadPoolExecutor.getTask(ThreadPoolExecutor.java:1074)
        at java.util.concurrent.ThreadPoolExecutor.runWorker(ThreadPoolExecutor.java:1134)
        at java.util.concurrent.ThreadPoolExecutor$Worker.run(ThreadPoolExecutor.java:624)
        at java.lang.Thread.run(Thread.java:750)
"pool-202-thread-1" daemon prio=5 tid=345 timed_waiting
java.lang.Thread.State: TIMED_WAITING
        at sun.misc.Unsafe.park(Native Method)
        at java.util.concurrent.locks.LockSupport.parkNanos(LockSupport.java:215)
        at java.util.concurrent.locks.AbstractQueuedSynchronizer$ConditionObject.awaitNanos(AbstractQueuedSynchronizer.java:2078)
        at java.util.concurrent.ScheduledThreadPoolExecutor$DelayedWorkQueue.take(ScheduledThreadPoolExecutor.java:1093)
        at java.util.concurrent.ScheduledThreadPoolExecutor$DelayedWorkQueue.take(ScheduledThreadPoolExecutor.java:809)
        at java.util.concurrent.ThreadPoolExecutor.getTask(ThreadPoolExecutor.java:1074)
        at java.util.concurrent.ThreadPoolExecutor.runWorker(ThreadPoolExecutor.java:1134)
        at java.util.concurrent.ThreadPoolExecutor$Worker.run(ThreadPoolExecutor.java:624)
        at java.lang.Thread.run(Thread.java:750)
"7141d06d-71d8-4a56-9b5d-23c6772b1ac6@group-34335D786654-SegmentedRaftLogWorker"  prio=5 tid=593 timed_waiting
java.lang.Thread.State: TIMED_WAITING
        at sun.misc.Unsafe.park(Native Method)
        at java.util.concurrent.locks.LockSupport.parkNanos(LockSupport.java:215)
        at java.util.concurrent.locks.AbstractQueuedSynchronizer$ConditionObject.awaitNanos(AbstractQueuedSynchronizer.java:2078)
        at org.apache.ratis.util.DataBlockingQueue.poll(DataBlockingQueue.java:148)
        at org.apache.ratis.server.raftlog.segmented.SegmentedRaftLogWorker.run(SegmentedRaftLogWorker.java:312)
        at org.apache.ratis.server.raftlog.segmented.SegmentedRaftLogWorker$$Lambda$693/570605234.run(Unknown Source)
        at java.lang.Thread.run(Thread.java:750)
"Session-HouseKeeper-42fe8be4-1"  prio=5 tid=475 timed_waiting
java.lang.Thread.State: TIMED_WAITING
        at sun.misc.Unsafe.park(Native Method)
        at java.util.concurrent.locks.LockSupport.parkNanos(LockSupport.java:215)
        at java.util.concurrent.locks.AbstractQueuedSynchronizer$ConditionObject.awaitNanos(AbstractQueuedSynchronizer.java:2078)
        at java.util.concurrent.ScheduledThreadPoolExecutor$DelayedWorkQueue.take(ScheduledThreadPoolExecutor.java:1093)
        at java.util.concurrent.ScheduledThreadPoolExecutor$DelayedWorkQueue.take(ScheduledThreadPoolExecutor.java:809)
        at java.util.concurrent.ThreadPoolExecutor.getTask(ThreadPoolExecutor.java:1074)
        at java.util.concurrent.ThreadPoolExecutor.runWorker(ThreadPoolExecutor.java:1134)
        at java.util.concurrent.ThreadPoolExecutor$Worker.run(ThreadPoolExecutor.java:624)
        at java.lang.Thread.run(Thread.java:750)
"StaleRecoveringContainerScrubbingService#3" daemon prio=5 tid=910 in Object.wait()
java.lang.Thread.State: WAITING (on object monitor)
        at sun.misc.Unsafe.park(Native Method)
        at java.util.concurrent.locks.LockSupport.park(LockSupport.java:175)
        at java.util.concurrent.locks.AbstractQueuedSynchronizer$ConditionObject.await(AbstractQueuedSynchronizer.java:2039)
        at java.util.concurrent.ScheduledThreadPoolExecutor$DelayedWorkQueue.take(ScheduledThreadPoolExecutor.java:1088)
        at java.util.concurrent.ScheduledThreadPoolExecutor$DelayedWorkQueue.take(ScheduledThreadPoolExecutor.java:809)
        at java.util.concurrent.ThreadPoolExecutor.getTask(ThreadPoolExecutor.java:1074)
        at java.util.concurrent.ThreadPoolExecutor.runWorker(ThreadPoolExecutor.java:1134)
        at java.util.concurrent.ThreadPoolExecutor$Worker.run(ThreadPoolExecutor.java:624)
        at java.lang.Thread.run(Thread.java:750)
"qtp343592684-114" daemon prio=5 tid=114 timed_waiting
java.lang.Thread.State: TIMED_WAITING
        at sun.misc.Unsafe.park(Native Method)
        at java.util.concurrent.locks.LockSupport.parkNanos(LockSupport.java:215)
        at java.util.concurrent.locks.AbstractQueuedSynchronizer$ConditionObject.awaitNanos(AbstractQueuedSynchronizer.java:2078)
        at org.eclipse.jetty.util.BlockingArrayQueue.poll(BlockingArrayQueue.java:382)
        at org.eclipse.jetty.util.thread.QueuedThreadPool$Runner.idleJobPoll(QueuedThreadPool.java:974)
        at org.eclipse.jetty.util.thread.QueuedThreadPool$Runner.run(QueuedThreadPool.java:1018)
        at java.lang.Thread.run(Thread.java:750)
"IPC Server idle connection scanner for port 38451" daemon prio=5 tid=29 timed_waiting
java.lang.Thread.State: TIMED_WAITING
        at java.lang.Object.wait(Native Method)
        at java.util.TimerThread.mainLoop(Timer.java:552)
        at java.util.TimerThread.run(Timer.java:505)
"pool-103-thread-1"  prio=5 tid=211 timed_waiting
java.lang.Thread.State: TIMED_WAITING
        at sun.misc.Unsafe.park(Native Method)
        at java.util.concurrent.locks.LockSupport.parkNanos(LockSupport.java:215)
        at java.util.concurrent.locks.AbstractQueuedSynchronizer$ConditionObject.awaitNanos(AbstractQueuedSynchronizer.java:2078)
        at java.util.concurrent.ScheduledThreadPoolExecutor$DelayedWorkQueue.take(ScheduledThreadPoolExecutor.java:1093)
        at java.util.concurrent.ScheduledThreadPoolExecutor$DelayedWorkQueue.take(ScheduledThreadPoolExecutor.java:809)
        at java.util.concurrent.ThreadPoolExecutor.getTask(ThreadPoolExecutor.java:1074)
        at java.util.concurrent.ThreadPoolExecutor.runWorker(ThreadPoolExecutor.java:1134)
        at java.util.concurrent.ThreadPoolExecutor$Worker.run(ThreadPoolExecutor.java:624)
        at java.lang.Thread.run(Thread.java:750)
"3f0205b3-740b-4219-bfdb-76da739fef9e@group-2EBEB1ED5A51->4243b07b-dbe8-44bd-919c-c5b59c546d4c-GrpcLogAppender-LogAppenderDaemon" daemon prio=5 tid=843 timed_waiting
java.lang.Thread.State: TIMED_WAITING
        at sun.misc.Unsafe.park(Native Method)
        at java.util.concurrent.locks.LockSupport.parkNanos(LockSupport.java:215)
        at java.util.concurrent.locks.AbstractQueuedSynchronizer$ConditionObject.await(AbstractQueuedSynchronizer.java:2163)
        at org.apache.ratis.util.AwaitForSignal.await(AwaitForSignal.java:62)
        at org.apache.ratis.grpc.server.GrpcLogAppender.mayWait(GrpcLogAppender.java:198)
        at org.apache.ratis.grpc.server.GrpcLogAppender.run(GrpcLogAppender.java:148)
        at org.apache.ratis.server.leader.LogAppenderDaemon.run(LogAppenderDaemon.java:78)
        at org.apache.ratis.server.leader.LogAppenderDaemon$$Lambda$1083/883698974.run(Unknown Source)
        at java.lang.Thread.run(Thread.java:750)
"org.apache.hadoop.util.JvmPauseMonitor$Monitor@4df328af" daemon prio=5 tid=257 timed_waiting
java.lang.Thread.State: TIMED_WAITING
        at java.lang.Thread.sleep(Native Method)
        at org.apache.hadoop.util.JvmPauseMonitor$Monitor.run(JvmPauseMonitor.java:192)
        at java.lang.Thread.run(Thread.java:750)
"ChunkWriter-0-0" daemon prio=5 tid=361 in Object.wait()
java.lang.Thread.State: WAITING (on object monitor)
        at sun.misc.Unsafe.park(Native Method)
        at java.util.concurrent.locks.LockSupport.park(LockSupport.java:175)
        at java.util.concurrent.locks.AbstractQueuedSynchronizer$ConditionObject.await(AbstractQueuedSynchronizer.java:2039)
        at java.util.concurrent.LinkedBlockingDeque.takeFirst(LinkedBlockingDeque.java:492)
        at java.util.concurrent.LinkedBlockingDeque.take(LinkedBlockingDeque.java:680)
        at java.util.concurrent.ThreadPoolExecutor.getTask(ThreadPoolExecutor.java:1074)
        at java.util.concurrent.ThreadPoolExecutor.runWorker(ThreadPoolExecutor.java:1134)
        at java.util.concurrent.ThreadPoolExecutor$Worker.run(ThreadPoolExecutor.java:624)
        at java.lang.Thread.run(Thread.java:750)
"Datanode ReportManager Thread - 2" daemon prio=5 tid=197 in Object.wait()
java.lang.Thread.State: WAITING (on object monitor)
        at sun.misc.Unsafe.park(Native Method)
        at java.util.concurrent.locks.LockSupport.park(LockSupport.java:175)
        at java.util.concurrent.locks.AbstractQueuedSynchronizer$ConditionObject.await(AbstractQueuedSynchronizer.java:2039)
        at java.util.concurrent.ScheduledThreadPoolExecutor$DelayedWorkQueue.take(ScheduledThreadPoolExecutor.java:1088)
        at java.util.concurrent.ScheduledThreadPoolExecutor$DelayedWorkQueue.take(ScheduledThreadPoolExecutor.java:809)
        at java.util.concurrent.ThreadPoolExecutor.getTask(ThreadPoolExecutor.java:1074)
        at java.util.concurrent.ThreadPoolExecutor.runWorker(ThreadPoolExecutor.java:1134)
        at java.util.concurrent.ThreadPoolExecutor$Worker.run(ThreadPoolExecutor.java:624)
        at java.lang.Thread.run(Thread.java:750)
"EndpointStateMachine task thread for /0.0.0.0:44923 - 0 "  prio=5 tid=541 in Object.wait()
java.lang.Thread.State: WAITING (on object monitor)
        at sun.misc.Unsafe.park(Native Method)
        at java.util.concurrent.locks.LockSupport.park(LockSupport.java:175)
        at java.util.concurrent.locks.AbstractQueuedSynchronizer$ConditionObject.await(AbstractQueuedSynchronizer.java:2039)
        at java.util.concurrent.LinkedBlockingQueue.take(LinkedBlockingQueue.java:442)
        at java.util.concurrent.ThreadPoolExecutor.getTask(ThreadPoolExecutor.java:1074)
        at java.util.concurrent.ThreadPoolExecutor.runWorker(ThreadPoolExecutor.java:1134)
        at java.util.concurrent.ThreadPoolExecutor$Worker.run(ThreadPoolExecutor.java:624)
        at java.lang.Thread.run(Thread.java:750)
"Datanode ReportManager Thread - 2" daemon prio=5 tid=413 timed_waiting
java.lang.Thread.State: TIMED_WAITING
        at sun.misc.Unsafe.park(Native Method)
        at java.util.concurrent.locks.LockSupport.parkNanos(LockSupport.java:215)
        at java.util.concurrent.locks.AbstractQueuedSynchronizer$ConditionObject.awaitNanos(AbstractQueuedSynchronizer.java:2078)
        at java.util.concurrent.ScheduledThreadPoolExecutor$DelayedWorkQueue.take(ScheduledThreadPoolExecutor.java:1093)
        at java.util.concurrent.ScheduledThreadPoolExecutor$DelayedWorkQueue.take(ScheduledThreadPoolExecutor.java:809)
        at java.util.concurrent.ThreadPoolExecutor.getTask(ThreadPoolExecutor.java:1074)
        at java.util.concurrent.ThreadPoolExecutor.runWorker(ThreadPoolExecutor.java:1134)
        at java.util.concurrent.ThreadPoolExecutor$Worker.run(ThreadPoolExecutor.java:624)
        at java.lang.Thread.run(Thread.java:750)
"IPC Server listener on 0" daemon prio=5 tid=27 runnable
java.lang.Thread.State: RUNNABLE
        at sun.nio.ch.EPollArrayWrapper.epollWait(Native Method)
        at sun.nio.ch.EPollArrayWrapper.poll(EPollArrayWrapper.java:269)
        at sun.nio.ch.EPollSelectorImpl.doSelect(EPollSelectorImpl.java:93)
        at sun.nio.ch.SelectorImpl.lockAndDoSelect(SelectorImpl.java:86)
        at sun.nio.ch.SelectorImpl.select(SelectorImpl.java:97)
        at sun.nio.ch.SelectorImpl.select(SelectorImpl.java:101)
        at org.apache.hadoop.ipc.Server$Listener.run(Server.java:1358)
"FixedThreadPoolWithAffinityExecutor-6-0" daemon prio=5 tid=41 timed_waiting
java.lang.Thread.State: TIMED_WAITING
        at sun.misc.Unsafe.park(Native Method)
        at java.util.concurrent.locks.LockSupport.parkNanos(LockSupport.java:215)
        at java.util.concurrent.locks.AbstractQueuedSynchronizer$ConditionObject.awaitNanos(AbstractQueuedSynchronizer.java:2078)
        at java.util.concurrent.LinkedBlockingQueue.poll(LinkedBlockingQueue.java:467)
        at org.apache.hadoop.hdds.scm.server.ContainerReportQueue.poll(ContainerReportQueue.java:266)
        at org.apache.hadoop.hdds.scm.server.ContainerReportQueue.poll(ContainerReportQueue.java:42)
        at org.apache.hadoop.hdds.server.events.FixedThreadPoolWithAffinityExecutor$ContainerReportProcessTask.run(FixedThreadPoolWithAffinityExecutor.java:247)
        at java.util.concurrent.Executors$RunnableAdapter.call(Executors.java:511)
        at java.util.concurrent.FutureTask.run(FutureTask.java:266)
        at java.util.concurrent.ThreadPoolExecutor.runWorker(ThreadPoolExecutor.java:1149)
        at java.util.concurrent.ThreadPoolExecutor$Worker.run(ThreadPoolExecutor.java:624)
        at java.lang.Thread.run(Thread.java:750)
"ChunkWriter-3-0" daemon prio=5 tid=502 in Object.wait()
java.lang.Thread.State: WAITING (on object monitor)
        at sun.misc.Unsafe.park(Native Method)
        at java.util.concurrent.locks.LockSupport.park(LockSupport.java:175)
        at java.util.concurrent.locks.AbstractQueuedSynchronizer$ConditionObject.await(AbstractQueuedSynchronizer.java:2039)
        at java.util.concurrent.LinkedBlockingDeque.takeFirst(LinkedBlockingDeque.java:492)
        at java.util.concurrent.LinkedBlockingDeque.take(LinkedBlockingDeque.java:680)
        at java.util.concurrent.ThreadPoolExecutor.getTask(ThreadPoolExecutor.java:1074)
        at java.util.concurrent.ThreadPoolExecutor.runWorker(ThreadPoolExecutor.java:1134)
        at java.util.concurrent.ThreadPoolExecutor$Worker.run(ThreadPoolExecutor.java:624)
        at java.lang.Thread.run(Thread.java:750)
"8d5822ee-b1dd-46af-beb1-0638b7fa15fc-server-thread2" daemon prio=5 tid=850 timed_waiting
java.lang.Thread.State: TIMED_WAITING
        at sun.misc.Unsafe.park(Native Method)
        at java.util.concurrent.locks.LockSupport.parkNanos(LockSupport.java:215)
        at java.util.concurrent.SynchronousQueue$TransferStack.awaitFulfill(SynchronousQueue.java:460)
        at java.util.concurrent.SynchronousQueue$TransferStack.transfer(SynchronousQueue.java:362)
        at java.util.concurrent.SynchronousQueue.poll(SynchronousQueue.java:941)
        at java.util.concurrent.ThreadPoolExecutor.getTask(ThreadPoolExecutor.java:1073)
        at java.util.concurrent.ThreadPoolExecutor.runWorker(ThreadPoolExecutor.java:1134)
        at java.util.concurrent.ThreadPoolExecutor$Worker.run(ThreadPoolExecutor.java:624)
        at java.lang.Thread.run(Thread.java:750)
"BlockDeletingService#0" daemon prio=5 tid=484 in Object.wait()
java.lang.Thread.State: WAITING (on object monitor)
        at sun.misc.Unsafe.park(Native Method)
        at java.util.concurrent.locks.LockSupport.park(LockSupport.java:175)
        at java.util.concurrent.locks.AbstractQueuedSynchronizer$ConditionObject.await(AbstractQueuedSynchronizer.java:2039)
        at java.util.concurrent.ScheduledThreadPoolExecutor$DelayedWorkQueue.take(ScheduledThreadPoolExecutor.java:1088)
        at java.util.concurrent.ScheduledThreadPoolExecutor$DelayedWorkQueue.take(ScheduledThreadPoolExecutor.java:809)
        at java.util.concurrent.ThreadPoolExecutor.getTask(ThreadPoolExecutor.java:1074)
        at java.util.concurrent.ThreadPoolExecutor.runWorker(ThreadPoolExecutor.java:1134)
        at java.util.concurrent.ThreadPoolExecutor$Worker.run(ThreadPoolExecutor.java:624)
        at java.lang.Thread.run(Thread.java:750)
"qtp634480856-329" daemon prio=5 tid=329 timed_waiting
java.lang.Thread.State: TIMED_WAITING
        at sun.misc.Unsafe.park(Native Method)
        at java.util.concurrent.locks.LockSupport.parkNanos(LockSupport.java:215)
        at java.util.concurrent.locks.AbstractQueuedSynchronizer$ConditionObject.awaitNanos(AbstractQueuedSynchronizer.java:2078)
        at org.eclipse.jetty.util.BlockingArrayQueue.poll(BlockingArrayQueue.java:382)
        at org.eclipse.jetty.util.thread.QueuedThreadPool$Runner.idleJobPoll(QueuedThreadPool.java:974)
        at org.eclipse.jetty.util.thread.QueuedThreadPool$Runner.run(QueuedThreadPool.java:1018)
        at java.lang.Thread.run(Thread.java:750)
"StaleRecoveringContainerScrubbingService#4" daemon prio=5 tid=941 in Object.wait()
java.lang.Thread.State: WAITING (on object monitor)
        at sun.misc.Unsafe.park(Native Method)
        at java.util.concurrent.locks.LockSupport.park(LockSupport.java:175)
        at java.util.concurrent.locks.AbstractQueuedSynchronizer$ConditionObject.await(AbstractQueuedSynchronizer.java:2039)
        at java.util.concurrent.ScheduledThreadPoolExecutor$DelayedWorkQueue.take(ScheduledThreadPoolExecutor.java:1088)
        at java.util.concurrent.ScheduledThreadPoolExecutor$DelayedWorkQueue.take(ScheduledThreadPoolExecutor.java:809)
        at java.util.concurrent.ThreadPoolExecutor.getTask(ThreadPoolExecutor.java:1074)
        at java.util.concurrent.ThreadPoolExecutor.runWorker(ThreadPoolExecutor.java:1134)
        at java.util.concurrent.ThreadPoolExecutor$Worker.run(ThreadPoolExecutor.java:624)
        at java.lang.Thread.run(Thread.java:750)
"EventQueue-DatanodeCommandForSCMNodeManager"  prio=5 tid=526 in Object.wait()
java.lang.Thread.State: WAITING (on object monitor)
        at sun.misc.Unsafe.park(Native Method)
        at java.util.concurrent.locks.LockSupport.park(LockSupport.java:175)
        at java.util.concurrent.locks.AbstractQueuedSynchronizer$ConditionObject.await(AbstractQueuedSynchronizer.java:2039)
        at java.util.concurrent.LinkedBlockingQueue.take(LinkedBlockingQueue.java:442)
        at java.util.concurrent.ThreadPoolExecutor.getTask(ThreadPoolExecutor.java:1074)
        at java.util.concurrent.ThreadPoolExecutor.runWorker(ThreadPoolExecutor.java:1134)
        at java.util.concurrent.ThreadPoolExecutor$Worker.run(ThreadPoolExecutor.java:624)
        at java.lang.Thread.run(Thread.java:750)
"Command processor thread" daemon prio=5 tid=283 timed_waiting
java.lang.Thread.State: TIMED_WAITING
        at java.lang.Thread.sleep(Native Method)
        at org.apache.hadoop.ozone.container.common.statemachine.DatanodeStateMachine.lambda$initCommandHandlerThread$3(DatanodeStateMachine.java:655)
        at org.apache.hadoop.ozone.container.common.statemachine.DatanodeStateMachine$$Lambda$784/997861495.run(Unknown Source)
        at java.lang.Thread.run(Thread.java:750)
"qtp902010316-299" daemon prio=5 tid=299 timed_waiting
java.lang.Thread.State: TIMED_WAITING
        at sun.misc.Unsafe.park(Native Method)
        at java.util.concurrent.locks.LockSupport.parkNanos(LockSupport.java:215)
        at java.util.concurrent.locks.AbstractQueuedSynchronizer$ConditionObject.awaitNanos(AbstractQueuedSynchronizer.java:2078)
        at org.eclipse.jetty.util.BlockingArrayQueue.poll(BlockingArrayQueue.java:382)
        at org.eclipse.jetty.util.thread.QueuedThreadPool$Runner.idleJobPoll(QueuedThreadPool.java:974)
        at org.eclipse.jetty.util.thread.QueuedThreadPool$Runner.run(QueuedThreadPool.java:1018)
        at java.lang.Thread.run(Thread.java:750)
"JvmPauseMonitor4" daemon prio=5 tid=482 timed_waiting
java.lang.Thread.State: TIMED_WAITING
        at java.lang.Thread.sleep(Native Method)
        at java.lang.Thread.sleep(Thread.java:342)
        at java.util.concurrent.TimeUnit.sleep(TimeUnit.java:386)
        at org.apache.ratis.util.TimeDuration.sleep(TimeDuration.java:325)
        at org.apache.ratis.util.TimeDuration.sleep(TimeDuration.java:310)
        at org.apache.ratis.util.JvmPauseMonitor.detectPause(JvmPauseMonitor.java:119)
        at org.apache.ratis.util.JvmPauseMonitor.run(JvmPauseMonitor.java:108)
        at org.apache.ratis.util.JvmPauseMonitor$$Lambda$734/1944085370.run(Unknown Source)
        at java.lang.Thread.run(Thread.java:750)
"StaleRecoveringContainerScrubbingService#1" daemon prio=5 tid=550 in Object.wait()
java.lang.Thread.State: WAITING (on object monitor)
        at sun.misc.Unsafe.park(Native Method)
        at java.util.concurrent.locks.LockSupport.park(LockSupport.java:175)
        at java.util.concurrent.locks.AbstractQueuedSynchronizer$ConditionObject.await(AbstractQueuedSynchronizer.java:2039)
        at java.util.concurrent.ScheduledThreadPoolExecutor$DelayedWorkQueue.take(ScheduledThreadPoolExecutor.java:1088)
        at java.util.concurrent.ScheduledThreadPoolExecutor$DelayedWorkQueue.take(ScheduledThreadPoolExecutor.java:809)
        at java.util.concurrent.ThreadPoolExecutor.getTask(ThreadPoolExecutor.java:1074)
        at java.util.concurrent.ThreadPoolExecutor.runWorker(ThreadPoolExecutor.java:1134)
        at java.util.concurrent.ThreadPoolExecutor$Worker.run(ThreadPoolExecutor.java:624)
        at java.lang.Thread.run(Thread.java:750)
"org.apache.hadoop.util.JvmPauseMonitor$Monitor@33197c2f" daemon prio=5 tid=107 timed_waiting
java.lang.Thread.State: TIMED_WAITING
        at java.lang.Thread.sleep(Native Method)
        at org.apache.hadoop.util.JvmPauseMonitor$Monitor.run(JvmPauseMonitor.java:192)
        at java.lang.Thread.run(Thread.java:750)
"org.apache.hadoop.ozone.container.common.statemachine.commandhandler.DeleteBlocksCommandHandler$DeleteCmdWorker@393507d6" daemon prio=5 tid=465 timed_waiting
java.lang.Thread.State: TIMED_WAITING
        at java.lang.Thread.sleep(Native Method)
        at org.apache.hadoop.ozone.container.common.statemachine.commandhandler.DeleteBlocksCommandHandler$DeleteCmdWorker.run(DeleteBlocksCommandHandler.java:184)
        at java.lang.Thread.run(Thread.java:750)
"qtp902010316-301" daemon prio=5 tid=301 timed_waiting
java.lang.Thread.State: TIMED_WAITING
        at sun.misc.Unsafe.park(Native Method)
        at java.util.concurrent.locks.LockSupport.parkNanos(LockSupport.java:215)
        at java.util.concurrent.locks.AbstractQueuedSynchronizer$ConditionObject.awaitNanos(AbstractQueuedSynchronizer.java:2078)
        at org.eclipse.jetty.util.BlockingArrayQueue.poll(BlockingArrayQueue.java:382)
        at org.eclipse.jetty.util.thread.QueuedThreadPool$Runner.idleJobPoll(QueuedThreadPool.java:974)
        at org.eclipse.jetty.util.thread.QueuedThreadPool$Runner.run(QueuedThreadPool.java:1018)
        at java.lang.Thread.run(Thread.java:750)
"timer7" daemon prio=5 tid=837 timed_waiting
java.lang.Thread.State: TIMED_WAITING
        at java.lang.Object.wait(Native Method)
        at java.util.TimerThread.mainLoop(Timer.java:552)
        at java.util.TimerThread.run(Timer.java:505)
"IPC Server handler 1 on default port 38451" daemon prio=5 tid=67 timed_waiting
java.lang.Thread.State: TIMED_WAITING
        at sun.misc.Unsafe.park(Native Method)
        at java.util.concurrent.locks.LockSupport.parkNanos(LockSupport.java:215)
        at java.util.concurrent.locks.AbstractQueuedSynchronizer$ConditionObject.awaitNanos(AbstractQueuedSynchronizer.java:2078)
        at java.util.concurrent.LinkedBlockingQueue.poll(LinkedBlockingQueue.java:467)
        at org.apache.hadoop.ipc.CallQueueManager.take(CallQueueManager.java:317)
        at org.apache.hadoop.ipc.Server$Handler.run(Server.java:2942)
"IPC Server handler 18 on default port 46625" daemon prio=5 tid=172 timed_waiting
java.lang.Thread.State: TIMED_WAITING
        at sun.misc.Unsafe.park(Native Method)
        at java.util.concurrent.locks.LockSupport.parkNanos(LockSupport.java:215)
        at java.util.concurrent.locks.AbstractQueuedSynchronizer$ConditionObject.awaitNanos(AbstractQueuedSynchronizer.java:2078)
        at java.util.concurrent.LinkedBlockingQueue.poll(LinkedBlockingQueue.java:467)
        at org.apache.hadoop.ipc.CallQueueManager.take(CallQueueManager.java:317)
        at org.apache.hadoop.ipc.Server$Handler.run(Server.java:2942)
"StaleRecoveringContainerScrubbingService#4" daemon prio=5 tid=940 in Object.wait()
java.lang.Thread.State: WAITING (on object monitor)
        at sun.misc.Unsafe.park(Native Method)
        at java.util.concurrent.locks.LockSupport.park(LockSupport.java:175)
        at java.util.concurrent.locks.AbstractQueuedSynchronizer$ConditionObject.await(AbstractQueuedSynchronizer.java:2039)
        at java.util.concurrent.ScheduledThreadPoolExecutor$DelayedWorkQueue.take(ScheduledThreadPoolExecutor.java:1088)
        at java.util.concurrent.ScheduledThreadPoolExecutor$DelayedWorkQueue.take(ScheduledThreadPoolExecutor.java:809)
        at java.util.concurrent.ThreadPoolExecutor.getTask(ThreadPoolExecutor.java:1074)
        at java.util.concurrent.ThreadPoolExecutor.runWorker(ThreadPoolExecutor.java:1134)
        at java.util.concurrent.ThreadPoolExecutor$Worker.run(ThreadPoolExecutor.java:624)
        at java.lang.Thread.run(Thread.java:750)
"StaleRecoveringContainerScrubbingService#4" daemon prio=5 tid=938 in Object.wait()
java.lang.Thread.State: WAITING (on object monitor)
        at sun.misc.Unsafe.park(Native Method)
        at java.util.concurrent.locks.LockSupport.park(LockSupport.java:175)
        at java.util.concurrent.locks.AbstractQueuedSynchronizer$ConditionObject.await(AbstractQueuedSynchronizer.java:2039)
        at java.util.concurrent.ScheduledThreadPoolExecutor$DelayedWorkQueue.take(ScheduledThreadPoolExecutor.java:1088)
        at java.util.concurrent.ScheduledThreadPoolExecutor$DelayedWorkQueue.take(ScheduledThreadPoolExecutor.java:809)
        at java.util.concurrent.ThreadPoolExecutor.getTask(ThreadPoolExecutor.java:1074)
        at java.util.concurrent.ThreadPoolExecutor.runWorker(ThreadPoolExecutor.java:1134)
        at java.util.concurrent.ThreadPoolExecutor$Worker.run(ThreadPoolExecutor.java:624)
        at java.lang.Thread.run(Thread.java:750)
"ChunkReader-1" daemon prio=5 tid=802 in Object.wait()
java.lang.Thread.State: WAITING (on object monitor)
        at sun.misc.Unsafe.park(Native Method)
        at java.util.concurrent.locks.LockSupport.park(LockSupport.java:175)
        at java.util.concurrent.locks.AbstractQueuedSynchronizer$ConditionObject.await(AbstractQueuedSynchronizer.java:2039)
        at java.util.concurrent.LinkedBlockingQueue.take(LinkedBlockingQueue.java:442)
        at java.util.concurrent.ThreadPoolExecutor.getTask(ThreadPoolExecutor.java:1074)
        at java.util.concurrent.ThreadPoolExecutor.runWorker(ThreadPoolExecutor.java:1134)
        at java.util.concurrent.ThreadPoolExecutor$Worker.run(ThreadPoolExecutor.java:624)
        at java.lang.Thread.run(Thread.java:750)
"StaleRecoveringContainerScrubbingService#3" daemon prio=5 tid=908 in Object.wait()
java.lang.Thread.State: WAITING (on object monitor)
        at sun.misc.Unsafe.park(Native Method)
        at java.util.concurrent.locks.LockSupport.park(LockSupport.java:175)
        at java.util.concurrent.locks.AbstractQueuedSynchronizer$ConditionObject.await(AbstractQueuedSynchronizer.java:2039)
        at java.util.concurrent.ScheduledThreadPoolExecutor$DelayedWorkQueue.take(ScheduledThreadPoolExecutor.java:1088)
        at java.util.concurrent.ScheduledThreadPoolExecutor$DelayedWorkQueue.take(ScheduledThreadPoolExecutor.java:809)
        at java.util.concurrent.ThreadPoolExecutor.getTask(ThreadPoolExecutor.java:1074)
        at java.util.concurrent.ThreadPoolExecutor.runWorker(ThreadPoolExecutor.java:1134)
        at java.util.concurrent.ThreadPoolExecutor$Worker.run(ThreadPoolExecutor.java:624)
        at java.lang.Thread.run(Thread.java:750)
"Datanode State Machine Task Thread - 0"  prio=5 tid=285 in Object.wait()
java.lang.Thread.State: WAITING (on object monitor)
        at sun.misc.Unsafe.park(Native Method)
        at java.util.concurrent.locks.LockSupport.park(LockSupport.java:175)
        at java.util.concurrent.locks.AbstractQueuedSynchronizer$ConditionObject.await(AbstractQueuedSynchronizer.java:2039)
        at java.util.concurrent.LinkedBlockingQueue.take(LinkedBlockingQueue.java:442)
        at java.util.concurrent.ThreadPoolExecutor.getTask(ThreadPoolExecutor.java:1074)
        at java.util.concurrent.ThreadPoolExecutor.runWorker(ThreadPoolExecutor.java:1134)
        at java.util.concurrent.ThreadPoolExecutor$Worker.run(ThreadPoolExecutor.java:624)
        at java.lang.Thread.run(Thread.java:750)
"prometheus" daemon prio=5 tid=118 in Object.wait()
java.lang.Thread.State: WAITING (on object monitor)
        at java.lang.Object.wait(Native Method)
        at java.lang.Object.wait(Object.java:502)
        at org.apache.hadoop.metrics2.impl.SinkQueue.waitForData(SinkQueue.java:114)
        at org.apache.hadoop.metrics2.impl.SinkQueue.consumeAll(SinkQueue.java:83)
        at org.apache.hadoop.metrics2.impl.MetricsSinkAdapter.publishMetricsFromQueue(MetricsSinkAdapter.java:135)
        at org.apache.hadoop.metrics2.impl.MetricsSinkAdapter$1.run(MetricsSinkAdapter.java:89)
"pool-290-thread-1"  prio=5 tid=691 in Object.wait()
java.lang.Thread.State: WAITING (on object monitor)
        at sun.misc.Unsafe.park(Native Method)
        at java.util.concurrent.locks.LockSupport.park(LockSupport.java:175)
        at java.util.concurrent.locks.AbstractQueuedSynchronizer$ConditionObject.await(AbstractQueuedSynchronizer.java:2039)
        at java.util.concurrent.LinkedBlockingQueue.take(LinkedBlockingQueue.java:442)
        at java.util.concurrent.ThreadPoolExecutor.getTask(ThreadPoolExecutor.java:1074)
        at java.util.concurrent.ThreadPoolExecutor.runWorker(ThreadPoolExecutor.java:1134)
        at java.util.concurrent.ThreadPoolExecutor$Worker.run(ThreadPoolExecutor.java:624)
        at java.lang.Thread.run(Thread.java:750)
"PartialTableCache Cleanup Thread - 0" daemon prio=5 tid=785 in Object.wait()
java.lang.Thread.State: WAITING (on object monitor)
        at sun.misc.Unsafe.park(Native Method)
        at java.util.concurrent.locks.LockSupport.park(LockSupport.java:175)
        at java.util.concurrent.locks.AbstractQueuedSynchronizer$ConditionObject.await(AbstractQueuedSynchronizer.java:2039)
        at java.util.concurrent.LinkedBlockingQueue.take(LinkedBlockingQueue.java:442)
        at java.util.concurrent.ThreadPoolExecutor.getTask(ThreadPoolExecutor.java:1074)
        at java.util.concurrent.ThreadPoolExecutor.runWorker(ThreadPoolExecutor.java:1134)
        at java.util.concurrent.ThreadPoolExecutor$Worker.run(ThreadPoolExecutor.java:624)
        at java.lang.Thread.run(Thread.java:750)
"c6074cc5-da23-4fc2-b305-e072798acc5a@group-67DBD99A6914->93701946-f5e3-4943-a932-e133db5deae9-GrpcLogAppender-LogAppenderDaemon" daemon prio=5 tid=894 timed_waiting
java.lang.Thread.State: TIMED_WAITING
        at sun.misc.Unsafe.park(Native Method)
        at java.util.concurrent.locks.LockSupport.parkNanos(LockSupport.java:215)
        at java.util.concurrent.locks.AbstractQueuedSynchronizer$ConditionObject.await(AbstractQueuedSynchronizer.java:2163)
        at org.apache.ratis.util.AwaitForSignal.await(AwaitForSignal.java:62)
        at org.apache.ratis.grpc.server.GrpcLogAppender.mayWait(GrpcLogAppender.java:198)
        at org.apache.ratis.grpc.server.GrpcLogAppender.run(GrpcLogAppender.java:148)
        at org.apache.ratis.server.leader.LogAppenderDaemon.run(LogAppenderDaemon.java:78)
        at org.apache.ratis.server.leader.LogAppenderDaemon$$Lambda$1083/883698974.run(Unknown Source)
        at java.lang.Thread.run(Thread.java:750)
"qtp902010316-297" daemon prio=5 tid=297 timed_waiting
java.lang.Thread.State: TIMED_WAITING
        at sun.misc.Unsafe.park(Native Method)
        at java.util.concurrent.locks.LockSupport.parkNanos(LockSupport.java:215)
        at java.util.concurrent.locks.AbstractQueuedSynchronizer$ConditionObject.awaitNanos(AbstractQueuedSynchronizer.java:2078)
        at org.eclipse.jetty.util.BlockingArrayQueue.poll(BlockingArrayQueue.java:382)
        at org.eclipse.jetty.util.thread.QueuedThreadPool$Runner.idleJobPoll(QueuedThreadPool.java:974)
        at org.eclipse.jetty.util.thread.QueuedThreadPool$Runner.run(QueuedThreadPool.java:1018)
        at java.lang.Thread.run(Thread.java:750)
"ChunkReader-2" daemon prio=5 tid=806 in Object.wait()
java.lang.Thread.State: WAITING (on object monitor)
        at sun.misc.Unsafe.park(Native Method)
        at java.util.concurrent.locks.LockSupport.park(LockSupport.java:175)
        at java.util.concurrent.locks.AbstractQueuedSynchronizer$ConditionObject.await(AbstractQueuedSynchronizer.java:2039)
        at java.util.concurrent.LinkedBlockingQueue.take(LinkedBlockingQueue.java:442)
        at java.util.concurrent.ThreadPoolExecutor.getTask(ThreadPoolExecutor.java:1074)
        at java.util.concurrent.ThreadPoolExecutor.runWorker(ThreadPoolExecutor.java:1134)
        at java.util.concurrent.ThreadPoolExecutor$Worker.run(ThreadPoolExecutor.java:624)
        at java.lang.Thread.run(Thread.java:750)
"BlockDeletingService#1" daemon prio=5 tid=370 in Object.wait()
java.lang.Thread.State: WAITING (on object monitor)
        at sun.misc.Unsafe.park(Native Method)
        at java.util.concurrent.locks.LockSupport.park(LockSupport.java:175)
        at java.util.concurrent.locks.AbstractQueuedSynchronizer$ConditionObject.await(AbstractQueuedSynchronizer.java:2039)
        at java.util.concurrent.ScheduledThreadPoolExecutor$DelayedWorkQueue.take(ScheduledThreadPoolExecutor.java:1088)
        at java.util.concurrent.ScheduledThreadPoolExecutor$DelayedWorkQueue.take(ScheduledThreadPoolExecutor.java:809)
        at java.util.concurrent.ThreadPoolExecutor.getTask(ThreadPoolExecutor.java:1074)
        at java.util.concurrent.ThreadPoolExecutor.runWorker(ThreadPoolExecutor.java:1134)
        at java.util.concurrent.ThreadPoolExecutor$Worker.run(ThreadPoolExecutor.java:624)
        at java.lang.Thread.run(Thread.java:750)
"StaleRecoveringContainerScrubbingService#9" daemon prio=5 tid=1014 in Object.wait()
java.lang.Thread.State: WAITING (on object monitor)
        at sun.misc.Unsafe.park(Native Method)
        at java.util.concurrent.locks.LockSupport.park(LockSupport.java:175)
        at java.util.concurrent.locks.AbstractQueuedSynchronizer$ConditionObject.await(AbstractQueuedSynchronizer.java:2039)
        at java.util.concurrent.ScheduledThreadPoolExecutor$DelayedWorkQueue.take(ScheduledThreadPoolExecutor.java:1088)
        at java.util.concurrent.ScheduledThreadPoolExecutor$DelayedWorkQueue.take(ScheduledThreadPoolExecutor.java:809)
        at java.util.concurrent.ThreadPoolExecutor.getTask(ThreadPoolExecutor.java:1074)
        at java.util.concurrent.ThreadPoolExecutor.runWorker(ThreadPoolExecutor.java:1134)
        at java.util.concurrent.ThreadPoolExecutor$Worker.run(ThreadPoolExecutor.java:624)
        at java.lang.Thread.run(Thread.java:750)
"StaleRecoveringContainerScrubbingService#5" daemon prio=5 tid=967 in Object.wait()
java.lang.Thread.State: WAITING (on object monitor)
        at sun.misc.Unsafe.park(Native Method)
        at java.util.concurrent.locks.LockSupport.park(LockSupport.java:175)
        at java.util.concurrent.locks.AbstractQueuedSynchronizer$ConditionObject.await(AbstractQueuedSynchronizer.java:2039)
        at java.util.concurrent.ScheduledThreadPoolExecutor$DelayedWorkQueue.take(ScheduledThreadPoolExecutor.java:1088)
        at java.util.concurrent.ScheduledThreadPoolExecutor$DelayedWorkQueue.take(ScheduledThreadPoolExecutor.java:809)
        at java.util.concurrent.ThreadPoolExecutor.getTask(ThreadPoolExecutor.java:1074)
        at java.util.concurrent.ThreadPoolExecutor.runWorker(ThreadPoolExecutor.java:1134)
        at java.util.concurrent.ThreadPoolExecutor$Worker.run(ThreadPoolExecutor.java:624)
        at java.lang.Thread.run(Thread.java:750)
"ChunkWriter-3-0" daemon prio=5 tid=569 in Object.wait()
java.lang.Thread.State: WAITING (on object monitor)
        at sun.misc.Unsafe.park(Native Method)
        at java.util.concurrent.locks.LockSupport.park(LockSupport.java:175)
        at java.util.concurrent.locks.AbstractQueuedSynchronizer$ConditionObject.await(AbstractQueuedSynchronizer.java:2039)
        at java.util.concurrent.LinkedBlockingDeque.takeFirst(LinkedBlockingDeque.java:492)
        at java.util.concurrent.LinkedBlockingDeque.take(LinkedBlockingDeque.java:680)
        at java.util.concurrent.ThreadPoolExecutor.getTask(ThreadPoolExecutor.java:1074)
        at java.util.concurrent.ThreadPoolExecutor.runWorker(ThreadPoolExecutor.java:1134)
        at java.util.concurrent.ThreadPoolExecutor$Worker.run(ThreadPoolExecutor.java:624)
        at java.lang.Thread.run(Thread.java:750)
"JvmPauseMonitor7" daemon prio=5 tid=533 timed_waiting
java.lang.Thread.State: TIMED_WAITING
        at java.lang.Thread.sleep(Native Method)
        at java.lang.Thread.sleep(Thread.java:342)
        at java.util.concurrent.TimeUnit.sleep(TimeUnit.java:386)
        at org.apache.ratis.util.TimeDuration.sleep(TimeDuration.java:325)
        at org.apache.ratis.util.TimeDuration.sleep(TimeDuration.java:310)
        at org.apache.ratis.util.JvmPauseMonitor.detectPause(JvmPauseMonitor.java:119)
        at org.apache.ratis.util.JvmPauseMonitor.run(JvmPauseMonitor.java:108)
        at org.apache.ratis.util.JvmPauseMonitor$$Lambda$734/1944085370.run(Unknown Source)
        at java.lang.Thread.run(Thread.java:750)
"timer1" daemon prio=5 tid=750 timed_waiting
java.lang.Thread.State: TIMED_WAITING
        at java.lang.Object.wait(Native Method)
        at java.util.TimerThread.mainLoop(Timer.java:552)
        at java.util.TimerThread.run(Timer.java:505)
"BlockDeletingService#0" daemon prio=5 tid=367 timed_waiting
java.lang.Thread.State: TIMED_WAITING
        at sun.misc.Unsafe.park(Native Method)
        at java.util.concurrent.locks.LockSupport.parkNanos(LockSupport.java:215)
        at java.util.concurrent.locks.AbstractQueuedSynchronizer$ConditionObject.awaitNanos(AbstractQueuedSynchronizer.java:2078)
        at java.util.concurrent.ScheduledThreadPoolExecutor$DelayedWorkQueue.take(ScheduledThreadPoolExecutor.java:1093)
        at java.util.concurrent.ScheduledThreadPoolExecutor$DelayedWorkQueue.take(ScheduledThreadPoolExecutor.java:809)
        at java.util.concurrent.ThreadPoolExecutor.getTask(ThreadPoolExecutor.java:1074)
        at java.util.concurrent.ThreadPoolExecutor.runWorker(ThreadPoolExecutor.java:1134)
        at java.util.concurrent.ThreadPoolExecutor$Worker.run(ThreadPoolExecutor.java:624)
        at java.lang.Thread.run(Thread.java:750)
"IPC Server handler 7 on default port 40091" daemon prio=5 tid=53 timed_waiting
java.lang.Thread.State: TIMED_WAITING
        at sun.misc.Unsafe.park(Native Method)
        at java.util.concurrent.locks.LockSupport.parkNanos(LockSupport.java:215)
        at java.util.concurrent.locks.AbstractQueuedSynchronizer$ConditionObject.awaitNanos(AbstractQueuedSynchronizer.java:2078)
        at java.util.concurrent.LinkedBlockingQueue.poll(LinkedBlockingQueue.java:467)
        at org.apache.hadoop.ipc.CallQueueManager.take(CallQueueManager.java:317)
        at org.apache.hadoop.ipc.Server$Handler.run(Server.java:2942)
"BlockDeletingService#2" daemon prio=5 tid=986 in Object.wait()
java.lang.Thread.State: WAITING (on object monitor)
        at sun.misc.Unsafe.park(Native Method)
        at java.util.concurrent.locks.LockSupport.park(LockSupport.java:175)
        at java.util.concurrent.locks.AbstractQueuedSynchronizer$ConditionObject.await(AbstractQueuedSynchronizer.java:2039)
        at java.util.concurrent.ScheduledThreadPoolExecutor$DelayedWorkQueue.take(ScheduledThreadPoolExecutor.java:1088)
        at java.util.concurrent.ScheduledThreadPoolExecutor$DelayedWorkQueue.take(ScheduledThreadPoolExecutor.java:809)
        at java.util.concurrent.ThreadPoolExecutor.getTask(ThreadPoolExecutor.java:1074)
        at java.util.concurrent.ThreadPoolExecutor.runWorker(ThreadPoolExecutor.java:1134)
        at java.util.concurrent.ThreadPoolExecutor$Worker.run(ThreadPoolExecutor.java:624)
        at java.lang.Thread.run(Thread.java:750)
"Datanode State Machine Daemon Thread" daemon prio=5 tid=371 timed_waiting
java.lang.Thread.State: TIMED_WAITING
        at java.lang.Thread.sleep(Native Method)
        at org.apache.hadoop.ozone.container.common.statemachine.DatanodeStateMachine.startStateMachineThread(DatanodeStateMachine.java:335)
        at org.apache.hadoop.ozone.container.common.statemachine.DatanodeStateMachine.lambda$startDaemon$0(DatanodeStateMachine.java:520)
        at org.apache.hadoop.ozone.container.common.statemachine.DatanodeStateMachine$$Lambda$782/592559975.run(Unknown Source)
        at java.lang.Thread.run(Thread.java:750)
"Datanode ReportManager Thread - 3" daemon prio=5 tid=335 in Object.wait()
java.lang.Thread.State: WAITING (on object monitor)
        at sun.misc.Unsafe.park(Native Method)
        at java.util.concurrent.locks.LockSupport.park(LockSupport.java:175)
        at java.util.concurrent.locks.AbstractQueuedSynchronizer$ConditionObject.await(AbstractQueuedSynchronizer.java:2039)
        at java.util.concurrent.ScheduledThreadPoolExecutor$DelayedWorkQueue.take(ScheduledThreadPoolExecutor.java:1088)
        at java.util.concurrent.ScheduledThreadPoolExecutor$DelayedWorkQueue.take(ScheduledThreadPoolExecutor.java:809)
        at java.util.concurrent.ThreadPoolExecutor.getTask(ThreadPoolExecutor.java:1074)
        at java.util.concurrent.ThreadPoolExecutor.runWorker(ThreadPoolExecutor.java:1134)
        at java.util.concurrent.ThreadPoolExecutor$Worker.run(ThreadPoolExecutor.java:624)
        at java.lang.Thread.run(Thread.java:750)
"Session-HouseKeeper-6c569caf-1"  prio=5 tid=117 timed_waiting
java.lang.Thread.State: TIMED_WAITING
        at sun.misc.Unsafe.park(Native Method)
        at java.util.concurrent.locks.LockSupport.parkNanos(LockSupport.java:215)
        at java.util.concurrent.locks.AbstractQueuedSynchronizer$ConditionObject.awaitNanos(AbstractQueuedSynchronizer.java:2078)
        at java.util.concurrent.ScheduledThreadPoolExecutor$DelayedWorkQueue.take(ScheduledThreadPoolExecutor.java:1093)
        at java.util.concurrent.ScheduledThreadPoolExecutor$DelayedWorkQueue.take(ScheduledThreadPoolExecutor.java:809)
        at java.util.concurrent.ThreadPoolExecutor.getTask(ThreadPoolExecutor.java:1074)
        at java.util.concurrent.ThreadPoolExecutor.runWorker(ThreadPoolExecutor.java:1134)
        at java.util.concurrent.ThreadPoolExecutor$Worker.run(ThreadPoolExecutor.java:624)
        at java.lang.Thread.run(Thread.java:750)
"StaleRecoveringContainerScrubbingService#3" daemon prio=5 tid=901 in Object.wait()
java.lang.Thread.State: WAITING (on object monitor)
        at sun.misc.Unsafe.park(Native Method)
        at java.util.concurrent.locks.LockSupport.park(LockSupport.java:175)
        at java.util.concurrent.locks.AbstractQueuedSynchronizer$ConditionObject.await(AbstractQueuedSynchronizer.java:2039)
        at java.util.concurrent.ScheduledThreadPoolExecutor$DelayedWorkQueue.take(ScheduledThreadPoolExecutor.java:1088)
        at java.util.concurrent.ScheduledThreadPoolExecutor$DelayedWorkQueue.take(ScheduledThreadPoolExecutor.java:809)
        at java.util.concurrent.ThreadPoolExecutor.getTask(ThreadPoolExecutor.java:1074)
        at java.util.concurrent.ThreadPoolExecutor.runWorker(ThreadPoolExecutor.java:1134)
        at java.util.concurrent.ThreadPoolExecutor$Worker.run(ThreadPoolExecutor.java:624)
        at java.lang.Thread.run(Thread.java:750)
"pool-283-thread-1" daemon prio=5 tid=461 timed_waiting
java.lang.Thread.State: TIMED_WAITING
        at sun.misc.Unsafe.park(Native Method)
        at java.util.concurrent.locks.LockSupport.parkNanos(LockSupport.java:215)
        at java.util.concurrent.locks.AbstractQueuedSynchronizer$ConditionObject.awaitNanos(AbstractQueuedSynchronizer.java:2078)
        at java.util.concurrent.ScheduledThreadPoolExecutor$DelayedWorkQueue.take(ScheduledThreadPoolExecutor.java:1093)
        at java.util.concurrent.ScheduledThreadPoolExecutor$DelayedWorkQueue.take(ScheduledThreadPoolExecutor.java:809)
        at java.util.concurrent.ThreadPoolExecutor.getTask(ThreadPoolExecutor.java:1074)
        at java.util.concurrent.ThreadPoolExecutor.runWorker(ThreadPoolExecutor.java:1134)
        at java.util.concurrent.ThreadPoolExecutor$Worker.run(ThreadPoolExecutor.java:624)
        at java.lang.Thread.run(Thread.java:750)
"StaleRecoveringContainerScrubbingService#4" daemon prio=5 tid=928 in Object.wait()
java.lang.Thread.State: WAITING (on object monitor)
        at sun.misc.Unsafe.park(Native Method)
        at java.util.concurrent.locks.LockSupport.park(LockSupport.java:175)
        at java.util.concurrent.locks.AbstractQueuedSynchronizer$ConditionObject.await(AbstractQueuedSynchronizer.java:2039)
        at java.util.concurrent.ScheduledThreadPoolExecutor$DelayedWorkQueue.take(ScheduledThreadPoolExecutor.java:1088)
        at java.util.concurrent.ScheduledThreadPoolExecutor$DelayedWorkQueue.take(ScheduledThreadPoolExecutor.java:809)
        at java.util.concurrent.ThreadPoolExecutor.getTask(ThreadPoolExecutor.java:1074)
        at java.util.concurrent.ThreadPoolExecutor.runWorker(ThreadPoolExecutor.java:1134)
        at java.util.concurrent.ThreadPoolExecutor$Worker.run(ThreadPoolExecutor.java:624)
        at java.lang.Thread.run(Thread.java:750)
"BlockDeletingService#1" daemon prio=5 tid=519 timed_waiting
java.lang.Thread.State: TIMED_WAITING
        at sun.misc.Unsafe.park(Native Method)
        at java.util.concurrent.locks.LockSupport.parkNanos(LockSupport.java:215)
        at java.util.concurrent.locks.AbstractQueuedSynchronizer$ConditionObject.awaitNanos(AbstractQueuedSynchronizer.java:2078)
        at java.util.concurrent.ScheduledThreadPoolExecutor$DelayedWorkQueue.take(ScheduledThreadPoolExecutor.java:1093)
        at java.util.concurrent.ScheduledThreadPoolExecutor$DelayedWorkQueue.take(ScheduledThreadPoolExecutor.java:809)
        at java.util.concurrent.ThreadPoolExecutor.getTask(ThreadPoolExecutor.java:1074)
        at java.util.concurrent.ThreadPoolExecutor.runWorker(ThreadPoolExecutor.java:1134)
        at java.util.concurrent.ThreadPoolExecutor$Worker.run(ThreadPoolExecutor.java:624)
        at java.lang.Thread.run(Thread.java:750)
"IPC Server handler 15 on default port 44923" daemon prio=5 tid=101 timed_waiting
java.lang.Thread.State: TIMED_WAITING
        at sun.misc.Unsafe.park(Native Method)
        at java.util.concurrent.locks.LockSupport.parkNanos(LockSupport.java:215)
        at java.util.concurrent.locks.AbstractQueuedSynchronizer$ConditionObject.awaitNanos(AbstractQueuedSynchronizer.java:2078)
        at java.util.concurrent.LinkedBlockingQueue.poll(LinkedBlockingQueue.java:467)
        at org.apache.hadoop.ipc.CallQueueManager.take(CallQueueManager.java:317)
        at org.apache.hadoop.ipc.Server$Handler.run(Server.java:2942)
"qtp654838366-393" daemon prio=5 tid=393 timed_waiting
java.lang.Thread.State: TIMED_WAITING
        at sun.misc.Unsafe.park(Native Method)
        at java.util.concurrent.locks.LockSupport.parkNanos(LockSupport.java:215)
        at java.util.concurrent.locks.AbstractQueuedSynchronizer$ConditionObject.awaitNanos(AbstractQueuedSynchronizer.java:2078)
        at org.eclipse.jetty.util.BlockingArrayQueue.poll(BlockingArrayQueue.java:382)
        at org.eclipse.jetty.util.thread.QueuedThreadPool$Runner.idleJobPoll(QueuedThreadPool.java:974)
        at org.eclipse.jetty.util.thread.QueuedThreadPool$Runner.run(QueuedThreadPool.java:1018)
        at java.lang.Thread.run(Thread.java:750)
"4243b07b-dbe8-44bd-919c-c5b59c546d4c@group-A2C53E516D65-StateMachineUpdater" daemon prio=5 tid=650 timed_waiting
java.lang.Thread.State: TIMED_WAITING
        at sun.misc.Unsafe.park(Native Method)
        at java.util.concurrent.locks.LockSupport.parkNanos(LockSupport.java:215)
        at java.util.concurrent.locks.AbstractQueuedSynchronizer$ConditionObject.await(AbstractQueuedSynchronizer.java:2163)
        at org.apache.ratis.util.AwaitForSignal.await(AwaitForSignal.java:62)
        at org.apache.ratis.server.impl.StateMachineUpdater.waitForCommit(StateMachineUpdater.java:207)
        at org.apache.ratis.server.impl.StateMachineUpdater.run(StateMachineUpdater.java:176)
        at java.lang.Thread.run(Thread.java:750)
"pool-179-thread-1" daemon prio=5 tid=316 timed_waiting
java.lang.Thread.State: TIMED_WAITING
        at sun.misc.Unsafe.park(Native Method)
        at java.util.concurrent.locks.LockSupport.parkNanos(LockSupport.java:215)
        at java.util.concurrent.locks.AbstractQueuedSynchronizer$ConditionObject.awaitNanos(AbstractQueuedSynchronizer.java:2078)
        at java.util.concurrent.ScheduledThreadPoolExecutor$DelayedWorkQueue.take(ScheduledThreadPoolExecutor.java:1093)
        at java.util.concurrent.ScheduledThreadPoolExecutor$DelayedWorkQueue.take(ScheduledThreadPoolExecutor.java:809)
        at java.util.concurrent.ThreadPoolExecutor.getTask(ThreadPoolExecutor.java:1074)
        at java.util.concurrent.ThreadPoolExecutor.runWorker(ThreadPoolExecutor.java:1134)
        at java.util.concurrent.ThreadPoolExecutor$Worker.run(ThreadPoolExecutor.java:624)
        at java.lang.Thread.run(Thread.java:750)
"Datanode ReportManager Thread - 4" daemon prio=5 tid=336 in Object.wait()
java.lang.Thread.State: WAITING (on object monitor)
        at sun.misc.Unsafe.park(Native Method)
        at java.util.concurrent.locks.LockSupport.park(LockSupport.java:175)
        at java.util.concurrent.locks.AbstractQueuedSynchronizer$ConditionObject.await(AbstractQueuedSynchronizer.java:2039)
        at java.util.concurrent.ScheduledThreadPoolExecutor$DelayedWorkQueue.take(ScheduledThreadPoolExecutor.java:1088)
        at java.util.concurrent.ScheduledThreadPoolExecutor$DelayedWorkQueue.take(ScheduledThreadPoolExecutor.java:809)
        at java.util.concurrent.ThreadPoolExecutor.getTask(ThreadPoolExecutor.java:1074)
        at java.util.concurrent.ThreadPoolExecutor.runWorker(ThreadPoolExecutor.java:1134)
        at java.util.concurrent.ThreadPoolExecutor$Worker.run(ThreadPoolExecutor.java:624)
        at java.lang.Thread.run(Thread.java:750)
"Datanode ReportManager Thread - 0" daemon prio=5 tid=251 timed_waiting
java.lang.Thread.State: TIMED_WAITING
        at sun.misc.Unsafe.park(Native Method)
        at java.util.concurrent.locks.LockSupport.parkNanos(LockSupport.java:215)
        at java.util.concurrent.locks.AbstractQueuedSynchronizer$ConditionObject.awaitNanos(AbstractQueuedSynchronizer.java:2078)
        at java.util.concurrent.ScheduledThreadPoolExecutor$DelayedWorkQueue.take(ScheduledThreadPoolExecutor.java:1093)
        at java.util.concurrent.ScheduledThreadPoolExecutor$DelayedWorkQueue.take(ScheduledThreadPoolExecutor.java:809)
        at java.util.concurrent.ThreadPoolExecutor.getTask(ThreadPoolExecutor.java:1074)
        at java.util.concurrent.ThreadPoolExecutor.runWorker(ThreadPoolExecutor.java:1134)
        at java.util.concurrent.ThreadPoolExecutor$Worker.run(ThreadPoolExecutor.java:624)
        at java.lang.Thread.run(Thread.java:750)
"timer2" daemon prio=5 tid=749 timed_waiting
java.lang.Thread.State: TIMED_WAITING
        at java.lang.Object.wait(Native Method)
        at java.util.TimerThread.mainLoop(Timer.java:552)
        at java.util.TimerThread.run(Timer.java:505)
"4243b07b-dbe8-44bd-919c-c5b59c546d4c@group-2EBEB1ED5A51-SegmentedRaftLogWorker"  prio=5 tid=631 timed_waiting
java.lang.Thread.State: TIMED_WAITING
        at sun.misc.Unsafe.park(Native Method)
        at java.util.concurrent.locks.LockSupport.parkNanos(LockSupport.java:215)
        at java.util.concurrent.locks.AbstractQueuedSynchronizer$ConditionObject.awaitNanos(AbstractQueuedSynchronizer.java:2078)
        at org.apache.ratis.util.DataBlockingQueue.poll(DataBlockingQueue.java:148)
        at org.apache.ratis.server.raftlog.segmented.SegmentedRaftLogWorker.run(SegmentedRaftLogWorker.java:312)
        at org.apache.ratis.server.raftlog.segmented.SegmentedRaftLogWorker$$Lambda$693/570605234.run(Unknown Source)
        at java.lang.Thread.run(Thread.java:750)
"a73b56cb-3195-4d6d-be40-ac518f1256a6-NettyServerStreamRpc-bossGroup--thread1"  prio=5 tid=463 runnable
java.lang.Thread.State: RUNNABLE
        at sun.nio.ch.EPollArrayWrapper.epollWait(Native Method)
        at sun.nio.ch.EPollArrayWrapper.poll(EPollArrayWrapper.java:269)
        at sun.nio.ch.EPollSelectorImpl.doSelect(EPollSelectorImpl.java:93)
        at sun.nio.ch.SelectorImpl.lockAndDoSelect(SelectorImpl.java:86)
        at sun.nio.ch.SelectorImpl.select(SelectorImpl.java:97)
        at sun.nio.ch.SelectorImpl.select(SelectorImpl.java:101)
        at org.apache.ratis.thirdparty.io.netty.channel.nio.SelectedSelectionKeySetSelector.select(SelectedSelectionKeySetSelector.java:68)
        at org.apache.ratis.thirdparty.io.netty.channel.nio.NioEventLoop.select(NioEventLoop.java:813)
        at org.apache.ratis.thirdparty.io.netty.channel.nio.NioEventLoop.run(NioEventLoop.java:460)
        at org.apache.ratis.thirdparty.io.netty.util.concurrent.SingleThreadEventExecutor$4.run(SingleThreadEventExecutor.java:995)
        at org.apache.ratis.thirdparty.io.netty.util.internal.ThreadExecutorMap$2.run(ThreadExecutorMap.java:74)
        at java.lang.Thread.run(Thread.java:750)
"Command processor thread" daemon prio=5 tid=256 timed_waiting
java.lang.Thread.State: TIMED_WAITING
        at java.lang.Thread.sleep(Native Method)
        at org.apache.hadoop.ozone.container.common.statemachine.DatanodeStateMachine.lambda$initCommandHandlerThread$3(DatanodeStateMachine.java:655)
        at org.apache.hadoop.ozone.container.common.statemachine.DatanodeStateMachine$$Lambda$784/997861495.run(Unknown Source)
        at java.lang.Thread.run(Thread.java:750)
"FixedThreadPoolWithAffinityExecutor-9-0" daemon prio=5 tid=44 timed_waiting
java.lang.Thread.State: TIMED_WAITING
        at sun.misc.Unsafe.park(Native Method)
        at java.util.concurrent.locks.LockSupport.parkNanos(LockSupport.java:215)
        at java.util.concurrent.locks.AbstractQueuedSynchronizer$ConditionObject.awaitNanos(AbstractQueuedSynchronizer.java:2078)
        at java.util.concurrent.LinkedBlockingQueue.poll(LinkedBlockingQueue.java:467)
        at org.apache.hadoop.hdds.scm.server.ContainerReportQueue.poll(ContainerReportQueue.java:266)
        at org.apache.hadoop.hdds.scm.server.ContainerReportQueue.poll(ContainerReportQueue.java:42)
        at org.apache.hadoop.hdds.server.events.FixedThreadPoolWithAffinityExecutor$ContainerReportProcessTask.run(FixedThreadPoolWithAffinityExecutor.java:247)
        at java.util.concurrent.Executors$RunnableAdapter.call(Executors.java:511)
        at java.util.concurrent.FutureTask.run(FutureTask.java:266)
        at java.util.concurrent.ThreadPoolExecutor.runWorker(ThreadPoolExecutor.java:1149)
        at java.util.concurrent.ThreadPoolExecutor$Worker.run(ThreadPoolExecutor.java:624)
        at java.lang.Thread.run(Thread.java:750)
"3f0205b3-740b-4219-bfdb-76da739fef9e@group-2EBEB1ED5A51-StateMachineUpdater" daemon prio=5 tid=629 timed_waiting
java.lang.Thread.State: TIMED_WAITING
        at sun.misc.Unsafe.park(Native Method)
        at java.util.concurrent.locks.LockSupport.parkNanos(LockSupport.java:215)
        at java.util.concurrent.locks.AbstractQueuedSynchronizer$ConditionObject.await(AbstractQueuedSynchronizer.java:2163)
        at org.apache.ratis.util.AwaitForSignal.await(AwaitForSignal.java:62)
        at org.apache.ratis.server.impl.StateMachineUpdater.waitForCommit(StateMachineUpdater.java:207)
        at org.apache.ratis.server.impl.StateMachineUpdater.run(StateMachineUpdater.java:176)
        at java.lang.Thread.run(Thread.java:750)


	at org.apache.ozone.test.GenericTestUtils.waitFor(GenericTestUtils.java:231)
	at org.apache.hadoop.ozone.container.TestECContainerRecovery.waitForContainerCount(TestECContainerRecovery.java:386)
	at org.apache.hadoop.ozone.container.TestECContainerRecovery.testContainerRecoveryOverReplicationProcessing(TestECContainerRecovery.java:237)
	at sun.reflect.NativeMethodAccessorImpl.invoke0(Native Method)
	at sun.reflect.NativeMethodAccessorImpl.invoke(NativeMethodAccessorImpl.java:62)
	at sun.reflect.DelegatingMethodAccessorImpl.invoke(DelegatingMethodAccessorImpl.java:43)
	at java.lang.reflect.Method.invoke(Method.java:498)
	at org.junit.platform.commons.util.ReflectionUtils.invokeMethod(ReflectionUtils.java:725)
	at org.junit.jupiter.engine.execution.MethodInvocation.proceed(MethodInvocation.java:60)
	at org.junit.jupiter.engine.execution.InvocationInterceptorChain$ValidatingInvocation.proceed(InvocationInterceptorChain.java:131)
	at org.junit.jupiter.engine.extension.TimeoutExtension.intercept(TimeoutExtension.java:149)
	at org.junit.jupiter.engine.extension.TimeoutExtension.interceptTestableMethod(TimeoutExtension.java:140)
	at org.junit.jupiter.engine.extension.TimeoutExtension.interceptTestMethod(TimeoutExtension.java:84)
	at org.junit.jupiter.engine.execution.ExecutableInvoker$ReflectiveInterceptorCall.lambda$ofVoidMethod$0(ExecutableInvoker.java:115)
	at org.junit.jupiter.engine.execution.ExecutableInvoker.lambda$invoke$0(ExecutableInvoker.java:105)
	at org.junit.jupiter.engine.execution.InvocationInterceptorChain$InterceptedInvocation.proceed(InvocationInterceptorChain.java:106)
	at org.junit.jupiter.engine.execution.InvocationInterceptorChain.proceed(InvocationInterceptorChain.java:64)
	at org.junit.jupiter.engine.execution.InvocationInterceptorChain.chainAndInvoke(InvocationInterceptorChain.java:45)
	at org.junit.jupiter.engine.execution.InvocationInterceptorChain.invoke(InvocationInterceptorChain.java:37)
	at org.junit.jupiter.engine.execution.ExecutableInvoker.invoke(ExecutableInvoker.java:104)
	at org.junit.jupiter.engine.execution.ExecutableInvoker.invoke(ExecutableInvoker.java:98)
	at org.junit.jupiter.engine.descriptor.TestMethodTestDescriptor.lambda$invokeTestMethod$7(TestMethodTestDescriptor.java:214)
	at org.junit.platform.engine.support.hierarchical.ThrowableCollector.execute(ThrowableCollector.java:73)
	at org.junit.jupiter.engine.descriptor.TestMethodTestDescriptor.invokeTestMethod(TestMethodTestDescriptor.java:210)
	at org.junit.jupiter.engine.descriptor.TestMethodTestDescriptor.execute(TestMethodTestDescriptor.java:135)
	at org.junit.jupiter.engine.descriptor.TestMethodTestDescriptor.execute(TestMethodTestDescriptor.java:66)
	at org.junit.platform.engine.support.hierarchical.NodeTestTask.lambda$executeRecursively$6(NodeTestTask.java:151)
	at org.junit.platform.engine.support.hierarchical.ThrowableCollector.execute(ThrowableCollector.java:73)
	at org.junit.platform.engine.support.hierarchical.NodeTestTask.lambda$executeRecursively$8(NodeTestTask.java:141)
	at org.junit.platform.engine.support.hierarchical.Node.around(Node.java:137)
	at org.junit.platform.engine.support.hierarchical.NodeTestTask.lambda$executeRecursively$9(NodeTestTask.java:139)
	at org.junit.platform.engine.support.hierarchical.ThrowableCollector.execute(ThrowableCollector.java:73)
	at org.junit.platform.engine.support.hierarchical.NodeTestTask.executeRecursively(NodeTestTask.java:138)
	at org.junit.platform.engine.support.hierarchical.NodeTestTask.execute(NodeTestTask.java:95)
	at java.util.ArrayList.forEach(ArrayList.java:1259)
	at org.junit.platform.engine.support.hierarchical.SameThreadHierarchicalTestExecutorService.invokeAll(SameThreadHierarchicalTestExecutorService.java:41)
	at org.junit.platform.engine.support.hierarchical.NodeTestTask.lambda$executeRecursively$6(NodeTestTask.java:155)
	at org.junit.platform.engine.support.hierarchical.ThrowableCollector.execute(ThrowableCollector.java:73)
	at org.junit.platform.engine.support.hierarchical.NodeTestTask.lambda$executeRecursively$8(NodeTestTask.java:141)
	at org.junit.platform.engine.support.hierarchical.Node.around(Node.java:137)
	at org.junit.platform.engine.support.hierarchical.NodeTestTask.lambda$executeRecursively$9(NodeTestTask.java:139)
	at org.junit.platform.engine.support.hierarchical.ThrowableCollector.execute(ThrowableCollector.java:73)
	at org.junit.platform.engine.support.hierarchical.NodeTestTask.executeRecursively(NodeTestTask.java:138)
	at org.junit.platform.engine.support.hierarchical.NodeTestTask.execute(NodeTestTask.java:95)
	at java.util.ArrayList.forEach(ArrayList.java:1259)
	at org.junit.platform.engine.support.hierarchical.SameThreadHierarchicalTestExecutorService.invokeAll(SameThreadHierarchicalTestExecutorService.java:41)
	at org.junit.platform.engine.support.hierarchical.NodeTestTask.lambda$executeRecursively$6(NodeTestTask.java:155)
	at org.junit.platform.engine.support.hierarchical.ThrowableCollector.execute(ThrowableCollector.java:73)
	at org.junit.platform.engine.support.hierarchical.NodeTestTask.lambda$executeRecursively$8(NodeTestTask.java:141)
	at org.junit.platform.engine.support.hierarchical.Node.around(Node.java:137)
	at org.junit.platform.engine.support.hierarchical.NodeTestTask.lambda$executeRecursively$9(NodeTestTask.java:139)
	at org.junit.platform.engine.support.hierarchical.ThrowableCollector.execute(ThrowableCollector.java:73)
	at org.junit.platform.engine.support.hierarchical.NodeTestTask.executeRecursively(NodeTestTask.java:138)
	at org.junit.platform.engine.support.hierarchical.NodeTestTask.execute(NodeTestTask.java:95)
	at org.junit.platform.engine.support.hierarchical.SameThreadHierarchicalTestExecutorService.submit(SameThreadHierarchicalTestExecutorService.java:35)
	at org.junit.platform.engine.support.hierarchical.HierarchicalTestExecutor.execute(HierarchicalTestExecutor.java:57)
	at org.junit.platform.engine.support.hierarchical.HierarchicalTestEngine.execute(HierarchicalTestEngine.java:54)
	at org.junit.platform.launcher.core.EngineExecutionOrchestrator.execute(EngineExecutionOrchestrator.java:107)
	at org.junit.platform.launcher.core.EngineExecutionOrchestrator.execute(EngineExecutionOrchestrator.java:88)
	at org.junit.platform.launcher.core.EngineExecutionOrchestrator.lambda$execute$0(EngineExecutionOrchestrator.java:54)
	at org.junit.platform.launcher.core.EngineExecutionOrchestrator.withInterceptedStreams(EngineExecutionOrchestrator.java:67)
	at org.junit.platform.launcher.core.EngineExecutionOrchestrator.execute(EngineExecutionOrchestrator.java:52)
	at org.junit.platform.launcher.core.DefaultLauncher.execute(DefaultLauncher.java:114)
	at org.junit.platform.launcher.core.DefaultLauncher.execute(DefaultLauncher.java:86)
	at org.junit.platform.launcher.core.DefaultLauncherSession$DelegatingLauncher.execute(DefaultLauncherSession.java:86)
	at org.junit.platform.launcher.core.SessionPerRequestLauncher.execute(SessionPerRequestLauncher.java:53)
	at org.apache.maven.surefire.junitplatform.JUnitPlatformProvider.execute(JUnitPlatformProvider.java:188)
	at org.apache.maven.surefire.junitplatform.JUnitPlatformProvider.invokeAllTests(JUnitPlatformProvider.java:154)
	at org.apache.maven.surefire.junitplatform.JUnitPlatformProvider.invoke(JUnitPlatformProvider.java:124)
	at org.apache.maven.surefire.booter.ForkedBooter.runSuitesInProcess(ForkedBooter.java:428)
	at org.apache.maven.surefire.booter.ForkedBooter.execute(ForkedBooter.java:162)
	at org.apache.maven.surefire.booter.ForkedBooter.run(ForkedBooter.java:562)
	at org.apache.maven.surefire.booter.ForkedBooter.main(ForkedBooter.java:548)
]]></error>
    <system-out><![CDATA[2023-01-24 12:22:39,440 [main] WARN  server.ServerUtils (ServerUtils.java:getScmDbDir(148)) - ozone.scm.db.dirs is not configured. We recommend adding this setting. Falling back to ozone.metadata.dirs instead.
2023-01-24 12:22:39,525 [main] WARN  server.ServerUtils (ServerUtils.java:getScmDbDir(148)) - ozone.scm.db.dirs is not configured. We recommend adding this setting. Falling back to ozone.metadata.dirs instead.
2023-01-24 12:22:39,530 [main] INFO  ha.SCMHANodeDetails (SCMHANodeDetails.java:loadSCMHAConfig(209)) - ServiceID for StorageContainerManager is null
2023-01-24 12:22:39,540 [main] WARN  ha.SCMHANodeDetails (SCMHANodeDetails.java:validateSCMHAConfig(182)) - Invalid config ozone.scm.ratis.enable. The config was not specified, but the default value true conflicts with the expected config value false. Falling back to the expected value. Current State of SCM: SCM is running in Non-HA without Ratis Ratis SCM -> Non Ratis SCM or Non HA SCM -> HA SCM is not supported
2023-01-24 12:22:39,540 [main] INFO  ha.SCMHANodeDetails (SCMHANodeDetails.java:loadSCMHAConfig(214)) - ozone.scm.default.service.id is not defined, falling back to ozone.scm.service.ids to find serviceID for StorageContainerManager if it is HA enabled cluster
2023-01-24 12:22:39,996 [main] WARN  utils.HAUtils (HAUtils.java:getMetaDir(342)) - ozone.scm.db.dirs is not configured. We recommend adding this setting. Falling back to ozone.metadata.dirs instead.
2023-01-24 12:22:40,145 [main] WARN  db.DBStoreBuilder (DBStoreBuilder.java:applyDBDefinition(144)) - ozone.scm.db.dirs is not configured. We recommend adding this setting. Falling back to ozone.metadata.dirs instead.
2023-01-24 12:22:40,430 [main] INFO  net.NodeSchemaLoader (NodeSchemaLoader.java:loadSchemaFromFile(129)) - Loading schema from [jar:file:/home/runner/.m2/repository/org/apache/ozone/hdds-common/1.4.0-SNAPSHOT/hdds-common-1.4.0-SNAPSHOT.jar!/network-topology-default.xml]
2023-01-24 12:22:40,432 [main] INFO  net.NodeSchemaLoader (NodeSchemaLoader.java:loadSchema(176)) - Loading network topology layer schema file
2023-01-24 12:22:40,472 [main] INFO  metrics.MetricRegistries (MetricRegistriesLoader.java:load(64)) - Loaded MetricRegistries class org.apache.ratis.metrics.impl.MetricRegistriesImpl
2023-01-24 12:22:40,476 [main] INFO  upgrade.AbstractLayoutVersionManager (AbstractLayoutVersionManager.java:init(83)) - Initializing Layout version manager with metadata layout = DATANODE_SCHEMA_V3 (version = 4), software layout = DATANODE_SCHEMA_V3 (version = 4)
2023-01-24 12:22:40,705 [main] INFO  reflections.Reflections (Reflections.java:scan(232)) - Reflections took 149 ms to scan 7 urls, producing 149 keys and 357 values 
2023-01-24 12:22:40,829 [main] INFO  ha.SequenceIdGenerator (SequenceIdGenerator.java:upgradeToSequenceId(349)) - upgrade localId to 111677748019200000
2023-01-24 12:22:40,829 [main] INFO  ha.SequenceIdGenerator (SequenceIdGenerator.java:upgradeToSequenceId(359)) - upgrade delTxnId to 0
2023-01-24 12:22:40,832 [main] INFO  ha.SequenceIdGenerator (SequenceIdGenerator.java:upgradeToSequenceId(376)) - upgrade containerId to 0
2023-01-24 12:22:40,834 [main] INFO  ha.SequenceIdGenerator (SequenceIdGenerator.java:<init>(220)) - Init the HA SequenceIdGenerator.
2023-01-24 12:22:40,882 [main] WARN  server.ServerUtils (ServerUtils.java:sanitizeUserArgs(67)) - ozone.scm.stale.node.interval value = 1000 is smaller than min = 3000 based on the key value of hdds.heartbeat.interval, reset to the min value 3000.
2023-01-24 12:22:40,882 [main] WARN  server.ServerUtils (ServerUtils.java:sanitizeUserArgs(67)) - ozone.scm.stale.node.interval value = 1000 is smaller than min = 3000 based on the key value of hdds.heartbeat.interval, reset to the min value 3000.
2023-01-24 12:22:40,883 [main] WARN  server.ServerUtils (ServerUtils.java:sanitizeUserArgs(67)) - ozone.scm.dead.node.interval value = 1000 is smaller than min = 6000 based on the key value of ozone.scm.stale.node.interval, reset to the min value 6000.
2023-01-24 12:22:40,888 [main] INFO  node.SCMNodeManager (SCMNodeManager.java:<init>(149)) - Entering startup safe mode.
2023-01-24 12:22:40,976 [main] INFO  algorithms.ContainerPlacementPolicyFactory (ContainerPlacementPolicyFactory.java:getPolicyInternal(86)) - Create container placement policy of type org.apache.hadoop.hdds.scm.container.placement.algorithms.SCMContainerPlacementRandom
2023-01-24 12:22:40,979 [main] INFO  algorithms.ContainerPlacementPolicyFactory (ContainerPlacementPolicyFactory.java:getPolicyInternal(86)) - Create container placement policy of type org.apache.hadoop.hdds.scm.container.placement.algorithms.SCMContainerPlacementRackScatter
2023-01-24 12:22:40,987 [main] INFO  pipeline.PipelineStateManagerImpl (PipelineStateManagerImpl.java:initialize(78)) - No pipeline exists in current db
2023-01-24 12:22:41,016 [main] INFO  algorithms.LeaderChoosePolicyFactory (LeaderChoosePolicyFactory.java:getPolicy(57)) - Create leader choose policy of type org.apache.hadoop.hdds.scm.pipeline.leader.choose.algorithms.MinLeaderCountChoosePolicy
2023-01-24 12:22:41,016 [main] INFO  algorithms.ContainerPlacementPolicyFactory (ContainerPlacementPolicyFactory.java:getPolicyInternal(86)) - Create container placement policy of type org.apache.hadoop.hdds.scm.container.placement.algorithms.SCMContainerPlacementRackScatter
2023-01-24 12:22:41,021 [main] INFO  ha.SCMServiceManager (SCMServiceManager.java:register(42)) - Registering service BackgroundPipelineCreator.
2023-01-24 12:22:41,021 [main] INFO  pipeline.BackgroundPipelineCreator (BackgroundPipelineCreator.java:start(124)) - Starting RatisPipelineUtilsThread.
2023-01-24 12:22:41,025 [main] INFO  BackgroundPipelineScrubber (BackgroundSCMService.java:start(68)) - Starting BackgroundPipelineScrubber Service.
2023-01-24 12:22:41,026 [main] INFO  ha.SCMServiceManager (SCMServiceManager.java:register(42)) - Registering service BackgroundPipelineScrubber.
2023-01-24 12:22:41,032 [main] INFO  ExpiredContainerReplicaOpScrubber (BackgroundSCMService.java:start(68)) - Starting ExpiredContainerReplicaOpScrubber Service.
2023-01-24 12:22:41,032 [main] INFO  ha.SCMServiceManager (SCMServiceManager.java:register(42)) - Registering service ExpiredContainerReplicaOpScrubber.
2023-01-24 12:22:41,066 [main] INFO  algorithms.PipelineChoosePolicyFactory (PipelineChoosePolicyFactory.java:createPipelineChoosePolicyFromClass(73)) - Create pipeline choose policy of type org.apache.hadoop.hdds.scm.pipeline.choose.algorithms.RandomPipelineChoosePolicy
2023-01-24 12:22:41,081 [main] INFO  ha.SCMServiceManager (SCMServiceManager.java:register(42)) - Registering service SCMBlockDeletingService.
2023-01-24 12:22:41,128 [main] INFO  replication.ReplicationManager (ReplicationManager.java:start(262)) - Starting Replication Monitor Thread.
2023-01-24 12:22:41,142 [main] INFO  ha.SCMServiceManager (SCMServiceManager.java:register(42)) - Registering service ReplicationManager.
2023-01-24 12:22:41,146 [ReplicationMonitor] INFO  replication.ReplicationManager (ReplicationManager.java:processAll(331)) - Replication Manager is not ready to run until 3000ms after safemode exit
2023-01-24 12:22:41,151 [main] INFO  safemode.ContainerSafeModeRule (ContainerSafeModeRule.java:<init>(89)) - containers with one replica threshold count 0
2023-01-24 12:22:41,163 [main] INFO  safemode.HealthyPipelineSafeModeRule (HealthyPipelineSafeModeRule.java:initializeRule(169)) - Total pipeline count is 0, healthy pipeline threshold count is 1
2023-01-24 12:22:41,165 [main] INFO  safemode.OneReplicaPipelineSafeModeRule (OneReplicaPipelineSafeModeRule.java:initializeRule(180)) - Total pipeline count is 0, pipeline's with at least one datanode reported threshold count is 0
2023-01-24 12:22:41,427 [main] INFO  audit.AuditLogger (AuditLogger.java:refreshDebugCmdSet(126)) - Refresh DebugCmdSet for SCMAudit to [].
2023-01-24 12:22:41,454 [main] INFO  ipc.CallQueueManager (CallQueueManager.java:<init>(90)) - Using callQueue: class java.util.concurrent.LinkedBlockingQueue, queueCapacity: 2000, scheduler: class org.apache.hadoop.ipc.DefaultRpcScheduler, ipcBackoff: false.
2023-01-24 12:22:41,488 [Socket Reader #1 for port 0] INFO  ipc.Server (Server.java:run(1273)) - Starting Socket Reader #1 for port 0
2023-01-24 12:22:41,544 [Listener at 0.0.0.0/44923] INFO  audit.AuditLogger (AuditLogger.java:refreshDebugCmdSet(126)) - Refresh DebugCmdSet for SCMAudit to [].
2023-01-24 12:22:41,550 [Listener at 0.0.0.0/44923] INFO  ipc.CallQueueManager (CallQueueManager.java:<init>(90)) - Using callQueue: class java.util.concurrent.LinkedBlockingQueue, queueCapacity: 2000, scheduler: class org.apache.hadoop.ipc.DefaultRpcScheduler, ipcBackoff: false.
2023-01-24 12:22:41,551 [Socket Reader #1 for port 0] INFO  ipc.Server (Server.java:run(1273)) - Starting Socket Reader #1 for port 0
2023-01-24 12:22:41,590 [Listener at 0.0.0.0/38451] INFO  audit.AuditLogger (AuditLogger.java:refreshDebugCmdSet(126)) - Refresh DebugCmdSet for SCMAudit to [].
2023-01-24 12:22:41,599 [Listener at 0.0.0.0/38451] INFO  ipc.CallQueueManager (CallQueueManager.java:<init>(90)) - Using callQueue: class java.util.concurrent.LinkedBlockingQueue, queueCapacity: 2000, scheduler: class org.apache.hadoop.ipc.DefaultRpcScheduler, ipcBackoff: false.
2023-01-24 12:22:41,600 [Socket Reader #1 for port 0] INFO  ipc.Server (Server.java:run(1273)) - Starting Socket Reader #1 for port 0
2023-01-24 12:22:41,640 [Listener at 0.0.0.0/40091] INFO  ha.SCMServiceManager (SCMServiceManager.java:register(42)) - Registering service ContainerBalancer.
2023-01-24 12:22:41,642 [Listener at 0.0.0.0/40091] INFO  server.StorageContainerManager (StorageContainerManager.java:<init>(401)) - 
Container Balancer status:
Key                            Value
Running                        true
Container Balancer Configuration values:
Key                                                Value
Threshold                                          10
Max Datanodes to Involve per Iteration(percent)    20
Max Size to Move per Iteration                     500GB
Max Size Entering Target per Iteration             26GB
Max Size Leaving Source per Iteration              26GB

2023-01-24 12:22:41,647 [Listener at 0.0.0.0/40091] INFO  ha.SCMContext (SCMContext.java:updateSafeModeStatus(228)) - Update SafeModeStatus from SafeModeStatus{safeModeStatus=true, preCheckPassed=false} to SafeModeStatus{safeModeStatus=true, preCheckPassed=false}.
2023-01-24 12:22:41,651 [Listener at 0.0.0.0/40091] INFO  server.StorageContainerManager (StorageContainerManager.java:start(1440)) - StorageContainerLocationProtocol RPC server is listening at /0.0.0.0:40091
2023-01-24 12:22:41,812 [Listener at 0.0.0.0/40091] WARN  impl.MetricsConfig (MetricsConfig.java:loadFirst(136)) - Cannot locate configuration: tried hadoop-metrics2-storagecontainermanager.properties,hadoop-metrics2.properties
2023-01-24 12:22:41,825 [Listener at 0.0.0.0/40091] INFO  impl.MetricsSystemImpl (MetricsSystemImpl.java:startTimer(378)) - Scheduled Metric snapshot period at 10 second(s).
2023-01-24 12:22:41,825 [Listener at 0.0.0.0/40091] INFO  impl.MetricsSystemImpl (MetricsSystemImpl.java:start(191)) - StorageContainerManager metrics system started
2023-01-24 12:22:42,045 [Listener at 0.0.0.0/40091] INFO  server.SCMClientProtocolServer (SCMClientProtocolServer.java:start(170)) - RPC server for Client  is listening at /0.0.0.0:40091
2023-01-24 12:22:42,046 [IPC Server Responder] INFO  ipc.Server (Server.java:run(1512)) - IPC Server Responder: starting
2023-01-24 12:22:42,048 [IPC Server listener on 0] INFO  ipc.Server (Server.java:run(1352)) - IPC Server listener on 0: starting
2023-01-24 12:22:42,051 [Listener at 0.0.0.0/40091] INFO  server.StorageContainerManager (StorageContainerManager.java:start(1454)) - ScmBlockLocationProtocol RPC server is listening at /0.0.0.0:38451
2023-01-24 12:22:42,051 [Listener at 0.0.0.0/40091] INFO  server.SCMBlockProtocolServer (SCMBlockProtocolServer.java:start(152)) - RPC server for Block Protocol is listening at /0.0.0.0:38451
2023-01-24 12:22:42,052 [IPC Server Responder] INFO  ipc.Server (Server.java:run(1512)) - IPC Server Responder: starting
2023-01-24 12:22:42,052 [IPC Server listener on 0] INFO  ipc.Server (Server.java:run(1352)) - IPC Server listener on 0: starting
2023-01-24 12:22:42,054 [Listener at 0.0.0.0/40091] INFO  server.SCMDatanodeProtocolServer (SCMDatanodeProtocolServer.java:start(194)) - ScmDatanodeProtocol RPC server for DataNodes is listening at /0.0.0.0:44923
2023-01-24 12:22:42,055 [IPC Server Responder] INFO  ipc.Server (Server.java:run(1512)) - IPC Server Responder: starting
2023-01-24 12:22:42,055 [IPC Server listener on 0] INFO  ipc.Server (Server.java:run(1352)) - IPC Server listener on 0: starting
2023-01-24 12:22:42,071 [org.apache.hadoop.util.JvmPauseMonitor$Monitor@33197c2f] INFO  util.JvmPauseMonitor (JvmPauseMonitor.java:run(188)) - Starting JVM pause monitor
2023-01-24 12:22:42,084 [Listener at 0.0.0.0/40091] INFO  http.BaseHttpServer (BaseHttpServer.java:newHttpServer2BuilderForOzone(213)) - Starting Web-server for scm at: http://0.0.0.0:0
2023-01-24 12:22:42,085 [Listener at 0.0.0.0/40091] INFO  http.BaseHttpServer (BaseHttpServer.java:<init>(108)) - Hadoop Security Enabled: false Ozone Security Enabled: false Ozone HTTP Security Enabled: false 
2023-01-24 12:22:42,108 [Listener at 0.0.0.0/40091] INFO  util.log (Log.java:initialized(170)) - Logging initialized @4024ms to org.eclipse.jetty.util.log.Slf4jLog
2023-01-24 12:22:42,203 [Listener at 0.0.0.0/40091] WARN  server.AuthenticationFilter (AuthenticationFilter.java:constructSecretProvider(240)) - Unable to initialize FileSignerSecretProvider, falling back to use random secrets. Reason: Could not read signature secret file: /home/runner/hadoop-http-auth-signature-secret
2023-01-24 12:22:42,209 [Listener at 0.0.0.0/40091] WARN  http.HttpRequestLog (HttpRequestLog.java:getRequestLog(103)) - Jetty request log can only be enabled using Log4j
2023-01-24 12:22:42,217 [Listener at 0.0.0.0/40091] INFO  http.HttpServer2 (HttpServer2.java:addGlobalFilter(1031)) - Added global filter 'safety' (class=org.apache.hadoop.hdds.server.http.HttpServer2$QuotingInputFilter)
2023-01-24 12:22:42,221 [Listener at 0.0.0.0/40091] INFO  http.HttpServer2 (HttpServer2.java:addFilter(1007)) - Added filter static_user_filter (class=org.apache.hadoop.http.lib.StaticUserWebFilter$StaticUserFilter) to context scm
2023-01-24 12:22:42,221 [Listener at 0.0.0.0/40091] INFO  http.HttpServer2 (HttpServer2.java:addFilter(1015)) - Added filter static_user_filter (class=org.apache.hadoop.http.lib.StaticUserWebFilter$StaticUserFilter) to context logs
2023-01-24 12:22:42,221 [Listener at 0.0.0.0/40091] INFO  http.HttpServer2 (HttpServer2.java:addFilter(1015)) - Added filter static_user_filter (class=org.apache.hadoop.http.lib.StaticUserWebFilter$StaticUserFilter) to context static
2023-01-24 12:22:42,258 [Listener at 0.0.0.0/40091] INFO  http.HttpServer2 (HttpServer2.java:bindListener(1250)) - Jetty bound to port 34051
2023-01-24 12:22:42,260 [Listener at 0.0.0.0/40091] INFO  server.Server (Server.java:doStart(375)) - jetty-9.4.49.v20220914; built: 2022-09-14T01:07:36.601Z; git: 4231a3b2e4cb8548a412a789936d640a97b1aa0a; jvm 1.8.0_352-b08
2023-01-24 12:22:42,287 [Listener at 0.0.0.0/40091] INFO  server.session (DefaultSessionIdManager.java:doStart(334)) - DefaultSessionIdManager workerName=node0
2023-01-24 12:22:42,287 [Listener at 0.0.0.0/40091] INFO  server.session (DefaultSessionIdManager.java:doStart(339)) - No SessionScavenger set, using defaults
2023-01-24 12:22:42,289 [Listener at 0.0.0.0/40091] INFO  server.session (HouseKeeper.java:startScavenging(132)) - node0 Scavenging every 660000ms
2023-01-24 12:22:42,301 [Listener at 0.0.0.0/40091] INFO  handler.ContextHandler (ContextHandler.java:doStart(921)) - Started o.e.j.s.ServletContextHandler@4d529bc0{logs,/logs,file:///home/runner/work/ozone/ozone/hadoop-ozone/integration-test/target/log,AVAILABLE}
2023-01-24 12:22:42,301 [Listener at 0.0.0.0/40091] INFO  handler.ContextHandler (ContextHandler.java:doStart(921)) - Started o.e.j.s.ServletContextHandler@22657db1{static,/static,file:///home/runner/work/ozone/ozone/hadoop-ozone/integration-test/target/test-classes/webapps/static,AVAILABLE}
2023-01-24 12:22:42,350 [Listener at 0.0.0.0/40091] INFO  handler.ContextHandler (ContextHandler.java:doStart(921)) - Started o.e.j.w.WebAppContext@2df24f19{scm,/,file:///home/runner/work/ozone/ozone/hadoop-ozone/integration-test/target/test-classes/webapps/scm/,AVAILABLE}{file:/home/runner/work/ozone/ozone/hadoop-ozone/integration-test/target/test-classes/webapps/scm}
2023-01-24 12:22:42,361 [Listener at 0.0.0.0/40091] INFO  server.AbstractConnector (AbstractConnector.java:doStart(333)) - Started ServerConnector@3f919230{HTTP/1.1, (http/1.1)}{0.0.0.0:34051}
2023-01-24 12:22:42,362 [Listener at 0.0.0.0/40091] INFO  server.Server (Server.java:doStart(415)) - Started @4277ms
2023-01-24 12:22:42,365 [Listener at 0.0.0.0/40091] INFO  impl.MetricsSinkAdapter (MetricsSinkAdapter.java:start(204)) - Sink prometheus started
2023-01-24 12:22:42,365 [Listener at 0.0.0.0/40091] INFO  impl.MetricsSystemImpl (MetricsSystemImpl.java:registerSink(305)) - Registered sink prometheus
2023-01-24 12:22:42,367 [Listener at 0.0.0.0/40091] INFO  http.BaseHttpServer (BaseHttpServer.java:updateConnectorAddress(333)) - HTTP server of scm listening at http://0.0.0.0:34051
2023-01-24 12:22:42,368 [Listener at 0.0.0.0/40091] WARN  server.ServerUtils (ServerUtils.java:getDBPath(225)) - ozone.om.db.dirs is not configured. We recommend adding this setting. Falling back to ozone.metadata.dirs instead.
2023-01-24 12:22:42,446 [Listener at 0.0.0.0/40091] INFO  audit.AuditLogger (AuditLogger.java:refreshDebugCmdSet(126)) - Refresh DebugCmdSet for OMAudit to [].
2023-01-24 12:22:42,529 [Listener at 0.0.0.0/40091] INFO  ha.OMHANodeDetails (OMHANodeDetails.java:loadOMHAConfig(115)) - ozone.om.internal.service.id is not defined, falling back to ozone.om.service.ids to find serviceID for OzoneManager if it is HA enabled cluster
2023-01-24 12:22:42,532 [Listener at 0.0.0.0/40091] INFO  ha.OMHANodeDetails (OMHANodeDetails.java:loadOMHAConfig(226)) - Configuration does not have ozone.om.address set. Falling back to the default OM address /127.0.0.1:0
2023-01-24 12:22:42,532 [Listener at 0.0.0.0/40091] INFO  ha.OMHANodeDetails (OMHANodeDetails.java:getOMNodeDetailsForNonHA(254)) - OM Service ID is not set. Setting it to the default ID: omServiceIdDefault
2023-01-24 12:22:42,532 [Listener at 0.0.0.0/40091] INFO  ha.OMHANodeDetails (OMHANodeDetails.java:getOMNodeDetailsForNonHA(261)) - OM Node ID is not set. Setting it to the default ID: om1
2023-01-24 12:22:42,536 [Listener at 0.0.0.0/40091] WARN  server.ServerUtils (ServerUtils.java:getDBPath(225)) - ozone.om.db.dirs is not configured. We recommend adding this setting. Falling back to ozone.metadata.dirs instead.
2023-01-24 12:22:42,539 [Listener at 0.0.0.0/40091] INFO  upgrade.AbstractLayoutVersionManager (AbstractLayoutVersionManager.java:init(83)) - Initializing Layout version manager with metadata layout = MULTITENANCY_SCHEMA (version = 3), software layout = MULTITENANCY_SCHEMA (version = 3)
2023-01-24 12:22:42,620 [Listener at 0.0.0.0/40091] INFO  reflections.Reflections (Reflections.java:scan(232)) - Reflections took 74 ms to scan 2 urls, producing 155 keys and 428 values [using 2 cores]
2023-01-24 12:22:42,626 [Listener at 0.0.0.0/40091] INFO  upgrade.OMLayoutVersionManager (OMLayoutVersionManager.java:lambda$0(115)) - Skipping Upgrade Action MockOmUpgradeAction since it has been finalized.
2023-01-24 12:22:42,627 [Listener at 0.0.0.0/40091] WARN  server.ServerUtils (ServerUtils.java:getDBPath(225)) - ozone.om.db.dirs is not configured. We recommend adding this setting. Falling back to ozone.metadata.dirs instead.
2023-01-24 12:22:42,783 [Listener at 0.0.0.0/40091] INFO  proxy.SCMBlockLocationFailoverProxyProvider (SCMBlockLocationFailoverProxyProvider.java:<init>(114)) - Created block location fail-over proxy with 1 nodes: [nodeId=scmNodeId,nodeAddress=/0.0.0.0:38451]
2023-01-24 12:22:42,819 [Listener at 0.0.0.0/40091] INFO  proxy.SCMBlockLocationFailoverProxyProvider (SCMBlockLocationFailoverProxyProvider.java:<init>(114)) - Created block location fail-over proxy with 1 nodes: [nodeId=scmNodeId,nodeAddress=/0.0.0.0:38451]
2023-01-24 12:22:42,996 [Listener at 0.0.0.0/40091] WARN  server.ServerUtils (ServerUtils.java:getDBPath(225)) - ozone.om.db.dirs is not configured. We recommend adding this setting. Falling back to ozone.metadata.dirs instead.
2023-01-24 12:22:43,001 [Listener at 0.0.0.0/40091] INFO  codec.OmKeyInfoCodec (OmKeyInfoCodec.java:<init>(49)) - OmKeyInfoCodec ignorePipeline = true
2023-01-24 12:22:43,003 [Listener at 0.0.0.0/40091] INFO  codec.RepeatedOmKeyInfoCodec (RepeatedOmKeyInfoCodec.java:<init>(41)) - RepeatedOmKeyInfoCodec ignorePipeline = true
2023-01-24 12:22:43,149 [Listener at 0.0.0.0/40091] INFO  om.OzoneManager (OzoneManager.java:instantiateServices(718)) - S3 Multi-Tenancy is disabled
2023-01-24 12:22:43,239 [Listener at 0.0.0.0/40091] INFO  om.OzoneManager (OzoneManager.java:addS3GVolumeToDB(4310)) - Created Volume s3v With Owner runner required for S3Gateway operations.
2023-01-24 12:22:43,291 [Listener at 0.0.0.0/40091] WARN  server.ServerUtils (ServerUtils.java:getDefaultRatisDirectory(237)) - Storage directory for Ratis is not configured. It is a good idea to map this to an SSD disk. Falling back to ozone.metadata.dirs
2023-01-24 12:22:43,292 [Listener at 0.0.0.0/40091] WARN  utils.OzoneManagerRatisUtils (OzoneManagerRatisUtils.java:getOMRatisSnapshotDirectory(431)) - ozone.om.ratis.snapshot.dir is not configured. Falling back to ozone.metadata.dirs config
2023-01-24 12:22:43,312 [Listener at 0.0.0.0/40091] WARN  server.ServerUtils (ServerUtils.java:getDefaultRatisDirectory(237)) - Storage directory for Ratis is not configured. It is a good idea to map this to an SSD disk. Falling back to ozone.metadata.dirs
2023-01-24 12:22:43,342 [Listener at 0.0.0.0/40091] INFO  ratis.OzoneManagerRatisServer (OzoneManagerRatisServer.java:<init>(160)) - Instantiating OM Ratis server with groupID: omServiceIdDefault and peers: localhost:9872
2023-01-24 12:22:43,350 [Listener at 0.0.0.0/40091] INFO  ratis.OzoneManagerStateMachine (OzoneManagerStateMachine.java:loadSnapshotInfoFromDB(636)) - LastAppliedIndex is set from TransactionInfo from OM DB as (t:0, i:~)
2023-01-24 12:22:43,409 [Listener at 0.0.0.0/40091] INFO  server.RaftServer (ConfUtils.java:logGet(46)) - raft.rpc.type = GRPC (default)
2023-01-24 12:22:43,492 [Listener at 0.0.0.0/40091] INFO  grpc.GrpcConfigKeys (ConfUtils.java:logFallback(53)) - raft.grpc.admin.host = null (fallback to raft.grpc.server.host)
2023-01-24 12:22:43,494 [Listener at 0.0.0.0/40091] INFO  grpc.GrpcConfigKeys (ConfUtils.java:logFallback(53)) - raft.grpc.admin.port = 9872 (fallback to raft.grpc.server.port)
2023-01-24 12:22:43,494 [Listener at 0.0.0.0/40091] INFO  grpc.GrpcConfigKeys (ConfUtils.java:logFallback(53)) - raft.grpc.client.host = null (fallback to raft.grpc.server.host)
2023-01-24 12:22:43,495 [Listener at 0.0.0.0/40091] INFO  grpc.GrpcConfigKeys (ConfUtils.java:logFallback(53)) - raft.grpc.client.port = 9872 (fallback to raft.grpc.server.port)
2023-01-24 12:22:43,495 [Listener at 0.0.0.0/40091] INFO  grpc.GrpcConfigKeys (ConfUtils.java:logGet(46)) - raft.grpc.server.host = null (default)
2023-01-24 12:22:43,495 [Listener at 0.0.0.0/40091] INFO  grpc.GrpcConfigKeys (ConfUtils.java:logGet(46)) - raft.grpc.server.port = 9872 (custom)
2023-01-24 12:22:43,496 [Listener at 0.0.0.0/40091] INFO  server.GrpcService (ConfUtils.java:logGet(46)) - raft.grpc.message.size.max = 33554432 (custom)
2023-01-24 12:22:43,498 [Listener at 0.0.0.0/40091] INFO  server.RaftServerConfigKeys (ConfUtils.java:logGet(46)) - raft.server.log.appender.buffer.byte-limit = 33554432 (custom)
2023-01-24 12:22:43,499 [Listener at 0.0.0.0/40091] INFO  server.GrpcService (ConfUtils.java:logGet(46)) - raft.grpc.flow.control.window = 1MB (=1048576) (default)
2023-01-24 12:22:43,499 [Listener at 0.0.0.0/40091] INFO  server.RaftServerConfigKeys (ConfUtils.java:logGet(46)) - raft.server.rpc.request.timeout = 3000ms (default)
2023-01-24 12:22:43,512 [Listener at 0.0.0.0/40091] INFO  grpc.GrpcConfigKeys (ConfUtils.java:logGet(46)) - raft.grpc.server.heartbeat.channel = true (default)
2023-01-24 12:22:43,516 [Listener at 0.0.0.0/40091] INFO  grpc.GrpcConfigKeys (ConfUtils.java:logGet(46)) - raft.grpc.server.async.request.thread.pool.cached = true (default)
2023-01-24 12:22:43,517 [Listener at 0.0.0.0/40091] INFO  grpc.GrpcConfigKeys (ConfUtils.java:logGet(46)) - raft.grpc.server.async.request.thread.pool.size = 32 (default)
2023-01-24 12:22:43,773 [Listener at 0.0.0.0/40091] INFO  impl.DataStreamServerImpl (ConfUtils.java:logGet(46)) - raft.datastream.type = NETTY (custom)
2023-01-24 12:22:43,793 [Listener at 0.0.0.0/40091] INFO  server.RaftServerConfigKeys (ConfUtils.java:logGet(46)) - raft.server.data-stream.async.request.thread.pool.cached = false (default)
2023-01-24 12:22:43,795 [Listener at 0.0.0.0/40091] INFO  server.RaftServerConfigKeys (ConfUtils.java:logGet(46)) - raft.server.data-stream.async.request.thread.pool.size = 32 (default)
2023-01-24 12:22:43,796 [Listener at 0.0.0.0/40091] INFO  server.RaftServerConfigKeys (ConfUtils.java:logGet(46)) - raft.server.data-stream.async.write.thread.pool.size = 16 (default)
2023-01-24 12:22:43,797 [Listener at 0.0.0.0/40091] INFO  server.RaftServerConfigKeys (ConfUtils.java:logGet(46)) - raft.server.data-stream.client.pool.size = 10 (default)
2023-01-24 12:22:43,801 [Listener at 0.0.0.0/40091] INFO  netty.NettyConfigKeys$DataStream (ConfUtils.java:logGet(46)) - raft.netty.dataStream.server.use-epoll = false (default)
2023-01-24 12:22:43,801 [Listener at 0.0.0.0/40091] INFO  netty.NettyConfigKeys$DataStream (ConfUtils.java:logGet(46)) - raft.netty.dataStream.server.boss-group.size = 0 (default)
2023-01-24 12:22:43,808 [Listener at 0.0.0.0/40091] INFO  netty.NettyConfigKeys$DataStream (ConfUtils.java:logGet(46)) - raft.netty.dataStream.server.worker-group.size = 0 (default)
2023-01-24 12:22:43,809 [Listener at 0.0.0.0/40091] INFO  netty.NettyConfigKeys$DataStream (ConfUtils.java:logGet(46)) - raft.netty.dataStream.server.tls.conf = null (default)
2023-01-24 12:22:43,810 [Listener at 0.0.0.0/40091] INFO  netty.NettyConfigKeys$DataStream (ConfUtils.java:logGet(46)) - raft.netty.dataStream.host = null (default)
2023-01-24 12:22:43,810 [Listener at 0.0.0.0/40091] INFO  netty.NettyConfigKeys$DataStream (ConfUtils.java:logGet(46)) - raft.netty.dataStream.port = 0 (default)
2023-01-24 12:22:43,860 [Listener at 0.0.0.0/40091] INFO  server.RaftServerConfigKeys (ConfUtils.java:logGet(46)) - raft.server.threadpool.proxy.cached = true (default)
2023-01-24 12:22:43,861 [Listener at 0.0.0.0/40091] INFO  server.RaftServerConfigKeys (ConfUtils.java:logGet(46)) - raft.server.threadpool.proxy.size = 0 (default)
2023-01-24 12:22:43,861 [Listener at 0.0.0.0/40091] INFO  server.RaftServerConfigKeys (ConfUtils.java:logGet(46)) - raft.server.rpc.slowness.timeout = 120s (custom)
2023-01-24 12:22:43,861 [Listener at 0.0.0.0/40091] INFO  server.RaftServerConfigKeys (ConfUtils.java:logGet(46)) - raft.server.leaderelection.leader.step-down.wait-time = 10s (default)
2023-01-24 12:22:43,865 [Listener at 0.0.0.0/40091] INFO  server.RaftServerConfigKeys (ConfUtils.java:logGet(46)) - raft.server.storage.dir = [/home/runner/work/ozone/ozone/hadoop-ozone/integration-test/target/test-dir/MiniOzoneClusterImpl-9ddee5dd-a9b0-4f84-bf8c-5f63b859aaaf/ozone-meta/ratis] (custom)
2023-01-24 12:22:43,890 [Listener at 0.0.0.0/40091] INFO  server.RaftServer (RaftServerProxy.java:addNew(96)) - om1: addNew group-C5BA1605619E:[om1|rpc:localhost:9872|priority:0|startupRole:FOLLOWER] returns group-C5BA1605619E:java.util.concurrent.CompletableFuture@451f5e53[Not completed]
2023-01-24 12:22:43,890 [Listener at 0.0.0.0/40091] INFO  om.OzoneManager (OzoneManager.java:initializeRatisServer(2002)) - OzoneManager Ratis server initialized at port 9872
2023-01-24 12:22:43,904 [om1-NettyServerStreamRpc-bossGroup--thread1] INFO  logging.LoggingHandler (AbstractInternalLogger.java:log(148)) - [id: 0x55a82685] REGISTERED
2023-01-24 12:22:43,916 [pool-54-thread-1] INFO  server.RaftServer$Division (RaftServerImpl.java:<init>(195)) - om1: new RaftServerImpl for group-C5BA1605619E:[om1|rpc:localhost:9872|priority:0|startupRole:FOLLOWER] with OzoneManagerStateMachine:uninitialized
2023-01-24 12:22:43,917 [om1-NettyServerStreamRpc-bossGroup--thread1] INFO  logging.LoggingHandler (AbstractInternalLogger.java:log(148)) - [id: 0x55a82685] BIND: 0.0.0.0/0.0.0.0:0
2023-01-24 12:22:43,927 [Listener at 0.0.0.0/40091] INFO  om.OzoneManager (OzoneManager.java:getRpcServer(1125)) - Creating RPC Server
2023-01-24 12:22:43,920 [pool-54-thread-1] INFO  server.RaftServerConfigKeys (ConfUtils.java:logGet(46)) - raft.server.rpc.timeout.min = 1s (custom)
2023-01-24 12:22:43,935 [pool-54-thread-1] INFO  server.RaftServerConfigKeys (ConfUtils.java:logGet(46)) - raft.server.rpc.timeout.max = 1200ms (custom)
2023-01-24 12:22:43,935 [pool-54-thread-1] INFO  server.RaftServerConfigKeys (ConfUtils.java:logGet(46)) - raft.server.rpc.sleep.time = 25ms (default)
2023-01-24 12:22:43,935 [pool-54-thread-1] INFO  server.RaftServerConfigKeys (ConfUtils.java:logGet(46)) - raft.server.rpc.slowness.timeout = 120s (custom)
2023-01-24 12:22:43,935 [pool-54-thread-1] INFO  server.RaftServerConfigKeys (ConfUtils.java:logGet(46)) - raft.server.leaderelection.leader.step-down.wait-time = 10s (default)
2023-01-24 12:22:43,935 [pool-54-thread-1] INFO  server.RaftServerConfigKeys (ConfUtils.java:logGet(46)) - raft.server.sleep.deviation.threshold = 300ms (default)
2023-01-24 12:22:43,936 [om1-NettyServerStreamRpc-bossGroup--thread1] INFO  logging.LoggingHandler (AbstractInternalLogger.java:log(148)) - [id: 0x55a82685, L:/0:0:0:0:0:0:0:0:34935] ACTIVE
2023-01-24 12:22:43,962 [pool-54-thread-1] INFO  server.RaftServer$Division (ServerState.java:<init>(118)) - om1@group-C5BA1605619E: ConfigurationManager, init=-1: peers:[om1|rpc:localhost:9872|priority:0|startupRole:FOLLOWER]|listeners:[], old=null, confs=<EMPTY_MAP>
2023-01-24 12:22:43,962 [pool-54-thread-1] INFO  server.RaftServerConfigKeys (ConfUtils.java:logGet(46)) - raft.server.storage.dir = [/home/runner/work/ozone/ozone/hadoop-ozone/integration-test/target/test-dir/MiniOzoneClusterImpl-9ddee5dd-a9b0-4f84-bf8c-5f63b859aaaf/ozone-meta/ratis] (custom)
2023-01-24 12:22:43,973 [pool-54-thread-1] INFO  server.RaftServerConfigKeys (ConfUtils.java:logGet(46)) - raft.server.log.corruption.policy = EXCEPTION (default)
2023-01-24 12:22:43,974 [pool-54-thread-1] INFO  server.RaftServerConfigKeys (ConfUtils.java:logGet(46)) - raft.server.storage.free-space.min = 0MB (=0) (default)
2023-01-24 12:22:43,980 [pool-54-thread-1] INFO  server.RaftServerConfigKeys (ConfUtils.java:logGet(46)) - raft.server.notification.no-leader.timeout = 120s (custom)
2023-01-24 12:22:43,989 [pool-54-thread-1] INFO  server.RaftServerConfigKeys (ConfUtils.java:logGet(46)) - raft.server.retrycache.expirytime = 300s (custom)
2023-01-24 12:22:43,989 [pool-54-thread-1] INFO  server.RaftServerConfigKeys (ConfUtils.java:logGet(46)) - raft.server.retrycache.statistics.expirytime = 100μs (default)
2023-01-24 12:22:44,128 [pool-54-thread-1] INFO  server.RaftServerConfigKeys (ConfUtils.java:logGet(46)) - raft.server.log.appender.install.snapshot.enabled = false (custom)
2023-01-24 12:22:44,128 [pool-54-thread-1] INFO  server.RaftServerConfigKeys (ConfUtils.java:logGet(46)) - raft.server.threadpool.server.cached = true (default)
2023-01-24 12:22:44,129 [pool-54-thread-1] INFO  server.RaftServerConfigKeys (ConfUtils.java:logGet(46)) - raft.server.threadpool.server.size = 0 (default)
2023-01-24 12:22:44,130 [pool-54-thread-1] INFO  server.RaftServerConfigKeys (ConfUtils.java:logGet(46)) - raft.server.threadpool.client.cached = true (default)
2023-01-24 12:22:44,131 [pool-54-thread-1] INFO  server.RaftServerConfigKeys (ConfUtils.java:logGet(46)) - raft.server.threadpool.client.size = 0 (default)
2023-01-24 12:22:44,609 [Listener at 0.0.0.0/40091] INFO  reflections.Reflections (Reflections.java:scan(232)) - Reflections took 610 ms to scan 19 urls, producing 67 keys and 4585 values [using 2 cores]
2023-01-24 12:22:44,890 [Listener at 0.0.0.0/40091] INFO  ipc.CallQueueManager (CallQueueManager.java:<init>(90)) - Using callQueue: class java.util.concurrent.LinkedBlockingQueue, queueCapacity: 2000, scheduler: class org.apache.hadoop.ipc.DefaultRpcScheduler, ipcBackoff: false.
2023-01-24 12:22:44,891 [Socket Reader #1 for port 0] INFO  ipc.Server (Server.java:run(1273)) - Starting Socket Reader #1 for port 0
2023-01-24 12:22:44,933 [Listener at 127.0.0.1/46625] INFO  impl.MetricsSystemImpl (MetricsSystemImpl.java:init(158)) - OzoneManager metrics system started (again)
2023-01-24 12:22:44,949 [Listener at 127.0.0.1/46625] INFO  om.OzoneManager (OzoneManager.java:start(1509)) - OzoneManager RPC server is listening at localhost/127.0.0.1:46625
2023-01-24 12:22:44,949 [Listener at 127.0.0.1/46625] INFO  ratis.OzoneManagerRatisServer (OzoneManagerRatisServer.java:start(555)) - Starting OzoneManagerRatisServer om1 at port 9872
2023-01-24 12:22:44,953 [om1-impl-thread1] INFO  storage.RaftStorageDirectory (RaftStorageDirectoryImpl.java:analyzeStorage(137)) - The storage directory /home/runner/work/ozone/ozone/hadoop-ozone/integration-test/target/test-dir/MiniOzoneClusterImpl-9ddee5dd-a9b0-4f84-bf8c-5f63b859aaaf/ozone-meta/ratis/bf265839-605b-3f16-9796-c5ba1605619e does not exist. Creating ...
2023-01-24 12:22:44,957 [om1-impl-thread1] INFO  storage.RaftStorageDirectory (RaftStorageDirectoryImpl.java:tryLock(231)) - Lock on /home/runner/work/ozone/ozone/hadoop-ozone/integration-test/target/test-dir/MiniOzoneClusterImpl-9ddee5dd-a9b0-4f84-bf8c-5f63b859aaaf/ozone-meta/ratis/bf265839-605b-3f16-9796-c5ba1605619e/in_use.lock acquired by nodename 59439@fv-az83-645
2023-01-24 12:22:44,962 [om1-impl-thread1] INFO  storage.RaftStorage (RaftStorageImpl.java:format(96)) - Storage directory /home/runner/work/ozone/ozone/hadoop-ozone/integration-test/target/test-dir/MiniOzoneClusterImpl-9ddee5dd-a9b0-4f84-bf8c-5f63b859aaaf/ozone-meta/ratis/bf265839-605b-3f16-9796-c5ba1605619e has been successfully formatted.
2023-01-24 12:22:44,964 [om1-impl-thread1] INFO  server.RaftServerConfigKeys (ConfUtils.java:logGet(46)) - raft.server.log.use.memory = false (default)
2023-01-24 12:22:44,971 [om1-impl-thread1] INFO  server.RaftServerConfigKeys (ConfUtils.java:logGet(46)) - raft.server.log.purge.gap = 1000000 (custom)
2023-01-24 12:22:44,971 [om1-impl-thread1] INFO  server.RaftServerConfigKeys (ConfUtils.java:logGet(46)) - raft.server.log.appender.buffer.byte-limit = 33554432 (custom)
2023-01-24 12:22:44,973 [om1-impl-thread1] INFO  server.RaftServerConfigKeys (ConfUtils.java:logGet(46)) - raft.server.log.statemachine.data.read.timeout = 1000ms (default)
2023-01-24 12:22:44,974 [om1-impl-thread1] INFO  server.RaftServerConfigKeys (ConfUtils.java:logGet(46)) - raft.server.log.purge.preservation.log.num = 0 (default)
2023-01-24 12:22:44,976 [om1-impl-thread1] INFO  server.RaftServerConfigKeys (ConfUtils.java:logGet(46)) - raft.server.log.segment.size.max = 4194304 (custom)
2023-01-24 12:22:44,981 [om1-impl-thread1] INFO  server.RaftServerConfigKeys (ConfUtils.java:logGet(46)) - raft.server.log.segment.cache.num.max = 2 (custom)
2023-01-24 12:22:44,981 [om1-impl-thread1] INFO  server.RaftServerConfigKeys (ConfUtils.java:logGet(46)) - raft.server.log.segment.cache.size.max = 200MB (=209715200) (default)
2023-01-24 12:22:44,987 [om1-impl-thread1] INFO  segmented.SegmentedRaftLogWorker (SegmentedRaftLogWorker.java:<init>(189)) - new om1@group-C5BA1605619E-SegmentedRaftLogWorker for RaftStorageImpl:Storage Directory /home/runner/work/ozone/ozone/hadoop-ozone/integration-test/target/test-dir/MiniOzoneClusterImpl-9ddee5dd-a9b0-4f84-bf8c-5f63b859aaaf/ozone-meta/ratis/bf265839-605b-3f16-9796-c5ba1605619e
2023-01-24 12:22:44,987 [om1-impl-thread1] INFO  server.RaftServerConfigKeys (ConfUtils.java:logGet(46)) - raft.server.log.queue.byte-limit = 64MB (=67108864) (default)
2023-01-24 12:22:44,988 [om1-impl-thread1] INFO  server.RaftServerConfigKeys (ConfUtils.java:logGet(46)) - raft.server.log.queue.element-limit = 4096 (default)
2023-01-24 12:22:44,988 [om1-impl-thread1] INFO  server.RaftServerConfigKeys (ConfUtils.java:logGet(46)) - raft.server.log.segment.size.max = 4194304 (custom)
2023-01-24 12:22:44,989 [om1-impl-thread1] INFO  server.RaftServerConfigKeys (ConfUtils.java:logGet(46)) - raft.server.log.preallocated.size = 4194304 (custom)
2023-01-24 12:22:44,989 [om1-impl-thread1] INFO  server.RaftServerConfigKeys (ConfUtils.java:logGet(46)) - raft.server.log.force.sync.num = 128 (default)
2023-01-24 12:22:44,990 [om1-impl-thread1] INFO  server.RaftServerConfigKeys (ConfUtils.java:logGet(46)) - raft.server.log.statemachine.data.sync = true (default)
2023-01-24 12:22:44,990 [om1-impl-thread1] INFO  server.RaftServerConfigKeys (ConfUtils.java:logGet(46)) - raft.server.log.statemachine.data.sync.timeout = 10s (default)
2023-01-24 12:22:44,990 [om1-impl-thread1] INFO  server.RaftServerConfigKeys (ConfUtils.java:logGet(46)) - raft.server.log.statemachine.data.sync.timeout.retry = -1 (default)
2023-01-24 12:22:44,997 [om1-impl-thread1] INFO  server.RaftServerConfigKeys (ConfUtils.java:logGet(46)) - raft.server.log.write.buffer.size = 64KB (=65536) (default)
2023-01-24 12:22:44,998 [om1-impl-thread1] INFO  server.RaftServerConfigKeys (ConfUtils.java:logGet(46)) - raft.server.log.appender.buffer.byte-limit = 33554432 (custom)
2023-01-24 12:22:45,001 [om1-impl-thread1] INFO  server.RaftServerConfigKeys (ConfUtils.java:logGet(46)) - raft.server.log.unsafe-flush.enabled = false (default)
2023-01-24 12:22:45,001 [om1-impl-thread1] INFO  server.RaftServerConfigKeys (ConfUtils.java:logGet(46)) - raft.server.log.async-flush.enabled = false (default)
2023-01-24 12:22:45,001 [om1-impl-thread1] INFO  server.RaftServerConfigKeys (ConfUtils.java:logGet(46)) - raft.server.log.statemachine.data.caching.enabled = false (default)
2023-01-24 12:22:45,007 [om1-impl-thread1] INFO  segmented.SegmentedRaftLogWorker (SegmentedRaftLogWorker.java:lambda$new$0(135)) - om1@group-C5BA1605619E-SegmentedRaftLogWorker: flushIndex: setUnconditionally 0 -> -1
2023-01-24 12:22:45,007 [om1-impl-thread1] INFO  segmented.SegmentedRaftLogWorker (SegmentedRaftLogWorker.java:lambda$new$0(135)) - om1@group-C5BA1605619E-SegmentedRaftLogWorker: safeCacheEvictIndex: setUnconditionally 0 -> -1
2023-01-24 12:22:45,009 [om1-impl-thread1] INFO  server.RaftServer$Division (RaftServerImpl.java:start(334)) - om1@group-C5BA1605619E: start as a follower, conf=-1: peers:[om1|rpc:localhost:9872|priority:0|startupRole:FOLLOWER]|listeners:[], old=null
2023-01-24 12:22:45,009 [om1-impl-thread1] INFO  server.RaftServer$Division (RaftServerImpl.java:setRole(321)) - om1@group-C5BA1605619E: changes role from      null to FOLLOWER at term 0 for startAsFollower
2023-01-24 12:22:45,011 [om1-impl-thread1] INFO  impl.RoleInfo (RoleInfo.java:updateAndGet(139)) - om1: start om1@group-C5BA1605619E-FollowerState
2023-01-24 12:22:45,012 [om1-impl-thread1] INFO  util.JmxRegister (JmxRegister.java:tryRegister(44)) - Successfully registered JMX Bean with object name Ratis:service=RaftServer,group=group-C5BA1605619E,id=om1
2023-01-24 12:22:45,013 [om1-impl-thread1] INFO  server.RaftServerConfigKeys (ConfUtils.java:logGet(46)) - raft.server.snapshot.auto.trigger.enabled = true (custom)
2023-01-24 12:22:45,014 [om1-impl-thread1] INFO  server.RaftServerConfigKeys (ConfUtils.java:logGet(46)) - raft.server.snapshot.auto.trigger.threshold = 400000 (default)
2023-01-24 12:22:45,014 [om1-impl-thread1] INFO  server.RaftServerConfigKeys (ConfUtils.java:logGet(46)) - raft.server.snapshot.retention.file.num = -1 (default)
2023-01-24 12:22:45,015 [om1-impl-thread1] INFO  server.RaftServerConfigKeys (ConfUtils.java:logGet(46)) - raft.server.log.purge.upto.snapshot.index = true (custom)
2023-01-24 12:22:45,019 [om1@group-C5BA1605619E-FollowerState] INFO  server.RaftServerConfigKeys (ConfUtils.java:logFallback(53)) - raft.server.rpc.first-election.timeout.min = 1s (fallback to raft.server.rpc.timeout.min)
2023-01-24 12:22:45,019 [om1@group-C5BA1605619E-FollowerState] INFO  server.RaftServerConfigKeys (ConfUtils.java:logFallback(53)) - raft.server.rpc.first-election.timeout.max = 1200ms (fallback to raft.server.rpc.timeout.max)
2023-01-24 12:22:45,022 [Listener at 127.0.0.1/46625] INFO  server.RaftServer (RaftServerProxy.java:startImpl(393)) - om1: start RPC server
2023-01-24 12:22:45,037 [Listener at 127.0.0.1/46625] INFO  server.GrpcService (GrpcService.java:startImpl(262)) - om1: GrpcService started, listening on 9872
2023-01-24 12:22:45,038 [Listener at 127.0.0.1/46625] INFO  om.OzoneManager (OzoneManager.java:start(1525)) - Version File has different layout version (3) than OM DB (null). That is expected if this OM has never been finalized to a newer layout version.
2023-01-24 12:22:45,040 [JvmPauseMonitor0] INFO  util.JvmPauseMonitor (JvmPauseMonitor.java:run(105)) - JvmPauseMonitor-om1: Started
2023-01-24 12:22:45,058 [Listener at 127.0.0.1/46625] INFO  http.BaseHttpServer (BaseHttpServer.java:newHttpServer2BuilderForOzone(213)) - Starting Web-server for ozoneManager at: http://0.0.0.0:0
2023-01-24 12:22:45,058 [Listener at 127.0.0.1/46625] INFO  http.BaseHttpServer (BaseHttpServer.java:<init>(108)) - Hadoop Security Enabled: false Ozone Security Enabled: false Ozone HTTP Security Enabled: false 
2023-01-24 12:22:45,060 [Listener at 127.0.0.1/46625] WARN  server.AuthenticationFilter (AuthenticationFilter.java:constructSecretProvider(240)) - Unable to initialize FileSignerSecretProvider, falling back to use random secrets. Reason: Could not read signature secret file: /home/runner/hadoop-http-auth-signature-secret
2023-01-24 12:22:45,061 [Listener at 127.0.0.1/46625] WARN  http.HttpRequestLog (HttpRequestLog.java:getRequestLog(103)) - Jetty request log can only be enabled using Log4j
2023-01-24 12:22:45,063 [Listener at 127.0.0.1/46625] INFO  http.HttpServer2 (HttpServer2.java:addGlobalFilter(1031)) - Added global filter 'safety' (class=org.apache.hadoop.hdds.server.http.HttpServer2$QuotingInputFilter)
2023-01-24 12:22:45,064 [Listener at 127.0.0.1/46625] INFO  http.HttpServer2 (HttpServer2.java:addFilter(1007)) - Added filter static_user_filter (class=org.apache.hadoop.http.lib.StaticUserWebFilter$StaticUserFilter) to context ozoneManager
2023-01-24 12:22:45,064 [Listener at 127.0.0.1/46625] INFO  http.HttpServer2 (HttpServer2.java:addFilter(1015)) - Added filter static_user_filter (class=org.apache.hadoop.http.lib.StaticUserWebFilter$StaticUserFilter) to context logs
2023-01-24 12:22:45,064 [Listener at 127.0.0.1/46625] INFO  http.HttpServer2 (HttpServer2.java:addFilter(1015)) - Added filter static_user_filter (class=org.apache.hadoop.http.lib.StaticUserWebFilter$StaticUserFilter) to context static
2023-01-24 12:22:45,066 [Listener at 127.0.0.1/46625] INFO  http.HttpServer2 (HttpServer2.java:bindListener(1250)) - Jetty bound to port 44817
2023-01-24 12:22:45,066 [Listener at 127.0.0.1/46625] INFO  server.Server (Server.java:doStart(375)) - jetty-9.4.49.v20220914; built: 2022-09-14T01:07:36.601Z; git: 4231a3b2e4cb8548a412a789936d640a97b1aa0a; jvm 1.8.0_352-b08
2023-01-24 12:22:45,068 [Listener at 127.0.0.1/46625] INFO  server.session (DefaultSessionIdManager.java:doStart(334)) - DefaultSessionIdManager workerName=node0
2023-01-24 12:22:45,068 [Listener at 127.0.0.1/46625] INFO  server.session (DefaultSessionIdManager.java:doStart(339)) - No SessionScavenger set, using defaults
2023-01-24 12:22:45,068 [Listener at 127.0.0.1/46625] INFO  server.session (HouseKeeper.java:startScavenging(132)) - node0 Scavenging every 660000ms
2023-01-24 12:22:45,069 [Listener at 127.0.0.1/46625] INFO  handler.ContextHandler (ContextHandler.java:doStart(921)) - Started o.e.j.s.ServletContextHandler@52f85a6c{logs,/logs,file:///home/runner/work/ozone/ozone/hadoop-ozone/integration-test/target/log,AVAILABLE}
2023-01-24 12:22:45,069 [Listener at 127.0.0.1/46625] INFO  handler.ContextHandler (ContextHandler.java:doStart(921)) - Started o.e.j.s.ServletContextHandler@29673fc0{static,/static,file:///home/runner/work/ozone/ozone/hadoop-ozone/integration-test/target/test-classes/webapps/static,AVAILABLE}
2023-01-24 12:22:45,073 [Listener at 127.0.0.1/46625] INFO  handler.ContextHandler (ContextHandler.java:doStart(921)) - Started o.e.j.w.WebAppContext@56743526{ozoneManager,/,file:///home/runner/work/ozone/ozone/hadoop-ozone/integration-test/target/test-classes/webapps/ozoneManager/,AVAILABLE}{file:/home/runner/work/ozone/ozone/hadoop-ozone/integration-test/target/test-classes/webapps/ozoneManager}
2023-01-24 12:22:45,078 [Listener at 127.0.0.1/46625] INFO  server.AbstractConnector (AbstractConnector.java:doStart(333)) - Started ServerConnector@2b06fc00{HTTP/1.1, (http/1.1)}{0.0.0.0:44817}
2023-01-24 12:22:45,078 [Listener at 127.0.0.1/46625] INFO  server.Server (Server.java:doStart(415)) - Started @6993ms
2023-01-24 12:22:45,078 [Listener at 127.0.0.1/46625] WARN  impl.MetricsSystemImpl (MetricsSystemImpl.java:register(279)) - Sink prometheus already exists!
2023-01-24 12:22:45,079 [Listener at 127.0.0.1/46625] INFO  http.BaseHttpServer (BaseHttpServer.java:updateConnectorAddress(333)) - HTTP server of ozoneManager listening at http://0.0.0.0:44817
2023-01-24 12:22:45,080 [IPC Server Responder] INFO  ipc.Server (Server.java:run(1512)) - IPC Server Responder: starting
2023-01-24 12:22:45,080 [IPC Server listener on 0] INFO  ipc.Server (Server.java:run(1352)) - IPC Server listener on 0: starting
2023-01-24 12:22:45,082 [Listener at 127.0.0.1/46625] INFO  om.OzoneManager (OzoneManager.java:startTrashEmptier(1946)) - Trash Interval set to 0. Files deleted won't move to trash
2023-01-24 12:22:45,095 [org.apache.hadoop.util.JvmPauseMonitor$Monitor@74d5c83] INFO  util.JvmPauseMonitor (JvmPauseMonitor.java:run(188)) - Starting JVM pause monitor
2023-01-24 12:22:45,204 [Listener at 127.0.0.1/46625] WARN  impl.MetricRegistriesImpl (MetricRegistriesImpl.java:addReporterRegistration(111)) - New reporters are added after registries were created. Some metrics will be missing from the reporter. Please add reporter before adding any new registry.
2023-01-24 12:22:45,205 [Listener at 127.0.0.1/46625] WARN  impl.MetricRegistriesImpl (MetricRegistriesImpl.java:addReporterRegistration(111)) - New reporters are added after registries were created. Some metrics will be missing from the reporter. Please add reporter before adding any new registry.
2023-01-24 12:22:45,205 [Listener at 127.0.0.1/46625] INFO  impl.MetricsSystemImpl (MetricsSystemImpl.java:init(158)) - HddsDatanode metrics system started (again)
2023-01-24 12:22:45,220 [Listener at 127.0.0.1/46625] INFO  ozone.HddsDatanodeService (HddsDatanodeService.java:start(228)) - HddsDatanodeService host:fv-az83-645.uavyq1izdhte5b0ne1us2eqzhb.jx.internal.cloudapp.net ip:10.1.1.14
2023-01-24 12:22:45,245 [Listener at 127.0.0.1/46625] INFO  upgrade.AbstractLayoutVersionManager (AbstractLayoutVersionManager.java:init(83)) - Initializing Layout version manager with metadata layout = DATANODE_SCHEMA_V3 (version = 4), software layout = DATANODE_SCHEMA_V3 (version = 4)
2023-01-24 12:22:45,295 [Listener at 127.0.0.1/46625] INFO  reflections.Reflections (Reflections.java:scan(232)) - Reflections took 48 ms to scan 7 urls, producing 149 keys and 357 values 
2023-01-24 12:22:45,298 [Listener at 127.0.0.1/46625] INFO  statemachine.DatanodeStateMachine (DatanodeStateMachine.java:getEndPointTaskThreadPoolSize(259)) - Datanode State Machine Task Thread Pool size 2
2023-01-24 12:22:45,347 [Listener at 127.0.0.1/46625] INFO  volume.HddsVolume (HddsVolume.java:<init>(117)) - Creating HddsVolume: /home/runner/work/ozone/ozone/hadoop-ozone/integration-test/target/test-dir/MiniOzoneClusterImpl-9ddee5dd-a9b0-4f84-bf8c-5f63b859aaaf/datanode-0/data-0/containers/hdds of storage type : DISK capacity : 9223372036854775807
2023-01-24 12:22:45,349 [Listener at 127.0.0.1/46625] INFO  volume.MutableVolumeSet (MutableVolumeSet.java:initializeVolumeSet(174)) - Added Volume : /home/runner/work/ozone/ozone/hadoop-ozone/integration-test/target/test-dir/MiniOzoneClusterImpl-9ddee5dd-a9b0-4f84-bf8c-5f63b859aaaf/datanode-0/data-0/containers/hdds to VolumeSet
2023-01-24 12:22:45,350 [Listener at 127.0.0.1/46625] INFO  volume.ThrottledAsyncChecker (ThrottledAsyncChecker.java:schedule(141)) - Scheduling a check for /home/runner/work/ozone/ozone/hadoop-ozone/integration-test/target/test-dir/MiniOzoneClusterImpl-9ddee5dd-a9b0-4f84-bf8c-5f63b859aaaf/datanode-0/data-0/containers/hdds
2023-01-24 12:22:45,370 [Listener at 127.0.0.1/46625] INFO  volume.StorageVolumeChecker (StorageVolumeChecker.java:checkAllVolumes(202)) - Scheduled health check for volume /home/runner/work/ozone/ozone/hadoop-ozone/integration-test/target/test-dir/MiniOzoneClusterImpl-9ddee5dd-a9b0-4f84-bf8c-5f63b859aaaf/datanode-0/data-0/containers/hdds
2023-01-24 12:22:45,386 [Listener at 127.0.0.1/46625] INFO  volume.MutableVolumeSet (MutableVolumeSet.java:initializeVolumeSet(174)) - Added Volume : /home/runner/work/ozone/ozone/hadoop-ozone/integration-test/target/test-dir/MiniOzoneClusterImpl-9ddee5dd-a9b0-4f84-bf8c-5f63b859aaaf/datanode-0/data/ratis to VolumeSet
2023-01-24 12:22:45,386 [Listener at 127.0.0.1/46625] INFO  volume.ThrottledAsyncChecker (ThrottledAsyncChecker.java:schedule(141)) - Scheduling a check for /home/runner/work/ozone/ozone/hadoop-ozone/integration-test/target/test-dir/MiniOzoneClusterImpl-9ddee5dd-a9b0-4f84-bf8c-5f63b859aaaf/datanode-0/data/ratis
2023-01-24 12:22:45,387 [Listener at 127.0.0.1/46625] INFO  volume.StorageVolumeChecker (StorageVolumeChecker.java:checkAllVolumes(202)) - Scheduled health check for volume /home/runner/work/ozone/ozone/hadoop-ozone/integration-test/target/test-dir/MiniOzoneClusterImpl-9ddee5dd-a9b0-4f84-bf8c-5f63b859aaaf/datanode-0/data/ratis
2023-01-24 12:22:45,410 [Thread-136] INFO  ozoneimpl.ContainerReader (ContainerReader.java:readVolume(175)) - Finish verifying containers on volume /home/runner/work/ozone/ozone/hadoop-ozone/integration-test/target/test-dir/MiniOzoneClusterImpl-9ddee5dd-a9b0-4f84-bf8c-5f63b859aaaf/datanode-0/data-0/containers/hdds
2023-01-24 12:22:45,410 [Listener at 127.0.0.1/46625] INFO  ozoneimpl.OzoneContainer (OzoneContainer.java:buildContainerSet(305)) - Build ContainerSet costs 0s
2023-01-24 12:22:45,455 [Listener at 127.0.0.1/46625] INFO  audit.AuditLogger (AuditLogger.java:refreshDebugCmdSet(126)) - Refresh DebugCmdSet for DNAudit to [].
2023-01-24 12:22:45,481 [Listener at 127.0.0.1/46625] INFO  server.RaftServer (ConfUtils.java:logGet(46)) - raft.rpc.type = GRPC (default)
2023-01-24 12:22:45,482 [Listener at 127.0.0.1/46625] INFO  grpc.GrpcConfigKeys (ConfUtils.java:logFallback(53)) - raft.grpc.admin.host = null (fallback to raft.grpc.server.host)
2023-01-24 12:22:45,482 [Listener at 127.0.0.1/46625] INFO  grpc.GrpcConfigKeys (ConfUtils.java:logGet(46)) - raft.grpc.admin.port = 0 (custom)
2023-01-24 12:22:45,482 [Listener at 127.0.0.1/46625] INFO  grpc.GrpcConfigKeys (ConfUtils.java:logFallback(53)) - raft.grpc.client.host = null (fallback to raft.grpc.server.host)
2023-01-24 12:22:45,482 [Listener at 127.0.0.1/46625] INFO  grpc.GrpcConfigKeys (ConfUtils.java:logGet(46)) - raft.grpc.client.port = 0 (custom)
2023-01-24 12:22:45,482 [Listener at 127.0.0.1/46625] INFO  grpc.GrpcConfigKeys (ConfUtils.java:logGet(46)) - raft.grpc.server.host = null (default)
2023-01-24 12:22:45,483 [Listener at 127.0.0.1/46625] INFO  grpc.GrpcConfigKeys (ConfUtils.java:logGet(46)) - raft.grpc.server.port = 0 (default)
2023-01-24 12:22:45,483 [Listener at 127.0.0.1/46625] INFO  server.GrpcService (ConfUtils.java:logGet(46)) - raft.grpc.message.size.max = 32MB (=33554432) (custom)
2023-01-24 12:22:45,483 [Listener at 127.0.0.1/46625] INFO  server.RaftServerConfigKeys (ConfUtils.java:logGet(46)) - raft.server.log.appender.buffer.byte-limit = 33554432 (custom)
2023-01-24 12:22:45,483 [Listener at 127.0.0.1/46625] INFO  server.GrpcService (ConfUtils.java:logGet(46)) - raft.grpc.flow.control.window = 5MB (=5242880) (custom)
2023-01-24 12:22:45,483 [Listener at 127.0.0.1/46625] INFO  server.RaftServerConfigKeys (ConfUtils.java:logGet(46)) - raft.server.rpc.request.timeout = 60s (custom)
2023-01-24 12:22:45,483 [Listener at 127.0.0.1/46625] INFO  grpc.GrpcConfigKeys (ConfUtils.java:logGet(46)) - raft.grpc.server.heartbeat.channel = true (default)
2023-01-24 12:22:45,483 [Listener at 127.0.0.1/46625] INFO  grpc.GrpcConfigKeys (ConfUtils.java:logGet(46)) - raft.grpc.server.async.request.thread.pool.cached = true (default)
2023-01-24 12:22:45,484 [Listener at 127.0.0.1/46625] INFO  grpc.GrpcConfigKeys (ConfUtils.java:logGet(46)) - raft.grpc.server.async.request.thread.pool.size = 32 (default)
2023-01-24 12:22:45,485 [Listener at 127.0.0.1/46625] INFO  impl.DataStreamServerImpl (ConfUtils.java:logGet(46)) - raft.datastream.type = NETTY (custom)
2023-01-24 12:22:45,485 [Listener at 127.0.0.1/46625] INFO  server.RaftServerConfigKeys (ConfUtils.java:logGet(46)) - raft.server.data-stream.async.request.thread.pool.cached = false (default)
2023-01-24 12:22:45,485 [Listener at 127.0.0.1/46625] INFO  server.RaftServerConfigKeys (ConfUtils.java:logGet(46)) - raft.server.data-stream.async.request.thread.pool.size = 20 (custom)
2023-01-24 12:22:45,485 [Listener at 127.0.0.1/46625] INFO  server.RaftServerConfigKeys (ConfUtils.java:logGet(46)) - raft.server.data-stream.async.write.thread.pool.size = 16 (default)
2023-01-24 12:22:45,485 [Listener at 127.0.0.1/46625] INFO  server.RaftServerConfigKeys (ConfUtils.java:logGet(46)) - raft.server.data-stream.client.pool.size = 10 (default)
2023-01-24 12:22:45,486 [Listener at 127.0.0.1/46625] INFO  netty.NettyConfigKeys$DataStream (ConfUtils.java:logGet(46)) - raft.netty.dataStream.server.use-epoll = false (default)
2023-01-24 12:22:45,486 [Listener at 127.0.0.1/46625] INFO  netty.NettyConfigKeys$DataStream (ConfUtils.java:logGet(46)) - raft.netty.dataStream.server.boss-group.size = 0 (default)
2023-01-24 12:22:45,486 [Listener at 127.0.0.1/46625] INFO  netty.NettyConfigKeys$DataStream (ConfUtils.java:logGet(46)) - raft.netty.dataStream.server.worker-group.size = 0 (default)
2023-01-24 12:22:45,502 [Listener at 127.0.0.1/46625] INFO  netty.NettyConfigKeys$DataStream (ConfUtils.java:logGet(46)) - raft.netty.dataStream.server.tls.conf = null (default)
2023-01-24 12:22:45,502 [Listener at 127.0.0.1/46625] INFO  netty.NettyConfigKeys$DataStream (ConfUtils.java:logGet(46)) - raft.netty.dataStream.host = null (default)
2023-01-24 12:22:45,502 [Listener at 127.0.0.1/46625] INFO  netty.NettyConfigKeys$DataStream (ConfUtils.java:logGet(46)) - raft.netty.dataStream.port = 0 (default)
2023-01-24 12:22:45,503 [Listener at 127.0.0.1/46625] INFO  server.RaftServerConfigKeys (ConfUtils.java:logGet(46)) - raft.server.threadpool.proxy.cached = true (default)
2023-01-24 12:22:45,503 [Listener at 127.0.0.1/46625] INFO  server.RaftServerConfigKeys (ConfUtils.java:logGet(46)) - raft.server.threadpool.proxy.size = 0 (default)
2023-01-24 12:22:45,503 [Listener at 127.0.0.1/46625] INFO  server.RaftServerConfigKeys (ConfUtils.java:logGet(46)) - raft.server.rpc.slowness.timeout = 300s (custom)
2023-01-24 12:22:45,503 [Listener at 127.0.0.1/46625] INFO  server.RaftServerConfigKeys (ConfUtils.java:logGet(46)) - raft.server.leaderelection.leader.step-down.wait-time = 10s (default)
2023-01-24 12:22:45,504 [Listener at 127.0.0.1/46625] INFO  server.RaftServerConfigKeys (ConfUtils.java:logGet(46)) - raft.server.storage.dir = [/home/runner/work/ozone/ozone/hadoop-ozone/integration-test/target/test-dir/MiniOzoneClusterImpl-9ddee5dd-a9b0-4f84-bf8c-5f63b859aaaf/datanode-0/data/ratis] (custom)
2023-01-24 12:22:45,507 [c6074cc5-da23-4fc2-b305-e072798acc5a-NettyServerStreamRpc-bossGroup--thread1] INFO  logging.LoggingHandler (AbstractInternalLogger.java:log(148)) - [id: 0xc249497f] REGISTERED
2023-01-24 12:22:45,507 [c6074cc5-da23-4fc2-b305-e072798acc5a-NettyServerStreamRpc-bossGroup--thread1] INFO  logging.LoggingHandler (AbstractInternalLogger.java:log(148)) - [id: 0xc249497f] BIND: 0.0.0.0/0.0.0.0:0
2023-01-24 12:22:45,507 [c6074cc5-da23-4fc2-b305-e072798acc5a-NettyServerStreamRpc-bossGroup--thread1] INFO  logging.LoggingHandler (AbstractInternalLogger.java:log(148)) - [id: 0xc249497f, L:/0:0:0:0:0:0:0:0:46483] ACTIVE
2023-01-24 12:22:45,529 [Listener at 127.0.0.1/46625] INFO  server.XceiverServerGrpc (XceiverServerGrpc.java:<init>(132)) - GrpcServer channel type EpollServerSocketChannel
2023-01-24 12:22:45,589 [Listener at 127.0.0.1/46625] INFO  http.BaseHttpServer (BaseHttpServer.java:newHttpServer2BuilderForOzone(213)) - Starting Web-server for hddsDatanode at: http://0.0.0.0:0
2023-01-24 12:22:45,589 [Listener at 127.0.0.1/46625] INFO  http.BaseHttpServer (BaseHttpServer.java:<init>(108)) - Hadoop Security Enabled: false Ozone Security Enabled: false Ozone HTTP Security Enabled: false 
2023-01-24 12:22:45,591 [Listener at 127.0.0.1/46625] WARN  server.AuthenticationFilter (AuthenticationFilter.java:constructSecretProvider(240)) - Unable to initialize FileSignerSecretProvider, falling back to use random secrets. Reason: Could not read signature secret file: /home/runner/hadoop-http-auth-signature-secret
2023-01-24 12:22:45,591 [Listener at 127.0.0.1/46625] WARN  http.HttpRequestLog (HttpRequestLog.java:getRequestLog(103)) - Jetty request log can only be enabled using Log4j
2023-01-24 12:22:45,593 [Listener at 127.0.0.1/46625] INFO  http.HttpServer2 (HttpServer2.java:addGlobalFilter(1031)) - Added global filter 'safety' (class=org.apache.hadoop.hdds.server.http.HttpServer2$QuotingInputFilter)
2023-01-24 12:22:45,594 [Listener at 127.0.0.1/46625] INFO  http.HttpServer2 (HttpServer2.java:addFilter(1007)) - Added filter static_user_filter (class=org.apache.hadoop.http.lib.StaticUserWebFilter$StaticUserFilter) to context hddsDatanode
2023-01-24 12:22:45,594 [Listener at 127.0.0.1/46625] INFO  http.HttpServer2 (HttpServer2.java:addFilter(1015)) - Added filter static_user_filter (class=org.apache.hadoop.http.lib.StaticUserWebFilter$StaticUserFilter) to context static
2023-01-24 12:22:45,594 [Listener at 127.0.0.1/46625] INFO  http.HttpServer2 (HttpServer2.java:addFilter(1015)) - Added filter static_user_filter (class=org.apache.hadoop.http.lib.StaticUserWebFilter$StaticUserFilter) to context logs
2023-01-24 12:22:45,595 [Listener at 127.0.0.1/46625] INFO  http.HttpServer2 (HttpServer2.java:bindListener(1250)) - Jetty bound to port 38777
2023-01-24 12:22:45,595 [Listener at 127.0.0.1/46625] INFO  server.Server (Server.java:doStart(375)) - jetty-9.4.49.v20220914; built: 2022-09-14T01:07:36.601Z; git: 4231a3b2e4cb8548a412a789936d640a97b1aa0a; jvm 1.8.0_352-b08
2023-01-24 12:22:45,599 [Listener at 127.0.0.1/46625] INFO  server.session (DefaultSessionIdManager.java:doStart(334)) - DefaultSessionIdManager workerName=node0
2023-01-24 12:22:45,599 [Listener at 127.0.0.1/46625] INFO  server.session (DefaultSessionIdManager.java:doStart(339)) - No SessionScavenger set, using defaults
2023-01-24 12:22:45,600 [Listener at 127.0.0.1/46625] INFO  server.session (HouseKeeper.java:startScavenging(132)) - node0 Scavenging every 600000ms
2023-01-24 12:22:45,600 [Listener at 127.0.0.1/46625] INFO  handler.ContextHandler (ContextHandler.java:doStart(921)) - Started o.e.j.s.ServletContextHandler@12d89095{logs,/logs,file:///home/runner/work/ozone/ozone/hadoop-ozone/integration-test/target/log,AVAILABLE}
2023-01-24 12:22:45,601 [Listener at 127.0.0.1/46625] INFO  handler.ContextHandler (ContextHandler.java:doStart(921)) - Started o.e.j.s.ServletContextHandler@731a83bd{static,/static,jar:file:/home/runner/.m2/repository/org/apache/ozone/hdds-container-service/1.4.0-SNAPSHOT/hdds-container-service-1.4.0-SNAPSHOT.jar!/webapps/static,AVAILABLE}
2023-01-24 12:22:45,790 [Listener at 127.0.0.1/46625] INFO  handler.ContextHandler (ContextHandler.java:doStart(921)) - Started o.e.j.w.WebAppContext@578d4551{hddsDatanode,/,file:///tmp/jetty-0_0_0_0-38777-hdds-container-service-1_4_0-SNAPSHOT_jar-_-any-5900837774722468840/webapp/,AVAILABLE}{jar:file:/home/runner/.m2/repository/org/apache/ozone/hdds-container-service/1.4.0-SNAPSHOT/hdds-container-service-1.4.0-SNAPSHOT.jar!/webapps/hddsDatanode}
2023-01-24 12:22:45,792 [Listener at 127.0.0.1/46625] INFO  server.AbstractConnector (AbstractConnector.java:doStart(333)) - Started ServerConnector@70685cad{HTTP/1.1, (http/1.1)}{0.0.0.0:38777}
2023-01-24 12:22:45,792 [Listener at 127.0.0.1/46625] INFO  server.Server (Server.java:doStart(415)) - Started @7707ms
2023-01-24 12:22:45,792 [Listener at 127.0.0.1/46625] WARN  impl.MetricsSystemImpl (MetricsSystemImpl.java:register(279)) - Sink prometheus already exists!
2023-01-24 12:22:45,793 [Listener at 127.0.0.1/46625] INFO  http.BaseHttpServer (BaseHttpServer.java:updateConnectorAddress(333)) - HTTP server of hddsDatanode listening at http://0.0.0.0:38777
2023-01-24 12:22:45,795 [Datanode State Machine Daemon Thread] INFO  statemachine.DatanodeStateMachine (DatanodeStateMachine.java:lambda$startDaemon$0(519)) - Ozone container server started.
2023-01-24 12:22:45,803 [Listener at 127.0.0.1/46625] WARN  impl.MetricRegistriesImpl (MetricRegistriesImpl.java:addReporterRegistration(111)) - New reporters are added after registries were created. Some metrics will be missing from the reporter. Please add reporter before adding any new registry.
2023-01-24 12:22:45,804 [Listener at 127.0.0.1/46625] WARN  impl.MetricRegistriesImpl (MetricRegistriesImpl.java:addReporterRegistration(111)) - New reporters are added after registries were created. Some metrics will be missing from the reporter. Please add reporter before adding any new registry.
2023-01-24 12:22:45,804 [Listener at 127.0.0.1/46625] INFO  impl.MetricsSystemImpl (MetricsSystemImpl.java:init(158)) - HddsDatanode metrics system started (again)
2023-01-24 12:22:45,815 [org.apache.hadoop.util.JvmPauseMonitor$Monitor@3f34f7ac] INFO  util.JvmPauseMonitor (JvmPauseMonitor.java:run(188)) - Starting JVM pause monitor
2023-01-24 12:22:45,833 [Listener at 127.0.0.1/46625] INFO  ozone.HddsDatanodeService (HddsDatanodeService.java:start(228)) - HddsDatanodeService host:fv-az83-645.uavyq1izdhte5b0ne1us2eqzhb.jx.internal.cloudapp.net ip:10.1.1.14
2023-01-24 12:22:45,859 [Listener at 127.0.0.1/46625] INFO  upgrade.AbstractLayoutVersionManager (AbstractLayoutVersionManager.java:init(83)) - Initializing Layout version manager with metadata layout = DATANODE_SCHEMA_V3 (version = 4), software layout = DATANODE_SCHEMA_V3 (version = 4)
2023-01-24 12:22:45,976 [Listener at 127.0.0.1/46625] INFO  reflections.Reflections (Reflections.java:scan(232)) - Reflections took 116 ms to scan 7 urls, producing 149 keys and 357 values 
2023-01-24 12:22:45,978 [Listener at 127.0.0.1/46625] INFO  statemachine.DatanodeStateMachine (DatanodeStateMachine.java:getEndPointTaskThreadPoolSize(259)) - Datanode State Machine Task Thread Pool size 2
2023-01-24 12:22:45,980 [Listener at 127.0.0.1/46625] INFO  volume.HddsVolume (HddsVolume.java:<init>(117)) - Creating HddsVolume: /home/runner/work/ozone/ozone/hadoop-ozone/integration-test/target/test-dir/MiniOzoneClusterImpl-9ddee5dd-a9b0-4f84-bf8c-5f63b859aaaf/datanode-1/data-0/containers/hdds of storage type : DISK capacity : 9223372036854775807
2023-01-24 12:22:45,980 [Listener at 127.0.0.1/46625] INFO  volume.MutableVolumeSet (MutableVolumeSet.java:initializeVolumeSet(174)) - Added Volume : /home/runner/work/ozone/ozone/hadoop-ozone/integration-test/target/test-dir/MiniOzoneClusterImpl-9ddee5dd-a9b0-4f84-bf8c-5f63b859aaaf/datanode-1/data-0/containers/hdds to VolumeSet
2023-01-24 12:22:45,980 [Listener at 127.0.0.1/46625] INFO  volume.ThrottledAsyncChecker (ThrottledAsyncChecker.java:schedule(141)) - Scheduling a check for /home/runner/work/ozone/ozone/hadoop-ozone/integration-test/target/test-dir/MiniOzoneClusterImpl-9ddee5dd-a9b0-4f84-bf8c-5f63b859aaaf/datanode-1/data-0/containers/hdds
2023-01-24 12:22:45,981 [Listener at 127.0.0.1/46625] INFO  volume.StorageVolumeChecker (StorageVolumeChecker.java:checkAllVolumes(202)) - Scheduled health check for volume /home/runner/work/ozone/ozone/hadoop-ozone/integration-test/target/test-dir/MiniOzoneClusterImpl-9ddee5dd-a9b0-4f84-bf8c-5f63b859aaaf/datanode-1/data-0/containers/hdds
2023-01-24 12:22:45,993 [Listener at 127.0.0.1/46625] INFO  volume.MutableVolumeSet (MutableVolumeSet.java:initializeVolumeSet(174)) - Added Volume : /home/runner/work/ozone/ozone/hadoop-ozone/integration-test/target/test-dir/MiniOzoneClusterImpl-9ddee5dd-a9b0-4f84-bf8c-5f63b859aaaf/datanode-1/data/ratis to VolumeSet
2023-01-24 12:22:45,993 [Listener at 127.0.0.1/46625] INFO  volume.ThrottledAsyncChecker (ThrottledAsyncChecker.java:schedule(141)) - Scheduling a check for /home/runner/work/ozone/ozone/hadoop-ozone/integration-test/target/test-dir/MiniOzoneClusterImpl-9ddee5dd-a9b0-4f84-bf8c-5f63b859aaaf/datanode-1/data/ratis
2023-01-24 12:22:45,993 [Listener at 127.0.0.1/46625] INFO  volume.StorageVolumeChecker (StorageVolumeChecker.java:checkAllVolumes(202)) - Scheduled health check for volume /home/runner/work/ozone/ozone/hadoop-ozone/integration-test/target/test-dir/MiniOzoneClusterImpl-9ddee5dd-a9b0-4f84-bf8c-5f63b859aaaf/datanode-1/data/ratis
2023-01-24 12:22:46,017 [Datanode State Machine Task Thread - 0] INFO  datanode.InitDatanodeState (InitDatanodeState.java:persistContainerDatanodeDetails(138)) - DatanodeDetails is persisted to /home/runner/work/ozone/ozone/hadoop-ozone/integration-test/target/test-dir/MiniOzoneClusterImpl-9ddee5dd-a9b0-4f84-bf8c-5f63b859aaaf/datanode-0/meta/datanode.id
2023-01-24 12:22:46,017 [Thread-150] INFO  ozoneimpl.ContainerReader (ContainerReader.java:readVolume(175)) - Finish verifying containers on volume /home/runner/work/ozone/ozone/hadoop-ozone/integration-test/target/test-dir/MiniOzoneClusterImpl-9ddee5dd-a9b0-4f84-bf8c-5f63b859aaaf/datanode-1/data-0/containers/hdds
2023-01-24 12:22:46,019 [Listener at 127.0.0.1/46625] INFO  ozoneimpl.OzoneContainer (OzoneContainer.java:buildContainerSet(305)) - Build ContainerSet costs 0s
2023-01-24 12:22:46,022 [Listener at 127.0.0.1/46625] INFO  server.RaftServer (ConfUtils.java:logGet(46)) - raft.rpc.type = GRPC (default)
2023-01-24 12:22:46,022 [Listener at 127.0.0.1/46625] INFO  grpc.GrpcConfigKeys (ConfUtils.java:logFallback(53)) - raft.grpc.admin.host = null (fallback to raft.grpc.server.host)
2023-01-24 12:22:46,023 [Listener at 127.0.0.1/46625] INFO  grpc.GrpcConfigKeys (ConfUtils.java:logGet(46)) - raft.grpc.admin.port = 0 (custom)
2023-01-24 12:22:46,024 [Listener at 127.0.0.1/46625] INFO  grpc.GrpcConfigKeys (ConfUtils.java:logFallback(53)) - raft.grpc.client.host = null (fallback to raft.grpc.server.host)
2023-01-24 12:22:46,024 [Listener at 127.0.0.1/46625] INFO  grpc.GrpcConfigKeys (ConfUtils.java:logGet(46)) - raft.grpc.client.port = 0 (custom)
2023-01-24 12:22:46,024 [Listener at 127.0.0.1/46625] INFO  grpc.GrpcConfigKeys (ConfUtils.java:logGet(46)) - raft.grpc.server.host = null (default)
2023-01-24 12:22:46,024 [Listener at 127.0.0.1/46625] INFO  grpc.GrpcConfigKeys (ConfUtils.java:logGet(46)) - raft.grpc.server.port = 0 (default)
2023-01-24 12:22:46,024 [Listener at 127.0.0.1/46625] INFO  server.GrpcService (ConfUtils.java:logGet(46)) - raft.grpc.message.size.max = 32MB (=33554432) (custom)
2023-01-24 12:22:46,024 [Listener at 127.0.0.1/46625] INFO  server.RaftServerConfigKeys (ConfUtils.java:logGet(46)) - raft.server.log.appender.buffer.byte-limit = 33554432 (custom)
2023-01-24 12:22:46,024 [Listener at 127.0.0.1/46625] INFO  server.GrpcService (ConfUtils.java:logGet(46)) - raft.grpc.flow.control.window = 5MB (=5242880) (custom)
2023-01-24 12:22:46,025 [Listener at 127.0.0.1/46625] INFO  server.RaftServerConfigKeys (ConfUtils.java:logGet(46)) - raft.server.rpc.request.timeout = 60s (custom)
2023-01-24 12:22:46,025 [Listener at 127.0.0.1/46625] INFO  grpc.GrpcConfigKeys (ConfUtils.java:logGet(46)) - raft.grpc.server.heartbeat.channel = true (default)
2023-01-24 12:22:46,025 [Listener at 127.0.0.1/46625] INFO  grpc.GrpcConfigKeys (ConfUtils.java:logGet(46)) - raft.grpc.server.async.request.thread.pool.cached = true (default)
2023-01-24 12:22:46,025 [Listener at 127.0.0.1/46625] INFO  grpc.GrpcConfigKeys (ConfUtils.java:logGet(46)) - raft.grpc.server.async.request.thread.pool.size = 32 (default)
2023-01-24 12:22:46,026 [Listener at 127.0.0.1/46625] INFO  impl.DataStreamServerImpl (ConfUtils.java:logGet(46)) - raft.datastream.type = NETTY (custom)
2023-01-24 12:22:46,027 [Listener at 127.0.0.1/46625] INFO  server.RaftServerConfigKeys (ConfUtils.java:logGet(46)) - raft.server.data-stream.async.request.thread.pool.cached = false (default)
2023-01-24 12:22:46,028 [Listener at 127.0.0.1/46625] INFO  server.RaftServerConfigKeys (ConfUtils.java:logGet(46)) - raft.server.data-stream.async.request.thread.pool.size = 20 (custom)
2023-01-24 12:22:46,030 [Listener at 127.0.0.1/46625] INFO  server.RaftServerConfigKeys (ConfUtils.java:logGet(46)) - raft.server.data-stream.async.write.thread.pool.size = 16 (default)
2023-01-24 12:22:46,030 [Listener at 127.0.0.1/46625] INFO  server.RaftServerConfigKeys (ConfUtils.java:logGet(46)) - raft.server.data-stream.client.pool.size = 10 (default)
2023-01-24 12:22:46,030 [Listener at 127.0.0.1/46625] INFO  netty.NettyConfigKeys$DataStream (ConfUtils.java:logGet(46)) - raft.netty.dataStream.server.use-epoll = false (default)
2023-01-24 12:22:46,031 [Listener at 127.0.0.1/46625] INFO  netty.NettyConfigKeys$DataStream (ConfUtils.java:logGet(46)) - raft.netty.dataStream.server.boss-group.size = 0 (default)
2023-01-24 12:22:46,031 [Listener at 127.0.0.1/46625] INFO  netty.NettyConfigKeys$DataStream (ConfUtils.java:logGet(46)) - raft.netty.dataStream.server.worker-group.size = 0 (default)
2023-01-24 12:22:46,032 [Listener at 127.0.0.1/46625] INFO  netty.NettyConfigKeys$DataStream (ConfUtils.java:logGet(46)) - raft.netty.dataStream.server.tls.conf = null (default)
2023-01-24 12:22:46,032 [Listener at 127.0.0.1/46625] INFO  netty.NettyConfigKeys$DataStream (ConfUtils.java:logGet(46)) - raft.netty.dataStream.host = null (default)
2023-01-24 12:22:46,032 [Listener at 127.0.0.1/46625] INFO  netty.NettyConfigKeys$DataStream (ConfUtils.java:logGet(46)) - raft.netty.dataStream.port = 0 (default)
2023-01-24 12:22:46,033 [Listener at 127.0.0.1/46625] INFO  server.RaftServerConfigKeys (ConfUtils.java:logGet(46)) - raft.server.threadpool.proxy.cached = true (default)
2023-01-24 12:22:46,033 [Listener at 127.0.0.1/46625] INFO  server.RaftServerConfigKeys (ConfUtils.java:logGet(46)) - raft.server.threadpool.proxy.size = 0 (default)
2023-01-24 12:22:46,033 [Listener at 127.0.0.1/46625] INFO  server.RaftServerConfigKeys (ConfUtils.java:logGet(46)) - raft.server.rpc.slowness.timeout = 300s (custom)
2023-01-24 12:22:46,033 [Listener at 127.0.0.1/46625] INFO  server.RaftServerConfigKeys (ConfUtils.java:logGet(46)) - raft.server.leaderelection.leader.step-down.wait-time = 10s (default)
2023-01-24 12:22:46,033 [Listener at 127.0.0.1/46625] INFO  server.RaftServerConfigKeys (ConfUtils.java:logGet(46)) - raft.server.storage.dir = [/home/runner/work/ozone/ozone/hadoop-ozone/integration-test/target/test-dir/MiniOzoneClusterImpl-9ddee5dd-a9b0-4f84-bf8c-5f63b859aaaf/datanode-1/data/ratis] (custom)
2023-01-24 12:22:46,036 [Listener at 127.0.0.1/46625] INFO  server.XceiverServerGrpc (XceiverServerGrpc.java:<init>(132)) - GrpcServer channel type EpollServerSocketChannel
2023-01-24 12:22:46,047 [7141d06d-71d8-4a56-9b5d-23c6772b1ac6-NettyServerStreamRpc-bossGroup--thread1] INFO  logging.LoggingHandler (AbstractInternalLogger.java:log(148)) - [id: 0xbed97c8d] REGISTERED
2023-01-24 12:22:46,047 [7141d06d-71d8-4a56-9b5d-23c6772b1ac6-NettyServerStreamRpc-bossGroup--thread1] INFO  logging.LoggingHandler (AbstractInternalLogger.java:log(148)) - [id: 0xbed97c8d] BIND: 0.0.0.0/0.0.0.0:0
2023-01-24 12:22:46,047 [7141d06d-71d8-4a56-9b5d-23c6772b1ac6-NettyServerStreamRpc-bossGroup--thread1] INFO  logging.LoggingHandler (AbstractInternalLogger.java:log(148)) - [id: 0xbed97c8d, L:/0:0:0:0:0:0:0:0:35891] ACTIVE
2023-01-24 12:22:46,047 [Listener at 127.0.0.1/46625] INFO  http.BaseHttpServer (BaseHttpServer.java:newHttpServer2BuilderForOzone(213)) - Starting Web-server for hddsDatanode at: http://0.0.0.0:0
2023-01-24 12:22:46,048 [Listener at 127.0.0.1/46625] INFO  http.BaseHttpServer (BaseHttpServer.java:<init>(108)) - Hadoop Security Enabled: false Ozone Security Enabled: false Ozone HTTP Security Enabled: false 
2023-01-24 12:22:46,049 [Listener at 127.0.0.1/46625] WARN  server.AuthenticationFilter (AuthenticationFilter.java:constructSecretProvider(240)) - Unable to initialize FileSignerSecretProvider, falling back to use random secrets. Reason: Could not read signature secret file: /home/runner/hadoop-http-auth-signature-secret
2023-01-24 12:22:46,050 [Listener at 127.0.0.1/46625] WARN  http.HttpRequestLog (HttpRequestLog.java:getRequestLog(103)) - Jetty request log can only be enabled using Log4j
2023-01-24 12:22:46,052 [Listener at 127.0.0.1/46625] INFO  http.HttpServer2 (HttpServer2.java:addGlobalFilter(1031)) - Added global filter 'safety' (class=org.apache.hadoop.hdds.server.http.HttpServer2$QuotingInputFilter)
2023-01-24 12:22:46,052 [Listener at 127.0.0.1/46625] INFO  http.HttpServer2 (HttpServer2.java:addFilter(1007)) - Added filter static_user_filter (class=org.apache.hadoop.http.lib.StaticUserWebFilter$StaticUserFilter) to context hddsDatanode
2023-01-24 12:22:46,053 [Listener at 127.0.0.1/46625] INFO  http.HttpServer2 (HttpServer2.java:addFilter(1015)) - Added filter static_user_filter (class=org.apache.hadoop.http.lib.StaticUserWebFilter$StaticUserFilter) to context static
2023-01-24 12:22:46,053 [Listener at 127.0.0.1/46625] INFO  http.HttpServer2 (HttpServer2.java:addFilter(1015)) - Added filter static_user_filter (class=org.apache.hadoop.http.lib.StaticUserWebFilter$StaticUserFilter) to context logs
2023-01-24 12:22:46,053 [Listener at 127.0.0.1/46625] INFO  http.HttpServer2 (HttpServer2.java:bindListener(1250)) - Jetty bound to port 33797
2023-01-24 12:22:46,053 [Listener at 127.0.0.1/46625] INFO  server.Server (Server.java:doStart(375)) - jetty-9.4.49.v20220914; built: 2022-09-14T01:07:36.601Z; git: 4231a3b2e4cb8548a412a789936d640a97b1aa0a; jvm 1.8.0_352-b08
2023-01-24 12:22:46,060 [Listener at 127.0.0.1/46625] INFO  server.session (DefaultSessionIdManager.java:doStart(334)) - DefaultSessionIdManager workerName=node0
2023-01-24 12:22:46,060 [Listener at 127.0.0.1/46625] INFO  server.session (DefaultSessionIdManager.java:doStart(339)) - No SessionScavenger set, using defaults
2023-01-24 12:22:46,060 [Listener at 127.0.0.1/46625] INFO  server.session (HouseKeeper.java:startScavenging(132)) - node0 Scavenging every 660000ms
2023-01-24 12:22:46,061 [Listener at 127.0.0.1/46625] INFO  handler.ContextHandler (ContextHandler.java:doStart(921)) - Started o.e.j.s.ServletContextHandler@13ef9007{logs,/logs,file:///home/runner/work/ozone/ozone/hadoop-ozone/integration-test/target/log,AVAILABLE}
2023-01-24 12:22:46,061 [Listener at 127.0.0.1/46625] INFO  handler.ContextHandler (ContextHandler.java:doStart(921)) - Started o.e.j.s.ServletContextHandler@72f70e11{static,/static,jar:file:/home/runner/.m2/repository/org/apache/ozone/hdds-container-service/1.4.0-SNAPSHOT/hdds-container-service-1.4.0-SNAPSHOT.jar!/webapps/static,AVAILABLE}
2023-01-24 12:22:46,116 [om1@group-C5BA1605619E-FollowerState] INFO  impl.FollowerState (FollowerState.java:run(143)) - om1@group-C5BA1605619E-FollowerState: change to CANDIDATE, lastRpcElapsedTime:1105622236ns, electionTimeout:1096ms
2023-01-24 12:22:46,117 [om1@group-C5BA1605619E-FollowerState] INFO  impl.RoleInfo (RoleInfo.java:shutdownFollowerState(110)) - om1: shutdown om1@group-C5BA1605619E-FollowerState
2023-01-24 12:22:46,120 [om1@group-C5BA1605619E-FollowerState] INFO  server.RaftServer$Division (RaftServerImpl.java:setRole(321)) - om1@group-C5BA1605619E: changes role from  FOLLOWER to CANDIDATE at term 0 for changeToCandidate
2023-01-24 12:22:46,123 [om1@group-C5BA1605619E-FollowerState] INFO  server.RaftServerConfigKeys (ConfUtils.java:logGet(46)) - raft.server.leaderelection.pre-vote = false (custom)
2023-01-24 12:22:46,123 [om1@group-C5BA1605619E-FollowerState] INFO  impl.RoleInfo (RoleInfo.java:updateAndGet(139)) - om1: start om1@group-C5BA1605619E-LeaderElection1
2023-01-24 12:22:46,129 [om1@group-C5BA1605619E-LeaderElection1] INFO  impl.LeaderElection (LeaderElection.java:askForVotes(312)) - om1@group-C5BA1605619E-LeaderElection1 ELECTION round 0: submit vote requests at term 1 for -1: peers:[om1|rpc:localhost:9872|priority:0|startupRole:FOLLOWER]|listeners:[], old=null
2023-01-24 12:22:46,130 [om1@group-C5BA1605619E-LeaderElection1] INFO  impl.LeaderElection (LeaderElection.java:askForVotes(314)) - om1@group-C5BA1605619E-LeaderElection1 ELECTION round 0: result PASSED (term=1)
2023-01-24 12:22:46,133 [om1@group-C5BA1605619E-LeaderElection1] INFO  impl.RoleInfo (RoleInfo.java:shutdownLeaderElection(130)) - om1: shutdown om1@group-C5BA1605619E-LeaderElection1
2023-01-24 12:22:46,138 [om1@group-C5BA1605619E-LeaderElection1] INFO  server.RaftServer$Division (RaftServerImpl.java:setRole(321)) - om1@group-C5BA1605619E: changes role from CANDIDATE to LEADER at term 1 for changeToLeader
2023-01-24 12:22:46,138 [om1@group-C5BA1605619E-LeaderElection1] INFO  server.RaftServer$Division (ServerState.java:setLeader(313)) - om1@group-C5BA1605619E: change Leader from null to om1 at term 1 for becomeLeader, leader elected after 2158ms
2023-01-24 12:22:46,146 [om1@group-C5BA1605619E-LeaderElection1] INFO  server.RaftServerConfigKeys (ConfUtils.java:logGet(46)) - raft.server.staging.catchup.gap = 1000 (default)
2023-01-24 12:22:46,150 [om1@group-C5BA1605619E-LeaderElection1] INFO  server.RaftServerConfigKeys (ConfUtils.java:logGet(46)) - raft.server.write.element-limit = 4096 (default)
2023-01-24 12:22:46,157 [om1@group-C5BA1605619E-LeaderElection1] INFO  server.RaftServerConfigKeys (ConfUtils.java:logGet(46)) - raft.server.write.byte-limit = 64MB (=67108864) (default)
2023-01-24 12:22:46,166 [om1@group-C5BA1605619E-LeaderElection1] INFO  server.RaftServerConfigKeys (ConfUtils.java:logGet(46)) - raft.server.watch.timeout = 10s (default)
2023-01-24 12:22:46,167 [om1@group-C5BA1605619E-LeaderElection1] INFO  server.RaftServerConfigKeys (ConfUtils.java:logGet(46)) - raft.server.watch.timeout.denomination = 1s (default)
2023-01-24 12:22:46,167 [om1@group-C5BA1605619E-LeaderElection1] INFO  server.RaftServerConfigKeys (ConfUtils.java:logGet(46)) - raft.server.watch.element-limit = 65536 (default)
2023-01-24 12:22:46,175 [om1@group-C5BA1605619E-LeaderElection1] INFO  server.RaftServerConfigKeys (ConfUtils.java:logGet(46)) - raft.server.write.element-limit = 4096 (default)
2023-01-24 12:22:46,178 [om1@group-C5BA1605619E-LeaderElection1] INFO  server.RaftServerConfigKeys (ConfUtils.java:logGet(46)) - raft.server.write.follower.gap.ratio.max = -1.0 (default)
2023-01-24 12:22:46,181 [om1@group-C5BA1605619E-LeaderElection1] INFO  impl.RoleInfo (RoleInfo.java:updateAndGet(139)) - om1: start om1@group-C5BA1605619E-LeaderStateImpl
2023-01-24 12:22:46,219 [om1@group-C5BA1605619E-LeaderElection1] INFO  segmented.SegmentedRaftLogWorker (SegmentedRaftLogWorker.java:startLogSegment(452)) - om1@group-C5BA1605619E-SegmentedRaftLogWorker: Starting segment from index:0
2023-01-24 12:22:46,251 [om1@group-C5BA1605619E-LeaderElection1] INFO  server.RaftServer$Division (ServerState.java:setRaftConf(430)) - om1@group-C5BA1605619E: set configuration 0: peers:[om1|rpc:localhost:9872|admin:|client:|dataStream:|priority:0|startupRole:FOLLOWER]|listeners:[], old=null
2023-01-24 12:22:46,277 [Listener at 127.0.0.1/46625] INFO  handler.ContextHandler (ContextHandler.java:doStart(921)) - Started o.e.j.w.WebAppContext@3de5f1a2{hddsDatanode,/,file:///tmp/jetty-0_0_0_0-33797-hdds-container-service-1_4_0-SNAPSHOT_jar-_-any-492823787235836276/webapp/,AVAILABLE}{jar:file:/home/runner/.m2/repository/org/apache/ozone/hdds-container-service/1.4.0-SNAPSHOT/hdds-container-service-1.4.0-SNAPSHOT.jar!/webapps/hddsDatanode}
2023-01-24 12:22:46,280 [Listener at 127.0.0.1/46625] INFO  server.AbstractConnector (AbstractConnector.java:doStart(333)) - Started ServerConnector@29b0a02d{HTTP/1.1, (http/1.1)}{0.0.0.0:33797}
2023-01-24 12:22:46,280 [Listener at 127.0.0.1/46625] INFO  server.Server (Server.java:doStart(415)) - Started @8195ms
2023-01-24 12:22:46,280 [Listener at 127.0.0.1/46625] WARN  impl.MetricsSystemImpl (MetricsSystemImpl.java:register(279)) - Sink prometheus already exists!
2023-01-24 12:22:46,283 [Listener at 127.0.0.1/46625] INFO  http.BaseHttpServer (BaseHttpServer.java:updateConnectorAddress(333)) - HTTP server of hddsDatanode listening at http://0.0.0.0:33797
2023-01-24 12:22:46,286 [Datanode State Machine Daemon Thread] INFO  statemachine.DatanodeStateMachine (DatanodeStateMachine.java:lambda$startDaemon$0(519)) - Ozone container server started.
2023-01-24 12:22:46,294 [Listener at 127.0.0.1/46625] WARN  impl.MetricRegistriesImpl (MetricRegistriesImpl.java:addReporterRegistration(111)) - New reporters are added after registries were created. Some metrics will be missing from the reporter. Please add reporter before adding any new registry.
2023-01-24 12:22:46,294 [Listener at 127.0.0.1/46625] WARN  impl.MetricRegistriesImpl (MetricRegistriesImpl.java:addReporterRegistration(111)) - New reporters are added after registries were created. Some metrics will be missing from the reporter. Please add reporter before adding any new registry.
2023-01-24 12:22:46,294 [Listener at 127.0.0.1/46625] INFO  impl.MetricsSystemImpl (MetricsSystemImpl.java:init(158)) - HddsDatanode metrics system started (again)
2023-01-24 12:22:46,324 [Listener at 127.0.0.1/46625] INFO  ozone.HddsDatanodeService (HddsDatanodeService.java:start(228)) - HddsDatanodeService host:fv-az83-645.uavyq1izdhte5b0ne1us2eqzhb.jx.internal.cloudapp.net ip:10.1.1.14
2023-01-24 12:22:46,339 [org.apache.hadoop.util.JvmPauseMonitor$Monitor@6d492d11] INFO  util.JvmPauseMonitor (JvmPauseMonitor.java:run(188)) - Starting JVM pause monitor
2023-01-24 12:22:46,355 [om1@group-C5BA1605619E-SegmentedRaftLogWorker] INFO  segmented.SegmentedRaftLogWorker (SegmentedRaftLogWorker.java:execute(656)) - om1@group-C5BA1605619E-SegmentedRaftLogWorker: created new log segment /home/runner/work/ozone/ozone/hadoop-ozone/integration-test/target/test-dir/MiniOzoneClusterImpl-9ddee5dd-a9b0-4f84-bf8c-5f63b859aaaf/ozone-meta/ratis/bf265839-605b-3f16-9796-c5ba1605619e/current/log_inprogress_0
2023-01-24 12:22:46,355 [Listener at 127.0.0.1/46625] INFO  upgrade.AbstractLayoutVersionManager (AbstractLayoutVersionManager.java:init(83)) - Initializing Layout version manager with metadata layout = DATANODE_SCHEMA_V3 (version = 4), software layout = DATANODE_SCHEMA_V3 (version = 4)
2023-01-24 12:22:46,380 [Datanode State Machine Task Thread - 0] INFO  datanode.InitDatanodeState (InitDatanodeState.java:persistContainerDatanodeDetails(138)) - DatanodeDetails is persisted to /home/runner/work/ozone/ozone/hadoop-ozone/integration-test/target/test-dir/MiniOzoneClusterImpl-9ddee5dd-a9b0-4f84-bf8c-5f63b859aaaf/datanode-1/meta/datanode.id
2023-01-24 12:22:46,447 [Listener at 127.0.0.1/46625] INFO  reflections.Reflections (Reflections.java:scan(232)) - Reflections took 91 ms to scan 7 urls, producing 149 keys and 357 values 
2023-01-24 12:22:46,454 [Listener at 127.0.0.1/46625] INFO  statemachine.DatanodeStateMachine (DatanodeStateMachine.java:getEndPointTaskThreadPoolSize(259)) - Datanode State Machine Task Thread Pool size 2
2023-01-24 12:22:46,456 [Listener at 127.0.0.1/46625] INFO  volume.HddsVolume (HddsVolume.java:<init>(117)) - Creating HddsVolume: /home/runner/work/ozone/ozone/hadoop-ozone/integration-test/target/test-dir/MiniOzoneClusterImpl-9ddee5dd-a9b0-4f84-bf8c-5f63b859aaaf/datanode-2/data-0/containers/hdds of storage type : DISK capacity : 9223372036854775807
2023-01-24 12:22:46,456 [Listener at 127.0.0.1/46625] INFO  volume.MutableVolumeSet (MutableVolumeSet.java:initializeVolumeSet(174)) - Added Volume : /home/runner/work/ozone/ozone/hadoop-ozone/integration-test/target/test-dir/MiniOzoneClusterImpl-9ddee5dd-a9b0-4f84-bf8c-5f63b859aaaf/datanode-2/data-0/containers/hdds to VolumeSet
2023-01-24 12:22:46,456 [Listener at 127.0.0.1/46625] INFO  volume.ThrottledAsyncChecker (ThrottledAsyncChecker.java:schedule(141)) - Scheduling a check for /home/runner/work/ozone/ozone/hadoop-ozone/integration-test/target/test-dir/MiniOzoneClusterImpl-9ddee5dd-a9b0-4f84-bf8c-5f63b859aaaf/datanode-2/data-0/containers/hdds
2023-01-24 12:22:46,457 [Listener at 127.0.0.1/46625] INFO  volume.StorageVolumeChecker (StorageVolumeChecker.java:checkAllVolumes(202)) - Scheduled health check for volume /home/runner/work/ozone/ozone/hadoop-ozone/integration-test/target/test-dir/MiniOzoneClusterImpl-9ddee5dd-a9b0-4f84-bf8c-5f63b859aaaf/datanode-2/data-0/containers/hdds
2023-01-24 12:22:46,469 [Listener at 127.0.0.1/46625] INFO  volume.MutableVolumeSet (MutableVolumeSet.java:initializeVolumeSet(174)) - Added Volume : /home/runner/work/ozone/ozone/hadoop-ozone/integration-test/target/test-dir/MiniOzoneClusterImpl-9ddee5dd-a9b0-4f84-bf8c-5f63b859aaaf/datanode-2/data/ratis to VolumeSet
2023-01-24 12:22:46,469 [Listener at 127.0.0.1/46625] INFO  volume.ThrottledAsyncChecker (ThrottledAsyncChecker.java:schedule(141)) - Scheduling a check for /home/runner/work/ozone/ozone/hadoop-ozone/integration-test/target/test-dir/MiniOzoneClusterImpl-9ddee5dd-a9b0-4f84-bf8c-5f63b859aaaf/datanode-2/data/ratis
2023-01-24 12:22:46,470 [Listener at 127.0.0.1/46625] INFO  volume.StorageVolumeChecker (StorageVolumeChecker.java:checkAllVolumes(202)) - Scheduled health check for volume /home/runner/work/ozone/ozone/hadoop-ozone/integration-test/target/test-dir/MiniOzoneClusterImpl-9ddee5dd-a9b0-4f84-bf8c-5f63b859aaaf/datanode-2/data/ratis
2023-01-24 12:22:46,480 [Thread-166] INFO  ozoneimpl.ContainerReader (ContainerReader.java:readVolume(175)) - Finish verifying containers on volume /home/runner/work/ozone/ozone/hadoop-ozone/integration-test/target/test-dir/MiniOzoneClusterImpl-9ddee5dd-a9b0-4f84-bf8c-5f63b859aaaf/datanode-2/data-0/containers/hdds
2023-01-24 12:22:46,480 [Listener at 127.0.0.1/46625] INFO  ozoneimpl.OzoneContainer (OzoneContainer.java:buildContainerSet(305)) - Build ContainerSet costs 0s
2023-01-24 12:22:46,483 [Listener at 127.0.0.1/46625] INFO  server.RaftServer (ConfUtils.java:logGet(46)) - raft.rpc.type = GRPC (default)
2023-01-24 12:22:46,484 [Listener at 127.0.0.1/46625] INFO  grpc.GrpcConfigKeys (ConfUtils.java:logFallback(53)) - raft.grpc.admin.host = null (fallback to raft.grpc.server.host)
2023-01-24 12:22:46,484 [Listener at 127.0.0.1/46625] INFO  grpc.GrpcConfigKeys (ConfUtils.java:logGet(46)) - raft.grpc.admin.port = 0 (custom)
2023-01-24 12:22:46,484 [Listener at 127.0.0.1/46625] INFO  grpc.GrpcConfigKeys (ConfUtils.java:logFallback(53)) - raft.grpc.client.host = null (fallback to raft.grpc.server.host)
2023-01-24 12:22:46,484 [Listener at 127.0.0.1/46625] INFO  grpc.GrpcConfigKeys (ConfUtils.java:logGet(46)) - raft.grpc.client.port = 0 (custom)
2023-01-24 12:22:46,484 [Listener at 127.0.0.1/46625] INFO  grpc.GrpcConfigKeys (ConfUtils.java:logGet(46)) - raft.grpc.server.host = null (default)
2023-01-24 12:22:46,484 [Listener at 127.0.0.1/46625] INFO  grpc.GrpcConfigKeys (ConfUtils.java:logGet(46)) - raft.grpc.server.port = 0 (default)
2023-01-24 12:22:46,484 [Listener at 127.0.0.1/46625] INFO  server.GrpcService (ConfUtils.java:logGet(46)) - raft.grpc.message.size.max = 32MB (=33554432) (custom)
2023-01-24 12:22:46,484 [Listener at 127.0.0.1/46625] INFO  server.RaftServerConfigKeys (ConfUtils.java:logGet(46)) - raft.server.log.appender.buffer.byte-limit = 33554432 (custom)
2023-01-24 12:22:46,485 [Listener at 127.0.0.1/46625] INFO  server.GrpcService (ConfUtils.java:logGet(46)) - raft.grpc.flow.control.window = 5MB (=5242880) (custom)
2023-01-24 12:22:46,485 [Listener at 127.0.0.1/46625] INFO  server.RaftServerConfigKeys (ConfUtils.java:logGet(46)) - raft.server.rpc.request.timeout = 60s (custom)
2023-01-24 12:22:46,485 [Listener at 127.0.0.1/46625] INFO  grpc.GrpcConfigKeys (ConfUtils.java:logGet(46)) - raft.grpc.server.heartbeat.channel = true (default)
2023-01-24 12:22:46,485 [Listener at 127.0.0.1/46625] INFO  grpc.GrpcConfigKeys (ConfUtils.java:logGet(46)) - raft.grpc.server.async.request.thread.pool.cached = true (default)
2023-01-24 12:22:46,485 [Listener at 127.0.0.1/46625] INFO  grpc.GrpcConfigKeys (ConfUtils.java:logGet(46)) - raft.grpc.server.async.request.thread.pool.size = 32 (default)
2023-01-24 12:22:46,486 [Listener at 127.0.0.1/46625] INFO  impl.DataStreamServerImpl (ConfUtils.java:logGet(46)) - raft.datastream.type = NETTY (custom)
2023-01-24 12:22:46,486 [Listener at 127.0.0.1/46625] INFO  server.RaftServerConfigKeys (ConfUtils.java:logGet(46)) - raft.server.data-stream.async.request.thread.pool.cached = false (default)
2023-01-24 12:22:46,486 [Listener at 127.0.0.1/46625] INFO  server.RaftServerConfigKeys (ConfUtils.java:logGet(46)) - raft.server.data-stream.async.request.thread.pool.size = 20 (custom)
2023-01-24 12:22:46,487 [Listener at 127.0.0.1/46625] INFO  server.RaftServerConfigKeys (ConfUtils.java:logGet(46)) - raft.server.data-stream.async.write.thread.pool.size = 16 (default)
2023-01-24 12:22:46,487 [Listener at 127.0.0.1/46625] INFO  server.RaftServerConfigKeys (ConfUtils.java:logGet(46)) - raft.server.data-stream.client.pool.size = 10 (default)
2023-01-24 12:22:46,487 [Listener at 127.0.0.1/46625] INFO  netty.NettyConfigKeys$DataStream (ConfUtils.java:logGet(46)) - raft.netty.dataStream.server.use-epoll = false (default)
2023-01-24 12:22:46,487 [Listener at 127.0.0.1/46625] INFO  netty.NettyConfigKeys$DataStream (ConfUtils.java:logGet(46)) - raft.netty.dataStream.server.boss-group.size = 0 (default)
2023-01-24 12:22:46,487 [Listener at 127.0.0.1/46625] INFO  netty.NettyConfigKeys$DataStream (ConfUtils.java:logGet(46)) - raft.netty.dataStream.server.worker-group.size = 0 (default)
2023-01-24 12:22:46,488 [Listener at 127.0.0.1/46625] INFO  netty.NettyConfigKeys$DataStream (ConfUtils.java:logGet(46)) - raft.netty.dataStream.server.tls.conf = null (default)
2023-01-24 12:22:46,488 [Listener at 127.0.0.1/46625] INFO  netty.NettyConfigKeys$DataStream (ConfUtils.java:logGet(46)) - raft.netty.dataStream.host = null (default)
2023-01-24 12:22:46,488 [Listener at 127.0.0.1/46625] INFO  netty.NettyConfigKeys$DataStream (ConfUtils.java:logGet(46)) - raft.netty.dataStream.port = 0 (default)
2023-01-24 12:22:46,490 [Listener at 127.0.0.1/46625] INFO  server.RaftServerConfigKeys (ConfUtils.java:logGet(46)) - raft.server.threadpool.proxy.cached = true (default)
2023-01-24 12:22:46,491 [Listener at 127.0.0.1/46625] INFO  server.RaftServerConfigKeys (ConfUtils.java:logGet(46)) - raft.server.threadpool.proxy.size = 0 (default)
2023-01-24 12:22:46,491 [Listener at 127.0.0.1/46625] INFO  server.RaftServerConfigKeys (ConfUtils.java:logGet(46)) - raft.server.rpc.slowness.timeout = 300s (custom)
2023-01-24 12:22:46,491 [Listener at 127.0.0.1/46625] INFO  server.RaftServerConfigKeys (ConfUtils.java:logGet(46)) - raft.server.leaderelection.leader.step-down.wait-time = 10s (default)
2023-01-24 12:22:46,491 [Listener at 127.0.0.1/46625] INFO  server.RaftServerConfigKeys (ConfUtils.java:logGet(46)) - raft.server.storage.dir = [/home/runner/work/ozone/ozone/hadoop-ozone/integration-test/target/test-dir/MiniOzoneClusterImpl-9ddee5dd-a9b0-4f84-bf8c-5f63b859aaaf/datanode-2/data/ratis] (custom)
2023-01-24 12:22:46,494 [93701946-f5e3-4943-a932-e133db5deae9-NettyServerStreamRpc-bossGroup--thread1] INFO  logging.LoggingHandler (AbstractInternalLogger.java:log(148)) - [id: 0x319a756c] REGISTERED
2023-01-24 12:22:46,495 [93701946-f5e3-4943-a932-e133db5deae9-NettyServerStreamRpc-bossGroup--thread1] INFO  logging.LoggingHandler (AbstractInternalLogger.java:log(148)) - [id: 0x319a756c] BIND: 0.0.0.0/0.0.0.0:0
2023-01-24 12:22:46,495 [93701946-f5e3-4943-a932-e133db5deae9-NettyServerStreamRpc-bossGroup--thread1] INFO  logging.LoggingHandler (AbstractInternalLogger.java:log(148)) - [id: 0x319a756c, L:/0:0:0:0:0:0:0:0:45565] ACTIVE
2023-01-24 12:22:46,496 [Listener at 127.0.0.1/46625] INFO  server.XceiverServerGrpc (XceiverServerGrpc.java:<init>(132)) - GrpcServer channel type EpollServerSocketChannel
2023-01-24 12:22:46,506 [Listener at 127.0.0.1/46625] INFO  http.BaseHttpServer (BaseHttpServer.java:newHttpServer2BuilderForOzone(213)) - Starting Web-server for hddsDatanode at: http://0.0.0.0:0
2023-01-24 12:22:46,506 [Listener at 127.0.0.1/46625] INFO  http.BaseHttpServer (BaseHttpServer.java:<init>(108)) - Hadoop Security Enabled: false Ozone Security Enabled: false Ozone HTTP Security Enabled: false 
2023-01-24 12:22:46,507 [Listener at 127.0.0.1/46625] WARN  server.AuthenticationFilter (AuthenticationFilter.java:constructSecretProvider(240)) - Unable to initialize FileSignerSecretProvider, falling back to use random secrets. Reason: Could not read signature secret file: /home/runner/hadoop-http-auth-signature-secret
2023-01-24 12:22:46,511 [Listener at 127.0.0.1/46625] WARN  http.HttpRequestLog (HttpRequestLog.java:getRequestLog(103)) - Jetty request log can only be enabled using Log4j
2023-01-24 12:22:46,513 [Listener at 127.0.0.1/46625] INFO  http.HttpServer2 (HttpServer2.java:addGlobalFilter(1031)) - Added global filter 'safety' (class=org.apache.hadoop.hdds.server.http.HttpServer2$QuotingInputFilter)
2023-01-24 12:22:46,514 [Listener at 127.0.0.1/46625] INFO  http.HttpServer2 (HttpServer2.java:addFilter(1007)) - Added filter static_user_filter (class=org.apache.hadoop.http.lib.StaticUserWebFilter$StaticUserFilter) to context hddsDatanode
2023-01-24 12:22:46,514 [Listener at 127.0.0.1/46625] INFO  http.HttpServer2 (HttpServer2.java:addFilter(1015)) - Added filter static_user_filter (class=org.apache.hadoop.http.lib.StaticUserWebFilter$StaticUserFilter) to context logs
2023-01-24 12:22:46,514 [Listener at 127.0.0.1/46625] INFO  http.HttpServer2 (HttpServer2.java:addFilter(1015)) - Added filter static_user_filter (class=org.apache.hadoop.http.lib.StaticUserWebFilter$StaticUserFilter) to context static
2023-01-24 12:22:46,514 [Listener at 127.0.0.1/46625] INFO  http.HttpServer2 (HttpServer2.java:bindListener(1250)) - Jetty bound to port 44965
2023-01-24 12:22:46,514 [Listener at 127.0.0.1/46625] INFO  server.Server (Server.java:doStart(375)) - jetty-9.4.49.v20220914; built: 2022-09-14T01:07:36.601Z; git: 4231a3b2e4cb8548a412a789936d640a97b1aa0a; jvm 1.8.0_352-b08
2023-01-24 12:22:46,536 [om1@group-C5BA1605619E-StateMachineUpdater] INFO  ratis.OzoneManagerStateMachine (OzoneManagerStateMachine.java:notifyConfigurationChanged(192)) - Received Configuration change notification from Ratis. New Peer list:
[id: "om1"
address: "localhost:9872"
startupRole: FOLLOWER
]
2023-01-24 12:22:46,540 [Listener at 127.0.0.1/46625] INFO  server.session (DefaultSessionIdManager.java:doStart(334)) - DefaultSessionIdManager workerName=node0
2023-01-24 12:22:46,541 [Listener at 127.0.0.1/46625] INFO  server.session (DefaultSessionIdManager.java:doStart(339)) - No SessionScavenger set, using defaults
2023-01-24 12:22:46,541 [Listener at 127.0.0.1/46625] INFO  server.session (HouseKeeper.java:startScavenging(132)) - node0 Scavenging every 600000ms
2023-01-24 12:22:46,541 [Listener at 127.0.0.1/46625] INFO  handler.ContextHandler (ContextHandler.java:doStart(921)) - Started o.e.j.s.ServletContextHandler@68861a31{logs,/logs,file:///home/runner/work/ozone/ozone/hadoop-ozone/integration-test/target/log,AVAILABLE}
2023-01-24 12:22:46,542 [Listener at 127.0.0.1/46625] INFO  handler.ContextHandler (ContextHandler.java:doStart(921)) - Started o.e.j.s.ServletContextHandler@2acee481{static,/static,jar:file:/home/runner/.m2/repository/org/apache/ozone/hdds-container-service/1.4.0-SNAPSHOT/hdds-container-service-1.4.0-SNAPSHOT.jar!/webapps/static,AVAILABLE}
2023-01-24 12:22:46,717 [Listener at 127.0.0.1/46625] INFO  handler.ContextHandler (ContextHandler.java:doStart(921)) - Started o.e.j.w.WebAppContext@466ae771{hddsDatanode,/,file:///tmp/jetty-0_0_0_0-44965-hdds-container-service-1_4_0-SNAPSHOT_jar-_-any-1021703612746261314/webapp/,AVAILABLE}{jar:file:/home/runner/.m2/repository/org/apache/ozone/hdds-container-service/1.4.0-SNAPSHOT/hdds-container-service-1.4.0-SNAPSHOT.jar!/webapps/hddsDatanode}
2023-01-24 12:22:46,718 [Listener at 127.0.0.1/46625] INFO  server.AbstractConnector (AbstractConnector.java:doStart(333)) - Started ServerConnector@e1bfdc3{HTTP/1.1, (http/1.1)}{0.0.0.0:44965}
2023-01-24 12:22:46,718 [Listener at 127.0.0.1/46625] INFO  server.Server (Server.java:doStart(415)) - Started @8634ms
2023-01-24 12:22:46,718 [Listener at 127.0.0.1/46625] WARN  impl.MetricsSystemImpl (MetricsSystemImpl.java:register(279)) - Sink prometheus already exists!
2023-01-24 12:22:46,719 [Listener at 127.0.0.1/46625] INFO  http.BaseHttpServer (BaseHttpServer.java:updateConnectorAddress(333)) - HTTP server of hddsDatanode listening at http://0.0.0.0:44965
2023-01-24 12:22:46,721 [Listener at 127.0.0.1/46625] WARN  impl.MetricRegistriesImpl (MetricRegistriesImpl.java:addReporterRegistration(111)) - New reporters are added after registries were created. Some metrics will be missing from the reporter. Please add reporter before adding any new registry.
2023-01-24 12:22:46,721 [Listener at 127.0.0.1/46625] WARN  impl.MetricRegistriesImpl (MetricRegistriesImpl.java:addReporterRegistration(111)) - New reporters are added after registries were created. Some metrics will be missing from the reporter. Please add reporter before adding any new registry.
2023-01-24 12:22:46,721 [Listener at 127.0.0.1/46625] INFO  impl.MetricsSystemImpl (MetricsSystemImpl.java:init(158)) - HddsDatanode metrics system started (again)
2023-01-24 12:22:46,721 [Datanode State Machine Daemon Thread] INFO  statemachine.DatanodeStateMachine (DatanodeStateMachine.java:lambda$startDaemon$0(519)) - Ozone container server started.
2023-01-24 12:22:46,734 [Listener at 127.0.0.1/46625] INFO  ozone.HddsDatanodeService (HddsDatanodeService.java:start(228)) - HddsDatanodeService host:fv-az83-645.uavyq1izdhte5b0ne1us2eqzhb.jx.internal.cloudapp.net ip:10.1.1.14
2023-01-24 12:22:46,745 [org.apache.hadoop.util.JvmPauseMonitor$Monitor@4df328af] INFO  util.JvmPauseMonitor (JvmPauseMonitor.java:run(188)) - Starting JVM pause monitor
2023-01-24 12:22:46,750 [Datanode State Machine Task Thread - 0] INFO  datanode.InitDatanodeState (InitDatanodeState.java:persistContainerDatanodeDetails(138)) - DatanodeDetails is persisted to /home/runner/work/ozone/ozone/hadoop-ozone/integration-test/target/test-dir/MiniOzoneClusterImpl-9ddee5dd-a9b0-4f84-bf8c-5f63b859aaaf/datanode-2/meta/datanode.id
2023-01-24 12:22:46,761 [Listener at 127.0.0.1/46625] INFO  upgrade.AbstractLayoutVersionManager (AbstractLayoutVersionManager.java:init(83)) - Initializing Layout version manager with metadata layout = DATANODE_SCHEMA_V3 (version = 4), software layout = DATANODE_SCHEMA_V3 (version = 4)
2023-01-24 12:22:46,816 [Listener at 127.0.0.1/46625] INFO  reflections.Reflections (Reflections.java:scan(232)) - Reflections took 53 ms to scan 7 urls, producing 149 keys and 357 values 
2023-01-24 12:22:46,818 [Listener at 127.0.0.1/46625] INFO  statemachine.DatanodeStateMachine (DatanodeStateMachine.java:getEndPointTaskThreadPoolSize(259)) - Datanode State Machine Task Thread Pool size 2
2023-01-24 12:22:46,822 [Listener at 127.0.0.1/46625] INFO  volume.HddsVolume (HddsVolume.java:<init>(117)) - Creating HddsVolume: /home/runner/work/ozone/ozone/hadoop-ozone/integration-test/target/test-dir/MiniOzoneClusterImpl-9ddee5dd-a9b0-4f84-bf8c-5f63b859aaaf/datanode-3/data-0/containers/hdds of storage type : DISK capacity : 9223372036854775807
2023-01-24 12:22:46,822 [Listener at 127.0.0.1/46625] INFO  volume.MutableVolumeSet (MutableVolumeSet.java:initializeVolumeSet(174)) - Added Volume : /home/runner/work/ozone/ozone/hadoop-ozone/integration-test/target/test-dir/MiniOzoneClusterImpl-9ddee5dd-a9b0-4f84-bf8c-5f63b859aaaf/datanode-3/data-0/containers/hdds to VolumeSet
2023-01-24 12:22:46,822 [Listener at 127.0.0.1/46625] INFO  volume.ThrottledAsyncChecker (ThrottledAsyncChecker.java:schedule(141)) - Scheduling a check for /home/runner/work/ozone/ozone/hadoop-ozone/integration-test/target/test-dir/MiniOzoneClusterImpl-9ddee5dd-a9b0-4f84-bf8c-5f63b859aaaf/datanode-3/data-0/containers/hdds
2023-01-24 12:22:46,823 [Listener at 127.0.0.1/46625] INFO  volume.StorageVolumeChecker (StorageVolumeChecker.java:checkAllVolumes(202)) - Scheduled health check for volume /home/runner/work/ozone/ozone/hadoop-ozone/integration-test/target/test-dir/MiniOzoneClusterImpl-9ddee5dd-a9b0-4f84-bf8c-5f63b859aaaf/datanode-3/data-0/containers/hdds
2023-01-24 12:22:46,835 [Listener at 127.0.0.1/46625] INFO  volume.MutableVolumeSet (MutableVolumeSet.java:initializeVolumeSet(174)) - Added Volume : /home/runner/work/ozone/ozone/hadoop-ozone/integration-test/target/test-dir/MiniOzoneClusterImpl-9ddee5dd-a9b0-4f84-bf8c-5f63b859aaaf/datanode-3/data/ratis to VolumeSet
2023-01-24 12:22:46,835 [Listener at 127.0.0.1/46625] INFO  volume.ThrottledAsyncChecker (ThrottledAsyncChecker.java:schedule(141)) - Scheduling a check for /home/runner/work/ozone/ozone/hadoop-ozone/integration-test/target/test-dir/MiniOzoneClusterImpl-9ddee5dd-a9b0-4f84-bf8c-5f63b859aaaf/datanode-3/data/ratis
2023-01-24 12:22:46,835 [Listener at 127.0.0.1/46625] INFO  volume.StorageVolumeChecker (StorageVolumeChecker.java:checkAllVolumes(202)) - Scheduled health check for volume /home/runner/work/ozone/ozone/hadoop-ozone/integration-test/target/test-dir/MiniOzoneClusterImpl-9ddee5dd-a9b0-4f84-bf8c-5f63b859aaaf/datanode-3/data/ratis
2023-01-24 12:22:46,845 [Thread-180] INFO  ozoneimpl.ContainerReader (ContainerReader.java:readVolume(175)) - Finish verifying containers on volume /home/runner/work/ozone/ozone/hadoop-ozone/integration-test/target/test-dir/MiniOzoneClusterImpl-9ddee5dd-a9b0-4f84-bf8c-5f63b859aaaf/datanode-3/data-0/containers/hdds
2023-01-24 12:22:46,846 [Listener at 127.0.0.1/46625] INFO  ozoneimpl.OzoneContainer (OzoneContainer.java:buildContainerSet(305)) - Build ContainerSet costs 0s
2023-01-24 12:22:46,857 [Listener at 127.0.0.1/46625] INFO  server.RaftServer (ConfUtils.java:logGet(46)) - raft.rpc.type = GRPC (default)
2023-01-24 12:22:46,857 [Listener at 127.0.0.1/46625] INFO  grpc.GrpcConfigKeys (ConfUtils.java:logFallback(53)) - raft.grpc.admin.host = null (fallback to raft.grpc.server.host)
2023-01-24 12:22:46,857 [Listener at 127.0.0.1/46625] INFO  grpc.GrpcConfigKeys (ConfUtils.java:logGet(46)) - raft.grpc.admin.port = 0 (custom)
2023-01-24 12:22:46,857 [Listener at 127.0.0.1/46625] INFO  grpc.GrpcConfigKeys (ConfUtils.java:logFallback(53)) - raft.grpc.client.host = null (fallback to raft.grpc.server.host)
2023-01-24 12:22:46,857 [Listener at 127.0.0.1/46625] INFO  grpc.GrpcConfigKeys (ConfUtils.java:logGet(46)) - raft.grpc.client.port = 0 (custom)
2023-01-24 12:22:46,858 [Listener at 127.0.0.1/46625] INFO  grpc.GrpcConfigKeys (ConfUtils.java:logGet(46)) - raft.grpc.server.host = null (default)
2023-01-24 12:22:46,858 [Listener at 127.0.0.1/46625] INFO  grpc.GrpcConfigKeys (ConfUtils.java:logGet(46)) - raft.grpc.server.port = 0 (default)
2023-01-24 12:22:46,858 [Listener at 127.0.0.1/46625] INFO  server.GrpcService (ConfUtils.java:logGet(46)) - raft.grpc.message.size.max = 32MB (=33554432) (custom)
2023-01-24 12:22:46,859 [Listener at 127.0.0.1/46625] INFO  server.RaftServerConfigKeys (ConfUtils.java:logGet(46)) - raft.server.log.appender.buffer.byte-limit = 33554432 (custom)
2023-01-24 12:22:46,859 [Listener at 127.0.0.1/46625] INFO  server.GrpcService (ConfUtils.java:logGet(46)) - raft.grpc.flow.control.window = 5MB (=5242880) (custom)
2023-01-24 12:22:46,859 [Listener at 127.0.0.1/46625] INFO  server.RaftServerConfigKeys (ConfUtils.java:logGet(46)) - raft.server.rpc.request.timeout = 60s (custom)
2023-01-24 12:22:46,859 [Listener at 127.0.0.1/46625] INFO  grpc.GrpcConfigKeys (ConfUtils.java:logGet(46)) - raft.grpc.server.heartbeat.channel = true (default)
2023-01-24 12:22:46,859 [Listener at 127.0.0.1/46625] INFO  grpc.GrpcConfigKeys (ConfUtils.java:logGet(46)) - raft.grpc.server.async.request.thread.pool.cached = true (default)
2023-01-24 12:22:46,859 [Listener at 127.0.0.1/46625] INFO  grpc.GrpcConfigKeys (ConfUtils.java:logGet(46)) - raft.grpc.server.async.request.thread.pool.size = 32 (default)
2023-01-24 12:22:46,862 [Listener at 127.0.0.1/46625] INFO  impl.DataStreamServerImpl (ConfUtils.java:logGet(46)) - raft.datastream.type = NETTY (custom)
2023-01-24 12:22:46,863 [Listener at 127.0.0.1/46625] INFO  server.RaftServerConfigKeys (ConfUtils.java:logGet(46)) - raft.server.data-stream.async.request.thread.pool.cached = false (default)
2023-01-24 12:22:46,864 [Listener at 127.0.0.1/46625] INFO  server.RaftServerConfigKeys (ConfUtils.java:logGet(46)) - raft.server.data-stream.async.request.thread.pool.size = 20 (custom)
2023-01-24 12:22:46,864 [Listener at 127.0.0.1/46625] INFO  server.RaftServerConfigKeys (ConfUtils.java:logGet(46)) - raft.server.data-stream.async.write.thread.pool.size = 16 (default)
2023-01-24 12:22:46,864 [Listener at 127.0.0.1/46625] INFO  server.RaftServerConfigKeys (ConfUtils.java:logGet(46)) - raft.server.data-stream.client.pool.size = 10 (default)
2023-01-24 12:22:46,864 [Listener at 127.0.0.1/46625] INFO  netty.NettyConfigKeys$DataStream (ConfUtils.java:logGet(46)) - raft.netty.dataStream.server.use-epoll = false (default)
2023-01-24 12:22:46,864 [Listener at 127.0.0.1/46625] INFO  netty.NettyConfigKeys$DataStream (ConfUtils.java:logGet(46)) - raft.netty.dataStream.server.boss-group.size = 0 (default)
2023-01-24 12:22:46,866 [Listener at 127.0.0.1/46625] INFO  netty.NettyConfigKeys$DataStream (ConfUtils.java:logGet(46)) - raft.netty.dataStream.server.worker-group.size = 0 (default)
2023-01-24 12:22:46,866 [Listener at 127.0.0.1/46625] INFO  netty.NettyConfigKeys$DataStream (ConfUtils.java:logGet(46)) - raft.netty.dataStream.server.tls.conf = null (default)
2023-01-24 12:22:46,866 [Listener at 127.0.0.1/46625] INFO  netty.NettyConfigKeys$DataStream (ConfUtils.java:logGet(46)) - raft.netty.dataStream.host = null (default)
2023-01-24 12:22:46,866 [Listener at 127.0.0.1/46625] INFO  netty.NettyConfigKeys$DataStream (ConfUtils.java:logGet(46)) - raft.netty.dataStream.port = 0 (default)
2023-01-24 12:22:46,868 [Listener at 127.0.0.1/46625] INFO  server.RaftServerConfigKeys (ConfUtils.java:logGet(46)) - raft.server.threadpool.proxy.cached = true (default)
2023-01-24 12:22:46,868 [Listener at 127.0.0.1/46625] INFO  server.RaftServerConfigKeys (ConfUtils.java:logGet(46)) - raft.server.threadpool.proxy.size = 0 (default)
2023-01-24 12:22:46,868 [Listener at 127.0.0.1/46625] INFO  server.RaftServerConfigKeys (ConfUtils.java:logGet(46)) - raft.server.rpc.slowness.timeout = 300s (custom)
2023-01-24 12:22:46,868 [Listener at 127.0.0.1/46625] INFO  server.RaftServerConfigKeys (ConfUtils.java:logGet(46)) - raft.server.leaderelection.leader.step-down.wait-time = 10s (default)
2023-01-24 12:22:46,869 [Listener at 127.0.0.1/46625] INFO  server.RaftServerConfigKeys (ConfUtils.java:logGet(46)) - raft.server.storage.dir = [/home/runner/work/ozone/ozone/hadoop-ozone/integration-test/target/test-dir/MiniOzoneClusterImpl-9ddee5dd-a9b0-4f84-bf8c-5f63b859aaaf/datanode-3/data/ratis] (custom)
2023-01-24 12:22:46,870 [Listener at 127.0.0.1/46625] INFO  server.XceiverServerGrpc (XceiverServerGrpc.java:<init>(132)) - GrpcServer channel type EpollServerSocketChannel
2023-01-24 12:22:46,876 [Listener at 127.0.0.1/46625] INFO  http.BaseHttpServer (BaseHttpServer.java:newHttpServer2BuilderForOzone(213)) - Starting Web-server for hddsDatanode at: http://0.0.0.0:0
2023-01-24 12:22:46,876 [Listener at 127.0.0.1/46625] INFO  http.BaseHttpServer (BaseHttpServer.java:<init>(108)) - Hadoop Security Enabled: false Ozone Security Enabled: false Ozone HTTP Security Enabled: false 
2023-01-24 12:22:46,877 [Listener at 127.0.0.1/46625] WARN  server.AuthenticationFilter (AuthenticationFilter.java:constructSecretProvider(240)) - Unable to initialize FileSignerSecretProvider, falling back to use random secrets. Reason: Could not read signature secret file: /home/runner/hadoop-http-auth-signature-secret
2023-01-24 12:22:46,878 [Listener at 127.0.0.1/46625] WARN  http.HttpRequestLog (HttpRequestLog.java:getRequestLog(103)) - Jetty request log can only be enabled using Log4j
2023-01-24 12:22:46,879 [Listener at 127.0.0.1/46625] INFO  http.HttpServer2 (HttpServer2.java:addGlobalFilter(1031)) - Added global filter 'safety' (class=org.apache.hadoop.hdds.server.http.HttpServer2$QuotingInputFilter)
2023-01-24 12:22:46,880 [Listener at 127.0.0.1/46625] INFO  http.HttpServer2 (HttpServer2.java:addFilter(1007)) - Added filter static_user_filter (class=org.apache.hadoop.http.lib.StaticUserWebFilter$StaticUserFilter) to context hddsDatanode
2023-01-24 12:22:46,880 [Listener at 127.0.0.1/46625] INFO  http.HttpServer2 (HttpServer2.java:addFilter(1015)) - Added filter static_user_filter (class=org.apache.hadoop.http.lib.StaticUserWebFilter$StaticUserFilter) to context static
2023-01-24 12:22:46,880 [Listener at 127.0.0.1/46625] INFO  http.HttpServer2 (HttpServer2.java:addFilter(1015)) - Added filter static_user_filter (class=org.apache.hadoop.http.lib.StaticUserWebFilter$StaticUserFilter) to context logs
2023-01-24 12:22:46,881 [Listener at 127.0.0.1/46625] INFO  http.HttpServer2 (HttpServer2.java:bindListener(1250)) - Jetty bound to port 44391
2023-01-24 12:22:46,881 [Listener at 127.0.0.1/46625] INFO  server.Server (Server.java:doStart(375)) - jetty-9.4.49.v20220914; built: 2022-09-14T01:07:36.601Z; git: 4231a3b2e4cb8548a412a789936d640a97b1aa0a; jvm 1.8.0_352-b08
2023-01-24 12:22:46,885 [Listener at 127.0.0.1/46625] INFO  server.session (DefaultSessionIdManager.java:doStart(334)) - DefaultSessionIdManager workerName=node0
2023-01-24 12:22:46,885 [Listener at 127.0.0.1/46625] INFO  server.session (DefaultSessionIdManager.java:doStart(339)) - No SessionScavenger set, using defaults
2023-01-24 12:22:46,885 [Listener at 127.0.0.1/46625] INFO  server.session (HouseKeeper.java:startScavenging(132)) - node0 Scavenging every 600000ms
2023-01-24 12:22:46,888 [Listener at 127.0.0.1/46625] INFO  handler.ContextHandler (ContextHandler.java:doStart(921)) - Started o.e.j.s.ServletContextHandler@6842531{logs,/logs,file:///home/runner/work/ozone/ozone/hadoop-ozone/integration-test/target/log,AVAILABLE}
2023-01-24 12:22:46,888 [Listener at 127.0.0.1/46625] INFO  handler.ContextHandler (ContextHandler.java:doStart(921)) - Started o.e.j.s.ServletContextHandler@34a69db{static,/static,jar:file:/home/runner/.m2/repository/org/apache/ozone/hdds-container-service/1.4.0-SNAPSHOT/hdds-container-service-1.4.0-SNAPSHOT.jar!/webapps/static,AVAILABLE}
2023-01-24 12:22:46,893 [3f0205b3-740b-4219-bfdb-76da739fef9e-NettyServerStreamRpc-bossGroup--thread1] INFO  logging.LoggingHandler (AbstractInternalLogger.java:log(148)) - [id: 0x451c6c3e] REGISTERED
2023-01-24 12:22:46,893 [3f0205b3-740b-4219-bfdb-76da739fef9e-NettyServerStreamRpc-bossGroup--thread1] INFO  logging.LoggingHandler (AbstractInternalLogger.java:log(148)) - [id: 0x451c6c3e] BIND: 0.0.0.0/0.0.0.0:0
2023-01-24 12:22:46,893 [3f0205b3-740b-4219-bfdb-76da739fef9e-NettyServerStreamRpc-bossGroup--thread1] INFO  logging.LoggingHandler (AbstractInternalLogger.java:log(148)) - [id: 0x451c6c3e, L:/0:0:0:0:0:0:0:0:35799] ACTIVE
2023-01-24 12:22:47,064 [Listener at 127.0.0.1/46625] INFO  handler.ContextHandler (ContextHandler.java:doStart(921)) - Started o.e.j.w.WebAppContext@7f736bab{hddsDatanode,/,file:///tmp/jetty-0_0_0_0-44391-hdds-container-service-1_4_0-SNAPSHOT_jar-_-any-2319610680275847060/webapp/,AVAILABLE}{jar:file:/home/runner/.m2/repository/org/apache/ozone/hdds-container-service/1.4.0-SNAPSHOT/hdds-container-service-1.4.0-SNAPSHOT.jar!/webapps/hddsDatanode}
2023-01-24 12:22:47,066 [Listener at 127.0.0.1/46625] INFO  server.AbstractConnector (AbstractConnector.java:doStart(333)) - Started ServerConnector@2dc10c50{HTTP/1.1, (http/1.1)}{0.0.0.0:44391}
2023-01-24 12:22:47,067 [Listener at 127.0.0.1/46625] INFO  server.Server (Server.java:doStart(415)) - Started @8982ms
2023-01-24 12:22:47,067 [Listener at 127.0.0.1/46625] WARN  impl.MetricsSystemImpl (MetricsSystemImpl.java:register(279)) - Sink prometheus already exists!
2023-01-24 12:22:47,067 [Listener at 127.0.0.1/46625] INFO  http.BaseHttpServer (BaseHttpServer.java:updateConnectorAddress(333)) - HTTP server of hddsDatanode listening at http://0.0.0.0:44391
2023-01-24 12:22:47,068 [Datanode State Machine Daemon Thread] INFO  statemachine.DatanodeStateMachine (DatanodeStateMachine.java:lambda$startDaemon$0(519)) - Ozone container server started.
2023-01-24 12:22:47,069 [Listener at 127.0.0.1/46625] WARN  impl.MetricRegistriesImpl (MetricRegistriesImpl.java:addReporterRegistration(111)) - New reporters are added after registries were created. Some metrics will be missing from the reporter. Please add reporter before adding any new registry.
2023-01-24 12:22:47,069 [Listener at 127.0.0.1/46625] WARN  impl.MetricRegistriesImpl (MetricRegistriesImpl.java:addReporterRegistration(111)) - New reporters are added after registries were created. Some metrics will be missing from the reporter. Please add reporter before adding any new registry.
2023-01-24 12:22:47,069 [Listener at 127.0.0.1/46625] INFO  impl.MetricsSystemImpl (MetricsSystemImpl.java:init(158)) - HddsDatanode metrics system started (again)
2023-01-24 12:22:47,084 [Listener at 127.0.0.1/46625] INFO  ozone.HddsDatanodeService (HddsDatanodeService.java:start(228)) - HddsDatanodeService host:fv-az83-645.uavyq1izdhte5b0ne1us2eqzhb.jx.internal.cloudapp.net ip:10.1.1.14
2023-01-24 12:22:47,090 [org.apache.hadoop.util.JvmPauseMonitor$Monitor@2e51cea3] INFO  util.JvmPauseMonitor (JvmPauseMonitor.java:run(188)) - Starting JVM pause monitor
2023-01-24 12:22:47,094 [Datanode State Machine Task Thread - 0] INFO  datanode.InitDatanodeState (InitDatanodeState.java:persistContainerDatanodeDetails(138)) - DatanodeDetails is persisted to /home/runner/work/ozone/ozone/hadoop-ozone/integration-test/target/test-dir/MiniOzoneClusterImpl-9ddee5dd-a9b0-4f84-bf8c-5f63b859aaaf/datanode-3/meta/datanode.id
2023-01-24 12:22:47,105 [Listener at 127.0.0.1/46625] INFO  upgrade.AbstractLayoutVersionManager (AbstractLayoutVersionManager.java:init(83)) - Initializing Layout version manager with metadata layout = DATANODE_SCHEMA_V3 (version = 4), software layout = DATANODE_SCHEMA_V3 (version = 4)
2023-01-24 12:22:47,154 [Listener at 127.0.0.1/46625] INFO  reflections.Reflections (Reflections.java:scan(232)) - Reflections took 47 ms to scan 7 urls, producing 149 keys and 357 values 
2023-01-24 12:22:47,155 [Listener at 127.0.0.1/46625] INFO  statemachine.DatanodeStateMachine (DatanodeStateMachine.java:getEndPointTaskThreadPoolSize(259)) - Datanode State Machine Task Thread Pool size 2
2023-01-24 12:22:47,157 [Listener at 127.0.0.1/46625] INFO  volume.HddsVolume (HddsVolume.java:<init>(117)) - Creating HddsVolume: /home/runner/work/ozone/ozone/hadoop-ozone/integration-test/target/test-dir/MiniOzoneClusterImpl-9ddee5dd-a9b0-4f84-bf8c-5f63b859aaaf/datanode-4/data-0/containers/hdds of storage type : DISK capacity : 9223372036854775807
2023-01-24 12:22:47,158 [Listener at 127.0.0.1/46625] INFO  volume.MutableVolumeSet (MutableVolumeSet.java:initializeVolumeSet(174)) - Added Volume : /home/runner/work/ozone/ozone/hadoop-ozone/integration-test/target/test-dir/MiniOzoneClusterImpl-9ddee5dd-a9b0-4f84-bf8c-5f63b859aaaf/datanode-4/data-0/containers/hdds to VolumeSet
2023-01-24 12:22:47,158 [Listener at 127.0.0.1/46625] INFO  volume.ThrottledAsyncChecker (ThrottledAsyncChecker.java:schedule(141)) - Scheduling a check for /home/runner/work/ozone/ozone/hadoop-ozone/integration-test/target/test-dir/MiniOzoneClusterImpl-9ddee5dd-a9b0-4f84-bf8c-5f63b859aaaf/datanode-4/data-0/containers/hdds
2023-01-24 12:22:47,161 [Listener at 127.0.0.1/46625] INFO  volume.StorageVolumeChecker (StorageVolumeChecker.java:checkAllVolumes(202)) - Scheduled health check for volume /home/runner/work/ozone/ozone/hadoop-ozone/integration-test/target/test-dir/MiniOzoneClusterImpl-9ddee5dd-a9b0-4f84-bf8c-5f63b859aaaf/datanode-4/data-0/containers/hdds
2023-01-24 12:22:47,172 [Listener at 127.0.0.1/46625] INFO  volume.MutableVolumeSet (MutableVolumeSet.java:initializeVolumeSet(174)) - Added Volume : /home/runner/work/ozone/ozone/hadoop-ozone/integration-test/target/test-dir/MiniOzoneClusterImpl-9ddee5dd-a9b0-4f84-bf8c-5f63b859aaaf/datanode-4/data/ratis to VolumeSet
2023-01-24 12:22:47,172 [Listener at 127.0.0.1/46625] INFO  volume.ThrottledAsyncChecker (ThrottledAsyncChecker.java:schedule(141)) - Scheduling a check for /home/runner/work/ozone/ozone/hadoop-ozone/integration-test/target/test-dir/MiniOzoneClusterImpl-9ddee5dd-a9b0-4f84-bf8c-5f63b859aaaf/datanode-4/data/ratis
2023-01-24 12:22:47,172 [Listener at 127.0.0.1/46625] INFO  volume.StorageVolumeChecker (StorageVolumeChecker.java:checkAllVolumes(202)) - Scheduled health check for volume /home/runner/work/ozone/ozone/hadoop-ozone/integration-test/target/test-dir/MiniOzoneClusterImpl-9ddee5dd-a9b0-4f84-bf8c-5f63b859aaaf/datanode-4/data/ratis
2023-01-24 12:22:47,183 [Thread-194] INFO  ozoneimpl.ContainerReader (ContainerReader.java:readVolume(175)) - Finish verifying containers on volume /home/runner/work/ozone/ozone/hadoop-ozone/integration-test/target/test-dir/MiniOzoneClusterImpl-9ddee5dd-a9b0-4f84-bf8c-5f63b859aaaf/datanode-4/data-0/containers/hdds
2023-01-24 12:22:47,183 [Listener at 127.0.0.1/46625] INFO  ozoneimpl.OzoneContainer (OzoneContainer.java:buildContainerSet(305)) - Build ContainerSet costs 0s
2023-01-24 12:22:47,186 [Listener at 127.0.0.1/46625] INFO  server.RaftServer (ConfUtils.java:logGet(46)) - raft.rpc.type = GRPC (default)
2023-01-24 12:22:47,186 [Listener at 127.0.0.1/46625] INFO  grpc.GrpcConfigKeys (ConfUtils.java:logFallback(53)) - raft.grpc.admin.host = null (fallback to raft.grpc.server.host)
2023-01-24 12:22:47,186 [Listener at 127.0.0.1/46625] INFO  grpc.GrpcConfigKeys (ConfUtils.java:logGet(46)) - raft.grpc.admin.port = 0 (custom)
2023-01-24 12:22:47,186 [Listener at 127.0.0.1/46625] INFO  grpc.GrpcConfigKeys (ConfUtils.java:logFallback(53)) - raft.grpc.client.host = null (fallback to raft.grpc.server.host)
2023-01-24 12:22:47,186 [Listener at 127.0.0.1/46625] INFO  grpc.GrpcConfigKeys (ConfUtils.java:logGet(46)) - raft.grpc.client.port = 0 (custom)
2023-01-24 12:22:47,186 [Listener at 127.0.0.1/46625] INFO  grpc.GrpcConfigKeys (ConfUtils.java:logGet(46)) - raft.grpc.server.host = null (default)
2023-01-24 12:22:47,186 [Listener at 127.0.0.1/46625] INFO  grpc.GrpcConfigKeys (ConfUtils.java:logGet(46)) - raft.grpc.server.port = 0 (default)
2023-01-24 12:22:47,187 [Listener at 127.0.0.1/46625] INFO  server.GrpcService (ConfUtils.java:logGet(46)) - raft.grpc.message.size.max = 32MB (=33554432) (custom)
2023-01-24 12:22:47,187 [Listener at 127.0.0.1/46625] INFO  server.RaftServerConfigKeys (ConfUtils.java:logGet(46)) - raft.server.log.appender.buffer.byte-limit = 33554432 (custom)
2023-01-24 12:22:47,187 [Listener at 127.0.0.1/46625] INFO  server.GrpcService (ConfUtils.java:logGet(46)) - raft.grpc.flow.control.window = 5MB (=5242880) (custom)
2023-01-24 12:22:47,187 [Listener at 127.0.0.1/46625] INFO  server.RaftServerConfigKeys (ConfUtils.java:logGet(46)) - raft.server.rpc.request.timeout = 60s (custom)
2023-01-24 12:22:47,187 [Listener at 127.0.0.1/46625] INFO  grpc.GrpcConfigKeys (ConfUtils.java:logGet(46)) - raft.grpc.server.heartbeat.channel = true (default)
2023-01-24 12:22:47,187 [Listener at 127.0.0.1/46625] INFO  grpc.GrpcConfigKeys (ConfUtils.java:logGet(46)) - raft.grpc.server.async.request.thread.pool.cached = true (default)
2023-01-24 12:22:47,187 [Listener at 127.0.0.1/46625] INFO  grpc.GrpcConfigKeys (ConfUtils.java:logGet(46)) - raft.grpc.server.async.request.thread.pool.size = 32 (default)
2023-01-24 12:22:47,188 [Listener at 127.0.0.1/46625] INFO  impl.DataStreamServerImpl (ConfUtils.java:logGet(46)) - raft.datastream.type = NETTY (custom)
2023-01-24 12:22:47,188 [Listener at 127.0.0.1/46625] INFO  server.RaftServerConfigKeys (ConfUtils.java:logGet(46)) - raft.server.data-stream.async.request.thread.pool.cached = false (default)
2023-01-24 12:22:47,189 [Listener at 127.0.0.1/46625] INFO  server.RaftServerConfigKeys (ConfUtils.java:logGet(46)) - raft.server.data-stream.async.request.thread.pool.size = 20 (custom)
2023-01-24 12:22:47,189 [Listener at 127.0.0.1/46625] INFO  server.RaftServerConfigKeys (ConfUtils.java:logGet(46)) - raft.server.data-stream.async.write.thread.pool.size = 16 (default)
2023-01-24 12:22:47,189 [Listener at 127.0.0.1/46625] INFO  server.RaftServerConfigKeys (ConfUtils.java:logGet(46)) - raft.server.data-stream.client.pool.size = 10 (default)
2023-01-24 12:22:47,189 [Listener at 127.0.0.1/46625] INFO  netty.NettyConfigKeys$DataStream (ConfUtils.java:logGet(46)) - raft.netty.dataStream.server.use-epoll = false (default)
2023-01-24 12:22:47,189 [Listener at 127.0.0.1/46625] INFO  netty.NettyConfigKeys$DataStream (ConfUtils.java:logGet(46)) - raft.netty.dataStream.server.boss-group.size = 0 (default)
2023-01-24 12:22:47,191 [Listener at 127.0.0.1/46625] INFO  netty.NettyConfigKeys$DataStream (ConfUtils.java:logGet(46)) - raft.netty.dataStream.server.worker-group.size = 0 (default)
2023-01-24 12:22:47,192 [Listener at 127.0.0.1/46625] INFO  netty.NettyConfigKeys$DataStream (ConfUtils.java:logGet(46)) - raft.netty.dataStream.server.tls.conf = null (default)
2023-01-24 12:22:47,192 [Listener at 127.0.0.1/46625] INFO  netty.NettyConfigKeys$DataStream (ConfUtils.java:logGet(46)) - raft.netty.dataStream.host = null (default)
2023-01-24 12:22:47,192 [Listener at 127.0.0.1/46625] INFO  netty.NettyConfigKeys$DataStream (ConfUtils.java:logGet(46)) - raft.netty.dataStream.port = 0 (default)
2023-01-24 12:22:47,192 [Listener at 127.0.0.1/46625] INFO  server.RaftServerConfigKeys (ConfUtils.java:logGet(46)) - raft.server.threadpool.proxy.cached = true (default)
2023-01-24 12:22:47,192 [Listener at 127.0.0.1/46625] INFO  server.RaftServerConfigKeys (ConfUtils.java:logGet(46)) - raft.server.threadpool.proxy.size = 0 (default)
2023-01-24 12:22:47,192 [Listener at 127.0.0.1/46625] INFO  server.RaftServerConfigKeys (ConfUtils.java:logGet(46)) - raft.server.rpc.slowness.timeout = 300s (custom)
2023-01-24 12:22:47,193 [Listener at 127.0.0.1/46625] INFO  server.RaftServerConfigKeys (ConfUtils.java:logGet(46)) - raft.server.leaderelection.leader.step-down.wait-time = 10s (default)
2023-01-24 12:22:47,193 [Listener at 127.0.0.1/46625] INFO  server.RaftServerConfigKeys (ConfUtils.java:logGet(46)) - raft.server.storage.dir = [/home/runner/work/ozone/ozone/hadoop-ozone/integration-test/target/test-dir/MiniOzoneClusterImpl-9ddee5dd-a9b0-4f84-bf8c-5f63b859aaaf/datanode-4/data/ratis] (custom)
2023-01-24 12:22:47,194 [8d5822ee-b1dd-46af-beb1-0638b7fa15fc-NettyServerStreamRpc-bossGroup--thread1] INFO  logging.LoggingHandler (AbstractInternalLogger.java:log(148)) - [id: 0x5ffcaaf7] REGISTERED
2023-01-24 12:22:47,194 [8d5822ee-b1dd-46af-beb1-0638b7fa15fc-NettyServerStreamRpc-bossGroup--thread1] INFO  logging.LoggingHandler (AbstractInternalLogger.java:log(148)) - [id: 0x5ffcaaf7] BIND: 0.0.0.0/0.0.0.0:0
2023-01-24 12:22:47,194 [8d5822ee-b1dd-46af-beb1-0638b7fa15fc-NettyServerStreamRpc-bossGroup--thread1] INFO  logging.LoggingHandler (AbstractInternalLogger.java:log(148)) - [id: 0x5ffcaaf7, L:/0:0:0:0:0:0:0:0:42631] ACTIVE
2023-01-24 12:22:47,195 [Listener at 127.0.0.1/46625] INFO  server.XceiverServerGrpc (XceiverServerGrpc.java:<init>(132)) - GrpcServer channel type EpollServerSocketChannel
2023-01-24 12:22:47,198 [Listener at 127.0.0.1/46625] INFO  http.BaseHttpServer (BaseHttpServer.java:newHttpServer2BuilderForOzone(213)) - Starting Web-server for hddsDatanode at: http://0.0.0.0:0
2023-01-24 12:22:47,198 [Listener at 127.0.0.1/46625] INFO  http.BaseHttpServer (BaseHttpServer.java:<init>(108)) - Hadoop Security Enabled: false Ozone Security Enabled: false Ozone HTTP Security Enabled: false 
2023-01-24 12:22:47,200 [Listener at 127.0.0.1/46625] WARN  server.AuthenticationFilter (AuthenticationFilter.java:constructSecretProvider(240)) - Unable to initialize FileSignerSecretProvider, falling back to use random secrets. Reason: Could not read signature secret file: /home/runner/hadoop-http-auth-signature-secret
2023-01-24 12:22:47,202 [Listener at 127.0.0.1/46625] WARN  http.HttpRequestLog (HttpRequestLog.java:getRequestLog(103)) - Jetty request log can only be enabled using Log4j
2023-01-24 12:22:47,204 [Listener at 127.0.0.1/46625] INFO  http.HttpServer2 (HttpServer2.java:addGlobalFilter(1031)) - Added global filter 'safety' (class=org.apache.hadoop.hdds.server.http.HttpServer2$QuotingInputFilter)
2023-01-24 12:22:47,204 [Listener at 127.0.0.1/46625] INFO  http.HttpServer2 (HttpServer2.java:addFilter(1007)) - Added filter static_user_filter (class=org.apache.hadoop.http.lib.StaticUserWebFilter$StaticUserFilter) to context hddsDatanode
2023-01-24 12:22:47,205 [Listener at 127.0.0.1/46625] INFO  http.HttpServer2 (HttpServer2.java:addFilter(1015)) - Added filter static_user_filter (class=org.apache.hadoop.http.lib.StaticUserWebFilter$StaticUserFilter) to context logs
2023-01-24 12:22:47,205 [Listener at 127.0.0.1/46625] INFO  http.HttpServer2 (HttpServer2.java:addFilter(1015)) - Added filter static_user_filter (class=org.apache.hadoop.http.lib.StaticUserWebFilter$StaticUserFilter) to context static
2023-01-24 12:22:47,205 [Listener at 127.0.0.1/46625] INFO  http.HttpServer2 (HttpServer2.java:bindListener(1250)) - Jetty bound to port 39541
2023-01-24 12:22:47,205 [Listener at 127.0.0.1/46625] INFO  server.Server (Server.java:doStart(375)) - jetty-9.4.49.v20220914; built: 2022-09-14T01:07:36.601Z; git: 4231a3b2e4cb8548a412a789936d640a97b1aa0a; jvm 1.8.0_352-b08
2023-01-24 12:22:47,207 [Listener at 127.0.0.1/46625] INFO  server.session (DefaultSessionIdManager.java:doStart(334)) - DefaultSessionIdManager workerName=node0
2023-01-24 12:22:47,207 [Listener at 127.0.0.1/46625] INFO  server.session (DefaultSessionIdManager.java:doStart(339)) - No SessionScavenger set, using defaults
2023-01-24 12:22:47,207 [Listener at 127.0.0.1/46625] INFO  server.session (HouseKeeper.java:startScavenging(132)) - node0 Scavenging every 600000ms
2023-01-24 12:22:47,208 [Listener at 127.0.0.1/46625] INFO  handler.ContextHandler (ContextHandler.java:doStart(921)) - Started o.e.j.s.ServletContextHandler@4cb790ff{logs,/logs,file:///home/runner/work/ozone/ozone/hadoop-ozone/integration-test/target/log,AVAILABLE}
2023-01-24 12:22:47,208 [Listener at 127.0.0.1/46625] INFO  handler.ContextHandler (ContextHandler.java:doStart(921)) - Started o.e.j.s.ServletContextHandler@4fae1395{static,/static,jar:file:/home/runner/.m2/repository/org/apache/ozone/hdds-container-service/1.4.0-SNAPSHOT/hdds-container-service-1.4.0-SNAPSHOT.jar!/webapps/static,AVAILABLE}
2023-01-24 12:22:47,380 [Listener at 127.0.0.1/46625] INFO  handler.ContextHandler (ContextHandler.java:doStart(921)) - Started o.e.j.w.WebAppContext@19fec920{hddsDatanode,/,file:///tmp/jetty-0_0_0_0-39541-hdds-container-service-1_4_0-SNAPSHOT_jar-_-any-4147730815343727594/webapp/,AVAILABLE}{jar:file:/home/runner/.m2/repository/org/apache/ozone/hdds-container-service/1.4.0-SNAPSHOT/hdds-container-service-1.4.0-SNAPSHOT.jar!/webapps/hddsDatanode}
2023-01-24 12:22:47,381 [Listener at 127.0.0.1/46625] INFO  server.AbstractConnector (AbstractConnector.java:doStart(333)) - Started ServerConnector@3946b998{HTTP/1.1, (http/1.1)}{0.0.0.0:39541}
2023-01-24 12:22:47,382 [Listener at 127.0.0.1/46625] INFO  server.Server (Server.java:doStart(415)) - Started @9297ms
2023-01-24 12:22:47,382 [Listener at 127.0.0.1/46625] WARN  impl.MetricsSystemImpl (MetricsSystemImpl.java:register(279)) - Sink prometheus already exists!
2023-01-24 12:22:47,382 [Listener at 127.0.0.1/46625] INFO  http.BaseHttpServer (BaseHttpServer.java:updateConnectorAddress(333)) - HTTP server of hddsDatanode listening at http://0.0.0.0:39541
2023-01-24 12:22:47,383 [Datanode State Machine Daemon Thread] INFO  statemachine.DatanodeStateMachine (DatanodeStateMachine.java:lambda$startDaemon$0(519)) - Ozone container server started.
2023-01-24 12:22:47,398 [org.apache.hadoop.util.JvmPauseMonitor$Monitor@2b115803] INFO  util.JvmPauseMonitor (JvmPauseMonitor.java:run(188)) - Starting JVM pause monitor
2023-01-24 12:22:47,398 [Listener at 127.0.0.1/46625] WARN  impl.MetricRegistriesImpl (MetricRegistriesImpl.java:addReporterRegistration(111)) - New reporters are added after registries were created. Some metrics will be missing from the reporter. Please add reporter before adding any new registry.
2023-01-24 12:22:47,399 [Listener at 127.0.0.1/46625] WARN  impl.MetricRegistriesImpl (MetricRegistriesImpl.java:addReporterRegistration(111)) - New reporters are added after registries were created. Some metrics will be missing from the reporter. Please add reporter before adding any new registry.
2023-01-24 12:22:47,399 [Listener at 127.0.0.1/46625] INFO  impl.MetricsSystemImpl (MetricsSystemImpl.java:init(158)) - HddsDatanode metrics system started (again)
2023-01-24 12:22:47,408 [Datanode State Machine Task Thread - 0] INFO  datanode.InitDatanodeState (InitDatanodeState.java:persistContainerDatanodeDetails(138)) - DatanodeDetails is persisted to /home/runner/work/ozone/ozone/hadoop-ozone/integration-test/target/test-dir/MiniOzoneClusterImpl-9ddee5dd-a9b0-4f84-bf8c-5f63b859aaaf/datanode-4/meta/datanode.id
2023-01-24 12:22:47,411 [Listener at 127.0.0.1/46625] INFO  ozone.HddsDatanodeService (HddsDatanodeService.java:start(228)) - HddsDatanodeService host:fv-az83-645.uavyq1izdhte5b0ne1us2eqzhb.jx.internal.cloudapp.net ip:10.1.1.14
2023-01-24 12:22:47,431 [Listener at 127.0.0.1/46625] INFO  upgrade.AbstractLayoutVersionManager (AbstractLayoutVersionManager.java:init(83)) - Initializing Layout version manager with metadata layout = DATANODE_SCHEMA_V3 (version = 4), software layout = DATANODE_SCHEMA_V3 (version = 4)
2023-01-24 12:22:47,477 [Listener at 127.0.0.1/46625] INFO  reflections.Reflections (Reflections.java:scan(232)) - Reflections took 44 ms to scan 7 urls, producing 149 keys and 357 values 
2023-01-24 12:22:47,478 [Listener at 127.0.0.1/46625] INFO  statemachine.DatanodeStateMachine (DatanodeStateMachine.java:getEndPointTaskThreadPoolSize(259)) - Datanode State Machine Task Thread Pool size 2
2023-01-24 12:22:47,480 [Listener at 127.0.0.1/46625] INFO  volume.HddsVolume (HddsVolume.java:<init>(117)) - Creating HddsVolume: /home/runner/work/ozone/ozone/hadoop-ozone/integration-test/target/test-dir/MiniOzoneClusterImpl-9ddee5dd-a9b0-4f84-bf8c-5f63b859aaaf/datanode-5/data-0/containers/hdds of storage type : DISK capacity : 9223372036854775807
2023-01-24 12:22:47,480 [Listener at 127.0.0.1/46625] INFO  volume.MutableVolumeSet (MutableVolumeSet.java:initializeVolumeSet(174)) - Added Volume : /home/runner/work/ozone/ozone/hadoop-ozone/integration-test/target/test-dir/MiniOzoneClusterImpl-9ddee5dd-a9b0-4f84-bf8c-5f63b859aaaf/datanode-5/data-0/containers/hdds to VolumeSet
2023-01-24 12:22:47,480 [Listener at 127.0.0.1/46625] INFO  volume.ThrottledAsyncChecker (ThrottledAsyncChecker.java:schedule(141)) - Scheduling a check for /home/runner/work/ozone/ozone/hadoop-ozone/integration-test/target/test-dir/MiniOzoneClusterImpl-9ddee5dd-a9b0-4f84-bf8c-5f63b859aaaf/datanode-5/data-0/containers/hdds
2023-01-24 12:22:47,481 [Listener at 127.0.0.1/46625] INFO  volume.StorageVolumeChecker (StorageVolumeChecker.java:checkAllVolumes(202)) - Scheduled health check for volume /home/runner/work/ozone/ozone/hadoop-ozone/integration-test/target/test-dir/MiniOzoneClusterImpl-9ddee5dd-a9b0-4f84-bf8c-5f63b859aaaf/datanode-5/data-0/containers/hdds
2023-01-24 12:22:47,492 [Listener at 127.0.0.1/46625] INFO  volume.MutableVolumeSet (MutableVolumeSet.java:initializeVolumeSet(174)) - Added Volume : /home/runner/work/ozone/ozone/hadoop-ozone/integration-test/target/test-dir/MiniOzoneClusterImpl-9ddee5dd-a9b0-4f84-bf8c-5f63b859aaaf/datanode-5/data/ratis to VolumeSet
2023-01-24 12:22:47,492 [Listener at 127.0.0.1/46625] INFO  volume.ThrottledAsyncChecker (ThrottledAsyncChecker.java:schedule(141)) - Scheduling a check for /home/runner/work/ozone/ozone/hadoop-ozone/integration-test/target/test-dir/MiniOzoneClusterImpl-9ddee5dd-a9b0-4f84-bf8c-5f63b859aaaf/datanode-5/data/ratis
2023-01-24 12:22:47,492 [Listener at 127.0.0.1/46625] INFO  volume.StorageVolumeChecker (StorageVolumeChecker.java:checkAllVolumes(202)) - Scheduled health check for volume /home/runner/work/ozone/ozone/hadoop-ozone/integration-test/target/test-dir/MiniOzoneClusterImpl-9ddee5dd-a9b0-4f84-bf8c-5f63b859aaaf/datanode-5/data/ratis
2023-01-24 12:22:47,502 [Thread-208] INFO  ozoneimpl.ContainerReader (ContainerReader.java:readVolume(175)) - Finish verifying containers on volume /home/runner/work/ozone/ozone/hadoop-ozone/integration-test/target/test-dir/MiniOzoneClusterImpl-9ddee5dd-a9b0-4f84-bf8c-5f63b859aaaf/datanode-5/data-0/containers/hdds
2023-01-24 12:22:47,502 [Listener at 127.0.0.1/46625] INFO  ozoneimpl.OzoneContainer (OzoneContainer.java:buildContainerSet(305)) - Build ContainerSet costs 0s
2023-01-24 12:22:47,506 [Listener at 127.0.0.1/46625] INFO  server.RaftServer (ConfUtils.java:logGet(46)) - raft.rpc.type = GRPC (default)
2023-01-24 12:22:47,506 [Listener at 127.0.0.1/46625] INFO  grpc.GrpcConfigKeys (ConfUtils.java:logFallback(53)) - raft.grpc.admin.host = null (fallback to raft.grpc.server.host)
2023-01-24 12:22:47,507 [Listener at 127.0.0.1/46625] INFO  grpc.GrpcConfigKeys (ConfUtils.java:logGet(46)) - raft.grpc.admin.port = 0 (custom)
2023-01-24 12:22:47,507 [Listener at 127.0.0.1/46625] INFO  grpc.GrpcConfigKeys (ConfUtils.java:logFallback(53)) - raft.grpc.client.host = null (fallback to raft.grpc.server.host)
2023-01-24 12:22:47,507 [Listener at 127.0.0.1/46625] INFO  grpc.GrpcConfigKeys (ConfUtils.java:logGet(46)) - raft.grpc.client.port = 0 (custom)
2023-01-24 12:22:47,507 [Listener at 127.0.0.1/46625] INFO  grpc.GrpcConfigKeys (ConfUtils.java:logGet(46)) - raft.grpc.server.host = null (default)
2023-01-24 12:22:47,507 [Listener at 127.0.0.1/46625] INFO  grpc.GrpcConfigKeys (ConfUtils.java:logGet(46)) - raft.grpc.server.port = 0 (default)
2023-01-24 12:22:47,507 [Listener at 127.0.0.1/46625] INFO  server.GrpcService (ConfUtils.java:logGet(46)) - raft.grpc.message.size.max = 32MB (=33554432) (custom)
2023-01-24 12:22:47,507 [Listener at 127.0.0.1/46625] INFO  server.RaftServerConfigKeys (ConfUtils.java:logGet(46)) - raft.server.log.appender.buffer.byte-limit = 33554432 (custom)
2023-01-24 12:22:47,507 [Listener at 127.0.0.1/46625] INFO  server.GrpcService (ConfUtils.java:logGet(46)) - raft.grpc.flow.control.window = 5MB (=5242880) (custom)
2023-01-24 12:22:47,507 [Listener at 127.0.0.1/46625] INFO  server.RaftServerConfigKeys (ConfUtils.java:logGet(46)) - raft.server.rpc.request.timeout = 60s (custom)
2023-01-24 12:22:47,508 [Listener at 127.0.0.1/46625] INFO  grpc.GrpcConfigKeys (ConfUtils.java:logGet(46)) - raft.grpc.server.heartbeat.channel = true (default)
2023-01-24 12:22:47,508 [Listener at 127.0.0.1/46625] INFO  grpc.GrpcConfigKeys (ConfUtils.java:logGet(46)) - raft.grpc.server.async.request.thread.pool.cached = true (default)
2023-01-24 12:22:47,508 [Listener at 127.0.0.1/46625] INFO  grpc.GrpcConfigKeys (ConfUtils.java:logGet(46)) - raft.grpc.server.async.request.thread.pool.size = 32 (default)
2023-01-24 12:22:47,509 [Listener at 127.0.0.1/46625] INFO  impl.DataStreamServerImpl (ConfUtils.java:logGet(46)) - raft.datastream.type = NETTY (custom)
2023-01-24 12:22:47,509 [Listener at 127.0.0.1/46625] INFO  server.RaftServerConfigKeys (ConfUtils.java:logGet(46)) - raft.server.data-stream.async.request.thread.pool.cached = false (default)
2023-01-24 12:22:47,509 [Listener at 127.0.0.1/46625] INFO  server.RaftServerConfigKeys (ConfUtils.java:logGet(46)) - raft.server.data-stream.async.request.thread.pool.size = 20 (custom)
2023-01-24 12:22:47,509 [Listener at 127.0.0.1/46625] INFO  server.RaftServerConfigKeys (ConfUtils.java:logGet(46)) - raft.server.data-stream.async.write.thread.pool.size = 16 (default)
2023-01-24 12:22:47,509 [Listener at 127.0.0.1/46625] INFO  server.RaftServerConfigKeys (ConfUtils.java:logGet(46)) - raft.server.data-stream.client.pool.size = 10 (default)
2023-01-24 12:22:47,509 [Listener at 127.0.0.1/46625] INFO  netty.NettyConfigKeys$DataStream (ConfUtils.java:logGet(46)) - raft.netty.dataStream.server.use-epoll = false (default)
2023-01-24 12:22:47,510 [Listener at 127.0.0.1/46625] INFO  netty.NettyConfigKeys$DataStream (ConfUtils.java:logGet(46)) - raft.netty.dataStream.server.boss-group.size = 0 (default)
2023-01-24 12:22:47,510 [Listener at 127.0.0.1/46625] INFO  netty.NettyConfigKeys$DataStream (ConfUtils.java:logGet(46)) - raft.netty.dataStream.server.worker-group.size = 0 (default)
2023-01-24 12:22:47,510 [Listener at 127.0.0.1/46625] INFO  netty.NettyConfigKeys$DataStream (ConfUtils.java:logGet(46)) - raft.netty.dataStream.server.tls.conf = null (default)
2023-01-24 12:22:47,510 [Listener at 127.0.0.1/46625] INFO  netty.NettyConfigKeys$DataStream (ConfUtils.java:logGet(46)) - raft.netty.dataStream.host = null (default)
2023-01-24 12:22:47,510 [Listener at 127.0.0.1/46625] INFO  netty.NettyConfigKeys$DataStream (ConfUtils.java:logGet(46)) - raft.netty.dataStream.port = 0 (default)
2023-01-24 12:22:47,511 [Listener at 127.0.0.1/46625] INFO  server.RaftServerConfigKeys (ConfUtils.java:logGet(46)) - raft.server.threadpool.proxy.cached = true (default)
2023-01-24 12:22:47,511 [Listener at 127.0.0.1/46625] INFO  server.RaftServerConfigKeys (ConfUtils.java:logGet(46)) - raft.server.threadpool.proxy.size = 0 (default)
2023-01-24 12:22:47,511 [Listener at 127.0.0.1/46625] INFO  server.RaftServerConfigKeys (ConfUtils.java:logGet(46)) - raft.server.rpc.slowness.timeout = 300s (custom)
2023-01-24 12:22:47,511 [Listener at 127.0.0.1/46625] INFO  server.RaftServerConfigKeys (ConfUtils.java:logGet(46)) - raft.server.leaderelection.leader.step-down.wait-time = 10s (default)
2023-01-24 12:22:47,511 [Listener at 127.0.0.1/46625] INFO  server.RaftServerConfigKeys (ConfUtils.java:logGet(46)) - raft.server.storage.dir = [/home/runner/work/ozone/ozone/hadoop-ozone/integration-test/target/test-dir/MiniOzoneClusterImpl-9ddee5dd-a9b0-4f84-bf8c-5f63b859aaaf/datanode-5/data/ratis] (custom)
2023-01-24 12:22:47,513 [4243b07b-dbe8-44bd-919c-c5b59c546d4c-NettyServerStreamRpc-bossGroup--thread1] INFO  logging.LoggingHandler (AbstractInternalLogger.java:log(148)) - [id: 0x3397455f] REGISTERED
2023-01-24 12:22:47,513 [4243b07b-dbe8-44bd-919c-c5b59c546d4c-NettyServerStreamRpc-bossGroup--thread1] INFO  logging.LoggingHandler (AbstractInternalLogger.java:log(148)) - [id: 0x3397455f] BIND: 0.0.0.0/0.0.0.0:0
2023-01-24 12:22:47,513 [4243b07b-dbe8-44bd-919c-c5b59c546d4c-NettyServerStreamRpc-bossGroup--thread1] INFO  logging.LoggingHandler (AbstractInternalLogger.java:log(148)) - [id: 0x3397455f, L:/0:0:0:0:0:0:0:0:33721] ACTIVE
2023-01-24 12:22:47,514 [Listener at 127.0.0.1/46625] INFO  server.XceiverServerGrpc (XceiverServerGrpc.java:<init>(132)) - GrpcServer channel type EpollServerSocketChannel
2023-01-24 12:22:47,517 [Listener at 127.0.0.1/46625] INFO  http.BaseHttpServer (BaseHttpServer.java:newHttpServer2BuilderForOzone(213)) - Starting Web-server for hddsDatanode at: http://0.0.0.0:0
2023-01-24 12:22:47,517 [Listener at 127.0.0.1/46625] INFO  http.BaseHttpServer (BaseHttpServer.java:<init>(108)) - Hadoop Security Enabled: false Ozone Security Enabled: false Ozone HTTP Security Enabled: false 
2023-01-24 12:22:47,519 [Listener at 127.0.0.1/46625] WARN  server.AuthenticationFilter (AuthenticationFilter.java:constructSecretProvider(240)) - Unable to initialize FileSignerSecretProvider, falling back to use random secrets. Reason: Could not read signature secret file: /home/runner/hadoop-http-auth-signature-secret
2023-01-24 12:22:47,519 [Listener at 127.0.0.1/46625] WARN  http.HttpRequestLog (HttpRequestLog.java:getRequestLog(103)) - Jetty request log can only be enabled using Log4j
2023-01-24 12:22:47,520 [Listener at 127.0.0.1/46625] INFO  http.HttpServer2 (HttpServer2.java:addGlobalFilter(1031)) - Added global filter 'safety' (class=org.apache.hadoop.hdds.server.http.HttpServer2$QuotingInputFilter)
2023-01-24 12:22:47,521 [Listener at 127.0.0.1/46625] INFO  http.HttpServer2 (HttpServer2.java:addFilter(1007)) - Added filter static_user_filter (class=org.apache.hadoop.http.lib.StaticUserWebFilter$StaticUserFilter) to context hddsDatanode
2023-01-24 12:22:47,521 [Listener at 127.0.0.1/46625] INFO  http.HttpServer2 (HttpServer2.java:addFilter(1015)) - Added filter static_user_filter (class=org.apache.hadoop.http.lib.StaticUserWebFilter$StaticUserFilter) to context logs
2023-01-24 12:22:47,521 [Listener at 127.0.0.1/46625] INFO  http.HttpServer2 (HttpServer2.java:addFilter(1015)) - Added filter static_user_filter (class=org.apache.hadoop.http.lib.StaticUserWebFilter$StaticUserFilter) to context static
2023-01-24 12:22:47,522 [Listener at 127.0.0.1/46625] INFO  http.HttpServer2 (HttpServer2.java:bindListener(1250)) - Jetty bound to port 37425
2023-01-24 12:22:47,522 [Listener at 127.0.0.1/46625] INFO  server.Server (Server.java:doStart(375)) - jetty-9.4.49.v20220914; built: 2022-09-14T01:07:36.601Z; git: 4231a3b2e4cb8548a412a789936d640a97b1aa0a; jvm 1.8.0_352-b08
2023-01-24 12:22:47,528 [Listener at 127.0.0.1/46625] INFO  server.session (DefaultSessionIdManager.java:doStart(334)) - DefaultSessionIdManager workerName=node0
2023-01-24 12:22:47,528 [Listener at 127.0.0.1/46625] INFO  server.session (DefaultSessionIdManager.java:doStart(339)) - No SessionScavenger set, using defaults
2023-01-24 12:22:47,528 [Listener at 127.0.0.1/46625] INFO  server.session (HouseKeeper.java:startScavenging(132)) - node0 Scavenging every 660000ms
2023-01-24 12:22:47,529 [Listener at 127.0.0.1/46625] INFO  handler.ContextHandler (ContextHandler.java:doStart(921)) - Started o.e.j.s.ServletContextHandler@584c289b{logs,/logs,file:///home/runner/work/ozone/ozone/hadoop-ozone/integration-test/target/log,AVAILABLE}
2023-01-24 12:22:47,529 [Listener at 127.0.0.1/46625] INFO  handler.ContextHandler (ContextHandler.java:doStart(921)) - Started o.e.j.s.ServletContextHandler@2a4d1343{static,/static,jar:file:/home/runner/.m2/repository/org/apache/ozone/hdds-container-service/1.4.0-SNAPSHOT/hdds-container-service-1.4.0-SNAPSHOT.jar!/webapps/static,AVAILABLE}
2023-01-24 12:22:47,712 [Listener at 127.0.0.1/46625] INFO  handler.ContextHandler (ContextHandler.java:doStart(921)) - Started o.e.j.w.WebAppContext@6b13054f{hddsDatanode,/,file:///tmp/jetty-0_0_0_0-37425-hdds-container-service-1_4_0-SNAPSHOT_jar-_-any-6341272861320630008/webapp/,AVAILABLE}{jar:file:/home/runner/.m2/repository/org/apache/ozone/hdds-container-service/1.4.0-SNAPSHOT/hdds-container-service-1.4.0-SNAPSHOT.jar!/webapps/hddsDatanode}
2023-01-24 12:22:47,714 [Listener at 127.0.0.1/46625] INFO  server.AbstractConnector (AbstractConnector.java:doStart(333)) - Started ServerConnector@290505f8{HTTP/1.1, (http/1.1)}{0.0.0.0:37425}
2023-01-24 12:22:47,714 [Listener at 127.0.0.1/46625] INFO  server.Server (Server.java:doStart(415)) - Started @9629ms
2023-01-24 12:22:47,714 [Listener at 127.0.0.1/46625] WARN  impl.MetricsSystemImpl (MetricsSystemImpl.java:register(279)) - Sink prometheus already exists!
2023-01-24 12:22:47,715 [Listener at 127.0.0.1/46625] INFO  http.BaseHttpServer (BaseHttpServer.java:updateConnectorAddress(333)) - HTTP server of hddsDatanode listening at http://0.0.0.0:37425
2023-01-24 12:22:47,716 [Listener at 127.0.0.1/46625] WARN  impl.MetricRegistriesImpl (MetricRegistriesImpl.java:addReporterRegistration(111)) - New reporters are added after registries were created. Some metrics will be missing from the reporter. Please add reporter before adding any new registry.
2023-01-24 12:22:47,716 [Listener at 127.0.0.1/46625] WARN  impl.MetricRegistriesImpl (MetricRegistriesImpl.java:addReporterRegistration(111)) - New reporters are added after registries were created. Some metrics will be missing from the reporter. Please add reporter before adding any new registry.
2023-01-24 12:22:47,716 [Listener at 127.0.0.1/46625] INFO  impl.MetricsSystemImpl (MetricsSystemImpl.java:init(158)) - HddsDatanode metrics system started (again)
2023-01-24 12:22:47,716 [Datanode State Machine Daemon Thread] INFO  statemachine.DatanodeStateMachine (DatanodeStateMachine.java:lambda$startDaemon$0(519)) - Ozone container server started.
2023-01-24 12:22:47,726 [org.apache.hadoop.util.JvmPauseMonitor$Monitor@c5ac0a9] INFO  util.JvmPauseMonitor (JvmPauseMonitor.java:run(188)) - Starting JVM pause monitor
2023-01-24 12:22:47,729 [Datanode State Machine Task Thread - 0] INFO  datanode.InitDatanodeState (InitDatanodeState.java:persistContainerDatanodeDetails(138)) - DatanodeDetails is persisted to /home/runner/work/ozone/ozone/hadoop-ozone/integration-test/target/test-dir/MiniOzoneClusterImpl-9ddee5dd-a9b0-4f84-bf8c-5f63b859aaaf/datanode-5/meta/datanode.id
2023-01-24 12:22:47,746 [Listener at 127.0.0.1/46625] INFO  ozone.HddsDatanodeService (HddsDatanodeService.java:start(228)) - HddsDatanodeService host:fv-az83-645.uavyq1izdhte5b0ne1us2eqzhb.jx.internal.cloudapp.net ip:10.1.1.14
2023-01-24 12:22:47,763 [Listener at 127.0.0.1/46625] INFO  upgrade.AbstractLayoutVersionManager (AbstractLayoutVersionManager.java:init(83)) - Initializing Layout version manager with metadata layout = DATANODE_SCHEMA_V3 (version = 4), software layout = DATANODE_SCHEMA_V3 (version = 4)
2023-01-24 12:22:47,849 [Listener at 127.0.0.1/46625] INFO  reflections.Reflections (Reflections.java:scan(232)) - Reflections took 84 ms to scan 7 urls, producing 149 keys and 357 values 
2023-01-24 12:22:47,850 [Listener at 127.0.0.1/46625] INFO  statemachine.DatanodeStateMachine (DatanodeStateMachine.java:getEndPointTaskThreadPoolSize(259)) - Datanode State Machine Task Thread Pool size 2
2023-01-24 12:22:47,852 [Listener at 127.0.0.1/46625] INFO  volume.HddsVolume (HddsVolume.java:<init>(117)) - Creating HddsVolume: /home/runner/work/ozone/ozone/hadoop-ozone/integration-test/target/test-dir/MiniOzoneClusterImpl-9ddee5dd-a9b0-4f84-bf8c-5f63b859aaaf/datanode-6/data-0/containers/hdds of storage type : DISK capacity : 9223372036854775807
2023-01-24 12:22:47,852 [Listener at 127.0.0.1/46625] INFO  volume.MutableVolumeSet (MutableVolumeSet.java:initializeVolumeSet(174)) - Added Volume : /home/runner/work/ozone/ozone/hadoop-ozone/integration-test/target/test-dir/MiniOzoneClusterImpl-9ddee5dd-a9b0-4f84-bf8c-5f63b859aaaf/datanode-6/data-0/containers/hdds to VolumeSet
2023-01-24 12:22:47,853 [Listener at 127.0.0.1/46625] INFO  volume.ThrottledAsyncChecker (ThrottledAsyncChecker.java:schedule(141)) - Scheduling a check for /home/runner/work/ozone/ozone/hadoop-ozone/integration-test/target/test-dir/MiniOzoneClusterImpl-9ddee5dd-a9b0-4f84-bf8c-5f63b859aaaf/datanode-6/data-0/containers/hdds
2023-01-24 12:22:47,853 [Listener at 127.0.0.1/46625] INFO  volume.StorageVolumeChecker (StorageVolumeChecker.java:checkAllVolumes(202)) - Scheduled health check for volume /home/runner/work/ozone/ozone/hadoop-ozone/integration-test/target/test-dir/MiniOzoneClusterImpl-9ddee5dd-a9b0-4f84-bf8c-5f63b859aaaf/datanode-6/data-0/containers/hdds
2023-01-24 12:22:47,864 [Listener at 127.0.0.1/46625] INFO  volume.MutableVolumeSet (MutableVolumeSet.java:initializeVolumeSet(174)) - Added Volume : /home/runner/work/ozone/ozone/hadoop-ozone/integration-test/target/test-dir/MiniOzoneClusterImpl-9ddee5dd-a9b0-4f84-bf8c-5f63b859aaaf/datanode-6/data/ratis to VolumeSet
2023-01-24 12:22:47,864 [Listener at 127.0.0.1/46625] INFO  volume.ThrottledAsyncChecker (ThrottledAsyncChecker.java:schedule(141)) - Scheduling a check for /home/runner/work/ozone/ozone/hadoop-ozone/integration-test/target/test-dir/MiniOzoneClusterImpl-9ddee5dd-a9b0-4f84-bf8c-5f63b859aaaf/datanode-6/data/ratis
2023-01-24 12:22:47,864 [Listener at 127.0.0.1/46625] INFO  volume.StorageVolumeChecker (StorageVolumeChecker.java:checkAllVolumes(202)) - Scheduled health check for volume /home/runner/work/ozone/ozone/hadoop-ozone/integration-test/target/test-dir/MiniOzoneClusterImpl-9ddee5dd-a9b0-4f84-bf8c-5f63b859aaaf/datanode-6/data/ratis
2023-01-24 12:22:47,883 [Thread-223] INFO  ozoneimpl.ContainerReader (ContainerReader.java:readVolume(175)) - Finish verifying containers on volume /home/runner/work/ozone/ozone/hadoop-ozone/integration-test/target/test-dir/MiniOzoneClusterImpl-9ddee5dd-a9b0-4f84-bf8c-5f63b859aaaf/datanode-6/data-0/containers/hdds
2023-01-24 12:22:47,884 [Listener at 127.0.0.1/46625] INFO  ozoneimpl.OzoneContainer (OzoneContainer.java:buildContainerSet(305)) - Build ContainerSet costs 0s
2023-01-24 12:22:47,886 [Listener at 127.0.0.1/46625] INFO  server.RaftServer (ConfUtils.java:logGet(46)) - raft.rpc.type = GRPC (default)
2023-01-24 12:22:47,886 [Listener at 127.0.0.1/46625] INFO  grpc.GrpcConfigKeys (ConfUtils.java:logFallback(53)) - raft.grpc.admin.host = null (fallback to raft.grpc.server.host)
2023-01-24 12:22:47,887 [Listener at 127.0.0.1/46625] INFO  grpc.GrpcConfigKeys (ConfUtils.java:logGet(46)) - raft.grpc.admin.port = 0 (custom)
2023-01-24 12:22:47,887 [Listener at 127.0.0.1/46625] INFO  grpc.GrpcConfigKeys (ConfUtils.java:logFallback(53)) - raft.grpc.client.host = null (fallback to raft.grpc.server.host)
2023-01-24 12:22:47,887 [Listener at 127.0.0.1/46625] INFO  grpc.GrpcConfigKeys (ConfUtils.java:logGet(46)) - raft.grpc.client.port = 0 (custom)
2023-01-24 12:22:47,887 [Listener at 127.0.0.1/46625] INFO  grpc.GrpcConfigKeys (ConfUtils.java:logGet(46)) - raft.grpc.server.host = null (default)
2023-01-24 12:22:47,887 [Listener at 127.0.0.1/46625] INFO  grpc.GrpcConfigKeys (ConfUtils.java:logGet(46)) - raft.grpc.server.port = 0 (default)
2023-01-24 12:22:47,887 [Listener at 127.0.0.1/46625] INFO  server.GrpcService (ConfUtils.java:logGet(46)) - raft.grpc.message.size.max = 32MB (=33554432) (custom)
2023-01-24 12:22:47,887 [Listener at 127.0.0.1/46625] INFO  server.RaftServerConfigKeys (ConfUtils.java:logGet(46)) - raft.server.log.appender.buffer.byte-limit = 33554432 (custom)
2023-01-24 12:22:47,887 [Listener at 127.0.0.1/46625] INFO  server.GrpcService (ConfUtils.java:logGet(46)) - raft.grpc.flow.control.window = 5MB (=5242880) (custom)
2023-01-24 12:22:47,887 [Listener at 127.0.0.1/46625] INFO  server.RaftServerConfigKeys (ConfUtils.java:logGet(46)) - raft.server.rpc.request.timeout = 60s (custom)
2023-01-24 12:22:47,888 [Listener at 127.0.0.1/46625] INFO  grpc.GrpcConfigKeys (ConfUtils.java:logGet(46)) - raft.grpc.server.heartbeat.channel = true (default)
2023-01-24 12:22:47,888 [Listener at 127.0.0.1/46625] INFO  grpc.GrpcConfigKeys (ConfUtils.java:logGet(46)) - raft.grpc.server.async.request.thread.pool.cached = true (default)
2023-01-24 12:22:47,888 [Listener at 127.0.0.1/46625] INFO  grpc.GrpcConfigKeys (ConfUtils.java:logGet(46)) - raft.grpc.server.async.request.thread.pool.size = 32 (default)
2023-01-24 12:22:47,889 [Listener at 127.0.0.1/46625] INFO  impl.DataStreamServerImpl (ConfUtils.java:logGet(46)) - raft.datastream.type = NETTY (custom)
2023-01-24 12:22:47,889 [Listener at 127.0.0.1/46625] INFO  server.RaftServerConfigKeys (ConfUtils.java:logGet(46)) - raft.server.data-stream.async.request.thread.pool.cached = false (default)
2023-01-24 12:22:47,890 [Listener at 127.0.0.1/46625] INFO  server.RaftServerConfigKeys (ConfUtils.java:logGet(46)) - raft.server.data-stream.async.request.thread.pool.size = 20 (custom)
2023-01-24 12:22:47,890 [Listener at 127.0.0.1/46625] INFO  server.RaftServerConfigKeys (ConfUtils.java:logGet(46)) - raft.server.data-stream.async.write.thread.pool.size = 16 (default)
2023-01-24 12:22:47,890 [Listener at 127.0.0.1/46625] INFO  server.RaftServerConfigKeys (ConfUtils.java:logGet(46)) - raft.server.data-stream.client.pool.size = 10 (default)
2023-01-24 12:22:47,890 [Listener at 127.0.0.1/46625] INFO  netty.NettyConfigKeys$DataStream (ConfUtils.java:logGet(46)) - raft.netty.dataStream.server.use-epoll = false (default)
2023-01-24 12:22:47,890 [Listener at 127.0.0.1/46625] INFO  netty.NettyConfigKeys$DataStream (ConfUtils.java:logGet(46)) - raft.netty.dataStream.server.boss-group.size = 0 (default)
2023-01-24 12:22:47,892 [Listener at 127.0.0.1/46625] INFO  netty.NettyConfigKeys$DataStream (ConfUtils.java:logGet(46)) - raft.netty.dataStream.server.worker-group.size = 0 (default)
2023-01-24 12:22:47,892 [Listener at 127.0.0.1/46625] INFO  netty.NettyConfigKeys$DataStream (ConfUtils.java:logGet(46)) - raft.netty.dataStream.server.tls.conf = null (default)
2023-01-24 12:22:47,892 [Listener at 127.0.0.1/46625] INFO  netty.NettyConfigKeys$DataStream (ConfUtils.java:logGet(46)) - raft.netty.dataStream.host = null (default)
2023-01-24 12:22:47,893 [Listener at 127.0.0.1/46625] INFO  netty.NettyConfigKeys$DataStream (ConfUtils.java:logGet(46)) - raft.netty.dataStream.port = 0 (default)
2023-01-24 12:22:47,893 [Listener at 127.0.0.1/46625] INFO  server.RaftServerConfigKeys (ConfUtils.java:logGet(46)) - raft.server.threadpool.proxy.cached = true (default)
2023-01-24 12:22:47,893 [Listener at 127.0.0.1/46625] INFO  server.RaftServerConfigKeys (ConfUtils.java:logGet(46)) - raft.server.threadpool.proxy.size = 0 (default)
2023-01-24 12:22:47,893 [Listener at 127.0.0.1/46625] INFO  server.RaftServerConfigKeys (ConfUtils.java:logGet(46)) - raft.server.rpc.slowness.timeout = 300s (custom)
2023-01-24 12:22:47,894 [Listener at 127.0.0.1/46625] INFO  server.RaftServerConfigKeys (ConfUtils.java:logGet(46)) - raft.server.leaderelection.leader.step-down.wait-time = 10s (default)
2023-01-24 12:22:47,894 [Listener at 127.0.0.1/46625] INFO  server.RaftServerConfigKeys (ConfUtils.java:logGet(46)) - raft.server.storage.dir = [/home/runner/work/ozone/ozone/hadoop-ozone/integration-test/target/test-dir/MiniOzoneClusterImpl-9ddee5dd-a9b0-4f84-bf8c-5f63b859aaaf/datanode-6/data/ratis] (custom)
2023-01-24 12:22:47,899 [fb483a44-74cc-4237-a554-a68f3575ba39-NettyServerStreamRpc-bossGroup--thread1] INFO  logging.LoggingHandler (AbstractInternalLogger.java:log(148)) - [id: 0xfdf8ad05] REGISTERED
2023-01-24 12:22:47,900 [fb483a44-74cc-4237-a554-a68f3575ba39-NettyServerStreamRpc-bossGroup--thread1] INFO  logging.LoggingHandler (AbstractInternalLogger.java:log(148)) - [id: 0xfdf8ad05] BIND: 0.0.0.0/0.0.0.0:0
2023-01-24 12:22:47,900 [fb483a44-74cc-4237-a554-a68f3575ba39-NettyServerStreamRpc-bossGroup--thread1] INFO  logging.LoggingHandler (AbstractInternalLogger.java:log(148)) - [id: 0xfdf8ad05, L:/0:0:0:0:0:0:0:0:37561] ACTIVE
2023-01-24 12:22:47,903 [Listener at 127.0.0.1/46625] INFO  server.XceiverServerGrpc (XceiverServerGrpc.java:<init>(132)) - GrpcServer channel type EpollServerSocketChannel
2023-01-24 12:22:47,909 [Listener at 127.0.0.1/46625] INFO  http.BaseHttpServer (BaseHttpServer.java:newHttpServer2BuilderForOzone(213)) - Starting Web-server for hddsDatanode at: http://0.0.0.0:0
2023-01-24 12:22:47,909 [Listener at 127.0.0.1/46625] INFO  http.BaseHttpServer (BaseHttpServer.java:<init>(108)) - Hadoop Security Enabled: false Ozone Security Enabled: false Ozone HTTP Security Enabled: false 
2023-01-24 12:22:47,910 [Listener at 127.0.0.1/46625] WARN  server.AuthenticationFilter (AuthenticationFilter.java:constructSecretProvider(240)) - Unable to initialize FileSignerSecretProvider, falling back to use random secrets. Reason: Could not read signature secret file: /home/runner/hadoop-http-auth-signature-secret
2023-01-24 12:22:47,911 [Listener at 127.0.0.1/46625] WARN  http.HttpRequestLog (HttpRequestLog.java:getRequestLog(103)) - Jetty request log can only be enabled using Log4j
2023-01-24 12:22:47,912 [Listener at 127.0.0.1/46625] INFO  http.HttpServer2 (HttpServer2.java:addGlobalFilter(1031)) - Added global filter 'safety' (class=org.apache.hadoop.hdds.server.http.HttpServer2$QuotingInputFilter)
2023-01-24 12:22:47,913 [Listener at 127.0.0.1/46625] INFO  http.HttpServer2 (HttpServer2.java:addFilter(1007)) - Added filter static_user_filter (class=org.apache.hadoop.http.lib.StaticUserWebFilter$StaticUserFilter) to context hddsDatanode
2023-01-24 12:22:47,913 [Listener at 127.0.0.1/46625] INFO  http.HttpServer2 (HttpServer2.java:addFilter(1015)) - Added filter static_user_filter (class=org.apache.hadoop.http.lib.StaticUserWebFilter$StaticUserFilter) to context logs
2023-01-24 12:22:47,913 [Listener at 127.0.0.1/46625] INFO  http.HttpServer2 (HttpServer2.java:addFilter(1015)) - Added filter static_user_filter (class=org.apache.hadoop.http.lib.StaticUserWebFilter$StaticUserFilter) to context static
2023-01-24 12:22:47,913 [Listener at 127.0.0.1/46625] INFO  http.HttpServer2 (HttpServer2.java:bindListener(1250)) - Jetty bound to port 33379
2023-01-24 12:22:47,913 [Listener at 127.0.0.1/46625] INFO  server.Server (Server.java:doStart(375)) - jetty-9.4.49.v20220914; built: 2022-09-14T01:07:36.601Z; git: 4231a3b2e4cb8548a412a789936d640a97b1aa0a; jvm 1.8.0_352-b08
2023-01-24 12:22:47,920 [Listener at 127.0.0.1/46625] INFO  server.session (DefaultSessionIdManager.java:doStart(334)) - DefaultSessionIdManager workerName=node0
2023-01-24 12:22:47,921 [Listener at 127.0.0.1/46625] INFO  server.session (DefaultSessionIdManager.java:doStart(339)) - No SessionScavenger set, using defaults
2023-01-24 12:22:47,921 [Listener at 127.0.0.1/46625] INFO  server.session (HouseKeeper.java:startScavenging(132)) - node0 Scavenging every 600000ms
2023-01-24 12:22:47,922 [Listener at 127.0.0.1/46625] INFO  handler.ContextHandler (ContextHandler.java:doStart(921)) - Started o.e.j.s.ServletContextHandler@1106b71{logs,/logs,file:///home/runner/work/ozone/ozone/hadoop-ozone/integration-test/target/log,AVAILABLE}
2023-01-24 12:22:47,923 [Listener at 127.0.0.1/46625] INFO  handler.ContextHandler (ContextHandler.java:doStart(921)) - Started o.e.j.s.ServletContextHandler@642342bd{static,/static,jar:file:/home/runner/.m2/repository/org/apache/ozone/hdds-container-service/1.4.0-SNAPSHOT/hdds-container-service-1.4.0-SNAPSHOT.jar!/webapps/static,AVAILABLE}
2023-01-24 12:22:47,966 [EndpointStateMachine task thread for /0.0.0.0:44923 - 0 ] INFO  utils.DatanodeStoreCache (DatanodeStoreCache.java:addDB(58)) - Added db /home/runner/work/ozone/ozone/hadoop-ozone/integration-test/target/test-dir/MiniOzoneClusterImpl-9ddee5dd-a9b0-4f84-bf8c-5f63b859aaaf/datanode-0/data-0/containers/hdds/9ddee5dd-a9b0-4f84-bf8c-5f63b859aaaf/DS-373a88dd-35ed-4016-b32b-8d82a23595f2/container.db to cache
2023-01-24 12:22:47,966 [EndpointStateMachine task thread for /0.0.0.0:44923 - 0 ] INFO  volume.HddsVolume (HddsVolume.java:createDbStore(307)) - SchemaV3 db is created and loaded at /home/runner/work/ozone/ozone/hadoop-ozone/integration-test/target/test-dir/MiniOzoneClusterImpl-9ddee5dd-a9b0-4f84-bf8c-5f63b859aaaf/datanode-0/data-0/containers/hdds/9ddee5dd-a9b0-4f84-bf8c-5f63b859aaaf/DS-373a88dd-35ed-4016-b32b-8d82a23595f2/container.db for volume DS-373a88dd-35ed-4016-b32b-8d82a23595f2
2023-01-24 12:22:47,967 [EndpointStateMachine task thread for /0.0.0.0:44923 - 0 ] INFO  ozoneimpl.OzoneContainer (OzoneContainer.java:start(399)) - Attempting to start container services.
2023-01-24 12:22:47,968 [EndpointStateMachine task thread for /0.0.0.0:44923 - 0 ] INFO  ozoneimpl.OzoneContainer (OzoneContainer.java:startContainerScrub(316)) - Scheduled background container scanners and the on-demand container scanner have been disabled.
2023-01-24 12:22:47,971 [EndpointStateMachine task thread for /0.0.0.0:44923 - 0 ] INFO  replication.ReplicationServer (ReplicationServer.java:start(109)) - ReplicationServer is started using port 40117
2023-01-24 12:22:47,975 [EndpointStateMachine task thread for /0.0.0.0:44923 - 0 ] INFO  ratis.XceiverServerRatis (XceiverServerRatis.java:start(517)) - Starting XceiverServerRatis c6074cc5-da23-4fc2-b305-e072798acc5a
2023-01-24 12:22:47,977 [EndpointStateMachine task thread for /0.0.0.0:44923 - 0 ] INFO  server.RaftServer (RaftServerProxy.java:startImpl(393)) - c6074cc5-da23-4fc2-b305-e072798acc5a: start RPC server
2023-01-24 12:22:47,980 [EndpointStateMachine task thread for /0.0.0.0:44923 - 0 ] INFO  server.GrpcService (GrpcService.java:startImpl(262)) - c6074cc5-da23-4fc2-b305-e072798acc5a: GrpcService started, listening on 38087
2023-01-24 12:22:47,980 [EndpointStateMachine task thread for /0.0.0.0:44923 - 0 ] INFO  ratis.XceiverServerRatis (XceiverServerRatis.java:getRealPort(543)) - XceiverServerRatis c6074cc5-da23-4fc2-b305-e072798acc5a is started using port 38087 for RATIS
2023-01-24 12:22:47,980 [EndpointStateMachine task thread for /0.0.0.0:44923 - 0 ] INFO  ratis.XceiverServerRatis (XceiverServerRatis.java:getRealPort(543)) - XceiverServerRatis c6074cc5-da23-4fc2-b305-e072798acc5a is started using port 38087 for RATIS_ADMIN
2023-01-24 12:22:47,980 [EndpointStateMachine task thread for /0.0.0.0:44923 - 0 ] INFO  ratis.XceiverServerRatis (XceiverServerRatis.java:getRealPort(543)) - XceiverServerRatis c6074cc5-da23-4fc2-b305-e072798acc5a is started using port 38087 for RATIS_SERVER
2023-01-24 12:22:47,980 [EndpointStateMachine task thread for /0.0.0.0:44923 - 0 ] INFO  ratis.XceiverServerRatis (XceiverServerRatis.java:getRealPort(543)) - XceiverServerRatis c6074cc5-da23-4fc2-b305-e072798acc5a is started using port 46483 for RATIS_DATASTREAM
2023-01-24 12:22:47,980 [JvmPauseMonitor1] INFO  util.JvmPauseMonitor (JvmPauseMonitor.java:run(105)) - JvmPauseMonitor-c6074cc5-da23-4fc2-b305-e072798acc5a: Started
2023-01-24 12:22:47,984 [EndpointStateMachine task thread for /0.0.0.0:44923 - 0 ] INFO  server.XceiverServerGrpc (XceiverServerGrpc.java:start(180)) - XceiverServerGrpc c6074cc5-da23-4fc2-b305-e072798acc5a is started using port 45175
2023-01-24 12:22:48,143 [Listener at 127.0.0.1/46625] INFO  handler.ContextHandler (ContextHandler.java:doStart(921)) - Started o.e.j.w.WebAppContext@e6939{hddsDatanode,/,file:///tmp/jetty-0_0_0_0-33379-hdds-container-service-1_4_0-SNAPSHOT_jar-_-any-6992803338046590177/webapp/,AVAILABLE}{jar:file:/home/runner/.m2/repository/org/apache/ozone/hdds-container-service/1.4.0-SNAPSHOT/hdds-container-service-1.4.0-SNAPSHOT.jar!/webapps/hddsDatanode}
2023-01-24 12:22:48,145 [Listener at 127.0.0.1/46625] INFO  server.AbstractConnector (AbstractConnector.java:doStart(333)) - Started ServerConnector@703bd69c{HTTP/1.1, (http/1.1)}{0.0.0.0:33379}
2023-01-24 12:22:48,146 [Listener at 127.0.0.1/46625] INFO  server.Server (Server.java:doStart(415)) - Started @10061ms
2023-01-24 12:22:48,146 [Listener at 127.0.0.1/46625] WARN  impl.MetricsSystemImpl (MetricsSystemImpl.java:register(279)) - Sink prometheus already exists!
2023-01-24 12:22:48,146 [Listener at 127.0.0.1/46625] INFO  http.BaseHttpServer (BaseHttpServer.java:updateConnectorAddress(333)) - HTTP server of hddsDatanode listening at http://0.0.0.0:33379
2023-01-24 12:22:48,149 [Listener at 127.0.0.1/46625] WARN  impl.MetricRegistriesImpl (MetricRegistriesImpl.java:addReporterRegistration(111)) - New reporters are added after registries were created. Some metrics will be missing from the reporter. Please add reporter before adding any new registry.
2023-01-24 12:22:48,149 [Listener at 127.0.0.1/46625] WARN  impl.MetricRegistriesImpl (MetricRegistriesImpl.java:addReporterRegistration(111)) - New reporters are added after registries were created. Some metrics will be missing from the reporter. Please add reporter before adding any new registry.
2023-01-24 12:22:48,149 [Listener at 127.0.0.1/46625] INFO  impl.MetricsSystemImpl (MetricsSystemImpl.java:init(158)) - HddsDatanode metrics system started (again)
2023-01-24 12:22:48,149 [Datanode State Machine Daemon Thread] INFO  statemachine.DatanodeStateMachine (DatanodeStateMachine.java:lambda$startDaemon$0(519)) - Ozone container server started.
2023-01-24 12:22:48,160 [org.apache.hadoop.util.JvmPauseMonitor$Monitor@d27706] INFO  util.JvmPauseMonitor (JvmPauseMonitor.java:run(188)) - Starting JVM pause monitor
2023-01-24 12:22:48,163 [Datanode State Machine Task Thread - 0] INFO  datanode.InitDatanodeState (InitDatanodeState.java:persistContainerDatanodeDetails(138)) - DatanodeDetails is persisted to /home/runner/work/ozone/ozone/hadoop-ozone/integration-test/target/test-dir/MiniOzoneClusterImpl-9ddee5dd-a9b0-4f84-bf8c-5f63b859aaaf/datanode-6/meta/datanode.id
2023-01-24 12:22:48,167 [Listener at 127.0.0.1/46625] INFO  ozone.HddsDatanodeService (HddsDatanodeService.java:start(228)) - HddsDatanodeService host:fv-az83-645.uavyq1izdhte5b0ne1us2eqzhb.jx.internal.cloudapp.net ip:10.1.1.14
2023-01-24 12:22:48,191 [Listener at 127.0.0.1/46625] INFO  upgrade.AbstractLayoutVersionManager (AbstractLayoutVersionManager.java:init(83)) - Initializing Layout version manager with metadata layout = DATANODE_SCHEMA_V3 (version = 4), software layout = DATANODE_SCHEMA_V3 (version = 4)
2023-01-24 12:22:48,247 [Listener at 127.0.0.1/46625] INFO  reflections.Reflections (Reflections.java:scan(232)) - Reflections took 50 ms to scan 7 urls, producing 149 keys and 357 values 
2023-01-24 12:22:48,248 [Listener at 127.0.0.1/46625] INFO  statemachine.DatanodeStateMachine (DatanodeStateMachine.java:getEndPointTaskThreadPoolSize(259)) - Datanode State Machine Task Thread Pool size 2
2023-01-24 12:22:48,251 [Listener at 127.0.0.1/46625] INFO  volume.HddsVolume (HddsVolume.java:<init>(117)) - Creating HddsVolume: /home/runner/work/ozone/ozone/hadoop-ozone/integration-test/target/test-dir/MiniOzoneClusterImpl-9ddee5dd-a9b0-4f84-bf8c-5f63b859aaaf/datanode-7/data-0/containers/hdds of storage type : DISK capacity : 9223372036854775807
2023-01-24 12:22:48,251 [Listener at 127.0.0.1/46625] INFO  volume.MutableVolumeSet (MutableVolumeSet.java:initializeVolumeSet(174)) - Added Volume : /home/runner/work/ozone/ozone/hadoop-ozone/integration-test/target/test-dir/MiniOzoneClusterImpl-9ddee5dd-a9b0-4f84-bf8c-5f63b859aaaf/datanode-7/data-0/containers/hdds to VolumeSet
2023-01-24 12:22:48,251 [Listener at 127.0.0.1/46625] INFO  volume.ThrottledAsyncChecker (ThrottledAsyncChecker.java:schedule(141)) - Scheduling a check for /home/runner/work/ozone/ozone/hadoop-ozone/integration-test/target/test-dir/MiniOzoneClusterImpl-9ddee5dd-a9b0-4f84-bf8c-5f63b859aaaf/datanode-7/data-0/containers/hdds
2023-01-24 12:22:48,257 [Listener at 127.0.0.1/46625] INFO  volume.StorageVolumeChecker (StorageVolumeChecker.java:checkAllVolumes(202)) - Scheduled health check for volume /home/runner/work/ozone/ozone/hadoop-ozone/integration-test/target/test-dir/MiniOzoneClusterImpl-9ddee5dd-a9b0-4f84-bf8c-5f63b859aaaf/datanode-7/data-0/containers/hdds
2023-01-24 12:22:48,269 [Listener at 127.0.0.1/46625] INFO  volume.MutableVolumeSet (MutableVolumeSet.java:initializeVolumeSet(174)) - Added Volume : /home/runner/work/ozone/ozone/hadoop-ozone/integration-test/target/test-dir/MiniOzoneClusterImpl-9ddee5dd-a9b0-4f84-bf8c-5f63b859aaaf/datanode-7/data/ratis to VolumeSet
2023-01-24 12:22:48,269 [Listener at 127.0.0.1/46625] INFO  volume.ThrottledAsyncChecker (ThrottledAsyncChecker.java:schedule(141)) - Scheduling a check for /home/runner/work/ozone/ozone/hadoop-ozone/integration-test/target/test-dir/MiniOzoneClusterImpl-9ddee5dd-a9b0-4f84-bf8c-5f63b859aaaf/datanode-7/data/ratis
2023-01-24 12:22:48,269 [Listener at 127.0.0.1/46625] INFO  volume.StorageVolumeChecker (StorageVolumeChecker.java:checkAllVolumes(202)) - Scheduled health check for volume /home/runner/work/ozone/ozone/hadoop-ozone/integration-test/target/test-dir/MiniOzoneClusterImpl-9ddee5dd-a9b0-4f84-bf8c-5f63b859aaaf/datanode-7/data/ratis
2023-01-24 12:22:48,280 [Thread-242] INFO  ozoneimpl.ContainerReader (ContainerReader.java:readVolume(175)) - Finish verifying containers on volume /home/runner/work/ozone/ozone/hadoop-ozone/integration-test/target/test-dir/MiniOzoneClusterImpl-9ddee5dd-a9b0-4f84-bf8c-5f63b859aaaf/datanode-7/data-0/containers/hdds
2023-01-24 12:22:48,280 [Listener at 127.0.0.1/46625] INFO  ozoneimpl.OzoneContainer (OzoneContainer.java:buildContainerSet(305)) - Build ContainerSet costs 0s
2023-01-24 12:22:48,283 [Listener at 127.0.0.1/46625] INFO  server.RaftServer (ConfUtils.java:logGet(46)) - raft.rpc.type = GRPC (default)
2023-01-24 12:22:48,283 [Listener at 127.0.0.1/46625] INFO  grpc.GrpcConfigKeys (ConfUtils.java:logFallback(53)) - raft.grpc.admin.host = null (fallback to raft.grpc.server.host)
2023-01-24 12:22:48,283 [Listener at 127.0.0.1/46625] INFO  grpc.GrpcConfigKeys (ConfUtils.java:logGet(46)) - raft.grpc.admin.port = 0 (custom)
2023-01-24 12:22:48,283 [Listener at 127.0.0.1/46625] INFO  grpc.GrpcConfigKeys (ConfUtils.java:logFallback(53)) - raft.grpc.client.host = null (fallback to raft.grpc.server.host)
2023-01-24 12:22:48,283 [Listener at 127.0.0.1/46625] INFO  grpc.GrpcConfigKeys (ConfUtils.java:logGet(46)) - raft.grpc.client.port = 0 (custom)
2023-01-24 12:22:48,283 [Listener at 127.0.0.1/46625] INFO  grpc.GrpcConfigKeys (ConfUtils.java:logGet(46)) - raft.grpc.server.host = null (default)
2023-01-24 12:22:48,283 [Listener at 127.0.0.1/46625] INFO  grpc.GrpcConfigKeys (ConfUtils.java:logGet(46)) - raft.grpc.server.port = 0 (default)
2023-01-24 12:22:48,283 [Listener at 127.0.0.1/46625] INFO  server.GrpcService (ConfUtils.java:logGet(46)) - raft.grpc.message.size.max = 32MB (=33554432) (custom)
2023-01-24 12:22:48,284 [Listener at 127.0.0.1/46625] INFO  server.RaftServerConfigKeys (ConfUtils.java:logGet(46)) - raft.server.log.appender.buffer.byte-limit = 33554432 (custom)
2023-01-24 12:22:48,284 [Listener at 127.0.0.1/46625] INFO  server.GrpcService (ConfUtils.java:logGet(46)) - raft.grpc.flow.control.window = 5MB (=5242880) (custom)
2023-01-24 12:22:48,284 [Listener at 127.0.0.1/46625] INFO  server.RaftServerConfigKeys (ConfUtils.java:logGet(46)) - raft.server.rpc.request.timeout = 60s (custom)
2023-01-24 12:22:48,284 [Listener at 127.0.0.1/46625] INFO  grpc.GrpcConfigKeys (ConfUtils.java:logGet(46)) - raft.grpc.server.heartbeat.channel = true (default)
2023-01-24 12:22:48,284 [Listener at 127.0.0.1/46625] INFO  grpc.GrpcConfigKeys (ConfUtils.java:logGet(46)) - raft.grpc.server.async.request.thread.pool.cached = true (default)
2023-01-24 12:22:48,284 [Listener at 127.0.0.1/46625] INFO  grpc.GrpcConfigKeys (ConfUtils.java:logGet(46)) - raft.grpc.server.async.request.thread.pool.size = 32 (default)
2023-01-24 12:22:48,285 [Listener at 127.0.0.1/46625] INFO  impl.DataStreamServerImpl (ConfUtils.java:logGet(46)) - raft.datastream.type = NETTY (custom)
2023-01-24 12:22:48,285 [Listener at 127.0.0.1/46625] INFO  server.RaftServerConfigKeys (ConfUtils.java:logGet(46)) - raft.server.data-stream.async.request.thread.pool.cached = false (default)
2023-01-24 12:22:48,286 [Listener at 127.0.0.1/46625] INFO  server.RaftServerConfigKeys (ConfUtils.java:logGet(46)) - raft.server.data-stream.async.request.thread.pool.size = 20 (custom)
2023-01-24 12:22:48,286 [Listener at 127.0.0.1/46625] INFO  server.RaftServerConfigKeys (ConfUtils.java:logGet(46)) - raft.server.data-stream.async.write.thread.pool.size = 16 (default)
2023-01-24 12:22:48,286 [Listener at 127.0.0.1/46625] INFO  server.RaftServerConfigKeys (ConfUtils.java:logGet(46)) - raft.server.data-stream.client.pool.size = 10 (default)
2023-01-24 12:22:48,286 [Listener at 127.0.0.1/46625] INFO  netty.NettyConfigKeys$DataStream (ConfUtils.java:logGet(46)) - raft.netty.dataStream.server.use-epoll = false (default)
2023-01-24 12:22:48,286 [Listener at 127.0.0.1/46625] INFO  netty.NettyConfigKeys$DataStream (ConfUtils.java:logGet(46)) - raft.netty.dataStream.server.boss-group.size = 0 (default)
2023-01-24 12:22:48,287 [Listener at 127.0.0.1/46625] INFO  netty.NettyConfigKeys$DataStream (ConfUtils.java:logGet(46)) - raft.netty.dataStream.server.worker-group.size = 0 (default)
2023-01-24 12:22:48,287 [Listener at 127.0.0.1/46625] INFO  netty.NettyConfigKeys$DataStream (ConfUtils.java:logGet(46)) - raft.netty.dataStream.server.tls.conf = null (default)
2023-01-24 12:22:48,287 [Listener at 127.0.0.1/46625] INFO  netty.NettyConfigKeys$DataStream (ConfUtils.java:logGet(46)) - raft.netty.dataStream.host = null (default)
2023-01-24 12:22:48,287 [Listener at 127.0.0.1/46625] INFO  netty.NettyConfigKeys$DataStream (ConfUtils.java:logGet(46)) - raft.netty.dataStream.port = 0 (default)
2023-01-24 12:22:48,289 [Listener at 127.0.0.1/46625] INFO  server.RaftServerConfigKeys (ConfUtils.java:logGet(46)) - raft.server.threadpool.proxy.cached = true (default)
2023-01-24 12:22:48,289 [Listener at 127.0.0.1/46625] INFO  server.RaftServerConfigKeys (ConfUtils.java:logGet(46)) - raft.server.threadpool.proxy.size = 0 (default)
2023-01-24 12:22:48,289 [Listener at 127.0.0.1/46625] INFO  server.RaftServerConfigKeys (ConfUtils.java:logGet(46)) - raft.server.rpc.slowness.timeout = 300s (custom)
2023-01-24 12:22:48,289 [Listener at 127.0.0.1/46625] INFO  server.RaftServerConfigKeys (ConfUtils.java:logGet(46)) - raft.server.leaderelection.leader.step-down.wait-time = 10s (default)
2023-01-24 12:22:48,289 [Listener at 127.0.0.1/46625] INFO  server.RaftServerConfigKeys (ConfUtils.java:logGet(46)) - raft.server.storage.dir = [/home/runner/work/ozone/ozone/hadoop-ozone/integration-test/target/test-dir/MiniOzoneClusterImpl-9ddee5dd-a9b0-4f84-bf8c-5f63b859aaaf/datanode-7/data/ratis] (custom)
2023-01-24 12:22:48,295 [cf1032d2-0037-4a0c-94af-232c62b39d0f-NettyServerStreamRpc-bossGroup--thread1] INFO  logging.LoggingHandler (AbstractInternalLogger.java:log(148)) - [id: 0x96b48408] REGISTERED
2023-01-24 12:22:48,295 [cf1032d2-0037-4a0c-94af-232c62b39d0f-NettyServerStreamRpc-bossGroup--thread1] INFO  logging.LoggingHandler (AbstractInternalLogger.java:log(148)) - [id: 0x96b48408] BIND: 0.0.0.0/0.0.0.0:0
2023-01-24 12:22:48,295 [cf1032d2-0037-4a0c-94af-232c62b39d0f-NettyServerStreamRpc-bossGroup--thread1] INFO  logging.LoggingHandler (AbstractInternalLogger.java:log(148)) - [id: 0x96b48408, L:/0:0:0:0:0:0:0:0:39787] ACTIVE
2023-01-24 12:22:48,297 [Listener at 127.0.0.1/46625] INFO  server.XceiverServerGrpc (XceiverServerGrpc.java:<init>(132)) - GrpcServer channel type EpollServerSocketChannel
2023-01-24 12:22:48,302 [Listener at 127.0.0.1/46625] INFO  http.BaseHttpServer (BaseHttpServer.java:newHttpServer2BuilderForOzone(213)) - Starting Web-server for hddsDatanode at: http://0.0.0.0:0
2023-01-24 12:22:48,302 [Listener at 127.0.0.1/46625] INFO  http.BaseHttpServer (BaseHttpServer.java:<init>(108)) - Hadoop Security Enabled: false Ozone Security Enabled: false Ozone HTTP Security Enabled: false 
2023-01-24 12:22:48,304 [Listener at 127.0.0.1/46625] WARN  server.AuthenticationFilter (AuthenticationFilter.java:constructSecretProvider(240)) - Unable to initialize FileSignerSecretProvider, falling back to use random secrets. Reason: Could not read signature secret file: /home/runner/hadoop-http-auth-signature-secret
2023-01-24 12:22:48,305 [Listener at 127.0.0.1/46625] WARN  http.HttpRequestLog (HttpRequestLog.java:getRequestLog(103)) - Jetty request log can only be enabled using Log4j
2023-01-24 12:22:48,306 [Listener at 127.0.0.1/46625] INFO  http.HttpServer2 (HttpServer2.java:addGlobalFilter(1031)) - Added global filter 'safety' (class=org.apache.hadoop.hdds.server.http.HttpServer2$QuotingInputFilter)
2023-01-24 12:22:48,307 [Listener at 127.0.0.1/46625] INFO  http.HttpServer2 (HttpServer2.java:addFilter(1007)) - Added filter static_user_filter (class=org.apache.hadoop.http.lib.StaticUserWebFilter$StaticUserFilter) to context hddsDatanode
2023-01-24 12:22:48,307 [Listener at 127.0.0.1/46625] INFO  http.HttpServer2 (HttpServer2.java:addFilter(1015)) - Added filter static_user_filter (class=org.apache.hadoop.http.lib.StaticUserWebFilter$StaticUserFilter) to context static
2023-01-24 12:22:48,307 [Listener at 127.0.0.1/46625] INFO  http.HttpServer2 (HttpServer2.java:addFilter(1015)) - Added filter static_user_filter (class=org.apache.hadoop.http.lib.StaticUserWebFilter$StaticUserFilter) to context logs
2023-01-24 12:22:48,308 [Listener at 127.0.0.1/46625] INFO  http.HttpServer2 (HttpServer2.java:bindListener(1250)) - Jetty bound to port 46133
2023-01-24 12:22:48,308 [Listener at 127.0.0.1/46625] INFO  server.Server (Server.java:doStart(375)) - jetty-9.4.49.v20220914; built: 2022-09-14T01:07:36.601Z; git: 4231a3b2e4cb8548a412a789936d640a97b1aa0a; jvm 1.8.0_352-b08
2023-01-24 12:22:48,310 [Listener at 127.0.0.1/46625] INFO  server.session (DefaultSessionIdManager.java:doStart(334)) - DefaultSessionIdManager workerName=node0
2023-01-24 12:22:48,310 [Listener at 127.0.0.1/46625] INFO  server.session (DefaultSessionIdManager.java:doStart(339)) - No SessionScavenger set, using defaults
2023-01-24 12:22:48,310 [Listener at 127.0.0.1/46625] INFO  server.session (HouseKeeper.java:startScavenging(132)) - node0 Scavenging every 660000ms
2023-01-24 12:22:48,311 [Listener at 127.0.0.1/46625] INFO  handler.ContextHandler (ContextHandler.java:doStart(921)) - Started o.e.j.s.ServletContextHandler@2225eb09{logs,/logs,file:///home/runner/work/ozone/ozone/hadoop-ozone/integration-test/target/log,AVAILABLE}
2023-01-24 12:22:48,311 [Listener at 127.0.0.1/46625] INFO  handler.ContextHandler (ContextHandler.java:doStart(921)) - Started o.e.j.s.ServletContextHandler@17bc17bd{static,/static,jar:file:/home/runner/.m2/repository/org/apache/ozone/hdds-container-service/1.4.0-SNAPSHOT/hdds-container-service-1.4.0-SNAPSHOT.jar!/webapps/static,AVAILABLE}
2023-01-24 12:22:48,395 [EndpointStateMachine task thread for /0.0.0.0:44923 - 0 ] INFO  utils.DatanodeStoreCache (DatanodeStoreCache.java:addDB(58)) - Added db /home/runner/work/ozone/ozone/hadoop-ozone/integration-test/target/test-dir/MiniOzoneClusterImpl-9ddee5dd-a9b0-4f84-bf8c-5f63b859aaaf/datanode-1/data-0/containers/hdds/9ddee5dd-a9b0-4f84-bf8c-5f63b859aaaf/DS-74e09376-2bb8-4b2f-b1a5-da3f5b56ae4f/container.db to cache
2023-01-24 12:22:48,395 [EndpointStateMachine task thread for /0.0.0.0:44923 - 0 ] INFO  volume.HddsVolume (HddsVolume.java:createDbStore(307)) - SchemaV3 db is created and loaded at /home/runner/work/ozone/ozone/hadoop-ozone/integration-test/target/test-dir/MiniOzoneClusterImpl-9ddee5dd-a9b0-4f84-bf8c-5f63b859aaaf/datanode-1/data-0/containers/hdds/9ddee5dd-a9b0-4f84-bf8c-5f63b859aaaf/DS-74e09376-2bb8-4b2f-b1a5-da3f5b56ae4f/container.db for volume DS-74e09376-2bb8-4b2f-b1a5-da3f5b56ae4f
2023-01-24 12:22:48,396 [EndpointStateMachine task thread for /0.0.0.0:44923 - 0 ] INFO  ozoneimpl.OzoneContainer (OzoneContainer.java:start(399)) - Attempting to start container services.
2023-01-24 12:22:48,396 [EndpointStateMachine task thread for /0.0.0.0:44923 - 0 ] INFO  ozoneimpl.OzoneContainer (OzoneContainer.java:startContainerScrub(316)) - Scheduled background container scanners and the on-demand container scanner have been disabled.
2023-01-24 12:22:48,398 [EndpointStateMachine task thread for /0.0.0.0:44923 - 0 ] INFO  replication.ReplicationServer (ReplicationServer.java:start(109)) - ReplicationServer is started using port 41029
2023-01-24 12:22:48,399 [EndpointStateMachine task thread for /0.0.0.0:44923 - 0 ] INFO  ratis.XceiverServerRatis (XceiverServerRatis.java:start(517)) - Starting XceiverServerRatis 7141d06d-71d8-4a56-9b5d-23c6772b1ac6
2023-01-24 12:22:48,426 [EndpointStateMachine task thread for /0.0.0.0:44923 - 0 ] INFO  server.RaftServer (RaftServerProxy.java:startImpl(393)) - 7141d06d-71d8-4a56-9b5d-23c6772b1ac6: start RPC server
2023-01-24 12:22:48,439 [EndpointStateMachine task thread for /0.0.0.0:44923 - 0 ] INFO  server.GrpcService (GrpcService.java:startImpl(262)) - 7141d06d-71d8-4a56-9b5d-23c6772b1ac6: GrpcService started, listening on 37745
2023-01-24 12:22:48,446 [EndpointStateMachine task thread for /0.0.0.0:44923 - 0 ] INFO  ratis.XceiverServerRatis (XceiverServerRatis.java:getRealPort(543)) - XceiverServerRatis 7141d06d-71d8-4a56-9b5d-23c6772b1ac6 is started using port 37745 for RATIS
2023-01-24 12:22:48,446 [EndpointStateMachine task thread for /0.0.0.0:44923 - 0 ] INFO  ratis.XceiverServerRatis (XceiverServerRatis.java:getRealPort(543)) - XceiverServerRatis 7141d06d-71d8-4a56-9b5d-23c6772b1ac6 is started using port 37745 for RATIS_ADMIN
2023-01-24 12:22:48,446 [EndpointStateMachine task thread for /0.0.0.0:44923 - 0 ] INFO  ratis.XceiverServerRatis (XceiverServerRatis.java:getRealPort(543)) - XceiverServerRatis 7141d06d-71d8-4a56-9b5d-23c6772b1ac6 is started using port 37745 for RATIS_SERVER
2023-01-24 12:22:48,446 [EndpointStateMachine task thread for /0.0.0.0:44923 - 0 ] INFO  ratis.XceiverServerRatis (XceiverServerRatis.java:getRealPort(543)) - XceiverServerRatis 7141d06d-71d8-4a56-9b5d-23c6772b1ac6 is started using port 35891 for RATIS_DATASTREAM
2023-01-24 12:22:48,447 [JvmPauseMonitor2] INFO  util.JvmPauseMonitor (JvmPauseMonitor.java:run(105)) - JvmPauseMonitor-7141d06d-71d8-4a56-9b5d-23c6772b1ac6: Started
2023-01-24 12:22:48,457 [EndpointStateMachine task thread for /0.0.0.0:44923 - 0 ] INFO  server.XceiverServerGrpc (XceiverServerGrpc.java:start(180)) - XceiverServerGrpc 7141d06d-71d8-4a56-9b5d-23c6772b1ac6 is started using port 39923
2023-01-24 12:22:48,527 [Listener at 127.0.0.1/46625] INFO  handler.ContextHandler (ContextHandler.java:doStart(921)) - Started o.e.j.w.WebAppContext@4bfbc57a{hddsDatanode,/,file:///tmp/jetty-0_0_0_0-46133-hdds-container-service-1_4_0-SNAPSHOT_jar-_-any-1405426797406566561/webapp/,AVAILABLE}{jar:file:/home/runner/.m2/repository/org/apache/ozone/hdds-container-service/1.4.0-SNAPSHOT/hdds-container-service-1.4.0-SNAPSHOT.jar!/webapps/hddsDatanode}
2023-01-24 12:22:48,529 [Listener at 127.0.0.1/46625] INFO  server.AbstractConnector (AbstractConnector.java:doStart(333)) - Started ServerConnector@4ad1b8d{HTTP/1.1, (http/1.1)}{0.0.0.0:46133}
2023-01-24 12:22:48,531 [Listener at 127.0.0.1/46625] INFO  server.Server (Server.java:doStart(415)) - Started @10444ms
2023-01-24 12:22:48,531 [Listener at 127.0.0.1/46625] WARN  impl.MetricsSystemImpl (MetricsSystemImpl.java:register(279)) - Sink prometheus already exists!
2023-01-24 12:22:48,534 [Listener at 127.0.0.1/46625] INFO  http.BaseHttpServer (BaseHttpServer.java:updateConnectorAddress(333)) - HTTP server of hddsDatanode listening at http://0.0.0.0:46133
2023-01-24 12:22:48,534 [Listener at 127.0.0.1/46625] WARN  impl.MetricRegistriesImpl (MetricRegistriesImpl.java:addReporterRegistration(111)) - New reporters are added after registries were created. Some metrics will be missing from the reporter. Please add reporter before adding any new registry.
2023-01-24 12:22:48,534 [Listener at 127.0.0.1/46625] WARN  impl.MetricRegistriesImpl (MetricRegistriesImpl.java:addReporterRegistration(111)) - New reporters are added after registries were created. Some metrics will be missing from the reporter. Please add reporter before adding any new registry.
2023-01-24 12:22:48,534 [Listener at 127.0.0.1/46625] INFO  impl.MetricsSystemImpl (MetricsSystemImpl.java:init(158)) - HddsDatanode metrics system started (again)
2023-01-24 12:22:48,540 [Datanode State Machine Daemon Thread] INFO  statemachine.DatanodeStateMachine (DatanodeStateMachine.java:lambda$startDaemon$0(519)) - Ozone container server started.
2023-01-24 12:22:48,549 [Listener at 127.0.0.1/46625] INFO  ozone.HddsDatanodeService (HddsDatanodeService.java:start(228)) - HddsDatanodeService host:fv-az83-645.uavyq1izdhte5b0ne1us2eqzhb.jx.internal.cloudapp.net ip:10.1.1.14
2023-01-24 12:22:48,563 [org.apache.hadoop.util.JvmPauseMonitor$Monitor@559c8dab] INFO  util.JvmPauseMonitor (JvmPauseMonitor.java:run(188)) - Starting JVM pause monitor
2023-01-24 12:22:48,569 [Listener at 127.0.0.1/46625] INFO  upgrade.AbstractLayoutVersionManager (AbstractLayoutVersionManager.java:init(83)) - Initializing Layout version manager with metadata layout = DATANODE_SCHEMA_V3 (version = 4), software layout = DATANODE_SCHEMA_V3 (version = 4)
2023-01-24 12:22:48,573 [Datanode State Machine Task Thread - 0] INFO  datanode.InitDatanodeState (InitDatanodeState.java:persistContainerDatanodeDetails(138)) - DatanodeDetails is persisted to /home/runner/work/ozone/ozone/hadoop-ozone/integration-test/target/test-dir/MiniOzoneClusterImpl-9ddee5dd-a9b0-4f84-bf8c-5f63b859aaaf/datanode-7/meta/datanode.id
2023-01-24 12:22:48,624 [Listener at 127.0.0.1/46625] INFO  reflections.Reflections (Reflections.java:scan(232)) - Reflections took 54 ms to scan 7 urls, producing 149 keys and 357 values 
2023-01-24 12:22:48,625 [Listener at 127.0.0.1/46625] INFO  statemachine.DatanodeStateMachine (DatanodeStateMachine.java:getEndPointTaskThreadPoolSize(259)) - Datanode State Machine Task Thread Pool size 2
2023-01-24 12:22:48,627 [Listener at 127.0.0.1/46625] INFO  volume.HddsVolume (HddsVolume.java:<init>(117)) - Creating HddsVolume: /home/runner/work/ozone/ozone/hadoop-ozone/integration-test/target/test-dir/MiniOzoneClusterImpl-9ddee5dd-a9b0-4f84-bf8c-5f63b859aaaf/datanode-8/data-0/containers/hdds of storage type : DISK capacity : 9223372036854775807
2023-01-24 12:22:48,628 [Listener at 127.0.0.1/46625] INFO  volume.MutableVolumeSet (MutableVolumeSet.java:initializeVolumeSet(174)) - Added Volume : /home/runner/work/ozone/ozone/hadoop-ozone/integration-test/target/test-dir/MiniOzoneClusterImpl-9ddee5dd-a9b0-4f84-bf8c-5f63b859aaaf/datanode-8/data-0/containers/hdds to VolumeSet
2023-01-24 12:22:48,628 [Listener at 127.0.0.1/46625] INFO  volume.ThrottledAsyncChecker (ThrottledAsyncChecker.java:schedule(141)) - Scheduling a check for /home/runner/work/ozone/ozone/hadoop-ozone/integration-test/target/test-dir/MiniOzoneClusterImpl-9ddee5dd-a9b0-4f84-bf8c-5f63b859aaaf/datanode-8/data-0/containers/hdds
2023-01-24 12:22:48,629 [Listener at 127.0.0.1/46625] INFO  volume.StorageVolumeChecker (StorageVolumeChecker.java:checkAllVolumes(202)) - Scheduled health check for volume /home/runner/work/ozone/ozone/hadoop-ozone/integration-test/target/test-dir/MiniOzoneClusterImpl-9ddee5dd-a9b0-4f84-bf8c-5f63b859aaaf/datanode-8/data-0/containers/hdds
2023-01-24 12:22:48,640 [Listener at 127.0.0.1/46625] INFO  volume.MutableVolumeSet (MutableVolumeSet.java:initializeVolumeSet(174)) - Added Volume : /home/runner/work/ozone/ozone/hadoop-ozone/integration-test/target/test-dir/MiniOzoneClusterImpl-9ddee5dd-a9b0-4f84-bf8c-5f63b859aaaf/datanode-8/data/ratis to VolumeSet
2023-01-24 12:22:48,640 [Listener at 127.0.0.1/46625] INFO  volume.ThrottledAsyncChecker (ThrottledAsyncChecker.java:schedule(141)) - Scheduling a check for /home/runner/work/ozone/ozone/hadoop-ozone/integration-test/target/test-dir/MiniOzoneClusterImpl-9ddee5dd-a9b0-4f84-bf8c-5f63b859aaaf/datanode-8/data/ratis
2023-01-24 12:22:48,640 [Listener at 127.0.0.1/46625] INFO  volume.StorageVolumeChecker (StorageVolumeChecker.java:checkAllVolumes(202)) - Scheduled health check for volume /home/runner/work/ozone/ozone/hadoop-ozone/integration-test/target/test-dir/MiniOzoneClusterImpl-9ddee5dd-a9b0-4f84-bf8c-5f63b859aaaf/datanode-8/data/ratis
2023-01-24 12:22:48,651 [Thread-261] INFO  ozoneimpl.ContainerReader (ContainerReader.java:readVolume(175)) - Finish verifying containers on volume /home/runner/work/ozone/ozone/hadoop-ozone/integration-test/target/test-dir/MiniOzoneClusterImpl-9ddee5dd-a9b0-4f84-bf8c-5f63b859aaaf/datanode-8/data-0/containers/hdds
2023-01-24 12:22:48,651 [Listener at 127.0.0.1/46625] INFO  ozoneimpl.OzoneContainer (OzoneContainer.java:buildContainerSet(305)) - Build ContainerSet costs 0s
2023-01-24 12:22:48,654 [Listener at 127.0.0.1/46625] INFO  server.RaftServer (ConfUtils.java:logGet(46)) - raft.rpc.type = GRPC (default)
2023-01-24 12:22:48,654 [Listener at 127.0.0.1/46625] INFO  grpc.GrpcConfigKeys (ConfUtils.java:logFallback(53)) - raft.grpc.admin.host = null (fallback to raft.grpc.server.host)
2023-01-24 12:22:48,654 [Listener at 127.0.0.1/46625] INFO  grpc.GrpcConfigKeys (ConfUtils.java:logGet(46)) - raft.grpc.admin.port = 0 (custom)
2023-01-24 12:22:48,655 [Listener at 127.0.0.1/46625] INFO  grpc.GrpcConfigKeys (ConfUtils.java:logFallback(53)) - raft.grpc.client.host = null (fallback to raft.grpc.server.host)
2023-01-24 12:22:48,655 [Listener at 127.0.0.1/46625] INFO  grpc.GrpcConfigKeys (ConfUtils.java:logGet(46)) - raft.grpc.client.port = 0 (custom)
2023-01-24 12:22:48,655 [Listener at 127.0.0.1/46625] INFO  grpc.GrpcConfigKeys (ConfUtils.java:logGet(46)) - raft.grpc.server.host = null (default)
2023-01-24 12:22:48,655 [Listener at 127.0.0.1/46625] INFO  grpc.GrpcConfigKeys (ConfUtils.java:logGet(46)) - raft.grpc.server.port = 0 (default)
2023-01-24 12:22:48,655 [Listener at 127.0.0.1/46625] INFO  server.GrpcService (ConfUtils.java:logGet(46)) - raft.grpc.message.size.max = 32MB (=33554432) (custom)
2023-01-24 12:22:48,655 [Listener at 127.0.0.1/46625] INFO  server.RaftServerConfigKeys (ConfUtils.java:logGet(46)) - raft.server.log.appender.buffer.byte-limit = 33554432 (custom)
2023-01-24 12:22:48,655 [Listener at 127.0.0.1/46625] INFO  server.GrpcService (ConfUtils.java:logGet(46)) - raft.grpc.flow.control.window = 5MB (=5242880) (custom)
2023-01-24 12:22:48,655 [Listener at 127.0.0.1/46625] INFO  server.RaftServerConfigKeys (ConfUtils.java:logGet(46)) - raft.server.rpc.request.timeout = 60s (custom)
2023-01-24 12:22:48,656 [Listener at 127.0.0.1/46625] INFO  grpc.GrpcConfigKeys (ConfUtils.java:logGet(46)) - raft.grpc.server.heartbeat.channel = true (default)
2023-01-24 12:22:48,656 [Listener at 127.0.0.1/46625] INFO  grpc.GrpcConfigKeys (ConfUtils.java:logGet(46)) - raft.grpc.server.async.request.thread.pool.cached = true (default)
2023-01-24 12:22:48,656 [Listener at 127.0.0.1/46625] INFO  grpc.GrpcConfigKeys (ConfUtils.java:logGet(46)) - raft.grpc.server.async.request.thread.pool.size = 32 (default)
2023-01-24 12:22:48,657 [Listener at 127.0.0.1/46625] INFO  impl.DataStreamServerImpl (ConfUtils.java:logGet(46)) - raft.datastream.type = NETTY (custom)
2023-01-24 12:22:48,657 [Listener at 127.0.0.1/46625] INFO  server.RaftServerConfigKeys (ConfUtils.java:logGet(46)) - raft.server.data-stream.async.request.thread.pool.cached = false (default)
2023-01-24 12:22:48,657 [Listener at 127.0.0.1/46625] INFO  server.RaftServerConfigKeys (ConfUtils.java:logGet(46)) - raft.server.data-stream.async.request.thread.pool.size = 20 (custom)
2023-01-24 12:22:48,657 [Listener at 127.0.0.1/46625] INFO  server.RaftServerConfigKeys (ConfUtils.java:logGet(46)) - raft.server.data-stream.async.write.thread.pool.size = 16 (default)
2023-01-24 12:22:48,658 [Listener at 127.0.0.1/46625] INFO  server.RaftServerConfigKeys (ConfUtils.java:logGet(46)) - raft.server.data-stream.client.pool.size = 10 (default)
2023-01-24 12:22:48,658 [Listener at 127.0.0.1/46625] INFO  netty.NettyConfigKeys$DataStream (ConfUtils.java:logGet(46)) - raft.netty.dataStream.server.use-epoll = false (default)
2023-01-24 12:22:48,658 [Listener at 127.0.0.1/46625] INFO  netty.NettyConfigKeys$DataStream (ConfUtils.java:logGet(46)) - raft.netty.dataStream.server.boss-group.size = 0 (default)
2023-01-24 12:22:48,658 [Listener at 127.0.0.1/46625] INFO  netty.NettyConfigKeys$DataStream (ConfUtils.java:logGet(46)) - raft.netty.dataStream.server.worker-group.size = 0 (default)
2023-01-24 12:22:48,659 [Listener at 127.0.0.1/46625] INFO  netty.NettyConfigKeys$DataStream (ConfUtils.java:logGet(46)) - raft.netty.dataStream.server.tls.conf = null (default)
2023-01-24 12:22:48,659 [Listener at 127.0.0.1/46625] INFO  netty.NettyConfigKeys$DataStream (ConfUtils.java:logGet(46)) - raft.netty.dataStream.host = null (default)
2023-01-24 12:22:48,659 [Listener at 127.0.0.1/46625] INFO  netty.NettyConfigKeys$DataStream (ConfUtils.java:logGet(46)) - raft.netty.dataStream.port = 0 (default)
2023-01-24 12:22:48,659 [Listener at 127.0.0.1/46625] INFO  server.RaftServerConfigKeys (ConfUtils.java:logGet(46)) - raft.server.threadpool.proxy.cached = true (default)
2023-01-24 12:22:48,659 [Listener at 127.0.0.1/46625] INFO  server.RaftServerConfigKeys (ConfUtils.java:logGet(46)) - raft.server.threadpool.proxy.size = 0 (default)
2023-01-24 12:22:48,659 [Listener at 127.0.0.1/46625] INFO  server.RaftServerConfigKeys (ConfUtils.java:logGet(46)) - raft.server.rpc.slowness.timeout = 300s (custom)
2023-01-24 12:22:48,659 [Listener at 127.0.0.1/46625] INFO  server.RaftServerConfigKeys (ConfUtils.java:logGet(46)) - raft.server.leaderelection.leader.step-down.wait-time = 10s (default)
2023-01-24 12:22:48,660 [Listener at 127.0.0.1/46625] INFO  server.RaftServerConfigKeys (ConfUtils.java:logGet(46)) - raft.server.storage.dir = [/home/runner/work/ozone/ozone/hadoop-ozone/integration-test/target/test-dir/MiniOzoneClusterImpl-9ddee5dd-a9b0-4f84-bf8c-5f63b859aaaf/datanode-8/data/ratis] (custom)
2023-01-24 12:22:48,664 [Listener at 127.0.0.1/46625] INFO  server.XceiverServerGrpc (XceiverServerGrpc.java:<init>(132)) - GrpcServer channel type EpollServerSocketChannel
2023-01-24 12:22:48,666 [f9d7edb3-f6c7-431a-8d5c-722e1f28718f-NettyServerStreamRpc-bossGroup--thread1] INFO  logging.LoggingHandler (AbstractInternalLogger.java:log(148)) - [id: 0xab4d8f69] REGISTERED
2023-01-24 12:22:48,667 [f9d7edb3-f6c7-431a-8d5c-722e1f28718f-NettyServerStreamRpc-bossGroup--thread1] INFO  logging.LoggingHandler (AbstractInternalLogger.java:log(148)) - [id: 0xab4d8f69] BIND: 0.0.0.0/0.0.0.0:0
2023-01-24 12:22:48,667 [f9d7edb3-f6c7-431a-8d5c-722e1f28718f-NettyServerStreamRpc-bossGroup--thread1] INFO  logging.LoggingHandler (AbstractInternalLogger.java:log(148)) - [id: 0xab4d8f69, L:/0:0:0:0:0:0:0:0:46043] ACTIVE
2023-01-24 12:22:48,671 [Listener at 127.0.0.1/46625] INFO  http.BaseHttpServer (BaseHttpServer.java:newHttpServer2BuilderForOzone(213)) - Starting Web-server for hddsDatanode at: http://0.0.0.0:0
2023-01-24 12:22:48,671 [Listener at 127.0.0.1/46625] INFO  http.BaseHttpServer (BaseHttpServer.java:<init>(108)) - Hadoop Security Enabled: false Ozone Security Enabled: false Ozone HTTP Security Enabled: false 
2023-01-24 12:22:48,672 [Listener at 127.0.0.1/46625] WARN  server.AuthenticationFilter (AuthenticationFilter.java:constructSecretProvider(240)) - Unable to initialize FileSignerSecretProvider, falling back to use random secrets. Reason: Could not read signature secret file: /home/runner/hadoop-http-auth-signature-secret
2023-01-24 12:22:48,673 [Listener at 127.0.0.1/46625] WARN  http.HttpRequestLog (HttpRequestLog.java:getRequestLog(103)) - Jetty request log can only be enabled using Log4j
2023-01-24 12:22:48,674 [Listener at 127.0.0.1/46625] INFO  http.HttpServer2 (HttpServer2.java:addGlobalFilter(1031)) - Added global filter 'safety' (class=org.apache.hadoop.hdds.server.http.HttpServer2$QuotingInputFilter)
2023-01-24 12:22:48,675 [Listener at 127.0.0.1/46625] INFO  http.HttpServer2 (HttpServer2.java:addFilter(1007)) - Added filter static_user_filter (class=org.apache.hadoop.http.lib.StaticUserWebFilter$StaticUserFilter) to context hddsDatanode
2023-01-24 12:22:48,675 [Listener at 127.0.0.1/46625] INFO  http.HttpServer2 (HttpServer2.java:addFilter(1015)) - Added filter static_user_filter (class=org.apache.hadoop.http.lib.StaticUserWebFilter$StaticUserFilter) to context static
2023-01-24 12:22:48,675 [Listener at 127.0.0.1/46625] INFO  http.HttpServer2 (HttpServer2.java:addFilter(1015)) - Added filter static_user_filter (class=org.apache.hadoop.http.lib.StaticUserWebFilter$StaticUserFilter) to context logs
2023-01-24 12:22:48,676 [Listener at 127.0.0.1/46625] INFO  http.HttpServer2 (HttpServer2.java:bindListener(1250)) - Jetty bound to port 39049
2023-01-24 12:22:48,676 [Listener at 127.0.0.1/46625] INFO  server.Server (Server.java:doStart(375)) - jetty-9.4.49.v20220914; built: 2022-09-14T01:07:36.601Z; git: 4231a3b2e4cb8548a412a789936d640a97b1aa0a; jvm 1.8.0_352-b08
2023-01-24 12:22:48,681 [Listener at 127.0.0.1/46625] INFO  server.session (DefaultSessionIdManager.java:doStart(334)) - DefaultSessionIdManager workerName=node0
2023-01-24 12:22:48,681 [Listener at 127.0.0.1/46625] INFO  server.session (DefaultSessionIdManager.java:doStart(339)) - No SessionScavenger set, using defaults
2023-01-24 12:22:48,681 [Listener at 127.0.0.1/46625] INFO  server.session (HouseKeeper.java:startScavenging(132)) - node0 Scavenging every 600000ms
2023-01-24 12:22:48,682 [Listener at 127.0.0.1/46625] INFO  handler.ContextHandler (ContextHandler.java:doStart(921)) - Started o.e.j.s.ServletContextHandler@317fe2c1{logs,/logs,file:///home/runner/work/ozone/ozone/hadoop-ozone/integration-test/target/log,AVAILABLE}
2023-01-24 12:22:48,682 [Listener at 127.0.0.1/46625] INFO  handler.ContextHandler (ContextHandler.java:doStart(921)) - Started o.e.j.s.ServletContextHandler@70a1e4f7{static,/static,jar:file:/home/runner/.m2/repository/org/apache/ozone/hdds-container-service/1.4.0-SNAPSHOT/hdds-container-service-1.4.0-SNAPSHOT.jar!/webapps/static,AVAILABLE}
2023-01-24 12:22:48,776 [EndpointStateMachine task thread for /0.0.0.0:44923 - 0 ] INFO  utils.DatanodeStoreCache (DatanodeStoreCache.java:addDB(58)) - Added db /home/runner/work/ozone/ozone/hadoop-ozone/integration-test/target/test-dir/MiniOzoneClusterImpl-9ddee5dd-a9b0-4f84-bf8c-5f63b859aaaf/datanode-2/data-0/containers/hdds/9ddee5dd-a9b0-4f84-bf8c-5f63b859aaaf/DS-e3c21aea-89e6-46ad-b779-75a13d88444f/container.db to cache
2023-01-24 12:22:48,776 [EndpointStateMachine task thread for /0.0.0.0:44923 - 0 ] INFO  volume.HddsVolume (HddsVolume.java:createDbStore(307)) - SchemaV3 db is created and loaded at /home/runner/work/ozone/ozone/hadoop-ozone/integration-test/target/test-dir/MiniOzoneClusterImpl-9ddee5dd-a9b0-4f84-bf8c-5f63b859aaaf/datanode-2/data-0/containers/hdds/9ddee5dd-a9b0-4f84-bf8c-5f63b859aaaf/DS-e3c21aea-89e6-46ad-b779-75a13d88444f/container.db for volume DS-e3c21aea-89e6-46ad-b779-75a13d88444f
2023-01-24 12:22:48,776 [EndpointStateMachine task thread for /0.0.0.0:44923 - 0 ] INFO  ozoneimpl.OzoneContainer (OzoneContainer.java:start(399)) - Attempting to start container services.
2023-01-24 12:22:48,776 [EndpointStateMachine task thread for /0.0.0.0:44923 - 0 ] INFO  ozoneimpl.OzoneContainer (OzoneContainer.java:startContainerScrub(316)) - Scheduled background container scanners and the on-demand container scanner have been disabled.
2023-01-24 12:22:48,778 [EndpointStateMachine task thread for /0.0.0.0:44923 - 0 ] INFO  replication.ReplicationServer (ReplicationServer.java:start(109)) - ReplicationServer is started using port 35981
2023-01-24 12:22:48,778 [EndpointStateMachine task thread for /0.0.0.0:44923 - 0 ] INFO  ratis.XceiverServerRatis (XceiverServerRatis.java:start(517)) - Starting XceiverServerRatis 93701946-f5e3-4943-a932-e133db5deae9
2023-01-24 12:22:48,784 [EndpointStateMachine task thread for /0.0.0.0:44923 - 0 ] INFO  server.RaftServer (RaftServerProxy.java:startImpl(393)) - 93701946-f5e3-4943-a932-e133db5deae9: start RPC server
2023-01-24 12:22:48,787 [EndpointStateMachine task thread for /0.0.0.0:44923 - 0 ] INFO  server.GrpcService (GrpcService.java:startImpl(262)) - 93701946-f5e3-4943-a932-e133db5deae9: GrpcService started, listening on 32935
2023-01-24 12:22:48,787 [EndpointStateMachine task thread for /0.0.0.0:44923 - 0 ] INFO  ratis.XceiverServerRatis (XceiverServerRatis.java:getRealPort(543)) - XceiverServerRatis 93701946-f5e3-4943-a932-e133db5deae9 is started using port 32935 for RATIS
2023-01-24 12:22:48,787 [EndpointStateMachine task thread for /0.0.0.0:44923 - 0 ] INFO  ratis.XceiverServerRatis (XceiverServerRatis.java:getRealPort(543)) - XceiverServerRatis 93701946-f5e3-4943-a932-e133db5deae9 is started using port 32935 for RATIS_ADMIN
2023-01-24 12:22:48,787 [JvmPauseMonitor3] INFO  util.JvmPauseMonitor (JvmPauseMonitor.java:run(105)) - JvmPauseMonitor-93701946-f5e3-4943-a932-e133db5deae9: Started
2023-01-24 12:22:48,787 [EndpointStateMachine task thread for /0.0.0.0:44923 - 0 ] INFO  ratis.XceiverServerRatis (XceiverServerRatis.java:getRealPort(543)) - XceiverServerRatis 93701946-f5e3-4943-a932-e133db5deae9 is started using port 32935 for RATIS_SERVER
2023-01-24 12:22:48,788 [EndpointStateMachine task thread for /0.0.0.0:44923 - 0 ] INFO  ratis.XceiverServerRatis (XceiverServerRatis.java:getRealPort(543)) - XceiverServerRatis 93701946-f5e3-4943-a932-e133db5deae9 is started using port 45565 for RATIS_DATASTREAM
2023-01-24 12:22:48,793 [EndpointStateMachine task thread for /0.0.0.0:44923 - 0 ] INFO  server.XceiverServerGrpc (XceiverServerGrpc.java:start(180)) - XceiverServerGrpc 93701946-f5e3-4943-a932-e133db5deae9 is started using port 41167
2023-01-24 12:22:48,878 [Listener at 127.0.0.1/46625] INFO  handler.ContextHandler (ContextHandler.java:doStart(921)) - Started o.e.j.w.WebAppContext@304542ec{hddsDatanode,/,file:///tmp/jetty-0_0_0_0-39049-hdds-container-service-1_4_0-SNAPSHOT_jar-_-any-988306233046531247/webapp/,AVAILABLE}{jar:file:/home/runner/.m2/repository/org/apache/ozone/hdds-container-service/1.4.0-SNAPSHOT/hdds-container-service-1.4.0-SNAPSHOT.jar!/webapps/hddsDatanode}
2023-01-24 12:22:48,879 [Listener at 127.0.0.1/46625] INFO  server.AbstractConnector (AbstractConnector.java:doStart(333)) - Started ServerConnector@1b1a077d{HTTP/1.1, (http/1.1)}{0.0.0.0:39049}
2023-01-24 12:22:48,880 [Listener at 127.0.0.1/46625] INFO  server.Server (Server.java:doStart(415)) - Started @10796ms
2023-01-24 12:22:48,880 [Listener at 127.0.0.1/46625] WARN  impl.MetricsSystemImpl (MetricsSystemImpl.java:register(279)) - Sink prometheus already exists!
2023-01-24 12:22:48,881 [Listener at 127.0.0.1/46625] INFO  http.BaseHttpServer (BaseHttpServer.java:updateConnectorAddress(333)) - HTTP server of hddsDatanode listening at http://0.0.0.0:39049
2023-01-24 12:22:48,881 [Listener at 127.0.0.1/46625] WARN  impl.MetricRegistriesImpl (MetricRegistriesImpl.java:addReporterRegistration(111)) - New reporters are added after registries were created. Some metrics will be missing from the reporter. Please add reporter before adding any new registry.
2023-01-24 12:22:48,881 [Listener at 127.0.0.1/46625] WARN  impl.MetricRegistriesImpl (MetricRegistriesImpl.java:addReporterRegistration(111)) - New reporters are added after registries were created. Some metrics will be missing from the reporter. Please add reporter before adding any new registry.
2023-01-24 12:22:48,882 [Listener at 127.0.0.1/46625] INFO  impl.MetricsSystemImpl (MetricsSystemImpl.java:init(158)) - HddsDatanode metrics system started (again)
2023-01-24 12:22:48,882 [Datanode State Machine Daemon Thread] INFO  statemachine.DatanodeStateMachine (DatanodeStateMachine.java:lambda$startDaemon$0(519)) - Ozone container server started.
2023-01-24 12:22:48,895 [Listener at 127.0.0.1/46625] INFO  ozone.HddsDatanodeService (HddsDatanodeService.java:start(228)) - HddsDatanodeService host:fv-az83-645.uavyq1izdhte5b0ne1us2eqzhb.jx.internal.cloudapp.net ip:10.1.1.14
2023-01-24 12:22:48,895 [org.apache.hadoop.util.JvmPauseMonitor$Monitor@11c0c43e] INFO  util.JvmPauseMonitor (JvmPauseMonitor.java:run(188)) - Starting JVM pause monitor
2023-01-24 12:22:48,899 [Datanode State Machine Task Thread - 0] INFO  datanode.InitDatanodeState (InitDatanodeState.java:persistContainerDatanodeDetails(138)) - DatanodeDetails is persisted to /home/runner/work/ozone/ozone/hadoop-ozone/integration-test/target/test-dir/MiniOzoneClusterImpl-9ddee5dd-a9b0-4f84-bf8c-5f63b859aaaf/datanode-8/meta/datanode.id
2023-01-24 12:22:48,913 [Listener at 127.0.0.1/46625] INFO  upgrade.AbstractLayoutVersionManager (AbstractLayoutVersionManager.java:init(83)) - Initializing Layout version manager with metadata layout = DATANODE_SCHEMA_V3 (version = 4), software layout = DATANODE_SCHEMA_V3 (version = 4)
2023-01-24 12:22:48,961 [Listener at 127.0.0.1/46625] INFO  reflections.Reflections (Reflections.java:scan(232)) - Reflections took 47 ms to scan 7 urls, producing 149 keys and 357 values 
2023-01-24 12:22:48,963 [Listener at 127.0.0.1/46625] INFO  statemachine.DatanodeStateMachine (DatanodeStateMachine.java:getEndPointTaskThreadPoolSize(259)) - Datanode State Machine Task Thread Pool size 2
2023-01-24 12:22:48,965 [Listener at 127.0.0.1/46625] INFO  volume.HddsVolume (HddsVolume.java:<init>(117)) - Creating HddsVolume: /home/runner/work/ozone/ozone/hadoop-ozone/integration-test/target/test-dir/MiniOzoneClusterImpl-9ddee5dd-a9b0-4f84-bf8c-5f63b859aaaf/datanode-9/data-0/containers/hdds of storage type : DISK capacity : 9223372036854775807
2023-01-24 12:22:48,965 [Listener at 127.0.0.1/46625] INFO  volume.MutableVolumeSet (MutableVolumeSet.java:initializeVolumeSet(174)) - Added Volume : /home/runner/work/ozone/ozone/hadoop-ozone/integration-test/target/test-dir/MiniOzoneClusterImpl-9ddee5dd-a9b0-4f84-bf8c-5f63b859aaaf/datanode-9/data-0/containers/hdds to VolumeSet
2023-01-24 12:22:48,965 [Listener at 127.0.0.1/46625] INFO  volume.ThrottledAsyncChecker (ThrottledAsyncChecker.java:schedule(141)) - Scheduling a check for /home/runner/work/ozone/ozone/hadoop-ozone/integration-test/target/test-dir/MiniOzoneClusterImpl-9ddee5dd-a9b0-4f84-bf8c-5f63b859aaaf/datanode-9/data-0/containers/hdds
2023-01-24 12:22:48,966 [Listener at 127.0.0.1/46625] INFO  volume.StorageVolumeChecker (StorageVolumeChecker.java:checkAllVolumes(202)) - Scheduled health check for volume /home/runner/work/ozone/ozone/hadoop-ozone/integration-test/target/test-dir/MiniOzoneClusterImpl-9ddee5dd-a9b0-4f84-bf8c-5f63b859aaaf/datanode-9/data-0/containers/hdds
2023-01-24 12:22:48,979 [Listener at 127.0.0.1/46625] INFO  volume.MutableVolumeSet (MutableVolumeSet.java:initializeVolumeSet(174)) - Added Volume : /home/runner/work/ozone/ozone/hadoop-ozone/integration-test/target/test-dir/MiniOzoneClusterImpl-9ddee5dd-a9b0-4f84-bf8c-5f63b859aaaf/datanode-9/data/ratis to VolumeSet
2023-01-24 12:22:48,979 [Listener at 127.0.0.1/46625] INFO  volume.ThrottledAsyncChecker (ThrottledAsyncChecker.java:schedule(141)) - Scheduling a check for /home/runner/work/ozone/ozone/hadoop-ozone/integration-test/target/test-dir/MiniOzoneClusterImpl-9ddee5dd-a9b0-4f84-bf8c-5f63b859aaaf/datanode-9/data/ratis
2023-01-24 12:22:48,979 [Listener at 127.0.0.1/46625] INFO  volume.StorageVolumeChecker (StorageVolumeChecker.java:checkAllVolumes(202)) - Scheduled health check for volume /home/runner/work/ozone/ozone/hadoop-ozone/integration-test/target/test-dir/MiniOzoneClusterImpl-9ddee5dd-a9b0-4f84-bf8c-5f63b859aaaf/datanode-9/data/ratis
2023-01-24 12:22:48,990 [Thread-280] INFO  ozoneimpl.ContainerReader (ContainerReader.java:readVolume(175)) - Finish verifying containers on volume /home/runner/work/ozone/ozone/hadoop-ozone/integration-test/target/test-dir/MiniOzoneClusterImpl-9ddee5dd-a9b0-4f84-bf8c-5f63b859aaaf/datanode-9/data-0/containers/hdds
2023-01-24 12:22:48,990 [Listener at 127.0.0.1/46625] INFO  ozoneimpl.OzoneContainer (OzoneContainer.java:buildContainerSet(305)) - Build ContainerSet costs 0s
2023-01-24 12:22:48,995 [Listener at 127.0.0.1/46625] INFO  server.RaftServer (ConfUtils.java:logGet(46)) - raft.rpc.type = GRPC (default)
2023-01-24 12:22:48,995 [Listener at 127.0.0.1/46625] INFO  grpc.GrpcConfigKeys (ConfUtils.java:logFallback(53)) - raft.grpc.admin.host = null (fallback to raft.grpc.server.host)
2023-01-24 12:22:48,995 [Listener at 127.0.0.1/46625] INFO  grpc.GrpcConfigKeys (ConfUtils.java:logGet(46)) - raft.grpc.admin.port = 0 (custom)
2023-01-24 12:22:48,996 [Listener at 127.0.0.1/46625] INFO  grpc.GrpcConfigKeys (ConfUtils.java:logFallback(53)) - raft.grpc.client.host = null (fallback to raft.grpc.server.host)
2023-01-24 12:22:48,996 [Listener at 127.0.0.1/46625] INFO  grpc.GrpcConfigKeys (ConfUtils.java:logGet(46)) - raft.grpc.client.port = 0 (custom)
2023-01-24 12:22:48,996 [Listener at 127.0.0.1/46625] INFO  grpc.GrpcConfigKeys (ConfUtils.java:logGet(46)) - raft.grpc.server.host = null (default)
2023-01-24 12:22:48,996 [Listener at 127.0.0.1/46625] INFO  grpc.GrpcConfigKeys (ConfUtils.java:logGet(46)) - raft.grpc.server.port = 0 (default)
2023-01-24 12:22:48,996 [Listener at 127.0.0.1/46625] INFO  server.GrpcService (ConfUtils.java:logGet(46)) - raft.grpc.message.size.max = 32MB (=33554432) (custom)
2023-01-24 12:22:48,996 [Listener at 127.0.0.1/46625] INFO  server.RaftServerConfigKeys (ConfUtils.java:logGet(46)) - raft.server.log.appender.buffer.byte-limit = 33554432 (custom)
2023-01-24 12:22:48,997 [Listener at 127.0.0.1/46625] INFO  server.GrpcService (ConfUtils.java:logGet(46)) - raft.grpc.flow.control.window = 5MB (=5242880) (custom)
2023-01-24 12:22:48,997 [Listener at 127.0.0.1/46625] INFO  server.RaftServerConfigKeys (ConfUtils.java:logGet(46)) - raft.server.rpc.request.timeout = 60s (custom)
2023-01-24 12:22:48,997 [Listener at 127.0.0.1/46625] INFO  grpc.GrpcConfigKeys (ConfUtils.java:logGet(46)) - raft.grpc.server.heartbeat.channel = true (default)
2023-01-24 12:22:48,997 [Listener at 127.0.0.1/46625] INFO  grpc.GrpcConfigKeys (ConfUtils.java:logGet(46)) - raft.grpc.server.async.request.thread.pool.cached = true (default)
2023-01-24 12:22:48,997 [Listener at 127.0.0.1/46625] INFO  grpc.GrpcConfigKeys (ConfUtils.java:logGet(46)) - raft.grpc.server.async.request.thread.pool.size = 32 (default)
2023-01-24 12:22:48,998 [Listener at 127.0.0.1/46625] INFO  impl.DataStreamServerImpl (ConfUtils.java:logGet(46)) - raft.datastream.type = NETTY (custom)
2023-01-24 12:22:49,000 [Listener at 127.0.0.1/46625] INFO  server.RaftServerConfigKeys (ConfUtils.java:logGet(46)) - raft.server.data-stream.async.request.thread.pool.cached = false (default)
2023-01-24 12:22:49,001 [Listener at 127.0.0.1/46625] INFO  server.RaftServerConfigKeys (ConfUtils.java:logGet(46)) - raft.server.data-stream.async.request.thread.pool.size = 20 (custom)
2023-01-24 12:22:49,001 [Listener at 127.0.0.1/46625] INFO  server.RaftServerConfigKeys (ConfUtils.java:logGet(46)) - raft.server.data-stream.async.write.thread.pool.size = 16 (default)
2023-01-24 12:22:49,001 [Listener at 127.0.0.1/46625] INFO  server.RaftServerConfigKeys (ConfUtils.java:logGet(46)) - raft.server.data-stream.client.pool.size = 10 (default)
2023-01-24 12:22:49,001 [Listener at 127.0.0.1/46625] INFO  netty.NettyConfigKeys$DataStream (ConfUtils.java:logGet(46)) - raft.netty.dataStream.server.use-epoll = false (default)
2023-01-24 12:22:49,001 [Listener at 127.0.0.1/46625] INFO  netty.NettyConfigKeys$DataStream (ConfUtils.java:logGet(46)) - raft.netty.dataStream.server.boss-group.size = 0 (default)
2023-01-24 12:22:49,001 [Listener at 127.0.0.1/46625] INFO  netty.NettyConfigKeys$DataStream (ConfUtils.java:logGet(46)) - raft.netty.dataStream.server.worker-group.size = 0 (default)
2023-01-24 12:22:49,002 [Listener at 127.0.0.1/46625] INFO  netty.NettyConfigKeys$DataStream (ConfUtils.java:logGet(46)) - raft.netty.dataStream.server.tls.conf = null (default)
2023-01-24 12:22:49,002 [Listener at 127.0.0.1/46625] INFO  netty.NettyConfigKeys$DataStream (ConfUtils.java:logGet(46)) - raft.netty.dataStream.host = null (default)
2023-01-24 12:22:49,002 [Listener at 127.0.0.1/46625] INFO  netty.NettyConfigKeys$DataStream (ConfUtils.java:logGet(46)) - raft.netty.dataStream.port = 0 (default)
2023-01-24 12:22:49,003 [Listener at 127.0.0.1/46625] INFO  server.RaftServerConfigKeys (ConfUtils.java:logGet(46)) - raft.server.threadpool.proxy.cached = true (default)
2023-01-24 12:22:49,007 [Listener at 127.0.0.1/46625] INFO  server.RaftServerConfigKeys (ConfUtils.java:logGet(46)) - raft.server.threadpool.proxy.size = 0 (default)
2023-01-24 12:22:49,007 [Listener at 127.0.0.1/46625] INFO  server.RaftServerConfigKeys (ConfUtils.java:logGet(46)) - raft.server.rpc.slowness.timeout = 300s (custom)
2023-01-24 12:22:49,008 [Listener at 127.0.0.1/46625] INFO  server.RaftServerConfigKeys (ConfUtils.java:logGet(46)) - raft.server.leaderelection.leader.step-down.wait-time = 10s (default)
2023-01-24 12:22:49,008 [Listener at 127.0.0.1/46625] INFO  server.RaftServerConfigKeys (ConfUtils.java:logGet(46)) - raft.server.storage.dir = [/home/runner/work/ozone/ozone/hadoop-ozone/integration-test/target/test-dir/MiniOzoneClusterImpl-9ddee5dd-a9b0-4f84-bf8c-5f63b859aaaf/datanode-9/data/ratis] (custom)
2023-01-24 12:22:49,008 [a73b56cb-3195-4d6d-be40-ac518f1256a6-NettyServerStreamRpc-bossGroup--thread1] INFO  logging.LoggingHandler (AbstractInternalLogger.java:log(148)) - [id: 0x8b0f6ce5] REGISTERED
2023-01-24 12:22:49,008 [a73b56cb-3195-4d6d-be40-ac518f1256a6-NettyServerStreamRpc-bossGroup--thread1] INFO  logging.LoggingHandler (AbstractInternalLogger.java:log(148)) - [id: 0x8b0f6ce5] BIND: 0.0.0.0/0.0.0.0:0
2023-01-24 12:22:49,009 [a73b56cb-3195-4d6d-be40-ac518f1256a6-NettyServerStreamRpc-bossGroup--thread1] INFO  logging.LoggingHandler (AbstractInternalLogger.java:log(148)) - [id: 0x8b0f6ce5, L:/0:0:0:0:0:0:0:0:38193] ACTIVE
2023-01-24 12:22:49,009 [Listener at 127.0.0.1/46625] INFO  server.XceiverServerGrpc (XceiverServerGrpc.java:<init>(132)) - GrpcServer channel type EpollServerSocketChannel
2023-01-24 12:22:49,013 [Listener at 127.0.0.1/46625] INFO  http.BaseHttpServer (BaseHttpServer.java:newHttpServer2BuilderForOzone(213)) - Starting Web-server for hddsDatanode at: http://0.0.0.0:0
2023-01-24 12:22:49,013 [Listener at 127.0.0.1/46625] INFO  http.BaseHttpServer (BaseHttpServer.java:<init>(108)) - Hadoop Security Enabled: false Ozone Security Enabled: false Ozone HTTP Security Enabled: false 
2023-01-24 12:22:49,014 [Listener at 127.0.0.1/46625] WARN  server.AuthenticationFilter (AuthenticationFilter.java:constructSecretProvider(240)) - Unable to initialize FileSignerSecretProvider, falling back to use random secrets. Reason: Could not read signature secret file: /home/runner/hadoop-http-auth-signature-secret
2023-01-24 12:22:49,014 [Listener at 127.0.0.1/46625] WARN  http.HttpRequestLog (HttpRequestLog.java:getRequestLog(103)) - Jetty request log can only be enabled using Log4j
2023-01-24 12:22:49,016 [Listener at 127.0.0.1/46625] INFO  http.HttpServer2 (HttpServer2.java:addGlobalFilter(1031)) - Added global filter 'safety' (class=org.apache.hadoop.hdds.server.http.HttpServer2$QuotingInputFilter)
2023-01-24 12:22:49,019 [Listener at 127.0.0.1/46625] INFO  http.HttpServer2 (HttpServer2.java:addFilter(1007)) - Added filter static_user_filter (class=org.apache.hadoop.http.lib.StaticUserWebFilter$StaticUserFilter) to context hddsDatanode
2023-01-24 12:22:49,019 [Listener at 127.0.0.1/46625] INFO  http.HttpServer2 (HttpServer2.java:addFilter(1015)) - Added filter static_user_filter (class=org.apache.hadoop.http.lib.StaticUserWebFilter$StaticUserFilter) to context logs
2023-01-24 12:22:49,019 [Listener at 127.0.0.1/46625] INFO  http.HttpServer2 (HttpServer2.java:addFilter(1015)) - Added filter static_user_filter (class=org.apache.hadoop.http.lib.StaticUserWebFilter$StaticUserFilter) to context static
2023-01-24 12:22:49,019 [Listener at 127.0.0.1/46625] INFO  http.HttpServer2 (HttpServer2.java:bindListener(1250)) - Jetty bound to port 46501
2023-01-24 12:22:49,020 [Listener at 127.0.0.1/46625] INFO  server.Server (Server.java:doStart(375)) - jetty-9.4.49.v20220914; built: 2022-09-14T01:07:36.601Z; git: 4231a3b2e4cb8548a412a789936d640a97b1aa0a; jvm 1.8.0_352-b08
2023-01-24 12:22:49,024 [Listener at 127.0.0.1/46625] INFO  server.session (DefaultSessionIdManager.java:doStart(334)) - DefaultSessionIdManager workerName=node0
2023-01-24 12:22:49,024 [Listener at 127.0.0.1/46625] INFO  server.session (DefaultSessionIdManager.java:doStart(339)) - No SessionScavenger set, using defaults
2023-01-24 12:22:49,024 [Listener at 127.0.0.1/46625] INFO  server.session (HouseKeeper.java:startScavenging(132)) - node0 Scavenging every 660000ms
2023-01-24 12:22:49,025 [Listener at 127.0.0.1/46625] INFO  handler.ContextHandler (ContextHandler.java:doStart(921)) - Started o.e.j.s.ServletContextHandler@1ffae821{logs,/logs,file:///home/runner/work/ozone/ozone/hadoop-ozone/integration-test/target/log,AVAILABLE}
2023-01-24 12:22:49,026 [Listener at 127.0.0.1/46625] INFO  handler.ContextHandler (ContextHandler.java:doStart(921)) - Started o.e.j.s.ServletContextHandler@4696e669{static,/static,jar:file:/home/runner/.m2/repository/org/apache/ozone/hdds-container-service/1.4.0-SNAPSHOT/hdds-container-service-1.4.0-SNAPSHOT.jar!/webapps/static,AVAILABLE}
2023-01-24 12:22:49,129 [EndpointStateMachine task thread for /0.0.0.0:44923 - 0 ] INFO  utils.DatanodeStoreCache (DatanodeStoreCache.java:addDB(58)) - Added db /home/runner/work/ozone/ozone/hadoop-ozone/integration-test/target/test-dir/MiniOzoneClusterImpl-9ddee5dd-a9b0-4f84-bf8c-5f63b859aaaf/datanode-3/data-0/containers/hdds/9ddee5dd-a9b0-4f84-bf8c-5f63b859aaaf/DS-8a2d97e5-8c09-4ccf-8cf5-39af55d5cae1/container.db to cache
2023-01-24 12:22:49,129 [EndpointStateMachine task thread for /0.0.0.0:44923 - 0 ] INFO  volume.HddsVolume (HddsVolume.java:createDbStore(307)) - SchemaV3 db is created and loaded at /home/runner/work/ozone/ozone/hadoop-ozone/integration-test/target/test-dir/MiniOzoneClusterImpl-9ddee5dd-a9b0-4f84-bf8c-5f63b859aaaf/datanode-3/data-0/containers/hdds/9ddee5dd-a9b0-4f84-bf8c-5f63b859aaaf/DS-8a2d97e5-8c09-4ccf-8cf5-39af55d5cae1/container.db for volume DS-8a2d97e5-8c09-4ccf-8cf5-39af55d5cae1
2023-01-24 12:22:49,129 [EndpointStateMachine task thread for /0.0.0.0:44923 - 0 ] INFO  ozoneimpl.OzoneContainer (OzoneContainer.java:start(399)) - Attempting to start container services.
2023-01-24 12:22:49,130 [EndpointStateMachine task thread for /0.0.0.0:44923 - 0 ] INFO  ozoneimpl.OzoneContainer (OzoneContainer.java:startContainerScrub(316)) - Scheduled background container scanners and the on-demand container scanner have been disabled.
2023-01-24 12:22:49,133 [EndpointStateMachine task thread for /0.0.0.0:44923 - 0 ] INFO  replication.ReplicationServer (ReplicationServer.java:start(109)) - ReplicationServer is started using port 36445
2023-01-24 12:22:49,133 [EndpointStateMachine task thread for /0.0.0.0:44923 - 0 ] INFO  ratis.XceiverServerRatis (XceiverServerRatis.java:start(517)) - Starting XceiverServerRatis 3f0205b3-740b-4219-bfdb-76da739fef9e
2023-01-24 12:22:49,139 [EndpointStateMachine task thread for /0.0.0.0:44923 - 0 ] INFO  server.RaftServer (RaftServerProxy.java:startImpl(393)) - 3f0205b3-740b-4219-bfdb-76da739fef9e: start RPC server
2023-01-24 12:22:49,147 [EndpointStateMachine task thread for /0.0.0.0:44923 - 0 ] INFO  server.GrpcService (GrpcService.java:startImpl(262)) - 3f0205b3-740b-4219-bfdb-76da739fef9e: GrpcService started, listening on 39411
2023-01-24 12:22:49,147 [EndpointStateMachine task thread for /0.0.0.0:44923 - 0 ] INFO  ratis.XceiverServerRatis (XceiverServerRatis.java:getRealPort(543)) - XceiverServerRatis 3f0205b3-740b-4219-bfdb-76da739fef9e is started using port 39411 for RATIS
2023-01-24 12:22:49,147 [EndpointStateMachine task thread for /0.0.0.0:44923 - 0 ] INFO  ratis.XceiverServerRatis (XceiverServerRatis.java:getRealPort(543)) - XceiverServerRatis 3f0205b3-740b-4219-bfdb-76da739fef9e is started using port 39411 for RATIS_ADMIN
2023-01-24 12:22:49,147 [EndpointStateMachine task thread for /0.0.0.0:44923 - 0 ] INFO  ratis.XceiverServerRatis (XceiverServerRatis.java:getRealPort(543)) - XceiverServerRatis 3f0205b3-740b-4219-bfdb-76da739fef9e is started using port 39411 for RATIS_SERVER
2023-01-24 12:22:49,147 [EndpointStateMachine task thread for /0.0.0.0:44923 - 0 ] INFO  ratis.XceiverServerRatis (XceiverServerRatis.java:getRealPort(543)) - XceiverServerRatis 3f0205b3-740b-4219-bfdb-76da739fef9e is started using port 35799 for RATIS_DATASTREAM
2023-01-24 12:22:49,148 [JvmPauseMonitor4] INFO  util.JvmPauseMonitor (JvmPauseMonitor.java:run(105)) - JvmPauseMonitor-3f0205b3-740b-4219-bfdb-76da739fef9e: Started
2023-01-24 12:22:49,149 [EndpointStateMachine task thread for /0.0.0.0:44923 - 0 ] INFO  server.XceiverServerGrpc (XceiverServerGrpc.java:start(180)) - XceiverServerGrpc 3f0205b3-740b-4219-bfdb-76da739fef9e is started using port 36705
2023-01-24 12:22:49,223 [Listener at 127.0.0.1/46625] INFO  handler.ContextHandler (ContextHandler.java:doStart(921)) - Started o.e.j.w.WebAppContext@406a9828{hddsDatanode,/,file:///tmp/jetty-0_0_0_0-46501-hdds-container-service-1_4_0-SNAPSHOT_jar-_-any-2635032261007483175/webapp/,AVAILABLE}{jar:file:/home/runner/.m2/repository/org/apache/ozone/hdds-container-service/1.4.0-SNAPSHOT/hdds-container-service-1.4.0-SNAPSHOT.jar!/webapps/hddsDatanode}
2023-01-24 12:22:49,226 [Listener at 127.0.0.1/46625] INFO  server.AbstractConnector (AbstractConnector.java:doStart(333)) - Started ServerConnector@248c9b2d{HTTP/1.1, (http/1.1)}{0.0.0.0:46501}
2023-01-24 12:22:49,227 [Listener at 127.0.0.1/46625] INFO  server.Server (Server.java:doStart(415)) - Started @11142ms
2023-01-24 12:22:49,227 [Listener at 127.0.0.1/46625] WARN  impl.MetricsSystemImpl (MetricsSystemImpl.java:register(279)) - Sink prometheus already exists!
2023-01-24 12:22:49,228 [Listener at 127.0.0.1/46625] INFO  http.BaseHttpServer (BaseHttpServer.java:updateConnectorAddress(333)) - HTTP server of hddsDatanode listening at http://0.0.0.0:46501
2023-01-24 12:22:49,228 [Datanode State Machine Daemon Thread] INFO  statemachine.DatanodeStateMachine (DatanodeStateMachine.java:lambda$startDaemon$0(519)) - Ozone container server started.
2023-01-24 12:22:49,231 [Listener at 127.0.0.1/46625] INFO  ozone.MiniOzoneClusterImpl (MiniOzoneClusterImpl.java:lambda$waitForClusterToBeReady$0(218)) - Waiting for nodes to be ready. Got 0 of 10 DN Heartbeats.
2023-01-24 12:22:49,231 [Listener at 127.0.0.1/46625] INFO  ozone.MiniOzoneClusterImpl (MiniOzoneClusterImpl.java:lambda$waitForClusterToBeReady$0(221)) - Waiting for cluster to exit safe mode
2023-01-24 12:22:49,231 [Listener at 127.0.0.1/46625] INFO  ozone.MiniOzoneClusterImpl (MiniOzoneClusterImpl.java:lambda$waitForClusterToBeReady$0(223)) - SCM became leader
2023-01-24 12:22:49,238 [org.apache.hadoop.util.JvmPauseMonitor$Monitor@2a97c4b4] INFO  util.JvmPauseMonitor (JvmPauseMonitor.java:run(188)) - Starting JVM pause monitor
2023-01-24 12:22:49,241 [Datanode State Machine Task Thread - 0] INFO  datanode.InitDatanodeState (InitDatanodeState.java:persistContainerDatanodeDetails(138)) - DatanodeDetails is persisted to /home/runner/work/ozone/ozone/hadoop-ozone/integration-test/target/test-dir/MiniOzoneClusterImpl-9ddee5dd-a9b0-4f84-bf8c-5f63b859aaaf/datanode-9/meta/datanode.id
2023-01-24 12:22:49,425 [EndpointStateMachine task thread for /0.0.0.0:44923 - 0 ] INFO  utils.DatanodeStoreCache (DatanodeStoreCache.java:addDB(58)) - Added db /home/runner/work/ozone/ozone/hadoop-ozone/integration-test/target/test-dir/MiniOzoneClusterImpl-9ddee5dd-a9b0-4f84-bf8c-5f63b859aaaf/datanode-4/data-0/containers/hdds/9ddee5dd-a9b0-4f84-bf8c-5f63b859aaaf/DS-a9e4ddab-5429-44df-8536-d6d6add03fe3/container.db to cache
2023-01-24 12:22:49,425 [EndpointStateMachine task thread for /0.0.0.0:44923 - 0 ] INFO  volume.HddsVolume (HddsVolume.java:createDbStore(307)) - SchemaV3 db is created and loaded at /home/runner/work/ozone/ozone/hadoop-ozone/integration-test/target/test-dir/MiniOzoneClusterImpl-9ddee5dd-a9b0-4f84-bf8c-5f63b859aaaf/datanode-4/data-0/containers/hdds/9ddee5dd-a9b0-4f84-bf8c-5f63b859aaaf/DS-a9e4ddab-5429-44df-8536-d6d6add03fe3/container.db for volume DS-a9e4ddab-5429-44df-8536-d6d6add03fe3
2023-01-24 12:22:49,426 [EndpointStateMachine task thread for /0.0.0.0:44923 - 0 ] INFO  ozoneimpl.OzoneContainer (OzoneContainer.java:start(399)) - Attempting to start container services.
2023-01-24 12:22:49,426 [EndpointStateMachine task thread for /0.0.0.0:44923 - 0 ] INFO  ozoneimpl.OzoneContainer (OzoneContainer.java:startContainerScrub(316)) - Scheduled background container scanners and the on-demand container scanner have been disabled.
2023-01-24 12:22:49,428 [EndpointStateMachine task thread for /0.0.0.0:44923 - 0 ] INFO  replication.ReplicationServer (ReplicationServer.java:start(109)) - ReplicationServer is started using port 35093
2023-01-24 12:22:49,428 [EndpointStateMachine task thread for /0.0.0.0:44923 - 0 ] INFO  ratis.XceiverServerRatis (XceiverServerRatis.java:start(517)) - Starting XceiverServerRatis 8d5822ee-b1dd-46af-beb1-0638b7fa15fc
2023-01-24 12:22:49,429 [EndpointStateMachine task thread for /0.0.0.0:44923 - 0 ] INFO  server.RaftServer (RaftServerProxy.java:startImpl(393)) - 8d5822ee-b1dd-46af-beb1-0638b7fa15fc: start RPC server
2023-01-24 12:22:49,430 [EndpointStateMachine task thread for /0.0.0.0:44923 - 0 ] INFO  server.GrpcService (GrpcService.java:startImpl(262)) - 8d5822ee-b1dd-46af-beb1-0638b7fa15fc: GrpcService started, listening on 38873
2023-01-24 12:22:49,431 [EndpointStateMachine task thread for /0.0.0.0:44923 - 0 ] INFO  ratis.XceiverServerRatis (XceiverServerRatis.java:getRealPort(543)) - XceiverServerRatis 8d5822ee-b1dd-46af-beb1-0638b7fa15fc is started using port 38873 for RATIS
2023-01-24 12:22:49,431 [JvmPauseMonitor5] INFO  util.JvmPauseMonitor (JvmPauseMonitor.java:run(105)) - JvmPauseMonitor-8d5822ee-b1dd-46af-beb1-0638b7fa15fc: Started
2023-01-24 12:22:49,431 [EndpointStateMachine task thread for /0.0.0.0:44923 - 0 ] INFO  ratis.XceiverServerRatis (XceiverServerRatis.java:getRealPort(543)) - XceiverServerRatis 8d5822ee-b1dd-46af-beb1-0638b7fa15fc is started using port 38873 for RATIS_ADMIN
2023-01-24 12:22:49,431 [EndpointStateMachine task thread for /0.0.0.0:44923 - 0 ] INFO  ratis.XceiverServerRatis (XceiverServerRatis.java:getRealPort(543)) - XceiverServerRatis 8d5822ee-b1dd-46af-beb1-0638b7fa15fc is started using port 38873 for RATIS_SERVER
2023-01-24 12:22:49,431 [EndpointStateMachine task thread for /0.0.0.0:44923 - 0 ] INFO  ratis.XceiverServerRatis (XceiverServerRatis.java:getRealPort(543)) - XceiverServerRatis 8d5822ee-b1dd-46af-beb1-0638b7fa15fc is started using port 42631 for RATIS_DATASTREAM
2023-01-24 12:22:49,433 [EndpointStateMachine task thread for /0.0.0.0:44923 - 0 ] INFO  server.XceiverServerGrpc (XceiverServerGrpc.java:start(180)) - XceiverServerGrpc 8d5822ee-b1dd-46af-beb1-0638b7fa15fc is started using port 40059
2023-01-24 12:22:49,754 [EndpointStateMachine task thread for /0.0.0.0:44923 - 0 ] INFO  utils.DatanodeStoreCache (DatanodeStoreCache.java:addDB(58)) - Added db /home/runner/work/ozone/ozone/hadoop-ozone/integration-test/target/test-dir/MiniOzoneClusterImpl-9ddee5dd-a9b0-4f84-bf8c-5f63b859aaaf/datanode-5/data-0/containers/hdds/9ddee5dd-a9b0-4f84-bf8c-5f63b859aaaf/DS-b39d8050-05c5-4585-b744-4f8ca0abf679/container.db to cache
2023-01-24 12:22:49,754 [EndpointStateMachine task thread for /0.0.0.0:44923 - 0 ] INFO  volume.HddsVolume (HddsVolume.java:createDbStore(307)) - SchemaV3 db is created and loaded at /home/runner/work/ozone/ozone/hadoop-ozone/integration-test/target/test-dir/MiniOzoneClusterImpl-9ddee5dd-a9b0-4f84-bf8c-5f63b859aaaf/datanode-5/data-0/containers/hdds/9ddee5dd-a9b0-4f84-bf8c-5f63b859aaaf/DS-b39d8050-05c5-4585-b744-4f8ca0abf679/container.db for volume DS-b39d8050-05c5-4585-b744-4f8ca0abf679
2023-01-24 12:22:49,754 [EndpointStateMachine task thread for /0.0.0.0:44923 - 0 ] INFO  ozoneimpl.OzoneContainer (OzoneContainer.java:start(399)) - Attempting to start container services.
2023-01-24 12:22:49,754 [EndpointStateMachine task thread for /0.0.0.0:44923 - 0 ] INFO  ozoneimpl.OzoneContainer (OzoneContainer.java:startContainerScrub(316)) - Scheduled background container scanners and the on-demand container scanner have been disabled.
2023-01-24 12:22:49,756 [EndpointStateMachine task thread for /0.0.0.0:44923 - 0 ] INFO  replication.ReplicationServer (ReplicationServer.java:start(109)) - ReplicationServer is started using port 37427
2023-01-24 12:22:49,757 [EndpointStateMachine task thread for /0.0.0.0:44923 - 0 ] INFO  ratis.XceiverServerRatis (XceiverServerRatis.java:start(517)) - Starting XceiverServerRatis 4243b07b-dbe8-44bd-919c-c5b59c546d4c
2023-01-24 12:22:49,762 [EndpointStateMachine task thread for /0.0.0.0:44923 - 0 ] INFO  server.RaftServer (RaftServerProxy.java:startImpl(393)) - 4243b07b-dbe8-44bd-919c-c5b59c546d4c: start RPC server
2023-01-24 12:22:49,772 [EndpointStateMachine task thread for /0.0.0.0:44923 - 0 ] INFO  server.GrpcService (GrpcService.java:startImpl(262)) - 4243b07b-dbe8-44bd-919c-c5b59c546d4c: GrpcService started, listening on 38729
2023-01-24 12:22:49,772 [EndpointStateMachine task thread for /0.0.0.0:44923 - 0 ] INFO  ratis.XceiverServerRatis (XceiverServerRatis.java:getRealPort(543)) - XceiverServerRatis 4243b07b-dbe8-44bd-919c-c5b59c546d4c is started using port 38729 for RATIS
2023-01-24 12:22:49,772 [EndpointStateMachine task thread for /0.0.0.0:44923 - 0 ] INFO  ratis.XceiverServerRatis (XceiverServerRatis.java:getRealPort(543)) - XceiverServerRatis 4243b07b-dbe8-44bd-919c-c5b59c546d4c is started using port 38729 for RATIS_ADMIN
2023-01-24 12:22:49,772 [EndpointStateMachine task thread for /0.0.0.0:44923 - 0 ] INFO  ratis.XceiverServerRatis (XceiverServerRatis.java:getRealPort(543)) - XceiverServerRatis 4243b07b-dbe8-44bd-919c-c5b59c546d4c is started using port 38729 for RATIS_SERVER
2023-01-24 12:22:49,772 [EndpointStateMachine task thread for /0.0.0.0:44923 - 0 ] INFO  ratis.XceiverServerRatis (XceiverServerRatis.java:getRealPort(543)) - XceiverServerRatis 4243b07b-dbe8-44bd-919c-c5b59c546d4c is started using port 33721 for RATIS_DATASTREAM
2023-01-24 12:22:49,773 [JvmPauseMonitor6] INFO  util.JvmPauseMonitor (JvmPauseMonitor.java:run(105)) - JvmPauseMonitor-4243b07b-dbe8-44bd-919c-c5b59c546d4c: Started
2023-01-24 12:22:49,776 [EndpointStateMachine task thread for /0.0.0.0:44923 - 0 ] INFO  server.XceiverServerGrpc (XceiverServerGrpc.java:start(180)) - XceiverServerGrpc 4243b07b-dbe8-44bd-919c-c5b59c546d4c is started using port 44713
2023-01-24 12:22:49,839 [IPC Server handler 3 on default port 44923] INFO  net.NetworkTopologyImpl (NetworkTopologyImpl.java:add(112)) - Added a new node: /default-rack/c6074cc5-da23-4fc2-b305-e072798acc5a
2023-01-24 12:22:49,841 [IPC Server handler 3 on default port 44923] INFO  node.SCMNodeManager (SCMNodeManager.java:register(397)) - Registered Data node : c6074cc5-da23-4fc2-b305-e072798acc5a{ip: 10.1.1.14, host: fv-az83-645.uavyq1izdhte5b0ne1us2eqzhb.jx.internal.cloudapp.net, ports: [REPLICATION=40117, RATIS=38087, RATIS_ADMIN=38087, RATIS_SERVER=38087, RATIS_DATASTREAM=46483, STANDALONE=45175], networkLocation: /default-rack, certSerialId: null, persistedOpState: null, persistedOpStateExpiryEpochSec: 0}
2023-01-24 12:22:49,844 [EventQueue-NewNodeForNewNodeHandler] INFO  pipeline.BackgroundPipelineCreator (BackgroundPipelineCreator.java:notifyEventTriggered(276)) - trigger a one-shot run on RatisPipelineUtilsThread.
2023-01-24 12:22:49,846 [EventQueue-NodeRegistrationContainerReportForDataNodeSafeModeRule] INFO  safemode.SCMSafeModeManager (DataNodeSafeModeRule.java:process(71)) - SCM in safe mode. 1 DataNodes registered, 3 required.
2023-01-24 12:22:49,846 [EventQueue-NodeRegistrationContainerReportForContainerSafeModeRule] INFO  safemode.SCMSafeModeManager (SCMSafeModeManager.java:validateSafeModeExitRules(200)) - ContainerSafeModeRule rule is successfully validated
2023-01-24 12:22:49,846 [EventQueue-PipelineReportForOneReplicaPipelineSafeModeRule] INFO  safemode.SCMSafeModeManager (SCMSafeModeManager.java:validateSafeModeExitRules(200)) - AtleastOneDatanodeReportedRule rule is successfully validated
2023-01-24 12:22:49,851 [RatisPipelineUtilsThread - 0] INFO  pipeline.RatisPipelineProvider (RatisPipelineProvider.java:lambda$create$0(206)) - Sending CreatePipelineCommand for pipeline:PipelineID=6ba87368-2269-4ceb-802e-af998d485830 to datanode:c6074cc5-da23-4fc2-b305-e072798acc5a
2023-01-24 12:22:49,860 [RatisPipelineUtilsThread - 0] INFO  pipeline.PipelineStateManagerImpl (PipelineStateManagerImpl.java:addPipeline(103)) - Created pipeline Pipeline[ Id: 6ba87368-2269-4ceb-802e-af998d485830, Nodes: c6074cc5-da23-4fc2-b305-e072798acc5a(fv-az83-645.uavyq1izdhte5b0ne1us2eqzhb.jx.internal.cloudapp.net/10.1.1.14), ReplicationConfig: RATIS/ONE, State:ALLOCATED, leaderId:, CreationTimestamp2023-01-24T12:22:49.850Z[Etc/UTC]].
2023-01-24 12:22:50,184 [EndpointStateMachine task thread for /0.0.0.0:44923 - 0 ] INFO  utils.DatanodeStoreCache (DatanodeStoreCache.java:addDB(58)) - Added db /home/runner/work/ozone/ozone/hadoop-ozone/integration-test/target/test-dir/MiniOzoneClusterImpl-9ddee5dd-a9b0-4f84-bf8c-5f63b859aaaf/datanode-6/data-0/containers/hdds/9ddee5dd-a9b0-4f84-bf8c-5f63b859aaaf/DS-d27b142c-14bf-4e51-bd48-e48c06f311ac/container.db to cache
2023-01-24 12:22:50,185 [EndpointStateMachine task thread for /0.0.0.0:44923 - 0 ] INFO  volume.HddsVolume (HddsVolume.java:createDbStore(307)) - SchemaV3 db is created and loaded at /home/runner/work/ozone/ozone/hadoop-ozone/integration-test/target/test-dir/MiniOzoneClusterImpl-9ddee5dd-a9b0-4f84-bf8c-5f63b859aaaf/datanode-6/data-0/containers/hdds/9ddee5dd-a9b0-4f84-bf8c-5f63b859aaaf/DS-d27b142c-14bf-4e51-bd48-e48c06f311ac/container.db for volume DS-d27b142c-14bf-4e51-bd48-e48c06f311ac
2023-01-24 12:22:50,185 [EndpointStateMachine task thread for /0.0.0.0:44923 - 0 ] INFO  ozoneimpl.OzoneContainer (OzoneContainer.java:start(399)) - Attempting to start container services.
2023-01-24 12:22:50,185 [EndpointStateMachine task thread for /0.0.0.0:44923 - 0 ] INFO  ozoneimpl.OzoneContainer (OzoneContainer.java:startContainerScrub(316)) - Scheduled background container scanners and the on-demand container scanner have been disabled.
2023-01-24 12:22:50,190 [EndpointStateMachine task thread for /0.0.0.0:44923 - 0 ] INFO  replication.ReplicationServer (ReplicationServer.java:start(109)) - ReplicationServer is started using port 45467
2023-01-24 12:22:50,190 [EndpointStateMachine task thread for /0.0.0.0:44923 - 0 ] INFO  ratis.XceiverServerRatis (XceiverServerRatis.java:start(517)) - Starting XceiverServerRatis fb483a44-74cc-4237-a554-a68f3575ba39
2023-01-24 12:22:50,190 [EndpointStateMachine task thread for /0.0.0.0:44923 - 0 ] INFO  server.RaftServer (RaftServerProxy.java:startImpl(393)) - fb483a44-74cc-4237-a554-a68f3575ba39: start RPC server
2023-01-24 12:22:50,191 [EndpointStateMachine task thread for /0.0.0.0:44923 - 0 ] INFO  server.GrpcService (GrpcService.java:startImpl(262)) - fb483a44-74cc-4237-a554-a68f3575ba39: GrpcService started, listening on 43379
2023-01-24 12:22:50,193 [EndpointStateMachine task thread for /0.0.0.0:44923 - 0 ] INFO  ratis.XceiverServerRatis (XceiverServerRatis.java:getRealPort(543)) - XceiverServerRatis fb483a44-74cc-4237-a554-a68f3575ba39 is started using port 43379 for RATIS
2023-01-24 12:22:50,193 [EndpointStateMachine task thread for /0.0.0.0:44923 - 0 ] INFO  ratis.XceiverServerRatis (XceiverServerRatis.java:getRealPort(543)) - XceiverServerRatis fb483a44-74cc-4237-a554-a68f3575ba39 is started using port 43379 for RATIS_ADMIN
2023-01-24 12:22:50,193 [EndpointStateMachine task thread for /0.0.0.0:44923 - 0 ] INFO  ratis.XceiverServerRatis (XceiverServerRatis.java:getRealPort(543)) - XceiverServerRatis fb483a44-74cc-4237-a554-a68f3575ba39 is started using port 43379 for RATIS_SERVER
2023-01-24 12:22:50,196 [EndpointStateMachine task thread for /0.0.0.0:44923 - 0 ] INFO  ratis.XceiverServerRatis (XceiverServerRatis.java:getRealPort(543)) - XceiverServerRatis fb483a44-74cc-4237-a554-a68f3575ba39 is started using port 37561 for RATIS_DATASTREAM
2023-01-24 12:22:50,199 [JvmPauseMonitor7] INFO  util.JvmPauseMonitor (JvmPauseMonitor.java:run(105)) - JvmPauseMonitor-fb483a44-74cc-4237-a554-a68f3575ba39: Started
2023-01-24 12:22:50,200 [EndpointStateMachine task thread for /0.0.0.0:44923 - 0 ] INFO  server.XceiverServerGrpc (XceiverServerGrpc.java:start(180)) - XceiverServerGrpc fb483a44-74cc-4237-a554-a68f3575ba39 is started using port 34539
2023-01-24 12:22:50,232 [Listener at 127.0.0.1/46625] INFO  ozone.MiniOzoneClusterImpl (MiniOzoneClusterImpl.java:lambda$waitForClusterToBeReady$0(218)) - Waiting for nodes to be ready. Got 1 of 10 DN Heartbeats.
2023-01-24 12:22:50,232 [Listener at 127.0.0.1/46625] INFO  ozone.MiniOzoneClusterImpl (MiniOzoneClusterImpl.java:lambda$waitForClusterToBeReady$0(221)) - Waiting for cluster to exit safe mode
2023-01-24 12:22:50,232 [Listener at 127.0.0.1/46625] INFO  ozone.MiniOzoneClusterImpl (MiniOzoneClusterImpl.java:lambda$waitForClusterToBeReady$0(223)) - SCM became leader
2023-01-24 12:22:50,342 [IPC Server handler 2 on default port 44923] INFO  net.NetworkTopologyImpl (NetworkTopologyImpl.java:add(112)) - Added a new node: /default-rack/7141d06d-71d8-4a56-9b5d-23c6772b1ac6
2023-01-24 12:22:50,342 [IPC Server handler 2 on default port 44923] INFO  node.SCMNodeManager (SCMNodeManager.java:register(397)) - Registered Data node : 7141d06d-71d8-4a56-9b5d-23c6772b1ac6{ip: 10.1.1.14, host: fv-az83-645.uavyq1izdhte5b0ne1us2eqzhb.jx.internal.cloudapp.net, ports: [REPLICATION=41029, RATIS=37745, RATIS_ADMIN=37745, RATIS_SERVER=37745, RATIS_DATASTREAM=35891, STANDALONE=39923], networkLocation: /default-rack, certSerialId: null, persistedOpState: null, persistedOpStateExpiryEpochSec: 0}
2023-01-24 12:22:50,343 [EventQueue-NewNodeForNewNodeHandler] INFO  pipeline.BackgroundPipelineCreator (BackgroundPipelineCreator.java:notifyEventTriggered(276)) - trigger a one-shot run on RatisPipelineUtilsThread.
2023-01-24 12:22:50,343 [EventQueue-NodeRegistrationContainerReportForDataNodeSafeModeRule] INFO  safemode.SCMSafeModeManager (DataNodeSafeModeRule.java:process(71)) - SCM in safe mode. 2 DataNodes registered, 3 required.
2023-01-24 12:22:50,344 [RatisPipelineUtilsThread - 0] INFO  pipeline.RatisPipelineProvider (RatisPipelineProvider.java:lambda$create$0(206)) - Sending CreatePipelineCommand for pipeline:PipelineID=c0a6e05b-9d0b-41dd-bd53-7f17d7d56448 to datanode:7141d06d-71d8-4a56-9b5d-23c6772b1ac6
2023-01-24 12:22:50,344 [RatisPipelineUtilsThread - 0] INFO  pipeline.PipelineStateManagerImpl (PipelineStateManagerImpl.java:addPipeline(103)) - Created pipeline Pipeline[ Id: c0a6e05b-9d0b-41dd-bd53-7f17d7d56448, Nodes: 7141d06d-71d8-4a56-9b5d-23c6772b1ac6(fv-az83-645.uavyq1izdhte5b0ne1us2eqzhb.jx.internal.cloudapp.net/10.1.1.14), ReplicationConfig: RATIS/ONE, State:ALLOCATED, leaderId:, CreationTimestamp2023-01-24T12:22:50.344Z[Etc/UTC]].
2023-01-24 12:22:50,587 [EndpointStateMachine task thread for /0.0.0.0:44923 - 0 ] INFO  utils.DatanodeStoreCache (DatanodeStoreCache.java:addDB(58)) - Added db /home/runner/work/ozone/ozone/hadoop-ozone/integration-test/target/test-dir/MiniOzoneClusterImpl-9ddee5dd-a9b0-4f84-bf8c-5f63b859aaaf/datanode-7/data-0/containers/hdds/9ddee5dd-a9b0-4f84-bf8c-5f63b859aaaf/DS-51d5db87-6462-4217-acb4-03443c62cc61/container.db to cache
2023-01-24 12:22:50,587 [EndpointStateMachine task thread for /0.0.0.0:44923 - 0 ] INFO  volume.HddsVolume (HddsVolume.java:createDbStore(307)) - SchemaV3 db is created and loaded at /home/runner/work/ozone/ozone/hadoop-ozone/integration-test/target/test-dir/MiniOzoneClusterImpl-9ddee5dd-a9b0-4f84-bf8c-5f63b859aaaf/datanode-7/data-0/containers/hdds/9ddee5dd-a9b0-4f84-bf8c-5f63b859aaaf/DS-51d5db87-6462-4217-acb4-03443c62cc61/container.db for volume DS-51d5db87-6462-4217-acb4-03443c62cc61
2023-01-24 12:22:50,588 [EndpointStateMachine task thread for /0.0.0.0:44923 - 0 ] INFO  ozoneimpl.OzoneContainer (OzoneContainer.java:start(399)) - Attempting to start container services.
2023-01-24 12:22:50,588 [EndpointStateMachine task thread for /0.0.0.0:44923 - 0 ] INFO  ozoneimpl.OzoneContainer (OzoneContainer.java:startContainerScrub(316)) - Scheduled background container scanners and the on-demand container scanner have been disabled.
2023-01-24 12:22:50,589 [EndpointStateMachine task thread for /0.0.0.0:44923 - 0 ] INFO  replication.ReplicationServer (ReplicationServer.java:start(109)) - ReplicationServer is started using port 33485
2023-01-24 12:22:50,590 [EndpointStateMachine task thread for /0.0.0.0:44923 - 0 ] INFO  ratis.XceiverServerRatis (XceiverServerRatis.java:start(517)) - Starting XceiverServerRatis cf1032d2-0037-4a0c-94af-232c62b39d0f
2023-01-24 12:22:50,590 [EndpointStateMachine task thread for /0.0.0.0:44923 - 0 ] INFO  server.RaftServer (RaftServerProxy.java:startImpl(393)) - cf1032d2-0037-4a0c-94af-232c62b39d0f: start RPC server
2023-01-24 12:22:50,591 [EndpointStateMachine task thread for /0.0.0.0:44923 - 0 ] INFO  server.GrpcService (GrpcService.java:startImpl(262)) - cf1032d2-0037-4a0c-94af-232c62b39d0f: GrpcService started, listening on 45895
2023-01-24 12:22:50,591 [EndpointStateMachine task thread for /0.0.0.0:44923 - 0 ] INFO  ratis.XceiverServerRatis (XceiverServerRatis.java:getRealPort(543)) - XceiverServerRatis cf1032d2-0037-4a0c-94af-232c62b39d0f is started using port 45895 for RATIS
2023-01-24 12:22:50,591 [EndpointStateMachine task thread for /0.0.0.0:44923 - 0 ] INFO  ratis.XceiverServerRatis (XceiverServerRatis.java:getRealPort(543)) - XceiverServerRatis cf1032d2-0037-4a0c-94af-232c62b39d0f is started using port 45895 for RATIS_ADMIN
2023-01-24 12:22:50,591 [JvmPauseMonitor8] INFO  util.JvmPauseMonitor (JvmPauseMonitor.java:run(105)) - JvmPauseMonitor-cf1032d2-0037-4a0c-94af-232c62b39d0f: Started
2023-01-24 12:22:50,591 [EndpointStateMachine task thread for /0.0.0.0:44923 - 0 ] INFO  ratis.XceiverServerRatis (XceiverServerRatis.java:getRealPort(543)) - XceiverServerRatis cf1032d2-0037-4a0c-94af-232c62b39d0f is started using port 45895 for RATIS_SERVER
2023-01-24 12:22:50,592 [EndpointStateMachine task thread for /0.0.0.0:44923 - 0 ] INFO  ratis.XceiverServerRatis (XceiverServerRatis.java:getRealPort(543)) - XceiverServerRatis cf1032d2-0037-4a0c-94af-232c62b39d0f is started using port 39787 for RATIS_DATASTREAM
2023-01-24 12:22:50,593 [EndpointStateMachine task thread for /0.0.0.0:44923 - 0 ] INFO  server.XceiverServerGrpc (XceiverServerGrpc.java:start(180)) - XceiverServerGrpc cf1032d2-0037-4a0c-94af-232c62b39d0f is started using port 41783
2023-01-24 12:22:50,748 [IPC Server handler 4 on default port 44923] INFO  net.NetworkTopologyImpl (NetworkTopologyImpl.java:add(112)) - Added a new node: /default-rack/93701946-f5e3-4943-a932-e133db5deae9
2023-01-24 12:22:50,748 [IPC Server handler 4 on default port 44923] INFO  node.SCMNodeManager (SCMNodeManager.java:register(397)) - Registered Data node : 93701946-f5e3-4943-a932-e133db5deae9{ip: 10.1.1.14, host: fv-az83-645.uavyq1izdhte5b0ne1us2eqzhb.jx.internal.cloudapp.net, ports: [REPLICATION=35981, RATIS=32935, RATIS_ADMIN=32935, RATIS_SERVER=32935, RATIS_DATASTREAM=45565, STANDALONE=41167], networkLocation: /default-rack, certSerialId: null, persistedOpState: null, persistedOpStateExpiryEpochSec: 0}
2023-01-24 12:22:50,749 [EventQueue-NewNodeForNewNodeHandler] INFO  pipeline.BackgroundPipelineCreator (BackgroundPipelineCreator.java:notifyEventTriggered(276)) - trigger a one-shot run on RatisPipelineUtilsThread.
2023-01-24 12:22:50,749 [EventQueue-NodeRegistrationContainerReportForDataNodeSafeModeRule] INFO  safemode.SCMSafeModeManager (DataNodeSafeModeRule.java:process(71)) - SCM in safe mode. 3 DataNodes registered, 3 required.
2023-01-24 12:22:50,749 [EventQueue-NodeRegistrationContainerReportForDataNodeSafeModeRule] INFO  safemode.SCMSafeModeManager (SCMSafeModeManager.java:validateSafeModeExitRules(200)) - DataNodeSafeModeRule rule is successfully validated
2023-01-24 12:22:50,749 [EventQueue-NodeRegistrationContainerReportForDataNodeSafeModeRule] INFO  safemode.SCMSafeModeManager (SCMSafeModeManager.java:completePreCheck(229)) - All SCM safe mode pre check rules have passed
2023-01-24 12:22:50,749 [EventQueue-NodeRegistrationContainerReportForDataNodeSafeModeRule] INFO  ha.SCMContext (SCMContext.java:updateSafeModeStatus(228)) - Update SafeModeStatus from SafeModeStatus{safeModeStatus=true, preCheckPassed=false} to SafeModeStatus{safeModeStatus=true, preCheckPassed=true}.
2023-01-24 12:22:50,749 [EventQueue-NodeRegistrationContainerReportForDataNodeSafeModeRule] INFO  pipeline.BackgroundPipelineCreator (BackgroundPipelineCreator.java:notifyEventTriggered(276)) - trigger a one-shot run on RatisPipelineUtilsThread.
2023-01-24 12:22:50,749 [RatisPipelineUtilsThread - 0] INFO  pipeline.RatisPipelineProvider (RatisPipelineProvider.java:lambda$create$0(206)) - Sending CreatePipelineCommand for pipeline:PipelineID=e450c585-e12b-44c7-b97b-321ff30531cd to datanode:93701946-f5e3-4943-a932-e133db5deae9
2023-01-24 12:22:50,750 [RatisPipelineUtilsThread - 0] INFO  pipeline.PipelineStateManagerImpl (PipelineStateManagerImpl.java:addPipeline(103)) - Created pipeline Pipeline[ Id: e450c585-e12b-44c7-b97b-321ff30531cd, Nodes: 93701946-f5e3-4943-a932-e133db5deae9(fv-az83-645.uavyq1izdhte5b0ne1us2eqzhb.jx.internal.cloudapp.net/10.1.1.14), ReplicationConfig: RATIS/ONE, State:ALLOCATED, leaderId:, CreationTimestamp2023-01-24T12:22:50.749Z[Etc/UTC]].
2023-01-24 12:22:50,754 [RatisPipelineUtilsThread - 0] INFO  pipeline.RatisPipelineProvider (RatisPipelineProvider.java:lambda$create$0(206)) - Sending CreatePipelineCommand for pipeline:PipelineID=6c0a0579-a25a-4b3b-a2c7-34335d786654 to datanode:c6074cc5-da23-4fc2-b305-e072798acc5a
2023-01-24 12:22:50,754 [RatisPipelineUtilsThread - 0] INFO  pipeline.RatisPipelineProvider (RatisPipelineProvider.java:lambda$create$0(206)) - Sending CreatePipelineCommand for pipeline:PipelineID=6c0a0579-a25a-4b3b-a2c7-34335d786654 to datanode:7141d06d-71d8-4a56-9b5d-23c6772b1ac6
2023-01-24 12:22:50,754 [RatisPipelineUtilsThread - 0] INFO  pipeline.RatisPipelineProvider (RatisPipelineProvider.java:lambda$create$0(206)) - Sending CreatePipelineCommand for pipeline:PipelineID=6c0a0579-a25a-4b3b-a2c7-34335d786654 to datanode:93701946-f5e3-4943-a932-e133db5deae9
2023-01-24 12:22:50,756 [RatisPipelineUtilsThread - 0] INFO  pipeline.PipelineStateManagerImpl (PipelineStateManagerImpl.java:addPipeline(103)) - Created pipeline Pipeline[ Id: 6c0a0579-a25a-4b3b-a2c7-34335d786654, Nodes: c6074cc5-da23-4fc2-b305-e072798acc5a(fv-az83-645.uavyq1izdhte5b0ne1us2eqzhb.jx.internal.cloudapp.net/10.1.1.14)7141d06d-71d8-4a56-9b5d-23c6772b1ac6(fv-az83-645.uavyq1izdhte5b0ne1us2eqzhb.jx.internal.cloudapp.net/10.1.1.14)93701946-f5e3-4943-a932-e133db5deae9(fv-az83-645.uavyq1izdhte5b0ne1us2eqzhb.jx.internal.cloudapp.net/10.1.1.14), ReplicationConfig: RATIS/THREE, State:ALLOCATED, leaderId:, CreationTimestamp2023-01-24T12:22:50.754Z[Etc/UTC]].
2023-01-24 12:22:50,757 [RatisPipelineUtilsThread - 0] INFO  pipeline.RatisPipelineProvider (RatisPipelineProvider.java:lambda$create$0(206)) - Sending CreatePipelineCommand for pipeline:PipelineID=e11cad59-a9c3-4779-a0df-67dbd99a6914 to datanode:93701946-f5e3-4943-a932-e133db5deae9
2023-01-24 12:22:50,757 [RatisPipelineUtilsThread - 0] INFO  pipeline.RatisPipelineProvider (RatisPipelineProvider.java:lambda$create$0(206)) - Sending CreatePipelineCommand for pipeline:PipelineID=e11cad59-a9c3-4779-a0df-67dbd99a6914 to datanode:c6074cc5-da23-4fc2-b305-e072798acc5a
2023-01-24 12:22:50,757 [RatisPipelineUtilsThread - 0] INFO  pipeline.RatisPipelineProvider (RatisPipelineProvider.java:lambda$create$0(206)) - Sending CreatePipelineCommand for pipeline:PipelineID=e11cad59-a9c3-4779-a0df-67dbd99a6914 to datanode:7141d06d-71d8-4a56-9b5d-23c6772b1ac6
2023-01-24 12:22:50,758 [RatisPipelineUtilsThread - 0] INFO  pipeline.PipelineStateManagerImpl (PipelineStateManagerImpl.java:addPipeline(103)) - Created pipeline Pipeline[ Id: e11cad59-a9c3-4779-a0df-67dbd99a6914, Nodes: 93701946-f5e3-4943-a932-e133db5deae9(fv-az83-645.uavyq1izdhte5b0ne1us2eqzhb.jx.internal.cloudapp.net/10.1.1.14)c6074cc5-da23-4fc2-b305-e072798acc5a(fv-az83-645.uavyq1izdhte5b0ne1us2eqzhb.jx.internal.cloudapp.net/10.1.1.14)7141d06d-71d8-4a56-9b5d-23c6772b1ac6(fv-az83-645.uavyq1izdhte5b0ne1us2eqzhb.jx.internal.cloudapp.net/10.1.1.14), ReplicationConfig: RATIS/THREE, State:ALLOCATED, leaderId:, CreationTimestamp2023-01-24T12:22:50.757Z[Etc/UTC]].
2023-01-24 12:22:50,758 [RatisPipelineUtilsThread - 0] INFO  pipeline.PipelineManagerImpl (PipelineManagerImpl.java:recordMetricsForPipeline(826)) - Pipeline: PipelineID=e11cad59-a9c3-4779-a0df-67dbd99a6914 contains same datanodes as previous pipelines: PipelineID=6c0a0579-a25a-4b3b-a2c7-34335d786654 nodeIds: 93701946-f5e3-4943-a932-e133db5deae9, c6074cc5-da23-4fc2-b305-e072798acc5a, 7141d06d-71d8-4a56-9b5d-23c6772b1ac6
2023-01-24 12:22:50,759 [RatisPipelineUtilsThread - 0] WARN  pipeline.PipelinePlacementPolicy (PipelinePlacementPolicy.java:filterViableNodes(158)) - Pipeline creation failed due to no sufficient healthy datanodes. Required 3. Found 0.
2023-01-24 12:22:50,759 [RatisPipelineUtilsThread - 0] WARN  pipeline.PipelinePlacementPolicy (PipelinePlacementPolicy.java:filterViableNodes(158)) - Pipeline creation failed due to no sufficient healthy datanodes. Required 3. Found 0.
2023-01-24 12:22:50,918 [EndpointStateMachine task thread for /0.0.0.0:44923 - 0 ] INFO  utils.DatanodeStoreCache (DatanodeStoreCache.java:addDB(58)) - Added db /home/runner/work/ozone/ozone/hadoop-ozone/integration-test/target/test-dir/MiniOzoneClusterImpl-9ddee5dd-a9b0-4f84-bf8c-5f63b859aaaf/datanode-8/data-0/containers/hdds/9ddee5dd-a9b0-4f84-bf8c-5f63b859aaaf/DS-cf08273f-31af-4d4f-a7a9-ad94a2c2f573/container.db to cache
2023-01-24 12:22:50,918 [EndpointStateMachine task thread for /0.0.0.0:44923 - 0 ] INFO  volume.HddsVolume (HddsVolume.java:createDbStore(307)) - SchemaV3 db is created and loaded at /home/runner/work/ozone/ozone/hadoop-ozone/integration-test/target/test-dir/MiniOzoneClusterImpl-9ddee5dd-a9b0-4f84-bf8c-5f63b859aaaf/datanode-8/data-0/containers/hdds/9ddee5dd-a9b0-4f84-bf8c-5f63b859aaaf/DS-cf08273f-31af-4d4f-a7a9-ad94a2c2f573/container.db for volume DS-cf08273f-31af-4d4f-a7a9-ad94a2c2f573
2023-01-24 12:22:50,919 [EndpointStateMachine task thread for /0.0.0.0:44923 - 0 ] INFO  ozoneimpl.OzoneContainer (OzoneContainer.java:start(399)) - Attempting to start container services.
2023-01-24 12:22:50,919 [EndpointStateMachine task thread for /0.0.0.0:44923 - 0 ] INFO  ozoneimpl.OzoneContainer (OzoneContainer.java:startContainerScrub(316)) - Scheduled background container scanners and the on-demand container scanner have been disabled.
2023-01-24 12:22:50,920 [EndpointStateMachine task thread for /0.0.0.0:44923 - 0 ] INFO  replication.ReplicationServer (ReplicationServer.java:start(109)) - ReplicationServer is started using port 39607
2023-01-24 12:22:50,920 [EndpointStateMachine task thread for /0.0.0.0:44923 - 0 ] INFO  ratis.XceiverServerRatis (XceiverServerRatis.java:start(517)) - Starting XceiverServerRatis f9d7edb3-f6c7-431a-8d5c-722e1f28718f
2023-01-24 12:22:50,921 [EndpointStateMachine task thread for /0.0.0.0:44923 - 0 ] INFO  server.RaftServer (RaftServerProxy.java:startImpl(393)) - f9d7edb3-f6c7-431a-8d5c-722e1f28718f: start RPC server
2023-01-24 12:22:50,926 [EndpointStateMachine task thread for /0.0.0.0:44923 - 0 ] INFO  server.GrpcService (GrpcService.java:startImpl(262)) - f9d7edb3-f6c7-431a-8d5c-722e1f28718f: GrpcService started, listening on 43465
2023-01-24 12:22:50,927 [EndpointStateMachine task thread for /0.0.0.0:44923 - 0 ] INFO  ratis.XceiverServerRatis (XceiverServerRatis.java:getRealPort(543)) - XceiverServerRatis f9d7edb3-f6c7-431a-8d5c-722e1f28718f is started using port 43465 for RATIS
2023-01-24 12:22:50,927 [JvmPauseMonitor9] INFO  util.JvmPauseMonitor (JvmPauseMonitor.java:run(105)) - JvmPauseMonitor-f9d7edb3-f6c7-431a-8d5c-722e1f28718f: Started
2023-01-24 12:22:50,927 [EndpointStateMachine task thread for /0.0.0.0:44923 - 0 ] INFO  ratis.XceiverServerRatis (XceiverServerRatis.java:getRealPort(543)) - XceiverServerRatis f9d7edb3-f6c7-431a-8d5c-722e1f28718f is started using port 43465 for RATIS_ADMIN
2023-01-24 12:22:50,930 [EndpointStateMachine task thread for /0.0.0.0:44923 - 0 ] INFO  ratis.XceiverServerRatis (XceiverServerRatis.java:getRealPort(543)) - XceiverServerRatis f9d7edb3-f6c7-431a-8d5c-722e1f28718f is started using port 43465 for RATIS_SERVER
2023-01-24 12:22:50,930 [EndpointStateMachine task thread for /0.0.0.0:44923 - 0 ] INFO  ratis.XceiverServerRatis (XceiverServerRatis.java:getRealPort(543)) - XceiverServerRatis f9d7edb3-f6c7-431a-8d5c-722e1f28718f is started using port 46043 for RATIS_DATASTREAM
2023-01-24 12:22:50,936 [EndpointStateMachine task thread for /0.0.0.0:44923 - 0 ] INFO  server.XceiverServerGrpc (XceiverServerGrpc.java:start(180)) - XceiverServerGrpc f9d7edb3-f6c7-431a-8d5c-722e1f28718f is started using port 39241
2023-01-24 12:22:51,093 [IPC Server handler 0 on default port 44923] INFO  net.NetworkTopologyImpl (NetworkTopologyImpl.java:add(112)) - Added a new node: /default-rack/3f0205b3-740b-4219-bfdb-76da739fef9e
2023-01-24 12:22:51,093 [IPC Server handler 0 on default port 44923] INFO  node.SCMNodeManager (SCMNodeManager.java:register(397)) - Registered Data node : 3f0205b3-740b-4219-bfdb-76da739fef9e{ip: 10.1.1.14, host: fv-az83-645.uavyq1izdhte5b0ne1us2eqzhb.jx.internal.cloudapp.net, ports: [REPLICATION=36445, RATIS=39411, RATIS_ADMIN=39411, RATIS_SERVER=39411, RATIS_DATASTREAM=35799, STANDALONE=36705], networkLocation: /default-rack, certSerialId: null, persistedOpState: null, persistedOpStateExpiryEpochSec: 0}
2023-01-24 12:22:51,094 [EventQueue-NewNodeForNewNodeHandler] INFO  pipeline.BackgroundPipelineCreator (BackgroundPipelineCreator.java:notifyEventTriggered(276)) - trigger a one-shot run on RatisPipelineUtilsThread.
2023-01-24 12:22:51,094 [RatisPipelineUtilsThread - 0] INFO  pipeline.RatisPipelineProvider (RatisPipelineProvider.java:lambda$create$0(206)) - Sending CreatePipelineCommand for pipeline:PipelineID=c18189c5-d890-4e62-9612-9526e230c616 to datanode:3f0205b3-740b-4219-bfdb-76da739fef9e
2023-01-24 12:22:51,095 [RatisPipelineUtilsThread - 0] INFO  pipeline.PipelineStateManagerImpl (PipelineStateManagerImpl.java:addPipeline(103)) - Created pipeline Pipeline[ Id: c18189c5-d890-4e62-9612-9526e230c616, Nodes: 3f0205b3-740b-4219-bfdb-76da739fef9e(fv-az83-645.uavyq1izdhte5b0ne1us2eqzhb.jx.internal.cloudapp.net/10.1.1.14), ReplicationConfig: RATIS/ONE, State:ALLOCATED, leaderId:, CreationTimestamp2023-01-24T12:22:51.094Z[Etc/UTC]].
2023-01-24 12:22:51,095 [RatisPipelineUtilsThread - 0] WARN  pipeline.PipelinePlacementPolicy (PipelinePlacementPolicy.java:filterViableNodes(158)) - Pipeline creation failed due to no sufficient healthy datanodes. Required 3. Found 1.
2023-01-24 12:22:51,147 [ReplicationMonitor] INFO  replication.ReplicationManager (ReplicationManager.java:processAll(331)) - Replication Manager is not ready to run until 3000ms after safemode exit
2023-01-24 12:22:51,232 [Listener at 127.0.0.1/46625] INFO  ozone.MiniOzoneClusterImpl (MiniOzoneClusterImpl.java:lambda$waitForClusterToBeReady$0(218)) - Waiting for nodes to be ready. Got 4 of 10 DN Heartbeats.
2023-01-24 12:22:51,232 [Listener at 127.0.0.1/46625] INFO  ozone.MiniOzoneClusterImpl (MiniOzoneClusterImpl.java:lambda$waitForClusterToBeReady$0(221)) - Waiting for cluster to exit safe mode
2023-01-24 12:22:51,232 [Listener at 127.0.0.1/46625] INFO  ozone.MiniOzoneClusterImpl (MiniOzoneClusterImpl.java:lambda$waitForClusterToBeReady$0(223)) - SCM became leader
2023-01-24 12:22:51,275 [EndpointStateMachine task thread for /0.0.0.0:44923 - 0 ] INFO  utils.DatanodeStoreCache (DatanodeStoreCache.java:addDB(58)) - Added db /home/runner/work/ozone/ozone/hadoop-ozone/integration-test/target/test-dir/MiniOzoneClusterImpl-9ddee5dd-a9b0-4f84-bf8c-5f63b859aaaf/datanode-9/data-0/containers/hdds/9ddee5dd-a9b0-4f84-bf8c-5f63b859aaaf/DS-788c8870-0d40-4608-956c-eabbce3cfb6c/container.db to cache
2023-01-24 12:22:51,275 [EndpointStateMachine task thread for /0.0.0.0:44923 - 0 ] INFO  volume.HddsVolume (HddsVolume.java:createDbStore(307)) - SchemaV3 db is created and loaded at /home/runner/work/ozone/ozone/hadoop-ozone/integration-test/target/test-dir/MiniOzoneClusterImpl-9ddee5dd-a9b0-4f84-bf8c-5f63b859aaaf/datanode-9/data-0/containers/hdds/9ddee5dd-a9b0-4f84-bf8c-5f63b859aaaf/DS-788c8870-0d40-4608-956c-eabbce3cfb6c/container.db for volume DS-788c8870-0d40-4608-956c-eabbce3cfb6c
2023-01-24 12:22:51,275 [EndpointStateMachine task thread for /0.0.0.0:44923 - 0 ] INFO  ozoneimpl.OzoneContainer (OzoneContainer.java:start(399)) - Attempting to start container services.
2023-01-24 12:22:51,275 [EndpointStateMachine task thread for /0.0.0.0:44923 - 0 ] INFO  ozoneimpl.OzoneContainer (OzoneContainer.java:startContainerScrub(316)) - Scheduled background container scanners and the on-demand container scanner have been disabled.
2023-01-24 12:22:51,277 [EndpointStateMachine task thread for /0.0.0.0:44923 - 0 ] INFO  replication.ReplicationServer (ReplicationServer.java:start(109)) - ReplicationServer is started using port 33855
2023-01-24 12:22:51,277 [EndpointStateMachine task thread for /0.0.0.0:44923 - 0 ] INFO  ratis.XceiverServerRatis (XceiverServerRatis.java:start(517)) - Starting XceiverServerRatis a73b56cb-3195-4d6d-be40-ac518f1256a6
2023-01-24 12:22:51,278 [EndpointStateMachine task thread for /0.0.0.0:44923 - 0 ] INFO  server.RaftServer (RaftServerProxy.java:startImpl(393)) - a73b56cb-3195-4d6d-be40-ac518f1256a6: start RPC server
2023-01-24 12:22:51,279 [EndpointStateMachine task thread for /0.0.0.0:44923 - 0 ] INFO  server.GrpcService (GrpcService.java:startImpl(262)) - a73b56cb-3195-4d6d-be40-ac518f1256a6: GrpcService started, listening on 43665
2023-01-24 12:22:51,279 [EndpointStateMachine task thread for /0.0.0.0:44923 - 0 ] INFO  ratis.XceiverServerRatis (XceiverServerRatis.java:getRealPort(543)) - XceiverServerRatis a73b56cb-3195-4d6d-be40-ac518f1256a6 is started using port 43665 for RATIS
2023-01-24 12:22:51,279 [EndpointStateMachine task thread for /0.0.0.0:44923 - 0 ] INFO  ratis.XceiverServerRatis (XceiverServerRatis.java:getRealPort(543)) - XceiverServerRatis a73b56cb-3195-4d6d-be40-ac518f1256a6 is started using port 43665 for RATIS_ADMIN
2023-01-24 12:22:51,279 [JvmPauseMonitor10] INFO  util.JvmPauseMonitor (JvmPauseMonitor.java:run(105)) - JvmPauseMonitor-a73b56cb-3195-4d6d-be40-ac518f1256a6: Started
2023-01-24 12:22:51,279 [EndpointStateMachine task thread for /0.0.0.0:44923 - 0 ] INFO  ratis.XceiverServerRatis (XceiverServerRatis.java:getRealPort(543)) - XceiverServerRatis a73b56cb-3195-4d6d-be40-ac518f1256a6 is started using port 43665 for RATIS_SERVER
2023-01-24 12:22:51,279 [EndpointStateMachine task thread for /0.0.0.0:44923 - 0 ] INFO  ratis.XceiverServerRatis (XceiverServerRatis.java:getRealPort(543)) - XceiverServerRatis a73b56cb-3195-4d6d-be40-ac518f1256a6 is started using port 38193 for RATIS_DATASTREAM
2023-01-24 12:22:51,281 [EndpointStateMachine task thread for /0.0.0.0:44923 - 0 ] INFO  server.XceiverServerGrpc (XceiverServerGrpc.java:start(180)) - XceiverServerGrpc a73b56cb-3195-4d6d-be40-ac518f1256a6 is started using port 36909
2023-01-24 12:22:51,402 [IPC Server handler 3 on default port 44923] INFO  net.NetworkTopologyImpl (NetworkTopologyImpl.java:add(112)) - Added a new node: /default-rack/8d5822ee-b1dd-46af-beb1-0638b7fa15fc
2023-01-24 12:22:51,403 [IPC Server handler 3 on default port 44923] INFO  node.SCMNodeManager (SCMNodeManager.java:register(397)) - Registered Data node : 8d5822ee-b1dd-46af-beb1-0638b7fa15fc{ip: 10.1.1.14, host: fv-az83-645.uavyq1izdhte5b0ne1us2eqzhb.jx.internal.cloudapp.net, ports: [REPLICATION=35093, RATIS=38873, RATIS_ADMIN=38873, RATIS_SERVER=38873, RATIS_DATASTREAM=42631, STANDALONE=40059], networkLocation: /default-rack, certSerialId: null, persistedOpState: null, persistedOpStateExpiryEpochSec: 0}
2023-01-24 12:22:51,403 [EventQueue-NewNodeForNewNodeHandler] INFO  pipeline.BackgroundPipelineCreator (BackgroundPipelineCreator.java:notifyEventTriggered(276)) - trigger a one-shot run on RatisPipelineUtilsThread.
2023-01-24 12:22:51,403 [RatisPipelineUtilsThread - 0] INFO  pipeline.RatisPipelineProvider (RatisPipelineProvider.java:lambda$create$0(206)) - Sending CreatePipelineCommand for pipeline:PipelineID=77be8a2a-ac31-467c-8bd7-fa7db534425b to datanode:8d5822ee-b1dd-46af-beb1-0638b7fa15fc
2023-01-24 12:22:51,404 [RatisPipelineUtilsThread - 0] INFO  pipeline.PipelineStateManagerImpl (PipelineStateManagerImpl.java:addPipeline(103)) - Created pipeline Pipeline[ Id: 77be8a2a-ac31-467c-8bd7-fa7db534425b, Nodes: 8d5822ee-b1dd-46af-beb1-0638b7fa15fc(fv-az83-645.uavyq1izdhte5b0ne1us2eqzhb.jx.internal.cloudapp.net/10.1.1.14), ReplicationConfig: RATIS/ONE, State:ALLOCATED, leaderId:, CreationTimestamp2023-01-24T12:22:51.403Z[Etc/UTC]].
2023-01-24 12:22:51,404 [RatisPipelineUtilsThread - 0] WARN  pipeline.PipelinePlacementPolicy (PipelinePlacementPolicy.java:filterViableNodes(158)) - Pipeline creation failed due to no sufficient healthy datanodes. Required 3. Found 2.
2023-01-24 12:22:51,730 [IPC Server handler 4 on default port 44923] INFO  net.NetworkTopologyImpl (NetworkTopologyImpl.java:add(112)) - Added a new node: /default-rack/4243b07b-dbe8-44bd-919c-c5b59c546d4c
2023-01-24 12:22:51,730 [IPC Server handler 4 on default port 44923] INFO  node.SCMNodeManager (SCMNodeManager.java:register(397)) - Registered Data node : 4243b07b-dbe8-44bd-919c-c5b59c546d4c{ip: 10.1.1.14, host: fv-az83-645.uavyq1izdhte5b0ne1us2eqzhb.jx.internal.cloudapp.net, ports: [REPLICATION=37427, RATIS=38729, RATIS_ADMIN=38729, RATIS_SERVER=38729, RATIS_DATASTREAM=33721, STANDALONE=44713], networkLocation: /default-rack, certSerialId: null, persistedOpState: null, persistedOpStateExpiryEpochSec: 0}
2023-01-24 12:22:51,730 [EventQueue-NewNodeForNewNodeHandler] INFO  pipeline.BackgroundPipelineCreator (BackgroundPipelineCreator.java:notifyEventTriggered(276)) - trigger a one-shot run on RatisPipelineUtilsThread.
2023-01-24 12:22:51,731 [RatisPipelineUtilsThread - 0] INFO  pipeline.RatisPipelineProvider (RatisPipelineProvider.java:lambda$create$0(206)) - Sending CreatePipelineCommand for pipeline:PipelineID=7386c907-83e1-4122-85b8-e790985fdc2a to datanode:4243b07b-dbe8-44bd-919c-c5b59c546d4c
2023-01-24 12:22:51,731 [RatisPipelineUtilsThread - 0] INFO  pipeline.PipelineStateManagerImpl (PipelineStateManagerImpl.java:addPipeline(103)) - Created pipeline Pipeline[ Id: 7386c907-83e1-4122-85b8-e790985fdc2a, Nodes: 4243b07b-dbe8-44bd-919c-c5b59c546d4c(fv-az83-645.uavyq1izdhte5b0ne1us2eqzhb.jx.internal.cloudapp.net/10.1.1.14), ReplicationConfig: RATIS/ONE, State:ALLOCATED, leaderId:, CreationTimestamp2023-01-24T12:22:51.731Z[Etc/UTC]].
2023-01-24 12:22:51,732 [RatisPipelineUtilsThread - 0] INFO  pipeline.RatisPipelineProvider (RatisPipelineProvider.java:lambda$create$0(206)) - Sending CreatePipelineCommand for pipeline:PipelineID=55176d7b-9d1c-4966-b863-2ebeb1ed5a51 to datanode:3f0205b3-740b-4219-bfdb-76da739fef9e
2023-01-24 12:22:51,732 [RatisPipelineUtilsThread - 0] INFO  pipeline.RatisPipelineProvider (RatisPipelineProvider.java:lambda$create$0(206)) - Sending CreatePipelineCommand for pipeline:PipelineID=55176d7b-9d1c-4966-b863-2ebeb1ed5a51 to datanode:4243b07b-dbe8-44bd-919c-c5b59c546d4c
2023-01-24 12:22:51,732 [RatisPipelineUtilsThread - 0] INFO  pipeline.RatisPipelineProvider (RatisPipelineProvider.java:lambda$create$0(206)) - Sending CreatePipelineCommand for pipeline:PipelineID=55176d7b-9d1c-4966-b863-2ebeb1ed5a51 to datanode:8d5822ee-b1dd-46af-beb1-0638b7fa15fc
2023-01-24 12:22:51,733 [RatisPipelineUtilsThread - 0] INFO  pipeline.PipelineStateManagerImpl (PipelineStateManagerImpl.java:addPipeline(103)) - Created pipeline Pipeline[ Id: 55176d7b-9d1c-4966-b863-2ebeb1ed5a51, Nodes: 3f0205b3-740b-4219-bfdb-76da739fef9e(fv-az83-645.uavyq1izdhte5b0ne1us2eqzhb.jx.internal.cloudapp.net/10.1.1.14)4243b07b-dbe8-44bd-919c-c5b59c546d4c(fv-az83-645.uavyq1izdhte5b0ne1us2eqzhb.jx.internal.cloudapp.net/10.1.1.14)8d5822ee-b1dd-46af-beb1-0638b7fa15fc(fv-az83-645.uavyq1izdhte5b0ne1us2eqzhb.jx.internal.cloudapp.net/10.1.1.14), ReplicationConfig: RATIS/THREE, State:ALLOCATED, leaderId:, CreationTimestamp2023-01-24T12:22:51.732Z[Etc/UTC]].
2023-01-24 12:22:51,733 [RatisPipelineUtilsThread - 0] INFO  pipeline.RatisPipelineProvider (RatisPipelineProvider.java:lambda$create$0(206)) - Sending CreatePipelineCommand for pipeline:PipelineID=7e076fab-1ba5-45cf-94c4-a2c53e516d65 to datanode:8d5822ee-b1dd-46af-beb1-0638b7fa15fc
2023-01-24 12:22:51,733 [RatisPipelineUtilsThread - 0] INFO  pipeline.RatisPipelineProvider (RatisPipelineProvider.java:lambda$create$0(206)) - Sending CreatePipelineCommand for pipeline:PipelineID=7e076fab-1ba5-45cf-94c4-a2c53e516d65 to datanode:4243b07b-dbe8-44bd-919c-c5b59c546d4c
2023-01-24 12:22:51,733 [RatisPipelineUtilsThread - 0] INFO  pipeline.RatisPipelineProvider (RatisPipelineProvider.java:lambda$create$0(206)) - Sending CreatePipelineCommand for pipeline:PipelineID=7e076fab-1ba5-45cf-94c4-a2c53e516d65 to datanode:3f0205b3-740b-4219-bfdb-76da739fef9e
2023-01-24 12:22:51,734 [RatisPipelineUtilsThread - 0] INFO  pipeline.PipelineStateManagerImpl (PipelineStateManagerImpl.java:addPipeline(103)) - Created pipeline Pipeline[ Id: 7e076fab-1ba5-45cf-94c4-a2c53e516d65, Nodes: 8d5822ee-b1dd-46af-beb1-0638b7fa15fc(fv-az83-645.uavyq1izdhte5b0ne1us2eqzhb.jx.internal.cloudapp.net/10.1.1.14)4243b07b-dbe8-44bd-919c-c5b59c546d4c(fv-az83-645.uavyq1izdhte5b0ne1us2eqzhb.jx.internal.cloudapp.net/10.1.1.14)3f0205b3-740b-4219-bfdb-76da739fef9e(fv-az83-645.uavyq1izdhte5b0ne1us2eqzhb.jx.internal.cloudapp.net/10.1.1.14), ReplicationConfig: RATIS/THREE, State:ALLOCATED, leaderId:, CreationTimestamp2023-01-24T12:22:51.733Z[Etc/UTC]].
2023-01-24 12:22:51,734 [RatisPipelineUtilsThread - 0] INFO  pipeline.PipelineManagerImpl (PipelineManagerImpl.java:recordMetricsForPipeline(826)) - Pipeline: PipelineID=7e076fab-1ba5-45cf-94c4-a2c53e516d65 contains same datanodes as previous pipelines: PipelineID=55176d7b-9d1c-4966-b863-2ebeb1ed5a51 nodeIds: 8d5822ee-b1dd-46af-beb1-0638b7fa15fc, 4243b07b-dbe8-44bd-919c-c5b59c546d4c, 3f0205b3-740b-4219-bfdb-76da739fef9e
2023-01-24 12:22:51,735 [RatisPipelineUtilsThread - 0] WARN  pipeline.PipelinePlacementPolicy (PipelinePlacementPolicy.java:filterViableNodes(158)) - Pipeline creation failed due to no sufficient healthy datanodes. Required 3. Found 0.
2023-01-24 12:22:52,164 [IPC Server handler 2 on default port 44923] INFO  net.NetworkTopologyImpl (NetworkTopologyImpl.java:add(112)) - Added a new node: /default-rack/fb483a44-74cc-4237-a554-a68f3575ba39
2023-01-24 12:22:52,164 [IPC Server handler 2 on default port 44923] INFO  node.SCMNodeManager (SCMNodeManager.java:register(397)) - Registered Data node : fb483a44-74cc-4237-a554-a68f3575ba39{ip: 10.1.1.14, host: fv-az83-645.uavyq1izdhte5b0ne1us2eqzhb.jx.internal.cloudapp.net, ports: [REPLICATION=45467, RATIS=43379, RATIS_ADMIN=43379, RATIS_SERVER=43379, RATIS_DATASTREAM=37561, STANDALONE=34539], networkLocation: /default-rack, certSerialId: null, persistedOpState: null, persistedOpStateExpiryEpochSec: 0}
2023-01-24 12:22:52,164 [EventQueue-NewNodeForNewNodeHandler] INFO  pipeline.BackgroundPipelineCreator (BackgroundPipelineCreator.java:notifyEventTriggered(276)) - trigger a one-shot run on RatisPipelineUtilsThread.
2023-01-24 12:22:52,165 [RatisPipelineUtilsThread - 0] INFO  pipeline.RatisPipelineProvider (RatisPipelineProvider.java:lambda$create$0(206)) - Sending CreatePipelineCommand for pipeline:PipelineID=9b7c3694-cfb1-424d-bdb7-5a4b10d85f99 to datanode:fb483a44-74cc-4237-a554-a68f3575ba39
2023-01-24 12:22:52,166 [RatisPipelineUtilsThread - 0] INFO  pipeline.PipelineStateManagerImpl (PipelineStateManagerImpl.java:addPipeline(103)) - Created pipeline Pipeline[ Id: 9b7c3694-cfb1-424d-bdb7-5a4b10d85f99, Nodes: fb483a44-74cc-4237-a554-a68f3575ba39(fv-az83-645.uavyq1izdhte5b0ne1us2eqzhb.jx.internal.cloudapp.net/10.1.1.14), ReplicationConfig: RATIS/ONE, State:ALLOCATED, leaderId:, CreationTimestamp2023-01-24T12:22:52.165Z[Etc/UTC]].
2023-01-24 12:22:52,166 [RatisPipelineUtilsThread - 0] WARN  pipeline.PipelinePlacementPolicy (PipelinePlacementPolicy.java:filterViableNodes(158)) - Pipeline creation failed due to no sufficient healthy datanodes. Required 3. Found 1.
2023-01-24 12:22:52,232 [Listener at 127.0.0.1/46625] INFO  ozone.MiniOzoneClusterImpl (MiniOzoneClusterImpl.java:lambda$waitForClusterToBeReady$0(218)) - Waiting for nodes to be ready. Got 7 of 10 DN Heartbeats.
2023-01-24 12:22:52,233 [Listener at 127.0.0.1/46625] INFO  ozone.MiniOzoneClusterImpl (MiniOzoneClusterImpl.java:lambda$waitForClusterToBeReady$0(221)) - Waiting for cluster to exit safe mode
2023-01-24 12:22:52,233 [Listener at 127.0.0.1/46625] INFO  ozone.MiniOzoneClusterImpl (MiniOzoneClusterImpl.java:lambda$waitForClusterToBeReady$0(223)) - SCM became leader
2023-01-24 12:22:52,567 [IPC Server handler 4 on default port 44923] INFO  net.NetworkTopologyImpl (NetworkTopologyImpl.java:add(112)) - Added a new node: /default-rack/cf1032d2-0037-4a0c-94af-232c62b39d0f
2023-01-24 12:22:52,567 [IPC Server handler 4 on default port 44923] INFO  node.SCMNodeManager (SCMNodeManager.java:register(397)) - Registered Data node : cf1032d2-0037-4a0c-94af-232c62b39d0f{ip: 10.1.1.14, host: fv-az83-645.uavyq1izdhte5b0ne1us2eqzhb.jx.internal.cloudapp.net, ports: [REPLICATION=33485, RATIS=45895, RATIS_ADMIN=45895, RATIS_SERVER=45895, RATIS_DATASTREAM=39787, STANDALONE=41783], networkLocation: /default-rack, certSerialId: null, persistedOpState: null, persistedOpStateExpiryEpochSec: 0}
2023-01-24 12:22:52,567 [EventQueue-NewNodeForNewNodeHandler] INFO  pipeline.BackgroundPipelineCreator (BackgroundPipelineCreator.java:notifyEventTriggered(276)) - trigger a one-shot run on RatisPipelineUtilsThread.
2023-01-24 12:22:52,568 [RatisPipelineUtilsThread - 0] INFO  pipeline.RatisPipelineProvider (RatisPipelineProvider.java:lambda$create$0(206)) - Sending CreatePipelineCommand for pipeline:PipelineID=f6a3b046-bc13-471d-9aeb-40958cfd57c9 to datanode:cf1032d2-0037-4a0c-94af-232c62b39d0f
2023-01-24 12:22:52,568 [RatisPipelineUtilsThread - 0] INFO  pipeline.PipelineStateManagerImpl (PipelineStateManagerImpl.java:addPipeline(103)) - Created pipeline Pipeline[ Id: f6a3b046-bc13-471d-9aeb-40958cfd57c9, Nodes: cf1032d2-0037-4a0c-94af-232c62b39d0f(fv-az83-645.uavyq1izdhte5b0ne1us2eqzhb.jx.internal.cloudapp.net/10.1.1.14), ReplicationConfig: RATIS/ONE, State:ALLOCATED, leaderId:, CreationTimestamp2023-01-24T12:22:52.568Z[Etc/UTC]].
2023-01-24 12:22:52,569 [RatisPipelineUtilsThread - 0] WARN  pipeline.PipelinePlacementPolicy (PipelinePlacementPolicy.java:filterViableNodes(158)) - Pipeline creation failed due to no sufficient healthy datanodes. Required 3. Found 2.
2023-01-24 12:22:52,877 [Command processor thread] INFO  server.RaftServer (RaftServerProxy.java:addNew(96)) - c6074cc5-da23-4fc2-b305-e072798acc5a: addNew group-AF998D485830:[c6074cc5-da23-4fc2-b305-e072798acc5a|rpc:10.1.1.14:38087|dataStream:10.1.1.14:46483|priority:1|startupRole:FOLLOWER] returns group-AF998D485830:java.util.concurrent.CompletableFuture@280121d6[Not completed]
2023-01-24 12:22:52,894 [pool-71-thread-1] INFO  server.RaftServer$Division (RaftServerImpl.java:<init>(195)) - c6074cc5-da23-4fc2-b305-e072798acc5a: new RaftServerImpl for group-AF998D485830:[c6074cc5-da23-4fc2-b305-e072798acc5a|rpc:10.1.1.14:38087|dataStream:10.1.1.14:46483|priority:1|startupRole:FOLLOWER] with ContainerStateMachine:uninitialized
2023-01-24 12:22:52,894 [pool-71-thread-1] INFO  server.RaftServerConfigKeys (ConfUtils.java:logGet(46)) - raft.server.rpc.timeout.min = 5s (custom)
2023-01-24 12:22:52,894 [pool-71-thread-1] INFO  server.RaftServerConfigKeys (ConfUtils.java:logGet(46)) - raft.server.rpc.timeout.max = 5200ms (custom)
2023-01-24 12:22:52,894 [pool-71-thread-1] INFO  server.RaftServerConfigKeys (ConfUtils.java:logGet(46)) - raft.server.rpc.sleep.time = 25ms (default)
2023-01-24 12:22:52,894 [pool-71-thread-1] INFO  server.RaftServerConfigKeys (ConfUtils.java:logGet(46)) - raft.server.rpc.slowness.timeout = 300s (custom)
2023-01-24 12:22:52,894 [pool-71-thread-1] INFO  server.RaftServerConfigKeys (ConfUtils.java:logGet(46)) - raft.server.leaderelection.leader.step-down.wait-time = 10s (default)
2023-01-24 12:22:52,894 [pool-71-thread-1] INFO  server.RaftServerConfigKeys (ConfUtils.java:logGet(46)) - raft.server.sleep.deviation.threshold = 300ms (default)
2023-01-24 12:22:52,899 [pool-71-thread-1] INFO  server.RaftServer$Division (ServerState.java:<init>(118)) - c6074cc5-da23-4fc2-b305-e072798acc5a@group-AF998D485830: ConfigurationManager, init=-1: peers:[c6074cc5-da23-4fc2-b305-e072798acc5a|rpc:10.1.1.14:38087|dataStream:10.1.1.14:46483|priority:1|startupRole:FOLLOWER]|listeners:[], old=null, confs=<EMPTY_MAP>
2023-01-24 12:22:52,899 [pool-71-thread-1] INFO  server.RaftServerConfigKeys (ConfUtils.java:logGet(46)) - raft.server.storage.dir = [/home/runner/work/ozone/ozone/hadoop-ozone/integration-test/target/test-dir/MiniOzoneClusterImpl-9ddee5dd-a9b0-4f84-bf8c-5f63b859aaaf/datanode-0/data/ratis] (custom)
2023-01-24 12:22:52,899 [pool-71-thread-1] INFO  server.RaftServerConfigKeys (ConfUtils.java:logGet(46)) - raft.server.log.corruption.policy = EXCEPTION (default)
2023-01-24 12:22:52,899 [pool-71-thread-1] INFO  server.RaftServerConfigKeys (ConfUtils.java:logGet(46)) - raft.server.storage.free-space.min = 0MB (=0) (default)
2023-01-24 12:22:52,899 [pool-71-thread-1] INFO  server.RaftServerConfigKeys (ConfUtils.java:logGet(46)) - raft.server.notification.no-leader.timeout = 300s (custom)
2023-01-24 12:22:52,900 [pool-71-thread-1] INFO  server.RaftServerConfigKeys (ConfUtils.java:logGet(46)) - raft.server.retrycache.expirytime = 600000ms (custom)
2023-01-24 12:22:52,900 [pool-71-thread-1] INFO  server.RaftServerConfigKeys (ConfUtils.java:logGet(46)) - raft.server.retrycache.statistics.expirytime = 100μs (default)
2023-01-24 12:22:52,901 [IPC Server handler 7 on default port 44923] INFO  net.NetworkTopologyImpl (NetworkTopologyImpl.java:add(112)) - Added a new node: /default-rack/f9d7edb3-f6c7-431a-8d5c-722e1f28718f
2023-01-24 12:22:52,901 [IPC Server handler 7 on default port 44923] INFO  node.SCMNodeManager (SCMNodeManager.java:register(397)) - Registered Data node : f9d7edb3-f6c7-431a-8d5c-722e1f28718f{ip: 10.1.1.14, host: fv-az83-645.uavyq1izdhte5b0ne1us2eqzhb.jx.internal.cloudapp.net, ports: [REPLICATION=39607, RATIS=43465, RATIS_ADMIN=43465, RATIS_SERVER=43465, RATIS_DATASTREAM=46043, STANDALONE=39241], networkLocation: /default-rack, certSerialId: null, persistedOpState: null, persistedOpStateExpiryEpochSec: 0}
2023-01-24 12:22:52,902 [EventQueue-NewNodeForNewNodeHandler] INFO  pipeline.BackgroundPipelineCreator (BackgroundPipelineCreator.java:notifyEventTriggered(276)) - trigger a one-shot run on RatisPipelineUtilsThread.
2023-01-24 12:22:52,902 [RatisPipelineUtilsThread - 0] INFO  pipeline.RatisPipelineProvider (RatisPipelineProvider.java:lambda$create$0(206)) - Sending CreatePipelineCommand for pipeline:PipelineID=ae994922-4bf4-49bf-b7bd-8fe3e29f9302 to datanode:f9d7edb3-f6c7-431a-8d5c-722e1f28718f
2023-01-24 12:22:52,903 [RatisPipelineUtilsThread - 0] INFO  pipeline.PipelineStateManagerImpl (PipelineStateManagerImpl.java:addPipeline(103)) - Created pipeline Pipeline[ Id: ae994922-4bf4-49bf-b7bd-8fe3e29f9302, Nodes: f9d7edb3-f6c7-431a-8d5c-722e1f28718f(fv-az83-645.uavyq1izdhte5b0ne1us2eqzhb.jx.internal.cloudapp.net/10.1.1.14), ReplicationConfig: RATIS/ONE, State:ALLOCATED, leaderId:, CreationTimestamp2023-01-24T12:22:52.902Z[Etc/UTC]].
2023-01-24 12:22:52,904 [RatisPipelineUtilsThread - 0] INFO  pipeline.RatisPipelineProvider (RatisPipelineProvider.java:lambda$create$0(206)) - Sending CreatePipelineCommand for pipeline:PipelineID=653c8973-c5e2-4e13-bfbb-67431dbc43d0 to datanode:fb483a44-74cc-4237-a554-a68f3575ba39
2023-01-24 12:22:52,904 [RatisPipelineUtilsThread - 0] INFO  pipeline.RatisPipelineProvider (RatisPipelineProvider.java:lambda$create$0(206)) - Sending CreatePipelineCommand for pipeline:PipelineID=653c8973-c5e2-4e13-bfbb-67431dbc43d0 to datanode:cf1032d2-0037-4a0c-94af-232c62b39d0f
2023-01-24 12:22:52,904 [RatisPipelineUtilsThread - 0] INFO  pipeline.RatisPipelineProvider (RatisPipelineProvider.java:lambda$create$0(206)) - Sending CreatePipelineCommand for pipeline:PipelineID=653c8973-c5e2-4e13-bfbb-67431dbc43d0 to datanode:f9d7edb3-f6c7-431a-8d5c-722e1f28718f
2023-01-24 12:22:52,904 [RatisPipelineUtilsThread - 0] INFO  pipeline.PipelineStateManagerImpl (PipelineStateManagerImpl.java:addPipeline(103)) - Created pipeline Pipeline[ Id: 653c8973-c5e2-4e13-bfbb-67431dbc43d0, Nodes: fb483a44-74cc-4237-a554-a68f3575ba39(fv-az83-645.uavyq1izdhte5b0ne1us2eqzhb.jx.internal.cloudapp.net/10.1.1.14)cf1032d2-0037-4a0c-94af-232c62b39d0f(fv-az83-645.uavyq1izdhte5b0ne1us2eqzhb.jx.internal.cloudapp.net/10.1.1.14)f9d7edb3-f6c7-431a-8d5c-722e1f28718f(fv-az83-645.uavyq1izdhte5b0ne1us2eqzhb.jx.internal.cloudapp.net/10.1.1.14), ReplicationConfig: RATIS/THREE, State:ALLOCATED, leaderId:, CreationTimestamp2023-01-24T12:22:52.904Z[Etc/UTC]].
2023-01-24 12:22:52,905 [RatisPipelineUtilsThread - 0] INFO  pipeline.RatisPipelineProvider (RatisPipelineProvider.java:lambda$create$0(206)) - Sending CreatePipelineCommand for pipeline:PipelineID=59eac693-4c1f-4474-b9b2-062a915ea520 to datanode:fb483a44-74cc-4237-a554-a68f3575ba39
2023-01-24 12:22:52,905 [RatisPipelineUtilsThread - 0] INFO  pipeline.RatisPipelineProvider (RatisPipelineProvider.java:lambda$create$0(206)) - Sending CreatePipelineCommand for pipeline:PipelineID=59eac693-4c1f-4474-b9b2-062a915ea520 to datanode:f9d7edb3-f6c7-431a-8d5c-722e1f28718f
2023-01-24 12:22:52,905 [RatisPipelineUtilsThread - 0] INFO  pipeline.RatisPipelineProvider (RatisPipelineProvider.java:lambda$create$0(206)) - Sending CreatePipelineCommand for pipeline:PipelineID=59eac693-4c1f-4474-b9b2-062a915ea520 to datanode:cf1032d2-0037-4a0c-94af-232c62b39d0f
2023-01-24 12:22:52,906 [RatisPipelineUtilsThread - 0] INFO  pipeline.PipelineStateManagerImpl (PipelineStateManagerImpl.java:addPipeline(103)) - Created pipeline Pipeline[ Id: 59eac693-4c1f-4474-b9b2-062a915ea520, Nodes: fb483a44-74cc-4237-a554-a68f3575ba39(fv-az83-645.uavyq1izdhte5b0ne1us2eqzhb.jx.internal.cloudapp.net/10.1.1.14)f9d7edb3-f6c7-431a-8d5c-722e1f28718f(fv-az83-645.uavyq1izdhte5b0ne1us2eqzhb.jx.internal.cloudapp.net/10.1.1.14)cf1032d2-0037-4a0c-94af-232c62b39d0f(fv-az83-645.uavyq1izdhte5b0ne1us2eqzhb.jx.internal.cloudapp.net/10.1.1.14), ReplicationConfig: RATIS/THREE, State:ALLOCATED, leaderId:, CreationTimestamp2023-01-24T12:22:52.905Z[Etc/UTC]].
2023-01-24 12:22:52,908 [RatisPipelineUtilsThread - 0] INFO  pipeline.PipelineManagerImpl (PipelineManagerImpl.java:recordMetricsForPipeline(826)) - Pipeline: PipelineID=59eac693-4c1f-4474-b9b2-062a915ea520 contains same datanodes as previous pipelines: PipelineID=653c8973-c5e2-4e13-bfbb-67431dbc43d0 nodeIds: fb483a44-74cc-4237-a554-a68f3575ba39, f9d7edb3-f6c7-431a-8d5c-722e1f28718f, cf1032d2-0037-4a0c-94af-232c62b39d0f
2023-01-24 12:22:52,910 [RatisPipelineUtilsThread - 0] WARN  pipeline.PipelinePlacementPolicy (PipelinePlacementPolicy.java:filterViableNodes(158)) - Pipeline creation failed due to no sufficient healthy datanodes. Required 3. Found 0.
2023-01-24 12:22:52,914 [pool-71-thread-1] INFO  server.RaftServerConfigKeys (ConfUtils.java:logGet(46)) - raft.server.log.appender.install.snapshot.enabled = false (custom)
2023-01-24 12:22:52,915 [pool-71-thread-1] INFO  server.RaftServerConfigKeys (ConfUtils.java:logGet(46)) - raft.server.threadpool.server.cached = true (default)
2023-01-24 12:22:52,915 [pool-71-thread-1] INFO  server.RaftServerConfigKeys (ConfUtils.java:logGet(46)) - raft.server.threadpool.server.size = 0 (default)
2023-01-24 12:22:52,915 [pool-71-thread-1] INFO  server.RaftServerConfigKeys (ConfUtils.java:logGet(46)) - raft.server.threadpool.client.cached = true (default)
2023-01-24 12:22:52,915 [pool-71-thread-1] INFO  server.RaftServerConfigKeys (ConfUtils.java:logGet(46)) - raft.server.threadpool.client.size = 0 (default)
2023-01-24 12:22:52,915 [pool-71-thread-1] INFO  storage.RaftStorageDirectory (RaftStorageDirectoryImpl.java:analyzeStorage(137)) - The storage directory /home/runner/work/ozone/ozone/hadoop-ozone/integration-test/target/test-dir/MiniOzoneClusterImpl-9ddee5dd-a9b0-4f84-bf8c-5f63b859aaaf/datanode-0/data/ratis/6ba87368-2269-4ceb-802e-af998d485830 does not exist. Creating ...
2023-01-24 12:22:52,918 [pool-71-thread-1] INFO  storage.RaftStorageDirectory (RaftStorageDirectoryImpl.java:tryLock(231)) - Lock on /home/runner/work/ozone/ozone/hadoop-ozone/integration-test/target/test-dir/MiniOzoneClusterImpl-9ddee5dd-a9b0-4f84-bf8c-5f63b859aaaf/datanode-0/data/ratis/6ba87368-2269-4ceb-802e-af998d485830/in_use.lock acquired by nodename 59439@fv-az83-645
2023-01-24 12:22:52,920 [pool-71-thread-1] INFO  storage.RaftStorage (RaftStorageImpl.java:format(96)) - Storage directory /home/runner/work/ozone/ozone/hadoop-ozone/integration-test/target/test-dir/MiniOzoneClusterImpl-9ddee5dd-a9b0-4f84-bf8c-5f63b859aaaf/datanode-0/data/ratis/6ba87368-2269-4ceb-802e-af998d485830 has been successfully formatted.
2023-01-24 12:22:52,927 [pool-71-thread-1] INFO  ratis.ContainerStateMachine (ContainerStateMachine.java:loadSnapshot(240)) - group-AF998D485830: The snapshot info is null. Setting the last applied indexto:(t:0, i:~)
2023-01-24 12:22:52,927 [pool-71-thread-1] INFO  server.RaftServerConfigKeys (ConfUtils.java:logGet(46)) - raft.server.log.use.memory = false (default)
2023-01-24 12:22:52,927 [pool-71-thread-1] INFO  server.RaftServerConfigKeys (ConfUtils.java:logGet(46)) - raft.server.log.purge.gap = 1000000 (custom)
2023-01-24 12:22:52,927 [pool-71-thread-1] INFO  server.RaftServerConfigKeys (ConfUtils.java:logGet(46)) - raft.server.log.appender.buffer.byte-limit = 33554432 (custom)
2023-01-24 12:22:52,927 [pool-71-thread-1] INFO  server.RaftServerConfigKeys (ConfUtils.java:logGet(46)) - raft.server.log.statemachine.data.read.timeout = 1000ms (default)
2023-01-24 12:22:52,927 [pool-71-thread-1] INFO  server.RaftServerConfigKeys (ConfUtils.java:logGet(46)) - raft.server.log.purge.preservation.log.num = 0 (default)
2023-01-24 12:22:52,928 [pool-71-thread-1] INFO  server.RaftServerConfigKeys (ConfUtils.java:logGet(46)) - raft.server.log.segment.size.max = 1048576 (custom)
2023-01-24 12:22:52,929 [EventQueue-PipelineReportForPipelineReportHandler] INFO  pipeline.PipelineManagerImpl (PipelineManagerImpl.java:openPipeline(367)) - Pipeline Pipeline[ Id: 6ba87368-2269-4ceb-802e-af998d485830, Nodes: c6074cc5-da23-4fc2-b305-e072798acc5a(fv-az83-645.uavyq1izdhte5b0ne1us2eqzhb.jx.internal.cloudapp.net/10.1.1.14), ReplicationConfig: RATIS/ONE, State:ALLOCATED, leaderId:c6074cc5-da23-4fc2-b305-e072798acc5a, CreationTimestamp2023-01-24T12:22:49.850Z[Etc/UTC]] moved to OPEN state
2023-01-24 12:22:52,931 [pool-71-thread-1] INFO  server.RaftServerConfigKeys (ConfUtils.java:logGet(46)) - raft.server.log.segment.cache.num.max = 2 (custom)
2023-01-24 12:22:52,932 [pool-71-thread-1] INFO  server.RaftServerConfigKeys (ConfUtils.java:logGet(46)) - raft.server.log.segment.cache.size.max = 200MB (=209715200) (default)
2023-01-24 12:22:52,932 [pool-71-thread-1] INFO  segmented.SegmentedRaftLogWorker (SegmentedRaftLogWorker.java:<init>(189)) - new c6074cc5-da23-4fc2-b305-e072798acc5a@group-AF998D485830-SegmentedRaftLogWorker for RaftStorageImpl:Storage Directory /home/runner/work/ozone/ozone/hadoop-ozone/integration-test/target/test-dir/MiniOzoneClusterImpl-9ddee5dd-a9b0-4f84-bf8c-5f63b859aaaf/datanode-0/data/ratis/6ba87368-2269-4ceb-802e-af998d485830
2023-01-24 12:22:52,932 [pool-71-thread-1] INFO  server.RaftServerConfigKeys (ConfUtils.java:logGet(46)) - raft.server.log.queue.byte-limit = 4294967296 (custom)
2023-01-24 12:22:52,932 [pool-71-thread-1] INFO  server.RaftServerConfigKeys (ConfUtils.java:logGet(46)) - raft.server.log.queue.element-limit = 1024 (custom)
2023-01-24 12:22:52,932 [pool-71-thread-1] INFO  server.RaftServerConfigKeys (ConfUtils.java:logGet(46)) - raft.server.log.segment.size.max = 1048576 (custom)
2023-01-24 12:22:52,932 [pool-71-thread-1] INFO  server.RaftServerConfigKeys (ConfUtils.java:logGet(46)) - raft.server.log.preallocated.size = 16384 (custom)
2023-01-24 12:22:52,932 [pool-71-thread-1] INFO  server.RaftServerConfigKeys (ConfUtils.java:logGet(46)) - raft.server.log.force.sync.num = 128 (default)
2023-01-24 12:22:52,932 [pool-71-thread-1] INFO  server.RaftServerConfigKeys (ConfUtils.java:logGet(46)) - raft.server.log.statemachine.data.sync = true (default)
2023-01-24 12:22:52,932 [pool-71-thread-1] INFO  server.RaftServerConfigKeys (ConfUtils.java:logGet(46)) - raft.server.log.statemachine.data.sync.timeout = 10s (default)
2023-01-24 12:22:52,932 [pool-71-thread-1] INFO  server.RaftServerConfigKeys (ConfUtils.java:logGet(46)) - raft.server.log.statemachine.data.sync.timeout.retry = -1 (default)
2023-01-24 12:22:52,934 [pool-71-thread-1] INFO  server.RaftServerConfigKeys (ConfUtils.java:logGet(46)) - raft.server.log.write.buffer.size = 1048576 (custom)
2023-01-24 12:22:52,934 [pool-71-thread-1] INFO  server.RaftServerConfigKeys (ConfUtils.java:logGet(46)) - raft.server.log.appender.buffer.byte-limit = 33554432 (custom)
2023-01-24 12:22:52,937 [pool-71-thread-1] INFO  server.RaftServerConfigKeys (ConfUtils.java:logGet(46)) - raft.server.log.unsafe-flush.enabled = false (default)
2023-01-24 12:22:52,937 [pool-71-thread-1] INFO  server.RaftServerConfigKeys (ConfUtils.java:logGet(46)) - raft.server.log.async-flush.enabled = false (default)
2023-01-24 12:22:52,937 [pool-71-thread-1] INFO  server.RaftServerConfigKeys (ConfUtils.java:logGet(46)) - raft.server.log.statemachine.data.caching.enabled = true (custom)
2023-01-24 12:22:52,937 [pool-71-thread-1] INFO  segmented.SegmentedRaftLogWorker (SegmentedRaftLogWorker.java:lambda$new$0(135)) - c6074cc5-da23-4fc2-b305-e072798acc5a@group-AF998D485830-SegmentedRaftLogWorker: flushIndex: setUnconditionally 0 -> -1
2023-01-24 12:22:52,937 [pool-71-thread-1] INFO  segmented.SegmentedRaftLogWorker (SegmentedRaftLogWorker.java:lambda$new$0(135)) - c6074cc5-da23-4fc2-b305-e072798acc5a@group-AF998D485830-SegmentedRaftLogWorker: safeCacheEvictIndex: setUnconditionally 0 -> -1
2023-01-24 12:22:52,937 [pool-71-thread-1] INFO  server.RaftServer$Division (RaftServerImpl.java:start(334)) - c6074cc5-da23-4fc2-b305-e072798acc5a@group-AF998D485830: start as a follower, conf=-1: peers:[c6074cc5-da23-4fc2-b305-e072798acc5a|rpc:10.1.1.14:38087|dataStream:10.1.1.14:46483|priority:1|startupRole:FOLLOWER]|listeners:[], old=null
2023-01-24 12:22:52,937 [pool-71-thread-1] INFO  server.RaftServer$Division (RaftServerImpl.java:setRole(321)) - c6074cc5-da23-4fc2-b305-e072798acc5a@group-AF998D485830: changes role from      null to FOLLOWER at term 0 for startAsFollower
2023-01-24 12:22:52,937 [pool-71-thread-1] INFO  impl.RoleInfo (RoleInfo.java:updateAndGet(139)) - c6074cc5-da23-4fc2-b305-e072798acc5a: start c6074cc5-da23-4fc2-b305-e072798acc5a@group-AF998D485830-FollowerState
2023-01-24 12:22:52,938 [pool-71-thread-1] INFO  util.JmxRegister (JmxRegister.java:tryRegister(44)) - Successfully registered JMX Bean with object name Ratis:service=RaftServer,group=group-AF998D485830,id=c6074cc5-da23-4fc2-b305-e072798acc5a
2023-01-24 12:22:52,938 [pool-71-thread-1] INFO  server.RaftServerConfigKeys (ConfUtils.java:logGet(46)) - raft.server.snapshot.auto.trigger.enabled = true (custom)
2023-01-24 12:22:52,938 [pool-71-thread-1] INFO  server.RaftServerConfigKeys (ConfUtils.java:logGet(46)) - raft.server.snapshot.auto.trigger.threshold = 10000 (custom)
2023-01-24 12:22:52,938 [pool-71-thread-1] INFO  server.RaftServerConfigKeys (ConfUtils.java:logGet(46)) - raft.server.snapshot.retention.file.num = 5 (custom)
2023-01-24 12:22:52,938 [pool-71-thread-1] INFO  server.RaftServerConfigKeys (ConfUtils.java:logGet(46)) - raft.server.log.purge.upto.snapshot.index = false (default)
2023-01-24 12:22:52,939 [c6074cc5-da23-4fc2-b305-e072798acc5a@group-AF998D485830-FollowerState] INFO  server.RaftServerConfigKeys (ConfUtils.java:logFallback(53)) - raft.server.rpc.first-election.timeout.min = 5s (fallback to raft.server.rpc.timeout.min)
2023-01-24 12:22:52,939 [c6074cc5-da23-4fc2-b305-e072798acc5a@group-AF998D485830-FollowerState] INFO  server.RaftServerConfigKeys (ConfUtils.java:logFallback(53)) - raft.server.rpc.first-election.timeout.max = 5200ms (fallback to raft.server.rpc.timeout.max)
2023-01-24 12:22:52,943 [EventQueue-OpenPipelineForHealthyPipelineSafeModeRule] INFO  safemode.SCMSafeModeManager (HealthyPipelineSafeModeRule.java:process(137)) - SCM in safe mode. Healthy pipelines reported count is 0, required healthy pipeline reported count is 1
2023-01-24 12:22:52,950 [Command processor thread] INFO  ratis.XceiverServerRatis (XceiverServerRatis.java:addGroup(806)) - Created group PipelineID=6ba87368-2269-4ceb-802e-af998d485830
2023-01-24 12:22:52,950 [Command processor thread] INFO  commandhandler.CreatePipelineCommandHandler (CreatePipelineCommandHandler.java:handle(113)) - Created Pipeline RATIS ONE PipelineID=6ba87368-2269-4ceb-802e-af998d485830.
2023-01-24 12:22:52,950 [Command processor thread] INFO  server.RaftServer (RaftServerProxy.java:addNew(96)) - c6074cc5-da23-4fc2-b305-e072798acc5a: addNew group-34335D786654:[c6074cc5-da23-4fc2-b305-e072798acc5a|rpc:10.1.1.14:38087|dataStream:10.1.1.14:46483|priority:0|startupRole:FOLLOWER, 93701946-f5e3-4943-a932-e133db5deae9|rpc:10.1.1.14:32935|dataStream:10.1.1.14:45565|priority:1|startupRole:FOLLOWER, 7141d06d-71d8-4a56-9b5d-23c6772b1ac6|rpc:10.1.1.14:37745|dataStream:10.1.1.14:35891|priority:0|startupRole:FOLLOWER] returns group-34335D786654:java.util.concurrent.CompletableFuture@750f1702[Not completed]
2023-01-24 12:22:52,952 [pool-71-thread-1] INFO  server.RaftServer$Division (RaftServerImpl.java:<init>(195)) - c6074cc5-da23-4fc2-b305-e072798acc5a: new RaftServerImpl for group-34335D786654:[c6074cc5-da23-4fc2-b305-e072798acc5a|rpc:10.1.1.14:38087|dataStream:10.1.1.14:46483|priority:0|startupRole:FOLLOWER, 93701946-f5e3-4943-a932-e133db5deae9|rpc:10.1.1.14:32935|dataStream:10.1.1.14:45565|priority:1|startupRole:FOLLOWER, 7141d06d-71d8-4a56-9b5d-23c6772b1ac6|rpc:10.1.1.14:37745|dataStream:10.1.1.14:35891|priority:0|startupRole:FOLLOWER] with ContainerStateMachine:uninitialized
2023-01-24 12:22:52,952 [pool-71-thread-1] INFO  server.RaftServerConfigKeys (ConfUtils.java:logGet(46)) - raft.server.rpc.timeout.min = 5s (custom)
2023-01-24 12:22:52,953 [pool-71-thread-1] INFO  server.RaftServerConfigKeys (ConfUtils.java:logGet(46)) - raft.server.rpc.timeout.max = 5200ms (custom)
2023-01-24 12:22:52,953 [pool-71-thread-1] INFO  server.RaftServerConfigKeys (ConfUtils.java:logGet(46)) - raft.server.rpc.sleep.time = 25ms (default)
2023-01-24 12:22:52,953 [pool-71-thread-1] INFO  server.RaftServerConfigKeys (ConfUtils.java:logGet(46)) - raft.server.rpc.slowness.timeout = 300s (custom)
2023-01-24 12:22:52,953 [pool-71-thread-1] INFO  server.RaftServerConfigKeys (ConfUtils.java:logGet(46)) - raft.server.leaderelection.leader.step-down.wait-time = 10s (default)
2023-01-24 12:22:52,953 [pool-71-thread-1] INFO  server.RaftServerConfigKeys (ConfUtils.java:logGet(46)) - raft.server.sleep.deviation.threshold = 300ms (default)
2023-01-24 12:22:52,953 [pool-71-thread-1] INFO  server.RaftServer$Division (ServerState.java:<init>(118)) - c6074cc5-da23-4fc2-b305-e072798acc5a@group-34335D786654: ConfigurationManager, init=-1: peers:[c6074cc5-da23-4fc2-b305-e072798acc5a|rpc:10.1.1.14:38087|dataStream:10.1.1.14:46483|priority:0|startupRole:FOLLOWER, 93701946-f5e3-4943-a932-e133db5deae9|rpc:10.1.1.14:32935|dataStream:10.1.1.14:45565|priority:1|startupRole:FOLLOWER, 7141d06d-71d8-4a56-9b5d-23c6772b1ac6|rpc:10.1.1.14:37745|dataStream:10.1.1.14:35891|priority:0|startupRole:FOLLOWER]|listeners:[], old=null, confs=<EMPTY_MAP>
2023-01-24 12:22:52,953 [pool-71-thread-1] INFO  server.RaftServerConfigKeys (ConfUtils.java:logGet(46)) - raft.server.storage.dir = [/home/runner/work/ozone/ozone/hadoop-ozone/integration-test/target/test-dir/MiniOzoneClusterImpl-9ddee5dd-a9b0-4f84-bf8c-5f63b859aaaf/datanode-0/data/ratis] (custom)
2023-01-24 12:22:52,953 [pool-71-thread-1] INFO  server.RaftServerConfigKeys (ConfUtils.java:logGet(46)) - raft.server.log.corruption.policy = EXCEPTION (default)
2023-01-24 12:22:52,953 [pool-71-thread-1] INFO  server.RaftServerConfigKeys (ConfUtils.java:logGet(46)) - raft.server.storage.free-space.min = 0MB (=0) (default)
2023-01-24 12:22:52,953 [pool-71-thread-1] INFO  server.RaftServerConfigKeys (ConfUtils.java:logGet(46)) - raft.server.notification.no-leader.timeout = 300s (custom)
2023-01-24 12:22:52,953 [pool-71-thread-1] INFO  server.RaftServerConfigKeys (ConfUtils.java:logGet(46)) - raft.server.retrycache.expirytime = 600000ms (custom)
2023-01-24 12:22:52,953 [pool-71-thread-1] INFO  server.RaftServerConfigKeys (ConfUtils.java:logGet(46)) - raft.server.retrycache.statistics.expirytime = 100μs (default)
2023-01-24 12:22:52,959 [pool-71-thread-1] INFO  server.RaftServerConfigKeys (ConfUtils.java:logGet(46)) - raft.server.log.appender.install.snapshot.enabled = false (custom)
2023-01-24 12:22:52,959 [pool-71-thread-1] INFO  server.RaftServerConfigKeys (ConfUtils.java:logGet(46)) - raft.server.threadpool.server.cached = true (default)
2023-01-24 12:22:52,959 [pool-71-thread-1] INFO  server.RaftServerConfigKeys (ConfUtils.java:logGet(46)) - raft.server.threadpool.server.size = 0 (default)
2023-01-24 12:22:52,959 [pool-71-thread-1] INFO  server.RaftServerConfigKeys (ConfUtils.java:logGet(46)) - raft.server.threadpool.client.cached = true (default)
2023-01-24 12:22:52,959 [pool-71-thread-1] INFO  server.RaftServerConfigKeys (ConfUtils.java:logGet(46)) - raft.server.threadpool.client.size = 0 (default)
2023-01-24 12:22:52,959 [pool-71-thread-1] INFO  storage.RaftStorageDirectory (RaftStorageDirectoryImpl.java:analyzeStorage(137)) - The storage directory /home/runner/work/ozone/ozone/hadoop-ozone/integration-test/target/test-dir/MiniOzoneClusterImpl-9ddee5dd-a9b0-4f84-bf8c-5f63b859aaaf/datanode-0/data/ratis/6c0a0579-a25a-4b3b-a2c7-34335d786654 does not exist. Creating ...
2023-01-24 12:22:52,961 [pool-71-thread-1] INFO  storage.RaftStorageDirectory (RaftStorageDirectoryImpl.java:tryLock(231)) - Lock on /home/runner/work/ozone/ozone/hadoop-ozone/integration-test/target/test-dir/MiniOzoneClusterImpl-9ddee5dd-a9b0-4f84-bf8c-5f63b859aaaf/datanode-0/data/ratis/6c0a0579-a25a-4b3b-a2c7-34335d786654/in_use.lock acquired by nodename 59439@fv-az83-645
2023-01-24 12:22:52,962 [pool-71-thread-1] INFO  storage.RaftStorage (RaftStorageImpl.java:format(96)) - Storage directory /home/runner/work/ozone/ozone/hadoop-ozone/integration-test/target/test-dir/MiniOzoneClusterImpl-9ddee5dd-a9b0-4f84-bf8c-5f63b859aaaf/datanode-0/data/ratis/6c0a0579-a25a-4b3b-a2c7-34335d786654 has been successfully formatted.
2023-01-24 12:22:52,962 [pool-71-thread-1] INFO  ratis.ContainerStateMachine (ContainerStateMachine.java:loadSnapshot(240)) - group-34335D786654: The snapshot info is null. Setting the last applied indexto:(t:0, i:~)
2023-01-24 12:22:52,962 [pool-71-thread-1] INFO  server.RaftServerConfigKeys (ConfUtils.java:logGet(46)) - raft.server.log.use.memory = false (default)
2023-01-24 12:22:52,962 [pool-71-thread-1] INFO  server.RaftServerConfigKeys (ConfUtils.java:logGet(46)) - raft.server.log.purge.gap = 1000000 (custom)
2023-01-24 12:22:52,964 [pool-71-thread-1] INFO  server.RaftServerConfigKeys (ConfUtils.java:logGet(46)) - raft.server.log.appender.buffer.byte-limit = 33554432 (custom)
2023-01-24 12:22:52,964 [pool-71-thread-1] INFO  server.RaftServerConfigKeys (ConfUtils.java:logGet(46)) - raft.server.log.statemachine.data.read.timeout = 1000ms (default)
2023-01-24 12:22:52,964 [pool-71-thread-1] INFO  server.RaftServerConfigKeys (ConfUtils.java:logGet(46)) - raft.server.log.purge.preservation.log.num = 0 (default)
2023-01-24 12:22:52,964 [pool-71-thread-1] INFO  server.RaftServerConfigKeys (ConfUtils.java:logGet(46)) - raft.server.log.segment.size.max = 1048576 (custom)
2023-01-24 12:22:52,964 [EventQueue-OpenPipelineForHealthyPipelineSafeModeRule] INFO  safemode.SCMSafeModeManager (HealthyPipelineSafeModeRule.java:process(137)) - SCM in safe mode. Healthy pipelines reported count is 0, required healthy pipeline reported count is 1
2023-01-24 12:22:52,965 [pool-71-thread-1] INFO  server.RaftServerConfigKeys (ConfUtils.java:logGet(46)) - raft.server.log.segment.cache.num.max = 2 (custom)
2023-01-24 12:22:52,965 [pool-71-thread-1] INFO  server.RaftServerConfigKeys (ConfUtils.java:logGet(46)) - raft.server.log.segment.cache.size.max = 200MB (=209715200) (default)
2023-01-24 12:22:52,965 [pool-71-thread-1] INFO  segmented.SegmentedRaftLogWorker (SegmentedRaftLogWorker.java:<init>(189)) - new c6074cc5-da23-4fc2-b305-e072798acc5a@group-34335D786654-SegmentedRaftLogWorker for RaftStorageImpl:Storage Directory /home/runner/work/ozone/ozone/hadoop-ozone/integration-test/target/test-dir/MiniOzoneClusterImpl-9ddee5dd-a9b0-4f84-bf8c-5f63b859aaaf/datanode-0/data/ratis/6c0a0579-a25a-4b3b-a2c7-34335d786654
2023-01-24 12:22:52,966 [pool-71-thread-1] INFO  server.RaftServerConfigKeys (ConfUtils.java:logGet(46)) - raft.server.log.queue.byte-limit = 4294967296 (custom)
2023-01-24 12:22:52,966 [pool-71-thread-1] INFO  server.RaftServerConfigKeys (ConfUtils.java:logGet(46)) - raft.server.log.queue.element-limit = 1024 (custom)
2023-01-24 12:22:52,966 [pool-71-thread-1] INFO  server.RaftServerConfigKeys (ConfUtils.java:logGet(46)) - raft.server.log.segment.size.max = 1048576 (custom)
2023-01-24 12:22:52,966 [pool-71-thread-1] INFO  server.RaftServerConfigKeys (ConfUtils.java:logGet(46)) - raft.server.log.preallocated.size = 16384 (custom)
2023-01-24 12:22:52,966 [pool-71-thread-1] INFO  server.RaftServerConfigKeys (ConfUtils.java:logGet(46)) - raft.server.log.force.sync.num = 128 (default)
2023-01-24 12:22:52,966 [pool-71-thread-1] INFO  server.RaftServerConfigKeys (ConfUtils.java:logGet(46)) - raft.server.log.statemachine.data.sync = true (default)
2023-01-24 12:22:52,966 [pool-71-thread-1] INFO  server.RaftServerConfigKeys (ConfUtils.java:logGet(46)) - raft.server.log.statemachine.data.sync.timeout = 10s (default)
2023-01-24 12:22:52,966 [pool-71-thread-1] INFO  server.RaftServerConfigKeys (ConfUtils.java:logGet(46)) - raft.server.log.statemachine.data.sync.timeout.retry = -1 (default)
2023-01-24 12:22:52,972 [pool-71-thread-1] INFO  server.RaftServerConfigKeys (ConfUtils.java:logGet(46)) - raft.server.log.write.buffer.size = 1048576 (custom)
2023-01-24 12:22:52,972 [pool-71-thread-1] INFO  server.RaftServerConfigKeys (ConfUtils.java:logGet(46)) - raft.server.log.appender.buffer.byte-limit = 33554432 (custom)
2023-01-24 12:22:52,976 [pool-71-thread-1] INFO  server.RaftServerConfigKeys (ConfUtils.java:logGet(46)) - raft.server.log.unsafe-flush.enabled = false (default)
2023-01-24 12:22:52,976 [pool-71-thread-1] INFO  server.RaftServerConfigKeys (ConfUtils.java:logGet(46)) - raft.server.log.async-flush.enabled = false (default)
2023-01-24 12:22:52,976 [pool-71-thread-1] INFO  server.RaftServerConfigKeys (ConfUtils.java:logGet(46)) - raft.server.log.statemachine.data.caching.enabled = true (custom)
2023-01-24 12:22:52,976 [pool-71-thread-1] INFO  segmented.SegmentedRaftLogWorker (SegmentedRaftLogWorker.java:lambda$new$0(135)) - c6074cc5-da23-4fc2-b305-e072798acc5a@group-34335D786654-SegmentedRaftLogWorker: flushIndex: setUnconditionally 0 -> -1
2023-01-24 12:22:52,976 [pool-71-thread-1] INFO  segmented.SegmentedRaftLogWorker (SegmentedRaftLogWorker.java:lambda$new$0(135)) - c6074cc5-da23-4fc2-b305-e072798acc5a@group-34335D786654-SegmentedRaftLogWorker: safeCacheEvictIndex: setUnconditionally 0 -> -1
2023-01-24 12:22:52,977 [pool-71-thread-1] INFO  server.RaftServer$Division (RaftServerImpl.java:start(334)) - c6074cc5-da23-4fc2-b305-e072798acc5a@group-34335D786654: start as a follower, conf=-1: peers:[c6074cc5-da23-4fc2-b305-e072798acc5a|rpc:10.1.1.14:38087|dataStream:10.1.1.14:46483|priority:0|startupRole:FOLLOWER, 93701946-f5e3-4943-a932-e133db5deae9|rpc:10.1.1.14:32935|dataStream:10.1.1.14:45565|priority:1|startupRole:FOLLOWER, 7141d06d-71d8-4a56-9b5d-23c6772b1ac6|rpc:10.1.1.14:37745|dataStream:10.1.1.14:35891|priority:0|startupRole:FOLLOWER]|listeners:[], old=null
2023-01-24 12:22:52,977 [pool-71-thread-1] INFO  server.RaftServer$Division (RaftServerImpl.java:setRole(321)) - c6074cc5-da23-4fc2-b305-e072798acc5a@group-34335D786654: changes role from      null to FOLLOWER at term 0 for startAsFollower
2023-01-24 12:22:52,977 [pool-71-thread-1] INFO  impl.RoleInfo (RoleInfo.java:updateAndGet(139)) - c6074cc5-da23-4fc2-b305-e072798acc5a: start c6074cc5-da23-4fc2-b305-e072798acc5a@group-34335D786654-FollowerState
2023-01-24 12:22:52,978 [pool-71-thread-1] INFO  util.JmxRegister (JmxRegister.java:tryRegister(44)) - Successfully registered JMX Bean with object name Ratis:service=RaftServer,group=group-34335D786654,id=c6074cc5-da23-4fc2-b305-e072798acc5a
2023-01-24 12:22:52,978 [c6074cc5-da23-4fc2-b305-e072798acc5a@group-34335D786654-FollowerState] INFO  server.RaftServerConfigKeys (ConfUtils.java:logFallback(53)) - raft.server.rpc.first-election.timeout.min = 5s (fallback to raft.server.rpc.timeout.min)
2023-01-24 12:22:52,978 [pool-71-thread-1] INFO  server.RaftServerConfigKeys (ConfUtils.java:logGet(46)) - raft.server.snapshot.auto.trigger.enabled = true (custom)
2023-01-24 12:22:52,979 [c6074cc5-da23-4fc2-b305-e072798acc5a@group-34335D786654-FollowerState] INFO  server.RaftServerConfigKeys (ConfUtils.java:logFallback(53)) - raft.server.rpc.first-election.timeout.max = 5200ms (fallback to raft.server.rpc.timeout.max)
2023-01-24 12:22:52,979 [pool-71-thread-1] INFO  server.RaftServerConfigKeys (ConfUtils.java:logGet(46)) - raft.server.snapshot.auto.trigger.threshold = 10000 (custom)
2023-01-24 12:22:52,979 [pool-71-thread-1] INFO  server.RaftServerConfigKeys (ConfUtils.java:logGet(46)) - raft.server.snapshot.retention.file.num = 5 (custom)
2023-01-24 12:22:52,979 [pool-71-thread-1] INFO  server.RaftServerConfigKeys (ConfUtils.java:logGet(46)) - raft.server.log.purge.upto.snapshot.index = false (default)
2023-01-24 12:22:52,980 [Command processor thread] INFO  ratis.XceiverServerRatis (XceiverServerRatis.java:addGroup(806)) - Created group PipelineID=6c0a0579-a25a-4b3b-a2c7-34335d786654
2023-01-24 12:22:53,233 [Listener at 127.0.0.1/46625] INFO  ozone.MiniOzoneClusterImpl (MiniOzoneClusterImpl.java:lambda$waitForClusterToBeReady$0(218)) - Waiting for nodes to be ready. Got 9 of 10 DN Heartbeats.
2023-01-24 12:22:53,233 [Listener at 127.0.0.1/46625] INFO  ozone.MiniOzoneClusterImpl (MiniOzoneClusterImpl.java:lambda$waitForClusterToBeReady$0(221)) - Waiting for cluster to exit safe mode
2023-01-24 12:22:53,233 [Listener at 127.0.0.1/46625] INFO  ozone.MiniOzoneClusterImpl (MiniOzoneClusterImpl.java:lambda$waitForClusterToBeReady$0(223)) - SCM became leader
2023-01-24 12:22:53,242 [IPC Server handler 3 on default port 44923] INFO  net.NetworkTopologyImpl (NetworkTopologyImpl.java:add(112)) - Added a new node: /default-rack/a73b56cb-3195-4d6d-be40-ac518f1256a6
2023-01-24 12:22:53,243 [IPC Server handler 3 on default port 44923] INFO  node.SCMNodeManager (SCMNodeManager.java:register(397)) - Registered Data node : a73b56cb-3195-4d6d-be40-ac518f1256a6{ip: 10.1.1.14, host: fv-az83-645.uavyq1izdhte5b0ne1us2eqzhb.jx.internal.cloudapp.net, ports: [REPLICATION=33855, RATIS=43665, RATIS_ADMIN=43665, RATIS_SERVER=43665, RATIS_DATASTREAM=38193, STANDALONE=36909], networkLocation: /default-rack, certSerialId: null, persistedOpState: null, persistedOpStateExpiryEpochSec: 0}
2023-01-24 12:22:53,243 [EventQueue-NewNodeForNewNodeHandler] INFO  pipeline.BackgroundPipelineCreator (BackgroundPipelineCreator.java:notifyEventTriggered(276)) - trigger a one-shot run on RatisPipelineUtilsThread.
2023-01-24 12:22:53,243 [RatisPipelineUtilsThread - 0] INFO  pipeline.RatisPipelineProvider (RatisPipelineProvider.java:lambda$create$0(206)) - Sending CreatePipelineCommand for pipeline:PipelineID=45d13d44-4e8f-47ae-b332-b9bad9b34f34 to datanode:a73b56cb-3195-4d6d-be40-ac518f1256a6
2023-01-24 12:22:53,244 [RatisPipelineUtilsThread - 0] INFO  pipeline.PipelineStateManagerImpl (PipelineStateManagerImpl.java:addPipeline(103)) - Created pipeline Pipeline[ Id: 45d13d44-4e8f-47ae-b332-b9bad9b34f34, Nodes: a73b56cb-3195-4d6d-be40-ac518f1256a6(fv-az83-645.uavyq1izdhte5b0ne1us2eqzhb.jx.internal.cloudapp.net/10.1.1.14), ReplicationConfig: RATIS/ONE, State:ALLOCATED, leaderId:, CreationTimestamp2023-01-24T12:22:53.243Z[Etc/UTC]].
2023-01-24 12:22:53,245 [RatisPipelineUtilsThread - 0] WARN  pipeline.PipelinePlacementPolicy (PipelinePlacementPolicy.java:filterViableNodes(158)) - Pipeline creation failed due to no sufficient healthy datanodes. Required 3. Found 1.
2023-01-24 12:22:53,343 [Command processor thread] INFO  server.RaftServer (RaftServerProxy.java:addNew(96)) - 7141d06d-71d8-4a56-9b5d-23c6772b1ac6: addNew group-7F17D7D56448:[7141d06d-71d8-4a56-9b5d-23c6772b1ac6|rpc:10.1.1.14:37745|dataStream:10.1.1.14:35891|priority:1|startupRole:FOLLOWER] returns group-7F17D7D56448:java.util.concurrent.CompletableFuture@34ff402c[Not completed]
2023-01-24 12:22:53,344 [pool-94-thread-1] INFO  server.RaftServer$Division (RaftServerImpl.java:<init>(195)) - 7141d06d-71d8-4a56-9b5d-23c6772b1ac6: new RaftServerImpl for group-7F17D7D56448:[7141d06d-71d8-4a56-9b5d-23c6772b1ac6|rpc:10.1.1.14:37745|dataStream:10.1.1.14:35891|priority:1|startupRole:FOLLOWER] with ContainerStateMachine:uninitialized
2023-01-24 12:22:53,344 [pool-94-thread-1] INFO  server.RaftServerConfigKeys (ConfUtils.java:logGet(46)) - raft.server.rpc.timeout.min = 5s (custom)
2023-01-24 12:22:53,344 [pool-94-thread-1] INFO  server.RaftServerConfigKeys (ConfUtils.java:logGet(46)) - raft.server.rpc.timeout.max = 5200ms (custom)
2023-01-24 12:22:53,345 [pool-94-thread-1] INFO  server.RaftServerConfigKeys (ConfUtils.java:logGet(46)) - raft.server.rpc.sleep.time = 25ms (default)
2023-01-24 12:22:53,345 [pool-94-thread-1] INFO  server.RaftServerConfigKeys (ConfUtils.java:logGet(46)) - raft.server.rpc.slowness.timeout = 300s (custom)
2023-01-24 12:22:53,345 [pool-94-thread-1] INFO  server.RaftServerConfigKeys (ConfUtils.java:logGet(46)) - raft.server.leaderelection.leader.step-down.wait-time = 10s (default)
2023-01-24 12:22:53,345 [pool-94-thread-1] INFO  server.RaftServerConfigKeys (ConfUtils.java:logGet(46)) - raft.server.sleep.deviation.threshold = 300ms (default)
2023-01-24 12:22:53,345 [pool-94-thread-1] INFO  server.RaftServer$Division (ServerState.java:<init>(118)) - 7141d06d-71d8-4a56-9b5d-23c6772b1ac6@group-7F17D7D56448: ConfigurationManager, init=-1: peers:[7141d06d-71d8-4a56-9b5d-23c6772b1ac6|rpc:10.1.1.14:37745|dataStream:10.1.1.14:35891|priority:1|startupRole:FOLLOWER]|listeners:[], old=null, confs=<EMPTY_MAP>
2023-01-24 12:22:53,345 [pool-94-thread-1] INFO  server.RaftServerConfigKeys (ConfUtils.java:logGet(46)) - raft.server.storage.dir = [/home/runner/work/ozone/ozone/hadoop-ozone/integration-test/target/test-dir/MiniOzoneClusterImpl-9ddee5dd-a9b0-4f84-bf8c-5f63b859aaaf/datanode-1/data/ratis] (custom)
2023-01-24 12:22:53,345 [pool-94-thread-1] INFO  server.RaftServerConfigKeys (ConfUtils.java:logGet(46)) - raft.server.log.corruption.policy = EXCEPTION (default)
2023-01-24 12:22:53,345 [pool-94-thread-1] INFO  server.RaftServerConfigKeys (ConfUtils.java:logGet(46)) - raft.server.storage.free-space.min = 0MB (=0) (default)
2023-01-24 12:22:53,345 [pool-94-thread-1] INFO  server.RaftServerConfigKeys (ConfUtils.java:logGet(46)) - raft.server.notification.no-leader.timeout = 300s (custom)
2023-01-24 12:22:53,345 [pool-94-thread-1] INFO  server.RaftServerConfigKeys (ConfUtils.java:logGet(46)) - raft.server.retrycache.expirytime = 600000ms (custom)
2023-01-24 12:22:53,345 [pool-94-thread-1] INFO  server.RaftServerConfigKeys (ConfUtils.java:logGet(46)) - raft.server.retrycache.statistics.expirytime = 100μs (default)
2023-01-24 12:22:53,349 [pool-94-thread-1] INFO  server.RaftServerConfigKeys (ConfUtils.java:logGet(46)) - raft.server.log.appender.install.snapshot.enabled = false (custom)
2023-01-24 12:22:53,349 [pool-94-thread-1] INFO  server.RaftServerConfigKeys (ConfUtils.java:logGet(46)) - raft.server.threadpool.server.cached = true (default)
2023-01-24 12:22:53,349 [pool-94-thread-1] INFO  server.RaftServerConfigKeys (ConfUtils.java:logGet(46)) - raft.server.threadpool.server.size = 0 (default)
2023-01-24 12:22:53,349 [pool-94-thread-1] INFO  server.RaftServerConfigKeys (ConfUtils.java:logGet(46)) - raft.server.threadpool.client.cached = true (default)
2023-01-24 12:22:53,349 [pool-94-thread-1] INFO  server.RaftServerConfigKeys (ConfUtils.java:logGet(46)) - raft.server.threadpool.client.size = 0 (default)
2023-01-24 12:22:53,349 [pool-94-thread-1] INFO  storage.RaftStorageDirectory (RaftStorageDirectoryImpl.java:analyzeStorage(137)) - The storage directory /home/runner/work/ozone/ozone/hadoop-ozone/integration-test/target/test-dir/MiniOzoneClusterImpl-9ddee5dd-a9b0-4f84-bf8c-5f63b859aaaf/datanode-1/data/ratis/c0a6e05b-9d0b-41dd-bd53-7f17d7d56448 does not exist. Creating ...
2023-01-24 12:22:53,350 [pool-94-thread-1] INFO  storage.RaftStorageDirectory (RaftStorageDirectoryImpl.java:tryLock(231)) - Lock on /home/runner/work/ozone/ozone/hadoop-ozone/integration-test/target/test-dir/MiniOzoneClusterImpl-9ddee5dd-a9b0-4f84-bf8c-5f63b859aaaf/datanode-1/data/ratis/c0a6e05b-9d0b-41dd-bd53-7f17d7d56448/in_use.lock acquired by nodename 59439@fv-az83-645
2023-01-24 12:22:53,352 [pool-94-thread-1] INFO  storage.RaftStorage (RaftStorageImpl.java:format(96)) - Storage directory /home/runner/work/ozone/ozone/hadoop-ozone/integration-test/target/test-dir/MiniOzoneClusterImpl-9ddee5dd-a9b0-4f84-bf8c-5f63b859aaaf/datanode-1/data/ratis/c0a6e05b-9d0b-41dd-bd53-7f17d7d56448 has been successfully formatted.
2023-01-24 12:22:53,353 [pool-94-thread-1] INFO  ratis.ContainerStateMachine (ContainerStateMachine.java:loadSnapshot(240)) - group-7F17D7D56448: The snapshot info is null. Setting the last applied indexto:(t:0, i:~)
2023-01-24 12:22:53,354 [pool-94-thread-1] INFO  server.RaftServerConfigKeys (ConfUtils.java:logGet(46)) - raft.server.log.use.memory = false (default)
2023-01-24 12:22:53,354 [pool-94-thread-1] INFO  server.RaftServerConfigKeys (ConfUtils.java:logGet(46)) - raft.server.log.purge.gap = 1000000 (custom)
2023-01-24 12:22:53,354 [pool-94-thread-1] INFO  server.RaftServerConfigKeys (ConfUtils.java:logGet(46)) - raft.server.log.appender.buffer.byte-limit = 33554432 (custom)
2023-01-24 12:22:53,355 [pool-94-thread-1] INFO  server.RaftServerConfigKeys (ConfUtils.java:logGet(46)) - raft.server.log.statemachine.data.read.timeout = 1000ms (default)
2023-01-24 12:22:53,355 [pool-94-thread-1] INFO  server.RaftServerConfigKeys (ConfUtils.java:logGet(46)) - raft.server.log.purge.preservation.log.num = 0 (default)
2023-01-24 12:22:53,355 [pool-94-thread-1] INFO  server.RaftServerConfigKeys (ConfUtils.java:logGet(46)) - raft.server.log.segment.size.max = 1048576 (custom)
2023-01-24 12:22:53,355 [EventQueue-PipelineReportForPipelineReportHandler] INFO  pipeline.PipelineManagerImpl (PipelineManagerImpl.java:openPipeline(367)) - Pipeline Pipeline[ Id: c0a6e05b-9d0b-41dd-bd53-7f17d7d56448, Nodes: 7141d06d-71d8-4a56-9b5d-23c6772b1ac6(fv-az83-645.uavyq1izdhte5b0ne1us2eqzhb.jx.internal.cloudapp.net/10.1.1.14), ReplicationConfig: RATIS/ONE, State:ALLOCATED, leaderId:7141d06d-71d8-4a56-9b5d-23c6772b1ac6, CreationTimestamp2023-01-24T12:22:50.344Z[Etc/UTC]] moved to OPEN state
2023-01-24 12:22:53,356 [EventQueue-OpenPipelineForHealthyPipelineSafeModeRule] INFO  safemode.SCMSafeModeManager (HealthyPipelineSafeModeRule.java:process(137)) - SCM in safe mode. Healthy pipelines reported count is 0, required healthy pipeline reported count is 1
2023-01-24 12:22:53,357 [pool-94-thread-1] INFO  server.RaftServerConfigKeys (ConfUtils.java:logGet(46)) - raft.server.log.segment.cache.num.max = 2 (custom)
2023-01-24 12:22:53,357 [pool-94-thread-1] INFO  server.RaftServerConfigKeys (ConfUtils.java:logGet(46)) - raft.server.log.segment.cache.size.max = 200MB (=209715200) (default)
2023-01-24 12:22:53,357 [pool-94-thread-1] INFO  segmented.SegmentedRaftLogWorker (SegmentedRaftLogWorker.java:<init>(189)) - new 7141d06d-71d8-4a56-9b5d-23c6772b1ac6@group-7F17D7D56448-SegmentedRaftLogWorker for RaftStorageImpl:Storage Directory /home/runner/work/ozone/ozone/hadoop-ozone/integration-test/target/test-dir/MiniOzoneClusterImpl-9ddee5dd-a9b0-4f84-bf8c-5f63b859aaaf/datanode-1/data/ratis/c0a6e05b-9d0b-41dd-bd53-7f17d7d56448
2023-01-24 12:22:53,358 [pool-94-thread-1] INFO  server.RaftServerConfigKeys (ConfUtils.java:logGet(46)) - raft.server.log.queue.byte-limit = 4294967296 (custom)
2023-01-24 12:22:53,358 [pool-94-thread-1] INFO  server.RaftServerConfigKeys (ConfUtils.java:logGet(46)) - raft.server.log.queue.element-limit = 1024 (custom)
2023-01-24 12:22:53,358 [pool-94-thread-1] INFO  server.RaftServerConfigKeys (ConfUtils.java:logGet(46)) - raft.server.log.segment.size.max = 1048576 (custom)
2023-01-24 12:22:53,358 [pool-94-thread-1] INFO  server.RaftServerConfigKeys (ConfUtils.java:logGet(46)) - raft.server.log.preallocated.size = 16384 (custom)
2023-01-24 12:22:53,358 [pool-94-thread-1] INFO  server.RaftServerConfigKeys (ConfUtils.java:logGet(46)) - raft.server.log.force.sync.num = 128 (default)
2023-01-24 12:22:53,358 [pool-94-thread-1] INFO  server.RaftServerConfigKeys (ConfUtils.java:logGet(46)) - raft.server.log.statemachine.data.sync = true (default)
2023-01-24 12:22:53,358 [pool-94-thread-1] INFO  server.RaftServerConfigKeys (ConfUtils.java:logGet(46)) - raft.server.log.statemachine.data.sync.timeout = 10s (default)
2023-01-24 12:22:53,358 [pool-94-thread-1] INFO  server.RaftServerConfigKeys (ConfUtils.java:logGet(46)) - raft.server.log.statemachine.data.sync.timeout.retry = -1 (default)
2023-01-24 12:22:53,360 [pool-94-thread-1] INFO  server.RaftServerConfigKeys (ConfUtils.java:logGet(46)) - raft.server.log.write.buffer.size = 1048576 (custom)
2023-01-24 12:22:53,361 [pool-94-thread-1] INFO  server.RaftServerConfigKeys (ConfUtils.java:logGet(46)) - raft.server.log.appender.buffer.byte-limit = 33554432 (custom)
2023-01-24 12:22:53,364 [pool-94-thread-1] INFO  server.RaftServerConfigKeys (ConfUtils.java:logGet(46)) - raft.server.log.unsafe-flush.enabled = false (default)
2023-01-24 12:22:53,364 [pool-94-thread-1] INFO  server.RaftServerConfigKeys (ConfUtils.java:logGet(46)) - raft.server.log.async-flush.enabled = false (default)
2023-01-24 12:22:53,365 [pool-94-thread-1] INFO  server.RaftServerConfigKeys (ConfUtils.java:logGet(46)) - raft.server.log.statemachine.data.caching.enabled = true (custom)
2023-01-24 12:22:53,365 [pool-94-thread-1] INFO  segmented.SegmentedRaftLogWorker (SegmentedRaftLogWorker.java:lambda$new$0(135)) - 7141d06d-71d8-4a56-9b5d-23c6772b1ac6@group-7F17D7D56448-SegmentedRaftLogWorker: flushIndex: setUnconditionally 0 -> -1
2023-01-24 12:22:53,365 [pool-94-thread-1] INFO  segmented.SegmentedRaftLogWorker (SegmentedRaftLogWorker.java:lambda$new$0(135)) - 7141d06d-71d8-4a56-9b5d-23c6772b1ac6@group-7F17D7D56448-SegmentedRaftLogWorker: safeCacheEvictIndex: setUnconditionally 0 -> -1
2023-01-24 12:22:53,365 [pool-94-thread-1] INFO  server.RaftServer$Division (RaftServerImpl.java:start(334)) - 7141d06d-71d8-4a56-9b5d-23c6772b1ac6@group-7F17D7D56448: start as a follower, conf=-1: peers:[7141d06d-71d8-4a56-9b5d-23c6772b1ac6|rpc:10.1.1.14:37745|dataStream:10.1.1.14:35891|priority:1|startupRole:FOLLOWER]|listeners:[], old=null
2023-01-24 12:22:53,365 [pool-94-thread-1] INFO  server.RaftServer$Division (RaftServerImpl.java:setRole(321)) - 7141d06d-71d8-4a56-9b5d-23c6772b1ac6@group-7F17D7D56448: changes role from      null to FOLLOWER at term 0 for startAsFollower
2023-01-24 12:22:53,365 [pool-94-thread-1] INFO  impl.RoleInfo (RoleInfo.java:updateAndGet(139)) - 7141d06d-71d8-4a56-9b5d-23c6772b1ac6: start 7141d06d-71d8-4a56-9b5d-23c6772b1ac6@group-7F17D7D56448-FollowerState
2023-01-24 12:22:53,375 [7141d06d-71d8-4a56-9b5d-23c6772b1ac6@group-7F17D7D56448-FollowerState] INFO  server.RaftServerConfigKeys (ConfUtils.java:logFallback(53)) - raft.server.rpc.first-election.timeout.min = 5s (fallback to raft.server.rpc.timeout.min)
2023-01-24 12:22:53,375 [7141d06d-71d8-4a56-9b5d-23c6772b1ac6@group-7F17D7D56448-FollowerState] INFO  server.RaftServerConfigKeys (ConfUtils.java:logFallback(53)) - raft.server.rpc.first-election.timeout.max = 5200ms (fallback to raft.server.rpc.timeout.max)
2023-01-24 12:22:53,371 [pool-94-thread-1] INFO  util.JmxRegister (JmxRegister.java:tryRegister(44)) - Successfully registered JMX Bean with object name Ratis:service=RaftServer,group=group-7F17D7D56448,id=7141d06d-71d8-4a56-9b5d-23c6772b1ac6
2023-01-24 12:22:53,379 [pool-94-thread-1] INFO  server.RaftServerConfigKeys (ConfUtils.java:logGet(46)) - raft.server.snapshot.auto.trigger.enabled = true (custom)
2023-01-24 12:22:53,379 [pool-94-thread-1] INFO  server.RaftServerConfigKeys (ConfUtils.java:logGet(46)) - raft.server.snapshot.auto.trigger.threshold = 10000 (custom)
2023-01-24 12:22:53,379 [pool-94-thread-1] INFO  server.RaftServerConfigKeys (ConfUtils.java:logGet(46)) - raft.server.snapshot.retention.file.num = 5 (custom)
2023-01-24 12:22:53,379 [pool-94-thread-1] INFO  server.RaftServerConfigKeys (ConfUtils.java:logGet(46)) - raft.server.log.purge.upto.snapshot.index = false (default)
2023-01-24 12:22:53,383 [Command processor thread] INFO  ratis.XceiverServerRatis (XceiverServerRatis.java:addGroup(806)) - Created group PipelineID=c0a6e05b-9d0b-41dd-bd53-7f17d7d56448
2023-01-24 12:22:53,383 [Command processor thread] INFO  commandhandler.CreatePipelineCommandHandler (CreatePipelineCommandHandler.java:handle(113)) - Created Pipeline RATIS ONE PipelineID=c0a6e05b-9d0b-41dd-bd53-7f17d7d56448.
2023-01-24 12:22:53,386 [Command processor thread] INFO  server.RaftServer (RaftServerProxy.java:addNew(96)) - 7141d06d-71d8-4a56-9b5d-23c6772b1ac6: addNew group-34335D786654:[c6074cc5-da23-4fc2-b305-e072798acc5a|rpc:10.1.1.14:38087|dataStream:10.1.1.14:46483|priority:0|startupRole:FOLLOWER, 93701946-f5e3-4943-a932-e133db5deae9|rpc:10.1.1.14:32935|dataStream:10.1.1.14:45565|priority:1|startupRole:FOLLOWER, 7141d06d-71d8-4a56-9b5d-23c6772b1ac6|rpc:10.1.1.14:37745|dataStream:10.1.1.14:35891|priority:0|startupRole:FOLLOWER] returns group-34335D786654:java.util.concurrent.CompletableFuture@30c0d26b[Not completed]
2023-01-24 12:22:53,389 [pool-94-thread-1] INFO  server.RaftServer$Division (RaftServerImpl.java:<init>(195)) - 7141d06d-71d8-4a56-9b5d-23c6772b1ac6: new RaftServerImpl for group-34335D786654:[c6074cc5-da23-4fc2-b305-e072798acc5a|rpc:10.1.1.14:38087|dataStream:10.1.1.14:46483|priority:0|startupRole:FOLLOWER, 93701946-f5e3-4943-a932-e133db5deae9|rpc:10.1.1.14:32935|dataStream:10.1.1.14:45565|priority:1|startupRole:FOLLOWER, 7141d06d-71d8-4a56-9b5d-23c6772b1ac6|rpc:10.1.1.14:37745|dataStream:10.1.1.14:35891|priority:0|startupRole:FOLLOWER] with ContainerStateMachine:uninitialized
2023-01-24 12:22:53,389 [pool-94-thread-1] INFO  server.RaftServerConfigKeys (ConfUtils.java:logGet(46)) - raft.server.rpc.timeout.min = 5s (custom)
2023-01-24 12:22:53,389 [pool-94-thread-1] INFO  server.RaftServerConfigKeys (ConfUtils.java:logGet(46)) - raft.server.rpc.timeout.max = 5200ms (custom)
2023-01-24 12:22:53,389 [pool-94-thread-1] INFO  server.RaftServerConfigKeys (ConfUtils.java:logGet(46)) - raft.server.rpc.sleep.time = 25ms (default)
2023-01-24 12:22:53,389 [pool-94-thread-1] INFO  server.RaftServerConfigKeys (ConfUtils.java:logGet(46)) - raft.server.rpc.slowness.timeout = 300s (custom)
2023-01-24 12:22:53,389 [pool-94-thread-1] INFO  server.RaftServerConfigKeys (ConfUtils.java:logGet(46)) - raft.server.leaderelection.leader.step-down.wait-time = 10s (default)
2023-01-24 12:22:53,389 [pool-94-thread-1] INFO  server.RaftServerConfigKeys (ConfUtils.java:logGet(46)) - raft.server.sleep.deviation.threshold = 300ms (default)
2023-01-24 12:22:53,389 [pool-94-thread-1] INFO  server.RaftServer$Division (ServerState.java:<init>(118)) - 7141d06d-71d8-4a56-9b5d-23c6772b1ac6@group-34335D786654: ConfigurationManager, init=-1: peers:[c6074cc5-da23-4fc2-b305-e072798acc5a|rpc:10.1.1.14:38087|dataStream:10.1.1.14:46483|priority:0|startupRole:FOLLOWER, 93701946-f5e3-4943-a932-e133db5deae9|rpc:10.1.1.14:32935|dataStream:10.1.1.14:45565|priority:1|startupRole:FOLLOWER, 7141d06d-71d8-4a56-9b5d-23c6772b1ac6|rpc:10.1.1.14:37745|dataStream:10.1.1.14:35891|priority:0|startupRole:FOLLOWER]|listeners:[], old=null, confs=<EMPTY_MAP>
2023-01-24 12:22:53,389 [pool-94-thread-1] INFO  server.RaftServerConfigKeys (ConfUtils.java:logGet(46)) - raft.server.storage.dir = [/home/runner/work/ozone/ozone/hadoop-ozone/integration-test/target/test-dir/MiniOzoneClusterImpl-9ddee5dd-a9b0-4f84-bf8c-5f63b859aaaf/datanode-1/data/ratis] (custom)
2023-01-24 12:22:53,390 [pool-94-thread-1] INFO  server.RaftServerConfigKeys (ConfUtils.java:logGet(46)) - raft.server.log.corruption.policy = EXCEPTION (default)
2023-01-24 12:22:53,390 [pool-94-thread-1] INFO  server.RaftServerConfigKeys (ConfUtils.java:logGet(46)) - raft.server.storage.free-space.min = 0MB (=0) (default)
2023-01-24 12:22:53,390 [pool-94-thread-1] INFO  server.RaftServerConfigKeys (ConfUtils.java:logGet(46)) - raft.server.notification.no-leader.timeout = 300s (custom)
2023-01-24 12:22:53,390 [pool-94-thread-1] INFO  server.RaftServerConfigKeys (ConfUtils.java:logGet(46)) - raft.server.retrycache.expirytime = 600000ms (custom)
2023-01-24 12:22:53,390 [pool-94-thread-1] INFO  server.RaftServerConfigKeys (ConfUtils.java:logGet(46)) - raft.server.retrycache.statistics.expirytime = 100μs (default)
2023-01-24 12:22:53,393 [pool-94-thread-1] INFO  server.RaftServerConfigKeys (ConfUtils.java:logGet(46)) - raft.server.log.appender.install.snapshot.enabled = false (custom)
2023-01-24 12:22:53,394 [pool-94-thread-1] INFO  server.RaftServerConfigKeys (ConfUtils.java:logGet(46)) - raft.server.threadpool.server.cached = true (default)
2023-01-24 12:22:53,394 [pool-94-thread-1] INFO  server.RaftServerConfigKeys (ConfUtils.java:logGet(46)) - raft.server.threadpool.server.size = 0 (default)
2023-01-24 12:22:53,394 [pool-94-thread-1] INFO  server.RaftServerConfigKeys (ConfUtils.java:logGet(46)) - raft.server.threadpool.client.cached = true (default)
2023-01-24 12:22:53,394 [pool-94-thread-1] INFO  server.RaftServerConfigKeys (ConfUtils.java:logGet(46)) - raft.server.threadpool.client.size = 0 (default)
2023-01-24 12:22:53,394 [pool-94-thread-1] INFO  storage.RaftStorageDirectory (RaftStorageDirectoryImpl.java:analyzeStorage(137)) - The storage directory /home/runner/work/ozone/ozone/hadoop-ozone/integration-test/target/test-dir/MiniOzoneClusterImpl-9ddee5dd-a9b0-4f84-bf8c-5f63b859aaaf/datanode-1/data/ratis/6c0a0579-a25a-4b3b-a2c7-34335d786654 does not exist. Creating ...
2023-01-24 12:22:53,395 [pool-94-thread-1] INFO  storage.RaftStorageDirectory (RaftStorageDirectoryImpl.java:tryLock(231)) - Lock on /home/runner/work/ozone/ozone/hadoop-ozone/integration-test/target/test-dir/MiniOzoneClusterImpl-9ddee5dd-a9b0-4f84-bf8c-5f63b859aaaf/datanode-1/data/ratis/6c0a0579-a25a-4b3b-a2c7-34335d786654/in_use.lock acquired by nodename 59439@fv-az83-645
2023-01-24 12:22:53,396 [pool-94-thread-1] INFO  storage.RaftStorage (RaftStorageImpl.java:format(96)) - Storage directory /home/runner/work/ozone/ozone/hadoop-ozone/integration-test/target/test-dir/MiniOzoneClusterImpl-9ddee5dd-a9b0-4f84-bf8c-5f63b859aaaf/datanode-1/data/ratis/6c0a0579-a25a-4b3b-a2c7-34335d786654 has been successfully formatted.
2023-01-24 12:22:53,396 [pool-94-thread-1] INFO  ratis.ContainerStateMachine (ContainerStateMachine.java:loadSnapshot(240)) - group-34335D786654: The snapshot info is null. Setting the last applied indexto:(t:0, i:~)
2023-01-24 12:22:53,396 [pool-94-thread-1] INFO  server.RaftServerConfigKeys (ConfUtils.java:logGet(46)) - raft.server.log.use.memory = false (default)
2023-01-24 12:22:53,396 [pool-94-thread-1] INFO  server.RaftServerConfigKeys (ConfUtils.java:logGet(46)) - raft.server.log.purge.gap = 1000000 (custom)
2023-01-24 12:22:53,396 [pool-94-thread-1] INFO  server.RaftServerConfigKeys (ConfUtils.java:logGet(46)) - raft.server.log.appender.buffer.byte-limit = 33554432 (custom)
2023-01-24 12:22:53,396 [pool-94-thread-1] INFO  server.RaftServerConfigKeys (ConfUtils.java:logGet(46)) - raft.server.log.statemachine.data.read.timeout = 1000ms (default)
2023-01-24 12:22:53,396 [pool-94-thread-1] INFO  server.RaftServerConfigKeys (ConfUtils.java:logGet(46)) - raft.server.log.purge.preservation.log.num = 0 (default)
2023-01-24 12:22:53,396 [pool-94-thread-1] INFO  server.RaftServerConfigKeys (ConfUtils.java:logGet(46)) - raft.server.log.segment.size.max = 1048576 (custom)
2023-01-24 12:22:53,398 [pool-94-thread-1] INFO  server.RaftServerConfigKeys (ConfUtils.java:logGet(46)) - raft.server.log.segment.cache.num.max = 2 (custom)
2023-01-24 12:22:53,398 [pool-94-thread-1] INFO  server.RaftServerConfigKeys (ConfUtils.java:logGet(46)) - raft.server.log.segment.cache.size.max = 200MB (=209715200) (default)
2023-01-24 12:22:53,398 [pool-94-thread-1] INFO  segmented.SegmentedRaftLogWorker (SegmentedRaftLogWorker.java:<init>(189)) - new 7141d06d-71d8-4a56-9b5d-23c6772b1ac6@group-34335D786654-SegmentedRaftLogWorker for RaftStorageImpl:Storage Directory /home/runner/work/ozone/ozone/hadoop-ozone/integration-test/target/test-dir/MiniOzoneClusterImpl-9ddee5dd-a9b0-4f84-bf8c-5f63b859aaaf/datanode-1/data/ratis/6c0a0579-a25a-4b3b-a2c7-34335d786654
2023-01-24 12:22:53,398 [pool-94-thread-1] INFO  server.RaftServerConfigKeys (ConfUtils.java:logGet(46)) - raft.server.log.queue.byte-limit = 4294967296 (custom)
2023-01-24 12:22:53,398 [pool-94-thread-1] INFO  server.RaftServerConfigKeys (ConfUtils.java:logGet(46)) - raft.server.log.queue.element-limit = 1024 (custom)
2023-01-24 12:22:53,399 [pool-94-thread-1] INFO  server.RaftServerConfigKeys (ConfUtils.java:logGet(46)) - raft.server.log.segment.size.max = 1048576 (custom)
2023-01-24 12:22:53,399 [pool-94-thread-1] INFO  server.RaftServerConfigKeys (ConfUtils.java:logGet(46)) - raft.server.log.preallocated.size = 16384 (custom)
2023-01-24 12:22:53,399 [pool-94-thread-1] INFO  server.RaftServerConfigKeys (ConfUtils.java:logGet(46)) - raft.server.log.force.sync.num = 128 (default)
2023-01-24 12:22:53,399 [pool-94-thread-1] INFO  server.RaftServerConfigKeys (ConfUtils.java:logGet(46)) - raft.server.log.statemachine.data.sync = true (default)
2023-01-24 12:22:53,405 [pool-94-thread-1] INFO  server.RaftServerConfigKeys (ConfUtils.java:logGet(46)) - raft.server.log.statemachine.data.sync.timeout = 10s (default)
2023-01-24 12:22:53,404 [EventQueue-OpenPipelineForHealthyPipelineSafeModeRule] INFO  safemode.SCMSafeModeManager (HealthyPipelineSafeModeRule.java:process(137)) - SCM in safe mode. Healthy pipelines reported count is 0, required healthy pipeline reported count is 1
2023-01-24 12:22:53,405 [pool-94-thread-1] INFO  server.RaftServerConfigKeys (ConfUtils.java:logGet(46)) - raft.server.log.statemachine.data.sync.timeout.retry = -1 (default)
2023-01-24 12:22:53,407 [pool-94-thread-1] INFO  server.RaftServerConfigKeys (ConfUtils.java:logGet(46)) - raft.server.log.write.buffer.size = 1048576 (custom)
2023-01-24 12:22:53,408 [pool-94-thread-1] INFO  server.RaftServerConfigKeys (ConfUtils.java:logGet(46)) - raft.server.log.appender.buffer.byte-limit = 33554432 (custom)
2023-01-24 12:22:53,413 [pool-94-thread-1] INFO  server.RaftServerConfigKeys (ConfUtils.java:logGet(46)) - raft.server.log.unsafe-flush.enabled = false (default)
2023-01-24 12:22:53,413 [pool-94-thread-1] INFO  server.RaftServerConfigKeys (ConfUtils.java:logGet(46)) - raft.server.log.async-flush.enabled = false (default)
2023-01-24 12:22:53,414 [pool-94-thread-1] INFO  server.RaftServerConfigKeys (ConfUtils.java:logGet(46)) - raft.server.log.statemachine.data.caching.enabled = true (custom)
2023-01-24 12:22:53,416 [pool-94-thread-1] INFO  segmented.SegmentedRaftLogWorker (SegmentedRaftLogWorker.java:lambda$new$0(135)) - 7141d06d-71d8-4a56-9b5d-23c6772b1ac6@group-34335D786654-SegmentedRaftLogWorker: flushIndex: setUnconditionally 0 -> -1
2023-01-24 12:22:53,416 [pool-94-thread-1] INFO  segmented.SegmentedRaftLogWorker (SegmentedRaftLogWorker.java:lambda$new$0(135)) - 7141d06d-71d8-4a56-9b5d-23c6772b1ac6@group-34335D786654-SegmentedRaftLogWorker: safeCacheEvictIndex: setUnconditionally 0 -> -1
2023-01-24 12:22:53,422 [pool-94-thread-1] INFO  server.RaftServer$Division (RaftServerImpl.java:start(334)) - 7141d06d-71d8-4a56-9b5d-23c6772b1ac6@group-34335D786654: start as a follower, conf=-1: peers:[c6074cc5-da23-4fc2-b305-e072798acc5a|rpc:10.1.1.14:38087|dataStream:10.1.1.14:46483|priority:0|startupRole:FOLLOWER, 93701946-f5e3-4943-a932-e133db5deae9|rpc:10.1.1.14:32935|dataStream:10.1.1.14:45565|priority:1|startupRole:FOLLOWER, 7141d06d-71d8-4a56-9b5d-23c6772b1ac6|rpc:10.1.1.14:37745|dataStream:10.1.1.14:35891|priority:0|startupRole:FOLLOWER]|listeners:[], old=null
2023-01-24 12:22:53,422 [pool-94-thread-1] INFO  server.RaftServer$Division (RaftServerImpl.java:setRole(321)) - 7141d06d-71d8-4a56-9b5d-23c6772b1ac6@group-34335D786654: changes role from      null to FOLLOWER at term 0 for startAsFollower
2023-01-24 12:22:53,422 [pool-94-thread-1] INFO  impl.RoleInfo (RoleInfo.java:updateAndGet(139)) - 7141d06d-71d8-4a56-9b5d-23c6772b1ac6: start 7141d06d-71d8-4a56-9b5d-23c6772b1ac6@group-34335D786654-FollowerState
2023-01-24 12:22:53,426 [pool-94-thread-1] INFO  util.JmxRegister (JmxRegister.java:tryRegister(44)) - Successfully registered JMX Bean with object name Ratis:service=RaftServer,group=group-34335D786654,id=7141d06d-71d8-4a56-9b5d-23c6772b1ac6
2023-01-24 12:22:53,426 [pool-94-thread-1] INFO  server.RaftServerConfigKeys (ConfUtils.java:logGet(46)) - raft.server.snapshot.auto.trigger.enabled = true (custom)
2023-01-24 12:22:53,427 [pool-94-thread-1] INFO  server.RaftServerConfigKeys (ConfUtils.java:logGet(46)) - raft.server.snapshot.auto.trigger.threshold = 10000 (custom)
2023-01-24 12:22:53,427 [pool-94-thread-1] INFO  server.RaftServerConfigKeys (ConfUtils.java:logGet(46)) - raft.server.snapshot.retention.file.num = 5 (custom)
2023-01-24 12:22:53,427 [pool-94-thread-1] INFO  server.RaftServerConfigKeys (ConfUtils.java:logGet(46)) - raft.server.log.purge.upto.snapshot.index = false (default)
2023-01-24 12:22:53,427 [7141d06d-71d8-4a56-9b5d-23c6772b1ac6@group-34335D786654-FollowerState] INFO  server.RaftServerConfigKeys (ConfUtils.java:logFallback(53)) - raft.server.rpc.first-election.timeout.min = 5s (fallback to raft.server.rpc.timeout.min)
2023-01-24 12:22:53,434 [7141d06d-71d8-4a56-9b5d-23c6772b1ac6@group-34335D786654-FollowerState] INFO  server.RaftServerConfigKeys (ConfUtils.java:logFallback(53)) - raft.server.rpc.first-election.timeout.max = 5200ms (fallback to raft.server.rpc.timeout.max)
2023-01-24 12:22:53,435 [Command processor thread] INFO  ratis.XceiverServerRatis (XceiverServerRatis.java:addGroup(806)) - Created group PipelineID=6c0a0579-a25a-4b3b-a2c7-34335d786654
2023-01-24 12:22:53,548 [grpc-default-executor-1] INFO  server.RaftServer (RaftServerProxy.java:addNew(96)) - 93701946-f5e3-4943-a932-e133db5deae9: addNew group-34335D786654:[c6074cc5-da23-4fc2-b305-e072798acc5a|rpc:10.1.1.14:38087|dataStream:10.1.1.14:46483|priority:0|startupRole:FOLLOWER, 93701946-f5e3-4943-a932-e133db5deae9|rpc:10.1.1.14:32935|dataStream:10.1.1.14:45565|priority:1|startupRole:FOLLOWER, 7141d06d-71d8-4a56-9b5d-23c6772b1ac6|rpc:10.1.1.14:37745|dataStream:10.1.1.14:35891|priority:0|startupRole:FOLLOWER] returns group-34335D786654:java.util.concurrent.CompletableFuture@660c5672[Not completed]
2023-01-24 12:22:53,555 [pool-117-thread-1] INFO  server.RaftServer$Division (RaftServerImpl.java:<init>(195)) - 93701946-f5e3-4943-a932-e133db5deae9: new RaftServerImpl for group-34335D786654:[c6074cc5-da23-4fc2-b305-e072798acc5a|rpc:10.1.1.14:38087|dataStream:10.1.1.14:46483|priority:0|startupRole:FOLLOWER, 93701946-f5e3-4943-a932-e133db5deae9|rpc:10.1.1.14:32935|dataStream:10.1.1.14:45565|priority:1|startupRole:FOLLOWER, 7141d06d-71d8-4a56-9b5d-23c6772b1ac6|rpc:10.1.1.14:37745|dataStream:10.1.1.14:35891|priority:0|startupRole:FOLLOWER] with ContainerStateMachine:uninitialized
2023-01-24 12:22:53,555 [pool-117-thread-1] INFO  server.RaftServerConfigKeys (ConfUtils.java:logGet(46)) - raft.server.rpc.timeout.min = 5s (custom)
2023-01-24 12:22:53,555 [pool-117-thread-1] INFO  server.RaftServerConfigKeys (ConfUtils.java:logGet(46)) - raft.server.rpc.timeout.max = 5200ms (custom)
2023-01-24 12:22:53,555 [pool-117-thread-1] INFO  server.RaftServerConfigKeys (ConfUtils.java:logGet(46)) - raft.server.rpc.sleep.time = 25ms (default)
2023-01-24 12:22:53,556 [pool-117-thread-1] INFO  server.RaftServerConfigKeys (ConfUtils.java:logGet(46)) - raft.server.rpc.slowness.timeout = 300s (custom)
2023-01-24 12:22:53,556 [pool-117-thread-1] INFO  server.RaftServerConfigKeys (ConfUtils.java:logGet(46)) - raft.server.leaderelection.leader.step-down.wait-time = 10s (default)
2023-01-24 12:22:53,556 [pool-117-thread-1] INFO  server.RaftServerConfigKeys (ConfUtils.java:logGet(46)) - raft.server.sleep.deviation.threshold = 300ms (default)
2023-01-24 12:22:53,556 [pool-117-thread-1] INFO  server.RaftServer$Division (ServerState.java:<init>(118)) - 93701946-f5e3-4943-a932-e133db5deae9@group-34335D786654: ConfigurationManager, init=-1: peers:[c6074cc5-da23-4fc2-b305-e072798acc5a|rpc:10.1.1.14:38087|dataStream:10.1.1.14:46483|priority:0|startupRole:FOLLOWER, 93701946-f5e3-4943-a932-e133db5deae9|rpc:10.1.1.14:32935|dataStream:10.1.1.14:45565|priority:1|startupRole:FOLLOWER, 7141d06d-71d8-4a56-9b5d-23c6772b1ac6|rpc:10.1.1.14:37745|dataStream:10.1.1.14:35891|priority:0|startupRole:FOLLOWER]|listeners:[], old=null, confs=<EMPTY_MAP>
2023-01-24 12:22:53,556 [pool-117-thread-1] INFO  server.RaftServerConfigKeys (ConfUtils.java:logGet(46)) - raft.server.storage.dir = [/home/runner/work/ozone/ozone/hadoop-ozone/integration-test/target/test-dir/MiniOzoneClusterImpl-9ddee5dd-a9b0-4f84-bf8c-5f63b859aaaf/datanode-2/data/ratis] (custom)
2023-01-24 12:22:53,556 [pool-117-thread-1] INFO  server.RaftServerConfigKeys (ConfUtils.java:logGet(46)) - raft.server.log.corruption.policy = EXCEPTION (default)
2023-01-24 12:22:53,562 [pool-117-thread-1] INFO  server.RaftServerConfigKeys (ConfUtils.java:logGet(46)) - raft.server.storage.free-space.min = 0MB (=0) (default)
2023-01-24 12:22:53,562 [pool-117-thread-1] INFO  server.RaftServerConfigKeys (ConfUtils.java:logGet(46)) - raft.server.notification.no-leader.timeout = 300s (custom)
2023-01-24 12:22:53,562 [pool-117-thread-1] INFO  server.RaftServerConfigKeys (ConfUtils.java:logGet(46)) - raft.server.retrycache.expirytime = 600000ms (custom)
2023-01-24 12:22:53,562 [pool-117-thread-1] INFO  server.RaftServerConfigKeys (ConfUtils.java:logGet(46)) - raft.server.retrycache.statistics.expirytime = 100μs (default)
2023-01-24 12:22:53,568 [pool-117-thread-1] INFO  server.RaftServerConfigKeys (ConfUtils.java:logGet(46)) - raft.server.log.appender.install.snapshot.enabled = false (custom)
2023-01-24 12:22:53,568 [pool-117-thread-1] INFO  server.RaftServerConfigKeys (ConfUtils.java:logGet(46)) - raft.server.threadpool.server.cached = true (default)
2023-01-24 12:22:53,568 [pool-117-thread-1] INFO  server.RaftServerConfigKeys (ConfUtils.java:logGet(46)) - raft.server.threadpool.server.size = 0 (default)
2023-01-24 12:22:53,568 [pool-117-thread-1] INFO  server.RaftServerConfigKeys (ConfUtils.java:logGet(46)) - raft.server.threadpool.client.cached = true (default)
2023-01-24 12:22:53,568 [pool-117-thread-1] INFO  server.RaftServerConfigKeys (ConfUtils.java:logGet(46)) - raft.server.threadpool.client.size = 0 (default)
2023-01-24 12:22:53,568 [pool-117-thread-1] INFO  storage.RaftStorageDirectory (RaftStorageDirectoryImpl.java:analyzeStorage(137)) - The storage directory /home/runner/work/ozone/ozone/hadoop-ozone/integration-test/target/test-dir/MiniOzoneClusterImpl-9ddee5dd-a9b0-4f84-bf8c-5f63b859aaaf/datanode-2/data/ratis/6c0a0579-a25a-4b3b-a2c7-34335d786654 does not exist. Creating ...
2023-01-24 12:22:53,569 [pool-117-thread-1] INFO  storage.RaftStorageDirectory (RaftStorageDirectoryImpl.java:tryLock(231)) - Lock on /home/runner/work/ozone/ozone/hadoop-ozone/integration-test/target/test-dir/MiniOzoneClusterImpl-9ddee5dd-a9b0-4f84-bf8c-5f63b859aaaf/datanode-2/data/ratis/6c0a0579-a25a-4b3b-a2c7-34335d786654/in_use.lock acquired by nodename 59439@fv-az83-645
2023-01-24 12:22:53,570 [pool-117-thread-1] INFO  storage.RaftStorage (RaftStorageImpl.java:format(96)) - Storage directory /home/runner/work/ozone/ozone/hadoop-ozone/integration-test/target/test-dir/MiniOzoneClusterImpl-9ddee5dd-a9b0-4f84-bf8c-5f63b859aaaf/datanode-2/data/ratis/6c0a0579-a25a-4b3b-a2c7-34335d786654 has been successfully formatted.
2023-01-24 12:22:53,570 [pool-117-thread-1] INFO  ratis.ContainerStateMachine (ContainerStateMachine.java:loadSnapshot(240)) - group-34335D786654: The snapshot info is null. Setting the last applied indexto:(t:0, i:~)
2023-01-24 12:22:53,570 [pool-117-thread-1] INFO  server.RaftServerConfigKeys (ConfUtils.java:logGet(46)) - raft.server.log.use.memory = false (default)
2023-01-24 12:22:53,571 [pool-117-thread-1] INFO  server.RaftServerConfigKeys (ConfUtils.java:logGet(46)) - raft.server.log.purge.gap = 1000000 (custom)
2023-01-24 12:22:53,571 [pool-117-thread-1] INFO  server.RaftServerConfigKeys (ConfUtils.java:logGet(46)) - raft.server.log.appender.buffer.byte-limit = 33554432 (custom)
2023-01-24 12:22:53,571 [pool-117-thread-1] INFO  server.RaftServerConfigKeys (ConfUtils.java:logGet(46)) - raft.server.log.statemachine.data.read.timeout = 1000ms (default)
2023-01-24 12:22:53,571 [pool-117-thread-1] INFO  server.RaftServerConfigKeys (ConfUtils.java:logGet(46)) - raft.server.log.purge.preservation.log.num = 0 (default)
2023-01-24 12:22:53,571 [pool-117-thread-1] INFO  server.RaftServerConfigKeys (ConfUtils.java:logGet(46)) - raft.server.log.segment.size.max = 1048576 (custom)
2023-01-24 12:22:53,571 [pool-117-thread-1] INFO  server.RaftServerConfigKeys (ConfUtils.java:logGet(46)) - raft.server.log.segment.cache.num.max = 2 (custom)
2023-01-24 12:22:53,571 [pool-117-thread-1] INFO  server.RaftServerConfigKeys (ConfUtils.java:logGet(46)) - raft.server.log.segment.cache.size.max = 200MB (=209715200) (default)
2023-01-24 12:22:53,571 [pool-117-thread-1] INFO  segmented.SegmentedRaftLogWorker (SegmentedRaftLogWorker.java:<init>(189)) - new 93701946-f5e3-4943-a932-e133db5deae9@group-34335D786654-SegmentedRaftLogWorker for RaftStorageImpl:Storage Directory /home/runner/work/ozone/ozone/hadoop-ozone/integration-test/target/test-dir/MiniOzoneClusterImpl-9ddee5dd-a9b0-4f84-bf8c-5f63b859aaaf/datanode-2/data/ratis/6c0a0579-a25a-4b3b-a2c7-34335d786654
2023-01-24 12:22:53,571 [pool-117-thread-1] INFO  server.RaftServerConfigKeys (ConfUtils.java:logGet(46)) - raft.server.log.queue.byte-limit = 4294967296 (custom)
2023-01-24 12:22:53,571 [pool-117-thread-1] INFO  server.RaftServerConfigKeys (ConfUtils.java:logGet(46)) - raft.server.log.queue.element-limit = 1024 (custom)
2023-01-24 12:22:53,571 [pool-117-thread-1] INFO  server.RaftServerConfigKeys (ConfUtils.java:logGet(46)) - raft.server.log.segment.size.max = 1048576 (custom)
2023-01-24 12:22:53,572 [pool-117-thread-1] INFO  server.RaftServerConfigKeys (ConfUtils.java:logGet(46)) - raft.server.log.preallocated.size = 16384 (custom)
2023-01-24 12:22:53,572 [pool-117-thread-1] INFO  server.RaftServerConfigKeys (ConfUtils.java:logGet(46)) - raft.server.log.force.sync.num = 128 (default)
2023-01-24 12:22:53,572 [pool-117-thread-1] INFO  server.RaftServerConfigKeys (ConfUtils.java:logGet(46)) - raft.server.log.statemachine.data.sync = true (default)
2023-01-24 12:22:53,572 [pool-117-thread-1] INFO  server.RaftServerConfigKeys (ConfUtils.java:logGet(46)) - raft.server.log.statemachine.data.sync.timeout = 10s (default)
2023-01-24 12:22:53,572 [pool-117-thread-1] INFO  server.RaftServerConfigKeys (ConfUtils.java:logGet(46)) - raft.server.log.statemachine.data.sync.timeout.retry = -1 (default)
2023-01-24 12:22:53,573 [pool-117-thread-1] INFO  server.RaftServerConfigKeys (ConfUtils.java:logGet(46)) - raft.server.log.write.buffer.size = 1048576 (custom)
2023-01-24 12:22:53,573 [pool-117-thread-1] INFO  server.RaftServerConfigKeys (ConfUtils.java:logGet(46)) - raft.server.log.appender.buffer.byte-limit = 33554432 (custom)
2023-01-24 12:22:53,582 [pool-117-thread-1] INFO  server.RaftServerConfigKeys (ConfUtils.java:logGet(46)) - raft.server.log.unsafe-flush.enabled = false (default)
2023-01-24 12:22:53,582 [pool-117-thread-1] INFO  server.RaftServerConfigKeys (ConfUtils.java:logGet(46)) - raft.server.log.async-flush.enabled = false (default)
2023-01-24 12:22:53,582 [pool-117-thread-1] INFO  server.RaftServerConfigKeys (ConfUtils.java:logGet(46)) - raft.server.log.statemachine.data.caching.enabled = true (custom)
2023-01-24 12:22:53,583 [pool-117-thread-1] INFO  segmented.SegmentedRaftLogWorker (SegmentedRaftLogWorker.java:lambda$new$0(135)) - 93701946-f5e3-4943-a932-e133db5deae9@group-34335D786654-SegmentedRaftLogWorker: flushIndex: setUnconditionally 0 -> -1
2023-01-24 12:22:53,583 [pool-117-thread-1] INFO  segmented.SegmentedRaftLogWorker (SegmentedRaftLogWorker.java:lambda$new$0(135)) - 93701946-f5e3-4943-a932-e133db5deae9@group-34335D786654-SegmentedRaftLogWorker: safeCacheEvictIndex: setUnconditionally 0 -> -1
2023-01-24 12:22:53,586 [pool-117-thread-1] INFO  server.RaftServer$Division (RaftServerImpl.java:start(334)) - 93701946-f5e3-4943-a932-e133db5deae9@group-34335D786654: start as a follower, conf=-1: peers:[c6074cc5-da23-4fc2-b305-e072798acc5a|rpc:10.1.1.14:38087|dataStream:10.1.1.14:46483|priority:0|startupRole:FOLLOWER, 93701946-f5e3-4943-a932-e133db5deae9|rpc:10.1.1.14:32935|dataStream:10.1.1.14:45565|priority:1|startupRole:FOLLOWER, 7141d06d-71d8-4a56-9b5d-23c6772b1ac6|rpc:10.1.1.14:37745|dataStream:10.1.1.14:35891|priority:0|startupRole:FOLLOWER]|listeners:[], old=null
2023-01-24 12:22:53,586 [pool-117-thread-1] INFO  server.RaftServer$Division (RaftServerImpl.java:setRole(321)) - 93701946-f5e3-4943-a932-e133db5deae9@group-34335D786654: changes role from      null to FOLLOWER at term 0 for startAsFollower
2023-01-24 12:22:53,591 [pool-117-thread-1] INFO  impl.RoleInfo (RoleInfo.java:updateAndGet(139)) - 93701946-f5e3-4943-a932-e133db5deae9: start 93701946-f5e3-4943-a932-e133db5deae9@group-34335D786654-FollowerState
2023-01-24 12:22:53,591 [Command processor thread] INFO  commandhandler.CreatePipelineCommandHandler (CreatePipelineCommandHandler.java:handle(113)) - Created Pipeline RATIS THREE PipelineID=6c0a0579-a25a-4b3b-a2c7-34335d786654.
2023-01-24 12:22:53,595 [Command processor thread] INFO  server.RaftServer (RaftServerProxy.java:addNew(96)) - 7141d06d-71d8-4a56-9b5d-23c6772b1ac6: addNew group-67DBD99A6914:[c6074cc5-da23-4fc2-b305-e072798acc5a|rpc:10.1.1.14:38087|dataStream:10.1.1.14:46483|priority:1|startupRole:FOLLOWER, 93701946-f5e3-4943-a932-e133db5deae9|rpc:10.1.1.14:32935|dataStream:10.1.1.14:45565|priority:0|startupRole:FOLLOWER, 7141d06d-71d8-4a56-9b5d-23c6772b1ac6|rpc:10.1.1.14:37745|dataStream:10.1.1.14:35891|priority:0|startupRole:FOLLOWER] returns group-67DBD99A6914:java.util.concurrent.CompletableFuture@6ce8299d[Not completed]
2023-01-24 12:22:53,594 [93701946-f5e3-4943-a932-e133db5deae9@group-34335D786654-FollowerState] INFO  server.RaftServerConfigKeys (ConfUtils.java:logFallback(53)) - raft.server.rpc.first-election.timeout.min = 5s (fallback to raft.server.rpc.timeout.min)
2023-01-24 12:22:53,592 [pool-117-thread-1] INFO  util.JmxRegister (JmxRegister.java:tryRegister(44)) - Successfully registered JMX Bean with object name Ratis:service=RaftServer,group=group-34335D786654,id=93701946-f5e3-4943-a932-e133db5deae9
2023-01-24 12:22:53,599 [pool-117-thread-1] INFO  server.RaftServerConfigKeys (ConfUtils.java:logGet(46)) - raft.server.snapshot.auto.trigger.enabled = true (custom)
2023-01-24 12:22:53,599 [pool-117-thread-1] INFO  server.RaftServerConfigKeys (ConfUtils.java:logGet(46)) - raft.server.snapshot.auto.trigger.threshold = 10000 (custom)
2023-01-24 12:22:53,599 [pool-117-thread-1] INFO  server.RaftServerConfigKeys (ConfUtils.java:logGet(46)) - raft.server.snapshot.retention.file.num = 5 (custom)
2023-01-24 12:22:53,599 [pool-117-thread-1] INFO  server.RaftServerConfigKeys (ConfUtils.java:logGet(46)) - raft.server.log.purge.upto.snapshot.index = false (default)
2023-01-24 12:22:53,596 [pool-94-thread-1] INFO  server.RaftServer$Division (RaftServerImpl.java:<init>(195)) - 7141d06d-71d8-4a56-9b5d-23c6772b1ac6: new RaftServerImpl for group-67DBD99A6914:[c6074cc5-da23-4fc2-b305-e072798acc5a|rpc:10.1.1.14:38087|dataStream:10.1.1.14:46483|priority:1|startupRole:FOLLOWER, 93701946-f5e3-4943-a932-e133db5deae9|rpc:10.1.1.14:32935|dataStream:10.1.1.14:45565|priority:0|startupRole:FOLLOWER, 7141d06d-71d8-4a56-9b5d-23c6772b1ac6|rpc:10.1.1.14:37745|dataStream:10.1.1.14:35891|priority:0|startupRole:FOLLOWER] with ContainerStateMachine:uninitialized
2023-01-24 12:22:53,599 [pool-94-thread-1] INFO  server.RaftServerConfigKeys (ConfUtils.java:logGet(46)) - raft.server.rpc.timeout.min = 5s (custom)
2023-01-24 12:22:53,599 [pool-94-thread-1] INFO  server.RaftServerConfigKeys (ConfUtils.java:logGet(46)) - raft.server.rpc.timeout.max = 5200ms (custom)
2023-01-24 12:22:53,599 [pool-94-thread-1] INFO  server.RaftServerConfigKeys (ConfUtils.java:logGet(46)) - raft.server.rpc.sleep.time = 25ms (default)
2023-01-24 12:22:53,599 [pool-94-thread-1] INFO  server.RaftServerConfigKeys (ConfUtils.java:logGet(46)) - raft.server.rpc.slowness.timeout = 300s (custom)
2023-01-24 12:22:53,599 [pool-94-thread-1] INFO  server.RaftServerConfigKeys (ConfUtils.java:logGet(46)) - raft.server.leaderelection.leader.step-down.wait-time = 10s (default)
2023-01-24 12:22:53,599 [pool-94-thread-1] INFO  server.RaftServerConfigKeys (ConfUtils.java:logGet(46)) - raft.server.sleep.deviation.threshold = 300ms (default)
2023-01-24 12:22:53,600 [pool-94-thread-1] INFO  server.RaftServer$Division (ServerState.java:<init>(118)) - 7141d06d-71d8-4a56-9b5d-23c6772b1ac6@group-67DBD99A6914: ConfigurationManager, init=-1: peers:[c6074cc5-da23-4fc2-b305-e072798acc5a|rpc:10.1.1.14:38087|dataStream:10.1.1.14:46483|priority:1|startupRole:FOLLOWER, 93701946-f5e3-4943-a932-e133db5deae9|rpc:10.1.1.14:32935|dataStream:10.1.1.14:45565|priority:0|startupRole:FOLLOWER, 7141d06d-71d8-4a56-9b5d-23c6772b1ac6|rpc:10.1.1.14:37745|dataStream:10.1.1.14:35891|priority:0|startupRole:FOLLOWER]|listeners:[], old=null, confs=<EMPTY_MAP>
2023-01-24 12:22:53,600 [pool-94-thread-1] INFO  server.RaftServerConfigKeys (ConfUtils.java:logGet(46)) - raft.server.storage.dir = [/home/runner/work/ozone/ozone/hadoop-ozone/integration-test/target/test-dir/MiniOzoneClusterImpl-9ddee5dd-a9b0-4f84-bf8c-5f63b859aaaf/datanode-1/data/ratis] (custom)
2023-01-24 12:22:53,600 [pool-94-thread-1] INFO  server.RaftServerConfigKeys (ConfUtils.java:logGet(46)) - raft.server.log.corruption.policy = EXCEPTION (default)
2023-01-24 12:22:53,600 [pool-94-thread-1] INFO  server.RaftServerConfigKeys (ConfUtils.java:logGet(46)) - raft.server.storage.free-space.min = 0MB (=0) (default)
2023-01-24 12:22:53,600 [pool-94-thread-1] INFO  server.RaftServerConfigKeys (ConfUtils.java:logGet(46)) - raft.server.notification.no-leader.timeout = 300s (custom)
2023-01-24 12:22:53,600 [pool-94-thread-1] INFO  server.RaftServerConfigKeys (ConfUtils.java:logGet(46)) - raft.server.retrycache.expirytime = 600000ms (custom)
2023-01-24 12:22:53,600 [pool-94-thread-1] INFO  server.RaftServerConfigKeys (ConfUtils.java:logGet(46)) - raft.server.retrycache.statistics.expirytime = 100μs (default)
2023-01-24 12:22:53,601 [93701946-f5e3-4943-a932-e133db5deae9@group-34335D786654-FollowerState] INFO  server.RaftServerConfigKeys (ConfUtils.java:logFallback(53)) - raft.server.rpc.first-election.timeout.max = 5200ms (fallback to raft.server.rpc.timeout.max)
2023-01-24 12:22:53,603 [pool-94-thread-1] INFO  server.RaftServerConfigKeys (ConfUtils.java:logGet(46)) - raft.server.log.appender.install.snapshot.enabled = false (custom)
2023-01-24 12:22:53,603 [pool-94-thread-1] INFO  server.RaftServerConfigKeys (ConfUtils.java:logGet(46)) - raft.server.threadpool.server.cached = true (default)
2023-01-24 12:22:53,603 [pool-94-thread-1] INFO  server.RaftServerConfigKeys (ConfUtils.java:logGet(46)) - raft.server.threadpool.server.size = 0 (default)
2023-01-24 12:22:53,603 [pool-94-thread-1] INFO  server.RaftServerConfigKeys (ConfUtils.java:logGet(46)) - raft.server.threadpool.client.cached = true (default)
2023-01-24 12:22:53,603 [pool-94-thread-1] INFO  server.RaftServerConfigKeys (ConfUtils.java:logGet(46)) - raft.server.threadpool.client.size = 0 (default)
2023-01-24 12:22:53,603 [pool-94-thread-1] INFO  storage.RaftStorageDirectory (RaftStorageDirectoryImpl.java:analyzeStorage(137)) - The storage directory /home/runner/work/ozone/ozone/hadoop-ozone/integration-test/target/test-dir/MiniOzoneClusterImpl-9ddee5dd-a9b0-4f84-bf8c-5f63b859aaaf/datanode-1/data/ratis/e11cad59-a9c3-4779-a0df-67dbd99a6914 does not exist. Creating ...
2023-01-24 12:22:53,604 [pool-94-thread-1] INFO  storage.RaftStorageDirectory (RaftStorageDirectoryImpl.java:tryLock(231)) - Lock on /home/runner/work/ozone/ozone/hadoop-ozone/integration-test/target/test-dir/MiniOzoneClusterImpl-9ddee5dd-a9b0-4f84-bf8c-5f63b859aaaf/datanode-1/data/ratis/e11cad59-a9c3-4779-a0df-67dbd99a6914/in_use.lock acquired by nodename 59439@fv-az83-645
2023-01-24 12:22:53,604 [pool-94-thread-1] INFO  storage.RaftStorage (RaftStorageImpl.java:format(96)) - Storage directory /home/runner/work/ozone/ozone/hadoop-ozone/integration-test/target/test-dir/MiniOzoneClusterImpl-9ddee5dd-a9b0-4f84-bf8c-5f63b859aaaf/datanode-1/data/ratis/e11cad59-a9c3-4779-a0df-67dbd99a6914 has been successfully formatted.
2023-01-24 12:22:53,605 [pool-94-thread-1] INFO  ratis.ContainerStateMachine (ContainerStateMachine.java:loadSnapshot(240)) - group-67DBD99A6914: The snapshot info is null. Setting the last applied indexto:(t:0, i:~)
2023-01-24 12:22:53,605 [pool-94-thread-1] INFO  server.RaftServerConfigKeys (ConfUtils.java:logGet(46)) - raft.server.log.use.memory = false (default)
2023-01-24 12:22:53,605 [pool-94-thread-1] INFO  server.RaftServerConfigKeys (ConfUtils.java:logGet(46)) - raft.server.log.purge.gap = 1000000 (custom)
2023-01-24 12:22:53,606 [pool-94-thread-1] INFO  server.RaftServerConfigKeys (ConfUtils.java:logGet(46)) - raft.server.log.appender.buffer.byte-limit = 33554432 (custom)
2023-01-24 12:22:53,606 [pool-94-thread-1] INFO  server.RaftServerConfigKeys (ConfUtils.java:logGet(46)) - raft.server.log.statemachine.data.read.timeout = 1000ms (default)
2023-01-24 12:22:53,606 [pool-94-thread-1] INFO  server.RaftServerConfigKeys (ConfUtils.java:logGet(46)) - raft.server.log.purge.preservation.log.num = 0 (default)
2023-01-24 12:22:53,607 [EventQueue-OpenPipelineForHealthyPipelineSafeModeRule] INFO  safemode.SCMSafeModeManager (HealthyPipelineSafeModeRule.java:process(137)) - SCM in safe mode. Healthy pipelines reported count is 0, required healthy pipeline reported count is 1
2023-01-24 12:22:53,608 [pool-94-thread-1] INFO  server.RaftServerConfigKeys (ConfUtils.java:logGet(46)) - raft.server.log.segment.size.max = 1048576 (custom)
2023-01-24 12:22:53,608 [pool-94-thread-1] INFO  server.RaftServerConfigKeys (ConfUtils.java:logGet(46)) - raft.server.log.segment.cache.num.max = 2 (custom)
2023-01-24 12:22:53,608 [pool-94-thread-1] INFO  server.RaftServerConfigKeys (ConfUtils.java:logGet(46)) - raft.server.log.segment.cache.size.max = 200MB (=209715200) (default)
2023-01-24 12:22:53,608 [pool-94-thread-1] INFO  segmented.SegmentedRaftLogWorker (SegmentedRaftLogWorker.java:<init>(189)) - new 7141d06d-71d8-4a56-9b5d-23c6772b1ac6@group-67DBD99A6914-SegmentedRaftLogWorker for RaftStorageImpl:Storage Directory /home/runner/work/ozone/ozone/hadoop-ozone/integration-test/target/test-dir/MiniOzoneClusterImpl-9ddee5dd-a9b0-4f84-bf8c-5f63b859aaaf/datanode-1/data/ratis/e11cad59-a9c3-4779-a0df-67dbd99a6914
2023-01-24 12:22:53,609 [pool-94-thread-1] INFO  server.RaftServerConfigKeys (ConfUtils.java:logGet(46)) - raft.server.log.queue.byte-limit = 4294967296 (custom)
2023-01-24 12:22:53,609 [pool-94-thread-1] INFO  server.RaftServerConfigKeys (ConfUtils.java:logGet(46)) - raft.server.log.queue.element-limit = 1024 (custom)
2023-01-24 12:22:53,609 [pool-94-thread-1] INFO  server.RaftServerConfigKeys (ConfUtils.java:logGet(46)) - raft.server.log.segment.size.max = 1048576 (custom)
2023-01-24 12:22:53,609 [pool-94-thread-1] INFO  server.RaftServerConfigKeys (ConfUtils.java:logGet(46)) - raft.server.log.preallocated.size = 16384 (custom)
2023-01-24 12:22:53,609 [pool-94-thread-1] INFO  server.RaftServerConfigKeys (ConfUtils.java:logGet(46)) - raft.server.log.force.sync.num = 128 (default)
2023-01-24 12:22:53,609 [pool-94-thread-1] INFO  server.RaftServerConfigKeys (ConfUtils.java:logGet(46)) - raft.server.log.statemachine.data.sync = true (default)
2023-01-24 12:22:53,609 [pool-94-thread-1] INFO  server.RaftServerConfigKeys (ConfUtils.java:logGet(46)) - raft.server.log.statemachine.data.sync.timeout = 10s (default)
2023-01-24 12:22:53,609 [pool-94-thread-1] INFO  server.RaftServerConfigKeys (ConfUtils.java:logGet(46)) - raft.server.log.statemachine.data.sync.timeout.retry = -1 (default)
2023-01-24 12:22:53,610 [pool-94-thread-1] INFO  server.RaftServerConfigKeys (ConfUtils.java:logGet(46)) - raft.server.log.write.buffer.size = 1048576 (custom)
2023-01-24 12:22:53,610 [pool-94-thread-1] INFO  server.RaftServerConfigKeys (ConfUtils.java:logGet(46)) - raft.server.log.appender.buffer.byte-limit = 33554432 (custom)
2023-01-24 12:22:53,837 [Command processor thread] INFO  server.RaftServer (RaftServerProxy.java:addNew(96)) - 93701946-f5e3-4943-a932-e133db5deae9: addNew group-321FF30531CD:[93701946-f5e3-4943-a932-e133db5deae9|rpc:10.1.1.14:32935|dataStream:10.1.1.14:45565|priority:1|startupRole:FOLLOWER] returns group-321FF30531CD:java.util.concurrent.CompletableFuture@79a5eaf3[Not completed]
2023-01-24 12:22:53,846 [JvmPauseMonitor4] WARN  util.JvmPauseMonitor (JvmPauseMonitor.java:detectPause(126)) - JvmPauseMonitor-3f0205b3-740b-4219-bfdb-76da739fef9e: Detected pause in JVM or host machine (eg GC): pause of approximately 190197760ns.
GC pool 'PS MarkSweep' had collection(s): count=1 time=175ms
GC pool 'PS Scavenge' had collection(s): count=1 time=48ms
2023-01-24 12:22:53,846 [JvmPauseMonitor7] WARN  util.JvmPauseMonitor (JvmPauseMonitor.java:detectPause(126)) - JvmPauseMonitor-fb483a44-74cc-4237-a554-a68f3575ba39: Detected pause in JVM or host machine (eg GC): pause of approximately 136011463ns.
GC pool 'PS MarkSweep' had collection(s): count=1 time=175ms
GC pool 'PS Scavenge' had collection(s): count=1 time=48ms
2023-01-24 12:22:53,848 [pool-117-thread-1] INFO  server.RaftServer$Division (RaftServerImpl.java:<init>(195)) - 93701946-f5e3-4943-a932-e133db5deae9: new RaftServerImpl for group-321FF30531CD:[93701946-f5e3-4943-a932-e133db5deae9|rpc:10.1.1.14:32935|dataStream:10.1.1.14:45565|priority:1|startupRole:FOLLOWER] with ContainerStateMachine:uninitialized
2023-01-24 12:22:53,848 [pool-117-thread-1] INFO  server.RaftServerConfigKeys (ConfUtils.java:logGet(46)) - raft.server.rpc.timeout.min = 5s (custom)
2023-01-24 12:22:53,848 [pool-117-thread-1] INFO  server.RaftServerConfigKeys (ConfUtils.java:logGet(46)) - raft.server.rpc.timeout.max = 5200ms (custom)
2023-01-24 12:22:53,848 [pool-117-thread-1] INFO  server.RaftServerConfigKeys (ConfUtils.java:logGet(46)) - raft.server.rpc.sleep.time = 25ms (default)
2023-01-24 12:22:53,848 [pool-117-thread-1] INFO  server.RaftServerConfigKeys (ConfUtils.java:logGet(46)) - raft.server.rpc.slowness.timeout = 300s (custom)
2023-01-24 12:22:53,848 [pool-117-thread-1] INFO  server.RaftServerConfigKeys (ConfUtils.java:logGet(46)) - raft.server.leaderelection.leader.step-down.wait-time = 10s (default)
2023-01-24 12:22:53,848 [pool-117-thread-1] INFO  server.RaftServerConfigKeys (ConfUtils.java:logGet(46)) - raft.server.sleep.deviation.threshold = 300ms (default)
2023-01-24 12:22:53,848 [pool-117-thread-1] INFO  server.RaftServer$Division (ServerState.java:<init>(118)) - 93701946-f5e3-4943-a932-e133db5deae9@group-321FF30531CD: ConfigurationManager, init=-1: peers:[93701946-f5e3-4943-a932-e133db5deae9|rpc:10.1.1.14:32935|dataStream:10.1.1.14:45565|priority:1|startupRole:FOLLOWER]|listeners:[], old=null, confs=<EMPTY_MAP>
2023-01-24 12:22:53,848 [pool-117-thread-1] INFO  server.RaftServerConfigKeys (ConfUtils.java:logGet(46)) - raft.server.storage.dir = [/home/runner/work/ozone/ozone/hadoop-ozone/integration-test/target/test-dir/MiniOzoneClusterImpl-9ddee5dd-a9b0-4f84-bf8c-5f63b859aaaf/datanode-2/data/ratis] (custom)
2023-01-24 12:22:53,848 [pool-117-thread-1] INFO  server.RaftServerConfigKeys (ConfUtils.java:logGet(46)) - raft.server.log.corruption.policy = EXCEPTION (default)
2023-01-24 12:22:53,848 [pool-117-thread-1] INFO  server.RaftServerConfigKeys (ConfUtils.java:logGet(46)) - raft.server.storage.free-space.min = 0MB (=0) (default)
2023-01-24 12:22:53,848 [pool-117-thread-1] INFO  server.RaftServerConfigKeys (ConfUtils.java:logGet(46)) - raft.server.notification.no-leader.timeout = 300s (custom)
2023-01-24 12:22:53,849 [pool-117-thread-1] INFO  server.RaftServerConfigKeys (ConfUtils.java:logGet(46)) - raft.server.retrycache.expirytime = 600000ms (custom)
2023-01-24 12:22:53,849 [pool-117-thread-1] INFO  server.RaftServerConfigKeys (ConfUtils.java:logGet(46)) - raft.server.retrycache.statistics.expirytime = 100μs (default)
2023-01-24 12:22:53,850 [pool-117-thread-1] INFO  server.RaftServerConfigKeys (ConfUtils.java:logGet(46)) - raft.server.log.appender.install.snapshot.enabled = false (custom)
2023-01-24 12:22:53,850 [pool-117-thread-1] INFO  server.RaftServerConfigKeys (ConfUtils.java:logGet(46)) - raft.server.threadpool.server.cached = true (default)
2023-01-24 12:22:53,850 [pool-117-thread-1] INFO  server.RaftServerConfigKeys (ConfUtils.java:logGet(46)) - raft.server.threadpool.server.size = 0 (default)
2023-01-24 12:22:53,850 [pool-117-thread-1] INFO  server.RaftServerConfigKeys (ConfUtils.java:logGet(46)) - raft.server.threadpool.client.cached = true (default)
2023-01-24 12:22:53,850 [pool-117-thread-1] INFO  server.RaftServerConfigKeys (ConfUtils.java:logGet(46)) - raft.server.threadpool.client.size = 0 (default)
2023-01-24 12:22:53,851 [pool-94-thread-1] INFO  server.RaftServerConfigKeys (ConfUtils.java:logGet(46)) - raft.server.log.unsafe-flush.enabled = false (default)
2023-01-24 12:22:53,851 [pool-94-thread-1] INFO  server.RaftServerConfigKeys (ConfUtils.java:logGet(46)) - raft.server.log.async-flush.enabled = false (default)
2023-01-24 12:22:53,851 [pool-94-thread-1] INFO  server.RaftServerConfigKeys (ConfUtils.java:logGet(46)) - raft.server.log.statemachine.data.caching.enabled = true (custom)
2023-01-24 12:22:53,851 [pool-94-thread-1] INFO  segmented.SegmentedRaftLogWorker (SegmentedRaftLogWorker.java:lambda$new$0(135)) - 7141d06d-71d8-4a56-9b5d-23c6772b1ac6@group-67DBD99A6914-SegmentedRaftLogWorker: flushIndex: setUnconditionally 0 -> -1
2023-01-24 12:22:53,851 [pool-94-thread-1] INFO  segmented.SegmentedRaftLogWorker (SegmentedRaftLogWorker.java:lambda$new$0(135)) - 7141d06d-71d8-4a56-9b5d-23c6772b1ac6@group-67DBD99A6914-SegmentedRaftLogWorker: safeCacheEvictIndex: setUnconditionally 0 -> -1
2023-01-24 12:22:53,851 [pool-117-thread-1] INFO  storage.RaftStorageDirectory (RaftStorageDirectoryImpl.java:analyzeStorage(137)) - The storage directory /home/runner/work/ozone/ozone/hadoop-ozone/integration-test/target/test-dir/MiniOzoneClusterImpl-9ddee5dd-a9b0-4f84-bf8c-5f63b859aaaf/datanode-2/data/ratis/e450c585-e12b-44c7-b97b-321ff30531cd does not exist. Creating ...
2023-01-24 12:22:53,852 [pool-94-thread-1] INFO  server.RaftServer$Division (RaftServerImpl.java:start(334)) - 7141d06d-71d8-4a56-9b5d-23c6772b1ac6@group-67DBD99A6914: start as a follower, conf=-1: peers:[c6074cc5-da23-4fc2-b305-e072798acc5a|rpc:10.1.1.14:38087|dataStream:10.1.1.14:46483|priority:1|startupRole:FOLLOWER, 93701946-f5e3-4943-a932-e133db5deae9|rpc:10.1.1.14:32935|dataStream:10.1.1.14:45565|priority:0|startupRole:FOLLOWER, 7141d06d-71d8-4a56-9b5d-23c6772b1ac6|rpc:10.1.1.14:37745|dataStream:10.1.1.14:35891|priority:0|startupRole:FOLLOWER]|listeners:[], old=null
2023-01-24 12:22:53,852 [pool-94-thread-1] INFO  server.RaftServer$Division (RaftServerImpl.java:setRole(321)) - 7141d06d-71d8-4a56-9b5d-23c6772b1ac6@group-67DBD99A6914: changes role from      null to FOLLOWER at term 0 for startAsFollower
2023-01-24 12:22:53,852 [pool-94-thread-1] INFO  impl.RoleInfo (RoleInfo.java:updateAndGet(139)) - 7141d06d-71d8-4a56-9b5d-23c6772b1ac6: start 7141d06d-71d8-4a56-9b5d-23c6772b1ac6@group-67DBD99A6914-FollowerState
2023-01-24 12:22:53,852 [pool-117-thread-1] INFO  storage.RaftStorageDirectory (RaftStorageDirectoryImpl.java:tryLock(231)) - Lock on /home/runner/work/ozone/ozone/hadoop-ozone/integration-test/target/test-dir/MiniOzoneClusterImpl-9ddee5dd-a9b0-4f84-bf8c-5f63b859aaaf/datanode-2/data/ratis/e450c585-e12b-44c7-b97b-321ff30531cd/in_use.lock acquired by nodename 59439@fv-az83-645
2023-01-24 12:22:53,852 [pool-94-thread-1] INFO  util.JmxRegister (JmxRegister.java:tryRegister(44)) - Successfully registered JMX Bean with object name Ratis:service=RaftServer,group=group-67DBD99A6914,id=7141d06d-71d8-4a56-9b5d-23c6772b1ac6
2023-01-24 12:22:53,854 [pool-94-thread-1] INFO  server.RaftServerConfigKeys (ConfUtils.java:logGet(46)) - raft.server.snapshot.auto.trigger.enabled = true (custom)
2023-01-24 12:22:53,854 [pool-94-thread-1] INFO  server.RaftServerConfigKeys (ConfUtils.java:logGet(46)) - raft.server.snapshot.auto.trigger.threshold = 10000 (custom)
2023-01-24 12:22:53,854 [pool-94-thread-1] INFO  server.RaftServerConfigKeys (ConfUtils.java:logGet(46)) - raft.server.snapshot.retention.file.num = 5 (custom)
2023-01-24 12:22:53,854 [pool-94-thread-1] INFO  server.RaftServerConfigKeys (ConfUtils.java:logGet(46)) - raft.server.log.purge.upto.snapshot.index = false (default)
2023-01-24 12:22:53,852 [7141d06d-71d8-4a56-9b5d-23c6772b1ac6@group-67DBD99A6914-FollowerState] INFO  server.RaftServerConfigKeys (ConfUtils.java:logFallback(53)) - raft.server.rpc.first-election.timeout.min = 5s (fallback to raft.server.rpc.timeout.min)
2023-01-24 12:22:53,855 [7141d06d-71d8-4a56-9b5d-23c6772b1ac6@group-67DBD99A6914-FollowerState] INFO  server.RaftServerConfigKeys (ConfUtils.java:logFallback(53)) - raft.server.rpc.first-election.timeout.max = 5200ms (fallback to raft.server.rpc.timeout.max)
2023-01-24 12:22:53,855 [Command processor thread] INFO  ratis.XceiverServerRatis (XceiverServerRatis.java:addGroup(806)) - Created group PipelineID=e11cad59-a9c3-4779-a0df-67dbd99a6914
2023-01-24 12:22:53,855 [pool-117-thread-1] INFO  storage.RaftStorage (RaftStorageImpl.java:format(96)) - Storage directory /home/runner/work/ozone/ozone/hadoop-ozone/integration-test/target/test-dir/MiniOzoneClusterImpl-9ddee5dd-a9b0-4f84-bf8c-5f63b859aaaf/datanode-2/data/ratis/e450c585-e12b-44c7-b97b-321ff30531cd has been successfully formatted.
2023-01-24 12:22:53,855 [pool-117-thread-1] INFO  ratis.ContainerStateMachine (ContainerStateMachine.java:loadSnapshot(240)) - group-321FF30531CD: The snapshot info is null. Setting the last applied indexto:(t:0, i:~)
2023-01-24 12:22:53,856 [pool-117-thread-1] INFO  server.RaftServerConfigKeys (ConfUtils.java:logGet(46)) - raft.server.log.use.memory = false (default)
2023-01-24 12:22:53,856 [pool-117-thread-1] INFO  server.RaftServerConfigKeys (ConfUtils.java:logGet(46)) - raft.server.log.purge.gap = 1000000 (custom)
2023-01-24 12:22:53,856 [pool-117-thread-1] INFO  server.RaftServerConfigKeys (ConfUtils.java:logGet(46)) - raft.server.log.appender.buffer.byte-limit = 33554432 (custom)
2023-01-24 12:22:53,856 [pool-117-thread-1] INFO  server.RaftServerConfigKeys (ConfUtils.java:logGet(46)) - raft.server.log.statemachine.data.read.timeout = 1000ms (default)
2023-01-24 12:22:53,856 [pool-117-thread-1] INFO  server.RaftServerConfigKeys (ConfUtils.java:logGet(46)) - raft.server.log.purge.preservation.log.num = 0 (default)
2023-01-24 12:22:53,856 [pool-117-thread-1] INFO  server.RaftServerConfigKeys (ConfUtils.java:logGet(46)) - raft.server.log.segment.size.max = 1048576 (custom)
2023-01-24 12:22:53,867 [pool-117-thread-1] INFO  server.RaftServerConfigKeys (ConfUtils.java:logGet(46)) - raft.server.log.segment.cache.num.max = 2 (custom)
2023-01-24 12:22:53,867 [pool-117-thread-1] INFO  server.RaftServerConfigKeys (ConfUtils.java:logGet(46)) - raft.server.log.segment.cache.size.max = 200MB (=209715200) (default)
2023-01-24 12:22:53,867 [pool-117-thread-1] INFO  segmented.SegmentedRaftLogWorker (SegmentedRaftLogWorker.java:<init>(189)) - new 93701946-f5e3-4943-a932-e133db5deae9@group-321FF30531CD-SegmentedRaftLogWorker for RaftStorageImpl:Storage Directory /home/runner/work/ozone/ozone/hadoop-ozone/integration-test/target/test-dir/MiniOzoneClusterImpl-9ddee5dd-a9b0-4f84-bf8c-5f63b859aaaf/datanode-2/data/ratis/e450c585-e12b-44c7-b97b-321ff30531cd
2023-01-24 12:22:53,867 [pool-117-thread-1] INFO  server.RaftServerConfigKeys (ConfUtils.java:logGet(46)) - raft.server.log.queue.byte-limit = 4294967296 (custom)
2023-01-24 12:22:53,867 [pool-117-thread-1] INFO  server.RaftServerConfigKeys (ConfUtils.java:logGet(46)) - raft.server.log.queue.element-limit = 1024 (custom)
2023-01-24 12:22:53,867 [pool-117-thread-1] INFO  server.RaftServerConfigKeys (ConfUtils.java:logGet(46)) - raft.server.log.segment.size.max = 1048576 (custom)
2023-01-24 12:22:53,867 [pool-117-thread-1] INFO  server.RaftServerConfigKeys (ConfUtils.java:logGet(46)) - raft.server.log.preallocated.size = 16384 (custom)
2023-01-24 12:22:53,867 [pool-117-thread-1] INFO  server.RaftServerConfigKeys (ConfUtils.java:logGet(46)) - raft.server.log.force.sync.num = 128 (default)
2023-01-24 12:22:53,867 [pool-117-thread-1] INFO  server.RaftServerConfigKeys (ConfUtils.java:logGet(46)) - raft.server.log.statemachine.data.sync = true (default)
2023-01-24 12:22:53,867 [pool-117-thread-1] INFO  server.RaftServerConfigKeys (ConfUtils.java:logGet(46)) - raft.server.log.statemachine.data.sync.timeout = 10s (default)
2023-01-24 12:22:53,867 [pool-117-thread-1] INFO  server.RaftServerConfigKeys (ConfUtils.java:logGet(46)) - raft.server.log.statemachine.data.sync.timeout.retry = -1 (default)
2023-01-24 12:22:53,868 [pool-117-thread-1] INFO  server.RaftServerConfigKeys (ConfUtils.java:logGet(46)) - raft.server.log.write.buffer.size = 1048576 (custom)
2023-01-24 12:22:53,868 [pool-117-thread-1] INFO  server.RaftServerConfigKeys (ConfUtils.java:logGet(46)) - raft.server.log.appender.buffer.byte-limit = 33554432 (custom)
2023-01-24 12:22:53,871 [pool-117-thread-1] INFO  server.RaftServerConfigKeys (ConfUtils.java:logGet(46)) - raft.server.log.unsafe-flush.enabled = false (default)
2023-01-24 12:22:53,871 [pool-117-thread-1] INFO  server.RaftServerConfigKeys (ConfUtils.java:logGet(46)) - raft.server.log.async-flush.enabled = false (default)
2023-01-24 12:22:53,871 [pool-117-thread-1] INFO  server.RaftServerConfigKeys (ConfUtils.java:logGet(46)) - raft.server.log.statemachine.data.caching.enabled = true (custom)
2023-01-24 12:22:53,871 [pool-117-thread-1] INFO  segmented.SegmentedRaftLogWorker (SegmentedRaftLogWorker.java:lambda$new$0(135)) - 93701946-f5e3-4943-a932-e133db5deae9@group-321FF30531CD-SegmentedRaftLogWorker: flushIndex: setUnconditionally 0 -> -1
2023-01-24 12:22:53,871 [pool-117-thread-1] INFO  segmented.SegmentedRaftLogWorker (SegmentedRaftLogWorker.java:lambda$new$0(135)) - 93701946-f5e3-4943-a932-e133db5deae9@group-321FF30531CD-SegmentedRaftLogWorker: safeCacheEvictIndex: setUnconditionally 0 -> -1
2023-01-24 12:22:53,871 [pool-117-thread-1] INFO  server.RaftServer$Division (RaftServerImpl.java:start(334)) - 93701946-f5e3-4943-a932-e133db5deae9@group-321FF30531CD: start as a follower, conf=-1: peers:[93701946-f5e3-4943-a932-e133db5deae9|rpc:10.1.1.14:32935|dataStream:10.1.1.14:45565|priority:1|startupRole:FOLLOWER]|listeners:[], old=null
2023-01-24 12:22:53,871 [pool-117-thread-1] INFO  server.RaftServer$Division (RaftServerImpl.java:setRole(321)) - 93701946-f5e3-4943-a932-e133db5deae9@group-321FF30531CD: changes role from      null to FOLLOWER at term 0 for startAsFollower
2023-01-24 12:22:53,871 [pool-117-thread-1] INFO  impl.RoleInfo (RoleInfo.java:updateAndGet(139)) - 93701946-f5e3-4943-a932-e133db5deae9: start 93701946-f5e3-4943-a932-e133db5deae9@group-321FF30531CD-FollowerState
2023-01-24 12:22:53,872 [pool-117-thread-1] INFO  util.JmxRegister (JmxRegister.java:tryRegister(44)) - Successfully registered JMX Bean with object name Ratis:service=RaftServer,group=group-321FF30531CD,id=93701946-f5e3-4943-a932-e133db5deae9
2023-01-24 12:22:53,872 [pool-117-thread-1] INFO  server.RaftServerConfigKeys (ConfUtils.java:logGet(46)) - raft.server.snapshot.auto.trigger.enabled = true (custom)
2023-01-24 12:22:53,872 [pool-117-thread-1] INFO  server.RaftServerConfigKeys (ConfUtils.java:logGet(46)) - raft.server.snapshot.auto.trigger.threshold = 10000 (custom)
2023-01-24 12:22:53,872 [pool-117-thread-1] INFO  server.RaftServerConfigKeys (ConfUtils.java:logGet(46)) - raft.server.snapshot.retention.file.num = 5 (custom)
2023-01-24 12:22:53,872 [pool-117-thread-1] INFO  server.RaftServerConfigKeys (ConfUtils.java:logGet(46)) - raft.server.log.purge.upto.snapshot.index = false (default)
2023-01-24 12:22:53,873 [93701946-f5e3-4943-a932-e133db5deae9@group-321FF30531CD-FollowerState] INFO  server.RaftServerConfigKeys (ConfUtils.java:logFallback(53)) - raft.server.rpc.first-election.timeout.min = 5s (fallback to raft.server.rpc.timeout.min)
2023-01-24 12:22:53,873 [93701946-f5e3-4943-a932-e133db5deae9@group-321FF30531CD-FollowerState] INFO  server.RaftServerConfigKeys (ConfUtils.java:logFallback(53)) - raft.server.rpc.first-election.timeout.max = 5200ms (fallback to raft.server.rpc.timeout.max)
2023-01-24 12:22:53,881 [Command processor thread] INFO  ratis.XceiverServerRatis (XceiverServerRatis.java:addGroup(806)) - Created group PipelineID=e450c585-e12b-44c7-b97b-321ff30531cd
2023-01-24 12:22:53,881 [Command processor thread] INFO  commandhandler.CreatePipelineCommandHandler (CreatePipelineCommandHandler.java:handle(113)) - Created Pipeline RATIS ONE PipelineID=e450c585-e12b-44c7-b97b-321ff30531cd.
2023-01-24 12:22:53,883 [Command processor thread] INFO  server.RaftServer (RaftServerProxy.java:addNew(96)) - 93701946-f5e3-4943-a932-e133db5deae9: addNew group-67DBD99A6914:[c6074cc5-da23-4fc2-b305-e072798acc5a|rpc:10.1.1.14:38087|dataStream:10.1.1.14:46483|priority:1|startupRole:FOLLOWER, 93701946-f5e3-4943-a932-e133db5deae9|rpc:10.1.1.14:32935|dataStream:10.1.1.14:45565|priority:0|startupRole:FOLLOWER, 7141d06d-71d8-4a56-9b5d-23c6772b1ac6|rpc:10.1.1.14:37745|dataStream:10.1.1.14:35891|priority:0|startupRole:FOLLOWER] returns group-67DBD99A6914:java.util.concurrent.CompletableFuture@77620bb7[Not completed]
2023-01-24 12:22:53,884 [pool-117-thread-1] INFO  server.RaftServer$Division (RaftServerImpl.java:<init>(195)) - 93701946-f5e3-4943-a932-e133db5deae9: new RaftServerImpl for group-67DBD99A6914:[c6074cc5-da23-4fc2-b305-e072798acc5a|rpc:10.1.1.14:38087|dataStream:10.1.1.14:46483|priority:1|startupRole:FOLLOWER, 93701946-f5e3-4943-a932-e133db5deae9|rpc:10.1.1.14:32935|dataStream:10.1.1.14:45565|priority:0|startupRole:FOLLOWER, 7141d06d-71d8-4a56-9b5d-23c6772b1ac6|rpc:10.1.1.14:37745|dataStream:10.1.1.14:35891|priority:0|startupRole:FOLLOWER] with ContainerStateMachine:uninitialized
2023-01-24 12:22:53,885 [pool-117-thread-1] INFO  server.RaftServerConfigKeys (ConfUtils.java:logGet(46)) - raft.server.rpc.timeout.min = 5s (custom)
2023-01-24 12:22:53,885 [pool-117-thread-1] INFO  server.RaftServerConfigKeys (ConfUtils.java:logGet(46)) - raft.server.rpc.timeout.max = 5200ms (custom)
2023-01-24 12:22:53,885 [pool-117-thread-1] INFO  server.RaftServerConfigKeys (ConfUtils.java:logGet(46)) - raft.server.rpc.sleep.time = 25ms (default)
2023-01-24 12:22:53,885 [pool-117-thread-1] INFO  server.RaftServerConfigKeys (ConfUtils.java:logGet(46)) - raft.server.rpc.slowness.timeout = 300s (custom)
2023-01-24 12:22:53,885 [pool-117-thread-1] INFO  server.RaftServerConfigKeys (ConfUtils.java:logGet(46)) - raft.server.leaderelection.leader.step-down.wait-time = 10s (default)
2023-01-24 12:22:53,885 [pool-117-thread-1] INFO  server.RaftServerConfigKeys (ConfUtils.java:logGet(46)) - raft.server.sleep.deviation.threshold = 300ms (default)
2023-01-24 12:22:53,885 [pool-117-thread-1] INFO  server.RaftServer$Division (ServerState.java:<init>(118)) - 93701946-f5e3-4943-a932-e133db5deae9@group-67DBD99A6914: ConfigurationManager, init=-1: peers:[c6074cc5-da23-4fc2-b305-e072798acc5a|rpc:10.1.1.14:38087|dataStream:10.1.1.14:46483|priority:1|startupRole:FOLLOWER, 93701946-f5e3-4943-a932-e133db5deae9|rpc:10.1.1.14:32935|dataStream:10.1.1.14:45565|priority:0|startupRole:FOLLOWER, 7141d06d-71d8-4a56-9b5d-23c6772b1ac6|rpc:10.1.1.14:37745|dataStream:10.1.1.14:35891|priority:0|startupRole:FOLLOWER]|listeners:[], old=null, confs=<EMPTY_MAP>
2023-01-24 12:22:53,885 [pool-117-thread-1] INFO  server.RaftServerConfigKeys (ConfUtils.java:logGet(46)) - raft.server.storage.dir = [/home/runner/work/ozone/ozone/hadoop-ozone/integration-test/target/test-dir/MiniOzoneClusterImpl-9ddee5dd-a9b0-4f84-bf8c-5f63b859aaaf/datanode-2/data/ratis] (custom)
2023-01-24 12:22:53,885 [pool-117-thread-1] INFO  server.RaftServerConfigKeys (ConfUtils.java:logGet(46)) - raft.server.log.corruption.policy = EXCEPTION (default)
2023-01-24 12:22:53,885 [pool-117-thread-1] INFO  server.RaftServerConfigKeys (ConfUtils.java:logGet(46)) - raft.server.storage.free-space.min = 0MB (=0) (default)
2023-01-24 12:22:53,885 [pool-117-thread-1] INFO  server.RaftServerConfigKeys (ConfUtils.java:logGet(46)) - raft.server.notification.no-leader.timeout = 300s (custom)
2023-01-24 12:22:53,885 [pool-117-thread-1] INFO  server.RaftServerConfigKeys (ConfUtils.java:logGet(46)) - raft.server.retrycache.expirytime = 600000ms (custom)
2023-01-24 12:22:53,885 [pool-117-thread-1] INFO  server.RaftServerConfigKeys (ConfUtils.java:logGet(46)) - raft.server.retrycache.statistics.expirytime = 100μs (default)
2023-01-24 12:22:53,889 [pool-117-thread-1] INFO  server.RaftServerConfigKeys (ConfUtils.java:logGet(46)) - raft.server.log.appender.install.snapshot.enabled = false (custom)
2023-01-24 12:22:53,889 [pool-117-thread-1] INFO  server.RaftServerConfigKeys (ConfUtils.java:logGet(46)) - raft.server.threadpool.server.cached = true (default)
2023-01-24 12:22:53,889 [pool-117-thread-1] INFO  server.RaftServerConfigKeys (ConfUtils.java:logGet(46)) - raft.server.threadpool.server.size = 0 (default)
2023-01-24 12:22:53,889 [pool-117-thread-1] INFO  server.RaftServerConfigKeys (ConfUtils.java:logGet(46)) - raft.server.threadpool.client.cached = true (default)
2023-01-24 12:22:53,889 [pool-117-thread-1] INFO  server.RaftServerConfigKeys (ConfUtils.java:logGet(46)) - raft.server.threadpool.client.size = 0 (default)
2023-01-24 12:22:53,889 [pool-117-thread-1] INFO  storage.RaftStorageDirectory (RaftStorageDirectoryImpl.java:analyzeStorage(137)) - The storage directory /home/runner/work/ozone/ozone/hadoop-ozone/integration-test/target/test-dir/MiniOzoneClusterImpl-9ddee5dd-a9b0-4f84-bf8c-5f63b859aaaf/datanode-2/data/ratis/e11cad59-a9c3-4779-a0df-67dbd99a6914 does not exist. Creating ...
2023-01-24 12:22:53,891 [EventQueue-PipelineReportForPipelineReportHandler] INFO  pipeline.PipelineManagerImpl (PipelineManagerImpl.java:openPipeline(367)) - Pipeline Pipeline[ Id: e450c585-e12b-44c7-b97b-321ff30531cd, Nodes: 93701946-f5e3-4943-a932-e133db5deae9(fv-az83-645.uavyq1izdhte5b0ne1us2eqzhb.jx.internal.cloudapp.net/10.1.1.14), ReplicationConfig: RATIS/ONE, State:ALLOCATED, leaderId:93701946-f5e3-4943-a932-e133db5deae9, CreationTimestamp2023-01-24T12:22:50.749Z[Etc/UTC]] moved to OPEN state
2023-01-24 12:22:53,896 [EventQueue-OpenPipelineForHealthyPipelineSafeModeRule] INFO  safemode.SCMSafeModeManager (HealthyPipelineSafeModeRule.java:process(137)) - SCM in safe mode. Healthy pipelines reported count is 0, required healthy pipeline reported count is 1
2023-01-24 12:22:53,896 [pool-117-thread-1] INFO  storage.RaftStorageDirectory (RaftStorageDirectoryImpl.java:tryLock(231)) - Lock on /home/runner/work/ozone/ozone/hadoop-ozone/integration-test/target/test-dir/MiniOzoneClusterImpl-9ddee5dd-a9b0-4f84-bf8c-5f63b859aaaf/datanode-2/data/ratis/e11cad59-a9c3-4779-a0df-67dbd99a6914/in_use.lock acquired by nodename 59439@fv-az83-645
2023-01-24 12:22:53,897 [pool-117-thread-1] INFO  storage.RaftStorage (RaftStorageImpl.java:format(96)) - Storage directory /home/runner/work/ozone/ozone/hadoop-ozone/integration-test/target/test-dir/MiniOzoneClusterImpl-9ddee5dd-a9b0-4f84-bf8c-5f63b859aaaf/datanode-2/data/ratis/e11cad59-a9c3-4779-a0df-67dbd99a6914 has been successfully formatted.
2023-01-24 12:22:53,898 [pool-117-thread-1] INFO  ratis.ContainerStateMachine (ContainerStateMachine.java:loadSnapshot(240)) - group-67DBD99A6914: The snapshot info is null. Setting the last applied indexto:(t:0, i:~)
2023-01-24 12:22:53,898 [pool-117-thread-1] INFO  server.RaftServerConfigKeys (ConfUtils.java:logGet(46)) - raft.server.log.use.memory = false (default)
2023-01-24 12:22:53,898 [pool-117-thread-1] INFO  server.RaftServerConfigKeys (ConfUtils.java:logGet(46)) - raft.server.log.purge.gap = 1000000 (custom)
2023-01-24 12:22:53,898 [pool-117-thread-1] INFO  server.RaftServerConfigKeys (ConfUtils.java:logGet(46)) - raft.server.log.appender.buffer.byte-limit = 33554432 (custom)
2023-01-24 12:22:53,898 [pool-117-thread-1] INFO  server.RaftServerConfigKeys (ConfUtils.java:logGet(46)) - raft.server.log.statemachine.data.read.timeout = 1000ms (default)
2023-01-24 12:22:53,898 [pool-117-thread-1] INFO  server.RaftServerConfigKeys (ConfUtils.java:logGet(46)) - raft.server.log.purge.preservation.log.num = 0 (default)
2023-01-24 12:22:53,898 [pool-117-thread-1] INFO  server.RaftServerConfigKeys (ConfUtils.java:logGet(46)) - raft.server.log.segment.size.max = 1048576 (custom)
2023-01-24 12:22:53,899 [pool-117-thread-1] INFO  server.RaftServerConfigKeys (ConfUtils.java:logGet(46)) - raft.server.log.segment.cache.num.max = 2 (custom)
2023-01-24 12:22:53,899 [pool-117-thread-1] INFO  server.RaftServerConfigKeys (ConfUtils.java:logGet(46)) - raft.server.log.segment.cache.size.max = 200MB (=209715200) (default)
2023-01-24 12:22:53,903 [pool-117-thread-1] INFO  segmented.SegmentedRaftLogWorker (SegmentedRaftLogWorker.java:<init>(189)) - new 93701946-f5e3-4943-a932-e133db5deae9@group-67DBD99A6914-SegmentedRaftLogWorker for RaftStorageImpl:Storage Directory /home/runner/work/ozone/ozone/hadoop-ozone/integration-test/target/test-dir/MiniOzoneClusterImpl-9ddee5dd-a9b0-4f84-bf8c-5f63b859aaaf/datanode-2/data/ratis/e11cad59-a9c3-4779-a0df-67dbd99a6914
2023-01-24 12:22:53,903 [pool-117-thread-1] INFO  server.RaftServerConfigKeys (ConfUtils.java:logGet(46)) - raft.server.log.queue.byte-limit = 4294967296 (custom)
2023-01-24 12:22:53,903 [pool-117-thread-1] INFO  server.RaftServerConfigKeys (ConfUtils.java:logGet(46)) - raft.server.log.queue.element-limit = 1024 (custom)
2023-01-24 12:22:53,903 [pool-117-thread-1] INFO  server.RaftServerConfigKeys (ConfUtils.java:logGet(46)) - raft.server.log.segment.size.max = 1048576 (custom)
2023-01-24 12:22:53,903 [pool-117-thread-1] INFO  server.RaftServerConfigKeys (ConfUtils.java:logGet(46)) - raft.server.log.preallocated.size = 16384 (custom)
2023-01-24 12:22:53,903 [pool-117-thread-1] INFO  server.RaftServerConfigKeys (ConfUtils.java:logGet(46)) - raft.server.log.force.sync.num = 128 (default)
2023-01-24 12:22:53,903 [pool-117-thread-1] INFO  server.RaftServerConfigKeys (ConfUtils.java:logGet(46)) - raft.server.log.statemachine.data.sync = true (default)
2023-01-24 12:22:53,903 [pool-117-thread-1] INFO  server.RaftServerConfigKeys (ConfUtils.java:logGet(46)) - raft.server.log.statemachine.data.sync.timeout = 10s (default)
2023-01-24 12:22:53,903 [pool-117-thread-1] INFO  server.RaftServerConfigKeys (ConfUtils.java:logGet(46)) - raft.server.log.statemachine.data.sync.timeout.retry = -1 (default)
2023-01-24 12:22:53,904 [pool-117-thread-1] INFO  server.RaftServerConfigKeys (ConfUtils.java:logGet(46)) - raft.server.log.write.buffer.size = 1048576 (custom)
2023-01-24 12:22:53,904 [pool-117-thread-1] INFO  server.RaftServerConfigKeys (ConfUtils.java:logGet(46)) - raft.server.log.appender.buffer.byte-limit = 33554432 (custom)
2023-01-24 12:22:53,908 [EventQueue-OpenPipelineForHealthyPipelineSafeModeRule] INFO  safemode.SCMSafeModeManager (HealthyPipelineSafeModeRule.java:process(137)) - SCM in safe mode. Healthy pipelines reported count is 0, required healthy pipeline reported count is 1
2023-01-24 12:22:53,909 [pool-117-thread-1] INFO  server.RaftServerConfigKeys (ConfUtils.java:logGet(46)) - raft.server.log.unsafe-flush.enabled = false (default)
2023-01-24 12:22:53,909 [pool-117-thread-1] INFO  server.RaftServerConfigKeys (ConfUtils.java:logGet(46)) - raft.server.log.async-flush.enabled = false (default)
2023-01-24 12:22:53,909 [pool-117-thread-1] INFO  server.RaftServerConfigKeys (ConfUtils.java:logGet(46)) - raft.server.log.statemachine.data.caching.enabled = true (custom)
2023-01-24 12:22:53,909 [pool-117-thread-1] INFO  segmented.SegmentedRaftLogWorker (SegmentedRaftLogWorker.java:lambda$new$0(135)) - 93701946-f5e3-4943-a932-e133db5deae9@group-67DBD99A6914-SegmentedRaftLogWorker: flushIndex: setUnconditionally 0 -> -1
2023-01-24 12:22:53,909 [pool-117-thread-1] INFO  segmented.SegmentedRaftLogWorker (SegmentedRaftLogWorker.java:lambda$new$0(135)) - 93701946-f5e3-4943-a932-e133db5deae9@group-67DBD99A6914-SegmentedRaftLogWorker: safeCacheEvictIndex: setUnconditionally 0 -> -1
2023-01-24 12:22:53,909 [pool-117-thread-1] INFO  server.RaftServer$Division (RaftServerImpl.java:start(334)) - 93701946-f5e3-4943-a932-e133db5deae9@group-67DBD99A6914: start as a follower, conf=-1: peers:[c6074cc5-da23-4fc2-b305-e072798acc5a|rpc:10.1.1.14:38087|dataStream:10.1.1.14:46483|priority:1|startupRole:FOLLOWER, 93701946-f5e3-4943-a932-e133db5deae9|rpc:10.1.1.14:32935|dataStream:10.1.1.14:45565|priority:0|startupRole:FOLLOWER, 7141d06d-71d8-4a56-9b5d-23c6772b1ac6|rpc:10.1.1.14:37745|dataStream:10.1.1.14:35891|priority:0|startupRole:FOLLOWER]|listeners:[], old=null
2023-01-24 12:22:53,909 [pool-117-thread-1] INFO  server.RaftServer$Division (RaftServerImpl.java:setRole(321)) - 93701946-f5e3-4943-a932-e133db5deae9@group-67DBD99A6914: changes role from      null to FOLLOWER at term 0 for startAsFollower
2023-01-24 12:22:53,909 [pool-117-thread-1] INFO  impl.RoleInfo (RoleInfo.java:updateAndGet(139)) - 93701946-f5e3-4943-a932-e133db5deae9: start 93701946-f5e3-4943-a932-e133db5deae9@group-67DBD99A6914-FollowerState
2023-01-24 12:22:53,913 [pool-117-thread-1] INFO  util.JmxRegister (JmxRegister.java:tryRegister(44)) - Successfully registered JMX Bean with object name Ratis:service=RaftServer,group=group-67DBD99A6914,id=93701946-f5e3-4943-a932-e133db5deae9
2023-01-24 12:22:53,913 [pool-117-thread-1] INFO  server.RaftServerConfigKeys (ConfUtils.java:logGet(46)) - raft.server.snapshot.auto.trigger.enabled = true (custom)
2023-01-24 12:22:53,913 [pool-117-thread-1] INFO  server.RaftServerConfigKeys (ConfUtils.java:logGet(46)) - raft.server.snapshot.auto.trigger.threshold = 10000 (custom)
2023-01-24 12:22:53,913 [pool-117-thread-1] INFO  server.RaftServerConfigKeys (ConfUtils.java:logGet(46)) - raft.server.snapshot.retention.file.num = 5 (custom)
2023-01-24 12:22:53,913 [pool-117-thread-1] INFO  server.RaftServerConfigKeys (ConfUtils.java:logGet(46)) - raft.server.log.purge.upto.snapshot.index = false (default)
2023-01-24 12:22:53,914 [93701946-f5e3-4943-a932-e133db5deae9@group-67DBD99A6914-FollowerState] INFO  server.RaftServerConfigKeys (ConfUtils.java:logFallback(53)) - raft.server.rpc.first-election.timeout.min = 5s (fallback to raft.server.rpc.timeout.min)
2023-01-24 12:22:53,918 [Command processor thread] INFO  ratis.XceiverServerRatis (XceiverServerRatis.java:addGroup(806)) - Created group PipelineID=e11cad59-a9c3-4779-a0df-67dbd99a6914
2023-01-24 12:22:53,919 [93701946-f5e3-4943-a932-e133db5deae9@group-67DBD99A6914-FollowerState] INFO  server.RaftServerConfigKeys (ConfUtils.java:logFallback(53)) - raft.server.rpc.first-election.timeout.max = 5200ms (fallback to raft.server.rpc.timeout.max)
2023-01-24 12:22:53,914 [Command processor thread] INFO  commandhandler.CreatePipelineCommandHandler (CreatePipelineCommandHandler.java:handle(113)) - Created Pipeline RATIS THREE PipelineID=6c0a0579-a25a-4b3b-a2c7-34335d786654.
2023-01-24 12:22:53,922 [Command processor thread] INFO  server.RaftServer (RaftServerProxy.java:addNew(96)) - c6074cc5-da23-4fc2-b305-e072798acc5a: addNew group-67DBD99A6914:[c6074cc5-da23-4fc2-b305-e072798acc5a|rpc:10.1.1.14:38087|dataStream:10.1.1.14:46483|priority:1|startupRole:FOLLOWER, 93701946-f5e3-4943-a932-e133db5deae9|rpc:10.1.1.14:32935|dataStream:10.1.1.14:45565|priority:0|startupRole:FOLLOWER, 7141d06d-71d8-4a56-9b5d-23c6772b1ac6|rpc:10.1.1.14:37745|dataStream:10.1.1.14:35891|priority:0|startupRole:FOLLOWER] returns group-67DBD99A6914:java.util.concurrent.CompletableFuture@497a3c25[Not completed]
2023-01-24 12:22:53,923 [pool-71-thread-1] INFO  server.RaftServer$Division (RaftServerImpl.java:<init>(195)) - c6074cc5-da23-4fc2-b305-e072798acc5a: new RaftServerImpl for group-67DBD99A6914:[c6074cc5-da23-4fc2-b305-e072798acc5a|rpc:10.1.1.14:38087|dataStream:10.1.1.14:46483|priority:1|startupRole:FOLLOWER, 93701946-f5e3-4943-a932-e133db5deae9|rpc:10.1.1.14:32935|dataStream:10.1.1.14:45565|priority:0|startupRole:FOLLOWER, 7141d06d-71d8-4a56-9b5d-23c6772b1ac6|rpc:10.1.1.14:37745|dataStream:10.1.1.14:35891|priority:0|startupRole:FOLLOWER] with ContainerStateMachine:uninitialized
2023-01-24 12:22:53,923 [pool-71-thread-1] INFO  server.RaftServerConfigKeys (ConfUtils.java:logGet(46)) - raft.server.rpc.timeout.min = 5s (custom)
2023-01-24 12:22:53,923 [pool-71-thread-1] INFO  server.RaftServerConfigKeys (ConfUtils.java:logGet(46)) - raft.server.rpc.timeout.max = 5200ms (custom)
2023-01-24 12:22:53,923 [pool-71-thread-1] INFO  server.RaftServerConfigKeys (ConfUtils.java:logGet(46)) - raft.server.rpc.sleep.time = 25ms (default)
2023-01-24 12:22:53,923 [pool-71-thread-1] INFO  server.RaftServerConfigKeys (ConfUtils.java:logGet(46)) - raft.server.rpc.slowness.timeout = 300s (custom)
2023-01-24 12:22:53,923 [pool-71-thread-1] INFO  server.RaftServerConfigKeys (ConfUtils.java:logGet(46)) - raft.server.leaderelection.leader.step-down.wait-time = 10s (default)
2023-01-24 12:22:53,923 [pool-71-thread-1] INFO  server.RaftServerConfigKeys (ConfUtils.java:logGet(46)) - raft.server.sleep.deviation.threshold = 300ms (default)
2023-01-24 12:22:53,923 [pool-71-thread-1] INFO  server.RaftServer$Division (ServerState.java:<init>(118)) - c6074cc5-da23-4fc2-b305-e072798acc5a@group-67DBD99A6914: ConfigurationManager, init=-1: peers:[c6074cc5-da23-4fc2-b305-e072798acc5a|rpc:10.1.1.14:38087|dataStream:10.1.1.14:46483|priority:1|startupRole:FOLLOWER, 93701946-f5e3-4943-a932-e133db5deae9|rpc:10.1.1.14:32935|dataStream:10.1.1.14:45565|priority:0|startupRole:FOLLOWER, 7141d06d-71d8-4a56-9b5d-23c6772b1ac6|rpc:10.1.1.14:37745|dataStream:10.1.1.14:35891|priority:0|startupRole:FOLLOWER]|listeners:[], old=null, confs=<EMPTY_MAP>
2023-01-24 12:22:53,923 [pool-71-thread-1] INFO  server.RaftServerConfigKeys (ConfUtils.java:logGet(46)) - raft.server.storage.dir = [/home/runner/work/ozone/ozone/hadoop-ozone/integration-test/target/test-dir/MiniOzoneClusterImpl-9ddee5dd-a9b0-4f84-bf8c-5f63b859aaaf/datanode-0/data/ratis] (custom)
2023-01-24 12:22:53,923 [pool-71-thread-1] INFO  server.RaftServerConfigKeys (ConfUtils.java:logGet(46)) - raft.server.log.corruption.policy = EXCEPTION (default)
2023-01-24 12:22:53,923 [pool-71-thread-1] INFO  server.RaftServerConfigKeys (ConfUtils.java:logGet(46)) - raft.server.storage.free-space.min = 0MB (=0) (default)
2023-01-24 12:22:53,923 [pool-71-thread-1] INFO  server.RaftServerConfigKeys (ConfUtils.java:logGet(46)) - raft.server.notification.no-leader.timeout = 300s (custom)
2023-01-24 12:22:53,923 [pool-71-thread-1] INFO  server.RaftServerConfigKeys (ConfUtils.java:logGet(46)) - raft.server.retrycache.expirytime = 600000ms (custom)
2023-01-24 12:22:53,923 [pool-71-thread-1] INFO  server.RaftServerConfigKeys (ConfUtils.java:logGet(46)) - raft.server.retrycache.statistics.expirytime = 100μs (default)
2023-01-24 12:22:53,925 [pool-71-thread-1] INFO  server.RaftServerConfigKeys (ConfUtils.java:logGet(46)) - raft.server.log.appender.install.snapshot.enabled = false (custom)
2023-01-24 12:22:53,925 [pool-71-thread-1] INFO  server.RaftServerConfigKeys (ConfUtils.java:logGet(46)) - raft.server.threadpool.server.cached = true (default)
2023-01-24 12:22:53,925 [pool-71-thread-1] INFO  server.RaftServerConfigKeys (ConfUtils.java:logGet(46)) - raft.server.threadpool.server.size = 0 (default)
2023-01-24 12:22:53,925 [pool-71-thread-1] INFO  server.RaftServerConfigKeys (ConfUtils.java:logGet(46)) - raft.server.threadpool.client.cached = true (default)
2023-01-24 12:22:53,925 [pool-71-thread-1] INFO  server.RaftServerConfigKeys (ConfUtils.java:logGet(46)) - raft.server.threadpool.client.size = 0 (default)
2023-01-24 12:22:53,925 [pool-71-thread-1] INFO  storage.RaftStorageDirectory (RaftStorageDirectoryImpl.java:analyzeStorage(137)) - The storage directory /home/runner/work/ozone/ozone/hadoop-ozone/integration-test/target/test-dir/MiniOzoneClusterImpl-9ddee5dd-a9b0-4f84-bf8c-5f63b859aaaf/datanode-0/data/ratis/e11cad59-a9c3-4779-a0df-67dbd99a6914 does not exist. Creating ...
2023-01-24 12:22:53,929 [pool-71-thread-1] INFO  storage.RaftStorageDirectory (RaftStorageDirectoryImpl.java:tryLock(231)) - Lock on /home/runner/work/ozone/ozone/hadoop-ozone/integration-test/target/test-dir/MiniOzoneClusterImpl-9ddee5dd-a9b0-4f84-bf8c-5f63b859aaaf/datanode-0/data/ratis/e11cad59-a9c3-4779-a0df-67dbd99a6914/in_use.lock acquired by nodename 59439@fv-az83-645
2023-01-24 12:22:53,931 [pool-71-thread-1] INFO  storage.RaftStorage (RaftStorageImpl.java:format(96)) - Storage directory /home/runner/work/ozone/ozone/hadoop-ozone/integration-test/target/test-dir/MiniOzoneClusterImpl-9ddee5dd-a9b0-4f84-bf8c-5f63b859aaaf/datanode-0/data/ratis/e11cad59-a9c3-4779-a0df-67dbd99a6914 has been successfully formatted.
2023-01-24 12:22:53,931 [pool-71-thread-1] INFO  ratis.ContainerStateMachine (ContainerStateMachine.java:loadSnapshot(240)) - group-67DBD99A6914: The snapshot info is null. Setting the last applied indexto:(t:0, i:~)
2023-01-24 12:22:53,931 [pool-71-thread-1] INFO  server.RaftServerConfigKeys (ConfUtils.java:logGet(46)) - raft.server.log.use.memory = false (default)
2023-01-24 12:22:53,931 [pool-71-thread-1] INFO  server.RaftServerConfigKeys (ConfUtils.java:logGet(46)) - raft.server.log.purge.gap = 1000000 (custom)
2023-01-24 12:22:53,932 [pool-71-thread-1] INFO  server.RaftServerConfigKeys (ConfUtils.java:logGet(46)) - raft.server.log.appender.buffer.byte-limit = 33554432 (custom)
2023-01-24 12:22:53,932 [pool-71-thread-1] INFO  server.RaftServerConfigKeys (ConfUtils.java:logGet(46)) - raft.server.log.statemachine.data.read.timeout = 1000ms (default)
2023-01-24 12:22:53,932 [pool-71-thread-1] INFO  server.RaftServerConfigKeys (ConfUtils.java:logGet(46)) - raft.server.log.purge.preservation.log.num = 0 (default)
2023-01-24 12:22:53,934 [pool-71-thread-1] INFO  server.RaftServerConfigKeys (ConfUtils.java:logGet(46)) - raft.server.log.segment.size.max = 1048576 (custom)
2023-01-24 12:22:53,934 [pool-71-thread-1] INFO  server.RaftServerConfigKeys (ConfUtils.java:logGet(46)) - raft.server.log.segment.cache.num.max = 2 (custom)
2023-01-24 12:22:53,934 [pool-71-thread-1] INFO  server.RaftServerConfigKeys (ConfUtils.java:logGet(46)) - raft.server.log.segment.cache.size.max = 200MB (=209715200) (default)
2023-01-24 12:22:53,935 [EventQueue-OpenPipelineForHealthyPipelineSafeModeRule] INFO  safemode.SCMSafeModeManager (HealthyPipelineSafeModeRule.java:process(137)) - SCM in safe mode. Healthy pipelines reported count is 0, required healthy pipeline reported count is 1
2023-01-24 12:22:53,936 [pool-71-thread-1] INFO  segmented.SegmentedRaftLogWorker (SegmentedRaftLogWorker.java:<init>(189)) - new c6074cc5-da23-4fc2-b305-e072798acc5a@group-67DBD99A6914-SegmentedRaftLogWorker for RaftStorageImpl:Storage Directory /home/runner/work/ozone/ozone/hadoop-ozone/integration-test/target/test-dir/MiniOzoneClusterImpl-9ddee5dd-a9b0-4f84-bf8c-5f63b859aaaf/datanode-0/data/ratis/e11cad59-a9c3-4779-a0df-67dbd99a6914
2023-01-24 12:22:53,936 [pool-71-thread-1] INFO  server.RaftServerConfigKeys (ConfUtils.java:logGet(46)) - raft.server.log.queue.byte-limit = 4294967296 (custom)
2023-01-24 12:22:53,936 [pool-71-thread-1] INFO  server.RaftServerConfigKeys (ConfUtils.java:logGet(46)) - raft.server.log.queue.element-limit = 1024 (custom)
2023-01-24 12:22:53,937 [pool-71-thread-1] INFO  server.RaftServerConfigKeys (ConfUtils.java:logGet(46)) - raft.server.log.segment.size.max = 1048576 (custom)
2023-01-24 12:22:53,937 [pool-71-thread-1] INFO  server.RaftServerConfigKeys (ConfUtils.java:logGet(46)) - raft.server.log.preallocated.size = 16384 (custom)
2023-01-24 12:22:53,937 [pool-71-thread-1] INFO  server.RaftServerConfigKeys (ConfUtils.java:logGet(46)) - raft.server.log.force.sync.num = 128 (default)
2023-01-24 12:22:53,937 [pool-71-thread-1] INFO  server.RaftServerConfigKeys (ConfUtils.java:logGet(46)) - raft.server.log.statemachine.data.sync = true (default)
2023-01-24 12:22:53,937 [pool-71-thread-1] INFO  server.RaftServerConfigKeys (ConfUtils.java:logGet(46)) - raft.server.log.statemachine.data.sync.timeout = 10s (default)
2023-01-24 12:22:53,937 [pool-71-thread-1] INFO  server.RaftServerConfigKeys (ConfUtils.java:logGet(46)) - raft.server.log.statemachine.data.sync.timeout.retry = -1 (default)
2023-01-24 12:22:53,938 [pool-71-thread-1] INFO  server.RaftServerConfigKeys (ConfUtils.java:logGet(46)) - raft.server.log.write.buffer.size = 1048576 (custom)
2023-01-24 12:22:53,939 [pool-71-thread-1] INFO  server.RaftServerConfigKeys (ConfUtils.java:logGet(46)) - raft.server.log.appender.buffer.byte-limit = 33554432 (custom)
2023-01-24 12:22:53,942 [pool-71-thread-1] INFO  server.RaftServerConfigKeys (ConfUtils.java:logGet(46)) - raft.server.log.unsafe-flush.enabled = false (default)
2023-01-24 12:22:53,942 [pool-71-thread-1] INFO  server.RaftServerConfigKeys (ConfUtils.java:logGet(46)) - raft.server.log.async-flush.enabled = false (default)
2023-01-24 12:22:53,942 [pool-71-thread-1] INFO  server.RaftServerConfigKeys (ConfUtils.java:logGet(46)) - raft.server.log.statemachine.data.caching.enabled = true (custom)
2023-01-24 12:22:53,942 [pool-71-thread-1] INFO  segmented.SegmentedRaftLogWorker (SegmentedRaftLogWorker.java:lambda$new$0(135)) - c6074cc5-da23-4fc2-b305-e072798acc5a@group-67DBD99A6914-SegmentedRaftLogWorker: flushIndex: setUnconditionally 0 -> -1
2023-01-24 12:22:53,942 [pool-71-thread-1] INFO  segmented.SegmentedRaftLogWorker (SegmentedRaftLogWorker.java:lambda$new$0(135)) - c6074cc5-da23-4fc2-b305-e072798acc5a@group-67DBD99A6914-SegmentedRaftLogWorker: safeCacheEvictIndex: setUnconditionally 0 -> -1
2023-01-24 12:22:53,942 [pool-71-thread-1] INFO  server.RaftServer$Division (RaftServerImpl.java:start(334)) - c6074cc5-da23-4fc2-b305-e072798acc5a@group-67DBD99A6914: start as a follower, conf=-1: peers:[c6074cc5-da23-4fc2-b305-e072798acc5a|rpc:10.1.1.14:38087|dataStream:10.1.1.14:46483|priority:1|startupRole:FOLLOWER, 93701946-f5e3-4943-a932-e133db5deae9|rpc:10.1.1.14:32935|dataStream:10.1.1.14:45565|priority:0|startupRole:FOLLOWER, 7141d06d-71d8-4a56-9b5d-23c6772b1ac6|rpc:10.1.1.14:37745|dataStream:10.1.1.14:35891|priority:0|startupRole:FOLLOWER]|listeners:[], old=null
2023-01-24 12:22:53,942 [pool-71-thread-1] INFO  server.RaftServer$Division (RaftServerImpl.java:setRole(321)) - c6074cc5-da23-4fc2-b305-e072798acc5a@group-67DBD99A6914: changes role from      null to FOLLOWER at term 0 for startAsFollower
2023-01-24 12:22:53,942 [pool-71-thread-1] INFO  impl.RoleInfo (RoleInfo.java:updateAndGet(139)) - c6074cc5-da23-4fc2-b305-e072798acc5a: start c6074cc5-da23-4fc2-b305-e072798acc5a@group-67DBD99A6914-FollowerState
2023-01-24 12:22:53,946 [pool-71-thread-1] INFO  util.JmxRegister (JmxRegister.java:tryRegister(44)) - Successfully registered JMX Bean with object name Ratis:service=RaftServer,group=group-67DBD99A6914,id=c6074cc5-da23-4fc2-b305-e072798acc5a
2023-01-24 12:22:53,946 [pool-71-thread-1] INFO  server.RaftServerConfigKeys (ConfUtils.java:logGet(46)) - raft.server.snapshot.auto.trigger.enabled = true (custom)
2023-01-24 12:22:53,946 [pool-71-thread-1] INFO  server.RaftServerConfigKeys (ConfUtils.java:logGet(46)) - raft.server.snapshot.auto.trigger.threshold = 10000 (custom)
2023-01-24 12:22:53,946 [pool-71-thread-1] INFO  server.RaftServerConfigKeys (ConfUtils.java:logGet(46)) - raft.server.snapshot.retention.file.num = 5 (custom)
2023-01-24 12:22:53,946 [pool-71-thread-1] INFO  server.RaftServerConfigKeys (ConfUtils.java:logGet(46)) - raft.server.log.purge.upto.snapshot.index = false (default)
2023-01-24 12:22:53,950 [c6074cc5-da23-4fc2-b305-e072798acc5a@group-67DBD99A6914-FollowerState] INFO  server.RaftServerConfigKeys (ConfUtils.java:logFallback(53)) - raft.server.rpc.first-election.timeout.min = 5s (fallback to raft.server.rpc.timeout.min)
2023-01-24 12:22:53,955 [c6074cc5-da23-4fc2-b305-e072798acc5a@group-67DBD99A6914-FollowerState] INFO  server.RaftServerConfigKeys (ConfUtils.java:logFallback(53)) - raft.server.rpc.first-election.timeout.max = 5200ms (fallback to raft.server.rpc.timeout.max)
2023-01-24 12:22:53,955 [Command processor thread] INFO  ratis.XceiverServerRatis (XceiverServerRatis.java:addGroup(806)) - Created group PipelineID=e11cad59-a9c3-4779-a0df-67dbd99a6914
2023-01-24 12:22:54,017 [Command processor thread] INFO  commandhandler.CreatePipelineCommandHandler (CreatePipelineCommandHandler.java:handle(113)) - Created Pipeline RATIS THREE PipelineID=e11cad59-a9c3-4779-a0df-67dbd99a6914.
2023-01-24 12:22:54,042 [Command processor thread] INFO  commandhandler.CreatePipelineCommandHandler (CreatePipelineCommandHandler.java:handle(113)) - Created Pipeline RATIS THREE PipelineID=e11cad59-a9c3-4779-a0df-67dbd99a6914.
2023-01-24 12:22:54,048 [Command processor thread] INFO  commandhandler.CreatePipelineCommandHandler (CreatePipelineCommandHandler.java:handle(113)) - Created Pipeline RATIS THREE PipelineID=e11cad59-a9c3-4779-a0df-67dbd99a6914.
2023-01-24 12:22:54,091 [Command processor thread] INFO  server.RaftServer (RaftServerProxy.java:addNew(96)) - 3f0205b3-740b-4219-bfdb-76da739fef9e: addNew group-9526E230C616:[3f0205b3-740b-4219-bfdb-76da739fef9e|rpc:10.1.1.14:39411|dataStream:10.1.1.14:35799|priority:1|startupRole:FOLLOWER] returns group-9526E230C616:java.util.concurrent.CompletableFuture@6c9fc29[Not completed]
2023-01-24 12:22:54,096 [pool-140-thread-1] INFO  server.RaftServer$Division (RaftServerImpl.java:<init>(195)) - 3f0205b3-740b-4219-bfdb-76da739fef9e: new RaftServerImpl for group-9526E230C616:[3f0205b3-740b-4219-bfdb-76da739fef9e|rpc:10.1.1.14:39411|dataStream:10.1.1.14:35799|priority:1|startupRole:FOLLOWER] with ContainerStateMachine:uninitialized
2023-01-24 12:22:54,096 [pool-140-thread-1] INFO  server.RaftServerConfigKeys (ConfUtils.java:logGet(46)) - raft.server.rpc.timeout.min = 5s (custom)
2023-01-24 12:22:54,096 [pool-140-thread-1] INFO  server.RaftServerConfigKeys (ConfUtils.java:logGet(46)) - raft.server.rpc.timeout.max = 5200ms (custom)
2023-01-24 12:22:54,097 [pool-140-thread-1] INFO  server.RaftServerConfigKeys (ConfUtils.java:logGet(46)) - raft.server.rpc.sleep.time = 25ms (default)
2023-01-24 12:22:54,097 [pool-140-thread-1] INFO  server.RaftServerConfigKeys (ConfUtils.java:logGet(46)) - raft.server.rpc.slowness.timeout = 300s (custom)
2023-01-24 12:22:54,097 [pool-140-thread-1] INFO  server.RaftServerConfigKeys (ConfUtils.java:logGet(46)) - raft.server.leaderelection.leader.step-down.wait-time = 10s (default)
2023-01-24 12:22:54,097 [pool-140-thread-1] INFO  server.RaftServerConfigKeys (ConfUtils.java:logGet(46)) - raft.server.sleep.deviation.threshold = 300ms (default)
2023-01-24 12:22:54,097 [pool-140-thread-1] INFO  server.RaftServer$Division (ServerState.java:<init>(118)) - 3f0205b3-740b-4219-bfdb-76da739fef9e@group-9526E230C616: ConfigurationManager, init=-1: peers:[3f0205b3-740b-4219-bfdb-76da739fef9e|rpc:10.1.1.14:39411|dataStream:10.1.1.14:35799|priority:1|startupRole:FOLLOWER]|listeners:[], old=null, confs=<EMPTY_MAP>
2023-01-24 12:22:54,097 [pool-140-thread-1] INFO  server.RaftServerConfigKeys (ConfUtils.java:logGet(46)) - raft.server.storage.dir = [/home/runner/work/ozone/ozone/hadoop-ozone/integration-test/target/test-dir/MiniOzoneClusterImpl-9ddee5dd-a9b0-4f84-bf8c-5f63b859aaaf/datanode-3/data/ratis] (custom)
2023-01-24 12:22:54,097 [pool-140-thread-1] INFO  server.RaftServerConfigKeys (ConfUtils.java:logGet(46)) - raft.server.log.corruption.policy = EXCEPTION (default)
2023-01-24 12:22:54,097 [pool-140-thread-1] INFO  server.RaftServerConfigKeys (ConfUtils.java:logGet(46)) - raft.server.storage.free-space.min = 0MB (=0) (default)
2023-01-24 12:22:54,097 [pool-140-thread-1] INFO  server.RaftServerConfigKeys (ConfUtils.java:logGet(46)) - raft.server.notification.no-leader.timeout = 300s (custom)
2023-01-24 12:22:54,097 [pool-140-thread-1] INFO  server.RaftServerConfigKeys (ConfUtils.java:logGet(46)) - raft.server.retrycache.expirytime = 600000ms (custom)
2023-01-24 12:22:54,097 [pool-140-thread-1] INFO  server.RaftServerConfigKeys (ConfUtils.java:logGet(46)) - raft.server.retrycache.statistics.expirytime = 100μs (default)
2023-01-24 12:22:54,099 [pool-140-thread-1] INFO  server.RaftServerConfigKeys (ConfUtils.java:logGet(46)) - raft.server.log.appender.install.snapshot.enabled = false (custom)
2023-01-24 12:22:54,100 [pool-140-thread-1] INFO  server.RaftServerConfigKeys (ConfUtils.java:logGet(46)) - raft.server.threadpool.server.cached = true (default)
2023-01-24 12:22:54,100 [pool-140-thread-1] INFO  server.RaftServerConfigKeys (ConfUtils.java:logGet(46)) - raft.server.threadpool.server.size = 0 (default)
2023-01-24 12:22:54,100 [pool-140-thread-1] INFO  server.RaftServerConfigKeys (ConfUtils.java:logGet(46)) - raft.server.threadpool.client.cached = true (default)
2023-01-24 12:22:54,100 [pool-140-thread-1] INFO  server.RaftServerConfigKeys (ConfUtils.java:logGet(46)) - raft.server.threadpool.client.size = 0 (default)
2023-01-24 12:22:54,100 [pool-140-thread-1] INFO  storage.RaftStorageDirectory (RaftStorageDirectoryImpl.java:analyzeStorage(137)) - The storage directory /home/runner/work/ozone/ozone/hadoop-ozone/integration-test/target/test-dir/MiniOzoneClusterImpl-9ddee5dd-a9b0-4f84-bf8c-5f63b859aaaf/datanode-3/data/ratis/c18189c5-d890-4e62-9612-9526e230c616 does not exist. Creating ...
2023-01-24 12:22:54,101 [pool-140-thread-1] INFO  storage.RaftStorageDirectory (RaftStorageDirectoryImpl.java:tryLock(231)) - Lock on /home/runner/work/ozone/ozone/hadoop-ozone/integration-test/target/test-dir/MiniOzoneClusterImpl-9ddee5dd-a9b0-4f84-bf8c-5f63b859aaaf/datanode-3/data/ratis/c18189c5-d890-4e62-9612-9526e230c616/in_use.lock acquired by nodename 59439@fv-az83-645
2023-01-24 12:22:54,101 [pool-140-thread-1] INFO  storage.RaftStorage (RaftStorageImpl.java:format(96)) - Storage directory /home/runner/work/ozone/ozone/hadoop-ozone/integration-test/target/test-dir/MiniOzoneClusterImpl-9ddee5dd-a9b0-4f84-bf8c-5f63b859aaaf/datanode-3/data/ratis/c18189c5-d890-4e62-9612-9526e230c616 has been successfully formatted.
2023-01-24 12:22:54,102 [pool-140-thread-1] INFO  ratis.ContainerStateMachine (ContainerStateMachine.java:loadSnapshot(240)) - group-9526E230C616: The snapshot info is null. Setting the last applied indexto:(t:0, i:~)
2023-01-24 12:22:54,102 [pool-140-thread-1] INFO  server.RaftServerConfigKeys (ConfUtils.java:logGet(46)) - raft.server.log.use.memory = false (default)
2023-01-24 12:22:54,102 [pool-140-thread-1] INFO  server.RaftServerConfigKeys (ConfUtils.java:logGet(46)) - raft.server.log.purge.gap = 1000000 (custom)
2023-01-24 12:22:54,102 [pool-140-thread-1] INFO  server.RaftServerConfigKeys (ConfUtils.java:logGet(46)) - raft.server.log.appender.buffer.byte-limit = 33554432 (custom)
2023-01-24 12:22:54,105 [EventQueue-PipelineReportForPipelineReportHandler] INFO  pipeline.PipelineManagerImpl (PipelineManagerImpl.java:openPipeline(367)) - Pipeline Pipeline[ Id: c18189c5-d890-4e62-9612-9526e230c616, Nodes: 3f0205b3-740b-4219-bfdb-76da739fef9e(fv-az83-645.uavyq1izdhte5b0ne1us2eqzhb.jx.internal.cloudapp.net/10.1.1.14), ReplicationConfig: RATIS/ONE, State:ALLOCATED, leaderId:3f0205b3-740b-4219-bfdb-76da739fef9e, CreationTimestamp2023-01-24T12:22:51.094Z[Etc/UTC]] moved to OPEN state
2023-01-24 12:22:54,107 [EventQueue-OpenPipelineForHealthyPipelineSafeModeRule] INFO  safemode.SCMSafeModeManager (HealthyPipelineSafeModeRule.java:process(137)) - SCM in safe mode. Healthy pipelines reported count is 0, required healthy pipeline reported count is 1
2023-01-24 12:22:54,108 [pool-140-thread-1] INFO  server.RaftServerConfigKeys (ConfUtils.java:logGet(46)) - raft.server.log.statemachine.data.read.timeout = 1000ms (default)
2023-01-24 12:22:54,108 [pool-140-thread-1] INFO  server.RaftServerConfigKeys (ConfUtils.java:logGet(46)) - raft.server.log.purge.preservation.log.num = 0 (default)
2023-01-24 12:22:54,108 [pool-140-thread-1] INFO  server.RaftServerConfigKeys (ConfUtils.java:logGet(46)) - raft.server.log.segment.size.max = 1048576 (custom)
2023-01-24 12:22:54,109 [pool-140-thread-1] INFO  server.RaftServerConfigKeys (ConfUtils.java:logGet(46)) - raft.server.log.segment.cache.num.max = 2 (custom)
2023-01-24 12:22:54,109 [pool-140-thread-1] INFO  server.RaftServerConfigKeys (ConfUtils.java:logGet(46)) - raft.server.log.segment.cache.size.max = 200MB (=209715200) (default)
2023-01-24 12:22:54,109 [pool-140-thread-1] INFO  segmented.SegmentedRaftLogWorker (SegmentedRaftLogWorker.java:<init>(189)) - new 3f0205b3-740b-4219-bfdb-76da739fef9e@group-9526E230C616-SegmentedRaftLogWorker for RaftStorageImpl:Storage Directory /home/runner/work/ozone/ozone/hadoop-ozone/integration-test/target/test-dir/MiniOzoneClusterImpl-9ddee5dd-a9b0-4f84-bf8c-5f63b859aaaf/datanode-3/data/ratis/c18189c5-d890-4e62-9612-9526e230c616
2023-01-24 12:22:54,109 [pool-140-thread-1] INFO  server.RaftServerConfigKeys (ConfUtils.java:logGet(46)) - raft.server.log.queue.byte-limit = 4294967296 (custom)
2023-01-24 12:22:54,109 [pool-140-thread-1] INFO  server.RaftServerConfigKeys (ConfUtils.java:logGet(46)) - raft.server.log.queue.element-limit = 1024 (custom)
2023-01-24 12:22:54,109 [pool-140-thread-1] INFO  server.RaftServerConfigKeys (ConfUtils.java:logGet(46)) - raft.server.log.segment.size.max = 1048576 (custom)
2023-01-24 12:22:54,109 [pool-140-thread-1] INFO  server.RaftServerConfigKeys (ConfUtils.java:logGet(46)) - raft.server.log.preallocated.size = 16384 (custom)
2023-01-24 12:22:54,109 [pool-140-thread-1] INFO  server.RaftServerConfigKeys (ConfUtils.java:logGet(46)) - raft.server.log.force.sync.num = 128 (default)
2023-01-24 12:22:54,109 [pool-140-thread-1] INFO  server.RaftServerConfigKeys (ConfUtils.java:logGet(46)) - raft.server.log.statemachine.data.sync = true (default)
2023-01-24 12:22:54,109 [pool-140-thread-1] INFO  server.RaftServerConfigKeys (ConfUtils.java:logGet(46)) - raft.server.log.statemachine.data.sync.timeout = 10s (default)
2023-01-24 12:22:54,109 [pool-140-thread-1] INFO  server.RaftServerConfigKeys (ConfUtils.java:logGet(46)) - raft.server.log.statemachine.data.sync.timeout.retry = -1 (default)
2023-01-24 12:22:54,111 [pool-140-thread-1] INFO  server.RaftServerConfigKeys (ConfUtils.java:logGet(46)) - raft.server.log.write.buffer.size = 1048576 (custom)
2023-01-24 12:22:54,112 [pool-140-thread-1] INFO  server.RaftServerConfigKeys (ConfUtils.java:logGet(46)) - raft.server.log.appender.buffer.byte-limit = 33554432 (custom)
2023-01-24 12:22:54,115 [pool-140-thread-1] INFO  server.RaftServerConfigKeys (ConfUtils.java:logGet(46)) - raft.server.log.unsafe-flush.enabled = false (default)
2023-01-24 12:22:54,115 [pool-140-thread-1] INFO  server.RaftServerConfigKeys (ConfUtils.java:logGet(46)) - raft.server.log.async-flush.enabled = false (default)
2023-01-24 12:22:54,115 [pool-140-thread-1] INFO  server.RaftServerConfigKeys (ConfUtils.java:logGet(46)) - raft.server.log.statemachine.data.caching.enabled = true (custom)
2023-01-24 12:22:54,115 [pool-140-thread-1] INFO  segmented.SegmentedRaftLogWorker (SegmentedRaftLogWorker.java:lambda$new$0(135)) - 3f0205b3-740b-4219-bfdb-76da739fef9e@group-9526E230C616-SegmentedRaftLogWorker: flushIndex: setUnconditionally 0 -> -1
2023-01-24 12:22:54,115 [pool-140-thread-1] INFO  segmented.SegmentedRaftLogWorker (SegmentedRaftLogWorker.java:lambda$new$0(135)) - 3f0205b3-740b-4219-bfdb-76da739fef9e@group-9526E230C616-SegmentedRaftLogWorker: safeCacheEvictIndex: setUnconditionally 0 -> -1
2023-01-24 12:22:54,118 [pool-140-thread-1] INFO  server.RaftServer$Division (RaftServerImpl.java:start(334)) - 3f0205b3-740b-4219-bfdb-76da739fef9e@group-9526E230C616: start as a follower, conf=-1: peers:[3f0205b3-740b-4219-bfdb-76da739fef9e|rpc:10.1.1.14:39411|dataStream:10.1.1.14:35799|priority:1|startupRole:FOLLOWER]|listeners:[], old=null
2023-01-24 12:22:54,118 [pool-140-thread-1] INFO  server.RaftServer$Division (RaftServerImpl.java:setRole(321)) - 3f0205b3-740b-4219-bfdb-76da739fef9e@group-9526E230C616: changes role from      null to FOLLOWER at term 0 for startAsFollower
2023-01-24 12:22:54,118 [pool-140-thread-1] INFO  impl.RoleInfo (RoleInfo.java:updateAndGet(139)) - 3f0205b3-740b-4219-bfdb-76da739fef9e: start 3f0205b3-740b-4219-bfdb-76da739fef9e@group-9526E230C616-FollowerState
2023-01-24 12:22:54,123 [pool-140-thread-1] INFO  util.JmxRegister (JmxRegister.java:tryRegister(44)) - Successfully registered JMX Bean with object name Ratis:service=RaftServer,group=group-9526E230C616,id=3f0205b3-740b-4219-bfdb-76da739fef9e
2023-01-24 12:22:54,124 [3f0205b3-740b-4219-bfdb-76da739fef9e@group-9526E230C616-FollowerState] INFO  server.RaftServerConfigKeys (ConfUtils.java:logFallback(53)) - raft.server.rpc.first-election.timeout.min = 5s (fallback to raft.server.rpc.timeout.min)
2023-01-24 12:22:54,125 [3f0205b3-740b-4219-bfdb-76da739fef9e@group-9526E230C616-FollowerState] INFO  server.RaftServerConfigKeys (ConfUtils.java:logFallback(53)) - raft.server.rpc.first-election.timeout.max = 5200ms (fallback to raft.server.rpc.timeout.max)
2023-01-24 12:22:54,125 [pool-140-thread-1] INFO  server.RaftServerConfigKeys (ConfUtils.java:logGet(46)) - raft.server.snapshot.auto.trigger.enabled = true (custom)
2023-01-24 12:22:54,126 [pool-140-thread-1] INFO  server.RaftServerConfigKeys (ConfUtils.java:logGet(46)) - raft.server.snapshot.auto.trigger.threshold = 10000 (custom)
2023-01-24 12:22:54,126 [pool-140-thread-1] INFO  server.RaftServerConfigKeys (ConfUtils.java:logGet(46)) - raft.server.snapshot.retention.file.num = 5 (custom)
2023-01-24 12:22:54,126 [pool-140-thread-1] INFO  server.RaftServerConfigKeys (ConfUtils.java:logGet(46)) - raft.server.log.purge.upto.snapshot.index = false (default)
2023-01-24 12:22:54,130 [Command processor thread] INFO  ratis.XceiverServerRatis (XceiverServerRatis.java:addGroup(806)) - Created group PipelineID=c18189c5-d890-4e62-9612-9526e230c616
2023-01-24 12:22:54,130 [Command processor thread] INFO  commandhandler.CreatePipelineCommandHandler (CreatePipelineCommandHandler.java:handle(113)) - Created Pipeline RATIS ONE PipelineID=c18189c5-d890-4e62-9612-9526e230c616.
2023-01-24 12:22:54,130 [Command processor thread] INFO  server.RaftServer (RaftServerProxy.java:addNew(96)) - 3f0205b3-740b-4219-bfdb-76da739fef9e: addNew group-2EBEB1ED5A51:[4243b07b-dbe8-44bd-919c-c5b59c546d4c|rpc:10.1.1.14:38729|dataStream:10.1.1.14:33721|priority:0|startupRole:FOLLOWER, 3f0205b3-740b-4219-bfdb-76da739fef9e|rpc:10.1.1.14:39411|dataStream:10.1.1.14:35799|priority:1|startupRole:FOLLOWER, 8d5822ee-b1dd-46af-beb1-0638b7fa15fc|rpc:10.1.1.14:38873|dataStream:10.1.1.14:42631|priority:0|startupRole:FOLLOWER] returns group-2EBEB1ED5A51:java.util.concurrent.CompletableFuture@2f67828[Not completed]
2023-01-24 12:22:54,131 [pool-140-thread-1] INFO  server.RaftServer$Division (RaftServerImpl.java:<init>(195)) - 3f0205b3-740b-4219-bfdb-76da739fef9e: new RaftServerImpl for group-2EBEB1ED5A51:[4243b07b-dbe8-44bd-919c-c5b59c546d4c|rpc:10.1.1.14:38729|dataStream:10.1.1.14:33721|priority:0|startupRole:FOLLOWER, 3f0205b3-740b-4219-bfdb-76da739fef9e|rpc:10.1.1.14:39411|dataStream:10.1.1.14:35799|priority:1|startupRole:FOLLOWER, 8d5822ee-b1dd-46af-beb1-0638b7fa15fc|rpc:10.1.1.14:38873|dataStream:10.1.1.14:42631|priority:0|startupRole:FOLLOWER] with ContainerStateMachine:uninitialized
2023-01-24 12:22:54,131 [pool-140-thread-1] INFO  server.RaftServerConfigKeys (ConfUtils.java:logGet(46)) - raft.server.rpc.timeout.min = 5s (custom)
2023-01-24 12:22:54,131 [pool-140-thread-1] INFO  server.RaftServerConfigKeys (ConfUtils.java:logGet(46)) - raft.server.rpc.timeout.max = 5200ms (custom)
2023-01-24 12:22:54,132 [pool-140-thread-1] INFO  server.RaftServerConfigKeys (ConfUtils.java:logGet(46)) - raft.server.rpc.sleep.time = 25ms (default)
2023-01-24 12:22:54,132 [pool-140-thread-1] INFO  server.RaftServerConfigKeys (ConfUtils.java:logGet(46)) - raft.server.rpc.slowness.timeout = 300s (custom)
2023-01-24 12:22:54,132 [pool-140-thread-1] INFO  server.RaftServerConfigKeys (ConfUtils.java:logGet(46)) - raft.server.leaderelection.leader.step-down.wait-time = 10s (default)
2023-01-24 12:22:54,132 [pool-140-thread-1] INFO  server.RaftServerConfigKeys (ConfUtils.java:logGet(46)) - raft.server.sleep.deviation.threshold = 300ms (default)
2023-01-24 12:22:54,132 [pool-140-thread-1] INFO  server.RaftServer$Division (ServerState.java:<init>(118)) - 3f0205b3-740b-4219-bfdb-76da739fef9e@group-2EBEB1ED5A51: ConfigurationManager, init=-1: peers:[4243b07b-dbe8-44bd-919c-c5b59c546d4c|rpc:10.1.1.14:38729|dataStream:10.1.1.14:33721|priority:0|startupRole:FOLLOWER, 3f0205b3-740b-4219-bfdb-76da739fef9e|rpc:10.1.1.14:39411|dataStream:10.1.1.14:35799|priority:1|startupRole:FOLLOWER, 8d5822ee-b1dd-46af-beb1-0638b7fa15fc|rpc:10.1.1.14:38873|dataStream:10.1.1.14:42631|priority:0|startupRole:FOLLOWER]|listeners:[], old=null, confs=<EMPTY_MAP>
2023-01-24 12:22:54,132 [pool-140-thread-1] INFO  server.RaftServerConfigKeys (ConfUtils.java:logGet(46)) - raft.server.storage.dir = [/home/runner/work/ozone/ozone/hadoop-ozone/integration-test/target/test-dir/MiniOzoneClusterImpl-9ddee5dd-a9b0-4f84-bf8c-5f63b859aaaf/datanode-3/data/ratis] (custom)
2023-01-24 12:22:54,132 [pool-140-thread-1] INFO  server.RaftServerConfigKeys (ConfUtils.java:logGet(46)) - raft.server.log.corruption.policy = EXCEPTION (default)
2023-01-24 12:22:54,132 [pool-140-thread-1] INFO  server.RaftServerConfigKeys (ConfUtils.java:logGet(46)) - raft.server.storage.free-space.min = 0MB (=0) (default)
2023-01-24 12:22:54,134 [pool-140-thread-1] INFO  server.RaftServerConfigKeys (ConfUtils.java:logGet(46)) - raft.server.notification.no-leader.timeout = 300s (custom)
2023-01-24 12:22:54,134 [pool-140-thread-1] INFO  server.RaftServerConfigKeys (ConfUtils.java:logGet(46)) - raft.server.retrycache.expirytime = 600000ms (custom)
2023-01-24 12:22:54,134 [pool-140-thread-1] INFO  server.RaftServerConfigKeys (ConfUtils.java:logGet(46)) - raft.server.retrycache.statistics.expirytime = 100μs (default)
2023-01-24 12:22:54,135 [pool-140-thread-1] INFO  server.RaftServerConfigKeys (ConfUtils.java:logGet(46)) - raft.server.log.appender.install.snapshot.enabled = false (custom)
2023-01-24 12:22:54,136 [pool-140-thread-1] INFO  server.RaftServerConfigKeys (ConfUtils.java:logGet(46)) - raft.server.threadpool.server.cached = true (default)
2023-01-24 12:22:54,136 [pool-140-thread-1] INFO  server.RaftServerConfigKeys (ConfUtils.java:logGet(46)) - raft.server.threadpool.server.size = 0 (default)
2023-01-24 12:22:54,136 [pool-140-thread-1] INFO  server.RaftServerConfigKeys (ConfUtils.java:logGet(46)) - raft.server.threadpool.client.cached = true (default)
2023-01-24 12:22:54,136 [pool-140-thread-1] INFO  server.RaftServerConfigKeys (ConfUtils.java:logGet(46)) - raft.server.threadpool.client.size = 0 (default)
2023-01-24 12:22:54,136 [pool-140-thread-1] INFO  storage.RaftStorageDirectory (RaftStorageDirectoryImpl.java:analyzeStorage(137)) - The storage directory /home/runner/work/ozone/ozone/hadoop-ozone/integration-test/target/test-dir/MiniOzoneClusterImpl-9ddee5dd-a9b0-4f84-bf8c-5f63b859aaaf/datanode-3/data/ratis/55176d7b-9d1c-4966-b863-2ebeb1ed5a51 does not exist. Creating ...
2023-01-24 12:22:54,137 [pool-140-thread-1] INFO  storage.RaftStorageDirectory (RaftStorageDirectoryImpl.java:tryLock(231)) - Lock on /home/runner/work/ozone/ozone/hadoop-ozone/integration-test/target/test-dir/MiniOzoneClusterImpl-9ddee5dd-a9b0-4f84-bf8c-5f63b859aaaf/datanode-3/data/ratis/55176d7b-9d1c-4966-b863-2ebeb1ed5a51/in_use.lock acquired by nodename 59439@fv-az83-645
2023-01-24 12:22:54,138 [pool-140-thread-1] INFO  storage.RaftStorage (RaftStorageImpl.java:format(96)) - Storage directory /home/runner/work/ozone/ozone/hadoop-ozone/integration-test/target/test-dir/MiniOzoneClusterImpl-9ddee5dd-a9b0-4f84-bf8c-5f63b859aaaf/datanode-3/data/ratis/55176d7b-9d1c-4966-b863-2ebeb1ed5a51 has been successfully formatted.
2023-01-24 12:22:54,138 [pool-140-thread-1] INFO  ratis.ContainerStateMachine (ContainerStateMachine.java:loadSnapshot(240)) - group-2EBEB1ED5A51: The snapshot info is null. Setting the last applied indexto:(t:0, i:~)
2023-01-24 12:22:54,140 [EventQueue-OpenPipelineForHealthyPipelineSafeModeRule] INFO  safemode.SCMSafeModeManager (HealthyPipelineSafeModeRule.java:process(137)) - SCM in safe mode. Healthy pipelines reported count is 0, required healthy pipeline reported count is 1
2023-01-24 12:22:54,141 [pool-140-thread-1] INFO  server.RaftServerConfigKeys (ConfUtils.java:logGet(46)) - raft.server.log.use.memory = false (default)
2023-01-24 12:22:54,141 [pool-140-thread-1] INFO  server.RaftServerConfigKeys (ConfUtils.java:logGet(46)) - raft.server.log.purge.gap = 1000000 (custom)
2023-01-24 12:22:54,141 [pool-140-thread-1] INFO  server.RaftServerConfigKeys (ConfUtils.java:logGet(46)) - raft.server.log.appender.buffer.byte-limit = 33554432 (custom)
2023-01-24 12:22:54,141 [pool-140-thread-1] INFO  server.RaftServerConfigKeys (ConfUtils.java:logGet(46)) - raft.server.log.statemachine.data.read.timeout = 1000ms (default)
2023-01-24 12:22:54,141 [pool-140-thread-1] INFO  server.RaftServerConfigKeys (ConfUtils.java:logGet(46)) - raft.server.log.purge.preservation.log.num = 0 (default)
2023-01-24 12:22:54,141 [pool-140-thread-1] INFO  server.RaftServerConfigKeys (ConfUtils.java:logGet(46)) - raft.server.log.segment.size.max = 1048576 (custom)
2023-01-24 12:22:54,142 [pool-140-thread-1] INFO  server.RaftServerConfigKeys (ConfUtils.java:logGet(46)) - raft.server.log.segment.cache.num.max = 2 (custom)
2023-01-24 12:22:54,142 [pool-140-thread-1] INFO  server.RaftServerConfigKeys (ConfUtils.java:logGet(46)) - raft.server.log.segment.cache.size.max = 200MB (=209715200) (default)
2023-01-24 12:22:54,142 [pool-140-thread-1] INFO  segmented.SegmentedRaftLogWorker (SegmentedRaftLogWorker.java:<init>(189)) - new 3f0205b3-740b-4219-bfdb-76da739fef9e@group-2EBEB1ED5A51-SegmentedRaftLogWorker for RaftStorageImpl:Storage Directory /home/runner/work/ozone/ozone/hadoop-ozone/integration-test/target/test-dir/MiniOzoneClusterImpl-9ddee5dd-a9b0-4f84-bf8c-5f63b859aaaf/datanode-3/data/ratis/55176d7b-9d1c-4966-b863-2ebeb1ed5a51
2023-01-24 12:22:54,142 [pool-140-thread-1] INFO  server.RaftServerConfigKeys (ConfUtils.java:logGet(46)) - raft.server.log.queue.byte-limit = 4294967296 (custom)
2023-01-24 12:22:54,142 [pool-140-thread-1] INFO  server.RaftServerConfigKeys (ConfUtils.java:logGet(46)) - raft.server.log.queue.element-limit = 1024 (custom)
2023-01-24 12:22:54,142 [pool-140-thread-1] INFO  server.RaftServerConfigKeys (ConfUtils.java:logGet(46)) - raft.server.log.segment.size.max = 1048576 (custom)
2023-01-24 12:22:54,142 [pool-140-thread-1] INFO  server.RaftServerConfigKeys (ConfUtils.java:logGet(46)) - raft.server.log.preallocated.size = 16384 (custom)
2023-01-24 12:22:54,142 [pool-140-thread-1] INFO  server.RaftServerConfigKeys (ConfUtils.java:logGet(46)) - raft.server.log.force.sync.num = 128 (default)
2023-01-24 12:22:54,142 [pool-140-thread-1] INFO  server.RaftServerConfigKeys (ConfUtils.java:logGet(46)) - raft.server.log.statemachine.data.sync = true (default)
2023-01-24 12:22:54,142 [pool-140-thread-1] INFO  server.RaftServerConfigKeys (ConfUtils.java:logGet(46)) - raft.server.log.statemachine.data.sync.timeout = 10s (default)
2023-01-24 12:22:54,142 [pool-140-thread-1] INFO  server.RaftServerConfigKeys (ConfUtils.java:logGet(46)) - raft.server.log.statemachine.data.sync.timeout.retry = -1 (default)
2023-01-24 12:22:54,144 [pool-140-thread-1] INFO  server.RaftServerConfigKeys (ConfUtils.java:logGet(46)) - raft.server.log.write.buffer.size = 1048576 (custom)
2023-01-24 12:22:54,144 [pool-140-thread-1] INFO  server.RaftServerConfigKeys (ConfUtils.java:logGet(46)) - raft.server.log.appender.buffer.byte-limit = 33554432 (custom)
2023-01-24 12:22:54,147 [pool-140-thread-1] INFO  server.RaftServerConfigKeys (ConfUtils.java:logGet(46)) - raft.server.log.unsafe-flush.enabled = false (default)
2023-01-24 12:22:54,147 [pool-140-thread-1] INFO  server.RaftServerConfigKeys (ConfUtils.java:logGet(46)) - raft.server.log.async-flush.enabled = false (default)
2023-01-24 12:22:54,147 [pool-140-thread-1] INFO  server.RaftServerConfigKeys (ConfUtils.java:logGet(46)) - raft.server.log.statemachine.data.caching.enabled = true (custom)
2023-01-24 12:22:54,148 [pool-140-thread-1] INFO  segmented.SegmentedRaftLogWorker (SegmentedRaftLogWorker.java:lambda$new$0(135)) - 3f0205b3-740b-4219-bfdb-76da739fef9e@group-2EBEB1ED5A51-SegmentedRaftLogWorker: flushIndex: setUnconditionally 0 -> -1
2023-01-24 12:22:54,148 [pool-140-thread-1] INFO  segmented.SegmentedRaftLogWorker (SegmentedRaftLogWorker.java:lambda$new$0(135)) - 3f0205b3-740b-4219-bfdb-76da739fef9e@group-2EBEB1ED5A51-SegmentedRaftLogWorker: safeCacheEvictIndex: setUnconditionally 0 -> -1
2023-01-24 12:22:54,152 [pool-140-thread-1] INFO  server.RaftServer$Division (RaftServerImpl.java:start(334)) - 3f0205b3-740b-4219-bfdb-76da739fef9e@group-2EBEB1ED5A51: start as a follower, conf=-1: peers:[4243b07b-dbe8-44bd-919c-c5b59c546d4c|rpc:10.1.1.14:38729|dataStream:10.1.1.14:33721|priority:0|startupRole:FOLLOWER, 3f0205b3-740b-4219-bfdb-76da739fef9e|rpc:10.1.1.14:39411|dataStream:10.1.1.14:35799|priority:1|startupRole:FOLLOWER, 8d5822ee-b1dd-46af-beb1-0638b7fa15fc|rpc:10.1.1.14:38873|dataStream:10.1.1.14:42631|priority:0|startupRole:FOLLOWER]|listeners:[], old=null
2023-01-24 12:22:54,152 [pool-140-thread-1] INFO  server.RaftServer$Division (RaftServerImpl.java:setRole(321)) - 3f0205b3-740b-4219-bfdb-76da739fef9e@group-2EBEB1ED5A51: changes role from      null to FOLLOWER at term 0 for startAsFollower
2023-01-24 12:22:54,152 [pool-140-thread-1] INFO  impl.RoleInfo (RoleInfo.java:updateAndGet(139)) - 3f0205b3-740b-4219-bfdb-76da739fef9e: start 3f0205b3-740b-4219-bfdb-76da739fef9e@group-2EBEB1ED5A51-FollowerState
2023-01-24 12:22:54,153 [pool-140-thread-1] INFO  util.JmxRegister (JmxRegister.java:tryRegister(44)) - Successfully registered JMX Bean with object name Ratis:service=RaftServer,group=group-2EBEB1ED5A51,id=3f0205b3-740b-4219-bfdb-76da739fef9e
2023-01-24 12:22:54,153 [pool-140-thread-1] INFO  server.RaftServerConfigKeys (ConfUtils.java:logGet(46)) - raft.server.snapshot.auto.trigger.enabled = true (custom)
2023-01-24 12:22:54,153 [pool-140-thread-1] INFO  server.RaftServerConfigKeys (ConfUtils.java:logGet(46)) - raft.server.snapshot.auto.trigger.threshold = 10000 (custom)
2023-01-24 12:22:54,153 [pool-140-thread-1] INFO  server.RaftServerConfigKeys (ConfUtils.java:logGet(46)) - raft.server.snapshot.retention.file.num = 5 (custom)
2023-01-24 12:22:54,153 [pool-140-thread-1] INFO  server.RaftServerConfigKeys (ConfUtils.java:logGet(46)) - raft.server.log.purge.upto.snapshot.index = false (default)
2023-01-24 12:22:54,156 [Command processor thread] INFO  ratis.XceiverServerRatis (XceiverServerRatis.java:addGroup(806)) - Created group PipelineID=55176d7b-9d1c-4966-b863-2ebeb1ed5a51
2023-01-24 12:22:54,164 [3f0205b3-740b-4219-bfdb-76da739fef9e@group-2EBEB1ED5A51-FollowerState] INFO  server.RaftServerConfigKeys (ConfUtils.java:logFallback(53)) - raft.server.rpc.first-election.timeout.min = 5s (fallback to raft.server.rpc.timeout.min)
2023-01-24 12:22:54,164 [3f0205b3-740b-4219-bfdb-76da739fef9e@group-2EBEB1ED5A51-FollowerState] INFO  server.RaftServerConfigKeys (ConfUtils.java:logFallback(53)) - raft.server.rpc.first-election.timeout.max = 5200ms (fallback to raft.server.rpc.timeout.max)
2023-01-24 12:22:54,175 [grpc-default-executor-1] INFO  server.RaftServer (RaftServerProxy.java:addNew(96)) - 4243b07b-dbe8-44bd-919c-c5b59c546d4c: addNew group-2EBEB1ED5A51:[4243b07b-dbe8-44bd-919c-c5b59c546d4c|rpc:10.1.1.14:38729|dataStream:10.1.1.14:33721|priority:0|startupRole:FOLLOWER, 3f0205b3-740b-4219-bfdb-76da739fef9e|rpc:10.1.1.14:39411|dataStream:10.1.1.14:35799|priority:1|startupRole:FOLLOWER, 8d5822ee-b1dd-46af-beb1-0638b7fa15fc|rpc:10.1.1.14:38873|dataStream:10.1.1.14:42631|priority:0|startupRole:FOLLOWER] returns group-2EBEB1ED5A51:java.util.concurrent.CompletableFuture@7522057[Not completed]
2023-01-24 12:22:54,179 [pool-186-thread-1] INFO  server.RaftServer$Division (RaftServerImpl.java:<init>(195)) - 4243b07b-dbe8-44bd-919c-c5b59c546d4c: new RaftServerImpl for group-2EBEB1ED5A51:[4243b07b-dbe8-44bd-919c-c5b59c546d4c|rpc:10.1.1.14:38729|dataStream:10.1.1.14:33721|priority:0|startupRole:FOLLOWER, 3f0205b3-740b-4219-bfdb-76da739fef9e|rpc:10.1.1.14:39411|dataStream:10.1.1.14:35799|priority:1|startupRole:FOLLOWER, 8d5822ee-b1dd-46af-beb1-0638b7fa15fc|rpc:10.1.1.14:38873|dataStream:10.1.1.14:42631|priority:0|startupRole:FOLLOWER] with ContainerStateMachine:uninitialized
2023-01-24 12:22:54,179 [pool-186-thread-1] INFO  server.RaftServerConfigKeys (ConfUtils.java:logGet(46)) - raft.server.rpc.timeout.min = 5s (custom)
2023-01-24 12:22:54,179 [pool-186-thread-1] INFO  server.RaftServerConfigKeys (ConfUtils.java:logGet(46)) - raft.server.rpc.timeout.max = 5200ms (custom)
2023-01-24 12:22:54,180 [pool-186-thread-1] INFO  server.RaftServerConfigKeys (ConfUtils.java:logGet(46)) - raft.server.rpc.sleep.time = 25ms (default)
2023-01-24 12:22:54,180 [pool-186-thread-1] INFO  server.RaftServerConfigKeys (ConfUtils.java:logGet(46)) - raft.server.rpc.slowness.timeout = 300s (custom)
2023-01-24 12:22:54,180 [pool-186-thread-1] INFO  server.RaftServerConfigKeys (ConfUtils.java:logGet(46)) - raft.server.leaderelection.leader.step-down.wait-time = 10s (default)
2023-01-24 12:22:54,180 [pool-186-thread-1] INFO  server.RaftServerConfigKeys (ConfUtils.java:logGet(46)) - raft.server.sleep.deviation.threshold = 300ms (default)
2023-01-24 12:22:54,180 [pool-186-thread-1] INFO  server.RaftServer$Division (ServerState.java:<init>(118)) - 4243b07b-dbe8-44bd-919c-c5b59c546d4c@group-2EBEB1ED5A51: ConfigurationManager, init=-1: peers:[4243b07b-dbe8-44bd-919c-c5b59c546d4c|rpc:10.1.1.14:38729|dataStream:10.1.1.14:33721|priority:0|startupRole:FOLLOWER, 3f0205b3-740b-4219-bfdb-76da739fef9e|rpc:10.1.1.14:39411|dataStream:10.1.1.14:35799|priority:1|startupRole:FOLLOWER, 8d5822ee-b1dd-46af-beb1-0638b7fa15fc|rpc:10.1.1.14:38873|dataStream:10.1.1.14:42631|priority:0|startupRole:FOLLOWER]|listeners:[], old=null, confs=<EMPTY_MAP>
2023-01-24 12:22:54,180 [pool-186-thread-1] INFO  server.RaftServerConfigKeys (ConfUtils.java:logGet(46)) - raft.server.storage.dir = [/home/runner/work/ozone/ozone/hadoop-ozone/integration-test/target/test-dir/MiniOzoneClusterImpl-9ddee5dd-a9b0-4f84-bf8c-5f63b859aaaf/datanode-5/data/ratis] (custom)
2023-01-24 12:22:54,180 [pool-186-thread-1] INFO  server.RaftServerConfigKeys (ConfUtils.java:logGet(46)) - raft.server.log.corruption.policy = EXCEPTION (default)
2023-01-24 12:22:54,180 [pool-186-thread-1] INFO  server.RaftServerConfigKeys (ConfUtils.java:logGet(46)) - raft.server.storage.free-space.min = 0MB (=0) (default)
2023-01-24 12:22:54,180 [pool-186-thread-1] INFO  server.RaftServerConfigKeys (ConfUtils.java:logGet(46)) - raft.server.notification.no-leader.timeout = 300s (custom)
2023-01-24 12:22:54,180 [pool-186-thread-1] INFO  server.RaftServerConfigKeys (ConfUtils.java:logGet(46)) - raft.server.retrycache.expirytime = 600000ms (custom)
2023-01-24 12:22:54,180 [pool-186-thread-1] INFO  server.RaftServerConfigKeys (ConfUtils.java:logGet(46)) - raft.server.retrycache.statistics.expirytime = 100μs (default)
2023-01-24 12:22:54,182 [pool-186-thread-1] INFO  server.RaftServerConfigKeys (ConfUtils.java:logGet(46)) - raft.server.log.appender.install.snapshot.enabled = false (custom)
2023-01-24 12:22:54,182 [pool-186-thread-1] INFO  server.RaftServerConfigKeys (ConfUtils.java:logGet(46)) - raft.server.threadpool.server.cached = true (default)
2023-01-24 12:22:54,182 [pool-186-thread-1] INFO  server.RaftServerConfigKeys (ConfUtils.java:logGet(46)) - raft.server.threadpool.server.size = 0 (default)
2023-01-24 12:22:54,182 [pool-186-thread-1] INFO  server.RaftServerConfigKeys (ConfUtils.java:logGet(46)) - raft.server.threadpool.client.cached = true (default)
2023-01-24 12:22:54,182 [pool-186-thread-1] INFO  server.RaftServerConfigKeys (ConfUtils.java:logGet(46)) - raft.server.threadpool.client.size = 0 (default)
2023-01-24 12:22:54,182 [pool-186-thread-1] INFO  storage.RaftStorageDirectory (RaftStorageDirectoryImpl.java:analyzeStorage(137)) - The storage directory /home/runner/work/ozone/ozone/hadoop-ozone/integration-test/target/test-dir/MiniOzoneClusterImpl-9ddee5dd-a9b0-4f84-bf8c-5f63b859aaaf/datanode-5/data/ratis/55176d7b-9d1c-4966-b863-2ebeb1ed5a51 does not exist. Creating ...
2023-01-24 12:22:54,183 [pool-186-thread-1] INFO  storage.RaftStorageDirectory (RaftStorageDirectoryImpl.java:tryLock(231)) - Lock on /home/runner/work/ozone/ozone/hadoop-ozone/integration-test/target/test-dir/MiniOzoneClusterImpl-9ddee5dd-a9b0-4f84-bf8c-5f63b859aaaf/datanode-5/data/ratis/55176d7b-9d1c-4966-b863-2ebeb1ed5a51/in_use.lock acquired by nodename 59439@fv-az83-645
2023-01-24 12:22:54,185 [pool-186-thread-1] INFO  storage.RaftStorage (RaftStorageImpl.java:format(96)) - Storage directory /home/runner/work/ozone/ozone/hadoop-ozone/integration-test/target/test-dir/MiniOzoneClusterImpl-9ddee5dd-a9b0-4f84-bf8c-5f63b859aaaf/datanode-5/data/ratis/55176d7b-9d1c-4966-b863-2ebeb1ed5a51 has been successfully formatted.
2023-01-24 12:22:54,187 [pool-186-thread-1] INFO  ratis.ContainerStateMachine (ContainerStateMachine.java:loadSnapshot(240)) - group-2EBEB1ED5A51: The snapshot info is null. Setting the last applied indexto:(t:0, i:~)
2023-01-24 12:22:54,187 [pool-186-thread-1] INFO  server.RaftServerConfigKeys (ConfUtils.java:logGet(46)) - raft.server.log.use.memory = false (default)
2023-01-24 12:22:54,187 [pool-186-thread-1] INFO  server.RaftServerConfigKeys (ConfUtils.java:logGet(46)) - raft.server.log.purge.gap = 1000000 (custom)
2023-01-24 12:22:54,187 [pool-186-thread-1] INFO  server.RaftServerConfigKeys (ConfUtils.java:logGet(46)) - raft.server.log.appender.buffer.byte-limit = 33554432 (custom)
2023-01-24 12:22:54,188 [pool-186-thread-1] INFO  server.RaftServerConfigKeys (ConfUtils.java:logGet(46)) - raft.server.log.statemachine.data.read.timeout = 1000ms (default)
2023-01-24 12:22:54,188 [pool-186-thread-1] INFO  server.RaftServerConfigKeys (ConfUtils.java:logGet(46)) - raft.server.log.purge.preservation.log.num = 0 (default)
2023-01-24 12:22:54,188 [pool-186-thread-1] INFO  server.RaftServerConfigKeys (ConfUtils.java:logGet(46)) - raft.server.log.segment.size.max = 1048576 (custom)
2023-01-24 12:22:54,188 [pool-186-thread-1] INFO  server.RaftServerConfigKeys (ConfUtils.java:logGet(46)) - raft.server.log.segment.cache.num.max = 2 (custom)
2023-01-24 12:22:54,188 [pool-186-thread-1] INFO  server.RaftServerConfigKeys (ConfUtils.java:logGet(46)) - raft.server.log.segment.cache.size.max = 200MB (=209715200) (default)
2023-01-24 12:22:54,188 [pool-186-thread-1] INFO  segmented.SegmentedRaftLogWorker (SegmentedRaftLogWorker.java:<init>(189)) - new 4243b07b-dbe8-44bd-919c-c5b59c546d4c@group-2EBEB1ED5A51-SegmentedRaftLogWorker for RaftStorageImpl:Storage Directory /home/runner/work/ozone/ozone/hadoop-ozone/integration-test/target/test-dir/MiniOzoneClusterImpl-9ddee5dd-a9b0-4f84-bf8c-5f63b859aaaf/datanode-5/data/ratis/55176d7b-9d1c-4966-b863-2ebeb1ed5a51
2023-01-24 12:22:54,188 [pool-186-thread-1] INFO  server.RaftServerConfigKeys (ConfUtils.java:logGet(46)) - raft.server.log.queue.byte-limit = 4294967296 (custom)
2023-01-24 12:22:54,188 [pool-186-thread-1] INFO  server.RaftServerConfigKeys (ConfUtils.java:logGet(46)) - raft.server.log.queue.element-limit = 1024 (custom)
2023-01-24 12:22:54,188 [pool-186-thread-1] INFO  server.RaftServerConfigKeys (ConfUtils.java:logGet(46)) - raft.server.log.segment.size.max = 1048576 (custom)
2023-01-24 12:22:54,188 [pool-186-thread-1] INFO  server.RaftServerConfigKeys (ConfUtils.java:logGet(46)) - raft.server.log.preallocated.size = 16384 (custom)
2023-01-24 12:22:54,188 [pool-186-thread-1] INFO  server.RaftServerConfigKeys (ConfUtils.java:logGet(46)) - raft.server.log.force.sync.num = 128 (default)
2023-01-24 12:22:54,188 [pool-186-thread-1] INFO  server.RaftServerConfigKeys (ConfUtils.java:logGet(46)) - raft.server.log.statemachine.data.sync = true (default)
2023-01-24 12:22:54,188 [pool-186-thread-1] INFO  server.RaftServerConfigKeys (ConfUtils.java:logGet(46)) - raft.server.log.statemachine.data.sync.timeout = 10s (default)
2023-01-24 12:22:54,188 [pool-186-thread-1] INFO  server.RaftServerConfigKeys (ConfUtils.java:logGet(46)) - raft.server.log.statemachine.data.sync.timeout.retry = -1 (default)
2023-01-24 12:22:54,189 [pool-186-thread-1] INFO  server.RaftServerConfigKeys (ConfUtils.java:logGet(46)) - raft.server.log.write.buffer.size = 1048576 (custom)
2023-01-24 12:22:54,190 [pool-186-thread-1] INFO  server.RaftServerConfigKeys (ConfUtils.java:logGet(46)) - raft.server.log.appender.buffer.byte-limit = 33554432 (custom)
2023-01-24 12:22:54,193 [pool-186-thread-1] INFO  server.RaftServerConfigKeys (ConfUtils.java:logGet(46)) - raft.server.log.unsafe-flush.enabled = false (default)
2023-01-24 12:22:54,193 [pool-186-thread-1] INFO  server.RaftServerConfigKeys (ConfUtils.java:logGet(46)) - raft.server.log.async-flush.enabled = false (default)
2023-01-24 12:22:54,193 [pool-186-thread-1] INFO  server.RaftServerConfigKeys (ConfUtils.java:logGet(46)) - raft.server.log.statemachine.data.caching.enabled = true (custom)
2023-01-24 12:22:54,193 [pool-186-thread-1] INFO  segmented.SegmentedRaftLogWorker (SegmentedRaftLogWorker.java:lambda$new$0(135)) - 4243b07b-dbe8-44bd-919c-c5b59c546d4c@group-2EBEB1ED5A51-SegmentedRaftLogWorker: flushIndex: setUnconditionally 0 -> -1
2023-01-24 12:22:54,193 [pool-186-thread-1] INFO  segmented.SegmentedRaftLogWorker (SegmentedRaftLogWorker.java:lambda$new$0(135)) - 4243b07b-dbe8-44bd-919c-c5b59c546d4c@group-2EBEB1ED5A51-SegmentedRaftLogWorker: safeCacheEvictIndex: setUnconditionally 0 -> -1
2023-01-24 12:22:54,193 [pool-186-thread-1] INFO  server.RaftServer$Division (RaftServerImpl.java:start(334)) - 4243b07b-dbe8-44bd-919c-c5b59c546d4c@group-2EBEB1ED5A51: start as a follower, conf=-1: peers:[4243b07b-dbe8-44bd-919c-c5b59c546d4c|rpc:10.1.1.14:38729|dataStream:10.1.1.14:33721|priority:0|startupRole:FOLLOWER, 3f0205b3-740b-4219-bfdb-76da739fef9e|rpc:10.1.1.14:39411|dataStream:10.1.1.14:35799|priority:1|startupRole:FOLLOWER, 8d5822ee-b1dd-46af-beb1-0638b7fa15fc|rpc:10.1.1.14:38873|dataStream:10.1.1.14:42631|priority:0|startupRole:FOLLOWER]|listeners:[], old=null
2023-01-24 12:22:54,193 [pool-186-thread-1] INFO  server.RaftServer$Division (RaftServerImpl.java:setRole(321)) - 4243b07b-dbe8-44bd-919c-c5b59c546d4c@group-2EBEB1ED5A51: changes role from      null to FOLLOWER at term 0 for startAsFollower
2023-01-24 12:22:54,193 [pool-186-thread-1] INFO  impl.RoleInfo (RoleInfo.java:updateAndGet(139)) - 4243b07b-dbe8-44bd-919c-c5b59c546d4c: start 4243b07b-dbe8-44bd-919c-c5b59c546d4c@group-2EBEB1ED5A51-FollowerState
2023-01-24 12:22:54,194 [pool-186-thread-1] INFO  util.JmxRegister (JmxRegister.java:tryRegister(44)) - Successfully registered JMX Bean with object name Ratis:service=RaftServer,group=group-2EBEB1ED5A51,id=4243b07b-dbe8-44bd-919c-c5b59c546d4c
2023-01-24 12:22:54,194 [pool-186-thread-1] INFO  server.RaftServerConfigKeys (ConfUtils.java:logGet(46)) - raft.server.snapshot.auto.trigger.enabled = true (custom)
2023-01-24 12:22:54,194 [pool-186-thread-1] INFO  server.RaftServerConfigKeys (ConfUtils.java:logGet(46)) - raft.server.snapshot.auto.trigger.threshold = 10000 (custom)
2023-01-24 12:22:54,194 [pool-186-thread-1] INFO  server.RaftServerConfigKeys (ConfUtils.java:logGet(46)) - raft.server.snapshot.retention.file.num = 5 (custom)
2023-01-24 12:22:54,194 [pool-186-thread-1] INFO  server.RaftServerConfigKeys (ConfUtils.java:logGet(46)) - raft.server.log.purge.upto.snapshot.index = false (default)
2023-01-24 12:22:54,195 [4243b07b-dbe8-44bd-919c-c5b59c546d4c@group-2EBEB1ED5A51-FollowerState] INFO  server.RaftServerConfigKeys (ConfUtils.java:logFallback(53)) - raft.server.rpc.first-election.timeout.min = 5s (fallback to raft.server.rpc.timeout.min)
2023-01-24 12:22:54,203 [4243b07b-dbe8-44bd-919c-c5b59c546d4c@group-2EBEB1ED5A51-FollowerState] INFO  server.RaftServerConfigKeys (ConfUtils.java:logFallback(53)) - raft.server.rpc.first-election.timeout.max = 5200ms (fallback to raft.server.rpc.timeout.max)
2023-01-24 12:22:54,217 [grpc-default-executor-1] INFO  server.RaftServer (RaftServerProxy.java:addNew(96)) - 8d5822ee-b1dd-46af-beb1-0638b7fa15fc: addNew group-2EBEB1ED5A51:[4243b07b-dbe8-44bd-919c-c5b59c546d4c|rpc:10.1.1.14:38729|dataStream:10.1.1.14:33721|priority:0|startupRole:FOLLOWER, 3f0205b3-740b-4219-bfdb-76da739fef9e|rpc:10.1.1.14:39411|dataStream:10.1.1.14:35799|priority:1|startupRole:FOLLOWER, 8d5822ee-b1dd-46af-beb1-0638b7fa15fc|rpc:10.1.1.14:38873|dataStream:10.1.1.14:42631|priority:0|startupRole:FOLLOWER] returns group-2EBEB1ED5A51:java.util.concurrent.CompletableFuture@2d20fd9e[Not completed]
2023-01-24 12:22:54,218 [pool-163-thread-1] INFO  server.RaftServer$Division (RaftServerImpl.java:<init>(195)) - 8d5822ee-b1dd-46af-beb1-0638b7fa15fc: new RaftServerImpl for group-2EBEB1ED5A51:[4243b07b-dbe8-44bd-919c-c5b59c546d4c|rpc:10.1.1.14:38729|dataStream:10.1.1.14:33721|priority:0|startupRole:FOLLOWER, 3f0205b3-740b-4219-bfdb-76da739fef9e|rpc:10.1.1.14:39411|dataStream:10.1.1.14:35799|priority:1|startupRole:FOLLOWER, 8d5822ee-b1dd-46af-beb1-0638b7fa15fc|rpc:10.1.1.14:38873|dataStream:10.1.1.14:42631|priority:0|startupRole:FOLLOWER] with ContainerStateMachine:uninitialized
2023-01-24 12:22:54,218 [pool-163-thread-1] INFO  server.RaftServerConfigKeys (ConfUtils.java:logGet(46)) - raft.server.rpc.timeout.min = 5s (custom)
2023-01-24 12:22:54,218 [pool-163-thread-1] INFO  server.RaftServerConfigKeys (ConfUtils.java:logGet(46)) - raft.server.rpc.timeout.max = 5200ms (custom)
2023-01-24 12:22:54,218 [pool-163-thread-1] INFO  server.RaftServerConfigKeys (ConfUtils.java:logGet(46)) - raft.server.rpc.sleep.time = 25ms (default)
2023-01-24 12:22:54,218 [pool-163-thread-1] INFO  server.RaftServerConfigKeys (ConfUtils.java:logGet(46)) - raft.server.rpc.slowness.timeout = 300s (custom)
2023-01-24 12:22:54,218 [pool-163-thread-1] INFO  server.RaftServerConfigKeys (ConfUtils.java:logGet(46)) - raft.server.leaderelection.leader.step-down.wait-time = 10s (default)
2023-01-24 12:22:54,218 [pool-163-thread-1] INFO  server.RaftServerConfigKeys (ConfUtils.java:logGet(46)) - raft.server.sleep.deviation.threshold = 300ms (default)
2023-01-24 12:22:54,218 [pool-163-thread-1] INFO  server.RaftServer$Division (ServerState.java:<init>(118)) - 8d5822ee-b1dd-46af-beb1-0638b7fa15fc@group-2EBEB1ED5A51: ConfigurationManager, init=-1: peers:[4243b07b-dbe8-44bd-919c-c5b59c546d4c|rpc:10.1.1.14:38729|dataStream:10.1.1.14:33721|priority:0|startupRole:FOLLOWER, 3f0205b3-740b-4219-bfdb-76da739fef9e|rpc:10.1.1.14:39411|dataStream:10.1.1.14:35799|priority:1|startupRole:FOLLOWER, 8d5822ee-b1dd-46af-beb1-0638b7fa15fc|rpc:10.1.1.14:38873|dataStream:10.1.1.14:42631|priority:0|startupRole:FOLLOWER]|listeners:[], old=null, confs=<EMPTY_MAP>
2023-01-24 12:22:54,218 [pool-163-thread-1] INFO  server.RaftServerConfigKeys (ConfUtils.java:logGet(46)) - raft.server.storage.dir = [/home/runner/work/ozone/ozone/hadoop-ozone/integration-test/target/test-dir/MiniOzoneClusterImpl-9ddee5dd-a9b0-4f84-bf8c-5f63b859aaaf/datanode-4/data/ratis] (custom)
2023-01-24 12:22:54,219 [pool-163-thread-1] INFO  server.RaftServerConfigKeys (ConfUtils.java:logGet(46)) - raft.server.log.corruption.policy = EXCEPTION (default)
2023-01-24 12:22:54,219 [pool-163-thread-1] INFO  server.RaftServerConfigKeys (ConfUtils.java:logGet(46)) - raft.server.storage.free-space.min = 0MB (=0) (default)
2023-01-24 12:22:54,219 [pool-163-thread-1] INFO  server.RaftServerConfigKeys (ConfUtils.java:logGet(46)) - raft.server.notification.no-leader.timeout = 300s (custom)
2023-01-24 12:22:54,219 [pool-163-thread-1] INFO  server.RaftServerConfigKeys (ConfUtils.java:logGet(46)) - raft.server.retrycache.expirytime = 600000ms (custom)
2023-01-24 12:22:54,219 [pool-163-thread-1] INFO  server.RaftServerConfigKeys (ConfUtils.java:logGet(46)) - raft.server.retrycache.statistics.expirytime = 100μs (default)
2023-01-24 12:22:54,220 [pool-163-thread-1] INFO  server.RaftServerConfigKeys (ConfUtils.java:logGet(46)) - raft.server.log.appender.install.snapshot.enabled = false (custom)
2023-01-24 12:22:54,220 [pool-163-thread-1] INFO  server.RaftServerConfigKeys (ConfUtils.java:logGet(46)) - raft.server.threadpool.server.cached = true (default)
2023-01-24 12:22:54,220 [pool-163-thread-1] INFO  server.RaftServerConfigKeys (ConfUtils.java:logGet(46)) - raft.server.threadpool.server.size = 0 (default)
2023-01-24 12:22:54,220 [pool-163-thread-1] INFO  server.RaftServerConfigKeys (ConfUtils.java:logGet(46)) - raft.server.threadpool.client.cached = true (default)
2023-01-24 12:22:54,220 [pool-163-thread-1] INFO  server.RaftServerConfigKeys (ConfUtils.java:logGet(46)) - raft.server.threadpool.client.size = 0 (default)
2023-01-24 12:22:54,221 [pool-163-thread-1] INFO  storage.RaftStorageDirectory (RaftStorageDirectoryImpl.java:analyzeStorage(137)) - The storage directory /home/runner/work/ozone/ozone/hadoop-ozone/integration-test/target/test-dir/MiniOzoneClusterImpl-9ddee5dd-a9b0-4f84-bf8c-5f63b859aaaf/datanode-4/data/ratis/55176d7b-9d1c-4966-b863-2ebeb1ed5a51 does not exist. Creating ...
2023-01-24 12:22:54,221 [pool-163-thread-1] INFO  storage.RaftStorageDirectory (RaftStorageDirectoryImpl.java:tryLock(231)) - Lock on /home/runner/work/ozone/ozone/hadoop-ozone/integration-test/target/test-dir/MiniOzoneClusterImpl-9ddee5dd-a9b0-4f84-bf8c-5f63b859aaaf/datanode-4/data/ratis/55176d7b-9d1c-4966-b863-2ebeb1ed5a51/in_use.lock acquired by nodename 59439@fv-az83-645
2023-01-24 12:22:54,222 [pool-163-thread-1] INFO  storage.RaftStorage (RaftStorageImpl.java:format(96)) - Storage directory /home/runner/work/ozone/ozone/hadoop-ozone/integration-test/target/test-dir/MiniOzoneClusterImpl-9ddee5dd-a9b0-4f84-bf8c-5f63b859aaaf/datanode-4/data/ratis/55176d7b-9d1c-4966-b863-2ebeb1ed5a51 has been successfully formatted.
2023-01-24 12:22:54,222 [pool-163-thread-1] INFO  ratis.ContainerStateMachine (ContainerStateMachine.java:loadSnapshot(240)) - group-2EBEB1ED5A51: The snapshot info is null. Setting the last applied indexto:(t:0, i:~)
2023-01-24 12:22:54,223 [pool-163-thread-1] INFO  server.RaftServerConfigKeys (ConfUtils.java:logGet(46)) - raft.server.log.use.memory = false (default)
2023-01-24 12:22:54,223 [pool-163-thread-1] INFO  server.RaftServerConfigKeys (ConfUtils.java:logGet(46)) - raft.server.log.purge.gap = 1000000 (custom)
2023-01-24 12:22:54,223 [pool-163-thread-1] INFO  server.RaftServerConfigKeys (ConfUtils.java:logGet(46)) - raft.server.log.appender.buffer.byte-limit = 33554432 (custom)
2023-01-24 12:22:54,223 [pool-163-thread-1] INFO  server.RaftServerConfigKeys (ConfUtils.java:logGet(46)) - raft.server.log.statemachine.data.read.timeout = 1000ms (default)
2023-01-24 12:22:54,223 [pool-163-thread-1] INFO  server.RaftServerConfigKeys (ConfUtils.java:logGet(46)) - raft.server.log.purge.preservation.log.num = 0 (default)
2023-01-24 12:22:54,223 [pool-163-thread-1] INFO  server.RaftServerConfigKeys (ConfUtils.java:logGet(46)) - raft.server.log.segment.size.max = 1048576 (custom)
2023-01-24 12:22:54,224 [pool-163-thread-1] INFO  server.RaftServerConfigKeys (ConfUtils.java:logGet(46)) - raft.server.log.segment.cache.num.max = 2 (custom)
2023-01-24 12:22:54,224 [pool-163-thread-1] INFO  server.RaftServerConfigKeys (ConfUtils.java:logGet(46)) - raft.server.log.segment.cache.size.max = 200MB (=209715200) (default)
2023-01-24 12:22:54,224 [pool-163-thread-1] INFO  segmented.SegmentedRaftLogWorker (SegmentedRaftLogWorker.java:<init>(189)) - new 8d5822ee-b1dd-46af-beb1-0638b7fa15fc@group-2EBEB1ED5A51-SegmentedRaftLogWorker for RaftStorageImpl:Storage Directory /home/runner/work/ozone/ozone/hadoop-ozone/integration-test/target/test-dir/MiniOzoneClusterImpl-9ddee5dd-a9b0-4f84-bf8c-5f63b859aaaf/datanode-4/data/ratis/55176d7b-9d1c-4966-b863-2ebeb1ed5a51
2023-01-24 12:22:54,224 [pool-163-thread-1] INFO  server.RaftServerConfigKeys (ConfUtils.java:logGet(46)) - raft.server.log.queue.byte-limit = 4294967296 (custom)
2023-01-24 12:22:54,224 [pool-163-thread-1] INFO  server.RaftServerConfigKeys (ConfUtils.java:logGet(46)) - raft.server.log.queue.element-limit = 1024 (custom)
2023-01-24 12:22:54,224 [pool-163-thread-1] INFO  server.RaftServerConfigKeys (ConfUtils.java:logGet(46)) - raft.server.log.segment.size.max = 1048576 (custom)
2023-01-24 12:22:54,224 [pool-163-thread-1] INFO  server.RaftServerConfigKeys (ConfUtils.java:logGet(46)) - raft.server.log.preallocated.size = 16384 (custom)
2023-01-24 12:22:54,224 [pool-163-thread-1] INFO  server.RaftServerConfigKeys (ConfUtils.java:logGet(46)) - raft.server.log.force.sync.num = 128 (default)
2023-01-24 12:22:54,224 [pool-163-thread-1] INFO  server.RaftServerConfigKeys (ConfUtils.java:logGet(46)) - raft.server.log.statemachine.data.sync = true (default)
2023-01-24 12:22:54,224 [pool-163-thread-1] INFO  server.RaftServerConfigKeys (ConfUtils.java:logGet(46)) - raft.server.log.statemachine.data.sync.timeout = 10s (default)
2023-01-24 12:22:54,224 [pool-163-thread-1] INFO  server.RaftServerConfigKeys (ConfUtils.java:logGet(46)) - raft.server.log.statemachine.data.sync.timeout.retry = -1 (default)
2023-01-24 12:22:54,225 [pool-163-thread-1] INFO  server.RaftServerConfigKeys (ConfUtils.java:logGet(46)) - raft.server.log.write.buffer.size = 1048576 (custom)
2023-01-24 12:22:54,225 [pool-163-thread-1] INFO  server.RaftServerConfigKeys (ConfUtils.java:logGet(46)) - raft.server.log.appender.buffer.byte-limit = 33554432 (custom)
2023-01-24 12:22:54,228 [pool-163-thread-1] INFO  server.RaftServerConfigKeys (ConfUtils.java:logGet(46)) - raft.server.log.unsafe-flush.enabled = false (default)
2023-01-24 12:22:54,228 [pool-163-thread-1] INFO  server.RaftServerConfigKeys (ConfUtils.java:logGet(46)) - raft.server.log.async-flush.enabled = false (default)
2023-01-24 12:22:54,228 [pool-163-thread-1] INFO  server.RaftServerConfigKeys (ConfUtils.java:logGet(46)) - raft.server.log.statemachine.data.caching.enabled = true (custom)
2023-01-24 12:22:54,228 [pool-163-thread-1] INFO  segmented.SegmentedRaftLogWorker (SegmentedRaftLogWorker.java:lambda$new$0(135)) - 8d5822ee-b1dd-46af-beb1-0638b7fa15fc@group-2EBEB1ED5A51-SegmentedRaftLogWorker: flushIndex: setUnconditionally 0 -> -1
2023-01-24 12:22:54,229 [pool-163-thread-1] INFO  segmented.SegmentedRaftLogWorker (SegmentedRaftLogWorker.java:lambda$new$0(135)) - 8d5822ee-b1dd-46af-beb1-0638b7fa15fc@group-2EBEB1ED5A51-SegmentedRaftLogWorker: safeCacheEvictIndex: setUnconditionally 0 -> -1
2023-01-24 12:22:54,229 [pool-163-thread-1] INFO  server.RaftServer$Division (RaftServerImpl.java:start(334)) - 8d5822ee-b1dd-46af-beb1-0638b7fa15fc@group-2EBEB1ED5A51: start as a follower, conf=-1: peers:[4243b07b-dbe8-44bd-919c-c5b59c546d4c|rpc:10.1.1.14:38729|dataStream:10.1.1.14:33721|priority:0|startupRole:FOLLOWER, 3f0205b3-740b-4219-bfdb-76da739fef9e|rpc:10.1.1.14:39411|dataStream:10.1.1.14:35799|priority:1|startupRole:FOLLOWER, 8d5822ee-b1dd-46af-beb1-0638b7fa15fc|rpc:10.1.1.14:38873|dataStream:10.1.1.14:42631|priority:0|startupRole:FOLLOWER]|listeners:[], old=null
2023-01-24 12:22:54,229 [pool-163-thread-1] INFO  server.RaftServer$Division (RaftServerImpl.java:setRole(321)) - 8d5822ee-b1dd-46af-beb1-0638b7fa15fc@group-2EBEB1ED5A51: changes role from      null to FOLLOWER at term 0 for startAsFollower
2023-01-24 12:22:54,229 [pool-163-thread-1] INFO  impl.RoleInfo (RoleInfo.java:updateAndGet(139)) - 8d5822ee-b1dd-46af-beb1-0638b7fa15fc: start 8d5822ee-b1dd-46af-beb1-0638b7fa15fc@group-2EBEB1ED5A51-FollowerState
2023-01-24 12:22:54,230 [pool-163-thread-1] INFO  util.JmxRegister (JmxRegister.java:tryRegister(44)) - Successfully registered JMX Bean with object name Ratis:service=RaftServer,group=group-2EBEB1ED5A51,id=8d5822ee-b1dd-46af-beb1-0638b7fa15fc
2023-01-24 12:22:54,230 [pool-163-thread-1] INFO  server.RaftServerConfigKeys (ConfUtils.java:logGet(46)) - raft.server.snapshot.auto.trigger.enabled = true (custom)
2023-01-24 12:22:54,230 [pool-163-thread-1] INFO  server.RaftServerConfigKeys (ConfUtils.java:logGet(46)) - raft.server.snapshot.auto.trigger.threshold = 10000 (custom)
2023-01-24 12:22:54,230 [pool-163-thread-1] INFO  server.RaftServerConfigKeys (ConfUtils.java:logGet(46)) - raft.server.snapshot.retention.file.num = 5 (custom)
2023-01-24 12:22:54,230 [pool-163-thread-1] INFO  server.RaftServerConfigKeys (ConfUtils.java:logGet(46)) - raft.server.log.purge.upto.snapshot.index = false (default)
2023-01-24 12:22:54,231 [8d5822ee-b1dd-46af-beb1-0638b7fa15fc@group-2EBEB1ED5A51-FollowerState] INFO  server.RaftServerConfigKeys (ConfUtils.java:logFallback(53)) - raft.server.rpc.first-election.timeout.min = 5s (fallback to raft.server.rpc.timeout.min)
2023-01-24 12:22:54,235 [8d5822ee-b1dd-46af-beb1-0638b7fa15fc@group-2EBEB1ED5A51-FollowerState] INFO  server.RaftServerConfigKeys (ConfUtils.java:logFallback(53)) - raft.server.rpc.first-election.timeout.max = 5200ms (fallback to raft.server.rpc.timeout.max)
2023-01-24 12:22:54,235 [Listener at 127.0.0.1/46625] INFO  ozone.MiniOzoneClusterImpl (MiniOzoneClusterImpl.java:lambda$waitForClusterToBeReady$0(218)) - Nodes are ready. Got 10 of 10 DN Heartbeats.
2023-01-24 12:22:54,235 [Listener at 127.0.0.1/46625] INFO  ozone.MiniOzoneClusterImpl (MiniOzoneClusterImpl.java:lambda$waitForClusterToBeReady$0(221)) - Waiting for cluster to exit safe mode
2023-01-24 12:22:54,235 [Listener at 127.0.0.1/46625] INFO  ozone.MiniOzoneClusterImpl (MiniOzoneClusterImpl.java:lambda$waitForClusterToBeReady$0(223)) - SCM became leader
2023-01-24 12:22:54,249 [Command processor thread] INFO  commandhandler.CreatePipelineCommandHandler (CreatePipelineCommandHandler.java:handle(113)) - Created Pipeline RATIS THREE PipelineID=55176d7b-9d1c-4966-b863-2ebeb1ed5a51.
2023-01-24 12:22:54,249 [Command processor thread] INFO  server.RaftServer (RaftServerProxy.java:addNew(96)) - 3f0205b3-740b-4219-bfdb-76da739fef9e: addNew group-A2C53E516D65:[4243b07b-dbe8-44bd-919c-c5b59c546d4c|rpc:10.1.1.14:38729|dataStream:10.1.1.14:33721|priority:0|startupRole:FOLLOWER, 8d5822ee-b1dd-46af-beb1-0638b7fa15fc|rpc:10.1.1.14:38873|dataStream:10.1.1.14:42631|priority:1|startupRole:FOLLOWER, 3f0205b3-740b-4219-bfdb-76da739fef9e|rpc:10.1.1.14:39411|dataStream:10.1.1.14:35799|priority:0|startupRole:FOLLOWER] returns group-A2C53E516D65:java.util.concurrent.CompletableFuture@11b6c7cc[Not completed]
2023-01-24 12:22:54,250 [pool-140-thread-1] INFO  server.RaftServer$Division (RaftServerImpl.java:<init>(195)) - 3f0205b3-740b-4219-bfdb-76da739fef9e: new RaftServerImpl for group-A2C53E516D65:[4243b07b-dbe8-44bd-919c-c5b59c546d4c|rpc:10.1.1.14:38729|dataStream:10.1.1.14:33721|priority:0|startupRole:FOLLOWER, 8d5822ee-b1dd-46af-beb1-0638b7fa15fc|rpc:10.1.1.14:38873|dataStream:10.1.1.14:42631|priority:1|startupRole:FOLLOWER, 3f0205b3-740b-4219-bfdb-76da739fef9e|rpc:10.1.1.14:39411|dataStream:10.1.1.14:35799|priority:0|startupRole:FOLLOWER] with ContainerStateMachine:uninitialized
2023-01-24 12:22:54,250 [pool-140-thread-1] INFO  server.RaftServerConfigKeys (ConfUtils.java:logGet(46)) - raft.server.rpc.timeout.min = 5s (custom)
2023-01-24 12:22:54,250 [pool-140-thread-1] INFO  server.RaftServerConfigKeys (ConfUtils.java:logGet(46)) - raft.server.rpc.timeout.max = 5200ms (custom)
2023-01-24 12:22:54,250 [pool-140-thread-1] INFO  server.RaftServerConfigKeys (ConfUtils.java:logGet(46)) - raft.server.rpc.sleep.time = 25ms (default)
2023-01-24 12:22:54,250 [pool-140-thread-1] INFO  server.RaftServerConfigKeys (ConfUtils.java:logGet(46)) - raft.server.rpc.slowness.timeout = 300s (custom)
2023-01-24 12:22:54,250 [pool-140-thread-1] INFO  server.RaftServerConfigKeys (ConfUtils.java:logGet(46)) - raft.server.leaderelection.leader.step-down.wait-time = 10s (default)
2023-01-24 12:22:54,250 [pool-140-thread-1] INFO  server.RaftServerConfigKeys (ConfUtils.java:logGet(46)) - raft.server.sleep.deviation.threshold = 300ms (default)
2023-01-24 12:22:54,250 [pool-140-thread-1] INFO  server.RaftServer$Division (ServerState.java:<init>(118)) - 3f0205b3-740b-4219-bfdb-76da739fef9e@group-A2C53E516D65: ConfigurationManager, init=-1: peers:[4243b07b-dbe8-44bd-919c-c5b59c546d4c|rpc:10.1.1.14:38729|dataStream:10.1.1.14:33721|priority:0|startupRole:FOLLOWER, 8d5822ee-b1dd-46af-beb1-0638b7fa15fc|rpc:10.1.1.14:38873|dataStream:10.1.1.14:42631|priority:1|startupRole:FOLLOWER, 3f0205b3-740b-4219-bfdb-76da739fef9e|rpc:10.1.1.14:39411|dataStream:10.1.1.14:35799|priority:0|startupRole:FOLLOWER]|listeners:[], old=null, confs=<EMPTY_MAP>
2023-01-24 12:22:54,250 [pool-140-thread-1] INFO  server.RaftServerConfigKeys (ConfUtils.java:logGet(46)) - raft.server.storage.dir = [/home/runner/work/ozone/ozone/hadoop-ozone/integration-test/target/test-dir/MiniOzoneClusterImpl-9ddee5dd-a9b0-4f84-bf8c-5f63b859aaaf/datanode-3/data/ratis] (custom)
2023-01-24 12:22:54,250 [pool-140-thread-1] INFO  server.RaftServerConfigKeys (ConfUtils.java:logGet(46)) - raft.server.log.corruption.policy = EXCEPTION (default)
2023-01-24 12:22:54,250 [pool-140-thread-1] INFO  server.RaftServerConfigKeys (ConfUtils.java:logGet(46)) - raft.server.storage.free-space.min = 0MB (=0) (default)
2023-01-24 12:22:54,251 [pool-140-thread-1] INFO  server.RaftServerConfigKeys (ConfUtils.java:logGet(46)) - raft.server.notification.no-leader.timeout = 300s (custom)
2023-01-24 12:22:54,251 [pool-140-thread-1] INFO  server.RaftServerConfigKeys (ConfUtils.java:logGet(46)) - raft.server.retrycache.expirytime = 600000ms (custom)
2023-01-24 12:22:54,251 [pool-140-thread-1] INFO  server.RaftServerConfigKeys (ConfUtils.java:logGet(46)) - raft.server.retrycache.statistics.expirytime = 100μs (default)
2023-01-24 12:22:54,252 [pool-140-thread-1] INFO  server.RaftServerConfigKeys (ConfUtils.java:logGet(46)) - raft.server.log.appender.install.snapshot.enabled = false (custom)
2023-01-24 12:22:54,252 [pool-140-thread-1] INFO  server.RaftServerConfigKeys (ConfUtils.java:logGet(46)) - raft.server.threadpool.server.cached = true (default)
2023-01-24 12:22:54,252 [pool-140-thread-1] INFO  server.RaftServerConfigKeys (ConfUtils.java:logGet(46)) - raft.server.threadpool.server.size = 0 (default)
2023-01-24 12:22:54,252 [pool-140-thread-1] INFO  server.RaftServerConfigKeys (ConfUtils.java:logGet(46)) - raft.server.threadpool.client.cached = true (default)
2023-01-24 12:22:54,252 [pool-140-thread-1] INFO  server.RaftServerConfigKeys (ConfUtils.java:logGet(46)) - raft.server.threadpool.client.size = 0 (default)
2023-01-24 12:22:54,252 [pool-140-thread-1] INFO  storage.RaftStorageDirectory (RaftStorageDirectoryImpl.java:analyzeStorage(137)) - The storage directory /home/runner/work/ozone/ozone/hadoop-ozone/integration-test/target/test-dir/MiniOzoneClusterImpl-9ddee5dd-a9b0-4f84-bf8c-5f63b859aaaf/datanode-3/data/ratis/7e076fab-1ba5-45cf-94c4-a2c53e516d65 does not exist. Creating ...
2023-01-24 12:22:54,253 [pool-140-thread-1] INFO  storage.RaftStorageDirectory (RaftStorageDirectoryImpl.java:tryLock(231)) - Lock on /home/runner/work/ozone/ozone/hadoop-ozone/integration-test/target/test-dir/MiniOzoneClusterImpl-9ddee5dd-a9b0-4f84-bf8c-5f63b859aaaf/datanode-3/data/ratis/7e076fab-1ba5-45cf-94c4-a2c53e516d65/in_use.lock acquired by nodename 59439@fv-az83-645
2023-01-24 12:22:54,254 [pool-140-thread-1] INFO  storage.RaftStorage (RaftStorageImpl.java:format(96)) - Storage directory /home/runner/work/ozone/ozone/hadoop-ozone/integration-test/target/test-dir/MiniOzoneClusterImpl-9ddee5dd-a9b0-4f84-bf8c-5f63b859aaaf/datanode-3/data/ratis/7e076fab-1ba5-45cf-94c4-a2c53e516d65 has been successfully formatted.
2023-01-24 12:22:54,256 [EventQueue-OpenPipelineForHealthyPipelineSafeModeRule] INFO  safemode.SCMSafeModeManager (HealthyPipelineSafeModeRule.java:process(137)) - SCM in safe mode. Healthy pipelines reported count is 0, required healthy pipeline reported count is 1
2023-01-24 12:22:54,256 [pool-140-thread-1] INFO  ratis.ContainerStateMachine (ContainerStateMachine.java:loadSnapshot(240)) - group-A2C53E516D65: The snapshot info is null. Setting the last applied indexto:(t:0, i:~)
2023-01-24 12:22:54,260 [pool-140-thread-1] INFO  server.RaftServerConfigKeys (ConfUtils.java:logGet(46)) - raft.server.log.use.memory = false (default)
2023-01-24 12:22:54,260 [pool-140-thread-1] INFO  server.RaftServerConfigKeys (ConfUtils.java:logGet(46)) - raft.server.log.purge.gap = 1000000 (custom)
2023-01-24 12:22:54,260 [pool-140-thread-1] INFO  server.RaftServerConfigKeys (ConfUtils.java:logGet(46)) - raft.server.log.appender.buffer.byte-limit = 33554432 (custom)
2023-01-24 12:22:54,260 [pool-140-thread-1] INFO  server.RaftServerConfigKeys (ConfUtils.java:logGet(46)) - raft.server.log.statemachine.data.read.timeout = 1000ms (default)
2023-01-24 12:22:54,260 [pool-140-thread-1] INFO  server.RaftServerConfigKeys (ConfUtils.java:logGet(46)) - raft.server.log.purge.preservation.log.num = 0 (default)
2023-01-24 12:22:54,260 [pool-140-thread-1] INFO  server.RaftServerConfigKeys (ConfUtils.java:logGet(46)) - raft.server.log.segment.size.max = 1048576 (custom)
2023-01-24 12:22:54,260 [pool-140-thread-1] INFO  server.RaftServerConfigKeys (ConfUtils.java:logGet(46)) - raft.server.log.segment.cache.num.max = 2 (custom)
2023-01-24 12:22:54,260 [pool-140-thread-1] INFO  server.RaftServerConfigKeys (ConfUtils.java:logGet(46)) - raft.server.log.segment.cache.size.max = 200MB (=209715200) (default)
2023-01-24 12:22:54,261 [pool-140-thread-1] INFO  segmented.SegmentedRaftLogWorker (SegmentedRaftLogWorker.java:<init>(189)) - new 3f0205b3-740b-4219-bfdb-76da739fef9e@group-A2C53E516D65-SegmentedRaftLogWorker for RaftStorageImpl:Storage Directory /home/runner/work/ozone/ozone/hadoop-ozone/integration-test/target/test-dir/MiniOzoneClusterImpl-9ddee5dd-a9b0-4f84-bf8c-5f63b859aaaf/datanode-3/data/ratis/7e076fab-1ba5-45cf-94c4-a2c53e516d65
2023-01-24 12:22:54,261 [pool-140-thread-1] INFO  server.RaftServerConfigKeys (ConfUtils.java:logGet(46)) - raft.server.log.queue.byte-limit = 4294967296 (custom)
2023-01-24 12:22:54,261 [pool-140-thread-1] INFO  server.RaftServerConfigKeys (ConfUtils.java:logGet(46)) - raft.server.log.queue.element-limit = 1024 (custom)
2023-01-24 12:22:54,261 [pool-140-thread-1] INFO  server.RaftServerConfigKeys (ConfUtils.java:logGet(46)) - raft.server.log.segment.size.max = 1048576 (custom)
2023-01-24 12:22:54,261 [pool-140-thread-1] INFO  server.RaftServerConfigKeys (ConfUtils.java:logGet(46)) - raft.server.log.preallocated.size = 16384 (custom)
2023-01-24 12:22:54,261 [pool-140-thread-1] INFO  server.RaftServerConfigKeys (ConfUtils.java:logGet(46)) - raft.server.log.force.sync.num = 128 (default)
2023-01-24 12:22:54,261 [pool-140-thread-1] INFO  server.RaftServerConfigKeys (ConfUtils.java:logGet(46)) - raft.server.log.statemachine.data.sync = true (default)
2023-01-24 12:22:54,261 [pool-140-thread-1] INFO  server.RaftServerConfigKeys (ConfUtils.java:logGet(46)) - raft.server.log.statemachine.data.sync.timeout = 10s (default)
2023-01-24 12:22:54,261 [pool-140-thread-1] INFO  server.RaftServerConfigKeys (ConfUtils.java:logGet(46)) - raft.server.log.statemachine.data.sync.timeout.retry = -1 (default)
2023-01-24 12:22:54,262 [pool-140-thread-1] INFO  server.RaftServerConfigKeys (ConfUtils.java:logGet(46)) - raft.server.log.write.buffer.size = 1048576 (custom)
2023-01-24 12:22:54,262 [pool-140-thread-1] INFO  server.RaftServerConfigKeys (ConfUtils.java:logGet(46)) - raft.server.log.appender.buffer.byte-limit = 33554432 (custom)
2023-01-24 12:22:54,266 [pool-140-thread-1] INFO  server.RaftServerConfigKeys (ConfUtils.java:logGet(46)) - raft.server.log.unsafe-flush.enabled = false (default)
2023-01-24 12:22:54,266 [pool-140-thread-1] INFO  server.RaftServerConfigKeys (ConfUtils.java:logGet(46)) - raft.server.log.async-flush.enabled = false (default)
2023-01-24 12:22:54,266 [pool-140-thread-1] INFO  server.RaftServerConfigKeys (ConfUtils.java:logGet(46)) - raft.server.log.statemachine.data.caching.enabled = true (custom)
2023-01-24 12:22:54,266 [pool-140-thread-1] INFO  segmented.SegmentedRaftLogWorker (SegmentedRaftLogWorker.java:lambda$new$0(135)) - 3f0205b3-740b-4219-bfdb-76da739fef9e@group-A2C53E516D65-SegmentedRaftLogWorker: flushIndex: setUnconditionally 0 -> -1
2023-01-24 12:22:54,266 [pool-140-thread-1] INFO  segmented.SegmentedRaftLogWorker (SegmentedRaftLogWorker.java:lambda$new$0(135)) - 3f0205b3-740b-4219-bfdb-76da739fef9e@group-A2C53E516D65-SegmentedRaftLogWorker: safeCacheEvictIndex: setUnconditionally 0 -> -1
2023-01-24 12:22:54,272 [pool-140-thread-1] INFO  server.RaftServer$Division (RaftServerImpl.java:start(334)) - 3f0205b3-740b-4219-bfdb-76da739fef9e@group-A2C53E516D65: start as a follower, conf=-1: peers:[4243b07b-dbe8-44bd-919c-c5b59c546d4c|rpc:10.1.1.14:38729|dataStream:10.1.1.14:33721|priority:0|startupRole:FOLLOWER, 8d5822ee-b1dd-46af-beb1-0638b7fa15fc|rpc:10.1.1.14:38873|dataStream:10.1.1.14:42631|priority:1|startupRole:FOLLOWER, 3f0205b3-740b-4219-bfdb-76da739fef9e|rpc:10.1.1.14:39411|dataStream:10.1.1.14:35799|priority:0|startupRole:FOLLOWER]|listeners:[], old=null
2023-01-24 12:22:54,272 [pool-140-thread-1] INFO  server.RaftServer$Division (RaftServerImpl.java:setRole(321)) - 3f0205b3-740b-4219-bfdb-76da739fef9e@group-A2C53E516D65: changes role from      null to FOLLOWER at term 0 for startAsFollower
2023-01-24 12:22:54,272 [pool-140-thread-1] INFO  impl.RoleInfo (RoleInfo.java:updateAndGet(139)) - 3f0205b3-740b-4219-bfdb-76da739fef9e: start 3f0205b3-740b-4219-bfdb-76da739fef9e@group-A2C53E516D65-FollowerState
2023-01-24 12:22:54,274 [pool-140-thread-1] INFO  util.JmxRegister (JmxRegister.java:tryRegister(44)) - Successfully registered JMX Bean with object name Ratis:service=RaftServer,group=group-A2C53E516D65,id=3f0205b3-740b-4219-bfdb-76da739fef9e
2023-01-24 12:22:54,274 [pool-140-thread-1] INFO  server.RaftServerConfigKeys (ConfUtils.java:logGet(46)) - raft.server.snapshot.auto.trigger.enabled = true (custom)
2023-01-24 12:22:54,274 [pool-140-thread-1] INFO  server.RaftServerConfigKeys (ConfUtils.java:logGet(46)) - raft.server.snapshot.auto.trigger.threshold = 10000 (custom)
2023-01-24 12:22:54,274 [pool-140-thread-1] INFO  server.RaftServerConfigKeys (ConfUtils.java:logGet(46)) - raft.server.snapshot.retention.file.num = 5 (custom)
2023-01-24 12:22:54,274 [pool-140-thread-1] INFO  server.RaftServerConfigKeys (ConfUtils.java:logGet(46)) - raft.server.log.purge.upto.snapshot.index = false (default)
2023-01-24 12:22:54,275 [3f0205b3-740b-4219-bfdb-76da739fef9e@group-A2C53E516D65-FollowerState] INFO  server.RaftServerConfigKeys (ConfUtils.java:logFallback(53)) - raft.server.rpc.first-election.timeout.min = 5s (fallback to raft.server.rpc.timeout.min)
2023-01-24 12:22:54,287 [3f0205b3-740b-4219-bfdb-76da739fef9e@group-A2C53E516D65-FollowerState] INFO  server.RaftServerConfigKeys (ConfUtils.java:logFallback(53)) - raft.server.rpc.first-election.timeout.max = 5200ms (fallback to raft.server.rpc.timeout.max)
2023-01-24 12:22:54,287 [Command processor thread] INFO  ratis.XceiverServerRatis (XceiverServerRatis.java:addGroup(806)) - Created group PipelineID=7e076fab-1ba5-45cf-94c4-a2c53e516d65
2023-01-24 12:22:54,301 [grpc-default-executor-1] INFO  server.RaftServer (RaftServerProxy.java:addNew(96)) - 8d5822ee-b1dd-46af-beb1-0638b7fa15fc: addNew group-A2C53E516D65:[4243b07b-dbe8-44bd-919c-c5b59c546d4c|rpc:10.1.1.14:38729|dataStream:10.1.1.14:33721|priority:0|startupRole:FOLLOWER, 8d5822ee-b1dd-46af-beb1-0638b7fa15fc|rpc:10.1.1.14:38873|dataStream:10.1.1.14:42631|priority:1|startupRole:FOLLOWER, 3f0205b3-740b-4219-bfdb-76da739fef9e|rpc:10.1.1.14:39411|dataStream:10.1.1.14:35799|priority:0|startupRole:FOLLOWER] returns group-A2C53E516D65:java.util.concurrent.CompletableFuture@6e91d8b4[Not completed]
2023-01-24 12:22:54,302 [pool-163-thread-1] INFO  server.RaftServer$Division (RaftServerImpl.java:<init>(195)) - 8d5822ee-b1dd-46af-beb1-0638b7fa15fc: new RaftServerImpl for group-A2C53E516D65:[4243b07b-dbe8-44bd-919c-c5b59c546d4c|rpc:10.1.1.14:38729|dataStream:10.1.1.14:33721|priority:0|startupRole:FOLLOWER, 8d5822ee-b1dd-46af-beb1-0638b7fa15fc|rpc:10.1.1.14:38873|dataStream:10.1.1.14:42631|priority:1|startupRole:FOLLOWER, 3f0205b3-740b-4219-bfdb-76da739fef9e|rpc:10.1.1.14:39411|dataStream:10.1.1.14:35799|priority:0|startupRole:FOLLOWER] with ContainerStateMachine:uninitialized
2023-01-24 12:22:54,302 [pool-163-thread-1] INFO  server.RaftServerConfigKeys (ConfUtils.java:logGet(46)) - raft.server.rpc.timeout.min = 5s (custom)
2023-01-24 12:22:54,302 [pool-163-thread-1] INFO  server.RaftServerConfigKeys (ConfUtils.java:logGet(46)) - raft.server.rpc.timeout.max = 5200ms (custom)
2023-01-24 12:22:54,302 [pool-163-thread-1] INFO  server.RaftServerConfigKeys (ConfUtils.java:logGet(46)) - raft.server.rpc.sleep.time = 25ms (default)
2023-01-24 12:22:54,302 [pool-163-thread-1] INFO  server.RaftServerConfigKeys (ConfUtils.java:logGet(46)) - raft.server.rpc.slowness.timeout = 300s (custom)
2023-01-24 12:22:54,302 [pool-163-thread-1] INFO  server.RaftServerConfigKeys (ConfUtils.java:logGet(46)) - raft.server.leaderelection.leader.step-down.wait-time = 10s (default)
2023-01-24 12:22:54,302 [pool-163-thread-1] INFO  server.RaftServerConfigKeys (ConfUtils.java:logGet(46)) - raft.server.sleep.deviation.threshold = 300ms (default)
2023-01-24 12:22:54,302 [pool-163-thread-1] INFO  server.RaftServer$Division (ServerState.java:<init>(118)) - 8d5822ee-b1dd-46af-beb1-0638b7fa15fc@group-A2C53E516D65: ConfigurationManager, init=-1: peers:[4243b07b-dbe8-44bd-919c-c5b59c546d4c|rpc:10.1.1.14:38729|dataStream:10.1.1.14:33721|priority:0|startupRole:FOLLOWER, 8d5822ee-b1dd-46af-beb1-0638b7fa15fc|rpc:10.1.1.14:38873|dataStream:10.1.1.14:42631|priority:1|startupRole:FOLLOWER, 3f0205b3-740b-4219-bfdb-76da739fef9e|rpc:10.1.1.14:39411|dataStream:10.1.1.14:35799|priority:0|startupRole:FOLLOWER]|listeners:[], old=null, confs=<EMPTY_MAP>
2023-01-24 12:22:54,302 [pool-163-thread-1] INFO  server.RaftServerConfigKeys (ConfUtils.java:logGet(46)) - raft.server.storage.dir = [/home/runner/work/ozone/ozone/hadoop-ozone/integration-test/target/test-dir/MiniOzoneClusterImpl-9ddee5dd-a9b0-4f84-bf8c-5f63b859aaaf/datanode-4/data/ratis] (custom)
2023-01-24 12:22:54,302 [pool-163-thread-1] INFO  server.RaftServerConfigKeys (ConfUtils.java:logGet(46)) - raft.server.log.corruption.policy = EXCEPTION (default)
2023-01-24 12:22:54,303 [pool-163-thread-1] INFO  server.RaftServerConfigKeys (ConfUtils.java:logGet(46)) - raft.server.storage.free-space.min = 0MB (=0) (default)
2023-01-24 12:22:54,303 [pool-163-thread-1] INFO  server.RaftServerConfigKeys (ConfUtils.java:logGet(46)) - raft.server.notification.no-leader.timeout = 300s (custom)
2023-01-24 12:22:54,303 [pool-163-thread-1] INFO  server.RaftServerConfigKeys (ConfUtils.java:logGet(46)) - raft.server.retrycache.expirytime = 600000ms (custom)
2023-01-24 12:22:54,303 [pool-163-thread-1] INFO  server.RaftServerConfigKeys (ConfUtils.java:logGet(46)) - raft.server.retrycache.statistics.expirytime = 100μs (default)
2023-01-24 12:22:54,304 [pool-163-thread-1] INFO  server.RaftServerConfigKeys (ConfUtils.java:logGet(46)) - raft.server.log.appender.install.snapshot.enabled = false (custom)
2023-01-24 12:22:54,304 [pool-163-thread-1] INFO  server.RaftServerConfigKeys (ConfUtils.java:logGet(46)) - raft.server.threadpool.server.cached = true (default)
2023-01-24 12:22:54,304 [pool-163-thread-1] INFO  server.RaftServerConfigKeys (ConfUtils.java:logGet(46)) - raft.server.threadpool.server.size = 0 (default)
2023-01-24 12:22:54,304 [pool-163-thread-1] INFO  server.RaftServerConfigKeys (ConfUtils.java:logGet(46)) - raft.server.threadpool.client.cached = true (default)
2023-01-24 12:22:54,304 [pool-163-thread-1] INFO  server.RaftServerConfigKeys (ConfUtils.java:logGet(46)) - raft.server.threadpool.client.size = 0 (default)
2023-01-24 12:22:54,304 [pool-163-thread-1] INFO  storage.RaftStorageDirectory (RaftStorageDirectoryImpl.java:analyzeStorage(137)) - The storage directory /home/runner/work/ozone/ozone/hadoop-ozone/integration-test/target/test-dir/MiniOzoneClusterImpl-9ddee5dd-a9b0-4f84-bf8c-5f63b859aaaf/datanode-4/data/ratis/7e076fab-1ba5-45cf-94c4-a2c53e516d65 does not exist. Creating ...
2023-01-24 12:22:54,305 [pool-163-thread-1] INFO  storage.RaftStorageDirectory (RaftStorageDirectoryImpl.java:tryLock(231)) - Lock on /home/runner/work/ozone/ozone/hadoop-ozone/integration-test/target/test-dir/MiniOzoneClusterImpl-9ddee5dd-a9b0-4f84-bf8c-5f63b859aaaf/datanode-4/data/ratis/7e076fab-1ba5-45cf-94c4-a2c53e516d65/in_use.lock acquired by nodename 59439@fv-az83-645
2023-01-24 12:22:54,306 [pool-163-thread-1] INFO  storage.RaftStorage (RaftStorageImpl.java:format(96)) - Storage directory /home/runner/work/ozone/ozone/hadoop-ozone/integration-test/target/test-dir/MiniOzoneClusterImpl-9ddee5dd-a9b0-4f84-bf8c-5f63b859aaaf/datanode-4/data/ratis/7e076fab-1ba5-45cf-94c4-a2c53e516d65 has been successfully formatted.
2023-01-24 12:22:54,307 [pool-163-thread-1] INFO  ratis.ContainerStateMachine (ContainerStateMachine.java:loadSnapshot(240)) - group-A2C53E516D65: The snapshot info is null. Setting the last applied indexto:(t:0, i:~)
2023-01-24 12:22:54,307 [pool-163-thread-1] INFO  server.RaftServerConfigKeys (ConfUtils.java:logGet(46)) - raft.server.log.use.memory = false (default)
2023-01-24 12:22:54,307 [pool-163-thread-1] INFO  server.RaftServerConfigKeys (ConfUtils.java:logGet(46)) - raft.server.log.purge.gap = 1000000 (custom)
2023-01-24 12:22:54,307 [pool-163-thread-1] INFO  server.RaftServerConfigKeys (ConfUtils.java:logGet(46)) - raft.server.log.appender.buffer.byte-limit = 33554432 (custom)
2023-01-24 12:22:54,307 [pool-163-thread-1] INFO  server.RaftServerConfigKeys (ConfUtils.java:logGet(46)) - raft.server.log.statemachine.data.read.timeout = 1000ms (default)
2023-01-24 12:22:54,307 [pool-163-thread-1] INFO  server.RaftServerConfigKeys (ConfUtils.java:logGet(46)) - raft.server.log.purge.preservation.log.num = 0 (default)
2023-01-24 12:22:54,307 [pool-163-thread-1] INFO  server.RaftServerConfigKeys (ConfUtils.java:logGet(46)) - raft.server.log.segment.size.max = 1048576 (custom)
2023-01-24 12:22:54,307 [pool-163-thread-1] INFO  server.RaftServerConfigKeys (ConfUtils.java:logGet(46)) - raft.server.log.segment.cache.num.max = 2 (custom)
2023-01-24 12:22:54,308 [pool-163-thread-1] INFO  server.RaftServerConfigKeys (ConfUtils.java:logGet(46)) - raft.server.log.segment.cache.size.max = 200MB (=209715200) (default)
2023-01-24 12:22:54,308 [pool-163-thread-1] INFO  segmented.SegmentedRaftLogWorker (SegmentedRaftLogWorker.java:<init>(189)) - new 8d5822ee-b1dd-46af-beb1-0638b7fa15fc@group-A2C53E516D65-SegmentedRaftLogWorker for RaftStorageImpl:Storage Directory /home/runner/work/ozone/ozone/hadoop-ozone/integration-test/target/test-dir/MiniOzoneClusterImpl-9ddee5dd-a9b0-4f84-bf8c-5f63b859aaaf/datanode-4/data/ratis/7e076fab-1ba5-45cf-94c4-a2c53e516d65
2023-01-24 12:22:54,308 [pool-163-thread-1] INFO  server.RaftServerConfigKeys (ConfUtils.java:logGet(46)) - raft.server.log.queue.byte-limit = 4294967296 (custom)
2023-01-24 12:22:54,308 [pool-163-thread-1] INFO  server.RaftServerConfigKeys (ConfUtils.java:logGet(46)) - raft.server.log.queue.element-limit = 1024 (custom)
2023-01-24 12:22:54,308 [pool-163-thread-1] INFO  server.RaftServerConfigKeys (ConfUtils.java:logGet(46)) - raft.server.log.segment.size.max = 1048576 (custom)
2023-01-24 12:22:54,308 [pool-163-thread-1] INFO  server.RaftServerConfigKeys (ConfUtils.java:logGet(46)) - raft.server.log.preallocated.size = 16384 (custom)
2023-01-24 12:22:54,308 [pool-163-thread-1] INFO  server.RaftServerConfigKeys (ConfUtils.java:logGet(46)) - raft.server.log.force.sync.num = 128 (default)
2023-01-24 12:22:54,308 [pool-163-thread-1] INFO  server.RaftServerConfigKeys (ConfUtils.java:logGet(46)) - raft.server.log.statemachine.data.sync = true (default)
2023-01-24 12:22:54,308 [pool-163-thread-1] INFO  server.RaftServerConfigKeys (ConfUtils.java:logGet(46)) - raft.server.log.statemachine.data.sync.timeout = 10s (default)
2023-01-24 12:22:54,308 [pool-163-thread-1] INFO  server.RaftServerConfigKeys (ConfUtils.java:logGet(46)) - raft.server.log.statemachine.data.sync.timeout.retry = -1 (default)
2023-01-24 12:22:54,309 [pool-163-thread-1] INFO  server.RaftServerConfigKeys (ConfUtils.java:logGet(46)) - raft.server.log.write.buffer.size = 1048576 (custom)
2023-01-24 12:22:54,310 [pool-163-thread-1] INFO  server.RaftServerConfigKeys (ConfUtils.java:logGet(46)) - raft.server.log.appender.buffer.byte-limit = 33554432 (custom)
2023-01-24 12:22:54,312 [pool-163-thread-1] INFO  server.RaftServerConfigKeys (ConfUtils.java:logGet(46)) - raft.server.log.unsafe-flush.enabled = false (default)
2023-01-24 12:22:54,312 [pool-163-thread-1] INFO  server.RaftServerConfigKeys (ConfUtils.java:logGet(46)) - raft.server.log.async-flush.enabled = false (default)
2023-01-24 12:22:54,312 [pool-163-thread-1] INFO  server.RaftServerConfigKeys (ConfUtils.java:logGet(46)) - raft.server.log.statemachine.data.caching.enabled = true (custom)
2023-01-24 12:22:54,312 [pool-163-thread-1] INFO  segmented.SegmentedRaftLogWorker (SegmentedRaftLogWorker.java:lambda$new$0(135)) - 8d5822ee-b1dd-46af-beb1-0638b7fa15fc@group-A2C53E516D65-SegmentedRaftLogWorker: flushIndex: setUnconditionally 0 -> -1
2023-01-24 12:22:54,313 [pool-163-thread-1] INFO  segmented.SegmentedRaftLogWorker (SegmentedRaftLogWorker.java:lambda$new$0(135)) - 8d5822ee-b1dd-46af-beb1-0638b7fa15fc@group-A2C53E516D65-SegmentedRaftLogWorker: safeCacheEvictIndex: setUnconditionally 0 -> -1
2023-01-24 12:22:54,313 [pool-163-thread-1] INFO  server.RaftServer$Division (RaftServerImpl.java:start(334)) - 8d5822ee-b1dd-46af-beb1-0638b7fa15fc@group-A2C53E516D65: start as a follower, conf=-1: peers:[4243b07b-dbe8-44bd-919c-c5b59c546d4c|rpc:10.1.1.14:38729|dataStream:10.1.1.14:33721|priority:0|startupRole:FOLLOWER, 8d5822ee-b1dd-46af-beb1-0638b7fa15fc|rpc:10.1.1.14:38873|dataStream:10.1.1.14:42631|priority:1|startupRole:FOLLOWER, 3f0205b3-740b-4219-bfdb-76da739fef9e|rpc:10.1.1.14:39411|dataStream:10.1.1.14:35799|priority:0|startupRole:FOLLOWER]|listeners:[], old=null
2023-01-24 12:22:54,313 [pool-163-thread-1] INFO  server.RaftServer$Division (RaftServerImpl.java:setRole(321)) - 8d5822ee-b1dd-46af-beb1-0638b7fa15fc@group-A2C53E516D65: changes role from      null to FOLLOWER at term 0 for startAsFollower
2023-01-24 12:22:54,313 [pool-163-thread-1] INFO  impl.RoleInfo (RoleInfo.java:updateAndGet(139)) - 8d5822ee-b1dd-46af-beb1-0638b7fa15fc: start 8d5822ee-b1dd-46af-beb1-0638b7fa15fc@group-A2C53E516D65-FollowerState
2023-01-24 12:22:54,314 [pool-163-thread-1] INFO  util.JmxRegister (JmxRegister.java:tryRegister(44)) - Successfully registered JMX Bean with object name Ratis:service=RaftServer,group=group-A2C53E516D65,id=8d5822ee-b1dd-46af-beb1-0638b7fa15fc
2023-01-24 12:22:54,314 [pool-163-thread-1] INFO  server.RaftServerConfigKeys (ConfUtils.java:logGet(46)) - raft.server.snapshot.auto.trigger.enabled = true (custom)
2023-01-24 12:22:54,314 [pool-163-thread-1] INFO  server.RaftServerConfigKeys (ConfUtils.java:logGet(46)) - raft.server.snapshot.auto.trigger.threshold = 10000 (custom)
2023-01-24 12:22:54,314 [pool-163-thread-1] INFO  server.RaftServerConfigKeys (ConfUtils.java:logGet(46)) - raft.server.snapshot.retention.file.num = 5 (custom)
2023-01-24 12:22:54,314 [pool-163-thread-1] INFO  server.RaftServerConfigKeys (ConfUtils.java:logGet(46)) - raft.server.log.purge.upto.snapshot.index = false (default)
2023-01-24 12:22:54,315 [8d5822ee-b1dd-46af-beb1-0638b7fa15fc@group-A2C53E516D65-FollowerState] INFO  server.RaftServerConfigKeys (ConfUtils.java:logFallback(53)) - raft.server.rpc.first-election.timeout.min = 5s (fallback to raft.server.rpc.timeout.min)
2023-01-24 12:22:54,318 [8d5822ee-b1dd-46af-beb1-0638b7fa15fc@group-A2C53E516D65-FollowerState] INFO  server.RaftServerConfigKeys (ConfUtils.java:logFallback(53)) - raft.server.rpc.first-election.timeout.max = 5200ms (fallback to raft.server.rpc.timeout.max)
2023-01-24 12:22:54,335 [grpc-default-executor-1] INFO  server.RaftServer (RaftServerProxy.java:addNew(96)) - 4243b07b-dbe8-44bd-919c-c5b59c546d4c: addNew group-A2C53E516D65:[4243b07b-dbe8-44bd-919c-c5b59c546d4c|rpc:10.1.1.14:38729|dataStream:10.1.1.14:33721|priority:0|startupRole:FOLLOWER, 8d5822ee-b1dd-46af-beb1-0638b7fa15fc|rpc:10.1.1.14:38873|dataStream:10.1.1.14:42631|priority:1|startupRole:FOLLOWER, 3f0205b3-740b-4219-bfdb-76da739fef9e|rpc:10.1.1.14:39411|dataStream:10.1.1.14:35799|priority:0|startupRole:FOLLOWER] returns group-A2C53E516D65:java.util.concurrent.CompletableFuture@50136df7[Not completed]
2023-01-24 12:22:54,335 [pool-186-thread-1] INFO  server.RaftServer$Division (RaftServerImpl.java:<init>(195)) - 4243b07b-dbe8-44bd-919c-c5b59c546d4c: new RaftServerImpl for group-A2C53E516D65:[4243b07b-dbe8-44bd-919c-c5b59c546d4c|rpc:10.1.1.14:38729|dataStream:10.1.1.14:33721|priority:0|startupRole:FOLLOWER, 8d5822ee-b1dd-46af-beb1-0638b7fa15fc|rpc:10.1.1.14:38873|dataStream:10.1.1.14:42631|priority:1|startupRole:FOLLOWER, 3f0205b3-740b-4219-bfdb-76da739fef9e|rpc:10.1.1.14:39411|dataStream:10.1.1.14:35799|priority:0|startupRole:FOLLOWER] with ContainerStateMachine:uninitialized
2023-01-24 12:22:54,335 [pool-186-thread-1] INFO  server.RaftServerConfigKeys (ConfUtils.java:logGet(46)) - raft.server.rpc.timeout.min = 5s (custom)
2023-01-24 12:22:54,336 [pool-186-thread-1] INFO  server.RaftServerConfigKeys (ConfUtils.java:logGet(46)) - raft.server.rpc.timeout.max = 5200ms (custom)
2023-01-24 12:22:54,336 [pool-186-thread-1] INFO  server.RaftServerConfigKeys (ConfUtils.java:logGet(46)) - raft.server.rpc.sleep.time = 25ms (default)
2023-01-24 12:22:54,336 [pool-186-thread-1] INFO  server.RaftServerConfigKeys (ConfUtils.java:logGet(46)) - raft.server.rpc.slowness.timeout = 300s (custom)
2023-01-24 12:22:54,336 [pool-186-thread-1] INFO  server.RaftServerConfigKeys (ConfUtils.java:logGet(46)) - raft.server.leaderelection.leader.step-down.wait-time = 10s (default)
2023-01-24 12:22:54,336 [pool-186-thread-1] INFO  server.RaftServerConfigKeys (ConfUtils.java:logGet(46)) - raft.server.sleep.deviation.threshold = 300ms (default)
2023-01-24 12:22:54,336 [pool-186-thread-1] INFO  server.RaftServer$Division (ServerState.java:<init>(118)) - 4243b07b-dbe8-44bd-919c-c5b59c546d4c@group-A2C53E516D65: ConfigurationManager, init=-1: peers:[4243b07b-dbe8-44bd-919c-c5b59c546d4c|rpc:10.1.1.14:38729|dataStream:10.1.1.14:33721|priority:0|startupRole:FOLLOWER, 8d5822ee-b1dd-46af-beb1-0638b7fa15fc|rpc:10.1.1.14:38873|dataStream:10.1.1.14:42631|priority:1|startupRole:FOLLOWER, 3f0205b3-740b-4219-bfdb-76da739fef9e|rpc:10.1.1.14:39411|dataStream:10.1.1.14:35799|priority:0|startupRole:FOLLOWER]|listeners:[], old=null, confs=<EMPTY_MAP>
2023-01-24 12:22:54,336 [pool-186-thread-1] INFO  server.RaftServerConfigKeys (ConfUtils.java:logGet(46)) - raft.server.storage.dir = [/home/runner/work/ozone/ozone/hadoop-ozone/integration-test/target/test-dir/MiniOzoneClusterImpl-9ddee5dd-a9b0-4f84-bf8c-5f63b859aaaf/datanode-5/data/ratis] (custom)
2023-01-24 12:22:54,336 [pool-186-thread-1] INFO  server.RaftServerConfigKeys (ConfUtils.java:logGet(46)) - raft.server.log.corruption.policy = EXCEPTION (default)
2023-01-24 12:22:54,336 [pool-186-thread-1] INFO  server.RaftServerConfigKeys (ConfUtils.java:logGet(46)) - raft.server.storage.free-space.min = 0MB (=0) (default)
2023-01-24 12:22:54,336 [pool-186-thread-1] INFO  server.RaftServerConfigKeys (ConfUtils.java:logGet(46)) - raft.server.notification.no-leader.timeout = 300s (custom)
2023-01-24 12:22:54,336 [pool-186-thread-1] INFO  server.RaftServerConfigKeys (ConfUtils.java:logGet(46)) - raft.server.retrycache.expirytime = 600000ms (custom)
2023-01-24 12:22:54,336 [pool-186-thread-1] INFO  server.RaftServerConfigKeys (ConfUtils.java:logGet(46)) - raft.server.retrycache.statistics.expirytime = 100μs (default)
2023-01-24 12:22:54,337 [pool-186-thread-1] INFO  server.RaftServerConfigKeys (ConfUtils.java:logGet(46)) - raft.server.log.appender.install.snapshot.enabled = false (custom)
2023-01-24 12:22:54,337 [pool-186-thread-1] INFO  server.RaftServerConfigKeys (ConfUtils.java:logGet(46)) - raft.server.threadpool.server.cached = true (default)
2023-01-24 12:22:54,337 [pool-186-thread-1] INFO  server.RaftServerConfigKeys (ConfUtils.java:logGet(46)) - raft.server.threadpool.server.size = 0 (default)
2023-01-24 12:22:54,337 [pool-186-thread-1] INFO  server.RaftServerConfigKeys (ConfUtils.java:logGet(46)) - raft.server.threadpool.client.cached = true (default)
2023-01-24 12:22:54,337 [pool-186-thread-1] INFO  server.RaftServerConfigKeys (ConfUtils.java:logGet(46)) - raft.server.threadpool.client.size = 0 (default)
2023-01-24 12:22:54,337 [pool-186-thread-1] INFO  storage.RaftStorageDirectory (RaftStorageDirectoryImpl.java:analyzeStorage(137)) - The storage directory /home/runner/work/ozone/ozone/hadoop-ozone/integration-test/target/test-dir/MiniOzoneClusterImpl-9ddee5dd-a9b0-4f84-bf8c-5f63b859aaaf/datanode-5/data/ratis/7e076fab-1ba5-45cf-94c4-a2c53e516d65 does not exist. Creating ...
2023-01-24 12:22:54,339 [pool-186-thread-1] INFO  storage.RaftStorageDirectory (RaftStorageDirectoryImpl.java:tryLock(231)) - Lock on /home/runner/work/ozone/ozone/hadoop-ozone/integration-test/target/test-dir/MiniOzoneClusterImpl-9ddee5dd-a9b0-4f84-bf8c-5f63b859aaaf/datanode-5/data/ratis/7e076fab-1ba5-45cf-94c4-a2c53e516d65/in_use.lock acquired by nodename 59439@fv-az83-645
2023-01-24 12:22:54,340 [pool-186-thread-1] INFO  storage.RaftStorage (RaftStorageImpl.java:format(96)) - Storage directory /home/runner/work/ozone/ozone/hadoop-ozone/integration-test/target/test-dir/MiniOzoneClusterImpl-9ddee5dd-a9b0-4f84-bf8c-5f63b859aaaf/datanode-5/data/ratis/7e076fab-1ba5-45cf-94c4-a2c53e516d65 has been successfully formatted.
2023-01-24 12:22:54,341 [pool-186-thread-1] INFO  ratis.ContainerStateMachine (ContainerStateMachine.java:loadSnapshot(240)) - group-A2C53E516D65: The snapshot info is null. Setting the last applied indexto:(t:0, i:~)
2023-01-24 12:22:54,342 [pool-186-thread-1] INFO  server.RaftServerConfigKeys (ConfUtils.java:logGet(46)) - raft.server.log.use.memory = false (default)
2023-01-24 12:22:54,342 [pool-186-thread-1] INFO  server.RaftServerConfigKeys (ConfUtils.java:logGet(46)) - raft.server.log.purge.gap = 1000000 (custom)
2023-01-24 12:22:54,342 [pool-186-thread-1] INFO  server.RaftServerConfigKeys (ConfUtils.java:logGet(46)) - raft.server.log.appender.buffer.byte-limit = 33554432 (custom)
2023-01-24 12:22:54,342 [pool-186-thread-1] INFO  server.RaftServerConfigKeys (ConfUtils.java:logGet(46)) - raft.server.log.statemachine.data.read.timeout = 1000ms (default)
2023-01-24 12:22:54,342 [pool-186-thread-1] INFO  server.RaftServerConfigKeys (ConfUtils.java:logGet(46)) - raft.server.log.purge.preservation.log.num = 0 (default)
2023-01-24 12:22:54,342 [pool-186-thread-1] INFO  server.RaftServerConfigKeys (ConfUtils.java:logGet(46)) - raft.server.log.segment.size.max = 1048576 (custom)
2023-01-24 12:22:54,343 [pool-186-thread-1] INFO  server.RaftServerConfigKeys (ConfUtils.java:logGet(46)) - raft.server.log.segment.cache.num.max = 2 (custom)
2023-01-24 12:22:54,343 [pool-186-thread-1] INFO  server.RaftServerConfigKeys (ConfUtils.java:logGet(46)) - raft.server.log.segment.cache.size.max = 200MB (=209715200) (default)
2023-01-24 12:22:54,343 [pool-186-thread-1] INFO  segmented.SegmentedRaftLogWorker (SegmentedRaftLogWorker.java:<init>(189)) - new 4243b07b-dbe8-44bd-919c-c5b59c546d4c@group-A2C53E516D65-SegmentedRaftLogWorker for RaftStorageImpl:Storage Directory /home/runner/work/ozone/ozone/hadoop-ozone/integration-test/target/test-dir/MiniOzoneClusterImpl-9ddee5dd-a9b0-4f84-bf8c-5f63b859aaaf/datanode-5/data/ratis/7e076fab-1ba5-45cf-94c4-a2c53e516d65
2023-01-24 12:22:54,343 [pool-186-thread-1] INFO  server.RaftServerConfigKeys (ConfUtils.java:logGet(46)) - raft.server.log.queue.byte-limit = 4294967296 (custom)
2023-01-24 12:22:54,343 [pool-186-thread-1] INFO  server.RaftServerConfigKeys (ConfUtils.java:logGet(46)) - raft.server.log.queue.element-limit = 1024 (custom)
2023-01-24 12:22:54,343 [pool-186-thread-1] INFO  server.RaftServerConfigKeys (ConfUtils.java:logGet(46)) - raft.server.log.segment.size.max = 1048576 (custom)
2023-01-24 12:22:54,343 [pool-186-thread-1] INFO  server.RaftServerConfigKeys (ConfUtils.java:logGet(46)) - raft.server.log.preallocated.size = 16384 (custom)
2023-01-24 12:22:54,343 [pool-186-thread-1] INFO  server.RaftServerConfigKeys (ConfUtils.java:logGet(46)) - raft.server.log.force.sync.num = 128 (default)
2023-01-24 12:22:54,343 [pool-186-thread-1] INFO  server.RaftServerConfigKeys (ConfUtils.java:logGet(46)) - raft.server.log.statemachine.data.sync = true (default)
2023-01-24 12:22:54,343 [pool-186-thread-1] INFO  server.RaftServerConfigKeys (ConfUtils.java:logGet(46)) - raft.server.log.statemachine.data.sync.timeout = 10s (default)
2023-01-24 12:22:54,343 [pool-186-thread-1] INFO  server.RaftServerConfigKeys (ConfUtils.java:logGet(46)) - raft.server.log.statemachine.data.sync.timeout.retry = -1 (default)
2023-01-24 12:22:54,344 [pool-186-thread-1] INFO  server.RaftServerConfigKeys (ConfUtils.java:logGet(46)) - raft.server.log.write.buffer.size = 1048576 (custom)
2023-01-24 12:22:54,344 [pool-186-thread-1] INFO  server.RaftServerConfigKeys (ConfUtils.java:logGet(46)) - raft.server.log.appender.buffer.byte-limit = 33554432 (custom)
2023-01-24 12:22:54,583 [JvmPauseMonitor2] WARN  util.JvmPauseMonitor (JvmPauseMonitor.java:detectPause(126)) - JvmPauseMonitor-7141d06d-71d8-4a56-9b5d-23c6772b1ac6: Detected pause in JVM or host machine (eg GC): pause of approximately 134348964ns.
GC pool 'PS MarkSweep' had collection(s): count=1 time=163ms
GC pool 'PS Scavenge' had collection(s): count=1 time=74ms
2023-01-24 12:22:54,589 [pool-186-thread-1] INFO  server.RaftServerConfigKeys (ConfUtils.java:logGet(46)) - raft.server.log.unsafe-flush.enabled = false (default)
2023-01-24 12:22:54,591 [pool-186-thread-1] INFO  server.RaftServerConfigKeys (ConfUtils.java:logGet(46)) - raft.server.log.async-flush.enabled = false (default)
2023-01-24 12:22:54,591 [pool-186-thread-1] INFO  server.RaftServerConfigKeys (ConfUtils.java:logGet(46)) - raft.server.log.statemachine.data.caching.enabled = true (custom)
2023-01-24 12:22:54,585 [JvmPauseMonitor4] WARN  util.JvmPauseMonitor (JvmPauseMonitor.java:detectPause(126)) - JvmPauseMonitor-3f0205b3-740b-4219-bfdb-76da739fef9e: Detected pause in JVM or host machine (eg GC): pause of approximately 238362157ns.
GC pool 'PS MarkSweep' had collection(s): count=1 time=163ms
GC pool 'PS Scavenge' had collection(s): count=1 time=74ms
2023-01-24 12:22:54,585 [JvmPauseMonitor7] WARN  util.JvmPauseMonitor (JvmPauseMonitor.java:detectPause(126)) - JvmPauseMonitor-fb483a44-74cc-4237-a554-a68f3575ba39: Detected pause in JVM or host machine (eg GC): pause of approximately 238223457ns.
GC pool 'PS MarkSweep' had collection(s): count=1 time=163ms
GC pool 'PS Scavenge' had collection(s): count=1 time=74ms
2023-01-24 12:22:54,584 [pool-163-thread-1] INFO  server.RaftServer$Division (RaftServerImpl.java:<init>(195)) - 8d5822ee-b1dd-46af-beb1-0638b7fa15fc: new RaftServerImpl for group-FA7DB534425B:[8d5822ee-b1dd-46af-beb1-0638b7fa15fc|rpc:10.1.1.14:38873|dataStream:10.1.1.14:42631|priority:1|startupRole:FOLLOWER] with ContainerStateMachine:uninitialized
2023-01-24 12:22:54,596 [pool-186-thread-1] INFO  segmented.SegmentedRaftLogWorker (SegmentedRaftLogWorker.java:lambda$new$0(135)) - 4243b07b-dbe8-44bd-919c-c5b59c546d4c@group-A2C53E516D65-SegmentedRaftLogWorker: flushIndex: setUnconditionally 0 -> -1
2023-01-24 12:22:54,584 [Command processor thread] INFO  server.RaftServer (RaftServerProxy.java:addNew(96)) - 8d5822ee-b1dd-46af-beb1-0638b7fa15fc: addNew group-FA7DB534425B:[8d5822ee-b1dd-46af-beb1-0638b7fa15fc|rpc:10.1.1.14:38873|dataStream:10.1.1.14:42631|priority:1|startupRole:FOLLOWER] returns group-FA7DB534425B:java.util.concurrent.CompletableFuture@59109bed[Not completed]
2023-01-24 12:22:54,583 [JvmPauseMonitor5] WARN  util.JvmPauseMonitor (JvmPauseMonitor.java:detectPause(126)) - JvmPauseMonitor-8d5822ee-b1dd-46af-beb1-0638b7fa15fc: Detected pause in JVM or host machine (eg GC): pause of approximately 148225263ns.
GC pool 'PS MarkSweep' had collection(s): count=1 time=163ms
GC pool 'PS Scavenge' had collection(s): count=1 time=74ms
2023-01-24 12:22:54,583 [JvmPauseMonitor9] WARN  util.JvmPauseMonitor (JvmPauseMonitor.java:detectPause(126)) - JvmPauseMonitor-f9d7edb3-f6c7-431a-8d5c-722e1f28718f: Detected pause in JVM or host machine (eg GC): pause of approximately 147586063ns.
GC pool 'PS MarkSweep' had collection(s): count=1 time=163ms
GC pool 'PS Scavenge' had collection(s): count=1 time=74ms
2023-01-24 12:22:54,596 [pool-186-thread-1] INFO  segmented.SegmentedRaftLogWorker (SegmentedRaftLogWorker.java:lambda$new$0(135)) - 4243b07b-dbe8-44bd-919c-c5b59c546d4c@group-A2C53E516D65-SegmentedRaftLogWorker: safeCacheEvictIndex: setUnconditionally 0 -> -1
2023-01-24 12:22:54,596 [pool-163-thread-1] INFO  server.RaftServerConfigKeys (ConfUtils.java:logGet(46)) - raft.server.rpc.timeout.min = 5s (custom)
2023-01-24 12:22:54,601 [pool-163-thread-1] INFO  server.RaftServerConfigKeys (ConfUtils.java:logGet(46)) - raft.server.rpc.timeout.max = 5200ms (custom)
2023-01-24 12:22:54,601 [pool-163-thread-1] INFO  server.RaftServerConfigKeys (ConfUtils.java:logGet(46)) - raft.server.rpc.sleep.time = 25ms (default)
2023-01-24 12:22:54,601 [pool-163-thread-1] INFO  server.RaftServerConfigKeys (ConfUtils.java:logGet(46)) - raft.server.rpc.slowness.timeout = 300s (custom)
2023-01-24 12:22:54,601 [pool-163-thread-1] INFO  server.RaftServerConfigKeys (ConfUtils.java:logGet(46)) - raft.server.leaderelection.leader.step-down.wait-time = 10s (default)
2023-01-24 12:22:54,601 [pool-163-thread-1] INFO  server.RaftServerConfigKeys (ConfUtils.java:logGet(46)) - raft.server.sleep.deviation.threshold = 300ms (default)
2023-01-24 12:22:54,601 [pool-163-thread-1] INFO  server.RaftServer$Division (ServerState.java:<init>(118)) - 8d5822ee-b1dd-46af-beb1-0638b7fa15fc@group-FA7DB534425B: ConfigurationManager, init=-1: peers:[8d5822ee-b1dd-46af-beb1-0638b7fa15fc|rpc:10.1.1.14:38873|dataStream:10.1.1.14:42631|priority:1|startupRole:FOLLOWER]|listeners:[], old=null, confs=<EMPTY_MAP>
2023-01-24 12:22:54,601 [pool-163-thread-1] INFO  server.RaftServerConfigKeys (ConfUtils.java:logGet(46)) - raft.server.storage.dir = [/home/runner/work/ozone/ozone/hadoop-ozone/integration-test/target/test-dir/MiniOzoneClusterImpl-9ddee5dd-a9b0-4f84-bf8c-5f63b859aaaf/datanode-4/data/ratis] (custom)
2023-01-24 12:22:54,601 [pool-163-thread-1] INFO  server.RaftServerConfigKeys (ConfUtils.java:logGet(46)) - raft.server.log.corruption.policy = EXCEPTION (default)
2023-01-24 12:22:54,601 [pool-163-thread-1] INFO  server.RaftServerConfigKeys (ConfUtils.java:logGet(46)) - raft.server.storage.free-space.min = 0MB (=0) (default)
2023-01-24 12:22:54,601 [pool-163-thread-1] INFO  server.RaftServerConfigKeys (ConfUtils.java:logGet(46)) - raft.server.notification.no-leader.timeout = 300s (custom)
2023-01-24 12:22:54,601 [pool-163-thread-1] INFO  server.RaftServerConfigKeys (ConfUtils.java:logGet(46)) - raft.server.retrycache.expirytime = 600000ms (custom)
2023-01-24 12:22:54,601 [pool-163-thread-1] INFO  server.RaftServerConfigKeys (ConfUtils.java:logGet(46)) - raft.server.retrycache.statistics.expirytime = 100μs (default)
2023-01-24 12:22:54,602 [pool-163-thread-1] INFO  server.RaftServerConfigKeys (ConfUtils.java:logGet(46)) - raft.server.log.appender.install.snapshot.enabled = false (custom)
2023-01-24 12:22:54,602 [pool-163-thread-1] INFO  server.RaftServerConfigKeys (ConfUtils.java:logGet(46)) - raft.server.threadpool.server.cached = true (default)
2023-01-24 12:22:54,602 [pool-163-thread-1] INFO  server.RaftServerConfigKeys (ConfUtils.java:logGet(46)) - raft.server.threadpool.server.size = 0 (default)
2023-01-24 12:22:54,602 [pool-163-thread-1] INFO  server.RaftServerConfigKeys (ConfUtils.java:logGet(46)) - raft.server.threadpool.client.cached = true (default)
2023-01-24 12:22:54,602 [pool-163-thread-1] INFO  server.RaftServerConfigKeys (ConfUtils.java:logGet(46)) - raft.server.threadpool.client.size = 0 (default)
2023-01-24 12:22:54,603 [pool-163-thread-1] INFO  storage.RaftStorageDirectory (RaftStorageDirectoryImpl.java:analyzeStorage(137)) - The storage directory /home/runner/work/ozone/ozone/hadoop-ozone/integration-test/target/test-dir/MiniOzoneClusterImpl-9ddee5dd-a9b0-4f84-bf8c-5f63b859aaaf/datanode-4/data/ratis/77be8a2a-ac31-467c-8bd7-fa7db534425b does not exist. Creating ...
2023-01-24 12:22:54,603 [pool-163-thread-1] INFO  storage.RaftStorageDirectory (RaftStorageDirectoryImpl.java:tryLock(231)) - Lock on /home/runner/work/ozone/ozone/hadoop-ozone/integration-test/target/test-dir/MiniOzoneClusterImpl-9ddee5dd-a9b0-4f84-bf8c-5f63b859aaaf/datanode-4/data/ratis/77be8a2a-ac31-467c-8bd7-fa7db534425b/in_use.lock acquired by nodename 59439@fv-az83-645
2023-01-24 12:22:54,604 [pool-163-thread-1] INFO  storage.RaftStorage (RaftStorageImpl.java:format(96)) - Storage directory /home/runner/work/ozone/ozone/hadoop-ozone/integration-test/target/test-dir/MiniOzoneClusterImpl-9ddee5dd-a9b0-4f84-bf8c-5f63b859aaaf/datanode-4/data/ratis/77be8a2a-ac31-467c-8bd7-fa7db534425b has been successfully formatted.
2023-01-24 12:22:54,606 [pool-186-thread-1] INFO  server.RaftServer$Division (RaftServerImpl.java:start(334)) - 4243b07b-dbe8-44bd-919c-c5b59c546d4c@group-A2C53E516D65: start as a follower, conf=-1: peers:[4243b07b-dbe8-44bd-919c-c5b59c546d4c|rpc:10.1.1.14:38729|dataStream:10.1.1.14:33721|priority:0|startupRole:FOLLOWER, 8d5822ee-b1dd-46af-beb1-0638b7fa15fc|rpc:10.1.1.14:38873|dataStream:10.1.1.14:42631|priority:1|startupRole:FOLLOWER, 3f0205b3-740b-4219-bfdb-76da739fef9e|rpc:10.1.1.14:39411|dataStream:10.1.1.14:35799|priority:0|startupRole:FOLLOWER]|listeners:[], old=null
2023-01-24 12:22:54,606 [pool-186-thread-1] INFO  server.RaftServer$Division (RaftServerImpl.java:setRole(321)) - 4243b07b-dbe8-44bd-919c-c5b59c546d4c@group-A2C53E516D65: changes role from      null to FOLLOWER at term 0 for startAsFollower
2023-01-24 12:22:54,606 [pool-186-thread-1] INFO  impl.RoleInfo (RoleInfo.java:updateAndGet(139)) - 4243b07b-dbe8-44bd-919c-c5b59c546d4c: start 4243b07b-dbe8-44bd-919c-c5b59c546d4c@group-A2C53E516D65-FollowerState
2023-01-24 12:22:54,607 [pool-163-thread-1] INFO  ratis.ContainerStateMachine (ContainerStateMachine.java:loadSnapshot(240)) - group-FA7DB534425B: The snapshot info is null. Setting the last applied indexto:(t:0, i:~)
2023-01-24 12:22:54,608 [EventQueue-PipelineReportForPipelineReportHandler] INFO  pipeline.PipelineManagerImpl (PipelineManagerImpl.java:openPipeline(367)) - Pipeline Pipeline[ Id: 77be8a2a-ac31-467c-8bd7-fa7db534425b, Nodes: 8d5822ee-b1dd-46af-beb1-0638b7fa15fc(fv-az83-645.uavyq1izdhte5b0ne1us2eqzhb.jx.internal.cloudapp.net/10.1.1.14), ReplicationConfig: RATIS/ONE, State:ALLOCATED, leaderId:8d5822ee-b1dd-46af-beb1-0638b7fa15fc, CreationTimestamp2023-01-24T12:22:51.403Z[Etc/UTC]] moved to OPEN state
2023-01-24 12:22:54,609 [EventQueue-OpenPipelineForHealthyPipelineSafeModeRule] INFO  safemode.SCMSafeModeManager (HealthyPipelineSafeModeRule.java:process(137)) - SCM in safe mode. Healthy pipelines reported count is 0, required healthy pipeline reported count is 1
2023-01-24 12:22:54,608 [pool-163-thread-1] INFO  server.RaftServerConfigKeys (ConfUtils.java:logGet(46)) - raft.server.log.use.memory = false (default)
2023-01-24 12:22:54,610 [pool-163-thread-1] INFO  server.RaftServerConfigKeys (ConfUtils.java:logGet(46)) - raft.server.log.purge.gap = 1000000 (custom)
2023-01-24 12:22:54,610 [pool-163-thread-1] INFO  server.RaftServerConfigKeys (ConfUtils.java:logGet(46)) - raft.server.log.appender.buffer.byte-limit = 33554432 (custom)
2023-01-24 12:22:54,610 [pool-163-thread-1] INFO  server.RaftServerConfigKeys (ConfUtils.java:logGet(46)) - raft.server.log.statemachine.data.read.timeout = 1000ms (default)
2023-01-24 12:22:54,610 [pool-163-thread-1] INFO  server.RaftServerConfigKeys (ConfUtils.java:logGet(46)) - raft.server.log.purge.preservation.log.num = 0 (default)
2023-01-24 12:22:54,610 [pool-163-thread-1] INFO  server.RaftServerConfigKeys (ConfUtils.java:logGet(46)) - raft.server.log.segment.size.max = 1048576 (custom)
2023-01-24 12:22:54,611 [pool-163-thread-1] INFO  server.RaftServerConfigKeys (ConfUtils.java:logGet(46)) - raft.server.log.segment.cache.num.max = 2 (custom)
2023-01-24 12:22:54,611 [pool-163-thread-1] INFO  server.RaftServerConfigKeys (ConfUtils.java:logGet(46)) - raft.server.log.segment.cache.size.max = 200MB (=209715200) (default)
2023-01-24 12:22:54,611 [pool-163-thread-1] INFO  segmented.SegmentedRaftLogWorker (SegmentedRaftLogWorker.java:<init>(189)) - new 8d5822ee-b1dd-46af-beb1-0638b7fa15fc@group-FA7DB534425B-SegmentedRaftLogWorker for RaftStorageImpl:Storage Directory /home/runner/work/ozone/ozone/hadoop-ozone/integration-test/target/test-dir/MiniOzoneClusterImpl-9ddee5dd-a9b0-4f84-bf8c-5f63b859aaaf/datanode-4/data/ratis/77be8a2a-ac31-467c-8bd7-fa7db534425b
2023-01-24 12:22:54,611 [pool-163-thread-1] INFO  server.RaftServerConfigKeys (ConfUtils.java:logGet(46)) - raft.server.log.queue.byte-limit = 4294967296 (custom)
2023-01-24 12:22:54,611 [pool-163-thread-1] INFO  server.RaftServerConfigKeys (ConfUtils.java:logGet(46)) - raft.server.log.queue.element-limit = 1024 (custom)
2023-01-24 12:22:54,611 [pool-163-thread-1] INFO  server.RaftServerConfigKeys (ConfUtils.java:logGet(46)) - raft.server.log.segment.size.max = 1048576 (custom)
2023-01-24 12:22:54,611 [pool-163-thread-1] INFO  server.RaftServerConfigKeys (ConfUtils.java:logGet(46)) - raft.server.log.preallocated.size = 16384 (custom)
2023-01-24 12:22:54,611 [pool-163-thread-1] INFO  server.RaftServerConfigKeys (ConfUtils.java:logGet(46)) - raft.server.log.force.sync.num = 128 (default)
2023-01-24 12:22:54,611 [pool-163-thread-1] INFO  server.RaftServerConfigKeys (ConfUtils.java:logGet(46)) - raft.server.log.statemachine.data.sync = true (default)
2023-01-24 12:22:54,611 [pool-163-thread-1] INFO  server.RaftServerConfigKeys (ConfUtils.java:logGet(46)) - raft.server.log.statemachine.data.sync.timeout = 10s (default)
2023-01-24 12:22:54,611 [pool-163-thread-1] INFO  server.RaftServerConfigKeys (ConfUtils.java:logGet(46)) - raft.server.log.statemachine.data.sync.timeout.retry = -1 (default)
2023-01-24 12:22:54,612 [pool-163-thread-1] INFO  server.RaftServerConfigKeys (ConfUtils.java:logGet(46)) - raft.server.log.write.buffer.size = 1048576 (custom)
2023-01-24 12:22:54,613 [pool-163-thread-1] INFO  server.RaftServerConfigKeys (ConfUtils.java:logGet(46)) - raft.server.log.appender.buffer.byte-limit = 33554432 (custom)
2023-01-24 12:22:54,613 [pool-186-thread-1] INFO  util.JmxRegister (JmxRegister.java:tryRegister(44)) - Successfully registered JMX Bean with object name Ratis:service=RaftServer,group=group-A2C53E516D65,id=4243b07b-dbe8-44bd-919c-c5b59c546d4c
2023-01-24 12:22:54,615 [pool-186-thread-1] INFO  server.RaftServerConfigKeys (ConfUtils.java:logGet(46)) - raft.server.snapshot.auto.trigger.enabled = true (custom)
2023-01-24 12:22:54,615 [pool-186-thread-1] INFO  server.RaftServerConfigKeys (ConfUtils.java:logGet(46)) - raft.server.snapshot.auto.trigger.threshold = 10000 (custom)
2023-01-24 12:22:54,615 [pool-186-thread-1] INFO  server.RaftServerConfigKeys (ConfUtils.java:logGet(46)) - raft.server.snapshot.retention.file.num = 5 (custom)
2023-01-24 12:22:54,615 [pool-186-thread-1] INFO  server.RaftServerConfigKeys (ConfUtils.java:logGet(46)) - raft.server.log.purge.upto.snapshot.index = false (default)
2023-01-24 12:22:54,617 [4243b07b-dbe8-44bd-919c-c5b59c546d4c@group-A2C53E516D65-FollowerState] INFO  server.RaftServerConfigKeys (ConfUtils.java:logFallback(53)) - raft.server.rpc.first-election.timeout.min = 5s (fallback to raft.server.rpc.timeout.min)
2023-01-24 12:22:54,617 [4243b07b-dbe8-44bd-919c-c5b59c546d4c@group-A2C53E516D65-FollowerState] INFO  server.RaftServerConfigKeys (ConfUtils.java:logFallback(53)) - raft.server.rpc.first-election.timeout.max = 5200ms (fallback to raft.server.rpc.timeout.max)
2023-01-24 12:22:54,619 [pool-163-thread-1] INFO  server.RaftServerConfigKeys (ConfUtils.java:logGet(46)) - raft.server.log.unsafe-flush.enabled = false (default)
2023-01-24 12:22:54,619 [pool-163-thread-1] INFO  server.RaftServerConfigKeys (ConfUtils.java:logGet(46)) - raft.server.log.async-flush.enabled = false (default)
2023-01-24 12:22:54,619 [pool-163-thread-1] INFO  server.RaftServerConfigKeys (ConfUtils.java:logGet(46)) - raft.server.log.statemachine.data.caching.enabled = true (custom)
2023-01-24 12:22:54,619 [pool-163-thread-1] INFO  segmented.SegmentedRaftLogWorker (SegmentedRaftLogWorker.java:lambda$new$0(135)) - 8d5822ee-b1dd-46af-beb1-0638b7fa15fc@group-FA7DB534425B-SegmentedRaftLogWorker: flushIndex: setUnconditionally 0 -> -1
2023-01-24 12:22:54,619 [pool-163-thread-1] INFO  segmented.SegmentedRaftLogWorker (SegmentedRaftLogWorker.java:lambda$new$0(135)) - 8d5822ee-b1dd-46af-beb1-0638b7fa15fc@group-FA7DB534425B-SegmentedRaftLogWorker: safeCacheEvictIndex: setUnconditionally 0 -> -1
2023-01-24 12:22:54,624 [pool-163-thread-1] INFO  server.RaftServer$Division (RaftServerImpl.java:start(334)) - 8d5822ee-b1dd-46af-beb1-0638b7fa15fc@group-FA7DB534425B: start as a follower, conf=-1: peers:[8d5822ee-b1dd-46af-beb1-0638b7fa15fc|rpc:10.1.1.14:38873|dataStream:10.1.1.14:42631|priority:1|startupRole:FOLLOWER]|listeners:[], old=null
2023-01-24 12:22:54,625 [pool-163-thread-1] INFO  server.RaftServer$Division (RaftServerImpl.java:setRole(321)) - 8d5822ee-b1dd-46af-beb1-0638b7fa15fc@group-FA7DB534425B: changes role from      null to FOLLOWER at term 0 for startAsFollower
2023-01-24 12:22:54,625 [pool-163-thread-1] INFO  impl.RoleInfo (RoleInfo.java:updateAndGet(139)) - 8d5822ee-b1dd-46af-beb1-0638b7fa15fc: start 8d5822ee-b1dd-46af-beb1-0638b7fa15fc@group-FA7DB534425B-FollowerState
2023-01-24 12:22:54,631 [8d5822ee-b1dd-46af-beb1-0638b7fa15fc@group-FA7DB534425B-FollowerState] INFO  server.RaftServerConfigKeys (ConfUtils.java:logFallback(53)) - raft.server.rpc.first-election.timeout.min = 5s (fallback to raft.server.rpc.timeout.min)
2023-01-24 12:22:54,631 [8d5822ee-b1dd-46af-beb1-0638b7fa15fc@group-FA7DB534425B-FollowerState] INFO  server.RaftServerConfigKeys (ConfUtils.java:logFallback(53)) - raft.server.rpc.first-election.timeout.max = 5200ms (fallback to raft.server.rpc.timeout.max)
2023-01-24 12:22:54,631 [Command processor thread] INFO  commandhandler.CreatePipelineCommandHandler (CreatePipelineCommandHandler.java:handle(113)) - Created Pipeline RATIS THREE PipelineID=7e076fab-1ba5-45cf-94c4-a2c53e516d65.
2023-01-24 12:22:54,631 [pool-163-thread-1] INFO  util.JmxRegister (JmxRegister.java:tryRegister(44)) - Successfully registered JMX Bean with object name Ratis:service=RaftServer,group=group-FA7DB534425B,id=8d5822ee-b1dd-46af-beb1-0638b7fa15fc
2023-01-24 12:22:54,631 [pool-163-thread-1] INFO  server.RaftServerConfigKeys (ConfUtils.java:logGet(46)) - raft.server.snapshot.auto.trigger.enabled = true (custom)
2023-01-24 12:22:54,631 [pool-163-thread-1] INFO  server.RaftServerConfigKeys (ConfUtils.java:logGet(46)) - raft.server.snapshot.auto.trigger.threshold = 10000 (custom)
2023-01-24 12:22:54,631 [pool-163-thread-1] INFO  server.RaftServerConfigKeys (ConfUtils.java:logGet(46)) - raft.server.snapshot.retention.file.num = 5 (custom)
2023-01-24 12:22:54,631 [pool-163-thread-1] INFO  server.RaftServerConfigKeys (ConfUtils.java:logGet(46)) - raft.server.log.purge.upto.snapshot.index = false (default)
2023-01-24 12:22:54,632 [Command processor thread] INFO  ratis.XceiverServerRatis (XceiverServerRatis.java:addGroup(806)) - Created group PipelineID=77be8a2a-ac31-467c-8bd7-fa7db534425b
2023-01-24 12:22:54,632 [Command processor thread] INFO  commandhandler.CreatePipelineCommandHandler (CreatePipelineCommandHandler.java:handle(113)) - Created Pipeline RATIS ONE PipelineID=77be8a2a-ac31-467c-8bd7-fa7db534425b.
2023-01-24 12:22:54,727 [Command processor thread] INFO  server.RaftServer (RaftServerProxy.java:addNew(96)) - 4243b07b-dbe8-44bd-919c-c5b59c546d4c: addNew group-E790985FDC2A:[4243b07b-dbe8-44bd-919c-c5b59c546d4c|rpc:10.1.1.14:38729|dataStream:10.1.1.14:33721|priority:1|startupRole:FOLLOWER] returns group-E790985FDC2A:java.util.concurrent.CompletableFuture@72d41cf9[Not completed]
2023-01-24 12:22:54,727 [pool-186-thread-1] INFO  server.RaftServer$Division (RaftServerImpl.java:<init>(195)) - 4243b07b-dbe8-44bd-919c-c5b59c546d4c: new RaftServerImpl for group-E790985FDC2A:[4243b07b-dbe8-44bd-919c-c5b59c546d4c|rpc:10.1.1.14:38729|dataStream:10.1.1.14:33721|priority:1|startupRole:FOLLOWER] with ContainerStateMachine:uninitialized
2023-01-24 12:22:54,728 [pool-186-thread-1] INFO  server.RaftServerConfigKeys (ConfUtils.java:logGet(46)) - raft.server.rpc.timeout.min = 5s (custom)
2023-01-24 12:22:54,728 [pool-186-thread-1] INFO  server.RaftServerConfigKeys (ConfUtils.java:logGet(46)) - raft.server.rpc.timeout.max = 5200ms (custom)
2023-01-24 12:22:54,728 [pool-186-thread-1] INFO  server.RaftServerConfigKeys (ConfUtils.java:logGet(46)) - raft.server.rpc.sleep.time = 25ms (default)
2023-01-24 12:22:54,728 [pool-186-thread-1] INFO  server.RaftServerConfigKeys (ConfUtils.java:logGet(46)) - raft.server.rpc.slowness.timeout = 300s (custom)
2023-01-24 12:22:54,728 [pool-186-thread-1] INFO  server.RaftServerConfigKeys (ConfUtils.java:logGet(46)) - raft.server.leaderelection.leader.step-down.wait-time = 10s (default)
2023-01-24 12:22:54,728 [pool-186-thread-1] INFO  server.RaftServerConfigKeys (ConfUtils.java:logGet(46)) - raft.server.sleep.deviation.threshold = 300ms (default)
2023-01-24 12:22:54,728 [pool-186-thread-1] INFO  server.RaftServer$Division (ServerState.java:<init>(118)) - 4243b07b-dbe8-44bd-919c-c5b59c546d4c@group-E790985FDC2A: ConfigurationManager, init=-1: peers:[4243b07b-dbe8-44bd-919c-c5b59c546d4c|rpc:10.1.1.14:38729|dataStream:10.1.1.14:33721|priority:1|startupRole:FOLLOWER]|listeners:[], old=null, confs=<EMPTY_MAP>
2023-01-24 12:22:54,728 [pool-186-thread-1] INFO  server.RaftServerConfigKeys (ConfUtils.java:logGet(46)) - raft.server.storage.dir = [/home/runner/work/ozone/ozone/hadoop-ozone/integration-test/target/test-dir/MiniOzoneClusterImpl-9ddee5dd-a9b0-4f84-bf8c-5f63b859aaaf/datanode-5/data/ratis] (custom)
2023-01-24 12:22:54,728 [pool-186-thread-1] INFO  server.RaftServerConfigKeys (ConfUtils.java:logGet(46)) - raft.server.log.corruption.policy = EXCEPTION (default)
2023-01-24 12:22:54,728 [pool-186-thread-1] INFO  server.RaftServerConfigKeys (ConfUtils.java:logGet(46)) - raft.server.storage.free-space.min = 0MB (=0) (default)
2023-01-24 12:22:54,728 [pool-186-thread-1] INFO  server.RaftServerConfigKeys (ConfUtils.java:logGet(46)) - raft.server.notification.no-leader.timeout = 300s (custom)
2023-01-24 12:22:54,728 [pool-186-thread-1] INFO  server.RaftServerConfigKeys (ConfUtils.java:logGet(46)) - raft.server.retrycache.expirytime = 600000ms (custom)
2023-01-24 12:22:54,728 [pool-186-thread-1] INFO  server.RaftServerConfigKeys (ConfUtils.java:logGet(46)) - raft.server.retrycache.statistics.expirytime = 100μs (default)
2023-01-24 12:22:54,729 [pool-186-thread-1] INFO  server.RaftServerConfigKeys (ConfUtils.java:logGet(46)) - raft.server.log.appender.install.snapshot.enabled = false (custom)
2023-01-24 12:22:54,729 [pool-186-thread-1] INFO  server.RaftServerConfigKeys (ConfUtils.java:logGet(46)) - raft.server.threadpool.server.cached = true (default)
2023-01-24 12:22:54,729 [pool-186-thread-1] INFO  server.RaftServerConfigKeys (ConfUtils.java:logGet(46)) - raft.server.threadpool.server.size = 0 (default)
2023-01-24 12:22:54,729 [pool-186-thread-1] INFO  server.RaftServerConfigKeys (ConfUtils.java:logGet(46)) - raft.server.threadpool.client.cached = true (default)
2023-01-24 12:22:54,729 [pool-186-thread-1] INFO  server.RaftServerConfigKeys (ConfUtils.java:logGet(46)) - raft.server.threadpool.client.size = 0 (default)
2023-01-24 12:22:54,730 [pool-186-thread-1] INFO  storage.RaftStorageDirectory (RaftStorageDirectoryImpl.java:analyzeStorage(137)) - The storage directory /home/runner/work/ozone/ozone/hadoop-ozone/integration-test/target/test-dir/MiniOzoneClusterImpl-9ddee5dd-a9b0-4f84-bf8c-5f63b859aaaf/datanode-5/data/ratis/7386c907-83e1-4122-85b8-e790985fdc2a does not exist. Creating ...
2023-01-24 12:22:54,730 [pool-186-thread-1] INFO  storage.RaftStorageDirectory (RaftStorageDirectoryImpl.java:tryLock(231)) - Lock on /home/runner/work/ozone/ozone/hadoop-ozone/integration-test/target/test-dir/MiniOzoneClusterImpl-9ddee5dd-a9b0-4f84-bf8c-5f63b859aaaf/datanode-5/data/ratis/7386c907-83e1-4122-85b8-e790985fdc2a/in_use.lock acquired by nodename 59439@fv-az83-645
2023-01-24 12:22:54,731 [pool-186-thread-1] INFO  storage.RaftStorage (RaftStorageImpl.java:format(96)) - Storage directory /home/runner/work/ozone/ozone/hadoop-ozone/integration-test/target/test-dir/MiniOzoneClusterImpl-9ddee5dd-a9b0-4f84-bf8c-5f63b859aaaf/datanode-5/data/ratis/7386c907-83e1-4122-85b8-e790985fdc2a has been successfully formatted.
2023-01-24 12:22:54,732 [pool-186-thread-1] INFO  ratis.ContainerStateMachine (ContainerStateMachine.java:loadSnapshot(240)) - group-E790985FDC2A: The snapshot info is null. Setting the last applied indexto:(t:0, i:~)
2023-01-24 12:22:54,733 [pool-186-thread-1] INFO  server.RaftServerConfigKeys (ConfUtils.java:logGet(46)) - raft.server.log.use.memory = false (default)
2023-01-24 12:22:54,733 [pool-186-thread-1] INFO  server.RaftServerConfigKeys (ConfUtils.java:logGet(46)) - raft.server.log.purge.gap = 1000000 (custom)
2023-01-24 12:22:54,733 [EventQueue-PipelineReportForPipelineReportHandler] INFO  pipeline.PipelineManagerImpl (PipelineManagerImpl.java:openPipeline(367)) - Pipeline Pipeline[ Id: 7386c907-83e1-4122-85b8-e790985fdc2a, Nodes: 4243b07b-dbe8-44bd-919c-c5b59c546d4c(fv-az83-645.uavyq1izdhte5b0ne1us2eqzhb.jx.internal.cloudapp.net/10.1.1.14), ReplicationConfig: RATIS/ONE, State:ALLOCATED, leaderId:4243b07b-dbe8-44bd-919c-c5b59c546d4c, CreationTimestamp2023-01-24T12:22:51.731Z[Etc/UTC]] moved to OPEN state
2023-01-24 12:22:54,734 [EventQueue-OpenPipelineForHealthyPipelineSafeModeRule] INFO  safemode.SCMSafeModeManager (HealthyPipelineSafeModeRule.java:process(137)) - SCM in safe mode. Healthy pipelines reported count is 0, required healthy pipeline reported count is 1
2023-01-24 12:22:54,734 [pool-186-thread-1] INFO  server.RaftServerConfigKeys (ConfUtils.java:logGet(46)) - raft.server.log.appender.buffer.byte-limit = 33554432 (custom)
2023-01-24 12:22:54,734 [pool-186-thread-1] INFO  server.RaftServerConfigKeys (ConfUtils.java:logGet(46)) - raft.server.log.statemachine.data.read.timeout = 1000ms (default)
2023-01-24 12:22:54,734 [pool-186-thread-1] INFO  server.RaftServerConfigKeys (ConfUtils.java:logGet(46)) - raft.server.log.purge.preservation.log.num = 0 (default)
2023-01-24 12:22:54,734 [pool-186-thread-1] INFO  server.RaftServerConfigKeys (ConfUtils.java:logGet(46)) - raft.server.log.segment.size.max = 1048576 (custom)
2023-01-24 12:22:54,735 [pool-186-thread-1] INFO  server.RaftServerConfigKeys (ConfUtils.java:logGet(46)) - raft.server.log.segment.cache.num.max = 2 (custom)
2023-01-24 12:22:54,735 [pool-186-thread-1] INFO  server.RaftServerConfigKeys (ConfUtils.java:logGet(46)) - raft.server.log.segment.cache.size.max = 200MB (=209715200) (default)
2023-01-24 12:22:54,735 [pool-186-thread-1] INFO  segmented.SegmentedRaftLogWorker (SegmentedRaftLogWorker.java:<init>(189)) - new 4243b07b-dbe8-44bd-919c-c5b59c546d4c@group-E790985FDC2A-SegmentedRaftLogWorker for RaftStorageImpl:Storage Directory /home/runner/work/ozone/ozone/hadoop-ozone/integration-test/target/test-dir/MiniOzoneClusterImpl-9ddee5dd-a9b0-4f84-bf8c-5f63b859aaaf/datanode-5/data/ratis/7386c907-83e1-4122-85b8-e790985fdc2a
2023-01-24 12:22:54,735 [pool-186-thread-1] INFO  server.RaftServerConfigKeys (ConfUtils.java:logGet(46)) - raft.server.log.queue.byte-limit = 4294967296 (custom)
2023-01-24 12:22:54,735 [pool-186-thread-1] INFO  server.RaftServerConfigKeys (ConfUtils.java:logGet(46)) - raft.server.log.queue.element-limit = 1024 (custom)
2023-01-24 12:22:54,735 [pool-186-thread-1] INFO  server.RaftServerConfigKeys (ConfUtils.java:logGet(46)) - raft.server.log.segment.size.max = 1048576 (custom)
2023-01-24 12:22:54,735 [pool-186-thread-1] INFO  server.RaftServerConfigKeys (ConfUtils.java:logGet(46)) - raft.server.log.preallocated.size = 16384 (custom)
2023-01-24 12:22:54,735 [pool-186-thread-1] INFO  server.RaftServerConfigKeys (ConfUtils.java:logGet(46)) - raft.server.log.force.sync.num = 128 (default)
2023-01-24 12:22:54,735 [pool-186-thread-1] INFO  server.RaftServerConfigKeys (ConfUtils.java:logGet(46)) - raft.server.log.statemachine.data.sync = true (default)
2023-01-24 12:22:54,735 [pool-186-thread-1] INFO  server.RaftServerConfigKeys (ConfUtils.java:logGet(46)) - raft.server.log.statemachine.data.sync.timeout = 10s (default)
2023-01-24 12:22:54,735 [pool-186-thread-1] INFO  server.RaftServerConfigKeys (ConfUtils.java:logGet(46)) - raft.server.log.statemachine.data.sync.timeout.retry = -1 (default)
2023-01-24 12:22:54,736 [pool-186-thread-1] INFO  server.RaftServerConfigKeys (ConfUtils.java:logGet(46)) - raft.server.log.write.buffer.size = 1048576 (custom)
2023-01-24 12:22:54,737 [pool-186-thread-1] INFO  server.RaftServerConfigKeys (ConfUtils.java:logGet(46)) - raft.server.log.appender.buffer.byte-limit = 33554432 (custom)
2023-01-24 12:22:54,739 [pool-186-thread-1] INFO  server.RaftServerConfigKeys (ConfUtils.java:logGet(46)) - raft.server.log.unsafe-flush.enabled = false (default)
2023-01-24 12:22:54,740 [pool-186-thread-1] INFO  server.RaftServerConfigKeys (ConfUtils.java:logGet(46)) - raft.server.log.async-flush.enabled = false (default)
2023-01-24 12:22:54,740 [pool-186-thread-1] INFO  server.RaftServerConfigKeys (ConfUtils.java:logGet(46)) - raft.server.log.statemachine.data.caching.enabled = true (custom)
2023-01-24 12:22:54,740 [pool-186-thread-1] INFO  segmented.SegmentedRaftLogWorker (SegmentedRaftLogWorker.java:lambda$new$0(135)) - 4243b07b-dbe8-44bd-919c-c5b59c546d4c@group-E790985FDC2A-SegmentedRaftLogWorker: flushIndex: setUnconditionally 0 -> -1
2023-01-24 12:22:54,740 [pool-186-thread-1] INFO  segmented.SegmentedRaftLogWorker (SegmentedRaftLogWorker.java:lambda$new$0(135)) - 4243b07b-dbe8-44bd-919c-c5b59c546d4c@group-E790985FDC2A-SegmentedRaftLogWorker: safeCacheEvictIndex: setUnconditionally 0 -> -1
2023-01-24 12:22:54,740 [pool-186-thread-1] INFO  server.RaftServer$Division (RaftServerImpl.java:start(334)) - 4243b07b-dbe8-44bd-919c-c5b59c546d4c@group-E790985FDC2A: start as a follower, conf=-1: peers:[4243b07b-dbe8-44bd-919c-c5b59c546d4c|rpc:10.1.1.14:38729|dataStream:10.1.1.14:33721|priority:1|startupRole:FOLLOWER]|listeners:[], old=null
2023-01-24 12:22:54,740 [pool-186-thread-1] INFO  server.RaftServer$Division (RaftServerImpl.java:setRole(321)) - 4243b07b-dbe8-44bd-919c-c5b59c546d4c@group-E790985FDC2A: changes role from      null to FOLLOWER at term 0 for startAsFollower
2023-01-24 12:22:54,740 [pool-186-thread-1] INFO  impl.RoleInfo (RoleInfo.java:updateAndGet(139)) - 4243b07b-dbe8-44bd-919c-c5b59c546d4c: start 4243b07b-dbe8-44bd-919c-c5b59c546d4c@group-E790985FDC2A-FollowerState
2023-01-24 12:22:54,740 [pool-186-thread-1] INFO  util.JmxRegister (JmxRegister.java:tryRegister(44)) - Successfully registered JMX Bean with object name Ratis:service=RaftServer,group=group-E790985FDC2A,id=4243b07b-dbe8-44bd-919c-c5b59c546d4c
2023-01-24 12:22:54,740 [pool-186-thread-1] INFO  server.RaftServerConfigKeys (ConfUtils.java:logGet(46)) - raft.server.snapshot.auto.trigger.enabled = true (custom)
2023-01-24 12:22:54,741 [pool-186-thread-1] INFO  server.RaftServerConfigKeys (ConfUtils.java:logGet(46)) - raft.server.snapshot.auto.trigger.threshold = 10000 (custom)
2023-01-24 12:22:54,741 [pool-186-thread-1] INFO  server.RaftServerConfigKeys (ConfUtils.java:logGet(46)) - raft.server.snapshot.retention.file.num = 5 (custom)
2023-01-24 12:22:54,741 [pool-186-thread-1] INFO  server.RaftServerConfigKeys (ConfUtils.java:logGet(46)) - raft.server.log.purge.upto.snapshot.index = false (default)
2023-01-24 12:22:54,741 [4243b07b-dbe8-44bd-919c-c5b59c546d4c@group-E790985FDC2A-FollowerState] INFO  server.RaftServerConfigKeys (ConfUtils.java:logFallback(53)) - raft.server.rpc.first-election.timeout.min = 5s (fallback to raft.server.rpc.timeout.min)
2023-01-24 12:22:54,741 [4243b07b-dbe8-44bd-919c-c5b59c546d4c@group-E790985FDC2A-FollowerState] INFO  server.RaftServerConfigKeys (ConfUtils.java:logFallback(53)) - raft.server.rpc.first-election.timeout.max = 5200ms (fallback to raft.server.rpc.timeout.max)
2023-01-24 12:22:54,742 [Command processor thread] INFO  ratis.XceiverServerRatis (XceiverServerRatis.java:addGroup(806)) - Created group PipelineID=7386c907-83e1-4122-85b8-e790985fdc2a
2023-01-24 12:22:54,742 [Command processor thread] INFO  commandhandler.CreatePipelineCommandHandler (CreatePipelineCommandHandler.java:handle(113)) - Created Pipeline RATIS ONE PipelineID=7386c907-83e1-4122-85b8-e790985fdc2a.
2023-01-24 12:22:55,161 [Command processor thread] INFO  server.RaftServer (RaftServerProxy.java:addNew(96)) - fb483a44-74cc-4237-a554-a68f3575ba39: addNew group-5A4B10D85F99:[fb483a44-74cc-4237-a554-a68f3575ba39|rpc:10.1.1.14:43379|dataStream:10.1.1.14:37561|priority:1|startupRole:FOLLOWER] returns group-5A4B10D85F99:java.util.concurrent.CompletableFuture@60da3cee[Not completed]
2023-01-24 12:22:55,164 [pool-209-thread-1] INFO  server.RaftServer$Division (RaftServerImpl.java:<init>(195)) - fb483a44-74cc-4237-a554-a68f3575ba39: new RaftServerImpl for group-5A4B10D85F99:[fb483a44-74cc-4237-a554-a68f3575ba39|rpc:10.1.1.14:43379|dataStream:10.1.1.14:37561|priority:1|startupRole:FOLLOWER] with ContainerStateMachine:uninitialized
2023-01-24 12:22:55,164 [pool-209-thread-1] INFO  server.RaftServerConfigKeys (ConfUtils.java:logGet(46)) - raft.server.rpc.timeout.min = 5s (custom)
2023-01-24 12:22:55,164 [pool-209-thread-1] INFO  server.RaftServerConfigKeys (ConfUtils.java:logGet(46)) - raft.server.rpc.timeout.max = 5200ms (custom)
2023-01-24 12:22:55,164 [pool-209-thread-1] INFO  server.RaftServerConfigKeys (ConfUtils.java:logGet(46)) - raft.server.rpc.sleep.time = 25ms (default)
2023-01-24 12:22:55,164 [pool-209-thread-1] INFO  server.RaftServerConfigKeys (ConfUtils.java:logGet(46)) - raft.server.rpc.slowness.timeout = 300s (custom)
2023-01-24 12:22:55,164 [pool-209-thread-1] INFO  server.RaftServerConfigKeys (ConfUtils.java:logGet(46)) - raft.server.leaderelection.leader.step-down.wait-time = 10s (default)
2023-01-24 12:22:55,164 [pool-209-thread-1] INFO  server.RaftServerConfigKeys (ConfUtils.java:logGet(46)) - raft.server.sleep.deviation.threshold = 300ms (default)
2023-01-24 12:22:55,164 [pool-209-thread-1] INFO  server.RaftServer$Division (ServerState.java:<init>(118)) - fb483a44-74cc-4237-a554-a68f3575ba39@group-5A4B10D85F99: ConfigurationManager, init=-1: peers:[fb483a44-74cc-4237-a554-a68f3575ba39|rpc:10.1.1.14:43379|dataStream:10.1.1.14:37561|priority:1|startupRole:FOLLOWER]|listeners:[], old=null, confs=<EMPTY_MAP>
2023-01-24 12:22:55,164 [pool-209-thread-1] INFO  server.RaftServerConfigKeys (ConfUtils.java:logGet(46)) - raft.server.storage.dir = [/home/runner/work/ozone/ozone/hadoop-ozone/integration-test/target/test-dir/MiniOzoneClusterImpl-9ddee5dd-a9b0-4f84-bf8c-5f63b859aaaf/datanode-6/data/ratis] (custom)
2023-01-24 12:22:55,164 [pool-209-thread-1] INFO  server.RaftServerConfigKeys (ConfUtils.java:logGet(46)) - raft.server.log.corruption.policy = EXCEPTION (default)
2023-01-24 12:22:55,165 [pool-209-thread-1] INFO  server.RaftServerConfigKeys (ConfUtils.java:logGet(46)) - raft.server.storage.free-space.min = 0MB (=0) (default)
2023-01-24 12:22:55,165 [pool-209-thread-1] INFO  server.RaftServerConfigKeys (ConfUtils.java:logGet(46)) - raft.server.notification.no-leader.timeout = 300s (custom)
2023-01-24 12:22:55,165 [pool-209-thread-1] INFO  server.RaftServerConfigKeys (ConfUtils.java:logGet(46)) - raft.server.retrycache.expirytime = 600000ms (custom)
2023-01-24 12:22:55,165 [pool-209-thread-1] INFO  server.RaftServerConfigKeys (ConfUtils.java:logGet(46)) - raft.server.retrycache.statistics.expirytime = 100μs (default)
2023-01-24 12:22:55,167 [pool-209-thread-1] INFO  server.RaftServerConfigKeys (ConfUtils.java:logGet(46)) - raft.server.log.appender.install.snapshot.enabled = false (custom)
2023-01-24 12:22:55,167 [pool-209-thread-1] INFO  server.RaftServerConfigKeys (ConfUtils.java:logGet(46)) - raft.server.threadpool.server.cached = true (default)
2023-01-24 12:22:55,167 [pool-209-thread-1] INFO  server.RaftServerConfigKeys (ConfUtils.java:logGet(46)) - raft.server.threadpool.server.size = 0 (default)
2023-01-24 12:22:55,167 [pool-209-thread-1] INFO  server.RaftServerConfigKeys (ConfUtils.java:logGet(46)) - raft.server.threadpool.client.cached = true (default)
2023-01-24 12:22:55,167 [pool-209-thread-1] INFO  server.RaftServerConfigKeys (ConfUtils.java:logGet(46)) - raft.server.threadpool.client.size = 0 (default)
2023-01-24 12:22:55,167 [pool-209-thread-1] INFO  storage.RaftStorageDirectory (RaftStorageDirectoryImpl.java:analyzeStorage(137)) - The storage directory /home/runner/work/ozone/ozone/hadoop-ozone/integration-test/target/test-dir/MiniOzoneClusterImpl-9ddee5dd-a9b0-4f84-bf8c-5f63b859aaaf/datanode-6/data/ratis/9b7c3694-cfb1-424d-bdb7-5a4b10d85f99 does not exist. Creating ...
2023-01-24 12:22:55,168 [pool-209-thread-1] INFO  storage.RaftStorageDirectory (RaftStorageDirectoryImpl.java:tryLock(231)) - Lock on /home/runner/work/ozone/ozone/hadoop-ozone/integration-test/target/test-dir/MiniOzoneClusterImpl-9ddee5dd-a9b0-4f84-bf8c-5f63b859aaaf/datanode-6/data/ratis/9b7c3694-cfb1-424d-bdb7-5a4b10d85f99/in_use.lock acquired by nodename 59439@fv-az83-645
2023-01-24 12:22:55,169 [pool-209-thread-1] INFO  storage.RaftStorage (RaftStorageImpl.java:format(96)) - Storage directory /home/runner/work/ozone/ozone/hadoop-ozone/integration-test/target/test-dir/MiniOzoneClusterImpl-9ddee5dd-a9b0-4f84-bf8c-5f63b859aaaf/datanode-6/data/ratis/9b7c3694-cfb1-424d-bdb7-5a4b10d85f99 has been successfully formatted.
2023-01-24 12:22:55,169 [pool-209-thread-1] INFO  ratis.ContainerStateMachine (ContainerStateMachine.java:loadSnapshot(240)) - group-5A4B10D85F99: The snapshot info is null. Setting the last applied indexto:(t:0, i:~)
2023-01-24 12:22:55,170 [EventQueue-PipelineReportForPipelineReportHandler] INFO  pipeline.PipelineManagerImpl (PipelineManagerImpl.java:openPipeline(367)) - Pipeline Pipeline[ Id: 9b7c3694-cfb1-424d-bdb7-5a4b10d85f99, Nodes: fb483a44-74cc-4237-a554-a68f3575ba39(fv-az83-645.uavyq1izdhte5b0ne1us2eqzhb.jx.internal.cloudapp.net/10.1.1.14), ReplicationConfig: RATIS/ONE, State:ALLOCATED, leaderId:fb483a44-74cc-4237-a554-a68f3575ba39, CreationTimestamp2023-01-24T12:22:52.165Z[Etc/UTC]] moved to OPEN state
2023-01-24 12:22:55,171 [pool-209-thread-1] INFO  server.RaftServerConfigKeys (ConfUtils.java:logGet(46)) - raft.server.log.use.memory = false (default)
2023-01-24 12:22:55,171 [pool-209-thread-1] INFO  server.RaftServerConfigKeys (ConfUtils.java:logGet(46)) - raft.server.log.purge.gap = 1000000 (custom)
2023-01-24 12:22:55,172 [pool-209-thread-1] INFO  server.RaftServerConfigKeys (ConfUtils.java:logGet(46)) - raft.server.log.appender.buffer.byte-limit = 33554432 (custom)
2023-01-24 12:22:55,172 [pool-209-thread-1] INFO  server.RaftServerConfigKeys (ConfUtils.java:logGet(46)) - raft.server.log.statemachine.data.read.timeout = 1000ms (default)
2023-01-24 12:22:55,172 [pool-209-thread-1] INFO  server.RaftServerConfigKeys (ConfUtils.java:logGet(46)) - raft.server.log.purge.preservation.log.num = 0 (default)
2023-01-24 12:22:55,172 [EventQueue-OpenPipelineForHealthyPipelineSafeModeRule] INFO  safemode.SCMSafeModeManager (HealthyPipelineSafeModeRule.java:process(137)) - SCM in safe mode. Healthy pipelines reported count is 0, required healthy pipeline reported count is 1
2023-01-24 12:22:55,172 [pool-209-thread-1] INFO  server.RaftServerConfigKeys (ConfUtils.java:logGet(46)) - raft.server.log.segment.size.max = 1048576 (custom)
2023-01-24 12:22:55,172 [pool-209-thread-1] INFO  server.RaftServerConfigKeys (ConfUtils.java:logGet(46)) - raft.server.log.segment.cache.num.max = 2 (custom)
2023-01-24 12:22:55,172 [pool-209-thread-1] INFO  server.RaftServerConfigKeys (ConfUtils.java:logGet(46)) - raft.server.log.segment.cache.size.max = 200MB (=209715200) (default)
2023-01-24 12:22:55,172 [pool-209-thread-1] INFO  segmented.SegmentedRaftLogWorker (SegmentedRaftLogWorker.java:<init>(189)) - new fb483a44-74cc-4237-a554-a68f3575ba39@group-5A4B10D85F99-SegmentedRaftLogWorker for RaftStorageImpl:Storage Directory /home/runner/work/ozone/ozone/hadoop-ozone/integration-test/target/test-dir/MiniOzoneClusterImpl-9ddee5dd-a9b0-4f84-bf8c-5f63b859aaaf/datanode-6/data/ratis/9b7c3694-cfb1-424d-bdb7-5a4b10d85f99
2023-01-24 12:22:55,172 [pool-209-thread-1] INFO  server.RaftServerConfigKeys (ConfUtils.java:logGet(46)) - raft.server.log.queue.byte-limit = 4294967296 (custom)
2023-01-24 12:22:55,172 [pool-209-thread-1] INFO  server.RaftServerConfigKeys (ConfUtils.java:logGet(46)) - raft.server.log.queue.element-limit = 1024 (custom)
2023-01-24 12:22:55,172 [pool-209-thread-1] INFO  server.RaftServerConfigKeys (ConfUtils.java:logGet(46)) - raft.server.log.segment.size.max = 1048576 (custom)
2023-01-24 12:22:55,173 [pool-209-thread-1] INFO  server.RaftServerConfigKeys (ConfUtils.java:logGet(46)) - raft.server.log.preallocated.size = 16384 (custom)
2023-01-24 12:22:55,173 [pool-209-thread-1] INFO  server.RaftServerConfigKeys (ConfUtils.java:logGet(46)) - raft.server.log.force.sync.num = 128 (default)
2023-01-24 12:22:55,173 [pool-209-thread-1] INFO  server.RaftServerConfigKeys (ConfUtils.java:logGet(46)) - raft.server.log.statemachine.data.sync = true (default)
2023-01-24 12:22:55,173 [pool-209-thread-1] INFO  server.RaftServerConfigKeys (ConfUtils.java:logGet(46)) - raft.server.log.statemachine.data.sync.timeout = 10s (default)
2023-01-24 12:22:55,173 [pool-209-thread-1] INFO  server.RaftServerConfigKeys (ConfUtils.java:logGet(46)) - raft.server.log.statemachine.data.sync.timeout.retry = -1 (default)
2023-01-24 12:22:55,173 [pool-209-thread-1] INFO  server.RaftServerConfigKeys (ConfUtils.java:logGet(46)) - raft.server.log.write.buffer.size = 1048576 (custom)
2023-01-24 12:22:55,175 [pool-209-thread-1] INFO  server.RaftServerConfigKeys (ConfUtils.java:logGet(46)) - raft.server.log.appender.buffer.byte-limit = 33554432 (custom)
2023-01-24 12:22:55,178 [pool-209-thread-1] INFO  server.RaftServerConfigKeys (ConfUtils.java:logGet(46)) - raft.server.log.unsafe-flush.enabled = false (default)
2023-01-24 12:22:55,178 [pool-209-thread-1] INFO  server.RaftServerConfigKeys (ConfUtils.java:logGet(46)) - raft.server.log.async-flush.enabled = false (default)
2023-01-24 12:22:55,178 [pool-209-thread-1] INFO  server.RaftServerConfigKeys (ConfUtils.java:logGet(46)) - raft.server.log.statemachine.data.caching.enabled = true (custom)
2023-01-24 12:22:55,178 [pool-209-thread-1] INFO  segmented.SegmentedRaftLogWorker (SegmentedRaftLogWorker.java:lambda$new$0(135)) - fb483a44-74cc-4237-a554-a68f3575ba39@group-5A4B10D85F99-SegmentedRaftLogWorker: flushIndex: setUnconditionally 0 -> -1
2023-01-24 12:22:55,178 [pool-209-thread-1] INFO  segmented.SegmentedRaftLogWorker (SegmentedRaftLogWorker.java:lambda$new$0(135)) - fb483a44-74cc-4237-a554-a68f3575ba39@group-5A4B10D85F99-SegmentedRaftLogWorker: safeCacheEvictIndex: setUnconditionally 0 -> -1
2023-01-24 12:22:55,178 [pool-209-thread-1] INFO  server.RaftServer$Division (RaftServerImpl.java:start(334)) - fb483a44-74cc-4237-a554-a68f3575ba39@group-5A4B10D85F99: start as a follower, conf=-1: peers:[fb483a44-74cc-4237-a554-a68f3575ba39|rpc:10.1.1.14:43379|dataStream:10.1.1.14:37561|priority:1|startupRole:FOLLOWER]|listeners:[], old=null
2023-01-24 12:22:55,178 [pool-209-thread-1] INFO  server.RaftServer$Division (RaftServerImpl.java:setRole(321)) - fb483a44-74cc-4237-a554-a68f3575ba39@group-5A4B10D85F99: changes role from      null to FOLLOWER at term 0 for startAsFollower
2023-01-24 12:22:55,178 [pool-209-thread-1] INFO  impl.RoleInfo (RoleInfo.java:updateAndGet(139)) - fb483a44-74cc-4237-a554-a68f3575ba39: start fb483a44-74cc-4237-a554-a68f3575ba39@group-5A4B10D85F99-FollowerState
2023-01-24 12:22:55,184 [pool-209-thread-1] INFO  util.JmxRegister (JmxRegister.java:tryRegister(44)) - Successfully registered JMX Bean with object name Ratis:service=RaftServer,group=group-5A4B10D85F99,id=fb483a44-74cc-4237-a554-a68f3575ba39
2023-01-24 12:22:55,184 [pool-209-thread-1] INFO  server.RaftServerConfigKeys (ConfUtils.java:logGet(46)) - raft.server.snapshot.auto.trigger.enabled = true (custom)
2023-01-24 12:22:55,184 [pool-209-thread-1] INFO  server.RaftServerConfigKeys (ConfUtils.java:logGet(46)) - raft.server.snapshot.auto.trigger.threshold = 10000 (custom)
2023-01-24 12:22:55,184 [pool-209-thread-1] INFO  server.RaftServerConfigKeys (ConfUtils.java:logGet(46)) - raft.server.snapshot.retention.file.num = 5 (custom)
2023-01-24 12:22:55,184 [pool-209-thread-1] INFO  server.RaftServerConfigKeys (ConfUtils.java:logGet(46)) - raft.server.log.purge.upto.snapshot.index = false (default)
2023-01-24 12:22:55,186 [Command processor thread] INFO  ratis.XceiverServerRatis (XceiverServerRatis.java:addGroup(806)) - Created group PipelineID=9b7c3694-cfb1-424d-bdb7-5a4b10d85f99
2023-01-24 12:22:55,186 [Command processor thread] INFO  commandhandler.CreatePipelineCommandHandler (CreatePipelineCommandHandler.java:handle(113)) - Created Pipeline RATIS ONE PipelineID=9b7c3694-cfb1-424d-bdb7-5a4b10d85f99.
2023-01-24 12:22:55,186 [Command processor thread] INFO  server.RaftServer (RaftServerProxy.java:addNew(96)) - fb483a44-74cc-4237-a554-a68f3575ba39: addNew group-67431DBC43D0:[fb483a44-74cc-4237-a554-a68f3575ba39|rpc:10.1.1.14:43379|dataStream:10.1.1.14:37561|priority:1|startupRole:FOLLOWER, f9d7edb3-f6c7-431a-8d5c-722e1f28718f|rpc:10.1.1.14:43465|dataStream:10.1.1.14:46043|priority:0|startupRole:FOLLOWER, cf1032d2-0037-4a0c-94af-232c62b39d0f|rpc:10.1.1.14:45895|dataStream:10.1.1.14:39787|priority:0|startupRole:FOLLOWER] returns group-67431DBC43D0:java.util.concurrent.CompletableFuture@64e5a42d[Not completed]
2023-01-24 12:22:55,188 [fb483a44-74cc-4237-a554-a68f3575ba39@group-5A4B10D85F99-FollowerState] INFO  server.RaftServerConfigKeys (ConfUtils.java:logFallback(53)) - raft.server.rpc.first-election.timeout.min = 5s (fallback to raft.server.rpc.timeout.min)
2023-01-24 12:22:55,188 [fb483a44-74cc-4237-a554-a68f3575ba39@group-5A4B10D85F99-FollowerState] INFO  server.RaftServerConfigKeys (ConfUtils.java:logFallback(53)) - raft.server.rpc.first-election.timeout.max = 5200ms (fallback to raft.server.rpc.timeout.max)
2023-01-24 12:22:55,189 [pool-209-thread-1] INFO  server.RaftServer$Division (RaftServerImpl.java:<init>(195)) - fb483a44-74cc-4237-a554-a68f3575ba39: new RaftServerImpl for group-67431DBC43D0:[fb483a44-74cc-4237-a554-a68f3575ba39|rpc:10.1.1.14:43379|dataStream:10.1.1.14:37561|priority:1|startupRole:FOLLOWER, f9d7edb3-f6c7-431a-8d5c-722e1f28718f|rpc:10.1.1.14:43465|dataStream:10.1.1.14:46043|priority:0|startupRole:FOLLOWER, cf1032d2-0037-4a0c-94af-232c62b39d0f|rpc:10.1.1.14:45895|dataStream:10.1.1.14:39787|priority:0|startupRole:FOLLOWER] with ContainerStateMachine:uninitialized
2023-01-24 12:22:55,193 [pool-209-thread-1] INFO  server.RaftServerConfigKeys (ConfUtils.java:logGet(46)) - raft.server.rpc.timeout.min = 5s (custom)
2023-01-24 12:22:55,193 [pool-209-thread-1] INFO  server.RaftServerConfigKeys (ConfUtils.java:logGet(46)) - raft.server.rpc.timeout.max = 5200ms (custom)
2023-01-24 12:22:55,193 [pool-209-thread-1] INFO  server.RaftServerConfigKeys (ConfUtils.java:logGet(46)) - raft.server.rpc.sleep.time = 25ms (default)
2023-01-24 12:22:55,193 [pool-209-thread-1] INFO  server.RaftServerConfigKeys (ConfUtils.java:logGet(46)) - raft.server.rpc.slowness.timeout = 300s (custom)
2023-01-24 12:22:55,193 [pool-209-thread-1] INFO  server.RaftServerConfigKeys (ConfUtils.java:logGet(46)) - raft.server.leaderelection.leader.step-down.wait-time = 10s (default)
2023-01-24 12:22:55,193 [pool-209-thread-1] INFO  server.RaftServerConfigKeys (ConfUtils.java:logGet(46)) - raft.server.sleep.deviation.threshold = 300ms (default)
2023-01-24 12:22:55,193 [pool-209-thread-1] INFO  server.RaftServer$Division (ServerState.java:<init>(118)) - fb483a44-74cc-4237-a554-a68f3575ba39@group-67431DBC43D0: ConfigurationManager, init=-1: peers:[fb483a44-74cc-4237-a554-a68f3575ba39|rpc:10.1.1.14:43379|dataStream:10.1.1.14:37561|priority:1|startupRole:FOLLOWER, f9d7edb3-f6c7-431a-8d5c-722e1f28718f|rpc:10.1.1.14:43465|dataStream:10.1.1.14:46043|priority:0|startupRole:FOLLOWER, cf1032d2-0037-4a0c-94af-232c62b39d0f|rpc:10.1.1.14:45895|dataStream:10.1.1.14:39787|priority:0|startupRole:FOLLOWER]|listeners:[], old=null, confs=<EMPTY_MAP>
2023-01-24 12:22:55,193 [pool-209-thread-1] INFO  server.RaftServerConfigKeys (ConfUtils.java:logGet(46)) - raft.server.storage.dir = [/home/runner/work/ozone/ozone/hadoop-ozone/integration-test/target/test-dir/MiniOzoneClusterImpl-9ddee5dd-a9b0-4f84-bf8c-5f63b859aaaf/datanode-6/data/ratis] (custom)
2023-01-24 12:22:55,193 [pool-209-thread-1] INFO  server.RaftServerConfigKeys (ConfUtils.java:logGet(46)) - raft.server.log.corruption.policy = EXCEPTION (default)
2023-01-24 12:22:55,193 [pool-209-thread-1] INFO  server.RaftServerConfigKeys (ConfUtils.java:logGet(46)) - raft.server.storage.free-space.min = 0MB (=0) (default)
2023-01-24 12:22:55,193 [pool-209-thread-1] INFO  server.RaftServerConfigKeys (ConfUtils.java:logGet(46)) - raft.server.notification.no-leader.timeout = 300s (custom)
2023-01-24 12:22:55,193 [pool-209-thread-1] INFO  server.RaftServerConfigKeys (ConfUtils.java:logGet(46)) - raft.server.retrycache.expirytime = 600000ms (custom)
2023-01-24 12:22:55,193 [pool-209-thread-1] INFO  server.RaftServerConfigKeys (ConfUtils.java:logGet(46)) - raft.server.retrycache.statistics.expirytime = 100μs (default)
2023-01-24 12:22:55,194 [pool-209-thread-1] INFO  server.RaftServerConfigKeys (ConfUtils.java:logGet(46)) - raft.server.log.appender.install.snapshot.enabled = false (custom)
2023-01-24 12:22:55,195 [pool-209-thread-1] INFO  server.RaftServerConfigKeys (ConfUtils.java:logGet(46)) - raft.server.threadpool.server.cached = true (default)
2023-01-24 12:22:55,195 [pool-209-thread-1] INFO  server.RaftServerConfigKeys (ConfUtils.java:logGet(46)) - raft.server.threadpool.server.size = 0 (default)
2023-01-24 12:22:55,195 [pool-209-thread-1] INFO  server.RaftServerConfigKeys (ConfUtils.java:logGet(46)) - raft.server.threadpool.client.cached = true (default)
2023-01-24 12:22:55,195 [pool-209-thread-1] INFO  server.RaftServerConfigKeys (ConfUtils.java:logGet(46)) - raft.server.threadpool.client.size = 0 (default)
2023-01-24 12:22:55,195 [pool-209-thread-1] INFO  storage.RaftStorageDirectory (RaftStorageDirectoryImpl.java:analyzeStorage(137)) - The storage directory /home/runner/work/ozone/ozone/hadoop-ozone/integration-test/target/test-dir/MiniOzoneClusterImpl-9ddee5dd-a9b0-4f84-bf8c-5f63b859aaaf/datanode-6/data/ratis/653c8973-c5e2-4e13-bfbb-67431dbc43d0 does not exist. Creating ...
2023-01-24 12:22:55,196 [pool-209-thread-1] INFO  storage.RaftStorageDirectory (RaftStorageDirectoryImpl.java:tryLock(231)) - Lock on /home/runner/work/ozone/ozone/hadoop-ozone/integration-test/target/test-dir/MiniOzoneClusterImpl-9ddee5dd-a9b0-4f84-bf8c-5f63b859aaaf/datanode-6/data/ratis/653c8973-c5e2-4e13-bfbb-67431dbc43d0/in_use.lock acquired by nodename 59439@fv-az83-645
2023-01-24 12:22:55,197 [pool-209-thread-1] INFO  storage.RaftStorage (RaftStorageImpl.java:format(96)) - Storage directory /home/runner/work/ozone/ozone/hadoop-ozone/integration-test/target/test-dir/MiniOzoneClusterImpl-9ddee5dd-a9b0-4f84-bf8c-5f63b859aaaf/datanode-6/data/ratis/653c8973-c5e2-4e13-bfbb-67431dbc43d0 has been successfully formatted.
2023-01-24 12:22:55,197 [pool-209-thread-1] INFO  ratis.ContainerStateMachine (ContainerStateMachine.java:loadSnapshot(240)) - group-67431DBC43D0: The snapshot info is null. Setting the last applied indexto:(t:0, i:~)
2023-01-24 12:22:55,197 [pool-209-thread-1] INFO  server.RaftServerConfigKeys (ConfUtils.java:logGet(46)) - raft.server.log.use.memory = false (default)
2023-01-24 12:22:55,197 [pool-209-thread-1] INFO  server.RaftServerConfigKeys (ConfUtils.java:logGet(46)) - raft.server.log.purge.gap = 1000000 (custom)
2023-01-24 12:22:55,197 [pool-209-thread-1] INFO  server.RaftServerConfigKeys (ConfUtils.java:logGet(46)) - raft.server.log.appender.buffer.byte-limit = 33554432 (custom)
2023-01-24 12:22:55,197 [pool-209-thread-1] INFO  server.RaftServerConfigKeys (ConfUtils.java:logGet(46)) - raft.server.log.statemachine.data.read.timeout = 1000ms (default)
2023-01-24 12:22:55,197 [pool-209-thread-1] INFO  server.RaftServerConfigKeys (ConfUtils.java:logGet(46)) - raft.server.log.purge.preservation.log.num = 0 (default)
2023-01-24 12:22:55,198 [pool-209-thread-1] INFO  server.RaftServerConfigKeys (ConfUtils.java:logGet(46)) - raft.server.log.segment.size.max = 1048576 (custom)
2023-01-24 12:22:55,198 [pool-209-thread-1] INFO  server.RaftServerConfigKeys (ConfUtils.java:logGet(46)) - raft.server.log.segment.cache.num.max = 2 (custom)
2023-01-24 12:22:55,198 [pool-209-thread-1] INFO  server.RaftServerConfigKeys (ConfUtils.java:logGet(46)) - raft.server.log.segment.cache.size.max = 200MB (=209715200) (default)
2023-01-24 12:22:55,198 [pool-209-thread-1] INFO  segmented.SegmentedRaftLogWorker (SegmentedRaftLogWorker.java:<init>(189)) - new fb483a44-74cc-4237-a554-a68f3575ba39@group-67431DBC43D0-SegmentedRaftLogWorker for RaftStorageImpl:Storage Directory /home/runner/work/ozone/ozone/hadoop-ozone/integration-test/target/test-dir/MiniOzoneClusterImpl-9ddee5dd-a9b0-4f84-bf8c-5f63b859aaaf/datanode-6/data/ratis/653c8973-c5e2-4e13-bfbb-67431dbc43d0
2023-01-24 12:22:55,198 [pool-209-thread-1] INFO  server.RaftServerConfigKeys (ConfUtils.java:logGet(46)) - raft.server.log.queue.byte-limit = 4294967296 (custom)
2023-01-24 12:22:55,198 [pool-209-thread-1] INFO  server.RaftServerConfigKeys (ConfUtils.java:logGet(46)) - raft.server.log.queue.element-limit = 1024 (custom)
2023-01-24 12:22:55,198 [pool-209-thread-1] INFO  server.RaftServerConfigKeys (ConfUtils.java:logGet(46)) - raft.server.log.segment.size.max = 1048576 (custom)
2023-01-24 12:22:55,198 [pool-209-thread-1] INFO  server.RaftServerConfigKeys (ConfUtils.java:logGet(46)) - raft.server.log.preallocated.size = 16384 (custom)
2023-01-24 12:22:55,198 [pool-209-thread-1] INFO  server.RaftServerConfigKeys (ConfUtils.java:logGet(46)) - raft.server.log.force.sync.num = 128 (default)
2023-01-24 12:22:55,198 [pool-209-thread-1] INFO  server.RaftServerConfigKeys (ConfUtils.java:logGet(46)) - raft.server.log.statemachine.data.sync = true (default)
2023-01-24 12:22:55,198 [pool-209-thread-1] INFO  server.RaftServerConfigKeys (ConfUtils.java:logGet(46)) - raft.server.log.statemachine.data.sync.timeout = 10s (default)
2023-01-24 12:22:55,199 [pool-209-thread-1] INFO  server.RaftServerConfigKeys (ConfUtils.java:logGet(46)) - raft.server.log.statemachine.data.sync.timeout.retry = -1 (default)
2023-01-24 12:22:55,199 [EventQueue-OpenPipelineForHealthyPipelineSafeModeRule] INFO  safemode.SCMSafeModeManager (HealthyPipelineSafeModeRule.java:process(137)) - SCM in safe mode. Healthy pipelines reported count is 0, required healthy pipeline reported count is 1
2023-01-24 12:22:55,199 [pool-209-thread-1] INFO  server.RaftServerConfigKeys (ConfUtils.java:logGet(46)) - raft.server.log.write.buffer.size = 1048576 (custom)
2023-01-24 12:22:55,202 [pool-209-thread-1] INFO  server.RaftServerConfigKeys (ConfUtils.java:logGet(46)) - raft.server.log.appender.buffer.byte-limit = 33554432 (custom)
2023-01-24 12:22:55,206 [pool-209-thread-1] INFO  server.RaftServerConfigKeys (ConfUtils.java:logGet(46)) - raft.server.log.unsafe-flush.enabled = false (default)
2023-01-24 12:22:55,206 [pool-209-thread-1] INFO  server.RaftServerConfigKeys (ConfUtils.java:logGet(46)) - raft.server.log.async-flush.enabled = false (default)
2023-01-24 12:22:55,206 [pool-209-thread-1] INFO  server.RaftServerConfigKeys (ConfUtils.java:logGet(46)) - raft.server.log.statemachine.data.caching.enabled = true (custom)
2023-01-24 12:22:55,206 [pool-209-thread-1] INFO  segmented.SegmentedRaftLogWorker (SegmentedRaftLogWorker.java:lambda$new$0(135)) - fb483a44-74cc-4237-a554-a68f3575ba39@group-67431DBC43D0-SegmentedRaftLogWorker: flushIndex: setUnconditionally 0 -> -1
2023-01-24 12:22:55,206 [pool-209-thread-1] INFO  segmented.SegmentedRaftLogWorker (SegmentedRaftLogWorker.java:lambda$new$0(135)) - fb483a44-74cc-4237-a554-a68f3575ba39@group-67431DBC43D0-SegmentedRaftLogWorker: safeCacheEvictIndex: setUnconditionally 0 -> -1
2023-01-24 12:22:55,212 [pool-209-thread-1] INFO  server.RaftServer$Division (RaftServerImpl.java:start(334)) - fb483a44-74cc-4237-a554-a68f3575ba39@group-67431DBC43D0: start as a follower, conf=-1: peers:[fb483a44-74cc-4237-a554-a68f3575ba39|rpc:10.1.1.14:43379|dataStream:10.1.1.14:37561|priority:1|startupRole:FOLLOWER, f9d7edb3-f6c7-431a-8d5c-722e1f28718f|rpc:10.1.1.14:43465|dataStream:10.1.1.14:46043|priority:0|startupRole:FOLLOWER, cf1032d2-0037-4a0c-94af-232c62b39d0f|rpc:10.1.1.14:45895|dataStream:10.1.1.14:39787|priority:0|startupRole:FOLLOWER]|listeners:[], old=null
2023-01-24 12:22:55,212 [pool-209-thread-1] INFO  server.RaftServer$Division (RaftServerImpl.java:setRole(321)) - fb483a44-74cc-4237-a554-a68f3575ba39@group-67431DBC43D0: changes role from      null to FOLLOWER at term 0 for startAsFollower
2023-01-24 12:22:55,212 [pool-209-thread-1] INFO  impl.RoleInfo (RoleInfo.java:updateAndGet(139)) - fb483a44-74cc-4237-a554-a68f3575ba39: start fb483a44-74cc-4237-a554-a68f3575ba39@group-67431DBC43D0-FollowerState
2023-01-24 12:22:55,212 [pool-209-thread-1] INFO  util.JmxRegister (JmxRegister.java:tryRegister(44)) - Successfully registered JMX Bean with object name Ratis:service=RaftServer,group=group-67431DBC43D0,id=fb483a44-74cc-4237-a554-a68f3575ba39
2023-01-24 12:22:55,212 [pool-209-thread-1] INFO  server.RaftServerConfigKeys (ConfUtils.java:logGet(46)) - raft.server.snapshot.auto.trigger.enabled = true (custom)
2023-01-24 12:22:55,212 [pool-209-thread-1] INFO  server.RaftServerConfigKeys (ConfUtils.java:logGet(46)) - raft.server.snapshot.auto.trigger.threshold = 10000 (custom)
2023-01-24 12:22:55,212 [pool-209-thread-1] INFO  server.RaftServerConfigKeys (ConfUtils.java:logGet(46)) - raft.server.snapshot.retention.file.num = 5 (custom)
2023-01-24 12:22:55,212 [pool-209-thread-1] INFO  server.RaftServerConfigKeys (ConfUtils.java:logGet(46)) - raft.server.log.purge.upto.snapshot.index = false (default)
2023-01-24 12:22:55,213 [fb483a44-74cc-4237-a554-a68f3575ba39@group-67431DBC43D0-FollowerState] INFO  server.RaftServerConfigKeys (ConfUtils.java:logFallback(53)) - raft.server.rpc.first-election.timeout.min = 5s (fallback to raft.server.rpc.timeout.min)
2023-01-24 12:22:55,215 [Command processor thread] INFO  ratis.XceiverServerRatis (XceiverServerRatis.java:addGroup(806)) - Created group PipelineID=653c8973-c5e2-4e13-bfbb-67431dbc43d0
2023-01-24 12:22:55,215 [fb483a44-74cc-4237-a554-a68f3575ba39@group-67431DBC43D0-FollowerState] INFO  server.RaftServerConfigKeys (ConfUtils.java:logFallback(53)) - raft.server.rpc.first-election.timeout.max = 5200ms (fallback to raft.server.rpc.timeout.max)
2023-01-24 12:22:55,227 [grpc-default-executor-1] INFO  server.RaftServer (RaftServerProxy.java:addNew(96)) - cf1032d2-0037-4a0c-94af-232c62b39d0f: addNew group-67431DBC43D0:[fb483a44-74cc-4237-a554-a68f3575ba39|rpc:10.1.1.14:43379|dataStream:10.1.1.14:37561|priority:1|startupRole:FOLLOWER, f9d7edb3-f6c7-431a-8d5c-722e1f28718f|rpc:10.1.1.14:43465|dataStream:10.1.1.14:46043|priority:0|startupRole:FOLLOWER, cf1032d2-0037-4a0c-94af-232c62b39d0f|rpc:10.1.1.14:45895|dataStream:10.1.1.14:39787|priority:0|startupRole:FOLLOWER] returns group-67431DBC43D0:java.util.concurrent.CompletableFuture@17bdb501[Not completed]
2023-01-24 12:22:55,228 [pool-236-thread-1] INFO  server.RaftServer$Division (RaftServerImpl.java:<init>(195)) - cf1032d2-0037-4a0c-94af-232c62b39d0f: new RaftServerImpl for group-67431DBC43D0:[fb483a44-74cc-4237-a554-a68f3575ba39|rpc:10.1.1.14:43379|dataStream:10.1.1.14:37561|priority:1|startupRole:FOLLOWER, f9d7edb3-f6c7-431a-8d5c-722e1f28718f|rpc:10.1.1.14:43465|dataStream:10.1.1.14:46043|priority:0|startupRole:FOLLOWER, cf1032d2-0037-4a0c-94af-232c62b39d0f|rpc:10.1.1.14:45895|dataStream:10.1.1.14:39787|priority:0|startupRole:FOLLOWER] with ContainerStateMachine:uninitialized
2023-01-24 12:22:55,228 [pool-236-thread-1] INFO  server.RaftServerConfigKeys (ConfUtils.java:logGet(46)) - raft.server.rpc.timeout.min = 5s (custom)
2023-01-24 12:22:55,228 [pool-236-thread-1] INFO  server.RaftServerConfigKeys (ConfUtils.java:logGet(46)) - raft.server.rpc.timeout.max = 5200ms (custom)
2023-01-24 12:22:55,228 [pool-236-thread-1] INFO  server.RaftServerConfigKeys (ConfUtils.java:logGet(46)) - raft.server.rpc.sleep.time = 25ms (default)
2023-01-24 12:22:55,228 [pool-236-thread-1] INFO  server.RaftServerConfigKeys (ConfUtils.java:logGet(46)) - raft.server.rpc.slowness.timeout = 300s (custom)
2023-01-24 12:22:55,228 [pool-236-thread-1] INFO  server.RaftServerConfigKeys (ConfUtils.java:logGet(46)) - raft.server.leaderelection.leader.step-down.wait-time = 10s (default)
2023-01-24 12:22:55,228 [pool-236-thread-1] INFO  server.RaftServerConfigKeys (ConfUtils.java:logGet(46)) - raft.server.sleep.deviation.threshold = 300ms (default)
2023-01-24 12:22:55,229 [pool-236-thread-1] INFO  server.RaftServer$Division (ServerState.java:<init>(118)) - cf1032d2-0037-4a0c-94af-232c62b39d0f@group-67431DBC43D0: ConfigurationManager, init=-1: peers:[fb483a44-74cc-4237-a554-a68f3575ba39|rpc:10.1.1.14:43379|dataStream:10.1.1.14:37561|priority:1|startupRole:FOLLOWER, f9d7edb3-f6c7-431a-8d5c-722e1f28718f|rpc:10.1.1.14:43465|dataStream:10.1.1.14:46043|priority:0|startupRole:FOLLOWER, cf1032d2-0037-4a0c-94af-232c62b39d0f|rpc:10.1.1.14:45895|dataStream:10.1.1.14:39787|priority:0|startupRole:FOLLOWER]|listeners:[], old=null, confs=<EMPTY_MAP>
2023-01-24 12:22:55,229 [pool-236-thread-1] INFO  server.RaftServerConfigKeys (ConfUtils.java:logGet(46)) - raft.server.storage.dir = [/home/runner/work/ozone/ozone/hadoop-ozone/integration-test/target/test-dir/MiniOzoneClusterImpl-9ddee5dd-a9b0-4f84-bf8c-5f63b859aaaf/datanode-7/data/ratis] (custom)
2023-01-24 12:22:55,229 [pool-236-thread-1] INFO  server.RaftServerConfigKeys (ConfUtils.java:logGet(46)) - raft.server.log.corruption.policy = EXCEPTION (default)
2023-01-24 12:22:55,229 [pool-236-thread-1] INFO  server.RaftServerConfigKeys (ConfUtils.java:logGet(46)) - raft.server.storage.free-space.min = 0MB (=0) (default)
2023-01-24 12:22:55,229 [pool-236-thread-1] INFO  server.RaftServerConfigKeys (ConfUtils.java:logGet(46)) - raft.server.notification.no-leader.timeout = 300s (custom)
2023-01-24 12:22:55,229 [pool-236-thread-1] INFO  server.RaftServerConfigKeys (ConfUtils.java:logGet(46)) - raft.server.retrycache.expirytime = 600000ms (custom)
2023-01-24 12:22:55,229 [pool-236-thread-1] INFO  server.RaftServerConfigKeys (ConfUtils.java:logGet(46)) - raft.server.retrycache.statistics.expirytime = 100μs (default)
2023-01-24 12:22:55,231 [pool-236-thread-1] INFO  server.RaftServerConfigKeys (ConfUtils.java:logGet(46)) - raft.server.log.appender.install.snapshot.enabled = false (custom)
2023-01-24 12:22:55,231 [pool-236-thread-1] INFO  server.RaftServerConfigKeys (ConfUtils.java:logGet(46)) - raft.server.threadpool.server.cached = true (default)
2023-01-24 12:22:55,231 [pool-236-thread-1] INFO  server.RaftServerConfigKeys (ConfUtils.java:logGet(46)) - raft.server.threadpool.server.size = 0 (default)
2023-01-24 12:22:55,231 [pool-236-thread-1] INFO  server.RaftServerConfigKeys (ConfUtils.java:logGet(46)) - raft.server.threadpool.client.cached = true (default)
2023-01-24 12:22:55,231 [pool-236-thread-1] INFO  server.RaftServerConfigKeys (ConfUtils.java:logGet(46)) - raft.server.threadpool.client.size = 0 (default)
2023-01-24 12:22:55,231 [pool-236-thread-1] INFO  storage.RaftStorageDirectory (RaftStorageDirectoryImpl.java:analyzeStorage(137)) - The storage directory /home/runner/work/ozone/ozone/hadoop-ozone/integration-test/target/test-dir/MiniOzoneClusterImpl-9ddee5dd-a9b0-4f84-bf8c-5f63b859aaaf/datanode-7/data/ratis/653c8973-c5e2-4e13-bfbb-67431dbc43d0 does not exist. Creating ...
2023-01-24 12:22:55,232 [pool-236-thread-1] INFO  storage.RaftStorageDirectory (RaftStorageDirectoryImpl.java:tryLock(231)) - Lock on /home/runner/work/ozone/ozone/hadoop-ozone/integration-test/target/test-dir/MiniOzoneClusterImpl-9ddee5dd-a9b0-4f84-bf8c-5f63b859aaaf/datanode-7/data/ratis/653c8973-c5e2-4e13-bfbb-67431dbc43d0/in_use.lock acquired by nodename 59439@fv-az83-645
2023-01-24 12:22:55,233 [pool-236-thread-1] INFO  storage.RaftStorage (RaftStorageImpl.java:format(96)) - Storage directory /home/runner/work/ozone/ozone/hadoop-ozone/integration-test/target/test-dir/MiniOzoneClusterImpl-9ddee5dd-a9b0-4f84-bf8c-5f63b859aaaf/datanode-7/data/ratis/653c8973-c5e2-4e13-bfbb-67431dbc43d0 has been successfully formatted.
2023-01-24 12:22:55,234 [pool-236-thread-1] INFO  ratis.ContainerStateMachine (ContainerStateMachine.java:loadSnapshot(240)) - group-67431DBC43D0: The snapshot info is null. Setting the last applied indexto:(t:0, i:~)
2023-01-24 12:22:55,234 [pool-236-thread-1] INFO  server.RaftServerConfigKeys (ConfUtils.java:logGet(46)) - raft.server.log.use.memory = false (default)
2023-01-24 12:22:55,235 [pool-236-thread-1] INFO  server.RaftServerConfigKeys (ConfUtils.java:logGet(46)) - raft.server.log.purge.gap = 1000000 (custom)
2023-01-24 12:22:55,235 [pool-236-thread-1] INFO  server.RaftServerConfigKeys (ConfUtils.java:logGet(46)) - raft.server.log.appender.buffer.byte-limit = 33554432 (custom)
2023-01-24 12:22:55,235 [pool-236-thread-1] INFO  server.RaftServerConfigKeys (ConfUtils.java:logGet(46)) - raft.server.log.statemachine.data.read.timeout = 1000ms (default)
2023-01-24 12:22:55,235 [pool-236-thread-1] INFO  server.RaftServerConfigKeys (ConfUtils.java:logGet(46)) - raft.server.log.purge.preservation.log.num = 0 (default)
2023-01-24 12:22:55,235 [pool-236-thread-1] INFO  server.RaftServerConfigKeys (ConfUtils.java:logGet(46)) - raft.server.log.segment.size.max = 1048576 (custom)
2023-01-24 12:22:55,235 [Listener at 127.0.0.1/46625] INFO  ozone.MiniOzoneClusterImpl (MiniOzoneClusterImpl.java:lambda$waitForClusterToBeReady$0(218)) - Nodes are ready. Got 10 of 10 DN Heartbeats.
2023-01-24 12:22:55,236 [Listener at 127.0.0.1/46625] INFO  ozone.MiniOzoneClusterImpl (MiniOzoneClusterImpl.java:lambda$waitForClusterToBeReady$0(221)) - Waiting for cluster to exit safe mode
2023-01-24 12:22:55,236 [Listener at 127.0.0.1/46625] INFO  ozone.MiniOzoneClusterImpl (MiniOzoneClusterImpl.java:lambda$waitForClusterToBeReady$0(223)) - SCM became leader
2023-01-24 12:22:55,236 [pool-236-thread-1] INFO  server.RaftServerConfigKeys (ConfUtils.java:logGet(46)) - raft.server.log.segment.cache.num.max = 2 (custom)
2023-01-24 12:22:55,236 [pool-236-thread-1] INFO  server.RaftServerConfigKeys (ConfUtils.java:logGet(46)) - raft.server.log.segment.cache.size.max = 200MB (=209715200) (default)
2023-01-24 12:22:55,236 [pool-236-thread-1] INFO  segmented.SegmentedRaftLogWorker (SegmentedRaftLogWorker.java:<init>(189)) - new cf1032d2-0037-4a0c-94af-232c62b39d0f@group-67431DBC43D0-SegmentedRaftLogWorker for RaftStorageImpl:Storage Directory /home/runner/work/ozone/ozone/hadoop-ozone/integration-test/target/test-dir/MiniOzoneClusterImpl-9ddee5dd-a9b0-4f84-bf8c-5f63b859aaaf/datanode-7/data/ratis/653c8973-c5e2-4e13-bfbb-67431dbc43d0
2023-01-24 12:22:55,236 [pool-236-thread-1] INFO  server.RaftServerConfigKeys (ConfUtils.java:logGet(46)) - raft.server.log.queue.byte-limit = 4294967296 (custom)
2023-01-24 12:22:55,236 [pool-236-thread-1] INFO  server.RaftServerConfigKeys (ConfUtils.java:logGet(46)) - raft.server.log.queue.element-limit = 1024 (custom)
2023-01-24 12:22:55,236 [pool-236-thread-1] INFO  server.RaftServerConfigKeys (ConfUtils.java:logGet(46)) - raft.server.log.segment.size.max = 1048576 (custom)
2023-01-24 12:22:55,236 [pool-236-thread-1] INFO  server.RaftServerConfigKeys (ConfUtils.java:logGet(46)) - raft.server.log.preallocated.size = 16384 (custom)
2023-01-24 12:22:55,236 [pool-236-thread-1] INFO  server.RaftServerConfigKeys (ConfUtils.java:logGet(46)) - raft.server.log.force.sync.num = 128 (default)
2023-01-24 12:22:55,237 [pool-236-thread-1] INFO  server.RaftServerConfigKeys (ConfUtils.java:logGet(46)) - raft.server.log.statemachine.data.sync = true (default)
2023-01-24 12:22:55,237 [pool-236-thread-1] INFO  server.RaftServerConfigKeys (ConfUtils.java:logGet(46)) - raft.server.log.statemachine.data.sync.timeout = 10s (default)
2023-01-24 12:22:55,237 [pool-236-thread-1] INFO  server.RaftServerConfigKeys (ConfUtils.java:logGet(46)) - raft.server.log.statemachine.data.sync.timeout.retry = -1 (default)
2023-01-24 12:22:55,237 [pool-236-thread-1] INFO  server.RaftServerConfigKeys (ConfUtils.java:logGet(46)) - raft.server.log.write.buffer.size = 1048576 (custom)
2023-01-24 12:22:55,238 [pool-236-thread-1] INFO  server.RaftServerConfigKeys (ConfUtils.java:logGet(46)) - raft.server.log.appender.buffer.byte-limit = 33554432 (custom)
2023-01-24 12:22:55,245 [pool-236-thread-1] INFO  server.RaftServerConfigKeys (ConfUtils.java:logGet(46)) - raft.server.log.unsafe-flush.enabled = false (default)
2023-01-24 12:22:55,245 [pool-236-thread-1] INFO  server.RaftServerConfigKeys (ConfUtils.java:logGet(46)) - raft.server.log.async-flush.enabled = false (default)
2023-01-24 12:22:55,245 [pool-236-thread-1] INFO  server.RaftServerConfigKeys (ConfUtils.java:logGet(46)) - raft.server.log.statemachine.data.caching.enabled = true (custom)
2023-01-24 12:22:55,245 [pool-236-thread-1] INFO  segmented.SegmentedRaftLogWorker (SegmentedRaftLogWorker.java:lambda$new$0(135)) - cf1032d2-0037-4a0c-94af-232c62b39d0f@group-67431DBC43D0-SegmentedRaftLogWorker: flushIndex: setUnconditionally 0 -> -1
2023-01-24 12:22:55,245 [pool-236-thread-1] INFO  segmented.SegmentedRaftLogWorker (SegmentedRaftLogWorker.java:lambda$new$0(135)) - cf1032d2-0037-4a0c-94af-232c62b39d0f@group-67431DBC43D0-SegmentedRaftLogWorker: safeCacheEvictIndex: setUnconditionally 0 -> -1
2023-01-24 12:22:55,246 [pool-236-thread-1] INFO  server.RaftServer$Division (RaftServerImpl.java:start(334)) - cf1032d2-0037-4a0c-94af-232c62b39d0f@group-67431DBC43D0: start as a follower, conf=-1: peers:[fb483a44-74cc-4237-a554-a68f3575ba39|rpc:10.1.1.14:43379|dataStream:10.1.1.14:37561|priority:1|startupRole:FOLLOWER, f9d7edb3-f6c7-431a-8d5c-722e1f28718f|rpc:10.1.1.14:43465|dataStream:10.1.1.14:46043|priority:0|startupRole:FOLLOWER, cf1032d2-0037-4a0c-94af-232c62b39d0f|rpc:10.1.1.14:45895|dataStream:10.1.1.14:39787|priority:0|startupRole:FOLLOWER]|listeners:[], old=null
2023-01-24 12:22:55,246 [pool-236-thread-1] INFO  server.RaftServer$Division (RaftServerImpl.java:setRole(321)) - cf1032d2-0037-4a0c-94af-232c62b39d0f@group-67431DBC43D0: changes role from      null to FOLLOWER at term 0 for startAsFollower
2023-01-24 12:22:55,246 [pool-236-thread-1] INFO  impl.RoleInfo (RoleInfo.java:updateAndGet(139)) - cf1032d2-0037-4a0c-94af-232c62b39d0f: start cf1032d2-0037-4a0c-94af-232c62b39d0f@group-67431DBC43D0-FollowerState
2023-01-24 12:22:55,246 [pool-236-thread-1] INFO  util.JmxRegister (JmxRegister.java:tryRegister(44)) - Successfully registered JMX Bean with object name Ratis:service=RaftServer,group=group-67431DBC43D0,id=cf1032d2-0037-4a0c-94af-232c62b39d0f
2023-01-24 12:22:55,246 [pool-236-thread-1] INFO  server.RaftServerConfigKeys (ConfUtils.java:logGet(46)) - raft.server.snapshot.auto.trigger.enabled = true (custom)
2023-01-24 12:22:55,246 [pool-236-thread-1] INFO  server.RaftServerConfigKeys (ConfUtils.java:logGet(46)) - raft.server.snapshot.auto.trigger.threshold = 10000 (custom)
2023-01-24 12:22:55,246 [pool-236-thread-1] INFO  server.RaftServerConfigKeys (ConfUtils.java:logGet(46)) - raft.server.snapshot.retention.file.num = 5 (custom)
2023-01-24 12:22:55,246 [pool-236-thread-1] INFO  server.RaftServerConfigKeys (ConfUtils.java:logGet(46)) - raft.server.log.purge.upto.snapshot.index = false (default)
2023-01-24 12:22:55,247 [cf1032d2-0037-4a0c-94af-232c62b39d0f@group-67431DBC43D0-FollowerState] INFO  server.RaftServerConfigKeys (ConfUtils.java:logFallback(53)) - raft.server.rpc.first-election.timeout.min = 5s (fallback to raft.server.rpc.timeout.min)
2023-01-24 12:22:55,256 [cf1032d2-0037-4a0c-94af-232c62b39d0f@group-67431DBC43D0-FollowerState] INFO  server.RaftServerConfigKeys (ConfUtils.java:logFallback(53)) - raft.server.rpc.first-election.timeout.max = 5200ms (fallback to raft.server.rpc.timeout.max)
2023-01-24 12:22:55,269 [grpc-default-executor-1] INFO  server.RaftServer (RaftServerProxy.java:addNew(96)) - f9d7edb3-f6c7-431a-8d5c-722e1f28718f: addNew group-67431DBC43D0:[fb483a44-74cc-4237-a554-a68f3575ba39|rpc:10.1.1.14:43379|dataStream:10.1.1.14:37561|priority:1|startupRole:FOLLOWER, f9d7edb3-f6c7-431a-8d5c-722e1f28718f|rpc:10.1.1.14:43465|dataStream:10.1.1.14:46043|priority:0|startupRole:FOLLOWER, cf1032d2-0037-4a0c-94af-232c62b39d0f|rpc:10.1.1.14:45895|dataStream:10.1.1.14:39787|priority:0|startupRole:FOLLOWER] returns group-67431DBC43D0:java.util.concurrent.CompletableFuture@48b8f92a[Not completed]
2023-01-24 12:22:55,270 [pool-263-thread-1] INFO  server.RaftServer$Division (RaftServerImpl.java:<init>(195)) - f9d7edb3-f6c7-431a-8d5c-722e1f28718f: new RaftServerImpl for group-67431DBC43D0:[fb483a44-74cc-4237-a554-a68f3575ba39|rpc:10.1.1.14:43379|dataStream:10.1.1.14:37561|priority:1|startupRole:FOLLOWER, f9d7edb3-f6c7-431a-8d5c-722e1f28718f|rpc:10.1.1.14:43465|dataStream:10.1.1.14:46043|priority:0|startupRole:FOLLOWER, cf1032d2-0037-4a0c-94af-232c62b39d0f|rpc:10.1.1.14:45895|dataStream:10.1.1.14:39787|priority:0|startupRole:FOLLOWER] with ContainerStateMachine:uninitialized
2023-01-24 12:22:55,270 [pool-263-thread-1] INFO  server.RaftServerConfigKeys (ConfUtils.java:logGet(46)) - raft.server.rpc.timeout.min = 5s (custom)
2023-01-24 12:22:55,270 [pool-263-thread-1] INFO  server.RaftServerConfigKeys (ConfUtils.java:logGet(46)) - raft.server.rpc.timeout.max = 5200ms (custom)
2023-01-24 12:22:55,270 [pool-263-thread-1] INFO  server.RaftServerConfigKeys (ConfUtils.java:logGet(46)) - raft.server.rpc.sleep.time = 25ms (default)
2023-01-24 12:22:55,270 [pool-263-thread-1] INFO  server.RaftServerConfigKeys (ConfUtils.java:logGet(46)) - raft.server.rpc.slowness.timeout = 300s (custom)
2023-01-24 12:22:55,271 [pool-263-thread-1] INFO  server.RaftServerConfigKeys (ConfUtils.java:logGet(46)) - raft.server.leaderelection.leader.step-down.wait-time = 10s (default)
2023-01-24 12:22:55,271 [pool-263-thread-1] INFO  server.RaftServerConfigKeys (ConfUtils.java:logGet(46)) - raft.server.sleep.deviation.threshold = 300ms (default)
2023-01-24 12:22:55,271 [pool-263-thread-1] INFO  server.RaftServer$Division (ServerState.java:<init>(118)) - f9d7edb3-f6c7-431a-8d5c-722e1f28718f@group-67431DBC43D0: ConfigurationManager, init=-1: peers:[fb483a44-74cc-4237-a554-a68f3575ba39|rpc:10.1.1.14:43379|dataStream:10.1.1.14:37561|priority:1|startupRole:FOLLOWER, f9d7edb3-f6c7-431a-8d5c-722e1f28718f|rpc:10.1.1.14:43465|dataStream:10.1.1.14:46043|priority:0|startupRole:FOLLOWER, cf1032d2-0037-4a0c-94af-232c62b39d0f|rpc:10.1.1.14:45895|dataStream:10.1.1.14:39787|priority:0|startupRole:FOLLOWER]|listeners:[], old=null, confs=<EMPTY_MAP>
2023-01-24 12:22:55,271 [pool-263-thread-1] INFO  server.RaftServerConfigKeys (ConfUtils.java:logGet(46)) - raft.server.storage.dir = [/home/runner/work/ozone/ozone/hadoop-ozone/integration-test/target/test-dir/MiniOzoneClusterImpl-9ddee5dd-a9b0-4f84-bf8c-5f63b859aaaf/datanode-8/data/ratis] (custom)
2023-01-24 12:22:55,271 [pool-263-thread-1] INFO  server.RaftServerConfigKeys (ConfUtils.java:logGet(46)) - raft.server.log.corruption.policy = EXCEPTION (default)
2023-01-24 12:22:55,271 [pool-263-thread-1] INFO  server.RaftServerConfigKeys (ConfUtils.java:logGet(46)) - raft.server.storage.free-space.min = 0MB (=0) (default)
2023-01-24 12:22:55,271 [pool-263-thread-1] INFO  server.RaftServerConfigKeys (ConfUtils.java:logGet(46)) - raft.server.notification.no-leader.timeout = 300s (custom)
2023-01-24 12:22:55,271 [pool-263-thread-1] INFO  server.RaftServerConfigKeys (ConfUtils.java:logGet(46)) - raft.server.retrycache.expirytime = 600000ms (custom)
2023-01-24 12:22:55,271 [pool-263-thread-1] INFO  server.RaftServerConfigKeys (ConfUtils.java:logGet(46)) - raft.server.retrycache.statistics.expirytime = 100μs (default)
2023-01-24 12:22:55,273 [pool-263-thread-1] INFO  server.RaftServerConfigKeys (ConfUtils.java:logGet(46)) - raft.server.log.appender.install.snapshot.enabled = false (custom)
2023-01-24 12:22:55,273 [pool-263-thread-1] INFO  server.RaftServerConfigKeys (ConfUtils.java:logGet(46)) - raft.server.threadpool.server.cached = true (default)
2023-01-24 12:22:55,273 [pool-263-thread-1] INFO  server.RaftServerConfigKeys (ConfUtils.java:logGet(46)) - raft.server.threadpool.server.size = 0 (default)
2023-01-24 12:22:55,273 [pool-263-thread-1] INFO  server.RaftServerConfigKeys (ConfUtils.java:logGet(46)) - raft.server.threadpool.client.cached = true (default)
2023-01-24 12:22:55,273 [pool-263-thread-1] INFO  server.RaftServerConfigKeys (ConfUtils.java:logGet(46)) - raft.server.threadpool.client.size = 0 (default)
2023-01-24 12:22:55,273 [pool-263-thread-1] INFO  storage.RaftStorageDirectory (RaftStorageDirectoryImpl.java:analyzeStorage(137)) - The storage directory /home/runner/work/ozone/ozone/hadoop-ozone/integration-test/target/test-dir/MiniOzoneClusterImpl-9ddee5dd-a9b0-4f84-bf8c-5f63b859aaaf/datanode-8/data/ratis/653c8973-c5e2-4e13-bfbb-67431dbc43d0 does not exist. Creating ...
2023-01-24 12:22:55,274 [pool-263-thread-1] INFO  storage.RaftStorageDirectory (RaftStorageDirectoryImpl.java:tryLock(231)) - Lock on /home/runner/work/ozone/ozone/hadoop-ozone/integration-test/target/test-dir/MiniOzoneClusterImpl-9ddee5dd-a9b0-4f84-bf8c-5f63b859aaaf/datanode-8/data/ratis/653c8973-c5e2-4e13-bfbb-67431dbc43d0/in_use.lock acquired by nodename 59439@fv-az83-645
2023-01-24 12:22:55,274 [pool-263-thread-1] INFO  storage.RaftStorage (RaftStorageImpl.java:format(96)) - Storage directory /home/runner/work/ozone/ozone/hadoop-ozone/integration-test/target/test-dir/MiniOzoneClusterImpl-9ddee5dd-a9b0-4f84-bf8c-5f63b859aaaf/datanode-8/data/ratis/653c8973-c5e2-4e13-bfbb-67431dbc43d0 has been successfully formatted.
2023-01-24 12:22:55,275 [pool-263-thread-1] INFO  ratis.ContainerStateMachine (ContainerStateMachine.java:loadSnapshot(240)) - group-67431DBC43D0: The snapshot info is null. Setting the last applied indexto:(t:0, i:~)
2023-01-24 12:22:55,275 [pool-263-thread-1] INFO  server.RaftServerConfigKeys (ConfUtils.java:logGet(46)) - raft.server.log.use.memory = false (default)
2023-01-24 12:22:55,277 [pool-263-thread-1] INFO  server.RaftServerConfigKeys (ConfUtils.java:logGet(46)) - raft.server.log.purge.gap = 1000000 (custom)
2023-01-24 12:22:55,277 [pool-263-thread-1] INFO  server.RaftServerConfigKeys (ConfUtils.java:logGet(46)) - raft.server.log.appender.buffer.byte-limit = 33554432 (custom)
2023-01-24 12:22:55,277 [pool-263-thread-1] INFO  server.RaftServerConfigKeys (ConfUtils.java:logGet(46)) - raft.server.log.statemachine.data.read.timeout = 1000ms (default)
2023-01-24 12:22:55,277 [pool-263-thread-1] INFO  server.RaftServerConfigKeys (ConfUtils.java:logGet(46)) - raft.server.log.purge.preservation.log.num = 0 (default)
2023-01-24 12:22:55,277 [pool-263-thread-1] INFO  server.RaftServerConfigKeys (ConfUtils.java:logGet(46)) - raft.server.log.segment.size.max = 1048576 (custom)
2023-01-24 12:22:55,278 [pool-263-thread-1] INFO  server.RaftServerConfigKeys (ConfUtils.java:logGet(46)) - raft.server.log.segment.cache.num.max = 2 (custom)
2023-01-24 12:22:55,278 [pool-263-thread-1] INFO  server.RaftServerConfigKeys (ConfUtils.java:logGet(46)) - raft.server.log.segment.cache.size.max = 200MB (=209715200) (default)
2023-01-24 12:22:55,278 [pool-263-thread-1] INFO  segmented.SegmentedRaftLogWorker (SegmentedRaftLogWorker.java:<init>(189)) - new f9d7edb3-f6c7-431a-8d5c-722e1f28718f@group-67431DBC43D0-SegmentedRaftLogWorker for RaftStorageImpl:Storage Directory /home/runner/work/ozone/ozone/hadoop-ozone/integration-test/target/test-dir/MiniOzoneClusterImpl-9ddee5dd-a9b0-4f84-bf8c-5f63b859aaaf/datanode-8/data/ratis/653c8973-c5e2-4e13-bfbb-67431dbc43d0
2023-01-24 12:22:55,278 [pool-263-thread-1] INFO  server.RaftServerConfigKeys (ConfUtils.java:logGet(46)) - raft.server.log.queue.byte-limit = 4294967296 (custom)
2023-01-24 12:22:55,278 [pool-263-thread-1] INFO  server.RaftServerConfigKeys (ConfUtils.java:logGet(46)) - raft.server.log.queue.element-limit = 1024 (custom)
2023-01-24 12:22:55,279 [pool-263-thread-1] INFO  server.RaftServerConfigKeys (ConfUtils.java:logGet(46)) - raft.server.log.segment.size.max = 1048576 (custom)
2023-01-24 12:22:55,279 [pool-263-thread-1] INFO  server.RaftServerConfigKeys (ConfUtils.java:logGet(46)) - raft.server.log.preallocated.size = 16384 (custom)
2023-01-24 12:22:55,279 [pool-263-thread-1] INFO  server.RaftServerConfigKeys (ConfUtils.java:logGet(46)) - raft.server.log.force.sync.num = 128 (default)
2023-01-24 12:22:55,279 [pool-263-thread-1] INFO  server.RaftServerConfigKeys (ConfUtils.java:logGet(46)) - raft.server.log.statemachine.data.sync = true (default)
2023-01-24 12:22:55,279 [pool-263-thread-1] INFO  server.RaftServerConfigKeys (ConfUtils.java:logGet(46)) - raft.server.log.statemachine.data.sync.timeout = 10s (default)
2023-01-24 12:22:55,279 [pool-263-thread-1] INFO  server.RaftServerConfigKeys (ConfUtils.java:logGet(46)) - raft.server.log.statemachine.data.sync.timeout.retry = -1 (default)
2023-01-24 12:22:55,280 [pool-263-thread-1] INFO  server.RaftServerConfigKeys (ConfUtils.java:logGet(46)) - raft.server.log.write.buffer.size = 1048576 (custom)
2023-01-24 12:22:55,281 [pool-263-thread-1] INFO  server.RaftServerConfigKeys (ConfUtils.java:logGet(46)) - raft.server.log.appender.buffer.byte-limit = 33554432 (custom)
2023-01-24 12:22:55,283 [pool-263-thread-1] INFO  server.RaftServerConfigKeys (ConfUtils.java:logGet(46)) - raft.server.log.unsafe-flush.enabled = false (default)
2023-01-24 12:22:55,284 [pool-263-thread-1] INFO  server.RaftServerConfigKeys (ConfUtils.java:logGet(46)) - raft.server.log.async-flush.enabled = false (default)
2023-01-24 12:22:55,284 [pool-263-thread-1] INFO  server.RaftServerConfigKeys (ConfUtils.java:logGet(46)) - raft.server.log.statemachine.data.caching.enabled = true (custom)
2023-01-24 12:22:55,284 [pool-263-thread-1] INFO  segmented.SegmentedRaftLogWorker (SegmentedRaftLogWorker.java:lambda$new$0(135)) - f9d7edb3-f6c7-431a-8d5c-722e1f28718f@group-67431DBC43D0-SegmentedRaftLogWorker: flushIndex: setUnconditionally 0 -> -1
2023-01-24 12:22:55,284 [pool-263-thread-1] INFO  segmented.SegmentedRaftLogWorker (SegmentedRaftLogWorker.java:lambda$new$0(135)) - f9d7edb3-f6c7-431a-8d5c-722e1f28718f@group-67431DBC43D0-SegmentedRaftLogWorker: safeCacheEvictIndex: setUnconditionally 0 -> -1
2023-01-24 12:22:55,284 [pool-263-thread-1] INFO  server.RaftServer$Division (RaftServerImpl.java:start(334)) - f9d7edb3-f6c7-431a-8d5c-722e1f28718f@group-67431DBC43D0: start as a follower, conf=-1: peers:[fb483a44-74cc-4237-a554-a68f3575ba39|rpc:10.1.1.14:43379|dataStream:10.1.1.14:37561|priority:1|startupRole:FOLLOWER, f9d7edb3-f6c7-431a-8d5c-722e1f28718f|rpc:10.1.1.14:43465|dataStream:10.1.1.14:46043|priority:0|startupRole:FOLLOWER, cf1032d2-0037-4a0c-94af-232c62b39d0f|rpc:10.1.1.14:45895|dataStream:10.1.1.14:39787|priority:0|startupRole:FOLLOWER]|listeners:[], old=null
2023-01-24 12:22:55,284 [pool-263-thread-1] INFO  server.RaftServer$Division (RaftServerImpl.java:setRole(321)) - f9d7edb3-f6c7-431a-8d5c-722e1f28718f@group-67431DBC43D0: changes role from      null to FOLLOWER at term 0 for startAsFollower
2023-01-24 12:22:55,284 [pool-263-thread-1] INFO  impl.RoleInfo (RoleInfo.java:updateAndGet(139)) - f9d7edb3-f6c7-431a-8d5c-722e1f28718f: start f9d7edb3-f6c7-431a-8d5c-722e1f28718f@group-67431DBC43D0-FollowerState
2023-01-24 12:22:55,284 [f9d7edb3-f6c7-431a-8d5c-722e1f28718f@group-67431DBC43D0-FollowerState] INFO  server.RaftServerConfigKeys (ConfUtils.java:logFallback(53)) - raft.server.rpc.first-election.timeout.min = 5s (fallback to raft.server.rpc.timeout.min)
2023-01-24 12:22:55,285 [f9d7edb3-f6c7-431a-8d5c-722e1f28718f@group-67431DBC43D0-FollowerState] INFO  server.RaftServerConfigKeys (ConfUtils.java:logFallback(53)) - raft.server.rpc.first-election.timeout.max = 5200ms (fallback to raft.server.rpc.timeout.max)
2023-01-24 12:22:55,286 [pool-263-thread-1] INFO  util.JmxRegister (JmxRegister.java:tryRegister(44)) - Successfully registered JMX Bean with object name Ratis:service=RaftServer,group=group-67431DBC43D0,id=f9d7edb3-f6c7-431a-8d5c-722e1f28718f
2023-01-24 12:22:55,286 [pool-263-thread-1] INFO  server.RaftServerConfigKeys (ConfUtils.java:logGet(46)) - raft.server.snapshot.auto.trigger.enabled = true (custom)
2023-01-24 12:22:55,286 [pool-263-thread-1] INFO  server.RaftServerConfigKeys (ConfUtils.java:logGet(46)) - raft.server.snapshot.auto.trigger.threshold = 10000 (custom)
2023-01-24 12:22:55,286 [pool-263-thread-1] INFO  server.RaftServerConfigKeys (ConfUtils.java:logGet(46)) - raft.server.snapshot.retention.file.num = 5 (custom)
2023-01-24 12:22:55,286 [pool-263-thread-1] INFO  server.RaftServerConfigKeys (ConfUtils.java:logGet(46)) - raft.server.log.purge.upto.snapshot.index = false (default)
2023-01-24 12:22:55,292 [Command processor thread] INFO  commandhandler.CreatePipelineCommandHandler (CreatePipelineCommandHandler.java:handle(113)) - Created Pipeline RATIS THREE PipelineID=653c8973-c5e2-4e13-bfbb-67431dbc43d0.
2023-01-24 12:22:55,292 [Command processor thread] INFO  server.RaftServer (RaftServerProxy.java:addNew(96)) - fb483a44-74cc-4237-a554-a68f3575ba39: addNew group-062A915EA520:[fb483a44-74cc-4237-a554-a68f3575ba39|rpc:10.1.1.14:43379|dataStream:10.1.1.14:37561|priority:0|startupRole:FOLLOWER, f9d7edb3-f6c7-431a-8d5c-722e1f28718f|rpc:10.1.1.14:43465|dataStream:10.1.1.14:46043|priority:0|startupRole:FOLLOWER, cf1032d2-0037-4a0c-94af-232c62b39d0f|rpc:10.1.1.14:45895|dataStream:10.1.1.14:39787|priority:1|startupRole:FOLLOWER] returns group-062A915EA520:java.util.concurrent.CompletableFuture@358dbff2[Not completed]
2023-01-24 12:22:55,293 [pool-209-thread-1] INFO  server.RaftServer$Division (RaftServerImpl.java:<init>(195)) - fb483a44-74cc-4237-a554-a68f3575ba39: new RaftServerImpl for group-062A915EA520:[fb483a44-74cc-4237-a554-a68f3575ba39|rpc:10.1.1.14:43379|dataStream:10.1.1.14:37561|priority:0|startupRole:FOLLOWER, f9d7edb3-f6c7-431a-8d5c-722e1f28718f|rpc:10.1.1.14:43465|dataStream:10.1.1.14:46043|priority:0|startupRole:FOLLOWER, cf1032d2-0037-4a0c-94af-232c62b39d0f|rpc:10.1.1.14:45895|dataStream:10.1.1.14:39787|priority:1|startupRole:FOLLOWER] with ContainerStateMachine:uninitialized
2023-01-24 12:22:55,293 [pool-209-thread-1] INFO  server.RaftServerConfigKeys (ConfUtils.java:logGet(46)) - raft.server.rpc.timeout.min = 5s (custom)
2023-01-24 12:22:55,293 [pool-209-thread-1] INFO  server.RaftServerConfigKeys (ConfUtils.java:logGet(46)) - raft.server.rpc.timeout.max = 5200ms (custom)
2023-01-24 12:22:55,293 [pool-209-thread-1] INFO  server.RaftServerConfigKeys (ConfUtils.java:logGet(46)) - raft.server.rpc.sleep.time = 25ms (default)
2023-01-24 12:22:55,293 [pool-209-thread-1] INFO  server.RaftServerConfigKeys (ConfUtils.java:logGet(46)) - raft.server.rpc.slowness.timeout = 300s (custom)
2023-01-24 12:22:55,293 [pool-209-thread-1] INFO  server.RaftServerConfigKeys (ConfUtils.java:logGet(46)) - raft.server.leaderelection.leader.step-down.wait-time = 10s (default)
2023-01-24 12:22:55,293 [pool-209-thread-1] INFO  server.RaftServerConfigKeys (ConfUtils.java:logGet(46)) - raft.server.sleep.deviation.threshold = 300ms (default)
2023-01-24 12:22:55,294 [pool-209-thread-1] INFO  server.RaftServer$Division (ServerState.java:<init>(118)) - fb483a44-74cc-4237-a554-a68f3575ba39@group-062A915EA520: ConfigurationManager, init=-1: peers:[fb483a44-74cc-4237-a554-a68f3575ba39|rpc:10.1.1.14:43379|dataStream:10.1.1.14:37561|priority:0|startupRole:FOLLOWER, f9d7edb3-f6c7-431a-8d5c-722e1f28718f|rpc:10.1.1.14:43465|dataStream:10.1.1.14:46043|priority:0|startupRole:FOLLOWER, cf1032d2-0037-4a0c-94af-232c62b39d0f|rpc:10.1.1.14:45895|dataStream:10.1.1.14:39787|priority:1|startupRole:FOLLOWER]|listeners:[], old=null, confs=<EMPTY_MAP>
2023-01-24 12:22:55,294 [pool-209-thread-1] INFO  server.RaftServerConfigKeys (ConfUtils.java:logGet(46)) - raft.server.storage.dir = [/home/runner/work/ozone/ozone/hadoop-ozone/integration-test/target/test-dir/MiniOzoneClusterImpl-9ddee5dd-a9b0-4f84-bf8c-5f63b859aaaf/datanode-6/data/ratis] (custom)
2023-01-24 12:22:55,294 [pool-209-thread-1] INFO  server.RaftServerConfigKeys (ConfUtils.java:logGet(46)) - raft.server.log.corruption.policy = EXCEPTION (default)
2023-01-24 12:22:55,294 [pool-209-thread-1] INFO  server.RaftServerConfigKeys (ConfUtils.java:logGet(46)) - raft.server.storage.free-space.min = 0MB (=0) (default)
2023-01-24 12:22:55,294 [pool-209-thread-1] INFO  server.RaftServerConfigKeys (ConfUtils.java:logGet(46)) - raft.server.notification.no-leader.timeout = 300s (custom)
2023-01-24 12:22:55,294 [pool-209-thread-1] INFO  server.RaftServerConfigKeys (ConfUtils.java:logGet(46)) - raft.server.retrycache.expirytime = 600000ms (custom)
2023-01-24 12:22:55,294 [pool-209-thread-1] INFO  server.RaftServerConfigKeys (ConfUtils.java:logGet(46)) - raft.server.retrycache.statistics.expirytime = 100μs (default)
2023-01-24 12:22:55,295 [pool-209-thread-1] INFO  server.RaftServerConfigKeys (ConfUtils.java:logGet(46)) - raft.server.log.appender.install.snapshot.enabled = false (custom)
2023-01-24 12:22:55,295 [pool-209-thread-1] INFO  server.RaftServerConfigKeys (ConfUtils.java:logGet(46)) - raft.server.threadpool.server.cached = true (default)
2023-01-24 12:22:55,295 [pool-209-thread-1] INFO  server.RaftServerConfigKeys (ConfUtils.java:logGet(46)) - raft.server.threadpool.server.size = 0 (default)
2023-01-24 12:22:55,295 [pool-209-thread-1] INFO  server.RaftServerConfigKeys (ConfUtils.java:logGet(46)) - raft.server.threadpool.client.cached = true (default)
2023-01-24 12:22:55,295 [pool-209-thread-1] INFO  server.RaftServerConfigKeys (ConfUtils.java:logGet(46)) - raft.server.threadpool.client.size = 0 (default)
2023-01-24 12:22:55,295 [pool-209-thread-1] INFO  storage.RaftStorageDirectory (RaftStorageDirectoryImpl.java:analyzeStorage(137)) - The storage directory /home/runner/work/ozone/ozone/hadoop-ozone/integration-test/target/test-dir/MiniOzoneClusterImpl-9ddee5dd-a9b0-4f84-bf8c-5f63b859aaaf/datanode-6/data/ratis/59eac693-4c1f-4474-b9b2-062a915ea520 does not exist. Creating ...
2023-01-24 12:22:55,298 [pool-209-thread-1] INFO  storage.RaftStorageDirectory (RaftStorageDirectoryImpl.java:tryLock(231)) - Lock on /home/runner/work/ozone/ozone/hadoop-ozone/integration-test/target/test-dir/MiniOzoneClusterImpl-9ddee5dd-a9b0-4f84-bf8c-5f63b859aaaf/datanode-6/data/ratis/59eac693-4c1f-4474-b9b2-062a915ea520/in_use.lock acquired by nodename 59439@fv-az83-645
2023-01-24 12:22:55,299 [pool-209-thread-1] INFO  storage.RaftStorage (RaftStorageImpl.java:format(96)) - Storage directory /home/runner/work/ozone/ozone/hadoop-ozone/integration-test/target/test-dir/MiniOzoneClusterImpl-9ddee5dd-a9b0-4f84-bf8c-5f63b859aaaf/datanode-6/data/ratis/59eac693-4c1f-4474-b9b2-062a915ea520 has been successfully formatted.
2023-01-24 12:22:55,300 [pool-209-thread-1] INFO  ratis.ContainerStateMachine (ContainerStateMachine.java:loadSnapshot(240)) - group-062A915EA520: The snapshot info is null. Setting the last applied indexto:(t:0, i:~)
2023-01-24 12:22:55,301 [pool-209-thread-1] INFO  server.RaftServerConfigKeys (ConfUtils.java:logGet(46)) - raft.server.log.use.memory = false (default)
2023-01-24 12:22:55,301 [pool-209-thread-1] INFO  server.RaftServerConfigKeys (ConfUtils.java:logGet(46)) - raft.server.log.purge.gap = 1000000 (custom)
2023-01-24 12:22:55,301 [pool-209-thread-1] INFO  server.RaftServerConfigKeys (ConfUtils.java:logGet(46)) - raft.server.log.appender.buffer.byte-limit = 33554432 (custom)
2023-01-24 12:22:55,301 [pool-209-thread-1] INFO  server.RaftServerConfigKeys (ConfUtils.java:logGet(46)) - raft.server.log.statemachine.data.read.timeout = 1000ms (default)
2023-01-24 12:22:55,301 [EventQueue-OpenPipelineForHealthyPipelineSafeModeRule] INFO  safemode.SCMSafeModeManager (HealthyPipelineSafeModeRule.java:process(137)) - SCM in safe mode. Healthy pipelines reported count is 0, required healthy pipeline reported count is 1
2023-01-24 12:22:55,307 [pool-209-thread-1] INFO  server.RaftServerConfigKeys (ConfUtils.java:logGet(46)) - raft.server.log.purge.preservation.log.num = 0 (default)
2023-01-24 12:22:55,307 [pool-209-thread-1] INFO  server.RaftServerConfigKeys (ConfUtils.java:logGet(46)) - raft.server.log.segment.size.max = 1048576 (custom)
2023-01-24 12:22:55,307 [pool-209-thread-1] INFO  server.RaftServerConfigKeys (ConfUtils.java:logGet(46)) - raft.server.log.segment.cache.num.max = 2 (custom)
2023-01-24 12:22:55,307 [pool-209-thread-1] INFO  server.RaftServerConfigKeys (ConfUtils.java:logGet(46)) - raft.server.log.segment.cache.size.max = 200MB (=209715200) (default)
2023-01-24 12:22:55,307 [pool-209-thread-1] INFO  segmented.SegmentedRaftLogWorker (SegmentedRaftLogWorker.java:<init>(189)) - new fb483a44-74cc-4237-a554-a68f3575ba39@group-062A915EA520-SegmentedRaftLogWorker for RaftStorageImpl:Storage Directory /home/runner/work/ozone/ozone/hadoop-ozone/integration-test/target/test-dir/MiniOzoneClusterImpl-9ddee5dd-a9b0-4f84-bf8c-5f63b859aaaf/datanode-6/data/ratis/59eac693-4c1f-4474-b9b2-062a915ea520
2023-01-24 12:22:55,307 [pool-209-thread-1] INFO  server.RaftServerConfigKeys (ConfUtils.java:logGet(46)) - raft.server.log.queue.byte-limit = 4294967296 (custom)
2023-01-24 12:22:55,307 [pool-209-thread-1] INFO  server.RaftServerConfigKeys (ConfUtils.java:logGet(46)) - raft.server.log.queue.element-limit = 1024 (custom)
2023-01-24 12:22:55,307 [pool-209-thread-1] INFO  server.RaftServerConfigKeys (ConfUtils.java:logGet(46)) - raft.server.log.segment.size.max = 1048576 (custom)
2023-01-24 12:22:55,308 [pool-209-thread-1] INFO  server.RaftServerConfigKeys (ConfUtils.java:logGet(46)) - raft.server.log.preallocated.size = 16384 (custom)
2023-01-24 12:22:55,308 [pool-209-thread-1] INFO  server.RaftServerConfigKeys (ConfUtils.java:logGet(46)) - raft.server.log.force.sync.num = 128 (default)
2023-01-24 12:22:55,308 [pool-209-thread-1] INFO  server.RaftServerConfigKeys (ConfUtils.java:logGet(46)) - raft.server.log.statemachine.data.sync = true (default)
2023-01-24 12:22:55,308 [pool-209-thread-1] INFO  server.RaftServerConfigKeys (ConfUtils.java:logGet(46)) - raft.server.log.statemachine.data.sync.timeout = 10s (default)
2023-01-24 12:22:55,308 [pool-209-thread-1] INFO  server.RaftServerConfigKeys (ConfUtils.java:logGet(46)) - raft.server.log.statemachine.data.sync.timeout.retry = -1 (default)
2023-01-24 12:22:55,308 [pool-209-thread-1] INFO  server.RaftServerConfigKeys (ConfUtils.java:logGet(46)) - raft.server.log.write.buffer.size = 1048576 (custom)
2023-01-24 12:22:55,309 [pool-209-thread-1] INFO  server.RaftServerConfigKeys (ConfUtils.java:logGet(46)) - raft.server.log.appender.buffer.byte-limit = 33554432 (custom)
2023-01-24 12:22:55,312 [pool-209-thread-1] INFO  server.RaftServerConfigKeys (ConfUtils.java:logGet(46)) - raft.server.log.unsafe-flush.enabled = false (default)
2023-01-24 12:22:55,312 [pool-209-thread-1] INFO  server.RaftServerConfigKeys (ConfUtils.java:logGet(46)) - raft.server.log.async-flush.enabled = false (default)
2023-01-24 12:22:55,312 [pool-209-thread-1] INFO  server.RaftServerConfigKeys (ConfUtils.java:logGet(46)) - raft.server.log.statemachine.data.caching.enabled = true (custom)
2023-01-24 12:22:55,312 [pool-209-thread-1] INFO  segmented.SegmentedRaftLogWorker (SegmentedRaftLogWorker.java:lambda$new$0(135)) - fb483a44-74cc-4237-a554-a68f3575ba39@group-062A915EA520-SegmentedRaftLogWorker: flushIndex: setUnconditionally 0 -> -1
2023-01-24 12:22:55,312 [pool-209-thread-1] INFO  segmented.SegmentedRaftLogWorker (SegmentedRaftLogWorker.java:lambda$new$0(135)) - fb483a44-74cc-4237-a554-a68f3575ba39@group-062A915EA520-SegmentedRaftLogWorker: safeCacheEvictIndex: setUnconditionally 0 -> -1
2023-01-24 12:22:55,312 [pool-209-thread-1] INFO  server.RaftServer$Division (RaftServerImpl.java:start(334)) - fb483a44-74cc-4237-a554-a68f3575ba39@group-062A915EA520: start as a follower, conf=-1: peers:[fb483a44-74cc-4237-a554-a68f3575ba39|rpc:10.1.1.14:43379|dataStream:10.1.1.14:37561|priority:0|startupRole:FOLLOWER, f9d7edb3-f6c7-431a-8d5c-722e1f28718f|rpc:10.1.1.14:43465|dataStream:10.1.1.14:46043|priority:0|startupRole:FOLLOWER, cf1032d2-0037-4a0c-94af-232c62b39d0f|rpc:10.1.1.14:45895|dataStream:10.1.1.14:39787|priority:1|startupRole:FOLLOWER]|listeners:[], old=null
2023-01-24 12:22:55,312 [pool-209-thread-1] INFO  server.RaftServer$Division (RaftServerImpl.java:setRole(321)) - fb483a44-74cc-4237-a554-a68f3575ba39@group-062A915EA520: changes role from      null to FOLLOWER at term 0 for startAsFollower
2023-01-24 12:22:55,312 [pool-209-thread-1] INFO  impl.RoleInfo (RoleInfo.java:updateAndGet(139)) - fb483a44-74cc-4237-a554-a68f3575ba39: start fb483a44-74cc-4237-a554-a68f3575ba39@group-062A915EA520-FollowerState
2023-01-24 12:22:55,313 [pool-209-thread-1] INFO  util.JmxRegister (JmxRegister.java:tryRegister(44)) - Successfully registered JMX Bean with object name Ratis:service=RaftServer,group=group-062A915EA520,id=fb483a44-74cc-4237-a554-a68f3575ba39
2023-01-24 12:22:55,313 [pool-209-thread-1] INFO  server.RaftServerConfigKeys (ConfUtils.java:logGet(46)) - raft.server.snapshot.auto.trigger.enabled = true (custom)
2023-01-24 12:22:55,313 [pool-209-thread-1] INFO  server.RaftServerConfigKeys (ConfUtils.java:logGet(46)) - raft.server.snapshot.auto.trigger.threshold = 10000 (custom)
2023-01-24 12:22:55,313 [pool-209-thread-1] INFO  server.RaftServerConfigKeys (ConfUtils.java:logGet(46)) - raft.server.snapshot.retention.file.num = 5 (custom)
2023-01-24 12:22:55,313 [pool-209-thread-1] INFO  server.RaftServerConfigKeys (ConfUtils.java:logGet(46)) - raft.server.log.purge.upto.snapshot.index = false (default)
2023-01-24 12:22:55,313 [fb483a44-74cc-4237-a554-a68f3575ba39@group-062A915EA520-FollowerState] INFO  server.RaftServerConfigKeys (ConfUtils.java:logFallback(53)) - raft.server.rpc.first-election.timeout.min = 5s (fallback to raft.server.rpc.timeout.min)
2023-01-24 12:22:55,314 [Command processor thread] INFO  ratis.XceiverServerRatis (XceiverServerRatis.java:addGroup(806)) - Created group PipelineID=59eac693-4c1f-4474-b9b2-062a915ea520
2023-01-24 12:22:55,317 [fb483a44-74cc-4237-a554-a68f3575ba39@group-062A915EA520-FollowerState] INFO  server.RaftServerConfigKeys (ConfUtils.java:logFallback(53)) - raft.server.rpc.first-election.timeout.max = 5200ms (fallback to raft.server.rpc.timeout.max)
2023-01-24 12:22:55,323 [grpc-default-executor-1] INFO  server.RaftServer (RaftServerProxy.java:addNew(96)) - f9d7edb3-f6c7-431a-8d5c-722e1f28718f: addNew group-062A915EA520:[fb483a44-74cc-4237-a554-a68f3575ba39|rpc:10.1.1.14:43379|dataStream:10.1.1.14:37561|priority:0|startupRole:FOLLOWER, f9d7edb3-f6c7-431a-8d5c-722e1f28718f|rpc:10.1.1.14:43465|dataStream:10.1.1.14:46043|priority:0|startupRole:FOLLOWER, cf1032d2-0037-4a0c-94af-232c62b39d0f|rpc:10.1.1.14:45895|dataStream:10.1.1.14:39787|priority:1|startupRole:FOLLOWER] returns group-062A915EA520:java.util.concurrent.CompletableFuture@6a5d1776[Not completed]
2023-01-24 12:22:55,324 [pool-263-thread-1] INFO  server.RaftServer$Division (RaftServerImpl.java:<init>(195)) - f9d7edb3-f6c7-431a-8d5c-722e1f28718f: new RaftServerImpl for group-062A915EA520:[fb483a44-74cc-4237-a554-a68f3575ba39|rpc:10.1.1.14:43379|dataStream:10.1.1.14:37561|priority:0|startupRole:FOLLOWER, f9d7edb3-f6c7-431a-8d5c-722e1f28718f|rpc:10.1.1.14:43465|dataStream:10.1.1.14:46043|priority:0|startupRole:FOLLOWER, cf1032d2-0037-4a0c-94af-232c62b39d0f|rpc:10.1.1.14:45895|dataStream:10.1.1.14:39787|priority:1|startupRole:FOLLOWER] with ContainerStateMachine:uninitialized
2023-01-24 12:22:55,324 [pool-263-thread-1] INFO  server.RaftServerConfigKeys (ConfUtils.java:logGet(46)) - raft.server.rpc.timeout.min = 5s (custom)
2023-01-24 12:22:55,324 [pool-263-thread-1] INFO  server.RaftServerConfigKeys (ConfUtils.java:logGet(46)) - raft.server.rpc.timeout.max = 5200ms (custom)
2023-01-24 12:22:55,324 [pool-263-thread-1] INFO  server.RaftServerConfigKeys (ConfUtils.java:logGet(46)) - raft.server.rpc.sleep.time = 25ms (default)
2023-01-24 12:22:55,324 [pool-263-thread-1] INFO  server.RaftServerConfigKeys (ConfUtils.java:logGet(46)) - raft.server.rpc.slowness.timeout = 300s (custom)
2023-01-24 12:22:55,324 [pool-263-thread-1] INFO  server.RaftServerConfigKeys (ConfUtils.java:logGet(46)) - raft.server.leaderelection.leader.step-down.wait-time = 10s (default)
2023-01-24 12:22:55,324 [pool-263-thread-1] INFO  server.RaftServerConfigKeys (ConfUtils.java:logGet(46)) - raft.server.sleep.deviation.threshold = 300ms (default)
2023-01-24 12:22:55,324 [pool-263-thread-1] INFO  server.RaftServer$Division (ServerState.java:<init>(118)) - f9d7edb3-f6c7-431a-8d5c-722e1f28718f@group-062A915EA520: ConfigurationManager, init=-1: peers:[fb483a44-74cc-4237-a554-a68f3575ba39|rpc:10.1.1.14:43379|dataStream:10.1.1.14:37561|priority:0|startupRole:FOLLOWER, f9d7edb3-f6c7-431a-8d5c-722e1f28718f|rpc:10.1.1.14:43465|dataStream:10.1.1.14:46043|priority:0|startupRole:FOLLOWER, cf1032d2-0037-4a0c-94af-232c62b39d0f|rpc:10.1.1.14:45895|dataStream:10.1.1.14:39787|priority:1|startupRole:FOLLOWER]|listeners:[], old=null, confs=<EMPTY_MAP>
2023-01-24 12:22:55,324 [pool-263-thread-1] INFO  server.RaftServerConfigKeys (ConfUtils.java:logGet(46)) - raft.server.storage.dir = [/home/runner/work/ozone/ozone/hadoop-ozone/integration-test/target/test-dir/MiniOzoneClusterImpl-9ddee5dd-a9b0-4f84-bf8c-5f63b859aaaf/datanode-8/data/ratis] (custom)
2023-01-24 12:22:55,324 [pool-263-thread-1] INFO  server.RaftServerConfigKeys (ConfUtils.java:logGet(46)) - raft.server.log.corruption.policy = EXCEPTION (default)
2023-01-24 12:22:55,324 [pool-263-thread-1] INFO  server.RaftServerConfigKeys (ConfUtils.java:logGet(46)) - raft.server.storage.free-space.min = 0MB (=0) (default)
2023-01-24 12:22:55,324 [pool-263-thread-1] INFO  server.RaftServerConfigKeys (ConfUtils.java:logGet(46)) - raft.server.notification.no-leader.timeout = 300s (custom)
2023-01-24 12:22:55,324 [pool-263-thread-1] INFO  server.RaftServerConfigKeys (ConfUtils.java:logGet(46)) - raft.server.retrycache.expirytime = 600000ms (custom)
2023-01-24 12:22:55,324 [pool-263-thread-1] INFO  server.RaftServerConfigKeys (ConfUtils.java:logGet(46)) - raft.server.retrycache.statistics.expirytime = 100μs (default)
2023-01-24 12:22:55,326 [pool-263-thread-1] INFO  server.RaftServerConfigKeys (ConfUtils.java:logGet(46)) - raft.server.log.appender.install.snapshot.enabled = false (custom)
2023-01-24 12:22:55,326 [pool-263-thread-1] INFO  server.RaftServerConfigKeys (ConfUtils.java:logGet(46)) - raft.server.threadpool.server.cached = true (default)
2023-01-24 12:22:55,326 [pool-263-thread-1] INFO  server.RaftServerConfigKeys (ConfUtils.java:logGet(46)) - raft.server.threadpool.server.size = 0 (default)
2023-01-24 12:22:55,326 [pool-263-thread-1] INFO  server.RaftServerConfigKeys (ConfUtils.java:logGet(46)) - raft.server.threadpool.client.cached = true (default)
2023-01-24 12:22:55,326 [pool-263-thread-1] INFO  server.RaftServerConfigKeys (ConfUtils.java:logGet(46)) - raft.server.threadpool.client.size = 0 (default)
2023-01-24 12:22:55,326 [pool-263-thread-1] INFO  storage.RaftStorageDirectory (RaftStorageDirectoryImpl.java:analyzeStorage(137)) - The storage directory /home/runner/work/ozone/ozone/hadoop-ozone/integration-test/target/test-dir/MiniOzoneClusterImpl-9ddee5dd-a9b0-4f84-bf8c-5f63b859aaaf/datanode-8/data/ratis/59eac693-4c1f-4474-b9b2-062a915ea520 does not exist. Creating ...
2023-01-24 12:22:55,327 [pool-263-thread-1] INFO  storage.RaftStorageDirectory (RaftStorageDirectoryImpl.java:tryLock(231)) - Lock on /home/runner/work/ozone/ozone/hadoop-ozone/integration-test/target/test-dir/MiniOzoneClusterImpl-9ddee5dd-a9b0-4f84-bf8c-5f63b859aaaf/datanode-8/data/ratis/59eac693-4c1f-4474-b9b2-062a915ea520/in_use.lock acquired by nodename 59439@fv-az83-645
2023-01-24 12:22:55,328 [pool-263-thread-1] INFO  storage.RaftStorage (RaftStorageImpl.java:format(96)) - Storage directory /home/runner/work/ozone/ozone/hadoop-ozone/integration-test/target/test-dir/MiniOzoneClusterImpl-9ddee5dd-a9b0-4f84-bf8c-5f63b859aaaf/datanode-8/data/ratis/59eac693-4c1f-4474-b9b2-062a915ea520 has been successfully formatted.
2023-01-24 12:22:55,329 [pool-263-thread-1] INFO  ratis.ContainerStateMachine (ContainerStateMachine.java:loadSnapshot(240)) - group-062A915EA520: The snapshot info is null. Setting the last applied indexto:(t:0, i:~)
2023-01-24 12:22:55,329 [pool-263-thread-1] INFO  server.RaftServerConfigKeys (ConfUtils.java:logGet(46)) - raft.server.log.use.memory = false (default)
2023-01-24 12:22:55,329 [pool-263-thread-1] INFO  server.RaftServerConfigKeys (ConfUtils.java:logGet(46)) - raft.server.log.purge.gap = 1000000 (custom)
2023-01-24 12:22:55,331 [pool-263-thread-1] INFO  server.RaftServerConfigKeys (ConfUtils.java:logGet(46)) - raft.server.log.appender.buffer.byte-limit = 33554432 (custom)
2023-01-24 12:22:55,331 [pool-263-thread-1] INFO  server.RaftServerConfigKeys (ConfUtils.java:logGet(46)) - raft.server.log.statemachine.data.read.timeout = 1000ms (default)
2023-01-24 12:22:55,331 [pool-263-thread-1] INFO  server.RaftServerConfigKeys (ConfUtils.java:logGet(46)) - raft.server.log.purge.preservation.log.num = 0 (default)
2023-01-24 12:22:55,331 [pool-263-thread-1] INFO  server.RaftServerConfigKeys (ConfUtils.java:logGet(46)) - raft.server.log.segment.size.max = 1048576 (custom)
2023-01-24 12:22:55,332 [pool-263-thread-1] INFO  server.RaftServerConfigKeys (ConfUtils.java:logGet(46)) - raft.server.log.segment.cache.num.max = 2 (custom)
2023-01-24 12:22:55,332 [pool-263-thread-1] INFO  server.RaftServerConfigKeys (ConfUtils.java:logGet(46)) - raft.server.log.segment.cache.size.max = 200MB (=209715200) (default)
2023-01-24 12:22:55,332 [pool-263-thread-1] INFO  segmented.SegmentedRaftLogWorker (SegmentedRaftLogWorker.java:<init>(189)) - new f9d7edb3-f6c7-431a-8d5c-722e1f28718f@group-062A915EA520-SegmentedRaftLogWorker for RaftStorageImpl:Storage Directory /home/runner/work/ozone/ozone/hadoop-ozone/integration-test/target/test-dir/MiniOzoneClusterImpl-9ddee5dd-a9b0-4f84-bf8c-5f63b859aaaf/datanode-8/data/ratis/59eac693-4c1f-4474-b9b2-062a915ea520
2023-01-24 12:22:55,332 [pool-263-thread-1] INFO  server.RaftServerConfigKeys (ConfUtils.java:logGet(46)) - raft.server.log.queue.byte-limit = 4294967296 (custom)
2023-01-24 12:22:55,332 [pool-263-thread-1] INFO  server.RaftServerConfigKeys (ConfUtils.java:logGet(46)) - raft.server.log.queue.element-limit = 1024 (custom)
2023-01-24 12:22:55,332 [pool-263-thread-1] INFO  server.RaftServerConfigKeys (ConfUtils.java:logGet(46)) - raft.server.log.segment.size.max = 1048576 (custom)
2023-01-24 12:22:55,332 [pool-263-thread-1] INFO  server.RaftServerConfigKeys (ConfUtils.java:logGet(46)) - raft.server.log.preallocated.size = 16384 (custom)
2023-01-24 12:22:55,332 [pool-263-thread-1] INFO  server.RaftServerConfigKeys (ConfUtils.java:logGet(46)) - raft.server.log.force.sync.num = 128 (default)
2023-01-24 12:22:55,333 [pool-263-thread-1] INFO  server.RaftServerConfigKeys (ConfUtils.java:logGet(46)) - raft.server.log.statemachine.data.sync = true (default)
2023-01-24 12:22:55,333 [pool-263-thread-1] INFO  server.RaftServerConfigKeys (ConfUtils.java:logGet(46)) - raft.server.log.statemachine.data.sync.timeout = 10s (default)
2023-01-24 12:22:55,333 [pool-263-thread-1] INFO  server.RaftServerConfigKeys (ConfUtils.java:logGet(46)) - raft.server.log.statemachine.data.sync.timeout.retry = -1 (default)
2023-01-24 12:22:55,333 [pool-263-thread-1] INFO  server.RaftServerConfigKeys (ConfUtils.java:logGet(46)) - raft.server.log.write.buffer.size = 1048576 (custom)
2023-01-24 12:22:55,334 [pool-263-thread-1] INFO  server.RaftServerConfigKeys (ConfUtils.java:logGet(46)) - raft.server.log.appender.buffer.byte-limit = 33554432 (custom)
2023-01-24 12:22:55,337 [pool-263-thread-1] INFO  server.RaftServerConfigKeys (ConfUtils.java:logGet(46)) - raft.server.log.unsafe-flush.enabled = false (default)
2023-01-24 12:22:55,337 [pool-263-thread-1] INFO  server.RaftServerConfigKeys (ConfUtils.java:logGet(46)) - raft.server.log.async-flush.enabled = false (default)
2023-01-24 12:22:55,337 [pool-263-thread-1] INFO  server.RaftServerConfigKeys (ConfUtils.java:logGet(46)) - raft.server.log.statemachine.data.caching.enabled = true (custom)
2023-01-24 12:22:55,338 [pool-263-thread-1] INFO  segmented.SegmentedRaftLogWorker (SegmentedRaftLogWorker.java:lambda$new$0(135)) - f9d7edb3-f6c7-431a-8d5c-722e1f28718f@group-062A915EA520-SegmentedRaftLogWorker: flushIndex: setUnconditionally 0 -> -1
2023-01-24 12:22:55,338 [pool-263-thread-1] INFO  segmented.SegmentedRaftLogWorker (SegmentedRaftLogWorker.java:lambda$new$0(135)) - f9d7edb3-f6c7-431a-8d5c-722e1f28718f@group-062A915EA520-SegmentedRaftLogWorker: safeCacheEvictIndex: setUnconditionally 0 -> -1
2023-01-24 12:22:55,338 [pool-263-thread-1] INFO  server.RaftServer$Division (RaftServerImpl.java:start(334)) - f9d7edb3-f6c7-431a-8d5c-722e1f28718f@group-062A915EA520: start as a follower, conf=-1: peers:[fb483a44-74cc-4237-a554-a68f3575ba39|rpc:10.1.1.14:43379|dataStream:10.1.1.14:37561|priority:0|startupRole:FOLLOWER, f9d7edb3-f6c7-431a-8d5c-722e1f28718f|rpc:10.1.1.14:43465|dataStream:10.1.1.14:46043|priority:0|startupRole:FOLLOWER, cf1032d2-0037-4a0c-94af-232c62b39d0f|rpc:10.1.1.14:45895|dataStream:10.1.1.14:39787|priority:1|startupRole:FOLLOWER]|listeners:[], old=null
2023-01-24 12:22:55,338 [pool-263-thread-1] INFO  server.RaftServer$Division (RaftServerImpl.java:setRole(321)) - f9d7edb3-f6c7-431a-8d5c-722e1f28718f@group-062A915EA520: changes role from      null to FOLLOWER at term 0 for startAsFollower
2023-01-24 12:22:55,338 [pool-263-thread-1] INFO  impl.RoleInfo (RoleInfo.java:updateAndGet(139)) - f9d7edb3-f6c7-431a-8d5c-722e1f28718f: start f9d7edb3-f6c7-431a-8d5c-722e1f28718f@group-062A915EA520-FollowerState
2023-01-24 12:22:55,338 [pool-263-thread-1] INFO  util.JmxRegister (JmxRegister.java:tryRegister(44)) - Successfully registered JMX Bean with object name Ratis:service=RaftServer,group=group-062A915EA520,id=f9d7edb3-f6c7-431a-8d5c-722e1f28718f
2023-01-24 12:22:55,338 [pool-263-thread-1] INFO  server.RaftServerConfigKeys (ConfUtils.java:logGet(46)) - raft.server.snapshot.auto.trigger.enabled = true (custom)
2023-01-24 12:22:55,338 [pool-263-thread-1] INFO  server.RaftServerConfigKeys (ConfUtils.java:logGet(46)) - raft.server.snapshot.auto.trigger.threshold = 10000 (custom)
2023-01-24 12:22:55,338 [pool-263-thread-1] INFO  server.RaftServerConfigKeys (ConfUtils.java:logGet(46)) - raft.server.snapshot.retention.file.num = 5 (custom)
2023-01-24 12:22:55,338 [pool-263-thread-1] INFO  server.RaftServerConfigKeys (ConfUtils.java:logGet(46)) - raft.server.log.purge.upto.snapshot.index = false (default)
2023-01-24 12:22:55,339 [f9d7edb3-f6c7-431a-8d5c-722e1f28718f@group-062A915EA520-FollowerState] INFO  server.RaftServerConfigKeys (ConfUtils.java:logFallback(53)) - raft.server.rpc.first-election.timeout.min = 5s (fallback to raft.server.rpc.timeout.min)
2023-01-24 12:22:55,347 [f9d7edb3-f6c7-431a-8d5c-722e1f28718f@group-062A915EA520-FollowerState] INFO  server.RaftServerConfigKeys (ConfUtils.java:logFallback(53)) - raft.server.rpc.first-election.timeout.max = 5200ms (fallback to raft.server.rpc.timeout.max)
2023-01-24 12:22:55,363 [grpc-default-executor-1] INFO  server.RaftServer (RaftServerProxy.java:addNew(96)) - cf1032d2-0037-4a0c-94af-232c62b39d0f: addNew group-062A915EA520:[fb483a44-74cc-4237-a554-a68f3575ba39|rpc:10.1.1.14:43379|dataStream:10.1.1.14:37561|priority:0|startupRole:FOLLOWER, f9d7edb3-f6c7-431a-8d5c-722e1f28718f|rpc:10.1.1.14:43465|dataStream:10.1.1.14:46043|priority:0|startupRole:FOLLOWER, cf1032d2-0037-4a0c-94af-232c62b39d0f|rpc:10.1.1.14:45895|dataStream:10.1.1.14:39787|priority:1|startupRole:FOLLOWER] returns group-062A915EA520:java.util.concurrent.CompletableFuture@550c85c9[Not completed]
2023-01-24 12:22:55,364 [pool-236-thread-1] INFO  server.RaftServer$Division (RaftServerImpl.java:<init>(195)) - cf1032d2-0037-4a0c-94af-232c62b39d0f: new RaftServerImpl for group-062A915EA520:[fb483a44-74cc-4237-a554-a68f3575ba39|rpc:10.1.1.14:43379|dataStream:10.1.1.14:37561|priority:0|startupRole:FOLLOWER, f9d7edb3-f6c7-431a-8d5c-722e1f28718f|rpc:10.1.1.14:43465|dataStream:10.1.1.14:46043|priority:0|startupRole:FOLLOWER, cf1032d2-0037-4a0c-94af-232c62b39d0f|rpc:10.1.1.14:45895|dataStream:10.1.1.14:39787|priority:1|startupRole:FOLLOWER] with ContainerStateMachine:uninitialized
2023-01-24 12:22:55,364 [pool-236-thread-1] INFO  server.RaftServerConfigKeys (ConfUtils.java:logGet(46)) - raft.server.rpc.timeout.min = 5s (custom)
2023-01-24 12:22:55,364 [pool-236-thread-1] INFO  server.RaftServerConfigKeys (ConfUtils.java:logGet(46)) - raft.server.rpc.timeout.max = 5200ms (custom)
2023-01-24 12:22:55,364 [pool-236-thread-1] INFO  server.RaftServerConfigKeys (ConfUtils.java:logGet(46)) - raft.server.rpc.sleep.time = 25ms (default)
2023-01-24 12:22:55,364 [pool-236-thread-1] INFO  server.RaftServerConfigKeys (ConfUtils.java:logGet(46)) - raft.server.rpc.slowness.timeout = 300s (custom)
2023-01-24 12:22:55,364 [pool-236-thread-1] INFO  server.RaftServerConfigKeys (ConfUtils.java:logGet(46)) - raft.server.leaderelection.leader.step-down.wait-time = 10s (default)
2023-01-24 12:22:55,364 [pool-236-thread-1] INFO  server.RaftServerConfigKeys (ConfUtils.java:logGet(46)) - raft.server.sleep.deviation.threshold = 300ms (default)
2023-01-24 12:22:55,364 [pool-236-thread-1] INFO  server.RaftServer$Division (ServerState.java:<init>(118)) - cf1032d2-0037-4a0c-94af-232c62b39d0f@group-062A915EA520: ConfigurationManager, init=-1: peers:[fb483a44-74cc-4237-a554-a68f3575ba39|rpc:10.1.1.14:43379|dataStream:10.1.1.14:37561|priority:0|startupRole:FOLLOWER, f9d7edb3-f6c7-431a-8d5c-722e1f28718f|rpc:10.1.1.14:43465|dataStream:10.1.1.14:46043|priority:0|startupRole:FOLLOWER, cf1032d2-0037-4a0c-94af-232c62b39d0f|rpc:10.1.1.14:45895|dataStream:10.1.1.14:39787|priority:1|startupRole:FOLLOWER]|listeners:[], old=null, confs=<EMPTY_MAP>
2023-01-24 12:22:55,364 [pool-236-thread-1] INFO  server.RaftServerConfigKeys (ConfUtils.java:logGet(46)) - raft.server.storage.dir = [/home/runner/work/ozone/ozone/hadoop-ozone/integration-test/target/test-dir/MiniOzoneClusterImpl-9ddee5dd-a9b0-4f84-bf8c-5f63b859aaaf/datanode-7/data/ratis] (custom)
2023-01-24 12:22:55,364 [pool-236-thread-1] INFO  server.RaftServerConfigKeys (ConfUtils.java:logGet(46)) - raft.server.log.corruption.policy = EXCEPTION (default)
2023-01-24 12:22:55,364 [pool-236-thread-1] INFO  server.RaftServerConfigKeys (ConfUtils.java:logGet(46)) - raft.server.storage.free-space.min = 0MB (=0) (default)
2023-01-24 12:22:55,364 [pool-236-thread-1] INFO  server.RaftServerConfigKeys (ConfUtils.java:logGet(46)) - raft.server.notification.no-leader.timeout = 300s (custom)
2023-01-24 12:22:55,364 [pool-236-thread-1] INFO  server.RaftServerConfigKeys (ConfUtils.java:logGet(46)) - raft.server.retrycache.expirytime = 600000ms (custom)
2023-01-24 12:22:55,365 [pool-236-thread-1] INFO  server.RaftServerConfigKeys (ConfUtils.java:logGet(46)) - raft.server.retrycache.statistics.expirytime = 100μs (default)
2023-01-24 12:22:55,365 [pool-236-thread-1] INFO  server.RaftServerConfigKeys (ConfUtils.java:logGet(46)) - raft.server.log.appender.install.snapshot.enabled = false (custom)
2023-01-24 12:22:55,365 [pool-236-thread-1] INFO  server.RaftServerConfigKeys (ConfUtils.java:logGet(46)) - raft.server.threadpool.server.cached = true (default)
2023-01-24 12:22:55,365 [pool-236-thread-1] INFO  server.RaftServerConfigKeys (ConfUtils.java:logGet(46)) - raft.server.threadpool.server.size = 0 (default)
2023-01-24 12:22:55,366 [pool-236-thread-1] INFO  server.RaftServerConfigKeys (ConfUtils.java:logGet(46)) - raft.server.threadpool.client.cached = true (default)
2023-01-24 12:22:55,366 [pool-236-thread-1] INFO  server.RaftServerConfigKeys (ConfUtils.java:logGet(46)) - raft.server.threadpool.client.size = 0 (default)
2023-01-24 12:22:55,366 [pool-236-thread-1] INFO  storage.RaftStorageDirectory (RaftStorageDirectoryImpl.java:analyzeStorage(137)) - The storage directory /home/runner/work/ozone/ozone/hadoop-ozone/integration-test/target/test-dir/MiniOzoneClusterImpl-9ddee5dd-a9b0-4f84-bf8c-5f63b859aaaf/datanode-7/data/ratis/59eac693-4c1f-4474-b9b2-062a915ea520 does not exist. Creating ...
2023-01-24 12:22:55,367 [pool-236-thread-1] INFO  storage.RaftStorageDirectory (RaftStorageDirectoryImpl.java:tryLock(231)) - Lock on /home/runner/work/ozone/ozone/hadoop-ozone/integration-test/target/test-dir/MiniOzoneClusterImpl-9ddee5dd-a9b0-4f84-bf8c-5f63b859aaaf/datanode-7/data/ratis/59eac693-4c1f-4474-b9b2-062a915ea520/in_use.lock acquired by nodename 59439@fv-az83-645
2023-01-24 12:22:55,368 [pool-236-thread-1] INFO  storage.RaftStorage (RaftStorageImpl.java:format(96)) - Storage directory /home/runner/work/ozone/ozone/hadoop-ozone/integration-test/target/test-dir/MiniOzoneClusterImpl-9ddee5dd-a9b0-4f84-bf8c-5f63b859aaaf/datanode-7/data/ratis/59eac693-4c1f-4474-b9b2-062a915ea520 has been successfully formatted.
2023-01-24 12:22:55,370 [pool-236-thread-1] INFO  ratis.ContainerStateMachine (ContainerStateMachine.java:loadSnapshot(240)) - group-062A915EA520: The snapshot info is null. Setting the last applied indexto:(t:0, i:~)
2023-01-24 12:22:55,370 [pool-236-thread-1] INFO  server.RaftServerConfigKeys (ConfUtils.java:logGet(46)) - raft.server.log.use.memory = false (default)
2023-01-24 12:22:55,370 [pool-236-thread-1] INFO  server.RaftServerConfigKeys (ConfUtils.java:logGet(46)) - raft.server.log.purge.gap = 1000000 (custom)
2023-01-24 12:22:55,370 [pool-236-thread-1] INFO  server.RaftServerConfigKeys (ConfUtils.java:logGet(46)) - raft.server.log.appender.buffer.byte-limit = 33554432 (custom)
2023-01-24 12:22:55,370 [pool-236-thread-1] INFO  server.RaftServerConfigKeys (ConfUtils.java:logGet(46)) - raft.server.log.statemachine.data.read.timeout = 1000ms (default)
2023-01-24 12:22:55,370 [pool-236-thread-1] INFO  server.RaftServerConfigKeys (ConfUtils.java:logGet(46)) - raft.server.log.purge.preservation.log.num = 0 (default)
2023-01-24 12:22:55,370 [pool-236-thread-1] INFO  server.RaftServerConfigKeys (ConfUtils.java:logGet(46)) - raft.server.log.segment.size.max = 1048576 (custom)
2023-01-24 12:22:55,370 [pool-236-thread-1] INFO  server.RaftServerConfigKeys (ConfUtils.java:logGet(46)) - raft.server.log.segment.cache.num.max = 2 (custom)
2023-01-24 12:22:55,370 [pool-236-thread-1] INFO  server.RaftServerConfigKeys (ConfUtils.java:logGet(46)) - raft.server.log.segment.cache.size.max = 200MB (=209715200) (default)
2023-01-24 12:22:55,370 [pool-236-thread-1] INFO  segmented.SegmentedRaftLogWorker (SegmentedRaftLogWorker.java:<init>(189)) - new cf1032d2-0037-4a0c-94af-232c62b39d0f@group-062A915EA520-SegmentedRaftLogWorker for RaftStorageImpl:Storage Directory /home/runner/work/ozone/ozone/hadoop-ozone/integration-test/target/test-dir/MiniOzoneClusterImpl-9ddee5dd-a9b0-4f84-bf8c-5f63b859aaaf/datanode-7/data/ratis/59eac693-4c1f-4474-b9b2-062a915ea520
2023-01-24 12:22:55,371 [pool-236-thread-1] INFO  server.RaftServerConfigKeys (ConfUtils.java:logGet(46)) - raft.server.log.queue.byte-limit = 4294967296 (custom)
2023-01-24 12:22:55,371 [pool-236-thread-1] INFO  server.RaftServerConfigKeys (ConfUtils.java:logGet(46)) - raft.server.log.queue.element-limit = 1024 (custom)
2023-01-24 12:22:55,371 [pool-236-thread-1] INFO  server.RaftServerConfigKeys (ConfUtils.java:logGet(46)) - raft.server.log.segment.size.max = 1048576 (custom)
2023-01-24 12:22:55,371 [pool-236-thread-1] INFO  server.RaftServerConfigKeys (ConfUtils.java:logGet(46)) - raft.server.log.preallocated.size = 16384 (custom)
2023-01-24 12:22:55,371 [pool-236-thread-1] INFO  server.RaftServerConfigKeys (ConfUtils.java:logGet(46)) - raft.server.log.force.sync.num = 128 (default)
2023-01-24 12:22:55,371 [pool-236-thread-1] INFO  server.RaftServerConfigKeys (ConfUtils.java:logGet(46)) - raft.server.log.statemachine.data.sync = true (default)
2023-01-24 12:22:55,371 [pool-236-thread-1] INFO  server.RaftServerConfigKeys (ConfUtils.java:logGet(46)) - raft.server.log.statemachine.data.sync.timeout = 10s (default)
2023-01-24 12:22:55,371 [pool-236-thread-1] INFO  server.RaftServerConfigKeys (ConfUtils.java:logGet(46)) - raft.server.log.statemachine.data.sync.timeout.retry = -1 (default)
2023-01-24 12:22:55,372 [pool-236-thread-1] INFO  server.RaftServerConfigKeys (ConfUtils.java:logGet(46)) - raft.server.log.write.buffer.size = 1048576 (custom)
2023-01-24 12:22:55,372 [pool-236-thread-1] INFO  server.RaftServerConfigKeys (ConfUtils.java:logGet(46)) - raft.server.log.appender.buffer.byte-limit = 33554432 (custom)
2023-01-24 12:22:55,376 [pool-236-thread-1] INFO  server.RaftServerConfigKeys (ConfUtils.java:logGet(46)) - raft.server.log.unsafe-flush.enabled = false (default)
2023-01-24 12:22:55,377 [pool-236-thread-1] INFO  server.RaftServerConfigKeys (ConfUtils.java:logGet(46)) - raft.server.log.async-flush.enabled = false (default)
2023-01-24 12:22:55,377 [pool-236-thread-1] INFO  server.RaftServerConfigKeys (ConfUtils.java:logGet(46)) - raft.server.log.statemachine.data.caching.enabled = true (custom)
2023-01-24 12:22:55,377 [pool-236-thread-1] INFO  segmented.SegmentedRaftLogWorker (SegmentedRaftLogWorker.java:lambda$new$0(135)) - cf1032d2-0037-4a0c-94af-232c62b39d0f@group-062A915EA520-SegmentedRaftLogWorker: flushIndex: setUnconditionally 0 -> -1
2023-01-24 12:22:55,377 [pool-236-thread-1] INFO  segmented.SegmentedRaftLogWorker (SegmentedRaftLogWorker.java:lambda$new$0(135)) - cf1032d2-0037-4a0c-94af-232c62b39d0f@group-062A915EA520-SegmentedRaftLogWorker: safeCacheEvictIndex: setUnconditionally 0 -> -1
2023-01-24 12:22:55,377 [pool-236-thread-1] INFO  server.RaftServer$Division (RaftServerImpl.java:start(334)) - cf1032d2-0037-4a0c-94af-232c62b39d0f@group-062A915EA520: start as a follower, conf=-1: peers:[fb483a44-74cc-4237-a554-a68f3575ba39|rpc:10.1.1.14:43379|dataStream:10.1.1.14:37561|priority:0|startupRole:FOLLOWER, f9d7edb3-f6c7-431a-8d5c-722e1f28718f|rpc:10.1.1.14:43465|dataStream:10.1.1.14:46043|priority:0|startupRole:FOLLOWER, cf1032d2-0037-4a0c-94af-232c62b39d0f|rpc:10.1.1.14:45895|dataStream:10.1.1.14:39787|priority:1|startupRole:FOLLOWER]|listeners:[], old=null
2023-01-24 12:22:55,377 [pool-236-thread-1] INFO  server.RaftServer$Division (RaftServerImpl.java:setRole(321)) - cf1032d2-0037-4a0c-94af-232c62b39d0f@group-062A915EA520: changes role from      null to FOLLOWER at term 0 for startAsFollower
2023-01-24 12:22:55,377 [pool-236-thread-1] INFO  impl.RoleInfo (RoleInfo.java:updateAndGet(139)) - cf1032d2-0037-4a0c-94af-232c62b39d0f: start cf1032d2-0037-4a0c-94af-232c62b39d0f@group-062A915EA520-FollowerState
2023-01-24 12:22:55,378 [pool-236-thread-1] INFO  util.JmxRegister (JmxRegister.java:tryRegister(44)) - Successfully registered JMX Bean with object name Ratis:service=RaftServer,group=group-062A915EA520,id=cf1032d2-0037-4a0c-94af-232c62b39d0f
2023-01-24 12:22:55,378 [pool-236-thread-1] INFO  server.RaftServerConfigKeys (ConfUtils.java:logGet(46)) - raft.server.snapshot.auto.trigger.enabled = true (custom)
2023-01-24 12:22:55,378 [pool-236-thread-1] INFO  server.RaftServerConfigKeys (ConfUtils.java:logGet(46)) - raft.server.snapshot.auto.trigger.threshold = 10000 (custom)
2023-01-24 12:22:55,378 [pool-236-thread-1] INFO  server.RaftServerConfigKeys (ConfUtils.java:logGet(46)) - raft.server.snapshot.retention.file.num = 5 (custom)
2023-01-24 12:22:55,378 [pool-236-thread-1] INFO  server.RaftServerConfigKeys (ConfUtils.java:logGet(46)) - raft.server.log.purge.upto.snapshot.index = false (default)
2023-01-24 12:22:55,379 [cf1032d2-0037-4a0c-94af-232c62b39d0f@group-062A915EA520-FollowerState] INFO  server.RaftServerConfigKeys (ConfUtils.java:logFallback(53)) - raft.server.rpc.first-election.timeout.min = 5s (fallback to raft.server.rpc.timeout.min)
2023-01-24 12:22:55,386 [cf1032d2-0037-4a0c-94af-232c62b39d0f@group-062A915EA520-FollowerState] INFO  server.RaftServerConfigKeys (ConfUtils.java:logFallback(53)) - raft.server.rpc.first-election.timeout.max = 5200ms (fallback to raft.server.rpc.timeout.max)
2023-01-24 12:22:55,396 [Command processor thread] INFO  commandhandler.CreatePipelineCommandHandler (CreatePipelineCommandHandler.java:handle(113)) - Created Pipeline RATIS THREE PipelineID=59eac693-4c1f-4474-b9b2-062a915ea520.
2023-01-24 12:22:55,564 [Command processor thread] INFO  server.RaftServer (RaftServerProxy.java:addNew(96)) - cf1032d2-0037-4a0c-94af-232c62b39d0f: addNew group-40958CFD57C9:[cf1032d2-0037-4a0c-94af-232c62b39d0f|rpc:10.1.1.14:45895|dataStream:10.1.1.14:39787|priority:1|startupRole:FOLLOWER] returns group-40958CFD57C9:java.util.concurrent.CompletableFuture@1a1e58d6[Not completed]
2023-01-24 12:22:55,565 [pool-236-thread-1] INFO  server.RaftServer$Division (RaftServerImpl.java:<init>(195)) - cf1032d2-0037-4a0c-94af-232c62b39d0f: new RaftServerImpl for group-40958CFD57C9:[cf1032d2-0037-4a0c-94af-232c62b39d0f|rpc:10.1.1.14:45895|dataStream:10.1.1.14:39787|priority:1|startupRole:FOLLOWER] with ContainerStateMachine:uninitialized
2023-01-24 12:22:55,565 [pool-236-thread-1] INFO  server.RaftServerConfigKeys (ConfUtils.java:logGet(46)) - raft.server.rpc.timeout.min = 5s (custom)
2023-01-24 12:22:55,565 [pool-236-thread-1] INFO  server.RaftServerConfigKeys (ConfUtils.java:logGet(46)) - raft.server.rpc.timeout.max = 5200ms (custom)
2023-01-24 12:22:55,565 [pool-236-thread-1] INFO  server.RaftServerConfigKeys (ConfUtils.java:logGet(46)) - raft.server.rpc.sleep.time = 25ms (default)
2023-01-24 12:22:55,565 [pool-236-thread-1] INFO  server.RaftServerConfigKeys (ConfUtils.java:logGet(46)) - raft.server.rpc.slowness.timeout = 300s (custom)
2023-01-24 12:22:55,565 [pool-236-thread-1] INFO  server.RaftServerConfigKeys (ConfUtils.java:logGet(46)) - raft.server.leaderelection.leader.step-down.wait-time = 10s (default)
2023-01-24 12:22:55,565 [pool-236-thread-1] INFO  server.RaftServerConfigKeys (ConfUtils.java:logGet(46)) - raft.server.sleep.deviation.threshold = 300ms (default)
2023-01-24 12:22:55,565 [pool-236-thread-1] INFO  server.RaftServer$Division (ServerState.java:<init>(118)) - cf1032d2-0037-4a0c-94af-232c62b39d0f@group-40958CFD57C9: ConfigurationManager, init=-1: peers:[cf1032d2-0037-4a0c-94af-232c62b39d0f|rpc:10.1.1.14:45895|dataStream:10.1.1.14:39787|priority:1|startupRole:FOLLOWER]|listeners:[], old=null, confs=<EMPTY_MAP>
2023-01-24 12:22:55,565 [pool-236-thread-1] INFO  server.RaftServerConfigKeys (ConfUtils.java:logGet(46)) - raft.server.storage.dir = [/home/runner/work/ozone/ozone/hadoop-ozone/integration-test/target/test-dir/MiniOzoneClusterImpl-9ddee5dd-a9b0-4f84-bf8c-5f63b859aaaf/datanode-7/data/ratis] (custom)
2023-01-24 12:22:55,565 [pool-236-thread-1] INFO  server.RaftServerConfigKeys (ConfUtils.java:logGet(46)) - raft.server.log.corruption.policy = EXCEPTION (default)
2023-01-24 12:22:55,565 [pool-236-thread-1] INFO  server.RaftServerConfigKeys (ConfUtils.java:logGet(46)) - raft.server.storage.free-space.min = 0MB (=0) (default)
2023-01-24 12:22:55,565 [pool-236-thread-1] INFO  server.RaftServerConfigKeys (ConfUtils.java:logGet(46)) - raft.server.notification.no-leader.timeout = 300s (custom)
2023-01-24 12:22:55,565 [pool-236-thread-1] INFO  server.RaftServerConfigKeys (ConfUtils.java:logGet(46)) - raft.server.retrycache.expirytime = 600000ms (custom)
2023-01-24 12:22:55,565 [pool-236-thread-1] INFO  server.RaftServerConfigKeys (ConfUtils.java:logGet(46)) - raft.server.retrycache.statistics.expirytime = 100μs (default)
2023-01-24 12:22:55,566 [pool-236-thread-1] INFO  server.RaftServerConfigKeys (ConfUtils.java:logGet(46)) - raft.server.log.appender.install.snapshot.enabled = false (custom)
2023-01-24 12:22:55,567 [pool-236-thread-1] INFO  server.RaftServerConfigKeys (ConfUtils.java:logGet(46)) - raft.server.threadpool.server.cached = true (default)
2023-01-24 12:22:55,567 [pool-236-thread-1] INFO  server.RaftServerConfigKeys (ConfUtils.java:logGet(46)) - raft.server.threadpool.server.size = 0 (default)
2023-01-24 12:22:55,567 [pool-236-thread-1] INFO  server.RaftServerConfigKeys (ConfUtils.java:logGet(46)) - raft.server.threadpool.client.cached = true (default)
2023-01-24 12:22:55,567 [pool-236-thread-1] INFO  server.RaftServerConfigKeys (ConfUtils.java:logGet(46)) - raft.server.threadpool.client.size = 0 (default)
2023-01-24 12:22:55,567 [pool-236-thread-1] INFO  storage.RaftStorageDirectory (RaftStorageDirectoryImpl.java:analyzeStorage(137)) - The storage directory /home/runner/work/ozone/ozone/hadoop-ozone/integration-test/target/test-dir/MiniOzoneClusterImpl-9ddee5dd-a9b0-4f84-bf8c-5f63b859aaaf/datanode-7/data/ratis/f6a3b046-bc13-471d-9aeb-40958cfd57c9 does not exist. Creating ...
2023-01-24 12:22:55,568 [pool-236-thread-1] INFO  storage.RaftStorageDirectory (RaftStorageDirectoryImpl.java:tryLock(231)) - Lock on /home/runner/work/ozone/ozone/hadoop-ozone/integration-test/target/test-dir/MiniOzoneClusterImpl-9ddee5dd-a9b0-4f84-bf8c-5f63b859aaaf/datanode-7/data/ratis/f6a3b046-bc13-471d-9aeb-40958cfd57c9/in_use.lock acquired by nodename 59439@fv-az83-645
2023-01-24 12:22:55,569 [pool-236-thread-1] INFO  storage.RaftStorage (RaftStorageImpl.java:format(96)) - Storage directory /home/runner/work/ozone/ozone/hadoop-ozone/integration-test/target/test-dir/MiniOzoneClusterImpl-9ddee5dd-a9b0-4f84-bf8c-5f63b859aaaf/datanode-7/data/ratis/f6a3b046-bc13-471d-9aeb-40958cfd57c9 has been successfully formatted.
2023-01-24 12:22:55,569 [pool-236-thread-1] INFO  ratis.ContainerStateMachine (ContainerStateMachine.java:loadSnapshot(240)) - group-40958CFD57C9: The snapshot info is null. Setting the last applied indexto:(t:0, i:~)
2023-01-24 12:22:55,569 [pool-236-thread-1] INFO  server.RaftServerConfigKeys (ConfUtils.java:logGet(46)) - raft.server.log.use.memory = false (default)
2023-01-24 12:22:55,569 [pool-236-thread-1] INFO  server.RaftServerConfigKeys (ConfUtils.java:logGet(46)) - raft.server.log.purge.gap = 1000000 (custom)
2023-01-24 12:22:55,569 [pool-236-thread-1] INFO  server.RaftServerConfigKeys (ConfUtils.java:logGet(46)) - raft.server.log.appender.buffer.byte-limit = 33554432 (custom)
2023-01-24 12:22:55,569 [pool-236-thread-1] INFO  server.RaftServerConfigKeys (ConfUtils.java:logGet(46)) - raft.server.log.statemachine.data.read.timeout = 1000ms (default)
2023-01-24 12:22:55,569 [pool-236-thread-1] INFO  server.RaftServerConfigKeys (ConfUtils.java:logGet(46)) - raft.server.log.purge.preservation.log.num = 0 (default)
2023-01-24 12:22:55,569 [pool-236-thread-1] INFO  server.RaftServerConfigKeys (ConfUtils.java:logGet(46)) - raft.server.log.segment.size.max = 1048576 (custom)
2023-01-24 12:22:55,570 [pool-236-thread-1] INFO  server.RaftServerConfigKeys (ConfUtils.java:logGet(46)) - raft.server.log.segment.cache.num.max = 2 (custom)
2023-01-24 12:22:55,570 [pool-236-thread-1] INFO  server.RaftServerConfigKeys (ConfUtils.java:logGet(46)) - raft.server.log.segment.cache.size.max = 200MB (=209715200) (default)
2023-01-24 12:22:55,570 [pool-236-thread-1] INFO  segmented.SegmentedRaftLogWorker (SegmentedRaftLogWorker.java:<init>(189)) - new cf1032d2-0037-4a0c-94af-232c62b39d0f@group-40958CFD57C9-SegmentedRaftLogWorker for RaftStorageImpl:Storage Directory /home/runner/work/ozone/ozone/hadoop-ozone/integration-test/target/test-dir/MiniOzoneClusterImpl-9ddee5dd-a9b0-4f84-bf8c-5f63b859aaaf/datanode-7/data/ratis/f6a3b046-bc13-471d-9aeb-40958cfd57c9
2023-01-24 12:22:55,570 [pool-236-thread-1] INFO  server.RaftServerConfigKeys (ConfUtils.java:logGet(46)) - raft.server.log.queue.byte-limit = 4294967296 (custom)
2023-01-24 12:22:55,570 [pool-236-thread-1] INFO  server.RaftServerConfigKeys (ConfUtils.java:logGet(46)) - raft.server.log.queue.element-limit = 1024 (custom)
2023-01-24 12:22:55,571 [pool-236-thread-1] INFO  server.RaftServerConfigKeys (ConfUtils.java:logGet(46)) - raft.server.log.segment.size.max = 1048576 (custom)
2023-01-24 12:22:55,571 [pool-236-thread-1] INFO  server.RaftServerConfigKeys (ConfUtils.java:logGet(46)) - raft.server.log.preallocated.size = 16384 (custom)
2023-01-24 12:22:55,571 [pool-236-thread-1] INFO  server.RaftServerConfigKeys (ConfUtils.java:logGet(46)) - raft.server.log.force.sync.num = 128 (default)
2023-01-24 12:22:55,571 [pool-236-thread-1] INFO  server.RaftServerConfigKeys (ConfUtils.java:logGet(46)) - raft.server.log.statemachine.data.sync = true (default)
2023-01-24 12:22:55,570 [EventQueue-PipelineReportForPipelineReportHandler] INFO  pipeline.PipelineManagerImpl (PipelineManagerImpl.java:openPipeline(367)) - Pipeline Pipeline[ Id: f6a3b046-bc13-471d-9aeb-40958cfd57c9, Nodes: cf1032d2-0037-4a0c-94af-232c62b39d0f(fv-az83-645.uavyq1izdhte5b0ne1us2eqzhb.jx.internal.cloudapp.net/10.1.1.14), ReplicationConfig: RATIS/ONE, State:ALLOCATED, leaderId:cf1032d2-0037-4a0c-94af-232c62b39d0f, CreationTimestamp2023-01-24T12:22:52.568Z[Etc/UTC]] moved to OPEN state
2023-01-24 12:22:55,571 [EventQueue-OpenPipelineForHealthyPipelineSafeModeRule] INFO  safemode.SCMSafeModeManager (HealthyPipelineSafeModeRule.java:process(137)) - SCM in safe mode. Healthy pipelines reported count is 0, required healthy pipeline reported count is 1
2023-01-24 12:22:55,571 [pool-236-thread-1] INFO  server.RaftServerConfigKeys (ConfUtils.java:logGet(46)) - raft.server.log.statemachine.data.sync.timeout = 10s (default)
2023-01-24 12:22:55,573 [pool-236-thread-1] INFO  server.RaftServerConfigKeys (ConfUtils.java:logGet(46)) - raft.server.log.statemachine.data.sync.timeout.retry = -1 (default)
2023-01-24 12:22:55,573 [pool-236-thread-1] INFO  server.RaftServerConfigKeys (ConfUtils.java:logGet(46)) - raft.server.log.write.buffer.size = 1048576 (custom)
2023-01-24 12:22:55,574 [pool-236-thread-1] INFO  server.RaftServerConfigKeys (ConfUtils.java:logGet(46)) - raft.server.log.appender.buffer.byte-limit = 33554432 (custom)
2023-01-24 12:22:55,577 [pool-236-thread-1] INFO  server.RaftServerConfigKeys (ConfUtils.java:logGet(46)) - raft.server.log.unsafe-flush.enabled = false (default)
2023-01-24 12:22:55,577 [pool-236-thread-1] INFO  server.RaftServerConfigKeys (ConfUtils.java:logGet(46)) - raft.server.log.async-flush.enabled = false (default)
2023-01-24 12:22:55,577 [pool-236-thread-1] INFO  server.RaftServerConfigKeys (ConfUtils.java:logGet(46)) - raft.server.log.statemachine.data.caching.enabled = true (custom)
2023-01-24 12:22:55,577 [pool-236-thread-1] INFO  segmented.SegmentedRaftLogWorker (SegmentedRaftLogWorker.java:lambda$new$0(135)) - cf1032d2-0037-4a0c-94af-232c62b39d0f@group-40958CFD57C9-SegmentedRaftLogWorker: flushIndex: setUnconditionally 0 -> -1
2023-01-24 12:22:55,577 [pool-236-thread-1] INFO  segmented.SegmentedRaftLogWorker (SegmentedRaftLogWorker.java:lambda$new$0(135)) - cf1032d2-0037-4a0c-94af-232c62b39d0f@group-40958CFD57C9-SegmentedRaftLogWorker: safeCacheEvictIndex: setUnconditionally 0 -> -1
2023-01-24 12:22:55,578 [pool-236-thread-1] INFO  server.RaftServer$Division (RaftServerImpl.java:start(334)) - cf1032d2-0037-4a0c-94af-232c62b39d0f@group-40958CFD57C9: start as a follower, conf=-1: peers:[cf1032d2-0037-4a0c-94af-232c62b39d0f|rpc:10.1.1.14:45895|dataStream:10.1.1.14:39787|priority:1|startupRole:FOLLOWER]|listeners:[], old=null
2023-01-24 12:22:55,578 [pool-236-thread-1] INFO  server.RaftServer$Division (RaftServerImpl.java:setRole(321)) - cf1032d2-0037-4a0c-94af-232c62b39d0f@group-40958CFD57C9: changes role from      null to FOLLOWER at term 0 for startAsFollower
2023-01-24 12:22:55,578 [pool-236-thread-1] INFO  impl.RoleInfo (RoleInfo.java:updateAndGet(139)) - cf1032d2-0037-4a0c-94af-232c62b39d0f: start cf1032d2-0037-4a0c-94af-232c62b39d0f@group-40958CFD57C9-FollowerState
2023-01-24 12:22:55,578 [pool-236-thread-1] INFO  util.JmxRegister (JmxRegister.java:tryRegister(44)) - Successfully registered JMX Bean with object name Ratis:service=RaftServer,group=group-40958CFD57C9,id=cf1032d2-0037-4a0c-94af-232c62b39d0f
2023-01-24 12:22:55,578 [pool-236-thread-1] INFO  server.RaftServerConfigKeys (ConfUtils.java:logGet(46)) - raft.server.snapshot.auto.trigger.enabled = true (custom)
2023-01-24 12:22:55,578 [pool-236-thread-1] INFO  server.RaftServerConfigKeys (ConfUtils.java:logGet(46)) - raft.server.snapshot.auto.trigger.threshold = 10000 (custom)
2023-01-24 12:22:55,578 [pool-236-thread-1] INFO  server.RaftServerConfigKeys (ConfUtils.java:logGet(46)) - raft.server.snapshot.retention.file.num = 5 (custom)
2023-01-24 12:22:55,578 [pool-236-thread-1] INFO  server.RaftServerConfigKeys (ConfUtils.java:logGet(46)) - raft.server.log.purge.upto.snapshot.index = false (default)
2023-01-24 12:22:55,579 [Command processor thread] INFO  ratis.XceiverServerRatis (XceiverServerRatis.java:addGroup(806)) - Created group PipelineID=f6a3b046-bc13-471d-9aeb-40958cfd57c9
2023-01-24 12:22:55,579 [Command processor thread] INFO  commandhandler.CreatePipelineCommandHandler (CreatePipelineCommandHandler.java:handle(113)) - Created Pipeline RATIS ONE PipelineID=f6a3b046-bc13-471d-9aeb-40958cfd57c9.
2023-01-24 12:22:55,579 [cf1032d2-0037-4a0c-94af-232c62b39d0f@group-40958CFD57C9-FollowerState] INFO  server.RaftServerConfigKeys (ConfUtils.java:logFallback(53)) - raft.server.rpc.first-election.timeout.min = 5s (fallback to raft.server.rpc.timeout.min)
2023-01-24 12:22:55,579 [cf1032d2-0037-4a0c-94af-232c62b39d0f@group-40958CFD57C9-FollowerState] INFO  server.RaftServerConfigKeys (ConfUtils.java:logFallback(53)) - raft.server.rpc.first-election.timeout.max = 5200ms (fallback to raft.server.rpc.timeout.max)
2023-01-24 12:22:55,895 [Command processor thread] INFO  server.RaftServer (RaftServerProxy.java:addNew(96)) - f9d7edb3-f6c7-431a-8d5c-722e1f28718f: addNew group-8FE3E29F9302:[f9d7edb3-f6c7-431a-8d5c-722e1f28718f|rpc:10.1.1.14:43465|dataStream:10.1.1.14:46043|priority:1|startupRole:FOLLOWER] returns group-8FE3E29F9302:java.util.concurrent.CompletableFuture@7f5c70d[Not completed]
2023-01-24 12:22:55,896 [pool-263-thread-1] INFO  server.RaftServer$Division (RaftServerImpl.java:<init>(195)) - f9d7edb3-f6c7-431a-8d5c-722e1f28718f: new RaftServerImpl for group-8FE3E29F9302:[f9d7edb3-f6c7-431a-8d5c-722e1f28718f|rpc:10.1.1.14:43465|dataStream:10.1.1.14:46043|priority:1|startupRole:FOLLOWER] with ContainerStateMachine:uninitialized
2023-01-24 12:22:55,896 [pool-263-thread-1] INFO  server.RaftServerConfigKeys (ConfUtils.java:logGet(46)) - raft.server.rpc.timeout.min = 5s (custom)
2023-01-24 12:22:55,896 [pool-263-thread-1] INFO  server.RaftServerConfigKeys (ConfUtils.java:logGet(46)) - raft.server.rpc.timeout.max = 5200ms (custom)
2023-01-24 12:22:55,896 [pool-263-thread-1] INFO  server.RaftServerConfigKeys (ConfUtils.java:logGet(46)) - raft.server.rpc.sleep.time = 25ms (default)
2023-01-24 12:22:55,896 [pool-263-thread-1] INFO  server.RaftServerConfigKeys (ConfUtils.java:logGet(46)) - raft.server.rpc.slowness.timeout = 300s (custom)
2023-01-24 12:22:55,896 [pool-263-thread-1] INFO  server.RaftServerConfigKeys (ConfUtils.java:logGet(46)) - raft.server.leaderelection.leader.step-down.wait-time = 10s (default)
2023-01-24 12:22:55,896 [pool-263-thread-1] INFO  server.RaftServerConfigKeys (ConfUtils.java:logGet(46)) - raft.server.sleep.deviation.threshold = 300ms (default)
2023-01-24 12:22:55,896 [pool-263-thread-1] INFO  server.RaftServer$Division (ServerState.java:<init>(118)) - f9d7edb3-f6c7-431a-8d5c-722e1f28718f@group-8FE3E29F9302: ConfigurationManager, init=-1: peers:[f9d7edb3-f6c7-431a-8d5c-722e1f28718f|rpc:10.1.1.14:43465|dataStream:10.1.1.14:46043|priority:1|startupRole:FOLLOWER]|listeners:[], old=null, confs=<EMPTY_MAP>
2023-01-24 12:22:55,896 [pool-263-thread-1] INFO  server.RaftServerConfigKeys (ConfUtils.java:logGet(46)) - raft.server.storage.dir = [/home/runner/work/ozone/ozone/hadoop-ozone/integration-test/target/test-dir/MiniOzoneClusterImpl-9ddee5dd-a9b0-4f84-bf8c-5f63b859aaaf/datanode-8/data/ratis] (custom)
2023-01-24 12:22:55,896 [pool-263-thread-1] INFO  server.RaftServerConfigKeys (ConfUtils.java:logGet(46)) - raft.server.log.corruption.policy = EXCEPTION (default)
2023-01-24 12:22:55,896 [pool-263-thread-1] INFO  server.RaftServerConfigKeys (ConfUtils.java:logGet(46)) - raft.server.storage.free-space.min = 0MB (=0) (default)
2023-01-24 12:22:55,896 [pool-263-thread-1] INFO  server.RaftServerConfigKeys (ConfUtils.java:logGet(46)) - raft.server.notification.no-leader.timeout = 300s (custom)
2023-01-24 12:22:55,896 [pool-263-thread-1] INFO  server.RaftServerConfigKeys (ConfUtils.java:logGet(46)) - raft.server.retrycache.expirytime = 600000ms (custom)
2023-01-24 12:22:55,896 [pool-263-thread-1] INFO  server.RaftServerConfigKeys (ConfUtils.java:logGet(46)) - raft.server.retrycache.statistics.expirytime = 100μs (default)
2023-01-24 12:22:55,897 [pool-263-thread-1] INFO  server.RaftServerConfigKeys (ConfUtils.java:logGet(46)) - raft.server.log.appender.install.snapshot.enabled = false (custom)
2023-01-24 12:22:55,897 [pool-263-thread-1] INFO  server.RaftServerConfigKeys (ConfUtils.java:logGet(46)) - raft.server.threadpool.server.cached = true (default)
2023-01-24 12:22:55,898 [pool-263-thread-1] INFO  server.RaftServerConfigKeys (ConfUtils.java:logGet(46)) - raft.server.threadpool.server.size = 0 (default)
2023-01-24 12:22:55,898 [pool-263-thread-1] INFO  server.RaftServerConfigKeys (ConfUtils.java:logGet(46)) - raft.server.threadpool.client.cached = true (default)
2023-01-24 12:22:55,898 [pool-263-thread-1] INFO  server.RaftServerConfigKeys (ConfUtils.java:logGet(46)) - raft.server.threadpool.client.size = 0 (default)
2023-01-24 12:22:55,898 [pool-263-thread-1] INFO  storage.RaftStorageDirectory (RaftStorageDirectoryImpl.java:analyzeStorage(137)) - The storage directory /home/runner/work/ozone/ozone/hadoop-ozone/integration-test/target/test-dir/MiniOzoneClusterImpl-9ddee5dd-a9b0-4f84-bf8c-5f63b859aaaf/datanode-8/data/ratis/ae994922-4bf4-49bf-b7bd-8fe3e29f9302 does not exist. Creating ...
2023-01-24 12:22:55,899 [pool-263-thread-1] INFO  storage.RaftStorageDirectory (RaftStorageDirectoryImpl.java:tryLock(231)) - Lock on /home/runner/work/ozone/ozone/hadoop-ozone/integration-test/target/test-dir/MiniOzoneClusterImpl-9ddee5dd-a9b0-4f84-bf8c-5f63b859aaaf/datanode-8/data/ratis/ae994922-4bf4-49bf-b7bd-8fe3e29f9302/in_use.lock acquired by nodename 59439@fv-az83-645
2023-01-24 12:22:55,900 [pool-263-thread-1] INFO  storage.RaftStorage (RaftStorageImpl.java:format(96)) - Storage directory /home/runner/work/ozone/ozone/hadoop-ozone/integration-test/target/test-dir/MiniOzoneClusterImpl-9ddee5dd-a9b0-4f84-bf8c-5f63b859aaaf/datanode-8/data/ratis/ae994922-4bf4-49bf-b7bd-8fe3e29f9302 has been successfully formatted.
2023-01-24 12:22:55,902 [EventQueue-PipelineReportForPipelineReportHandler] INFO  pipeline.PipelineManagerImpl (PipelineManagerImpl.java:openPipeline(367)) - Pipeline Pipeline[ Id: ae994922-4bf4-49bf-b7bd-8fe3e29f9302, Nodes: f9d7edb3-f6c7-431a-8d5c-722e1f28718f(fv-az83-645.uavyq1izdhte5b0ne1us2eqzhb.jx.internal.cloudapp.net/10.1.1.14), ReplicationConfig: RATIS/ONE, State:ALLOCATED, leaderId:f9d7edb3-f6c7-431a-8d5c-722e1f28718f, CreationTimestamp2023-01-24T12:22:52.902Z[Etc/UTC]] moved to OPEN state
2023-01-24 12:22:55,902 [EventQueue-OpenPipelineForHealthyPipelineSafeModeRule] INFO  safemode.SCMSafeModeManager (HealthyPipelineSafeModeRule.java:process(137)) - SCM in safe mode. Healthy pipelines reported count is 0, required healthy pipeline reported count is 1
2023-01-24 12:22:55,903 [pool-263-thread-1] INFO  ratis.ContainerStateMachine (ContainerStateMachine.java:loadSnapshot(240)) - group-8FE3E29F9302: The snapshot info is null. Setting the last applied indexto:(t:0, i:~)
2023-01-24 12:22:55,903 [pool-263-thread-1] INFO  server.RaftServerConfigKeys (ConfUtils.java:logGet(46)) - raft.server.log.use.memory = false (default)
2023-01-24 12:22:55,903 [pool-263-thread-1] INFO  server.RaftServerConfigKeys (ConfUtils.java:logGet(46)) - raft.server.log.purge.gap = 1000000 (custom)
2023-01-24 12:22:55,903 [pool-263-thread-1] INFO  server.RaftServerConfigKeys (ConfUtils.java:logGet(46)) - raft.server.log.appender.buffer.byte-limit = 33554432 (custom)
2023-01-24 12:22:55,903 [pool-263-thread-1] INFO  server.RaftServerConfigKeys (ConfUtils.java:logGet(46)) - raft.server.log.statemachine.data.read.timeout = 1000ms (default)
2023-01-24 12:22:55,903 [pool-263-thread-1] INFO  server.RaftServerConfigKeys (ConfUtils.java:logGet(46)) - raft.server.log.purge.preservation.log.num = 0 (default)
2023-01-24 12:22:55,903 [pool-263-thread-1] INFO  server.RaftServerConfigKeys (ConfUtils.java:logGet(46)) - raft.server.log.segment.size.max = 1048576 (custom)
2023-01-24 12:22:55,903 [pool-263-thread-1] INFO  server.RaftServerConfigKeys (ConfUtils.java:logGet(46)) - raft.server.log.segment.cache.num.max = 2 (custom)
2023-01-24 12:22:55,903 [pool-263-thread-1] INFO  server.RaftServerConfigKeys (ConfUtils.java:logGet(46)) - raft.server.log.segment.cache.size.max = 200MB (=209715200) (default)
2023-01-24 12:22:55,903 [pool-263-thread-1] INFO  segmented.SegmentedRaftLogWorker (SegmentedRaftLogWorker.java:<init>(189)) - new f9d7edb3-f6c7-431a-8d5c-722e1f28718f@group-8FE3E29F9302-SegmentedRaftLogWorker for RaftStorageImpl:Storage Directory /home/runner/work/ozone/ozone/hadoop-ozone/integration-test/target/test-dir/MiniOzoneClusterImpl-9ddee5dd-a9b0-4f84-bf8c-5f63b859aaaf/datanode-8/data/ratis/ae994922-4bf4-49bf-b7bd-8fe3e29f9302
2023-01-24 12:22:55,904 [pool-263-thread-1] INFO  server.RaftServerConfigKeys (ConfUtils.java:logGet(46)) - raft.server.log.queue.byte-limit = 4294967296 (custom)
2023-01-24 12:22:55,904 [pool-263-thread-1] INFO  server.RaftServerConfigKeys (ConfUtils.java:logGet(46)) - raft.server.log.queue.element-limit = 1024 (custom)
2023-01-24 12:22:55,904 [pool-263-thread-1] INFO  server.RaftServerConfigKeys (ConfUtils.java:logGet(46)) - raft.server.log.segment.size.max = 1048576 (custom)
2023-01-24 12:22:55,904 [pool-263-thread-1] INFO  server.RaftServerConfigKeys (ConfUtils.java:logGet(46)) - raft.server.log.preallocated.size = 16384 (custom)
2023-01-24 12:22:55,904 [pool-263-thread-1] INFO  server.RaftServerConfigKeys (ConfUtils.java:logGet(46)) - raft.server.log.force.sync.num = 128 (default)
2023-01-24 12:22:55,904 [pool-263-thread-1] INFO  server.RaftServerConfigKeys (ConfUtils.java:logGet(46)) - raft.server.log.statemachine.data.sync = true (default)
2023-01-24 12:22:55,904 [pool-263-thread-1] INFO  server.RaftServerConfigKeys (ConfUtils.java:logGet(46)) - raft.server.log.statemachine.data.sync.timeout = 10s (default)
2023-01-24 12:22:55,904 [pool-263-thread-1] INFO  server.RaftServerConfigKeys (ConfUtils.java:logGet(46)) - raft.server.log.statemachine.data.sync.timeout.retry = -1 (default)
2023-01-24 12:22:55,905 [pool-263-thread-1] INFO  server.RaftServerConfigKeys (ConfUtils.java:logGet(46)) - raft.server.log.write.buffer.size = 1048576 (custom)
2023-01-24 12:22:55,905 [pool-263-thread-1] INFO  server.RaftServerConfigKeys (ConfUtils.java:logGet(46)) - raft.server.log.appender.buffer.byte-limit = 33554432 (custom)
2023-01-24 12:22:55,908 [pool-263-thread-1] INFO  server.RaftServerConfigKeys (ConfUtils.java:logGet(46)) - raft.server.log.unsafe-flush.enabled = false (default)
2023-01-24 12:22:55,908 [pool-263-thread-1] INFO  server.RaftServerConfigKeys (ConfUtils.java:logGet(46)) - raft.server.log.async-flush.enabled = false (default)
2023-01-24 12:22:55,908 [pool-263-thread-1] INFO  server.RaftServerConfigKeys (ConfUtils.java:logGet(46)) - raft.server.log.statemachine.data.caching.enabled = true (custom)
2023-01-24 12:22:55,909 [pool-263-thread-1] INFO  segmented.SegmentedRaftLogWorker (SegmentedRaftLogWorker.java:lambda$new$0(135)) - f9d7edb3-f6c7-431a-8d5c-722e1f28718f@group-8FE3E29F9302-SegmentedRaftLogWorker: flushIndex: setUnconditionally 0 -> -1
2023-01-24 12:22:55,909 [pool-263-thread-1] INFO  segmented.SegmentedRaftLogWorker (SegmentedRaftLogWorker.java:lambda$new$0(135)) - f9d7edb3-f6c7-431a-8d5c-722e1f28718f@group-8FE3E29F9302-SegmentedRaftLogWorker: safeCacheEvictIndex: setUnconditionally 0 -> -1
2023-01-24 12:22:55,909 [pool-263-thread-1] INFO  server.RaftServer$Division (RaftServerImpl.java:start(334)) - f9d7edb3-f6c7-431a-8d5c-722e1f28718f@group-8FE3E29F9302: start as a follower, conf=-1: peers:[f9d7edb3-f6c7-431a-8d5c-722e1f28718f|rpc:10.1.1.14:43465|dataStream:10.1.1.14:46043|priority:1|startupRole:FOLLOWER]|listeners:[], old=null
2023-01-24 12:22:55,909 [pool-263-thread-1] INFO  server.RaftServer$Division (RaftServerImpl.java:setRole(321)) - f9d7edb3-f6c7-431a-8d5c-722e1f28718f@group-8FE3E29F9302: changes role from      null to FOLLOWER at term 0 for startAsFollower
2023-01-24 12:22:55,909 [pool-263-thread-1] INFO  impl.RoleInfo (RoleInfo.java:updateAndGet(139)) - f9d7edb3-f6c7-431a-8d5c-722e1f28718f: start f9d7edb3-f6c7-431a-8d5c-722e1f28718f@group-8FE3E29F9302-FollowerState
2023-01-24 12:22:55,909 [pool-263-thread-1] INFO  util.JmxRegister (JmxRegister.java:tryRegister(44)) - Successfully registered JMX Bean with object name Ratis:service=RaftServer,group=group-8FE3E29F9302,id=f9d7edb3-f6c7-431a-8d5c-722e1f28718f
2023-01-24 12:22:55,909 [pool-263-thread-1] INFO  server.RaftServerConfigKeys (ConfUtils.java:logGet(46)) - raft.server.snapshot.auto.trigger.enabled = true (custom)
2023-01-24 12:22:55,909 [pool-263-thread-1] INFO  server.RaftServerConfigKeys (ConfUtils.java:logGet(46)) - raft.server.snapshot.auto.trigger.threshold = 10000 (custom)
2023-01-24 12:22:55,909 [pool-263-thread-1] INFO  server.RaftServerConfigKeys (ConfUtils.java:logGet(46)) - raft.server.snapshot.retention.file.num = 5 (custom)
2023-01-24 12:22:55,909 [pool-263-thread-1] INFO  server.RaftServerConfigKeys (ConfUtils.java:logGet(46)) - raft.server.log.purge.upto.snapshot.index = false (default)
2023-01-24 12:22:55,910 [f9d7edb3-f6c7-431a-8d5c-722e1f28718f@group-8FE3E29F9302-FollowerState] INFO  server.RaftServerConfigKeys (ConfUtils.java:logFallback(53)) - raft.server.rpc.first-election.timeout.min = 5s (fallback to raft.server.rpc.timeout.min)
2023-01-24 12:22:55,910 [f9d7edb3-f6c7-431a-8d5c-722e1f28718f@group-8FE3E29F9302-FollowerState] INFO  server.RaftServerConfigKeys (ConfUtils.java:logFallback(53)) - raft.server.rpc.first-election.timeout.max = 5200ms (fallback to raft.server.rpc.timeout.max)
2023-01-24 12:22:55,910 [Command processor thread] INFO  ratis.XceiverServerRatis (XceiverServerRatis.java:addGroup(806)) - Created group PipelineID=ae994922-4bf4-49bf-b7bd-8fe3e29f9302
2023-01-24 12:22:55,910 [Command processor thread] INFO  commandhandler.CreatePipelineCommandHandler (CreatePipelineCommandHandler.java:handle(113)) - Created Pipeline RATIS ONE PipelineID=ae994922-4bf4-49bf-b7bd-8fe3e29f9302.
2023-01-24 12:22:56,236 [Listener at 127.0.0.1/46625] INFO  ozone.MiniOzoneClusterImpl (MiniOzoneClusterImpl.java:lambda$waitForClusterToBeReady$0(218)) - Nodes are ready. Got 10 of 10 DN Heartbeats.
2023-01-24 12:22:56,236 [Listener at 127.0.0.1/46625] INFO  ozone.MiniOzoneClusterImpl (MiniOzoneClusterImpl.java:lambda$waitForClusterToBeReady$0(221)) - Waiting for cluster to exit safe mode
2023-01-24 12:22:56,236 [Listener at 127.0.0.1/46625] INFO  ozone.MiniOzoneClusterImpl (MiniOzoneClusterImpl.java:lambda$waitForClusterToBeReady$0(223)) - SCM became leader
2023-01-24 12:22:56,239 [Command processor thread] INFO  server.RaftServer (RaftServerProxy.java:addNew(96)) - a73b56cb-3195-4d6d-be40-ac518f1256a6: addNew group-B9BAD9B34F34:[a73b56cb-3195-4d6d-be40-ac518f1256a6|rpc:10.1.1.14:43665|dataStream:10.1.1.14:38193|priority:1|startupRole:FOLLOWER] returns group-B9BAD9B34F34:java.util.concurrent.CompletableFuture@572503fa[Not completed]
2023-01-24 12:22:56,244 [pool-290-thread-1] INFO  server.RaftServer$Division (RaftServerImpl.java:<init>(195)) - a73b56cb-3195-4d6d-be40-ac518f1256a6: new RaftServerImpl for group-B9BAD9B34F34:[a73b56cb-3195-4d6d-be40-ac518f1256a6|rpc:10.1.1.14:43665|dataStream:10.1.1.14:38193|priority:1|startupRole:FOLLOWER] with ContainerStateMachine:uninitialized
2023-01-24 12:22:56,244 [pool-290-thread-1] INFO  server.RaftServerConfigKeys (ConfUtils.java:logGet(46)) - raft.server.rpc.timeout.min = 5s (custom)
2023-01-24 12:22:56,244 [pool-290-thread-1] INFO  server.RaftServerConfigKeys (ConfUtils.java:logGet(46)) - raft.server.rpc.timeout.max = 5200ms (custom)
2023-01-24 12:22:56,244 [pool-290-thread-1] INFO  server.RaftServerConfigKeys (ConfUtils.java:logGet(46)) - raft.server.rpc.sleep.time = 25ms (default)
2023-01-24 12:22:56,244 [pool-290-thread-1] INFO  server.RaftServerConfigKeys (ConfUtils.java:logGet(46)) - raft.server.rpc.slowness.timeout = 300s (custom)
2023-01-24 12:22:56,245 [pool-290-thread-1] INFO  server.RaftServerConfigKeys (ConfUtils.java:logGet(46)) - raft.server.leaderelection.leader.step-down.wait-time = 10s (default)
2023-01-24 12:22:56,245 [pool-290-thread-1] INFO  server.RaftServerConfigKeys (ConfUtils.java:logGet(46)) - raft.server.sleep.deviation.threshold = 300ms (default)
2023-01-24 12:22:56,245 [pool-290-thread-1] INFO  server.RaftServer$Division (ServerState.java:<init>(118)) - a73b56cb-3195-4d6d-be40-ac518f1256a6@group-B9BAD9B34F34: ConfigurationManager, init=-1: peers:[a73b56cb-3195-4d6d-be40-ac518f1256a6|rpc:10.1.1.14:43665|dataStream:10.1.1.14:38193|priority:1|startupRole:FOLLOWER]|listeners:[], old=null, confs=<EMPTY_MAP>
2023-01-24 12:22:56,245 [pool-290-thread-1] INFO  server.RaftServerConfigKeys (ConfUtils.java:logGet(46)) - raft.server.storage.dir = [/home/runner/work/ozone/ozone/hadoop-ozone/integration-test/target/test-dir/MiniOzoneClusterImpl-9ddee5dd-a9b0-4f84-bf8c-5f63b859aaaf/datanode-9/data/ratis] (custom)
2023-01-24 12:22:56,245 [pool-290-thread-1] INFO  server.RaftServerConfigKeys (ConfUtils.java:logGet(46)) - raft.server.log.corruption.policy = EXCEPTION (default)
2023-01-24 12:22:56,245 [pool-290-thread-1] INFO  server.RaftServerConfigKeys (ConfUtils.java:logGet(46)) - raft.server.storage.free-space.min = 0MB (=0) (default)
2023-01-24 12:22:56,245 [pool-290-thread-1] INFO  server.RaftServerConfigKeys (ConfUtils.java:logGet(46)) - raft.server.notification.no-leader.timeout = 300s (custom)
2023-01-24 12:22:56,245 [pool-290-thread-1] INFO  server.RaftServerConfigKeys (ConfUtils.java:logGet(46)) - raft.server.retrycache.expirytime = 600000ms (custom)
2023-01-24 12:22:56,245 [pool-290-thread-1] INFO  server.RaftServerConfigKeys (ConfUtils.java:logGet(46)) - raft.server.retrycache.statistics.expirytime = 100μs (default)
2023-01-24 12:22:56,247 [pool-290-thread-1] INFO  server.RaftServerConfigKeys (ConfUtils.java:logGet(46)) - raft.server.log.appender.install.snapshot.enabled = false (custom)
2023-01-24 12:22:56,247 [pool-290-thread-1] INFO  server.RaftServerConfigKeys (ConfUtils.java:logGet(46)) - raft.server.threadpool.server.cached = true (default)
2023-01-24 12:22:56,247 [pool-290-thread-1] INFO  server.RaftServerConfigKeys (ConfUtils.java:logGet(46)) - raft.server.threadpool.server.size = 0 (default)
2023-01-24 12:22:56,247 [pool-290-thread-1] INFO  server.RaftServerConfigKeys (ConfUtils.java:logGet(46)) - raft.server.threadpool.client.cached = true (default)
2023-01-24 12:22:56,247 [pool-290-thread-1] INFO  server.RaftServerConfigKeys (ConfUtils.java:logGet(46)) - raft.server.threadpool.client.size = 0 (default)
2023-01-24 12:22:56,247 [pool-290-thread-1] INFO  storage.RaftStorageDirectory (RaftStorageDirectoryImpl.java:analyzeStorage(137)) - The storage directory /home/runner/work/ozone/ozone/hadoop-ozone/integration-test/target/test-dir/MiniOzoneClusterImpl-9ddee5dd-a9b0-4f84-bf8c-5f63b859aaaf/datanode-9/data/ratis/45d13d44-4e8f-47ae-b332-b9bad9b34f34 does not exist. Creating ...
2023-01-24 12:22:56,248 [pool-290-thread-1] INFO  storage.RaftStorageDirectory (RaftStorageDirectoryImpl.java:tryLock(231)) - Lock on /home/runner/work/ozone/ozone/hadoop-ozone/integration-test/target/test-dir/MiniOzoneClusterImpl-9ddee5dd-a9b0-4f84-bf8c-5f63b859aaaf/datanode-9/data/ratis/45d13d44-4e8f-47ae-b332-b9bad9b34f34/in_use.lock acquired by nodename 59439@fv-az83-645
2023-01-24 12:22:56,249 [pool-290-thread-1] INFO  storage.RaftStorage (RaftStorageImpl.java:format(96)) - Storage directory /home/runner/work/ozone/ozone/hadoop-ozone/integration-test/target/test-dir/MiniOzoneClusterImpl-9ddee5dd-a9b0-4f84-bf8c-5f63b859aaaf/datanode-9/data/ratis/45d13d44-4e8f-47ae-b332-b9bad9b34f34 has been successfully formatted.
2023-01-24 12:22:56,249 [pool-290-thread-1] INFO  ratis.ContainerStateMachine (ContainerStateMachine.java:loadSnapshot(240)) - group-B9BAD9B34F34: The snapshot info is null. Setting the last applied indexto:(t:0, i:~)
2023-01-24 12:22:56,249 [pool-290-thread-1] INFO  server.RaftServerConfigKeys (ConfUtils.java:logGet(46)) - raft.server.log.use.memory = false (default)
2023-01-24 12:22:56,250 [pool-290-thread-1] INFO  server.RaftServerConfigKeys (ConfUtils.java:logGet(46)) - raft.server.log.purge.gap = 1000000 (custom)
2023-01-24 12:22:56,250 [pool-290-thread-1] INFO  server.RaftServerConfigKeys (ConfUtils.java:logGet(46)) - raft.server.log.appender.buffer.byte-limit = 33554432 (custom)
2023-01-24 12:22:56,250 [pool-290-thread-1] INFO  server.RaftServerConfigKeys (ConfUtils.java:logGet(46)) - raft.server.log.statemachine.data.read.timeout = 1000ms (default)
2023-01-24 12:22:56,250 [pool-290-thread-1] INFO  server.RaftServerConfigKeys (ConfUtils.java:logGet(46)) - raft.server.log.purge.preservation.log.num = 0 (default)
2023-01-24 12:22:56,250 [pool-290-thread-1] INFO  server.RaftServerConfigKeys (ConfUtils.java:logGet(46)) - raft.server.log.segment.size.max = 1048576 (custom)
2023-01-24 12:22:56,251 [pool-290-thread-1] INFO  server.RaftServerConfigKeys (ConfUtils.java:logGet(46)) - raft.server.log.segment.cache.num.max = 2 (custom)
2023-01-24 12:22:56,251 [pool-290-thread-1] INFO  server.RaftServerConfigKeys (ConfUtils.java:logGet(46)) - raft.server.log.segment.cache.size.max = 200MB (=209715200) (default)
2023-01-24 12:22:56,251 [pool-290-thread-1] INFO  segmented.SegmentedRaftLogWorker (SegmentedRaftLogWorker.java:<init>(189)) - new a73b56cb-3195-4d6d-be40-ac518f1256a6@group-B9BAD9B34F34-SegmentedRaftLogWorker for RaftStorageImpl:Storage Directory /home/runner/work/ozone/ozone/hadoop-ozone/integration-test/target/test-dir/MiniOzoneClusterImpl-9ddee5dd-a9b0-4f84-bf8c-5f63b859aaaf/datanode-9/data/ratis/45d13d44-4e8f-47ae-b332-b9bad9b34f34
2023-01-24 12:22:56,251 [pool-290-thread-1] INFO  server.RaftServerConfigKeys (ConfUtils.java:logGet(46)) - raft.server.log.queue.byte-limit = 4294967296 (custom)
2023-01-24 12:22:56,251 [pool-290-thread-1] INFO  server.RaftServerConfigKeys (ConfUtils.java:logGet(46)) - raft.server.log.queue.element-limit = 1024 (custom)
2023-01-24 12:22:56,251 [pool-290-thread-1] INFO  server.RaftServerConfigKeys (ConfUtils.java:logGet(46)) - raft.server.log.segment.size.max = 1048576 (custom)
2023-01-24 12:22:56,251 [pool-290-thread-1] INFO  server.RaftServerConfigKeys (ConfUtils.java:logGet(46)) - raft.server.log.preallocated.size = 16384 (custom)
2023-01-24 12:22:56,251 [pool-290-thread-1] INFO  server.RaftServerConfigKeys (ConfUtils.java:logGet(46)) - raft.server.log.force.sync.num = 128 (default)
2023-01-24 12:22:56,251 [pool-290-thread-1] INFO  server.RaftServerConfigKeys (ConfUtils.java:logGet(46)) - raft.server.log.statemachine.data.sync = true (default)
2023-01-24 12:22:56,251 [pool-290-thread-1] INFO  server.RaftServerConfigKeys (ConfUtils.java:logGet(46)) - raft.server.log.statemachine.data.sync.timeout = 10s (default)
2023-01-24 12:22:56,251 [pool-290-thread-1] INFO  server.RaftServerConfigKeys (ConfUtils.java:logGet(46)) - raft.server.log.statemachine.data.sync.timeout.retry = -1 (default)
2023-01-24 12:22:56,251 [EventQueue-PipelineReportForPipelineReportHandler] INFO  pipeline.PipelineManagerImpl (PipelineManagerImpl.java:openPipeline(367)) - Pipeline Pipeline[ Id: 45d13d44-4e8f-47ae-b332-b9bad9b34f34, Nodes: a73b56cb-3195-4d6d-be40-ac518f1256a6(fv-az83-645.uavyq1izdhte5b0ne1us2eqzhb.jx.internal.cloudapp.net/10.1.1.14), ReplicationConfig: RATIS/ONE, State:ALLOCATED, leaderId:a73b56cb-3195-4d6d-be40-ac518f1256a6, CreationTimestamp2023-01-24T12:22:53.243Z[Etc/UTC]] moved to OPEN state
2023-01-24 12:22:56,252 [EventQueue-OpenPipelineForHealthyPipelineSafeModeRule] INFO  safemode.SCMSafeModeManager (HealthyPipelineSafeModeRule.java:process(137)) - SCM in safe mode. Healthy pipelines reported count is 0, required healthy pipeline reported count is 1
2023-01-24 12:22:56,252 [pool-290-thread-1] INFO  server.RaftServerConfigKeys (ConfUtils.java:logGet(46)) - raft.server.log.write.buffer.size = 1048576 (custom)
2023-01-24 12:22:56,253 [pool-290-thread-1] INFO  server.RaftServerConfigKeys (ConfUtils.java:logGet(46)) - raft.server.log.appender.buffer.byte-limit = 33554432 (custom)
2023-01-24 12:22:56,553 [JvmPauseMonitor6] WARN  util.JvmPauseMonitor (JvmPauseMonitor.java:detectPause(126)) - JvmPauseMonitor-4243b07b-dbe8-44bd-919c-c5b59c546d4c: Detected pause in JVM or host machine (eg GC): pause of approximately 218887859ns.
GC pool 'PS MarkSweep' had collection(s): count=1 time=205ms
GC pool 'PS Scavenge' had collection(s): count=1 time=95ms
2023-01-24 12:22:56,554 [JvmPauseMonitor10] WARN  util.JvmPauseMonitor (JvmPauseMonitor.java:detectPause(126)) - JvmPauseMonitor-a73b56cb-3195-4d6d-be40-ac518f1256a6: Detected pause in JVM or host machine (eg GC): pause of approximately 219128559ns.
GC pool 'PS MarkSweep' had collection(s): count=1 time=205ms
GC pool 'PS Scavenge' had collection(s): count=1 time=95ms
2023-01-24 12:22:56,563 [JvmPauseMonitor3] WARN  util.JvmPauseMonitor (JvmPauseMonitor.java:detectPause(126)) - JvmPauseMonitor-93701946-f5e3-4943-a932-e133db5deae9: Detected pause in JVM or host machine (eg GC): pause of approximately 222293459ns.
GC pool 'PS MarkSweep' had collection(s): count=1 time=205ms
GC pool 'PS Scavenge' had collection(s): count=1 time=95ms
2023-01-24 12:22:56,563 [pool-290-thread-1] INFO  server.RaftServerConfigKeys (ConfUtils.java:logGet(46)) - raft.server.log.unsafe-flush.enabled = false (default)
2023-01-24 12:22:56,563 [pool-290-thread-1] INFO  server.RaftServerConfigKeys (ConfUtils.java:logGet(46)) - raft.server.log.async-flush.enabled = false (default)
2023-01-24 12:22:56,563 [pool-290-thread-1] INFO  server.RaftServerConfigKeys (ConfUtils.java:logGet(46)) - raft.server.log.statemachine.data.caching.enabled = true (custom)
2023-01-24 12:22:56,564 [pool-290-thread-1] INFO  segmented.SegmentedRaftLogWorker (SegmentedRaftLogWorker.java:lambda$new$0(135)) - a73b56cb-3195-4d6d-be40-ac518f1256a6@group-B9BAD9B34F34-SegmentedRaftLogWorker: flushIndex: setUnconditionally 0 -> -1
2023-01-24 12:22:56,564 [pool-290-thread-1] INFO  segmented.SegmentedRaftLogWorker (SegmentedRaftLogWorker.java:lambda$new$0(135)) - a73b56cb-3195-4d6d-be40-ac518f1256a6@group-B9BAD9B34F34-SegmentedRaftLogWorker: safeCacheEvictIndex: setUnconditionally 0 -> -1
2023-01-24 12:22:56,564 [pool-290-thread-1] INFO  server.RaftServer$Division (RaftServerImpl.java:start(334)) - a73b56cb-3195-4d6d-be40-ac518f1256a6@group-B9BAD9B34F34: start as a follower, conf=-1: peers:[a73b56cb-3195-4d6d-be40-ac518f1256a6|rpc:10.1.1.14:43665|dataStream:10.1.1.14:38193|priority:1|startupRole:FOLLOWER]|listeners:[], old=null
2023-01-24 12:22:56,564 [pool-290-thread-1] INFO  server.RaftServer$Division (RaftServerImpl.java:setRole(321)) - a73b56cb-3195-4d6d-be40-ac518f1256a6@group-B9BAD9B34F34: changes role from      null to FOLLOWER at term 0 for startAsFollower
2023-01-24 12:22:56,564 [pool-290-thread-1] INFO  impl.RoleInfo (RoleInfo.java:updateAndGet(139)) - a73b56cb-3195-4d6d-be40-ac518f1256a6: start a73b56cb-3195-4d6d-be40-ac518f1256a6@group-B9BAD9B34F34-FollowerState
2023-01-24 12:22:56,564 [pool-290-thread-1] INFO  util.JmxRegister (JmxRegister.java:tryRegister(44)) - Successfully registered JMX Bean with object name Ratis:service=RaftServer,group=group-B9BAD9B34F34,id=a73b56cb-3195-4d6d-be40-ac518f1256a6
2023-01-24 12:22:56,564 [pool-290-thread-1] INFO  server.RaftServerConfigKeys (ConfUtils.java:logGet(46)) - raft.server.snapshot.auto.trigger.enabled = true (custom)
2023-01-24 12:22:56,564 [pool-290-thread-1] INFO  server.RaftServerConfigKeys (ConfUtils.java:logGet(46)) - raft.server.snapshot.auto.trigger.threshold = 10000 (custom)
2023-01-24 12:22:56,565 [pool-290-thread-1] INFO  server.RaftServerConfigKeys (ConfUtils.java:logGet(46)) - raft.server.snapshot.retention.file.num = 5 (custom)
2023-01-24 12:22:56,565 [pool-290-thread-1] INFO  server.RaftServerConfigKeys (ConfUtils.java:logGet(46)) - raft.server.log.purge.upto.snapshot.index = false (default)
2023-01-24 12:22:56,565 [a73b56cb-3195-4d6d-be40-ac518f1256a6@group-B9BAD9B34F34-FollowerState] INFO  server.RaftServerConfigKeys (ConfUtils.java:logFallback(53)) - raft.server.rpc.first-election.timeout.min = 5s (fallback to raft.server.rpc.timeout.min)
2023-01-24 12:22:56,565 [a73b56cb-3195-4d6d-be40-ac518f1256a6@group-B9BAD9B34F34-FollowerState] INFO  server.RaftServerConfigKeys (ConfUtils.java:logFallback(53)) - raft.server.rpc.first-election.timeout.max = 5200ms (fallback to raft.server.rpc.timeout.max)
2023-01-24 12:22:56,565 [Command processor thread] INFO  ratis.XceiverServerRatis (XceiverServerRatis.java:addGroup(806)) - Created group PipelineID=45d13d44-4e8f-47ae-b332-b9bad9b34f34
2023-01-24 12:22:56,565 [Command processor thread] INFO  commandhandler.CreatePipelineCommandHandler (CreatePipelineCommandHandler.java:handle(113)) - Created Pipeline RATIS ONE PipelineID=45d13d44-4e8f-47ae-b332-b9bad9b34f34.
2023-01-24 12:22:57,237 [Listener at 127.0.0.1/46625] INFO  ozone.MiniOzoneClusterImpl (MiniOzoneClusterImpl.java:lambda$waitForClusterToBeReady$0(218)) - Nodes are ready. Got 10 of 10 DN Heartbeats.
2023-01-24 12:22:57,237 [Listener at 127.0.0.1/46625] INFO  ozone.MiniOzoneClusterImpl (MiniOzoneClusterImpl.java:lambda$waitForClusterToBeReady$0(221)) - Waiting for cluster to exit safe mode
2023-01-24 12:22:57,237 [Listener at 127.0.0.1/46625] INFO  ozone.MiniOzoneClusterImpl (MiniOzoneClusterImpl.java:lambda$waitForClusterToBeReady$0(223)) - SCM became leader
2023-01-24 12:22:57,954 [c6074cc5-da23-4fc2-b305-e072798acc5a@group-AF998D485830-FollowerState] INFO  impl.FollowerState (FollowerState.java:run(143)) - c6074cc5-da23-4fc2-b305-e072798acc5a@group-AF998D485830-FollowerState: change to CANDIDATE, lastRpcElapsedTime:5016290611ns, electionTimeout:5015ms
2023-01-24 12:22:57,954 [c6074cc5-da23-4fc2-b305-e072798acc5a@group-AF998D485830-FollowerState] INFO  impl.RoleInfo (RoleInfo.java:shutdownFollowerState(110)) - c6074cc5-da23-4fc2-b305-e072798acc5a: shutdown c6074cc5-da23-4fc2-b305-e072798acc5a@group-AF998D485830-FollowerState
2023-01-24 12:22:57,954 [c6074cc5-da23-4fc2-b305-e072798acc5a@group-AF998D485830-FollowerState] INFO  server.RaftServer$Division (RaftServerImpl.java:setRole(321)) - c6074cc5-da23-4fc2-b305-e072798acc5a@group-AF998D485830: changes role from  FOLLOWER to CANDIDATE at term 0 for changeToCandidate
2023-01-24 12:22:57,955 [c6074cc5-da23-4fc2-b305-e072798acc5a@group-AF998D485830-FollowerState] INFO  server.RaftServerConfigKeys (ConfUtils.java:logGet(46)) - raft.server.leaderelection.pre-vote = false (custom)
2023-01-24 12:22:57,955 [c6074cc5-da23-4fc2-b305-e072798acc5a@group-AF998D485830-FollowerState] INFO  impl.RoleInfo (RoleInfo.java:updateAndGet(139)) - c6074cc5-da23-4fc2-b305-e072798acc5a: start c6074cc5-da23-4fc2-b305-e072798acc5a@group-AF998D485830-LeaderElection2
2023-01-24 12:22:57,960 [c6074cc5-da23-4fc2-b305-e072798acc5a@group-AF998D485830-LeaderElection2] INFO  impl.LeaderElection (LeaderElection.java:askForVotes(312)) - c6074cc5-da23-4fc2-b305-e072798acc5a@group-AF998D485830-LeaderElection2 ELECTION round 0: submit vote requests at term 1 for -1: peers:[c6074cc5-da23-4fc2-b305-e072798acc5a|rpc:10.1.1.14:38087|dataStream:10.1.1.14:46483|priority:1|startupRole:FOLLOWER]|listeners:[], old=null
2023-01-24 12:22:57,960 [c6074cc5-da23-4fc2-b305-e072798acc5a@group-AF998D485830-LeaderElection2] INFO  impl.LeaderElection (LeaderElection.java:askForVotes(314)) - c6074cc5-da23-4fc2-b305-e072798acc5a@group-AF998D485830-LeaderElection2 ELECTION round 0: result PASSED (term=1)
2023-01-24 12:22:57,961 [c6074cc5-da23-4fc2-b305-e072798acc5a@group-AF998D485830-LeaderElection2] INFO  impl.RoleInfo (RoleInfo.java:shutdownLeaderElection(130)) - c6074cc5-da23-4fc2-b305-e072798acc5a: shutdown c6074cc5-da23-4fc2-b305-e072798acc5a@group-AF998D485830-LeaderElection2
2023-01-24 12:22:57,961 [c6074cc5-da23-4fc2-b305-e072798acc5a@group-AF998D485830-LeaderElection2] INFO  server.RaftServer$Division (RaftServerImpl.java:setRole(321)) - c6074cc5-da23-4fc2-b305-e072798acc5a@group-AF998D485830: changes role from CANDIDATE to LEADER at term 1 for changeToLeader
2023-01-24 12:22:57,961 [c6074cc5-da23-4fc2-b305-e072798acc5a@group-AF998D485830-LeaderElection2] INFO  ratis.XceiverServerRatis (XceiverServerRatis.java:handleLeaderChangedNotification(904)) - Leader change notification received for group: group-AF998D485830 with new leaderId: c6074cc5-da23-4fc2-b305-e072798acc5a
2023-01-24 12:22:57,961 [c6074cc5-da23-4fc2-b305-e072798acc5a@group-AF998D485830-LeaderElection2] INFO  server.RaftServer$Division (ServerState.java:setLeader(313)) - c6074cc5-da23-4fc2-b305-e072798acc5a@group-AF998D485830: change Leader from null to c6074cc5-da23-4fc2-b305-e072798acc5a at term 1 for becomeLeader, leader elected after 5061ms
2023-01-24 12:22:57,962 [c6074cc5-da23-4fc2-b305-e072798acc5a@group-AF998D485830-LeaderElection2] INFO  server.RaftServerConfigKeys (ConfUtils.java:logGet(46)) - raft.server.staging.catchup.gap = 1000 (default)
2023-01-24 12:22:57,963 [c6074cc5-da23-4fc2-b305-e072798acc5a@group-AF998D485830-LeaderElection2] INFO  server.RaftServerConfigKeys (ConfUtils.java:logGet(46)) - raft.server.write.element-limit = 1024 (custom)
2023-01-24 12:22:57,963 [c6074cc5-da23-4fc2-b305-e072798acc5a@group-AF998D485830-LeaderElection2] INFO  server.RaftServerConfigKeys (ConfUtils.java:logGet(46)) - raft.server.write.byte-limit = 1024 M (=1073741824) (custom)
2023-01-24 12:22:57,963 [c6074cc5-da23-4fc2-b305-e072798acc5a@group-AF998D485830-LeaderElection2] INFO  server.RaftServerConfigKeys (ConfUtils.java:logGet(46)) - raft.server.watch.timeout = 180s (custom)
2023-01-24 12:22:57,963 [c6074cc5-da23-4fc2-b305-e072798acc5a@group-AF998D485830-LeaderElection2] INFO  server.RaftServerConfigKeys (ConfUtils.java:logGet(46)) - raft.server.watch.timeout.denomination = 1s (default)
2023-01-24 12:22:57,963 [c6074cc5-da23-4fc2-b305-e072798acc5a@group-AF998D485830-LeaderElection2] INFO  server.RaftServerConfigKeys (ConfUtils.java:logGet(46)) - raft.server.watch.element-limit = 65536 (default)
2023-01-24 12:22:57,963 [c6074cc5-da23-4fc2-b305-e072798acc5a@group-AF998D485830-LeaderElection2] INFO  server.RaftServerConfigKeys (ConfUtils.java:logGet(46)) - raft.server.write.element-limit = 1024 (custom)
2023-01-24 12:22:57,963 [c6074cc5-da23-4fc2-b305-e072798acc5a@group-AF998D485830-LeaderElection2] INFO  server.RaftServerConfigKeys (ConfUtils.java:logGet(46)) - raft.server.write.follower.gap.ratio.max = -1.0 (default)
2023-01-24 12:22:57,963 [c6074cc5-da23-4fc2-b305-e072798acc5a@group-AF998D485830-LeaderElection2] INFO  impl.RoleInfo (RoleInfo.java:updateAndGet(139)) - c6074cc5-da23-4fc2-b305-e072798acc5a: start c6074cc5-da23-4fc2-b305-e072798acc5a@group-AF998D485830-LeaderStateImpl
2023-01-24 12:22:57,964 [c6074cc5-da23-4fc2-b305-e072798acc5a@group-AF998D485830-LeaderElection2] INFO  segmented.SegmentedRaftLogWorker (SegmentedRaftLogWorker.java:startLogSegment(452)) - c6074cc5-da23-4fc2-b305-e072798acc5a@group-AF998D485830-SegmentedRaftLogWorker: Starting segment from index:0
2023-01-24 12:22:57,964 [EventQueue-OpenPipelineForHealthyPipelineSafeModeRule] INFO  safemode.SCMSafeModeManager (HealthyPipelineSafeModeRule.java:process(137)) - SCM in safe mode. Healthy pipelines reported count is 0, required healthy pipeline reported count is 1
2023-01-24 12:22:57,965 [c6074cc5-da23-4fc2-b305-e072798acc5a@group-AF998D485830-SegmentedRaftLogWorker] INFO  segmented.SegmentedRaftLogWorker (SegmentedRaftLogWorker.java:execute(656)) - c6074cc5-da23-4fc2-b305-e072798acc5a@group-AF998D485830-SegmentedRaftLogWorker: created new log segment /home/runner/work/ozone/ozone/hadoop-ozone/integration-test/target/test-dir/MiniOzoneClusterImpl-9ddee5dd-a9b0-4f84-bf8c-5f63b859aaaf/datanode-0/data/ratis/6ba87368-2269-4ceb-802e-af998d485830/current/log_inprogress_0
2023-01-24 12:22:57,971 [c6074cc5-da23-4fc2-b305-e072798acc5a@group-AF998D485830-LeaderElection2] INFO  server.RaftServer$Division (ServerState.java:setRaftConf(430)) - c6074cc5-da23-4fc2-b305-e072798acc5a@group-AF998D485830: set configuration 0: peers:[c6074cc5-da23-4fc2-b305-e072798acc5a|rpc:10.1.1.14:38087|dataStream:10.1.1.14:46483|priority:1|startupRole:FOLLOWER]|listeners:[], old=null
2023-01-24 12:22:58,062 [c6074cc5-da23-4fc2-b305-e072798acc5a@group-34335D786654-FollowerState] INFO  impl.FollowerState (FollowerState.java:run(143)) - c6074cc5-da23-4fc2-b305-e072798acc5a@group-34335D786654-FollowerState: change to CANDIDATE, lastRpcElapsedTime:5084384707ns, electionTimeout:5083ms
2023-01-24 12:22:58,063 [c6074cc5-da23-4fc2-b305-e072798acc5a@group-34335D786654-FollowerState] INFO  impl.RoleInfo (RoleInfo.java:shutdownFollowerState(110)) - c6074cc5-da23-4fc2-b305-e072798acc5a: shutdown c6074cc5-da23-4fc2-b305-e072798acc5a@group-34335D786654-FollowerState
2023-01-24 12:22:58,063 [c6074cc5-da23-4fc2-b305-e072798acc5a@group-34335D786654-FollowerState] INFO  server.RaftServer$Division (RaftServerImpl.java:setRole(321)) - c6074cc5-da23-4fc2-b305-e072798acc5a@group-34335D786654: changes role from  FOLLOWER to CANDIDATE at term 0 for changeToCandidate
2023-01-24 12:22:58,063 [c6074cc5-da23-4fc2-b305-e072798acc5a@group-34335D786654-FollowerState] INFO  server.RaftServerConfigKeys (ConfUtils.java:logGet(46)) - raft.server.leaderelection.pre-vote = false (custom)
2023-01-24 12:22:58,064 [c6074cc5-da23-4fc2-b305-e072798acc5a@group-34335D786654-FollowerState] INFO  impl.RoleInfo (RoleInfo.java:updateAndGet(139)) - c6074cc5-da23-4fc2-b305-e072798acc5a: start c6074cc5-da23-4fc2-b305-e072798acc5a@group-34335D786654-LeaderElection3
2023-01-24 12:22:58,068 [c6074cc5-da23-4fc2-b305-e072798acc5a@group-34335D786654-LeaderElection3] INFO  impl.LeaderElection (LeaderElection.java:askForVotes(312)) - c6074cc5-da23-4fc2-b305-e072798acc5a@group-34335D786654-LeaderElection3 ELECTION round 0: submit vote requests at term 1 for -1: peers:[c6074cc5-da23-4fc2-b305-e072798acc5a|rpc:10.1.1.14:38087|dataStream:10.1.1.14:46483|priority:0|startupRole:FOLLOWER, 93701946-f5e3-4943-a932-e133db5deae9|rpc:10.1.1.14:32935|dataStream:10.1.1.14:45565|priority:1|startupRole:FOLLOWER, 7141d06d-71d8-4a56-9b5d-23c6772b1ac6|rpc:10.1.1.14:37745|dataStream:10.1.1.14:35891|priority:0|startupRole:FOLLOWER]|listeners:[], old=null
2023-01-24 12:22:58,073 [c6074cc5-da23-4fc2-b305-e072798acc5a@group-34335D786654-LeaderElection3] INFO  server.RaftServerConfigKeys (ConfUtils.java:logFallback(53)) - raft.server.rpc.first-election.timeout.min = 5s (fallback to raft.server.rpc.timeout.min)
2023-01-24 12:22:58,073 [c6074cc5-da23-4fc2-b305-e072798acc5a@group-34335D786654-LeaderElection3] INFO  server.RaftServerConfigKeys (ConfUtils.java:logFallback(53)) - raft.server.rpc.first-election.timeout.max = 5200ms (fallback to raft.server.rpc.timeout.max)
2023-01-24 12:22:58,080 [c6074cc5-da23-4fc2-b305-e072798acc5a@group-34335D786654-LeaderElection3-1] INFO  server.GrpcServerProtocolClient (GrpcServerProtocolClient.java:<init>(63)) - Build channel for 93701946-f5e3-4943-a932-e133db5deae9
2023-01-24 12:22:58,082 [c6074cc5-da23-4fc2-b305-e072798acc5a@group-34335D786654-LeaderElection3-2] INFO  server.GrpcServerProtocolClient (GrpcServerProtocolClient.java:<init>(63)) - Build channel for 7141d06d-71d8-4a56-9b5d-23c6772b1ac6
2023-01-24 12:22:58,091 [grpc-default-executor-1] INFO  server.RaftServer$Division (RaftServerImpl.java:requestVote(1218)) - 7141d06d-71d8-4a56-9b5d-23c6772b1ac6@group-34335D786654: receive requestVote(ELECTION, c6074cc5-da23-4fc2-b305-e072798acc5a, group-34335D786654, 1, (t:0, i:0))
2023-01-24 12:22:58,093 [grpc-default-executor-1] INFO  impl.VoteContext (VoteContext.java:log(49)) - 7141d06d-71d8-4a56-9b5d-23c6772b1ac6@group-34335D786654-FOLLOWER: accept ELECTION from c6074cc5-da23-4fc2-b305-e072798acc5a: our priority 0 <= candidate's priority 0
2023-01-24 12:22:58,093 [grpc-default-executor-1] INFO  server.RaftServer$Division (RaftServerImpl.java:setRole(321)) - 7141d06d-71d8-4a56-9b5d-23c6772b1ac6@group-34335D786654: changes role from  FOLLOWER to FOLLOWER at term 1 for candidate:c6074cc5-da23-4fc2-b305-e072798acc5a
2023-01-24 12:22:58,093 [grpc-default-executor-1] INFO  impl.RoleInfo (RoleInfo.java:shutdownFollowerState(110)) - 7141d06d-71d8-4a56-9b5d-23c6772b1ac6: shutdown 7141d06d-71d8-4a56-9b5d-23c6772b1ac6@group-34335D786654-FollowerState
2023-01-24 12:22:58,093 [7141d06d-71d8-4a56-9b5d-23c6772b1ac6@group-34335D786654-FollowerState] INFO  impl.FollowerState (FollowerState.java:run(152)) - 7141d06d-71d8-4a56-9b5d-23c6772b1ac6@group-34335D786654-FollowerState was interrupted
2023-01-24 12:22:58,099 [grpc-default-executor-0] INFO  server.RaftServer$Division (RaftServerImpl.java:requestVote(1218)) - 93701946-f5e3-4943-a932-e133db5deae9@group-34335D786654: receive requestVote(ELECTION, c6074cc5-da23-4fc2-b305-e072798acc5a, group-34335D786654, 1, (t:0, i:0))
2023-01-24 12:22:58,099 [grpc-default-executor-1] INFO  impl.RoleInfo (RoleInfo.java:updateAndGet(139)) - 7141d06d-71d8-4a56-9b5d-23c6772b1ac6: start 7141d06d-71d8-4a56-9b5d-23c6772b1ac6@group-34335D786654-FollowerState
2023-01-24 12:22:58,099 [grpc-default-executor-0] INFO  impl.VoteContext (VoteContext.java:log(49)) - 93701946-f5e3-4943-a932-e133db5deae9@group-34335D786654-FOLLOWER: reject ELECTION from c6074cc5-da23-4fc2-b305-e072798acc5a: our priority 1 > candidate's priority 0
2023-01-24 12:22:58,100 [grpc-default-executor-0] INFO  server.RaftServer$Division (RaftServerImpl.java:setRole(321)) - 93701946-f5e3-4943-a932-e133db5deae9@group-34335D786654: changes role from  FOLLOWER to FOLLOWER at term 1 for candidate:c6074cc5-da23-4fc2-b305-e072798acc5a
2023-01-24 12:22:58,100 [grpc-default-executor-0] INFO  impl.RoleInfo (RoleInfo.java:shutdownFollowerState(110)) - 93701946-f5e3-4943-a932-e133db5deae9: shutdown 93701946-f5e3-4943-a932-e133db5deae9@group-34335D786654-FollowerState
2023-01-24 12:22:58,101 [93701946-f5e3-4943-a932-e133db5deae9@group-34335D786654-FollowerState] INFO  impl.FollowerState (FollowerState.java:run(152)) - 93701946-f5e3-4943-a932-e133db5deae9@group-34335D786654-FollowerState was interrupted
2023-01-24 12:22:58,101 [grpc-default-executor-0] INFO  impl.RoleInfo (RoleInfo.java:updateAndGet(139)) - 93701946-f5e3-4943-a932-e133db5deae9: start 93701946-f5e3-4943-a932-e133db5deae9@group-34335D786654-FollowerState
2023-01-24 12:22:58,101 [7141d06d-71d8-4a56-9b5d-23c6772b1ac6@group-34335D786654-FollowerState] INFO  server.RaftServerConfigKeys (ConfUtils.java:logFallback(53)) - raft.server.rpc.first-election.timeout.min = 5s (fallback to raft.server.rpc.timeout.min)
2023-01-24 12:22:58,101 [7141d06d-71d8-4a56-9b5d-23c6772b1ac6@group-34335D786654-FollowerState] INFO  server.RaftServerConfigKeys (ConfUtils.java:logFallback(53)) - raft.server.rpc.first-election.timeout.max = 5200ms (fallback to raft.server.rpc.timeout.max)
2023-01-24 12:22:58,103 [93701946-f5e3-4943-a932-e133db5deae9@group-34335D786654-FollowerState] INFO  server.RaftServerConfigKeys (ConfUtils.java:logFallback(53)) - raft.server.rpc.first-election.timeout.min = 5s (fallback to raft.server.rpc.timeout.min)
2023-01-24 12:22:58,103 [93701946-f5e3-4943-a932-e133db5deae9@group-34335D786654-FollowerState] INFO  server.RaftServerConfigKeys (ConfUtils.java:logFallback(53)) - raft.server.rpc.first-election.timeout.max = 5200ms (fallback to raft.server.rpc.timeout.max)
2023-01-24 12:22:58,109 [grpc-default-executor-1] INFO  server.RaftServer$Division (RaftServerImpl.java:requestVote(1251)) - 7141d06d-71d8-4a56-9b5d-23c6772b1ac6@group-34335D786654 replies to ELECTION vote request: c6074cc5-da23-4fc2-b305-e072798acc5a<-7141d06d-71d8-4a56-9b5d-23c6772b1ac6#0:OK-t1. Peer's state: 7141d06d-71d8-4a56-9b5d-23c6772b1ac6@group-34335D786654:t1, leader=null, voted=c6074cc5-da23-4fc2-b305-e072798acc5a, raftlog=Memoized:7141d06d-71d8-4a56-9b5d-23c6772b1ac6@group-34335D786654-SegmentedRaftLog:OPENED:c-1, conf=-1: peers:[c6074cc5-da23-4fc2-b305-e072798acc5a|rpc:10.1.1.14:38087|dataStream:10.1.1.14:46483|priority:0|startupRole:FOLLOWER, 93701946-f5e3-4943-a932-e133db5deae9|rpc:10.1.1.14:32935|dataStream:10.1.1.14:45565|priority:1|startupRole:FOLLOWER, 7141d06d-71d8-4a56-9b5d-23c6772b1ac6|rpc:10.1.1.14:37745|dataStream:10.1.1.14:35891|priority:0|startupRole:FOLLOWER]|listeners:[], old=null
2023-01-24 12:22:58,109 [grpc-default-executor-0] INFO  server.RaftServer$Division (RaftServerImpl.java:requestVote(1251)) - 93701946-f5e3-4943-a932-e133db5deae9@group-34335D786654 replies to ELECTION vote request: c6074cc5-da23-4fc2-b305-e072798acc5a<-93701946-f5e3-4943-a932-e133db5deae9#0:FAIL-t1. Peer's state: 93701946-f5e3-4943-a932-e133db5deae9@group-34335D786654:t1, leader=null, voted=null, raftlog=Memoized:93701946-f5e3-4943-a932-e133db5deae9@group-34335D786654-SegmentedRaftLog:OPENED:c-1, conf=-1: peers:[c6074cc5-da23-4fc2-b305-e072798acc5a|rpc:10.1.1.14:38087|dataStream:10.1.1.14:46483|priority:0|startupRole:FOLLOWER, 93701946-f5e3-4943-a932-e133db5deae9|rpc:10.1.1.14:32935|dataStream:10.1.1.14:45565|priority:1|startupRole:FOLLOWER, 7141d06d-71d8-4a56-9b5d-23c6772b1ac6|rpc:10.1.1.14:37745|dataStream:10.1.1.14:35891|priority:0|startupRole:FOLLOWER]|listeners:[], old=null
2023-01-24 12:22:58,114 [c6074cc5-da23-4fc2-b305-e072798acc5a@group-34335D786654-LeaderElection3] INFO  impl.LeaderElection (LeaderElection.java:logAndReturn(90)) - c6074cc5-da23-4fc2-b305-e072798acc5a@group-34335D786654-LeaderElection3: ELECTION REJECTED received 2 response(s) and 0 exception(s):
2023-01-24 12:22:58,114 [c6074cc5-da23-4fc2-b305-e072798acc5a@group-34335D786654-LeaderElection3] INFO  impl.LeaderElection (LeaderElection.java:logAndReturn(94)) -   Response 0: c6074cc5-da23-4fc2-b305-e072798acc5a<-93701946-f5e3-4943-a932-e133db5deae9#0:FAIL-t1
2023-01-24 12:22:58,114 [c6074cc5-da23-4fc2-b305-e072798acc5a@group-34335D786654-LeaderElection3] INFO  impl.LeaderElection (LeaderElection.java:logAndReturn(94)) -   Response 1: c6074cc5-da23-4fc2-b305-e072798acc5a<-7141d06d-71d8-4a56-9b5d-23c6772b1ac6#0:OK-t1
2023-01-24 12:22:58,114 [c6074cc5-da23-4fc2-b305-e072798acc5a@group-34335D786654-LeaderElection3] INFO  impl.LeaderElection (LeaderElection.java:askForVotes(314)) - c6074cc5-da23-4fc2-b305-e072798acc5a@group-34335D786654-LeaderElection3 ELECTION round 0: result REJECTED
2023-01-24 12:22:58,114 [c6074cc5-da23-4fc2-b305-e072798acc5a@group-34335D786654-LeaderElection3] INFO  server.RaftServer$Division (RaftServerImpl.java:setRole(321)) - c6074cc5-da23-4fc2-b305-e072798acc5a@group-34335D786654: changes role from CANDIDATE to FOLLOWER at term 1 for REJECTED
2023-01-24 12:22:58,114 [c6074cc5-da23-4fc2-b305-e072798acc5a@group-34335D786654-LeaderElection3] INFO  impl.RoleInfo (RoleInfo.java:shutdownLeaderElection(130)) - c6074cc5-da23-4fc2-b305-e072798acc5a: shutdown c6074cc5-da23-4fc2-b305-e072798acc5a@group-34335D786654-LeaderElection3
2023-01-24 12:22:58,115 [c6074cc5-da23-4fc2-b305-e072798acc5a@group-34335D786654-LeaderElection3] INFO  impl.RoleInfo (RoleInfo.java:updateAndGet(139)) - c6074cc5-da23-4fc2-b305-e072798acc5a: start c6074cc5-da23-4fc2-b305-e072798acc5a@group-34335D786654-FollowerState
2023-01-24 12:22:58,115 [c6074cc5-da23-4fc2-b305-e072798acc5a@group-34335D786654-FollowerState] INFO  server.RaftServerConfigKeys (ConfUtils.java:logFallback(53)) - raft.server.rpc.first-election.timeout.min = 5s (fallback to raft.server.rpc.timeout.min)
2023-01-24 12:22:58,116 [c6074cc5-da23-4fc2-b305-e072798acc5a@group-34335D786654-FollowerState] INFO  server.RaftServerConfigKeys (ConfUtils.java:logFallback(53)) - raft.server.rpc.first-election.timeout.max = 5200ms (fallback to raft.server.rpc.timeout.max)
2023-01-24 12:22:58,237 [Listener at 127.0.0.1/46625] INFO  ozone.MiniOzoneClusterImpl (MiniOzoneClusterImpl.java:lambda$waitForClusterToBeReady$0(218)) - Nodes are ready. Got 10 of 10 DN Heartbeats.
2023-01-24 12:22:58,237 [Listener at 127.0.0.1/46625] INFO  ozone.MiniOzoneClusterImpl (MiniOzoneClusterImpl.java:lambda$waitForClusterToBeReady$0(221)) - Waiting for cluster to exit safe mode
2023-01-24 12:22:58,238 [Listener at 127.0.0.1/46625] INFO  ozone.MiniOzoneClusterImpl (MiniOzoneClusterImpl.java:lambda$waitForClusterToBeReady$0(223)) - SCM became leader
2023-01-24 12:22:58,502 [7141d06d-71d8-4a56-9b5d-23c6772b1ac6@group-7F17D7D56448-FollowerState] INFO  impl.FollowerState (FollowerState.java:run(143)) - 7141d06d-71d8-4a56-9b5d-23c6772b1ac6@group-7F17D7D56448-FollowerState: change to CANDIDATE, lastRpcElapsedTime:5136846504ns, electionTimeout:5127ms
2023-01-24 12:22:58,502 [7141d06d-71d8-4a56-9b5d-23c6772b1ac6@group-7F17D7D56448-FollowerState] INFO  impl.RoleInfo (RoleInfo.java:shutdownFollowerState(110)) - 7141d06d-71d8-4a56-9b5d-23c6772b1ac6: shutdown 7141d06d-71d8-4a56-9b5d-23c6772b1ac6@group-7F17D7D56448-FollowerState
2023-01-24 12:22:58,502 [7141d06d-71d8-4a56-9b5d-23c6772b1ac6@group-7F17D7D56448-FollowerState] INFO  server.RaftServer$Division (RaftServerImpl.java:setRole(321)) - 7141d06d-71d8-4a56-9b5d-23c6772b1ac6@group-7F17D7D56448: changes role from  FOLLOWER to CANDIDATE at term 0 for changeToCandidate
2023-01-24 12:22:58,503 [7141d06d-71d8-4a56-9b5d-23c6772b1ac6@group-7F17D7D56448-FollowerState] INFO  server.RaftServerConfigKeys (ConfUtils.java:logGet(46)) - raft.server.leaderelection.pre-vote = false (custom)
2023-01-24 12:22:58,503 [7141d06d-71d8-4a56-9b5d-23c6772b1ac6@group-7F17D7D56448-FollowerState] INFO  impl.RoleInfo (RoleInfo.java:updateAndGet(139)) - 7141d06d-71d8-4a56-9b5d-23c6772b1ac6: start 7141d06d-71d8-4a56-9b5d-23c6772b1ac6@group-7F17D7D56448-LeaderElection4
2023-01-24 12:22:58,506 [7141d06d-71d8-4a56-9b5d-23c6772b1ac6@group-7F17D7D56448-LeaderElection4] INFO  impl.LeaderElection (LeaderElection.java:askForVotes(312)) - 7141d06d-71d8-4a56-9b5d-23c6772b1ac6@group-7F17D7D56448-LeaderElection4 ELECTION round 0: submit vote requests at term 1 for -1: peers:[7141d06d-71d8-4a56-9b5d-23c6772b1ac6|rpc:10.1.1.14:37745|dataStream:10.1.1.14:35891|priority:1|startupRole:FOLLOWER]|listeners:[], old=null
2023-01-24 12:22:58,506 [7141d06d-71d8-4a56-9b5d-23c6772b1ac6@group-7F17D7D56448-LeaderElection4] INFO  impl.LeaderElection (LeaderElection.java:askForVotes(314)) - 7141d06d-71d8-4a56-9b5d-23c6772b1ac6@group-7F17D7D56448-LeaderElection4 ELECTION round 0: result PASSED (term=1)
2023-01-24 12:22:58,506 [7141d06d-71d8-4a56-9b5d-23c6772b1ac6@group-7F17D7D56448-LeaderElection4] INFO  impl.RoleInfo (RoleInfo.java:shutdownLeaderElection(130)) - 7141d06d-71d8-4a56-9b5d-23c6772b1ac6: shutdown 7141d06d-71d8-4a56-9b5d-23c6772b1ac6@group-7F17D7D56448-LeaderElection4
2023-01-24 12:22:58,506 [7141d06d-71d8-4a56-9b5d-23c6772b1ac6@group-7F17D7D56448-LeaderElection4] INFO  server.RaftServer$Division (RaftServerImpl.java:setRole(321)) - 7141d06d-71d8-4a56-9b5d-23c6772b1ac6@group-7F17D7D56448: changes role from CANDIDATE to LEADER at term 1 for changeToLeader
2023-01-24 12:22:58,506 [7141d06d-71d8-4a56-9b5d-23c6772b1ac6@group-7F17D7D56448-LeaderElection4] INFO  ratis.XceiverServerRatis (XceiverServerRatis.java:handleLeaderChangedNotification(904)) - Leader change notification received for group: group-7F17D7D56448 with new leaderId: 7141d06d-71d8-4a56-9b5d-23c6772b1ac6
2023-01-24 12:22:58,506 [7141d06d-71d8-4a56-9b5d-23c6772b1ac6@group-7F17D7D56448-LeaderElection4] INFO  server.RaftServer$Division (ServerState.java:setLeader(313)) - 7141d06d-71d8-4a56-9b5d-23c6772b1ac6@group-7F17D7D56448: change Leader from null to 7141d06d-71d8-4a56-9b5d-23c6772b1ac6 at term 1 for becomeLeader, leader elected after 5161ms
2023-01-24 12:22:58,506 [7141d06d-71d8-4a56-9b5d-23c6772b1ac6@group-7F17D7D56448-LeaderElection4] INFO  server.RaftServerConfigKeys (ConfUtils.java:logGet(46)) - raft.server.staging.catchup.gap = 1000 (default)
2023-01-24 12:22:58,507 [7141d06d-71d8-4a56-9b5d-23c6772b1ac6@group-7F17D7D56448-LeaderElection4] INFO  server.RaftServerConfigKeys (ConfUtils.java:logGet(46)) - raft.server.write.element-limit = 1024 (custom)
2023-01-24 12:22:58,507 [7141d06d-71d8-4a56-9b5d-23c6772b1ac6@group-7F17D7D56448-LeaderElection4] INFO  server.RaftServerConfigKeys (ConfUtils.java:logGet(46)) - raft.server.write.byte-limit = 1024 M (=1073741824) (custom)
2023-01-24 12:22:58,507 [7141d06d-71d8-4a56-9b5d-23c6772b1ac6@group-7F17D7D56448-LeaderElection4] INFO  server.RaftServerConfigKeys (ConfUtils.java:logGet(46)) - raft.server.watch.timeout = 180s (custom)
2023-01-24 12:22:58,507 [7141d06d-71d8-4a56-9b5d-23c6772b1ac6@group-7F17D7D56448-LeaderElection4] INFO  server.RaftServerConfigKeys (ConfUtils.java:logGet(46)) - raft.server.watch.timeout.denomination = 1s (default)
2023-01-24 12:22:58,507 [7141d06d-71d8-4a56-9b5d-23c6772b1ac6@group-7F17D7D56448-LeaderElection4] INFO  server.RaftServerConfigKeys (ConfUtils.java:logGet(46)) - raft.server.watch.element-limit = 65536 (default)
2023-01-24 12:22:58,508 [7141d06d-71d8-4a56-9b5d-23c6772b1ac6@group-7F17D7D56448-LeaderElection4] INFO  server.RaftServerConfigKeys (ConfUtils.java:logGet(46)) - raft.server.write.element-limit = 1024 (custom)
2023-01-24 12:22:58,508 [7141d06d-71d8-4a56-9b5d-23c6772b1ac6@group-7F17D7D56448-LeaderElection4] INFO  server.RaftServerConfigKeys (ConfUtils.java:logGet(46)) - raft.server.write.follower.gap.ratio.max = -1.0 (default)
2023-01-24 12:22:58,508 [7141d06d-71d8-4a56-9b5d-23c6772b1ac6@group-7F17D7D56448-LeaderElection4] INFO  impl.RoleInfo (RoleInfo.java:updateAndGet(139)) - 7141d06d-71d8-4a56-9b5d-23c6772b1ac6: start 7141d06d-71d8-4a56-9b5d-23c6772b1ac6@group-7F17D7D56448-LeaderStateImpl
2023-01-24 12:22:58,509 [EventQueue-OpenPipelineForHealthyPipelineSafeModeRule] INFO  safemode.SCMSafeModeManager (HealthyPipelineSafeModeRule.java:process(137)) - SCM in safe mode. Healthy pipelines reported count is 0, required healthy pipeline reported count is 1
2023-01-24 12:22:58,509 [7141d06d-71d8-4a56-9b5d-23c6772b1ac6@group-7F17D7D56448-LeaderElection4] INFO  segmented.SegmentedRaftLogWorker (SegmentedRaftLogWorker.java:startLogSegment(452)) - 7141d06d-71d8-4a56-9b5d-23c6772b1ac6@group-7F17D7D56448-SegmentedRaftLogWorker: Starting segment from index:0
2023-01-24 12:22:58,510 [7141d06d-71d8-4a56-9b5d-23c6772b1ac6@group-7F17D7D56448-SegmentedRaftLogWorker] INFO  segmented.SegmentedRaftLogWorker (SegmentedRaftLogWorker.java:execute(656)) - 7141d06d-71d8-4a56-9b5d-23c6772b1ac6@group-7F17D7D56448-SegmentedRaftLogWorker: created new log segment /home/runner/work/ozone/ozone/hadoop-ozone/integration-test/target/test-dir/MiniOzoneClusterImpl-9ddee5dd-a9b0-4f84-bf8c-5f63b859aaaf/datanode-1/data/ratis/c0a6e05b-9d0b-41dd-bd53-7f17d7d56448/current/log_inprogress_0
2023-01-24 12:22:58,511 [7141d06d-71d8-4a56-9b5d-23c6772b1ac6@group-7F17D7D56448-LeaderElection4] INFO  server.RaftServer$Division (ServerState.java:setRaftConf(430)) - 7141d06d-71d8-4a56-9b5d-23c6772b1ac6@group-7F17D7D56448: set configuration 0: peers:[7141d06d-71d8-4a56-9b5d-23c6772b1ac6|rpc:10.1.1.14:37745|dataStream:10.1.1.14:35891|priority:1|startupRole:FOLLOWER]|listeners:[], old=null
2023-01-24 12:22:58,916 [93701946-f5e3-4943-a932-e133db5deae9@group-321FF30531CD-FollowerState] INFO  impl.FollowerState (FollowerState.java:run(143)) - 93701946-f5e3-4943-a932-e133db5deae9@group-321FF30531CD-FollowerState: change to CANDIDATE, lastRpcElapsedTime:5044209509ns, electionTimeout:5042ms
2023-01-24 12:22:58,916 [93701946-f5e3-4943-a932-e133db5deae9@group-321FF30531CD-FollowerState] INFO  impl.RoleInfo (RoleInfo.java:shutdownFollowerState(110)) - 93701946-f5e3-4943-a932-e133db5deae9: shutdown 93701946-f5e3-4943-a932-e133db5deae9@group-321FF30531CD-FollowerState
2023-01-24 12:22:58,916 [93701946-f5e3-4943-a932-e133db5deae9@group-321FF30531CD-FollowerState] INFO  server.RaftServer$Division (RaftServerImpl.java:setRole(321)) - 93701946-f5e3-4943-a932-e133db5deae9@group-321FF30531CD: changes role from  FOLLOWER to CANDIDATE at term 0 for changeToCandidate
2023-01-24 12:22:58,919 [93701946-f5e3-4943-a932-e133db5deae9@group-321FF30531CD-FollowerState] INFO  server.RaftServerConfigKeys (ConfUtils.java:logGet(46)) - raft.server.leaderelection.pre-vote = false (custom)
2023-01-24 12:22:58,919 [93701946-f5e3-4943-a932-e133db5deae9@group-321FF30531CD-FollowerState] INFO  impl.RoleInfo (RoleInfo.java:updateAndGet(139)) - 93701946-f5e3-4943-a932-e133db5deae9: start 93701946-f5e3-4943-a932-e133db5deae9@group-321FF30531CD-LeaderElection5
2023-01-24 12:22:58,929 [93701946-f5e3-4943-a932-e133db5deae9@group-321FF30531CD-LeaderElection5] INFO  impl.LeaderElection (LeaderElection.java:askForVotes(312)) - 93701946-f5e3-4943-a932-e133db5deae9@group-321FF30531CD-LeaderElection5 ELECTION round 0: submit vote requests at term 1 for -1: peers:[93701946-f5e3-4943-a932-e133db5deae9|rpc:10.1.1.14:32935|dataStream:10.1.1.14:45565|priority:1|startupRole:FOLLOWER]|listeners:[], old=null
2023-01-24 12:22:58,929 [93701946-f5e3-4943-a932-e133db5deae9@group-321FF30531CD-LeaderElection5] INFO  impl.LeaderElection (LeaderElection.java:askForVotes(314)) - 93701946-f5e3-4943-a932-e133db5deae9@group-321FF30531CD-LeaderElection5 ELECTION round 0: result PASSED (term=1)
2023-01-24 12:22:58,929 [93701946-f5e3-4943-a932-e133db5deae9@group-321FF30531CD-LeaderElection5] INFO  impl.RoleInfo (RoleInfo.java:shutdownLeaderElection(130)) - 93701946-f5e3-4943-a932-e133db5deae9: shutdown 93701946-f5e3-4943-a932-e133db5deae9@group-321FF30531CD-LeaderElection5
2023-01-24 12:22:58,929 [93701946-f5e3-4943-a932-e133db5deae9@group-321FF30531CD-LeaderElection5] INFO  server.RaftServer$Division (RaftServerImpl.java:setRole(321)) - 93701946-f5e3-4943-a932-e133db5deae9@group-321FF30531CD: changes role from CANDIDATE to LEADER at term 1 for changeToLeader
2023-01-24 12:22:58,929 [93701946-f5e3-4943-a932-e133db5deae9@group-321FF30531CD-LeaderElection5] INFO  ratis.XceiverServerRatis (XceiverServerRatis.java:handleLeaderChangedNotification(904)) - Leader change notification received for group: group-321FF30531CD with new leaderId: 93701946-f5e3-4943-a932-e133db5deae9
2023-01-24 12:22:58,929 [93701946-f5e3-4943-a932-e133db5deae9@group-321FF30531CD-LeaderElection5] INFO  server.RaftServer$Division (ServerState.java:setLeader(313)) - 93701946-f5e3-4943-a932-e133db5deae9@group-321FF30531CD: change Leader from null to 93701946-f5e3-4943-a932-e133db5deae9 at term 1 for becomeLeader, leader elected after 5080ms
2023-01-24 12:22:58,929 [93701946-f5e3-4943-a932-e133db5deae9@group-321FF30531CD-LeaderElection5] INFO  server.RaftServerConfigKeys (ConfUtils.java:logGet(46)) - raft.server.staging.catchup.gap = 1000 (default)
2023-01-24 12:22:58,929 [93701946-f5e3-4943-a932-e133db5deae9@group-321FF30531CD-LeaderElection5] INFO  server.RaftServerConfigKeys (ConfUtils.java:logGet(46)) - raft.server.write.element-limit = 1024 (custom)
2023-01-24 12:22:58,929 [93701946-f5e3-4943-a932-e133db5deae9@group-321FF30531CD-LeaderElection5] INFO  server.RaftServerConfigKeys (ConfUtils.java:logGet(46)) - raft.server.write.byte-limit = 1024 M (=1073741824) (custom)
2023-01-24 12:22:58,929 [93701946-f5e3-4943-a932-e133db5deae9@group-321FF30531CD-LeaderElection5] INFO  server.RaftServerConfigKeys (ConfUtils.java:logGet(46)) - raft.server.watch.timeout = 180s (custom)
2023-01-24 12:22:58,930 [93701946-f5e3-4943-a932-e133db5deae9@group-321FF30531CD-LeaderElection5] INFO  server.RaftServerConfigKeys (ConfUtils.java:logGet(46)) - raft.server.watch.timeout.denomination = 1s (default)
2023-01-24 12:22:58,930 [93701946-f5e3-4943-a932-e133db5deae9@group-321FF30531CD-LeaderElection5] INFO  server.RaftServerConfigKeys (ConfUtils.java:logGet(46)) - raft.server.watch.element-limit = 65536 (default)
2023-01-24 12:22:58,930 [EventQueue-OpenPipelineForHealthyPipelineSafeModeRule] INFO  safemode.SCMSafeModeManager (HealthyPipelineSafeModeRule.java:process(137)) - SCM in safe mode. Healthy pipelines reported count is 0, required healthy pipeline reported count is 1
2023-01-24 12:22:58,930 [93701946-f5e3-4943-a932-e133db5deae9@group-321FF30531CD-LeaderElection5] INFO  server.RaftServerConfigKeys (ConfUtils.java:logGet(46)) - raft.server.write.element-limit = 1024 (custom)
2023-01-24 12:22:58,930 [93701946-f5e3-4943-a932-e133db5deae9@group-321FF30531CD-LeaderElection5] INFO  server.RaftServerConfigKeys (ConfUtils.java:logGet(46)) - raft.server.write.follower.gap.ratio.max = -1.0 (default)
2023-01-24 12:22:58,930 [93701946-f5e3-4943-a932-e133db5deae9@group-321FF30531CD-LeaderElection5] INFO  impl.RoleInfo (RoleInfo.java:updateAndGet(139)) - 93701946-f5e3-4943-a932-e133db5deae9: start 93701946-f5e3-4943-a932-e133db5deae9@group-321FF30531CD-LeaderStateImpl
2023-01-24 12:22:58,931 [93701946-f5e3-4943-a932-e133db5deae9@group-321FF30531CD-LeaderElection5] INFO  segmented.SegmentedRaftLogWorker (SegmentedRaftLogWorker.java:startLogSegment(452)) - 93701946-f5e3-4943-a932-e133db5deae9@group-321FF30531CD-SegmentedRaftLogWorker: Starting segment from index:0
2023-01-24 12:22:58,935 [93701946-f5e3-4943-a932-e133db5deae9@group-321FF30531CD-LeaderElection5] INFO  server.RaftServer$Division (ServerState.java:setRaftConf(430)) - 93701946-f5e3-4943-a932-e133db5deae9@group-321FF30531CD: set configuration 0: peers:[93701946-f5e3-4943-a932-e133db5deae9|rpc:10.1.1.14:32935|dataStream:10.1.1.14:45565|priority:1|startupRole:FOLLOWER]|listeners:[], old=null
2023-01-24 12:22:58,936 [93701946-f5e3-4943-a932-e133db5deae9@group-321FF30531CD-SegmentedRaftLogWorker] INFO  segmented.SegmentedRaftLogWorker (SegmentedRaftLogWorker.java:execute(656)) - 93701946-f5e3-4943-a932-e133db5deae9@group-321FF30531CD-SegmentedRaftLogWorker: created new log segment /home/runner/work/ozone/ozone/hadoop-ozone/integration-test/target/test-dir/MiniOzoneClusterImpl-9ddee5dd-a9b0-4f84-bf8c-5f63b859aaaf/datanode-2/data/ratis/e450c585-e12b-44c7-b97b-321ff30531cd/current/log_inprogress_0
2023-01-24 12:22:58,961 [7141d06d-71d8-4a56-9b5d-23c6772b1ac6@group-67DBD99A6914-FollowerState] INFO  impl.FollowerState (FollowerState.java:run(143)) - 7141d06d-71d8-4a56-9b5d-23c6772b1ac6@group-67DBD99A6914-FollowerState: change to CANDIDATE, lastRpcElapsedTime:5109099805ns, electionTimeout:5106ms
2023-01-24 12:22:58,961 [7141d06d-71d8-4a56-9b5d-23c6772b1ac6@group-67DBD99A6914-FollowerState] INFO  impl.RoleInfo (RoleInfo.java:shutdownFollowerState(110)) - 7141d06d-71d8-4a56-9b5d-23c6772b1ac6: shutdown 7141d06d-71d8-4a56-9b5d-23c6772b1ac6@group-67DBD99A6914-FollowerState
2023-01-24 12:22:58,961 [7141d06d-71d8-4a56-9b5d-23c6772b1ac6@group-67DBD99A6914-FollowerState] INFO  server.RaftServer$Division (RaftServerImpl.java:setRole(321)) - 7141d06d-71d8-4a56-9b5d-23c6772b1ac6@group-67DBD99A6914: changes role from  FOLLOWER to CANDIDATE at term 0 for changeToCandidate
2023-01-24 12:22:58,961 [7141d06d-71d8-4a56-9b5d-23c6772b1ac6@group-67DBD99A6914-FollowerState] INFO  server.RaftServerConfigKeys (ConfUtils.java:logGet(46)) - raft.server.leaderelection.pre-vote = false (custom)
2023-01-24 12:22:58,961 [7141d06d-71d8-4a56-9b5d-23c6772b1ac6@group-67DBD99A6914-FollowerState] INFO  impl.RoleInfo (RoleInfo.java:updateAndGet(139)) - 7141d06d-71d8-4a56-9b5d-23c6772b1ac6: start 7141d06d-71d8-4a56-9b5d-23c6772b1ac6@group-67DBD99A6914-LeaderElection6
2023-01-24 12:22:58,964 [7141d06d-71d8-4a56-9b5d-23c6772b1ac6@group-67DBD99A6914-LeaderElection6] INFO  impl.LeaderElection (LeaderElection.java:askForVotes(312)) - 7141d06d-71d8-4a56-9b5d-23c6772b1ac6@group-67DBD99A6914-LeaderElection6 ELECTION round 0: submit vote requests at term 1 for -1: peers:[c6074cc5-da23-4fc2-b305-e072798acc5a|rpc:10.1.1.14:38087|dataStream:10.1.1.14:46483|priority:1|startupRole:FOLLOWER, 93701946-f5e3-4943-a932-e133db5deae9|rpc:10.1.1.14:32935|dataStream:10.1.1.14:45565|priority:0|startupRole:FOLLOWER, 7141d06d-71d8-4a56-9b5d-23c6772b1ac6|rpc:10.1.1.14:37745|dataStream:10.1.1.14:35891|priority:0|startupRole:FOLLOWER]|listeners:[], old=null
2023-01-24 12:22:58,965 [7141d06d-71d8-4a56-9b5d-23c6772b1ac6@group-67DBD99A6914-LeaderElection6-1] INFO  server.GrpcServerProtocolClient (GrpcServerProtocolClient.java:<init>(63)) - Build channel for c6074cc5-da23-4fc2-b305-e072798acc5a
2023-01-24 12:22:58,966 [7141d06d-71d8-4a56-9b5d-23c6772b1ac6@group-67DBD99A6914-LeaderElection6] INFO  server.RaftServerConfigKeys (ConfUtils.java:logFallback(53)) - raft.server.rpc.first-election.timeout.min = 5s (fallback to raft.server.rpc.timeout.min)
2023-01-24 12:22:58,971 [7141d06d-71d8-4a56-9b5d-23c6772b1ac6@group-67DBD99A6914-LeaderElection6] INFO  server.RaftServerConfigKeys (ConfUtils.java:logFallback(53)) - raft.server.rpc.first-election.timeout.max = 5200ms (fallback to raft.server.rpc.timeout.max)
2023-01-24 12:22:58,974 [7141d06d-71d8-4a56-9b5d-23c6772b1ac6@group-67DBD99A6914-LeaderElection6-2] INFO  server.GrpcServerProtocolClient (GrpcServerProtocolClient.java:<init>(63)) - Build channel for 93701946-f5e3-4943-a932-e133db5deae9
2023-01-24 12:22:58,983 [grpc-default-executor-1] INFO  server.RaftServer$Division (RaftServerImpl.java:requestVote(1218)) - c6074cc5-da23-4fc2-b305-e072798acc5a@group-67DBD99A6914: receive requestVote(ELECTION, 7141d06d-71d8-4a56-9b5d-23c6772b1ac6, group-67DBD99A6914, 1, (t:0, i:0))
2023-01-24 12:22:58,983 [grpc-default-executor-0] INFO  server.RaftServer$Division (RaftServerImpl.java:requestVote(1218)) - 93701946-f5e3-4943-a932-e133db5deae9@group-67DBD99A6914: receive requestVote(ELECTION, 7141d06d-71d8-4a56-9b5d-23c6772b1ac6, group-67DBD99A6914, 1, (t:0, i:0))
2023-01-24 12:22:58,983 [grpc-default-executor-1] INFO  impl.VoteContext (VoteContext.java:log(49)) - c6074cc5-da23-4fc2-b305-e072798acc5a@group-67DBD99A6914-FOLLOWER: reject ELECTION from 7141d06d-71d8-4a56-9b5d-23c6772b1ac6: our priority 1 > candidate's priority 0
2023-01-24 12:22:58,984 [grpc-default-executor-0] INFO  impl.VoteContext (VoteContext.java:log(49)) - 93701946-f5e3-4943-a932-e133db5deae9@group-67DBD99A6914-FOLLOWER: accept ELECTION from 7141d06d-71d8-4a56-9b5d-23c6772b1ac6: our priority 0 <= candidate's priority 0
2023-01-24 12:22:58,984 [grpc-default-executor-1] INFO  server.RaftServer$Division (RaftServerImpl.java:setRole(321)) - c6074cc5-da23-4fc2-b305-e072798acc5a@group-67DBD99A6914: changes role from  FOLLOWER to FOLLOWER at term 1 for candidate:7141d06d-71d8-4a56-9b5d-23c6772b1ac6
2023-01-24 12:22:58,984 [grpc-default-executor-0] INFO  server.RaftServer$Division (RaftServerImpl.java:setRole(321)) - 93701946-f5e3-4943-a932-e133db5deae9@group-67DBD99A6914: changes role from  FOLLOWER to FOLLOWER at term 1 for candidate:7141d06d-71d8-4a56-9b5d-23c6772b1ac6
2023-01-24 12:22:58,984 [grpc-default-executor-1] INFO  impl.RoleInfo (RoleInfo.java:shutdownFollowerState(110)) - c6074cc5-da23-4fc2-b305-e072798acc5a: shutdown c6074cc5-da23-4fc2-b305-e072798acc5a@group-67DBD99A6914-FollowerState
2023-01-24 12:22:58,984 [grpc-default-executor-0] INFO  impl.RoleInfo (RoleInfo.java:shutdownFollowerState(110)) - 93701946-f5e3-4943-a932-e133db5deae9: shutdown 93701946-f5e3-4943-a932-e133db5deae9@group-67DBD99A6914-FollowerState
2023-01-24 12:22:58,984 [grpc-default-executor-1] INFO  impl.RoleInfo (RoleInfo.java:updateAndGet(139)) - c6074cc5-da23-4fc2-b305-e072798acc5a: start c6074cc5-da23-4fc2-b305-e072798acc5a@group-67DBD99A6914-FollowerState
2023-01-24 12:22:58,984 [grpc-default-executor-0] INFO  impl.RoleInfo (RoleInfo.java:updateAndGet(139)) - 93701946-f5e3-4943-a932-e133db5deae9: start 93701946-f5e3-4943-a932-e133db5deae9@group-67DBD99A6914-FollowerState
2023-01-24 12:22:58,984 [c6074cc5-da23-4fc2-b305-e072798acc5a@group-67DBD99A6914-FollowerState] INFO  impl.FollowerState (FollowerState.java:run(152)) - c6074cc5-da23-4fc2-b305-e072798acc5a@group-67DBD99A6914-FollowerState was interrupted
2023-01-24 12:22:58,984 [93701946-f5e3-4943-a932-e133db5deae9@group-67DBD99A6914-FollowerState] INFO  impl.FollowerState (FollowerState.java:run(152)) - 93701946-f5e3-4943-a932-e133db5deae9@group-67DBD99A6914-FollowerState was interrupted
2023-01-24 12:22:58,984 [c6074cc5-da23-4fc2-b305-e072798acc5a@group-67DBD99A6914-FollowerState] INFO  server.RaftServerConfigKeys (ConfUtils.java:logFallback(53)) - raft.server.rpc.first-election.timeout.min = 5s (fallback to raft.server.rpc.timeout.min)
2023-01-24 12:22:58,984 [c6074cc5-da23-4fc2-b305-e072798acc5a@group-67DBD99A6914-FollowerState] INFO  server.RaftServerConfigKeys (ConfUtils.java:logFallback(53)) - raft.server.rpc.first-election.timeout.max = 5200ms (fallback to raft.server.rpc.timeout.max)
2023-01-24 12:22:58,986 [93701946-f5e3-4943-a932-e133db5deae9@group-67DBD99A6914-FollowerState] INFO  server.RaftServerConfigKeys (ConfUtils.java:logFallback(53)) - raft.server.rpc.first-election.timeout.min = 5s (fallback to raft.server.rpc.timeout.min)
2023-01-24 12:22:58,986 [93701946-f5e3-4943-a932-e133db5deae9@group-67DBD99A6914-FollowerState] INFO  server.RaftServerConfigKeys (ConfUtils.java:logFallback(53)) - raft.server.rpc.first-election.timeout.max = 5200ms (fallback to raft.server.rpc.timeout.max)
2023-01-24 12:22:58,987 [grpc-default-executor-0] INFO  server.RaftServer$Division (RaftServerImpl.java:requestVote(1251)) - 93701946-f5e3-4943-a932-e133db5deae9@group-67DBD99A6914 replies to ELECTION vote request: 7141d06d-71d8-4a56-9b5d-23c6772b1ac6<-93701946-f5e3-4943-a932-e133db5deae9#0:OK-t1. Peer's state: 93701946-f5e3-4943-a932-e133db5deae9@group-67DBD99A6914:t1, leader=null, voted=7141d06d-71d8-4a56-9b5d-23c6772b1ac6, raftlog=Memoized:93701946-f5e3-4943-a932-e133db5deae9@group-67DBD99A6914-SegmentedRaftLog:OPENED:c-1, conf=-1: peers:[c6074cc5-da23-4fc2-b305-e072798acc5a|rpc:10.1.1.14:38087|dataStream:10.1.1.14:46483|priority:1|startupRole:FOLLOWER, 93701946-f5e3-4943-a932-e133db5deae9|rpc:10.1.1.14:32935|dataStream:10.1.1.14:45565|priority:0|startupRole:FOLLOWER, 7141d06d-71d8-4a56-9b5d-23c6772b1ac6|rpc:10.1.1.14:37745|dataStream:10.1.1.14:35891|priority:0|startupRole:FOLLOWER]|listeners:[], old=null
2023-01-24 12:22:58,990 [grpc-default-executor-1] INFO  server.RaftServer$Division (RaftServerImpl.java:requestVote(1251)) - c6074cc5-da23-4fc2-b305-e072798acc5a@group-67DBD99A6914 replies to ELECTION vote request: 7141d06d-71d8-4a56-9b5d-23c6772b1ac6<-c6074cc5-da23-4fc2-b305-e072798acc5a#0:FAIL-t1. Peer's state: c6074cc5-da23-4fc2-b305-e072798acc5a@group-67DBD99A6914:t1, leader=null, voted=null, raftlog=Memoized:c6074cc5-da23-4fc2-b305-e072798acc5a@group-67DBD99A6914-SegmentedRaftLog:OPENED:c-1, conf=-1: peers:[c6074cc5-da23-4fc2-b305-e072798acc5a|rpc:10.1.1.14:38087|dataStream:10.1.1.14:46483|priority:1|startupRole:FOLLOWER, 93701946-f5e3-4943-a932-e133db5deae9|rpc:10.1.1.14:32935|dataStream:10.1.1.14:45565|priority:0|startupRole:FOLLOWER, 7141d06d-71d8-4a56-9b5d-23c6772b1ac6|rpc:10.1.1.14:37745|dataStream:10.1.1.14:35891|priority:0|startupRole:FOLLOWER]|listeners:[], old=null
2023-01-24 12:22:58,992 [7141d06d-71d8-4a56-9b5d-23c6772b1ac6@group-67DBD99A6914-LeaderElection6] INFO  impl.LeaderElection (LeaderElection.java:logAndReturn(90)) - 7141d06d-71d8-4a56-9b5d-23c6772b1ac6@group-67DBD99A6914-LeaderElection6: ELECTION REJECTED received 2 response(s) and 0 exception(s):
2023-01-24 12:22:58,994 [7141d06d-71d8-4a56-9b5d-23c6772b1ac6@group-67DBD99A6914-LeaderElection6] INFO  impl.LeaderElection (LeaderElection.java:logAndReturn(94)) -   Response 0: 7141d06d-71d8-4a56-9b5d-23c6772b1ac6<-c6074cc5-da23-4fc2-b305-e072798acc5a#0:FAIL-t1
2023-01-24 12:22:58,994 [7141d06d-71d8-4a56-9b5d-23c6772b1ac6@group-67DBD99A6914-LeaderElection6] INFO  impl.LeaderElection (LeaderElection.java:logAndReturn(94)) -   Response 1: 7141d06d-71d8-4a56-9b5d-23c6772b1ac6<-93701946-f5e3-4943-a932-e133db5deae9#0:OK-t1
2023-01-24 12:22:58,994 [7141d06d-71d8-4a56-9b5d-23c6772b1ac6@group-67DBD99A6914-LeaderElection6] INFO  impl.LeaderElection (LeaderElection.java:askForVotes(314)) - 7141d06d-71d8-4a56-9b5d-23c6772b1ac6@group-67DBD99A6914-LeaderElection6 ELECTION round 0: result REJECTED
2023-01-24 12:22:58,994 [7141d06d-71d8-4a56-9b5d-23c6772b1ac6@group-67DBD99A6914-LeaderElection6] INFO  server.RaftServer$Division (RaftServerImpl.java:setRole(321)) - 7141d06d-71d8-4a56-9b5d-23c6772b1ac6@group-67DBD99A6914: changes role from CANDIDATE to FOLLOWER at term 1 for REJECTED
2023-01-24 12:22:58,994 [7141d06d-71d8-4a56-9b5d-23c6772b1ac6@group-67DBD99A6914-LeaderElection6] INFO  impl.RoleInfo (RoleInfo.java:shutdownLeaderElection(130)) - 7141d06d-71d8-4a56-9b5d-23c6772b1ac6: shutdown 7141d06d-71d8-4a56-9b5d-23c6772b1ac6@group-67DBD99A6914-LeaderElection6
2023-01-24 12:22:58,994 [7141d06d-71d8-4a56-9b5d-23c6772b1ac6@group-67DBD99A6914-LeaderElection6] INFO  impl.RoleInfo (RoleInfo.java:updateAndGet(139)) - 7141d06d-71d8-4a56-9b5d-23c6772b1ac6: start 7141d06d-71d8-4a56-9b5d-23c6772b1ac6@group-67DBD99A6914-FollowerState
2023-01-24 12:22:58,996 [7141d06d-71d8-4a56-9b5d-23c6772b1ac6@group-67DBD99A6914-FollowerState] INFO  server.RaftServerConfigKeys (ConfUtils.java:logFallback(53)) - raft.server.rpc.first-election.timeout.min = 5s (fallback to raft.server.rpc.timeout.min)
2023-01-24 12:22:58,997 [7141d06d-71d8-4a56-9b5d-23c6772b1ac6@group-67DBD99A6914-FollowerState] INFO  server.RaftServerConfigKeys (ConfUtils.java:logFallback(53)) - raft.server.rpc.first-election.timeout.max = 5200ms (fallback to raft.server.rpc.timeout.max)
2023-01-24 12:22:59,176 [3f0205b3-740b-4219-bfdb-76da739fef9e@group-9526E230C616-FollowerState] INFO  impl.FollowerState (FollowerState.java:run(143)) - 3f0205b3-740b-4219-bfdb-76da739fef9e@group-9526E230C616-FollowerState: change to CANDIDATE, lastRpcElapsedTime:5057281209ns, electionTimeout:5050ms
2023-01-24 12:22:59,176 [3f0205b3-740b-4219-bfdb-76da739fef9e@group-9526E230C616-FollowerState] INFO  impl.RoleInfo (RoleInfo.java:shutdownFollowerState(110)) - 3f0205b3-740b-4219-bfdb-76da739fef9e: shutdown 3f0205b3-740b-4219-bfdb-76da739fef9e@group-9526E230C616-FollowerState
2023-01-24 12:22:59,176 [3f0205b3-740b-4219-bfdb-76da739fef9e@group-9526E230C616-FollowerState] INFO  server.RaftServer$Division (RaftServerImpl.java:setRole(321)) - 3f0205b3-740b-4219-bfdb-76da739fef9e@group-9526E230C616: changes role from  FOLLOWER to CANDIDATE at term 0 for changeToCandidate
2023-01-24 12:22:59,176 [3f0205b3-740b-4219-bfdb-76da739fef9e@group-9526E230C616-FollowerState] INFO  server.RaftServerConfigKeys (ConfUtils.java:logGet(46)) - raft.server.leaderelection.pre-vote = false (custom)
2023-01-24 12:22:59,176 [3f0205b3-740b-4219-bfdb-76da739fef9e@group-9526E230C616-FollowerState] INFO  impl.RoleInfo (RoleInfo.java:updateAndGet(139)) - 3f0205b3-740b-4219-bfdb-76da739fef9e: start 3f0205b3-740b-4219-bfdb-76da739fef9e@group-9526E230C616-LeaderElection7
2023-01-24 12:22:59,179 [3f0205b3-740b-4219-bfdb-76da739fef9e@group-9526E230C616-LeaderElection7] INFO  impl.LeaderElection (LeaderElection.java:askForVotes(312)) - 3f0205b3-740b-4219-bfdb-76da739fef9e@group-9526E230C616-LeaderElection7 ELECTION round 0: submit vote requests at term 1 for -1: peers:[3f0205b3-740b-4219-bfdb-76da739fef9e|rpc:10.1.1.14:39411|dataStream:10.1.1.14:35799|priority:1|startupRole:FOLLOWER]|listeners:[], old=null
2023-01-24 12:22:59,180 [3f0205b3-740b-4219-bfdb-76da739fef9e@group-9526E230C616-LeaderElection7] INFO  impl.LeaderElection (LeaderElection.java:askForVotes(314)) - 3f0205b3-740b-4219-bfdb-76da739fef9e@group-9526E230C616-LeaderElection7 ELECTION round 0: result PASSED (term=1)
2023-01-24 12:22:59,180 [3f0205b3-740b-4219-bfdb-76da739fef9e@group-9526E230C616-LeaderElection7] INFO  impl.RoleInfo (RoleInfo.java:shutdownLeaderElection(130)) - 3f0205b3-740b-4219-bfdb-76da739fef9e: shutdown 3f0205b3-740b-4219-bfdb-76da739fef9e@group-9526E230C616-LeaderElection7
2023-01-24 12:22:59,180 [3f0205b3-740b-4219-bfdb-76da739fef9e@group-9526E230C616-LeaderElection7] INFO  server.RaftServer$Division (RaftServerImpl.java:setRole(321)) - 3f0205b3-740b-4219-bfdb-76da739fef9e@group-9526E230C616: changes role from CANDIDATE to LEADER at term 1 for changeToLeader
2023-01-24 12:22:59,180 [3f0205b3-740b-4219-bfdb-76da739fef9e@group-9526E230C616-LeaderElection7] INFO  ratis.XceiverServerRatis (XceiverServerRatis.java:handleLeaderChangedNotification(904)) - Leader change notification received for group: group-9526E230C616 with new leaderId: 3f0205b3-740b-4219-bfdb-76da739fef9e
2023-01-24 12:22:59,180 [3f0205b3-740b-4219-bfdb-76da739fef9e@group-9526E230C616-LeaderElection7] INFO  server.RaftServer$Division (ServerState.java:setLeader(313)) - 3f0205b3-740b-4219-bfdb-76da739fef9e@group-9526E230C616: change Leader from null to 3f0205b3-740b-4219-bfdb-76da739fef9e at term 1 for becomeLeader, leader elected after 5082ms
2023-01-24 12:22:59,180 [3f0205b3-740b-4219-bfdb-76da739fef9e@group-9526E230C616-LeaderElection7] INFO  server.RaftServerConfigKeys (ConfUtils.java:logGet(46)) - raft.server.staging.catchup.gap = 1000 (default)
2023-01-24 12:22:59,180 [3f0205b3-740b-4219-bfdb-76da739fef9e@group-9526E230C616-LeaderElection7] INFO  server.RaftServerConfigKeys (ConfUtils.java:logGet(46)) - raft.server.write.element-limit = 1024 (custom)
2023-01-24 12:22:59,180 [3f0205b3-740b-4219-bfdb-76da739fef9e@group-9526E230C616-LeaderElection7] INFO  server.RaftServerConfigKeys (ConfUtils.java:logGet(46)) - raft.server.write.byte-limit = 1024 M (=1073741824) (custom)
2023-01-24 12:22:59,180 [3f0205b3-740b-4219-bfdb-76da739fef9e@group-9526E230C616-LeaderElection7] INFO  server.RaftServerConfigKeys (ConfUtils.java:logGet(46)) - raft.server.watch.timeout = 180s (custom)
2023-01-24 12:22:59,180 [3f0205b3-740b-4219-bfdb-76da739fef9e@group-9526E230C616-LeaderElection7] INFO  server.RaftServerConfigKeys (ConfUtils.java:logGet(46)) - raft.server.watch.timeout.denomination = 1s (default)
2023-01-24 12:22:59,180 [3f0205b3-740b-4219-bfdb-76da739fef9e@group-9526E230C616-LeaderElection7] INFO  server.RaftServerConfigKeys (ConfUtils.java:logGet(46)) - raft.server.watch.element-limit = 65536 (default)
2023-01-24 12:22:59,181 [3f0205b3-740b-4219-bfdb-76da739fef9e@group-9526E230C616-LeaderElection7] INFO  server.RaftServerConfigKeys (ConfUtils.java:logGet(46)) - raft.server.write.element-limit = 1024 (custom)
2023-01-24 12:22:59,181 [3f0205b3-740b-4219-bfdb-76da739fef9e@group-9526E230C616-LeaderElection7] INFO  server.RaftServerConfigKeys (ConfUtils.java:logGet(46)) - raft.server.write.follower.gap.ratio.max = -1.0 (default)
2023-01-24 12:22:59,181 [3f0205b3-740b-4219-bfdb-76da739fef9e@group-9526E230C616-LeaderElection7] INFO  impl.RoleInfo (RoleInfo.java:updateAndGet(139)) - 3f0205b3-740b-4219-bfdb-76da739fef9e: start 3f0205b3-740b-4219-bfdb-76da739fef9e@group-9526E230C616-LeaderStateImpl
2023-01-24 12:22:59,181 [3f0205b3-740b-4219-bfdb-76da739fef9e@group-9526E230C616-LeaderElection7] INFO  segmented.SegmentedRaftLogWorker (SegmentedRaftLogWorker.java:startLogSegment(452)) - 3f0205b3-740b-4219-bfdb-76da739fef9e@group-9526E230C616-SegmentedRaftLogWorker: Starting segment from index:0
2023-01-24 12:22:59,182 [3f0205b3-740b-4219-bfdb-76da739fef9e@group-9526E230C616-SegmentedRaftLogWorker] INFO  segmented.SegmentedRaftLogWorker (SegmentedRaftLogWorker.java:execute(656)) - 3f0205b3-740b-4219-bfdb-76da739fef9e@group-9526E230C616-SegmentedRaftLogWorker: created new log segment /home/runner/work/ozone/ozone/hadoop-ozone/integration-test/target/test-dir/MiniOzoneClusterImpl-9ddee5dd-a9b0-4f84-bf8c-5f63b859aaaf/datanode-3/data/ratis/c18189c5-d890-4e62-9612-9526e230c616/current/log_inprogress_0
2023-01-24 12:22:59,183 [EventQueue-OpenPipelineForHealthyPipelineSafeModeRule] INFO  safemode.SCMSafeModeManager (HealthyPipelineSafeModeRule.java:process(137)) - SCM in safe mode. Healthy pipelines reported count is 0, required healthy pipeline reported count is 1
2023-01-24 12:22:59,186 [3f0205b3-740b-4219-bfdb-76da739fef9e@group-9526E230C616-LeaderElection7] INFO  server.RaftServer$Division (ServerState.java:setRaftConf(430)) - 3f0205b3-740b-4219-bfdb-76da739fef9e@group-9526E230C616: set configuration 0: peers:[3f0205b3-740b-4219-bfdb-76da739fef9e|rpc:10.1.1.14:39411|dataStream:10.1.1.14:35799|priority:1|startupRole:FOLLOWER]|listeners:[], old=null
2023-01-24 12:22:59,238 [Listener at 127.0.0.1/46625] INFO  ozone.MiniOzoneClusterImpl (MiniOzoneClusterImpl.java:lambda$waitForClusterToBeReady$0(218)) - Nodes are ready. Got 10 of 10 DN Heartbeats.
2023-01-24 12:22:59,238 [Listener at 127.0.0.1/46625] INFO  ozone.MiniOzoneClusterImpl (MiniOzoneClusterImpl.java:lambda$waitForClusterToBeReady$0(221)) - Waiting for cluster to exit safe mode
2023-01-24 12:22:59,238 [Listener at 127.0.0.1/46625] INFO  ozone.MiniOzoneClusterImpl (MiniOzoneClusterImpl.java:lambda$waitForClusterToBeReady$0(223)) - SCM became leader
2023-01-24 12:22:59,298 [8d5822ee-b1dd-46af-beb1-0638b7fa15fc@group-2EBEB1ED5A51-FollowerState] INFO  impl.FollowerState (FollowerState.java:run(143)) - 8d5822ee-b1dd-46af-beb1-0638b7fa15fc@group-2EBEB1ED5A51-FollowerState: change to CANDIDATE, lastRpcElapsedTime:5068890808ns, electionTimeout:5063ms
2023-01-24 12:22:59,298 [8d5822ee-b1dd-46af-beb1-0638b7fa15fc@group-2EBEB1ED5A51-FollowerState] INFO  impl.RoleInfo (RoleInfo.java:shutdownFollowerState(110)) - 8d5822ee-b1dd-46af-beb1-0638b7fa15fc: shutdown 8d5822ee-b1dd-46af-beb1-0638b7fa15fc@group-2EBEB1ED5A51-FollowerState
2023-01-24 12:22:59,298 [8d5822ee-b1dd-46af-beb1-0638b7fa15fc@group-2EBEB1ED5A51-FollowerState] INFO  server.RaftServer$Division (RaftServerImpl.java:setRole(321)) - 8d5822ee-b1dd-46af-beb1-0638b7fa15fc@group-2EBEB1ED5A51: changes role from  FOLLOWER to CANDIDATE at term 0 for changeToCandidate
2023-01-24 12:22:59,298 [8d5822ee-b1dd-46af-beb1-0638b7fa15fc@group-2EBEB1ED5A51-FollowerState] INFO  server.RaftServerConfigKeys (ConfUtils.java:logGet(46)) - raft.server.leaderelection.pre-vote = false (custom)
2023-01-24 12:22:59,298 [8d5822ee-b1dd-46af-beb1-0638b7fa15fc@group-2EBEB1ED5A51-FollowerState] INFO  impl.RoleInfo (RoleInfo.java:updateAndGet(139)) - 8d5822ee-b1dd-46af-beb1-0638b7fa15fc: start 8d5822ee-b1dd-46af-beb1-0638b7fa15fc@group-2EBEB1ED5A51-LeaderElection8
2023-01-24 12:22:59,301 [8d5822ee-b1dd-46af-beb1-0638b7fa15fc@group-2EBEB1ED5A51-LeaderElection8] INFO  impl.LeaderElection (LeaderElection.java:askForVotes(312)) - 8d5822ee-b1dd-46af-beb1-0638b7fa15fc@group-2EBEB1ED5A51-LeaderElection8 ELECTION round 0: submit vote requests at term 1 for -1: peers:[4243b07b-dbe8-44bd-919c-c5b59c546d4c|rpc:10.1.1.14:38729|dataStream:10.1.1.14:33721|priority:0|startupRole:FOLLOWER, 3f0205b3-740b-4219-bfdb-76da739fef9e|rpc:10.1.1.14:39411|dataStream:10.1.1.14:35799|priority:1|startupRole:FOLLOWER, 8d5822ee-b1dd-46af-beb1-0638b7fa15fc|rpc:10.1.1.14:38873|dataStream:10.1.1.14:42631|priority:0|startupRole:FOLLOWER]|listeners:[], old=null
2023-01-24 12:22:59,301 [8d5822ee-b1dd-46af-beb1-0638b7fa15fc@group-2EBEB1ED5A51-LeaderElection8-1] INFO  server.GrpcServerProtocolClient (GrpcServerProtocolClient.java:<init>(63)) - Build channel for 4243b07b-dbe8-44bd-919c-c5b59c546d4c
2023-01-24 12:22:59,304 [8d5822ee-b1dd-46af-beb1-0638b7fa15fc@group-2EBEB1ED5A51-LeaderElection8] INFO  server.RaftServerConfigKeys (ConfUtils.java:logFallback(53)) - raft.server.rpc.first-election.timeout.min = 5s (fallback to raft.server.rpc.timeout.min)
2023-01-24 12:22:59,304 [8d5822ee-b1dd-46af-beb1-0638b7fa15fc@group-2EBEB1ED5A51-LeaderElection8] INFO  server.RaftServerConfigKeys (ConfUtils.java:logFallback(53)) - raft.server.rpc.first-election.timeout.max = 5200ms (fallback to raft.server.rpc.timeout.max)
2023-01-24 12:22:59,304 [8d5822ee-b1dd-46af-beb1-0638b7fa15fc@group-2EBEB1ED5A51-LeaderElection8-2] INFO  server.GrpcServerProtocolClient (GrpcServerProtocolClient.java:<init>(63)) - Build channel for 3f0205b3-740b-4219-bfdb-76da739fef9e
2023-01-24 12:22:59,311 [grpc-default-executor-1] INFO  server.RaftServer$Division (RaftServerImpl.java:requestVote(1218)) - 4243b07b-dbe8-44bd-919c-c5b59c546d4c@group-2EBEB1ED5A51: receive requestVote(ELECTION, 8d5822ee-b1dd-46af-beb1-0638b7fa15fc, group-2EBEB1ED5A51, 1, (t:0, i:0))
2023-01-24 12:22:59,312 [grpc-default-executor-1] INFO  impl.VoteContext (VoteContext.java:log(49)) - 4243b07b-dbe8-44bd-919c-c5b59c546d4c@group-2EBEB1ED5A51-FOLLOWER: accept ELECTION from 8d5822ee-b1dd-46af-beb1-0638b7fa15fc: our priority 0 <= candidate's priority 0
2023-01-24 12:22:59,312 [grpc-default-executor-1] INFO  server.RaftServer$Division (RaftServerImpl.java:setRole(321)) - 4243b07b-dbe8-44bd-919c-c5b59c546d4c@group-2EBEB1ED5A51: changes role from  FOLLOWER to FOLLOWER at term 1 for candidate:8d5822ee-b1dd-46af-beb1-0638b7fa15fc
2023-01-24 12:22:59,312 [grpc-default-executor-1] INFO  impl.RoleInfo (RoleInfo.java:shutdownFollowerState(110)) - 4243b07b-dbe8-44bd-919c-c5b59c546d4c: shutdown 4243b07b-dbe8-44bd-919c-c5b59c546d4c@group-2EBEB1ED5A51-FollowerState
2023-01-24 12:22:59,312 [grpc-default-executor-1] INFO  impl.RoleInfo (RoleInfo.java:updateAndGet(139)) - 4243b07b-dbe8-44bd-919c-c5b59c546d4c: start 4243b07b-dbe8-44bd-919c-c5b59c546d4c@group-2EBEB1ED5A51-FollowerState
2023-01-24 12:22:59,312 [4243b07b-dbe8-44bd-919c-c5b59c546d4c@group-2EBEB1ED5A51-FollowerState] INFO  impl.FollowerState (FollowerState.java:run(152)) - 4243b07b-dbe8-44bd-919c-c5b59c546d4c@group-2EBEB1ED5A51-FollowerState was interrupted
2023-01-24 12:22:59,315 [grpc-default-executor-0] INFO  server.RaftServer$Division (RaftServerImpl.java:requestVote(1218)) - 3f0205b3-740b-4219-bfdb-76da739fef9e@group-2EBEB1ED5A51: receive requestVote(ELECTION, 8d5822ee-b1dd-46af-beb1-0638b7fa15fc, group-2EBEB1ED5A51, 1, (t:0, i:0))
2023-01-24 12:22:59,315 [grpc-default-executor-0] INFO  impl.VoteContext (VoteContext.java:log(49)) - 3f0205b3-740b-4219-bfdb-76da739fef9e@group-2EBEB1ED5A51-FOLLOWER: reject ELECTION from 8d5822ee-b1dd-46af-beb1-0638b7fa15fc: our priority 1 > candidate's priority 0
2023-01-24 12:22:59,315 [grpc-default-executor-0] INFO  server.RaftServer$Division (RaftServerImpl.java:setRole(321)) - 3f0205b3-740b-4219-bfdb-76da739fef9e@group-2EBEB1ED5A51: changes role from  FOLLOWER to FOLLOWER at term 1 for candidate:8d5822ee-b1dd-46af-beb1-0638b7fa15fc
2023-01-24 12:22:59,315 [grpc-default-executor-0] INFO  impl.RoleInfo (RoleInfo.java:shutdownFollowerState(110)) - 3f0205b3-740b-4219-bfdb-76da739fef9e: shutdown 3f0205b3-740b-4219-bfdb-76da739fef9e@group-2EBEB1ED5A51-FollowerState
2023-01-24 12:22:59,315 [grpc-default-executor-0] INFO  impl.RoleInfo (RoleInfo.java:updateAndGet(139)) - 3f0205b3-740b-4219-bfdb-76da739fef9e: start 3f0205b3-740b-4219-bfdb-76da739fef9e@group-2EBEB1ED5A51-FollowerState
2023-01-24 12:22:59,315 [3f0205b3-740b-4219-bfdb-76da739fef9e@group-2EBEB1ED5A51-FollowerState] INFO  impl.FollowerState (FollowerState.java:run(152)) - 3f0205b3-740b-4219-bfdb-76da739fef9e@group-2EBEB1ED5A51-FollowerState was interrupted
2023-01-24 12:22:59,315 [3f0205b3-740b-4219-bfdb-76da739fef9e@group-2EBEB1ED5A51-FollowerState] INFO  server.RaftServerConfigKeys (ConfUtils.java:logFallback(53)) - raft.server.rpc.first-election.timeout.min = 5s (fallback to raft.server.rpc.timeout.min)
2023-01-24 12:22:59,315 [3f0205b3-740b-4219-bfdb-76da739fef9e@group-2EBEB1ED5A51-FollowerState] INFO  server.RaftServerConfigKeys (ConfUtils.java:logFallback(53)) - raft.server.rpc.first-election.timeout.max = 5200ms (fallback to raft.server.rpc.timeout.max)
2023-01-24 12:22:59,316 [grpc-default-executor-0] INFO  server.RaftServer$Division (RaftServerImpl.java:requestVote(1251)) - 3f0205b3-740b-4219-bfdb-76da739fef9e@group-2EBEB1ED5A51 replies to ELECTION vote request: 8d5822ee-b1dd-46af-beb1-0638b7fa15fc<-3f0205b3-740b-4219-bfdb-76da739fef9e#0:FAIL-t1. Peer's state: 3f0205b3-740b-4219-bfdb-76da739fef9e@group-2EBEB1ED5A51:t1, leader=null, voted=null, raftlog=Memoized:3f0205b3-740b-4219-bfdb-76da739fef9e@group-2EBEB1ED5A51-SegmentedRaftLog:OPENED:c-1, conf=-1: peers:[4243b07b-dbe8-44bd-919c-c5b59c546d4c|rpc:10.1.1.14:38729|dataStream:10.1.1.14:33721|priority:0|startupRole:FOLLOWER, 3f0205b3-740b-4219-bfdb-76da739fef9e|rpc:10.1.1.14:39411|dataStream:10.1.1.14:35799|priority:1|startupRole:FOLLOWER, 8d5822ee-b1dd-46af-beb1-0638b7fa15fc|rpc:10.1.1.14:38873|dataStream:10.1.1.14:42631|priority:0|startupRole:FOLLOWER]|listeners:[], old=null
2023-01-24 12:22:59,316 [4243b07b-dbe8-44bd-919c-c5b59c546d4c@group-2EBEB1ED5A51-FollowerState] INFO  server.RaftServerConfigKeys (ConfUtils.java:logFallback(53)) - raft.server.rpc.first-election.timeout.min = 5s (fallback to raft.server.rpc.timeout.min)
2023-01-24 12:22:59,316 [4243b07b-dbe8-44bd-919c-c5b59c546d4c@group-2EBEB1ED5A51-FollowerState] INFO  server.RaftServerConfigKeys (ConfUtils.java:logFallback(53)) - raft.server.rpc.first-election.timeout.max = 5200ms (fallback to raft.server.rpc.timeout.max)
2023-01-24 12:22:59,317 [grpc-default-executor-1] INFO  server.RaftServer$Division (RaftServerImpl.java:requestVote(1251)) - 4243b07b-dbe8-44bd-919c-c5b59c546d4c@group-2EBEB1ED5A51 replies to ELECTION vote request: 8d5822ee-b1dd-46af-beb1-0638b7fa15fc<-4243b07b-dbe8-44bd-919c-c5b59c546d4c#0:OK-t1. Peer's state: 4243b07b-dbe8-44bd-919c-c5b59c546d4c@group-2EBEB1ED5A51:t1, leader=null, voted=8d5822ee-b1dd-46af-beb1-0638b7fa15fc, raftlog=Memoized:4243b07b-dbe8-44bd-919c-c5b59c546d4c@group-2EBEB1ED5A51-SegmentedRaftLog:OPENED:c-1, conf=-1: peers:[4243b07b-dbe8-44bd-919c-c5b59c546d4c|rpc:10.1.1.14:38729|dataStream:10.1.1.14:33721|priority:0|startupRole:FOLLOWER, 3f0205b3-740b-4219-bfdb-76da739fef9e|rpc:10.1.1.14:39411|dataStream:10.1.1.14:35799|priority:1|startupRole:FOLLOWER, 8d5822ee-b1dd-46af-beb1-0638b7fa15fc|rpc:10.1.1.14:38873|dataStream:10.1.1.14:42631|priority:0|startupRole:FOLLOWER]|listeners:[], old=null
2023-01-24 12:22:59,326 [8d5822ee-b1dd-46af-beb1-0638b7fa15fc@group-2EBEB1ED5A51-LeaderElection8] INFO  impl.LeaderElection (LeaderElection.java:logAndReturn(90)) - 8d5822ee-b1dd-46af-beb1-0638b7fa15fc@group-2EBEB1ED5A51-LeaderElection8: ELECTION REJECTED received 2 response(s) and 0 exception(s):
2023-01-24 12:22:59,326 [8d5822ee-b1dd-46af-beb1-0638b7fa15fc@group-2EBEB1ED5A51-LeaderElection8] INFO  impl.LeaderElection (LeaderElection.java:logAndReturn(94)) -   Response 0: 8d5822ee-b1dd-46af-beb1-0638b7fa15fc<-4243b07b-dbe8-44bd-919c-c5b59c546d4c#0:OK-t1
2023-01-24 12:22:59,326 [8d5822ee-b1dd-46af-beb1-0638b7fa15fc@group-2EBEB1ED5A51-LeaderElection8] INFO  impl.LeaderElection (LeaderElection.java:logAndReturn(94)) -   Response 1: 8d5822ee-b1dd-46af-beb1-0638b7fa15fc<-3f0205b3-740b-4219-bfdb-76da739fef9e#0:FAIL-t1
2023-01-24 12:22:59,326 [8d5822ee-b1dd-46af-beb1-0638b7fa15fc@group-2EBEB1ED5A51-LeaderElection8] INFO  impl.LeaderElection (LeaderElection.java:askForVotes(314)) - 8d5822ee-b1dd-46af-beb1-0638b7fa15fc@group-2EBEB1ED5A51-LeaderElection8 ELECTION round 0: result REJECTED
2023-01-24 12:22:59,326 [8d5822ee-b1dd-46af-beb1-0638b7fa15fc@group-2EBEB1ED5A51-LeaderElection8] INFO  server.RaftServer$Division (RaftServerImpl.java:setRole(321)) - 8d5822ee-b1dd-46af-beb1-0638b7fa15fc@group-2EBEB1ED5A51: changes role from CANDIDATE to FOLLOWER at term 1 for REJECTED
2023-01-24 12:22:59,326 [8d5822ee-b1dd-46af-beb1-0638b7fa15fc@group-2EBEB1ED5A51-LeaderElection8] INFO  impl.RoleInfo (RoleInfo.java:shutdownLeaderElection(130)) - 8d5822ee-b1dd-46af-beb1-0638b7fa15fc: shutdown 8d5822ee-b1dd-46af-beb1-0638b7fa15fc@group-2EBEB1ED5A51-LeaderElection8
2023-01-24 12:22:59,326 [8d5822ee-b1dd-46af-beb1-0638b7fa15fc@group-2EBEB1ED5A51-LeaderElection8] INFO  impl.RoleInfo (RoleInfo.java:updateAndGet(139)) - 8d5822ee-b1dd-46af-beb1-0638b7fa15fc: start 8d5822ee-b1dd-46af-beb1-0638b7fa15fc@group-2EBEB1ED5A51-FollowerState
2023-01-24 12:22:59,330 [8d5822ee-b1dd-46af-beb1-0638b7fa15fc@group-2EBEB1ED5A51-FollowerState] INFO  server.RaftServerConfigKeys (ConfUtils.java:logFallback(53)) - raft.server.rpc.first-election.timeout.min = 5s (fallback to raft.server.rpc.timeout.min)
2023-01-24 12:22:59,330 [8d5822ee-b1dd-46af-beb1-0638b7fa15fc@group-2EBEB1ED5A51-FollowerState] INFO  server.RaftServerConfigKeys (ConfUtils.java:logFallback(53)) - raft.server.rpc.first-election.timeout.max = 5200ms (fallback to raft.server.rpc.timeout.max)
2023-01-24 12:22:59,370 [3f0205b3-740b-4219-bfdb-76da739fef9e@group-A2C53E516D65-FollowerState] INFO  impl.FollowerState (FollowerState.java:run(143)) - 3f0205b3-740b-4219-bfdb-76da739fef9e@group-A2C53E516D65-FollowerState: change to CANDIDATE, lastRpcElapsedTime:5098013906ns, electionTimeout:5083ms
2023-01-24 12:22:59,370 [3f0205b3-740b-4219-bfdb-76da739fef9e@group-A2C53E516D65-FollowerState] INFO  impl.RoleInfo (RoleInfo.java:shutdownFollowerState(110)) - 3f0205b3-740b-4219-bfdb-76da739fef9e: shutdown 3f0205b3-740b-4219-bfdb-76da739fef9e@group-A2C53E516D65-FollowerState
2023-01-24 12:22:59,370 [3f0205b3-740b-4219-bfdb-76da739fef9e@group-A2C53E516D65-FollowerState] INFO  server.RaftServer$Division (RaftServerImpl.java:setRole(321)) - 3f0205b3-740b-4219-bfdb-76da739fef9e@group-A2C53E516D65: changes role from  FOLLOWER to CANDIDATE at term 0 for changeToCandidate
2023-01-24 12:22:59,370 [3f0205b3-740b-4219-bfdb-76da739fef9e@group-A2C53E516D65-FollowerState] INFO  server.RaftServerConfigKeys (ConfUtils.java:logGet(46)) - raft.server.leaderelection.pre-vote = false (custom)
2023-01-24 12:22:59,370 [3f0205b3-740b-4219-bfdb-76da739fef9e@group-A2C53E516D65-FollowerState] INFO  impl.RoleInfo (RoleInfo.java:updateAndGet(139)) - 3f0205b3-740b-4219-bfdb-76da739fef9e: start 3f0205b3-740b-4219-bfdb-76da739fef9e@group-A2C53E516D65-LeaderElection9
2023-01-24 12:22:59,372 [3f0205b3-740b-4219-bfdb-76da739fef9e@group-A2C53E516D65-LeaderElection9] INFO  impl.LeaderElection (LeaderElection.java:askForVotes(312)) - 3f0205b3-740b-4219-bfdb-76da739fef9e@group-A2C53E516D65-LeaderElection9 ELECTION round 0: submit vote requests at term 1 for -1: peers:[4243b07b-dbe8-44bd-919c-c5b59c546d4c|rpc:10.1.1.14:38729|dataStream:10.1.1.14:33721|priority:0|startupRole:FOLLOWER, 8d5822ee-b1dd-46af-beb1-0638b7fa15fc|rpc:10.1.1.14:38873|dataStream:10.1.1.14:42631|priority:1|startupRole:FOLLOWER, 3f0205b3-740b-4219-bfdb-76da739fef9e|rpc:10.1.1.14:39411|dataStream:10.1.1.14:35799|priority:0|startupRole:FOLLOWER]|listeners:[], old=null
2023-01-24 12:22:59,373 [3f0205b3-740b-4219-bfdb-76da739fef9e@group-A2C53E516D65-LeaderElection9] INFO  server.RaftServerConfigKeys (ConfUtils.java:logFallback(53)) - raft.server.rpc.first-election.timeout.min = 5s (fallback to raft.server.rpc.timeout.min)
2023-01-24 12:22:59,373 [3f0205b3-740b-4219-bfdb-76da739fef9e@group-A2C53E516D65-LeaderElection9-1] INFO  server.GrpcServerProtocolClient (GrpcServerProtocolClient.java:<init>(63)) - Build channel for 4243b07b-dbe8-44bd-919c-c5b59c546d4c
2023-01-24 12:22:59,373 [3f0205b3-740b-4219-bfdb-76da739fef9e@group-A2C53E516D65-LeaderElection9] INFO  server.RaftServerConfigKeys (ConfUtils.java:logFallback(53)) - raft.server.rpc.first-election.timeout.max = 5200ms (fallback to raft.server.rpc.timeout.max)
2023-01-24 12:22:59,373 [3f0205b3-740b-4219-bfdb-76da739fef9e@group-A2C53E516D65-LeaderElection9-2] INFO  server.GrpcServerProtocolClient (GrpcServerProtocolClient.java:<init>(63)) - Build channel for 8d5822ee-b1dd-46af-beb1-0638b7fa15fc
2023-01-24 12:22:59,384 [grpc-default-executor-0] INFO  server.RaftServer$Division (RaftServerImpl.java:requestVote(1218)) - 4243b07b-dbe8-44bd-919c-c5b59c546d4c@group-A2C53E516D65: receive requestVote(ELECTION, 3f0205b3-740b-4219-bfdb-76da739fef9e, group-A2C53E516D65, 1, (t:0, i:0))
2023-01-24 12:22:59,384 [grpc-default-executor-0] INFO  impl.VoteContext (VoteContext.java:log(49)) - 4243b07b-dbe8-44bd-919c-c5b59c546d4c@group-A2C53E516D65-FOLLOWER: accept ELECTION from 3f0205b3-740b-4219-bfdb-76da739fef9e: our priority 0 <= candidate's priority 0
2023-01-24 12:22:59,384 [grpc-default-executor-0] INFO  server.RaftServer$Division (RaftServerImpl.java:setRole(321)) - 4243b07b-dbe8-44bd-919c-c5b59c546d4c@group-A2C53E516D65: changes role from  FOLLOWER to FOLLOWER at term 1 for candidate:3f0205b3-740b-4219-bfdb-76da739fef9e
2023-01-24 12:22:59,384 [grpc-default-executor-0] INFO  impl.RoleInfo (RoleInfo.java:shutdownFollowerState(110)) - 4243b07b-dbe8-44bd-919c-c5b59c546d4c: shutdown 4243b07b-dbe8-44bd-919c-c5b59c546d4c@group-A2C53E516D65-FollowerState
2023-01-24 12:22:59,384 [grpc-default-executor-0] INFO  impl.RoleInfo (RoleInfo.java:updateAndGet(139)) - 4243b07b-dbe8-44bd-919c-c5b59c546d4c: start 4243b07b-dbe8-44bd-919c-c5b59c546d4c@group-A2C53E516D65-FollowerState
2023-01-24 12:22:59,384 [4243b07b-dbe8-44bd-919c-c5b59c546d4c@group-A2C53E516D65-FollowerState] INFO  impl.FollowerState (FollowerState.java:run(152)) - 4243b07b-dbe8-44bd-919c-c5b59c546d4c@group-A2C53E516D65-FollowerState was interrupted
2023-01-24 12:22:59,395 [grpc-default-executor-0] INFO  server.RaftServer$Division (RaftServerImpl.java:requestVote(1251)) - 4243b07b-dbe8-44bd-919c-c5b59c546d4c@group-A2C53E516D65 replies to ELECTION vote request: 3f0205b3-740b-4219-bfdb-76da739fef9e<-4243b07b-dbe8-44bd-919c-c5b59c546d4c#0:OK-t1. Peer's state: 4243b07b-dbe8-44bd-919c-c5b59c546d4c@group-A2C53E516D65:t1, leader=null, voted=3f0205b3-740b-4219-bfdb-76da739fef9e, raftlog=Memoized:4243b07b-dbe8-44bd-919c-c5b59c546d4c@group-A2C53E516D65-SegmentedRaftLog:OPENED:c-1, conf=-1: peers:[4243b07b-dbe8-44bd-919c-c5b59c546d4c|rpc:10.1.1.14:38729|dataStream:10.1.1.14:33721|priority:0|startupRole:FOLLOWER, 8d5822ee-b1dd-46af-beb1-0638b7fa15fc|rpc:10.1.1.14:38873|dataStream:10.1.1.14:42631|priority:1|startupRole:FOLLOWER, 3f0205b3-740b-4219-bfdb-76da739fef9e|rpc:10.1.1.14:39411|dataStream:10.1.1.14:35799|priority:0|startupRole:FOLLOWER]|listeners:[], old=null
2023-01-24 12:22:59,395 [grpc-default-executor-1] INFO  server.RaftServer$Division (RaftServerImpl.java:requestVote(1218)) - 8d5822ee-b1dd-46af-beb1-0638b7fa15fc@group-A2C53E516D65: receive requestVote(ELECTION, 3f0205b3-740b-4219-bfdb-76da739fef9e, group-A2C53E516D65, 1, (t:0, i:0))
2023-01-24 12:22:59,395 [grpc-default-executor-1] INFO  impl.VoteContext (VoteContext.java:log(49)) - 8d5822ee-b1dd-46af-beb1-0638b7fa15fc@group-A2C53E516D65-FOLLOWER: reject ELECTION from 3f0205b3-740b-4219-bfdb-76da739fef9e: our priority 1 > candidate's priority 0
2023-01-24 12:22:59,395 [grpc-default-executor-1] INFO  server.RaftServer$Division (RaftServerImpl.java:setRole(321)) - 8d5822ee-b1dd-46af-beb1-0638b7fa15fc@group-A2C53E516D65: changes role from  FOLLOWER to FOLLOWER at term 1 for candidate:3f0205b3-740b-4219-bfdb-76da739fef9e
2023-01-24 12:22:59,395 [grpc-default-executor-1] INFO  impl.RoleInfo (RoleInfo.java:shutdownFollowerState(110)) - 8d5822ee-b1dd-46af-beb1-0638b7fa15fc: shutdown 8d5822ee-b1dd-46af-beb1-0638b7fa15fc@group-A2C53E516D65-FollowerState
2023-01-24 12:22:59,395 [grpc-default-executor-1] INFO  impl.RoleInfo (RoleInfo.java:updateAndGet(139)) - 8d5822ee-b1dd-46af-beb1-0638b7fa15fc: start 8d5822ee-b1dd-46af-beb1-0638b7fa15fc@group-A2C53E516D65-FollowerState
2023-01-24 12:22:59,395 [8d5822ee-b1dd-46af-beb1-0638b7fa15fc@group-A2C53E516D65-FollowerState] INFO  impl.FollowerState (FollowerState.java:run(152)) - 8d5822ee-b1dd-46af-beb1-0638b7fa15fc@group-A2C53E516D65-FollowerState was interrupted
2023-01-24 12:22:59,395 [4243b07b-dbe8-44bd-919c-c5b59c546d4c@group-A2C53E516D65-FollowerState] INFO  server.RaftServerConfigKeys (ConfUtils.java:logFallback(53)) - raft.server.rpc.first-election.timeout.min = 5s (fallback to raft.server.rpc.timeout.min)
2023-01-24 12:22:59,395 [4243b07b-dbe8-44bd-919c-c5b59c546d4c@group-A2C53E516D65-FollowerState] INFO  server.RaftServerConfigKeys (ConfUtils.java:logFallback(53)) - raft.server.rpc.first-election.timeout.max = 5200ms (fallback to raft.server.rpc.timeout.max)
2023-01-24 12:22:59,399 [8d5822ee-b1dd-46af-beb1-0638b7fa15fc@group-A2C53E516D65-FollowerState] INFO  server.RaftServerConfigKeys (ConfUtils.java:logFallback(53)) - raft.server.rpc.first-election.timeout.min = 5s (fallback to raft.server.rpc.timeout.min)
2023-01-24 12:22:59,399 [8d5822ee-b1dd-46af-beb1-0638b7fa15fc@group-A2C53E516D65-FollowerState] INFO  server.RaftServerConfigKeys (ConfUtils.java:logFallback(53)) - raft.server.rpc.first-election.timeout.max = 5200ms (fallback to raft.server.rpc.timeout.max)
2023-01-24 12:22:59,399 [grpc-default-executor-1] INFO  server.RaftServer$Division (RaftServerImpl.java:requestVote(1251)) - 8d5822ee-b1dd-46af-beb1-0638b7fa15fc@group-A2C53E516D65 replies to ELECTION vote request: 3f0205b3-740b-4219-bfdb-76da739fef9e<-8d5822ee-b1dd-46af-beb1-0638b7fa15fc#0:FAIL-t1. Peer's state: 8d5822ee-b1dd-46af-beb1-0638b7fa15fc@group-A2C53E516D65:t1, leader=null, voted=null, raftlog=Memoized:8d5822ee-b1dd-46af-beb1-0638b7fa15fc@group-A2C53E516D65-SegmentedRaftLog:OPENED:c-1, conf=-1: peers:[4243b07b-dbe8-44bd-919c-c5b59c546d4c|rpc:10.1.1.14:38729|dataStream:10.1.1.14:33721|priority:0|startupRole:FOLLOWER, 8d5822ee-b1dd-46af-beb1-0638b7fa15fc|rpc:10.1.1.14:38873|dataStream:10.1.1.14:42631|priority:1|startupRole:FOLLOWER, 3f0205b3-740b-4219-bfdb-76da739fef9e|rpc:10.1.1.14:39411|dataStream:10.1.1.14:35799|priority:0|startupRole:FOLLOWER]|listeners:[], old=null
2023-01-24 12:22:59,400 [3f0205b3-740b-4219-bfdb-76da739fef9e@group-A2C53E516D65-LeaderElection9] INFO  impl.LeaderElection (LeaderElection.java:logAndReturn(90)) - 3f0205b3-740b-4219-bfdb-76da739fef9e@group-A2C53E516D65-LeaderElection9: ELECTION REJECTED received 2 response(s) and 0 exception(s):
2023-01-24 12:22:59,400 [3f0205b3-740b-4219-bfdb-76da739fef9e@group-A2C53E516D65-LeaderElection9] INFO  impl.LeaderElection (LeaderElection.java:logAndReturn(94)) -   Response 0: 3f0205b3-740b-4219-bfdb-76da739fef9e<-4243b07b-dbe8-44bd-919c-c5b59c546d4c#0:OK-t1
2023-01-24 12:22:59,400 [3f0205b3-740b-4219-bfdb-76da739fef9e@group-A2C53E516D65-LeaderElection9] INFO  impl.LeaderElection (LeaderElection.java:logAndReturn(94)) -   Response 1: 3f0205b3-740b-4219-bfdb-76da739fef9e<-8d5822ee-b1dd-46af-beb1-0638b7fa15fc#0:FAIL-t1
2023-01-24 12:22:59,400 [3f0205b3-740b-4219-bfdb-76da739fef9e@group-A2C53E516D65-LeaderElection9] INFO  impl.LeaderElection (LeaderElection.java:askForVotes(314)) - 3f0205b3-740b-4219-bfdb-76da739fef9e@group-A2C53E516D65-LeaderElection9 ELECTION round 0: result REJECTED
2023-01-24 12:22:59,400 [3f0205b3-740b-4219-bfdb-76da739fef9e@group-A2C53E516D65-LeaderElection9] INFO  server.RaftServer$Division (RaftServerImpl.java:setRole(321)) - 3f0205b3-740b-4219-bfdb-76da739fef9e@group-A2C53E516D65: changes role from CANDIDATE to FOLLOWER at term 1 for REJECTED
2023-01-24 12:22:59,400 [3f0205b3-740b-4219-bfdb-76da739fef9e@group-A2C53E516D65-LeaderElection9] INFO  impl.RoleInfo (RoleInfo.java:shutdownLeaderElection(130)) - 3f0205b3-740b-4219-bfdb-76da739fef9e: shutdown 3f0205b3-740b-4219-bfdb-76da739fef9e@group-A2C53E516D65-LeaderElection9
2023-01-24 12:22:59,400 [3f0205b3-740b-4219-bfdb-76da739fef9e@group-A2C53E516D65-LeaderElection9] INFO  impl.RoleInfo (RoleInfo.java:updateAndGet(139)) - 3f0205b3-740b-4219-bfdb-76da739fef9e: start 3f0205b3-740b-4219-bfdb-76da739fef9e@group-A2C53E516D65-FollowerState
2023-01-24 12:22:59,401 [3f0205b3-740b-4219-bfdb-76da739fef9e@group-A2C53E516D65-FollowerState] INFO  server.RaftServerConfigKeys (ConfUtils.java:logFallback(53)) - raft.server.rpc.first-election.timeout.min = 5s (fallback to raft.server.rpc.timeout.min)
2023-01-24 12:22:59,401 [3f0205b3-740b-4219-bfdb-76da739fef9e@group-A2C53E516D65-FollowerState] INFO  server.RaftServerConfigKeys (ConfUtils.java:logFallback(53)) - raft.server.rpc.first-election.timeout.max = 5200ms (fallback to raft.server.rpc.timeout.max)
2023-01-24 12:22:59,713 [8d5822ee-b1dd-46af-beb1-0638b7fa15fc@group-FA7DB534425B-FollowerState] INFO  impl.FollowerState (FollowerState.java:run(143)) - 8d5822ee-b1dd-46af-beb1-0638b7fa15fc@group-FA7DB534425B-FollowerState: change to CANDIDATE, lastRpcElapsedTime:5088346807ns, electionTimeout:5082ms
2023-01-24 12:22:59,713 [8d5822ee-b1dd-46af-beb1-0638b7fa15fc@group-FA7DB534425B-FollowerState] INFO  impl.RoleInfo (RoleInfo.java:shutdownFollowerState(110)) - 8d5822ee-b1dd-46af-beb1-0638b7fa15fc: shutdown 8d5822ee-b1dd-46af-beb1-0638b7fa15fc@group-FA7DB534425B-FollowerState
2023-01-24 12:22:59,713 [8d5822ee-b1dd-46af-beb1-0638b7fa15fc@group-FA7DB534425B-FollowerState] INFO  server.RaftServer$Division (RaftServerImpl.java:setRole(321)) - 8d5822ee-b1dd-46af-beb1-0638b7fa15fc@group-FA7DB534425B: changes role from  FOLLOWER to CANDIDATE at term 0 for changeToCandidate
2023-01-24 12:22:59,713 [8d5822ee-b1dd-46af-beb1-0638b7fa15fc@group-FA7DB534425B-FollowerState] INFO  server.RaftServerConfigKeys (ConfUtils.java:logGet(46)) - raft.server.leaderelection.pre-vote = false (custom)
2023-01-24 12:22:59,713 [8d5822ee-b1dd-46af-beb1-0638b7fa15fc@group-FA7DB534425B-FollowerState] INFO  impl.RoleInfo (RoleInfo.java:updateAndGet(139)) - 8d5822ee-b1dd-46af-beb1-0638b7fa15fc: start 8d5822ee-b1dd-46af-beb1-0638b7fa15fc@group-FA7DB534425B-LeaderElection10
2023-01-24 12:22:59,716 [8d5822ee-b1dd-46af-beb1-0638b7fa15fc@group-FA7DB534425B-LeaderElection10] INFO  impl.LeaderElection (LeaderElection.java:askForVotes(312)) - 8d5822ee-b1dd-46af-beb1-0638b7fa15fc@group-FA7DB534425B-LeaderElection10 ELECTION round 0: submit vote requests at term 1 for -1: peers:[8d5822ee-b1dd-46af-beb1-0638b7fa15fc|rpc:10.1.1.14:38873|dataStream:10.1.1.14:42631|priority:1|startupRole:FOLLOWER]|listeners:[], old=null
2023-01-24 12:22:59,716 [8d5822ee-b1dd-46af-beb1-0638b7fa15fc@group-FA7DB534425B-LeaderElection10] INFO  impl.LeaderElection (LeaderElection.java:askForVotes(314)) - 8d5822ee-b1dd-46af-beb1-0638b7fa15fc@group-FA7DB534425B-LeaderElection10 ELECTION round 0: result PASSED (term=1)
2023-01-24 12:22:59,716 [8d5822ee-b1dd-46af-beb1-0638b7fa15fc@group-FA7DB534425B-LeaderElection10] INFO  impl.RoleInfo (RoleInfo.java:shutdownLeaderElection(130)) - 8d5822ee-b1dd-46af-beb1-0638b7fa15fc: shutdown 8d5822ee-b1dd-46af-beb1-0638b7fa15fc@group-FA7DB534425B-LeaderElection10
2023-01-24 12:22:59,716 [8d5822ee-b1dd-46af-beb1-0638b7fa15fc@group-FA7DB534425B-LeaderElection10] INFO  server.RaftServer$Division (RaftServerImpl.java:setRole(321)) - 8d5822ee-b1dd-46af-beb1-0638b7fa15fc@group-FA7DB534425B: changes role from CANDIDATE to LEADER at term 1 for changeToLeader
2023-01-24 12:22:59,716 [8d5822ee-b1dd-46af-beb1-0638b7fa15fc@group-FA7DB534425B-LeaderElection10] INFO  ratis.XceiverServerRatis (XceiverServerRatis.java:handleLeaderChangedNotification(904)) - Leader change notification received for group: group-FA7DB534425B with new leaderId: 8d5822ee-b1dd-46af-beb1-0638b7fa15fc
2023-01-24 12:22:59,716 [8d5822ee-b1dd-46af-beb1-0638b7fa15fc@group-FA7DB534425B-LeaderElection10] INFO  server.RaftServer$Division (ServerState.java:setLeader(313)) - 8d5822ee-b1dd-46af-beb1-0638b7fa15fc@group-FA7DB534425B: change Leader from null to 8d5822ee-b1dd-46af-beb1-0638b7fa15fc at term 1 for becomeLeader, leader elected after 5115ms
2023-01-24 12:22:59,716 [8d5822ee-b1dd-46af-beb1-0638b7fa15fc@group-FA7DB534425B-LeaderElection10] INFO  server.RaftServerConfigKeys (ConfUtils.java:logGet(46)) - raft.server.staging.catchup.gap = 1000 (default)
2023-01-24 12:22:59,717 [8d5822ee-b1dd-46af-beb1-0638b7fa15fc@group-FA7DB534425B-LeaderElection10] INFO  server.RaftServerConfigKeys (ConfUtils.java:logGet(46)) - raft.server.write.element-limit = 1024 (custom)
2023-01-24 12:22:59,717 [8d5822ee-b1dd-46af-beb1-0638b7fa15fc@group-FA7DB534425B-LeaderElection10] INFO  server.RaftServerConfigKeys (ConfUtils.java:logGet(46)) - raft.server.write.byte-limit = 1024 M (=1073741824) (custom)
2023-01-24 12:22:59,717 [8d5822ee-b1dd-46af-beb1-0638b7fa15fc@group-FA7DB534425B-LeaderElection10] INFO  server.RaftServerConfigKeys (ConfUtils.java:logGet(46)) - raft.server.watch.timeout = 180s (custom)
2023-01-24 12:22:59,717 [8d5822ee-b1dd-46af-beb1-0638b7fa15fc@group-FA7DB534425B-LeaderElection10] INFO  server.RaftServerConfigKeys (ConfUtils.java:logGet(46)) - raft.server.watch.timeout.denomination = 1s (default)
2023-01-24 12:22:59,717 [8d5822ee-b1dd-46af-beb1-0638b7fa15fc@group-FA7DB534425B-LeaderElection10] INFO  server.RaftServerConfigKeys (ConfUtils.java:logGet(46)) - raft.server.watch.element-limit = 65536 (default)
2023-01-24 12:22:59,717 [8d5822ee-b1dd-46af-beb1-0638b7fa15fc@group-FA7DB534425B-LeaderElection10] INFO  server.RaftServerConfigKeys (ConfUtils.java:logGet(46)) - raft.server.write.element-limit = 1024 (custom)
2023-01-24 12:22:59,717 [8d5822ee-b1dd-46af-beb1-0638b7fa15fc@group-FA7DB534425B-LeaderElection10] INFO  server.RaftServerConfigKeys (ConfUtils.java:logGet(46)) - raft.server.write.follower.gap.ratio.max = -1.0 (default)
2023-01-24 12:22:59,717 [8d5822ee-b1dd-46af-beb1-0638b7fa15fc@group-FA7DB534425B-LeaderElection10] INFO  impl.RoleInfo (RoleInfo.java:updateAndGet(139)) - 8d5822ee-b1dd-46af-beb1-0638b7fa15fc: start 8d5822ee-b1dd-46af-beb1-0638b7fa15fc@group-FA7DB534425B-LeaderStateImpl
2023-01-24 12:22:59,718 [8d5822ee-b1dd-46af-beb1-0638b7fa15fc@group-FA7DB534425B-LeaderElection10] INFO  segmented.SegmentedRaftLogWorker (SegmentedRaftLogWorker.java:startLogSegment(452)) - 8d5822ee-b1dd-46af-beb1-0638b7fa15fc@group-FA7DB534425B-SegmentedRaftLogWorker: Starting segment from index:0
2023-01-24 12:22:59,718 [EventQueue-OpenPipelineForHealthyPipelineSafeModeRule] INFO  safemode.SCMSafeModeManager (HealthyPipelineSafeModeRule.java:process(137)) - SCM in safe mode. Healthy pipelines reported count is 0, required healthy pipeline reported count is 1
2023-01-24 12:22:59,720 [8d5822ee-b1dd-46af-beb1-0638b7fa15fc@group-FA7DB534425B-LeaderElection10] INFO  server.RaftServer$Division (ServerState.java:setRaftConf(430)) - 8d5822ee-b1dd-46af-beb1-0638b7fa15fc@group-FA7DB534425B: set configuration 0: peers:[8d5822ee-b1dd-46af-beb1-0638b7fa15fc|rpc:10.1.1.14:38873|dataStream:10.1.1.14:42631|priority:1|startupRole:FOLLOWER]|listeners:[], old=null
2023-01-24 12:22:59,720 [8d5822ee-b1dd-46af-beb1-0638b7fa15fc@group-FA7DB534425B-SegmentedRaftLogWorker] INFO  segmented.SegmentedRaftLogWorker (SegmentedRaftLogWorker.java:execute(656)) - 8d5822ee-b1dd-46af-beb1-0638b7fa15fc@group-FA7DB534425B-SegmentedRaftLogWorker: created new log segment /home/runner/work/ozone/ozone/hadoop-ozone/integration-test/target/test-dir/MiniOzoneClusterImpl-9ddee5dd-a9b0-4f84-bf8c-5f63b859aaaf/datanode-4/data/ratis/77be8a2a-ac31-467c-8bd7-fa7db534425b/current/log_inprogress_0
2023-01-24 12:22:59,941 [4243b07b-dbe8-44bd-919c-c5b59c546d4c@group-E790985FDC2A-FollowerState] INFO  impl.FollowerState (FollowerState.java:run(143)) - 4243b07b-dbe8-44bd-919c-c5b59c546d4c@group-E790985FDC2A-FollowerState: change to CANDIDATE, lastRpcElapsedTime:5201135300ns, electionTimeout:5200ms
2023-01-24 12:22:59,941 [4243b07b-dbe8-44bd-919c-c5b59c546d4c@group-E790985FDC2A-FollowerState] INFO  impl.RoleInfo (RoleInfo.java:shutdownFollowerState(110)) - 4243b07b-dbe8-44bd-919c-c5b59c546d4c: shutdown 4243b07b-dbe8-44bd-919c-c5b59c546d4c@group-E790985FDC2A-FollowerState
2023-01-24 12:22:59,942 [4243b07b-dbe8-44bd-919c-c5b59c546d4c@group-E790985FDC2A-FollowerState] INFO  server.RaftServer$Division (RaftServerImpl.java:setRole(321)) - 4243b07b-dbe8-44bd-919c-c5b59c546d4c@group-E790985FDC2A: changes role from  FOLLOWER to CANDIDATE at term 0 for changeToCandidate
2023-01-24 12:22:59,942 [4243b07b-dbe8-44bd-919c-c5b59c546d4c@group-E790985FDC2A-FollowerState] INFO  server.RaftServerConfigKeys (ConfUtils.java:logGet(46)) - raft.server.leaderelection.pre-vote = false (custom)
2023-01-24 12:22:59,942 [4243b07b-dbe8-44bd-919c-c5b59c546d4c@group-E790985FDC2A-FollowerState] INFO  impl.RoleInfo (RoleInfo.java:updateAndGet(139)) - 4243b07b-dbe8-44bd-919c-c5b59c546d4c: start 4243b07b-dbe8-44bd-919c-c5b59c546d4c@group-E790985FDC2A-LeaderElection11
2023-01-24 12:22:59,945 [4243b07b-dbe8-44bd-919c-c5b59c546d4c@group-E790985FDC2A-LeaderElection11] INFO  impl.LeaderElection (LeaderElection.java:askForVotes(312)) - 4243b07b-dbe8-44bd-919c-c5b59c546d4c@group-E790985FDC2A-LeaderElection11 ELECTION round 0: submit vote requests at term 1 for -1: peers:[4243b07b-dbe8-44bd-919c-c5b59c546d4c|rpc:10.1.1.14:38729|dataStream:10.1.1.14:33721|priority:1|startupRole:FOLLOWER]|listeners:[], old=null
2023-01-24 12:22:59,945 [4243b07b-dbe8-44bd-919c-c5b59c546d4c@group-E790985FDC2A-LeaderElection11] INFO  impl.LeaderElection (LeaderElection.java:askForVotes(314)) - 4243b07b-dbe8-44bd-919c-c5b59c546d4c@group-E790985FDC2A-LeaderElection11 ELECTION round 0: result PASSED (term=1)
2023-01-24 12:22:59,945 [4243b07b-dbe8-44bd-919c-c5b59c546d4c@group-E790985FDC2A-LeaderElection11] INFO  impl.RoleInfo (RoleInfo.java:shutdownLeaderElection(130)) - 4243b07b-dbe8-44bd-919c-c5b59c546d4c: shutdown 4243b07b-dbe8-44bd-919c-c5b59c546d4c@group-E790985FDC2A-LeaderElection11
2023-01-24 12:22:59,945 [4243b07b-dbe8-44bd-919c-c5b59c546d4c@group-E790985FDC2A-LeaderElection11] INFO  server.RaftServer$Division (RaftServerImpl.java:setRole(321)) - 4243b07b-dbe8-44bd-919c-c5b59c546d4c@group-E790985FDC2A: changes role from CANDIDATE to LEADER at term 1 for changeToLeader
2023-01-24 12:22:59,945 [4243b07b-dbe8-44bd-919c-c5b59c546d4c@group-E790985FDC2A-LeaderElection11] INFO  ratis.XceiverServerRatis (XceiverServerRatis.java:handleLeaderChangedNotification(904)) - Leader change notification received for group: group-E790985FDC2A with new leaderId: 4243b07b-dbe8-44bd-919c-c5b59c546d4c
2023-01-24 12:22:59,945 [4243b07b-dbe8-44bd-919c-c5b59c546d4c@group-E790985FDC2A-LeaderElection11] INFO  server.RaftServer$Division (ServerState.java:setLeader(313)) - 4243b07b-dbe8-44bd-919c-c5b59c546d4c@group-E790985FDC2A: change Leader from null to 4243b07b-dbe8-44bd-919c-c5b59c546d4c at term 1 for becomeLeader, leader elected after 5216ms
2023-01-24 12:22:59,945 [4243b07b-dbe8-44bd-919c-c5b59c546d4c@group-E790985FDC2A-LeaderElection11] INFO  server.RaftServerConfigKeys (ConfUtils.java:logGet(46)) - raft.server.staging.catchup.gap = 1000 (default)
2023-01-24 12:22:59,945 [4243b07b-dbe8-44bd-919c-c5b59c546d4c@group-E790985FDC2A-LeaderElection11] INFO  server.RaftServerConfigKeys (ConfUtils.java:logGet(46)) - raft.server.write.element-limit = 1024 (custom)
2023-01-24 12:22:59,945 [4243b07b-dbe8-44bd-919c-c5b59c546d4c@group-E790985FDC2A-LeaderElection11] INFO  server.RaftServerConfigKeys (ConfUtils.java:logGet(46)) - raft.server.write.byte-limit = 1024 M (=1073741824) (custom)
2023-01-24 12:22:59,946 [4243b07b-dbe8-44bd-919c-c5b59c546d4c@group-E790985FDC2A-LeaderElection11] INFO  server.RaftServerConfigKeys (ConfUtils.java:logGet(46)) - raft.server.watch.timeout = 180s (custom)
2023-01-24 12:22:59,946 [4243b07b-dbe8-44bd-919c-c5b59c546d4c@group-E790985FDC2A-LeaderElection11] INFO  server.RaftServerConfigKeys (ConfUtils.java:logGet(46)) - raft.server.watch.timeout.denomination = 1s (default)
2023-01-24 12:22:59,946 [4243b07b-dbe8-44bd-919c-c5b59c546d4c@group-E790985FDC2A-LeaderElection11] INFO  server.RaftServerConfigKeys (ConfUtils.java:logGet(46)) - raft.server.watch.element-limit = 65536 (default)
2023-01-24 12:22:59,946 [EventQueue-OpenPipelineForHealthyPipelineSafeModeRule] INFO  safemode.SCMSafeModeManager (HealthyPipelineSafeModeRule.java:process(137)) - SCM in safe mode. Healthy pipelines reported count is 0, required healthy pipeline reported count is 1
2023-01-24 12:22:59,948 [4243b07b-dbe8-44bd-919c-c5b59c546d4c@group-E790985FDC2A-LeaderElection11] INFO  server.RaftServerConfigKeys (ConfUtils.java:logGet(46)) - raft.server.write.element-limit = 1024 (custom)
2023-01-24 12:22:59,948 [4243b07b-dbe8-44bd-919c-c5b59c546d4c@group-E790985FDC2A-LeaderElection11] INFO  server.RaftServerConfigKeys (ConfUtils.java:logGet(46)) - raft.server.write.follower.gap.ratio.max = -1.0 (default)
2023-01-24 12:22:59,948 [4243b07b-dbe8-44bd-919c-c5b59c546d4c@group-E790985FDC2A-LeaderElection11] INFO  impl.RoleInfo (RoleInfo.java:updateAndGet(139)) - 4243b07b-dbe8-44bd-919c-c5b59c546d4c: start 4243b07b-dbe8-44bd-919c-c5b59c546d4c@group-E790985FDC2A-LeaderStateImpl
2023-01-24 12:22:59,948 [4243b07b-dbe8-44bd-919c-c5b59c546d4c@group-E790985FDC2A-LeaderElection11] INFO  segmented.SegmentedRaftLogWorker (SegmentedRaftLogWorker.java:startLogSegment(452)) - 4243b07b-dbe8-44bd-919c-c5b59c546d4c@group-E790985FDC2A-SegmentedRaftLogWorker: Starting segment from index:0
2023-01-24 12:22:59,949 [4243b07b-dbe8-44bd-919c-c5b59c546d4c@group-E790985FDC2A-LeaderElection11] INFO  server.RaftServer$Division (ServerState.java:setRaftConf(430)) - 4243b07b-dbe8-44bd-919c-c5b59c546d4c@group-E790985FDC2A: set configuration 0: peers:[4243b07b-dbe8-44bd-919c-c5b59c546d4c|rpc:10.1.1.14:38729|dataStream:10.1.1.14:33721|priority:1|startupRole:FOLLOWER]|listeners:[], old=null
2023-01-24 12:22:59,949 [4243b07b-dbe8-44bd-919c-c5b59c546d4c@group-E790985FDC2A-SegmentedRaftLogWorker] INFO  segmented.SegmentedRaftLogWorker (SegmentedRaftLogWorker.java:execute(656)) - 4243b07b-dbe8-44bd-919c-c5b59c546d4c@group-E790985FDC2A-SegmentedRaftLogWorker: created new log segment /home/runner/work/ozone/ozone/hadoop-ozone/integration-test/target/test-dir/MiniOzoneClusterImpl-9ddee5dd-a9b0-4f84-bf8c-5f63b859aaaf/datanode-5/data/ratis/7386c907-83e1-4122-85b8-e790985fdc2a/current/log_inprogress_0
2023-01-24 12:23:00,238 [Listener at 127.0.0.1/46625] INFO  ozone.MiniOzoneClusterImpl (MiniOzoneClusterImpl.java:lambda$waitForClusterToBeReady$0(218)) - Nodes are ready. Got 10 of 10 DN Heartbeats.
2023-01-24 12:23:00,238 [Listener at 127.0.0.1/46625] INFO  ozone.MiniOzoneClusterImpl (MiniOzoneClusterImpl.java:lambda$waitForClusterToBeReady$0(221)) - Waiting for cluster to exit safe mode
2023-01-24 12:23:00,238 [Listener at 127.0.0.1/46625] INFO  ozone.MiniOzoneClusterImpl (MiniOzoneClusterImpl.java:lambda$waitForClusterToBeReady$0(223)) - SCM became leader
2023-01-24 12:23:00,303 [fb483a44-74cc-4237-a554-a68f3575ba39@group-67431DBC43D0-FollowerState] INFO  impl.FollowerState (FollowerState.java:run(143)) - fb483a44-74cc-4237-a554-a68f3575ba39@group-67431DBC43D0-FollowerState: change to CANDIDATE, lastRpcElapsedTime:5091014108ns, electionTimeout:5088ms
2023-01-24 12:23:00,303 [fb483a44-74cc-4237-a554-a68f3575ba39@group-67431DBC43D0-FollowerState] INFO  impl.RoleInfo (RoleInfo.java:shutdownFollowerState(110)) - fb483a44-74cc-4237-a554-a68f3575ba39: shutdown fb483a44-74cc-4237-a554-a68f3575ba39@group-67431DBC43D0-FollowerState
2023-01-24 12:23:00,303 [fb483a44-74cc-4237-a554-a68f3575ba39@group-67431DBC43D0-FollowerState] INFO  server.RaftServer$Division (RaftServerImpl.java:setRole(321)) - fb483a44-74cc-4237-a554-a68f3575ba39@group-67431DBC43D0: changes role from  FOLLOWER to CANDIDATE at term 0 for changeToCandidate
2023-01-24 12:23:00,303 [fb483a44-74cc-4237-a554-a68f3575ba39@group-67431DBC43D0-FollowerState] INFO  server.RaftServerConfigKeys (ConfUtils.java:logGet(46)) - raft.server.leaderelection.pre-vote = false (custom)
2023-01-24 12:23:00,303 [fb483a44-74cc-4237-a554-a68f3575ba39@group-67431DBC43D0-FollowerState] INFO  impl.RoleInfo (RoleInfo.java:updateAndGet(139)) - fb483a44-74cc-4237-a554-a68f3575ba39: start fb483a44-74cc-4237-a554-a68f3575ba39@group-67431DBC43D0-LeaderElection12
2023-01-24 12:23:00,308 [fb483a44-74cc-4237-a554-a68f3575ba39@group-67431DBC43D0-LeaderElection12] INFO  impl.LeaderElection (LeaderElection.java:askForVotes(312)) - fb483a44-74cc-4237-a554-a68f3575ba39@group-67431DBC43D0-LeaderElection12 ELECTION round 0: submit vote requests at term 1 for -1: peers:[fb483a44-74cc-4237-a554-a68f3575ba39|rpc:10.1.1.14:43379|dataStream:10.1.1.14:37561|priority:1|startupRole:FOLLOWER, f9d7edb3-f6c7-431a-8d5c-722e1f28718f|rpc:10.1.1.14:43465|dataStream:10.1.1.14:46043|priority:0|startupRole:FOLLOWER, cf1032d2-0037-4a0c-94af-232c62b39d0f|rpc:10.1.1.14:45895|dataStream:10.1.1.14:39787|priority:0|startupRole:FOLLOWER]|listeners:[], old=null
2023-01-24 12:23:00,309 [fb483a44-74cc-4237-a554-a68f3575ba39@group-67431DBC43D0-LeaderElection12-1] INFO  server.GrpcServerProtocolClient (GrpcServerProtocolClient.java:<init>(63)) - Build channel for f9d7edb3-f6c7-431a-8d5c-722e1f28718f
2023-01-24 12:23:00,310 [fb483a44-74cc-4237-a554-a68f3575ba39@group-67431DBC43D0-LeaderElection12] INFO  server.RaftServerConfigKeys (ConfUtils.java:logFallback(53)) - raft.server.rpc.first-election.timeout.min = 5s (fallback to raft.server.rpc.timeout.min)
2023-01-24 12:23:00,310 [fb483a44-74cc-4237-a554-a68f3575ba39@group-67431DBC43D0-LeaderElection12-2] INFO  server.GrpcServerProtocolClient (GrpcServerProtocolClient.java:<init>(63)) - Build channel for cf1032d2-0037-4a0c-94af-232c62b39d0f
2023-01-24 12:23:00,310 [fb483a44-74cc-4237-a554-a68f3575ba39@group-67431DBC43D0-LeaderElection12] INFO  server.RaftServerConfigKeys (ConfUtils.java:logFallback(53)) - raft.server.rpc.first-election.timeout.max = 5200ms (fallback to raft.server.rpc.timeout.max)
2023-01-24 12:23:00,318 [grpc-default-executor-1] INFO  server.RaftServer$Division (RaftServerImpl.java:requestVote(1218)) - f9d7edb3-f6c7-431a-8d5c-722e1f28718f@group-67431DBC43D0: receive requestVote(ELECTION, fb483a44-74cc-4237-a554-a68f3575ba39, group-67431DBC43D0, 1, (t:0, i:0))
2023-01-24 12:23:00,318 [grpc-default-executor-1] INFO  impl.VoteContext (VoteContext.java:log(49)) - f9d7edb3-f6c7-431a-8d5c-722e1f28718f@group-67431DBC43D0-FOLLOWER: accept ELECTION from fb483a44-74cc-4237-a554-a68f3575ba39: our priority 0 <= candidate's priority 1
2023-01-24 12:23:00,318 [grpc-default-executor-1] INFO  server.RaftServer$Division (RaftServerImpl.java:setRole(321)) - f9d7edb3-f6c7-431a-8d5c-722e1f28718f@group-67431DBC43D0: changes role from  FOLLOWER to FOLLOWER at term 1 for candidate:fb483a44-74cc-4237-a554-a68f3575ba39
2023-01-24 12:23:00,318 [grpc-default-executor-1] INFO  impl.RoleInfo (RoleInfo.java:shutdownFollowerState(110)) - f9d7edb3-f6c7-431a-8d5c-722e1f28718f: shutdown f9d7edb3-f6c7-431a-8d5c-722e1f28718f@group-67431DBC43D0-FollowerState
2023-01-24 12:23:00,318 [grpc-default-executor-1] INFO  impl.RoleInfo (RoleInfo.java:updateAndGet(139)) - f9d7edb3-f6c7-431a-8d5c-722e1f28718f: start f9d7edb3-f6c7-431a-8d5c-722e1f28718f@group-67431DBC43D0-FollowerState
2023-01-24 12:23:00,318 [f9d7edb3-f6c7-431a-8d5c-722e1f28718f@group-67431DBC43D0-FollowerState] INFO  impl.FollowerState (FollowerState.java:run(152)) - f9d7edb3-f6c7-431a-8d5c-722e1f28718f@group-67431DBC43D0-FollowerState was interrupted
2023-01-24 12:23:00,327 [f9d7edb3-f6c7-431a-8d5c-722e1f28718f@group-67431DBC43D0-FollowerState] INFO  server.RaftServerConfigKeys (ConfUtils.java:logFallback(53)) - raft.server.rpc.first-election.timeout.min = 5s (fallback to raft.server.rpc.timeout.min)
2023-01-24 12:23:00,327 [f9d7edb3-f6c7-431a-8d5c-722e1f28718f@group-67431DBC43D0-FollowerState] INFO  server.RaftServerConfigKeys (ConfUtils.java:logFallback(53)) - raft.server.rpc.first-election.timeout.max = 5200ms (fallback to raft.server.rpc.timeout.max)
2023-01-24 12:23:00,327 [grpc-default-executor-0] INFO  server.RaftServer$Division (RaftServerImpl.java:requestVote(1218)) - cf1032d2-0037-4a0c-94af-232c62b39d0f@group-67431DBC43D0: receive requestVote(ELECTION, fb483a44-74cc-4237-a554-a68f3575ba39, group-67431DBC43D0, 1, (t:0, i:0))
2023-01-24 12:23:00,327 [grpc-default-executor-0] INFO  impl.VoteContext (VoteContext.java:log(49)) - cf1032d2-0037-4a0c-94af-232c62b39d0f@group-67431DBC43D0-FOLLOWER: accept ELECTION from fb483a44-74cc-4237-a554-a68f3575ba39: our priority 0 <= candidate's priority 1
2023-01-24 12:23:00,327 [grpc-default-executor-0] INFO  server.RaftServer$Division (RaftServerImpl.java:setRole(321)) - cf1032d2-0037-4a0c-94af-232c62b39d0f@group-67431DBC43D0: changes role from  FOLLOWER to FOLLOWER at term 1 for candidate:fb483a44-74cc-4237-a554-a68f3575ba39
2023-01-24 12:23:00,327 [grpc-default-executor-0] INFO  impl.RoleInfo (RoleInfo.java:shutdownFollowerState(110)) - cf1032d2-0037-4a0c-94af-232c62b39d0f: shutdown cf1032d2-0037-4a0c-94af-232c62b39d0f@group-67431DBC43D0-FollowerState
2023-01-24 12:23:00,327 [grpc-default-executor-0] INFO  impl.RoleInfo (RoleInfo.java:updateAndGet(139)) - cf1032d2-0037-4a0c-94af-232c62b39d0f: start cf1032d2-0037-4a0c-94af-232c62b39d0f@group-67431DBC43D0-FollowerState
2023-01-24 12:23:00,327 [cf1032d2-0037-4a0c-94af-232c62b39d0f@group-67431DBC43D0-FollowerState] INFO  impl.FollowerState (FollowerState.java:run(152)) - cf1032d2-0037-4a0c-94af-232c62b39d0f@group-67431DBC43D0-FollowerState was interrupted
2023-01-24 12:23:00,328 [cf1032d2-0037-4a0c-94af-232c62b39d0f@group-67431DBC43D0-FollowerState] INFO  server.RaftServerConfigKeys (ConfUtils.java:logFallback(53)) - raft.server.rpc.first-election.timeout.min = 5s (fallback to raft.server.rpc.timeout.min)
2023-01-24 12:23:00,328 [cf1032d2-0037-4a0c-94af-232c62b39d0f@group-67431DBC43D0-FollowerState] INFO  server.RaftServerConfigKeys (ConfUtils.java:logFallback(53)) - raft.server.rpc.first-election.timeout.max = 5200ms (fallback to raft.server.rpc.timeout.max)
2023-01-24 12:23:00,329 [grpc-default-executor-0] INFO  server.RaftServer$Division (RaftServerImpl.java:requestVote(1251)) - cf1032d2-0037-4a0c-94af-232c62b39d0f@group-67431DBC43D0 replies to ELECTION vote request: fb483a44-74cc-4237-a554-a68f3575ba39<-cf1032d2-0037-4a0c-94af-232c62b39d0f#0:OK-t1. Peer's state: cf1032d2-0037-4a0c-94af-232c62b39d0f@group-67431DBC43D0:t1, leader=null, voted=fb483a44-74cc-4237-a554-a68f3575ba39, raftlog=Memoized:cf1032d2-0037-4a0c-94af-232c62b39d0f@group-67431DBC43D0-SegmentedRaftLog:OPENED:c-1, conf=-1: peers:[fb483a44-74cc-4237-a554-a68f3575ba39|rpc:10.1.1.14:43379|dataStream:10.1.1.14:37561|priority:1|startupRole:FOLLOWER, f9d7edb3-f6c7-431a-8d5c-722e1f28718f|rpc:10.1.1.14:43465|dataStream:10.1.1.14:46043|priority:0|startupRole:FOLLOWER, cf1032d2-0037-4a0c-94af-232c62b39d0f|rpc:10.1.1.14:45895|dataStream:10.1.1.14:39787|priority:0|startupRole:FOLLOWER]|listeners:[], old=null
2023-01-24 12:23:00,329 [grpc-default-executor-1] INFO  server.RaftServer$Division (RaftServerImpl.java:requestVote(1251)) - f9d7edb3-f6c7-431a-8d5c-722e1f28718f@group-67431DBC43D0 replies to ELECTION vote request: fb483a44-74cc-4237-a554-a68f3575ba39<-f9d7edb3-f6c7-431a-8d5c-722e1f28718f#0:OK-t1. Peer's state: f9d7edb3-f6c7-431a-8d5c-722e1f28718f@group-67431DBC43D0:t1, leader=null, voted=fb483a44-74cc-4237-a554-a68f3575ba39, raftlog=Memoized:f9d7edb3-f6c7-431a-8d5c-722e1f28718f@group-67431DBC43D0-SegmentedRaftLog:OPENED:c-1, conf=-1: peers:[fb483a44-74cc-4237-a554-a68f3575ba39|rpc:10.1.1.14:43379|dataStream:10.1.1.14:37561|priority:1|startupRole:FOLLOWER, f9d7edb3-f6c7-431a-8d5c-722e1f28718f|rpc:10.1.1.14:43465|dataStream:10.1.1.14:46043|priority:0|startupRole:FOLLOWER, cf1032d2-0037-4a0c-94af-232c62b39d0f|rpc:10.1.1.14:45895|dataStream:10.1.1.14:39787|priority:0|startupRole:FOLLOWER]|listeners:[], old=null
2023-01-24 12:23:00,333 [fb483a44-74cc-4237-a554-a68f3575ba39@group-5A4B10D85F99-FollowerState] INFO  impl.FollowerState (FollowerState.java:run(143)) - fb483a44-74cc-4237-a554-a68f3575ba39@group-5A4B10D85F99-FollowerState: change to CANDIDATE, lastRpcElapsedTime:5155017305ns, electionTimeout:5142ms
2023-01-24 12:23:00,334 [fb483a44-74cc-4237-a554-a68f3575ba39@group-5A4B10D85F99-FollowerState] INFO  impl.RoleInfo (RoleInfo.java:shutdownFollowerState(110)) - fb483a44-74cc-4237-a554-a68f3575ba39: shutdown fb483a44-74cc-4237-a554-a68f3575ba39@group-5A4B10D85F99-FollowerState
2023-01-24 12:23:00,334 [fb483a44-74cc-4237-a554-a68f3575ba39@group-5A4B10D85F99-FollowerState] INFO  server.RaftServer$Division (RaftServerImpl.java:setRole(321)) - fb483a44-74cc-4237-a554-a68f3575ba39@group-5A4B10D85F99: changes role from  FOLLOWER to CANDIDATE at term 0 for changeToCandidate
2023-01-24 12:23:00,334 [fb483a44-74cc-4237-a554-a68f3575ba39@group-5A4B10D85F99-FollowerState] INFO  server.RaftServerConfigKeys (ConfUtils.java:logGet(46)) - raft.server.leaderelection.pre-vote = false (custom)
2023-01-24 12:23:00,334 [fb483a44-74cc-4237-a554-a68f3575ba39@group-5A4B10D85F99-FollowerState] INFO  impl.RoleInfo (RoleInfo.java:updateAndGet(139)) - fb483a44-74cc-4237-a554-a68f3575ba39: start fb483a44-74cc-4237-a554-a68f3575ba39@group-5A4B10D85F99-LeaderElection13
2023-01-24 12:23:00,338 [fb483a44-74cc-4237-a554-a68f3575ba39@group-67431DBC43D0-LeaderElection12] INFO  impl.LeaderElection (LeaderElection.java:logAndReturn(90)) - fb483a44-74cc-4237-a554-a68f3575ba39@group-67431DBC43D0-LeaderElection12: ELECTION PASSED received 1 response(s) and 0 exception(s):
2023-01-24 12:23:00,338 [fb483a44-74cc-4237-a554-a68f3575ba39@group-67431DBC43D0-LeaderElection12] INFO  impl.LeaderElection (LeaderElection.java:logAndReturn(94)) -   Response 0: fb483a44-74cc-4237-a554-a68f3575ba39<-cf1032d2-0037-4a0c-94af-232c62b39d0f#0:OK-t1
2023-01-24 12:23:00,338 [fb483a44-74cc-4237-a554-a68f3575ba39@group-67431DBC43D0-LeaderElection12] INFO  impl.LeaderElection (LeaderElection.java:askForVotes(314)) - fb483a44-74cc-4237-a554-a68f3575ba39@group-67431DBC43D0-LeaderElection12 ELECTION round 0: result PASSED
2023-01-24 12:23:00,338 [fb483a44-74cc-4237-a554-a68f3575ba39@group-67431DBC43D0-LeaderElection12] INFO  impl.RoleInfo (RoleInfo.java:shutdownLeaderElection(130)) - fb483a44-74cc-4237-a554-a68f3575ba39: shutdown fb483a44-74cc-4237-a554-a68f3575ba39@group-67431DBC43D0-LeaderElection12
2023-01-24 12:23:00,338 [fb483a44-74cc-4237-a554-a68f3575ba39@group-67431DBC43D0-LeaderElection12] INFO  server.RaftServer$Division (RaftServerImpl.java:setRole(321)) - fb483a44-74cc-4237-a554-a68f3575ba39@group-67431DBC43D0: changes role from CANDIDATE to LEADER at term 1 for changeToLeader
2023-01-24 12:23:00,338 [fb483a44-74cc-4237-a554-a68f3575ba39@group-67431DBC43D0-LeaderElection12] INFO  ratis.XceiverServerRatis (XceiverServerRatis.java:handleLeaderChangedNotification(904)) - Leader change notification received for group: group-67431DBC43D0 with new leaderId: fb483a44-74cc-4237-a554-a68f3575ba39
2023-01-24 12:23:00,338 [fb483a44-74cc-4237-a554-a68f3575ba39@group-67431DBC43D0-LeaderElection12] INFO  server.RaftServer$Division (ServerState.java:setLeader(313)) - fb483a44-74cc-4237-a554-a68f3575ba39@group-67431DBC43D0: change Leader from null to fb483a44-74cc-4237-a554-a68f3575ba39 at term 1 for becomeLeader, leader elected after 5144ms
2023-01-24 12:23:00,338 [fb483a44-74cc-4237-a554-a68f3575ba39@group-67431DBC43D0-LeaderElection12] INFO  server.RaftServerConfigKeys (ConfUtils.java:logGet(46)) - raft.server.staging.catchup.gap = 1000 (default)
2023-01-24 12:23:00,339 [fb483a44-74cc-4237-a554-a68f3575ba39@group-67431DBC43D0-LeaderElection12] INFO  server.RaftServerConfigKeys (ConfUtils.java:logGet(46)) - raft.server.write.element-limit = 1024 (custom)
2023-01-24 12:23:00,339 [fb483a44-74cc-4237-a554-a68f3575ba39@group-67431DBC43D0-LeaderElection12] INFO  server.RaftServerConfigKeys (ConfUtils.java:logGet(46)) - raft.server.write.byte-limit = 1024 M (=1073741824) (custom)
2023-01-24 12:23:00,339 [fb483a44-74cc-4237-a554-a68f3575ba39@group-67431DBC43D0-LeaderElection12] INFO  server.RaftServerConfigKeys (ConfUtils.java:logGet(46)) - raft.server.watch.timeout = 180s (custom)
2023-01-24 12:23:00,339 [fb483a44-74cc-4237-a554-a68f3575ba39@group-67431DBC43D0-LeaderElection12] INFO  server.RaftServerConfigKeys (ConfUtils.java:logGet(46)) - raft.server.watch.timeout.denomination = 1s (default)
2023-01-24 12:23:00,339 [fb483a44-74cc-4237-a554-a68f3575ba39@group-67431DBC43D0-LeaderElection12] INFO  server.RaftServerConfigKeys (ConfUtils.java:logGet(46)) - raft.server.watch.element-limit = 65536 (default)
2023-01-24 12:23:00,339 [fb483a44-74cc-4237-a554-a68f3575ba39@group-67431DBC43D0-LeaderElection12] INFO  server.RaftServerConfigKeys (ConfUtils.java:logGet(46)) - raft.server.write.element-limit = 1024 (custom)
2023-01-24 12:23:00,339 [fb483a44-74cc-4237-a554-a68f3575ba39@group-67431DBC43D0-LeaderElection12] INFO  server.RaftServerConfigKeys (ConfUtils.java:logGet(46)) - raft.server.write.follower.gap.ratio.max = -1.0 (default)
2023-01-24 12:23:00,341 [EventQueue-OpenPipelineForHealthyPipelineSafeModeRule] INFO  safemode.SCMSafeModeManager (HealthyPipelineSafeModeRule.java:process(137)) - SCM in safe mode. Healthy pipelines reported count is 0, required healthy pipeline reported count is 1
2023-01-24 12:23:00,341 [EventQueue-PipelineReportForPipelineReportHandler] INFO  pipeline.PipelineManagerImpl (PipelineManagerImpl.java:openPipeline(367)) - Pipeline Pipeline[ Id: 653c8973-c5e2-4e13-bfbb-67431dbc43d0, Nodes: fb483a44-74cc-4237-a554-a68f3575ba39(fv-az83-645.uavyq1izdhte5b0ne1us2eqzhb.jx.internal.cloudapp.net/10.1.1.14)cf1032d2-0037-4a0c-94af-232c62b39d0f(fv-az83-645.uavyq1izdhte5b0ne1us2eqzhb.jx.internal.cloudapp.net/10.1.1.14)f9d7edb3-f6c7-431a-8d5c-722e1f28718f(fv-az83-645.uavyq1izdhte5b0ne1us2eqzhb.jx.internal.cloudapp.net/10.1.1.14), ReplicationConfig: RATIS/THREE, State:ALLOCATED, leaderId:fb483a44-74cc-4237-a554-a68f3575ba39, CreationTimestamp2023-01-24T12:22:52.904Z[Etc/UTC]] moved to OPEN state
2023-01-24 12:23:00,345 [EventQueue-OpenPipelineForHealthyPipelineSafeModeRule] INFO  safemode.SCMSafeModeManager (HealthyPipelineSafeModeRule.java:process(137)) - SCM in safe mode. Healthy pipelines reported count is 1, required healthy pipeline reported count is 1
2023-01-24 12:23:00,345 [EventQueue-OpenPipelineForHealthyPipelineSafeModeRule] INFO  safemode.SCMSafeModeManager (SCMSafeModeManager.java:validateSafeModeExitRules(200)) - HealthyPipelineSafeModeRule rule is successfully validated
2023-01-24 12:23:00,345 [EventQueue-OpenPipelineForHealthyPipelineSafeModeRule] INFO  safemode.SCMSafeModeManager (SCMSafeModeManager.java:validateSafeModeExitRules(215)) - ScmSafeModeManager, all rules are successfully validated
2023-01-24 12:23:00,345 [EventQueue-OpenPipelineForHealthyPipelineSafeModeRule] INFO  safemode.SCMSafeModeManager (SCMSafeModeManager.java:exitSafeMode(244)) - SCM exiting safe mode.
2023-01-24 12:23:00,345 [EventQueue-OpenPipelineForHealthyPipelineSafeModeRule] INFO  ha.SCMContext (SCMContext.java:updateSafeModeStatus(228)) - Update SafeModeStatus from SafeModeStatus{safeModeStatus=true, preCheckPassed=true} to SafeModeStatus{safeModeStatus=false, preCheckPassed=true}.
2023-01-24 12:23:00,345 [EventQueue-OpenPipelineForHealthyPipelineSafeModeRule] INFO  pipeline.BackgroundPipelineCreator (BackgroundPipelineCreator.java:notifyStatusChanged(254)) - Service BackgroundPipelineCreator transitions to RUNNING.
2023-01-24 12:23:00,345 [EventQueue-OpenPipelineForHealthyPipelineSafeModeRule] INFO  BackgroundPipelineScrubber (BackgroundSCMService.java:notifyStatusChanged(82)) - Service BackgroundPipelineScrubber transitions to RUNNING.
2023-01-24 12:23:00,345 [EventQueue-OpenPipelineForHealthyPipelineSafeModeRule] INFO  ExpiredContainerReplicaOpScrubber (BackgroundSCMService.java:notifyStatusChanged(82)) - Service ExpiredContainerReplicaOpScrubber transitions to RUNNING.
2023-01-24 12:23:00,345 [EventQueue-OpenPipelineForHealthyPipelineSafeModeRule] INFO  replication.ReplicationManager (ReplicationManager.java:notifyStatusChanged(934)) - Service ReplicationManager transitions to RUNNING.
2023-01-24 12:23:00,348 [EventQueue-OpenPipelineForHealthyPipelineSafeModeRule] WARN  balancer.ContainerBalancer (ContainerBalancer.java:shouldRun(131)) - Could not find persisted configuration for ContainerBalancer when checking if ContainerBalancer should run. ContainerBalancer should not run now.
2023-01-24 12:23:00,352 [fb483a44-74cc-4237-a554-a68f3575ba39@group-5A4B10D85F99-LeaderElection13] INFO  impl.LeaderElection (LeaderElection.java:askForVotes(312)) - fb483a44-74cc-4237-a554-a68f3575ba39@group-5A4B10D85F99-LeaderElection13 ELECTION round 0: submit vote requests at term 1 for -1: peers:[fb483a44-74cc-4237-a554-a68f3575ba39|rpc:10.1.1.14:43379|dataStream:10.1.1.14:37561|priority:1|startupRole:FOLLOWER]|listeners:[], old=null
2023-01-24 12:23:00,352 [fb483a44-74cc-4237-a554-a68f3575ba39@group-5A4B10D85F99-LeaderElection13] INFO  impl.LeaderElection (LeaderElection.java:askForVotes(314)) - fb483a44-74cc-4237-a554-a68f3575ba39@group-5A4B10D85F99-LeaderElection13 ELECTION round 0: result PASSED (term=1)
2023-01-24 12:23:00,352 [fb483a44-74cc-4237-a554-a68f3575ba39@group-5A4B10D85F99-LeaderElection13] INFO  impl.RoleInfo (RoleInfo.java:shutdownLeaderElection(130)) - fb483a44-74cc-4237-a554-a68f3575ba39: shutdown fb483a44-74cc-4237-a554-a68f3575ba39@group-5A4B10D85F99-LeaderElection13
2023-01-24 12:23:00,352 [fb483a44-74cc-4237-a554-a68f3575ba39@group-5A4B10D85F99-LeaderElection13] INFO  server.RaftServer$Division (RaftServerImpl.java:setRole(321)) - fb483a44-74cc-4237-a554-a68f3575ba39@group-5A4B10D85F99: changes role from CANDIDATE to LEADER at term 1 for changeToLeader
2023-01-24 12:23:00,352 [fb483a44-74cc-4237-a554-a68f3575ba39@group-5A4B10D85F99-LeaderElection13] INFO  ratis.XceiverServerRatis (XceiverServerRatis.java:handleLeaderChangedNotification(904)) - Leader change notification received for group: group-5A4B10D85F99 with new leaderId: fb483a44-74cc-4237-a554-a68f3575ba39
2023-01-24 12:23:00,352 [fb483a44-74cc-4237-a554-a68f3575ba39@group-5A4B10D85F99-LeaderElection13] INFO  server.RaftServer$Division (ServerState.java:setLeader(313)) - fb483a44-74cc-4237-a554-a68f3575ba39@group-5A4B10D85F99: change Leader from null to fb483a44-74cc-4237-a554-a68f3575ba39 at term 1 for becomeLeader, leader elected after 5187ms
2023-01-24 12:23:00,352 [fb483a44-74cc-4237-a554-a68f3575ba39@group-5A4B10D85F99-LeaderElection13] INFO  server.RaftServerConfigKeys (ConfUtils.java:logGet(46)) - raft.server.staging.catchup.gap = 1000 (default)
2023-01-24 12:23:00,353 [fb483a44-74cc-4237-a554-a68f3575ba39@group-5A4B10D85F99-LeaderElection13] INFO  server.RaftServerConfigKeys (ConfUtils.java:logGet(46)) - raft.server.write.element-limit = 1024 (custom)
2023-01-24 12:23:00,353 [fb483a44-74cc-4237-a554-a68f3575ba39@group-5A4B10D85F99-LeaderElection13] INFO  server.RaftServerConfigKeys (ConfUtils.java:logGet(46)) - raft.server.write.byte-limit = 1024 M (=1073741824) (custom)
2023-01-24 12:23:00,353 [fb483a44-74cc-4237-a554-a68f3575ba39@group-5A4B10D85F99-LeaderElection13] INFO  server.RaftServerConfigKeys (ConfUtils.java:logGet(46)) - raft.server.watch.timeout = 180s (custom)
2023-01-24 12:23:00,354 [fb483a44-74cc-4237-a554-a68f3575ba39@group-5A4B10D85F99-LeaderElection13] INFO  server.RaftServerConfigKeys (ConfUtils.java:logGet(46)) - raft.server.watch.timeout.denomination = 1s (default)
2023-01-24 12:23:00,354 [fb483a44-74cc-4237-a554-a68f3575ba39@group-5A4B10D85F99-LeaderElection13] INFO  server.RaftServerConfigKeys (ConfUtils.java:logGet(46)) - raft.server.watch.element-limit = 65536 (default)
2023-01-24 12:23:00,354 [fb483a44-74cc-4237-a554-a68f3575ba39@group-5A4B10D85F99-LeaderElection13] INFO  server.RaftServerConfigKeys (ConfUtils.java:logGet(46)) - raft.server.write.element-limit = 1024 (custom)
2023-01-24 12:23:00,354 [fb483a44-74cc-4237-a554-a68f3575ba39@group-5A4B10D85F99-LeaderElection13] INFO  server.RaftServerConfigKeys (ConfUtils.java:logGet(46)) - raft.server.write.follower.gap.ratio.max = -1.0 (default)
2023-01-24 12:23:00,354 [fb483a44-74cc-4237-a554-a68f3575ba39@group-5A4B10D85F99-LeaderElection13] INFO  impl.RoleInfo (RoleInfo.java:updateAndGet(139)) - fb483a44-74cc-4237-a554-a68f3575ba39: start fb483a44-74cc-4237-a554-a68f3575ba39@group-5A4B10D85F99-LeaderStateImpl
2023-01-24 12:23:00,354 [fb483a44-74cc-4237-a554-a68f3575ba39@group-5A4B10D85F99-LeaderElection13] INFO  segmented.SegmentedRaftLogWorker (SegmentedRaftLogWorker.java:startLogSegment(452)) - fb483a44-74cc-4237-a554-a68f3575ba39@group-5A4B10D85F99-SegmentedRaftLogWorker: Starting segment from index:0
2023-01-24 12:23:00,358 [fb483a44-74cc-4237-a554-a68f3575ba39@group-67431DBC43D0-LeaderElection12] INFO  server.RaftServerConfigKeys (ConfUtils.java:logGet(46)) - raft.server.log.appender.snapshot.chunk.size.max = 16MB (=16777216) (default)
2023-01-24 12:23:00,358 [fb483a44-74cc-4237-a554-a68f3575ba39@group-67431DBC43D0-LeaderElection12] INFO  server.RaftServerConfigKeys (ConfUtils.java:logGet(46)) - raft.server.log.appender.buffer.byte-limit = 33554432 (custom)
2023-01-24 12:23:00,358 [fb483a44-74cc-4237-a554-a68f3575ba39@group-67431DBC43D0-LeaderElection12] INFO  server.RaftServerConfigKeys (ConfUtils.java:logGet(46)) - raft.server.log.appender.buffer.element-limit = 1 (custom)
2023-01-24 12:23:00,360 [fb483a44-74cc-4237-a554-a68f3575ba39@group-5A4B10D85F99-LeaderElection13] INFO  server.RaftServer$Division (ServerState.java:setRaftConf(430)) - fb483a44-74cc-4237-a554-a68f3575ba39@group-5A4B10D85F99: set configuration 0: peers:[fb483a44-74cc-4237-a554-a68f3575ba39|rpc:10.1.1.14:43379|dataStream:10.1.1.14:37561|priority:1|startupRole:FOLLOWER]|listeners:[], old=null
2023-01-24 12:23:00,360 [fb483a44-74cc-4237-a554-a68f3575ba39@group-5A4B10D85F99-SegmentedRaftLogWorker] INFO  segmented.SegmentedRaftLogWorker (SegmentedRaftLogWorker.java:execute(656)) - fb483a44-74cc-4237-a554-a68f3575ba39@group-5A4B10D85F99-SegmentedRaftLogWorker: created new log segment /home/runner/work/ozone/ozone/hadoop-ozone/integration-test/target/test-dir/MiniOzoneClusterImpl-9ddee5dd-a9b0-4f84-bf8c-5f63b859aaaf/datanode-6/data/ratis/9b7c3694-cfb1-424d-bdb7-5a4b10d85f99/current/log_inprogress_0
2023-01-24 12:23:00,361 [fb483a44-74cc-4237-a554-a68f3575ba39@group-67431DBC43D0-LeaderElection12] INFO  grpc.GrpcConfigKeys (ConfUtils.java:logGet(46)) - raft.grpc.server.leader.outstanding.appends.max = 128 (default)
2023-01-24 12:23:00,361 [fb483a44-74cc-4237-a554-a68f3575ba39@group-67431DBC43D0-LeaderElection12] INFO  server.RaftServerConfigKeys (ConfUtils.java:logGet(46)) - raft.server.rpc.request.timeout = 60s (custom)
2023-01-24 12:23:00,361 [fb483a44-74cc-4237-a554-a68f3575ba39@group-67431DBC43D0-LeaderElection12] INFO  server.RaftServerConfigKeys (ConfUtils.java:logGet(46)) - raft.server.log.appender.install.snapshot.enabled = false (custom)
2023-01-24 12:23:00,361 [fb483a44-74cc-4237-a554-a68f3575ba39@group-67431DBC43D0-LeaderElection12] INFO  grpc.GrpcConfigKeys (ConfUtils.java:logGet(46)) - raft.grpc.server.heartbeat.channel = true (default)
2023-01-24 12:23:00,361 [fb483a44-74cc-4237-a554-a68f3575ba39@group-67431DBC43D0-LeaderElection12] INFO  server.RaftServerConfigKeys (ConfUtils.java:logGet(46)) - raft.server.log.appender.wait-time.min = 10ms (default)
2023-01-24 12:23:00,363 [fb483a44-74cc-4237-a554-a68f3575ba39@group-67431DBC43D0-LeaderElection12] INFO  server.RaftServerConfigKeys (ConfUtils.java:logGet(46)) - raft.server.log.appender.snapshot.chunk.size.max = 16MB (=16777216) (default)
2023-01-24 12:23:00,363 [fb483a44-74cc-4237-a554-a68f3575ba39@group-67431DBC43D0-LeaderElection12] INFO  server.RaftServerConfigKeys (ConfUtils.java:logGet(46)) - raft.server.log.appender.buffer.byte-limit = 33554432 (custom)
2023-01-24 12:23:00,363 [fb483a44-74cc-4237-a554-a68f3575ba39@group-67431DBC43D0-LeaderElection12] INFO  server.RaftServerConfigKeys (ConfUtils.java:logGet(46)) - raft.server.log.appender.buffer.element-limit = 1 (custom)
2023-01-24 12:23:00,363 [fb483a44-74cc-4237-a554-a68f3575ba39@group-67431DBC43D0-LeaderElection12] INFO  grpc.GrpcConfigKeys (ConfUtils.java:logGet(46)) - raft.grpc.server.leader.outstanding.appends.max = 128 (default)
2023-01-24 12:23:00,363 [fb483a44-74cc-4237-a554-a68f3575ba39@group-67431DBC43D0-LeaderElection12] INFO  server.RaftServerConfigKeys (ConfUtils.java:logGet(46)) - raft.server.rpc.request.timeout = 60s (custom)
2023-01-24 12:23:00,364 [fb483a44-74cc-4237-a554-a68f3575ba39@group-67431DBC43D0-LeaderElection12] INFO  server.RaftServerConfigKeys (ConfUtils.java:logGet(46)) - raft.server.log.appender.install.snapshot.enabled = false (custom)
2023-01-24 12:23:00,364 [fb483a44-74cc-4237-a554-a68f3575ba39@group-67431DBC43D0-LeaderElection12] INFO  grpc.GrpcConfigKeys (ConfUtils.java:logGet(46)) - raft.grpc.server.heartbeat.channel = true (default)
2023-01-24 12:23:00,364 [fb483a44-74cc-4237-a554-a68f3575ba39@group-67431DBC43D0-LeaderElection12] INFO  server.RaftServerConfigKeys (ConfUtils.java:logGet(46)) - raft.server.log.appender.wait-time.min = 10ms (default)
2023-01-24 12:23:00,364 [fb483a44-74cc-4237-a554-a68f3575ba39@group-67431DBC43D0-LeaderElection12] INFO  impl.RoleInfo (RoleInfo.java:updateAndGet(139)) - fb483a44-74cc-4237-a554-a68f3575ba39: start fb483a44-74cc-4237-a554-a68f3575ba39@group-67431DBC43D0-LeaderStateImpl
2023-01-24 12:23:00,365 [fb483a44-74cc-4237-a554-a68f3575ba39@group-67431DBC43D0-LeaderElection12] INFO  segmented.SegmentedRaftLogWorker (SegmentedRaftLogWorker.java:startLogSegment(452)) - fb483a44-74cc-4237-a554-a68f3575ba39@group-67431DBC43D0-SegmentedRaftLogWorker: Starting segment from index:0
2023-01-24 12:23:00,366 [fb483a44-74cc-4237-a554-a68f3575ba39@group-67431DBC43D0-SegmentedRaftLogWorker] INFO  segmented.SegmentedRaftLogWorker (SegmentedRaftLogWorker.java:execute(656)) - fb483a44-74cc-4237-a554-a68f3575ba39@group-67431DBC43D0-SegmentedRaftLogWorker: created new log segment /home/runner/work/ozone/ozone/hadoop-ozone/integration-test/target/test-dir/MiniOzoneClusterImpl-9ddee5dd-a9b0-4f84-bf8c-5f63b859aaaf/datanode-6/data/ratis/653c8973-c5e2-4e13-bfbb-67431dbc43d0/current/log_inprogress_0
2023-01-24 12:23:00,372 [fb483a44-74cc-4237-a554-a68f3575ba39@group-67431DBC43D0-LeaderElection12] INFO  server.RaftServer$Division (ServerState.java:setRaftConf(430)) - fb483a44-74cc-4237-a554-a68f3575ba39@group-67431DBC43D0: set configuration 0: peers:[fb483a44-74cc-4237-a554-a68f3575ba39|rpc:10.1.1.14:43379|dataStream:10.1.1.14:37561|priority:1|startupRole:FOLLOWER, f9d7edb3-f6c7-431a-8d5c-722e1f28718f|rpc:10.1.1.14:43465|dataStream:10.1.1.14:46043|priority:0|startupRole:FOLLOWER, cf1032d2-0037-4a0c-94af-232c62b39d0f|rpc:10.1.1.14:45895|dataStream:10.1.1.14:39787|priority:0|startupRole:FOLLOWER]|listeners:[], old=null
2023-01-24 12:23:00,412 [f9d7edb3-f6c7-431a-8d5c-722e1f28718f-server-thread1] INFO  ratis.XceiverServerRatis (XceiverServerRatis.java:handleLeaderChangedNotification(904)) - Leader change notification received for group: group-67431DBC43D0 with new leaderId: fb483a44-74cc-4237-a554-a68f3575ba39
2023-01-24 12:23:00,412 [f9d7edb3-f6c7-431a-8d5c-722e1f28718f-server-thread1] INFO  server.RaftServer$Division (ServerState.java:setLeader(313)) - f9d7edb3-f6c7-431a-8d5c-722e1f28718f@group-67431DBC43D0: change Leader from null to fb483a44-74cc-4237-a554-a68f3575ba39 at term 1 for appendEntries, leader elected after 5141ms
2023-01-24 12:23:00,418 [cf1032d2-0037-4a0c-94af-232c62b39d0f-server-thread1] INFO  ratis.XceiverServerRatis (XceiverServerRatis.java:handleLeaderChangedNotification(904)) - Leader change notification received for group: group-67431DBC43D0 with new leaderId: fb483a44-74cc-4237-a554-a68f3575ba39
2023-01-24 12:23:00,418 [cf1032d2-0037-4a0c-94af-232c62b39d0f-server-thread1] INFO  server.RaftServer$Division (ServerState.java:setLeader(313)) - cf1032d2-0037-4a0c-94af-232c62b39d0f@group-67431DBC43D0: change Leader from null to fb483a44-74cc-4237-a554-a68f3575ba39 at term 1 for appendEntries, leader elected after 5189ms
2023-01-24 12:23:00,420 [f9d7edb3-f6c7-431a-8d5c-722e1f28718f-server-thread2] INFO  server.RaftServer$Division (ServerState.java:setRaftConf(430)) - f9d7edb3-f6c7-431a-8d5c-722e1f28718f@group-67431DBC43D0: set configuration 0: peers:[fb483a44-74cc-4237-a554-a68f3575ba39|rpc:10.1.1.14:43379|dataStream:10.1.1.14:37561|priority:1|startupRole:FOLLOWER, f9d7edb3-f6c7-431a-8d5c-722e1f28718f|rpc:10.1.1.14:43465|dataStream:10.1.1.14:46043|priority:0|startupRole:FOLLOWER, cf1032d2-0037-4a0c-94af-232c62b39d0f|rpc:10.1.1.14:45895|dataStream:10.1.1.14:39787|priority:0|startupRole:FOLLOWER]|listeners:[], old=null
2023-01-24 12:23:00,420 [f9d7edb3-f6c7-431a-8d5c-722e1f28718f-server-thread2] INFO  segmented.SegmentedRaftLogWorker (SegmentedRaftLogWorker.java:startLogSegment(452)) - f9d7edb3-f6c7-431a-8d5c-722e1f28718f@group-67431DBC43D0-SegmentedRaftLogWorker: Starting segment from index:0
2023-01-24 12:23:00,428 [cf1032d2-0037-4a0c-94af-232c62b39d0f-server-thread2] INFO  server.RaftServer$Division (ServerState.java:setRaftConf(430)) - cf1032d2-0037-4a0c-94af-232c62b39d0f@group-67431DBC43D0: set configuration 0: peers:[fb483a44-74cc-4237-a554-a68f3575ba39|rpc:10.1.1.14:43379|dataStream:10.1.1.14:37561|priority:1|startupRole:FOLLOWER, f9d7edb3-f6c7-431a-8d5c-722e1f28718f|rpc:10.1.1.14:43465|dataStream:10.1.1.14:46043|priority:0|startupRole:FOLLOWER, cf1032d2-0037-4a0c-94af-232c62b39d0f|rpc:10.1.1.14:45895|dataStream:10.1.1.14:39787|priority:0|startupRole:FOLLOWER]|listeners:[], old=null
2023-01-24 12:23:00,428 [cf1032d2-0037-4a0c-94af-232c62b39d0f-server-thread2] INFO  segmented.SegmentedRaftLogWorker (SegmentedRaftLogWorker.java:startLogSegment(452)) - cf1032d2-0037-4a0c-94af-232c62b39d0f@group-67431DBC43D0-SegmentedRaftLogWorker: Starting segment from index:0
2023-01-24 12:23:00,429 [f9d7edb3-f6c7-431a-8d5c-722e1f28718f@group-67431DBC43D0-SegmentedRaftLogWorker] INFO  segmented.SegmentedRaftLogWorker (SegmentedRaftLogWorker.java:execute(656)) - f9d7edb3-f6c7-431a-8d5c-722e1f28718f@group-67431DBC43D0-SegmentedRaftLogWorker: created new log segment /home/runner/work/ozone/ozone/hadoop-ozone/integration-test/target/test-dir/MiniOzoneClusterImpl-9ddee5dd-a9b0-4f84-bf8c-5f63b859aaaf/datanode-8/data/ratis/653c8973-c5e2-4e13-bfbb-67431dbc43d0/current/log_inprogress_0
2023-01-24 12:23:00,430 [cf1032d2-0037-4a0c-94af-232c62b39d0f@group-67431DBC43D0-SegmentedRaftLogWorker] INFO  segmented.SegmentedRaftLogWorker (SegmentedRaftLogWorker.java:execute(656)) - cf1032d2-0037-4a0c-94af-232c62b39d0f@group-67431DBC43D0-SegmentedRaftLogWorker: created new log segment /home/runner/work/ozone/ozone/hadoop-ozone/integration-test/target/test-dir/MiniOzoneClusterImpl-9ddee5dd-a9b0-4f84-bf8c-5f63b859aaaf/datanode-7/data/ratis/653c8973-c5e2-4e13-bfbb-67431dbc43d0/current/log_inprogress_0
2023-01-24 12:23:00,474 [fb483a44-74cc-4237-a554-a68f3575ba39@group-062A915EA520-FollowerState] INFO  impl.FollowerState (FollowerState.java:run(143)) - fb483a44-74cc-4237-a554-a68f3575ba39@group-062A915EA520-FollowerState: change to CANDIDATE, lastRpcElapsedTime:5161840904ns, electionTimeout:5157ms
2023-01-24 12:23:00,474 [fb483a44-74cc-4237-a554-a68f3575ba39@group-062A915EA520-FollowerState] INFO  impl.RoleInfo (RoleInfo.java:shutdownFollowerState(110)) - fb483a44-74cc-4237-a554-a68f3575ba39: shutdown fb483a44-74cc-4237-a554-a68f3575ba39@group-062A915EA520-FollowerState
2023-01-24 12:23:00,474 [fb483a44-74cc-4237-a554-a68f3575ba39@group-062A915EA520-FollowerState] INFO  server.RaftServer$Division (RaftServerImpl.java:setRole(321)) - fb483a44-74cc-4237-a554-a68f3575ba39@group-062A915EA520: changes role from  FOLLOWER to CANDIDATE at term 0 for changeToCandidate
2023-01-24 12:23:00,474 [fb483a44-74cc-4237-a554-a68f3575ba39@group-062A915EA520-FollowerState] INFO  server.RaftServerConfigKeys (ConfUtils.java:logGet(46)) - raft.server.leaderelection.pre-vote = false (custom)
2023-01-24 12:23:00,474 [fb483a44-74cc-4237-a554-a68f3575ba39@group-062A915EA520-FollowerState] INFO  impl.RoleInfo (RoleInfo.java:updateAndGet(139)) - fb483a44-74cc-4237-a554-a68f3575ba39: start fb483a44-74cc-4237-a554-a68f3575ba39@group-062A915EA520-LeaderElection14
2023-01-24 12:23:00,476 [fb483a44-74cc-4237-a554-a68f3575ba39@group-062A915EA520-LeaderElection14] INFO  impl.LeaderElection (LeaderElection.java:askForVotes(312)) - fb483a44-74cc-4237-a554-a68f3575ba39@group-062A915EA520-LeaderElection14 ELECTION round 0: submit vote requests at term 1 for -1: peers:[fb483a44-74cc-4237-a554-a68f3575ba39|rpc:10.1.1.14:43379|dataStream:10.1.1.14:37561|priority:0|startupRole:FOLLOWER, f9d7edb3-f6c7-431a-8d5c-722e1f28718f|rpc:10.1.1.14:43465|dataStream:10.1.1.14:46043|priority:0|startupRole:FOLLOWER, cf1032d2-0037-4a0c-94af-232c62b39d0f|rpc:10.1.1.14:45895|dataStream:10.1.1.14:39787|priority:1|startupRole:FOLLOWER]|listeners:[], old=null
2023-01-24 12:23:00,481 [fb483a44-74cc-4237-a554-a68f3575ba39@group-062A915EA520-LeaderElection14] INFO  server.RaftServerConfigKeys (ConfUtils.java:logFallback(53)) - raft.server.rpc.first-election.timeout.min = 5s (fallback to raft.server.rpc.timeout.min)
2023-01-24 12:23:00,481 [fb483a44-74cc-4237-a554-a68f3575ba39@group-062A915EA520-LeaderElection14] INFO  server.RaftServerConfigKeys (ConfUtils.java:logFallback(53)) - raft.server.rpc.first-election.timeout.max = 5200ms (fallback to raft.server.rpc.timeout.max)
2023-01-24 12:23:00,483 [grpc-default-executor-2] INFO  server.RaftServer$Division (RaftServerImpl.java:requestVote(1218)) - f9d7edb3-f6c7-431a-8d5c-722e1f28718f@group-062A915EA520: receive requestVote(ELECTION, fb483a44-74cc-4237-a554-a68f3575ba39, group-062A915EA520, 1, (t:0, i:0))
2023-01-24 12:23:00,483 [grpc-default-executor-2] INFO  impl.VoteContext (VoteContext.java:log(49)) - f9d7edb3-f6c7-431a-8d5c-722e1f28718f@group-062A915EA520-FOLLOWER: accept ELECTION from fb483a44-74cc-4237-a554-a68f3575ba39: our priority 0 <= candidate's priority 0
2023-01-24 12:23:00,483 [grpc-default-executor-2] INFO  server.RaftServer$Division (RaftServerImpl.java:setRole(321)) - f9d7edb3-f6c7-431a-8d5c-722e1f28718f@group-062A915EA520: changes role from  FOLLOWER to FOLLOWER at term 1 for candidate:fb483a44-74cc-4237-a554-a68f3575ba39
2023-01-24 12:23:00,483 [grpc-default-executor-2] INFO  impl.RoleInfo (RoleInfo.java:shutdownFollowerState(110)) - f9d7edb3-f6c7-431a-8d5c-722e1f28718f: shutdown f9d7edb3-f6c7-431a-8d5c-722e1f28718f@group-062A915EA520-FollowerState
2023-01-24 12:23:00,483 [grpc-default-executor-2] INFO  impl.RoleInfo (RoleInfo.java:updateAndGet(139)) - f9d7edb3-f6c7-431a-8d5c-722e1f28718f: start f9d7edb3-f6c7-431a-8d5c-722e1f28718f@group-062A915EA520-FollowerState
2023-01-24 12:23:00,483 [f9d7edb3-f6c7-431a-8d5c-722e1f28718f@group-062A915EA520-FollowerState] INFO  impl.FollowerState (FollowerState.java:run(152)) - f9d7edb3-f6c7-431a-8d5c-722e1f28718f@group-062A915EA520-FollowerState was interrupted
2023-01-24 12:23:00,491 [grpc-default-executor-4] INFO  server.RaftServer$Division (RaftServerImpl.java:requestVote(1218)) - cf1032d2-0037-4a0c-94af-232c62b39d0f@group-062A915EA520: receive requestVote(ELECTION, fb483a44-74cc-4237-a554-a68f3575ba39, group-062A915EA520, 1, (t:0, i:0))
2023-01-24 12:23:00,491 [grpc-default-executor-4] INFO  impl.VoteContext (VoteContext.java:log(49)) - cf1032d2-0037-4a0c-94af-232c62b39d0f@group-062A915EA520-FOLLOWER: reject ELECTION from fb483a44-74cc-4237-a554-a68f3575ba39: our priority 1 > candidate's priority 0
2023-01-24 12:23:00,491 [grpc-default-executor-4] INFO  server.RaftServer$Division (RaftServerImpl.java:setRole(321)) - cf1032d2-0037-4a0c-94af-232c62b39d0f@group-062A915EA520: changes role from  FOLLOWER to FOLLOWER at term 1 for candidate:fb483a44-74cc-4237-a554-a68f3575ba39
2023-01-24 12:23:00,491 [grpc-default-executor-4] INFO  impl.RoleInfo (RoleInfo.java:shutdownFollowerState(110)) - cf1032d2-0037-4a0c-94af-232c62b39d0f: shutdown cf1032d2-0037-4a0c-94af-232c62b39d0f@group-062A915EA520-FollowerState
2023-01-24 12:23:00,491 [grpc-default-executor-4] INFO  impl.RoleInfo (RoleInfo.java:updateAndGet(139)) - cf1032d2-0037-4a0c-94af-232c62b39d0f: start cf1032d2-0037-4a0c-94af-232c62b39d0f@group-062A915EA520-FollowerState
2023-01-24 12:23:00,491 [cf1032d2-0037-4a0c-94af-232c62b39d0f@group-062A915EA520-FollowerState] INFO  impl.FollowerState (FollowerState.java:run(152)) - cf1032d2-0037-4a0c-94af-232c62b39d0f@group-062A915EA520-FollowerState was interrupted
2023-01-24 12:23:00,491 [cf1032d2-0037-4a0c-94af-232c62b39d0f@group-062A915EA520-FollowerState] INFO  server.RaftServerConfigKeys (ConfUtils.java:logFallback(53)) - raft.server.rpc.first-election.timeout.min = 5s (fallback to raft.server.rpc.timeout.min)
2023-01-24 12:23:00,492 [grpc-default-executor-2] INFO  server.RaftServer$Division (RaftServerImpl.java:requestVote(1251)) - f9d7edb3-f6c7-431a-8d5c-722e1f28718f@group-062A915EA520 replies to ELECTION vote request: fb483a44-74cc-4237-a554-a68f3575ba39<-f9d7edb3-f6c7-431a-8d5c-722e1f28718f#0:OK-t1. Peer's state: f9d7edb3-f6c7-431a-8d5c-722e1f28718f@group-062A915EA520:t1, leader=null, voted=fb483a44-74cc-4237-a554-a68f3575ba39, raftlog=Memoized:f9d7edb3-f6c7-431a-8d5c-722e1f28718f@group-062A915EA520-SegmentedRaftLog:OPENED:c-1, conf=-1: peers:[fb483a44-74cc-4237-a554-a68f3575ba39|rpc:10.1.1.14:43379|dataStream:10.1.1.14:37561|priority:0|startupRole:FOLLOWER, f9d7edb3-f6c7-431a-8d5c-722e1f28718f|rpc:10.1.1.14:43465|dataStream:10.1.1.14:46043|priority:0|startupRole:FOLLOWER, cf1032d2-0037-4a0c-94af-232c62b39d0f|rpc:10.1.1.14:45895|dataStream:10.1.1.14:39787|priority:1|startupRole:FOLLOWER]|listeners:[], old=null
2023-01-24 12:23:00,492 [grpc-default-executor-4] INFO  server.RaftServer$Division (RaftServerImpl.java:requestVote(1251)) - cf1032d2-0037-4a0c-94af-232c62b39d0f@group-062A915EA520 replies to ELECTION vote request: fb483a44-74cc-4237-a554-a68f3575ba39<-cf1032d2-0037-4a0c-94af-232c62b39d0f#0:FAIL-t1. Peer's state: cf1032d2-0037-4a0c-94af-232c62b39d0f@group-062A915EA520:t1, leader=null, voted=null, raftlog=Memoized:cf1032d2-0037-4a0c-94af-232c62b39d0f@group-062A915EA520-SegmentedRaftLog:OPENED:c-1, conf=-1: peers:[fb483a44-74cc-4237-a554-a68f3575ba39|rpc:10.1.1.14:43379|dataStream:10.1.1.14:37561|priority:0|startupRole:FOLLOWER, f9d7edb3-f6c7-431a-8d5c-722e1f28718f|rpc:10.1.1.14:43465|dataStream:10.1.1.14:46043|priority:0|startupRole:FOLLOWER, cf1032d2-0037-4a0c-94af-232c62b39d0f|rpc:10.1.1.14:45895|dataStream:10.1.1.14:39787|priority:1|startupRole:FOLLOWER]|listeners:[], old=null
2023-01-24 12:23:00,494 [fb483a44-74cc-4237-a554-a68f3575ba39@group-062A915EA520-LeaderElection14] INFO  impl.LeaderElection (LeaderElection.java:logAndReturn(90)) - fb483a44-74cc-4237-a554-a68f3575ba39@group-062A915EA520-LeaderElection14: ELECTION REJECTED received 1 response(s) and 0 exception(s):
2023-01-24 12:23:00,494 [fb483a44-74cc-4237-a554-a68f3575ba39@group-062A915EA520-LeaderElection14] INFO  impl.LeaderElection (LeaderElection.java:logAndReturn(94)) -   Response 0: fb483a44-74cc-4237-a554-a68f3575ba39<-cf1032d2-0037-4a0c-94af-232c62b39d0f#0:FAIL-t1
2023-01-24 12:23:00,494 [fb483a44-74cc-4237-a554-a68f3575ba39@group-062A915EA520-LeaderElection14] INFO  impl.LeaderElection (LeaderElection.java:askForVotes(314)) - fb483a44-74cc-4237-a554-a68f3575ba39@group-062A915EA520-LeaderElection14 ELECTION round 0: result REJECTED
2023-01-24 12:23:00,491 [f9d7edb3-f6c7-431a-8d5c-722e1f28718f@group-062A915EA520-FollowerState] INFO  server.RaftServerConfigKeys (ConfUtils.java:logFallback(53)) - raft.server.rpc.first-election.timeout.min = 5s (fallback to raft.server.rpc.timeout.min)
2023-01-24 12:23:00,499 [fb483a44-74cc-4237-a554-a68f3575ba39@group-062A915EA520-LeaderElection14] INFO  server.RaftServer$Division (RaftServerImpl.java:setRole(321)) - fb483a44-74cc-4237-a554-a68f3575ba39@group-062A915EA520: changes role from CANDIDATE to FOLLOWER at term 1 for REJECTED
2023-01-24 12:23:00,499 [fb483a44-74cc-4237-a554-a68f3575ba39@group-062A915EA520-LeaderElection14] INFO  impl.RoleInfo (RoleInfo.java:shutdownLeaderElection(130)) - fb483a44-74cc-4237-a554-a68f3575ba39: shutdown fb483a44-74cc-4237-a554-a68f3575ba39@group-062A915EA520-LeaderElection14
2023-01-24 12:23:00,494 [cf1032d2-0037-4a0c-94af-232c62b39d0f@group-062A915EA520-FollowerState] INFO  server.RaftServerConfigKeys (ConfUtils.java:logFallback(53)) - raft.server.rpc.first-election.timeout.max = 5200ms (fallback to raft.server.rpc.timeout.max)
2023-01-24 12:23:00,499 [fb483a44-74cc-4237-a554-a68f3575ba39@group-062A915EA520-LeaderElection14] INFO  impl.RoleInfo (RoleInfo.java:updateAndGet(139)) - fb483a44-74cc-4237-a554-a68f3575ba39: start fb483a44-74cc-4237-a554-a68f3575ba39@group-062A915EA520-FollowerState
2023-01-24 12:23:00,499 [fb483a44-74cc-4237-a554-a68f3575ba39@group-062A915EA520-FollowerState] INFO  server.RaftServerConfigKeys (ConfUtils.java:logFallback(53)) - raft.server.rpc.first-election.timeout.min = 5s (fallback to raft.server.rpc.timeout.min)
2023-01-24 12:23:00,504 [f9d7edb3-f6c7-431a-8d5c-722e1f28718f@group-062A915EA520-FollowerState] INFO  server.RaftServerConfigKeys (ConfUtils.java:logFallback(53)) - raft.server.rpc.first-election.timeout.max = 5200ms (fallback to raft.server.rpc.timeout.max)
2023-01-24 12:23:00,505 [fb483a44-74cc-4237-a554-a68f3575ba39@group-062A915EA520-FollowerState] INFO  server.RaftServerConfigKeys (ConfUtils.java:logFallback(53)) - raft.server.rpc.first-election.timeout.max = 5200ms (fallback to raft.server.rpc.timeout.max)
2023-01-24 12:23:00,597 [cf1032d2-0037-4a0c-94af-232c62b39d0f@group-40958CFD57C9-FollowerState] INFO  impl.FollowerState (FollowerState.java:run(143)) - cf1032d2-0037-4a0c-94af-232c62b39d0f@group-40958CFD57C9-FollowerState: change to CANDIDATE, lastRpcElapsedTime:5019723913ns, electionTimeout:5018ms
2023-01-24 12:23:00,598 [cf1032d2-0037-4a0c-94af-232c62b39d0f@group-40958CFD57C9-FollowerState] INFO  impl.RoleInfo (RoleInfo.java:shutdownFollowerState(110)) - cf1032d2-0037-4a0c-94af-232c62b39d0f: shutdown cf1032d2-0037-4a0c-94af-232c62b39d0f@group-40958CFD57C9-FollowerState
2023-01-24 12:23:00,598 [cf1032d2-0037-4a0c-94af-232c62b39d0f@group-40958CFD57C9-FollowerState] INFO  server.RaftServer$Division (RaftServerImpl.java:setRole(321)) - cf1032d2-0037-4a0c-94af-232c62b39d0f@group-40958CFD57C9: changes role from  FOLLOWER to CANDIDATE at term 0 for changeToCandidate
2023-01-24 12:23:00,598 [cf1032d2-0037-4a0c-94af-232c62b39d0f@group-40958CFD57C9-FollowerState] INFO  server.RaftServerConfigKeys (ConfUtils.java:logGet(46)) - raft.server.leaderelection.pre-vote = false (custom)
2023-01-24 12:23:00,598 [cf1032d2-0037-4a0c-94af-232c62b39d0f@group-40958CFD57C9-FollowerState] INFO  impl.RoleInfo (RoleInfo.java:updateAndGet(139)) - cf1032d2-0037-4a0c-94af-232c62b39d0f: start cf1032d2-0037-4a0c-94af-232c62b39d0f@group-40958CFD57C9-LeaderElection15
2023-01-24 12:23:00,601 [cf1032d2-0037-4a0c-94af-232c62b39d0f@group-40958CFD57C9-LeaderElection15] INFO  impl.LeaderElection (LeaderElection.java:askForVotes(312)) - cf1032d2-0037-4a0c-94af-232c62b39d0f@group-40958CFD57C9-LeaderElection15 ELECTION round 0: submit vote requests at term 1 for -1: peers:[cf1032d2-0037-4a0c-94af-232c62b39d0f|rpc:10.1.1.14:45895|dataStream:10.1.1.14:39787|priority:1|startupRole:FOLLOWER]|listeners:[], old=null
2023-01-24 12:23:00,602 [cf1032d2-0037-4a0c-94af-232c62b39d0f@group-40958CFD57C9-LeaderElection15] INFO  impl.LeaderElection (LeaderElection.java:askForVotes(314)) - cf1032d2-0037-4a0c-94af-232c62b39d0f@group-40958CFD57C9-LeaderElection15 ELECTION round 0: result PASSED (term=1)
2023-01-24 12:23:00,602 [cf1032d2-0037-4a0c-94af-232c62b39d0f@group-40958CFD57C9-LeaderElection15] INFO  impl.RoleInfo (RoleInfo.java:shutdownLeaderElection(130)) - cf1032d2-0037-4a0c-94af-232c62b39d0f: shutdown cf1032d2-0037-4a0c-94af-232c62b39d0f@group-40958CFD57C9-LeaderElection15
2023-01-24 12:23:00,602 [cf1032d2-0037-4a0c-94af-232c62b39d0f@group-40958CFD57C9-LeaderElection15] INFO  server.RaftServer$Division (RaftServerImpl.java:setRole(321)) - cf1032d2-0037-4a0c-94af-232c62b39d0f@group-40958CFD57C9: changes role from CANDIDATE to LEADER at term 1 for changeToLeader
2023-01-24 12:23:00,602 [cf1032d2-0037-4a0c-94af-232c62b39d0f@group-40958CFD57C9-LeaderElection15] INFO  ratis.XceiverServerRatis (XceiverServerRatis.java:handleLeaderChangedNotification(904)) - Leader change notification received for group: group-40958CFD57C9 with new leaderId: cf1032d2-0037-4a0c-94af-232c62b39d0f
2023-01-24 12:23:00,602 [cf1032d2-0037-4a0c-94af-232c62b39d0f@group-40958CFD57C9-LeaderElection15] INFO  server.RaftServer$Division (ServerState.java:setLeader(313)) - cf1032d2-0037-4a0c-94af-232c62b39d0f@group-40958CFD57C9: change Leader from null to cf1032d2-0037-4a0c-94af-232c62b39d0f at term 1 for becomeLeader, leader elected after 5036ms
2023-01-24 12:23:00,602 [cf1032d2-0037-4a0c-94af-232c62b39d0f@group-40958CFD57C9-LeaderElection15] INFO  server.RaftServerConfigKeys (ConfUtils.java:logGet(46)) - raft.server.staging.catchup.gap = 1000 (default)
2023-01-24 12:23:00,602 [cf1032d2-0037-4a0c-94af-232c62b39d0f@group-40958CFD57C9-LeaderElection15] INFO  server.RaftServerConfigKeys (ConfUtils.java:logGet(46)) - raft.server.write.element-limit = 1024 (custom)
2023-01-24 12:23:00,602 [cf1032d2-0037-4a0c-94af-232c62b39d0f@group-40958CFD57C9-LeaderElection15] INFO  server.RaftServerConfigKeys (ConfUtils.java:logGet(46)) - raft.server.write.byte-limit = 1024 M (=1073741824) (custom)
2023-01-24 12:23:00,602 [cf1032d2-0037-4a0c-94af-232c62b39d0f@group-40958CFD57C9-LeaderElection15] INFO  server.RaftServerConfigKeys (ConfUtils.java:logGet(46)) - raft.server.watch.timeout = 180s (custom)
2023-01-24 12:23:00,602 [cf1032d2-0037-4a0c-94af-232c62b39d0f@group-40958CFD57C9-LeaderElection15] INFO  server.RaftServerConfigKeys (ConfUtils.java:logGet(46)) - raft.server.watch.timeout.denomination = 1s (default)
2023-01-24 12:23:00,603 [cf1032d2-0037-4a0c-94af-232c62b39d0f@group-40958CFD57C9-LeaderElection15] INFO  server.RaftServerConfigKeys (ConfUtils.java:logGet(46)) - raft.server.watch.element-limit = 65536 (default)
2023-01-24 12:23:00,603 [cf1032d2-0037-4a0c-94af-232c62b39d0f@group-40958CFD57C9-LeaderElection15] INFO  server.RaftServerConfigKeys (ConfUtils.java:logGet(46)) - raft.server.write.element-limit = 1024 (custom)
2023-01-24 12:23:00,603 [cf1032d2-0037-4a0c-94af-232c62b39d0f@group-40958CFD57C9-LeaderElection15] INFO  server.RaftServerConfigKeys (ConfUtils.java:logGet(46)) - raft.server.write.follower.gap.ratio.max = -1.0 (default)
2023-01-24 12:23:00,603 [cf1032d2-0037-4a0c-94af-232c62b39d0f@group-40958CFD57C9-LeaderElection15] INFO  impl.RoleInfo (RoleInfo.java:updateAndGet(139)) - cf1032d2-0037-4a0c-94af-232c62b39d0f: start cf1032d2-0037-4a0c-94af-232c62b39d0f@group-40958CFD57C9-LeaderStateImpl
2023-01-24 12:23:00,603 [cf1032d2-0037-4a0c-94af-232c62b39d0f@group-40958CFD57C9-LeaderElection15] INFO  segmented.SegmentedRaftLogWorker (SegmentedRaftLogWorker.java:startLogSegment(452)) - cf1032d2-0037-4a0c-94af-232c62b39d0f@group-40958CFD57C9-SegmentedRaftLogWorker: Starting segment from index:0
2023-01-24 12:23:00,604 [cf1032d2-0037-4a0c-94af-232c62b39d0f@group-40958CFD57C9-SegmentedRaftLogWorker] INFO  segmented.SegmentedRaftLogWorker (SegmentedRaftLogWorker.java:execute(656)) - cf1032d2-0037-4a0c-94af-232c62b39d0f@group-40958CFD57C9-SegmentedRaftLogWorker: created new log segment /home/runner/work/ozone/ozone/hadoop-ozone/integration-test/target/test-dir/MiniOzoneClusterImpl-9ddee5dd-a9b0-4f84-bf8c-5f63b859aaaf/datanode-7/data/ratis/f6a3b046-bc13-471d-9aeb-40958cfd57c9/current/log_inprogress_0
2023-01-24 12:23:00,608 [cf1032d2-0037-4a0c-94af-232c62b39d0f@group-40958CFD57C9-LeaderElection15] INFO  server.RaftServer$Division (ServerState.java:setRaftConf(430)) - cf1032d2-0037-4a0c-94af-232c62b39d0f@group-40958CFD57C9: set configuration 0: peers:[cf1032d2-0037-4a0c-94af-232c62b39d0f|rpc:10.1.1.14:45895|dataStream:10.1.1.14:39787|priority:1|startupRole:FOLLOWER]|listeners:[], old=null
2023-01-24 12:23:01,052 [f9d7edb3-f6c7-431a-8d5c-722e1f28718f@group-8FE3E29F9302-FollowerState] INFO  impl.FollowerState (FollowerState.java:run(143)) - f9d7edb3-f6c7-431a-8d5c-722e1f28718f@group-8FE3E29F9302-FollowerState: change to CANDIDATE, lastRpcElapsedTime:5143099808ns, electionTimeout:5142ms
2023-01-24 12:23:01,052 [f9d7edb3-f6c7-431a-8d5c-722e1f28718f@group-8FE3E29F9302-FollowerState] INFO  impl.RoleInfo (RoleInfo.java:shutdownFollowerState(110)) - f9d7edb3-f6c7-431a-8d5c-722e1f28718f: shutdown f9d7edb3-f6c7-431a-8d5c-722e1f28718f@group-8FE3E29F9302-FollowerState
2023-01-24 12:23:01,052 [f9d7edb3-f6c7-431a-8d5c-722e1f28718f@group-8FE3E29F9302-FollowerState] INFO  server.RaftServer$Division (RaftServerImpl.java:setRole(321)) - f9d7edb3-f6c7-431a-8d5c-722e1f28718f@group-8FE3E29F9302: changes role from  FOLLOWER to CANDIDATE at term 0 for changeToCandidate
2023-01-24 12:23:01,052 [f9d7edb3-f6c7-431a-8d5c-722e1f28718f@group-8FE3E29F9302-FollowerState] INFO  server.RaftServerConfigKeys (ConfUtils.java:logGet(46)) - raft.server.leaderelection.pre-vote = false (custom)
2023-01-24 12:23:01,052 [f9d7edb3-f6c7-431a-8d5c-722e1f28718f@group-8FE3E29F9302-FollowerState] INFO  impl.RoleInfo (RoleInfo.java:updateAndGet(139)) - f9d7edb3-f6c7-431a-8d5c-722e1f28718f: start f9d7edb3-f6c7-431a-8d5c-722e1f28718f@group-8FE3E29F9302-LeaderElection16
2023-01-24 12:23:01,055 [f9d7edb3-f6c7-431a-8d5c-722e1f28718f@group-8FE3E29F9302-LeaderElection16] INFO  impl.LeaderElection (LeaderElection.java:askForVotes(312)) - f9d7edb3-f6c7-431a-8d5c-722e1f28718f@group-8FE3E29F9302-LeaderElection16 ELECTION round 0: submit vote requests at term 1 for -1: peers:[f9d7edb3-f6c7-431a-8d5c-722e1f28718f|rpc:10.1.1.14:43465|dataStream:10.1.1.14:46043|priority:1|startupRole:FOLLOWER]|listeners:[], old=null
2023-01-24 12:23:01,055 [f9d7edb3-f6c7-431a-8d5c-722e1f28718f@group-8FE3E29F9302-LeaderElection16] INFO  impl.LeaderElection (LeaderElection.java:askForVotes(314)) - f9d7edb3-f6c7-431a-8d5c-722e1f28718f@group-8FE3E29F9302-LeaderElection16 ELECTION round 0: result PASSED (term=1)
2023-01-24 12:23:01,055 [f9d7edb3-f6c7-431a-8d5c-722e1f28718f@group-8FE3E29F9302-LeaderElection16] INFO  impl.RoleInfo (RoleInfo.java:shutdownLeaderElection(130)) - f9d7edb3-f6c7-431a-8d5c-722e1f28718f: shutdown f9d7edb3-f6c7-431a-8d5c-722e1f28718f@group-8FE3E29F9302-LeaderElection16
2023-01-24 12:23:01,055 [f9d7edb3-f6c7-431a-8d5c-722e1f28718f@group-8FE3E29F9302-LeaderElection16] INFO  server.RaftServer$Division (RaftServerImpl.java:setRole(321)) - f9d7edb3-f6c7-431a-8d5c-722e1f28718f@group-8FE3E29F9302: changes role from CANDIDATE to LEADER at term 1 for changeToLeader
2023-01-24 12:23:01,055 [f9d7edb3-f6c7-431a-8d5c-722e1f28718f@group-8FE3E29F9302-LeaderElection16] INFO  ratis.XceiverServerRatis (XceiverServerRatis.java:handleLeaderChangedNotification(904)) - Leader change notification received for group: group-8FE3E29F9302 with new leaderId: f9d7edb3-f6c7-431a-8d5c-722e1f28718f
2023-01-24 12:23:01,055 [f9d7edb3-f6c7-431a-8d5c-722e1f28718f@group-8FE3E29F9302-LeaderElection16] INFO  server.RaftServer$Division (ServerState.java:setLeader(313)) - f9d7edb3-f6c7-431a-8d5c-722e1f28718f@group-8FE3E29F9302: change Leader from null to f9d7edb3-f6c7-431a-8d5c-722e1f28718f at term 1 for becomeLeader, leader elected after 5158ms
2023-01-24 12:23:01,055 [f9d7edb3-f6c7-431a-8d5c-722e1f28718f@group-8FE3E29F9302-LeaderElection16] INFO  server.RaftServerConfigKeys (ConfUtils.java:logGet(46)) - raft.server.staging.catchup.gap = 1000 (default)
2023-01-24 12:23:01,056 [f9d7edb3-f6c7-431a-8d5c-722e1f28718f@group-8FE3E29F9302-LeaderElection16] INFO  server.RaftServerConfigKeys (ConfUtils.java:logGet(46)) - raft.server.write.element-limit = 1024 (custom)
2023-01-24 12:23:01,056 [f9d7edb3-f6c7-431a-8d5c-722e1f28718f@group-8FE3E29F9302-LeaderElection16] INFO  server.RaftServerConfigKeys (ConfUtils.java:logGet(46)) - raft.server.write.byte-limit = 1024 M (=1073741824) (custom)
2023-01-24 12:23:01,057 [f9d7edb3-f6c7-431a-8d5c-722e1f28718f@group-8FE3E29F9302-LeaderElection16] INFO  server.RaftServerConfigKeys (ConfUtils.java:logGet(46)) - raft.server.watch.timeout = 180s (custom)
2023-01-24 12:23:01,057 [f9d7edb3-f6c7-431a-8d5c-722e1f28718f@group-8FE3E29F9302-LeaderElection16] INFO  server.RaftServerConfigKeys (ConfUtils.java:logGet(46)) - raft.server.watch.timeout.denomination = 1s (default)
2023-01-24 12:23:01,057 [f9d7edb3-f6c7-431a-8d5c-722e1f28718f@group-8FE3E29F9302-LeaderElection16] INFO  server.RaftServerConfigKeys (ConfUtils.java:logGet(46)) - raft.server.watch.element-limit = 65536 (default)
2023-01-24 12:23:01,057 [f9d7edb3-f6c7-431a-8d5c-722e1f28718f@group-8FE3E29F9302-LeaderElection16] INFO  server.RaftServerConfigKeys (ConfUtils.java:logGet(46)) - raft.server.write.element-limit = 1024 (custom)
2023-01-24 12:23:01,057 [f9d7edb3-f6c7-431a-8d5c-722e1f28718f@group-8FE3E29F9302-LeaderElection16] INFO  server.RaftServerConfigKeys (ConfUtils.java:logGet(46)) - raft.server.write.follower.gap.ratio.max = -1.0 (default)
2023-01-24 12:23:01,057 [f9d7edb3-f6c7-431a-8d5c-722e1f28718f@group-8FE3E29F9302-LeaderElection16] INFO  impl.RoleInfo (RoleInfo.java:updateAndGet(139)) - f9d7edb3-f6c7-431a-8d5c-722e1f28718f: start f9d7edb3-f6c7-431a-8d5c-722e1f28718f@group-8FE3E29F9302-LeaderStateImpl
2023-01-24 12:23:01,057 [f9d7edb3-f6c7-431a-8d5c-722e1f28718f@group-8FE3E29F9302-LeaderElection16] INFO  segmented.SegmentedRaftLogWorker (SegmentedRaftLogWorker.java:startLogSegment(452)) - f9d7edb3-f6c7-431a-8d5c-722e1f28718f@group-8FE3E29F9302-SegmentedRaftLogWorker: Starting segment from index:0
2023-01-24 12:23:01,058 [f9d7edb3-f6c7-431a-8d5c-722e1f28718f@group-8FE3E29F9302-SegmentedRaftLogWorker] INFO  segmented.SegmentedRaftLogWorker (SegmentedRaftLogWorker.java:execute(656)) - f9d7edb3-f6c7-431a-8d5c-722e1f28718f@group-8FE3E29F9302-SegmentedRaftLogWorker: created new log segment /home/runner/work/ozone/ozone/hadoop-ozone/integration-test/target/test-dir/MiniOzoneClusterImpl-9ddee5dd-a9b0-4f84-bf8c-5f63b859aaaf/datanode-8/data/ratis/ae994922-4bf4-49bf-b7bd-8fe3e29f9302/current/log_inprogress_0
2023-01-24 12:23:01,059 [f9d7edb3-f6c7-431a-8d5c-722e1f28718f@group-8FE3E29F9302-LeaderElection16] INFO  server.RaftServer$Division (ServerState.java:setRaftConf(430)) - f9d7edb3-f6c7-431a-8d5c-722e1f28718f@group-8FE3E29F9302: set configuration 0: peers:[f9d7edb3-f6c7-431a-8d5c-722e1f28718f|rpc:10.1.1.14:43465|dataStream:10.1.1.14:46043|priority:1|startupRole:FOLLOWER]|listeners:[], old=null
2023-01-24 12:23:01,147 [ReplicationMonitor] INFO  replication.ReplicationManager (ReplicationManager.java:processAll(331)) - Replication Manager is not ready to run until 3000ms after safemode exit
2023-01-24 12:23:01,239 [Listener at 127.0.0.1/46625] INFO  ozone.MiniOzoneClusterImpl (MiniOzoneClusterImpl.java:lambda$waitForClusterToBeReady$0(218)) - Nodes are ready. Got 10 of 10 DN Heartbeats.
2023-01-24 12:23:01,239 [Listener at 127.0.0.1/46625] INFO  ozone.MiniOzoneClusterImpl (MiniOzoneClusterImpl.java:lambda$waitForClusterToBeReady$0(221)) - Cluster exits safe mode
2023-01-24 12:23:01,239 [Listener at 127.0.0.1/46625] INFO  ozone.MiniOzoneClusterImpl (MiniOzoneClusterImpl.java:lambda$waitForClusterToBeReady$0(223)) - SCM became leader
2023-01-24 12:23:01,614 [a73b56cb-3195-4d6d-be40-ac518f1256a6@group-B9BAD9B34F34-FollowerState] INFO  impl.FollowerState (FollowerState.java:run(143)) - a73b56cb-3195-4d6d-be40-ac518f1256a6@group-B9BAD9B34F34-FollowerState: change to CANDIDATE, lastRpcElapsedTime:5050273115ns, electionTimeout:5049ms
2023-01-24 12:23:01,614 [a73b56cb-3195-4d6d-be40-ac518f1256a6@group-B9BAD9B34F34-FollowerState] INFO  impl.RoleInfo (RoleInfo.java:shutdownFollowerState(110)) - a73b56cb-3195-4d6d-be40-ac518f1256a6: shutdown a73b56cb-3195-4d6d-be40-ac518f1256a6@group-B9BAD9B34F34-FollowerState
2023-01-24 12:23:01,615 [a73b56cb-3195-4d6d-be40-ac518f1256a6@group-B9BAD9B34F34-FollowerState] INFO  server.RaftServer$Division (RaftServerImpl.java:setRole(321)) - a73b56cb-3195-4d6d-be40-ac518f1256a6@group-B9BAD9B34F34: changes role from  FOLLOWER to CANDIDATE at term 0 for changeToCandidate
2023-01-24 12:23:01,615 [a73b56cb-3195-4d6d-be40-ac518f1256a6@group-B9BAD9B34F34-FollowerState] INFO  server.RaftServerConfigKeys (ConfUtils.java:logGet(46)) - raft.server.leaderelection.pre-vote = false (custom)
2023-01-24 12:23:01,615 [a73b56cb-3195-4d6d-be40-ac518f1256a6@group-B9BAD9B34F34-FollowerState] INFO  impl.RoleInfo (RoleInfo.java:updateAndGet(139)) - a73b56cb-3195-4d6d-be40-ac518f1256a6: start a73b56cb-3195-4d6d-be40-ac518f1256a6@group-B9BAD9B34F34-LeaderElection17
2023-01-24 12:23:01,623 [a73b56cb-3195-4d6d-be40-ac518f1256a6@group-B9BAD9B34F34-LeaderElection17] INFO  impl.LeaderElection (LeaderElection.java:askForVotes(312)) - a73b56cb-3195-4d6d-be40-ac518f1256a6@group-B9BAD9B34F34-LeaderElection17 ELECTION round 0: submit vote requests at term 1 for -1: peers:[a73b56cb-3195-4d6d-be40-ac518f1256a6|rpc:10.1.1.14:43665|dataStream:10.1.1.14:38193|priority:1|startupRole:FOLLOWER]|listeners:[], old=null
2023-01-24 12:23:01,623 [a73b56cb-3195-4d6d-be40-ac518f1256a6@group-B9BAD9B34F34-LeaderElection17] INFO  impl.LeaderElection (LeaderElection.java:askForVotes(314)) - a73b56cb-3195-4d6d-be40-ac518f1256a6@group-B9BAD9B34F34-LeaderElection17 ELECTION round 0: result PASSED (term=1)
2023-01-24 12:23:01,623 [a73b56cb-3195-4d6d-be40-ac518f1256a6@group-B9BAD9B34F34-LeaderElection17] INFO  impl.RoleInfo (RoleInfo.java:shutdownLeaderElection(130)) - a73b56cb-3195-4d6d-be40-ac518f1256a6: shutdown a73b56cb-3195-4d6d-be40-ac518f1256a6@group-B9BAD9B34F34-LeaderElection17
2023-01-24 12:23:01,623 [a73b56cb-3195-4d6d-be40-ac518f1256a6@group-B9BAD9B34F34-LeaderElection17] INFO  server.RaftServer$Division (RaftServerImpl.java:setRole(321)) - a73b56cb-3195-4d6d-be40-ac518f1256a6@group-B9BAD9B34F34: changes role from CANDIDATE to LEADER at term 1 for changeToLeader
2023-01-24 12:23:01,623 [a73b56cb-3195-4d6d-be40-ac518f1256a6@group-B9BAD9B34F34-LeaderElection17] INFO  ratis.XceiverServerRatis (XceiverServerRatis.java:handleLeaderChangedNotification(904)) - Leader change notification received for group: group-B9BAD9B34F34 with new leaderId: a73b56cb-3195-4d6d-be40-ac518f1256a6
2023-01-24 12:23:01,623 [a73b56cb-3195-4d6d-be40-ac518f1256a6@group-B9BAD9B34F34-LeaderElection17] INFO  server.RaftServer$Division (ServerState.java:setLeader(313)) - a73b56cb-3195-4d6d-be40-ac518f1256a6@group-B9BAD9B34F34: change Leader from null to a73b56cb-3195-4d6d-be40-ac518f1256a6 at term 1 for becomeLeader, leader elected after 5377ms
2023-01-24 12:23:01,623 [a73b56cb-3195-4d6d-be40-ac518f1256a6@group-B9BAD9B34F34-LeaderElection17] INFO  server.RaftServerConfigKeys (ConfUtils.java:logGet(46)) - raft.server.staging.catchup.gap = 1000 (default)
2023-01-24 12:23:01,623 [a73b56cb-3195-4d6d-be40-ac518f1256a6@group-B9BAD9B34F34-LeaderElection17] INFO  server.RaftServerConfigKeys (ConfUtils.java:logGet(46)) - raft.server.write.element-limit = 1024 (custom)
2023-01-24 12:23:01,623 [a73b56cb-3195-4d6d-be40-ac518f1256a6@group-B9BAD9B34F34-LeaderElection17] INFO  server.RaftServerConfigKeys (ConfUtils.java:logGet(46)) - raft.server.write.byte-limit = 1024 M (=1073741824) (custom)
2023-01-24 12:23:01,624 [a73b56cb-3195-4d6d-be40-ac518f1256a6@group-B9BAD9B34F34-LeaderElection17] INFO  server.RaftServerConfigKeys (ConfUtils.java:logGet(46)) - raft.server.watch.timeout = 180s (custom)
2023-01-24 12:23:01,624 [a73b56cb-3195-4d6d-be40-ac518f1256a6@group-B9BAD9B34F34-LeaderElection17] INFO  server.RaftServerConfigKeys (ConfUtils.java:logGet(46)) - raft.server.watch.timeout.denomination = 1s (default)
2023-01-24 12:23:01,624 [a73b56cb-3195-4d6d-be40-ac518f1256a6@group-B9BAD9B34F34-LeaderElection17] INFO  server.RaftServerConfigKeys (ConfUtils.java:logGet(46)) - raft.server.watch.element-limit = 65536 (default)
2023-01-24 12:23:01,624 [a73b56cb-3195-4d6d-be40-ac518f1256a6@group-B9BAD9B34F34-LeaderElection17] INFO  server.RaftServerConfigKeys (ConfUtils.java:logGet(46)) - raft.server.write.element-limit = 1024 (custom)
2023-01-24 12:23:01,625 [a73b56cb-3195-4d6d-be40-ac518f1256a6@group-B9BAD9B34F34-LeaderElection17] INFO  server.RaftServerConfigKeys (ConfUtils.java:logGet(46)) - raft.server.write.follower.gap.ratio.max = -1.0 (default)
2023-01-24 12:23:01,625 [a73b56cb-3195-4d6d-be40-ac518f1256a6@group-B9BAD9B34F34-LeaderElection17] INFO  impl.RoleInfo (RoleInfo.java:updateAndGet(139)) - a73b56cb-3195-4d6d-be40-ac518f1256a6: start a73b56cb-3195-4d6d-be40-ac518f1256a6@group-B9BAD9B34F34-LeaderStateImpl
2023-01-24 12:23:01,625 [a73b56cb-3195-4d6d-be40-ac518f1256a6@group-B9BAD9B34F34-LeaderElection17] INFO  segmented.SegmentedRaftLogWorker (SegmentedRaftLogWorker.java:startLogSegment(452)) - a73b56cb-3195-4d6d-be40-ac518f1256a6@group-B9BAD9B34F34-SegmentedRaftLogWorker: Starting segment from index:0
2023-01-24 12:23:01,627 [a73b56cb-3195-4d6d-be40-ac518f1256a6@group-B9BAD9B34F34-SegmentedRaftLogWorker] INFO  segmented.SegmentedRaftLogWorker (SegmentedRaftLogWorker.java:execute(656)) - a73b56cb-3195-4d6d-be40-ac518f1256a6@group-B9BAD9B34F34-SegmentedRaftLogWorker: created new log segment /home/runner/work/ozone/ozone/hadoop-ozone/integration-test/target/test-dir/MiniOzoneClusterImpl-9ddee5dd-a9b0-4f84-bf8c-5f63b859aaaf/datanode-9/data/ratis/45d13d44-4e8f-47ae-b332-b9bad9b34f34/current/log_inprogress_0
2023-01-24 12:23:01,627 [a73b56cb-3195-4d6d-be40-ac518f1256a6@group-B9BAD9B34F34-LeaderElection17] INFO  server.RaftServer$Division (ServerState.java:setRaftConf(430)) - a73b56cb-3195-4d6d-be40-ac518f1256a6@group-B9BAD9B34F34: set configuration 0: peers:[a73b56cb-3195-4d6d-be40-ac518f1256a6|rpc:10.1.1.14:43665|dataStream:10.1.1.14:38193|priority:1|startupRole:FOLLOWER]|listeners:[], old=null
2023-01-24 12:23:01,648 [Listener at 127.0.0.1/46625] INFO  rpc.RpcClient (RpcClient.java:createVolume(474)) - Creating Volume: 95b203b7-c7ac-4202-99b2-676409206da3, with runner as owner and space quota set to -1 bytes, counts quota set to -1
2023-01-24 12:23:01,685 [OM StateMachine ApplyTransaction Thread - 0] INFO  volume.OMVolumeCreateRequest (OMVolumeCreateRequest.java:validateAndUpdateCache(195)) - created volume:95b203b7-c7ac-4202-99b2-676409206da3 for user:runner
2023-01-24 12:23:01,709 [Listener at 127.0.0.1/46625] INFO  rpc.RpcClient (RpcClient.java:createBucket(693)) - Creating Bucket: 95b203b7-c7ac-4202-99b2-676409206da3/95b203b7-c7ac-4202-99b2-676409206da3, with server-side default bucket layout, runner as owner, Versioning false, Storage Type set to DISK and Encryption set to false 
2023-01-24 12:23:01,725 [OM StateMachine ApplyTransaction Thread - 0] INFO  bucket.OMBucketCreateRequest (OMBucketCreateRequest.java:validateAndUpdateCache(262)) - created bucket: 95b203b7-c7ac-4202-99b2-676409206da3 of layout LEGACY in volume: 95b203b7-c7ac-4202-99b2-676409206da3
2023-01-24 12:23:01,742 [Listener at 127.0.0.1/46625] INFO  rpc.RpcClient (RpcClient.java:createBucket(693)) - Creating Bucket: 95b203b7-c7ac-4202-99b2-676409206da3/926793bf-d363-4ebd-8b4b-6f03d9a0104b, with server-side default bucket layout, runner as owner, Versioning false, Storage Type set to DISK and Encryption set to false 
2023-01-24 12:23:01,748 [OM StateMachine ApplyTransaction Thread - 0] INFO  bucket.OMBucketCreateRequest (OMBucketCreateRequest.java:validateAndUpdateCache(262)) - created bucket: 926793bf-d363-4ebd-8b4b-6f03d9a0104b of layout LEGACY in volume: 95b203b7-c7ac-4202-99b2-676409206da3
2023-01-24 12:23:01,793 [IPC Server handler 0 on default port 38451] INFO  pipeline.PipelineStateManagerImpl (PipelineStateManagerImpl.java:addPipeline(103)) - Created pipeline Pipeline[ Id: 4e9b4ca6-2750-4340-866c-29e5dc6a4afd, Nodes: f9d7edb3-f6c7-431a-8d5c-722e1f28718f(fv-az83-645.uavyq1izdhte5b0ne1us2eqzhb.jx.internal.cloudapp.net/10.1.1.14)4243b07b-dbe8-44bd-919c-c5b59c546d4c(fv-az83-645.uavyq1izdhte5b0ne1us2eqzhb.jx.internal.cloudapp.net/10.1.1.14)a73b56cb-3195-4d6d-be40-ac518f1256a6(fv-az83-645.uavyq1izdhte5b0ne1us2eqzhb.jx.internal.cloudapp.net/10.1.1.14)8d5822ee-b1dd-46af-beb1-0638b7fa15fc(fv-az83-645.uavyq1izdhte5b0ne1us2eqzhb.jx.internal.cloudapp.net/10.1.1.14)93701946-f5e3-4943-a932-e133db5deae9(fv-az83-645.uavyq1izdhte5b0ne1us2eqzhb.jx.internal.cloudapp.net/10.1.1.14), ReplicationConfig: EC/ECReplicationConfig{data=3, parity=2, ecChunkSize=1024, codec=rs}, State:ALLOCATED, leaderId:, CreationTimestamp2023-01-24T12:23:01.793Z[Etc/UTC]].
2023-01-24 12:23:01,795 [IPC Server handler 0 on default port 38451] INFO  ha.SequenceIdGenerator (SequenceIdGenerator.java:getNextId(128)) - Allocate a batch for containerId, change lastId from 0 to 1000.
2023-01-24 12:23:01,803 [IPC Server handler 0 on default port 38451] INFO  pipeline.PipelineManagerImpl (PipelineManagerImpl.java:openPipeline(367)) - Pipeline Pipeline[ Id: 4e9b4ca6-2750-4340-866c-29e5dc6a4afd, Nodes: f9d7edb3-f6c7-431a-8d5c-722e1f28718f(fv-az83-645.uavyq1izdhte5b0ne1us2eqzhb.jx.internal.cloudapp.net/10.1.1.14)4243b07b-dbe8-44bd-919c-c5b59c546d4c(fv-az83-645.uavyq1izdhte5b0ne1us2eqzhb.jx.internal.cloudapp.net/10.1.1.14)a73b56cb-3195-4d6d-be40-ac518f1256a6(fv-az83-645.uavyq1izdhte5b0ne1us2eqzhb.jx.internal.cloudapp.net/10.1.1.14)8d5822ee-b1dd-46af-beb1-0638b7fa15fc(fv-az83-645.uavyq1izdhte5b0ne1us2eqzhb.jx.internal.cloudapp.net/10.1.1.14)93701946-f5e3-4943-a932-e133db5deae9(fv-az83-645.uavyq1izdhte5b0ne1us2eqzhb.jx.internal.cloudapp.net/10.1.1.14), ReplicationConfig: EC/ECReplicationConfig{data=3, parity=2, ecChunkSize=1024, codec=rs}, State:ALLOCATED, leaderId:, CreationTimestamp2023-01-24T12:23:01.793Z[Etc/UTC]] moved to OPEN state
2023-01-24 12:23:01,804 [IPC Server handler 0 on default port 38451] WARN  ha.SequenceIdGenerator (SequenceIdGenerator.java:allocateBatch(237)) - Failed to allocate a batch for localId, expected lastId is 0, actual lastId is 111677748019200000.
2023-01-24 12:23:01,804 [IPC Server handler 0 on default port 38451] INFO  ha.SequenceIdGenerator (SequenceIdGenerator.java:getNextId(128)) - Allocate a batch for localId, change lastId from 111677748019200000 to 111677748019201000.
2023-01-24 12:23:01,918 [Listener at 127.0.0.1/46625] WARN  erasurecode.ErasureCodeNative (ErasureCodeNative.java:<clinit>(55)) - ISA-L support is not available in your platform... using builtin-java codec where applicable
2023-01-24 12:23:02,040 [pool-358-thread-1] INFO  impl.MetricsSystemImpl (MetricsSystemImpl.java:init(158)) - XceiverClientMetrics metrics system started (again)
2023-01-24 12:23:02,369 [Listener at 127.0.0.1/46625] INFO  ozoneimpl.OzoneContainer (OzoneContainer.java:stop(421)) - Attempting to stop container services.
2023-01-24 12:23:02,375 [Listener at 127.0.0.1/46625] INFO  server.RaftServer (RaftServerProxy.java:lambda$close$6(409)) - f9d7edb3-f6c7-431a-8d5c-722e1f28718f: close
2023-01-24 12:23:02,376 [f9d7edb3-f6c7-431a-8d5c-722e1f28718f-impl-thread1] INFO  server.RaftServer$Division (RaftServerImpl.java:lambda$close$4(458)) - f9d7edb3-f6c7-431a-8d5c-722e1f28718f@group-8FE3E29F9302: shutdown
2023-01-24 12:23:02,376 [f9d7edb3-f6c7-431a-8d5c-722e1f28718f-impl-thread1] INFO  util.JmxRegister (JmxRegister.java:unregister(73)) - Successfully un-registered JMX Bean with object name Ratis:service=RaftServer,group=group-8FE3E29F9302,id=f9d7edb3-f6c7-431a-8d5c-722e1f28718f
2023-01-24 12:23:02,376 [f9d7edb3-f6c7-431a-8d5c-722e1f28718f-impl-thread1] INFO  impl.RoleInfo (RoleInfo.java:shutdownLeaderState(93)) - f9d7edb3-f6c7-431a-8d5c-722e1f28718f: shutdown f9d7edb3-f6c7-431a-8d5c-722e1f28718f@group-8FE3E29F9302-LeaderStateImpl
2023-01-24 12:23:02,376 [f9d7edb3-f6c7-431a-8d5c-722e1f28718f-impl-thread1] INFO  impl.PendingRequests (PendingRequests.java:sendNotLeaderResponses(282)) - f9d7edb3-f6c7-431a-8d5c-722e1f28718f@group-8FE3E29F9302-PendingRequests: sendNotLeaderResponses
2023-01-24 12:23:02,377 [f9d7edb3-f6c7-431a-8d5c-722e1f28718f-impl-thread1] INFO  impl.StateMachineUpdater (StateMachineUpdater.java:stopAndJoin(153)) - f9d7edb3-f6c7-431a-8d5c-722e1f28718f@group-8FE3E29F9302-StateMachineUpdater: set stopIndex = 0
2023-01-24 12:23:02,377 [f9d7edb3-f6c7-431a-8d5c-722e1f28718f@group-8FE3E29F9302-StateMachineUpdater] INFO  ratis.ContainerStateMachine (ContainerStateMachine.java:takeSnapshot(308)) - group-8FE3E29F9302: Taking a snapshot at:(t:1, i:0) file /home/runner/work/ozone/ozone/hadoop-ozone/integration-test/target/test-dir/MiniOzoneClusterImpl-9ddee5dd-a9b0-4f84-bf8c-5f63b859aaaf/datanode-8/data/ratis/ae994922-4bf4-49bf-b7bd-8fe3e29f9302/sm/snapshot.1_0
2023-01-24 12:23:02,391 [f9d7edb3-f6c7-431a-8d5c-722e1f28718f-impl-thread2] INFO  server.RaftServer$Division (RaftServerImpl.java:lambda$close$4(458)) - f9d7edb3-f6c7-431a-8d5c-722e1f28718f@group-062A915EA520: shutdown
2023-01-24 12:23:02,391 [f9d7edb3-f6c7-431a-8d5c-722e1f28718f-impl-thread2] INFO  util.JmxRegister (JmxRegister.java:unregister(73)) - Successfully un-registered JMX Bean with object name Ratis:service=RaftServer,group=group-062A915EA520,id=f9d7edb3-f6c7-431a-8d5c-722e1f28718f
2023-01-24 12:23:02,392 [f9d7edb3-f6c7-431a-8d5c-722e1f28718f-impl-thread2] INFO  impl.RoleInfo (RoleInfo.java:shutdownFollowerState(110)) - f9d7edb3-f6c7-431a-8d5c-722e1f28718f: shutdown f9d7edb3-f6c7-431a-8d5c-722e1f28718f@group-062A915EA520-FollowerState
2023-01-24 12:23:02,397 [f9d7edb3-f6c7-431a-8d5c-722e1f28718f-impl-thread2] INFO  impl.StateMachineUpdater (StateMachineUpdater.java:stopAndJoin(153)) - f9d7edb3-f6c7-431a-8d5c-722e1f28718f@group-062A915EA520-StateMachineUpdater: set stopIndex = -1
2023-01-24 12:23:02,398 [f9d7edb3-f6c7-431a-8d5c-722e1f28718f-impl-thread2] INFO  server.RaftServer$Division (ServerState.java:close(466)) - f9d7edb3-f6c7-431a-8d5c-722e1f28718f@group-062A915EA520: closes. applyIndex: -1
2023-01-24 12:23:02,399 [f9d7edb3-f6c7-431a-8d5c-722e1f28718f@group-062A915EA520-SegmentedRaftLogWorker] INFO  segmented.SegmentedRaftLogWorker (SegmentedRaftLogWorker.java:run(347)) - f9d7edb3-f6c7-431a-8d5c-722e1f28718f@group-062A915EA520-SegmentedRaftLogWorker was interrupted, exiting. There are 0 tasks remaining in the queue.
2023-01-24 12:23:02,399 [f9d7edb3-f6c7-431a-8d5c-722e1f28718f-impl-thread2] INFO  segmented.SegmentedRaftLogWorker (SegmentedRaftLogWorker.java:close(257)) - f9d7edb3-f6c7-431a-8d5c-722e1f28718f@group-062A915EA520-SegmentedRaftLogWorker close()
2023-01-24 12:23:02,399 [Listener at 127.0.0.1/46625] INFO  server.GrpcService (GrpcService.java:closeImpl(271)) - f9d7edb3-f6c7-431a-8d5c-722e1f28718f: shutdown server GrpcServerProtocolService now
2023-01-24 12:23:02,401 [f9d7edb3-f6c7-431a-8d5c-722e1f28718f@group-062A915EA520-FollowerState] INFO  impl.FollowerState (FollowerState.java:run(152)) - f9d7edb3-f6c7-431a-8d5c-722e1f28718f@group-062A915EA520-FollowerState was interrupted
2023-01-24 12:23:02,401 [f9d7edb3-f6c7-431a-8d5c-722e1f28718f-impl-thread3] INFO  server.RaftServer$Division (RaftServerImpl.java:lambda$close$4(458)) - f9d7edb3-f6c7-431a-8d5c-722e1f28718f@group-67431DBC43D0: shutdown
2023-01-24 12:23:02,404 [f9d7edb3-f6c7-431a-8d5c-722e1f28718f-impl-thread3] INFO  util.JmxRegister (JmxRegister.java:unregister(73)) - Successfully un-registered JMX Bean with object name Ratis:service=RaftServer,group=group-67431DBC43D0,id=f9d7edb3-f6c7-431a-8d5c-722e1f28718f
2023-01-24 12:23:02,404 [f9d7edb3-f6c7-431a-8d5c-722e1f28718f-impl-thread3] INFO  impl.RoleInfo (RoleInfo.java:shutdownFollowerState(110)) - f9d7edb3-f6c7-431a-8d5c-722e1f28718f: shutdown f9d7edb3-f6c7-431a-8d5c-722e1f28718f@group-67431DBC43D0-FollowerState
2023-01-24 12:23:02,406 [f9d7edb3-f6c7-431a-8d5c-722e1f28718f@group-67431DBC43D0-FollowerState] INFO  impl.FollowerState (FollowerState.java:run(152)) - f9d7edb3-f6c7-431a-8d5c-722e1f28718f@group-67431DBC43D0-FollowerState was interrupted
2023-01-24 12:23:02,406 [f9d7edb3-f6c7-431a-8d5c-722e1f28718f-impl-thread3] INFO  impl.StateMachineUpdater (StateMachineUpdater.java:stopAndJoin(153)) - f9d7edb3-f6c7-431a-8d5c-722e1f28718f@group-67431DBC43D0-StateMachineUpdater: set stopIndex = 0
2023-01-24 12:23:02,408 [f9d7edb3-f6c7-431a-8d5c-722e1f28718f@group-67431DBC43D0-StateMachineUpdater] INFO  ratis.ContainerStateMachine (ContainerStateMachine.java:takeSnapshot(308)) - group-67431DBC43D0: Taking a snapshot at:(t:1, i:0) file /home/runner/work/ozone/ozone/hadoop-ozone/integration-test/target/test-dir/MiniOzoneClusterImpl-9ddee5dd-a9b0-4f84-bf8c-5f63b859aaaf/datanode-8/data/ratis/653c8973-c5e2-4e13-bfbb-67431dbc43d0/sm/snapshot.1_0
2023-01-24 12:23:02,410 [grpc-default-executor-2] WARN  server.GrpcServerProtocolService (LogUtils.java:warn(122)) - f9d7edb3-f6c7-431a-8d5c-722e1f28718f: installSnapshot onError, lastRequest: null: org.apache.ratis.thirdparty.io.grpc.StatusRuntimeException: CANCELLED: client cancelled
2023-01-24 12:23:02,413 [grpc-default-executor-2] WARN  server.GrpcServerProtocolService (LogUtils.java:warn(122)) - f9d7edb3-f6c7-431a-8d5c-722e1f28718f: installSnapshot onError, lastRequest: fb483a44-74cc-4237-a554-a68f3575ba39->f9d7edb3-f6c7-431a-8d5c-722e1f28718f#1-t1,previous=(t:0, i:0),leaderCommit=0,initializing? true,entries: size=1, first=(t:1, i:0), CONFIGURATIONENTRY(current:id: "fb483a44-74cc-4237-a554-a68f3575ba39"
address: "10.1.1.14:43379"
priority: 1
dataStreamAddress: "10.1.1.14:37561"
clientAddress: "10.1.1.14:43379"
adminAddress: "10.1.1.14:43379"
startupRole: FOLLOWER
,id: "f9d7edb3-f6c7-431a-8d5c-722e1f28718f"
address: "10.1.1.14:43465"
dataStreamAddress: "10.1.1.14:46043"
clientAddress: "10.1.1.14:43465"
adminAddress: "10.1.1.14:43465"
startupRole: FOLLOWER
,id: "cf1032d2-0037-4a0c-94af-232c62b39d0f"
address: "10.1.1.14:45895"
dataStreamAddress: "10.1.1.14:39787"
clientAddress: "10.1.1.14:45895"
adminAddress: "10.1.1.14:45895"
startupRole: FOLLOWER
, old:): org.apache.ratis.thirdparty.io.grpc.StatusRuntimeException: CANCELLED: client cancelled
2023-01-24 12:23:02,414 [grpc-default-executor-2] WARN  server.GrpcLogAppender (LogUtils.java:warn(122)) - fb483a44-74cc-4237-a554-a68f3575ba39@group-67431DBC43D0->f9d7edb3-f6c7-431a-8d5c-722e1f28718f-AppendLogResponseHandler: Failed appendEntries: org.apache.ratis.thirdparty.io.grpc.StatusRuntimeException: CANCELLED: RST_STREAM closed stream. HTTP/2 error code: CANCEL
2023-01-24 12:23:02,415 [grpc-default-executor-2] WARN  server.GrpcLogAppender (GrpcLogAppender.java:resetClient(131)) - fb483a44-74cc-4237-a554-a68f3575ba39@group-67431DBC43D0->f9d7edb3-f6c7-431a-8d5c-722e1f28718f-GrpcLogAppender: Leader has not got in touch with Follower fb483a44-74cc-4237-a554-a68f3575ba39@group-67431DBC43D0->f9d7edb3-f6c7-431a-8d5c-722e1f28718f(c0,m0,n1, attendVote=true, lastRpcSendTime=1986, lastRpcResponseTime=1970) yet, just keep nextIndex unchanged and retry.
2023-01-24 12:23:02,417 [Listener at 127.0.0.1/46625] INFO  server.GrpcService (GrpcService.java:closeImpl(280)) - f9d7edb3-f6c7-431a-8d5c-722e1f28718f: shutdown server GrpcServerProtocolService successfully
2023-01-24 12:23:02,417 [f9d7edb3-f6c7-431a-8d5c-722e1f28718f-NettyServerStreamRpc-bossGroup--thread1] INFO  logging.LoggingHandler (AbstractInternalLogger.java:log(148)) - [id: 0xab4d8f69, L:/0:0:0:0:0:0:0:0:46043] CLOSE
2023-01-24 12:23:02,417 [f9d7edb3-f6c7-431a-8d5c-722e1f28718f-NettyServerStreamRpc-bossGroup--thread1] INFO  logging.LoggingHandler (AbstractInternalLogger.java:log(148)) - [id: 0xab4d8f69, L:/0:0:0:0:0:0:0:0:46043] INACTIVE
2023-01-24 12:23:02,417 [f9d7edb3-f6c7-431a-8d5c-722e1f28718f-NettyServerStreamRpc-bossGroup--thread1] INFO  logging.LoggingHandler (AbstractInternalLogger.java:log(148)) - [id: 0xab4d8f69, L:/0:0:0:0:0:0:0:0:46043] UNREGISTERED
2023-01-24 12:23:02,417 [grpc-default-executor-2] WARN  server.GrpcLogAppender (LogUtils.java:warn(122)) - fb483a44-74cc-4237-a554-a68f3575ba39@group-67431DBC43D0->f9d7edb3-f6c7-431a-8d5c-722e1f28718f-AppendLogResponseHandler: Failed appendEntries: org.apache.ratis.thirdparty.io.grpc.StatusRuntimeException: CANCELLED: RST_STREAM closed stream. HTTP/2 error code: CANCEL
2023-01-24 12:23:02,418 [grpc-default-executor-2] WARN  server.GrpcLogAppender (GrpcLogAppender.java:resetClient(131)) - fb483a44-74cc-4237-a554-a68f3575ba39@group-67431DBC43D0->f9d7edb3-f6c7-431a-8d5c-722e1f28718f-GrpcLogAppender: Leader has not got in touch with Follower fb483a44-74cc-4237-a554-a68f3575ba39@group-67431DBC43D0->f9d7edb3-f6c7-431a-8d5c-722e1f28718f(c0,m0,n1, attendVote=true, lastRpcSendTime=1989, lastRpcResponseTime=1972) yet, just keep nextIndex unchanged and retry.
2023-01-24 12:23:02,470 [f9d7edb3-f6c7-431a-8d5c-722e1f28718f@group-67431DBC43D0-StateMachineUpdater] INFO  ratis.ContainerStateMachine (ContainerStateMachine.java:takeSnapshot(319)) - group-67431DBC43D0: Finished taking a snapshot at:(t:1, i:0) file:/home/runner/work/ozone/ozone/hadoop-ozone/integration-test/target/test-dir/MiniOzoneClusterImpl-9ddee5dd-a9b0-4f84-bf8c-5f63b859aaaf/datanode-8/data/ratis/653c8973-c5e2-4e13-bfbb-67431dbc43d0/sm/snapshot.1_0 took: 62 ms
2023-01-24 12:23:02,472 [f9d7edb3-f6c7-431a-8d5c-722e1f28718f@group-67431DBC43D0-StateMachineUpdater] INFO  impl.StateMachineUpdater (StateMachineUpdater.java:takeSnapshot(287)) - f9d7edb3-f6c7-431a-8d5c-722e1f28718f@group-67431DBC43D0-StateMachineUpdater: Took a snapshot at index 0
2023-01-24 12:23:02,472 [f9d7edb3-f6c7-431a-8d5c-722e1f28718f@group-67431DBC43D0-StateMachineUpdater] INFO  impl.StateMachineUpdater (StateMachineUpdater.java:lambda$new$0(92)) - f9d7edb3-f6c7-431a-8d5c-722e1f28718f@group-67431DBC43D0-StateMachineUpdater: snapshotIndex: updateIncreasingly -1 -> 0
2023-01-24 12:23:02,474 [f9d7edb3-f6c7-431a-8d5c-722e1f28718f@group-8FE3E29F9302-StateMachineUpdater] INFO  ratis.ContainerStateMachine (ContainerStateMachine.java:takeSnapshot(319)) - group-8FE3E29F9302: Finished taking a snapshot at:(t:1, i:0) file:/home/runner/work/ozone/ozone/hadoop-ozone/integration-test/target/test-dir/MiniOzoneClusterImpl-9ddee5dd-a9b0-4f84-bf8c-5f63b859aaaf/datanode-8/data/ratis/ae994922-4bf4-49bf-b7bd-8fe3e29f9302/sm/snapshot.1_0 took: 97 ms
2023-01-24 12:23:02,474 [f9d7edb3-f6c7-431a-8d5c-722e1f28718f@group-8FE3E29F9302-StateMachineUpdater] INFO  impl.StateMachineUpdater (StateMachineUpdater.java:takeSnapshot(287)) - f9d7edb3-f6c7-431a-8d5c-722e1f28718f@group-8FE3E29F9302-StateMachineUpdater: Took a snapshot at index 0
2023-01-24 12:23:02,474 [f9d7edb3-f6c7-431a-8d5c-722e1f28718f@group-8FE3E29F9302-StateMachineUpdater] INFO  impl.StateMachineUpdater (StateMachineUpdater.java:lambda$new$0(92)) - f9d7edb3-f6c7-431a-8d5c-722e1f28718f@group-8FE3E29F9302-StateMachineUpdater: snapshotIndex: updateIncreasingly -1 -> 0
2023-01-24 12:23:02,479 [f9d7edb3-f6c7-431a-8d5c-722e1f28718f-impl-thread3] INFO  server.RaftServer$Division (ServerState.java:close(466)) - f9d7edb3-f6c7-431a-8d5c-722e1f28718f@group-67431DBC43D0: closes. applyIndex: 0
2023-01-24 12:23:02,480 [f9d7edb3-f6c7-431a-8d5c-722e1f28718f-impl-thread1] INFO  server.RaftServer$Division (ServerState.java:close(466)) - f9d7edb3-f6c7-431a-8d5c-722e1f28718f@group-8FE3E29F9302: closes. applyIndex: 0
2023-01-24 12:23:02,482 [f9d7edb3-f6c7-431a-8d5c-722e1f28718f@group-67431DBC43D0-SegmentedRaftLogWorker] INFO  segmented.SegmentedRaftLogWorker (SegmentedRaftLogWorker.java:run(347)) - f9d7edb3-f6c7-431a-8d5c-722e1f28718f@group-67431DBC43D0-SegmentedRaftLogWorker was interrupted, exiting. There are 0 tasks remaining in the queue.
2023-01-24 12:23:02,482 [f9d7edb3-f6c7-431a-8d5c-722e1f28718f@group-8FE3E29F9302-SegmentedRaftLogWorker] INFO  segmented.SegmentedRaftLogWorker (SegmentedRaftLogWorker.java:run(347)) - f9d7edb3-f6c7-431a-8d5c-722e1f28718f@group-8FE3E29F9302-SegmentedRaftLogWorker was interrupted, exiting. There are 0 tasks remaining in the queue.
2023-01-24 12:23:02,495 [f9d7edb3-f6c7-431a-8d5c-722e1f28718f-impl-thread1] INFO  segmented.SegmentedRaftLogWorker (SegmentedRaftLogWorker.java:close(257)) - f9d7edb3-f6c7-431a-8d5c-722e1f28718f@group-8FE3E29F9302-SegmentedRaftLogWorker close()
2023-01-24 12:23:02,496 [f9d7edb3-f6c7-431a-8d5c-722e1f28718f-impl-thread3] INFO  segmented.SegmentedRaftLogWorker (SegmentedRaftLogWorker.java:close(257)) - f9d7edb3-f6c7-431a-8d5c-722e1f28718f@group-67431DBC43D0-SegmentedRaftLogWorker close()
2023-01-24 12:23:02,504 [JvmPauseMonitor9] INFO  util.JvmPauseMonitor (JvmPauseMonitor.java:run(111)) - JvmPauseMonitor-f9d7edb3-f6c7-431a-8d5c-722e1f28718f: Stopped
2023-01-24 12:23:02,959 [grpc-default-executor-4] WARN  server.GrpcLogAppender (LogUtils.java:warn(122)) - fb483a44-74cc-4237-a554-a68f3575ba39@group-67431DBC43D0->f9d7edb3-f6c7-431a-8d5c-722e1f28718f-AppendLogResponseHandler: Failed appendEntries: org.apache.ratis.thirdparty.io.grpc.StatusRuntimeException: UNAVAILABLE: io exception
2023-01-24 12:23:02,959 [grpc-default-executor-3] WARN  server.GrpcLogAppender (LogUtils.java:warn(122)) - fb483a44-74cc-4237-a554-a68f3575ba39@group-67431DBC43D0->f9d7edb3-f6c7-431a-8d5c-722e1f28718f-AppendLogResponseHandler: Failed appendEntries: org.apache.ratis.thirdparty.io.grpc.StatusRuntimeException: UNAVAILABLE: io exception
2023-01-24 12:23:02,961 [grpc-default-executor-4] WARN  server.GrpcLogAppender (GrpcLogAppender.java:resetClient(131)) - fb483a44-74cc-4237-a554-a68f3575ba39@group-67431DBC43D0->f9d7edb3-f6c7-431a-8d5c-722e1f28718f-GrpcLogAppender: Leader has not got in touch with Follower fb483a44-74cc-4237-a554-a68f3575ba39@group-67431DBC43D0->f9d7edb3-f6c7-431a-8d5c-722e1f28718f(c0,m0,n1, attendVote=true, lastRpcSendTime=7, lastRpcResponseTime=2516) yet, just keep nextIndex unchanged and retry.
2023-01-24 12:23:02,962 [grpc-default-executor-3] WARN  server.GrpcLogAppender (GrpcLogAppender.java:resetClient(131)) - fb483a44-74cc-4237-a554-a68f3575ba39@group-67431DBC43D0->f9d7edb3-f6c7-431a-8d5c-722e1f28718f-GrpcLogAppender: Leader has not got in touch with Follower fb483a44-74cc-4237-a554-a68f3575ba39@group-67431DBC43D0->f9d7edb3-f6c7-431a-8d5c-722e1f28718f(c0,m0,n1, attendVote=true, lastRpcSendTime=7, lastRpcResponseTime=2516) yet, just keep nextIndex unchanged and retry.
2023-01-24 12:23:03,137 [c6074cc5-da23-4fc2-b305-e072798acc5a@group-34335D786654-FollowerState] INFO  impl.FollowerState (FollowerState.java:run(143)) - c6074cc5-da23-4fc2-b305-e072798acc5a@group-34335D786654-FollowerState: change to CANDIDATE, lastRpcElapsedTime:5022175722ns, electionTimeout:5021ms
2023-01-24 12:23:03,137 [c6074cc5-da23-4fc2-b305-e072798acc5a@group-34335D786654-FollowerState] INFO  impl.RoleInfo (RoleInfo.java:shutdownFollowerState(110)) - c6074cc5-da23-4fc2-b305-e072798acc5a: shutdown c6074cc5-da23-4fc2-b305-e072798acc5a@group-34335D786654-FollowerState
2023-01-24 12:23:03,137 [c6074cc5-da23-4fc2-b305-e072798acc5a@group-34335D786654-FollowerState] INFO  server.RaftServer$Division (RaftServerImpl.java:setRole(321)) - c6074cc5-da23-4fc2-b305-e072798acc5a@group-34335D786654: changes role from  FOLLOWER to CANDIDATE at term 1 for changeToCandidate
2023-01-24 12:23:03,137 [c6074cc5-da23-4fc2-b305-e072798acc5a@group-34335D786654-FollowerState] INFO  server.RaftServerConfigKeys (ConfUtils.java:logGet(46)) - raft.server.leaderelection.pre-vote = false (custom)
2023-01-24 12:23:03,137 [c6074cc5-da23-4fc2-b305-e072798acc5a@group-34335D786654-FollowerState] INFO  impl.RoleInfo (RoleInfo.java:updateAndGet(139)) - c6074cc5-da23-4fc2-b305-e072798acc5a: start c6074cc5-da23-4fc2-b305-e072798acc5a@group-34335D786654-LeaderElection18
2023-01-24 12:23:03,139 [c6074cc5-da23-4fc2-b305-e072798acc5a@group-34335D786654-LeaderElection18] INFO  impl.LeaderElection (LeaderElection.java:askForVotes(312)) - c6074cc5-da23-4fc2-b305-e072798acc5a@group-34335D786654-LeaderElection18 ELECTION round 0: submit vote requests at term 2 for -1: peers:[c6074cc5-da23-4fc2-b305-e072798acc5a|rpc:10.1.1.14:38087|dataStream:10.1.1.14:46483|priority:0|startupRole:FOLLOWER, 93701946-f5e3-4943-a932-e133db5deae9|rpc:10.1.1.14:32935|dataStream:10.1.1.14:45565|priority:1|startupRole:FOLLOWER, 7141d06d-71d8-4a56-9b5d-23c6772b1ac6|rpc:10.1.1.14:37745|dataStream:10.1.1.14:35891|priority:0|startupRole:FOLLOWER]|listeners:[], old=null
2023-01-24 12:23:03,142 [c6074cc5-da23-4fc2-b305-e072798acc5a@group-34335D786654-LeaderElection18] INFO  server.RaftServerConfigKeys (ConfUtils.java:logFallback(53)) - raft.server.rpc.first-election.timeout.min = 5s (fallback to raft.server.rpc.timeout.min)
2023-01-24 12:23:03,142 [c6074cc5-da23-4fc2-b305-e072798acc5a@group-34335D786654-LeaderElection18] INFO  server.RaftServerConfigKeys (ConfUtils.java:logFallback(53)) - raft.server.rpc.first-election.timeout.max = 5200ms (fallback to raft.server.rpc.timeout.max)
2023-01-24 12:23:03,142 [grpc-default-executor-3] INFO  server.RaftServer$Division (RaftServerImpl.java:requestVote(1218)) - 93701946-f5e3-4943-a932-e133db5deae9@group-34335D786654: receive requestVote(ELECTION, c6074cc5-da23-4fc2-b305-e072798acc5a, group-34335D786654, 2, (t:0, i:0))
2023-01-24 12:23:03,142 [grpc-default-executor-3] INFO  impl.VoteContext (VoteContext.java:log(49)) - 93701946-f5e3-4943-a932-e133db5deae9@group-34335D786654-FOLLOWER: reject ELECTION from c6074cc5-da23-4fc2-b305-e072798acc5a: our priority 1 > candidate's priority 0
2023-01-24 12:23:03,142 [grpc-default-executor-3] INFO  server.RaftServer$Division (RaftServerImpl.java:setRole(321)) - 93701946-f5e3-4943-a932-e133db5deae9@group-34335D786654: changes role from  FOLLOWER to FOLLOWER at term 2 for candidate:c6074cc5-da23-4fc2-b305-e072798acc5a
2023-01-24 12:23:03,142 [grpc-default-executor-3] INFO  impl.RoleInfo (RoleInfo.java:shutdownFollowerState(110)) - 93701946-f5e3-4943-a932-e133db5deae9: shutdown 93701946-f5e3-4943-a932-e133db5deae9@group-34335D786654-FollowerState
2023-01-24 12:23:03,142 [grpc-default-executor-3] INFO  impl.RoleInfo (RoleInfo.java:updateAndGet(139)) - 93701946-f5e3-4943-a932-e133db5deae9: start 93701946-f5e3-4943-a932-e133db5deae9@group-34335D786654-FollowerState
2023-01-24 12:23:03,143 [93701946-f5e3-4943-a932-e133db5deae9@group-34335D786654-FollowerState] INFO  impl.FollowerState (FollowerState.java:run(152)) - 93701946-f5e3-4943-a932-e133db5deae9@group-34335D786654-FollowerState was interrupted
2023-01-24 12:23:03,144 [grpc-default-executor-4] INFO  server.RaftServer$Division (RaftServerImpl.java:requestVote(1218)) - 7141d06d-71d8-4a56-9b5d-23c6772b1ac6@group-34335D786654: receive requestVote(ELECTION, c6074cc5-da23-4fc2-b305-e072798acc5a, group-34335D786654, 2, (t:0, i:0))
2023-01-24 12:23:03,144 [grpc-default-executor-4] INFO  impl.VoteContext (VoteContext.java:log(49)) - 7141d06d-71d8-4a56-9b5d-23c6772b1ac6@group-34335D786654-FOLLOWER: accept ELECTION from c6074cc5-da23-4fc2-b305-e072798acc5a: our priority 0 <= candidate's priority 0
2023-01-24 12:23:03,144 [grpc-default-executor-4] INFO  server.RaftServer$Division (RaftServerImpl.java:setRole(321)) - 7141d06d-71d8-4a56-9b5d-23c6772b1ac6@group-34335D786654: changes role from  FOLLOWER to FOLLOWER at term 2 for candidate:c6074cc5-da23-4fc2-b305-e072798acc5a
2023-01-24 12:23:03,144 [grpc-default-executor-4] INFO  impl.RoleInfo (RoleInfo.java:shutdownFollowerState(110)) - 7141d06d-71d8-4a56-9b5d-23c6772b1ac6: shutdown 7141d06d-71d8-4a56-9b5d-23c6772b1ac6@group-34335D786654-FollowerState
2023-01-24 12:23:03,144 [grpc-default-executor-4] INFO  impl.RoleInfo (RoleInfo.java:updateAndGet(139)) - 7141d06d-71d8-4a56-9b5d-23c6772b1ac6: start 7141d06d-71d8-4a56-9b5d-23c6772b1ac6@group-34335D786654-FollowerState
2023-01-24 12:23:03,144 [7141d06d-71d8-4a56-9b5d-23c6772b1ac6@group-34335D786654-FollowerState] INFO  impl.FollowerState (FollowerState.java:run(152)) - 7141d06d-71d8-4a56-9b5d-23c6772b1ac6@group-34335D786654-FollowerState was interrupted
2023-01-24 12:23:03,144 [93701946-f5e3-4943-a932-e133db5deae9@group-34335D786654-FollowerState] INFO  server.RaftServerConfigKeys (ConfUtils.java:logFallback(53)) - raft.server.rpc.first-election.timeout.min = 5s (fallback to raft.server.rpc.timeout.min)
2023-01-24 12:23:03,144 [93701946-f5e3-4943-a932-e133db5deae9@group-34335D786654-FollowerState] INFO  server.RaftServerConfigKeys (ConfUtils.java:logFallback(53)) - raft.server.rpc.first-election.timeout.max = 5200ms (fallback to raft.server.rpc.timeout.max)
2023-01-24 12:23:03,145 [grpc-default-executor-3] INFO  server.RaftServer$Division (RaftServerImpl.java:requestVote(1251)) - 93701946-f5e3-4943-a932-e133db5deae9@group-34335D786654 replies to ELECTION vote request: c6074cc5-da23-4fc2-b305-e072798acc5a<-93701946-f5e3-4943-a932-e133db5deae9#0:FAIL-t2. Peer's state: 93701946-f5e3-4943-a932-e133db5deae9@group-34335D786654:t2, leader=null, voted=null, raftlog=Memoized:93701946-f5e3-4943-a932-e133db5deae9@group-34335D786654-SegmentedRaftLog:OPENED:c-1, conf=-1: peers:[c6074cc5-da23-4fc2-b305-e072798acc5a|rpc:10.1.1.14:38087|dataStream:10.1.1.14:46483|priority:0|startupRole:FOLLOWER, 93701946-f5e3-4943-a932-e133db5deae9|rpc:10.1.1.14:32935|dataStream:10.1.1.14:45565|priority:1|startupRole:FOLLOWER, 7141d06d-71d8-4a56-9b5d-23c6772b1ac6|rpc:10.1.1.14:37745|dataStream:10.1.1.14:35891|priority:0|startupRole:FOLLOWER]|listeners:[], old=null
2023-01-24 12:23:03,146 [c6074cc5-da23-4fc2-b305-e072798acc5a@group-34335D786654-LeaderElection18] INFO  impl.LeaderElection (LeaderElection.java:logAndReturn(90)) - c6074cc5-da23-4fc2-b305-e072798acc5a@group-34335D786654-LeaderElection18: ELECTION REJECTED received 1 response(s) and 0 exception(s):
2023-01-24 12:23:03,146 [c6074cc5-da23-4fc2-b305-e072798acc5a@group-34335D786654-LeaderElection18] INFO  impl.LeaderElection (LeaderElection.java:logAndReturn(94)) -   Response 0: c6074cc5-da23-4fc2-b305-e072798acc5a<-93701946-f5e3-4943-a932-e133db5deae9#0:FAIL-t2
2023-01-24 12:23:03,146 [c6074cc5-da23-4fc2-b305-e072798acc5a@group-34335D786654-LeaderElection18] INFO  impl.LeaderElection (LeaderElection.java:askForVotes(314)) - c6074cc5-da23-4fc2-b305-e072798acc5a@group-34335D786654-LeaderElection18 ELECTION round 0: result REJECTED
2023-01-24 12:23:03,146 [c6074cc5-da23-4fc2-b305-e072798acc5a@group-34335D786654-LeaderElection18] INFO  server.RaftServer$Division (RaftServerImpl.java:setRole(321)) - c6074cc5-da23-4fc2-b305-e072798acc5a@group-34335D786654: changes role from CANDIDATE to FOLLOWER at term 2 for REJECTED
2023-01-24 12:23:03,146 [c6074cc5-da23-4fc2-b305-e072798acc5a@group-34335D786654-LeaderElection18] INFO  impl.RoleInfo (RoleInfo.java:shutdownLeaderElection(130)) - c6074cc5-da23-4fc2-b305-e072798acc5a: shutdown c6074cc5-da23-4fc2-b305-e072798acc5a@group-34335D786654-LeaderElection18
2023-01-24 12:23:03,146 [c6074cc5-da23-4fc2-b305-e072798acc5a@group-34335D786654-LeaderElection18] INFO  impl.RoleInfo (RoleInfo.java:updateAndGet(139)) - c6074cc5-da23-4fc2-b305-e072798acc5a: start c6074cc5-da23-4fc2-b305-e072798acc5a@group-34335D786654-FollowerState
2023-01-24 12:23:03,146 [7141d06d-71d8-4a56-9b5d-23c6772b1ac6@group-34335D786654-FollowerState] INFO  server.RaftServerConfigKeys (ConfUtils.java:logFallback(53)) - raft.server.rpc.first-election.timeout.min = 5s (fallback to raft.server.rpc.timeout.min)
2023-01-24 12:23:03,146 [7141d06d-71d8-4a56-9b5d-23c6772b1ac6@group-34335D786654-FollowerState] INFO  server.RaftServerConfigKeys (ConfUtils.java:logFallback(53)) - raft.server.rpc.first-election.timeout.max = 5200ms (fallback to raft.server.rpc.timeout.max)
2023-01-24 12:23:03,147 [grpc-default-executor-4] INFO  server.RaftServer$Division (RaftServerImpl.java:requestVote(1251)) - 7141d06d-71d8-4a56-9b5d-23c6772b1ac6@group-34335D786654 replies to ELECTION vote request: c6074cc5-da23-4fc2-b305-e072798acc5a<-7141d06d-71d8-4a56-9b5d-23c6772b1ac6#0:OK-t2. Peer's state: 7141d06d-71d8-4a56-9b5d-23c6772b1ac6@group-34335D786654:t2, leader=null, voted=c6074cc5-da23-4fc2-b305-e072798acc5a, raftlog=Memoized:7141d06d-71d8-4a56-9b5d-23c6772b1ac6@group-34335D786654-SegmentedRaftLog:OPENED:c-1, conf=-1: peers:[c6074cc5-da23-4fc2-b305-e072798acc5a|rpc:10.1.1.14:38087|dataStream:10.1.1.14:46483|priority:0|startupRole:FOLLOWER, 93701946-f5e3-4943-a932-e133db5deae9|rpc:10.1.1.14:32935|dataStream:10.1.1.14:45565|priority:1|startupRole:FOLLOWER, 7141d06d-71d8-4a56-9b5d-23c6772b1ac6|rpc:10.1.1.14:37745|dataStream:10.1.1.14:35891|priority:0|startupRole:FOLLOWER]|listeners:[], old=null
2023-01-24 12:23:03,148 [c6074cc5-da23-4fc2-b305-e072798acc5a@group-34335D786654-FollowerState] INFO  server.RaftServerConfigKeys (ConfUtils.java:logFallback(53)) - raft.server.rpc.first-election.timeout.min = 5s (fallback to raft.server.rpc.timeout.min)
2023-01-24 12:23:03,148 [c6074cc5-da23-4fc2-b305-e072798acc5a@group-34335D786654-FollowerState] INFO  server.RaftServerConfigKeys (ConfUtils.java:logFallback(53)) - raft.server.rpc.first-election.timeout.max = 5200ms (fallback to raft.server.rpc.timeout.max)
2023-01-24 12:23:04,114 [93701946-f5e3-4943-a932-e133db5deae9@group-67DBD99A6914-FollowerState] INFO  impl.FollowerState (FollowerState.java:run(143)) - 93701946-f5e3-4943-a932-e133db5deae9@group-67DBD99A6914-FollowerState: change to CANDIDATE, lastRpcElapsedTime:5127557619ns, electionTimeout:5121ms
2023-01-24 12:23:04,114 [93701946-f5e3-4943-a932-e133db5deae9@group-67DBD99A6914-FollowerState] INFO  impl.RoleInfo (RoleInfo.java:shutdownFollowerState(110)) - 93701946-f5e3-4943-a932-e133db5deae9: shutdown 93701946-f5e3-4943-a932-e133db5deae9@group-67DBD99A6914-FollowerState
2023-01-24 12:23:04,114 [93701946-f5e3-4943-a932-e133db5deae9@group-67DBD99A6914-FollowerState] INFO  server.RaftServer$Division (RaftServerImpl.java:setRole(321)) - 93701946-f5e3-4943-a932-e133db5deae9@group-67DBD99A6914: changes role from  FOLLOWER to CANDIDATE at term 1 for changeToCandidate
2023-01-24 12:23:04,115 [93701946-f5e3-4943-a932-e133db5deae9@group-67DBD99A6914-FollowerState] INFO  server.RaftServerConfigKeys (ConfUtils.java:logGet(46)) - raft.server.leaderelection.pre-vote = false (custom)
2023-01-24 12:23:04,115 [93701946-f5e3-4943-a932-e133db5deae9@group-67DBD99A6914-FollowerState] INFO  impl.RoleInfo (RoleInfo.java:updateAndGet(139)) - 93701946-f5e3-4943-a932-e133db5deae9: start 93701946-f5e3-4943-a932-e133db5deae9@group-67DBD99A6914-LeaderElection19
2023-01-24 12:23:04,117 [93701946-f5e3-4943-a932-e133db5deae9@group-67DBD99A6914-LeaderElection19] INFO  impl.LeaderElection (LeaderElection.java:askForVotes(312)) - 93701946-f5e3-4943-a932-e133db5deae9@group-67DBD99A6914-LeaderElection19 ELECTION round 0: submit vote requests at term 2 for -1: peers:[c6074cc5-da23-4fc2-b305-e072798acc5a|rpc:10.1.1.14:38087|dataStream:10.1.1.14:46483|priority:1|startupRole:FOLLOWER, 93701946-f5e3-4943-a932-e133db5deae9|rpc:10.1.1.14:32935|dataStream:10.1.1.14:45565|priority:0|startupRole:FOLLOWER, 7141d06d-71d8-4a56-9b5d-23c6772b1ac6|rpc:10.1.1.14:37745|dataStream:10.1.1.14:35891|priority:0|startupRole:FOLLOWER]|listeners:[], old=null
2023-01-24 12:23:04,118 [93701946-f5e3-4943-a932-e133db5deae9@group-67DBD99A6914-LeaderElection19-1] INFO  server.GrpcServerProtocolClient (GrpcServerProtocolClient.java:<init>(63)) - Build channel for c6074cc5-da23-4fc2-b305-e072798acc5a
2023-01-24 12:23:04,120 [c6074cc5-da23-4fc2-b305-e072798acc5a@group-67DBD99A6914-FollowerState] INFO  impl.FollowerState (FollowerState.java:run(143)) - c6074cc5-da23-4fc2-b305-e072798acc5a@group-67DBD99A6914-FollowerState: change to CANDIDATE, lastRpcElapsedTime:5135850018ns, electionTimeout:5135ms
2023-01-24 12:23:04,120 [c6074cc5-da23-4fc2-b305-e072798acc5a@group-67DBD99A6914-FollowerState] INFO  impl.RoleInfo (RoleInfo.java:shutdownFollowerState(110)) - c6074cc5-da23-4fc2-b305-e072798acc5a: shutdown c6074cc5-da23-4fc2-b305-e072798acc5a@group-67DBD99A6914-FollowerState
2023-01-24 12:23:04,120 [c6074cc5-da23-4fc2-b305-e072798acc5a@group-67DBD99A6914-FollowerState] INFO  server.RaftServer$Division (RaftServerImpl.java:setRole(321)) - c6074cc5-da23-4fc2-b305-e072798acc5a@group-67DBD99A6914: changes role from  FOLLOWER to CANDIDATE at term 1 for changeToCandidate
2023-01-24 12:23:04,122 [93701946-f5e3-4943-a932-e133db5deae9@group-67DBD99A6914-LeaderElection19] INFO  server.RaftServerConfigKeys (ConfUtils.java:logFallback(53)) - raft.server.rpc.first-election.timeout.min = 5s (fallback to raft.server.rpc.timeout.min)
2023-01-24 12:23:04,122 [93701946-f5e3-4943-a932-e133db5deae9@group-67DBD99A6914-LeaderElection19] INFO  server.RaftServerConfigKeys (ConfUtils.java:logFallback(53)) - raft.server.rpc.first-election.timeout.max = 5200ms (fallback to raft.server.rpc.timeout.max)
2023-01-24 12:23:04,122 [c6074cc5-da23-4fc2-b305-e072798acc5a@group-67DBD99A6914-FollowerState] INFO  server.RaftServerConfigKeys (ConfUtils.java:logGet(46)) - raft.server.leaderelection.pre-vote = false (custom)
2023-01-24 12:23:04,122 [c6074cc5-da23-4fc2-b305-e072798acc5a@group-67DBD99A6914-FollowerState] INFO  impl.RoleInfo (RoleInfo.java:updateAndGet(139)) - c6074cc5-da23-4fc2-b305-e072798acc5a: start c6074cc5-da23-4fc2-b305-e072798acc5a@group-67DBD99A6914-LeaderElection20
2023-01-24 12:23:04,128 [93701946-f5e3-4943-a932-e133db5deae9@group-67DBD99A6914-LeaderElection19-2] INFO  server.GrpcServerProtocolClient (GrpcServerProtocolClient.java:<init>(63)) - Build channel for 7141d06d-71d8-4a56-9b5d-23c6772b1ac6
2023-01-24 12:23:04,130 [grpc-default-executor-4] INFO  server.RaftServer$Division (RaftServerImpl.java:requestVote(1218)) - c6074cc5-da23-4fc2-b305-e072798acc5a@group-67DBD99A6914: receive requestVote(ELECTION, 93701946-f5e3-4943-a932-e133db5deae9, group-67DBD99A6914, 2, (t:0, i:0))
2023-01-24 12:23:04,130 [grpc-default-executor-4] INFO  impl.VoteContext (VoteContext.java:log(49)) - c6074cc5-da23-4fc2-b305-e072798acc5a@group-67DBD99A6914-CANDIDATE: reject ELECTION from 93701946-f5e3-4943-a932-e133db5deae9: our priority 1 > candidate's priority 0
2023-01-24 12:23:04,130 [grpc-default-executor-4] INFO  server.RaftServer$Division (RaftServerImpl.java:setRole(321)) - c6074cc5-da23-4fc2-b305-e072798acc5a@group-67DBD99A6914: changes role from CANDIDATE to FOLLOWER at term 2 for candidate:93701946-f5e3-4943-a932-e133db5deae9
2023-01-24 12:23:04,130 [grpc-default-executor-4] INFO  impl.RoleInfo (RoleInfo.java:shutdownLeaderElection(130)) - c6074cc5-da23-4fc2-b305-e072798acc5a: shutdown c6074cc5-da23-4fc2-b305-e072798acc5a@group-67DBD99A6914-LeaderElection20
2023-01-24 12:23:04,130 [grpc-default-executor-4] INFO  impl.RoleInfo (RoleInfo.java:updateAndGet(139)) - c6074cc5-da23-4fc2-b305-e072798acc5a: start c6074cc5-da23-4fc2-b305-e072798acc5a@group-67DBD99A6914-FollowerState
2023-01-24 12:23:04,134 [grpc-default-executor-3] INFO  server.RaftServer$Division (RaftServerImpl.java:requestVote(1218)) - 7141d06d-71d8-4a56-9b5d-23c6772b1ac6@group-67DBD99A6914: receive requestVote(ELECTION, 93701946-f5e3-4943-a932-e133db5deae9, group-67DBD99A6914, 2, (t:0, i:0))
2023-01-24 12:23:04,134 [grpc-default-executor-3] INFO  impl.VoteContext (VoteContext.java:log(49)) - 7141d06d-71d8-4a56-9b5d-23c6772b1ac6@group-67DBD99A6914-FOLLOWER: accept ELECTION from 93701946-f5e3-4943-a932-e133db5deae9: our priority 0 <= candidate's priority 0
2023-01-24 12:23:04,134 [grpc-default-executor-3] INFO  server.RaftServer$Division (RaftServerImpl.java:setRole(321)) - 7141d06d-71d8-4a56-9b5d-23c6772b1ac6@group-67DBD99A6914: changes role from  FOLLOWER to FOLLOWER at term 2 for candidate:93701946-f5e3-4943-a932-e133db5deae9
2023-01-24 12:23:04,134 [grpc-default-executor-3] INFO  impl.RoleInfo (RoleInfo.java:shutdownFollowerState(110)) - 7141d06d-71d8-4a56-9b5d-23c6772b1ac6: shutdown 7141d06d-71d8-4a56-9b5d-23c6772b1ac6@group-67DBD99A6914-FollowerState
2023-01-24 12:23:04,135 [grpc-default-executor-3] INFO  impl.RoleInfo (RoleInfo.java:updateAndGet(139)) - 7141d06d-71d8-4a56-9b5d-23c6772b1ac6: start 7141d06d-71d8-4a56-9b5d-23c6772b1ac6@group-67DBD99A6914-FollowerState
2023-01-24 12:23:04,135 [7141d06d-71d8-4a56-9b5d-23c6772b1ac6@group-67DBD99A6914-FollowerState] INFO  impl.FollowerState (FollowerState.java:run(152)) - 7141d06d-71d8-4a56-9b5d-23c6772b1ac6@group-67DBD99A6914-FollowerState was interrupted
2023-01-24 12:23:04,135 [c6074cc5-da23-4fc2-b305-e072798acc5a@group-67DBD99A6914-FollowerState] INFO  server.RaftServerConfigKeys (ConfUtils.java:logFallback(53)) - raft.server.rpc.first-election.timeout.min = 5s (fallback to raft.server.rpc.timeout.min)
2023-01-24 12:23:04,135 [c6074cc5-da23-4fc2-b305-e072798acc5a@group-67DBD99A6914-FollowerState] INFO  server.RaftServerConfigKeys (ConfUtils.java:logFallback(53)) - raft.server.rpc.first-election.timeout.max = 5200ms (fallback to raft.server.rpc.timeout.max)
2023-01-24 12:23:04,135 [grpc-default-executor-4] INFO  server.RaftServer$Division (RaftServerImpl.java:requestVote(1251)) - c6074cc5-da23-4fc2-b305-e072798acc5a@group-67DBD99A6914 replies to ELECTION vote request: 93701946-f5e3-4943-a932-e133db5deae9<-c6074cc5-da23-4fc2-b305-e072798acc5a#0:FAIL-t2. Peer's state: c6074cc5-da23-4fc2-b305-e072798acc5a@group-67DBD99A6914:t2, leader=null, voted=null, raftlog=Memoized:c6074cc5-da23-4fc2-b305-e072798acc5a@group-67DBD99A6914-SegmentedRaftLog:OPENED:c-1, conf=-1: peers:[c6074cc5-da23-4fc2-b305-e072798acc5a|rpc:10.1.1.14:38087|dataStream:10.1.1.14:46483|priority:1|startupRole:FOLLOWER, 93701946-f5e3-4943-a932-e133db5deae9|rpc:10.1.1.14:32935|dataStream:10.1.1.14:45565|priority:0|startupRole:FOLLOWER, 7141d06d-71d8-4a56-9b5d-23c6772b1ac6|rpc:10.1.1.14:37745|dataStream:10.1.1.14:35891|priority:0|startupRole:FOLLOWER]|listeners:[], old=null
2023-01-24 12:23:04,136 [93701946-f5e3-4943-a932-e133db5deae9@group-67DBD99A6914-LeaderElection19] INFO  impl.LeaderElection (LeaderElection.java:logAndReturn(90)) - 93701946-f5e3-4943-a932-e133db5deae9@group-67DBD99A6914-LeaderElection19: ELECTION REJECTED received 1 response(s) and 0 exception(s):
2023-01-24 12:23:04,137 [93701946-f5e3-4943-a932-e133db5deae9@group-67DBD99A6914-LeaderElection19] INFO  impl.LeaderElection (LeaderElection.java:logAndReturn(94)) -   Response 0: 93701946-f5e3-4943-a932-e133db5deae9<-c6074cc5-da23-4fc2-b305-e072798acc5a#0:FAIL-t2
2023-01-24 12:23:04,139 [93701946-f5e3-4943-a932-e133db5deae9@group-67DBD99A6914-LeaderElection19] INFO  impl.LeaderElection (LeaderElection.java:askForVotes(314)) - 93701946-f5e3-4943-a932-e133db5deae9@group-67DBD99A6914-LeaderElection19 ELECTION round 0: result REJECTED
2023-01-24 12:23:04,139 [93701946-f5e3-4943-a932-e133db5deae9@group-67DBD99A6914-LeaderElection19] INFO  server.RaftServer$Division (RaftServerImpl.java:setRole(321)) - 93701946-f5e3-4943-a932-e133db5deae9@group-67DBD99A6914: changes role from CANDIDATE to FOLLOWER at term 2 for REJECTED
2023-01-24 12:23:04,139 [7141d06d-71d8-4a56-9b5d-23c6772b1ac6@group-67DBD99A6914-FollowerState] INFO  server.RaftServerConfigKeys (ConfUtils.java:logFallback(53)) - raft.server.rpc.first-election.timeout.min = 5s (fallback to raft.server.rpc.timeout.min)
2023-01-24 12:23:04,139 [93701946-f5e3-4943-a932-e133db5deae9@group-67DBD99A6914-LeaderElection19] INFO  impl.RoleInfo (RoleInfo.java:shutdownLeaderElection(130)) - 93701946-f5e3-4943-a932-e133db5deae9: shutdown 93701946-f5e3-4943-a932-e133db5deae9@group-67DBD99A6914-LeaderElection19
2023-01-24 12:23:04,145 [93701946-f5e3-4943-a932-e133db5deae9@group-67DBD99A6914-LeaderElection19] INFO  impl.RoleInfo (RoleInfo.java:updateAndGet(139)) - 93701946-f5e3-4943-a932-e133db5deae9: start 93701946-f5e3-4943-a932-e133db5deae9@group-67DBD99A6914-FollowerState
2023-01-24 12:23:04,145 [7141d06d-71d8-4a56-9b5d-23c6772b1ac6@group-67DBD99A6914-FollowerState] INFO  server.RaftServerConfigKeys (ConfUtils.java:logFallback(53)) - raft.server.rpc.first-election.timeout.max = 5200ms (fallback to raft.server.rpc.timeout.max)
2023-01-24 12:23:04,146 [grpc-default-executor-3] INFO  server.RaftServer$Division (RaftServerImpl.java:requestVote(1251)) - 7141d06d-71d8-4a56-9b5d-23c6772b1ac6@group-67DBD99A6914 replies to ELECTION vote request: 93701946-f5e3-4943-a932-e133db5deae9<-7141d06d-71d8-4a56-9b5d-23c6772b1ac6#0:OK-t2. Peer's state: 7141d06d-71d8-4a56-9b5d-23c6772b1ac6@group-67DBD99A6914:t2, leader=null, voted=93701946-f5e3-4943-a932-e133db5deae9, raftlog=Memoized:7141d06d-71d8-4a56-9b5d-23c6772b1ac6@group-67DBD99A6914-SegmentedRaftLog:OPENED:c-1, conf=-1: peers:[c6074cc5-da23-4fc2-b305-e072798acc5a|rpc:10.1.1.14:38087|dataStream:10.1.1.14:46483|priority:1|startupRole:FOLLOWER, 93701946-f5e3-4943-a932-e133db5deae9|rpc:10.1.1.14:32935|dataStream:10.1.1.14:45565|priority:0|startupRole:FOLLOWER, 7141d06d-71d8-4a56-9b5d-23c6772b1ac6|rpc:10.1.1.14:37745|dataStream:10.1.1.14:35891|priority:0|startupRole:FOLLOWER]|listeners:[], old=null
2023-01-24 12:23:04,150 [93701946-f5e3-4943-a932-e133db5deae9@group-67DBD99A6914-FollowerState] INFO  server.RaftServerConfigKeys (ConfUtils.java:logFallback(53)) - raft.server.rpc.first-election.timeout.min = 5s (fallback to raft.server.rpc.timeout.min)
2023-01-24 12:23:04,150 [93701946-f5e3-4943-a932-e133db5deae9@group-67DBD99A6914-FollowerState] INFO  server.RaftServerConfigKeys (ConfUtils.java:logFallback(53)) - raft.server.rpc.first-election.timeout.max = 5200ms (fallback to raft.server.rpc.timeout.max)
2023-01-24 12:23:04,204 [grpc-default-executor-3] WARN  server.GrpcLogAppender (LogUtils.java:warn(122)) - fb483a44-74cc-4237-a554-a68f3575ba39@group-67431DBC43D0->f9d7edb3-f6c7-431a-8d5c-722e1f28718f-AppendLogResponseHandler: Failed appendEntries: org.apache.ratis.thirdparty.io.grpc.StatusRuntimeException: UNAVAILABLE: io exception
2023-01-24 12:23:04,205 [grpc-default-executor-4] WARN  server.GrpcLogAppender (LogUtils.java:warn(122)) - fb483a44-74cc-4237-a554-a68f3575ba39@group-67431DBC43D0->f9d7edb3-f6c7-431a-8d5c-722e1f28718f-AppendLogResponseHandler: Failed appendEntries: org.apache.ratis.thirdparty.io.grpc.StatusRuntimeException: UNAVAILABLE: io exception
2023-01-24 12:23:04,205 [grpc-default-executor-3] WARN  server.GrpcLogAppender (GrpcLogAppender.java:resetClient(131)) - fb483a44-74cc-4237-a554-a68f3575ba39@group-67431DBC43D0->f9d7edb3-f6c7-431a-8d5c-722e1f28718f-GrpcLogAppender: Leader has not got in touch with Follower fb483a44-74cc-4237-a554-a68f3575ba39@group-67431DBC43D0->f9d7edb3-f6c7-431a-8d5c-722e1f28718f(c0,m0,n1, attendVote=true, lastRpcSendTime=1251, lastRpcResponseTime=3760) yet, just keep nextIndex unchanged and retry.
2023-01-24 12:23:04,207 [grpc-default-executor-4] WARN  server.GrpcLogAppender (GrpcLogAppender.java:resetClient(131)) - fb483a44-74cc-4237-a554-a68f3575ba39@group-67431DBC43D0->f9d7edb3-f6c7-431a-8d5c-722e1f28718f-GrpcLogAppender: Leader has not got in touch with Follower fb483a44-74cc-4237-a554-a68f3575ba39@group-67431DBC43D0->f9d7edb3-f6c7-431a-8d5c-722e1f28718f(c0,m0,n1, attendVote=true, lastRpcSendTime=1253, lastRpcResponseTime=3761) yet, just keep nextIndex unchanged and retry.
2023-01-24 12:23:04,208 [grpc-default-executor-4] WARN  server.GrpcLogAppender (LogUtils.java:warn(122)) - fb483a44-74cc-4237-a554-a68f3575ba39@group-67431DBC43D0->f9d7edb3-f6c7-431a-8d5c-722e1f28718f-AppendLogResponseHandler: Failed appendEntries: org.apache.ratis.thirdparty.io.grpc.StatusRuntimeException: UNAVAILABLE: io exception
2023-01-24 12:23:04,209 [grpc-default-executor-3] WARN  server.GrpcLogAppender (LogUtils.java:warn(122)) - fb483a44-74cc-4237-a554-a68f3575ba39@group-67431DBC43D0->f9d7edb3-f6c7-431a-8d5c-722e1f28718f-AppendLogResponseHandler: Failed appendEntries: org.apache.ratis.thirdparty.io.grpc.StatusRuntimeException: UNAVAILABLE: io exception
2023-01-24 12:23:04,209 [grpc-default-executor-4] WARN  server.GrpcLogAppender (GrpcLogAppender.java:resetClient(131)) - fb483a44-74cc-4237-a554-a68f3575ba39@group-67431DBC43D0->f9d7edb3-f6c7-431a-8d5c-722e1f28718f-GrpcLogAppender: Leader has not got in touch with Follower fb483a44-74cc-4237-a554-a68f3575ba39@group-67431DBC43D0->f9d7edb3-f6c7-431a-8d5c-722e1f28718f(c0,m0,n1, attendVote=true, lastRpcSendTime=1255, lastRpcResponseTime=3763) yet, just keep nextIndex unchanged and retry.
2023-01-24 12:23:04,210 [grpc-default-executor-3] WARN  server.GrpcLogAppender (GrpcLogAppender.java:resetClient(131)) - fb483a44-74cc-4237-a554-a68f3575ba39@group-67431DBC43D0->f9d7edb3-f6c7-431a-8d5c-722e1f28718f-GrpcLogAppender: Leader has not got in touch with Follower fb483a44-74cc-4237-a554-a68f3575ba39@group-67431DBC43D0->f9d7edb3-f6c7-431a-8d5c-722e1f28718f(c0,m0,n1, attendVote=true, lastRpcSendTime=1256, lastRpcResponseTime=3764) yet, just keep nextIndex unchanged and retry.
2023-01-24 12:23:04,211 [grpc-default-executor-3] WARN  server.GrpcLogAppender (LogUtils.java:warn(122)) - fb483a44-74cc-4237-a554-a68f3575ba39@group-67431DBC43D0->f9d7edb3-f6c7-431a-8d5c-722e1f28718f-AppendLogResponseHandler: Failed appendEntries: org.apache.ratis.thirdparty.io.grpc.StatusRuntimeException: UNAVAILABLE: io exception
2023-01-24 12:23:04,212 [grpc-default-executor-4] WARN  server.GrpcLogAppender (LogUtils.java:warn(122)) - fb483a44-74cc-4237-a554-a68f3575ba39@group-67431DBC43D0->f9d7edb3-f6c7-431a-8d5c-722e1f28718f-AppendLogResponseHandler: Failed appendEntries: org.apache.ratis.thirdparty.io.grpc.StatusRuntimeException: UNAVAILABLE: io exception
2023-01-24 12:23:04,212 [grpc-default-executor-3] WARN  server.GrpcLogAppender (GrpcLogAppender.java:resetClient(131)) - fb483a44-74cc-4237-a554-a68f3575ba39@group-67431DBC43D0->f9d7edb3-f6c7-431a-8d5c-722e1f28718f-GrpcLogAppender: Leader has not got in touch with Follower fb483a44-74cc-4237-a554-a68f3575ba39@group-67431DBC43D0->f9d7edb3-f6c7-431a-8d5c-722e1f28718f(c0,m0,n1, attendVote=true, lastRpcSendTime=1258, lastRpcResponseTime=3767) yet, just keep nextIndex unchanged and retry.
2023-01-24 12:23:04,213 [grpc-default-executor-4] WARN  server.GrpcLogAppender (GrpcLogAppender.java:resetClient(131)) - fb483a44-74cc-4237-a554-a68f3575ba39@group-67431DBC43D0->f9d7edb3-f6c7-431a-8d5c-722e1f28718f-GrpcLogAppender: Leader has not got in touch with Follower fb483a44-74cc-4237-a554-a68f3575ba39@group-67431DBC43D0->f9d7edb3-f6c7-431a-8d5c-722e1f28718f(c0,m0,n1, attendVote=true, lastRpcSendTime=1258, lastRpcResponseTime=3767) yet, just keep nextIndex unchanged and retry.
2023-01-24 12:23:04,214 [grpc-default-executor-4] WARN  server.GrpcLogAppender (LogUtils.java:warn(122)) - fb483a44-74cc-4237-a554-a68f3575ba39@group-67431DBC43D0->f9d7edb3-f6c7-431a-8d5c-722e1f28718f-AppendLogResponseHandler: Failed appendEntries: org.apache.ratis.thirdparty.io.grpc.StatusRuntimeException: UNAVAILABLE: io exception
2023-01-24 12:23:04,214 [grpc-default-executor-3] WARN  server.GrpcLogAppender (LogUtils.java:warn(122)) - fb483a44-74cc-4237-a554-a68f3575ba39@group-67431DBC43D0->f9d7edb3-f6c7-431a-8d5c-722e1f28718f-AppendLogResponseHandler: Failed appendEntries: org.apache.ratis.thirdparty.io.grpc.StatusRuntimeException: UNAVAILABLE: io exception
2023-01-24 12:23:04,214 [grpc-default-executor-4] WARN  server.GrpcLogAppender (GrpcLogAppender.java:resetClient(131)) - fb483a44-74cc-4237-a554-a68f3575ba39@group-67431DBC43D0->f9d7edb3-f6c7-431a-8d5c-722e1f28718f-GrpcLogAppender: Leader has not got in touch with Follower fb483a44-74cc-4237-a554-a68f3575ba39@group-67431DBC43D0->f9d7edb3-f6c7-431a-8d5c-722e1f28718f(c0,m0,n1, attendVote=true, lastRpcSendTime=1260, lastRpcResponseTime=3768) yet, just keep nextIndex unchanged and retry.
2023-01-24 12:23:04,215 [grpc-default-executor-3] WARN  server.GrpcLogAppender (GrpcLogAppender.java:resetClient(131)) - fb483a44-74cc-4237-a554-a68f3575ba39@group-67431DBC43D0->f9d7edb3-f6c7-431a-8d5c-722e1f28718f-GrpcLogAppender: Leader has not got in touch with Follower fb483a44-74cc-4237-a554-a68f3575ba39@group-67431DBC43D0->f9d7edb3-f6c7-431a-8d5c-722e1f28718f(c0,m0,n1, attendVote=true, lastRpcSendTime=1261, lastRpcResponseTime=3770) yet, just keep nextIndex unchanged and retry.
2023-01-24 12:23:04,221 [grpc-default-executor-3] WARN  server.GrpcLogAppender (LogUtils.java:warn(122)) - fb483a44-74cc-4237-a554-a68f3575ba39@group-67431DBC43D0->f9d7edb3-f6c7-431a-8d5c-722e1f28718f-AppendLogResponseHandler: Failed appendEntries: org.apache.ratis.thirdparty.io.grpc.StatusRuntimeException: UNAVAILABLE: io exception
2023-01-24 12:23:04,221 [grpc-default-executor-4] WARN  server.GrpcLogAppender (LogUtils.java:warn(122)) - fb483a44-74cc-4237-a554-a68f3575ba39@group-67431DBC43D0->f9d7edb3-f6c7-431a-8d5c-722e1f28718f-AppendLogResponseHandler: Failed appendEntries: org.apache.ratis.thirdparty.io.grpc.StatusRuntimeException: UNAVAILABLE: io exception
2023-01-24 12:23:04,222 [grpc-default-executor-3] WARN  server.GrpcLogAppender (GrpcLogAppender.java:resetClient(131)) - fb483a44-74cc-4237-a554-a68f3575ba39@group-67431DBC43D0->f9d7edb3-f6c7-431a-8d5c-722e1f28718f-GrpcLogAppender: Leader has not got in touch with Follower fb483a44-74cc-4237-a554-a68f3575ba39@group-67431DBC43D0->f9d7edb3-f6c7-431a-8d5c-722e1f28718f(c0,m0,n1, attendVote=true, lastRpcSendTime=1267, lastRpcResponseTime=3776) yet, just keep nextIndex unchanged and retry.
2023-01-24 12:23:04,222 [grpc-default-executor-4] WARN  server.GrpcLogAppender (GrpcLogAppender.java:resetClient(131)) - fb483a44-74cc-4237-a554-a68f3575ba39@group-67431DBC43D0->f9d7edb3-f6c7-431a-8d5c-722e1f28718f-GrpcLogAppender: Leader has not got in touch with Follower fb483a44-74cc-4237-a554-a68f3575ba39@group-67431DBC43D0->f9d7edb3-f6c7-431a-8d5c-722e1f28718f(c0,m0,n1, attendVote=true, lastRpcSendTime=1267, lastRpcResponseTime=3776) yet, just keep nextIndex unchanged and retry.
2023-01-24 12:23:04,223 [grpc-default-executor-4] WARN  server.GrpcLogAppender (LogUtils.java:warn(122)) - fb483a44-74cc-4237-a554-a68f3575ba39@group-67431DBC43D0->f9d7edb3-f6c7-431a-8d5c-722e1f28718f-AppendLogResponseHandler: Failed appendEntries: org.apache.ratis.thirdparty.io.grpc.StatusRuntimeException: UNAVAILABLE: io exception
2023-01-24 12:23:04,223 [grpc-default-executor-3] WARN  server.GrpcLogAppender (LogUtils.java:warn(122)) - fb483a44-74cc-4237-a554-a68f3575ba39@group-67431DBC43D0->f9d7edb3-f6c7-431a-8d5c-722e1f28718f-AppendLogResponseHandler: Failed appendEntries: org.apache.ratis.thirdparty.io.grpc.StatusRuntimeException: UNAVAILABLE: io exception
2023-01-24 12:23:04,223 [grpc-default-executor-4] WARN  server.GrpcLogAppender (GrpcLogAppender.java:resetClient(131)) - fb483a44-74cc-4237-a554-a68f3575ba39@group-67431DBC43D0->f9d7edb3-f6c7-431a-8d5c-722e1f28718f-GrpcLogAppender: Leader has not got in touch with Follower fb483a44-74cc-4237-a554-a68f3575ba39@group-67431DBC43D0->f9d7edb3-f6c7-431a-8d5c-722e1f28718f(c0,m0,n1, attendVote=true, lastRpcSendTime=1269, lastRpcResponseTime=3778) yet, just keep nextIndex unchanged and retry.
2023-01-24 12:23:04,224 [grpc-default-executor-3] WARN  server.GrpcLogAppender (GrpcLogAppender.java:resetClient(131)) - fb483a44-74cc-4237-a554-a68f3575ba39@group-67431DBC43D0->f9d7edb3-f6c7-431a-8d5c-722e1f28718f-GrpcLogAppender: Leader has not got in touch with Follower fb483a44-74cc-4237-a554-a68f3575ba39@group-67431DBC43D0->f9d7edb3-f6c7-431a-8d5c-722e1f28718f(c0,m0,n1, attendVote=true, lastRpcSendTime=1270, lastRpcResponseTime=3779) yet, just keep nextIndex unchanged and retry.
2023-01-24 12:23:04,225 [grpc-default-executor-3] WARN  server.GrpcLogAppender (LogUtils.java:warn(122)) - fb483a44-74cc-4237-a554-a68f3575ba39@group-67431DBC43D0->f9d7edb3-f6c7-431a-8d5c-722e1f28718f-AppendLogResponseHandler: Failed appendEntries: org.apache.ratis.thirdparty.io.grpc.StatusRuntimeException: UNAVAILABLE: io exception
2023-01-24 12:23:04,225 [grpc-default-executor-4] WARN  server.GrpcLogAppender (LogUtils.java:warn(122)) - fb483a44-74cc-4237-a554-a68f3575ba39@group-67431DBC43D0->f9d7edb3-f6c7-431a-8d5c-722e1f28718f-AppendLogResponseHandler: Failed appendEntries: org.apache.ratis.thirdparty.io.grpc.StatusRuntimeException: UNAVAILABLE: io exception
2023-01-24 12:23:04,226 [grpc-default-executor-3] WARN  server.GrpcLogAppender (GrpcLogAppender.java:resetClient(131)) - fb483a44-74cc-4237-a554-a68f3575ba39@group-67431DBC43D0->f9d7edb3-f6c7-431a-8d5c-722e1f28718f-GrpcLogAppender: Leader has not got in touch with Follower fb483a44-74cc-4237-a554-a68f3575ba39@group-67431DBC43D0->f9d7edb3-f6c7-431a-8d5c-722e1f28718f(c0,m0,n1, attendVote=true, lastRpcSendTime=1271, lastRpcResponseTime=3780) yet, just keep nextIndex unchanged and retry.
2023-01-24 12:23:04,226 [grpc-default-executor-4] WARN  server.GrpcLogAppender (GrpcLogAppender.java:resetClient(131)) - fb483a44-74cc-4237-a554-a68f3575ba39@group-67431DBC43D0->f9d7edb3-f6c7-431a-8d5c-722e1f28718f-GrpcLogAppender: Leader has not got in touch with Follower fb483a44-74cc-4237-a554-a68f3575ba39@group-67431DBC43D0->f9d7edb3-f6c7-431a-8d5c-722e1f28718f(c0,m0,n1, attendVote=true, lastRpcSendTime=1272, lastRpcResponseTime=3780) yet, just keep nextIndex unchanged and retry.
2023-01-24 12:23:04,227 [grpc-default-executor-4] WARN  server.GrpcLogAppender (LogUtils.java:warn(122)) - fb483a44-74cc-4237-a554-a68f3575ba39@group-67431DBC43D0->f9d7edb3-f6c7-431a-8d5c-722e1f28718f-AppendLogResponseHandler: Failed appendEntries: org.apache.ratis.thirdparty.io.grpc.StatusRuntimeException: UNAVAILABLE: io exception
2023-01-24 12:23:04,227 [grpc-default-executor-3] WARN  server.GrpcLogAppender (LogUtils.java:warn(122)) - fb483a44-74cc-4237-a554-a68f3575ba39@group-67431DBC43D0->f9d7edb3-f6c7-431a-8d5c-722e1f28718f-AppendLogResponseHandler: Failed appendEntries: org.apache.ratis.thirdparty.io.grpc.StatusRuntimeException: UNAVAILABLE: io exception
2023-01-24 12:23:04,228 [grpc-default-executor-4] WARN  server.GrpcLogAppender (GrpcLogAppender.java:resetClient(131)) - fb483a44-74cc-4237-a554-a68f3575ba39@group-67431DBC43D0->f9d7edb3-f6c7-431a-8d5c-722e1f28718f-GrpcLogAppender: Leader has not got in touch with Follower fb483a44-74cc-4237-a554-a68f3575ba39@group-67431DBC43D0->f9d7edb3-f6c7-431a-8d5c-722e1f28718f(c0,m0,n1, attendVote=true, lastRpcSendTime=1273, lastRpcResponseTime=3782) yet, just keep nextIndex unchanged and retry.
2023-01-24 12:23:04,230 [grpc-default-executor-3] WARN  server.GrpcLogAppender (GrpcLogAppender.java:resetClient(131)) - fb483a44-74cc-4237-a554-a68f3575ba39@group-67431DBC43D0->f9d7edb3-f6c7-431a-8d5c-722e1f28718f-GrpcLogAppender: Leader has not got in touch with Follower fb483a44-74cc-4237-a554-a68f3575ba39@group-67431DBC43D0->f9d7edb3-f6c7-431a-8d5c-722e1f28718f(c0,m0,n1, attendVote=true, lastRpcSendTime=1275, lastRpcResponseTime=3784) yet, just keep nextIndex unchanged and retry.
2023-01-24 12:23:04,231 [grpc-default-executor-3] WARN  server.GrpcLogAppender (LogUtils.java:warn(122)) - fb483a44-74cc-4237-a554-a68f3575ba39@group-67431DBC43D0->f9d7edb3-f6c7-431a-8d5c-722e1f28718f-AppendLogResponseHandler: Failed appendEntries: org.apache.ratis.thirdparty.io.grpc.StatusRuntimeException: UNAVAILABLE: io exception
2023-01-24 12:23:04,231 [grpc-default-executor-4] WARN  server.GrpcLogAppender (LogUtils.java:warn(122)) - fb483a44-74cc-4237-a554-a68f3575ba39@group-67431DBC43D0->f9d7edb3-f6c7-431a-8d5c-722e1f28718f-AppendLogResponseHandler: Failed appendEntries: org.apache.ratis.thirdparty.io.grpc.StatusRuntimeException: UNAVAILABLE: io exception
2023-01-24 12:23:04,232 [grpc-default-executor-3] WARN  server.GrpcLogAppender (GrpcLogAppender.java:resetClient(131)) - fb483a44-74cc-4237-a554-a68f3575ba39@group-67431DBC43D0->f9d7edb3-f6c7-431a-8d5c-722e1f28718f-GrpcLogAppender: Leader has not got in touch with Follower fb483a44-74cc-4237-a554-a68f3575ba39@group-67431DBC43D0->f9d7edb3-f6c7-431a-8d5c-722e1f28718f(c0,m0,n1, attendVote=true, lastRpcSendTime=0, lastRpcResponseTime=3786) yet, just keep nextIndex unchanged and retry.
2023-01-24 12:23:04,232 [grpc-default-executor-4] WARN  server.GrpcLogAppender (GrpcLogAppender.java:resetClient(131)) - fb483a44-74cc-4237-a554-a68f3575ba39@group-67431DBC43D0->f9d7edb3-f6c7-431a-8d5c-722e1f28718f-GrpcLogAppender: Leader has not got in touch with Follower fb483a44-74cc-4237-a554-a68f3575ba39@group-67431DBC43D0->f9d7edb3-f6c7-431a-8d5c-722e1f28718f(c0,m0,n1, attendVote=true, lastRpcSendTime=0, lastRpcResponseTime=3786) yet, just keep nextIndex unchanged and retry.
2023-01-24 12:23:04,319 [4243b07b-dbe8-44bd-919c-c5b59c546d4c@group-2EBEB1ED5A51-FollowerState] INFO  server.RaftServerConfigKeys (ConfUtils.java:logFallback(53)) - raft.server.rpc.first-election.timeout.min = 5s (fallback to raft.server.rpc.timeout.min)
2023-01-24 12:23:04,319 [4243b07b-dbe8-44bd-919c-c5b59c546d4c@group-2EBEB1ED5A51-FollowerState] INFO  server.RaftServerConfigKeys (ConfUtils.java:logFallback(53)) - raft.server.rpc.first-election.timeout.max = 5200ms (fallback to raft.server.rpc.timeout.max)
2023-01-24 12:23:04,372 [3f0205b3-740b-4219-bfdb-76da739fef9e@group-2EBEB1ED5A51-FollowerState] INFO  impl.FollowerState (FollowerState.java:run(143)) - 3f0205b3-740b-4219-bfdb-76da739fef9e@group-2EBEB1ED5A51-FollowerState: change to CANDIDATE, lastRpcElapsedTime:5056644424ns, electionTimeout:5056ms
2023-01-24 12:23:04,372 [3f0205b3-740b-4219-bfdb-76da739fef9e@group-2EBEB1ED5A51-FollowerState] INFO  impl.RoleInfo (RoleInfo.java:shutdownFollowerState(110)) - 3f0205b3-740b-4219-bfdb-76da739fef9e: shutdown 3f0205b3-740b-4219-bfdb-76da739fef9e@group-2EBEB1ED5A51-FollowerState
2023-01-24 12:23:04,372 [3f0205b3-740b-4219-bfdb-76da739fef9e@group-2EBEB1ED5A51-FollowerState] INFO  server.RaftServer$Division (RaftServerImpl.java:setRole(321)) - 3f0205b3-740b-4219-bfdb-76da739fef9e@group-2EBEB1ED5A51: changes role from  FOLLOWER to CANDIDATE at term 1 for changeToCandidate
2023-01-24 12:23:04,372 [3f0205b3-740b-4219-bfdb-76da739fef9e@group-2EBEB1ED5A51-FollowerState] INFO  server.RaftServerConfigKeys (ConfUtils.java:logGet(46)) - raft.server.leaderelection.pre-vote = false (custom)
2023-01-24 12:23:04,372 [3f0205b3-740b-4219-bfdb-76da739fef9e@group-2EBEB1ED5A51-FollowerState] INFO  impl.RoleInfo (RoleInfo.java:updateAndGet(139)) - 3f0205b3-740b-4219-bfdb-76da739fef9e: start 3f0205b3-740b-4219-bfdb-76da739fef9e@group-2EBEB1ED5A51-LeaderElection21
2023-01-24 12:23:04,375 [3f0205b3-740b-4219-bfdb-76da739fef9e@group-2EBEB1ED5A51-LeaderElection21] INFO  impl.LeaderElection (LeaderElection.java:askForVotes(312)) - 3f0205b3-740b-4219-bfdb-76da739fef9e@group-2EBEB1ED5A51-LeaderElection21 ELECTION round 0: submit vote requests at term 2 for -1: peers:[4243b07b-dbe8-44bd-919c-c5b59c546d4c|rpc:10.1.1.14:38729|dataStream:10.1.1.14:33721|priority:0|startupRole:FOLLOWER, 3f0205b3-740b-4219-bfdb-76da739fef9e|rpc:10.1.1.14:39411|dataStream:10.1.1.14:35799|priority:1|startupRole:FOLLOWER, 8d5822ee-b1dd-46af-beb1-0638b7fa15fc|rpc:10.1.1.14:38873|dataStream:10.1.1.14:42631|priority:0|startupRole:FOLLOWER]|listeners:[], old=null
2023-01-24 12:23:04,377 [grpc-default-executor-4] INFO  server.RaftServer$Division (RaftServerImpl.java:requestVote(1218)) - 4243b07b-dbe8-44bd-919c-c5b59c546d4c@group-2EBEB1ED5A51: receive requestVote(ELECTION, 3f0205b3-740b-4219-bfdb-76da739fef9e, group-2EBEB1ED5A51, 2, (t:0, i:0))
2023-01-24 12:23:04,383 [grpc-default-executor-4] INFO  impl.VoteContext (VoteContext.java:log(49)) - 4243b07b-dbe8-44bd-919c-c5b59c546d4c@group-2EBEB1ED5A51-FOLLOWER: accept ELECTION from 3f0205b3-740b-4219-bfdb-76da739fef9e: our priority 0 <= candidate's priority 1
2023-01-24 12:23:04,383 [grpc-default-executor-4] INFO  server.RaftServer$Division (RaftServerImpl.java:setRole(321)) - 4243b07b-dbe8-44bd-919c-c5b59c546d4c@group-2EBEB1ED5A51: changes role from  FOLLOWER to FOLLOWER at term 2 for candidate:3f0205b3-740b-4219-bfdb-76da739fef9e
2023-01-24 12:23:04,383 [grpc-default-executor-4] INFO  impl.RoleInfo (RoleInfo.java:shutdownFollowerState(110)) - 4243b07b-dbe8-44bd-919c-c5b59c546d4c: shutdown 4243b07b-dbe8-44bd-919c-c5b59c546d4c@group-2EBEB1ED5A51-FollowerState
2023-01-24 12:23:04,383 [grpc-default-executor-4] INFO  impl.RoleInfo (RoleInfo.java:updateAndGet(139)) - 4243b07b-dbe8-44bd-919c-c5b59c546d4c: start 4243b07b-dbe8-44bd-919c-c5b59c546d4c@group-2EBEB1ED5A51-FollowerState
2023-01-24 12:23:04,383 [3f0205b3-740b-4219-bfdb-76da739fef9e@group-2EBEB1ED5A51-LeaderElection21] INFO  server.RaftServerConfigKeys (ConfUtils.java:logFallback(53)) - raft.server.rpc.first-election.timeout.min = 5s (fallback to raft.server.rpc.timeout.min)
2023-01-24 12:23:04,383 [3f0205b3-740b-4219-bfdb-76da739fef9e@group-2EBEB1ED5A51-LeaderElection21] INFO  server.RaftServerConfigKeys (ConfUtils.java:logFallback(53)) - raft.server.rpc.first-election.timeout.max = 5200ms (fallback to raft.server.rpc.timeout.max)
2023-01-24 12:23:04,383 [4243b07b-dbe8-44bd-919c-c5b59c546d4c@group-2EBEB1ED5A51-FollowerState] INFO  impl.FollowerState (FollowerState.java:run(152)) - 4243b07b-dbe8-44bd-919c-c5b59c546d4c@group-2EBEB1ED5A51-FollowerState was interrupted
2023-01-24 12:23:04,384 [4243b07b-dbe8-44bd-919c-c5b59c546d4c@group-2EBEB1ED5A51-FollowerState] INFO  server.RaftServerConfigKeys (ConfUtils.java:logFallback(53)) - raft.server.rpc.first-election.timeout.min = 5s (fallback to raft.server.rpc.timeout.min)
2023-01-24 12:23:04,384 [4243b07b-dbe8-44bd-919c-c5b59c546d4c@group-2EBEB1ED5A51-FollowerState] INFO  server.RaftServerConfigKeys (ConfUtils.java:logFallback(53)) - raft.server.rpc.first-election.timeout.max = 5200ms (fallback to raft.server.rpc.timeout.max)
2023-01-24 12:23:04,384 [grpc-default-executor-4] INFO  server.RaftServer$Division (RaftServerImpl.java:requestVote(1251)) - 4243b07b-dbe8-44bd-919c-c5b59c546d4c@group-2EBEB1ED5A51 replies to ELECTION vote request: 3f0205b3-740b-4219-bfdb-76da739fef9e<-4243b07b-dbe8-44bd-919c-c5b59c546d4c#0:OK-t2. Peer's state: 4243b07b-dbe8-44bd-919c-c5b59c546d4c@group-2EBEB1ED5A51:t2, leader=null, voted=3f0205b3-740b-4219-bfdb-76da739fef9e, raftlog=Memoized:4243b07b-dbe8-44bd-919c-c5b59c546d4c@group-2EBEB1ED5A51-SegmentedRaftLog:OPENED:c-1, conf=-1: peers:[4243b07b-dbe8-44bd-919c-c5b59c546d4c|rpc:10.1.1.14:38729|dataStream:10.1.1.14:33721|priority:0|startupRole:FOLLOWER, 3f0205b3-740b-4219-bfdb-76da739fef9e|rpc:10.1.1.14:39411|dataStream:10.1.1.14:35799|priority:1|startupRole:FOLLOWER, 8d5822ee-b1dd-46af-beb1-0638b7fa15fc|rpc:10.1.1.14:38873|dataStream:10.1.1.14:42631|priority:0|startupRole:FOLLOWER]|listeners:[], old=null
2023-01-24 12:23:04,385 [3f0205b3-740b-4219-bfdb-76da739fef9e@group-2EBEB1ED5A51-LeaderElection21] INFO  impl.LeaderElection (LeaderElection.java:logAndReturn(90)) - 3f0205b3-740b-4219-bfdb-76da739fef9e@group-2EBEB1ED5A51-LeaderElection21: ELECTION PASSED received 1 response(s) and 0 exception(s):
2023-01-24 12:23:04,385 [3f0205b3-740b-4219-bfdb-76da739fef9e@group-2EBEB1ED5A51-LeaderElection21] INFO  impl.LeaderElection (LeaderElection.java:logAndReturn(94)) -   Response 0: 3f0205b3-740b-4219-bfdb-76da739fef9e<-4243b07b-dbe8-44bd-919c-c5b59c546d4c#0:OK-t2
2023-01-24 12:23:04,385 [3f0205b3-740b-4219-bfdb-76da739fef9e@group-2EBEB1ED5A51-LeaderElection21] INFO  impl.LeaderElection (LeaderElection.java:askForVotes(314)) - 3f0205b3-740b-4219-bfdb-76da739fef9e@group-2EBEB1ED5A51-LeaderElection21 ELECTION round 0: result PASSED
2023-01-24 12:23:04,385 [3f0205b3-740b-4219-bfdb-76da739fef9e@group-2EBEB1ED5A51-LeaderElection21] INFO  impl.RoleInfo (RoleInfo.java:shutdownLeaderElection(130)) - 3f0205b3-740b-4219-bfdb-76da739fef9e: shutdown 3f0205b3-740b-4219-bfdb-76da739fef9e@group-2EBEB1ED5A51-LeaderElection21
2023-01-24 12:23:04,385 [3f0205b3-740b-4219-bfdb-76da739fef9e@group-2EBEB1ED5A51-LeaderElection21] INFO  server.RaftServer$Division (RaftServerImpl.java:setRole(321)) - 3f0205b3-740b-4219-bfdb-76da739fef9e@group-2EBEB1ED5A51: changes role from CANDIDATE to LEADER at term 2 for changeToLeader
2023-01-24 12:23:04,386 [3f0205b3-740b-4219-bfdb-76da739fef9e@group-2EBEB1ED5A51-LeaderElection21] INFO  ratis.XceiverServerRatis (XceiverServerRatis.java:handleLeaderChangedNotification(904)) - Leader change notification received for group: group-2EBEB1ED5A51 with new leaderId: 3f0205b3-740b-4219-bfdb-76da739fef9e
2023-01-24 12:23:04,386 [3f0205b3-740b-4219-bfdb-76da739fef9e@group-2EBEB1ED5A51-LeaderElection21] INFO  server.RaftServer$Division (ServerState.java:setLeader(313)) - 3f0205b3-740b-4219-bfdb-76da739fef9e@group-2EBEB1ED5A51: change Leader from null to 3f0205b3-740b-4219-bfdb-76da739fef9e at term 2 for becomeLeader, leader elected after 10253ms
2023-01-24 12:23:04,386 [3f0205b3-740b-4219-bfdb-76da739fef9e@group-2EBEB1ED5A51-LeaderElection21] INFO  server.RaftServerConfigKeys (ConfUtils.java:logGet(46)) - raft.server.staging.catchup.gap = 1000 (default)
2023-01-24 12:23:04,386 [3f0205b3-740b-4219-bfdb-76da739fef9e@group-2EBEB1ED5A51-LeaderElection21] INFO  server.RaftServerConfigKeys (ConfUtils.java:logGet(46)) - raft.server.write.element-limit = 1024 (custom)
2023-01-24 12:23:04,386 [3f0205b3-740b-4219-bfdb-76da739fef9e@group-2EBEB1ED5A51-LeaderElection21] INFO  server.RaftServerConfigKeys (ConfUtils.java:logGet(46)) - raft.server.write.byte-limit = 1024 M (=1073741824) (custom)
2023-01-24 12:23:04,386 [3f0205b3-740b-4219-bfdb-76da739fef9e@group-2EBEB1ED5A51-LeaderElection21] INFO  server.RaftServerConfigKeys (ConfUtils.java:logGet(46)) - raft.server.watch.timeout = 180s (custom)
2023-01-24 12:23:04,386 [3f0205b3-740b-4219-bfdb-76da739fef9e@group-2EBEB1ED5A51-LeaderElection21] INFO  server.RaftServerConfigKeys (ConfUtils.java:logGet(46)) - raft.server.watch.timeout.denomination = 1s (default)
2023-01-24 12:23:04,386 [3f0205b3-740b-4219-bfdb-76da739fef9e@group-2EBEB1ED5A51-LeaderElection21] INFO  server.RaftServerConfigKeys (ConfUtils.java:logGet(46)) - raft.server.watch.element-limit = 65536 (default)
2023-01-24 12:23:04,386 [3f0205b3-740b-4219-bfdb-76da739fef9e@group-2EBEB1ED5A51-LeaderElection21] INFO  server.RaftServerConfigKeys (ConfUtils.java:logGet(46)) - raft.server.write.element-limit = 1024 (custom)
2023-01-24 12:23:04,386 [3f0205b3-740b-4219-bfdb-76da739fef9e@group-2EBEB1ED5A51-LeaderElection21] INFO  server.RaftServerConfigKeys (ConfUtils.java:logGet(46)) - raft.server.write.follower.gap.ratio.max = -1.0 (default)
2023-01-24 12:23:04,387 [3f0205b3-740b-4219-bfdb-76da739fef9e@group-2EBEB1ED5A51-LeaderElection21] INFO  server.RaftServerConfigKeys (ConfUtils.java:logGet(46)) - raft.server.log.appender.snapshot.chunk.size.max = 16MB (=16777216) (default)
2023-01-24 12:23:04,387 [3f0205b3-740b-4219-bfdb-76da739fef9e@group-2EBEB1ED5A51-LeaderElection21] INFO  server.RaftServerConfigKeys (ConfUtils.java:logGet(46)) - raft.server.log.appender.buffer.byte-limit = 33554432 (custom)
2023-01-24 12:23:04,387 [3f0205b3-740b-4219-bfdb-76da739fef9e@group-2EBEB1ED5A51-LeaderElection21] INFO  server.RaftServerConfigKeys (ConfUtils.java:logGet(46)) - raft.server.log.appender.buffer.element-limit = 1 (custom)
2023-01-24 12:23:04,388 [EventQueue-PipelineReportForPipelineReportHandler] INFO  pipeline.PipelineManagerImpl (PipelineManagerImpl.java:openPipeline(367)) - Pipeline Pipeline[ Id: 55176d7b-9d1c-4966-b863-2ebeb1ed5a51, Nodes: 3f0205b3-740b-4219-bfdb-76da739fef9e(fv-az83-645.uavyq1izdhte5b0ne1us2eqzhb.jx.internal.cloudapp.net/10.1.1.14)4243b07b-dbe8-44bd-919c-c5b59c546d4c(fv-az83-645.uavyq1izdhte5b0ne1us2eqzhb.jx.internal.cloudapp.net/10.1.1.14)8d5822ee-b1dd-46af-beb1-0638b7fa15fc(fv-az83-645.uavyq1izdhte5b0ne1us2eqzhb.jx.internal.cloudapp.net/10.1.1.14), ReplicationConfig: RATIS/THREE, State:ALLOCATED, leaderId:3f0205b3-740b-4219-bfdb-76da739fef9e, CreationTimestamp2023-01-24T12:22:51.732Z[Etc/UTC]] moved to OPEN state
2023-01-24 12:23:04,387 [3f0205b3-740b-4219-bfdb-76da739fef9e@group-2EBEB1ED5A51-LeaderElection21] INFO  grpc.GrpcConfigKeys (ConfUtils.java:logGet(46)) - raft.grpc.server.leader.outstanding.appends.max = 128 (default)
2023-01-24 12:23:04,391 [3f0205b3-740b-4219-bfdb-76da739fef9e@group-2EBEB1ED5A51-LeaderElection21] INFO  server.RaftServerConfigKeys (ConfUtils.java:logGet(46)) - raft.server.rpc.request.timeout = 60s (custom)
2023-01-24 12:23:04,391 [3f0205b3-740b-4219-bfdb-76da739fef9e@group-2EBEB1ED5A51-LeaderElection21] INFO  server.RaftServerConfigKeys (ConfUtils.java:logGet(46)) - raft.server.log.appender.install.snapshot.enabled = false (custom)
2023-01-24 12:23:04,391 [3f0205b3-740b-4219-bfdb-76da739fef9e@group-2EBEB1ED5A51-LeaderElection21] INFO  grpc.GrpcConfigKeys (ConfUtils.java:logGet(46)) - raft.grpc.server.heartbeat.channel = true (default)
2023-01-24 12:23:04,391 [3f0205b3-740b-4219-bfdb-76da739fef9e@group-2EBEB1ED5A51-LeaderElection21] INFO  server.RaftServerConfigKeys (ConfUtils.java:logGet(46)) - raft.server.log.appender.wait-time.min = 10ms (default)
2023-01-24 12:23:04,393 [grpc-default-executor-4] INFO  server.RaftServer$Division (RaftServerImpl.java:requestVote(1218)) - 8d5822ee-b1dd-46af-beb1-0638b7fa15fc@group-2EBEB1ED5A51: receive requestVote(ELECTION, 3f0205b3-740b-4219-bfdb-76da739fef9e, group-2EBEB1ED5A51, 2, (t:0, i:0))
2023-01-24 12:23:04,393 [grpc-default-executor-4] INFO  impl.VoteContext (VoteContext.java:log(49)) - 8d5822ee-b1dd-46af-beb1-0638b7fa15fc@group-2EBEB1ED5A51-FOLLOWER: accept ELECTION from 3f0205b3-740b-4219-bfdb-76da739fef9e: our priority 0 <= candidate's priority 1
2023-01-24 12:23:04,393 [grpc-default-executor-4] INFO  server.RaftServer$Division (RaftServerImpl.java:setRole(321)) - 8d5822ee-b1dd-46af-beb1-0638b7fa15fc@group-2EBEB1ED5A51: changes role from  FOLLOWER to FOLLOWER at term 2 for candidate:3f0205b3-740b-4219-bfdb-76da739fef9e
2023-01-24 12:23:04,393 [grpc-default-executor-4] INFO  impl.RoleInfo (RoleInfo.java:shutdownFollowerState(110)) - 8d5822ee-b1dd-46af-beb1-0638b7fa15fc: shutdown 8d5822ee-b1dd-46af-beb1-0638b7fa15fc@group-2EBEB1ED5A51-FollowerState
2023-01-24 12:23:04,393 [grpc-default-executor-4] INFO  impl.RoleInfo (RoleInfo.java:updateAndGet(139)) - 8d5822ee-b1dd-46af-beb1-0638b7fa15fc: start 8d5822ee-b1dd-46af-beb1-0638b7fa15fc@group-2EBEB1ED5A51-FollowerState
2023-01-24 12:23:04,394 [8d5822ee-b1dd-46af-beb1-0638b7fa15fc@group-2EBEB1ED5A51-FollowerState] INFO  impl.FollowerState (FollowerState.java:run(152)) - 8d5822ee-b1dd-46af-beb1-0638b7fa15fc@group-2EBEB1ED5A51-FollowerState was interrupted
2023-01-24 12:23:04,394 [3f0205b3-740b-4219-bfdb-76da739fef9e@group-2EBEB1ED5A51-LeaderElection21] INFO  server.RaftServerConfigKeys (ConfUtils.java:logGet(46)) - raft.server.log.appender.snapshot.chunk.size.max = 16MB (=16777216) (default)
2023-01-24 12:23:04,394 [3f0205b3-740b-4219-bfdb-76da739fef9e@group-2EBEB1ED5A51-LeaderElection21] INFO  server.RaftServerConfigKeys (ConfUtils.java:logGet(46)) - raft.server.log.appender.buffer.byte-limit = 33554432 (custom)
2023-01-24 12:23:04,394 [3f0205b3-740b-4219-bfdb-76da739fef9e@group-2EBEB1ED5A51-LeaderElection21] INFO  server.RaftServerConfigKeys (ConfUtils.java:logGet(46)) - raft.server.log.appender.buffer.element-limit = 1 (custom)
2023-01-24 12:23:04,394 [3f0205b3-740b-4219-bfdb-76da739fef9e@group-2EBEB1ED5A51-LeaderElection21] INFO  grpc.GrpcConfigKeys (ConfUtils.java:logGet(46)) - raft.grpc.server.leader.outstanding.appends.max = 128 (default)
2023-01-24 12:23:04,394 [3f0205b3-740b-4219-bfdb-76da739fef9e@group-2EBEB1ED5A51-LeaderElection21] INFO  server.RaftServerConfigKeys (ConfUtils.java:logGet(46)) - raft.server.rpc.request.timeout = 60s (custom)
2023-01-24 12:23:04,394 [3f0205b3-740b-4219-bfdb-76da739fef9e@group-2EBEB1ED5A51-LeaderElection21] INFO  server.RaftServerConfigKeys (ConfUtils.java:logGet(46)) - raft.server.log.appender.install.snapshot.enabled = false (custom)
2023-01-24 12:23:04,394 [3f0205b3-740b-4219-bfdb-76da739fef9e@group-2EBEB1ED5A51-LeaderElection21] INFO  grpc.GrpcConfigKeys (ConfUtils.java:logGet(46)) - raft.grpc.server.heartbeat.channel = true (default)
2023-01-24 12:23:04,394 [8d5822ee-b1dd-46af-beb1-0638b7fa15fc@group-2EBEB1ED5A51-FollowerState] INFO  server.RaftServerConfigKeys (ConfUtils.java:logFallback(53)) - raft.server.rpc.first-election.timeout.min = 5s (fallback to raft.server.rpc.timeout.min)
2023-01-24 12:23:04,394 [3f0205b3-740b-4219-bfdb-76da739fef9e@group-2EBEB1ED5A51-LeaderElection21] INFO  server.RaftServerConfigKeys (ConfUtils.java:logGet(46)) - raft.server.log.appender.wait-time.min = 10ms (default)
2023-01-24 12:23:04,394 [8d5822ee-b1dd-46af-beb1-0638b7fa15fc@group-2EBEB1ED5A51-FollowerState] INFO  server.RaftServerConfigKeys (ConfUtils.java:logFallback(53)) - raft.server.rpc.first-election.timeout.max = 5200ms (fallback to raft.server.rpc.timeout.max)
2023-01-24 12:23:04,394 [3f0205b3-740b-4219-bfdb-76da739fef9e@group-2EBEB1ED5A51-LeaderElection21] INFO  impl.RoleInfo (RoleInfo.java:updateAndGet(139)) - 3f0205b3-740b-4219-bfdb-76da739fef9e: start 3f0205b3-740b-4219-bfdb-76da739fef9e@group-2EBEB1ED5A51-LeaderStateImpl
2023-01-24 12:23:04,395 [3f0205b3-740b-4219-bfdb-76da739fef9e@group-2EBEB1ED5A51-LeaderElection21] INFO  segmented.SegmentedRaftLogWorker (SegmentedRaftLogWorker.java:startLogSegment(452)) - 3f0205b3-740b-4219-bfdb-76da739fef9e@group-2EBEB1ED5A51-SegmentedRaftLogWorker: Starting segment from index:0
2023-01-24 12:23:04,395 [grpc-default-executor-4] INFO  server.RaftServer$Division (RaftServerImpl.java:requestVote(1251)) - 8d5822ee-b1dd-46af-beb1-0638b7fa15fc@group-2EBEB1ED5A51 replies to ELECTION vote request: 3f0205b3-740b-4219-bfdb-76da739fef9e<-8d5822ee-b1dd-46af-beb1-0638b7fa15fc#0:OK-t2. Peer's state: 8d5822ee-b1dd-46af-beb1-0638b7fa15fc@group-2EBEB1ED5A51:t2, leader=null, voted=3f0205b3-740b-4219-bfdb-76da739fef9e, raftlog=Memoized:8d5822ee-b1dd-46af-beb1-0638b7fa15fc@group-2EBEB1ED5A51-SegmentedRaftLog:OPENED:c-1, conf=-1: peers:[4243b07b-dbe8-44bd-919c-c5b59c546d4c|rpc:10.1.1.14:38729|dataStream:10.1.1.14:33721|priority:0|startupRole:FOLLOWER, 3f0205b3-740b-4219-bfdb-76da739fef9e|rpc:10.1.1.14:39411|dataStream:10.1.1.14:35799|priority:1|startupRole:FOLLOWER, 8d5822ee-b1dd-46af-beb1-0638b7fa15fc|rpc:10.1.1.14:38873|dataStream:10.1.1.14:42631|priority:0|startupRole:FOLLOWER]|listeners:[], old=null
2023-01-24 12:23:04,399 [3f0205b3-740b-4219-bfdb-76da739fef9e@group-2EBEB1ED5A51-SegmentedRaftLogWorker] INFO  segmented.SegmentedRaftLogWorker (SegmentedRaftLogWorker.java:execute(656)) - 3f0205b3-740b-4219-bfdb-76da739fef9e@group-2EBEB1ED5A51-SegmentedRaftLogWorker: created new log segment /home/runner/work/ozone/ozone/hadoop-ozone/integration-test/target/test-dir/MiniOzoneClusterImpl-9ddee5dd-a9b0-4f84-bf8c-5f63b859aaaf/datanode-3/data/ratis/55176d7b-9d1c-4966-b863-2ebeb1ed5a51/current/log_inprogress_0
2023-01-24 12:23:04,423 [3f0205b3-740b-4219-bfdb-76da739fef9e@group-2EBEB1ED5A51-LeaderElection21] INFO  server.RaftServer$Division (ServerState.java:setRaftConf(430)) - 3f0205b3-740b-4219-bfdb-76da739fef9e@group-2EBEB1ED5A51: set configuration 0: peers:[4243b07b-dbe8-44bd-919c-c5b59c546d4c|rpc:10.1.1.14:38729|dataStream:10.1.1.14:33721|priority:0|startupRole:FOLLOWER, 3f0205b3-740b-4219-bfdb-76da739fef9e|rpc:10.1.1.14:39411|dataStream:10.1.1.14:35799|priority:1|startupRole:FOLLOWER, 8d5822ee-b1dd-46af-beb1-0638b7fa15fc|rpc:10.1.1.14:38873|dataStream:10.1.1.14:42631|priority:0|startupRole:FOLLOWER]|listeners:[], old=null
2023-01-24 12:23:04,433 [4243b07b-dbe8-44bd-919c-c5b59c546d4c-server-thread1] INFO  ratis.XceiverServerRatis (XceiverServerRatis.java:handleLeaderChangedNotification(904)) - Leader change notification received for group: group-2EBEB1ED5A51 with new leaderId: 3f0205b3-740b-4219-bfdb-76da739fef9e
2023-01-24 12:23:04,433 [4243b07b-dbe8-44bd-919c-c5b59c546d4c-server-thread1] INFO  server.RaftServer$Division (ServerState.java:setLeader(313)) - 4243b07b-dbe8-44bd-919c-c5b59c546d4c@group-2EBEB1ED5A51: change Leader from null to 3f0205b3-740b-4219-bfdb-76da739fef9e at term 2 for appendEntries, leader elected after 10253ms
2023-01-24 12:23:04,434 [8d5822ee-b1dd-46af-beb1-0638b7fa15fc-server-thread1] INFO  ratis.XceiverServerRatis (XceiverServerRatis.java:handleLeaderChangedNotification(904)) - Leader change notification received for group: group-2EBEB1ED5A51 with new leaderId: 3f0205b3-740b-4219-bfdb-76da739fef9e
2023-01-24 12:23:04,434 [8d5822ee-b1dd-46af-beb1-0638b7fa15fc-server-thread1] INFO  server.RaftServer$Division (ServerState.java:setLeader(313)) - 8d5822ee-b1dd-46af-beb1-0638b7fa15fc@group-2EBEB1ED5A51: change Leader from null to 3f0205b3-740b-4219-bfdb-76da739fef9e at term 2 for appendEntries, leader elected after 10215ms
2023-01-24 12:23:04,444 [4243b07b-dbe8-44bd-919c-c5b59c546d4c-server-thread2] INFO  server.RaftServer$Division (ServerState.java:setRaftConf(430)) - 4243b07b-dbe8-44bd-919c-c5b59c546d4c@group-2EBEB1ED5A51: set configuration 0: peers:[4243b07b-dbe8-44bd-919c-c5b59c546d4c|rpc:10.1.1.14:38729|dataStream:10.1.1.14:33721|priority:0|startupRole:FOLLOWER, 3f0205b3-740b-4219-bfdb-76da739fef9e|rpc:10.1.1.14:39411|dataStream:10.1.1.14:35799|priority:1|startupRole:FOLLOWER, 8d5822ee-b1dd-46af-beb1-0638b7fa15fc|rpc:10.1.1.14:38873|dataStream:10.1.1.14:42631|priority:0|startupRole:FOLLOWER]|listeners:[], old=null
2023-01-24 12:23:04,445 [4243b07b-dbe8-44bd-919c-c5b59c546d4c-server-thread2] INFO  segmented.SegmentedRaftLogWorker (SegmentedRaftLogWorker.java:startLogSegment(452)) - 4243b07b-dbe8-44bd-919c-c5b59c546d4c@group-2EBEB1ED5A51-SegmentedRaftLogWorker: Starting segment from index:0
2023-01-24 12:23:04,445 [4243b07b-dbe8-44bd-919c-c5b59c546d4c@group-2EBEB1ED5A51-SegmentedRaftLogWorker] INFO  segmented.SegmentedRaftLogWorker (SegmentedRaftLogWorker.java:execute(656)) - 4243b07b-dbe8-44bd-919c-c5b59c546d4c@group-2EBEB1ED5A51-SegmentedRaftLogWorker: created new log segment /home/runner/work/ozone/ozone/hadoop-ozone/integration-test/target/test-dir/MiniOzoneClusterImpl-9ddee5dd-a9b0-4f84-bf8c-5f63b859aaaf/datanode-5/data/ratis/55176d7b-9d1c-4966-b863-2ebeb1ed5a51/current/log_inprogress_0
2023-01-24 12:23:04,450 [8d5822ee-b1dd-46af-beb1-0638b7fa15fc-server-thread3] INFO  server.RaftServer$Division (ServerState.java:setRaftConf(430)) - 8d5822ee-b1dd-46af-beb1-0638b7fa15fc@group-2EBEB1ED5A51: set configuration 0: peers:[4243b07b-dbe8-44bd-919c-c5b59c546d4c|rpc:10.1.1.14:38729|dataStream:10.1.1.14:33721|priority:0|startupRole:FOLLOWER, 3f0205b3-740b-4219-bfdb-76da739fef9e|rpc:10.1.1.14:39411|dataStream:10.1.1.14:35799|priority:1|startupRole:FOLLOWER, 8d5822ee-b1dd-46af-beb1-0638b7fa15fc|rpc:10.1.1.14:38873|dataStream:10.1.1.14:42631|priority:0|startupRole:FOLLOWER]|listeners:[], old=null
2023-01-24 12:23:04,450 [8d5822ee-b1dd-46af-beb1-0638b7fa15fc-server-thread3] INFO  segmented.SegmentedRaftLogWorker (SegmentedRaftLogWorker.java:startLogSegment(452)) - 8d5822ee-b1dd-46af-beb1-0638b7fa15fc@group-2EBEB1ED5A51-SegmentedRaftLogWorker: Starting segment from index:0
2023-01-24 12:23:04,451 [8d5822ee-b1dd-46af-beb1-0638b7fa15fc@group-2EBEB1ED5A51-SegmentedRaftLogWorker] INFO  segmented.SegmentedRaftLogWorker (SegmentedRaftLogWorker.java:execute(656)) - 8d5822ee-b1dd-46af-beb1-0638b7fa15fc@group-2EBEB1ED5A51-SegmentedRaftLogWorker: created new log segment /home/runner/work/ozone/ozone/hadoop-ozone/integration-test/target/test-dir/MiniOzoneClusterImpl-9ddee5dd-a9b0-4f84-bf8c-5f63b859aaaf/datanode-4/data/ratis/55176d7b-9d1c-4966-b863-2ebeb1ed5a51/current/log_inprogress_0
2023-01-24 12:23:04,556 [3f0205b3-740b-4219-bfdb-76da739fef9e@group-A2C53E516D65-FollowerState] INFO  impl.FollowerState (FollowerState.java:run(143)) - 3f0205b3-740b-4219-bfdb-76da739fef9e@group-A2C53E516D65-FollowerState: change to CANDIDATE, lastRpcElapsedTime:5155291219ns, electionTimeout:5154ms
2023-01-24 12:23:04,556 [3f0205b3-740b-4219-bfdb-76da739fef9e@group-A2C53E516D65-FollowerState] INFO  impl.RoleInfo (RoleInfo.java:shutdownFollowerState(110)) - 3f0205b3-740b-4219-bfdb-76da739fef9e: shutdown 3f0205b3-740b-4219-bfdb-76da739fef9e@group-A2C53E516D65-FollowerState
2023-01-24 12:23:04,556 [3f0205b3-740b-4219-bfdb-76da739fef9e@group-A2C53E516D65-FollowerState] INFO  server.RaftServer$Division (RaftServerImpl.java:setRole(321)) - 3f0205b3-740b-4219-bfdb-76da739fef9e@group-A2C53E516D65: changes role from  FOLLOWER to CANDIDATE at term 1 for changeToCandidate
2023-01-24 12:23:04,556 [3f0205b3-740b-4219-bfdb-76da739fef9e@group-A2C53E516D65-FollowerState] INFO  server.RaftServerConfigKeys (ConfUtils.java:logGet(46)) - raft.server.leaderelection.pre-vote = false (custom)
2023-01-24 12:23:04,556 [3f0205b3-740b-4219-bfdb-76da739fef9e@group-A2C53E516D65-FollowerState] INFO  impl.RoleInfo (RoleInfo.java:updateAndGet(139)) - 3f0205b3-740b-4219-bfdb-76da739fef9e: start 3f0205b3-740b-4219-bfdb-76da739fef9e@group-A2C53E516D65-LeaderElection22
2023-01-24 12:23:04,558 [4243b07b-dbe8-44bd-919c-c5b59c546d4c@group-A2C53E516D65-FollowerState] INFO  impl.FollowerState (FollowerState.java:run(143)) - 4243b07b-dbe8-44bd-919c-c5b59c546d4c@group-A2C53E516D65-FollowerState: change to CANDIDATE, lastRpcElapsedTime:5163649519ns, electionTimeout:5163ms
2023-01-24 12:23:04,558 [4243b07b-dbe8-44bd-919c-c5b59c546d4c@group-A2C53E516D65-FollowerState] INFO  impl.RoleInfo (RoleInfo.java:shutdownFollowerState(110)) - 4243b07b-dbe8-44bd-919c-c5b59c546d4c: shutdown 4243b07b-dbe8-44bd-919c-c5b59c546d4c@group-A2C53E516D65-FollowerState
2023-01-24 12:23:04,559 [4243b07b-dbe8-44bd-919c-c5b59c546d4c@group-A2C53E516D65-FollowerState] INFO  server.RaftServer$Division (RaftServerImpl.java:setRole(321)) - 4243b07b-dbe8-44bd-919c-c5b59c546d4c@group-A2C53E516D65: changes role from  FOLLOWER to CANDIDATE at term 1 for changeToCandidate
2023-01-24 12:23:04,560 [4243b07b-dbe8-44bd-919c-c5b59c546d4c@group-A2C53E516D65-FollowerState] INFO  server.RaftServerConfigKeys (ConfUtils.java:logGet(46)) - raft.server.leaderelection.pre-vote = false (custom)
2023-01-24 12:23:04,560 [4243b07b-dbe8-44bd-919c-c5b59c546d4c@group-A2C53E516D65-FollowerState] INFO  impl.RoleInfo (RoleInfo.java:updateAndGet(139)) - 4243b07b-dbe8-44bd-919c-c5b59c546d4c: start 4243b07b-dbe8-44bd-919c-c5b59c546d4c@group-A2C53E516D65-LeaderElection23
2023-01-24 12:23:04,561 [3f0205b3-740b-4219-bfdb-76da739fef9e@group-A2C53E516D65-LeaderElection22] INFO  impl.LeaderElection (LeaderElection.java:askForVotes(312)) - 3f0205b3-740b-4219-bfdb-76da739fef9e@group-A2C53E516D65-LeaderElection22 ELECTION round 0: submit vote requests at term 2 for -1: peers:[4243b07b-dbe8-44bd-919c-c5b59c546d4c|rpc:10.1.1.14:38729|dataStream:10.1.1.14:33721|priority:0|startupRole:FOLLOWER, 8d5822ee-b1dd-46af-beb1-0638b7fa15fc|rpc:10.1.1.14:38873|dataStream:10.1.1.14:42631|priority:1|startupRole:FOLLOWER, 3f0205b3-740b-4219-bfdb-76da739fef9e|rpc:10.1.1.14:39411|dataStream:10.1.1.14:35799|priority:0|startupRole:FOLLOWER]|listeners:[], old=null
2023-01-24 12:23:04,574 [4243b07b-dbe8-44bd-919c-c5b59c546d4c@group-A2C53E516D65-LeaderElection23] INFO  impl.LeaderElection (LeaderElection.java:askForVotes(312)) - 4243b07b-dbe8-44bd-919c-c5b59c546d4c@group-A2C53E516D65-LeaderElection23 ELECTION round 0: submit vote requests at term 2 for -1: peers:[4243b07b-dbe8-44bd-919c-c5b59c546d4c|rpc:10.1.1.14:38729|dataStream:10.1.1.14:33721|priority:0|startupRole:FOLLOWER, 8d5822ee-b1dd-46af-beb1-0638b7fa15fc|rpc:10.1.1.14:38873|dataStream:10.1.1.14:42631|priority:1|startupRole:FOLLOWER, 3f0205b3-740b-4219-bfdb-76da739fef9e|rpc:10.1.1.14:39411|dataStream:10.1.1.14:35799|priority:0|startupRole:FOLLOWER]|listeners:[], old=null
2023-01-24 12:23:04,574 [4243b07b-dbe8-44bd-919c-c5b59c546d4c@group-A2C53E516D65-LeaderElection23-1] INFO  server.GrpcServerProtocolClient (GrpcServerProtocolClient.java:<init>(63)) - Build channel for 8d5822ee-b1dd-46af-beb1-0638b7fa15fc
2023-01-24 12:23:04,578 [4243b07b-dbe8-44bd-919c-c5b59c546d4c@group-A2C53E516D65-LeaderElection23] INFO  server.RaftServerConfigKeys (ConfUtils.java:logFallback(53)) - raft.server.rpc.first-election.timeout.min = 5s (fallback to raft.server.rpc.timeout.min)
2023-01-24 12:23:04,578 [4243b07b-dbe8-44bd-919c-c5b59c546d4c@group-A2C53E516D65-LeaderElection23] INFO  server.RaftServerConfigKeys (ConfUtils.java:logFallback(53)) - raft.server.rpc.first-election.timeout.max = 5200ms (fallback to raft.server.rpc.timeout.max)
2023-01-24 12:23:04,582 [grpc-default-executor-4] INFO  server.RaftServer$Division (RaftServerImpl.java:requestVote(1218)) - 8d5822ee-b1dd-46af-beb1-0638b7fa15fc@group-A2C53E516D65: receive requestVote(ELECTION, 4243b07b-dbe8-44bd-919c-c5b59c546d4c, group-A2C53E516D65, 2, (t:0, i:0))
2023-01-24 12:23:04,583 [grpc-default-executor-4] INFO  impl.VoteContext (VoteContext.java:log(49)) - 8d5822ee-b1dd-46af-beb1-0638b7fa15fc@group-A2C53E516D65-FOLLOWER: reject ELECTION from 4243b07b-dbe8-44bd-919c-c5b59c546d4c: our priority 1 > candidate's priority 0
2023-01-24 12:23:04,583 [grpc-default-executor-4] INFO  server.RaftServer$Division (RaftServerImpl.java:setRole(321)) - 8d5822ee-b1dd-46af-beb1-0638b7fa15fc@group-A2C53E516D65: changes role from  FOLLOWER to FOLLOWER at term 2 for candidate:4243b07b-dbe8-44bd-919c-c5b59c546d4c
2023-01-24 12:23:04,583 [grpc-default-executor-4] INFO  impl.RoleInfo (RoleInfo.java:shutdownFollowerState(110)) - 8d5822ee-b1dd-46af-beb1-0638b7fa15fc: shutdown 8d5822ee-b1dd-46af-beb1-0638b7fa15fc@group-A2C53E516D65-FollowerState
2023-01-24 12:23:04,583 [grpc-default-executor-4] INFO  impl.RoleInfo (RoleInfo.java:updateAndGet(139)) - 8d5822ee-b1dd-46af-beb1-0638b7fa15fc: start 8d5822ee-b1dd-46af-beb1-0638b7fa15fc@group-A2C53E516D65-FollowerState
2023-01-24 12:23:04,583 [8d5822ee-b1dd-46af-beb1-0638b7fa15fc@group-A2C53E516D65-FollowerState] INFO  impl.FollowerState (FollowerState.java:run(152)) - 8d5822ee-b1dd-46af-beb1-0638b7fa15fc@group-A2C53E516D65-FollowerState was interrupted
2023-01-24 12:23:04,585 [grpc-default-executor-3] INFO  server.RaftServer$Division (RaftServerImpl.java:requestVote(1218)) - 4243b07b-dbe8-44bd-919c-c5b59c546d4c@group-A2C53E516D65: receive requestVote(ELECTION, 3f0205b3-740b-4219-bfdb-76da739fef9e, group-A2C53E516D65, 2, (t:0, i:0))
2023-01-24 12:23:04,585 [grpc-default-executor-3] INFO  impl.VoteContext (VoteContext.java:log(49)) - 4243b07b-dbe8-44bd-919c-c5b59c546d4c@group-A2C53E516D65-CANDIDATE: reject ELECTION from 3f0205b3-740b-4219-bfdb-76da739fef9e: already has voted for 4243b07b-dbe8-44bd-919c-c5b59c546d4c at current term 2
2023-01-24 12:23:04,585 [grpc-default-executor-3] INFO  server.RaftServer$Division (RaftServerImpl.java:requestVote(1251)) - 4243b07b-dbe8-44bd-919c-c5b59c546d4c@group-A2C53E516D65 replies to ELECTION vote request: 3f0205b3-740b-4219-bfdb-76da739fef9e<-4243b07b-dbe8-44bd-919c-c5b59c546d4c#0:FAIL-t2. Peer's state: 4243b07b-dbe8-44bd-919c-c5b59c546d4c@group-A2C53E516D65:t2, leader=null, voted=4243b07b-dbe8-44bd-919c-c5b59c546d4c, raftlog=Memoized:4243b07b-dbe8-44bd-919c-c5b59c546d4c@group-A2C53E516D65-SegmentedRaftLog:OPENED:c-1, conf=-1: peers:[4243b07b-dbe8-44bd-919c-c5b59c546d4c|rpc:10.1.1.14:38729|dataStream:10.1.1.14:33721|priority:0|startupRole:FOLLOWER, 8d5822ee-b1dd-46af-beb1-0638b7fa15fc|rpc:10.1.1.14:38873|dataStream:10.1.1.14:42631|priority:1|startupRole:FOLLOWER, 3f0205b3-740b-4219-bfdb-76da739fef9e|rpc:10.1.1.14:39411|dataStream:10.1.1.14:35799|priority:0|startupRole:FOLLOWER]|listeners:[], old=null
2023-01-24 12:23:04,587 [4243b07b-dbe8-44bd-919c-c5b59c546d4c@group-A2C53E516D65-LeaderElection23-2] INFO  server.GrpcServerProtocolClient (GrpcServerProtocolClient.java:<init>(63)) - Build channel for 3f0205b3-740b-4219-bfdb-76da739fef9e
2023-01-24 12:23:04,589 [8d5822ee-b1dd-46af-beb1-0638b7fa15fc@group-A2C53E516D65-FollowerState] INFO  server.RaftServerConfigKeys (ConfUtils.java:logFallback(53)) - raft.server.rpc.first-election.timeout.min = 5s (fallback to raft.server.rpc.timeout.min)
2023-01-24 12:23:04,589 [8d5822ee-b1dd-46af-beb1-0638b7fa15fc@group-A2C53E516D65-FollowerState] INFO  server.RaftServerConfigKeys (ConfUtils.java:logFallback(53)) - raft.server.rpc.first-election.timeout.max = 5200ms (fallback to raft.server.rpc.timeout.max)
2023-01-24 12:23:04,590 [grpc-default-executor-4] INFO  server.RaftServer$Division (RaftServerImpl.java:requestVote(1251)) - 8d5822ee-b1dd-46af-beb1-0638b7fa15fc@group-A2C53E516D65 replies to ELECTION vote request: 4243b07b-dbe8-44bd-919c-c5b59c546d4c<-8d5822ee-b1dd-46af-beb1-0638b7fa15fc#0:FAIL-t2. Peer's state: 8d5822ee-b1dd-46af-beb1-0638b7fa15fc@group-A2C53E516D65:t2, leader=null, voted=null, raftlog=Memoized:8d5822ee-b1dd-46af-beb1-0638b7fa15fc@group-A2C53E516D65-SegmentedRaftLog:OPENED:c-1, conf=-1: peers:[4243b07b-dbe8-44bd-919c-c5b59c546d4c|rpc:10.1.1.14:38729|dataStream:10.1.1.14:33721|priority:0|startupRole:FOLLOWER, 8d5822ee-b1dd-46af-beb1-0638b7fa15fc|rpc:10.1.1.14:38873|dataStream:10.1.1.14:42631|priority:1|startupRole:FOLLOWER, 3f0205b3-740b-4219-bfdb-76da739fef9e|rpc:10.1.1.14:39411|dataStream:10.1.1.14:35799|priority:0|startupRole:FOLLOWER]|listeners:[], old=null
2023-01-24 12:23:04,596 [grpc-default-executor-4] INFO  server.RaftServer$Division (RaftServerImpl.java:requestVote(1218)) - 3f0205b3-740b-4219-bfdb-76da739fef9e@group-A2C53E516D65: receive requestVote(ELECTION, 4243b07b-dbe8-44bd-919c-c5b59c546d4c, group-A2C53E516D65, 2, (t:0, i:0))
2023-01-24 12:23:04,596 [grpc-default-executor-4] INFO  impl.VoteContext (VoteContext.java:log(49)) - 3f0205b3-740b-4219-bfdb-76da739fef9e@group-A2C53E516D65-CANDIDATE: reject ELECTION from 4243b07b-dbe8-44bd-919c-c5b59c546d4c: already has voted for 3f0205b3-740b-4219-bfdb-76da739fef9e at current term 2
2023-01-24 12:23:04,596 [grpc-default-executor-4] INFO  server.RaftServer$Division (RaftServerImpl.java:requestVote(1251)) - 3f0205b3-740b-4219-bfdb-76da739fef9e@group-A2C53E516D65 replies to ELECTION vote request: 4243b07b-dbe8-44bd-919c-c5b59c546d4c<-3f0205b3-740b-4219-bfdb-76da739fef9e#0:FAIL-t2. Peer's state: 3f0205b3-740b-4219-bfdb-76da739fef9e@group-A2C53E516D65:t2, leader=null, voted=3f0205b3-740b-4219-bfdb-76da739fef9e, raftlog=Memoized:3f0205b3-740b-4219-bfdb-76da739fef9e@group-A2C53E516D65-SegmentedRaftLog:OPENED:c-1, conf=-1: peers:[4243b07b-dbe8-44bd-919c-c5b59c546d4c|rpc:10.1.1.14:38729|dataStream:10.1.1.14:33721|priority:0|startupRole:FOLLOWER, 8d5822ee-b1dd-46af-beb1-0638b7fa15fc|rpc:10.1.1.14:38873|dataStream:10.1.1.14:42631|priority:1|startupRole:FOLLOWER, 3f0205b3-740b-4219-bfdb-76da739fef9e|rpc:10.1.1.14:39411|dataStream:10.1.1.14:35799|priority:0|startupRole:FOLLOWER]|listeners:[], old=null
2023-01-24 12:23:04,599 [3f0205b3-740b-4219-bfdb-76da739fef9e@group-A2C53E516D65-LeaderElection22] INFO  server.RaftServerConfigKeys (ConfUtils.java:logFallback(53)) - raft.server.rpc.first-election.timeout.min = 5s (fallback to raft.server.rpc.timeout.min)
2023-01-24 12:23:04,599 [3f0205b3-740b-4219-bfdb-76da739fef9e@group-A2C53E516D65-LeaderElection22] INFO  server.RaftServerConfigKeys (ConfUtils.java:logFallback(53)) - raft.server.rpc.first-election.timeout.max = 5200ms (fallback to raft.server.rpc.timeout.max)
2023-01-24 12:23:04,614 [grpc-default-executor-4] INFO  server.RaftServer$Division (RaftServerImpl.java:requestVote(1218)) - 8d5822ee-b1dd-46af-beb1-0638b7fa15fc@group-A2C53E516D65: receive requestVote(ELECTION, 3f0205b3-740b-4219-bfdb-76da739fef9e, group-A2C53E516D65, 2, (t:0, i:0))
2023-01-24 12:23:04,614 [grpc-default-executor-4] INFO  impl.VoteContext (VoteContext.java:log(49)) - 8d5822ee-b1dd-46af-beb1-0638b7fa15fc@group-A2C53E516D65-FOLLOWER: reject ELECTION from 3f0205b3-740b-4219-bfdb-76da739fef9e: our priority 1 > candidate's priority 0
2023-01-24 12:23:04,614 [grpc-default-executor-4] INFO  server.RaftServer$Division (RaftServerImpl.java:setRole(321)) - 8d5822ee-b1dd-46af-beb1-0638b7fa15fc@group-A2C53E516D65: changes role from  FOLLOWER to FOLLOWER at term 2 for candidate:3f0205b3-740b-4219-bfdb-76da739fef9e
2023-01-24 12:23:04,614 [grpc-default-executor-4] INFO  impl.RoleInfo (RoleInfo.java:shutdownFollowerState(110)) - 8d5822ee-b1dd-46af-beb1-0638b7fa15fc: shutdown 8d5822ee-b1dd-46af-beb1-0638b7fa15fc@group-A2C53E516D65-FollowerState
2023-01-24 12:23:04,614 [grpc-default-executor-4] INFO  impl.RoleInfo (RoleInfo.java:updateAndGet(139)) - 8d5822ee-b1dd-46af-beb1-0638b7fa15fc: start 8d5822ee-b1dd-46af-beb1-0638b7fa15fc@group-A2C53E516D65-FollowerState
2023-01-24 12:23:04,614 [8d5822ee-b1dd-46af-beb1-0638b7fa15fc@group-A2C53E516D65-FollowerState] INFO  impl.FollowerState (FollowerState.java:run(152)) - 8d5822ee-b1dd-46af-beb1-0638b7fa15fc@group-A2C53E516D65-FollowerState was interrupted
2023-01-24 12:23:04,620 [grpc-default-executor-4] INFO  server.RaftServer$Division (RaftServerImpl.java:requestVote(1251)) - 8d5822ee-b1dd-46af-beb1-0638b7fa15fc@group-A2C53E516D65 replies to ELECTION vote request: 3f0205b3-740b-4219-bfdb-76da739fef9e<-8d5822ee-b1dd-46af-beb1-0638b7fa15fc#0:FAIL-t2. Peer's state: 8d5822ee-b1dd-46af-beb1-0638b7fa15fc@group-A2C53E516D65:t2, leader=null, voted=null, raftlog=Memoized:8d5822ee-b1dd-46af-beb1-0638b7fa15fc@group-A2C53E516D65-SegmentedRaftLog:OPENED:c-1, conf=-1: peers:[4243b07b-dbe8-44bd-919c-c5b59c546d4c|rpc:10.1.1.14:38729|dataStream:10.1.1.14:33721|priority:0|startupRole:FOLLOWER, 8d5822ee-b1dd-46af-beb1-0638b7fa15fc|rpc:10.1.1.14:38873|dataStream:10.1.1.14:42631|priority:1|startupRole:FOLLOWER, 3f0205b3-740b-4219-bfdb-76da739fef9e|rpc:10.1.1.14:39411|dataStream:10.1.1.14:35799|priority:0|startupRole:FOLLOWER]|listeners:[], old=null
2023-01-24 12:23:04,622 [4243b07b-dbe8-44bd-919c-c5b59c546d4c@group-A2C53E516D65-LeaderElection23] INFO  impl.LeaderElection (LeaderElection.java:logAndReturn(90)) - 4243b07b-dbe8-44bd-919c-c5b59c546d4c@group-A2C53E516D65-LeaderElection23: ELECTION REJECTED received 2 response(s) and 0 exception(s):
2023-01-24 12:23:04,622 [4243b07b-dbe8-44bd-919c-c5b59c546d4c@group-A2C53E516D65-LeaderElection23] INFO  impl.LeaderElection (LeaderElection.java:logAndReturn(94)) -   Response 0: 4243b07b-dbe8-44bd-919c-c5b59c546d4c<-3f0205b3-740b-4219-bfdb-76da739fef9e#0:FAIL-t2
2023-01-24 12:23:04,622 [4243b07b-dbe8-44bd-919c-c5b59c546d4c@group-A2C53E516D65-LeaderElection23] INFO  impl.LeaderElection (LeaderElection.java:logAndReturn(94)) -   Response 1: 4243b07b-dbe8-44bd-919c-c5b59c546d4c<-8d5822ee-b1dd-46af-beb1-0638b7fa15fc#0:FAIL-t2
2023-01-24 12:23:04,622 [4243b07b-dbe8-44bd-919c-c5b59c546d4c@group-A2C53E516D65-LeaderElection23] INFO  impl.LeaderElection (LeaderElection.java:askForVotes(314)) - 4243b07b-dbe8-44bd-919c-c5b59c546d4c@group-A2C53E516D65-LeaderElection23 ELECTION round 0: result REJECTED
2023-01-24 12:23:04,622 [4243b07b-dbe8-44bd-919c-c5b59c546d4c@group-A2C53E516D65-LeaderElection23] INFO  server.RaftServer$Division (RaftServerImpl.java:setRole(321)) - 4243b07b-dbe8-44bd-919c-c5b59c546d4c@group-A2C53E516D65: changes role from CANDIDATE to FOLLOWER at term 2 for REJECTED
2023-01-24 12:23:04,622 [4243b07b-dbe8-44bd-919c-c5b59c546d4c@group-A2C53E516D65-LeaderElection23] INFO  impl.RoleInfo (RoleInfo.java:shutdownLeaderElection(130)) - 4243b07b-dbe8-44bd-919c-c5b59c546d4c: shutdown 4243b07b-dbe8-44bd-919c-c5b59c546d4c@group-A2C53E516D65-LeaderElection23
2023-01-24 12:23:04,622 [4243b07b-dbe8-44bd-919c-c5b59c546d4c@group-A2C53E516D65-LeaderElection23] INFO  impl.RoleInfo (RoleInfo.java:updateAndGet(139)) - 4243b07b-dbe8-44bd-919c-c5b59c546d4c: start 4243b07b-dbe8-44bd-919c-c5b59c546d4c@group-A2C53E516D65-FollowerState
2023-01-24 12:23:04,623 [4243b07b-dbe8-44bd-919c-c5b59c546d4c@group-A2C53E516D65-FollowerState] INFO  server.RaftServerConfigKeys (ConfUtils.java:logFallback(53)) - raft.server.rpc.first-election.timeout.min = 5s (fallback to raft.server.rpc.timeout.min)
2023-01-24 12:23:04,623 [4243b07b-dbe8-44bd-919c-c5b59c546d4c@group-A2C53E516D65-FollowerState] INFO  server.RaftServerConfigKeys (ConfUtils.java:logFallback(53)) - raft.server.rpc.first-election.timeout.max = 5200ms (fallback to raft.server.rpc.timeout.max)
2023-01-24 12:23:04,623 [8d5822ee-b1dd-46af-beb1-0638b7fa15fc@group-A2C53E516D65-FollowerState] INFO  server.RaftServerConfigKeys (ConfUtils.java:logFallback(53)) - raft.server.rpc.first-election.timeout.min = 5s (fallback to raft.server.rpc.timeout.min)
2023-01-24 12:23:04,623 [8d5822ee-b1dd-46af-beb1-0638b7fa15fc@group-A2C53E516D65-FollowerState] INFO  server.RaftServerConfigKeys (ConfUtils.java:logFallback(53)) - raft.server.rpc.first-election.timeout.max = 5200ms (fallback to raft.server.rpc.timeout.max)
2023-01-24 12:23:04,624 [3f0205b3-740b-4219-bfdb-76da739fef9e@group-A2C53E516D65-LeaderElection22] INFO  impl.LeaderElection (LeaderElection.java:logAndReturn(90)) - 3f0205b3-740b-4219-bfdb-76da739fef9e@group-A2C53E516D65-LeaderElection22: ELECTION REJECTED received 2 response(s) and 0 exception(s):
2023-01-24 12:23:04,624 [3f0205b3-740b-4219-bfdb-76da739fef9e@group-A2C53E516D65-LeaderElection22] INFO  impl.LeaderElection (LeaderElection.java:logAndReturn(94)) -   Response 0: 3f0205b3-740b-4219-bfdb-76da739fef9e<-4243b07b-dbe8-44bd-919c-c5b59c546d4c#0:FAIL-t2
2023-01-24 12:23:04,624 [3f0205b3-740b-4219-bfdb-76da739fef9e@group-A2C53E516D65-LeaderElection22] INFO  impl.LeaderElection (LeaderElection.java:logAndReturn(94)) -   Response 1: 3f0205b3-740b-4219-bfdb-76da739fef9e<-8d5822ee-b1dd-46af-beb1-0638b7fa15fc#0:FAIL-t2
2023-01-24 12:23:04,624 [3f0205b3-740b-4219-bfdb-76da739fef9e@group-A2C53E516D65-LeaderElection22] INFO  impl.LeaderElection (LeaderElection.java:askForVotes(314)) - 3f0205b3-740b-4219-bfdb-76da739fef9e@group-A2C53E516D65-LeaderElection22 ELECTION round 0: result REJECTED
2023-01-24 12:23:04,624 [3f0205b3-740b-4219-bfdb-76da739fef9e@group-A2C53E516D65-LeaderElection22] INFO  server.RaftServer$Division (RaftServerImpl.java:setRole(321)) - 3f0205b3-740b-4219-bfdb-76da739fef9e@group-A2C53E516D65: changes role from CANDIDATE to FOLLOWER at term 2 for REJECTED
2023-01-24 12:23:04,624 [3f0205b3-740b-4219-bfdb-76da739fef9e@group-A2C53E516D65-LeaderElection22] INFO  impl.RoleInfo (RoleInfo.java:shutdownLeaderElection(130)) - 3f0205b3-740b-4219-bfdb-76da739fef9e: shutdown 3f0205b3-740b-4219-bfdb-76da739fef9e@group-A2C53E516D65-LeaderElection22
2023-01-24 12:23:04,624 [3f0205b3-740b-4219-bfdb-76da739fef9e@group-A2C53E516D65-LeaderElection22] INFO  impl.RoleInfo (RoleInfo.java:updateAndGet(139)) - 3f0205b3-740b-4219-bfdb-76da739fef9e: start 3f0205b3-740b-4219-bfdb-76da739fef9e@group-A2C53E516D65-FollowerState
2023-01-24 12:23:04,628 [Listener at 127.0.0.1/46625] INFO  volume.HddsVolume (HddsVolume.java:closeDbStore(338)) - SchemaV3 db is stopped at /home/runner/work/ozone/ozone/hadoop-ozone/integration-test/target/test-dir/MiniOzoneClusterImpl-9ddee5dd-a9b0-4f84-bf8c-5f63b859aaaf/datanode-8/data-0/containers/hdds/9ddee5dd-a9b0-4f84-bf8c-5f63b859aaaf/DS-cf08273f-31af-4d4f-a7a9-ad94a2c2f573/container.db for volume DS-cf08273f-31af-4d4f-a7a9-ad94a2c2f573
2023-01-24 12:23:04,629 [Listener at 127.0.0.1/46625] INFO  utils.BackgroundService (BackgroundService.java:shutdown(141)) - Shutting down service BlockDeletingService
2023-01-24 12:23:04,629 [Listener at 127.0.0.1/46625] INFO  utils.BackgroundService (BackgroundService.java:shutdown(141)) - Shutting down service StaleRecoveringContainerScrubbingService
2023-01-24 12:23:04,635 [3f0205b3-740b-4219-bfdb-76da739fef9e@group-A2C53E516D65-FollowerState] INFO  server.RaftServerConfigKeys (ConfUtils.java:logFallback(53)) - raft.server.rpc.first-election.timeout.min = 5s (fallback to raft.server.rpc.timeout.min)
2023-01-24 12:23:04,635 [3f0205b3-740b-4219-bfdb-76da739fef9e@group-A2C53E516D65-FollowerState] INFO  server.RaftServerConfigKeys (ConfUtils.java:logFallback(53)) - raft.server.rpc.first-election.timeout.max = 5200ms (fallback to raft.server.rpc.timeout.max)
2023-01-24 12:23:04,639 [Listener at 127.0.0.1/46625] INFO  statemachine.DatanodeStateMachine (DatanodeStateMachine.java:stopDaemon(607)) - Ozone container server stopped.
2023-01-24 12:23:04,647 [Listener at 127.0.0.1/46625] INFO  handler.ContextHandler (ContextHandler.java:doStop(1159)) - Stopped o.e.j.w.WebAppContext@304542ec{hddsDatanode,/,null,STOPPED}{jar:file:/home/runner/.m2/repository/org/apache/ozone/hdds-container-service/1.4.0-SNAPSHOT/hdds-container-service-1.4.0-SNAPSHOT.jar!/webapps/hddsDatanode}
2023-01-24 12:23:04,651 [Listener at 127.0.0.1/46625] INFO  server.AbstractConnector (AbstractConnector.java:doStop(383)) - Stopped ServerConnector@1b1a077d{HTTP/1.1, (http/1.1)}{0.0.0.0:0}
2023-01-24 12:23:04,651 [Listener at 127.0.0.1/46625] INFO  server.session (HouseKeeper.java:stopScavenging(149)) - node0 Stopped scavenging
2023-01-24 12:23:04,651 [Listener at 127.0.0.1/46625] INFO  handler.ContextHandler (ContextHandler.java:doStop(1159)) - Stopped o.e.j.s.ServletContextHandler@70a1e4f7{static,/static,jar:file:/home/runner/.m2/repository/org/apache/ozone/hdds-container-service/1.4.0-SNAPSHOT/hdds-container-service-1.4.0-SNAPSHOT.jar!/webapps/static,STOPPED}
2023-01-24 12:23:04,652 [Listener at 127.0.0.1/46625] INFO  handler.ContextHandler (ContextHandler.java:doStop(1159)) - Stopped o.e.j.s.ServletContextHandler@317fe2c1{logs,/logs,file:///home/runner/work/ozone/ozone/hadoop-ozone/integration-test/target/log,STOPPED}
2023-01-24 12:23:05,279 [EventQueue-StaleNodeForStaleNodeHandler] INFO  node.StaleNodeHandler (StaleNodeHandler.java:onMessage(59)) - Datanode f9d7edb3-f6c7-431a-8d5c-722e1f28718f(fv-az83-645.uavyq1izdhte5b0ne1us2eqzhb.jx.internal.cloudapp.net/10.1.1.14) moved to stale state. Finalizing its pipelines [PipelineID=ae994922-4bf4-49bf-b7bd-8fe3e29f9302, PipelineID=4e9b4ca6-2750-4340-866c-29e5dc6a4afd, PipelineID=59eac693-4c1f-4474-b9b2-062a915ea520, PipelineID=653c8973-c5e2-4e13-bfbb-67431dbc43d0]
2023-01-24 12:23:05,280 [EventQueue-StaleNodeForStaleNodeHandler] INFO  pipeline.PipelineManagerImpl (PipelineManagerImpl.java:closePipeline(442)) - Pipeline Pipeline[ Id: ae994922-4bf4-49bf-b7bd-8fe3e29f9302, Nodes: f9d7edb3-f6c7-431a-8d5c-722e1f28718f(fv-az83-645.uavyq1izdhte5b0ne1us2eqzhb.jx.internal.cloudapp.net/10.1.1.14), ReplicationConfig: RATIS/ONE, State:OPEN, leaderId:f9d7edb3-f6c7-431a-8d5c-722e1f28718f, CreationTimestamp2023-01-24T12:22:52.902Z[Etc/UTC]] moved to CLOSED state
2023-01-24 12:23:05,283 [EventQueue-StaleNodeForStaleNodeHandler] INFO  pipeline.PipelineManagerImpl (PipelineManagerImpl.java:closeContainersForPipeline(421)) - Container #1 closed for pipeline=PipelineID=4e9b4ca6-2750-4340-866c-29e5dc6a4afd
2023-01-24 12:23:05,283 [EventQueue-StaleNodeForStaleNodeHandler] INFO  pipeline.PipelineManagerImpl (PipelineManagerImpl.java:closePipeline(442)) - Pipeline Pipeline[ Id: 4e9b4ca6-2750-4340-866c-29e5dc6a4afd, Nodes: f9d7edb3-f6c7-431a-8d5c-722e1f28718f(fv-az83-645.uavyq1izdhte5b0ne1us2eqzhb.jx.internal.cloudapp.net/10.1.1.14)4243b07b-dbe8-44bd-919c-c5b59c546d4c(fv-az83-645.uavyq1izdhte5b0ne1us2eqzhb.jx.internal.cloudapp.net/10.1.1.14)a73b56cb-3195-4d6d-be40-ac518f1256a6(fv-az83-645.uavyq1izdhte5b0ne1us2eqzhb.jx.internal.cloudapp.net/10.1.1.14)8d5822ee-b1dd-46af-beb1-0638b7fa15fc(fv-az83-645.uavyq1izdhte5b0ne1us2eqzhb.jx.internal.cloudapp.net/10.1.1.14)93701946-f5e3-4943-a932-e133db5deae9(fv-az83-645.uavyq1izdhte5b0ne1us2eqzhb.jx.internal.cloudapp.net/10.1.1.14), ReplicationConfig: EC/ECReplicationConfig{data=3, parity=2, ecChunkSize=1024, codec=rs}, State:OPEN, leaderId:, CreationTimestamp2023-01-24T12:23:01.793Z[Etc/UTC]] moved to CLOSED state
2023-01-24 12:23:05,284 [EventQueue-StaleNodeForStaleNodeHandler] INFO  pipeline.PipelineManagerImpl (PipelineManagerImpl.java:closePipeline(442)) - Pipeline Pipeline[ Id: 59eac693-4c1f-4474-b9b2-062a915ea520, Nodes: fb483a44-74cc-4237-a554-a68f3575ba39(fv-az83-645.uavyq1izdhte5b0ne1us2eqzhb.jx.internal.cloudapp.net/10.1.1.14)f9d7edb3-f6c7-431a-8d5c-722e1f28718f(fv-az83-645.uavyq1izdhte5b0ne1us2eqzhb.jx.internal.cloudapp.net/10.1.1.14)cf1032d2-0037-4a0c-94af-232c62b39d0f(fv-az83-645.uavyq1izdhte5b0ne1us2eqzhb.jx.internal.cloudapp.net/10.1.1.14), ReplicationConfig: RATIS/THREE, State:ALLOCATED, leaderId:, CreationTimestamp2023-01-24T12:22:52.905Z[Etc/UTC]] moved to CLOSED state
2023-01-24 12:23:05,284 [EventQueue-StaleNodeForStaleNodeHandler] INFO  pipeline.PipelineManagerImpl (PipelineManagerImpl.java:closePipeline(442)) - Pipeline Pipeline[ Id: 653c8973-c5e2-4e13-bfbb-67431dbc43d0, Nodes: fb483a44-74cc-4237-a554-a68f3575ba39(fv-az83-645.uavyq1izdhte5b0ne1us2eqzhb.jx.internal.cloudapp.net/10.1.1.14)cf1032d2-0037-4a0c-94af-232c62b39d0f(fv-az83-645.uavyq1izdhte5b0ne1us2eqzhb.jx.internal.cloudapp.net/10.1.1.14)f9d7edb3-f6c7-431a-8d5c-722e1f28718f(fv-az83-645.uavyq1izdhte5b0ne1us2eqzhb.jx.internal.cloudapp.net/10.1.1.14), ReplicationConfig: RATIS/THREE, State:OPEN, leaderId:fb483a44-74cc-4237-a554-a68f3575ba39, CreationTimestamp2023-01-24T12:22:52.904Z[Etc/UTC]] moved to CLOSED state
2023-01-24 12:23:05,285 [EventQueue-CloseContainerForCloseContainerEventHandler] INFO  container.CloseContainerEventHandler (CloseContainerEventHandler.java:onMessage(73)) - Close container Event triggered for container : #1, current state: CLOSING
2023-01-24 12:23:05,482 [grpc-default-executor-4] WARN  server.GrpcLogAppender (LogUtils.java:warn(122)) - fb483a44-74cc-4237-a554-a68f3575ba39@group-67431DBC43D0->f9d7edb3-f6c7-431a-8d5c-722e1f28718f-AppendLogResponseHandler: Failed appendEntries: org.apache.ratis.thirdparty.io.grpc.StatusRuntimeException: UNAVAILABLE: io exception
2023-01-24 12:23:05,482 [grpc-default-executor-3] WARN  server.GrpcLogAppender (LogUtils.java:warn(122)) - fb483a44-74cc-4237-a554-a68f3575ba39@group-67431DBC43D0->f9d7edb3-f6c7-431a-8d5c-722e1f28718f-AppendLogResponseHandler: Failed appendEntries: org.apache.ratis.thirdparty.io.grpc.StatusRuntimeException: UNAVAILABLE: io exception
2023-01-24 12:23:05,483 [grpc-default-executor-4] WARN  server.GrpcLogAppender (GrpcLogAppender.java:resetClient(131)) - fb483a44-74cc-4237-a554-a68f3575ba39@group-67431DBC43D0->f9d7edb3-f6c7-431a-8d5c-722e1f28718f-GrpcLogAppender: Leader has not got in touch with Follower fb483a44-74cc-4237-a554-a68f3575ba39@group-67431DBC43D0->f9d7edb3-f6c7-431a-8d5c-722e1f28718f(c0,m0,n1, attendVote=true, lastRpcSendTime=0, lastRpcResponseTime=5037) yet, just keep nextIndex unchanged and retry.
2023-01-24 12:23:05,483 [grpc-default-executor-3] WARN  server.GrpcLogAppender (GrpcLogAppender.java:resetClient(131)) - fb483a44-74cc-4237-a554-a68f3575ba39@group-67431DBC43D0->f9d7edb3-f6c7-431a-8d5c-722e1f28718f-GrpcLogAppender: Leader has not got in touch with Follower fb483a44-74cc-4237-a554-a68f3575ba39@group-67431DBC43D0->f9d7edb3-f6c7-431a-8d5c-722e1f28718f(c0,m0,n1, attendVote=true, lastRpcSendTime=0, lastRpcResponseTime=5037) yet, just keep nextIndex unchanged and retry.
2023-01-24 12:23:05,662 [fb483a44-74cc-4237-a554-a68f3575ba39@group-062A915EA520-FollowerState] INFO  impl.FollowerState (FollowerState.java:run(143)) - fb483a44-74cc-4237-a554-a68f3575ba39@group-062A915EA520-FollowerState: change to CANDIDATE, lastRpcElapsedTime:5162698520ns, electionTimeout:5156ms
2023-01-24 12:23:05,662 [fb483a44-74cc-4237-a554-a68f3575ba39@group-062A915EA520-FollowerState] INFO  impl.RoleInfo (RoleInfo.java:shutdownFollowerState(110)) - fb483a44-74cc-4237-a554-a68f3575ba39: shutdown fb483a44-74cc-4237-a554-a68f3575ba39@group-062A915EA520-FollowerState
2023-01-24 12:23:05,662 [fb483a44-74cc-4237-a554-a68f3575ba39@group-062A915EA520-FollowerState] INFO  server.RaftServer$Division (RaftServerImpl.java:setRole(321)) - fb483a44-74cc-4237-a554-a68f3575ba39@group-062A915EA520: changes role from  FOLLOWER to CANDIDATE at term 1 for changeToCandidate
2023-01-24 12:23:05,662 [fb483a44-74cc-4237-a554-a68f3575ba39@group-062A915EA520-FollowerState] INFO  server.RaftServerConfigKeys (ConfUtils.java:logGet(46)) - raft.server.leaderelection.pre-vote = false (custom)
2023-01-24 12:23:05,662 [fb483a44-74cc-4237-a554-a68f3575ba39@group-062A915EA520-FollowerState] INFO  impl.RoleInfo (RoleInfo.java:updateAndGet(139)) - fb483a44-74cc-4237-a554-a68f3575ba39: start fb483a44-74cc-4237-a554-a68f3575ba39@group-062A915EA520-LeaderElection24
2023-01-24 12:23:05,666 [cf1032d2-0037-4a0c-94af-232c62b39d0f@group-062A915EA520-FollowerState] INFO  impl.FollowerState (FollowerState.java:run(143)) - cf1032d2-0037-4a0c-94af-232c62b39d0f@group-062A915EA520-FollowerState: change to CANDIDATE, lastRpcElapsedTime:5175061120ns, electionTimeout:5167ms
2023-01-24 12:23:05,666 [cf1032d2-0037-4a0c-94af-232c62b39d0f@group-062A915EA520-FollowerState] INFO  impl.RoleInfo (RoleInfo.java:shutdownFollowerState(110)) - cf1032d2-0037-4a0c-94af-232c62b39d0f: shutdown cf1032d2-0037-4a0c-94af-232c62b39d0f@group-062A915EA520-FollowerState
2023-01-24 12:23:05,666 [cf1032d2-0037-4a0c-94af-232c62b39d0f@group-062A915EA520-FollowerState] INFO  server.RaftServer$Division (RaftServerImpl.java:setRole(321)) - cf1032d2-0037-4a0c-94af-232c62b39d0f@group-062A915EA520: changes role from  FOLLOWER to CANDIDATE at term 1 for changeToCandidate
2023-01-24 12:23:05,667 [cf1032d2-0037-4a0c-94af-232c62b39d0f@group-062A915EA520-FollowerState] INFO  server.RaftServerConfigKeys (ConfUtils.java:logGet(46)) - raft.server.leaderelection.pre-vote = false (custom)
2023-01-24 12:23:05,667 [cf1032d2-0037-4a0c-94af-232c62b39d0f@group-062A915EA520-FollowerState] INFO  impl.RoleInfo (RoleInfo.java:updateAndGet(139)) - cf1032d2-0037-4a0c-94af-232c62b39d0f: start cf1032d2-0037-4a0c-94af-232c62b39d0f@group-062A915EA520-LeaderElection25
2023-01-24 12:23:05,674 [fb483a44-74cc-4237-a554-a68f3575ba39@group-062A915EA520-LeaderElection24] INFO  impl.LeaderElection (LeaderElection.java:askForVotes(312)) - fb483a44-74cc-4237-a554-a68f3575ba39@group-062A915EA520-LeaderElection24 ELECTION round 0: submit vote requests at term 2 for -1: peers:[fb483a44-74cc-4237-a554-a68f3575ba39|rpc:10.1.1.14:43379|dataStream:10.1.1.14:37561|priority:0|startupRole:FOLLOWER, f9d7edb3-f6c7-431a-8d5c-722e1f28718f|rpc:10.1.1.14:43465|dataStream:10.1.1.14:46043|priority:0|startupRole:FOLLOWER, cf1032d2-0037-4a0c-94af-232c62b39d0f|rpc:10.1.1.14:45895|dataStream:10.1.1.14:39787|priority:1|startupRole:FOLLOWER]|listeners:[], old=null
2023-01-24 12:23:05,676 [cf1032d2-0037-4a0c-94af-232c62b39d0f@group-062A915EA520-LeaderElection25] INFO  impl.LeaderElection (LeaderElection.java:askForVotes(312)) - cf1032d2-0037-4a0c-94af-232c62b39d0f@group-062A915EA520-LeaderElection25 ELECTION round 0: submit vote requests at term 2 for -1: peers:[fb483a44-74cc-4237-a554-a68f3575ba39|rpc:10.1.1.14:43379|dataStream:10.1.1.14:37561|priority:0|startupRole:FOLLOWER, f9d7edb3-f6c7-431a-8d5c-722e1f28718f|rpc:10.1.1.14:43465|dataStream:10.1.1.14:46043|priority:0|startupRole:FOLLOWER, cf1032d2-0037-4a0c-94af-232c62b39d0f|rpc:10.1.1.14:45895|dataStream:10.1.1.14:39787|priority:1|startupRole:FOLLOWER]|listeners:[], old=null
2023-01-24 12:23:05,678 [fb483a44-74cc-4237-a554-a68f3575ba39@group-062A915EA520-LeaderElection24] INFO  server.RaftServerConfigKeys (ConfUtils.java:logFallback(53)) - raft.server.rpc.first-election.timeout.min = 5s (fallback to raft.server.rpc.timeout.min)
2023-01-24 12:23:05,678 [fb483a44-74cc-4237-a554-a68f3575ba39@group-062A915EA520-LeaderElection24] INFO  server.RaftServerConfigKeys (ConfUtils.java:logFallback(53)) - raft.server.rpc.first-election.timeout.max = 5200ms (fallback to raft.server.rpc.timeout.max)
2023-01-24 12:23:05,679 [cf1032d2-0037-4a0c-94af-232c62b39d0f@group-062A915EA520-LeaderElection25-1] INFO  server.GrpcServerProtocolClient (GrpcServerProtocolClient.java:<init>(63)) - Build channel for fb483a44-74cc-4237-a554-a68f3575ba39
2023-01-24 12:23:05,681 [grpc-default-executor-3] INFO  server.RaftServer$Division (RaftServerImpl.java:requestVote(1218)) - cf1032d2-0037-4a0c-94af-232c62b39d0f@group-062A915EA520: receive requestVote(ELECTION, fb483a44-74cc-4237-a554-a68f3575ba39, group-062A915EA520, 2, (t:0, i:0))
2023-01-24 12:23:05,681 [grpc-default-executor-3] INFO  impl.VoteContext (VoteContext.java:log(49)) - cf1032d2-0037-4a0c-94af-232c62b39d0f@group-062A915EA520-CANDIDATE: reject ELECTION from fb483a44-74cc-4237-a554-a68f3575ba39: already has voted for cf1032d2-0037-4a0c-94af-232c62b39d0f at current term 2
2023-01-24 12:23:05,681 [grpc-default-executor-3] INFO  server.RaftServer$Division (RaftServerImpl.java:requestVote(1251)) - cf1032d2-0037-4a0c-94af-232c62b39d0f@group-062A915EA520 replies to ELECTION vote request: fb483a44-74cc-4237-a554-a68f3575ba39<-cf1032d2-0037-4a0c-94af-232c62b39d0f#0:FAIL-t2. Peer's state: cf1032d2-0037-4a0c-94af-232c62b39d0f@group-062A915EA520:t2, leader=null, voted=cf1032d2-0037-4a0c-94af-232c62b39d0f, raftlog=Memoized:cf1032d2-0037-4a0c-94af-232c62b39d0f@group-062A915EA520-SegmentedRaftLog:OPENED:c-1, conf=-1: peers:[fb483a44-74cc-4237-a554-a68f3575ba39|rpc:10.1.1.14:43379|dataStream:10.1.1.14:37561|priority:0|startupRole:FOLLOWER, f9d7edb3-f6c7-431a-8d5c-722e1f28718f|rpc:10.1.1.14:43465|dataStream:10.1.1.14:46043|priority:0|startupRole:FOLLOWER, cf1032d2-0037-4a0c-94af-232c62b39d0f|rpc:10.1.1.14:45895|dataStream:10.1.1.14:39787|priority:1|startupRole:FOLLOWER]|listeners:[], old=null
2023-01-24 12:23:05,686 [cf1032d2-0037-4a0c-94af-232c62b39d0f@group-062A915EA520-LeaderElection25] INFO  server.RaftServerConfigKeys (ConfUtils.java:logFallback(53)) - raft.server.rpc.first-election.timeout.min = 5s (fallback to raft.server.rpc.timeout.min)
2023-01-24 12:23:05,686 [cf1032d2-0037-4a0c-94af-232c62b39d0f@group-062A915EA520-LeaderElection25] INFO  server.RaftServerConfigKeys (ConfUtils.java:logFallback(53)) - raft.server.rpc.first-election.timeout.max = 5200ms (fallback to raft.server.rpc.timeout.max)
2023-01-24 12:23:05,687 [fb483a44-74cc-4237-a554-a68f3575ba39@group-062A915EA520-LeaderElection24] INFO  impl.LeaderElection (LogUtils.java:infoOrTrace(137)) - fb483a44-74cc-4237-a554-a68f3575ba39@group-062A915EA520-LeaderElection24 got exception when requesting votes: java.util.concurrent.ExecutionException: org.apache.ratis.thirdparty.io.grpc.StatusRuntimeException: UNAVAILABLE: io exception
2023-01-24 12:23:05,687 [fb483a44-74cc-4237-a554-a68f3575ba39@group-062A915EA520-LeaderElection24] INFO  impl.LeaderElection (LeaderElection.java:logAndReturn(90)) - fb483a44-74cc-4237-a554-a68f3575ba39@group-062A915EA520-LeaderElection24: ELECTION REJECTED received 1 response(s) and 1 exception(s):
2023-01-24 12:23:05,687 [cf1032d2-0037-4a0c-94af-232c62b39d0f@group-062A915EA520-LeaderElection25-2] INFO  server.GrpcServerProtocolClient (GrpcServerProtocolClient.java:<init>(63)) - Build channel for f9d7edb3-f6c7-431a-8d5c-722e1f28718f
2023-01-24 12:23:05,687 [fb483a44-74cc-4237-a554-a68f3575ba39@group-062A915EA520-LeaderElection24] INFO  impl.LeaderElection (LeaderElection.java:logAndReturn(94)) -   Response 0: fb483a44-74cc-4237-a554-a68f3575ba39<-cf1032d2-0037-4a0c-94af-232c62b39d0f#0:FAIL-t2
2023-01-24 12:23:05,687 [fb483a44-74cc-4237-a554-a68f3575ba39@group-062A915EA520-LeaderElection24] INFO  impl.LeaderElection (LogUtils.java:infoOrTrace(137)) -   Exception 1: java.util.concurrent.ExecutionException: org.apache.ratis.thirdparty.io.grpc.StatusRuntimeException: UNAVAILABLE: io exception
2023-01-24 12:23:05,687 [fb483a44-74cc-4237-a554-a68f3575ba39@group-062A915EA520-LeaderElection24] INFO  impl.LeaderElection (LeaderElection.java:askForVotes(314)) - fb483a44-74cc-4237-a554-a68f3575ba39@group-062A915EA520-LeaderElection24 ELECTION round 0: result REJECTED
2023-01-24 12:23:05,688 [fb483a44-74cc-4237-a554-a68f3575ba39@group-062A915EA520-LeaderElection24] INFO  server.RaftServer$Division (RaftServerImpl.java:setRole(321)) - fb483a44-74cc-4237-a554-a68f3575ba39@group-062A915EA520: changes role from CANDIDATE to FOLLOWER at term 2 for REJECTED
2023-01-24 12:23:05,688 [fb483a44-74cc-4237-a554-a68f3575ba39@group-062A915EA520-LeaderElection24] INFO  impl.RoleInfo (RoleInfo.java:shutdownLeaderElection(130)) - fb483a44-74cc-4237-a554-a68f3575ba39: shutdown fb483a44-74cc-4237-a554-a68f3575ba39@group-062A915EA520-LeaderElection24
2023-01-24 12:23:05,688 [fb483a44-74cc-4237-a554-a68f3575ba39@group-062A915EA520-LeaderElection24] INFO  impl.RoleInfo (RoleInfo.java:updateAndGet(139)) - fb483a44-74cc-4237-a554-a68f3575ba39: start fb483a44-74cc-4237-a554-a68f3575ba39@group-062A915EA520-FollowerState
2023-01-24 12:23:05,694 [fb483a44-74cc-4237-a554-a68f3575ba39@group-062A915EA520-FollowerState] INFO  server.RaftServerConfigKeys (ConfUtils.java:logFallback(53)) - raft.server.rpc.first-election.timeout.min = 5s (fallback to raft.server.rpc.timeout.min)
2023-01-24 12:23:05,694 [fb483a44-74cc-4237-a554-a68f3575ba39@group-062A915EA520-FollowerState] INFO  server.RaftServerConfigKeys (ConfUtils.java:logFallback(53)) - raft.server.rpc.first-election.timeout.max = 5200ms (fallback to raft.server.rpc.timeout.max)
2023-01-24 12:23:05,698 [cf1032d2-0037-4a0c-94af-232c62b39d0f@group-062A915EA520-LeaderElection25] INFO  impl.LeaderElection (LogUtils.java:infoOrTrace(137)) - cf1032d2-0037-4a0c-94af-232c62b39d0f@group-062A915EA520-LeaderElection25 got exception when requesting votes: java.util.concurrent.ExecutionException: org.apache.ratis.thirdparty.io.grpc.StatusRuntimeException: UNAVAILABLE: io exception
2023-01-24 12:23:05,703 [grpc-default-executor-3] INFO  server.RaftServer$Division (RaftServerImpl.java:requestVote(1218)) - fb483a44-74cc-4237-a554-a68f3575ba39@group-062A915EA520: receive requestVote(ELECTION, cf1032d2-0037-4a0c-94af-232c62b39d0f, group-062A915EA520, 2, (t:0, i:0))
2023-01-24 12:23:05,703 [grpc-default-executor-3] INFO  impl.VoteContext (VoteContext.java:log(49)) - fb483a44-74cc-4237-a554-a68f3575ba39@group-062A915EA520-FOLLOWER: reject ELECTION from cf1032d2-0037-4a0c-94af-232c62b39d0f: already has voted for fb483a44-74cc-4237-a554-a68f3575ba39 at current term 2
2023-01-24 12:23:05,703 [grpc-default-executor-3] INFO  server.RaftServer$Division (RaftServerImpl.java:requestVote(1251)) - fb483a44-74cc-4237-a554-a68f3575ba39@group-062A915EA520 replies to ELECTION vote request: cf1032d2-0037-4a0c-94af-232c62b39d0f<-fb483a44-74cc-4237-a554-a68f3575ba39#0:FAIL-t2. Peer's state: fb483a44-74cc-4237-a554-a68f3575ba39@group-062A915EA520:t2, leader=null, voted=fb483a44-74cc-4237-a554-a68f3575ba39, raftlog=Memoized:fb483a44-74cc-4237-a554-a68f3575ba39@group-062A915EA520-SegmentedRaftLog:OPENED:c-1, conf=-1: peers:[fb483a44-74cc-4237-a554-a68f3575ba39|rpc:10.1.1.14:43379|dataStream:10.1.1.14:37561|priority:0|startupRole:FOLLOWER, f9d7edb3-f6c7-431a-8d5c-722e1f28718f|rpc:10.1.1.14:43465|dataStream:10.1.1.14:46043|priority:0|startupRole:FOLLOWER, cf1032d2-0037-4a0c-94af-232c62b39d0f|rpc:10.1.1.14:45895|dataStream:10.1.1.14:39787|priority:1|startupRole:FOLLOWER]|listeners:[], old=null
2023-01-24 12:23:05,704 [cf1032d2-0037-4a0c-94af-232c62b39d0f@group-062A915EA520-LeaderElection25] INFO  impl.LeaderElection (LeaderElection.java:logAndReturn(90)) - cf1032d2-0037-4a0c-94af-232c62b39d0f@group-062A915EA520-LeaderElection25: ELECTION REJECTED received 1 response(s) and 1 exception(s):
2023-01-24 12:23:05,704 [cf1032d2-0037-4a0c-94af-232c62b39d0f@group-062A915EA520-LeaderElection25] INFO  impl.LeaderElection (LeaderElection.java:logAndReturn(94)) -   Response 0: cf1032d2-0037-4a0c-94af-232c62b39d0f<-fb483a44-74cc-4237-a554-a68f3575ba39#0:FAIL-t2
2023-01-24 12:23:05,705 [cf1032d2-0037-4a0c-94af-232c62b39d0f@group-062A915EA520-LeaderElection25] INFO  impl.LeaderElection (LogUtils.java:infoOrTrace(137)) -   Exception 1: java.util.concurrent.ExecutionException: org.apache.ratis.thirdparty.io.grpc.StatusRuntimeException: UNAVAILABLE: io exception
2023-01-24 12:23:05,705 [cf1032d2-0037-4a0c-94af-232c62b39d0f@group-062A915EA520-LeaderElection25] INFO  impl.LeaderElection (LeaderElection.java:askForVotes(314)) - cf1032d2-0037-4a0c-94af-232c62b39d0f@group-062A915EA520-LeaderElection25 ELECTION round 0: result REJECTED
2023-01-24 12:23:05,705 [cf1032d2-0037-4a0c-94af-232c62b39d0f@group-062A915EA520-LeaderElection25] INFO  server.RaftServer$Division (RaftServerImpl.java:setRole(321)) - cf1032d2-0037-4a0c-94af-232c62b39d0f@group-062A915EA520: changes role from CANDIDATE to FOLLOWER at term 2 for REJECTED
2023-01-24 12:23:05,705 [cf1032d2-0037-4a0c-94af-232c62b39d0f@group-062A915EA520-LeaderElection25] INFO  impl.RoleInfo (RoleInfo.java:shutdownLeaderElection(130)) - cf1032d2-0037-4a0c-94af-232c62b39d0f: shutdown cf1032d2-0037-4a0c-94af-232c62b39d0f@group-062A915EA520-LeaderElection25
2023-01-24 12:23:05,705 [cf1032d2-0037-4a0c-94af-232c62b39d0f@group-062A915EA520-LeaderElection25] INFO  impl.RoleInfo (RoleInfo.java:updateAndGet(139)) - cf1032d2-0037-4a0c-94af-232c62b39d0f: start cf1032d2-0037-4a0c-94af-232c62b39d0f@group-062A915EA520-FollowerState
2023-01-24 12:23:05,706 [cf1032d2-0037-4a0c-94af-232c62b39d0f@group-062A915EA520-FollowerState] INFO  server.RaftServerConfigKeys (ConfUtils.java:logFallback(53)) - raft.server.rpc.first-election.timeout.min = 5s (fallback to raft.server.rpc.timeout.min)
2023-01-24 12:23:05,707 [cf1032d2-0037-4a0c-94af-232c62b39d0f@group-062A915EA520-FollowerState] INFO  server.RaftServerConfigKeys (ConfUtils.java:logFallback(53)) - raft.server.rpc.first-election.timeout.max = 5200ms (fallback to raft.server.rpc.timeout.max)
2023-01-24 12:23:06,732 [grpc-default-executor-3] WARN  server.GrpcLogAppender (LogUtils.java:warn(122)) - fb483a44-74cc-4237-a554-a68f3575ba39@group-67431DBC43D0->f9d7edb3-f6c7-431a-8d5c-722e1f28718f-AppendLogResponseHandler: Failed appendEntries: org.apache.ratis.thirdparty.io.grpc.StatusRuntimeException: UNAVAILABLE: io exception
2023-01-24 12:23:06,732 [grpc-default-executor-4] WARN  server.GrpcLogAppender (LogUtils.java:warn(122)) - fb483a44-74cc-4237-a554-a68f3575ba39@group-67431DBC43D0->f9d7edb3-f6c7-431a-8d5c-722e1f28718f-AppendLogResponseHandler: Failed appendEntries: org.apache.ratis.thirdparty.io.grpc.StatusRuntimeException: UNAVAILABLE: io exception
2023-01-24 12:23:06,733 [grpc-default-executor-3] WARN  server.GrpcLogAppender (GrpcLogAppender.java:resetClient(131)) - fb483a44-74cc-4237-a554-a68f3575ba39@group-67431DBC43D0->f9d7edb3-f6c7-431a-8d5c-722e1f28718f-GrpcLogAppender: Leader has not got in touch with Follower fb483a44-74cc-4237-a554-a68f3575ba39@group-67431DBC43D0->f9d7edb3-f6c7-431a-8d5c-722e1f28718f(c0,m0,n1, attendVote=true, lastRpcSendTime=0, lastRpcResponseTime=6288) yet, just keep nextIndex unchanged and retry.
2023-01-24 12:23:06,734 [grpc-default-executor-4] WARN  server.GrpcLogAppender (GrpcLogAppender.java:resetClient(131)) - fb483a44-74cc-4237-a554-a68f3575ba39@group-67431DBC43D0->f9d7edb3-f6c7-431a-8d5c-722e1f28718f-GrpcLogAppender: Leader has not got in touch with Follower fb483a44-74cc-4237-a554-a68f3575ba39@group-67431DBC43D0->f9d7edb3-f6c7-431a-8d5c-722e1f28718f(c0,m0,n1, attendVote=true, lastRpcSendTime=1, lastRpcResponseTime=6288) yet, just keep nextIndex unchanged and retry.
2023-01-24 12:23:07,983 [grpc-default-executor-4] WARN  server.GrpcLogAppender (LogUtils.java:warn(122)) - fb483a44-74cc-4237-a554-a68f3575ba39@group-67431DBC43D0->f9d7edb3-f6c7-431a-8d5c-722e1f28718f-AppendLogResponseHandler: Failed appendEntries: org.apache.ratis.thirdparty.io.grpc.StatusRuntimeException: UNAVAILABLE: io exception
2023-01-24 12:23:07,983 [grpc-default-executor-3] WARN  server.GrpcLogAppender (LogUtils.java:warn(122)) - fb483a44-74cc-4237-a554-a68f3575ba39@group-67431DBC43D0->f9d7edb3-f6c7-431a-8d5c-722e1f28718f-AppendLogResponseHandler: Failed appendEntries: org.apache.ratis.thirdparty.io.grpc.StatusRuntimeException: UNAVAILABLE: io exception
2023-01-24 12:23:07,983 [grpc-default-executor-4] WARN  server.GrpcLogAppender (GrpcLogAppender.java:resetClient(131)) - fb483a44-74cc-4237-a554-a68f3575ba39@group-67431DBC43D0->f9d7edb3-f6c7-431a-8d5c-722e1f28718f-GrpcLogAppender: Leader has not got in touch with Follower fb483a44-74cc-4237-a554-a68f3575ba39@group-67431DBC43D0->f9d7edb3-f6c7-431a-8d5c-722e1f28718f(c0,m0,n1, attendVote=true, lastRpcSendTime=0, lastRpcResponseTime=7538) yet, just keep nextIndex unchanged and retry.
2023-01-24 12:23:07,984 [grpc-default-executor-3] WARN  server.GrpcLogAppender (GrpcLogAppender.java:resetClient(131)) - fb483a44-74cc-4237-a554-a68f3575ba39@group-67431DBC43D0->f9d7edb3-f6c7-431a-8d5c-722e1f28718f-GrpcLogAppender: Leader has not got in touch with Follower fb483a44-74cc-4237-a554-a68f3575ba39@group-67431DBC43D0->f9d7edb3-f6c7-431a-8d5c-722e1f28718f(c0,m0,n1, attendVote=true, lastRpcSendTime=1, lastRpcResponseTime=7539) yet, just keep nextIndex unchanged and retry.
2023-01-24 12:23:08,207 [7141d06d-71d8-4a56-9b5d-23c6772b1ac6@group-34335D786654-FollowerState] INFO  impl.FollowerState (FollowerState.java:run(143)) - 7141d06d-71d8-4a56-9b5d-23c6772b1ac6@group-34335D786654-FollowerState: change to CANDIDATE, lastRpcElapsedTime:5060889233ns, electionTimeout:5060ms
2023-01-24 12:23:08,208 [7141d06d-71d8-4a56-9b5d-23c6772b1ac6@group-34335D786654-FollowerState] INFO  impl.RoleInfo (RoleInfo.java:shutdownFollowerState(110)) - 7141d06d-71d8-4a56-9b5d-23c6772b1ac6: shutdown 7141d06d-71d8-4a56-9b5d-23c6772b1ac6@group-34335D786654-FollowerState
2023-01-24 12:23:08,208 [7141d06d-71d8-4a56-9b5d-23c6772b1ac6@group-34335D786654-FollowerState] INFO  server.RaftServer$Division (RaftServerImpl.java:setRole(321)) - 7141d06d-71d8-4a56-9b5d-23c6772b1ac6@group-34335D786654: changes role from  FOLLOWER to CANDIDATE at term 2 for changeToCandidate
2023-01-24 12:23:08,208 [7141d06d-71d8-4a56-9b5d-23c6772b1ac6@group-34335D786654-FollowerState] INFO  server.RaftServerConfigKeys (ConfUtils.java:logGet(46)) - raft.server.leaderelection.pre-vote = false (custom)
2023-01-24 12:23:08,208 [7141d06d-71d8-4a56-9b5d-23c6772b1ac6@group-34335D786654-FollowerState] INFO  impl.RoleInfo (RoleInfo.java:updateAndGet(139)) - 7141d06d-71d8-4a56-9b5d-23c6772b1ac6: start 7141d06d-71d8-4a56-9b5d-23c6772b1ac6@group-34335D786654-LeaderElection26
2023-01-24 12:23:08,229 [7141d06d-71d8-4a56-9b5d-23c6772b1ac6@group-34335D786654-LeaderElection26] INFO  impl.LeaderElection (LeaderElection.java:askForVotes(312)) - 7141d06d-71d8-4a56-9b5d-23c6772b1ac6@group-34335D786654-LeaderElection26 ELECTION round 0: submit vote requests at term 3 for -1: peers:[c6074cc5-da23-4fc2-b305-e072798acc5a|rpc:10.1.1.14:38087|dataStream:10.1.1.14:46483|priority:0|startupRole:FOLLOWER, 93701946-f5e3-4943-a932-e133db5deae9|rpc:10.1.1.14:32935|dataStream:10.1.1.14:45565|priority:1|startupRole:FOLLOWER, 7141d06d-71d8-4a56-9b5d-23c6772b1ac6|rpc:10.1.1.14:37745|dataStream:10.1.1.14:35891|priority:0|startupRole:FOLLOWER]|listeners:[], old=null
2023-01-24 12:23:08,236 [c6074cc5-da23-4fc2-b305-e072798acc5a@group-34335D786654-FollowerState] INFO  impl.FollowerState (FollowerState.java:run(143)) - c6074cc5-da23-4fc2-b305-e072798acc5a@group-34335D786654-FollowerState: change to CANDIDATE, lastRpcElapsedTime:5089728132ns, electionTimeout:5088ms
2023-01-24 12:23:08,236 [c6074cc5-da23-4fc2-b305-e072798acc5a@group-34335D786654-FollowerState] INFO  impl.RoleInfo (RoleInfo.java:shutdownFollowerState(110)) - c6074cc5-da23-4fc2-b305-e072798acc5a: shutdown c6074cc5-da23-4fc2-b305-e072798acc5a@group-34335D786654-FollowerState
2023-01-24 12:23:08,236 [c6074cc5-da23-4fc2-b305-e072798acc5a@group-34335D786654-FollowerState] INFO  server.RaftServer$Division (RaftServerImpl.java:setRole(321)) - c6074cc5-da23-4fc2-b305-e072798acc5a@group-34335D786654: changes role from  FOLLOWER to CANDIDATE at term 2 for changeToCandidate
2023-01-24 12:23:08,238 [c6074cc5-da23-4fc2-b305-e072798acc5a@group-34335D786654-FollowerState] INFO  server.RaftServerConfigKeys (ConfUtils.java:logGet(46)) - raft.server.leaderelection.pre-vote = false (custom)
2023-01-24 12:23:08,238 [c6074cc5-da23-4fc2-b305-e072798acc5a@group-34335D786654-FollowerState] INFO  impl.RoleInfo (RoleInfo.java:updateAndGet(139)) - c6074cc5-da23-4fc2-b305-e072798acc5a: start c6074cc5-da23-4fc2-b305-e072798acc5a@group-34335D786654-LeaderElection27
2023-01-24 12:23:08,242 [7141d06d-71d8-4a56-9b5d-23c6772b1ac6@group-34335D786654-LeaderElection26] INFO  server.RaftServerConfigKeys (ConfUtils.java:logFallback(53)) - raft.server.rpc.first-election.timeout.min = 5s (fallback to raft.server.rpc.timeout.min)
2023-01-24 12:23:08,242 [7141d06d-71d8-4a56-9b5d-23c6772b1ac6@group-34335D786654-LeaderElection26] INFO  server.RaftServerConfigKeys (ConfUtils.java:logFallback(53)) - raft.server.rpc.first-election.timeout.max = 5200ms (fallback to raft.server.rpc.timeout.max)
2023-01-24 12:23:08,248 [c6074cc5-da23-4fc2-b305-e072798acc5a@group-34335D786654-LeaderElection27] INFO  impl.LeaderElection (LeaderElection.java:askForVotes(312)) - c6074cc5-da23-4fc2-b305-e072798acc5a@group-34335D786654-LeaderElection27 ELECTION round 0: submit vote requests at term 3 for -1: peers:[c6074cc5-da23-4fc2-b305-e072798acc5a|rpc:10.1.1.14:38087|dataStream:10.1.1.14:46483|priority:0|startupRole:FOLLOWER, 93701946-f5e3-4943-a932-e133db5deae9|rpc:10.1.1.14:32935|dataStream:10.1.1.14:45565|priority:1|startupRole:FOLLOWER, 7141d06d-71d8-4a56-9b5d-23c6772b1ac6|rpc:10.1.1.14:37745|dataStream:10.1.1.14:35891|priority:0|startupRole:FOLLOWER]|listeners:[], old=null
2023-01-24 12:23:08,249 [grpc-default-executor-3] INFO  server.RaftServer$Division (RaftServerImpl.java:requestVote(1218)) - c6074cc5-da23-4fc2-b305-e072798acc5a@group-34335D786654: receive requestVote(ELECTION, 7141d06d-71d8-4a56-9b5d-23c6772b1ac6, group-34335D786654, 3, (t:0, i:0))
2023-01-24 12:23:08,249 [grpc-default-executor-3] INFO  impl.VoteContext (VoteContext.java:log(49)) - c6074cc5-da23-4fc2-b305-e072798acc5a@group-34335D786654-CANDIDATE: reject ELECTION from 7141d06d-71d8-4a56-9b5d-23c6772b1ac6: already has voted for c6074cc5-da23-4fc2-b305-e072798acc5a at current term 3
2023-01-24 12:23:08,249 [grpc-default-executor-3] INFO  server.RaftServer$Division (RaftServerImpl.java:requestVote(1251)) - c6074cc5-da23-4fc2-b305-e072798acc5a@group-34335D786654 replies to ELECTION vote request: 7141d06d-71d8-4a56-9b5d-23c6772b1ac6<-c6074cc5-da23-4fc2-b305-e072798acc5a#0:FAIL-t3. Peer's state: c6074cc5-da23-4fc2-b305-e072798acc5a@group-34335D786654:t3, leader=null, voted=c6074cc5-da23-4fc2-b305-e072798acc5a, raftlog=Memoized:c6074cc5-da23-4fc2-b305-e072798acc5a@group-34335D786654-SegmentedRaftLog:OPENED:c-1, conf=-1: peers:[c6074cc5-da23-4fc2-b305-e072798acc5a|rpc:10.1.1.14:38087|dataStream:10.1.1.14:46483|priority:0|startupRole:FOLLOWER, 93701946-f5e3-4943-a932-e133db5deae9|rpc:10.1.1.14:32935|dataStream:10.1.1.14:45565|priority:1|startupRole:FOLLOWER, 7141d06d-71d8-4a56-9b5d-23c6772b1ac6|rpc:10.1.1.14:37745|dataStream:10.1.1.14:35891|priority:0|startupRole:FOLLOWER]|listeners:[], old=null
2023-01-24 12:23:08,252 [grpc-default-executor-3] INFO  server.RaftServer$Division (RaftServerImpl.java:requestVote(1218)) - 93701946-f5e3-4943-a932-e133db5deae9@group-34335D786654: receive requestVote(ELECTION, c6074cc5-da23-4fc2-b305-e072798acc5a, group-34335D786654, 3, (t:0, i:0))
2023-01-24 12:23:08,252 [grpc-default-executor-3] INFO  impl.VoteContext (VoteContext.java:log(49)) - 93701946-f5e3-4943-a932-e133db5deae9@group-34335D786654-FOLLOWER: reject ELECTION from c6074cc5-da23-4fc2-b305-e072798acc5a: our priority 1 > candidate's priority 0
2023-01-24 12:23:08,252 [grpc-default-executor-3] INFO  server.RaftServer$Division (RaftServerImpl.java:setRole(321)) - 93701946-f5e3-4943-a932-e133db5deae9@group-34335D786654: changes role from  FOLLOWER to FOLLOWER at term 3 for candidate:c6074cc5-da23-4fc2-b305-e072798acc5a
2023-01-24 12:23:08,252 [grpc-default-executor-3] INFO  impl.RoleInfo (RoleInfo.java:shutdownFollowerState(110)) - 93701946-f5e3-4943-a932-e133db5deae9: shutdown 93701946-f5e3-4943-a932-e133db5deae9@group-34335D786654-FollowerState
2023-01-24 12:23:08,253 [c6074cc5-da23-4fc2-b305-e072798acc5a@group-34335D786654-LeaderElection27] INFO  server.RaftServerConfigKeys (ConfUtils.java:logFallback(53)) - raft.server.rpc.first-election.timeout.min = 5s (fallback to raft.server.rpc.timeout.min)
2023-01-24 12:23:08,253 [c6074cc5-da23-4fc2-b305-e072798acc5a@group-34335D786654-LeaderElection27] INFO  server.RaftServerConfigKeys (ConfUtils.java:logFallback(53)) - raft.server.rpc.first-election.timeout.max = 5200ms (fallback to raft.server.rpc.timeout.max)
2023-01-24 12:23:08,253 [grpc-default-executor-3] INFO  impl.RoleInfo (RoleInfo.java:updateAndGet(139)) - 93701946-f5e3-4943-a932-e133db5deae9: start 93701946-f5e3-4943-a932-e133db5deae9@group-34335D786654-FollowerState
2023-01-24 12:23:08,254 [93701946-f5e3-4943-a932-e133db5deae9@group-34335D786654-FollowerState] INFO  impl.FollowerState (FollowerState.java:run(152)) - 93701946-f5e3-4943-a932-e133db5deae9@group-34335D786654-FollowerState was interrupted
2023-01-24 12:23:08,256 [grpc-default-executor-4] INFO  server.RaftServer$Division (RaftServerImpl.java:requestVote(1218)) - 93701946-f5e3-4943-a932-e133db5deae9@group-34335D786654: receive requestVote(ELECTION, 7141d06d-71d8-4a56-9b5d-23c6772b1ac6, group-34335D786654, 3, (t:0, i:0))
2023-01-24 12:23:08,266 [93701946-f5e3-4943-a932-e133db5deae9@group-34335D786654-FollowerState] INFO  server.RaftServerConfigKeys (ConfUtils.java:logFallback(53)) - raft.server.rpc.first-election.timeout.min = 5s (fallback to raft.server.rpc.timeout.min)
2023-01-24 12:23:08,267 [93701946-f5e3-4943-a932-e133db5deae9@group-34335D786654-FollowerState] INFO  server.RaftServerConfigKeys (ConfUtils.java:logFallback(53)) - raft.server.rpc.first-election.timeout.max = 5200ms (fallback to raft.server.rpc.timeout.max)
2023-01-24 12:23:08,267 [Command processor thread] INFO  keyvalue.KeyValueContainer (KeyValueContainer.java:flushAndSyncDB(439)) - Container 1 is synced with bcsId 0.
2023-01-24 12:23:08,267 [Command processor thread] INFO  keyvalue.KeyValueContainer (KeyValueContainer.java:flushAndSyncDB(439)) - Container 1 is synced with bcsId 0.
2023-01-24 12:23:08,267 [grpc-default-executor-3] INFO  server.RaftServer$Division (RaftServerImpl.java:requestVote(1251)) - 93701946-f5e3-4943-a932-e133db5deae9@group-34335D786654 replies to ELECTION vote request: c6074cc5-da23-4fc2-b305-e072798acc5a<-93701946-f5e3-4943-a932-e133db5deae9#0:FAIL-t3. Peer's state: 93701946-f5e3-4943-a932-e133db5deae9@group-34335D786654:t3, leader=null, voted=null, raftlog=Memoized:93701946-f5e3-4943-a932-e133db5deae9@group-34335D786654-SegmentedRaftLog:OPENED:c-1, conf=-1: peers:[c6074cc5-da23-4fc2-b305-e072798acc5a|rpc:10.1.1.14:38087|dataStream:10.1.1.14:46483|priority:0|startupRole:FOLLOWER, 93701946-f5e3-4943-a932-e133db5deae9|rpc:10.1.1.14:32935|dataStream:10.1.1.14:45565|priority:1|startupRole:FOLLOWER, 7141d06d-71d8-4a56-9b5d-23c6772b1ac6|rpc:10.1.1.14:37745|dataStream:10.1.1.14:35891|priority:0|startupRole:FOLLOWER]|listeners:[], old=null
2023-01-24 12:23:08,269 [grpc-default-executor-4] INFO  impl.VoteContext (VoteContext.java:log(49)) - 93701946-f5e3-4943-a932-e133db5deae9@group-34335D786654-FOLLOWER: reject ELECTION from 7141d06d-71d8-4a56-9b5d-23c6772b1ac6: our priority 1 > candidate's priority 0
2023-01-24 12:23:08,269 [grpc-default-executor-4] INFO  server.RaftServer$Division (RaftServerImpl.java:setRole(321)) - 93701946-f5e3-4943-a932-e133db5deae9@group-34335D786654: changes role from  FOLLOWER to FOLLOWER at term 3 for candidate:7141d06d-71d8-4a56-9b5d-23c6772b1ac6
2023-01-24 12:23:08,269 [grpc-default-executor-4] INFO  impl.RoleInfo (RoleInfo.java:shutdownFollowerState(110)) - 93701946-f5e3-4943-a932-e133db5deae9: shutdown 93701946-f5e3-4943-a932-e133db5deae9@group-34335D786654-FollowerState
2023-01-24 12:23:08,269 [grpc-default-executor-4] INFO  impl.RoleInfo (RoleInfo.java:updateAndGet(139)) - 93701946-f5e3-4943-a932-e133db5deae9: start 93701946-f5e3-4943-a932-e133db5deae9@group-34335D786654-FollowerState
2023-01-24 12:23:08,270 [Command processor thread] INFO  keyvalue.KeyValueContainer (KeyValueContainer.java:close(354)) - Container 1 is closed with bcsId 0.
2023-01-24 12:23:08,271 [grpc-default-executor-3] INFO  server.RaftServer$Division (RaftServerImpl.java:requestVote(1218)) - 7141d06d-71d8-4a56-9b5d-23c6772b1ac6@group-34335D786654: receive requestVote(ELECTION, c6074cc5-da23-4fc2-b305-e072798acc5a, group-34335D786654, 3, (t:0, i:0))
2023-01-24 12:23:08,271 [grpc-default-executor-3] INFO  impl.VoteContext (VoteContext.java:log(49)) - 7141d06d-71d8-4a56-9b5d-23c6772b1ac6@group-34335D786654-CANDIDATE: reject ELECTION from c6074cc5-da23-4fc2-b305-e072798acc5a: already has voted for 7141d06d-71d8-4a56-9b5d-23c6772b1ac6 at current term 3
2023-01-24 12:23:08,271 [grpc-default-executor-3] INFO  server.RaftServer$Division (RaftServerImpl.java:requestVote(1251)) - 7141d06d-71d8-4a56-9b5d-23c6772b1ac6@group-34335D786654 replies to ELECTION vote request: c6074cc5-da23-4fc2-b305-e072798acc5a<-7141d06d-71d8-4a56-9b5d-23c6772b1ac6#0:FAIL-t3. Peer's state: 7141d06d-71d8-4a56-9b5d-23c6772b1ac6@group-34335D786654:t3, leader=null, voted=7141d06d-71d8-4a56-9b5d-23c6772b1ac6, raftlog=Memoized:7141d06d-71d8-4a56-9b5d-23c6772b1ac6@group-34335D786654-SegmentedRaftLog:OPENED:c-1, conf=-1: peers:[c6074cc5-da23-4fc2-b305-e072798acc5a|rpc:10.1.1.14:38087|dataStream:10.1.1.14:46483|priority:0|startupRole:FOLLOWER, 93701946-f5e3-4943-a932-e133db5deae9|rpc:10.1.1.14:32935|dataStream:10.1.1.14:45565|priority:1|startupRole:FOLLOWER, 7141d06d-71d8-4a56-9b5d-23c6772b1ac6|rpc:10.1.1.14:37745|dataStream:10.1.1.14:35891|priority:0|startupRole:FOLLOWER]|listeners:[], old=null
2023-01-24 12:23:08,276 [grpc-default-executor-4] INFO  server.RaftServer$Division (RaftServerImpl.java:requestVote(1251)) - 93701946-f5e3-4943-a932-e133db5deae9@group-34335D786654 replies to ELECTION vote request: 7141d06d-71d8-4a56-9b5d-23c6772b1ac6<-93701946-f5e3-4943-a932-e133db5deae9#0:FAIL-t3. Peer's state: 93701946-f5e3-4943-a932-e133db5deae9@group-34335D786654:t3, leader=null, voted=null, raftlog=Memoized:93701946-f5e3-4943-a932-e133db5deae9@group-34335D786654-SegmentedRaftLog:OPENED:c-1, conf=-1: peers:[c6074cc5-da23-4fc2-b305-e072798acc5a|rpc:10.1.1.14:38087|dataStream:10.1.1.14:46483|priority:0|startupRole:FOLLOWER, 93701946-f5e3-4943-a932-e133db5deae9|rpc:10.1.1.14:32935|dataStream:10.1.1.14:45565|priority:1|startupRole:FOLLOWER, 7141d06d-71d8-4a56-9b5d-23c6772b1ac6|rpc:10.1.1.14:37745|dataStream:10.1.1.14:35891|priority:0|startupRole:FOLLOWER]|listeners:[], old=null
2023-01-24 12:23:08,281 [93701946-f5e3-4943-a932-e133db5deae9@group-34335D786654-FollowerState] INFO  impl.FollowerState (FollowerState.java:run(152)) - 93701946-f5e3-4943-a932-e133db5deae9@group-34335D786654-FollowerState was interrupted
2023-01-24 12:23:08,281 [93701946-f5e3-4943-a932-e133db5deae9@group-34335D786654-FollowerState] INFO  server.RaftServerConfigKeys (ConfUtils.java:logFallback(53)) - raft.server.rpc.first-election.timeout.min = 5s (fallback to raft.server.rpc.timeout.min)
2023-01-24 12:23:08,281 [93701946-f5e3-4943-a932-e133db5deae9@group-34335D786654-FollowerState] INFO  server.RaftServerConfigKeys (ConfUtils.java:logFallback(53)) - raft.server.rpc.first-election.timeout.max = 5200ms (fallback to raft.server.rpc.timeout.max)
2023-01-24 12:23:08,283 [c6074cc5-da23-4fc2-b305-e072798acc5a@group-34335D786654-LeaderElection27] INFO  impl.LeaderElection (LeaderElection.java:logAndReturn(90)) - c6074cc5-da23-4fc2-b305-e072798acc5a@group-34335D786654-LeaderElection27: ELECTION REJECTED received 1 response(s) and 0 exception(s):
2023-01-24 12:23:08,283 [c6074cc5-da23-4fc2-b305-e072798acc5a@group-34335D786654-LeaderElection27] INFO  impl.LeaderElection (LeaderElection.java:logAndReturn(94)) -   Response 0: c6074cc5-da23-4fc2-b305-e072798acc5a<-93701946-f5e3-4943-a932-e133db5deae9#0:FAIL-t3
2023-01-24 12:23:08,283 [7141d06d-71d8-4a56-9b5d-23c6772b1ac6@group-34335D786654-LeaderElection26] INFO  impl.LeaderElection (LeaderElection.java:logAndReturn(90)) - 7141d06d-71d8-4a56-9b5d-23c6772b1ac6@group-34335D786654-LeaderElection26: ELECTION REJECTED received 2 response(s) and 0 exception(s):
2023-01-24 12:23:08,283 [7141d06d-71d8-4a56-9b5d-23c6772b1ac6@group-34335D786654-LeaderElection26] INFO  impl.LeaderElection (LeaderElection.java:logAndReturn(94)) -   Response 0: 7141d06d-71d8-4a56-9b5d-23c6772b1ac6<-c6074cc5-da23-4fc2-b305-e072798acc5a#0:FAIL-t3
2023-01-24 12:23:08,283 [7141d06d-71d8-4a56-9b5d-23c6772b1ac6@group-34335D786654-LeaderElection26] INFO  impl.LeaderElection (LeaderElection.java:logAndReturn(94)) -   Response 1: 7141d06d-71d8-4a56-9b5d-23c6772b1ac6<-93701946-f5e3-4943-a932-e133db5deae9#0:FAIL-t3
2023-01-24 12:23:08,283 [FixedThreadPoolWithAffinityExecutor-1-0] INFO  container.IncrementalContainerReportHandler (AbstractContainerReportHandler.java:updateContainerState(292)) - Moving container #1 to CLOSED state, datanode 8d5822ee-b1dd-46af-beb1-0638b7fa15fc(fv-az83-645.uavyq1izdhte5b0ne1us2eqzhb.jx.internal.cloudapp.net/10.1.1.14) reported CLOSED replica.
2023-01-24 12:23:08,283 [EventQueue-DeadNodeForDeadNodeHandler] INFO  node.DeadNodeHandler (DeadNodeHandler.java:onMessage(81)) - A dead datanode is detected. f9d7edb3-f6c7-431a-8d5c-722e1f28718f(fv-az83-645.uavyq1izdhte5b0ne1us2eqzhb.jx.internal.cloudapp.net/10.1.1.14)
2023-01-24 12:23:08,283 [c6074cc5-da23-4fc2-b305-e072798acc5a@group-34335D786654-LeaderElection27] INFO  impl.LeaderElection (LeaderElection.java:askForVotes(314)) - c6074cc5-da23-4fc2-b305-e072798acc5a@group-34335D786654-LeaderElection27 ELECTION round 0: result REJECTED
2023-01-24 12:23:08,283 [c6074cc5-da23-4fc2-b305-e072798acc5a@group-34335D786654-LeaderElection27] INFO  server.RaftServer$Division (RaftServerImpl.java:setRole(321)) - c6074cc5-da23-4fc2-b305-e072798acc5a@group-34335D786654: changes role from CANDIDATE to FOLLOWER at term 3 for REJECTED
2023-01-24 12:23:08,284 [c6074cc5-da23-4fc2-b305-e072798acc5a@group-34335D786654-LeaderElection27] INFO  impl.RoleInfo (RoleInfo.java:shutdownLeaderElection(130)) - c6074cc5-da23-4fc2-b305-e072798acc5a: shutdown c6074cc5-da23-4fc2-b305-e072798acc5a@group-34335D786654-LeaderElection27
2023-01-24 12:23:08,284 [c6074cc5-da23-4fc2-b305-e072798acc5a@group-34335D786654-LeaderElection27] INFO  impl.RoleInfo (RoleInfo.java:updateAndGet(139)) - c6074cc5-da23-4fc2-b305-e072798acc5a: start c6074cc5-da23-4fc2-b305-e072798acc5a@group-34335D786654-FollowerState
2023-01-24 12:23:08,284 [EventQueue-DeadNodeForDeadNodeHandler] INFO  pipeline.RatisPipelineProvider (RatisPipelineProvider.java:lambda$close$4(272)) - Send pipeline:PipelineID=ae994922-4bf4-49bf-b7bd-8fe3e29f9302 close command to datanode f9d7edb3-f6c7-431a-8d5c-722e1f28718f
2023-01-24 12:23:08,285 [EventQueue-DeadNodeForDeadNodeHandler] INFO  pipeline.PipelineStateManagerImpl (PipelineStateManagerImpl.java:removePipeline(245)) - Pipeline Pipeline[ Id: ae994922-4bf4-49bf-b7bd-8fe3e29f9302, Nodes: f9d7edb3-f6c7-431a-8d5c-722e1f28718f(fv-az83-645.uavyq1izdhte5b0ne1us2eqzhb.jx.internal.cloudapp.net/10.1.1.14), ReplicationConfig: RATIS/ONE, State:CLOSED, leaderId:f9d7edb3-f6c7-431a-8d5c-722e1f28718f, CreationTimestamp2023-01-24T12:22:52.902Z[Etc/UTC]] removed.
2023-01-24 12:23:08,285 [EventQueue-DeadNodeForDeadNodeHandler] INFO  pipeline.PipelineStateManagerImpl (PipelineStateManagerImpl.java:removePipeline(245)) - Pipeline Pipeline[ Id: 4e9b4ca6-2750-4340-866c-29e5dc6a4afd, Nodes: f9d7edb3-f6c7-431a-8d5c-722e1f28718f(fv-az83-645.uavyq1izdhte5b0ne1us2eqzhb.jx.internal.cloudapp.net/10.1.1.14)4243b07b-dbe8-44bd-919c-c5b59c546d4c(fv-az83-645.uavyq1izdhte5b0ne1us2eqzhb.jx.internal.cloudapp.net/10.1.1.14)a73b56cb-3195-4d6d-be40-ac518f1256a6(fv-az83-645.uavyq1izdhte5b0ne1us2eqzhb.jx.internal.cloudapp.net/10.1.1.14)8d5822ee-b1dd-46af-beb1-0638b7fa15fc(fv-az83-645.uavyq1izdhte5b0ne1us2eqzhb.jx.internal.cloudapp.net/10.1.1.14)93701946-f5e3-4943-a932-e133db5deae9(fv-az83-645.uavyq1izdhte5b0ne1us2eqzhb.jx.internal.cloudapp.net/10.1.1.14), ReplicationConfig: EC/ECReplicationConfig{data=3, parity=2, ecChunkSize=1024, codec=rs}, State:CLOSED, leaderId:, CreationTimestamp2023-01-24T12:23:01.793Z[Etc/UTC]] removed.
2023-01-24 12:23:08,285 [EventQueue-DeadNodeForDeadNodeHandler] INFO  pipeline.RatisPipelineProvider (RatisPipelineProvider.java:lambda$close$4(272)) - Send pipeline:PipelineID=59eac693-4c1f-4474-b9b2-062a915ea520 close command to datanode fb483a44-74cc-4237-a554-a68f3575ba39
2023-01-24 12:23:08,285 [EventQueue-DeadNodeForDeadNodeHandler] INFO  pipeline.RatisPipelineProvider (RatisPipelineProvider.java:lambda$close$4(272)) - Send pipeline:PipelineID=59eac693-4c1f-4474-b9b2-062a915ea520 close command to datanode f9d7edb3-f6c7-431a-8d5c-722e1f28718f
2023-01-24 12:23:08,285 [EventQueue-DeadNodeForDeadNodeHandler] INFO  pipeline.RatisPipelineProvider (RatisPipelineProvider.java:lambda$close$4(272)) - Send pipeline:PipelineID=59eac693-4c1f-4474-b9b2-062a915ea520 close command to datanode cf1032d2-0037-4a0c-94af-232c62b39d0f
2023-01-24 12:23:08,285 [EventQueue-DeadNodeForDeadNodeHandler] INFO  pipeline.PipelineStateManagerImpl (PipelineStateManagerImpl.java:removePipeline(245)) - Pipeline Pipeline[ Id: 59eac693-4c1f-4474-b9b2-062a915ea520, Nodes: fb483a44-74cc-4237-a554-a68f3575ba39(fv-az83-645.uavyq1izdhte5b0ne1us2eqzhb.jx.internal.cloudapp.net/10.1.1.14)f9d7edb3-f6c7-431a-8d5c-722e1f28718f(fv-az83-645.uavyq1izdhte5b0ne1us2eqzhb.jx.internal.cloudapp.net/10.1.1.14)cf1032d2-0037-4a0c-94af-232c62b39d0f(fv-az83-645.uavyq1izdhte5b0ne1us2eqzhb.jx.internal.cloudapp.net/10.1.1.14), ReplicationConfig: RATIS/THREE, State:CLOSED, leaderId:, CreationTimestamp2023-01-24T12:22:52.905Z[Etc/UTC]] removed.
2023-01-24 12:23:08,285 [EventQueue-DeadNodeForDeadNodeHandler] INFO  pipeline.RatisPipelineProvider (RatisPipelineProvider.java:lambda$close$4(272)) - Send pipeline:PipelineID=653c8973-c5e2-4e13-bfbb-67431dbc43d0 close command to datanode fb483a44-74cc-4237-a554-a68f3575ba39
2023-01-24 12:23:08,285 [EventQueue-DeadNodeForDeadNodeHandler] INFO  pipeline.RatisPipelineProvider (RatisPipelineProvider.java:lambda$close$4(272)) - Send pipeline:PipelineID=653c8973-c5e2-4e13-bfbb-67431dbc43d0 close command to datanode cf1032d2-0037-4a0c-94af-232c62b39d0f
2023-01-24 12:23:08,285 [EventQueue-DeadNodeForDeadNodeHandler] INFO  pipeline.RatisPipelineProvider (RatisPipelineProvider.java:lambda$close$4(272)) - Send pipeline:PipelineID=653c8973-c5e2-4e13-bfbb-67431dbc43d0 close command to datanode f9d7edb3-f6c7-431a-8d5c-722e1f28718f
2023-01-24 12:23:08,286 [EventQueue-DeadNodeForDeadNodeHandler] INFO  pipeline.PipelineStateManagerImpl (PipelineStateManagerImpl.java:removePipeline(245)) - Pipeline Pipeline[ Id: 653c8973-c5e2-4e13-bfbb-67431dbc43d0, Nodes: fb483a44-74cc-4237-a554-a68f3575ba39(fv-az83-645.uavyq1izdhte5b0ne1us2eqzhb.jx.internal.cloudapp.net/10.1.1.14)cf1032d2-0037-4a0c-94af-232c62b39d0f(fv-az83-645.uavyq1izdhte5b0ne1us2eqzhb.jx.internal.cloudapp.net/10.1.1.14)f9d7edb3-f6c7-431a-8d5c-722e1f28718f(fv-az83-645.uavyq1izdhte5b0ne1us2eqzhb.jx.internal.cloudapp.net/10.1.1.14), ReplicationConfig: RATIS/THREE, State:CLOSED, leaderId:fb483a44-74cc-4237-a554-a68f3575ba39, CreationTimestamp2023-01-24T12:22:52.904Z[Etc/UTC]] removed.
2023-01-24 12:23:08,287 [c6074cc5-da23-4fc2-b305-e072798acc5a@group-34335D786654-FollowerState] INFO  server.RaftServerConfigKeys (ConfUtils.java:logFallback(53)) - raft.server.rpc.first-election.timeout.min = 5s (fallback to raft.server.rpc.timeout.min)
2023-01-24 12:23:08,287 [c6074cc5-da23-4fc2-b305-e072798acc5a@group-34335D786654-FollowerState] INFO  server.RaftServerConfigKeys (ConfUtils.java:logFallback(53)) - raft.server.rpc.first-election.timeout.max = 5200ms (fallback to raft.server.rpc.timeout.max)
2023-01-24 12:23:08,287 [7141d06d-71d8-4a56-9b5d-23c6772b1ac6@group-34335D786654-LeaderElection26] INFO  impl.LeaderElection (LeaderElection.java:askForVotes(314)) - 7141d06d-71d8-4a56-9b5d-23c6772b1ac6@group-34335D786654-LeaderElection26 ELECTION round 0: result REJECTED
2023-01-24 12:23:08,287 [7141d06d-71d8-4a56-9b5d-23c6772b1ac6@group-34335D786654-LeaderElection26] INFO  server.RaftServer$Division (RaftServerImpl.java:setRole(321)) - 7141d06d-71d8-4a56-9b5d-23c6772b1ac6@group-34335D786654: changes role from CANDIDATE to FOLLOWER at term 3 for REJECTED
2023-01-24 12:23:08,287 [7141d06d-71d8-4a56-9b5d-23c6772b1ac6@group-34335D786654-LeaderElection26] INFO  impl.RoleInfo (RoleInfo.java:shutdownLeaderElection(130)) - 7141d06d-71d8-4a56-9b5d-23c6772b1ac6: shutdown 7141d06d-71d8-4a56-9b5d-23c6772b1ac6@group-34335D786654-LeaderElection26
2023-01-24 12:23:08,287 [7141d06d-71d8-4a56-9b5d-23c6772b1ac6@group-34335D786654-LeaderElection26] INFO  impl.RoleInfo (RoleInfo.java:updateAndGet(139)) - 7141d06d-71d8-4a56-9b5d-23c6772b1ac6: start 7141d06d-71d8-4a56-9b5d-23c6772b1ac6@group-34335D786654-FollowerState
2023-01-24 12:23:08,287 [EventQueue-DeadNodeForDeadNodeHandler] INFO  net.NetworkTopologyImpl (NetworkTopologyImpl.java:remove(190)) - Removed a node: /default-rack/f9d7edb3-f6c7-431a-8d5c-722e1f28718f
2023-01-24 12:23:08,288 [7141d06d-71d8-4a56-9b5d-23c6772b1ac6@group-34335D786654-FollowerState] INFO  server.RaftServerConfigKeys (ConfUtils.java:logFallback(53)) - raft.server.rpc.first-election.timeout.min = 5s (fallback to raft.server.rpc.timeout.min)
2023-01-24 12:23:08,288 [7141d06d-71d8-4a56-9b5d-23c6772b1ac6@group-34335D786654-FollowerState] INFO  server.RaftServerConfigKeys (ConfUtils.java:logFallback(53)) - raft.server.rpc.first-election.timeout.max = 5200ms (fallback to raft.server.rpc.timeout.max)
2023-01-24 12:23:08,291 [Command processor thread] INFO  keyvalue.KeyValueContainer (KeyValueContainer.java:flushAndSyncDB(439)) - Container 1 is synced with bcsId 0.
2023-01-24 12:23:08,295 [Command processor thread] INFO  keyvalue.KeyValueContainer (KeyValueContainer.java:flushAndSyncDB(439)) - Container 1 is synced with bcsId 0.
2023-01-24 12:23:08,297 [Command processor thread] INFO  keyvalue.KeyValueContainer (KeyValueContainer.java:close(354)) - Container 1 is closed with bcsId 0.
2023-01-24 12:23:08,317 [Command processor thread] INFO  keyvalue.KeyValueContainer (KeyValueContainer.java:flushAndSyncDB(439)) - Container 1 is synced with bcsId 0.
2023-01-24 12:23:08,318 [Command processor thread] INFO  keyvalue.KeyValueContainer (KeyValueContainer.java:flushAndSyncDB(439)) - Container 1 is synced with bcsId 0.
2023-01-24 12:23:08,324 [Command processor thread] INFO  keyvalue.KeyValueContainer (KeyValueContainer.java:close(354)) - Container 1 is closed with bcsId 0.
2023-01-24 12:23:08,342 [Command processor thread] INFO  keyvalue.KeyValueContainer (KeyValueContainer.java:flushAndSyncDB(439)) - Container 1 is synced with bcsId 0.
2023-01-24 12:23:08,342 [Command processor thread] INFO  keyvalue.KeyValueContainer (KeyValueContainer.java:flushAndSyncDB(439)) - Container 1 is synced with bcsId 0.
2023-01-24 12:23:08,347 [Command processor thread] INFO  keyvalue.KeyValueContainer (KeyValueContainer.java:close(354)) - Container 1 is closed with bcsId 0.
2023-01-24 12:23:08,366 [Listener at 127.0.0.1/46625] INFO  replication.ReplicationManager (ReplicationManager.java:stop(297)) - Stopping Replication Monitor Thread.
2023-01-24 12:23:08,367 [Over Replicated Processor] WARN  replication.UnhealthyReplicationProcessor (UnhealthyReplicationProcessor.java:run(141)) - Over Replicated Processor interrupted. Exiting...
2023-01-24 12:23:08,368 [Listener at 127.0.0.1/46625] INFO  replication.ReplicationManager (ReplicationManager.java:start(273)) - Replication Monitor Thread is already running.
2023-01-24 12:23:08,368 [Under Replicated Processor] WARN  replication.UnhealthyReplicationProcessor (UnhealthyReplicationProcessor.java:run(141)) - Under Replicated Processor interrupted. Exiting...
2023-01-24 12:23:08,368 [ReplicationMonitor] INFO  replication.ReplicationManager (ReplicationManager.java:run(668)) - Replication Monitor Thread is stopped
2023-01-24 12:23:09,176 [c6074cc5-da23-4fc2-b305-e072798acc5a@group-67DBD99A6914-FollowerState] INFO  impl.FollowerState (FollowerState.java:run(143)) - c6074cc5-da23-4fc2-b305-e072798acc5a@group-67DBD99A6914-FollowerState: change to CANDIDATE, lastRpcElapsedTime:5046343559ns, electionTimeout:5041ms
2023-01-24 12:23:09,176 [c6074cc5-da23-4fc2-b305-e072798acc5a@group-67DBD99A6914-FollowerState] INFO  impl.RoleInfo (RoleInfo.java:shutdownFollowerState(110)) - c6074cc5-da23-4fc2-b305-e072798acc5a: shutdown c6074cc5-da23-4fc2-b305-e072798acc5a@group-67DBD99A6914-FollowerState
2023-01-24 12:23:09,176 [c6074cc5-da23-4fc2-b305-e072798acc5a@group-67DBD99A6914-FollowerState] INFO  server.RaftServer$Division (RaftServerImpl.java:setRole(321)) - c6074cc5-da23-4fc2-b305-e072798acc5a@group-67DBD99A6914: changes role from  FOLLOWER to CANDIDATE at term 2 for changeToCandidate
2023-01-24 12:23:09,176 [c6074cc5-da23-4fc2-b305-e072798acc5a@group-67DBD99A6914-FollowerState] INFO  server.RaftServerConfigKeys (ConfUtils.java:logGet(46)) - raft.server.leaderelection.pre-vote = false (custom)
2023-01-24 12:23:09,176 [c6074cc5-da23-4fc2-b305-e072798acc5a@group-67DBD99A6914-FollowerState] INFO  impl.RoleInfo (RoleInfo.java:updateAndGet(139)) - c6074cc5-da23-4fc2-b305-e072798acc5a: start c6074cc5-da23-4fc2-b305-e072798acc5a@group-67DBD99A6914-LeaderElection28
2023-01-24 12:23:09,181 [c6074cc5-da23-4fc2-b305-e072798acc5a@group-67DBD99A6914-LeaderElection28] INFO  impl.LeaderElection (LeaderElection.java:askForVotes(312)) - c6074cc5-da23-4fc2-b305-e072798acc5a@group-67DBD99A6914-LeaderElection28 ELECTION round 0: submit vote requests at term 3 for -1: peers:[c6074cc5-da23-4fc2-b305-e072798acc5a|rpc:10.1.1.14:38087|dataStream:10.1.1.14:46483|priority:1|startupRole:FOLLOWER, 93701946-f5e3-4943-a932-e133db5deae9|rpc:10.1.1.14:32935|dataStream:10.1.1.14:45565|priority:0|startupRole:FOLLOWER, 7141d06d-71d8-4a56-9b5d-23c6772b1ac6|rpc:10.1.1.14:37745|dataStream:10.1.1.14:35891|priority:0|startupRole:FOLLOWER]|listeners:[], old=null
2023-01-24 12:23:09,183 [grpc-default-executor-4] INFO  server.RaftServer$Division (RaftServerImpl.java:requestVote(1218)) - 93701946-f5e3-4943-a932-e133db5deae9@group-67DBD99A6914: receive requestVote(ELECTION, c6074cc5-da23-4fc2-b305-e072798acc5a, group-67DBD99A6914, 3, (t:0, i:0))
2023-01-24 12:23:09,183 [grpc-default-executor-4] INFO  impl.VoteContext (VoteContext.java:log(49)) - 93701946-f5e3-4943-a932-e133db5deae9@group-67DBD99A6914-FOLLOWER: accept ELECTION from c6074cc5-da23-4fc2-b305-e072798acc5a: our priority 0 <= candidate's priority 1
2023-01-24 12:23:09,183 [grpc-default-executor-4] INFO  server.RaftServer$Division (RaftServerImpl.java:setRole(321)) - 93701946-f5e3-4943-a932-e133db5deae9@group-67DBD99A6914: changes role from  FOLLOWER to FOLLOWER at term 3 for candidate:c6074cc5-da23-4fc2-b305-e072798acc5a
2023-01-24 12:23:09,183 [grpc-default-executor-4] INFO  impl.RoleInfo (RoleInfo.java:shutdownFollowerState(110)) - 93701946-f5e3-4943-a932-e133db5deae9: shutdown 93701946-f5e3-4943-a932-e133db5deae9@group-67DBD99A6914-FollowerState
2023-01-24 12:23:09,183 [c6074cc5-da23-4fc2-b305-e072798acc5a@group-67DBD99A6914-LeaderElection28] INFO  server.RaftServerConfigKeys (ConfUtils.java:logFallback(53)) - raft.server.rpc.first-election.timeout.min = 5s (fallback to raft.server.rpc.timeout.min)
2023-01-24 12:23:09,184 [c6074cc5-da23-4fc2-b305-e072798acc5a@group-67DBD99A6914-LeaderElection28] INFO  server.RaftServerConfigKeys (ConfUtils.java:logFallback(53)) - raft.server.rpc.first-election.timeout.max = 5200ms (fallback to raft.server.rpc.timeout.max)
2023-01-24 12:23:09,184 [grpc-default-executor-4] INFO  impl.RoleInfo (RoleInfo.java:updateAndGet(139)) - 93701946-f5e3-4943-a932-e133db5deae9: start 93701946-f5e3-4943-a932-e133db5deae9@group-67DBD99A6914-FollowerState
2023-01-24 12:23:09,184 [93701946-f5e3-4943-a932-e133db5deae9@group-67DBD99A6914-FollowerState] INFO  impl.FollowerState (FollowerState.java:run(152)) - 93701946-f5e3-4943-a932-e133db5deae9@group-67DBD99A6914-FollowerState was interrupted
2023-01-24 12:23:09,185 [grpc-default-executor-3] INFO  server.RaftServer$Division (RaftServerImpl.java:requestVote(1218)) - 7141d06d-71d8-4a56-9b5d-23c6772b1ac6@group-67DBD99A6914: receive requestVote(ELECTION, c6074cc5-da23-4fc2-b305-e072798acc5a, group-67DBD99A6914, 3, (t:0, i:0))
2023-01-24 12:23:09,185 [grpc-default-executor-3] INFO  impl.VoteContext (VoteContext.java:log(49)) - 7141d06d-71d8-4a56-9b5d-23c6772b1ac6@group-67DBD99A6914-FOLLOWER: accept ELECTION from c6074cc5-da23-4fc2-b305-e072798acc5a: our priority 0 <= candidate's priority 1
2023-01-24 12:23:09,185 [grpc-default-executor-3] INFO  server.RaftServer$Division (RaftServerImpl.java:setRole(321)) - 7141d06d-71d8-4a56-9b5d-23c6772b1ac6@group-67DBD99A6914: changes role from  FOLLOWER to FOLLOWER at term 3 for candidate:c6074cc5-da23-4fc2-b305-e072798acc5a
2023-01-24 12:23:09,185 [grpc-default-executor-3] INFO  impl.RoleInfo (RoleInfo.java:shutdownFollowerState(110)) - 7141d06d-71d8-4a56-9b5d-23c6772b1ac6: shutdown 7141d06d-71d8-4a56-9b5d-23c6772b1ac6@group-67DBD99A6914-FollowerState
2023-01-24 12:23:09,186 [grpc-default-executor-3] INFO  impl.RoleInfo (RoleInfo.java:updateAndGet(139)) - 7141d06d-71d8-4a56-9b5d-23c6772b1ac6: start 7141d06d-71d8-4a56-9b5d-23c6772b1ac6@group-67DBD99A6914-FollowerState
2023-01-24 12:23:09,186 [7141d06d-71d8-4a56-9b5d-23c6772b1ac6@group-67DBD99A6914-FollowerState] INFO  impl.FollowerState (FollowerState.java:run(152)) - 7141d06d-71d8-4a56-9b5d-23c6772b1ac6@group-67DBD99A6914-FollowerState was interrupted
2023-01-24 12:23:09,186 [93701946-f5e3-4943-a932-e133db5deae9@group-67DBD99A6914-FollowerState] INFO  server.RaftServerConfigKeys (ConfUtils.java:logFallback(53)) - raft.server.rpc.first-election.timeout.min = 5s (fallback to raft.server.rpc.timeout.min)
2023-01-24 12:23:09,186 [93701946-f5e3-4943-a932-e133db5deae9@group-67DBD99A6914-FollowerState] INFO  server.RaftServerConfigKeys (ConfUtils.java:logFallback(53)) - raft.server.rpc.first-election.timeout.max = 5200ms (fallback to raft.server.rpc.timeout.max)
2023-01-24 12:23:09,189 [7141d06d-71d8-4a56-9b5d-23c6772b1ac6@group-67DBD99A6914-FollowerState] INFO  server.RaftServerConfigKeys (ConfUtils.java:logFallback(53)) - raft.server.rpc.first-election.timeout.min = 5s (fallback to raft.server.rpc.timeout.min)
2023-01-24 12:23:09,189 [7141d06d-71d8-4a56-9b5d-23c6772b1ac6@group-67DBD99A6914-FollowerState] INFO  server.RaftServerConfigKeys (ConfUtils.java:logFallback(53)) - raft.server.rpc.first-election.timeout.max = 5200ms (fallback to raft.server.rpc.timeout.max)
2023-01-24 12:23:09,189 [grpc-default-executor-4] INFO  server.RaftServer$Division (RaftServerImpl.java:requestVote(1251)) - 93701946-f5e3-4943-a932-e133db5deae9@group-67DBD99A6914 replies to ELECTION vote request: c6074cc5-da23-4fc2-b305-e072798acc5a<-93701946-f5e3-4943-a932-e133db5deae9#0:OK-t3. Peer's state: 93701946-f5e3-4943-a932-e133db5deae9@group-67DBD99A6914:t3, leader=null, voted=c6074cc5-da23-4fc2-b305-e072798acc5a, raftlog=Memoized:93701946-f5e3-4943-a932-e133db5deae9@group-67DBD99A6914-SegmentedRaftLog:OPENED:c-1, conf=-1: peers:[c6074cc5-da23-4fc2-b305-e072798acc5a|rpc:10.1.1.14:38087|dataStream:10.1.1.14:46483|priority:1|startupRole:FOLLOWER, 93701946-f5e3-4943-a932-e133db5deae9|rpc:10.1.1.14:32935|dataStream:10.1.1.14:45565|priority:0|startupRole:FOLLOWER, 7141d06d-71d8-4a56-9b5d-23c6772b1ac6|rpc:10.1.1.14:37745|dataStream:10.1.1.14:35891|priority:0|startupRole:FOLLOWER]|listeners:[], old=null
2023-01-24 12:23:09,191 [c6074cc5-da23-4fc2-b305-e072798acc5a@group-67DBD99A6914-LeaderElection28] INFO  impl.LeaderElection (LeaderElection.java:logAndReturn(90)) - c6074cc5-da23-4fc2-b305-e072798acc5a@group-67DBD99A6914-LeaderElection28: ELECTION PASSED received 1 response(s) and 0 exception(s):
2023-01-24 12:23:09,191 [c6074cc5-da23-4fc2-b305-e072798acc5a@group-67DBD99A6914-LeaderElection28] INFO  impl.LeaderElection (LeaderElection.java:logAndReturn(94)) -   Response 0: c6074cc5-da23-4fc2-b305-e072798acc5a<-93701946-f5e3-4943-a932-e133db5deae9#0:OK-t3
2023-01-24 12:23:09,191 [c6074cc5-da23-4fc2-b305-e072798acc5a@group-67DBD99A6914-LeaderElection28] INFO  impl.LeaderElection (LeaderElection.java:askForVotes(314)) - c6074cc5-da23-4fc2-b305-e072798acc5a@group-67DBD99A6914-LeaderElection28 ELECTION round 0: result PASSED
2023-01-24 12:23:09,191 [c6074cc5-da23-4fc2-b305-e072798acc5a@group-67DBD99A6914-LeaderElection28] INFO  impl.RoleInfo (RoleInfo.java:shutdownLeaderElection(130)) - c6074cc5-da23-4fc2-b305-e072798acc5a: shutdown c6074cc5-da23-4fc2-b305-e072798acc5a@group-67DBD99A6914-LeaderElection28
2023-01-24 12:23:09,191 [c6074cc5-da23-4fc2-b305-e072798acc5a@group-67DBD99A6914-LeaderElection28] INFO  server.RaftServer$Division (RaftServerImpl.java:setRole(321)) - c6074cc5-da23-4fc2-b305-e072798acc5a@group-67DBD99A6914: changes role from CANDIDATE to LEADER at term 3 for changeToLeader
2023-01-24 12:23:09,191 [c6074cc5-da23-4fc2-b305-e072798acc5a@group-67DBD99A6914-LeaderElection28] INFO  ratis.XceiverServerRatis (XceiverServerRatis.java:handleLeaderChangedNotification(904)) - Leader change notification received for group: group-67DBD99A6914 with new leaderId: c6074cc5-da23-4fc2-b305-e072798acc5a
2023-01-24 12:23:09,191 [c6074cc5-da23-4fc2-b305-e072798acc5a@group-67DBD99A6914-LeaderElection28] INFO  server.RaftServer$Division (ServerState.java:setLeader(313)) - c6074cc5-da23-4fc2-b305-e072798acc5a@group-67DBD99A6914: change Leader from null to c6074cc5-da23-4fc2-b305-e072798acc5a at term 3 for becomeLeader, leader elected after 15267ms
2023-01-24 12:23:09,191 [c6074cc5-da23-4fc2-b305-e072798acc5a@group-67DBD99A6914-LeaderElection28] INFO  server.RaftServerConfigKeys (ConfUtils.java:logGet(46)) - raft.server.staging.catchup.gap = 1000 (default)
2023-01-24 12:23:09,191 [c6074cc5-da23-4fc2-b305-e072798acc5a@group-67DBD99A6914-LeaderElection28] INFO  server.RaftServerConfigKeys (ConfUtils.java:logGet(46)) - raft.server.write.element-limit = 1024 (custom)
2023-01-24 12:23:09,191 [c6074cc5-da23-4fc2-b305-e072798acc5a@group-67DBD99A6914-LeaderElection28] INFO  server.RaftServerConfigKeys (ConfUtils.java:logGet(46)) - raft.server.write.byte-limit = 1024 M (=1073741824) (custom)
2023-01-24 12:23:09,191 [c6074cc5-da23-4fc2-b305-e072798acc5a@group-67DBD99A6914-LeaderElection28] INFO  server.RaftServerConfigKeys (ConfUtils.java:logGet(46)) - raft.server.watch.timeout = 180s (custom)
2023-01-24 12:23:09,191 [c6074cc5-da23-4fc2-b305-e072798acc5a@group-67DBD99A6914-LeaderElection28] INFO  server.RaftServerConfigKeys (ConfUtils.java:logGet(46)) - raft.server.watch.timeout.denomination = 1s (default)
2023-01-24 12:23:09,191 [c6074cc5-da23-4fc2-b305-e072798acc5a@group-67DBD99A6914-LeaderElection28] INFO  server.RaftServerConfigKeys (ConfUtils.java:logGet(46)) - raft.server.watch.element-limit = 65536 (default)
2023-01-24 12:23:09,191 [c6074cc5-da23-4fc2-b305-e072798acc5a@group-67DBD99A6914-LeaderElection28] INFO  server.RaftServerConfigKeys (ConfUtils.java:logGet(46)) - raft.server.write.element-limit = 1024 (custom)
2023-01-24 12:23:09,192 [c6074cc5-da23-4fc2-b305-e072798acc5a@group-67DBD99A6914-LeaderElection28] INFO  server.RaftServerConfigKeys (ConfUtils.java:logGet(46)) - raft.server.write.follower.gap.ratio.max = -1.0 (default)
2023-01-24 12:23:09,192 [c6074cc5-da23-4fc2-b305-e072798acc5a@group-67DBD99A6914-LeaderElection28] INFO  server.RaftServerConfigKeys (ConfUtils.java:logGet(46)) - raft.server.log.appender.snapshot.chunk.size.max = 16MB (=16777216) (default)
2023-01-24 12:23:09,192 [c6074cc5-da23-4fc2-b305-e072798acc5a@group-67DBD99A6914-LeaderElection28] INFO  server.RaftServerConfigKeys (ConfUtils.java:logGet(46)) - raft.server.log.appender.buffer.byte-limit = 33554432 (custom)
2023-01-24 12:23:09,192 [c6074cc5-da23-4fc2-b305-e072798acc5a@group-67DBD99A6914-LeaderElection28] INFO  server.RaftServerConfigKeys (ConfUtils.java:logGet(46)) - raft.server.log.appender.buffer.element-limit = 1 (custom)
2023-01-24 12:23:09,192 [c6074cc5-da23-4fc2-b305-e072798acc5a@group-67DBD99A6914-LeaderElection28] INFO  grpc.GrpcConfigKeys (ConfUtils.java:logGet(46)) - raft.grpc.server.leader.outstanding.appends.max = 128 (default)
2023-01-24 12:23:09,192 [c6074cc5-da23-4fc2-b305-e072798acc5a@group-67DBD99A6914-LeaderElection28] INFO  server.RaftServerConfigKeys (ConfUtils.java:logGet(46)) - raft.server.rpc.request.timeout = 60s (custom)
2023-01-24 12:23:09,192 [c6074cc5-da23-4fc2-b305-e072798acc5a@group-67DBD99A6914-LeaderElection28] INFO  server.RaftServerConfigKeys (ConfUtils.java:logGet(46)) - raft.server.log.appender.install.snapshot.enabled = false (custom)
2023-01-24 12:23:09,192 [c6074cc5-da23-4fc2-b305-e072798acc5a@group-67DBD99A6914-LeaderElection28] INFO  grpc.GrpcConfigKeys (ConfUtils.java:logGet(46)) - raft.grpc.server.heartbeat.channel = true (default)
2023-01-24 12:23:09,192 [c6074cc5-da23-4fc2-b305-e072798acc5a@group-67DBD99A6914-LeaderElection28] INFO  server.RaftServerConfigKeys (ConfUtils.java:logGet(46)) - raft.server.log.appender.wait-time.min = 10ms (default)
2023-01-24 12:23:09,193 [c6074cc5-da23-4fc2-b305-e072798acc5a@group-67DBD99A6914-LeaderElection28] INFO  server.RaftServerConfigKeys (ConfUtils.java:logGet(46)) - raft.server.log.appender.snapshot.chunk.size.max = 16MB (=16777216) (default)
2023-01-24 12:23:09,193 [c6074cc5-da23-4fc2-b305-e072798acc5a@group-67DBD99A6914-LeaderElection28] INFO  server.RaftServerConfigKeys (ConfUtils.java:logGet(46)) - raft.server.log.appender.buffer.byte-limit = 33554432 (custom)
2023-01-24 12:23:09,193 [c6074cc5-da23-4fc2-b305-e072798acc5a@group-67DBD99A6914-LeaderElection28] INFO  server.RaftServerConfigKeys (ConfUtils.java:logGet(46)) - raft.server.log.appender.buffer.element-limit = 1 (custom)
2023-01-24 12:23:09,193 [c6074cc5-da23-4fc2-b305-e072798acc5a@group-67DBD99A6914-LeaderElection28] INFO  grpc.GrpcConfigKeys (ConfUtils.java:logGet(46)) - raft.grpc.server.leader.outstanding.appends.max = 128 (default)
2023-01-24 12:23:09,193 [c6074cc5-da23-4fc2-b305-e072798acc5a@group-67DBD99A6914-LeaderElection28] INFO  server.RaftServerConfigKeys (ConfUtils.java:logGet(46)) - raft.server.rpc.request.timeout = 60s (custom)
2023-01-24 12:23:09,193 [c6074cc5-da23-4fc2-b305-e072798acc5a@group-67DBD99A6914-LeaderElection28] INFO  server.RaftServerConfigKeys (ConfUtils.java:logGet(46)) - raft.server.log.appender.install.snapshot.enabled = false (custom)
2023-01-24 12:23:09,193 [c6074cc5-da23-4fc2-b305-e072798acc5a@group-67DBD99A6914-LeaderElection28] INFO  grpc.GrpcConfigKeys (ConfUtils.java:logGet(46)) - raft.grpc.server.heartbeat.channel = true (default)
2023-01-24 12:23:09,193 [c6074cc5-da23-4fc2-b305-e072798acc5a@group-67DBD99A6914-LeaderElection28] INFO  server.RaftServerConfigKeys (ConfUtils.java:logGet(46)) - raft.server.log.appender.wait-time.min = 10ms (default)
2023-01-24 12:23:09,193 [c6074cc5-da23-4fc2-b305-e072798acc5a@group-67DBD99A6914-LeaderElection28] INFO  impl.RoleInfo (RoleInfo.java:updateAndGet(139)) - c6074cc5-da23-4fc2-b305-e072798acc5a: start c6074cc5-da23-4fc2-b305-e072798acc5a@group-67DBD99A6914-LeaderStateImpl
2023-01-24 12:23:09,193 [c6074cc5-da23-4fc2-b305-e072798acc5a@group-67DBD99A6914-LeaderElection28] INFO  segmented.SegmentedRaftLogWorker (SegmentedRaftLogWorker.java:startLogSegment(452)) - c6074cc5-da23-4fc2-b305-e072798acc5a@group-67DBD99A6914-SegmentedRaftLogWorker: Starting segment from index:0
2023-01-24 12:23:09,194 [grpc-default-executor-3] INFO  server.RaftServer$Division (RaftServerImpl.java:requestVote(1251)) - 7141d06d-71d8-4a56-9b5d-23c6772b1ac6@group-67DBD99A6914 replies to ELECTION vote request: c6074cc5-da23-4fc2-b305-e072798acc5a<-7141d06d-71d8-4a56-9b5d-23c6772b1ac6#0:OK-t3. Peer's state: 7141d06d-71d8-4a56-9b5d-23c6772b1ac6@group-67DBD99A6914:t3, leader=null, voted=c6074cc5-da23-4fc2-b305-e072798acc5a, raftlog=Memoized:7141d06d-71d8-4a56-9b5d-23c6772b1ac6@group-67DBD99A6914-SegmentedRaftLog:OPENED:c-1, conf=-1: peers:[c6074cc5-da23-4fc2-b305-e072798acc5a|rpc:10.1.1.14:38087|dataStream:10.1.1.14:46483|priority:1|startupRole:FOLLOWER, 93701946-f5e3-4943-a932-e133db5deae9|rpc:10.1.1.14:32935|dataStream:10.1.1.14:45565|priority:0|startupRole:FOLLOWER, 7141d06d-71d8-4a56-9b5d-23c6772b1ac6|rpc:10.1.1.14:37745|dataStream:10.1.1.14:35891|priority:0|startupRole:FOLLOWER]|listeners:[], old=null
2023-01-24 12:23:09,196 [EventQueue-PipelineReportForPipelineReportHandler] INFO  pipeline.PipelineManagerImpl (PipelineManagerImpl.java:openPipeline(367)) - Pipeline Pipeline[ Id: e11cad59-a9c3-4779-a0df-67dbd99a6914, Nodes: 93701946-f5e3-4943-a932-e133db5deae9(fv-az83-645.uavyq1izdhte5b0ne1us2eqzhb.jx.internal.cloudapp.net/10.1.1.14)c6074cc5-da23-4fc2-b305-e072798acc5a(fv-az83-645.uavyq1izdhte5b0ne1us2eqzhb.jx.internal.cloudapp.net/10.1.1.14)7141d06d-71d8-4a56-9b5d-23c6772b1ac6(fv-az83-645.uavyq1izdhte5b0ne1us2eqzhb.jx.internal.cloudapp.net/10.1.1.14), ReplicationConfig: RATIS/THREE, State:ALLOCATED, leaderId:c6074cc5-da23-4fc2-b305-e072798acc5a, CreationTimestamp2023-01-24T12:22:50.757Z[Etc/UTC]] moved to OPEN state
2023-01-24 12:23:09,196 [c6074cc5-da23-4fc2-b305-e072798acc5a@group-67DBD99A6914-SegmentedRaftLogWorker] INFO  segmented.SegmentedRaftLogWorker (SegmentedRaftLogWorker.java:execute(656)) - c6074cc5-da23-4fc2-b305-e072798acc5a@group-67DBD99A6914-SegmentedRaftLogWorker: created new log segment /home/runner/work/ozone/ozone/hadoop-ozone/integration-test/target/test-dir/MiniOzoneClusterImpl-9ddee5dd-a9b0-4f84-bf8c-5f63b859aaaf/datanode-0/data/ratis/e11cad59-a9c3-4779-a0df-67dbd99a6914/current/log_inprogress_0
2023-01-24 12:23:09,207 [c6074cc5-da23-4fc2-b305-e072798acc5a@group-67DBD99A6914-LeaderElection28] INFO  server.RaftServer$Division (ServerState.java:setRaftConf(430)) - c6074cc5-da23-4fc2-b305-e072798acc5a@group-67DBD99A6914: set configuration 0: peers:[c6074cc5-da23-4fc2-b305-e072798acc5a|rpc:10.1.1.14:38087|dataStream:10.1.1.14:46483|priority:1|startupRole:FOLLOWER, 93701946-f5e3-4943-a932-e133db5deae9|rpc:10.1.1.14:32935|dataStream:10.1.1.14:45565|priority:0|startupRole:FOLLOWER, 7141d06d-71d8-4a56-9b5d-23c6772b1ac6|rpc:10.1.1.14:37745|dataStream:10.1.1.14:35891|priority:0|startupRole:FOLLOWER]|listeners:[], old=null
2023-01-24 12:23:09,221 [93701946-f5e3-4943-a932-e133db5deae9-server-thread2] INFO  ratis.XceiverServerRatis (XceiverServerRatis.java:handleLeaderChangedNotification(904)) - Leader change notification received for group: group-67DBD99A6914 with new leaderId: c6074cc5-da23-4fc2-b305-e072798acc5a
2023-01-24 12:23:09,221 [93701946-f5e3-4943-a932-e133db5deae9-server-thread2] INFO  server.RaftServer$Division (ServerState.java:setLeader(313)) - 93701946-f5e3-4943-a932-e133db5deae9@group-67DBD99A6914: change Leader from null to c6074cc5-da23-4fc2-b305-e072798acc5a at term 3 for appendEntries, leader elected after 15335ms
2023-01-24 12:23:09,227 [93701946-f5e3-4943-a932-e133db5deae9-server-thread2] INFO  server.RaftServer$Division (ServerState.java:setRaftConf(430)) - 93701946-f5e3-4943-a932-e133db5deae9@group-67DBD99A6914: set configuration 0: peers:[c6074cc5-da23-4fc2-b305-e072798acc5a|rpc:10.1.1.14:38087|dataStream:10.1.1.14:46483|priority:1|startupRole:FOLLOWER, 93701946-f5e3-4943-a932-e133db5deae9|rpc:10.1.1.14:32935|dataStream:10.1.1.14:45565|priority:0|startupRole:FOLLOWER, 7141d06d-71d8-4a56-9b5d-23c6772b1ac6|rpc:10.1.1.14:37745|dataStream:10.1.1.14:35891|priority:0|startupRole:FOLLOWER]|listeners:[], old=null
2023-01-24 12:23:09,227 [93701946-f5e3-4943-a932-e133db5deae9-server-thread2] INFO  segmented.SegmentedRaftLogWorker (SegmentedRaftLogWorker.java:startLogSegment(452)) - 93701946-f5e3-4943-a932-e133db5deae9@group-67DBD99A6914-SegmentedRaftLogWorker: Starting segment from index:0
2023-01-24 12:23:09,228 [93701946-f5e3-4943-a932-e133db5deae9@group-67DBD99A6914-SegmentedRaftLogWorker] INFO  segmented.SegmentedRaftLogWorker (SegmentedRaftLogWorker.java:execute(656)) - 93701946-f5e3-4943-a932-e133db5deae9@group-67DBD99A6914-SegmentedRaftLogWorker: created new log segment /home/runner/work/ozone/ozone/hadoop-ozone/integration-test/target/test-dir/MiniOzoneClusterImpl-9ddee5dd-a9b0-4f84-bf8c-5f63b859aaaf/datanode-2/data/ratis/e11cad59-a9c3-4779-a0df-67dbd99a6914/current/log_inprogress_0
2023-01-24 12:23:09,234 [grpc-default-executor-4] WARN  server.GrpcLogAppender (LogUtils.java:warn(122)) - fb483a44-74cc-4237-a554-a68f3575ba39@group-67431DBC43D0->f9d7edb3-f6c7-431a-8d5c-722e1f28718f-AppendLogResponseHandler: Failed appendEntries: org.apache.ratis.thirdparty.io.grpc.StatusRuntimeException: UNAVAILABLE: io exception
2023-01-24 12:23:09,234 [grpc-default-executor-2] WARN  server.GrpcLogAppender (LogUtils.java:warn(122)) - fb483a44-74cc-4237-a554-a68f3575ba39@group-67431DBC43D0->f9d7edb3-f6c7-431a-8d5c-722e1f28718f-AppendLogResponseHandler: Failed appendEntries: org.apache.ratis.thirdparty.io.grpc.StatusRuntimeException: UNAVAILABLE: io exception
2023-01-24 12:23:09,235 [grpc-default-executor-4] WARN  server.GrpcLogAppender (GrpcLogAppender.java:resetClient(131)) - fb483a44-74cc-4237-a554-a68f3575ba39@group-67431DBC43D0->f9d7edb3-f6c7-431a-8d5c-722e1f28718f-GrpcLogAppender: Leader has not got in touch with Follower fb483a44-74cc-4237-a554-a68f3575ba39@group-67431DBC43D0->f9d7edb3-f6c7-431a-8d5c-722e1f28718f(c0,m0,n1, attendVote=true, lastRpcSendTime=1251, lastRpcResponseTime=8789) yet, just keep nextIndex unchanged and retry.
2023-01-24 12:23:09,235 [grpc-default-executor-2] WARN  server.GrpcLogAppender (GrpcLogAppender.java:resetClient(131)) - fb483a44-74cc-4237-a554-a68f3575ba39@group-67431DBC43D0->f9d7edb3-f6c7-431a-8d5c-722e1f28718f-GrpcLogAppender: Leader has not got in touch with Follower fb483a44-74cc-4237-a554-a68f3575ba39@group-67431DBC43D0->f9d7edb3-f6c7-431a-8d5c-722e1f28718f(c0,m0,n1, attendVote=true, lastRpcSendTime=1252, lastRpcResponseTime=8789) yet, just keep nextIndex unchanged and retry.
2023-01-24 12:23:09,237 [grpc-default-executor-2] WARN  server.GrpcLogAppender (LogUtils.java:warn(122)) - fb483a44-74cc-4237-a554-a68f3575ba39@group-67431DBC43D0->f9d7edb3-f6c7-431a-8d5c-722e1f28718f-AppendLogResponseHandler: Failed appendEntries: org.apache.ratis.thirdparty.io.grpc.StatusRuntimeException: UNAVAILABLE: io exception
2023-01-24 12:23:09,237 [grpc-default-executor-4] WARN  server.GrpcLogAppender (LogUtils.java:warn(122)) - fb483a44-74cc-4237-a554-a68f3575ba39@group-67431DBC43D0->f9d7edb3-f6c7-431a-8d5c-722e1f28718f-AppendLogResponseHandler: Failed appendEntries: org.apache.ratis.thirdparty.io.grpc.StatusRuntimeException: UNAVAILABLE: io exception
2023-01-24 12:23:09,238 [grpc-default-executor-2] WARN  server.GrpcLogAppender (GrpcLogAppender.java:resetClient(131)) - fb483a44-74cc-4237-a554-a68f3575ba39@group-67431DBC43D0->f9d7edb3-f6c7-431a-8d5c-722e1f28718f-GrpcLogAppender: Leader has not got in touch with Follower fb483a44-74cc-4237-a554-a68f3575ba39@group-67431DBC43D0->f9d7edb3-f6c7-431a-8d5c-722e1f28718f(c0,m0,n1, attendVote=true, lastRpcSendTime=0, lastRpcResponseTime=8792) yet, just keep nextIndex unchanged and retry.
2023-01-24 12:23:09,238 [grpc-default-executor-4] WARN  server.GrpcLogAppender (GrpcLogAppender.java:resetClient(131)) - fb483a44-74cc-4237-a554-a68f3575ba39@group-67431DBC43D0->f9d7edb3-f6c7-431a-8d5c-722e1f28718f-GrpcLogAppender: Leader has not got in touch with Follower fb483a44-74cc-4237-a554-a68f3575ba39@group-67431DBC43D0->f9d7edb3-f6c7-431a-8d5c-722e1f28718f(c0,m0,n1, attendVote=true, lastRpcSendTime=0, lastRpcResponseTime=8792) yet, just keep nextIndex unchanged and retry.
2023-01-24 12:23:09,240 [7141d06d-71d8-4a56-9b5d-23c6772b1ac6-server-thread1] INFO  ratis.XceiverServerRatis (XceiverServerRatis.java:handleLeaderChangedNotification(904)) - Leader change notification received for group: group-67DBD99A6914 with new leaderId: c6074cc5-da23-4fc2-b305-e072798acc5a
2023-01-24 12:23:09,240 [7141d06d-71d8-4a56-9b5d-23c6772b1ac6-server-thread1] INFO  server.RaftServer$Division (ServerState.java:setLeader(313)) - 7141d06d-71d8-4a56-9b5d-23c6772b1ac6@group-67DBD99A6914: change Leader from null to c6074cc5-da23-4fc2-b305-e072798acc5a at term 3 for appendEntries, leader elected after 15640ms
2023-01-24 12:23:09,246 [7141d06d-71d8-4a56-9b5d-23c6772b1ac6-server-thread2] INFO  server.RaftServer$Division (ServerState.java:setRaftConf(430)) - 7141d06d-71d8-4a56-9b5d-23c6772b1ac6@group-67DBD99A6914: set configuration 0: peers:[c6074cc5-da23-4fc2-b305-e072798acc5a|rpc:10.1.1.14:38087|dataStream:10.1.1.14:46483|priority:1|startupRole:FOLLOWER, 93701946-f5e3-4943-a932-e133db5deae9|rpc:10.1.1.14:32935|dataStream:10.1.1.14:45565|priority:0|startupRole:FOLLOWER, 7141d06d-71d8-4a56-9b5d-23c6772b1ac6|rpc:10.1.1.14:37745|dataStream:10.1.1.14:35891|priority:0|startupRole:FOLLOWER]|listeners:[], old=null
2023-01-24 12:23:09,246 [7141d06d-71d8-4a56-9b5d-23c6772b1ac6-server-thread2] INFO  segmented.SegmentedRaftLogWorker (SegmentedRaftLogWorker.java:startLogSegment(452)) - 7141d06d-71d8-4a56-9b5d-23c6772b1ac6@group-67DBD99A6914-SegmentedRaftLogWorker: Starting segment from index:0
2023-01-24 12:23:09,247 [7141d06d-71d8-4a56-9b5d-23c6772b1ac6@group-67DBD99A6914-SegmentedRaftLogWorker] INFO  segmented.SegmentedRaftLogWorker (SegmentedRaftLogWorker.java:execute(656)) - 7141d06d-71d8-4a56-9b5d-23c6772b1ac6@group-67DBD99A6914-SegmentedRaftLogWorker: created new log segment /home/runner/work/ozone/ozone/hadoop-ozone/integration-test/target/test-dir/MiniOzoneClusterImpl-9ddee5dd-a9b0-4f84-bf8c-5f63b859aaaf/datanode-1/data/ratis/e11cad59-a9c3-4779-a0df-67dbd99a6914/current/log_inprogress_0
2023-01-24 12:23:09,747 [3f0205b3-740b-4219-bfdb-76da739fef9e@group-A2C53E516D65-FollowerState] INFO  impl.FollowerState (FollowerState.java:run(143)) - 3f0205b3-740b-4219-bfdb-76da739fef9e@group-A2C53E516D65-FollowerState: change to CANDIDATE, lastRpcElapsedTime:5122757370ns, electionTimeout:5112ms
2023-01-24 12:23:09,747 [3f0205b3-740b-4219-bfdb-76da739fef9e@group-A2C53E516D65-FollowerState] INFO  impl.RoleInfo (RoleInfo.java:shutdownFollowerState(110)) - 3f0205b3-740b-4219-bfdb-76da739fef9e: shutdown 3f0205b3-740b-4219-bfdb-76da739fef9e@group-A2C53E516D65-FollowerState
2023-01-24 12:23:09,747 [3f0205b3-740b-4219-bfdb-76da739fef9e@group-A2C53E516D65-FollowerState] INFO  server.RaftServer$Division (RaftServerImpl.java:setRole(321)) - 3f0205b3-740b-4219-bfdb-76da739fef9e@group-A2C53E516D65: changes role from  FOLLOWER to CANDIDATE at term 2 for changeToCandidate
2023-01-24 12:23:09,747 [3f0205b3-740b-4219-bfdb-76da739fef9e@group-A2C53E516D65-FollowerState] INFO  server.RaftServerConfigKeys (ConfUtils.java:logGet(46)) - raft.server.leaderelection.pre-vote = false (custom)
2023-01-24 12:23:09,747 [3f0205b3-740b-4219-bfdb-76da739fef9e@group-A2C53E516D65-FollowerState] INFO  impl.RoleInfo (RoleInfo.java:updateAndGet(139)) - 3f0205b3-740b-4219-bfdb-76da739fef9e: start 3f0205b3-740b-4219-bfdb-76da739fef9e@group-A2C53E516D65-LeaderElection29
2023-01-24 12:23:09,754 [3f0205b3-740b-4219-bfdb-76da739fef9e@group-A2C53E516D65-LeaderElection29] INFO  impl.LeaderElection (LeaderElection.java:askForVotes(312)) - 3f0205b3-740b-4219-bfdb-76da739fef9e@group-A2C53E516D65-LeaderElection29 ELECTION round 0: submit vote requests at term 3 for -1: peers:[4243b07b-dbe8-44bd-919c-c5b59c546d4c|rpc:10.1.1.14:38729|dataStream:10.1.1.14:33721|priority:0|startupRole:FOLLOWER, 8d5822ee-b1dd-46af-beb1-0638b7fa15fc|rpc:10.1.1.14:38873|dataStream:10.1.1.14:42631|priority:1|startupRole:FOLLOWER, 3f0205b3-740b-4219-bfdb-76da739fef9e|rpc:10.1.1.14:39411|dataStream:10.1.1.14:35799|priority:0|startupRole:FOLLOWER]|listeners:[], old=null
2023-01-24 12:23:09,758 [grpc-default-executor-3] INFO  server.RaftServer$Division (RaftServerImpl.java:requestVote(1218)) - 4243b07b-dbe8-44bd-919c-c5b59c546d4c@group-A2C53E516D65: receive requestVote(ELECTION, 3f0205b3-740b-4219-bfdb-76da739fef9e, group-A2C53E516D65, 3, (t:0, i:0))
2023-01-24 12:23:09,759 [grpc-default-executor-3] INFO  impl.VoteContext (VoteContext.java:log(49)) - 4243b07b-dbe8-44bd-919c-c5b59c546d4c@group-A2C53E516D65-FOLLOWER: accept ELECTION from 3f0205b3-740b-4219-bfdb-76da739fef9e: our priority 0 <= candidate's priority 0
2023-01-24 12:23:09,759 [grpc-default-executor-3] INFO  server.RaftServer$Division (RaftServerImpl.java:setRole(321)) - 4243b07b-dbe8-44bd-919c-c5b59c546d4c@group-A2C53E516D65: changes role from  FOLLOWER to FOLLOWER at term 3 for candidate:3f0205b3-740b-4219-bfdb-76da739fef9e
2023-01-24 12:23:09,759 [grpc-default-executor-3] INFO  impl.RoleInfo (RoleInfo.java:shutdownFollowerState(110)) - 4243b07b-dbe8-44bd-919c-c5b59c546d4c: shutdown 4243b07b-dbe8-44bd-919c-c5b59c546d4c@group-A2C53E516D65-FollowerState
2023-01-24 12:23:09,759 [3f0205b3-740b-4219-bfdb-76da739fef9e@group-A2C53E516D65-LeaderElection29] INFO  server.RaftServerConfigKeys (ConfUtils.java:logFallback(53)) - raft.server.rpc.first-election.timeout.min = 5s (fallback to raft.server.rpc.timeout.min)
2023-01-24 12:23:09,759 [grpc-default-executor-3] INFO  impl.RoleInfo (RoleInfo.java:updateAndGet(139)) - 4243b07b-dbe8-44bd-919c-c5b59c546d4c: start 4243b07b-dbe8-44bd-919c-c5b59c546d4c@group-A2C53E516D65-FollowerState
2023-01-24 12:23:09,759 [4243b07b-dbe8-44bd-919c-c5b59c546d4c@group-A2C53E516D65-FollowerState] INFO  impl.FollowerState (FollowerState.java:run(152)) - 4243b07b-dbe8-44bd-919c-c5b59c546d4c@group-A2C53E516D65-FollowerState was interrupted
2023-01-24 12:23:09,759 [3f0205b3-740b-4219-bfdb-76da739fef9e@group-A2C53E516D65-LeaderElection29] INFO  server.RaftServerConfigKeys (ConfUtils.java:logFallback(53)) - raft.server.rpc.first-election.timeout.max = 5200ms (fallback to raft.server.rpc.timeout.max)
2023-01-24 12:23:09,761 [grpc-default-executor-4] INFO  server.RaftServer$Division (RaftServerImpl.java:requestVote(1218)) - 8d5822ee-b1dd-46af-beb1-0638b7fa15fc@group-A2C53E516D65: receive requestVote(ELECTION, 3f0205b3-740b-4219-bfdb-76da739fef9e, group-A2C53E516D65, 3, (t:0, i:0))
2023-01-24 12:23:09,761 [grpc-default-executor-4] INFO  impl.VoteContext (VoteContext.java:log(49)) - 8d5822ee-b1dd-46af-beb1-0638b7fa15fc@group-A2C53E516D65-FOLLOWER: reject ELECTION from 3f0205b3-740b-4219-bfdb-76da739fef9e: our priority 1 > candidate's priority 0
2023-01-24 12:23:09,761 [grpc-default-executor-4] INFO  server.RaftServer$Division (RaftServerImpl.java:setRole(321)) - 8d5822ee-b1dd-46af-beb1-0638b7fa15fc@group-A2C53E516D65: changes role from  FOLLOWER to FOLLOWER at term 3 for candidate:3f0205b3-740b-4219-bfdb-76da739fef9e
2023-01-24 12:23:09,762 [grpc-default-executor-4] INFO  impl.RoleInfo (RoleInfo.java:shutdownFollowerState(110)) - 8d5822ee-b1dd-46af-beb1-0638b7fa15fc: shutdown 8d5822ee-b1dd-46af-beb1-0638b7fa15fc@group-A2C53E516D65-FollowerState
2023-01-24 12:23:09,764 [grpc-default-executor-4] INFO  impl.RoleInfo (RoleInfo.java:updateAndGet(139)) - 8d5822ee-b1dd-46af-beb1-0638b7fa15fc: start 8d5822ee-b1dd-46af-beb1-0638b7fa15fc@group-A2C53E516D65-FollowerState
2023-01-24 12:23:09,764 [8d5822ee-b1dd-46af-beb1-0638b7fa15fc@group-A2C53E516D65-FollowerState] INFO  impl.FollowerState (FollowerState.java:run(152)) - 8d5822ee-b1dd-46af-beb1-0638b7fa15fc@group-A2C53E516D65-FollowerState was interrupted
2023-01-24 12:23:09,764 [4243b07b-dbe8-44bd-919c-c5b59c546d4c@group-A2C53E516D65-FollowerState] INFO  server.RaftServerConfigKeys (ConfUtils.java:logFallback(53)) - raft.server.rpc.first-election.timeout.min = 5s (fallback to raft.server.rpc.timeout.min)
2023-01-24 12:23:09,764 [4243b07b-dbe8-44bd-919c-c5b59c546d4c@group-A2C53E516D65-FollowerState] INFO  server.RaftServerConfigKeys (ConfUtils.java:logFallback(53)) - raft.server.rpc.first-election.timeout.max = 5200ms (fallback to raft.server.rpc.timeout.max)
2023-01-24 12:23:09,764 [grpc-default-executor-3] INFO  server.RaftServer$Division (RaftServerImpl.java:requestVote(1251)) - 4243b07b-dbe8-44bd-919c-c5b59c546d4c@group-A2C53E516D65 replies to ELECTION vote request: 3f0205b3-740b-4219-bfdb-76da739fef9e<-4243b07b-dbe8-44bd-919c-c5b59c546d4c#0:OK-t3. Peer's state: 4243b07b-dbe8-44bd-919c-c5b59c546d4c@group-A2C53E516D65:t3, leader=null, voted=3f0205b3-740b-4219-bfdb-76da739fef9e, raftlog=Memoized:4243b07b-dbe8-44bd-919c-c5b59c546d4c@group-A2C53E516D65-SegmentedRaftLog:OPENED:c-1, conf=-1: peers:[4243b07b-dbe8-44bd-919c-c5b59c546d4c|rpc:10.1.1.14:38729|dataStream:10.1.1.14:33721|priority:0|startupRole:FOLLOWER, 8d5822ee-b1dd-46af-beb1-0638b7fa15fc|rpc:10.1.1.14:38873|dataStream:10.1.1.14:42631|priority:1|startupRole:FOLLOWER, 3f0205b3-740b-4219-bfdb-76da739fef9e|rpc:10.1.1.14:39411|dataStream:10.1.1.14:35799|priority:0|startupRole:FOLLOWER]|listeners:[], old=null
2023-01-24 12:23:09,768 [grpc-default-executor-4] INFO  server.RaftServer$Division (RaftServerImpl.java:requestVote(1251)) - 8d5822ee-b1dd-46af-beb1-0638b7fa15fc@group-A2C53E516D65 replies to ELECTION vote request: 3f0205b3-740b-4219-bfdb-76da739fef9e<-8d5822ee-b1dd-46af-beb1-0638b7fa15fc#0:FAIL-t3. Peer's state: 8d5822ee-b1dd-46af-beb1-0638b7fa15fc@group-A2C53E516D65:t3, leader=null, voted=null, raftlog=Memoized:8d5822ee-b1dd-46af-beb1-0638b7fa15fc@group-A2C53E516D65-SegmentedRaftLog:OPENED:c-1, conf=-1: peers:[4243b07b-dbe8-44bd-919c-c5b59c546d4c|rpc:10.1.1.14:38729|dataStream:10.1.1.14:33721|priority:0|startupRole:FOLLOWER, 8d5822ee-b1dd-46af-beb1-0638b7fa15fc|rpc:10.1.1.14:38873|dataStream:10.1.1.14:42631|priority:1|startupRole:FOLLOWER, 3f0205b3-740b-4219-bfdb-76da739fef9e|rpc:10.1.1.14:39411|dataStream:10.1.1.14:35799|priority:0|startupRole:FOLLOWER]|listeners:[], old=null
2023-01-24 12:23:09,769 [8d5822ee-b1dd-46af-beb1-0638b7fa15fc@group-A2C53E516D65-FollowerState] INFO  server.RaftServerConfigKeys (ConfUtils.java:logFallback(53)) - raft.server.rpc.first-election.timeout.min = 5s (fallback to raft.server.rpc.timeout.min)
2023-01-24 12:23:09,770 [8d5822ee-b1dd-46af-beb1-0638b7fa15fc@group-A2C53E516D65-FollowerState] INFO  server.RaftServerConfigKeys (ConfUtils.java:logFallback(53)) - raft.server.rpc.first-election.timeout.max = 5200ms (fallback to raft.server.rpc.timeout.max)
2023-01-24 12:23:09,771 [3f0205b3-740b-4219-bfdb-76da739fef9e@group-A2C53E516D65-LeaderElection29] INFO  impl.LeaderElection (LeaderElection.java:logAndReturn(90)) - 3f0205b3-740b-4219-bfdb-76da739fef9e@group-A2C53E516D65-LeaderElection29: ELECTION REJECTED received 2 response(s) and 0 exception(s):
2023-01-24 12:23:09,771 [3f0205b3-740b-4219-bfdb-76da739fef9e@group-A2C53E516D65-LeaderElection29] INFO  impl.LeaderElection (LeaderElection.java:logAndReturn(94)) -   Response 0: 3f0205b3-740b-4219-bfdb-76da739fef9e<-4243b07b-dbe8-44bd-919c-c5b59c546d4c#0:OK-t3
2023-01-24 12:23:09,771 [3f0205b3-740b-4219-bfdb-76da739fef9e@group-A2C53E516D65-LeaderElection29] INFO  impl.LeaderElection (LeaderElection.java:logAndReturn(94)) -   Response 1: 3f0205b3-740b-4219-bfdb-76da739fef9e<-8d5822ee-b1dd-46af-beb1-0638b7fa15fc#0:FAIL-t3
2023-01-24 12:23:09,771 [3f0205b3-740b-4219-bfdb-76da739fef9e@group-A2C53E516D65-LeaderElection29] INFO  impl.LeaderElection (LeaderElection.java:askForVotes(314)) - 3f0205b3-740b-4219-bfdb-76da739fef9e@group-A2C53E516D65-LeaderElection29 ELECTION round 0: result REJECTED
2023-01-24 12:23:09,771 [3f0205b3-740b-4219-bfdb-76da739fef9e@group-A2C53E516D65-LeaderElection29] INFO  server.RaftServer$Division (RaftServerImpl.java:setRole(321)) - 3f0205b3-740b-4219-bfdb-76da739fef9e@group-A2C53E516D65: changes role from CANDIDATE to FOLLOWER at term 3 for REJECTED
2023-01-24 12:23:09,771 [3f0205b3-740b-4219-bfdb-76da739fef9e@group-A2C53E516D65-LeaderElection29] INFO  impl.RoleInfo (RoleInfo.java:shutdownLeaderElection(130)) - 3f0205b3-740b-4219-bfdb-76da739fef9e: shutdown 3f0205b3-740b-4219-bfdb-76da739fef9e@group-A2C53E516D65-LeaderElection29
2023-01-24 12:23:09,771 [3f0205b3-740b-4219-bfdb-76da739fef9e@group-A2C53E516D65-LeaderElection29] INFO  impl.RoleInfo (RoleInfo.java:updateAndGet(139)) - 3f0205b3-740b-4219-bfdb-76da739fef9e: start 3f0205b3-740b-4219-bfdb-76da739fef9e@group-A2C53E516D65-FollowerState
2023-01-24 12:23:09,773 [3f0205b3-740b-4219-bfdb-76da739fef9e@group-A2C53E516D65-FollowerState] INFO  server.RaftServerConfigKeys (ConfUtils.java:logFallback(53)) - raft.server.rpc.first-election.timeout.min = 5s (fallback to raft.server.rpc.timeout.min)
2023-01-24 12:23:09,773 [3f0205b3-740b-4219-bfdb-76da739fef9e@group-A2C53E516D65-FollowerState] INFO  server.RaftServerConfigKeys (ConfUtils.java:logFallback(53)) - raft.server.rpc.first-election.timeout.max = 5200ms (fallback to raft.server.rpc.timeout.max)
2023-01-24 12:23:10,363 [Command processor thread] INFO  server.RaftServer (RaftServerProxy.java:remove(107)) - fb483a44-74cc-4237-a554-a68f3575ba39: remove  FOLLOWER fb483a44-74cc-4237-a554-a68f3575ba39@group-062A915EA520:t2, leader=null, voted=fb483a44-74cc-4237-a554-a68f3575ba39, raftlog=Memoized:fb483a44-74cc-4237-a554-a68f3575ba39@group-062A915EA520-SegmentedRaftLog:OPENED:c-1, conf=-1: peers:[fb483a44-74cc-4237-a554-a68f3575ba39|rpc:10.1.1.14:43379|dataStream:10.1.1.14:37561|priority:0|startupRole:FOLLOWER, f9d7edb3-f6c7-431a-8d5c-722e1f28718f|rpc:10.1.1.14:43465|dataStream:10.1.1.14:46043|priority:0|startupRole:FOLLOWER, cf1032d2-0037-4a0c-94af-232c62b39d0f|rpc:10.1.1.14:45895|dataStream:10.1.1.14:39787|priority:1|startupRole:FOLLOWER]|listeners:[], old=null RUNNING
2023-01-24 12:23:10,364 [Command processor thread] INFO  server.RaftServer$Division (RaftServerImpl.java:lambda$close$4(458)) - fb483a44-74cc-4237-a554-a68f3575ba39@group-062A915EA520: shutdown
2023-01-24 12:23:10,364 [Command processor thread] INFO  util.JmxRegister (JmxRegister.java:unregister(73)) - Successfully un-registered JMX Bean with object name Ratis:service=RaftServer,group=group-062A915EA520,id=fb483a44-74cc-4237-a554-a68f3575ba39
2023-01-24 12:23:10,364 [Command processor thread] INFO  impl.RoleInfo (RoleInfo.java:shutdownFollowerState(110)) - fb483a44-74cc-4237-a554-a68f3575ba39: shutdown fb483a44-74cc-4237-a554-a68f3575ba39@group-062A915EA520-FollowerState
2023-01-24 12:23:10,365 [Command processor thread] INFO  impl.StateMachineUpdater (StateMachineUpdater.java:stopAndJoin(153)) - fb483a44-74cc-4237-a554-a68f3575ba39@group-062A915EA520-StateMachineUpdater: set stopIndex = -1
2023-01-24 12:23:10,365 [fb483a44-74cc-4237-a554-a68f3575ba39@group-062A915EA520-FollowerState] INFO  impl.FollowerState (FollowerState.java:run(152)) - fb483a44-74cc-4237-a554-a68f3575ba39@group-062A915EA520-FollowerState was interrupted
2023-01-24 12:23:10,366 [Command processor thread] INFO  server.RaftServer$Division (ServerState.java:close(466)) - fb483a44-74cc-4237-a554-a68f3575ba39@group-062A915EA520: closes. applyIndex: -1
2023-01-24 12:23:10,366 [fb483a44-74cc-4237-a554-a68f3575ba39@group-062A915EA520-SegmentedRaftLogWorker] INFO  segmented.SegmentedRaftLogWorker (SegmentedRaftLogWorker.java:run(347)) - fb483a44-74cc-4237-a554-a68f3575ba39@group-062A915EA520-SegmentedRaftLogWorker was interrupted, exiting. There are 0 tasks remaining in the queue.
2023-01-24 12:23:10,366 [Command processor thread] INFO  segmented.SegmentedRaftLogWorker (SegmentedRaftLogWorker.java:close(257)) - fb483a44-74cc-4237-a554-a68f3575ba39@group-062A915EA520-SegmentedRaftLogWorker close()
2023-01-24 12:23:10,370 [Command processor thread] INFO  server.RaftServer$Division (RaftServerImpl.java:groupRemove(428)) - fb483a44-74cc-4237-a554-a68f3575ba39@group-062A915EA520: Succeed to remove RaftStorageDirectory Storage Directory /home/runner/work/ozone/ozone/hadoop-ozone/integration-test/target/test-dir/MiniOzoneClusterImpl-9ddee5dd-a9b0-4f84-bf8c-5f63b859aaaf/datanode-6/data/ratis/59eac693-4c1f-4474-b9b2-062a915ea520
2023-01-24 12:23:10,371 [Command processor thread] INFO  commandhandler.ClosePipelineCommandHandler (ClosePipelineCommandHandler.java:handle(78)) - Close Pipeline PipelineID=59eac693-4c1f-4474-b9b2-062a915ea520 command on datanode fb483a44-74cc-4237-a554-a68f3575ba39.
2023-01-24 12:23:10,371 [Command processor thread] INFO  server.RaftServer (RaftServerProxy.java:remove(107)) - fb483a44-74cc-4237-a554-a68f3575ba39: remove    LEADER fb483a44-74cc-4237-a554-a68f3575ba39@group-67431DBC43D0:t1, leader=fb483a44-74cc-4237-a554-a68f3575ba39, voted=fb483a44-74cc-4237-a554-a68f3575ba39, raftlog=Memoized:fb483a44-74cc-4237-a554-a68f3575ba39@group-67431DBC43D0-SegmentedRaftLog:OPENED:c0, conf=0: peers:[fb483a44-74cc-4237-a554-a68f3575ba39|rpc:10.1.1.14:43379|dataStream:10.1.1.14:37561|priority:1|startupRole:FOLLOWER, f9d7edb3-f6c7-431a-8d5c-722e1f28718f|rpc:10.1.1.14:43465|dataStream:10.1.1.14:46043|priority:0|startupRole:FOLLOWER, cf1032d2-0037-4a0c-94af-232c62b39d0f|rpc:10.1.1.14:45895|dataStream:10.1.1.14:39787|priority:0|startupRole:FOLLOWER]|listeners:[], old=null RUNNING
2023-01-24 12:23:10,371 [Command processor thread] INFO  server.RaftServer$Division (RaftServerImpl.java:lambda$close$4(458)) - fb483a44-74cc-4237-a554-a68f3575ba39@group-67431DBC43D0: shutdown
2023-01-24 12:23:10,371 [Command processor thread] INFO  util.JmxRegister (JmxRegister.java:unregister(73)) - Successfully un-registered JMX Bean with object name Ratis:service=RaftServer,group=group-67431DBC43D0,id=fb483a44-74cc-4237-a554-a68f3575ba39
2023-01-24 12:23:10,371 [Command processor thread] INFO  impl.RoleInfo (RoleInfo.java:shutdownLeaderState(93)) - fb483a44-74cc-4237-a554-a68f3575ba39: shutdown fb483a44-74cc-4237-a554-a68f3575ba39@group-67431DBC43D0-LeaderStateImpl
2023-01-24 12:23:10,371 [fb483a44-74cc-4237-a554-a68f3575ba39@group-67431DBC43D0->cf1032d2-0037-4a0c-94af-232c62b39d0f-GrpcLogAppender-LogAppenderDaemon] WARN  server.GrpcLogAppender (GrpcLogAppender.java:mayWait(200)) - fb483a44-74cc-4237-a554-a68f3575ba39@group-67431DBC43D0->cf1032d2-0037-4a0c-94af-232c62b39d0f-GrpcLogAppender: Wait interrupted by java.lang.InterruptedException
2023-01-24 12:23:10,372 [grpc-default-executor-4] INFO  server.GrpcServerProtocolService (GrpcServerProtocolService.java:onCompleted(143)) - cf1032d2-0037-4a0c-94af-232c62b39d0f: Completed APPEND_ENTRIES, lastRequest: null
2023-01-24 12:23:10,373 [grpc-default-executor-3] INFO  server.GrpcServerProtocolService (GrpcServerProtocolService.java:onCompleted(143)) - cf1032d2-0037-4a0c-94af-232c62b39d0f: Completed APPEND_ENTRIES, lastRequest: fb483a44-74cc-4237-a554-a68f3575ba39->cf1032d2-0037-4a0c-94af-232c62b39d0f#1-t1,previous=(t:0, i:0),leaderCommit=0,initializing? true,entries: size=1, first=(t:1, i:0), CONFIGURATIONENTRY(current:id: "fb483a44-74cc-4237-a554-a68f3575ba39"
address: "10.1.1.14:43379"
priority: 1
dataStreamAddress: "10.1.1.14:37561"
clientAddress: "10.1.1.14:43379"
adminAddress: "10.1.1.14:43379"
startupRole: FOLLOWER
,id: "f9d7edb3-f6c7-431a-8d5c-722e1f28718f"
address: "10.1.1.14:43465"
dataStreamAddress: "10.1.1.14:46043"
clientAddress: "10.1.1.14:43465"
adminAddress: "10.1.1.14:43465"
startupRole: FOLLOWER
,id: "cf1032d2-0037-4a0c-94af-232c62b39d0f"
address: "10.1.1.14:45895"
dataStreamAddress: "10.1.1.14:39787"
clientAddress: "10.1.1.14:45895"
adminAddress: "10.1.1.14:45895"
startupRole: FOLLOWER
, old:)
2023-01-24 12:23:10,373 [Command processor thread] INFO  impl.PendingRequests (PendingRequests.java:sendNotLeaderResponses(282)) - fb483a44-74cc-4237-a554-a68f3575ba39@group-67431DBC43D0-PendingRequests: sendNotLeaderResponses
2023-01-24 12:23:10,375 [Command processor thread] INFO  impl.StateMachineUpdater (StateMachineUpdater.java:stopAndJoin(153)) - fb483a44-74cc-4237-a554-a68f3575ba39@group-67431DBC43D0-StateMachineUpdater: set stopIndex = 0
2023-01-24 12:23:10,375 [fb483a44-74cc-4237-a554-a68f3575ba39@group-67431DBC43D0-StateMachineUpdater] INFO  ratis.ContainerStateMachine (ContainerStateMachine.java:takeSnapshot(308)) - group-67431DBC43D0: Taking a snapshot at:(t:1, i:0) file /home/runner/work/ozone/ozone/hadoop-ozone/integration-test/target/test-dir/MiniOzoneClusterImpl-9ddee5dd-a9b0-4f84-bf8c-5f63b859aaaf/datanode-6/data/ratis/653c8973-c5e2-4e13-bfbb-67431dbc43d0/sm/snapshot.1_0
2023-01-24 12:23:10,376 [grpc-default-executor-4] INFO  server.GrpcLogAppender (GrpcLogAppender.java:onCompleted(415)) - fb483a44-74cc-4237-a554-a68f3575ba39@group-67431DBC43D0->cf1032d2-0037-4a0c-94af-232c62b39d0f-AppendLogResponseHandler: follower responses appendEntries COMPLETED
2023-01-24 12:23:10,376 [fb483a44-74cc-4237-a554-a68f3575ba39@group-67431DBC43D0-StateMachineUpdater] INFO  ratis.ContainerStateMachine (ContainerStateMachine.java:takeSnapshot(319)) - group-67431DBC43D0: Finished taking a snapshot at:(t:1, i:0) file:/home/runner/work/ozone/ozone/hadoop-ozone/integration-test/target/test-dir/MiniOzoneClusterImpl-9ddee5dd-a9b0-4f84-bf8c-5f63b859aaaf/datanode-6/data/ratis/653c8973-c5e2-4e13-bfbb-67431dbc43d0/sm/snapshot.1_0 took: 1 ms
2023-01-24 12:23:10,376 [fb483a44-74cc-4237-a554-a68f3575ba39@group-67431DBC43D0-StateMachineUpdater] INFO  impl.StateMachineUpdater (StateMachineUpdater.java:takeSnapshot(287)) - fb483a44-74cc-4237-a554-a68f3575ba39@group-67431DBC43D0-StateMachineUpdater: Took a snapshot at index 0
2023-01-24 12:23:10,376 [fb483a44-74cc-4237-a554-a68f3575ba39@group-67431DBC43D0-StateMachineUpdater] INFO  impl.StateMachineUpdater (StateMachineUpdater.java:lambda$new$0(92)) - fb483a44-74cc-4237-a554-a68f3575ba39@group-67431DBC43D0-StateMachineUpdater: snapshotIndex: updateIncreasingly -1 -> 0
2023-01-24 12:23:10,376 [Command processor thread] INFO  server.RaftServer$Division (ServerState.java:close(466)) - fb483a44-74cc-4237-a554-a68f3575ba39@group-67431DBC43D0: closes. applyIndex: 0
2023-01-24 12:23:10,377 [fb483a44-74cc-4237-a554-a68f3575ba39@group-67431DBC43D0-SegmentedRaftLogWorker] INFO  segmented.SegmentedRaftLogWorker (SegmentedRaftLogWorker.java:run(347)) - fb483a44-74cc-4237-a554-a68f3575ba39@group-67431DBC43D0-SegmentedRaftLogWorker was interrupted, exiting. There are 0 tasks remaining in the queue.
2023-01-24 12:23:10,377 [grpc-default-executor-4] INFO  leader.FollowerInfo (FollowerInfoImpl.java:lambda$new$0(48)) - fb483a44-74cc-4237-a554-a68f3575ba39@group-67431DBC43D0->cf1032d2-0037-4a0c-94af-232c62b39d0f: nextIndex: updateUnconditionally 1 -> 0
2023-01-24 12:23:10,378 [grpc-default-executor-2] INFO  server.GrpcLogAppender (GrpcLogAppender.java:onCompleted(415)) - fb483a44-74cc-4237-a554-a68f3575ba39@group-67431DBC43D0->cf1032d2-0037-4a0c-94af-232c62b39d0f-AppendLogResponseHandler: follower responses appendEntries COMPLETED
2023-01-24 12:23:10,378 [grpc-default-executor-2] INFO  leader.FollowerInfo (FollowerInfoImpl.java:lambda$new$0(48)) - fb483a44-74cc-4237-a554-a68f3575ba39@group-67431DBC43D0->cf1032d2-0037-4a0c-94af-232c62b39d0f: nextIndex: updateUnconditionally 0 -> 0
2023-01-24 12:23:10,379 [Command processor thread] INFO  segmented.SegmentedRaftLogWorker (SegmentedRaftLogWorker.java:close(257)) - fb483a44-74cc-4237-a554-a68f3575ba39@group-67431DBC43D0-SegmentedRaftLogWorker close()
2023-01-24 12:23:10,381 [Command processor thread] INFO  server.RaftServer$Division (RaftServerImpl.java:groupRemove(428)) - fb483a44-74cc-4237-a554-a68f3575ba39@group-67431DBC43D0: Succeed to remove RaftStorageDirectory Storage Directory /home/runner/work/ozone/ozone/hadoop-ozone/integration-test/target/test-dir/MiniOzoneClusterImpl-9ddee5dd-a9b0-4f84-bf8c-5f63b859aaaf/datanode-6/data/ratis/653c8973-c5e2-4e13-bfbb-67431dbc43d0
2023-01-24 12:23:10,381 [Command processor thread] INFO  commandhandler.ClosePipelineCommandHandler (ClosePipelineCommandHandler.java:handle(78)) - Close Pipeline PipelineID=653c8973-c5e2-4e13-bfbb-67431dbc43d0 command on datanode fb483a44-74cc-4237-a554-a68f3575ba39.
2023-01-24 12:23:10,615 [Command processor thread] INFO  server.RaftServer (RaftServerProxy.java:remove(107)) - cf1032d2-0037-4a0c-94af-232c62b39d0f: remove  FOLLOWER cf1032d2-0037-4a0c-94af-232c62b39d0f@group-062A915EA520:t2, leader=null, voted=cf1032d2-0037-4a0c-94af-232c62b39d0f, raftlog=Memoized:cf1032d2-0037-4a0c-94af-232c62b39d0f@group-062A915EA520-SegmentedRaftLog:OPENED:c-1, conf=-1: peers:[fb483a44-74cc-4237-a554-a68f3575ba39|rpc:10.1.1.14:43379|dataStream:10.1.1.14:37561|priority:0|startupRole:FOLLOWER, f9d7edb3-f6c7-431a-8d5c-722e1f28718f|rpc:10.1.1.14:43465|dataStream:10.1.1.14:46043|priority:0|startupRole:FOLLOWER, cf1032d2-0037-4a0c-94af-232c62b39d0f|rpc:10.1.1.14:45895|dataStream:10.1.1.14:39787|priority:1|startupRole:FOLLOWER]|listeners:[], old=null RUNNING
2023-01-24 12:23:10,615 [Command processor thread] INFO  server.RaftServer$Division (RaftServerImpl.java:lambda$close$4(458)) - cf1032d2-0037-4a0c-94af-232c62b39d0f@group-062A915EA520: shutdown
2023-01-24 12:23:10,615 [Command processor thread] INFO  util.JmxRegister (JmxRegister.java:unregister(73)) - Successfully un-registered JMX Bean with object name Ratis:service=RaftServer,group=group-062A915EA520,id=cf1032d2-0037-4a0c-94af-232c62b39d0f
2023-01-24 12:23:10,615 [Command processor thread] INFO  impl.RoleInfo (RoleInfo.java:shutdownFollowerState(110)) - cf1032d2-0037-4a0c-94af-232c62b39d0f: shutdown cf1032d2-0037-4a0c-94af-232c62b39d0f@group-062A915EA520-FollowerState
2023-01-24 12:23:10,615 [Command processor thread] INFO  impl.StateMachineUpdater (StateMachineUpdater.java:stopAndJoin(153)) - cf1032d2-0037-4a0c-94af-232c62b39d0f@group-062A915EA520-StateMachineUpdater: set stopIndex = -1
2023-01-24 12:23:10,616 [cf1032d2-0037-4a0c-94af-232c62b39d0f@group-062A915EA520-FollowerState] INFO  impl.FollowerState (FollowerState.java:run(152)) - cf1032d2-0037-4a0c-94af-232c62b39d0f@group-062A915EA520-FollowerState was interrupted
2023-01-24 12:23:10,617 [Command processor thread] INFO  server.RaftServer$Division (ServerState.java:close(466)) - cf1032d2-0037-4a0c-94af-232c62b39d0f@group-062A915EA520: closes. applyIndex: -1
2023-01-24 12:23:10,617 [cf1032d2-0037-4a0c-94af-232c62b39d0f@group-062A915EA520-SegmentedRaftLogWorker] INFO  segmented.SegmentedRaftLogWorker (SegmentedRaftLogWorker.java:run(347)) - cf1032d2-0037-4a0c-94af-232c62b39d0f@group-062A915EA520-SegmentedRaftLogWorker was interrupted, exiting. There are 0 tasks remaining in the queue.
2023-01-24 12:23:10,617 [Command processor thread] INFO  segmented.SegmentedRaftLogWorker (SegmentedRaftLogWorker.java:close(257)) - cf1032d2-0037-4a0c-94af-232c62b39d0f@group-062A915EA520-SegmentedRaftLogWorker close()
2023-01-24 12:23:10,619 [Command processor thread] INFO  server.RaftServer$Division (RaftServerImpl.java:groupRemove(428)) - cf1032d2-0037-4a0c-94af-232c62b39d0f@group-062A915EA520: Succeed to remove RaftStorageDirectory Storage Directory /home/runner/work/ozone/ozone/hadoop-ozone/integration-test/target/test-dir/MiniOzoneClusterImpl-9ddee5dd-a9b0-4f84-bf8c-5f63b859aaaf/datanode-7/data/ratis/59eac693-4c1f-4474-b9b2-062a915ea520
2023-01-24 12:23:10,619 [Command processor thread] INFO  commandhandler.ClosePipelineCommandHandler (ClosePipelineCommandHandler.java:handle(78)) - Close Pipeline PipelineID=59eac693-4c1f-4474-b9b2-062a915ea520 command on datanode cf1032d2-0037-4a0c-94af-232c62b39d0f.
2023-01-24 12:23:10,620 [Command processor thread] INFO  server.RaftServer (RaftServerProxy.java:remove(107)) - cf1032d2-0037-4a0c-94af-232c62b39d0f: remove  FOLLOWER cf1032d2-0037-4a0c-94af-232c62b39d0f@group-67431DBC43D0:t1, leader=fb483a44-74cc-4237-a554-a68f3575ba39, voted=fb483a44-74cc-4237-a554-a68f3575ba39, raftlog=Memoized:cf1032d2-0037-4a0c-94af-232c62b39d0f@group-67431DBC43D0-SegmentedRaftLog:OPENED:c0, conf=0: peers:[fb483a44-74cc-4237-a554-a68f3575ba39|rpc:10.1.1.14:43379|dataStream:10.1.1.14:37561|priority:1|startupRole:FOLLOWER, f9d7edb3-f6c7-431a-8d5c-722e1f28718f|rpc:10.1.1.14:43465|dataStream:10.1.1.14:46043|priority:0|startupRole:FOLLOWER, cf1032d2-0037-4a0c-94af-232c62b39d0f|rpc:10.1.1.14:45895|dataStream:10.1.1.14:39787|priority:0|startupRole:FOLLOWER]|listeners:[], old=null RUNNING
2023-01-24 12:23:10,620 [Command processor thread] INFO  server.RaftServer$Division (RaftServerImpl.java:lambda$close$4(458)) - cf1032d2-0037-4a0c-94af-232c62b39d0f@group-67431DBC43D0: shutdown
2023-01-24 12:23:10,620 [Command processor thread] INFO  util.JmxRegister (JmxRegister.java:unregister(73)) - Successfully un-registered JMX Bean with object name Ratis:service=RaftServer,group=group-67431DBC43D0,id=cf1032d2-0037-4a0c-94af-232c62b39d0f
2023-01-24 12:23:10,620 [Command processor thread] INFO  impl.RoleInfo (RoleInfo.java:shutdownFollowerState(110)) - cf1032d2-0037-4a0c-94af-232c62b39d0f: shutdown cf1032d2-0037-4a0c-94af-232c62b39d0f@group-67431DBC43D0-FollowerState
2023-01-24 12:23:10,620 [Command processor thread] INFO  impl.StateMachineUpdater (StateMachineUpdater.java:stopAndJoin(153)) - cf1032d2-0037-4a0c-94af-232c62b39d0f@group-67431DBC43D0-StateMachineUpdater: set stopIndex = 0
2023-01-24 12:23:10,620 [cf1032d2-0037-4a0c-94af-232c62b39d0f@group-67431DBC43D0-FollowerState] INFO  impl.FollowerState (FollowerState.java:run(152)) - cf1032d2-0037-4a0c-94af-232c62b39d0f@group-67431DBC43D0-FollowerState was interrupted
2023-01-24 12:23:10,620 [cf1032d2-0037-4a0c-94af-232c62b39d0f@group-67431DBC43D0-StateMachineUpdater] INFO  ratis.ContainerStateMachine (ContainerStateMachine.java:takeSnapshot(308)) - group-67431DBC43D0: Taking a snapshot at:(t:1, i:0) file /home/runner/work/ozone/ozone/hadoop-ozone/integration-test/target/test-dir/MiniOzoneClusterImpl-9ddee5dd-a9b0-4f84-bf8c-5f63b859aaaf/datanode-7/data/ratis/653c8973-c5e2-4e13-bfbb-67431dbc43d0/sm/snapshot.1_0
2023-01-24 12:23:10,621 [cf1032d2-0037-4a0c-94af-232c62b39d0f@group-67431DBC43D0-StateMachineUpdater] INFO  ratis.ContainerStateMachine (ContainerStateMachine.java:takeSnapshot(319)) - group-67431DBC43D0: Finished taking a snapshot at:(t:1, i:0) file:/home/runner/work/ozone/ozone/hadoop-ozone/integration-test/target/test-dir/MiniOzoneClusterImpl-9ddee5dd-a9b0-4f84-bf8c-5f63b859aaaf/datanode-7/data/ratis/653c8973-c5e2-4e13-bfbb-67431dbc43d0/sm/snapshot.1_0 took: 0 ms
2023-01-24 12:23:10,621 [cf1032d2-0037-4a0c-94af-232c62b39d0f@group-67431DBC43D0-StateMachineUpdater] INFO  impl.StateMachineUpdater (StateMachineUpdater.java:takeSnapshot(287)) - cf1032d2-0037-4a0c-94af-232c62b39d0f@group-67431DBC43D0-StateMachineUpdater: Took a snapshot at index 0
2023-01-24 12:23:10,621 [cf1032d2-0037-4a0c-94af-232c62b39d0f@group-67431DBC43D0-StateMachineUpdater] INFO  impl.StateMachineUpdater (StateMachineUpdater.java:lambda$new$0(92)) - cf1032d2-0037-4a0c-94af-232c62b39d0f@group-67431DBC43D0-StateMachineUpdater: snapshotIndex: updateIncreasingly -1 -> 0
2023-01-24 12:23:10,621 [Command processor thread] INFO  server.RaftServer$Division (ServerState.java:close(466)) - cf1032d2-0037-4a0c-94af-232c62b39d0f@group-67431DBC43D0: closes. applyIndex: 0
2023-01-24 12:23:10,622 [cf1032d2-0037-4a0c-94af-232c62b39d0f@group-67431DBC43D0-SegmentedRaftLogWorker] INFO  segmented.SegmentedRaftLogWorker (SegmentedRaftLogWorker.java:run(347)) - cf1032d2-0037-4a0c-94af-232c62b39d0f@group-67431DBC43D0-SegmentedRaftLogWorker was interrupted, exiting. There are 0 tasks remaining in the queue.
2023-01-24 12:23:10,623 [Command processor thread] INFO  segmented.SegmentedRaftLogWorker (SegmentedRaftLogWorker.java:close(257)) - cf1032d2-0037-4a0c-94af-232c62b39d0f@group-67431DBC43D0-SegmentedRaftLogWorker close()
2023-01-24 12:23:10,626 [Command processor thread] INFO  server.RaftServer$Division (RaftServerImpl.java:groupRemove(428)) - cf1032d2-0037-4a0c-94af-232c62b39d0f@group-67431DBC43D0: Succeed to remove RaftStorageDirectory Storage Directory /home/runner/work/ozone/ozone/hadoop-ozone/integration-test/target/test-dir/MiniOzoneClusterImpl-9ddee5dd-a9b0-4f84-bf8c-5f63b859aaaf/datanode-7/data/ratis/653c8973-c5e2-4e13-bfbb-67431dbc43d0
2023-01-24 12:23:10,627 [Command processor thread] INFO  commandhandler.ClosePipelineCommandHandler (ClosePipelineCommandHandler.java:handle(78)) - Close Pipeline PipelineID=653c8973-c5e2-4e13-bfbb-67431dbc43d0 command on datanode cf1032d2-0037-4a0c-94af-232c62b39d0f.
2023-01-24 12:23:13,336 [7141d06d-71d8-4a56-9b5d-23c6772b1ac6@group-34335D786654-FollowerState] INFO  impl.FollowerState (FollowerState.java:run(143)) - 7141d06d-71d8-4a56-9b5d-23c6772b1ac6@group-34335D786654-FollowerState: change to CANDIDATE, lastRpcElapsedTime:5048951161ns, electionTimeout:5048ms
2023-01-24 12:23:13,336 [7141d06d-71d8-4a56-9b5d-23c6772b1ac6@group-34335D786654-FollowerState] INFO  impl.RoleInfo (RoleInfo.java:shutdownFollowerState(110)) - 7141d06d-71d8-4a56-9b5d-23c6772b1ac6: shutdown 7141d06d-71d8-4a56-9b5d-23c6772b1ac6@group-34335D786654-FollowerState
2023-01-24 12:23:13,336 [7141d06d-71d8-4a56-9b5d-23c6772b1ac6@group-34335D786654-FollowerState] INFO  server.RaftServer$Division (RaftServerImpl.java:setRole(321)) - 7141d06d-71d8-4a56-9b5d-23c6772b1ac6@group-34335D786654: changes role from  FOLLOWER to CANDIDATE at term 3 for changeToCandidate
2023-01-24 12:23:13,336 [7141d06d-71d8-4a56-9b5d-23c6772b1ac6@group-34335D786654-FollowerState] INFO  server.RaftServerConfigKeys (ConfUtils.java:logGet(46)) - raft.server.leaderelection.pre-vote = false (custom)
2023-01-24 12:23:13,336 [7141d06d-71d8-4a56-9b5d-23c6772b1ac6@group-34335D786654-FollowerState] INFO  impl.RoleInfo (RoleInfo.java:updateAndGet(139)) - 7141d06d-71d8-4a56-9b5d-23c6772b1ac6: start 7141d06d-71d8-4a56-9b5d-23c6772b1ac6@group-34335D786654-LeaderElection30
2023-01-24 12:23:13,339 [7141d06d-71d8-4a56-9b5d-23c6772b1ac6@group-34335D786654-LeaderElection30] INFO  impl.LeaderElection (LeaderElection.java:askForVotes(312)) - 7141d06d-71d8-4a56-9b5d-23c6772b1ac6@group-34335D786654-LeaderElection30 ELECTION round 0: submit vote requests at term 4 for -1: peers:[c6074cc5-da23-4fc2-b305-e072798acc5a|rpc:10.1.1.14:38087|dataStream:10.1.1.14:46483|priority:0|startupRole:FOLLOWER, 93701946-f5e3-4943-a932-e133db5deae9|rpc:10.1.1.14:32935|dataStream:10.1.1.14:45565|priority:1|startupRole:FOLLOWER, 7141d06d-71d8-4a56-9b5d-23c6772b1ac6|rpc:10.1.1.14:37745|dataStream:10.1.1.14:35891|priority:0|startupRole:FOLLOWER]|listeners:[], old=null
2023-01-24 12:23:13,339 [7141d06d-71d8-4a56-9b5d-23c6772b1ac6@group-34335D786654-LeaderElection30] INFO  server.RaftServerConfigKeys (ConfUtils.java:logFallback(53)) - raft.server.rpc.first-election.timeout.min = 5s (fallback to raft.server.rpc.timeout.min)
2023-01-24 12:23:13,339 [7141d06d-71d8-4a56-9b5d-23c6772b1ac6@group-34335D786654-LeaderElection30] INFO  server.RaftServerConfigKeys (ConfUtils.java:logFallback(53)) - raft.server.rpc.first-election.timeout.max = 5200ms (fallback to raft.server.rpc.timeout.max)
2023-01-24 12:23:13,341 [grpc-default-executor-4] INFO  server.RaftServer$Division (RaftServerImpl.java:requestVote(1218)) - 93701946-f5e3-4943-a932-e133db5deae9@group-34335D786654: receive requestVote(ELECTION, 7141d06d-71d8-4a56-9b5d-23c6772b1ac6, group-34335D786654, 4, (t:0, i:0))
2023-01-24 12:23:13,341 [grpc-default-executor-2] INFO  server.RaftServer$Division (RaftServerImpl.java:requestVote(1218)) - c6074cc5-da23-4fc2-b305-e072798acc5a@group-34335D786654: receive requestVote(ELECTION, 7141d06d-71d8-4a56-9b5d-23c6772b1ac6, group-34335D786654, 4, (t:0, i:0))
2023-01-24 12:23:13,341 [grpc-default-executor-4] INFO  impl.VoteContext (VoteContext.java:log(49)) - 93701946-f5e3-4943-a932-e133db5deae9@group-34335D786654-FOLLOWER: reject ELECTION from 7141d06d-71d8-4a56-9b5d-23c6772b1ac6: our priority 1 > candidate's priority 0
2023-01-24 12:23:13,341 [grpc-default-executor-2] INFO  impl.VoteContext (VoteContext.java:log(49)) - c6074cc5-da23-4fc2-b305-e072798acc5a@group-34335D786654-FOLLOWER: accept ELECTION from 7141d06d-71d8-4a56-9b5d-23c6772b1ac6: our priority 0 <= candidate's priority 0
2023-01-24 12:23:13,341 [grpc-default-executor-4] INFO  server.RaftServer$Division (RaftServerImpl.java:setRole(321)) - 93701946-f5e3-4943-a932-e133db5deae9@group-34335D786654: changes role from  FOLLOWER to FOLLOWER at term 4 for candidate:7141d06d-71d8-4a56-9b5d-23c6772b1ac6
2023-01-24 12:23:13,341 [grpc-default-executor-2] INFO  server.RaftServer$Division (RaftServerImpl.java:setRole(321)) - c6074cc5-da23-4fc2-b305-e072798acc5a@group-34335D786654: changes role from  FOLLOWER to FOLLOWER at term 4 for candidate:7141d06d-71d8-4a56-9b5d-23c6772b1ac6
2023-01-24 12:23:13,341 [grpc-default-executor-4] INFO  impl.RoleInfo (RoleInfo.java:shutdownFollowerState(110)) - 93701946-f5e3-4943-a932-e133db5deae9: shutdown 93701946-f5e3-4943-a932-e133db5deae9@group-34335D786654-FollowerState
2023-01-24 12:23:13,341 [grpc-default-executor-2] INFO  impl.RoleInfo (RoleInfo.java:shutdownFollowerState(110)) - c6074cc5-da23-4fc2-b305-e072798acc5a: shutdown c6074cc5-da23-4fc2-b305-e072798acc5a@group-34335D786654-FollowerState
2023-01-24 12:23:13,341 [grpc-default-executor-4] INFO  impl.RoleInfo (RoleInfo.java:updateAndGet(139)) - 93701946-f5e3-4943-a932-e133db5deae9: start 93701946-f5e3-4943-a932-e133db5deae9@group-34335D786654-FollowerState
2023-01-24 12:23:13,341 [grpc-default-executor-2] INFO  impl.RoleInfo (RoleInfo.java:updateAndGet(139)) - c6074cc5-da23-4fc2-b305-e072798acc5a: start c6074cc5-da23-4fc2-b305-e072798acc5a@group-34335D786654-FollowerState
2023-01-24 12:23:13,341 [93701946-f5e3-4943-a932-e133db5deae9@group-34335D786654-FollowerState] INFO  impl.FollowerState (FollowerState.java:run(152)) - 93701946-f5e3-4943-a932-e133db5deae9@group-34335D786654-FollowerState was interrupted
2023-01-24 12:23:13,341 [c6074cc5-da23-4fc2-b305-e072798acc5a@group-34335D786654-FollowerState] INFO  impl.FollowerState (FollowerState.java:run(152)) - c6074cc5-da23-4fc2-b305-e072798acc5a@group-34335D786654-FollowerState was interrupted
2023-01-24 12:23:13,344 [93701946-f5e3-4943-a932-e133db5deae9@group-34335D786654-FollowerState] INFO  server.RaftServerConfigKeys (ConfUtils.java:logFallback(53)) - raft.server.rpc.first-election.timeout.min = 5s (fallback to raft.server.rpc.timeout.min)
2023-01-24 12:23:13,345 [93701946-f5e3-4943-a932-e133db5deae9@group-34335D786654-FollowerState] INFO  server.RaftServerConfigKeys (ConfUtils.java:logFallback(53)) - raft.server.rpc.first-election.timeout.max = 5200ms (fallback to raft.server.rpc.timeout.max)
2023-01-24 12:23:13,345 [c6074cc5-da23-4fc2-b305-e072798acc5a@group-34335D786654-FollowerState] INFO  server.RaftServerConfigKeys (ConfUtils.java:logFallback(53)) - raft.server.rpc.first-election.timeout.min = 5s (fallback to raft.server.rpc.timeout.min)
2023-01-24 12:23:13,345 [c6074cc5-da23-4fc2-b305-e072798acc5a@group-34335D786654-FollowerState] INFO  server.RaftServerConfigKeys (ConfUtils.java:logFallback(53)) - raft.server.rpc.first-election.timeout.max = 5200ms (fallback to raft.server.rpc.timeout.max)
2023-01-24 12:23:13,345 [grpc-default-executor-4] INFO  server.RaftServer$Division (RaftServerImpl.java:requestVote(1251)) - 93701946-f5e3-4943-a932-e133db5deae9@group-34335D786654 replies to ELECTION vote request: 7141d06d-71d8-4a56-9b5d-23c6772b1ac6<-93701946-f5e3-4943-a932-e133db5deae9#0:FAIL-t4. Peer's state: 93701946-f5e3-4943-a932-e133db5deae9@group-34335D786654:t4, leader=null, voted=null, raftlog=Memoized:93701946-f5e3-4943-a932-e133db5deae9@group-34335D786654-SegmentedRaftLog:OPENED:c-1, conf=-1: peers:[c6074cc5-da23-4fc2-b305-e072798acc5a|rpc:10.1.1.14:38087|dataStream:10.1.1.14:46483|priority:0|startupRole:FOLLOWER, 93701946-f5e3-4943-a932-e133db5deae9|rpc:10.1.1.14:32935|dataStream:10.1.1.14:45565|priority:1|startupRole:FOLLOWER, 7141d06d-71d8-4a56-9b5d-23c6772b1ac6|rpc:10.1.1.14:37745|dataStream:10.1.1.14:35891|priority:0|startupRole:FOLLOWER]|listeners:[], old=null
2023-01-24 12:23:13,345 [grpc-default-executor-2] INFO  server.RaftServer$Division (RaftServerImpl.java:requestVote(1251)) - c6074cc5-da23-4fc2-b305-e072798acc5a@group-34335D786654 replies to ELECTION vote request: 7141d06d-71d8-4a56-9b5d-23c6772b1ac6<-c6074cc5-da23-4fc2-b305-e072798acc5a#0:OK-t4. Peer's state: c6074cc5-da23-4fc2-b305-e072798acc5a@group-34335D786654:t4, leader=null, voted=7141d06d-71d8-4a56-9b5d-23c6772b1ac6, raftlog=Memoized:c6074cc5-da23-4fc2-b305-e072798acc5a@group-34335D786654-SegmentedRaftLog:OPENED:c-1, conf=-1: peers:[c6074cc5-da23-4fc2-b305-e072798acc5a|rpc:10.1.1.14:38087|dataStream:10.1.1.14:46483|priority:0|startupRole:FOLLOWER, 93701946-f5e3-4943-a932-e133db5deae9|rpc:10.1.1.14:32935|dataStream:10.1.1.14:45565|priority:1|startupRole:FOLLOWER, 7141d06d-71d8-4a56-9b5d-23c6772b1ac6|rpc:10.1.1.14:37745|dataStream:10.1.1.14:35891|priority:0|startupRole:FOLLOWER]|listeners:[], old=null
2023-01-24 12:23:13,346 [7141d06d-71d8-4a56-9b5d-23c6772b1ac6@group-34335D786654-LeaderElection30] INFO  impl.LeaderElection (LeaderElection.java:logAndReturn(90)) - 7141d06d-71d8-4a56-9b5d-23c6772b1ac6@group-34335D786654-LeaderElection30: ELECTION REJECTED received 1 response(s) and 0 exception(s):
2023-01-24 12:23:13,347 [7141d06d-71d8-4a56-9b5d-23c6772b1ac6@group-34335D786654-LeaderElection30] INFO  impl.LeaderElection (LeaderElection.java:logAndReturn(94)) -   Response 0: 7141d06d-71d8-4a56-9b5d-23c6772b1ac6<-93701946-f5e3-4943-a932-e133db5deae9#0:FAIL-t4
2023-01-24 12:23:13,347 [7141d06d-71d8-4a56-9b5d-23c6772b1ac6@group-34335D786654-LeaderElection30] INFO  impl.LeaderElection (LeaderElection.java:askForVotes(314)) - 7141d06d-71d8-4a56-9b5d-23c6772b1ac6@group-34335D786654-LeaderElection30 ELECTION round 0: result REJECTED
2023-01-24 12:23:13,347 [7141d06d-71d8-4a56-9b5d-23c6772b1ac6@group-34335D786654-LeaderElection30] INFO  server.RaftServer$Division (RaftServerImpl.java:setRole(321)) - 7141d06d-71d8-4a56-9b5d-23c6772b1ac6@group-34335D786654: changes role from CANDIDATE to FOLLOWER at term 4 for REJECTED
2023-01-24 12:23:13,347 [7141d06d-71d8-4a56-9b5d-23c6772b1ac6@group-34335D786654-LeaderElection30] INFO  impl.RoleInfo (RoleInfo.java:shutdownLeaderElection(130)) - 7141d06d-71d8-4a56-9b5d-23c6772b1ac6: shutdown 7141d06d-71d8-4a56-9b5d-23c6772b1ac6@group-34335D786654-LeaderElection30
2023-01-24 12:23:13,347 [7141d06d-71d8-4a56-9b5d-23c6772b1ac6@group-34335D786654-LeaderElection30] INFO  impl.RoleInfo (RoleInfo.java:updateAndGet(139)) - 7141d06d-71d8-4a56-9b5d-23c6772b1ac6: start 7141d06d-71d8-4a56-9b5d-23c6772b1ac6@group-34335D786654-FollowerState
2023-01-24 12:23:13,350 [7141d06d-71d8-4a56-9b5d-23c6772b1ac6@group-34335D786654-FollowerState] INFO  server.RaftServerConfigKeys (ConfUtils.java:logFallback(53)) - raft.server.rpc.first-election.timeout.min = 5s (fallback to raft.server.rpc.timeout.min)
2023-01-24 12:23:13,350 [7141d06d-71d8-4a56-9b5d-23c6772b1ac6@group-34335D786654-FollowerState] INFO  server.RaftServerConfigKeys (ConfUtils.java:logFallback(53)) - raft.server.rpc.first-election.timeout.max = 5200ms (fallback to raft.server.rpc.timeout.max)
2023-01-24 12:23:14,836 [3f0205b3-740b-4219-bfdb-76da739fef9e@group-A2C53E516D65-FollowerState] INFO  impl.FollowerState (FollowerState.java:run(143)) - 3f0205b3-740b-4219-bfdb-76da739fef9e@group-A2C53E516D65-FollowerState: change to CANDIDATE, lastRpcElapsedTime:5064419561ns, electionTimeout:5062ms
2023-01-24 12:23:14,836 [3f0205b3-740b-4219-bfdb-76da739fef9e@group-A2C53E516D65-FollowerState] INFO  impl.RoleInfo (RoleInfo.java:shutdownFollowerState(110)) - 3f0205b3-740b-4219-bfdb-76da739fef9e: shutdown 3f0205b3-740b-4219-bfdb-76da739fef9e@group-A2C53E516D65-FollowerState
2023-01-24 12:23:14,836 [3f0205b3-740b-4219-bfdb-76da739fef9e@group-A2C53E516D65-FollowerState] INFO  server.RaftServer$Division (RaftServerImpl.java:setRole(321)) - 3f0205b3-740b-4219-bfdb-76da739fef9e@group-A2C53E516D65: changes role from  FOLLOWER to CANDIDATE at term 3 for changeToCandidate
2023-01-24 12:23:14,836 [3f0205b3-740b-4219-bfdb-76da739fef9e@group-A2C53E516D65-FollowerState] INFO  server.RaftServerConfigKeys (ConfUtils.java:logGet(46)) - raft.server.leaderelection.pre-vote = false (custom)
2023-01-24 12:23:14,836 [3f0205b3-740b-4219-bfdb-76da739fef9e@group-A2C53E516D65-FollowerState] INFO  impl.RoleInfo (RoleInfo.java:updateAndGet(139)) - 3f0205b3-740b-4219-bfdb-76da739fef9e: start 3f0205b3-740b-4219-bfdb-76da739fef9e@group-A2C53E516D65-LeaderElection31
2023-01-24 12:23:14,837 [3f0205b3-740b-4219-bfdb-76da739fef9e@group-A2C53E516D65-LeaderElection31] INFO  impl.LeaderElection (LeaderElection.java:askForVotes(312)) - 3f0205b3-740b-4219-bfdb-76da739fef9e@group-A2C53E516D65-LeaderElection31 ELECTION round 0: submit vote requests at term 4 for -1: peers:[4243b07b-dbe8-44bd-919c-c5b59c546d4c|rpc:10.1.1.14:38729|dataStream:10.1.1.14:33721|priority:0|startupRole:FOLLOWER, 8d5822ee-b1dd-46af-beb1-0638b7fa15fc|rpc:10.1.1.14:38873|dataStream:10.1.1.14:42631|priority:1|startupRole:FOLLOWER, 3f0205b3-740b-4219-bfdb-76da739fef9e|rpc:10.1.1.14:39411|dataStream:10.1.1.14:35799|priority:0|startupRole:FOLLOWER]|listeners:[], old=null
2023-01-24 12:23:14,838 [3f0205b3-740b-4219-bfdb-76da739fef9e@group-A2C53E516D65-LeaderElection31] INFO  server.RaftServerConfigKeys (ConfUtils.java:logFallback(53)) - raft.server.rpc.first-election.timeout.min = 5s (fallback to raft.server.rpc.timeout.min)
2023-01-24 12:23:14,838 [3f0205b3-740b-4219-bfdb-76da739fef9e@group-A2C53E516D65-LeaderElection31] INFO  server.RaftServerConfigKeys (ConfUtils.java:logFallback(53)) - raft.server.rpc.first-election.timeout.max = 5200ms (fallback to raft.server.rpc.timeout.max)
2023-01-24 12:23:14,841 [grpc-default-executor-4] INFO  server.RaftServer$Division (RaftServerImpl.java:requestVote(1218)) - 8d5822ee-b1dd-46af-beb1-0638b7fa15fc@group-A2C53E516D65: receive requestVote(ELECTION, 3f0205b3-740b-4219-bfdb-76da739fef9e, group-A2C53E516D65, 4, (t:0, i:0))
2023-01-24 12:23:14,841 [grpc-default-executor-4] INFO  impl.VoteContext (VoteContext.java:log(49)) - 8d5822ee-b1dd-46af-beb1-0638b7fa15fc@group-A2C53E516D65-FOLLOWER: reject ELECTION from 3f0205b3-740b-4219-bfdb-76da739fef9e: our priority 1 > candidate's priority 0
2023-01-24 12:23:14,841 [grpc-default-executor-4] INFO  server.RaftServer$Division (RaftServerImpl.java:setRole(321)) - 8d5822ee-b1dd-46af-beb1-0638b7fa15fc@group-A2C53E516D65: changes role from  FOLLOWER to FOLLOWER at term 4 for candidate:3f0205b3-740b-4219-bfdb-76da739fef9e
2023-01-24 12:23:14,841 [grpc-default-executor-4] INFO  impl.RoleInfo (RoleInfo.java:shutdownFollowerState(110)) - 8d5822ee-b1dd-46af-beb1-0638b7fa15fc: shutdown 8d5822ee-b1dd-46af-beb1-0638b7fa15fc@group-A2C53E516D65-FollowerState
2023-01-24 12:23:14,841 [grpc-default-executor-4] INFO  impl.RoleInfo (RoleInfo.java:updateAndGet(139)) - 8d5822ee-b1dd-46af-beb1-0638b7fa15fc: start 8d5822ee-b1dd-46af-beb1-0638b7fa15fc@group-A2C53E516D65-FollowerState
2023-01-24 12:23:14,841 [8d5822ee-b1dd-46af-beb1-0638b7fa15fc@group-A2C53E516D65-FollowerState] INFO  impl.FollowerState (FollowerState.java:run(152)) - 8d5822ee-b1dd-46af-beb1-0638b7fa15fc@group-A2C53E516D65-FollowerState was interrupted
2023-01-24 12:23:14,842 [8d5822ee-b1dd-46af-beb1-0638b7fa15fc@group-A2C53E516D65-FollowerState] INFO  server.RaftServerConfigKeys (ConfUtils.java:logFallback(53)) - raft.server.rpc.first-election.timeout.min = 5s (fallback to raft.server.rpc.timeout.min)
2023-01-24 12:23:14,842 [8d5822ee-b1dd-46af-beb1-0638b7fa15fc@group-A2C53E516D65-FollowerState] INFO  server.RaftServerConfigKeys (ConfUtils.java:logFallback(53)) - raft.server.rpc.first-election.timeout.max = 5200ms (fallback to raft.server.rpc.timeout.max)
2023-01-24 12:23:14,843 [grpc-default-executor-4] INFO  server.RaftServer$Division (RaftServerImpl.java:requestVote(1251)) - 8d5822ee-b1dd-46af-beb1-0638b7fa15fc@group-A2C53E516D65 replies to ELECTION vote request: 3f0205b3-740b-4219-bfdb-76da739fef9e<-8d5822ee-b1dd-46af-beb1-0638b7fa15fc#0:FAIL-t4. Peer's state: 8d5822ee-b1dd-46af-beb1-0638b7fa15fc@group-A2C53E516D65:t4, leader=null, voted=null, raftlog=Memoized:8d5822ee-b1dd-46af-beb1-0638b7fa15fc@group-A2C53E516D65-SegmentedRaftLog:OPENED:c-1, conf=-1: peers:[4243b07b-dbe8-44bd-919c-c5b59c546d4c|rpc:10.1.1.14:38729|dataStream:10.1.1.14:33721|priority:0|startupRole:FOLLOWER, 8d5822ee-b1dd-46af-beb1-0638b7fa15fc|rpc:10.1.1.14:38873|dataStream:10.1.1.14:42631|priority:1|startupRole:FOLLOWER, 3f0205b3-740b-4219-bfdb-76da739fef9e|rpc:10.1.1.14:39411|dataStream:10.1.1.14:35799|priority:0|startupRole:FOLLOWER]|listeners:[], old=null
2023-01-24 12:23:14,843 [grpc-default-executor-2] INFO  server.RaftServer$Division (RaftServerImpl.java:requestVote(1218)) - 4243b07b-dbe8-44bd-919c-c5b59c546d4c@group-A2C53E516D65: receive requestVote(ELECTION, 3f0205b3-740b-4219-bfdb-76da739fef9e, group-A2C53E516D65, 4, (t:0, i:0))
2023-01-24 12:23:14,843 [grpc-default-executor-2] INFO  impl.VoteContext (VoteContext.java:log(49)) - 4243b07b-dbe8-44bd-919c-c5b59c546d4c@group-A2C53E516D65-FOLLOWER: accept ELECTION from 3f0205b3-740b-4219-bfdb-76da739fef9e: our priority 0 <= candidate's priority 0
2023-01-24 12:23:14,843 [grpc-default-executor-2] INFO  server.RaftServer$Division (RaftServerImpl.java:setRole(321)) - 4243b07b-dbe8-44bd-919c-c5b59c546d4c@group-A2C53E516D65: changes role from  FOLLOWER to FOLLOWER at term 4 for candidate:3f0205b3-740b-4219-bfdb-76da739fef9e
2023-01-24 12:23:14,843 [grpc-default-executor-2] INFO  impl.RoleInfo (RoleInfo.java:shutdownFollowerState(110)) - 4243b07b-dbe8-44bd-919c-c5b59c546d4c: shutdown 4243b07b-dbe8-44bd-919c-c5b59c546d4c@group-A2C53E516D65-FollowerState
2023-01-24 12:23:14,843 [grpc-default-executor-2] INFO  impl.RoleInfo (RoleInfo.java:updateAndGet(139)) - 4243b07b-dbe8-44bd-919c-c5b59c546d4c: start 4243b07b-dbe8-44bd-919c-c5b59c546d4c@group-A2C53E516D65-FollowerState
2023-01-24 12:23:14,843 [4243b07b-dbe8-44bd-919c-c5b59c546d4c@group-A2C53E516D65-FollowerState] INFO  impl.FollowerState (FollowerState.java:run(152)) - 4243b07b-dbe8-44bd-919c-c5b59c546d4c@group-A2C53E516D65-FollowerState was interrupted
2023-01-24 12:23:14,844 [4243b07b-dbe8-44bd-919c-c5b59c546d4c@group-A2C53E516D65-FollowerState] INFO  server.RaftServerConfigKeys (ConfUtils.java:logFallback(53)) - raft.server.rpc.first-election.timeout.min = 5s (fallback to raft.server.rpc.timeout.min)
2023-01-24 12:23:14,844 [4243b07b-dbe8-44bd-919c-c5b59c546d4c@group-A2C53E516D65-FollowerState] INFO  server.RaftServerConfigKeys (ConfUtils.java:logFallback(53)) - raft.server.rpc.first-election.timeout.max = 5200ms (fallback to raft.server.rpc.timeout.max)
2023-01-24 12:23:14,845 [grpc-default-executor-2] INFO  server.RaftServer$Division (RaftServerImpl.java:requestVote(1251)) - 4243b07b-dbe8-44bd-919c-c5b59c546d4c@group-A2C53E516D65 replies to ELECTION vote request: 3f0205b3-740b-4219-bfdb-76da739fef9e<-4243b07b-dbe8-44bd-919c-c5b59c546d4c#0:OK-t4. Peer's state: 4243b07b-dbe8-44bd-919c-c5b59c546d4c@group-A2C53E516D65:t4, leader=null, voted=3f0205b3-740b-4219-bfdb-76da739fef9e, raftlog=Memoized:4243b07b-dbe8-44bd-919c-c5b59c546d4c@group-A2C53E516D65-SegmentedRaftLog:OPENED:c-1, conf=-1: peers:[4243b07b-dbe8-44bd-919c-c5b59c546d4c|rpc:10.1.1.14:38729|dataStream:10.1.1.14:33721|priority:0|startupRole:FOLLOWER, 8d5822ee-b1dd-46af-beb1-0638b7fa15fc|rpc:10.1.1.14:38873|dataStream:10.1.1.14:42631|priority:1|startupRole:FOLLOWER, 3f0205b3-740b-4219-bfdb-76da739fef9e|rpc:10.1.1.14:39411|dataStream:10.1.1.14:35799|priority:0|startupRole:FOLLOWER]|listeners:[], old=null
2023-01-24 12:23:14,846 [3f0205b3-740b-4219-bfdb-76da739fef9e@group-A2C53E516D65-LeaderElection31] INFO  impl.LeaderElection (LeaderElection.java:logAndReturn(90)) - 3f0205b3-740b-4219-bfdb-76da739fef9e@group-A2C53E516D65-LeaderElection31: ELECTION REJECTED received 2 response(s) and 0 exception(s):
2023-01-24 12:23:14,846 [3f0205b3-740b-4219-bfdb-76da739fef9e@group-A2C53E516D65-LeaderElection31] INFO  impl.LeaderElection (LeaderElection.java:logAndReturn(94)) -   Response 0: 3f0205b3-740b-4219-bfdb-76da739fef9e<-4243b07b-dbe8-44bd-919c-c5b59c546d4c#0:OK-t4
2023-01-24 12:23:14,846 [3f0205b3-740b-4219-bfdb-76da739fef9e@group-A2C53E516D65-LeaderElection31] INFO  impl.LeaderElection (LeaderElection.java:logAndReturn(94)) -   Response 1: 3f0205b3-740b-4219-bfdb-76da739fef9e<-8d5822ee-b1dd-46af-beb1-0638b7fa15fc#0:FAIL-t4
2023-01-24 12:23:14,846 [3f0205b3-740b-4219-bfdb-76da739fef9e@group-A2C53E516D65-LeaderElection31] INFO  impl.LeaderElection (LeaderElection.java:askForVotes(314)) - 3f0205b3-740b-4219-bfdb-76da739fef9e@group-A2C53E516D65-LeaderElection31 ELECTION round 0: result REJECTED
2023-01-24 12:23:14,846 [3f0205b3-740b-4219-bfdb-76da739fef9e@group-A2C53E516D65-LeaderElection31] INFO  server.RaftServer$Division (RaftServerImpl.java:setRole(321)) - 3f0205b3-740b-4219-bfdb-76da739fef9e@group-A2C53E516D65: changes role from CANDIDATE to FOLLOWER at term 4 for REJECTED
2023-01-24 12:23:14,846 [3f0205b3-740b-4219-bfdb-76da739fef9e@group-A2C53E516D65-LeaderElection31] INFO  impl.RoleInfo (RoleInfo.java:shutdownLeaderElection(130)) - 3f0205b3-740b-4219-bfdb-76da739fef9e: shutdown 3f0205b3-740b-4219-bfdb-76da739fef9e@group-A2C53E516D65-LeaderElection31
2023-01-24 12:23:14,846 [3f0205b3-740b-4219-bfdb-76da739fef9e@group-A2C53E516D65-LeaderElection31] INFO  impl.RoleInfo (RoleInfo.java:updateAndGet(139)) - 3f0205b3-740b-4219-bfdb-76da739fef9e: start 3f0205b3-740b-4219-bfdb-76da739fef9e@group-A2C53E516D65-FollowerState
2023-01-24 12:23:14,847 [3f0205b3-740b-4219-bfdb-76da739fef9e@group-A2C53E516D65-FollowerState] INFO  server.RaftServerConfigKeys (ConfUtils.java:logFallback(53)) - raft.server.rpc.first-election.timeout.min = 5s (fallback to raft.server.rpc.timeout.min)
2023-01-24 12:23:14,847 [3f0205b3-740b-4219-bfdb-76da739fef9e@group-A2C53E516D65-FollowerState] INFO  server.RaftServerConfigKeys (ConfUtils.java:logFallback(53)) - raft.server.rpc.first-election.timeout.max = 5200ms (fallback to raft.server.rpc.timeout.max)
2023-01-24 12:23:18,443 [c6074cc5-da23-4fc2-b305-e072798acc5a@group-34335D786654-FollowerState] INFO  server.RaftServerConfigKeys (ConfUtils.java:logFallback(53)) - raft.server.rpc.first-election.timeout.min = 5s (fallback to raft.server.rpc.timeout.min)
2023-01-24 12:23:18,443 [c6074cc5-da23-4fc2-b305-e072798acc5a@group-34335D786654-FollowerState] INFO  server.RaftServerConfigKeys (ConfUtils.java:logFallback(53)) - raft.server.rpc.first-election.timeout.max = 5200ms (fallback to raft.server.rpc.timeout.max)
2023-01-24 12:23:18,466 [93701946-f5e3-4943-a932-e133db5deae9@group-34335D786654-FollowerState] INFO  impl.FollowerState (FollowerState.java:run(143)) - 93701946-f5e3-4943-a932-e133db5deae9@group-34335D786654-FollowerState: change to CANDIDATE, lastRpcElapsedTime:5124470826ns, electionTimeout:5121ms
2023-01-24 12:23:18,466 [93701946-f5e3-4943-a932-e133db5deae9@group-34335D786654-FollowerState] INFO  impl.RoleInfo (RoleInfo.java:shutdownFollowerState(110)) - 93701946-f5e3-4943-a932-e133db5deae9: shutdown 93701946-f5e3-4943-a932-e133db5deae9@group-34335D786654-FollowerState
2023-01-24 12:23:18,466 [93701946-f5e3-4943-a932-e133db5deae9@group-34335D786654-FollowerState] INFO  server.RaftServer$Division (RaftServerImpl.java:setRole(321)) - 93701946-f5e3-4943-a932-e133db5deae9@group-34335D786654: changes role from  FOLLOWER to CANDIDATE at term 4 for changeToCandidate
2023-01-24 12:23:18,466 [93701946-f5e3-4943-a932-e133db5deae9@group-34335D786654-FollowerState] INFO  server.RaftServerConfigKeys (ConfUtils.java:logGet(46)) - raft.server.leaderelection.pre-vote = false (custom)
2023-01-24 12:23:18,466 [93701946-f5e3-4943-a932-e133db5deae9@group-34335D786654-FollowerState] INFO  impl.RoleInfo (RoleInfo.java:updateAndGet(139)) - 93701946-f5e3-4943-a932-e133db5deae9: start 93701946-f5e3-4943-a932-e133db5deae9@group-34335D786654-LeaderElection32
2023-01-24 12:23:18,467 [93701946-f5e3-4943-a932-e133db5deae9@group-34335D786654-LeaderElection32] INFO  impl.LeaderElection (LeaderElection.java:askForVotes(312)) - 93701946-f5e3-4943-a932-e133db5deae9@group-34335D786654-LeaderElection32 ELECTION round 0: submit vote requests at term 5 for -1: peers:[c6074cc5-da23-4fc2-b305-e072798acc5a|rpc:10.1.1.14:38087|dataStream:10.1.1.14:46483|priority:0|startupRole:FOLLOWER, 93701946-f5e3-4943-a932-e133db5deae9|rpc:10.1.1.14:32935|dataStream:10.1.1.14:45565|priority:1|startupRole:FOLLOWER, 7141d06d-71d8-4a56-9b5d-23c6772b1ac6|rpc:10.1.1.14:37745|dataStream:10.1.1.14:35891|priority:0|startupRole:FOLLOWER]|listeners:[], old=null
2023-01-24 12:23:18,468 [93701946-f5e3-4943-a932-e133db5deae9@group-34335D786654-LeaderElection32] INFO  server.RaftServerConfigKeys (ConfUtils.java:logFallback(53)) - raft.server.rpc.first-election.timeout.min = 5s (fallback to raft.server.rpc.timeout.min)
2023-01-24 12:23:18,468 [93701946-f5e3-4943-a932-e133db5deae9@group-34335D786654-LeaderElection32] INFO  server.RaftServerConfigKeys (ConfUtils.java:logFallback(53)) - raft.server.rpc.first-election.timeout.max = 5200ms (fallback to raft.server.rpc.timeout.max)
2023-01-24 12:23:18,469 [grpc-default-executor-4] INFO  server.RaftServer$Division (RaftServerImpl.java:requestVote(1218)) - 7141d06d-71d8-4a56-9b5d-23c6772b1ac6@group-34335D786654: receive requestVote(ELECTION, 93701946-f5e3-4943-a932-e133db5deae9, group-34335D786654, 5, (t:0, i:0))
2023-01-24 12:23:18,469 [grpc-default-executor-4] INFO  impl.VoteContext (VoteContext.java:log(49)) - 7141d06d-71d8-4a56-9b5d-23c6772b1ac6@group-34335D786654-FOLLOWER: accept ELECTION from 93701946-f5e3-4943-a932-e133db5deae9: our priority 0 <= candidate's priority 1
2023-01-24 12:23:18,470 [grpc-default-executor-4] INFO  server.RaftServer$Division (RaftServerImpl.java:setRole(321)) - 7141d06d-71d8-4a56-9b5d-23c6772b1ac6@group-34335D786654: changes role from  FOLLOWER to FOLLOWER at term 5 for candidate:93701946-f5e3-4943-a932-e133db5deae9
2023-01-24 12:23:18,470 [grpc-default-executor-4] INFO  impl.RoleInfo (RoleInfo.java:shutdownFollowerState(110)) - 7141d06d-71d8-4a56-9b5d-23c6772b1ac6: shutdown 7141d06d-71d8-4a56-9b5d-23c6772b1ac6@group-34335D786654-FollowerState
2023-01-24 12:23:18,470 [grpc-default-executor-2] INFO  server.RaftServer$Division (RaftServerImpl.java:requestVote(1218)) - c6074cc5-da23-4fc2-b305-e072798acc5a@group-34335D786654: receive requestVote(ELECTION, 93701946-f5e3-4943-a932-e133db5deae9, group-34335D786654, 5, (t:0, i:0))
2023-01-24 12:23:18,470 [grpc-default-executor-2] INFO  impl.VoteContext (VoteContext.java:log(49)) - c6074cc5-da23-4fc2-b305-e072798acc5a@group-34335D786654-FOLLOWER: accept ELECTION from 93701946-f5e3-4943-a932-e133db5deae9: our priority 0 <= candidate's priority 1
2023-01-24 12:23:18,470 [grpc-default-executor-2] INFO  server.RaftServer$Division (RaftServerImpl.java:setRole(321)) - c6074cc5-da23-4fc2-b305-e072798acc5a@group-34335D786654: changes role from  FOLLOWER to FOLLOWER at term 5 for candidate:93701946-f5e3-4943-a932-e133db5deae9
2023-01-24 12:23:18,470 [grpc-default-executor-2] INFO  impl.RoleInfo (RoleInfo.java:shutdownFollowerState(110)) - c6074cc5-da23-4fc2-b305-e072798acc5a: shutdown c6074cc5-da23-4fc2-b305-e072798acc5a@group-34335D786654-FollowerState
2023-01-24 12:23:18,473 [grpc-default-executor-2] INFO  impl.RoleInfo (RoleInfo.java:updateAndGet(139)) - c6074cc5-da23-4fc2-b305-e072798acc5a: start c6074cc5-da23-4fc2-b305-e072798acc5a@group-34335D786654-FollowerState
2023-01-24 12:23:18,473 [c6074cc5-da23-4fc2-b305-e072798acc5a@group-34335D786654-FollowerState] INFO  impl.FollowerState (FollowerState.java:run(152)) - c6074cc5-da23-4fc2-b305-e072798acc5a@group-34335D786654-FollowerState was interrupted
2023-01-24 12:23:18,473 [grpc-default-executor-4] INFO  impl.RoleInfo (RoleInfo.java:updateAndGet(139)) - 7141d06d-71d8-4a56-9b5d-23c6772b1ac6: start 7141d06d-71d8-4a56-9b5d-23c6772b1ac6@group-34335D786654-FollowerState
2023-01-24 12:23:18,473 [7141d06d-71d8-4a56-9b5d-23c6772b1ac6@group-34335D786654-FollowerState] INFO  impl.FollowerState (FollowerState.java:run(152)) - 7141d06d-71d8-4a56-9b5d-23c6772b1ac6@group-34335D786654-FollowerState was interrupted
2023-01-24 12:23:18,473 [c6074cc5-da23-4fc2-b305-e072798acc5a@group-34335D786654-FollowerState] INFO  server.RaftServerConfigKeys (ConfUtils.java:logFallback(53)) - raft.server.rpc.first-election.timeout.min = 5s (fallback to raft.server.rpc.timeout.min)
2023-01-24 12:23:18,473 [c6074cc5-da23-4fc2-b305-e072798acc5a@group-34335D786654-FollowerState] INFO  server.RaftServerConfigKeys (ConfUtils.java:logFallback(53)) - raft.server.rpc.first-election.timeout.max = 5200ms (fallback to raft.server.rpc.timeout.max)
2023-01-24 12:23:18,474 [7141d06d-71d8-4a56-9b5d-23c6772b1ac6@group-34335D786654-FollowerState] INFO  server.RaftServerConfigKeys (ConfUtils.java:logFallback(53)) - raft.server.rpc.first-election.timeout.min = 5s (fallback to raft.server.rpc.timeout.min)
2023-01-24 12:23:18,474 [7141d06d-71d8-4a56-9b5d-23c6772b1ac6@group-34335D786654-FollowerState] INFO  server.RaftServerConfigKeys (ConfUtils.java:logFallback(53)) - raft.server.rpc.first-election.timeout.max = 5200ms (fallback to raft.server.rpc.timeout.max)
2023-01-24 12:23:18,474 [grpc-default-executor-2] INFO  server.RaftServer$Division (RaftServerImpl.java:requestVote(1251)) - c6074cc5-da23-4fc2-b305-e072798acc5a@group-34335D786654 replies to ELECTION vote request: 93701946-f5e3-4943-a932-e133db5deae9<-c6074cc5-da23-4fc2-b305-e072798acc5a#0:OK-t5. Peer's state: c6074cc5-da23-4fc2-b305-e072798acc5a@group-34335D786654:t5, leader=null, voted=93701946-f5e3-4943-a932-e133db5deae9, raftlog=Memoized:c6074cc5-da23-4fc2-b305-e072798acc5a@group-34335D786654-SegmentedRaftLog:OPENED:c-1, conf=-1: peers:[c6074cc5-da23-4fc2-b305-e072798acc5a|rpc:10.1.1.14:38087|dataStream:10.1.1.14:46483|priority:0|startupRole:FOLLOWER, 93701946-f5e3-4943-a932-e133db5deae9|rpc:10.1.1.14:32935|dataStream:10.1.1.14:45565|priority:1|startupRole:FOLLOWER, 7141d06d-71d8-4a56-9b5d-23c6772b1ac6|rpc:10.1.1.14:37745|dataStream:10.1.1.14:35891|priority:0|startupRole:FOLLOWER]|listeners:[], old=null
2023-01-24 12:23:18,475 [grpc-default-executor-4] INFO  server.RaftServer$Division (RaftServerImpl.java:requestVote(1251)) - 7141d06d-71d8-4a56-9b5d-23c6772b1ac6@group-34335D786654 replies to ELECTION vote request: 93701946-f5e3-4943-a932-e133db5deae9<-7141d06d-71d8-4a56-9b5d-23c6772b1ac6#0:OK-t5. Peer's state: 7141d06d-71d8-4a56-9b5d-23c6772b1ac6@group-34335D786654:t5, leader=null, voted=93701946-f5e3-4943-a932-e133db5deae9, raftlog=Memoized:7141d06d-71d8-4a56-9b5d-23c6772b1ac6@group-34335D786654-SegmentedRaftLog:OPENED:c-1, conf=-1: peers:[c6074cc5-da23-4fc2-b305-e072798acc5a|rpc:10.1.1.14:38087|dataStream:10.1.1.14:46483|priority:0|startupRole:FOLLOWER, 93701946-f5e3-4943-a932-e133db5deae9|rpc:10.1.1.14:32935|dataStream:10.1.1.14:45565|priority:1|startupRole:FOLLOWER, 7141d06d-71d8-4a56-9b5d-23c6772b1ac6|rpc:10.1.1.14:37745|dataStream:10.1.1.14:35891|priority:0|startupRole:FOLLOWER]|listeners:[], old=null
2023-01-24 12:23:18,475 [93701946-f5e3-4943-a932-e133db5deae9@group-34335D786654-LeaderElection32] INFO  impl.LeaderElection (LeaderElection.java:logAndReturn(90)) - 93701946-f5e3-4943-a932-e133db5deae9@group-34335D786654-LeaderElection32: ELECTION PASSED received 1 response(s) and 0 exception(s):
2023-01-24 12:23:18,475 [93701946-f5e3-4943-a932-e133db5deae9@group-34335D786654-LeaderElection32] INFO  impl.LeaderElection (LeaderElection.java:logAndReturn(94)) -   Response 0: 93701946-f5e3-4943-a932-e133db5deae9<-c6074cc5-da23-4fc2-b305-e072798acc5a#0:OK-t5
2023-01-24 12:23:18,475 [93701946-f5e3-4943-a932-e133db5deae9@group-34335D786654-LeaderElection32] INFO  impl.LeaderElection (LeaderElection.java:askForVotes(314)) - 93701946-f5e3-4943-a932-e133db5deae9@group-34335D786654-LeaderElection32 ELECTION round 0: result PASSED
2023-01-24 12:23:18,475 [93701946-f5e3-4943-a932-e133db5deae9@group-34335D786654-LeaderElection32] INFO  impl.RoleInfo (RoleInfo.java:shutdownLeaderElection(130)) - 93701946-f5e3-4943-a932-e133db5deae9: shutdown 93701946-f5e3-4943-a932-e133db5deae9@group-34335D786654-LeaderElection32
2023-01-24 12:23:18,476 [93701946-f5e3-4943-a932-e133db5deae9@group-34335D786654-LeaderElection32] INFO  server.RaftServer$Division (RaftServerImpl.java:setRole(321)) - 93701946-f5e3-4943-a932-e133db5deae9@group-34335D786654: changes role from CANDIDATE to LEADER at term 5 for changeToLeader
2023-01-24 12:23:18,476 [93701946-f5e3-4943-a932-e133db5deae9@group-34335D786654-LeaderElection32] INFO  ratis.XceiverServerRatis (XceiverServerRatis.java:handleLeaderChangedNotification(904)) - Leader change notification received for group: group-34335D786654 with new leaderId: 93701946-f5e3-4943-a932-e133db5deae9
2023-01-24 12:23:18,476 [93701946-f5e3-4943-a932-e133db5deae9@group-34335D786654-LeaderElection32] INFO  server.RaftServer$Division (ServerState.java:setLeader(313)) - 93701946-f5e3-4943-a932-e133db5deae9@group-34335D786654: change Leader from null to 93701946-f5e3-4943-a932-e133db5deae9 at term 5 for becomeLeader, leader elected after 24913ms
2023-01-24 12:23:18,476 [93701946-f5e3-4943-a932-e133db5deae9@group-34335D786654-LeaderElection32] INFO  server.RaftServerConfigKeys (ConfUtils.java:logGet(46)) - raft.server.staging.catchup.gap = 1000 (default)
2023-01-24 12:23:18,476 [93701946-f5e3-4943-a932-e133db5deae9@group-34335D786654-LeaderElection32] INFO  server.RaftServerConfigKeys (ConfUtils.java:logGet(46)) - raft.server.write.element-limit = 1024 (custom)
2023-01-24 12:23:18,476 [93701946-f5e3-4943-a932-e133db5deae9@group-34335D786654-LeaderElection32] INFO  server.RaftServerConfigKeys (ConfUtils.java:logGet(46)) - raft.server.write.byte-limit = 1024 M (=1073741824) (custom)
2023-01-24 12:23:18,476 [93701946-f5e3-4943-a932-e133db5deae9@group-34335D786654-LeaderElection32] INFO  server.RaftServerConfigKeys (ConfUtils.java:logGet(46)) - raft.server.watch.timeout = 180s (custom)
2023-01-24 12:23:18,476 [93701946-f5e3-4943-a932-e133db5deae9@group-34335D786654-LeaderElection32] INFO  server.RaftServerConfigKeys (ConfUtils.java:logGet(46)) - raft.server.watch.timeout.denomination = 1s (default)
2023-01-24 12:23:18,476 [93701946-f5e3-4943-a932-e133db5deae9@group-34335D786654-LeaderElection32] INFO  server.RaftServerConfigKeys (ConfUtils.java:logGet(46)) - raft.server.watch.element-limit = 65536 (default)
2023-01-24 12:23:18,476 [93701946-f5e3-4943-a932-e133db5deae9@group-34335D786654-LeaderElection32] INFO  server.RaftServerConfigKeys (ConfUtils.java:logGet(46)) - raft.server.write.element-limit = 1024 (custom)
2023-01-24 12:23:18,476 [93701946-f5e3-4943-a932-e133db5deae9@group-34335D786654-LeaderElection32] INFO  server.RaftServerConfigKeys (ConfUtils.java:logGet(46)) - raft.server.write.follower.gap.ratio.max = -1.0 (default)
2023-01-24 12:23:18,477 [93701946-f5e3-4943-a932-e133db5deae9@group-34335D786654-LeaderElection32] INFO  server.RaftServerConfigKeys (ConfUtils.java:logGet(46)) - raft.server.log.appender.snapshot.chunk.size.max = 16MB (=16777216) (default)
2023-01-24 12:23:18,477 [93701946-f5e3-4943-a932-e133db5deae9@group-34335D786654-LeaderElection32] INFO  server.RaftServerConfigKeys (ConfUtils.java:logGet(46)) - raft.server.log.appender.buffer.byte-limit = 33554432 (custom)
2023-01-24 12:23:18,477 [93701946-f5e3-4943-a932-e133db5deae9@group-34335D786654-LeaderElection32] INFO  server.RaftServerConfigKeys (ConfUtils.java:logGet(46)) - raft.server.log.appender.buffer.element-limit = 1 (custom)
2023-01-24 12:23:18,477 [93701946-f5e3-4943-a932-e133db5deae9@group-34335D786654-LeaderElection32] INFO  grpc.GrpcConfigKeys (ConfUtils.java:logGet(46)) - raft.grpc.server.leader.outstanding.appends.max = 128 (default)
2023-01-24 12:23:18,477 [93701946-f5e3-4943-a932-e133db5deae9@group-34335D786654-LeaderElection32] INFO  server.RaftServerConfigKeys (ConfUtils.java:logGet(46)) - raft.server.rpc.request.timeout = 60s (custom)
2023-01-24 12:23:18,477 [93701946-f5e3-4943-a932-e133db5deae9@group-34335D786654-LeaderElection32] INFO  server.RaftServerConfigKeys (ConfUtils.java:logGet(46)) - raft.server.log.appender.install.snapshot.enabled = false (custom)
2023-01-24 12:23:18,477 [93701946-f5e3-4943-a932-e133db5deae9@group-34335D786654-LeaderElection32] INFO  grpc.GrpcConfigKeys (ConfUtils.java:logGet(46)) - raft.grpc.server.heartbeat.channel = true (default)
2023-01-24 12:23:18,477 [93701946-f5e3-4943-a932-e133db5deae9@group-34335D786654-LeaderElection32] INFO  server.RaftServerConfigKeys (ConfUtils.java:logGet(46)) - raft.server.log.appender.wait-time.min = 10ms (default)
2023-01-24 12:23:18,478 [93701946-f5e3-4943-a932-e133db5deae9@group-34335D786654-LeaderElection32] INFO  server.RaftServerConfigKeys (ConfUtils.java:logGet(46)) - raft.server.log.appender.snapshot.chunk.size.max = 16MB (=16777216) (default)
2023-01-24 12:23:18,478 [93701946-f5e3-4943-a932-e133db5deae9@group-34335D786654-LeaderElection32] INFO  server.RaftServerConfigKeys (ConfUtils.java:logGet(46)) - raft.server.log.appender.buffer.byte-limit = 33554432 (custom)
2023-01-24 12:23:18,478 [93701946-f5e3-4943-a932-e133db5deae9@group-34335D786654-LeaderElection32] INFO  server.RaftServerConfigKeys (ConfUtils.java:logGet(46)) - raft.server.log.appender.buffer.element-limit = 1 (custom)
2023-01-24 12:23:18,478 [93701946-f5e3-4943-a932-e133db5deae9@group-34335D786654-LeaderElection32] INFO  grpc.GrpcConfigKeys (ConfUtils.java:logGet(46)) - raft.grpc.server.leader.outstanding.appends.max = 128 (default)
2023-01-24 12:23:18,478 [93701946-f5e3-4943-a932-e133db5deae9@group-34335D786654-LeaderElection32] INFO  server.RaftServerConfigKeys (ConfUtils.java:logGet(46)) - raft.server.rpc.request.timeout = 60s (custom)
2023-01-24 12:23:18,478 [93701946-f5e3-4943-a932-e133db5deae9@group-34335D786654-LeaderElection32] INFO  server.RaftServerConfigKeys (ConfUtils.java:logGet(46)) - raft.server.log.appender.install.snapshot.enabled = false (custom)
2023-01-24 12:23:18,478 [93701946-f5e3-4943-a932-e133db5deae9@group-34335D786654-LeaderElection32] INFO  grpc.GrpcConfigKeys (ConfUtils.java:logGet(46)) - raft.grpc.server.heartbeat.channel = true (default)
2023-01-24 12:23:18,478 [93701946-f5e3-4943-a932-e133db5deae9@group-34335D786654-LeaderElection32] INFO  server.RaftServerConfigKeys (ConfUtils.java:logGet(46)) - raft.server.log.appender.wait-time.min = 10ms (default)
2023-01-24 12:23:18,479 [EventQueue-PipelineReportForPipelineReportHandler] INFO  pipeline.PipelineManagerImpl (PipelineManagerImpl.java:openPipeline(367)) - Pipeline Pipeline[ Id: 6c0a0579-a25a-4b3b-a2c7-34335d786654, Nodes: c6074cc5-da23-4fc2-b305-e072798acc5a(fv-az83-645.uavyq1izdhte5b0ne1us2eqzhb.jx.internal.cloudapp.net/10.1.1.14)7141d06d-71d8-4a56-9b5d-23c6772b1ac6(fv-az83-645.uavyq1izdhte5b0ne1us2eqzhb.jx.internal.cloudapp.net/10.1.1.14)93701946-f5e3-4943-a932-e133db5deae9(fv-az83-645.uavyq1izdhte5b0ne1us2eqzhb.jx.internal.cloudapp.net/10.1.1.14), ReplicationConfig: RATIS/THREE, State:ALLOCATED, leaderId:93701946-f5e3-4943-a932-e133db5deae9, CreationTimestamp2023-01-24T12:22:50.754Z[Etc/UTC]] moved to OPEN state
2023-01-24 12:23:18,479 [93701946-f5e3-4943-a932-e133db5deae9@group-34335D786654-LeaderElection32] INFO  impl.RoleInfo (RoleInfo.java:updateAndGet(139)) - 93701946-f5e3-4943-a932-e133db5deae9: start 93701946-f5e3-4943-a932-e133db5deae9@group-34335D786654-LeaderStateImpl
2023-01-24 12:23:18,480 [93701946-f5e3-4943-a932-e133db5deae9@group-34335D786654-LeaderElection32] INFO  segmented.SegmentedRaftLogWorker (SegmentedRaftLogWorker.java:startLogSegment(452)) - 93701946-f5e3-4943-a932-e133db5deae9@group-34335D786654-SegmentedRaftLogWorker: Starting segment from index:0
2023-01-24 12:23:18,480 [93701946-f5e3-4943-a932-e133db5deae9@group-34335D786654-LeaderElection32] INFO  server.RaftServer$Division (ServerState.java:setRaftConf(430)) - 93701946-f5e3-4943-a932-e133db5deae9@group-34335D786654: set configuration 0: peers:[c6074cc5-da23-4fc2-b305-e072798acc5a|rpc:10.1.1.14:38087|dataStream:10.1.1.14:46483|priority:0|startupRole:FOLLOWER, 93701946-f5e3-4943-a932-e133db5deae9|rpc:10.1.1.14:32935|dataStream:10.1.1.14:45565|priority:1|startupRole:FOLLOWER, 7141d06d-71d8-4a56-9b5d-23c6772b1ac6|rpc:10.1.1.14:37745|dataStream:10.1.1.14:35891|priority:0|startupRole:FOLLOWER]|listeners:[], old=null
2023-01-24 12:23:18,481 [93701946-f5e3-4943-a932-e133db5deae9@group-34335D786654-SegmentedRaftLogWorker] INFO  segmented.SegmentedRaftLogWorker (SegmentedRaftLogWorker.java:execute(656)) - 93701946-f5e3-4943-a932-e133db5deae9@group-34335D786654-SegmentedRaftLogWorker: created new log segment /home/runner/work/ozone/ozone/hadoop-ozone/integration-test/target/test-dir/MiniOzoneClusterImpl-9ddee5dd-a9b0-4f84-bf8c-5f63b859aaaf/datanode-2/data/ratis/6c0a0579-a25a-4b3b-a2c7-34335d786654/current/log_inprogress_0
2023-01-24 12:23:18,485 [7141d06d-71d8-4a56-9b5d-23c6772b1ac6-server-thread1] INFO  ratis.XceiverServerRatis (XceiverServerRatis.java:handleLeaderChangedNotification(904)) - Leader change notification received for group: group-34335D786654 with new leaderId: 93701946-f5e3-4943-a932-e133db5deae9
2023-01-24 12:23:18,485 [7141d06d-71d8-4a56-9b5d-23c6772b1ac6-server-thread1] INFO  server.RaftServer$Division (ServerState.java:setLeader(313)) - 7141d06d-71d8-4a56-9b5d-23c6772b1ac6@group-34335D786654: change Leader from null to 93701946-f5e3-4943-a932-e133db5deae9 at term 5 for appendEntries, leader elected after 25095ms
2023-01-24 12:23:18,487 [7141d06d-71d8-4a56-9b5d-23c6772b1ac6-server-thread2] INFO  server.RaftServer$Division (ServerState.java:setRaftConf(430)) - 7141d06d-71d8-4a56-9b5d-23c6772b1ac6@group-34335D786654: set configuration 0: peers:[c6074cc5-da23-4fc2-b305-e072798acc5a|rpc:10.1.1.14:38087|dataStream:10.1.1.14:46483|priority:0|startupRole:FOLLOWER, 93701946-f5e3-4943-a932-e133db5deae9|rpc:10.1.1.14:32935|dataStream:10.1.1.14:45565|priority:1|startupRole:FOLLOWER, 7141d06d-71d8-4a56-9b5d-23c6772b1ac6|rpc:10.1.1.14:37745|dataStream:10.1.1.14:35891|priority:0|startupRole:FOLLOWER]|listeners:[], old=null
2023-01-24 12:23:18,488 [7141d06d-71d8-4a56-9b5d-23c6772b1ac6-server-thread2] INFO  segmented.SegmentedRaftLogWorker (SegmentedRaftLogWorker.java:startLogSegment(452)) - 7141d06d-71d8-4a56-9b5d-23c6772b1ac6@group-34335D786654-SegmentedRaftLogWorker: Starting segment from index:0
2023-01-24 12:23:18,489 [7141d06d-71d8-4a56-9b5d-23c6772b1ac6@group-34335D786654-SegmentedRaftLogWorker] INFO  segmented.SegmentedRaftLogWorker (SegmentedRaftLogWorker.java:execute(656)) - 7141d06d-71d8-4a56-9b5d-23c6772b1ac6@group-34335D786654-SegmentedRaftLogWorker: created new log segment /home/runner/work/ozone/ozone/hadoop-ozone/integration-test/target/test-dir/MiniOzoneClusterImpl-9ddee5dd-a9b0-4f84-bf8c-5f63b859aaaf/datanode-1/data/ratis/6c0a0579-a25a-4b3b-a2c7-34335d786654/current/log_inprogress_0
2023-01-24 12:23:18,497 [c6074cc5-da23-4fc2-b305-e072798acc5a-server-thread1] INFO  ratis.XceiverServerRatis (XceiverServerRatis.java:handleLeaderChangedNotification(904)) - Leader change notification received for group: group-34335D786654 with new leaderId: 93701946-f5e3-4943-a932-e133db5deae9
2023-01-24 12:23:18,497 [c6074cc5-da23-4fc2-b305-e072798acc5a-server-thread1] INFO  server.RaftServer$Division (ServerState.java:setLeader(313)) - c6074cc5-da23-4fc2-b305-e072798acc5a@group-34335D786654: change Leader from null to 93701946-f5e3-4943-a932-e133db5deae9 at term 5 for appendEntries, leader elected after 25544ms
2023-01-24 12:23:18,500 [c6074cc5-da23-4fc2-b305-e072798acc5a-server-thread2] INFO  server.RaftServer$Division (ServerState.java:setRaftConf(430)) - c6074cc5-da23-4fc2-b305-e072798acc5a@group-34335D786654: set configuration 0: peers:[c6074cc5-da23-4fc2-b305-e072798acc5a|rpc:10.1.1.14:38087|dataStream:10.1.1.14:46483|priority:0|startupRole:FOLLOWER, 93701946-f5e3-4943-a932-e133db5deae9|rpc:10.1.1.14:32935|dataStream:10.1.1.14:45565|priority:1|startupRole:FOLLOWER, 7141d06d-71d8-4a56-9b5d-23c6772b1ac6|rpc:10.1.1.14:37745|dataStream:10.1.1.14:35891|priority:0|startupRole:FOLLOWER]|listeners:[], old=null
2023-01-24 12:23:18,500 [c6074cc5-da23-4fc2-b305-e072798acc5a-server-thread2] INFO  segmented.SegmentedRaftLogWorker (SegmentedRaftLogWorker.java:startLogSegment(452)) - c6074cc5-da23-4fc2-b305-e072798acc5a@group-34335D786654-SegmentedRaftLogWorker: Starting segment from index:0
2023-01-24 12:23:18,501 [c6074cc5-da23-4fc2-b305-e072798acc5a@group-34335D786654-SegmentedRaftLogWorker] INFO  segmented.SegmentedRaftLogWorker (SegmentedRaftLogWorker.java:execute(656)) - c6074cc5-da23-4fc2-b305-e072798acc5a@group-34335D786654-SegmentedRaftLogWorker: created new log segment /home/runner/work/ozone/ozone/hadoop-ozone/integration-test/target/test-dir/MiniOzoneClusterImpl-9ddee5dd-a9b0-4f84-bf8c-5f63b859aaaf/datanode-0/data/ratis/6c0a0579-a25a-4b3b-a2c7-34335d786654/current/log_inprogress_0
2023-01-24 12:23:19,844 [8d5822ee-b1dd-46af-beb1-0638b7fa15fc@group-A2C53E516D65-FollowerState] INFO  impl.FollowerState (FollowerState.java:run(143)) - 8d5822ee-b1dd-46af-beb1-0638b7fa15fc@group-A2C53E516D65-FollowerState: change to CANDIDATE, lastRpcElapsedTime:5003145110ns, electionTimeout:5001ms
2023-01-24 12:23:19,844 [8d5822ee-b1dd-46af-beb1-0638b7fa15fc@group-A2C53E516D65-FollowerState] INFO  impl.RoleInfo (RoleInfo.java:shutdownFollowerState(110)) - 8d5822ee-b1dd-46af-beb1-0638b7fa15fc: shutdown 8d5822ee-b1dd-46af-beb1-0638b7fa15fc@group-A2C53E516D65-FollowerState
2023-01-24 12:23:19,844 [8d5822ee-b1dd-46af-beb1-0638b7fa15fc@group-A2C53E516D65-FollowerState] INFO  server.RaftServer$Division (RaftServerImpl.java:setRole(321)) - 8d5822ee-b1dd-46af-beb1-0638b7fa15fc@group-A2C53E516D65: changes role from  FOLLOWER to CANDIDATE at term 4 for changeToCandidate
2023-01-24 12:23:19,845 [8d5822ee-b1dd-46af-beb1-0638b7fa15fc@group-A2C53E516D65-FollowerState] INFO  server.RaftServerConfigKeys (ConfUtils.java:logGet(46)) - raft.server.leaderelection.pre-vote = false (custom)
2023-01-24 12:23:19,845 [8d5822ee-b1dd-46af-beb1-0638b7fa15fc@group-A2C53E516D65-FollowerState] INFO  impl.RoleInfo (RoleInfo.java:updateAndGet(139)) - 8d5822ee-b1dd-46af-beb1-0638b7fa15fc: start 8d5822ee-b1dd-46af-beb1-0638b7fa15fc@group-A2C53E516D65-LeaderElection33
2023-01-24 12:23:19,848 [8d5822ee-b1dd-46af-beb1-0638b7fa15fc@group-A2C53E516D65-LeaderElection33] INFO  impl.LeaderElection (LeaderElection.java:askForVotes(312)) - 8d5822ee-b1dd-46af-beb1-0638b7fa15fc@group-A2C53E516D65-LeaderElection33 ELECTION round 0: submit vote requests at term 5 for -1: peers:[4243b07b-dbe8-44bd-919c-c5b59c546d4c|rpc:10.1.1.14:38729|dataStream:10.1.1.14:33721|priority:0|startupRole:FOLLOWER, 8d5822ee-b1dd-46af-beb1-0638b7fa15fc|rpc:10.1.1.14:38873|dataStream:10.1.1.14:42631|priority:1|startupRole:FOLLOWER, 3f0205b3-740b-4219-bfdb-76da739fef9e|rpc:10.1.1.14:39411|dataStream:10.1.1.14:35799|priority:0|startupRole:FOLLOWER]|listeners:[], old=null
2023-01-24 12:23:19,849 [8d5822ee-b1dd-46af-beb1-0638b7fa15fc@group-A2C53E516D65-LeaderElection33] INFO  server.RaftServerConfigKeys (ConfUtils.java:logFallback(53)) - raft.server.rpc.first-election.timeout.min = 5s (fallback to raft.server.rpc.timeout.min)
2023-01-24 12:23:19,849 [8d5822ee-b1dd-46af-beb1-0638b7fa15fc@group-A2C53E516D65-LeaderElection33] INFO  server.RaftServerConfigKeys (ConfUtils.java:logFallback(53)) - raft.server.rpc.first-election.timeout.max = 5200ms (fallback to raft.server.rpc.timeout.max)
2023-01-24 12:23:19,850 [grpc-default-executor-4] INFO  server.RaftServer$Division (RaftServerImpl.java:requestVote(1218)) - 4243b07b-dbe8-44bd-919c-c5b59c546d4c@group-A2C53E516D65: receive requestVote(ELECTION, 8d5822ee-b1dd-46af-beb1-0638b7fa15fc, group-A2C53E516D65, 5, (t:0, i:0))
2023-01-24 12:23:19,850 [grpc-default-executor-4] INFO  impl.VoteContext (VoteContext.java:log(49)) - 4243b07b-dbe8-44bd-919c-c5b59c546d4c@group-A2C53E516D65-FOLLOWER: accept ELECTION from 8d5822ee-b1dd-46af-beb1-0638b7fa15fc: our priority 0 <= candidate's priority 1
2023-01-24 12:23:19,850 [grpc-default-executor-4] INFO  server.RaftServer$Division (RaftServerImpl.java:setRole(321)) - 4243b07b-dbe8-44bd-919c-c5b59c546d4c@group-A2C53E516D65: changes role from  FOLLOWER to FOLLOWER at term 5 for candidate:8d5822ee-b1dd-46af-beb1-0638b7fa15fc
2023-01-24 12:23:19,850 [grpc-default-executor-4] INFO  impl.RoleInfo (RoleInfo.java:shutdownFollowerState(110)) - 4243b07b-dbe8-44bd-919c-c5b59c546d4c: shutdown 4243b07b-dbe8-44bd-919c-c5b59c546d4c@group-A2C53E516D65-FollowerState
2023-01-24 12:23:19,850 [grpc-default-executor-2] INFO  server.RaftServer$Division (RaftServerImpl.java:requestVote(1218)) - 3f0205b3-740b-4219-bfdb-76da739fef9e@group-A2C53E516D65: receive requestVote(ELECTION, 8d5822ee-b1dd-46af-beb1-0638b7fa15fc, group-A2C53E516D65, 5, (t:0, i:0))
2023-01-24 12:23:19,850 [grpc-default-executor-4] INFO  impl.RoleInfo (RoleInfo.java:updateAndGet(139)) - 4243b07b-dbe8-44bd-919c-c5b59c546d4c: start 4243b07b-dbe8-44bd-919c-c5b59c546d4c@group-A2C53E516D65-FollowerState
2023-01-24 12:23:19,850 [grpc-default-executor-2] INFO  impl.VoteContext (VoteContext.java:log(49)) - 3f0205b3-740b-4219-bfdb-76da739fef9e@group-A2C53E516D65-FOLLOWER: accept ELECTION from 8d5822ee-b1dd-46af-beb1-0638b7fa15fc: our priority 0 <= candidate's priority 1
2023-01-24 12:23:19,850 [4243b07b-dbe8-44bd-919c-c5b59c546d4c@group-A2C53E516D65-FollowerState] INFO  impl.FollowerState (FollowerState.java:run(152)) - 4243b07b-dbe8-44bd-919c-c5b59c546d4c@group-A2C53E516D65-FollowerState was interrupted
2023-01-24 12:23:19,850 [grpc-default-executor-2] INFO  server.RaftServer$Division (RaftServerImpl.java:setRole(321)) - 3f0205b3-740b-4219-bfdb-76da739fef9e@group-A2C53E516D65: changes role from  FOLLOWER to FOLLOWER at term 5 for candidate:8d5822ee-b1dd-46af-beb1-0638b7fa15fc
2023-01-24 12:23:19,850 [grpc-default-executor-2] INFO  impl.RoleInfo (RoleInfo.java:shutdownFollowerState(110)) - 3f0205b3-740b-4219-bfdb-76da739fef9e: shutdown 3f0205b3-740b-4219-bfdb-76da739fef9e@group-A2C53E516D65-FollowerState
2023-01-24 12:23:19,853 [grpc-default-executor-2] INFO  impl.RoleInfo (RoleInfo.java:updateAndGet(139)) - 3f0205b3-740b-4219-bfdb-76da739fef9e: start 3f0205b3-740b-4219-bfdb-76da739fef9e@group-A2C53E516D65-FollowerState
2023-01-24 12:23:19,853 [4243b07b-dbe8-44bd-919c-c5b59c546d4c@group-A2C53E516D65-FollowerState] INFO  server.RaftServerConfigKeys (ConfUtils.java:logFallback(53)) - raft.server.rpc.first-election.timeout.min = 5s (fallback to raft.server.rpc.timeout.min)
2023-01-24 12:23:19,853 [4243b07b-dbe8-44bd-919c-c5b59c546d4c@group-A2C53E516D65-FollowerState] INFO  server.RaftServerConfigKeys (ConfUtils.java:logFallback(53)) - raft.server.rpc.first-election.timeout.max = 5200ms (fallback to raft.server.rpc.timeout.max)
2023-01-24 12:23:19,853 [3f0205b3-740b-4219-bfdb-76da739fef9e@group-A2C53E516D65-FollowerState] INFO  impl.FollowerState (FollowerState.java:run(152)) - 3f0205b3-740b-4219-bfdb-76da739fef9e@group-A2C53E516D65-FollowerState was interrupted
2023-01-24 12:23:19,853 [3f0205b3-740b-4219-bfdb-76da739fef9e@group-A2C53E516D65-FollowerState] INFO  server.RaftServerConfigKeys (ConfUtils.java:logFallback(53)) - raft.server.rpc.first-election.timeout.min = 5s (fallback to raft.server.rpc.timeout.min)
2023-01-24 12:23:19,853 [3f0205b3-740b-4219-bfdb-76da739fef9e@group-A2C53E516D65-FollowerState] INFO  server.RaftServerConfigKeys (ConfUtils.java:logFallback(53)) - raft.server.rpc.first-election.timeout.max = 5200ms (fallback to raft.server.rpc.timeout.max)
2023-01-24 12:23:19,854 [grpc-default-executor-4] INFO  server.RaftServer$Division (RaftServerImpl.java:requestVote(1251)) - 4243b07b-dbe8-44bd-919c-c5b59c546d4c@group-A2C53E516D65 replies to ELECTION vote request: 8d5822ee-b1dd-46af-beb1-0638b7fa15fc<-4243b07b-dbe8-44bd-919c-c5b59c546d4c#0:OK-t5. Peer's state: 4243b07b-dbe8-44bd-919c-c5b59c546d4c@group-A2C53E516D65:t5, leader=null, voted=8d5822ee-b1dd-46af-beb1-0638b7fa15fc, raftlog=Memoized:4243b07b-dbe8-44bd-919c-c5b59c546d4c@group-A2C53E516D65-SegmentedRaftLog:OPENED:c-1, conf=-1: peers:[4243b07b-dbe8-44bd-919c-c5b59c546d4c|rpc:10.1.1.14:38729|dataStream:10.1.1.14:33721|priority:0|startupRole:FOLLOWER, 8d5822ee-b1dd-46af-beb1-0638b7fa15fc|rpc:10.1.1.14:38873|dataStream:10.1.1.14:42631|priority:1|startupRole:FOLLOWER, 3f0205b3-740b-4219-bfdb-76da739fef9e|rpc:10.1.1.14:39411|dataStream:10.1.1.14:35799|priority:0|startupRole:FOLLOWER]|listeners:[], old=null
2023-01-24 12:23:19,854 [grpc-default-executor-2] INFO  server.RaftServer$Division (RaftServerImpl.java:requestVote(1251)) - 3f0205b3-740b-4219-bfdb-76da739fef9e@group-A2C53E516D65 replies to ELECTION vote request: 8d5822ee-b1dd-46af-beb1-0638b7fa15fc<-3f0205b3-740b-4219-bfdb-76da739fef9e#0:OK-t5. Peer's state: 3f0205b3-740b-4219-bfdb-76da739fef9e@group-A2C53E516D65:t5, leader=null, voted=8d5822ee-b1dd-46af-beb1-0638b7fa15fc, raftlog=Memoized:3f0205b3-740b-4219-bfdb-76da739fef9e@group-A2C53E516D65-SegmentedRaftLog:OPENED:c-1, conf=-1: peers:[4243b07b-dbe8-44bd-919c-c5b59c546d4c|rpc:10.1.1.14:38729|dataStream:10.1.1.14:33721|priority:0|startupRole:FOLLOWER, 8d5822ee-b1dd-46af-beb1-0638b7fa15fc|rpc:10.1.1.14:38873|dataStream:10.1.1.14:42631|priority:1|startupRole:FOLLOWER, 3f0205b3-740b-4219-bfdb-76da739fef9e|rpc:10.1.1.14:39411|dataStream:10.1.1.14:35799|priority:0|startupRole:FOLLOWER]|listeners:[], old=null
2023-01-24 12:23:19,856 [8d5822ee-b1dd-46af-beb1-0638b7fa15fc@group-A2C53E516D65-LeaderElection33] INFO  impl.LeaderElection (LeaderElection.java:logAndReturn(90)) - 8d5822ee-b1dd-46af-beb1-0638b7fa15fc@group-A2C53E516D65-LeaderElection33: ELECTION PASSED received 1 response(s) and 0 exception(s):
2023-01-24 12:23:19,856 [8d5822ee-b1dd-46af-beb1-0638b7fa15fc@group-A2C53E516D65-LeaderElection33] INFO  impl.LeaderElection (LeaderElection.java:logAndReturn(94)) -   Response 0: 8d5822ee-b1dd-46af-beb1-0638b7fa15fc<-4243b07b-dbe8-44bd-919c-c5b59c546d4c#0:OK-t5
2023-01-24 12:23:19,857 [8d5822ee-b1dd-46af-beb1-0638b7fa15fc@group-A2C53E516D65-LeaderElection33] INFO  impl.LeaderElection (LeaderElection.java:askForVotes(314)) - 8d5822ee-b1dd-46af-beb1-0638b7fa15fc@group-A2C53E516D65-LeaderElection33 ELECTION round 0: result PASSED
2023-01-24 12:23:19,857 [8d5822ee-b1dd-46af-beb1-0638b7fa15fc@group-A2C53E516D65-LeaderElection33] INFO  impl.RoleInfo (RoleInfo.java:shutdownLeaderElection(130)) - 8d5822ee-b1dd-46af-beb1-0638b7fa15fc: shutdown 8d5822ee-b1dd-46af-beb1-0638b7fa15fc@group-A2C53E516D65-LeaderElection33
2023-01-24 12:23:19,857 [8d5822ee-b1dd-46af-beb1-0638b7fa15fc@group-A2C53E516D65-LeaderElection33] INFO  server.RaftServer$Division (RaftServerImpl.java:setRole(321)) - 8d5822ee-b1dd-46af-beb1-0638b7fa15fc@group-A2C53E516D65: changes role from CANDIDATE to LEADER at term 5 for changeToLeader
2023-01-24 12:23:19,857 [8d5822ee-b1dd-46af-beb1-0638b7fa15fc@group-A2C53E516D65-LeaderElection33] INFO  ratis.XceiverServerRatis (XceiverServerRatis.java:handleLeaderChangedNotification(904)) - Leader change notification received for group: group-A2C53E516D65 with new leaderId: 8d5822ee-b1dd-46af-beb1-0638b7fa15fc
2023-01-24 12:23:19,857 [8d5822ee-b1dd-46af-beb1-0638b7fa15fc@group-A2C53E516D65-LeaderElection33] INFO  server.RaftServer$Division (ServerState.java:setLeader(313)) - 8d5822ee-b1dd-46af-beb1-0638b7fa15fc@group-A2C53E516D65: change Leader from null to 8d5822ee-b1dd-46af-beb1-0638b7fa15fc at term 5 for becomeLeader, leader elected after 25553ms
2023-01-24 12:23:19,857 [8d5822ee-b1dd-46af-beb1-0638b7fa15fc@group-A2C53E516D65-LeaderElection33] INFO  server.RaftServerConfigKeys (ConfUtils.java:logGet(46)) - raft.server.staging.catchup.gap = 1000 (default)
2023-01-24 12:23:19,857 [8d5822ee-b1dd-46af-beb1-0638b7fa15fc@group-A2C53E516D65-LeaderElection33] INFO  server.RaftServerConfigKeys (ConfUtils.java:logGet(46)) - raft.server.write.element-limit = 1024 (custom)
2023-01-24 12:23:19,857 [8d5822ee-b1dd-46af-beb1-0638b7fa15fc@group-A2C53E516D65-LeaderElection33] INFO  server.RaftServerConfigKeys (ConfUtils.java:logGet(46)) - raft.server.write.byte-limit = 1024 M (=1073741824) (custom)
2023-01-24 12:23:19,857 [8d5822ee-b1dd-46af-beb1-0638b7fa15fc@group-A2C53E516D65-LeaderElection33] INFO  server.RaftServerConfigKeys (ConfUtils.java:logGet(46)) - raft.server.watch.timeout = 180s (custom)
2023-01-24 12:23:19,857 [8d5822ee-b1dd-46af-beb1-0638b7fa15fc@group-A2C53E516D65-LeaderElection33] INFO  server.RaftServerConfigKeys (ConfUtils.java:logGet(46)) - raft.server.watch.timeout.denomination = 1s (default)
2023-01-24 12:23:19,857 [8d5822ee-b1dd-46af-beb1-0638b7fa15fc@group-A2C53E516D65-LeaderElection33] INFO  server.RaftServerConfigKeys (ConfUtils.java:logGet(46)) - raft.server.watch.element-limit = 65536 (default)
2023-01-24 12:23:19,857 [8d5822ee-b1dd-46af-beb1-0638b7fa15fc@group-A2C53E516D65-LeaderElection33] INFO  server.RaftServerConfigKeys (ConfUtils.java:logGet(46)) - raft.server.write.element-limit = 1024 (custom)
2023-01-24 12:23:19,857 [8d5822ee-b1dd-46af-beb1-0638b7fa15fc@group-A2C53E516D65-LeaderElection33] INFO  server.RaftServerConfigKeys (ConfUtils.java:logGet(46)) - raft.server.write.follower.gap.ratio.max = -1.0 (default)
2023-01-24 12:23:19,858 [8d5822ee-b1dd-46af-beb1-0638b7fa15fc@group-A2C53E516D65-LeaderElection33] INFO  server.RaftServerConfigKeys (ConfUtils.java:logGet(46)) - raft.server.log.appender.snapshot.chunk.size.max = 16MB (=16777216) (default)
2023-01-24 12:23:19,858 [8d5822ee-b1dd-46af-beb1-0638b7fa15fc@group-A2C53E516D65-LeaderElection33] INFO  server.RaftServerConfigKeys (ConfUtils.java:logGet(46)) - raft.server.log.appender.buffer.byte-limit = 33554432 (custom)
2023-01-24 12:23:19,858 [8d5822ee-b1dd-46af-beb1-0638b7fa15fc@group-A2C53E516D65-LeaderElection33] INFO  server.RaftServerConfigKeys (ConfUtils.java:logGet(46)) - raft.server.log.appender.buffer.element-limit = 1 (custom)
2023-01-24 12:23:19,858 [8d5822ee-b1dd-46af-beb1-0638b7fa15fc@group-A2C53E516D65-LeaderElection33] INFO  grpc.GrpcConfigKeys (ConfUtils.java:logGet(46)) - raft.grpc.server.leader.outstanding.appends.max = 128 (default)
2023-01-24 12:23:19,859 [8d5822ee-b1dd-46af-beb1-0638b7fa15fc@group-A2C53E516D65-LeaderElection33] INFO  server.RaftServerConfigKeys (ConfUtils.java:logGet(46)) - raft.server.rpc.request.timeout = 60s (custom)
2023-01-24 12:23:19,859 [8d5822ee-b1dd-46af-beb1-0638b7fa15fc@group-A2C53E516D65-LeaderElection33] INFO  server.RaftServerConfigKeys (ConfUtils.java:logGet(46)) - raft.server.log.appender.install.snapshot.enabled = false (custom)
2023-01-24 12:23:19,859 [8d5822ee-b1dd-46af-beb1-0638b7fa15fc@group-A2C53E516D65-LeaderElection33] INFO  grpc.GrpcConfigKeys (ConfUtils.java:logGet(46)) - raft.grpc.server.heartbeat.channel = true (default)
2023-01-24 12:23:19,859 [8d5822ee-b1dd-46af-beb1-0638b7fa15fc@group-A2C53E516D65-LeaderElection33] INFO  server.RaftServerConfigKeys (ConfUtils.java:logGet(46)) - raft.server.log.appender.wait-time.min = 10ms (default)
2023-01-24 12:23:19,859 [8d5822ee-b1dd-46af-beb1-0638b7fa15fc@group-A2C53E516D65-LeaderElection33] INFO  server.RaftServerConfigKeys (ConfUtils.java:logGet(46)) - raft.server.log.appender.snapshot.chunk.size.max = 16MB (=16777216) (default)
2023-01-24 12:23:19,859 [8d5822ee-b1dd-46af-beb1-0638b7fa15fc@group-A2C53E516D65-LeaderElection33] INFO  server.RaftServerConfigKeys (ConfUtils.java:logGet(46)) - raft.server.log.appender.buffer.byte-limit = 33554432 (custom)
2023-01-24 12:23:19,859 [8d5822ee-b1dd-46af-beb1-0638b7fa15fc@group-A2C53E516D65-LeaderElection33] INFO  server.RaftServerConfigKeys (ConfUtils.java:logGet(46)) - raft.server.log.appender.buffer.element-limit = 1 (custom)
2023-01-24 12:23:19,859 [8d5822ee-b1dd-46af-beb1-0638b7fa15fc@group-A2C53E516D65-LeaderElection33] INFO  grpc.GrpcConfigKeys (ConfUtils.java:logGet(46)) - raft.grpc.server.leader.outstanding.appends.max = 128 (default)
2023-01-24 12:23:19,859 [8d5822ee-b1dd-46af-beb1-0638b7fa15fc@group-A2C53E516D65-LeaderElection33] INFO  server.RaftServerConfigKeys (ConfUtils.java:logGet(46)) - raft.server.rpc.request.timeout = 60s (custom)
2023-01-24 12:23:19,859 [8d5822ee-b1dd-46af-beb1-0638b7fa15fc@group-A2C53E516D65-LeaderElection33] INFO  server.RaftServerConfigKeys (ConfUtils.java:logGet(46)) - raft.server.log.appender.install.snapshot.enabled = false (custom)
2023-01-24 12:23:19,859 [8d5822ee-b1dd-46af-beb1-0638b7fa15fc@group-A2C53E516D65-LeaderElection33] INFO  grpc.GrpcConfigKeys (ConfUtils.java:logGet(46)) - raft.grpc.server.heartbeat.channel = true (default)
2023-01-24 12:23:19,860 [EventQueue-PipelineReportForPipelineReportHandler] INFO  pipeline.PipelineManagerImpl (PipelineManagerImpl.java:openPipeline(367)) - Pipeline Pipeline[ Id: 7e076fab-1ba5-45cf-94c4-a2c53e516d65, Nodes: 8d5822ee-b1dd-46af-beb1-0638b7fa15fc(fv-az83-645.uavyq1izdhte5b0ne1us2eqzhb.jx.internal.cloudapp.net/10.1.1.14)4243b07b-dbe8-44bd-919c-c5b59c546d4c(fv-az83-645.uavyq1izdhte5b0ne1us2eqzhb.jx.internal.cloudapp.net/10.1.1.14)3f0205b3-740b-4219-bfdb-76da739fef9e(fv-az83-645.uavyq1izdhte5b0ne1us2eqzhb.jx.internal.cloudapp.net/10.1.1.14), ReplicationConfig: RATIS/THREE, State:ALLOCATED, leaderId:8d5822ee-b1dd-46af-beb1-0638b7fa15fc, CreationTimestamp2023-01-24T12:22:51.733Z[Etc/UTC]] moved to OPEN state
2023-01-24 12:23:19,861 [8d5822ee-b1dd-46af-beb1-0638b7fa15fc@group-A2C53E516D65-LeaderElection33] INFO  server.RaftServerConfigKeys (ConfUtils.java:logGet(46)) - raft.server.log.appender.wait-time.min = 10ms (default)
2023-01-24 12:23:19,861 [8d5822ee-b1dd-46af-beb1-0638b7fa15fc@group-A2C53E516D65-LeaderElection33] INFO  impl.RoleInfo (RoleInfo.java:updateAndGet(139)) - 8d5822ee-b1dd-46af-beb1-0638b7fa15fc: start 8d5822ee-b1dd-46af-beb1-0638b7fa15fc@group-A2C53E516D65-LeaderStateImpl
2023-01-24 12:23:19,861 [8d5822ee-b1dd-46af-beb1-0638b7fa15fc@group-A2C53E516D65-LeaderElection33] INFO  segmented.SegmentedRaftLogWorker (SegmentedRaftLogWorker.java:startLogSegment(452)) - 8d5822ee-b1dd-46af-beb1-0638b7fa15fc@group-A2C53E516D65-SegmentedRaftLogWorker: Starting segment from index:0
2023-01-24 12:23:19,862 [8d5822ee-b1dd-46af-beb1-0638b7fa15fc@group-A2C53E516D65-LeaderElection33] INFO  server.RaftServer$Division (ServerState.java:setRaftConf(430)) - 8d5822ee-b1dd-46af-beb1-0638b7fa15fc@group-A2C53E516D65: set configuration 0: peers:[4243b07b-dbe8-44bd-919c-c5b59c546d4c|rpc:10.1.1.14:38729|dataStream:10.1.1.14:33721|priority:0|startupRole:FOLLOWER, 8d5822ee-b1dd-46af-beb1-0638b7fa15fc|rpc:10.1.1.14:38873|dataStream:10.1.1.14:42631|priority:1|startupRole:FOLLOWER, 3f0205b3-740b-4219-bfdb-76da739fef9e|rpc:10.1.1.14:39411|dataStream:10.1.1.14:35799|priority:0|startupRole:FOLLOWER]|listeners:[], old=null
2023-01-24 12:23:19,862 [8d5822ee-b1dd-46af-beb1-0638b7fa15fc@group-A2C53E516D65-SegmentedRaftLogWorker] INFO  segmented.SegmentedRaftLogWorker (SegmentedRaftLogWorker.java:execute(656)) - 8d5822ee-b1dd-46af-beb1-0638b7fa15fc@group-A2C53E516D65-SegmentedRaftLogWorker: created new log segment /home/runner/work/ozone/ozone/hadoop-ozone/integration-test/target/test-dir/MiniOzoneClusterImpl-9ddee5dd-a9b0-4f84-bf8c-5f63b859aaaf/datanode-4/data/ratis/7e076fab-1ba5-45cf-94c4-a2c53e516d65/current/log_inprogress_0
2023-01-24 12:23:19,876 [4243b07b-dbe8-44bd-919c-c5b59c546d4c-server-thread1] INFO  ratis.XceiverServerRatis (XceiverServerRatis.java:handleLeaderChangedNotification(904)) - Leader change notification received for group: group-A2C53E516D65 with new leaderId: 8d5822ee-b1dd-46af-beb1-0638b7fa15fc
2023-01-24 12:23:19,876 [4243b07b-dbe8-44bd-919c-c5b59c546d4c-server-thread1] INFO  server.RaftServer$Division (ServerState.java:setLeader(313)) - 4243b07b-dbe8-44bd-919c-c5b59c546d4c@group-A2C53E516D65: change Leader from null to 8d5822ee-b1dd-46af-beb1-0638b7fa15fc at term 5 for appendEntries, leader elected after 25539ms
2023-01-24 12:23:19,877 [4243b07b-dbe8-44bd-919c-c5b59c546d4c-server-thread2] INFO  server.RaftServer$Division (ServerState.java:setRaftConf(430)) - 4243b07b-dbe8-44bd-919c-c5b59c546d4c@group-A2C53E516D65: set configuration 0: peers:[4243b07b-dbe8-44bd-919c-c5b59c546d4c|rpc:10.1.1.14:38729|dataStream:10.1.1.14:33721|priority:0|startupRole:FOLLOWER, 8d5822ee-b1dd-46af-beb1-0638b7fa15fc|rpc:10.1.1.14:38873|dataStream:10.1.1.14:42631|priority:1|startupRole:FOLLOWER, 3f0205b3-740b-4219-bfdb-76da739fef9e|rpc:10.1.1.14:39411|dataStream:10.1.1.14:35799|priority:0|startupRole:FOLLOWER]|listeners:[], old=null
2023-01-24 12:23:19,886 [4243b07b-dbe8-44bd-919c-c5b59c546d4c-server-thread2] INFO  segmented.SegmentedRaftLogWorker (SegmentedRaftLogWorker.java:startLogSegment(452)) - 4243b07b-dbe8-44bd-919c-c5b59c546d4c@group-A2C53E516D65-SegmentedRaftLogWorker: Starting segment from index:0
2023-01-24 12:23:19,887 [3f0205b3-740b-4219-bfdb-76da739fef9e-server-thread1] INFO  ratis.XceiverServerRatis (XceiverServerRatis.java:handleLeaderChangedNotification(904)) - Leader change notification received for group: group-A2C53E516D65 with new leaderId: 8d5822ee-b1dd-46af-beb1-0638b7fa15fc
2023-01-24 12:23:19,887 [3f0205b3-740b-4219-bfdb-76da739fef9e-server-thread1] INFO  server.RaftServer$Division (ServerState.java:setLeader(313)) - 3f0205b3-740b-4219-bfdb-76da739fef9e@group-A2C53E516D65: change Leader from null to 8d5822ee-b1dd-46af-beb1-0638b7fa15fc at term 5 for appendEntries, leader elected after 25636ms
2023-01-24 12:23:19,888 [4243b07b-dbe8-44bd-919c-c5b59c546d4c@group-A2C53E516D65-SegmentedRaftLogWorker] INFO  segmented.SegmentedRaftLogWorker (SegmentedRaftLogWorker.java:execute(656)) - 4243b07b-dbe8-44bd-919c-c5b59c546d4c@group-A2C53E516D65-SegmentedRaftLogWorker: created new log segment /home/runner/work/ozone/ozone/hadoop-ozone/integration-test/target/test-dir/MiniOzoneClusterImpl-9ddee5dd-a9b0-4f84-bf8c-5f63b859aaaf/datanode-5/data/ratis/7e076fab-1ba5-45cf-94c4-a2c53e516d65/current/log_inprogress_0
2023-01-24 12:23:19,896 [3f0205b3-740b-4219-bfdb-76da739fef9e-server-thread2] INFO  server.RaftServer$Division (ServerState.java:setRaftConf(430)) - 3f0205b3-740b-4219-bfdb-76da739fef9e@group-A2C53E516D65: set configuration 0: peers:[4243b07b-dbe8-44bd-919c-c5b59c546d4c|rpc:10.1.1.14:38729|dataStream:10.1.1.14:33721|priority:0|startupRole:FOLLOWER, 8d5822ee-b1dd-46af-beb1-0638b7fa15fc|rpc:10.1.1.14:38873|dataStream:10.1.1.14:42631|priority:1|startupRole:FOLLOWER, 3f0205b3-740b-4219-bfdb-76da739fef9e|rpc:10.1.1.14:39411|dataStream:10.1.1.14:35799|priority:0|startupRole:FOLLOWER]|listeners:[], old=null
2023-01-24 12:23:19,896 [3f0205b3-740b-4219-bfdb-76da739fef9e-server-thread2] INFO  segmented.SegmentedRaftLogWorker (SegmentedRaftLogWorker.java:startLogSegment(452)) - 3f0205b3-740b-4219-bfdb-76da739fef9e@group-A2C53E516D65-SegmentedRaftLogWorker: Starting segment from index:0
2023-01-24 12:23:19,901 [3f0205b3-740b-4219-bfdb-76da739fef9e@group-A2C53E516D65-SegmentedRaftLogWorker] INFO  segmented.SegmentedRaftLogWorker (SegmentedRaftLogWorker.java:execute(656)) - 3f0205b3-740b-4219-bfdb-76da739fef9e@group-A2C53E516D65-SegmentedRaftLogWorker: created new log segment /home/runner/work/ozone/ozone/hadoop-ozone/integration-test/target/test-dir/MiniOzoneClusterImpl-9ddee5dd-a9b0-4f84-bf8c-5f63b859aaaf/datanode-3/data/ratis/7e076fab-1ba5-45cf-94c4-a2c53e516d65/current/log_inprogress_0
]]></system-out>
  </testcase>
</testsuite>